<?xml version="1.0" encoding="UTF-8"?>
<testsuites tests="49" failures="0" errors="0" skipped="0">
  <testsuite timestamp="2025-05-21T15:11:56" time="1998.27" tests="49" failures="0" errors="0" skipped="0">
    <properties>
      <property name="specId" value="0"/>
      <property name="suiteName" value="Sanity Tests US104253"/>
      <property name="capabilities" value="chrome.136_0_7103_93.windows"/>
      <property name="file" value="file:///D:/a/1/s/test/specs/General/sanity.spec.js"/>
    </properties>
    <testcase classname="chrome.136_0_7103_93.windows.Sanity_Tests_US104253" name="Should open Manage Partners page" time="44.443">
      <system-out><![CDATA[
COMMAND: POST /session/6c6cb6a8a370fc8e9b369c93884aa0ad/execute/async - {"script":"<script> [1562 bytes]","args":[{"selector":{"controlType":"sap.m.GenericTile","properties":{"header":"Manage Partners"}},"wdio_ui5_key":"sapm.GenericTile{\"header\":\"Manage Partners\"}"}]}
RESULT: {"script":"<script> [1562 bytes]","args":[{"selector":{"controlType":"sap.m.GenericTile","properties":{"header":"Manage Partners"}},"wdio_ui5_key":"sapm.GenericTile{\"header\":\"Manage Partners\"}"}]}
RESULT: undefined
COMMAND: POST /session/6c6cb6a8a370fc8e9b369c93884aa0ad/element - {"using":"xpath","value":"//*[@id=\"__tile38\"]"}
RESULT: {"using":"xpath","value":"//*[@id=\"__tile38\"]"}
COMMAND: POST /session/6c6cb6a8a370fc8e9b369c93884aa0ad/element/f.15418A1A81C0C7B7CE5FAC7FB907596B.d.CF56757665088C681FA0D5353F0D0CDD.e.124/click - {}
RESULT: {}
COMMAND: GET /session/6c6cb6a8a370fc8e9b369c93884aa0ad/screenshot - {}
RESULT: {}
COMMAND: POST /session/6c6cb6a8a370fc8e9b369c93884aa0ad/elements - {"using":"xpath","value":"//span[text()='Error']"}
RESULT: {"using":"xpath","value":"//span[text()='Error']"}
RESULT: undefined
COMMAND: POST /session/6c6cb6a8a370fc8e9b369c93884aa0ad/element - {"using":"xpath","value":"//*[@id=\"__tile38\"]"}
RESULT: {"using":"xpath","value":"//*[@id=\"__tile38\"]"}
COMMAND: POST /session/6c6cb6a8a370fc8e9b369c93884aa0ad/element/f.15418A1A81C0C7B7CE5FAC7FB907596B.d.CF56757665088C681FA0D5353F0D0CDD.e.124/click - {}
RESULT: undefined
COMMAND: POST /session/6c6cb6a8a370fc8e9b369c93884aa0ad/element - {"using":"xpath","value":"//*[@id=\"__tile38\"]"}
RESULT: {"using":"xpath","value":"//*[@id=\"__tile38\"]"}
COMMAND: POST /session/6c6cb6a8a370fc8e9b369c93884aa0ad/element/f.15418A1A81C0C7B7CE5FAC7FB907596B.d.CF56757665088C681FA0D5353F0D0CDD.e.124/click - {}
COMMAND: POST /session/6c6cb6a8a370fc8e9b369c93884aa0ad/execute/async - {"script":"<script> [1562 bytes]","args":[{"selector":{"id":"shellAppTitle"},"wdio_ui5_key":"shellAppTitle"}]}
RESULT: {"script":"<script> [1562 bytes]","args":[{"selector":{"id":"shellAppTitle"},"wdio_ui5_key":"shellAppTitle"}]}
RESULT: undefined
COMMAND: POST /session/6c6cb6a8a370fc8e9b369c93884aa0ad/execute/async - {"script":"<script> [6424 bytes]","args":[{"element-6066-11e4-a52e-4f735466cecf":"f.15418A1A81C0C7B7CE5FAC7FB907596B.d.CF56757665088C681FA0D5353F0D0CDD.e.297"},"getTitle",[]]}
RESULT: {"script":"<script> [6424 bytes]","args":[{"element-6066-11e4-a52e-4f735466cecf":"f.15418A1A81C0C7B7CE5FAC7FB907596B.d.CF56757665088C681FA0D5353F0D0CDD.e.297"},"getTitle",[]]}
COMMAND: POST /session/6c6cb6a8a370fc8e9b369c93884aa0ad/execute/async - {"script":"<script> [1562 bytes]","args":[{"selector":{"id":"backBtn"},"wdio_ui5_key":"backBtn"}]}
RESULT: {"script":"<script> [1562 bytes]","args":[{"selector":{"id":"backBtn"},"wdio_ui5_key":"backBtn"}]}
RESULT: undefined
COMMAND: POST /session/6c6cb6a8a370fc8e9b369c93884aa0ad/element - {"using":"xpath","value":"//*[@id=\"backBtn\"]"}
RESULT: {"using":"xpath","value":"//*[@id=\"backBtn\"]"}
COMMAND: POST /session/6c6cb6a8a370fc8e9b369c93884aa0ad/element/f.15418A1A81C0C7B7CE5FAC7FB907596B.d.CF56757665088C681FA0D5353F0D0CDD.e.298/click - {}
RESULT: {}
COMMAND: GET /session/6c6cb6a8a370fc8e9b369c93884aa0ad/screenshot - {}
RESULT: {}
]]></system-out>
    </testcase>
    <testcase classname="chrome.136_0_7103_93.windows.Sanity_Tests_US104253" name="Should open Manage Sites page" time="37.379">
      <system-out><![CDATA[
COMMAND: POST /session/6c6cb6a8a370fc8e9b369c93884aa0ad/execute/async - {"script":"<script> [1562 bytes]","args":[{"selector":{"controlType":"sap.m.GenericTile","properties":{"header":"Manage Sites"}},"wdio_ui5_key":"sapm.GenericTile{\"header\":\"Manage Sites\"}"}]}
RESULT: {"script":"<script> [1562 bytes]","args":[{"selector":{"controlType":"sap.m.GenericTile","properties":{"header":"Manage Sites"}},"wdio_ui5_key":"sapm.GenericTile{\"header\":\"Manage Sites\"}"}]}
RESULT: undefined
COMMAND: POST /session/6c6cb6a8a370fc8e9b369c93884aa0ad/element - {"using":"xpath","value":"//*[@id=\"__tile40\"]"}
RESULT: {"using":"xpath","value":"//*[@id=\"__tile40\"]"}
COMMAND: POST /session/6c6cb6a8a370fc8e9b369c93884aa0ad/element/f.15418A1A81C0C7B7CE5FAC7FB907596B.d.CF56757665088C681FA0D5353F0D0CDD.e.300/click - {}
RESULT: {}
COMMAND: GET /session/6c6cb6a8a370fc8e9b369c93884aa0ad/screenshot - {}
RESULT: {}
COMMAND: POST /session/6c6cb6a8a370fc8e9b369c93884aa0ad/elements - {"using":"xpath","value":"//span[text()='Error']"}
RESULT: {"using":"xpath","value":"//span[text()='Error']"}
RESULT: undefined
COMMAND: POST /session/6c6cb6a8a370fc8e9b369c93884aa0ad/element - {"using":"xpath","value":"//*[@id=\"__tile40\"]"}
RESULT: {"using":"xpath","value":"//*[@id=\"__tile40\"]"}
COMMAND: POST /session/6c6cb6a8a370fc8e9b369c93884aa0ad/element/f.15418A1A81C0C7B7CE5FAC7FB907596B.d.CF56757665088C681FA0D5353F0D0CDD.e.300/click - {}
RESULT: undefined
COMMAND: POST /session/6c6cb6a8a370fc8e9b369c93884aa0ad/element - {"using":"xpath","value":"//*[@id=\"__tile40\"]"}
RESULT: {"using":"xpath","value":"//*[@id=\"__tile40\"]"}
COMMAND: POST /session/6c6cb6a8a370fc8e9b369c93884aa0ad/element/f.15418A1A81C0C7B7CE5FAC7FB907596B.d.CF56757665088C681FA0D5353F0D0CDD.e.300/click - {}
RESULT: undefined
COMMAND: POST /session/6c6cb6a8a370fc8e9b369c93884aa0ad/execute/async - {"script":"<script> [6424 bytes]","args":[{"element-6066-11e4-a52e-4f735466cecf":"f.15418A1A81C0C7B7CE5FAC7FB907596B.d.CF56757665088C681FA0D5353F0D0CDD.e.297"},"getTitle",[]]}
COMMAND: POST /session/6c6cb6a8a370fc8e9b369c93884aa0ad/execute/async - {"script":"<script> [1562 bytes]","args":[{"selector":{"id":"shellAppTitle"},"wdio_ui5_key":"shellAppTitle"}]}
RESULT: {"script":"<script> [1562 bytes]","args":[{"selector":{"id":"shellAppTitle"},"wdio_ui5_key":"shellAppTitle"}]}
COMMAND: POST /session/6c6cb6a8a370fc8e9b369c93884aa0ad/execute/async - {"script":"<script> [6424 bytes]","args":[{"element-6066-11e4-a52e-4f735466cecf":"f.15418A1A81C0C7B7CE5FAC7FB907596B.d.CF56757665088C681FA0D5353F0D0CDD.e.489"},"getTitle",[]]}
RESULT: {"script":"<script> [6424 bytes]","args":[{"element-6066-11e4-a52e-4f735466cecf":"f.15418A1A81C0C7B7CE5FAC7FB907596B.d.CF56757665088C681FA0D5353F0D0CDD.e.489"},"getTitle",[]]}
RESULT: undefined
COMMAND: POST /session/6c6cb6a8a370fc8e9b369c93884aa0ad/element/f.15418A1A81C0C7B7CE5FAC7FB907596B.d.CF56757665088C681FA0D5353F0D0CDD.e.298/click - {}
RESULT: {}
COMMAND: GET /session/6c6cb6a8a370fc8e9b369c93884aa0ad/screenshot - {}
RESULT: {}
]]></system-out>
    </testcase>
    <testcase classname="chrome.136_0_7103_93.windows.Sanity_Tests_US104253" name="Should open Manage Resources page" time="38.852">
      <system-out><![CDATA[
COMMAND: POST /session/6c6cb6a8a370fc8e9b369c93884aa0ad/execute/async - {"script":"<script> [1562 bytes]","args":[{"selector":{"controlType":"sap.m.GenericTile","properties":{"header":"Manage Resources"}},"wdio_ui5_key":"sapm.GenericTile{\"header\":\"Manage Resources\"}"}]}
RESULT: {"script":"<script> [1562 bytes]","args":[{"selector":{"controlType":"sap.m.GenericTile","properties":{"header":"Manage Resources"}},"wdio_ui5_key":"sapm.GenericTile{\"header\":\"Manage Resources\"}"}]}
RESULT: undefined
COMMAND: POST /session/6c6cb6a8a370fc8e9b369c93884aa0ad/element - {"using":"xpath","value":"//*[@id=\"__tile39\"]"}
RESULT: {"using":"xpath","value":"//*[@id=\"__tile39\"]"}
COMMAND: POST /session/6c6cb6a8a370fc8e9b369c93884aa0ad/element/f.15418A1A81C0C7B7CE5FAC7FB907596B.d.CF56757665088C681FA0D5353F0D0CDD.e.491/click - {}
RESULT: {}
COMMAND: GET /session/6c6cb6a8a370fc8e9b369c93884aa0ad/screenshot - {}
RESULT: {}
COMMAND: POST /session/6c6cb6a8a370fc8e9b369c93884aa0ad/elements - {"using":"xpath","value":"//span[text()='Error']"}
RESULT: {"using":"xpath","value":"//span[text()='Error']"}
RESULT: undefined
COMMAND: POST /session/6c6cb6a8a370fc8e9b369c93884aa0ad/element - {"using":"xpath","value":"//*[@id=\"__tile39\"]"}
RESULT: {"using":"xpath","value":"//*[@id=\"__tile39\"]"}
COMMAND: POST /session/6c6cb6a8a370fc8e9b369c93884aa0ad/element/f.15418A1A81C0C7B7CE5FAC7FB907596B.d.CF56757665088C681FA0D5353F0D0CDD.e.491/click - {}
RESULT: undefined
COMMAND: POST /session/6c6cb6a8a370fc8e9b369c93884aa0ad/element - {"using":"xpath","value":"//*[@id=\"__tile39\"]"}
RESULT: {"using":"xpath","value":"//*[@id=\"__tile39\"]"}
COMMAND: POST /session/6c6cb6a8a370fc8e9b369c93884aa0ad/element/f.15418A1A81C0C7B7CE5FAC7FB907596B.d.CF56757665088C681FA0D5353F0D0CDD.e.491/click - {}
RESULT: undefined
COMMAND: POST /session/6c6cb6a8a370fc8e9b369c93884aa0ad/execute/async - {"script":"<script> [6424 bytes]","args":[{"element-6066-11e4-a52e-4f735466cecf":"f.15418A1A81C0C7B7CE5FAC7FB907596B.d.CF56757665088C681FA0D5353F0D0CDD.e.297"},"getTitle",[]]}
COMMAND: POST /session/6c6cb6a8a370fc8e9b369c93884aa0ad/execute/async - {"script":"<script> [1562 bytes]","args":[{"selector":{"id":"shellAppTitle"},"wdio_ui5_key":"shellAppTitle"}]}
RESULT: {"script":"<script> [1562 bytes]","args":[{"selector":{"id":"shellAppTitle"},"wdio_ui5_key":"shellAppTitle"}]}
COMMAND: POST /session/6c6cb6a8a370fc8e9b369c93884aa0ad/execute/async - {"script":"<script> [6424 bytes]","args":[{"element-6066-11e4-a52e-4f735466cecf":"f.15418A1A81C0C7B7CE5FAC7FB907596B.d.CF56757665088C681FA0D5353F0D0CDD.e.667"},"getTitle",[]]}
RESULT: {"script":"<script> [6424 bytes]","args":[{"element-6066-11e4-a52e-4f735466cecf":"f.15418A1A81C0C7B7CE5FAC7FB907596B.d.CF56757665088C681FA0D5353F0D0CDD.e.667"},"getTitle",[]]}
RESULT: undefined
COMMAND: POST /session/6c6cb6a8a370fc8e9b369c93884aa0ad/element/f.15418A1A81C0C7B7CE5FAC7FB907596B.d.CF56757665088C681FA0D5353F0D0CDD.e.298/click - {}
COMMAND: POST /session/6c6cb6a8a370fc8e9b369c93884aa0ad/element - {"using":"xpath","value":"//*[@id=\"backBtn\"]"}
RESULT: {"using":"xpath","value":"//*[@id=\"backBtn\"]"}
COMMAND: POST /session/6c6cb6a8a370fc8e9b369c93884aa0ad/element/f.15418A1A81C0C7B7CE5FAC7FB907596B.d.CF56757665088C681FA0D5353F0D0CDD.e.298/click - {}
COMMAND: POST /session/6c6cb6a8a370fc8e9b369c93884aa0ad/element - {"using":"xpath","value":"//*[@id=\"backBtn\"]"}
RESULT: {"using":"xpath","value":"//*[@id=\"backBtn\"]"}
COMMAND: POST /session/6c6cb6a8a370fc8e9b369c93884aa0ad/element/f.15418A1A81C0C7B7CE5FAC7FB907596B.d.CF56757665088C681FA0D5353F0D0CDD.e.668/click - {}
RESULT: {}
COMMAND: GET /session/6c6cb6a8a370fc8e9b369c93884aa0ad/screenshot - {}
RESULT: {}
]]></system-out>
    </testcase>
    <testcase classname="chrome.136_0_7103_93.windows.Sanity_Tests_US104253" name="Should open Manage Catalogs page" time="37.507">
      <system-out><![CDATA[
COMMAND: POST /session/6c6cb6a8a370fc8e9b369c93884aa0ad/execute/async - {"script":"<script> [1562 bytes]","args":[{"selector":{"controlType":"sap.m.GenericTile","properties":{"header":"Manage Catalogs"}},"wdio_ui5_key":"sapm.GenericTile{\"header\":\"Manage Catalogs\"}"}]}
RESULT: {"script":"<script> [1562 bytes]","args":[{"selector":{"controlType":"sap.m.GenericTile","properties":{"header":"Manage Catalogs"}},"wdio_ui5_key":"sapm.GenericTile{\"header\":\"Manage Catalogs\"}"}]}
RESULT: undefined
COMMAND: POST /session/6c6cb6a8a370fc8e9b369c93884aa0ad/element - {"using":"xpath","value":"//*[@id=\"__tile37\"]"}
RESULT: {"using":"xpath","value":"//*[@id=\"__tile37\"]"}
COMMAND: POST /session/6c6cb6a8a370fc8e9b369c93884aa0ad/element/f.15418A1A81C0C7B7CE5FAC7FB907596B.d.CF56757665088C681FA0D5353F0D0CDD.e.670/click - {}
RESULT: {}
COMMAND: GET /session/6c6cb6a8a370fc8e9b369c93884aa0ad/screenshot - {}
RESULT: {}
COMMAND: POST /session/6c6cb6a8a370fc8e9b369c93884aa0ad/elements - {"using":"xpath","value":"//span[text()='Error']"}
RESULT: {"using":"xpath","value":"//span[text()='Error']"}
RESULT: undefined
COMMAND: POST /session/6c6cb6a8a370fc8e9b369c93884aa0ad/element - {"using":"xpath","value":"//*[@id=\"__tile37\"]"}
RESULT: {"using":"xpath","value":"//*[@id=\"__tile37\"]"}
COMMAND: POST /session/6c6cb6a8a370fc8e9b369c93884aa0ad/element/f.15418A1A81C0C7B7CE5FAC7FB907596B.d.CF56757665088C681FA0D5353F0D0CDD.e.670/click - {}
RESULT: undefined
COMMAND: POST /session/6c6cb6a8a370fc8e9b369c93884aa0ad/element - {"using":"xpath","value":"//*[@id=\"__tile37\"]"}
RESULT: {"using":"xpath","value":"//*[@id=\"__tile37\"]"}
COMMAND: POST /session/6c6cb6a8a370fc8e9b369c93884aa0ad/element/f.15418A1A81C0C7B7CE5FAC7FB907596B.d.CF56757665088C681FA0D5353F0D0CDD.e.670/click - {}
RESULT: undefined
COMMAND: POST /session/6c6cb6a8a370fc8e9b369c93884aa0ad/execute/async - {"script":"<script> [6424 bytes]","args":[{"element-6066-11e4-a52e-4f735466cecf":"f.15418A1A81C0C7B7CE5FAC7FB907596B.d.CF56757665088C681FA0D5353F0D0CDD.e.297"},"getTitle",[]]}
COMMAND: POST /session/6c6cb6a8a370fc8e9b369c93884aa0ad/execute/async - {"script":"<script> [1562 bytes]","args":[{"selector":{"id":"shellAppTitle"},"wdio_ui5_key":"shellAppTitle"}]}
RESULT: {"script":"<script> [1562 bytes]","args":[{"selector":{"id":"shellAppTitle"},"wdio_ui5_key":"shellAppTitle"}]}
COMMAND: POST /session/6c6cb6a8a370fc8e9b369c93884aa0ad/execute/async - {"script":"<script> [6424 bytes]","args":[{"element-6066-11e4-a52e-4f735466cecf":"f.15418A1A81C0C7B7CE5FAC7FB907596B.d.CF56757665088C681FA0D5353F0D0CDD.e.740"},"getTitle",[]]}
RESULT: {"script":"<script> [6424 bytes]","args":[{"element-6066-11e4-a52e-4f735466cecf":"f.15418A1A81C0C7B7CE5FAC7FB907596B.d.CF56757665088C681FA0D5353F0D0CDD.e.740"},"getTitle",[]]}
RESULT: undefined
COMMAND: POST /session/6c6cb6a8a370fc8e9b369c93884aa0ad/element/f.15418A1A81C0C7B7CE5FAC7FB907596B.d.CF56757665088C681FA0D5353F0D0CDD.e.668/click - {}
RESULT: {}
COMMAND: GET /session/6c6cb6a8a370fc8e9b369c93884aa0ad/screenshot - {}
RESULT: {}
]]></system-out>
    </testcase>
    <testcase classname="chrome.136_0_7103_93.windows.Sanity_Tests_US104253" name="Should open Manage Calendars page" time="37.333">
      <system-out><![CDATA[
COMMAND: POST /session/6c6cb6a8a370fc8e9b369c93884aa0ad/execute/async - {"script":"<script> [1562 bytes]","args":[{"selector":{"controlType":"sap.m.GenericTile","properties":{"header":"Manage Calendars"}},"wdio_ui5_key":"sapm.GenericTile{\"header\":\"Manage Calendars\"}"}]}
RESULT: {"script":"<script> [1562 bytes]","args":[{"selector":{"controlType":"sap.m.GenericTile","properties":{"header":"Manage Calendars"}},"wdio_ui5_key":"sapm.GenericTile{\"header\":\"Manage Calendars\"}"}]}
RESULT: undefined
COMMAND: POST /session/6c6cb6a8a370fc8e9b369c93884aa0ad/element - {"using":"xpath","value":"//*[@id=\"__tile36\"]"}
RESULT: {"using":"xpath","value":"//*[@id=\"__tile36\"]"}
COMMAND: POST /session/6c6cb6a8a370fc8e9b369c93884aa0ad/element/f.15418A1A81C0C7B7CE5FAC7FB907596B.d.CF56757665088C681FA0D5353F0D0CDD.e.743/click - {}
RESULT: {}
COMMAND: GET /session/6c6cb6a8a370fc8e9b369c93884aa0ad/screenshot - {}
RESULT: {}
COMMAND: POST /session/6c6cb6a8a370fc8e9b369c93884aa0ad/elements - {"using":"xpath","value":"//span[text()='Error']"}
RESULT: {"using":"xpath","value":"//span[text()='Error']"}
RESULT: undefined
COMMAND: POST /session/6c6cb6a8a370fc8e9b369c93884aa0ad/element - {"using":"xpath","value":"//*[@id=\"__tile36\"]"}
RESULT: {"using":"xpath","value":"//*[@id=\"__tile36\"]"}
COMMAND: POST /session/6c6cb6a8a370fc8e9b369c93884aa0ad/element/f.15418A1A81C0C7B7CE5FAC7FB907596B.d.CF56757665088C681FA0D5353F0D0CDD.e.743/click - {}
RESULT: undefined
COMMAND: POST /session/6c6cb6a8a370fc8e9b369c93884aa0ad/element - {"using":"xpath","value":"//*[@id=\"__tile36\"]"}
RESULT: {"using":"xpath","value":"//*[@id=\"__tile36\"]"}
COMMAND: POST /session/6c6cb6a8a370fc8e9b369c93884aa0ad/element/f.15418A1A81C0C7B7CE5FAC7FB907596B.d.CF56757665088C681FA0D5353F0D0CDD.e.743/click - {}
RESULT: undefined
COMMAND: POST /session/6c6cb6a8a370fc8e9b369c93884aa0ad/execute/async - {"script":"<script> [6424 bytes]","args":[{"element-6066-11e4-a52e-4f735466cecf":"f.15418A1A81C0C7B7CE5FAC7FB907596B.d.CF56757665088C681FA0D5353F0D0CDD.e.297"},"getTitle",[]]}
COMMAND: POST /session/6c6cb6a8a370fc8e9b369c93884aa0ad/execute/async - {"script":"<script> [1562 bytes]","args":[{"selector":{"id":"shellAppTitle"},"wdio_ui5_key":"shellAppTitle"}]}
RESULT: {"script":"<script> [1562 bytes]","args":[{"selector":{"id":"shellAppTitle"},"wdio_ui5_key":"shellAppTitle"}]}
COMMAND: POST /session/6c6cb6a8a370fc8e9b369c93884aa0ad/execute/async - {"script":"<script> [6424 bytes]","args":[{"element-6066-11e4-a52e-4f735466cecf":"f.15418A1A81C0C7B7CE5FAC7FB907596B.d.CF56757665088C681FA0D5353F0D0CDD.e.811"},"getTitle",[]]}
RESULT: {"script":"<script> [6424 bytes]","args":[{"element-6066-11e4-a52e-4f735466cecf":"f.15418A1A81C0C7B7CE5FAC7FB907596B.d.CF56757665088C681FA0D5353F0D0CDD.e.811"},"getTitle",[]]}
RESULT: undefined
COMMAND: POST /session/6c6cb6a8a370fc8e9b369c93884aa0ad/element/f.15418A1A81C0C7B7CE5FAC7FB907596B.d.CF56757665088C681FA0D5353F0D0CDD.e.668/click - {}
COMMAND: POST /session/6c6cb6a8a370fc8e9b369c93884aa0ad/element - {"using":"xpath","value":"//*[@id=\"backBtn\"]"}
RESULT: {"using":"xpath","value":"//*[@id=\"backBtn\"]"}
COMMAND: POST /session/6c6cb6a8a370fc8e9b369c93884aa0ad/element/f.15418A1A81C0C7B7CE5FAC7FB907596B.d.CF56757665088C681FA0D5353F0D0CDD.e.668/click - {}
COMMAND: POST /session/6c6cb6a8a370fc8e9b369c93884aa0ad/element - {"using":"xpath","value":"//*[@id=\"backBtn\"]"}
RESULT: {"using":"xpath","value":"//*[@id=\"backBtn\"]"}
COMMAND: POST /session/6c6cb6a8a370fc8e9b369c93884aa0ad/element/f.15418A1A81C0C7B7CE5FAC7FB907596B.d.CF56757665088C681FA0D5353F0D0CDD.e.812/click - {}
RESULT: {}
COMMAND: GET /session/6c6cb6a8a370fc8e9b369c93884aa0ad/screenshot - {}
RESULT: {}
]]></system-out>
    </testcase>
    <testcase classname="chrome.136_0_7103_93.windows.Sanity_Tests_US104253" name="Should open Address Management page" time="39.421">
      <system-out><![CDATA[
COMMAND: POST /session/6c6cb6a8a370fc8e9b369c93884aa0ad/execute/async - {"script":"<script> [1562 bytes]","args":[{"selector":{"controlType":"sap.m.GenericTile","properties":{"header":"Address Management"}},"wdio_ui5_key":"sapm.GenericTile{\"header\":\"Address Management\"}"}]}
RESULT: {"script":"<script> [1562 bytes]","args":[{"selector":{"controlType":"sap.m.GenericTile","properties":{"header":"Address Management"}},"wdio_ui5_key":"sapm.GenericTile{\"header\":\"Address Management\"}"}]}
RESULT: undefined
COMMAND: POST /session/6c6cb6a8a370fc8e9b369c93884aa0ad/element - {"using":"xpath","value":"//*[@id=\"__tile33\"]"}
RESULT: {"using":"xpath","value":"//*[@id=\"__tile33\"]"}
COMMAND: POST /session/6c6cb6a8a370fc8e9b369c93884aa0ad/element/f.15418A1A81C0C7B7CE5FAC7FB907596B.d.CF56757665088C681FA0D5353F0D0CDD.e.814/click - {}
RESULT: {}
COMMAND: GET /session/6c6cb6a8a370fc8e9b369c93884aa0ad/screenshot - {}
RESULT: {}
COMMAND: POST /session/6c6cb6a8a370fc8e9b369c93884aa0ad/elements - {"using":"xpath","value":"//span[text()='Error']"}
RESULT: {"using":"xpath","value":"//span[text()='Error']"}
RESULT: undefined
COMMAND: POST /session/6c6cb6a8a370fc8e9b369c93884aa0ad/element - {"using":"xpath","value":"//*[@id=\"__tile33\"]"}
RESULT: {"using":"xpath","value":"//*[@id=\"__tile33\"]"}
COMMAND: POST /session/6c6cb6a8a370fc8e9b369c93884aa0ad/element/f.15418A1A81C0C7B7CE5FAC7FB907596B.d.CF56757665088C681FA0D5353F0D0CDD.e.814/click - {}
RESULT: undefined
COMMAND: POST /session/6c6cb6a8a370fc8e9b369c93884aa0ad/element - {"using":"xpath","value":"//*[@id=\"__tile33\"]"}
RESULT: {"using":"xpath","value":"//*[@id=\"__tile33\"]"}
COMMAND: POST /session/6c6cb6a8a370fc8e9b369c93884aa0ad/element/f.15418A1A81C0C7B7CE5FAC7FB907596B.d.CF56757665088C681FA0D5353F0D0CDD.e.814/click - {}
RESULT: undefined
COMMAND: POST /session/6c6cb6a8a370fc8e9b369c93884aa0ad/execute/async - {"script":"<script> [6424 bytes]","args":[{"element-6066-11e4-a52e-4f735466cecf":"f.15418A1A81C0C7B7CE5FAC7FB907596B.d.CF56757665088C681FA0D5353F0D0CDD.e.297"},"getTitle",[]]}
COMMAND: POST /session/6c6cb6a8a370fc8e9b369c93884aa0ad/execute/async - {"script":"<script> [1562 bytes]","args":[{"selector":{"id":"shellAppTitle"},"wdio_ui5_key":"shellAppTitle"}]}
RESULT: {"script":"<script> [1562 bytes]","args":[{"selector":{"id":"shellAppTitle"},"wdio_ui5_key":"shellAppTitle"}]}
COMMAND: POST /session/6c6cb6a8a370fc8e9b369c93884aa0ad/execute/async - {"script":"<script> [6424 bytes]","args":[{"element-6066-11e4-a52e-4f735466cecf":"f.15418A1A81C0C7B7CE5FAC7FB907596B.d.CF56757665088C681FA0D5353F0D0CDD.e.995"},"getTitle",[]]}
RESULT: {"script":"<script> [6424 bytes]","args":[{"element-6066-11e4-a52e-4f735466cecf":"f.15418A1A81C0C7B7CE5FAC7FB907596B.d.CF56757665088C681FA0D5353F0D0CDD.e.995"},"getTitle",[]]}
RESULT: undefined
COMMAND: POST /session/6c6cb6a8a370fc8e9b369c93884aa0ad/element/f.15418A1A81C0C7B7CE5FAC7FB907596B.d.CF56757665088C681FA0D5353F0D0CDD.e.812/click - {}
RESULT: {}
COMMAND: GET /session/6c6cb6a8a370fc8e9b369c93884aa0ad/screenshot - {}
RESULT: {}
]]></system-out>
    </testcase>
    <testcase classname="chrome.136_0_7103_93.windows.Sanity_Tests_US104253" name="Should open Bill Of Resources page" time="42.148">
      <system-out><![CDATA[
COMMAND: POST /session/6c6cb6a8a370fc8e9b369c93884aa0ad/execute/async - {"script":"<script> [1562 bytes]","args":[{"selector":{"controlType":"sap.m.GenericTile","properties":{"header":"Bill Of Resources"}},"wdio_ui5_key":"sapm.GenericTile{\"header\":\"Bill Of Resources\"}"}]}
RESULT: {"script":"<script> [1562 bytes]","args":[{"selector":{"controlType":"sap.m.GenericTile","properties":{"header":"Bill Of Resources"}},"wdio_ui5_key":"sapm.GenericTile{\"header\":\"Bill Of Resources\"}"}]}
RESULT: undefined
COMMAND: POST /session/6c6cb6a8a370fc8e9b369c93884aa0ad/element - {"using":"xpath","value":"//*[@id=\"__tile34\"]"}
RESULT: {"using":"xpath","value":"//*[@id=\"__tile34\"]"}
COMMAND: POST /session/6c6cb6a8a370fc8e9b369c93884aa0ad/element/f.15418A1A81C0C7B7CE5FAC7FB907596B.d.CF56757665088C681FA0D5353F0D0CDD.e.997/click - {}
RESULT: {}
COMMAND: GET /session/6c6cb6a8a370fc8e9b369c93884aa0ad/screenshot - {}
RESULT: {}
COMMAND: POST /session/6c6cb6a8a370fc8e9b369c93884aa0ad/elements - {"using":"xpath","value":"//span[text()='Error']"}
RESULT: {"using":"xpath","value":"//span[text()='Error']"}
RESULT: undefined
COMMAND: POST /session/6c6cb6a8a370fc8e9b369c93884aa0ad/element - {"using":"xpath","value":"//*[@id=\"__tile34\"]"}
RESULT: {"using":"xpath","value":"//*[@id=\"__tile34\"]"}
COMMAND: POST /session/6c6cb6a8a370fc8e9b369c93884aa0ad/element/f.15418A1A81C0C7B7CE5FAC7FB907596B.d.CF56757665088C681FA0D5353F0D0CDD.e.997/click - {}
RESULT: undefined
COMMAND: POST /session/6c6cb6a8a370fc8e9b369c93884aa0ad/element - {"using":"xpath","value":"//*[@id=\"__tile34\"]"}
RESULT: {"using":"xpath","value":"//*[@id=\"__tile34\"]"}
COMMAND: POST /session/6c6cb6a8a370fc8e9b369c93884aa0ad/element/f.15418A1A81C0C7B7CE5FAC7FB907596B.d.CF56757665088C681FA0D5353F0D0CDD.e.997/click - {}
RESULT: undefined
COMMAND: POST /session/6c6cb6a8a370fc8e9b369c93884aa0ad/execute/async - {"script":"<script> [6424 bytes]","args":[{"element-6066-11e4-a52e-4f735466cecf":"f.15418A1A81C0C7B7CE5FAC7FB907596B.d.CF56757665088C681FA0D5353F0D0CDD.e.297"},"getTitle",[]]}
COMMAND: POST /session/6c6cb6a8a370fc8e9b369c93884aa0ad/execute/async - {"script":"<script> [1562 bytes]","args":[{"selector":{"id":"shellAppTitle"},"wdio_ui5_key":"shellAppTitle"}]}
RESULT: {"script":"<script> [1562 bytes]","args":[{"selector":{"id":"shellAppTitle"},"wdio_ui5_key":"shellAppTitle"}]}
COMMAND: POST /session/6c6cb6a8a370fc8e9b369c93884aa0ad/execute/async - {"script":"<script> [6424 bytes]","args":[{"element-6066-11e4-a52e-4f735466cecf":"f.15418A1A81C0C7B7CE5FAC7FB907596B.d.CF56757665088C681FA0D5353F0D0CDD.e.1083"},"getTitle",[]]}
RESULT: {"script":"<script> [6424 bytes]","args":[{"element-6066-11e4-a52e-4f735466cecf":"f.15418A1A81C0C7B7CE5FAC7FB907596B.d.CF56757665088C681FA0D5353F0D0CDD.e.1083"},"getTitle",[]]}
RESULT: undefined
COMMAND: POST /session/6c6cb6a8a370fc8e9b369c93884aa0ad/element/f.15418A1A81C0C7B7CE5FAC7FB907596B.d.CF56757665088C681FA0D5353F0D0CDD.e.812/click - {}
COMMAND: POST /session/6c6cb6a8a370fc8e9b369c93884aa0ad/element - {"using":"xpath","value":"//*[@id=\"backBtn\"]"}
RESULT: {"using":"xpath","value":"//*[@id=\"backBtn\"]"}
COMMAND: POST /session/6c6cb6a8a370fc8e9b369c93884aa0ad/element/f.15418A1A81C0C7B7CE5FAC7FB907596B.d.CF56757665088C681FA0D5353F0D0CDD.e.812/click - {}
COMMAND: POST /session/6c6cb6a8a370fc8e9b369c93884aa0ad/element - {"using":"xpath","value":"//*[@id=\"backBtn\"]"}
RESULT: {"using":"xpath","value":"//*[@id=\"backBtn\"]"}
COMMAND: POST /session/6c6cb6a8a370fc8e9b369c93884aa0ad/element/f.15418A1A81C0C7B7CE5FAC7FB907596B.d.CF56757665088C681FA0D5353F0D0CDD.e.1084/click - {}
RESULT: {}
COMMAND: GET /session/6c6cb6a8a370fc8e9b369c93884aa0ad/screenshot - {}
RESULT: {}
]]></system-out>
    </testcase>
    <testcase classname="chrome.136_0_7103_93.windows.Sanity_Tests_US104253" name="Should open Manage Yards page" time="37.95">
      <system-out><![CDATA[
COMMAND: POST /session/6c6cb6a8a370fc8e9b369c93884aa0ad/execute/async - {"script":"<script> [1562 bytes]","args":[{"selector":{"controlType":"sap.m.GenericTile","properties":{"header":"Manage Yards"}},"wdio_ui5_key":"sapm.GenericTile{\"header\":\"Manage Yards\"}"}]}
RESULT: {"script":"<script> [1562 bytes]","args":[{"selector":{"controlType":"sap.m.GenericTile","properties":{"header":"Manage Yards"}},"wdio_ui5_key":"sapm.GenericTile{\"header\":\"Manage Yards\"}"}]}
RESULT: undefined
COMMAND: POST /session/6c6cb6a8a370fc8e9b369c93884aa0ad/element - {"using":"xpath","value":"//*[@id=\"__tile41\"]"}
RESULT: {"using":"xpath","value":"//*[@id=\"__tile41\"]"}
COMMAND: POST /session/6c6cb6a8a370fc8e9b369c93884aa0ad/element/f.15418A1A81C0C7B7CE5FAC7FB907596B.d.CF56757665088C681FA0D5353F0D0CDD.e.1086/click - {}
RESULT: {}
COMMAND: GET /session/6c6cb6a8a370fc8e9b369c93884aa0ad/screenshot - {}
RESULT: {}
COMMAND: POST /session/6c6cb6a8a370fc8e9b369c93884aa0ad/elements - {"using":"xpath","value":"//span[text()='Error']"}
RESULT: {"using":"xpath","value":"//span[text()='Error']"}
RESULT: undefined
COMMAND: POST /session/6c6cb6a8a370fc8e9b369c93884aa0ad/element - {"using":"xpath","value":"//*[@id=\"__tile41\"]"}
RESULT: {"using":"xpath","value":"//*[@id=\"__tile41\"]"}
COMMAND: POST /session/6c6cb6a8a370fc8e9b369c93884aa0ad/element/f.15418A1A81C0C7B7CE5FAC7FB907596B.d.CF56757665088C681FA0D5353F0D0CDD.e.1086/click - {}
RESULT: undefined
COMMAND: POST /session/6c6cb6a8a370fc8e9b369c93884aa0ad/element - {"using":"xpath","value":"//*[@id=\"__tile41\"]"}
RESULT: {"using":"xpath","value":"//*[@id=\"__tile41\"]"}
COMMAND: POST /session/6c6cb6a8a370fc8e9b369c93884aa0ad/element/f.15418A1A81C0C7B7CE5FAC7FB907596B.d.CF56757665088C681FA0D5353F0D0CDD.e.1086/click - {}
RESULT: undefined
COMMAND: POST /session/6c6cb6a8a370fc8e9b369c93884aa0ad/execute/async - {"script":"<script> [6424 bytes]","args":[{"element-6066-11e4-a52e-4f735466cecf":"f.15418A1A81C0C7B7CE5FAC7FB907596B.d.CF56757665088C681FA0D5353F0D0CDD.e.297"},"getTitle",[]]}
COMMAND: POST /session/6c6cb6a8a370fc8e9b369c93884aa0ad/execute/async - {"script":"<script> [1562 bytes]","args":[{"selector":{"id":"shellAppTitle"},"wdio_ui5_key":"shellAppTitle"}]}
RESULT: {"script":"<script> [1562 bytes]","args":[{"selector":{"id":"shellAppTitle"},"wdio_ui5_key":"shellAppTitle"}]}
COMMAND: POST /session/6c6cb6a8a370fc8e9b369c93884aa0ad/execute/async - {"script":"<script> [6424 bytes]","args":[{"element-6066-11e4-a52e-4f735466cecf":"f.15418A1A81C0C7B7CE5FAC7FB907596B.d.CF56757665088C681FA0D5353F0D0CDD.e.1263"},"getTitle",[]]}
RESULT: {"script":"<script> [6424 bytes]","args":[{"element-6066-11e4-a52e-4f735466cecf":"f.15418A1A81C0C7B7CE5FAC7FB907596B.d.CF56757665088C681FA0D5353F0D0CDD.e.1263"},"getTitle",[]]}
RESULT: undefined
COMMAND: POST /session/6c6cb6a8a370fc8e9b369c93884aa0ad/element/f.15418A1A81C0C7B7CE5FAC7FB907596B.d.CF56757665088C681FA0D5353F0D0CDD.e.1084/click - {}
RESULT: {}
COMMAND: GET /session/6c6cb6a8a370fc8e9b369c93884aa0ad/screenshot - {}
RESULT: {}
]]></system-out>
    </testcase>
    <testcase classname="chrome.136_0_7103_93.windows.Sanity_Tests_US104253" name="Should open Manage Requests page" time="36.837">
      <system-out><![CDATA[
COMMAND: POST /session/6c6cb6a8a370fc8e9b369c93884aa0ad/execute/async - {"script":"<script> [1562 bytes]","args":[{"selector":{"controlType":"sap.m.GenericTile","properties":{"header":"Manage Requests"}},"wdio_ui5_key":"sapm.GenericTile{\"header\":\"Manage Requests\"}"}]}
RESULT: {"script":"<script> [1562 bytes]","args":[{"selector":{"controlType":"sap.m.GenericTile","properties":{"header":"Manage Requests"}},"wdio_ui5_key":"sapm.GenericTile{\"header\":\"Manage Requests\"}"}]}
RESULT: undefined
COMMAND: POST /session/6c6cb6a8a370fc8e9b369c93884aa0ad/element - {"using":"xpath","value":"//*[@id=\"__tile47\"]"}
RESULT: {"using":"xpath","value":"//*[@id=\"__tile47\"]"}
COMMAND: POST /session/6c6cb6a8a370fc8e9b369c93884aa0ad/element/f.15418A1A81C0C7B7CE5FAC7FB907596B.d.CF56757665088C681FA0D5353F0D0CDD.e.1265/click - {}
RESULT: {}
COMMAND: GET /session/6c6cb6a8a370fc8e9b369c93884aa0ad/screenshot - {}
RESULT: {}
COMMAND: POST /session/6c6cb6a8a370fc8e9b369c93884aa0ad/elements - {"using":"xpath","value":"//span[text()='Error']"}
RESULT: {"using":"xpath","value":"//span[text()='Error']"}
RESULT: undefined
COMMAND: POST /session/6c6cb6a8a370fc8e9b369c93884aa0ad/element - {"using":"xpath","value":"//*[@id=\"__tile47\"]"}
RESULT: {"using":"xpath","value":"//*[@id=\"__tile47\"]"}
COMMAND: POST /session/6c6cb6a8a370fc8e9b369c93884aa0ad/element/f.15418A1A81C0C7B7CE5FAC7FB907596B.d.CF56757665088C681FA0D5353F0D0CDD.e.1265/click - {}
RESULT: undefined
COMMAND: POST /session/6c6cb6a8a370fc8e9b369c93884aa0ad/element - {"using":"xpath","value":"//*[@id=\"__tile47\"]"}
RESULT: {"using":"xpath","value":"//*[@id=\"__tile47\"]"}
COMMAND: POST /session/6c6cb6a8a370fc8e9b369c93884aa0ad/element/f.15418A1A81C0C7B7CE5FAC7FB907596B.d.CF56757665088C681FA0D5353F0D0CDD.e.1265/click - {}
RESULT: undefined
COMMAND: POST /session/6c6cb6a8a370fc8e9b369c93884aa0ad/execute/async - {"script":"<script> [6424 bytes]","args":[{"element-6066-11e4-a52e-4f735466cecf":"f.15418A1A81C0C7B7CE5FAC7FB907596B.d.CF56757665088C681FA0D5353F0D0CDD.e.297"},"getTitle",[]]}
COMMAND: POST /session/6c6cb6a8a370fc8e9b369c93884aa0ad/execute/async - {"script":"<script> [1562 bytes]","args":[{"selector":{"id":"shellAppTitle"},"wdio_ui5_key":"shellAppTitle"}]}
RESULT: {"script":"<script> [1562 bytes]","args":[{"selector":{"id":"shellAppTitle"},"wdio_ui5_key":"shellAppTitle"}]}
COMMAND: POST /session/6c6cb6a8a370fc8e9b369c93884aa0ad/execute/async - {"script":"<script> [6424 bytes]","args":[{"element-6066-11e4-a52e-4f735466cecf":"f.15418A1A81C0C7B7CE5FAC7FB907596B.d.CF56757665088C681FA0D5353F0D0CDD.e.1362"},"getTitle",[]]}
RESULT: {"script":"<script> [6424 bytes]","args":[{"element-6066-11e4-a52e-4f735466cecf":"f.15418A1A81C0C7B7CE5FAC7FB907596B.d.CF56757665088C681FA0D5353F0D0CDD.e.1362"},"getTitle",[]]}
RESULT: undefined
COMMAND: POST /session/6c6cb6a8a370fc8e9b369c93884aa0ad/element/f.15418A1A81C0C7B7CE5FAC7FB907596B.d.CF56757665088C681FA0D5353F0D0CDD.e.1084/click - {}
COMMAND: POST /session/6c6cb6a8a370fc8e9b369c93884aa0ad/element - {"using":"xpath","value":"//*[@id=\"backBtn\"]"}
RESULT: {"using":"xpath","value":"//*[@id=\"backBtn\"]"}
COMMAND: POST /session/6c6cb6a8a370fc8e9b369c93884aa0ad/element/f.15418A1A81C0C7B7CE5FAC7FB907596B.d.CF56757665088C681FA0D5353F0D0CDD.e.1084/click - {}
COMMAND: POST /session/6c6cb6a8a370fc8e9b369c93884aa0ad/element - {"using":"xpath","value":"//*[@id=\"backBtn\"]"}
RESULT: {"using":"xpath","value":"//*[@id=\"backBtn\"]"}
COMMAND: POST /session/6c6cb6a8a370fc8e9b369c93884aa0ad/element/f.15418A1A81C0C7B7CE5FAC7FB907596B.d.CF56757665088C681FA0D5353F0D0CDD.e.1363/click - {}
RESULT: {}
COMMAND: GET /session/6c6cb6a8a370fc8e9b369c93884aa0ad/screenshot - {}
RESULT: {}
]]></system-out>
    </testcase>
    <testcase classname="chrome.136_0_7103_93.windows.Sanity_Tests_US104253" name="Should open Manage Purchasing page" time="38.275">
      <system-out><![CDATA[
COMMAND: POST /session/6c6cb6a8a370fc8e9b369c93884aa0ad/execute/async - {"script":"<script> [1562 bytes]","args":[{"selector":{"controlType":"sap.m.GenericTile","properties":{"header":"Manage Purchasing"}},"wdio_ui5_key":"sapm.GenericTile{\"header\":\"Manage Purchasing\"}"}]}
RESULT: {"script":"<script> [1562 bytes]","args":[{"selector":{"controlType":"sap.m.GenericTile","properties":{"header":"Manage Purchasing"}},"wdio_ui5_key":"sapm.GenericTile{\"header\":\"Manage Purchasing\"}"}]}
RESULT: undefined
COMMAND: POST /session/6c6cb6a8a370fc8e9b369c93884aa0ad/element - {"using":"xpath","value":"//*[@id=\"__tile46\"]"}
RESULT: {"using":"xpath","value":"//*[@id=\"__tile46\"]"}
COMMAND: POST /session/6c6cb6a8a370fc8e9b369c93884aa0ad/element/f.15418A1A81C0C7B7CE5FAC7FB907596B.d.CF56757665088C681FA0D5353F0D0CDD.e.1366/click - {}
RESULT: {}
COMMAND: GET /session/6c6cb6a8a370fc8e9b369c93884aa0ad/screenshot - {}
RESULT: {}
COMMAND: POST /session/6c6cb6a8a370fc8e9b369c93884aa0ad/elements - {"using":"xpath","value":"//span[text()='Error']"}
RESULT: {"using":"xpath","value":"//span[text()='Error']"}
RESULT: undefined
COMMAND: POST /session/6c6cb6a8a370fc8e9b369c93884aa0ad/element - {"using":"xpath","value":"//*[@id=\"__tile46\"]"}
RESULT: {"using":"xpath","value":"//*[@id=\"__tile46\"]"}
COMMAND: POST /session/6c6cb6a8a370fc8e9b369c93884aa0ad/element/f.15418A1A81C0C7B7CE5FAC7FB907596B.d.CF56757665088C681FA0D5353F0D0CDD.e.1366/click - {}
RESULT: undefined
COMMAND: POST /session/6c6cb6a8a370fc8e9b369c93884aa0ad/element - {"using":"xpath","value":"//*[@id=\"__tile46\"]"}
RESULT: {"using":"xpath","value":"//*[@id=\"__tile46\"]"}
COMMAND: POST /session/6c6cb6a8a370fc8e9b369c93884aa0ad/element/f.15418A1A81C0C7B7CE5FAC7FB907596B.d.CF56757665088C681FA0D5353F0D0CDD.e.1366/click - {}
RESULT: undefined
COMMAND: POST /session/6c6cb6a8a370fc8e9b369c93884aa0ad/execute/async - {"script":"<script> [6424 bytes]","args":[{"element-6066-11e4-a52e-4f735466cecf":"f.15418A1A81C0C7B7CE5FAC7FB907596B.d.CF56757665088C681FA0D5353F0D0CDD.e.297"},"getTitle",[]]}
COMMAND: POST /session/6c6cb6a8a370fc8e9b369c93884aa0ad/execute/async - {"script":"<script> [1562 bytes]","args":[{"selector":{"id":"shellAppTitle"},"wdio_ui5_key":"shellAppTitle"}]}
RESULT: {"script":"<script> [1562 bytes]","args":[{"selector":{"id":"shellAppTitle"},"wdio_ui5_key":"shellAppTitle"}]}
COMMAND: POST /session/6c6cb6a8a370fc8e9b369c93884aa0ad/execute/async - {"script":"<script> [6424 bytes]","args":[{"element-6066-11e4-a52e-4f735466cecf":"f.15418A1A81C0C7B7CE5FAC7FB907596B.d.CF56757665088C681FA0D5353F0D0CDD.e.1444"},"getTitle",[]]}
RESULT: {"script":"<script> [6424 bytes]","args":[{"element-6066-11e4-a52e-4f735466cecf":"f.15418A1A81C0C7B7CE5FAC7FB907596B.d.CF56757665088C681FA0D5353F0D0CDD.e.1444"},"getTitle",[]]}
RESULT: undefined
COMMAND: POST /session/6c6cb6a8a370fc8e9b369c93884aa0ad/element/f.15418A1A81C0C7B7CE5FAC7FB907596B.d.CF56757665088C681FA0D5353F0D0CDD.e.1363/click - {}
RESULT: {}
COMMAND: GET /session/6c6cb6a8a370fc8e9b369c93884aa0ad/screenshot - {}
RESULT: {}
]]></system-out>
    </testcase>
    <testcase classname="chrome.136_0_7103_93.windows.Sanity_Tests_US104253" name="Should open Planning Board page" time="37.913">
      <system-out><![CDATA[
COMMAND: POST /session/6c6cb6a8a370fc8e9b369c93884aa0ad/execute/async - {"script":"<script> [1562 bytes]","args":[{"selector":{"controlType":"sap.m.GenericTile","properties":{"header":"Planning Board"}},"wdio_ui5_key":"sapm.GenericTile{\"header\":\"Planning Board\"}"}]}
RESULT: {"script":"<script> [1562 bytes]","args":[{"selector":{"controlType":"sap.m.GenericTile","properties":{"header":"Planning Board"}},"wdio_ui5_key":"sapm.GenericTile{\"header\":\"Planning Board\"}"}]}
RESULT: undefined
COMMAND: POST /session/6c6cb6a8a370fc8e9b369c93884aa0ad/element - {"using":"xpath","value":"//*[@id=\"__tile133\"]"}
RESULT: {"using":"xpath","value":"//*[@id=\"__tile133\"]"}
COMMAND: POST /session/6c6cb6a8a370fc8e9b369c93884aa0ad/element/f.15418A1A81C0C7B7CE5FAC7FB907596B.d.CF56757665088C681FA0D5353F0D0CDD.e.1446/click - {}
RESULT: {}
COMMAND: GET /session/6c6cb6a8a370fc8e9b369c93884aa0ad/screenshot - {}
RESULT: {}
COMMAND: POST /session/6c6cb6a8a370fc8e9b369c93884aa0ad/elements - {"using":"xpath","value":"//span[text()='Error']"}
RESULT: {"using":"xpath","value":"//span[text()='Error']"}
RESULT: undefined
COMMAND: POST /session/6c6cb6a8a370fc8e9b369c93884aa0ad/element - {"using":"xpath","value":"//*[@id=\"__tile133\"]"}
RESULT: {"using":"xpath","value":"//*[@id=\"__tile133\"]"}
COMMAND: POST /session/6c6cb6a8a370fc8e9b369c93884aa0ad/element/f.15418A1A81C0C7B7CE5FAC7FB907596B.d.CF56757665088C681FA0D5353F0D0CDD.e.1446/click - {}
RESULT: undefined
COMMAND: POST /session/6c6cb6a8a370fc8e9b369c93884aa0ad/element - {"using":"xpath","value":"//*[@id=\"__tile133\"]"}
RESULT: {"using":"xpath","value":"//*[@id=\"__tile133\"]"}
COMMAND: POST /session/6c6cb6a8a370fc8e9b369c93884aa0ad/element/f.15418A1A81C0C7B7CE5FAC7FB907596B.d.CF56757665088C681FA0D5353F0D0CDD.e.1446/click - {}
RESULT: undefined
COMMAND: POST /session/6c6cb6a8a370fc8e9b369c93884aa0ad/execute/async - {"script":"<script> [6424 bytes]","args":[{"element-6066-11e4-a52e-4f735466cecf":"f.15418A1A81C0C7B7CE5FAC7FB907596B.d.CF56757665088C681FA0D5353F0D0CDD.e.297"},"getTitle",[]]}
COMMAND: POST /session/6c6cb6a8a370fc8e9b369c93884aa0ad/execute/async - {"script":"<script> [1562 bytes]","args":[{"selector":{"id":"shellAppTitle"},"wdio_ui5_key":"shellAppTitle"}]}
RESULT: {"script":"<script> [1562 bytes]","args":[{"selector":{"id":"shellAppTitle"},"wdio_ui5_key":"shellAppTitle"}]}
COMMAND: POST /session/6c6cb6a8a370fc8e9b369c93884aa0ad/execute/async - {"script":"<script> [6424 bytes]","args":[{"element-6066-11e4-a52e-4f735466cecf":"f.15418A1A81C0C7B7CE5FAC7FB907596B.d.CF56757665088C681FA0D5353F0D0CDD.e.1499"},"getTitle",[]]}
RESULT: {"script":"<script> [6424 bytes]","args":[{"element-6066-11e4-a52e-4f735466cecf":"f.15418A1A81C0C7B7CE5FAC7FB907596B.d.CF56757665088C681FA0D5353F0D0CDD.e.1499"},"getTitle",[]]}
RESULT: undefined
COMMAND: POST /session/6c6cb6a8a370fc8e9b369c93884aa0ad/element/f.15418A1A81C0C7B7CE5FAC7FB907596B.d.CF56757665088C681FA0D5353F0D0CDD.e.1363/click - {}
COMMAND: POST /session/6c6cb6a8a370fc8e9b369c93884aa0ad/element/f.15418A1A81C0C7B7CE5FAC7FB907596B.d.CF56757665088C681FA0D5353F0D0CDD.e.1363/click - {}
COMMAND: POST /session/6c6cb6a8a370fc8e9b369c93884aa0ad/element - {"using":"xpath","value":"//*[@id=\"backBtn\"]"}
COMMAND: POST /session/6c6cb6a8a370fc8e9b369c93884aa0ad/element - {"using":"xpath","value":"//*[@id=\"backBtn\"]"}
RESULT: {"using":"xpath","value":"//*[@id=\"backBtn\"]"}
COMMAND: POST /session/6c6cb6a8a370fc8e9b369c93884aa0ad/element/f.15418A1A81C0C7B7CE5FAC7FB907596B.d.CF56757665088C681FA0D5353F0D0CDD.e.1363/click - {}
RESULT: {"using":"xpath","value":"//*[@id=\"backBtn\"]"}
COMMAND: POST /session/6c6cb6a8a370fc8e9b369c93884aa0ad/element/f.15418A1A81C0C7B7CE5FAC7FB907596B.d.CF56757665088C681FA0D5353F0D0CDD.e.1363/click - {}
COMMAND: POST /session/6c6cb6a8a370fc8e9b369c93884aa0ad/element - {"using":"xpath","value":"//*[@id=\"backBtn\"]"}
COMMAND: POST /session/6c6cb6a8a370fc8e9b369c93884aa0ad/element - {"using":"xpath","value":"//*[@id=\"backBtn\"]"}
RESULT: {"using":"xpath","value":"//*[@id=\"backBtn\"]"}
COMMAND: POST /session/6c6cb6a8a370fc8e9b369c93884aa0ad/element/f.15418A1A81C0C7B7CE5FAC7FB907596B.d.CF56757665088C681FA0D5353F0D0CDD.e.1500/click - {}
RESULT: {"using":"xpath","value":"//*[@id=\"backBtn\"]"}
COMMAND: POST /session/6c6cb6a8a370fc8e9b369c93884aa0ad/element/f.15418A1A81C0C7B7CE5FAC7FB907596B.d.CF56757665088C681FA0D5353F0D0CDD.e.1500/click - {}
RESULT: {}
COMMAND: GET /session/6c6cb6a8a370fc8e9b369c93884aa0ad/screenshot - {}
RESULT: {}
COMMAND: GET /session/6c6cb6a8a370fc8e9b369c93884aa0ad/screenshot - {}
RESULT: {}
RESULT: {}
]]></system-out>
    </testcase>
    <testcase classname="chrome.136_0_7103_93.windows.Sanity_Tests_US104253" name="Should open Manage Contracts page" time="37.722">
      <system-out><![CDATA[
COMMAND: POST /session/6c6cb6a8a370fc8e9b369c93884aa0ad/execute/async - {"script":"<script> [1562 bytes]","args":[{"selector":{"controlType":"sap.m.GenericTile","properties":{"header":"Manage Contracts"}},"wdio_ui5_key":"sapm.GenericTile{\"header\":\"Manage Contracts\"}"}]}
RESULT: {"script":"<script> [1562 bytes]","args":[{"selector":{"controlType":"sap.m.GenericTile","properties":{"header":"Manage Contracts"}},"wdio_ui5_key":"sapm.GenericTile{\"header\":\"Manage Contracts\"}"}]}
RESULT: undefined
COMMAND: POST /session/6c6cb6a8a370fc8e9b369c93884aa0ad/element - {"using":"xpath","value":"//*[@id=\"__tile132\"]"}
RESULT: {"using":"xpath","value":"//*[@id=\"__tile132\"]"}
COMMAND: POST /session/6c6cb6a8a370fc8e9b369c93884aa0ad/element/f.15418A1A81C0C7B7CE5FAC7FB907596B.d.CF56757665088C681FA0D5353F0D0CDD.e.1502/click - {}
RESULT: {}
COMMAND: GET /session/6c6cb6a8a370fc8e9b369c93884aa0ad/screenshot - {}
RESULT: {}
COMMAND: POST /session/6c6cb6a8a370fc8e9b369c93884aa0ad/elements - {"using":"xpath","value":"//span[text()='Error']"}
RESULT: {"using":"xpath","value":"//span[text()='Error']"}
RESULT: undefined
COMMAND: POST /session/6c6cb6a8a370fc8e9b369c93884aa0ad/element - {"using":"xpath","value":"//*[@id=\"__tile132\"]"}
RESULT: {"using":"xpath","value":"//*[@id=\"__tile132\"]"}
COMMAND: POST /session/6c6cb6a8a370fc8e9b369c93884aa0ad/element/f.15418A1A81C0C7B7CE5FAC7FB907596B.d.CF56757665088C681FA0D5353F0D0CDD.e.1502/click - {}
RESULT: undefined
COMMAND: POST /session/6c6cb6a8a370fc8e9b369c93884aa0ad/element - {"using":"xpath","value":"//*[@id=\"__tile132\"]"}
RESULT: {"using":"xpath","value":"//*[@id=\"__tile132\"]"}
COMMAND: POST /session/6c6cb6a8a370fc8e9b369c93884aa0ad/element/f.15418A1A81C0C7B7CE5FAC7FB907596B.d.CF56757665088C681FA0D5353F0D0CDD.e.1502/click - {}
RESULT: undefined
COMMAND: POST /session/6c6cb6a8a370fc8e9b369c93884aa0ad/execute/async - {"script":"<script> [6424 bytes]","args":[{"element-6066-11e4-a52e-4f735466cecf":"f.15418A1A81C0C7B7CE5FAC7FB907596B.d.CF56757665088C681FA0D5353F0D0CDD.e.297"},"getTitle",[]]}
COMMAND: POST /session/6c6cb6a8a370fc8e9b369c93884aa0ad/execute/async - {"script":"<script> [1562 bytes]","args":[{"selector":{"id":"shellAppTitle"},"wdio_ui5_key":"shellAppTitle"}]}
RESULT: {"script":"<script> [1562 bytes]","args":[{"selector":{"id":"shellAppTitle"},"wdio_ui5_key":"shellAppTitle"}]}
COMMAND: POST /session/6c6cb6a8a370fc8e9b369c93884aa0ad/execute/async - {"script":"<script> [6424 bytes]","args":[{"element-6066-11e4-a52e-4f735466cecf":"f.15418A1A81C0C7B7CE5FAC7FB907596B.d.CF56757665088C681FA0D5353F0D0CDD.e.1576"},"getTitle",[]]}
RESULT: {"script":"<script> [6424 bytes]","args":[{"element-6066-11e4-a52e-4f735466cecf":"f.15418A1A81C0C7B7CE5FAC7FB907596B.d.CF56757665088C681FA0D5353F0D0CDD.e.1576"},"getTitle",[]]}
RESULT: undefined
COMMAND: POST /session/6c6cb6a8a370fc8e9b369c93884aa0ad/element/f.15418A1A81C0C7B7CE5FAC7FB907596B.d.CF56757665088C681FA0D5353F0D0CDD.e.1500/click - {}
RESULT: {}
COMMAND: GET /session/6c6cb6a8a370fc8e9b369c93884aa0ad/screenshot - {}
RESULT: {}
]]></system-out>
    </testcase>
    <testcase classname="chrome.136_0_7103_93.windows.Sanity_Tests_US104253" name="Should open Manage Quotations page" time="42.078">
      <system-out><![CDATA[
COMMAND: POST /session/6c6cb6a8a370fc8e9b369c93884aa0ad/execute/async - {"script":"<script> [1562 bytes]","args":[{"selector":{"controlType":"sap.m.GenericTile","properties":{"header":"Manage Quotations"}},"wdio_ui5_key":"sapm.GenericTile{\"header\":\"Manage Quotations\"}"}]}
RESULT: {"script":"<script> [1562 bytes]","args":[{"selector":{"controlType":"sap.m.GenericTile","properties":{"header":"Manage Quotations"}},"wdio_ui5_key":"sapm.GenericTile{\"header\":\"Manage Quotations\"}"}]}
RESULT: undefined
COMMAND: POST /session/6c6cb6a8a370fc8e9b369c93884aa0ad/element - {"using":"xpath","value":"//*[@id=\"__tile131\"]"}
RESULT: {"using":"xpath","value":"//*[@id=\"__tile131\"]"}
COMMAND: POST /session/6c6cb6a8a370fc8e9b369c93884aa0ad/element/f.15418A1A81C0C7B7CE5FAC7FB907596B.d.CF56757665088C681FA0D5353F0D0CDD.e.1578/click - {}
RESULT: {}
COMMAND: GET /session/6c6cb6a8a370fc8e9b369c93884aa0ad/screenshot - {}
RESULT: {}
COMMAND: POST /session/6c6cb6a8a370fc8e9b369c93884aa0ad/elements - {"using":"xpath","value":"//span[text()='Error']"}
RESULT: {"using":"xpath","value":"//span[text()='Error']"}
RESULT: undefined
COMMAND: POST /session/6c6cb6a8a370fc8e9b369c93884aa0ad/element - {"using":"xpath","value":"//*[@id=\"__tile131\"]"}
RESULT: {"using":"xpath","value":"//*[@id=\"__tile131\"]"}
COMMAND: POST /session/6c6cb6a8a370fc8e9b369c93884aa0ad/element/f.15418A1A81C0C7B7CE5FAC7FB907596B.d.CF56757665088C681FA0D5353F0D0CDD.e.1578/click - {}
RESULT: undefined
COMMAND: POST /session/6c6cb6a8a370fc8e9b369c93884aa0ad/element - {"using":"xpath","value":"//*[@id=\"__tile131\"]"}
RESULT: {"using":"xpath","value":"//*[@id=\"__tile131\"]"}
COMMAND: POST /session/6c6cb6a8a370fc8e9b369c93884aa0ad/element/f.15418A1A81C0C7B7CE5FAC7FB907596B.d.CF56757665088C681FA0D5353F0D0CDD.e.1578/click - {}
RESULT: undefined
COMMAND: POST /session/6c6cb6a8a370fc8e9b369c93884aa0ad/execute/async - {"script":"<script> [6424 bytes]","args":[{"element-6066-11e4-a52e-4f735466cecf":"f.15418A1A81C0C7B7CE5FAC7FB907596B.d.CF56757665088C681FA0D5353F0D0CDD.e.297"},"getTitle",[]]}
COMMAND: POST /session/6c6cb6a8a370fc8e9b369c93884aa0ad/execute/async - {"script":"<script> [1562 bytes]","args":[{"selector":{"id":"shellAppTitle"},"wdio_ui5_key":"shellAppTitle"}]}
RESULT: {"script":"<script> [1562 bytes]","args":[{"selector":{"id":"shellAppTitle"},"wdio_ui5_key":"shellAppTitle"}]}
COMMAND: POST /session/6c6cb6a8a370fc8e9b369c93884aa0ad/execute/async - {"script":"<script> [6424 bytes]","args":[{"element-6066-11e4-a52e-4f735466cecf":"f.15418A1A81C0C7B7CE5FAC7FB907596B.d.CF56757665088C681FA0D5353F0D0CDD.e.1664"},"getTitle",[]]}
RESULT: {"script":"<script> [6424 bytes]","args":[{"element-6066-11e4-a52e-4f735466cecf":"f.15418A1A81C0C7B7CE5FAC7FB907596B.d.CF56757665088C681FA0D5353F0D0CDD.e.1664"},"getTitle",[]]}
RESULT: undefined
COMMAND: POST /session/6c6cb6a8a370fc8e9b369c93884aa0ad/element/f.15418A1A81C0C7B7CE5FAC7FB907596B.d.CF56757665088C681FA0D5353F0D0CDD.e.1500/click - {}
COMMAND: POST /session/6c6cb6a8a370fc8e9b369c93884aa0ad/element - {"using":"xpath","value":"//*[@id=\"backBtn\"]"}
RESULT: {"using":"xpath","value":"//*[@id=\"backBtn\"]"}
COMMAND: POST /session/6c6cb6a8a370fc8e9b369c93884aa0ad/element/f.15418A1A81C0C7B7CE5FAC7FB907596B.d.CF56757665088C681FA0D5353F0D0CDD.e.1500/click - {}
COMMAND: POST /session/6c6cb6a8a370fc8e9b369c93884aa0ad/element - {"using":"xpath","value":"//*[@id=\"backBtn\"]"}
RESULT: {"using":"xpath","value":"//*[@id=\"backBtn\"]"}
COMMAND: POST /session/6c6cb6a8a370fc8e9b369c93884aa0ad/element/f.15418A1A81C0C7B7CE5FAC7FB907596B.d.CF56757665088C681FA0D5353F0D0CDD.e.1665/click - {}
RESULT: {}
COMMAND: GET /session/6c6cb6a8a370fc8e9b369c93884aa0ad/screenshot - {}
RESULT: {}
]]></system-out>
    </testcase>
    <testcase classname="chrome.136_0_7103_93.windows.Sanity_Tests_US104253" name="Should open Manage Handovers page" time="37.818">
      <system-out><![CDATA[
COMMAND: POST /session/6c6cb6a8a370fc8e9b369c93884aa0ad/execute/async - {"script":"<script> [1562 bytes]","args":[{"selector":{"controlType":"sap.m.GenericTile","properties":{"header":"Manage Handovers"}},"wdio_ui5_key":"sapm.GenericTile{\"header\":\"Manage Handovers\"}"}]}
RESULT: {"script":"<script> [1562 bytes]","args":[{"selector":{"controlType":"sap.m.GenericTile","properties":{"header":"Manage Handovers"}},"wdio_ui5_key":"sapm.GenericTile{\"header\":\"Manage Handovers\"}"}]}
RESULT: undefined
COMMAND: POST /session/6c6cb6a8a370fc8e9b369c93884aa0ad/element - {"using":"xpath","value":"//*[@id=\"__tile130\"]"}
RESULT: {"using":"xpath","value":"//*[@id=\"__tile130\"]"}
COMMAND: POST /session/6c6cb6a8a370fc8e9b369c93884aa0ad/element/f.15418A1A81C0C7B7CE5FAC7FB907596B.d.CF56757665088C681FA0D5353F0D0CDD.e.1667/click - {}
RESULT: {}
COMMAND: GET /session/6c6cb6a8a370fc8e9b369c93884aa0ad/screenshot - {}
RESULT: {}
COMMAND: POST /session/6c6cb6a8a370fc8e9b369c93884aa0ad/elements - {"using":"xpath","value":"//span[text()='Error']"}
RESULT: {"using":"xpath","value":"//span[text()='Error']"}
RESULT: undefined
COMMAND: POST /session/6c6cb6a8a370fc8e9b369c93884aa0ad/element - {"using":"xpath","value":"//*[@id=\"__tile130\"]"}
RESULT: {"using":"xpath","value":"//*[@id=\"__tile130\"]"}
COMMAND: POST /session/6c6cb6a8a370fc8e9b369c93884aa0ad/element/f.15418A1A81C0C7B7CE5FAC7FB907596B.d.CF56757665088C681FA0D5353F0D0CDD.e.1667/click - {}
RESULT: undefined
COMMAND: POST /session/6c6cb6a8a370fc8e9b369c93884aa0ad/element - {"using":"xpath","value":"//*[@id=\"__tile130\"]"}
RESULT: {"using":"xpath","value":"//*[@id=\"__tile130\"]"}
COMMAND: POST /session/6c6cb6a8a370fc8e9b369c93884aa0ad/element/f.15418A1A81C0C7B7CE5FAC7FB907596B.d.CF56757665088C681FA0D5353F0D0CDD.e.1667/click - {}
RESULT: undefined
COMMAND: POST /session/6c6cb6a8a370fc8e9b369c93884aa0ad/execute/async - {"script":"<script> [6424 bytes]","args":[{"element-6066-11e4-a52e-4f735466cecf":"f.15418A1A81C0C7B7CE5FAC7FB907596B.d.CF56757665088C681FA0D5353F0D0CDD.e.297"},"getTitle",[]]}
COMMAND: POST /session/6c6cb6a8a370fc8e9b369c93884aa0ad/execute/async - {"script":"<script> [1562 bytes]","args":[{"selector":{"id":"shellAppTitle"},"wdio_ui5_key":"shellAppTitle"}]}
RESULT: {"script":"<script> [1562 bytes]","args":[{"selector":{"id":"shellAppTitle"},"wdio_ui5_key":"shellAppTitle"}]}
COMMAND: POST /session/6c6cb6a8a370fc8e9b369c93884aa0ad/execute/async - {"script":"<script> [6424 bytes]","args":[{"element-6066-11e4-a52e-4f735466cecf":"f.15418A1A81C0C7B7CE5FAC7FB907596B.d.CF56757665088C681FA0D5353F0D0CDD.e.1936"},"getTitle",[]]}
RESULT: {"script":"<script> [6424 bytes]","args":[{"element-6066-11e4-a52e-4f735466cecf":"f.15418A1A81C0C7B7CE5FAC7FB907596B.d.CF56757665088C681FA0D5353F0D0CDD.e.1936"},"getTitle",[]]}
RESULT: undefined
COMMAND: POST /session/6c6cb6a8a370fc8e9b369c93884aa0ad/element/f.15418A1A81C0C7B7CE5FAC7FB907596B.d.CF56757665088C681FA0D5353F0D0CDD.e.1665/click - {}
RESULT: {}
COMMAND: GET /session/6c6cb6a8a370fc8e9b369c93884aa0ad/screenshot - {}
RESULT: {}
]]></system-out>
    </testcase>
    <testcase classname="chrome.136_0_7103_93.windows.Sanity_Tests_US104253" name="Should open Delivery Monitor page" time="38.314">
      <system-out><![CDATA[
COMMAND: POST /session/6c6cb6a8a370fc8e9b369c93884aa0ad/execute/async - {"script":"<script> [1562 bytes]","args":[{"selector":{"controlType":"sap.m.GenericTile","properties":{"header":"Delivery Monitor"}},"wdio_ui5_key":"sapm.GenericTile{\"header\":\"Delivery Monitor\"}"}]}
RESULT: {"script":"<script> [1562 bytes]","args":[{"selector":{"controlType":"sap.m.GenericTile","properties":{"header":"Delivery Monitor"}},"wdio_ui5_key":"sapm.GenericTile{\"header\":\"Delivery Monitor\"}"}]}
RESULT: undefined
COMMAND: POST /session/6c6cb6a8a370fc8e9b369c93884aa0ad/element - {"using":"xpath","value":"//*[@id=\"__tile43\"]"}
RESULT: {"using":"xpath","value":"//*[@id=\"__tile43\"]"}
COMMAND: POST /session/6c6cb6a8a370fc8e9b369c93884aa0ad/element/f.15418A1A81C0C7B7CE5FAC7FB907596B.d.CF56757665088C681FA0D5353F0D0CDD.e.1938/click - {}
RESULT: {}
COMMAND: GET /session/6c6cb6a8a370fc8e9b369c93884aa0ad/screenshot - {}
RESULT: {}
COMMAND: POST /session/6c6cb6a8a370fc8e9b369c93884aa0ad/elements - {"using":"xpath","value":"//span[text()='Error']"}
RESULT: {"using":"xpath","value":"//span[text()='Error']"}
RESULT: undefined
COMMAND: POST /session/6c6cb6a8a370fc8e9b369c93884aa0ad/element - {"using":"xpath","value":"//*[@id=\"__tile43\"]"}
RESULT: {"using":"xpath","value":"//*[@id=\"__tile43\"]"}
COMMAND: POST /session/6c6cb6a8a370fc8e9b369c93884aa0ad/element/f.15418A1A81C0C7B7CE5FAC7FB907596B.d.CF56757665088C681FA0D5353F0D0CDD.e.1938/click - {}
RESULT: undefined
COMMAND: POST /session/6c6cb6a8a370fc8e9b369c93884aa0ad/element - {"using":"xpath","value":"//*[@id=\"__tile43\"]"}
RESULT: {"using":"xpath","value":"//*[@id=\"__tile43\"]"}
COMMAND: POST /session/6c6cb6a8a370fc8e9b369c93884aa0ad/element/f.15418A1A81C0C7B7CE5FAC7FB907596B.d.CF56757665088C681FA0D5353F0D0CDD.e.1938/click - {}
RESULT: undefined
COMMAND: POST /session/6c6cb6a8a370fc8e9b369c93884aa0ad/execute/async - {"script":"<script> [6424 bytes]","args":[{"element-6066-11e4-a52e-4f735466cecf":"f.15418A1A81C0C7B7CE5FAC7FB907596B.d.CF56757665088C681FA0D5353F0D0CDD.e.297"},"getTitle",[]]}
COMMAND: POST /session/6c6cb6a8a370fc8e9b369c93884aa0ad/execute/async - {"script":"<script> [1562 bytes]","args":[{"selector":{"id":"shellAppTitle"},"wdio_ui5_key":"shellAppTitle"}]}
RESULT: {"script":"<script> [1562 bytes]","args":[{"selector":{"id":"shellAppTitle"},"wdio_ui5_key":"shellAppTitle"}]}
COMMAND: POST /session/6c6cb6a8a370fc8e9b369c93884aa0ad/execute/async - {"script":"<script> [6424 bytes]","args":[{"element-6066-11e4-a52e-4f735466cecf":"f.15418A1A81C0C7B7CE5FAC7FB907596B.d.CF56757665088C681FA0D5353F0D0CDD.e.2044"},"getTitle",[]]}
RESULT: {"script":"<script> [6424 bytes]","args":[{"element-6066-11e4-a52e-4f735466cecf":"f.15418A1A81C0C7B7CE5FAC7FB907596B.d.CF56757665088C681FA0D5353F0D0CDD.e.2044"},"getTitle",[]]}
RESULT: undefined
COMMAND: POST /session/6c6cb6a8a370fc8e9b369c93884aa0ad/element/f.15418A1A81C0C7B7CE5FAC7FB907596B.d.CF56757665088C681FA0D5353F0D0CDD.e.1665/click - {}
COMMAND: POST /session/6c6cb6a8a370fc8e9b369c93884aa0ad/element - {"using":"xpath","value":"//*[@id=\"backBtn\"]"}
RESULT: {"using":"xpath","value":"//*[@id=\"backBtn\"]"}
COMMAND: POST /session/6c6cb6a8a370fc8e9b369c93884aa0ad/element/f.15418A1A81C0C7B7CE5FAC7FB907596B.d.CF56757665088C681FA0D5353F0D0CDD.e.1665/click - {}
COMMAND: POST /session/6c6cb6a8a370fc8e9b369c93884aa0ad/element - {"using":"xpath","value":"//*[@id=\"backBtn\"]"}
RESULT: {"using":"xpath","value":"//*[@id=\"backBtn\"]"}
COMMAND: POST /session/6c6cb6a8a370fc8e9b369c93884aa0ad/element/f.15418A1A81C0C7B7CE5FAC7FB907596B.d.CF56757665088C681FA0D5353F0D0CDD.e.2045/click - {}
RESULT: {}
COMMAND: GET /session/6c6cb6a8a370fc8e9b369c93884aa0ad/screenshot - {}
RESULT: {}
]]></system-out>
    </testcase>
    <testcase classname="chrome.136_0_7103_93.windows.Sanity_Tests_US104253" name="Should open Manage Calendar Exceptions page" time="37.74">
      <system-out><![CDATA[
COMMAND: POST /session/6c6cb6a8a370fc8e9b369c93884aa0ad/execute/async - {"script":"<script> [1562 bytes]","args":[{"selector":{"controlType":"sap.m.GenericTile","properties":{"header":"Manage Calendar Exceptions"}},"wdio_ui5_key":"sapm.GenericTile{\"header\":\"Manage Calendar Exceptions\"}"}]}
RESULT: {"script":"<script> [1562 bytes]","args":[{"selector":{"controlType":"sap.m.GenericTile","properties":{"header":"Manage Calendar Exceptions"}},"wdio_ui5_key":"sapm.GenericTile{\"header\":\"Manage Calendar Exceptions\"}"}]}
RESULT: undefined
COMMAND: POST /session/6c6cb6a8a370fc8e9b369c93884aa0ad/element - {"using":"xpath","value":"//*[@id=\"__tile52\"]"}
RESULT: {"using":"xpath","value":"//*[@id=\"__tile52\"]"}
COMMAND: POST /session/6c6cb6a8a370fc8e9b369c93884aa0ad/element/f.15418A1A81C0C7B7CE5FAC7FB907596B.d.CF56757665088C681FA0D5353F0D0CDD.e.2047/click - {}
RESULT: {}
COMMAND: GET /session/6c6cb6a8a370fc8e9b369c93884aa0ad/screenshot - {}
RESULT: {}
COMMAND: POST /session/6c6cb6a8a370fc8e9b369c93884aa0ad/elements - {"using":"xpath","value":"//span[text()='Error']"}
RESULT: {"using":"xpath","value":"//span[text()='Error']"}
RESULT: undefined
COMMAND: POST /session/6c6cb6a8a370fc8e9b369c93884aa0ad/element - {"using":"xpath","value":"//*[@id=\"__tile52\"]"}
RESULT: {"using":"xpath","value":"//*[@id=\"__tile52\"]"}
COMMAND: POST /session/6c6cb6a8a370fc8e9b369c93884aa0ad/element/f.15418A1A81C0C7B7CE5FAC7FB907596B.d.CF56757665088C681FA0D5353F0D0CDD.e.2047/click - {}
RESULT: undefined
COMMAND: POST /session/6c6cb6a8a370fc8e9b369c93884aa0ad/element - {"using":"xpath","value":"//*[@id=\"__tile52\"]"}
RESULT: {"using":"xpath","value":"//*[@id=\"__tile52\"]"}
COMMAND: POST /session/6c6cb6a8a370fc8e9b369c93884aa0ad/element/f.15418A1A81C0C7B7CE5FAC7FB907596B.d.CF56757665088C681FA0D5353F0D0CDD.e.2047/click - {}
RESULT: undefined
COMMAND: POST /session/6c6cb6a8a370fc8e9b369c93884aa0ad/execute/async - {"script":"<script> [6424 bytes]","args":[{"element-6066-11e4-a52e-4f735466cecf":"f.15418A1A81C0C7B7CE5FAC7FB907596B.d.CF56757665088C681FA0D5353F0D0CDD.e.297"},"getTitle",[]]}
COMMAND: POST /session/6c6cb6a8a370fc8e9b369c93884aa0ad/execute/async - {"script":"<script> [1562 bytes]","args":[{"selector":{"id":"shellAppTitle"},"wdio_ui5_key":"shellAppTitle"}]}
RESULT: {"script":"<script> [1562 bytes]","args":[{"selector":{"id":"shellAppTitle"},"wdio_ui5_key":"shellAppTitle"}]}
COMMAND: POST /session/6c6cb6a8a370fc8e9b369c93884aa0ad/execute/async - {"script":"<script> [6424 bytes]","args":[{"element-6066-11e4-a52e-4f735466cecf":"f.15418A1A81C0C7B7CE5FAC7FB907596B.d.CF56757665088C681FA0D5353F0D0CDD.e.2109"},"getTitle",[]]}
RESULT: {"script":"<script> [6424 bytes]","args":[{"element-6066-11e4-a52e-4f735466cecf":"f.15418A1A81C0C7B7CE5FAC7FB907596B.d.CF56757665088C681FA0D5353F0D0CDD.e.2109"},"getTitle",[]]}
RESULT: undefined
COMMAND: POST /session/6c6cb6a8a370fc8e9b369c93884aa0ad/element/f.15418A1A81C0C7B7CE5FAC7FB907596B.d.CF56757665088C681FA0D5353F0D0CDD.e.2045/click - {}
RESULT: {}
COMMAND: GET /session/6c6cb6a8a370fc8e9b369c93884aa0ad/screenshot - {}
RESULT: {}
]]></system-out>
    </testcase>
    <testcase classname="chrome.136_0_7103_93.windows.Sanity_Tests_US104253" name="Should open Manage States Performance page" time="39.523">
      <system-out><![CDATA[
COMMAND: POST /session/6c6cb6a8a370fc8e9b369c93884aa0ad/execute/async - {"script":"<script> [1562 bytes]","args":[{"selector":{"controlType":"sap.m.GenericTile","properties":{"header":"Manage States & Performance"}},"wdio_ui5_key":"sapm.GenericTile{\"header\":\"Manage States & Performance\"}"}]}
RESULT: {"script":"<script> [1562 bytes]","args":[{"selector":{"controlType":"sap.m.GenericTile","properties":{"header":"Manage States & Performance"}},"wdio_ui5_key":"sapm.GenericTile{\"header\":\"Manage States & Performance\"}"}]}
RESULT: undefined
COMMAND: POST /session/6c6cb6a8a370fc8e9b369c93884aa0ad/element - {"using":"xpath","value":"//*[@id=\"__tile56\"]"}
RESULT: {"using":"xpath","value":"//*[@id=\"__tile56\"]"}
COMMAND: POST /session/6c6cb6a8a370fc8e9b369c93884aa0ad/element/f.15418A1A81C0C7B7CE5FAC7FB907596B.d.CF56757665088C681FA0D5353F0D0CDD.e.2113/click - {}
RESULT: {}
COMMAND: GET /session/6c6cb6a8a370fc8e9b369c93884aa0ad/screenshot - {}
RESULT: {}
COMMAND: POST /session/6c6cb6a8a370fc8e9b369c93884aa0ad/elements - {"using":"xpath","value":"//span[text()='Error']"}
RESULT: {"using":"xpath","value":"//span[text()='Error']"}
RESULT: undefined
COMMAND: POST /session/6c6cb6a8a370fc8e9b369c93884aa0ad/element - {"using":"xpath","value":"//*[@id=\"__tile56\"]"}
RESULT: {"using":"xpath","value":"//*[@id=\"__tile56\"]"}
COMMAND: POST /session/6c6cb6a8a370fc8e9b369c93884aa0ad/element/f.15418A1A81C0C7B7CE5FAC7FB907596B.d.CF56757665088C681FA0D5353F0D0CDD.e.2113/click - {}
RESULT: undefined
COMMAND: POST /session/6c6cb6a8a370fc8e9b369c93884aa0ad/element - {"using":"xpath","value":"//*[@id=\"__tile56\"]"}
RESULT: {"using":"xpath","value":"//*[@id=\"__tile56\"]"}
COMMAND: POST /session/6c6cb6a8a370fc8e9b369c93884aa0ad/element/f.15418A1A81C0C7B7CE5FAC7FB907596B.d.CF56757665088C681FA0D5353F0D0CDD.e.2113/click - {}
RESULT: undefined
COMMAND: POST /session/6c6cb6a8a370fc8e9b369c93884aa0ad/execute/async - {"script":"<script> [6424 bytes]","args":[{"element-6066-11e4-a52e-4f735466cecf":"f.15418A1A81C0C7B7CE5FAC7FB907596B.d.CF56757665088C681FA0D5353F0D0CDD.e.297"},"getTitle",[]]}
COMMAND: POST /session/6c6cb6a8a370fc8e9b369c93884aa0ad/execute/async - {"script":"<script> [1562 bytes]","args":[{"selector":{"id":"shellAppTitle"},"wdio_ui5_key":"shellAppTitle"}]}
RESULT: {"script":"<script> [1562 bytes]","args":[{"selector":{"id":"shellAppTitle"},"wdio_ui5_key":"shellAppTitle"}]}
COMMAND: POST /session/6c6cb6a8a370fc8e9b369c93884aa0ad/execute/async - {"script":"<script> [6424 bytes]","args":[{"element-6066-11e4-a52e-4f735466cecf":"f.15418A1A81C0C7B7CE5FAC7FB907596B.d.CF56757665088C681FA0D5353F0D0CDD.e.2213"},"getTitle",[]]}
RESULT: {"script":"<script> [6424 bytes]","args":[{"element-6066-11e4-a52e-4f735466cecf":"f.15418A1A81C0C7B7CE5FAC7FB907596B.d.CF56757665088C681FA0D5353F0D0CDD.e.2213"},"getTitle",[]]}
RESULT: undefined
COMMAND: POST /session/6c6cb6a8a370fc8e9b369c93884aa0ad/element/f.15418A1A81C0C7B7CE5FAC7FB907596B.d.CF56757665088C681FA0D5353F0D0CDD.e.2045/click - {}
COMMAND: POST /session/6c6cb6a8a370fc8e9b369c93884aa0ad/element - {"using":"xpath","value":"//*[@id=\"backBtn\"]"}
RESULT: {"using":"xpath","value":"//*[@id=\"backBtn\"]"}
COMMAND: POST /session/6c6cb6a8a370fc8e9b369c93884aa0ad/element/f.15418A1A81C0C7B7CE5FAC7FB907596B.d.CF56757665088C681FA0D5353F0D0CDD.e.2045/click - {}
COMMAND: POST /session/6c6cb6a8a370fc8e9b369c93884aa0ad/element - {"using":"xpath","value":"//*[@id=\"backBtn\"]"}
RESULT: {"using":"xpath","value":"//*[@id=\"backBtn\"]"}
COMMAND: POST /session/6c6cb6a8a370fc8e9b369c93884aa0ad/element/f.15418A1A81C0C7B7CE5FAC7FB907596B.d.CF56757665088C681FA0D5353F0D0CDD.e.2214/click - {}
RESULT: {}
COMMAND: GET /session/6c6cb6a8a370fc8e9b369c93884aa0ad/screenshot - {}
RESULT: {}
]]></system-out>
    </testcase>
    <testcase classname="chrome.136_0_7103_93.windows.Sanity_Tests_US104253" name="Should open Manage Billings page" time="43.604">
      <system-out><![CDATA[
COMMAND: POST /session/6c6cb6a8a370fc8e9b369c93884aa0ad/execute/async - {"script":"<script> [1562 bytes]","args":[{"selector":{"controlType":"sap.m.GenericTile","properties":{"header":"Manage Billings"}},"wdio_ui5_key":"sapm.GenericTile{\"header\":\"Manage Billings\"}"}]}
RESULT: {"script":"<script> [1562 bytes]","args":[{"selector":{"controlType":"sap.m.GenericTile","properties":{"header":"Manage Billings"}},"wdio_ui5_key":"sapm.GenericTile{\"header\":\"Manage Billings\"}"}]}
RESULT: undefined
COMMAND: POST /session/6c6cb6a8a370fc8e9b369c93884aa0ad/element - {"using":"xpath","value":"//*[@id=\"__tile51\"]"}
RESULT: {"using":"xpath","value":"//*[@id=\"__tile51\"]"}
COMMAND: POST /session/6c6cb6a8a370fc8e9b369c93884aa0ad/element/f.15418A1A81C0C7B7CE5FAC7FB907596B.d.CF56757665088C681FA0D5353F0D0CDD.e.2216/click - {}
RESULT: {}
COMMAND: GET /session/6c6cb6a8a370fc8e9b369c93884aa0ad/screenshot - {}
RESULT: {}
COMMAND: POST /session/6c6cb6a8a370fc8e9b369c93884aa0ad/elements - {"using":"xpath","value":"//span[text()='Error']"}
RESULT: {"using":"xpath","value":"//span[text()='Error']"}
RESULT: undefined
COMMAND: POST /session/6c6cb6a8a370fc8e9b369c93884aa0ad/element - {"using":"xpath","value":"//*[@id=\"__tile51\"]"}
RESULT: {"using":"xpath","value":"//*[@id=\"__tile51\"]"}
COMMAND: POST /session/6c6cb6a8a370fc8e9b369c93884aa0ad/element/f.15418A1A81C0C7B7CE5FAC7FB907596B.d.CF56757665088C681FA0D5353F0D0CDD.e.2216/click - {}
RESULT: undefined
COMMAND: POST /session/6c6cb6a8a370fc8e9b369c93884aa0ad/element - {"using":"xpath","value":"//*[@id=\"__tile51\"]"}
RESULT: {"using":"xpath","value":"//*[@id=\"__tile51\"]"}
COMMAND: POST /session/6c6cb6a8a370fc8e9b369c93884aa0ad/element/f.15418A1A81C0C7B7CE5FAC7FB907596B.d.CF56757665088C681FA0D5353F0D0CDD.e.2216/click - {}
RESULT: undefined
COMMAND: POST /session/6c6cb6a8a370fc8e9b369c93884aa0ad/execute/async - {"script":"<script> [6424 bytes]","args":[{"element-6066-11e4-a52e-4f735466cecf":"f.15418A1A81C0C7B7CE5FAC7FB907596B.d.CF56757665088C681FA0D5353F0D0CDD.e.297"},"getTitle",[]]}
COMMAND: POST /session/6c6cb6a8a370fc8e9b369c93884aa0ad/execute/async - {"script":"<script> [1562 bytes]","args":[{"selector":{"id":"shellAppTitle"},"wdio_ui5_key":"shellAppTitle"}]}
RESULT: {"script":"<script> [1562 bytes]","args":[{"selector":{"id":"shellAppTitle"},"wdio_ui5_key":"shellAppTitle"}]}
COMMAND: POST /session/6c6cb6a8a370fc8e9b369c93884aa0ad/execute/async - {"script":"<script> [6424 bytes]","args":[{"element-6066-11e4-a52e-4f735466cecf":"f.15418A1A81C0C7B7CE5FAC7FB907596B.d.CF56757665088C681FA0D5353F0D0CDD.e.2431"},"getTitle",[]]}
RESULT: {"script":"<script> [6424 bytes]","args":[{"element-6066-11e4-a52e-4f735466cecf":"f.15418A1A81C0C7B7CE5FAC7FB907596B.d.CF56757665088C681FA0D5353F0D0CDD.e.2431"},"getTitle",[]]}
RESULT: undefined
COMMAND: POST /session/6c6cb6a8a370fc8e9b369c93884aa0ad/element/f.15418A1A81C0C7B7CE5FAC7FB907596B.d.CF56757665088C681FA0D5353F0D0CDD.e.2214/click - {}
COMMAND: POST /session/6c6cb6a8a370fc8e9b369c93884aa0ad/element/f.15418A1A81C0C7B7CE5FAC7FB907596B.d.CF56757665088C681FA0D5353F0D0CDD.e.2214/click - {}
RESULT: {}
COMMAND: GET /session/6c6cb6a8a370fc8e9b369c93884aa0ad/screenshot - {}
COMMAND: POST /session/6c6cb6a8a370fc8e9b369c93884aa0ad/element - {"using":"xpath","value":"//*[@id=\"backBtn\"]"}
RESULT: {}
RESULT: {"using":"xpath","value":"//*[@id=\"backBtn\"]"}
COMMAND: POST /session/6c6cb6a8a370fc8e9b369c93884aa0ad/elements - {"using":"xpath","value":"//*[@id=\"backBtn\"]"}
RESULT: {"using":"xpath","value":"//*[@id=\"backBtn\"]"}
COMMAND: POST /session/6c6cb6a8a370fc8e9b369c93884aa0ad/elements - {"using":"xpath","value":"//*[@id=\"backBtn\"]"}
RESULT: {"using":"xpath","value":"//*[@id=\"backBtn\"]"}
COMMAND: POST /session/6c6cb6a8a370fc8e9b369c93884aa0ad/elements - {"using":"xpath","value":"//*[@id=\"backBtn\"]"}
RESULT: {"using":"xpath","value":"//*[@id=\"backBtn\"]"}
COMMAND: POST /session/6c6cb6a8a370fc8e9b369c93884aa0ad/elements - {"using":"xpath","value":"//*[@id=\"backBtn\"]"}
RESULT: {"using":"xpath","value":"//*[@id=\"backBtn\"]"}
COMMAND: POST /session/6c6cb6a8a370fc8e9b369c93884aa0ad/elements - {"using":"xpath","value":"//*[@id=\"backBtn\"]"}
RESULT: {"using":"xpath","value":"//*[@id=\"backBtn\"]"}
COMMAND: POST /session/6c6cb6a8a370fc8e9b369c93884aa0ad/elements - {"using":"xpath","value":"//*[@id=\"backBtn\"]"}
RESULT: {"using":"xpath","value":"//*[@id=\"backBtn\"]"}
COMMAND: POST /session/6c6cb6a8a370fc8e9b369c93884aa0ad/elements - {"using":"xpath","value":"//*[@id=\"backBtn\"]"}
RESULT: {"using":"xpath","value":"//*[@id=\"backBtn\"]"}
COMMAND: POST /session/6c6cb6a8a370fc8e9b369c93884aa0ad/elements - {"using":"xpath","value":"//*[@id=\"backBtn\"]"}
RESULT: {"using":"xpath","value":"//*[@id=\"backBtn\"]"}
COMMAND: POST /session/6c6cb6a8a370fc8e9b369c93884aa0ad/elements - {"using":"xpath","value":"//*[@id=\"backBtn\"]"}
RESULT: {"using":"xpath","value":"//*[@id=\"backBtn\"]"}
COMMAND: POST /session/6c6cb6a8a370fc8e9b369c93884aa0ad/elements - {"using":"xpath","value":"//*[@id=\"backBtn\"]"}
RESULT: {"using":"xpath","value":"//*[@id=\"backBtn\"]"}
COMMAND: POST /session/6c6cb6a8a370fc8e9b369c93884aa0ad/elements - {"using":"xpath","value":"//*[@id=\"backBtn\"]"}
RESULT: {"using":"xpath","value":"//*[@id=\"backBtn\"]"}
COMMAND: POST /session/6c6cb6a8a370fc8e9b369c93884aa0ad/elements - {"using":"xpath","value":"//*[@id=\"backBtn\"]"}
RESULT: {"using":"xpath","value":"//*[@id=\"backBtn\"]"}
COMMAND: POST /session/6c6cb6a8a370fc8e9b369c93884aa0ad/elements - {"using":"xpath","value":"//*[@id=\"backBtn\"]"}
RESULT: {"using":"xpath","value":"//*[@id=\"backBtn\"]"}
COMMAND: POST /session/6c6cb6a8a370fc8e9b369c93884aa0ad/elements - {"using":"xpath","value":"//*[@id=\"backBtn\"]"}
RESULT: {"using":"xpath","value":"//*[@id=\"backBtn\"]"}
COMMAND: POST /session/6c6cb6a8a370fc8e9b369c93884aa0ad/elements - {"using":"xpath","value":"//*[@id=\"backBtn\"]"}
RESULT: {"using":"xpath","value":"//*[@id=\"backBtn\"]"}
]]></system-out>
    </testcase>
    <testcase classname="chrome.136_0_7103_93.windows.Sanity_Tests_US104253" name="Should open Manage Conditions Prices page" time="52.016">
      <system-out><![CDATA[
COMMAND: POST /session/6c6cb6a8a370fc8e9b369c93884aa0ad/execute/async - {"script":"<script> [1562 bytes]","args":[{"selector":{"controlType":"sap.m.GenericTile","properties":{"header":"Manage Conditions & Prices"}},"wdio_ui5_key":"sapm.GenericTile{\"header\":\"Manage Conditions & Prices\"}"}]}
COMMAND: POST /session/6c6cb6a8a370fc8e9b369c93884aa0ad/elements - {"using":"xpath","value":"//*[@id=\"backBtn\"]"}
RESULT: {"script":"<script> [1562 bytes]","args":[{"selector":{"controlType":"sap.m.GenericTile","properties":{"header":"Manage Conditions & Prices"}},"wdio_ui5_key":"sapm.GenericTile{\"header\":\"Manage Conditions & Prices\"}"}]}
RESULT: undefined
COMMAND: POST /session/6c6cb6a8a370fc8e9b369c93884aa0ad/element - {"using":"xpath","value":"//*[@id=\"__tile53\"]"}
RESULT: {"using":"xpath","value":"//*[@id=\"backBtn\"]"}
RESULT: {"using":"xpath","value":"//*[@id=\"__tile53\"]"}
COMMAND: POST /session/6c6cb6a8a370fc8e9b369c93884aa0ad/element/f.15418A1A81C0C7B7CE5FAC7FB907596B.d.CF56757665088C681FA0D5353F0D0CDD.e.2433/click - {}
COMMAND: POST /session/6c6cb6a8a370fc8e9b369c93884aa0ad/elements - {"using":"xpath","value":"//*[@id=\"backBtn\"]"}
RESULT: {}
COMMAND: GET /session/6c6cb6a8a370fc8e9b369c93884aa0ad/screenshot - {}
RESULT: {"using":"xpath","value":"//*[@id=\"backBtn\"]"}
COMMAND: POST /session/6c6cb6a8a370fc8e9b369c93884aa0ad/elements - {"using":"xpath","value":"//*[@id=\"backBtn\"]"}
RESULT: {}
RESULT: {"using":"xpath","value":"//*[@id=\"backBtn\"]"}
COMMAND: POST /session/6c6cb6a8a370fc8e9b369c93884aa0ad/elements - {"using":"xpath","value":"//*[@id=\"backBtn\"]"}
RESULT: {"using":"xpath","value":"//*[@id=\"backBtn\"]"}
COMMAND: POST /session/6c6cb6a8a370fc8e9b369c93884aa0ad/elements - {"using":"xpath","value":"//*[@id=\"backBtn\"]"}
RESULT: {"using":"xpath","value":"//*[@id=\"backBtn\"]"}
COMMAND: POST /session/6c6cb6a8a370fc8e9b369c93884aa0ad/elements - {"using":"xpath","value":"//*[@id=\"backBtn\"]"}
COMMAND: POST /session/6c6cb6a8a370fc8e9b369c93884aa0ad/elements - {"using":"xpath","value":"//span[text()='Error']"}
RESULT: {"using":"xpath","value":"//*[@id=\"backBtn\"]"}
COMMAND: POST /session/6c6cb6a8a370fc8e9b369c93884aa0ad/element - {"using":"xpath","value":"//*[@id=\"backBtn\"]"}
RESULT: {"using":"xpath","value":"//span[text()='Error']"}
RESULT: {"using":"xpath","value":"//*[@id=\"backBtn\"]"}
COMMAND: POST /session/6c6cb6a8a370fc8e9b369c93884aa0ad/element/f.15418A1A81C0C7B7CE5FAC7FB907596B.d.CF56757665088C681FA0D5353F0D0CDD.e.2214/click - {}
COMMAND: POST /session/6c6cb6a8a370fc8e9b369c93884aa0ad/element - {"using":"xpath","value":"//*[@id=\"backBtn\"]"}
RESULT: {"using":"xpath","value":"//*[@id=\"backBtn\"]"}
COMMAND: POST /session/6c6cb6a8a370fc8e9b369c93884aa0ad/element/f.15418A1A81C0C7B7CE5FAC7FB907596B.d.CF56757665088C681FA0D5353F0D0CDD.e.2464/click - {}
RESULT: {}
COMMAND: GET /session/6c6cb6a8a370fc8e9b369c93884aa0ad/screenshot - {}
RESULT: {}
RESULT: undefined
COMMAND: POST /session/6c6cb6a8a370fc8e9b369c93884aa0ad/element - {"using":"xpath","value":"//*[@id=\"__tile53\"]"}
RESULT: {"using":"xpath","value":"//*[@id=\"__tile53\"]"}
COMMAND: POST /session/6c6cb6a8a370fc8e9b369c93884aa0ad/element/f.15418A1A81C0C7B7CE5FAC7FB907596B.d.CF56757665088C681FA0D5353F0D0CDD.e.2433/click - {}
RESULT: {}
RESULT: undefined
COMMAND: POST /session/6c6cb6a8a370fc8e9b369c93884aa0ad/element - {"using":"xpath","value":"//*[@id=\"__tile53\"]"}
COMMAND: GET /session/6c6cb6a8a370fc8e9b369c93884aa0ad/screenshot - {}
RESULT: {"using":"xpath","value":"//*[@id=\"__tile53\"]"}
COMMAND: POST /session/6c6cb6a8a370fc8e9b369c93884aa0ad/element/f.15418A1A81C0C7B7CE5FAC7FB907596B.d.CF56757665088C681FA0D5353F0D0CDD.e.2433/click - {}
RESULT: {}
RESULT: undefined
COMMAND: POST /session/6c6cb6a8a370fc8e9b369c93884aa0ad/execute/async - {"script":"<script> [6424 bytes]","args":[{"element-6066-11e4-a52e-4f735466cecf":"f.15418A1A81C0C7B7CE5FAC7FB907596B.d.CF56757665088C681FA0D5353F0D0CDD.e.297"},"getTitle",[]]}
COMMAND: POST /session/6c6cb6a8a370fc8e9b369c93884aa0ad/execute/async - {"script":"<script> [1562 bytes]","args":[{"selector":{"id":"shellAppTitle"},"wdio_ui5_key":"shellAppTitle"}]}
RESULT: {"script":"<script> [1562 bytes]","args":[{"selector":{"id":"shellAppTitle"},"wdio_ui5_key":"shellAppTitle"}]}
COMMAND: POST /session/6c6cb6a8a370fc8e9b369c93884aa0ad/execute/async - {"script":"<script> [6424 bytes]","args":[{"element-6066-11e4-a52e-4f735466cecf":"f.15418A1A81C0C7B7CE5FAC7FB907596B.d.CF56757665088C681FA0D5353F0D0CDD.e.2646"},"getTitle",[]]}
RESULT: {"script":"<script> [6424 bytes]","args":[{"element-6066-11e4-a52e-4f735466cecf":"f.15418A1A81C0C7B7CE5FAC7FB907596B.d.CF56757665088C681FA0D5353F0D0CDD.e.2646"},"getTitle",[]]}
RESULT: undefined
COMMAND: POST /session/6c6cb6a8a370fc8e9b369c93884aa0ad/element/f.15418A1A81C0C7B7CE5FAC7FB907596B.d.CF56757665088C681FA0D5353F0D0CDD.e.2464/click - {}
RESULT: {}
COMMAND: GET /session/6c6cb6a8a370fc8e9b369c93884aa0ad/screenshot - {}
RESULT: {}
]]></system-out>
    </testcase>
    <testcase classname="chrome.136_0_7103_93.windows.Sanity_Tests_US104253" name="Should open Billing Transfer page" time="37.872">
      <system-out><![CDATA[
COMMAND: POST /session/6c6cb6a8a370fc8e9b369c93884aa0ad/execute/async - {"script":"<script> [1562 bytes]","args":[{"selector":{"controlType":"sap.m.GenericTile","properties":{"header":"Billing Transfer"}},"wdio_ui5_key":"sapm.GenericTile{\"header\":\"Billing Transfer\"}"}]}
RESULT: {"script":"<script> [1562 bytes]","args":[{"selector":{"controlType":"sap.m.GenericTile","properties":{"header":"Billing Transfer"}},"wdio_ui5_key":"sapm.GenericTile{\"header\":\"Billing Transfer\"}"}]}
RESULT: undefined
COMMAND: POST /session/6c6cb6a8a370fc8e9b369c93884aa0ad/element - {"using":"xpath","value":"//*[@id=\"__tile50\"]"}
RESULT: {"using":"xpath","value":"//*[@id=\"__tile50\"]"}
COMMAND: POST /session/6c6cb6a8a370fc8e9b369c93884aa0ad/element/f.15418A1A81C0C7B7CE5FAC7FB907596B.d.CF56757665088C681FA0D5353F0D0CDD.e.2648/click - {}
RESULT: {}
COMMAND: GET /session/6c6cb6a8a370fc8e9b369c93884aa0ad/screenshot - {}
RESULT: {}
COMMAND: POST /session/6c6cb6a8a370fc8e9b369c93884aa0ad/elements - {"using":"xpath","value":"//span[text()='Error']"}
RESULT: {"using":"xpath","value":"//span[text()='Error']"}
RESULT: undefined
COMMAND: POST /session/6c6cb6a8a370fc8e9b369c93884aa0ad/element - {"using":"xpath","value":"//*[@id=\"__tile50\"]"}
RESULT: {"using":"xpath","value":"//*[@id=\"__tile50\"]"}
COMMAND: POST /session/6c6cb6a8a370fc8e9b369c93884aa0ad/element/f.15418A1A81C0C7B7CE5FAC7FB907596B.d.CF56757665088C681FA0D5353F0D0CDD.e.2648/click - {}
RESULT: undefined
COMMAND: POST /session/6c6cb6a8a370fc8e9b369c93884aa0ad/element - {"using":"xpath","value":"//*[@id=\"__tile50\"]"}
RESULT: {"using":"xpath","value":"//*[@id=\"__tile50\"]"}
COMMAND: POST /session/6c6cb6a8a370fc8e9b369c93884aa0ad/element/f.15418A1A81C0C7B7CE5FAC7FB907596B.d.CF56757665088C681FA0D5353F0D0CDD.e.2648/click - {}
RESULT: undefined
COMMAND: POST /session/6c6cb6a8a370fc8e9b369c93884aa0ad/execute/async - {"script":"<script> [6424 bytes]","args":[{"element-6066-11e4-a52e-4f735466cecf":"f.15418A1A81C0C7B7CE5FAC7FB907596B.d.CF56757665088C681FA0D5353F0D0CDD.e.297"},"getTitle",[]]}
COMMAND: POST /session/6c6cb6a8a370fc8e9b369c93884aa0ad/execute/async - {"script":"<script> [1562 bytes]","args":[{"selector":{"id":"shellAppTitle"},"wdio_ui5_key":"shellAppTitle"}]}
RESULT: {"script":"<script> [1562 bytes]","args":[{"selector":{"id":"shellAppTitle"},"wdio_ui5_key":"shellAppTitle"}]}
COMMAND: POST /session/6c6cb6a8a370fc8e9b369c93884aa0ad/execute/async - {"script":"<script> [6424 bytes]","args":[{"element-6066-11e4-a52e-4f735466cecf":"f.15418A1A81C0C7B7CE5FAC7FB907596B.d.CF56757665088C681FA0D5353F0D0CDD.e.2793"},"getTitle",[]]}
RESULT: {"script":"<script> [6424 bytes]","args":[{"element-6066-11e4-a52e-4f735466cecf":"f.15418A1A81C0C7B7CE5FAC7FB907596B.d.CF56757665088C681FA0D5353F0D0CDD.e.2793"},"getTitle",[]]}
RESULT: undefined
COMMAND: POST /session/6c6cb6a8a370fc8e9b369c93884aa0ad/element/f.15418A1A81C0C7B7CE5FAC7FB907596B.d.CF56757665088C681FA0D5353F0D0CDD.e.2464/click - {}
COMMAND: POST /session/6c6cb6a8a370fc8e9b369c93884aa0ad/element - {"using":"xpath","value":"//*[@id=\"backBtn\"]"}
RESULT: {"using":"xpath","value":"//*[@id=\"backBtn\"]"}
COMMAND: POST /session/6c6cb6a8a370fc8e9b369c93884aa0ad/element/f.15418A1A81C0C7B7CE5FAC7FB907596B.d.CF56757665088C681FA0D5353F0D0CDD.e.2464/click - {}
COMMAND: POST /session/6c6cb6a8a370fc8e9b369c93884aa0ad/element - {"using":"xpath","value":"//*[@id=\"backBtn\"]"}
RESULT: {"using":"xpath","value":"//*[@id=\"backBtn\"]"}
COMMAND: POST /session/6c6cb6a8a370fc8e9b369c93884aa0ad/element/f.15418A1A81C0C7B7CE5FAC7FB907596B.d.CF56757665088C681FA0D5353F0D0CDD.e.2794/click - {}
RESULT: {}
COMMAND: GET /session/6c6cb6a8a370fc8e9b369c93884aa0ad/screenshot - {}
RESULT: {}
]]></system-out>
    </testcase>
    <testcase classname="chrome.136_0_7103_93.windows.Sanity_Tests_US104253" name="Should open Manage Pricing Rules page" time="37.313">
      <system-out><![CDATA[
COMMAND: POST /session/6c6cb6a8a370fc8e9b369c93884aa0ad/execute/async - {"script":"<script> [1562 bytes]","args":[{"selector":{"controlType":"sap.m.GenericTile","properties":{"header":"Manage Pricing Rules"}},"wdio_ui5_key":"sapm.GenericTile{\"header\":\"Manage Pricing Rules\"}"}]}
RESULT: {"script":"<script> [1562 bytes]","args":[{"selector":{"controlType":"sap.m.GenericTile","properties":{"header":"Manage Pricing Rules"}},"wdio_ui5_key":"sapm.GenericTile{\"header\":\"Manage Pricing Rules\"}"}]}
RESULT: undefined
COMMAND: POST /session/6c6cb6a8a370fc8e9b369c93884aa0ad/element - {"using":"xpath","value":"//*[@id=\"__tile55\"]"}
RESULT: {"using":"xpath","value":"//*[@id=\"__tile55\"]"}
COMMAND: POST /session/6c6cb6a8a370fc8e9b369c93884aa0ad/element/f.15418A1A81C0C7B7CE5FAC7FB907596B.d.CF56757665088C681FA0D5353F0D0CDD.e.2796/click - {}
RESULT: {}
COMMAND: GET /session/6c6cb6a8a370fc8e9b369c93884aa0ad/screenshot - {}
RESULT: {}
COMMAND: POST /session/6c6cb6a8a370fc8e9b369c93884aa0ad/elements - {"using":"xpath","value":"//span[text()='Error']"}
RESULT: {"using":"xpath","value":"//span[text()='Error']"}
RESULT: undefined
COMMAND: POST /session/6c6cb6a8a370fc8e9b369c93884aa0ad/element - {"using":"xpath","value":"//*[@id=\"__tile55\"]"}
RESULT: {"using":"xpath","value":"//*[@id=\"__tile55\"]"}
COMMAND: POST /session/6c6cb6a8a370fc8e9b369c93884aa0ad/element/f.15418A1A81C0C7B7CE5FAC7FB907596B.d.CF56757665088C681FA0D5353F0D0CDD.e.2796/click - {}
RESULT: undefined
COMMAND: POST /session/6c6cb6a8a370fc8e9b369c93884aa0ad/element - {"using":"xpath","value":"//*[@id=\"__tile55\"]"}
RESULT: {"using":"xpath","value":"//*[@id=\"__tile55\"]"}
COMMAND: POST /session/6c6cb6a8a370fc8e9b369c93884aa0ad/element/f.15418A1A81C0C7B7CE5FAC7FB907596B.d.CF56757665088C681FA0D5353F0D0CDD.e.2796/click - {}
RESULT: undefined
COMMAND: POST /session/6c6cb6a8a370fc8e9b369c93884aa0ad/execute/async - {"script":"<script> [6424 bytes]","args":[{"element-6066-11e4-a52e-4f735466cecf":"f.15418A1A81C0C7B7CE5FAC7FB907596B.d.CF56757665088C681FA0D5353F0D0CDD.e.297"},"getTitle",[]]}
COMMAND: POST /session/6c6cb6a8a370fc8e9b369c93884aa0ad/execute/async - {"script":"<script> [1562 bytes]","args":[{"selector":{"id":"shellAppTitle"},"wdio_ui5_key":"shellAppTitle"}]}
RESULT: {"script":"<script> [1562 bytes]","args":[{"selector":{"id":"shellAppTitle"},"wdio_ui5_key":"shellAppTitle"}]}
COMMAND: POST /session/6c6cb6a8a370fc8e9b369c93884aa0ad/execute/async - {"script":"<script> [6424 bytes]","args":[{"element-6066-11e4-a52e-4f735466cecf":"f.15418A1A81C0C7B7CE5FAC7FB907596B.d.CF56757665088C681FA0D5353F0D0CDD.e.2844"},"getTitle",[]]}
RESULT: {"script":"<script> [6424 bytes]","args":[{"element-6066-11e4-a52e-4f735466cecf":"f.15418A1A81C0C7B7CE5FAC7FB907596B.d.CF56757665088C681FA0D5353F0D0CDD.e.2844"},"getTitle",[]]}
RESULT: undefined
COMMAND: POST /session/6c6cb6a8a370fc8e9b369c93884aa0ad/element/f.15418A1A81C0C7B7CE5FAC7FB907596B.d.CF56757665088C681FA0D5353F0D0CDD.e.2794/click - {}
RESULT: {}
COMMAND: GET /session/6c6cb6a8a370fc8e9b369c93884aa0ad/screenshot - {}
RESULT: {}
]]></system-out>
    </testcase>
    <testcase classname="chrome.136_0_7103_93.windows.Sanity_Tests_US104253" name="Should open Manage Price Determination Matrices page" time="38.666">
      <system-out><![CDATA[
COMMAND: POST /session/6c6cb6a8a370fc8e9b369c93884aa0ad/execute/async - {"script":"<script> [1562 bytes]","args":[{"selector":{"controlType":"sap.m.GenericTile","properties":{"header":"Manage Price Determination Matrices"}},"wdio_ui5_key":"sapm.GenericTile{\"header\":\"Manage Price Determination Matrices\"}"}]}
RESULT: {"script":"<script> [1562 bytes]","args":[{"selector":{"controlType":"sap.m.GenericTile","properties":{"header":"Manage Price Determination Matrices"}},"wdio_ui5_key":"sapm.GenericTile{\"header\":\"Manage Price Determination Matrices\"}"}]}
RESULT: undefined
COMMAND: POST /session/6c6cb6a8a370fc8e9b369c93884aa0ad/element - {"using":"xpath","value":"//*[@id=\"__tile54\"]"}
RESULT: {"using":"xpath","value":"//*[@id=\"__tile54\"]"}
COMMAND: POST /session/6c6cb6a8a370fc8e9b369c93884aa0ad/element/f.15418A1A81C0C7B7CE5FAC7FB907596B.d.CF56757665088C681FA0D5353F0D0CDD.e.2846/click - {}
RESULT: {}
COMMAND: GET /session/6c6cb6a8a370fc8e9b369c93884aa0ad/screenshot - {}
RESULT: {}
COMMAND: POST /session/6c6cb6a8a370fc8e9b369c93884aa0ad/elements - {"using":"xpath","value":"//span[text()='Error']"}
RESULT: {"using":"xpath","value":"//span[text()='Error']"}
RESULT: undefined
COMMAND: POST /session/6c6cb6a8a370fc8e9b369c93884aa0ad/element - {"using":"xpath","value":"//*[@id=\"__tile54\"]"}
RESULT: {"using":"xpath","value":"//*[@id=\"__tile54\"]"}
COMMAND: POST /session/6c6cb6a8a370fc8e9b369c93884aa0ad/element/f.15418A1A81C0C7B7CE5FAC7FB907596B.d.CF56757665088C681FA0D5353F0D0CDD.e.2846/click - {}
RESULT: undefined
COMMAND: POST /session/6c6cb6a8a370fc8e9b369c93884aa0ad/element - {"using":"xpath","value":"//*[@id=\"__tile54\"]"}
RESULT: {"using":"xpath","value":"//*[@id=\"__tile54\"]"}
COMMAND: POST /session/6c6cb6a8a370fc8e9b369c93884aa0ad/element/f.15418A1A81C0C7B7CE5FAC7FB907596B.d.CF56757665088C681FA0D5353F0D0CDD.e.2846/click - {}
RESULT: undefined
COMMAND: POST /session/6c6cb6a8a370fc8e9b369c93884aa0ad/execute/async - {"script":"<script> [6424 bytes]","args":[{"element-6066-11e4-a52e-4f735466cecf":"f.15418A1A81C0C7B7CE5FAC7FB907596B.d.CF56757665088C681FA0D5353F0D0CDD.e.297"},"getTitle",[]]}
COMMAND: POST /session/6c6cb6a8a370fc8e9b369c93884aa0ad/execute/async - {"script":"<script> [1562 bytes]","args":[{"selector":{"id":"shellAppTitle"},"wdio_ui5_key":"shellAppTitle"}]}
RESULT: {"script":"<script> [1562 bytes]","args":[{"selector":{"id":"shellAppTitle"},"wdio_ui5_key":"shellAppTitle"}]}
COMMAND: POST /session/6c6cb6a8a370fc8e9b369c93884aa0ad/execute/async - {"script":"<script> [6424 bytes]","args":[{"element-6066-11e4-a52e-4f735466cecf":"f.15418A1A81C0C7B7CE5FAC7FB907596B.d.CF56757665088C681FA0D5353F0D0CDD.e.2929"},"getTitle",[]]}
RESULT: {"script":"<script> [6424 bytes]","args":[{"element-6066-11e4-a52e-4f735466cecf":"f.15418A1A81C0C7B7CE5FAC7FB907596B.d.CF56757665088C681FA0D5353F0D0CDD.e.2929"},"getTitle",[]]}
RESULT: undefined
COMMAND: POST /session/6c6cb6a8a370fc8e9b369c93884aa0ad/element/f.15418A1A81C0C7B7CE5FAC7FB907596B.d.CF56757665088C681FA0D5353F0D0CDD.e.2794/click - {}
COMMAND: POST /session/6c6cb6a8a370fc8e9b369c93884aa0ad/element - {"using":"xpath","value":"//*[@id=\"backBtn\"]"}
RESULT: {"using":"xpath","value":"//*[@id=\"backBtn\"]"}
COMMAND: POST /session/6c6cb6a8a370fc8e9b369c93884aa0ad/element/f.15418A1A81C0C7B7CE5FAC7FB907596B.d.CF56757665088C681FA0D5353F0D0CDD.e.2794/click - {}
COMMAND: POST /session/6c6cb6a8a370fc8e9b369c93884aa0ad/element - {"using":"xpath","value":"//*[@id=\"backBtn\"]"}
RESULT: {"using":"xpath","value":"//*[@id=\"backBtn\"]"}
COMMAND: POST /session/6c6cb6a8a370fc8e9b369c93884aa0ad/element/f.15418A1A81C0C7B7CE5FAC7FB907596B.d.CF56757665088C681FA0D5353F0D0CDD.e.2930/click - {}
RESULT: {}
COMMAND: GET /session/6c6cb6a8a370fc8e9b369c93884aa0ad/screenshot - {}
RESULT: {}
]]></system-out>
    </testcase>
    <testcase classname="chrome.136_0_7103_93.windows.Sanity_Tests_US104253" name="Should open Yard Overview page" time="37.862">
      <system-out><![CDATA[
COMMAND: POST /session/6c6cb6a8a370fc8e9b369c93884aa0ad/execute/async - {"script":"<script> [1562 bytes]","args":[{"selector":{"controlType":"sap.m.GenericTile","properties":{"header":"Yard Overview"}},"wdio_ui5_key":"sapm.GenericTile{\"header\":\"Yard Overview\"}"}]}
RESULT: {"script":"<script> [1562 bytes]","args":[{"selector":{"controlType":"sap.m.GenericTile","properties":{"header":"Yard Overview"}},"wdio_ui5_key":"sapm.GenericTile{\"header\":\"Yard Overview\"}"}]}
RESULT: undefined
COMMAND: POST /session/6c6cb6a8a370fc8e9b369c93884aa0ad/element - {"using":"xpath","value":"//*[@id=\"__tile102\"]"}
RESULT: {"using":"xpath","value":"//*[@id=\"__tile102\"]"}
COMMAND: POST /session/6c6cb6a8a370fc8e9b369c93884aa0ad/element/f.15418A1A81C0C7B7CE5FAC7FB907596B.d.CF56757665088C681FA0D5353F0D0CDD.e.2932/click - {}
RESULT: {}
COMMAND: GET /session/6c6cb6a8a370fc8e9b369c93884aa0ad/screenshot - {}
RESULT: {}
COMMAND: POST /session/6c6cb6a8a370fc8e9b369c93884aa0ad/elements - {"using":"xpath","value":"//span[text()='Error']"}
RESULT: {"using":"xpath","value":"//span[text()='Error']"}
RESULT: undefined
COMMAND: POST /session/6c6cb6a8a370fc8e9b369c93884aa0ad/element - {"using":"xpath","value":"//*[@id=\"__tile102\"]"}
RESULT: {"using":"xpath","value":"//*[@id=\"__tile102\"]"}
COMMAND: POST /session/6c6cb6a8a370fc8e9b369c93884aa0ad/element/f.15418A1A81C0C7B7CE5FAC7FB907596B.d.CF56757665088C681FA0D5353F0D0CDD.e.2932/click - {}
RESULT: undefined
COMMAND: POST /session/6c6cb6a8a370fc8e9b369c93884aa0ad/element - {"using":"xpath","value":"//*[@id=\"__tile102\"]"}
RESULT: {"using":"xpath","value":"//*[@id=\"__tile102\"]"}
COMMAND: POST /session/6c6cb6a8a370fc8e9b369c93884aa0ad/element/f.15418A1A81C0C7B7CE5FAC7FB907596B.d.CF56757665088C681FA0D5353F0D0CDD.e.2932/click - {}
RESULT: undefined
COMMAND: POST /session/6c6cb6a8a370fc8e9b369c93884aa0ad/execute/async - {"script":"<script> [6424 bytes]","args":[{"element-6066-11e4-a52e-4f735466cecf":"f.15418A1A81C0C7B7CE5FAC7FB907596B.d.CF56757665088C681FA0D5353F0D0CDD.e.297"},"getTitle",[]]}
COMMAND: POST /session/6c6cb6a8a370fc8e9b369c93884aa0ad/execute/async - {"script":"<script> [1562 bytes]","args":[{"selector":{"id":"shellAppTitle"},"wdio_ui5_key":"shellAppTitle"}]}
RESULT: {"script":"<script> [1562 bytes]","args":[{"selector":{"id":"shellAppTitle"},"wdio_ui5_key":"shellAppTitle"}]}
COMMAND: POST /session/6c6cb6a8a370fc8e9b369c93884aa0ad/execute/async - {"script":"<script> [6424 bytes]","args":[{"element-6066-11e4-a52e-4f735466cecf":"f.15418A1A81C0C7B7CE5FAC7FB907596B.d.CF56757665088C681FA0D5353F0D0CDD.e.2993"},"getTitle",[]]}
RESULT: {"script":"<script> [6424 bytes]","args":[{"element-6066-11e4-a52e-4f735466cecf":"f.15418A1A81C0C7B7CE5FAC7FB907596B.d.CF56757665088C681FA0D5353F0D0CDD.e.2993"},"getTitle",[]]}
RESULT: undefined
COMMAND: POST /session/6c6cb6a8a370fc8e9b369c93884aa0ad/element/f.15418A1A81C0C7B7CE5FAC7FB907596B.d.CF56757665088C681FA0D5353F0D0CDD.e.2930/click - {}
RESULT: {}
COMMAND: GET /session/6c6cb6a8a370fc8e9b369c93884aa0ad/screenshot - {}
RESULT: {}
]]></system-out>
    </testcase>
    <testcase classname="chrome.136_0_7103_93.windows.Sanity_Tests_US104253" name="Should open Site Overview page" time="45.881">
      <system-out><![CDATA[
COMMAND: POST /session/6c6cb6a8a370fc8e9b369c93884aa0ad/execute/async - {"script":"<script> [1562 bytes]","args":[{"selector":{"controlType":"sap.m.GenericTile","properties":{"header":"Site Overview"}},"wdio_ui5_key":"sapm.GenericTile{\"header\":\"Site Overview\"}"}]}
RESULT: {"script":"<script> [1562 bytes]","args":[{"selector":{"controlType":"sap.m.GenericTile","properties":{"header":"Site Overview"}},"wdio_ui5_key":"sapm.GenericTile{\"header\":\"Site Overview\"}"}]}
RESULT: undefined
COMMAND: POST /session/6c6cb6a8a370fc8e9b369c93884aa0ad/element - {"using":"xpath","value":"//*[@id=\"__tile100\"]"}
RESULT: {"using":"xpath","value":"//*[@id=\"__tile100\"]"}
COMMAND: POST /session/6c6cb6a8a370fc8e9b369c93884aa0ad/element/f.15418A1A81C0C7B7CE5FAC7FB907596B.d.CF56757665088C681FA0D5353F0D0CDD.e.2996/click - {}
RESULT: {}
COMMAND: GET /session/6c6cb6a8a370fc8e9b369c93884aa0ad/screenshot - {}
RESULT: {}
COMMAND: POST /session/6c6cb6a8a370fc8e9b369c93884aa0ad/elements - {"using":"xpath","value":"//span[text()='Error']"}
RESULT: {"using":"xpath","value":"//span[text()='Error']"}
RESULT: undefined
COMMAND: POST /session/6c6cb6a8a370fc8e9b369c93884aa0ad/element - {"using":"xpath","value":"//*[@id=\"__tile100\"]"}
RESULT: {"using":"xpath","value":"//*[@id=\"__tile100\"]"}
COMMAND: POST /session/6c6cb6a8a370fc8e9b369c93884aa0ad/element/f.15418A1A81C0C7B7CE5FAC7FB907596B.d.CF56757665088C681FA0D5353F0D0CDD.e.2996/click - {}
RESULT: undefined
COMMAND: POST /session/6c6cb6a8a370fc8e9b369c93884aa0ad/element - {"using":"xpath","value":"//*[@id=\"__tile100\"]"}
RESULT: {"using":"xpath","value":"//*[@id=\"__tile100\"]"}
COMMAND: POST /session/6c6cb6a8a370fc8e9b369c93884aa0ad/element/f.15418A1A81C0C7B7CE5FAC7FB907596B.d.CF56757665088C681FA0D5353F0D0CDD.e.2996/click - {}
RESULT: undefined
COMMAND: POST /session/6c6cb6a8a370fc8e9b369c93884aa0ad/execute/async - {"script":"<script> [6424 bytes]","args":[{"element-6066-11e4-a52e-4f735466cecf":"f.15418A1A81C0C7B7CE5FAC7FB907596B.d.CF56757665088C681FA0D5353F0D0CDD.e.297"},"getTitle",[]]}
COMMAND: POST /session/6c6cb6a8a370fc8e9b369c93884aa0ad/execute/async - {"script":"<script> [1562 bytes]","args":[{"selector":{"id":"shellAppTitle"},"wdio_ui5_key":"shellAppTitle"}]}
RESULT: {"script":"<script> [1562 bytes]","args":[{"selector":{"id":"shellAppTitle"},"wdio_ui5_key":"shellAppTitle"}]}
COMMAND: POST /session/6c6cb6a8a370fc8e9b369c93884aa0ad/execute/async - {"script":"<script> [6424 bytes]","args":[{"element-6066-11e4-a52e-4f735466cecf":"f.15418A1A81C0C7B7CE5FAC7FB907596B.d.CF56757665088C681FA0D5353F0D0CDD.e.3116"},"getTitle",[]]}
RESULT: {"script":"<script> [6424 bytes]","args":[{"element-6066-11e4-a52e-4f735466cecf":"f.15418A1A81C0C7B7CE5FAC7FB907596B.d.CF56757665088C681FA0D5353F0D0CDD.e.3116"},"getTitle",[]]}
RESULT: undefined
COMMAND: POST /session/6c6cb6a8a370fc8e9b369c93884aa0ad/element/f.15418A1A81C0C7B7CE5FAC7FB907596B.d.CF56757665088C681FA0D5353F0D0CDD.e.2930/click - {}
COMMAND: POST /session/6c6cb6a8a370fc8e9b369c93884aa0ad/element - {"using":"xpath","value":"//*[@id=\"backBtn\"]"}
RESULT: {"using":"xpath","value":"//*[@id=\"backBtn\"]"}
COMMAND: POST /session/6c6cb6a8a370fc8e9b369c93884aa0ad/element/f.15418A1A81C0C7B7CE5FAC7FB907596B.d.CF56757665088C681FA0D5353F0D0CDD.e.2930/click - {}
COMMAND: POST /session/6c6cb6a8a370fc8e9b369c93884aa0ad/element - {"using":"xpath","value":"//*[@id=\"backBtn\"]"}
RESULT: {"using":"xpath","value":"//*[@id=\"backBtn\"]"}
COMMAND: POST /session/6c6cb6a8a370fc8e9b369c93884aa0ad/element/f.15418A1A81C0C7B7CE5FAC7FB907596B.d.CF56757665088C681FA0D5353F0D0CDD.e.3117/click - {}
RESULT: {}
COMMAND: GET /session/6c6cb6a8a370fc8e9b369c93884aa0ad/screenshot - {}
RESULT: {}
]]></system-out>
    </testcase>
    <testcase classname="chrome.136_0_7103_93.windows.Sanity_Tests_US104253" name="Should open Trace Track Resources page" time="37.291">
      <system-out><![CDATA[
COMMAND: POST /session/6c6cb6a8a370fc8e9b369c93884aa0ad/execute/async - {"script":"<script> [1562 bytes]","args":[{"selector":{"controlType":"sap.m.GenericTile","properties":{"header":"Trace & Track Resources"}},"wdio_ui5_key":"sapm.GenericTile{\"header\":\"Trace & Track Resources\"}"}]}
RESULT: {"script":"<script> [1562 bytes]","args":[{"selector":{"controlType":"sap.m.GenericTile","properties":{"header":"Trace & Track Resources"}},"wdio_ui5_key":"sapm.GenericTile{\"header\":\"Trace & Track Resources\"}"}]}
RESULT: undefined
COMMAND: POST /session/6c6cb6a8a370fc8e9b369c93884aa0ad/element - {"using":"xpath","value":"//*[@id=\"__tile101\"]"}
RESULT: {"using":"xpath","value":"//*[@id=\"__tile101\"]"}
COMMAND: POST /session/6c6cb6a8a370fc8e9b369c93884aa0ad/element/f.15418A1A81C0C7B7CE5FAC7FB907596B.d.CF56757665088C681FA0D5353F0D0CDD.e.3119/click - {}
RESULT: {}
COMMAND: GET /session/6c6cb6a8a370fc8e9b369c93884aa0ad/screenshot - {}
RESULT: {}
COMMAND: POST /session/6c6cb6a8a370fc8e9b369c93884aa0ad/elements - {"using":"xpath","value":"//span[text()='Error']"}
RESULT: {"using":"xpath","value":"//span[text()='Error']"}
RESULT: undefined
COMMAND: POST /session/6c6cb6a8a370fc8e9b369c93884aa0ad/element - {"using":"xpath","value":"//*[@id=\"__tile101\"]"}
RESULT: {"using":"xpath","value":"//*[@id=\"__tile101\"]"}
COMMAND: POST /session/6c6cb6a8a370fc8e9b369c93884aa0ad/element/f.15418A1A81C0C7B7CE5FAC7FB907596B.d.CF56757665088C681FA0D5353F0D0CDD.e.3119/click - {}
RESULT: undefined
COMMAND: POST /session/6c6cb6a8a370fc8e9b369c93884aa0ad/element - {"using":"xpath","value":"//*[@id=\"__tile101\"]"}
RESULT: {"using":"xpath","value":"//*[@id=\"__tile101\"]"}
COMMAND: POST /session/6c6cb6a8a370fc8e9b369c93884aa0ad/element/f.15418A1A81C0C7B7CE5FAC7FB907596B.d.CF56757665088C681FA0D5353F0D0CDD.e.3119/click - {}
RESULT: undefined
COMMAND: POST /session/6c6cb6a8a370fc8e9b369c93884aa0ad/execute/async - {"script":"<script> [6424 bytes]","args":[{"element-6066-11e4-a52e-4f735466cecf":"f.15418A1A81C0C7B7CE5FAC7FB907596B.d.CF56757665088C681FA0D5353F0D0CDD.e.297"},"getTitle",[]]}
COMMAND: POST /session/6c6cb6a8a370fc8e9b369c93884aa0ad/execute/async - {"script":"<script> [1562 bytes]","args":[{"selector":{"id":"shellAppTitle"},"wdio_ui5_key":"shellAppTitle"}]}
RESULT: {"script":"<script> [1562 bytes]","args":[{"selector":{"id":"shellAppTitle"},"wdio_ui5_key":"shellAppTitle"}]}
COMMAND: POST /session/6c6cb6a8a370fc8e9b369c93884aa0ad/execute/async - {"script":"<script> [6424 bytes]","args":[{"element-6066-11e4-a52e-4f735466cecf":"f.15418A1A81C0C7B7CE5FAC7FB907596B.d.CF56757665088C681FA0D5353F0D0CDD.e.3155"},"getTitle",[]]}
RESULT: {"script":"<script> [6424 bytes]","args":[{"element-6066-11e4-a52e-4f735466cecf":"f.15418A1A81C0C7B7CE5FAC7FB907596B.d.CF56757665088C681FA0D5353F0D0CDD.e.3155"},"getTitle",[]]}
RESULT: undefined
COMMAND: POST /session/6c6cb6a8a370fc8e9b369c93884aa0ad/element/f.15418A1A81C0C7B7CE5FAC7FB907596B.d.CF56757665088C681FA0D5353F0D0CDD.e.3117/click - {}
RESULT: {}
COMMAND: GET /session/6c6cb6a8a370fc8e9b369c93884aa0ad/screenshot - {}
RESULT: {}
]]></system-out>
    </testcase>
    <testcase classname="chrome.136_0_7103_93.windows.Sanity_Tests_US104253" name="Should open RU Inventory List page" time="45.029">
      <system-out><![CDATA[
COMMAND: POST /session/6c6cb6a8a370fc8e9b369c93884aa0ad/execute/async - {"script":"<script> [1562 bytes]","args":[{"selector":{"controlType":"sap.m.GenericTile","properties":{"header":"RU Inventory List"}},"wdio_ui5_key":"sapm.GenericTile{\"header\":\"RU Inventory List\"}"}]}
RESULT: {"script":"<script> [1562 bytes]","args":[{"selector":{"controlType":"sap.m.GenericTile","properties":{"header":"RU Inventory List"}},"wdio_ui5_key":"sapm.GenericTile{\"header\":\"RU Inventory List\"}"}]}
RESULT: undefined
COMMAND: POST /session/6c6cb6a8a370fc8e9b369c93884aa0ad/element - {"using":"xpath","value":"//*[@id=\"__tile99\"]"}
RESULT: {"using":"xpath","value":"//*[@id=\"__tile99\"]"}
COMMAND: POST /session/6c6cb6a8a370fc8e9b369c93884aa0ad/element/f.15418A1A81C0C7B7CE5FAC7FB907596B.d.CF56757665088C681FA0D5353F0D0CDD.e.3157/click - {}
RESULT: {}
COMMAND: GET /session/6c6cb6a8a370fc8e9b369c93884aa0ad/screenshot - {}
RESULT: {}
COMMAND: POST /session/6c6cb6a8a370fc8e9b369c93884aa0ad/elements - {"using":"xpath","value":"//span[text()='Error']"}
RESULT: {"using":"xpath","value":"//span[text()='Error']"}
RESULT: undefined
COMMAND: POST /session/6c6cb6a8a370fc8e9b369c93884aa0ad/element - {"using":"xpath","value":"//*[@id=\"__tile99\"]"}
RESULT: {"using":"xpath","value":"//*[@id=\"__tile99\"]"}
COMMAND: POST /session/6c6cb6a8a370fc8e9b369c93884aa0ad/element/f.15418A1A81C0C7B7CE5FAC7FB907596B.d.CF56757665088C681FA0D5353F0D0CDD.e.3157/click - {}
RESULT: undefined
COMMAND: POST /session/6c6cb6a8a370fc8e9b369c93884aa0ad/element - {"using":"xpath","value":"//*[@id=\"__tile99\"]"}
RESULT: {"using":"xpath","value":"//*[@id=\"__tile99\"]"}
COMMAND: POST /session/6c6cb6a8a370fc8e9b369c93884aa0ad/element/f.15418A1A81C0C7B7CE5FAC7FB907596B.d.CF56757665088C681FA0D5353F0D0CDD.e.3157/click - {}
RESULT: undefined
COMMAND: POST /session/6c6cb6a8a370fc8e9b369c93884aa0ad/execute/async - {"script":"<script> [6424 bytes]","args":[{"element-6066-11e4-a52e-4f735466cecf":"f.15418A1A81C0C7B7CE5FAC7FB907596B.d.CF56757665088C681FA0D5353F0D0CDD.e.297"},"getTitle",[]]}
COMMAND: POST /session/6c6cb6a8a370fc8e9b369c93884aa0ad/execute/async - {"script":"<script> [1562 bytes]","args":[{"selector":{"id":"shellAppTitle"},"wdio_ui5_key":"shellAppTitle"}]}
RESULT: {"script":"<script> [1562 bytes]","args":[{"selector":{"id":"shellAppTitle"},"wdio_ui5_key":"shellAppTitle"}]}
COMMAND: POST /session/6c6cb6a8a370fc8e9b369c93884aa0ad/execute/async - {"script":"<script> [6424 bytes]","args":[{"element-6066-11e4-a52e-4f735466cecf":"f.15418A1A81C0C7B7CE5FAC7FB907596B.d.CF56757665088C681FA0D5353F0D0CDD.e.3356"},"getTitle",[]]}
RESULT: {"script":"<script> [6424 bytes]","args":[{"element-6066-11e4-a52e-4f735466cecf":"f.15418A1A81C0C7B7CE5FAC7FB907596B.d.CF56757665088C681FA0D5353F0D0CDD.e.3356"},"getTitle",[]]}
RESULT: undefined
COMMAND: POST /session/6c6cb6a8a370fc8e9b369c93884aa0ad/element/f.15418A1A81C0C7B7CE5FAC7FB907596B.d.CF56757665088C681FA0D5353F0D0CDD.e.3117/click - {}
COMMAND: POST /session/6c6cb6a8a370fc8e9b369c93884aa0ad/element - {"using":"xpath","value":"//*[@id=\"backBtn\"]"}
RESULT: {"using":"xpath","value":"//*[@id=\"backBtn\"]"}
COMMAND: POST /session/6c6cb6a8a370fc8e9b369c93884aa0ad/element/f.15418A1A81C0C7B7CE5FAC7FB907596B.d.CF56757665088C681FA0D5353F0D0CDD.e.3117/click - {}
COMMAND: POST /session/6c6cb6a8a370fc8e9b369c93884aa0ad/element - {"using":"xpath","value":"//*[@id=\"backBtn\"]"}
RESULT: {"using":"xpath","value":"//*[@id=\"backBtn\"]"}
COMMAND: POST /session/6c6cb6a8a370fc8e9b369c93884aa0ad/element/f.15418A1A81C0C7B7CE5FAC7FB907596B.d.CF56757665088C681FA0D5353F0D0CDD.e.3357/click - {}
RESULT: {}
COMMAND: GET /session/6c6cb6a8a370fc8e9b369c93884aa0ad/screenshot - {}
RESULT: {}
]]></system-out>
    </testcase>
    <testcase classname="chrome.136_0_7103_93.windows.Sanity_Tests_US104253" name="Should open Contracts Dashboard page" time="40.221">
      <system-out><![CDATA[
COMMAND: POST /session/6c6cb6a8a370fc8e9b369c93884aa0ad/execute/async - {"script":"<script> [1562 bytes]","args":[{"selector":{"controlType":"sap.m.GenericTile","properties":{"header":"Contracts Dashboard"}},"wdio_ui5_key":"sapm.GenericTile{\"header\":\"Contracts Dashboard\"}"}]}
RESULT: {"script":"<script> [1562 bytes]","args":[{"selector":{"controlType":"sap.m.GenericTile","properties":{"header":"Contracts Dashboard"}},"wdio_ui5_key":"sapm.GenericTile{\"header\":\"Contracts Dashboard\"}"}]}
RESULT: undefined
COMMAND: POST /session/6c6cb6a8a370fc8e9b369c93884aa0ad/element - {"using":"xpath","value":"//*[@id=\"__tile97\"]"}
RESULT: {"using":"xpath","value":"//*[@id=\"__tile97\"]"}
COMMAND: POST /session/6c6cb6a8a370fc8e9b369c93884aa0ad/element/f.15418A1A81C0C7B7CE5FAC7FB907596B.d.CF56757665088C681FA0D5353F0D0CDD.e.3359/click - {}
RESULT: {}
COMMAND: GET /session/6c6cb6a8a370fc8e9b369c93884aa0ad/screenshot - {}
RESULT: {}
COMMAND: POST /session/6c6cb6a8a370fc8e9b369c93884aa0ad/elements - {"using":"xpath","value":"//span[text()='Error']"}
RESULT: {"using":"xpath","value":"//span[text()='Error']"}
RESULT: undefined
COMMAND: POST /session/6c6cb6a8a370fc8e9b369c93884aa0ad/element - {"using":"xpath","value":"//*[@id=\"__tile97\"]"}
RESULT: {"using":"xpath","value":"//*[@id=\"__tile97\"]"}
COMMAND: POST /session/6c6cb6a8a370fc8e9b369c93884aa0ad/element/f.15418A1A81C0C7B7CE5FAC7FB907596B.d.CF56757665088C681FA0D5353F0D0CDD.e.3359/click - {}
RESULT: undefined
COMMAND: POST /session/6c6cb6a8a370fc8e9b369c93884aa0ad/element - {"using":"xpath","value":"//*[@id=\"__tile97\"]"}
RESULT: {"using":"xpath","value":"//*[@id=\"__tile97\"]"}
COMMAND: POST /session/6c6cb6a8a370fc8e9b369c93884aa0ad/element/f.15418A1A81C0C7B7CE5FAC7FB907596B.d.CF56757665088C681FA0D5353F0D0CDD.e.3359/click - {}
RESULT: undefined
COMMAND: POST /session/6c6cb6a8a370fc8e9b369c93884aa0ad/execute/async - {"script":"<script> [6424 bytes]","args":[{"element-6066-11e4-a52e-4f735466cecf":"f.15418A1A81C0C7B7CE5FAC7FB907596B.d.CF56757665088C681FA0D5353F0D0CDD.e.297"},"getTitle",[]]}
COMMAND: POST /session/6c6cb6a8a370fc8e9b369c93884aa0ad/execute/async - {"script":"<script> [1562 bytes]","args":[{"selector":{"id":"shellAppTitle"},"wdio_ui5_key":"shellAppTitle"}]}
RESULT: {"script":"<script> [1562 bytes]","args":[{"selector":{"id":"shellAppTitle"},"wdio_ui5_key":"shellAppTitle"}]}
COMMAND: POST /session/6c6cb6a8a370fc8e9b369c93884aa0ad/execute/async - {"script":"<script> [6424 bytes]","args":[{"element-6066-11e4-a52e-4f735466cecf":"f.15418A1A81C0C7B7CE5FAC7FB907596B.d.CF56757665088C681FA0D5353F0D0CDD.e.3383"},"getTitle",[]]}
RESULT: {"script":"<script> [6424 bytes]","args":[{"element-6066-11e4-a52e-4f735466cecf":"f.15418A1A81C0C7B7CE5FAC7FB907596B.d.CF56757665088C681FA0D5353F0D0CDD.e.3383"},"getTitle",[]]}
RESULT: undefined
COMMAND: POST /session/6c6cb6a8a370fc8e9b369c93884aa0ad/element/f.15418A1A81C0C7B7CE5FAC7FB907596B.d.CF56757665088C681FA0D5353F0D0CDD.e.3357/click - {}
RESULT: {}
COMMAND: GET /session/6c6cb6a8a370fc8e9b369c93884aa0ad/screenshot - {}
RESULT: {}
]]></system-out>
    </testcase>
    <testcase classname="chrome.136_0_7103_93.windows.Sanity_Tests_US104253" name="Should open Bin Status Report page" time="46.542">
      <system-out><![CDATA[
COMMAND: POST /session/6c6cb6a8a370fc8e9b369c93884aa0ad/execute/async - {"script":"<script> [1562 bytes]","args":[{"selector":{"controlType":"sap.m.GenericTile","properties":{"header":"Bin Status Report"}},"wdio_ui5_key":"sapm.GenericTile{\"header\":\"Bin Status Report\"}"}]}
RESULT: {"script":"<script> [1562 bytes]","args":[{"selector":{"controlType":"sap.m.GenericTile","properties":{"header":"Bin Status Report"}},"wdio_ui5_key":"sapm.GenericTile{\"header\":\"Bin Status Report\"}"}]}
RESULT: undefined
COMMAND: POST /session/6c6cb6a8a370fc8e9b369c93884aa0ad/element - {"using":"xpath","value":"//*[@id=\"__tile104\"]"}
RESULT: {"using":"xpath","value":"//*[@id=\"__tile104\"]"}
COMMAND: POST /session/6c6cb6a8a370fc8e9b369c93884aa0ad/element/f.15418A1A81C0C7B7CE5FAC7FB907596B.d.CF56757665088C681FA0D5353F0D0CDD.e.3385/click - {}
RESULT: {}
COMMAND: GET /session/6c6cb6a8a370fc8e9b369c93884aa0ad/screenshot - {}
RESULT: {}
COMMAND: POST /session/6c6cb6a8a370fc8e9b369c93884aa0ad/elements - {"using":"xpath","value":"//span[text()='Error']"}
RESULT: {"using":"xpath","value":"//span[text()='Error']"}
RESULT: undefined
COMMAND: POST /session/6c6cb6a8a370fc8e9b369c93884aa0ad/element - {"using":"xpath","value":"//*[@id=\"__tile104\"]"}
RESULT: {"using":"xpath","value":"//*[@id=\"__tile104\"]"}
COMMAND: POST /session/6c6cb6a8a370fc8e9b369c93884aa0ad/element/f.15418A1A81C0C7B7CE5FAC7FB907596B.d.CF56757665088C681FA0D5353F0D0CDD.e.3385/click - {}
RESULT: undefined
COMMAND: POST /session/6c6cb6a8a370fc8e9b369c93884aa0ad/element - {"using":"xpath","value":"//*[@id=\"__tile104\"]"}
RESULT: {"using":"xpath","value":"//*[@id=\"__tile104\"]"}
COMMAND: POST /session/6c6cb6a8a370fc8e9b369c93884aa0ad/element/f.15418A1A81C0C7B7CE5FAC7FB907596B.d.CF56757665088C681FA0D5353F0D0CDD.e.3385/click - {}
RESULT: undefined
COMMAND: POST /session/6c6cb6a8a370fc8e9b369c93884aa0ad/execute/async - {"script":"<script> [6424 bytes]","args":[{"element-6066-11e4-a52e-4f735466cecf":"f.15418A1A81C0C7B7CE5FAC7FB907596B.d.CF56757665088C681FA0D5353F0D0CDD.e.297"},"getTitle",[]]}
COMMAND: POST /session/6c6cb6a8a370fc8e9b369c93884aa0ad/execute/async - {"script":"<script> [1562 bytes]","args":[{"selector":{"id":"shellAppTitle"},"wdio_ui5_key":"shellAppTitle"}]}
RESULT: {"script":"<script> [1562 bytes]","args":[{"selector":{"id":"shellAppTitle"},"wdio_ui5_key":"shellAppTitle"}]}
COMMAND: POST /session/6c6cb6a8a370fc8e9b369c93884aa0ad/execute/async - {"script":"<script> [6424 bytes]","args":[{"element-6066-11e4-a52e-4f735466cecf":"f.15418A1A81C0C7B7CE5FAC7FB907596B.d.CF56757665088C681FA0D5353F0D0CDD.e.3486"},"getTitle",[]]}
RESULT: {"script":"<script> [6424 bytes]","args":[{"element-6066-11e4-a52e-4f735466cecf":"f.15418A1A81C0C7B7CE5FAC7FB907596B.d.CF56757665088C681FA0D5353F0D0CDD.e.3486"},"getTitle",[]]}
RESULT: undefined
COMMAND: POST /session/6c6cb6a8a370fc8e9b369c93884aa0ad/element/f.15418A1A81C0C7B7CE5FAC7FB907596B.d.CF56757665088C681FA0D5353F0D0CDD.e.3357/click - {}
COMMAND: POST /session/6c6cb6a8a370fc8e9b369c93884aa0ad/element - {"using":"xpath","value":"//*[@id=\"backBtn\"]"}
RESULT: {"using":"xpath","value":"//*[@id=\"backBtn\"]"}
COMMAND: POST /session/6c6cb6a8a370fc8e9b369c93884aa0ad/element/f.15418A1A81C0C7B7CE5FAC7FB907596B.d.CF56757665088C681FA0D5353F0D0CDD.e.3357/click - {}
COMMAND: POST /session/6c6cb6a8a370fc8e9b369c93884aa0ad/element - {"using":"xpath","value":"//*[@id=\"backBtn\"]"}
RESULT: {"using":"xpath","value":"//*[@id=\"backBtn\"]"}
COMMAND: POST /session/6c6cb6a8a370fc8e9b369c93884aa0ad/element/f.15418A1A81C0C7B7CE5FAC7FB907596B.d.CF56757665088C681FA0D5353F0D0CDD.e.3487/click - {}
RESULT: {}
COMMAND: GET /session/6c6cb6a8a370fc8e9b369c93884aa0ad/screenshot - {}
RESULT: {}
]]></system-out>
    </testcase>
    <testcase classname="chrome.136_0_7103_93.windows.Sanity_Tests_US104253" name="Should open Manage Warehouse Movements page" time="37.65">
      <system-out><![CDATA[
COMMAND: POST /session/6c6cb6a8a370fc8e9b369c93884aa0ad/execute/async - {"script":"<script> [1562 bytes]","args":[{"selector":{"controlType":"sap.m.GenericTile","properties":{"header":"Manage Warehouse Movements"}},"wdio_ui5_key":"sapm.GenericTile{\"header\":\"Manage Warehouse Movements\"}"}]}
RESULT: {"script":"<script> [1562 bytes]","args":[{"selector":{"controlType":"sap.m.GenericTile","properties":{"header":"Manage Warehouse Movements"}},"wdio_ui5_key":"sapm.GenericTile{\"header\":\"Manage Warehouse Movements\"}"}]}
RESULT: undefined
COMMAND: POST /session/6c6cb6a8a370fc8e9b369c93884aa0ad/element - {"using":"xpath","value":"//*[@id=\"__tile105\"]"}
RESULT: {"using":"xpath","value":"//*[@id=\"__tile105\"]"}
COMMAND: POST /session/6c6cb6a8a370fc8e9b369c93884aa0ad/element/f.15418A1A81C0C7B7CE5FAC7FB907596B.d.CF56757665088C681FA0D5353F0D0CDD.e.3491/click - {}
RESULT: {}
COMMAND: GET /session/6c6cb6a8a370fc8e9b369c93884aa0ad/screenshot - {}
RESULT: {}
COMMAND: POST /session/6c6cb6a8a370fc8e9b369c93884aa0ad/elements - {"using":"xpath","value":"//span[text()='Error']"}
RESULT: {"using":"xpath","value":"//span[text()='Error']"}
RESULT: undefined
COMMAND: POST /session/6c6cb6a8a370fc8e9b369c93884aa0ad/element - {"using":"xpath","value":"//*[@id=\"__tile105\"]"}
RESULT: {"using":"xpath","value":"//*[@id=\"__tile105\"]"}
COMMAND: POST /session/6c6cb6a8a370fc8e9b369c93884aa0ad/element/f.15418A1A81C0C7B7CE5FAC7FB907596B.d.CF56757665088C681FA0D5353F0D0CDD.e.3491/click - {}
RESULT: undefined
COMMAND: POST /session/6c6cb6a8a370fc8e9b369c93884aa0ad/element - {"using":"xpath","value":"//*[@id=\"__tile105\"]"}
RESULT: {"using":"xpath","value":"//*[@id=\"__tile105\"]"}
COMMAND: POST /session/6c6cb6a8a370fc8e9b369c93884aa0ad/element/f.15418A1A81C0C7B7CE5FAC7FB907596B.d.CF56757665088C681FA0D5353F0D0CDD.e.3491/click - {}
RESULT: undefined
COMMAND: POST /session/6c6cb6a8a370fc8e9b369c93884aa0ad/execute/async - {"script":"<script> [6424 bytes]","args":[{"element-6066-11e4-a52e-4f735466cecf":"f.15418A1A81C0C7B7CE5FAC7FB907596B.d.CF56757665088C681FA0D5353F0D0CDD.e.297"},"getTitle",[]]}
COMMAND: POST /session/6c6cb6a8a370fc8e9b369c93884aa0ad/execute/async - {"script":"<script> [1562 bytes]","args":[{"selector":{"id":"shellAppTitle"},"wdio_ui5_key":"shellAppTitle"}]}
RESULT: {"script":"<script> [1562 bytes]","args":[{"selector":{"id":"shellAppTitle"},"wdio_ui5_key":"shellAppTitle"}]}
COMMAND: POST /session/6c6cb6a8a370fc8e9b369c93884aa0ad/execute/async - {"script":"<script> [6424 bytes]","args":[{"element-6066-11e4-a52e-4f735466cecf":"f.15418A1A81C0C7B7CE5FAC7FB907596B.d.CF56757665088C681FA0D5353F0D0CDD.e.3592"},"getTitle",[]]}
RESULT: {"script":"<script> [6424 bytes]","args":[{"element-6066-11e4-a52e-4f735466cecf":"f.15418A1A81C0C7B7CE5FAC7FB907596B.d.CF56757665088C681FA0D5353F0D0CDD.e.3592"},"getTitle",[]]}
RESULT: undefined
COMMAND: POST /session/6c6cb6a8a370fc8e9b369c93884aa0ad/element/f.15418A1A81C0C7B7CE5FAC7FB907596B.d.CF56757665088C681FA0D5353F0D0CDD.e.3487/click - {}
RESULT: {}
COMMAND: GET /session/6c6cb6a8a370fc8e9b369c93884aa0ad/screenshot - {}
RESULT: {}
]]></system-out>
    </testcase>
    <testcase classname="chrome.136_0_7103_93.windows.Sanity_Tests_US104253" name="Should open Bin Inventory List page" time="38.151">
      <system-out><![CDATA[
COMMAND: POST /session/6c6cb6a8a370fc8e9b369c93884aa0ad/execute/async - {"script":"<script> [1562 bytes]","args":[{"selector":{"controlType":"sap.m.GenericTile","properties":{"header":"Bin Inventory List"}},"wdio_ui5_key":"sapm.GenericTile{\"header\":\"Bin Inventory List\"}"}]}
RESULT: {"script":"<script> [1562 bytes]","args":[{"selector":{"controlType":"sap.m.GenericTile","properties":{"header":"Bin Inventory List"}},"wdio_ui5_key":"sapm.GenericTile{\"header\":\"Bin Inventory List\"}"}]}
RESULT: undefined
COMMAND: POST /session/6c6cb6a8a370fc8e9b369c93884aa0ad/element - {"using":"xpath","value":"//*[@id=\"__tile103\"]"}
RESULT: {"using":"xpath","value":"//*[@id=\"__tile103\"]"}
COMMAND: POST /session/6c6cb6a8a370fc8e9b369c93884aa0ad/element/f.15418A1A81C0C7B7CE5FAC7FB907596B.d.CF56757665088C681FA0D5353F0D0CDD.e.110/click - {}
RESULT: {}
COMMAND: GET /session/6c6cb6a8a370fc8e9b369c93884aa0ad/screenshot - {}
RESULT: {}
COMMAND: POST /session/6c6cb6a8a370fc8e9b369c93884aa0ad/elements - {"using":"xpath","value":"//span[text()='Error']"}
RESULT: {"using":"xpath","value":"//span[text()='Error']"}
RESULT: undefined
COMMAND: POST /session/6c6cb6a8a370fc8e9b369c93884aa0ad/element - {"using":"xpath","value":"//*[@id=\"__tile103\"]"}
RESULT: {"using":"xpath","value":"//*[@id=\"__tile103\"]"}
COMMAND: POST /session/6c6cb6a8a370fc8e9b369c93884aa0ad/element/f.15418A1A81C0C7B7CE5FAC7FB907596B.d.CF56757665088C681FA0D5353F0D0CDD.e.110/click - {}
RESULT: undefined
COMMAND: POST /session/6c6cb6a8a370fc8e9b369c93884aa0ad/element - {"using":"xpath","value":"//*[@id=\"__tile103\"]"}
RESULT: {"using":"xpath","value":"//*[@id=\"__tile103\"]"}
COMMAND: POST /session/6c6cb6a8a370fc8e9b369c93884aa0ad/element/f.15418A1A81C0C7B7CE5FAC7FB907596B.d.CF56757665088C681FA0D5353F0D0CDD.e.110/click - {}
RESULT: undefined
COMMAND: POST /session/6c6cb6a8a370fc8e9b369c93884aa0ad/execute/async - {"script":"<script> [6424 bytes]","args":[{"element-6066-11e4-a52e-4f735466cecf":"f.15418A1A81C0C7B7CE5FAC7FB907596B.d.CF56757665088C681FA0D5353F0D0CDD.e.297"},"getTitle",[]]}
COMMAND: POST /session/6c6cb6a8a370fc8e9b369c93884aa0ad/execute/async - {"script":"<script> [1562 bytes]","args":[{"selector":{"id":"shellAppTitle"},"wdio_ui5_key":"shellAppTitle"}]}
RESULT: {"script":"<script> [1562 bytes]","args":[{"selector":{"id":"shellAppTitle"},"wdio_ui5_key":"shellAppTitle"}]}
COMMAND: POST /session/6c6cb6a8a370fc8e9b369c93884aa0ad/execute/async - {"script":"<script> [6424 bytes]","args":[{"element-6066-11e4-a52e-4f735466cecf":"f.15418A1A81C0C7B7CE5FAC7FB907596B.d.CF56757665088C681FA0D5353F0D0CDD.e.3686"},"getTitle",[]]}
RESULT: {"script":"<script> [6424 bytes]","args":[{"element-6066-11e4-a52e-4f735466cecf":"f.15418A1A81C0C7B7CE5FAC7FB907596B.d.CF56757665088C681FA0D5353F0D0CDD.e.3686"},"getTitle",[]]}
RESULT: undefined
COMMAND: POST /session/6c6cb6a8a370fc8e9b369c93884aa0ad/element/f.15418A1A81C0C7B7CE5FAC7FB907596B.d.CF56757665088C681FA0D5353F0D0CDD.e.3487/click - {}
COMMAND: POST /session/6c6cb6a8a370fc8e9b369c93884aa0ad/element - {"using":"xpath","value":"//*[@id=\"backBtn\"]"}
RESULT: {"using":"xpath","value":"//*[@id=\"backBtn\"]"}
COMMAND: POST /session/6c6cb6a8a370fc8e9b369c93884aa0ad/element/f.15418A1A81C0C7B7CE5FAC7FB907596B.d.CF56757665088C681FA0D5353F0D0CDD.e.3487/click - {}
COMMAND: POST /session/6c6cb6a8a370fc8e9b369c93884aa0ad/element - {"using":"xpath","value":"//*[@id=\"backBtn\"]"}
RESULT: {"using":"xpath","value":"//*[@id=\"backBtn\"]"}
COMMAND: POST /session/6c6cb6a8a370fc8e9b369c93884aa0ad/element/f.15418A1A81C0C7B7CE5FAC7FB907596B.d.CF56757665088C681FA0D5353F0D0CDD.e.3687/click - {}
RESULT: {}
COMMAND: GET /session/6c6cb6a8a370fc8e9b369c93884aa0ad/screenshot - {}
RESULT: {}
]]></system-out>
    </testcase>
    <testcase classname="chrome.136_0_7103_93.windows.Sanity_Tests_US104253" name="Should open ISC Templates page" time="40.389">
      <system-out><![CDATA[
COMMAND: POST /session/6c6cb6a8a370fc8e9b369c93884aa0ad/execute/async - {"script":"<script> [1562 bytes]","args":[{"selector":{"controlType":"sap.m.GenericTile","properties":{"header":"ISC Templates"}},"wdio_ui5_key":"sapm.GenericTile{\"header\":\"ISC Templates\"}"}]}
RESULT: {"script":"<script> [1562 bytes]","args":[{"selector":{"controlType":"sap.m.GenericTile","properties":{"header":"ISC Templates"}},"wdio_ui5_key":"sapm.GenericTile{\"header\":\"ISC Templates\"}"}]}
RESULT: undefined
COMMAND: POST /session/6c6cb6a8a370fc8e9b369c93884aa0ad/element - {"using":"xpath","value":"//*[@id=\"__tile111\"]"}
RESULT: {"using":"xpath","value":"//*[@id=\"__tile111\"]"}
COMMAND: POST /session/6c6cb6a8a370fc8e9b369c93884aa0ad/element/f.15418A1A81C0C7B7CE5FAC7FB907596B.d.CF56757665088C681FA0D5353F0D0CDD.e.3689/click - {}
RESULT: {}
COMMAND: GET /session/6c6cb6a8a370fc8e9b369c93884aa0ad/screenshot - {}
RESULT: {}
COMMAND: POST /session/6c6cb6a8a370fc8e9b369c93884aa0ad/elements - {"using":"xpath","value":"//span[text()='Error']"}
RESULT: {"using":"xpath","value":"//span[text()='Error']"}
RESULT: undefined
COMMAND: POST /session/6c6cb6a8a370fc8e9b369c93884aa0ad/element - {"using":"xpath","value":"//*[@id=\"__tile111\"]"}
RESULT: {"using":"xpath","value":"//*[@id=\"__tile111\"]"}
COMMAND: POST /session/6c6cb6a8a370fc8e9b369c93884aa0ad/element/f.15418A1A81C0C7B7CE5FAC7FB907596B.d.CF56757665088C681FA0D5353F0D0CDD.e.3689/click - {}
RESULT: undefined
COMMAND: POST /session/6c6cb6a8a370fc8e9b369c93884aa0ad/element - {"using":"xpath","value":"//*[@id=\"__tile111\"]"}
RESULT: {"using":"xpath","value":"//*[@id=\"__tile111\"]"}
COMMAND: POST /session/6c6cb6a8a370fc8e9b369c93884aa0ad/element/f.15418A1A81C0C7B7CE5FAC7FB907596B.d.CF56757665088C681FA0D5353F0D0CDD.e.3689/click - {}
RESULT: undefined
COMMAND: POST /session/6c6cb6a8a370fc8e9b369c93884aa0ad/execute/async - {"script":"<script> [6424 bytes]","args":[{"element-6066-11e4-a52e-4f735466cecf":"f.15418A1A81C0C7B7CE5FAC7FB907596B.d.CF56757665088C681FA0D5353F0D0CDD.e.297"},"getTitle",[]]}
COMMAND: POST /session/6c6cb6a8a370fc8e9b369c93884aa0ad/execute/async - {"script":"<script> [1562 bytes]","args":[{"selector":{"id":"shellAppTitle"},"wdio_ui5_key":"shellAppTitle"}]}
RESULT: {"script":"<script> [1562 bytes]","args":[{"selector":{"id":"shellAppTitle"},"wdio_ui5_key":"shellAppTitle"}]}
COMMAND: POST /session/6c6cb6a8a370fc8e9b369c93884aa0ad/execute/async - {"script":"<script> [6424 bytes]","args":[{"element-6066-11e4-a52e-4f735466cecf":"f.15418A1A81C0C7B7CE5FAC7FB907596B.d.CF56757665088C681FA0D5353F0D0CDD.e.3757"},"getTitle",[]]}
RESULT: {"script":"<script> [6424 bytes]","args":[{"element-6066-11e4-a52e-4f735466cecf":"f.15418A1A81C0C7B7CE5FAC7FB907596B.d.CF56757665088C681FA0D5353F0D0CDD.e.3757"},"getTitle",[]]}
RESULT: undefined
COMMAND: POST /session/6c6cb6a8a370fc8e9b369c93884aa0ad/element/f.15418A1A81C0C7B7CE5FAC7FB907596B.d.CF56757665088C681FA0D5353F0D0CDD.e.3687/click - {}
RESULT: {}
COMMAND: GET /session/6c6cb6a8a370fc8e9b369c93884aa0ad/screenshot - {}
RESULT: {}
]]></system-out>
    </testcase>
    <testcase classname="chrome.136_0_7103_93.windows.Sanity_Tests_US104253" name="Should open ISC Schedules page" time="45.445">
      <system-out><![CDATA[
COMMAND: POST /session/6c6cb6a8a370fc8e9b369c93884aa0ad/execute/async - {"script":"<script> [1562 bytes]","args":[{"selector":{"controlType":"sap.m.GenericTile","properties":{"header":"ISC Schedules"}},"wdio_ui5_key":"sapm.GenericTile{\"header\":\"ISC Schedules\"}"}]}
RESULT: {"script":"<script> [1562 bytes]","args":[{"selector":{"controlType":"sap.m.GenericTile","properties":{"header":"ISC Schedules"}},"wdio_ui5_key":"sapm.GenericTile{\"header\":\"ISC Schedules\"}"}]}
RESULT: undefined
COMMAND: POST /session/6c6cb6a8a370fc8e9b369c93884aa0ad/element - {"using":"xpath","value":"//*[@id=\"__tile109\"]"}
RESULT: {"using":"xpath","value":"//*[@id=\"__tile109\"]"}
COMMAND: POST /session/6c6cb6a8a370fc8e9b369c93884aa0ad/element/f.15418A1A81C0C7B7CE5FAC7FB907596B.d.CF56757665088C681FA0D5353F0D0CDD.e.3760/click - {}
RESULT: {}
COMMAND: GET /session/6c6cb6a8a370fc8e9b369c93884aa0ad/screenshot - {}
RESULT: {}
COMMAND: POST /session/6c6cb6a8a370fc8e9b369c93884aa0ad/elements - {"using":"xpath","value":"//span[text()='Error']"}
RESULT: {"using":"xpath","value":"//span[text()='Error']"}
RESULT: undefined
COMMAND: POST /session/6c6cb6a8a370fc8e9b369c93884aa0ad/element - {"using":"xpath","value":"//*[@id=\"__tile109\"]"}
RESULT: {"using":"xpath","value":"//*[@id=\"__tile109\"]"}
COMMAND: POST /session/6c6cb6a8a370fc8e9b369c93884aa0ad/element/f.15418A1A81C0C7B7CE5FAC7FB907596B.d.CF56757665088C681FA0D5353F0D0CDD.e.3760/click - {}
RESULT: undefined
COMMAND: POST /session/6c6cb6a8a370fc8e9b369c93884aa0ad/element - {"using":"xpath","value":"//*[@id=\"__tile109\"]"}
RESULT: {"using":"xpath","value":"//*[@id=\"__tile109\"]"}
COMMAND: POST /session/6c6cb6a8a370fc8e9b369c93884aa0ad/element/f.15418A1A81C0C7B7CE5FAC7FB907596B.d.CF56757665088C681FA0D5353F0D0CDD.e.3760/click - {}
RESULT: undefined
COMMAND: POST /session/6c6cb6a8a370fc8e9b369c93884aa0ad/execute/async - {"script":"<script> [6424 bytes]","args":[{"element-6066-11e4-a52e-4f735466cecf":"f.15418A1A81C0C7B7CE5FAC7FB907596B.d.CF56757665088C681FA0D5353F0D0CDD.e.297"},"getTitle",[]]}
COMMAND: POST /session/6c6cb6a8a370fc8e9b369c93884aa0ad/execute/async - {"script":"<script> [1562 bytes]","args":[{"selector":{"id":"shellAppTitle"},"wdio_ui5_key":"shellAppTitle"}]}
RESULT: {"script":"<script> [1562 bytes]","args":[{"selector":{"id":"shellAppTitle"},"wdio_ui5_key":"shellAppTitle"}]}
COMMAND: POST /session/6c6cb6a8a370fc8e9b369c93884aa0ad/execute/async - {"script":"<script> [6424 bytes]","args":[{"element-6066-11e4-a52e-4f735466cecf":"f.15418A1A81C0C7B7CE5FAC7FB907596B.d.CF56757665088C681FA0D5353F0D0CDD.e.3830"},"getTitle",[]]}
RESULT: {"script":"<script> [6424 bytes]","args":[{"element-6066-11e4-a52e-4f735466cecf":"f.15418A1A81C0C7B7CE5FAC7FB907596B.d.CF56757665088C681FA0D5353F0D0CDD.e.3830"},"getTitle",[]]}
RESULT: undefined
COMMAND: POST /session/6c6cb6a8a370fc8e9b369c93884aa0ad/element/f.15418A1A81C0C7B7CE5FAC7FB907596B.d.CF56757665088C681FA0D5353F0D0CDD.e.3687/click - {}
COMMAND: POST /session/6c6cb6a8a370fc8e9b369c93884aa0ad/element - {"using":"xpath","value":"//*[@id=\"backBtn\"]"}
RESULT: {"using":"xpath","value":"//*[@id=\"backBtn\"]"}
COMMAND: POST /session/6c6cb6a8a370fc8e9b369c93884aa0ad/element/f.15418A1A81C0C7B7CE5FAC7FB907596B.d.CF56757665088C681FA0D5353F0D0CDD.e.3687/click - {}
COMMAND: POST /session/6c6cb6a8a370fc8e9b369c93884aa0ad/element - {"using":"xpath","value":"//*[@id=\"backBtn\"]"}
RESULT: {"using":"xpath","value":"//*[@id=\"backBtn\"]"}
COMMAND: POST /session/6c6cb6a8a370fc8e9b369c93884aa0ad/element/f.15418A1A81C0C7B7CE5FAC7FB907596B.d.CF56757665088C681FA0D5353F0D0CDD.e.3831/click - {}
RESULT: {}
COMMAND: GET /session/6c6cb6a8a370fc8e9b369c93884aa0ad/screenshot - {}
RESULT: {}
]]></system-out>
    </testcase>
    <testcase classname="chrome.136_0_7103_93.windows.Sanity_Tests_US104253" name="Should open ISC Dashboard page" time="44.86">
      <system-out><![CDATA[
COMMAND: POST /session/6c6cb6a8a370fc8e9b369c93884aa0ad/execute/async - {"script":"<script> [1562 bytes]","args":[{"selector":{"controlType":"sap.m.GenericTile","properties":{"header":"ISC Dashboard"}},"wdio_ui5_key":"sapm.GenericTile{\"header\":\"ISC Dashboard\"}"}]}
RESULT: {"script":"<script> [1562 bytes]","args":[{"selector":{"controlType":"sap.m.GenericTile","properties":{"header":"ISC Dashboard"}},"wdio_ui5_key":"sapm.GenericTile{\"header\":\"ISC Dashboard\"}"}]}
RESULT: undefined
COMMAND: POST /session/6c6cb6a8a370fc8e9b369c93884aa0ad/element - {"using":"xpath","value":"//*[@id=\"__tile106\"]"}
RESULT: {"using":"xpath","value":"//*[@id=\"__tile106\"]"}
COMMAND: POST /session/6c6cb6a8a370fc8e9b369c93884aa0ad/element/f.15418A1A81C0C7B7CE5FAC7FB907596B.d.CF56757665088C681FA0D5353F0D0CDD.e.3833/click - {}
RESULT: {}
COMMAND: GET /session/6c6cb6a8a370fc8e9b369c93884aa0ad/screenshot - {}
RESULT: {}
COMMAND: POST /session/6c6cb6a8a370fc8e9b369c93884aa0ad/elements - {"using":"xpath","value":"//span[text()='Error']"}
RESULT: {"using":"xpath","value":"//span[text()='Error']"}
RESULT: undefined
COMMAND: POST /session/6c6cb6a8a370fc8e9b369c93884aa0ad/element - {"using":"xpath","value":"//*[@id=\"__tile106\"]"}
RESULT: {"using":"xpath","value":"//*[@id=\"__tile106\"]"}
COMMAND: POST /session/6c6cb6a8a370fc8e9b369c93884aa0ad/element/f.15418A1A81C0C7B7CE5FAC7FB907596B.d.CF56757665088C681FA0D5353F0D0CDD.e.3833/click - {}
RESULT: undefined
COMMAND: POST /session/6c6cb6a8a370fc8e9b369c93884aa0ad/element - {"using":"xpath","value":"//*[@id=\"__tile106\"]"}
RESULT: {"using":"xpath","value":"//*[@id=\"__tile106\"]"}
COMMAND: POST /session/6c6cb6a8a370fc8e9b369c93884aa0ad/element/f.15418A1A81C0C7B7CE5FAC7FB907596B.d.CF56757665088C681FA0D5353F0D0CDD.e.3833/click - {}
RESULT: undefined
COMMAND: POST /session/6c6cb6a8a370fc8e9b369c93884aa0ad/execute/async - {"script":"<script> [6424 bytes]","args":[{"element-6066-11e4-a52e-4f735466cecf":"f.15418A1A81C0C7B7CE5FAC7FB907596B.d.CF56757665088C681FA0D5353F0D0CDD.e.297"},"getTitle",[]]}
COMMAND: POST /session/6c6cb6a8a370fc8e9b369c93884aa0ad/execute/async - {"script":"<script> [1562 bytes]","args":[{"selector":{"id":"shellAppTitle"},"wdio_ui5_key":"shellAppTitle"}]}
RESULT: {"script":"<script> [1562 bytes]","args":[{"selector":{"id":"shellAppTitle"},"wdio_ui5_key":"shellAppTitle"}]}
COMMAND: POST /session/6c6cb6a8a370fc8e9b369c93884aa0ad/execute/async - {"script":"<script> [6424 bytes]","args":[{"element-6066-11e4-a52e-4f735466cecf":"f.15418A1A81C0C7B7CE5FAC7FB907596B.d.CF56757665088C681FA0D5353F0D0CDD.e.3959"},"getTitle",[]]}
RESULT: {"script":"<script> [6424 bytes]","args":[{"element-6066-11e4-a52e-4f735466cecf":"f.15418A1A81C0C7B7CE5FAC7FB907596B.d.CF56757665088C681FA0D5353F0D0CDD.e.3959"},"getTitle",[]]}
RESULT: undefined
COMMAND: POST /session/6c6cb6a8a370fc8e9b369c93884aa0ad/element/f.15418A1A81C0C7B7CE5FAC7FB907596B.d.CF56757665088C681FA0D5353F0D0CDD.e.3831/click - {}
RESULT: {}
COMMAND: GET /session/6c6cb6a8a370fc8e9b369c93884aa0ad/screenshot - {}
RESULT: {}
]]></system-out>
    </testcase>
    <testcase classname="chrome.136_0_7103_93.windows.Sanity_Tests_US104253" name="Should open ISC Orders page" time="40.622">
      <system-out><![CDATA[
COMMAND: POST /session/6c6cb6a8a370fc8e9b369c93884aa0ad/execute/async - {"script":"<script> [1562 bytes]","args":[{"selector":{"controlType":"sap.m.GenericTile","properties":{"header":"ISC Orders"}},"wdio_ui5_key":"sapm.GenericTile{\"header\":\"ISC Orders\"}"}]}
RESULT: {"script":"<script> [1562 bytes]","args":[{"selector":{"controlType":"sap.m.GenericTile","properties":{"header":"ISC Orders"}},"wdio_ui5_key":"sapm.GenericTile{\"header\":\"ISC Orders\"}"}]}
RESULT: undefined
COMMAND: POST /session/6c6cb6a8a370fc8e9b369c93884aa0ad/element - {"using":"xpath","value":"//*[@id=\"__tile108\"]"}
RESULT: {"using":"xpath","value":"//*[@id=\"__tile108\"]"}
COMMAND: POST /session/6c6cb6a8a370fc8e9b369c93884aa0ad/element/f.15418A1A81C0C7B7CE5FAC7FB907596B.d.CF56757665088C681FA0D5353F0D0CDD.e.3961/click - {}
RESULT: {}
COMMAND: GET /session/6c6cb6a8a370fc8e9b369c93884aa0ad/screenshot - {}
RESULT: {}
COMMAND: POST /session/6c6cb6a8a370fc8e9b369c93884aa0ad/elements - {"using":"xpath","value":"//span[text()='Error']"}
RESULT: {"using":"xpath","value":"//span[text()='Error']"}
RESULT: undefined
COMMAND: POST /session/6c6cb6a8a370fc8e9b369c93884aa0ad/element - {"using":"xpath","value":"//*[@id=\"__tile108\"]"}
RESULT: {"using":"xpath","value":"//*[@id=\"__tile108\"]"}
COMMAND: POST /session/6c6cb6a8a370fc8e9b369c93884aa0ad/element/f.15418A1A81C0C7B7CE5FAC7FB907596B.d.CF56757665088C681FA0D5353F0D0CDD.e.3961/click - {}
RESULT: undefined
COMMAND: POST /session/6c6cb6a8a370fc8e9b369c93884aa0ad/element - {"using":"xpath","value":"//*[@id=\"__tile108\"]"}
RESULT: {"using":"xpath","value":"//*[@id=\"__tile108\"]"}
COMMAND: POST /session/6c6cb6a8a370fc8e9b369c93884aa0ad/element/f.15418A1A81C0C7B7CE5FAC7FB907596B.d.CF56757665088C681FA0D5353F0D0CDD.e.3961/click - {}
RESULT: undefined
COMMAND: POST /session/6c6cb6a8a370fc8e9b369c93884aa0ad/execute/async - {"script":"<script> [6424 bytes]","args":[{"element-6066-11e4-a52e-4f735466cecf":"f.15418A1A81C0C7B7CE5FAC7FB907596B.d.CF56757665088C681FA0D5353F0D0CDD.e.297"},"getTitle",[]]}
COMMAND: POST /session/6c6cb6a8a370fc8e9b369c93884aa0ad/execute/async - {"script":"<script> [1562 bytes]","args":[{"selector":{"id":"shellAppTitle"},"wdio_ui5_key":"shellAppTitle"}]}
RESULT: {"script":"<script> [1562 bytes]","args":[{"selector":{"id":"shellAppTitle"},"wdio_ui5_key":"shellAppTitle"}]}
COMMAND: POST /session/6c6cb6a8a370fc8e9b369c93884aa0ad/execute/async - {"script":"<script> [6424 bytes]","args":[{"element-6066-11e4-a52e-4f735466cecf":"f.15418A1A81C0C7B7CE5FAC7FB907596B.d.CF56757665088C681FA0D5353F0D0CDD.e.4068"},"getTitle",[]]}
RESULT: {"script":"<script> [6424 bytes]","args":[{"element-6066-11e4-a52e-4f735466cecf":"f.15418A1A81C0C7B7CE5FAC7FB907596B.d.CF56757665088C681FA0D5353F0D0CDD.e.4068"},"getTitle",[]]}
RESULT: undefined
COMMAND: POST /session/6c6cb6a8a370fc8e9b369c93884aa0ad/element/f.15418A1A81C0C7B7CE5FAC7FB907596B.d.CF56757665088C681FA0D5353F0D0CDD.e.3831/click - {}
COMMAND: POST /session/6c6cb6a8a370fc8e9b369c93884aa0ad/element - {"using":"xpath","value":"//*[@id=\"backBtn\"]"}
RESULT: {"using":"xpath","value":"//*[@id=\"backBtn\"]"}
COMMAND: POST /session/6c6cb6a8a370fc8e9b369c93884aa0ad/element/f.15418A1A81C0C7B7CE5FAC7FB907596B.d.CF56757665088C681FA0D5353F0D0CDD.e.3831/click - {}
COMMAND: POST /session/6c6cb6a8a370fc8e9b369c93884aa0ad/element - {"using":"xpath","value":"//*[@id=\"backBtn\"]"}
RESULT: {"using":"xpath","value":"//*[@id=\"backBtn\"]"}
COMMAND: POST /session/6c6cb6a8a370fc8e9b369c93884aa0ad/element/f.15418A1A81C0C7B7CE5FAC7FB907596B.d.CF56757665088C681FA0D5353F0D0CDD.e.4069/click - {}
RESULT: {}
COMMAND: GET /session/6c6cb6a8a370fc8e9b369c93884aa0ad/screenshot - {}
RESULT: {}
]]></system-out>
    </testcase>
    <testcase classname="chrome.136_0_7103_93.windows.Sanity_Tests_US104253" name="Should open ISC Tasks page" time="40.639">
      <system-out><![CDATA[
COMMAND: POST /session/6c6cb6a8a370fc8e9b369c93884aa0ad/execute/async - {"script":"<script> [1562 bytes]","args":[{"selector":{"controlType":"sap.m.GenericTile","properties":{"header":"ISC Tasks"}},"wdio_ui5_key":"sapm.GenericTile{\"header\":\"ISC Tasks\"}"}]}
RESULT: {"script":"<script> [1562 bytes]","args":[{"selector":{"controlType":"sap.m.GenericTile","properties":{"header":"ISC Tasks"}},"wdio_ui5_key":"sapm.GenericTile{\"header\":\"ISC Tasks\"}"}]}
RESULT: undefined
COMMAND: POST /session/6c6cb6a8a370fc8e9b369c93884aa0ad/element - {"using":"xpath","value":"//*[@id=\"__tile110\"]"}
RESULT: {"using":"xpath","value":"//*[@id=\"__tile110\"]"}
COMMAND: POST /session/6c6cb6a8a370fc8e9b369c93884aa0ad/element/f.15418A1A81C0C7B7CE5FAC7FB907596B.d.CF56757665088C681FA0D5353F0D0CDD.e.4071/click - {}
RESULT: {}
COMMAND: GET /session/6c6cb6a8a370fc8e9b369c93884aa0ad/screenshot - {}
RESULT: {}
COMMAND: POST /session/6c6cb6a8a370fc8e9b369c93884aa0ad/elements - {"using":"xpath","value":"//span[text()='Error']"}
RESULT: {"using":"xpath","value":"//span[text()='Error']"}
RESULT: undefined
COMMAND: POST /session/6c6cb6a8a370fc8e9b369c93884aa0ad/element - {"using":"xpath","value":"//*[@id=\"__tile110\"]"}
RESULT: {"using":"xpath","value":"//*[@id=\"__tile110\"]"}
COMMAND: POST /session/6c6cb6a8a370fc8e9b369c93884aa0ad/element/f.15418A1A81C0C7B7CE5FAC7FB907596B.d.CF56757665088C681FA0D5353F0D0CDD.e.4071/click - {}
RESULT: undefined
COMMAND: POST /session/6c6cb6a8a370fc8e9b369c93884aa0ad/element - {"using":"xpath","value":"//*[@id=\"__tile110\"]"}
RESULT: {"using":"xpath","value":"//*[@id=\"__tile110\"]"}
COMMAND: POST /session/6c6cb6a8a370fc8e9b369c93884aa0ad/element/f.15418A1A81C0C7B7CE5FAC7FB907596B.d.CF56757665088C681FA0D5353F0D0CDD.e.4071/click - {}
RESULT: undefined
COMMAND: POST /session/6c6cb6a8a370fc8e9b369c93884aa0ad/execute/async - {"script":"<script> [6424 bytes]","args":[{"element-6066-11e4-a52e-4f735466cecf":"f.15418A1A81C0C7B7CE5FAC7FB907596B.d.CF56757665088C681FA0D5353F0D0CDD.e.297"},"getTitle",[]]}
COMMAND: POST /session/6c6cb6a8a370fc8e9b369c93884aa0ad/execute/async - {"script":"<script> [1562 bytes]","args":[{"selector":{"id":"shellAppTitle"},"wdio_ui5_key":"shellAppTitle"}]}
RESULT: {"script":"<script> [1562 bytes]","args":[{"selector":{"id":"shellAppTitle"},"wdio_ui5_key":"shellAppTitle"}]}
COMMAND: POST /session/6c6cb6a8a370fc8e9b369c93884aa0ad/execute/async - {"script":"<script> [6424 bytes]","args":[{"element-6066-11e4-a52e-4f735466cecf":"f.15418A1A81C0C7B7CE5FAC7FB907596B.d.CF56757665088C681FA0D5353F0D0CDD.e.4164"},"getTitle",[]]}
RESULT: {"script":"<script> [6424 bytes]","args":[{"element-6066-11e4-a52e-4f735466cecf":"f.15418A1A81C0C7B7CE5FAC7FB907596B.d.CF56757665088C681FA0D5353F0D0CDD.e.4164"},"getTitle",[]]}
RESULT: undefined
COMMAND: POST /session/6c6cb6a8a370fc8e9b369c93884aa0ad/element/f.15418A1A81C0C7B7CE5FAC7FB907596B.d.CF56757665088C681FA0D5353F0D0CDD.e.4069/click - {}
RESULT: {}
COMMAND: GET /session/6c6cb6a8a370fc8e9b369c93884aa0ad/screenshot - {}
RESULT: {}
]]></system-out>
    </testcase>
    <testcase classname="chrome.136_0_7103_93.windows.Sanity_Tests_US104253" name="Should open Manage Resource Logbook page" time="38.378">
      <system-out><![CDATA[
COMMAND: POST /session/6c6cb6a8a370fc8e9b369c93884aa0ad/execute/async - {"script":"<script> [1562 bytes]","args":[{"selector":{"controlType":"sap.m.GenericTile","properties":{"header":"Manage Resource Logbook"}},"wdio_ui5_key":"sapm.GenericTile{\"header\":\"Manage Resource Logbook\"}"}]}
RESULT: {"script":"<script> [1562 bytes]","args":[{"selector":{"controlType":"sap.m.GenericTile","properties":{"header":"Manage Resource Logbook"}},"wdio_ui5_key":"sapm.GenericTile{\"header\":\"Manage Resource Logbook\"}"}]}
RESULT: undefined
COMMAND: POST /session/6c6cb6a8a370fc8e9b369c93884aa0ad/element - {"using":"xpath","value":"//*[@id=\"__tile113\"]"}
RESULT: {"using":"xpath","value":"//*[@id=\"__tile113\"]"}
COMMAND: POST /session/6c6cb6a8a370fc8e9b369c93884aa0ad/element/f.15418A1A81C0C7B7CE5FAC7FB907596B.d.CF56757665088C681FA0D5353F0D0CDD.e.4166/click - {}
RESULT: {}
COMMAND: GET /session/6c6cb6a8a370fc8e9b369c93884aa0ad/screenshot - {}
RESULT: {}
COMMAND: POST /session/6c6cb6a8a370fc8e9b369c93884aa0ad/elements - {"using":"xpath","value":"//span[text()='Error']"}
RESULT: {"using":"xpath","value":"//span[text()='Error']"}
RESULT: undefined
COMMAND: POST /session/6c6cb6a8a370fc8e9b369c93884aa0ad/element - {"using":"xpath","value":"//*[@id=\"__tile113\"]"}
RESULT: {"using":"xpath","value":"//*[@id=\"__tile113\"]"}
COMMAND: POST /session/6c6cb6a8a370fc8e9b369c93884aa0ad/element/f.15418A1A81C0C7B7CE5FAC7FB907596B.d.CF56757665088C681FA0D5353F0D0CDD.e.4166/click - {}
RESULT: undefined
COMMAND: POST /session/6c6cb6a8a370fc8e9b369c93884aa0ad/element - {"using":"xpath","value":"//*[@id=\"__tile113\"]"}
RESULT: {"using":"xpath","value":"//*[@id=\"__tile113\"]"}
COMMAND: POST /session/6c6cb6a8a370fc8e9b369c93884aa0ad/element/f.15418A1A81C0C7B7CE5FAC7FB907596B.d.CF56757665088C681FA0D5353F0D0CDD.e.4166/click - {}
RESULT: undefined
COMMAND: POST /session/6c6cb6a8a370fc8e9b369c93884aa0ad/execute/async - {"script":"<script> [6424 bytes]","args":[{"element-6066-11e4-a52e-4f735466cecf":"f.15418A1A81C0C7B7CE5FAC7FB907596B.d.CF56757665088C681FA0D5353F0D0CDD.e.297"},"getTitle",[]]}
COMMAND: POST /session/6c6cb6a8a370fc8e9b369c93884aa0ad/execute/async - {"script":"<script> [1562 bytes]","args":[{"selector":{"id":"shellAppTitle"},"wdio_ui5_key":"shellAppTitle"}]}
RESULT: {"script":"<script> [1562 bytes]","args":[{"selector":{"id":"shellAppTitle"},"wdio_ui5_key":"shellAppTitle"}]}
COMMAND: POST /session/6c6cb6a8a370fc8e9b369c93884aa0ad/execute/async - {"script":"<script> [6424 bytes]","args":[{"element-6066-11e4-a52e-4f735466cecf":"f.15418A1A81C0C7B7CE5FAC7FB907596B.d.CF56757665088C681FA0D5353F0D0CDD.e.4255"},"getTitle",[]]}
RESULT: {"script":"<script> [6424 bytes]","args":[{"element-6066-11e4-a52e-4f735466cecf":"f.15418A1A81C0C7B7CE5FAC7FB907596B.d.CF56757665088C681FA0D5353F0D0CDD.e.4255"},"getTitle",[]]}
RESULT: undefined
COMMAND: POST /session/6c6cb6a8a370fc8e9b369c93884aa0ad/element/f.15418A1A81C0C7B7CE5FAC7FB907596B.d.CF56757665088C681FA0D5353F0D0CDD.e.4069/click - {}
COMMAND: POST /session/6c6cb6a8a370fc8e9b369c93884aa0ad/element - {"using":"xpath","value":"//*[@id=\"backBtn\"]"}
RESULT: {"using":"xpath","value":"//*[@id=\"backBtn\"]"}
COMMAND: POST /session/6c6cb6a8a370fc8e9b369c93884aa0ad/element/f.15418A1A81C0C7B7CE5FAC7FB907596B.d.CF56757665088C681FA0D5353F0D0CDD.e.4069/click - {}
COMMAND: POST /session/6c6cb6a8a370fc8e9b369c93884aa0ad/element - {"using":"xpath","value":"//*[@id=\"backBtn\"]"}
RESULT: {"using":"xpath","value":"//*[@id=\"backBtn\"]"}
COMMAND: POST /session/6c6cb6a8a370fc8e9b369c93884aa0ad/element/f.15418A1A81C0C7B7CE5FAC7FB907596B.d.CF56757665088C681FA0D5353F0D0CDD.e.4256/click - {}
RESULT: {}
COMMAND: GET /session/6c6cb6a8a370fc8e9b369c93884aa0ad/screenshot - {}
RESULT: {}
]]></system-out>
    </testcase>
    <testcase classname="chrome.136_0_7103_93.windows.Sanity_Tests_US104253" name="Should open Manage Logbook page" time="37.902">
      <system-out><![CDATA[
COMMAND: POST /session/6c6cb6a8a370fc8e9b369c93884aa0ad/execute/async - {"script":"<script> [1562 bytes]","args":[{"selector":{"controlType":"sap.m.GenericTile","properties":{"header":"Manage Logbook"}},"wdio_ui5_key":"sapm.GenericTile{\"header\":\"Manage Logbook\"}"}]}
RESULT: {"script":"<script> [1562 bytes]","args":[{"selector":{"controlType":"sap.m.GenericTile","properties":{"header":"Manage Logbook"}},"wdio_ui5_key":"sapm.GenericTile{\"header\":\"Manage Logbook\"}"}]}
RESULT: undefined
COMMAND: POST /session/6c6cb6a8a370fc8e9b369c93884aa0ad/element - {"using":"xpath","value":"//*[@id=\"__tile112\"]"}
RESULT: {"using":"xpath","value":"//*[@id=\"__tile112\"]"}
COMMAND: POST /session/6c6cb6a8a370fc8e9b369c93884aa0ad/element/f.15418A1A81C0C7B7CE5FAC7FB907596B.d.CF56757665088C681FA0D5353F0D0CDD.e.4258/click - {}
RESULT: {}
COMMAND: GET /session/6c6cb6a8a370fc8e9b369c93884aa0ad/screenshot - {}
RESULT: {}
COMMAND: POST /session/6c6cb6a8a370fc8e9b369c93884aa0ad/elements - {"using":"xpath","value":"//span[text()='Error']"}
RESULT: {"using":"xpath","value":"//span[text()='Error']"}
RESULT: undefined
COMMAND: POST /session/6c6cb6a8a370fc8e9b369c93884aa0ad/element - {"using":"xpath","value":"//*[@id=\"__tile112\"]"}
RESULT: {"using":"xpath","value":"//*[@id=\"__tile112\"]"}
COMMAND: POST /session/6c6cb6a8a370fc8e9b369c93884aa0ad/element/f.15418A1A81C0C7B7CE5FAC7FB907596B.d.CF56757665088C681FA0D5353F0D0CDD.e.4258/click - {}
RESULT: undefined
COMMAND: POST /session/6c6cb6a8a370fc8e9b369c93884aa0ad/element - {"using":"xpath","value":"//*[@id=\"__tile112\"]"}
RESULT: {"using":"xpath","value":"//*[@id=\"__tile112\"]"}
COMMAND: POST /session/6c6cb6a8a370fc8e9b369c93884aa0ad/element/f.15418A1A81C0C7B7CE5FAC7FB907596B.d.CF56757665088C681FA0D5353F0D0CDD.e.4258/click - {}
RESULT: undefined
COMMAND: POST /session/6c6cb6a8a370fc8e9b369c93884aa0ad/execute/async - {"script":"<script> [6424 bytes]","args":[{"element-6066-11e4-a52e-4f735466cecf":"f.15418A1A81C0C7B7CE5FAC7FB907596B.d.CF56757665088C681FA0D5353F0D0CDD.e.297"},"getTitle",[]]}
COMMAND: POST /session/6c6cb6a8a370fc8e9b369c93884aa0ad/execute/async - {"script":"<script> [1562 bytes]","args":[{"selector":{"id":"shellAppTitle"},"wdio_ui5_key":"shellAppTitle"}]}
RESULT: {"script":"<script> [1562 bytes]","args":[{"selector":{"id":"shellAppTitle"},"wdio_ui5_key":"shellAppTitle"}]}
COMMAND: POST /session/6c6cb6a8a370fc8e9b369c93884aa0ad/execute/async - {"script":"<script> [6424 bytes]","args":[{"element-6066-11e4-a52e-4f735466cecf":"f.15418A1A81C0C7B7CE5FAC7FB907596B.d.CF56757665088C681FA0D5353F0D0CDD.e.4334"},"getTitle",[]]}
RESULT: {"script":"<script> [6424 bytes]","args":[{"element-6066-11e4-a52e-4f735466cecf":"f.15418A1A81C0C7B7CE5FAC7FB907596B.d.CF56757665088C681FA0D5353F0D0CDD.e.4334"},"getTitle",[]]}
RESULT: undefined
COMMAND: POST /session/6c6cb6a8a370fc8e9b369c93884aa0ad/element/f.15418A1A81C0C7B7CE5FAC7FB907596B.d.CF56757665088C681FA0D5353F0D0CDD.e.4256/click - {}
RESULT: {}
COMMAND: GET /session/6c6cb6a8a370fc8e9b369c93884aa0ad/screenshot - {}
RESULT: {}
]]></system-out>
    </testcase>
    <testcase classname="chrome.136_0_7103_93.windows.Sanity_Tests_US104253" name="Should open ISC Orders Calendar page" time="40.122">
      <system-out><![CDATA[
COMMAND: POST /session/6c6cb6a8a370fc8e9b369c93884aa0ad/execute/async - {"script":"<script> [1562 bytes]","args":[{"selector":{"controlType":"sap.m.GenericTile","properties":{"header":"ISC Orders Calendar"}},"wdio_ui5_key":"sapm.GenericTile{\"header\":\"ISC Orders Calendar\"}"}]}
RESULT: {"script":"<script> [1562 bytes]","args":[{"selector":{"controlType":"sap.m.GenericTile","properties":{"header":"ISC Orders Calendar"}},"wdio_ui5_key":"sapm.GenericTile{\"header\":\"ISC Orders Calendar\"}"}]}
RESULT: undefined
COMMAND: POST /session/6c6cb6a8a370fc8e9b369c93884aa0ad/element - {"using":"xpath","value":"//*[@id=\"__tile107\"]"}
RESULT: {"using":"xpath","value":"//*[@id=\"__tile107\"]"}
COMMAND: POST /session/6c6cb6a8a370fc8e9b369c93884aa0ad/element/f.15418A1A81C0C7B7CE5FAC7FB907596B.d.CF56757665088C681FA0D5353F0D0CDD.e.4336/click - {}
RESULT: {}
COMMAND: GET /session/6c6cb6a8a370fc8e9b369c93884aa0ad/screenshot - {}
RESULT: {}
COMMAND: POST /session/6c6cb6a8a370fc8e9b369c93884aa0ad/elements - {"using":"xpath","value":"//span[text()='Error']"}
RESULT: {"using":"xpath","value":"//span[text()='Error']"}
RESULT: undefined
COMMAND: POST /session/6c6cb6a8a370fc8e9b369c93884aa0ad/element - {"using":"xpath","value":"//*[@id=\"__tile107\"]"}
RESULT: {"using":"xpath","value":"//*[@id=\"__tile107\"]"}
COMMAND: POST /session/6c6cb6a8a370fc8e9b369c93884aa0ad/element/f.15418A1A81C0C7B7CE5FAC7FB907596B.d.CF56757665088C681FA0D5353F0D0CDD.e.4336/click - {}
RESULT: undefined
COMMAND: POST /session/6c6cb6a8a370fc8e9b369c93884aa0ad/element - {"using":"xpath","value":"//*[@id=\"__tile107\"]"}
RESULT: {"using":"xpath","value":"//*[@id=\"__tile107\"]"}
COMMAND: POST /session/6c6cb6a8a370fc8e9b369c93884aa0ad/element/f.15418A1A81C0C7B7CE5FAC7FB907596B.d.CF56757665088C681FA0D5353F0D0CDD.e.4336/click - {}
RESULT: undefined
COMMAND: POST /session/6c6cb6a8a370fc8e9b369c93884aa0ad/execute/async - {"script":"<script> [6424 bytes]","args":[{"element-6066-11e4-a52e-4f735466cecf":"f.15418A1A81C0C7B7CE5FAC7FB907596B.d.CF56757665088C681FA0D5353F0D0CDD.e.297"},"getTitle",[]]}
COMMAND: POST /session/6c6cb6a8a370fc8e9b369c93884aa0ad/execute/async - {"script":"<script> [1562 bytes]","args":[{"selector":{"id":"shellAppTitle"},"wdio_ui5_key":"shellAppTitle"}]}
RESULT: {"script":"<script> [1562 bytes]","args":[{"selector":{"id":"shellAppTitle"},"wdio_ui5_key":"shellAppTitle"}]}
COMMAND: POST /session/6c6cb6a8a370fc8e9b369c93884aa0ad/execute/async - {"script":"<script> [6424 bytes]","args":[{"element-6066-11e4-a52e-4f735466cecf":"f.15418A1A81C0C7B7CE5FAC7FB907596B.d.CF56757665088C681FA0D5353F0D0CDD.e.4532"},"getTitle",[]]}
RESULT: {"script":"<script> [6424 bytes]","args":[{"element-6066-11e4-a52e-4f735466cecf":"f.15418A1A81C0C7B7CE5FAC7FB907596B.d.CF56757665088C681FA0D5353F0D0CDD.e.4532"},"getTitle",[]]}
RESULT: undefined
COMMAND: POST /session/6c6cb6a8a370fc8e9b369c93884aa0ad/element/f.15418A1A81C0C7B7CE5FAC7FB907596B.d.CF56757665088C681FA0D5353F0D0CDD.e.4256/click - {}
COMMAND: POST /session/6c6cb6a8a370fc8e9b369c93884aa0ad/element - {"using":"xpath","value":"//*[@id=\"backBtn\"]"}
RESULT: {"using":"xpath","value":"//*[@id=\"backBtn\"]"}
COMMAND: POST /session/6c6cb6a8a370fc8e9b369c93884aa0ad/element/f.15418A1A81C0C7B7CE5FAC7FB907596B.d.CF56757665088C681FA0D5353F0D0CDD.e.4256/click - {}
COMMAND: POST /session/6c6cb6a8a370fc8e9b369c93884aa0ad/element - {"using":"xpath","value":"//*[@id=\"backBtn\"]"}
RESULT: {"using":"xpath","value":"//*[@id=\"backBtn\"]"}
COMMAND: POST /session/6c6cb6a8a370fc8e9b369c93884aa0ad/element/f.15418A1A81C0C7B7CE5FAC7FB907596B.d.CF56757665088C681FA0D5353F0D0CDD.e.4533/click - {}
RESULT: {}
COMMAND: GET /session/6c6cb6a8a370fc8e9b369c93884aa0ad/screenshot - {}
RESULT: {}
]]></system-out>
    </testcase>
    <testcase classname="chrome.136_0_7103_93.windows.Sanity_Tests_US104253" name="Should open Configure System page" time="44.114">
      <system-out><![CDATA[
COMMAND: POST /session/6c6cb6a8a370fc8e9b369c93884aa0ad/execute/async - {"script":"<script> [1562 bytes]","args":[{"selector":{"controlType":"sap.m.GenericTile","properties":{"header":"Configure System"}},"wdio_ui5_key":"sapm.GenericTile{\"header\":\"Configure System\"}"}]}
RESULT: {"script":"<script> [1562 bytes]","args":[{"selector":{"controlType":"sap.m.GenericTile","properties":{"header":"Configure System"}},"wdio_ui5_key":"sapm.GenericTile{\"header\":\"Configure System\"}"}]}
RESULT: undefined
COMMAND: POST /session/6c6cb6a8a370fc8e9b369c93884aa0ad/element - {"using":"xpath","value":"//*[@id=\"__tile114\"]"}
RESULT: {"using":"xpath","value":"//*[@id=\"__tile114\"]"}
COMMAND: POST /session/6c6cb6a8a370fc8e9b369c93884aa0ad/element/f.15418A1A81C0C7B7CE5FAC7FB907596B.d.CF56757665088C681FA0D5353F0D0CDD.e.4535/click - {}
RESULT: {}
COMMAND: GET /session/6c6cb6a8a370fc8e9b369c93884aa0ad/screenshot - {}
RESULT: {}
COMMAND: POST /session/6c6cb6a8a370fc8e9b369c93884aa0ad/elements - {"using":"xpath","value":"//span[text()='Error']"}
RESULT: {"using":"xpath","value":"//span[text()='Error']"}
RESULT: undefined
COMMAND: POST /session/6c6cb6a8a370fc8e9b369c93884aa0ad/element - {"using":"xpath","value":"//*[@id=\"__tile114\"]"}
RESULT: {"using":"xpath","value":"//*[@id=\"__tile114\"]"}
COMMAND: POST /session/6c6cb6a8a370fc8e9b369c93884aa0ad/element/f.15418A1A81C0C7B7CE5FAC7FB907596B.d.CF56757665088C681FA0D5353F0D0CDD.e.4535/click - {}
RESULT: undefined
COMMAND: POST /session/6c6cb6a8a370fc8e9b369c93884aa0ad/element - {"using":"xpath","value":"//*[@id=\"__tile114\"]"}
RESULT: {"using":"xpath","value":"//*[@id=\"__tile114\"]"}
COMMAND: POST /session/6c6cb6a8a370fc8e9b369c93884aa0ad/element/f.15418A1A81C0C7B7CE5FAC7FB907596B.d.CF56757665088C681FA0D5353F0D0CDD.e.4535/click - {}
RESULT: undefined
COMMAND: POST /session/6c6cb6a8a370fc8e9b369c93884aa0ad/execute/async - {"script":"<script> [6424 bytes]","args":[{"element-6066-11e4-a52e-4f735466cecf":"f.15418A1A81C0C7B7CE5FAC7FB907596B.d.CF56757665088C681FA0D5353F0D0CDD.e.297"},"getTitle",[]]}
COMMAND: POST /session/6c6cb6a8a370fc8e9b369c93884aa0ad/execute/async - {"script":"<script> [1562 bytes]","args":[{"selector":{"id":"shellAppTitle"},"wdio_ui5_key":"shellAppTitle"}]}
RESULT: {"script":"<script> [1562 bytes]","args":[{"selector":{"id":"shellAppTitle"},"wdio_ui5_key":"shellAppTitle"}]}
COMMAND: POST /session/6c6cb6a8a370fc8e9b369c93884aa0ad/execute/async - {"script":"<script> [6424 bytes]","args":[{"element-6066-11e4-a52e-4f735466cecf":"f.15418A1A81C0C7B7CE5FAC7FB907596B.d.CF56757665088C681FA0D5353F0D0CDD.e.4568"},"getTitle",[]]}
RESULT: {"script":"<script> [6424 bytes]","args":[{"element-6066-11e4-a52e-4f735466cecf":"f.15418A1A81C0C7B7CE5FAC7FB907596B.d.CF56757665088C681FA0D5353F0D0CDD.e.4568"},"getTitle",[]]}
RESULT: undefined
COMMAND: POST /session/6c6cb6a8a370fc8e9b369c93884aa0ad/element/f.15418A1A81C0C7B7CE5FAC7FB907596B.d.CF56757665088C681FA0D5353F0D0CDD.e.4533/click - {}
RESULT: {}
COMMAND: GET /session/6c6cb6a8a370fc8e9b369c93884aa0ad/screenshot - {}
RESULT: {}
]]></system-out>
    </testcase>
    <testcase classname="chrome.136_0_7103_93.windows.Sanity_Tests_US104253" name="Should open Manage Classifications page" time="40.793">
      <system-out><![CDATA[
COMMAND: POST /session/6c6cb6a8a370fc8e9b369c93884aa0ad/execute/async - {"script":"<script> [1562 bytes]","args":[{"selector":{"controlType":"sap.m.GenericTile","properties":{"header":"Manage Classifications"}},"wdio_ui5_key":"sapm.GenericTile{\"header\":\"Manage Classifications\"}"}]}
RESULT: {"script":"<script> [1562 bytes]","args":[{"selector":{"controlType":"sap.m.GenericTile","properties":{"header":"Manage Classifications"}},"wdio_ui5_key":"sapm.GenericTile{\"header\":\"Manage Classifications\"}"}]}
RESULT: undefined
COMMAND: POST /session/6c6cb6a8a370fc8e9b369c93884aa0ad/element - {"using":"xpath","value":"//*[@id=\"__tile115\"]"}
RESULT: {"using":"xpath","value":"//*[@id=\"__tile115\"]"}
COMMAND: POST /session/6c6cb6a8a370fc8e9b369c93884aa0ad/element/f.15418A1A81C0C7B7CE5FAC7FB907596B.d.CF56757665088C681FA0D5353F0D0CDD.e.4572/click - {}
RESULT: {}
COMMAND: GET /session/6c6cb6a8a370fc8e9b369c93884aa0ad/screenshot - {}
RESULT: {}
COMMAND: POST /session/6c6cb6a8a370fc8e9b369c93884aa0ad/elements - {"using":"xpath","value":"//span[text()='Error']"}
RESULT: {"using":"xpath","value":"//span[text()='Error']"}
RESULT: undefined
COMMAND: POST /session/6c6cb6a8a370fc8e9b369c93884aa0ad/element - {"using":"xpath","value":"//*[@id=\"__tile115\"]"}
RESULT: {"using":"xpath","value":"//*[@id=\"__tile115\"]"}
COMMAND: POST /session/6c6cb6a8a370fc8e9b369c93884aa0ad/element/f.15418A1A81C0C7B7CE5FAC7FB907596B.d.CF56757665088C681FA0D5353F0D0CDD.e.4572/click - {}
RESULT: undefined
COMMAND: POST /session/6c6cb6a8a370fc8e9b369c93884aa0ad/element - {"using":"xpath","value":"//*[@id=\"__tile115\"]"}
RESULT: {"using":"xpath","value":"//*[@id=\"__tile115\"]"}
COMMAND: POST /session/6c6cb6a8a370fc8e9b369c93884aa0ad/element/f.15418A1A81C0C7B7CE5FAC7FB907596B.d.CF56757665088C681FA0D5353F0D0CDD.e.4572/click - {}
RESULT: undefined
COMMAND: POST /session/6c6cb6a8a370fc8e9b369c93884aa0ad/execute/async - {"script":"<script> [6424 bytes]","args":[{"element-6066-11e4-a52e-4f735466cecf":"f.15418A1A81C0C7B7CE5FAC7FB907596B.d.CF56757665088C681FA0D5353F0D0CDD.e.297"},"getTitle",[]]}
COMMAND: POST /session/6c6cb6a8a370fc8e9b369c93884aa0ad/execute/async - {"script":"<script> [1562 bytes]","args":[{"selector":{"id":"shellAppTitle"},"wdio_ui5_key":"shellAppTitle"}]}
RESULT: {"script":"<script> [1562 bytes]","args":[{"selector":{"id":"shellAppTitle"},"wdio_ui5_key":"shellAppTitle"}]}
COMMAND: POST /session/6c6cb6a8a370fc8e9b369c93884aa0ad/execute/async - {"script":"<script> [6424 bytes]","args":[{"element-6066-11e4-a52e-4f735466cecf":"f.15418A1A81C0C7B7CE5FAC7FB907596B.d.CF56757665088C681FA0D5353F0D0CDD.e.4838"},"getTitle",[]]}
RESULT: {"script":"<script> [6424 bytes]","args":[{"element-6066-11e4-a52e-4f735466cecf":"f.15418A1A81C0C7B7CE5FAC7FB907596B.d.CF56757665088C681FA0D5353F0D0CDD.e.4838"},"getTitle",[]]}
RESULT: undefined
COMMAND: POST /session/6c6cb6a8a370fc8e9b369c93884aa0ad/element/f.15418A1A81C0C7B7CE5FAC7FB907596B.d.CF56757665088C681FA0D5353F0D0CDD.e.4533/click - {}
COMMAND: POST /session/6c6cb6a8a370fc8e9b369c93884aa0ad/element - {"using":"xpath","value":"//*[@id=\"backBtn\"]"}
RESULT: {"using":"xpath","value":"//*[@id=\"backBtn\"]"}
COMMAND: POST /session/6c6cb6a8a370fc8e9b369c93884aa0ad/element/f.15418A1A81C0C7B7CE5FAC7FB907596B.d.CF56757665088C681FA0D5353F0D0CDD.e.4533/click - {}
COMMAND: POST /session/6c6cb6a8a370fc8e9b369c93884aa0ad/element - {"using":"xpath","value":"//*[@id=\"backBtn\"]"}
RESULT: {"using":"xpath","value":"//*[@id=\"backBtn\"]"}
COMMAND: POST /session/6c6cb6a8a370fc8e9b369c93884aa0ad/element/f.15418A1A81C0C7B7CE5FAC7FB907596B.d.CF56757665088C681FA0D5353F0D0CDD.e.4839/click - {}
RESULT: {}
COMMAND: GET /session/6c6cb6a8a370fc8e9b369c93884aa0ad/screenshot - {}
RESULT: {}
]]></system-out>
    </testcase>
    <testcase classname="chrome.136_0_7103_93.windows.Sanity_Tests_US104253" name="Should open Data Explorer page" time="44.946">
      <system-out><![CDATA[
COMMAND: POST /session/6c6cb6a8a370fc8e9b369c93884aa0ad/execute/async - {"script":"<script> [1562 bytes]","args":[{"selector":{"controlType":"sap.m.GenericTile","properties":{"header":"Data Explorer"}},"wdio_ui5_key":"sapm.GenericTile{\"header\":\"Data Explorer\"}"}]}
RESULT: {"script":"<script> [1562 bytes]","args":[{"selector":{"controlType":"sap.m.GenericTile","properties":{"header":"Data Explorer"}},"wdio_ui5_key":"sapm.GenericTile{\"header\":\"Data Explorer\"}"}]}
RESULT: undefined
COMMAND: POST /session/6c6cb6a8a370fc8e9b369c93884aa0ad/element - {"using":"xpath","value":"//*[@id=\"__tile117\"]"}
RESULT: {"using":"xpath","value":"//*[@id=\"__tile117\"]"}
COMMAND: POST /session/6c6cb6a8a370fc8e9b369c93884aa0ad/element/f.15418A1A81C0C7B7CE5FAC7FB907596B.d.CF56757665088C681FA0D5353F0D0CDD.e.4841/click - {}
RESULT: {}
COMMAND: GET /session/6c6cb6a8a370fc8e9b369c93884aa0ad/screenshot - {}
RESULT: {}
COMMAND: POST /session/6c6cb6a8a370fc8e9b369c93884aa0ad/elements - {"using":"xpath","value":"//span[text()='Error']"}
RESULT: {"using":"xpath","value":"//span[text()='Error']"}
RESULT: undefined
COMMAND: POST /session/6c6cb6a8a370fc8e9b369c93884aa0ad/element - {"using":"xpath","value":"//*[@id=\"__tile117\"]"}
RESULT: {"using":"xpath","value":"//*[@id=\"__tile117\"]"}
COMMAND: POST /session/6c6cb6a8a370fc8e9b369c93884aa0ad/element/f.15418A1A81C0C7B7CE5FAC7FB907596B.d.CF56757665088C681FA0D5353F0D0CDD.e.4841/click - {}
RESULT: undefined
COMMAND: POST /session/6c6cb6a8a370fc8e9b369c93884aa0ad/element - {"using":"xpath","value":"//*[@id=\"__tile117\"]"}
RESULT: {"using":"xpath","value":"//*[@id=\"__tile117\"]"}
COMMAND: POST /session/6c6cb6a8a370fc8e9b369c93884aa0ad/element/f.15418A1A81C0C7B7CE5FAC7FB907596B.d.CF56757665088C681FA0D5353F0D0CDD.e.4841/click - {}
RESULT: undefined
COMMAND: POST /session/6c6cb6a8a370fc8e9b369c93884aa0ad/execute/async - {"script":"<script> [6424 bytes]","args":[{"element-6066-11e4-a52e-4f735466cecf":"f.15418A1A81C0C7B7CE5FAC7FB907596B.d.CF56757665088C681FA0D5353F0D0CDD.e.297"},"getTitle",[]]}
COMMAND: POST /session/6c6cb6a8a370fc8e9b369c93884aa0ad/execute/async - {"script":"<script> [1562 bytes]","args":[{"selector":{"id":"shellAppTitle"},"wdio_ui5_key":"shellAppTitle"}]}
RESULT: {"script":"<script> [1562 bytes]","args":[{"selector":{"id":"shellAppTitle"},"wdio_ui5_key":"shellAppTitle"}]}
COMMAND: POST /session/6c6cb6a8a370fc8e9b369c93884aa0ad/execute/async - {"script":"<script> [6424 bytes]","args":[{"element-6066-11e4-a52e-4f735466cecf":"f.15418A1A81C0C7B7CE5FAC7FB907596B.d.CF56757665088C681FA0D5353F0D0CDD.e.4998"},"getTitle",[]]}
RESULT: {"script":"<script> [6424 bytes]","args":[{"element-6066-11e4-a52e-4f735466cecf":"f.15418A1A81C0C7B7CE5FAC7FB907596B.d.CF56757665088C681FA0D5353F0D0CDD.e.4998"},"getTitle",[]]}
RESULT: undefined
COMMAND: POST /session/6c6cb6a8a370fc8e9b369c93884aa0ad/element/f.15418A1A81C0C7B7CE5FAC7FB907596B.d.CF56757665088C681FA0D5353F0D0CDD.e.4839/click - {}
RESULT: {}
COMMAND: GET /session/6c6cb6a8a370fc8e9b369c93884aa0ad/screenshot - {}
RESULT: {}
]]></system-out>
    </testcase>
    <testcase classname="chrome.136_0_7103_93.windows.Sanity_Tests_US104253" name="Should open Performance Monitor page" time="36.303">
      <system-out><![CDATA[
COMMAND: POST /session/6c6cb6a8a370fc8e9b369c93884aa0ad/execute/async - {"script":"<script> [1562 bytes]","args":[{"selector":{"controlType":"sap.m.GenericTile","properties":{"header":"Performance Monitor"}},"wdio_ui5_key":"sapm.GenericTile{\"header\":\"Performance Monitor\"}"}]}
RESULT: {"script":"<script> [1562 bytes]","args":[{"selector":{"controlType":"sap.m.GenericTile","properties":{"header":"Performance Monitor"}},"wdio_ui5_key":"sapm.GenericTile{\"header\":\"Performance Monitor\"}"}]}
RESULT: undefined
COMMAND: POST /session/6c6cb6a8a370fc8e9b369c93884aa0ad/element - {"using":"xpath","value":"//*[@id=\"__tile116\"]"}
RESULT: {"using":"xpath","value":"//*[@id=\"__tile116\"]"}
COMMAND: POST /session/6c6cb6a8a370fc8e9b369c93884aa0ad/element/f.15418A1A81C0C7B7CE5FAC7FB907596B.d.CF56757665088C681FA0D5353F0D0CDD.e.5000/click - {}
RESULT: {}
COMMAND: GET /session/6c6cb6a8a370fc8e9b369c93884aa0ad/screenshot - {}
RESULT: {}
COMMAND: POST /session/6c6cb6a8a370fc8e9b369c93884aa0ad/elements - {"using":"xpath","value":"//span[text()='Error']"}
RESULT: {"using":"xpath","value":"//span[text()='Error']"}
RESULT: undefined
COMMAND: POST /session/6c6cb6a8a370fc8e9b369c93884aa0ad/element - {"using":"xpath","value":"//*[@id=\"__tile116\"]"}
RESULT: {"using":"xpath","value":"//*[@id=\"__tile116\"]"}
COMMAND: POST /session/6c6cb6a8a370fc8e9b369c93884aa0ad/element/f.15418A1A81C0C7B7CE5FAC7FB907596B.d.CF56757665088C681FA0D5353F0D0CDD.e.5000/click - {}
RESULT: undefined
COMMAND: POST /session/6c6cb6a8a370fc8e9b369c93884aa0ad/element - {"using":"xpath","value":"//*[@id=\"__tile116\"]"}
RESULT: {"using":"xpath","value":"//*[@id=\"__tile116\"]"}
COMMAND: POST /session/6c6cb6a8a370fc8e9b369c93884aa0ad/element/f.15418A1A81C0C7B7CE5FAC7FB907596B.d.CF56757665088C681FA0D5353F0D0CDD.e.5000/click - {}
RESULT: undefined
COMMAND: POST /session/6c6cb6a8a370fc8e9b369c93884aa0ad/execute/async - {"script":"<script> [6424 bytes]","args":[{"element-6066-11e4-a52e-4f735466cecf":"f.15418A1A81C0C7B7CE5FAC7FB907596B.d.CF56757665088C681FA0D5353F0D0CDD.e.297"},"getTitle",[]]}
COMMAND: POST /session/6c6cb6a8a370fc8e9b369c93884aa0ad/execute/async - {"script":"<script> [1562 bytes]","args":[{"selector":{"id":"shellAppTitle"},"wdio_ui5_key":"shellAppTitle"}]}
RESULT: {"script":"<script> [1562 bytes]","args":[{"selector":{"id":"shellAppTitle"},"wdio_ui5_key":"shellAppTitle"}]}
COMMAND: POST /session/6c6cb6a8a370fc8e9b369c93884aa0ad/execute/async - {"script":"<script> [6424 bytes]","args":[{"element-6066-11e4-a52e-4f735466cecf":"f.15418A1A81C0C7B7CE5FAC7FB907596B.d.CF56757665088C681FA0D5353F0D0CDD.e.5025"},"getTitle",[]]}
RESULT: {"script":"<script> [6424 bytes]","args":[{"element-6066-11e4-a52e-4f735466cecf":"f.15418A1A81C0C7B7CE5FAC7FB907596B.d.CF56757665088C681FA0D5353F0D0CDD.e.5025"},"getTitle",[]]}
RESULT: undefined
COMMAND: POST /session/6c6cb6a8a370fc8e9b369c93884aa0ad/element/f.15418A1A81C0C7B7CE5FAC7FB907596B.d.CF56757665088C681FA0D5353F0D0CDD.e.4839/click - {}
COMMAND: POST /session/6c6cb6a8a370fc8e9b369c93884aa0ad/element - {"using":"xpath","value":"//*[@id=\"backBtn\"]"}
RESULT: {"using":"xpath","value":"//*[@id=\"backBtn\"]"}
COMMAND: POST /session/6c6cb6a8a370fc8e9b369c93884aa0ad/element/f.15418A1A81C0C7B7CE5FAC7FB907596B.d.CF56757665088C681FA0D5353F0D0CDD.e.4839/click - {}
COMMAND: POST /session/6c6cb6a8a370fc8e9b369c93884aa0ad/element - {"using":"xpath","value":"//*[@id=\"backBtn\"]"}
RESULT: {"using":"xpath","value":"//*[@id=\"backBtn\"]"}
COMMAND: POST /session/6c6cb6a8a370fc8e9b369c93884aa0ad/element/f.15418A1A81C0C7B7CE5FAC7FB907596B.d.CF56757665088C681FA0D5353F0D0CDD.e.5026/click - {}
RESULT: {}
COMMAND: GET /session/6c6cb6a8a370fc8e9b369c93884aa0ad/screenshot - {}
RESULT: {}
]]></system-out>
    </testcase>
    <testcase classname="chrome.136_0_7103_93.windows.Sanity_Tests_US104253" name="Should open Organizational Model page" time="38.666">
      <system-out><![CDATA[
COMMAND: POST /session/6c6cb6a8a370fc8e9b369c93884aa0ad/execute/async - {"script":"<script> [1562 bytes]","args":[{"selector":{"controlType":"sap.m.GenericTile","properties":{"header":"Organizational Model"}},"wdio_ui5_key":"sapm.GenericTile{\"header\":\"Organizational Model\"}"}]}
RESULT: {"script":"<script> [1562 bytes]","args":[{"selector":{"controlType":"sap.m.GenericTile","properties":{"header":"Organizational Model"}},"wdio_ui5_key":"sapm.GenericTile{\"header\":\"Organizational Model\"}"}]}
RESULT: undefined
COMMAND: POST /session/6c6cb6a8a370fc8e9b369c93884aa0ad/element - {"using":"xpath","value":"//*[@id=\"__tile120\"]"}
RESULT: {"using":"xpath","value":"//*[@id=\"__tile120\"]"}
COMMAND: POST /session/6c6cb6a8a370fc8e9b369c93884aa0ad/element/f.15418A1A81C0C7B7CE5FAC7FB907596B.d.CF56757665088C681FA0D5353F0D0CDD.e.5028/click - {}
RESULT: {}
COMMAND: GET /session/6c6cb6a8a370fc8e9b369c93884aa0ad/screenshot - {}
RESULT: {}
COMMAND: POST /session/6c6cb6a8a370fc8e9b369c93884aa0ad/elements - {"using":"xpath","value":"//span[text()='Error']"}
RESULT: {"using":"xpath","value":"//span[text()='Error']"}
RESULT: undefined
COMMAND: POST /session/6c6cb6a8a370fc8e9b369c93884aa0ad/element - {"using":"xpath","value":"//*[@id=\"__tile120\"]"}
RESULT: {"using":"xpath","value":"//*[@id=\"__tile120\"]"}
COMMAND: POST /session/6c6cb6a8a370fc8e9b369c93884aa0ad/element/f.15418A1A81C0C7B7CE5FAC7FB907596B.d.CF56757665088C681FA0D5353F0D0CDD.e.5028/click - {}
RESULT: undefined
COMMAND: POST /session/6c6cb6a8a370fc8e9b369c93884aa0ad/element - {"using":"xpath","value":"//*[@id=\"__tile120\"]"}
RESULT: {"using":"xpath","value":"//*[@id=\"__tile120\"]"}
COMMAND: POST /session/6c6cb6a8a370fc8e9b369c93884aa0ad/element/f.15418A1A81C0C7B7CE5FAC7FB907596B.d.CF56757665088C681FA0D5353F0D0CDD.e.5028/click - {}
RESULT: undefined
COMMAND: POST /session/6c6cb6a8a370fc8e9b369c93884aa0ad/execute/async - {"script":"<script> [6424 bytes]","args":[{"element-6066-11e4-a52e-4f735466cecf":"f.15418A1A81C0C7B7CE5FAC7FB907596B.d.CF56757665088C681FA0D5353F0D0CDD.e.297"},"getTitle",[]]}
COMMAND: POST /session/6c6cb6a8a370fc8e9b369c93884aa0ad/execute/async - {"script":"<script> [1562 bytes]","args":[{"selector":{"id":"shellAppTitle"},"wdio_ui5_key":"shellAppTitle"}]}
RESULT: {"script":"<script> [1562 bytes]","args":[{"selector":{"id":"shellAppTitle"},"wdio_ui5_key":"shellAppTitle"}]}
COMMAND: POST /session/6c6cb6a8a370fc8e9b369c93884aa0ad/execute/async - {"script":"<script> [6424 bytes]","args":[{"element-6066-11e4-a52e-4f735466cecf":"f.15418A1A81C0C7B7CE5FAC7FB907596B.d.CF56757665088C681FA0D5353F0D0CDD.e.5047"},"getTitle",[]]}
RESULT: {"script":"<script> [6424 bytes]","args":[{"element-6066-11e4-a52e-4f735466cecf":"f.15418A1A81C0C7B7CE5FAC7FB907596B.d.CF56757665088C681FA0D5353F0D0CDD.e.5047"},"getTitle",[]]}
RESULT: undefined
COMMAND: POST /session/6c6cb6a8a370fc8e9b369c93884aa0ad/element/f.15418A1A81C0C7B7CE5FAC7FB907596B.d.CF56757665088C681FA0D5353F0D0CDD.e.5026/click - {}
RESULT: {}
COMMAND: GET /session/6c6cb6a8a370fc8e9b369c93884aa0ad/screenshot - {}
RESULT: {}
]]></system-out>
    </testcase>
    <testcase classname="chrome.136_0_7103_93.windows.Sanity_Tests_US104253" name="Should open Manage Roles page" time="39.75">
      <system-out><![CDATA[
COMMAND: POST /session/6c6cb6a8a370fc8e9b369c93884aa0ad/execute/async - {"script":"<script> [1562 bytes]","args":[{"selector":{"controlType":"sap.m.GenericTile","properties":{"header":"Manage Roles"}},"wdio_ui5_key":"sapm.GenericTile{\"header\":\"Manage Roles\"}"}]}
RESULT: {"script":"<script> [1562 bytes]","args":[{"selector":{"controlType":"sap.m.GenericTile","properties":{"header":"Manage Roles"}},"wdio_ui5_key":"sapm.GenericTile{\"header\":\"Manage Roles\"}"}]}
RESULT: undefined
COMMAND: POST /session/6c6cb6a8a370fc8e9b369c93884aa0ad/element - {"using":"xpath","value":"//*[@id=\"__tile119\"]"}
RESULT: {"using":"xpath","value":"//*[@id=\"__tile119\"]"}
COMMAND: POST /session/6c6cb6a8a370fc8e9b369c93884aa0ad/element/f.15418A1A81C0C7B7CE5FAC7FB907596B.d.CF56757665088C681FA0D5353F0D0CDD.e.5049/click - {}
RESULT: {}
COMMAND: GET /session/6c6cb6a8a370fc8e9b369c93884aa0ad/screenshot - {}
RESULT: {}
COMMAND: POST /session/6c6cb6a8a370fc8e9b369c93884aa0ad/elements - {"using":"xpath","value":"//span[text()='Error']"}
RESULT: {"using":"xpath","value":"//span[text()='Error']"}
RESULT: undefined
COMMAND: POST /session/6c6cb6a8a370fc8e9b369c93884aa0ad/element - {"using":"xpath","value":"//*[@id=\"__tile119\"]"}
RESULT: {"using":"xpath","value":"//*[@id=\"__tile119\"]"}
COMMAND: POST /session/6c6cb6a8a370fc8e9b369c93884aa0ad/element/f.15418A1A81C0C7B7CE5FAC7FB907596B.d.CF56757665088C681FA0D5353F0D0CDD.e.5049/click - {}
RESULT: undefined
COMMAND: POST /session/6c6cb6a8a370fc8e9b369c93884aa0ad/element - {"using":"xpath","value":"//*[@id=\"__tile119\"]"}
RESULT: {"using":"xpath","value":"//*[@id=\"__tile119\"]"}
COMMAND: POST /session/6c6cb6a8a370fc8e9b369c93884aa0ad/element/f.15418A1A81C0C7B7CE5FAC7FB907596B.d.CF56757665088C681FA0D5353F0D0CDD.e.5049/click - {}
RESULT: undefined
COMMAND: POST /session/6c6cb6a8a370fc8e9b369c93884aa0ad/execute/async - {"script":"<script> [6424 bytes]","args":[{"element-6066-11e4-a52e-4f735466cecf":"f.15418A1A81C0C7B7CE5FAC7FB907596B.d.CF56757665088C681FA0D5353F0D0CDD.e.297"},"getTitle",[]]}
COMMAND: POST /session/6c6cb6a8a370fc8e9b369c93884aa0ad/execute/async - {"script":"<script> [1562 bytes]","args":[{"selector":{"id":"shellAppTitle"},"wdio_ui5_key":"shellAppTitle"}]}
RESULT: {"script":"<script> [1562 bytes]","args":[{"selector":{"id":"shellAppTitle"},"wdio_ui5_key":"shellAppTitle"}]}
COMMAND: POST /session/6c6cb6a8a370fc8e9b369c93884aa0ad/execute/async - {"script":"<script> [6424 bytes]","args":[{"element-6066-11e4-a52e-4f735466cecf":"f.15418A1A81C0C7B7CE5FAC7FB907596B.d.CF56757665088C681FA0D5353F0D0CDD.e.5091"},"getTitle",[]]}
RESULT: {"script":"<script> [6424 bytes]","args":[{"element-6066-11e4-a52e-4f735466cecf":"f.15418A1A81C0C7B7CE5FAC7FB907596B.d.CF56757665088C681FA0D5353F0D0CDD.e.5091"},"getTitle",[]]}
RESULT: undefined
COMMAND: POST /session/6c6cb6a8a370fc8e9b369c93884aa0ad/element/f.15418A1A81C0C7B7CE5FAC7FB907596B.d.CF56757665088C681FA0D5353F0D0CDD.e.5026/click - {}
COMMAND: POST /session/6c6cb6a8a370fc8e9b369c93884aa0ad/element - {"using":"xpath","value":"//*[@id=\"backBtn\"]"}
RESULT: {"using":"xpath","value":"//*[@id=\"backBtn\"]"}
COMMAND: POST /session/6c6cb6a8a370fc8e9b369c93884aa0ad/element/f.15418A1A81C0C7B7CE5FAC7FB907596B.d.CF56757665088C681FA0D5353F0D0CDD.e.5026/click - {}
COMMAND: POST /session/6c6cb6a8a370fc8e9b369c93884aa0ad/element - {"using":"xpath","value":"//*[@id=\"backBtn\"]"}
RESULT: {"using":"xpath","value":"//*[@id=\"backBtn\"]"}
COMMAND: POST /session/6c6cb6a8a370fc8e9b369c93884aa0ad/element/f.15418A1A81C0C7B7CE5FAC7FB907596B.d.CF56757665088C681FA0D5353F0D0CDD.e.5092/click - {}
RESULT: {}
COMMAND: GET /session/6c6cb6a8a370fc8e9b369c93884aa0ad/screenshot - {}
RESULT: {}
]]></system-out>
    </testcase>
    <testcase classname="chrome.136_0_7103_93.windows.Sanity_Tests_US104253" name="Should open Authorization Tables page" time="36.865">
      <system-out><![CDATA[
COMMAND: POST /session/6c6cb6a8a370fc8e9b369c93884aa0ad/execute/async - {"script":"<script> [1562 bytes]","args":[{"selector":{"controlType":"sap.m.GenericTile","properties":{"header":"Authorization Tables"}},"wdio_ui5_key":"sapm.GenericTile{\"header\":\"Authorization Tables\"}"}]}
RESULT: {"script":"<script> [1562 bytes]","args":[{"selector":{"controlType":"sap.m.GenericTile","properties":{"header":"Authorization Tables"}},"wdio_ui5_key":"sapm.GenericTile{\"header\":\"Authorization Tables\"}"}]}
RESULT: undefined
COMMAND: POST /session/6c6cb6a8a370fc8e9b369c93884aa0ad/element - {"using":"xpath","value":"//*[@id=\"__tile118\"]"}
RESULT: {"using":"xpath","value":"//*[@id=\"__tile118\"]"}
COMMAND: POST /session/6c6cb6a8a370fc8e9b369c93884aa0ad/element/f.15418A1A81C0C7B7CE5FAC7FB907596B.d.CF56757665088C681FA0D5353F0D0CDD.e.5094/click - {}
RESULT: {}
COMMAND: GET /session/6c6cb6a8a370fc8e9b369c93884aa0ad/screenshot - {}
RESULT: {}
COMMAND: POST /session/6c6cb6a8a370fc8e9b369c93884aa0ad/elements - {"using":"xpath","value":"//span[text()='Error']"}
RESULT: {"using":"xpath","value":"//span[text()='Error']"}
RESULT: undefined
COMMAND: POST /session/6c6cb6a8a370fc8e9b369c93884aa0ad/element - {"using":"xpath","value":"//*[@id=\"__tile118\"]"}
RESULT: {"using":"xpath","value":"//*[@id=\"__tile118\"]"}
COMMAND: POST /session/6c6cb6a8a370fc8e9b369c93884aa0ad/element/f.15418A1A81C0C7B7CE5FAC7FB907596B.d.CF56757665088C681FA0D5353F0D0CDD.e.5094/click - {}
RESULT: undefined
COMMAND: POST /session/6c6cb6a8a370fc8e9b369c93884aa0ad/element - {"using":"xpath","value":"//*[@id=\"__tile118\"]"}
RESULT: {"using":"xpath","value":"//*[@id=\"__tile118\"]"}
COMMAND: POST /session/6c6cb6a8a370fc8e9b369c93884aa0ad/element/f.15418A1A81C0C7B7CE5FAC7FB907596B.d.CF56757665088C681FA0D5353F0D0CDD.e.5094/click - {}
RESULT: undefined
COMMAND: POST /session/6c6cb6a8a370fc8e9b369c93884aa0ad/execute/async - {"script":"<script> [6424 bytes]","args":[{"element-6066-11e4-a52e-4f735466cecf":"f.15418A1A81C0C7B7CE5FAC7FB907596B.d.CF56757665088C681FA0D5353F0D0CDD.e.297"},"getTitle",[]]}
COMMAND: POST /session/6c6cb6a8a370fc8e9b369c93884aa0ad/execute/async - {"script":"<script> [1562 bytes]","args":[{"selector":{"id":"shellAppTitle"},"wdio_ui5_key":"shellAppTitle"}]}
RESULT: {"script":"<script> [1562 bytes]","args":[{"selector":{"id":"shellAppTitle"},"wdio_ui5_key":"shellAppTitle"}]}
COMMAND: POST /session/6c6cb6a8a370fc8e9b369c93884aa0ad/execute/async - {"script":"<script> [6424 bytes]","args":[{"element-6066-11e4-a52e-4f735466cecf":"f.15418A1A81C0C7B7CE5FAC7FB907596B.d.CF56757665088C681FA0D5353F0D0CDD.e.5158"},"getTitle",[]]}
RESULT: {"script":"<script> [6424 bytes]","args":[{"element-6066-11e4-a52e-4f735466cecf":"f.15418A1A81C0C7B7CE5FAC7FB907596B.d.CF56757665088C681FA0D5353F0D0CDD.e.5158"},"getTitle",[]]}
RESULT: undefined
COMMAND: POST /session/6c6cb6a8a370fc8e9b369c93884aa0ad/element/f.15418A1A81C0C7B7CE5FAC7FB907596B.d.CF56757665088C681FA0D5353F0D0CDD.e.5092/click - {}
RESULT: {}
COMMAND: GET /session/6c6cb6a8a370fc8e9b369c93884aa0ad/screenshot - {}
RESULT: {}
]]></system-out>
    </testcase>
    <testcase classname="chrome.136_0_7103_93.windows.Sanity_Tests_US104253" name="Should open User Maintenance page" time="37.479">
      <system-out><![CDATA[
COMMAND: POST /session/6c6cb6a8a370fc8e9b369c93884aa0ad/execute/async - {"script":"<script> [1562 bytes]","args":[{"selector":{"controlType":"sap.m.GenericTile","properties":{"header":"User Maintenance"}},"wdio_ui5_key":"sapm.GenericTile{\"header\":\"User Maintenance\"}"}]}
RESULT: {"script":"<script> [1562 bytes]","args":[{"selector":{"controlType":"sap.m.GenericTile","properties":{"header":"User Maintenance"}},"wdio_ui5_key":"sapm.GenericTile{\"header\":\"User Maintenance\"}"}]}
RESULT: undefined
COMMAND: POST /session/6c6cb6a8a370fc8e9b369c93884aa0ad/element - {"using":"xpath","value":"//*[@id=\"__tile121\"]"}
RESULT: {"using":"xpath","value":"//*[@id=\"__tile121\"]"}
COMMAND: POST /session/6c6cb6a8a370fc8e9b369c93884aa0ad/element/f.15418A1A81C0C7B7CE5FAC7FB907596B.d.CF56757665088C681FA0D5353F0D0CDD.e.5160/click - {}
RESULT: {}
COMMAND: GET /session/6c6cb6a8a370fc8e9b369c93884aa0ad/screenshot - {}
RESULT: {}
COMMAND: POST /session/6c6cb6a8a370fc8e9b369c93884aa0ad/elements - {"using":"xpath","value":"//span[text()='Error']"}
RESULT: {"using":"xpath","value":"//span[text()='Error']"}
RESULT: undefined
COMMAND: POST /session/6c6cb6a8a370fc8e9b369c93884aa0ad/element - {"using":"xpath","value":"//*[@id=\"__tile121\"]"}
RESULT: {"using":"xpath","value":"//*[@id=\"__tile121\"]"}
COMMAND: POST /session/6c6cb6a8a370fc8e9b369c93884aa0ad/element/f.15418A1A81C0C7B7CE5FAC7FB907596B.d.CF56757665088C681FA0D5353F0D0CDD.e.5160/click - {}
RESULT: undefined
COMMAND: POST /session/6c6cb6a8a370fc8e9b369c93884aa0ad/element - {"using":"xpath","value":"//*[@id=\"__tile121\"]"}
RESULT: {"using":"xpath","value":"//*[@id=\"__tile121\"]"}
COMMAND: POST /session/6c6cb6a8a370fc8e9b369c93884aa0ad/element/f.15418A1A81C0C7B7CE5FAC7FB907596B.d.CF56757665088C681FA0D5353F0D0CDD.e.5160/click - {}
RESULT: undefined
COMMAND: POST /session/6c6cb6a8a370fc8e9b369c93884aa0ad/execute/async - {"script":"<script> [6424 bytes]","args":[{"element-6066-11e4-a52e-4f735466cecf":"f.15418A1A81C0C7B7CE5FAC7FB907596B.d.CF56757665088C681FA0D5353F0D0CDD.e.297"},"getTitle",[]]}
COMMAND: POST /session/6c6cb6a8a370fc8e9b369c93884aa0ad/execute/async - {"script":"<script> [1562 bytes]","args":[{"selector":{"id":"shellAppTitle"},"wdio_ui5_key":"shellAppTitle"}]}
RESULT: {"script":"<script> [1562 bytes]","args":[{"selector":{"id":"shellAppTitle"},"wdio_ui5_key":"shellAppTitle"}]}
COMMAND: POST /session/6c6cb6a8a370fc8e9b369c93884aa0ad/execute/async - {"script":"<script> [6424 bytes]","args":[{"element-6066-11e4-a52e-4f735466cecf":"f.15418A1A81C0C7B7CE5FAC7FB907596B.d.CF56757665088C681FA0D5353F0D0CDD.e.5250"},"getTitle",[]]}
RESULT: {"script":"<script> [6424 bytes]","args":[{"element-6066-11e4-a52e-4f735466cecf":"f.15418A1A81C0C7B7CE5FAC7FB907596B.d.CF56757665088C681FA0D5353F0D0CDD.e.5250"},"getTitle",[]]}
RESULT: undefined
COMMAND: POST /session/6c6cb6a8a370fc8e9b369c93884aa0ad/element/f.15418A1A81C0C7B7CE5FAC7FB907596B.d.CF56757665088C681FA0D5353F0D0CDD.e.5092/click - {}
COMMAND: POST /session/6c6cb6a8a370fc8e9b369c93884aa0ad/element - {"using":"xpath","value":"//*[@id=\"backBtn\"]"}
RESULT: {"using":"xpath","value":"//*[@id=\"backBtn\"]"}
COMMAND: POST /session/6c6cb6a8a370fc8e9b369c93884aa0ad/element/f.15418A1A81C0C7B7CE5FAC7FB907596B.d.CF56757665088C681FA0D5353F0D0CDD.e.5092/click - {}
COMMAND: POST /session/6c6cb6a8a370fc8e9b369c93884aa0ad/element - {"using":"xpath","value":"//*[@id=\"backBtn\"]"}
RESULT: {"using":"xpath","value":"//*[@id=\"backBtn\"]"}
COMMAND: POST /session/6c6cb6a8a370fc8e9b369c93884aa0ad/element/f.15418A1A81C0C7B7CE5FAC7FB907596B.d.CF56757665088C681FA0D5353F0D0CDD.e.5251/click - {}
RESULT: {}
COMMAND: GET /session/6c6cb6a8a370fc8e9b369c93884aa0ad/screenshot - {}
RESULT: {}
]]></system-out>
    </testcase>
    <testcase classname="chrome.136_0_7103_93.windows.Sanity_Tests_US104253" name="Should open Schedule Jobs page" time="36.405">
      <system-out><![CDATA[
COMMAND: POST /session/6c6cb6a8a370fc8e9b369c93884aa0ad/execute/async - {"script":"<script> [1562 bytes]","args":[{"selector":{"controlType":"sap.m.GenericTile","properties":{"header":"Schedule Jobs"}},"wdio_ui5_key":"sapm.GenericTile{\"header\":\"Schedule Jobs\"}"}]}
RESULT: {"script":"<script> [1562 bytes]","args":[{"selector":{"controlType":"sap.m.GenericTile","properties":{"header":"Schedule Jobs"}},"wdio_ui5_key":"sapm.GenericTile{\"header\":\"Schedule Jobs\"}"}]}
RESULT: undefined
COMMAND: POST /session/6c6cb6a8a370fc8e9b369c93884aa0ad/element - {"using":"xpath","value":"//*[@id=\"__tile127\"]"}
RESULT: {"using":"xpath","value":"//*[@id=\"__tile127\"]"}
COMMAND: POST /session/6c6cb6a8a370fc8e9b369c93884aa0ad/element/f.15418A1A81C0C7B7CE5FAC7FB907596B.d.CF56757665088C681FA0D5353F0D0CDD.e.5254/click - {}
RESULT: {}
COMMAND: GET /session/6c6cb6a8a370fc8e9b369c93884aa0ad/screenshot - {}
RESULT: {}
COMMAND: POST /session/6c6cb6a8a370fc8e9b369c93884aa0ad/elements - {"using":"xpath","value":"//span[text()='Error']"}
RESULT: {"using":"xpath","value":"//span[text()='Error']"}
RESULT: undefined
COMMAND: POST /session/6c6cb6a8a370fc8e9b369c93884aa0ad/element - {"using":"xpath","value":"//*[@id=\"__tile127\"]"}
RESULT: {"using":"xpath","value":"//*[@id=\"__tile127\"]"}
COMMAND: POST /session/6c6cb6a8a370fc8e9b369c93884aa0ad/element/f.15418A1A81C0C7B7CE5FAC7FB907596B.d.CF56757665088C681FA0D5353F0D0CDD.e.5254/click - {}
RESULT: undefined
COMMAND: POST /session/6c6cb6a8a370fc8e9b369c93884aa0ad/element - {"using":"xpath","value":"//*[@id=\"__tile127\"]"}
RESULT: {"using":"xpath","value":"//*[@id=\"__tile127\"]"}
COMMAND: POST /session/6c6cb6a8a370fc8e9b369c93884aa0ad/element/f.15418A1A81C0C7B7CE5FAC7FB907596B.d.CF56757665088C681FA0D5353F0D0CDD.e.5254/click - {}
RESULT: undefined
COMMAND: POST /session/6c6cb6a8a370fc8e9b369c93884aa0ad/execute/async - {"script":"<script> [6424 bytes]","args":[{"element-6066-11e4-a52e-4f735466cecf":"f.15418A1A81C0C7B7CE5FAC7FB907596B.d.CF56757665088C681FA0D5353F0D0CDD.e.297"},"getTitle",[]]}
COMMAND: POST /session/6c6cb6a8a370fc8e9b369c93884aa0ad/execute/async - {"script":"<script> [1562 bytes]","args":[{"selector":{"id":"shellAppTitle"},"wdio_ui5_key":"shellAppTitle"}]}
RESULT: {"script":"<script> [1562 bytes]","args":[{"selector":{"id":"shellAppTitle"},"wdio_ui5_key":"shellAppTitle"}]}
COMMAND: POST /session/6c6cb6a8a370fc8e9b369c93884aa0ad/execute/async - {"script":"<script> [6424 bytes]","args":[{"element-6066-11e4-a52e-4f735466cecf":"f.15418A1A81C0C7B7CE5FAC7FB907596B.d.CF56757665088C681FA0D5353F0D0CDD.e.5299"},"getTitle",[]]}
RESULT: {"script":"<script> [6424 bytes]","args":[{"element-6066-11e4-a52e-4f735466cecf":"f.15418A1A81C0C7B7CE5FAC7FB907596B.d.CF56757665088C681FA0D5353F0D0CDD.e.5299"},"getTitle",[]]}
RESULT: undefined
COMMAND: POST /session/6c6cb6a8a370fc8e9b369c93884aa0ad/element/f.15418A1A81C0C7B7CE5FAC7FB907596B.d.CF56757665088C681FA0D5353F0D0CDD.e.5251/click - {}
COMMAND: POST /session/6c6cb6a8a370fc8e9b369c93884aa0ad/element/f.15418A1A81C0C7B7CE5FAC7FB907596B.d.CF56757665088C681FA0D5353F0D0CDD.e.5251/click - {}
RESULT: {}
COMMAND: GET /session/6c6cb6a8a370fc8e9b369c93884aa0ad/screenshot - {}
COMMAND: POST /session/6c6cb6a8a370fc8e9b369c93884aa0ad/element - {"using":"xpath","value":"//*[@id=\"backBtn\"]"}
RESULT: {}
RESULT: {"using":"xpath","value":"//*[@id=\"backBtn\"]"}
COMMAND: POST /session/6c6cb6a8a370fc8e9b369c93884aa0ad/elements - {"using":"xpath","value":"//*[@id=\"backBtn\"]"}
RESULT: {"using":"xpath","value":"//*[@id=\"backBtn\"]"}
COMMAND: POST /session/6c6cb6a8a370fc8e9b369c93884aa0ad/elements - {"using":"xpath","value":"//*[@id=\"backBtn\"]"}
RESULT: {"using":"xpath","value":"//*[@id=\"backBtn\"]"}
COMMAND: POST /session/6c6cb6a8a370fc8e9b369c93884aa0ad/elements - {"using":"xpath","value":"//*[@id=\"backBtn\"]"}
RESULT: {"using":"xpath","value":"//*[@id=\"backBtn\"]"}
COMMAND: POST /session/6c6cb6a8a370fc8e9b369c93884aa0ad/elements - {"using":"xpath","value":"//*[@id=\"backBtn\"]"}
RESULT: {"using":"xpath","value":"//*[@id=\"backBtn\"]"}
COMMAND: POST /session/6c6cb6a8a370fc8e9b369c93884aa0ad/elements - {"using":"xpath","value":"//*[@id=\"backBtn\"]"}
RESULT: {"using":"xpath","value":"//*[@id=\"backBtn\"]"}
COMMAND: POST /session/6c6cb6a8a370fc8e9b369c93884aa0ad/elements - {"using":"xpath","value":"//*[@id=\"backBtn\"]"}
RESULT: {"using":"xpath","value":"//*[@id=\"backBtn\"]"}
COMMAND: POST /session/6c6cb6a8a370fc8e9b369c93884aa0ad/elements - {"using":"xpath","value":"//*[@id=\"backBtn\"]"}
RESULT: {"using":"xpath","value":"//*[@id=\"backBtn\"]"}
COMMAND: POST /session/6c6cb6a8a370fc8e9b369c93884aa0ad/elements - {"using":"xpath","value":"//*[@id=\"backBtn\"]"}
RESULT: {"using":"xpath","value":"//*[@id=\"backBtn\"]"}
COMMAND: POST /session/6c6cb6a8a370fc8e9b369c93884aa0ad/elements - {"using":"xpath","value":"//*[@id=\"backBtn\"]"}
RESULT: {"using":"xpath","value":"//*[@id=\"backBtn\"]"}
COMMAND: POST /session/6c6cb6a8a370fc8e9b369c93884aa0ad/elements - {"using":"xpath","value":"//*[@id=\"backBtn\"]"}
RESULT: {"using":"xpath","value":"//*[@id=\"backBtn\"]"}
COMMAND: POST /session/6c6cb6a8a370fc8e9b369c93884aa0ad/elements - {"using":"xpath","value":"//*[@id=\"backBtn\"]"}
RESULT: {"using":"xpath","value":"//*[@id=\"backBtn\"]"}
COMMAND: POST /session/6c6cb6a8a370fc8e9b369c93884aa0ad/elements - {"using":"xpath","value":"//*[@id=\"backBtn\"]"}
RESULT: {"using":"xpath","value":"//*[@id=\"backBtn\"]"}
COMMAND: POST /session/6c6cb6a8a370fc8e9b369c93884aa0ad/elements - {"using":"xpath","value":"//*[@id=\"backBtn\"]"}
RESULT: {"using":"xpath","value":"//*[@id=\"backBtn\"]"}
COMMAND: POST /session/6c6cb6a8a370fc8e9b369c93884aa0ad/elements - {"using":"xpath","value":"//*[@id=\"backBtn\"]"}
RESULT: {"using":"xpath","value":"//*[@id=\"backBtn\"]"}
COMMAND: POST /session/6c6cb6a8a370fc8e9b369c93884aa0ad/elements - {"using":"xpath","value":"//*[@id=\"backBtn\"]"}
RESULT: {"using":"xpath","value":"//*[@id=\"backBtn\"]"}
COMMAND: POST /session/6c6cb6a8a370fc8e9b369c93884aa0ad/elements - {"using":"xpath","value":"//*[@id=\"backBtn\"]"}
RESULT: {"using":"xpath","value":"//*[@id=\"backBtn\"]"}
COMMAND: POST /session/6c6cb6a8a370fc8e9b369c93884aa0ad/elements - {"using":"xpath","value":"//*[@id=\"backBtn\"]"}
RESULT: {"using":"xpath","value":"//*[@id=\"backBtn\"]"}
COMMAND: POST /session/6c6cb6a8a370fc8e9b369c93884aa0ad/elements - {"using":"xpath","value":"//*[@id=\"backBtn\"]"}
RESULT: {"using":"xpath","value":"//*[@id=\"backBtn\"]"}
]]></system-out>
    </testcase>
    <testcase classname="chrome.136_0_7103_93.windows.Sanity_Tests_US104253" name="Should open Jobs Setup page" time="37.457">
      <system-out><![CDATA[
COMMAND: POST /session/6c6cb6a8a370fc8e9b369c93884aa0ad/execute/async - {"script":"<script> [1562 bytes]","args":[{"selector":{"controlType":"sap.m.GenericTile","properties":{"header":"Jobs Setup"}},"wdio_ui5_key":"sapm.GenericTile{\"header\":\"Jobs Setup\"}"}]}
COMMAND: POST /session/6c6cb6a8a370fc8e9b369c93884aa0ad/elements - {"using":"xpath","value":"//*[@id=\"backBtn\"]"}
RESULT: {"script":"<script> [1562 bytes]","args":[{"selector":{"controlType":"sap.m.GenericTile","properties":{"header":"Jobs Setup"}},"wdio_ui5_key":"sapm.GenericTile{\"header\":\"Jobs Setup\"}"}]}
RESULT: undefined
COMMAND: POST /session/6c6cb6a8a370fc8e9b369c93884aa0ad/element - {"using":"xpath","value":"//*[@id=\"__tile128\"]"}
RESULT: {"using":"xpath","value":"//*[@id=\"backBtn\"]"}
COMMAND: POST /session/6c6cb6a8a370fc8e9b369c93884aa0ad/elements - {"using":"xpath","value":"//*[@id=\"backBtn\"]"}
RESULT: {"using":"xpath","value":"//*[@id=\"__tile128\"]"}
COMMAND: POST /session/6c6cb6a8a370fc8e9b369c93884aa0ad/element/f.15418A1A81C0C7B7CE5FAC7FB907596B.d.CF56757665088C681FA0D5353F0D0CDD.e.5301/click - {}
RESULT: {"using":"xpath","value":"//*[@id=\"backBtn\"]"}
COMMAND: POST /session/6c6cb6a8a370fc8e9b369c93884aa0ad/elements - {"using":"xpath","value":"//*[@id=\"backBtn\"]"}
RESULT: {}
COMMAND: GET /session/6c6cb6a8a370fc8e9b369c93884aa0ad/screenshot - {}
RESULT: {"using":"xpath","value":"//*[@id=\"backBtn\"]"}
COMMAND: POST /session/6c6cb6a8a370fc8e9b369c93884aa0ad/elements - {"using":"xpath","value":"//*[@id=\"backBtn\"]"}
RESULT: {}
RESULT: {"using":"xpath","value":"//*[@id=\"backBtn\"]"}
COMMAND: POST /session/6c6cb6a8a370fc8e9b369c93884aa0ad/element - {"using":"xpath","value":"//*[@id=\"backBtn\"]"}
RESULT: {"using":"xpath","value":"//*[@id=\"backBtn\"]"}
COMMAND: POST /session/6c6cb6a8a370fc8e9b369c93884aa0ad/element/f.15418A1A81C0C7B7CE5FAC7FB907596B.d.CF56757665088C681FA0D5353F0D0CDD.e.5251/click - {}
COMMAND: POST /session/6c6cb6a8a370fc8e9b369c93884aa0ad/element - {"using":"xpath","value":"//*[@id=\"backBtn\"]"}
RESULT: {"using":"xpath","value":"//*[@id=\"backBtn\"]"}
COMMAND: POST /session/6c6cb6a8a370fc8e9b369c93884aa0ad/element/f.15418A1A81C0C7B7CE5FAC7FB907596B.d.CF56757665088C681FA0D5353F0D0CDD.e.5493/click - {}
RESULT: {}
COMMAND: GET /session/6c6cb6a8a370fc8e9b369c93884aa0ad/screenshot - {}
RESULT: {}
COMMAND: POST /session/6c6cb6a8a370fc8e9b369c93884aa0ad/elements - {"using":"xpath","value":"//span[text()='Error']"}
RESULT: {"using":"xpath","value":"//span[text()='Error']"}
RESULT: undefined
COMMAND: POST /session/6c6cb6a8a370fc8e9b369c93884aa0ad/element - {"using":"xpath","value":"//*[@id=\"__tile128\"]"}
RESULT: {"using":"xpath","value":"//*[@id=\"__tile128\"]"}
COMMAND: POST /session/6c6cb6a8a370fc8e9b369c93884aa0ad/element/f.15418A1A81C0C7B7CE5FAC7FB907596B.d.CF56757665088C681FA0D5353F0D0CDD.e.5301/click - {}
RESULT: undefined
COMMAND: POST /session/6c6cb6a8a370fc8e9b369c93884aa0ad/element - {"using":"xpath","value":"//*[@id=\"__tile128\"]"}
RESULT: {"using":"xpath","value":"//*[@id=\"__tile128\"]"}
COMMAND: POST /session/6c6cb6a8a370fc8e9b369c93884aa0ad/element/f.15418A1A81C0C7B7CE5FAC7FB907596B.d.CF56757665088C681FA0D5353F0D0CDD.e.5301/click - {}
RESULT: undefined
COMMAND: POST /session/6c6cb6a8a370fc8e9b369c93884aa0ad/execute/async - {"script":"<script> [6424 bytes]","args":[{"element-6066-11e4-a52e-4f735466cecf":"f.15418A1A81C0C7B7CE5FAC7FB907596B.d.CF56757665088C681FA0D5353F0D0CDD.e.297"},"getTitle",[]]}
COMMAND: POST /session/6c6cb6a8a370fc8e9b369c93884aa0ad/execute/async - {"script":"<script> [1562 bytes]","args":[{"selector":{"id":"shellAppTitle"},"wdio_ui5_key":"shellAppTitle"}]}
RESULT: {"script":"<script> [1562 bytes]","args":[{"selector":{"id":"shellAppTitle"},"wdio_ui5_key":"shellAppTitle"}]}
COMMAND: POST /session/6c6cb6a8a370fc8e9b369c93884aa0ad/execute/async - {"script":"<script> [6424 bytes]","args":[{"element-6066-11e4-a52e-4f735466cecf":"f.15418A1A81C0C7B7CE5FAC7FB907596B.d.CF56757665088C681FA0D5353F0D0CDD.e.5494"},"getTitle",[]]}
RESULT: {"script":"<script> [6424 bytes]","args":[{"element-6066-11e4-a52e-4f735466cecf":"f.15418A1A81C0C7B7CE5FAC7FB907596B.d.CF56757665088C681FA0D5353F0D0CDD.e.5494"},"getTitle",[]]}
RESULT: undefined
COMMAND: POST /session/6c6cb6a8a370fc8e9b369c93884aa0ad/element/f.15418A1A81C0C7B7CE5FAC7FB907596B.d.CF56757665088C681FA0D5353F0D0CDD.e.5493/click - {}
COMMAND: POST /session/6c6cb6a8a370fc8e9b369c93884aa0ad/element/f.15418A1A81C0C7B7CE5FAC7FB907596B.d.CF56757665088C681FA0D5353F0D0CDD.e.5493/click - {}
RESULT: {}
COMMAND: GET /session/6c6cb6a8a370fc8e9b369c93884aa0ad/screenshot - {}
RESULT: {}
COMMAND: GET /session/6c6cb6a8a370fc8e9b369c93884aa0ad/screenshot - {}
RESULT: {}
RESULT: {}
]]></system-out>
    </testcase>
    <testcase classname="chrome.136_0_7103_93.windows.Sanity_Tests_US104253" name="Should open Target Systems Configuration page" time="37.473">
      <system-out><![CDATA[
COMMAND: POST /session/6c6cb6a8a370fc8e9b369c93884aa0ad/execute/async - {"script":"<script> [1562 bytes]","args":[{"selector":{"controlType":"sap.m.GenericTile","properties":{"header":"Target Systems Configuration"}},"wdio_ui5_key":"sapm.GenericTile{\"header\":\"Target Systems Configuration\"}"}]}
RESULT: {"script":"<script> [1562 bytes]","args":[{"selector":{"controlType":"sap.m.GenericTile","properties":{"header":"Target Systems Configuration"}},"wdio_ui5_key":"sapm.GenericTile{\"header\":\"Target Systems Configuration\"}"}]}
RESULT: undefined
COMMAND: POST /session/6c6cb6a8a370fc8e9b369c93884aa0ad/element - {"using":"xpath","value":"//*[@id=\"__tile129\"]"}
RESULT: {"using":"xpath","value":"//*[@id=\"__tile129\"]"}
COMMAND: POST /session/6c6cb6a8a370fc8e9b369c93884aa0ad/element/f.15418A1A81C0C7B7CE5FAC7FB907596B.d.CF56757665088C681FA0D5353F0D0CDD.e.5496/click - {}
RESULT: {}
COMMAND: GET /session/6c6cb6a8a370fc8e9b369c93884aa0ad/screenshot - {}
RESULT: {}
COMMAND: POST /session/6c6cb6a8a370fc8e9b369c93884aa0ad/elements - {"using":"xpath","value":"//span[text()='Error']"}
RESULT: {"using":"xpath","value":"//span[text()='Error']"}
RESULT: undefined
COMMAND: POST /session/6c6cb6a8a370fc8e9b369c93884aa0ad/element - {"using":"xpath","value":"//*[@id=\"__tile129\"]"}
RESULT: {"using":"xpath","value":"//*[@id=\"__tile129\"]"}
COMMAND: POST /session/6c6cb6a8a370fc8e9b369c93884aa0ad/element/f.15418A1A81C0C7B7CE5FAC7FB907596B.d.CF56757665088C681FA0D5353F0D0CDD.e.5496/click - {}
RESULT: undefined
COMMAND: POST /session/6c6cb6a8a370fc8e9b369c93884aa0ad/element - {"using":"xpath","value":"//*[@id=\"__tile129\"]"}
RESULT: {"using":"xpath","value":"//*[@id=\"__tile129\"]"}
COMMAND: POST /session/6c6cb6a8a370fc8e9b369c93884aa0ad/element/f.15418A1A81C0C7B7CE5FAC7FB907596B.d.CF56757665088C681FA0D5353F0D0CDD.e.5496/click - {}
RESULT: undefined
COMMAND: POST /session/6c6cb6a8a370fc8e9b369c93884aa0ad/execute/async - {"script":"<script> [6424 bytes]","args":[{"element-6066-11e4-a52e-4f735466cecf":"f.15418A1A81C0C7B7CE5FAC7FB907596B.d.CF56757665088C681FA0D5353F0D0CDD.e.297"},"getTitle",[]]}
COMMAND: POST /session/6c6cb6a8a370fc8e9b369c93884aa0ad/execute/async - {"script":"<script> [1562 bytes]","args":[{"selector":{"id":"shellAppTitle"},"wdio_ui5_key":"shellAppTitle"}]}
RESULT: {"script":"<script> [1562 bytes]","args":[{"selector":{"id":"shellAppTitle"},"wdio_ui5_key":"shellAppTitle"}]}
COMMAND: POST /session/6c6cb6a8a370fc8e9b369c93884aa0ad/execute/async - {"script":"<script> [6424 bytes]","args":[{"element-6066-11e4-a52e-4f735466cecf":"f.15418A1A81C0C7B7CE5FAC7FB907596B.d.CF56757665088C681FA0D5353F0D0CDD.e.5583"},"getTitle",[]]}
RESULT: {"script":"<script> [6424 bytes]","args":[{"element-6066-11e4-a52e-4f735466cecf":"f.15418A1A81C0C7B7CE5FAC7FB907596B.d.CF56757665088C681FA0D5353F0D0CDD.e.5583"},"getTitle",[]]}
RESULT: undefined
COMMAND: POST /session/6c6cb6a8a370fc8e9b369c93884aa0ad/element/f.15418A1A81C0C7B7CE5FAC7FB907596B.d.CF56757665088C681FA0D5353F0D0CDD.e.5493/click - {}
COMMAND: POST /session/6c6cb6a8a370fc8e9b369c93884aa0ad/element/f.15418A1A81C0C7B7CE5FAC7FB907596B.d.CF56757665088C681FA0D5353F0D0CDD.e.5493/click - {}
RESULT: {}
COMMAND: GET /session/6c6cb6a8a370fc8e9b369c93884aa0ad/screenshot - {}
COMMAND: POST /session/6c6cb6a8a370fc8e9b369c93884aa0ad/element - {"using":"xpath","value":"//*[@id=\"backBtn\"]"}
RESULT: {}
RESULT: {"using":"xpath","value":"//*[@id=\"backBtn\"]"}
COMMAND: POST /session/6c6cb6a8a370fc8e9b369c93884aa0ad/elements - {"using":"xpath","value":"//*[@id=\"backBtn\"]"}
RESULT: {"using":"xpath","value":"//*[@id=\"backBtn\"]"}
COMMAND: POST /session/6c6cb6a8a370fc8e9b369c93884aa0ad/elements - {"using":"xpath","value":"//*[@id=\"backBtn\"]"}
RESULT: {"using":"xpath","value":"//*[@id=\"backBtn\"]"}
COMMAND: POST /session/6c6cb6a8a370fc8e9b369c93884aa0ad/elements - {"using":"xpath","value":"//*[@id=\"backBtn\"]"}
RESULT: {"using":"xpath","value":"//*[@id=\"backBtn\"]"}
COMMAND: POST /session/6c6cb6a8a370fc8e9b369c93884aa0ad/elements - {"using":"xpath","value":"//*[@id=\"backBtn\"]"}
RESULT: {"using":"xpath","value":"//*[@id=\"backBtn\"]"}
COMMAND: POST /session/6c6cb6a8a370fc8e9b369c93884aa0ad/elements - {"using":"xpath","value":"//*[@id=\"backBtn\"]"}
RESULT: {"using":"xpath","value":"//*[@id=\"backBtn\"]"}
COMMAND: POST /session/6c6cb6a8a370fc8e9b369c93884aa0ad/elements - {"using":"xpath","value":"//*[@id=\"backBtn\"]"}
RESULT: {"using":"xpath","value":"//*[@id=\"backBtn\"]"}
COMMAND: POST /session/6c6cb6a8a370fc8e9b369c93884aa0ad/elements - {"using":"xpath","value":"//*[@id=\"backBtn\"]"}
RESULT: {"using":"xpath","value":"//*[@id=\"backBtn\"]"}
COMMAND: POST /session/6c6cb6a8a370fc8e9b369c93884aa0ad/elements - {"using":"xpath","value":"//*[@id=\"backBtn\"]"}
RESULT: {"using":"xpath","value":"//*[@id=\"backBtn\"]"}
COMMAND: POST /session/6c6cb6a8a370fc8e9b369c93884aa0ad/elements - {"using":"xpath","value":"//*[@id=\"backBtn\"]"}
RESULT: {"using":"xpath","value":"//*[@id=\"backBtn\"]"}
COMMAND: POST /session/6c6cb6a8a370fc8e9b369c93884aa0ad/elements - {"using":"xpath","value":"//*[@id=\"backBtn\"]"}
RESULT: {"using":"xpath","value":"//*[@id=\"backBtn\"]"}
COMMAND: POST /session/6c6cb6a8a370fc8e9b369c93884aa0ad/elements - {"using":"xpath","value":"//*[@id=\"backBtn\"]"}
RESULT: {"using":"xpath","value":"//*[@id=\"backBtn\"]"}
COMMAND: POST /session/6c6cb6a8a370fc8e9b369c93884aa0ad/elements - {"using":"xpath","value":"//*[@id=\"backBtn\"]"}
RESULT: {"using":"xpath","value":"//*[@id=\"backBtn\"]"}
COMMAND: POST /session/6c6cb6a8a370fc8e9b369c93884aa0ad/elements - {"using":"xpath","value":"//*[@id=\"backBtn\"]"}
RESULT: {"using":"xpath","value":"//*[@id=\"backBtn\"]"}
COMMAND: POST /session/6c6cb6a8a370fc8e9b369c93884aa0ad/elements - {"using":"xpath","value":"//*[@id=\"backBtn\"]"}
RESULT: {"using":"xpath","value":"//*[@id=\"backBtn\"]"}
COMMAND: POST /session/6c6cb6a8a370fc8e9b369c93884aa0ad/elements - {"using":"xpath","value":"//*[@id=\"backBtn\"]"}
RESULT: {"using":"xpath","value":"//*[@id=\"backBtn\"]"}
COMMAND: POST /session/6c6cb6a8a370fc8e9b369c93884aa0ad/elements - {"using":"xpath","value":"//*[@id=\"backBtn\"]"}
RESULT: {"using":"xpath","value":"//*[@id=\"backBtn\"]"}
COMMAND: POST /session/6c6cb6a8a370fc8e9b369c93884aa0ad/elements - {"using":"xpath","value":"//*[@id=\"backBtn\"]"}
RESULT: {"using":"xpath","value":"//*[@id=\"backBtn\"]"}
COMMAND: POST /session/6c6cb6a8a370fc8e9b369c93884aa0ad/elements - {"using":"xpath","value":"//*[@id=\"backBtn\"]"}
RESULT: {"using":"xpath","value":"//*[@id=\"backBtn\"]"}
COMMAND: POST /session/6c6cb6a8a370fc8e9b369c93884aa0ad/elements - {"using":"xpath","value":"//*[@id=\"backBtn\"]"}
RESULT: {"using":"xpath","value":"//*[@id=\"backBtn\"]"}
COMMAND: POST /session/6c6cb6a8a370fc8e9b369c93884aa0ad/elements - {"using":"xpath","value":"//*[@id=\"backBtn\"]"}
RESULT: {"using":"xpath","value":"//*[@id=\"backBtn\"]"}
COMMAND: POST /session/6c6cb6a8a370fc8e9b369c93884aa0ad/elements - {"using":"xpath","value":"//*[@id=\"backBtn\"]"}
RESULT: {"using":"xpath","value":"//*[@id=\"backBtn\"]"}
COMMAND: POST /session/6c6cb6a8a370fc8e9b369c93884aa0ad/elements - {"using":"xpath","value":"//*[@id=\"backBtn\"]"}
RESULT: {"using":"xpath","value":"//*[@id=\"backBtn\"]"}
COMMAND: POST /session/6c6cb6a8a370fc8e9b369c93884aa0ad/elements - {"using":"xpath","value":"//*[@id=\"backBtn\"]"}
RESULT: {"using":"xpath","value":"//*[@id=\"backBtn\"]"}
COMMAND: POST /session/6c6cb6a8a370fc8e9b369c93884aa0ad/elements - {"using":"xpath","value":"//*[@id=\"backBtn\"]"}
RESULT: {"using":"xpath","value":"//*[@id=\"backBtn\"]"}
COMMAND: POST /session/6c6cb6a8a370fc8e9b369c93884aa0ad/elements - {"using":"xpath","value":"//*[@id=\"backBtn\"]"}
RESULT: {"using":"xpath","value":"//*[@id=\"backBtn\"]"}
COMMAND: POST /session/6c6cb6a8a370fc8e9b369c93884aa0ad/elements - {"using":"xpath","value":"//*[@id=\"backBtn\"]"}
RESULT: {"using":"xpath","value":"//*[@id=\"backBtn\"]"}
COMMAND: POST /session/6c6cb6a8a370fc8e9b369c93884aa0ad/elements - {"using":"xpath","value":"//*[@id=\"backBtn\"]"}
RESULT: {"using":"xpath","value":"//*[@id=\"backBtn\"]"}
COMMAND: POST /session/6c6cb6a8a370fc8e9b369c93884aa0ad/elements - {"using":"xpath","value":"//*[@id=\"backBtn\"]"}
RESULT: {"using":"xpath","value":"//*[@id=\"backBtn\"]"}
COMMAND: POST /session/6c6cb6a8a370fc8e9b369c93884aa0ad/elements - {"using":"xpath","value":"//*[@id=\"backBtn\"]"}
RESULT: {"using":"xpath","value":"//*[@id=\"backBtn\"]"}
COMMAND: POST /session/6c6cb6a8a370fc8e9b369c93884aa0ad/elements - {"using":"xpath","value":"//*[@id=\"backBtn\"]"}
RESULT: {"using":"xpath","value":"//*[@id=\"backBtn\"]"}
COMMAND: POST /session/6c6cb6a8a370fc8e9b369c93884aa0ad/elements - {"using":"xpath","value":"//*[@id=\"backBtn\"]"}
RESULT: {"using":"xpath","value":"//*[@id=\"backBtn\"]"}
COMMAND: POST /session/6c6cb6a8a370fc8e9b369c93884aa0ad/elements - {"using":"xpath","value":"//*[@id=\"backBtn\"]"}
RESULT: {"using":"xpath","value":"//*[@id=\"backBtn\"]"}
COMMAND: POST /session/6c6cb6a8a370fc8e9b369c93884aa0ad/elements - {"using":"xpath","value":"//*[@id=\"backBtn\"]"}
RESULT: {"using":"xpath","value":"//*[@id=\"backBtn\"]"}
COMMAND: POST /session/6c6cb6a8a370fc8e9b369c93884aa0ad/elements - {"using":"xpath","value":"//*[@id=\"backBtn\"]"}
RESULT: {"using":"xpath","value":"//*[@id=\"backBtn\"]"}
COMMAND: POST /session/6c6cb6a8a370fc8e9b369c93884aa0ad/elements - {"using":"xpath","value":"//*[@id=\"backBtn\"]"}
RESULT: {"using":"xpath","value":"//*[@id=\"backBtn\"]"}
COMMAND: POST /session/6c6cb6a8a370fc8e9b369c93884aa0ad/elements - {"using":"xpath","value":"//*[@id=\"backBtn\"]"}
RESULT: {"using":"xpath","value":"//*[@id=\"backBtn\"]"}
COMMAND: POST /session/6c6cb6a8a370fc8e9b369c93884aa0ad/elements - {"using":"xpath","value":"//*[@id=\"backBtn\"]"}
COMMAND: DELETE /session/6c6cb6a8a370fc8e9b369c93884aa0ad - {}
RESULT: {"using":"xpath","value":"//*[@id=\"backBtn\"]"}
RESULT: {}
]]></system-out>
    </testcase>
  </testsuite>
</testsuites>