<?xml version="1.0" encoding="UTF-8"?>
<testsuites tests="24" failures="0" errors="0" skipped="0">
  <testsuite timestamp="2025-06-01T15:37:14" time="686.904" tests="5" failures="0" errors="0" skipped="0">
    <properties>
      <property name="specId" value="0"/>
      <property name="suiteName" value="Manage Requests Tags Tests US120163"/>
      <property name="capabilities" value="chrome.136_0_7103_93.windows"/>
      <property name="file" value="file:///D:/a/1/s/test/specs/R2C/create-request-Tags.spec.js"/>
    </properties>
    <testcase classname="chrome.136_0_7103_93.windows.Manage_Requests_Tags_Tests_US120163" name="Should create a new yard" time="136.998">
      <system-out><![CDATA[
COMMAND: POST /session/0140d377bb50cef00459d42e723e3497/execute/async - {"script":"<script> [1562 bytes]","args":[{"selector":{"controlType":"sap.m.GenericTile","properties":{"header":"Manage Yards"}},"wdio_ui5_key":"sapm.GenericTile{\"header\":\"Manage Yards\"}"}]}
RESULT: {"script":"<script> [1562 bytes]","args":[{"selector":{"controlType":"sap.m.GenericTile","properties":{"header":"Manage Yards"}},"wdio_ui5_key":"sapm.GenericTile{\"header\":\"Manage Yards\"}"}]}
RESULT: undefined
COMMAND: POST /session/0140d377bb50cef00459d42e723e3497/element - {"using":"xpath","value":"//*[@id=\"__tile41\"]"}
RESULT: {"using":"xpath","value":"//*[@id=\"__tile41\"]"}
COMMAND: POST /session/0140d377bb50cef00459d42e723e3497/element/f.F6BB02432D8D97F36D378B59895A9F69.d.D6DDDFA3820520C23AD7846EF433FE3E.e.116/click - {}
RESULT: {}
COMMAND: GET /session/0140d377bb50cef00459d42e723e3497/screenshot - {}
RESULT: {}
COMMAND: POST /session/0140d377bb50cef00459d42e723e3497/elements - {"using":"xpath","value":"//span[text()='Error']"}
RESULT: {"using":"xpath","value":"//span[text()='Error']"}
COMMAND: POST /session/0140d377bb50cef00459d42e723e3497/execute/async - {"script":"<script> [1562 bytes]","args":[{"selector":{"controlType":"sap.ui.core.Icon","viewName":"etm.portal.ui.manageyards.view.Master","viewId":"application-manageyards-display-component---masterYard","properties":{"src":{"regex":{"source":"add"}}}},"wdio_ui5_key":"etmportal.ui.manageyards.view.Mastersap.ui.core.Icon{\"src\":{\"regex\":{\"source\":\"add\"}}}"}]}
RESULT: {"script":"<script> [1562 bytes]","args":[{"selector":{"controlType":"sap.ui.core.Icon","viewName":"etm.portal.ui.manageyards.view.Master","viewId":"application-manageyards-display-component---masterYard","properties":{"src":{"regex":{"source":"add"}}}},"wdio_ui5_key":"etmportal.ui.manageyards.view.Mastersap.ui.core.Icon{\"src\":{\"regex\":{\"source\":\"add\"}}}"}]}
RESULT: undefined
COMMAND: POST /session/0140d377bb50cef00459d42e723e3497/element - {"using":"xpath","value":"//*[@id=\"__button4-img\"]"}
RESULT: {"using":"xpath","value":"//*[@id=\"__button4-img\"]"}
COMMAND: POST /session/0140d377bb50cef00459d42e723e3497/element/f.F6BB02432D8D97F36D378B59895A9F69.d.D6DDDFA3820520C23AD7846EF433FE3E.e.163/click - {}
RESULT: {}
COMMAND: GET /session/0140d377bb50cef00459d42e723e3497/screenshot - {}
RESULT: {}
COMMAND: POST /session/0140d377bb50cef00459d42e723e3497/execute/async - {"script":"<script> [1562 bytes]","args":[{"selector":{"id":"application-manageyards-display-component---NewYard--yardId","interaction":{"idSuffix":"inner"}},"wdio_ui5_key":"applicationmanageyards-display-component---NewYard--yardId"}]}
RESULT: {"script":"<script> [1562 bytes]","args":[{"selector":{"id":"application-manageyards-display-component---NewYard--yardId","interaction":{"idSuffix":"inner"}},"wdio_ui5_key":"applicationmanageyards-display-component---NewYard--yardId"}]}
RESULT: undefined
COMMAND: POST /session/0140d377bb50cef00459d42e723e3497/element - {"using":"xpath","value":"//*[@id=\"application-manageyards-display-component---NewYard--addressDetailDetailsName1-inner\"]"}
RESULT: {"using":"xpath","value":"//*[@id=\"application-manageyards-display-component---NewYard--addressDetailDetailsName1-inner\"]"}
COMMAND: POST /session/0140d377bb50cef00459d42e723e3497/element/f.F6BB02432D8D97F36D378B59895A9F69.d.D6DDDFA3820520C23AD7846EF433FE3E.e.376/clear - {}
RESULT: {}
COMMAND: POST /session/0140d377bb50cef00459d42e723e3497/element/f.F6BB02432D8D97F36D378B59895A9F69.d.D6DDDFA3820520C23AD7846EF433FE3E.e.376/value - {"text":"WebdriverYard1mlab"}
COMMAND: GET /session/0140d377bb50cef00459d42e723e3497/screenshot - {}
RESULT: {"text":"WebdriverYard1mlab"}
COMMAND: POST /session/0140d377bb50cef00459d42e723e3497/element - {"using":"xpath","value":"//*[@id=\"application-manageyards-display-component---NewYard--addressDetailDetailsLanguage-inner\"]"}
COMMAND: GET /session/0140d377bb50cef00459d42e723e3497/screenshot - {}
RESULT: {}
RESULT: {"using":"xpath","value":"//*[@id=\"application-manageyards-display-component---NewYard--addressDetailDetailsLanguage-inner\"]"}
COMMAND: POST /session/0140d377bb50cef00459d42e723e3497/element/f.F6BB02432D8D97F36D378B59895A9F69.d.D6DDDFA3820520C23AD7846EF433FE3E.e.377/clear - {}
RESULT: {}
RESULT: {}
COMMAND: POST /session/0140d377bb50cef00459d42e723e3497/element/f.F6BB02432D8D97F36D378B59895A9F69.d.D6DDDFA3820520C23AD7846EF433FE3E.e.377/value - {"text":"Romanian"}
COMMAND: GET /session/0140d377bb50cef00459d42e723e3497/screenshot - {}
RESULT: {"text":"Romanian"}
COMMAND: POST /session/0140d377bb50cef00459d42e723e3497/element - {"using":"xpath","value":"//input[contains(@id ,\"application-manageyards-display-component---NewYard--addressDetailDetailsName1-inner\")]"}
COMMAND: GET /session/0140d377bb50cef00459d42e723e3497/screenshot - {}
RESULT: {}
RESULT: {"using":"xpath","value":"//input[contains(@id ,\"application-manageyards-display-component---NewYard--addressDetailDetailsName1-inner\")]"}
COMMAND: GET /session/0140d377bb50cef00459d42e723e3497/element/f.F6BB02432D8D97F36D378B59895A9F69.d.D6DDDFA3820520C23AD7846EF433FE3E.e.376/property/value - {}
RESULT: {}
RESULT: {}
COMMAND: GET /session/0140d377bb50cef00459d42e723e3497/screenshot - {}
RESULT: {}
COMMAND: POST /session/0140d377bb50cef00459d42e723e3497/element - {"using":"xpath","value":"//*[@id=\"application-manageyards-display-component---NewYard--addressDetailDetailsCity1-inner\"]"}
RESULT: {"using":"xpath","value":"//*[@id=\"application-manageyards-display-component---NewYard--addressDetailDetailsCity1-inner\"]"}
COMMAND: POST /session/0140d377bb50cef00459d42e723e3497/element/f.F6BB02432D8D97F36D378B59895A9F69.d.D6DDDFA3820520C23AD7846EF433FE3E.e.379/clear - {}
RESULT: {}
COMMAND: POST /session/0140d377bb50cef00459d42e723e3497/element/f.F6BB02432D8D97F36D378B59895A9F69.d.D6DDDFA3820520C23AD7846EF433FE3E.e.379/value - {"text":"Bucuresti"}
COMMAND: GET /session/0140d377bb50cef00459d42e723e3497/screenshot - {}
RESULT: {"text":"Bucuresti"}
COMMAND: GET /session/0140d377bb50cef00459d42e723e3497/screenshot - {}
RESULT: {}
RESULT: {}
COMMAND: POST /session/0140d377bb50cef00459d42e723e3497/element - {"using":"xpath","value":"//*[@id=\"application-manageyards-display-component---NewYard--addressDetailDetailsCountry-inner\"]"}
RESULT: {"using":"xpath","value":"//*[@id=\"application-manageyards-display-component---NewYard--addressDetailDetailsCountry-inner\"]"}
COMMAND: POST /session/0140d377bb50cef00459d42e723e3497/element/f.F6BB02432D8D97F36D378B59895A9F69.d.D6DDDFA3820520C23AD7846EF433FE3E.e.383/clear - {}
RESULT: {}
COMMAND: POST /session/0140d377bb50cef00459d42e723e3497/element/f.F6BB02432D8D97F36D378B59895A9F69.d.D6DDDFA3820520C23AD7846EF433FE3E.e.383/value - {"text":"Romania"}
COMMAND: GET /session/0140d377bb50cef00459d42e723e3497/screenshot - {}
RESULT: {"text":"Romania"}
COMMAND: GET /session/0140d377bb50cef00459d42e723e3497/screenshot - {}
RESULT: {}
RESULT: {}
COMMAND: POST /session/0140d377bb50cef00459d42e723e3497/element - {"using":"xpath","value":"//div[contains(text(), \"Commercial\")]"}
RESULT: {"using":"xpath","value":"//div[contains(text(), \"Commercial\")]"}
COMMAND: GET /session/0140d377bb50cef00459d42e723e3497/element/f.F6BB02432D8D97F36D378B59895A9F69.d.D6DDDFA3820520C23AD7846EF433FE3E.e.577/rect - {}
RESULT: {}
COMMAND: GET /session/0140d377bb50cef00459d42e723e3497/window/rect - {}
RESULT: {}
COMMAND: POST /session/0140d377bb50cef00459d42e723e3497/execute/sync - {"script":"<script> [92 bytes]","args":[]}
RESULT: {"script":"<script> [92 bytes]","args":[]}
COMMAND: POST /session/0140d377bb50cef00459d42e723e3497/actions - {"actions":[{"id":"action1","type":"wheel","parameters":{},"actions":[{"type":"scroll","x":-1841,"y":-44,"deltaX":0,"deltaY":0,"duration":0,"origin":{"element-6066-11e4-a52e-4f735466cecf":"f.F6BB02432D8D97F36D378B59895A9F69.d.D6DDDFA3820520C23AD7846EF433FE3E.e.577"}}]}]}
COMMAND: GET /session/0140d377bb50cef00459d42e723e3497/screenshot - {}
RESULT: {}
COMMAND: POST /session/0140d377bb50cef00459d42e723e3497/execute/sync - {"script":"<script> [79 bytes]","args":[{"element-6066-11e4-a52e-4f735466cecf":"f.F6BB02432D8D97F36D378B59895A9F69.d.D6DDDFA3820520C23AD7846EF433FE3E.e.577","ELEMENT":"f.F6BB02432D8D97F36D378B59895A9F69.d.D6DDDFA3820520C23AD7846EF433FE3E.e.577"},{"block":"start","inline":"nearest"}]}
RESULT: {"script":"<script> [79 bytes]","args":[{"element-6066-11e4-a52e-4f735466cecf":"f.F6BB02432D8D97F36D378B59895A9F69.d.D6DDDFA3820520C23AD7846EF433FE3E.e.577","ELEMENT":"f.F6BB02432D8D97F36D378B59895A9F69.d.D6DDDFA3820520C23AD7846EF433FE3E.e.577"},{"block":"start","inline":"nearest"}]}
COMMAND: GET /session/0140d377bb50cef00459d42e723e3497/screenshot - {}
COMMAND: POST /session/0140d377bb50cef00459d42e723e3497/execute/async - {"script":"<script> [1562 bytes]","args":[{"selector":{"id":"application-manageyards-display-component---NewYard--addressEditDetailsCostObjectCstType-arrow"},"wdio_ui5_key":"applicationmanageyards-display-component---NewYard--addressEditDetailsCostObjectCstType-arrow"}]}
RESULT: {}
RESULT: {"script":"<script> [1562 bytes]","args":[{"selector":{"id":"application-manageyards-display-component---NewYard--addressEditDetailsCostObjectCstType-arrow"},"wdio_ui5_key":"applicationmanageyards-display-component---NewYard--addressEditDetailsCostObjectCstType-arrow"}]}
RESULT: undefined
COMMAND: POST /session/0140d377bb50cef00459d42e723e3497/element - {"using":"xpath","value":"//*[@id=\"application-manageyards-display-component---NewYard--addressEditDetailsCostObjectCstType-arrow\"]"}
RESULT: {"using":"xpath","value":"//*[@id=\"application-manageyards-display-component---NewYard--addressEditDetailsCostObjectCstType-arrow\"]"}
COMMAND: POST /session/0140d377bb50cef00459d42e723e3497/element/f.F6BB02432D8D97F36D378B59895A9F69.d.D6DDDFA3820520C23AD7846EF433FE3E.e.587/click - {}
RESULT: {}
COMMAND: POST /session/0140d377bb50cef00459d42e723e3497/element - {"using":"xpath","value":"//span[contains(text(), \"Cost Center\")]"}
COMMAND: GET /session/0140d377bb50cef00459d42e723e3497/screenshot - {}
RESULT: {"using":"xpath","value":"//span[contains(text(), \"Cost Center\")]"}
COMMAND: POST /session/0140d377bb50cef00459d42e723e3497/element/f.F6BB02432D8D97F36D378B59895A9F69.d.D6DDDFA3820520C23AD7846EF433FE3E.e.588/click - {}
RESULT: {}
RESULT: {}
COMMAND: GET /session/0140d377bb50cef00459d42e723e3497/screenshot - {}
RESULT: {}
COMMAND: POST /session/0140d377bb50cef00459d42e723e3497/execute/async - {"script":"<script> [1562 bytes]","args":[{"selector":{"id":"application-manageyards-display-component---NewYard--addressNewCostObjectCstID-vhi"},"wdio_ui5_key":"applicationmanageyards-display-component---NewYard--addressNewCostObjectCstID-vhi"}]}
RESULT: {"script":"<script> [1562 bytes]","args":[{"selector":{"id":"application-manageyards-display-component---NewYard--addressNewCostObjectCstID-vhi"},"wdio_ui5_key":"applicationmanageyards-display-component---NewYard--addressNewCostObjectCstID-vhi"}]}
RESULT: undefined
COMMAND: POST /session/0140d377bb50cef00459d42e723e3497/element - {"using":"xpath","value":"//*[@id=\"application-manageyards-display-component---NewYard--addressNewCostObjectCstID-vhi\"]"}
RESULT: {"using":"xpath","value":"//*[@id=\"application-manageyards-display-component---NewYard--addressNewCostObjectCstID-vhi\"]"}
COMMAND: POST /session/0140d377bb50cef00459d42e723e3497/element/f.F6BB02432D8D97F36D378B59895A9F69.d.D6DDDFA3820520C23AD7846EF433FE3E.e.592/click - {}
RESULT: {}
COMMAND: GET /session/0140d377bb50cef00459d42e723e3497/screenshot - {}
RESULT: {}
COMMAND: POST /session/0140d377bb50cef00459d42e723e3497/execute/async - {"script":"<script> [1562 bytes]","args":[{"selector":{"controlType":"sap.m.SearchField","properties":{"placeholder":"Search"},"searchOpenDialogs":true,"interaction":{"idSuffix":"I"}},"wdio_ui5_key":"sapm.SearchField{\"placeholder\":\"Search\"}"}]}
RESULT: {"script":"<script> [1562 bytes]","args":[{"selector":{"controlType":"sap.m.SearchField","properties":{"placeholder":"Search"},"searchOpenDialogs":true,"interaction":{"idSuffix":"I"}},"wdio_ui5_key":"sapm.SearchField{\"placeholder\":\"Search\"}"}]}
RESULT: undefined
COMMAND: POST /session/0140d377bb50cef00459d42e723e3497/execute/async - {"script":"<script> [776 bytes]","args":[{"enterText":"10001013","selector":{"controlType":"sap.m.SearchField","properties":{"placeholder":"Search"},"searchOpenDialogs":true,"interaction":{"idSuffix":"I"}},"clearTextFirst":true,"interactionType":"ENTER_TEXT"}]}
RESULT: {"script":"<script> [776 bytes]","args":[{"enterText":"10001013","selector":{"controlType":"sap.m.SearchField","properties":{"placeholder":"Search"},"searchOpenDialogs":true,"interaction":{"idSuffix":"I"}},"clearTextFirst":true,"interactionType":"ENTER_TEXT"}]}
COMMAND: POST /session/0140d377bb50cef00459d42e723e3497/actions - {"actions":[{"id":"action2","type":"key","parameters":{},"actions":[{"type":"keyDown","value":""},{"type":"pause","duration":10},{"type":"keyUp","value":""}]}]}
RESULT: {"actions":[{"id":"action2","type":"key","parameters":{},"actions":[{"type":"keyDown","value":""},{"type":"pause","duration":10},{"type":"keyUp","value":""}]}]}
COMMAND: GET /session/0140d377bb50cef00459d42e723e3497/screenshot - {}
RESULT: {}
COMMAND: POST /session/0140d377bb50cef00459d42e723e3497/element - {"using":"xpath","value":"//span[contains(text(), \"General Management\")]"}
RESULT: {"using":"xpath","value":"//span[contains(text(), \"General Management\")]"}
COMMAND: POST /session/0140d377bb50cef00459d42e723e3497/element/f.F6BB02432D8D97F36D378B59895A9F69.d.D6DDDFA3820520C23AD7846EF433FE3E.e.634/click - {}
RESULT: {}
COMMAND: GET /session/0140d377bb50cef00459d42e723e3497/screenshot - {}
RESULT: {}
COMMAND: POST /session/0140d377bb50cef00459d42e723e3497/element - {"using":"xpath","value":"//bdi[contains(text(), \"OK\")]"}
RESULT: {"using":"xpath","value":"//bdi[contains(text(), \"OK\")]"}
COMMAND: POST /session/0140d377bb50cef00459d42e723e3497/element/f.F6BB02432D8D97F36D378B59895A9F69.d.D6DDDFA3820520C23AD7846EF433FE3E.e.635/click - {}
RESULT: {}
COMMAND: GET /session/0140d377bb50cef00459d42e723e3497/screenshot - {}
RESULT: {}
COMMAND: POST /session/0140d377bb50cef00459d42e723e3497/execute/async - {"script":"<script> [1562 bytes]","args":[{"selector":{"controlType":"sap.m.Button","viewName":"etm.portal.ui.manageyards.view.New","viewId":"application-manageyards-display-component---NewYard","i18NText":{"propertyName":"text","key":"save"},"interaction":{"idSuffix":"inner"}},"wdio_ui5_key":"etmportal.ui.manageyards.view.Newsap.m.Button{\"propertyName\":\"text\",\"key\":\"save\"}"}]}
RESULT: {"script":"<script> [1562 bytes]","args":[{"selector":{"controlType":"sap.m.Button","viewName":"etm.portal.ui.manageyards.view.New","viewId":"application-manageyards-display-component---NewYard","i18NText":{"propertyName":"text","key":"save"},"interaction":{"idSuffix":"inner"}},"wdio_ui5_key":"etmportal.ui.manageyards.view.Newsap.m.Button{\"propertyName\":\"text\",\"key\":\"save\"}"}]}
RESULT: undefined
COMMAND: POST /session/0140d377bb50cef00459d42e723e3497/element - {"using":"xpath","value":"//*[@id=\"__button18\"]"}
RESULT: {"using":"xpath","value":"//*[@id=\"__button18\"]"}
COMMAND: POST /session/0140d377bb50cef00459d42e723e3497/element/f.F6BB02432D8D97F36D378B59895A9F69.d.D6DDDFA3820520C23AD7846EF433FE3E.e.555/click - {}
RESULT: {}
COMMAND: GET /session/0140d377bb50cef00459d42e723e3497/screenshot - {}
RESULT: {}
COMMAND: POST /session/0140d377bb50cef00459d42e723e3497/element - {"using":"xpath","value":"//header/div/div[2]/div[2]/span"}
RESULT: {"using":"xpath","value":"//header/div/div[2]/div[2]/span"}
COMMAND: GET /session/0140d377bb50cef00459d42e723e3497/element/f.F6BB02432D8D97F36D378B59895A9F69.d.D6DDDFA3820520C23AD7846EF433FE3E.e.829/text - {}
RESULT: {}
COMMAND: POST /session/0140d377bb50cef00459d42e723e3497/execute/async - {"script":"<script> [1562 bytes]","args":[{"selector":{"controlType":"sap.m.OverflowToolbarButton","viewName":"etm.portal.ui.manageyards.view.Detail","viewId":"application-manageyards-display-component---detailYard","i18NText":{"propertyName":"tooltip","key":"closeColumn"},"interaction":{"idSuffix":"inner"}},"wdio_ui5_key":"etmportal.ui.manageyards.view.Detailsap.m.OverflowToolbarButton{\"propertyName\":\"tooltip\",\"key\":\"closeColumn\"}"}]}
RESULT: {"script":"<script> [1562 bytes]","args":[{"selector":{"controlType":"sap.m.OverflowToolbarButton","viewName":"etm.portal.ui.manageyards.view.Detail","viewId":"application-manageyards-display-component---detailYard","i18NText":{"propertyName":"tooltip","key":"closeColumn"},"interaction":{"idSuffix":"inner"}},"wdio_ui5_key":"etmportal.ui.manageyards.view.Detailsap.m.OverflowToolbarButton{\"propertyName\":\"tooltip\",\"key\":\"closeColumn\"}"}]}
RESULT: undefined
COMMAND: POST /session/0140d377bb50cef00459d42e723e3497/element - {"using":"xpath","value":"//*[@id=\"__button42\"]"}
RESULT: {"using":"xpath","value":"//*[@id=\"__button42\"]"}
COMMAND: POST /session/0140d377bb50cef00459d42e723e3497/element/f.F6BB02432D8D97F36D378B59895A9F69.d.D6DDDFA3820520C23AD7846EF433FE3E.e.831/click - {}
RESULT: {}
COMMAND: GET /session/0140d377bb50cef00459d42e723e3497/screenshot - {}
RESULT: {}
COMMAND: POST /session/0140d377bb50cef00459d42e723e3497/element - {"using":"css selector","value":"#shell-header-logo"}
RESULT: {"using":"css selector","value":"#shell-header-logo"}
COMMAND: POST /session/0140d377bb50cef00459d42e723e3497/element/f.F6BB02432D8D97F36D378B59895A9F69.d.D6DDDFA3820520C23AD7846EF433FE3E.e.118/click - {}
RESULT: {}
COMMAND: GET /session/0140d377bb50cef00459d42e723e3497/screenshot - {}
RESULT: {}
COMMAND: POST /session/0140d377bb50cef00459d42e723e3497/refresh - {}
RESULT: {}
COMMAND: GET /session/0140d377bb50cef00459d42e723e3497/screenshot - {}
RESULT: {}
COMMAND: POST /session/0140d377bb50cef00459d42e723e3497/execute/async - {"script":"<script> [189 bytes]","args":[]}
RESULT: {"script":"<script> [189 bytes]","args":[]}
COMMAND: POST /session/0140d377bb50cef00459d42e723e3497/execute/async - {"script":"<script> [123 bytes]","args":[]}
RESULT: {"script":"<script> [123 bytes]","args":[]}
COMMAND: POST /session/0140d377bb50cef00459d42e723e3497/timeouts - {"script":"<number>"}
RESULT: {"script":"<number>"}
COMMAND: GET /session/0140d377bb50cef00459d42e723e3497/timeouts - {}
RESULT: {}
RESULT: undefined
COMMAND: POST /session/0140d377bb50cef00459d42e723e3497/execute/async - {"script":"<script> [2676 bytes]","args":[]}
RESULT: {"script":"<script> [2676 bytes]","args":[]}
COMMAND: POST /session/0140d377bb50cef00459d42e723e3497/execute/async - {"script":"<script> [2342 bytes]","args":[{"protocol":"http","hostname":"0.0.0.0","path":"/","capabilities":{"browserName":"chrome","goog:chromeOptions":{"binary":"C:\\Program Files\\Google\\Chrome\\Application\\chrome.exe","args":["--start-maximized"]}},"logLevel":"warn","connectionRetryTimeout":120000,"connectionRetryCount":3,"logLevels":{},"enableDirectConnect":true,"strictSSL":true,"_":"65 more keys: [\"cacheDir\",\"port\",\"requestedCapabilities\",\"automationProtocol\",\"baseUrl\",\"waitforInterval\",\"waitforTimeout\",\"onReload\",\"beforeCommand\",\"afterCommand\",\"rootDir\",\"specs\",\"suites\",\"exclude\",\"groupLogsByTestSpec\",\"excludeDriverLogs\",\"bail\",\"framework\",\"reporters\",\"services\",\"maxInstances\",\"maxInstancesPerCapability\",\"injectGlobals\",\"filesToWatch\",\"execArgv\",\"runnerEnv\",\"runner\",\"shard\",\"specFileRetries\",\"specFileRetriesDelay\",\"specFileRetriesDeferred\",\"reporterSyncInterval\",\"reporterSyncTimeout\",\"cucumberFeaturesWithLineNumbers\",\"autoCompileOpts\",\"mochaOpts\",\"jasmineOpts\",\"cucumberOpts\",\"onPrepare\",\"onWorkerStart\",\"onWorkerEnd\",\"before\",\"beforeSession\",\"beforeSuite\",\"beforeHook\",\"beforeTest\",\"afterTest\",\"afterHook\",\"afterSuite\",\"afterSession\",\"after\",\"onComplete\",\"beforeAssertion\",\"afterAssertion\",\"beforeFeature\",\"beforeScenario\",\"beforeStep\",\"afterStep\",\"afterScenario\",\"afterFeature\",\"_\",\"suite\",\"$0\",\"ignoredWorkerServices\",\"wdi5\"]"}]}
RESULT: {"script":"<script> [2342 bytes]","args":[{"protocol":"http","hostname":"0.0.0.0","path":"/","capabilities":{"browserName":"chrome","goog:chromeOptions":{"binary":"C:\\Program Files\\Google\\Chrome\\Application\\chrome.exe","args":["--start-maximized"]}},"logLevel":"warn","connectionRetryTimeout":120000,"connectionRetryCount":3,"logLevels":{},"enableDirectConnect":true,"strictSSL":true,"_":"65 more keys: [\"cacheDir\",\"port\",\"requestedCapabilities\",\"automationProtocol\",\"baseUrl\",\"waitforInterval\",\"waitforTimeout\",\"onReload\",\"beforeCommand\",\"afterCommand\",\"rootDir\",\"specs\",\"suites\",\"exclude\",\"groupLogsByTestSpec\",\"excludeDriverLogs\",\"bail\",\"framework\",\"reporters\",\"services\",\"maxInstances\",\"maxInstancesPerCapability\",\"injectGlobals\",\"filesToWatch\",\"execArgv\",\"runnerEnv\",\"runner\",\"shard\",\"specFileRetries\",\"specFileRetriesDelay\",\"specFileRetriesDeferred\",\"reporterSyncInterval\",\"reporterSyncTimeout\",\"cucumberFeaturesWithLineNumbers\",\"autoCompileOpts\",\"mochaOpts\",\"jasmineOpts\",\"cucumberOpts\",\"onPrepare\",\"onWorkerStart\",\"onWorkerEnd\",\"before\",\"beforeSession\",\"beforeSuite\",\"beforeHook\",\"beforeTest\",\"afterTest\",\"afterHook\",\"afterSuite\",\"afterSession\",\"after\",\"onComplete\",\"beforeAssertion\",\"afterAssertion\",\"beforeFeature\",\"beforeScenario\",\"beforeStep\",\"afterStep\",\"afterScenario\",\"afterFeature\",\"_\",\"suite\",\"$0\",\"ignoredWorkerServices\",\"wdi5\"]"}]}
COMMAND: POST /session/0140d377bb50cef00459d42e723e3497/execute/async - {"script":"<script> [21126 bytes]","args":[35000]}
RESULT: {"script":"<script> [21126 bytes]","args":[35000]}
]]></system-out>
    </testcase>
    <testcase classname="chrome.136_0_7103_93.windows.Manage_Requests_Tags_Tests_US120163" name="Should create a new partner" time="87.654">
      <system-out><![CDATA[
COMMAND: POST /session/0140d377bb50cef00459d42e723e3497/execute/async - {"script":"<script> [1562 bytes]","args":[{"selector":{"controlType":"sap.m.GenericTile","properties":{"header":"Manage Partners"}},"wdio_ui5_key":"sapm.GenericTile{\"header\":\"Manage Partners\"}"}]}
RESULT: {"script":"<script> [1562 bytes]","args":[{"selector":{"controlType":"sap.m.GenericTile","properties":{"header":"Manage Partners"}},"wdio_ui5_key":"sapm.GenericTile{\"header\":\"Manage Partners\"}"}]}
RESULT: undefined
COMMAND: POST /session/0140d377bb50cef00459d42e723e3497/element - {"using":"xpath","value":"//*[@id=\"__tile38\"]"}
RESULT: {"using":"xpath","value":"//*[@id=\"__tile38\"]"}
COMMAND: POST /session/0140d377bb50cef00459d42e723e3497/element/f.F6BB02432D8D97F36D378B59895A9F69.d.83E235D8F0D22C18AEF70DE66C7DE24E.e.1186/click - {}
RESULT: {}
COMMAND: GET /session/0140d377bb50cef00459d42e723e3497/screenshot - {}
RESULT: {}
COMMAND: POST /session/0140d377bb50cef00459d42e723e3497/elements - {"using":"xpath","value":"//span[text()='Error']"}
RESULT: {"using":"xpath","value":"//span[text()='Error']"}
COMMAND: POST /session/0140d377bb50cef00459d42e723e3497/execute/async - {"script":"<script> [1562 bytes]","args":[{"selector":{"controlType":"sap.ui.core.Icon","viewName":"etm.portal.ui.managepartners.view.Master","viewId":"application-managepartners-display-component---masterPtm","properties":{"src":{"regex":{"source":"add"}}}},"wdio_ui5_key":"etmportal.ui.managepartners.view.Mastersap.ui.core.Icon{\"src\":{\"regex\":{\"source\":\"add\"}}}"}]}
RESULT: {"script":"<script> [1562 bytes]","args":[{"selector":{"controlType":"sap.ui.core.Icon","viewName":"etm.portal.ui.managepartners.view.Master","viewId":"application-managepartners-display-component---masterPtm","properties":{"src":{"regex":{"source":"add"}}}},"wdio_ui5_key":"etmportal.ui.managepartners.view.Mastersap.ui.core.Icon{\"src\":{\"regex\":{\"source\":\"add\"}}}"}]}
RESULT: undefined
COMMAND: POST /session/0140d377bb50cef00459d42e723e3497/element - {"using":"xpath","value":"//*[@id=\"__button4-img\"]"}
RESULT: {"using":"xpath","value":"//*[@id=\"__button4-img\"]"}
COMMAND: POST /session/0140d377bb50cef00459d42e723e3497/element/f.F6BB02432D8D97F36D378B59895A9F69.d.83E235D8F0D22C18AEF70DE66C7DE24E.e.1238/click - {}
RESULT: {}
COMMAND: GET /session/0140d377bb50cef00459d42e723e3497/screenshot - {}
RESULT: {}
COMMAND: POST /session/0140d377bb50cef00459d42e723e3497/execute/async - {"script":"<script> [1562 bytes]","args":[{"selector":{"id":"application-managepartners-display-component---NewPartner--partnerId","interaction":{"idSuffix":"inner"}},"wdio_ui5_key":"applicationmanagepartners-display-component---NewPartner--partnerId"}]}
RESULT: {"script":"<script> [1562 bytes]","args":[{"selector":{"id":"application-managepartners-display-component---NewPartner--partnerId","interaction":{"idSuffix":"inner"}},"wdio_ui5_key":"applicationmanagepartners-display-component---NewPartner--partnerId"}]}
RESULT: undefined
COMMAND: POST /session/0140d377bb50cef00459d42e723e3497/execute/async - {"script":"<script> [1562 bytes]","args":[{"selector":{"id":"application-managepartners-display-component---NewPartner--addressDetailDetailsName1","interaction":{"idSuffix":"inner"}},"wdio_ui5_key":"applicationmanagepartners-display-component---NewPartner--addressDetailDetailsName1"}]}
RESULT: {"script":"<script> [1562 bytes]","args":[{"selector":{"id":"application-managepartners-display-component---NewPartner--addressDetailDetailsName1","interaction":{"idSuffix":"inner"}},"wdio_ui5_key":"applicationmanagepartners-display-component---NewPartner--addressDetailDetailsName1"}]}
RESULT: undefined
COMMAND: POST /session/0140d377bb50cef00459d42e723e3497/execute/async - {"script":"<script> [776 bytes]","args":[{"enterText":"WebdriverPartneryg097","selector":{"id":"application-managepartners-display-component---NewPartner--addressDetailDetailsName1","interaction":{"idSuffix":"inner"}},"clearTextFirst":true,"interactionType":"ENTER_TEXT"}]}
RESULT: {"script":"<script> [776 bytes]","args":[{"enterText":"WebdriverPartneryg097","selector":{"id":"application-managepartners-display-component---NewPartner--addressDetailDetailsName1","interaction":{"idSuffix":"inner"}},"clearTextFirst":true,"interactionType":"ENTER_TEXT"}]}
COMMAND: POST /session/0140d377bb50cef00459d42e723e3497/execute/async - {"script":"<script> [1562 bytes]","args":[{"selector":{"id":"application-managepartners-display-component---NewPartner--addressDetailDetailsLanguage","interaction":{"idSuffix":"inner"}},"wdio_ui5_key":"applicationmanagepartners-display-component---NewPartner--addressDetailDetailsLanguage"}]}
RESULT: {"script":"<script> [1562 bytes]","args":[{"selector":{"id":"application-managepartners-display-component---NewPartner--addressDetailDetailsLanguage","interaction":{"idSuffix":"inner"}},"wdio_ui5_key":"applicationmanagepartners-display-component---NewPartner--addressDetailDetailsLanguage"}]}
RESULT: undefined
COMMAND: POST /session/0140d377bb50cef00459d42e723e3497/execute/async - {"script":"<script> [776 bytes]","args":[{"enterText":"Romanian","selector":{"id":"application-managepartners-display-component---NewPartner--addressDetailDetailsLanguage","interaction":{"idSuffix":"inner"}},"clearTextFirst":true,"interactionType":"ENTER_TEXT"}]}
RESULT: {"script":"<script> [776 bytes]","args":[{"enterText":"Romanian","selector":{"id":"application-managepartners-display-component---NewPartner--addressDetailDetailsLanguage","interaction":{"idSuffix":"inner"}},"clearTextFirst":true,"interactionType":"ENTER_TEXT"}]}
COMMAND: POST /session/0140d377bb50cef00459d42e723e3497/element - {"using":"xpath","value":"//input[contains(@id ,\"application-managepartners-display-component---NewPartner--addressDetailDetailsName1-inner\")]"}
RESULT: {"using":"xpath","value":"//input[contains(@id ,\"application-managepartners-display-component---NewPartner--addressDetailDetailsName1-inner\")]"}
COMMAND: GET /session/0140d377bb50cef00459d42e723e3497/element/f.F6BB02432D8D97F36D378B59895A9F69.d.83E235D8F0D22C18AEF70DE66C7DE24E.e.1484/property/value - {}
RESULT: {}
COMMAND: POST /session/0140d377bb50cef00459d42e723e3497/execute/async - {"script":"<script> [1562 bytes]","args":[{"selector":{"id":"application-managepartners-display-component---NewPartner--addressDetailDetailsCity1","interaction":{"idSuffix":"inner"}},"wdio_ui5_key":"applicationmanagepartners-display-component---NewPartner--addressDetailDetailsCity1"}]}
COMMAND: GET /session/0140d377bb50cef00459d42e723e3497/screenshot - {}
RESULT: {"script":"<script> [1562 bytes]","args":[{"selector":{"id":"application-managepartners-display-component---NewPartner--addressDetailDetailsCity1","interaction":{"idSuffix":"inner"}},"wdio_ui5_key":"applicationmanagepartners-display-component---NewPartner--addressDetailDetailsCity1"}]}
RESULT: undefined
COMMAND: POST /session/0140d377bb50cef00459d42e723e3497/execute/async - {"script":"<script> [776 bytes]","args":[{"enterText":"Bucharest","selector":{"id":"application-managepartners-display-component---NewPartner--addressDetailDetailsCity1","interaction":{"idSuffix":"inner"}},"clearTextFirst":true,"interactionType":"ENTER_TEXT"}]}
RESULT: {}
RESULT: {"script":"<script> [776 bytes]","args":[{"enterText":"Bucharest","selector":{"id":"application-managepartners-display-component---NewPartner--addressDetailDetailsCity1","interaction":{"idSuffix":"inner"}},"clearTextFirst":true,"interactionType":"ENTER_TEXT"}]}
COMMAND: POST /session/0140d377bb50cef00459d42e723e3497/execute/async - {"script":"<script> [1562 bytes]","args":[{"selector":{"id":"application-managepartners-display-component---NewPartner--addressDetailDetailsCountry","interaction":{"idSuffix":"inner"}},"wdio_ui5_key":"applicationmanagepartners-display-component---NewPartner--addressDetailDetailsCountry"}]}
RESULT: {"script":"<script> [1562 bytes]","args":[{"selector":{"id":"application-managepartners-display-component---NewPartner--addressDetailDetailsCountry","interaction":{"idSuffix":"inner"}},"wdio_ui5_key":"applicationmanagepartners-display-component---NewPartner--addressDetailDetailsCountry"}]}
RESULT: undefined
COMMAND: POST /session/0140d377bb50cef00459d42e723e3497/execute/async - {"script":"<script> [6424 bytes]","args":[{"element-6066-11e4-a52e-4f735466cecf":"f.F6BB02432D8D97F36D378B59895A9F69.d.83E235D8F0D22C18AEF70DE66C7DE24E.e.1491"},"setValue",["Romania"]]}
RESULT: {"script":"<script> [6424 bytes]","args":[{"element-6066-11e4-a52e-4f735466cecf":"f.F6BB02432D8D97F36D378B59895A9F69.d.83E235D8F0D22C18AEF70DE66C7DE24E.e.1491"},"setValue",["Romania"]]}
COMMAND: POST /session/0140d377bb50cef00459d42e723e3497/execute/async - {"script":"<script> [1562 bytes]","args":[{"selector":{"id":"application-managepartners-display-component---NewPartner--partnerDetailInternal","interaction":{"idSuffix":"inner"}},"wdio_ui5_key":"applicationmanagepartners-display-component---NewPartner--partnerDetailInternal"}]}
RESULT: {"script":"<script> [1562 bytes]","args":[{"selector":{"id":"application-managepartners-display-component---NewPartner--partnerDetailInternal","interaction":{"idSuffix":"inner"}},"wdio_ui5_key":"applicationmanagepartners-display-component---NewPartner--partnerDetailInternal"}]}
RESULT: undefined
COMMAND: POST /session/0140d377bb50cef00459d42e723e3497/execute/async - {"script":"<script> [776 bytes]","args":[{"enterText":"External partner","selector":{"id":"application-managepartners-display-component---NewPartner--partnerDetailInternal","interaction":{"idSuffix":"inner"}},"clearTextFirst":true,"interactionType":"ENTER_TEXT"}]}
RESULT: {"script":"<script> [776 bytes]","args":[{"enterText":"External partner","selector":{"id":"application-managepartners-display-component---NewPartner--partnerDetailInternal","interaction":{"idSuffix":"inner"}},"clearTextFirst":true,"interactionType":"ENTER_TEXT"}]}
COMMAND: POST /session/0140d377bb50cef00459d42e723e3497/execute/async - {"script":"<script> [1562 bytes]","args":[{"selector":{"id":"application-managepartners-display-component---NewPartner--partnerDetailsCurrency","interaction":{"idSuffix":"inner"}},"wdio_ui5_key":"applicationmanagepartners-display-component---NewPartner--partnerDetailsCurrency"}]}
RESULT: {"script":"<script> [1562 bytes]","args":[{"selector":{"id":"application-managepartners-display-component---NewPartner--partnerDetailsCurrency","interaction":{"idSuffix":"inner"}},"wdio_ui5_key":"applicationmanagepartners-display-component---NewPartner--partnerDetailsCurrency"}]}
RESULT: undefined
COMMAND: POST /session/0140d377bb50cef00459d42e723e3497/execute/async - {"script":"<script> [776 bytes]","args":[{"enterText":"Euro","selector":{"id":"application-managepartners-display-component---NewPartner--partnerDetailsCurrency","interaction":{"idSuffix":"inner"}},"clearTextFirst":true,"interactionType":"ENTER_TEXT"}]}
RESULT: {"script":"<script> [776 bytes]","args":[{"enterText":"Euro","selector":{"id":"application-managepartners-display-component---NewPartner--partnerDetailsCurrency","interaction":{"idSuffix":"inner"}},"clearTextFirst":true,"interactionType":"ENTER_TEXT"}]}
COMMAND: POST /session/0140d377bb50cef00459d42e723e3497/execute/async - {"script":"<script> [1562 bytes]","args":[{"selector":{"controlType":"sap.m.Button","viewName":"etm.portal.ui.managepartners.view.NewPartner","viewId":"application-managepartners-display-component---NewPartner","properties":{"text":"Commercial"},"interaction":{"idSuffix":"BDI-content"}},"wdio_ui5_key":"etmportal.ui.managepartners.view.NewPartnersap.m.Button{\"text\":\"Commercial\"}"}]}
RESULT: {"script":"<script> [1562 bytes]","args":[{"selector":{"controlType":"sap.m.Button","viewName":"etm.portal.ui.managepartners.view.NewPartner","viewId":"application-managepartners-display-component---NewPartner","properties":{"text":"Commercial"},"interaction":{"idSuffix":"BDI-content"}},"wdio_ui5_key":"etmportal.ui.managepartners.view.NewPartnersap.m.Button{\"text\":\"Commercial\"}"}]}
RESULT: undefined
COMMAND: POST /session/0140d377bb50cef00459d42e723e3497/element - {"using":"xpath","value":"//*[@id=\"application-managepartners-display-component---NewPartner--ObjectPageLayout-anchBar-__section5-anchor\"]"}
RESULT: {"using":"xpath","value":"//*[@id=\"application-managepartners-display-component---NewPartner--ObjectPageLayout-anchBar-__section5-anchor\"]"}
COMMAND: POST /session/0140d377bb50cef00459d42e723e3497/element/f.F6BB02432D8D97F36D378B59895A9F69.d.83E235D8F0D22C18AEF70DE66C7DE24E.e.1655/click - {}
RESULT: {}
COMMAND: GET /session/0140d377bb50cef00459d42e723e3497/screenshot - {}
RESULT: {}
COMMAND: POST /session/0140d377bb50cef00459d42e723e3497/execute/async - {"script":"<script> [1562 bytes]","args":[{"selector":{"id":"application-managepartners-display-component---NewPartner--btnAddTableRow-img"},"wdio_ui5_key":"applicationmanagepartners-display-component---NewPartner--btnAddTableRow-img"}]}
RESULT: {"script":"<script> [1562 bytes]","args":[{"selector":{"id":"application-managepartners-display-component---NewPartner--btnAddTableRow-img"},"wdio_ui5_key":"applicationmanagepartners-display-component---NewPartner--btnAddTableRow-img"}]}
RESULT: undefined
COMMAND: POST /session/0140d377bb50cef00459d42e723e3497/element - {"using":"xpath","value":"//*[@id=\"application-managepartners-display-component---NewPartner--btnAddTableRow-img\"]"}
RESULT: {"using":"xpath","value":"//*[@id=\"application-managepartners-display-component---NewPartner--btnAddTableRow-img\"]"}
COMMAND: POST /session/0140d377bb50cef00459d42e723e3497/element/f.F6BB02432D8D97F36D378B59895A9F69.d.83E235D8F0D22C18AEF70DE66C7DE24E.e.1661/click - {}
RESULT: {}
COMMAND: POST /session/0140d377bb50cef00459d42e723e3497/element - {"using":"xpath","value":"//input[contains(@id ,\"application-managepartners-display-component---NewPartner--assignmentYard-application-managepartners-display-component---NewPartner\")]"}
COMMAND: GET /session/0140d377bb50cef00459d42e723e3497/screenshot - {}
RESULT: {"using":"xpath","value":"//input[contains(@id ,\"application-managepartners-display-component---NewPartner--assignmentYard-application-managepartners-display-component---NewPartner\")]"}
COMMAND: POST /session/0140d377bb50cef00459d42e723e3497/element/f.F6BB02432D8D97F36D378B59895A9F69.d.83E235D8F0D22C18AEF70DE66C7DE24E.e.1664/clear - {}
RESULT: {}
RESULT: {}
COMMAND: POST /session/0140d377bb50cef00459d42e723e3497/element/f.F6BB02432D8D97F36D378B59895A9F69.d.83E235D8F0D22C18AEF70DE66C7DE24E.e.1664/value - {"text":"WebdriverYard1mlab"}
COMMAND: GET /session/0140d377bb50cef00459d42e723e3497/screenshot - {}
RESULT: {"text":"WebdriverYard1mlab"}
COMMAND: GET /session/0140d377bb50cef00459d42e723e3497/screenshot - {}
RESULT: {}
RESULT: {}
COMMAND: POST /session/0140d377bb50cef00459d42e723e3497/execute/async - {"script":"<script> [1562 bytes]","args":[{"selector":{"controlType":"sap.m.Button","viewName":"etm.portal.ui.managepartners.view.NewPartner","viewId":"application-managepartners-display-component---NewPartner","i18NText":{"propertyName":"text","key":"save"},"interaction":{"idSuffix":"BDI-content"}},"wdio_ui5_key":"etmportal.ui.managepartners.view.NewPartnersap.m.Button{\"propertyName\":\"text\",\"key\":\"save\"}"}]}
RESULT: {"script":"<script> [1562 bytes]","args":[{"selector":{"controlType":"sap.m.Button","viewName":"etm.portal.ui.managepartners.view.NewPartner","viewId":"application-managepartners-display-component---NewPartner","i18NText":{"propertyName":"text","key":"save"},"interaction":{"idSuffix":"BDI-content"}},"wdio_ui5_key":"etmportal.ui.managepartners.view.NewPartnersap.m.Button{\"propertyName\":\"text\",\"key\":\"save\"}"}]}
RESULT: undefined
COMMAND: POST /session/0140d377bb50cef00459d42e723e3497/element - {"using":"xpath","value":"//*[@id=\"__button12\"]"}
RESULT: {"using":"xpath","value":"//*[@id=\"__button12\"]"}
COMMAND: POST /session/0140d377bb50cef00459d42e723e3497/element/f.F6BB02432D8D97F36D378B59895A9F69.d.83E235D8F0D22C18AEF70DE66C7DE24E.e.1629/click - {}
RESULT: {}
COMMAND: GET /session/0140d377bb50cef00459d42e723e3497/screenshot - {}
RESULT: {}
COMMAND: POST /session/0140d377bb50cef00459d42e723e3497/element - {"using":"xpath","value":"//header/div/div[2]/div[2]/span"}
RESULT: {"using":"xpath","value":"//header/div/div[2]/div[2]/span"}
COMMAND: GET /session/0140d377bb50cef00459d42e723e3497/element/f.F6BB02432D8D97F36D378B59895A9F69.d.83E235D8F0D22C18AEF70DE66C7DE24E.e.1835/text - {}
RESULT: {}
COMMAND: POST /session/0140d377bb50cef00459d42e723e3497/element - {"using":"xpath","value":"//header/div/div/div/div/div/div[2]/div/span"}
RESULT: {"using":"xpath","value":"//header/div/div/div/div/div/div[2]/div/span"}
COMMAND: GET /session/0140d377bb50cef00459d42e723e3497/element/f.F6BB02432D8D97F36D378B59895A9F69.d.83E235D8F0D22C18AEF70DE66C7DE24E.e.1836/text - {}
RESULT: {}
COMMAND: POST /session/0140d377bb50cef00459d42e723e3497/execute/async - {"script":"<script> [1562 bytes]","args":[{"selector":{"id":"application-managepartners-display-component---detailPtm--partnerType"},"wdio_ui5_key":"applicationmanagepartners-display-component---detailPtm--partnerType"}]}
RESULT: {"script":"<script> [1562 bytes]","args":[{"selector":{"id":"application-managepartners-display-component---detailPtm--partnerType"},"wdio_ui5_key":"applicationmanagepartners-display-component---detailPtm--partnerType"}]}
RESULT: undefined
COMMAND: POST /session/0140d377bb50cef00459d42e723e3497/execute/async - {"script":"<script> [6424 bytes]","args":[{"element-6066-11e4-a52e-4f735466cecf":"f.F6BB02432D8D97F36D378B59895A9F69.d.83E235D8F0D22C18AEF70DE66C7DE24E.e.1837"},"getText",[]]}
RESULT: {"script":"<script> [6424 bytes]","args":[{"element-6066-11e4-a52e-4f735466cecf":"f.F6BB02432D8D97F36D378B59895A9F69.d.83E235D8F0D22C18AEF70DE66C7DE24E.e.1837"},"getText",[]]}
COMMAND: POST /session/0140d377bb50cef00459d42e723e3497/element - {"using":"css selector","value":"#shell-header-logo"}
RESULT: {"using":"css selector","value":"#shell-header-logo"}
COMMAND: POST /session/0140d377bb50cef00459d42e723e3497/element/f.F6BB02432D8D97F36D378B59895A9F69.d.83E235D8F0D22C18AEF70DE66C7DE24E.e.1189/click - {}
RESULT: {}
COMMAND: GET /session/0140d377bb50cef00459d42e723e3497/screenshot - {}
RESULT: {}
]]></system-out>
    </testcase>
    <testcase classname="chrome.136_0_7103_93.windows.Manage_Requests_Tags_Tests_US120163" name="Should create a new site" time="101.948">
      <system-out><![CDATA[
COMMAND: POST /session/0140d377bb50cef00459d42e723e3497/execute/async - {"script":"<script> [1562 bytes]","args":[{"selector":{"controlType":"sap.m.GenericTile","properties":{"header":"Manage Sites"}},"wdio_ui5_key":"sapm.GenericTile{\"header\":\"Manage Sites\"}"}]}
RESULT: {"script":"<script> [1562 bytes]","args":[{"selector":{"controlType":"sap.m.GenericTile","properties":{"header":"Manage Sites"}},"wdio_ui5_key":"sapm.GenericTile{\"header\":\"Manage Sites\"}"}]}
RESULT: undefined
COMMAND: POST /session/0140d377bb50cef00459d42e723e3497/element - {"using":"xpath","value":"//*[@id=\"__tile40\"]"}
RESULT: {"using":"xpath","value":"//*[@id=\"__tile40\"]"}
COMMAND: POST /session/0140d377bb50cef00459d42e723e3497/element/f.F6BB02432D8D97F36D378B59895A9F69.d.83E235D8F0D22C18AEF70DE66C7DE24E.e.1839/click - {}
RESULT: {}
COMMAND: GET /session/0140d377bb50cef00459d42e723e3497/screenshot - {}
RESULT: {}
COMMAND: POST /session/0140d377bb50cef00459d42e723e3497/elements - {"using":"xpath","value":"//span[text()='Error']"}
RESULT: {"using":"xpath","value":"//span[text()='Error']"}
COMMAND: POST /session/0140d377bb50cef00459d42e723e3497/execute/async - {"script":"<script> [1562 bytes]","args":[{"selector":{"controlType":"sap.ui.core.Icon","viewName":"etm.portal.ui.managesites.view.Master","viewId":"application-managesites-display-component---masterSite","properties":{"src":{"regex":{"source":"add"}}}},"wdio_ui5_key":"etmportal.ui.managesites.view.Mastersap.ui.core.Icon{\"src\":{\"regex\":{\"source\":\"add\"}}}"}]}
RESULT: {"script":"<script> [1562 bytes]","args":[{"selector":{"controlType":"sap.ui.core.Icon","viewName":"etm.portal.ui.managesites.view.Master","viewId":"application-managesites-display-component---masterSite","properties":{"src":{"regex":{"source":"add"}}}},"wdio_ui5_key":"etmportal.ui.managesites.view.Mastersap.ui.core.Icon{\"src\":{\"regex\":{\"source\":\"add\"}}}"}]}
RESULT: undefined
COMMAND: POST /session/0140d377bb50cef00459d42e723e3497/element - {"using":"xpath","value":"//*[@id=\"__button52-img\"]"}
RESULT: {"using":"xpath","value":"//*[@id=\"__button52-img\"]"}
COMMAND: POST /session/0140d377bb50cef00459d42e723e3497/element/f.F6BB02432D8D97F36D378B59895A9F69.d.83E235D8F0D22C18AEF70DE66C7DE24E.e.1888/click - {}
RESULT: {}
COMMAND: POST /session/0140d377bb50cef00459d42e723e3497/execute/async - {"script":"<script> [1562 bytes]","args":[{"selector":{"id":"application-managesites-display-component---NewSite--siteId","interaction":{"idSuffix":"inner"}},"wdio_ui5_key":"applicationmanagesites-display-component---NewSite--siteId"}]}
COMMAND: GET /session/0140d377bb50cef00459d42e723e3497/screenshot - {}
RESULT: {"script":"<script> [1562 bytes]","args":[{"selector":{"id":"application-managesites-display-component---NewSite--siteId","interaction":{"idSuffix":"inner"}},"wdio_ui5_key":"applicationmanagesites-display-component---NewSite--siteId"}]}
RESULT: undefined
COMMAND: POST /session/0140d377bb50cef00459d42e723e3497/execute/async - {"script":"<script> [1562 bytes]","args":[{"selector":{"id":"application-managesites-display-component---NewSite--addressDetailDetailsName1","interaction":{"idSuffix":"inner"}},"wdio_ui5_key":"applicationmanagesites-display-component---NewSite--addressDetailDetailsName1"}]}
RESULT: {}
RESULT: {"script":"<script> [1562 bytes]","args":[{"selector":{"id":"application-managesites-display-component---NewSite--addressDetailDetailsName1","interaction":{"idSuffix":"inner"}},"wdio_ui5_key":"applicationmanagesites-display-component---NewSite--addressDetailDetailsName1"}]}
RESULT: undefined
COMMAND: POST /session/0140d377bb50cef00459d42e723e3497/execute/async - {"script":"<script> [776 bytes]","args":[{"enterText":"WebdriverSite46gcbi","selector":{"id":"application-managesites-display-component---NewSite--addressDetailDetailsName1","interaction":{"idSuffix":"inner"}},"clearTextFirst":true,"interactionType":"ENTER_TEXT"}]}
RESULT: {"script":"<script> [776 bytes]","args":[{"enterText":"WebdriverSite46gcbi","selector":{"id":"application-managesites-display-component---NewSite--addressDetailDetailsName1","interaction":{"idSuffix":"inner"}},"clearTextFirst":true,"interactionType":"ENTER_TEXT"}]}
COMMAND: POST /session/0140d377bb50cef00459d42e723e3497/execute/async - {"script":"<script> [1562 bytes]","args":[{"selector":{"id":"application-managesites-display-component---NewSite--addressDetailDetailsLanguage","interaction":{"idSuffix":"inner"}},"wdio_ui5_key":"applicationmanagesites-display-component---NewSite--addressDetailDetailsLanguage"}]}
RESULT: {"script":"<script> [1562 bytes]","args":[{"selector":{"id":"application-managesites-display-component---NewSite--addressDetailDetailsLanguage","interaction":{"idSuffix":"inner"}},"wdio_ui5_key":"applicationmanagesites-display-component---NewSite--addressDetailDetailsLanguage"}]}
RESULT: undefined
COMMAND: POST /session/0140d377bb50cef00459d42e723e3497/execute/async - {"script":"<script> [776 bytes]","args":[{"enterText":"Romanian","selector":{"id":"application-managesites-display-component---NewSite--addressDetailDetailsLanguage","interaction":{"idSuffix":"inner"}},"clearTextFirst":true,"interactionType":"ENTER_TEXT"}]}
RESULT: {"script":"<script> [776 bytes]","args":[{"enterText":"Romanian","selector":{"id":"application-managesites-display-component---NewSite--addressDetailDetailsLanguage","interaction":{"idSuffix":"inner"}},"clearTextFirst":true,"interactionType":"ENTER_TEXT"}]}
COMMAND: POST /session/0140d377bb50cef00459d42e723e3497/execute/async - {"script":"<script> [1562 bytes]","args":[{"selector":{"id":"application-managesites-display-component---NewSite--addressDetailDetailsCity1","interaction":{"idSuffix":"inner"}},"wdio_ui5_key":"applicationmanagesites-display-component---NewSite--addressDetailDetailsCity1"}]}
RESULT: {"script":"<script> [1562 bytes]","args":[{"selector":{"id":"application-managesites-display-component---NewSite--addressDetailDetailsCity1","interaction":{"idSuffix":"inner"}},"wdio_ui5_key":"applicationmanagesites-display-component---NewSite--addressDetailDetailsCity1"}]}
RESULT: undefined
COMMAND: POST /session/0140d377bb50cef00459d42e723e3497/execute/async - {"script":"<script> [776 bytes]","args":[{"enterText":"Bucharest","selector":{"id":"application-managesites-display-component---NewSite--addressDetailDetailsCity1","interaction":{"idSuffix":"inner"}},"clearTextFirst":true,"interactionType":"ENTER_TEXT"}]}
RESULT: {"script":"<script> [776 bytes]","args":[{"enterText":"Bucharest","selector":{"id":"application-managesites-display-component---NewSite--addressDetailDetailsCity1","interaction":{"idSuffix":"inner"}},"clearTextFirst":true,"interactionType":"ENTER_TEXT"}]}
COMMAND: POST /session/0140d377bb50cef00459d42e723e3497/execute/async - {"script":"<script> [1562 bytes]","args":[{"selector":{"id":"application-managesites-display-component---NewSite--addressDetailDetailsCountry","interaction":{"idSuffix":"inner"}},"wdio_ui5_key":"applicationmanagesites-display-component---NewSite--addressDetailDetailsCountry"}]}
RESULT: {"script":"<script> [1562 bytes]","args":[{"selector":{"id":"application-managesites-display-component---NewSite--addressDetailDetailsCountry","interaction":{"idSuffix":"inner"}},"wdio_ui5_key":"applicationmanagesites-display-component---NewSite--addressDetailDetailsCountry"}]}
RESULT: undefined
COMMAND: POST /session/0140d377bb50cef00459d42e723e3497/execute/async - {"script":"<script> [776 bytes]","args":[{"enterText":"Romania","selector":{"id":"application-managesites-display-component---NewSite--addressDetailDetailsCountry","interaction":{"idSuffix":"inner"}},"clearTextFirst":true,"interactionType":"ENTER_TEXT"}]}
RESULT: {"script":"<script> [776 bytes]","args":[{"enterText":"Romania","selector":{"id":"application-managesites-display-component---NewSite--addressDetailDetailsCountry","interaction":{"idSuffix":"inner"}},"clearTextFirst":true,"interactionType":"ENTER_TEXT"}]}
COMMAND: POST /session/0140d377bb50cef00459d42e723e3497/element - {"using":"css selector","value":"#application-managesites-display-component---NewSite--addressDetailDetailsCalendar-inner"}
RESULT: {"using":"css selector","value":"#application-managesites-display-component---NewSite--addressDetailDetailsCalendar-inner"}
COMMAND: POST /session/0140d377bb50cef00459d42e723e3497/element/f.F6BB02432D8D97F36D378B59895A9F69.d.83E235D8F0D22C18AEF70DE66C7DE24E.e.2256/clear - {}
RESULT: {}
COMMAND: POST /session/0140d377bb50cef00459d42e723e3497/element/f.F6BB02432D8D97F36D378B59895A9F69.d.83E235D8F0D22C18AEF70DE66C7DE24E.e.2256/value - {"text":"Germany"}
COMMAND: GET /session/0140d377bb50cef00459d42e723e3497/screenshot - {}
RESULT: {"text":"Germany"}
COMMAND: POST /session/0140d377bb50cef00459d42e723e3497/execute/async - {"script":"<script> [1562 bytes]","args":[{"selector":{"id":"application-managesites-display-component---NewSite--addressEditDetailsCostObjectCstType-arrow"},"wdio_ui5_key":"applicationmanagesites-display-component---NewSite--addressEditDetailsCostObjectCstType-arrow"}]}
COMMAND: GET /session/0140d377bb50cef00459d42e723e3497/screenshot - {}
RESULT: {}
RESULT: {"script":"<script> [1562 bytes]","args":[{"selector":{"id":"application-managesites-display-component---NewSite--addressEditDetailsCostObjectCstType-arrow"},"wdio_ui5_key":"applicationmanagesites-display-component---NewSite--addressEditDetailsCostObjectCstType-arrow"}]}
RESULT: undefined
COMMAND: POST /session/0140d377bb50cef00459d42e723e3497/element - {"using":"xpath","value":"//*[@id=\"application-managesites-display-component---NewSite--addressEditDetailsCostObjectCstType-arrow\"]"}
RESULT: {}
RESULT: {"using":"xpath","value":"//*[@id=\"application-managesites-display-component---NewSite--addressEditDetailsCostObjectCstType-arrow\"]"}
COMMAND: POST /session/0140d377bb50cef00459d42e723e3497/element/f.F6BB02432D8D97F36D378B59895A9F69.d.83E235D8F0D22C18AEF70DE66C7DE24E.e.2439/click - {}
RESULT: {}
COMMAND: POST /session/0140d377bb50cef00459d42e723e3497/element - {"using":"xpath","value":"//span[contains(text(), \"Work Breakdown Structure\")]"}
COMMAND: GET /session/0140d377bb50cef00459d42e723e3497/screenshot - {}
RESULT: {"using":"xpath","value":"//span[contains(text(), \"Work Breakdown Structure\")]"}
COMMAND: POST /session/0140d377bb50cef00459d42e723e3497/element/f.F6BB02432D8D97F36D378B59895A9F69.d.83E235D8F0D22C18AEF70DE66C7DE24E.e.2440/click - {}
RESULT: {}
RESULT: {}
COMMAND: GET /session/0140d377bb50cef00459d42e723e3497/screenshot - {}
RESULT: {}
COMMAND: POST /session/0140d377bb50cef00459d42e723e3497/execute/async - {"script":"<script> [1562 bytes]","args":[{"selector":{"id":"application-managesites-display-component---NewSite--addressNewCostObjectCstID-vhi"},"wdio_ui5_key":"applicationmanagesites-display-component---NewSite--addressNewCostObjectCstID-vhi"}]}
RESULT: {"script":"<script> [1562 bytes]","args":[{"selector":{"id":"application-managesites-display-component---NewSite--addressNewCostObjectCstID-vhi"},"wdio_ui5_key":"applicationmanagesites-display-component---NewSite--addressNewCostObjectCstID-vhi"}]}
RESULT: undefined
COMMAND: POST /session/0140d377bb50cef00459d42e723e3497/element - {"using":"xpath","value":"//*[@id=\"application-managesites-display-component---NewSite--addressNewCostObjectCstID-vhi\"]"}
RESULT: {"using":"xpath","value":"//*[@id=\"application-managesites-display-component---NewSite--addressNewCostObjectCstID-vhi\"]"}
COMMAND: POST /session/0140d377bb50cef00459d42e723e3497/element/f.F6BB02432D8D97F36D378B59895A9F69.d.83E235D8F0D22C18AEF70DE66C7DE24E.e.2444/click - {}
RESULT: {}
COMMAND: GET /session/0140d377bb50cef00459d42e723e3497/screenshot - {}
RESULT: {}
COMMAND: POST /session/0140d377bb50cef00459d42e723e3497/execute/async - {"script":"<script> [1562 bytes]","args":[{"selector":{"controlType":"sap.m.SearchField","properties":{"placeholder":"Search"},"searchOpenDialogs":true,"interaction":{"idSuffix":"I"}},"wdio_ui5_key":"sapm.SearchField{\"placeholder\":\"Search\"}"}]}
RESULT: {"script":"<script> [1562 bytes]","args":[{"selector":{"controlType":"sap.m.SearchField","properties":{"placeholder":"Search"},"searchOpenDialogs":true,"interaction":{"idSuffix":"I"}},"wdio_ui5_key":"sapm.SearchField{\"placeholder\":\"Search\"}"}]}
RESULT: undefined
COMMAND: POST /session/0140d377bb50cef00459d42e723e3497/execute/async - {"script":"<script> [776 bytes]","args":[{"enterText":"A1-000100-01","selector":{"controlType":"sap.m.SearchField","properties":{"placeholder":"Search"},"searchOpenDialogs":true,"interaction":{"idSuffix":"I"}},"clearTextFirst":true,"interactionType":"ENTER_TEXT"}]}
RESULT: {"script":"<script> [776 bytes]","args":[{"enterText":"A1-000100-01","selector":{"controlType":"sap.m.SearchField","properties":{"placeholder":"Search"},"searchOpenDialogs":true,"interaction":{"idSuffix":"I"}},"clearTextFirst":true,"interactionType":"ENTER_TEXT"}]}
COMMAND: POST /session/0140d377bb50cef00459d42e723e3497/actions - {"actions":[{"id":"action3","type":"key","parameters":{},"actions":[{"type":"keyDown","value":""},{"type":"pause","duration":10},{"type":"keyUp","value":""}]}]}
RESULT: {"actions":[{"id":"action3","type":"key","parameters":{},"actions":[{"type":"keyDown","value":""},{"type":"pause","duration":10},{"type":"keyUp","value":""}]}]}
COMMAND: GET /session/0140d377bb50cef00459d42e723e3497/screenshot - {}
RESULT: {}
COMMAND: POST /session/0140d377bb50cef00459d42e723e3497/element - {"using":"xpath","value":"//span[contains(text(), \"Template for ETO-Process\")]"}
RESULT: {"using":"xpath","value":"//span[contains(text(), \"Template for ETO-Process\")]"}
COMMAND: POST /session/0140d377bb50cef00459d42e723e3497/element/f.F6BB02432D8D97F36D378B59895A9F69.d.83E235D8F0D22C18AEF70DE66C7DE24E.e.2464/click - {}
RESULT: {}
COMMAND: GET /session/0140d377bb50cef00459d42e723e3497/screenshot - {}
RESULT: {}
COMMAND: POST /session/0140d377bb50cef00459d42e723e3497/element - {"using":"xpath","value":"//bdi[contains(text(), \"OK\")]"}
RESULT: {"using":"xpath","value":"//bdi[contains(text(), \"OK\")]"}
COMMAND: POST /session/0140d377bb50cef00459d42e723e3497/element/f.F6BB02432D8D97F36D378B59895A9F69.d.83E235D8F0D22C18AEF70DE66C7DE24E.e.2465/click - {}
RESULT: {}
COMMAND: GET /session/0140d377bb50cef00459d42e723e3497/screenshot - {}
RESULT: {}
COMMAND: POST /session/0140d377bb50cef00459d42e723e3497/element - {"using":"xpath","value":"//input[@id=\"application-managesites-display-component---NewSite--addressDetailDetailsYard-inner\"]"}
RESULT: {"using":"xpath","value":"//input[@id=\"application-managesites-display-component---NewSite--addressDetailDetailsYard-inner\"]"}
COMMAND: POST /session/0140d377bb50cef00459d42e723e3497/element/f.F6BB02432D8D97F36D378B59895A9F69.d.83E235D8F0D22C18AEF70DE66C7DE24E.e.2257/value - {"text":"WebdriverYard1mlab"}
RESULT: {"text":"WebdriverYard1mlab"}
COMMAND: GET /session/0140d377bb50cef00459d42e723e3497/screenshot - {}
RESULT: {}
COMMAND: POST /session/0140d377bb50cef00459d42e723e3497/actions - {"actions":[{"id":"action4","type":"key","parameters":{},"actions":[{"type":"keyDown","value":""},{"type":"pause","duration":10},{"type":"keyUp","value":""}]}]}
RESULT: {"actions":[{"id":"action4","type":"key","parameters":{},"actions":[{"type":"keyDown","value":""},{"type":"pause","duration":10},{"type":"keyUp","value":""}]}]}
COMMAND: GET /session/0140d377bb50cef00459d42e723e3497/screenshot - {}
RESULT: {}
COMMAND: POST /session/0140d377bb50cef00459d42e723e3497/element - {"using":"xpath","value":"//input[@id=\"application-managesites-display-component---NewSite--addressDetailDetailsPartner-inner\"]"}
RESULT: {"using":"xpath","value":"//input[@id=\"application-managesites-display-component---NewSite--addressDetailDetailsPartner-inner\"]"}
COMMAND: POST /session/0140d377bb50cef00459d42e723e3497/elements - {"using":"xpath","value":"//input[@id=\"application-managesites-display-component---NewSite--addressDetailDetailsPartner-inner\"]"}
RESULT: {"using":"xpath","value":"//input[@id=\"application-managesites-display-component---NewSite--addressDetailDetailsPartner-inner\"]"}
COMMAND: POST /session/0140d377bb50cef00459d42e723e3497/execute/async - {"script":"<script> [1562 bytes]","args":[{"selector":{"controlType":"sap.m.Button","viewName":"etm.portal.ui.managesites.view.NewSmartSite","viewId":"application-managesites-display-component---NewSite","properties":{"text":"Commercial"},"interaction":{"idSuffix":"BDI-content"}},"wdio_ui5_key":"etmportal.ui.managesites.view.NewSmartSitesap.m.Button{\"text\":\"Commercial\"}"}]}
RESULT: {"script":"<script> [1562 bytes]","args":[{"selector":{"controlType":"sap.m.Button","viewName":"etm.portal.ui.managesites.view.NewSmartSite","viewId":"application-managesites-display-component---NewSite","properties":{"text":"Commercial"},"interaction":{"idSuffix":"BDI-content"}},"wdio_ui5_key":"etmportal.ui.managesites.view.NewSmartSitesap.m.Button{\"text\":\"Commercial\"}"}]}
RESULT: undefined
COMMAND: POST /session/0140d377bb50cef00459d42e723e3497/element - {"using":"xpath","value":"//*[@id=\"application-managesites-display-component---NewSite--ObjectPageLayout-anchBar-__section31-anchor\"]"}
RESULT: {"using":"xpath","value":"//*[@id=\"application-managesites-display-component---NewSite--ObjectPageLayout-anchBar-__section31-anchor\"]"}
COMMAND: POST /session/0140d377bb50cef00459d42e723e3497/element/f.F6BB02432D8D97F36D378B59895A9F69.d.83E235D8F0D22C18AEF70DE66C7DE24E.e.2472/click - {}
RESULT: {}
COMMAND: POST /session/0140d377bb50cef00459d42e723e3497/execute/async - {"script":"<script> [1562 bytes]","args":[{"selector":{"controlType":"sap.m.Button","viewName":"etm.portal.ui.managesites.view.NewSmartSite","viewId":"application-managesites-display-component---NewSite","i18NText":{"propertyName":"text","key":"save"},"interaction":{"idSuffix":"BDI-content"}},"wdio_ui5_key":"etmportal.ui.managesites.view.NewSmartSitesap.m.Button{\"propertyName\":\"text\",\"key\":\"save\"}"}]}
COMMAND: GET /session/0140d377bb50cef00459d42e723e3497/screenshot - {}
RESULT: {"script":"<script> [1562 bytes]","args":[{"selector":{"controlType":"sap.m.Button","viewName":"etm.portal.ui.managesites.view.NewSmartSite","viewId":"application-managesites-display-component---NewSite","i18NText":{"propertyName":"text","key":"save"},"interaction":{"idSuffix":"BDI-content"}},"wdio_ui5_key":"etmportal.ui.managesites.view.NewSmartSitesap.m.Button{\"propertyName\":\"text\",\"key\":\"save\"}"}]}
RESULT: undefined
COMMAND: POST /session/0140d377bb50cef00459d42e723e3497/element - {"using":"xpath","value":"//*[@id=\"__button64\"]"}
RESULT: {}
RESULT: {"using":"xpath","value":"//*[@id=\"__button64\"]"}
COMMAND: POST /session/0140d377bb50cef00459d42e723e3497/element/f.F6BB02432D8D97F36D378B59895A9F69.d.83E235D8F0D22C18AEF70DE66C7DE24E.e.2414/click - {}
RESULT: {}
COMMAND: GET /session/0140d377bb50cef00459d42e723e3497/screenshot - {}
RESULT: {}
COMMAND: POST /session/0140d377bb50cef00459d42e723e3497/execute/async - {"script":"<script> [1562 bytes]","args":[{"selector":{"id":"application-managesites-display-component---detailSite--addressDetailDetailsYardText"},"wdio_ui5_key":"applicationmanagesites-display-component---detailSite--addressDetailDetailsYardText"}]}
RESULT: {"script":"<script> [1562 bytes]","args":[{"selector":{"id":"application-managesites-display-component---detailSite--addressDetailDetailsYardText"},"wdio_ui5_key":"applicationmanagesites-display-component---detailSite--addressDetailDetailsYardText"}]}
RESULT: undefined
COMMAND: POST /session/0140d377bb50cef00459d42e723e3497/element - {"using":"xpath","value":"//header/div/div[2]/div[2]/span"}
RESULT: {"using":"xpath","value":"//header/div/div[2]/div[2]/span"}
COMMAND: GET /session/0140d377bb50cef00459d42e723e3497/element/f.F6BB02432D8D97F36D378B59895A9F69.d.83E235D8F0D22C18AEF70DE66C7DE24E.e.2675/text - {}
RESULT: {}
COMMAND: POST /session/0140d377bb50cef00459d42e723e3497/element - {"using":"xpath","value":"//header/div/div/div/div/div/div[2]/div/span"}
RESULT: {"using":"xpath","value":"//header/div/div/div/div/div/div[2]/div/span"}
COMMAND: GET /session/0140d377bb50cef00459d42e723e3497/element/f.F6BB02432D8D97F36D378B59895A9F69.d.83E235D8F0D22C18AEF70DE66C7DE24E.e.2676/text - {}
RESULT: {}
COMMAND: POST /session/0140d377bb50cef00459d42e723e3497/element - {"using":"css selector","value":"#shell-header-logo"}
RESULT: {"using":"css selector","value":"#shell-header-logo"}
COMMAND: POST /session/0140d377bb50cef00459d42e723e3497/element/f.F6BB02432D8D97F36D378B59895A9F69.d.83E235D8F0D22C18AEF70DE66C7DE24E.e.1842/click - {}
RESULT: {}
COMMAND: GET /session/0140d377bb50cef00459d42e723e3497/screenshot - {}
RESULT: {}
]]></system-out>
    </testcase>
    <testcase classname="chrome.136_0_7103_93.windows.Manage_Requests_Tags_Tests_US120163" name="Should Create New Request Tags" time="214.503">
      <system-out><![CDATA[
COMMAND: POST /session/0140d377bb50cef00459d42e723e3497/execute/async - {"script":"<script> [1562 bytes]","args":[{"selector":{"controlType":"sap.m.GenericTile","properties":{"header":"Manage Requests"}},"wdio_ui5_key":"sapm.GenericTile{\"header\":\"Manage Requests\"}"}]}
RESULT: {"script":"<script> [1562 bytes]","args":[{"selector":{"controlType":"sap.m.GenericTile","properties":{"header":"Manage Requests"}},"wdio_ui5_key":"sapm.GenericTile{\"header\":\"Manage Requests\"}"}]}
RESULT: undefined
COMMAND: POST /session/0140d377bb50cef00459d42e723e3497/element - {"using":"xpath","value":"//*[@id=\"__tile47\"]"}
RESULT: {"using":"xpath","value":"//*[@id=\"__tile47\"]"}
COMMAND: POST /session/0140d377bb50cef00459d42e723e3497/element/f.F6BB02432D8D97F36D378B59895A9F69.d.83E235D8F0D22C18AEF70DE66C7DE24E.e.2678/click - {}
RESULT: {}
COMMAND: GET /session/0140d377bb50cef00459d42e723e3497/screenshot - {}
RESULT: {}
COMMAND: POST /session/0140d377bb50cef00459d42e723e3497/elements - {"using":"xpath","value":"//span[text()='Error']"}
RESULT: {"using":"xpath","value":"//span[text()='Error']"}
COMMAND: POST /session/0140d377bb50cef00459d42e723e3497/element - {"using":"xpath","value":"//button[contains(@data-kt ,\"btnCreateNewOverflowToolbarButton\")]"}
COMMAND: POST /session/0140d377bb50cef00459d42e723e3497/element - {"using":"xpath","value":"(//span[contains(@class ,\"sapMObjStatusText\")])[1]"}
RESULT: {"using":"xpath","value":"//button[contains(@data-kt ,\"btnCreateNewOverflowToolbarButton\")]"}
COMMAND: POST /session/0140d377bb50cef00459d42e723e3497/element/f.F6BB02432D8D97F36D378B59895A9F69.d.83E235D8F0D22C18AEF70DE66C7DE24E.e.2733/click - {}
RESULT: {"using":"xpath","value":"(//span[contains(@class ,\"sapMObjStatusText\")])[1]"}
COMMAND: POST /session/0140d377bb50cef00459d42e723e3497/execute/sync - {"script":"<script> [8489 bytes]","args":[{"element-6066-11e4-a52e-4f735466cecf":"f.F6BB02432D8D97F36D378B59895A9F69.d.83E235D8F0D22C18AEF70DE66C7DE24E.e.2770","ELEMENT":"f.F6BB02432D8D97F36D378B59895A9F69.d.83E235D8F0D22C18AEF70DE66C7DE24E.e.2770"}]}
RESULT: {}
COMMAND: GET /session/0140d377bb50cef00459d42e723e3497/screenshot - {}
RESULT: {"script":"<script> [8489 bytes]","args":[{"element-6066-11e4-a52e-4f735466cecf":"f.F6BB02432D8D97F36D378B59895A9F69.d.83E235D8F0D22C18AEF70DE66C7DE24E.e.2770","ELEMENT":"f.F6BB02432D8D97F36D378B59895A9F69.d.83E235D8F0D22C18AEF70DE66C7DE24E.e.2770"}]}
COMMAND: GET /session/0140d377bb50cef00459d42e723e3497/screenshot - {}
RESULT: {}
RESULT: {}
COMMAND: POST /session/0140d377bb50cef00459d42e723e3497/element - {"using":"xpath","value":"//input[contains(@id ,\"yardId-inner\")]"}
RESULT: {"using":"xpath","value":"//input[contains(@id ,\"yardId-inner\")]"}
COMMAND: POST /session/0140d377bb50cef00459d42e723e3497/execute/sync - {"script":"<script> [8489 bytes]","args":[{"element-6066-11e4-a52e-4f735466cecf":"f.F6BB02432D8D97F36D378B59895A9F69.d.83E235D8F0D22C18AEF70DE66C7DE24E.e.2851","ELEMENT":"f.F6BB02432D8D97F36D378B59895A9F69.d.83E235D8F0D22C18AEF70DE66C7DE24E.e.2851"}]}
RESULT: {"script":"<script> [8489 bytes]","args":[{"element-6066-11e4-a52e-4f735466cecf":"f.F6BB02432D8D97F36D378B59895A9F69.d.83E235D8F0D22C18AEF70DE66C7DE24E.e.2851","ELEMENT":"f.F6BB02432D8D97F36D378B59895A9F69.d.83E235D8F0D22C18AEF70DE66C7DE24E.e.2851"}]}
COMMAND: POST /session/0140d377bb50cef00459d42e723e3497/element - {"using":"xpath","value":"//input[contains(@id ,\"yardId-inner\")]"}
COMMAND: GET /session/0140d377bb50cef00459d42e723e3497/screenshot - {}
RESULT: {}
RESULT: {"using":"xpath","value":"//input[contains(@id ,\"yardId-inner\")]"}
COMMAND: GET /session/0140d377bb50cef00459d42e723e3497/element/f.F6BB02432D8D97F36D378B59895A9F69.d.83E235D8F0D22C18AEF70DE66C7DE24E.e.2851/enabled - {}
RESULT: {}
COMMAND: POST /session/0140d377bb50cef00459d42e723e3497/element/f.F6BB02432D8D97F36D378B59895A9F69.d.83E235D8F0D22C18AEF70DE66C7DE24E.e.2851/clear - {}
COMMAND: GET /session/0140d377bb50cef00459d42e723e3497/screenshot - {}
RESULT: {}
COMMAND: POST /session/0140d377bb50cef00459d42e723e3497/element/f.F6BB02432D8D97F36D378B59895A9F69.d.83E235D8F0D22C18AEF70DE66C7DE24E.e.2851/value - {"text":"WebdriverYard1mlab"}
COMMAND: GET /session/0140d377bb50cef00459d42e723e3497/screenshot - {}
RESULT: {}
RESULT: {"text":"WebdriverYard1mlab"}
COMMAND: GET /session/0140d377bb50cef00459d42e723e3497/screenshot - {}
RESULT: {}
RESULT: {}
COMMAND: POST /session/0140d377bb50cef00459d42e723e3497/element - {"using":"xpath","value":"//input[contains(@id ,\"customerNumber-inner\")]"}
RESULT: {"using":"xpath","value":"//input[contains(@id ,\"customerNumber-inner\")]"}
COMMAND: POST /session/0140d377bb50cef00459d42e723e3497/element/f.F6BB02432D8D97F36D378B59895A9F69.d.83E235D8F0D22C18AEF70DE66C7DE24E.e.2845/value - {"text":"WebdriverPartneryg097"}
RESULT: {"text":"WebdriverPartneryg097"}
COMMAND: GET /session/0140d377bb50cef00459d42e723e3497/screenshot - {}
COMMAND: POST /session/0140d377bb50cef00459d42e723e3497/actions - {"actions":[{"id":"action5","type":"key","parameters":{},"actions":[{"type":"keyDown","value":""},{"type":"pause","duration":10},{"type":"keyUp","value":""}]}]}
RESULT: {}
RESULT: {"actions":[{"id":"action5","type":"key","parameters":{},"actions":[{"type":"keyDown","value":""},{"type":"pause","duration":10},{"type":"keyUp","value":""}]}]}
COMMAND: GET /session/0140d377bb50cef00459d42e723e3497/screenshot - {}
RESULT: {}
COMMAND: POST /session/0140d377bb50cef00459d42e723e3497/element/f.F6BB02432D8D97F36D378B59895A9F69.d.83E235D8F0D22C18AEF70DE66C7DE24E.e.2851/clear - {}
RESULT: {}
COMMAND: POST /session/0140d377bb50cef00459d42e723e3497/element/f.F6BB02432D8D97F36D378B59895A9F69.d.83E235D8F0D22C18AEF70DE66C7DE24E.e.2851/clear - {}
COMMAND: GET /session/0140d377bb50cef00459d42e723e3497/screenshot - {}
RESULT: {}
COMMAND: POST /session/0140d377bb50cef00459d42e723e3497/element/f.F6BB02432D8D97F36D378B59895A9F69.d.83E235D8F0D22C18AEF70DE66C7DE24E.e.2851/value - {"text":"WebdriverYard1mlab"}
COMMAND: GET /session/0140d377bb50cef00459d42e723e3497/screenshot - {}
RESULT: {}
RESULT: {"text":"WebdriverYard1mlab"}
COMMAND: GET /session/0140d377bb50cef00459d42e723e3497/screenshot - {}
COMMAND: POST /session/0140d377bb50cef00459d42e723e3497/actions - {"actions":[{"id":"action6","type":"key","parameters":{},"actions":[{"type":"keyDown","value":""},{"type":"pause","duration":10},{"type":"keyUp","value":""}]}]}
RESULT: {}
RESULT: {}
RESULT: {"actions":[{"id":"action6","type":"key","parameters":{},"actions":[{"type":"keyDown","value":""},{"type":"pause","duration":10},{"type":"keyUp","value":""}]}]}
COMMAND: GET /session/0140d377bb50cef00459d42e723e3497/screenshot - {}
RESULT: {}
COMMAND: GET /session/0140d377bb50cef00459d42e723e3497/element/f.F6BB02432D8D97F36D378B59895A9F69.d.83E235D8F0D22C18AEF70DE66C7DE24E.e.2845/property/value - {}
RESULT: {}
COMMAND: POST /session/0140d377bb50cef00459d42e723e3497/element/f.F6BB02432D8D97F36D378B59895A9F69.d.83E235D8F0D22C18AEF70DE66C7DE24E.e.2845/clear - {}
COMMAND: GET /session/0140d377bb50cef00459d42e723e3497/screenshot - {}
RESULT: {}
COMMAND: GET /session/0140d377bb50cef00459d42e723e3497/screenshot - {}
COMMAND: POST /session/0140d377bb50cef00459d42e723e3497/actions - {"actions":[{"id":"action7","type":"key","parameters":{},"actions":[{"type":"keyDown","value":""},{"type":"pause","duration":10},{"type":"keyUp","value":""}]}]}
RESULT: {}
RESULT: {}
RESULT: {"actions":[{"id":"action7","type":"key","parameters":{},"actions":[{"type":"keyDown","value":""},{"type":"pause","duration":10},{"type":"keyUp","value":""}]}]}
COMMAND: GET /session/0140d377bb50cef00459d42e723e3497/screenshot - {}
RESULT: {}
COMMAND: POST /session/0140d377bb50cef00459d42e723e3497/element/f.F6BB02432D8D97F36D378B59895A9F69.d.83E235D8F0D22C18AEF70DE66C7DE24E.e.2845/value - {"text":"WebdriverPartneryg097"}
RESULT: {"text":"WebdriverPartneryg097"}
COMMAND: GET /session/0140d377bb50cef00459d42e723e3497/screenshot - {}
RESULT: {}
COMMAND: POST /session/0140d377bb50cef00459d42e723e3497/actions - {"actions":[{"id":"action8","type":"key","parameters":{},"actions":[{"type":"keyDown","value":""},{"type":"pause","duration":10},{"type":"keyUp","value":""}]}]}
RESULT: {"actions":[{"id":"action8","type":"key","parameters":{},"actions":[{"type":"keyDown","value":""},{"type":"pause","duration":10},{"type":"keyUp","value":""}]}]}
COMMAND: GET /session/0140d377bb50cef00459d42e723e3497/screenshot - {}
RESULT: {}
COMMAND: POST /session/0140d377bb50cef00459d42e723e3497/element - {"using":"xpath","value":"//input[contains(@id ,\"requestSiteId-inner\")]"}
RESULT: {"using":"xpath","value":"//input[contains(@id ,\"requestSiteId-inner\")]"}
COMMAND: POST /session/0140d377bb50cef00459d42e723e3497/element/f.F6BB02432D8D97F36D378B59895A9F69.d.83E235D8F0D22C18AEF70DE66C7DE24E.e.2844/value - {"text":"WebdriverSite46gcbi"}
RESULT: {"text":"WebdriverSite46gcbi"}
COMMAND: GET /session/0140d377bb50cef00459d42e723e3497/screenshot - {}
RESULT: {}
COMMAND: POST /session/0140d377bb50cef00459d42e723e3497/actions - {"actions":[{"id":"action9","type":"key","parameters":{},"actions":[{"type":"keyDown","value":""},{"type":"pause","duration":10},{"type":"keyUp","value":""}]}]}
RESULT: {"actions":[{"id":"action9","type":"key","parameters":{},"actions":[{"type":"keyDown","value":""},{"type":"pause","duration":10},{"type":"keyUp","value":""}]}]}
COMMAND: GET /session/0140d377bb50cef00459d42e723e3497/screenshot - {}
RESULT: {}
COMMAND: POST /session/0140d377bb50cef00459d42e723e3497/execute/async - {"script":"<script> [1562 bytes]","args":[{"selector":{"controlType":"sap.m.Input","viewName":"etm.portal.ui.managerequests.view.NewRequest","bindingPath":{"path":"","propertyPath":"/DESCRIPTION","modelName":"oNewRequestModel"},"interaction":{"idSuffix":"inner"}},"wdio_ui5_key":"etmportal.ui.managerequests.view.NewRequestsap.m.Input{\"path\":\"\",\"propertyPath\":\"/DESCRIPTION\",\"modelName\":\"oNewRequestModel\"}"}]}
RESULT: {"script":"<script> [1562 bytes]","args":[{"selector":{"controlType":"sap.m.Input","viewName":"etm.portal.ui.managerequests.view.NewRequest","bindingPath":{"path":"","propertyPath":"/DESCRIPTION","modelName":"oNewRequestModel"},"interaction":{"idSuffix":"inner"}},"wdio_ui5_key":"etmportal.ui.managerequests.view.NewRequestsap.m.Input{\"path\":\"\",\"propertyPath\":\"/DESCRIPTION\",\"modelName\":\"oNewRequestModel\"}"}]}
RESULT: undefined
COMMAND: POST /session/0140d377bb50cef00459d42e723e3497/execute/async - {"script":"<script> [776 bytes]","args":[{"enterText":"Wdi5 Tags Test","selector":{"controlType":"sap.m.Input","viewName":"etm.portal.ui.managerequests.view.NewRequest","bindingPath":{"path":"","propertyPath":"/DESCRIPTION","modelName":"oNewRequestModel"},"interaction":{"idSuffix":"inner"}},"clearTextFirst":true,"interactionType":"ENTER_TEXT"}]}
RESULT: {"script":"<script> [776 bytes]","args":[{"enterText":"Wdi5 Tags Test","selector":{"controlType":"sap.m.Input","viewName":"etm.portal.ui.managerequests.view.NewRequest","bindingPath":{"path":"","propertyPath":"/DESCRIPTION","modelName":"oNewRequestModel"},"interaction":{"idSuffix":"inner"}},"clearTextFirst":true,"interactionType":"ENTER_TEXT"}]}
COMMAND: POST /session/0140d377bb50cef00459d42e723e3497/execute/async - {"script":"<script> [1562 bytes]","args":[{"selector":{"id":"tagInputAdd","viewName":"etm.portal.ui.managerequests.view.NewRequest","interaction":{"idSuffix":"inner"}},"wdio_ui5_key":"tagInputAddetmportal.ui.managerequests.view.NewRequest"}]}
RESULT: {"script":"<script> [1562 bytes]","args":[{"selector":{"id":"tagInputAdd","viewName":"etm.portal.ui.managerequests.view.NewRequest","interaction":{"idSuffix":"inner"}},"wdio_ui5_key":"tagInputAddetmportal.ui.managerequests.view.NewRequest"}]}
RESULT: undefined
COMMAND: POST /session/0140d377bb50cef00459d42e723e3497/execute/async - {"script":"<script> [776 bytes]","args":[{"enterText":"RefTag","selector":{"id":"tagInputAdd","viewName":"etm.portal.ui.managerequests.view.NewRequest","interaction":{"idSuffix":"inner"}},"clearTextFirst":true,"interactionType":"ENTER_TEXT"}]}
RESULT: {"script":"<script> [776 bytes]","args":[{"enterText":"RefTag","selector":{"id":"tagInputAdd","viewName":"etm.portal.ui.managerequests.view.NewRequest","interaction":{"idSuffix":"inner"}},"clearTextFirst":true,"interactionType":"ENTER_TEXT"}]}
COMMAND: POST /session/0140d377bb50cef00459d42e723e3497/actions - {"actions":[{"id":"action10","type":"key","parameters":{},"actions":[{"type":"keyDown","value":""},{"type":"pause","duration":10},{"type":"keyUp","value":""}]}]}
RESULT: {"actions":[{"id":"action10","type":"key","parameters":{},"actions":[{"type":"keyDown","value":""},{"type":"pause","duration":10},{"type":"keyUp","value":""}]}]}
COMMAND: GET /session/0140d377bb50cef00459d42e723e3497/screenshot - {}
RESULT: {}
RESULT: undefined
COMMAND: POST /session/0140d377bb50cef00459d42e723e3497/execute/async - {"script":"<script> [776 bytes]","args":[{"enterText":"tag-header","selector":{"id":"tagInputAdd","viewName":"etm.portal.ui.managerequests.view.NewRequest","interaction":{"idSuffix":"inner"}},"clearTextFirst":true,"interactionType":"ENTER_TEXT"}]}
RESULT: {"script":"<script> [776 bytes]","args":[{"enterText":"tag-header","selector":{"id":"tagInputAdd","viewName":"etm.portal.ui.managerequests.view.NewRequest","interaction":{"idSuffix":"inner"}},"clearTextFirst":true,"interactionType":"ENTER_TEXT"}]}
COMMAND: POST /session/0140d377bb50cef00459d42e723e3497/actions - {"actions":[{"id":"action11","type":"key","parameters":{},"actions":[{"type":"keyDown","value":""},{"type":"pause","duration":10},{"type":"keyUp","value":""}]}]}
RESULT: {"actions":[{"id":"action11","type":"key","parameters":{},"actions":[{"type":"keyDown","value":""},{"type":"pause","duration":10},{"type":"keyUp","value":""}]}]}
COMMAND: GET /session/0140d377bb50cef00459d42e723e3497/screenshot - {}
RESULT: {}
RESULT: undefined
COMMAND: POST /session/0140d377bb50cef00459d42e723e3497/execute/async - {"script":"<script> [776 bytes]","args":[{"enterText":"tag-duplicate","selector":{"id":"tagInputAdd","viewName":"etm.portal.ui.managerequests.view.NewRequest","interaction":{"idSuffix":"inner"}},"clearTextFirst":true,"interactionType":"ENTER_TEXT"}]}
RESULT: {"script":"<script> [776 bytes]","args":[{"enterText":"tag-duplicate","selector":{"id":"tagInputAdd","viewName":"etm.portal.ui.managerequests.view.NewRequest","interaction":{"idSuffix":"inner"}},"clearTextFirst":true,"interactionType":"ENTER_TEXT"}]}
COMMAND: POST /session/0140d377bb50cef00459d42e723e3497/actions - {"actions":[{"id":"action12","type":"key","parameters":{},"actions":[{"type":"keyDown","value":""},{"type":"pause","duration":10},{"type":"keyUp","value":""}]}]}
RESULT: {"actions":[{"id":"action12","type":"key","parameters":{},"actions":[{"type":"keyDown","value":""},{"type":"pause","duration":10},{"type":"keyUp","value":""}]}]}
COMMAND: GET /session/0140d377bb50cef00459d42e723e3497/screenshot - {}
RESULT: {}
COMMAND: POST /session/0140d377bb50cef00459d42e723e3497/execute/async - {"script":"<script> [1562 bytes]","args":[{"selector":{"id":"tagsLayoutAdd","viewName":"etm.portal.ui.managerequests.view.NewRequest"},"wdio_ui5_key":"tagsLayoutAddetmportal.ui.managerequests.view.NewRequest"}]}
RESULT: {"script":"<script> [1562 bytes]","args":[{"selector":{"id":"tagsLayoutAdd","viewName":"etm.portal.ui.managerequests.view.NewRequest"},"wdio_ui5_key":"tagsLayoutAddetmportal.ui.managerequests.view.NewRequest"}]}
RESULT: undefined
COMMAND: POST /session/0140d377bb50cef00459d42e723e3497/execute/async - {"script":"<script> [6424 bytes]","args":[{"element-6066-11e4-a52e-4f735466cecf":"f.F6BB02432D8D97F36D378B59895A9F69.d.83E235D8F0D22C18AEF70DE66C7DE24E.e.2997"},"getTokens",[]]}
RESULT: {"script":"<script> [6424 bytes]","args":[{"element-6066-11e4-a52e-4f735466cecf":"f.F6BB02432D8D97F36D378B59895A9F69.d.83E235D8F0D22C18AEF70DE66C7DE24E.e.2997"},"getTokens",[]]}
COMMAND: POST /session/0140d377bb50cef00459d42e723e3497/execute/async - {"script":"<script> [1562 bytes]","args":[{"wdio_ui5_key":"__token9","selector":{"id":"__token9"}}]}
COMMAND: POST /session/0140d377bb50cef00459d42e723e3497/execute/async - {"script":"<script> [1562 bytes]","args":[{"wdio_ui5_key":"__token10","selector":{"id":"__token10"}}]}
COMMAND: POST /session/0140d377bb50cef00459d42e723e3497/execute/async - {"script":"<script> [1562 bytes]","args":[{"wdio_ui5_key":"__token8","selector":{"id":"__token8"}}]}
RESULT: {"script":"<script> [1562 bytes]","args":[{"wdio_ui5_key":"__token9","selector":{"id":"__token9"}}]}
RESULT: undefined
RESULT: {"script":"<script> [1562 bytes]","args":[{"wdio_ui5_key":"__token10","selector":{"id":"__token10"}}]}
RESULT: undefined
RESULT: {"script":"<script> [1562 bytes]","args":[{"wdio_ui5_key":"__token8","selector":{"id":"__token8"}}]}
RESULT: undefined
COMMAND: POST /session/0140d377bb50cef00459d42e723e3497/execute/async - {"script":"<script> [1562 bytes]","args":[{"selector":{"controlType":"sap.ui.core.Icon","viewName":"etm.portal.ui.managerequests.view.NewRequest","properties":{"src":{"regex":{"source":"decline"}}},"ancestor":{"controlType":"sap.m.Token","viewName":"etm.portal.ui.managerequests.view.NewRequest","properties":{"text":"tag-duplicate"}}},"wdio_ui5_key":"etmportal.ui.managerequests.view.NewRequestsap.ui.core.Icon{\"src\":{\"regex\":{\"source\":\"decline\"}}}{\"controlType\":\"sap.m.Token\",\"viewName\":\"etm.portal.ui.managerequests.view.NewRequest\",\"properties\":{\"text\":\"tag-duplicate\"}}"}]}
RESULT: {"script":"<script> [1562 bytes]","args":[{"selector":{"controlType":"sap.ui.core.Icon","viewName":"etm.portal.ui.managerequests.view.NewRequest","properties":{"src":{"regex":{"source":"decline"}}},"ancestor":{"controlType":"sap.m.Token","viewName":"etm.portal.ui.managerequests.view.NewRequest","properties":{"text":"tag-duplicate"}}},"wdio_ui5_key":"etmportal.ui.managerequests.view.NewRequestsap.ui.core.Icon{\"src\":{\"regex\":{\"source\":\"decline\"}}}{\"controlType\":\"sap.m.Token\",\"viewName\":\"etm.portal.ui.managerequests.view.NewRequest\",\"properties\":{\"text\":\"tag-duplicate\"}}"}]}
RESULT: undefined
COMMAND: POST /session/0140d377bb50cef00459d42e723e3497/element - {"using":"xpath","value":"//*[@id=\"__token10-icon\"]"}
RESULT: {"using":"xpath","value":"//*[@id=\"__token10-icon\"]"}
COMMAND: POST /session/0140d377bb50cef00459d42e723e3497/element/f.F6BB02432D8D97F36D378B59895A9F69.d.83E235D8F0D22C18AEF70DE66C7DE24E.e.3026/click - {}
RESULT: {}
COMMAND: POST /session/0140d377bb50cef00459d42e723e3497/execute/async - {"script":"<script> [1562 bytes]","args":[{"selector":{"controlType":"sap.ui.core.Icon","viewName":"etm.portal.ui.managerequests.view.NewRequest","properties":{"src":{"regex":{"source":"decline"}}},"ancestor":{"controlType":"sap.m.Token","viewName":"etm.portal.ui.managerequests.view.NewRequest","properties":{"text":"tag1"}}},"wdio_ui5_key":"etmportal.ui.managerequests.view.NewRequestsap.ui.core.Icon{\"src\":{\"regex\":{\"source\":\"decline\"}}}{\"controlType\":\"sap.m.Token\",\"viewName\":\"etm.portal.ui.managerequests.view.NewRequest\",\"properties\":{\"text\":\"tag1\"}}"}]}
COMMAND: GET /session/0140d377bb50cef00459d42e723e3497/screenshot - {}
RESULT: {"script":"<script> [1562 bytes]","args":[{"selector":{"controlType":"sap.ui.core.Icon","viewName":"etm.portal.ui.managerequests.view.NewRequest","properties":{"src":{"regex":{"source":"decline"}}},"ancestor":{"controlType":"sap.m.Token","viewName":"etm.portal.ui.managerequests.view.NewRequest","properties":{"text":"tag1"}}},"wdio_ui5_key":"etmportal.ui.managerequests.view.NewRequestsap.ui.core.Icon{\"src\":{\"regex\":{\"source\":\"decline\"}}}{\"controlType\":\"sap.m.Token\",\"viewName\":\"etm.portal.ui.managerequests.view.NewRequest\",\"properties\":{\"text\":\"tag1\"}}"}]}
RESULT: undefined
RESULT: {}
COMMAND: POST /session/0140d377bb50cef00459d42e723e3497/actions - {"actions":[{"id":"action13","type":"key","parameters":{},"actions":[{"type":"keyDown","value":""},{"type":"pause","duration":10},{"type":"keyUp","value":""}]}]}
RESULT: {"actions":[{"id":"action13","type":"key","parameters":{},"actions":[{"type":"keyDown","value":""},{"type":"pause","duration":10},{"type":"keyUp","value":""}]}]}
COMMAND: GET /session/0140d377bb50cef00459d42e723e3497/screenshot - {}
RESULT: {}
RESULT: undefined
COMMAND: POST /session/0140d377bb50cef00459d42e723e3497/execute/async - {"script":"<script> [6424 bytes]","args":[{"element-6066-11e4-a52e-4f735466cecf":"f.F6BB02432D8D97F36D378B59895A9F69.d.83E235D8F0D22C18AEF70DE66C7DE24E.e.2997"},"getTokens",[]]}
RESULT: {"script":"<script> [6424 bytes]","args":[{"element-6066-11e4-a52e-4f735466cecf":"f.F6BB02432D8D97F36D378B59895A9F69.d.83E235D8F0D22C18AEF70DE66C7DE24E.e.2997"},"getTokens",[]]}
RESULT: undefined
RESULT: undefined
COMMAND: POST /session/0140d377bb50cef00459d42e723e3497/execute/async - {"script":"<script> [1562 bytes]","args":[{"selector":{"controlType":"sap.m.Button","viewName":"etm.portal.ui.managerequests.view.NewRequest","properties":{"text":"Items"},"interaction":{"idSuffix":"BDI-content"}},"wdio_ui5_key":"etmportal.ui.managerequests.view.NewRequestsap.m.Button{\"text\":\"Items\"}"}]}
RESULT: {"script":"<script> [1562 bytes]","args":[{"selector":{"controlType":"sap.m.Button","viewName":"etm.portal.ui.managerequests.view.NewRequest","properties":{"text":"Items"},"interaction":{"idSuffix":"BDI-content"}},"wdio_ui5_key":"etmportal.ui.managerequests.view.NewRequestsap.m.Button{\"text\":\"Items\"}"}]}
RESULT: undefined
COMMAND: POST /session/0140d377bb50cef00459d42e723e3497/element - {"using":"xpath","value":"//*[@id=\"__xmlview59--newRequestPage-anchBar-__xmlview59--requestItemsSection-anchor\"]"}
RESULT: {"using":"xpath","value":"//*[@id=\"__xmlview59--newRequestPage-anchBar-__xmlview59--requestItemsSection-anchor\"]"}
COMMAND: POST /session/0140d377bb50cef00459d42e723e3497/element/f.F6BB02432D8D97F36D378B59895A9F69.d.83E235D8F0D22C18AEF70DE66C7DE24E.e.3033/click - {}
RESULT: {}
COMMAND: GET /session/0140d377bb50cef00459d42e723e3497/screenshot - {}
RESULT: {}
COMMAND: POST /session/0140d377bb50cef00459d42e723e3497/execute/async - {"script":"<script> [1562 bytes]","args":[{"selector":{"controlType":"sap.ui.core.Icon","viewName":"etm.portal.ui.managerequests.view.NewRequest","properties":{"src":{"regex":{"source":"inspect"}}}},"wdio_ui5_key":"etmportal.ui.managerequests.view.NewRequestsap.ui.core.Icon{\"src\":{\"regex\":{\"source\":\"inspect\"}}}"}]}
RESULT: {"script":"<script> [1562 bytes]","args":[{"selector":{"controlType":"sap.ui.core.Icon","viewName":"etm.portal.ui.managerequests.view.NewRequest","properties":{"src":{"regex":{"source":"inspect"}}}},"wdio_ui5_key":"etmportal.ui.managerequests.view.NewRequestsap.ui.core.Icon{\"src\":{\"regex\":{\"source\":\"inspect\"}}}"}]}
RESULT: undefined
COMMAND: POST /session/0140d377bb50cef00459d42e723e3497/element - {"using":"xpath","value":"//*[@id=\"__button114-img\"]"}
RESULT: {"using":"xpath","value":"//*[@id=\"__button114-img\"]"}
COMMAND: POST /session/0140d377bb50cef00459d42e723e3497/element/f.F6BB02432D8D97F36D378B59895A9F69.d.83E235D8F0D22C18AEF70DE66C7DE24E.e.3038/click - {}
RESULT: {}
COMMAND: GET /session/0140d377bb50cef00459d42e723e3497/screenshot - {}
RESULT: {}
COMMAND: POST /session/0140d377bb50cef00459d42e723e3497/execute/async - {"script":"<script> [1562 bytes]","args":[{"selector":{"controlType":"sap.ui.core.Icon","viewName":"etm.portal.ui.managerequests.view.NewRequest","properties":{"src":{"regex":{"source":"add"}}}},"wdio_ui5_key":"etmportal.ui.managerequests.view.NewRequestsap.ui.core.Icon{\"src\":{\"regex\":{\"source\":\"add\"}}}"}]}
RESULT: {"script":"<script> [1562 bytes]","args":[{"selector":{"controlType":"sap.ui.core.Icon","viewName":"etm.portal.ui.managerequests.view.NewRequest","properties":{"src":{"regex":{"source":"add"}}}},"wdio_ui5_key":"etmportal.ui.managerequests.view.NewRequestsap.ui.core.Icon{\"src\":{\"regex\":{\"source\":\"add\"}}}"}]}
RESULT: undefined
COMMAND: POST /session/0140d377bb50cef00459d42e723e3497/element - {"using":"xpath","value":"//*[@id=\"__xmlview59--btnAddTableRow-img\"]"}
RESULT: {"using":"xpath","value":"//*[@id=\"__xmlview59--btnAddTableRow-img\"]"}
COMMAND: POST /session/0140d377bb50cef00459d42e723e3497/element/f.F6BB02432D8D97F36D378B59895A9F69.d.83E235D8F0D22C18AEF70DE66C7DE24E.e.3046/click - {}
RESULT: {}
COMMAND: GET /session/0140d377bb50cef00459d42e723e3497/screenshot - {}
RESULT: {}
COMMAND: POST /session/0140d377bb50cef00459d42e723e3497/execute/async - {"script":"<script> [1562 bytes]","args":[{"selector":{"controlType":"sap.ui.unified.MenuItem","viewName":"etm.portal.ui.managerequests.view.NewRequest","i18NText":{"propertyName":"text","key":"standardEntry"},"searchOpenDialogs":true,"interaction":{"idSuffix":"txt"}},"wdio_ui5_key":"etmportal.ui.managerequests.view.NewRequestsap.ui.unified.MenuItem{\"propertyName\":\"text\",\"key\":\"standardEntry\"}"}]}
RESULT: {"script":"<script> [1562 bytes]","args":[{"selector":{"controlType":"sap.ui.unified.MenuItem","viewName":"etm.portal.ui.managerequests.view.NewRequest","i18NText":{"propertyName":"text","key":"standardEntry"},"searchOpenDialogs":true,"interaction":{"idSuffix":"txt"}},"wdio_ui5_key":"etmportal.ui.managerequests.view.NewRequestsap.ui.unified.MenuItem{\"propertyName\":\"text\",\"key\":\"standardEntry\"}"}]}
RESULT: undefined
COMMAND: POST /session/0140d377bb50cef00459d42e723e3497/element - {"using":"xpath","value":"//*[@id=\"__item1657\"]"}
RESULT: {"using":"xpath","value":"//*[@id=\"__item1657\"]"}
COMMAND: POST /session/0140d377bb50cef00459d42e723e3497/element/f.F6BB02432D8D97F36D378B59895A9F69.d.83E235D8F0D22C18AEF70DE66C7DE24E.e.3049/click - {}
RESULT: {}
COMMAND: GET /session/0140d377bb50cef00459d42e723e3497/screenshot - {}
RESULT: {}
RESULT: undefined
COMMAND: POST /session/0140d377bb50cef00459d42e723e3497/element - {"using":"xpath","value":"//*[@id=\"__xmlview59--btnAddTableRow-img\"]"}
RESULT: {"using":"xpath","value":"//*[@id=\"__xmlview59--btnAddTableRow-img\"]"}
COMMAND: POST /session/0140d377bb50cef00459d42e723e3497/element/f.F6BB02432D8D97F36D378B59895A9F69.d.83E235D8F0D22C18AEF70DE66C7DE24E.e.3046/click - {}
RESULT: {}
COMMAND: GET /session/0140d377bb50cef00459d42e723e3497/screenshot - {}
RESULT: {}
RESULT: undefined
COMMAND: POST /session/0140d377bb50cef00459d42e723e3497/element - {"using":"xpath","value":"//*[@id=\"__item1657\"]"}
RESULT: {"using":"xpath","value":"//*[@id=\"__item1657\"]"}
COMMAND: POST /session/0140d377bb50cef00459d42e723e3497/element/f.F6BB02432D8D97F36D378B59895A9F69.d.83E235D8F0D22C18AEF70DE66C7DE24E.e.3070/click - {}
RESULT: {}
COMMAND: GET /session/0140d377bb50cef00459d42e723e3497/screenshot - {}
RESULT: {}
COMMAND: POST /session/0140d377bb50cef00459d42e723e3497/element - {"using":"xpath","value":"(//input[contains(@id ,\"requestItemsTable-0-inner\")])[5]"}
RESULT: {"using":"xpath","value":"(//input[contains(@id ,\"requestItemsTable-0-inner\")])[5]"}
COMMAND: POST /session/0140d377bb50cef00459d42e723e3497/element/f.F6BB02432D8D97F36D378B59895A9F69.d.83E235D8F0D22C18AEF70DE66C7DE24E.e.3061/clear - {}
RESULT: {}
COMMAND: POST /session/0140d377bb50cef00459d42e723e3497/element/f.F6BB02432D8D97F36D378B59895A9F69.d.83E235D8F0D22C18AEF70DE66C7DE24E.e.3061/value - {"text":"1000001"}
COMMAND: GET /session/0140d377bb50cef00459d42e723e3497/screenshot - {}
RESULT: {"text":"1000001"}
COMMAND: GET /session/0140d377bb50cef00459d42e723e3497/screenshot - {}
RESULT: {}
RESULT: {}
COMMAND: POST /session/0140d377bb50cef00459d42e723e3497/actions - {"actions":[{"id":"action14","type":"key","parameters":{},"actions":[{"type":"keyDown","value":""},{"type":"pause","duration":10},{"type":"keyUp","value":""}]}]}
RESULT: {"actions":[{"id":"action14","type":"key","parameters":{},"actions":[{"type":"keyDown","value":""},{"type":"pause","duration":10},{"type":"keyUp","value":""}]}]}
COMMAND: POST /session/0140d377bb50cef00459d42e723e3497/element - {"using":"xpath","value":"(//input[contains(@id ,\"requestItemsTable-1-inner\")])[5]"}
COMMAND: GET /session/0140d377bb50cef00459d42e723e3497/screenshot - {}
RESULT: {"using":"xpath","value":"(//input[contains(@id ,\"requestItemsTable-1-inner\")])[5]"}
COMMAND: POST /session/0140d377bb50cef00459d42e723e3497/element/f.F6BB02432D8D97F36D378B59895A9F69.d.83E235D8F0D22C18AEF70DE66C7DE24E.e.3076/clear - {}
RESULT: {}
RESULT: {}
COMMAND: POST /session/0140d377bb50cef00459d42e723e3497/element/f.F6BB02432D8D97F36D378B59895A9F69.d.83E235D8F0D22C18AEF70DE66C7DE24E.e.3076/value - {"text":"1000002"}
COMMAND: GET /session/0140d377bb50cef00459d42e723e3497/screenshot - {}
RESULT: {"text":"1000002"}
COMMAND: GET /session/0140d377bb50cef00459d42e723e3497/screenshot - {}
RESULT: {}
RESULT: {}
COMMAND: POST /session/0140d377bb50cef00459d42e723e3497/actions - {"actions":[{"id":"action15","type":"key","parameters":{},"actions":[{"type":"keyDown","value":""},{"type":"pause","duration":10},{"type":"keyUp","value":""}]}]}
RESULT: {"actions":[{"id":"action15","type":"key","parameters":{},"actions":[{"type":"keyDown","value":""},{"type":"pause","duration":10},{"type":"keyUp","value":""}]}]}
COMMAND: POST /session/0140d377bb50cef00459d42e723e3497/execute/async - {"script":"<script> [1562 bytes]","args":[{"selector":{"controlType":"sap.m.Input","viewName":"etm.portal.ui.managerequests.view.NewRequest","bindingPath":{"path":"","propertyPath":"/Tags","modelName":"catalogModel"},"ancestor":{"controlType":"sap.m.ColumnListItem","viewName":"etm.portal.ui.managerequests.view.NewRequest","bindingPath":{"modelName":"newRequestItems","path":"/RequestItems/0"},"ancestor":{"id":"requestItemsTable","viewName":"etm.portal.ui.managerequests.view.NewRequest"}},"interaction":{"idSuffix":"inner"}},"wdio_ui5_key":"etmportal.ui.managerequests.view.NewRequestsap.m.Input{\"path\":\"\",\"propertyPath\":\"/Tags\",\"modelName\":\"catalogModel\"}{\"controlType\":\"sap.m.ColumnListItem\",\"viewName\":\"etm.portal.ui.managerequests.view.NewRequest\",\"bindingPath\":{\"modelName\":\"newRequestItems\",\"path\":\"/RequestItems/0\"},\"ancestor\":{\"id\":\"requestItemsTable\",\"viewName\":\"etm.portal.ui.managerequests.view.NewRequest\"}}"}]}
COMMAND: GET /session/0140d377bb50cef00459d42e723e3497/screenshot - {}
RESULT: {"script":"<script> [1562 bytes]","args":[{"selector":{"controlType":"sap.m.Input","viewName":"etm.portal.ui.managerequests.view.NewRequest","bindingPath":{"path":"","propertyPath":"/Tags","modelName":"catalogModel"},"ancestor":{"controlType":"sap.m.ColumnListItem","viewName":"etm.portal.ui.managerequests.view.NewRequest","bindingPath":{"modelName":"newRequestItems","path":"/RequestItems/0"},"ancestor":{"id":"requestItemsTable","viewName":"etm.portal.ui.managerequests.view.NewRequest"}},"interaction":{"idSuffix":"inner"}},"wdio_ui5_key":"etmportal.ui.managerequests.view.NewRequestsap.m.Input{\"path\":\"\",\"propertyPath\":\"/Tags\",\"modelName\":\"catalogModel\"}{\"controlType\":\"sap.m.ColumnListItem\",\"viewName\":\"etm.portal.ui.managerequests.view.NewRequest\",\"bindingPath\":{\"modelName\":\"newRequestItems\",\"path\":\"/RequestItems/0\"},\"ancestor\":{\"id\":\"requestItemsTable\",\"viewName\":\"etm.portal.ui.managerequests.view.NewRequest\"}}"}]}
RESULT: undefined
COMMAND: POST /session/0140d377bb50cef00459d42e723e3497/execute/async - {"script":"<script> [776 bytes]","args":[{"enterText":"tag1","selector":{"controlType":"sap.m.Input","viewName":"etm.portal.ui.managerequests.view.NewRequest","bindingPath":{"path":"","propertyPath":"/Tags","modelName":"catalogModel"},"ancestor":{"controlType":"sap.m.ColumnListItem","viewName":"etm.portal.ui.managerequests.view.NewRequest","bindingPath":{"modelName":"newRequestItems","path":"/RequestItems/0"},"ancestor":{"id":"requestItemsTable","viewName":"etm.portal.ui.managerequests.view.NewRequest"}},"interaction":{"idSuffix":"inner"}},"clearTextFirst":true,"interactionType":"ENTER_TEXT"}]}
RESULT: {}
RESULT: {"script":"<script> [776 bytes]","args":[{"enterText":"tag1","selector":{"controlType":"sap.m.Input","viewName":"etm.portal.ui.managerequests.view.NewRequest","bindingPath":{"path":"","propertyPath":"/Tags","modelName":"catalogModel"},"ancestor":{"controlType":"sap.m.ColumnListItem","viewName":"etm.portal.ui.managerequests.view.NewRequest","bindingPath":{"modelName":"newRequestItems","path":"/RequestItems/0"},"ancestor":{"id":"requestItemsTable","viewName":"etm.portal.ui.managerequests.view.NewRequest"}},"interaction":{"idSuffix":"inner"}},"clearTextFirst":true,"interactionType":"ENTER_TEXT"}]}
COMMAND: POST /session/0140d377bb50cef00459d42e723e3497/actions - {"actions":[{"id":"action16","type":"key","parameters":{},"actions":[{"type":"keyDown","value":""},{"type":"pause","duration":10},{"type":"keyUp","value":""}]}]}
RESULT: {"actions":[{"id":"action16","type":"key","parameters":{},"actions":[{"type":"keyDown","value":""},{"type":"pause","duration":10},{"type":"keyUp","value":""}]}]}
RESULT: undefined
COMMAND: POST /session/0140d377bb50cef00459d42e723e3497/execute/async - {"script":"<script> [776 bytes]","args":[{"enterText":"tag-duplicate","selector":{"controlType":"sap.m.Input","viewName":"etm.portal.ui.managerequests.view.NewRequest","bindingPath":{"path":"","propertyPath":"/Tags","modelName":"catalogModel"},"ancestor":{"controlType":"sap.m.ColumnListItem","viewName":"etm.portal.ui.managerequests.view.NewRequest","bindingPath":{"modelName":"newRequestItems","path":"/RequestItems/0"},"ancestor":{"id":"requestItemsTable","viewName":"etm.portal.ui.managerequests.view.NewRequest"}},"interaction":{"idSuffix":"inner"}},"clearTextFirst":true,"interactionType":"ENTER_TEXT"}]}
COMMAND: GET /session/0140d377bb50cef00459d42e723e3497/screenshot - {}
RESULT: {"script":"<script> [776 bytes]","args":[{"enterText":"tag-duplicate","selector":{"controlType":"sap.m.Input","viewName":"etm.portal.ui.managerequests.view.NewRequest","bindingPath":{"path":"","propertyPath":"/Tags","modelName":"catalogModel"},"ancestor":{"controlType":"sap.m.ColumnListItem","viewName":"etm.portal.ui.managerequests.view.NewRequest","bindingPath":{"modelName":"newRequestItems","path":"/RequestItems/0"},"ancestor":{"id":"requestItemsTable","viewName":"etm.portal.ui.managerequests.view.NewRequest"}},"interaction":{"idSuffix":"inner"}},"clearTextFirst":true,"interactionType":"ENTER_TEXT"}]}
RESULT: {}
COMMAND: POST /session/0140d377bb50cef00459d42e723e3497/actions - {"actions":[{"id":"action17","type":"key","parameters":{},"actions":[{"type":"keyDown","value":""},{"type":"pause","duration":10},{"type":"keyUp","value":""}]}]}
RESULT: {"actions":[{"id":"action17","type":"key","parameters":{},"actions":[{"type":"keyDown","value":""},{"type":"pause","duration":10},{"type":"keyUp","value":""}]}]}
COMMAND: GET /session/0140d377bb50cef00459d42e723e3497/screenshot - {}
RESULT: {}
COMMAND: POST /session/0140d377bb50cef00459d42e723e3497/execute/async - {"script":"<script> [1562 bytes]","args":[{"selector":{"controlType":"sap.m.Input","viewName":"etm.portal.ui.managerequests.view.NewRequest","bindingPath":{"path":"","propertyPath":"/Tags","modelName":"catalogModel"},"ancestor":{"controlType":"sap.m.ColumnListItem","viewName":"etm.portal.ui.managerequests.view.NewRequest","bindingPath":{"modelName":"newRequestItems","path":"/RequestItems/1"},"ancestor":{"id":"requestItemsTable","viewName":"etm.portal.ui.managerequests.view.NewRequest"}},"interaction":{"idSuffix":"inner"}},"wdio_ui5_key":"etmportal.ui.managerequests.view.NewRequestsap.m.Input{\"path\":\"\",\"propertyPath\":\"/Tags\",\"modelName\":\"catalogModel\"}{\"controlType\":\"sap.m.ColumnListItem\",\"viewName\":\"etm.portal.ui.managerequests.view.NewRequest\",\"bindingPath\":{\"modelName\":\"newRequestItems\",\"path\":\"/RequestItems/1\"},\"ancestor\":{\"id\":\"requestItemsTable\",\"viewName\":\"etm.portal.ui.managerequests.view.NewRequest\"}}"}]}
RESULT: {"script":"<script> [1562 bytes]","args":[{"selector":{"controlType":"sap.m.Input","viewName":"etm.portal.ui.managerequests.view.NewRequest","bindingPath":{"path":"","propertyPath":"/Tags","modelName":"catalogModel"},"ancestor":{"controlType":"sap.m.ColumnListItem","viewName":"etm.portal.ui.managerequests.view.NewRequest","bindingPath":{"modelName":"newRequestItems","path":"/RequestItems/1"},"ancestor":{"id":"requestItemsTable","viewName":"etm.portal.ui.managerequests.view.NewRequest"}},"interaction":{"idSuffix":"inner"}},"wdio_ui5_key":"etmportal.ui.managerequests.view.NewRequestsap.m.Input{\"path\":\"\",\"propertyPath\":\"/Tags\",\"modelName\":\"catalogModel\"}{\"controlType\":\"sap.m.ColumnListItem\",\"viewName\":\"etm.portal.ui.managerequests.view.NewRequest\",\"bindingPath\":{\"modelName\":\"newRequestItems\",\"path\":\"/RequestItems/1\"},\"ancestor\":{\"id\":\"requestItemsTable\",\"viewName\":\"etm.portal.ui.managerequests.view.NewRequest\"}}"}]}
RESULT: undefined
COMMAND: POST /session/0140d377bb50cef00459d42e723e3497/execute/async - {"script":"<script> [776 bytes]","args":[{"enterText":"tag1","selector":{"controlType":"sap.m.Input","viewName":"etm.portal.ui.managerequests.view.NewRequest","bindingPath":{"path":"","propertyPath":"/Tags","modelName":"catalogModel"},"ancestor":{"controlType":"sap.m.ColumnListItem","viewName":"etm.portal.ui.managerequests.view.NewRequest","bindingPath":{"modelName":"newRequestItems","path":"/RequestItems/1"},"ancestor":{"id":"requestItemsTable","viewName":"etm.portal.ui.managerequests.view.NewRequest"}},"interaction":{"idSuffix":"inner"}},"clearTextFirst":true,"interactionType":"ENTER_TEXT"}]}
RESULT: {"script":"<script> [776 bytes]","args":[{"enterText":"tag1","selector":{"controlType":"sap.m.Input","viewName":"etm.portal.ui.managerequests.view.NewRequest","bindingPath":{"path":"","propertyPath":"/Tags","modelName":"catalogModel"},"ancestor":{"controlType":"sap.m.ColumnListItem","viewName":"etm.portal.ui.managerequests.view.NewRequest","bindingPath":{"modelName":"newRequestItems","path":"/RequestItems/1"},"ancestor":{"id":"requestItemsTable","viewName":"etm.portal.ui.managerequests.view.NewRequest"}},"interaction":{"idSuffix":"inner"}},"clearTextFirst":true,"interactionType":"ENTER_TEXT"}]}
COMMAND: POST /session/0140d377bb50cef00459d42e723e3497/actions - {"actions":[{"id":"action18","type":"key","parameters":{},"actions":[{"type":"keyDown","value":""},{"type":"pause","duration":10},{"type":"keyUp","value":""}]}]}
RESULT: {"actions":[{"id":"action18","type":"key","parameters":{},"actions":[{"type":"keyDown","value":""},{"type":"pause","duration":10},{"type":"keyUp","value":""}]}]}
RESULT: undefined
COMMAND: POST /session/0140d377bb50cef00459d42e723e3497/execute/async - {"script":"<script> [776 bytes]","args":[{"enterText":"tag-duplicate","selector":{"controlType":"sap.m.Input","viewName":"etm.portal.ui.managerequests.view.NewRequest","bindingPath":{"path":"","propertyPath":"/Tags","modelName":"catalogModel"},"ancestor":{"controlType":"sap.m.ColumnListItem","viewName":"etm.portal.ui.managerequests.view.NewRequest","bindingPath":{"modelName":"newRequestItems","path":"/RequestItems/1"},"ancestor":{"id":"requestItemsTable","viewName":"etm.portal.ui.managerequests.view.NewRequest"}},"interaction":{"idSuffix":"inner"}},"clearTextFirst":true,"interactionType":"ENTER_TEXT"}]}
COMMAND: GET /session/0140d377bb50cef00459d42e723e3497/screenshot - {}
RESULT: {"script":"<script> [776 bytes]","args":[{"enterText":"tag-duplicate","selector":{"controlType":"sap.m.Input","viewName":"etm.portal.ui.managerequests.view.NewRequest","bindingPath":{"path":"","propertyPath":"/Tags","modelName":"catalogModel"},"ancestor":{"controlType":"sap.m.ColumnListItem","viewName":"etm.portal.ui.managerequests.view.NewRequest","bindingPath":{"modelName":"newRequestItems","path":"/RequestItems/1"},"ancestor":{"id":"requestItemsTable","viewName":"etm.portal.ui.managerequests.view.NewRequest"}},"interaction":{"idSuffix":"inner"}},"clearTextFirst":true,"interactionType":"ENTER_TEXT"}]}
RESULT: {}
COMMAND: POST /session/0140d377bb50cef00459d42e723e3497/actions - {"actions":[{"id":"action19","type":"key","parameters":{},"actions":[{"type":"keyDown","value":""},{"type":"pause","duration":10},{"type":"keyUp","value":""}]}]}
RESULT: {"actions":[{"id":"action19","type":"key","parameters":{},"actions":[{"type":"keyDown","value":""},{"type":"pause","duration":10},{"type":"keyUp","value":""}]}]}
COMMAND: GET /session/0140d377bb50cef00459d42e723e3497/screenshot - {}
RESULT: {}
COMMAND: POST /session/0140d377bb50cef00459d42e723e3497/execute/async - {"script":"<script> [1562 bytes]","args":[{"selector":{"controlType":"sap.ui.core.Icon","viewName":"etm.portal.ui.managerequests.view.NewRequest","properties":{"src":{"regex":{"source":"slim\\-arrow\\-down"}}},"ancestor":{"controlType":"sap.m.Button","viewName":"etm.portal.ui.managerequests.view.NewRequest","properties":{"icon":"sap-icon://slim-arrow-down"}}},"wdio_ui5_key":"etmportal.ui.managerequests.view.NewRequestsap.ui.core.Icon{\"src\":{\"regex\":{\"source\":\"slim\\\\-arrow\\\\-down\"}}}{\"controlType\":\"sap.m.Button\",\"viewName\":\"etm.portal.ui.managerequests.view.NewRequest\",\"properties\":{\"icon\":\"sap-icon://slim-arrow-down\"}}"}]}
RESULT: {"script":"<script> [1562 bytes]","args":[{"selector":{"controlType":"sap.ui.core.Icon","viewName":"etm.portal.ui.managerequests.view.NewRequest","properties":{"src":{"regex":{"source":"slim\\-arrow\\-down"}}},"ancestor":{"controlType":"sap.m.Button","viewName":"etm.portal.ui.managerequests.view.NewRequest","properties":{"icon":"sap-icon://slim-arrow-down"}}},"wdio_ui5_key":"etmportal.ui.managerequests.view.NewRequestsap.ui.core.Icon{\"src\":{\"regex\":{\"source\":\"slim\\\\-arrow\\\\-down\"}}}{\"controlType\":\"sap.m.Button\",\"viewName\":\"etm.portal.ui.managerequests.view.NewRequest\",\"properties\":{\"icon\":\"sap-icon://slim-arrow-down\"}}"}]}
RESULT: undefined
COMMAND: POST /session/0140d377bb50cef00459d42e723e3497/element - {"using":"xpath","value":"//*[@id=\"__title25-expandBtn-img\"]"}
RESULT: {"using":"xpath","value":"//*[@id=\"__title25-expandBtn-img\"]"}
COMMAND: POST /session/0140d377bb50cef00459d42e723e3497/element/f.F6BB02432D8D97F36D378B59895A9F69.d.83E235D8F0D22C18AEF70DE66C7DE24E.e.3122/click - {}
RESULT: {}
COMMAND: GET /session/0140d377bb50cef00459d42e723e3497/screenshot - {}
RESULT: {}
COMMAND: POST /session/0140d377bb50cef00459d42e723e3497/element - {"using":"xpath","value":"//div[contains(@data-kt ,\"splitAllocationObjectStatus\")]"}
RESULT: {"using":"xpath","value":"//div[contains(@data-kt ,\"splitAllocationObjectStatus\")]"}
COMMAND: POST /session/0140d377bb50cef00459d42e723e3497/elements - {"using":"xpath","value":"//div[contains(@data-kt ,\"splitAllocationObjectStatus\")]"}
RESULT: {"using":"xpath","value":"//div[contains(@data-kt ,\"splitAllocationObjectStatus\")]"}
COMMAND: POST /session/0140d377bb50cef00459d42e723e3497/execute/async - {"script":"<script> [1562 bytes]","args":[{"selector":{"controlType":"sap.ui.core.Icon","viewName":"etm.portal.ui.managerequests.view.NewRequest","properties":{"src":{"regex":{"source":"message\\-error"}}},"ancestor":{"controlType":"sap.m.ColumnListItem","viewName":"etm.portal.ui.managerequests.view.NewRequest","bindingPath":{"modelName":"newRequestItems","path":"/RequestItems/0"},"ancestor":{"id":"requestItemsTable","viewName":"etm.portal.ui.managerequests.view.NewRequest"}}},"wdio_ui5_key":"etmportal.ui.managerequests.view.NewRequestsap.ui.core.Icon{\"src\":{\"regex\":{\"source\":\"message\\\\-error\"}}}{\"controlType\":\"sap.m.ColumnListItem\",\"viewName\":\"etm.portal.ui.managerequests.view.NewRequest\",\"bindingPath\":{\"modelName\":\"newRequestItems\",\"path\":\"/RequestItems/0\"},\"ancestor\":{\"id\":\"requestItemsTable\",\"viewName\":\"etm.portal.ui.managerequests.view.NewRequest\"}}"}]}
RESULT: {"script":"<script> [1562 bytes]","args":[{"selector":{"controlType":"sap.ui.core.Icon","viewName":"etm.portal.ui.managerequests.view.NewRequest","properties":{"src":{"regex":{"source":"message\\-error"}}},"ancestor":{"controlType":"sap.m.ColumnListItem","viewName":"etm.portal.ui.managerequests.view.NewRequest","bindingPath":{"modelName":"newRequestItems","path":"/RequestItems/0"},"ancestor":{"id":"requestItemsTable","viewName":"etm.portal.ui.managerequests.view.NewRequest"}}},"wdio_ui5_key":"etmportal.ui.managerequests.view.NewRequestsap.ui.core.Icon{\"src\":{\"regex\":{\"source\":\"message\\\\-error\"}}}{\"controlType\":\"sap.m.ColumnListItem\",\"viewName\":\"etm.portal.ui.managerequests.view.NewRequest\",\"bindingPath\":{\"modelName\":\"newRequestItems\",\"path\":\"/RequestItems/0\"},\"ancestor\":{\"id\":\"requestItemsTable\",\"viewName\":\"etm.portal.ui.managerequests.view.NewRequest\"}}"}]}
RESULT: undefined
COMMAND: POST /session/0140d377bb50cef00459d42e723e3497/element - {"using":"xpath","value":"//*[@id=\"__status6-__xmlview59--requestItemsTable-0-icon\"]"}
RESULT: {"using":"xpath","value":"//*[@id=\"__status6-__xmlview59--requestItemsTable-0-icon\"]"}
COMMAND: POST /session/0140d377bb50cef00459d42e723e3497/element/f.F6BB02432D8D97F36D378B59895A9F69.d.83E235D8F0D22C18AEF70DE66C7DE24E.e.3103/click - {}
RESULT: {}
COMMAND: GET /session/0140d377bb50cef00459d42e723e3497/screenshot - {}
RESULT: {}
COMMAND: POST /session/0140d377bb50cef00459d42e723e3497/execute/async - {"script":"<script> [1562 bytes]","args":[{"selector":{"id":"costObjectAdminTypeComboBox","viewName":"etm.portal.ui.managerequests.view.NewRequest","searchOpenDialogs":true,"interaction":{"idSuffix":"inner"}},"wdio_ui5_key":"costObjectAdminTypeComboBoxetmportal.ui.managerequests.view.NewRequest"}]}
RESULT: {"script":"<script> [1562 bytes]","args":[{"selector":{"id":"costObjectAdminTypeComboBox","viewName":"etm.portal.ui.managerequests.view.NewRequest","searchOpenDialogs":true,"interaction":{"idSuffix":"inner"}},"wdio_ui5_key":"costObjectAdminTypeComboBoxetmportal.ui.managerequests.view.NewRequest"}]}
RESULT: undefined
COMMAND: POST /session/0140d377bb50cef00459d42e723e3497/execute/async - {"script":"<script> [776 bytes]","args":[{"enterText":"Cost Center","selector":{"id":"costObjectAdminTypeComboBox","viewName":"etm.portal.ui.managerequests.view.NewRequest","searchOpenDialogs":true,"interaction":{"idSuffix":"inner"}},"clearTextFirst":true,"interactionType":"ENTER_TEXT"}]}
RESULT: {"script":"<script> [776 bytes]","args":[{"enterText":"Cost Center","selector":{"id":"costObjectAdminTypeComboBox","viewName":"etm.portal.ui.managerequests.view.NewRequest","searchOpenDialogs":true,"interaction":{"idSuffix":"inner"}},"clearTextFirst":true,"interactionType":"ENTER_TEXT"}]}
COMMAND: POST /session/0140d377bb50cef00459d42e723e3497/actions - {"actions":[{"id":"action20","type":"key","parameters":{},"actions":[{"type":"keyDown","value":""},{"type":"pause","duration":10},{"type":"keyUp","value":""}]}]}
RESULT: {"actions":[{"id":"action20","type":"key","parameters":{},"actions":[{"type":"keyDown","value":""},{"type":"pause","duration":10},{"type":"keyUp","value":""}]}]}
COMMAND: GET /session/0140d377bb50cef00459d42e723e3497/screenshot - {}
RESULT: {}
COMMAND: POST /session/0140d377bb50cef00459d42e723e3497/execute/async - {"script":"<script> [1562 bytes]","args":[{"selector":{"id":"costObjectIdComboBox","viewName":"etm.portal.ui.managerequests.view.NewRequest","searchOpenDialogs":true,"interaction":{"idSuffix":"inner"}},"wdio_ui5_key":"costObjectIdComboBoxetmportal.ui.managerequests.view.NewRequest"}]}
RESULT: {"script":"<script> [1562 bytes]","args":[{"selector":{"id":"costObjectIdComboBox","viewName":"etm.portal.ui.managerequests.view.NewRequest","searchOpenDialogs":true,"interaction":{"idSuffix":"inner"}},"wdio_ui5_key":"costObjectIdComboBoxetmportal.ui.managerequests.view.NewRequest"}]}
RESULT: undefined
COMMAND: POST /session/0140d377bb50cef00459d42e723e3497/execute/async - {"script":"<script> [776 bytes]","args":[{"enterText":"1001 - 1001","selector":{"id":"costObjectIdComboBox","viewName":"etm.portal.ui.managerequests.view.NewRequest","searchOpenDialogs":true,"interaction":{"idSuffix":"inner"}},"clearTextFirst":true,"interactionType":"ENTER_TEXT"}]}
RESULT: {"script":"<script> [776 bytes]","args":[{"enterText":"1001 - 1001","selector":{"id":"costObjectIdComboBox","viewName":"etm.portal.ui.managerequests.view.NewRequest","searchOpenDialogs":true,"interaction":{"idSuffix":"inner"}},"clearTextFirst":true,"interactionType":"ENTER_TEXT"}]}
COMMAND: POST /session/0140d377bb50cef00459d42e723e3497/actions - {"actions":[{"id":"action21","type":"key","parameters":{},"actions":[{"type":"keyDown","value":""},{"type":"pause","duration":10},{"type":"keyUp","value":""}]}]}
RESULT: {"actions":[{"id":"action21","type":"key","parameters":{},"actions":[{"type":"keyDown","value":""},{"type":"pause","duration":10},{"type":"keyUp","value":""}]}]}
COMMAND: GET /session/0140d377bb50cef00459d42e723e3497/screenshot - {}
RESULT: {}
COMMAND: POST /session/0140d377bb50cef00459d42e723e3497/element - {"using":"xpath","value":"(//bdi[(text() = 'Save' or . = 'Save')])[1]"}
RESULT: {"using":"xpath","value":"(//bdi[(text() = 'Save' or . = 'Save')])[1]"}
COMMAND: POST /session/0140d377bb50cef00459d42e723e3497/element/f.F6BB02432D8D97F36D378B59895A9F69.d.83E235D8F0D22C18AEF70DE66C7DE24E.e.3142/click - {}
RESULT: {}
COMMAND: POST /session/0140d377bb50cef00459d42e723e3497/execute/async - {"script":"<script> [1562 bytes]","args":[{"selector":{"controlType":"sap.ui.core.Icon","viewName":"etm.portal.ui.managerequests.view.NewRequest","properties":{"src":{"regex":{"source":"message\\-error"}}},"ancestor":{"controlType":"sap.m.ColumnListItem","viewName":"etm.portal.ui.managerequests.view.NewRequest","bindingPath":{"modelName":"newRequestItems","path":"/RequestItems/1"},"ancestor":{"id":"requestItemsTable","viewName":"etm.portal.ui.managerequests.view.NewRequest"}}},"wdio_ui5_key":"etmportal.ui.managerequests.view.NewRequestsap.ui.core.Icon{\"src\":{\"regex\":{\"source\":\"message\\\\-error\"}}}{\"controlType\":\"sap.m.ColumnListItem\",\"viewName\":\"etm.portal.ui.managerequests.view.NewRequest\",\"bindingPath\":{\"modelName\":\"newRequestItems\",\"path\":\"/RequestItems/1\"},\"ancestor\":{\"id\":\"requestItemsTable\",\"viewName\":\"etm.portal.ui.managerequests.view.NewRequest\"}}"}]}
COMMAND: GET /session/0140d377bb50cef00459d42e723e3497/screenshot - {}
RESULT: {"script":"<script> [1562 bytes]","args":[{"selector":{"controlType":"sap.ui.core.Icon","viewName":"etm.portal.ui.managerequests.view.NewRequest","properties":{"src":{"regex":{"source":"message\\-error"}}},"ancestor":{"controlType":"sap.m.ColumnListItem","viewName":"etm.portal.ui.managerequests.view.NewRequest","bindingPath":{"modelName":"newRequestItems","path":"/RequestItems/1"},"ancestor":{"id":"requestItemsTable","viewName":"etm.portal.ui.managerequests.view.NewRequest"}}},"wdio_ui5_key":"etmportal.ui.managerequests.view.NewRequestsap.ui.core.Icon{\"src\":{\"regex\":{\"source\":\"message\\\\-error\"}}}{\"controlType\":\"sap.m.ColumnListItem\",\"viewName\":\"etm.portal.ui.managerequests.view.NewRequest\",\"bindingPath\":{\"modelName\":\"newRequestItems\",\"path\":\"/RequestItems/1\"},\"ancestor\":{\"id\":\"requestItemsTable\",\"viewName\":\"etm.portal.ui.managerequests.view.NewRequest\"}}"}]}
RESULT: undefined
COMMAND: POST /session/0140d377bb50cef00459d42e723e3497/element - {"using":"xpath","value":"//*[@id=\"__status6-__xmlview59--requestItemsTable-1-icon\"]"}
RESULT: {}
RESULT: {"using":"xpath","value":"//*[@id=\"__status6-__xmlview59--requestItemsTable-1-icon\"]"}
COMMAND: POST /session/0140d377bb50cef00459d42e723e3497/element/f.F6BB02432D8D97F36D378B59895A9F69.d.83E235D8F0D22C18AEF70DE66C7DE24E.e.3120/click - {}
RESULT: {}
COMMAND: GET /session/0140d377bb50cef00459d42e723e3497/screenshot - {}
RESULT: {}
RESULT: undefined
COMMAND: POST /session/0140d377bb50cef00459d42e723e3497/execute/async - {"script":"<script> [776 bytes]","args":[{"enterText":"Cost Center","selector":{"id":"costObjectAdminTypeComboBox","viewName":"etm.portal.ui.managerequests.view.NewRequest","searchOpenDialogs":true,"interaction":{"idSuffix":"inner"}},"clearTextFirst":true,"interactionType":"ENTER_TEXT"}]}
RESULT: {"script":"<script> [776 bytes]","args":[{"enterText":"Cost Center","selector":{"id":"costObjectAdminTypeComboBox","viewName":"etm.portal.ui.managerequests.view.NewRequest","searchOpenDialogs":true,"interaction":{"idSuffix":"inner"}},"clearTextFirst":true,"interactionType":"ENTER_TEXT"}]}
COMMAND: POST /session/0140d377bb50cef00459d42e723e3497/actions - {"actions":[{"id":"action22","type":"key","parameters":{},"actions":[{"type":"keyDown","value":""},{"type":"pause","duration":10},{"type":"keyUp","value":""}]}]}
RESULT: {"actions":[{"id":"action22","type":"key","parameters":{},"actions":[{"type":"keyDown","value":""},{"type":"pause","duration":10},{"type":"keyUp","value":""}]}]}
COMMAND: GET /session/0140d377bb50cef00459d42e723e3497/screenshot - {}
RESULT: {}
RESULT: undefined
COMMAND: POST /session/0140d377bb50cef00459d42e723e3497/execute/async - {"script":"<script> [776 bytes]","args":[{"enterText":"1001 - 1001","selector":{"id":"costObjectIdComboBox","viewName":"etm.portal.ui.managerequests.view.NewRequest","searchOpenDialogs":true,"interaction":{"idSuffix":"inner"}},"clearTextFirst":true,"interactionType":"ENTER_TEXT"}]}
RESULT: {"script":"<script> [776 bytes]","args":[{"enterText":"1001 - 1001","selector":{"id":"costObjectIdComboBox","viewName":"etm.portal.ui.managerequests.view.NewRequest","searchOpenDialogs":true,"interaction":{"idSuffix":"inner"}},"clearTextFirst":true,"interactionType":"ENTER_TEXT"}]}
COMMAND: POST /session/0140d377bb50cef00459d42e723e3497/actions - {"actions":[{"id":"action23","type":"key","parameters":{},"actions":[{"type":"keyDown","value":""},{"type":"pause","duration":10},{"type":"keyUp","value":""}]}]}
RESULT: {"actions":[{"id":"action23","type":"key","parameters":{},"actions":[{"type":"keyDown","value":""},{"type":"pause","duration":10},{"type":"keyUp","value":""}]}]}
COMMAND: GET /session/0140d377bb50cef00459d42e723e3497/screenshot - {}
RESULT: {}
COMMAND: POST /session/0140d377bb50cef00459d42e723e3497/element - {"using":"xpath","value":"(//bdi[(text() = 'Save' or . = 'Save')])[1]"}
RESULT: {"using":"xpath","value":"(//bdi[(text() = 'Save' or . = 'Save')])[1]"}
COMMAND: POST /session/0140d377bb50cef00459d42e723e3497/element/f.F6BB02432D8D97F36D378B59895A9F69.d.83E235D8F0D22C18AEF70DE66C7DE24E.e.3155/click - {}
RESULT: {}
COMMAND: POST /session/0140d377bb50cef00459d42e723e3497/execute/async - {"script":"<script> [1562 bytes]","args":[{"selector":{"controlType":"sap.ui.core.Icon","viewName":"etm.portal.ui.managerequests.view.NewRequest","properties":{"src":{"regex":{"source":"decline"}}},"ancestor":{"controlType":"sap.m.Token","viewName":"etm.portal.ui.managerequests.view.NewRequest","bindingPath":{"path":"/RequestItems/0/TOKENS/0","propertyPath":"TAG","modelName":"newRequestItems"}}},"wdio_ui5_key":"etmportal.ui.managerequests.view.NewRequestsap.ui.core.Icon{\"src\":{\"regex\":{\"source\":\"decline\"}}}{\"controlType\":\"sap.m.Token\",\"viewName\":\"etm.portal.ui.managerequests.view.NewRequest\",\"bindingPath\":{\"path\":\"/RequestItems/0/TOKENS/0\",\"propertyPath\":\"TAG\",\"modelName\":\"newRequestItems\"}}"}]}
COMMAND: GET /session/0140d377bb50cef00459d42e723e3497/screenshot - {}
RESULT: {"script":"<script> [1562 bytes]","args":[{"selector":{"controlType":"sap.ui.core.Icon","viewName":"etm.portal.ui.managerequests.view.NewRequest","properties":{"src":{"regex":{"source":"decline"}}},"ancestor":{"controlType":"sap.m.Token","viewName":"etm.portal.ui.managerequests.view.NewRequest","bindingPath":{"path":"/RequestItems/0/TOKENS/0","propertyPath":"TAG","modelName":"newRequestItems"}}},"wdio_ui5_key":"etmportal.ui.managerequests.view.NewRequestsap.ui.core.Icon{\"src\":{\"regex\":{\"source\":\"decline\"}}}{\"controlType\":\"sap.m.Token\",\"viewName\":\"etm.portal.ui.managerequests.view.NewRequest\",\"bindingPath\":{\"path\":\"/RequestItems/0/TOKENS/0\",\"propertyPath\":\"TAG\",\"modelName\":\"newRequestItems\"}}"}]}
RESULT: undefined
COMMAND: POST /session/0140d377bb50cef00459d42e723e3497/element - {"using":"xpath","value":"//*[@id=\"__token7-__tokenizer62-__xmlview59--requestItemsTable-0-0-icon\"]"}
RESULT: {}
RESULT: {"using":"xpath","value":"//*[@id=\"__token7-__tokenizer62-__xmlview59--requestItemsTable-0-0-icon\"]"}
COMMAND: POST /session/0140d377bb50cef00459d42e723e3497/element/f.F6BB02432D8D97F36D378B59895A9F69.d.83E235D8F0D22C18AEF70DE66C7DE24E.e.3157/click - {}
RESULT: {}
COMMAND: GET /session/0140d377bb50cef00459d42e723e3497/screenshot - {}
RESULT: {}
COMMAND: POST /session/0140d377bb50cef00459d42e723e3497/actions - {"actions":[{"id":"action24","type":"key","parameters":{},"actions":[{"type":"keyDown","value":""},{"type":"pause","duration":10},{"type":"keyUp","value":""}]}]}
RESULT: {"actions":[{"id":"action24","type":"key","parameters":{},"actions":[{"type":"keyDown","value":""},{"type":"pause","duration":10},{"type":"keyUp","value":""}]}]}
COMMAND: GET /session/0140d377bb50cef00459d42e723e3497/screenshot - {}
RESULT: {}
COMMAND: POST /session/0140d377bb50cef00459d42e723e3497/execute/async - {"script":"<script> [1562 bytes]","args":[{"selector":{"controlType":"sap.m.Tokenizer","viewName":"etm.portal.ui.managerequests.view.NewRequest","bindingPath":{"path":"/RequestItems/0","propertyPath":"TOKENS","modelName":"newRequestItems"}},"wdio_ui5_key":"etmportal.ui.managerequests.view.NewRequestsap.m.Tokenizer{\"path\":\"/RequestItems/0\",\"propertyPath\":\"TOKENS\",\"modelName\":\"newRequestItems\"}"}]}
RESULT: {"script":"<script> [1562 bytes]","args":[{"selector":{"controlType":"sap.m.Tokenizer","viewName":"etm.portal.ui.managerequests.view.NewRequest","bindingPath":{"path":"/RequestItems/0","propertyPath":"TOKENS","modelName":"newRequestItems"}},"wdio_ui5_key":"etmportal.ui.managerequests.view.NewRequestsap.m.Tokenizer{\"path\":\"/RequestItems/0\",\"propertyPath\":\"TOKENS\",\"modelName\":\"newRequestItems\"}"}]}
RESULT: undefined
COMMAND: POST /session/0140d377bb50cef00459d42e723e3497/execute/async - {"script":"<script> [6424 bytes]","args":[{"element-6066-11e4-a52e-4f735466cecf":"f.F6BB02432D8D97F36D378B59895A9F69.d.83E235D8F0D22C18AEF70DE66C7DE24E.e.3163"},"getTokens",[]]}
RESULT: {"script":"<script> [6424 bytes]","args":[{"element-6066-11e4-a52e-4f735466cecf":"f.F6BB02432D8D97F36D378B59895A9F69.d.83E235D8F0D22C18AEF70DE66C7DE24E.e.3163"},"getTokens",[]]}
COMMAND: POST /session/0140d377bb50cef00459d42e723e3497/execute/async - {"script":"<script> [1562 bytes]","args":[{"wdio_ui5_key":"__token7-__tokenizer62-__xmlview59--requestItemsTable-0-0","selector":{"id":"__token7-__tokenizer62-__xmlview59--requestItemsTable-0-0"}}]}
RESULT: {"script":"<script> [1562 bytes]","args":[{"wdio_ui5_key":"__token7-__tokenizer62-__xmlview59--requestItemsTable-0-0","selector":{"id":"__token7-__tokenizer62-__xmlview59--requestItemsTable-0-0"}}]}
RESULT: undefined
RESULT: undefined
COMMAND: POST /session/0140d377bb50cef00459d42e723e3497/execute/async - {"script":"<script> [776 bytes]","args":[{"enterText":"tagRequest1","selector":{"controlType":"sap.m.Input","viewName":"etm.portal.ui.managerequests.view.NewRequest","bindingPath":{"path":"","propertyPath":"/Tags","modelName":"catalogModel"},"ancestor":{"controlType":"sap.m.ColumnListItem","viewName":"etm.portal.ui.managerequests.view.NewRequest","bindingPath":{"modelName":"newRequestItems","path":"/RequestItems/0"},"ancestor":{"id":"requestItemsTable","viewName":"etm.portal.ui.managerequests.view.NewRequest"}},"interaction":{"idSuffix":"inner"}},"clearTextFirst":true,"interactionType":"ENTER_TEXT"}]}
RESULT: {"script":"<script> [776 bytes]","args":[{"enterText":"tagRequest1","selector":{"controlType":"sap.m.Input","viewName":"etm.portal.ui.managerequests.view.NewRequest","bindingPath":{"path":"","propertyPath":"/Tags","modelName":"catalogModel"},"ancestor":{"controlType":"sap.m.ColumnListItem","viewName":"etm.portal.ui.managerequests.view.NewRequest","bindingPath":{"modelName":"newRequestItems","path":"/RequestItems/0"},"ancestor":{"id":"requestItemsTable","viewName":"etm.portal.ui.managerequests.view.NewRequest"}},"interaction":{"idSuffix":"inner"}},"clearTextFirst":true,"interactionType":"ENTER_TEXT"}]}
COMMAND: POST /session/0140d377bb50cef00459d42e723e3497/actions - {"actions":[{"id":"action25","type":"key","parameters":{},"actions":[{"type":"keyDown","value":""},{"type":"pause","duration":10},{"type":"keyUp","value":""}]}]}
RESULT: {"actions":[{"id":"action25","type":"key","parameters":{},"actions":[{"type":"keyDown","value":""},{"type":"pause","duration":10},{"type":"keyUp","value":""}]}]}
COMMAND: GET /session/0140d377bb50cef00459d42e723e3497/screenshot - {}
RESULT: {}
RESULT: undefined
COMMAND: POST /session/0140d377bb50cef00459d42e723e3497/execute/async - {"script":"<script> [6424 bytes]","args":[{"element-6066-11e4-a52e-4f735466cecf":"f.F6BB02432D8D97F36D378B59895A9F69.d.83E235D8F0D22C18AEF70DE66C7DE24E.e.3163"},"getTokens",[]]}
RESULT: {"script":"<script> [6424 bytes]","args":[{"element-6066-11e4-a52e-4f735466cecf":"f.F6BB02432D8D97F36D378B59895A9F69.d.83E235D8F0D22C18AEF70DE66C7DE24E.e.3163"},"getTokens",[]]}
COMMAND: POST /session/0140d377bb50cef00459d42e723e3497/execute/async - {"script":"<script> [1562 bytes]","args":[{"wdio_ui5_key":"__token7-__tokenizer62-__xmlview59--requestItemsTable-0-1","selector":{"id":"__token7-__tokenizer62-__xmlview59--requestItemsTable-0-1"}}]}
RESULT: undefined
RESULT: {"script":"<script> [1562 bytes]","args":[{"wdio_ui5_key":"__token7-__tokenizer62-__xmlview59--requestItemsTable-0-1","selector":{"id":"__token7-__tokenizer62-__xmlview59--requestItemsTable-0-1"}}]}
RESULT: undefined
COMMAND: POST /session/0140d377bb50cef00459d42e723e3497/execute/async - {"script":"<script> [1562 bytes]","args":[{"selector":{"controlType":"sap.ui.core.Icon","viewName":"etm.portal.ui.managerequests.view.NewRequest","properties":{"src":{"regex":{"source":"decline"}}},"ancestor":{"controlType":"sap.m.Token","viewName":"etm.portal.ui.managerequests.view.NewRequest","bindingPath":{"path":"/RequestItems/1/TOKENS/0","propertyPath":"TAG","modelName":"newRequestItems"}}},"wdio_ui5_key":"etmportal.ui.managerequests.view.NewRequestsap.ui.core.Icon{\"src\":{\"regex\":{\"source\":\"decline\"}}}{\"controlType\":\"sap.m.Token\",\"viewName\":\"etm.portal.ui.managerequests.view.NewRequest\",\"bindingPath\":{\"path\":\"/RequestItems/1/TOKENS/0\",\"propertyPath\":\"TAG\",\"modelName\":\"newRequestItems\"}}"}]}
RESULT: {"script":"<script> [1562 bytes]","args":[{"selector":{"controlType":"sap.ui.core.Icon","viewName":"etm.portal.ui.managerequests.view.NewRequest","properties":{"src":{"regex":{"source":"decline"}}},"ancestor":{"controlType":"sap.m.Token","viewName":"etm.portal.ui.managerequests.view.NewRequest","bindingPath":{"path":"/RequestItems/1/TOKENS/0","propertyPath":"TAG","modelName":"newRequestItems"}}},"wdio_ui5_key":"etmportal.ui.managerequests.view.NewRequestsap.ui.core.Icon{\"src\":{\"regex\":{\"source\":\"decline\"}}}{\"controlType\":\"sap.m.Token\",\"viewName\":\"etm.portal.ui.managerequests.view.NewRequest\",\"bindingPath\":{\"path\":\"/RequestItems/1/TOKENS/0\",\"propertyPath\":\"TAG\",\"modelName\":\"newRequestItems\"}}"}]}
RESULT: undefined
COMMAND: POST /session/0140d377bb50cef00459d42e723e3497/element - {"using":"xpath","value":"//*[@id=\"__token7-__tokenizer62-__xmlview59--requestItemsTable-1-0-icon\"]"}
RESULT: {"using":"xpath","value":"//*[@id=\"__token7-__tokenizer62-__xmlview59--requestItemsTable-1-0-icon\"]"}
COMMAND: POST /session/0140d377bb50cef00459d42e723e3497/element/f.F6BB02432D8D97F36D378B59895A9F69.d.83E235D8F0D22C18AEF70DE66C7DE24E.e.3165/click - {}
RESULT: {}
COMMAND: GET /session/0140d377bb50cef00459d42e723e3497/screenshot - {}
COMMAND: POST /session/0140d377bb50cef00459d42e723e3497/actions - {"actions":[{"id":"action26","type":"key","parameters":{},"actions":[{"type":"keyDown","value":""},{"type":"pause","duration":10},{"type":"keyUp","value":""}]}]}
RESULT: {}
RESULT: {"actions":[{"id":"action26","type":"key","parameters":{},"actions":[{"type":"keyDown","value":""},{"type":"pause","duration":10},{"type":"keyUp","value":""}]}]}
COMMAND: GET /session/0140d377bb50cef00459d42e723e3497/screenshot - {}
RESULT: {}
COMMAND: POST /session/0140d377bb50cef00459d42e723e3497/execute/async - {"script":"<script> [1562 bytes]","args":[{"selector":{"controlType":"sap.m.Tokenizer","viewName":"etm.portal.ui.managerequests.view.NewRequest","bindingPath":{"path":"/RequestItems/1","propertyPath":"TOKENS","modelName":"newRequestItems"}},"wdio_ui5_key":"etmportal.ui.managerequests.view.NewRequestsap.m.Tokenizer{\"path\":\"/RequestItems/1\",\"propertyPath\":\"TOKENS\",\"modelName\":\"newRequestItems\"}"}]}
RESULT: {"script":"<script> [1562 bytes]","args":[{"selector":{"controlType":"sap.m.Tokenizer","viewName":"etm.portal.ui.managerequests.view.NewRequest","bindingPath":{"path":"/RequestItems/1","propertyPath":"TOKENS","modelName":"newRequestItems"}},"wdio_ui5_key":"etmportal.ui.managerequests.view.NewRequestsap.m.Tokenizer{\"path\":\"/RequestItems/1\",\"propertyPath\":\"TOKENS\",\"modelName\":\"newRequestItems\"}"}]}
RESULT: undefined
COMMAND: POST /session/0140d377bb50cef00459d42e723e3497/execute/async - {"script":"<script> [6424 bytes]","args":[{"element-6066-11e4-a52e-4f735466cecf":"f.F6BB02432D8D97F36D378B59895A9F69.d.83E235D8F0D22C18AEF70DE66C7DE24E.e.3171"},"getTokens",[]]}
RESULT: {"script":"<script> [6424 bytes]","args":[{"element-6066-11e4-a52e-4f735466cecf":"f.F6BB02432D8D97F36D378B59895A9F69.d.83E235D8F0D22C18AEF70DE66C7DE24E.e.3171"},"getTokens",[]]}
COMMAND: POST /session/0140d377bb50cef00459d42e723e3497/execute/async - {"script":"<script> [1562 bytes]","args":[{"wdio_ui5_key":"__token7-__tokenizer62-__xmlview59--requestItemsTable-1-0","selector":{"id":"__token7-__tokenizer62-__xmlview59--requestItemsTable-1-0"}}]}
RESULT: {"script":"<script> [1562 bytes]","args":[{"wdio_ui5_key":"__token7-__tokenizer62-__xmlview59--requestItemsTable-1-0","selector":{"id":"__token7-__tokenizer62-__xmlview59--requestItemsTable-1-0"}}]}
RESULT: undefined
RESULT: undefined
COMMAND: POST /session/0140d377bb50cef00459d42e723e3497/execute/async - {"script":"<script> [776 bytes]","args":[{"enterText":"tagRequest1","selector":{"controlType":"sap.m.Input","viewName":"etm.portal.ui.managerequests.view.NewRequest","bindingPath":{"path":"","propertyPath":"/Tags","modelName":"catalogModel"},"ancestor":{"controlType":"sap.m.ColumnListItem","viewName":"etm.portal.ui.managerequests.view.NewRequest","bindingPath":{"modelName":"newRequestItems","path":"/RequestItems/1"},"ancestor":{"id":"requestItemsTable","viewName":"etm.portal.ui.managerequests.view.NewRequest"}},"interaction":{"idSuffix":"inner"}},"clearTextFirst":true,"interactionType":"ENTER_TEXT"}]}
RESULT: {"script":"<script> [776 bytes]","args":[{"enterText":"tagRequest1","selector":{"controlType":"sap.m.Input","viewName":"etm.portal.ui.managerequests.view.NewRequest","bindingPath":{"path":"","propertyPath":"/Tags","modelName":"catalogModel"},"ancestor":{"controlType":"sap.m.ColumnListItem","viewName":"etm.portal.ui.managerequests.view.NewRequest","bindingPath":{"modelName":"newRequestItems","path":"/RequestItems/1"},"ancestor":{"id":"requestItemsTable","viewName":"etm.portal.ui.managerequests.view.NewRequest"}},"interaction":{"idSuffix":"inner"}},"clearTextFirst":true,"interactionType":"ENTER_TEXT"}]}
COMMAND: POST /session/0140d377bb50cef00459d42e723e3497/actions - {"actions":[{"id":"action27","type":"key","parameters":{},"actions":[{"type":"keyDown","value":""},{"type":"pause","duration":10},{"type":"keyUp","value":""}]}]}
RESULT: {"actions":[{"id":"action27","type":"key","parameters":{},"actions":[{"type":"keyDown","value":""},{"type":"pause","duration":10},{"type":"keyUp","value":""}]}]}
COMMAND: GET /session/0140d377bb50cef00459d42e723e3497/screenshot - {}
RESULT: {}
RESULT: undefined
COMMAND: POST /session/0140d377bb50cef00459d42e723e3497/execute/async - {"script":"<script> [6424 bytes]","args":[{"element-6066-11e4-a52e-4f735466cecf":"f.F6BB02432D8D97F36D378B59895A9F69.d.83E235D8F0D22C18AEF70DE66C7DE24E.e.3171"},"getTokens",[]]}
RESULT: {"script":"<script> [6424 bytes]","args":[{"element-6066-11e4-a52e-4f735466cecf":"f.F6BB02432D8D97F36D378B59895A9F69.d.83E235D8F0D22C18AEF70DE66C7DE24E.e.3171"},"getTokens",[]]}
COMMAND: POST /session/0140d377bb50cef00459d42e723e3497/execute/async - {"script":"<script> [1562 bytes]","args":[{"wdio_ui5_key":"__token7-__tokenizer62-__xmlview59--requestItemsTable-1-1","selector":{"id":"__token7-__tokenizer62-__xmlview59--requestItemsTable-1-1"}}]}
RESULT: undefined
RESULT: {"script":"<script> [1562 bytes]","args":[{"wdio_ui5_key":"__token7-__tokenizer62-__xmlview59--requestItemsTable-1-1","selector":{"id":"__token7-__tokenizer62-__xmlview59--requestItemsTable-1-1"}}]}
RESULT: undefined
COMMAND: POST /session/0140d377bb50cef00459d42e723e3497/execute/async - {"script":"<script> [1562 bytes]","args":[{"selector":{"controlType":"sap.m.Button","viewName":"etm.portal.ui.managerequests.view.NewRequest","properties":{"text":"Save"},"i18NText":{"propertyName":"tooltip","key":"save"},"interaction":{"idSuffix":"BDI-content"}},"wdio_ui5_key":"etmportal.ui.managerequests.view.NewRequestsap.m.Button{\"propertyName\":\"tooltip\",\"key\":\"save\"}{\"text\":\"Save\"}"}]}
RESULT: {"script":"<script> [1562 bytes]","args":[{"selector":{"controlType":"sap.m.Button","viewName":"etm.portal.ui.managerequests.view.NewRequest","properties":{"text":"Save"},"i18NText":{"propertyName":"tooltip","key":"save"},"interaction":{"idSuffix":"BDI-content"}},"wdio_ui5_key":"etmportal.ui.managerequests.view.NewRequestsap.m.Button{\"propertyName\":\"tooltip\",\"key\":\"save\"}{\"text\":\"Save\"}"}]}
RESULT: undefined
COMMAND: POST /session/0140d377bb50cef00459d42e723e3497/element - {"using":"xpath","value":"//*[@id=\"__button117\"]"}
RESULT: {"using":"xpath","value":"//*[@id=\"__button117\"]"}
COMMAND: POST /session/0140d377bb50cef00459d42e723e3497/element/f.F6BB02432D8D97F36D378B59895A9F69.d.83E235D8F0D22C18AEF70DE66C7DE24E.e.2953/click - {}
RESULT: {}
COMMAND: GET /session/0140d377bb50cef00459d42e723e3497/screenshot - {}
RESULT: {}
COMMAND: POST /session/0140d377bb50cef00459d42e723e3497/element - {"using":"xpath","value":"//bdi[contains(@id ,\"BDI-content\")][contains(text(), \"Close\")]"}
RESULT: {"using":"xpath","value":"//bdi[contains(@id ,\"BDI-content\")][contains(text(), \"Close\")]"}
COMMAND: POST /session/0140d377bb50cef00459d42e723e3497/element/f.F6BB02432D8D97F36D378B59895A9F69.d.83E235D8F0D22C18AEF70DE66C7DE24E.e.3179/click - {}
RESULT: {}
COMMAND: GET /session/0140d377bb50cef00459d42e723e3497/screenshot - {}
RESULT: {}
]]></system-out>
    </testcase>
    <testcase classname="chrome.136_0_7103_93.windows.Manage_Requests_Tags_Tests_US120163" name="Should Edit Request Tags" time="109.525">
      <system-out><![CDATA[
COMMAND: POST /session/0140d377bb50cef00459d42e723e3497/execute/async - {"script":"<script> [1562 bytes]","args":[{"selector":{"controlType":"sap.ui.core.Icon","viewName":"etm.portal.ui.managerequests.view.Detail","properties":{"src":{"regex":{"source":"overflow"}}}},"wdio_ui5_key":"etmportal.ui.managerequests.view.Detailsap.ui.core.Icon{\"src\":{\"regex\":{\"source\":\"overflow\"}}}"}]}
RESULT: {"script":"<script> [1562 bytes]","args":[{"selector":{"controlType":"sap.ui.core.Icon","viewName":"etm.portal.ui.managerequests.view.Detail","properties":{"src":{"regex":{"source":"overflow"}}}},"wdio_ui5_key":"etmportal.ui.managerequests.view.Detailsap.ui.core.Icon{\"src\":{\"regex\":{\"source\":\"overflow\"}}}"}]}
RESULT: undefined
COMMAND: POST /session/0140d377bb50cef00459d42e723e3497/element - {"using":"xpath","value":"//*[@id=\"__xmlview60--detailHeaderTitle-_actionsToolbar-overflowButton-img\"]"}
RESULT: {"using":"xpath","value":"//*[@id=\"__xmlview60--detailHeaderTitle-_actionsToolbar-overflowButton-img\"]"}
COMMAND: POST /session/0140d377bb50cef00459d42e723e3497/element/f.F6BB02432D8D97F36D378B59895A9F69.d.83E235D8F0D22C18AEF70DE66C7DE24E.e.3305/click - {}
RESULT: {}
COMMAND: GET /session/0140d377bb50cef00459d42e723e3497/screenshot - {}
RESULT: {}
COMMAND: POST /session/0140d377bb50cef00459d42e723e3497/execute/async - {"script":"<script> [1562 bytes]","args":[{"selector":{"controlType":"sap.uxap.ObjectPageHeaderActionButton","viewName":"etm.portal.ui.managerequests.view.Detail","i18NText":{"propertyName":"text","key":"edit"},"searchOpenDialogs":true,"interaction":{"idSuffix":"inner"}},"wdio_ui5_key":"etmportal.ui.managerequests.view.Detailsap.uxap.ObjectPageHeaderActionButton{\"propertyName\":\"text\",\"key\":\"edit\"}"}]}
RESULT: {"script":"<script> [1562 bytes]","args":[{"selector":{"controlType":"sap.uxap.ObjectPageHeaderActionButton","viewName":"etm.portal.ui.managerequests.view.Detail","i18NText":{"propertyName":"text","key":"edit"},"searchOpenDialogs":true,"interaction":{"idSuffix":"inner"}},"wdio_ui5_key":"etmportal.ui.managerequests.view.Detailsap.uxap.ObjectPageHeaderActionButton{\"propertyName\":\"text\",\"key\":\"edit\"}"}]}
RESULT: undefined
COMMAND: POST /session/0140d377bb50cef00459d42e723e3497/element - {"using":"xpath","value":"//*[@id=\"__button138\"]"}
RESULT: {"using":"xpath","value":"//*[@id=\"__button138\"]"}
COMMAND: POST /session/0140d377bb50cef00459d42e723e3497/element/f.F6BB02432D8D97F36D378B59895A9F69.d.83E235D8F0D22C18AEF70DE66C7DE24E.e.3307/click - {}
RESULT: {}
COMMAND: GET /session/0140d377bb50cef00459d42e723e3497/screenshot - {}
RESULT: {}
COMMAND: POST /session/0140d377bb50cef00459d42e723e3497/execute/async - {"script":"<script> [1562 bytes]","args":[{"selector":{"controlType":"sap.ui.core.Icon","viewName":"etm.portal.ui.managerequests.view.Edit","properties":{"src":{"regex":{"source":"decline"}}},"ancestor":{"controlType":"sap.m.Token","viewName":"etm.portal.ui.managerequests.view.Edit","bindingPath":{"propertyPath":"TAG","modelName":"catalogModel"},"properties":{"text":"RefTag"}}},"wdio_ui5_key":"etmportal.ui.managerequests.view.Editsap.ui.core.Icon{\"src\":{\"regex\":{\"source\":\"decline\"}}}{\"controlType\":\"sap.m.Token\",\"viewName\":\"etm.portal.ui.managerequests.view.Edit\",\"bindingPath\":{\"propertyPath\":\"TAG\",\"modelName\":\"catalogModel\"},\"properties\":{\"text\":\"RefTag\"}}"}]}
RESULT: {"script":"<script> [1562 bytes]","args":[{"selector":{"controlType":"sap.ui.core.Icon","viewName":"etm.portal.ui.managerequests.view.Edit","properties":{"src":{"regex":{"source":"decline"}}},"ancestor":{"controlType":"sap.m.Token","viewName":"etm.portal.ui.managerequests.view.Edit","bindingPath":{"propertyPath":"TAG","modelName":"catalogModel"},"properties":{"text":"RefTag"}}},"wdio_ui5_key":"etmportal.ui.managerequests.view.Editsap.ui.core.Icon{\"src\":{\"regex\":{\"source\":\"decline\"}}}{\"controlType\":\"sap.m.Token\",\"viewName\":\"etm.portal.ui.managerequests.view.Edit\",\"bindingPath\":{\"propertyPath\":\"TAG\",\"modelName\":\"catalogModel\"},\"properties\":{\"text\":\"RefTag\"}}"}]}
RESULT: undefined
COMMAND: POST /session/0140d377bb50cef00459d42e723e3497/element - {"using":"xpath","value":"//*[@id=\"__token13-__tokenizer64-0-icon\"]"}
RESULT: {"using":"xpath","value":"//*[@id=\"__token13-__tokenizer64-0-icon\"]"}
COMMAND: POST /session/0140d377bb50cef00459d42e723e3497/element/f.F6BB02432D8D97F36D378B59895A9F69.d.83E235D8F0D22C18AEF70DE66C7DE24E.e.3415/click - {}
RESULT: {}
COMMAND: POST /session/0140d377bb50cef00459d42e723e3497/execute/async - {"script":"<script> [1562 bytes]","args":[{"selector":{"id":"tagMultiInputRequests","viewName":"etm.portal.ui.managerequests.view.Edit","interaction":{"idSuffix":"inner"}},"wdio_ui5_key":"tagMultiInputRequestsetmportal.ui.managerequests.view.Edit"}]}
COMMAND: GET /session/0140d377bb50cef00459d42e723e3497/screenshot - {}
RESULT: {"script":"<script> [1562 bytes]","args":[{"selector":{"id":"tagMultiInputRequests","viewName":"etm.portal.ui.managerequests.view.Edit","interaction":{"idSuffix":"inner"}},"wdio_ui5_key":"tagMultiInputRequestsetmportal.ui.managerequests.view.Edit"}]}
RESULT: undefined
COMMAND: POST /session/0140d377bb50cef00459d42e723e3497/execute/async - {"script":"<script> [6424 bytes]","args":[{"element-6066-11e4-a52e-4f735466cecf":"f.F6BB02432D8D97F36D378B59895A9F69.d.83E235D8F0D22C18AEF70DE66C7DE24E.e.3341"},"getTokens",[]]}
RESULT: {}
RESULT: {"script":"<script> [6424 bytes]","args":[{"element-6066-11e4-a52e-4f735466cecf":"f.F6BB02432D8D97F36D378B59895A9F69.d.83E235D8F0D22C18AEF70DE66C7DE24E.e.3341"},"getTokens",[]]}
COMMAND: POST /session/0140d377bb50cef00459d42e723e3497/execute/async - {"script":"<script> [1562 bytes]","args":[{"wdio_ui5_key":"__token13-__tokenizer64-1","selector":{"id":"__token13-__tokenizer64-1"}}]}
RESULT: {"script":"<script> [1562 bytes]","args":[{"wdio_ui5_key":"__token13-__tokenizer64-1","selector":{"id":"__token13-__tokenizer64-1"}}]}
RESULT: undefined
RESULT: undefined
COMMAND: POST /session/0140d377bb50cef00459d42e723e3497/execute/async - {"script":"<script> [776 bytes]","args":[{"enterText":"RefTag","selector":{"id":"tagMultiInputRequests","viewName":"etm.portal.ui.managerequests.view.Edit","interaction":{"idSuffix":"inner"}},"clearTextFirst":true,"interactionType":"ENTER_TEXT"}]}
RESULT: {"script":"<script> [776 bytes]","args":[{"enterText":"RefTag","selector":{"id":"tagMultiInputRequests","viewName":"etm.portal.ui.managerequests.view.Edit","interaction":{"idSuffix":"inner"}},"clearTextFirst":true,"interactionType":"ENTER_TEXT"}]}
COMMAND: POST /session/0140d377bb50cef00459d42e723e3497/actions - {"actions":[{"id":"action28","type":"key","parameters":{},"actions":[{"type":"keyDown","value":""},{"type":"pause","duration":10},{"type":"keyUp","value":""}]}]}
RESULT: {"actions":[{"id":"action28","type":"key","parameters":{},"actions":[{"type":"keyDown","value":""},{"type":"pause","duration":10},{"type":"keyUp","value":""}]}]}
COMMAND: GET /session/0140d377bb50cef00459d42e723e3497/screenshot - {}
RESULT: {}
RESULT: undefined
COMMAND: POST /session/0140d377bb50cef00459d42e723e3497/execute/async - {"script":"<script> [6424 bytes]","args":[{"element-6066-11e4-a52e-4f735466cecf":"f.F6BB02432D8D97F36D378B59895A9F69.d.83E235D8F0D22C18AEF70DE66C7DE24E.e.3341"},"getTokens",[]]}
RESULT: {"script":"<script> [6424 bytes]","args":[{"element-6066-11e4-a52e-4f735466cecf":"f.F6BB02432D8D97F36D378B59895A9F69.d.83E235D8F0D22C18AEF70DE66C7DE24E.e.3341"},"getTokens",[]]}
COMMAND: POST /session/0140d377bb50cef00459d42e723e3497/execute/async - {"script":"<script> [1562 bytes]","args":[{"wdio_ui5_key":"__token16","selector":{"id":"__token16"}}]}
RESULT: undefined
RESULT: {"script":"<script> [1562 bytes]","args":[{"wdio_ui5_key":"__token16","selector":{"id":"__token16"}}]}
RESULT: undefined
COMMAND: POST /session/0140d377bb50cef00459d42e723e3497/execute/async - {"script":"<script> [1562 bytes]","args":[{"selector":{"controlType":"sap.m.Button","viewName":"etm.portal.ui.managerequests.view.Edit","properties":{"text":"Items (2)"},"interaction":{"idSuffix":"BDI-content"}},"wdio_ui5_key":"etmportal.ui.managerequests.view.Editsap.m.Button{\"text\":\"Items (2)\"}"}]}
RESULT: {"script":"<script> [1562 bytes]","args":[{"selector":{"controlType":"sap.m.Button","viewName":"etm.portal.ui.managerequests.view.Edit","properties":{"text":"Items (2)"},"interaction":{"idSuffix":"BDI-content"}},"wdio_ui5_key":"etmportal.ui.managerequests.view.Editsap.m.Button{\"text\":\"Items (2)\"}"}]}
RESULT: undefined
COMMAND: POST /session/0140d377bb50cef00459d42e723e3497/element - {"using":"xpath","value":"//*[@id=\"__xmlview61--editRequestPage-anchBar-__xmlview61--requestItemsSection-anchor\"]"}
RESULT: {"using":"xpath","value":"//*[@id=\"__xmlview61--editRequestPage-anchBar-__xmlview61--requestItemsSection-anchor\"]"}
COMMAND: POST /session/0140d377bb50cef00459d42e723e3497/element/f.F6BB02432D8D97F36D378B59895A9F69.d.83E235D8F0D22C18AEF70DE66C7DE24E.e.3420/click - {}
RESULT: {}
COMMAND: GET /session/0140d377bb50cef00459d42e723e3497/screenshot - {}
RESULT: {}
COMMAND: POST /session/0140d377bb50cef00459d42e723e3497/execute/async - {"script":"<script> [1562 bytes]","args":[{"selector":{"controlType":"sap.ui.core.Icon","viewName":"etm.portal.ui.managerequests.view.Edit","properties":{"src":{"regex":{"source":"inspect"}}}},"wdio_ui5_key":"etmportal.ui.managerequests.view.Editsap.ui.core.Icon{\"src\":{\"regex\":{\"source\":\"inspect\"}}}"}]}
RESULT: {"script":"<script> [1562 bytes]","args":[{"selector":{"controlType":"sap.ui.core.Icon","viewName":"etm.portal.ui.managerequests.view.Edit","properties":{"src":{"regex":{"source":"inspect"}}}},"wdio_ui5_key":"etmportal.ui.managerequests.view.Editsap.ui.core.Icon{\"src\":{\"regex\":{\"source\":\"inspect\"}}}"}]}
RESULT: undefined
COMMAND: POST /session/0140d377bb50cef00459d42e723e3497/element - {"using":"xpath","value":"//*[@id=\"__button165-img\"]"}
RESULT: {"using":"xpath","value":"//*[@id=\"__button165-img\"]"}
COMMAND: POST /session/0140d377bb50cef00459d42e723e3497/element/f.F6BB02432D8D97F36D378B59895A9F69.d.83E235D8F0D22C18AEF70DE66C7DE24E.e.3428/click - {}
RESULT: {}
COMMAND: GET /session/0140d377bb50cef00459d42e723e3497/screenshot - {}
RESULT: {}
COMMAND: POST /session/0140d377bb50cef00459d42e723e3497/execute/async - {"script":"<script> [1562 bytes]","args":[{"selector":{"controlType":"sap.m.Tokenizer","viewName":"etm.portal.ui.managerequests.view.Edit","bindingPath":{"path":"/RequestItems/0","propertyPath":"LINK_TO_TAGS","modelName":"RequestItemsModel"}},"wdio_ui5_key":"etmportal.ui.managerequests.view.Editsap.m.Tokenizer{\"path\":\"/RequestItems/0\",\"propertyPath\":\"LINK_TO_TAGS\",\"modelName\":\"RequestItemsModel\"}"}]}
RESULT: {"script":"<script> [1562 bytes]","args":[{"selector":{"controlType":"sap.m.Tokenizer","viewName":"etm.portal.ui.managerequests.view.Edit","bindingPath":{"path":"/RequestItems/0","propertyPath":"LINK_TO_TAGS","modelName":"RequestItemsModel"}},"wdio_ui5_key":"etmportal.ui.managerequests.view.Editsap.m.Tokenizer{\"path\":\"/RequestItems/0\",\"propertyPath\":\"LINK_TO_TAGS\",\"modelName\":\"RequestItemsModel\"}"}]}
RESULT: undefined
COMMAND: POST /session/0140d377bb50cef00459d42e723e3497/element - {"using":"xpath","value":"//*[@id=\"__tokenizer66\"]"}
RESULT: {"using":"xpath","value":"//*[@id=\"__tokenizer66\"]"}
COMMAND: POST /session/0140d377bb50cef00459d42e723e3497/element/f.F6BB02432D8D97F36D378B59895A9F69.d.83E235D8F0D22C18AEF70DE66C7DE24E.e.3430/click - {}
RESULT: {}
COMMAND: GET /session/0140d377bb50cef00459d42e723e3497/screenshot - {}
RESULT: {}
COMMAND: POST /session/0140d377bb50cef00459d42e723e3497/execute/async - {"script":"<script> [1562 bytes]","args":[{"selector":{"controlType":"sap.ui.core.Icon","viewName":"etm.portal.ui.managerequests.view.Edit","properties":{"src":{"regex":{"source":"decline"}}},"searchOpenDialogs":true,"ancestor":{"controlType":"sap.m.StandardListItem","viewName":"etm.portal.ui.managerequests.view.Edit","properties":{"title":"tag-duplicate"},"searchOpenDialogs":true}},"wdio_ui5_key":"etmportal.ui.managerequests.view.Editsap.ui.core.Icon{\"src\":{\"regex\":{\"source\":\"decline\"}}}{\"controlType\":\"sap.m.StandardListItem\",\"viewName\":\"etm.portal.ui.managerequests.view.Edit\",\"properties\":{\"title\":\"tag-duplicate\"},\"searchOpenDialogs\":true}"}]}
RESULT: {"script":"<script> [1562 bytes]","args":[{"selector":{"controlType":"sap.ui.core.Icon","viewName":"etm.portal.ui.managerequests.view.Edit","properties":{"src":{"regex":{"source":"decline"}}},"searchOpenDialogs":true,"ancestor":{"controlType":"sap.m.StandardListItem","viewName":"etm.portal.ui.managerequests.view.Edit","properties":{"title":"tag-duplicate"},"searchOpenDialogs":true}},"wdio_ui5_key":"etmportal.ui.managerequests.view.Editsap.ui.core.Icon{\"src\":{\"regex\":{\"source\":\"decline\"}}}{\"controlType\":\"sap.m.StandardListItem\",\"viewName\":\"etm.portal.ui.managerequests.view.Edit\",\"properties\":{\"title\":\"tag-duplicate\"},\"searchOpenDialogs\":true}"}]}
RESULT: undefined
COMMAND: POST /session/0140d377bb50cef00459d42e723e3497/element - {"using":"xpath","value":"//*[@id=\"__item1999-imgDel-img\"]"}
RESULT: {"using":"xpath","value":"//*[@id=\"__item1999-imgDel-img\"]"}
COMMAND: POST /session/0140d377bb50cef00459d42e723e3497/element/f.F6BB02432D8D97F36D378B59895A9F69.d.83E235D8F0D22C18AEF70DE66C7DE24E.e.3433/click - {}
RESULT: {}
COMMAND: GET /session/0140d377bb50cef00459d42e723e3497/screenshot - {}
RESULT: {}
COMMAND: POST /session/0140d377bb50cef00459d42e723e3497/actions - {"actions":[{"id":"action29","type":"key","parameters":{},"actions":[{"type":"keyDown","value":""},{"type":"pause","duration":10},{"type":"keyUp","value":""}]}]}
RESULT: {"actions":[{"id":"action29","type":"key","parameters":{},"actions":[{"type":"keyDown","value":""},{"type":"pause","duration":10},{"type":"keyUp","value":""}]}]}
COMMAND: POST /session/0140d377bb50cef00459d42e723e3497/execute/async - {"script":"<script> [1562 bytes]","args":[{"selector":{"controlType":"sap.m.Tokenizer","viewName":"etm.portal.ui.managerequests.view.Edit","bindingPath":{"path":"/RequestItems/1","propertyPath":"LINK_TO_TAGS","modelName":"RequestItemsModel"}},"wdio_ui5_key":"etmportal.ui.managerequests.view.Editsap.m.Tokenizer{\"path\":\"/RequestItems/1\",\"propertyPath\":\"LINK_TO_TAGS\",\"modelName\":\"RequestItemsModel\"}"}]}
COMMAND: GET /session/0140d377bb50cef00459d42e723e3497/screenshot - {}
RESULT: {"script":"<script> [1562 bytes]","args":[{"selector":{"controlType":"sap.m.Tokenizer","viewName":"etm.portal.ui.managerequests.view.Edit","bindingPath":{"path":"/RequestItems/1","propertyPath":"LINK_TO_TAGS","modelName":"RequestItemsModel"}},"wdio_ui5_key":"etmportal.ui.managerequests.view.Editsap.m.Tokenizer{\"path\":\"/RequestItems/1\",\"propertyPath\":\"LINK_TO_TAGS\",\"modelName\":\"RequestItemsModel\"}"}]}
RESULT: undefined
COMMAND: POST /session/0140d377bb50cef00459d42e723e3497/element - {"using":"xpath","value":"//*[@id=\"__tokenizer67\"]"}
RESULT: {}
RESULT: {"using":"xpath","value":"//*[@id=\"__tokenizer67\"]"}
COMMAND: POST /session/0140d377bb50cef00459d42e723e3497/element/f.F6BB02432D8D97F36D378B59895A9F69.d.83E235D8F0D22C18AEF70DE66C7DE24E.e.3436/click - {}
RESULT: {}
COMMAND: GET /session/0140d377bb50cef00459d42e723e3497/screenshot - {}
RESULT: {}
COMMAND: POST /session/0140d377bb50cef00459d42e723e3497/execute/async - {"script":"<script> [1562 bytes]","args":[{"selector":{"controlType":"sap.ui.core.Icon","viewName":"etm.portal.ui.managerequests.view.Edit","properties":{"src":{"regex":{"source":"decline"}}},"searchOpenDialogs":true,"ancestor":{"controlType":"sap.m.StandardListItem","viewName":"etm.portal.ui.managerequests.view.Edit","properties":{"title":"tagRequest1"},"searchOpenDialogs":true}},"wdio_ui5_key":"etmportal.ui.managerequests.view.Editsap.ui.core.Icon{\"src\":{\"regex\":{\"source\":\"decline\"}}}{\"controlType\":\"sap.m.StandardListItem\",\"viewName\":\"etm.portal.ui.managerequests.view.Edit\",\"properties\":{\"title\":\"tagRequest1\"},\"searchOpenDialogs\":true}"}]}
RESULT: {"script":"<script> [1562 bytes]","args":[{"selector":{"controlType":"sap.ui.core.Icon","viewName":"etm.portal.ui.managerequests.view.Edit","properties":{"src":{"regex":{"source":"decline"}}},"searchOpenDialogs":true,"ancestor":{"controlType":"sap.m.StandardListItem","viewName":"etm.portal.ui.managerequests.view.Edit","properties":{"title":"tagRequest1"},"searchOpenDialogs":true}},"wdio_ui5_key":"etmportal.ui.managerequests.view.Editsap.ui.core.Icon{\"src\":{\"regex\":{\"source\":\"decline\"}}}{\"controlType\":\"sap.m.StandardListItem\",\"viewName\":\"etm.portal.ui.managerequests.view.Edit\",\"properties\":{\"title\":\"tagRequest1\"},\"searchOpenDialogs\":true}"}]}
RESULT: undefined
COMMAND: POST /session/0140d377bb50cef00459d42e723e3497/element - {"using":"xpath","value":"//*[@id=\"__item2007-imgDel-img\"]"}
RESULT: {"using":"xpath","value":"//*[@id=\"__item2007-imgDel-img\"]"}
COMMAND: POST /session/0140d377bb50cef00459d42e723e3497/element/f.F6BB02432D8D97F36D378B59895A9F69.d.83E235D8F0D22C18AEF70DE66C7DE24E.e.3439/click - {}
RESULT: {}
COMMAND: GET /session/0140d377bb50cef00459d42e723e3497/screenshot - {}
RESULT: {}
COMMAND: POST /session/0140d377bb50cef00459d42e723e3497/execute/async - {"script":"<script> [1562 bytes]","args":[{"selector":{"controlType":"sap.ui.core.Icon","viewName":"etm.portal.ui.managerequests.view.Edit","properties":{"src":{"regex":{"source":"decline"}}},"searchOpenDialogs":true,"ancestor":{"controlType":"sap.m.StandardListItem","viewName":"etm.portal.ui.managerequests.view.Edit","properties":{"title":"RefTag"},"searchOpenDialogs":true}},"wdio_ui5_key":"etmportal.ui.managerequests.view.Editsap.ui.core.Icon{\"src\":{\"regex\":{\"source\":\"decline\"}}}{\"controlType\":\"sap.m.StandardListItem\",\"viewName\":\"etm.portal.ui.managerequests.view.Edit\",\"properties\":{\"title\":\"RefTag\"},\"searchOpenDialogs\":true}"}]}
RESULT: {"script":"<script> [1562 bytes]","args":[{"selector":{"controlType":"sap.ui.core.Icon","viewName":"etm.portal.ui.managerequests.view.Edit","properties":{"src":{"regex":{"source":"decline"}}},"searchOpenDialogs":true,"ancestor":{"controlType":"sap.m.StandardListItem","viewName":"etm.portal.ui.managerequests.view.Edit","properties":{"title":"RefTag"},"searchOpenDialogs":true}},"wdio_ui5_key":"etmportal.ui.managerequests.view.Editsap.ui.core.Icon{\"src\":{\"regex\":{\"source\":\"decline\"}}}{\"controlType\":\"sap.m.StandardListItem\",\"viewName\":\"etm.portal.ui.managerequests.view.Edit\",\"properties\":{\"title\":\"RefTag\"},\"searchOpenDialogs\":true}"}]}
RESULT: undefined
COMMAND: POST /session/0140d377bb50cef00459d42e723e3497/element - {"using":"xpath","value":"//*[@id=\"__item2011-imgDel-img\"]"}
RESULT: {"using":"xpath","value":"//*[@id=\"__item2011-imgDel-img\"]"}
COMMAND: POST /session/0140d377bb50cef00459d42e723e3497/element/f.F6BB02432D8D97F36D378B59895A9F69.d.83E235D8F0D22C18AEF70DE66C7DE24E.e.3442/click - {}
RESULT: {}
COMMAND: GET /session/0140d377bb50cef00459d42e723e3497/screenshot - {}
RESULT: {}
COMMAND: POST /session/0140d377bb50cef00459d42e723e3497/execute/async - {"script":"<script> [1562 bytes]","args":[{"selector":{"controlType":"sap.ui.core.Icon","viewName":"etm.portal.ui.managerequests.view.Edit","properties":{"src":{"regex":{"source":"decline"}}},"searchOpenDialogs":true,"ancestor":{"controlType":"sap.m.StandardListItem","viewName":"etm.portal.ui.managerequests.view.Edit","properties":{"title":"tag-header"},"searchOpenDialogs":true}},"wdio_ui5_key":"etmportal.ui.managerequests.view.Editsap.ui.core.Icon{\"src\":{\"regex\":{\"source\":\"decline\"}}}{\"controlType\":\"sap.m.StandardListItem\",\"viewName\":\"etm.portal.ui.managerequests.view.Edit\",\"properties\":{\"title\":\"tag-header\"},\"searchOpenDialogs\":true}"}]}
RESULT: {"script":"<script> [1562 bytes]","args":[{"selector":{"controlType":"sap.ui.core.Icon","viewName":"etm.portal.ui.managerequests.view.Edit","properties":{"src":{"regex":{"source":"decline"}}},"searchOpenDialogs":true,"ancestor":{"controlType":"sap.m.StandardListItem","viewName":"etm.portal.ui.managerequests.view.Edit","properties":{"title":"tag-header"},"searchOpenDialogs":true}},"wdio_ui5_key":"etmportal.ui.managerequests.view.Editsap.ui.core.Icon{\"src\":{\"regex\":{\"source\":\"decline\"}}}{\"controlType\":\"sap.m.StandardListItem\",\"viewName\":\"etm.portal.ui.managerequests.view.Edit\",\"properties\":{\"title\":\"tag-header\"},\"searchOpenDialogs\":true}"}]}
RESULT: undefined
COMMAND: POST /session/0140d377bb50cef00459d42e723e3497/element - {"using":"xpath","value":"//*[@id=\"__item2014-imgDel-img\"]"}
RESULT: {"using":"xpath","value":"//*[@id=\"__item2014-imgDel-img\"]"}
COMMAND: POST /session/0140d377bb50cef00459d42e723e3497/element/f.F6BB02432D8D97F36D378B59895A9F69.d.83E235D8F0D22C18AEF70DE66C7DE24E.e.3445/click - {}
RESULT: {}
COMMAND: GET /session/0140d377bb50cef00459d42e723e3497/screenshot - {}
RESULT: {}
COMMAND: POST /session/0140d377bb50cef00459d42e723e3497/actions - {"actions":[{"id":"action30","type":"key","parameters":{},"actions":[{"type":"keyDown","value":""},{"type":"pause","duration":10},{"type":"keyUp","value":""}]}]}
RESULT: {"actions":[{"id":"action30","type":"key","parameters":{},"actions":[{"type":"keyDown","value":""},{"type":"pause","duration":10},{"type":"keyUp","value":""}]}]}
COMMAND: POST /session/0140d377bb50cef00459d42e723e3497/actions - {"actions":[{"id":"action31","type":"key","parameters":{},"actions":[{"type":"keyDown","value":""},{"type":"pause","duration":10},{"type":"keyUp","value":""}]}]}
COMMAND: GET /session/0140d377bb50cef00459d42e723e3497/screenshot - {}
RESULT: {"actions":[{"id":"action31","type":"key","parameters":{},"actions":[{"type":"keyDown","value":""},{"type":"pause","duration":10},{"type":"keyUp","value":""}]}]}
COMMAND: GET /session/0140d377bb50cef00459d42e723e3497/screenshot - {}
RESULT: {}
RESULT: {}
COMMAND: POST /session/0140d377bb50cef00459d42e723e3497/execute/async - {"script":"<script> [1562 bytes]","args":[{"selector":{"controlType":"sap.m.Button","viewName":"etm.portal.ui.managerequests.view.Edit","i18NText":{"propertyName":"tooltip","key":"save"},"interaction":{"idSuffix":"BDI-content"}},"wdio_ui5_key":"etmportal.ui.managerequests.view.Editsap.m.Button{\"propertyName\":\"tooltip\",\"key\":\"save\"}"}]}
RESULT: {"script":"<script> [1562 bytes]","args":[{"selector":{"controlType":"sap.m.Button","viewName":"etm.portal.ui.managerequests.view.Edit","i18NText":{"propertyName":"tooltip","key":"save"},"interaction":{"idSuffix":"BDI-content"}},"wdio_ui5_key":"etmportal.ui.managerequests.view.Editsap.m.Button{\"propertyName\":\"tooltip\",\"key\":\"save\"}"}]}
RESULT: undefined
COMMAND: POST /session/0140d377bb50cef00459d42e723e3497/element - {"using":"xpath","value":"//*[@id=\"__xmlview61--saveButtonId\"]"}
RESULT: {"using":"xpath","value":"//*[@id=\"__xmlview61--saveButtonId\"]"}
COMMAND: POST /session/0140d377bb50cef00459d42e723e3497/element/f.F6BB02432D8D97F36D378B59895A9F69.d.83E235D8F0D22C18AEF70DE66C7DE24E.e.3350/click - {}
RESULT: {}
COMMAND: GET /session/0140d377bb50cef00459d42e723e3497/screenshot - {}
RESULT: {}
COMMAND: POST /session/0140d377bb50cef00459d42e723e3497/execute/async - {"script":"<script> [1562 bytes]","args":[{"selector":{"id":"tagsLayoutViewMode","viewName":"etm.portal.ui.managerequests.view.Detail"},"wdio_ui5_key":"tagsLayoutViewModeetmportal.ui.managerequests.view.Detail"}]}
RESULT: {"script":"<script> [1562 bytes]","args":[{"selector":{"id":"tagsLayoutViewMode","viewName":"etm.portal.ui.managerequests.view.Detail"},"wdio_ui5_key":"tagsLayoutViewModeetmportal.ui.managerequests.view.Detail"}]}
RESULT: undefined
COMMAND: POST /session/0140d377bb50cef00459d42e723e3497/execute/async - {"script":"<script> [6424 bytes]","args":[{"element-6066-11e4-a52e-4f735466cecf":"f.F6BB02432D8D97F36D378B59895A9F69.d.83E235D8F0D22C18AEF70DE66C7DE24E.e.3574"},"getTokens",[]]}
RESULT: {"script":"<script> [6424 bytes]","args":[{"element-6066-11e4-a52e-4f735466cecf":"f.F6BB02432D8D97F36D378B59895A9F69.d.83E235D8F0D22C18AEF70DE66C7DE24E.e.3574"},"getTokens",[]]}
COMMAND: POST /session/0140d377bb50cef00459d42e723e3497/execute/async - {"script":"<script> [1562 bytes]","args":[{"wdio_ui5_key":"__token11-__xmlview60--tagsLayoutViewMode-1","selector":{"id":"__token11-__xmlview60--tagsLayoutViewMode-1"}}]}
COMMAND: POST /session/0140d377bb50cef00459d42e723e3497/execute/async - {"script":"<script> [1562 bytes]","args":[{"wdio_ui5_key":"__token11-__xmlview60--tagsLayoutViewMode-0","selector":{"id":"__token11-__xmlview60--tagsLayoutViewMode-0"}}]}
RESULT: {"script":"<script> [1562 bytes]","args":[{"wdio_ui5_key":"__token11-__xmlview60--tagsLayoutViewMode-1","selector":{"id":"__token11-__xmlview60--tagsLayoutViewMode-1"}}]}
RESULT: undefined
RESULT: {"script":"<script> [1562 bytes]","args":[{"wdio_ui5_key":"__token11-__xmlview60--tagsLayoutViewMode-0","selector":{"id":"__token11-__xmlview60--tagsLayoutViewMode-0"}}]}
RESULT: undefined
COMMAND: POST /session/0140d377bb50cef00459d42e723e3497/execute/async - {"script":"<script> [1562 bytes]","args":[{"selector":{"controlType":"sap.m.OverflowToolbarButton","viewName":"etm.portal.ui.managerequests.view.Detail","properties":{"text":"Settings"},"interaction":{"idSuffix":"inner"}},"wdio_ui5_key":"etmportal.ui.managerequests.view.Detailsap.m.OverflowToolbarButton{\"text\":\"Settings\"}"}]}
RESULT: {"script":"<script> [1562 bytes]","args":[{"selector":{"controlType":"sap.m.OverflowToolbarButton","viewName":"etm.portal.ui.managerequests.view.Detail","properties":{"text":"Settings"},"interaction":{"idSuffix":"inner"}},"wdio_ui5_key":"etmportal.ui.managerequests.view.Detailsap.m.OverflowToolbarButton{\"text\":\"Settings\"}"}]}
RESULT: undefined
COMMAND: POST /session/0140d377bb50cef00459d42e723e3497/element - {"using":"xpath","value":"//*[@id=\"__xmlview60--smartTableRequestItems-btnPersonalisation\"]"}
RESULT: {"using":"xpath","value":"//*[@id=\"__xmlview60--smartTableRequestItems-btnPersonalisation\"]"}
COMMAND: POST /session/0140d377bb50cef00459d42e723e3497/element/f.F6BB02432D8D97F36D378B59895A9F69.d.83E235D8F0D22C18AEF70DE66C7DE24E.e.3578/click - {}
RESULT: {}
COMMAND: POST /session/0140d377bb50cef00459d42e723e3497/execute/async - {"script":"<script> [1562 bytes]","args":[{"selector":{"controlType":"sap.m.SearchField","viewName":"etm.portal.ui.managerequests.view.Detail","searchOpenDialogs":true,"interaction":{"idSuffix":"I"}},"wdio_ui5_key":"etmportal.ui.managerequests.view.Detailsap.m.SearchField"}]}
COMMAND: GET /session/0140d377bb50cef00459d42e723e3497/screenshot - {}
RESULT: {"script":"<script> [1562 bytes]","args":[{"selector":{"controlType":"sap.m.SearchField","viewName":"etm.portal.ui.managerequests.view.Detail","searchOpenDialogs":true,"interaction":{"idSuffix":"I"}},"wdio_ui5_key":"etmportal.ui.managerequests.view.Detailsap.m.SearchField"}]}
RESULT: undefined
COMMAND: POST /session/0140d377bb50cef00459d42e723e3497/execute/async - {"script":"<script> [776 bytes]","args":[{"enterText":"tag","selector":{"controlType":"sap.m.SearchField","viewName":"etm.portal.ui.managerequests.view.Detail","searchOpenDialogs":true,"interaction":{"idSuffix":"I"}},"clearTextFirst":true,"interactionType":"ENTER_TEXT"}]}
RESULT: {}
RESULT: {"script":"<script> [776 bytes]","args":[{"enterText":"tag","selector":{"controlType":"sap.m.SearchField","viewName":"etm.portal.ui.managerequests.view.Detail","searchOpenDialogs":true,"interaction":{"idSuffix":"I"}},"clearTextFirst":true,"interactionType":"ENTER_TEXT"}]}
COMMAND: POST /session/0140d377bb50cef00459d42e723e3497/element - {"using":"xpath","value":"//div[contains(@id ,\"innerSelectionPanelTable-0-selectMulti-CbBg\")]"}
RESULT: {"using":"xpath","value":"//div[contains(@id ,\"innerSelectionPanelTable-0-selectMulti-CbBg\")]"}
COMMAND: POST /session/0140d377bb50cef00459d42e723e3497/element/f.F6BB02432D8D97F36D378B59895A9F69.d.83E235D8F0D22C18AEF70DE66C7DE24E.e.3615/click - {}
RESULT: {}
COMMAND: POST /session/0140d377bb50cef00459d42e723e3497/execute/async - {"script":"<script> [1562 bytes]","args":[{"selector":{"controlType":"sap.m.Button","viewName":"etm.portal.ui.managerequests.view.Detail","properties":{"text":"OK"},"searchOpenDialogs":true,"interaction":{"idSuffix":"BDI-content"}},"wdio_ui5_key":"etmportal.ui.managerequests.view.Detailsap.m.Button{\"text\":\"OK\"}"}]}
COMMAND: GET /session/0140d377bb50cef00459d42e723e3497/screenshot - {}
RESULT: {"script":"<script> [1562 bytes]","args":[{"selector":{"controlType":"sap.m.Button","viewName":"etm.portal.ui.managerequests.view.Detail","properties":{"text":"OK"},"searchOpenDialogs":true,"interaction":{"idSuffix":"BDI-content"}},"wdio_ui5_key":"etmportal.ui.managerequests.view.Detailsap.m.Button{\"text\":\"OK\"}"}]}
RESULT: undefined
COMMAND: POST /session/0140d377bb50cef00459d42e723e3497/element - {"using":"xpath","value":"//*[@id=\"__popup378-confirmBtn\"]"}
RESULT: {}
RESULT: {"using":"xpath","value":"//*[@id=\"__popup378-confirmBtn\"]"}
COMMAND: POST /session/0140d377bb50cef00459d42e723e3497/element/f.F6BB02432D8D97F36D378B59895A9F69.d.83E235D8F0D22C18AEF70DE66C7DE24E.e.3619/click - {}
RESULT: {}
COMMAND: GET /session/0140d377bb50cef00459d42e723e3497/screenshot - {}
RESULT: {}
COMMAND: POST /session/0140d377bb50cef00459d42e723e3497/execute/async - {"script":"<script> [1562 bytes]","args":[{"selector":{"controlType":"sap.m.Text","viewName":"etm.portal.ui.managerequests.view.Detail","bindingPath":{"propertyPath":"NO","modelName":"catalogModel"}},"wdio_ui5_key":"etmportal.ui.managerequests.view.Detailsap.m.Text{\"propertyPath\":\"NO\",\"modelName\":\"catalogModel\"}"}]}
RESULT: {"script":"<script> [1562 bytes]","args":[{"selector":{"controlType":"sap.m.Text","viewName":"etm.portal.ui.managerequests.view.Detail","bindingPath":{"propertyPath":"NO","modelName":"catalogModel"}},"wdio_ui5_key":"etmportal.ui.managerequests.view.Detailsap.m.Text{\"propertyPath\":\"NO\",\"modelName\":\"catalogModel\"}"}]}
RESULT: undefined
COMMAND: POST /session/0140d377bb50cef00459d42e723e3497/execute/async - {"script":"<script> [6424 bytes]","args":[{"element-6066-11e4-a52e-4f735466cecf":"f.F6BB02432D8D97F36D378B59895A9F69.d.83E235D8F0D22C18AEF70DE66C7DE24E.e.3631"},"getText",[]]}
RESULT: {"script":"<script> [6424 bytes]","args":[{"element-6066-11e4-a52e-4f735466cecf":"f.F6BB02432D8D97F36D378B59895A9F69.d.83E235D8F0D22C18AEF70DE66C7DE24E.e.3631"},"getText",[]]}
COMMAND: POST /session/0140d377bb50cef00459d42e723e3497/execute/async - {"script":"<script> [1562 bytes]","args":[{"selector":{"controlType":"sap.m.Tokenizer","viewName":"etm.portal.ui.managerequests.view.Detail","bindingPath":{"path":"/SmartRequestItemsPlanningBoard(ITEM=10m,REQUEST='20195')","propertyPath":"LINK_TO_TAGS"}},"wdio_ui5_key":"etmportal.ui.managerequests.view.Detailsap.m.Tokenizer{\"path\":\"/SmartRequestItemsPlanningBoard(ITEM=10m,REQUEST='20195')\",\"propertyPath\":\"LINK_TO_TAGS\"}"}]}
RESULT: {"script":"<script> [1562 bytes]","args":[{"selector":{"controlType":"sap.m.Tokenizer","viewName":"etm.portal.ui.managerequests.view.Detail","bindingPath":{"path":"/SmartRequestItemsPlanningBoard(ITEM=10m,REQUEST='20195')","propertyPath":"LINK_TO_TAGS"}},"wdio_ui5_key":"etmportal.ui.managerequests.view.Detailsap.m.Tokenizer{\"path\":\"/SmartRequestItemsPlanningBoard(ITEM=10m,REQUEST='20195')\",\"propertyPath\":\"LINK_TO_TAGS\"}"}]}
RESULT: undefined
COMMAND: POST /session/0140d377bb50cef00459d42e723e3497/execute/async - {"script":"<script> [6424 bytes]","args":[{"element-6066-11e4-a52e-4f735466cecf":"f.F6BB02432D8D97F36D378B59895A9F69.d.83E235D8F0D22C18AEF70DE66C7DE24E.e.3632"},"getTokens",[]]}
RESULT: {"script":"<script> [6424 bytes]","args":[{"element-6066-11e4-a52e-4f735466cecf":"f.F6BB02432D8D97F36D378B59895A9F69.d.83E235D8F0D22C18AEF70DE66C7DE24E.e.3632"},"getTokens",[]]}
COMMAND: POST /session/0140d377bb50cef00459d42e723e3497/execute/async - {"script":"<script> [1562 bytes]","args":[{"wdio_ui5_key":"__token12-__tokenizer63-__clone4934-1","selector":{"id":"__token12-__tokenizer63-__clone4934-1"}}]}
COMMAND: POST /session/0140d377bb50cef00459d42e723e3497/execute/async - {"script":"<script> [1562 bytes]","args":[{"wdio_ui5_key":"__token12-__tokenizer63-__clone4934-2","selector":{"id":"__token12-__tokenizer63-__clone4934-2"}}]}
COMMAND: POST /session/0140d377bb50cef00459d42e723e3497/execute/async - {"script":"<script> [1562 bytes]","args":[{"wdio_ui5_key":"__token12-__tokenizer63-__clone4934-0","selector":{"id":"__token12-__tokenizer63-__clone4934-0"}}]}
RESULT: {"script":"<script> [1562 bytes]","args":[{"wdio_ui5_key":"__token12-__tokenizer63-__clone4934-1","selector":{"id":"__token12-__tokenizer63-__clone4934-1"}}]}
RESULT: undefined
RESULT: {"script":"<script> [1562 bytes]","args":[{"wdio_ui5_key":"__token12-__tokenizer63-__clone4934-2","selector":{"id":"__token12-__tokenizer63-__clone4934-2"}}]}
RESULT: undefined
RESULT: {"script":"<script> [1562 bytes]","args":[{"wdio_ui5_key":"__token12-__tokenizer63-__clone4934-0","selector":{"id":"__token12-__tokenizer63-__clone4934-0"}}]}
RESULT: undefined
COMMAND: POST /session/0140d377bb50cef00459d42e723e3497/element - {"using":"xpath","value":"(//span[contains(text(), \"tag-header\")])[2]"}
RESULT: {"using":"xpath","value":"(//span[contains(text(), \"tag-header\")])[2]"}
COMMAND: POST /session/0140d377bb50cef00459d42e723e3497/elements - {"using":"xpath","value":"(//span[contains(text(), \"tag-header\")])[2]"}
RESULT: {"using":"xpath","value":"(//span[contains(text(), \"tag-header\")])[2]"}
COMMAND: POST /session/0140d377bb50cef00459d42e723e3497/execute/async - {"script":"<script> [1562 bytes]","args":[{"selector":{"controlType":"sap.m.Tokenizer","viewName":"etm.portal.ui.managerequests.view.Detail","bindingPath":{"path":"/SmartRequestItemsPlanningBoard(ITEM=20m,REQUEST='20195')","propertyPath":"LINK_TO_TAGS"}},"wdio_ui5_key":"etmportal.ui.managerequests.view.Detailsap.m.Tokenizer{\"path\":\"/SmartRequestItemsPlanningBoard(ITEM=20m,REQUEST='20195')\",\"propertyPath\":\"LINK_TO_TAGS\"}"}]}
RESULT: {"script":"<script> [1562 bytes]","args":[{"selector":{"controlType":"sap.m.Tokenizer","viewName":"etm.portal.ui.managerequests.view.Detail","bindingPath":{"path":"/SmartRequestItemsPlanningBoard(ITEM=20m,REQUEST='20195')","propertyPath":"LINK_TO_TAGS"}},"wdio_ui5_key":"etmportal.ui.managerequests.view.Detailsap.m.Tokenizer{\"path\":\"/SmartRequestItemsPlanningBoard(ITEM=20m,REQUEST='20195')\",\"propertyPath\":\"LINK_TO_TAGS\"}"}]}
RESULT: undefined
COMMAND: POST /session/0140d377bb50cef00459d42e723e3497/execute/async - {"script":"<script> [6424 bytes]","args":[{"element-6066-11e4-a52e-4f735466cecf":"f.F6BB02432D8D97F36D378B59895A9F69.d.83E235D8F0D22C18AEF70DE66C7DE24E.e.3637"},"getTokens",[]]}
RESULT: {"script":"<script> [6424 bytes]","args":[{"element-6066-11e4-a52e-4f735466cecf":"f.F6BB02432D8D97F36D378B59895A9F69.d.83E235D8F0D22C18AEF70DE66C7DE24E.e.3637"},"getTokens",[]]}
COMMAND: POST /session/0140d377bb50cef00459d42e723e3497/element - {"using":"css selector","value":"#shell-header-logo"}
RESULT: {"using":"css selector","value":"#shell-header-logo"}
COMMAND: POST /session/0140d377bb50cef00459d42e723e3497/element/f.F6BB02432D8D97F36D378B59895A9F69.d.83E235D8F0D22C18AEF70DE66C7DE24E.e.2680/click - {}
RESULT: {}
COMMAND: GET /session/0140d377bb50cef00459d42e723e3497/screenshot - {}
RESULT: {}
]]></system-out>
    </testcase>
  </testsuite>
  <testsuite timestamp="2025-06-01T15:48:41" time="623.239" tests="4" failures="0" errors="0" skipped="0">
    <properties>
      <property name="specId" value="0"/>
      <property name="suiteName" value="Manage request + Contract processing pick up option US120163 "/>
      <property name="capabilities" value="chrome.136_0_7103_93.windows"/>
      <property name="file" value="file:///D:/a/1/s/test/specs/R2C/create-request-Pickup.spec.js"/>
    </properties>
    <testcase classname="chrome.136_0_7103_93.windows.Manage_request_+_Contract_processing_pick_up_option_US120163_" name="Should create a new contract" time="81.233">
      <system-out><![CDATA[
COMMAND: POST /session/0140d377bb50cef00459d42e723e3497/execute/async - {"script":"<script> [1562 bytes]","args":[{"selector":{"controlType":"sap.m.Text","viewName":"etm.portal.ui.managecontractstile.view.Master","properties":{"text":"Manage Contracts"},"interaction":{"idSuffix":"inner"}},"wdio_ui5_key":"etmportal.ui.managecontractstile.view.Mastersap.m.Text{\"text\":\"Manage Contracts\"}"}]}
RESULT: {"script":"<script> [1562 bytes]","args":[{"selector":{"controlType":"sap.m.Text","viewName":"etm.portal.ui.managecontractstile.view.Master","properties":{"text":"Manage Contracts"},"interaction":{"idSuffix":"inner"}},"wdio_ui5_key":"etmportal.ui.managecontractstile.view.Mastersap.m.Text{\"text\":\"Manage Contracts\"}"}]}
RESULT: undefined
COMMAND: POST /session/0140d377bb50cef00459d42e723e3497/element - {"using":"xpath","value":"//*[@id=\"__tile130-title\"]"}
RESULT: {"using":"xpath","value":"//*[@id=\"__tile130-title\"]"}
COMMAND: POST /session/0140d377bb50cef00459d42e723e3497/element/f.F6BB02432D8D97F36D378B59895A9F69.d.83E235D8F0D22C18AEF70DE66C7DE24E.e.3641/click - {}
RESULT: {}
COMMAND: GET /session/0140d377bb50cef00459d42e723e3497/screenshot - {}
RESULT: {}
COMMAND: POST /session/0140d377bb50cef00459d42e723e3497/execute/async - {"script":"<script> [1562 bytes]","args":[{"selector":{"controlType":"sap.ui.core.Icon","viewName":"etm.portal.ui.managecontracts.view.Master","properties":{"src":{"regex":{"source":"add"}}}},"wdio_ui5_key":"etmportal.ui.managecontracts.view.Mastersap.ui.core.Icon{\"src\":{\"regex\":{\"source\":\"add\"}}}"}]}
RESULT: {"script":"<script> [1562 bytes]","args":[{"selector":{"controlType":"sap.ui.core.Icon","viewName":"etm.portal.ui.managecontracts.view.Master","properties":{"src":{"regex":{"source":"add"}}}},"wdio_ui5_key":"etmportal.ui.managecontracts.view.Mastersap.ui.core.Icon{\"src\":{\"regex\":{\"source\":\"add\"}}}"}]}
RESULT: undefined
COMMAND: POST /session/0140d377bb50cef00459d42e723e3497/element - {"using":"xpath","value":"//*[@id=\"__button187-img\"]"}
RESULT: {"using":"xpath","value":"//*[@id=\"__button187-img\"]"}
COMMAND: POST /session/0140d377bb50cef00459d42e723e3497/element/f.F6BB02432D8D97F36D378B59895A9F69.d.83E235D8F0D22C18AEF70DE66C7DE24E.e.3696/click - {}
RESULT: {}
COMMAND: POST /session/0140d377bb50cef00459d42e723e3497/execute/async - {"script":"<script> [1562 bytes]","args":[{"selector":{"id":"application-managecontracts-display-component---AddNewContract--projectDescription","interaction":{"idSuffix":"inner"}},"wdio_ui5_key":"applicationmanagecontracts-display-component---AddNewContract--projectDescription"}]}
COMMAND: GET /session/0140d377bb50cef00459d42e723e3497/screenshot - {}
RESULT: {"script":"<script> [1562 bytes]","args":[{"selector":{"id":"application-managecontracts-display-component---AddNewContract--projectDescription","interaction":{"idSuffix":"inner"}},"wdio_ui5_key":"applicationmanagecontracts-display-component---AddNewContract--projectDescription"}]}
RESULT: undefined
COMMAND: POST /session/0140d377bb50cef00459d42e723e3497/execute/async - {"script":"<script> [776 bytes]","args":[{"enterText":"PickupContractoprebf","selector":{"id":"application-managecontracts-display-component---AddNewContract--projectDescription","interaction":{"idSuffix":"inner"}},"clearTextFirst":true,"interactionType":"ENTER_TEXT"}]}
RESULT: {}
RESULT: {"script":"<script> [776 bytes]","args":[{"enterText":"PickupContractoprebf","selector":{"id":"application-managecontracts-display-component---AddNewContract--projectDescription","interaction":{"idSuffix":"inner"}},"clearTextFirst":true,"interactionType":"ENTER_TEXT"}]}
COMMAND: POST /session/0140d377bb50cef00459d42e723e3497/element - {"using":"xpath","value":"//input[contains(@id ,\"application-managecontracts-display-component---AddNewContract--yardId-inner\")]"}
RESULT: {"using":"xpath","value":"//input[contains(@id ,\"application-managecontracts-display-component---AddNewContract--yardId-inner\")]"}
COMMAND: POST /session/0140d377bb50cef00459d42e723e3497/element/f.F6BB02432D8D97F36D378B59895A9F69.d.83E235D8F0D22C18AEF70DE66C7DE24E.e.3959/value - {"text":"WebdriverYard1mlab"}
RESULT: {"text":"WebdriverYard1mlab"}
COMMAND: GET /session/0140d377bb50cef00459d42e723e3497/screenshot - {}
RESULT: {}
COMMAND: POST /session/0140d377bb50cef00459d42e723e3497/actions - {"actions":[{"id":"action32","type":"key","parameters":{},"actions":[{"type":"keyDown","value":""},{"type":"pause","duration":10},{"type":"keyUp","value":""}]}]}
RESULT: {"actions":[{"id":"action32","type":"key","parameters":{},"actions":[{"type":"keyDown","value":""},{"type":"pause","duration":10},{"type":"keyUp","value":""}]}]}
COMMAND: GET /session/0140d377bb50cef00459d42e723e3497/screenshot - {}
RESULT: {}
COMMAND: POST /session/0140d377bb50cef00459d42e723e3497/element - {"using":"xpath","value":"//input[contains(@id ,\"application-managecontracts-display-component---AddNewContract--customerSelect-inner\")]"}
RESULT: {"using":"xpath","value":"//input[contains(@id ,\"application-managecontracts-display-component---AddNewContract--customerSelect-inner\")]"}
COMMAND: POST /session/0140d377bb50cef00459d42e723e3497/element/f.F6BB02432D8D97F36D378B59895A9F69.d.83E235D8F0D22C18AEF70DE66C7DE24E.e.3957/value - {"text":"WebdriverPartneryg097"}
RESULT: {"text":"WebdriverPartneryg097"}
COMMAND: GET /session/0140d377bb50cef00459d42e723e3497/screenshot - {}
RESULT: {}
COMMAND: POST /session/0140d377bb50cef00459d42e723e3497/actions - {"actions":[{"id":"action33","type":"key","parameters":{},"actions":[{"type":"keyDown","value":""},{"type":"pause","duration":10},{"type":"keyUp","value":""}]}]}
RESULT: {"actions":[{"id":"action33","type":"key","parameters":{},"actions":[{"type":"keyDown","value":""},{"type":"pause","duration":10},{"type":"keyUp","value":""}]}]}
COMMAND: GET /session/0140d377bb50cef00459d42e723e3497/screenshot - {}
RESULT: {}
COMMAND: POST /session/0140d377bb50cef00459d42e723e3497/element - {"using":"xpath","value":"//input[contains(@id ,\"application-managecontracts-display-component---AddNewContract--site-inner\")]"}
RESULT: {"using":"xpath","value":"//input[contains(@id ,\"application-managecontracts-display-component---AddNewContract--site-inner\")]"}
COMMAND: POST /session/0140d377bb50cef00459d42e723e3497/element/f.F6BB02432D8D97F36D378B59895A9F69.d.83E235D8F0D22C18AEF70DE66C7DE24E.e.3958/value - {"text":"WebdriverSite46gcbi"}
RESULT: {"text":"WebdriverSite46gcbi"}
COMMAND: GET /session/0140d377bb50cef00459d42e723e3497/screenshot - {}
RESULT: {}
COMMAND: POST /session/0140d377bb50cef00459d42e723e3497/actions - {"actions":[{"id":"action34","type":"key","parameters":{},"actions":[{"type":"keyDown","value":""},{"type":"pause","duration":10},{"type":"keyUp","value":""}]}]}
RESULT: {"actions":[{"id":"action34","type":"key","parameters":{},"actions":[{"type":"keyDown","value":""},{"type":"pause","duration":10},{"type":"keyUp","value":""}]}]}
COMMAND: GET /session/0140d377bb50cef00459d42e723e3497/screenshot - {}
RESULT: {}
COMMAND: POST /session/0140d377bb50cef00459d42e723e3497/execute/async - {"script":"<script> [1562 bytes]","args":[{"selector":{"id":"application-managecontracts-display-component---AddNewContract--saveBtn","interaction":{"idSuffix":"BDI-content"}},"wdio_ui5_key":"applicationmanagecontracts-display-component---AddNewContract--saveBtn"}]}
RESULT: {"script":"<script> [1562 bytes]","args":[{"selector":{"id":"application-managecontracts-display-component---AddNewContract--saveBtn","interaction":{"idSuffix":"BDI-content"}},"wdio_ui5_key":"applicationmanagecontracts-display-component---AddNewContract--saveBtn"}]}
RESULT: undefined
COMMAND: POST /session/0140d377bb50cef00459d42e723e3497/element - {"using":"xpath","value":"//*[@id=\"application-managecontracts-display-component---AddNewContract--saveBtn\"]"}
RESULT: {"using":"xpath","value":"//*[@id=\"application-managecontracts-display-component---AddNewContract--saveBtn\"]"}
COMMAND: POST /session/0140d377bb50cef00459d42e723e3497/element/f.F6BB02432D8D97F36D378B59895A9F69.d.83E235D8F0D22C18AEF70DE66C7DE24E.e.4033/click - {}
RESULT: {}
COMMAND: GET /session/0140d377bb50cef00459d42e723e3497/screenshot - {}
RESULT: {}
COMMAND: POST /session/0140d377bb50cef00459d42e723e3497/element - {"using":"xpath","value":"//span[contains(@id ,\"contractDetailTitleNoExpanded\")]"}
RESULT: {"using":"xpath","value":"//span[contains(@id ,\"contractDetailTitleNoExpanded\")]"}
COMMAND: GET /session/0140d377bb50cef00459d42e723e3497/element/f.F6BB02432D8D97F36D378B59895A9F69.d.83E235D8F0D22C18AEF70DE66C7DE24E.e.4058/text - {}
RESULT: {}
COMMAND: POST /session/0140d377bb50cef00459d42e723e3497/element - {"using":"css selector","value":"#shell-header-logo"}
RESULT: {"using":"css selector","value":"#shell-header-logo"}
COMMAND: POST /session/0140d377bb50cef00459d42e723e3497/element/f.F6BB02432D8D97F36D378B59895A9F69.d.83E235D8F0D22C18AEF70DE66C7DE24E.e.3644/click - {}
RESULT: {}
COMMAND: GET /session/0140d377bb50cef00459d42e723e3497/screenshot - {}
RESULT: {}
]]></system-out>
    </testcase>
    <testcase classname="chrome.136_0_7103_93.windows.Manage_request_+_Contract_processing_pick_up_option_US120163_" name="Should create a new material" time="158.497">
      <system-out><![CDATA[
COMMAND: POST /session/0140d377bb50cef00459d42e723e3497/execute/async - {"script":"<script> [1562 bytes]","args":[{"selector":{"controlType":"sap.m.GenericTile","properties":{"header":"Manage Resources"}},"wdio_ui5_key":"sapm.GenericTile{\"header\":\"Manage Resources\"}"}]}
RESULT: {"script":"<script> [1562 bytes]","args":[{"selector":{"controlType":"sap.m.GenericTile","properties":{"header":"Manage Resources"}},"wdio_ui5_key":"sapm.GenericTile{\"header\":\"Manage Resources\"}"}]}
RESULT: undefined
COMMAND: POST /session/0140d377bb50cef00459d42e723e3497/element - {"using":"xpath","value":"//*[@id=\"__tile39\"]"}
RESULT: {"using":"xpath","value":"//*[@id=\"__tile39\"]"}
COMMAND: POST /session/0140d377bb50cef00459d42e723e3497/element/f.F6BB02432D8D97F36D378B59895A9F69.d.83E235D8F0D22C18AEF70DE66C7DE24E.e.4060/click - {}
RESULT: {}
COMMAND: GET /session/0140d377bb50cef00459d42e723e3497/screenshot - {}
RESULT: {}
COMMAND: POST /session/0140d377bb50cef00459d42e723e3497/elements - {"using":"xpath","value":"//span[text()='Error']"}
RESULT: {"using":"xpath","value":"//span[text()='Error']"}
COMMAND: POST /session/0140d377bb50cef00459d42e723e3497/element - {"using":"xpath","value":"//button[@data-kt=\"addNewRUOverflowToolbarButton\"]"}
RESULT: {"using":"xpath","value":"//button[@data-kt=\"addNewRUOverflowToolbarButton\"]"}
COMMAND: POST /session/0140d377bb50cef00459d42e723e3497/execute/sync - {"script":"<script> [8489 bytes]","args":[{"element-6066-11e4-a52e-4f735466cecf":"f.F6BB02432D8D97F36D378B59895A9F69.d.83E235D8F0D22C18AEF70DE66C7DE24E.e.4204","ELEMENT":"f.F6BB02432D8D97F36D378B59895A9F69.d.83E235D8F0D22C18AEF70DE66C7DE24E.e.4204"}]}
RESULT: {"script":"<script> [8489 bytes]","args":[{"element-6066-11e4-a52e-4f735466cecf":"f.F6BB02432D8D97F36D378B59895A9F69.d.83E235D8F0D22C18AEF70DE66C7DE24E.e.4204","ELEMENT":"f.F6BB02432D8D97F36D378B59895A9F69.d.83E235D8F0D22C18AEF70DE66C7DE24E.e.4204"}]}
COMMAND: POST /session/0140d377bb50cef00459d42e723e3497/element/f.F6BB02432D8D97F36D378B59895A9F69.d.83E235D8F0D22C18AEF70DE66C7DE24E.e.4204/click - {}
COMMAND: GET /session/0140d377bb50cef00459d42e723e3497/screenshot - {}
RESULT: {}
COMMAND: POST /session/0140d377bb50cef00459d42e723e3497/execute/async - {"script":"<script> [1562 bytes]","args":[{"selector":{"id":"application-manageresources-display-component---newResourceUnit--TYPE-arrow"},"wdio_ui5_key":"applicationmanageresources-display-component---newResourceUnit--TYPE-arrow"}]}
COMMAND: GET /session/0140d377bb50cef00459d42e723e3497/screenshot - {}
RESULT: {}
RESULT: {"script":"<script> [1562 bytes]","args":[{"selector":{"id":"application-manageresources-display-component---newResourceUnit--TYPE-arrow"},"wdio_ui5_key":"applicationmanageresources-display-component---newResourceUnit--TYPE-arrow"}]}
RESULT: undefined
COMMAND: POST /session/0140d377bb50cef00459d42e723e3497/element - {"using":"xpath","value":"//*[@id=\"application-manageresources-display-component---newResourceUnit--TYPE-arrow\"]"}
RESULT: {}
RESULT: {"using":"xpath","value":"//*[@id=\"application-manageresources-display-component---newResourceUnit--TYPE-arrow\"]"}
COMMAND: POST /session/0140d377bb50cef00459d42e723e3497/element/f.F6BB02432D8D97F36D378B59895A9F69.d.83E235D8F0D22C18AEF70DE66C7DE24E.e.4413/click - {}
RESULT: {}
COMMAND: POST /session/0140d377bb50cef00459d42e723e3497/execute/async - {"script":"<script> [1562 bytes]","args":[{"selector":{"controlType":"sap.m.StandardListItem","viewName":"reusables.view.manageresources.NewResourceUnit","viewId":"application-manageresources-display-component---newResourceUnit","properties":{"title":"Material"},"searchOpenDialogs":true,"interaction":{"idSuffix":"titleText"}},"wdio_ui5_key":"reusablesview.manageresources.NewResourceUnitsap.m.StandardListItem{\"title\":\"Material\"}"}]}
COMMAND: GET /session/0140d377bb50cef00459d42e723e3497/screenshot - {}
RESULT: {"script":"<script> [1562 bytes]","args":[{"selector":{"controlType":"sap.m.StandardListItem","viewName":"reusables.view.manageresources.NewResourceUnit","viewId":"application-manageresources-display-component---newResourceUnit","properties":{"title":"Material"},"searchOpenDialogs":true,"interaction":{"idSuffix":"titleText"}},"wdio_ui5_key":"reusablesview.manageresources.NewResourceUnitsap.m.StandardListItem{\"title\":\"Material\"}"}]}
RESULT: undefined
COMMAND: POST /session/0140d377bb50cef00459d42e723e3497/element - {"using":"xpath","value":"//*[@id=\"__item3843\"]"}
RESULT: {}
RESULT: {"using":"xpath","value":"//*[@id=\"__item3843\"]"}
COMMAND: POST /session/0140d377bb50cef00459d42e723e3497/element/f.F6BB02432D8D97F36D378B59895A9F69.d.83E235D8F0D22C18AEF70DE66C7DE24E.e.4416/click - {}
RESULT: {}
COMMAND: POST /session/0140d377bb50cef00459d42e723e3497/execute/async - {"script":"<script> [1562 bytes]","args":[{"selector":{"id":"application-manageresources-display-component---newResourceUnit--SHORT_TEXT","interaction":{"idSuffix":"inner"}},"wdio_ui5_key":"applicationmanageresources-display-component---newResourceUnit--SHORT_TEXT"}]}
COMMAND: GET /session/0140d377bb50cef00459d42e723e3497/screenshot - {}
RESULT: {"script":"<script> [1562 bytes]","args":[{"selector":{"id":"application-manageresources-display-component---newResourceUnit--SHORT_TEXT","interaction":{"idSuffix":"inner"}},"wdio_ui5_key":"applicationmanageresources-display-component---newResourceUnit--SHORT_TEXT"}]}
RESULT: undefined
COMMAND: POST /session/0140d377bb50cef00459d42e723e3497/execute/async - {"script":"<script> [776 bytes]","args":[{"enterText":"WebdriverMatTest42u7o","selector":{"id":"application-manageresources-display-component---newResourceUnit--SHORT_TEXT","interaction":{"idSuffix":"inner"}},"clearTextFirst":true,"interactionType":"ENTER_TEXT"}]}
RESULT: {}
RESULT: {"script":"<script> [776 bytes]","args":[{"enterText":"WebdriverMatTest42u7o","selector":{"id":"application-manageresources-display-component---newResourceUnit--SHORT_TEXT","interaction":{"idSuffix":"inner"}},"clearTextFirst":true,"interactionType":"ENTER_TEXT"}]}
COMMAND: POST /session/0140d377bb50cef00459d42e723e3497/execute/async - {"script":"<script> [1562 bytes]","args":[{"selector":{"id":"application-manageresources-display-component---newResourceUnit--BASE_UNIT_OF_MEASURE-arrow"},"wdio_ui5_key":"applicationmanageresources-display-component---newResourceUnit--BASE_UNIT_OF_MEASURE-arrow"}]}
RESULT: {"script":"<script> [1562 bytes]","args":[{"selector":{"id":"application-manageresources-display-component---newResourceUnit--BASE_UNIT_OF_MEASURE-arrow"},"wdio_ui5_key":"applicationmanageresources-display-component---newResourceUnit--BASE_UNIT_OF_MEASURE-arrow"}]}
RESULT: undefined
COMMAND: POST /session/0140d377bb50cef00459d42e723e3497/element - {"using":"xpath","value":"//*[@id=\"application-manageresources-display-component---newResourceUnit--BASE_UNIT_OF_MEASURE-arrow\"]"}
RESULT: {"using":"xpath","value":"//*[@id=\"application-manageresources-display-component---newResourceUnit--BASE_UNIT_OF_MEASURE-arrow\"]"}
COMMAND: POST /session/0140d377bb50cef00459d42e723e3497/element/f.F6BB02432D8D97F36D378B59895A9F69.d.83E235D8F0D22C18AEF70DE66C7DE24E.e.4536/click - {}
RESULT: {}
COMMAND: POST /session/0140d377bb50cef00459d42e723e3497/execute/async - {"script":"<script> [1562 bytes]","args":[{"selector":{"controlType":"sap.m.StandardListItem","viewName":"reusables.view.manageresources.NewResourceUnit","viewId":"application-manageresources-display-component---newResourceUnit","properties":{"title":"Piece"},"searchOpenDialogs":true,"interaction":{"idSuffix":"titleText"}},"wdio_ui5_key":"reusablesview.manageresources.NewResourceUnitsap.m.StandardListItem{\"title\":\"Piece\"}"}]}
COMMAND: GET /session/0140d377bb50cef00459d42e723e3497/screenshot - {}
RESULT: {"script":"<script> [1562 bytes]","args":[{"selector":{"controlType":"sap.m.StandardListItem","viewName":"reusables.view.manageresources.NewResourceUnit","viewId":"application-manageresources-display-component---newResourceUnit","properties":{"title":"Piece"},"searchOpenDialogs":true,"interaction":{"idSuffix":"titleText"}},"wdio_ui5_key":"reusablesview.manageresources.NewResourceUnitsap.m.StandardListItem{\"title\":\"Piece\"}"}]}
RESULT: undefined
COMMAND: POST /session/0140d377bb50cef00459d42e723e3497/element - {"using":"xpath","value":"//*[@id=\"__item3896\"]"}
RESULT: {}
RESULT: {"using":"xpath","value":"//*[@id=\"__item3896\"]"}
COMMAND: POST /session/0140d377bb50cef00459d42e723e3497/element/f.F6BB02432D8D97F36D378B59895A9F69.d.83E235D8F0D22C18AEF70DE66C7DE24E.e.4538/click - {}
RESULT: {}
COMMAND: POST /session/0140d377bb50cef00459d42e723e3497/element - {"using":"xpath","value":"//input[contains(@id ,\"application-manageresources-display-component---newResourceUnit--SHORT_TEXT-inner\")]"}
COMMAND: GET /session/0140d377bb50cef00459d42e723e3497/screenshot - {}
RESULT: {"using":"xpath","value":"//input[contains(@id ,\"application-manageresources-display-component---newResourceUnit--SHORT_TEXT-inner\")]"}
COMMAND: GET /session/0140d377bb50cef00459d42e723e3497/element/f.F6BB02432D8D97F36D378B59895A9F69.d.83E235D8F0D22C18AEF70DE66C7DE24E.e.4433/property/value - {}
RESULT: {}
RESULT: {}
COMMAND: POST /session/0140d377bb50cef00459d42e723e3497/execute/async - {"script":"<script> [1562 bytes]","args":[{"selector":{"id":"application-manageresources-display-component---newResourceUnit--WEIGHT_UNIT-arrow"},"wdio_ui5_key":"applicationmanageresources-display-component---newResourceUnit--WEIGHT_UNIT-arrow"}]}
COMMAND: GET /session/0140d377bb50cef00459d42e723e3497/screenshot - {}
RESULT: {"script":"<script> [1562 bytes]","args":[{"selector":{"id":"application-manageresources-display-component---newResourceUnit--WEIGHT_UNIT-arrow"},"wdio_ui5_key":"applicationmanageresources-display-component---newResourceUnit--WEIGHT_UNIT-arrow"}]}
RESULT: undefined
COMMAND: POST /session/0140d377bb50cef00459d42e723e3497/element - {"using":"xpath","value":"//*[@id=\"application-manageresources-display-component---newResourceUnit--WEIGHT_UNIT-arrow\"]"}
RESULT: {}
RESULT: {"using":"xpath","value":"//*[@id=\"application-manageresources-display-component---newResourceUnit--WEIGHT_UNIT-arrow\"]"}
COMMAND: POST /session/0140d377bb50cef00459d42e723e3497/element/f.F6BB02432D8D97F36D378B59895A9F69.d.83E235D8F0D22C18AEF70DE66C7DE24E.e.4539/click - {}
RESULT: {}
COMMAND: POST /session/0140d377bb50cef00459d42e723e3497/execute/async - {"script":"<script> [1562 bytes]","args":[{"selector":{"controlType":"sap.m.StandardListItem","viewName":"reusables.view.manageresources.NewResourceUnit","viewId":"application-manageresources-display-component---newResourceUnit","properties":{"title":"Gram"},"searchOpenDialogs":true,"interaction":{"idSuffix":"content"}},"wdio_ui5_key":"reusablesview.manageresources.NewResourceUnitsap.m.StandardListItem{\"title\":\"Gram\"}"}]}
COMMAND: GET /session/0140d377bb50cef00459d42e723e3497/screenshot - {}
RESULT: {"script":"<script> [1562 bytes]","args":[{"selector":{"controlType":"sap.m.StandardListItem","viewName":"reusables.view.manageresources.NewResourceUnit","viewId":"application-manageresources-display-component---newResourceUnit","properties":{"title":"Gram"},"searchOpenDialogs":true,"interaction":{"idSuffix":"content"}},"wdio_ui5_key":"reusablesview.manageresources.NewResourceUnitsap.m.StandardListItem{\"title\":\"Gram\"}"}]}
RESULT: undefined
COMMAND: POST /session/0140d377bb50cef00459d42e723e3497/element - {"using":"xpath","value":"//*[@id=\"__item3961\"]"}
RESULT: {}
RESULT: {"using":"xpath","value":"//*[@id=\"__item3961\"]"}
COMMAND: POST /session/0140d377bb50cef00459d42e723e3497/element/f.F6BB02432D8D97F36D378B59895A9F69.d.83E235D8F0D22C18AEF70DE66C7DE24E.e.4541/click - {}
RESULT: {}
COMMAND: POST /session/0140d377bb50cef00459d42e723e3497/execute/async - {"script":"<script> [1562 bytes]","args":[{"selector":{"id":"application-manageresources-display-component---newResourceUnit--newRRUPage-OPHeaderContent-collapseBtn-img"},"wdio_ui5_key":"applicationmanageresources-display-component---newResourceUnit--newRRUPage-OPHeaderContent-collapseBtn-img"}]}
COMMAND: GET /session/0140d377bb50cef00459d42e723e3497/screenshot - {}
RESULT: {"script":"<script> [1562 bytes]","args":[{"selector":{"id":"application-manageresources-display-component---newResourceUnit--newRRUPage-OPHeaderContent-collapseBtn-img"},"wdio_ui5_key":"applicationmanageresources-display-component---newResourceUnit--newRRUPage-OPHeaderContent-collapseBtn-img"}]}
RESULT: undefined
COMMAND: POST /session/0140d377bb50cef00459d42e723e3497/element - {"using":"xpath","value":"//*[@id=\"application-manageresources-display-component---newResourceUnit--newRRUPage-OPHeaderContent-collapseBtn-img\"]"}
RESULT: {}
RESULT: {"using":"xpath","value":"//*[@id=\"application-manageresources-display-component---newResourceUnit--newRRUPage-OPHeaderContent-collapseBtn-img\"]"}
COMMAND: POST /session/0140d377bb50cef00459d42e723e3497/element/f.F6BB02432D8D97F36D378B59895A9F69.d.83E235D8F0D22C18AEF70DE66C7DE24E.e.4423/click - {}
RESULT: {}
COMMAND: GET /session/0140d377bb50cef00459d42e723e3497/screenshot - {}
RESULT: {}
COMMAND: POST /session/0140d377bb50cef00459d42e723e3497/element - {"using":"xpath","value":"(//span[contains(@id ,\"application-manageresources-display-component---newResourceUnit--DIMENSION_UNIT-arrow\")])[1]"}
RESULT: {"using":"xpath","value":"(//span[contains(@id ,\"application-manageresources-display-component---newResourceUnit--DIMENSION_UNIT-arrow\")])[1]"}
COMMAND: POST /session/0140d377bb50cef00459d42e723e3497/element/f.F6BB02432D8D97F36D378B59895A9F69.d.83E235D8F0D22C18AEF70DE66C7DE24E.e.4545/click - {}
RESULT: {}
COMMAND: GET /session/0140d377bb50cef00459d42e723e3497/screenshot - {}
RESULT: {}
COMMAND: POST /session/0140d377bb50cef00459d42e723e3497/execute/async - {"script":"<script> [1562 bytes]","args":[{"selector":{"controlType":"sap.m.StandardListItem","viewName":"reusables.view.manageresources.NewResourceUnit","viewId":"application-manageresources-display-component---newResourceUnit","properties":{"title":"Centimeter"},"searchOpenDialogs":true,"interaction":{"idSuffix":"titleText"}},"wdio_ui5_key":"reusablesview.manageresources.NewResourceUnitsap.m.StandardListItem{\"title\":\"Centimeter\"}"}]}
RESULT: {"script":"<script> [1562 bytes]","args":[{"selector":{"controlType":"sap.m.StandardListItem","viewName":"reusables.view.manageresources.NewResourceUnit","viewId":"application-manageresources-display-component---newResourceUnit","properties":{"title":"Centimeter"},"searchOpenDialogs":true,"interaction":{"idSuffix":"titleText"}},"wdio_ui5_key":"reusablesview.manageresources.NewResourceUnitsap.m.StandardListItem{\"title\":\"Centimeter\"}"}]}
RESULT: undefined
COMMAND: POST /session/0140d377bb50cef00459d42e723e3497/element - {"using":"xpath","value":"//*[@id=\"__item3964\"]"}
RESULT: {"using":"xpath","value":"//*[@id=\"__item3964\"]"}
COMMAND: POST /session/0140d377bb50cef00459d42e723e3497/element/f.F6BB02432D8D97F36D378B59895A9F69.d.83E235D8F0D22C18AEF70DE66C7DE24E.e.4549/click - {}
RESULT: {}
COMMAND: POST /session/0140d377bb50cef00459d42e723e3497/execute/async - {"script":"<script> [1562 bytes]","args":[{"selector":{"id":"application-manageresources-display-component---newResourceUnit--newRRUPage-anchBar-application-manageresources-display-component---newResourceUnit--reference-anchor","interaction":{"idSuffix":"BDI-content"}},"wdio_ui5_key":"applicationmanageresources-display-component---newResourceUnit--newRRUPage-anchBar-application-manageresources-display-component---newResourceUnit--reference-anchor"}]}
COMMAND: GET /session/0140d377bb50cef00459d42e723e3497/screenshot - {}
RESULT: {"script":"<script> [1562 bytes]","args":[{"selector":{"id":"application-manageresources-display-component---newResourceUnit--newRRUPage-anchBar-application-manageresources-display-component---newResourceUnit--reference-anchor","interaction":{"idSuffix":"BDI-content"}},"wdio_ui5_key":"applicationmanageresources-display-component---newResourceUnit--newRRUPage-anchBar-application-manageresources-display-component---newResourceUnit--reference-anchor"}]}
RESULT: undefined
COMMAND: POST /session/0140d377bb50cef00459d42e723e3497/element - {"using":"xpath","value":"//*[@id=\"application-manageresources-display-component---newResourceUnit--newRRUPage-anchBar-application-manageresources-display-component---newResourceUnit--reference-anchor\"]"}
RESULT: {}
RESULT: {"using":"xpath","value":"//*[@id=\"application-manageresources-display-component---newResourceUnit--newRRUPage-anchBar-application-manageresources-display-component---newResourceUnit--reference-anchor\"]"}
COMMAND: POST /session/0140d377bb50cef00459d42e723e3497/element/f.F6BB02432D8D97F36D378B59895A9F69.d.83E235D8F0D22C18AEF70DE66C7DE24E.e.4551/click - {}
RESULT: {}
COMMAND: POST /session/0140d377bb50cef00459d42e723e3497/execute/async - {"script":"<script> [1562 bytes]","args":[{"selector":{"id":"application-manageresources-display-component---newResourceUnit--PLANNING_GROUP-arrow"},"wdio_ui5_key":"applicationmanageresources-display-component---newResourceUnit--PLANNING_GROUP-arrow"}]}
COMMAND: GET /session/0140d377bb50cef00459d42e723e3497/screenshot - {}
RESULT: {"script":"<script> [1562 bytes]","args":[{"selector":{"id":"application-manageresources-display-component---newResourceUnit--PLANNING_GROUP-arrow"},"wdio_ui5_key":"applicationmanageresources-display-component---newResourceUnit--PLANNING_GROUP-arrow"}]}
RESULT: undefined
COMMAND: POST /session/0140d377bb50cef00459d42e723e3497/element - {"using":"xpath","value":"//*[@id=\"application-manageresources-display-component---newResourceUnit--PLANNING_GROUP-arrow\"]"}
RESULT: {}
RESULT: {"using":"xpath","value":"//*[@id=\"application-manageresources-display-component---newResourceUnit--PLANNING_GROUP-arrow\"]"}
COMMAND: POST /session/0140d377bb50cef00459d42e723e3497/element/f.F6BB02432D8D97F36D378B59895A9F69.d.83E235D8F0D22C18AEF70DE66C7DE24E.e.4555/click - {}
RESULT: {}
COMMAND: POST /session/0140d377bb50cef00459d42e723e3497/execute/async - {"script":"<script> [1562 bytes]","args":[{"selector":{"controlType":"sap.m.StandardListItem","viewName":"reusables.view.manageresources.NewResourceUnit","viewId":"application-manageresources-display-component---newResourceUnit","properties":{"title":"Heavy Equi"},"searchOpenDialogs":true,"interaction":{"idSuffix":"content"}},"wdio_ui5_key":"reusablesview.manageresources.NewResourceUnitsap.m.StandardListItem{\"title\":\"Heavy Equi\"}"}]}
COMMAND: GET /session/0140d377bb50cef00459d42e723e3497/screenshot - {}
RESULT: {"script":"<script> [1562 bytes]","args":[{"selector":{"controlType":"sap.m.StandardListItem","viewName":"reusables.view.manageresources.NewResourceUnit","viewId":"application-manageresources-display-component---newResourceUnit","properties":{"title":"Heavy Equi"},"searchOpenDialogs":true,"interaction":{"idSuffix":"content"}},"wdio_ui5_key":"reusablesview.manageresources.NewResourceUnitsap.m.StandardListItem{\"title\":\"Heavy Equi\"}"}]}
RESULT: undefined
COMMAND: POST /session/0140d377bb50cef00459d42e723e3497/element - {"using":"xpath","value":"//*[@id=\"__item3972\"]"}
RESULT: {}
RESULT: {"using":"xpath","value":"//*[@id=\"__item3972\"]"}
COMMAND: POST /session/0140d377bb50cef00459d42e723e3497/element/f.F6BB02432D8D97F36D378B59895A9F69.d.83E235D8F0D22C18AEF70DE66C7DE24E.e.4559/click - {}
RESULT: {}
COMMAND: GET /session/0140d377bb50cef00459d42e723e3497/screenshot - {}
RESULT: {}
COMMAND: POST /session/0140d377bb50cef00459d42e723e3497/execute/async - {"script":"<script> [1562 bytes]","args":[{"selector":{"id":"application-manageresources-display-component---newResourceUnit--PLANNING_INDICATOR-arrow"},"wdio_ui5_key":"applicationmanageresources-display-component---newResourceUnit--PLANNING_INDICATOR-arrow"}]}
RESULT: {"script":"<script> [1562 bytes]","args":[{"selector":{"id":"application-manageresources-display-component---newResourceUnit--PLANNING_INDICATOR-arrow"},"wdio_ui5_key":"applicationmanageresources-display-component---newResourceUnit--PLANNING_INDICATOR-arrow"}]}
RESULT: undefined
COMMAND: POST /session/0140d377bb50cef00459d42e723e3497/element - {"using":"xpath","value":"//*[@id=\"application-manageresources-display-component---newResourceUnit--PLANNING_INDICATOR-arrow\"]"}
RESULT: {"using":"xpath","value":"//*[@id=\"application-manageresources-display-component---newResourceUnit--PLANNING_INDICATOR-arrow\"]"}
COMMAND: POST /session/0140d377bb50cef00459d42e723e3497/element/f.F6BB02432D8D97F36D378B59895A9F69.d.83E235D8F0D22C18AEF70DE66C7DE24E.e.4560/click - {}
RESULT: {}
COMMAND: POST /session/0140d377bb50cef00459d42e723e3497/execute/async - {"script":"<script> [1562 bytes]","args":[{"selector":{"controlType":"sap.m.StandardListItem","viewName":"reusables.view.manageresources.NewResourceUnit","viewId":"application-manageresources-display-component---newResourceUnit","properties":{"title":"10 - infinite"},"searchOpenDialogs":true,"interaction":{"idSuffix":"content"}},"wdio_ui5_key":"reusablesview.manageresources.NewResourceUnitsap.m.StandardListItem{\"title\":\"10 - infinite\"}"}]}
COMMAND: GET /session/0140d377bb50cef00459d42e723e3497/screenshot - {}
RESULT: {"script":"<script> [1562 bytes]","args":[{"selector":{"controlType":"sap.m.StandardListItem","viewName":"reusables.view.manageresources.NewResourceUnit","viewId":"application-manageresources-display-component---newResourceUnit","properties":{"title":"10 - infinite"},"searchOpenDialogs":true,"interaction":{"idSuffix":"content"}},"wdio_ui5_key":"reusablesview.manageresources.NewResourceUnitsap.m.StandardListItem{\"title\":\"10 - infinite\"}"}]}
RESULT: undefined
COMMAND: POST /session/0140d377bb50cef00459d42e723e3497/element - {"using":"xpath","value":"//*[@id=\"__item3982\"]"}
RESULT: {}
RESULT: {"using":"xpath","value":"//*[@id=\"__item3982\"]"}
COMMAND: POST /session/0140d377bb50cef00459d42e723e3497/element/f.F6BB02432D8D97F36D378B59895A9F69.d.83E235D8F0D22C18AEF70DE66C7DE24E.e.4562/click - {}
RESULT: {}
COMMAND: GET /session/0140d377bb50cef00459d42e723e3497/screenshot - {}
RESULT: {}
COMMAND: POST /session/0140d377bb50cef00459d42e723e3497/element - {"using":"xpath","value":"//bdi[contains(text(), \"Time Segment\")]"}
RESULT: {"using":"xpath","value":"//bdi[contains(text(), \"Time Segment\")]"}
COMMAND: GET /session/0140d377bb50cef00459d42e723e3497/element/f.F6BB02432D8D97F36D378B59895A9F69.d.83E235D8F0D22C18AEF70DE66C7DE24E.e.4563/rect - {}
RESULT: {}
COMMAND: GET /session/0140d377bb50cef00459d42e723e3497/window/rect - {}
RESULT: {}
COMMAND: POST /session/0140d377bb50cef00459d42e723e3497/execute/sync - {"script":"<script> [92 bytes]","args":[]}
RESULT: {"script":"<script> [92 bytes]","args":[]}
COMMAND: POST /session/0140d377bb50cef00459d42e723e3497/actions - {"actions":[{"id":"action35","type":"wheel","parameters":{},"actions":[{"type":"scroll","x":-1820,"y":-21,"deltaX":0,"deltaY":0,"duration":0,"origin":{"element-6066-11e4-a52e-4f735466cecf":"f.F6BB02432D8D97F36D378B59895A9F69.d.83E235D8F0D22C18AEF70DE66C7DE24E.e.4563"}}]}]}
COMMAND: GET /session/0140d377bb50cef00459d42e723e3497/screenshot - {}
RESULT: {}
COMMAND: POST /session/0140d377bb50cef00459d42e723e3497/execute/sync - {"script":"<script> [79 bytes]","args":[{"element-6066-11e4-a52e-4f735466cecf":"f.F6BB02432D8D97F36D378B59895A9F69.d.83E235D8F0D22C18AEF70DE66C7DE24E.e.4563","ELEMENT":"f.F6BB02432D8D97F36D378B59895A9F69.d.83E235D8F0D22C18AEF70DE66C7DE24E.e.4563"},{"block":"start","inline":"nearest"}]}
RESULT: {"script":"<script> [79 bytes]","args":[{"element-6066-11e4-a52e-4f735466cecf":"f.F6BB02432D8D97F36D378B59895A9F69.d.83E235D8F0D22C18AEF70DE66C7DE24E.e.4563","ELEMENT":"f.F6BB02432D8D97F36D378B59895A9F69.d.83E235D8F0D22C18AEF70DE66C7DE24E.e.4563"},{"block":"start","inline":"nearest"}]}
COMMAND: GET /session/0140d377bb50cef00459d42e723e3497/screenshot - {}
RESULT: {}
COMMAND: POST /session/0140d377bb50cef00459d42e723e3497/element - {"using":"xpath","value":"//span[@id=\"application-manageresources-display-component---newResourceUnit--btnAddTimeSegment-img\"]"}
RESULT: {"using":"xpath","value":"//span[@id=\"application-manageresources-display-component---newResourceUnit--btnAddTimeSegment-img\"]"}
COMMAND: POST /session/0140d377bb50cef00459d42e723e3497/execute/sync - {"script":"<script> [8489 bytes]","args":[{"element-6066-11e4-a52e-4f735466cecf":"f.F6BB02432D8D97F36D378B59895A9F69.d.83E235D8F0D22C18AEF70DE66C7DE24E.e.4566","ELEMENT":"f.F6BB02432D8D97F36D378B59895A9F69.d.83E235D8F0D22C18AEF70DE66C7DE24E.e.4566"}]}
RESULT: {"script":"<script> [8489 bytes]","args":[{"element-6066-11e4-a52e-4f735466cecf":"f.F6BB02432D8D97F36D378B59895A9F69.d.83E235D8F0D22C18AEF70DE66C7DE24E.e.4566","ELEMENT":"f.F6BB02432D8D97F36D378B59895A9F69.d.83E235D8F0D22C18AEF70DE66C7DE24E.e.4566"}]}
COMMAND: POST /session/0140d377bb50cef00459d42e723e3497/element/f.F6BB02432D8D97F36D378B59895A9F69.d.83E235D8F0D22C18AEF70DE66C7DE24E.e.4566/click - {}
COMMAND: GET /session/0140d377bb50cef00459d42e723e3497/screenshot - {}
RESULT: {}
COMMAND: GET /session/0140d377bb50cef00459d42e723e3497/screenshot - {}
COMMAND: POST /session/0140d377bb50cef00459d42e723e3497/element - {"using":"xpath","value":"//input[@id=\"application-manageresources-display-component---newResourceUnit--idRuTSAdmin-application-manageresources-display-component---newResourceUnit--RUTimeSegment-0-inner\"]"}
RESULT: {}
RESULT: {}
RESULT: {"using":"xpath","value":"//input[@id=\"application-manageresources-display-component---newResourceUnit--idRuTSAdmin-application-manageresources-display-component---newResourceUnit--RUTimeSegment-0-inner\"]"}
COMMAND: POST /session/0140d377bb50cef00459d42e723e3497/element/f.F6BB02432D8D97F36D378B59895A9F69.d.83E235D8F0D22C18AEF70DE66C7DE24E.e.4569/clear - {}
RESULT: {}
COMMAND: POST /session/0140d377bb50cef00459d42e723e3497/element/f.F6BB02432D8D97F36D378B59895A9F69.d.83E235D8F0D22C18AEF70DE66C7DE24E.e.4569/value - {"text":"WebdriverYard1mlab"}
COMMAND: GET /session/0140d377bb50cef00459d42e723e3497/screenshot - {}
RESULT: {"text":"WebdriverYard1mlab"}
COMMAND: GET /session/0140d377bb50cef00459d42e723e3497/screenshot - {}
RESULT: {}
RESULT: {}
COMMAND: POST /session/0140d377bb50cef00459d42e723e3497/actions - {"actions":[{"id":"action36","type":"key","parameters":{},"actions":[{"type":"keyDown","value":""},{"type":"pause","duration":10},{"type":"keyUp","value":""}]}]}
RESULT: {"actions":[{"id":"action36","type":"key","parameters":{},"actions":[{"type":"keyDown","value":""},{"type":"pause","duration":10},{"type":"keyUp","value":""}]}]}
COMMAND: GET /session/0140d377bb50cef00459d42e723e3497/screenshot - {}
RESULT: {}
COMMAND: POST /session/0140d377bb50cef00459d42e723e3497/execute/async - {"script":"<script> [1562 bytes]","args":[{"selector":{"controlType":"sap.m.Button","viewName":"reusables.view.manageresources.NewResourceUnit","viewId":"application-manageresources-display-component---newResourceUnit","i18NText":{"propertyName":"tooltip","key":"save"},"interaction":{"idSuffix":"BDI-content"}},"wdio_ui5_key":"reusablesview.manageresources.NewResourceUnitsap.m.Button{\"propertyName\":\"tooltip\",\"key\":\"save\"}"}]}
RESULT: {"script":"<script> [1562 bytes]","args":[{"selector":{"controlType":"sap.m.Button","viewName":"reusables.view.manageresources.NewResourceUnit","viewId":"application-manageresources-display-component---newResourceUnit","i18NText":{"propertyName":"tooltip","key":"save"},"interaction":{"idSuffix":"BDI-content"}},"wdio_ui5_key":"reusablesview.manageresources.NewResourceUnitsap.m.Button{\"propertyName\":\"tooltip\",\"key\":\"save\"}"}]}
RESULT: undefined
COMMAND: POST /session/0140d377bb50cef00459d42e723e3497/element - {"using":"xpath","value":"//*[@id=\"application-manageresources-display-component---newResourceUnit--createRuButton\"]"}
RESULT: {"using":"xpath","value":"//*[@id=\"application-manageresources-display-component---newResourceUnit--createRuButton\"]"}
COMMAND: POST /session/0140d377bb50cef00459d42e723e3497/element/f.F6BB02432D8D97F36D378B59895A9F69.d.83E235D8F0D22C18AEF70DE66C7DE24E.e.4429/click - {}
RESULT: {}
COMMAND: GET /session/0140d377bb50cef00459d42e723e3497/screenshot - {}
RESULT: {}
COMMAND: POST /session/0140d377bb50cef00459d42e723e3497/execute/async - {"script":"<script> [1562 bytes]","args":[{"selector":{"controlType":"sap.m.Title","properties":{"text":"Success"},"searchOpenDialogs":true},"wdio_ui5_key":"sapm.Title{\"text\":\"Success\"}"}]}
RESULT: {"script":"<script> [1562 bytes]","args":[{"selector":{"controlType":"sap.m.Title","properties":{"text":"Success"},"searchOpenDialogs":true},"wdio_ui5_key":"sapm.Title{\"text\":\"Success\"}"}]}
RESULT: undefined
COMMAND: POST /session/0140d377bb50cef00459d42e723e3497/execute/async - {"script":"<script> [6424 bytes]","args":[{"element-6066-11e4-a52e-4f735466cecf":"f.F6BB02432D8D97F36D378B59895A9F69.d.83E235D8F0D22C18AEF70DE66C7DE24E.e.4583"},"getText",[]]}
RESULT: {"script":"<script> [6424 bytes]","args":[{"element-6066-11e4-a52e-4f735466cecf":"f.F6BB02432D8D97F36D378B59895A9F69.d.83E235D8F0D22C18AEF70DE66C7DE24E.e.4583"},"getText",[]]}
COMMAND: POST /session/0140d377bb50cef00459d42e723e3497/element - {"using":"xpath","value":"//*[contains(@id, '__text') and (contains(text(), 'successfully created') or contains(., 'successfully created'))]"}
RESULT: {"using":"xpath","value":"//*[contains(@id, '__text') and (contains(text(), 'successfully created') or contains(., 'successfully created'))]"}
COMMAND: GET /session/0140d377bb50cef00459d42e723e3497/element/f.F6BB02432D8D97F36D378B59895A9F69.d.83E235D8F0D22C18AEF70DE66C7DE24E.e.4582/text - {}
RESULT: {}
COMMAND: POST /session/0140d377bb50cef00459d42e723e3497/execute/async - {"script":"<script> [1562 bytes]","args":[{"selector":{"controlType":"sap.m.Button","properties":{"text":"Close"},"searchOpenDialogs":true,"interaction":{"idSuffix":"BDI-content"}},"wdio_ui5_key":"sapm.Button{\"text\":\"Close\"}"}]}
RESULT: {"script":"<script> [1562 bytes]","args":[{"selector":{"controlType":"sap.m.Button","properties":{"text":"Close"},"searchOpenDialogs":true,"interaction":{"idSuffix":"BDI-content"}},"wdio_ui5_key":"sapm.Button{\"text\":\"Close\"}"}]}
RESULT: undefined
COMMAND: POST /session/0140d377bb50cef00459d42e723e3497/element - {"using":"xpath","value":"//*[@id=\"__mbox-btn-1\"]"}
RESULT: {"using":"xpath","value":"//*[@id=\"__mbox-btn-1\"]"}
COMMAND: POST /session/0140d377bb50cef00459d42e723e3497/element/f.F6BB02432D8D97F36D378B59895A9F69.d.83E235D8F0D22C18AEF70DE66C7DE24E.e.4580/click - {}
RESULT: {}
COMMAND: GET /session/0140d377bb50cef00459d42e723e3497/screenshot - {}
RESULT: {}
COMMAND: POST /session/0140d377bb50cef00459d42e723e3497/execute/async - {"script":"<script> [1562 bytes]","args":[{"selector":{"controlType":"sap.ui.core.Icon","viewName":"etm.portal.ui.manageresources.view.Detail","viewId":"application-manageresources-display-component---detailRU","properties":{"src":{"regex":{"source":"overflow"}}}},"wdio_ui5_key":"etmportal.ui.manageresources.view.Detailsap.ui.core.Icon{\"src\":{\"regex\":{\"source\":\"overflow\"}}}"}]}
RESULT: {"script":"<script> [1562 bytes]","args":[{"selector":{"controlType":"sap.ui.core.Icon","viewName":"etm.portal.ui.manageresources.view.Detail","viewId":"application-manageresources-display-component---detailRU","properties":{"src":{"regex":{"source":"overflow"}}}},"wdio_ui5_key":"etmportal.ui.manageresources.view.Detailsap.ui.core.Icon{\"src\":{\"regex\":{\"source\":\"overflow\"}}}"}]}
RESULT: undefined
COMMAND: POST /session/0140d377bb50cef00459d42e723e3497/element - {"using":"xpath","value":"//*[@id=\"__title81-_actionsToolbar-overflowButton-img\"]"}
RESULT: {"using":"xpath","value":"//*[@id=\"__title81-_actionsToolbar-overflowButton-img\"]"}
COMMAND: POST /session/0140d377bb50cef00459d42e723e3497/element/f.F6BB02432D8D97F36D378B59895A9F69.d.83E235D8F0D22C18AEF70DE66C7DE24E.e.4622/click - {}
RESULT: {}
COMMAND: POST /session/0140d377bb50cef00459d42e723e3497/execute/async - {"script":"<script> [1562 bytes]","args":[{"selector":{"controlType":"sap.m.Button","viewName":"etm.portal.ui.manageresources.view.Detail","viewId":"application-manageresources-display-component---detailRU","i18NText":{"propertyName":"tooltip","key":"closeColumn"},"searchOpenDialogs":true,"interaction":{"idSuffix":"inner"}},"wdio_ui5_key":"etmportal.ui.manageresources.view.Detailsap.m.Button{\"propertyName\":\"tooltip\",\"key\":\"closeColumn\"}"}]}
COMMAND: GET /session/0140d377bb50cef00459d42e723e3497/screenshot - {}
RESULT: {"script":"<script> [1562 bytes]","args":[{"selector":{"controlType":"sap.m.Button","viewName":"etm.portal.ui.manageresources.view.Detail","viewId":"application-manageresources-display-component---detailRU","i18NText":{"propertyName":"tooltip","key":"closeColumn"},"searchOpenDialogs":true,"interaction":{"idSuffix":"inner"}},"wdio_ui5_key":"etmportal.ui.manageresources.view.Detailsap.m.Button{\"propertyName\":\"tooltip\",\"key\":\"closeColumn\"}"}]}
RESULT: undefined
COMMAND: POST /session/0140d377bb50cef00459d42e723e3497/element - {"using":"xpath","value":"//*[@id=\"__button257\"]"}
RESULT: {}
RESULT: {"using":"xpath","value":"//*[@id=\"__button257\"]"}
COMMAND: POST /session/0140d377bb50cef00459d42e723e3497/element/f.F6BB02432D8D97F36D378B59895A9F69.d.83E235D8F0D22C18AEF70DE66C7DE24E.e.4624/click - {}
RESULT: {}
COMMAND: GET /session/0140d377bb50cef00459d42e723e3497/screenshot - {}
RESULT: {}
COMMAND: POST /session/0140d377bb50cef00459d42e723e3497/refresh - {}
RESULT: {}
COMMAND: GET /session/0140d377bb50cef00459d42e723e3497/screenshot - {}
RESULT: {}
COMMAND: POST /session/0140d377bb50cef00459d42e723e3497/execute/async - {"script":"<script> [189 bytes]","args":[]}
RESULT: {"script":"<script> [189 bytes]","args":[]}
COMMAND: POST /session/0140d377bb50cef00459d42e723e3497/execute/async - {"script":"<script> [123 bytes]","args":[]}
RESULT: {"script":"<script> [123 bytes]","args":[]}
COMMAND: POST /session/0140d377bb50cef00459d42e723e3497/timeouts - {"script":"<number>"}
RESULT: {"script":"<number>"}
COMMAND: GET /session/0140d377bb50cef00459d42e723e3497/timeouts - {}
RESULT: {}
RESULT: undefined
COMMAND: POST /session/0140d377bb50cef00459d42e723e3497/execute/async - {"script":"<script> [2676 bytes]","args":[]}
RESULT: {"script":"<script> [2676 bytes]","args":[]}
COMMAND: POST /session/0140d377bb50cef00459d42e723e3497/execute/async - {"script":"<script> [2342 bytes]","args":[{"protocol":"http","hostname":"0.0.0.0","path":"/","capabilities":{"browserName":"chrome","goog:chromeOptions":{"binary":"C:\\Program Files\\Google\\Chrome\\Application\\chrome.exe","args":["--start-maximized"]}},"logLevel":"warn","connectionRetryTimeout":120000,"connectionRetryCount":3,"logLevels":{},"enableDirectConnect":true,"strictSSL":true,"_":"65 more keys: [\"cacheDir\",\"port\",\"requestedCapabilities\",\"automationProtocol\",\"baseUrl\",\"waitforInterval\",\"waitforTimeout\",\"onReload\",\"beforeCommand\",\"afterCommand\",\"rootDir\",\"specs\",\"suites\",\"exclude\",\"groupLogsByTestSpec\",\"excludeDriverLogs\",\"bail\",\"framework\",\"reporters\",\"services\",\"maxInstances\",\"maxInstancesPerCapability\",\"injectGlobals\",\"filesToWatch\",\"execArgv\",\"runnerEnv\",\"runner\",\"shard\",\"specFileRetries\",\"specFileRetriesDelay\",\"specFileRetriesDeferred\",\"reporterSyncInterval\",\"reporterSyncTimeout\",\"cucumberFeaturesWithLineNumbers\",\"autoCompileOpts\",\"mochaOpts\",\"jasmineOpts\",\"cucumberOpts\",\"onPrepare\",\"onWorkerStart\",\"onWorkerEnd\",\"before\",\"beforeSession\",\"beforeSuite\",\"beforeHook\",\"beforeTest\",\"afterTest\",\"afterHook\",\"afterSuite\",\"afterSession\",\"after\",\"onComplete\",\"beforeAssertion\",\"afterAssertion\",\"beforeFeature\",\"beforeScenario\",\"beforeStep\",\"afterStep\",\"afterScenario\",\"afterFeature\",\"_\",\"suite\",\"$0\",\"ignoredWorkerServices\",\"wdi5\"]"}]}
RESULT: {"script":"<script> [2342 bytes]","args":[{"protocol":"http","hostname":"0.0.0.0","path":"/","capabilities":{"browserName":"chrome","goog:chromeOptions":{"binary":"C:\\Program Files\\Google\\Chrome\\Application\\chrome.exe","args":["--start-maximized"]}},"logLevel":"warn","connectionRetryTimeout":120000,"connectionRetryCount":3,"logLevels":{},"enableDirectConnect":true,"strictSSL":true,"_":"65 more keys: [\"cacheDir\",\"port\",\"requestedCapabilities\",\"automationProtocol\",\"baseUrl\",\"waitforInterval\",\"waitforTimeout\",\"onReload\",\"beforeCommand\",\"afterCommand\",\"rootDir\",\"specs\",\"suites\",\"exclude\",\"groupLogsByTestSpec\",\"excludeDriverLogs\",\"bail\",\"framework\",\"reporters\",\"services\",\"maxInstances\",\"maxInstancesPerCapability\",\"injectGlobals\",\"filesToWatch\",\"execArgv\",\"runnerEnv\",\"runner\",\"shard\",\"specFileRetries\",\"specFileRetriesDelay\",\"specFileRetriesDeferred\",\"reporterSyncInterval\",\"reporterSyncTimeout\",\"cucumberFeaturesWithLineNumbers\",\"autoCompileOpts\",\"mochaOpts\",\"jasmineOpts\",\"cucumberOpts\",\"onPrepare\",\"onWorkerStart\",\"onWorkerEnd\",\"before\",\"beforeSession\",\"beforeSuite\",\"beforeHook\",\"beforeTest\",\"afterTest\",\"afterHook\",\"afterSuite\",\"afterSession\",\"after\",\"onComplete\",\"beforeAssertion\",\"afterAssertion\",\"beforeFeature\",\"beforeScenario\",\"beforeStep\",\"afterStep\",\"afterScenario\",\"afterFeature\",\"_\",\"suite\",\"$0\",\"ignoredWorkerServices\",\"wdi5\"]"}]}
COMMAND: POST /session/0140d377bb50cef00459d42e723e3497/execute/async - {"script":"<script> [21126 bytes]","args":[35000]}
RESULT: {"script":"<script> [21126 bytes]","args":[35000]}
COMMAND: POST /session/0140d377bb50cef00459d42e723e3497/element - {"using":"css selector","value":"#shell-header-logo"}
RESULT: {"using":"css selector","value":"#shell-header-logo"}
COMMAND: POST /session/0140d377bb50cef00459d42e723e3497/element/f.F6BB02432D8D97F36D378B59895A9F69.d.8B56EB0A1AC5990783CD150CFA65EE1C.e.4731/click - {}
RESULT: {}
COMMAND: GET /session/0140d377bb50cef00459d42e723e3497/screenshot - {}
RESULT: {}
COMMAND: POST /session/0140d377bb50cef00459d42e723e3497/element - {"using":"css selector","value":"#shell-header-logo"}
RESULT: {"using":"css selector","value":"#shell-header-logo"}
COMMAND: POST /session/0140d377bb50cef00459d42e723e3497/element/f.F6BB02432D8D97F36D378B59895A9F69.d.8B56EB0A1AC5990783CD150CFA65EE1C.e.4909/click - {}
RESULT: {}
COMMAND: GET /session/0140d377bb50cef00459d42e723e3497/screenshot - {}
RESULT: {}
]]></system-out>
    </testcase>
    <testcase classname="chrome.136_0_7103_93.windows.Manage_request_+_Contract_processing_pick_up_option_US120163_" name="Should Create New Request pick up option" time="192.397">
      <system-out><![CDATA[
COMMAND: POST /session/0140d377bb50cef00459d42e723e3497/element - {"using":"css selector","value":"#shell-header-logo"}
RESULT: {"using":"css selector","value":"#shell-header-logo"}
COMMAND: POST /session/0140d377bb50cef00459d42e723e3497/element/f.F6BB02432D8D97F36D378B59895A9F69.d.8B56EB0A1AC5990783CD150CFA65EE1C.e.4909/click - {}
RESULT: {}
COMMAND: GET /session/0140d377bb50cef00459d42e723e3497/screenshot - {}
RESULT: {}
COMMAND: POST /session/0140d377bb50cef00459d42e723e3497/execute/async - {"script":"<script> [1562 bytes]","args":[{"selector":{"controlType":"sap.m.GenericTile","properties":{"header":"Manage Requests"}},"wdio_ui5_key":"sapm.GenericTile{\"header\":\"Manage Requests\"}"}]}
RESULT: {"script":"<script> [1562 bytes]","args":[{"selector":{"controlType":"sap.m.GenericTile","properties":{"header":"Manage Requests"}},"wdio_ui5_key":"sapm.GenericTile{\"header\":\"Manage Requests\"}"}]}
RESULT: undefined
COMMAND: POST /session/0140d377bb50cef00459d42e723e3497/element - {"using":"xpath","value":"//*[@id=\"__tile47\"]"}
RESULT: {"using":"xpath","value":"//*[@id=\"__tile47\"]"}
COMMAND: POST /session/0140d377bb50cef00459d42e723e3497/element/f.F6BB02432D8D97F36D378B59895A9F69.d.8B56EB0A1AC5990783CD150CFA65EE1C.e.4918/click - {}
RESULT: {}
COMMAND: GET /session/0140d377bb50cef00459d42e723e3497/screenshot - {}
RESULT: {}
COMMAND: POST /session/0140d377bb50cef00459d42e723e3497/elements - {"using":"xpath","value":"//span[text()='Error']"}
RESULT: {"using":"xpath","value":"//span[text()='Error']"}
COMMAND: POST /session/0140d377bb50cef00459d42e723e3497/refresh - {}
RESULT: {}
COMMAND: GET /session/0140d377bb50cef00459d42e723e3497/screenshot - {}
RESULT: {}
COMMAND: POST /session/0140d377bb50cef00459d42e723e3497/execute/async - {"script":"<script> [189 bytes]","args":[]}
RESULT: {"script":"<script> [189 bytes]","args":[]}
COMMAND: POST /session/0140d377bb50cef00459d42e723e3497/execute/async - {"script":"<script> [123 bytes]","args":[]}
RESULT: {"script":"<script> [123 bytes]","args":[]}
COMMAND: POST /session/0140d377bb50cef00459d42e723e3497/timeouts - {"script":"<number>"}
RESULT: {"script":"<number>"}
COMMAND: GET /session/0140d377bb50cef00459d42e723e3497/timeouts - {}
RESULT: {}
RESULT: undefined
COMMAND: POST /session/0140d377bb50cef00459d42e723e3497/execute/async - {"script":"<script> [2676 bytes]","args":[]}
RESULT: {"script":"<script> [2676 bytes]","args":[]}
COMMAND: POST /session/0140d377bb50cef00459d42e723e3497/execute/async - {"script":"<script> [2342 bytes]","args":[{"protocol":"http","hostname":"0.0.0.0","path":"/","capabilities":{"browserName":"chrome","goog:chromeOptions":{"binary":"C:\\Program Files\\Google\\Chrome\\Application\\chrome.exe","args":["--start-maximized"]}},"logLevel":"warn","connectionRetryTimeout":120000,"connectionRetryCount":3,"logLevels":{},"enableDirectConnect":true,"strictSSL":true,"_":"65 more keys: [\"cacheDir\",\"port\",\"requestedCapabilities\",\"automationProtocol\",\"baseUrl\",\"waitforInterval\",\"waitforTimeout\",\"onReload\",\"beforeCommand\",\"afterCommand\",\"rootDir\",\"specs\",\"suites\",\"exclude\",\"groupLogsByTestSpec\",\"excludeDriverLogs\",\"bail\",\"framework\",\"reporters\",\"services\",\"maxInstances\",\"maxInstancesPerCapability\",\"injectGlobals\",\"filesToWatch\",\"execArgv\",\"runnerEnv\",\"runner\",\"shard\",\"specFileRetries\",\"specFileRetriesDelay\",\"specFileRetriesDeferred\",\"reporterSyncInterval\",\"reporterSyncTimeout\",\"cucumberFeaturesWithLineNumbers\",\"autoCompileOpts\",\"mochaOpts\",\"jasmineOpts\",\"cucumberOpts\",\"onPrepare\",\"onWorkerStart\",\"onWorkerEnd\",\"before\",\"beforeSession\",\"beforeSuite\",\"beforeHook\",\"beforeTest\",\"afterTest\",\"afterHook\",\"afterSuite\",\"afterSession\",\"after\",\"onComplete\",\"beforeAssertion\",\"afterAssertion\",\"beforeFeature\",\"beforeScenario\",\"beforeStep\",\"afterStep\",\"afterScenario\",\"afterFeature\",\"_\",\"suite\",\"$0\",\"ignoredWorkerServices\",\"wdi5\"]"}]}
RESULT: {"script":"<script> [2342 bytes]","args":[{"protocol":"http","hostname":"0.0.0.0","path":"/","capabilities":{"browserName":"chrome","goog:chromeOptions":{"binary":"C:\\Program Files\\Google\\Chrome\\Application\\chrome.exe","args":["--start-maximized"]}},"logLevel":"warn","connectionRetryTimeout":120000,"connectionRetryCount":3,"logLevels":{},"enableDirectConnect":true,"strictSSL":true,"_":"65 more keys: [\"cacheDir\",\"port\",\"requestedCapabilities\",\"automationProtocol\",\"baseUrl\",\"waitforInterval\",\"waitforTimeout\",\"onReload\",\"beforeCommand\",\"afterCommand\",\"rootDir\",\"specs\",\"suites\",\"exclude\",\"groupLogsByTestSpec\",\"excludeDriverLogs\",\"bail\",\"framework\",\"reporters\",\"services\",\"maxInstances\",\"maxInstancesPerCapability\",\"injectGlobals\",\"filesToWatch\",\"execArgv\",\"runnerEnv\",\"runner\",\"shard\",\"specFileRetries\",\"specFileRetriesDelay\",\"specFileRetriesDeferred\",\"reporterSyncInterval\",\"reporterSyncTimeout\",\"cucumberFeaturesWithLineNumbers\",\"autoCompileOpts\",\"mochaOpts\",\"jasmineOpts\",\"cucumberOpts\",\"onPrepare\",\"onWorkerStart\",\"onWorkerEnd\",\"before\",\"beforeSession\",\"beforeSuite\",\"beforeHook\",\"beforeTest\",\"afterTest\",\"afterHook\",\"afterSuite\",\"afterSession\",\"after\",\"onComplete\",\"beforeAssertion\",\"afterAssertion\",\"beforeFeature\",\"beforeScenario\",\"beforeStep\",\"afterStep\",\"afterScenario\",\"afterFeature\",\"_\",\"suite\",\"$0\",\"ignoredWorkerServices\",\"wdi5\"]"}]}
COMMAND: POST /session/0140d377bb50cef00459d42e723e3497/execute/async - {"script":"<script> [21126 bytes]","args":[35000]}
RESULT: {"script":"<script> [21126 bytes]","args":[35000]}
COMMAND: POST /session/0140d377bb50cef00459d42e723e3497/element - {"using":"xpath","value":"//button[contains(@data-kt ,\"btnCreateNewOverflowToolbarButton\")]"}
COMMAND: POST /session/0140d377bb50cef00459d42e723e3497/element - {"using":"xpath","value":"(//span[contains(@class ,\"sapMObjStatusText\")])[1]"}
RESULT: {"using":"xpath","value":"//button[contains(@data-kt ,\"btnCreateNewOverflowToolbarButton\")]"}
COMMAND: POST /session/0140d377bb50cef00459d42e723e3497/elements - {"using":"xpath","value":"//button[contains(@data-kt ,\"btnCreateNewOverflowToolbarButton\")]"}
RESULT: {"using":"xpath","value":"(//span[contains(@class ,\"sapMObjStatusText\")])[1]"}
COMMAND: POST /session/0140d377bb50cef00459d42e723e3497/element - {"using":"xpath","value":"(//span[contains(@class ,\"sapMObjStatusText\")])[1]"}
RESULT: {"using":"xpath","value":"//button[contains(@data-kt ,\"btnCreateNewOverflowToolbarButton\")]"}
RESULT: {"using":"xpath","value":"(//span[contains(@class ,\"sapMObjStatusText\")])[1]"}
COMMAND: POST /session/0140d377bb50cef00459d42e723e3497/elements - {"using":"xpath","value":"//button[contains(@data-kt ,\"btnCreateNewOverflowToolbarButton\")]"}
COMMAND: POST /session/0140d377bb50cef00459d42e723e3497/element - {"using":"xpath","value":"(//span[contains(@class ,\"sapMObjStatusText\")])[1]"}
RESULT: {"using":"xpath","value":"//button[contains(@data-kt ,\"btnCreateNewOverflowToolbarButton\")]"}
COMMAND: POST /session/0140d377bb50cef00459d42e723e3497/elements - {"using":"xpath","value":"//button[contains(@data-kt ,\"btnCreateNewOverflowToolbarButton\")]"}
RESULT: {"using":"xpath","value":"(//span[contains(@class ,\"sapMObjStatusText\")])[1]"}
COMMAND: POST /session/0140d377bb50cef00459d42e723e3497/element - {"using":"xpath","value":"(//span[contains(@class ,\"sapMObjStatusText\")])[1]"}
RESULT: {"using":"xpath","value":"//button[contains(@data-kt ,\"btnCreateNewOverflowToolbarButton\")]"}
COMMAND: POST /session/0140d377bb50cef00459d42e723e3497/elements - {"using":"xpath","value":"//button[contains(@data-kt ,\"btnCreateNewOverflowToolbarButton\")]"}
RESULT: {"using":"xpath","value":"(//span[contains(@class ,\"sapMObjStatusText\")])[1]"}
RESULT: {"using":"xpath","value":"//button[contains(@data-kt ,\"btnCreateNewOverflowToolbarButton\")]"}
COMMAND: POST /session/0140d377bb50cef00459d42e723e3497/element - {"using":"xpath","value":"(//span[contains(@class ,\"sapMObjStatusText\")])[1]"}
COMMAND: POST /session/0140d377bb50cef00459d42e723e3497/elements - {"using":"xpath","value":"//button[contains(@data-kt ,\"btnCreateNewOverflowToolbarButton\")]"}
RESULT: {"using":"xpath","value":"(//span[contains(@class ,\"sapMObjStatusText\")])[1]"}
RESULT: {"using":"xpath","value":"//button[contains(@data-kt ,\"btnCreateNewOverflowToolbarButton\")]"}
COMMAND: POST /session/0140d377bb50cef00459d42e723e3497/element - {"using":"xpath","value":"(//span[contains(@class ,\"sapMObjStatusText\")])[1]"}
COMMAND: POST /session/0140d377bb50cef00459d42e723e3497/elements - {"using":"xpath","value":"//button[contains(@data-kt ,\"btnCreateNewOverflowToolbarButton\")]"}
RESULT: {"using":"xpath","value":"(//span[contains(@class ,\"sapMObjStatusText\")])[1]"}
COMMAND: POST /session/0140d377bb50cef00459d42e723e3497/element - {"using":"xpath","value":"(//span[contains(@class ,\"sapMObjStatusText\")])[1]"}
RESULT: {"using":"xpath","value":"//button[contains(@data-kt ,\"btnCreateNewOverflowToolbarButton\")]"}
COMMAND: POST /session/0140d377bb50cef00459d42e723e3497/elements - {"using":"xpath","value":"//button[contains(@data-kt ,\"btnCreateNewOverflowToolbarButton\")]"}
RESULT: {"using":"xpath","value":"(//span[contains(@class ,\"sapMObjStatusText\")])[1]"}
COMMAND: POST /session/0140d377bb50cef00459d42e723e3497/element - {"using":"xpath","value":"(//span[contains(@class ,\"sapMObjStatusText\")])[1]"}
RESULT: {"using":"xpath","value":"//button[contains(@data-kt ,\"btnCreateNewOverflowToolbarButton\")]"}
RESULT: {"using":"xpath","value":"(//span[contains(@class ,\"sapMObjStatusText\")])[1]"}
COMMAND: POST /session/0140d377bb50cef00459d42e723e3497/elements - {"using":"xpath","value":"//button[contains(@data-kt ,\"btnCreateNewOverflowToolbarButton\")]"}
RESULT: {"using":"xpath","value":"//button[contains(@data-kt ,\"btnCreateNewOverflowToolbarButton\")]"}
COMMAND: POST /session/0140d377bb50cef00459d42e723e3497/element - {"using":"xpath","value":"(//span[contains(@class ,\"sapMObjStatusText\")])[1]"}
RESULT: {"using":"xpath","value":"(//span[contains(@class ,\"sapMObjStatusText\")])[1]"}
COMMAND: POST /session/0140d377bb50cef00459d42e723e3497/elements - {"using":"xpath","value":"//button[contains(@data-kt ,\"btnCreateNewOverflowToolbarButton\")]"}
RESULT: {"using":"xpath","value":"//button[contains(@data-kt ,\"btnCreateNewOverflowToolbarButton\")]"}
COMMAND: POST /session/0140d377bb50cef00459d42e723e3497/element - {"using":"xpath","value":"(//span[contains(@class ,\"sapMObjStatusText\")])[1]"}
RESULT: {"using":"xpath","value":"(//span[contains(@class ,\"sapMObjStatusText\")])[1]"}
COMMAND: POST /session/0140d377bb50cef00459d42e723e3497/elements - {"using":"xpath","value":"//button[contains(@data-kt ,\"btnCreateNewOverflowToolbarButton\")]"}
COMMAND: POST /session/0140d377bb50cef00459d42e723e3497/element - {"using":"xpath","value":"(//span[contains(@class ,\"sapMObjStatusText\")])[1]"}
RESULT: {"using":"xpath","value":"//button[contains(@data-kt ,\"btnCreateNewOverflowToolbarButton\")]"}
COMMAND: POST /session/0140d377bb50cef00459d42e723e3497/element - {"using":"xpath","value":"//button[contains(@data-kt ,\"btnCreateNewOverflowToolbarButton\")]"}
RESULT: {"using":"xpath","value":"(//span[contains(@class ,\"sapMObjStatusText\")])[1]"}
COMMAND: POST /session/0140d377bb50cef00459d42e723e3497/execute/sync - {"script":"<script> [8489 bytes]","args":[{"element-6066-11e4-a52e-4f735466cecf":"f.F6BB02432D8D97F36D378B59895A9F69.d.7E4E9CAA0C916D573AD1C39B73A7CB76.e.5115","ELEMENT":"f.F6BB02432D8D97F36D378B59895A9F69.d.7E4E9CAA0C916D573AD1C39B73A7CB76.e.5115"}]}
RESULT: {"using":"xpath","value":"//button[contains(@data-kt ,\"btnCreateNewOverflowToolbarButton\")]"}
COMMAND: POST /session/0140d377bb50cef00459d42e723e3497/element/f.F6BB02432D8D97F36D378B59895A9F69.d.7E4E9CAA0C916D573AD1C39B73A7CB76.e.5057/click - {}
RESULT: {"script":"<script> [8489 bytes]","args":[{"element-6066-11e4-a52e-4f735466cecf":"f.F6BB02432D8D97F36D378B59895A9F69.d.7E4E9CAA0C916D573AD1C39B73A7CB76.e.5115","ELEMENT":"f.F6BB02432D8D97F36D378B59895A9F69.d.7E4E9CAA0C916D573AD1C39B73A7CB76.e.5115"}]}
COMMAND: GET /session/0140d377bb50cef00459d42e723e3497/screenshot - {}
RESULT: {}
COMMAND: GET /session/0140d377bb50cef00459d42e723e3497/screenshot - {}
RESULT: {}
RESULT: {}
COMMAND: POST /session/0140d377bb50cef00459d42e723e3497/element - {"using":"xpath","value":"//input[contains(@id ,\"yardId-inner\")]"}
RESULT: {"using":"xpath","value":"//input[contains(@id ,\"yardId-inner\")]"}
COMMAND: POST /session/0140d377bb50cef00459d42e723e3497/execute/sync - {"script":"<script> [8489 bytes]","args":[{"element-6066-11e4-a52e-4f735466cecf":"f.F6BB02432D8D97F36D378B59895A9F69.d.7E4E9CAA0C916D573AD1C39B73A7CB76.e.5217","ELEMENT":"f.F6BB02432D8D97F36D378B59895A9F69.d.7E4E9CAA0C916D573AD1C39B73A7CB76.e.5217"}]}
RESULT: {"script":"<script> [8489 bytes]","args":[{"element-6066-11e4-a52e-4f735466cecf":"f.F6BB02432D8D97F36D378B59895A9F69.d.7E4E9CAA0C916D573AD1C39B73A7CB76.e.5217","ELEMENT":"f.F6BB02432D8D97F36D378B59895A9F69.d.7E4E9CAA0C916D573AD1C39B73A7CB76.e.5217"}]}
COMMAND: POST /session/0140d377bb50cef00459d42e723e3497/element - {"using":"xpath","value":"//input[contains(@id ,\"requestContractNo-inner\")]"}
COMMAND: POST /session/0140d377bb50cef00459d42e723e3497/element - {"using":"xpath","value":"//input[contains(@id ,\"yardId-inner\")]"}
COMMAND: GET /session/0140d377bb50cef00459d42e723e3497/screenshot - {}
RESULT: {"using":"xpath","value":"//input[contains(@id ,\"requestContractNo-inner\")]"}
COMMAND: POST /session/0140d377bb50cef00459d42e723e3497/element/f.F6BB02432D8D97F36D378B59895A9F69.d.7E4E9CAA0C916D573AD1C39B73A7CB76.e.5212/value - {"text":"10418"}
RESULT: {"using":"xpath","value":"//input[contains(@id ,\"yardId-inner\")]"}
COMMAND: GET /session/0140d377bb50cef00459d42e723e3497/element/f.F6BB02432D8D97F36D378B59895A9F69.d.7E4E9CAA0C916D573AD1C39B73A7CB76.e.5217/enabled - {}
RESULT: {}
RESULT: {"text":"10418"}
RESULT: {}
COMMAND: GET /session/0140d377bb50cef00459d42e723e3497/screenshot - {}
COMMAND: GET /session/0140d377bb50cef00459d42e723e3497/screenshot - {}
RESULT: {}
RESULT: {}
COMMAND: POST /session/0140d377bb50cef00459d42e723e3497/actions - {"actions":[{"id":"action37","type":"key","parameters":{},"actions":[{"type":"keyDown","value":""},{"type":"pause","duration":10},{"type":"keyUp","value":""}]}]}
RESULT: {"actions":[{"id":"action37","type":"key","parameters":{},"actions":[{"type":"keyDown","value":""},{"type":"pause","duration":10},{"type":"keyUp","value":""}]}]}
COMMAND: GET /session/0140d377bb50cef00459d42e723e3497/screenshot - {}
RESULT: {}
COMMAND: POST /session/0140d377bb50cef00459d42e723e3497/execute/async - {"script":"<script> [1562 bytes]","args":[{"selector":{"controlType":"sap.m.Button","viewName":"etm.portal.ui.managerequests.view.NewRequest","properties":{"text":"Items"},"interaction":{"idSuffix":"BDI-content"}},"wdio_ui5_key":"etmportal.ui.managerequests.view.NewRequestsap.m.Button{\"text\":\"Items\"}"}]}
RESULT: {"script":"<script> [1562 bytes]","args":[{"selector":{"controlType":"sap.m.Button","viewName":"etm.portal.ui.managerequests.view.NewRequest","properties":{"text":"Items"},"interaction":{"idSuffix":"BDI-content"}},"wdio_ui5_key":"etmportal.ui.managerequests.view.NewRequestsap.m.Button{\"text\":\"Items\"}"}]}
RESULT: undefined
COMMAND: POST /session/0140d377bb50cef00459d42e723e3497/element - {"using":"xpath","value":"//*[@id=\"__xmlview1--newRequestPage-anchBar-__xmlview1--requestItemsSection-anchor\"]"}
RESULT: {"using":"xpath","value":"//*[@id=\"__xmlview1--newRequestPage-anchBar-__xmlview1--requestItemsSection-anchor\"]"}
COMMAND: POST /session/0140d377bb50cef00459d42e723e3497/element/f.F6BB02432D8D97F36D378B59895A9F69.d.7E4E9CAA0C916D573AD1C39B73A7CB76.e.5369/click - {}
RESULT: {}
COMMAND: GET /session/0140d377bb50cef00459d42e723e3497/screenshot - {}
RESULT: {}
COMMAND: POST /session/0140d377bb50cef00459d42e723e3497/execute/async - {"script":"<script> [1562 bytes]","args":[{"selector":{"controlType":"sap.ui.core.Icon","viewName":"etm.portal.ui.managerequests.view.NewRequest","properties":{"src":{"regex":{"source":"inspect"}}}},"wdio_ui5_key":"etmportal.ui.managerequests.view.NewRequestsap.ui.core.Icon{\"src\":{\"regex\":{\"source\":\"inspect\"}}}"}]}
RESULT: {"script":"<script> [1562 bytes]","args":[{"selector":{"controlType":"sap.ui.core.Icon","viewName":"etm.portal.ui.managerequests.view.NewRequest","properties":{"src":{"regex":{"source":"inspect"}}}},"wdio_ui5_key":"etmportal.ui.managerequests.view.NewRequestsap.ui.core.Icon{\"src\":{\"regex\":{\"source\":\"inspect\"}}}"}]}
RESULT: undefined
COMMAND: POST /session/0140d377bb50cef00459d42e723e3497/element - {"using":"xpath","value":"//*[@id=\"__button8-img\"]"}
RESULT: {"using":"xpath","value":"//*[@id=\"__button8-img\"]"}
COMMAND: POST /session/0140d377bb50cef00459d42e723e3497/element/f.F6BB02432D8D97F36D378B59895A9F69.d.7E4E9CAA0C916D573AD1C39B73A7CB76.e.5374/click - {}
RESULT: {}
COMMAND: GET /session/0140d377bb50cef00459d42e723e3497/screenshot - {}
RESULT: {}
COMMAND: POST /session/0140d377bb50cef00459d42e723e3497/execute/async - {"script":"<script> [1562 bytes]","args":[{"selector":{"controlType":"sap.ui.core.Icon","viewName":"etm.portal.ui.managerequests.view.NewRequest","properties":{"src":{"regex":{"source":"add"}}}},"wdio_ui5_key":"etmportal.ui.managerequests.view.NewRequestsap.ui.core.Icon{\"src\":{\"regex\":{\"source\":\"add\"}}}"}]}
RESULT: {"script":"<script> [1562 bytes]","args":[{"selector":{"controlType":"sap.ui.core.Icon","viewName":"etm.portal.ui.managerequests.view.NewRequest","properties":{"src":{"regex":{"source":"add"}}}},"wdio_ui5_key":"etmportal.ui.managerequests.view.NewRequestsap.ui.core.Icon{\"src\":{\"regex\":{\"source\":\"add\"}}}"}]}
RESULT: undefined
COMMAND: POST /session/0140d377bb50cef00459d42e723e3497/element - {"using":"xpath","value":"//*[@id=\"__xmlview1--btnAddTableRow-img\"]"}
RESULT: {"using":"xpath","value":"//*[@id=\"__xmlview1--btnAddTableRow-img\"]"}
COMMAND: POST /session/0140d377bb50cef00459d42e723e3497/element/f.F6BB02432D8D97F36D378B59895A9F69.d.7E4E9CAA0C916D573AD1C39B73A7CB76.e.5382/click - {}
RESULT: {}
COMMAND: GET /session/0140d377bb50cef00459d42e723e3497/screenshot - {}
RESULT: {}
COMMAND: POST /session/0140d377bb50cef00459d42e723e3497/execute/async - {"script":"<script> [1562 bytes]","args":[{"selector":{"controlType":"sap.ui.unified.MenuItem","viewName":"etm.portal.ui.managerequests.view.NewRequest","i18NText":{"propertyName":"text","key":"standardEntry"},"searchOpenDialogs":true,"interaction":{"idSuffix":"txt"}},"wdio_ui5_key":"etmportal.ui.managerequests.view.NewRequestsap.ui.unified.MenuItem{\"propertyName\":\"text\",\"key\":\"standardEntry\"}"}]}
RESULT: {"script":"<script> [1562 bytes]","args":[{"selector":{"controlType":"sap.ui.unified.MenuItem","viewName":"etm.portal.ui.managerequests.view.NewRequest","i18NText":{"propertyName":"text","key":"standardEntry"},"searchOpenDialogs":true,"interaction":{"idSuffix":"txt"}},"wdio_ui5_key":"etmportal.ui.managerequests.view.NewRequestsap.ui.unified.MenuItem{\"propertyName\":\"text\",\"key\":\"standardEntry\"}"}]}
RESULT: undefined
COMMAND: POST /session/0140d377bb50cef00459d42e723e3497/element - {"using":"xpath","value":"//*[@id=\"__item178\"]"}
RESULT: {"using":"xpath","value":"//*[@id=\"__item178\"]"}
COMMAND: POST /session/0140d377bb50cef00459d42e723e3497/element/f.F6BB02432D8D97F36D378B59895A9F69.d.7E4E9CAA0C916D573AD1C39B73A7CB76.e.5386/click - {}
RESULT: {}
COMMAND: GET /session/0140d377bb50cef00459d42e723e3497/screenshot - {}
RESULT: {}
RESULT: undefined
COMMAND: POST /session/0140d377bb50cef00459d42e723e3497/element - {"using":"xpath","value":"//*[@id=\"__xmlview1--btnAddTableRow-img\"]"}
RESULT: {"using":"xpath","value":"//*[@id=\"__xmlview1--btnAddTableRow-img\"]"}
COMMAND: POST /session/0140d377bb50cef00459d42e723e3497/element/f.F6BB02432D8D97F36D378B59895A9F69.d.7E4E9CAA0C916D573AD1C39B73A7CB76.e.5382/click - {}
RESULT: {}
COMMAND: GET /session/0140d377bb50cef00459d42e723e3497/screenshot - {}
RESULT: {}
RESULT: undefined
COMMAND: POST /session/0140d377bb50cef00459d42e723e3497/element - {"using":"xpath","value":"//*[@id=\"__item178\"]"}
RESULT: {"using":"xpath","value":"//*[@id=\"__item178\"]"}
COMMAND: POST /session/0140d377bb50cef00459d42e723e3497/element/f.F6BB02432D8D97F36D378B59895A9F69.d.7E4E9CAA0C916D573AD1C39B73A7CB76.e.5407/click - {}
RESULT: {}
COMMAND: GET /session/0140d377bb50cef00459d42e723e3497/screenshot - {}
COMMAND: POST /session/0140d377bb50cef00459d42e723e3497/element - {"using":"xpath","value":"(//input[contains(@id ,\"requestItemsTable-0-inner\")])[5]"}
RESULT: {}
RESULT: {"using":"xpath","value":"(//input[contains(@id ,\"requestItemsTable-0-inner\")])[5]"}
COMMAND: POST /session/0140d377bb50cef00459d42e723e3497/element/f.F6BB02432D8D97F36D378B59895A9F69.d.7E4E9CAA0C916D573AD1C39B73A7CB76.e.5398/clear - {}
RESULT: {}
COMMAND: POST /session/0140d377bb50cef00459d42e723e3497/element/f.F6BB02432D8D97F36D378B59895A9F69.d.7E4E9CAA0C916D573AD1C39B73A7CB76.e.5398/value - {"text":"1000001"}
COMMAND: GET /session/0140d377bb50cef00459d42e723e3497/screenshot - {}
RESULT: {"text":"1000001"}
COMMAND: GET /session/0140d377bb50cef00459d42e723e3497/screenshot - {}
RESULT: {}
RESULT: {}
COMMAND: POST /session/0140d377bb50cef00459d42e723e3497/actions - {"actions":[{"id":"action38","type":"key","parameters":{},"actions":[{"type":"keyDown","value":""},{"type":"pause","duration":10},{"type":"keyUp","value":""}]}]}
RESULT: {"actions":[{"id":"action38","type":"key","parameters":{},"actions":[{"type":"keyDown","value":""},{"type":"pause","duration":10},{"type":"keyUp","value":""}]}]}
COMMAND: POST /session/0140d377bb50cef00459d42e723e3497/element - {"using":"xpath","value":"(//input[contains(@id ,\"requestItemsTable-1-inner\")])[5]"}
COMMAND: GET /session/0140d377bb50cef00459d42e723e3497/screenshot - {}
RESULT: {"using":"xpath","value":"(//input[contains(@id ,\"requestItemsTable-1-inner\")])[5]"}
COMMAND: POST /session/0140d377bb50cef00459d42e723e3497/element/f.F6BB02432D8D97F36D378B59895A9F69.d.7E4E9CAA0C916D573AD1C39B73A7CB76.e.5413/clear - {}
RESULT: {}
RESULT: {}
COMMAND: POST /session/0140d377bb50cef00459d42e723e3497/element/f.F6BB02432D8D97F36D378B59895A9F69.d.7E4E9CAA0C916D573AD1C39B73A7CB76.e.5413/value - {"text":"200307"}
COMMAND: GET /session/0140d377bb50cef00459d42e723e3497/screenshot - {}
RESULT: {"text":"200307"}
COMMAND: GET /session/0140d377bb50cef00459d42e723e3497/screenshot - {}
RESULT: {}
RESULT: {}
COMMAND: POST /session/0140d377bb50cef00459d42e723e3497/actions - {"actions":[{"id":"action39","type":"key","parameters":{},"actions":[{"type":"keyDown","value":""},{"type":"pause","duration":10},{"type":"keyUp","value":""}]}]}
RESULT: {"actions":[{"id":"action39","type":"key","parameters":{},"actions":[{"type":"keyDown","value":""},{"type":"pause","duration":10},{"type":"keyUp","value":""}]}]}
COMMAND: POST /session/0140d377bb50cef00459d42e723e3497/element - {"using":"xpath","value":"//div[contains(@data-kt ,\"splitAllocationObjectStatus\")]"}
COMMAND: GET /session/0140d377bb50cef00459d42e723e3497/screenshot - {}
RESULT: {"using":"xpath","value":"//div[contains(@data-kt ,\"splitAllocationObjectStatus\")]"}
COMMAND: POST /session/0140d377bb50cef00459d42e723e3497/elements - {"using":"xpath","value":"//div[contains(@data-kt ,\"splitAllocationObjectStatus\")]"}
RESULT: {}
RESULT: {"using":"xpath","value":"//div[contains(@data-kt ,\"splitAllocationObjectStatus\")]"}
COMMAND: POST /session/0140d377bb50cef00459d42e723e3497/execute/async - {"script":"<script> [1562 bytes]","args":[{"selector":{"controlType":"sap.ui.core.Icon","viewName":"etm.portal.ui.managerequests.view.NewRequest","properties":{"src":{"regex":{"source":"message\\-error"}}},"ancestor":{"controlType":"sap.m.ColumnListItem","viewName":"etm.portal.ui.managerequests.view.NewRequest","bindingPath":{"modelName":"newRequestItems","path":"/RequestItems/0"},"ancestor":{"id":"requestItemsTable","viewName":"etm.portal.ui.managerequests.view.NewRequest"}}},"wdio_ui5_key":"etmportal.ui.managerequests.view.NewRequestsap.ui.core.Icon{\"src\":{\"regex\":{\"source\":\"message\\\\-error\"}}}{\"controlType\":\"sap.m.ColumnListItem\",\"viewName\":\"etm.portal.ui.managerequests.view.NewRequest\",\"bindingPath\":{\"modelName\":\"newRequestItems\",\"path\":\"/RequestItems/0\"},\"ancestor\":{\"id\":\"requestItemsTable\",\"viewName\":\"etm.portal.ui.managerequests.view.NewRequest\"}}"}]}
RESULT: {"script":"<script> [1562 bytes]","args":[{"selector":{"controlType":"sap.ui.core.Icon","viewName":"etm.portal.ui.managerequests.view.NewRequest","properties":{"src":{"regex":{"source":"message\\-error"}}},"ancestor":{"controlType":"sap.m.ColumnListItem","viewName":"etm.portal.ui.managerequests.view.NewRequest","bindingPath":{"modelName":"newRequestItems","path":"/RequestItems/0"},"ancestor":{"id":"requestItemsTable","viewName":"etm.portal.ui.managerequests.view.NewRequest"}}},"wdio_ui5_key":"etmportal.ui.managerequests.view.NewRequestsap.ui.core.Icon{\"src\":{\"regex\":{\"source\":\"message\\\\-error\"}}}{\"controlType\":\"sap.m.ColumnListItem\",\"viewName\":\"etm.portal.ui.managerequests.view.NewRequest\",\"bindingPath\":{\"modelName\":\"newRequestItems\",\"path\":\"/RequestItems/0\"},\"ancestor\":{\"id\":\"requestItemsTable\",\"viewName\":\"etm.portal.ui.managerequests.view.NewRequest\"}}"}]}
RESULT: undefined
COMMAND: POST /session/0140d377bb50cef00459d42e723e3497/element - {"using":"xpath","value":"//*[@id=\"__status4-__xmlview1--requestItemsTable-0-icon\"]"}
RESULT: {"using":"xpath","value":"//*[@id=\"__status4-__xmlview1--requestItemsTable-0-icon\"]"}
COMMAND: POST /session/0140d377bb50cef00459d42e723e3497/element/f.F6BB02432D8D97F36D378B59895A9F69.d.7E4E9CAA0C916D573AD1C39B73A7CB76.e.5425/click - {}
RESULT: {}
COMMAND: GET /session/0140d377bb50cef00459d42e723e3497/screenshot - {}
RESULT: {}
COMMAND: POST /session/0140d377bb50cef00459d42e723e3497/execute/async - {"script":"<script> [1562 bytes]","args":[{"selector":{"id":"costObjectAdminTypeComboBox","viewName":"etm.portal.ui.managerequests.view.NewRequest","searchOpenDialogs":true,"interaction":{"idSuffix":"inner"}},"wdio_ui5_key":"costObjectAdminTypeComboBoxetmportal.ui.managerequests.view.NewRequest"}]}
RESULT: {"script":"<script> [1562 bytes]","args":[{"selector":{"id":"costObjectAdminTypeComboBox","viewName":"etm.portal.ui.managerequests.view.NewRequest","searchOpenDialogs":true,"interaction":{"idSuffix":"inner"}},"wdio_ui5_key":"costObjectAdminTypeComboBoxetmportal.ui.managerequests.view.NewRequest"}]}
RESULT: undefined
COMMAND: POST /session/0140d377bb50cef00459d42e723e3497/execute/async - {"script":"<script> [776 bytes]","args":[{"enterText":"Cost Center","selector":{"id":"costObjectAdminTypeComboBox","viewName":"etm.portal.ui.managerequests.view.NewRequest","searchOpenDialogs":true,"interaction":{"idSuffix":"inner"}},"clearTextFirst":true,"interactionType":"ENTER_TEXT"}]}
RESULT: {"script":"<script> [776 bytes]","args":[{"enterText":"Cost Center","selector":{"id":"costObjectAdminTypeComboBox","viewName":"etm.portal.ui.managerequests.view.NewRequest","searchOpenDialogs":true,"interaction":{"idSuffix":"inner"}},"clearTextFirst":true,"interactionType":"ENTER_TEXT"}]}
COMMAND: POST /session/0140d377bb50cef00459d42e723e3497/actions - {"actions":[{"id":"action40","type":"key","parameters":{},"actions":[{"type":"keyDown","value":""},{"type":"pause","duration":10},{"type":"keyUp","value":""}]}]}
RESULT: {"actions":[{"id":"action40","type":"key","parameters":{},"actions":[{"type":"keyDown","value":""},{"type":"pause","duration":10},{"type":"keyUp","value":""}]}]}
COMMAND: GET /session/0140d377bb50cef00459d42e723e3497/screenshot - {}
RESULT: {}
COMMAND: POST /session/0140d377bb50cef00459d42e723e3497/execute/async - {"script":"<script> [1562 bytes]","args":[{"selector":{"id":"costObjectIdComboBox","viewName":"etm.portal.ui.managerequests.view.NewRequest","searchOpenDialogs":true,"interaction":{"idSuffix":"inner"}},"wdio_ui5_key":"costObjectIdComboBoxetmportal.ui.managerequests.view.NewRequest"}]}
RESULT: {"script":"<script> [1562 bytes]","args":[{"selector":{"id":"costObjectIdComboBox","viewName":"etm.portal.ui.managerequests.view.NewRequest","searchOpenDialogs":true,"interaction":{"idSuffix":"inner"}},"wdio_ui5_key":"costObjectIdComboBoxetmportal.ui.managerequests.view.NewRequest"}]}
RESULT: undefined
COMMAND: POST /session/0140d377bb50cef00459d42e723e3497/execute/async - {"script":"<script> [776 bytes]","args":[{"enterText":"1001 - 1001","selector":{"id":"costObjectIdComboBox","viewName":"etm.portal.ui.managerequests.view.NewRequest","searchOpenDialogs":true,"interaction":{"idSuffix":"inner"}},"clearTextFirst":true,"interactionType":"ENTER_TEXT"}]}
RESULT: {"script":"<script> [776 bytes]","args":[{"enterText":"1001 - 1001","selector":{"id":"costObjectIdComboBox","viewName":"etm.portal.ui.managerequests.view.NewRequest","searchOpenDialogs":true,"interaction":{"idSuffix":"inner"}},"clearTextFirst":true,"interactionType":"ENTER_TEXT"}]}
COMMAND: POST /session/0140d377bb50cef00459d42e723e3497/actions - {"actions":[{"id":"action41","type":"key","parameters":{},"actions":[{"type":"keyDown","value":""},{"type":"pause","duration":10},{"type":"keyUp","value":""}]}]}
RESULT: {"actions":[{"id":"action41","type":"key","parameters":{},"actions":[{"type":"keyDown","value":""},{"type":"pause","duration":10},{"type":"keyUp","value":""}]}]}
COMMAND: GET /session/0140d377bb50cef00459d42e723e3497/screenshot - {}
RESULT: {}
COMMAND: POST /session/0140d377bb50cef00459d42e723e3497/element - {"using":"xpath","value":"(//bdi[(text() = 'Save' or . = 'Save')])[1]"}
RESULT: {"using":"xpath","value":"(//bdi[(text() = 'Save' or . = 'Save')])[1]"}
COMMAND: POST /session/0140d377bb50cef00459d42e723e3497/element/f.F6BB02432D8D97F36D378B59895A9F69.d.7E4E9CAA0C916D573AD1C39B73A7CB76.e.5439/click - {}
RESULT: {}
COMMAND: POST /session/0140d377bb50cef00459d42e723e3497/execute/async - {"script":"<script> [1562 bytes]","args":[{"selector":{"controlType":"sap.ui.core.Icon","viewName":"etm.portal.ui.managerequests.view.NewRequest","properties":{"src":{"regex":{"source":"message\\-error"}}},"ancestor":{"controlType":"sap.m.ColumnListItem","viewName":"etm.portal.ui.managerequests.view.NewRequest","bindingPath":{"modelName":"newRequestItems","path":"/RequestItems/1"},"ancestor":{"id":"requestItemsTable","viewName":"etm.portal.ui.managerequests.view.NewRequest"}}},"wdio_ui5_key":"etmportal.ui.managerequests.view.NewRequestsap.ui.core.Icon{\"src\":{\"regex\":{\"source\":\"message\\\\-error\"}}}{\"controlType\":\"sap.m.ColumnListItem\",\"viewName\":\"etm.portal.ui.managerequests.view.NewRequest\",\"bindingPath\":{\"modelName\":\"newRequestItems\",\"path\":\"/RequestItems/1\"},\"ancestor\":{\"id\":\"requestItemsTable\",\"viewName\":\"etm.portal.ui.managerequests.view.NewRequest\"}}"}]}
COMMAND: GET /session/0140d377bb50cef00459d42e723e3497/screenshot - {}
RESULT: {"script":"<script> [1562 bytes]","args":[{"selector":{"controlType":"sap.ui.core.Icon","viewName":"etm.portal.ui.managerequests.view.NewRequest","properties":{"src":{"regex":{"source":"message\\-error"}}},"ancestor":{"controlType":"sap.m.ColumnListItem","viewName":"etm.portal.ui.managerequests.view.NewRequest","bindingPath":{"modelName":"newRequestItems","path":"/RequestItems/1"},"ancestor":{"id":"requestItemsTable","viewName":"etm.portal.ui.managerequests.view.NewRequest"}}},"wdio_ui5_key":"etmportal.ui.managerequests.view.NewRequestsap.ui.core.Icon{\"src\":{\"regex\":{\"source\":\"message\\\\-error\"}}}{\"controlType\":\"sap.m.ColumnListItem\",\"viewName\":\"etm.portal.ui.managerequests.view.NewRequest\",\"bindingPath\":{\"modelName\":\"newRequestItems\",\"path\":\"/RequestItems/1\"},\"ancestor\":{\"id\":\"requestItemsTable\",\"viewName\":\"etm.portal.ui.managerequests.view.NewRequest\"}}"}]}
RESULT: undefined
COMMAND: POST /session/0140d377bb50cef00459d42e723e3497/element - {"using":"xpath","value":"//*[@id=\"__status4-__xmlview1--requestItemsTable-1-icon\"]"}
RESULT: {}
RESULT: {"using":"xpath","value":"//*[@id=\"__status4-__xmlview1--requestItemsTable-1-icon\"]"}
COMMAND: POST /session/0140d377bb50cef00459d42e723e3497/element/f.F6BB02432D8D97F36D378B59895A9F69.d.7E4E9CAA0C916D573AD1C39B73A7CB76.e.5442/click - {}
RESULT: {}
COMMAND: GET /session/0140d377bb50cef00459d42e723e3497/screenshot - {}
RESULT: {}
RESULT: undefined
COMMAND: POST /session/0140d377bb50cef00459d42e723e3497/execute/async - {"script":"<script> [776 bytes]","args":[{"enterText":"Cost Center","selector":{"id":"costObjectAdminTypeComboBox","viewName":"etm.portal.ui.managerequests.view.NewRequest","searchOpenDialogs":true,"interaction":{"idSuffix":"inner"}},"clearTextFirst":true,"interactionType":"ENTER_TEXT"}]}
RESULT: {"script":"<script> [776 bytes]","args":[{"enterText":"Cost Center","selector":{"id":"costObjectAdminTypeComboBox","viewName":"etm.portal.ui.managerequests.view.NewRequest","searchOpenDialogs":true,"interaction":{"idSuffix":"inner"}},"clearTextFirst":true,"interactionType":"ENTER_TEXT"}]}
COMMAND: POST /session/0140d377bb50cef00459d42e723e3497/actions - {"actions":[{"id":"action42","type":"key","parameters":{},"actions":[{"type":"keyDown","value":""},{"type":"pause","duration":10},{"type":"keyUp","value":""}]}]}
RESULT: {"actions":[{"id":"action42","type":"key","parameters":{},"actions":[{"type":"keyDown","value":""},{"type":"pause","duration":10},{"type":"keyUp","value":""}]}]}
COMMAND: GET /session/0140d377bb50cef00459d42e723e3497/screenshot - {}
RESULT: {}
RESULT: undefined
COMMAND: POST /session/0140d377bb50cef00459d42e723e3497/execute/async - {"script":"<script> [776 bytes]","args":[{"enterText":"1001 - 1001","selector":{"id":"costObjectIdComboBox","viewName":"etm.portal.ui.managerequests.view.NewRequest","searchOpenDialogs":true,"interaction":{"idSuffix":"inner"}},"clearTextFirst":true,"interactionType":"ENTER_TEXT"}]}
RESULT: {"script":"<script> [776 bytes]","args":[{"enterText":"1001 - 1001","selector":{"id":"costObjectIdComboBox","viewName":"etm.portal.ui.managerequests.view.NewRequest","searchOpenDialogs":true,"interaction":{"idSuffix":"inner"}},"clearTextFirst":true,"interactionType":"ENTER_TEXT"}]}
COMMAND: POST /session/0140d377bb50cef00459d42e723e3497/actions - {"actions":[{"id":"action43","type":"key","parameters":{},"actions":[{"type":"keyDown","value":""},{"type":"pause","duration":10},{"type":"keyUp","value":""}]}]}
RESULT: {"actions":[{"id":"action43","type":"key","parameters":{},"actions":[{"type":"keyDown","value":""},{"type":"pause","duration":10},{"type":"keyUp","value":""}]}]}
COMMAND: GET /session/0140d377bb50cef00459d42e723e3497/screenshot - {}
RESULT: {}
COMMAND: POST /session/0140d377bb50cef00459d42e723e3497/element - {"using":"xpath","value":"(//bdi[(text() = 'Save' or . = 'Save')])[1]"}
RESULT: {"using":"xpath","value":"(//bdi[(text() = 'Save' or . = 'Save')])[1]"}
COMMAND: POST /session/0140d377bb50cef00459d42e723e3497/element/f.F6BB02432D8D97F36D378B59895A9F69.d.7E4E9CAA0C916D573AD1C39B73A7CB76.e.5455/click - {}
RESULT: {}
COMMAND: GET /session/0140d377bb50cef00459d42e723e3497/screenshot - {}
RESULT: {}
COMMAND: POST /session/0140d377bb50cef00459d42e723e3497/execute/async - {"script":"<script> [1562 bytes]","args":[{"selector":{"controlType":"sap.m.Button","viewName":"etm.portal.ui.managerequests.view.NewRequest","bindingPath":{"path":"/RequestItems/0","propertyPath":"PICK_UP","modelName":"newRequestItems"},"interaction":{"idSuffix":"BDI-content"}},"wdio_ui5_key":"etmportal.ui.managerequests.view.NewRequestsap.m.Button{\"path\":\"/RequestItems/0\",\"propertyPath\":\"PICK_UP\",\"modelName\":\"newRequestItems\"}"}]}
RESULT: {"script":"<script> [1562 bytes]","args":[{"selector":{"controlType":"sap.m.Button","viewName":"etm.portal.ui.managerequests.view.NewRequest","bindingPath":{"path":"/RequestItems/0","propertyPath":"PICK_UP","modelName":"newRequestItems"},"interaction":{"idSuffix":"BDI-content"}},"wdio_ui5_key":"etmportal.ui.managerequests.view.NewRequestsap.m.Button{\"path\":\"/RequestItems/0\",\"propertyPath\":\"PICK_UP\",\"modelName\":\"newRequestItems\"}"}]}
RESULT: undefined
COMMAND: POST /session/0140d377bb50cef00459d42e723e3497/element - {"using":"xpath","value":"//*[@id=\"__xmlview1--pickUpItemButton-__xmlview1--requestItemsTable-0\"]"}
RESULT: {"using":"xpath","value":"//*[@id=\"__xmlview1--pickUpItemButton-__xmlview1--requestItemsTable-0\"]"}
COMMAND: POST /session/0140d377bb50cef00459d42e723e3497/element/f.F6BB02432D8D97F36D378B59895A9F69.d.7E4E9CAA0C916D573AD1C39B73A7CB76.e.5459/click - {}
RESULT: {}
COMMAND: GET /session/0140d377bb50cef00459d42e723e3497/screenshot - {}
RESULT: {}
COMMAND: POST /session/0140d377bb50cef00459d42e723e3497/execute/async - {"script":"<script> [1562 bytes]","args":[{"selector":{"controlType":"sap.m.Button","viewName":"etm.portal.ui.managerequests.view.NewRequest","properties":{"text":"Save"},"i18NText":{"propertyName":"tooltip","key":"save"},"interaction":{"idSuffix":"BDI-content"}},"wdio_ui5_key":"etmportal.ui.managerequests.view.NewRequestsap.m.Button{\"propertyName\":\"tooltip\",\"key\":\"save\"}{\"text\":\"Save\"}"}]}
RESULT: {"script":"<script> [1562 bytes]","args":[{"selector":{"controlType":"sap.m.Button","viewName":"etm.portal.ui.managerequests.view.NewRequest","properties":{"text":"Save"},"i18NText":{"propertyName":"tooltip","key":"save"},"interaction":{"idSuffix":"BDI-content"}},"wdio_ui5_key":"etmportal.ui.managerequests.view.NewRequestsap.m.Button{\"propertyName\":\"tooltip\",\"key\":\"save\"}{\"text\":\"Save\"}"}]}
RESULT: undefined
COMMAND: POST /session/0140d377bb50cef00459d42e723e3497/element - {"using":"xpath","value":"//*[@id=\"__button11\"]"}
RESULT: {"using":"xpath","value":"//*[@id=\"__button11\"]"}
COMMAND: POST /session/0140d377bb50cef00459d42e723e3497/element/f.F6BB02432D8D97F36D378B59895A9F69.d.7E4E9CAA0C916D573AD1C39B73A7CB76.e.5301/click - {}
RESULT: {}
COMMAND: GET /session/0140d377bb50cef00459d42e723e3497/screenshot - {}
RESULT: {}
COMMAND: POST /session/0140d377bb50cef00459d42e723e3497/execute/async - {"script":"<script> [1562 bytes]","args":[{"selector":{"controlType":"sap.m.Text","searchOpenDialogs":true},"wdio_ui5_key":"sapm.Text"}]}
RESULT: {"script":"<script> [1562 bytes]","args":[{"selector":{"controlType":"sap.m.Text","searchOpenDialogs":true},"wdio_ui5_key":"sapm.Text"}]}
RESULT: undefined
COMMAND: POST /session/0140d377bb50cef00459d42e723e3497/execute/async - {"script":"<script> [6424 bytes]","args":[{"element-6066-11e4-a52e-4f735466cecf":"f.F6BB02432D8D97F36D378B59895A9F69.d.7E4E9CAA0C916D573AD1C39B73A7CB76.e.5463"},"getText",[]]}
RESULT: {"script":"<script> [6424 bytes]","args":[{"element-6066-11e4-a52e-4f735466cecf":"f.F6BB02432D8D97F36D378B59895A9F69.d.7E4E9CAA0C916D573AD1C39B73A7CB76.e.5463"},"getText",[]]}
COMMAND: POST /session/0140d377bb50cef00459d42e723e3497/execute/async - {"script":"<script> [1562 bytes]","args":[{"selector":{"controlType":"sap.m.Button","properties":{"text":"Close"},"searchOpenDialogs":true,"interaction":{"idSuffix":"BDI-content"}},"wdio_ui5_key":"sapm.Button{\"text\":\"Close\"}"}]}
RESULT: {"script":"<script> [1562 bytes]","args":[{"selector":{"controlType":"sap.m.Button","properties":{"text":"Close"},"searchOpenDialogs":true,"interaction":{"idSuffix":"BDI-content"}},"wdio_ui5_key":"sapm.Button{\"text\":\"Close\"}"}]}
RESULT: undefined
COMMAND: POST /session/0140d377bb50cef00459d42e723e3497/element - {"using":"xpath","value":"//*[@id=\"__mbox-btn-0\"]"}
RESULT: {"using":"xpath","value":"//*[@id=\"__mbox-btn-0\"]"}
COMMAND: POST /session/0140d377bb50cef00459d42e723e3497/element/f.F6BB02432D8D97F36D378B59895A9F69.d.7E4E9CAA0C916D573AD1C39B73A7CB76.e.5462/click - {}
RESULT: {}
COMMAND: GET /session/0140d377bb50cef00459d42e723e3497/screenshot - {}
RESULT: {}
COMMAND: POST /session/0140d377bb50cef00459d42e723e3497/execute/async - {"script":"<script> [1562 bytes]","args":[{"selector":{"controlType":"sap.m.Button","viewName":"etm.portal.ui.managerequests.view.Detail","bindingPath":{"path":"/SmartRequestItemsPlanningBoard(ITEM=10m,REQUEST='20197')","propertyPath":"PICK_UP"}},"wdio_ui5_key":"etmportal.ui.managerequests.view.Detailsap.m.Button{\"path\":\"/SmartRequestItemsPlanningBoard(ITEM=10m,REQUEST='20197')\",\"propertyPath\":\"PICK_UP\"}"}]}
RESULT: {"script":"<script> [1562 bytes]","args":[{"selector":{"controlType":"sap.m.Button","viewName":"etm.portal.ui.managerequests.view.Detail","bindingPath":{"path":"/SmartRequestItemsPlanningBoard(ITEM=10m,REQUEST='20197')","propertyPath":"PICK_UP"}},"wdio_ui5_key":"etmportal.ui.managerequests.view.Detailsap.m.Button{\"path\":\"/SmartRequestItemsPlanningBoard(ITEM=10m,REQUEST='20197')\",\"propertyPath\":\"PICK_UP\"}"}]}
RESULT: undefined
COMMAND: POST /session/0140d377bb50cef00459d42e723e3497/execute/async - {"script":"<script> [6424 bytes]","args":[{"element-6066-11e4-a52e-4f735466cecf":"f.F6BB02432D8D97F36D378B59895A9F69.d.7E4E9CAA0C916D573AD1C39B73A7CB76.e.5568"},"getType",[]]}
RESULT: {"script":"<script> [6424 bytes]","args":[{"element-6066-11e4-a52e-4f735466cecf":"f.F6BB02432D8D97F36D378B59895A9F69.d.7E4E9CAA0C916D573AD1C39B73A7CB76.e.5568"},"getType",[]]}
COMMAND: POST /session/0140d377bb50cef00459d42e723e3497/execute/async - {"script":"<script> [1562 bytes]","args":[{"selector":{"controlType":"sap.m.Button","viewName":"etm.portal.ui.managerequests.view.Detail","bindingPath":{"path":"/SmartRequestItemsPlanningBoard(ITEM=20m,REQUEST='20197')","propertyPath":"PICK_UP"}},"wdio_ui5_key":"etmportal.ui.managerequests.view.Detailsap.m.Button{\"path\":\"/SmartRequestItemsPlanningBoard(ITEM=20m,REQUEST='20197')\",\"propertyPath\":\"PICK_UP\"}"}]}
RESULT: {"script":"<script> [1562 bytes]","args":[{"selector":{"controlType":"sap.m.Button","viewName":"etm.portal.ui.managerequests.view.Detail","bindingPath":{"path":"/SmartRequestItemsPlanningBoard(ITEM=20m,REQUEST='20197')","propertyPath":"PICK_UP"}},"wdio_ui5_key":"etmportal.ui.managerequests.view.Detailsap.m.Button{\"path\":\"/SmartRequestItemsPlanningBoard(ITEM=20m,REQUEST='20197')\",\"propertyPath\":\"PICK_UP\"}"}]}
RESULT: undefined
COMMAND: POST /session/0140d377bb50cef00459d42e723e3497/execute/async - {"script":"<script> [6424 bytes]","args":[{"element-6066-11e4-a52e-4f735466cecf":"f.F6BB02432D8D97F36D378B59895A9F69.d.7E4E9CAA0C916D573AD1C39B73A7CB76.e.5599"},"getType",[]]}
RESULT: {"script":"<script> [6424 bytes]","args":[{"element-6066-11e4-a52e-4f735466cecf":"f.F6BB02432D8D97F36D378B59895A9F69.d.7E4E9CAA0C916D573AD1C39B73A7CB76.e.5599"},"getType",[]]}
COMMAND: POST /session/0140d377bb50cef00459d42e723e3497/execute/async - {"script":"<script> [1562 bytes]","args":[{"selector":{"id":"pickUpSwitchHeader","viewName":"etm.portal.ui.managerequests.view.Detail","interaction":{"idSuffix":"handle"}},"wdio_ui5_key":"pickUpSwitchHeaderetmportal.ui.managerequests.view.Detail"}]}
RESULT: {"script":"<script> [1562 bytes]","args":[{"selector":{"id":"pickUpSwitchHeader","viewName":"etm.portal.ui.managerequests.view.Detail","interaction":{"idSuffix":"handle"}},"wdio_ui5_key":"pickUpSwitchHeaderetmportal.ui.managerequests.view.Detail"}]}
RESULT: undefined
COMMAND: POST /session/0140d377bb50cef00459d42e723e3497/element - {"using":"xpath","value":"//*[@id=\"__xmlview2--pickUpSwitchHeader\"]"}
RESULT: {"using":"xpath","value":"//*[@id=\"__xmlview2--pickUpSwitchHeader\"]"}
COMMAND: POST /session/0140d377bb50cef00459d42e723e3497/element/f.F6BB02432D8D97F36D378B59895A9F69.d.7E4E9CAA0C916D573AD1C39B73A7CB76.e.5540/click - {}
RESULT: {}
COMMAND: POST /session/0140d377bb50cef00459d42e723e3497/execute/async - {"script":"<script> [1562 bytes]","args":[{"selector":{"controlType":"sap.ui.core.Icon","viewName":"etm.portal.ui.managerequests.view.Detail","properties":{"src":{"regex":{"source":"pushpin\\-off"}}}},"wdio_ui5_key":"etmportal.ui.managerequests.view.Detailsap.ui.core.Icon{\"src\":{\"regex\":{\"source\":\"pushpin\\\\-off\"}}}"}]}
COMMAND: GET /session/0140d377bb50cef00459d42e723e3497/screenshot - {}
RESULT: {"script":"<script> [1562 bytes]","args":[{"selector":{"controlType":"sap.ui.core.Icon","viewName":"etm.portal.ui.managerequests.view.Detail","properties":{"src":{"regex":{"source":"pushpin\\-off"}}}},"wdio_ui5_key":"etmportal.ui.managerequests.view.Detailsap.ui.core.Icon{\"src\":{\"regex\":{\"source\":\"pushpin\\\\-off\"}}}"}]}
RESULT: undefined
COMMAND: POST /session/0140d377bb50cef00459d42e723e3497/element - {"using":"xpath","value":"//*[@id=\"__xmlview2--detailRequestPage-OPHeaderContent-pinBtn-img\"]"}
RESULT: {}
RESULT: {"using":"xpath","value":"//*[@id=\"__xmlview2--detailRequestPage-OPHeaderContent-pinBtn-img\"]"}
COMMAND: POST /session/0140d377bb50cef00459d42e723e3497/element/f.F6BB02432D8D97F36D378B59895A9F69.d.7E4E9CAA0C916D573AD1C39B73A7CB76.e.5548/click - {}
RESULT: {}
RESULT: undefined
COMMAND: POST /session/0140d377bb50cef00459d42e723e3497/execute/async - {"script":"<script> [6424 bytes]","args":[{"element-6066-11e4-a52e-4f735466cecf":"f.F6BB02432D8D97F36D378B59895A9F69.d.7E4E9CAA0C916D573AD1C39B73A7CB76.e.5568"},"getType",[]]}
COMMAND: GET /session/0140d377bb50cef00459d42e723e3497/screenshot - {}
RESULT: {"script":"<script> [6424 bytes]","args":[{"element-6066-11e4-a52e-4f735466cecf":"f.F6BB02432D8D97F36D378B59895A9F69.d.7E4E9CAA0C916D573AD1C39B73A7CB76.e.5568"},"getType",[]]}
RESULT: undefined
COMMAND: POST /session/0140d377bb50cef00459d42e723e3497/execute/async - {"script":"<script> [6424 bytes]","args":[{"element-6066-11e4-a52e-4f735466cecf":"f.F6BB02432D8D97F36D378B59895A9F69.d.7E4E9CAA0C916D573AD1C39B73A7CB76.e.5599"},"getType",[]]}
RESULT: {}
RESULT: {"script":"<script> [6424 bytes]","args":[{"element-6066-11e4-a52e-4f735466cecf":"f.F6BB02432D8D97F36D378B59895A9F69.d.7E4E9CAA0C916D573AD1C39B73A7CB76.e.5599"},"getType",[]]}
COMMAND: POST /session/0140d377bb50cef00459d42e723e3497/execute/async - {"script":"<script> [1562 bytes]","args":[{"selector":{"controlType":"sap.ui.core.Icon","viewName":"etm.portal.ui.managerequests.view.Detail","properties":{"src":{"regex":{"source":"date\\-time"}}},"ancestor":{"controlType":"sap.m.ColumnListItem","viewName":"etm.portal.ui.managerequests.view.Detail","bindingPath":{"path":"/SmartRequestItemsPlanningBoard(ITEM=10m,REQUEST='20197')"},"ancestor":{"id":"requestItemsTable","viewName":"etm.portal.ui.managerequests.view.Detail"}}},"wdio_ui5_key":"etmportal.ui.managerequests.view.Detailsap.ui.core.Icon{\"src\":{\"regex\":{\"source\":\"date\\\\-time\"}}}{\"controlType\":\"sap.m.ColumnListItem\",\"viewName\":\"etm.portal.ui.managerequests.view.Detail\",\"bindingPath\":{\"path\":\"/SmartRequestItemsPlanningBoard(ITEM=10m,REQUEST='20197')\"},\"ancestor\":{\"id\":\"requestItemsTable\",\"viewName\":\"etm.portal.ui.managerequests.view.Detail\"}}"}]}
RESULT: {"script":"<script> [1562 bytes]","args":[{"selector":{"controlType":"sap.ui.core.Icon","viewName":"etm.portal.ui.managerequests.view.Detail","properties":{"src":{"regex":{"source":"date\\-time"}}},"ancestor":{"controlType":"sap.m.ColumnListItem","viewName":"etm.portal.ui.managerequests.view.Detail","bindingPath":{"path":"/SmartRequestItemsPlanningBoard(ITEM=10m,REQUEST='20197')"},"ancestor":{"id":"requestItemsTable","viewName":"etm.portal.ui.managerequests.view.Detail"}}},"wdio_ui5_key":"etmportal.ui.managerequests.view.Detailsap.ui.core.Icon{\"src\":{\"regex\":{\"source\":\"date\\\\-time\"}}}{\"controlType\":\"sap.m.ColumnListItem\",\"viewName\":\"etm.portal.ui.managerequests.view.Detail\",\"bindingPath\":{\"path\":\"/SmartRequestItemsPlanningBoard(ITEM=10m,REQUEST='20197')\"},\"ancestor\":{\"id\":\"requestItemsTable\",\"viewName\":\"etm.portal.ui.managerequests.view.Detail\"}}"}]}
RESULT: undefined
COMMAND: POST /session/0140d377bb50cef00459d42e723e3497/element - {"using":"xpath","value":"//*[@id=\"__button39-__clone1825-img\"]"}
RESULT: {"using":"xpath","value":"//*[@id=\"__button39-__clone1825-img\"]"}
COMMAND: POST /session/0140d377bb50cef00459d42e723e3497/element/f.F6BB02432D8D97F36D378B59895A9F69.d.7E4E9CAA0C916D573AD1C39B73A7CB76.e.5607/click - {}
RESULT: {}
COMMAND: POST /session/0140d377bb50cef00459d42e723e3497/execute/async - {"script":"<script> [1562 bytes]","args":[{"selector":{"controlType":"sap.m.Button","viewName":"etm.portal.ui.managerequests.view.Detail","properties":{"text":"Close"},"searchOpenDialogs":true,"interaction":{"idSuffix":"inner"}},"wdio_ui5_key":"etmportal.ui.managerequests.view.Detailsap.m.Button{\"text\":\"Close\"}"}]}
COMMAND: GET /session/0140d377bb50cef00459d42e723e3497/screenshot - {}
RESULT: {"script":"<script> [1562 bytes]","args":[{"selector":{"controlType":"sap.m.Button","viewName":"etm.portal.ui.managerequests.view.Detail","properties":{"text":"Close"},"searchOpenDialogs":true,"interaction":{"idSuffix":"inner"}},"wdio_ui5_key":"etmportal.ui.managerequests.view.Detailsap.m.Button{\"text\":\"Close\"}"}]}
RESULT: undefined
COMMAND: POST /session/0140d377bb50cef00459d42e723e3497/element - {"using":"xpath","value":"//*[@id=\"__button49\"]"}
RESULT: {}
RESULT: {"using":"xpath","value":"//*[@id=\"__button49\"]"}
COMMAND: POST /session/0140d377bb50cef00459d42e723e3497/element/f.F6BB02432D8D97F36D378B59895A9F69.d.7E4E9CAA0C916D573AD1C39B73A7CB76.e.5609/click - {}
RESULT: {}
COMMAND: POST /session/0140d377bb50cef00459d42e723e3497/execute/async - {"script":"<script> [1562 bytes]","args":[{"selector":{"controlType":"sap.ui.core.Icon","viewName":"etm.portal.ui.managerequests.view.Detail","properties":{"src":{"regex":{"source":"date\\-time"}}},"ancestor":{"controlType":"sap.m.ColumnListItem","viewName":"etm.portal.ui.managerequests.view.Detail","bindingPath":{"path":"/SmartRequestItemsPlanningBoard(ITEM=20m,REQUEST='20197')"},"ancestor":{"id":"requestItemsTable","viewName":"etm.portal.ui.managerequests.view.Detail"}}},"wdio_ui5_key":"etmportal.ui.managerequests.view.Detailsap.ui.core.Icon{\"src\":{\"regex\":{\"source\":\"date\\\\-time\"}}}{\"controlType\":\"sap.m.ColumnListItem\",\"viewName\":\"etm.portal.ui.managerequests.view.Detail\",\"bindingPath\":{\"path\":\"/SmartRequestItemsPlanningBoard(ITEM=20m,REQUEST='20197')\"},\"ancestor\":{\"id\":\"requestItemsTable\",\"viewName\":\"etm.portal.ui.managerequests.view.Detail\"}}"}]}
COMMAND: GET /session/0140d377bb50cef00459d42e723e3497/screenshot - {}
RESULT: {"script":"<script> [1562 bytes]","args":[{"selector":{"controlType":"sap.ui.core.Icon","viewName":"etm.portal.ui.managerequests.view.Detail","properties":{"src":{"regex":{"source":"date\\-time"}}},"ancestor":{"controlType":"sap.m.ColumnListItem","viewName":"etm.portal.ui.managerequests.view.Detail","bindingPath":{"path":"/SmartRequestItemsPlanningBoard(ITEM=20m,REQUEST='20197')"},"ancestor":{"id":"requestItemsTable","viewName":"etm.portal.ui.managerequests.view.Detail"}}},"wdio_ui5_key":"etmportal.ui.managerequests.view.Detailsap.ui.core.Icon{\"src\":{\"regex\":{\"source\":\"date\\\\-time\"}}}{\"controlType\":\"sap.m.ColumnListItem\",\"viewName\":\"etm.portal.ui.managerequests.view.Detail\",\"bindingPath\":{\"path\":\"/SmartRequestItemsPlanningBoard(ITEM=20m,REQUEST='20197')\"},\"ancestor\":{\"id\":\"requestItemsTable\",\"viewName\":\"etm.portal.ui.managerequests.view.Detail\"}}"}]}
RESULT: undefined
COMMAND: POST /session/0140d377bb50cef00459d42e723e3497/element - {"using":"xpath","value":"//*[@id=\"__button39-__clone1826-img\"]"}
RESULT: {}
RESULT: {"using":"xpath","value":"//*[@id=\"__button39-__clone1826-img\"]"}
COMMAND: POST /session/0140d377bb50cef00459d42e723e3497/element/f.F6BB02432D8D97F36D378B59895A9F69.d.7E4E9CAA0C916D573AD1C39B73A7CB76.e.5617/click - {}
RESULT: {}
RESULT: undefined
COMMAND: POST /session/0140d377bb50cef00459d42e723e3497/element - {"using":"xpath","value":"//*[@id=\"__button49\"]"}
COMMAND: GET /session/0140d377bb50cef00459d42e723e3497/screenshot - {}
RESULT: {"using":"xpath","value":"//*[@id=\"__button49\"]"}
COMMAND: POST /session/0140d377bb50cef00459d42e723e3497/elements - {"using":"xpath","value":"//*[@id=\"__button49\"]"}
RESULT: {}
RESULT: {"using":"xpath","value":"//*[@id=\"__button49\"]"}
COMMAND: POST /session/0140d377bb50cef00459d42e723e3497/element - {"using":"xpath","value":"//*[@id=\"__button49\"]"}
RESULT: {"using":"xpath","value":"//*[@id=\"__button49\"]"}
COMMAND: POST /session/0140d377bb50cef00459d42e723e3497/element/f.F6BB02432D8D97F36D378B59895A9F69.d.7E4E9CAA0C916D573AD1C39B73A7CB76.e.5621/click - {}
RESULT: {}
COMMAND: POST /session/0140d377bb50cef00459d42e723e3497/execute/async - {"script":"<script> [189 bytes]","args":[]}
COMMAND: GET /session/0140d377bb50cef00459d42e723e3497/screenshot - {}
RESULT: {"script":"<script> [189 bytes]","args":[]}
COMMAND: POST /session/0140d377bb50cef00459d42e723e3497/execute/async - {"script":"<script> [123 bytes]","args":[]}
RESULT: {}
RESULT: {"script":"<script> [123 bytes]","args":[]}
COMMAND: POST /session/0140d377bb50cef00459d42e723e3497/timeouts - {"script":"<number>"}
RESULT: {"script":"<number>"}
COMMAND: GET /session/0140d377bb50cef00459d42e723e3497/timeouts - {}
RESULT: {}
RESULT: undefined
COMMAND: POST /session/0140d377bb50cef00459d42e723e3497/execute/async - {"script":"<script> [2676 bytes]","args":[]}
RESULT: {"script":"<script> [2676 bytes]","args":[]}
COMMAND: POST /session/0140d377bb50cef00459d42e723e3497/execute/async - {"script":"<script> [2342 bytes]","args":[{"protocol":"http","hostname":"0.0.0.0","path":"/","capabilities":{"browserName":"chrome","goog:chromeOptions":{"binary":"C:\\Program Files\\Google\\Chrome\\Application\\chrome.exe","args":["--start-maximized"]}},"logLevel":"warn","connectionRetryTimeout":120000,"connectionRetryCount":3,"logLevels":{},"enableDirectConnect":true,"strictSSL":true,"_":"65 more keys: [\"cacheDir\",\"port\",\"requestedCapabilities\",\"automationProtocol\",\"baseUrl\",\"waitforInterval\",\"waitforTimeout\",\"onReload\",\"beforeCommand\",\"afterCommand\",\"rootDir\",\"specs\",\"suites\",\"exclude\",\"groupLogsByTestSpec\",\"excludeDriverLogs\",\"bail\",\"framework\",\"reporters\",\"services\",\"maxInstances\",\"maxInstancesPerCapability\",\"injectGlobals\",\"filesToWatch\",\"execArgv\",\"runnerEnv\",\"runner\",\"shard\",\"specFileRetries\",\"specFileRetriesDelay\",\"specFileRetriesDeferred\",\"reporterSyncInterval\",\"reporterSyncTimeout\",\"cucumberFeaturesWithLineNumbers\",\"autoCompileOpts\",\"mochaOpts\",\"jasmineOpts\",\"cucumberOpts\",\"onPrepare\",\"onWorkerStart\",\"onWorkerEnd\",\"before\",\"beforeSession\",\"beforeSuite\",\"beforeHook\",\"beforeTest\",\"afterTest\",\"afterHook\",\"afterSuite\",\"afterSession\",\"after\",\"onComplete\",\"beforeAssertion\",\"afterAssertion\",\"beforeFeature\",\"beforeScenario\",\"beforeStep\",\"afterStep\",\"afterScenario\",\"afterFeature\",\"_\",\"suite\",\"$0\",\"ignoredWorkerServices\",\"wdi5\"]"}]}
RESULT: {"script":"<script> [2342 bytes]","args":[{"protocol":"http","hostname":"0.0.0.0","path":"/","capabilities":{"browserName":"chrome","goog:chromeOptions":{"binary":"C:\\Program Files\\Google\\Chrome\\Application\\chrome.exe","args":["--start-maximized"]}},"logLevel":"warn","connectionRetryTimeout":120000,"connectionRetryCount":3,"logLevels":{},"enableDirectConnect":true,"strictSSL":true,"_":"65 more keys: [\"cacheDir\",\"port\",\"requestedCapabilities\",\"automationProtocol\",\"baseUrl\",\"waitforInterval\",\"waitforTimeout\",\"onReload\",\"beforeCommand\",\"afterCommand\",\"rootDir\",\"specs\",\"suites\",\"exclude\",\"groupLogsByTestSpec\",\"excludeDriverLogs\",\"bail\",\"framework\",\"reporters\",\"services\",\"maxInstances\",\"maxInstancesPerCapability\",\"injectGlobals\",\"filesToWatch\",\"execArgv\",\"runnerEnv\",\"runner\",\"shard\",\"specFileRetries\",\"specFileRetriesDelay\",\"specFileRetriesDeferred\",\"reporterSyncInterval\",\"reporterSyncTimeout\",\"cucumberFeaturesWithLineNumbers\",\"autoCompileOpts\",\"mochaOpts\",\"jasmineOpts\",\"cucumberOpts\",\"onPrepare\",\"onWorkerStart\",\"onWorkerEnd\",\"before\",\"beforeSession\",\"beforeSuite\",\"beforeHook\",\"beforeTest\",\"afterTest\",\"afterHook\",\"afterSuite\",\"afterSession\",\"after\",\"onComplete\",\"beforeAssertion\",\"afterAssertion\",\"beforeFeature\",\"beforeScenario\",\"beforeStep\",\"afterStep\",\"afterScenario\",\"afterFeature\",\"_\",\"suite\",\"$0\",\"ignoredWorkerServices\",\"wdi5\"]"}]}
COMMAND: POST /session/0140d377bb50cef00459d42e723e3497/execute/async - {"script":"<script> [21126 bytes]","args":[35000]}
RESULT: {"script":"<script> [21126 bytes]","args":[35000]}
COMMAND: POST /session/0140d377bb50cef00459d42e723e3497/execute/async - {"script":"<script> [1562 bytes]","args":[{"selector":{"controlType":"sap.m.Button","viewName":"etm.portal.ui.managerequests.view.Detail","bindingPath":{"path":"/SmartRequestItemsPlanningBoard(ITEM=10m,REQUEST='20197')","propertyPath":"PICK_UP"}},"wdio_ui5_key":"etmportal.ui.managerequests.view.Detailsap.m.Button{\"path\":\"/SmartRequestItemsPlanningBoard(ITEM=10m,REQUEST='20197')\",\"propertyPath\":\"PICK_UP\"}"}]}
RESULT: {"script":"<script> [1562 bytes]","args":[{"selector":{"controlType":"sap.m.Button","viewName":"etm.portal.ui.managerequests.view.Detail","bindingPath":{"path":"/SmartRequestItemsPlanningBoard(ITEM=10m,REQUEST='20197')","propertyPath":"PICK_UP"}},"wdio_ui5_key":"etmportal.ui.managerequests.view.Detailsap.m.Button{\"path\":\"/SmartRequestItemsPlanningBoard(ITEM=10m,REQUEST='20197')\",\"propertyPath\":\"PICK_UP\"}"}]}
RESULT: undefined
COMMAND: POST /session/0140d377bb50cef00459d42e723e3497/execute/async - {"script":"<script> [6424 bytes]","args":[{"element-6066-11e4-a52e-4f735466cecf":"f.F6BB02432D8D97F36D378B59895A9F69.d.7E4E9CAA0C916D573AD1C39B73A7CB76.e.5568"},"getType",[]]}
RESULT: {"script":"<script> [6424 bytes]","args":[{"element-6066-11e4-a52e-4f735466cecf":"f.F6BB02432D8D97F36D378B59895A9F69.d.7E4E9CAA0C916D573AD1C39B73A7CB76.e.5568"},"getType",[]]}
COMMAND: POST /session/0140d377bb50cef00459d42e723e3497/execute/async - {"script":"<script> [1562 bytes]","args":[{"selector":{"controlType":"sap.m.Button","viewName":"etm.portal.ui.managerequests.view.Detail","bindingPath":{"path":"/SmartRequestItemsPlanningBoard(ITEM=20m,REQUEST='20197')","propertyPath":"PICK_UP"}},"wdio_ui5_key":"etmportal.ui.managerequests.view.Detailsap.m.Button{\"path\":\"/SmartRequestItemsPlanningBoard(ITEM=20m,REQUEST='20197')\",\"propertyPath\":\"PICK_UP\"}"}]}
RESULT: {"script":"<script> [1562 bytes]","args":[{"selector":{"controlType":"sap.m.Button","viewName":"etm.portal.ui.managerequests.view.Detail","bindingPath":{"path":"/SmartRequestItemsPlanningBoard(ITEM=20m,REQUEST='20197')","propertyPath":"PICK_UP"}},"wdio_ui5_key":"etmportal.ui.managerequests.view.Detailsap.m.Button{\"path\":\"/SmartRequestItemsPlanningBoard(ITEM=20m,REQUEST='20197')\",\"propertyPath\":\"PICK_UP\"}"}]}
RESULT: undefined
COMMAND: POST /session/0140d377bb50cef00459d42e723e3497/execute/async - {"script":"<script> [6424 bytes]","args":[{"element-6066-11e4-a52e-4f735466cecf":"f.F6BB02432D8D97F36D378B59895A9F69.d.7E4E9CAA0C916D573AD1C39B73A7CB76.e.5599"},"getType",[]]}
RESULT: {"script":"<script> [6424 bytes]","args":[{"element-6066-11e4-a52e-4f735466cecf":"f.F6BB02432D8D97F36D378B59895A9F69.d.7E4E9CAA0C916D573AD1C39B73A7CB76.e.5599"},"getType",[]]}
]]></system-out>
    </testcase>
    <testcase classname="chrome.136_0_7103_93.windows.Manage_request_+_Contract_processing_pick_up_option_US120163_" name="Should Contract processing pick up option" time="183.56">
      <system-out><![CDATA[
COMMAND: POST /session/0140d377bb50cef00459d42e723e3497/execute/async - {"script":"<script> [1562 bytes]","args":[{"selector":{"id":"requestContractNo","viewName":"etm.portal.ui.managerequests.view.Detail"},"wdio_ui5_key":"requestContractNoetmportal.ui.managerequests.view.Detail"}]}
RESULT: {"script":"<script> [1562 bytes]","args":[{"selector":{"id":"requestContractNo","viewName":"etm.portal.ui.managerequests.view.Detail"},"wdio_ui5_key":"requestContractNoetmportal.ui.managerequests.view.Detail"}]}
RESULT: undefined
COMMAND: POST /session/0140d377bb50cef00459d42e723e3497/element - {"using":"xpath","value":"//*[@id=\"__xmlview2--requestContractNo\"]"}
RESULT: {"using":"xpath","value":"//*[@id=\"__xmlview2--requestContractNo\"]"}
COMMAND: POST /session/0140d377bb50cef00459d42e723e3497/element/f.F6BB02432D8D97F36D378B59895A9F69.d.7E4E9CAA0C916D573AD1C39B73A7CB76.e.5626/click - {}
RESULT: {}
COMMAND: POST /session/0140d377bb50cef00459d42e723e3497/execute/async - {"script":"<script> [1562 bytes]","args":[{"selector":{"controlType":"sap.m.Link","viewName":"etm.portal.ui.managerequests.view.Detail","properties":{"text":"Contract Overview"},"searchOpenDialogs":true},"wdio_ui5_key":"etmportal.ui.managerequests.view.Detailsap.m.Link{\"text\":\"Contract Overview\"}"}]}
COMMAND: GET /session/0140d377bb50cef00459d42e723e3497/screenshot - {}
RESULT: {"script":"<script> [1562 bytes]","args":[{"selector":{"controlType":"sap.m.Link","viewName":"etm.portal.ui.managerequests.view.Detail","properties":{"text":"Contract Overview"},"searchOpenDialogs":true},"wdio_ui5_key":"etmportal.ui.managerequests.view.Detailsap.m.Link{\"text\":\"Contract Overview\"}"}]}
RESULT: undefined
COMMAND: POST /session/0140d377bb50cef00459d42e723e3497/element - {"using":"xpath","value":"//*[@id=\"__link8\"]"}
RESULT: {}
RESULT: {"using":"xpath","value":"//*[@id=\"__link8\"]"}
COMMAND: POST /session/0140d377bb50cef00459d42e723e3497/element/f.F6BB02432D8D97F36D378B59895A9F69.d.7E4E9CAA0C916D573AD1C39B73A7CB76.e.5628/click - {}
RESULT: {}
COMMAND: GET /session/0140d377bb50cef00459d42e723e3497/screenshot - {}
RESULT: {}
COMMAND: POST /session/0140d377bb50cef00459d42e723e3497/element - {"using":"xpath","value":"//div[contains(@id ,\"headerBillingItemsTabFilter-text\")]"}
RESULT: {"using":"xpath","value":"//div[contains(@id ,\"headerBillingItemsTabFilter-text\")]"}
COMMAND: POST /session/0140d377bb50cef00459d42e723e3497/element/f.F6BB02432D8D97F36D378B59895A9F69.d.7E4E9CAA0C916D573AD1C39B73A7CB76.e.5873/click - {}
RESULT: {}
COMMAND: GET /session/0140d377bb50cef00459d42e723e3497/screenshot - {}
RESULT: {}
COMMAND: POST /session/0140d377bb50cef00459d42e723e3497/execute/async - {"script":"<script> [1562 bytes]","args":[{"selector":{"id":"addRequestItemBtn","viewName":"etm.portal.ui.managecontracts.view.Detail","interaction":{"idSuffix":"BDI-content"}},"wdio_ui5_key":"addRequestItemBtnetmportal.ui.managecontracts.view.Detail"}]}
RESULT: {"script":"<script> [1562 bytes]","args":[{"selector":{"id":"addRequestItemBtn","viewName":"etm.portal.ui.managecontracts.view.Detail","interaction":{"idSuffix":"BDI-content"}},"wdio_ui5_key":"addRequestItemBtnetmportal.ui.managecontracts.view.Detail"}]}
RESULT: undefined
COMMAND: POST /session/0140d377bb50cef00459d42e723e3497/element - {"using":"xpath","value":"//*[@id=\"__xmlview4--addRequestItemBtn\"]"}
RESULT: {"using":"xpath","value":"//*[@id=\"__xmlview4--addRequestItemBtn\"]"}
COMMAND: POST /session/0140d377bb50cef00459d42e723e3497/element/f.F6BB02432D8D97F36D378B59895A9F69.d.7E4E9CAA0C916D573AD1C39B73A7CB76.e.5719/click - {}
RESULT: {}
COMMAND: GET /session/0140d377bb50cef00459d42e723e3497/screenshot - {}
RESULT: {}
COMMAND: POST /session/0140d377bb50cef00459d42e723e3497/element - {"using":"xpath","value":"//div[contains(@id ,\"popupRequestTable-sa-CbBg\")]"}
RESULT: {"using":"xpath","value":"//div[contains(@id ,\"popupRequestTable-sa-CbBg\")]"}
COMMAND: POST /session/0140d377bb50cef00459d42e723e3497/element/f.F6BB02432D8D97F36D378B59895A9F69.d.7E4E9CAA0C916D573AD1C39B73A7CB76.e.5898/click - {}
RESULT: {}
COMMAND: GET /session/0140d377bb50cef00459d42e723e3497/screenshot - {}
RESULT: {}
COMMAND: POST /session/0140d377bb50cef00459d42e723e3497/execute/async - {"script":"<script> [1562 bytes]","args":[{"selector":{"controlType":"sap.m.Button","viewName":"etm.portal.ui.managecontracts.view.Detail","i18NText":{"propertyName":"text","key":"selectionDone"},"searchOpenDialogs":true,"interaction":{"idSuffix":"content"}},"wdio_ui5_key":"etmportal.ui.managecontracts.view.Detailsap.m.Button{\"propertyName\":\"text\",\"key\":\"selectionDone\"}"}]}
RESULT: {"script":"<script> [1562 bytes]","args":[{"selector":{"controlType":"sap.m.Button","viewName":"etm.portal.ui.managecontracts.view.Detail","i18NText":{"propertyName":"text","key":"selectionDone"},"searchOpenDialogs":true,"interaction":{"idSuffix":"content"}},"wdio_ui5_key":"etmportal.ui.managecontracts.view.Detailsap.m.Button{\"propertyName\":\"text\",\"key\":\"selectionDone\"}"}]}
RESULT: undefined
COMMAND: POST /session/0140d377bb50cef00459d42e723e3497/element - {"using":"xpath","value":"//*[@id=\"__button64\"]"}
RESULT: {"using":"xpath","value":"//*[@id=\"__button64\"]"}
COMMAND: POST /session/0140d377bb50cef00459d42e723e3497/element/f.F6BB02432D8D97F36D378B59895A9F69.d.7E4E9CAA0C916D573AD1C39B73A7CB76.e.5901/click - {}
RESULT: {}
COMMAND: POST /session/0140d377bb50cef00459d42e723e3497/execute/async - {"script":"<script> [1562 bytes]","args":[{"selector":{"controlType":"sap.m.Button","properties":{"text":"OK"},"searchOpenDialogs":true,"interaction":{"idSuffix":"inner"}},"wdio_ui5_key":"sapm.Button{\"text\":\"OK\"}"}]}
COMMAND: GET /session/0140d377bb50cef00459d42e723e3497/screenshot - {}
RESULT: {"script":"<script> [1562 bytes]","args":[{"selector":{"controlType":"sap.m.Button","properties":{"text":"OK"},"searchOpenDialogs":true,"interaction":{"idSuffix":"inner"}},"wdio_ui5_key":"sapm.Button{\"text\":\"OK\"}"}]}
RESULT: undefined
COMMAND: POST /session/0140d377bb50cef00459d42e723e3497/element - {"using":"xpath","value":"//*[@id=\"__mbox-btn-1\"]"}
RESULT: {}
RESULT: {"using":"xpath","value":"//*[@id=\"__mbox-btn-1\"]"}
COMMAND: POST /session/0140d377bb50cef00459d42e723e3497/element/f.F6BB02432D8D97F36D378B59895A9F69.d.7E4E9CAA0C916D573AD1C39B73A7CB76.e.5902/click - {}
RESULT: {}
COMMAND: GET /session/0140d377bb50cef00459d42e723e3497/screenshot - {}
RESULT: {}
COMMAND: POST /session/0140d377bb50cef00459d42e723e3497/element - {"using":"xpath","value":"//div[contains(@id ,\"headerBillingItemsTabFilter-text\")]"}
RESULT: {"using":"xpath","value":"//div[contains(@id ,\"headerBillingItemsTabFilter-text\")]"}
COMMAND: POST /session/0140d377bb50cef00459d42e723e3497/element/f.F6BB02432D8D97F36D378B59895A9F69.d.7E4E9CAA0C916D573AD1C39B73A7CB76.e.5873/click - {}
RESULT: {}
COMMAND: GET /session/0140d377bb50cef00459d42e723e3497/screenshot - {}
RESULT: {}
COMMAND: POST /session/0140d377bb50cef00459d42e723e3497/element - {"using":"xpath","value":"//button[contains(@data-kt ,\"refreshButton\")]"}
RESULT: {"using":"xpath","value":"//button[contains(@data-kt ,\"refreshButton\")]"}
COMMAND: POST /session/0140d377bb50cef00459d42e723e3497/element/f.F6BB02432D8D97F36D378B59895A9F69.d.7E4E9CAA0C916D573AD1C39B73A7CB76.e.5716/click - {}
RESULT: {}
COMMAND: GET /session/0140d377bb50cef00459d42e723e3497/screenshot - {}
RESULT: {}
COMMAND: POST /session/0140d377bb50cef00459d42e723e3497/element - {"using":"xpath","value":"//div[contains(@id ,\"headerBillingItemsTabFilter-text\")]"}
RESULT: {"using":"xpath","value":"//div[contains(@id ,\"headerBillingItemsTabFilter-text\")]"}
COMMAND: POST /session/0140d377bb50cef00459d42e723e3497/element/f.F6BB02432D8D97F36D378B59895A9F69.d.7E4E9CAA0C916D573AD1C39B73A7CB76.e.5873/click - {}
RESULT: {}
COMMAND: GET /session/0140d377bb50cef00459d42e723e3497/screenshot - {}
RESULT: {}
COMMAND: POST /session/0140d377bb50cef00459d42e723e3497/execute/async - {"script":"<script> [1562 bytes]","args":[{"selector":{"id":"contractDetailProvideButton","viewName":"etm.portal.ui.managecontracts.view.Detail","interaction":{"idSuffix":"BDI-content"}},"wdio_ui5_key":"contractDetailProvideButtonetmportal.ui.managecontracts.view.Detail"}]}
RESULT: {"script":"<script> [1562 bytes]","args":[{"selector":{"id":"contractDetailProvideButton","viewName":"etm.portal.ui.managecontracts.view.Detail","interaction":{"idSuffix":"BDI-content"}},"wdio_ui5_key":"contractDetailProvideButtonetmportal.ui.managecontracts.view.Detail"}]}
RESULT: undefined
COMMAND: POST /session/0140d377bb50cef00459d42e723e3497/element - {"using":"xpath","value":"//*[@id=\"__xmlview4--contractDetailProvideButton\"]"}
RESULT: {"using":"xpath","value":"//*[@id=\"__xmlview4--contractDetailProvideButton\"]"}
COMMAND: POST /session/0140d377bb50cef00459d42e723e3497/element/f.F6BB02432D8D97F36D378B59895A9F69.d.7E4E9CAA0C916D573AD1C39B73A7CB76.e.5725/click - {}
RESULT: {}
COMMAND: GET /session/0140d377bb50cef00459d42e723e3497/screenshot - {}
RESULT: {}
COMMAND: POST /session/0140d377bb50cef00459d42e723e3497/execute/async - {"script":"<script> [1562 bytes]","args":[{"selector":{"id":"application-managehandovers-display-component---AddNewHO--pickUpCheckbox","interaction":{"idSuffix":"CbBg"}},"wdio_ui5_key":"applicationmanagehandovers-display-component---AddNewHO--pickUpCheckbox"}]}
RESULT: {"script":"<script> [1562 bytes]","args":[{"selector":{"id":"application-managehandovers-display-component---AddNewHO--pickUpCheckbox","interaction":{"idSuffix":"CbBg"}},"wdio_ui5_key":"applicationmanagehandovers-display-component---AddNewHO--pickUpCheckbox"}]}
RESULT: undefined
COMMAND: POST /session/0140d377bb50cef00459d42e723e3497/element - {"using":"xpath","value":"//*[@id=\"application-managehandovers-display-component---AddNewHO--pickUpCheckbox\"]"}
RESULT: {"using":"xpath","value":"//*[@id=\"application-managehandovers-display-component---AddNewHO--pickUpCheckbox\"]"}
COMMAND: POST /session/0140d377bb50cef00459d42e723e3497/element/f.F6BB02432D8D97F36D378B59895A9F69.d.7E4E9CAA0C916D573AD1C39B73A7CB76.e.6085/click - {}
RESULT: {}
COMMAND: POST /session/0140d377bb50cef00459d42e723e3497/execute/async - {"script":"<script> [1562 bytes]","args":[{"selector":{"id":"application-managehandovers-display-component---AddNewHO--ObjectPageLayout-anchBar-application-managehandovers-display-component---AddNewHO--section4-anchor","interaction":{"idSuffix":"content"}},"wdio_ui5_key":"applicationmanagehandovers-display-component---AddNewHO--ObjectPageLayout-anchBar-application-managehandovers-display-component---AddNewHO--section4-anchor"}]}
COMMAND: GET /session/0140d377bb50cef00459d42e723e3497/screenshot - {}
RESULT: {"script":"<script> [1562 bytes]","args":[{"selector":{"id":"application-managehandovers-display-component---AddNewHO--ObjectPageLayout-anchBar-application-managehandovers-display-component---AddNewHO--section4-anchor","interaction":{"idSuffix":"content"}},"wdio_ui5_key":"applicationmanagehandovers-display-component---AddNewHO--ObjectPageLayout-anchBar-application-managehandovers-display-component---AddNewHO--section4-anchor"}]}
RESULT: undefined
COMMAND: POST /session/0140d377bb50cef00459d42e723e3497/element - {"using":"xpath","value":"//*[@id=\"application-managehandovers-display-component---AddNewHO--ObjectPageLayout-anchBar-application-managehandovers-display-component---AddNewHO--section4-anchor\"]"}
RESULT: {}
RESULT: {"using":"xpath","value":"//*[@id=\"application-managehandovers-display-component---AddNewHO--ObjectPageLayout-anchBar-application-managehandovers-display-component---AddNewHO--section4-anchor\"]"}
COMMAND: POST /session/0140d377bb50cef00459d42e723e3497/element/f.F6BB02432D8D97F36D378B59895A9F69.d.7E4E9CAA0C916D573AD1C39B73A7CB76.e.6087/click - {}
RESULT: {}
COMMAND: POST /session/0140d377bb50cef00459d42e723e3497/execute/async - {"script":"<script> [1562 bytes]","args":[{"selector":{"controlType":"sap.m.Button","viewName":"etm.portal.ui.managehandovers.view.AddNewHO","viewId":"application-managehandovers-display-component---AddNewHO","i18NText":{"propertyName":"tooltip","key":"addItems"},"interaction":{"idSuffix":"inner"}},"wdio_ui5_key":"etmportal.ui.managehandovers.view.AddNewHOsap.m.Button{\"propertyName\":\"tooltip\",\"key\":\"addItems\"}"}]}
COMMAND: GET /session/0140d377bb50cef00459d42e723e3497/screenshot - {}
RESULT: {"script":"<script> [1562 bytes]","args":[{"selector":{"controlType":"sap.m.Button","viewName":"etm.portal.ui.managehandovers.view.AddNewHO","viewId":"application-managehandovers-display-component---AddNewHO","i18NText":{"propertyName":"tooltip","key":"addItems"},"interaction":{"idSuffix":"inner"}},"wdio_ui5_key":"etmportal.ui.managehandovers.view.AddNewHOsap.m.Button{\"propertyName\":\"tooltip\",\"key\":\"addItems\"}"}]}
RESULT: undefined
COMMAND: POST /session/0140d377bb50cef00459d42e723e3497/element - {"using":"xpath","value":"//*[@id=\"__button81\"]"}
RESULT: {}
RESULT: {"using":"xpath","value":"//*[@id=\"__button81\"]"}
COMMAND: POST /session/0140d377bb50cef00459d42e723e3497/element/f.F6BB02432D8D97F36D378B59895A9F69.d.7E4E9CAA0C916D573AD1C39B73A7CB76.e.6091/click - {}
RESULT: {}
COMMAND: POST /session/0140d377bb50cef00459d42e723e3497/execute/async - {"script":"<script> [1562 bytes]","args":[{"selector":{"id":"application-managehandovers-display-component---AddNewHO--smartTableHOPopup-header","searchOpenDialogs":true},"wdio_ui5_key":"applicationmanagehandovers-display-component---AddNewHO--smartTableHOPopup-header"}]}
COMMAND: GET /session/0140d377bb50cef00459d42e723e3497/screenshot - {}
RESULT: {"script":"<script> [1562 bytes]","args":[{"selector":{"id":"application-managehandovers-display-component---AddNewHO--smartTableHOPopup-header","searchOpenDialogs":true},"wdio_ui5_key":"applicationmanagehandovers-display-component---AddNewHO--smartTableHOPopup-header"}]}
RESULT: undefined
COMMAND: POST /session/0140d377bb50cef00459d42e723e3497/execute/async - {"script":"<script> [6424 bytes]","args":[{"element-6066-11e4-a52e-4f735466cecf":"f.F6BB02432D8D97F36D378B59895A9F69.d.7E4E9CAA0C916D573AD1C39B73A7CB76.e.6107"},"getText",[]]}
RESULT: {}
RESULT: {"script":"<script> [6424 bytes]","args":[{"element-6066-11e4-a52e-4f735466cecf":"f.F6BB02432D8D97F36D378B59895A9F69.d.7E4E9CAA0C916D573AD1C39B73A7CB76.e.6107"},"getText",[]]}
COMMAND: POST /session/0140d377bb50cef00459d42e723e3497/actions - {"actions":[{"id":"action44","type":"key","parameters":{},"actions":[{"type":"keyDown","value":""},{"type":"pause","duration":10},{"type":"keyUp","value":""}]}]}
RESULT: {"actions":[{"id":"action44","type":"key","parameters":{},"actions":[{"type":"keyDown","value":""},{"type":"pause","duration":10},{"type":"keyUp","value":""}]}]}
COMMAND: GET /session/0140d377bb50cef00459d42e723e3497/screenshot - {}
RESULT: {}
COMMAND: POST /session/0140d377bb50cef00459d42e723e3497/execute/async - {"script":"<script> [1562 bytes]","args":[{"selector":{"id":"backBtn"},"wdio_ui5_key":"backBtn"}]}
RESULT: {"script":"<script> [1562 bytes]","args":[{"selector":{"id":"backBtn"},"wdio_ui5_key":"backBtn"}]}
RESULT: undefined
COMMAND: POST /session/0140d377bb50cef00459d42e723e3497/element - {"using":"xpath","value":"//*[@id=\"backBtn\"]"}
RESULT: {"using":"xpath","value":"//*[@id=\"backBtn\"]"}
COMMAND: POST /session/0140d377bb50cef00459d42e723e3497/element/f.F6BB02432D8D97F36D378B59895A9F69.d.7E4E9CAA0C916D573AD1C39B73A7CB76.e.6108/click - {}
RESULT: {}
COMMAND: GET /session/0140d377bb50cef00459d42e723e3497/screenshot - {}
COMMAND: POST /session/0140d377bb50cef00459d42e723e3497/refresh - {}
RESULT: {}
RESULT: {}
COMMAND: GET /session/0140d377bb50cef00459d42e723e3497/screenshot - {}
RESULT: {}
COMMAND: POST /session/0140d377bb50cef00459d42e723e3497/execute/async - {"script":"<script> [189 bytes]","args":[]}
RESULT: {"script":"<script> [189 bytes]","args":[]}
COMMAND: POST /session/0140d377bb50cef00459d42e723e3497/execute/async - {"script":"<script> [123 bytes]","args":[]}
RESULT: {"script":"<script> [123 bytes]","args":[]}
COMMAND: POST /session/0140d377bb50cef00459d42e723e3497/timeouts - {"script":"<number>"}
RESULT: {"script":"<number>"}
COMMAND: GET /session/0140d377bb50cef00459d42e723e3497/timeouts - {}
RESULT: {}
RESULT: undefined
COMMAND: POST /session/0140d377bb50cef00459d42e723e3497/execute/async - {"script":"<script> [2676 bytes]","args":[]}
RESULT: {"script":"<script> [2676 bytes]","args":[]}
COMMAND: POST /session/0140d377bb50cef00459d42e723e3497/execute/async - {"script":"<script> [2342 bytes]","args":[{"protocol":"http","hostname":"0.0.0.0","path":"/","capabilities":{"browserName":"chrome","goog:chromeOptions":{"binary":"C:\\Program Files\\Google\\Chrome\\Application\\chrome.exe","args":["--start-maximized"]}},"logLevel":"warn","connectionRetryTimeout":120000,"connectionRetryCount":3,"logLevels":{},"enableDirectConnect":true,"strictSSL":true,"_":"65 more keys: [\"cacheDir\",\"port\",\"requestedCapabilities\",\"automationProtocol\",\"baseUrl\",\"waitforInterval\",\"waitforTimeout\",\"onReload\",\"beforeCommand\",\"afterCommand\",\"rootDir\",\"specs\",\"suites\",\"exclude\",\"groupLogsByTestSpec\",\"excludeDriverLogs\",\"bail\",\"framework\",\"reporters\",\"services\",\"maxInstances\",\"maxInstancesPerCapability\",\"injectGlobals\",\"filesToWatch\",\"execArgv\",\"runnerEnv\",\"runner\",\"shard\",\"specFileRetries\",\"specFileRetriesDelay\",\"specFileRetriesDeferred\",\"reporterSyncInterval\",\"reporterSyncTimeout\",\"cucumberFeaturesWithLineNumbers\",\"autoCompileOpts\",\"mochaOpts\",\"jasmineOpts\",\"cucumberOpts\",\"onPrepare\",\"onWorkerStart\",\"onWorkerEnd\",\"before\",\"beforeSession\",\"beforeSuite\",\"beforeHook\",\"beforeTest\",\"afterTest\",\"afterHook\",\"afterSuite\",\"afterSession\",\"after\",\"onComplete\",\"beforeAssertion\",\"afterAssertion\",\"beforeFeature\",\"beforeScenario\",\"beforeStep\",\"afterStep\",\"afterScenario\",\"afterFeature\",\"_\",\"suite\",\"$0\",\"ignoredWorkerServices\",\"wdi5\"]"}]}
RESULT: {"script":"<script> [2342 bytes]","args":[{"protocol":"http","hostname":"0.0.0.0","path":"/","capabilities":{"browserName":"chrome","goog:chromeOptions":{"binary":"C:\\Program Files\\Google\\Chrome\\Application\\chrome.exe","args":["--start-maximized"]}},"logLevel":"warn","connectionRetryTimeout":120000,"connectionRetryCount":3,"logLevels":{},"enableDirectConnect":true,"strictSSL":true,"_":"65 more keys: [\"cacheDir\",\"port\",\"requestedCapabilities\",\"automationProtocol\",\"baseUrl\",\"waitforInterval\",\"waitforTimeout\",\"onReload\",\"beforeCommand\",\"afterCommand\",\"rootDir\",\"specs\",\"suites\",\"exclude\",\"groupLogsByTestSpec\",\"excludeDriverLogs\",\"bail\",\"framework\",\"reporters\",\"services\",\"maxInstances\",\"maxInstancesPerCapability\",\"injectGlobals\",\"filesToWatch\",\"execArgv\",\"runnerEnv\",\"runner\",\"shard\",\"specFileRetries\",\"specFileRetriesDelay\",\"specFileRetriesDeferred\",\"reporterSyncInterval\",\"reporterSyncTimeout\",\"cucumberFeaturesWithLineNumbers\",\"autoCompileOpts\",\"mochaOpts\",\"jasmineOpts\",\"cucumberOpts\",\"onPrepare\",\"onWorkerStart\",\"onWorkerEnd\",\"before\",\"beforeSession\",\"beforeSuite\",\"beforeHook\",\"beforeTest\",\"afterTest\",\"afterHook\",\"afterSuite\",\"afterSession\",\"after\",\"onComplete\",\"beforeAssertion\",\"afterAssertion\",\"beforeFeature\",\"beforeScenario\",\"beforeStep\",\"afterStep\",\"afterScenario\",\"afterFeature\",\"_\",\"suite\",\"$0\",\"ignoredWorkerServices\",\"wdi5\"]"}]}
COMMAND: POST /session/0140d377bb50cef00459d42e723e3497/execute/async - {"script":"<script> [21126 bytes]","args":[35000]}
RESULT: {"script":"<script> [21126 bytes]","args":[35000]}
COMMAND: POST /session/0140d377bb50cef00459d42e723e3497/element - {"using":"xpath","value":"//div[contains(@id ,\"headerBillingItemsTabFilter-text\")]"}
RESULT: {"using":"xpath","value":"//div[contains(@id ,\"headerBillingItemsTabFilter-text\")]"}
COMMAND: POST /session/0140d377bb50cef00459d42e723e3497/element/f.F6BB02432D8D97F36D378B59895A9F69.d.2F8133676B93C281AFAB55281D09B929.e.6583/click - {}
RESULT: {}
COMMAND: GET /session/0140d377bb50cef00459d42e723e3497/screenshot - {}
RESULT: {}
COMMAND: POST /session/0140d377bb50cef00459d42e723e3497/execute/async - {"script":"<script> [1562 bytes]","args":[{"selector":{"id":"revertPlanningBtn","viewName":"etm.portal.ui.managecontracts.view.Detail","interaction":{"idSuffix":"BDI-content"}},"wdio_ui5_key":"revertPlanningBtnetmportal.ui.managecontracts.view.Detail"}]}
RESULT: {"script":"<script> [1562 bytes]","args":[{"selector":{"id":"revertPlanningBtn","viewName":"etm.portal.ui.managecontracts.view.Detail","interaction":{"idSuffix":"BDI-content"}},"wdio_ui5_key":"revertPlanningBtnetmportal.ui.managecontracts.view.Detail"}]}
RESULT: undefined
COMMAND: POST /session/0140d377bb50cef00459d42e723e3497/element - {"using":"xpath","value":"//*[@id=\"__xmlview1--revertPlanningBtn\"]"}
RESULT: {"using":"xpath","value":"//*[@id=\"__xmlview1--revertPlanningBtn\"]"}
COMMAND: POST /session/0140d377bb50cef00459d42e723e3497/element/f.F6BB02432D8D97F36D378B59895A9F69.d.2F8133676B93C281AFAB55281D09B929.e.6427/click - {}
RESULT: {}
COMMAND: GET /session/0140d377bb50cef00459d42e723e3497/screenshot - {}
RESULT: {}
COMMAND: POST /session/0140d377bb50cef00459d42e723e3497/actions - {"actions":[{"id":"action45","type":"key","parameters":{},"actions":[{"type":"keyDown","value":""},{"type":"pause","duration":10},{"type":"keyUp","value":""}]}]}
RESULT: {"actions":[{"id":"action45","type":"key","parameters":{},"actions":[{"type":"keyDown","value":""},{"type":"pause","duration":10},{"type":"keyUp","value":""}]}]}
COMMAND: GET /session/0140d377bb50cef00459d42e723e3497/screenshot - {}
RESULT: {}
COMMAND: POST /session/0140d377bb50cef00459d42e723e3497/element - {"using":"xpath","value":"//div[contains(@id ,\"ProductsTable-sa-CbBg\")]"}
RESULT: {"using":"xpath","value":"//div[contains(@id ,\"ProductsTable-sa-CbBg\")]"}
COMMAND: POST /session/0140d377bb50cef00459d42e723e3497/element/f.F6BB02432D8D97F36D378B59895A9F69.d.2F8133676B93C281AFAB55281D09B929.e.6633/click - {}
RESULT: {}
COMMAND: GET /session/0140d377bb50cef00459d42e723e3497/screenshot - {}
RESULT: {}
COMMAND: POST /session/0140d377bb50cef00459d42e723e3497/execute/async - {"script":"<script> [1562 bytes]","args":[{"selector":{"id":"executeRevertPlanningBtn","viewName":"etm.portal.ui.managecontracts.view.Detail","interaction":{"idSuffix":"BDI-content"}},"wdio_ui5_key":"executeRevertPlanningBtnetmportal.ui.managecontracts.view.Detail"}]}
RESULT: {"script":"<script> [1562 bytes]","args":[{"selector":{"id":"executeRevertPlanningBtn","viewName":"etm.portal.ui.managecontracts.view.Detail","interaction":{"idSuffix":"BDI-content"}},"wdio_ui5_key":"executeRevertPlanningBtnetmportal.ui.managecontracts.view.Detail"}]}
RESULT: undefined
COMMAND: POST /session/0140d377bb50cef00459d42e723e3497/element - {"using":"xpath","value":"//*[@id=\"__xmlview1--executeRevertPlanningBtn\"]"}
RESULT: {"using":"xpath","value":"//*[@id=\"__xmlview1--executeRevertPlanningBtn\"]"}
COMMAND: POST /session/0140d377bb50cef00459d42e723e3497/element/f.F6BB02432D8D97F36D378B59895A9F69.d.2F8133676B93C281AFAB55281D09B929.e.6632/click - {}
RESULT: {}
COMMAND: GET /session/0140d377bb50cef00459d42e723e3497/screenshot - {}
RESULT: {}
COMMAND: POST /session/0140d377bb50cef00459d42e723e3497/actions - {"actions":[{"id":"action46","type":"key","parameters":{},"actions":[{"type":"keyDown","value":""},{"type":"pause","duration":10},{"type":"keyUp","value":""}]}]}
RESULT: {"actions":[{"id":"action46","type":"key","parameters":{},"actions":[{"type":"keyDown","value":""},{"type":"pause","duration":10},{"type":"keyUp","value":""}]}]}
COMMAND: POST /session/0140d377bb50cef00459d42e723e3497/execute/async - {"script":"<script> [1562 bytes]","args":[{"selector":{"id":"backBtn"},"wdio_ui5_key":"backBtn"}]}
COMMAND: GET /session/0140d377bb50cef00459d42e723e3497/screenshot - {}
RESULT: {"script":"<script> [1562 bytes]","args":[{"selector":{"id":"backBtn"},"wdio_ui5_key":"backBtn"}]}
RESULT: undefined
COMMAND: POST /session/0140d377bb50cef00459d42e723e3497/element - {"using":"xpath","value":"//*[@id=\"backBtn\"]"}
RESULT: {}
RESULT: {"using":"xpath","value":"//*[@id=\"backBtn\"]"}
COMMAND: POST /session/0140d377bb50cef00459d42e723e3497/element/f.F6BB02432D8D97F36D378B59895A9F69.d.2F8133676B93C281AFAB55281D09B929.e.6647/click - {}
RESULT: {}
COMMAND: GET /session/0140d377bb50cef00459d42e723e3497/screenshot - {}
RESULT: {}
COMMAND: POST /session/0140d377bb50cef00459d42e723e3497/refresh - {}
RESULT: {}
COMMAND: GET /session/0140d377bb50cef00459d42e723e3497/screenshot - {}
RESULT: {}
COMMAND: POST /session/0140d377bb50cef00459d42e723e3497/execute/async - {"script":"<script> [189 bytes]","args":[]}
RESULT: {"script":"<script> [189 bytes]","args":[]}
COMMAND: POST /session/0140d377bb50cef00459d42e723e3497/execute/async - {"script":"<script> [123 bytes]","args":[]}
RESULT: {"script":"<script> [123 bytes]","args":[]}
COMMAND: POST /session/0140d377bb50cef00459d42e723e3497/timeouts - {"script":"<number>"}
RESULT: {"script":"<number>"}
COMMAND: GET /session/0140d377bb50cef00459d42e723e3497/timeouts - {}
RESULT: {}
RESULT: undefined
COMMAND: POST /session/0140d377bb50cef00459d42e723e3497/execute/async - {"script":"<script> [2676 bytes]","args":[]}
RESULT: {"script":"<script> [2676 bytes]","args":[]}
COMMAND: POST /session/0140d377bb50cef00459d42e723e3497/execute/async - {"script":"<script> [2342 bytes]","args":[{"protocol":"http","hostname":"0.0.0.0","path":"/","capabilities":{"browserName":"chrome","goog:chromeOptions":{"binary":"C:\\Program Files\\Google\\Chrome\\Application\\chrome.exe","args":["--start-maximized"]}},"logLevel":"warn","connectionRetryTimeout":120000,"connectionRetryCount":3,"logLevels":{},"enableDirectConnect":true,"strictSSL":true,"_":"65 more keys: [\"cacheDir\",\"port\",\"requestedCapabilities\",\"automationProtocol\",\"baseUrl\",\"waitforInterval\",\"waitforTimeout\",\"onReload\",\"beforeCommand\",\"afterCommand\",\"rootDir\",\"specs\",\"suites\",\"exclude\",\"groupLogsByTestSpec\",\"excludeDriverLogs\",\"bail\",\"framework\",\"reporters\",\"services\",\"maxInstances\",\"maxInstancesPerCapability\",\"injectGlobals\",\"filesToWatch\",\"execArgv\",\"runnerEnv\",\"runner\",\"shard\",\"specFileRetries\",\"specFileRetriesDelay\",\"specFileRetriesDeferred\",\"reporterSyncInterval\",\"reporterSyncTimeout\",\"cucumberFeaturesWithLineNumbers\",\"autoCompileOpts\",\"mochaOpts\",\"jasmineOpts\",\"cucumberOpts\",\"onPrepare\",\"onWorkerStart\",\"onWorkerEnd\",\"before\",\"beforeSession\",\"beforeSuite\",\"beforeHook\",\"beforeTest\",\"afterTest\",\"afterHook\",\"afterSuite\",\"afterSession\",\"after\",\"onComplete\",\"beforeAssertion\",\"afterAssertion\",\"beforeFeature\",\"beforeScenario\",\"beforeStep\",\"afterStep\",\"afterScenario\",\"afterFeature\",\"_\",\"suite\",\"$0\",\"ignoredWorkerServices\",\"wdi5\"]"}]}
RESULT: {"script":"<script> [2342 bytes]","args":[{"protocol":"http","hostname":"0.0.0.0","path":"/","capabilities":{"browserName":"chrome","goog:chromeOptions":{"binary":"C:\\Program Files\\Google\\Chrome\\Application\\chrome.exe","args":["--start-maximized"]}},"logLevel":"warn","connectionRetryTimeout":120000,"connectionRetryCount":3,"logLevels":{},"enableDirectConnect":true,"strictSSL":true,"_":"65 more keys: [\"cacheDir\",\"port\",\"requestedCapabilities\",\"automationProtocol\",\"baseUrl\",\"waitforInterval\",\"waitforTimeout\",\"onReload\",\"beforeCommand\",\"afterCommand\",\"rootDir\",\"specs\",\"suites\",\"exclude\",\"groupLogsByTestSpec\",\"excludeDriverLogs\",\"bail\",\"framework\",\"reporters\",\"services\",\"maxInstances\",\"maxInstancesPerCapability\",\"injectGlobals\",\"filesToWatch\",\"execArgv\",\"runnerEnv\",\"runner\",\"shard\",\"specFileRetries\",\"specFileRetriesDelay\",\"specFileRetriesDeferred\",\"reporterSyncInterval\",\"reporterSyncTimeout\",\"cucumberFeaturesWithLineNumbers\",\"autoCompileOpts\",\"mochaOpts\",\"jasmineOpts\",\"cucumberOpts\",\"onPrepare\",\"onWorkerStart\",\"onWorkerEnd\",\"before\",\"beforeSession\",\"beforeSuite\",\"beforeHook\",\"beforeTest\",\"afterTest\",\"afterHook\",\"afterSuite\",\"afterSession\",\"after\",\"onComplete\",\"beforeAssertion\",\"afterAssertion\",\"beforeFeature\",\"beforeScenario\",\"beforeStep\",\"afterStep\",\"afterScenario\",\"afterFeature\",\"_\",\"suite\",\"$0\",\"ignoredWorkerServices\",\"wdi5\"]"}]}
COMMAND: POST /session/0140d377bb50cef00459d42e723e3497/execute/async - {"script":"<script> [21126 bytes]","args":[35000]}
RESULT: {"script":"<script> [21126 bytes]","args":[35000]}
COMMAND: POST /session/0140d377bb50cef00459d42e723e3497/execute/async - {"script":"<script> [1562 bytes]","args":[{"selector":{"controlType":"sap.m.ObjectStatus","viewName":"etm.portal.ui.managerequests.view.Detail","bindingPath":{"path":"/RequestHeaders('20197')","propertyPath":"LINK_TO_STATUS/DESCRIPTION","modelName":"catalogModel"}},"wdio_ui5_key":"etmportal.ui.managerequests.view.Detailsap.m.ObjectStatus{\"path\":\"/RequestHeaders('20197')\",\"propertyPath\":\"LINK_TO_STATUS/DESCRIPTION\",\"modelName\":\"catalogModel\"}"}]}
RESULT: {"script":"<script> [1562 bytes]","args":[{"selector":{"controlType":"sap.m.ObjectStatus","viewName":"etm.portal.ui.managerequests.view.Detail","bindingPath":{"path":"/RequestHeaders('20197')","propertyPath":"LINK_TO_STATUS/DESCRIPTION","modelName":"catalogModel"}},"wdio_ui5_key":"etmportal.ui.managerequests.view.Detailsap.m.ObjectStatus{\"path\":\"/RequestHeaders('20197')\",\"propertyPath\":\"LINK_TO_STATUS/DESCRIPTION\",\"modelName\":\"catalogModel\"}"}]}
RESULT: undefined
COMMAND: POST /session/0140d377bb50cef00459d42e723e3497/execute/async - {"script":"<script> [6424 bytes]","args":[{"element-6066-11e4-a52e-4f735466cecf":"f.F6BB02432D8D97F36D378B59895A9F69.d.4AD06B12389D2A74A2E44274CA990BA6.e.6838"},"getText",[]]}
RESULT: {"script":"<script> [6424 bytes]","args":[{"element-6066-11e4-a52e-4f735466cecf":"f.F6BB02432D8D97F36D378B59895A9F69.d.4AD06B12389D2A74A2E44274CA990BA6.e.6838"},"getText",[]]}
COMMAND: POST /session/0140d377bb50cef00459d42e723e3497/execute/async - {"script":"<script> [1562 bytes]","args":[{"selector":{"controlType":"sap.m.Button","viewName":"etm.portal.ui.managerequests.view.Detail","bindingPath":{"path":"/SmartRequestItemsPlanningBoard(ITEM=10m,REQUEST='20197')","propertyPath":"PICK_UP"}},"wdio_ui5_key":"etmportal.ui.managerequests.view.Detailsap.m.Button{\"path\":\"/SmartRequestItemsPlanningBoard(ITEM=10m,REQUEST='20197')\",\"propertyPath\":\"PICK_UP\"}"}]}
RESULT: {"script":"<script> [1562 bytes]","args":[{"selector":{"controlType":"sap.m.Button","viewName":"etm.portal.ui.managerequests.view.Detail","bindingPath":{"path":"/SmartRequestItemsPlanningBoard(ITEM=10m,REQUEST='20197')","propertyPath":"PICK_UP"}},"wdio_ui5_key":"etmportal.ui.managerequests.view.Detailsap.m.Button{\"path\":\"/SmartRequestItemsPlanningBoard(ITEM=10m,REQUEST='20197')\",\"propertyPath\":\"PICK_UP\"}"}]}
RESULT: undefined
COMMAND: POST /session/0140d377bb50cef00459d42e723e3497/execute/async - {"script":"<script> [6424 bytes]","args":[{"element-6066-11e4-a52e-4f735466cecf":"f.F6BB02432D8D97F36D378B59895A9F69.d.4AD06B12389D2A74A2E44274CA990BA6.e.6772"},"getType",[]]}
RESULT: {"script":"<script> [6424 bytes]","args":[{"element-6066-11e4-a52e-4f735466cecf":"f.F6BB02432D8D97F36D378B59895A9F69.d.4AD06B12389D2A74A2E44274CA990BA6.e.6772"},"getType",[]]}
COMMAND: POST /session/0140d377bb50cef00459d42e723e3497/execute/async - {"script":"<script> [1562 bytes]","args":[{"selector":{"controlType":"sap.m.Button","viewName":"etm.portal.ui.managerequests.view.Detail","bindingPath":{"path":"/SmartRequestItemsPlanningBoard(ITEM=20m,REQUEST='20197')","propertyPath":"PICK_UP"}},"wdio_ui5_key":"etmportal.ui.managerequests.view.Detailsap.m.Button{\"path\":\"/SmartRequestItemsPlanningBoard(ITEM=20m,REQUEST='20197')\",\"propertyPath\":\"PICK_UP\"}"}]}
RESULT: {"script":"<script> [1562 bytes]","args":[{"selector":{"controlType":"sap.m.Button","viewName":"etm.portal.ui.managerequests.view.Detail","bindingPath":{"path":"/SmartRequestItemsPlanningBoard(ITEM=20m,REQUEST='20197')","propertyPath":"PICK_UP"}},"wdio_ui5_key":"etmportal.ui.managerequests.view.Detailsap.m.Button{\"path\":\"/SmartRequestItemsPlanningBoard(ITEM=20m,REQUEST='20197')\",\"propertyPath\":\"PICK_UP\"}"}]}
RESULT: undefined
COMMAND: POST /session/0140d377bb50cef00459d42e723e3497/execute/async - {"script":"<script> [6424 bytes]","args":[{"element-6066-11e4-a52e-4f735466cecf":"f.F6BB02432D8D97F36D378B59895A9F69.d.4AD06B12389D2A74A2E44274CA990BA6.e.6839"},"getType",[]]}
RESULT: {"script":"<script> [6424 bytes]","args":[{"element-6066-11e4-a52e-4f735466cecf":"f.F6BB02432D8D97F36D378B59895A9F69.d.4AD06B12389D2A74A2E44274CA990BA6.e.6839"},"getType",[]]}
COMMAND: POST /session/0140d377bb50cef00459d42e723e3497/element - {"using":"css selector","value":"#shell-header-logo"}
RESULT: {"using":"css selector","value":"#shell-header-logo"}
COMMAND: POST /session/0140d377bb50cef00459d42e723e3497/element/f.F6BB02432D8D97F36D378B59895A9F69.d.4AD06B12389D2A74A2E44274CA990BA6.e.6672/click - {}
RESULT: {}
COMMAND: GET /session/0140d377bb50cef00459d42e723e3497/screenshot - {}
COMMAND: POST /session/0140d377bb50cef00459d42e723e3497/execute/async - {"script":"<script> [1562 bytes]","args":[{"selector":{"controlType":"sap.m.GenericTile","properties":{"header":"Manage Classifications"}},"wdio_ui5_key":"sapm.GenericTile{\"header\":\"Manage Classifications\"}"}]}
RESULT: {}
RESULT: {"script":"<script> [1562 bytes]","args":[{"selector":{"controlType":"sap.m.GenericTile","properties":{"header":"Manage Classifications"}},"wdio_ui5_key":"sapm.GenericTile{\"header\":\"Manage Classifications\"}"}]}
RESULT: undefined
COMMAND: POST /session/0140d377bb50cef00459d42e723e3497/element - {"using":"xpath","value":"//*[@id=\"__tile115\"]"}
RESULT: {"using":"xpath","value":"//*[@id=\"__tile115\"]"}
COMMAND: POST /session/0140d377bb50cef00459d42e723e3497/element/f.F6BB02432D8D97F36D378B59895A9F69.d.4AD06B12389D2A74A2E44274CA990BA6.e.6856/click - {}
RESULT: {}
COMMAND: GET /session/0140d377bb50cef00459d42e723e3497/screenshot - {}
RESULT: {}
COMMAND: POST /session/0140d377bb50cef00459d42e723e3497/elements - {"using":"xpath","value":"//span[text()='Error']"}
RESULT: {"using":"xpath","value":"//span[text()='Error']"}
]]></system-out>
    </testcase>
  </testsuite>
  <testsuite timestamp="2025-06-01T15:59:04" time="432.637" tests="4" failures="0" errors="0" skipped="0">
    <properties>
      <property name="specId" value="0"/>
      <property name="suiteName" value="Manage requests - requests specifications US141095"/>
      <property name="capabilities" value="chrome.136_0_7103_93.windows"/>
      <property name="file" value="file:///D:/a/1/s/test/specs/R2C/manage-requests-request-specifications.spec.js"/>
    </properties>
    <testcase classname="chrome.136_0_7103_93.windows.Manage_requests_-_requests_specifications_US141095" name="Should create a new classification of type request item" time="45.697">
      <system-out><![CDATA[
COMMAND: POST /session/0140d377bb50cef00459d42e723e3497/execute/async - {"script":"<script> [1562 bytes]","args":[{"selector":{"controlType":"sap.ui.core.Icon","viewName":"etm.portal.ui.manageclassifications.view.Master","viewId":"application-manageclassifications-display-component---classificationMaster","properties":{"src":{"regex":{"source":"add"}}}},"wdio_ui5_key":"etmportal.ui.manageclassifications.view.Mastersap.ui.core.Icon{\"src\":{\"regex\":{\"source\":\"add\"}}}"}]}
RESULT: {"script":"<script> [1562 bytes]","args":[{"selector":{"controlType":"sap.ui.core.Icon","viewName":"etm.portal.ui.manageclassifications.view.Master","viewId":"application-manageclassifications-display-component---classificationMaster","properties":{"src":{"regex":{"source":"add"}}}},"wdio_ui5_key":"etmportal.ui.manageclassifications.view.Mastersap.ui.core.Icon{\"src\":{\"regex\":{\"source\":\"add\"}}}"}]}
RESULT: undefined
COMMAND: POST /session/0140d377bb50cef00459d42e723e3497/element - {"using":"xpath","value":"//*[@id=\"__button27-img\"]"}
RESULT: {"using":"xpath","value":"//*[@id=\"__button27-img\"]"}
COMMAND: POST /session/0140d377bb50cef00459d42e723e3497/element/f.F6BB02432D8D97F36D378B59895A9F69.d.4AD06B12389D2A74A2E44274CA990BA6.e.6897/click - {}
RESULT: {}
COMMAND: POST /session/0140d377bb50cef00459d42e723e3497/execute/async - {"script":"<script> [1562 bytes]","args":[{"selector":{"id":"application-manageclassifications-display-component---classificationCreate--classHeaderName","interaction":{"idSuffix":"inner"}},"wdio_ui5_key":"applicationmanageclassifications-display-component---classificationCreate--classHeaderName"}]}
COMMAND: GET /session/0140d377bb50cef00459d42e723e3497/screenshot - {}
RESULT: {"script":"<script> [1562 bytes]","args":[{"selector":{"id":"application-manageclassifications-display-component---classificationCreate--classHeaderName","interaction":{"idSuffix":"inner"}},"wdio_ui5_key":"applicationmanageclassifications-display-component---classificationCreate--classHeaderName"}]}
RESULT: undefined
COMMAND: POST /session/0140d377bb50cef00459d42e723e3497/execute/async - {"script":"<script> [776 bytes]","args":[{"enterText":"WebdriverItemClass3r9i5h","selector":{"id":"application-manageclassifications-display-component---classificationCreate--classHeaderName","interaction":{"idSuffix":"inner"}},"clearTextFirst":true,"interactionType":"ENTER_TEXT"}]}
RESULT: {}
RESULT: {"script":"<script> [776 bytes]","args":[{"enterText":"WebdriverItemClass3r9i5h","selector":{"id":"application-manageclassifications-display-component---classificationCreate--classHeaderName","interaction":{"idSuffix":"inner"}},"clearTextFirst":true,"interactionType":"ENTER_TEXT"}]}
COMMAND: POST /session/0140d377bb50cef00459d42e723e3497/execute/async - {"script":"<script> [1562 bytes]","args":[{"selector":{"controlType":"sap.ui.core.Icon","viewName":"etm.portal.ui.manageclassifications.view.Create","viewId":"application-manageclassifications-display-component---classificationCreate","properties":{"src":{"regex":{"source":"slim\\-arrow\\-down"}}}},"wdio_ui5_key":"etmportal.ui.manageclassifications.view.Createsap.ui.core.Icon{\"src\":{\"regex\":{\"source\":\"slim\\\\-arrow\\\\-down\"}}}"}]}
RESULT: {"script":"<script> [1562 bytes]","args":[{"selector":{"controlType":"sap.ui.core.Icon","viewName":"etm.portal.ui.manageclassifications.view.Create","viewId":"application-manageclassifications-display-component---classificationCreate","properties":{"src":{"regex":{"source":"slim\\-arrow\\-down"}}}},"wdio_ui5_key":"etmportal.ui.manageclassifications.view.Createsap.ui.core.Icon{\"src\":{\"regex\":{\"source\":\"slim\\\\-arrow\\\\-down\"}}}"}]}
RESULT: undefined
COMMAND: POST /session/0140d377bb50cef00459d42e723e3497/element - {"using":"xpath","value":"//*[@id=\"__box12-arrow\"]"}
RESULT: {"using":"xpath","value":"//*[@id=\"__box12-arrow\"]"}
COMMAND: POST /session/0140d377bb50cef00459d42e723e3497/element/f.F6BB02432D8D97F36D378B59895A9F69.d.4AD06B12389D2A74A2E44274CA990BA6.e.7215/click - {}
RESULT: {}
COMMAND: POST /session/0140d377bb50cef00459d42e723e3497/execute/async - {"script":"<script> [1562 bytes]","args":[{"selector":{"controlType":"sap.m.StandardListItem","viewName":"etm.portal.ui.manageclassifications.view.Create","viewId":"application-manageclassifications-display-component---classificationCreate","properties":{"title":"Request Item Specifications"},"searchOpenDialogs":true,"interaction":{"idSuffix":"titleText"}},"wdio_ui5_key":"etmportal.ui.manageclassifications.view.Createsap.m.StandardListItem{\"title\":\"Request Item Specifications\"}"}]}
COMMAND: GET /session/0140d377bb50cef00459d42e723e3497/screenshot - {}
RESULT: {"script":"<script> [1562 bytes]","args":[{"selector":{"controlType":"sap.m.StandardListItem","viewName":"etm.portal.ui.manageclassifications.view.Create","viewId":"application-manageclassifications-display-component---classificationCreate","properties":{"title":"Request Item Specifications"},"searchOpenDialogs":true,"interaction":{"idSuffix":"titleText"}},"wdio_ui5_key":"etmportal.ui.manageclassifications.view.Createsap.m.StandardListItem{\"title\":\"Request Item Specifications\"}"}]}
RESULT: undefined
COMMAND: POST /session/0140d377bb50cef00459d42e723e3497/element - {"using":"xpath","value":"//*[@id=\"__item85\"]"}
RESULT: {}
RESULT: {"using":"xpath","value":"//*[@id=\"__item85\"]"}
COMMAND: POST /session/0140d377bb50cef00459d42e723e3497/element/f.F6BB02432D8D97F36D378B59895A9F69.d.4AD06B12389D2A74A2E44274CA990BA6.e.7255/click - {}
RESULT: {}
COMMAND: POST /session/0140d377bb50cef00459d42e723e3497/execute/async - {"script":"<script> [1562 bytes]","args":[{"selector":{"controlType":"sap.ui.core.Icon","viewName":"etm.portal.ui.manageclassifications.view.Create","viewId":"application-manageclassifications-display-component---classificationCreate","properties":{"src":{"regex":{"source":"add"}}}},"wdio_ui5_key":"etmportal.ui.manageclassifications.view.Createsap.ui.core.Icon{\"src\":{\"regex\":{\"source\":\"add\"}}}"}]}
COMMAND: GET /session/0140d377bb50cef00459d42e723e3497/screenshot - {}
RESULT: {"script":"<script> [1562 bytes]","args":[{"selector":{"controlType":"sap.ui.core.Icon","viewName":"etm.portal.ui.manageclassifications.view.Create","viewId":"application-manageclassifications-display-component---classificationCreate","properties":{"src":{"regex":{"source":"add"}}}},"wdio_ui5_key":"etmportal.ui.manageclassifications.view.Createsap.ui.core.Icon{\"src\":{\"regex\":{\"source\":\"add\"}}}"}]}
RESULT: undefined
COMMAND: POST /session/0140d377bb50cef00459d42e723e3497/element - {"using":"xpath","value":"//*[@id=\"__button32-img\"]"}
RESULT: {}
RESULT: {"using":"xpath","value":"//*[@id=\"__button32-img\"]"}
COMMAND: POST /session/0140d377bb50cef00459d42e723e3497/element/f.F6BB02432D8D97F36D378B59895A9F69.d.4AD06B12389D2A74A2E44274CA990BA6.e.7218/click - {}
RESULT: {}
COMMAND: POST /session/0140d377bb50cef00459d42e723e3497/execute/async - {"script":"<script> [1562 bytes]","args":[{"selector":{"controlType":"sap.m.Input","viewName":"etm.portal.ui.manageclassifications.view.Create","viewId":"application-manageclassifications-display-component---classificationCreate","bindingPath":{"path":"/0","propertyPath":"PROPERTY","modelName":"newConfigModel"},"interaction":{"idSuffix":"inner"}},"wdio_ui5_key":"etmportal.ui.manageclassifications.view.Createsap.m.Input{\"path\":\"/0\",\"propertyPath\":\"PROPERTY\",\"modelName\":\"newConfigModel\"}"}]}
COMMAND: GET /session/0140d377bb50cef00459d42e723e3497/screenshot - {}
RESULT: {"script":"<script> [1562 bytes]","args":[{"selector":{"controlType":"sap.m.Input","viewName":"etm.portal.ui.manageclassifications.view.Create","viewId":"application-manageclassifications-display-component---classificationCreate","bindingPath":{"path":"/0","propertyPath":"PROPERTY","modelName":"newConfigModel"},"interaction":{"idSuffix":"inner"}},"wdio_ui5_key":"etmportal.ui.manageclassifications.view.Createsap.m.Input{\"path\":\"/0\",\"propertyPath\":\"PROPERTY\",\"modelName\":\"newConfigModel\"}"}]}
RESULT: undefined
COMMAND: POST /session/0140d377bb50cef00459d42e723e3497/execute/async - {"script":"<script> [776 bytes]","args":[{"enterText":"Color","selector":{"controlType":"sap.m.Input","viewName":"etm.portal.ui.manageclassifications.view.Create","viewId":"application-manageclassifications-display-component---classificationCreate","bindingPath":{"path":"/0","propertyPath":"PROPERTY","modelName":"newConfigModel"},"interaction":{"idSuffix":"inner"}},"clearTextFirst":true,"interactionType":"ENTER_TEXT"}]}
RESULT: {}
RESULT: {"script":"<script> [776 bytes]","args":[{"enterText":"Color","selector":{"controlType":"sap.m.Input","viewName":"etm.portal.ui.manageclassifications.view.Create","viewId":"application-manageclassifications-display-component---classificationCreate","bindingPath":{"path":"/0","propertyPath":"PROPERTY","modelName":"newConfigModel"},"interaction":{"idSuffix":"inner"}},"clearTextFirst":true,"interactionType":"ENTER_TEXT"}]}
COMMAND: POST /session/0140d377bb50cef00459d42e723e3497/execute/async - {"script":"<script> [1562 bytes]","args":[{"selector":{"controlType":"sap.m.Input","viewName":"etm.portal.ui.manageclassifications.view.Create","viewId":"application-manageclassifications-display-component---classificationCreate","bindingPath":{"path":"/0","propertyPath":"DESCRIPTION","modelName":"newConfigModel"},"interaction":{"idSuffix":"inner"}},"wdio_ui5_key":"etmportal.ui.manageclassifications.view.Createsap.m.Input{\"path\":\"/0\",\"propertyPath\":\"DESCRIPTION\",\"modelName\":\"newConfigModel\"}"}]}
RESULT: {"script":"<script> [1562 bytes]","args":[{"selector":{"controlType":"sap.m.Input","viewName":"etm.portal.ui.manageclassifications.view.Create","viewId":"application-manageclassifications-display-component---classificationCreate","bindingPath":{"path":"/0","propertyPath":"DESCRIPTION","modelName":"newConfigModel"},"interaction":{"idSuffix":"inner"}},"wdio_ui5_key":"etmportal.ui.manageclassifications.view.Createsap.m.Input{\"path\":\"/0\",\"propertyPath\":\"DESCRIPTION\",\"modelName\":\"newConfigModel\"}"}]}
RESULT: undefined
COMMAND: POST /session/0140d377bb50cef00459d42e723e3497/execute/async - {"script":"<script> [776 bytes]","args":[{"enterText":"Color","selector":{"controlType":"sap.m.Input","viewName":"etm.portal.ui.manageclassifications.view.Create","viewId":"application-manageclassifications-display-component---classificationCreate","bindingPath":{"path":"/0","propertyPath":"DESCRIPTION","modelName":"newConfigModel"},"interaction":{"idSuffix":"inner"}},"clearTextFirst":true,"interactionType":"ENTER_TEXT"}]}
RESULT: {"script":"<script> [776 bytes]","args":[{"enterText":"Color","selector":{"controlType":"sap.m.Input","viewName":"etm.portal.ui.manageclassifications.view.Create","viewId":"application-manageclassifications-display-component---classificationCreate","bindingPath":{"path":"/0","propertyPath":"DESCRIPTION","modelName":"newConfigModel"},"interaction":{"idSuffix":"inner"}},"clearTextFirst":true,"interactionType":"ENTER_TEXT"}]}
COMMAND: POST /session/0140d377bb50cef00459d42e723e3497/execute/async - {"script":"<script> [1562 bytes]","args":[{"selector":{"controlType":"sap.ui.core.Icon","viewName":"etm.portal.ui.manageclassifications.view.Create","viewId":"application-manageclassifications-display-component---classificationCreate","properties":{"src":{"regex":{"source":"slim\\-arrow\\-down"}}},"ancestor":{"controlType":"sap.m.ComboBox","viewName":"etm.portal.ui.manageclassifications.view.Create","viewId":"application-manageclassifications-display-component---classificationCreate","bindingPath":{"path":"/0","propertyPath":"VALUE_TYPE","modelName":"newConfigModel"}}},"wdio_ui5_key":"etmportal.ui.manageclassifications.view.Createsap.ui.core.Icon{\"src\":{\"regex\":{\"source\":\"slim\\\\-arrow\\\\-down\"}}}{\"controlType\":\"sap.m.ComboBox\",\"viewName\":\"etm.portal.ui.manageclassifications.view.Create\",\"viewId\":\"application-manageclassifications-display-component---classificationCreate\",\"bindingPath\":{\"path\":\"/0\",\"propertyPath\":\"VALUE_TYPE\",\"modelName\":\"newConfigModel\"}}"}]}
RESULT: {"script":"<script> [1562 bytes]","args":[{"selector":{"controlType":"sap.ui.core.Icon","viewName":"etm.portal.ui.manageclassifications.view.Create","viewId":"application-manageclassifications-display-component---classificationCreate","properties":{"src":{"regex":{"source":"slim\\-arrow\\-down"}}},"ancestor":{"controlType":"sap.m.ComboBox","viewName":"etm.portal.ui.manageclassifications.view.Create","viewId":"application-manageclassifications-display-component---classificationCreate","bindingPath":{"path":"/0","propertyPath":"VALUE_TYPE","modelName":"newConfigModel"}}},"wdio_ui5_key":"etmportal.ui.manageclassifications.view.Createsap.ui.core.Icon{\"src\":{\"regex\":{\"source\":\"slim\\\\-arrow\\\\-down\"}}}{\"controlType\":\"sap.m.ComboBox\",\"viewName\":\"etm.portal.ui.manageclassifications.view.Create\",\"viewId\":\"application-manageclassifications-display-component---classificationCreate\",\"bindingPath\":{\"path\":\"/0\",\"propertyPath\":\"VALUE_TYPE\",\"modelName\":\"newConfigModel\"}}"}]}
RESULT: undefined
COMMAND: POST /session/0140d377bb50cef00459d42e723e3497/element - {"using":"xpath","value":"//*[@id=\"__box13-application-manageclassifications-display-component---classificationCreate--configurationList-0-arrow\"]"}
RESULT: {"using":"xpath","value":"//*[@id=\"__box13-application-manageclassifications-display-component---classificationCreate--configurationList-0-arrow\"]"}
COMMAND: POST /session/0140d377bb50cef00459d42e723e3497/element/f.F6BB02432D8D97F36D378B59895A9F69.d.4AD06B12389D2A74A2E44274CA990BA6.e.7264/click - {}
RESULT: {}
COMMAND: POST /session/0140d377bb50cef00459d42e723e3497/execute/async - {"script":"<script> [1562 bytes]","args":[{"selector":{"controlType":"sap.m.StandardListItem","viewName":"etm.portal.ui.manageclassifications.view.Create","viewId":"application-manageclassifications-display-component---classificationCreate","properties":{"title":"Dropdown"},"searchOpenDialogs":true,"interaction":{"idSuffix":"titleText"}},"wdio_ui5_key":"etmportal.ui.manageclassifications.view.Createsap.m.StandardListItem{\"title\":\"Dropdown\"}"}]}
COMMAND: GET /session/0140d377bb50cef00459d42e723e3497/screenshot - {}
RESULT: {"script":"<script> [1562 bytes]","args":[{"selector":{"controlType":"sap.m.StandardListItem","viewName":"etm.portal.ui.manageclassifications.view.Create","viewId":"application-manageclassifications-display-component---classificationCreate","properties":{"title":"Dropdown"},"searchOpenDialogs":true,"interaction":{"idSuffix":"titleText"}},"wdio_ui5_key":"etmportal.ui.manageclassifications.view.Createsap.m.StandardListItem{\"title\":\"Dropdown\"}"}]}
RESULT: undefined
COMMAND: POST /session/0140d377bb50cef00459d42e723e3497/element - {"using":"xpath","value":"//*[@id=\"__item93\"]"}
RESULT: {}
RESULT: {"using":"xpath","value":"//*[@id=\"__item93\"]"}
COMMAND: POST /session/0140d377bb50cef00459d42e723e3497/element/f.F6BB02432D8D97F36D378B59895A9F69.d.4AD06B12389D2A74A2E44274CA990BA6.e.7266/click - {}
RESULT: {}
COMMAND: POST /session/0140d377bb50cef00459d42e723e3497/execute/async - {"script":"<script> [1562 bytes]","args":[{"selector":{"controlType":"sap.ui.core.Icon","viewName":"etm.portal.ui.manageclassifications.view.Create","viewId":"application-manageclassifications-display-component---classificationCreate","properties":{"src":{"regex":{"source":"crm\\-service\\-manager"}}}},"wdio_ui5_key":"etmportal.ui.manageclassifications.view.Createsap.ui.core.Icon{\"src\":{\"regex\":{\"source\":\"crm\\\\-service\\\\-manager\"}}}"}]}
COMMAND: GET /session/0140d377bb50cef00459d42e723e3497/screenshot - {}
RESULT: {"script":"<script> [1562 bytes]","args":[{"selector":{"controlType":"sap.ui.core.Icon","viewName":"etm.portal.ui.manageclassifications.view.Create","viewId":"application-manageclassifications-display-component---classificationCreate","properties":{"src":{"regex":{"source":"crm\\-service\\-manager"}}}},"wdio_ui5_key":"etmportal.ui.manageclassifications.view.Createsap.ui.core.Icon{\"src\":{\"regex\":{\"source\":\"crm\\\\-service\\\\-manager\"}}}"}]}
RESULT: undefined
COMMAND: POST /session/0140d377bb50cef00459d42e723e3497/element - {"using":"xpath","value":"//*[@id=\"__button34-application-manageclassifications-display-component---classificationCreate--configurationList-0-img\"]"}
RESULT: {}
RESULT: {"using":"xpath","value":"//*[@id=\"__button34-application-manageclassifications-display-component---classificationCreate--configurationList-0-img\"]"}
COMMAND: POST /session/0140d377bb50cef00459d42e723e3497/element/f.F6BB02432D8D97F36D378B59895A9F69.d.4AD06B12389D2A74A2E44274CA990BA6.e.7268/click - {}
RESULT: {}
COMMAND: POST /session/0140d377bb50cef00459d42e723e3497/element - {"using":"xpath","value":"//button[@title=\"Add additional value\"]"}
COMMAND: GET /session/0140d377bb50cef00459d42e723e3497/screenshot - {}
RESULT: {"using":"xpath","value":"//button[@title=\"Add additional value\"]"}
COMMAND: POST /session/0140d377bb50cef00459d42e723e3497/element/f.F6BB02432D8D97F36D378B59895A9F69.d.4AD06B12389D2A74A2E44274CA990BA6.e.7269/click - {}
RESULT: {}
RESULT: {}
COMMAND: POST /session/0140d377bb50cef00459d42e723e3497/execute/async - {"script":"<script> [1562 bytes]","args":[{"selector":{"controlType":"sap.m.Input","viewName":"etm.portal.ui.manageclassifications.view.Create","viewId":"application-manageclassifications-display-component---classificationCreate","bindingPath":{"path":"/VALUES/0","propertyPath":"VALUE","modelName":"dropdownValuesModel"},"searchOpenDialogs":true,"interaction":{"idSuffix":"inner"}},"wdio_ui5_key":"etmportal.ui.manageclassifications.view.Createsap.m.Input{\"path\":\"/VALUES/0\",\"propertyPath\":\"VALUE\",\"modelName\":\"dropdownValuesModel\"}"}]}
COMMAND: GET /session/0140d377bb50cef00459d42e723e3497/screenshot - {}
RESULT: {"script":"<script> [1562 bytes]","args":[{"selector":{"controlType":"sap.m.Input","viewName":"etm.portal.ui.manageclassifications.view.Create","viewId":"application-manageclassifications-display-component---classificationCreate","bindingPath":{"path":"/VALUES/0","propertyPath":"VALUE","modelName":"dropdownValuesModel"},"searchOpenDialogs":true,"interaction":{"idSuffix":"inner"}},"wdio_ui5_key":"etmportal.ui.manageclassifications.view.Createsap.m.Input{\"path\":\"/VALUES/0\",\"propertyPath\":\"VALUE\",\"modelName\":\"dropdownValuesModel\"}"}]}
RESULT: undefined
COMMAND: POST /session/0140d377bb50cef00459d42e723e3497/execute/async - {"script":"<script> [776 bytes]","args":[{"enterText":"1","selector":{"controlType":"sap.m.Input","viewName":"etm.portal.ui.manageclassifications.view.Create","viewId":"application-manageclassifications-display-component---classificationCreate","bindingPath":{"path":"/VALUES/0","propertyPath":"VALUE","modelName":"dropdownValuesModel"},"searchOpenDialogs":true,"interaction":{"idSuffix":"inner"}},"clearTextFirst":true,"interactionType":"ENTER_TEXT"}]}
RESULT: {}
RESULT: {"script":"<script> [776 bytes]","args":[{"enterText":"1","selector":{"controlType":"sap.m.Input","viewName":"etm.portal.ui.manageclassifications.view.Create","viewId":"application-manageclassifications-display-component---classificationCreate","bindingPath":{"path":"/VALUES/0","propertyPath":"VALUE","modelName":"dropdownValuesModel"},"searchOpenDialogs":true,"interaction":{"idSuffix":"inner"}},"clearTextFirst":true,"interactionType":"ENTER_TEXT"}]}
COMMAND: POST /session/0140d377bb50cef00459d42e723e3497/execute/async - {"script":"<script> [1562 bytes]","args":[{"selector":{"controlType":"sap.m.Input","viewName":"etm.portal.ui.manageclassifications.view.Create","viewId":"application-manageclassifications-display-component---classificationCreate","bindingPath":{"path":"/VALUES/0","propertyPath":"TEXT","modelName":"dropdownValuesModel"},"searchOpenDialogs":true,"interaction":{"idSuffix":"inner"}},"wdio_ui5_key":"etmportal.ui.manageclassifications.view.Createsap.m.Input{\"path\":\"/VALUES/0\",\"propertyPath\":\"TEXT\",\"modelName\":\"dropdownValuesModel\"}"}]}
RESULT: {"script":"<script> [1562 bytes]","args":[{"selector":{"controlType":"sap.m.Input","viewName":"etm.portal.ui.manageclassifications.view.Create","viewId":"application-manageclassifications-display-component---classificationCreate","bindingPath":{"path":"/VALUES/0","propertyPath":"TEXT","modelName":"dropdownValuesModel"},"searchOpenDialogs":true,"interaction":{"idSuffix":"inner"}},"wdio_ui5_key":"etmportal.ui.manageclassifications.view.Createsap.m.Input{\"path\":\"/VALUES/0\",\"propertyPath\":\"TEXT\",\"modelName\":\"dropdownValuesModel\"}"}]}
RESULT: undefined
COMMAND: POST /session/0140d377bb50cef00459d42e723e3497/execute/async - {"script":"<script> [776 bytes]","args":[{"enterText":"blue","selector":{"controlType":"sap.m.Input","viewName":"etm.portal.ui.manageclassifications.view.Create","viewId":"application-manageclassifications-display-component---classificationCreate","bindingPath":{"path":"/VALUES/0","propertyPath":"TEXT","modelName":"dropdownValuesModel"},"searchOpenDialogs":true,"interaction":{"idSuffix":"inner"}},"clearTextFirst":true,"interactionType":"ENTER_TEXT"}]}
RESULT: {"script":"<script> [776 bytes]","args":[{"enterText":"blue","selector":{"controlType":"sap.m.Input","viewName":"etm.portal.ui.manageclassifications.view.Create","viewId":"application-manageclassifications-display-component---classificationCreate","bindingPath":{"path":"/VALUES/0","propertyPath":"TEXT","modelName":"dropdownValuesModel"},"searchOpenDialogs":true,"interaction":{"idSuffix":"inner"}},"clearTextFirst":true,"interactionType":"ENTER_TEXT"}]}
COMMAND: POST /session/0140d377bb50cef00459d42e723e3497/element - {"using":"xpath","value":"//button[@title=\"Add additional value\"]"}
RESULT: {"using":"xpath","value":"//button[@title=\"Add additional value\"]"}
COMMAND: POST /session/0140d377bb50cef00459d42e723e3497/element/f.F6BB02432D8D97F36D378B59895A9F69.d.4AD06B12389D2A74A2E44274CA990BA6.e.7269/click - {}
RESULT: {}
COMMAND: POST /session/0140d377bb50cef00459d42e723e3497/execute/async - {"script":"<script> [1562 bytes]","args":[{"selector":{"controlType":"sap.m.Input","viewName":"etm.portal.ui.manageclassifications.view.Create","viewId":"application-manageclassifications-display-component---classificationCreate","bindingPath":{"path":"/VALUES/1","propertyPath":"VALUE","modelName":"dropdownValuesModel"},"searchOpenDialogs":true,"interaction":{"idSuffix":"inner"}},"wdio_ui5_key":"etmportal.ui.manageclassifications.view.Createsap.m.Input{\"path\":\"/VALUES/1\",\"propertyPath\":\"VALUE\",\"modelName\":\"dropdownValuesModel\"}"}]}
COMMAND: GET /session/0140d377bb50cef00459d42e723e3497/screenshot - {}
RESULT: {"script":"<script> [1562 bytes]","args":[{"selector":{"controlType":"sap.m.Input","viewName":"etm.portal.ui.manageclassifications.view.Create","viewId":"application-manageclassifications-display-component---classificationCreate","bindingPath":{"path":"/VALUES/1","propertyPath":"VALUE","modelName":"dropdownValuesModel"},"searchOpenDialogs":true,"interaction":{"idSuffix":"inner"}},"wdio_ui5_key":"etmportal.ui.manageclassifications.view.Createsap.m.Input{\"path\":\"/VALUES/1\",\"propertyPath\":\"VALUE\",\"modelName\":\"dropdownValuesModel\"}"}]}
RESULT: undefined
COMMAND: POST /session/0140d377bb50cef00459d42e723e3497/execute/async - {"script":"<script> [776 bytes]","args":[{"enterText":"2","selector":{"controlType":"sap.m.Input","viewName":"etm.portal.ui.manageclassifications.view.Create","viewId":"application-manageclassifications-display-component---classificationCreate","bindingPath":{"path":"/VALUES/1","propertyPath":"VALUE","modelName":"dropdownValuesModel"},"searchOpenDialogs":true,"interaction":{"idSuffix":"inner"}},"clearTextFirst":true,"interactionType":"ENTER_TEXT"}]}
RESULT: {}
RESULT: {"script":"<script> [776 bytes]","args":[{"enterText":"2","selector":{"controlType":"sap.m.Input","viewName":"etm.portal.ui.manageclassifications.view.Create","viewId":"application-manageclassifications-display-component---classificationCreate","bindingPath":{"path":"/VALUES/1","propertyPath":"VALUE","modelName":"dropdownValuesModel"},"searchOpenDialogs":true,"interaction":{"idSuffix":"inner"}},"clearTextFirst":true,"interactionType":"ENTER_TEXT"}]}
COMMAND: POST /session/0140d377bb50cef00459d42e723e3497/execute/async - {"script":"<script> [1562 bytes]","args":[{"selector":{"controlType":"sap.m.Input","viewName":"etm.portal.ui.manageclassifications.view.Create","viewId":"application-manageclassifications-display-component---classificationCreate","bindingPath":{"path":"/VALUES/1","propertyPath":"TEXT","modelName":"dropdownValuesModel"},"searchOpenDialogs":true,"interaction":{"idSuffix":"inner"}},"wdio_ui5_key":"etmportal.ui.manageclassifications.view.Createsap.m.Input{\"path\":\"/VALUES/1\",\"propertyPath\":\"TEXT\",\"modelName\":\"dropdownValuesModel\"}"}]}
RESULT: {"script":"<script> [1562 bytes]","args":[{"selector":{"controlType":"sap.m.Input","viewName":"etm.portal.ui.manageclassifications.view.Create","viewId":"application-manageclassifications-display-component---classificationCreate","bindingPath":{"path":"/VALUES/1","propertyPath":"TEXT","modelName":"dropdownValuesModel"},"searchOpenDialogs":true,"interaction":{"idSuffix":"inner"}},"wdio_ui5_key":"etmportal.ui.manageclassifications.view.Createsap.m.Input{\"path\":\"/VALUES/1\",\"propertyPath\":\"TEXT\",\"modelName\":\"dropdownValuesModel\"}"}]}
RESULT: undefined
COMMAND: POST /session/0140d377bb50cef00459d42e723e3497/execute/async - {"script":"<script> [776 bytes]","args":[{"enterText":"red","selector":{"controlType":"sap.m.Input","viewName":"etm.portal.ui.manageclassifications.view.Create","viewId":"application-manageclassifications-display-component---classificationCreate","bindingPath":{"path":"/VALUES/1","propertyPath":"TEXT","modelName":"dropdownValuesModel"},"searchOpenDialogs":true,"interaction":{"idSuffix":"inner"}},"clearTextFirst":true,"interactionType":"ENTER_TEXT"}]}
RESULT: {"script":"<script> [776 bytes]","args":[{"enterText":"red","selector":{"controlType":"sap.m.Input","viewName":"etm.portal.ui.manageclassifications.view.Create","viewId":"application-manageclassifications-display-component---classificationCreate","bindingPath":{"path":"/VALUES/1","propertyPath":"TEXT","modelName":"dropdownValuesModel"},"searchOpenDialogs":true,"interaction":{"idSuffix":"inner"}},"clearTextFirst":true,"interactionType":"ENTER_TEXT"}]}
COMMAND: POST /session/0140d377bb50cef00459d42e723e3497/execute/async - {"script":"<script> [1562 bytes]","args":[{"selector":{"controlType":"sap.m.Button","viewName":"etm.portal.ui.manageclassifications.view.Create","viewId":"application-manageclassifications-display-component---classificationCreate","i18NText":{"propertyName":"text","key":"save"},"searchOpenDialogs":true,"interaction":{"idSuffix":"BDI-content"}},"wdio_ui5_key":"etmportal.ui.manageclassifications.view.Createsap.m.Button{\"propertyName\":\"text\",\"key\":\"save\"}"}]}
RESULT: {"script":"<script> [1562 bytes]","args":[{"selector":{"controlType":"sap.m.Button","viewName":"etm.portal.ui.manageclassifications.view.Create","viewId":"application-manageclassifications-display-component---classificationCreate","i18NText":{"propertyName":"text","key":"save"},"searchOpenDialogs":true,"interaction":{"idSuffix":"BDI-content"}},"wdio_ui5_key":"etmportal.ui.manageclassifications.view.Createsap.m.Button{\"propertyName\":\"text\",\"key\":\"save\"}"}]}
RESULT: undefined
COMMAND: POST /session/0140d377bb50cef00459d42e723e3497/element - {"using":"xpath","value":"//*[@id=\"__button44\"]"}
RESULT: {"using":"xpath","value":"//*[@id=\"__button44\"]"}
COMMAND: POST /session/0140d377bb50cef00459d42e723e3497/element/f.F6BB02432D8D97F36D378B59895A9F69.d.4AD06B12389D2A74A2E44274CA990BA6.e.7289/click - {}
RESULT: {}
COMMAND: GET /session/0140d377bb50cef00459d42e723e3497/screenshot - {}
RESULT: {}
COMMAND: POST /session/0140d377bb50cef00459d42e723e3497/element - {"using":"xpath","value":"//button[@title=\"Save\"]"}
RESULT: {"using":"xpath","value":"//button[@title=\"Save\"]"}
COMMAND: POST /session/0140d377bb50cef00459d42e723e3497/element/f.F6BB02432D8D97F36D378B59895A9F69.d.4AD06B12389D2A74A2E44274CA990BA6.e.7226/click - {}
RESULT: {}
COMMAND: GET /session/0140d377bb50cef00459d42e723e3497/screenshot - {}
RESULT: {}
COMMAND: POST /session/0140d377bb50cef00459d42e723e3497/execute/async - {"script":"<script> [1562 bytes]","args":[{"selector":{"id":"application-manageclassifications-display-component---classificationMaster--smartFilterBar-btnBasicSearch","interaction":{"idSuffix":"I"}},"wdio_ui5_key":"applicationmanageclassifications-display-component---classificationMaster--smartFilterBar-btnBasicSearch"}]}
RESULT: {"script":"<script> [1562 bytes]","args":[{"selector":{"id":"application-manageclassifications-display-component---classificationMaster--smartFilterBar-btnBasicSearch","interaction":{"idSuffix":"I"}},"wdio_ui5_key":"applicationmanageclassifications-display-component---classificationMaster--smartFilterBar-btnBasicSearch"}]}
RESULT: undefined
COMMAND: POST /session/0140d377bb50cef00459d42e723e3497/execute/async - {"script":"<script> [776 bytes]","args":[{"enterText":"WebdriverItemClass3r9i5h","selector":{"id":"application-manageclassifications-display-component---classificationMaster--smartFilterBar-btnBasicSearch","interaction":{"idSuffix":"I"}},"clearTextFirst":true,"interactionType":"ENTER_TEXT"}]}
RESULT: {"script":"<script> [776 bytes]","args":[{"enterText":"WebdriverItemClass3r9i5h","selector":{"id":"application-manageclassifications-display-component---classificationMaster--smartFilterBar-btnBasicSearch","interaction":{"idSuffix":"I"}},"clearTextFirst":true,"interactionType":"ENTER_TEXT"}]}
COMMAND: POST /session/0140d377bb50cef00459d42e723e3497/actions - {"actions":[{"id":"action47","type":"key","parameters":{},"actions":[{"type":"keyDown","value":""},{"type":"pause","duration":10},{"type":"keyUp","value":""}]}]}
RESULT: {"actions":[{"id":"action47","type":"key","parameters":{},"actions":[{"type":"keyDown","value":""},{"type":"pause","duration":10},{"type":"keyUp","value":""}]}]}
COMMAND: POST /session/0140d377bb50cef00459d42e723e3497/execute/async - {"script":"<script> [1562 bytes]","args":[{"selector":{"id":"application-manageclassifications-display-component---classificationMaster--smartTable-header"},"wdio_ui5_key":"applicationmanageclassifications-display-component---classificationMaster--smartTable-header"}]}
COMMAND: GET /session/0140d377bb50cef00459d42e723e3497/screenshot - {}
RESULT: {"script":"<script> [1562 bytes]","args":[{"selector":{"id":"application-manageclassifications-display-component---classificationMaster--smartTable-header"},"wdio_ui5_key":"applicationmanageclassifications-display-component---classificationMaster--smartTable-header"}]}
RESULT: undefined
COMMAND: POST /session/0140d377bb50cef00459d42e723e3497/execute/async - {"script":"<script> [6424 bytes]","args":[{"element-6066-11e4-a52e-4f735466cecf":"f.F6BB02432D8D97F36D378B59895A9F69.d.4AD06B12389D2A74A2E44274CA990BA6.e.7474"},"getText",[]]}
RESULT: {}
RESULT: {"script":"<script> [6424 bytes]","args":[{"element-6066-11e4-a52e-4f735466cecf":"f.F6BB02432D8D97F36D378B59895A9F69.d.4AD06B12389D2A74A2E44274CA990BA6.e.7474"},"getText",[]]}
COMMAND: POST /session/0140d377bb50cef00459d42e723e3497/element - {"using":"css selector","value":"#shell-header-logo"}
RESULT: {"using":"css selector","value":"#shell-header-logo"}
COMMAND: POST /session/0140d377bb50cef00459d42e723e3497/element/f.F6BB02432D8D97F36D378B59895A9F69.d.4AD06B12389D2A74A2E44274CA990BA6.e.6863/click - {}
RESULT: {}
COMMAND: GET /session/0140d377bb50cef00459d42e723e3497/screenshot - {}
RESULT: {}
]]></system-out>
    </testcase>
    <testcase classname="chrome.136_0_7103_93.windows.Manage_requests_-_requests_specifications_US141095" name="Should create a new section and a catalog item" time="155">
      <system-out><![CDATA[
COMMAND: POST /session/0140d377bb50cef00459d42e723e3497/execute/async - {"script":"<script> [1562 bytes]","args":[{"selector":{"controlType":"sap.m.GenericTile","properties":{"header":"Manage Catalogs"}},"wdio_ui5_key":"sapm.GenericTile{\"header\":\"Manage Catalogs\"}"}]}
RESULT: {"script":"<script> [1562 bytes]","args":[{"selector":{"controlType":"sap.m.GenericTile","properties":{"header":"Manage Catalogs"}},"wdio_ui5_key":"sapm.GenericTile{\"header\":\"Manage Catalogs\"}"}]}
RESULT: undefined
COMMAND: POST /session/0140d377bb50cef00459d42e723e3497/element - {"using":"xpath","value":"//*[@id=\"__tile37\"]"}
RESULT: {"using":"xpath","value":"//*[@id=\"__tile37\"]"}
COMMAND: POST /session/0140d377bb50cef00459d42e723e3497/element/f.F6BB02432D8D97F36D378B59895A9F69.d.4AD06B12389D2A74A2E44274CA990BA6.e.7478/click - {}
RESULT: {}
COMMAND: GET /session/0140d377bb50cef00459d42e723e3497/screenshot - {}
RESULT: {}
COMMAND: POST /session/0140d377bb50cef00459d42e723e3497/elements - {"using":"xpath","value":"//span[text()='Error']"}
RESULT: {"using":"xpath","value":"//span[text()='Error']"}
COMMAND: POST /session/0140d377bb50cef00459d42e723e3497/execute/async - {"script":"<script> [1562 bytes]","args":[{"selector":{"controlType":"sap.m.Text","viewName":"etm.portal.ui.managecatalogs.view.MasterCatalogs","viewId":"application-managecatalogs-display-component---masterCatalogs","bindingPath":{"path":"/Catalogs('0D7502D073D53A0F1700BE067B89AFF9')","propertyPath":"DESCRIPTION","modelName":"catalogModel"}},"wdio_ui5_key":"etmportal.ui.managecatalogs.view.MasterCatalogssap.m.Text{\"path\":\"/Catalogs('0D7502D073D53A0F1700BE067B89AFF9')\",\"propertyPath\":\"DESCRIPTION\",\"modelName\":\"catalogModel\"}"}]}
RESULT: {"script":"<script> [1562 bytes]","args":[{"selector":{"controlType":"sap.m.Text","viewName":"etm.portal.ui.managecatalogs.view.MasterCatalogs","viewId":"application-managecatalogs-display-component---masterCatalogs","bindingPath":{"path":"/Catalogs('0D7502D073D53A0F1700BE067B89AFF9')","propertyPath":"DESCRIPTION","modelName":"catalogModel"}},"wdio_ui5_key":"etmportal.ui.managecatalogs.view.MasterCatalogssap.m.Text{\"path\":\"/Catalogs('0D7502D073D53A0F1700BE067B89AFF9')\",\"propertyPath\":\"DESCRIPTION\",\"modelName\":\"catalogModel\"}"}]}
RESULT: undefined
COMMAND: POST /session/0140d377bb50cef00459d42e723e3497/element - {"using":"xpath","value":"//*[@id=\"__text434-application-managecatalogs-display-component---masterCatalogs--CatalogsTable-11\"]"}
RESULT: {"using":"xpath","value":"//*[@id=\"__text434-application-managecatalogs-display-component---masterCatalogs--CatalogsTable-11\"]"}
COMMAND: POST /session/0140d377bb50cef00459d42e723e3497/element/f.F6BB02432D8D97F36D378B59895A9F69.d.4AD06B12389D2A74A2E44274CA990BA6.e.7547/click - {}
RESULT: {}
COMMAND: POST /session/0140d377bb50cef00459d42e723e3497/execute/async - {"script":"<script> [1562 bytes]","args":[{"selector":{"controlType":"sap.ui.layout.HorizontalLayout","viewName":"etm.portal.ui.managecatalogs.view.MasterItems","viewId":"application-managecatalogs-display-component---masterCatalogItems","ancestor":{"id":"application-managecatalogs-display-component---masterCatalogItems--idCatalogItemsTree-rows-row0"}},"wdio_ui5_key":"etmportal.ui.managecatalogs.view.MasterItemssap.ui.layout.HorizontalLayout{\"id\":\"application-managecatalogs-display-component---masterCatalogItems--idCatalogItemsTree-rows-row0\"}"}]}
COMMAND: GET /session/0140d377bb50cef00459d42e723e3497/screenshot - {}
RESULT: {"script":"<script> [1562 bytes]","args":[{"selector":{"controlType":"sap.ui.layout.HorizontalLayout","viewName":"etm.portal.ui.managecatalogs.view.MasterItems","viewId":"application-managecatalogs-display-component---masterCatalogItems","ancestor":{"id":"application-managecatalogs-display-component---masterCatalogItems--idCatalogItemsTree-rows-row0"}},"wdio_ui5_key":"etmportal.ui.managecatalogs.view.MasterItemssap.ui.layout.HorizontalLayout{\"id\":\"application-managecatalogs-display-component---masterCatalogItems--idCatalogItemsTree-rows-row0\"}"}]}
RESULT: undefined
COMMAND: POST /session/0140d377bb50cef00459d42e723e3497/element - {"using":"xpath","value":"//*[@id=\"__layout40-__clone426\"]"}
RESULT: {}
RESULT: {"using":"xpath","value":"//*[@id=\"__layout40-__clone426\"]"}
COMMAND: POST /session/0140d377bb50cef00459d42e723e3497/element/f.F6BB02432D8D97F36D378B59895A9F69.d.4AD06B12389D2A74A2E44274CA990BA6.e.7582/click - {}
RESULT: {}
COMMAND: GET /session/0140d377bb50cef00459d42e723e3497/screenshot - {}
COMMAND: POST /session/0140d377bb50cef00459d42e723e3497/execute/async - {"script":"<script> [1562 bytes]","args":[{"selector":{"controlType":"sap.m.Button","viewName":"etm.portal.ui.managecatalogs.view.Detail","viewId":"application-managecatalogs-display-component---detailCatalog","i18NText":{"propertyName":"text","key":"edit"},"interaction":{"idSuffix":"BDI-content"}},"wdio_ui5_key":"etmportal.ui.managecatalogs.view.Detailsap.m.Button{\"propertyName\":\"text\",\"key\":\"edit\"}"}]}
RESULT: {}
RESULT: {"script":"<script> [1562 bytes]","args":[{"selector":{"controlType":"sap.m.Button","viewName":"etm.portal.ui.managecatalogs.view.Detail","viewId":"application-managecatalogs-display-component---detailCatalog","i18NText":{"propertyName":"text","key":"edit"},"interaction":{"idSuffix":"BDI-content"}},"wdio_ui5_key":"etmportal.ui.managecatalogs.view.Detailsap.m.Button{\"propertyName\":\"text\",\"key\":\"edit\"}"}]}
RESULT: undefined
COMMAND: POST /session/0140d377bb50cef00459d42e723e3497/element - {"using":"xpath","value":"//*[@id=\"__button88\"]"}
RESULT: {"using":"xpath","value":"//*[@id=\"__button88\"]"}
COMMAND: POST /session/0140d377bb50cef00459d42e723e3497/element/f.F6BB02432D8D97F36D378B59895A9F69.d.4AD06B12389D2A74A2E44274CA990BA6.e.7696/click - {}
RESULT: {}
COMMAND: GET /session/0140d377bb50cef00459d42e723e3497/screenshot - {}
RESULT: {}
COMMAND: POST /session/0140d377bb50cef00459d42e723e3497/element - {"using":"xpath","value":"//bdi[contains(text(), \"Unlock\")]"}
RESULT: {"using":"xpath","value":"//bdi[contains(text(), \"Unlock\")]"}
COMMAND: POST /session/0140d377bb50cef00459d42e723e3497/elements - {"using":"xpath","value":"//bdi[contains(text(), \"Unlock\")]"}
RESULT: {"using":"xpath","value":"//bdi[contains(text(), \"Unlock\")]"}
COMMAND: POST /session/0140d377bb50cef00459d42e723e3497/execute/async - {"script":"<script> [1562 bytes]","args":[{"selector":{"controlType":"sap.ui.core.Icon","viewName":"etm.portal.ui.managecatalogs.view.Detail","viewId":"application-managecatalogs-display-component---detailCatalog","properties":{"src":{"regex":{"source":"add\\-folder"}}}},"wdio_ui5_key":"etmportal.ui.managecatalogs.view.Detailsap.ui.core.Icon{\"src\":{\"regex\":{\"source\":\"add\\\\-folder\"}}}"}]}
RESULT: {"script":"<script> [1562 bytes]","args":[{"selector":{"controlType":"sap.ui.core.Icon","viewName":"etm.portal.ui.managecatalogs.view.Detail","viewId":"application-managecatalogs-display-component---detailCatalog","properties":{"src":{"regex":{"source":"add\\-folder"}}}},"wdio_ui5_key":"etmportal.ui.managecatalogs.view.Detailsap.ui.core.Icon{\"src\":{\"regex\":{\"source\":\"add\\\\-folder\"}}}"}]}
RESULT: undefined
COMMAND: POST /session/0140d377bb50cef00459d42e723e3497/element - {"using":"xpath","value":"//*[@id=\"__button96-img\"]"}
RESULT: {"using":"xpath","value":"//*[@id=\"__button96-img\"]"}
COMMAND: POST /session/0140d377bb50cef00459d42e723e3497/element/f.F6BB02432D8D97F36D378B59895A9F69.d.4AD06B12389D2A74A2E44274CA990BA6.e.7705/click - {}
RESULT: {}
COMMAND: GET /session/0140d377bb50cef00459d42e723e3497/screenshot - {}
RESULT: {}
COMMAND: POST /session/0140d377bb50cef00459d42e723e3497/execute/async - {"script":"<script> [1562 bytes]","args":[{"selector":{"id":"application-managecatalogs-display-component---detailCatalog--numberInput","searchOpenDialogs":true,"interaction":{"idSuffix":"inner"}},"wdio_ui5_key":"applicationmanagecatalogs-display-component---detailCatalog--numberInput"}]}
RESULT: {"script":"<script> [1562 bytes]","args":[{"selector":{"id":"application-managecatalogs-display-component---detailCatalog--numberInput","searchOpenDialogs":true,"interaction":{"idSuffix":"inner"}},"wdio_ui5_key":"applicationmanagecatalogs-display-component---detailCatalog--numberInput"}]}
RESULT: undefined
COMMAND: POST /session/0140d377bb50cef00459d42e723e3497/execute/async - {"script":"<script> [776 bytes]","args":[{"enterText":"Sectionoj0yjf","selector":{"id":"application-managecatalogs-display-component---detailCatalog--numberInput","searchOpenDialogs":true,"interaction":{"idSuffix":"inner"}},"clearTextFirst":true,"interactionType":"ENTER_TEXT"}]}
RESULT: {"script":"<script> [776 bytes]","args":[{"enterText":"Sectionoj0yjf","selector":{"id":"application-managecatalogs-display-component---detailCatalog--numberInput","searchOpenDialogs":true,"interaction":{"idSuffix":"inner"}},"clearTextFirst":true,"interactionType":"ENTER_TEXT"}]}
COMMAND: POST /session/0140d377bb50cef00459d42e723e3497/element - {"using":"css selector","value":"#application-managecatalogs-display-component---detailCatalog--nameInput-inner"}
RESULT: {"using":"css selector","value":"#application-managecatalogs-display-component---detailCatalog--nameInput-inner"}
COMMAND: POST /session/0140d377bb50cef00459d42e723e3497/elements - {"using":"css selector","value":"#application-managecatalogs-display-component---detailCatalog--nameInput-inner"}
RESULT: {"using":"css selector","value":"#application-managecatalogs-display-component---detailCatalog--nameInput-inner"}
COMMAND: POST /session/0140d377bb50cef00459d42e723e3497/element/f.F6BB02432D8D97F36D378B59895A9F69.d.4AD06B12389D2A74A2E44274CA990BA6.e.7709/clear - {}
RESULT: {}
COMMAND: POST /session/0140d377bb50cef00459d42e723e3497/element/f.F6BB02432D8D97F36D378B59895A9F69.d.4AD06B12389D2A74A2E44274CA990BA6.e.7709/value - {"text":"Webdriveruoll7g"}
COMMAND: GET /session/0140d377bb50cef00459d42e723e3497/screenshot - {}
RESULT: {"text":"Webdriveruoll7g"}
COMMAND: POST /session/0140d377bb50cef00459d42e723e3497/execute/async - {"script":"<script> [1562 bytes]","args":[{"selector":{"controlType":"sap.m.Button","viewName":"etm.portal.ui.managecatalogs.view.Detail","viewId":"application-managecatalogs-display-component---detailCatalog","i18NText":{"propertyName":"text","key":"create"},"searchOpenDialogs":true,"interaction":{"idSuffix":"BDI-content"}},"wdio_ui5_key":"etmportal.ui.managecatalogs.view.Detailsap.m.Button{\"propertyName\":\"text\",\"key\":\"create\"}"}]}
COMMAND: GET /session/0140d377bb50cef00459d42e723e3497/screenshot - {}
RESULT: {}
RESULT: {"script":"<script> [1562 bytes]","args":[{"selector":{"controlType":"sap.m.Button","viewName":"etm.portal.ui.managecatalogs.view.Detail","viewId":"application-managecatalogs-display-component---detailCatalog","i18NText":{"propertyName":"text","key":"create"},"searchOpenDialogs":true,"interaction":{"idSuffix":"BDI-content"}},"wdio_ui5_key":"etmportal.ui.managecatalogs.view.Detailsap.m.Button{\"propertyName\":\"text\",\"key\":\"create\"}"}]}
RESULT: undefined
COMMAND: POST /session/0140d377bb50cef00459d42e723e3497/element - {"using":"xpath","value":"//*[@id=\"__button66\"]"}
RESULT: {}
RESULT: {"using":"xpath","value":"//*[@id=\"__button66\"]"}
COMMAND: POST /session/0140d377bb50cef00459d42e723e3497/element/f.F6BB02432D8D97F36D378B59895A9F69.d.4AD06B12389D2A74A2E44274CA990BA6.e.7714/click - {}
RESULT: {}
COMMAND: GET /session/0140d377bb50cef00459d42e723e3497/screenshot - {}
RESULT: {}
COMMAND: POST /session/0140d377bb50cef00459d42e723e3497/element - {"using":"xpath","value":"//button[@title=\"Save\"]"}
RESULT: {"using":"xpath","value":"//button[@title=\"Save\"]"}
COMMAND: POST /session/0140d377bb50cef00459d42e723e3497/element/f.F6BB02432D8D97F36D378B59895A9F69.d.4AD06B12389D2A74A2E44274CA990BA6.e.7715/click - {}
RESULT: {}
COMMAND: POST /session/0140d377bb50cef00459d42e723e3497/execute/async - {"script":"<script> [1562 bytes]","args":[{"selector":{"controlType":"sap.ui.core.Icon","viewName":"etm.portal.ui.managecatalogs.view.Detail","viewId":"application-managecatalogs-display-component---detailCatalog","properties":{"src":{"regex":{"source":"decline"}}}},"wdio_ui5_key":"etmportal.ui.managecatalogs.view.Detailsap.ui.core.Icon{\"src\":{\"regex\":{\"source\":\"decline\"}}}"}]}
COMMAND: GET /session/0140d377bb50cef00459d42e723e3497/screenshot - {}
RESULT: {"script":"<script> [1562 bytes]","args":[{"selector":{"controlType":"sap.ui.core.Icon","viewName":"etm.portal.ui.managecatalogs.view.Detail","viewId":"application-managecatalogs-display-component---detailCatalog","properties":{"src":{"regex":{"source":"decline"}}}},"wdio_ui5_key":"etmportal.ui.managecatalogs.view.Detailsap.ui.core.Icon{\"src\":{\"regex\":{\"source\":\"decline\"}}}"}]}
RESULT: undefined
COMMAND: POST /session/0140d377bb50cef00459d42e723e3497/element - {"using":"xpath","value":"//*[@id=\"__button91-img\"]"}
RESULT: {}
RESULT: {"using":"xpath","value":"//*[@id=\"__button91-img\"]"}
COMMAND: POST /session/0140d377bb50cef00459d42e723e3497/element/f.F6BB02432D8D97F36D378B59895A9F69.d.4AD06B12389D2A74A2E44274CA990BA6.e.7722/click - {}
RESULT: {}
COMMAND: GET /session/0140d377bb50cef00459d42e723e3497/screenshot - {}
RESULT: {}
COMMAND: POST /session/0140d377bb50cef00459d42e723e3497/execute/async - {"script":"<script> [1562 bytes]","args":[{"selector":{"controlType":"sap.ui.core.Icon","viewName":"etm.portal.ui.managecatalogs.view.MasterItems","viewId":"application-managecatalogs-display-component---masterCatalogItems","properties":{"src":{"regex":{"source":"refresh"}}}},"wdio_ui5_key":"etmportal.ui.managecatalogs.view.MasterItemssap.ui.core.Icon{\"src\":{\"regex\":{\"source\":\"refresh\"}}}"}]}
RESULT: {"script":"<script> [1562 bytes]","args":[{"selector":{"controlType":"sap.ui.core.Icon","viewName":"etm.portal.ui.managecatalogs.view.MasterItems","viewId":"application-managecatalogs-display-component---masterCatalogItems","properties":{"src":{"regex":{"source":"refresh"}}}},"wdio_ui5_key":"etmportal.ui.managecatalogs.view.MasterItemssap.ui.core.Icon{\"src\":{\"regex\":{\"source\":\"refresh\"}}}"}]}
RESULT: undefined
COMMAND: POST /session/0140d377bb50cef00459d42e723e3497/element - {"using":"xpath","value":"//*[@id=\"__button64-img\"]"}
RESULT: {"using":"xpath","value":"//*[@id=\"__button64-img\"]"}
COMMAND: POST /session/0140d377bb50cef00459d42e723e3497/element/f.F6BB02432D8D97F36D378B59895A9F69.d.4AD06B12389D2A74A2E44274CA990BA6.e.7758/click - {}
RESULT: {}
COMMAND: POST /session/0140d377bb50cef00459d42e723e3497/execute/async - {"script":"<script> [1562 bytes]","args":[{"selector":{"id":"application-managecatalogs-display-component---masterCatalogItems--searchItemsField","interaction":{"idSuffix":"I"}},"wdio_ui5_key":"applicationmanagecatalogs-display-component---masterCatalogItems--searchItemsField"}]}
COMMAND: GET /session/0140d377bb50cef00459d42e723e3497/screenshot - {}
RESULT: {"script":"<script> [1562 bytes]","args":[{"selector":{"id":"application-managecatalogs-display-component---masterCatalogItems--searchItemsField","interaction":{"idSuffix":"I"}},"wdio_ui5_key":"applicationmanagecatalogs-display-component---masterCatalogItems--searchItemsField"}]}
RESULT: undefined
COMMAND: POST /session/0140d377bb50cef00459d42e723e3497/execute/async - {"script":"<script> [776 bytes]","args":[{"enterText":"Webdriveruoll7g","selector":{"id":"application-managecatalogs-display-component---masterCatalogItems--searchItemsField","interaction":{"idSuffix":"I"}},"clearTextFirst":true,"interactionType":"ENTER_TEXT"}]}
RESULT: {}
RESULT: {"script":"<script> [776 bytes]","args":[{"enterText":"Webdriveruoll7g","selector":{"id":"application-managecatalogs-display-component---masterCatalogItems--searchItemsField","interaction":{"idSuffix":"I"}},"clearTextFirst":true,"interactionType":"ENTER_TEXT"}]}
COMMAND: POST /session/0140d377bb50cef00459d42e723e3497/actions - {"actions":[{"id":"action48","type":"key","parameters":{},"actions":[{"type":"keyDown","value":""},{"type":"pause","duration":10},{"type":"keyUp","value":""}]}]}
RESULT: {"actions":[{"id":"action48","type":"key","parameters":{},"actions":[{"type":"keyDown","value":""},{"type":"pause","duration":10},{"type":"keyUp","value":""}]}]}
COMMAND: POST /session/0140d377bb50cef00459d42e723e3497/element - {"using":"xpath","value":"(//span[contains(text(), \"Webdriveruoll7g\")])[1]"}
COMMAND: GET /session/0140d377bb50cef00459d42e723e3497/screenshot - {}
RESULT: {"using":"xpath","value":"(//span[contains(text(), \"Webdriveruoll7g\")])[1]"}
COMMAND: POST /session/0140d377bb50cef00459d42e723e3497/element/f.F6BB02432D8D97F36D378B59895A9F69.d.4AD06B12389D2A74A2E44274CA990BA6.e.7761/click - {}
RESULT: {}
RESULT: {}
COMMAND: GET /session/0140d377bb50cef00459d42e723e3497/screenshot - {}
RESULT: {}
RESULT: undefined
COMMAND: POST /session/0140d377bb50cef00459d42e723e3497/element - {"using":"xpath","value":"//*[@id=\"__button88\"]"}
RESULT: {"using":"xpath","value":"//*[@id=\"__button88\"]"}
COMMAND: POST /session/0140d377bb50cef00459d42e723e3497/element/f.F6BB02432D8D97F36D378B59895A9F69.d.4AD06B12389D2A74A2E44274CA990BA6.e.7794/click - {}
RESULT: {}
COMMAND: GET /session/0140d377bb50cef00459d42e723e3497/screenshot - {}
RESULT: {}
RESULT: undefined
COMMAND: POST /session/0140d377bb50cef00459d42e723e3497/element - {"using":"xpath","value":"//*[@id=\"__button96-img\"]"}
RESULT: {"using":"xpath","value":"//*[@id=\"__button96-img\"]"}
COMMAND: POST /session/0140d377bb50cef00459d42e723e3497/element/f.F6BB02432D8D97F36D378B59895A9F69.d.4AD06B12389D2A74A2E44274CA990BA6.e.7848/click - {}
RESULT: {}
COMMAND: GET /session/0140d377bb50cef00459d42e723e3497/screenshot - {}
RESULT: {}
RESULT: undefined
COMMAND: POST /session/0140d377bb50cef00459d42e723e3497/execute/async - {"script":"<script> [776 bytes]","args":[{"enterText":"SecondSectionvqny3","selector":{"id":"application-managecatalogs-display-component---detailCatalog--numberInput","searchOpenDialogs":true,"interaction":{"idSuffix":"inner"}},"clearTextFirst":true,"interactionType":"ENTER_TEXT"}]}
RESULT: {"script":"<script> [776 bytes]","args":[{"enterText":"SecondSectionvqny3","selector":{"id":"application-managecatalogs-display-component---detailCatalog--numberInput","searchOpenDialogs":true,"interaction":{"idSuffix":"inner"}},"clearTextFirst":true,"interactionType":"ENTER_TEXT"}]}
COMMAND: POST /session/0140d377bb50cef00459d42e723e3497/element - {"using":"xpath","value":"//input[contains(@id ,\"application-managecatalogs-display-component---detailCatalog--nameInput-inner\")]"}
RESULT: {"using":"xpath","value":"//input[contains(@id ,\"application-managecatalogs-display-component---detailCatalog--nameInput-inner\")]"}
COMMAND: POST /session/0140d377bb50cef00459d42e723e3497/elements - {"using":"xpath","value":"//input[contains(@id ,\"application-managecatalogs-display-component---detailCatalog--nameInput-inner\")]"}
RESULT: {"using":"xpath","value":"//input[contains(@id ,\"application-managecatalogs-display-component---detailCatalog--nameInput-inner\")]"}
COMMAND: POST /session/0140d377bb50cef00459d42e723e3497/element/f.F6BB02432D8D97F36D378B59895A9F69.d.4AD06B12389D2A74A2E44274CA990BA6.e.7851/clear - {}
RESULT: {}
COMMAND: POST /session/0140d377bb50cef00459d42e723e3497/element/f.F6BB02432D8D97F36D378B59895A9F69.d.4AD06B12389D2A74A2E44274CA990BA6.e.7851/value - {"text":"webdriversecondrchgi"}
COMMAND: GET /session/0140d377bb50cef00459d42e723e3497/screenshot - {}
RESULT: {"text":"webdriversecondrchgi"}
RESULT: undefined
COMMAND: POST /session/0140d377bb50cef00459d42e723e3497/element - {"using":"xpath","value":"//*[@id=\"__button66\"]"}
COMMAND: GET /session/0140d377bb50cef00459d42e723e3497/screenshot - {}
RESULT: {}
RESULT: {"using":"xpath","value":"//*[@id=\"__button66\"]"}
COMMAND: POST /session/0140d377bb50cef00459d42e723e3497/element/f.F6BB02432D8D97F36D378B59895A9F69.d.4AD06B12389D2A74A2E44274CA990BA6.e.7855/click - {}
RESULT: {}
RESULT: {}
COMMAND: GET /session/0140d377bb50cef00459d42e723e3497/screenshot - {}
RESULT: {}
COMMAND: POST /session/0140d377bb50cef00459d42e723e3497/element - {"using":"xpath","value":"//button[@title=\"Save\"]"}
RESULT: {"using":"xpath","value":"//button[@title=\"Save\"]"}
COMMAND: POST /session/0140d377bb50cef00459d42e723e3497/element/f.F6BB02432D8D97F36D378B59895A9F69.d.4AD06B12389D2A74A2E44274CA990BA6.e.7832/click - {}
RESULT: {}
COMMAND: GET /session/0140d377bb50cef00459d42e723e3497/screenshot - {}
RESULT: {}
RESULT: undefined
COMMAND: POST /session/0140d377bb50cef00459d42e723e3497/element - {"using":"xpath","value":"//*[@id=\"__button91-img\"]"}
RESULT: {"using":"xpath","value":"//*[@id=\"__button91-img\"]"}
COMMAND: POST /session/0140d377bb50cef00459d42e723e3497/element/f.F6BB02432D8D97F36D378B59895A9F69.d.4AD06B12389D2A74A2E44274CA990BA6.e.7801/click - {}
RESULT: {}
COMMAND: GET /session/0140d377bb50cef00459d42e723e3497/screenshot - {}
RESULT: {}
RESULT: undefined
COMMAND: POST /session/0140d377bb50cef00459d42e723e3497/element - {"using":"xpath","value":"//*[@id=\"__button64-img\"]"}
RESULT: {"using":"xpath","value":"//*[@id=\"__button64-img\"]"}
COMMAND: POST /session/0140d377bb50cef00459d42e723e3497/element/f.F6BB02432D8D97F36D378B59895A9F69.d.4AD06B12389D2A74A2E44274CA990BA6.e.7893/click - {}
RESULT: {}
COMMAND: GET /session/0140d377bb50cef00459d42e723e3497/screenshot - {}
RESULT: {}
RESULT: undefined
COMMAND: POST /session/0140d377bb50cef00459d42e723e3497/execute/async - {"script":"<script> [776 bytes]","args":[{"enterText":"SecondSectionvqny3","selector":{"id":"application-managecatalogs-display-component---masterCatalogItems--searchItemsField","interaction":{"idSuffix":"I"}},"clearTextFirst":true,"interactionType":"ENTER_TEXT"}]}
RESULT: {"script":"<script> [776 bytes]","args":[{"enterText":"SecondSectionvqny3","selector":{"id":"application-managecatalogs-display-component---masterCatalogItems--searchItemsField","interaction":{"idSuffix":"I"}},"clearTextFirst":true,"interactionType":"ENTER_TEXT"}]}
COMMAND: POST /session/0140d377bb50cef00459d42e723e3497/actions - {"actions":[{"id":"action49","type":"key","parameters":{},"actions":[{"type":"keyDown","value":""},{"type":"pause","duration":10},{"type":"keyUp","value":""}]}]}
RESULT: {"actions":[{"id":"action49","type":"key","parameters":{},"actions":[{"type":"keyDown","value":""},{"type":"pause","duration":10},{"type":"keyUp","value":""}]}]}
COMMAND: POST /session/0140d377bb50cef00459d42e723e3497/element - {"using":"xpath","value":"(//span[contains(text(), \"SecondSectionvqny3\")])[1]"}
COMMAND: GET /session/0140d377bb50cef00459d42e723e3497/screenshot - {}
RESULT: {"using":"xpath","value":"(//span[contains(text(), \"SecondSectionvqny3\")])[1]"}
COMMAND: POST /session/0140d377bb50cef00459d42e723e3497/element/f.F6BB02432D8D97F36D378B59895A9F69.d.4AD06B12389D2A74A2E44274CA990BA6.e.7896/click - {}
RESULT: {}
RESULT: {}
COMMAND: POST /session/0140d377bb50cef00459d42e723e3497/element - {"using":"xpath","value":"(//span[contains(text(), \"SecondSectionvqny3\")])[1]"}
COMMAND: GET /session/0140d377bb50cef00459d42e723e3497/screenshot - {}
RESULT: {"using":"xpath","value":"(//span[contains(text(), \"SecondSectionvqny3\")])[1]"}
COMMAND: GET /session/0140d377bb50cef00459d42e723e3497/element/f.F6BB02432D8D97F36D378B59895A9F69.d.4AD06B12389D2A74A2E44274CA990BA6.e.7896/text - {}
RESULT: {}
COMMAND: POST /session/0140d377bb50cef00459d42e723e3497/element - {"using":"xpath","value":"(//span[contains(text(), \"SecondSectionvqny3\")])[1]"}
RESULT: {"using":"xpath","value":"(//span[contains(text(), \"SecondSectionvqny3\")])[1]"}
COMMAND: GET /session/0140d377bb50cef00459d42e723e3497/element/f.F6BB02432D8D97F36D378B59895A9F69.d.4AD06B12389D2A74A2E44274CA990BA6.e.7896/text - {}
COMMAND: POST /session/0140d377bb50cef00459d42e723e3497/element - {"using":"xpath","value":"(//span[contains(text(), \"SecondSectionvqny3\")])[1]"}
RESULT: {"using":"xpath","value":"(//span[contains(text(), \"SecondSectionvqny3\")])[1]"}
COMMAND: GET /session/0140d377bb50cef00459d42e723e3497/element/f.F6BB02432D8D97F36D378B59895A9F69.d.4AD06B12389D2A74A2E44274CA990BA6.e.7948/text - {}
RESULT: {}
COMMAND: POST /session/0140d377bb50cef00459d42e723e3497/refresh - {}
RESULT: {}
COMMAND: GET /session/0140d377bb50cef00459d42e723e3497/screenshot - {}
RESULT: {}
COMMAND: POST /session/0140d377bb50cef00459d42e723e3497/execute/async - {"script":"<script> [189 bytes]","args":[]}
RESULT: {"script":"<script> [189 bytes]","args":[]}
COMMAND: POST /session/0140d377bb50cef00459d42e723e3497/execute/async - {"script":"<script> [123 bytes]","args":[]}
RESULT: {"script":"<script> [123 bytes]","args":[]}
COMMAND: POST /session/0140d377bb50cef00459d42e723e3497/timeouts - {"script":"<number>"}
RESULT: {"script":"<number>"}
COMMAND: GET /session/0140d377bb50cef00459d42e723e3497/timeouts - {}
RESULT: {}
RESULT: undefined
COMMAND: POST /session/0140d377bb50cef00459d42e723e3497/execute/async - {"script":"<script> [2676 bytes]","args":[]}
RESULT: {"script":"<script> [2676 bytes]","args":[]}
COMMAND: POST /session/0140d377bb50cef00459d42e723e3497/execute/async - {"script":"<script> [2342 bytes]","args":[{"protocol":"http","hostname":"0.0.0.0","path":"/","capabilities":{"browserName":"chrome","goog:chromeOptions":{"binary":"C:\\Program Files\\Google\\Chrome\\Application\\chrome.exe","args":["--start-maximized"]}},"logLevel":"warn","connectionRetryTimeout":120000,"connectionRetryCount":3,"logLevels":{},"enableDirectConnect":true,"strictSSL":true,"_":"65 more keys: [\"cacheDir\",\"port\",\"requestedCapabilities\",\"automationProtocol\",\"baseUrl\",\"waitforInterval\",\"waitforTimeout\",\"onReload\",\"beforeCommand\",\"afterCommand\",\"rootDir\",\"specs\",\"suites\",\"exclude\",\"groupLogsByTestSpec\",\"excludeDriverLogs\",\"bail\",\"framework\",\"reporters\",\"services\",\"maxInstances\",\"maxInstancesPerCapability\",\"injectGlobals\",\"filesToWatch\",\"execArgv\",\"runnerEnv\",\"runner\",\"shard\",\"specFileRetries\",\"specFileRetriesDelay\",\"specFileRetriesDeferred\",\"reporterSyncInterval\",\"reporterSyncTimeout\",\"cucumberFeaturesWithLineNumbers\",\"autoCompileOpts\",\"mochaOpts\",\"jasmineOpts\",\"cucumberOpts\",\"onPrepare\",\"onWorkerStart\",\"onWorkerEnd\",\"before\",\"beforeSession\",\"beforeSuite\",\"beforeHook\",\"beforeTest\",\"afterTest\",\"afterHook\",\"afterSuite\",\"afterSession\",\"after\",\"onComplete\",\"beforeAssertion\",\"afterAssertion\",\"beforeFeature\",\"beforeScenario\",\"beforeStep\",\"afterStep\",\"afterScenario\",\"afterFeature\",\"_\",\"suite\",\"$0\",\"ignoredWorkerServices\",\"wdi5\"]"}]}
RESULT: {"script":"<script> [2342 bytes]","args":[{"protocol":"http","hostname":"0.0.0.0","path":"/","capabilities":{"browserName":"chrome","goog:chromeOptions":{"binary":"C:\\Program Files\\Google\\Chrome\\Application\\chrome.exe","args":["--start-maximized"]}},"logLevel":"warn","connectionRetryTimeout":120000,"connectionRetryCount":3,"logLevels":{},"enableDirectConnect":true,"strictSSL":true,"_":"65 more keys: [\"cacheDir\",\"port\",\"requestedCapabilities\",\"automationProtocol\",\"baseUrl\",\"waitforInterval\",\"waitforTimeout\",\"onReload\",\"beforeCommand\",\"afterCommand\",\"rootDir\",\"specs\",\"suites\",\"exclude\",\"groupLogsByTestSpec\",\"excludeDriverLogs\",\"bail\",\"framework\",\"reporters\",\"services\",\"maxInstances\",\"maxInstancesPerCapability\",\"injectGlobals\",\"filesToWatch\",\"execArgv\",\"runnerEnv\",\"runner\",\"shard\",\"specFileRetries\",\"specFileRetriesDelay\",\"specFileRetriesDeferred\",\"reporterSyncInterval\",\"reporterSyncTimeout\",\"cucumberFeaturesWithLineNumbers\",\"autoCompileOpts\",\"mochaOpts\",\"jasmineOpts\",\"cucumberOpts\",\"onPrepare\",\"onWorkerStart\",\"onWorkerEnd\",\"before\",\"beforeSession\",\"beforeSuite\",\"beforeHook\",\"beforeTest\",\"afterTest\",\"afterHook\",\"afterSuite\",\"afterSession\",\"after\",\"onComplete\",\"beforeAssertion\",\"afterAssertion\",\"beforeFeature\",\"beforeScenario\",\"beforeStep\",\"afterStep\",\"afterScenario\",\"afterFeature\",\"_\",\"suite\",\"$0\",\"ignoredWorkerServices\",\"wdi5\"]"}]}
COMMAND: POST /session/0140d377bb50cef00459d42e723e3497/execute/async - {"script":"<script> [21126 bytes]","args":[35000]}
RESULT: {"script":"<script> [21126 bytes]","args":[35000]}
COMMAND: POST /session/0140d377bb50cef00459d42e723e3497/execute/async - {"script":"<script> [1562 bytes]","args":[{"selector":{"controlType":"sap.m.Button","viewName":"etm.portal.ui.managecatalogs.view.Detail","viewId":"application-managecatalogs-display-component---detailCatalog","i18NText":{"propertyName":"text","key":"edit"},"interaction":{"idSuffix":"BDI-content"}},"wdio_ui5_key":"etmportal.ui.managecatalogs.view.Detailsap.m.Button{\"propertyName\":\"text\",\"key\":\"edit\"}"}]}
RESULT: {"script":"<script> [1562 bytes]","args":[{"selector":{"controlType":"sap.m.Button","viewName":"etm.portal.ui.managecatalogs.view.Detail","viewId":"application-managecatalogs-display-component---detailCatalog","i18NText":{"propertyName":"text","key":"edit"},"interaction":{"idSuffix":"BDI-content"}},"wdio_ui5_key":"etmportal.ui.managecatalogs.view.Detailsap.m.Button{\"propertyName\":\"text\",\"key\":\"edit\"}"}]}
RESULT: undefined
COMMAND: POST /session/0140d377bb50cef00459d42e723e3497/element - {"using":"xpath","value":"//*[@id=\"__button25\"]"}
RESULT: {"using":"xpath","value":"//*[@id=\"__button25\"]"}
COMMAND: POST /session/0140d377bb50cef00459d42e723e3497/element/f.F6BB02432D8D97F36D378B59895A9F69.d.7028D3E66FEBFACFFD3AB11C554AAC1B.e.8005/click - {}
RESULT: {}
COMMAND: POST /session/0140d377bb50cef00459d42e723e3497/execute/async - {"script":"<script> [1562 bytes]","args":[{"selector":{"controlType":"sap.ui.core.Icon","viewName":"etm.portal.ui.managecatalogs.view.Detail","viewId":"application-managecatalogs-display-component---detailCatalog","properties":{"src":{"regex":{"source":"add\\-document"}}}},"wdio_ui5_key":"etmportal.ui.managecatalogs.view.Detailsap.ui.core.Icon{\"src\":{\"regex\":{\"source\":\"add\\\\-document\"}}}"}]}
COMMAND: GET /session/0140d377bb50cef00459d42e723e3497/screenshot - {}
RESULT: {"script":"<script> [1562 bytes]","args":[{"selector":{"controlType":"sap.ui.core.Icon","viewName":"etm.portal.ui.managecatalogs.view.Detail","viewId":"application-managecatalogs-display-component---detailCatalog","properties":{"src":{"regex":{"source":"add\\-document"}}}},"wdio_ui5_key":"etmportal.ui.managecatalogs.view.Detailsap.ui.core.Icon{\"src\":{\"regex\":{\"source\":\"add\\\\-document\"}}}"}]}
RESULT: undefined
COMMAND: POST /session/0140d377bb50cef00459d42e723e3497/element - {"using":"xpath","value":"//*[@id=\"__button34-img\"]"}
RESULT: {}
RESULT: {"using":"xpath","value":"//*[@id=\"__button34-img\"]"}
COMMAND: POST /session/0140d377bb50cef00459d42e723e3497/element/f.F6BB02432D8D97F36D378B59895A9F69.d.7028D3E66FEBFACFFD3AB11C554AAC1B.e.8013/click - {}
RESULT: {}
COMMAND: POST /session/0140d377bb50cef00459d42e723e3497/execute/async - {"script":"<script> [1562 bytes]","args":[{"selector":{"id":"application-managecatalogs-display-component---detailCatalog--newItemNumberInput","searchOpenDialogs":true,"interaction":{"idSuffix":"inner"}},"wdio_ui5_key":"applicationmanagecatalogs-display-component---detailCatalog--newItemNumberInput"}]}
COMMAND: GET /session/0140d377bb50cef00459d42e723e3497/screenshot - {}
RESULT: {"script":"<script> [1562 bytes]","args":[{"selector":{"id":"application-managecatalogs-display-component---detailCatalog--newItemNumberInput","searchOpenDialogs":true,"interaction":{"idSuffix":"inner"}},"wdio_ui5_key":"applicationmanagecatalogs-display-component---detailCatalog--newItemNumberInput"}]}
RESULT: undefined
COMMAND: POST /session/0140d377bb50cef00459d42e723e3497/execute/async - {"script":"<script> [776 bytes]","args":[{"enterText":"catalogItemcssu4","selector":{"id":"application-managecatalogs-display-component---detailCatalog--newItemNumberInput","searchOpenDialogs":true,"interaction":{"idSuffix":"inner"}},"clearTextFirst":true,"interactionType":"ENTER_TEXT"}]}
RESULT: {}
RESULT: {"script":"<script> [776 bytes]","args":[{"enterText":"catalogItemcssu4","selector":{"id":"application-managecatalogs-display-component---detailCatalog--newItemNumberInput","searchOpenDialogs":true,"interaction":{"idSuffix":"inner"}},"clearTextFirst":true,"interactionType":"ENTER_TEXT"}]}
COMMAND: POST /session/0140d377bb50cef00459d42e723e3497/execute/async - {"script":"<script> [1562 bytes]","args":[{"selector":{"controlType":"sap.m.Input","viewName":"etm.portal.ui.managecatalogs.view.Detail","viewId":"application-managecatalogs-display-component---detailCatalog","bindingPath":{"path":"","propertyPath":"/DESCRIPTION"},"searchOpenDialogs":true,"interaction":{"idSuffix":"inner"}},"wdio_ui5_key":"etmportal.ui.managecatalogs.view.Detailsap.m.Input{\"path\":\"\",\"propertyPath\":\"/DESCRIPTION\"}"}]}
RESULT: {"script":"<script> [1562 bytes]","args":[{"selector":{"controlType":"sap.m.Input","viewName":"etm.portal.ui.managecatalogs.view.Detail","viewId":"application-managecatalogs-display-component---detailCatalog","bindingPath":{"path":"","propertyPath":"/DESCRIPTION"},"searchOpenDialogs":true,"interaction":{"idSuffix":"inner"}},"wdio_ui5_key":"etmportal.ui.managecatalogs.view.Detailsap.m.Input{\"path\":\"\",\"propertyPath\":\"/DESCRIPTION\"}"}]}
RESULT: undefined
COMMAND: POST /session/0140d377bb50cef00459d42e723e3497/execute/async - {"script":"<script> [776 bytes]","args":[{"enterText":"catalogItemName9wni6k","selector":{"controlType":"sap.m.Input","viewName":"etm.portal.ui.managecatalogs.view.Detail","viewId":"application-managecatalogs-display-component---detailCatalog","bindingPath":{"path":"","propertyPath":"/DESCRIPTION"},"searchOpenDialogs":true,"interaction":{"idSuffix":"inner"}},"clearTextFirst":true,"interactionType":"ENTER_TEXT"}]}
RESULT: {"script":"<script> [776 bytes]","args":[{"enterText":"catalogItemName9wni6k","selector":{"controlType":"sap.m.Input","viewName":"etm.portal.ui.managecatalogs.view.Detail","viewId":"application-managecatalogs-display-component---detailCatalog","bindingPath":{"path":"","propertyPath":"/DESCRIPTION"},"searchOpenDialogs":true,"interaction":{"idSuffix":"inner"}},"clearTextFirst":true,"interactionType":"ENTER_TEXT"}]}
COMMAND: POST /session/0140d377bb50cef00459d42e723e3497/execute/async - {"script":"<script> [1562 bytes]","args":[{"selector":{"controlType":"sap.m.Button","viewName":"etm.portal.ui.managecatalogs.view.Detail","viewId":"application-managecatalogs-display-component---detailCatalog","i18NText":{"propertyName":"text","key":"create"},"searchOpenDialogs":true,"interaction":{"idSuffix":"BDI-content"}},"wdio_ui5_key":"etmportal.ui.managecatalogs.view.Detailsap.m.Button{\"propertyName\":\"text\",\"key\":\"create\"}"}]}
RESULT: {"script":"<script> [1562 bytes]","args":[{"selector":{"controlType":"sap.m.Button","viewName":"etm.portal.ui.managecatalogs.view.Detail","viewId":"application-managecatalogs-display-component---detailCatalog","i18NText":{"propertyName":"text","key":"create"},"searchOpenDialogs":true,"interaction":{"idSuffix":"BDI-content"}},"wdio_ui5_key":"etmportal.ui.managecatalogs.view.Detailsap.m.Button{\"propertyName\":\"text\",\"key\":\"create\"}"}]}
RESULT: undefined
COMMAND: POST /session/0140d377bb50cef00459d42e723e3497/element - {"using":"xpath","value":"//*[@id=\"__button9\"]"}
RESULT: {"using":"xpath","value":"//*[@id=\"__button9\"]"}
COMMAND: POST /session/0140d377bb50cef00459d42e723e3497/element/f.F6BB02432D8D97F36D378B59895A9F69.d.7028D3E66FEBFACFFD3AB11C554AAC1B.e.8023/click - {}
RESULT: {}
COMMAND: GET /session/0140d377bb50cef00459d42e723e3497/screenshot - {}
RESULT: {}
COMMAND: POST /session/0140d377bb50cef00459d42e723e3497/element - {"using":"xpath","value":"//button[@title=\"Save\"]"}
RESULT: {"using":"xpath","value":"//button[@title=\"Save\"]"}
COMMAND: POST /session/0140d377bb50cef00459d42e723e3497/element/f.F6BB02432D8D97F36D378B59895A9F69.d.7028D3E66FEBFACFFD3AB11C554AAC1B.e.8024/click - {}
RESULT: {}
COMMAND: GET /session/0140d377bb50cef00459d42e723e3497/screenshot - {}
RESULT: {}
COMMAND: POST /session/0140d377bb50cef00459d42e723e3497/execute/async - {"script":"<script> [1562 bytes]","args":[{"selector":{"controlType":"sap.ui.core.Icon","viewName":"etm.portal.ui.managecatalogs.view.Detail","viewId":"application-managecatalogs-display-component---detailCatalog","properties":{"src":{"regex":{"source":"decline"}}}},"wdio_ui5_key":"etmportal.ui.managecatalogs.view.Detailsap.ui.core.Icon{\"src\":{\"regex\":{\"source\":\"decline\"}}}"}]}
RESULT: {"script":"<script> [1562 bytes]","args":[{"selector":{"controlType":"sap.ui.core.Icon","viewName":"etm.portal.ui.managecatalogs.view.Detail","viewId":"application-managecatalogs-display-component---detailCatalog","properties":{"src":{"regex":{"source":"decline"}}}},"wdio_ui5_key":"etmportal.ui.managecatalogs.view.Detailsap.ui.core.Icon{\"src\":{\"regex\":{\"source\":\"decline\"}}}"}]}
RESULT: undefined
COMMAND: POST /session/0140d377bb50cef00459d42e723e3497/element - {"using":"xpath","value":"//*[@id=\"__button28-img\"]"}
RESULT: {"using":"xpath","value":"//*[@id=\"__button28-img\"]"}
COMMAND: POST /session/0140d377bb50cef00459d42e723e3497/element/f.F6BB02432D8D97F36D378B59895A9F69.d.7028D3E66FEBFACFFD3AB11C554AAC1B.e.8030/click - {}
RESULT: {}
COMMAND: GET /session/0140d377bb50cef00459d42e723e3497/screenshot - {}
RESULT: {}
COMMAND: POST /session/0140d377bb50cef00459d42e723e3497/execute/async - {"script":"<script> [1562 bytes]","args":[{"selector":{"controlType":"sap.ui.core.Icon","viewName":"etm.portal.ui.managecatalogs.view.MasterItems","viewId":"application-managecatalogs-display-component---masterCatalogItems","properties":{"src":{"regex":{"source":"refresh"}}}},"wdio_ui5_key":"etmportal.ui.managecatalogs.view.MasterItemssap.ui.core.Icon{\"src\":{\"regex\":{\"source\":\"refresh\"}}}"}]}
RESULT: {"script":"<script> [1562 bytes]","args":[{"selector":{"controlType":"sap.ui.core.Icon","viewName":"etm.portal.ui.managecatalogs.view.MasterItems","viewId":"application-managecatalogs-display-component---masterCatalogItems","properties":{"src":{"regex":{"source":"refresh"}}}},"wdio_ui5_key":"etmportal.ui.managecatalogs.view.MasterItemssap.ui.core.Icon{\"src\":{\"regex\":{\"source\":\"refresh\"}}}"}]}
RESULT: undefined
COMMAND: POST /session/0140d377bb50cef00459d42e723e3497/element - {"using":"xpath","value":"//*[@id=\"__button1-img\"]"}
RESULT: {"using":"xpath","value":"//*[@id=\"__button1-img\"]"}
COMMAND: POST /session/0140d377bb50cef00459d42e723e3497/element/f.F6BB02432D8D97F36D378B59895A9F69.d.7028D3E66FEBFACFFD3AB11C554AAC1B.e.8036/click - {}
RESULT: {}
COMMAND: GET /session/0140d377bb50cef00459d42e723e3497/screenshot - {}
RESULT: {}
COMMAND: POST /session/0140d377bb50cef00459d42e723e3497/execute/async - {"script":"<script> [1562 bytes]","args":[{"selector":{"id":"application-managecatalogs-display-component---masterCatalogItems--searchItemsField","interaction":{"idSuffix":"I"}},"wdio_ui5_key":"applicationmanagecatalogs-display-component---masterCatalogItems--searchItemsField"}]}
RESULT: {"script":"<script> [1562 bytes]","args":[{"selector":{"id":"application-managecatalogs-display-component---masterCatalogItems--searchItemsField","interaction":{"idSuffix":"I"}},"wdio_ui5_key":"applicationmanagecatalogs-display-component---masterCatalogItems--searchItemsField"}]}
RESULT: undefined
COMMAND: POST /session/0140d377bb50cef00459d42e723e3497/execute/async - {"script":"<script> [776 bytes]","args":[{"enterText":"catalogItemName9wni6k","selector":{"id":"application-managecatalogs-display-component---masterCatalogItems--searchItemsField","interaction":{"idSuffix":"I"}},"clearTextFirst":true,"interactionType":"ENTER_TEXT"}]}
RESULT: {"script":"<script> [776 bytes]","args":[{"enterText":"catalogItemName9wni6k","selector":{"id":"application-managecatalogs-display-component---masterCatalogItems--searchItemsField","interaction":{"idSuffix":"I"}},"clearTextFirst":true,"interactionType":"ENTER_TEXT"}]}
COMMAND: POST /session/0140d377bb50cef00459d42e723e3497/actions - {"actions":[{"id":"action50","type":"key","parameters":{},"actions":[{"type":"keyDown","value":""},{"type":"pause","duration":10},{"type":"keyUp","value":""}]}]}
RESULT: {"actions":[{"id":"action50","type":"key","parameters":{},"actions":[{"type":"keyDown","value":""},{"type":"pause","duration":10},{"type":"keyUp","value":""}]}]}
COMMAND: POST /session/0140d377bb50cef00459d42e723e3497/element - {"using":"xpath","value":"(//span[contains(text(), \"catalogItemName9wni6k\")])[1]"}
COMMAND: GET /session/0140d377bb50cef00459d42e723e3497/screenshot - {}
RESULT: {"using":"xpath","value":"(//span[contains(text(), \"catalogItemName9wni6k\")])[1]"}
COMMAND: POST /session/0140d377bb50cef00459d42e723e3497/element/f.F6BB02432D8D97F36D378B59895A9F69.d.7028D3E66FEBFACFFD3AB11C554AAC1B.e.8076/click - {}
RESULT: {}
RESULT: {}
COMMAND: GET /session/0140d377bb50cef00459d42e723e3497/screenshot - {}
RESULT: {}
COMMAND: POST /session/0140d377bb50cef00459d42e723e3497/element - {"using":"xpath","value":"//span[contains(text(), \"catalogItemcssu4\")]"}
RESULT: {"using":"xpath","value":"//span[contains(text(), \"catalogItemcssu4\")]"}
COMMAND: GET /session/0140d377bb50cef00459d42e723e3497/element/f.F6BB02432D8D97F36D378B59895A9F69.d.7028D3E66FEBFACFFD3AB11C554AAC1B.e.8129/text - {}
RESULT: {}
]]></system-out>
    </testcase>
    <testcase classname="chrome.136_0_7103_93.windows.Manage_requests_-_requests_specifications_US141095" name="Should add the classification to the catalog item" time="38.486">
      <system-out><![CDATA[
RESULT: undefined
COMMAND: POST /session/0140d377bb50cef00459d42e723e3497/element - {"using":"xpath","value":"//*[@id=\"__button25\"]"}
RESULT: {"using":"xpath","value":"//*[@id=\"__button25\"]"}
COMMAND: POST /session/0140d377bb50cef00459d42e723e3497/element/f.F6BB02432D8D97F36D378B59895A9F69.d.7028D3E66FEBFACFFD3AB11C554AAC1B.e.8141/click - {}
RESULT: {}
COMMAND: GET /session/0140d377bb50cef00459d42e723e3497/screenshot - {}
RESULT: {}
COMMAND: POST /session/0140d377bb50cef00459d42e723e3497/execute/async - {"script":"<script> [1562 bytes]","args":[{"selector":{"id":"application-managecatalogs-display-component---detailCatalog--BASE_UNIT_OF_MEASURE-arrow"},"wdio_ui5_key":"applicationmanagecatalogs-display-component---detailCatalog--BASE_UNIT_OF_MEASURE-arrow"}]}
RESULT: {"script":"<script> [1562 bytes]","args":[{"selector":{"id":"application-managecatalogs-display-component---detailCatalog--BASE_UNIT_OF_MEASURE-arrow"},"wdio_ui5_key":"applicationmanagecatalogs-display-component---detailCatalog--BASE_UNIT_OF_MEASURE-arrow"}]}
RESULT: undefined
COMMAND: POST /session/0140d377bb50cef00459d42e723e3497/element - {"using":"xpath","value":"//*[@id=\"application-managecatalogs-display-component---detailCatalog--BASE_UNIT_OF_MEASURE-arrow\"]"}
RESULT: {"using":"xpath","value":"//*[@id=\"application-managecatalogs-display-component---detailCatalog--BASE_UNIT_OF_MEASURE-arrow\"]"}
COMMAND: POST /session/0140d377bb50cef00459d42e723e3497/element/f.F6BB02432D8D97F36D378B59895A9F69.d.7028D3E66FEBFACFFD3AB11C554AAC1B.e.8169/click - {}
RESULT: {}
COMMAND: POST /session/0140d377bb50cef00459d42e723e3497/execute/async - {"script":"<script> [1562 bytes]","args":[{"selector":{"controlType":"sap.m.StandardListItem","viewName":"etm.portal.ui.managecatalogs.view.Detail","viewId":"application-managecatalogs-display-component---detailCatalog","properties":{"title":"Piece"},"searchOpenDialogs":true,"interaction":{"idSuffix":"titleText"}},"wdio_ui5_key":"etmportal.ui.managecatalogs.view.Detailsap.m.StandardListItem{\"title\":\"Piece\"}"}]}
COMMAND: GET /session/0140d377bb50cef00459d42e723e3497/screenshot - {}
RESULT: {"script":"<script> [1562 bytes]","args":[{"selector":{"controlType":"sap.m.StandardListItem","viewName":"etm.portal.ui.managecatalogs.view.Detail","viewId":"application-managecatalogs-display-component---detailCatalog","properties":{"title":"Piece"},"searchOpenDialogs":true,"interaction":{"idSuffix":"titleText"}},"wdio_ui5_key":"etmportal.ui.managecatalogs.view.Detailsap.m.StandardListItem{\"title\":\"Piece\"}"}]}
RESULT: undefined
COMMAND: POST /session/0140d377bb50cef00459d42e723e3497/element - {"using":"xpath","value":"//*[@id=\"__item223\"]"}
RESULT: {}
RESULT: {"using":"xpath","value":"//*[@id=\"__item223\"]"}
COMMAND: POST /session/0140d377bb50cef00459d42e723e3497/element/f.F6BB02432D8D97F36D378B59895A9F69.d.7028D3E66FEBFACFFD3AB11C554AAC1B.e.8173/click - {}
RESULT: {}
COMMAND: POST /session/0140d377bb50cef00459d42e723e3497/element - {"using":"xpath","value":"//button[contains(@data-kt ,\"ClassificationAddClassButton\")]"}
COMMAND: GET /session/0140d377bb50cef00459d42e723e3497/screenshot - {}
RESULT: {"using":"xpath","value":"//button[contains(@data-kt ,\"ClassificationAddClassButton\")]"}
COMMAND: POST /session/0140d377bb50cef00459d42e723e3497/element/f.F6BB02432D8D97F36D378B59895A9F69.d.7028D3E66FEBFACFFD3AB11C554AAC1B.e.8174/click - {}
RESULT: {}
RESULT: {}
COMMAND: GET /session/0140d377bb50cef00459d42e723e3497/screenshot - {}
RESULT: {}
COMMAND: POST /session/0140d377bb50cef00459d42e723e3497/element - {"using":"xpath","value":"//input[contains(@id ,\"searchField-I\")]"}
RESULT: {"using":"xpath","value":"//input[contains(@id ,\"searchField-I\")]"}
COMMAND: POST /session/0140d377bb50cef00459d42e723e3497/element/f.F6BB02432D8D97F36D378B59895A9F69.d.7028D3E66FEBFACFFD3AB11C554AAC1B.e.8177/value - {"text":"WebdriverItemClass3r9i5h"}
RESULT: {"text":"WebdriverItemClass3r9i5h"}
COMMAND: POST /session/0140d377bb50cef00459d42e723e3497/actions - {"actions":[{"id":"action51","type":"key","parameters":{},"actions":[{"type":"keyDown","value":""},{"type":"pause","duration":10},{"type":"keyUp","value":""}]}]}
COMMAND: GET /session/0140d377bb50cef00459d42e723e3497/screenshot - {}
RESULT: {}
RESULT: {"actions":[{"id":"action51","type":"key","parameters":{},"actions":[{"type":"keyDown","value":""},{"type":"pause","duration":10},{"type":"keyUp","value":""}]}]}
COMMAND: GET /session/0140d377bb50cef00459d42e723e3497/screenshot - {}
RESULT: {}
COMMAND: POST /session/0140d377bb50cef00459d42e723e3497/element - {"using":"xpath","value":"//span[contains(text(), \"WebdriverItemClass3r9i5h\")]"}
RESULT: {"using":"xpath","value":"//span[contains(text(), \"WebdriverItemClass3r9i5h\")]"}
COMMAND: POST /session/0140d377bb50cef00459d42e723e3497/element/f.F6BB02432D8D97F36D378B59895A9F69.d.7028D3E66FEBFACFFD3AB11C554AAC1B.e.8210/click - {}
RESULT: {}
COMMAND: GET /session/0140d377bb50cef00459d42e723e3497/screenshot - {}
RESULT: {}
COMMAND: POST /session/0140d377bb50cef00459d42e723e3497/execute/async - {"script":"<script> [1562 bytes]","args":[{"selector":{"controlType":"sap.m.Button","viewName":"etm.portal.ui.managecatalogs.view.Detail","viewId":"application-managecatalogs-display-component---detailCatalog","properties":{"text":"Classification"},"interaction":{"idSuffix":"BDI-content"}},"wdio_ui5_key":"etmportal.ui.managecatalogs.view.Detailsap.m.Button{\"text\":\"Classification\"}"}]}
RESULT: {"script":"<script> [1562 bytes]","args":[{"selector":{"controlType":"sap.m.Button","viewName":"etm.portal.ui.managecatalogs.view.Detail","viewId":"application-managecatalogs-display-component---detailCatalog","properties":{"text":"Classification"},"interaction":{"idSuffix":"BDI-content"}},"wdio_ui5_key":"etmportal.ui.managecatalogs.view.Detailsap.m.Button{\"text\":\"Classification\"}"}]}
RESULT: undefined
COMMAND: POST /session/0140d377bb50cef00459d42e723e3497/element - {"using":"xpath","value":"//*[@id=\"application-managecatalogs-display-component---detailCatalog--ObjectPageLayout-anchBar-__section3-anchor\"]"}
RESULT: {"using":"xpath","value":"//*[@id=\"application-managecatalogs-display-component---detailCatalog--ObjectPageLayout-anchBar-__section3-anchor\"]"}
COMMAND: POST /session/0140d377bb50cef00459d42e723e3497/element/f.F6BB02432D8D97F36D378B59895A9F69.d.7028D3E66FEBFACFFD3AB11C554AAC1B.e.8215/click - {}
RESULT: {}
COMMAND: POST /session/0140d377bb50cef00459d42e723e3497/execute/async - {"script":"<script> [1562 bytes]","args":[{"selector":{"controlType":"sap.ui.core.Icon","viewName":"etm.portal.ui.managecatalogs.view.Detail","viewId":"application-managecatalogs-display-component---detailCatalog","properties":{"src":{"regex":{"source":"slim\\-arrow\\-right"}}},"ancestor":{"controlType":"sap.m.Panel","viewName":"etm.portal.ui.managecatalogs.view.Detail","viewId":"application-managecatalogs-display-component---detailCatalog"}},"wdio_ui5_key":"etmportal.ui.managecatalogs.view.Detailsap.ui.core.Icon{\"src\":{\"regex\":{\"source\":\"slim\\\\-arrow\\\\-right\"}}}{\"controlType\":\"sap.m.Panel\",\"viewName\":\"etm.portal.ui.managecatalogs.view.Detail\",\"viewId\":\"application-managecatalogs-display-component---detailCatalog\"}"}]}
COMMAND: GET /session/0140d377bb50cef00459d42e723e3497/screenshot - {}
RESULT: {"script":"<script> [1562 bytes]","args":[{"selector":{"controlType":"sap.ui.core.Icon","viewName":"etm.portal.ui.managecatalogs.view.Detail","viewId":"application-managecatalogs-display-component---detailCatalog","properties":{"src":{"regex":{"source":"slim\\-arrow\\-right"}}},"ancestor":{"controlType":"sap.m.Panel","viewName":"etm.portal.ui.managecatalogs.view.Detail","viewId":"application-managecatalogs-display-component---detailCatalog"}},"wdio_ui5_key":"etmportal.ui.managecatalogs.view.Detailsap.ui.core.Icon{\"src\":{\"regex\":{\"source\":\"slim\\\\-arrow\\\\-right\"}}}{\"controlType\":\"sap.m.Panel\",\"viewName\":\"etm.portal.ui.managecatalogs.view.Detail\",\"viewId\":\"application-managecatalogs-display-component---detailCatalog\"}"}]}
RESULT: undefined
COMMAND: POST /session/0140d377bb50cef00459d42e723e3497/element - {"using":"xpath","value":"//*[@id=\"__panel0-__layout17-0-expandButton-img\"]"}
RESULT: {}
RESULT: {"using":"xpath","value":"//*[@id=\"__panel0-__layout17-0-expandButton-img\"]"}
COMMAND: POST /session/0140d377bb50cef00459d42e723e3497/element/f.F6BB02432D8D97F36D378B59895A9F69.d.7028D3E66FEBFACFFD3AB11C554AAC1B.e.8221/click - {}
RESULT: {}
COMMAND: POST /session/0140d377bb50cef00459d42e723e3497/execute/async - {"script":"<script> [1562 bytes]","args":[{"selector":{"controlType":"sap.ui.core.Icon","viewName":"etm.portal.ui.managecatalogs.view.Detail","viewId":"application-managecatalogs-display-component---detailCatalog","properties":{"src":{"regex":{"source":"slim\\-arrow\\-down"}}},"ancestor":{"controlType":"sap.m.ColumnListItem","viewName":"etm.portal.ui.managecatalogs.view.Detail","viewId":"application-managecatalogs-display-component---detailCatalog","bindingPath":{"modelName":"classModel","path":"/data/0/PROPERTIES/0"},"ancestor":{"controlType":"sap.m.Table","viewName":"etm.portal.ui.managecatalogs.view.Detail","viewId":"application-managecatalogs-display-component---detailCatalog","bindingPath":{"path":"/data/0","propertyPath":"PROPERTIES","modelName":"classModel"}}}},"wdio_ui5_key":"etmportal.ui.managecatalogs.view.Detailsap.ui.core.Icon{\"src\":{\"regex\":{\"source\":\"slim\\\\-arrow\\\\-down\"}}}{\"controlType\":\"sap.m.ColumnListItem\",\"viewName\":\"etm.portal.ui.managecatalogs.view.Detail\",\"viewId\":\"application-managecatalogs-display-component---detailCatalog\",\"bindingPath\":{\"modelName\":\"classModel\",\"path\":\"/data/0/PROPERTIES/0\"},\"ancestor\":{\"controlType\":\"sap.m.Table\",\"viewName\":\"etm.portal.ui.managecatalogs.view.Detail\",\"viewId\":\"application-managecatalogs-display-component---detailCatalog\",\"bindingPath\":{\"path\":\"/data/0\",\"propertyPath\":\"PROPERTIES\",\"modelName\":\"classModel\"}}}"}]}
COMMAND: GET /session/0140d377bb50cef00459d42e723e3497/screenshot - {}
RESULT: {"script":"<script> [1562 bytes]","args":[{"selector":{"controlType":"sap.ui.core.Icon","viewName":"etm.portal.ui.managecatalogs.view.Detail","viewId":"application-managecatalogs-display-component---detailCatalog","properties":{"src":{"regex":{"source":"slim\\-arrow\\-down"}}},"ancestor":{"controlType":"sap.m.ColumnListItem","viewName":"etm.portal.ui.managecatalogs.view.Detail","viewId":"application-managecatalogs-display-component---detailCatalog","bindingPath":{"modelName":"classModel","path":"/data/0/PROPERTIES/0"},"ancestor":{"controlType":"sap.m.Table","viewName":"etm.portal.ui.managecatalogs.view.Detail","viewId":"application-managecatalogs-display-component---detailCatalog","bindingPath":{"path":"/data/0","propertyPath":"PROPERTIES","modelName":"classModel"}}}},"wdio_ui5_key":"etmportal.ui.managecatalogs.view.Detailsap.ui.core.Icon{\"src\":{\"regex\":{\"source\":\"slim\\\\-arrow\\\\-down\"}}}{\"controlType\":\"sap.m.ColumnListItem\",\"viewName\":\"etm.portal.ui.managecatalogs.view.Detail\",\"viewId\":\"application-managecatalogs-display-component---detailCatalog\",\"bindingPath\":{\"modelName\":\"classModel\",\"path\":\"/data/0/PROPERTIES/0\"},\"ancestor\":{\"controlType\":\"sap.m.Table\",\"viewName\":\"etm.portal.ui.managecatalogs.view.Detail\",\"viewId\":\"application-managecatalogs-display-component---detailCatalog\",\"bindingPath\":{\"path\":\"/data/0\",\"propertyPath\":\"PROPERTIES\",\"modelName\":\"classModel\"}}}"}]}
RESULT: undefined
COMMAND: POST /session/0140d377bb50cef00459d42e723e3497/element - {"using":"xpath","value":"//*[@id=\"__box31-arrow\"]"}
RESULT: {}
RESULT: {"using":"xpath","value":"//*[@id=\"__box31-arrow\"]"}
COMMAND: POST /session/0140d377bb50cef00459d42e723e3497/element/f.F6BB02432D8D97F36D378B59895A9F69.d.7028D3E66FEBFACFFD3AB11C554AAC1B.e.8234/click - {}
RESULT: {}
COMMAND: POST /session/0140d377bb50cef00459d42e723e3497/execute/async - {"script":"<script> [1562 bytes]","args":[{"selector":{"controlType":"sap.m.StandardListItem","viewName":"etm.portal.ui.managecatalogs.view.Detail","viewId":"application-managecatalogs-display-component---detailCatalog","properties":{"title":"red"},"searchOpenDialogs":true,"interaction":{"idSuffix":"content"}},"wdio_ui5_key":"etmportal.ui.managecatalogs.view.Detailsap.m.StandardListItem{\"title\":\"red\"}"}]}
COMMAND: GET /session/0140d377bb50cef00459d42e723e3497/screenshot - {}
RESULT: {"script":"<script> [1562 bytes]","args":[{"selector":{"controlType":"sap.m.StandardListItem","viewName":"etm.portal.ui.managecatalogs.view.Detail","viewId":"application-managecatalogs-display-component---detailCatalog","properties":{"title":"red"},"searchOpenDialogs":true,"interaction":{"idSuffix":"content"}},"wdio_ui5_key":"etmportal.ui.managecatalogs.view.Detailsap.m.StandardListItem{\"title\":\"red\"}"}]}
RESULT: undefined
COMMAND: POST /session/0140d377bb50cef00459d42e723e3497/element - {"using":"xpath","value":"//*[@id=\"__item231\"]"}
RESULT: {}
RESULT: {"using":"xpath","value":"//*[@id=\"__item231\"]"}
COMMAND: POST /session/0140d377bb50cef00459d42e723e3497/element/f.F6BB02432D8D97F36D378B59895A9F69.d.7028D3E66FEBFACFFD3AB11C554AAC1B.e.8237/click - {}
RESULT: {}
COMMAND: GET /session/0140d377bb50cef00459d42e723e3497/screenshot - {}
RESULT: {}
COMMAND: POST /session/0140d377bb50cef00459d42e723e3497/execute/async - {"script":"<script> [1562 bytes]","args":[{"selector":{"controlType":"sap.m.Button","viewName":"etm.portal.ui.managecatalogs.view.Detail","viewId":"application-managecatalogs-display-component---detailCatalog","i18NText":{"propertyName":"text","key":"save"},"interaction":{"idSuffix":"BDI-content"}},"wdio_ui5_key":"etmportal.ui.managecatalogs.view.Detailsap.m.Button{\"propertyName\":\"text\",\"key\":\"save\"}"}]}
RESULT: {"script":"<script> [1562 bytes]","args":[{"selector":{"controlType":"sap.m.Button","viewName":"etm.portal.ui.managecatalogs.view.Detail","viewId":"application-managecatalogs-display-component---detailCatalog","i18NText":{"propertyName":"text","key":"save"},"interaction":{"idSuffix":"BDI-content"}},"wdio_ui5_key":"etmportal.ui.managecatalogs.view.Detailsap.m.Button{\"propertyName\":\"text\",\"key\":\"save\"}"}]}
RESULT: undefined
COMMAND: POST /session/0140d377bb50cef00459d42e723e3497/element - {"using":"xpath","value":"//*[@id=\"__button43\"]"}
RESULT: {"using":"xpath","value":"//*[@id=\"__button43\"]"}
COMMAND: POST /session/0140d377bb50cef00459d42e723e3497/element/f.F6BB02432D8D97F36D378B59895A9F69.d.7028D3E66FEBFACFFD3AB11C554AAC1B.e.8143/click - {}
RESULT: {}
COMMAND: GET /session/0140d377bb50cef00459d42e723e3497/screenshot - {}
RESULT: {}
COMMAND: POST /session/0140d377bb50cef00459d42e723e3497/element - {"using":"css selector","value":"#shell-header-logo"}
RESULT: {"using":"css selector","value":"#shell-header-logo"}
COMMAND: POST /session/0140d377bb50cef00459d42e723e3497/element/f.F6BB02432D8D97F36D378B59895A9F69.d.7028D3E66FEBFACFFD3AB11C554AAC1B.e.7971/click - {}
RESULT: {}
COMMAND: GET /session/0140d377bb50cef00459d42e723e3497/screenshot - {}
RESULT: {}
]]></system-out>
    </testcase>
    <testcase classname="chrome.136_0_7103_93.windows.Manage_requests_-_requests_specifications_US141095" name="Should create a new request and add the catalog item with the specifications" time="163.835">
      <system-out><![CDATA[
COMMAND: POST /session/0140d377bb50cef00459d42e723e3497/execute/async - {"script":"<script> [1562 bytes]","args":[{"selector":{"controlType":"sap.m.GenericTile","properties":{"header":"Manage Requests"}},"wdio_ui5_key":"sapm.GenericTile{\"header\":\"Manage Requests\"}"}]}
RESULT: {"script":"<script> [1562 bytes]","args":[{"selector":{"controlType":"sap.m.GenericTile","properties":{"header":"Manage Requests"}},"wdio_ui5_key":"sapm.GenericTile{\"header\":\"Manage Requests\"}"}]}
RESULT: undefined
COMMAND: POST /session/0140d377bb50cef00459d42e723e3497/element - {"using":"xpath","value":"//*[@id=\"__tile47\"]"}
RESULT: {"using":"xpath","value":"//*[@id=\"__tile47\"]"}
COMMAND: POST /session/0140d377bb50cef00459d42e723e3497/element/f.F6BB02432D8D97F36D378B59895A9F69.d.7028D3E66FEBFACFFD3AB11C554AAC1B.e.8268/click - {}
RESULT: {}
COMMAND: GET /session/0140d377bb50cef00459d42e723e3497/screenshot - {}
RESULT: {}
COMMAND: POST /session/0140d377bb50cef00459d42e723e3497/elements - {"using":"xpath","value":"//span[text()='Error']"}
RESULT: {"using":"xpath","value":"//span[text()='Error']"}
COMMAND: POST /session/0140d377bb50cef00459d42e723e3497/element - {"using":"xpath","value":"//button[contains(@data-kt ,\"btnCreateNewOverflowToolbarButton\")]"}
COMMAND: POST /session/0140d377bb50cef00459d42e723e3497/element - {"using":"xpath","value":"(//span[contains(@class ,\"sapMObjStatusText\")])[1]"}
RESULT: {"using":"xpath","value":"//button[contains(@data-kt ,\"btnCreateNewOverflowToolbarButton\")]"}
COMMAND: POST /session/0140d377bb50cef00459d42e723e3497/element/f.F6BB02432D8D97F36D378B59895A9F69.d.7028D3E66FEBFACFFD3AB11C554AAC1B.e.8324/click - {}
RESULT: {"using":"xpath","value":"(//span[contains(@class ,\"sapMObjStatusText\")])[1]"}
COMMAND: POST /session/0140d377bb50cef00459d42e723e3497/execute/sync - {"script":"<script> [8489 bytes]","args":[{"element-6066-11e4-a52e-4f735466cecf":"f.F6BB02432D8D97F36D378B59895A9F69.d.7028D3E66FEBFACFFD3AB11C554AAC1B.e.8366","ELEMENT":"f.F6BB02432D8D97F36D378B59895A9F69.d.7028D3E66FEBFACFFD3AB11C554AAC1B.e.8366"}]}
RESULT: {}
COMMAND: GET /session/0140d377bb50cef00459d42e723e3497/screenshot - {}
RESULT: {"script":"<script> [8489 bytes]","args":[{"element-6066-11e4-a52e-4f735466cecf":"f.F6BB02432D8D97F36D378B59895A9F69.d.7028D3E66FEBFACFFD3AB11C554AAC1B.e.8366","ELEMENT":"f.F6BB02432D8D97F36D378B59895A9F69.d.7028D3E66FEBFACFFD3AB11C554AAC1B.e.8366"}]}
COMMAND: GET /session/0140d377bb50cef00459d42e723e3497/screenshot - {}
RESULT: {}
RESULT: {}
COMMAND: POST /session/0140d377bb50cef00459d42e723e3497/element - {"using":"xpath","value":"//input[contains(@id ,\"yardId-inner\")]"}
RESULT: {"using":"xpath","value":"//input[contains(@id ,\"yardId-inner\")]"}
COMMAND: POST /session/0140d377bb50cef00459d42e723e3497/execute/sync - {"script":"<script> [8489 bytes]","args":[{"element-6066-11e4-a52e-4f735466cecf":"f.F6BB02432D8D97F36D378B59895A9F69.d.7028D3E66FEBFACFFD3AB11C554AAC1B.e.8468","ELEMENT":"f.F6BB02432D8D97F36D378B59895A9F69.d.7028D3E66FEBFACFFD3AB11C554AAC1B.e.8468"}]}
RESULT: {"script":"<script> [8489 bytes]","args":[{"element-6066-11e4-a52e-4f735466cecf":"f.F6BB02432D8D97F36D378B59895A9F69.d.7028D3E66FEBFACFFD3AB11C554AAC1B.e.8468","ELEMENT":"f.F6BB02432D8D97F36D378B59895A9F69.d.7028D3E66FEBFACFFD3AB11C554AAC1B.e.8468"}]}
COMMAND: POST /session/0140d377bb50cef00459d42e723e3497/element - {"using":"xpath","value":"//input[contains(@id ,\"yardId-inner\")]"}
COMMAND: GET /session/0140d377bb50cef00459d42e723e3497/screenshot - {}
RESULT: {"using":"xpath","value":"//input[contains(@id ,\"yardId-inner\")]"}
COMMAND: GET /session/0140d377bb50cef00459d42e723e3497/element/f.F6BB02432D8D97F36D378B59895A9F69.d.7028D3E66FEBFACFFD3AB11C554AAC1B.e.8468/enabled - {}
RESULT: {}
RESULT: {}
COMMAND: POST /session/0140d377bb50cef00459d42e723e3497/element/f.F6BB02432D8D97F36D378B59895A9F69.d.7028D3E66FEBFACFFD3AB11C554AAC1B.e.8468/clear - {}
COMMAND: GET /session/0140d377bb50cef00459d42e723e3497/screenshot - {}
RESULT: {}
COMMAND: POST /session/0140d377bb50cef00459d42e723e3497/element/f.F6BB02432D8D97F36D378B59895A9F69.d.7028D3E66FEBFACFFD3AB11C554AAC1B.e.8468/value - {"text":"WebdriverYard1mlab"}
COMMAND: GET /session/0140d377bb50cef00459d42e723e3497/screenshot - {}
RESULT: {}
RESULT: {"text":"WebdriverYard1mlab"}
COMMAND: GET /session/0140d377bb50cef00459d42e723e3497/screenshot - {}
RESULT: {}
RESULT: {}
COMMAND: POST /session/0140d377bb50cef00459d42e723e3497/element - {"using":"xpath","value":"//input[contains(@id ,\"customerNumber-inner\")]"}
RESULT: {"using":"xpath","value":"//input[contains(@id ,\"customerNumber-inner\")]"}
COMMAND: POST /session/0140d377bb50cef00459d42e723e3497/element/f.F6BB02432D8D97F36D378B59895A9F69.d.7028D3E66FEBFACFFD3AB11C554AAC1B.e.8462/value - {"text":"WebdriverPartneryg097"}
COMMAND: POST /session/0140d377bb50cef00459d42e723e3497/actions - {"actions":[{"id":"action52","type":"key","parameters":{},"actions":[{"type":"keyDown","value":""},{"type":"pause","duration":10},{"type":"keyUp","value":""}]}]}
RESULT: {"actions":[{"id":"action52","type":"key","parameters":{},"actions":[{"type":"keyDown","value":""},{"type":"pause","duration":10},{"type":"keyUp","value":""}]}]}
COMMAND: GET /session/0140d377bb50cef00459d42e723e3497/screenshot - {}
RESULT: {"text":"WebdriverPartneryg097"}
COMMAND: GET /session/0140d377bb50cef00459d42e723e3497/screenshot - {}
RESULT: {}
RESULT: {}
COMMAND: POST /session/0140d377bb50cef00459d42e723e3497/actions - {"actions":[{"id":"action53","type":"key","parameters":{},"actions":[{"type":"keyDown","value":""},{"type":"pause","duration":10},{"type":"keyUp","value":""}]}]}
RESULT: {"actions":[{"id":"action53","type":"key","parameters":{},"actions":[{"type":"keyDown","value":""},{"type":"pause","duration":10},{"type":"keyUp","value":""}]}]}
COMMAND: GET /session/0140d377bb50cef00459d42e723e3497/screenshot - {}
RESULT: {}
COMMAND: POST /session/0140d377bb50cef00459d42e723e3497/element - {"using":"xpath","value":"//input[contains(@id ,\"requestSiteId-inner\")]"}
RESULT: {"using":"xpath","value":"//input[contains(@id ,\"requestSiteId-inner\")]"}
COMMAND: POST /session/0140d377bb50cef00459d42e723e3497/element/f.F6BB02432D8D97F36D378B59895A9F69.d.7028D3E66FEBFACFFD3AB11C554AAC1B.e.8461/value - {"text":"WebdriverSite46gcbi"}
RESULT: {"text":"WebdriverSite46gcbi"}
COMMAND: GET /session/0140d377bb50cef00459d42e723e3497/screenshot - {}
RESULT: {}
COMMAND: POST /session/0140d377bb50cef00459d42e723e3497/actions - {"actions":[{"id":"action54","type":"key","parameters":{},"actions":[{"type":"keyDown","value":""},{"type":"pause","duration":10},{"type":"keyUp","value":""}]}]}
RESULT: {"actions":[{"id":"action54","type":"key","parameters":{},"actions":[{"type":"keyDown","value":""},{"type":"pause","duration":10},{"type":"keyUp","value":""}]}]}
COMMAND: POST /session/0140d377bb50cef00459d42e723e3497/execute/async - {"script":"<script> [1562 bytes]","args":[{"selector":{"controlType":"sap.ui.core.Icon","viewName":"etm.portal.ui.managerequests.view.NewRequest","properties":{"src":{"regex":{"source":"add"}}}},"wdio_ui5_key":"etmportal.ui.managerequests.view.NewRequestsap.ui.core.Icon{\"src\":{\"regex\":{\"source\":\"add\"}}}"}]}
COMMAND: GET /session/0140d377bb50cef00459d42e723e3497/screenshot - {}
RESULT: {"script":"<script> [1562 bytes]","args":[{"selector":{"controlType":"sap.ui.core.Icon","viewName":"etm.portal.ui.managerequests.view.NewRequest","properties":{"src":{"regex":{"source":"add"}}}},"wdio_ui5_key":"etmportal.ui.managerequests.view.NewRequestsap.ui.core.Icon{\"src\":{\"regex\":{\"source\":\"add\"}}}"}]}
RESULT: undefined
COMMAND: POST /session/0140d377bb50cef00459d42e723e3497/element - {"using":"xpath","value":"//*[@id=\"__xmlview59--btnAddTableRow-img\"]"}
RESULT: {}
RESULT: {"using":"xpath","value":"//*[@id=\"__xmlview59--btnAddTableRow-img\"]"}
COMMAND: POST /session/0140d377bb50cef00459d42e723e3497/element/f.F6BB02432D8D97F36D378B59895A9F69.d.7028D3E66FEBFACFFD3AB11C554AAC1B.e.8636/click - {}
RESULT: {}
COMMAND: GET /session/0140d377bb50cef00459d42e723e3497/screenshot - {}
RESULT: {}
COMMAND: POST /session/0140d377bb50cef00459d42e723e3497/actions - {"actions":[{"id":"action55","type":"key","parameters":{},"actions":[{"type":"keyDown","value":""},{"type":"pause","duration":10},{"type":"keyUp","value":""}]}]}
RESULT: {"actions":[{"id":"action55","type":"key","parameters":{},"actions":[{"type":"keyDown","value":""},{"type":"pause","duration":10},{"type":"keyUp","value":""}]}]}
COMMAND: POST /session/0140d377bb50cef00459d42e723e3497/actions - {"actions":[{"id":"action56","type":"key","parameters":{},"actions":[{"type":"keyDown","value":""},{"type":"pause","duration":10},{"type":"keyUp","value":""}]}]}
COMMAND: GET /session/0140d377bb50cef00459d42e723e3497/screenshot - {}
RESULT: {"actions":[{"id":"action56","type":"key","parameters":{},"actions":[{"type":"keyDown","value":""},{"type":"pause","duration":10},{"type":"keyUp","value":""}]}]}
COMMAND: POST /session/0140d377bb50cef00459d42e723e3497/element - {"using":"xpath","value":"(//input[contains(@id ,\"requestItemsTable-0-inner\")])[1]"}
COMMAND: GET /session/0140d377bb50cef00459d42e723e3497/screenshot - {}
RESULT: {}
RESULT: {"using":"xpath","value":"(//input[contains(@id ,\"requestItemsTable-0-inner\")])[1]"}
COMMAND: POST /session/0140d377bb50cef00459d42e723e3497/element/f.F6BB02432D8D97F36D378B59895A9F69.d.7028D3E66FEBFACFFD3AB11C554AAC1B.e.8641/clear - {}
RESULT: {}
RESULT: {}
COMMAND: POST /session/0140d377bb50cef00459d42e723e3497/element/f.F6BB02432D8D97F36D378B59895A9F69.d.7028D3E66FEBFACFFD3AB11C554AAC1B.e.8641/value - {"text":"catalogItemName9wni6k"}
COMMAND: GET /session/0140d377bb50cef00459d42e723e3497/screenshot - {}
RESULT: {"text":"catalogItemName9wni6k"}
COMMAND: GET /session/0140d377bb50cef00459d42e723e3497/screenshot - {}
RESULT: {}
RESULT: {}
COMMAND: POST /session/0140d377bb50cef00459d42e723e3497/actions - {"actions":[{"id":"action57","type":"key","parameters":{},"actions":[{"type":"keyDown","value":""},{"type":"pause","duration":10},{"type":"keyUp","value":""}]}]}
RESULT: {"actions":[{"id":"action57","type":"key","parameters":{},"actions":[{"type":"keyDown","value":""},{"type":"pause","duration":10},{"type":"keyUp","value":""}]}]}
COMMAND: GET /session/0140d377bb50cef00459d42e723e3497/screenshot - {}
RESULT: {}
COMMAND: POST /session/0140d377bb50cef00459d42e723e3497/execute/async - {"script":"<script> [1562 bytes]","args":[{"selector":{"controlType":"sap.m.Button","viewName":"etm.portal.ui.managerequests.view.NewRequest","i18NText":{"propertyName":"text","key":"requestSpecifications"},"interaction":{"idSuffix":"BDI-content"}},"wdio_ui5_key":"etmportal.ui.managerequests.view.NewRequestsap.m.Button{\"propertyName\":\"text\",\"key\":\"requestSpecifications\"}"}]}
RESULT: {"script":"<script> [1562 bytes]","args":[{"selector":{"controlType":"sap.m.Button","viewName":"etm.portal.ui.managerequests.view.NewRequest","i18NText":{"propertyName":"text","key":"requestSpecifications"},"interaction":{"idSuffix":"BDI-content"}},"wdio_ui5_key":"etmportal.ui.managerequests.view.NewRequestsap.m.Button{\"propertyName\":\"text\",\"key\":\"requestSpecifications\"}"}]}
RESULT: undefined
COMMAND: POST /session/0140d377bb50cef00459d42e723e3497/element - {"using":"xpath","value":"//*[@id=\"__button78-__xmlview59--requestItemsTable-0\"]"}
RESULT: {"using":"xpath","value":"//*[@id=\"__button78-__xmlview59--requestItemsTable-0\"]"}
COMMAND: POST /session/0140d377bb50cef00459d42e723e3497/element/f.F6BB02432D8D97F36D378B59895A9F69.d.7028D3E66FEBFACFFD3AB11C554AAC1B.e.8655/click - {}
RESULT: {}
COMMAND: GET /session/0140d377bb50cef00459d42e723e3497/screenshot - {}
RESULT: {}
COMMAND: POST /session/0140d377bb50cef00459d42e723e3497/element - {"using":"xpath","value":"//input[@value=\"red\"]"}
RESULT: {"using":"xpath","value":"//input[@value=\"red\"]"}
COMMAND: POST /session/0140d377bb50cef00459d42e723e3497/elements - {"using":"xpath","value":"//input[@value=\"red\"]"}
RESULT: {"using":"xpath","value":"//input[@value=\"red\"]"}
COMMAND: POST /session/0140d377bb50cef00459d42e723e3497/execute/async - {"script":"<script> [1562 bytes]","args":[{"selector":{"controlType":"sap.m.Text","viewName":"etm.portal.ui.managerequests.view.NewRequest","bindingPath":{"path":"/currentEntries/0/PROPERTIES/0","propertyPath":"DESCRIPTION","modelName":"techSpecsClassificationModel"},"searchOpenDialogs":true},"wdio_ui5_key":"etmportal.ui.managerequests.view.NewRequestsap.m.Text{\"path\":\"/currentEntries/0/PROPERTIES/0\",\"propertyPath\":\"DESCRIPTION\",\"modelName\":\"techSpecsClassificationModel\"}"}]}
RESULT: {"script":"<script> [1562 bytes]","args":[{"selector":{"controlType":"sap.m.Text","viewName":"etm.portal.ui.managerequests.view.NewRequest","bindingPath":{"path":"/currentEntries/0/PROPERTIES/0","propertyPath":"DESCRIPTION","modelName":"techSpecsClassificationModel"},"searchOpenDialogs":true},"wdio_ui5_key":"etmportal.ui.managerequests.view.NewRequestsap.m.Text{\"path\":\"/currentEntries/0/PROPERTIES/0\",\"propertyPath\":\"DESCRIPTION\",\"modelName\":\"techSpecsClassificationModel\"}"}]}
RESULT: undefined
COMMAND: POST /session/0140d377bb50cef00459d42e723e3497/execute/async - {"script":"<script> [6424 bytes]","args":[{"element-6066-11e4-a52e-4f735466cecf":"f.F6BB02432D8D97F36D378B59895A9F69.d.7028D3E66FEBFACFFD3AB11C554AAC1B.e.8664"},"getText",[]]}
RESULT: {"script":"<script> [6424 bytes]","args":[{"element-6066-11e4-a52e-4f735466cecf":"f.F6BB02432D8D97F36D378B59895A9F69.d.7028D3E66FEBFACFFD3AB11C554AAC1B.e.8664"},"getText",[]]}
COMMAND: POST /session/0140d377bb50cef00459d42e723e3497/execute/async - {"script":"<script> [1562 bytes]","args":[{"selector":{"controlType":"sap.ui.core.Icon","viewName":"etm.portal.ui.managerequests.view.NewRequest","properties":{"src":{"regex":{"source":"slim\\-arrow\\-down"}}},"searchOpenDialogs":true},"wdio_ui5_key":"etmportal.ui.managerequests.view.NewRequestsap.ui.core.Icon{\"src\":{\"regex\":{\"source\":\"slim\\\\-arrow\\\\-down\"}}}"}]}
RESULT: {"script":"<script> [1562 bytes]","args":[{"selector":{"controlType":"sap.ui.core.Icon","viewName":"etm.portal.ui.managerequests.view.NewRequest","properties":{"src":{"regex":{"source":"slim\\-arrow\\-down"}}},"searchOpenDialogs":true},"wdio_ui5_key":"etmportal.ui.managerequests.view.NewRequestsap.ui.core.Icon{\"src\":{\"regex\":{\"source\":\"slim\\\\-arrow\\\\-down\"}}}"}]}
RESULT: undefined
COMMAND: POST /session/0140d377bb50cef00459d42e723e3497/element - {"using":"xpath","value":"//*[@id=\"__box58-arrow\"]"}
RESULT: {"using":"xpath","value":"//*[@id=\"__box58-arrow\"]"}
COMMAND: POST /session/0140d377bb50cef00459d42e723e3497/element/f.F6BB02432D8D97F36D378B59895A9F69.d.7028D3E66FEBFACFFD3AB11C554AAC1B.e.8665/click - {}
RESULT: {}
COMMAND: POST /session/0140d377bb50cef00459d42e723e3497/execute/async - {"script":"<script> [1562 bytes]","args":[{"selector":{"controlType":"sap.m.StandardListItem","viewName":"etm.portal.ui.managerequests.view.NewRequest","properties":{"title":"blue"},"searchOpenDialogs":true,"interaction":{"idSuffix":"content"}},"wdio_ui5_key":"etmportal.ui.managerequests.view.NewRequestsap.m.StandardListItem{\"title\":\"blue\"}"}]}
COMMAND: GET /session/0140d377bb50cef00459d42e723e3497/screenshot - {}
RESULT: {"script":"<script> [1562 bytes]","args":[{"selector":{"controlType":"sap.m.StandardListItem","viewName":"etm.portal.ui.managerequests.view.NewRequest","properties":{"title":"blue"},"searchOpenDialogs":true,"interaction":{"idSuffix":"content"}},"wdio_ui5_key":"etmportal.ui.managerequests.view.NewRequestsap.m.StandardListItem{\"title\":\"blue\"}"}]}
RESULT: undefined
COMMAND: POST /session/0140d377bb50cef00459d42e723e3497/element - {"using":"xpath","value":"//*[@id=\"__item1382\"]"}
RESULT: {}
RESULT: {"using":"xpath","value":"//*[@id=\"__item1382\"]"}
COMMAND: POST /session/0140d377bb50cef00459d42e723e3497/element/f.F6BB02432D8D97F36D378B59895A9F69.d.7028D3E66FEBFACFFD3AB11C554AAC1B.e.8667/click - {}
RESULT: {}
COMMAND: GET /session/0140d377bb50cef00459d42e723e3497/screenshot - {}
RESULT: {}
COMMAND: POST /session/0140d377bb50cef00459d42e723e3497/execute/async - {"script":"<script> [1562 bytes]","args":[{"selector":{"id":"saveButton","viewName":"etm.portal.ui.managerequests.view.NewRequest","searchOpenDialogs":true,"interaction":{"idSuffix":"BDI-content"}},"wdio_ui5_key":"saveButtonetmportal.ui.managerequests.view.NewRequest"}]}
RESULT: {"script":"<script> [1562 bytes]","args":[{"selector":{"id":"saveButton","viewName":"etm.portal.ui.managerequests.view.NewRequest","searchOpenDialogs":true,"interaction":{"idSuffix":"BDI-content"}},"wdio_ui5_key":"saveButtonetmportal.ui.managerequests.view.NewRequest"}]}
RESULT: undefined
COMMAND: POST /session/0140d377bb50cef00459d42e723e3497/element - {"using":"xpath","value":"//*[@id=\"__xmlview59--saveButton\"]"}
RESULT: {"using":"xpath","value":"//*[@id=\"__xmlview59--saveButton\"]"}
COMMAND: POST /session/0140d377bb50cef00459d42e723e3497/element/f.F6BB02432D8D97F36D378B59895A9F69.d.7028D3E66FEBFACFFD3AB11C554AAC1B.e.8661/click - {}
RESULT: {}
COMMAND: POST /session/0140d377bb50cef00459d42e723e3497/execute/async - {"script":"<script> [1562 bytes]","args":[{"selector":{"controlType":"sap.ui.core.Icon","viewName":"etm.portal.ui.managerequests.view.NewRequest","properties":{"src":{"regex":{"source":"slim\\-arrow\\-down"}}},"ancestor":{"controlType":"sap.m.Button","viewName":"etm.portal.ui.managerequests.view.NewRequest","properties":{"icon":"sap-icon://slim-arrow-down"}}},"wdio_ui5_key":"etmportal.ui.managerequests.view.NewRequestsap.ui.core.Icon{\"src\":{\"regex\":{\"source\":\"slim\\\\-arrow\\\\-down\"}}}{\"controlType\":\"sap.m.Button\",\"viewName\":\"etm.portal.ui.managerequests.view.NewRequest\",\"properties\":{\"icon\":\"sap-icon://slim-arrow-down\"}}"}]}
COMMAND: GET /session/0140d377bb50cef00459d42e723e3497/screenshot - {}
RESULT: {"script":"<script> [1562 bytes]","args":[{"selector":{"controlType":"sap.ui.core.Icon","viewName":"etm.portal.ui.managerequests.view.NewRequest","properties":{"src":{"regex":{"source":"slim\\-arrow\\-down"}}},"ancestor":{"controlType":"sap.m.Button","viewName":"etm.portal.ui.managerequests.view.NewRequest","properties":{"icon":"sap-icon://slim-arrow-down"}}},"wdio_ui5_key":"etmportal.ui.managerequests.view.NewRequestsap.ui.core.Icon{\"src\":{\"regex\":{\"source\":\"slim\\\\-arrow\\\\-down\"}}}{\"controlType\":\"sap.m.Button\",\"viewName\":\"etm.portal.ui.managerequests.view.NewRequest\",\"properties\":{\"icon\":\"sap-icon://slim-arrow-down\"}}"}]}
RESULT: undefined
RESULT: {}
COMMAND: POST /session/0140d377bb50cef00459d42e723e3497/element - {"using":"xpath","value":"//div[contains(@data-kt ,\"splitAllocationObjectStatus\")]"}
RESULT: {"using":"xpath","value":"//div[contains(@data-kt ,\"splitAllocationObjectStatus\")]"}
COMMAND: POST /session/0140d377bb50cef00459d42e723e3497/elements - {"using":"xpath","value":"//div[contains(@data-kt ,\"splitAllocationObjectStatus\")]"}
RESULT: {"using":"xpath","value":"//div[contains(@data-kt ,\"splitAllocationObjectStatus\")]"}
COMMAND: POST /session/0140d377bb50cef00459d42e723e3497/execute/async - {"script":"<script> [1562 bytes]","args":[{"selector":{"controlType":"sap.ui.core.Icon","viewName":"etm.portal.ui.managerequests.view.NewRequest","properties":{"src":{"regex":{"source":"message\\-error"}}}},"wdio_ui5_key":"etmportal.ui.managerequests.view.NewRequestsap.ui.core.Icon{\"src\":{\"regex\":{\"source\":\"message\\\\-error\"}}}"}]}
RESULT: {"script":"<script> [1562 bytes]","args":[{"selector":{"controlType":"sap.ui.core.Icon","viewName":"etm.portal.ui.managerequests.view.NewRequest","properties":{"src":{"regex":{"source":"message\\-error"}}}},"wdio_ui5_key":"etmportal.ui.managerequests.view.NewRequestsap.ui.core.Icon{\"src\":{\"regex\":{\"source\":\"message\\\\-error\"}}}"}]}
RESULT: undefined
COMMAND: POST /session/0140d377bb50cef00459d42e723e3497/element - {"using":"xpath","value":"//*[@id=\"__status4-__xmlview59--requestItemsTable-0-icon\"]"}
RESULT: {"using":"xpath","value":"//*[@id=\"__status4-__xmlview59--requestItemsTable-0-icon\"]"}
COMMAND: POST /session/0140d377bb50cef00459d42e723e3497/element/f.F6BB02432D8D97F36D378B59895A9F69.d.7028D3E66FEBFACFFD3AB11C554AAC1B.e.8670/click - {}
RESULT: {}
COMMAND: POST /session/0140d377bb50cef00459d42e723e3497/execute/async - {"script":"<script> [1562 bytes]","args":[{"selector":{"controlType":"sap.ui.core.Icon","viewName":"etm.portal.ui.managerequests.view.NewRequest","properties":{"src":{"regex":{"source":"slim\\-arrow\\-down"}}},"searchOpenDialogs":true,"ancestor":{"id":"costObjectAdminTypeComboBox","viewName":"etm.portal.ui.managerequests.view.NewRequest","searchOpenDialogs":true}},"wdio_ui5_key":"etmportal.ui.managerequests.view.NewRequestsap.ui.core.Icon{\"src\":{\"regex\":{\"source\":\"slim\\\\-arrow\\\\-down\"}}}{\"id\":\"costObjectAdminTypeComboBox\",\"viewName\":\"etm.portal.ui.managerequests.view.NewRequest\",\"searchOpenDialogs\":true}"}]}
COMMAND: GET /session/0140d377bb50cef00459d42e723e3497/screenshot - {}
RESULT: {"script":"<script> [1562 bytes]","args":[{"selector":{"controlType":"sap.ui.core.Icon","viewName":"etm.portal.ui.managerequests.view.NewRequest","properties":{"src":{"regex":{"source":"slim\\-arrow\\-down"}}},"searchOpenDialogs":true,"ancestor":{"id":"costObjectAdminTypeComboBox","viewName":"etm.portal.ui.managerequests.view.NewRequest","searchOpenDialogs":true}},"wdio_ui5_key":"etmportal.ui.managerequests.view.NewRequestsap.ui.core.Icon{\"src\":{\"regex\":{\"source\":\"slim\\\\-arrow\\\\-down\"}}}{\"id\":\"costObjectAdminTypeComboBox\",\"viewName\":\"etm.portal.ui.managerequests.view.NewRequest\",\"searchOpenDialogs\":true}"}]}
RESULT: undefined
COMMAND: POST /session/0140d377bb50cef00459d42e723e3497/element - {"using":"xpath","value":"//*[@id=\"__xmlview59--costObjectAdminTypeComboBox-arrow\"]"}
RESULT: {}
RESULT: {"using":"xpath","value":"//*[@id=\"__xmlview59--costObjectAdminTypeComboBox-arrow\"]"}
COMMAND: POST /session/0140d377bb50cef00459d42e723e3497/element/f.F6BB02432D8D97F36D378B59895A9F69.d.7028D3E66FEBFACFFD3AB11C554AAC1B.e.8674/click - {}
RESULT: {}
COMMAND: POST /session/0140d377bb50cef00459d42e723e3497/execute/async - {"script":"<script> [1562 bytes]","args":[{"selector":{"controlType":"sap.m.StandardListItem","viewName":"etm.portal.ui.managerequests.view.NewRequest","properties":{"title":"Cost Center"},"searchOpenDialogs":true,"interaction":{"idSuffix":"titleText"}},"wdio_ui5_key":"etmportal.ui.managerequests.view.NewRequestsap.m.StandardListItem{\"title\":\"Cost Center\"}"}]}
COMMAND: GET /session/0140d377bb50cef00459d42e723e3497/screenshot - {}
RESULT: {"script":"<script> [1562 bytes]","args":[{"selector":{"controlType":"sap.m.StandardListItem","viewName":"etm.portal.ui.managerequests.view.NewRequest","properties":{"title":"Cost Center"},"searchOpenDialogs":true,"interaction":{"idSuffix":"titleText"}},"wdio_ui5_key":"etmportal.ui.managerequests.view.NewRequestsap.m.StandardListItem{\"title\":\"Cost Center\"}"}]}
RESULT: undefined
COMMAND: POST /session/0140d377bb50cef00459d42e723e3497/element - {"using":"xpath","value":"//*[@id=\"__item1385\"]"}
RESULT: {}
RESULT: {"using":"xpath","value":"//*[@id=\"__item1385\"]"}
COMMAND: POST /session/0140d377bb50cef00459d42e723e3497/element/f.F6BB02432D8D97F36D378B59895A9F69.d.7028D3E66FEBFACFFD3AB11C554AAC1B.e.8677/click - {}
RESULT: {}
COMMAND: GET /session/0140d377bb50cef00459d42e723e3497/screenshot - {}
RESULT: {}
COMMAND: POST /session/0140d377bb50cef00459d42e723e3497/execute/async - {"script":"<script> [1562 bytes]","args":[{"selector":{"controlType":"sap.ui.core.Icon","viewName":"etm.portal.ui.managerequests.view.NewRequest","properties":{"src":{"regex":{"source":"value\\-help"}}},"searchOpenDialogs":true},"wdio_ui5_key":"etmportal.ui.managerequests.view.NewRequestsap.ui.core.Icon{\"src\":{\"regex\":{\"source\":\"value\\\\-help\"}}}"}]}
RESULT: {"script":"<script> [1562 bytes]","args":[{"selector":{"controlType":"sap.ui.core.Icon","viewName":"etm.portal.ui.managerequests.view.NewRequest","properties":{"src":{"regex":{"source":"value\\-help"}}},"searchOpenDialogs":true},"wdio_ui5_key":"etmportal.ui.managerequests.view.NewRequestsap.ui.core.Icon{\"src\":{\"regex\":{\"source\":\"value\\\\-help\"}}}"}]}
RESULT: undefined
COMMAND: POST /session/0140d377bb50cef00459d42e723e3497/element - {"using":"xpath","value":"//*[@id=\"__xmlview59--costObjectIdComboBox-vhi\"]"}
RESULT: {"using":"xpath","value":"//*[@id=\"__xmlview59--costObjectIdComboBox-vhi\"]"}
COMMAND: POST /session/0140d377bb50cef00459d42e723e3497/element/f.F6BB02432D8D97F36D378B59895A9F69.d.7028D3E66FEBFACFFD3AB11C554AAC1B.e.8684/click - {}
RESULT: {}
COMMAND: POST /session/0140d377bb50cef00459d42e723e3497/execute/async - {"script":"<script> [1562 bytes]","args":[{"selector":{"controlType":"sap.m.SearchField","properties":{"placeholder":"Search"},"searchOpenDialogs":true,"interaction":{"idSuffix":"I"}},"wdio_ui5_key":"sapm.SearchField{\"placeholder\":\"Search\"}"}]}
COMMAND: GET /session/0140d377bb50cef00459d42e723e3497/screenshot - {}
RESULT: {"script":"<script> [1562 bytes]","args":[{"selector":{"controlType":"sap.m.SearchField","properties":{"placeholder":"Search"},"searchOpenDialogs":true,"interaction":{"idSuffix":"I"}},"wdio_ui5_key":"sapm.SearchField{\"placeholder\":\"Search\"}"}]}
RESULT: undefined
COMMAND: POST /session/0140d377bb50cef00459d42e723e3497/execute/async - {"script":"<script> [776 bytes]","args":[{"enterText":"10001010","selector":{"controlType":"sap.m.SearchField","properties":{"placeholder":"Search"},"searchOpenDialogs":true,"interaction":{"idSuffix":"I"}},"clearTextFirst":true,"interactionType":"ENTER_TEXT"}]}
RESULT: {}
RESULT: {"script":"<script> [776 bytes]","args":[{"enterText":"10001010","selector":{"controlType":"sap.m.SearchField","properties":{"placeholder":"Search"},"searchOpenDialogs":true,"interaction":{"idSuffix":"I"}},"clearTextFirst":true,"interactionType":"ENTER_TEXT"}]}
COMMAND: POST /session/0140d377bb50cef00459d42e723e3497/actions - {"actions":[{"id":"action58","type":"key","parameters":{},"actions":[{"type":"keyDown","value":""},{"type":"pause","duration":10},{"type":"keyUp","value":""}]}]}
RESULT: {"actions":[{"id":"action58","type":"key","parameters":{},"actions":[{"type":"keyDown","value":""},{"type":"pause","duration":10},{"type":"keyUp","value":""}]}]}
COMMAND: GET /session/0140d377bb50cef00459d42e723e3497/screenshot - {}
RESULT: {}
COMMAND: POST /session/0140d377bb50cef00459d42e723e3497/execute/async - {"script":"<script> [1562 bytes]","args":[{"selector":{"controlType":"sap.m.Text","bindingPath":{"path":"/C_CostCtrValueHelp(CostCenter='10001010',ControllingArea='Z001')","propertyPath":"CostCenterName","modelName":"CostCenterModel"},"searchOpenDialogs":true},"wdio_ui5_key":"sapm.Text{\"path\":\"/C_CostCtrValueHelp(CostCenter='10001010',ControllingArea='Z001')\",\"propertyPath\":\"CostCenterName\",\"modelName\":\"CostCenterModel\"}"}]}
RESULT: {"script":"<script> [1562 bytes]","args":[{"selector":{"controlType":"sap.m.Text","bindingPath":{"path":"/C_CostCtrValueHelp(CostCenter='10001010',ControllingArea='Z001')","propertyPath":"CostCenterName","modelName":"CostCenterModel"},"searchOpenDialogs":true},"wdio_ui5_key":"sapm.Text{\"path\":\"/C_CostCtrValueHelp(CostCenter='10001010',ControllingArea='Z001')\",\"propertyPath\":\"CostCenterName\",\"modelName\":\"CostCenterModel\"}"}]}
RESULT: undefined
COMMAND: POST /session/0140d377bb50cef00459d42e723e3497/element - {"using":"xpath","value":"//*[@id=\"__text550-__clone1592\"]"}
RESULT: {"using":"xpath","value":"//*[@id=\"__text550-__clone1592\"]"}
COMMAND: POST /session/0140d377bb50cef00459d42e723e3497/element/f.F6BB02432D8D97F36D378B59895A9F69.d.7028D3E66FEBFACFFD3AB11C554AAC1B.e.8724/click - {}
RESULT: {}
COMMAND: POST /session/0140d377bb50cef00459d42e723e3497/execute/async - {"script":"<script> [1562 bytes]","args":[{"selector":{"controlType":"sap.m.Button","properties":{"text":"OK"},"searchOpenDialogs":true,"interaction":{"idSuffix":"BDI-content"}},"wdio_ui5_key":"sapm.Button{\"text\":\"OK\"}"}]}
COMMAND: GET /session/0140d377bb50cef00459d42e723e3497/screenshot - {}
RESULT: {"script":"<script> [1562 bytes]","args":[{"selector":{"controlType":"sap.m.Button","properties":{"text":"OK"},"searchOpenDialogs":true,"interaction":{"idSuffix":"BDI-content"}},"wdio_ui5_key":"sapm.Button{\"text\":\"OK\"}"}]}
RESULT: undefined
COMMAND: POST /session/0140d377bb50cef00459d42e723e3497/element - {"using":"xpath","value":"//*[@id=\"__dialog2-ok\"]"}
RESULT: {}
RESULT: {"using":"xpath","value":"//*[@id=\"__dialog2-ok\"]"}
COMMAND: POST /session/0140d377bb50cef00459d42e723e3497/element/f.F6BB02432D8D97F36D378B59895A9F69.d.7028D3E66FEBFACFFD3AB11C554AAC1B.e.8726/click - {}
RESULT: {}
COMMAND: GET /session/0140d377bb50cef00459d42e723e3497/screenshot - {}
RESULT: {}
COMMAND: POST /session/0140d377bb50cef00459d42e723e3497/execute/async - {"script":"<script> [1562 bytes]","args":[{"selector":{"controlType":"sap.m.Button","viewName":"etm.portal.ui.managerequests.view.NewRequest","i18NText":{"propertyName":"text","key":"save"},"searchOpenDialogs":true,"interaction":{"idSuffix":"BDI-content"}},"wdio_ui5_key":"etmportal.ui.managerequests.view.NewRequestsap.m.Button{\"propertyName\":\"text\",\"key\":\"save\"}"}]}
RESULT: {"script":"<script> [1562 bytes]","args":[{"selector":{"controlType":"sap.m.Button","viewName":"etm.portal.ui.managerequests.view.NewRequest","i18NText":{"propertyName":"text","key":"save"},"searchOpenDialogs":true,"interaction":{"idSuffix":"BDI-content"}},"wdio_ui5_key":"etmportal.ui.managerequests.view.NewRequestsap.m.Button{\"propertyName\":\"text\",\"key\":\"save\"}"}]}
RESULT: undefined
COMMAND: POST /session/0140d377bb50cef00459d42e723e3497/element - {"using":"xpath","value":"//*[@id=\"__button91\"]"}
RESULT: {"using":"xpath","value":"//*[@id=\"__button91\"]"}
COMMAND: POST /session/0140d377bb50cef00459d42e723e3497/element/f.F6BB02432D8D97F36D378B59895A9F69.d.7028D3E66FEBFACFFD3AB11C554AAC1B.e.8730/click - {}
RESULT: {}
COMMAND: GET /session/0140d377bb50cef00459d42e723e3497/screenshot - {}
RESULT: {}
COMMAND: POST /session/0140d377bb50cef00459d42e723e3497/execute/async - {"script":"<script> [1562 bytes]","args":[{"selector":{"controlType":"sap.m.Button","viewName":"etm.portal.ui.managerequests.view.NewRequest","i18NText":{"propertyName":"tooltip","key":"save"},"interaction":{"idSuffix":"content"}},"wdio_ui5_key":"etmportal.ui.managerequests.view.NewRequestsap.m.Button{\"propertyName\":\"tooltip\",\"key\":\"save\"}"}]}
RESULT: {"script":"<script> [1562 bytes]","args":[{"selector":{"controlType":"sap.m.Button","viewName":"etm.portal.ui.managerequests.view.NewRequest","i18NText":{"propertyName":"tooltip","key":"save"},"interaction":{"idSuffix":"content"}},"wdio_ui5_key":"etmportal.ui.managerequests.view.NewRequestsap.m.Button{\"propertyName\":\"tooltip\",\"key\":\"save\"}"}]}
RESULT: undefined
COMMAND: POST /session/0140d377bb50cef00459d42e723e3497/element - {"using":"xpath","value":"//*[@id=\"__button80\"]"}
RESULT: {"using":"xpath","value":"//*[@id=\"__button80\"]"}
COMMAND: POST /session/0140d377bb50cef00459d42e723e3497/element/f.F6BB02432D8D97F36D378B59895A9F69.d.7028D3E66FEBFACFFD3AB11C554AAC1B.e.8573/click - {}
RESULT: {}
COMMAND: GET /session/0140d377bb50cef00459d42e723e3497/screenshot - {}
RESULT: {}
COMMAND: POST /session/0140d377bb50cef00459d42e723e3497/execute/async - {"script":"<script> [1562 bytes]","args":[{"selector":{"controlType":"sap.m.Title","properties":{"text":"Success"},"searchOpenDialogs":true},"wdio_ui5_key":"sapm.Title{\"text\":\"Success\"}"}]}
RESULT: {"script":"<script> [1562 bytes]","args":[{"selector":{"controlType":"sap.m.Title","properties":{"text":"Success"},"searchOpenDialogs":true},"wdio_ui5_key":"sapm.Title{\"text\":\"Success\"}"}]}
RESULT: undefined
COMMAND: POST /session/0140d377bb50cef00459d42e723e3497/execute/async - {"script":"<script> [6424 bytes]","args":[{"element-6066-11e4-a52e-4f735466cecf":"f.F6BB02432D8D97F36D378B59895A9F69.d.7028D3E66FEBFACFFD3AB11C554AAC1B.e.8735"},"getText",[]]}
RESULT: {"script":"<script> [6424 bytes]","args":[{"element-6066-11e4-a52e-4f735466cecf":"f.F6BB02432D8D97F36D378B59895A9F69.d.7028D3E66FEBFACFFD3AB11C554AAC1B.e.8735"},"getText",[]]}
COMMAND: POST /session/0140d377bb50cef00459d42e723e3497/execute/async - {"script":"<script> [1562 bytes]","args":[{"selector":{"controlType":"sap.m.Button","properties":{"text":"Close"},"searchOpenDialogs":true,"interaction":{"idSuffix":"BDI-content"}},"wdio_ui5_key":"sapm.Button{\"text\":\"Close\"}"}]}
RESULT: {"script":"<script> [1562 bytes]","args":[{"selector":{"controlType":"sap.m.Button","properties":{"text":"Close"},"searchOpenDialogs":true,"interaction":{"idSuffix":"BDI-content"}},"wdio_ui5_key":"sapm.Button{\"text\":\"Close\"}"}]}
RESULT: undefined
COMMAND: POST /session/0140d377bb50cef00459d42e723e3497/element - {"using":"xpath","value":"//*[@id=\"__mbox-btn-0\"]"}
RESULT: {"using":"xpath","value":"//*[@id=\"__mbox-btn-0\"]"}
COMMAND: POST /session/0140d377bb50cef00459d42e723e3497/element/f.F6BB02432D8D97F36D378B59895A9F69.d.7028D3E66FEBFACFFD3AB11C554AAC1B.e.8734/click - {}
RESULT: {}
COMMAND: GET /session/0140d377bb50cef00459d42e723e3497/screenshot - {}
RESULT: {}
COMMAND: POST /session/0140d377bb50cef00459d42e723e3497/execute/async - {"script":"<script> [1562 bytes]","args":[{"selector":{"controlType":"sap.m.Button","viewName":"etm.portal.ui.managerequests.view.Detail","i18NText":{"propertyName":"text","key":"requestSpecifications"},"interaction":{"idSuffix":"BDI-content"}},"wdio_ui5_key":"etmportal.ui.managerequests.view.Detailsap.m.Button{\"propertyName\":\"text\",\"key\":\"requestSpecifications\"}"}]}
RESULT: {"script":"<script> [1562 bytes]","args":[{"selector":{"controlType":"sap.m.Button","viewName":"etm.portal.ui.managerequests.view.Detail","i18NText":{"propertyName":"text","key":"requestSpecifications"},"interaction":{"idSuffix":"BDI-content"}},"wdio_ui5_key":"etmportal.ui.managerequests.view.Detailsap.m.Button{\"propertyName\":\"text\",\"key\":\"requestSpecifications\"}"}]}
RESULT: undefined
COMMAND: POST /session/0140d377bb50cef00459d42e723e3497/element - {"using":"xpath","value":"//*[@id=\"__button107-__clone1631\"]"}
RESULT: {"using":"xpath","value":"//*[@id=\"__button107-__clone1631\"]"}
COMMAND: POST /session/0140d377bb50cef00459d42e723e3497/element/f.F6BB02432D8D97F36D378B59895A9F69.d.7028D3E66FEBFACFFD3AB11C554AAC1B.e.8858/click - {}
RESULT: {}
COMMAND: GET /session/0140d377bb50cef00459d42e723e3497/screenshot - {}
RESULT: {}
COMMAND: POST /session/0140d377bb50cef00459d42e723e3497/element - {"using":"xpath","value":"//input[@value=\"blue\"]"}
RESULT: {"using":"xpath","value":"//input[@value=\"blue\"]"}
COMMAND: POST /session/0140d377bb50cef00459d42e723e3497/elements - {"using":"xpath","value":"//input[@value=\"blue\"]"}
RESULT: {"using":"xpath","value":"//input[@value=\"blue\"]"}
COMMAND: POST /session/0140d377bb50cef00459d42e723e3497/execute/async - {"script":"<script> [1562 bytes]","args":[{"selector":{"id":"cancelRequestSpecificationsButton","viewName":"etm.portal.ui.managerequests.view.Detail","searchOpenDialogs":true,"interaction":{"idSuffix":"BDI-content"}},"wdio_ui5_key":"cancelRequestSpecificationsButtonetmportal.ui.managerequests.view.Detail"}]}
RESULT: {"script":"<script> [1562 bytes]","args":[{"selector":{"id":"cancelRequestSpecificationsButton","viewName":"etm.portal.ui.managerequests.view.Detail","searchOpenDialogs":true,"interaction":{"idSuffix":"BDI-content"}},"wdio_ui5_key":"cancelRequestSpecificationsButtonetmportal.ui.managerequests.view.Detail"}]}
RESULT: undefined
COMMAND: POST /session/0140d377bb50cef00459d42e723e3497/element - {"using":"xpath","value":"//*[@id=\"__xmlview60--cancelRequestSpecificationsButton\"]"}
RESULT: {"using":"xpath","value":"//*[@id=\"__xmlview60--cancelRequestSpecificationsButton\"]"}
COMMAND: POST /session/0140d377bb50cef00459d42e723e3497/element/f.F6BB02432D8D97F36D378B59895A9F69.d.7028D3E66FEBFACFFD3AB11C554AAC1B.e.8861/click - {}
RESULT: {}
COMMAND: POST /session/0140d377bb50cef00459d42e723e3497/element - {"using":"css selector","value":"#shell-header-logo"}
COMMAND: GET /session/0140d377bb50cef00459d42e723e3497/screenshot - {}
RESULT: {"using":"css selector","value":"#shell-header-logo"}
COMMAND: POST /session/0140d377bb50cef00459d42e723e3497/element/f.F6BB02432D8D97F36D378B59895A9F69.d.7028D3E66FEBFACFFD3AB11C554AAC1B.e.8270/click - {}
RESULT: {}
RESULT: {}
COMMAND: GET /session/0140d377bb50cef00459d42e723e3497/screenshot - {}
RESULT: {}
]]></system-out>
    </testcase>
  </testsuite>
  <testsuite timestamp="2025-06-01T16:06:17" time="367.156" tests="3" failures="0" errors="0" skipped="0">
    <properties>
      <property name="specId" value="0"/>
      <property name="suiteName" value="Reserve/Unreserve request item via reserve option US139161"/>
      <property name="capabilities" value="chrome.136_0_7103_93.windows"/>
      <property name="file" value="file:///D:/a/1/s/test/specs/R2C/reserve-unreserve-request-item-via-reserve-option.spec.js"/>
    </properties>
    <testcase classname="chrome.136_0_7103_93.windows.Reserve/Unreserve_request_item_via_reserve_option_US139161" name="Should add the material to the catalog item" time="96.15">
      <system-out><![CDATA[
COMMAND: POST /session/0140d377bb50cef00459d42e723e3497/execute/async - {"script":"<script> [1562 bytes]","args":[{"selector":{"controlType":"sap.m.GenericTile","properties":{"header":"Manage Catalogs"}},"wdio_ui5_key":"sapm.GenericTile{\"header\":\"Manage Catalogs\"}"}]}
RESULT: {"script":"<script> [1562 bytes]","args":[{"selector":{"controlType":"sap.m.GenericTile","properties":{"header":"Manage Catalogs"}},"wdio_ui5_key":"sapm.GenericTile{\"header\":\"Manage Catalogs\"}"}]}
RESULT: undefined
COMMAND: POST /session/0140d377bb50cef00459d42e723e3497/element - {"using":"xpath","value":"//*[@id=\"__tile37\"]"}
RESULT: {"using":"xpath","value":"//*[@id=\"__tile37\"]"}
COMMAND: POST /session/0140d377bb50cef00459d42e723e3497/element/f.F6BB02432D8D97F36D378B59895A9F69.d.7028D3E66FEBFACFFD3AB11C554AAC1B.e.8870/click - {}
RESULT: {}
COMMAND: GET /session/0140d377bb50cef00459d42e723e3497/screenshot - {}
RESULT: {}
COMMAND: POST /session/0140d377bb50cef00459d42e723e3497/elements - {"using":"xpath","value":"//span[text()='Error']"}
RESULT: {"using":"xpath","value":"//span[text()='Error']"}
COMMAND: POST /session/0140d377bb50cef00459d42e723e3497/execute/async - {"script":"<script> [1562 bytes]","args":[{"selector":{"controlType":"sap.m.Text","viewName":"etm.portal.ui.managecatalogs.view.MasterCatalogs","viewId":"application-managecatalogs-display-component---masterCatalogs","bindingPath":{"path":"/Catalogs('0D7502D073D53A0F1700BE067B89AFF9')","propertyPath":"DESCRIPTION","modelName":"catalogModel"}},"wdio_ui5_key":"etmportal.ui.managecatalogs.view.MasterCatalogssap.m.Text{\"path\":\"/Catalogs('0D7502D073D53A0F1700BE067B89AFF9')\",\"propertyPath\":\"DESCRIPTION\",\"modelName\":\"catalogModel\"}"}]}
RESULT: {"script":"<script> [1562 bytes]","args":[{"selector":{"controlType":"sap.m.Text","viewName":"etm.portal.ui.managecatalogs.view.MasterCatalogs","viewId":"application-managecatalogs-display-component---masterCatalogs","bindingPath":{"path":"/Catalogs('0D7502D073D53A0F1700BE067B89AFF9')","propertyPath":"DESCRIPTION","modelName":"catalogModel"}},"wdio_ui5_key":"etmportal.ui.managecatalogs.view.MasterCatalogssap.m.Text{\"path\":\"/Catalogs('0D7502D073D53A0F1700BE067B89AFF9')\",\"propertyPath\":\"DESCRIPTION\",\"modelName\":\"catalogModel\"}"}]}
RESULT: undefined
COMMAND: POST /session/0140d377bb50cef00459d42e723e3497/element - {"using":"xpath","value":"//*[@id=\"__text685-application-managecatalogs-display-component---masterCatalogs--CatalogsTable-11\"]"}
RESULT: {"using":"xpath","value":"//*[@id=\"__text685-application-managecatalogs-display-component---masterCatalogs--CatalogsTable-11\"]"}
COMMAND: POST /session/0140d377bb50cef00459d42e723e3497/element/f.F6BB02432D8D97F36D378B59895A9F69.d.7028D3E66FEBFACFFD3AB11C554AAC1B.e.8938/click - {}
RESULT: {}
RESULT: undefined
COMMAND: POST /session/0140d377bb50cef00459d42e723e3497/execute/async - {"script":"<script> [776 bytes]","args":[{"enterText":"catalogItemcssu4","selector":{"id":"application-managecatalogs-display-component---masterCatalogItems--searchItemsField","interaction":{"idSuffix":"I"}},"clearTextFirst":true,"interactionType":"ENTER_TEXT"}]}
COMMAND: GET /session/0140d377bb50cef00459d42e723e3497/screenshot - {}
RESULT: {"script":"<script> [776 bytes]","args":[{"enterText":"catalogItemcssu4","selector":{"id":"application-managecatalogs-display-component---masterCatalogItems--searchItemsField","interaction":{"idSuffix":"I"}},"clearTextFirst":true,"interactionType":"ENTER_TEXT"}]}
COMMAND: POST /session/0140d377bb50cef00459d42e723e3497/actions - {"actions":[{"id":"action59","type":"key","parameters":{},"actions":[{"type":"keyDown","value":""},{"type":"pause","duration":10},{"type":"keyUp","value":""}]}]}
RESULT: {}
RESULT: {"actions":[{"id":"action59","type":"key","parameters":{},"actions":[{"type":"keyDown","value":""},{"type":"pause","duration":10},{"type":"keyUp","value":""}]}]}
COMMAND: POST /session/0140d377bb50cef00459d42e723e3497/element - {"using":"xpath","value":"(//span[contains(text(), \"catalogItemcssu4\")])[1]"}
COMMAND: GET /session/0140d377bb50cef00459d42e723e3497/screenshot - {}
RESULT: {"using":"xpath","value":"(//span[contains(text(), \"catalogItemcssu4\")])[1]"}
COMMAND: POST /session/0140d377bb50cef00459d42e723e3497/element/f.F6BB02432D8D97F36D378B59895A9F69.d.7028D3E66FEBFACFFD3AB11C554AAC1B.e.8977/click - {}
RESULT: {}
RESULT: {}
COMMAND: GET /session/0140d377bb50cef00459d42e723e3497/screenshot - {}
RESULT: {}
COMMAND: POST /session/0140d377bb50cef00459d42e723e3497/element - {"using":"xpath","value":"//*[contains(@id ,\"BDI-content\")][contains(text(), \"Edit\")]"}
RESULT: {"using":"xpath","value":"//*[contains(@id ,\"BDI-content\")][contains(text(), \"Edit\")]"}
COMMAND: POST /session/0140d377bb50cef00459d42e723e3497/element/f.F6BB02432D8D97F36D378B59895A9F69.d.7028D3E66FEBFACFFD3AB11C554AAC1B.e.9057/click - {}
RESULT: {}
COMMAND: GET /session/0140d377bb50cef00459d42e723e3497/screenshot - {}
RESULT: {}
COMMAND: POST /session/0140d377bb50cef00459d42e723e3497/element - {"using":"xpath","value":"//bdi[contains(text(), \"Assigned Resources\")]"}
RESULT: {"using":"xpath","value":"//bdi[contains(text(), \"Assigned Resources\")]"}
COMMAND: POST /session/0140d377bb50cef00459d42e723e3497/element/f.F6BB02432D8D97F36D378B59895A9F69.d.7028D3E66FEBFACFFD3AB11C554AAC1B.e.9083/click - {}
RESULT: {}
COMMAND: GET /session/0140d377bb50cef00459d42e723e3497/screenshot - {}
RESULT: {}
COMMAND: POST /session/0140d377bb50cef00459d42e723e3497/element - {"using":"xpath","value":"//button[contains(@data-kt ,\"catalogItemAssignRuButton\")]"}
RESULT: {"using":"xpath","value":"//button[contains(@data-kt ,\"catalogItemAssignRuButton\")]"}
COMMAND: POST /session/0140d377bb50cef00459d42e723e3497/element/f.F6BB02432D8D97F36D378B59895A9F69.d.7028D3E66FEBFACFFD3AB11C554AAC1B.e.9089/click - {}
RESULT: {}
COMMAND: GET /session/0140d377bb50cef00459d42e723e3497/screenshot - {}
RESULT: {}
COMMAND: POST /session/0140d377bb50cef00459d42e723e3497/actions - {"actions":[{"id":"action60","type":"key","parameters":{},"actions":[{"type":"keyDown","value":""},{"type":"pause","duration":10},{"type":"keyUp","value":""}]}]}
RESULT: {"actions":[{"id":"action60","type":"key","parameters":{},"actions":[{"type":"keyDown","value":""},{"type":"pause","duration":10},{"type":"keyUp","value":""}]}]}
COMMAND: GET /session/0140d377bb50cef00459d42e723e3497/screenshot - {}
RESULT: {}
COMMAND: POST /session/0140d377bb50cef00459d42e723e3497/execute/async - {"script":"<script> [1562 bytes]","args":[{"selector":{"id":"application-managecatalogs-display-component---detailCatalog--assignRUSearchField-vhi","searchOpenDialogs":true},"wdio_ui5_key":"applicationmanagecatalogs-display-component---detailCatalog--assignRUSearchField-vhi"}]}
RESULT: {"script":"<script> [1562 bytes]","args":[{"selector":{"id":"application-managecatalogs-display-component---detailCatalog--assignRUSearchField-vhi","searchOpenDialogs":true},"wdio_ui5_key":"applicationmanagecatalogs-display-component---detailCatalog--assignRUSearchField-vhi"}]}
RESULT: undefined
COMMAND: POST /session/0140d377bb50cef00459d42e723e3497/element - {"using":"xpath","value":"//*[@id=\"application-managecatalogs-display-component---detailCatalog--assignRUSearchField-vhi\"]"}
RESULT: {"using":"xpath","value":"//*[@id=\"application-managecatalogs-display-component---detailCatalog--assignRUSearchField-vhi\"]"}
COMMAND: POST /session/0140d377bb50cef00459d42e723e3497/element/f.F6BB02432D8D97F36D378B59895A9F69.d.7028D3E66FEBFACFFD3AB11C554AAC1B.e.9107/click - {}
RESULT: {}
COMMAND: GET /session/0140d377bb50cef00459d42e723e3497/screenshot - {}
COMMAND: POST /session/0140d377bb50cef00459d42e723e3497/element - {"using":"xpath","value":"//input[contains(@id ,\"searchField-I\")]"}
RESULT: {}
RESULT: {"using":"xpath","value":"//input[contains(@id ,\"searchField-I\")]"}
COMMAND: POST /session/0140d377bb50cef00459d42e723e3497/element/f.F6BB02432D8D97F36D378B59895A9F69.d.7028D3E66FEBFACFFD3AB11C554AAC1B.e.9109/clear - {}
RESULT: {}
COMMAND: POST /session/0140d377bb50cef00459d42e723e3497/element/f.F6BB02432D8D97F36D378B59895A9F69.d.7028D3E66FEBFACFFD3AB11C554AAC1B.e.9109/value - {"text":"WebdriverMatTest42u7o"}
COMMAND: GET /session/0140d377bb50cef00459d42e723e3497/screenshot - {}
RESULT: {"text":"WebdriverMatTest42u7o"}
COMMAND: GET /session/0140d377bb50cef00459d42e723e3497/screenshot - {}
RESULT: {}
RESULT: {}
COMMAND: POST /session/0140d377bb50cef00459d42e723e3497/actions - {"actions":[{"id":"action61","type":"key","parameters":{},"actions":[{"type":"keyDown","value":""},{"type":"pause","duration":10},{"type":"keyUp","value":""}]}]}
RESULT: {"actions":[{"id":"action61","type":"key","parameters":{},"actions":[{"type":"keyDown","value":""},{"type":"pause","duration":10},{"type":"keyUp","value":""}]}]}
COMMAND: GET /session/0140d377bb50cef00459d42e723e3497/screenshot - {}
RESULT: {}
COMMAND: POST /session/0140d377bb50cef00459d42e723e3497/actions - {"actions":[{"id":"action62","type":"key","parameters":{},"actions":[{"type":"keyDown","value":""},{"type":"pause","duration":10},{"type":"keyUp","value":""}]}]}
RESULT: {"actions":[{"id":"action62","type":"key","parameters":{},"actions":[{"type":"keyDown","value":""},{"type":"pause","duration":10},{"type":"keyUp","value":""}]}]}
COMMAND: GET /session/0140d377bb50cef00459d42e723e3497/screenshot - {}
RESULT: {}
COMMAND: POST /session/0140d377bb50cef00459d42e723e3497/actions - {"actions":[{"id":"action63","type":"key","parameters":{},"actions":[{"type":"keyDown","value":""},{"type":"pause","duration":10},{"type":"keyUp","value":""}]}]}
RESULT: {"actions":[{"id":"action63","type":"key","parameters":{},"actions":[{"type":"keyDown","value":""},{"type":"pause","duration":10},{"type":"keyUp","value":""}]}]}
COMMAND: GET /session/0140d377bb50cef00459d42e723e3497/screenshot - {}
RESULT: {}
COMMAND: POST /session/0140d377bb50cef00459d42e723e3497/element - {"using":"xpath","value":"//bdi[contains(@id ,\"application-managecatalogs-display-component---detailCatalog--RUAssignmentSaveButton-BDI-content\")]"}
RESULT: {"using":"xpath","value":"//bdi[contains(@id ,\"application-managecatalogs-display-component---detailCatalog--RUAssignmentSaveButton-BDI-content\")]"}
COMMAND: POST /session/0140d377bb50cef00459d42e723e3497/element/f.F6BB02432D8D97F36D378B59895A9F69.d.7028D3E66FEBFACFFD3AB11C554AAC1B.e.9126/click - {}
RESULT: {}
COMMAND: GET /session/0140d377bb50cef00459d42e723e3497/screenshot - {}
RESULT: {}
COMMAND: POST /session/0140d377bb50cef00459d42e723e3497/element - {"using":"xpath","value":"//bdi[contains(text(), \"Save\")]"}
RESULT: {"using":"xpath","value":"//bdi[contains(text(), \"Save\")]"}
COMMAND: POST /session/0140d377bb50cef00459d42e723e3497/element/f.F6BB02432D8D97F36D378B59895A9F69.d.7028D3E66FEBFACFFD3AB11C554AAC1B.e.9148/click - {}
RESULT: {}
COMMAND: GET /session/0140d377bb50cef00459d42e723e3497/screenshot - {}
RESULT: {}
COMMAND: POST /session/0140d377bb50cef00459d42e723e3497/element - {"using":"css selector","value":"#shell-header-logo"}
RESULT: {"using":"css selector","value":"#shell-header-logo"}
COMMAND: POST /session/0140d377bb50cef00459d42e723e3497/element/f.F6BB02432D8D97F36D378B59895A9F69.d.7028D3E66FEBFACFFD3AB11C554AAC1B.e.8874/click - {}
RESULT: {}
COMMAND: GET /session/0140d377bb50cef00459d42e723e3497/screenshot - {}
RESULT: {}
COMMAND: POST /session/0140d377bb50cef00459d42e723e3497/refresh - {}
RESULT: {}
COMMAND: GET /session/0140d377bb50cef00459d42e723e3497/screenshot - {}
RESULT: {}
COMMAND: POST /session/0140d377bb50cef00459d42e723e3497/execute/async - {"script":"<script> [189 bytes]","args":[]}
RESULT: {"script":"<script> [189 bytes]","args":[]}
COMMAND: POST /session/0140d377bb50cef00459d42e723e3497/execute/async - {"script":"<script> [123 bytes]","args":[]}
RESULT: {"script":"<script> [123 bytes]","args":[]}
COMMAND: POST /session/0140d377bb50cef00459d42e723e3497/timeouts - {"script":"<number>"}
RESULT: {"script":"<number>"}
COMMAND: GET /session/0140d377bb50cef00459d42e723e3497/timeouts - {}
RESULT: {}
RESULT: undefined
COMMAND: POST /session/0140d377bb50cef00459d42e723e3497/execute/async - {"script":"<script> [2676 bytes]","args":[]}
RESULT: {"script":"<script> [2676 bytes]","args":[]}
COMMAND: POST /session/0140d377bb50cef00459d42e723e3497/execute/async - {"script":"<script> [2342 bytes]","args":[{"protocol":"http","hostname":"0.0.0.0","path":"/","capabilities":{"browserName":"chrome","goog:chromeOptions":{"binary":"C:\\Program Files\\Google\\Chrome\\Application\\chrome.exe","args":["--start-maximized"]}},"logLevel":"warn","connectionRetryTimeout":120000,"connectionRetryCount":3,"logLevels":{},"enableDirectConnect":true,"strictSSL":true,"_":"65 more keys: [\"cacheDir\",\"port\",\"requestedCapabilities\",\"automationProtocol\",\"baseUrl\",\"waitforInterval\",\"waitforTimeout\",\"onReload\",\"beforeCommand\",\"afterCommand\",\"rootDir\",\"specs\",\"suites\",\"exclude\",\"groupLogsByTestSpec\",\"excludeDriverLogs\",\"bail\",\"framework\",\"reporters\",\"services\",\"maxInstances\",\"maxInstancesPerCapability\",\"injectGlobals\",\"filesToWatch\",\"execArgv\",\"runnerEnv\",\"runner\",\"shard\",\"specFileRetries\",\"specFileRetriesDelay\",\"specFileRetriesDeferred\",\"reporterSyncInterval\",\"reporterSyncTimeout\",\"cucumberFeaturesWithLineNumbers\",\"autoCompileOpts\",\"mochaOpts\",\"jasmineOpts\",\"cucumberOpts\",\"onPrepare\",\"onWorkerStart\",\"onWorkerEnd\",\"before\",\"beforeSession\",\"beforeSuite\",\"beforeHook\",\"beforeTest\",\"afterTest\",\"afterHook\",\"afterSuite\",\"afterSession\",\"after\",\"onComplete\",\"beforeAssertion\",\"afterAssertion\",\"beforeFeature\",\"beforeScenario\",\"beforeStep\",\"afterStep\",\"afterScenario\",\"afterFeature\",\"_\",\"suite\",\"$0\",\"ignoredWorkerServices\",\"wdi5\"]"}]}
RESULT: {"script":"<script> [2342 bytes]","args":[{"protocol":"http","hostname":"0.0.0.0","path":"/","capabilities":{"browserName":"chrome","goog:chromeOptions":{"binary":"C:\\Program Files\\Google\\Chrome\\Application\\chrome.exe","args":["--start-maximized"]}},"logLevel":"warn","connectionRetryTimeout":120000,"connectionRetryCount":3,"logLevels":{},"enableDirectConnect":true,"strictSSL":true,"_":"65 more keys: [\"cacheDir\",\"port\",\"requestedCapabilities\",\"automationProtocol\",\"baseUrl\",\"waitforInterval\",\"waitforTimeout\",\"onReload\",\"beforeCommand\",\"afterCommand\",\"rootDir\",\"specs\",\"suites\",\"exclude\",\"groupLogsByTestSpec\",\"excludeDriverLogs\",\"bail\",\"framework\",\"reporters\",\"services\",\"maxInstances\",\"maxInstancesPerCapability\",\"injectGlobals\",\"filesToWatch\",\"execArgv\",\"runnerEnv\",\"runner\",\"shard\",\"specFileRetries\",\"specFileRetriesDelay\",\"specFileRetriesDeferred\",\"reporterSyncInterval\",\"reporterSyncTimeout\",\"cucumberFeaturesWithLineNumbers\",\"autoCompileOpts\",\"mochaOpts\",\"jasmineOpts\",\"cucumberOpts\",\"onPrepare\",\"onWorkerStart\",\"onWorkerEnd\",\"before\",\"beforeSession\",\"beforeSuite\",\"beforeHook\",\"beforeTest\",\"afterTest\",\"afterHook\",\"afterSuite\",\"afterSession\",\"after\",\"onComplete\",\"beforeAssertion\",\"afterAssertion\",\"beforeFeature\",\"beforeScenario\",\"beforeStep\",\"afterStep\",\"afterScenario\",\"afterFeature\",\"_\",\"suite\",\"$0\",\"ignoredWorkerServices\",\"wdi5\"]"}]}
COMMAND: POST /session/0140d377bb50cef00459d42e723e3497/execute/async - {"script":"<script> [21126 bytes]","args":[35000]}
RESULT: {"script":"<script> [21126 bytes]","args":[35000]}
]]></system-out>
    </testcase>
    <testcase classname="chrome.136_0_7103_93.windows.Reserve/Unreserve_request_item_via_reserve_option_US139161" name="Should create a new request with a catalog item that can be planned" time="175.47">
      <system-out><![CDATA[
COMMAND: POST /session/0140d377bb50cef00459d42e723e3497/execute/async - {"script":"<script> [1562 bytes]","args":[{"selector":{"controlType":"sap.m.GenericTile","properties":{"header":"Manage Requests"}},"wdio_ui5_key":"sapm.GenericTile{\"header\":\"Manage Requests\"}"}]}
RESULT: {"script":"<script> [1562 bytes]","args":[{"selector":{"controlType":"sap.m.GenericTile","properties":{"header":"Manage Requests"}},"wdio_ui5_key":"sapm.GenericTile{\"header\":\"Manage Requests\"}"}]}
RESULT: undefined
COMMAND: POST /session/0140d377bb50cef00459d42e723e3497/element - {"using":"xpath","value":"//*[@id=\"__tile47\"]"}
RESULT: {"using":"xpath","value":"//*[@id=\"__tile47\"]"}
COMMAND: POST /session/0140d377bb50cef00459d42e723e3497/element/f.F6BB02432D8D97F36D378B59895A9F69.d.2FC228B22C6F49B2D02AEC8F00203126.e.9186/click - {}
RESULT: {}
COMMAND: GET /session/0140d377bb50cef00459d42e723e3497/screenshot - {}
RESULT: {}
COMMAND: POST /session/0140d377bb50cef00459d42e723e3497/elements - {"using":"xpath","value":"//span[text()='Error']"}
RESULT: {"using":"xpath","value":"//span[text()='Error']"}
COMMAND: POST /session/0140d377bb50cef00459d42e723e3497/element - {"using":"xpath","value":"//button[contains(@data-kt ,\"btnCreateNewOverflowToolbarButton\")]"}
COMMAND: POST /session/0140d377bb50cef00459d42e723e3497/element - {"using":"xpath","value":"(//span[contains(@class ,\"sapMObjStatusText\")])[1]"}
RESULT: {"using":"xpath","value":"//button[contains(@data-kt ,\"btnCreateNewOverflowToolbarButton\")]"}
COMMAND: POST /session/0140d377bb50cef00459d42e723e3497/element/f.F6BB02432D8D97F36D378B59895A9F69.d.2FC228B22C6F49B2D02AEC8F00203126.e.9242/click - {}
RESULT: {"using":"xpath","value":"(//span[contains(@class ,\"sapMObjStatusText\")])[1]"}
COMMAND: POST /session/0140d377bb50cef00459d42e723e3497/execute/sync - {"script":"<script> [8489 bytes]","args":[{"element-6066-11e4-a52e-4f735466cecf":"f.F6BB02432D8D97F36D378B59895A9F69.d.2FC228B22C6F49B2D02AEC8F00203126.e.9285","ELEMENT":"f.F6BB02432D8D97F36D378B59895A9F69.d.2FC228B22C6F49B2D02AEC8F00203126.e.9285"}]}
RESULT: {}
COMMAND: GET /session/0140d377bb50cef00459d42e723e3497/screenshot - {}
RESULT: {"script":"<script> [8489 bytes]","args":[{"element-6066-11e4-a52e-4f735466cecf":"f.F6BB02432D8D97F36D378B59895A9F69.d.2FC228B22C6F49B2D02AEC8F00203126.e.9285","ELEMENT":"f.F6BB02432D8D97F36D378B59895A9F69.d.2FC228B22C6F49B2D02AEC8F00203126.e.9285"}]}
COMMAND: GET /session/0140d377bb50cef00459d42e723e3497/screenshot - {}
RESULT: {}
RESULT: {}
COMMAND: POST /session/0140d377bb50cef00459d42e723e3497/element - {"using":"xpath","value":"//input[contains(@id ,\"yardId-inner\")]"}
RESULT: {"using":"xpath","value":"//input[contains(@id ,\"yardId-inner\")]"}
COMMAND: POST /session/0140d377bb50cef00459d42e723e3497/execute/sync - {"script":"<script> [8489 bytes]","args":[{"element-6066-11e4-a52e-4f735466cecf":"f.F6BB02432D8D97F36D378B59895A9F69.d.2FC228B22C6F49B2D02AEC8F00203126.e.9387","ELEMENT":"f.F6BB02432D8D97F36D378B59895A9F69.d.2FC228B22C6F49B2D02AEC8F00203126.e.9387"}]}
RESULT: {"script":"<script> [8489 bytes]","args":[{"element-6066-11e4-a52e-4f735466cecf":"f.F6BB02432D8D97F36D378B59895A9F69.d.2FC228B22C6F49B2D02AEC8F00203126.e.9387","ELEMENT":"f.F6BB02432D8D97F36D378B59895A9F69.d.2FC228B22C6F49B2D02AEC8F00203126.e.9387"}]}
COMMAND: POST /session/0140d377bb50cef00459d42e723e3497/element - {"using":"xpath","value":"//input[contains(@id ,\"yardId-inner\")]"}
COMMAND: GET /session/0140d377bb50cef00459d42e723e3497/screenshot - {}
RESULT: {"using":"xpath","value":"//input[contains(@id ,\"yardId-inner\")]"}
COMMAND: GET /session/0140d377bb50cef00459d42e723e3497/element/f.F6BB02432D8D97F36D378B59895A9F69.d.2FC228B22C6F49B2D02AEC8F00203126.e.9387/enabled - {}
RESULT: {}
RESULT: {}
COMMAND: POST /session/0140d377bb50cef00459d42e723e3497/element/f.F6BB02432D8D97F36D378B59895A9F69.d.2FC228B22C6F49B2D02AEC8F00203126.e.9387/clear - {}
COMMAND: GET /session/0140d377bb50cef00459d42e723e3497/screenshot - {}
RESULT: {}
COMMAND: POST /session/0140d377bb50cef00459d42e723e3497/element/f.F6BB02432D8D97F36D378B59895A9F69.d.2FC228B22C6F49B2D02AEC8F00203126.e.9387/value - {"text":"WebdriverYard1mlab"}
COMMAND: GET /session/0140d377bb50cef00459d42e723e3497/screenshot - {}
RESULT: {}
RESULT: {"text":"WebdriverYard1mlab"}
COMMAND: GET /session/0140d377bb50cef00459d42e723e3497/screenshot - {}
RESULT: {}
RESULT: {}
COMMAND: POST /session/0140d377bb50cef00459d42e723e3497/element - {"using":"xpath","value":"//input[contains(@id ,\"customerNumber-inner\")]"}
RESULT: {"using":"xpath","value":"//input[contains(@id ,\"customerNumber-inner\")]"}
COMMAND: POST /session/0140d377bb50cef00459d42e723e3497/element/f.F6BB02432D8D97F36D378B59895A9F69.d.2FC228B22C6F49B2D02AEC8F00203126.e.9381/value - {"text":"WebdriverPartneryg097"}
COMMAND: POST /session/0140d377bb50cef00459d42e723e3497/actions - {"actions":[{"id":"action64","type":"key","parameters":{},"actions":[{"type":"keyDown","value":""},{"type":"pause","duration":10},{"type":"keyUp","value":""}]}]}
RESULT: {"actions":[{"id":"action64","type":"key","parameters":{},"actions":[{"type":"keyDown","value":""},{"type":"pause","duration":10},{"type":"keyUp","value":""}]}]}
COMMAND: GET /session/0140d377bb50cef00459d42e723e3497/screenshot - {}
RESULT: {"text":"WebdriverPartneryg097"}
COMMAND: GET /session/0140d377bb50cef00459d42e723e3497/screenshot - {}
RESULT: {}
RESULT: {}
COMMAND: POST /session/0140d377bb50cef00459d42e723e3497/actions - {"actions":[{"id":"action65","type":"key","parameters":{},"actions":[{"type":"keyDown","value":""},{"type":"pause","duration":10},{"type":"keyUp","value":""}]}]}
RESULT: {"actions":[{"id":"action65","type":"key","parameters":{},"actions":[{"type":"keyDown","value":""},{"type":"pause","duration":10},{"type":"keyUp","value":""}]}]}
COMMAND: GET /session/0140d377bb50cef00459d42e723e3497/screenshot - {}
RESULT: {}
COMMAND: GET /session/0140d377bb50cef00459d42e723e3497/element/f.F6BB02432D8D97F36D378B59895A9F69.d.2FC228B22C6F49B2D02AEC8F00203126.e.9381/property/value - {}
RESULT: {}
COMMAND: POST /session/0140d377bb50cef00459d42e723e3497/element/f.F6BB02432D8D97F36D378B59895A9F69.d.2FC228B22C6F49B2D02AEC8F00203126.e.9381/value - {"text":"WebdriverPartneryg097"}
COMMAND: GET /session/0140d377bb50cef00459d42e723e3497/screenshot - {}
RESULT: {"text":"WebdriverPartneryg097"}
COMMAND: GET /session/0140d377bb50cef00459d42e723e3497/screenshot - {}
RESULT: {}
RESULT: {}
COMMAND: POST /session/0140d377bb50cef00459d42e723e3497/actions - {"actions":[{"id":"action66","type":"key","parameters":{},"actions":[{"type":"keyDown","value":""},{"type":"pause","duration":10},{"type":"keyUp","value":""}]}]}
RESULT: {"actions":[{"id":"action66","type":"key","parameters":{},"actions":[{"type":"keyDown","value":""},{"type":"pause","duration":10},{"type":"keyUp","value":""}]}]}
COMMAND: GET /session/0140d377bb50cef00459d42e723e3497/screenshot - {}
RESULT: {}
COMMAND: POST /session/0140d377bb50cef00459d42e723e3497/element - {"using":"xpath","value":"//input[contains(@id ,\"requestSiteId-inner\")]"}
RESULT: {"using":"xpath","value":"//input[contains(@id ,\"requestSiteId-inner\")]"}
COMMAND: POST /session/0140d377bb50cef00459d42e723e3497/element/f.F6BB02432D8D97F36D378B59895A9F69.d.2FC228B22C6F49B2D02AEC8F00203126.e.9380/value - {"text":"WebdriverSite46gcbi"}
RESULT: {"text":"WebdriverSite46gcbi"}
COMMAND: GET /session/0140d377bb50cef00459d42e723e3497/screenshot - {}
RESULT: {}
COMMAND: POST /session/0140d377bb50cef00459d42e723e3497/actions - {"actions":[{"id":"action67","type":"key","parameters":{},"actions":[{"type":"keyDown","value":""},{"type":"pause","duration":10},{"type":"keyUp","value":""}]}]}
RESULT: {"actions":[{"id":"action67","type":"key","parameters":{},"actions":[{"type":"keyDown","value":""},{"type":"pause","duration":10},{"type":"keyUp","value":""}]}]}
COMMAND: GET /session/0140d377bb50cef00459d42e723e3497/screenshot - {}
RESULT: {}
COMMAND: POST /session/0140d377bb50cef00459d42e723e3497/element - {"using":"xpath","value":"//button[contains(@data-kt ,\"requestItemAddOverflowToolbarButton\")]"}
RESULT: {"using":"xpath","value":"//button[contains(@data-kt ,\"requestItemAddOverflowToolbarButton\")]"}
COMMAND: POST /session/0140d377bb50cef00459d42e723e3497/element/f.F6BB02432D8D97F36D378B59895A9F69.d.2FC228B22C6F49B2D02AEC8F00203126.e.9533/click - {}
RESULT: {}
COMMAND: GET /session/0140d377bb50cef00459d42e723e3497/screenshot - {}
RESULT: {}
COMMAND: POST /session/0140d377bb50cef00459d42e723e3497/actions - {"actions":[{"id":"action68","type":"key","parameters":{},"actions":[{"type":"keyDown","value":""},{"type":"pause","duration":10},{"type":"keyUp","value":""}]}]}
RESULT: {"actions":[{"id":"action68","type":"key","parameters":{},"actions":[{"type":"keyDown","value":""},{"type":"pause","duration":10},{"type":"keyUp","value":""}]}]}
COMMAND: POST /session/0140d377bb50cef00459d42e723e3497/actions - {"actions":[{"id":"action69","type":"key","parameters":{},"actions":[{"type":"keyDown","value":""},{"type":"pause","duration":10},{"type":"keyUp","value":""}]}]}
COMMAND: GET /session/0140d377bb50cef00459d42e723e3497/screenshot - {}
RESULT: {"actions":[{"id":"action69","type":"key","parameters":{},"actions":[{"type":"keyDown","value":""},{"type":"pause","duration":10},{"type":"keyUp","value":""}]}]}
COMMAND: POST /session/0140d377bb50cef00459d42e723e3497/element - {"using":"xpath","value":"(//input[contains(@id ,\"requestItemsTable-0-inner\")])[1]"}
COMMAND: GET /session/0140d377bb50cef00459d42e723e3497/screenshot - {}
RESULT: {}
RESULT: {"using":"xpath","value":"(//input[contains(@id ,\"requestItemsTable-0-inner\")])[1]"}
COMMAND: POST /session/0140d377bb50cef00459d42e723e3497/element/f.F6BB02432D8D97F36D378B59895A9F69.d.2FC228B22C6F49B2D02AEC8F00203126.e.9537/clear - {}
RESULT: {}
RESULT: {}
COMMAND: POST /session/0140d377bb50cef00459d42e723e3497/element/f.F6BB02432D8D97F36D378B59895A9F69.d.2FC228B22C6F49B2D02AEC8F00203126.e.9537/value - {"text":"catalogItemcssu4"}
COMMAND: GET /session/0140d377bb50cef00459d42e723e3497/screenshot - {}
RESULT: {"text":"catalogItemcssu4"}
COMMAND: GET /session/0140d377bb50cef00459d42e723e3497/screenshot - {}
RESULT: {}
RESULT: {}
COMMAND: POST /session/0140d377bb50cef00459d42e723e3497/actions - {"actions":[{"id":"action70","type":"key","parameters":{},"actions":[{"type":"keyDown","value":""},{"type":"pause","duration":10},{"type":"keyUp","value":""}]}]}
RESULT: {"actions":[{"id":"action70","type":"key","parameters":{},"actions":[{"type":"keyDown","value":""},{"type":"pause","duration":10},{"type":"keyUp","value":""}]}]}
COMMAND: GET /session/0140d377bb50cef00459d42e723e3497/screenshot - {}
RESULT: {}
COMMAND: POST /session/0140d377bb50cef00459d42e723e3497/execute/async - {"script":"<script> [1562 bytes]","args":[{"selector":{"controlType":"sap.ui.core.Icon","viewName":"etm.portal.ui.managerequests.view.NewRequest","properties":{"src":{"regex":{"source":"slim\\-arrow\\-down"}}},"ancestor":{"controlType":"sap.m.Button","viewName":"etm.portal.ui.managerequests.view.NewRequest","properties":{"icon":"sap-icon://slim-arrow-down"}}},"wdio_ui5_key":"etmportal.ui.managerequests.view.NewRequestsap.ui.core.Icon{\"src\":{\"regex\":{\"source\":\"slim\\\\-arrow\\\\-down\"}}}{\"controlType\":\"sap.m.Button\",\"viewName\":\"etm.portal.ui.managerequests.view.NewRequest\",\"properties\":{\"icon\":\"sap-icon://slim-arrow-down\"}}"}]}
RESULT: {"script":"<script> [1562 bytes]","args":[{"selector":{"controlType":"sap.ui.core.Icon","viewName":"etm.portal.ui.managerequests.view.NewRequest","properties":{"src":{"regex":{"source":"slim\\-arrow\\-down"}}},"ancestor":{"controlType":"sap.m.Button","viewName":"etm.portal.ui.managerequests.view.NewRequest","properties":{"icon":"sap-icon://slim-arrow-down"}}},"wdio_ui5_key":"etmportal.ui.managerequests.view.NewRequestsap.ui.core.Icon{\"src\":{\"regex\":{\"source\":\"slim\\\\-arrow\\\\-down\"}}}{\"controlType\":\"sap.m.Button\",\"viewName\":\"etm.portal.ui.managerequests.view.NewRequest\",\"properties\":{\"icon\":\"sap-icon://slim-arrow-down\"}}"}]}
RESULT: undefined
COMMAND: POST /session/0140d377bb50cef00459d42e723e3497/element - {"using":"xpath","value":"//div[contains(@data-kt ,\"splitAllocationObjectStatus\")]"}
RESULT: {"using":"xpath","value":"//div[contains(@data-kt ,\"splitAllocationObjectStatus\")]"}
COMMAND: POST /session/0140d377bb50cef00459d42e723e3497/elements - {"using":"xpath","value":"//div[contains(@data-kt ,\"splitAllocationObjectStatus\")]"}
RESULT: {"using":"xpath","value":"//div[contains(@data-kt ,\"splitAllocationObjectStatus\")]"}
COMMAND: POST /session/0140d377bb50cef00459d42e723e3497/execute/async - {"script":"<script> [1562 bytes]","args":[{"selector":{"controlType":"sap.ui.core.Icon","viewName":"etm.portal.ui.managerequests.view.NewRequest","properties":{"src":{"regex":{"source":"message\\-error"}}}},"wdio_ui5_key":"etmportal.ui.managerequests.view.NewRequestsap.ui.core.Icon{\"src\":{\"regex\":{\"source\":\"message\\\\-error\"}}}"}]}
RESULT: {"script":"<script> [1562 bytes]","args":[{"selector":{"controlType":"sap.ui.core.Icon","viewName":"etm.portal.ui.managerequests.view.NewRequest","properties":{"src":{"regex":{"source":"message\\-error"}}}},"wdio_ui5_key":"etmportal.ui.managerequests.view.NewRequestsap.ui.core.Icon{\"src\":{\"regex\":{\"source\":\"message\\\\-error\"}}}"}]}
RESULT: undefined
COMMAND: POST /session/0140d377bb50cef00459d42e723e3497/element - {"using":"xpath","value":"//*[@id=\"__status4-__xmlview59--requestItemsTable-0-icon\"]"}
RESULT: {"using":"xpath","value":"//*[@id=\"__status4-__xmlview59--requestItemsTable-0-icon\"]"}
COMMAND: POST /session/0140d377bb50cef00459d42e723e3497/element/f.F6BB02432D8D97F36D378B59895A9F69.d.2FC228B22C6F49B2D02AEC8F00203126.e.9552/click - {}
RESULT: {}
COMMAND: POST /session/0140d377bb50cef00459d42e723e3497/execute/async - {"script":"<script> [1562 bytes]","args":[{"selector":{"controlType":"sap.ui.core.Icon","viewName":"etm.portal.ui.managerequests.view.NewRequest","properties":{"src":{"regex":{"source":"slim\\-arrow\\-down"}}},"searchOpenDialogs":true,"ancestor":{"id":"costObjectAdminTypeComboBox","viewName":"etm.portal.ui.managerequests.view.NewRequest","searchOpenDialogs":true}},"wdio_ui5_key":"etmportal.ui.managerequests.view.NewRequestsap.ui.core.Icon{\"src\":{\"regex\":{\"source\":\"slim\\\\-arrow\\\\-down\"}}}{\"id\":\"costObjectAdminTypeComboBox\",\"viewName\":\"etm.portal.ui.managerequests.view.NewRequest\",\"searchOpenDialogs\":true}"}]}
COMMAND: GET /session/0140d377bb50cef00459d42e723e3497/screenshot - {}
RESULT: {"script":"<script> [1562 bytes]","args":[{"selector":{"controlType":"sap.ui.core.Icon","viewName":"etm.portal.ui.managerequests.view.NewRequest","properties":{"src":{"regex":{"source":"slim\\-arrow\\-down"}}},"searchOpenDialogs":true,"ancestor":{"id":"costObjectAdminTypeComboBox","viewName":"etm.portal.ui.managerequests.view.NewRequest","searchOpenDialogs":true}},"wdio_ui5_key":"etmportal.ui.managerequests.view.NewRequestsap.ui.core.Icon{\"src\":{\"regex\":{\"source\":\"slim\\\\-arrow\\\\-down\"}}}{\"id\":\"costObjectAdminTypeComboBox\",\"viewName\":\"etm.portal.ui.managerequests.view.NewRequest\",\"searchOpenDialogs\":true}"}]}
RESULT: undefined
COMMAND: POST /session/0140d377bb50cef00459d42e723e3497/element - {"using":"xpath","value":"//*[@id=\"__xmlview59--costObjectAdminTypeComboBox-arrow\"]"}
RESULT: {}
RESULT: {"using":"xpath","value":"//*[@id=\"__xmlview59--costObjectAdminTypeComboBox-arrow\"]"}
COMMAND: POST /session/0140d377bb50cef00459d42e723e3497/element/f.F6BB02432D8D97F36D378B59895A9F69.d.2FC228B22C6F49B2D02AEC8F00203126.e.9557/click - {}
RESULT: {}
COMMAND: POST /session/0140d377bb50cef00459d42e723e3497/execute/async - {"script":"<script> [1562 bytes]","args":[{"selector":{"controlType":"sap.m.StandardListItem","viewName":"etm.portal.ui.managerequests.view.NewRequest","properties":{"title":"Cost Center"},"searchOpenDialogs":true,"interaction":{"idSuffix":"titleText"}},"wdio_ui5_key":"etmportal.ui.managerequests.view.NewRequestsap.m.StandardListItem{\"title\":\"Cost Center\"}"}]}
COMMAND: GET /session/0140d377bb50cef00459d42e723e3497/screenshot - {}
RESULT: {"script":"<script> [1562 bytes]","args":[{"selector":{"controlType":"sap.m.StandardListItem","viewName":"etm.portal.ui.managerequests.view.NewRequest","properties":{"title":"Cost Center"},"searchOpenDialogs":true,"interaction":{"idSuffix":"titleText"}},"wdio_ui5_key":"etmportal.ui.managerequests.view.NewRequestsap.m.StandardListItem{\"title\":\"Cost Center\"}"}]}
RESULT: undefined
COMMAND: POST /session/0140d377bb50cef00459d42e723e3497/element - {"using":"xpath","value":"//*[@id=\"__item739\"]"}
RESULT: {}
RESULT: {"using":"xpath","value":"//*[@id=\"__item739\"]"}
COMMAND: POST /session/0140d377bb50cef00459d42e723e3497/element/f.F6BB02432D8D97F36D378B59895A9F69.d.2FC228B22C6F49B2D02AEC8F00203126.e.9559/click - {}
RESULT: {}
COMMAND: GET /session/0140d377bb50cef00459d42e723e3497/screenshot - {}
RESULT: {}
COMMAND: POST /session/0140d377bb50cef00459d42e723e3497/execute/async - {"script":"<script> [1562 bytes]","args":[{"selector":{"controlType":"sap.ui.core.Icon","viewName":"etm.portal.ui.managerequests.view.NewRequest","properties":{"src":{"regex":{"source":"value\\-help"}}},"searchOpenDialogs":true},"wdio_ui5_key":"etmportal.ui.managerequests.view.NewRequestsap.ui.core.Icon{\"src\":{\"regex\":{\"source\":\"value\\\\-help\"}}}"}]}
RESULT: {"script":"<script> [1562 bytes]","args":[{"selector":{"controlType":"sap.ui.core.Icon","viewName":"etm.portal.ui.managerequests.view.NewRequest","properties":{"src":{"regex":{"source":"value\\-help"}}},"searchOpenDialogs":true},"wdio_ui5_key":"etmportal.ui.managerequests.view.NewRequestsap.ui.core.Icon{\"src\":{\"regex\":{\"source\":\"value\\\\-help\"}}}"}]}
RESULT: undefined
COMMAND: POST /session/0140d377bb50cef00459d42e723e3497/element - {"using":"xpath","value":"//*[@id=\"__xmlview59--costObjectIdComboBox-vhi\"]"}
RESULT: {"using":"xpath","value":"//*[@id=\"__xmlview59--costObjectIdComboBox-vhi\"]"}
COMMAND: POST /session/0140d377bb50cef00459d42e723e3497/element/f.F6BB02432D8D97F36D378B59895A9F69.d.2FC228B22C6F49B2D02AEC8F00203126.e.9567/click - {}
RESULT: {}
COMMAND: POST /session/0140d377bb50cef00459d42e723e3497/execute/async - {"script":"<script> [1562 bytes]","args":[{"selector":{"controlType":"sap.m.SearchField","properties":{"placeholder":"Search"},"searchOpenDialogs":true,"interaction":{"idSuffix":"I"}},"wdio_ui5_key":"sapm.SearchField{\"placeholder\":\"Search\"}"}]}
COMMAND: GET /session/0140d377bb50cef00459d42e723e3497/screenshot - {}
RESULT: {"script":"<script> [1562 bytes]","args":[{"selector":{"controlType":"sap.m.SearchField","properties":{"placeholder":"Search"},"searchOpenDialogs":true,"interaction":{"idSuffix":"I"}},"wdio_ui5_key":"sapm.SearchField{\"placeholder\":\"Search\"}"}]}
RESULT: undefined
COMMAND: POST /session/0140d377bb50cef00459d42e723e3497/execute/async - {"script":"<script> [776 bytes]","args":[{"enterText":"10001010","selector":{"controlType":"sap.m.SearchField","properties":{"placeholder":"Search"},"searchOpenDialogs":true,"interaction":{"idSuffix":"I"}},"clearTextFirst":true,"interactionType":"ENTER_TEXT"}]}
RESULT: {}
RESULT: {"script":"<script> [776 bytes]","args":[{"enterText":"10001010","selector":{"controlType":"sap.m.SearchField","properties":{"placeholder":"Search"},"searchOpenDialogs":true,"interaction":{"idSuffix":"I"}},"clearTextFirst":true,"interactionType":"ENTER_TEXT"}]}
COMMAND: POST /session/0140d377bb50cef00459d42e723e3497/actions - {"actions":[{"id":"action71","type":"key","parameters":{},"actions":[{"type":"keyDown","value":""},{"type":"pause","duration":10},{"type":"keyUp","value":""}]}]}
RESULT: {"actions":[{"id":"action71","type":"key","parameters":{},"actions":[{"type":"keyDown","value":""},{"type":"pause","duration":10},{"type":"keyUp","value":""}]}]}
COMMAND: GET /session/0140d377bb50cef00459d42e723e3497/screenshot - {}
RESULT: {}
COMMAND: POST /session/0140d377bb50cef00459d42e723e3497/execute/async - {"script":"<script> [1562 bytes]","args":[{"selector":{"controlType":"sap.m.Text","bindingPath":{"path":"/C_CostCtrValueHelp(CostCenter='10001010',ControllingArea='Z001')","propertyPath":"CostCenterName","modelName":"CostCenterModel"},"searchOpenDialogs":true},"wdio_ui5_key":"sapm.Text{\"path\":\"/C_CostCtrValueHelp(CostCenter='10001010',ControllingArea='Z001')\",\"propertyPath\":\"CostCenterName\",\"modelName\":\"CostCenterModel\"}"}]}
RESULT: {"script":"<script> [1562 bytes]","args":[{"selector":{"controlType":"sap.m.Text","bindingPath":{"path":"/C_CostCtrValueHelp(CostCenter='10001010',ControllingArea='Z001')","propertyPath":"CostCenterName","modelName":"CostCenterModel"},"searchOpenDialogs":true},"wdio_ui5_key":"sapm.Text{\"path\":\"/C_CostCtrValueHelp(CostCenter='10001010',ControllingArea='Z001')\",\"propertyPath\":\"CostCenterName\",\"modelName\":\"CostCenterModel\"}"}]}
RESULT: undefined
COMMAND: POST /session/0140d377bb50cef00459d42e723e3497/element - {"using":"xpath","value":"//*[@id=\"__text291-__clone877\"]"}
RESULT: {"using":"xpath","value":"//*[@id=\"__text291-__clone877\"]"}
COMMAND: POST /session/0140d377bb50cef00459d42e723e3497/element/f.F6BB02432D8D97F36D378B59895A9F69.d.2FC228B22C6F49B2D02AEC8F00203126.e.9607/click - {}
RESULT: {}
COMMAND: POST /session/0140d377bb50cef00459d42e723e3497/execute/async - {"script":"<script> [1562 bytes]","args":[{"selector":{"controlType":"sap.m.Button","properties":{"text":"OK"},"searchOpenDialogs":true,"interaction":{"idSuffix":"BDI-content"}},"wdio_ui5_key":"sapm.Button{\"text\":\"OK\"}"}]}
COMMAND: GET /session/0140d377bb50cef00459d42e723e3497/screenshot - {}
RESULT: {}
RESULT: {"script":"<script> [1562 bytes]","args":[{"selector":{"controlType":"sap.m.Button","properties":{"text":"OK"},"searchOpenDialogs":true,"interaction":{"idSuffix":"BDI-content"}},"wdio_ui5_key":"sapm.Button{\"text\":\"OK\"}"}]}
RESULT: undefined
COMMAND: POST /session/0140d377bb50cef00459d42e723e3497/element - {"using":"xpath","value":"//*[@id=\"__dialog1-ok\"]"}
RESULT: {"using":"xpath","value":"//*[@id=\"__dialog1-ok\"]"}
COMMAND: POST /session/0140d377bb50cef00459d42e723e3497/element/f.F6BB02432D8D97F36D378B59895A9F69.d.2FC228B22C6F49B2D02AEC8F00203126.e.9609/click - {}
RESULT: {}
COMMAND: GET /session/0140d377bb50cef00459d42e723e3497/screenshot - {}
RESULT: {}
COMMAND: POST /session/0140d377bb50cef00459d42e723e3497/execute/async - {"script":"<script> [1562 bytes]","args":[{"selector":{"controlType":"sap.m.Button","viewName":"etm.portal.ui.managerequests.view.NewRequest","i18NText":{"propertyName":"text","key":"save"},"searchOpenDialogs":true,"interaction":{"idSuffix":"BDI-content"}},"wdio_ui5_key":"etmportal.ui.managerequests.view.NewRequestsap.m.Button{\"propertyName\":\"text\",\"key\":\"save\"}"}]}
RESULT: {"script":"<script> [1562 bytes]","args":[{"selector":{"controlType":"sap.m.Button","viewName":"etm.portal.ui.managerequests.view.NewRequest","i18NText":{"propertyName":"text","key":"save"},"searchOpenDialogs":true,"interaction":{"idSuffix":"BDI-content"}},"wdio_ui5_key":"etmportal.ui.managerequests.view.NewRequestsap.m.Button{\"propertyName\":\"text\",\"key\":\"save\"}"}]}
RESULT: undefined
COMMAND: POST /session/0140d377bb50cef00459d42e723e3497/element - {"using":"xpath","value":"//*[@id=\"__button24\"]"}
RESULT: {"using":"xpath","value":"//*[@id=\"__button24\"]"}
COMMAND: POST /session/0140d377bb50cef00459d42e723e3497/element/f.F6BB02432D8D97F36D378B59895A9F69.d.2FC228B22C6F49B2D02AEC8F00203126.e.9613/click - {}
RESULT: {}
COMMAND: GET /session/0140d377bb50cef00459d42e723e3497/screenshot - {}
RESULT: {}
COMMAND: POST /session/0140d377bb50cef00459d42e723e3497/element - {"using":"xpath","value":"(//bdi[contains(text() ,\"Save\")])[1]"}
RESULT: {"using":"xpath","value":"(//bdi[contains(text() ,\"Save\")])[1]"}
COMMAND: POST /session/0140d377bb50cef00459d42e723e3497/element/f.F6BB02432D8D97F36D378B59895A9F69.d.2FC228B22C6F49B2D02AEC8F00203126.e.9615/click - {}
RESULT: {}
COMMAND: GET /session/0140d377bb50cef00459d42e723e3497/screenshot - {}
RESULT: {}
COMMAND: POST /session/0140d377bb50cef00459d42e723e3497/execute/async - {"script":"<script> [1562 bytes]","args":[{"selector":{"controlType":"sap.m.Title","properties":{"text":"Success"},"searchOpenDialogs":true},"wdio_ui5_key":"sapm.Title{\"text\":\"Success\"}"}]}
RESULT: {"script":"<script> [1562 bytes]","args":[{"selector":{"controlType":"sap.m.Title","properties":{"text":"Success"},"searchOpenDialogs":true},"wdio_ui5_key":"sapm.Title{\"text\":\"Success\"}"}]}
RESULT: undefined
COMMAND: POST /session/0140d377bb50cef00459d42e723e3497/execute/async - {"script":"<script> [6424 bytes]","args":[{"element-6066-11e4-a52e-4f735466cecf":"f.F6BB02432D8D97F36D378B59895A9F69.d.2FC228B22C6F49B2D02AEC8F00203126.e.9619"},"getText",[]]}
RESULT: {"script":"<script> [6424 bytes]","args":[{"element-6066-11e4-a52e-4f735466cecf":"f.F6BB02432D8D97F36D378B59895A9F69.d.2FC228B22C6F49B2D02AEC8F00203126.e.9619"},"getText",[]]}
COMMAND: POST /session/0140d377bb50cef00459d42e723e3497/execute/async - {"script":"<script> [1562 bytes]","args":[{"selector":{"controlType":"sap.m.Button","properties":{"text":"Close"},"searchOpenDialogs":true,"interaction":{"idSuffix":"BDI-content"}},"wdio_ui5_key":"sapm.Button{\"text\":\"Close\"}"}]}
RESULT: {"script":"<script> [1562 bytes]","args":[{"selector":{"controlType":"sap.m.Button","properties":{"text":"Close"},"searchOpenDialogs":true,"interaction":{"idSuffix":"BDI-content"}},"wdio_ui5_key":"sapm.Button{\"text\":\"Close\"}"}]}
RESULT: undefined
COMMAND: POST /session/0140d377bb50cef00459d42e723e3497/element - {"using":"xpath","value":"//*[@id=\"__mbox-btn-0\"]"}
RESULT: {"using":"xpath","value":"//*[@id=\"__mbox-btn-0\"]"}
COMMAND: POST /session/0140d377bb50cef00459d42e723e3497/element/f.F6BB02432D8D97F36D378B59895A9F69.d.2FC228B22C6F49B2D02AEC8F00203126.e.9618/click - {}
RESULT: {}
COMMAND: GET /session/0140d377bb50cef00459d42e723e3497/screenshot - {}
RESULT: {}
]]></system-out>
    </testcase>
    <testcase classname="chrome.136_0_7103_93.windows.Reserve/Unreserve_request_item_via_reserve_option_US139161" name="Should navigate to planning board and reserve the resource" time="90.637">
      <system-out><![CDATA[
COMMAND: POST /session/0140d377bb50cef00459d42e723e3497/execute/async - {"script":"<script> [1562 bytes]","args":[{"selector":{"controlType":"sap.m.Button","viewName":"etm.portal.ui.managerequests.view.Detail","i18NText":{"propertyName":"text","key":"planningSituation"},"interaction":{"idSuffix":"BDI-content"}},"wdio_ui5_key":"etmportal.ui.managerequests.view.Detailsap.m.Button{\"propertyName\":\"text\",\"key\":\"planningSituation\"}"}]}
RESULT: {"script":"<script> [1562 bytes]","args":[{"selector":{"controlType":"sap.m.Button","viewName":"etm.portal.ui.managerequests.view.Detail","i18NText":{"propertyName":"text","key":"planningSituation"},"interaction":{"idSuffix":"BDI-content"}},"wdio_ui5_key":"etmportal.ui.managerequests.view.Detailsap.m.Button{\"propertyName\":\"text\",\"key\":\"planningSituation\"}"}]}
RESULT: undefined
COMMAND: POST /session/0140d377bb50cef00459d42e723e3497/element - {"using":"xpath","value":"//*[@id=\"__button27\"]"}
RESULT: {"using":"xpath","value":"//*[@id=\"__button27\"]"}
COMMAND: POST /session/0140d377bb50cef00459d42e723e3497/element/f.F6BB02432D8D97F36D378B59895A9F69.d.2FC228B22C6F49B2D02AEC8F00203126.e.9644/click - {}
RESULT: {}
COMMAND: GET /session/0140d377bb50cef00459d42e723e3497/screenshot - {}
RESULT: {}
COMMAND: POST /session/0140d377bb50cef00459d42e723e3497/element - {"using":"xpath","value":"(//span[contains(@title ,\"WebdriverYard1mlab\")])[1]"}
RESULT: {"using":"xpath","value":"(//span[contains(@title ,\"WebdriverYard1mlab\")])[1]"}
COMMAND: POST /session/0140d377bb50cef00459d42e723e3497/elements - {"using":"xpath","value":"(//span[contains(@title ,\"WebdriverYard1mlab\")])[1]"}
RESULT: {"using":"xpath","value":"(//span[contains(@title ,\"WebdriverYard1mlab\")])[1]"}
COMMAND: POST /session/0140d377bb50cef00459d42e723e3497/elements - {"using":"xpath","value":"(//span[contains(@title ,\"WebdriverYard1mlab\")])[1]"}
RESULT: {"using":"xpath","value":"(//span[contains(@title ,\"WebdriverYard1mlab\")])[1]"}
COMMAND: POST /session/0140d377bb50cef00459d42e723e3497/elements - {"using":"xpath","value":"(//span[contains(@title ,\"WebdriverYard1mlab\")])[1]"}
RESULT: {"using":"xpath","value":"(//span[contains(@title ,\"WebdriverYard1mlab\")])[1]"}
COMMAND: POST /session/0140d377bb50cef00459d42e723e3497/elements - {"using":"xpath","value":"(//span[contains(@title ,\"WebdriverYard1mlab\")])[1]"}
RESULT: {"using":"xpath","value":"(//span[contains(@title ,\"WebdriverYard1mlab\")])[1]"}
COMMAND: POST /session/0140d377bb50cef00459d42e723e3497/elements - {"using":"xpath","value":"(//span[contains(@title ,\"WebdriverYard1mlab\")])[1]"}
RESULT: {"using":"xpath","value":"(//span[contains(@title ,\"WebdriverYard1mlab\")])[1]"}
COMMAND: POST /session/0140d377bb50cef00459d42e723e3497/elements - {"using":"xpath","value":"(//span[contains(@title ,\"WebdriverYard1mlab\")])[1]"}
RESULT: {"using":"xpath","value":"(//span[contains(@title ,\"WebdriverYard1mlab\")])[1]"}
COMMAND: POST /session/0140d377bb50cef00459d42e723e3497/elements - {"using":"xpath","value":"(//span[contains(@title ,\"WebdriverYard1mlab\")])[1]"}
RESULT: {"using":"xpath","value":"(//span[contains(@title ,\"WebdriverYard1mlab\")])[1]"}
COMMAND: POST /session/0140d377bb50cef00459d42e723e3497/elements - {"using":"xpath","value":"(//span[contains(@title ,\"WebdriverYard1mlab\")])[1]"}
RESULT: {"using":"xpath","value":"(//span[contains(@title ,\"WebdriverYard1mlab\")])[1]"}
COMMAND: POST /session/0140d377bb50cef00459d42e723e3497/elements - {"using":"xpath","value":"(//span[contains(@title ,\"WebdriverYard1mlab\")])[1]"}
RESULT: {"using":"xpath","value":"(//span[contains(@title ,\"WebdriverYard1mlab\")])[1]"}
COMMAND: POST /session/0140d377bb50cef00459d42e723e3497/elements - {"using":"xpath","value":"(//span[contains(@title ,\"WebdriverYard1mlab\")])[1]"}
RESULT: {"using":"xpath","value":"(//span[contains(@title ,\"WebdriverYard1mlab\")])[1]"}
COMMAND: POST /session/0140d377bb50cef00459d42e723e3497/elements - {"using":"xpath","value":"(//span[contains(@title ,\"WebdriverYard1mlab\")])[1]"}
RESULT: {"using":"xpath","value":"(//span[contains(@title ,\"WebdriverYard1mlab\")])[1]"}
COMMAND: POST /session/0140d377bb50cef00459d42e723e3497/element - {"using":"xpath","value":"(//span[contains(@title ,\"WebdriverYard1mlab\")])[1]"}
RESULT: {"using":"xpath","value":"(//span[contains(@title ,\"WebdriverYard1mlab\")])[1]"}
COMMAND: POST /session/0140d377bb50cef00459d42e723e3497/execute/sync - {"script":"<script> [8489 bytes]","args":[{"element-6066-11e4-a52e-4f735466cecf":"f.F6BB02432D8D97F36D378B59895A9F69.d.2FC228B22C6F49B2D02AEC8F00203126.e.10090","ELEMENT":"f.F6BB02432D8D97F36D378B59895A9F69.d.2FC228B22C6F49B2D02AEC8F00203126.e.10090"}]}
RESULT: {"script":"<script> [8489 bytes]","args":[{"element-6066-11e4-a52e-4f735466cecf":"f.F6BB02432D8D97F36D378B59895A9F69.d.2FC228B22C6F49B2D02AEC8F00203126.e.10090","ELEMENT":"f.F6BB02432D8D97F36D378B59895A9F69.d.2FC228B22C6F49B2D02AEC8F00203126.e.10090"}]}
COMMAND: POST /session/0140d377bb50cef00459d42e723e3497/element - {"using":"xpath","value":"(//span[contains(@title ,\"WebdriverYard1mlab\")])[1]"}
COMMAND: GET /session/0140d377bb50cef00459d42e723e3497/screenshot - {}
RESULT: {"using":"xpath","value":"(//span[contains(@title ,\"WebdriverYard1mlab\")])[1]"}
COMMAND: POST /session/0140d377bb50cef00459d42e723e3497/actions - {"actions":[{"id":"action72","type":"pointer","parameters":{"pointerType":"mouse"},"actions":[{"type":"pointerMove","button":0,"width":0,"height":0,"pressure":0,"tangentialPressure":0,"tiltX":0,"tiltY":0,"twist":0,"altitudeAngle":0,"_":"5 more keys: [\"azimuthAngle\",\"x\",\"y\",\"duration\",\"origin\"]"},{"type":"pointerDown","button":2,"width":0,"height":0,"pressure":0,"tangentialPressure":0,"tiltX":0,"tiltY":0,"twist":0,"altitudeAngle":0,"_":"1 more keys: [\"azimuthAngle\"]"},{"type":"pointerUp","button":2}]}]}
RESULT: {}
RESULT: {"actions":[{"id":"action72","type":"pointer","parameters":{"pointerType":"mouse"},"actions":[{"type":"pointerMove","button":0,"width":0,"height":0,"pressure":0,"tangentialPressure":0,"tiltX":0,"tiltY":0,"twist":0,"altitudeAngle":0,"_":"5 more keys: [\"azimuthAngle\",\"x\",\"y\",\"duration\",\"origin\"]"},{"type":"pointerDown","button":2,"width":0,"height":0,"pressure":0,"tangentialPressure":0,"tiltX":0,"tiltY":0,"twist":0,"altitudeAngle":0,"_":"1 more keys: [\"azimuthAngle\"]"},{"type":"pointerUp","button":2}]}]}
COMMAND: DELETE /session/0140d377bb50cef00459d42e723e3497/actions - {}
COMMAND: GET /session/0140d377bb50cef00459d42e723e3497/screenshot - {}
RESULT: {}
COMMAND: GET /session/0140d377bb50cef00459d42e723e3497/screenshot - {}
RESULT: {}
RESULT: {}
COMMAND: POST /session/0140d377bb50cef00459d42e723e3497/actions - {"actions":[{"id":"action73","type":"key","parameters":{},"actions":[{"type":"keyDown","value":""},{"type":"pause","duration":10},{"type":"keyUp","value":""}]}]}
RESULT: {"actions":[{"id":"action73","type":"key","parameters":{},"actions":[{"type":"keyDown","value":""},{"type":"pause","duration":10},{"type":"keyUp","value":""}]}]}
COMMAND: GET /session/0140d377bb50cef00459d42e723e3497/screenshot - {}
RESULT: {}
COMMAND: POST /session/0140d377bb50cef00459d42e723e3497/actions - {"actions":[{"id":"action74","type":"key","parameters":{},"actions":[{"type":"keyDown","value":""},{"type":"pause","duration":10},{"type":"keyUp","value":""}]}]}
RESULT: {"actions":[{"id":"action74","type":"key","parameters":{},"actions":[{"type":"keyDown","value":""},{"type":"pause","duration":10},{"type":"keyUp","value":""}]}]}
COMMAND: GET /session/0140d377bb50cef00459d42e723e3497/screenshot - {}
RESULT: {}
COMMAND: POST /session/0140d377bb50cef00459d42e723e3497/execute/async - {"script":"<script> [1562 bytes]","args":[{"selector":{"id":"application-planningboard-display-component---pB_RequestHeader--RUreservationComment","searchOpenDialogs":true,"interaction":{"idSuffix":"inner"}},"wdio_ui5_key":"applicationplanningboard-display-component---pB_RequestHeader--RUreservationComment"}]}
RESULT: {"script":"<script> [1562 bytes]","args":[{"selector":{"id":"application-planningboard-display-component---pB_RequestHeader--RUreservationComment","searchOpenDialogs":true,"interaction":{"idSuffix":"inner"}},"wdio_ui5_key":"applicationplanningboard-display-component---pB_RequestHeader--RUreservationComment"}]}
RESULT: undefined
COMMAND: POST /session/0140d377bb50cef00459d42e723e3497/execute/async - {"script":"<script> [776 bytes]","args":[{"enterText":"WdIORes11m5r","selector":{"id":"application-planningboard-display-component---pB_RequestHeader--RUreservationComment","searchOpenDialogs":true,"interaction":{"idSuffix":"inner"}},"clearTextFirst":true,"interactionType":"ENTER_TEXT"}]}
RESULT: {"script":"<script> [776 bytes]","args":[{"enterText":"WdIORes11m5r","selector":{"id":"application-planningboard-display-component---pB_RequestHeader--RUreservationComment","searchOpenDialogs":true,"interaction":{"idSuffix":"inner"}},"clearTextFirst":true,"interactionType":"ENTER_TEXT"}]}
COMMAND: POST /session/0140d377bb50cef00459d42e723e3497/execute/async - {"script":"<script> [1562 bytes]","args":[{"selector":{"controlType":"sap.m.Button","viewName":"etm.portal.ui.planningboard.view.detail.RequestHeader","viewId":"application-planningboard-display-component---pB_RequestHeader","properties":{"text":"Ok"},"searchOpenDialogs":true,"interaction":{"idSuffix":"BDI-content"}},"wdio_ui5_key":"etmportal.ui.planningboard.view.detail.RequestHeadersap.m.Button{\"text\":\"Ok\"}"}]}
RESULT: {"script":"<script> [1562 bytes]","args":[{"selector":{"controlType":"sap.m.Button","viewName":"etm.portal.ui.planningboard.view.detail.RequestHeader","viewId":"application-planningboard-display-component---pB_RequestHeader","properties":{"text":"Ok"},"searchOpenDialogs":true,"interaction":{"idSuffix":"BDI-content"}},"wdio_ui5_key":"etmportal.ui.planningboard.view.detail.RequestHeadersap.m.Button{\"text\":\"Ok\"}"}]}
RESULT: undefined
COMMAND: POST /session/0140d377bb50cef00459d42e723e3497/element - {"using":"xpath","value":"//*[@id=\"__button192\"]"}
RESULT: {"using":"xpath","value":"//*[@id=\"__button192\"]"}
COMMAND: POST /session/0140d377bb50cef00459d42e723e3497/element/f.F6BB02432D8D97F36D378B59895A9F69.d.2FC228B22C6F49B2D02AEC8F00203126.e.10107/click - {}
RESULT: {}
COMMAND: GET /session/0140d377bb50cef00459d42e723e3497/screenshot - {}
RESULT: {}
COMMAND: POST /session/0140d377bb50cef00459d42e723e3497/element - {"using":"xpath","value":"//span[contains(@title ,\"WebdriverYard1mlab\")]"}
RESULT: {"using":"xpath","value":"//span[contains(@title ,\"WebdriverYard1mlab\")]"}
COMMAND: POST /session/0140d377bb50cef00459d42e723e3497/actions - {"actions":[{"id":"action75","type":"pointer","parameters":{"pointerType":"mouse"},"actions":[{"type":"pointerMove","button":0,"width":0,"height":0,"pressure":0,"tangentialPressure":0,"tiltX":0,"tiltY":0,"twist":0,"altitudeAngle":0,"_":"5 more keys: [\"azimuthAngle\",\"x\",\"y\",\"duration\",\"origin\"]"},{"type":"pointerDown","button":2,"width":0,"height":0,"pressure":0,"tangentialPressure":0,"tiltX":0,"tiltY":0,"twist":0,"altitudeAngle":0,"_":"1 more keys: [\"azimuthAngle\"]"},{"type":"pointerUp","button":2}]}]}
RESULT: {"actions":[{"id":"action75","type":"pointer","parameters":{"pointerType":"mouse"},"actions":[{"type":"pointerMove","button":0,"width":0,"height":0,"pressure":0,"tangentialPressure":0,"tiltX":0,"tiltY":0,"twist":0,"altitudeAngle":0,"_":"5 more keys: [\"azimuthAngle\",\"x\",\"y\",\"duration\",\"origin\"]"},{"type":"pointerDown","button":2,"width":0,"height":0,"pressure":0,"tangentialPressure":0,"tiltX":0,"tiltY":0,"twist":0,"altitudeAngle":0,"_":"1 more keys: [\"azimuthAngle\"]"},{"type":"pointerUp","button":2}]}]}
COMMAND: DELETE /session/0140d377bb50cef00459d42e723e3497/actions - {}
COMMAND: GET /session/0140d377bb50cef00459d42e723e3497/screenshot - {}
RESULT: {}
COMMAND: GET /session/0140d377bb50cef00459d42e723e3497/screenshot - {}
RESULT: {}
RESULT: {}
COMMAND: POST /session/0140d377bb50cef00459d42e723e3497/actions - {"actions":[{"id":"action76","type":"key","parameters":{},"actions":[{"type":"keyDown","value":""},{"type":"pause","duration":10},{"type":"keyUp","value":""}]}]}
RESULT: {"actions":[{"id":"action76","type":"key","parameters":{},"actions":[{"type":"keyDown","value":""},{"type":"pause","duration":10},{"type":"keyUp","value":""}]}]}
COMMAND: GET /session/0140d377bb50cef00459d42e723e3497/screenshot - {}
RESULT: {}
COMMAND: POST /session/0140d377bb50cef00459d42e723e3497/actions - {"actions":[{"id":"action77","type":"key","parameters":{},"actions":[{"type":"keyDown","value":""},{"type":"pause","duration":10},{"type":"keyUp","value":""}]}]}
RESULT: {"actions":[{"id":"action77","type":"key","parameters":{},"actions":[{"type":"keyDown","value":""},{"type":"pause","duration":10},{"type":"keyUp","value":""}]}]}
COMMAND: GET /session/0140d377bb50cef00459d42e723e3497/screenshot - {}
RESULT: {}
RESULT: undefined
COMMAND: POST /session/0140d377bb50cef00459d42e723e3497/execute/async - {"script":"<script> [776 bytes]","args":[{"enterText":"WdIORes268sr7","selector":{"id":"application-planningboard-display-component---pB_RequestHeader--RUreservationComment","searchOpenDialogs":true,"interaction":{"idSuffix":"inner"}},"clearTextFirst":true,"interactionType":"ENTER_TEXT"}]}
RESULT: {"script":"<script> [776 bytes]","args":[{"enterText":"WdIORes268sr7","selector":{"id":"application-planningboard-display-component---pB_RequestHeader--RUreservationComment","searchOpenDialogs":true,"interaction":{"idSuffix":"inner"}},"clearTextFirst":true,"interactionType":"ENTER_TEXT"}]}
RESULT: undefined
COMMAND: POST /session/0140d377bb50cef00459d42e723e3497/element - {"using":"xpath","value":"//*[@id=\"__button192\"]"}
RESULT: {"using":"xpath","value":"//*[@id=\"__button192\"]"}
COMMAND: POST /session/0140d377bb50cef00459d42e723e3497/element/f.F6BB02432D8D97F36D378B59895A9F69.d.2FC228B22C6F49B2D02AEC8F00203126.e.10186/click - {}
RESULT: {}
COMMAND: GET /session/0140d377bb50cef00459d42e723e3497/screenshot - {}
RESULT: {}
COMMAND: POST /session/0140d377bb50cef00459d42e723e3497/execute/async - {"script":"<script> [1562 bytes]","args":[{"selector":{"controlType":"sap.m.Button","viewName":"etm.portal.ui.planningboard.view.detail.RequestHeader","viewId":"application-planningboard-display-component---pB_RequestHeader","i18NText":{"propertyName":"text","key":"close"},"ancestor":{"id":"application-planningboard-display-component---pB_RequestHeader--requestItemDetails"},"interaction":{"idSuffix":"BDI-content"}},"wdio_ui5_key":"etmportal.ui.planningboard.view.detail.RequestHeadersap.m.Button{\"propertyName\":\"text\",\"key\":\"close\"}{\"id\":\"application-planningboard-display-component---pB_RequestHeader--requestItemDetails\"}"}]}
RESULT: {"script":"<script> [1562 bytes]","args":[{"selector":{"controlType":"sap.m.Button","viewName":"etm.portal.ui.planningboard.view.detail.RequestHeader","viewId":"application-planningboard-display-component---pB_RequestHeader","i18NText":{"propertyName":"text","key":"close"},"ancestor":{"id":"application-planningboard-display-component---pB_RequestHeader--requestItemDetails"},"interaction":{"idSuffix":"BDI-content"}},"wdio_ui5_key":"etmportal.ui.planningboard.view.detail.RequestHeadersap.m.Button{\"propertyName\":\"text\",\"key\":\"close\"}{\"id\":\"application-planningboard-display-component---pB_RequestHeader--requestItemDetails\"}"}]}
RESULT: undefined
COMMAND: POST /session/0140d377bb50cef00459d42e723e3497/element - {"using":"xpath","value":"//*[@id=\"__button68\"]"}
RESULT: {"using":"xpath","value":"//*[@id=\"__button68\"]"}
COMMAND: POST /session/0140d377bb50cef00459d42e723e3497/element/f.F6BB02432D8D97F36D378B59895A9F69.d.2FC228B22C6F49B2D02AEC8F00203126.e.9975/click - {}
RESULT: {}
COMMAND: GET /session/0140d377bb50cef00459d42e723e3497/screenshot - {}
RESULT: {}
COMMAND: POST /session/0140d377bb50cef00459d42e723e3497/execute/async - {"script":"<script> [1562 bytes]","args":[{"selector":{"id":"application-planningboard-display-component---pB_Master--selectView","interaction":{"idSuffix":"arrow"}},"wdio_ui5_key":"applicationplanningboard-display-component---pB_Master--selectView"}]}
RESULT: {"script":"<script> [1562 bytes]","args":[{"selector":{"id":"application-planningboard-display-component---pB_Master--selectView","interaction":{"idSuffix":"arrow"}},"wdio_ui5_key":"applicationplanningboard-display-component---pB_Master--selectView"}]}
RESULT: undefined
COMMAND: POST /session/0140d377bb50cef00459d42e723e3497/element - {"using":"xpath","value":"//*[@id=\"application-planningboard-display-component---pB_Master--selectView\"]"}
RESULT: {"using":"xpath","value":"//*[@id=\"application-planningboard-display-component---pB_Master--selectView\"]"}
COMMAND: POST /session/0140d377bb50cef00459d42e723e3497/element/f.F6BB02432D8D97F36D378B59895A9F69.d.2FC228B22C6F49B2D02AEC8F00203126.e.10404/click - {}
RESULT: {}
COMMAND: GET /session/0140d377bb50cef00459d42e723e3497/screenshot - {}
RESULT: {}
COMMAND: POST /session/0140d377bb50cef00459d42e723e3497/execute/async - {"script":"<script> [1562 bytes]","args":[{"selector":{"controlType":"sap.ui.core.Item","viewName":"etm.portal.ui.planningboard.view.Master","viewId":"application-planningboard-display-component---pB_Master","i18NText":{"propertyName":"text","key":"manageReservations"},"searchOpenDialogs":true},"wdio_ui5_key":"etmportal.ui.planningboard.view.Mastersap.ui.core.Item{\"propertyName\":\"text\",\"key\":\"manageReservations\"}"}]}
RESULT: {"script":"<script> [1562 bytes]","args":[{"selector":{"controlType":"sap.ui.core.Item","viewName":"etm.portal.ui.planningboard.view.Master","viewId":"application-planningboard-display-component---pB_Master","i18NText":{"propertyName":"text","key":"manageReservations"},"searchOpenDialogs":true},"wdio_ui5_key":"etmportal.ui.planningboard.view.Mastersap.ui.core.Item{\"propertyName\":\"text\",\"key\":\"manageReservations\"}"}]}
RESULT: undefined
COMMAND: POST /session/0140d377bb50cef00459d42e723e3497/element - {"using":"xpath","value":"//*[@id=\"__item786\"]"}
RESULT: {"using":"xpath","value":"//*[@id=\"__item786\"]"}
COMMAND: POST /session/0140d377bb50cef00459d42e723e3497/element/f.F6BB02432D8D97F36D378B59895A9F69.d.2FC228B22C6F49B2D02AEC8F00203126.e.10405/click - {}
RESULT: {}
COMMAND: GET /session/0140d377bb50cef00459d42e723e3497/screenshot - {}
RESULT: {}
COMMAND: POST /session/0140d377bb50cef00459d42e723e3497/element - {"using":"xpath","value":"//span[contains(@id ,\"clone\")][contains(text(), \"WdIORes11m5r\")]"}
RESULT: {"using":"xpath","value":"//span[contains(@id ,\"clone\")][contains(text(), \"WdIORes11m5r\")]"}
COMMAND: GET /session/0140d377bb50cef00459d42e723e3497/element/f.F6BB02432D8D97F36D378B59895A9F69.d.2FC228B22C6F49B2D02AEC8F00203126.e.10421/text - {}
RESULT: {}
COMMAND: POST /session/0140d377bb50cef00459d42e723e3497/element - {"using":"xpath","value":"//span[contains(@id ,\"clone\")][contains(text(), \"WdIORes268sr7\")]"}
RESULT: {"using":"xpath","value":"//span[contains(@id ,\"clone\")][contains(text(), \"WdIORes268sr7\")]"}
COMMAND: POST /session/0140d377bb50cef00459d42e723e3497/element/f.F6BB02432D8D97F36D378B59895A9F69.d.2FC228B22C6F49B2D02AEC8F00203126.e.10422/click - {}
RESULT: {}
COMMAND: GET /session/0140d377bb50cef00459d42e723e3497/screenshot - {}
RESULT: {}
COMMAND: POST /session/0140d377bb50cef00459d42e723e3497/actions - {"actions":[{"id":"action78","type":"key","parameters":{},"actions":[{"type":"keyDown","value":""},{"type":"pause","duration":10},{"type":"keyUp","value":""}]}]}
RESULT: {"actions":[{"id":"action78","type":"key","parameters":{},"actions":[{"type":"keyDown","value":""},{"type":"pause","duration":10},{"type":"keyUp","value":""}]}]}
COMMAND: GET /session/0140d377bb50cef00459d42e723e3497/screenshot - {}
RESULT: {}
COMMAND: POST /session/0140d377bb50cef00459d42e723e3497/execute/async - {"script":"<script> [1562 bytes]","args":[{"selector":{"controlType":"sap.m.Button","viewName":"etm.portal.ui.planningboard.view.detail.Planning","viewId":"application-planningboard-display-component---pB_Planning","i18NText":{"propertyName":"text","key":"unplan"},"interaction":{"idSuffix":"BDI-content"}},"wdio_ui5_key":"etmportal.ui.planningboard.view.detail.Planningsap.m.Button{\"propertyName\":\"text\",\"key\":\"unplan\"}"}]}
RESULT: {"script":"<script> [1562 bytes]","args":[{"selector":{"controlType":"sap.m.Button","viewName":"etm.portal.ui.planningboard.view.detail.Planning","viewId":"application-planningboard-display-component---pB_Planning","i18NText":{"propertyName":"text","key":"unplan"},"interaction":{"idSuffix":"BDI-content"}},"wdio_ui5_key":"etmportal.ui.planningboard.view.detail.Planningsap.m.Button{\"propertyName\":\"text\",\"key\":\"unplan\"}"}]}
RESULT: undefined
COMMAND: POST /session/0140d377bb50cef00459d42e723e3497/element - {"using":"xpath","value":"//*[@id=\"__button258\"]"}
RESULT: {"using":"xpath","value":"//*[@id=\"__button258\"]"}
COMMAND: POST /session/0140d377bb50cef00459d42e723e3497/element/f.F6BB02432D8D97F36D378B59895A9F69.d.2FC228B22C6F49B2D02AEC8F00203126.e.10477/click - {}
RESULT: {}
COMMAND: GET /session/0140d377bb50cef00459d42e723e3497/screenshot - {}
RESULT: {}
COMMAND: POST /session/0140d377bb50cef00459d42e723e3497/element - {"using":"xpath","value":"//span[contains(@id ,\"clone\")][contains(text(), \"WdIORes268sr7\")]"}
RESULT: {"using":"xpath","value":"//span[contains(@id ,\"clone\")][contains(text(), \"WdIORes268sr7\")]"}
COMMAND: POST /session/0140d377bb50cef00459d42e723e3497/element - {"using":"xpath","value":"//span[contains(@id ,\"clone\")][contains(text(), \"WdIORes268sr7\")]"}
RESULT: {"using":"xpath","value":"//span[contains(@id ,\"clone\")][contains(text(), \"WdIORes268sr7\")]"}
COMMAND: POST /session/0140d377bb50cef00459d42e723e3497/element - {"using":"xpath","value":"//span[contains(@id ,\"clone\")][contains(text(), \"WdIORes11m5r\")]"}
RESULT: {"using":"xpath","value":"//span[contains(@id ,\"clone\")][contains(text(), \"WdIORes11m5r\")]"}
COMMAND: POST /session/0140d377bb50cef00459d42e723e3497/element/f.F6BB02432D8D97F36D378B59895A9F69.d.2FC228B22C6F49B2D02AEC8F00203126.e.10541/click - {}
RESULT: {}
COMMAND: GET /session/0140d377bb50cef00459d42e723e3497/screenshot - {}
RESULT: {}
COMMAND: POST /session/0140d377bb50cef00459d42e723e3497/actions - {"actions":[{"id":"action79","type":"key","parameters":{},"actions":[{"type":"keyDown","value":""},{"type":"pause","duration":10},{"type":"keyUp","value":""}]}]}
RESULT: {"actions":[{"id":"action79","type":"key","parameters":{},"actions":[{"type":"keyDown","value":""},{"type":"pause","duration":10},{"type":"keyUp","value":""}]}]}
COMMAND: GET /session/0140d377bb50cef00459d42e723e3497/screenshot - {}
RESULT: {}
]]></system-out>
    </testcase>
  </testsuite>
  <testsuite timestamp="2025-06-01T16:12:24" time="34.938" tests="1" failures="0" errors="0" skipped="0">
    <properties>
      <property name="specId" value="0"/>
      <property name="suiteName" value="Reserve/Unreserve request item via reserve option US139161"/>
      <property name="capabilities" value="chrome.136_0_7103_93.windows"/>
      <property name="file" value="file:///D:/a/1/s/test/specs/R2C/manage-reservations-view-planning-board.spec.js"/>
    </properties>
    <testcase classname="chrome.136_0_7103_93.windows.Reserve/Unreserve_request_item_via_reserve_option_US139161" name="Should open a reservation to verify and edit the details" time="34.936">
      <system-out><![CDATA[
COMMAND: POST /session/0140d377bb50cef00459d42e723e3497/element - {"using":"xpath","value":"//button[contains(@data-kt, \"editButton\")]"}
RESULT: {"using":"xpath","value":"//button[contains(@data-kt, \"editButton\")]"}
COMMAND: POST /session/0140d377bb50cef00459d42e723e3497/execute/sync - {"script":"<script> [8489 bytes]","args":[{"element-6066-11e4-a52e-4f735466cecf":"f.F6BB02432D8D97F36D378B59895A9F69.d.2FC228B22C6F49B2D02AEC8F00203126.e.10576","ELEMENT":"f.F6BB02432D8D97F36D378B59895A9F69.d.2FC228B22C6F49B2D02AEC8F00203126.e.10576"}]}
RESULT: {"script":"<script> [8489 bytes]","args":[{"element-6066-11e4-a52e-4f735466cecf":"f.F6BB02432D8D97F36D378B59895A9F69.d.2FC228B22C6F49B2D02AEC8F00203126.e.10576","ELEMENT":"f.F6BB02432D8D97F36D378B59895A9F69.d.2FC228B22C6F49B2D02AEC8F00203126.e.10576"}]}
COMMAND: POST /session/0140d377bb50cef00459d42e723e3497/element - {"using":"xpath","value":"//button[contains(@data-kt, \"unplanButton\")]"}
COMMAND: GET /session/0140d377bb50cef00459d42e723e3497/screenshot - {}
RESULT: {"using":"xpath","value":"//button[contains(@data-kt, \"unplanButton\")]"}
COMMAND: POST /session/0140d377bb50cef00459d42e723e3497/execute/sync - {"script":"<script> [8489 bytes]","args":[{"element-6066-11e4-a52e-4f735466cecf":"f.F6BB02432D8D97F36D378B59895A9F69.d.2FC228B22C6F49B2D02AEC8F00203126.e.10594","ELEMENT":"f.F6BB02432D8D97F36D378B59895A9F69.d.2FC228B22C6F49B2D02AEC8F00203126.e.10594"}]}
RESULT: {}
RESULT: {"script":"<script> [8489 bytes]","args":[{"element-6066-11e4-a52e-4f735466cecf":"f.F6BB02432D8D97F36D378B59895A9F69.d.2FC228B22C6F49B2D02AEC8F00203126.e.10594","ELEMENT":"f.F6BB02432D8D97F36D378B59895A9F69.d.2FC228B22C6F49B2D02AEC8F00203126.e.10594"}]}
COMMAND: POST /session/0140d377bb50cef00459d42e723e3497/element - {"using":"xpath","value":"//button[contains(@data-kt, \"editButton\")]"}
COMMAND: GET /session/0140d377bb50cef00459d42e723e3497/screenshot - {}
RESULT: {"using":"xpath","value":"//button[contains(@data-kt, \"editButton\")]"}
COMMAND: POST /session/0140d377bb50cef00459d42e723e3497/element/f.F6BB02432D8D97F36D378B59895A9F69.d.2FC228B22C6F49B2D02AEC8F00203126.e.10576/click - {}
RESULT: {}
RESULT: {}
COMMAND: POST /session/0140d377bb50cef00459d42e723e3497/element - {"using":"xpath","value":"(//input[contains(@id ,\"picker\")][contains(@aria-roledescription ,\"Date Input\")])[4]"}
COMMAND: GET /session/0140d377bb50cef00459d42e723e3497/screenshot - {}
RESULT: {"using":"xpath","value":"(//input[contains(@id ,\"picker\")][contains(@aria-roledescription ,\"Date Input\")])[4]"}
COMMAND: POST /session/0140d377bb50cef00459d42e723e3497/element/f.F6BB02432D8D97F36D378B59895A9F69.d.2FC228B22C6F49B2D02AEC8F00203126.e.10561/clear - {}
RESULT: {}
RESULT: {}
COMMAND: POST /session/0140d377bb50cef00459d42e723e3497/element/f.F6BB02432D8D97F36D378B59895A9F69.d.2FC228B22C6F49B2D02AEC8F00203126.e.10561/value - {"text":"6/3/25"}
COMMAND: GET /session/0140d377bb50cef00459d42e723e3497/screenshot - {}
RESULT: {"text":"6/3/25"}
COMMAND: GET /session/0140d377bb50cef00459d42e723e3497/screenshot - {}
RESULT: {}
RESULT: {}
COMMAND: POST /session/0140d377bb50cef00459d42e723e3497/element - {"using":"xpath","value":"//bdi[contains(text(), \"Save\")]"}
RESULT: {"using":"xpath","value":"//bdi[contains(text(), \"Save\")]"}
COMMAND: POST /session/0140d377bb50cef00459d42e723e3497/element/f.F6BB02432D8D97F36D378B59895A9F69.d.2FC228B22C6F49B2D02AEC8F00203126.e.10617/click - {}
RESULT: {}
COMMAND: GET /session/0140d377bb50cef00459d42e723e3497/screenshot - {}
RESULT: {}
COMMAND: POST /session/0140d377bb50cef00459d42e723e3497/element - {"using":"xpath","value":"(//input[contains(@id ,\"picker\")][contains(@aria-roledescription ,\"Date Input\")])[4]"}
RESULT: {"using":"xpath","value":"(//input[contains(@id ,\"picker\")][contains(@aria-roledescription ,\"Date Input\")])[4]"}
COMMAND: GET /session/0140d377bb50cef00459d42e723e3497/element/f.F6BB02432D8D97F36D378B59895A9F69.d.2FC228B22C6F49B2D02AEC8F00203126.e.10561/property/value - {}
RESULT: {}
COMMAND: GET /session/0140d377bb50cef00459d42e723e3497/screenshot - {}
RESULT: {}
COMMAND: POST /session/0140d377bb50cef00459d42e723e3497/element - {"using":"xpath","value":"//bdi[contains(text(), \"Unplan\")]"}
RESULT: {"using":"xpath","value":"//bdi[contains(text(), \"Unplan\")]"}
COMMAND: POST /session/0140d377bb50cef00459d42e723e3497/element/f.F6BB02432D8D97F36D378B59895A9F69.d.2FC228B22C6F49B2D02AEC8F00203126.e.10629/click - {}
RESULT: {}
COMMAND: GET /session/0140d377bb50cef00459d42e723e3497/screenshot - {}
RESULT: {}
COMMAND: POST /session/0140d377bb50cef00459d42e723e3497/element - {"using":"css selector","value":"#shell-header-logo"}
RESULT: {"using":"css selector","value":"#shell-header-logo"}
COMMAND: POST /session/0140d377bb50cef00459d42e723e3497/element/f.F6BB02432D8D97F36D378B59895A9F69.d.2FC228B22C6F49B2D02AEC8F00203126.e.9187/click - {}
RESULT: {}
COMMAND: GET /session/0140d377bb50cef00459d42e723e3497/screenshot - {}
RESULT: {}
]]></system-out>
    </testcase>
  </testsuite>
  <testsuite timestamp="2025-06-01T16:12:59" time="467.698" tests="4" failures="0" errors="0" skipped="0">
    <properties>
      <property name="specId" value="0"/>
      <property name="suiteName" value="Process request items into an existing quotation US120163"/>
      <property name="capabilities" value="chrome.136_0_7103_93.windows"/>
      <property name="file" value="file:///D:/a/1/s/test/specs/R2C/process-request-items-into-existing-quotation.spec.js"/>
    </properties>
    <testcase classname="chrome.136_0_7103_93.windows.Process_request_items_into_an_existing_quotation_US120163" name="Should create a new quotation" time="105.17">
      <system-out><![CDATA[
COMMAND: POST /session/0140d377bb50cef00459d42e723e3497/execute/async - {"script":"<script> [1562 bytes]","args":[{"selector":{"controlType":"sap.m.GenericTile","properties":{"header":"Manage Quotations"}},"wdio_ui5_key":"sapm.GenericTile{\"header\":\"Manage Quotations\"}"}]}
RESULT: {"script":"<script> [1562 bytes]","args":[{"selector":{"controlType":"sap.m.GenericTile","properties":{"header":"Manage Quotations"}},"wdio_ui5_key":"sapm.GenericTile{\"header\":\"Manage Quotations\"}"}]}
RESULT: undefined
COMMAND: POST /session/0140d377bb50cef00459d42e723e3497/element - {"using":"xpath","value":"//*[@id=\"__tile132\"]"}
RESULT: {"using":"xpath","value":"//*[@id=\"__tile132\"]"}
COMMAND: POST /session/0140d377bb50cef00459d42e723e3497/element/f.F6BB02432D8D97F36D378B59895A9F69.d.2FC228B22C6F49B2D02AEC8F00203126.e.10683/click - {}
RESULT: {}
COMMAND: GET /session/0140d377bb50cef00459d42e723e3497/screenshot - {}
RESULT: {}
COMMAND: POST /session/0140d377bb50cef00459d42e723e3497/elements - {"using":"xpath","value":"//span[text()='Error']"}
RESULT: {"using":"xpath","value":"//span[text()='Error']"}
COMMAND: POST /session/0140d377bb50cef00459d42e723e3497/element - {"using":"xpath","value":"//button[contains(@title ,\"Add New Contract\")]"}
RESULT: {"using":"xpath","value":"//button[contains(@title ,\"Add New Contract\")]"}
COMMAND: POST /session/0140d377bb50cef00459d42e723e3497/element/f.F6BB02432D8D97F36D378B59895A9F69.d.2FC228B22C6F49B2D02AEC8F00203126.e.10722/click - {}
RESULT: {}
COMMAND: GET /session/0140d377bb50cef00459d42e723e3497/screenshot - {}
RESULT: {}
COMMAND: POST /session/0140d377bb50cef00459d42e723e3497/element - {"using":"xpath","value":"//input[contains(@id ,\"application-managequotations-display-component---AddNewContract--projectDescription-inner\")]"}
RESULT: {"using":"xpath","value":"//input[contains(@id ,\"application-managequotations-display-component---AddNewContract--projectDescription-inner\")]"}
COMMAND: POST /session/0140d377bb50cef00459d42e723e3497/element/f.F6BB02432D8D97F36D378B59895A9F69.d.2FC228B22C6F49B2D02AEC8F00203126.e.10983/value - {"text":"WdIOQuotationzipgs"}
RESULT: {"text":"WdIOQuotationzipgs"}
COMMAND: GET /session/0140d377bb50cef00459d42e723e3497/screenshot - {}
RESULT: {}
COMMAND: POST /session/0140d377bb50cef00459d42e723e3497/element - {"using":"xpath","value":"//input[contains(@id ,\"application-managequotations-display-component---AddNewContract--yardId-inner\")]"}
RESULT: {"using":"xpath","value":"//input[contains(@id ,\"application-managequotations-display-component---AddNewContract--yardId-inner\")]"}
COMMAND: POST /session/0140d377bb50cef00459d42e723e3497/element/f.F6BB02432D8D97F36D378B59895A9F69.d.2FC228B22C6F49B2D02AEC8F00203126.e.10986/value - {"text":"WebdriverYard1mlab"}
RESULT: {"text":"WebdriverYard1mlab"}
COMMAND: GET /session/0140d377bb50cef00459d42e723e3497/screenshot - {}
RESULT: {}
COMMAND: POST /session/0140d377bb50cef00459d42e723e3497/actions - {"actions":[{"id":"action80","type":"key","parameters":{},"actions":[{"type":"keyDown","value":""},{"type":"pause","duration":10},{"type":"keyUp","value":""}]}]}
RESULT: {"actions":[{"id":"action80","type":"key","parameters":{},"actions":[{"type":"keyDown","value":""},{"type":"pause","duration":10},{"type":"keyUp","value":""}]}]}
COMMAND: GET /session/0140d377bb50cef00459d42e723e3497/screenshot - {}
RESULT: {}
COMMAND: POST /session/0140d377bb50cef00459d42e723e3497/element - {"using":"xpath","value":"//input[contains(@id ,\"application-managequotations-display-component---AddNewContract--customerSelect-inner\")]"}
RESULT: {"using":"xpath","value":"//input[contains(@id ,\"application-managequotations-display-component---AddNewContract--customerSelect-inner\")]"}
COMMAND: POST /session/0140d377bb50cef00459d42e723e3497/element/f.F6BB02432D8D97F36D378B59895A9F69.d.2FC228B22C6F49B2D02AEC8F00203126.e.10984/value - {"text":"WebdriverPartneryg097"}
RESULT: {"text":"WebdriverPartneryg097"}
COMMAND: GET /session/0140d377bb50cef00459d42e723e3497/screenshot - {}
RESULT: {}
COMMAND: POST /session/0140d377bb50cef00459d42e723e3497/actions - {"actions":[{"id":"action81","type":"key","parameters":{},"actions":[{"type":"keyDown","value":""},{"type":"pause","duration":10},{"type":"keyUp","value":""}]}]}
RESULT: {"actions":[{"id":"action81","type":"key","parameters":{},"actions":[{"type":"keyDown","value":""},{"type":"pause","duration":10},{"type":"keyUp","value":""}]}]}
COMMAND: GET /session/0140d377bb50cef00459d42e723e3497/screenshot - {}
RESULT: {}
COMMAND: POST /session/0140d377bb50cef00459d42e723e3497/element - {"using":"xpath","value":"//input[contains(@id ,\"application-managequotations-display-component---AddNewContract--site-inner\")]"}
RESULT: {"using":"xpath","value":"//input[contains(@id ,\"application-managequotations-display-component---AddNewContract--site-inner\")]"}
COMMAND: POST /session/0140d377bb50cef00459d42e723e3497/element/f.F6BB02432D8D97F36D378B59895A9F69.d.2FC228B22C6F49B2D02AEC8F00203126.e.10985/value - {"text":"WebdriverSite46gcbi"}
RESULT: {"text":"WebdriverSite46gcbi"}
COMMAND: GET /session/0140d377bb50cef00459d42e723e3497/screenshot - {}
RESULT: {}
COMMAND: POST /session/0140d377bb50cef00459d42e723e3497/actions - {"actions":[{"id":"action82","type":"key","parameters":{},"actions":[{"type":"keyDown","value":""},{"type":"pause","duration":10},{"type":"keyUp","value":""}]}]}
RESULT: {"actions":[{"id":"action82","type":"key","parameters":{},"actions":[{"type":"keyDown","value":""},{"type":"pause","duration":10},{"type":"keyUp","value":""}]}]}
COMMAND: GET /session/0140d377bb50cef00459d42e723e3497/screenshot - {}
RESULT: {}
COMMAND: POST /session/0140d377bb50cef00459d42e723e3497/element - {"using":"xpath","value":"//bdi[contains(text(), \"Save\")]"}
RESULT: {"using":"xpath","value":"//bdi[contains(text(), \"Save\")]"}
COMMAND: POST /session/0140d377bb50cef00459d42e723e3497/element/f.F6BB02432D8D97F36D378B59895A9F69.d.2FC228B22C6F49B2D02AEC8F00203126.e.11069/click - {}
RESULT: {}
COMMAND: GET /session/0140d377bb50cef00459d42e723e3497/screenshot - {}
RESULT: {}
COMMAND: POST /session/0140d377bb50cef00459d42e723e3497/element - {"using":"css selector","value":"#shell-header-logo"}
RESULT: {"using":"css selector","value":"#shell-header-logo"}
COMMAND: POST /session/0140d377bb50cef00459d42e723e3497/element/f.F6BB02432D8D97F36D378B59895A9F69.d.2FC228B22C6F49B2D02AEC8F00203126.e.10685/click - {}
RESULT: {}
COMMAND: GET /session/0140d377bb50cef00459d42e723e3497/screenshot - {}
RESULT: {}
COMMAND: POST /session/0140d377bb50cef00459d42e723e3497/refresh - {}
RESULT: {}
COMMAND: GET /session/0140d377bb50cef00459d42e723e3497/screenshot - {}
RESULT: {}
COMMAND: POST /session/0140d377bb50cef00459d42e723e3497/execute/async - {"script":"<script> [189 bytes]","args":[]}
RESULT: {"script":"<script> [189 bytes]","args":[]}
COMMAND: POST /session/0140d377bb50cef00459d42e723e3497/execute/async - {"script":"<script> [123 bytes]","args":[]}
RESULT: {"script":"<script> [123 bytes]","args":[]}
COMMAND: POST /session/0140d377bb50cef00459d42e723e3497/timeouts - {"script":"<number>"}
RESULT: {"script":"<number>"}
COMMAND: GET /session/0140d377bb50cef00459d42e723e3497/timeouts - {}
RESULT: {}
RESULT: undefined
COMMAND: POST /session/0140d377bb50cef00459d42e723e3497/execute/async - {"script":"<script> [2676 bytes]","args":[]}
RESULT: {"script":"<script> [2676 bytes]","args":[]}
COMMAND: POST /session/0140d377bb50cef00459d42e723e3497/execute/async - {"script":"<script> [2342 bytes]","args":[{"protocol":"http","hostname":"0.0.0.0","path":"/","capabilities":{"browserName":"chrome","goog:chromeOptions":{"binary":"C:\\Program Files\\Google\\Chrome\\Application\\chrome.exe","args":["--start-maximized"]}},"logLevel":"warn","connectionRetryTimeout":120000,"connectionRetryCount":3,"logLevels":{},"enableDirectConnect":true,"strictSSL":true,"_":"65 more keys: [\"cacheDir\",\"port\",\"requestedCapabilities\",\"automationProtocol\",\"baseUrl\",\"waitforInterval\",\"waitforTimeout\",\"onReload\",\"beforeCommand\",\"afterCommand\",\"rootDir\",\"specs\",\"suites\",\"exclude\",\"groupLogsByTestSpec\",\"excludeDriverLogs\",\"bail\",\"framework\",\"reporters\",\"services\",\"maxInstances\",\"maxInstancesPerCapability\",\"injectGlobals\",\"filesToWatch\",\"execArgv\",\"runnerEnv\",\"runner\",\"shard\",\"specFileRetries\",\"specFileRetriesDelay\",\"specFileRetriesDeferred\",\"reporterSyncInterval\",\"reporterSyncTimeout\",\"cucumberFeaturesWithLineNumbers\",\"autoCompileOpts\",\"mochaOpts\",\"jasmineOpts\",\"cucumberOpts\",\"onPrepare\",\"onWorkerStart\",\"onWorkerEnd\",\"before\",\"beforeSession\",\"beforeSuite\",\"beforeHook\",\"beforeTest\",\"afterTest\",\"afterHook\",\"afterSuite\",\"afterSession\",\"after\",\"onComplete\",\"beforeAssertion\",\"afterAssertion\",\"beforeFeature\",\"beforeScenario\",\"beforeStep\",\"afterStep\",\"afterScenario\",\"afterFeature\",\"_\",\"suite\",\"$0\",\"ignoredWorkerServices\",\"wdi5\"]"}]}
RESULT: {"script":"<script> [2342 bytes]","args":[{"protocol":"http","hostname":"0.0.0.0","path":"/","capabilities":{"browserName":"chrome","goog:chromeOptions":{"binary":"C:\\Program Files\\Google\\Chrome\\Application\\chrome.exe","args":["--start-maximized"]}},"logLevel":"warn","connectionRetryTimeout":120000,"connectionRetryCount":3,"logLevels":{},"enableDirectConnect":true,"strictSSL":true,"_":"65 more keys: [\"cacheDir\",\"port\",\"requestedCapabilities\",\"automationProtocol\",\"baseUrl\",\"waitforInterval\",\"waitforTimeout\",\"onReload\",\"beforeCommand\",\"afterCommand\",\"rootDir\",\"specs\",\"suites\",\"exclude\",\"groupLogsByTestSpec\",\"excludeDriverLogs\",\"bail\",\"framework\",\"reporters\",\"services\",\"maxInstances\",\"maxInstancesPerCapability\",\"injectGlobals\",\"filesToWatch\",\"execArgv\",\"runnerEnv\",\"runner\",\"shard\",\"specFileRetries\",\"specFileRetriesDelay\",\"specFileRetriesDeferred\",\"reporterSyncInterval\",\"reporterSyncTimeout\",\"cucumberFeaturesWithLineNumbers\",\"autoCompileOpts\",\"mochaOpts\",\"jasmineOpts\",\"cucumberOpts\",\"onPrepare\",\"onWorkerStart\",\"onWorkerEnd\",\"before\",\"beforeSession\",\"beforeSuite\",\"beforeHook\",\"beforeTest\",\"afterTest\",\"afterHook\",\"afterSuite\",\"afterSession\",\"after\",\"onComplete\",\"beforeAssertion\",\"afterAssertion\",\"beforeFeature\",\"beforeScenario\",\"beforeStep\",\"afterStep\",\"afterScenario\",\"afterFeature\",\"_\",\"suite\",\"$0\",\"ignoredWorkerServices\",\"wdi5\"]"}]}
COMMAND: POST /session/0140d377bb50cef00459d42e723e3497/execute/async - {"script":"<script> [21126 bytes]","args":[35000]}
RESULT: {"script":"<script> [21126 bytes]","args":[35000]}
]]></system-out>
    </testcase>
    <testcase classname="chrome.136_0_7103_93.windows.Process_request_items_into_an_existing_quotation_US120163" name="Should create a new request with catalog items and plan it" time="246.18">
      <system-out><![CDATA[
COMMAND: POST /session/0140d377bb50cef00459d42e723e3497/execute/async - {"script":"<script> [1562 bytes]","args":[{"selector":{"controlType":"sap.m.GenericTile","properties":{"header":"Manage Requests"}},"wdio_ui5_key":"sapm.GenericTile{\"header\":\"Manage Requests\"}"}]}
RESULT: {"script":"<script> [1562 bytes]","args":[{"selector":{"controlType":"sap.m.GenericTile","properties":{"header":"Manage Requests"}},"wdio_ui5_key":"sapm.GenericTile{\"header\":\"Manage Requests\"}"}]}
RESULT: undefined
COMMAND: POST /session/0140d377bb50cef00459d42e723e3497/element - {"using":"xpath","value":"//*[@id=\"__tile47\"]"}
RESULT: {"using":"xpath","value":"//*[@id=\"__tile47\"]"}
COMMAND: POST /session/0140d377bb50cef00459d42e723e3497/element/f.F6BB02432D8D97F36D378B59895A9F69.d.06D3FE25B9BDEB76387A1E57EF25F8A8.e.11100/click - {}
RESULT: {}
COMMAND: GET /session/0140d377bb50cef00459d42e723e3497/screenshot - {}
RESULT: {}
COMMAND: POST /session/0140d377bb50cef00459d42e723e3497/elements - {"using":"xpath","value":"//span[text()='Error']"}
RESULT: {"using":"xpath","value":"//span[text()='Error']"}
COMMAND: POST /session/0140d377bb50cef00459d42e723e3497/element - {"using":"xpath","value":"(//span[contains(@class ,\"sapMObjStatusText\")])[1]"}
RESULT: {"using":"xpath","value":"(//span[contains(@class ,\"sapMObjStatusText\")])[1]"}
COMMAND: POST /session/0140d377bb50cef00459d42e723e3497/execute/sync - {"script":"<script> [8489 bytes]","args":[{"element-6066-11e4-a52e-4f735466cecf":"f.F6BB02432D8D97F36D378B59895A9F69.d.06D3FE25B9BDEB76387A1E57EF25F8A8.e.11200","ELEMENT":"f.F6BB02432D8D97F36D378B59895A9F69.d.06D3FE25B9BDEB76387A1E57EF25F8A8.e.11200"}]}
RESULT: {"script":"<script> [8489 bytes]","args":[{"element-6066-11e4-a52e-4f735466cecf":"f.F6BB02432D8D97F36D378B59895A9F69.d.06D3FE25B9BDEB76387A1E57EF25F8A8.e.11200","ELEMENT":"f.F6BB02432D8D97F36D378B59895A9F69.d.06D3FE25B9BDEB76387A1E57EF25F8A8.e.11200"}]}
COMMAND: POST /session/0140d377bb50cef00459d42e723e3497/element - {"using":"xpath","value":"//button[contains(@data-kt ,\"btnCreateNewOverflowToolbarButton\")]"}
COMMAND: GET /session/0140d377bb50cef00459d42e723e3497/screenshot - {}
RESULT: {"using":"xpath","value":"//button[contains(@data-kt ,\"btnCreateNewOverflowToolbarButton\")]"}
COMMAND: POST /session/0140d377bb50cef00459d42e723e3497/element/f.F6BB02432D8D97F36D378B59895A9F69.d.06D3FE25B9BDEB76387A1E57EF25F8A8.e.11158/click - {}
RESULT: {}
RESULT: {}
COMMAND: GET /session/0140d377bb50cef00459d42e723e3497/screenshot - {}
RESULT: {}
COMMAND: POST /session/0140d377bb50cef00459d42e723e3497/element - {"using":"xpath","value":"//input[contains(@id ,\"yardId-inner\")]"}
RESULT: {"using":"xpath","value":"//input[contains(@id ,\"yardId-inner\")]"}
COMMAND: POST /session/0140d377bb50cef00459d42e723e3497/execute/sync - {"script":"<script> [8489 bytes]","args":[{"element-6066-11e4-a52e-4f735466cecf":"f.F6BB02432D8D97F36D378B59895A9F69.d.06D3FE25B9BDEB76387A1E57EF25F8A8.e.11302","ELEMENT":"f.F6BB02432D8D97F36D378B59895A9F69.d.06D3FE25B9BDEB76387A1E57EF25F8A8.e.11302"}]}
RESULT: {"script":"<script> [8489 bytes]","args":[{"element-6066-11e4-a52e-4f735466cecf":"f.F6BB02432D8D97F36D378B59895A9F69.d.06D3FE25B9BDEB76387A1E57EF25F8A8.e.11302","ELEMENT":"f.F6BB02432D8D97F36D378B59895A9F69.d.06D3FE25B9BDEB76387A1E57EF25F8A8.e.11302"}]}
COMMAND: POST /session/0140d377bb50cef00459d42e723e3497/element - {"using":"xpath","value":"//input[contains(@id ,\"yardId-inner\")]"}
COMMAND: GET /session/0140d377bb50cef00459d42e723e3497/screenshot - {}
RESULT: {}
RESULT: {"using":"xpath","value":"//input[contains(@id ,\"yardId-inner\")]"}
COMMAND: GET /session/0140d377bb50cef00459d42e723e3497/element/f.F6BB02432D8D97F36D378B59895A9F69.d.06D3FE25B9BDEB76387A1E57EF25F8A8.e.11302/enabled - {}
RESULT: {}
COMMAND: POST /session/0140d377bb50cef00459d42e723e3497/element/f.F6BB02432D8D97F36D378B59895A9F69.d.06D3FE25B9BDEB76387A1E57EF25F8A8.e.11302/clear - {}
COMMAND: GET /session/0140d377bb50cef00459d42e723e3497/screenshot - {}
RESULT: {}
COMMAND: POST /session/0140d377bb50cef00459d42e723e3497/element/f.F6BB02432D8D97F36D378B59895A9F69.d.06D3FE25B9BDEB76387A1E57EF25F8A8.e.11302/value - {"text":"WebdriverYard1mlab"}
COMMAND: GET /session/0140d377bb50cef00459d42e723e3497/screenshot - {}
RESULT: {}
RESULT: {"text":"WebdriverYard1mlab"}
COMMAND: GET /session/0140d377bb50cef00459d42e723e3497/screenshot - {}
RESULT: {}
RESULT: {}
COMMAND: POST /session/0140d377bb50cef00459d42e723e3497/actions - {"actions":[{"id":"action83","type":"key","parameters":{},"actions":[{"type":"keyDown","value":""},{"type":"pause","duration":10},{"type":"keyUp","value":""}]}]}
RESULT: {"actions":[{"id":"action83","type":"key","parameters":{},"actions":[{"type":"keyDown","value":""},{"type":"pause","duration":10},{"type":"keyUp","value":""}]}]}
COMMAND: GET /session/0140d377bb50cef00459d42e723e3497/screenshot - {}
RESULT: {}
COMMAND: POST /session/0140d377bb50cef00459d42e723e3497/element - {"using":"xpath","value":"//input[contains(@id ,\"customerNumber-inner\")]"}
RESULT: {"using":"xpath","value":"//input[contains(@id ,\"customerNumber-inner\")]"}
COMMAND: POST /session/0140d377bb50cef00459d42e723e3497/element/f.F6BB02432D8D97F36D378B59895A9F69.d.06D3FE25B9BDEB76387A1E57EF25F8A8.e.11296/value - {"text":"WebdriverPartneryg097"}
RESULT: {"text":"WebdriverPartneryg097"}
COMMAND: GET /session/0140d377bb50cef00459d42e723e3497/screenshot - {}
RESULT: {}
COMMAND: POST /session/0140d377bb50cef00459d42e723e3497/actions - {"actions":[{"id":"action84","type":"key","parameters":{},"actions":[{"type":"keyDown","value":""},{"type":"pause","duration":10},{"type":"keyUp","value":""}]}]}
RESULT: {"actions":[{"id":"action84","type":"key","parameters":{},"actions":[{"type":"keyDown","value":""},{"type":"pause","duration":10},{"type":"keyUp","value":""}]}]}
COMMAND: GET /session/0140d377bb50cef00459d42e723e3497/screenshot - {}
RESULT: {}
COMMAND: GET /session/0140d377bb50cef00459d42e723e3497/element/f.F6BB02432D8D97F36D378B59895A9F69.d.06D3FE25B9BDEB76387A1E57EF25F8A8.e.11296/property/value - {}
RESULT: {}
COMMAND: POST /session/0140d377bb50cef00459d42e723e3497/element/f.F6BB02432D8D97F36D378B59895A9F69.d.06D3FE25B9BDEB76387A1E57EF25F8A8.e.11296/value - {"text":"WebdriverPartneryg097"}
COMMAND: GET /session/0140d377bb50cef00459d42e723e3497/screenshot - {}
RESULT: {"text":"WebdriverPartneryg097"}
COMMAND: GET /session/0140d377bb50cef00459d42e723e3497/screenshot - {}
RESULT: {}
RESULT: {}
COMMAND: POST /session/0140d377bb50cef00459d42e723e3497/actions - {"actions":[{"id":"action85","type":"key","parameters":{},"actions":[{"type":"keyDown","value":""},{"type":"pause","duration":10},{"type":"keyUp","value":""}]}]}
RESULT: {"actions":[{"id":"action85","type":"key","parameters":{},"actions":[{"type":"keyDown","value":""},{"type":"pause","duration":10},{"type":"keyUp","value":""}]}]}
COMMAND: GET /session/0140d377bb50cef00459d42e723e3497/screenshot - {}
RESULT: {}
COMMAND: POST /session/0140d377bb50cef00459d42e723e3497/element - {"using":"xpath","value":"//input[contains(@id ,\"requestSiteId-inner\")]"}
RESULT: {"using":"xpath","value":"//input[contains(@id ,\"requestSiteId-inner\")]"}
COMMAND: POST /session/0140d377bb50cef00459d42e723e3497/element/f.F6BB02432D8D97F36D378B59895A9F69.d.06D3FE25B9BDEB76387A1E57EF25F8A8.e.11295/value - {"text":"WebdriverSite46gcbi"}
RESULT: {"text":"WebdriverSite46gcbi"}
COMMAND: GET /session/0140d377bb50cef00459d42e723e3497/screenshot - {}
RESULT: {}
COMMAND: POST /session/0140d377bb50cef00459d42e723e3497/actions - {"actions":[{"id":"action86","type":"key","parameters":{},"actions":[{"type":"keyDown","value":""},{"type":"pause","duration":10},{"type":"keyUp","value":""}]}]}
RESULT: {"actions":[{"id":"action86","type":"key","parameters":{},"actions":[{"type":"keyDown","value":""},{"type":"pause","duration":10},{"type":"keyUp","value":""}]}]}
COMMAND: GET /session/0140d377bb50cef00459d42e723e3497/screenshot - {}
RESULT: {}
COMMAND: POST /session/0140d377bb50cef00459d42e723e3497/element - {"using":"xpath","value":"//button[contains(@data-kt ,\"requestItemAddOverflowToolbarButton\")]"}
RESULT: {"using":"xpath","value":"//button[contains(@data-kt ,\"requestItemAddOverflowToolbarButton\")]"}
COMMAND: POST /session/0140d377bb50cef00459d42e723e3497/element/f.F6BB02432D8D97F36D378B59895A9F69.d.06D3FE25B9BDEB76387A1E57EF25F8A8.e.11454/click - {}
RESULT: {}
COMMAND: GET /session/0140d377bb50cef00459d42e723e3497/screenshot - {}
RESULT: {}
COMMAND: POST /session/0140d377bb50cef00459d42e723e3497/actions - {"actions":[{"id":"action87","type":"key","parameters":{},"actions":[{"type":"keyDown","value":""},{"type":"pause","duration":10},{"type":"keyUp","value":""}]}]}
RESULT: {"actions":[{"id":"action87","type":"key","parameters":{},"actions":[{"type":"keyDown","value":""},{"type":"pause","duration":10},{"type":"keyUp","value":""}]}]}
COMMAND: POST /session/0140d377bb50cef00459d42e723e3497/actions - {"actions":[{"id":"action88","type":"key","parameters":{},"actions":[{"type":"keyDown","value":""},{"type":"pause","duration":10},{"type":"keyUp","value":""}]}]}
COMMAND: GET /session/0140d377bb50cef00459d42e723e3497/screenshot - {}
RESULT: {"actions":[{"id":"action88","type":"key","parameters":{},"actions":[{"type":"keyDown","value":""},{"type":"pause","duration":10},{"type":"keyUp","value":""}]}]}
COMMAND: GET /session/0140d377bb50cef00459d42e723e3497/screenshot - {}
RESULT: {}
RESULT: {}
COMMAND: POST /session/0140d377bb50cef00459d42e723e3497/element - {"using":"xpath","value":"(//input[contains(@id ,\"requestItemsTable-0-inner\")])[1]"}
RESULT: {"using":"xpath","value":"(//input[contains(@id ,\"requestItemsTable-0-inner\")])[1]"}
COMMAND: POST /session/0140d377bb50cef00459d42e723e3497/element/f.F6BB02432D8D97F36D378B59895A9F69.d.06D3FE25B9BDEB76387A1E57EF25F8A8.e.11458/clear - {}
RESULT: {}
COMMAND: POST /session/0140d377bb50cef00459d42e723e3497/element/f.F6BB02432D8D97F36D378B59895A9F69.d.06D3FE25B9BDEB76387A1E57EF25F8A8.e.11458/value - {"text":"catalogItemcssu4"}
COMMAND: GET /session/0140d377bb50cef00459d42e723e3497/screenshot - {}
RESULT: {"text":"catalogItemcssu4"}
COMMAND: GET /session/0140d377bb50cef00459d42e723e3497/screenshot - {}
RESULT: {}
RESULT: {}
COMMAND: POST /session/0140d377bb50cef00459d42e723e3497/actions - {"actions":[{"id":"action89","type":"key","parameters":{},"actions":[{"type":"keyDown","value":""},{"type":"pause","duration":10},{"type":"keyUp","value":""}]}]}
RESULT: {"actions":[{"id":"action89","type":"key","parameters":{},"actions":[{"type":"keyDown","value":""},{"type":"pause","duration":10},{"type":"keyUp","value":""}]}]}
COMMAND: GET /session/0140d377bb50cef00459d42e723e3497/screenshot - {}
RESULT: {}
COMMAND: POST /session/0140d377bb50cef00459d42e723e3497/execute/async - {"script":"<script> [1562 bytes]","args":[{"selector":{"controlType":"sap.ui.core.Icon","viewName":"etm.portal.ui.managerequests.view.NewRequest","properties":{"src":{"regex":{"source":"slim\\-arrow\\-down"}}},"ancestor":{"controlType":"sap.m.Button","viewName":"etm.portal.ui.managerequests.view.NewRequest","properties":{"icon":"sap-icon://slim-arrow-down"}}},"wdio_ui5_key":"etmportal.ui.managerequests.view.NewRequestsap.ui.core.Icon{\"src\":{\"regex\":{\"source\":\"slim\\\\-arrow\\\\-down\"}}}{\"controlType\":\"sap.m.Button\",\"viewName\":\"etm.portal.ui.managerequests.view.NewRequest\",\"properties\":{\"icon\":\"sap-icon://slim-arrow-down\"}}"}]}
RESULT: {"script":"<script> [1562 bytes]","args":[{"selector":{"controlType":"sap.ui.core.Icon","viewName":"etm.portal.ui.managerequests.view.NewRequest","properties":{"src":{"regex":{"source":"slim\\-arrow\\-down"}}},"ancestor":{"controlType":"sap.m.Button","viewName":"etm.portal.ui.managerequests.view.NewRequest","properties":{"icon":"sap-icon://slim-arrow-down"}}},"wdio_ui5_key":"etmportal.ui.managerequests.view.NewRequestsap.ui.core.Icon{\"src\":{\"regex\":{\"source\":\"slim\\\\-arrow\\\\-down\"}}}{\"controlType\":\"sap.m.Button\",\"viewName\":\"etm.portal.ui.managerequests.view.NewRequest\",\"properties\":{\"icon\":\"sap-icon://slim-arrow-down\"}}"}]}
RESULT: undefined
COMMAND: POST /session/0140d377bb50cef00459d42e723e3497/element - {"using":"xpath","value":"//div[contains(@data-kt ,\"splitAllocationObjectStatus\")]"}
RESULT: {"using":"xpath","value":"//div[contains(@data-kt ,\"splitAllocationObjectStatus\")]"}
COMMAND: POST /session/0140d377bb50cef00459d42e723e3497/elements - {"using":"xpath","value":"//div[contains(@data-kt ,\"splitAllocationObjectStatus\")]"}
RESULT: {"using":"xpath","value":"//div[contains(@data-kt ,\"splitAllocationObjectStatus\")]"}
COMMAND: POST /session/0140d377bb50cef00459d42e723e3497/execute/async - {"script":"<script> [1562 bytes]","args":[{"selector":{"controlType":"sap.ui.core.Icon","viewName":"etm.portal.ui.managerequests.view.NewRequest","properties":{"src":{"regex":{"source":"message\\-error"}}}},"wdio_ui5_key":"etmportal.ui.managerequests.view.NewRequestsap.ui.core.Icon{\"src\":{\"regex\":{\"source\":\"message\\\\-error\"}}}"}]}
RESULT: {"script":"<script> [1562 bytes]","args":[{"selector":{"controlType":"sap.ui.core.Icon","viewName":"etm.portal.ui.managerequests.view.NewRequest","properties":{"src":{"regex":{"source":"message\\-error"}}}},"wdio_ui5_key":"etmportal.ui.managerequests.view.NewRequestsap.ui.core.Icon{\"src\":{\"regex\":{\"source\":\"message\\\\-error\"}}}"}]}
RESULT: undefined
COMMAND: POST /session/0140d377bb50cef00459d42e723e3497/element - {"using":"xpath","value":"//*[@id=\"__status4-__xmlview59--requestItemsTable-0-icon\"]"}
RESULT: {"using":"xpath","value":"//*[@id=\"__status4-__xmlview59--requestItemsTable-0-icon\"]"}
COMMAND: POST /session/0140d377bb50cef00459d42e723e3497/element/f.F6BB02432D8D97F36D378B59895A9F69.d.06D3FE25B9BDEB76387A1E57EF25F8A8.e.11473/click - {}
RESULT: {}
COMMAND: POST /session/0140d377bb50cef00459d42e723e3497/execute/async - {"script":"<script> [1562 bytes]","args":[{"selector":{"controlType":"sap.ui.core.Icon","viewName":"etm.portal.ui.managerequests.view.NewRequest","properties":{"src":{"regex":{"source":"slim\\-arrow\\-down"}}},"searchOpenDialogs":true,"ancestor":{"id":"costObjectAdminTypeComboBox","viewName":"etm.portal.ui.managerequests.view.NewRequest","searchOpenDialogs":true}},"wdio_ui5_key":"etmportal.ui.managerequests.view.NewRequestsap.ui.core.Icon{\"src\":{\"regex\":{\"source\":\"slim\\\\-arrow\\\\-down\"}}}{\"id\":\"costObjectAdminTypeComboBox\",\"viewName\":\"etm.portal.ui.managerequests.view.NewRequest\",\"searchOpenDialogs\":true}"}]}
COMMAND: GET /session/0140d377bb50cef00459d42e723e3497/screenshot - {}
RESULT: {"script":"<script> [1562 bytes]","args":[{"selector":{"controlType":"sap.ui.core.Icon","viewName":"etm.portal.ui.managerequests.view.NewRequest","properties":{"src":{"regex":{"source":"slim\\-arrow\\-down"}}},"searchOpenDialogs":true,"ancestor":{"id":"costObjectAdminTypeComboBox","viewName":"etm.portal.ui.managerequests.view.NewRequest","searchOpenDialogs":true}},"wdio_ui5_key":"etmportal.ui.managerequests.view.NewRequestsap.ui.core.Icon{\"src\":{\"regex\":{\"source\":\"slim\\\\-arrow\\\\-down\"}}}{\"id\":\"costObjectAdminTypeComboBox\",\"viewName\":\"etm.portal.ui.managerequests.view.NewRequest\",\"searchOpenDialogs\":true}"}]}
RESULT: undefined
COMMAND: POST /session/0140d377bb50cef00459d42e723e3497/element - {"using":"xpath","value":"//*[@id=\"__xmlview59--costObjectAdminTypeComboBox-arrow\"]"}
RESULT: {}
RESULT: {"using":"xpath","value":"//*[@id=\"__xmlview59--costObjectAdminTypeComboBox-arrow\"]"}
COMMAND: POST /session/0140d377bb50cef00459d42e723e3497/element/f.F6BB02432D8D97F36D378B59895A9F69.d.06D3FE25B9BDEB76387A1E57EF25F8A8.e.11478/click - {}
RESULT: {}
COMMAND: POST /session/0140d377bb50cef00459d42e723e3497/execute/async - {"script":"<script> [1562 bytes]","args":[{"selector":{"controlType":"sap.m.StandardListItem","viewName":"etm.portal.ui.managerequests.view.NewRequest","properties":{"title":"Cost Center"},"searchOpenDialogs":true,"interaction":{"idSuffix":"titleText"}},"wdio_ui5_key":"etmportal.ui.managerequests.view.NewRequestsap.m.StandardListItem{\"title\":\"Cost Center\"}"}]}
COMMAND: GET /session/0140d377bb50cef00459d42e723e3497/screenshot - {}
RESULT: {}
RESULT: {"script":"<script> [1562 bytes]","args":[{"selector":{"controlType":"sap.m.StandardListItem","viewName":"etm.portal.ui.managerequests.view.NewRequest","properties":{"title":"Cost Center"},"searchOpenDialogs":true,"interaction":{"idSuffix":"titleText"}},"wdio_ui5_key":"etmportal.ui.managerequests.view.NewRequestsap.m.StandardListItem{\"title\":\"Cost Center\"}"}]}
RESULT: undefined
COMMAND: POST /session/0140d377bb50cef00459d42e723e3497/element - {"using":"xpath","value":"//*[@id=\"__item740\"]"}
RESULT: {"using":"xpath","value":"//*[@id=\"__item740\"]"}
COMMAND: POST /session/0140d377bb50cef00459d42e723e3497/element/f.F6BB02432D8D97F36D378B59895A9F69.d.06D3FE25B9BDEB76387A1E57EF25F8A8.e.11480/click - {}
RESULT: {}
COMMAND: GET /session/0140d377bb50cef00459d42e723e3497/screenshot - {}
RESULT: {}
COMMAND: POST /session/0140d377bb50cef00459d42e723e3497/execute/async - {"script":"<script> [1562 bytes]","args":[{"selector":{"controlType":"sap.ui.core.Icon","viewName":"etm.portal.ui.managerequests.view.NewRequest","properties":{"src":{"regex":{"source":"value\\-help"}}},"searchOpenDialogs":true},"wdio_ui5_key":"etmportal.ui.managerequests.view.NewRequestsap.ui.core.Icon{\"src\":{\"regex\":{\"source\":\"value\\\\-help\"}}}"}]}
RESULT: {"script":"<script> [1562 bytes]","args":[{"selector":{"controlType":"sap.ui.core.Icon","viewName":"etm.portal.ui.managerequests.view.NewRequest","properties":{"src":{"regex":{"source":"value\\-help"}}},"searchOpenDialogs":true},"wdio_ui5_key":"etmportal.ui.managerequests.view.NewRequestsap.ui.core.Icon{\"src\":{\"regex\":{\"source\":\"value\\\\-help\"}}}"}]}
RESULT: undefined
COMMAND: POST /session/0140d377bb50cef00459d42e723e3497/element - {"using":"xpath","value":"//*[@id=\"__xmlview59--costObjectIdComboBox-vhi\"]"}
RESULT: {"using":"xpath","value":"//*[@id=\"__xmlview59--costObjectIdComboBox-vhi\"]"}
COMMAND: POST /session/0140d377bb50cef00459d42e723e3497/element/f.F6BB02432D8D97F36D378B59895A9F69.d.06D3FE25B9BDEB76387A1E57EF25F8A8.e.11487/click - {}
RESULT: {}
COMMAND: POST /session/0140d377bb50cef00459d42e723e3497/execute/async - {"script":"<script> [1562 bytes]","args":[{"selector":{"controlType":"sap.m.SearchField","properties":{"placeholder":"Search"},"searchOpenDialogs":true,"interaction":{"idSuffix":"I"}},"wdio_ui5_key":"sapm.SearchField{\"placeholder\":\"Search\"}"}]}
COMMAND: GET /session/0140d377bb50cef00459d42e723e3497/screenshot - {}
RESULT: {"script":"<script> [1562 bytes]","args":[{"selector":{"controlType":"sap.m.SearchField","properties":{"placeholder":"Search"},"searchOpenDialogs":true,"interaction":{"idSuffix":"I"}},"wdio_ui5_key":"sapm.SearchField{\"placeholder\":\"Search\"}"}]}
RESULT: undefined
COMMAND: POST /session/0140d377bb50cef00459d42e723e3497/execute/async - {"script":"<script> [776 bytes]","args":[{"enterText":"10001010","selector":{"controlType":"sap.m.SearchField","properties":{"placeholder":"Search"},"searchOpenDialogs":true,"interaction":{"idSuffix":"I"}},"clearTextFirst":true,"interactionType":"ENTER_TEXT"}]}
RESULT: {}
RESULT: {"script":"<script> [776 bytes]","args":[{"enterText":"10001010","selector":{"controlType":"sap.m.SearchField","properties":{"placeholder":"Search"},"searchOpenDialogs":true,"interaction":{"idSuffix":"I"}},"clearTextFirst":true,"interactionType":"ENTER_TEXT"}]}
COMMAND: POST /session/0140d377bb50cef00459d42e723e3497/actions - {"actions":[{"id":"action90","type":"key","parameters":{},"actions":[{"type":"keyDown","value":""},{"type":"pause","duration":10},{"type":"keyUp","value":""}]}]}
RESULT: {"actions":[{"id":"action90","type":"key","parameters":{},"actions":[{"type":"keyDown","value":""},{"type":"pause","duration":10},{"type":"keyUp","value":""}]}]}
COMMAND: GET /session/0140d377bb50cef00459d42e723e3497/screenshot - {}
RESULT: {}
COMMAND: POST /session/0140d377bb50cef00459d42e723e3497/execute/async - {"script":"<script> [1562 bytes]","args":[{"selector":{"controlType":"sap.m.Text","bindingPath":{"path":"/C_CostCtrValueHelp(CostCenter='10001010',ControllingArea='Z001')","propertyPath":"CostCenterName","modelName":"CostCenterModel"},"searchOpenDialogs":true},"wdio_ui5_key":"sapm.Text{\"path\":\"/C_CostCtrValueHelp(CostCenter='10001010',ControllingArea='Z001')\",\"propertyPath\":\"CostCenterName\",\"modelName\":\"CostCenterModel\"}"}]}
RESULT: {"script":"<script> [1562 bytes]","args":[{"selector":{"controlType":"sap.m.Text","bindingPath":{"path":"/C_CostCtrValueHelp(CostCenter='10001010',ControllingArea='Z001')","propertyPath":"CostCenterName","modelName":"CostCenterModel"},"searchOpenDialogs":true},"wdio_ui5_key":"sapm.Text{\"path\":\"/C_CostCtrValueHelp(CostCenter='10001010',ControllingArea='Z001')\",\"propertyPath\":\"CostCenterName\",\"modelName\":\"CostCenterModel\"}"}]}
RESULT: undefined
COMMAND: POST /session/0140d377bb50cef00459d42e723e3497/element - {"using":"xpath","value":"//*[@id=\"__text291-__clone878\"]"}
RESULT: {"using":"xpath","value":"//*[@id=\"__text291-__clone878\"]"}
COMMAND: POST /session/0140d377bb50cef00459d42e723e3497/element/f.F6BB02432D8D97F36D378B59895A9F69.d.06D3FE25B9BDEB76387A1E57EF25F8A8.e.11526/click - {}
RESULT: {}
COMMAND: POST /session/0140d377bb50cef00459d42e723e3497/execute/async - {"script":"<script> [1562 bytes]","args":[{"selector":{"controlType":"sap.m.Button","properties":{"text":"OK"},"searchOpenDialogs":true,"interaction":{"idSuffix":"BDI-content"}},"wdio_ui5_key":"sapm.Button{\"text\":\"OK\"}"}]}
COMMAND: GET /session/0140d377bb50cef00459d42e723e3497/screenshot - {}
RESULT: {"script":"<script> [1562 bytes]","args":[{"selector":{"controlType":"sap.m.Button","properties":{"text":"OK"},"searchOpenDialogs":true,"interaction":{"idSuffix":"BDI-content"}},"wdio_ui5_key":"sapm.Button{\"text\":\"OK\"}"}]}
RESULT: undefined
COMMAND: POST /session/0140d377bb50cef00459d42e723e3497/element - {"using":"xpath","value":"//*[@id=\"__dialog1-ok\"]"}
RESULT: {}
RESULT: {"using":"xpath","value":"//*[@id=\"__dialog1-ok\"]"}
COMMAND: POST /session/0140d377bb50cef00459d42e723e3497/element/f.F6BB02432D8D97F36D378B59895A9F69.d.06D3FE25B9BDEB76387A1E57EF25F8A8.e.11528/click - {}
RESULT: {}
COMMAND: GET /session/0140d377bb50cef00459d42e723e3497/screenshot - {}
RESULT: {}
COMMAND: POST /session/0140d377bb50cef00459d42e723e3497/execute/async - {"script":"<script> [1562 bytes]","args":[{"selector":{"controlType":"sap.m.Button","viewName":"etm.portal.ui.managerequests.view.NewRequest","i18NText":{"propertyName":"text","key":"save"},"searchOpenDialogs":true,"interaction":{"idSuffix":"BDI-content"}},"wdio_ui5_key":"etmportal.ui.managerequests.view.NewRequestsap.m.Button{\"propertyName\":\"text\",\"key\":\"save\"}"}]}
RESULT: {"script":"<script> [1562 bytes]","args":[{"selector":{"controlType":"sap.m.Button","viewName":"etm.portal.ui.managerequests.view.NewRequest","i18NText":{"propertyName":"text","key":"save"},"searchOpenDialogs":true,"interaction":{"idSuffix":"BDI-content"}},"wdio_ui5_key":"etmportal.ui.managerequests.view.NewRequestsap.m.Button{\"propertyName\":\"text\",\"key\":\"save\"}"}]}
RESULT: undefined
COMMAND: POST /session/0140d377bb50cef00459d42e723e3497/element - {"using":"xpath","value":"//*[@id=\"__button24\"]"}
RESULT: {"using":"xpath","value":"//*[@id=\"__button24\"]"}
COMMAND: POST /session/0140d377bb50cef00459d42e723e3497/element/f.F6BB02432D8D97F36D378B59895A9F69.d.06D3FE25B9BDEB76387A1E57EF25F8A8.e.11532/click - {}
RESULT: {}
COMMAND: GET /session/0140d377bb50cef00459d42e723e3497/screenshot - {}
RESULT: {}
COMMAND: POST /session/0140d377bb50cef00459d42e723e3497/element - {"using":"xpath","value":"(//bdi[contains(text() ,\"Save\")])[1]"}
RESULT: {"using":"xpath","value":"(//bdi[contains(text() ,\"Save\")])[1]"}
COMMAND: POST /session/0140d377bb50cef00459d42e723e3497/element/f.F6BB02432D8D97F36D378B59895A9F69.d.06D3FE25B9BDEB76387A1E57EF25F8A8.e.11534/click - {}
RESULT: {}
COMMAND: GET /session/0140d377bb50cef00459d42e723e3497/screenshot - {}
RESULT: {}
COMMAND: POST /session/0140d377bb50cef00459d42e723e3497/execute/async - {"script":"<script> [1562 bytes]","args":[{"selector":{"controlType":"sap.m.Title","properties":{"text":"Success"},"searchOpenDialogs":true},"wdio_ui5_key":"sapm.Title{\"text\":\"Success\"}"}]}
RESULT: {"script":"<script> [1562 bytes]","args":[{"selector":{"controlType":"sap.m.Title","properties":{"text":"Success"},"searchOpenDialogs":true},"wdio_ui5_key":"sapm.Title{\"text\":\"Success\"}"}]}
RESULT: undefined
COMMAND: POST /session/0140d377bb50cef00459d42e723e3497/execute/async - {"script":"<script> [6424 bytes]","args":[{"element-6066-11e4-a52e-4f735466cecf":"f.F6BB02432D8D97F36D378B59895A9F69.d.06D3FE25B9BDEB76387A1E57EF25F8A8.e.11538"},"getText",[]]}
RESULT: {"script":"<script> [6424 bytes]","args":[{"element-6066-11e4-a52e-4f735466cecf":"f.F6BB02432D8D97F36D378B59895A9F69.d.06D3FE25B9BDEB76387A1E57EF25F8A8.e.11538"},"getText",[]]}
COMMAND: POST /session/0140d377bb50cef00459d42e723e3497/execute/async - {"script":"<script> [1562 bytes]","args":[{"selector":{"controlType":"sap.m.Button","properties":{"text":"Close"},"searchOpenDialogs":true,"interaction":{"idSuffix":"BDI-content"}},"wdio_ui5_key":"sapm.Button{\"text\":\"Close\"}"}]}
RESULT: {"script":"<script> [1562 bytes]","args":[{"selector":{"controlType":"sap.m.Button","properties":{"text":"Close"},"searchOpenDialogs":true,"interaction":{"idSuffix":"BDI-content"}},"wdio_ui5_key":"sapm.Button{\"text\":\"Close\"}"}]}
RESULT: undefined
COMMAND: POST /session/0140d377bb50cef00459d42e723e3497/element - {"using":"xpath","value":"//*[@id=\"__mbox-btn-0\"]"}
RESULT: {"using":"xpath","value":"//*[@id=\"__mbox-btn-0\"]"}
COMMAND: POST /session/0140d377bb50cef00459d42e723e3497/element/f.F6BB02432D8D97F36D378B59895A9F69.d.06D3FE25B9BDEB76387A1E57EF25F8A8.e.11537/click - {}
RESULT: {}
COMMAND: GET /session/0140d377bb50cef00459d42e723e3497/screenshot - {}
RESULT: {}
COMMAND: POST /session/0140d377bb50cef00459d42e723e3497/execute/async - {"script":"<script> [1562 bytes]","args":[{"selector":{"controlType":"sap.m.Text","viewName":"etm.portal.ui.managerequests.view.Detail","bindingPath":{"propertyPath":"NO","modelName":"catalogModel"}},"wdio_ui5_key":"etmportal.ui.managerequests.view.Detailsap.m.Text{\"propertyPath\":\"NO\",\"modelName\":\"catalogModel\"}"}]}
RESULT: {"script":"<script> [1562 bytes]","args":[{"selector":{"controlType":"sap.m.Text","viewName":"etm.portal.ui.managerequests.view.Detail","bindingPath":{"propertyPath":"NO","modelName":"catalogModel"}},"wdio_ui5_key":"etmportal.ui.managerequests.view.Detailsap.m.Text{\"propertyPath\":\"NO\",\"modelName\":\"catalogModel\"}"}]}
RESULT: undefined
COMMAND: POST /session/0140d377bb50cef00459d42e723e3497/execute/async - {"script":"<script> [6424 bytes]","args":[{"element-6066-11e4-a52e-4f735466cecf":"f.F6BB02432D8D97F36D378B59895A9F69.d.06D3FE25B9BDEB76387A1E57EF25F8A8.e.11666"},"getText",[]]}
RESULT: {"script":"<script> [6424 bytes]","args":[{"element-6066-11e4-a52e-4f735466cecf":"f.F6BB02432D8D97F36D378B59895A9F69.d.06D3FE25B9BDEB76387A1E57EF25F8A8.e.11666"},"getText",[]]}
COMMAND: POST /session/0140d377bb50cef00459d42e723e3497/execute/async - {"script":"<script> [1562 bytes]","args":[{"selector":{"controlType":"sap.ui.core.Icon","viewName":"etm.portal.ui.managerequests.view.Detail","properties":{"src":{"regex":{"source":"date\\-time"}}},"ancestor":{"controlType":"sap.m.ColumnListItem","viewName":"etm.portal.ui.managerequests.view.Detail","bindingPath":{"path":"/SmartRequestItemsPlanningBoard(ITEM=10m,REQUEST='20200')"},"ancestor":{"id":"requestItemsTable","viewName":"etm.portal.ui.managerequests.view.Detail"}}},"wdio_ui5_key":"etmportal.ui.managerequests.view.Detailsap.ui.core.Icon{\"src\":{\"regex\":{\"source\":\"date\\\\-time\"}}}{\"controlType\":\"sap.m.ColumnListItem\",\"viewName\":\"etm.portal.ui.managerequests.view.Detail\",\"bindingPath\":{\"path\":\"/SmartRequestItemsPlanningBoard(ITEM=10m,REQUEST='20200')\"},\"ancestor\":{\"id\":\"requestItemsTable\",\"viewName\":\"etm.portal.ui.managerequests.view.Detail\"}}"}]}
RESULT: {"script":"<script> [1562 bytes]","args":[{"selector":{"controlType":"sap.ui.core.Icon","viewName":"etm.portal.ui.managerequests.view.Detail","properties":{"src":{"regex":{"source":"date\\-time"}}},"ancestor":{"controlType":"sap.m.ColumnListItem","viewName":"etm.portal.ui.managerequests.view.Detail","bindingPath":{"path":"/SmartRequestItemsPlanningBoard(ITEM=10m,REQUEST='20200')"},"ancestor":{"id":"requestItemsTable","viewName":"etm.portal.ui.managerequests.view.Detail"}}},"wdio_ui5_key":"etmportal.ui.managerequests.view.Detailsap.ui.core.Icon{\"src\":{\"regex\":{\"source\":\"date\\\\-time\"}}}{\"controlType\":\"sap.m.ColumnListItem\",\"viewName\":\"etm.portal.ui.managerequests.view.Detail\",\"bindingPath\":{\"path\":\"/SmartRequestItemsPlanningBoard(ITEM=10m,REQUEST='20200')\"},\"ancestor\":{\"id\":\"requestItemsTable\",\"viewName\":\"etm.portal.ui.managerequests.view.Detail\"}}"}]}
RESULT: undefined
COMMAND: POST /session/0140d377bb50cef00459d42e723e3497/element - {"using":"xpath","value":"//*[@id=\"__button39-__clone917-img\"]"}
RESULT: {"using":"xpath","value":"//*[@id=\"__button39-__clone917-img\"]"}
COMMAND: POST /session/0140d377bb50cef00459d42e723e3497/element/f.F6BB02432D8D97F36D378B59895A9F69.d.06D3FE25B9BDEB76387A1E57EF25F8A8.e.11667/click - {}
RESULT: {}
COMMAND: POST /session/0140d377bb50cef00459d42e723e3497/execute/async - {"script":"<script> [1562 bytes]","args":[{"selector":{"controlType":"sap.m.Button","viewName":"etm.portal.ui.managerequests.view.Detail","properties":{"text":"Close"},"searchOpenDialogs":true,"interaction":{"idSuffix":"BDI-content"}},"wdio_ui5_key":"etmportal.ui.managerequests.view.Detailsap.m.Button{\"text\":\"Close\"}"}]}
COMMAND: GET /session/0140d377bb50cef00459d42e723e3497/screenshot - {}
RESULT: {"script":"<script> [1562 bytes]","args":[{"selector":{"controlType":"sap.m.Button","viewName":"etm.portal.ui.managerequests.view.Detail","properties":{"text":"Close"},"searchOpenDialogs":true,"interaction":{"idSuffix":"BDI-content"}},"wdio_ui5_key":"etmportal.ui.managerequests.view.Detailsap.m.Button{\"text\":\"Close\"}"}]}
RESULT: undefined
COMMAND: POST /session/0140d377bb50cef00459d42e723e3497/element - {"using":"xpath","value":"//*[@id=\"__button49\"]"}
RESULT: {}
RESULT: {"using":"xpath","value":"//*[@id=\"__button49\"]"}
COMMAND: POST /session/0140d377bb50cef00459d42e723e3497/element/f.F6BB02432D8D97F36D378B59895A9F69.d.06D3FE25B9BDEB76387A1E57EF25F8A8.e.11670/click - {}
RESULT: {}
COMMAND: GET /session/0140d377bb50cef00459d42e723e3497/screenshot - {}
RESULT: {}
COMMAND: POST /session/0140d377bb50cef00459d42e723e3497/refresh - {}
RESULT: {}
COMMAND: GET /session/0140d377bb50cef00459d42e723e3497/screenshot - {}
RESULT: {}
COMMAND: POST /session/0140d377bb50cef00459d42e723e3497/execute/async - {"script":"<script> [189 bytes]","args":[]}
RESULT: {"script":"<script> [189 bytes]","args":[]}
COMMAND: POST /session/0140d377bb50cef00459d42e723e3497/execute/async - {"script":"<script> [123 bytes]","args":[]}
RESULT: {"script":"<script> [123 bytes]","args":[]}
COMMAND: POST /session/0140d377bb50cef00459d42e723e3497/timeouts - {"script":"<number>"}
RESULT: {"script":"<number>"}
COMMAND: GET /session/0140d377bb50cef00459d42e723e3497/timeouts - {}
RESULT: {}
RESULT: undefined
COMMAND: POST /session/0140d377bb50cef00459d42e723e3497/execute/async - {"script":"<script> [2676 bytes]","args":[]}
RESULT: {"script":"<script> [2676 bytes]","args":[]}
COMMAND: POST /session/0140d377bb50cef00459d42e723e3497/execute/async - {"script":"<script> [2342 bytes]","args":[{"protocol":"http","hostname":"0.0.0.0","path":"/","capabilities":{"browserName":"chrome","goog:chromeOptions":{"binary":"C:\\Program Files\\Google\\Chrome\\Application\\chrome.exe","args":["--start-maximized"]}},"logLevel":"warn","connectionRetryTimeout":120000,"connectionRetryCount":3,"logLevels":{},"enableDirectConnect":true,"strictSSL":true,"_":"65 more keys: [\"cacheDir\",\"port\",\"requestedCapabilities\",\"automationProtocol\",\"baseUrl\",\"waitforInterval\",\"waitforTimeout\",\"onReload\",\"beforeCommand\",\"afterCommand\",\"rootDir\",\"specs\",\"suites\",\"exclude\",\"groupLogsByTestSpec\",\"excludeDriverLogs\",\"bail\",\"framework\",\"reporters\",\"services\",\"maxInstances\",\"maxInstancesPerCapability\",\"injectGlobals\",\"filesToWatch\",\"execArgv\",\"runnerEnv\",\"runner\",\"shard\",\"specFileRetries\",\"specFileRetriesDelay\",\"specFileRetriesDeferred\",\"reporterSyncInterval\",\"reporterSyncTimeout\",\"cucumberFeaturesWithLineNumbers\",\"autoCompileOpts\",\"mochaOpts\",\"jasmineOpts\",\"cucumberOpts\",\"onPrepare\",\"onWorkerStart\",\"onWorkerEnd\",\"before\",\"beforeSession\",\"beforeSuite\",\"beforeHook\",\"beforeTest\",\"afterTest\",\"afterHook\",\"afterSuite\",\"afterSession\",\"after\",\"onComplete\",\"beforeAssertion\",\"afterAssertion\",\"beforeFeature\",\"beforeScenario\",\"beforeStep\",\"afterStep\",\"afterScenario\",\"afterFeature\",\"_\",\"suite\",\"$0\",\"ignoredWorkerServices\",\"wdi5\"]"}]}
RESULT: {"script":"<script> [2342 bytes]","args":[{"protocol":"http","hostname":"0.0.0.0","path":"/","capabilities":{"browserName":"chrome","goog:chromeOptions":{"binary":"C:\\Program Files\\Google\\Chrome\\Application\\chrome.exe","args":["--start-maximized"]}},"logLevel":"warn","connectionRetryTimeout":120000,"connectionRetryCount":3,"logLevels":{},"enableDirectConnect":true,"strictSSL":true,"_":"65 more keys: [\"cacheDir\",\"port\",\"requestedCapabilities\",\"automationProtocol\",\"baseUrl\",\"waitforInterval\",\"waitforTimeout\",\"onReload\",\"beforeCommand\",\"afterCommand\",\"rootDir\",\"specs\",\"suites\",\"exclude\",\"groupLogsByTestSpec\",\"excludeDriverLogs\",\"bail\",\"framework\",\"reporters\",\"services\",\"maxInstances\",\"maxInstancesPerCapability\",\"injectGlobals\",\"filesToWatch\",\"execArgv\",\"runnerEnv\",\"runner\",\"shard\",\"specFileRetries\",\"specFileRetriesDelay\",\"specFileRetriesDeferred\",\"reporterSyncInterval\",\"reporterSyncTimeout\",\"cucumberFeaturesWithLineNumbers\",\"autoCompileOpts\",\"mochaOpts\",\"jasmineOpts\",\"cucumberOpts\",\"onPrepare\",\"onWorkerStart\",\"onWorkerEnd\",\"before\",\"beforeSession\",\"beforeSuite\",\"beforeHook\",\"beforeTest\",\"afterTest\",\"afterHook\",\"afterSuite\",\"afterSession\",\"after\",\"onComplete\",\"beforeAssertion\",\"afterAssertion\",\"beforeFeature\",\"beforeScenario\",\"beforeStep\",\"afterStep\",\"afterScenario\",\"afterFeature\",\"_\",\"suite\",\"$0\",\"ignoredWorkerServices\",\"wdi5\"]"}]}
COMMAND: POST /session/0140d377bb50cef00459d42e723e3497/execute/async - {"script":"<script> [21126 bytes]","args":[35000]}
RESULT: {"script":"<script> [21126 bytes]","args":[35000]}
]]></system-out>
    </testcase>
    <testcase classname="chrome.136_0_7103_93.windows.Process_request_items_into_an_existing_quotation_US120163" name="Should process the request into an existing quotation" time="70.629">
      <system-out><![CDATA[
COMMAND: GET /session/0140d377bb50cef00459d42e723e3497/window - {}
RESULT: {}
COMMAND: POST /session/0140d377bb50cef00459d42e723e3497/element - {"using":"xpath","value":"//span[contains(@id ,\"detailHeaderTitle-_actionsToolbar-overflowButton-img\")]"}
RESULT: {"using":"xpath","value":"//span[contains(@id ,\"detailHeaderTitle-_actionsToolbar-overflowButton-img\")]"}
COMMAND: POST /session/0140d377bb50cef00459d42e723e3497/element/f.F6BB02432D8D97F36D378B59895A9F69.d.A9A2BFE609E267691360CEA97FBECD97.e.11889/click - {}
RESULT: {}
COMMAND: GET /session/0140d377bb50cef00459d42e723e3497/screenshot - {}
RESULT: {}
COMMAND: POST /session/0140d377bb50cef00459d42e723e3497/element - {"using":"xpath","value":"//span[contains(@id ,\"actionsMenuButton-internalSplitBtn-arrowButton-img\")]"}
RESULT: {"using":"xpath","value":"//span[contains(@id ,\"actionsMenuButton-internalSplitBtn-arrowButton-img\")]"}
COMMAND: POST /session/0140d377bb50cef00459d42e723e3497/element/f.F6BB02432D8D97F36D378B59895A9F69.d.A9A2BFE609E267691360CEA97FBECD97.e.11893/click - {}
RESULT: {}
COMMAND: GET /session/0140d377bb50cef00459d42e723e3497/screenshot - {}
RESULT: {}
COMMAND: POST /session/0140d377bb50cef00459d42e723e3497/actions - {"actions":[{"id":"action91","type":"key","parameters":{},"actions":[{"type":"keyDown","value":""},{"type":"pause","duration":10},{"type":"keyUp","value":""}]}]}
RESULT: {"actions":[{"id":"action91","type":"key","parameters":{},"actions":[{"type":"keyDown","value":""},{"type":"pause","duration":10},{"type":"keyUp","value":""}]}]}
COMMAND: GET /session/0140d377bb50cef00459d42e723e3497/screenshot - {}
RESULT: {}
COMMAND: POST /session/0140d377bb50cef00459d42e723e3497/actions - {"actions":[{"id":"action92","type":"key","parameters":{},"actions":[{"type":"keyDown","value":""},{"type":"pause","duration":10},{"type":"keyUp","value":""}]}]}
RESULT: {"actions":[{"id":"action92","type":"key","parameters":{},"actions":[{"type":"keyDown","value":""},{"type":"pause","duration":10},{"type":"keyUp","value":""}]}]}
COMMAND: GET /session/0140d377bb50cef00459d42e723e3497/screenshot - {}
RESULT: {}
COMMAND: POST /session/0140d377bb50cef00459d42e723e3497/actions - {"actions":[{"id":"action93","type":"key","parameters":{},"actions":[{"type":"keyDown","value":""},{"type":"pause","duration":10},{"type":"keyUp","value":""}]}]}
RESULT: {"actions":[{"id":"action93","type":"key","parameters":{},"actions":[{"type":"keyDown","value":""},{"type":"pause","duration":10},{"type":"keyUp","value":""}]}]}
COMMAND: GET /session/0140d377bb50cef00459d42e723e3497/screenshot - {}
RESULT: {}
COMMAND: POST /session/0140d377bb50cef00459d42e723e3497/actions - {"actions":[{"id":"action94","type":"key","parameters":{},"actions":[{"type":"keyDown","value":""},{"type":"pause","duration":10},{"type":"keyUp","value":""}]}]}
RESULT: {"actions":[{"id":"action94","type":"key","parameters":{},"actions":[{"type":"keyDown","value":""},{"type":"pause","duration":10},{"type":"keyUp","value":""}]}]}
COMMAND: GET /session/0140d377bb50cef00459d42e723e3497/screenshot - {}
RESULT: {}
COMMAND: POST /session/0140d377bb50cef00459d42e723e3497/element - {"using":"xpath","value":"//input[contains(@id ,\"quotationsSearchField-I\")]"}
RESULT: {"using":"xpath","value":"//input[contains(@id ,\"quotationsSearchField-I\")]"}
COMMAND: POST /session/0140d377bb50cef00459d42e723e3497/element/f.F6BB02432D8D97F36D378B59895A9F69.d.A9A2BFE609E267691360CEA97FBECD97.e.11896/clear - {}
RESULT: {}
COMMAND: POST /session/0140d377bb50cef00459d42e723e3497/element/f.F6BB02432D8D97F36D378B59895A9F69.d.A9A2BFE609E267691360CEA97FBECD97.e.11896/value - {"text":"WdIOQuotationzipgs"}
COMMAND: GET /session/0140d377bb50cef00459d42e723e3497/screenshot - {}
RESULT: {"text":"WdIOQuotationzipgs"}
COMMAND: GET /session/0140d377bb50cef00459d42e723e3497/screenshot - {}
RESULT: {}
RESULT: {}
COMMAND: POST /session/0140d377bb50cef00459d42e723e3497/actions - {"actions":[{"id":"action95","type":"key","parameters":{},"actions":[{"type":"keyDown","value":""},{"type":"pause","duration":10},{"type":"keyUp","value":""}]}]}
RESULT: {"actions":[{"id":"action95","type":"key","parameters":{},"actions":[{"type":"keyDown","value":""},{"type":"pause","duration":10},{"type":"keyUp","value":""}]}]}
COMMAND: GET /session/0140d377bb50cef00459d42e723e3497/screenshot - {}
RESULT: {}
COMMAND: POST /session/0140d377bb50cef00459d42e723e3497/element - {"using":"xpath","value":"//div[contains(@id ,\"selectSingle\")]"}
RESULT: {"using":"xpath","value":"//div[contains(@id ,\"selectSingle\")]"}
COMMAND: POST /session/0140d377bb50cef00459d42e723e3497/element/f.F6BB02432D8D97F36D378B59895A9F69.d.A9A2BFE609E267691360CEA97FBECD97.e.11908/click - {}
RESULT: {}
COMMAND: GET /session/0140d377bb50cef00459d42e723e3497/screenshot - {}
RESULT: {}
COMMAND: POST /session/0140d377bb50cef00459d42e723e3497/element - {"using":"xpath","value":"//bdi[contains(text() ,\"Selection Done\")]"}
RESULT: {"using":"xpath","value":"//bdi[contains(text() ,\"Selection Done\")]"}
COMMAND: POST /session/0140d377bb50cef00459d42e723e3497/element/f.F6BB02432D8D97F36D378B59895A9F69.d.A9A2BFE609E267691360CEA97FBECD97.e.11909/click - {}
RESULT: {}
COMMAND: GET /session/0140d377bb50cef00459d42e723e3497/screenshot - {}
RESULT: {}
COMMAND: POST /session/0140d377bb50cef00459d42e723e3497/actions - {"actions":[{"id":"action96","type":"key","parameters":{},"actions":[{"type":"keyDown","value":""},{"type":"pause","duration":10},{"type":"keyUp","value":""}]}]}
RESULT: {"actions":[{"id":"action96","type":"key","parameters":{},"actions":[{"type":"keyDown","value":""},{"type":"pause","duration":10},{"type":"keyUp","value":""}]}]}
COMMAND: GET /session/0140d377bb50cef00459d42e723e3497/screenshot - {}
RESULT: {}
COMMAND: POST /session/0140d377bb50cef00459d42e723e3497/actions - {"actions":[{"id":"action97","type":"key","parameters":{},"actions":[{"type":"keyDown","value":""},{"type":"pause","duration":10},{"type":"keyUp","value":""}]}]}
RESULT: {"actions":[{"id":"action97","type":"key","parameters":{},"actions":[{"type":"keyDown","value":""},{"type":"pause","duration":10},{"type":"keyUp","value":""}]}]}
COMMAND: GET /session/0140d377bb50cef00459d42e723e3497/screenshot - {}
RESULT: {}
COMMAND: GET /session/0140d377bb50cef00459d42e723e3497/window/handles - {}
RESULT: {}
COMMAND: GET /session/0140d377bb50cef00459d42e723e3497/window/handles - {}
RESULT: {}
COMMAND: POST /session/0140d377bb50cef00459d42e723e3497/window - {"handle":"9FF6AEBBF95F23DD3AB6269BF3FD1F82"}
RESULT: {"handle":"9FF6AEBBF95F23DD3AB6269BF3FD1F82"}
COMMAND: GET /session/0140d377bb50cef00459d42e723e3497/url - {}
RESULT: {}
COMMAND: GET /session/0140d377bb50cef00459d42e723e3497/screenshot - {}
RESULT: {}
COMMAND: POST /session/0140d377bb50cef00459d42e723e3497/element - {"using":"xpath","value":"//span[contains(text(), \"Header Billing Items\")]"}
RESULT: {"using":"xpath","value":"//span[contains(text(), \"Header Billing Items\")]"}
COMMAND: POST /session/0140d377bb50cef00459d42e723e3497/element/f.9FF6AEBBF95F23DD3AB6269BF3FD1F82.d.D467DC37D0785674F6C9C8939EE44D18.e.12135/click - {}
RESULT: {}
COMMAND: GET /session/0140d377bb50cef00459d42e723e3497/screenshot - {}
RESULT: {}
COMMAND: POST /session/0140d377bb50cef00459d42e723e3497/element - {"using":"xpath","value":"//span[contains(@id ,\"contractItemsSmartTable-header-inner\")]"}
RESULT: {"using":"xpath","value":"//span[contains(@id ,\"contractItemsSmartTable-header-inner\")]"}
COMMAND: GET /session/0140d377bb50cef00459d42e723e3497/element/f.9FF6AEBBF95F23DD3AB6269BF3FD1F82.d.D467DC37D0785674F6C9C8939EE44D18.e.12137/text - {}
RESULT: {}
COMMAND: POST /session/0140d377bb50cef00459d42e723e3497/element - {"using":"xpath","value":"//span[@class=\"sapMObjStatusText\"][contains(text(), \"proposed\")]"}
RESULT: {"using":"xpath","value":"//span[@class=\"sapMObjStatusText\"][contains(text(), \"proposed\")]"}
COMMAND: GET /session/0140d377bb50cef00459d42e723e3497/element/f.9FF6AEBBF95F23DD3AB6269BF3FD1F82.d.D467DC37D0785674F6C9C8939EE44D18.e.12138/text - {}
RESULT: {}
COMMAND: DELETE /session/0140d377bb50cef00459d42e723e3497/window - {}
RESULT: {}
COMMAND: POST /session/0140d377bb50cef00459d42e723e3497/window - {"handle":"F6BB02432D8D97F36D378B59895A9F69"}
RESULT: {"handle":"F6BB02432D8D97F36D378B59895A9F69"}
COMMAND: GET /session/0140d377bb50cef00459d42e723e3497/url - {}
RESULT: {}
COMMAND: GET /session/0140d377bb50cef00459d42e723e3497/screenshot - {}
RESULT: {}
]]></system-out>
    </testcase>
    <testcase classname="chrome.136_0_7103_93.windows.Process_request_items_into_an_existing_quotation_US120163" name="Should navigate back to the request and check the request and item statuses" time="40.861">
      <system-out><![CDATA[
COMMAND: POST /session/0140d377bb50cef00459d42e723e3497/refresh - {}
RESULT: {}
COMMAND: GET /session/0140d377bb50cef00459d42e723e3497/screenshot - {}
RESULT: {}
COMMAND: POST /session/0140d377bb50cef00459d42e723e3497/execute/async - {"script":"<script> [189 bytes]","args":[]}
RESULT: {"script":"<script> [189 bytes]","args":[]}
COMMAND: POST /session/0140d377bb50cef00459d42e723e3497/execute/async - {"script":"<script> [123 bytes]","args":[]}
RESULT: {"script":"<script> [123 bytes]","args":[]}
COMMAND: POST /session/0140d377bb50cef00459d42e723e3497/timeouts - {"script":"<number>"}
RESULT: {"script":"<number>"}
COMMAND: GET /session/0140d377bb50cef00459d42e723e3497/timeouts - {}
RESULT: {}
RESULT: undefined
COMMAND: POST /session/0140d377bb50cef00459d42e723e3497/execute/async - {"script":"<script> [2676 bytes]","args":[]}
RESULT: {"script":"<script> [2676 bytes]","args":[]}
COMMAND: POST /session/0140d377bb50cef00459d42e723e3497/execute/async - {"script":"<script> [2342 bytes]","args":[{"protocol":"http","hostname":"0.0.0.0","path":"/","capabilities":{"browserName":"chrome","goog:chromeOptions":{"binary":"C:\\Program Files\\Google\\Chrome\\Application\\chrome.exe","args":["--start-maximized"]}},"logLevel":"warn","connectionRetryTimeout":120000,"connectionRetryCount":3,"logLevels":{},"enableDirectConnect":true,"strictSSL":true,"_":"65 more keys: [\"cacheDir\",\"port\",\"requestedCapabilities\",\"automationProtocol\",\"baseUrl\",\"waitforInterval\",\"waitforTimeout\",\"onReload\",\"beforeCommand\",\"afterCommand\",\"rootDir\",\"specs\",\"suites\",\"exclude\",\"groupLogsByTestSpec\",\"excludeDriverLogs\",\"bail\",\"framework\",\"reporters\",\"services\",\"maxInstances\",\"maxInstancesPerCapability\",\"injectGlobals\",\"filesToWatch\",\"execArgv\",\"runnerEnv\",\"runner\",\"shard\",\"specFileRetries\",\"specFileRetriesDelay\",\"specFileRetriesDeferred\",\"reporterSyncInterval\",\"reporterSyncTimeout\",\"cucumberFeaturesWithLineNumbers\",\"autoCompileOpts\",\"mochaOpts\",\"jasmineOpts\",\"cucumberOpts\",\"onPrepare\",\"onWorkerStart\",\"onWorkerEnd\",\"before\",\"beforeSession\",\"beforeSuite\",\"beforeHook\",\"beforeTest\",\"afterTest\",\"afterHook\",\"afterSuite\",\"afterSession\",\"after\",\"onComplete\",\"beforeAssertion\",\"afterAssertion\",\"beforeFeature\",\"beforeScenario\",\"beforeStep\",\"afterStep\",\"afterScenario\",\"afterFeature\",\"_\",\"suite\",\"$0\",\"ignoredWorkerServices\",\"wdi5\"]"}]}
RESULT: {"script":"<script> [2342 bytes]","args":[{"protocol":"http","hostname":"0.0.0.0","path":"/","capabilities":{"browserName":"chrome","goog:chromeOptions":{"binary":"C:\\Program Files\\Google\\Chrome\\Application\\chrome.exe","args":["--start-maximized"]}},"logLevel":"warn","connectionRetryTimeout":120000,"connectionRetryCount":3,"logLevels":{},"enableDirectConnect":true,"strictSSL":true,"_":"65 more keys: [\"cacheDir\",\"port\",\"requestedCapabilities\",\"automationProtocol\",\"baseUrl\",\"waitforInterval\",\"waitforTimeout\",\"onReload\",\"beforeCommand\",\"afterCommand\",\"rootDir\",\"specs\",\"suites\",\"exclude\",\"groupLogsByTestSpec\",\"excludeDriverLogs\",\"bail\",\"framework\",\"reporters\",\"services\",\"maxInstances\",\"maxInstancesPerCapability\",\"injectGlobals\",\"filesToWatch\",\"execArgv\",\"runnerEnv\",\"runner\",\"shard\",\"specFileRetries\",\"specFileRetriesDelay\",\"specFileRetriesDeferred\",\"reporterSyncInterval\",\"reporterSyncTimeout\",\"cucumberFeaturesWithLineNumbers\",\"autoCompileOpts\",\"mochaOpts\",\"jasmineOpts\",\"cucumberOpts\",\"onPrepare\",\"onWorkerStart\",\"onWorkerEnd\",\"before\",\"beforeSession\",\"beforeSuite\",\"beforeHook\",\"beforeTest\",\"afterTest\",\"afterHook\",\"afterSuite\",\"afterSession\",\"after\",\"onComplete\",\"beforeAssertion\",\"afterAssertion\",\"beforeFeature\",\"beforeScenario\",\"beforeStep\",\"afterStep\",\"afterScenario\",\"afterFeature\",\"_\",\"suite\",\"$0\",\"ignoredWorkerServices\",\"wdi5\"]"}]}
COMMAND: POST /session/0140d377bb50cef00459d42e723e3497/execute/async - {"script":"<script> [21126 bytes]","args":[35000]}
RESULT: {"script":"<script> [21126 bytes]","args":[35000]}
COMMAND: POST /session/0140d377bb50cef00459d42e723e3497/execute/async - {"script":"<script> [1562 bytes]","args":[{"selector":{"controlType":"sap.m.Text","viewName":"etm.portal.ui.managerequests.view.Detail","bindingPath":{"path":"/SmartRequestItemsPlanningBoard(ITEM=10m,REQUEST='20200')","propertyPath":"STATUS_DESC"}},"wdio_ui5_key":"etmportal.ui.managerequests.view.Detailsap.m.Text{\"path\":\"/SmartRequestItemsPlanningBoard(ITEM=10m,REQUEST='20200')\",\"propertyPath\":\"STATUS_DESC\"}"}]}
RESULT: {"script":"<script> [1562 bytes]","args":[{"selector":{"controlType":"sap.m.Text","viewName":"etm.portal.ui.managerequests.view.Detail","bindingPath":{"path":"/SmartRequestItemsPlanningBoard(ITEM=10m,REQUEST='20200')","propertyPath":"STATUS_DESC"}},"wdio_ui5_key":"etmportal.ui.managerequests.view.Detailsap.m.Text{\"path\":\"/SmartRequestItemsPlanningBoard(ITEM=10m,REQUEST='20200')\",\"propertyPath\":\"STATUS_DESC\"}"}]}
RESULT: undefined
COMMAND: POST /session/0140d377bb50cef00459d42e723e3497/execute/async - {"script":"<script> [6424 bytes]","args":[{"element-6066-11e4-a52e-4f735466cecf":"f.F6BB02432D8D97F36D378B59895A9F69.d.253A4822A30C9AF738E88683618392AA.e.12352"},"getText",[]]}
RESULT: {"script":"<script> [6424 bytes]","args":[{"element-6066-11e4-a52e-4f735466cecf":"f.F6BB02432D8D97F36D378B59895A9F69.d.253A4822A30C9AF738E88683618392AA.e.12352"},"getText",[]]}
COMMAND: POST /session/0140d377bb50cef00459d42e723e3497/execute/async - {"script":"<script> [1562 bytes]","args":[{"selector":{"controlType":"sap.m.ObjectStatus","viewName":"etm.portal.ui.managerequests.view.Detail","bindingPath":{"path":"/RequestHeaders('20200')","propertyPath":"LINK_TO_STATUS/DESCRIPTION","modelName":"catalogModel"}},"wdio_ui5_key":"etmportal.ui.managerequests.view.Detailsap.m.ObjectStatus{\"path\":\"/RequestHeaders('20200')\",\"propertyPath\":\"LINK_TO_STATUS/DESCRIPTION\",\"modelName\":\"catalogModel\"}"}]}
RESULT: {"script":"<script> [1562 bytes]","args":[{"selector":{"controlType":"sap.m.ObjectStatus","viewName":"etm.portal.ui.managerequests.view.Detail","bindingPath":{"path":"/RequestHeaders('20200')","propertyPath":"LINK_TO_STATUS/DESCRIPTION","modelName":"catalogModel"}},"wdio_ui5_key":"etmportal.ui.managerequests.view.Detailsap.m.ObjectStatus{\"path\":\"/RequestHeaders('20200')\",\"propertyPath\":\"LINK_TO_STATUS/DESCRIPTION\",\"modelName\":\"catalogModel\"}"}]}
RESULT: undefined
COMMAND: POST /session/0140d377bb50cef00459d42e723e3497/execute/async - {"script":"<script> [6424 bytes]","args":[{"element-6066-11e4-a52e-4f735466cecf":"f.F6BB02432D8D97F36D378B59895A9F69.d.253A4822A30C9AF738E88683618392AA.e.12353"},"getText",[]]}
RESULT: {"script":"<script> [6424 bytes]","args":[{"element-6066-11e4-a52e-4f735466cecf":"f.F6BB02432D8D97F36D378B59895A9F69.d.253A4822A30C9AF738E88683618392AA.e.12353"},"getText",[]]}
COMMAND: POST /session/0140d377bb50cef00459d42e723e3497/element - {"using":"css selector","value":"#shell-header-logo"}
RESULT: {"using":"css selector","value":"#shell-header-logo"}
COMMAND: POST /session/0140d377bb50cef00459d42e723e3497/element/f.F6BB02432D8D97F36D378B59895A9F69.d.253A4822A30C9AF738E88683618392AA.e.12145/click - {}
RESULT: {}
COMMAND: GET /session/0140d377bb50cef00459d42e723e3497/screenshot - {}
COMMAND: POST /session/0140d377bb50cef00459d42e723e3497/refresh - {}
RESULT: {}
RESULT: {}
COMMAND: GET /session/0140d377bb50cef00459d42e723e3497/screenshot - {}
RESULT: {}
COMMAND: POST /session/0140d377bb50cef00459d42e723e3497/execute/async - {"script":"<script> [189 bytes]","args":[]}
RESULT: {"script":"<script> [189 bytes]","args":[]}
COMMAND: POST /session/0140d377bb50cef00459d42e723e3497/execute/async - {"script":"<script> [123 bytes]","args":[]}
RESULT: {"script":"<script> [123 bytes]","args":[]}
COMMAND: POST /session/0140d377bb50cef00459d42e723e3497/timeouts - {"script":"<number>"}
RESULT: {"script":"<number>"}
COMMAND: GET /session/0140d377bb50cef00459d42e723e3497/timeouts - {}
RESULT: {}
RESULT: undefined
COMMAND: POST /session/0140d377bb50cef00459d42e723e3497/execute/async - {"script":"<script> [2676 bytes]","args":[]}
RESULT: {"script":"<script> [2676 bytes]","args":[]}
COMMAND: POST /session/0140d377bb50cef00459d42e723e3497/execute/async - {"script":"<script> [2342 bytes]","args":[{"protocol":"http","hostname":"0.0.0.0","path":"/","capabilities":{"browserName":"chrome","goog:chromeOptions":{"binary":"C:\\Program Files\\Google\\Chrome\\Application\\chrome.exe","args":["--start-maximized"]}},"logLevel":"warn","connectionRetryTimeout":120000,"connectionRetryCount":3,"logLevels":{},"enableDirectConnect":true,"strictSSL":true,"_":"65 more keys: [\"cacheDir\",\"port\",\"requestedCapabilities\",\"automationProtocol\",\"baseUrl\",\"waitforInterval\",\"waitforTimeout\",\"onReload\",\"beforeCommand\",\"afterCommand\",\"rootDir\",\"specs\",\"suites\",\"exclude\",\"groupLogsByTestSpec\",\"excludeDriverLogs\",\"bail\",\"framework\",\"reporters\",\"services\",\"maxInstances\",\"maxInstancesPerCapability\",\"injectGlobals\",\"filesToWatch\",\"execArgv\",\"runnerEnv\",\"runner\",\"shard\",\"specFileRetries\",\"specFileRetriesDelay\",\"specFileRetriesDeferred\",\"reporterSyncInterval\",\"reporterSyncTimeout\",\"cucumberFeaturesWithLineNumbers\",\"autoCompileOpts\",\"mochaOpts\",\"jasmineOpts\",\"cucumberOpts\",\"onPrepare\",\"onWorkerStart\",\"onWorkerEnd\",\"before\",\"beforeSession\",\"beforeSuite\",\"beforeHook\",\"beforeTest\",\"afterTest\",\"afterHook\",\"afterSuite\",\"afterSession\",\"after\",\"onComplete\",\"beforeAssertion\",\"afterAssertion\",\"beforeFeature\",\"beforeScenario\",\"beforeStep\",\"afterStep\",\"afterScenario\",\"afterFeature\",\"_\",\"suite\",\"$0\",\"ignoredWorkerServices\",\"wdi5\"]"}]}
RESULT: {"script":"<script> [2342 bytes]","args":[{"protocol":"http","hostname":"0.0.0.0","path":"/","capabilities":{"browserName":"chrome","goog:chromeOptions":{"binary":"C:\\Program Files\\Google\\Chrome\\Application\\chrome.exe","args":["--start-maximized"]}},"logLevel":"warn","connectionRetryTimeout":120000,"connectionRetryCount":3,"logLevels":{},"enableDirectConnect":true,"strictSSL":true,"_":"65 more keys: [\"cacheDir\",\"port\",\"requestedCapabilities\",\"automationProtocol\",\"baseUrl\",\"waitforInterval\",\"waitforTimeout\",\"onReload\",\"beforeCommand\",\"afterCommand\",\"rootDir\",\"specs\",\"suites\",\"exclude\",\"groupLogsByTestSpec\",\"excludeDriverLogs\",\"bail\",\"framework\",\"reporters\",\"services\",\"maxInstances\",\"maxInstancesPerCapability\",\"injectGlobals\",\"filesToWatch\",\"execArgv\",\"runnerEnv\",\"runner\",\"shard\",\"specFileRetries\",\"specFileRetriesDelay\",\"specFileRetriesDeferred\",\"reporterSyncInterval\",\"reporterSyncTimeout\",\"cucumberFeaturesWithLineNumbers\",\"autoCompileOpts\",\"mochaOpts\",\"jasmineOpts\",\"cucumberOpts\",\"onPrepare\",\"onWorkerStart\",\"onWorkerEnd\",\"before\",\"beforeSession\",\"beforeSuite\",\"beforeHook\",\"beforeTest\",\"afterTest\",\"afterHook\",\"afterSuite\",\"afterSession\",\"after\",\"onComplete\",\"beforeAssertion\",\"afterAssertion\",\"beforeFeature\",\"beforeScenario\",\"beforeStep\",\"afterStep\",\"afterScenario\",\"afterFeature\",\"_\",\"suite\",\"$0\",\"ignoredWorkerServices\",\"wdi5\"]"}]}
COMMAND: POST /session/0140d377bb50cef00459d42e723e3497/execute/async - {"script":"<script> [21126 bytes]","args":[35000]}
RESULT: {"script":"<script> [21126 bytes]","args":[35000]}
]]></system-out>
    </testcase>
  </testsuite>
  <testsuite timestamp="2025-06-01T16:20:46" time="318.006" tests="3" failures="0" errors="0" skipped="0">
    <properties>
      <property name="specId" value="0"/>
      <property name="suiteName" value="Process request items into new quotation US120163"/>
      <property name="capabilities" value="chrome.136_0_7103_93.windows"/>
      <property name="file" value="file:///D:/a/1/s/test/specs/R2C/process-request-items-into-new-quotation.spec.js"/>
    </properties>
    <testcase classname="chrome.136_0_7103_93.windows.Process_request_items_into_new_quotation_US120163" name="Should create a new request with catalog items and plan it" time="205.133">
      <system-out><![CDATA[
COMMAND: POST /session/0140d377bb50cef00459d42e723e3497/execute/async - {"script":"<script> [1562 bytes]","args":[{"selector":{"controlType":"sap.m.GenericTile","properties":{"header":"Manage Requests"}},"wdio_ui5_key":"sapm.GenericTile{\"header\":\"Manage Requests\"}"}]}
RESULT: {"script":"<script> [1562 bytes]","args":[{"selector":{"controlType":"sap.m.GenericTile","properties":{"header":"Manage Requests"}},"wdio_ui5_key":"sapm.GenericTile{\"header\":\"Manage Requests\"}"}]}
RESULT: undefined
COMMAND: POST /session/0140d377bb50cef00459d42e723e3497/element - {"using":"xpath","value":"//*[@id=\"__tile58\"]"}
RESULT: {"using":"xpath","value":"//*[@id=\"__tile58\"]"}
COMMAND: POST /session/0140d377bb50cef00459d42e723e3497/element/f.F6BB02432D8D97F36D378B59895A9F69.d.2B4BF05634EE4FF7A42736308B909EA0.e.12375/click - {}
RESULT: {}
COMMAND: GET /session/0140d377bb50cef00459d42e723e3497/screenshot - {}
RESULT: {}
COMMAND: POST /session/0140d377bb50cef00459d42e723e3497/elements - {"using":"xpath","value":"//span[text()='Error']"}
RESULT: {"using":"xpath","value":"//span[text()='Error']"}
COMMAND: POST /session/0140d377bb50cef00459d42e723e3497/element - {"using":"xpath","value":"//button[contains(@data-kt ,\"btnCreateNewOverflowToolbarButton\")]"}
COMMAND: POST /session/0140d377bb50cef00459d42e723e3497/element - {"using":"xpath","value":"(//span[contains(@class ,\"sapMObjStatusText\")])[1]"}
RESULT: {"using":"xpath","value":"//button[contains(@data-kt ,\"btnCreateNewOverflowToolbarButton\")]"}
COMMAND: POST /session/0140d377bb50cef00459d42e723e3497/element/f.F6BB02432D8D97F36D378B59895A9F69.d.2B4BF05634EE4FF7A42736308B909EA0.e.12433/click - {}
RESULT: {"using":"xpath","value":"(//span[contains(@class ,\"sapMObjStatusText\")])[1]"}
COMMAND: POST /session/0140d377bb50cef00459d42e723e3497/execute/sync - {"script":"<script> [8489 bytes]","args":[{"element-6066-11e4-a52e-4f735466cecf":"f.F6BB02432D8D97F36D378B59895A9F69.d.2B4BF05634EE4FF7A42736308B909EA0.e.12472","ELEMENT":"f.F6BB02432D8D97F36D378B59895A9F69.d.2B4BF05634EE4FF7A42736308B909EA0.e.12472"}]}
RESULT: {}
COMMAND: GET /session/0140d377bb50cef00459d42e723e3497/screenshot - {}
RESULT: {"script":"<script> [8489 bytes]","args":[{"element-6066-11e4-a52e-4f735466cecf":"f.F6BB02432D8D97F36D378B59895A9F69.d.2B4BF05634EE4FF7A42736308B909EA0.e.12472","ELEMENT":"f.F6BB02432D8D97F36D378B59895A9F69.d.2B4BF05634EE4FF7A42736308B909EA0.e.12472"}]}
COMMAND: GET /session/0140d377bb50cef00459d42e723e3497/screenshot - {}
RESULT: {}
RESULT: {}
COMMAND: POST /session/0140d377bb50cef00459d42e723e3497/element - {"using":"xpath","value":"//input[contains(@id ,\"yardId-inner\")]"}
RESULT: {"using":"xpath","value":"//input[contains(@id ,\"yardId-inner\")]"}
COMMAND: POST /session/0140d377bb50cef00459d42e723e3497/execute/sync - {"script":"<script> [8489 bytes]","args":[{"element-6066-11e4-a52e-4f735466cecf":"f.F6BB02432D8D97F36D378B59895A9F69.d.2B4BF05634EE4FF7A42736308B909EA0.e.12574","ELEMENT":"f.F6BB02432D8D97F36D378B59895A9F69.d.2B4BF05634EE4FF7A42736308B909EA0.e.12574"}]}
RESULT: {"script":"<script> [8489 bytes]","args":[{"element-6066-11e4-a52e-4f735466cecf":"f.F6BB02432D8D97F36D378B59895A9F69.d.2B4BF05634EE4FF7A42736308B909EA0.e.12574","ELEMENT":"f.F6BB02432D8D97F36D378B59895A9F69.d.2B4BF05634EE4FF7A42736308B909EA0.e.12574"}]}
COMMAND: POST /session/0140d377bb50cef00459d42e723e3497/element - {"using":"xpath","value":"//input[contains(@id ,\"yardId-inner\")]"}
COMMAND: GET /session/0140d377bb50cef00459d42e723e3497/screenshot - {}
RESULT: {"using":"xpath","value":"//input[contains(@id ,\"yardId-inner\")]"}
COMMAND: GET /session/0140d377bb50cef00459d42e723e3497/element/f.F6BB02432D8D97F36D378B59895A9F69.d.2B4BF05634EE4FF7A42736308B909EA0.e.12574/enabled - {}
RESULT: {}
RESULT: {}
COMMAND: POST /session/0140d377bb50cef00459d42e723e3497/element/f.F6BB02432D8D97F36D378B59895A9F69.d.2B4BF05634EE4FF7A42736308B909EA0.e.12574/clear - {}
COMMAND: GET /session/0140d377bb50cef00459d42e723e3497/screenshot - {}
RESULT: {}
COMMAND: POST /session/0140d377bb50cef00459d42e723e3497/element/f.F6BB02432D8D97F36D378B59895A9F69.d.2B4BF05634EE4FF7A42736308B909EA0.e.12574/value - {"text":"WebdriverYard1mlab"}
COMMAND: GET /session/0140d377bb50cef00459d42e723e3497/screenshot - {}
RESULT: {}
RESULT: {"text":"WebdriverYard1mlab"}
COMMAND: GET /session/0140d377bb50cef00459d42e723e3497/screenshot - {}
COMMAND: POST /session/0140d377bb50cef00459d42e723e3497/element - {"using":"xpath","value":"//input[contains(@id ,\"customerNumber-inner\")]"}
RESULT: {}
RESULT: {}
RESULT: {"using":"xpath","value":"//input[contains(@id ,\"customerNumber-inner\")]"}
COMMAND: POST /session/0140d377bb50cef00459d42e723e3497/element/f.F6BB02432D8D97F36D378B59895A9F69.d.2B4BF05634EE4FF7A42736308B909EA0.e.12568/value - {"text":"WebdriverPartneryg097"}
COMMAND: POST /session/0140d377bb50cef00459d42e723e3497/actions - {"actions":[{"id":"action98","type":"key","parameters":{},"actions":[{"type":"keyDown","value":""},{"type":"pause","duration":10},{"type":"keyUp","value":""}]}]}
RESULT: {"text":"WebdriverPartneryg097"}
COMMAND: GET /session/0140d377bb50cef00459d42e723e3497/screenshot - {}
RESULT: {"actions":[{"id":"action98","type":"key","parameters":{},"actions":[{"type":"keyDown","value":""},{"type":"pause","duration":10},{"type":"keyUp","value":""}]}]}
COMMAND: GET /session/0140d377bb50cef00459d42e723e3497/screenshot - {}
RESULT: {}
RESULT: {}
COMMAND: POST /session/0140d377bb50cef00459d42e723e3497/element/f.F6BB02432D8D97F36D378B59895A9F69.d.2B4BF05634EE4FF7A42736308B909EA0.e.12574/clear - {}
RESULT: {}
COMMAND: POST /session/0140d377bb50cef00459d42e723e3497/element/f.F6BB02432D8D97F36D378B59895A9F69.d.2B4BF05634EE4FF7A42736308B909EA0.e.12574/clear - {}
COMMAND: GET /session/0140d377bb50cef00459d42e723e3497/screenshot - {}
RESULT: {}
COMMAND: POST /session/0140d377bb50cef00459d42e723e3497/element/f.F6BB02432D8D97F36D378B59895A9F69.d.2B4BF05634EE4FF7A42736308B909EA0.e.12574/value - {"text":"WebdriverYard1mlab"}
COMMAND: GET /session/0140d377bb50cef00459d42e723e3497/screenshot - {}
RESULT: {}
COMMAND: POST /session/0140d377bb50cef00459d42e723e3497/actions - {"actions":[{"id":"action99","type":"key","parameters":{},"actions":[{"type":"keyDown","value":""},{"type":"pause","duration":10},{"type":"keyUp","value":""}]}]}
RESULT: {"text":"WebdriverYard1mlab"}
COMMAND: GET /session/0140d377bb50cef00459d42e723e3497/screenshot - {}
RESULT: {}
RESULT: {"actions":[{"id":"action99","type":"key","parameters":{},"actions":[{"type":"keyDown","value":""},{"type":"pause","duration":10},{"type":"keyUp","value":""}]}]}
COMMAND: GET /session/0140d377bb50cef00459d42e723e3497/screenshot - {}
RESULT: {}
RESULT: {}
COMMAND: GET /session/0140d377bb50cef00459d42e723e3497/element/f.F6BB02432D8D97F36D378B59895A9F69.d.2B4BF05634EE4FF7A42736308B909EA0.e.12568/property/value - {}
RESULT: {}
COMMAND: POST /session/0140d377bb50cef00459d42e723e3497/element - {"using":"xpath","value":"//input[contains(@id ,\"requestSiteId-inner\")]"}
COMMAND: GET /session/0140d377bb50cef00459d42e723e3497/screenshot - {}
RESULT: {"using":"xpath","value":"//input[contains(@id ,\"requestSiteId-inner\")]"}
COMMAND: POST /session/0140d377bb50cef00459d42e723e3497/element/f.F6BB02432D8D97F36D378B59895A9F69.d.2B4BF05634EE4FF7A42736308B909EA0.e.12567/value - {"text":"WebdriverSite46gcbi"}
RESULT: {}
COMMAND: POST /session/0140d377bb50cef00459d42e723e3497/actions - {"actions":[{"id":"action100","type":"key","parameters":{},"actions":[{"type":"keyDown","value":""},{"type":"pause","duration":10},{"type":"keyUp","value":""}]}]}
RESULT: {"text":"WebdriverSite46gcbi"}
COMMAND: GET /session/0140d377bb50cef00459d42e723e3497/screenshot - {}
RESULT: {"actions":[{"id":"action100","type":"key","parameters":{},"actions":[{"type":"keyDown","value":""},{"type":"pause","duration":10},{"type":"keyUp","value":""}]}]}
COMMAND: GET /session/0140d377bb50cef00459d42e723e3497/screenshot - {}
RESULT: {}
RESULT: {}
COMMAND: POST /session/0140d377bb50cef00459d42e723e3497/actions - {"actions":[{"id":"action101","type":"key","parameters":{},"actions":[{"type":"keyDown","value":""},{"type":"pause","duration":10},{"type":"keyUp","value":""}]}]}
RESULT: {"actions":[{"id":"action101","type":"key","parameters":{},"actions":[{"type":"keyDown","value":""},{"type":"pause","duration":10},{"type":"keyUp","value":""}]}]}
COMMAND: GET /session/0140d377bb50cef00459d42e723e3497/screenshot - {}
RESULT: {}
COMMAND: POST /session/0140d377bb50cef00459d42e723e3497/element - {"using":"xpath","value":"//button[contains(@data-kt ,\"requestItemAddOverflowToolbarButton\")]"}
RESULT: {"using":"xpath","value":"//button[contains(@data-kt ,\"requestItemAddOverflowToolbarButton\")]"}
COMMAND: POST /session/0140d377bb50cef00459d42e723e3497/element/f.F6BB02432D8D97F36D378B59895A9F69.d.2B4BF05634EE4FF7A42736308B909EA0.e.12745/click - {}
RESULT: {}
COMMAND: GET /session/0140d377bb50cef00459d42e723e3497/screenshot - {}
RESULT: {}
COMMAND: POST /session/0140d377bb50cef00459d42e723e3497/actions - {"actions":[{"id":"action102","type":"key","parameters":{},"actions":[{"type":"keyDown","value":""},{"type":"pause","duration":10},{"type":"keyUp","value":""}]}]}
RESULT: {"actions":[{"id":"action102","type":"key","parameters":{},"actions":[{"type":"keyDown","value":""},{"type":"pause","duration":10},{"type":"keyUp","value":""}]}]}
COMMAND: POST /session/0140d377bb50cef00459d42e723e3497/actions - {"actions":[{"id":"action103","type":"key","parameters":{},"actions":[{"type":"keyDown","value":""},{"type":"pause","duration":10},{"type":"keyUp","value":""}]}]}
COMMAND: GET /session/0140d377bb50cef00459d42e723e3497/screenshot - {}
RESULT: {"actions":[{"id":"action103","type":"key","parameters":{},"actions":[{"type":"keyDown","value":""},{"type":"pause","duration":10},{"type":"keyUp","value":""}]}]}
COMMAND: GET /session/0140d377bb50cef00459d42e723e3497/screenshot - {}
RESULT: {}
RESULT: {}
COMMAND: POST /session/0140d377bb50cef00459d42e723e3497/element - {"using":"xpath","value":"(//input[contains(@id ,\"requestItemsTable-0-inner\")])[1]"}
RESULT: {"using":"xpath","value":"(//input[contains(@id ,\"requestItemsTable-0-inner\")])[1]"}
COMMAND: POST /session/0140d377bb50cef00459d42e723e3497/element/f.F6BB02432D8D97F36D378B59895A9F69.d.2B4BF05634EE4FF7A42736308B909EA0.e.12749/clear - {}
RESULT: {}
COMMAND: POST /session/0140d377bb50cef00459d42e723e3497/element/f.F6BB02432D8D97F36D378B59895A9F69.d.2B4BF05634EE4FF7A42736308B909EA0.e.12749/value - {"text":"catalogItemcssu4"}
COMMAND: GET /session/0140d377bb50cef00459d42e723e3497/screenshot - {}
RESULT: {"text":"catalogItemcssu4"}
COMMAND: GET /session/0140d377bb50cef00459d42e723e3497/screenshot - {}
RESULT: {}
RESULT: {}
COMMAND: POST /session/0140d377bb50cef00459d42e723e3497/actions - {"actions":[{"id":"action104","type":"key","parameters":{},"actions":[{"type":"keyDown","value":""},{"type":"pause","duration":10},{"type":"keyUp","value":""}]}]}
RESULT: {"actions":[{"id":"action104","type":"key","parameters":{},"actions":[{"type":"keyDown","value":""},{"type":"pause","duration":10},{"type":"keyUp","value":""}]}]}
COMMAND: GET /session/0140d377bb50cef00459d42e723e3497/screenshot - {}
RESULT: {}
COMMAND: POST /session/0140d377bb50cef00459d42e723e3497/execute/async - {"script":"<script> [1562 bytes]","args":[{"selector":{"controlType":"sap.ui.core.Icon","viewName":"etm.portal.ui.managerequests.view.NewRequest","properties":{"src":{"regex":{"source":"slim\\-arrow\\-down"}}},"ancestor":{"controlType":"sap.m.Button","viewName":"etm.portal.ui.managerequests.view.NewRequest","properties":{"icon":"sap-icon://slim-arrow-down"}}},"wdio_ui5_key":"etmportal.ui.managerequests.view.NewRequestsap.ui.core.Icon{\"src\":{\"regex\":{\"source\":\"slim\\\\-arrow\\\\-down\"}}}{\"controlType\":\"sap.m.Button\",\"viewName\":\"etm.portal.ui.managerequests.view.NewRequest\",\"properties\":{\"icon\":\"sap-icon://slim-arrow-down\"}}"}]}
RESULT: {"script":"<script> [1562 bytes]","args":[{"selector":{"controlType":"sap.ui.core.Icon","viewName":"etm.portal.ui.managerequests.view.NewRequest","properties":{"src":{"regex":{"source":"slim\\-arrow\\-down"}}},"ancestor":{"controlType":"sap.m.Button","viewName":"etm.portal.ui.managerequests.view.NewRequest","properties":{"icon":"sap-icon://slim-arrow-down"}}},"wdio_ui5_key":"etmportal.ui.managerequests.view.NewRequestsap.ui.core.Icon{\"src\":{\"regex\":{\"source\":\"slim\\\\-arrow\\\\-down\"}}}{\"controlType\":\"sap.m.Button\",\"viewName\":\"etm.portal.ui.managerequests.view.NewRequest\",\"properties\":{\"icon\":\"sap-icon://slim-arrow-down\"}}"}]}
RESULT: undefined
COMMAND: POST /session/0140d377bb50cef00459d42e723e3497/element - {"using":"xpath","value":"//div[contains(@data-kt ,\"splitAllocationObjectStatus\")]"}
RESULT: {"using":"xpath","value":"//div[contains(@data-kt ,\"splitAllocationObjectStatus\")]"}
COMMAND: POST /session/0140d377bb50cef00459d42e723e3497/elements - {"using":"xpath","value":"//div[contains(@data-kt ,\"splitAllocationObjectStatus\")]"}
RESULT: {"using":"xpath","value":"//div[contains(@data-kt ,\"splitAllocationObjectStatus\")]"}
COMMAND: POST /session/0140d377bb50cef00459d42e723e3497/execute/async - {"script":"<script> [1562 bytes]","args":[{"selector":{"controlType":"sap.ui.core.Icon","viewName":"etm.portal.ui.managerequests.view.NewRequest","properties":{"src":{"regex":{"source":"message\\-error"}}}},"wdio_ui5_key":"etmportal.ui.managerequests.view.NewRequestsap.ui.core.Icon{\"src\":{\"regex\":{\"source\":\"message\\\\-error\"}}}"}]}
RESULT: {"script":"<script> [1562 bytes]","args":[{"selector":{"controlType":"sap.ui.core.Icon","viewName":"etm.portal.ui.managerequests.view.NewRequest","properties":{"src":{"regex":{"source":"message\\-error"}}}},"wdio_ui5_key":"etmportal.ui.managerequests.view.NewRequestsap.ui.core.Icon{\"src\":{\"regex\":{\"source\":\"message\\\\-error\"}}}"}]}
RESULT: undefined
COMMAND: POST /session/0140d377bb50cef00459d42e723e3497/element - {"using":"xpath","value":"//*[@id=\"__status4-__xmlview59--requestItemsTable-0-icon\"]"}
RESULT: {"using":"xpath","value":"//*[@id=\"__status4-__xmlview59--requestItemsTable-0-icon\"]"}
COMMAND: POST /session/0140d377bb50cef00459d42e723e3497/element/f.F6BB02432D8D97F36D378B59895A9F69.d.2B4BF05634EE4FF7A42736308B909EA0.e.12764/click - {}
RESULT: {}
COMMAND: POST /session/0140d377bb50cef00459d42e723e3497/execute/async - {"script":"<script> [1562 bytes]","args":[{"selector":{"controlType":"sap.ui.core.Icon","viewName":"etm.portal.ui.managerequests.view.NewRequest","properties":{"src":{"regex":{"source":"slim\\-arrow\\-down"}}},"searchOpenDialogs":true,"ancestor":{"id":"costObjectAdminTypeComboBox","viewName":"etm.portal.ui.managerequests.view.NewRequest","searchOpenDialogs":true}},"wdio_ui5_key":"etmportal.ui.managerequests.view.NewRequestsap.ui.core.Icon{\"src\":{\"regex\":{\"source\":\"slim\\\\-arrow\\\\-down\"}}}{\"id\":\"costObjectAdminTypeComboBox\",\"viewName\":\"etm.portal.ui.managerequests.view.NewRequest\",\"searchOpenDialogs\":true}"}]}
COMMAND: GET /session/0140d377bb50cef00459d42e723e3497/screenshot - {}
RESULT: {"script":"<script> [1562 bytes]","args":[{"selector":{"controlType":"sap.ui.core.Icon","viewName":"etm.portal.ui.managerequests.view.NewRequest","properties":{"src":{"regex":{"source":"slim\\-arrow\\-down"}}},"searchOpenDialogs":true,"ancestor":{"id":"costObjectAdminTypeComboBox","viewName":"etm.portal.ui.managerequests.view.NewRequest","searchOpenDialogs":true}},"wdio_ui5_key":"etmportal.ui.managerequests.view.NewRequestsap.ui.core.Icon{\"src\":{\"regex\":{\"source\":\"slim\\\\-arrow\\\\-down\"}}}{\"id\":\"costObjectAdminTypeComboBox\",\"viewName\":\"etm.portal.ui.managerequests.view.NewRequest\",\"searchOpenDialogs\":true}"}]}
RESULT: undefined
COMMAND: POST /session/0140d377bb50cef00459d42e723e3497/element - {"using":"xpath","value":"//*[@id=\"__xmlview59--costObjectAdminTypeComboBox-arrow\"]"}
RESULT: {}
RESULT: {"using":"xpath","value":"//*[@id=\"__xmlview59--costObjectAdminTypeComboBox-arrow\"]"}
COMMAND: POST /session/0140d377bb50cef00459d42e723e3497/element/f.F6BB02432D8D97F36D378B59895A9F69.d.2B4BF05634EE4FF7A42736308B909EA0.e.12769/click - {}
RESULT: {}
COMMAND: POST /session/0140d377bb50cef00459d42e723e3497/execute/async - {"script":"<script> [1562 bytes]","args":[{"selector":{"controlType":"sap.m.StandardListItem","viewName":"etm.portal.ui.managerequests.view.NewRequest","properties":{"title":"Cost Center"},"searchOpenDialogs":true,"interaction":{"idSuffix":"titleText"}},"wdio_ui5_key":"etmportal.ui.managerequests.view.NewRequestsap.m.StandardListItem{\"title\":\"Cost Center\"}"}]}
COMMAND: GET /session/0140d377bb50cef00459d42e723e3497/screenshot - {}
RESULT: {"script":"<script> [1562 bytes]","args":[{"selector":{"controlType":"sap.m.StandardListItem","viewName":"etm.portal.ui.managerequests.view.NewRequest","properties":{"title":"Cost Center"},"searchOpenDialogs":true,"interaction":{"idSuffix":"titleText"}},"wdio_ui5_key":"etmportal.ui.managerequests.view.NewRequestsap.m.StandardListItem{\"title\":\"Cost Center\"}"}]}
RESULT: undefined
COMMAND: POST /session/0140d377bb50cef00459d42e723e3497/element - {"using":"xpath","value":"//*[@id=\"__item1128\"]"}
RESULT: {}
RESULT: {"using":"xpath","value":"//*[@id=\"__item1128\"]"}
COMMAND: POST /session/0140d377bb50cef00459d42e723e3497/element/f.F6BB02432D8D97F36D378B59895A9F69.d.2B4BF05634EE4FF7A42736308B909EA0.e.12771/click - {}
RESULT: {}
COMMAND: GET /session/0140d377bb50cef00459d42e723e3497/screenshot - {}
RESULT: {}
COMMAND: POST /session/0140d377bb50cef00459d42e723e3497/execute/async - {"script":"<script> [1562 bytes]","args":[{"selector":{"controlType":"sap.ui.core.Icon","viewName":"etm.portal.ui.managerequests.view.NewRequest","properties":{"src":{"regex":{"source":"value\\-help"}}},"searchOpenDialogs":true},"wdio_ui5_key":"etmportal.ui.managerequests.view.NewRequestsap.ui.core.Icon{\"src\":{\"regex\":{\"source\":\"value\\\\-help\"}}}"}]}
RESULT: {"script":"<script> [1562 bytes]","args":[{"selector":{"controlType":"sap.ui.core.Icon","viewName":"etm.portal.ui.managerequests.view.NewRequest","properties":{"src":{"regex":{"source":"value\\-help"}}},"searchOpenDialogs":true},"wdio_ui5_key":"etmportal.ui.managerequests.view.NewRequestsap.ui.core.Icon{\"src\":{\"regex\":{\"source\":\"value\\\\-help\"}}}"}]}
RESULT: undefined
COMMAND: POST /session/0140d377bb50cef00459d42e723e3497/element - {"using":"xpath","value":"//*[@id=\"__xmlview59--costObjectIdComboBox-vhi\"]"}
RESULT: {"using":"xpath","value":"//*[@id=\"__xmlview59--costObjectIdComboBox-vhi\"]"}
COMMAND: POST /session/0140d377bb50cef00459d42e723e3497/element/f.F6BB02432D8D97F36D378B59895A9F69.d.2B4BF05634EE4FF7A42736308B909EA0.e.12779/click - {}
RESULT: {}
COMMAND: POST /session/0140d377bb50cef00459d42e723e3497/execute/async - {"script":"<script> [1562 bytes]","args":[{"selector":{"controlType":"sap.m.SearchField","properties":{"placeholder":"Search"},"searchOpenDialogs":true,"interaction":{"idSuffix":"I"}},"wdio_ui5_key":"sapm.SearchField{\"placeholder\":\"Search\"}"}]}
COMMAND: GET /session/0140d377bb50cef00459d42e723e3497/screenshot - {}
RESULT: {"script":"<script> [1562 bytes]","args":[{"selector":{"controlType":"sap.m.SearchField","properties":{"placeholder":"Search"},"searchOpenDialogs":true,"interaction":{"idSuffix":"I"}},"wdio_ui5_key":"sapm.SearchField{\"placeholder\":\"Search\"}"}]}
RESULT: undefined
COMMAND: POST /session/0140d377bb50cef00459d42e723e3497/execute/async - {"script":"<script> [776 bytes]","args":[{"enterText":"10001010","selector":{"controlType":"sap.m.SearchField","properties":{"placeholder":"Search"},"searchOpenDialogs":true,"interaction":{"idSuffix":"I"}},"clearTextFirst":true,"interactionType":"ENTER_TEXT"}]}
RESULT: {}
RESULT: {"script":"<script> [776 bytes]","args":[{"enterText":"10001010","selector":{"controlType":"sap.m.SearchField","properties":{"placeholder":"Search"},"searchOpenDialogs":true,"interaction":{"idSuffix":"I"}},"clearTextFirst":true,"interactionType":"ENTER_TEXT"}]}
COMMAND: POST /session/0140d377bb50cef00459d42e723e3497/actions - {"actions":[{"id":"action105","type":"key","parameters":{},"actions":[{"type":"keyDown","value":""},{"type":"pause","duration":10},{"type":"keyUp","value":""}]}]}
RESULT: {"actions":[{"id":"action105","type":"key","parameters":{},"actions":[{"type":"keyDown","value":""},{"type":"pause","duration":10},{"type":"keyUp","value":""}]}]}
COMMAND: GET /session/0140d377bb50cef00459d42e723e3497/screenshot - {}
RESULT: {}
COMMAND: POST /session/0140d377bb50cef00459d42e723e3497/execute/async - {"script":"<script> [1562 bytes]","args":[{"selector":{"controlType":"sap.m.Text","bindingPath":{"path":"/C_CostCtrValueHelp(CostCenter='10001010',ControllingArea='Z001')","propertyPath":"CostCenterName","modelName":"CostCenterModel"},"searchOpenDialogs":true},"wdio_ui5_key":"sapm.Text{\"path\":\"/C_CostCtrValueHelp(CostCenter='10001010',ControllingArea='Z001')\",\"propertyPath\":\"CostCenterName\",\"modelName\":\"CostCenterModel\"}"}]}
RESULT: {"script":"<script> [1562 bytes]","args":[{"selector":{"controlType":"sap.m.Text","bindingPath":{"path":"/C_CostCtrValueHelp(CostCenter='10001010',ControllingArea='Z001')","propertyPath":"CostCenterName","modelName":"CostCenterModel"},"searchOpenDialogs":true},"wdio_ui5_key":"sapm.Text{\"path\":\"/C_CostCtrValueHelp(CostCenter='10001010',ControllingArea='Z001')\",\"propertyPath\":\"CostCenterName\",\"modelName\":\"CostCenterModel\"}"}]}
RESULT: undefined
COMMAND: POST /session/0140d377bb50cef00459d42e723e3497/element - {"using":"xpath","value":"//*[@id=\"__text291-__clone1261\"]"}
RESULT: {"using":"xpath","value":"//*[@id=\"__text291-__clone1261\"]"}
COMMAND: POST /session/0140d377bb50cef00459d42e723e3497/element/f.F6BB02432D8D97F36D378B59895A9F69.d.2B4BF05634EE4FF7A42736308B909EA0.e.12820/click - {}
RESULT: {}
COMMAND: POST /session/0140d377bb50cef00459d42e723e3497/execute/async - {"script":"<script> [1562 bytes]","args":[{"selector":{"controlType":"sap.m.Button","properties":{"text":"OK"},"searchOpenDialogs":true,"interaction":{"idSuffix":"BDI-content"}},"wdio_ui5_key":"sapm.Button{\"text\":\"OK\"}"}]}
COMMAND: GET /session/0140d377bb50cef00459d42e723e3497/screenshot - {}
RESULT: {"script":"<script> [1562 bytes]","args":[{"selector":{"controlType":"sap.m.Button","properties":{"text":"OK"},"searchOpenDialogs":true,"interaction":{"idSuffix":"BDI-content"}},"wdio_ui5_key":"sapm.Button{\"text\":\"OK\"}"}]}
RESULT: undefined
COMMAND: POST /session/0140d377bb50cef00459d42e723e3497/element - {"using":"xpath","value":"//*[@id=\"__dialog1-ok\"]"}
RESULT: {}
RESULT: {"using":"xpath","value":"//*[@id=\"__dialog1-ok\"]"}
COMMAND: POST /session/0140d377bb50cef00459d42e723e3497/element/f.F6BB02432D8D97F36D378B59895A9F69.d.2B4BF05634EE4FF7A42736308B909EA0.e.12822/click - {}
RESULT: {}
COMMAND: GET /session/0140d377bb50cef00459d42e723e3497/screenshot - {}
RESULT: {}
COMMAND: POST /session/0140d377bb50cef00459d42e723e3497/execute/async - {"script":"<script> [1562 bytes]","args":[{"selector":{"controlType":"sap.m.Button","viewName":"etm.portal.ui.managerequests.view.NewRequest","i18NText":{"propertyName":"text","key":"save"},"searchOpenDialogs":true,"interaction":{"idSuffix":"BDI-content"}},"wdio_ui5_key":"etmportal.ui.managerequests.view.NewRequestsap.m.Button{\"propertyName\":\"text\",\"key\":\"save\"}"}]}
RESULT: {"script":"<script> [1562 bytes]","args":[{"selector":{"controlType":"sap.m.Button","viewName":"etm.portal.ui.managerequests.view.NewRequest","i18NText":{"propertyName":"text","key":"save"},"searchOpenDialogs":true,"interaction":{"idSuffix":"BDI-content"}},"wdio_ui5_key":"etmportal.ui.managerequests.view.NewRequestsap.m.Button{\"propertyName\":\"text\",\"key\":\"save\"}"}]}
RESULT: undefined
COMMAND: POST /session/0140d377bb50cef00459d42e723e3497/element - {"using":"xpath","value":"//*[@id=\"__button24\"]"}
RESULT: {"using":"xpath","value":"//*[@id=\"__button24\"]"}
COMMAND: POST /session/0140d377bb50cef00459d42e723e3497/element/f.F6BB02432D8D97F36D378B59895A9F69.d.2B4BF05634EE4FF7A42736308B909EA0.e.12826/click - {}
RESULT: {}
COMMAND: GET /session/0140d377bb50cef00459d42e723e3497/screenshot - {}
RESULT: {}
COMMAND: POST /session/0140d377bb50cef00459d42e723e3497/element - {"using":"xpath","value":"(//bdi[contains(text() ,\"Save\")])[1]"}
RESULT: {"using":"xpath","value":"(//bdi[contains(text() ,\"Save\")])[1]"}
COMMAND: POST /session/0140d377bb50cef00459d42e723e3497/element/f.F6BB02432D8D97F36D378B59895A9F69.d.2B4BF05634EE4FF7A42736308B909EA0.e.12828/click - {}
RESULT: {}
COMMAND: GET /session/0140d377bb50cef00459d42e723e3497/screenshot - {}
RESULT: {}
COMMAND: POST /session/0140d377bb50cef00459d42e723e3497/execute/async - {"script":"<script> [1562 bytes]","args":[{"selector":{"controlType":"sap.m.Title","properties":{"text":"Success"},"searchOpenDialogs":true},"wdio_ui5_key":"sapm.Title{\"text\":\"Success\"}"}]}
RESULT: {"script":"<script> [1562 bytes]","args":[{"selector":{"controlType":"sap.m.Title","properties":{"text":"Success"},"searchOpenDialogs":true},"wdio_ui5_key":"sapm.Title{\"text\":\"Success\"}"}]}
RESULT: undefined
COMMAND: POST /session/0140d377bb50cef00459d42e723e3497/execute/async - {"script":"<script> [6424 bytes]","args":[{"element-6066-11e4-a52e-4f735466cecf":"f.F6BB02432D8D97F36D378B59895A9F69.d.2B4BF05634EE4FF7A42736308B909EA0.e.12832"},"getText",[]]}
RESULT: {"script":"<script> [6424 bytes]","args":[{"element-6066-11e4-a52e-4f735466cecf":"f.F6BB02432D8D97F36D378B59895A9F69.d.2B4BF05634EE4FF7A42736308B909EA0.e.12832"},"getText",[]]}
COMMAND: POST /session/0140d377bb50cef00459d42e723e3497/execute/async - {"script":"<script> [1562 bytes]","args":[{"selector":{"controlType":"sap.m.Button","properties":{"text":"Close"},"searchOpenDialogs":true,"interaction":{"idSuffix":"BDI-content"}},"wdio_ui5_key":"sapm.Button{\"text\":\"Close\"}"}]}
RESULT: {"script":"<script> [1562 bytes]","args":[{"selector":{"controlType":"sap.m.Button","properties":{"text":"Close"},"searchOpenDialogs":true,"interaction":{"idSuffix":"BDI-content"}},"wdio_ui5_key":"sapm.Button{\"text\":\"Close\"}"}]}
RESULT: undefined
COMMAND: POST /session/0140d377bb50cef00459d42e723e3497/element - {"using":"xpath","value":"//*[@id=\"__mbox-btn-0\"]"}
RESULT: {"using":"xpath","value":"//*[@id=\"__mbox-btn-0\"]"}
COMMAND: POST /session/0140d377bb50cef00459d42e723e3497/element/f.F6BB02432D8D97F36D378B59895A9F69.d.2B4BF05634EE4FF7A42736308B909EA0.e.12831/click - {}
RESULT: {}
COMMAND: GET /session/0140d377bb50cef00459d42e723e3497/screenshot - {}
RESULT: {}
COMMAND: POST /session/0140d377bb50cef00459d42e723e3497/execute/async - {"script":"<script> [1562 bytes]","args":[{"selector":{"controlType":"sap.m.Text","viewName":"etm.portal.ui.managerequests.view.Detail","bindingPath":{"propertyPath":"NO","modelName":"catalogModel"}},"wdio_ui5_key":"etmportal.ui.managerequests.view.Detailsap.m.Text{\"propertyPath\":\"NO\",\"modelName\":\"catalogModel\"}"}]}
RESULT: {"script":"<script> [1562 bytes]","args":[{"selector":{"controlType":"sap.m.Text","viewName":"etm.portal.ui.managerequests.view.Detail","bindingPath":{"propertyPath":"NO","modelName":"catalogModel"}},"wdio_ui5_key":"etmportal.ui.managerequests.view.Detailsap.m.Text{\"propertyPath\":\"NO\",\"modelName\":\"catalogModel\"}"}]}
RESULT: undefined
COMMAND: POST /session/0140d377bb50cef00459d42e723e3497/execute/async - {"script":"<script> [6424 bytes]","args":[{"element-6066-11e4-a52e-4f735466cecf":"f.F6BB02432D8D97F36D378B59895A9F69.d.2B4BF05634EE4FF7A42736308B909EA0.e.12959"},"getText",[]]}
RESULT: {"script":"<script> [6424 bytes]","args":[{"element-6066-11e4-a52e-4f735466cecf":"f.F6BB02432D8D97F36D378B59895A9F69.d.2B4BF05634EE4FF7A42736308B909EA0.e.12959"},"getText",[]]}
COMMAND: POST /session/0140d377bb50cef00459d42e723e3497/execute/async - {"script":"<script> [1562 bytes]","args":[{"selector":{"controlType":"sap.ui.core.Icon","viewName":"etm.portal.ui.managerequests.view.Detail","properties":{"src":{"regex":{"source":"date\\-time"}}},"ancestor":{"controlType":"sap.m.ColumnListItem","viewName":"etm.portal.ui.managerequests.view.Detail","bindingPath":{"path":"/SmartRequestItemsPlanningBoard(ITEM=10m,REQUEST='20202')"},"ancestor":{"id":"requestItemsTable","viewName":"etm.portal.ui.managerequests.view.Detail"}}},"wdio_ui5_key":"etmportal.ui.managerequests.view.Detailsap.ui.core.Icon{\"src\":{\"regex\":{\"source\":\"date\\\\-time\"}}}{\"controlType\":\"sap.m.ColumnListItem\",\"viewName\":\"etm.portal.ui.managerequests.view.Detail\",\"bindingPath\":{\"path\":\"/SmartRequestItemsPlanningBoard(ITEM=10m,REQUEST='20202')\"},\"ancestor\":{\"id\":\"requestItemsTable\",\"viewName\":\"etm.portal.ui.managerequests.view.Detail\"}}"}]}
RESULT: {"script":"<script> [1562 bytes]","args":[{"selector":{"controlType":"sap.ui.core.Icon","viewName":"etm.portal.ui.managerequests.view.Detail","properties":{"src":{"regex":{"source":"date\\-time"}}},"ancestor":{"controlType":"sap.m.ColumnListItem","viewName":"etm.portal.ui.managerequests.view.Detail","bindingPath":{"path":"/SmartRequestItemsPlanningBoard(ITEM=10m,REQUEST='20202')"},"ancestor":{"id":"requestItemsTable","viewName":"etm.portal.ui.managerequests.view.Detail"}}},"wdio_ui5_key":"etmportal.ui.managerequests.view.Detailsap.ui.core.Icon{\"src\":{\"regex\":{\"source\":\"date\\\\-time\"}}}{\"controlType\":\"sap.m.ColumnListItem\",\"viewName\":\"etm.portal.ui.managerequests.view.Detail\",\"bindingPath\":{\"path\":\"/SmartRequestItemsPlanningBoard(ITEM=10m,REQUEST='20202')\"},\"ancestor\":{\"id\":\"requestItemsTable\",\"viewName\":\"etm.portal.ui.managerequests.view.Detail\"}}"}]}
RESULT: undefined
COMMAND: POST /session/0140d377bb50cef00459d42e723e3497/element - {"using":"xpath","value":"//*[@id=\"__button39-__clone1300-img\"]"}
RESULT: {"using":"xpath","value":"//*[@id=\"__button39-__clone1300-img\"]"}
COMMAND: POST /session/0140d377bb50cef00459d42e723e3497/element/f.F6BB02432D8D97F36D378B59895A9F69.d.2B4BF05634EE4FF7A42736308B909EA0.e.12960/click - {}
RESULT: {}
COMMAND: POST /session/0140d377bb50cef00459d42e723e3497/execute/async - {"script":"<script> [1562 bytes]","args":[{"selector":{"controlType":"sap.m.Button","viewName":"etm.portal.ui.managerequests.view.Detail","properties":{"text":"Close"},"searchOpenDialogs":true,"interaction":{"idSuffix":"BDI-content"}},"wdio_ui5_key":"etmportal.ui.managerequests.view.Detailsap.m.Button{\"text\":\"Close\"}"}]}
COMMAND: GET /session/0140d377bb50cef00459d42e723e3497/screenshot - {}
RESULT: {"script":"<script> [1562 bytes]","args":[{"selector":{"controlType":"sap.m.Button","viewName":"etm.portal.ui.managerequests.view.Detail","properties":{"text":"Close"},"searchOpenDialogs":true,"interaction":{"idSuffix":"BDI-content"}},"wdio_ui5_key":"etmportal.ui.managerequests.view.Detailsap.m.Button{\"text\":\"Close\"}"}]}
RESULT: undefined
COMMAND: POST /session/0140d377bb50cef00459d42e723e3497/element - {"using":"xpath","value":"//*[@id=\"__button49\"]"}
RESULT: {}
RESULT: {"using":"xpath","value":"//*[@id=\"__button49\"]"}
COMMAND: POST /session/0140d377bb50cef00459d42e723e3497/element/f.F6BB02432D8D97F36D378B59895A9F69.d.2B4BF05634EE4FF7A42736308B909EA0.e.12963/click - {}
RESULT: {}
COMMAND: POST /session/0140d377bb50cef00459d42e723e3497/refresh - {}
COMMAND: GET /session/0140d377bb50cef00459d42e723e3497/screenshot - {}
RESULT: {}
COMMAND: GET /session/0140d377bb50cef00459d42e723e3497/screenshot - {}
RESULT: {}
RESULT: {}
COMMAND: POST /session/0140d377bb50cef00459d42e723e3497/execute/async - {"script":"<script> [189 bytes]","args":[]}
RESULT: {"script":"<script> [189 bytes]","args":[]}
COMMAND: POST /session/0140d377bb50cef00459d42e723e3497/execute/async - {"script":"<script> [123 bytes]","args":[]}
RESULT: {"script":"<script> [123 bytes]","args":[]}
COMMAND: POST /session/0140d377bb50cef00459d42e723e3497/timeouts - {"script":"<number>"}
RESULT: {"script":"<number>"}
COMMAND: GET /session/0140d377bb50cef00459d42e723e3497/timeouts - {}
RESULT: {}
RESULT: undefined
COMMAND: POST /session/0140d377bb50cef00459d42e723e3497/execute/async - {"script":"<script> [2676 bytes]","args":[]}
RESULT: {"script":"<script> [2676 bytes]","args":[]}
COMMAND: POST /session/0140d377bb50cef00459d42e723e3497/execute/async - {"script":"<script> [2342 bytes]","args":[{"protocol":"http","hostname":"0.0.0.0","path":"/","capabilities":{"browserName":"chrome","goog:chromeOptions":{"binary":"C:\\Program Files\\Google\\Chrome\\Application\\chrome.exe","args":["--start-maximized"]}},"logLevel":"warn","connectionRetryTimeout":120000,"connectionRetryCount":3,"logLevels":{},"enableDirectConnect":true,"strictSSL":true,"_":"65 more keys: [\"cacheDir\",\"port\",\"requestedCapabilities\",\"automationProtocol\",\"baseUrl\",\"waitforInterval\",\"waitforTimeout\",\"onReload\",\"beforeCommand\",\"afterCommand\",\"rootDir\",\"specs\",\"suites\",\"exclude\",\"groupLogsByTestSpec\",\"excludeDriverLogs\",\"bail\",\"framework\",\"reporters\",\"services\",\"maxInstances\",\"maxInstancesPerCapability\",\"injectGlobals\",\"filesToWatch\",\"execArgv\",\"runnerEnv\",\"runner\",\"shard\",\"specFileRetries\",\"specFileRetriesDelay\",\"specFileRetriesDeferred\",\"reporterSyncInterval\",\"reporterSyncTimeout\",\"cucumberFeaturesWithLineNumbers\",\"autoCompileOpts\",\"mochaOpts\",\"jasmineOpts\",\"cucumberOpts\",\"onPrepare\",\"onWorkerStart\",\"onWorkerEnd\",\"before\",\"beforeSession\",\"beforeSuite\",\"beforeHook\",\"beforeTest\",\"afterTest\",\"afterHook\",\"afterSuite\",\"afterSession\",\"after\",\"onComplete\",\"beforeAssertion\",\"afterAssertion\",\"beforeFeature\",\"beforeScenario\",\"beforeStep\",\"afterStep\",\"afterScenario\",\"afterFeature\",\"_\",\"suite\",\"$0\",\"ignoredWorkerServices\",\"wdi5\"]"}]}
RESULT: {"script":"<script> [2342 bytes]","args":[{"protocol":"http","hostname":"0.0.0.0","path":"/","capabilities":{"browserName":"chrome","goog:chromeOptions":{"binary":"C:\\Program Files\\Google\\Chrome\\Application\\chrome.exe","args":["--start-maximized"]}},"logLevel":"warn","connectionRetryTimeout":120000,"connectionRetryCount":3,"logLevels":{},"enableDirectConnect":true,"strictSSL":true,"_":"65 more keys: [\"cacheDir\",\"port\",\"requestedCapabilities\",\"automationProtocol\",\"baseUrl\",\"waitforInterval\",\"waitforTimeout\",\"onReload\",\"beforeCommand\",\"afterCommand\",\"rootDir\",\"specs\",\"suites\",\"exclude\",\"groupLogsByTestSpec\",\"excludeDriverLogs\",\"bail\",\"framework\",\"reporters\",\"services\",\"maxInstances\",\"maxInstancesPerCapability\",\"injectGlobals\",\"filesToWatch\",\"execArgv\",\"runnerEnv\",\"runner\",\"shard\",\"specFileRetries\",\"specFileRetriesDelay\",\"specFileRetriesDeferred\",\"reporterSyncInterval\",\"reporterSyncTimeout\",\"cucumberFeaturesWithLineNumbers\",\"autoCompileOpts\",\"mochaOpts\",\"jasmineOpts\",\"cucumberOpts\",\"onPrepare\",\"onWorkerStart\",\"onWorkerEnd\",\"before\",\"beforeSession\",\"beforeSuite\",\"beforeHook\",\"beforeTest\",\"afterTest\",\"afterHook\",\"afterSuite\",\"afterSession\",\"after\",\"onComplete\",\"beforeAssertion\",\"afterAssertion\",\"beforeFeature\",\"beforeScenario\",\"beforeStep\",\"afterStep\",\"afterScenario\",\"afterFeature\",\"_\",\"suite\",\"$0\",\"ignoredWorkerServices\",\"wdi5\"]"}]}
COMMAND: POST /session/0140d377bb50cef00459d42e723e3497/execute/async - {"script":"<script> [21126 bytes]","args":[35000]}
RESULT: {"script":"<script> [21126 bytes]","args":[35000]}
]]></system-out>
    </testcase>
    <testcase classname="chrome.136_0_7103_93.windows.Process_request_items_into_new_quotation_US120163" name="Should process the request into a new quotation" time="57.228">
      <system-out><![CDATA[
COMMAND: GET /session/0140d377bb50cef00459d42e723e3497/window - {}
RESULT: {}
COMMAND: POST /session/0140d377bb50cef00459d42e723e3497/element - {"using":"xpath","value":"//span[contains(@id ,\"detailHeaderTitle-_actionsToolbar-overflowButton-img\")]"}
RESULT: {"using":"xpath","value":"//span[contains(@id ,\"detailHeaderTitle-_actionsToolbar-overflowButton-img\")]"}
COMMAND: POST /session/0140d377bb50cef00459d42e723e3497/element/f.F6BB02432D8D97F36D378B59895A9F69.d.4F6480B969EA0B0FCC38FD079FDE1A92.e.13187/click - {}
RESULT: {}
COMMAND: GET /session/0140d377bb50cef00459d42e723e3497/screenshot - {}
RESULT: {}
COMMAND: POST /session/0140d377bb50cef00459d42e723e3497/element - {"using":"xpath","value":"//span[contains(@id ,\"actionsMenuButton-internalSplitBtn-arrowButton-img\")]"}
RESULT: {"using":"xpath","value":"//span[contains(@id ,\"actionsMenuButton-internalSplitBtn-arrowButton-img\")]"}
COMMAND: POST /session/0140d377bb50cef00459d42e723e3497/element/f.F6BB02432D8D97F36D378B59895A9F69.d.4F6480B969EA0B0FCC38FD079FDE1A92.e.13190/click - {}
RESULT: {}
COMMAND: GET /session/0140d377bb50cef00459d42e723e3497/screenshot - {}
RESULT: {}
COMMAND: POST /session/0140d377bb50cef00459d42e723e3497/actions - {"actions":[{"id":"action106","type":"key","parameters":{},"actions":[{"type":"keyDown","value":""},{"type":"pause","duration":10},{"type":"keyUp","value":""}]}]}
RESULT: {"actions":[{"id":"action106","type":"key","parameters":{},"actions":[{"type":"keyDown","value":""},{"type":"pause","duration":10},{"type":"keyUp","value":""}]}]}
COMMAND: GET /session/0140d377bb50cef00459d42e723e3497/screenshot - {}
RESULT: {}
COMMAND: POST /session/0140d377bb50cef00459d42e723e3497/actions - {"actions":[{"id":"action107","type":"key","parameters":{},"actions":[{"type":"keyDown","value":""},{"type":"pause","duration":10},{"type":"keyUp","value":""}]}]}
RESULT: {"actions":[{"id":"action107","type":"key","parameters":{},"actions":[{"type":"keyDown","value":""},{"type":"pause","duration":10},{"type":"keyUp","value":""}]}]}
COMMAND: GET /session/0140d377bb50cef00459d42e723e3497/screenshot - {}
RESULT: {}
COMMAND: POST /session/0140d377bb50cef00459d42e723e3497/actions - {"actions":[{"id":"action108","type":"key","parameters":{},"actions":[{"type":"keyDown","value":""},{"type":"pause","duration":10},{"type":"keyUp","value":""}]}]}
RESULT: {"actions":[{"id":"action108","type":"key","parameters":{},"actions":[{"type":"keyDown","value":""},{"type":"pause","duration":10},{"type":"keyUp","value":""}]}]}
COMMAND: GET /session/0140d377bb50cef00459d42e723e3497/screenshot - {}
RESULT: {}
COMMAND: POST /session/0140d377bb50cef00459d42e723e3497/actions - {"actions":[{"id":"action109","type":"key","parameters":{},"actions":[{"type":"keyDown","value":""},{"type":"pause","duration":10},{"type":"keyUp","value":""}]}]}
RESULT: {"actions":[{"id":"action109","type":"key","parameters":{},"actions":[{"type":"keyDown","value":""},{"type":"pause","duration":10},{"type":"keyUp","value":""}]}]}
COMMAND: GET /session/0140d377bb50cef00459d42e723e3497/screenshot - {}
RESULT: {}
COMMAND: POST /session/0140d377bb50cef00459d42e723e3497/actions - {"actions":[{"id":"action110","type":"key","parameters":{},"actions":[{"type":"keyDown","value":""},{"type":"pause","duration":10},{"type":"keyUp","value":""}]}]}
RESULT: {"actions":[{"id":"action110","type":"key","parameters":{},"actions":[{"type":"keyDown","value":""},{"type":"pause","duration":10},{"type":"keyUp","value":""}]}]}
COMMAND: GET /session/0140d377bb50cef00459d42e723e3497/screenshot - {}
RESULT: {}
COMMAND: GET /session/0140d377bb50cef00459d42e723e3497/window/handles - {}
RESULT: {}
COMMAND: GET /session/0140d377bb50cef00459d42e723e3497/window/handles - {}
RESULT: {}
COMMAND: POST /session/0140d377bb50cef00459d42e723e3497/window - {"handle":"9181234740E3F45BA7E11FE65BE5E11D"}
RESULT: {"handle":"9181234740E3F45BA7E11FE65BE5E11D"}
COMMAND: GET /session/0140d377bb50cef00459d42e723e3497/url - {}
RESULT: {}
COMMAND: GET /session/0140d377bb50cef00459d42e723e3497/screenshot - {}
RESULT: {}
COMMAND: POST /session/0140d377bb50cef00459d42e723e3497/element - {"using":"xpath","value":"//span[contains(text(), \"Header Billing Items\")]"}
RESULT: {"using":"xpath","value":"//span[contains(text(), \"Header Billing Items\")]"}
COMMAND: POST /session/0140d377bb50cef00459d42e723e3497/element/f.9181234740E3F45BA7E11FE65BE5E11D.d.4F66823222E00ABA0AED6D9A16CC02C1.e.13413/click - {}
RESULT: {}
COMMAND: GET /session/0140d377bb50cef00459d42e723e3497/screenshot - {}
RESULT: {}
COMMAND: POST /session/0140d377bb50cef00459d42e723e3497/element - {"using":"xpath","value":"//span[contains(@id ,\"contractItemsSmartTable-header-inner\")]"}
RESULT: {"using":"xpath","value":"//span[contains(@id ,\"contractItemsSmartTable-header-inner\")]"}
COMMAND: GET /session/0140d377bb50cef00459d42e723e3497/element/f.9181234740E3F45BA7E11FE65BE5E11D.d.4F66823222E00ABA0AED6D9A16CC02C1.e.13415/text - {}
RESULT: {}
COMMAND: POST /session/0140d377bb50cef00459d42e723e3497/element - {"using":"xpath","value":"//span[@class=\"sapMObjStatusText\"][contains(text(), \"proposed\")]"}
RESULT: {"using":"xpath","value":"//span[@class=\"sapMObjStatusText\"][contains(text(), \"proposed\")]"}
COMMAND: GET /session/0140d377bb50cef00459d42e723e3497/element/f.9181234740E3F45BA7E11FE65BE5E11D.d.4F66823222E00ABA0AED6D9A16CC02C1.e.13416/text - {}
RESULT: {}
COMMAND: DELETE /session/0140d377bb50cef00459d42e723e3497/window - {}
RESULT: {}
COMMAND: POST /session/0140d377bb50cef00459d42e723e3497/window - {"handle":"F6BB02432D8D97F36D378B59895A9F69"}
RESULT: {"handle":"F6BB02432D8D97F36D378B59895A9F69"}
COMMAND: GET /session/0140d377bb50cef00459d42e723e3497/url - {}
RESULT: {}
COMMAND: GET /session/0140d377bb50cef00459d42e723e3497/screenshot - {}
RESULT: {}
]]></system-out>
    </testcase>
    <testcase classname="chrome.136_0_7103_93.windows.Process_request_items_into_new_quotation_US120163" name="Should navigate back to the request and check the request and item statuses" time="28.102">
      <system-out><![CDATA[
COMMAND: POST /session/0140d377bb50cef00459d42e723e3497/refresh - {}
RESULT: {}
COMMAND: GET /session/0140d377bb50cef00459d42e723e3497/screenshot - {}
RESULT: {}
COMMAND: POST /session/0140d377bb50cef00459d42e723e3497/execute/async - {"script":"<script> [189 bytes]","args":[]}
RESULT: {"script":"<script> [189 bytes]","args":[]}
COMMAND: POST /session/0140d377bb50cef00459d42e723e3497/execute/async - {"script":"<script> [123 bytes]","args":[]}
RESULT: {"script":"<script> [123 bytes]","args":[]}
COMMAND: POST /session/0140d377bb50cef00459d42e723e3497/timeouts - {"script":"<number>"}
RESULT: {"script":"<number>"}
COMMAND: GET /session/0140d377bb50cef00459d42e723e3497/timeouts - {}
RESULT: {}
RESULT: undefined
COMMAND: POST /session/0140d377bb50cef00459d42e723e3497/execute/async - {"script":"<script> [2676 bytes]","args":[]}
RESULT: {"script":"<script> [2676 bytes]","args":[]}
COMMAND: POST /session/0140d377bb50cef00459d42e723e3497/execute/async - {"script":"<script> [2342 bytes]","args":[{"protocol":"http","hostname":"0.0.0.0","path":"/","capabilities":{"browserName":"chrome","goog:chromeOptions":{"binary":"C:\\Program Files\\Google\\Chrome\\Application\\chrome.exe","args":["--start-maximized"]}},"logLevel":"warn","connectionRetryTimeout":120000,"connectionRetryCount":3,"logLevels":{},"enableDirectConnect":true,"strictSSL":true,"_":"65 more keys: [\"cacheDir\",\"port\",\"requestedCapabilities\",\"automationProtocol\",\"baseUrl\",\"waitforInterval\",\"waitforTimeout\",\"onReload\",\"beforeCommand\",\"afterCommand\",\"rootDir\",\"specs\",\"suites\",\"exclude\",\"groupLogsByTestSpec\",\"excludeDriverLogs\",\"bail\",\"framework\",\"reporters\",\"services\",\"maxInstances\",\"maxInstancesPerCapability\",\"injectGlobals\",\"filesToWatch\",\"execArgv\",\"runnerEnv\",\"runner\",\"shard\",\"specFileRetries\",\"specFileRetriesDelay\",\"specFileRetriesDeferred\",\"reporterSyncInterval\",\"reporterSyncTimeout\",\"cucumberFeaturesWithLineNumbers\",\"autoCompileOpts\",\"mochaOpts\",\"jasmineOpts\",\"cucumberOpts\",\"onPrepare\",\"onWorkerStart\",\"onWorkerEnd\",\"before\",\"beforeSession\",\"beforeSuite\",\"beforeHook\",\"beforeTest\",\"afterTest\",\"afterHook\",\"afterSuite\",\"afterSession\",\"after\",\"onComplete\",\"beforeAssertion\",\"afterAssertion\",\"beforeFeature\",\"beforeScenario\",\"beforeStep\",\"afterStep\",\"afterScenario\",\"afterFeature\",\"_\",\"suite\",\"$0\",\"ignoredWorkerServices\",\"wdi5\"]"}]}
RESULT: {"script":"<script> [2342 bytes]","args":[{"protocol":"http","hostname":"0.0.0.0","path":"/","capabilities":{"browserName":"chrome","goog:chromeOptions":{"binary":"C:\\Program Files\\Google\\Chrome\\Application\\chrome.exe","args":["--start-maximized"]}},"logLevel":"warn","connectionRetryTimeout":120000,"connectionRetryCount":3,"logLevels":{},"enableDirectConnect":true,"strictSSL":true,"_":"65 more keys: [\"cacheDir\",\"port\",\"requestedCapabilities\",\"automationProtocol\",\"baseUrl\",\"waitforInterval\",\"waitforTimeout\",\"onReload\",\"beforeCommand\",\"afterCommand\",\"rootDir\",\"specs\",\"suites\",\"exclude\",\"groupLogsByTestSpec\",\"excludeDriverLogs\",\"bail\",\"framework\",\"reporters\",\"services\",\"maxInstances\",\"maxInstancesPerCapability\",\"injectGlobals\",\"filesToWatch\",\"execArgv\",\"runnerEnv\",\"runner\",\"shard\",\"specFileRetries\",\"specFileRetriesDelay\",\"specFileRetriesDeferred\",\"reporterSyncInterval\",\"reporterSyncTimeout\",\"cucumberFeaturesWithLineNumbers\",\"autoCompileOpts\",\"mochaOpts\",\"jasmineOpts\",\"cucumberOpts\",\"onPrepare\",\"onWorkerStart\",\"onWorkerEnd\",\"before\",\"beforeSession\",\"beforeSuite\",\"beforeHook\",\"beforeTest\",\"afterTest\",\"afterHook\",\"afterSuite\",\"afterSession\",\"after\",\"onComplete\",\"beforeAssertion\",\"afterAssertion\",\"beforeFeature\",\"beforeScenario\",\"beforeStep\",\"afterStep\",\"afterScenario\",\"afterFeature\",\"_\",\"suite\",\"$0\",\"ignoredWorkerServices\",\"wdi5\"]"}]}
COMMAND: POST /session/0140d377bb50cef00459d42e723e3497/execute/async - {"script":"<script> [21126 bytes]","args":[35000]}
RESULT: {"script":"<script> [21126 bytes]","args":[35000]}
COMMAND: POST /session/0140d377bb50cef00459d42e723e3497/execute/async - {"script":"<script> [1562 bytes]","args":[{"selector":{"controlType":"sap.m.Text","viewName":"etm.portal.ui.managerequests.view.Detail","bindingPath":{"path":"/SmartRequestItemsPlanningBoard(ITEM=10m,REQUEST='20202')","propertyPath":"STATUS_DESC"}},"wdio_ui5_key":"etmportal.ui.managerequests.view.Detailsap.m.Text{\"path\":\"/SmartRequestItemsPlanningBoard(ITEM=10m,REQUEST='20202')\",\"propertyPath\":\"STATUS_DESC\"}"}]}
RESULT: {"script":"<script> [1562 bytes]","args":[{"selector":{"controlType":"sap.m.Text","viewName":"etm.portal.ui.managerequests.view.Detail","bindingPath":{"path":"/SmartRequestItemsPlanningBoard(ITEM=10m,REQUEST='20202')","propertyPath":"STATUS_DESC"}},"wdio_ui5_key":"etmportal.ui.managerequests.view.Detailsap.m.Text{\"path\":\"/SmartRequestItemsPlanningBoard(ITEM=10m,REQUEST='20202')\",\"propertyPath\":\"STATUS_DESC\"}"}]}
RESULT: undefined
COMMAND: POST /session/0140d377bb50cef00459d42e723e3497/execute/async - {"script":"<script> [6424 bytes]","args":[{"element-6066-11e4-a52e-4f735466cecf":"f.F6BB02432D8D97F36D378B59895A9F69.d.DBE066728E7552D3D56D3E1D2A39B414.e.13631"},"getText",[]]}
RESULT: {"script":"<script> [6424 bytes]","args":[{"element-6066-11e4-a52e-4f735466cecf":"f.F6BB02432D8D97F36D378B59895A9F69.d.DBE066728E7552D3D56D3E1D2A39B414.e.13631"},"getText",[]]}
COMMAND: POST /session/0140d377bb50cef00459d42e723e3497/execute/async - {"script":"<script> [1562 bytes]","args":[{"selector":{"controlType":"sap.m.ObjectStatus","viewName":"etm.portal.ui.managerequests.view.Detail","bindingPath":{"path":"/RequestHeaders('20202')","propertyPath":"LINK_TO_STATUS/DESCRIPTION","modelName":"catalogModel"}},"wdio_ui5_key":"etmportal.ui.managerequests.view.Detailsap.m.ObjectStatus{\"path\":\"/RequestHeaders('20202')\",\"propertyPath\":\"LINK_TO_STATUS/DESCRIPTION\",\"modelName\":\"catalogModel\"}"}]}
RESULT: {"script":"<script> [1562 bytes]","args":[{"selector":{"controlType":"sap.m.ObjectStatus","viewName":"etm.portal.ui.managerequests.view.Detail","bindingPath":{"path":"/RequestHeaders('20202')","propertyPath":"LINK_TO_STATUS/DESCRIPTION","modelName":"catalogModel"}},"wdio_ui5_key":"etmportal.ui.managerequests.view.Detailsap.m.ObjectStatus{\"path\":\"/RequestHeaders('20202')\",\"propertyPath\":\"LINK_TO_STATUS/DESCRIPTION\",\"modelName\":\"catalogModel\"}"}]}
RESULT: undefined
COMMAND: POST /session/0140d377bb50cef00459d42e723e3497/execute/async - {"script":"<script> [6424 bytes]","args":[{"element-6066-11e4-a52e-4f735466cecf":"f.F6BB02432D8D97F36D378B59895A9F69.d.DBE066728E7552D3D56D3E1D2A39B414.e.13632"},"getText",[]]}
RESULT: {"script":"<script> [6424 bytes]","args":[{"element-6066-11e4-a52e-4f735466cecf":"f.F6BB02432D8D97F36D378B59895A9F69.d.DBE066728E7552D3D56D3E1D2A39B414.e.13632"},"getText",[]]}
COMMAND: DELETE /session/0140d377bb50cef00459d42e723e3497 - {}
RESULT: {}
]]></system-out>
    </testcase>
  </testsuite>
</testsuites>