<?xml version="1.0" encoding="UTF-8"?>
<testsuites tests="21" failures="0" errors="0" skipped="0">
  <testsuite timestamp="2025-05-19T16:59:11" time="446.165" tests="3" failures="0" errors="0" skipped="0">
    <properties>
      <property name="specId" value="0" />
      <property name="suiteName" value="Create condition pricing US117289 US134625" />
      <property name="capabilities" value="chrome.136_0_7103_93.windows" />
      <property name="file" value="file:///D:/a/1/s/test/specs/BTS/create-condition-pricing.spec.js" />
    </properties>
    <testcase classname="chrome.136_0_7103_93.windows.Create_condition_pricing_US117289_US134625" name="Should create a new yard used for all following tests" time="145.909">
      <system-out><![CDATA[
COMMAND: POST /session/d09bc8dff77367d024d5807c430cb6f4/window/fullscreen - {}
RESULT: {}
COMMAND: POST /session/d09bc8dff77367d024d5807c430cb6f4/execute/async - {"script":"<script> [1562 bytes]","args":[{"selector":{"controlType":"sap.m.GenericTile","properties":{"header":"Manage Yards"}},"wdio_ui5_key":"sapm.GenericTile{\"header\":\"Manage Yards\"}"}]}
RESULT: {"script":"<script> [1562 bytes]","args":[{"selector":{"controlType":"sap.m.GenericTile","properties":{"header":"Manage Yards"}},"wdio_ui5_key":"sapm.GenericTile{\"header\":\"Manage Yards\"}"}]}
RESULT: undefined
COMMAND: POST /session/d09bc8dff77367d024d5807c430cb6f4/element - {"using":"xpath","value":"//*[@id=\"__tile41\"]"}
RESULT: {"using":"xpath","value":"//*[@id=\"__tile41\"]"}
COMMAND: POST /session/d09bc8dff77367d024d5807c430cb6f4/element/f.DBFB0E313060B6E614D077C1D7681781.d.C541A40454834E4E9D292DB883D175A4.e.152/click - {}
RESULT: {}
COMMAND: GET /session/d09bc8dff77367d024d5807c430cb6f4/screenshot - {}
RESULT: {}
COMMAND: POST /session/d09bc8dff77367d024d5807c430cb6f4/elements - {"using":"xpath","value":"//span[text()='Error']"}
RESULT: {"using":"xpath","value":"//span[text()='Error']"}
COMMAND: POST /session/d09bc8dff77367d024d5807c430cb6f4/element - {"using":"xpath","value":"//button[@data-kt=\"addNewYardOverflowToolbarButton\"]"}
RESULT: {"using":"xpath","value":"//button[@data-kt=\"addNewYardOverflowToolbarButton\"]"}
COMMAND: POST /session/d09bc8dff77367d024d5807c430cb6f4/elements - {"using":"xpath","value":"//button[@data-kt=\"addNewYardOverflowToolbarButton\"]"}
RESULT: {"using":"xpath","value":"//button[@data-kt=\"addNewYardOverflowToolbarButton\"]"}
COMMAND: POST /session/d09bc8dff77367d024d5807c430cb6f4/elements - {"using":"xpath","value":"//button[@data-kt=\"addNewYardOverflowToolbarButton\"]"}
RESULT: {"using":"xpath","value":"//button[@data-kt=\"addNewYardOverflowToolbarButton\"]"}
COMMAND: POST /session/d09bc8dff77367d024d5807c430cb6f4/elements - {"using":"xpath","value":"//button[@data-kt=\"addNewYardOverflowToolbarButton\"]"}
RESULT: {"using":"xpath","value":"//button[@data-kt=\"addNewYardOverflowToolbarButton\"]"}
COMMAND: POST /session/d09bc8dff77367d024d5807c430cb6f4/elements - {"using":"xpath","value":"//button[@data-kt=\"addNewYardOverflowToolbarButton\"]"}
RESULT: {"using":"xpath","value":"//button[@data-kt=\"addNewYardOverflowToolbarButton\"]"}
COMMAND: POST /session/d09bc8dff77367d024d5807c430cb6f4/elements - {"using":"xpath","value":"//button[@data-kt=\"addNewYardOverflowToolbarButton\"]"}
RESULT: {"using":"xpath","value":"//button[@data-kt=\"addNewYardOverflowToolbarButton\"]"}
COMMAND: POST /session/d09bc8dff77367d024d5807c430cb6f4/elements - {"using":"xpath","value":"//button[@data-kt=\"addNewYardOverflowToolbarButton\"]"}
RESULT: {"using":"xpath","value":"//button[@data-kt=\"addNewYardOverflowToolbarButton\"]"}
COMMAND: POST /session/d09bc8dff77367d024d5807c430cb6f4/elements - {"using":"xpath","value":"//button[@data-kt=\"addNewYardOverflowToolbarButton\"]"}
RESULT: {"using":"xpath","value":"//button[@data-kt=\"addNewYardOverflowToolbarButton\"]"}
COMMAND: POST /session/d09bc8dff77367d024d5807c430cb6f4/elements - {"using":"xpath","value":"//button[@data-kt=\"addNewYardOverflowToolbarButton\"]"}
RESULT: {"using":"xpath","value":"//button[@data-kt=\"addNewYardOverflowToolbarButton\"]"}
COMMAND: POST /session/d09bc8dff77367d024d5807c430cb6f4/elements - {"using":"xpath","value":"//button[@data-kt=\"addNewYardOverflowToolbarButton\"]"}
RESULT: {"using":"xpath","value":"//button[@data-kt=\"addNewYardOverflowToolbarButton\"]"}
COMMAND: POST /session/d09bc8dff77367d024d5807c430cb6f4/elements - {"using":"xpath","value":"//button[@data-kt=\"addNewYardOverflowToolbarButton\"]"}
RESULT: {"using":"xpath","value":"//button[@data-kt=\"addNewYardOverflowToolbarButton\"]"}
COMMAND: POST /session/d09bc8dff77367d024d5807c430cb6f4/elements - {"using":"xpath","value":"//button[@data-kt=\"addNewYardOverflowToolbarButton\"]"}
RESULT: {"using":"xpath","value":"//button[@data-kt=\"addNewYardOverflowToolbarButton\"]"}
COMMAND: POST /session/d09bc8dff77367d024d5807c430cb6f4/elements - {"using":"xpath","value":"//button[@data-kt=\"addNewYardOverflowToolbarButton\"]"}
RESULT: {"using":"xpath","value":"//button[@data-kt=\"addNewYardOverflowToolbarButton\"]"}
COMMAND: POST /session/d09bc8dff77367d024d5807c430cb6f4/elements - {"using":"xpath","value":"//button[@data-kt=\"addNewYardOverflowToolbarButton\"]"}
RESULT: {"using":"xpath","value":"//button[@data-kt=\"addNewYardOverflowToolbarButton\"]"}
COMMAND: POST /session/d09bc8dff77367d024d5807c430cb6f4/elements - {"using":"xpath","value":"//button[@data-kt=\"addNewYardOverflowToolbarButton\"]"}
RESULT: {"using":"xpath","value":"//button[@data-kt=\"addNewYardOverflowToolbarButton\"]"}
COMMAND: POST /session/d09bc8dff77367d024d5807c430cb6f4/element - {"using":"xpath","value":"//button[@data-kt=\"addNewYardOverflowToolbarButton\"]"}
RESULT: {"using":"xpath","value":"//button[@data-kt=\"addNewYardOverflowToolbarButton\"]"}
COMMAND: POST /session/d09bc8dff77367d024d5807c430cb6f4/execute/sync - {"script":"<script> [8489 bytes]","args":[{"element-6066-11e4-a52e-4f735466cecf":"f.DBFB0E313060B6E614D077C1D7681781.d.C541A40454834E4E9D292DB883D175A4.e.287","ELEMENT":"f.DBFB0E313060B6E614D077C1D7681781.d.C541A40454834E4E9D292DB883D175A4.e.287"}]}
RESULT: {"script":"<script> [8489 bytes]","args":[{"element-6066-11e4-a52e-4f735466cecf":"f.DBFB0E313060B6E614D077C1D7681781.d.C541A40454834E4E9D292DB883D175A4.e.287","ELEMENT":"f.DBFB0E313060B6E614D077C1D7681781.d.C541A40454834E4E9D292DB883D175A4.e.287"}]}
COMMAND: GET /session/d09bc8dff77367d024d5807c430cb6f4/element/f.DBFB0E313060B6E614D077C1D7681781.d.C541A40454834E4E9D292DB883D175A4.e.287/enabled - {}
COMMAND: GET /session/d09bc8dff77367d024d5807c430cb6f4/screenshot - {}
RESULT: {}
COMMAND: POST /session/d09bc8dff77367d024d5807c430cb6f4/execute/sync - {"script":"<script> [8489 bytes]","args":[{"element-6066-11e4-a52e-4f735466cecf":"f.DBFB0E313060B6E614D077C1D7681781.d.C541A40454834E4E9D292DB883D175A4.e.287","ELEMENT":"f.DBFB0E313060B6E614D077C1D7681781.d.C541A40454834E4E9D292DB883D175A4.e.287"}]}
COMMAND: GET /session/d09bc8dff77367d024d5807c430cb6f4/screenshot - {}
RESULT: {}
RESULT: {"script":"<script> [8489 bytes]","args":[{"element-6066-11e4-a52e-4f735466cecf":"f.DBFB0E313060B6E614D077C1D7681781.d.C541A40454834E4E9D292DB883D175A4.e.287","ELEMENT":"f.DBFB0E313060B6E614D077C1D7681781.d.C541A40454834E4E9D292DB883D175A4.e.287"}]}
COMMAND: POST /session/d09bc8dff77367d024d5807c430cb6f4/execute/sync - {"script":"<script> [5351 bytes]","args":[{"element-6066-11e4-a52e-4f735466cecf":"f.DBFB0E313060B6E614D077C1D7681781.d.C541A40454834E4E9D292DB883D175A4.e.287","ELEMENT":"f.DBFB0E313060B6E614D077C1D7681781.d.C541A40454834E4E9D292DB883D175A4.e.287"}]}
COMMAND: GET /session/d09bc8dff77367d024d5807c430cb6f4/screenshot - {}
RESULT: {}
RESULT: {"script":"<script> [5351 bytes]","args":[{"element-6066-11e4-a52e-4f735466cecf":"f.DBFB0E313060B6E614D077C1D7681781.d.C541A40454834E4E9D292DB883D175A4.e.287","ELEMENT":"f.DBFB0E313060B6E614D077C1D7681781.d.C541A40454834E4E9D292DB883D175A4.e.287"}]}
COMMAND: POST /session/d09bc8dff77367d024d5807c430cb6f4/element/f.DBFB0E313060B6E614D077C1D7681781.d.C541A40454834E4E9D292DB883D175A4.e.287/click - {}
COMMAND: GET /session/d09bc8dff77367d024d5807c430cb6f4/screenshot - {}
RESULT: {}
RESULT: {}
COMMAND: GET /session/d09bc8dff77367d024d5807c430cb6f4/screenshot - {}
RESULT: {}
RESULT: {}
COMMAND: POST /session/d09bc8dff77367d024d5807c430cb6f4/element - {"using":"xpath","value":"//input[@id=\"application-manageyards-display-component---NewYard--yardId-inner\"]"}
RESULT: {"using":"xpath","value":"//input[@id=\"application-manageyards-display-component---NewYard--yardId-inner\"]"}
COMMAND: POST /session/d09bc8dff77367d024d5807c430cb6f4/element - {"using":"xpath","value":"//input[@id=\"application-manageyards-display-component---NewYard--yardId-inner\"]"}
RESULT: {"using":"xpath","value":"//input[@id=\"application-manageyards-display-component---NewYard--yardId-inner\"]"}
COMMAND: POST /session/d09bc8dff77367d024d5807c430cb6f4/execute/async - {"script":"<script> [1562 bytes]","args":[{"selector":{"id":"application-manageyards-display-component---NewYard--addressDetailDetailsName1","interaction":{"idSuffix":"inner"}},"wdio_ui5_key":"applicationmanageyards-display-component---NewYard--addressDetailDetailsName1"}]}
RESULT: {"script":"<script> [1562 bytes]","args":[{"selector":{"id":"application-manageyards-display-component---NewYard--addressDetailDetailsName1","interaction":{"idSuffix":"inner"}},"wdio_ui5_key":"applicationmanageyards-display-component---NewYard--addressDetailDetailsName1"}]}
RESULT: undefined
COMMAND: POST /session/d09bc8dff77367d024d5807c430cb6f4/execute/async - {"script":"<script> [776 bytes]","args":[{"enterText":"DailyPrice WDIO","selector":{"id":"application-manageyards-display-component---NewYard--addressDetailDetailsName1","interaction":{"idSuffix":"inner"}},"clearTextFirst":true,"interactionType":"ENTER_TEXT"}]}
RESULT: {"script":"<script> [776 bytes]","args":[{"enterText":"DailyPrice WDIO","selector":{"id":"application-manageyards-display-component---NewYard--addressDetailDetailsName1","interaction":{"idSuffix":"inner"}},"clearTextFirst":true,"interactionType":"ENTER_TEXT"}]}
COMMAND: POST /session/d09bc8dff77367d024d5807c430cb6f4/execute/async - {"script":"<script> [1562 bytes]","args":[{"selector":{"id":"application-manageyards-display-component---NewYard--addressDetailDetailsLanguage-arrow"},"wdio_ui5_key":"applicationmanageyards-display-component---NewYard--addressDetailDetailsLanguage-arrow"}]}
RESULT: {"script":"<script> [1562 bytes]","args":[{"selector":{"id":"application-manageyards-display-component---NewYard--addressDetailDetailsLanguage-arrow"},"wdio_ui5_key":"applicationmanageyards-display-component---NewYard--addressDetailDetailsLanguage-arrow"}]}
RESULT: undefined
COMMAND: POST /session/d09bc8dff77367d024d5807c430cb6f4/element - {"using":"xpath","value":"//*[@id=\"application-manageyards-display-component---NewYard--addressDetailDetailsLanguage-arrow\"]"}
RESULT: {"using":"xpath","value":"//*[@id=\"application-manageyards-display-component---NewYard--addressDetailDetailsLanguage-arrow\"]"}
COMMAND: POST /session/d09bc8dff77367d024d5807c430cb6f4/element/f.DBFB0E313060B6E614D077C1D7681781.d.C541A40454834E4E9D292DB883D175A4.e.724/click - {}
RESULT: {}
COMMAND: POST /session/d09bc8dff77367d024d5807c430cb6f4/element - {"using":"xpath","value":"//span[contains(text(), \"English\")]"}
COMMAND: GET /session/d09bc8dff77367d024d5807c430cb6f4/screenshot - {}
RESULT: {"using":"xpath","value":"//span[contains(text(), \"English\")]"}
COMMAND: POST /session/d09bc8dff77367d024d5807c430cb6f4/element/f.DBFB0E313060B6E614D077C1D7681781.d.C541A40454834E4E9D292DB883D175A4.e.725/click - {}
RESULT: {}
RESULT: {}
COMMAND: POST /session/d09bc8dff77367d024d5807c430cb6f4/execute/async - {"script":"<script> [1562 bytes]","args":[{"selector":{"id":"application-manageyards-display-component---NewYard--addressDetailDetailsCity1","interaction":{"idSuffix":"inner"}},"wdio_ui5_key":"applicationmanageyards-display-component---NewYard--addressDetailDetailsCity1"}]}
COMMAND: GET /session/d09bc8dff77367d024d5807c430cb6f4/screenshot - {}
RESULT: {"script":"<script> [1562 bytes]","args":[{"selector":{"id":"application-manageyards-display-component---NewYard--addressDetailDetailsCity1","interaction":{"idSuffix":"inner"}},"wdio_ui5_key":"applicationmanageyards-display-component---NewYard--addressDetailDetailsCity1"}]}
RESULT: undefined
COMMAND: POST /session/d09bc8dff77367d024d5807c430cb6f4/execute/async - {"script":"<script> [776 bytes]","args":[{"enterText":"Rosario","selector":{"id":"application-manageyards-display-component---NewYard--addressDetailDetailsCity1","interaction":{"idSuffix":"inner"}},"clearTextFirst":true,"interactionType":"ENTER_TEXT"}]}
RESULT: {}
RESULT: {"script":"<script> [776 bytes]","args":[{"enterText":"Rosario","selector":{"id":"application-manageyards-display-component---NewYard--addressDetailDetailsCity1","interaction":{"idSuffix":"inner"}},"clearTextFirst":true,"interactionType":"ENTER_TEXT"}]}
COMMAND: POST /session/d09bc8dff77367d024d5807c430cb6f4/execute/async - {"script":"<script> [1562 bytes]","args":[{"selector":{"id":"application-manageyards-display-component---NewYard--addressDetailDetailsCountry-arrow"},"wdio_ui5_key":"applicationmanageyards-display-component---NewYard--addressDetailDetailsCountry-arrow"}]}
RESULT: {"script":"<script> [1562 bytes]","args":[{"selector":{"id":"application-manageyards-display-component---NewYard--addressDetailDetailsCountry-arrow"},"wdio_ui5_key":"applicationmanageyards-display-component---NewYard--addressDetailDetailsCountry-arrow"}]}
RESULT: undefined
COMMAND: POST /session/d09bc8dff77367d024d5807c430cb6f4/element - {"using":"xpath","value":"//*[@id=\"application-manageyards-display-component---NewYard--addressDetailDetailsCountry-arrow\"]"}
RESULT: {"using":"xpath","value":"//*[@id=\"application-manageyards-display-component---NewYard--addressDetailDetailsCountry-arrow\"]"}
COMMAND: POST /session/d09bc8dff77367d024d5807c430cb6f4/element/f.DBFB0E313060B6E614D077C1D7681781.d.C541A40454834E4E9D292DB883D175A4.e.727/click - {}
RESULT: {}
COMMAND: POST /session/d09bc8dff77367d024d5807c430cb6f4/element - {"using":"xpath","value":"//span[contains(text(), \"Argentina\")]"}
COMMAND: GET /session/d09bc8dff77367d024d5807c430cb6f4/screenshot - {}
RESULT: {"using":"xpath","value":"//span[contains(text(), \"Argentina\")]"}
COMMAND: POST /session/d09bc8dff77367d024d5807c430cb6f4/element/f.DBFB0E313060B6E614D077C1D7681781.d.C541A40454834E4E9D292DB883D175A4.e.729/click - {}
RESULT: {}
RESULT: {}
COMMAND: POST /session/d09bc8dff77367d024d5807c430cb6f4/execute/async - {"script":"<script> [1562 bytes]","args":[{"selector":{"id":"application-manageyards-display-component---NewYard--addressEditDetailsCostObjectCstType-arrow"},"wdio_ui5_key":"applicationmanageyards-display-component---NewYard--addressEditDetailsCostObjectCstType-arrow"}]}
COMMAND: GET /session/d09bc8dff77367d024d5807c430cb6f4/screenshot - {}
RESULT: {"script":"<script> [1562 bytes]","args":[{"selector":{"id":"application-manageyards-display-component---NewYard--addressEditDetailsCostObjectCstType-arrow"},"wdio_ui5_key":"applicationmanageyards-display-component---NewYard--addressEditDetailsCostObjectCstType-arrow"}]}
RESULT: undefined
COMMAND: POST /session/d09bc8dff77367d024d5807c430cb6f4/element - {"using":"xpath","value":"//*[@id=\"application-manageyards-display-component---NewYard--addressEditDetailsCostObjectCstType-arrow\"]"}
RESULT: {}
RESULT: {"using":"xpath","value":"//*[@id=\"application-manageyards-display-component---NewYard--addressEditDetailsCostObjectCstType-arrow\"]"}
COMMAND: POST /session/d09bc8dff77367d024d5807c430cb6f4/element/f.DBFB0E313060B6E614D077C1D7681781.d.C541A40454834E4E9D292DB883D175A4.e.730/click - {}
RESULT: {}
COMMAND: POST /session/d09bc8dff77367d024d5807c430cb6f4/element - {"using":"xpath","value":"//span[contains(text(), \"Cost Center\")]"}
COMMAND: GET /session/d09bc8dff77367d024d5807c430cb6f4/screenshot - {}
RESULT: {"using":"xpath","value":"//span[contains(text(), \"Cost Center\")]"}
COMMAND: POST /session/d09bc8dff77367d024d5807c430cb6f4/element/f.DBFB0E313060B6E614D077C1D7681781.d.C541A40454834E4E9D292DB883D175A4.e.731/click - {}
RESULT: {}
RESULT: {}
COMMAND: GET /session/d09bc8dff77367d024d5807c430cb6f4/screenshot - {}
RESULT: {}
COMMAND: POST /session/d09bc8dff77367d024d5807c430cb6f4/element - {"using":"xpath","value":"//span[@id=\"application-manageyards-display-component---NewYard--addressNewCostObjectCstID-vhi\"]"}
RESULT: {"using":"xpath","value":"//span[@id=\"application-manageyards-display-component---NewYard--addressNewCostObjectCstID-vhi\"]"}
COMMAND: POST /session/d09bc8dff77367d024d5807c430cb6f4/execute/sync - {"script":"<script> [8489 bytes]","args":[{"element-6066-11e4-a52e-4f735466cecf":"f.DBFB0E313060B6E614D077C1D7681781.d.C541A40454834E4E9D292DB883D175A4.e.735","ELEMENT":"f.DBFB0E313060B6E614D077C1D7681781.d.C541A40454834E4E9D292DB883D175A4.e.735"}]}
RESULT: {"script":"<script> [8489 bytes]","args":[{"element-6066-11e4-a52e-4f735466cecf":"f.DBFB0E313060B6E614D077C1D7681781.d.C541A40454834E4E9D292DB883D175A4.e.735","ELEMENT":"f.DBFB0E313060B6E614D077C1D7681781.d.C541A40454834E4E9D292DB883D175A4.e.735"}]}
COMMAND: POST /session/d09bc8dff77367d024d5807c430cb6f4/execute/async - {"script":"<script> [1562 bytes]","args":[{"selector":{"id":"application-manageyards-display-component---NewYard--addressNewCostObjectCstID-vhi"},"wdio_ui5_key":"applicationmanageyards-display-component---NewYard--addressNewCostObjectCstID-vhi"}]}
COMMAND: GET /session/d09bc8dff77367d024d5807c430cb6f4/screenshot - {}
RESULT: {"script":"<script> [1562 bytes]","args":[{"selector":{"id":"application-manageyards-display-component---NewYard--addressNewCostObjectCstID-vhi"},"wdio_ui5_key":"applicationmanageyards-display-component---NewYard--addressNewCostObjectCstID-vhi"}]}
RESULT: undefined
COMMAND: POST /session/d09bc8dff77367d024d5807c430cb6f4/element - {"using":"xpath","value":"//*[@id=\"application-manageyards-display-component---NewYard--addressNewCostObjectCstID-vhi\"]"}
RESULT: {}
RESULT: {"using":"xpath","value":"//*[@id=\"application-manageyards-display-component---NewYard--addressNewCostObjectCstID-vhi\"]"}
COMMAND: POST /session/d09bc8dff77367d024d5807c430cb6f4/element/f.DBFB0E313060B6E614D077C1D7681781.d.C541A40454834E4E9D292DB883D175A4.e.735/click - {}
RESULT: {}
COMMAND: GET /session/d09bc8dff77367d024d5807c430cb6f4/screenshot - {}
RESULT: {}
COMMAND: POST /session/d09bc8dff77367d024d5807c430cb6f4/execute/async - {"script":"<script> [1562 bytes]","args":[{"selector":{"controlType":"sap.m.SearchField","properties":{"placeholder":"Search"},"searchOpenDialogs":true,"interaction":{"idSuffix":"I"}},"wdio_ui5_key":"sapm.SearchField{\"placeholder\":\"Search\"}"}]}
RESULT: {"script":"<script> [1562 bytes]","args":[{"selector":{"controlType":"sap.m.SearchField","properties":{"placeholder":"Search"},"searchOpenDialogs":true,"interaction":{"idSuffix":"I"}},"wdio_ui5_key":"sapm.SearchField{\"placeholder\":\"Search\"}"}]}
RESULT: undefined
COMMAND: POST /session/d09bc8dff77367d024d5807c430cb6f4/execute/async - {"script":"<script> [776 bytes]","args":[{"enterText":"bauh_b","selector":{"controlType":"sap.m.SearchField","properties":{"placeholder":"Search"},"searchOpenDialogs":true,"interaction":{"idSuffix":"I"}},"clearTextFirst":true,"interactionType":"ENTER_TEXT"}]}
RESULT: {"script":"<script> [776 bytes]","args":[{"enterText":"bauh_b","selector":{"controlType":"sap.m.SearchField","properties":{"placeholder":"Search"},"searchOpenDialogs":true,"interaction":{"idSuffix":"I"}},"clearTextFirst":true,"interactionType":"ENTER_TEXT"}]}
COMMAND: POST /session/d09bc8dff77367d024d5807c430cb6f4/actions - {"actions":[{"id":"action1","type":"key","parameters":{},"actions":[{"type":"keyDown","value":"î€‡"},{"type":"pause","duration":10},{"type":"keyUp","value":"î€‡"}]}]}
RESULT: {"actions":[{"id":"action1","type":"key","parameters":{},"actions":[{"type":"keyDown","value":"î€‡"},{"type":"pause","duration":10},{"type":"keyUp","value":"î€‡"}]}]}
COMMAND: GET /session/d09bc8dff77367d024d5807c430cb6f4/screenshot - {}
RESULT: {}
COMMAND: POST /session/d09bc8dff77367d024d5807c430cb6f4/element - {"using":"xpath","value":"//span[contains(text(), \"Demo Yard\")]"}
RESULT: {"using":"xpath","value":"//span[contains(text(), \"Demo Yard\")]"}
COMMAND: POST /session/d09bc8dff77367d024d5807c430cb6f4/element/f.DBFB0E313060B6E614D077C1D7681781.d.C541A40454834E4E9D292DB883D175A4.e.775/click - {}
RESULT: {}
COMMAND: GET /session/d09bc8dff77367d024d5807c430cb6f4/screenshot - {}
RESULT: {}
COMMAND: POST /session/d09bc8dff77367d024d5807c430cb6f4/element - {"using":"xpath","value":"//bdi[contains(text(), \"OK\")]"}
RESULT: {"using":"xpath","value":"//bdi[contains(text(), \"OK\")]"}
COMMAND: POST /session/d09bc8dff77367d024d5807c430cb6f4/element/f.DBFB0E313060B6E614D077C1D7681781.d.C541A40454834E4E9D292DB883D175A4.e.776/click - {}
RESULT: {}
COMMAND: GET /session/d09bc8dff77367d024d5807c430cb6f4/screenshot - {}
RESULT: {}
COMMAND: POST /session/d09bc8dff77367d024d5807c430cb6f4/execute/async - {"script":"<script> [1562 bytes]","args":[{"selector":{"id":"application-manageyards-display-component---NewYard--addressEditDetailsCurrency-arrow"},"wdio_ui5_key":"applicationmanageyards-display-component---NewYard--addressEditDetailsCurrency-arrow"}]}
RESULT: {"script":"<script> [1562 bytes]","args":[{"selector":{"id":"application-manageyards-display-component---NewYard--addressEditDetailsCurrency-arrow"},"wdio_ui5_key":"applicationmanageyards-display-component---NewYard--addressEditDetailsCurrency-arrow"}]}
RESULT: undefined
COMMAND: POST /session/d09bc8dff77367d024d5807c430cb6f4/element - {"using":"xpath","value":"//*[@id=\"application-manageyards-display-component---NewYard--addressEditDetailsCurrency-arrow\"]"}
RESULT: {"using":"xpath","value":"//*[@id=\"application-manageyards-display-component---NewYard--addressEditDetailsCurrency-arrow\"]"}
COMMAND: POST /session/d09bc8dff77367d024d5807c430cb6f4/element/f.DBFB0E313060B6E614D077C1D7681781.d.C541A40454834E4E9D292DB883D175A4.e.779/click - {}
RESULT: {}
COMMAND: POST /session/d09bc8dff77367d024d5807c430cb6f4/element - {"using":"xpath","value":"//span[contains(text(), \"Euro\")]"}
COMMAND: GET /session/d09bc8dff77367d024d5807c430cb6f4/screenshot - {}
RESULT: {"using":"xpath","value":"//span[contains(text(), \"Euro\")]"}
COMMAND: POST /session/d09bc8dff77367d024d5807c430cb6f4/element/f.DBFB0E313060B6E614D077C1D7681781.d.C541A40454834E4E9D292DB883D175A4.e.780/click - {}
RESULT: {}
RESULT: {}
COMMAND: POST /session/d09bc8dff77367d024d5807c430cb6f4/execute/async - {"script":"<script> [1562 bytes]","args":[{"selector":{"controlType":"sap.m.Input","viewName":"etm.portal.ui.manageyards.view.New","viewId":"application-manageyards-display-component---NewYard","bindingPath":{"path":"","propertyPath":"/CONTROLLING_AREA","modelName":"NewYardModel"},"interaction":{"idSuffix":"inner"}},"wdio_ui5_key":"etmportal.ui.manageyards.view.Newsap.m.Input{\"path\":\"\",\"propertyPath\":\"/CONTROLLING_AREA\",\"modelName\":\"NewYardModel\"}"}]}
COMMAND: GET /session/d09bc8dff77367d024d5807c430cb6f4/screenshot - {}
RESULT: {"script":"<script> [1562 bytes]","args":[{"selector":{"controlType":"sap.m.Input","viewName":"etm.portal.ui.manageyards.view.New","viewId":"application-manageyards-display-component---NewYard","bindingPath":{"path":"","propertyPath":"/CONTROLLING_AREA","modelName":"NewYardModel"},"interaction":{"idSuffix":"inner"}},"wdio_ui5_key":"etmportal.ui.manageyards.view.Newsap.m.Input{\"path\":\"\",\"propertyPath\":\"/CONTROLLING_AREA\",\"modelName\":\"NewYardModel\"}"}]}
RESULT: undefined
COMMAND: POST /session/d09bc8dff77367d024d5807c430cb6f4/execute/async - {"script":"<script> [776 bytes]","args":[{"enterText":"Z001","selector":{"controlType":"sap.m.Input","viewName":"etm.portal.ui.manageyards.view.New","viewId":"application-manageyards-display-component---NewYard","bindingPath":{"path":"","propertyPath":"/CONTROLLING_AREA","modelName":"NewYardModel"},"interaction":{"idSuffix":"inner"}},"clearTextFirst":true,"interactionType":"ENTER_TEXT"}]}
RESULT: {}
RESULT: {"script":"<script> [776 bytes]","args":[{"enterText":"Z001","selector":{"controlType":"sap.m.Input","viewName":"etm.portal.ui.manageyards.view.New","viewId":"application-manageyards-display-component---NewYard","bindingPath":{"path":"","propertyPath":"/CONTROLLING_AREA","modelName":"NewYardModel"},"interaction":{"idSuffix":"inner"}},"clearTextFirst":true,"interactionType":"ENTER_TEXT"}]}
COMMAND: POST /session/d09bc8dff77367d024d5807c430cb6f4/execute/async - {"script":"<script> [1562 bytes]","args":[{"selector":{"id":"application-manageyards-display-component---NewYard--companyCodeComboBox","interaction":{"idSuffix":"inner"}},"wdio_ui5_key":"applicationmanageyards-display-component---NewYard--companyCodeComboBox"}]}
RESULT: {"script":"<script> [1562 bytes]","args":[{"selector":{"id":"application-manageyards-display-component---NewYard--companyCodeComboBox","interaction":{"idSuffix":"inner"}},"wdio_ui5_key":"applicationmanageyards-display-component---NewYard--companyCodeComboBox"}]}
RESULT: undefined
COMMAND: POST /session/d09bc8dff77367d024d5807c430cb6f4/execute/async - {"script":"<script> [776 bytes]","args":[{"enterText":"1000","selector":{"id":"application-manageyards-display-component---NewYard--companyCodeComboBox","interaction":{"idSuffix":"inner"}},"clearTextFirst":true,"interactionType":"ENTER_TEXT"}]}
RESULT: {"script":"<script> [776 bytes]","args":[{"enterText":"1000","selector":{"id":"application-manageyards-display-component---NewYard--companyCodeComboBox","interaction":{"idSuffix":"inner"}},"clearTextFirst":true,"interactionType":"ENTER_TEXT"}]}
COMMAND: POST /session/d09bc8dff77367d024d5807c430cb6f4/execute/async - {"script":"<script> [1562 bytes]","args":[{"selector":{"controlType":"sap.m.Input","viewName":"etm.portal.ui.manageyards.view.New","viewId":"application-manageyards-display-component---NewYard","bindingPath":{"path":"","propertyPath":"/PLANT","modelName":"NewYardModel"},"interaction":{"idSuffix":"inner"}},"wdio_ui5_key":"etmportal.ui.manageyards.view.Newsap.m.Input{\"path\":\"\",\"propertyPath\":\"/PLANT\",\"modelName\":\"NewYardModel\"}"}]}
RESULT: {"script":"<script> [1562 bytes]","args":[{"selector":{"controlType":"sap.m.Input","viewName":"etm.portal.ui.manageyards.view.New","viewId":"application-manageyards-display-component---NewYard","bindingPath":{"path":"","propertyPath":"/PLANT","modelName":"NewYardModel"},"interaction":{"idSuffix":"inner"}},"wdio_ui5_key":"etmportal.ui.manageyards.view.Newsap.m.Input{\"path\":\"\",\"propertyPath\":\"/PLANT\",\"modelName\":\"NewYardModel\"}"}]}
RESULT: undefined
COMMAND: POST /session/d09bc8dff77367d024d5807c430cb6f4/execute/async - {"script":"<script> [776 bytes]","args":[{"enterText":"1001","selector":{"controlType":"sap.m.Input","viewName":"etm.portal.ui.manageyards.view.New","viewId":"application-manageyards-display-component---NewYard","bindingPath":{"path":"","propertyPath":"/PLANT","modelName":"NewYardModel"},"interaction":{"idSuffix":"inner"}},"clearTextFirst":true,"interactionType":"ENTER_TEXT"}]}
RESULT: {"script":"<script> [776 bytes]","args":[{"enterText":"1001","selector":{"controlType":"sap.m.Input","viewName":"etm.portal.ui.manageyards.view.New","viewId":"application-manageyards-display-component---NewYard","bindingPath":{"path":"","propertyPath":"/PLANT","modelName":"NewYardModel"},"interaction":{"idSuffix":"inner"}},"clearTextFirst":true,"interactionType":"ENTER_TEXT"}]}
COMMAND: POST /session/d09bc8dff77367d024d5807c430cb6f4/execute/async - {"script":"<script> [1562 bytes]","args":[{"selector":{"controlType":"sap.m.Input","viewName":"etm.portal.ui.manageyards.view.New","viewId":"application-manageyards-display-component---NewYard","bindingPath":{"path":"","propertyPath":"/SALES_AREA_VKORG","modelName":"NewYardModel"},"interaction":{"idSuffix":"inner"}},"wdio_ui5_key":"etmportal.ui.manageyards.view.Newsap.m.Input{\"path\":\"\",\"propertyPath\":\"/SALES_AREA_VKORG\",\"modelName\":\"NewYardModel\"}"}]}
RESULT: {"script":"<script> [1562 bytes]","args":[{"selector":{"controlType":"sap.m.Input","viewName":"etm.portal.ui.manageyards.view.New","viewId":"application-manageyards-display-component---NewYard","bindingPath":{"path":"","propertyPath":"/SALES_AREA_VKORG","modelName":"NewYardModel"},"interaction":{"idSuffix":"inner"}},"wdio_ui5_key":"etmportal.ui.manageyards.view.Newsap.m.Input{\"path\":\"\",\"propertyPath\":\"/SALES_AREA_VKORG\",\"modelName\":\"NewYardModel\"}"}]}
RESULT: undefined
COMMAND: POST /session/d09bc8dff77367d024d5807c430cb6f4/execute/async - {"script":"<script> [776 bytes]","args":[{"enterText":"C002","selector":{"controlType":"sap.m.Input","viewName":"etm.portal.ui.manageyards.view.New","viewId":"application-manageyards-display-component---NewYard","bindingPath":{"path":"","propertyPath":"/SALES_AREA_VKORG","modelName":"NewYardModel"},"interaction":{"idSuffix":"inner"}},"clearTextFirst":true,"interactionType":"ENTER_TEXT"}]}
RESULT: {"script":"<script> [776 bytes]","args":[{"enterText":"C002","selector":{"controlType":"sap.m.Input","viewName":"etm.portal.ui.manageyards.view.New","viewId":"application-manageyards-display-component---NewYard","bindingPath":{"path":"","propertyPath":"/SALES_AREA_VKORG","modelName":"NewYardModel"},"interaction":{"idSuffix":"inner"}},"clearTextFirst":true,"interactionType":"ENTER_TEXT"}]}
COMMAND: POST /session/d09bc8dff77367d024d5807c430cb6f4/execute/async - {"script":"<script> [1562 bytes]","args":[{"selector":{"controlType":"sap.m.Input","viewName":"etm.portal.ui.manageyards.view.New","viewId":"application-manageyards-display-component---NewYard","bindingPath":{"path":"","propertyPath":"/SALES_AREA_VTWEG","modelName":"NewYardModel"},"interaction":{"idSuffix":"inner"}},"wdio_ui5_key":"etmportal.ui.manageyards.view.Newsap.m.Input{\"path\":\"\",\"propertyPath\":\"/SALES_AREA_VTWEG\",\"modelName\":\"NewYardModel\"}"}]}
RESULT: {"script":"<script> [1562 bytes]","args":[{"selector":{"controlType":"sap.m.Input","viewName":"etm.portal.ui.manageyards.view.New","viewId":"application-manageyards-display-component---NewYard","bindingPath":{"path":"","propertyPath":"/SALES_AREA_VTWEG","modelName":"NewYardModel"},"interaction":{"idSuffix":"inner"}},"wdio_ui5_key":"etmportal.ui.manageyards.view.Newsap.m.Input{\"path\":\"\",\"propertyPath\":\"/SALES_AREA_VTWEG\",\"modelName\":\"NewYardModel\"}"}]}
RESULT: undefined
COMMAND: POST /session/d09bc8dff77367d024d5807c430cb6f4/execute/async - {"script":"<script> [776 bytes]","args":[{"enterText":"C2","selector":{"controlType":"sap.m.Input","viewName":"etm.portal.ui.manageyards.view.New","viewId":"application-manageyards-display-component---NewYard","bindingPath":{"path":"","propertyPath":"/SALES_AREA_VTWEG","modelName":"NewYardModel"},"interaction":{"idSuffix":"inner"}},"clearTextFirst":true,"interactionType":"ENTER_TEXT"}]}
RESULT: {"script":"<script> [776 bytes]","args":[{"enterText":"C2","selector":{"controlType":"sap.m.Input","viewName":"etm.portal.ui.manageyards.view.New","viewId":"application-manageyards-display-component---NewYard","bindingPath":{"path":"","propertyPath":"/SALES_AREA_VTWEG","modelName":"NewYardModel"},"interaction":{"idSuffix":"inner"}},"clearTextFirst":true,"interactionType":"ENTER_TEXT"}]}
COMMAND: POST /session/d09bc8dff77367d024d5807c430cb6f4/execute/async - {"script":"<script> [1562 bytes]","args":[{"selector":{"controlType":"sap.m.Input","viewName":"etm.portal.ui.manageyards.view.New","viewId":"application-manageyards-display-component---NewYard","bindingPath":{"path":"","propertyPath":"/SALES_AREA_SPART","modelName":"NewYardModel"},"interaction":{"idSuffix":"inner"}},"wdio_ui5_key":"etmportal.ui.manageyards.view.Newsap.m.Input{\"path\":\"\",\"propertyPath\":\"/SALES_AREA_SPART\",\"modelName\":\"NewYardModel\"}"}]}
RESULT: {"script":"<script> [1562 bytes]","args":[{"selector":{"controlType":"sap.m.Input","viewName":"etm.portal.ui.manageyards.view.New","viewId":"application-manageyards-display-component---NewYard","bindingPath":{"path":"","propertyPath":"/SALES_AREA_SPART","modelName":"NewYardModel"},"interaction":{"idSuffix":"inner"}},"wdio_ui5_key":"etmportal.ui.manageyards.view.Newsap.m.Input{\"path\":\"\",\"propertyPath\":\"/SALES_AREA_SPART\",\"modelName\":\"NewYardModel\"}"}]}
RESULT: undefined
COMMAND: POST /session/d09bc8dff77367d024d5807c430cb6f4/execute/async - {"script":"<script> [776 bytes]","args":[{"enterText":"C2","selector":{"controlType":"sap.m.Input","viewName":"etm.portal.ui.manageyards.view.New","viewId":"application-manageyards-display-component---NewYard","bindingPath":{"path":"","propertyPath":"/SALES_AREA_SPART","modelName":"NewYardModel"},"interaction":{"idSuffix":"inner"}},"clearTextFirst":true,"interactionType":"ENTER_TEXT"}]}
RESULT: {"script":"<script> [776 bytes]","args":[{"enterText":"C2","selector":{"controlType":"sap.m.Input","viewName":"etm.portal.ui.manageyards.view.New","viewId":"application-manageyards-display-component---NewYard","bindingPath":{"path":"","propertyPath":"/SALES_AREA_SPART","modelName":"NewYardModel"},"interaction":{"idSuffix":"inner"}},"clearTextFirst":true,"interactionType":"ENTER_TEXT"}]}
COMMAND: POST /session/d09bc8dff77367d024d5807c430cb6f4/execute/async - {"script":"<script> [1562 bytes]","args":[{"selector":{"controlType":"sap.m.Input","viewName":"etm.portal.ui.manageyards.view.New","viewId":"application-manageyards-display-component---NewYard","bindingPath":{"path":"","propertyPath":"/SHIP_POINT","modelName":"NewYardModel"},"interaction":{"idSuffix":"inner"}},"wdio_ui5_key":"etmportal.ui.manageyards.view.Newsap.m.Input{\"path\":\"\",\"propertyPath\":\"/SHIP_POINT\",\"modelName\":\"NewYardModel\"}"}]}
RESULT: {"script":"<script> [1562 bytes]","args":[{"selector":{"controlType":"sap.m.Input","viewName":"etm.portal.ui.manageyards.view.New","viewId":"application-manageyards-display-component---NewYard","bindingPath":{"path":"","propertyPath":"/SHIP_POINT","modelName":"NewYardModel"},"interaction":{"idSuffix":"inner"}},"wdio_ui5_key":"etmportal.ui.manageyards.view.Newsap.m.Input{\"path\":\"\",\"propertyPath\":\"/SHIP_POINT\",\"modelName\":\"NewYardModel\"}"}]}
RESULT: undefined
COMMAND: POST /session/d09bc8dff77367d024d5807c430cb6f4/execute/async - {"script":"<script> [776 bytes]","args":[{"enterText":"1710","selector":{"controlType":"sap.m.Input","viewName":"etm.portal.ui.manageyards.view.New","viewId":"application-manageyards-display-component---NewYard","bindingPath":{"path":"","propertyPath":"/SHIP_POINT","modelName":"NewYardModel"},"interaction":{"idSuffix":"inner"}},"clearTextFirst":true,"interactionType":"ENTER_TEXT"}]}
RESULT: {"script":"<script> [776 bytes]","args":[{"enterText":"1710","selector":{"controlType":"sap.m.Input","viewName":"etm.portal.ui.manageyards.view.New","viewId":"application-manageyards-display-component---NewYard","bindingPath":{"path":"","propertyPath":"/SHIP_POINT","modelName":"NewYardModel"},"interaction":{"idSuffix":"inner"}},"clearTextFirst":true,"interactionType":"ENTER_TEXT"}]}
COMMAND: POST /session/d09bc8dff77367d024d5807c430cb6f4/execute/async - {"script":"<script> [1562 bytes]","args":[{"selector":{"controlType":"sap.m.Input","viewName":"etm.portal.ui.manageyards.view.New","viewId":"application-manageyards-display-component---NewYard","bindingPath":{"path":"","propertyPath":"/DELIVERY_TYPE","modelName":"NewYardModel"},"interaction":{"idSuffix":"inner"}},"wdio_ui5_key":"etmportal.ui.manageyards.view.Newsap.m.Input{\"path\":\"\",\"propertyPath\":\"/DELIVERY_TYPE\",\"modelName\":\"NewYardModel\"}"}]}
RESULT: {"script":"<script> [1562 bytes]","args":[{"selector":{"controlType":"sap.m.Input","viewName":"etm.portal.ui.manageyards.view.New","viewId":"application-manageyards-display-component---NewYard","bindingPath":{"path":"","propertyPath":"/DELIVERY_TYPE","modelName":"NewYardModel"},"interaction":{"idSuffix":"inner"}},"wdio_ui5_key":"etmportal.ui.manageyards.view.Newsap.m.Input{\"path\":\"\",\"propertyPath\":\"/DELIVERY_TYPE\",\"modelName\":\"NewYardModel\"}"}]}
RESULT: undefined
COMMAND: POST /session/d09bc8dff77367d024d5807c430cb6f4/execute/async - {"script":"<script> [776 bytes]","args":[{"enterText":"ZL01","selector":{"controlType":"sap.m.Input","viewName":"etm.portal.ui.manageyards.view.New","viewId":"application-manageyards-display-component---NewYard","bindingPath":{"path":"","propertyPath":"/DELIVERY_TYPE","modelName":"NewYardModel"},"interaction":{"idSuffix":"inner"}},"clearTextFirst":true,"interactionType":"ENTER_TEXT"}]}
RESULT: {"script":"<script> [776 bytes]","args":[{"enterText":"ZL01","selector":{"controlType":"sap.m.Input","viewName":"etm.portal.ui.manageyards.view.New","viewId":"application-manageyards-display-component---NewYard","bindingPath":{"path":"","propertyPath":"/DELIVERY_TYPE","modelName":"NewYardModel"},"interaction":{"idSuffix":"inner"}},"clearTextFirst":true,"interactionType":"ENTER_TEXT"}]}
COMMAND: POST /session/d09bc8dff77367d024d5807c430cb6f4/execute/async - {"script":"<script> [1562 bytes]","args":[{"selector":{"controlType":"sap.m.Input","viewName":"etm.portal.ui.manageyards.view.New","viewId":"application-manageyards-display-component---NewYard","bindingPath":{"path":"","propertyPath":"/AUART","modelName":"NewYardModel"},"interaction":{"idSuffix":"inner"}},"wdio_ui5_key":"etmportal.ui.manageyards.view.Newsap.m.Input{\"path\":\"\",\"propertyPath\":\"/AUART\",\"modelName\":\"NewYardModel\"}"}]}
RESULT: {"script":"<script> [1562 bytes]","args":[{"selector":{"controlType":"sap.m.Input","viewName":"etm.portal.ui.manageyards.view.New","viewId":"application-manageyards-display-component---NewYard","bindingPath":{"path":"","propertyPath":"/AUART","modelName":"NewYardModel"},"interaction":{"idSuffix":"inner"}},"wdio_ui5_key":"etmportal.ui.manageyards.view.Newsap.m.Input{\"path\":\"\",\"propertyPath\":\"/AUART\",\"modelName\":\"NewYardModel\"}"}]}
RESULT: undefined
COMMAND: POST /session/d09bc8dff77367d024d5807c430cb6f4/execute/async - {"script":"<script> [776 bytes]","args":[{"enterText":"TA","selector":{"controlType":"sap.m.Input","viewName":"etm.portal.ui.manageyards.view.New","viewId":"application-manageyards-display-component---NewYard","bindingPath":{"path":"","propertyPath":"/AUART","modelName":"NewYardModel"},"interaction":{"idSuffix":"inner"}},"clearTextFirst":true,"interactionType":"ENTER_TEXT"}]}
RESULT: {"script":"<script> [776 bytes]","args":[{"enterText":"TA","selector":{"controlType":"sap.m.Input","viewName":"etm.portal.ui.manageyards.view.New","viewId":"application-manageyards-display-component---NewYard","bindingPath":{"path":"","propertyPath":"/AUART","modelName":"NewYardModel"},"interaction":{"idSuffix":"inner"}},"clearTextFirst":true,"interactionType":"ENTER_TEXT"}]}
COMMAND: POST /session/d09bc8dff77367d024d5807c430cb6f4/element - {"using":"xpath","value":"//button[@data-kt=\"newYardSaveButton\"]"}
RESULT: {"using":"xpath","value":"//button[@data-kt=\"newYardSaveButton\"]"}
COMMAND: POST /session/d09bc8dff77367d024d5807c430cb6f4/element/f.DBFB0E313060B6E614D077C1D7681781.d.C541A40454834E4E9D292DB883D175A4.e.686/click - {}
RESULT: {}
COMMAND: GET /session/d09bc8dff77367d024d5807c430cb6f4/screenshot - {}
RESULT: {}
COMMAND: POST /session/d09bc8dff77367d024d5807c430cb6f4/element - {"using":"xpath","value":"//header[contains(@id, 'ObjectPageLayout-headerTitle')]/div[1]/div[2]/div[1]/span[1]"}
RESULT: {"using":"xpath","value":"//header[contains(@id, 'ObjectPageLayout-headerTitle')]/div[1]/div[2]/div[1]/span[1]"}
COMMAND: POST /session/d09bc8dff77367d024d5807c430cb6f4/elements - {"using":"xpath","value":"//header[contains(@id, 'ObjectPageLayout-headerTitle')]/div[1]/div[2]/div[1]/span[1]"}
RESULT: {"using":"xpath","value":"//header[contains(@id, 'ObjectPageLayout-headerTitle')]/div[1]/div[2]/div[1]/span[1]"}
COMMAND: POST /session/d09bc8dff77367d024d5807c430cb6f4/execute/sync - {"script":"<script> [56 bytes]","args":[{"element-6066-11e4-a52e-4f735466cecf":"f.DBFB0E313060B6E614D077C1D7681781.d.C541A40454834E4E9D292DB883D175A4.e.1008","ELEMENT":"f.DBFB0E313060B6E614D077C1D7681781.d.C541A40454834E4E9D292DB883D175A4.e.1008"}]}
RESULT: {"script":"<script> [56 bytes]","args":[{"element-6066-11e4-a52e-4f735466cecf":"f.DBFB0E313060B6E614D077C1D7681781.d.C541A40454834E4E9D292DB883D175A4.e.1008","ELEMENT":"f.DBFB0E313060B6E614D077C1D7681781.d.C541A40454834E4E9D292DB883D175A4.e.1008"}]}
COMMAND: GET /session/d09bc8dff77367d024d5807c430cb6f4/screenshot - {}
RESULT: {}
COMMAND: POST /session/d09bc8dff77367d024d5807c430cb6f4/element - {"using":"css selector","value":"#shell-header-logo"}
RESULT: {"using":"css selector","value":"#shell-header-logo"}
COMMAND: POST /session/d09bc8dff77367d024d5807c430cb6f4/element/f.DBFB0E313060B6E614D077C1D7681781.d.C541A40454834E4E9D292DB883D175A4.e.255/click - {}
RESULT: {}
COMMAND: GET /session/d09bc8dff77367d024d5807c430cb6f4/screenshot - {}
RESULT: {}
COMMAND: POST /session/d09bc8dff77367d024d5807c430cb6f4/execute/sync - {"script":"<script> [299 bytes]","args":[["getModel","getResource"]]}
RESULT: {"script":"<script> [299 bytes]","args":[["getModel","getResource"]]}
COMMAND: GET /session/d09bc8dff77367d024d5807c430cb6f4/screenshot - {}
]]></system-out>
    </testcase>
    <testcase classname="chrome.136_0_7103_93.windows.Create_condition_pricing_US117289_US134625" name="Should create a new equipment used for all following tests" time="156.861">
      <system-out><![CDATA[
COMMAND: POST /session/d09bc8dff77367d024d5807c430cb6f4/execute/async - {"script":"<script> [1562 bytes]","args":[{"selector":{"controlType":"sap.m.GenericTile","properties":{"header":"Manage Resources"}},"wdio_ui5_key":"sapm.GenericTile{\"header\":\"Manage Resources\"}"}]}
RESULT: {}
RESULT: {"script":"<script> [1562 bytes]","args":[{"selector":{"controlType":"sap.m.GenericTile","properties":{"header":"Manage Resources"}},"wdio_ui5_key":"sapm.GenericTile{\"header\":\"Manage Resources\"}"}]}
RESULT: undefined
COMMAND: POST /session/d09bc8dff77367d024d5807c430cb6f4/element - {"using":"xpath","value":"//*[@id=\"__tile39\"]"}
RESULT: {"using":"xpath","value":"//*[@id=\"__tile39\"]"}
COMMAND: POST /session/d09bc8dff77367d024d5807c430cb6f4/element/f.DBFB0E313060B6E614D077C1D7681781.d.C541A40454834E4E9D292DB883D175A4.e.146/click - {}
RESULT: {}
COMMAND: GET /session/d09bc8dff77367d024d5807c430cb6f4/screenshot - {}
RESULT: {}
COMMAND: POST /session/d09bc8dff77367d024d5807c430cb6f4/elements - {"using":"xpath","value":"//span[text()='Error']"}
RESULT: {"using":"xpath","value":"//span[text()='Error']"}
COMMAND: POST /session/d09bc8dff77367d024d5807c430cb6f4/element - {"using":"xpath","value":"//button[@data-kt=\"addNewRUOverflowToolbarButton\"]"}
RESULT: {"using":"xpath","value":"//button[@data-kt=\"addNewRUOverflowToolbarButton\"]"}
COMMAND: POST /session/d09bc8dff77367d024d5807c430cb6f4/elements - {"using":"xpath","value":"//button[@data-kt=\"addNewRUOverflowToolbarButton\"]"}
RESULT: {"using":"xpath","value":"//button[@data-kt=\"addNewRUOverflowToolbarButton\"]"}
COMMAND: POST /session/d09bc8dff77367d024d5807c430cb6f4/elements - {"using":"xpath","value":"//button[@data-kt=\"addNewRUOverflowToolbarButton\"]"}
RESULT: {"using":"xpath","value":"//button[@data-kt=\"addNewRUOverflowToolbarButton\"]"}
COMMAND: POST /session/d09bc8dff77367d024d5807c430cb6f4/elements - {"using":"xpath","value":"//button[@data-kt=\"addNewRUOverflowToolbarButton\"]"}
RESULT: {"using":"xpath","value":"//button[@data-kt=\"addNewRUOverflowToolbarButton\"]"}
COMMAND: POST /session/d09bc8dff77367d024d5807c430cb6f4/elements - {"using":"xpath","value":"//button[@data-kt=\"addNewRUOverflowToolbarButton\"]"}
RESULT: {"using":"xpath","value":"//button[@data-kt=\"addNewRUOverflowToolbarButton\"]"}
COMMAND: POST /session/d09bc8dff77367d024d5807c430cb6f4/elements - {"using":"xpath","value":"//button[@data-kt=\"addNewRUOverflowToolbarButton\"]"}
RESULT: {"using":"xpath","value":"//button[@data-kt=\"addNewRUOverflowToolbarButton\"]"}
COMMAND: POST /session/d09bc8dff77367d024d5807c430cb6f4/element - {"using":"xpath","value":"//button[@data-kt=\"addNewRUOverflowToolbarButton\"]"}
RESULT: {"using":"xpath","value":"//button[@data-kt=\"addNewRUOverflowToolbarButton\"]"}
COMMAND: POST /session/d09bc8dff77367d024d5807c430cb6f4/execute/sync - {"script":"<script> [8489 bytes]","args":[{"element-6066-11e4-a52e-4f735466cecf":"f.DBFB0E313060B6E614D077C1D7681781.d.C541A40454834E4E9D292DB883D175A4.e.1054","ELEMENT":"f.DBFB0E313060B6E614D077C1D7681781.d.C541A40454834E4E9D292DB883D175A4.e.1054"}]}
RESULT: {"script":"<script> [8489 bytes]","args":[{"element-6066-11e4-a52e-4f735466cecf":"f.DBFB0E313060B6E614D077C1D7681781.d.C541A40454834E4E9D292DB883D175A4.e.1054","ELEMENT":"f.DBFB0E313060B6E614D077C1D7681781.d.C541A40454834E4E9D292DB883D175A4.e.1054"}]}
COMMAND: GET /session/d09bc8dff77367d024d5807c430cb6f4/element/f.DBFB0E313060B6E614D077C1D7681781.d.C541A40454834E4E9D292DB883D175A4.e.1054/enabled - {}
COMMAND: GET /session/d09bc8dff77367d024d5807c430cb6f4/screenshot - {}
RESULT: {}
COMMAND: POST /session/d09bc8dff77367d024d5807c430cb6f4/execute/sync - {"script":"<script> [8489 bytes]","args":[{"element-6066-11e4-a52e-4f735466cecf":"f.DBFB0E313060B6E614D077C1D7681781.d.C541A40454834E4E9D292DB883D175A4.e.1054","ELEMENT":"f.DBFB0E313060B6E614D077C1D7681781.d.C541A40454834E4E9D292DB883D175A4.e.1054"}]}
COMMAND: GET /session/d09bc8dff77367d024d5807c430cb6f4/screenshot - {}
RESULT: {}
RESULT: {"script":"<script> [8489 bytes]","args":[{"element-6066-11e4-a52e-4f735466cecf":"f.DBFB0E313060B6E614D077C1D7681781.d.C541A40454834E4E9D292DB883D175A4.e.1054","ELEMENT":"f.DBFB0E313060B6E614D077C1D7681781.d.C541A40454834E4E9D292DB883D175A4.e.1054"}]}
COMMAND: POST /session/d09bc8dff77367d024d5807c430cb6f4/execute/sync - {"script":"<script> [5351 bytes]","args":[{"element-6066-11e4-a52e-4f735466cecf":"f.DBFB0E313060B6E614D077C1D7681781.d.C541A40454834E4E9D292DB883D175A4.e.1054","ELEMENT":"f.DBFB0E313060B6E614D077C1D7681781.d.C541A40454834E4E9D292DB883D175A4.e.1054"}]}
COMMAND: GET /session/d09bc8dff77367d024d5807c430cb6f4/screenshot - {}
RESULT: {}
RESULT: {"script":"<script> [5351 bytes]","args":[{"element-6066-11e4-a52e-4f735466cecf":"f.DBFB0E313060B6E614D077C1D7681781.d.C541A40454834E4E9D292DB883D175A4.e.1054","ELEMENT":"f.DBFB0E313060B6E614D077C1D7681781.d.C541A40454834E4E9D292DB883D175A4.e.1054"}]}
COMMAND: POST /session/d09bc8dff77367d024d5807c430cb6f4/element/f.DBFB0E313060B6E614D077C1D7681781.d.C541A40454834E4E9D292DB883D175A4.e.1054/click - {}
COMMAND: GET /session/d09bc8dff77367d024d5807c430cb6f4/screenshot - {}
RESULT: {}
RESULT: {}
COMMAND: GET /session/d09bc8dff77367d024d5807c430cb6f4/screenshot - {}
RESULT: {}
COMMAND: POST /session/d09bc8dff77367d024d5807c430cb6f4/execute/async - {"script":"<script> [1562 bytes]","args":[{"selector":{"id":"application-manageresources-display-component---newResourceUnit--TYPE-arrow"},"wdio_ui5_key":"applicationmanageresources-display-component---newResourceUnit--TYPE-arrow"}]}
RESULT: {}
RESULT: {"script":"<script> [1562 bytes]","args":[{"selector":{"id":"application-manageresources-display-component---newResourceUnit--TYPE-arrow"},"wdio_ui5_key":"applicationmanageresources-display-component---newResourceUnit--TYPE-arrow"}]}
RESULT: undefined
COMMAND: POST /session/d09bc8dff77367d024d5807c430cb6f4/element - {"using":"xpath","value":"//*[@id=\"application-manageresources-display-component---newResourceUnit--TYPE-arrow\"]"}
RESULT: {"using":"xpath","value":"//*[@id=\"application-manageresources-display-component---newResourceUnit--TYPE-arrow\"]"}
COMMAND: POST /session/d09bc8dff77367d024d5807c430cb6f4/element/f.DBFB0E313060B6E614D077C1D7681781.d.C541A40454834E4E9D292DB883D175A4.e.1400/click - {}
RESULT: {}
COMMAND: POST /session/d09bc8dff77367d024d5807c430cb6f4/element - {"using":"xpath","value":"//input[@id=\"application-manageresources-display-component---newResourceUnit--TYPE-inner\"]"}
COMMAND: GET /session/d09bc8dff77367d024d5807c430cb6f4/screenshot - {}
RESULT: {"using":"xpath","value":"//input[@id=\"application-manageresources-display-component---newResourceUnit--TYPE-inner\"]"}
COMMAND: POST /session/d09bc8dff77367d024d5807c430cb6f4/element/f.DBFB0E313060B6E614D077C1D7681781.d.C541A40454834E4E9D292DB883D175A4.e.1395/clear - {}
RESULT: {}
RESULT: {}
COMMAND: POST /session/d09bc8dff77367d024d5807c430cb6f4/element/f.DBFB0E313060B6E614D077C1D7681781.d.C541A40454834E4E9D292DB883D175A4.e.1395/value - {"text":"Equipment"}
COMMAND: GET /session/d09bc8dff77367d024d5807c430cb6f4/screenshot - {}
RESULT: {"text":"Equipment"}
COMMAND: GET /session/d09bc8dff77367d024d5807c430cb6f4/screenshot - {}
RESULT: {}
RESULT: {}
COMMAND: POST /session/d09bc8dff77367d024d5807c430cb6f4/actions - {"actions":[{"id":"action2","type":"key","parameters":{},"actions":[{"type":"keyDown","value":"î€‡"},{"type":"pause","duration":10},{"type":"keyUp","value":"î€‡"}]}]}
RESULT: {"actions":[{"id":"action2","type":"key","parameters":{},"actions":[{"type":"keyDown","value":"î€‡"},{"type":"pause","duration":10},{"type":"keyUp","value":"î€‡"}]}]}
COMMAND: POST /session/d09bc8dff77367d024d5807c430cb6f4/execute/async - {"script":"<script> [1562 bytes]","args":[{"selector":{"id":"application-manageresources-display-component---newResourceUnit--resourceId","interaction":{"idSuffix":"inner"}},"wdio_ui5_key":"applicationmanageresources-display-component---newResourceUnit--resourceId"}]}
COMMAND: GET /session/d09bc8dff77367d024d5807c430cb6f4/screenshot - {}
RESULT: {"script":"<script> [1562 bytes]","args":[{"selector":{"id":"application-manageresources-display-component---newResourceUnit--resourceId","interaction":{"idSuffix":"inner"}},"wdio_ui5_key":"applicationmanageresources-display-component---newResourceUnit--resourceId"}]}
RESULT: undefined
COMMAND: POST /session/d09bc8dff77367d024d5807c430cb6f4/execute/async - {"script":"<script> [776 bytes]","args":[{"enterText":"6nCffvrgjE","selector":{"id":"application-manageresources-display-component---newResourceUnit--resourceId","interaction":{"idSuffix":"inner"}},"clearTextFirst":true,"interactionType":"ENTER_TEXT"}]}
RESULT: {}
RESULT: {"script":"<script> [776 bytes]","args":[{"enterText":"6nCffvrgjE","selector":{"id":"application-manageresources-display-component---newResourceUnit--resourceId","interaction":{"idSuffix":"inner"}},"clearTextFirst":true,"interactionType":"ENTER_TEXT"}]}
COMMAND: POST /session/d09bc8dff77367d024d5807c430cb6f4/execute/async - {"script":"<script> [1562 bytes]","args":[{"selector":{"id":"application-manageresources-display-component---newResourceUnit--SHORT_TEXT","interaction":{"idSuffix":"inner"}},"wdio_ui5_key":"applicationmanageresources-display-component---newResourceUnit--SHORT_TEXT"}]}
RESULT: {"script":"<script> [1562 bytes]","args":[{"selector":{"id":"application-manageresources-display-component---newResourceUnit--SHORT_TEXT","interaction":{"idSuffix":"inner"}},"wdio_ui5_key":"applicationmanageresources-display-component---newResourceUnit--SHORT_TEXT"}]}
RESULT: undefined
COMMAND: POST /session/d09bc8dff77367d024d5807c430cb6f4/execute/async - {"script":"<script> [776 bytes]","args":[{"enterText":"Intercompany Equipment WDIO","selector":{"id":"application-manageresources-display-component---newResourceUnit--SHORT_TEXT","interaction":{"idSuffix":"inner"}},"clearTextFirst":true,"interactionType":"ENTER_TEXT"}]}
RESULT: {"script":"<script> [776 bytes]","args":[{"enterText":"Intercompany Equipment WDIO","selector":{"id":"application-manageresources-display-component---newResourceUnit--SHORT_TEXT","interaction":{"idSuffix":"inner"}},"clearTextFirst":true,"interactionType":"ENTER_TEXT"}]}
COMMAND: POST /session/d09bc8dff77367d024d5807c430cb6f4/execute/async - {"script":"<script> [1562 bytes]","args":[{"selector":{"id":"application-manageresources-display-component---newResourceUnit--BASE_UNIT_OF_MEASURE","interaction":{"idSuffix":"inner"}},"wdio_ui5_key":"applicationmanageresources-display-component---newResourceUnit--BASE_UNIT_OF_MEASURE"}]}
RESULT: {"script":"<script> [1562 bytes]","args":[{"selector":{"id":"application-manageresources-display-component---newResourceUnit--BASE_UNIT_OF_MEASURE","interaction":{"idSuffix":"inner"}},"wdio_ui5_key":"applicationmanageresources-display-component---newResourceUnit--BASE_UNIT_OF_MEASURE"}]}
RESULT: undefined
COMMAND: POST /session/d09bc8dff77367d024d5807c430cb6f4/execute/async - {"script":"<script> [776 bytes]","args":[{"enterText":"Piece","selector":{"id":"application-manageresources-display-component---newResourceUnit--BASE_UNIT_OF_MEASURE","interaction":{"idSuffix":"inner"}},"clearTextFirst":true,"interactionType":"ENTER_TEXT"}]}
RESULT: {"script":"<script> [776 bytes]","args":[{"enterText":"Piece","selector":{"id":"application-manageresources-display-component---newResourceUnit--BASE_UNIT_OF_MEASURE","interaction":{"idSuffix":"inner"}},"clearTextFirst":true,"interactionType":"ENTER_TEXT"}]}
COMMAND: POST /session/d09bc8dff77367d024d5807c430cb6f4/execute/async - {"script":"<script> [1562 bytes]","args":[{"selector":{"id":"application-manageresources-display-component---newResourceUnit--WEIGHT_UNIT","interaction":{"idSuffix":"inner"}},"wdio_ui5_key":"applicationmanageresources-display-component---newResourceUnit--WEIGHT_UNIT"}]}
RESULT: {"script":"<script> [1562 bytes]","args":[{"selector":{"id":"application-manageresources-display-component---newResourceUnit--WEIGHT_UNIT","interaction":{"idSuffix":"inner"}},"wdio_ui5_key":"applicationmanageresources-display-component---newResourceUnit--WEIGHT_UNIT"}]}
RESULT: undefined
COMMAND: POST /session/d09bc8dff77367d024d5807c430cb6f4/execute/async - {"script":"<script> [776 bytes]","args":[{"enterText":"Gram","selector":{"id":"application-manageresources-display-component---newResourceUnit--WEIGHT_UNIT","interaction":{"idSuffix":"inner"}},"clearTextFirst":true,"interactionType":"ENTER_TEXT"}]}
RESULT: {"script":"<script> [776 bytes]","args":[{"enterText":"Gram","selector":{"id":"application-manageresources-display-component---newResourceUnit--WEIGHT_UNIT","interaction":{"idSuffix":"inner"}},"clearTextFirst":true,"interactionType":"ENTER_TEXT"}]}
COMMAND: POST /session/d09bc8dff77367d024d5807c430cb6f4/execute/async - {"script":"<script> [1562 bytes]","args":[{"selector":{"id":"application-manageresources-display-component---newResourceUnit--DIMENSION_UNIT","interaction":{"idSuffix":"inner"}},"wdio_ui5_key":"applicationmanageresources-display-component---newResourceUnit--DIMENSION_UNIT"}]}
RESULT: {"script":"<script> [1562 bytes]","args":[{"selector":{"id":"application-manageresources-display-component---newResourceUnit--DIMENSION_UNIT","interaction":{"idSuffix":"inner"}},"wdio_ui5_key":"applicationmanageresources-display-component---newResourceUnit--DIMENSION_UNIT"}]}
RESULT: undefined
COMMAND: POST /session/d09bc8dff77367d024d5807c430cb6f4/execute/async - {"script":"<script> [776 bytes]","args":[{"enterText":"Meter","selector":{"id":"application-manageresources-display-component---newResourceUnit--DIMENSION_UNIT","interaction":{"idSuffix":"inner"}},"clearTextFirst":true,"interactionType":"ENTER_TEXT"}]}
RESULT: {"script":"<script> [776 bytes]","args":[{"enterText":"Meter","selector":{"id":"application-manageresources-display-component---newResourceUnit--DIMENSION_UNIT","interaction":{"idSuffix":"inner"}},"clearTextFirst":true,"interactionType":"ENTER_TEXT"}]}
COMMAND: POST /session/d09bc8dff77367d024d5807c430cb6f4/execute/async - {"script":"<script> [1562 bytes]","args":[{"selector":{"id":"application-manageresources-display-component---newResourceUnit--newRRUPage-anchBar-application-manageresources-display-component---newResourceUnit--control-anchor","interaction":{"idSuffix":"BDI-content"}},"wdio_ui5_key":"applicationmanageresources-display-component---newResourceUnit--newRRUPage-anchBar-application-manageresources-display-component---newResourceUnit--control-anchor"}]}
RESULT: {"script":"<script> [1562 bytes]","args":[{"selector":{"id":"application-manageresources-display-component---newResourceUnit--newRRUPage-anchBar-application-manageresources-display-component---newResourceUnit--control-anchor","interaction":{"idSuffix":"BDI-content"}},"wdio_ui5_key":"applicationmanageresources-display-component---newResourceUnit--newRRUPage-anchBar-application-manageresources-display-component---newResourceUnit--control-anchor"}]}
RESULT: undefined
COMMAND: POST /session/d09bc8dff77367d024d5807c430cb6f4/element - {"using":"xpath","value":"//*[@id=\"application-manageresources-display-component---newResourceUnit--newRRUPage-anchBar-application-manageresources-display-component---newResourceUnit--control-anchor\"]"}
RESULT: {"using":"xpath","value":"//*[@id=\"application-manageresources-display-component---newResourceUnit--newRRUPage-anchBar-application-manageresources-display-component---newResourceUnit--control-anchor\"]"}
COMMAND: POST /session/d09bc8dff77367d024d5807c430cb6f4/element/f.DBFB0E313060B6E614D077C1D7681781.d.C541A40454834E4E9D292DB883D175A4.e.1531/click - {}
RESULT: {}
COMMAND: POST /session/d09bc8dff77367d024d5807c430cb6f4/execute/async - {"script":"<script> [1562 bytes]","args":[{"selector":{"id":"application-manageresources-display-component---newResourceUnit--PLANNING_GROUP","interaction":{"idSuffix":"inner"}},"wdio_ui5_key":"applicationmanageresources-display-component---newResourceUnit--PLANNING_GROUP"}]}
COMMAND: GET /session/d09bc8dff77367d024d5807c430cb6f4/screenshot - {}
RESULT: {"script":"<script> [1562 bytes]","args":[{"selector":{"id":"application-manageresources-display-component---newResourceUnit--PLANNING_GROUP","interaction":{"idSuffix":"inner"}},"wdio_ui5_key":"applicationmanageresources-display-component---newResourceUnit--PLANNING_GROUP"}]}
RESULT: undefined
COMMAND: POST /session/d09bc8dff77367d024d5807c430cb6f4/execute/async - {"script":"<script> [776 bytes]","args":[{"enterText":"Heavy Equi","selector":{"id":"application-manageresources-display-component---newResourceUnit--PLANNING_GROUP","interaction":{"idSuffix":"inner"}},"clearTextFirst":true,"interactionType":"ENTER_TEXT"}]}
RESULT: {}
RESULT: {"script":"<script> [776 bytes]","args":[{"enterText":"Heavy Equi","selector":{"id":"application-manageresources-display-component---newResourceUnit--PLANNING_GROUP","interaction":{"idSuffix":"inner"}},"clearTextFirst":true,"interactionType":"ENTER_TEXT"}]}
COMMAND: POST /session/d09bc8dff77367d024d5807c430cb6f4/execute/async - {"script":"<script> [1562 bytes]","args":[{"selector":{"id":"application-manageresources-display-component---newResourceUnit--ITEM_TYPE-arrow"},"wdio_ui5_key":"applicationmanageresources-display-component---newResourceUnit--ITEM_TYPE-arrow"}]}
RESULT: {"script":"<script> [1562 bytes]","args":[{"selector":{"id":"application-manageresources-display-component---newResourceUnit--ITEM_TYPE-arrow"},"wdio_ui5_key":"applicationmanageresources-display-component---newResourceUnit--ITEM_TYPE-arrow"}]}
RESULT: undefined
COMMAND: POST /session/d09bc8dff77367d024d5807c430cb6f4/element - {"using":"xpath","value":"//*[@id=\"application-manageresources-display-component---newResourceUnit--ITEM_TYPE-arrow\"]"}
RESULT: {"using":"xpath","value":"//*[@id=\"application-manageresources-display-component---newResourceUnit--ITEM_TYPE-arrow\"]"}
COMMAND: POST /session/d09bc8dff77367d024d5807c430cb6f4/element/f.DBFB0E313060B6E614D077C1D7681781.d.C541A40454834E4E9D292DB883D175A4.e.1540/click - {}
RESULT: {}
COMMAND: POST /session/d09bc8dff77367d024d5807c430cb6f4/element - {"using":"xpath","value":"(//span[contains(text(), \"Resource Unit\")])[2]"}
COMMAND: GET /session/d09bc8dff77367d024d5807c430cb6f4/screenshot - {}
RESULT: {}
RESULT: {"using":"xpath","value":"(//span[contains(text(), \"Resource Unit\")])[2]"}
COMMAND: POST /session/d09bc8dff77367d024d5807c430cb6f4/element/f.DBFB0E313060B6E614D077C1D7681781.d.C541A40454834E4E9D292DB883D175A4.e.1541/click - {}
RESULT: {}
COMMAND: GET /session/d09bc8dff77367d024d5807c430cb6f4/screenshot - {}
RESULT: {}
COMMAND: POST /session/d09bc8dff77367d024d5807c430cb6f4/element - {"using":"css selector","value":"#application-manageresources-display-component---newResourceUnit--btnAddTimeSegment"}
RESULT: {"using":"css selector","value":"#application-manageresources-display-component---newResourceUnit--btnAddTimeSegment"}
COMMAND: GET /session/d09bc8dff77367d024d5807c430cb6f4/element/f.DBFB0E313060B6E614D077C1D7681781.d.C541A40454834E4E9D292DB883D175A4.e.1542/rect - {}
RESULT: {}
COMMAND: GET /session/d09bc8dff77367d024d5807c430cb6f4/window/rect - {}
RESULT: {}
COMMAND: POST /session/d09bc8dff77367d024d5807c430cb6f4/execute/sync - {"script":"<script> [92 bytes]","args":[]}
RESULT: {"script":"<script> [92 bytes]","args":[]}
COMMAND: POST /session/d09bc8dff77367d024d5807c430cb6f4/actions - {"actions":[{"id":"action3","type":"wheel","parameters":{},"actions":[{"type":"scroll","x":-1888,"y":-32,"deltaX":0,"deltaY":0,"duration":0,"origin":{"element-6066-11e4-a52e-4f735466cecf":"f.DBFB0E313060B6E614D077C1D7681781.d.C541A40454834E4E9D292DB883D175A4.e.1542"}}]}]}
COMMAND: GET /session/d09bc8dff77367d024d5807c430cb6f4/screenshot - {}
RESULT: {}
COMMAND: POST /session/d09bc8dff77367d024d5807c430cb6f4/execute/sync - {"script":"<script> [79 bytes]","args":[{"element-6066-11e4-a52e-4f735466cecf":"f.DBFB0E313060B6E614D077C1D7681781.d.C541A40454834E4E9D292DB883D175A4.e.1542","ELEMENT":"f.DBFB0E313060B6E614D077C1D7681781.d.C541A40454834E4E9D292DB883D175A4.e.1542"},{"block":"start","inline":"nearest"}]}
RESULT: {"script":"<script> [79 bytes]","args":[{"element-6066-11e4-a52e-4f735466cecf":"f.DBFB0E313060B6E614D077C1D7681781.d.C541A40454834E4E9D292DB883D175A4.e.1542","ELEMENT":"f.DBFB0E313060B6E614D077C1D7681781.d.C541A40454834E4E9D292DB883D175A4.e.1542"},{"block":"start","inline":"nearest"}]}
COMMAND: POST /session/d09bc8dff77367d024d5807c430cb6f4/execute/async - {"script":"<script> [1562 bytes]","args":[{"selector":{"id":"application-manageresources-display-component---newResourceUnit--btnAddTimeSegment","interaction":{"idSuffix":"inner"}},"wdio_ui5_key":"applicationmanageresources-display-component---newResourceUnit--btnAddTimeSegment"}]}
COMMAND: GET /session/d09bc8dff77367d024d5807c430cb6f4/screenshot - {}
RESULT: {"script":"<script> [1562 bytes]","args":[{"selector":{"id":"application-manageresources-display-component---newResourceUnit--btnAddTimeSegment","interaction":{"idSuffix":"inner"}},"wdio_ui5_key":"applicationmanageresources-display-component---newResourceUnit--btnAddTimeSegment"}]}
RESULT: undefined
COMMAND: POST /session/d09bc8dff77367d024d5807c430cb6f4/element - {"using":"xpath","value":"//*[@id=\"application-manageresources-display-component---newResourceUnit--btnAddTimeSegment\"]"}
RESULT: {}
RESULT: {"using":"xpath","value":"//*[@id=\"application-manageresources-display-component---newResourceUnit--btnAddTimeSegment\"]"}
COMMAND: POST /session/d09bc8dff77367d024d5807c430cb6f4/element/f.DBFB0E313060B6E614D077C1D7681781.d.C541A40454834E4E9D292DB883D175A4.e.1542/click - {}
RESULT: {}
COMMAND: GET /session/d09bc8dff77367d024d5807c430cb6f4/screenshot - {}
RESULT: {}
COMMAND: POST /session/d09bc8dff77367d024d5807c430cb6f4/element - {"using":"xpath","value":"//input[@id=\"application-manageresources-display-component---newResourceUnit--idRuTSAdmin-application-manageresources-display-component---newResourceUnit--RUTimeSegment-0-inner\"]"}
RESULT: {"using":"xpath","value":"//input[@id=\"application-manageresources-display-component---newResourceUnit--idRuTSAdmin-application-manageresources-display-component---newResourceUnit--RUTimeSegment-0-inner\"]"}
COMMAND: POST /session/d09bc8dff77367d024d5807c430cb6f4/element/f.DBFB0E313060B6E614D077C1D7681781.d.C541A40454834E4E9D292DB883D175A4.e.1548/clear - {}
RESULT: {}
COMMAND: POST /session/d09bc8dff77367d024d5807c430cb6f4/element/f.DBFB0E313060B6E614D077C1D7681781.d.C541A40454834E4E9D292DB883D175A4.e.1548/value - {"text":"562"}
COMMAND: GET /session/d09bc8dff77367d024d5807c430cb6f4/screenshot - {}
RESULT: {"text":"562"}
COMMAND: GET /session/d09bc8dff77367d024d5807c430cb6f4/screenshot - {}
RESULT: {}
RESULT: {}
COMMAND: POST /session/d09bc8dff77367d024d5807c430cb6f4/element - {"using":"xpath","value":"//li[.//span[text()='562']]"}
RESULT: {"using":"xpath","value":"//li[.//span[text()='562']]"}
COMMAND: POST /session/d09bc8dff77367d024d5807c430cb6f4/element/f.DBFB0E313060B6E614D077C1D7681781.d.C541A40454834E4E9D292DB883D175A4.e.1560/click - {}
RESULT: {}
COMMAND: GET /session/d09bc8dff77367d024d5807c430cb6f4/screenshot - {}
RESULT: {}
COMMAND: POST /session/d09bc8dff77367d024d5807c430cb6f4/element - {"using":"xpath","value":"(//span[contains(@id, \"-application-manageresources-display-component---newResourceUnit--RUTimeSegment-0-arrow\")])[6]"}
RESULT: {"using":"xpath","value":"(//span[contains(@id, \"-application-manageresources-display-component---newResourceUnit--RUTimeSegment-0-arrow\")])[6]"}
COMMAND: POST /session/d09bc8dff77367d024d5807c430cb6f4/element/f.DBFB0E313060B6E614D077C1D7681781.d.C541A40454834E4E9D292DB883D175A4.e.1561/click - {}
RESULT: {}
COMMAND: GET /session/d09bc8dff77367d024d5807c430cb6f4/screenshot - {}
RESULT: {}
COMMAND: POST /session/d09bc8dff77367d024d5807c430cb6f4/element - {"using":"xpath","value":"//span[contains(text(), \"PM Order\")]"}
RESULT: {"using":"xpath","value":"//span[contains(text(), \"PM Order\")]"}
COMMAND: POST /session/d09bc8dff77367d024d5807c430cb6f4/element/f.DBFB0E313060B6E614D077C1D7681781.d.C541A40454834E4E9D292DB883D175A4.e.1564/click - {}
RESULT: {}
COMMAND: GET /session/d09bc8dff77367d024d5807c430cb6f4/screenshot - {}
RESULT: {}
COMMAND: POST /session/d09bc8dff77367d024d5807c430cb6f4/element - {"using":"xpath","value":"(//span[contains(@id ,\"manageresources-display-component---newResourceUnit--RUTimeSegment-0-vhi\")])[1]"}
RESULT: {"using":"xpath","value":"(//span[contains(@id ,\"manageresources-display-component---newResourceUnit--RUTimeSegment-0-vhi\")])[1]"}
COMMAND: GET /session/d09bc8dff77367d024d5807c430cb6f4/element/f.DBFB0E313060B6E614D077C1D7681781.d.C541A40454834E4E9D292DB883D175A4.e.1568/rect - {}
RESULT: {}
COMMAND: GET /session/d09bc8dff77367d024d5807c430cb6f4/window/rect - {}
RESULT: {}
COMMAND: POST /session/d09bc8dff77367d024d5807c430cb6f4/execute/sync - {"script":"<script> [92 bytes]","args":[]}
RESULT: {"script":"<script> [92 bytes]","args":[]}
COMMAND: POST /session/d09bc8dff77367d024d5807c430cb6f4/actions - {"actions":[{"id":"action4","type":"wheel","parameters":{},"actions":[{"type":"scroll","x":-869,"y":-24,"deltaX":0,"deltaY":0,"duration":0,"origin":{"element-6066-11e4-a52e-4f735466cecf":"f.DBFB0E313060B6E614D077C1D7681781.d.C541A40454834E4E9D292DB883D175A4.e.1568"}}]}]}
COMMAND: GET /session/d09bc8dff77367d024d5807c430cb6f4/screenshot - {}
RESULT: {"actions":[{"id":"action4","type":"wheel","parameters":{},"actions":[{"type":"scroll","x":-869,"y":-24,"deltaX":0,"deltaY":0,"duration":0,"origin":{"element-6066-11e4-a52e-4f735466cecf":"f.DBFB0E313060B6E614D077C1D7681781.d.C541A40454834E4E9D292DB883D175A4.e.1568"}}]}]}
COMMAND: DELETE /session/d09bc8dff77367d024d5807c430cb6f4/actions - {}
COMMAND: GET /session/d09bc8dff77367d024d5807c430cb6f4/screenshot - {}
RESULT: {}
RESULT: {}
COMMAND: GET /session/d09bc8dff77367d024d5807c430cb6f4/screenshot - {}
RESULT: {}
RESULT: {}
COMMAND: POST /session/d09bc8dff77367d024d5807c430cb6f4/element/f.DBFB0E313060B6E614D077C1D7681781.d.C541A40454834E4E9D292DB883D175A4.e.1568/click - {}
RESULT: {}
COMMAND: GET /session/d09bc8dff77367d024d5807c430cb6f4/screenshot - {}
RESULT: {}
RESULT: undefined
COMMAND: POST /session/d09bc8dff77367d024d5807c430cb6f4/execute/async - {"script":"<script> [776 bytes]","args":[{"enterText":"4000360","selector":{"controlType":"sap.m.SearchField","properties":{"placeholder":"Search"},"searchOpenDialogs":true,"interaction":{"idSuffix":"I"}},"clearTextFirst":true,"interactionType":"ENTER_TEXT"}]}
RESULT: {"script":"<script> [776 bytes]","args":[{"enterText":"4000360","selector":{"controlType":"sap.m.SearchField","properties":{"placeholder":"Search"},"searchOpenDialogs":true,"interaction":{"idSuffix":"I"}},"clearTextFirst":true,"interactionType":"ENTER_TEXT"}]}
COMMAND: POST /session/d09bc8dff77367d024d5807c430cb6f4/actions - {"actions":[{"id":"action5","type":"key","parameters":{},"actions":[{"type":"keyDown","value":"î€‡"},{"type":"pause","duration":10},{"type":"keyUp","value":"î€‡"}]}]}
RESULT: {"actions":[{"id":"action5","type":"key","parameters":{},"actions":[{"type":"keyDown","value":"î€‡"},{"type":"pause","duration":10},{"type":"keyUp","value":"î€‡"}]}]}
COMMAND: GET /session/d09bc8dff77367d024d5807c430cb6f4/screenshot - {}
RESULT: {}
COMMAND: POST /session/d09bc8dff77367d024d5807c430cb6f4/element - {"using":"xpath","value":"//td/div/span[contains(text(), \"BGL Vehicles\")]"}
RESULT: {"using":"xpath","value":"//td/div/span[contains(text(), \"BGL Vehicles\")]"}
COMMAND: POST /session/d09bc8dff77367d024d5807c430cb6f4/element/f.DBFB0E313060B6E614D077C1D7681781.d.C541A40454834E4E9D292DB883D175A4.e.1589/click - {}
RESULT: {}
COMMAND: GET /session/d09bc8dff77367d024d5807c430cb6f4/screenshot - {}
RESULT: {}
COMMAND: POST /session/d09bc8dff77367d024d5807c430cb6f4/element - {"using":"xpath","value":"//bdi[contains(text(), \"OK\")]"}
RESULT: {"using":"xpath","value":"//bdi[contains(text(), \"OK\")]"}
COMMAND: POST /session/d09bc8dff77367d024d5807c430cb6f4/element/f.DBFB0E313060B6E614D077C1D7681781.d.C541A40454834E4E9D292DB883D175A4.e.1590/click - {}
RESULT: {}
COMMAND: GET /session/d09bc8dff77367d024d5807c430cb6f4/screenshot - {}
RESULT: {}
COMMAND: POST /session/d09bc8dff77367d024d5807c430cb6f4/execute/async - {"script":"<script> [1562 bytes]","args":[{"selector":{"id":"application-manageresources-display-component---newResourceUnit--newRRUPage-anchBar-application-manageresources-display-component---newResourceUnit--resource-anchor","interaction":{"idSuffix":"BDI-content"}},"wdio_ui5_key":"applicationmanageresources-display-component---newResourceUnit--newRRUPage-anchBar-application-manageresources-display-component---newResourceUnit--resource-anchor"}]}
RESULT: {"script":"<script> [1562 bytes]","args":[{"selector":{"id":"application-manageresources-display-component---newResourceUnit--newRRUPage-anchBar-application-manageresources-display-component---newResourceUnit--resource-anchor","interaction":{"idSuffix":"BDI-content"}},"wdio_ui5_key":"applicationmanageresources-display-component---newResourceUnit--newRRUPage-anchBar-application-manageresources-display-component---newResourceUnit--resource-anchor"}]}
RESULT: undefined
COMMAND: POST /session/d09bc8dff77367d024d5807c430cb6f4/element - {"using":"xpath","value":"//*[@id=\"application-manageresources-display-component---newResourceUnit--newRRUPage-anchBar-application-manageresources-display-component---newResourceUnit--resource-anchor\"]"}
RESULT: {"using":"xpath","value":"//*[@id=\"application-manageresources-display-component---newResourceUnit--newRRUPage-anchBar-application-manageresources-display-component---newResourceUnit--resource-anchor\"]"}
COMMAND: POST /session/d09bc8dff77367d024d5807c430cb6f4/element/f.DBFB0E313060B6E614D077C1D7681781.d.C541A40454834E4E9D292DB883D175A4.e.1594/click - {}
RESULT: {}
COMMAND: POST /session/d09bc8dff77367d024d5807c430cb6f4/execute/async - {"script":"<script> [1562 bytes]","args":[{"selector":{"id":"application-manageresources-display-component---newResourceUnit--PLANNED_DELIVERY_DATE","interaction":{"idSuffix":"inner"}},"wdio_ui5_key":"applicationmanageresources-display-component---newResourceUnit--PLANNED_DELIVERY_DATE"}]}
COMMAND: GET /session/d09bc8dff77367d024d5807c430cb6f4/screenshot - {}
RESULT: {"script":"<script> [1562 bytes]","args":[{"selector":{"id":"application-manageresources-display-component---newResourceUnit--PLANNED_DELIVERY_DATE","interaction":{"idSuffix":"inner"}},"wdio_ui5_key":"applicationmanageresources-display-component---newResourceUnit--PLANNED_DELIVERY_DATE"}]}
RESULT: undefined
COMMAND: POST /session/d09bc8dff77367d024d5807c430cb6f4/execute/async - {"script":"<script> [6424 bytes]","args":[{"element-6066-11e4-a52e-4f735466cecf":"f.DBFB0E313060B6E614D077C1D7681781.d.C541A40454834E4E9D292DB883D175A4.e.1456"},"setValue",["5/19/25"]]}
RESULT: {}
RESULT: {"script":"<script> [6424 bytes]","args":[{"element-6066-11e4-a52e-4f735466cecf":"f.DBFB0E313060B6E614D077C1D7681781.d.C541A40454834E4E9D292DB883D175A4.e.1456"},"setValue",["5/19/25"]]}
COMMAND: POST /session/d09bc8dff77367d024d5807c430cb6f4/element - {"using":"xpath","value":"//label[contains(@class, 'sapMLabelRequired') and .//bdi[contains(text(), 'Planned Retirement')]]"}
RESULT: {"using":"xpath","value":"//label[contains(@class, 'sapMLabelRequired') and .//bdi[contains(text(), 'Planned Retirement')]]"}
COMMAND: POST /session/d09bc8dff77367d024d5807c430cb6f4/elements - {"using":"xpath","value":"//label[contains(@class, 'sapMLabelRequired') and .//bdi[contains(text(), 'Planned Retirement')]]"}
RESULT: {"using":"xpath","value":"//label[contains(@class, 'sapMLabelRequired') and .//bdi[contains(text(), 'Planned Retirement')]]"}
COMMAND: POST /session/d09bc8dff77367d024d5807c430cb6f4/element - {"using":"xpath","value":"//button[@data-kt=\"resourceUnitSaveButton\"]"}
RESULT: {"using":"xpath","value":"//button[@data-kt=\"resourceUnitSaveButton\"]"}
COMMAND: POST /session/d09bc8dff77367d024d5807c430cb6f4/element/f.DBFB0E313060B6E614D077C1D7681781.d.C541A40454834E4E9D292DB883D175A4.e.1417/click - {}
RESULT: {}
COMMAND: GET /session/d09bc8dff77367d024d5807c430cb6f4/screenshot - {}
RESULT: {}
COMMAND: POST /session/d09bc8dff77367d024d5807c430cb6f4/element - {"using":"xpath","value":"//bdi[contains(text(), \"Close\")]"}
RESULT: {"using":"xpath","value":"//bdi[contains(text(), \"Close\")]"}
COMMAND: POST /session/d09bc8dff77367d024d5807c430cb6f4/element/f.DBFB0E313060B6E614D077C1D7681781.d.C541A40454834E4E9D292DB883D175A4.e.1603/click - {}
RESULT: {}
COMMAND: GET /session/d09bc8dff77367d024d5807c430cb6f4/screenshot - {}
RESULT: {}
COMMAND: POST /session/d09bc8dff77367d024d5807c430cb6f4/element - {"using":"xpath","value":"(//button[contains(@id ,\"actionsToolbar-overflowButton\")])[1]"}
RESULT: {"using":"xpath","value":"(//button[contains(@id ,\"actionsToolbar-overflowButton\")])[1]"}
COMMAND: POST /session/d09bc8dff77367d024d5807c430cb6f4/element/f.DBFB0E313060B6E614D077C1D7681781.d.C541A40454834E4E9D292DB883D175A4.e.1633/click - {}
RESULT: {}
COMMAND: GET /session/d09bc8dff77367d024d5807c430cb6f4/screenshot - {}
RESULT: {}
COMMAND: POST /session/d09bc8dff77367d024d5807c430cb6f4/element - {"using":"xpath","value":"//button[@data-kt=\"priceInfoButton\"]"}
RESULT: {"using":"xpath","value":"//button[@data-kt=\"priceInfoButton\"]"}
COMMAND: POST /session/d09bc8dff77367d024d5807c430cb6f4/element/f.DBFB0E313060B6E614D077C1D7681781.d.C541A40454834E4E9D292DB883D175A4.e.1635/click - {}
RESULT: {}
COMMAND: GET /session/d09bc8dff77367d024d5807c430cb6f4/screenshot - {}
RESULT: {}
COMMAND: POST /session/d09bc8dff77367d024d5807c430cb6f4/element - {"using":"css selector","value":"#shell-header-logo"}
RESULT: {"using":"css selector","value":"#shell-header-logo"}
COMMAND: POST /session/d09bc8dff77367d024d5807c430cb6f4/element/f.DBFB0E313060B6E614D077C1D7681781.d.C541A40454834E4E9D292DB883D175A4.e.1014/click - {}
RESULT: {}
]]></system-out>
    </testcase>
    <testcase classname="chrome.136_0_7103_93.windows.Create_condition_pricing_US117289_US134625" name="Should create new condition" time="84.57">
      <system-out><![CDATA[
COMMAND: POST /session/d09bc8dff77367d024d5807c430cb6f4/execute/async - {"script":"<script> [1562 bytes]","args":[{"selector":{"controlType":"sap.m.GenericTile","properties":{"header":"Manage Conditions & Prices"}},"wdio_ui5_key":"sapm.GenericTile{\"header\":\"Manage Conditions & Prices\"}"}]}
COMMAND: GET /session/d09bc8dff77367d024d5807c430cb6f4/screenshot - {}
RESULT: {"script":"<script> [1562 bytes]","args":[{"selector":{"controlType":"sap.m.GenericTile","properties":{"header":"Manage Conditions & Prices"}},"wdio_ui5_key":"sapm.GenericTile{\"header\":\"Manage Conditions & Prices\"}"}]}
RESULT: undefined
COMMAND: POST /session/d09bc8dff77367d024d5807c430cb6f4/element - {"using":"xpath","value":"//*[@id=\"__tile53\"]"}
RESULT: {}
RESULT: {"using":"xpath","value":"//*[@id=\"__tile53\"]"}
COMMAND: POST /session/d09bc8dff77367d024d5807c430cb6f4/element/f.DBFB0E313060B6E614D077C1D7681781.d.C541A40454834E4E9D292DB883D175A4.e.193/click - {}
RESULT: {}
COMMAND: GET /session/d09bc8dff77367d024d5807c430cb6f4/screenshot - {}
RESULT: {}
COMMAND: POST /session/d09bc8dff77367d024d5807c430cb6f4/elements - {"using":"xpath","value":"//span[text()='Error']"}
RESULT: {"using":"xpath","value":"//span[text()='Error']"}
COMMAND: POST /session/d09bc8dff77367d024d5807c430cb6f4/element - {"using":"xpath","value":"//button[@aria-label=\"Create\"]"}
RESULT: {"using":"xpath","value":"//button[@aria-label=\"Create\"]"}
COMMAND: POST /session/d09bc8dff77367d024d5807c430cb6f4/elements - {"using":"xpath","value":"//button[@aria-label=\"Create\"]"}
RESULT: {"using":"xpath","value":"//button[@aria-label=\"Create\"]"}
COMMAND: POST /session/d09bc8dff77367d024d5807c430cb6f4/elements - {"using":"xpath","value":"//button[@aria-label=\"Create\"]"}
RESULT: {"using":"xpath","value":"//button[@aria-label=\"Create\"]"}
COMMAND: POST /session/d09bc8dff77367d024d5807c430cb6f4/element - {"using":"xpath","value":"//button[@aria-label=\"Create\"]"}
RESULT: {"using":"xpath","value":"//button[@aria-label=\"Create\"]"}
COMMAND: POST /session/d09bc8dff77367d024d5807c430cb6f4/execute/sync - {"script":"<script> [8489 bytes]","args":[{"element-6066-11e4-a52e-4f735466cecf":"f.DBFB0E313060B6E614D077C1D7681781.d.C541A40454834E4E9D292DB883D175A4.e.1707","ELEMENT":"f.DBFB0E313060B6E614D077C1D7681781.d.C541A40454834E4E9D292DB883D175A4.e.1707"}]}
RESULT: {"script":"<script> [8489 bytes]","args":[{"element-6066-11e4-a52e-4f735466cecf":"f.DBFB0E313060B6E614D077C1D7681781.d.C541A40454834E4E9D292DB883D175A4.e.1707","ELEMENT":"f.DBFB0E313060B6E614D077C1D7681781.d.C541A40454834E4E9D292DB883D175A4.e.1707"}]}
COMMAND: GET /session/d09bc8dff77367d024d5807c430cb6f4/element/f.DBFB0E313060B6E614D077C1D7681781.d.C541A40454834E4E9D292DB883D175A4.e.1707/enabled - {}
COMMAND: GET /session/d09bc8dff77367d024d5807c430cb6f4/screenshot - {}
RESULT: {}
COMMAND: POST /session/d09bc8dff77367d024d5807c430cb6f4/execute/sync - {"script":"<script> [8489 bytes]","args":[{"element-6066-11e4-a52e-4f735466cecf":"f.DBFB0E313060B6E614D077C1D7681781.d.C541A40454834E4E9D292DB883D175A4.e.1707","ELEMENT":"f.DBFB0E313060B6E614D077C1D7681781.d.C541A40454834E4E9D292DB883D175A4.e.1707"}]}
COMMAND: GET /session/d09bc8dff77367d024d5807c430cb6f4/screenshot - {}
RESULT: {}
RESULT: {"script":"<script> [8489 bytes]","args":[{"element-6066-11e4-a52e-4f735466cecf":"f.DBFB0E313060B6E614D077C1D7681781.d.C541A40454834E4E9D292DB883D175A4.e.1707","ELEMENT":"f.DBFB0E313060B6E614D077C1D7681781.d.C541A40454834E4E9D292DB883D175A4.e.1707"}]}
COMMAND: POST /session/d09bc8dff77367d024d5807c430cb6f4/execute/sync - {"script":"<script> [5351 bytes]","args":[{"element-6066-11e4-a52e-4f735466cecf":"f.DBFB0E313060B6E614D077C1D7681781.d.C541A40454834E4E9D292DB883D175A4.e.1707","ELEMENT":"f.DBFB0E313060B6E614D077C1D7681781.d.C541A40454834E4E9D292DB883D175A4.e.1707"}]}
COMMAND: GET /session/d09bc8dff77367d024d5807c430cb6f4/screenshot - {}
RESULT: {}
RESULT: {"script":"<script> [5351 bytes]","args":[{"element-6066-11e4-a52e-4f735466cecf":"f.DBFB0E313060B6E614D077C1D7681781.d.C541A40454834E4E9D292DB883D175A4.e.1707","ELEMENT":"f.DBFB0E313060B6E614D077C1D7681781.d.C541A40454834E4E9D292DB883D175A4.e.1707"}]}
COMMAND: POST /session/d09bc8dff77367d024d5807c430cb6f4/element/f.DBFB0E313060B6E614D077C1D7681781.d.C541A40454834E4E9D292DB883D175A4.e.1707/click - {}
COMMAND: GET /session/d09bc8dff77367d024d5807c430cb6f4/screenshot - {}
RESULT: {}
RESULT: {}
COMMAND: GET /session/d09bc8dff77367d024d5807c430cb6f4/screenshot - {}
RESULT: {}
RESULT: {}
COMMAND: POST /session/d09bc8dff77367d024d5807c430cb6f4/actions - {"actions":[{"id":"action6","type":"key","parameters":{},"actions":[{"type":"keyDown","value":"î€‡"},{"type":"pause","duration":10},{"type":"keyUp","value":"î€‡"}]}]}
RESULT: {"actions":[{"id":"action6","type":"key","parameters":{},"actions":[{"type":"keyDown","value":"î€‡"},{"type":"pause","duration":10},{"type":"keyUp","value":"î€‡"}]}]}
COMMAND: GET /session/d09bc8dff77367d024d5807c430cb6f4/screenshot - {}
RESULT: {}
COMMAND: POST /session/d09bc8dff77367d024d5807c430cb6f4/execute/async - {"script":"<script> [1562 bytes]","args":[{"selector":{"id":"application-manageconditionprice-display-component---newCondition--condBillCond-arrow"},"wdio_ui5_key":"applicationmanageconditionprice-display-component---newCondition--condBillCond-arrow"}]}
RESULT: {"script":"<script> [1562 bytes]","args":[{"selector":{"id":"application-manageconditionprice-display-component---newCondition--condBillCond-arrow"},"wdio_ui5_key":"applicationmanageconditionprice-display-component---newCondition--condBillCond-arrow"}]}
RESULT: undefined
COMMAND: POST /session/d09bc8dff77367d024d5807c430cb6f4/element - {"using":"xpath","value":"//*[@id=\"application-manageconditionprice-display-component---newCondition--condBillCond-arrow\"]"}
RESULT: {"using":"xpath","value":"//*[@id=\"application-manageconditionprice-display-component---newCondition--condBillCond-arrow\"]"}
COMMAND: POST /session/d09bc8dff77367d024d5807c430cb6f4/element/f.DBFB0E313060B6E614D077C1D7681781.d.C541A40454834E4E9D292DB883D175A4.e.1917/click - {}
RESULT: {}
COMMAND: GET /session/d09bc8dff77367d024d5807c430cb6f4/screenshot - {}
RESULT: {}
COMMAND: POST /session/d09bc8dff77367d024d5807c430cb6f4/element - {"using":"xpath","value":"//li[.//span[contains(text(), \"SAPR - Sales price\")]]"}
RESULT: {"using":"xpath","value":"//li[.//span[contains(text(), \"SAPR - Sales price\")]]"}
COMMAND: POST /session/d09bc8dff77367d024d5807c430cb6f4/element/f.DBFB0E313060B6E614D077C1D7681781.d.C541A40454834E4E9D292DB883D175A4.e.1920/click - {}
RESULT: {}
COMMAND: GET /session/d09bc8dff77367d024d5807c430cb6f4/screenshot - {}
RESULT: {}
COMMAND: POST /session/d09bc8dff77367d024d5807c430cb6f4/execute/async - {"script":"<script> [1562 bytes]","args":[{"selector":{"id":"application-manageconditionprice-display-component---newCondition--condValidTo","interaction":{"idSuffix":"inner"}},"wdio_ui5_key":"applicationmanageconditionprice-display-component---newCondition--condValidTo"}]}
RESULT: {"script":"<script> [1562 bytes]","args":[{"selector":{"id":"application-manageconditionprice-display-component---newCondition--condValidTo","interaction":{"idSuffix":"inner"}},"wdio_ui5_key":"applicationmanageconditionprice-display-component---newCondition--condValidTo"}]}
RESULT: undefined
COMMAND: POST /session/d09bc8dff77367d024d5807c430cb6f4/execute/async - {"script":"<script> [776 bytes]","args":[{"enterText":"1/19/26","selector":{"id":"application-manageconditionprice-display-component---newCondition--condValidTo","interaction":{"idSuffix":"inner"}},"clearTextFirst":true,"interactionType":"ENTER_TEXT"}]}
RESULT: {"script":"<script> [776 bytes]","args":[{"enterText":"1/19/26","selector":{"id":"application-manageconditionprice-display-component---newCondition--condValidTo","interaction":{"idSuffix":"inner"}},"clearTextFirst":true,"interactionType":"ENTER_TEXT"}]}
COMMAND: POST /session/d09bc8dff77367d024d5807c430cb6f4/element - {"using":"xpath","value":"//input[@id=\"application-manageconditionprice-display-component---newCondition--condRU-inner\"]"}
RESULT: {"using":"xpath","value":"//input[@id=\"application-manageconditionprice-display-component---newCondition--condRU-inner\"]"}
COMMAND: POST /session/d09bc8dff77367d024d5807c430cb6f4/element/f.DBFB0E313060B6E614D077C1D7681781.d.C541A40454834E4E9D292DB883D175A4.e.1756/clear - {}
RESULT: {}
COMMAND: POST /session/d09bc8dff77367d024d5807c430cb6f4/element/f.DBFB0E313060B6E614D077C1D7681781.d.C541A40454834E4E9D292DB883D175A4.e.1756/value - {"text":"6nCffvrgjE"}
COMMAND: GET /session/d09bc8dff77367d024d5807c430cb6f4/screenshot - {}
RESULT: {"text":"6nCffvrgjE"}
COMMAND: GET /session/d09bc8dff77367d024d5807c430cb6f4/screenshot - {}
RESULT: {}
RESULT: {}
COMMAND: POST /session/d09bc8dff77367d024d5807c430cb6f4/actions - {"actions":[{"id":"action7","type":"key","parameters":{},"actions":[{"type":"keyDown","value":"î€‡"},{"type":"pause","duration":10},{"type":"keyUp","value":"î€‡"}]}]}
RESULT: {"actions":[{"id":"action7","type":"key","parameters":{},"actions":[{"type":"keyDown","value":"î€‡"},{"type":"pause","duration":10},{"type":"keyUp","value":"î€‡"}]}]}
COMMAND: POST /session/d09bc8dff77367d024d5807c430cb6f4/execute/async - {"script":"<script> [1562 bytes]","args":[{"selector":{"id":"application-manageconditionprice-display-component---newCondition--condBaseQty","interaction":{"idSuffix":"inner"}},"wdio_ui5_key":"applicationmanageconditionprice-display-component---newCondition--condBaseQty"}]}
COMMAND: GET /session/d09bc8dff77367d024d5807c430cb6f4/screenshot - {}
RESULT: {"script":"<script> [1562 bytes]","args":[{"selector":{"id":"application-manageconditionprice-display-component---newCondition--condBaseQty","interaction":{"idSuffix":"inner"}},"wdio_ui5_key":"applicationmanageconditionprice-display-component---newCondition--condBaseQty"}]}
RESULT: undefined
COMMAND: POST /session/d09bc8dff77367d024d5807c430cb6f4/execute/async - {"script":"<script> [776 bytes]","args":[{"enterText":"1","selector":{"id":"application-manageconditionprice-display-component---newCondition--condBaseQty","interaction":{"idSuffix":"inner"}},"clearTextFirst":true,"interactionType":"ENTER_TEXT"}]}
RESULT: {}
RESULT: {"script":"<script> [776 bytes]","args":[{"enterText":"1","selector":{"id":"application-manageconditionprice-display-component---newCondition--condBaseQty","interaction":{"idSuffix":"inner"}},"clearTextFirst":true,"interactionType":"ENTER_TEXT"}]}
COMMAND: POST /session/d09bc8dff77367d024d5807c430cb6f4/execute/async - {"script":"<script> [1562 bytes]","args":[{"selector":{"id":"application-manageconditionprice-display-component---newCondition--condValue","interaction":{"idSuffix":"inner"}},"wdio_ui5_key":"applicationmanageconditionprice-display-component---newCondition--condValue"}]}
RESULT: {"script":"<script> [1562 bytes]","args":[{"selector":{"id":"application-manageconditionprice-display-component---newCondition--condValue","interaction":{"idSuffix":"inner"}},"wdio_ui5_key":"applicationmanageconditionprice-display-component---newCondition--condValue"}]}
RESULT: undefined
COMMAND: POST /session/d09bc8dff77367d024d5807c430cb6f4/execute/async - {"script":"<script> [776 bytes]","args":[{"enterText":"200","selector":{"id":"application-manageconditionprice-display-component---newCondition--condValue","interaction":{"idSuffix":"inner"}},"clearTextFirst":true,"interactionType":"ENTER_TEXT"}]}
RESULT: {"script":"<script> [776 bytes]","args":[{"enterText":"200","selector":{"id":"application-manageconditionprice-display-component---newCondition--condValue","interaction":{"idSuffix":"inner"}},"clearTextFirst":true,"interactionType":"ENTER_TEXT"}]}
COMMAND: POST /session/d09bc8dff77367d024d5807c430cb6f4/execute/async - {"script":"<script> [1562 bytes]","args":[{"selector":{"id":"application-manageconditionprice-display-component---newCondition--condCurr-arrow"},"wdio_ui5_key":"applicationmanageconditionprice-display-component---newCondition--condCurr-arrow"}]}
RESULT: {"script":"<script> [1562 bytes]","args":[{"selector":{"id":"application-manageconditionprice-display-component---newCondition--condCurr-arrow"},"wdio_ui5_key":"applicationmanageconditionprice-display-component---newCondition--condCurr-arrow"}]}
RESULT: undefined
COMMAND: POST /session/d09bc8dff77367d024d5807c430cb6f4/element - {"using":"xpath","value":"//*[@id=\"application-manageconditionprice-display-component---newCondition--condCurr-arrow\"]"}
RESULT: {"using":"xpath","value":"//*[@id=\"application-manageconditionprice-display-component---newCondition--condCurr-arrow\"]"}
COMMAND: POST /session/d09bc8dff77367d024d5807c430cb6f4/element/f.DBFB0E313060B6E614D077C1D7681781.d.C541A40454834E4E9D292DB883D175A4.e.1877/click - {}
RESULT: {}
COMMAND: POST /session/d09bc8dff77367d024d5807c430cb6f4/element - {"using":"xpath","value":"//span[contains(text(), \"Euro\")]"}
COMMAND: GET /session/d09bc8dff77367d024d5807c430cb6f4/screenshot - {}
RESULT: {"using":"xpath","value":"//span[contains(text(), \"Euro\")]"}
COMMAND: POST /session/d09bc8dff77367d024d5807c430cb6f4/element/f.DBFB0E313060B6E614D077C1D7681781.d.C541A40454834E4E9D292DB883D175A4.e.1957/click - {}
RESULT: {}
RESULT: {}
COMMAND: POST /session/d09bc8dff77367d024d5807c430cb6f4/element - {"using":"xpath","value":"//button[@data-kt=\"saveButton\"]"}
RESULT: {"using":"xpath","value":"//button[@data-kt=\"saveButton\"]"}
COMMAND: POST /session/d09bc8dff77367d024d5807c430cb6f4/element/f.DBFB0E313060B6E614D077C1D7681781.d.C541A40454834E4E9D292DB883D175A4.e.1878/click - {}
COMMAND: GET /session/d09bc8dff77367d024d5807c430cb6f4/screenshot - {}
RESULT: {}
COMMAND: GET /session/d09bc8dff77367d024d5807c430cb6f4/screenshot - {}
RESULT: {}
RESULT: {}
COMMAND: POST /session/d09bc8dff77367d024d5807c430cb6f4/execute/async - {"script":"<script> [1562 bytes]","args":[{"selector":{"id":"application-manageconditionprice-display-component---conditions--smartFilterBar-btnBasicSearch","interaction":{"idSuffix":"I"}},"wdio_ui5_key":"applicationmanageconditionprice-display-component---conditions--smartFilterBar-btnBasicSearch"}]}
RESULT: {"script":"<script> [1562 bytes]","args":[{"selector":{"id":"application-manageconditionprice-display-component---conditions--smartFilterBar-btnBasicSearch","interaction":{"idSuffix":"I"}},"wdio_ui5_key":"applicationmanageconditionprice-display-component---conditions--smartFilterBar-btnBasicSearch"}]}
RESULT: undefined
COMMAND: POST /session/d09bc8dff77367d024d5807c430cb6f4/execute/async - {"script":"<script> [776 bytes]","args":[{"enterText":"6nCffvrgjE","selector":{"id":"application-manageconditionprice-display-component---conditions--smartFilterBar-btnBasicSearch","interaction":{"idSuffix":"I"}},"clearTextFirst":true,"interactionType":"ENTER_TEXT"}]}
RESULT: {"script":"<script> [776 bytes]","args":[{"enterText":"6nCffvrgjE","selector":{"id":"application-manageconditionprice-display-component---conditions--smartFilterBar-btnBasicSearch","interaction":{"idSuffix":"I"}},"clearTextFirst":true,"interactionType":"ENTER_TEXT"}]}
COMMAND: POST /session/d09bc8dff77367d024d5807c430cb6f4/actions - {"actions":[{"id":"action8","type":"key","parameters":{},"actions":[{"type":"keyDown","value":"î€‡"},{"type":"pause","duration":10},{"type":"keyUp","value":"î€‡"}]}]}
RESULT: {"actions":[{"id":"action8","type":"key","parameters":{},"actions":[{"type":"keyDown","value":"î€‡"},{"type":"pause","duration":10},{"type":"keyUp","value":"î€‡"}]}]}
COMMAND: GET /session/d09bc8dff77367d024d5807c430cb6f4/screenshot - {}
RESULT: {}
COMMAND: POST /session/d09bc8dff77367d024d5807c430cb6f4/execute/async - {"script":"<script> [1562 bytes]","args":[{"selector":{"id":"application-manageconditionprice-display-component---conditions--smartFilterBar-filterItemControl_BASIC-BILL_TYPES-vhi"},"wdio_ui5_key":"applicationmanageconditionprice-display-component---conditions--smartFilterBar-filterItemControl_BASIC-BILL_TYPES-vhi"}]}
RESULT: {"script":"<script> [1562 bytes]","args":[{"selector":{"id":"application-manageconditionprice-display-component---conditions--smartFilterBar-filterItemControl_BASIC-BILL_TYPES-vhi"},"wdio_ui5_key":"applicationmanageconditionprice-display-component---conditions--smartFilterBar-filterItemControl_BASIC-BILL_TYPES-vhi"}]}
RESULT: undefined
COMMAND: POST /session/d09bc8dff77367d024d5807c430cb6f4/element - {"using":"xpath","value":"//*[@id=\"application-manageconditionprice-display-component---conditions--smartFilterBar-filterItemControl_BASIC-BILL_TYPES-vhi\"]"}
RESULT: {"using":"xpath","value":"//*[@id=\"application-manageconditionprice-display-component---conditions--smartFilterBar-filterItemControl_BASIC-BILL_TYPES-vhi\"]"}
COMMAND: POST /session/d09bc8dff77367d024d5807c430cb6f4/element/f.DBFB0E313060B6E614D077C1D7681781.d.C541A40454834E4E9D292DB883D175A4.e.2064/click - {}
RESULT: {}
COMMAND: POST /session/d09bc8dff77367d024d5807c430cb6f4/execute/async - {"script":"<script> [1562 bytes]","args":[{"selector":{"id":"application-manageconditionprice-display-component---conditions--smartFilterBar-filterItemControl_BASIC-BILL_TYPES-valueHelpDialog-smartFilterBar-btnBasicSearch","searchOpenDialogs":true,"interaction":{"idSuffix":"I"}},"wdio_ui5_key":"applicationmanageconditionprice-display-component---conditions--smartFilterBar-filterItemControl_BASIC-BILL_TYPES-valueHelpDialog-smartFilterBar-btnBasicSearch"}]}
COMMAND: GET /session/d09bc8dff77367d024d5807c430cb6f4/screenshot - {}
RESULT: {"script":"<script> [1562 bytes]","args":[{"selector":{"id":"application-manageconditionprice-display-component---conditions--smartFilterBar-filterItemControl_BASIC-BILL_TYPES-valueHelpDialog-smartFilterBar-btnBasicSearch","searchOpenDialogs":true,"interaction":{"idSuffix":"I"}},"wdio_ui5_key":"applicationmanageconditionprice-display-component---conditions--smartFilterBar-filterItemControl_BASIC-BILL_TYPES-valueHelpDialog-smartFilterBar-btnBasicSearch"}]}
RESULT: undefined
COMMAND: POST /session/d09bc8dff77367d024d5807c430cb6f4/execute/async - {"script":"<script> [776 bytes]","args":[{"enterText":"one","selector":{"id":"application-manageconditionprice-display-component---conditions--smartFilterBar-filterItemControl_BASIC-BILL_TYPES-valueHelpDialog-smartFilterBar-btnBasicSearch","searchOpenDialogs":true,"interaction":{"idSuffix":"I"}},"clearTextFirst":true,"interactionType":"ENTER_TEXT"}]}
RESULT: {}
RESULT: {"script":"<script> [776 bytes]","args":[{"enterText":"one","selector":{"id":"application-manageconditionprice-display-component---conditions--smartFilterBar-filterItemControl_BASIC-BILL_TYPES-valueHelpDialog-smartFilterBar-btnBasicSearch","searchOpenDialogs":true,"interaction":{"idSuffix":"I"}},"clearTextFirst":true,"interactionType":"ENTER_TEXT"}]}
COMMAND: POST /session/d09bc8dff77367d024d5807c430cb6f4/actions - {"actions":[{"id":"action9","type":"key","parameters":{},"actions":[{"type":"keyDown","value":"î€‡"},{"type":"pause","duration":10},{"type":"keyUp","value":"î€‡"}]}]}
RESULT: {"actions":[{"id":"action9","type":"key","parameters":{},"actions":[{"type":"keyDown","value":"î€‡"},{"type":"pause","duration":10},{"type":"keyUp","value":"î€‡"}]}]}
COMMAND: GET /session/d09bc8dff77367d024d5807c430cb6f4/screenshot - {}
RESULT: {}
COMMAND: POST /session/d09bc8dff77367d024d5807c430cb6f4/element - {"using":"xpath","value":"//div[contains(@id, 'application-manageconditionprice-display-component---conditions--smartFilterBar-filterItemControl_BASIC-BILL_TYPES-valueHelpDialog-table-rowsel0')]"}
RESULT: {"using":"xpath","value":"//div[contains(@id, 'application-manageconditionprice-display-component---conditions--smartFilterBar-filterItemControl_BASIC-BILL_TYPES-valueHelpDialog-table-rowsel0')]"}
COMMAND: POST /session/d09bc8dff77367d024d5807c430cb6f4/element/f.DBFB0E313060B6E614D077C1D7681781.d.C541A40454834E4E9D292DB883D175A4.e.2073/click - {}
RESULT: {}
COMMAND: GET /session/d09bc8dff77367d024d5807c430cb6f4/screenshot - {}
RESULT: {}
COMMAND: POST /session/d09bc8dff77367d024d5807c430cb6f4/element - {"using":"xpath","value":"//bdi[contains(text(), \"OK\")]"}
RESULT: {"using":"xpath","value":"//bdi[contains(text(), \"OK\")]"}
COMMAND: POST /session/d09bc8dff77367d024d5807c430cb6f4/element/f.DBFB0E313060B6E614D077C1D7681781.d.C541A40454834E4E9D292DB883D175A4.e.2075/click - {}
RESULT: {}
COMMAND: GET /session/d09bc8dff77367d024d5807c430cb6f4/screenshot - {}
RESULT: {}
COMMAND: POST /session/d09bc8dff77367d024d5807c430cb6f4/element - {"using":"xpath","value":"//span[@id=\"application-manageconditionprice-display-component---conditions--smartTable-header-inner\"]"}
RESULT: {"using":"xpath","value":"//span[@id=\"application-manageconditionprice-display-component---conditions--smartTable-header-inner\"]"}
COMMAND: POST /session/d09bc8dff77367d024d5807c430cb6f4/elements - {"using":"xpath","value":"//span[@id=\"application-manageconditionprice-display-component---conditions--smartTable-header-inner\"]"}
RESULT: {"using":"xpath","value":"//span[@id=\"application-manageconditionprice-display-component---conditions--smartTable-header-inner\"]"}
COMMAND: POST /session/d09bc8dff77367d024d5807c430cb6f4/execute/sync - {"script":"<script> [56 bytes]","args":[{"element-6066-11e4-a52e-4f735466cecf":"f.DBFB0E313060B6E614D077C1D7681781.d.C541A40454834E4E9D292DB883D175A4.e.2078","ELEMENT":"f.DBFB0E313060B6E614D077C1D7681781.d.C541A40454834E4E9D292DB883D175A4.e.2078"}]}
RESULT: {"script":"<script> [56 bytes]","args":[{"element-6066-11e4-a52e-4f735466cecf":"f.DBFB0E313060B6E614D077C1D7681781.d.C541A40454834E4E9D292DB883D175A4.e.2078","ELEMENT":"f.DBFB0E313060B6E614D077C1D7681781.d.C541A40454834E4E9D292DB883D175A4.e.2078"}]}
COMMAND: POST /session/d09bc8dff77367d024d5807c430cb6f4/element - {"using":"css selector","value":"#shell-header-logo"}
COMMAND: GET /session/d09bc8dff77367d024d5807c430cb6f4/screenshot - {}
RESULT: {"using":"css selector","value":"#shell-header-logo"}
COMMAND: POST /session/d09bc8dff77367d024d5807c430cb6f4/element/f.DBFB0E313060B6E614D077C1D7681781.d.C541A40454834E4E9D292DB883D175A4.e.1674/click - {}
RESULT: {}
RESULT: {}
COMMAND: GET /session/d09bc8dff77367d024d5807c430cb6f4/screenshot - {}
RESULT: {}
COMMAND: POST /session/d09bc8dff77367d024d5807c430cb6f4/element - {"using":"css selector","value":"#j_username"}
COMMAND: POST /session/d09bc8dff77367d024d5807c430cb6f4/url - {"url":"https://qa-testing-00-live-etm-ui.cfapps.eu10-004.hana.ondemand.com/"}
RESULT: {"using":"css selector","value":"#j_username"}
COMMAND: POST /session/d09bc8dff77367d024d5807c430cb6f4/element - {"using":"css selector","value":"#j_username"}
RESULT: {"url":"https://qa-testing-00-live-etm-ui.cfapps.eu10-004.hana.ondemand.com/"}
RESULT: undefined
COMMAND: GET /session/d09bc8dff77367d024d5807c430cb6f4/screenshot - {}
RESULT: {"using":"css selector","value":"#j_username"}
COMMAND: POST /session/d09bc8dff77367d024d5807c430cb6f4/element - {"using":"css selector","value":"#shell-header-logo"}
RESULT: {}
RESULT: {"using":"css selector","value":"#shell-header-logo"}
COMMAND: POST /session/d09bc8dff77367d024d5807c430cb6f4/execute/sync - {"script":"<script> [8489 bytes]","args":[{"element-6066-11e4-a52e-4f735466cecf":"f.DBFB0E313060B6E614D077C1D7681781.d.A95A6ADE22A3B4518A6F4D1372C84F1B.e.2164","ELEMENT":"f.DBFB0E313060B6E614D077C1D7681781.d.A95A6ADE22A3B4518A6F4D1372C84F1B.e.2164"}]}
RESULT: {"script":"<script> [8489 bytes]","args":[{"element-6066-11e4-a52e-4f735466cecf":"f.DBFB0E313060B6E614D077C1D7681781.d.A95A6ADE22A3B4518A6F4D1372C84F1B.e.2164","ELEMENT":"f.DBFB0E313060B6E614D077C1D7681781.d.A95A6ADE22A3B4518A6F4D1372C84F1B.e.2164"}]}
COMMAND: POST /session/d09bc8dff77367d024d5807c430cb6f4/element - {"using":"css selector","value":"#shell-header-logo"}
COMMAND: GET /session/d09bc8dff77367d024d5807c430cb6f4/screenshot - {}
RESULT: {"using":"css selector","value":"#shell-header-logo"}
COMMAND: POST /session/d09bc8dff77367d024d5807c430cb6f4/execute/sync - {"script":"<script> [8489 bytes]","args":[{"element-6066-11e4-a52e-4f735466cecf":"f.DBFB0E313060B6E614D077C1D7681781.d.A95A6ADE22A3B4518A6F4D1372C84F1B.e.2164","ELEMENT":"f.DBFB0E313060B6E614D077C1D7681781.d.A95A6ADE22A3B4518A6F4D1372C84F1B.e.2164"}]}
RESULT: {}
RESULT: {"script":"<script> [8489 bytes]","args":[{"element-6066-11e4-a52e-4f735466cecf":"f.DBFB0E313060B6E614D077C1D7681781.d.A95A6ADE22A3B4518A6F4D1372C84F1B.e.2164","ELEMENT":"f.DBFB0E313060B6E614D077C1D7681781.d.A95A6ADE22A3B4518A6F4D1372C84F1B.e.2164"}]}
COMMAND: POST /session/d09bc8dff77367d024d5807c430cb6f4/execute/sync - {"script":"<script> [5351 bytes]","args":[{"element-6066-11e4-a52e-4f735466cecf":"f.DBFB0E313060B6E614D077C1D7681781.d.A95A6ADE22A3B4518A6F4D1372C84F1B.e.2164","ELEMENT":"f.DBFB0E313060B6E614D077C1D7681781.d.A95A6ADE22A3B4518A6F4D1372C84F1B.e.2164"}]}
COMMAND: GET /session/d09bc8dff77367d024d5807c430cb6f4/screenshot - {}
RESULT: {"script":"<script> [5351 bytes]","args":[{"element-6066-11e4-a52e-4f735466cecf":"f.DBFB0E313060B6E614D077C1D7681781.d.A95A6ADE22A3B4518A6F4D1372C84F1B.e.2164","ELEMENT":"f.DBFB0E313060B6E614D077C1D7681781.d.A95A6ADE22A3B4518A6F4D1372C84F1B.e.2164"}]}
COMMAND: POST /session/d09bc8dff77367d024d5807c430cb6f4/element - {"using":"css selector","value":"#shell-header-logo"}
COMMAND: GET /session/d09bc8dff77367d024d5807c430cb6f4/screenshot - {}
RESULT: {}
RESULT: {"using":"css selector","value":"#shell-header-logo"}
COMMAND: POST /session/d09bc8dff77367d024d5807c430cb6f4/element/f.DBFB0E313060B6E614D077C1D7681781.d.A95A6ADE22A3B4518A6F4D1372C84F1B.e.2164/click - {}
RESULT: {}
RESULT: {}
COMMAND: GET /session/d09bc8dff77367d024d5807c430cb6f4/screenshot - {}
RESULT: {}
COMMAND: POST /session/d09bc8dff77367d024d5807c430cb6f4/execute/async - {"script":"<script> [189 bytes]","args":[]}
RESULT: {"script":"<script> [189 bytes]","args":[]}
COMMAND: POST /session/d09bc8dff77367d024d5807c430cb6f4/execute/async - {"script":"<script> [123 bytes]","args":[]}
RESULT: {"script":"<script> [123 bytes]","args":[]}
COMMAND: POST /session/d09bc8dff77367d024d5807c430cb6f4/timeouts - {"script":"<number>"}
RESULT: {"script":"<number>"}
COMMAND: GET /session/d09bc8dff77367d024d5807c430cb6f4/timeouts - {}
RESULT: {}
RESULT: undefined
COMMAND: POST /session/d09bc8dff77367d024d5807c430cb6f4/execute/async - {"script":"<script> [2676 bytes]","args":[]}
RESULT: {"script":"<script> [2676 bytes]","args":[]}
COMMAND: POST /session/d09bc8dff77367d024d5807c430cb6f4/execute/async - {"script":"<script> [2342 bytes]","args":[{"protocol":"http","hostname":"0.0.0.0","path":"/","capabilities":{"browserName":"chrome","goog:chromeOptions":{"binary":"C:\\Program Files\\Google\\Chrome\\Application\\chrome.exe","args":["--start-maximized"]}},"logLevel":"warn","connectionRetryTimeout":120000,"connectionRetryCount":3,"logLevels":{},"enableDirectConnect":true,"strictSSL":true,"_":"65 more keys: [\"cacheDir\",\"port\",\"requestedCapabilities\",\"automationProtocol\",\"baseUrl\",\"waitforInterval\",\"waitforTimeout\",\"onReload\",\"beforeCommand\",\"afterCommand\",\"rootDir\",\"specs\",\"suites\",\"exclude\",\"groupLogsByTestSpec\",\"excludeDriverLogs\",\"bail\",\"framework\",\"reporters\",\"services\",\"maxInstances\",\"maxInstancesPerCapability\",\"injectGlobals\",\"filesToWatch\",\"execArgv\",\"runnerEnv\",\"runner\",\"shard\",\"specFileRetries\",\"specFileRetriesDelay\",\"specFileRetriesDeferred\",\"reporterSyncInterval\",\"reporterSyncTimeout\",\"cucumberFeaturesWithLineNumbers\",\"autoCompileOpts\",\"mochaOpts\",\"jasmineOpts\",\"cucumberOpts\",\"onPrepare\",\"onWorkerStart\",\"onWorkerEnd\",\"before\",\"beforeSession\",\"beforeSuite\",\"beforeHook\",\"beforeTest\",\"afterTest\",\"afterHook\",\"afterSuite\",\"afterSession\",\"after\",\"onComplete\",\"beforeAssertion\",\"afterAssertion\",\"beforeFeature\",\"beforeScenario\",\"beforeStep\",\"afterStep\",\"afterScenario\",\"afterFeature\",\"_\",\"suite\",\"$0\",\"ignoredWorkerServices\",\"wdi5\"]"}]}
RESULT: {"script":"<script> [2342 bytes]","args":[{"protocol":"http","hostname":"0.0.0.0","path":"/","capabilities":{"browserName":"chrome","goog:chromeOptions":{"binary":"C:\\Program Files\\Google\\Chrome\\Application\\chrome.exe","args":["--start-maximized"]}},"logLevel":"warn","connectionRetryTimeout":120000,"connectionRetryCount":3,"logLevels":{},"enableDirectConnect":true,"strictSSL":true,"_":"65 more keys: [\"cacheDir\",\"port\",\"requestedCapabilities\",\"automationProtocol\",\"baseUrl\",\"waitforInterval\",\"waitforTimeout\",\"onReload\",\"beforeCommand\",\"afterCommand\",\"rootDir\",\"specs\",\"suites\",\"exclude\",\"groupLogsByTestSpec\",\"excludeDriverLogs\",\"bail\",\"framework\",\"reporters\",\"services\",\"maxInstances\",\"maxInstancesPerCapability\",\"injectGlobals\",\"filesToWatch\",\"execArgv\",\"runnerEnv\",\"runner\",\"shard\",\"specFileRetries\",\"specFileRetriesDelay\",\"specFileRetriesDeferred\",\"reporterSyncInterval\",\"reporterSyncTimeout\",\"cucumberFeaturesWithLineNumbers\",\"autoCompileOpts\",\"mochaOpts\",\"jasmineOpts\",\"cucumberOpts\",\"onPrepare\",\"onWorkerStart\",\"onWorkerEnd\",\"before\",\"beforeSession\",\"beforeSuite\",\"beforeHook\",\"beforeTest\",\"afterTest\",\"afterHook\",\"afterSuite\",\"afterSession\",\"after\",\"onComplete\",\"beforeAssertion\",\"afterAssertion\",\"beforeFeature\",\"beforeScenario\",\"beforeStep\",\"afterStep\",\"afterScenario\",\"afterFeature\",\"_\",\"suite\",\"$0\",\"ignoredWorkerServices\",\"wdi5\"]"}]}
COMMAND: POST /session/d09bc8dff77367d024d5807c430cb6f4/execute/async - {"script":"<script> [21126 bytes]","args":[35000]}
RESULT: {"script":"<script> [21126 bytes]","args":[35000]}
COMMAND: POST /session/d09bc8dff77367d024d5807c430cb6f4/window/maximize - {}
RESULT: {}
COMMAND: POST /session/d09bc8dff77367d024d5807c430cb6f4/execute/async - {"script":"<script> [1562 bytes]","args":[{"selector":{"id":"shell-header","interaction":{"idSuffix":"icon"}},"wdio_ui5_key":"shellheader"}]}
COMMAND: GET /session/d09bc8dff77367d024d5807c430cb6f4/screenshot - {}
RESULT: {"script":"<script> [1562 bytes]","args":[{"selector":{"id":"shell-header","interaction":{"idSuffix":"icon"}},"wdio_ui5_key":"shellheader"}]}
RESULT: undefined
COMMAND: POST /session/d09bc8dff77367d024d5807c430cb6f4/refresh - {}
RESULT: {}
RESULT: {}
COMMAND: GET /session/d09bc8dff77367d024d5807c430cb6f4/screenshot - {}
RESULT: {}
COMMAND: POST /session/d09bc8dff77367d024d5807c430cb6f4/refresh - {}
RESULT: {}
COMMAND: GET /session/d09bc8dff77367d024d5807c430cb6f4/screenshot - {}
RESULT: {}
COMMAND: POST /session/d09bc8dff77367d024d5807c430cb6f4/window/fullscreen - {}
RESULT: {}
COMMAND: POST /session/d09bc8dff77367d024d5807c430cb6f4/execute/async - {"script":"<script> [189 bytes]","args":[]}
RESULT: {"script":"<script> [189 bytes]","args":[]}
COMMAND: POST /session/d09bc8dff77367d024d5807c430cb6f4/execute/async - {"script":"<script> [123 bytes]","args":[]}
RESULT: {"script":"<script> [123 bytes]","args":[]}
COMMAND: POST /session/d09bc8dff77367d024d5807c430cb6f4/timeouts - {"script":"<number>"}
RESULT: {"script":"<number>"}
COMMAND: GET /session/d09bc8dff77367d024d5807c430cb6f4/timeouts - {}
RESULT: {}
RESULT: undefined
COMMAND: POST /session/d09bc8dff77367d024d5807c430cb6f4/execute/async - {"script":"<script> [2676 bytes]","args":[]}
RESULT: {"script":"<script> [2676 bytes]","args":[]}
COMMAND: POST /session/d09bc8dff77367d024d5807c430cb6f4/execute/async - {"script":"<script> [2342 bytes]","args":[{"protocol":"http","hostname":"0.0.0.0","path":"/","capabilities":{"browserName":"chrome","goog:chromeOptions":{"binary":"C:\\Program Files\\Google\\Chrome\\Application\\chrome.exe","args":["--start-maximized"]}},"logLevel":"warn","connectionRetryTimeout":120000,"connectionRetryCount":3,"logLevels":{},"enableDirectConnect":true,"strictSSL":true,"_":"65 more keys: [\"cacheDir\",\"port\",\"requestedCapabilities\",\"automationProtocol\",\"baseUrl\",\"waitforInterval\",\"waitforTimeout\",\"onReload\",\"beforeCommand\",\"afterCommand\",\"rootDir\",\"specs\",\"suites\",\"exclude\",\"groupLogsByTestSpec\",\"excludeDriverLogs\",\"bail\",\"framework\",\"reporters\",\"services\",\"maxInstances\",\"maxInstancesPerCapability\",\"injectGlobals\",\"filesToWatch\",\"execArgv\",\"runnerEnv\",\"runner\",\"shard\",\"specFileRetries\",\"specFileRetriesDelay\",\"specFileRetriesDeferred\",\"reporterSyncInterval\",\"reporterSyncTimeout\",\"cucumberFeaturesWithLineNumbers\",\"autoCompileOpts\",\"mochaOpts\",\"jasmineOpts\",\"cucumberOpts\",\"onPrepare\",\"onWorkerStart\",\"onWorkerEnd\",\"before\",\"beforeSession\",\"beforeSuite\",\"beforeHook\",\"beforeTest\",\"afterTest\",\"afterHook\",\"afterSuite\",\"afterSession\",\"after\",\"onComplete\",\"beforeAssertion\",\"afterAssertion\",\"beforeFeature\",\"beforeScenario\",\"beforeStep\",\"afterStep\",\"afterScenario\",\"afterFeature\",\"_\",\"suite\",\"$0\",\"ignoredWorkerServices\",\"wdi5\"]"}]}
RESULT: {"script":"<script> [2342 bytes]","args":[{"protocol":"http","hostname":"0.0.0.0","path":"/","capabilities":{"browserName":"chrome","goog:chromeOptions":{"binary":"C:\\Program Files\\Google\\Chrome\\Application\\chrome.exe","args":["--start-maximized"]}},"logLevel":"warn","connectionRetryTimeout":120000,"connectionRetryCount":3,"logLevels":{},"enableDirectConnect":true,"strictSSL":true,"_":"65 more keys: [\"cacheDir\",\"port\",\"requestedCapabilities\",\"automationProtocol\",\"baseUrl\",\"waitforInterval\",\"waitforTimeout\",\"onReload\",\"beforeCommand\",\"afterCommand\",\"rootDir\",\"specs\",\"suites\",\"exclude\",\"groupLogsByTestSpec\",\"excludeDriverLogs\",\"bail\",\"framework\",\"reporters\",\"services\",\"maxInstances\",\"maxInstancesPerCapability\",\"injectGlobals\",\"filesToWatch\",\"execArgv\",\"runnerEnv\",\"runner\",\"shard\",\"specFileRetries\",\"specFileRetriesDelay\",\"specFileRetriesDeferred\",\"reporterSyncInterval\",\"reporterSyncTimeout\",\"cucumberFeaturesWithLineNumbers\",\"autoCompileOpts\",\"mochaOpts\",\"jasmineOpts\",\"cucumberOpts\",\"onPrepare\",\"onWorkerStart\",\"onWorkerEnd\",\"before\",\"beforeSession\",\"beforeSuite\",\"beforeHook\",\"beforeTest\",\"afterTest\",\"afterHook\",\"afterSuite\",\"afterSession\",\"after\",\"onComplete\",\"beforeAssertion\",\"afterAssertion\",\"beforeFeature\",\"beforeScenario\",\"beforeStep\",\"afterStep\",\"afterScenario\",\"afterFeature\",\"_\",\"suite\",\"$0\",\"ignoredWorkerServices\",\"wdi5\"]"}]}
COMMAND: POST /session/d09bc8dff77367d024d5807c430cb6f4/execute/async - {"script":"<script> [21126 bytes]","args":[35000]}
RESULT: {"script":"<script> [21126 bytes]","args":[35000]}
]]></system-out>
    </testcase>
  </testsuite>
  <testsuite timestamp="2025-05-19T17:06:37" time="130.331" tests="3" failures="0" errors="0" skipped="0">
    <properties>
      <property name="specId" value="0" />
      <property name="suiteName" value="Set up pricing rule(OT) 104624" />
      <property name="capabilities" value="chrome.136_0_7103_93.windows" />
      <property name="file" value="file:///D:/a/1/s/test/specs/BTS/create-pricing-rule.spec.js" />
    </properties>
    <testcase classname="chrome.136_0_7103_93.windows.Set_up_pricing_rule(OT)_104624" name="Should create a new yard used for all following tests" time="0.023">
      <system-out><![CDATA[
COMMAND: POST /session/d09bc8dff77367d024d5807c430cb6f4/window/fullscreen - {}
RESULT: {}
]]></system-out>
    </testcase>
    <testcase classname="chrome.136_0_7103_93.windows.Set_up_pricing_rule(OT)_104624" name="Should create a new equipment used for all following tests" time="0.005" />
    <testcase classname="chrome.136_0_7103_93.windows.Set_up_pricing_rule(OT)_104624" name="Should create new pricing rule on the created resource from earlier module or above" time="72.526">
      <system-out><![CDATA[
COMMAND: POST /session/d09bc8dff77367d024d5807c430cb6f4/execute/async - {"script":"<script> [1562 bytes]","args":[{"selector":{"controlType":"sap.m.GenericTile","properties":{"header":"Manage Pricing Rules"}},"wdio_ui5_key":"sapm.GenericTile{\"header\":\"Manage Pricing Rules\"}"}]}
RESULT: {"script":"<script> [1562 bytes]","args":[{"selector":{"controlType":"sap.m.GenericTile","properties":{"header":"Manage Pricing Rules"}},"wdio_ui5_key":"sapm.GenericTile{\"header\":\"Manage Pricing Rules\"}"}]}
RESULT: undefined
COMMAND: POST /session/d09bc8dff77367d024d5807c430cb6f4/element - {"using":"xpath","value":"//*[@id=\"__tile55\"]"}
RESULT: {"using":"xpath","value":"//*[@id=\"__tile55\"]"}
COMMAND: POST /session/d09bc8dff77367d024d5807c430cb6f4/element/f.DBFB0E313060B6E614D077C1D7681781.d.84D02ABF60AC63C6D885D89E1961E360.e.2362/click - {}
RESULT: {}
COMMAND: GET /session/d09bc8dff77367d024d5807c430cb6f4/screenshot - {}
RESULT: {}
COMMAND: POST /session/d09bc8dff77367d024d5807c430cb6f4/elements - {"using":"xpath","value":"//span[text()='Error']"}
RESULT: {"using":"xpath","value":"//span[text()='Error']"}
COMMAND: POST /session/d09bc8dff77367d024d5807c430cb6f4/execute/async - {"script":"<script> [1562 bytes]","args":[{"selector":{"controlType":"sap.ui.core.Icon","viewName":"etm.portal.ui.managepricingrules.view.MasterHeader","viewId":"application-managepricingrules-display-component---priceInfoHeader","properties":{"src":{"regex":{"source":"activity\\-items"}}}},"wdio_ui5_key":"etmportal.ui.managepricingrules.view.MasterHeadersap.ui.core.Icon{\"src\":{\"regex\":{\"source\":\"activity\\\\-items\"}}}"}]}
RESULT: {"script":"<script> [1562 bytes]","args":[{"selector":{"controlType":"sap.ui.core.Icon","viewName":"etm.portal.ui.managepricingrules.view.MasterHeader","viewId":"application-managepricingrules-display-component---priceInfoHeader","properties":{"src":{"regex":{"source":"activity\\-items"}}}},"wdio_ui5_key":"etmportal.ui.managepricingrules.view.MasterHeadersap.ui.core.Icon{\"src\":{\"regex\":{\"source\":\"activity\\\\-items\"}}}"}]}
RESULT: undefined
COMMAND: POST /session/d09bc8dff77367d024d5807c430cb6f4/element - {"using":"xpath","value":"//*[@id=\"__filter1-icon\"]"}
RESULT: {"using":"xpath","value":"//*[@id=\"__filter1-icon\"]"}
COMMAND: POST /session/d09bc8dff77367d024d5807c430cb6f4/element/f.DBFB0E313060B6E614D077C1D7681781.d.84D02ABF60AC63C6D885D89E1961E360.e.2416/click - {}
RESULT: {}
COMMAND: GET /session/d09bc8dff77367d024d5807c430cb6f4/screenshot - {}
RESULT: {}
COMMAND: POST /session/d09bc8dff77367d024d5807c430cb6f4/element - {"using":"xpath","value":"//button[@data-kt=\"addButton\"]"}
RESULT: {"using":"xpath","value":"//button[@data-kt=\"addButton\"]"}
COMMAND: POST /session/d09bc8dff77367d024d5807c430cb6f4/elements - {"using":"xpath","value":"//button[@data-kt=\"addButton\"]"}
RESULT: {"using":"xpath","value":"//button[@data-kt=\"addButton\"]"}
COMMAND: POST /session/d09bc8dff77367d024d5807c430cb6f4/execute/sync - {"script":"<script> [8489 bytes]","args":[{"element-6066-11e4-a52e-4f735466cecf":"f.DBFB0E313060B6E614D077C1D7681781.d.84D02ABF60AC63C6D885D89E1961E360.e.2462","ELEMENT":"f.DBFB0E313060B6E614D077C1D7681781.d.84D02ABF60AC63C6D885D89E1961E360.e.2462"}]}
RESULT: {"script":"<script> [8489 bytes]","args":[{"element-6066-11e4-a52e-4f735466cecf":"f.DBFB0E313060B6E614D077C1D7681781.d.84D02ABF60AC63C6D885D89E1961E360.e.2462","ELEMENT":"f.DBFB0E313060B6E614D077C1D7681781.d.84D02ABF60AC63C6D885D89E1961E360.e.2462"}]}
COMMAND: GET /session/d09bc8dff77367d024d5807c430cb6f4/element/f.DBFB0E313060B6E614D077C1D7681781.d.84D02ABF60AC63C6D885D89E1961E360.e.2462/enabled - {}
COMMAND: GET /session/d09bc8dff77367d024d5807c430cb6f4/screenshot - {}
RESULT: {}
COMMAND: POST /session/d09bc8dff77367d024d5807c430cb6f4/execute/sync - {"script":"<script> [8489 bytes]","args":[{"element-6066-11e4-a52e-4f735466cecf":"f.DBFB0E313060B6E614D077C1D7681781.d.84D02ABF60AC63C6D885D89E1961E360.e.2462","ELEMENT":"f.DBFB0E313060B6E614D077C1D7681781.d.84D02ABF60AC63C6D885D89E1961E360.e.2462"}]}
COMMAND: GET /session/d09bc8dff77367d024d5807c430cb6f4/screenshot - {}
RESULT: {}
RESULT: {"script":"<script> [8489 bytes]","args":[{"element-6066-11e4-a52e-4f735466cecf":"f.DBFB0E313060B6E614D077C1D7681781.d.84D02ABF60AC63C6D885D89E1961E360.e.2462","ELEMENT":"f.DBFB0E313060B6E614D077C1D7681781.d.84D02ABF60AC63C6D885D89E1961E360.e.2462"}]}
COMMAND: POST /session/d09bc8dff77367d024d5807c430cb6f4/execute/sync - {"script":"<script> [5351 bytes]","args":[{"element-6066-11e4-a52e-4f735466cecf":"f.DBFB0E313060B6E614D077C1D7681781.d.84D02ABF60AC63C6D885D89E1961E360.e.2462","ELEMENT":"f.DBFB0E313060B6E614D077C1D7681781.d.84D02ABF60AC63C6D885D89E1961E360.e.2462"}]}
COMMAND: GET /session/d09bc8dff77367d024d5807c430cb6f4/screenshot - {}
RESULT: {}
RESULT: {"script":"<script> [5351 bytes]","args":[{"element-6066-11e4-a52e-4f735466cecf":"f.DBFB0E313060B6E614D077C1D7681781.d.84D02ABF60AC63C6D885D89E1961E360.e.2462","ELEMENT":"f.DBFB0E313060B6E614D077C1D7681781.d.84D02ABF60AC63C6D885D89E1961E360.e.2462"}]}
COMMAND: POST /session/d09bc8dff77367d024d5807c430cb6f4/element/f.DBFB0E313060B6E614D077C1D7681781.d.84D02ABF60AC63C6D885D89E1961E360.e.2462/click - {}
COMMAND: GET /session/d09bc8dff77367d024d5807c430cb6f4/screenshot - {}
RESULT: {}
RESULT: {}
COMMAND: GET /session/d09bc8dff77367d024d5807c430cb6f4/screenshot - {}
RESULT: {}
RESULT: {}
COMMAND: POST /session/d09bc8dff77367d024d5807c430cb6f4/execute/async - {"script":"<script> [1562 bytes]","args":[{"selector":{"controlType":"sap.m.Title","viewName":"etm.portal.ui.managepricingrules.view.NewItem","viewId":"application-managepricingrules-display-component---newInfoPriceItem","properties":{"text":"New Pricing Rules - Item Level"}},"wdio_ui5_key":"etmportal.ui.managepricingrules.view.NewItemsap.m.Title{\"text\":\"New Pricing Rules - Item Level\"}"}]}
RESULT: {"script":"<script> [1562 bytes]","args":[{"selector":{"controlType":"sap.m.Title","viewName":"etm.portal.ui.managepricingrules.view.NewItem","viewId":"application-managepricingrules-display-component---newInfoPriceItem","properties":{"text":"New Pricing Rules - Item Level"}},"wdio_ui5_key":"etmportal.ui.managepricingrules.view.NewItemsap.m.Title{\"text\":\"New Pricing Rules - Item Level\"}"}]}
RESULT: undefined
COMMAND: POST /session/d09bc8dff77367d024d5807c430cb6f4/execute/async - {"script":"<script> [6424 bytes]","args":[{"element-6066-11e4-a52e-4f735466cecf":"f.DBFB0E313060B6E614D077C1D7681781.d.84D02ABF60AC63C6D885D89E1961E360.e.2748"},"getText",[]]}
RESULT: {"script":"<script> [6424 bytes]","args":[{"element-6066-11e4-a52e-4f735466cecf":"f.DBFB0E313060B6E614D077C1D7681781.d.84D02ABF60AC63C6D885D89E1961E360.e.2748"},"getText",[]]}
COMMAND: POST /session/d09bc8dff77367d024d5807c430cb6f4/execute/async - {"script":"<script> [1562 bytes]","args":[{"selector":{"id":"application-managepricingrules-display-component---newInfoPriceItem--condValidTo","interaction":{"idSuffix":"inner"}},"wdio_ui5_key":"applicationmanagepricingrules-display-component---newInfoPriceItem--condValidTo"}]}
RESULT: {"script":"<script> [1562 bytes]","args":[{"selector":{"id":"application-managepricingrules-display-component---newInfoPriceItem--condValidTo","interaction":{"idSuffix":"inner"}},"wdio_ui5_key":"applicationmanagepricingrules-display-component---newInfoPriceItem--condValidTo"}]}
RESULT: undefined
COMMAND: POST /session/d09bc8dff77367d024d5807c430cb6f4/execute/async - {"script":"<script> [776 bytes]","args":[{"enterText":"1/19/26","selector":{"id":"application-managepricingrules-display-component---newInfoPriceItem--condValidTo","interaction":{"idSuffix":"inner"}},"clearTextFirst":true,"interactionType":"ENTER_TEXT"}]}
RESULT: {"script":"<script> [776 bytes]","args":[{"enterText":"1/19/26","selector":{"id":"application-managepricingrules-display-component---newInfoPriceItem--condValidTo","interaction":{"idSuffix":"inner"}},"clearTextFirst":true,"interactionType":"ENTER_TEXT"}]}
COMMAND: POST /session/d09bc8dff77367d024d5807c430cb6f4/element - {"using":"xpath","value":"//input[@id=\"application-managepricingrules-display-component---newInfoPriceItem--condRU-inner\"]"}
RESULT: {"using":"xpath","value":"//input[@id=\"application-managepricingrules-display-component---newInfoPriceItem--condRU-inner\"]"}
COMMAND: POST /session/d09bc8dff77367d024d5807c430cb6f4/element/f.DBFB0E313060B6E614D077C1D7681781.d.84D02ABF60AC63C6D885D89E1961E360.e.2717/clear - {}
RESULT: {}
COMMAND: POST /session/d09bc8dff77367d024d5807c430cb6f4/element/f.DBFB0E313060B6E614D077C1D7681781.d.84D02ABF60AC63C6D885D89E1961E360.e.2717/value - {"text":"6nCffvrgjE"}
COMMAND: GET /session/d09bc8dff77367d024d5807c430cb6f4/screenshot - {}
RESULT: {"text":"6nCffvrgjE"}
COMMAND: GET /session/d09bc8dff77367d024d5807c430cb6f4/screenshot - {}
RESULT: {}
RESULT: {}
COMMAND: POST /session/d09bc8dff77367d024d5807c430cb6f4/execute/async - {"script":"<script> [1562 bytes]","args":[{"selector":{"id":"application-managepricingrules-display-component---newInfoPriceItem--billType-arrow"},"wdio_ui5_key":"applicationmanagepricingrules-display-component---newInfoPriceItem--billType-arrow"}]}
RESULT: {"script":"<script> [1562 bytes]","args":[{"selector":{"id":"application-managepricingrules-display-component---newInfoPriceItem--billType-arrow"},"wdio_ui5_key":"applicationmanagepricingrules-display-component---newInfoPriceItem--billType-arrow"}]}
RESULT: undefined
COMMAND: POST /session/d09bc8dff77367d024d5807c430cb6f4/element - {"using":"xpath","value":"//*[@id=\"application-managepricingrules-display-component---newInfoPriceItem--billType-arrow\"]"}
RESULT: {"using":"xpath","value":"//*[@id=\"application-managepricingrules-display-component---newInfoPriceItem--billType-arrow\"]"}
COMMAND: POST /session/d09bc8dff77367d024d5807c430cb6f4/element/f.DBFB0E313060B6E614D077C1D7681781.d.84D02ABF60AC63C6D885D89E1961E360.e.2809/click - {}
RESULT: {}
COMMAND: POST /session/d09bc8dff77367d024d5807c430cb6f4/element - {"using":"xpath","value":"//span[contains(text(), \"OT - Sales (one-time)\")]"}
COMMAND: GET /session/d09bc8dff77367d024d5807c430cb6f4/screenshot - {}
RESULT: {"using":"xpath","value":"//span[contains(text(), \"OT - Sales (one-time)\")]"}
COMMAND: POST /session/d09bc8dff77367d024d5807c430cb6f4/element/f.DBFB0E313060B6E614D077C1D7681781.d.84D02ABF60AC63C6D885D89E1961E360.e.2850/click - {}
RESULT: {}
RESULT: {}
COMMAND: POST /session/d09bc8dff77367d024d5807c430cb6f4/execute/async - {"script":"<script> [1562 bytes]","args":[{"selector":{"id":"application-managepricingrules-display-component---newInfoPriceItem--priceProc-arrow"},"wdio_ui5_key":"applicationmanagepricingrules-display-component---newInfoPriceItem--priceProc-arrow"}]}
COMMAND: GET /session/d09bc8dff77367d024d5807c430cb6f4/screenshot - {}
RESULT: {"script":"<script> [1562 bytes]","args":[{"selector":{"id":"application-managepricingrules-display-component---newInfoPriceItem--priceProc-arrow"},"wdio_ui5_key":"applicationmanagepricingrules-display-component---newInfoPriceItem--priceProc-arrow"}]}
RESULT: undefined
COMMAND: POST /session/d09bc8dff77367d024d5807c430cb6f4/element - {"using":"xpath","value":"//*[@id=\"application-managepricingrules-display-component---newInfoPriceItem--priceProc-arrow\"]"}
RESULT: {}
RESULT: {"using":"xpath","value":"//*[@id=\"application-managepricingrules-display-component---newInfoPriceItem--priceProc-arrow\"]"}
COMMAND: POST /session/d09bc8dff77367d024d5807c430cb6f4/element/f.DBFB0E313060B6E614D077C1D7681781.d.84D02ABF60AC63C6D885D89E1961E360.e.2816/click - {}
RESULT: {}
COMMAND: POST /session/d09bc8dff77367d024d5807c430cb6f4/element - {"using":"xpath","value":"//span[contains(text(), \"MAT - Material\")]"}
COMMAND: GET /session/d09bc8dff77367d024d5807c430cb6f4/screenshot - {}
RESULT: {"using":"xpath","value":"//span[contains(text(), \"MAT - Material\")]"}
COMMAND: POST /session/d09bc8dff77367d024d5807c430cb6f4/element/f.DBFB0E313060B6E614D077C1D7681781.d.84D02ABF60AC63C6D885D89E1961E360.e.2851/click - {}
RESULT: {}
RESULT: {}
COMMAND: POST /session/d09bc8dff77367d024d5807c430cb6f4/execute/async - {"script":"<script> [1562 bytes]","args":[{"selector":{"id":"application-managepricingrules-display-component---newInfoPriceItem--calcBase-arrow"},"wdio_ui5_key":"applicationmanagepricingrules-display-component---newInfoPriceItem--calcBase-arrow"}]}
COMMAND: GET /session/d09bc8dff77367d024d5807c430cb6f4/screenshot - {}
RESULT: {"script":"<script> [1562 bytes]","args":[{"selector":{"id":"application-managepricingrules-display-component---newInfoPriceItem--calcBase-arrow"},"wdio_ui5_key":"applicationmanagepricingrules-display-component---newInfoPriceItem--calcBase-arrow"}]}
RESULT: undefined
COMMAND: POST /session/d09bc8dff77367d024d5807c430cb6f4/element - {"using":"xpath","value":"//*[@id=\"application-managepricingrules-display-component---newInfoPriceItem--calcBase-arrow\"]"}
RESULT: {}
RESULT: {"using":"xpath","value":"//*[@id=\"application-managepricingrules-display-component---newInfoPriceItem--calcBase-arrow\"]"}
COMMAND: POST /session/d09bc8dff77367d024d5807c430cb6f4/element/f.DBFB0E313060B6E614D077C1D7681781.d.84D02ABF60AC63C6D885D89E1961E360.e.2823/click - {}
RESULT: {}
COMMAND: GET /session/d09bc8dff77367d024d5807c430cb6f4/screenshot - {}
RESULT: {}
COMMAND: POST /session/d09bc8dff77367d024d5807c430cb6f4/element - {"using":"xpath","value":"//span[contains(text(), \"0001 - TB(exact month + cal_days)\")]"}
RESULT: {"using":"xpath","value":"//span[contains(text(), \"0001 - TB(exact month + cal_days)\")]"}
COMMAND: POST /session/d09bc8dff77367d024d5807c430cb6f4/element/f.DBFB0E313060B6E614D077C1D7681781.d.84D02ABF60AC63C6D885D89E1961E360.e.2852/click - {}
RESULT: {}
COMMAND: GET /session/d09bc8dff77367d024d5807c430cb6f4/screenshot - {}
RESULT: {}
COMMAND: POST /session/d09bc8dff77367d024d5807c430cb6f4/element - {"using":"xpath","value":"//button[@data-kt=\"saveNewRuleButton\"]"}
RESULT: {"using":"xpath","value":"//button[@data-kt=\"saveNewRuleButton\"]"}
COMMAND: POST /session/d09bc8dff77367d024d5807c430cb6f4/element/f.DBFB0E313060B6E614D077C1D7681781.d.84D02ABF60AC63C6D885D89E1961E360.e.2843/click - {}
RESULT: {}
COMMAND: GET /session/d09bc8dff77367d024d5807c430cb6f4/screenshot - {}
RESULT: {}
COMMAND: POST /session/d09bc8dff77367d024d5807c430cb6f4/execute/async - {"script":"<script> [1562 bytes]","args":[{"selector":{"id":"application-managepricingrules-display-component---priceInfoItem--smartFilterBar-btnBasicSearch","interaction":{"idSuffix":"I"}},"wdio_ui5_key":"applicationmanagepricingrules-display-component---priceInfoItem--smartFilterBar-btnBasicSearch"}]}
RESULT: {"script":"<script> [1562 bytes]","args":[{"selector":{"id":"application-managepricingrules-display-component---priceInfoItem--smartFilterBar-btnBasicSearch","interaction":{"idSuffix":"I"}},"wdio_ui5_key":"applicationmanagepricingrules-display-component---priceInfoItem--smartFilterBar-btnBasicSearch"}]}
RESULT: undefined
COMMAND: POST /session/d09bc8dff77367d024d5807c430cb6f4/execute/async - {"script":"<script> [776 bytes]","args":[{"enterText":"6nCffvrgjE","selector":{"id":"application-managepricingrules-display-component---priceInfoItem--smartFilterBar-btnBasicSearch","interaction":{"idSuffix":"I"}},"clearTextFirst":true,"interactionType":"ENTER_TEXT"}]}
RESULT: {"script":"<script> [776 bytes]","args":[{"enterText":"6nCffvrgjE","selector":{"id":"application-managepricingrules-display-component---priceInfoItem--smartFilterBar-btnBasicSearch","interaction":{"idSuffix":"I"}},"clearTextFirst":true,"interactionType":"ENTER_TEXT"}]}
COMMAND: POST /session/d09bc8dff77367d024d5807c430cb6f4/actions - {"actions":[{"id":"action10","type":"key","parameters":{},"actions":[{"type":"keyDown","value":"î€‡"},{"type":"pause","duration":10},{"type":"keyUp","value":"î€‡"}]}]}
RESULT: {"actions":[{"id":"action10","type":"key","parameters":{},"actions":[{"type":"keyDown","value":"î€‡"},{"type":"pause","duration":10},{"type":"keyUp","value":"î€‡"}]}]}
COMMAND: GET /session/d09bc8dff77367d024d5807c430cb6f4/screenshot - {}
RESULT: {}
COMMAND: POST /session/d09bc8dff77367d024d5807c430cb6f4/element - {"using":"xpath","value":"//span[@id=\"application-managepricingrules-display-component---priceInfoItem--smartTable-header-inner\"]"}
RESULT: {"using":"xpath","value":"//span[@id=\"application-managepricingrules-display-component---priceInfoItem--smartTable-header-inner\"]"}
COMMAND: POST /session/d09bc8dff77367d024d5807c430cb6f4/elements - {"using":"xpath","value":"//span[@id=\"application-managepricingrules-display-component---priceInfoItem--smartTable-header-inner\"]"}
RESULT: {"using":"xpath","value":"//span[@id=\"application-managepricingrules-display-component---priceInfoItem--smartTable-header-inner\"]"}
COMMAND: POST /session/d09bc8dff77367d024d5807c430cb6f4/execute/sync - {"script":"<script> [56 bytes]","args":[{"element-6066-11e4-a52e-4f735466cecf":"f.DBFB0E313060B6E614D077C1D7681781.d.84D02ABF60AC63C6D885D89E1961E360.e.2871","ELEMENT":"f.DBFB0E313060B6E614D077C1D7681781.d.84D02ABF60AC63C6D885D89E1961E360.e.2871"}]}
RESULT: {"script":"<script> [56 bytes]","args":[{"element-6066-11e4-a52e-4f735466cecf":"f.DBFB0E313060B6E614D077C1D7681781.d.84D02ABF60AC63C6D885D89E1961E360.e.2871","ELEMENT":"f.DBFB0E313060B6E614D077C1D7681781.d.84D02ABF60AC63C6D885D89E1961E360.e.2871"}]}
COMMAND: POST /session/d09bc8dff77367d024d5807c430cb6f4/element - {"using":"css selector","value":"#shell-header-logo"}
COMMAND: GET /session/d09bc8dff77367d024d5807c430cb6f4/screenshot - {}
RESULT: {"using":"css selector","value":"#shell-header-logo"}
COMMAND: POST /session/d09bc8dff77367d024d5807c430cb6f4/element/f.DBFB0E313060B6E614D077C1D7681781.d.84D02ABF60AC63C6D885D89E1961E360.e.2368/click - {}
RESULT: {}
RESULT: {}
COMMAND: GET /session/d09bc8dff77367d024d5807c430cb6f4/screenshot - {}
RESULT: {}
COMMAND: POST /session/d09bc8dff77367d024d5807c430cb6f4/element - {"using":"css selector","value":"#j_username"}
COMMAND: POST /session/d09bc8dff77367d024d5807c430cb6f4/url - {"url":"https://qa-testing-00-live-etm-ui.cfapps.eu10-004.hana.ondemand.com/"}
RESULT: {"using":"css selector","value":"#j_username"}
COMMAND: POST /session/d09bc8dff77367d024d5807c430cb6f4/element - {"using":"css selector","value":"#j_username"}
RESULT: {"url":"https://qa-testing-00-live-etm-ui.cfapps.eu10-004.hana.ondemand.com/"}
RESULT: undefined
COMMAND: GET /session/d09bc8dff77367d024d5807c430cb6f4/screenshot - {}
RESULT: {"using":"css selector","value":"#j_username"}
COMMAND: POST /session/d09bc8dff77367d024d5807c430cb6f4/element - {"using":"css selector","value":"#shell-header-logo"}
RESULT: {}
RESULT: {"using":"css selector","value":"#shell-header-logo"}
COMMAND: POST /session/d09bc8dff77367d024d5807c430cb6f4/execute/sync - {"script":"<script> [8489 bytes]","args":[{"element-6066-11e4-a52e-4f735466cecf":"f.DBFB0E313060B6E614D077C1D7681781.d.18CAD4D314380870F10DAF92FB118006.e.2885","ELEMENT":"f.DBFB0E313060B6E614D077C1D7681781.d.18CAD4D314380870F10DAF92FB118006.e.2885"}]}
RESULT: {"script":"<script> [8489 bytes]","args":[{"element-6066-11e4-a52e-4f735466cecf":"f.DBFB0E313060B6E614D077C1D7681781.d.18CAD4D314380870F10DAF92FB118006.e.2885","ELEMENT":"f.DBFB0E313060B6E614D077C1D7681781.d.18CAD4D314380870F10DAF92FB118006.e.2885"}]}
COMMAND: POST /session/d09bc8dff77367d024d5807c430cb6f4/element - {"using":"css selector","value":"#shell-header-logo"}
COMMAND: GET /session/d09bc8dff77367d024d5807c430cb6f4/screenshot - {}
RESULT: {"using":"css selector","value":"#shell-header-logo"}
COMMAND: POST /session/d09bc8dff77367d024d5807c430cb6f4/execute/sync - {"script":"<script> [8489 bytes]","args":[{"element-6066-11e4-a52e-4f735466cecf":"f.DBFB0E313060B6E614D077C1D7681781.d.18CAD4D314380870F10DAF92FB118006.e.2885","ELEMENT":"f.DBFB0E313060B6E614D077C1D7681781.d.18CAD4D314380870F10DAF92FB118006.e.2885"}]}
RESULT: {}
RESULT: {"script":"<script> [8489 bytes]","args":[{"element-6066-11e4-a52e-4f735466cecf":"f.DBFB0E313060B6E614D077C1D7681781.d.18CAD4D314380870F10DAF92FB118006.e.2885","ELEMENT":"f.DBFB0E313060B6E614D077C1D7681781.d.18CAD4D314380870F10DAF92FB118006.e.2885"}]}
COMMAND: POST /session/d09bc8dff77367d024d5807c430cb6f4/execute/sync - {"script":"<script> [5351 bytes]","args":[{"element-6066-11e4-a52e-4f735466cecf":"f.DBFB0E313060B6E614D077C1D7681781.d.18CAD4D314380870F10DAF92FB118006.e.2885","ELEMENT":"f.DBFB0E313060B6E614D077C1D7681781.d.18CAD4D314380870F10DAF92FB118006.e.2885"}]}
COMMAND: GET /session/d09bc8dff77367d024d5807c430cb6f4/screenshot - {}
RESULT: {"script":"<script> [5351 bytes]","args":[{"element-6066-11e4-a52e-4f735466cecf":"f.DBFB0E313060B6E614D077C1D7681781.d.18CAD4D314380870F10DAF92FB118006.e.2885","ELEMENT":"f.DBFB0E313060B6E614D077C1D7681781.d.18CAD4D314380870F10DAF92FB118006.e.2885"}]}
COMMAND: POST /session/d09bc8dff77367d024d5807c430cb6f4/element - {"using":"css selector","value":"#shell-header-logo"}
COMMAND: GET /session/d09bc8dff77367d024d5807c430cb6f4/screenshot - {}
RESULT: {}
RESULT: {"using":"css selector","value":"#shell-header-logo"}
COMMAND: POST /session/d09bc8dff77367d024d5807c430cb6f4/element/f.DBFB0E313060B6E614D077C1D7681781.d.18CAD4D314380870F10DAF92FB118006.e.2885/click - {}
RESULT: {}
RESULT: {}
COMMAND: GET /session/d09bc8dff77367d024d5807c430cb6f4/screenshot - {}
RESULT: {}
COMMAND: POST /session/d09bc8dff77367d024d5807c430cb6f4/execute/async - {"script":"<script> [189 bytes]","args":[]}
RESULT: {"script":"<script> [189 bytes]","args":[]}
COMMAND: POST /session/d09bc8dff77367d024d5807c430cb6f4/execute/async - {"script":"<script> [123 bytes]","args":[]}
RESULT: {"script":"<script> [123 bytes]","args":[]}
COMMAND: POST /session/d09bc8dff77367d024d5807c430cb6f4/timeouts - {"script":"<number>"}
RESULT: {"script":"<number>"}
COMMAND: GET /session/d09bc8dff77367d024d5807c430cb6f4/timeouts - {}
RESULT: {}
RESULT: undefined
COMMAND: POST /session/d09bc8dff77367d024d5807c430cb6f4/execute/async - {"script":"<script> [2676 bytes]","args":[]}
RESULT: {"script":"<script> [2676 bytes]","args":[]}
COMMAND: POST /session/d09bc8dff77367d024d5807c430cb6f4/execute/async - {"script":"<script> [2342 bytes]","args":[{"protocol":"http","hostname":"0.0.0.0","path":"/","capabilities":{"browserName":"chrome","goog:chromeOptions":{"binary":"C:\\Program Files\\Google\\Chrome\\Application\\chrome.exe","args":["--start-maximized"]}},"logLevel":"warn","connectionRetryTimeout":120000,"connectionRetryCount":3,"logLevels":{},"enableDirectConnect":true,"strictSSL":true,"_":"65 more keys: [\"cacheDir\",\"port\",\"requestedCapabilities\",\"automationProtocol\",\"baseUrl\",\"waitforInterval\",\"waitforTimeout\",\"onReload\",\"beforeCommand\",\"afterCommand\",\"rootDir\",\"specs\",\"suites\",\"exclude\",\"groupLogsByTestSpec\",\"excludeDriverLogs\",\"bail\",\"framework\",\"reporters\",\"services\",\"maxInstances\",\"maxInstancesPerCapability\",\"injectGlobals\",\"filesToWatch\",\"execArgv\",\"runnerEnv\",\"runner\",\"shard\",\"specFileRetries\",\"specFileRetriesDelay\",\"specFileRetriesDeferred\",\"reporterSyncInterval\",\"reporterSyncTimeout\",\"cucumberFeaturesWithLineNumbers\",\"autoCompileOpts\",\"mochaOpts\",\"jasmineOpts\",\"cucumberOpts\",\"onPrepare\",\"onWorkerStart\",\"onWorkerEnd\",\"before\",\"beforeSession\",\"beforeSuite\",\"beforeHook\",\"beforeTest\",\"afterTest\",\"afterHook\",\"afterSuite\",\"afterSession\",\"after\",\"onComplete\",\"beforeAssertion\",\"afterAssertion\",\"beforeFeature\",\"beforeScenario\",\"beforeStep\",\"afterStep\",\"afterScenario\",\"afterFeature\",\"_\",\"suite\",\"$0\",\"ignoredWorkerServices\",\"wdi5\"]"}]}
RESULT: {"script":"<script> [2342 bytes]","args":[{"protocol":"http","hostname":"0.0.0.0","path":"/","capabilities":{"browserName":"chrome","goog:chromeOptions":{"binary":"C:\\Program Files\\Google\\Chrome\\Application\\chrome.exe","args":["--start-maximized"]}},"logLevel":"warn","connectionRetryTimeout":120000,"connectionRetryCount":3,"logLevels":{},"enableDirectConnect":true,"strictSSL":true,"_":"65 more keys: [\"cacheDir\",\"port\",\"requestedCapabilities\",\"automationProtocol\",\"baseUrl\",\"waitforInterval\",\"waitforTimeout\",\"onReload\",\"beforeCommand\",\"afterCommand\",\"rootDir\",\"specs\",\"suites\",\"exclude\",\"groupLogsByTestSpec\",\"excludeDriverLogs\",\"bail\",\"framework\",\"reporters\",\"services\",\"maxInstances\",\"maxInstancesPerCapability\",\"injectGlobals\",\"filesToWatch\",\"execArgv\",\"runnerEnv\",\"runner\",\"shard\",\"specFileRetries\",\"specFileRetriesDelay\",\"specFileRetriesDeferred\",\"reporterSyncInterval\",\"reporterSyncTimeout\",\"cucumberFeaturesWithLineNumbers\",\"autoCompileOpts\",\"mochaOpts\",\"jasmineOpts\",\"cucumberOpts\",\"onPrepare\",\"onWorkerStart\",\"onWorkerEnd\",\"before\",\"beforeSession\",\"beforeSuite\",\"beforeHook\",\"beforeTest\",\"afterTest\",\"afterHook\",\"afterSuite\",\"afterSession\",\"after\",\"onComplete\",\"beforeAssertion\",\"afterAssertion\",\"beforeFeature\",\"beforeScenario\",\"beforeStep\",\"afterStep\",\"afterScenario\",\"afterFeature\",\"_\",\"suite\",\"$0\",\"ignoredWorkerServices\",\"wdi5\"]"}]}
COMMAND: POST /session/d09bc8dff77367d024d5807c430cb6f4/execute/async - {"script":"<script> [21126 bytes]","args":[35000]}
RESULT: {"script":"<script> [21126 bytes]","args":[35000]}
COMMAND: POST /session/d09bc8dff77367d024d5807c430cb6f4/window/maximize - {}
RESULT: {}
COMMAND: POST /session/d09bc8dff77367d024d5807c430cb6f4/execute/async - {"script":"<script> [1562 bytes]","args":[{"selector":{"id":"shell-header","interaction":{"idSuffix":"icon"}},"wdio_ui5_key":"shellheader"}]}
COMMAND: GET /session/d09bc8dff77367d024d5807c430cb6f4/screenshot - {}
RESULT: {"script":"<script> [1562 bytes]","args":[{"selector":{"id":"shell-header","interaction":{"idSuffix":"icon"}},"wdio_ui5_key":"shellheader"}]}
RESULT: undefined
COMMAND: POST /session/d09bc8dff77367d024d5807c430cb6f4/refresh - {}
RESULT: {}
RESULT: {}
COMMAND: GET /session/d09bc8dff77367d024d5807c430cb6f4/screenshot - {}
RESULT: {}
COMMAND: POST /session/d09bc8dff77367d024d5807c430cb6f4/refresh - {}
RESULT: {}
COMMAND: GET /session/d09bc8dff77367d024d5807c430cb6f4/screenshot - {}
RESULT: {}
COMMAND: POST /session/d09bc8dff77367d024d5807c430cb6f4/window/fullscreen - {}
RESULT: {}
COMMAND: POST /session/d09bc8dff77367d024d5807c430cb6f4/execute/async - {"script":"<script> [189 bytes]","args":[]}
RESULT: {"script":"<script> [189 bytes]","args":[]}
COMMAND: POST /session/d09bc8dff77367d024d5807c430cb6f4/execute/async - {"script":"<script> [123 bytes]","args":[]}
RESULT: {"script":"<script> [123 bytes]","args":[]}
COMMAND: POST /session/d09bc8dff77367d024d5807c430cb6f4/timeouts - {"script":"<number>"}
RESULT: {"script":"<number>"}
COMMAND: GET /session/d09bc8dff77367d024d5807c430cb6f4/timeouts - {}
RESULT: {}
RESULT: undefined
COMMAND: POST /session/d09bc8dff77367d024d5807c430cb6f4/execute/async - {"script":"<script> [2676 bytes]","args":[]}
RESULT: {"script":"<script> [2676 bytes]","args":[]}
COMMAND: POST /session/d09bc8dff77367d024d5807c430cb6f4/execute/async - {"script":"<script> [2342 bytes]","args":[{"protocol":"http","hostname":"0.0.0.0","path":"/","capabilities":{"browserName":"chrome","goog:chromeOptions":{"binary":"C:\\Program Files\\Google\\Chrome\\Application\\chrome.exe","args":["--start-maximized"]}},"logLevel":"warn","connectionRetryTimeout":120000,"connectionRetryCount":3,"logLevels":{},"enableDirectConnect":true,"strictSSL":true,"_":"65 more keys: [\"cacheDir\",\"port\",\"requestedCapabilities\",\"automationProtocol\",\"baseUrl\",\"waitforInterval\",\"waitforTimeout\",\"onReload\",\"beforeCommand\",\"afterCommand\",\"rootDir\",\"specs\",\"suites\",\"exclude\",\"groupLogsByTestSpec\",\"excludeDriverLogs\",\"bail\",\"framework\",\"reporters\",\"services\",\"maxInstances\",\"maxInstancesPerCapability\",\"injectGlobals\",\"filesToWatch\",\"execArgv\",\"runnerEnv\",\"runner\",\"shard\",\"specFileRetries\",\"specFileRetriesDelay\",\"specFileRetriesDeferred\",\"reporterSyncInterval\",\"reporterSyncTimeout\",\"cucumberFeaturesWithLineNumbers\",\"autoCompileOpts\",\"mochaOpts\",\"jasmineOpts\",\"cucumberOpts\",\"onPrepare\",\"onWorkerStart\",\"onWorkerEnd\",\"before\",\"beforeSession\",\"beforeSuite\",\"beforeHook\",\"beforeTest\",\"afterTest\",\"afterHook\",\"afterSuite\",\"afterSession\",\"after\",\"onComplete\",\"beforeAssertion\",\"afterAssertion\",\"beforeFeature\",\"beforeScenario\",\"beforeStep\",\"afterStep\",\"afterScenario\",\"afterFeature\",\"_\",\"suite\",\"$0\",\"ignoredWorkerServices\",\"wdi5\"]"}]}
RESULT: {"script":"<script> [2342 bytes]","args":[{"protocol":"http","hostname":"0.0.0.0","path":"/","capabilities":{"browserName":"chrome","goog:chromeOptions":{"binary":"C:\\Program Files\\Google\\Chrome\\Application\\chrome.exe","args":["--start-maximized"]}},"logLevel":"warn","connectionRetryTimeout":120000,"connectionRetryCount":3,"logLevels":{},"enableDirectConnect":true,"strictSSL":true,"_":"65 more keys: [\"cacheDir\",\"port\",\"requestedCapabilities\",\"automationProtocol\",\"baseUrl\",\"waitforInterval\",\"waitforTimeout\",\"onReload\",\"beforeCommand\",\"afterCommand\",\"rootDir\",\"specs\",\"suites\",\"exclude\",\"groupLogsByTestSpec\",\"excludeDriverLogs\",\"bail\",\"framework\",\"reporters\",\"services\",\"maxInstances\",\"maxInstancesPerCapability\",\"injectGlobals\",\"filesToWatch\",\"execArgv\",\"runnerEnv\",\"runner\",\"shard\",\"specFileRetries\",\"specFileRetriesDelay\",\"specFileRetriesDeferred\",\"reporterSyncInterval\",\"reporterSyncTimeout\",\"cucumberFeaturesWithLineNumbers\",\"autoCompileOpts\",\"mochaOpts\",\"jasmineOpts\",\"cucumberOpts\",\"onPrepare\",\"onWorkerStart\",\"onWorkerEnd\",\"before\",\"beforeSession\",\"beforeSuite\",\"beforeHook\",\"beforeTest\",\"afterTest\",\"afterHook\",\"afterSuite\",\"afterSession\",\"after\",\"onComplete\",\"beforeAssertion\",\"afterAssertion\",\"beforeFeature\",\"beforeScenario\",\"beforeStep\",\"afterStep\",\"afterScenario\",\"afterFeature\",\"_\",\"suite\",\"$0\",\"ignoredWorkerServices\",\"wdi5\"]"}]}
COMMAND: POST /session/d09bc8dff77367d024d5807c430cb6f4/execute/async - {"script":"<script> [21126 bytes]","args":[35000]}
RESULT: {"script":"<script> [21126 bytes]","args":[35000]}
]]></system-out>
    </testcase>
  </testsuite>
  <testsuite timestamp="2025-05-19T17:08:47" time="519.79" tests="6" failures="0" errors="0" skipped="0">
    <properties>
      <property name="specId" value="0" />
      <property name="suiteName" value="Edit and delete daily price US134629 US134627" />
      <property name="capabilities" value="chrome.136_0_7103_93.windows" />
      <property name="file" value="file:///D:/a/1/s/test/specs/BTS/conditions-prices-daily-price.spec.js" />
    </properties>
    <testcase classname="chrome.136_0_7103_93.windows.Edit_and_delete_daily_price_US134629_US134627" name="Should create a new yard used for all following tests" time="0.031">
      <system-out><![CDATA[
COMMAND: POST /session/d09bc8dff77367d024d5807c430cb6f4/window/fullscreen - {}
RESULT: {}
]]></system-out>
    </testcase>
    <testcase classname="chrome.136_0_7103_93.windows.Edit_and_delete_daily_price_US134629_US134627" name="Should create a new partner" time="155.314">
      <system-out><![CDATA[
COMMAND: POST /session/d09bc8dff77367d024d5807c430cb6f4/window/fullscreen - {}
RESULT: {}
COMMAND: POST /session/d09bc8dff77367d024d5807c430cb6f4/execute/async - {"script":"<script> [1562 bytes]","args":[{"selector":{"controlType":"sap.m.GenericTile","properties":{"header":"Manage Partners"}},"wdio_ui5_key":"sapm.GenericTile{\"header\":\"Manage Partners\"}"}]}
RESULT: {"script":"<script> [1562 bytes]","args":[{"selector":{"controlType":"sap.m.GenericTile","properties":{"header":"Manage Partners"}},"wdio_ui5_key":"sapm.GenericTile{\"header\":\"Manage Partners\"}"}]}
RESULT: undefined
COMMAND: POST /session/d09bc8dff77367d024d5807c430cb6f4/element - {"using":"xpath","value":"//*[@id=\"__tile38\"]"}
RESULT: {"using":"xpath","value":"//*[@id=\"__tile38\"]"}
COMMAND: POST /session/d09bc8dff77367d024d5807c430cb6f4/element/f.DBFB0E313060B6E614D077C1D7681781.d.355862DD4E75D839F366B92AC8A12285.e.3045/click - {}
RESULT: {}
COMMAND: GET /session/d09bc8dff77367d024d5807c430cb6f4/screenshot - {}
RESULT: {}
COMMAND: POST /session/d09bc8dff77367d024d5807c430cb6f4/elements - {"using":"xpath","value":"//span[text()='Error']"}
RESULT: {"using":"xpath","value":"//span[text()='Error']"}
COMMAND: POST /session/d09bc8dff77367d024d5807c430cb6f4/element - {"using":"xpath","value":"//button[@data-kt=\"addButton\"]"}
RESULT: {"using":"xpath","value":"//button[@data-kt=\"addButton\"]"}
COMMAND: POST /session/d09bc8dff77367d024d5807c430cb6f4/elements - {"using":"xpath","value":"//button[@data-kt=\"addButton\"]"}
RESULT: {"using":"xpath","value":"//button[@data-kt=\"addButton\"]"}
COMMAND: POST /session/d09bc8dff77367d024d5807c430cb6f4/elements - {"using":"xpath","value":"//button[@data-kt=\"addButton\"]"}
RESULT: {"using":"xpath","value":"//button[@data-kt=\"addButton\"]"}
COMMAND: POST /session/d09bc8dff77367d024d5807c430cb6f4/elements - {"using":"xpath","value":"//button[@data-kt=\"addButton\"]"}
RESULT: {"using":"xpath","value":"//button[@data-kt=\"addButton\"]"}
COMMAND: POST /session/d09bc8dff77367d024d5807c430cb6f4/elements - {"using":"xpath","value":"//button[@data-kt=\"addButton\"]"}
RESULT: {"using":"xpath","value":"//button[@data-kt=\"addButton\"]"}
COMMAND: POST /session/d09bc8dff77367d024d5807c430cb6f4/elements - {"using":"xpath","value":"//button[@data-kt=\"addButton\"]"}
RESULT: {"using":"xpath","value":"//button[@data-kt=\"addButton\"]"}
COMMAND: POST /session/d09bc8dff77367d024d5807c430cb6f4/elements - {"using":"xpath","value":"//button[@data-kt=\"addButton\"]"}
RESULT: {"using":"xpath","value":"//button[@data-kt=\"addButton\"]"}
COMMAND: POST /session/d09bc8dff77367d024d5807c430cb6f4/elements - {"using":"xpath","value":"//button[@data-kt=\"addButton\"]"}
RESULT: {"using":"xpath","value":"//button[@data-kt=\"addButton\"]"}
COMMAND: POST /session/d09bc8dff77367d024d5807c430cb6f4/elements - {"using":"xpath","value":"//button[@data-kt=\"addButton\"]"}
RESULT: {"using":"xpath","value":"//button[@data-kt=\"addButton\"]"}
COMMAND: POST /session/d09bc8dff77367d024d5807c430cb6f4/elements - {"using":"xpath","value":"//button[@data-kt=\"addButton\"]"}
RESULT: {"using":"xpath","value":"//button[@data-kt=\"addButton\"]"}
COMMAND: POST /session/d09bc8dff77367d024d5807c430cb6f4/elements - {"using":"xpath","value":"//button[@data-kt=\"addButton\"]"}
RESULT: {"using":"xpath","value":"//button[@data-kt=\"addButton\"]"}
COMMAND: POST /session/d09bc8dff77367d024d5807c430cb6f4/elements - {"using":"xpath","value":"//button[@data-kt=\"addButton\"]"}
RESULT: {"using":"xpath","value":"//button[@data-kt=\"addButton\"]"}
COMMAND: POST /session/d09bc8dff77367d024d5807c430cb6f4/elements - {"using":"xpath","value":"//button[@data-kt=\"addButton\"]"}
RESULT: {"using":"xpath","value":"//button[@data-kt=\"addButton\"]"}
COMMAND: POST /session/d09bc8dff77367d024d5807c430cb6f4/elements - {"using":"xpath","value":"//button[@data-kt=\"addButton\"]"}
RESULT: {"using":"xpath","value":"//button[@data-kt=\"addButton\"]"}
COMMAND: POST /session/d09bc8dff77367d024d5807c430cb6f4/elements - {"using":"xpath","value":"//button[@data-kt=\"addButton\"]"}
RESULT: {"using":"xpath","value":"//button[@data-kt=\"addButton\"]"}
COMMAND: POST /session/d09bc8dff77367d024d5807c430cb6f4/elements - {"using":"xpath","value":"//button[@data-kt=\"addButton\"]"}
RESULT: {"using":"xpath","value":"//button[@data-kt=\"addButton\"]"}
COMMAND: POST /session/d09bc8dff77367d024d5807c430cb6f4/elements - {"using":"xpath","value":"//button[@data-kt=\"addButton\"]"}
RESULT: {"using":"xpath","value":"//button[@data-kt=\"addButton\"]"}
COMMAND: POST /session/d09bc8dff77367d024d5807c430cb6f4/elements - {"using":"xpath","value":"//button[@data-kt=\"addButton\"]"}
RESULT: {"using":"xpath","value":"//button[@data-kt=\"addButton\"]"}
COMMAND: POST /session/d09bc8dff77367d024d5807c430cb6f4/element - {"using":"xpath","value":"//button[@data-kt=\"addButton\"]"}
RESULT: {"using":"xpath","value":"//button[@data-kt=\"addButton\"]"}
COMMAND: POST /session/d09bc8dff77367d024d5807c430cb6f4/execute/sync - {"script":"<script> [8489 bytes]","args":[{"element-6066-11e4-a52e-4f735466cecf":"f.DBFB0E313060B6E614D077C1D7681781.d.355862DD4E75D839F366B92AC8A12285.e.3194","ELEMENT":"f.DBFB0E313060B6E614D077C1D7681781.d.355862DD4E75D839F366B92AC8A12285.e.3194"}]}
RESULT: {"script":"<script> [8489 bytes]","args":[{"element-6066-11e4-a52e-4f735466cecf":"f.DBFB0E313060B6E614D077C1D7681781.d.355862DD4E75D839F366B92AC8A12285.e.3194","ELEMENT":"f.DBFB0E313060B6E614D077C1D7681781.d.355862DD4E75D839F366B92AC8A12285.e.3194"}]}
COMMAND: GET /session/d09bc8dff77367d024d5807c430cb6f4/element/f.DBFB0E313060B6E614D077C1D7681781.d.355862DD4E75D839F366B92AC8A12285.e.3194/enabled - {}
COMMAND: GET /session/d09bc8dff77367d024d5807c430cb6f4/screenshot - {}
RESULT: {}
RESULT: {}
COMMAND: POST /session/d09bc8dff77367d024d5807c430cb6f4/execute/sync - {"script":"<script> [8489 bytes]","args":[{"element-6066-11e4-a52e-4f735466cecf":"f.DBFB0E313060B6E614D077C1D7681781.d.355862DD4E75D839F366B92AC8A12285.e.3194","ELEMENT":"f.DBFB0E313060B6E614D077C1D7681781.d.355862DD4E75D839F366B92AC8A12285.e.3194"}]}
COMMAND: GET /session/d09bc8dff77367d024d5807c430cb6f4/screenshot - {}
RESULT: {"script":"<script> [8489 bytes]","args":[{"element-6066-11e4-a52e-4f735466cecf":"f.DBFB0E313060B6E614D077C1D7681781.d.355862DD4E75D839F366B92AC8A12285.e.3194","ELEMENT":"f.DBFB0E313060B6E614D077C1D7681781.d.355862DD4E75D839F366B92AC8A12285.e.3194"}]}
COMMAND: POST /session/d09bc8dff77367d024d5807c430cb6f4/execute/sync - {"script":"<script> [5351 bytes]","args":[{"element-6066-11e4-a52e-4f735466cecf":"f.DBFB0E313060B6E614D077C1D7681781.d.355862DD4E75D839F366B92AC8A12285.e.3194","ELEMENT":"f.DBFB0E313060B6E614D077C1D7681781.d.355862DD4E75D839F366B92AC8A12285.e.3194"}]}
COMMAND: GET /session/d09bc8dff77367d024d5807c430cb6f4/screenshot - {}
RESULT: {}
RESULT: {"script":"<script> [5351 bytes]","args":[{"element-6066-11e4-a52e-4f735466cecf":"f.DBFB0E313060B6E614D077C1D7681781.d.355862DD4E75D839F366B92AC8A12285.e.3194","ELEMENT":"f.DBFB0E313060B6E614D077C1D7681781.d.355862DD4E75D839F366B92AC8A12285.e.3194"}]}
COMMAND: POST /session/d09bc8dff77367d024d5807c430cb6f4/element/f.DBFB0E313060B6E614D077C1D7681781.d.355862DD4E75D839F366B92AC8A12285.e.3194/click - {}
COMMAND: GET /session/d09bc8dff77367d024d5807c430cb6f4/screenshot - {}
RESULT: {}
RESULT: {}
COMMAND: GET /session/d09bc8dff77367d024d5807c430cb6f4/screenshot - {}
COMMAND: POST /session/d09bc8dff77367d024d5807c430cb6f4/execute/async - {"script":"<script> [1562 bytes]","args":[{"selector":{"id":"application-managepartners-display-component---NewPartner--addressDetailDetailsName1","interaction":{"idSuffix":"inner"}},"wdio_ui5_key":"applicationmanagepartners-display-component---NewPartner--addressDetailDetailsName1"}]}
RESULT: {}
RESULT: {}
RESULT: {"script":"<script> [1562 bytes]","args":[{"selector":{"id":"application-managepartners-display-component---NewPartner--addressDetailDetailsName1","interaction":{"idSuffix":"inner"}},"wdio_ui5_key":"applicationmanagepartners-display-component---NewPartner--addressDetailDetailsName1"}]}
RESULT: undefined
COMMAND: POST /session/d09bc8dff77367d024d5807c430cb6f4/execute/async - {"script":"<script> [776 bytes]","args":[{"enterText":"DailyPrice Partner WDIO","selector":{"id":"application-managepartners-display-component---NewPartner--addressDetailDetailsName1","interaction":{"idSuffix":"inner"}},"clearTextFirst":true,"interactionType":"ENTER_TEXT"}]}
RESULT: {"script":"<script> [776 bytes]","args":[{"enterText":"DailyPrice Partner WDIO","selector":{"id":"application-managepartners-display-component---NewPartner--addressDetailDetailsName1","interaction":{"idSuffix":"inner"}},"clearTextFirst":true,"interactionType":"ENTER_TEXT"}]}
COMMAND: POST /session/d09bc8dff77367d024d5807c430cb6f4/execute/async - {"script":"<script> [1562 bytes]","args":[{"selector":{"id":"application-managepartners-display-component---NewPartner--addressDetailDetailsLanguage-arrow"},"wdio_ui5_key":"applicationmanagepartners-display-component---NewPartner--addressDetailDetailsLanguage-arrow"}]}
RESULT: {"script":"<script> [1562 bytes]","args":[{"selector":{"id":"application-managepartners-display-component---NewPartner--addressDetailDetailsLanguage-arrow"},"wdio_ui5_key":"applicationmanagepartners-display-component---NewPartner--addressDetailDetailsLanguage-arrow"}]}
RESULT: undefined
COMMAND: POST /session/d09bc8dff77367d024d5807c430cb6f4/element - {"using":"xpath","value":"//*[@id=\"application-managepartners-display-component---NewPartner--addressDetailDetailsLanguage-arrow\"]"}
RESULT: {"using":"xpath","value":"//*[@id=\"application-managepartners-display-component---NewPartner--addressDetailDetailsLanguage-arrow\"]"}
COMMAND: POST /session/d09bc8dff77367d024d5807c430cb6f4/element/f.DBFB0E313060B6E614D077C1D7681781.d.355862DD4E75D839F366B92AC8A12285.e.3652/click - {}
RESULT: {}
COMMAND: POST /session/d09bc8dff77367d024d5807c430cb6f4/element - {"using":"xpath","value":"//span[contains(text(), \"English\")]"}
COMMAND: GET /session/d09bc8dff77367d024d5807c430cb6f4/screenshot - {}
RESULT: {}
RESULT: {"using":"xpath","value":"//span[contains(text(), \"English\")]"}
COMMAND: POST /session/d09bc8dff77367d024d5807c430cb6f4/element/f.DBFB0E313060B6E614D077C1D7681781.d.355862DD4E75D839F366B92AC8A12285.e.3653/click - {}
RESULT: {}
COMMAND: GET /session/d09bc8dff77367d024d5807c430cb6f4/screenshot - {}
RESULT: {}
COMMAND: POST /session/d09bc8dff77367d024d5807c430cb6f4/execute/async - {"script":"<script> [1562 bytes]","args":[{"selector":{"id":"application-managepartners-display-component---NewPartner--addressDetailDetailsCity1","interaction":{"idSuffix":"inner"}},"wdio_ui5_key":"applicationmanagepartners-display-component---NewPartner--addressDetailDetailsCity1"}]}
RESULT: {"script":"<script> [1562 bytes]","args":[{"selector":{"id":"application-managepartners-display-component---NewPartner--addressDetailDetailsCity1","interaction":{"idSuffix":"inner"}},"wdio_ui5_key":"applicationmanagepartners-display-component---NewPartner--addressDetailDetailsCity1"}]}
RESULT: undefined
COMMAND: POST /session/d09bc8dff77367d024d5807c430cb6f4/execute/async - {"script":"<script> [776 bytes]","args":[{"enterText":"Rosario","selector":{"id":"application-managepartners-display-component---NewPartner--addressDetailDetailsCity1","interaction":{"idSuffix":"inner"}},"clearTextFirst":true,"interactionType":"ENTER_TEXT"}]}
RESULT: {"script":"<script> [776 bytes]","args":[{"enterText":"Rosario","selector":{"id":"application-managepartners-display-component---NewPartner--addressDetailDetailsCity1","interaction":{"idSuffix":"inner"}},"clearTextFirst":true,"interactionType":"ENTER_TEXT"}]}
COMMAND: POST /session/d09bc8dff77367d024d5807c430cb6f4/execute/async - {"script":"<script> [1562 bytes]","args":[{"selector":{"id":"application-managepartners-display-component---NewPartner--addressDetailDetailsCountry-arrow"},"wdio_ui5_key":"applicationmanagepartners-display-component---NewPartner--addressDetailDetailsCountry-arrow"}]}
RESULT: {"script":"<script> [1562 bytes]","args":[{"selector":{"id":"application-managepartners-display-component---NewPartner--addressDetailDetailsCountry-arrow"},"wdio_ui5_key":"applicationmanagepartners-display-component---NewPartner--addressDetailDetailsCountry-arrow"}]}
RESULT: undefined
COMMAND: POST /session/d09bc8dff77367d024d5807c430cb6f4/element - {"using":"xpath","value":"//*[@id=\"application-managepartners-display-component---NewPartner--addressDetailDetailsCountry-arrow\"]"}
RESULT: {"using":"xpath","value":"//*[@id=\"application-managepartners-display-component---NewPartner--addressDetailDetailsCountry-arrow\"]"}
COMMAND: POST /session/d09bc8dff77367d024d5807c430cb6f4/element/f.DBFB0E313060B6E614D077C1D7681781.d.355862DD4E75D839F366B92AC8A12285.e.3639/click - {}
RESULT: {}
COMMAND: POST /session/d09bc8dff77367d024d5807c430cb6f4/element - {"using":"xpath","value":"//span[contains(text(), \"Argentina\")]"}
COMMAND: GET /session/d09bc8dff77367d024d5807c430cb6f4/screenshot - {}
RESULT: {"using":"xpath","value":"//span[contains(text(), \"Argentina\")]"}
COMMAND: POST /session/d09bc8dff77367d024d5807c430cb6f4/element/f.DBFB0E313060B6E614D077C1D7681781.d.355862DD4E75D839F366B92AC8A12285.e.3655/click - {}
RESULT: {}
RESULT: {}
COMMAND: GET /session/d09bc8dff77367d024d5807c430cb6f4/screenshot - {}
RESULT: {}
COMMAND: POST /session/d09bc8dff77367d024d5807c430cb6f4/element - {"using":"xpath","value":"//bdi[contains(text(), \"Commercial\")]"}
RESULT: {"using":"xpath","value":"//bdi[contains(text(), \"Commercial\")]"}
COMMAND: POST /session/d09bc8dff77367d024d5807c430cb6f4/element/f.DBFB0E313060B6E614D077C1D7681781.d.355862DD4E75D839F366B92AC8A12285.e.3656/click - {}
RESULT: {}
COMMAND: GET /session/d09bc8dff77367d024d5807c430cb6f4/screenshot - {}
RESULT: {}
COMMAND: POST /session/d09bc8dff77367d024d5807c430cb6f4/execute/async - {"script":"<script> [1562 bytes]","args":[{"selector":{"id":"application-managepartners-display-component---NewPartner--partnerDetailInternal-arrow"},"wdio_ui5_key":"applicationmanagepartners-display-component---NewPartner--partnerDetailInternal-arrow"}]}
RESULT: {"script":"<script> [1562 bytes]","args":[{"selector":{"id":"application-managepartners-display-component---NewPartner--partnerDetailInternal-arrow"},"wdio_ui5_key":"applicationmanagepartners-display-component---NewPartner--partnerDetailInternal-arrow"}]}
RESULT: undefined
COMMAND: POST /session/d09bc8dff77367d024d5807c430cb6f4/element - {"using":"xpath","value":"//*[@id=\"application-managepartners-display-component---NewPartner--partnerDetailInternal-arrow\"]"}
RESULT: {"using":"xpath","value":"//*[@id=\"application-managepartners-display-component---NewPartner--partnerDetailInternal-arrow\"]"}
COMMAND: POST /session/d09bc8dff77367d024d5807c430cb6f4/element/f.DBFB0E313060B6E614D077C1D7681781.d.355862DD4E75D839F366B92AC8A12285.e.3664/click - {}
RESULT: {}
COMMAND: POST /session/d09bc8dff77367d024d5807c430cb6f4/element - {"using":"xpath","value":"//span[contains(text(), \"Affiliated company\")]"}
COMMAND: GET /session/d09bc8dff77367d024d5807c430cb6f4/screenshot - {}
RESULT: {"using":"xpath","value":"//span[contains(text(), \"Affiliated company\")]"}
COMMAND: POST /session/d09bc8dff77367d024d5807c430cb6f4/element/f.DBFB0E313060B6E614D077C1D7681781.d.355862DD4E75D839F366B92AC8A12285.e.3665/click - {}
RESULT: {}
RESULT: {}
COMMAND: POST /session/d09bc8dff77367d024d5807c430cb6f4/execute/async - {"script":"<script> [1562 bytes]","args":[{"selector":{"id":"application-managepartners-display-component---NewPartner--partnerDetailsCurrency-arrow"},"wdio_ui5_key":"applicationmanagepartners-display-component---NewPartner--partnerDetailsCurrency-arrow"}]}
COMMAND: GET /session/d09bc8dff77367d024d5807c430cb6f4/screenshot - {}
RESULT: {"script":"<script> [1562 bytes]","args":[{"selector":{"id":"application-managepartners-display-component---NewPartner--partnerDetailsCurrency-arrow"},"wdio_ui5_key":"applicationmanagepartners-display-component---NewPartner--partnerDetailsCurrency-arrow"}]}
RESULT: undefined
COMMAND: POST /session/d09bc8dff77367d024d5807c430cb6f4/element - {"using":"xpath","value":"//*[@id=\"application-managepartners-display-component---NewPartner--partnerDetailsCurrency-arrow\"]"}
RESULT: {}
RESULT: {"using":"xpath","value":"//*[@id=\"application-managepartners-display-component---NewPartner--partnerDetailsCurrency-arrow\"]"}
COMMAND: POST /session/d09bc8dff77367d024d5807c430cb6f4/element/f.DBFB0E313060B6E614D077C1D7681781.d.355862DD4E75D839F366B92AC8A12285.e.3672/click - {}
RESULT: {}
COMMAND: POST /session/d09bc8dff77367d024d5807c430cb6f4/element - {"using":"xpath","value":"//span[contains(text(), \"Euro\")]"}
COMMAND: GET /session/d09bc8dff77367d024d5807c430cb6f4/screenshot - {}
RESULT: {"using":"xpath","value":"//span[contains(text(), \"Euro\")]"}
COMMAND: POST /session/d09bc8dff77367d024d5807c430cb6f4/element/f.DBFB0E313060B6E614D077C1D7681781.d.355862DD4E75D839F366B92AC8A12285.e.3673/click - {}
RESULT: {}
RESULT: {}
COMMAND: POST /session/d09bc8dff77367d024d5807c430cb6f4/execute/async - {"script":"<script> [1562 bytes]","args":[{"selector":{"id":"application-managepartners-display-component---NewPartner--addressEditDetailsCostObjectCstType-arrow"},"wdio_ui5_key":"applicationmanagepartners-display-component---NewPartner--addressEditDetailsCostObjectCstType-arrow"}]}
COMMAND: GET /session/d09bc8dff77367d024d5807c430cb6f4/screenshot - {}
RESULT: {"script":"<script> [1562 bytes]","args":[{"selector":{"id":"application-managepartners-display-component---NewPartner--addressEditDetailsCostObjectCstType-arrow"},"wdio_ui5_key":"applicationmanagepartners-display-component---NewPartner--addressEditDetailsCostObjectCstType-arrow"}]}
RESULT: undefined
COMMAND: POST /session/d09bc8dff77367d024d5807c430cb6f4/element - {"using":"xpath","value":"//*[@id=\"application-managepartners-display-component---NewPartner--addressEditDetailsCostObjectCstType-arrow\"]"}
RESULT: {}
RESULT: {"using":"xpath","value":"//*[@id=\"application-managepartners-display-component---NewPartner--addressEditDetailsCostObjectCstType-arrow\"]"}
COMMAND: POST /session/d09bc8dff77367d024d5807c430cb6f4/element/f.DBFB0E313060B6E614D077C1D7681781.d.355862DD4E75D839F366B92AC8A12285.e.3674/click - {}
RESULT: {}
COMMAND: POST /session/d09bc8dff77367d024d5807c430cb6f4/element - {"using":"xpath","value":"//span[contains(text(), \"Cost Center\")]"}
COMMAND: GET /session/d09bc8dff77367d024d5807c430cb6f4/screenshot - {}
RESULT: {"using":"xpath","value":"//span[contains(text(), \"Cost Center\")]"}
COMMAND: POST /session/d09bc8dff77367d024d5807c430cb6f4/element/f.DBFB0E313060B6E614D077C1D7681781.d.355862DD4E75D839F366B92AC8A12285.e.3675/click - {}
RESULT: {}
RESULT: {}
COMMAND: GET /session/d09bc8dff77367d024d5807c430cb6f4/screenshot - {}
RESULT: {}
COMMAND: POST /session/d09bc8dff77367d024d5807c430cb6f4/element - {"using":"xpath","value":"//span[@id=\"application-managepartners-display-component---NewPartner--addressNewCostObjectCstID-vhi\"]"}
RESULT: {"using":"xpath","value":"//span[@id=\"application-managepartners-display-component---NewPartner--addressNewCostObjectCstID-vhi\"]"}
COMMAND: POST /session/d09bc8dff77367d024d5807c430cb6f4/execute/sync - {"script":"<script> [8489 bytes]","args":[{"element-6066-11e4-a52e-4f735466cecf":"f.DBFB0E313060B6E614D077C1D7681781.d.355862DD4E75D839F366B92AC8A12285.e.3679","ELEMENT":"f.DBFB0E313060B6E614D077C1D7681781.d.355862DD4E75D839F366B92AC8A12285.e.3679"}]}
RESULT: {"script":"<script> [8489 bytes]","args":[{"element-6066-11e4-a52e-4f735466cecf":"f.DBFB0E313060B6E614D077C1D7681781.d.355862DD4E75D839F366B92AC8A12285.e.3679","ELEMENT":"f.DBFB0E313060B6E614D077C1D7681781.d.355862DD4E75D839F366B92AC8A12285.e.3679"}]}
COMMAND: POST /session/d09bc8dff77367d024d5807c430cb6f4/execute/async - {"script":"<script> [1562 bytes]","args":[{"selector":{"id":"application-managepartners-display-component---NewPartner--addressNewCostObjectCstID-vhi"},"wdio_ui5_key":"applicationmanagepartners-display-component---NewPartner--addressNewCostObjectCstID-vhi"}]}
COMMAND: GET /session/d09bc8dff77367d024d5807c430cb6f4/screenshot - {}
RESULT: {"script":"<script> [1562 bytes]","args":[{"selector":{"id":"application-managepartners-display-component---NewPartner--addressNewCostObjectCstID-vhi"},"wdio_ui5_key":"applicationmanagepartners-display-component---NewPartner--addressNewCostObjectCstID-vhi"}]}
RESULT: undefined
COMMAND: POST /session/d09bc8dff77367d024d5807c430cb6f4/element - {"using":"xpath","value":"//*[@id=\"application-managepartners-display-component---NewPartner--addressNewCostObjectCstID-vhi\"]"}
RESULT: {}
RESULT: {"using":"xpath","value":"//*[@id=\"application-managepartners-display-component---NewPartner--addressNewCostObjectCstID-vhi\"]"}
COMMAND: POST /session/d09bc8dff77367d024d5807c430cb6f4/element/f.DBFB0E313060B6E614D077C1D7681781.d.355862DD4E75D839F366B92AC8A12285.e.3679/click - {}
RESULT: {}
COMMAND: GET /session/d09bc8dff77367d024d5807c430cb6f4/screenshot - {}
RESULT: {}
COMMAND: POST /session/d09bc8dff77367d024d5807c430cb6f4/execute/async - {"script":"<script> [1562 bytes]","args":[{"selector":{"controlType":"sap.m.SearchField","properties":{"placeholder":"Search"},"searchOpenDialogs":true,"interaction":{"idSuffix":"I"}},"wdio_ui5_key":"sapm.SearchField{\"placeholder\":\"Search\"}"}]}
RESULT: {"script":"<script> [1562 bytes]","args":[{"selector":{"controlType":"sap.m.SearchField","properties":{"placeholder":"Search"},"searchOpenDialogs":true,"interaction":{"idSuffix":"I"}},"wdio_ui5_key":"sapm.SearchField{\"placeholder\":\"Search\"}"}]}
RESULT: undefined
COMMAND: POST /session/d09bc8dff77367d024d5807c430cb6f4/execute/async - {"script":"<script> [776 bytes]","args":[{"enterText":"10001013","selector":{"controlType":"sap.m.SearchField","properties":{"placeholder":"Search"},"searchOpenDialogs":true,"interaction":{"idSuffix":"I"}},"clearTextFirst":true,"interactionType":"ENTER_TEXT"}]}
RESULT: {"script":"<script> [776 bytes]","args":[{"enterText":"10001013","selector":{"controlType":"sap.m.SearchField","properties":{"placeholder":"Search"},"searchOpenDialogs":true,"interaction":{"idSuffix":"I"}},"clearTextFirst":true,"interactionType":"ENTER_TEXT"}]}
COMMAND: POST /session/d09bc8dff77367d024d5807c430cb6f4/actions - {"actions":[{"id":"action11","type":"key","parameters":{},"actions":[{"type":"keyDown","value":"î€‡"},{"type":"pause","duration":10},{"type":"keyUp","value":"î€‡"}]}]}
RESULT: {"actions":[{"id":"action11","type":"key","parameters":{},"actions":[{"type":"keyDown","value":"î€‡"},{"type":"pause","duration":10},{"type":"keyUp","value":"î€‡"}]}]}
COMMAND: GET /session/d09bc8dff77367d024d5807c430cb6f4/screenshot - {}
RESULT: {}
COMMAND: POST /session/d09bc8dff77367d024d5807c430cb6f4/element - {"using":"xpath","value":"//span[contains(text(), \"General Management\")]"}
RESULT: {"using":"xpath","value":"//span[contains(text(), \"General Management\")]"}
COMMAND: POST /session/d09bc8dff77367d024d5807c430cb6f4/element/f.DBFB0E313060B6E614D077C1D7681781.d.355862DD4E75D839F366B92AC8A12285.e.3722/click - {}
RESULT: {}
COMMAND: GET /session/d09bc8dff77367d024d5807c430cb6f4/screenshot - {}
RESULT: {}
COMMAND: POST /session/d09bc8dff77367d024d5807c430cb6f4/element - {"using":"xpath","value":"//bdi[contains(text(), \"OK\")]"}
RESULT: {"using":"xpath","value":"//bdi[contains(text(), \"OK\")]"}
COMMAND: POST /session/d09bc8dff77367d024d5807c430cb6f4/element/f.DBFB0E313060B6E614D077C1D7681781.d.355862DD4E75D839F366B92AC8A12285.e.3723/click - {}
RESULT: {}
COMMAND: GET /session/d09bc8dff77367d024d5807c430cb6f4/screenshot - {}
RESULT: {}
COMMAND: POST /session/d09bc8dff77367d024d5807c430cb6f4/element - {"using":"xpath","value":"//input[@id=\"application-managepartners-display-component---NewPartner--companyCodeComboBox-inner\"]"}
RESULT: {"using":"xpath","value":"//input[@id=\"application-managepartners-display-component---NewPartner--companyCodeComboBox-inner\"]"}
COMMAND: POST /session/d09bc8dff77367d024d5807c430cb6f4/element/f.DBFB0E313060B6E614D077C1D7681781.d.355862DD4E75D839F366B92AC8A12285.e.3519/clear - {}
RESULT: {}
COMMAND: POST /session/d09bc8dff77367d024d5807c430cb6f4/element/f.DBFB0E313060B6E614D077C1D7681781.d.355862DD4E75D839F366B92AC8A12285.e.3519/value - {"text":"C002"}
COMMAND: GET /session/d09bc8dff77367d024d5807c430cb6f4/screenshot - {}
RESULT: {"text":"C002"}
COMMAND: GET /session/d09bc8dff77367d024d5807c430cb6f4/screenshot - {}
RESULT: {}
RESULT: {}
COMMAND: POST /session/d09bc8dff77367d024d5807c430cb6f4/element - {"using":"xpath","value":"//li[.//span[text()= \"C002\"]]"}
RESULT: {"using":"xpath","value":"//li[.//span[text()= \"C002\"]]"}
COMMAND: POST /session/d09bc8dff77367d024d5807c430cb6f4/element/f.DBFB0E313060B6E614D077C1D7681781.d.355862DD4E75D839F366B92AC8A12285.e.3729/click - {}
RESULT: {}
COMMAND: GET /session/d09bc8dff77367d024d5807c430cb6f4/screenshot - {}
RESULT: {}
COMMAND: POST /session/d09bc8dff77367d024d5807c430cb6f4/execute/async - {"script":"<script> [1562 bytes]","args":[{"selector":{"id":"application-managepartners-display-component---NewPartner--btnAddTableRow-img"},"wdio_ui5_key":"applicationmanagepartners-display-component---NewPartner--btnAddTableRow-img"}]}
RESULT: {"script":"<script> [1562 bytes]","args":[{"selector":{"id":"application-managepartners-display-component---NewPartner--btnAddTableRow-img"},"wdio_ui5_key":"applicationmanagepartners-display-component---NewPartner--btnAddTableRow-img"}]}
RESULT: undefined
COMMAND: POST /session/d09bc8dff77367d024d5807c430cb6f4/element - {"using":"xpath","value":"//*[@id=\"application-managepartners-display-component---NewPartner--btnAddTableRow-img\"]"}
RESULT: {"using":"xpath","value":"//*[@id=\"application-managepartners-display-component---NewPartner--btnAddTableRow-img\"]"}
COMMAND: POST /session/d09bc8dff77367d024d5807c430cb6f4/element/f.DBFB0E313060B6E614D077C1D7681781.d.355862DD4E75D839F366B92AC8A12285.e.3730/click - {}
RESULT: {}
COMMAND: GET /session/d09bc8dff77367d024d5807c430cb6f4/screenshot - {}
RESULT: {}
COMMAND: POST /session/d09bc8dff77367d024d5807c430cb6f4/element - {"using":"xpath","value":"//input[@id=\"application-managepartners-display-component---NewPartner--assignmentYard-application-managepartners-display-component---NewPartner--assignmentsTable-0-inner\"]"}
RESULT: {"using":"xpath","value":"//input[@id=\"application-managepartners-display-component---NewPartner--assignmentYard-application-managepartners-display-component---NewPartner--assignmentsTable-0-inner\"]"}
COMMAND: POST /session/d09bc8dff77367d024d5807c430cb6f4/element/f.DBFB0E313060B6E614D077C1D7681781.d.355862DD4E75D839F366B92AC8A12285.e.3733/clear - {}
RESULT: {}
COMMAND: POST /session/d09bc8dff77367d024d5807c430cb6f4/element/f.DBFB0E313060B6E614D077C1D7681781.d.355862DD4E75D839F366B92AC8A12285.e.3733/value - {"text":"562"}
COMMAND: GET /session/d09bc8dff77367d024d5807c430cb6f4/screenshot - {}
RESULT: {"text":"562"}
COMMAND: GET /session/d09bc8dff77367d024d5807c430cb6f4/screenshot - {}
RESULT: {}
RESULT: {}
COMMAND: POST /session/d09bc8dff77367d024d5807c430cb6f4/element - {"using":"xpath","value":"//li[.//span[text()='562']]"}
RESULT: {"using":"xpath","value":"//li[.//span[text()='562']]"}
COMMAND: POST /session/d09bc8dff77367d024d5807c430cb6f4/element/f.DBFB0E313060B6E614D077C1D7681781.d.355862DD4E75D839F366B92AC8A12285.e.3742/click - {}
RESULT: {}
COMMAND: GET /session/d09bc8dff77367d024d5807c430cb6f4/screenshot - {}
RESULT: {}
COMMAND: POST /session/d09bc8dff77367d024d5807c430cb6f4/actions - {"actions":[{"id":"action12","type":"key","parameters":{},"actions":[{"type":"keyDown","value":"î€‡"},{"type":"pause","duration":10},{"type":"keyUp","value":"î€‡"}]}]}
RESULT: {"actions":[{"id":"action12","type":"key","parameters":{},"actions":[{"type":"keyDown","value":"î€‡"},{"type":"pause","duration":10},{"type":"keyUp","value":"î€‡"}]}]}
COMMAND: POST /session/d09bc8dff77367d024d5807c430cb6f4/execute/async - {"script":"<script> [1562 bytes]","args":[{"selector":{"id":"application-managepartners-display-component---NewPartner--externalCustomerComboBox-application-managepartners-display-component---NewPartner--assignmentsTable-0-vhi"},"wdio_ui5_key":"applicationmanagepartners-display-component---NewPartner--externalCustomerComboBox-application-managepartners-display-component---NewPartner--assignmentsTable-0-vhi"}]}
COMMAND: GET /session/d09bc8dff77367d024d5807c430cb6f4/screenshot - {}
RESULT: {"script":"<script> [1562 bytes]","args":[{"selector":{"id":"application-managepartners-display-component---NewPartner--externalCustomerComboBox-application-managepartners-display-component---NewPartner--assignmentsTable-0-vhi"},"wdio_ui5_key":"applicationmanagepartners-display-component---NewPartner--externalCustomerComboBox-application-managepartners-display-component---NewPartner--assignmentsTable-0-vhi"}]}
RESULT: undefined
COMMAND: POST /session/d09bc8dff77367d024d5807c430cb6f4/element - {"using":"xpath","value":"//*[@id=\"application-managepartners-display-component---NewPartner--externalCustomerComboBox-application-managepartners-display-component---NewPartner--assignmentsTable-0-vhi\"]"}
RESULT: {}
RESULT: {"using":"xpath","value":"//*[@id=\"application-managepartners-display-component---NewPartner--externalCustomerComboBox-application-managepartners-display-component---NewPartner--assignmentsTable-0-vhi\"]"}
COMMAND: POST /session/d09bc8dff77367d024d5807c430cb6f4/element/f.DBFB0E313060B6E614D077C1D7681781.d.355862DD4E75D839F366B92AC8A12285.e.3746/click - {}
RESULT: {}
RESULT: undefined
COMMAND: POST /session/d09bc8dff77367d024d5807c430cb6f4/execute/async - {"script":"<script> [776 bytes]","args":[{"enterText":"300003","selector":{"controlType":"sap.m.SearchField","properties":{"placeholder":"Search"},"searchOpenDialogs":true,"interaction":{"idSuffix":"I"}},"clearTextFirst":true,"interactionType":"ENTER_TEXT"}]}
COMMAND: GET /session/d09bc8dff77367d024d5807c430cb6f4/screenshot - {}
RESULT: {"script":"<script> [776 bytes]","args":[{"enterText":"300003","selector":{"controlType":"sap.m.SearchField","properties":{"placeholder":"Search"},"searchOpenDialogs":true,"interaction":{"idSuffix":"I"}},"clearTextFirst":true,"interactionType":"ENTER_TEXT"}]}
COMMAND: POST /session/d09bc8dff77367d024d5807c430cb6f4/actions - {"actions":[{"id":"action13","type":"key","parameters":{},"actions":[{"type":"keyDown","value":"î€‡"},{"type":"pause","duration":10},{"type":"keyUp","value":"î€‡"}]}]}
RESULT: {}
RESULT: {"actions":[{"id":"action13","type":"key","parameters":{},"actions":[{"type":"keyDown","value":"î€‡"},{"type":"pause","duration":10},{"type":"keyUp","value":"î€‡"}]}]}
COMMAND: GET /session/d09bc8dff77367d024d5807c430cb6f4/screenshot - {}
RESULT: {}
COMMAND: POST /session/d09bc8dff77367d024d5807c430cb6f4/element - {"using":"xpath","value":"//span[contains(text(), \"300003\")]"}
RESULT: {"using":"xpath","value":"//span[contains(text(), \"300003\")]"}
COMMAND: POST /session/d09bc8dff77367d024d5807c430cb6f4/element/f.DBFB0E313060B6E614D077C1D7681781.d.355862DD4E75D839F366B92AC8A12285.e.3763/click - {}
RESULT: {}
COMMAND: GET /session/d09bc8dff77367d024d5807c430cb6f4/screenshot - {}
RESULT: {}
COMMAND: POST /session/d09bc8dff77367d024d5807c430cb6f4/element - {"using":"xpath","value":"//bdi[contains(text(), \"OK\")]"}
RESULT: {"using":"xpath","value":"//bdi[contains(text(), \"OK\")]"}
COMMAND: POST /session/d09bc8dff77367d024d5807c430cb6f4/element/f.DBFB0E313060B6E614D077C1D7681781.d.355862DD4E75D839F366B92AC8A12285.e.3765/click - {}
RESULT: {}
COMMAND: GET /session/d09bc8dff77367d024d5807c430cb6f4/screenshot - {}
RESULT: {}
COMMAND: POST /session/d09bc8dff77367d024d5807c430cb6f4/execute/async - {"script":"<script> [1562 bytes]","args":[{"selector":{"id":"application-managepartners-display-component---NewPartner--intercompVendorComboBox-application-managepartners-display-component---NewPartner--assignmentsTable-0-vhi"},"wdio_ui5_key":"applicationmanagepartners-display-component---NewPartner--intercompVendorComboBox-application-managepartners-display-component---NewPartner--assignmentsTable-0-vhi"}]}
RESULT: {"script":"<script> [1562 bytes]","args":[{"selector":{"id":"application-managepartners-display-component---NewPartner--intercompVendorComboBox-application-managepartners-display-component---NewPartner--assignmentsTable-0-vhi"},"wdio_ui5_key":"applicationmanagepartners-display-component---NewPartner--intercompVendorComboBox-application-managepartners-display-component---NewPartner--assignmentsTable-0-vhi"}]}
RESULT: undefined
COMMAND: POST /session/d09bc8dff77367d024d5807c430cb6f4/element - {"using":"xpath","value":"//*[@id=\"application-managepartners-display-component---NewPartner--intercompVendorComboBox-application-managepartners-display-component---NewPartner--assignmentsTable-0-vhi\"]"}
RESULT: {"using":"xpath","value":"//*[@id=\"application-managepartners-display-component---NewPartner--intercompVendorComboBox-application-managepartners-display-component---NewPartner--assignmentsTable-0-vhi\"]"}
COMMAND: POST /session/d09bc8dff77367d024d5807c430cb6f4/element/f.DBFB0E313060B6E614D077C1D7681781.d.355862DD4E75D839F366B92AC8A12285.e.3768/click - {}
RESULT: {}
RESULT: undefined
COMMAND: POST /session/d09bc8dff77367d024d5807c430cb6f4/execute/async - {"script":"<script> [776 bytes]","args":[{"enterText":"100005","selector":{"controlType":"sap.m.SearchField","properties":{"placeholder":"Search"},"searchOpenDialogs":true,"interaction":{"idSuffix":"I"}},"clearTextFirst":true,"interactionType":"ENTER_TEXT"}]}
COMMAND: GET /session/d09bc8dff77367d024d5807c430cb6f4/screenshot - {}
RESULT: {"script":"<script> [776 bytes]","args":[{"enterText":"100005","selector":{"controlType":"sap.m.SearchField","properties":{"placeholder":"Search"},"searchOpenDialogs":true,"interaction":{"idSuffix":"I"}},"clearTextFirst":true,"interactionType":"ENTER_TEXT"}]}
COMMAND: POST /session/d09bc8dff77367d024d5807c430cb6f4/actions - {"actions":[{"id":"action14","type":"key","parameters":{},"actions":[{"type":"keyDown","value":"î€‡"},{"type":"pause","duration":10},{"type":"keyUp","value":"î€‡"}]}]}
RESULT: {}
RESULT: {"actions":[{"id":"action14","type":"key","parameters":{},"actions":[{"type":"keyDown","value":"î€‡"},{"type":"pause","duration":10},{"type":"keyUp","value":"î€‡"}]}]}
COMMAND: GET /session/d09bc8dff77367d024d5807c430cb6f4/screenshot - {}
RESULT: {}
COMMAND: POST /session/d09bc8dff77367d024d5807c430cb6f4/element - {"using":"xpath","value":"//span[contains(text(), \"Penguins - Field/12345 Berlin\")]"}
RESULT: {"using":"xpath","value":"//span[contains(text(), \"Penguins - Field/12345 Berlin\")]"}
COMMAND: POST /session/d09bc8dff77367d024d5807c430cb6f4/element/f.DBFB0E313060B6E614D077C1D7681781.d.355862DD4E75D839F366B92AC8A12285.e.3786/click - {}
RESULT: {}
COMMAND: GET /session/d09bc8dff77367d024d5807c430cb6f4/screenshot - {}
RESULT: {}
COMMAND: POST /session/d09bc8dff77367d024d5807c430cb6f4/element - {"using":"xpath","value":"//bdi[contains(text(), \"OK\")]"}
RESULT: {"using":"xpath","value":"//bdi[contains(text(), \"OK\")]"}
COMMAND: POST /session/d09bc8dff77367d024d5807c430cb6f4/element/f.DBFB0E313060B6E614D077C1D7681781.d.355862DD4E75D839F366B92AC8A12285.e.3787/click - {}
RESULT: {}
COMMAND: GET /session/d09bc8dff77367d024d5807c430cb6f4/screenshot - {}
RESULT: {}
COMMAND: POST /session/d09bc8dff77367d024d5807c430cb6f4/element - {"using":"xpath","value":"//button[@data-kt=\"saveButton\"]"}
RESULT: {"using":"xpath","value":"//button[@data-kt=\"saveButton\"]"}
COMMAND: POST /session/d09bc8dff77367d024d5807c430cb6f4/element/f.DBFB0E313060B6E614D077C1D7681781.d.355862DD4E75D839F366B92AC8A12285.e.3557/click - {}
RESULT: {}
COMMAND: GET /session/d09bc8dff77367d024d5807c430cb6f4/screenshot - {}
RESULT: {}
COMMAND: POST /session/d09bc8dff77367d024d5807c430cb6f4/element - {"using":"xpath","value":"//header[contains(@id, 'ObjectPageLayout-headerTitle')]/div[1]/div[2]/div[2]/span[1]"}
RESULT: {"using":"xpath","value":"//header[contains(@id, 'ObjectPageLayout-headerTitle')]/div[1]/div[2]/div[2]/span[1]"}
COMMAND: POST /session/d09bc8dff77367d024d5807c430cb6f4/elements - {"using":"xpath","value":"//header[contains(@id, 'ObjectPageLayout-headerTitle')]/div[1]/div[2]/div[2]/span[1]"}
RESULT: {"using":"xpath","value":"//header[contains(@id, 'ObjectPageLayout-headerTitle')]/div[1]/div[2]/div[2]/span[1]"}
COMMAND: POST /session/d09bc8dff77367d024d5807c430cb6f4/execute/sync - {"script":"<script> [56 bytes]","args":[{"element-6066-11e4-a52e-4f735466cecf":"f.DBFB0E313060B6E614D077C1D7681781.d.355862DD4E75D839F366B92AC8A12285.e.3950","ELEMENT":"f.DBFB0E313060B6E614D077C1D7681781.d.355862DD4E75D839F366B92AC8A12285.e.3950"}]}
RESULT: {"script":"<script> [56 bytes]","args":[{"element-6066-11e4-a52e-4f735466cecf":"f.DBFB0E313060B6E614D077C1D7681781.d.355862DD4E75D839F366B92AC8A12285.e.3950","ELEMENT":"f.DBFB0E313060B6E614D077C1D7681781.d.355862DD4E75D839F366B92AC8A12285.e.3950"}]}
COMMAND: POST /session/d09bc8dff77367d024d5807c430cb6f4/element - {"using":"css selector","value":"#shell-header-logo"}
COMMAND: GET /session/d09bc8dff77367d024d5807c430cb6f4/screenshot - {}
RESULT: {"using":"css selector","value":"#shell-header-logo"}
COMMAND: POST /session/d09bc8dff77367d024d5807c430cb6f4/element/f.DBFB0E313060B6E614D077C1D7681781.d.355862DD4E75D839F366B92AC8A12285.e.3159/click - {}
RESULT: {}
RESULT: {}
COMMAND: GET /session/d09bc8dff77367d024d5807c430cb6f4/screenshot - {}
RESULT: {}
COMMAND: POST /session/d09bc8dff77367d024d5807c430cb6f4/execute/sync - {"script":"<script> [299 bytes]","args":[["getModel","getResource"]]}
RESULT: {"script":"<script> [299 bytes]","args":[["getModel","getResource"]]}
COMMAND: GET /session/d09bc8dff77367d024d5807c430cb6f4/screenshot - {}
]]></system-out>
    </testcase>
    <testcase classname="chrome.136_0_7103_93.windows.Edit_and_delete_daily_price_US134629_US134627" name="Should create a new site used for following tests" time="155.698">
      <system-out><![CDATA[
COMMAND: POST /session/d09bc8dff77367d024d5807c430cb6f4/execute/async - {"script":"<script> [1562 bytes]","args":[{"selector":{"controlType":"sap.m.GenericTile","properties":{"header":"Manage Sites"}},"wdio_ui5_key":"sapm.GenericTile{\"header\":\"Manage Sites\"}"}]}
RESULT: {}
RESULT: {"script":"<script> [1562 bytes]","args":[{"selector":{"controlType":"sap.m.GenericTile","properties":{"header":"Manage Sites"}},"wdio_ui5_key":"sapm.GenericTile{\"header\":\"Manage Sites\"}"}]}
RESULT: undefined
COMMAND: POST /session/d09bc8dff77367d024d5807c430cb6f4/element - {"using":"xpath","value":"//*[@id=\"__tile40\"]"}
RESULT: {"using":"xpath","value":"//*[@id=\"__tile40\"]"}
COMMAND: POST /session/d09bc8dff77367d024d5807c430cb6f4/element/f.DBFB0E313060B6E614D077C1D7681781.d.355862DD4E75D839F366B92AC8A12285.e.3051/click - {}
RESULT: {}
COMMAND: GET /session/d09bc8dff77367d024d5807c430cb6f4/screenshot - {}
RESULT: {}
COMMAND: POST /session/d09bc8dff77367d024d5807c430cb6f4/elements - {"using":"xpath","value":"//span[text()='Error']"}
RESULT: {"using":"xpath","value":"//span[text()='Error']"}
COMMAND: POST /session/d09bc8dff77367d024d5807c430cb6f4/element - {"using":"xpath","value":"//button[@data-kt=\"addOverflowToolbarButton\"]"}
RESULT: {"using":"xpath","value":"//button[@data-kt=\"addOverflowToolbarButton\"]"}
COMMAND: POST /session/d09bc8dff77367d024d5807c430cb6f4/elements - {"using":"xpath","value":"//button[@data-kt=\"addOverflowToolbarButton\"]"}
RESULT: {"using":"xpath","value":"//button[@data-kt=\"addOverflowToolbarButton\"]"}
COMMAND: POST /session/d09bc8dff77367d024d5807c430cb6f4/execute/sync - {"script":"<script> [8489 bytes]","args":[{"element-6066-11e4-a52e-4f735466cecf":"f.DBFB0E313060B6E614D077C1D7681781.d.355862DD4E75D839F366B92AC8A12285.e.4000","ELEMENT":"f.DBFB0E313060B6E614D077C1D7681781.d.355862DD4E75D839F366B92AC8A12285.e.4000"}]}
RESULT: {"script":"<script> [8489 bytes]","args":[{"element-6066-11e4-a52e-4f735466cecf":"f.DBFB0E313060B6E614D077C1D7681781.d.355862DD4E75D839F366B92AC8A12285.e.4000","ELEMENT":"f.DBFB0E313060B6E614D077C1D7681781.d.355862DD4E75D839F366B92AC8A12285.e.4000"}]}
COMMAND: GET /session/d09bc8dff77367d024d5807c430cb6f4/element/f.DBFB0E313060B6E614D077C1D7681781.d.355862DD4E75D839F366B92AC8A12285.e.4000/enabled - {}
COMMAND: GET /session/d09bc8dff77367d024d5807c430cb6f4/screenshot - {}
RESULT: {}
COMMAND: POST /session/d09bc8dff77367d024d5807c430cb6f4/execute/sync - {"script":"<script> [8489 bytes]","args":[{"element-6066-11e4-a52e-4f735466cecf":"f.DBFB0E313060B6E614D077C1D7681781.d.355862DD4E75D839F366B92AC8A12285.e.4000","ELEMENT":"f.DBFB0E313060B6E614D077C1D7681781.d.355862DD4E75D839F366B92AC8A12285.e.4000"}]}
COMMAND: GET /session/d09bc8dff77367d024d5807c430cb6f4/screenshot - {}
RESULT: {}
RESULT: {"script":"<script> [8489 bytes]","args":[{"element-6066-11e4-a52e-4f735466cecf":"f.DBFB0E313060B6E614D077C1D7681781.d.355862DD4E75D839F366B92AC8A12285.e.4000","ELEMENT":"f.DBFB0E313060B6E614D077C1D7681781.d.355862DD4E75D839F366B92AC8A12285.e.4000"}]}
COMMAND: POST /session/d09bc8dff77367d024d5807c430cb6f4/execute/sync - {"script":"<script> [5351 bytes]","args":[{"element-6066-11e4-a52e-4f735466cecf":"f.DBFB0E313060B6E614D077C1D7681781.d.355862DD4E75D839F366B92AC8A12285.e.4000","ELEMENT":"f.DBFB0E313060B6E614D077C1D7681781.d.355862DD4E75D839F366B92AC8A12285.e.4000"}]}
COMMAND: GET /session/d09bc8dff77367d024d5807c430cb6f4/screenshot - {}
RESULT: {}
RESULT: {"script":"<script> [5351 bytes]","args":[{"element-6066-11e4-a52e-4f735466cecf":"f.DBFB0E313060B6E614D077C1D7681781.d.355862DD4E75D839F366B92AC8A12285.e.4000","ELEMENT":"f.DBFB0E313060B6E614D077C1D7681781.d.355862DD4E75D839F366B92AC8A12285.e.4000"}]}
COMMAND: POST /session/d09bc8dff77367d024d5807c430cb6f4/element/f.DBFB0E313060B6E614D077C1D7681781.d.355862DD4E75D839F366B92AC8A12285.e.4000/click - {}
COMMAND: GET /session/d09bc8dff77367d024d5807c430cb6f4/screenshot - {}
RESULT: {}
RESULT: {}
COMMAND: GET /session/d09bc8dff77367d024d5807c430cb6f4/screenshot - {}
COMMAND: POST /session/d09bc8dff77367d024d5807c430cb6f4/element - {"using":"xpath","value":"//input[@id=\"application-managesites-display-component---NewSite--siteId-inner\"]"}
RESULT: {}
RESULT: {}
RESULT: {"using":"xpath","value":"//input[@id=\"application-managesites-display-component---NewSite--siteId-inner\"]"}
COMMAND: POST /session/d09bc8dff77367d024d5807c430cb6f4/element - {"using":"xpath","value":"//input[@id=\"application-managesites-display-component---NewSite--siteId-inner\"]"}
RESULT: {"using":"xpath","value":"//input[@id=\"application-managesites-display-component---NewSite--siteId-inner\"]"}
COMMAND: POST /session/d09bc8dff77367d024d5807c430cb6f4/execute/async - {"script":"<script> [1562 bytes]","args":[{"selector":{"id":"application-managesites-display-component---NewSite--addressDetailDetailsName1","interaction":{"idSuffix":"inner"}},"wdio_ui5_key":"applicationmanagesites-display-component---NewSite--addressDetailDetailsName1"}]}
RESULT: {"script":"<script> [1562 bytes]","args":[{"selector":{"id":"application-managesites-display-component---NewSite--addressDetailDetailsName1","interaction":{"idSuffix":"inner"}},"wdio_ui5_key":"applicationmanagesites-display-component---NewSite--addressDetailDetailsName1"}]}
RESULT: undefined
COMMAND: POST /session/d09bc8dff77367d024d5807c430cb6f4/execute/async - {"script":"<script> [776 bytes]","args":[{"enterText":"DailyPrice WDIO","selector":{"id":"application-managesites-display-component---NewSite--addressDetailDetailsName1","interaction":{"idSuffix":"inner"}},"clearTextFirst":true,"interactionType":"ENTER_TEXT"}]}
RESULT: {"script":"<script> [776 bytes]","args":[{"enterText":"DailyPrice WDIO","selector":{"id":"application-managesites-display-component---NewSite--addressDetailDetailsName1","interaction":{"idSuffix":"inner"}},"clearTextFirst":true,"interactionType":"ENTER_TEXT"}]}
COMMAND: POST /session/d09bc8dff77367d024d5807c430cb6f4/execute/async - {"script":"<script> [1562 bytes]","args":[{"selector":{"id":"application-managesites-display-component---NewSite--addressDetailDetailsLanguage-arrow"},"wdio_ui5_key":"applicationmanagesites-display-component---NewSite--addressDetailDetailsLanguage-arrow"}]}
RESULT: {"script":"<script> [1562 bytes]","args":[{"selector":{"id":"application-managesites-display-component---NewSite--addressDetailDetailsLanguage-arrow"},"wdio_ui5_key":"applicationmanagesites-display-component---NewSite--addressDetailDetailsLanguage-arrow"}]}
RESULT: undefined
COMMAND: POST /session/d09bc8dff77367d024d5807c430cb6f4/element - {"using":"xpath","value":"//*[@id=\"application-managesites-display-component---NewSite--addressDetailDetailsLanguage-arrow\"]"}
RESULT: {"using":"xpath","value":"//*[@id=\"application-managesites-display-component---NewSite--addressDetailDetailsLanguage-arrow\"]"}
COMMAND: POST /session/d09bc8dff77367d024d5807c430cb6f4/element/f.DBFB0E313060B6E614D077C1D7681781.d.355862DD4E75D839F366B92AC8A12285.e.4397/click - {}
RESULT: {}
COMMAND: POST /session/d09bc8dff77367d024d5807c430cb6f4/element - {"using":"xpath","value":"//span[contains(text(), \"English\")]"}
COMMAND: GET /session/d09bc8dff77367d024d5807c430cb6f4/screenshot - {}
RESULT: {"using":"xpath","value":"//span[contains(text(), \"English\")]"}
COMMAND: POST /session/d09bc8dff77367d024d5807c430cb6f4/element/f.DBFB0E313060B6E614D077C1D7681781.d.355862DD4E75D839F366B92AC8A12285.e.4398/click - {}
RESULT: {}
RESULT: {}
COMMAND: POST /session/d09bc8dff77367d024d5807c430cb6f4/execute/async - {"script":"<script> [1562 bytes]","args":[{"selector":{"id":"application-managesites-display-component---NewSite--addressDetailDetailsCity1","interaction":{"idSuffix":"inner"}},"wdio_ui5_key":"applicationmanagesites-display-component---NewSite--addressDetailDetailsCity1"}]}
COMMAND: GET /session/d09bc8dff77367d024d5807c430cb6f4/screenshot - {}
RESULT: {"script":"<script> [1562 bytes]","args":[{"selector":{"id":"application-managesites-display-component---NewSite--addressDetailDetailsCity1","interaction":{"idSuffix":"inner"}},"wdio_ui5_key":"applicationmanagesites-display-component---NewSite--addressDetailDetailsCity1"}]}
RESULT: undefined
COMMAND: POST /session/d09bc8dff77367d024d5807c430cb6f4/execute/async - {"script":"<script> [776 bytes]","args":[{"enterText":"Rosario","selector":{"id":"application-managesites-display-component---NewSite--addressDetailDetailsCity1","interaction":{"idSuffix":"inner"}},"clearTextFirst":true,"interactionType":"ENTER_TEXT"}]}
RESULT: {}
RESULT: {"script":"<script> [776 bytes]","args":[{"enterText":"Rosario","selector":{"id":"application-managesites-display-component---NewSite--addressDetailDetailsCity1","interaction":{"idSuffix":"inner"}},"clearTextFirst":true,"interactionType":"ENTER_TEXT"}]}
COMMAND: POST /session/d09bc8dff77367d024d5807c430cb6f4/execute/async - {"script":"<script> [1562 bytes]","args":[{"selector":{"id":"application-managesites-display-component---NewSite--addressDetailDetailsCountry-arrow"},"wdio_ui5_key":"applicationmanagesites-display-component---NewSite--addressDetailDetailsCountry-arrow"}]}
RESULT: {"script":"<script> [1562 bytes]","args":[{"selector":{"id":"application-managesites-display-component---NewSite--addressDetailDetailsCountry-arrow"},"wdio_ui5_key":"applicationmanagesites-display-component---NewSite--addressDetailDetailsCountry-arrow"}]}
RESULT: undefined
COMMAND: POST /session/d09bc8dff77367d024d5807c430cb6f4/element - {"using":"xpath","value":"//*[@id=\"application-managesites-display-component---NewSite--addressDetailDetailsCountry-arrow\"]"}
RESULT: {"using":"xpath","value":"//*[@id=\"application-managesites-display-component---NewSite--addressDetailDetailsCountry-arrow\"]"}
COMMAND: POST /session/d09bc8dff77367d024d5807c430cb6f4/element/f.DBFB0E313060B6E614D077C1D7681781.d.355862DD4E75D839F366B92AC8A12285.e.4400/click - {}
RESULT: {}
COMMAND: POST /session/d09bc8dff77367d024d5807c430cb6f4/element - {"using":"xpath","value":"//span[contains(text(), \"Argentina\")]"}
COMMAND: GET /session/d09bc8dff77367d024d5807c430cb6f4/screenshot - {}
RESULT: {"using":"xpath","value":"//span[contains(text(), \"Argentina\")]"}
COMMAND: POST /session/d09bc8dff77367d024d5807c430cb6f4/element/f.DBFB0E313060B6E614D077C1D7681781.d.355862DD4E75D839F366B92AC8A12285.e.4402/click - {}
RESULT: {}
RESULT: {}
COMMAND: GET /session/d09bc8dff77367d024d5807c430cb6f4/screenshot - {}
RESULT: {}
COMMAND: POST /session/d09bc8dff77367d024d5807c430cb6f4/execute/async - {"script":"<script> [1562 bytes]","args":[{"selector":{"id":"application-managesites-display-component---NewSite--addressEditDetailsCostObjectCstType-arrow"},"wdio_ui5_key":"applicationmanagesites-display-component---NewSite--addressEditDetailsCostObjectCstType-arrow"}]}
RESULT: {"script":"<script> [1562 bytes]","args":[{"selector":{"id":"application-managesites-display-component---NewSite--addressEditDetailsCostObjectCstType-arrow"},"wdio_ui5_key":"applicationmanagesites-display-component---NewSite--addressEditDetailsCostObjectCstType-arrow"}]}
RESULT: undefined
COMMAND: POST /session/d09bc8dff77367d024d5807c430cb6f4/element - {"using":"xpath","value":"//*[@id=\"application-managesites-display-component---NewSite--addressEditDetailsCostObjectCstType-arrow\"]"}
RESULT: {"using":"xpath","value":"//*[@id=\"application-managesites-display-component---NewSite--addressEditDetailsCostObjectCstType-arrow\"]"}
COMMAND: POST /session/d09bc8dff77367d024d5807c430cb6f4/element/f.DBFB0E313060B6E614D077C1D7681781.d.355862DD4E75D839F366B92AC8A12285.e.4403/click - {}
RESULT: {}
COMMAND: POST /session/d09bc8dff77367d024d5807c430cb6f4/element - {"using":"xpath","value":"//span[contains(text(), \"Cost Center\")]"}
COMMAND: GET /session/d09bc8dff77367d024d5807c430cb6f4/screenshot - {}
RESULT: {"using":"xpath","value":"//span[contains(text(), \"Cost Center\")]"}
COMMAND: POST /session/d09bc8dff77367d024d5807c430cb6f4/element/f.DBFB0E313060B6E614D077C1D7681781.d.355862DD4E75D839F366B92AC8A12285.e.4404/click - {}
RESULT: {}
RESULT: {}
COMMAND: GET /session/d09bc8dff77367d024d5807c430cb6f4/screenshot - {}
RESULT: {}
COMMAND: POST /session/d09bc8dff77367d024d5807c430cb6f4/element - {"using":"xpath","value":"//span[@id=\"application-managesites-display-component---NewSite--addressNewCostObjectCstID-vhi\"]"}
RESULT: {"using":"xpath","value":"//span[@id=\"application-managesites-display-component---NewSite--addressNewCostObjectCstID-vhi\"]"}
COMMAND: POST /session/d09bc8dff77367d024d5807c430cb6f4/execute/sync - {"script":"<script> [8489 bytes]","args":[{"element-6066-11e4-a52e-4f735466cecf":"f.DBFB0E313060B6E614D077C1D7681781.d.355862DD4E75D839F366B92AC8A12285.e.4408","ELEMENT":"f.DBFB0E313060B6E614D077C1D7681781.d.355862DD4E75D839F366B92AC8A12285.e.4408"}]}
RESULT: {"script":"<script> [8489 bytes]","args":[{"element-6066-11e4-a52e-4f735466cecf":"f.DBFB0E313060B6E614D077C1D7681781.d.355862DD4E75D839F366B92AC8A12285.e.4408","ELEMENT":"f.DBFB0E313060B6E614D077C1D7681781.d.355862DD4E75D839F366B92AC8A12285.e.4408"}]}
COMMAND: POST /session/d09bc8dff77367d024d5807c430cb6f4/execute/async - {"script":"<script> [1562 bytes]","args":[{"selector":{"id":"application-managesites-display-component---NewSite--addressNewCostObjectCstID-vhi"},"wdio_ui5_key":"applicationmanagesites-display-component---NewSite--addressNewCostObjectCstID-vhi"}]}
COMMAND: GET /session/d09bc8dff77367d024d5807c430cb6f4/screenshot - {}
RESULT: {"script":"<script> [1562 bytes]","args":[{"selector":{"id":"application-managesites-display-component---NewSite--addressNewCostObjectCstID-vhi"},"wdio_ui5_key":"applicationmanagesites-display-component---NewSite--addressNewCostObjectCstID-vhi"}]}
RESULT: undefined
COMMAND: POST /session/d09bc8dff77367d024d5807c430cb6f4/element - {"using":"xpath","value":"//*[@id=\"application-managesites-display-component---NewSite--addressNewCostObjectCstID-vhi\"]"}
RESULT: {}
RESULT: {"using":"xpath","value":"//*[@id=\"application-managesites-display-component---NewSite--addressNewCostObjectCstID-vhi\"]"}
COMMAND: POST /session/d09bc8dff77367d024d5807c430cb6f4/element/f.DBFB0E313060B6E614D077C1D7681781.d.355862DD4E75D839F366B92AC8A12285.e.4408/click - {}
RESULT: {}
COMMAND: GET /session/d09bc8dff77367d024d5807c430cb6f4/screenshot - {}
RESULT: {}
RESULT: undefined
COMMAND: POST /session/d09bc8dff77367d024d5807c430cb6f4/execute/async - {"script":"<script> [776 bytes]","args":[{"enterText":"10001013","selector":{"controlType":"sap.m.SearchField","properties":{"placeholder":"Search"},"searchOpenDialogs":true,"interaction":{"idSuffix":"I"}},"clearTextFirst":true,"interactionType":"ENTER_TEXT"}]}
RESULT: {"script":"<script> [776 bytes]","args":[{"enterText":"10001013","selector":{"controlType":"sap.m.SearchField","properties":{"placeholder":"Search"},"searchOpenDialogs":true,"interaction":{"idSuffix":"I"}},"clearTextFirst":true,"interactionType":"ENTER_TEXT"}]}
COMMAND: POST /session/d09bc8dff77367d024d5807c430cb6f4/actions - {"actions":[{"id":"action15","type":"key","parameters":{},"actions":[{"type":"keyDown","value":"î€‡"},{"type":"pause","duration":10},{"type":"keyUp","value":"î€‡"}]}]}
RESULT: {"actions":[{"id":"action15","type":"key","parameters":{},"actions":[{"type":"keyDown","value":"î€‡"},{"type":"pause","duration":10},{"type":"keyUp","value":"î€‡"}]}]}
COMMAND: GET /session/d09bc8dff77367d024d5807c430cb6f4/screenshot - {}
RESULT: {}
COMMAND: POST /session/d09bc8dff77367d024d5807c430cb6f4/element - {"using":"xpath","value":"//span[contains(text(), \"General Management\")]"}
RESULT: {"using":"xpath","value":"//span[contains(text(), \"General Management\")]"}
COMMAND: POST /session/d09bc8dff77367d024d5807c430cb6f4/element/f.DBFB0E313060B6E614D077C1D7681781.d.355862DD4E75D839F366B92AC8A12285.e.4414/click - {}
RESULT: {}
COMMAND: GET /session/d09bc8dff77367d024d5807c430cb6f4/screenshot - {}
RESULT: {}
COMMAND: POST /session/d09bc8dff77367d024d5807c430cb6f4/element - {"using":"xpath","value":"//bdi[contains(text(), \"OK\")]"}
RESULT: {"using":"xpath","value":"//bdi[contains(text(), \"OK\")]"}
COMMAND: POST /session/d09bc8dff77367d024d5807c430cb6f4/element/f.DBFB0E313060B6E614D077C1D7681781.d.355862DD4E75D839F366B92AC8A12285.e.4416/click - {}
RESULT: {}
COMMAND: GET /session/d09bc8dff77367d024d5807c430cb6f4/screenshot - {}
RESULT: {}
COMMAND: POST /session/d09bc8dff77367d024d5807c430cb6f4/element - {"using":"xpath","value":"//input[@id=\"application-managesites-display-component---NewSite--addressDetailDetailsCalendar-inner\"]"}
RESULT: {"using":"xpath","value":"//input[@id=\"application-managesites-display-component---NewSite--addressDetailDetailsCalendar-inner\"]"}
COMMAND: POST /session/d09bc8dff77367d024d5807c430cb6f4/element/f.DBFB0E313060B6E614D077C1D7681781.d.355862DD4E75D839F366B92AC8A12285.e.4170/clear - {}
RESULT: {}
COMMAND: POST /session/d09bc8dff77367d024d5807c430cb6f4/element/f.DBFB0E313060B6E614D077C1D7681781.d.355862DD4E75D839F366B92AC8A12285.e.4170/value - {"text":"Unit"}
COMMAND: GET /session/d09bc8dff77367d024d5807c430cb6f4/screenshot - {}
RESULT: {"text":"Unit"}
COMMAND: GET /session/d09bc8dff77367d024d5807c430cb6f4/screenshot - {}
RESULT: {}
RESULT: {}
COMMAND: POST /session/d09bc8dff77367d024d5807c430cb6f4/actions - {"actions":[{"id":"action16","type":"key","parameters":{},"actions":[{"type":"keyDown","value":"î€‡"},{"type":"pause","duration":10},{"type":"keyUp","value":"î€‡"}]}]}
RESULT: {"actions":[{"id":"action16","type":"key","parameters":{},"actions":[{"type":"keyDown","value":"î€‡"},{"type":"pause","duration":10},{"type":"keyUp","value":"î€‡"}]}]}
COMMAND: POST /session/d09bc8dff77367d024d5807c430cb6f4/element - {"using":"xpath","value":"//input[@id=\"application-managesites-display-component---NewSite--addressDetailDetailsYard-inner\"]"}
RESULT: {"using":"xpath","value":"//input[@id=\"application-managesites-display-component---NewSite--addressDetailDetailsYard-inner\"]"}
COMMAND: POST /session/d09bc8dff77367d024d5807c430cb6f4/element/f.DBFB0E313060B6E614D077C1D7681781.d.355862DD4E75D839F366B92AC8A12285.e.4171/clear - {}
RESULT: {}
COMMAND: POST /session/d09bc8dff77367d024d5807c430cb6f4/element/f.DBFB0E313060B6E614D077C1D7681781.d.355862DD4E75D839F366B92AC8A12285.e.4171/value - {"text":"562"}
COMMAND: GET /session/d09bc8dff77367d024d5807c430cb6f4/screenshot - {}
COMMAND: GET /session/d09bc8dff77367d024d5807c430cb6f4/screenshot - {}
RESULT: {"text":"562"}
COMMAND: GET /session/d09bc8dff77367d024d5807c430cb6f4/screenshot - {}
RESULT: {}
RESULT: {}
RESULT: {}
COMMAND: POST /session/d09bc8dff77367d024d5807c430cb6f4/element - {"using":"xpath","value":"//li[.//span[text()='562']]"}
RESULT: {"using":"xpath","value":"//li[.//span[text()='562']]"}
COMMAND: POST /session/d09bc8dff77367d024d5807c430cb6f4/element/f.DBFB0E313060B6E614D077C1D7681781.d.355862DD4E75D839F366B92AC8A12285.e.4424/click - {}
RESULT: {}
COMMAND: GET /session/d09bc8dff77367d024d5807c430cb6f4/screenshot - {}
RESULT: {}
COMMAND: POST /session/d09bc8dff77367d024d5807c430cb6f4/element - {"using":"xpath","value":"//input[@id=\"application-managesites-display-component---NewSite--addressDetailDetailsPartner-inner\"]"}
RESULT: {"using":"xpath","value":"//input[@id=\"application-managesites-display-component---NewSite--addressDetailDetailsPartner-inner\"]"}
COMMAND: POST /session/d09bc8dff77367d024d5807c430cb6f4/element - {"using":"xpath","value":"//input[@id=\"application-managesites-display-component---NewSite--addressDetailDetailsPartner-inner\"]"}
RESULT: {"using":"xpath","value":"//input[@id=\"application-managesites-display-component---NewSite--addressDetailDetailsPartner-inner\"]"}
COMMAND: POST /session/d09bc8dff77367d024d5807c430cb6f4/element - {"using":"xpath","value":"//button[@data-kt=\"saveButton\"]"}
RESULT: {"using":"xpath","value":"//button[@data-kt=\"saveButton\"]"}
COMMAND: POST /session/d09bc8dff77367d024d5807c430cb6f4/element/f.DBFB0E313060B6E614D077C1D7681781.d.355862DD4E75D839F366B92AC8A12285.e.4335/click - {}
RESULT: {}
COMMAND: GET /session/d09bc8dff77367d024d5807c430cb6f4/screenshot - {}
RESULT: {}
COMMAND: POST /session/d09bc8dff77367d024d5807c430cb6f4/element - {"using":"xpath","value":"//header[contains(@id, 'ObjectPageLayout-headerTitle')]/div[1]/div[2]/div[2]/span[1]"}
RESULT: {"using":"xpath","value":"//header[contains(@id, 'ObjectPageLayout-headerTitle')]/div[1]/div[2]/div[2]/span[1]"}
COMMAND: POST /session/d09bc8dff77367d024d5807c430cb6f4/elements - {"using":"xpath","value":"//header[contains(@id, 'ObjectPageLayout-headerTitle')]/div[1]/div[2]/div[2]/span[1]"}
RESULT: {"using":"xpath","value":"//header[contains(@id, 'ObjectPageLayout-headerTitle')]/div[1]/div[2]/div[2]/span[1]"}
COMMAND: POST /session/d09bc8dff77367d024d5807c430cb6f4/execute/sync - {"script":"<script> [56 bytes]","args":[{"element-6066-11e4-a52e-4f735466cecf":"f.DBFB0E313060B6E614D077C1D7681781.d.355862DD4E75D839F366B92AC8A12285.e.4631","ELEMENT":"f.DBFB0E313060B6E614D077C1D7681781.d.355862DD4E75D839F366B92AC8A12285.e.4631"}]}
RESULT: {"script":"<script> [56 bytes]","args":[{"element-6066-11e4-a52e-4f735466cecf":"f.DBFB0E313060B6E614D077C1D7681781.d.355862DD4E75D839F366B92AC8A12285.e.4631","ELEMENT":"f.DBFB0E313060B6E614D077C1D7681781.d.355862DD4E75D839F366B92AC8A12285.e.4631"}]}
COMMAND: POST /session/d09bc8dff77367d024d5807c430cb6f4/element - {"using":"css selector","value":"#shell-header-logo"}
COMMAND: GET /session/d09bc8dff77367d024d5807c430cb6f4/screenshot - {}
RESULT: {"using":"css selector","value":"#shell-header-logo"}
COMMAND: POST /session/d09bc8dff77367d024d5807c430cb6f4/element/f.DBFB0E313060B6E614D077C1D7681781.d.355862DD4E75D839F366B92AC8A12285.e.3956/click - {}
RESULT: {}
RESULT: {}
COMMAND: GET /session/d09bc8dff77367d024d5807c430cb6f4/screenshot - {}
RESULT: {}
COMMAND: POST /session/d09bc8dff77367d024d5807c430cb6f4/execute/sync - {"script":"<script> [299 bytes]","args":[["getModel","getResource"]]}
RESULT: {"script":"<script> [299 bytes]","args":[["getModel","getResource"]]}
COMMAND: POST /session/d09bc8dff77367d024d5807c430cb6f4/actions - {"actions":[{"id":"action17","type":"key","parameters":{},"actions":[{"type":"keyDown","value":"î€‡"},{"type":"pause","duration":10},{"type":"keyUp","value":"î€‡"}]}]}
COMMAND: GET /session/d09bc8dff77367d024d5807c430cb6f4/screenshot - {}
RESULT: {"actions":[{"id":"action17","type":"key","parameters":{},"actions":[{"type":"keyDown","value":"î€‡"},{"type":"pause","duration":10},{"type":"keyUp","value":"î€‡"}]}]}
COMMAND: GET /session/d09bc8dff77367d024d5807c430cb6f4/screenshot - {}
RESULT: {}
RESULT: {}
COMMAND: POST /session/d09bc8dff77367d024d5807c430cb6f4/refresh - {}
RESULT: {}
COMMAND: GET /session/d09bc8dff77367d024d5807c430cb6f4/screenshot - {}
RESULT: {}
COMMAND: POST /session/d09bc8dff77367d024d5807c430cb6f4/refresh - {}
RESULT: {}
COMMAND: GET /session/d09bc8dff77367d024d5807c430cb6f4/screenshot - {}
RESULT: {}
COMMAND: POST /session/d09bc8dff77367d024d5807c430cb6f4/window/fullscreen - {}
RESULT: {}
COMMAND: POST /session/d09bc8dff77367d024d5807c430cb6f4/execute/async - {"script":"<script> [189 bytes]","args":[]}
RESULT: {"script":"<script> [189 bytes]","args":[]}
COMMAND: POST /session/d09bc8dff77367d024d5807c430cb6f4/execute/async - {"script":"<script> [123 bytes]","args":[]}
RESULT: {"script":"<script> [123 bytes]","args":[]}
COMMAND: POST /session/d09bc8dff77367d024d5807c430cb6f4/timeouts - {"script":"<number>"}
RESULT: {"script":"<number>"}
COMMAND: GET /session/d09bc8dff77367d024d5807c430cb6f4/timeouts - {}
RESULT: {}
RESULT: undefined
COMMAND: POST /session/d09bc8dff77367d024d5807c430cb6f4/execute/async - {"script":"<script> [2676 bytes]","args":[]}
RESULT: {"script":"<script> [2676 bytes]","args":[]}
COMMAND: POST /session/d09bc8dff77367d024d5807c430cb6f4/execute/async - {"script":"<script> [2342 bytes]","args":[{"protocol":"http","hostname":"0.0.0.0","path":"/","capabilities":{"browserName":"chrome","goog:chromeOptions":{"binary":"C:\\Program Files\\Google\\Chrome\\Application\\chrome.exe","args":["--start-maximized"]}},"logLevel":"warn","connectionRetryTimeout":120000,"connectionRetryCount":3,"logLevels":{},"enableDirectConnect":true,"strictSSL":true,"_":"65 more keys: [\"cacheDir\",\"port\",\"requestedCapabilities\",\"automationProtocol\",\"baseUrl\",\"waitforInterval\",\"waitforTimeout\",\"onReload\",\"beforeCommand\",\"afterCommand\",\"rootDir\",\"specs\",\"suites\",\"exclude\",\"groupLogsByTestSpec\",\"excludeDriverLogs\",\"bail\",\"framework\",\"reporters\",\"services\",\"maxInstances\",\"maxInstancesPerCapability\",\"injectGlobals\",\"filesToWatch\",\"execArgv\",\"runnerEnv\",\"runner\",\"shard\",\"specFileRetries\",\"specFileRetriesDelay\",\"specFileRetriesDeferred\",\"reporterSyncInterval\",\"reporterSyncTimeout\",\"cucumberFeaturesWithLineNumbers\",\"autoCompileOpts\",\"mochaOpts\",\"jasmineOpts\",\"cucumberOpts\",\"onPrepare\",\"onWorkerStart\",\"onWorkerEnd\",\"before\",\"beforeSession\",\"beforeSuite\",\"beforeHook\",\"beforeTest\",\"afterTest\",\"afterHook\",\"afterSuite\",\"afterSession\",\"after\",\"onComplete\",\"beforeAssertion\",\"afterAssertion\",\"beforeFeature\",\"beforeScenario\",\"beforeStep\",\"afterStep\",\"afterScenario\",\"afterFeature\",\"_\",\"suite\",\"$0\",\"ignoredWorkerServices\",\"wdi5\"]"}]}
RESULT: {"script":"<script> [2342 bytes]","args":[{"protocol":"http","hostname":"0.0.0.0","path":"/","capabilities":{"browserName":"chrome","goog:chromeOptions":{"binary":"C:\\Program Files\\Google\\Chrome\\Application\\chrome.exe","args":["--start-maximized"]}},"logLevel":"warn","connectionRetryTimeout":120000,"connectionRetryCount":3,"logLevels":{},"enableDirectConnect":true,"strictSSL":true,"_":"65 more keys: [\"cacheDir\",\"port\",\"requestedCapabilities\",\"automationProtocol\",\"baseUrl\",\"waitforInterval\",\"waitforTimeout\",\"onReload\",\"beforeCommand\",\"afterCommand\",\"rootDir\",\"specs\",\"suites\",\"exclude\",\"groupLogsByTestSpec\",\"excludeDriverLogs\",\"bail\",\"framework\",\"reporters\",\"services\",\"maxInstances\",\"maxInstancesPerCapability\",\"injectGlobals\",\"filesToWatch\",\"execArgv\",\"runnerEnv\",\"runner\",\"shard\",\"specFileRetries\",\"specFileRetriesDelay\",\"specFileRetriesDeferred\",\"reporterSyncInterval\",\"reporterSyncTimeout\",\"cucumberFeaturesWithLineNumbers\",\"autoCompileOpts\",\"mochaOpts\",\"jasmineOpts\",\"cucumberOpts\",\"onPrepare\",\"onWorkerStart\",\"onWorkerEnd\",\"before\",\"beforeSession\",\"beforeSuite\",\"beforeHook\",\"beforeTest\",\"afterTest\",\"afterHook\",\"afterSuite\",\"afterSession\",\"after\",\"onComplete\",\"beforeAssertion\",\"afterAssertion\",\"beforeFeature\",\"beforeScenario\",\"beforeStep\",\"afterStep\",\"afterScenario\",\"afterFeature\",\"_\",\"suite\",\"$0\",\"ignoredWorkerServices\",\"wdi5\"]"}]}
COMMAND: POST /session/d09bc8dff77367d024d5807c430cb6f4/execute/async - {"script":"<script> [21126 bytes]","args":[35000]}
RESULT: {"script":"<script> [21126 bytes]","args":[35000]}
COMMAND: POST /session/d09bc8dff77367d024d5807c430cb6f4/window/fullscreen - {}
RESULT: {}
]]></system-out>
    </testcase>
    <testcase classname="chrome.136_0_7103_93.windows.Edit_and_delete_daily_price_US134629_US134627" name="Should go to Manage Conditions Daily Price and add the 2 rows one with yard site and one with yard" time="109.777">
      <system-out><![CDATA[
COMMAND: POST /session/d09bc8dff77367d024d5807c430cb6f4/execute/async - {"script":"<script> [1562 bytes]","args":[{"selector":{"controlType":"sap.m.GenericTile","properties":{"header":"Manage Conditions & Prices"}},"wdio_ui5_key":"sapm.GenericTile{\"header\":\"Manage Conditions & Prices\"}"}]}
RESULT: {"script":"<script> [1562 bytes]","args":[{"selector":{"controlType":"sap.m.GenericTile","properties":{"header":"Manage Conditions & Prices"}},"wdio_ui5_key":"sapm.GenericTile{\"header\":\"Manage Conditions & Prices\"}"}]}
RESULT: undefined
COMMAND: POST /session/d09bc8dff77367d024d5807c430cb6f4/element - {"using":"xpath","value":"//*[@id=\"__tile93\"]"}
RESULT: {"using":"xpath","value":"//*[@id=\"__tile93\"]"}
COMMAND: POST /session/d09bc8dff77367d024d5807c430cb6f4/element/f.DBFB0E313060B6E614D077C1D7681781.d.BD363282E9A5C663FE30A202BD938B6F.e.4663/click - {}
RESULT: {}
COMMAND: GET /session/d09bc8dff77367d024d5807c430cb6f4/screenshot - {}
RESULT: {}
COMMAND: POST /session/d09bc8dff77367d024d5807c430cb6f4/elements - {"using":"xpath","value":"//span[text()='Error']"}
RESULT: {"using":"xpath","value":"//span[text()='Error']"}
COMMAND: POST /session/d09bc8dff77367d024d5807c430cb6f4/element - {"using":"xpath","value":"//button[@aria-label=\"Create\"]"}
RESULT: {"using":"xpath","value":"//button[@aria-label=\"Create\"]"}
COMMAND: POST /session/d09bc8dff77367d024d5807c430cb6f4/elements - {"using":"xpath","value":"//button[@aria-label=\"Create\"]"}
RESULT: {"using":"xpath","value":"//button[@aria-label=\"Create\"]"}
COMMAND: POST /session/d09bc8dff77367d024d5807c430cb6f4/elements - {"using":"xpath","value":"//button[@aria-label=\"Create\"]"}
RESULT: {"using":"xpath","value":"//button[@aria-label=\"Create\"]"}
COMMAND: POST /session/d09bc8dff77367d024d5807c430cb6f4/elements - {"using":"xpath","value":"//button[@aria-label=\"Create\"]"}
RESULT: {"using":"xpath","value":"//button[@aria-label=\"Create\"]"}
COMMAND: POST /session/d09bc8dff77367d024d5807c430cb6f4/elements - {"using":"xpath","value":"//button[@aria-label=\"Create\"]"}
RESULT: {"using":"xpath","value":"//button[@aria-label=\"Create\"]"}
COMMAND: POST /session/d09bc8dff77367d024d5807c430cb6f4/elements - {"using":"xpath","value":"//button[@aria-label=\"Create\"]"}
RESULT: {"using":"xpath","value":"//button[@aria-label=\"Create\"]"}
COMMAND: POST /session/d09bc8dff77367d024d5807c430cb6f4/elements - {"using":"xpath","value":"//button[@aria-label=\"Create\"]"}
RESULT: {"using":"xpath","value":"//button[@aria-label=\"Create\"]"}
COMMAND: POST /session/d09bc8dff77367d024d5807c430cb6f4/elements - {"using":"xpath","value":"//button[@aria-label=\"Create\"]"}
RESULT: {"using":"xpath","value":"//button[@aria-label=\"Create\"]"}
COMMAND: POST /session/d09bc8dff77367d024d5807c430cb6f4/elements - {"using":"xpath","value":"//button[@aria-label=\"Create\"]"}
RESULT: {"using":"xpath","value":"//button[@aria-label=\"Create\"]"}
COMMAND: POST /session/d09bc8dff77367d024d5807c430cb6f4/elements - {"using":"xpath","value":"//button[@aria-label=\"Create\"]"}
RESULT: {"using":"xpath","value":"//button[@aria-label=\"Create\"]"}
COMMAND: POST /session/d09bc8dff77367d024d5807c430cb6f4/elements - {"using":"xpath","value":"//button[@aria-label=\"Create\"]"}
RESULT: {"using":"xpath","value":"//button[@aria-label=\"Create\"]"}
COMMAND: POST /session/d09bc8dff77367d024d5807c430cb6f4/elements - {"using":"xpath","value":"//button[@aria-label=\"Create\"]"}
RESULT: {"using":"xpath","value":"//button[@aria-label=\"Create\"]"}
COMMAND: POST /session/d09bc8dff77367d024d5807c430cb6f4/elements - {"using":"xpath","value":"//button[@aria-label=\"Create\"]"}
RESULT: {"using":"xpath","value":"//button[@aria-label=\"Create\"]"}
COMMAND: POST /session/d09bc8dff77367d024d5807c430cb6f4/elements - {"using":"xpath","value":"//button[@aria-label=\"Create\"]"}
RESULT: {"using":"xpath","value":"//button[@aria-label=\"Create\"]"}
COMMAND: POST /session/d09bc8dff77367d024d5807c430cb6f4/elements - {"using":"xpath","value":"//button[@aria-label=\"Create\"]"}
RESULT: {"using":"xpath","value":"//button[@aria-label=\"Create\"]"}
COMMAND: POST /session/d09bc8dff77367d024d5807c430cb6f4/elements - {"using":"xpath","value":"//button[@aria-label=\"Create\"]"}
RESULT: {"using":"xpath","value":"//button[@aria-label=\"Create\"]"}
COMMAND: POST /session/d09bc8dff77367d024d5807c430cb6f4/elements - {"using":"xpath","value":"//button[@aria-label=\"Create\"]"}
RESULT: {"using":"xpath","value":"//button[@aria-label=\"Create\"]"}
COMMAND: POST /session/d09bc8dff77367d024d5807c430cb6f4/elements - {"using":"xpath","value":"//button[@aria-label=\"Create\"]"}
RESULT: {"using":"xpath","value":"//button[@aria-label=\"Create\"]"}
COMMAND: POST /session/d09bc8dff77367d024d5807c430cb6f4/elements - {"using":"xpath","value":"//button[@aria-label=\"Create\"]"}
RESULT: {"using":"xpath","value":"//button[@aria-label=\"Create\"]"}
COMMAND: POST /session/d09bc8dff77367d024d5807c430cb6f4/elements - {"using":"xpath","value":"//button[@aria-label=\"Create\"]"}
RESULT: {"using":"xpath","value":"//button[@aria-label=\"Create\"]"}
COMMAND: POST /session/d09bc8dff77367d024d5807c430cb6f4/elements - {"using":"xpath","value":"//button[@aria-label=\"Create\"]"}
RESULT: {"using":"xpath","value":"//button[@aria-label=\"Create\"]"}
COMMAND: POST /session/d09bc8dff77367d024d5807c430cb6f4/elements - {"using":"xpath","value":"//button[@aria-label=\"Create\"]"}
RESULT: {"using":"xpath","value":"//button[@aria-label=\"Create\"]"}
COMMAND: POST /session/d09bc8dff77367d024d5807c430cb6f4/elements - {"using":"xpath","value":"//button[@aria-label=\"Create\"]"}
RESULT: {"using":"xpath","value":"//button[@aria-label=\"Create\"]"}
COMMAND: POST /session/d09bc8dff77367d024d5807c430cb6f4/elements - {"using":"xpath","value":"//button[@aria-label=\"Create\"]"}
RESULT: {"using":"xpath","value":"//button[@aria-label=\"Create\"]"}
COMMAND: POST /session/d09bc8dff77367d024d5807c430cb6f4/elements - {"using":"xpath","value":"//button[@aria-label=\"Create\"]"}
RESULT: {"using":"xpath","value":"//button[@aria-label=\"Create\"]"}
COMMAND: POST /session/d09bc8dff77367d024d5807c430cb6f4/elements - {"using":"xpath","value":"//button[@aria-label=\"Create\"]"}
RESULT: {"using":"xpath","value":"//button[@aria-label=\"Create\"]"}
COMMAND: POST /session/d09bc8dff77367d024d5807c430cb6f4/elements - {"using":"xpath","value":"//button[@aria-label=\"Create\"]"}
RESULT: {"using":"xpath","value":"//button[@aria-label=\"Create\"]"}
COMMAND: POST /session/d09bc8dff77367d024d5807c430cb6f4/elements - {"using":"xpath","value":"//button[@aria-label=\"Create\"]"}
RESULT: {"using":"xpath","value":"//button[@aria-label=\"Create\"]"}
COMMAND: POST /session/d09bc8dff77367d024d5807c430cb6f4/elements - {"using":"xpath","value":"//button[@aria-label=\"Create\"]"}
RESULT: {"using":"xpath","value":"//button[@aria-label=\"Create\"]"}
COMMAND: POST /session/d09bc8dff77367d024d5807c430cb6f4/elements - {"using":"xpath","value":"//button[@aria-label=\"Create\"]"}
RESULT: {"using":"xpath","value":"//button[@aria-label=\"Create\"]"}
COMMAND: POST /session/d09bc8dff77367d024d5807c430cb6f4/elements - {"using":"xpath","value":"//button[@aria-label=\"Create\"]"}
RESULT: {"using":"xpath","value":"//button[@aria-label=\"Create\"]"}
COMMAND: POST /session/d09bc8dff77367d024d5807c430cb6f4/elements - {"using":"xpath","value":"//button[@aria-label=\"Create\"]"}
RESULT: {"using":"xpath","value":"//button[@aria-label=\"Create\"]"}
COMMAND: POST /session/d09bc8dff77367d024d5807c430cb6f4/elements - {"using":"xpath","value":"//button[@aria-label=\"Create\"]"}
RESULT: {"using":"xpath","value":"//button[@aria-label=\"Create\"]"}
COMMAND: POST /session/d09bc8dff77367d024d5807c430cb6f4/elements - {"using":"xpath","value":"//button[@aria-label=\"Create\"]"}
RESULT: {"using":"xpath","value":"//button[@aria-label=\"Create\"]"}
COMMAND: POST /session/d09bc8dff77367d024d5807c430cb6f4/elements - {"using":"xpath","value":"//button[@aria-label=\"Create\"]"}
RESULT: {"using":"xpath","value":"//button[@aria-label=\"Create\"]"}
COMMAND: POST /session/d09bc8dff77367d024d5807c430cb6f4/elements - {"using":"xpath","value":"//button[@aria-label=\"Create\"]"}
RESULT: {"using":"xpath","value":"//button[@aria-label=\"Create\"]"}
COMMAND: POST /session/d09bc8dff77367d024d5807c430cb6f4/elements - {"using":"xpath","value":"//button[@aria-label=\"Create\"]"}
RESULT: {"using":"xpath","value":"//button[@aria-label=\"Create\"]"}
COMMAND: POST /session/d09bc8dff77367d024d5807c430cb6f4/element - {"using":"xpath","value":"//button[@aria-label=\"Create\"]"}
RESULT: {"using":"xpath","value":"//button[@aria-label=\"Create\"]"}
COMMAND: POST /session/d09bc8dff77367d024d5807c430cb6f4/element/f.DBFB0E313060B6E614D077C1D7681781.d.BD363282E9A5C663FE30A202BD938B6F.e.4811/click - {}
RESULT: {}
COMMAND: GET /session/d09bc8dff77367d024d5807c430cb6f4/screenshot - {}
COMMAND: POST /session/d09bc8dff77367d024d5807c430cb6f4/actions - {"actions":[{"id":"action18","type":"key","parameters":{},"actions":[{"type":"keyDown","value":"î€•"},{"type":"pause","duration":10},{"type":"keyUp","value":"î€•"}]}]}
RESULT: {}
RESULT: {"actions":[{"id":"action18","type":"key","parameters":{},"actions":[{"type":"keyDown","value":"î€•"},{"type":"pause","duration":10},{"type":"keyUp","value":"î€•"}]}]}
COMMAND: POST /session/d09bc8dff77367d024d5807c430cb6f4/actions - {"actions":[{"id":"action19","type":"key","parameters":{},"actions":[{"type":"keyDown","value":"î€‡"},{"type":"pause","duration":10},{"type":"keyUp","value":"î€‡"}]}]}
COMMAND: GET /session/d09bc8dff77367d024d5807c430cb6f4/screenshot - {}
RESULT: {"actions":[{"id":"action19","type":"key","parameters":{},"actions":[{"type":"keyDown","value":"î€‡"},{"type":"pause","duration":10},{"type":"keyUp","value":"î€‡"}]}]}
COMMAND: POST /session/d09bc8dff77367d024d5807c430cb6f4/execute/async - {"script":"<script> [1562 bytes]","args":[{"selector":{"controlType":"sap.m.Title","viewName":"etm.portal.ui.manageconditionprice.view.DailyPrices","viewId":"application-manageconditionprice-display-component---dailyPrices","i18NText":{"propertyName":"text","key":"dailyPrices"}},"wdio_ui5_key":"etmportal.ui.manageconditionprice.view.DailyPricessap.m.Title{\"propertyName\":\"text\",\"key\":\"dailyPrices\"}"}]}
COMMAND: GET /session/d09bc8dff77367d024d5807c430cb6f4/screenshot - {}
RESULT: {}
RESULT: {"script":"<script> [1562 bytes]","args":[{"selector":{"controlType":"sap.m.Title","viewName":"etm.portal.ui.manageconditionprice.view.DailyPrices","viewId":"application-manageconditionprice-display-component---dailyPrices","i18NText":{"propertyName":"text","key":"dailyPrices"}},"wdio_ui5_key":"etmportal.ui.manageconditionprice.view.DailyPricessap.m.Title{\"propertyName\":\"text\",\"key\":\"dailyPrices\"}"}]}
RESULT: undefined
COMMAND: POST /session/d09bc8dff77367d024d5807c430cb6f4/execute/async - {"script":"<script> [6424 bytes]","args":[{"element-6066-11e4-a52e-4f735466cecf":"f.DBFB0E313060B6E614D077C1D7681781.d.BD363282E9A5C663FE30A202BD938B6F.e.5189"},"getText",[]]}
RESULT: {}
RESULT: {"script":"<script> [6424 bytes]","args":[{"element-6066-11e4-a52e-4f735466cecf":"f.DBFB0E313060B6E614D077C1D7681781.d.BD363282E9A5C663FE30A202BD938B6F.e.5189"},"getText",[]]}
COMMAND: POST /session/d09bc8dff77367d024d5807c430cb6f4/execute/async - {"script":"<script> [1562 bytes]","args":[{"selector":{"id":"application-manageconditionprice-display-component---dailyPrices--condBillCond","interaction":{"idSuffix":"inner"}},"wdio_ui5_key":"applicationmanageconditionprice-display-component---dailyPrices--condBillCond"}]}
RESULT: {"script":"<script> [1562 bytes]","args":[{"selector":{"id":"application-manageconditionprice-display-component---dailyPrices--condBillCond","interaction":{"idSuffix":"inner"}},"wdio_ui5_key":"applicationmanageconditionprice-display-component---dailyPrices--condBillCond"}]}
RESULT: undefined
COMMAND: POST /session/d09bc8dff77367d024d5807c430cb6f4/execute/async - {"script":"<script> [776 bytes]","args":[{"enterText":"Residual Value %","selector":{"id":"application-manageconditionprice-display-component---dailyPrices--condBillCond","interaction":{"idSuffix":"inner"}},"clearTextFirst":true,"interactionType":"ENTER_TEXT"}]}
RESULT: {"script":"<script> [776 bytes]","args":[{"enterText":"Residual Value %","selector":{"id":"application-manageconditionprice-display-component---dailyPrices--condBillCond","interaction":{"idSuffix":"inner"}},"clearTextFirst":true,"interactionType":"ENTER_TEXT"}]}
COMMAND: POST /session/d09bc8dff77367d024d5807c430cb6f4/execute/async - {"script":"<script> [1562 bytes]","args":[{"selector":{"controlType":"sap.m.StandardListItem","viewName":"etm.portal.ui.manageconditionprice.view.DailyPrices","viewId":"application-manageconditionprice-display-component---dailyPrices","properties":{"type":"Active"},"searchOpenDialogs":true,"interaction":{"idSuffix":"titleText"}},"wdio_ui5_key":"etmportal.ui.manageconditionprice.view.DailyPricessap.m.StandardListItem{\"type\":\"Active\"}"}]}
RESULT: {"script":"<script> [1562 bytes]","args":[{"selector":{"controlType":"sap.m.StandardListItem","viewName":"etm.portal.ui.manageconditionprice.view.DailyPrices","viewId":"application-manageconditionprice-display-component---dailyPrices","properties":{"type":"Active"},"searchOpenDialogs":true,"interaction":{"idSuffix":"titleText"}},"wdio_ui5_key":"etmportal.ui.manageconditionprice.view.DailyPricessap.m.StandardListItem{\"type\":\"Active\"}"}]}
RESULT: undefined
COMMAND: POST /session/d09bc8dff77367d024d5807c430cb6f4/element - {"using":"xpath","value":"//*[@id=\"__item42\"]"}
RESULT: {"using":"xpath","value":"//*[@id=\"__item42\"]"}
COMMAND: POST /session/d09bc8dff77367d024d5807c430cb6f4/element/f.DBFB0E313060B6E614D077C1D7681781.d.BD363282E9A5C663FE30A202BD938B6F.e.5193/click - {}
RESULT: {}
COMMAND: POST /session/d09bc8dff77367d024d5807c430cb6f4/execute/async - {"script":"<script> [1562 bytes]","args":[{"selector":{"id":"application-manageconditionprice-display-component---dailyPrices--editBtn","interaction":{"idSuffix":"BDI-content"}},"wdio_ui5_key":"applicationmanageconditionprice-display-component---dailyPrices--editBtn"}]}
COMMAND: GET /session/d09bc8dff77367d024d5807c430cb6f4/screenshot - {}
RESULT: {"script":"<script> [1562 bytes]","args":[{"selector":{"id":"application-manageconditionprice-display-component---dailyPrices--editBtn","interaction":{"idSuffix":"BDI-content"}},"wdio_ui5_key":"applicationmanageconditionprice-display-component---dailyPrices--editBtn"}]}
RESULT: undefined
COMMAND: POST /session/d09bc8dff77367d024d5807c430cb6f4/element - {"using":"xpath","value":"//*[@id=\"application-manageconditionprice-display-component---dailyPrices--editBtn\"]"}
RESULT: {}
RESULT: {"using":"xpath","value":"//*[@id=\"application-manageconditionprice-display-component---dailyPrices--editBtn\"]"}
COMMAND: POST /session/d09bc8dff77367d024d5807c430cb6f4/element/f.DBFB0E313060B6E614D077C1D7681781.d.BD363282E9A5C663FE30A202BD938B6F.e.5191/click - {}
RESULT: {}
COMMAND: POST /session/d09bc8dff77367d024d5807c430cb6f4/execute/async - {"script":"<script> [1562 bytes]","args":[{"selector":{"controlType":"sap.m.Button","viewName":"etm.portal.ui.manageconditionprice.view.DailyPrices","viewId":"application-manageconditionprice-display-component---dailyPrices","i18NText":{"propertyName":"text","key":"add"},"interaction":{"idSuffix":"BDI-content"}},"wdio_ui5_key":"etmportal.ui.manageconditionprice.view.DailyPricessap.m.Button{\"propertyName\":\"text\",\"key\":\"add\"}"}]}
COMMAND: GET /session/d09bc8dff77367d024d5807c430cb6f4/screenshot - {}
RESULT: {"script":"<script> [1562 bytes]","args":[{"selector":{"controlType":"sap.m.Button","viewName":"etm.portal.ui.manageconditionprice.view.DailyPrices","viewId":"application-manageconditionprice-display-component---dailyPrices","i18NText":{"propertyName":"text","key":"add"},"interaction":{"idSuffix":"BDI-content"}},"wdio_ui5_key":"etmportal.ui.manageconditionprice.view.DailyPricessap.m.Button{\"propertyName\":\"text\",\"key\":\"add\"}"}]}
RESULT: undefined
COMMAND: POST /session/d09bc8dff77367d024d5807c430cb6f4/element - {"using":"xpath","value":"//*[@id=\"__button6\"]"}
RESULT: {}
RESULT: {"using":"xpath","value":"//*[@id=\"__button6\"]"}
COMMAND: POST /session/d09bc8dff77367d024d5807c430cb6f4/element/f.DBFB0E313060B6E614D077C1D7681781.d.BD363282E9A5C663FE30A202BD938B6F.e.5201/click - {}
RESULT: {}
COMMAND: POST /session/d09bc8dff77367d024d5807c430cb6f4/elements - {"using":"css selector","value":"table tr"}
COMMAND: GET /session/d09bc8dff77367d024d5807c430cb6f4/screenshot - {}
RESULT: {"using":"css selector","value":"table tr"}
COMMAND: POST /session/d09bc8dff77367d024d5807c430cb6f4/element/f.DBFB0E313060B6E614D077C1D7681781.d.BD363282E9A5C663FE30A202BD938B6F.e.5399/elements - {"using":"css selector","value":"input"}
RESULT: {}
RESULT: {"using":"css selector","value":"input"}
COMMAND: POST /session/d09bc8dff77367d024d5807c430cb6f4/element/f.DBFB0E313060B6E614D077C1D7681781.d.BD363282E9A5C663FE30A202BD938B6F.e.5402/clear - {}
COMMAND: POST /session/d09bc8dff77367d024d5807c430cb6f4/element/f.DBFB0E313060B6E614D077C1D7681781.d.BD363282E9A5C663FE30A202BD938B6F.e.5400/clear - {}
COMMAND: POST /session/d09bc8dff77367d024d5807c430cb6f4/element/f.DBFB0E313060B6E614D077C1D7681781.d.BD363282E9A5C663FE30A202BD938B6F.e.5403/clear - {}
COMMAND: POST /session/d09bc8dff77367d024d5807c430cb6f4/element/f.DBFB0E313060B6E614D077C1D7681781.d.BD363282E9A5C663FE30A202BD938B6F.e.5401/clear - {}
COMMAND: POST /session/d09bc8dff77367d024d5807c430cb6f4/element/f.DBFB0E313060B6E614D077C1D7681781.d.BD363282E9A5C663FE30A202BD938B6F.e.5399/elements - {"using":"css selector","value":"td"}
RESULT: {}
COMMAND: POST /session/d09bc8dff77367d024d5807c430cb6f4/element/f.DBFB0E313060B6E614D077C1D7681781.d.BD363282E9A5C663FE30A202BD938B6F.e.5402/value - {"text":"705.60"}
RESULT: {"text":"705.60"}
COMMAND: GET /session/d09bc8dff77367d024d5807c430cb6f4/screenshot - {}
COMMAND: GET /session/d09bc8dff77367d024d5807c430cb6f4/screenshot - {}
RESULT: {}
COMMAND: POST /session/d09bc8dff77367d024d5807c430cb6f4/element/f.DBFB0E313060B6E614D077C1D7681781.d.BD363282E9A5C663FE30A202BD938B6F.e.5400/value - {"text":"05/19/25"}
RESULT: {}
COMMAND: POST /session/d09bc8dff77367d024d5807c430cb6f4/element/f.DBFB0E313060B6E614D077C1D7681781.d.BD363282E9A5C663FE30A202BD938B6F.e.5403/value - {"text":"Euro"}
RESULT: {"text":"05/19/25"}
RESULT: {"text":"Euro"}
RESULT: {}
COMMAND: POST /session/d09bc8dff77367d024d5807c430cb6f4/element/f.DBFB0E313060B6E614D077C1D7681781.d.BD363282E9A5C663FE30A202BD938B6F.e.5401/value - {"text":"10/19/25"}
RESULT: {"using":"css selector","value":"td"}
COMMAND: POST /session/d09bc8dff77367d024d5807c430cb6f4/element - {"using":"xpath","value":".//li[contains(., \"2282\") and not(.//li)]"}
COMMAND: POST /session/d09bc8dff77367d024d5807c430cb6f4/element/f.DBFB0E313060B6E614D077C1D7681781.d.BD363282E9A5C663FE30A202BD938B6F.e.5421/element - {"using":"css selector","value":"input"}
COMMAND: POST /session/d09bc8dff77367d024d5807c430cb6f4/element/f.DBFB0E313060B6E614D077C1D7681781.d.BD363282E9A5C663FE30A202BD938B6F.e.5421/element - {"using":"css selector","value":"input"}
COMMAND: GET /session/d09bc8dff77367d024d5807c430cb6f4/screenshot - {}
COMMAND: GET /session/d09bc8dff77367d024d5807c430cb6f4/screenshot - {}
COMMAND: GET /session/d09bc8dff77367d024d5807c430cb6f4/screenshot - {}
COMMAND: GET /session/d09bc8dff77367d024d5807c430cb6f4/screenshot - {}
COMMAND: GET /session/d09bc8dff77367d024d5807c430cb6f4/screenshot - {}
RESULT: {}
RESULT: {"text":"10/19/25"}
COMMAND: GET /session/d09bc8dff77367d024d5807c430cb6f4/screenshot - {}
RESULT: {"using":"xpath","value":".//li[contains(., \"2282\") and not(.//li)]"}
RESULT: {"using":"css selector","value":"input"}
COMMAND: POST /session/d09bc8dff77367d024d5807c430cb6f4/element/f.DBFB0E313060B6E614D077C1D7681781.d.BD363282E9A5C663FE30A202BD938B6F.e.5404/click - {}
RESULT: {"using":"css selector","value":"input"}
COMMAND: POST /session/d09bc8dff77367d024d5807c430cb6f4/element/f.DBFB0E313060B6E614D077C1D7681781.d.BD363282E9A5C663FE30A202BD938B6F.e.5404/clear - {}
RESULT: {}
RESULT: {}
RESULT: {}
COMMAND: POST /session/d09bc8dff77367d024d5807c430cb6f4/elements - {"using":"xpath","value":".//li[contains(., \"2282\") and not(.//li)]"}
RESULT: {}
RESULT: {}
RESULT: {}
RESULT: {}
RESULT: {}
COMMAND: GET /session/d09bc8dff77367d024d5807c430cb6f4/screenshot - {}
RESULT: {}
COMMAND: POST /session/d09bc8dff77367d024d5807c430cb6f4/element/f.DBFB0E313060B6E614D077C1D7681781.d.BD363282E9A5C663FE30A202BD938B6F.e.5404/value - {"text":"2282"}
COMMAND: GET /session/d09bc8dff77367d024d5807c430cb6f4/screenshot - {}
RESULT: {"using":"xpath","value":".//li[contains(., \"2282\") and not(.//li)]"}
COMMAND: POST /session/d09bc8dff77367d024d5807c430cb6f4/elements - {"using":"xpath","value":".//li[contains(., \"2282\") and not(.//li)]"}
RESULT: {}
RESULT: {"text":"2282"}
COMMAND: GET /session/d09bc8dff77367d024d5807c430cb6f4/screenshot - {}
RESULT: {}
RESULT: {"using":"xpath","value":".//li[contains(., \"2282\") and not(.//li)]"}
COMMAND: POST /session/d09bc8dff77367d024d5807c430cb6f4/element - {"using":"xpath","value":".//li[contains(., \"2282\") and not(.//li)]"}
RESULT: {}
RESULT: {"using":"xpath","value":".//li[contains(., \"2282\") and not(.//li)]"}
COMMAND: POST /session/d09bc8dff77367d024d5807c430cb6f4/element/f.DBFB0E313060B6E614D077C1D7681781.d.BD363282E9A5C663FE30A202BD938B6F.e.5428/click - {}
RESULT: {}
COMMAND: POST /session/d09bc8dff77367d024d5807c430cb6f4/element/f.DBFB0E313060B6E614D077C1D7681781.d.BD363282E9A5C663FE30A202BD938B6F.e.5422/element - {"using":"css selector","value":"input"}
COMMAND: GET /session/d09bc8dff77367d024d5807c430cb6f4/screenshot - {}
RESULT: {"using":"css selector","value":"input"}
COMMAND: POST /session/d09bc8dff77367d024d5807c430cb6f4/element/f.DBFB0E313060B6E614D077C1D7681781.d.BD363282E9A5C663FE30A202BD938B6F.e.5405/click - {}
RESULT: {}
RESULT: {}
COMMAND: GET /session/d09bc8dff77367d024d5807c430cb6f4/screenshot - {}
RESULT: {}
COMMAND: POST /session/d09bc8dff77367d024d5807c430cb6f4/element/f.DBFB0E313060B6E614D077C1D7681781.d.BD363282E9A5C663FE30A202BD938B6F.e.5422/element - {"using":"css selector","value":"input"}
RESULT: {"using":"css selector","value":"input"}
COMMAND: POST /session/d09bc8dff77367d024d5807c430cb6f4/element/f.DBFB0E313060B6E614D077C1D7681781.d.BD363282E9A5C663FE30A202BD938B6F.e.5405/clear - {}
RESULT: {}
COMMAND: POST /session/d09bc8dff77367d024d5807c430cb6f4/element/f.DBFB0E313060B6E614D077C1D7681781.d.BD363282E9A5C663FE30A202BD938B6F.e.5405/value - {"text":"562"}
COMMAND: GET /session/d09bc8dff77367d024d5807c430cb6f4/screenshot - {}
RESULT: {"text":"562"}
COMMAND: GET /session/d09bc8dff77367d024d5807c430cb6f4/screenshot - {}
RESULT: {}
COMMAND: POST /session/d09bc8dff77367d024d5807c430cb6f4/element - {"using":"xpath","value":".//li[contains(., \"562\") and not(.//li)]"}
RESULT: {}
RESULT: {"using":"xpath","value":".//li[contains(., \"562\") and not(.//li)]"}
COMMAND: POST /session/d09bc8dff77367d024d5807c430cb6f4/element/f.DBFB0E313060B6E614D077C1D7681781.d.BD363282E9A5C663FE30A202BD938B6F.e.5429/click - {}
RESULT: {}
RESULT: undefined
COMMAND: POST /session/d09bc8dff77367d024d5807c430cb6f4/element - {"using":"xpath","value":"//*[@id=\"__button6\"]"}
COMMAND: GET /session/d09bc8dff77367d024d5807c430cb6f4/screenshot - {}
RESULT: {"using":"xpath","value":"//*[@id=\"__button6\"]"}
COMMAND: POST /session/d09bc8dff77367d024d5807c430cb6f4/element/f.DBFB0E313060B6E614D077C1D7681781.d.BD363282E9A5C663FE30A202BD938B6F.e.5201/click - {}
RESULT: {}
RESULT: {}
COMMAND: POST /session/d09bc8dff77367d024d5807c430cb6f4/elements - {"using":"css selector","value":"table tr"}
COMMAND: GET /session/d09bc8dff77367d024d5807c430cb6f4/screenshot - {}
RESULT: {"using":"css selector","value":"table tr"}
COMMAND: POST /session/d09bc8dff77367d024d5807c430cb6f4/element/f.DBFB0E313060B6E614D077C1D7681781.d.BD363282E9A5C663FE30A202BD938B6F.e.5438/elements - {"using":"css selector","value":"input"}
RESULT: {}
RESULT: {"using":"css selector","value":"input"}
COMMAND: POST /session/d09bc8dff77367d024d5807c430cb6f4/element/f.DBFB0E313060B6E614D077C1D7681781.d.BD363282E9A5C663FE30A202BD938B6F.e.5433/clear - {}
COMMAND: POST /session/d09bc8dff77367d024d5807c430cb6f4/element/f.DBFB0E313060B6E614D077C1D7681781.d.BD363282E9A5C663FE30A202BD938B6F.e.5431/clear - {}
COMMAND: POST /session/d09bc8dff77367d024d5807c430cb6f4/element/f.DBFB0E313060B6E614D077C1D7681781.d.BD363282E9A5C663FE30A202BD938B6F.e.5434/clear - {}
COMMAND: POST /session/d09bc8dff77367d024d5807c430cb6f4/element/f.DBFB0E313060B6E614D077C1D7681781.d.BD363282E9A5C663FE30A202BD938B6F.e.5432/clear - {}
RESULT: {}
COMMAND: POST /session/d09bc8dff77367d024d5807c430cb6f4/element/f.DBFB0E313060B6E614D077C1D7681781.d.BD363282E9A5C663FE30A202BD938B6F.e.5432/value - {"text":"10/19/25"}
COMMAND: GET /session/d09bc8dff77367d024d5807c430cb6f4/screenshot - {}
RESULT: {}
COMMAND: POST /session/d09bc8dff77367d024d5807c430cb6f4/element/f.DBFB0E313060B6E614D077C1D7681781.d.BD363282E9A5C663FE30A202BD938B6F.e.5434/value - {"text":"US Dollar"}
COMMAND: GET /session/d09bc8dff77367d024d5807c430cb6f4/screenshot - {}
RESULT: {}
COMMAND: POST /session/d09bc8dff77367d024d5807c430cb6f4/element/f.DBFB0E313060B6E614D077C1D7681781.d.BD363282E9A5C663FE30A202BD938B6F.e.5431/value - {"text":"05/19/25"}
COMMAND: GET /session/d09bc8dff77367d024d5807c430cb6f4/screenshot - {}
RESULT: {}
COMMAND: POST /session/d09bc8dff77367d024d5807c430cb6f4/element/f.DBFB0E313060B6E614D077C1D7681781.d.BD363282E9A5C663FE30A202BD938B6F.e.5433/value - {"text":"99.5"}
COMMAND: GET /session/d09bc8dff77367d024d5807c430cb6f4/screenshot - {}
RESULT: {"text":"10/19/25"}
COMMAND: GET /session/d09bc8dff77367d024d5807c430cb6f4/screenshot - {}
COMMAND: POST /session/d09bc8dff77367d024d5807c430cb6f4/element/f.DBFB0E313060B6E614D077C1D7681781.d.BD363282E9A5C663FE30A202BD938B6F.e.5438/elements - {"using":"css selector","value":"td"}
RESULT: {}
RESULT: {"text":"US Dollar"}
COMMAND: GET /session/d09bc8dff77367d024d5807c430cb6f4/screenshot - {}
RESULT: {}
RESULT: {"text":"05/19/25"}
COMMAND: GET /session/d09bc8dff77367d024d5807c430cb6f4/screenshot - {}
RESULT: {}
RESULT: {"text":"99.5"}
COMMAND: GET /session/d09bc8dff77367d024d5807c430cb6f4/screenshot - {}
RESULT: {}
RESULT: {}
RESULT: {"using":"css selector","value":"td"}
COMMAND: POST /session/d09bc8dff77367d024d5807c430cb6f4/element/f.DBFB0E313060B6E614D077C1D7681781.d.BD363282E9A5C663FE30A202BD938B6F.e.5453/element - {"using":"css selector","value":"input"}
RESULT: {}
RESULT: {}
RESULT: {}
RESULT: {"using":"css selector","value":"input"}
COMMAND: POST /session/d09bc8dff77367d024d5807c430cb6f4/element/f.DBFB0E313060B6E614D077C1D7681781.d.BD363282E9A5C663FE30A202BD938B6F.e.5435/click - {}
RESULT: {}
COMMAND: GET /session/d09bc8dff77367d024d5807c430cb6f4/screenshot - {}
RESULT: {}
COMMAND: POST /session/d09bc8dff77367d024d5807c430cb6f4/element/f.DBFB0E313060B6E614D077C1D7681781.d.BD363282E9A5C663FE30A202BD938B6F.e.5453/element - {"using":"css selector","value":"input"}
RESULT: {"using":"css selector","value":"input"}
COMMAND: POST /session/d09bc8dff77367d024d5807c430cb6f4/element/f.DBFB0E313060B6E614D077C1D7681781.d.BD363282E9A5C663FE30A202BD938B6F.e.5435/clear - {}
RESULT: {}
COMMAND: POST /session/d09bc8dff77367d024d5807c430cb6f4/element/f.DBFB0E313060B6E614D077C1D7681781.d.BD363282E9A5C663FE30A202BD938B6F.e.5435/value - {"text":"2282"}
COMMAND: GET /session/d09bc8dff77367d024d5807c430cb6f4/screenshot - {}
RESULT: {"text":"2282"}
COMMAND: GET /session/d09bc8dff77367d024d5807c430cb6f4/screenshot - {}
RESULT: {}
RESULT: {}
COMMAND: POST /session/d09bc8dff77367d024d5807c430cb6f4/element - {"using":"xpath","value":"(//li[div//span[contains(text(), '2282')]])[2]"}
RESULT: {"using":"xpath","value":"(//li[div//span[contains(text(), '2282')]])[2]"}
COMMAND: POST /session/d09bc8dff77367d024d5807c430cb6f4/element/f.DBFB0E313060B6E614D077C1D7681781.d.BD363282E9A5C663FE30A202BD938B6F.e.5459/click - {}
RESULT: {}
COMMAND: POST /session/d09bc8dff77367d024d5807c430cb6f4/execute/async - {"script":"<script> [1562 bytes]","args":[{"selector":{"controlType":"sap.m.Button","viewName":"etm.portal.ui.manageconditionprice.view.DailyPrices","viewId":"application-manageconditionprice-display-component---dailyPrices","i18NText":{"propertyName":"tooltip","key":"save"},"interaction":{"idSuffix":"BDI-content"}},"wdio_ui5_key":"etmportal.ui.manageconditionprice.view.DailyPricessap.m.Button{\"propertyName\":\"tooltip\",\"key\":\"save\"}"}]}
COMMAND: GET /session/d09bc8dff77367d024d5807c430cb6f4/screenshot - {}
RESULT: {"script":"<script> [1562 bytes]","args":[{"selector":{"controlType":"sap.m.Button","viewName":"etm.portal.ui.manageconditionprice.view.DailyPrices","viewId":"application-manageconditionprice-display-component---dailyPrices","i18NText":{"propertyName":"tooltip","key":"save"},"interaction":{"idSuffix":"BDI-content"}},"wdio_ui5_key":"etmportal.ui.manageconditionprice.view.DailyPricessap.m.Button{\"propertyName\":\"tooltip\",\"key\":\"save\"}"}]}
RESULT: undefined
COMMAND: POST /session/d09bc8dff77367d024d5807c430cb6f4/element - {"using":"xpath","value":"//*[@id=\"__button8\"]"}
RESULT: {}
RESULT: {"using":"xpath","value":"//*[@id=\"__button8\"]"}
COMMAND: POST /session/d09bc8dff77367d024d5807c430cb6f4/element/f.DBFB0E313060B6E614D077C1D7681781.d.BD363282E9A5C663FE30A202BD938B6F.e.5195/click - {}
RESULT: {}
COMMAND: GET /session/d09bc8dff77367d024d5807c430cb6f4/screenshot - {}
RESULT: {}
]]></system-out>
    </testcase>
    <testcase classname="chrome.136_0_7103_93.windows.Edit_and_delete_daily_price_US134629_US134627" name="Should check whether the 2 rows have been added then edit one of the rows s currency and value and save and check the edited values" time="13.69">
      <system-out><![CDATA[
COMMAND: POST /session/d09bc8dff77367d024d5807c430cb6f4/elements - {"using":"css selector","value":"table tr"}
RESULT: {"using":"css selector","value":"table tr"}
COMMAND: POST /session/d09bc8dff77367d024d5807c430cb6f4/element/f.DBFB0E313060B6E614D077C1D7681781.d.BD363282E9A5C663FE30A202BD938B6F.e.5438/elements - {"using":"css selector","value":"td"}
RESULT: {"using":"css selector","value":"td"}
COMMAND: POST /session/d09bc8dff77367d024d5807c430cb6f4/element/f.DBFB0E313060B6E614D077C1D7681781.d.BD363282E9A5C663FE30A202BD938B6F.e.5399/elements - {"using":"css selector","value":"td"}
RESULT: {"using":"css selector","value":"td"}
COMMAND: POST /session/d09bc8dff77367d024d5807c430cb6f4/element/f.DBFB0E313060B6E614D077C1D7681781.d.BD363282E9A5C663FE30A202BD938B6F.e.5462/element - {"using":"css selector","value":".sapMObjectNumberText"}
RESULT: {"using":"css selector","value":".sapMObjectNumberText"}
COMMAND: GET /session/d09bc8dff77367d024d5807c430cb6f4/element/f.DBFB0E313060B6E614D077C1D7681781.d.BD363282E9A5C663FE30A202BD938B6F.e.5464/text - {}
RESULT: {}
COMMAND: POST /session/d09bc8dff77367d024d5807c430cb6f4/element/f.DBFB0E313060B6E614D077C1D7681781.d.BD363282E9A5C663FE30A202BD938B6F.e.5463/element - {"using":"css selector","value":".sapMObjectNumberText"}
RESULT: {"using":"css selector","value":".sapMObjectNumberText"}
COMMAND: GET /session/d09bc8dff77367d024d5807c430cb6f4/element/f.DBFB0E313060B6E614D077C1D7681781.d.BD363282E9A5C663FE30A202BD938B6F.e.5465/text - {}
RESULT: {}
RESULT: undefined
COMMAND: POST /session/d09bc8dff77367d024d5807c430cb6f4/element - {"using":"xpath","value":"//*[@id=\"application-manageconditionprice-display-component---dailyPrices--editBtn\"]"}
RESULT: {"using":"xpath","value":"//*[@id=\"application-manageconditionprice-display-component---dailyPrices--editBtn\"]"}
COMMAND: POST /session/d09bc8dff77367d024d5807c430cb6f4/element/f.DBFB0E313060B6E614D077C1D7681781.d.BD363282E9A5C663FE30A202BD938B6F.e.5461/click - {}
RESULT: {}
COMMAND: POST /session/d09bc8dff77367d024d5807c430cb6f4/elements - {"using":"css selector","value":"table tr"}
COMMAND: GET /session/d09bc8dff77367d024d5807c430cb6f4/screenshot - {}
RESULT: {"using":"css selector","value":"table tr"}
COMMAND: POST /session/d09bc8dff77367d024d5807c430cb6f4/element/f.DBFB0E313060B6E614D077C1D7681781.d.BD363282E9A5C663FE30A202BD938B6F.e.5438/elements - {"using":"css selector","value":"input"}
RESULT: {}
RESULT: {"using":"css selector","value":"input"}
COMMAND: POST /session/d09bc8dff77367d024d5807c430cb6f4/element/f.DBFB0E313060B6E614D077C1D7681781.d.BD363282E9A5C663FE30A202BD938B6F.e.5480/clear - {}
COMMAND: POST /session/d09bc8dff77367d024d5807c430cb6f4/element/f.DBFB0E313060B6E614D077C1D7681781.d.BD363282E9A5C663FE30A202BD938B6F.e.5481/clear - {}
RESULT: {}
COMMAND: POST /session/d09bc8dff77367d024d5807c430cb6f4/element/f.DBFB0E313060B6E614D077C1D7681781.d.BD363282E9A5C663FE30A202BD938B6F.e.5481/value - {"text":"US Dollar"}
COMMAND: GET /session/d09bc8dff77367d024d5807c430cb6f4/screenshot - {}
RESULT: {}
COMMAND: POST /session/d09bc8dff77367d024d5807c430cb6f4/element/f.DBFB0E313060B6E614D077C1D7681781.d.BD363282E9A5C663FE30A202BD938B6F.e.5480/value - {"text":"566.1"}
COMMAND: GET /session/d09bc8dff77367d024d5807c430cb6f4/screenshot - {}
RESULT: {"text":"US Dollar"}
COMMAND: GET /session/d09bc8dff77367d024d5807c430cb6f4/screenshot - {}
RESULT: {}
RESULT: {"text":"566.1"}
COMMAND: GET /session/d09bc8dff77367d024d5807c430cb6f4/screenshot - {}
RESULT: undefined
COMMAND: POST /session/d09bc8dff77367d024d5807c430cb6f4/element - {"using":"xpath","value":"//*[@id=\"__button8\"]"}
RESULT: {}
RESULT: {}
RESULT: {}
RESULT: {"using":"xpath","value":"//*[@id=\"__button8\"]"}
COMMAND: POST /session/d09bc8dff77367d024d5807c430cb6f4/element/f.DBFB0E313060B6E614D077C1D7681781.d.BD363282E9A5C663FE30A202BD938B6F.e.5466/click - {}
RESULT: {}
COMMAND: GET /session/d09bc8dff77367d024d5807c430cb6f4/screenshot - {}
RESULT: {}
COMMAND: POST /session/d09bc8dff77367d024d5807c430cb6f4/elements - {"using":"css selector","value":"table tr"}
RESULT: {"using":"css selector","value":"table tr"}
COMMAND: POST /session/d09bc8dff77367d024d5807c430cb6f4/element/f.DBFB0E313060B6E614D077C1D7681781.d.BD363282E9A5C663FE30A202BD938B6F.e.5438/elements - {"using":"css selector","value":"td"}
RESULT: {"using":"css selector","value":"td"}
COMMAND: POST /session/d09bc8dff77367d024d5807c430cb6f4/element/f.DBFB0E313060B6E614D077C1D7681781.d.BD363282E9A5C663FE30A202BD938B6F.e.5485/element - {"using":"css selector","value":".sapMObjectNumberText"}
RESULT: {"using":"css selector","value":".sapMObjectNumberText"}
COMMAND: GET /session/d09bc8dff77367d024d5807c430cb6f4/element/f.DBFB0E313060B6E614D077C1D7681781.d.BD363282E9A5C663FE30A202BD938B6F.e.5487/text - {}
RESULT: {}
]]></system-out>
    </testcase>
    <testcase classname="chrome.136_0_7103_93.windows.Edit_and_delete_daily_price_US134629_US134627" name="Should go into edit and delete all the rows that match the yard we have created for this scenario check if all rows deleted" time="33.695">
      <system-out><![CDATA[
RESULT: undefined
COMMAND: POST /session/d09bc8dff77367d024d5807c430cb6f4/element - {"using":"xpath","value":"//*[@id=\"application-manageconditionprice-display-component---dailyPrices--editBtn\"]"}
RESULT: {"using":"xpath","value":"//*[@id=\"application-manageconditionprice-display-component---dailyPrices--editBtn\"]"}
COMMAND: POST /session/d09bc8dff77367d024d5807c430cb6f4/element/f.DBFB0E313060B6E614D077C1D7681781.d.BD363282E9A5C663FE30A202BD938B6F.e.5484/click - {}
RESULT: {}
COMMAND: GET /session/d09bc8dff77367d024d5807c430cb6f4/screenshot - {}
RESULT: {}
COMMAND: POST /session/d09bc8dff77367d024d5807c430cb6f4/elements - {"using":"css selector","value":"table tr"}
RESULT: {"using":"css selector","value":"table tr"}
COMMAND: POST /session/d09bc8dff77367d024d5807c430cb6f4/element/f.DBFB0E313060B6E614D077C1D7681781.d.BD363282E9A5C663FE30A202BD938B6F.e.5203/elements - {"using":"css selector","value":"td"}
RESULT: {"using":"css selector","value":"td"}
COMMAND: POST /session/d09bc8dff77367d024d5807c430cb6f4/element/f.DBFB0E313060B6E614D077C1D7681781.d.BD363282E9A5C663FE30A202BD938B6F.e.5204/elements - {"using":"css selector","value":"td"}
RESULT: {"using":"css selector","value":"td"}
COMMAND: POST /session/d09bc8dff77367d024d5807c430cb6f4/element/f.DBFB0E313060B6E614D077C1D7681781.d.BD363282E9A5C663FE30A202BD938B6F.e.5205/elements - {"using":"css selector","value":"td"}
RESULT: {"using":"css selector","value":"td"}
COMMAND: POST /session/d09bc8dff77367d024d5807c430cb6f4/element/f.DBFB0E313060B6E614D077C1D7681781.d.BD363282E9A5C663FE30A202BD938B6F.e.5141/elements - {"using":"css selector","value":"td"}
RESULT: {"using":"css selector","value":"td"}
COMMAND: POST /session/d09bc8dff77367d024d5807c430cb6f4/element/f.DBFB0E313060B6E614D077C1D7681781.d.BD363282E9A5C663FE30A202BD938B6F.e.5142/elements - {"using":"css selector","value":"td"}
RESULT: {"using":"css selector","value":"td"}
COMMAND: POST /session/d09bc8dff77367d024d5807c430cb6f4/element/f.DBFB0E313060B6E614D077C1D7681781.d.BD363282E9A5C663FE30A202BD938B6F.e.5148/elements - {"using":"css selector","value":"td"}
RESULT: {"using":"css selector","value":"td"}
COMMAND: POST /session/d09bc8dff77367d024d5807c430cb6f4/element/f.DBFB0E313060B6E614D077C1D7681781.d.BD363282E9A5C663FE30A202BD938B6F.e.5149/elements - {"using":"css selector","value":"td"}
RESULT: {"using":"css selector","value":"td"}
COMMAND: POST /session/d09bc8dff77367d024d5807c430cb6f4/element/f.DBFB0E313060B6E614D077C1D7681781.d.BD363282E9A5C663FE30A202BD938B6F.e.5155/elements - {"using":"css selector","value":"td"}
RESULT: {"using":"css selector","value":"td"}
COMMAND: POST /session/d09bc8dff77367d024d5807c430cb6f4/element/f.DBFB0E313060B6E614D077C1D7681781.d.BD363282E9A5C663FE30A202BD938B6F.e.5156/elements - {"using":"css selector","value":"td"}
RESULT: {"using":"css selector","value":"td"}
COMMAND: POST /session/d09bc8dff77367d024d5807c430cb6f4/element/f.DBFB0E313060B6E614D077C1D7681781.d.BD363282E9A5C663FE30A202BD938B6F.e.5159/elements - {"using":"css selector","value":"td"}
RESULT: {"using":"css selector","value":"td"}
COMMAND: POST /session/d09bc8dff77367d024d5807c430cb6f4/element/f.DBFB0E313060B6E614D077C1D7681781.d.BD363282E9A5C663FE30A202BD938B6F.e.5206/elements - {"using":"css selector","value":"td"}
RESULT: {"using":"css selector","value":"td"}
COMMAND: POST /session/d09bc8dff77367d024d5807c430cb6f4/element/f.DBFB0E313060B6E614D077C1D7681781.d.BD363282E9A5C663FE30A202BD938B6F.e.5207/elements - {"using":"css selector","value":"td"}
RESULT: {"using":"css selector","value":"td"}
COMMAND: POST /session/d09bc8dff77367d024d5807c430cb6f4/element/f.DBFB0E313060B6E614D077C1D7681781.d.BD363282E9A5C663FE30A202BD938B6F.e.5208/elements - {"using":"css selector","value":"td"}
RESULT: {"using":"css selector","value":"td"}
COMMAND: POST /session/d09bc8dff77367d024d5807c430cb6f4/element/f.DBFB0E313060B6E614D077C1D7681781.d.BD363282E9A5C663FE30A202BD938B6F.e.5209/elements - {"using":"css selector","value":"td"}
RESULT: {"using":"css selector","value":"td"}
COMMAND: POST /session/d09bc8dff77367d024d5807c430cb6f4/element/f.DBFB0E313060B6E614D077C1D7681781.d.BD363282E9A5C663FE30A202BD938B6F.e.5210/elements - {"using":"css selector","value":"td"}
RESULT: {"using":"css selector","value":"td"}
COMMAND: POST /session/d09bc8dff77367d024d5807c430cb6f4/element/f.DBFB0E313060B6E614D077C1D7681781.d.BD363282E9A5C663FE30A202BD938B6F.e.5211/elements - {"using":"css selector","value":"td"}
RESULT: {"using":"css selector","value":"td"}
COMMAND: POST /session/d09bc8dff77367d024d5807c430cb6f4/element/f.DBFB0E313060B6E614D077C1D7681781.d.BD363282E9A5C663FE30A202BD938B6F.e.5212/elements - {"using":"css selector","value":"td"}
RESULT: {"using":"css selector","value":"td"}
COMMAND: POST /session/d09bc8dff77367d024d5807c430cb6f4/element/f.DBFB0E313060B6E614D077C1D7681781.d.BD363282E9A5C663FE30A202BD938B6F.e.5213/elements - {"using":"css selector","value":"td"}
RESULT: {"using":"css selector","value":"td"}
COMMAND: POST /session/d09bc8dff77367d024d5807c430cb6f4/element/f.DBFB0E313060B6E614D077C1D7681781.d.BD363282E9A5C663FE30A202BD938B6F.e.5214/elements - {"using":"css selector","value":"td"}
RESULT: {"using":"css selector","value":"td"}
COMMAND: POST /session/d09bc8dff77367d024d5807c430cb6f4/element/f.DBFB0E313060B6E614D077C1D7681781.d.BD363282E9A5C663FE30A202BD938B6F.e.5215/elements - {"using":"css selector","value":"td"}
RESULT: {"using":"css selector","value":"td"}
COMMAND: POST /session/d09bc8dff77367d024d5807c430cb6f4/element/f.DBFB0E313060B6E614D077C1D7681781.d.BD363282E9A5C663FE30A202BD938B6F.e.5216/elements - {"using":"css selector","value":"td"}
RESULT: {"using":"css selector","value":"td"}
COMMAND: POST /session/d09bc8dff77367d024d5807c430cb6f4/element/f.DBFB0E313060B6E614D077C1D7681781.d.BD363282E9A5C663FE30A202BD938B6F.e.5217/elements - {"using":"css selector","value":"td"}
RESULT: {"using":"css selector","value":"td"}
COMMAND: POST /session/d09bc8dff77367d024d5807c430cb6f4/element/f.DBFB0E313060B6E614D077C1D7681781.d.BD363282E9A5C663FE30A202BD938B6F.e.5218/elements - {"using":"css selector","value":"td"}
RESULT: {"using":"css selector","value":"td"}
COMMAND: POST /session/d09bc8dff77367d024d5807c430cb6f4/element/f.DBFB0E313060B6E614D077C1D7681781.d.BD363282E9A5C663FE30A202BD938B6F.e.5219/elements - {"using":"css selector","value":"td"}
RESULT: {"using":"css selector","value":"td"}
COMMAND: POST /session/d09bc8dff77367d024d5807c430cb6f4/element/f.DBFB0E313060B6E614D077C1D7681781.d.BD363282E9A5C663FE30A202BD938B6F.e.5220/elements - {"using":"css selector","value":"td"}
RESULT: {"using":"css selector","value":"td"}
COMMAND: POST /session/d09bc8dff77367d024d5807c430cb6f4/element/f.DBFB0E313060B6E614D077C1D7681781.d.BD363282E9A5C663FE30A202BD938B6F.e.5221/elements - {"using":"css selector","value":"td"}
RESULT: {"using":"css selector","value":"td"}
COMMAND: POST /session/d09bc8dff77367d024d5807c430cb6f4/element/f.DBFB0E313060B6E614D077C1D7681781.d.BD363282E9A5C663FE30A202BD938B6F.e.5222/elements - {"using":"css selector","value":"td"}
RESULT: {"using":"css selector","value":"td"}
COMMAND: POST /session/d09bc8dff77367d024d5807c430cb6f4/element/f.DBFB0E313060B6E614D077C1D7681781.d.BD363282E9A5C663FE30A202BD938B6F.e.5223/elements - {"using":"css selector","value":"td"}
RESULT: {"using":"css selector","value":"td"}
COMMAND: POST /session/d09bc8dff77367d024d5807c430cb6f4/element/f.DBFB0E313060B6E614D077C1D7681781.d.BD363282E9A5C663FE30A202BD938B6F.e.5224/elements - {"using":"css selector","value":"td"}
RESULT: {"using":"css selector","value":"td"}
COMMAND: POST /session/d09bc8dff77367d024d5807c430cb6f4/element/f.DBFB0E313060B6E614D077C1D7681781.d.BD363282E9A5C663FE30A202BD938B6F.e.5225/elements - {"using":"css selector","value":"td"}
RESULT: {"using":"css selector","value":"td"}
COMMAND: POST /session/d09bc8dff77367d024d5807c430cb6f4/element/f.DBFB0E313060B6E614D077C1D7681781.d.BD363282E9A5C663FE30A202BD938B6F.e.5226/elements - {"using":"css selector","value":"td"}
RESULT: {"using":"css selector","value":"td"}
COMMAND: POST /session/d09bc8dff77367d024d5807c430cb6f4/element/f.DBFB0E313060B6E614D077C1D7681781.d.BD363282E9A5C663FE30A202BD938B6F.e.5227/elements - {"using":"css selector","value":"td"}
RESULT: {"using":"css selector","value":"td"}
COMMAND: POST /session/d09bc8dff77367d024d5807c430cb6f4/element/f.DBFB0E313060B6E614D077C1D7681781.d.BD363282E9A5C663FE30A202BD938B6F.e.5228/elements - {"using":"css selector","value":"td"}
RESULT: {"using":"css selector","value":"td"}
COMMAND: POST /session/d09bc8dff77367d024d5807c430cb6f4/element/f.DBFB0E313060B6E614D077C1D7681781.d.BD363282E9A5C663FE30A202BD938B6F.e.5229/elements - {"using":"css selector","value":"td"}
RESULT: {"using":"css selector","value":"td"}
COMMAND: POST /session/d09bc8dff77367d024d5807c430cb6f4/element/f.DBFB0E313060B6E614D077C1D7681781.d.BD363282E9A5C663FE30A202BD938B6F.e.5230/elements - {"using":"css selector","value":"td"}
RESULT: {"using":"css selector","value":"td"}
COMMAND: POST /session/d09bc8dff77367d024d5807c430cb6f4/element/f.DBFB0E313060B6E614D077C1D7681781.d.BD363282E9A5C663FE30A202BD938B6F.e.5231/elements - {"using":"css selector","value":"td"}
RESULT: {"using":"css selector","value":"td"}
COMMAND: POST /session/d09bc8dff77367d024d5807c430cb6f4/element/f.DBFB0E313060B6E614D077C1D7681781.d.BD363282E9A5C663FE30A202BD938B6F.e.5232/elements - {"using":"css selector","value":"td"}
RESULT: {"using":"css selector","value":"td"}
COMMAND: POST /session/d09bc8dff77367d024d5807c430cb6f4/element/f.DBFB0E313060B6E614D077C1D7681781.d.BD363282E9A5C663FE30A202BD938B6F.e.5233/elements - {"using":"css selector","value":"td"}
RESULT: {"using":"css selector","value":"td"}
COMMAND: POST /session/d09bc8dff77367d024d5807c430cb6f4/element/f.DBFB0E313060B6E614D077C1D7681781.d.BD363282E9A5C663FE30A202BD938B6F.e.5234/elements - {"using":"css selector","value":"td"}
RESULT: {"using":"css selector","value":"td"}
COMMAND: POST /session/d09bc8dff77367d024d5807c430cb6f4/element/f.DBFB0E313060B6E614D077C1D7681781.d.BD363282E9A5C663FE30A202BD938B6F.e.5235/elements - {"using":"css selector","value":"td"}
RESULT: {"using":"css selector","value":"td"}
COMMAND: POST /session/d09bc8dff77367d024d5807c430cb6f4/element/f.DBFB0E313060B6E614D077C1D7681781.d.BD363282E9A5C663FE30A202BD938B6F.e.5236/elements - {"using":"css selector","value":"td"}
RESULT: {"using":"css selector","value":"td"}
COMMAND: POST /session/d09bc8dff77367d024d5807c430cb6f4/element/f.DBFB0E313060B6E614D077C1D7681781.d.BD363282E9A5C663FE30A202BD938B6F.e.5237/elements - {"using":"css selector","value":"td"}
RESULT: {"using":"css selector","value":"td"}
COMMAND: POST /session/d09bc8dff77367d024d5807c430cb6f4/element/f.DBFB0E313060B6E614D077C1D7681781.d.BD363282E9A5C663FE30A202BD938B6F.e.5238/elements - {"using":"css selector","value":"td"}
RESULT: {"using":"css selector","value":"td"}
COMMAND: POST /session/d09bc8dff77367d024d5807c430cb6f4/element/f.DBFB0E313060B6E614D077C1D7681781.d.BD363282E9A5C663FE30A202BD938B6F.e.5239/elements - {"using":"css selector","value":"td"}
RESULT: {"using":"css selector","value":"td"}
COMMAND: POST /session/d09bc8dff77367d024d5807c430cb6f4/element/f.DBFB0E313060B6E614D077C1D7681781.d.BD363282E9A5C663FE30A202BD938B6F.e.5240/elements - {"using":"css selector","value":"td"}
RESULT: {"using":"css selector","value":"td"}
COMMAND: POST /session/d09bc8dff77367d024d5807c430cb6f4/element/f.DBFB0E313060B6E614D077C1D7681781.d.BD363282E9A5C663FE30A202BD938B6F.e.5241/elements - {"using":"css selector","value":"td"}
RESULT: {"using":"css selector","value":"td"}
COMMAND: POST /session/d09bc8dff77367d024d5807c430cb6f4/element/f.DBFB0E313060B6E614D077C1D7681781.d.BD363282E9A5C663FE30A202BD938B6F.e.5242/elements - {"using":"css selector","value":"td"}
RESULT: {"using":"css selector","value":"td"}
COMMAND: POST /session/d09bc8dff77367d024d5807c430cb6f4/element/f.DBFB0E313060B6E614D077C1D7681781.d.BD363282E9A5C663FE30A202BD938B6F.e.5243/elements - {"using":"css selector","value":"td"}
RESULT: {"using":"css selector","value":"td"}
COMMAND: POST /session/d09bc8dff77367d024d5807c430cb6f4/element/f.DBFB0E313060B6E614D077C1D7681781.d.BD363282E9A5C663FE30A202BD938B6F.e.5244/elements - {"using":"css selector","value":"td"}
RESULT: {"using":"css selector","value":"td"}
COMMAND: POST /session/d09bc8dff77367d024d5807c430cb6f4/element/f.DBFB0E313060B6E614D077C1D7681781.d.BD363282E9A5C663FE30A202BD938B6F.e.5245/elements - {"using":"css selector","value":"td"}
RESULT: {"using":"css selector","value":"td"}
COMMAND: POST /session/d09bc8dff77367d024d5807c430cb6f4/element/f.DBFB0E313060B6E614D077C1D7681781.d.BD363282E9A5C663FE30A202BD938B6F.e.5246/elements - {"using":"css selector","value":"td"}
RESULT: {"using":"css selector","value":"td"}
COMMAND: POST /session/d09bc8dff77367d024d5807c430cb6f4/element/f.DBFB0E313060B6E614D077C1D7681781.d.BD363282E9A5C663FE30A202BD938B6F.e.5247/elements - {"using":"css selector","value":"td"}
RESULT: {"using":"css selector","value":"td"}
COMMAND: POST /session/d09bc8dff77367d024d5807c430cb6f4/element/f.DBFB0E313060B6E614D077C1D7681781.d.BD363282E9A5C663FE30A202BD938B6F.e.5248/elements - {"using":"css selector","value":"td"}
RESULT: {"using":"css selector","value":"td"}
COMMAND: POST /session/d09bc8dff77367d024d5807c430cb6f4/element/f.DBFB0E313060B6E614D077C1D7681781.d.BD363282E9A5C663FE30A202BD938B6F.e.5249/elements - {"using":"css selector","value":"td"}
RESULT: {"using":"css selector","value":"td"}
COMMAND: POST /session/d09bc8dff77367d024d5807c430cb6f4/element/f.DBFB0E313060B6E614D077C1D7681781.d.BD363282E9A5C663FE30A202BD938B6F.e.5250/elements - {"using":"css selector","value":"td"}
RESULT: {"using":"css selector","value":"td"}
COMMAND: POST /session/d09bc8dff77367d024d5807c430cb6f4/element/f.DBFB0E313060B6E614D077C1D7681781.d.BD363282E9A5C663FE30A202BD938B6F.e.5251/elements - {"using":"css selector","value":"td"}
RESULT: {"using":"css selector","value":"td"}
COMMAND: POST /session/d09bc8dff77367d024d5807c430cb6f4/element/f.DBFB0E313060B6E614D077C1D7681781.d.BD363282E9A5C663FE30A202BD938B6F.e.5252/elements - {"using":"css selector","value":"td"}
RESULT: {"using":"css selector","value":"td"}
COMMAND: POST /session/d09bc8dff77367d024d5807c430cb6f4/element/f.DBFB0E313060B6E614D077C1D7681781.d.BD363282E9A5C663FE30A202BD938B6F.e.5253/elements - {"using":"css selector","value":"td"}
RESULT: {"using":"css selector","value":"td"}
COMMAND: POST /session/d09bc8dff77367d024d5807c430cb6f4/element/f.DBFB0E313060B6E614D077C1D7681781.d.BD363282E9A5C663FE30A202BD938B6F.e.5254/elements - {"using":"css selector","value":"td"}
RESULT: {"using":"css selector","value":"td"}
COMMAND: POST /session/d09bc8dff77367d024d5807c430cb6f4/element/f.DBFB0E313060B6E614D077C1D7681781.d.BD363282E9A5C663FE30A202BD938B6F.e.5255/elements - {"using":"css selector","value":"td"}
RESULT: {"using":"css selector","value":"td"}
COMMAND: POST /session/d09bc8dff77367d024d5807c430cb6f4/element/f.DBFB0E313060B6E614D077C1D7681781.d.BD363282E9A5C663FE30A202BD938B6F.e.5256/elements - {"using":"css selector","value":"td"}
RESULT: {"using":"css selector","value":"td"}
COMMAND: POST /session/d09bc8dff77367d024d5807c430cb6f4/element/f.DBFB0E313060B6E614D077C1D7681781.d.BD363282E9A5C663FE30A202BD938B6F.e.5257/elements - {"using":"css selector","value":"td"}
RESULT: {"using":"css selector","value":"td"}
COMMAND: POST /session/d09bc8dff77367d024d5807c430cb6f4/element/f.DBFB0E313060B6E614D077C1D7681781.d.BD363282E9A5C663FE30A202BD938B6F.e.5258/elements - {"using":"css selector","value":"td"}
RESULT: {"using":"css selector","value":"td"}
COMMAND: POST /session/d09bc8dff77367d024d5807c430cb6f4/element/f.DBFB0E313060B6E614D077C1D7681781.d.BD363282E9A5C663FE30A202BD938B6F.e.5259/elements - {"using":"css selector","value":"td"}
RESULT: {"using":"css selector","value":"td"}
COMMAND: POST /session/d09bc8dff77367d024d5807c430cb6f4/element/f.DBFB0E313060B6E614D077C1D7681781.d.BD363282E9A5C663FE30A202BD938B6F.e.5260/elements - {"using":"css selector","value":"td"}
RESULT: {"using":"css selector","value":"td"}
COMMAND: POST /session/d09bc8dff77367d024d5807c430cb6f4/element/f.DBFB0E313060B6E614D077C1D7681781.d.BD363282E9A5C663FE30A202BD938B6F.e.5261/elements - {"using":"css selector","value":"td"}
RESULT: {"using":"css selector","value":"td"}
COMMAND: POST /session/d09bc8dff77367d024d5807c430cb6f4/element/f.DBFB0E313060B6E614D077C1D7681781.d.BD363282E9A5C663FE30A202BD938B6F.e.5262/elements - {"using":"css selector","value":"td"}
RESULT: {"using":"css selector","value":"td"}
COMMAND: POST /session/d09bc8dff77367d024d5807c430cb6f4/element/f.DBFB0E313060B6E614D077C1D7681781.d.BD363282E9A5C663FE30A202BD938B6F.e.5263/elements - {"using":"css selector","value":"td"}
RESULT: {"using":"css selector","value":"td"}
COMMAND: POST /session/d09bc8dff77367d024d5807c430cb6f4/element/f.DBFB0E313060B6E614D077C1D7681781.d.BD363282E9A5C663FE30A202BD938B6F.e.5264/elements - {"using":"css selector","value":"td"}
RESULT: {"using":"css selector","value":"td"}
COMMAND: POST /session/d09bc8dff77367d024d5807c430cb6f4/element/f.DBFB0E313060B6E614D077C1D7681781.d.BD363282E9A5C663FE30A202BD938B6F.e.5265/elements - {"using":"css selector","value":"td"}
RESULT: {"using":"css selector","value":"td"}
COMMAND: POST /session/d09bc8dff77367d024d5807c430cb6f4/element/f.DBFB0E313060B6E614D077C1D7681781.d.BD363282E9A5C663FE30A202BD938B6F.e.5266/elements - {"using":"css selector","value":"td"}
RESULT: {"using":"css selector","value":"td"}
COMMAND: POST /session/d09bc8dff77367d024d5807c430cb6f4/element/f.DBFB0E313060B6E614D077C1D7681781.d.BD363282E9A5C663FE30A202BD938B6F.e.5267/elements - {"using":"css selector","value":"td"}
RESULT: {"using":"css selector","value":"td"}
COMMAND: POST /session/d09bc8dff77367d024d5807c430cb6f4/element/f.DBFB0E313060B6E614D077C1D7681781.d.BD363282E9A5C663FE30A202BD938B6F.e.5268/elements - {"using":"css selector","value":"td"}
RESULT: {"using":"css selector","value":"td"}
COMMAND: POST /session/d09bc8dff77367d024d5807c430cb6f4/element/f.DBFB0E313060B6E614D077C1D7681781.d.BD363282E9A5C663FE30A202BD938B6F.e.5269/elements - {"using":"css selector","value":"td"}
RESULT: {"using":"css selector","value":"td"}
COMMAND: POST /session/d09bc8dff77367d024d5807c430cb6f4/element/f.DBFB0E313060B6E614D077C1D7681781.d.BD363282E9A5C663FE30A202BD938B6F.e.5270/elements - {"using":"css selector","value":"td"}
RESULT: {"using":"css selector","value":"td"}
COMMAND: POST /session/d09bc8dff77367d024d5807c430cb6f4/element/f.DBFB0E313060B6E614D077C1D7681781.d.BD363282E9A5C663FE30A202BD938B6F.e.5271/elements - {"using":"css selector","value":"td"}
RESULT: {"using":"css selector","value":"td"}
COMMAND: POST /session/d09bc8dff77367d024d5807c430cb6f4/element/f.DBFB0E313060B6E614D077C1D7681781.d.BD363282E9A5C663FE30A202BD938B6F.e.5272/elements - {"using":"css selector","value":"td"}
RESULT: {"using":"css selector","value":"td"}
COMMAND: POST /session/d09bc8dff77367d024d5807c430cb6f4/element/f.DBFB0E313060B6E614D077C1D7681781.d.BD363282E9A5C663FE30A202BD938B6F.e.5273/elements - {"using":"css selector","value":"td"}
RESULT: {"using":"css selector","value":"td"}
COMMAND: POST /session/d09bc8dff77367d024d5807c430cb6f4/element/f.DBFB0E313060B6E614D077C1D7681781.d.BD363282E9A5C663FE30A202BD938B6F.e.5274/elements - {"using":"css selector","value":"td"}
RESULT: {"using":"css selector","value":"td"}
COMMAND: POST /session/d09bc8dff77367d024d5807c430cb6f4/element/f.DBFB0E313060B6E614D077C1D7681781.d.BD363282E9A5C663FE30A202BD938B6F.e.5275/elements - {"using":"css selector","value":"td"}
RESULT: {"using":"css selector","value":"td"}
COMMAND: POST /session/d09bc8dff77367d024d5807c430cb6f4/element/f.DBFB0E313060B6E614D077C1D7681781.d.BD363282E9A5C663FE30A202BD938B6F.e.5276/elements - {"using":"css selector","value":"td"}
RESULT: {"using":"css selector","value":"td"}
COMMAND: POST /session/d09bc8dff77367d024d5807c430cb6f4/element/f.DBFB0E313060B6E614D077C1D7681781.d.BD363282E9A5C663FE30A202BD938B6F.e.5277/elements - {"using":"css selector","value":"td"}
RESULT: {"using":"css selector","value":"td"}
COMMAND: POST /session/d09bc8dff77367d024d5807c430cb6f4/element/f.DBFB0E313060B6E614D077C1D7681781.d.BD363282E9A5C663FE30A202BD938B6F.e.5278/elements - {"using":"css selector","value":"td"}
RESULT: {"using":"css selector","value":"td"}
COMMAND: POST /session/d09bc8dff77367d024d5807c430cb6f4/element/f.DBFB0E313060B6E614D077C1D7681781.d.BD363282E9A5C663FE30A202BD938B6F.e.5279/elements - {"using":"css selector","value":"td"}
RESULT: {"using":"css selector","value":"td"}
COMMAND: POST /session/d09bc8dff77367d024d5807c430cb6f4/element/f.DBFB0E313060B6E614D077C1D7681781.d.BD363282E9A5C663FE30A202BD938B6F.e.5280/elements - {"using":"css selector","value":"td"}
RESULT: {"using":"css selector","value":"td"}
COMMAND: POST /session/d09bc8dff77367d024d5807c430cb6f4/element/f.DBFB0E313060B6E614D077C1D7681781.d.BD363282E9A5C663FE30A202BD938B6F.e.5281/elements - {"using":"css selector","value":"td"}
RESULT: {"using":"css selector","value":"td"}
COMMAND: POST /session/d09bc8dff77367d024d5807c430cb6f4/element/f.DBFB0E313060B6E614D077C1D7681781.d.BD363282E9A5C663FE30A202BD938B6F.e.5282/elements - {"using":"css selector","value":"td"}
RESULT: {"using":"css selector","value":"td"}
COMMAND: POST /session/d09bc8dff77367d024d5807c430cb6f4/element/f.DBFB0E313060B6E614D077C1D7681781.d.BD363282E9A5C663FE30A202BD938B6F.e.5283/elements - {"using":"css selector","value":"td"}
RESULT: {"using":"css selector","value":"td"}
COMMAND: POST /session/d09bc8dff77367d024d5807c430cb6f4/element/f.DBFB0E313060B6E614D077C1D7681781.d.BD363282E9A5C663FE30A202BD938B6F.e.5284/elements - {"using":"css selector","value":"td"}
RESULT: {"using":"css selector","value":"td"}
COMMAND: POST /session/d09bc8dff77367d024d5807c430cb6f4/element/f.DBFB0E313060B6E614D077C1D7681781.d.BD363282E9A5C663FE30A202BD938B6F.e.5285/elements - {"using":"css selector","value":"td"}
RESULT: {"using":"css selector","value":"td"}
COMMAND: POST /session/d09bc8dff77367d024d5807c430cb6f4/element/f.DBFB0E313060B6E614D077C1D7681781.d.BD363282E9A5C663FE30A202BD938B6F.e.5286/elements - {"using":"css selector","value":"td"}
RESULT: {"using":"css selector","value":"td"}
COMMAND: POST /session/d09bc8dff77367d024d5807c430cb6f4/element/f.DBFB0E313060B6E614D077C1D7681781.d.BD363282E9A5C663FE30A202BD938B6F.e.5287/elements - {"using":"css selector","value":"td"}
RESULT: {"using":"css selector","value":"td"}
COMMAND: POST /session/d09bc8dff77367d024d5807c430cb6f4/element/f.DBFB0E313060B6E614D077C1D7681781.d.BD363282E9A5C663FE30A202BD938B6F.e.5288/elements - {"using":"css selector","value":"td"}
RESULT: {"using":"css selector","value":"td"}
COMMAND: POST /session/d09bc8dff77367d024d5807c430cb6f4/element/f.DBFB0E313060B6E614D077C1D7681781.d.BD363282E9A5C663FE30A202BD938B6F.e.5289/elements - {"using":"css selector","value":"td"}
RESULT: {"using":"css selector","value":"td"}
COMMAND: POST /session/d09bc8dff77367d024d5807c430cb6f4/element/f.DBFB0E313060B6E614D077C1D7681781.d.BD363282E9A5C663FE30A202BD938B6F.e.5290/elements - {"using":"css selector","value":"td"}
RESULT: {"using":"css selector","value":"td"}
COMMAND: POST /session/d09bc8dff77367d024d5807c430cb6f4/element/f.DBFB0E313060B6E614D077C1D7681781.d.BD363282E9A5C663FE30A202BD938B6F.e.5291/elements - {"using":"css selector","value":"td"}
RESULT: {"using":"css selector","value":"td"}
COMMAND: POST /session/d09bc8dff77367d024d5807c430cb6f4/element/f.DBFB0E313060B6E614D077C1D7681781.d.BD363282E9A5C663FE30A202BD938B6F.e.5292/elements - {"using":"css selector","value":"td"}
RESULT: {"using":"css selector","value":"td"}
COMMAND: POST /session/d09bc8dff77367d024d5807c430cb6f4/element/f.DBFB0E313060B6E614D077C1D7681781.d.BD363282E9A5C663FE30A202BD938B6F.e.5293/elements - {"using":"css selector","value":"td"}
RESULT: {"using":"css selector","value":"td"}
COMMAND: POST /session/d09bc8dff77367d024d5807c430cb6f4/element/f.DBFB0E313060B6E614D077C1D7681781.d.BD363282E9A5C663FE30A202BD938B6F.e.5294/elements - {"using":"css selector","value":"td"}
RESULT: {"using":"css selector","value":"td"}
COMMAND: POST /session/d09bc8dff77367d024d5807c430cb6f4/element/f.DBFB0E313060B6E614D077C1D7681781.d.BD363282E9A5C663FE30A202BD938B6F.e.5295/elements - {"using":"css selector","value":"td"}
RESULT: {"using":"css selector","value":"td"}
COMMAND: POST /session/d09bc8dff77367d024d5807c430cb6f4/element/f.DBFB0E313060B6E614D077C1D7681781.d.BD363282E9A5C663FE30A202BD938B6F.e.5296/elements - {"using":"css selector","value":"td"}
RESULT: {"using":"css selector","value":"td"}
COMMAND: POST /session/d09bc8dff77367d024d5807c430cb6f4/element/f.DBFB0E313060B6E614D077C1D7681781.d.BD363282E9A5C663FE30A202BD938B6F.e.5297/elements - {"using":"css selector","value":"td"}
RESULT: {"using":"css selector","value":"td"}
COMMAND: POST /session/d09bc8dff77367d024d5807c430cb6f4/element/f.DBFB0E313060B6E614D077C1D7681781.d.BD363282E9A5C663FE30A202BD938B6F.e.5298/elements - {"using":"css selector","value":"td"}
RESULT: {"using":"css selector","value":"td"}
COMMAND: POST /session/d09bc8dff77367d024d5807c430cb6f4/element/f.DBFB0E313060B6E614D077C1D7681781.d.BD363282E9A5C663FE30A202BD938B6F.e.5299/elements - {"using":"css selector","value":"td"}
RESULT: {"using":"css selector","value":"td"}
COMMAND: POST /session/d09bc8dff77367d024d5807c430cb6f4/element/f.DBFB0E313060B6E614D077C1D7681781.d.BD363282E9A5C663FE30A202BD938B6F.e.5300/elements - {"using":"css selector","value":"td"}
RESULT: {"using":"css selector","value":"td"}
COMMAND: POST /session/d09bc8dff77367d024d5807c430cb6f4/element/f.DBFB0E313060B6E614D077C1D7681781.d.BD363282E9A5C663FE30A202BD938B6F.e.5301/elements - {"using":"css selector","value":"td"}
RESULT: {"using":"css selector","value":"td"}
COMMAND: POST /session/d09bc8dff77367d024d5807c430cb6f4/element/f.DBFB0E313060B6E614D077C1D7681781.d.BD363282E9A5C663FE30A202BD938B6F.e.5302/elements - {"using":"css selector","value":"td"}
RESULT: {"using":"css selector","value":"td"}
COMMAND: POST /session/d09bc8dff77367d024d5807c430cb6f4/element/f.DBFB0E313060B6E614D077C1D7681781.d.BD363282E9A5C663FE30A202BD938B6F.e.5303/elements - {"using":"css selector","value":"td"}
RESULT: {"using":"css selector","value":"td"}
COMMAND: POST /session/d09bc8dff77367d024d5807c430cb6f4/element/f.DBFB0E313060B6E614D077C1D7681781.d.BD363282E9A5C663FE30A202BD938B6F.e.5304/elements - {"using":"css selector","value":"td"}
RESULT: {"using":"css selector","value":"td"}
COMMAND: POST /session/d09bc8dff77367d024d5807c430cb6f4/element/f.DBFB0E313060B6E614D077C1D7681781.d.BD363282E9A5C663FE30A202BD938B6F.e.5305/elements - {"using":"css selector","value":"td"}
RESULT: {"using":"css selector","value":"td"}
COMMAND: POST /session/d09bc8dff77367d024d5807c430cb6f4/element/f.DBFB0E313060B6E614D077C1D7681781.d.BD363282E9A5C663FE30A202BD938B6F.e.5306/elements - {"using":"css selector","value":"td"}
RESULT: {"using":"css selector","value":"td"}
COMMAND: POST /session/d09bc8dff77367d024d5807c430cb6f4/element/f.DBFB0E313060B6E614D077C1D7681781.d.BD363282E9A5C663FE30A202BD938B6F.e.5307/elements - {"using":"css selector","value":"td"}
RESULT: {"using":"css selector","value":"td"}
COMMAND: POST /session/d09bc8dff77367d024d5807c430cb6f4/element/f.DBFB0E313060B6E614D077C1D7681781.d.BD363282E9A5C663FE30A202BD938B6F.e.5308/elements - {"using":"css selector","value":"td"}
RESULT: {"using":"css selector","value":"td"}
COMMAND: POST /session/d09bc8dff77367d024d5807c430cb6f4/element/f.DBFB0E313060B6E614D077C1D7681781.d.BD363282E9A5C663FE30A202BD938B6F.e.5309/elements - {"using":"css selector","value":"td"}
RESULT: {"using":"css selector","value":"td"}
COMMAND: POST /session/d09bc8dff77367d024d5807c430cb6f4/element/f.DBFB0E313060B6E614D077C1D7681781.d.BD363282E9A5C663FE30A202BD938B6F.e.5310/elements - {"using":"css selector","value":"td"}
RESULT: {"using":"css selector","value":"td"}
COMMAND: POST /session/d09bc8dff77367d024d5807c430cb6f4/element/f.DBFB0E313060B6E614D077C1D7681781.d.BD363282E9A5C663FE30A202BD938B6F.e.5311/elements - {"using":"css selector","value":"td"}
RESULT: {"using":"css selector","value":"td"}
COMMAND: POST /session/d09bc8dff77367d024d5807c430cb6f4/element/f.DBFB0E313060B6E614D077C1D7681781.d.BD363282E9A5C663FE30A202BD938B6F.e.5312/elements - {"using":"css selector","value":"td"}
RESULT: {"using":"css selector","value":"td"}
COMMAND: POST /session/d09bc8dff77367d024d5807c430cb6f4/element/f.DBFB0E313060B6E614D077C1D7681781.d.BD363282E9A5C663FE30A202BD938B6F.e.5313/elements - {"using":"css selector","value":"td"}
RESULT: {"using":"css selector","value":"td"}
COMMAND: POST /session/d09bc8dff77367d024d5807c430cb6f4/element/f.DBFB0E313060B6E614D077C1D7681781.d.BD363282E9A5C663FE30A202BD938B6F.e.5314/elements - {"using":"css selector","value":"td"}
RESULT: {"using":"css selector","value":"td"}
COMMAND: POST /session/d09bc8dff77367d024d5807c430cb6f4/element/f.DBFB0E313060B6E614D077C1D7681781.d.BD363282E9A5C663FE30A202BD938B6F.e.5315/elements - {"using":"css selector","value":"td"}
RESULT: {"using":"css selector","value":"td"}
COMMAND: POST /session/d09bc8dff77367d024d5807c430cb6f4/element/f.DBFB0E313060B6E614D077C1D7681781.d.BD363282E9A5C663FE30A202BD938B6F.e.5316/elements - {"using":"css selector","value":"td"}
RESULT: {"using":"css selector","value":"td"}
COMMAND: POST /session/d09bc8dff77367d024d5807c430cb6f4/element/f.DBFB0E313060B6E614D077C1D7681781.d.BD363282E9A5C663FE30A202BD938B6F.e.5317/elements - {"using":"css selector","value":"td"}
RESULT: {"using":"css selector","value":"td"}
COMMAND: POST /session/d09bc8dff77367d024d5807c430cb6f4/element/f.DBFB0E313060B6E614D077C1D7681781.d.BD363282E9A5C663FE30A202BD938B6F.e.5318/elements - {"using":"css selector","value":"td"}
RESULT: {"using":"css selector","value":"td"}
COMMAND: POST /session/d09bc8dff77367d024d5807c430cb6f4/element/f.DBFB0E313060B6E614D077C1D7681781.d.BD363282E9A5C663FE30A202BD938B6F.e.5319/elements - {"using":"css selector","value":"td"}
RESULT: {"using":"css selector","value":"td"}
COMMAND: POST /session/d09bc8dff77367d024d5807c430cb6f4/element/f.DBFB0E313060B6E614D077C1D7681781.d.BD363282E9A5C663FE30A202BD938B6F.e.5320/elements - {"using":"css selector","value":"td"}
RESULT: {"using":"css selector","value":"td"}
COMMAND: POST /session/d09bc8dff77367d024d5807c430cb6f4/element/f.DBFB0E313060B6E614D077C1D7681781.d.BD363282E9A5C663FE30A202BD938B6F.e.5321/elements - {"using":"css selector","value":"td"}
RESULT: {"using":"css selector","value":"td"}
COMMAND: POST /session/d09bc8dff77367d024d5807c430cb6f4/element/f.DBFB0E313060B6E614D077C1D7681781.d.BD363282E9A5C663FE30A202BD938B6F.e.5322/elements - {"using":"css selector","value":"td"}
RESULT: {"using":"css selector","value":"td"}
COMMAND: POST /session/d09bc8dff77367d024d5807c430cb6f4/element/f.DBFB0E313060B6E614D077C1D7681781.d.BD363282E9A5C663FE30A202BD938B6F.e.5323/elements - {"using":"css selector","value":"td"}
RESULT: {"using":"css selector","value":"td"}
COMMAND: POST /session/d09bc8dff77367d024d5807c430cb6f4/element/f.DBFB0E313060B6E614D077C1D7681781.d.BD363282E9A5C663FE30A202BD938B6F.e.5324/elements - {"using":"css selector","value":"td"}
RESULT: {"using":"css selector","value":"td"}
COMMAND: POST /session/d09bc8dff77367d024d5807c430cb6f4/element/f.DBFB0E313060B6E614D077C1D7681781.d.BD363282E9A5C663FE30A202BD938B6F.e.5325/elements - {"using":"css selector","value":"td"}
RESULT: {"using":"css selector","value":"td"}
COMMAND: POST /session/d09bc8dff77367d024d5807c430cb6f4/element/f.DBFB0E313060B6E614D077C1D7681781.d.BD363282E9A5C663FE30A202BD938B6F.e.5326/elements - {"using":"css selector","value":"td"}
RESULT: {"using":"css selector","value":"td"}
COMMAND: POST /session/d09bc8dff77367d024d5807c430cb6f4/element/f.DBFB0E313060B6E614D077C1D7681781.d.BD363282E9A5C663FE30A202BD938B6F.e.5327/elements - {"using":"css selector","value":"td"}
RESULT: {"using":"css selector","value":"td"}
COMMAND: POST /session/d09bc8dff77367d024d5807c430cb6f4/element/f.DBFB0E313060B6E614D077C1D7681781.d.BD363282E9A5C663FE30A202BD938B6F.e.5328/elements - {"using":"css selector","value":"td"}
RESULT: {"using":"css selector","value":"td"}
COMMAND: POST /session/d09bc8dff77367d024d5807c430cb6f4/element/f.DBFB0E313060B6E614D077C1D7681781.d.BD363282E9A5C663FE30A202BD938B6F.e.5329/elements - {"using":"css selector","value":"td"}
RESULT: {"using":"css selector","value":"td"}
COMMAND: POST /session/d09bc8dff77367d024d5807c430cb6f4/element/f.DBFB0E313060B6E614D077C1D7681781.d.BD363282E9A5C663FE30A202BD938B6F.e.5330/elements - {"using":"css selector","value":"td"}
RESULT: {"using":"css selector","value":"td"}
COMMAND: POST /session/d09bc8dff77367d024d5807c430cb6f4/element/f.DBFB0E313060B6E614D077C1D7681781.d.BD363282E9A5C663FE30A202BD938B6F.e.5331/elements - {"using":"css selector","value":"td"}
RESULT: {"using":"css selector","value":"td"}
COMMAND: POST /session/d09bc8dff77367d024d5807c430cb6f4/element/f.DBFB0E313060B6E614D077C1D7681781.d.BD363282E9A5C663FE30A202BD938B6F.e.5332/elements - {"using":"css selector","value":"td"}
RESULT: {"using":"css selector","value":"td"}
COMMAND: POST /session/d09bc8dff77367d024d5807c430cb6f4/element/f.DBFB0E313060B6E614D077C1D7681781.d.BD363282E9A5C663FE30A202BD938B6F.e.5333/elements - {"using":"css selector","value":"td"}
RESULT: {"using":"css selector","value":"td"}
COMMAND: POST /session/d09bc8dff77367d024d5807c430cb6f4/element/f.DBFB0E313060B6E614D077C1D7681781.d.BD363282E9A5C663FE30A202BD938B6F.e.5334/elements - {"using":"css selector","value":"td"}
RESULT: {"using":"css selector","value":"td"}
COMMAND: POST /session/d09bc8dff77367d024d5807c430cb6f4/element/f.DBFB0E313060B6E614D077C1D7681781.d.BD363282E9A5C663FE30A202BD938B6F.e.5335/elements - {"using":"css selector","value":"td"}
RESULT: {"using":"css selector","value":"td"}
COMMAND: POST /session/d09bc8dff77367d024d5807c430cb6f4/element/f.DBFB0E313060B6E614D077C1D7681781.d.BD363282E9A5C663FE30A202BD938B6F.e.5336/elements - {"using":"css selector","value":"td"}
RESULT: {"using":"css selector","value":"td"}
COMMAND: POST /session/d09bc8dff77367d024d5807c430cb6f4/element/f.DBFB0E313060B6E614D077C1D7681781.d.BD363282E9A5C663FE30A202BD938B6F.e.5337/elements - {"using":"css selector","value":"td"}
RESULT: {"using":"css selector","value":"td"}
COMMAND: POST /session/d09bc8dff77367d024d5807c430cb6f4/element/f.DBFB0E313060B6E614D077C1D7681781.d.BD363282E9A5C663FE30A202BD938B6F.e.5338/elements - {"using":"css selector","value":"td"}
RESULT: {"using":"css selector","value":"td"}
COMMAND: POST /session/d09bc8dff77367d024d5807c430cb6f4/element/f.DBFB0E313060B6E614D077C1D7681781.d.BD363282E9A5C663FE30A202BD938B6F.e.5339/elements - {"using":"css selector","value":"td"}
RESULT: {"using":"css selector","value":"td"}
COMMAND: POST /session/d09bc8dff77367d024d5807c430cb6f4/element/f.DBFB0E313060B6E614D077C1D7681781.d.BD363282E9A5C663FE30A202BD938B6F.e.5340/elements - {"using":"css selector","value":"td"}
RESULT: {"using":"css selector","value":"td"}
COMMAND: POST /session/d09bc8dff77367d024d5807c430cb6f4/element/f.DBFB0E313060B6E614D077C1D7681781.d.BD363282E9A5C663FE30A202BD938B6F.e.5341/elements - {"using":"css selector","value":"td"}
RESULT: {"using":"css selector","value":"td"}
COMMAND: POST /session/d09bc8dff77367d024d5807c430cb6f4/element/f.DBFB0E313060B6E614D077C1D7681781.d.BD363282E9A5C663FE30A202BD938B6F.e.5342/elements - {"using":"css selector","value":"td"}
RESULT: {"using":"css selector","value":"td"}
COMMAND: POST /session/d09bc8dff77367d024d5807c430cb6f4/element/f.DBFB0E313060B6E614D077C1D7681781.d.BD363282E9A5C663FE30A202BD938B6F.e.5343/elements - {"using":"css selector","value":"td"}
RESULT: {"using":"css selector","value":"td"}
COMMAND: POST /session/d09bc8dff77367d024d5807c430cb6f4/element/f.DBFB0E313060B6E614D077C1D7681781.d.BD363282E9A5C663FE30A202BD938B6F.e.5344/elements - {"using":"css selector","value":"td"}
RESULT: {"using":"css selector","value":"td"}
COMMAND: POST /session/d09bc8dff77367d024d5807c430cb6f4/element/f.DBFB0E313060B6E614D077C1D7681781.d.BD363282E9A5C663FE30A202BD938B6F.e.5345/elements - {"using":"css selector","value":"td"}
RESULT: {"using":"css selector","value":"td"}
COMMAND: POST /session/d09bc8dff77367d024d5807c430cb6f4/element/f.DBFB0E313060B6E614D077C1D7681781.d.BD363282E9A5C663FE30A202BD938B6F.e.5346/elements - {"using":"css selector","value":"td"}
RESULT: {"using":"css selector","value":"td"}
COMMAND: POST /session/d09bc8dff77367d024d5807c430cb6f4/element/f.DBFB0E313060B6E614D077C1D7681781.d.BD363282E9A5C663FE30A202BD938B6F.e.5347/elements - {"using":"css selector","value":"td"}
RESULT: {"using":"css selector","value":"td"}
COMMAND: POST /session/d09bc8dff77367d024d5807c430cb6f4/element/f.DBFB0E313060B6E614D077C1D7681781.d.BD363282E9A5C663FE30A202BD938B6F.e.5348/elements - {"using":"css selector","value":"td"}
RESULT: {"using":"css selector","value":"td"}
COMMAND: POST /session/d09bc8dff77367d024d5807c430cb6f4/element/f.DBFB0E313060B6E614D077C1D7681781.d.BD363282E9A5C663FE30A202BD938B6F.e.5349/elements - {"using":"css selector","value":"td"}
RESULT: {"using":"css selector","value":"td"}
COMMAND: POST /session/d09bc8dff77367d024d5807c430cb6f4/element/f.DBFB0E313060B6E614D077C1D7681781.d.BD363282E9A5C663FE30A202BD938B6F.e.5350/elements - {"using":"css selector","value":"td"}
RESULT: {"using":"css selector","value":"td"}
COMMAND: POST /session/d09bc8dff77367d024d5807c430cb6f4/element/f.DBFB0E313060B6E614D077C1D7681781.d.BD363282E9A5C663FE30A202BD938B6F.e.5351/elements - {"using":"css selector","value":"td"}
RESULT: {"using":"css selector","value":"td"}
COMMAND: POST /session/d09bc8dff77367d024d5807c430cb6f4/element/f.DBFB0E313060B6E614D077C1D7681781.d.BD363282E9A5C663FE30A202BD938B6F.e.5352/elements - {"using":"css selector","value":"td"}
RESULT: {"using":"css selector","value":"td"}
COMMAND: POST /session/d09bc8dff77367d024d5807c430cb6f4/element/f.DBFB0E313060B6E614D077C1D7681781.d.BD363282E9A5C663FE30A202BD938B6F.e.5353/elements - {"using":"css selector","value":"td"}
RESULT: {"using":"css selector","value":"td"}
COMMAND: POST /session/d09bc8dff77367d024d5807c430cb6f4/element/f.DBFB0E313060B6E614D077C1D7681781.d.BD363282E9A5C663FE30A202BD938B6F.e.5354/elements - {"using":"css selector","value":"td"}
RESULT: {"using":"css selector","value":"td"}
COMMAND: POST /session/d09bc8dff77367d024d5807c430cb6f4/element/f.DBFB0E313060B6E614D077C1D7681781.d.BD363282E9A5C663FE30A202BD938B6F.e.5355/elements - {"using":"css selector","value":"td"}
RESULT: {"using":"css selector","value":"td"}
COMMAND: POST /session/d09bc8dff77367d024d5807c430cb6f4/element/f.DBFB0E313060B6E614D077C1D7681781.d.BD363282E9A5C663FE30A202BD938B6F.e.5356/elements - {"using":"css selector","value":"td"}
RESULT: {"using":"css selector","value":"td"}
COMMAND: POST /session/d09bc8dff77367d024d5807c430cb6f4/element/f.DBFB0E313060B6E614D077C1D7681781.d.BD363282E9A5C663FE30A202BD938B6F.e.5357/elements - {"using":"css selector","value":"td"}
RESULT: {"using":"css selector","value":"td"}
COMMAND: POST /session/d09bc8dff77367d024d5807c430cb6f4/element/f.DBFB0E313060B6E614D077C1D7681781.d.BD363282E9A5C663FE30A202BD938B6F.e.5358/elements - {"using":"css selector","value":"td"}
RESULT: {"using":"css selector","value":"td"}
COMMAND: POST /session/d09bc8dff77367d024d5807c430cb6f4/element/f.DBFB0E313060B6E614D077C1D7681781.d.BD363282E9A5C663FE30A202BD938B6F.e.5359/elements - {"using":"css selector","value":"td"}
RESULT: {"using":"css selector","value":"td"}
COMMAND: POST /session/d09bc8dff77367d024d5807c430cb6f4/element/f.DBFB0E313060B6E614D077C1D7681781.d.BD363282E9A5C663FE30A202BD938B6F.e.5360/elements - {"using":"css selector","value":"td"}
RESULT: {"using":"css selector","value":"td"}
COMMAND: POST /session/d09bc8dff77367d024d5807c430cb6f4/element/f.DBFB0E313060B6E614D077C1D7681781.d.BD363282E9A5C663FE30A202BD938B6F.e.5361/elements - {"using":"css selector","value":"td"}
RESULT: {"using":"css selector","value":"td"}
COMMAND: POST /session/d09bc8dff77367d024d5807c430cb6f4/element/f.DBFB0E313060B6E614D077C1D7681781.d.BD363282E9A5C663FE30A202BD938B6F.e.5362/elements - {"using":"css selector","value":"td"}
RESULT: {"using":"css selector","value":"td"}
COMMAND: POST /session/d09bc8dff77367d024d5807c430cb6f4/element/f.DBFB0E313060B6E614D077C1D7681781.d.BD363282E9A5C663FE30A202BD938B6F.e.5363/elements - {"using":"css selector","value":"td"}
RESULT: {"using":"css selector","value":"td"}
COMMAND: POST /session/d09bc8dff77367d024d5807c430cb6f4/element/f.DBFB0E313060B6E614D077C1D7681781.d.BD363282E9A5C663FE30A202BD938B6F.e.5364/elements - {"using":"css selector","value":"td"}
RESULT: {"using":"css selector","value":"td"}
COMMAND: POST /session/d09bc8dff77367d024d5807c430cb6f4/element/f.DBFB0E313060B6E614D077C1D7681781.d.BD363282E9A5C663FE30A202BD938B6F.e.5365/elements - {"using":"css selector","value":"td"}
RESULT: {"using":"css selector","value":"td"}
COMMAND: POST /session/d09bc8dff77367d024d5807c430cb6f4/element/f.DBFB0E313060B6E614D077C1D7681781.d.BD363282E9A5C663FE30A202BD938B6F.e.5366/elements - {"using":"css selector","value":"td"}
RESULT: {"using":"css selector","value":"td"}
COMMAND: POST /session/d09bc8dff77367d024d5807c430cb6f4/element/f.DBFB0E313060B6E614D077C1D7681781.d.BD363282E9A5C663FE30A202BD938B6F.e.5367/elements - {"using":"css selector","value":"td"}
RESULT: {"using":"css selector","value":"td"}
COMMAND: POST /session/d09bc8dff77367d024d5807c430cb6f4/element/f.DBFB0E313060B6E614D077C1D7681781.d.BD363282E9A5C663FE30A202BD938B6F.e.5368/elements - {"using":"css selector","value":"td"}
RESULT: {"using":"css selector","value":"td"}
COMMAND: POST /session/d09bc8dff77367d024d5807c430cb6f4/element/f.DBFB0E313060B6E614D077C1D7681781.d.BD363282E9A5C663FE30A202BD938B6F.e.5369/elements - {"using":"css selector","value":"td"}
RESULT: {"using":"css selector","value":"td"}
COMMAND: POST /session/d09bc8dff77367d024d5807c430cb6f4/element/f.DBFB0E313060B6E614D077C1D7681781.d.BD363282E9A5C663FE30A202BD938B6F.e.5370/elements - {"using":"css selector","value":"td"}
RESULT: {"using":"css selector","value":"td"}
COMMAND: POST /session/d09bc8dff77367d024d5807c430cb6f4/element/f.DBFB0E313060B6E614D077C1D7681781.d.BD363282E9A5C663FE30A202BD938B6F.e.5371/elements - {"using":"css selector","value":"td"}
RESULT: {"using":"css selector","value":"td"}
COMMAND: POST /session/d09bc8dff77367d024d5807c430cb6f4/element/f.DBFB0E313060B6E614D077C1D7681781.d.BD363282E9A5C663FE30A202BD938B6F.e.5372/elements - {"using":"css selector","value":"td"}
RESULT: {"using":"css selector","value":"td"}
COMMAND: POST /session/d09bc8dff77367d024d5807c430cb6f4/element/f.DBFB0E313060B6E614D077C1D7681781.d.BD363282E9A5C663FE30A202BD938B6F.e.5373/elements - {"using":"css selector","value":"td"}
RESULT: {"using":"css selector","value":"td"}
COMMAND: POST /session/d09bc8dff77367d024d5807c430cb6f4/element/f.DBFB0E313060B6E614D077C1D7681781.d.BD363282E9A5C663FE30A202BD938B6F.e.5374/elements - {"using":"css selector","value":"td"}
RESULT: {"using":"css selector","value":"td"}
COMMAND: POST /session/d09bc8dff77367d024d5807c430cb6f4/element/f.DBFB0E313060B6E614D077C1D7681781.d.BD363282E9A5C663FE30A202BD938B6F.e.5375/elements - {"using":"css selector","value":"td"}
RESULT: {"using":"css selector","value":"td"}
COMMAND: POST /session/d09bc8dff77367d024d5807c430cb6f4/element/f.DBFB0E313060B6E614D077C1D7681781.d.BD363282E9A5C663FE30A202BD938B6F.e.5376/elements - {"using":"css selector","value":"td"}
RESULT: {"using":"css selector","value":"td"}
COMMAND: POST /session/d09bc8dff77367d024d5807c430cb6f4/element/f.DBFB0E313060B6E614D077C1D7681781.d.BD363282E9A5C663FE30A202BD938B6F.e.5377/elements - {"using":"css selector","value":"td"}
RESULT: {"using":"css selector","value":"td"}
COMMAND: POST /session/d09bc8dff77367d024d5807c430cb6f4/element/f.DBFB0E313060B6E614D077C1D7681781.d.BD363282E9A5C663FE30A202BD938B6F.e.5378/elements - {"using":"css selector","value":"td"}
RESULT: {"using":"css selector","value":"td"}
COMMAND: POST /session/d09bc8dff77367d024d5807c430cb6f4/element/f.DBFB0E313060B6E614D077C1D7681781.d.BD363282E9A5C663FE30A202BD938B6F.e.5379/elements - {"using":"css selector","value":"td"}
RESULT: {"using":"css selector","value":"td"}
COMMAND: POST /session/d09bc8dff77367d024d5807c430cb6f4/element/f.DBFB0E313060B6E614D077C1D7681781.d.BD363282E9A5C663FE30A202BD938B6F.e.5380/elements - {"using":"css selector","value":"td"}
RESULT: {"using":"css selector","value":"td"}
COMMAND: POST /session/d09bc8dff77367d024d5807c430cb6f4/element/f.DBFB0E313060B6E614D077C1D7681781.d.BD363282E9A5C663FE30A202BD938B6F.e.5381/elements - {"using":"css selector","value":"td"}
RESULT: {"using":"css selector","value":"td"}
COMMAND: POST /session/d09bc8dff77367d024d5807c430cb6f4/element/f.DBFB0E313060B6E614D077C1D7681781.d.BD363282E9A5C663FE30A202BD938B6F.e.5382/elements - {"using":"css selector","value":"td"}
RESULT: {"using":"css selector","value":"td"}
COMMAND: POST /session/d09bc8dff77367d024d5807c430cb6f4/element/f.DBFB0E313060B6E614D077C1D7681781.d.BD363282E9A5C663FE30A202BD938B6F.e.5383/elements - {"using":"css selector","value":"td"}
RESULT: {"using":"css selector","value":"td"}
COMMAND: POST /session/d09bc8dff77367d024d5807c430cb6f4/element/f.DBFB0E313060B6E614D077C1D7681781.d.BD363282E9A5C663FE30A202BD938B6F.e.5384/elements - {"using":"css selector","value":"td"}
RESULT: {"using":"css selector","value":"td"}
COMMAND: POST /session/d09bc8dff77367d024d5807c430cb6f4/element/f.DBFB0E313060B6E614D077C1D7681781.d.BD363282E9A5C663FE30A202BD938B6F.e.5385/elements - {"using":"css selector","value":"td"}
RESULT: {"using":"css selector","value":"td"}
COMMAND: POST /session/d09bc8dff77367d024d5807c430cb6f4/element/f.DBFB0E313060B6E614D077C1D7681781.d.BD363282E9A5C663FE30A202BD938B6F.e.5386/elements - {"using":"css selector","value":"td"}
RESULT: {"using":"css selector","value":"td"}
COMMAND: POST /session/d09bc8dff77367d024d5807c430cb6f4/element/f.DBFB0E313060B6E614D077C1D7681781.d.BD363282E9A5C663FE30A202BD938B6F.e.5387/elements - {"using":"css selector","value":"td"}
RESULT: {"using":"css selector","value":"td"}
COMMAND: POST /session/d09bc8dff77367d024d5807c430cb6f4/element/f.DBFB0E313060B6E614D077C1D7681781.d.BD363282E9A5C663FE30A202BD938B6F.e.5388/elements - {"using":"css selector","value":"td"}
RESULT: {"using":"css selector","value":"td"}
COMMAND: POST /session/d09bc8dff77367d024d5807c430cb6f4/element/f.DBFB0E313060B6E614D077C1D7681781.d.BD363282E9A5C663FE30A202BD938B6F.e.5389/elements - {"using":"css selector","value":"td"}
RESULT: {"using":"css selector","value":"td"}
COMMAND: POST /session/d09bc8dff77367d024d5807c430cb6f4/element/f.DBFB0E313060B6E614D077C1D7681781.d.BD363282E9A5C663FE30A202BD938B6F.e.5390/elements - {"using":"css selector","value":"td"}
RESULT: {"using":"css selector","value":"td"}
COMMAND: POST /session/d09bc8dff77367d024d5807c430cb6f4/element/f.DBFB0E313060B6E614D077C1D7681781.d.BD363282E9A5C663FE30A202BD938B6F.e.5391/elements - {"using":"css selector","value":"td"}
RESULT: {"using":"css selector","value":"td"}
COMMAND: POST /session/d09bc8dff77367d024d5807c430cb6f4/element/f.DBFB0E313060B6E614D077C1D7681781.d.BD363282E9A5C663FE30A202BD938B6F.e.5392/elements - {"using":"css selector","value":"td"}
RESULT: {"using":"css selector","value":"td"}
COMMAND: POST /session/d09bc8dff77367d024d5807c430cb6f4/element/f.DBFB0E313060B6E614D077C1D7681781.d.BD363282E9A5C663FE30A202BD938B6F.e.5393/elements - {"using":"css selector","value":"td"}
RESULT: {"using":"css selector","value":"td"}
COMMAND: POST /session/d09bc8dff77367d024d5807c430cb6f4/element/f.DBFB0E313060B6E614D077C1D7681781.d.BD363282E9A5C663FE30A202BD938B6F.e.5394/elements - {"using":"css selector","value":"td"}
RESULT: {"using":"css selector","value":"td"}
COMMAND: POST /session/d09bc8dff77367d024d5807c430cb6f4/element/f.DBFB0E313060B6E614D077C1D7681781.d.BD363282E9A5C663FE30A202BD938B6F.e.5395/elements - {"using":"css selector","value":"td"}
RESULT: {"using":"css selector","value":"td"}
COMMAND: POST /session/d09bc8dff77367d024d5807c430cb6f4/element/f.DBFB0E313060B6E614D077C1D7681781.d.BD363282E9A5C663FE30A202BD938B6F.e.5396/elements - {"using":"css selector","value":"td"}
RESULT: {"using":"css selector","value":"td"}
COMMAND: POST /session/d09bc8dff77367d024d5807c430cb6f4/element/f.DBFB0E313060B6E614D077C1D7681781.d.BD363282E9A5C663FE30A202BD938B6F.e.5397/elements - {"using":"css selector","value":"td"}
RESULT: {"using":"css selector","value":"td"}
COMMAND: POST /session/d09bc8dff77367d024d5807c430cb6f4/element/f.DBFB0E313060B6E614D077C1D7681781.d.BD363282E9A5C663FE30A202BD938B6F.e.5398/elements - {"using":"css selector","value":"td"}
RESULT: {"using":"css selector","value":"td"}
COMMAND: POST /session/d09bc8dff77367d024d5807c430cb6f4/element/f.DBFB0E313060B6E614D077C1D7681781.d.BD363282E9A5C663FE30A202BD938B6F.e.5399/elements - {"using":"css selector","value":"td"}
RESULT: {"using":"css selector","value":"td"}
COMMAND: POST /session/d09bc8dff77367d024d5807c430cb6f4/element/f.DBFB0E313060B6E614D077C1D7681781.d.BD363282E9A5C663FE30A202BD938B6F.e.5421/element - {"using":"css selector","value":"input"}
RESULT: {"using":"css selector","value":"input"}
COMMAND: GET /session/d09bc8dff77367d024d5807c430cb6f4/element/f.DBFB0E313060B6E614D077C1D7681781.d.BD363282E9A5C663FE30A202BD938B6F.e.5404/property/value - {}
RESULT: {}
COMMAND: POST /session/d09bc8dff77367d024d5807c430cb6f4/element/f.DBFB0E313060B6E614D077C1D7681781.d.BD363282E9A5C663FE30A202BD938B6F.e.5399/element - {"using":"css selector","value":".sapMCbBg"}
COMMAND: GET /session/d09bc8dff77367d024d5807c430cb6f4/screenshot - {}
RESULT: {"using":"css selector","value":".sapMCbBg"}
COMMAND: GET /session/d09bc8dff77367d024d5807c430cb6f4/element/f.DBFB0E313060B6E614D077C1D7681781.d.BD363282E9A5C663FE30A202BD938B6F.e.6293/selected - {}
RESULT: {}
RESULT: {}
COMMAND: POST /session/d09bc8dff77367d024d5807c430cb6f4/element/f.DBFB0E313060B6E614D077C1D7681781.d.BD363282E9A5C663FE30A202BD938B6F.e.6293/click - {}
COMMAND: GET /session/d09bc8dff77367d024d5807c430cb6f4/screenshot - {}
RESULT: {}
COMMAND: POST /session/d09bc8dff77367d024d5807c430cb6f4/element/f.DBFB0E313060B6E614D077C1D7681781.d.BD363282E9A5C663FE30A202BD938B6F.e.5438/elements - {"using":"css selector","value":"td"}
COMMAND: GET /session/d09bc8dff77367d024d5807c430cb6f4/screenshot - {}
RESULT: {}
RESULT: {}
RESULT: {"using":"css selector","value":"td"}
COMMAND: POST /session/d09bc8dff77367d024d5807c430cb6f4/element/f.DBFB0E313060B6E614D077C1D7681781.d.BD363282E9A5C663FE30A202BD938B6F.e.5453/element - {"using":"css selector","value":"input"}
RESULT: {"using":"css selector","value":"input"}
COMMAND: GET /session/d09bc8dff77367d024d5807c430cb6f4/element/f.DBFB0E313060B6E614D077C1D7681781.d.BD363282E9A5C663FE30A202BD938B6F.e.5435/property/value - {}
RESULT: {}
COMMAND: POST /session/d09bc8dff77367d024d5807c430cb6f4/element/f.DBFB0E313060B6E614D077C1D7681781.d.BD363282E9A5C663FE30A202BD938B6F.e.5438/element - {"using":"css selector","value":".sapMCbBg"}
COMMAND: GET /session/d09bc8dff77367d024d5807c430cb6f4/screenshot - {}
RESULT: {}
RESULT: {"using":"css selector","value":".sapMCbBg"}
COMMAND: GET /session/d09bc8dff77367d024d5807c430cb6f4/element/f.DBFB0E313060B6E614D077C1D7681781.d.BD363282E9A5C663FE30A202BD938B6F.e.6297/selected - {}
RESULT: {}
COMMAND: POST /session/d09bc8dff77367d024d5807c430cb6f4/element/f.DBFB0E313060B6E614D077C1D7681781.d.BD363282E9A5C663FE30A202BD938B6F.e.6297/click - {}
COMMAND: GET /session/d09bc8dff77367d024d5807c430cb6f4/screenshot - {}
RESULT: {}
COMMAND: GET /session/d09bc8dff77367d024d5807c430cb6f4/screenshot - {}
RESULT: {}
RESULT: {}
COMMAND: POST /session/d09bc8dff77367d024d5807c430cb6f4/execute/async - {"script":"<script> [1562 bytes]","args":[{"selector":{"id":"application-manageconditionprice-display-component---dailyPrices--deleteBtn","interaction":{"idSuffix":"content"}},"wdio_ui5_key":"applicationmanageconditionprice-display-component---dailyPrices--deleteBtn"}]}
RESULT: {"script":"<script> [1562 bytes]","args":[{"selector":{"id":"application-manageconditionprice-display-component---dailyPrices--deleteBtn","interaction":{"idSuffix":"content"}},"wdio_ui5_key":"applicationmanageconditionprice-display-component---dailyPrices--deleteBtn"}]}
RESULT: undefined
COMMAND: POST /session/d09bc8dff77367d024d5807c430cb6f4/element - {"using":"xpath","value":"//*[@id=\"application-manageconditionprice-display-component---dailyPrices--deleteBtn\"]"}
RESULT: {"using":"xpath","value":"//*[@id=\"application-manageconditionprice-display-component---dailyPrices--deleteBtn\"]"}
COMMAND: POST /session/d09bc8dff77367d024d5807c430cb6f4/element/f.DBFB0E313060B6E614D077C1D7681781.d.BD363282E9A5C663FE30A202BD938B6F.e.6299/click - {}
RESULT: {}
COMMAND: POST /session/d09bc8dff77367d024d5807c430cb6f4/execute/async - {"script":"<script> [1562 bytes]","args":[{"selector":{"controlType":"sap.m.Button","properties":{"text":"OK"},"searchOpenDialogs":true,"interaction":{"idSuffix":"BDI-content"}},"wdio_ui5_key":"sapm.Button{\"text\":\"OK\"}"}]}
COMMAND: GET /session/d09bc8dff77367d024d5807c430cb6f4/screenshot - {}
RESULT: {"script":"<script> [1562 bytes]","args":[{"selector":{"controlType":"sap.m.Button","properties":{"text":"OK"},"searchOpenDialogs":true,"interaction":{"idSuffix":"BDI-content"}},"wdio_ui5_key":"sapm.Button{\"text\":\"OK\"}"}]}
RESULT: undefined
COMMAND: POST /session/d09bc8dff77367d024d5807c430cb6f4/element - {"using":"xpath","value":"//*[@id=\"__mbox-btn-0\"]"}
RESULT: {}
RESULT: {"using":"xpath","value":"//*[@id=\"__mbox-btn-0\"]"}
COMMAND: POST /session/d09bc8dff77367d024d5807c430cb6f4/element/f.DBFB0E313060B6E614D077C1D7681781.d.BD363282E9A5C663FE30A202BD938B6F.e.6300/click - {}
RESULT: {}
COMMAND: GET /session/d09bc8dff77367d024d5807c430cb6f4/screenshot - {}
RESULT: {}
RESULT: undefined
COMMAND: POST /session/d09bc8dff77367d024d5807c430cb6f4/element - {"using":"xpath","value":"//*[@id=\"__button8\"]"}
RESULT: {"using":"xpath","value":"//*[@id=\"__button8\"]"}
COMMAND: POST /session/d09bc8dff77367d024d5807c430cb6f4/element/f.DBFB0E313060B6E614D077C1D7681781.d.BD363282E9A5C663FE30A202BD938B6F.e.5488/click - {}
RESULT: {}
COMMAND: GET /session/d09bc8dff77367d024d5807c430cb6f4/screenshot - {}
RESULT: {}
COMMAND: POST /session/d09bc8dff77367d024d5807c430cb6f4/elements - {"using":"css selector","value":"table tr"}
RESULT: {"using":"css selector","value":"table tr"}
COMMAND: POST /session/d09bc8dff77367d024d5807c430cb6f4/element/f.DBFB0E313060B6E614D077C1D7681781.d.BD363282E9A5C663FE30A202BD938B6F.e.5203/elements - {"using":"css selector","value":"td"}
RESULT: {"using":"css selector","value":"td"}
COMMAND: POST /session/d09bc8dff77367d024d5807c430cb6f4/element/f.DBFB0E313060B6E614D077C1D7681781.d.BD363282E9A5C663FE30A202BD938B6F.e.5204/elements - {"using":"css selector","value":"td"}
RESULT: {"using":"css selector","value":"td"}
COMMAND: POST /session/d09bc8dff77367d024d5807c430cb6f4/element/f.DBFB0E313060B6E614D077C1D7681781.d.BD363282E9A5C663FE30A202BD938B6F.e.5205/elements - {"using":"css selector","value":"td"}
RESULT: {"using":"css selector","value":"td"}
COMMAND: POST /session/d09bc8dff77367d024d5807c430cb6f4/element/f.DBFB0E313060B6E614D077C1D7681781.d.BD363282E9A5C663FE30A202BD938B6F.e.5141/elements - {"using":"css selector","value":"td"}
RESULT: {"using":"css selector","value":"td"}
COMMAND: POST /session/d09bc8dff77367d024d5807c430cb6f4/element/f.DBFB0E313060B6E614D077C1D7681781.d.BD363282E9A5C663FE30A202BD938B6F.e.5142/elements - {"using":"css selector","value":"td"}
RESULT: {"using":"css selector","value":"td"}
COMMAND: POST /session/d09bc8dff77367d024d5807c430cb6f4/element/f.DBFB0E313060B6E614D077C1D7681781.d.BD363282E9A5C663FE30A202BD938B6F.e.5148/elements - {"using":"css selector","value":"td"}
RESULT: {"using":"css selector","value":"td"}
COMMAND: POST /session/d09bc8dff77367d024d5807c430cb6f4/element/f.DBFB0E313060B6E614D077C1D7681781.d.BD363282E9A5C663FE30A202BD938B6F.e.5149/elements - {"using":"css selector","value":"td"}
RESULT: {"using":"css selector","value":"td"}
COMMAND: POST /session/d09bc8dff77367d024d5807c430cb6f4/element/f.DBFB0E313060B6E614D077C1D7681781.d.BD363282E9A5C663FE30A202BD938B6F.e.5155/elements - {"using":"css selector","value":"td"}
RESULT: {"using":"css selector","value":"td"}
COMMAND: POST /session/d09bc8dff77367d024d5807c430cb6f4/element/f.DBFB0E313060B6E614D077C1D7681781.d.BD363282E9A5C663FE30A202BD938B6F.e.5156/elements - {"using":"css selector","value":"td"}
RESULT: {"using":"css selector","value":"td"}
COMMAND: POST /session/d09bc8dff77367d024d5807c430cb6f4/element/f.DBFB0E313060B6E614D077C1D7681781.d.BD363282E9A5C663FE30A202BD938B6F.e.5159/elements - {"using":"css selector","value":"td"}
RESULT: {"using":"css selector","value":"td"}
COMMAND: POST /session/d09bc8dff77367d024d5807c430cb6f4/element/f.DBFB0E313060B6E614D077C1D7681781.d.BD363282E9A5C663FE30A202BD938B6F.e.5206/elements - {"using":"css selector","value":"td"}
RESULT: {"using":"css selector","value":"td"}
COMMAND: POST /session/d09bc8dff77367d024d5807c430cb6f4/element/f.DBFB0E313060B6E614D077C1D7681781.d.BD363282E9A5C663FE30A202BD938B6F.e.5207/elements - {"using":"css selector","value":"td"}
RESULT: {"using":"css selector","value":"td"}
COMMAND: POST /session/d09bc8dff77367d024d5807c430cb6f4/element/f.DBFB0E313060B6E614D077C1D7681781.d.BD363282E9A5C663FE30A202BD938B6F.e.5208/elements - {"using":"css selector","value":"td"}
RESULT: {"using":"css selector","value":"td"}
COMMAND: POST /session/d09bc8dff77367d024d5807c430cb6f4/element/f.DBFB0E313060B6E614D077C1D7681781.d.BD363282E9A5C663FE30A202BD938B6F.e.5209/elements - {"using":"css selector","value":"td"}
RESULT: {"using":"css selector","value":"td"}
COMMAND: POST /session/d09bc8dff77367d024d5807c430cb6f4/element/f.DBFB0E313060B6E614D077C1D7681781.d.BD363282E9A5C663FE30A202BD938B6F.e.5210/elements - {"using":"css selector","value":"td"}
RESULT: {"using":"css selector","value":"td"}
COMMAND: POST /session/d09bc8dff77367d024d5807c430cb6f4/element/f.DBFB0E313060B6E614D077C1D7681781.d.BD363282E9A5C663FE30A202BD938B6F.e.5211/elements - {"using":"css selector","value":"td"}
RESULT: {"using":"css selector","value":"td"}
COMMAND: POST /session/d09bc8dff77367d024d5807c430cb6f4/element/f.DBFB0E313060B6E614D077C1D7681781.d.BD363282E9A5C663FE30A202BD938B6F.e.5212/elements - {"using":"css selector","value":"td"}
RESULT: {"using":"css selector","value":"td"}
COMMAND: POST /session/d09bc8dff77367d024d5807c430cb6f4/element/f.DBFB0E313060B6E614D077C1D7681781.d.BD363282E9A5C663FE30A202BD938B6F.e.5213/elements - {"using":"css selector","value":"td"}
RESULT: {"using":"css selector","value":"td"}
COMMAND: POST /session/d09bc8dff77367d024d5807c430cb6f4/element/f.DBFB0E313060B6E614D077C1D7681781.d.BD363282E9A5C663FE30A202BD938B6F.e.5214/elements - {"using":"css selector","value":"td"}
RESULT: {"using":"css selector","value":"td"}
COMMAND: POST /session/d09bc8dff77367d024d5807c430cb6f4/element/f.DBFB0E313060B6E614D077C1D7681781.d.BD363282E9A5C663FE30A202BD938B6F.e.5215/elements - {"using":"css selector","value":"td"}
RESULT: {"using":"css selector","value":"td"}
COMMAND: POST /session/d09bc8dff77367d024d5807c430cb6f4/element/f.DBFB0E313060B6E614D077C1D7681781.d.BD363282E9A5C663FE30A202BD938B6F.e.5216/elements - {"using":"css selector","value":"td"}
RESULT: {"using":"css selector","value":"td"}
COMMAND: POST /session/d09bc8dff77367d024d5807c430cb6f4/element/f.DBFB0E313060B6E614D077C1D7681781.d.BD363282E9A5C663FE30A202BD938B6F.e.5217/elements - {"using":"css selector","value":"td"}
RESULT: {"using":"css selector","value":"td"}
COMMAND: POST /session/d09bc8dff77367d024d5807c430cb6f4/element/f.DBFB0E313060B6E614D077C1D7681781.d.BD363282E9A5C663FE30A202BD938B6F.e.5218/elements - {"using":"css selector","value":"td"}
RESULT: {"using":"css selector","value":"td"}
COMMAND: POST /session/d09bc8dff77367d024d5807c430cb6f4/element/f.DBFB0E313060B6E614D077C1D7681781.d.BD363282E9A5C663FE30A202BD938B6F.e.5219/elements - {"using":"css selector","value":"td"}
RESULT: {"using":"css selector","value":"td"}
COMMAND: POST /session/d09bc8dff77367d024d5807c430cb6f4/element/f.DBFB0E313060B6E614D077C1D7681781.d.BD363282E9A5C663FE30A202BD938B6F.e.5220/elements - {"using":"css selector","value":"td"}
RESULT: {"using":"css selector","value":"td"}
COMMAND: POST /session/d09bc8dff77367d024d5807c430cb6f4/element/f.DBFB0E313060B6E614D077C1D7681781.d.BD363282E9A5C663FE30A202BD938B6F.e.5221/elements - {"using":"css selector","value":"td"}
RESULT: {"using":"css selector","value":"td"}
COMMAND: POST /session/d09bc8dff77367d024d5807c430cb6f4/element/f.DBFB0E313060B6E614D077C1D7681781.d.BD363282E9A5C663FE30A202BD938B6F.e.5222/elements - {"using":"css selector","value":"td"}
RESULT: {"using":"css selector","value":"td"}
COMMAND: POST /session/d09bc8dff77367d024d5807c430cb6f4/element/f.DBFB0E313060B6E614D077C1D7681781.d.BD363282E9A5C663FE30A202BD938B6F.e.5223/elements - {"using":"css selector","value":"td"}
RESULT: {"using":"css selector","value":"td"}
COMMAND: POST /session/d09bc8dff77367d024d5807c430cb6f4/element/f.DBFB0E313060B6E614D077C1D7681781.d.BD363282E9A5C663FE30A202BD938B6F.e.5224/elements - {"using":"css selector","value":"td"}
RESULT: {"using":"css selector","value":"td"}
COMMAND: POST /session/d09bc8dff77367d024d5807c430cb6f4/element/f.DBFB0E313060B6E614D077C1D7681781.d.BD363282E9A5C663FE30A202BD938B6F.e.5225/elements - {"using":"css selector","value":"td"}
RESULT: {"using":"css selector","value":"td"}
COMMAND: POST /session/d09bc8dff77367d024d5807c430cb6f4/element/f.DBFB0E313060B6E614D077C1D7681781.d.BD363282E9A5C663FE30A202BD938B6F.e.5226/elements - {"using":"css selector","value":"td"}
RESULT: {"using":"css selector","value":"td"}
COMMAND: POST /session/d09bc8dff77367d024d5807c430cb6f4/element/f.DBFB0E313060B6E614D077C1D7681781.d.BD363282E9A5C663FE30A202BD938B6F.e.5227/elements - {"using":"css selector","value":"td"}
RESULT: {"using":"css selector","value":"td"}
COMMAND: POST /session/d09bc8dff77367d024d5807c430cb6f4/element/f.DBFB0E313060B6E614D077C1D7681781.d.BD363282E9A5C663FE30A202BD938B6F.e.5228/elements - {"using":"css selector","value":"td"}
RESULT: {"using":"css selector","value":"td"}
COMMAND: POST /session/d09bc8dff77367d024d5807c430cb6f4/element/f.DBFB0E313060B6E614D077C1D7681781.d.BD363282E9A5C663FE30A202BD938B6F.e.5229/elements - {"using":"css selector","value":"td"}
RESULT: {"using":"css selector","value":"td"}
COMMAND: POST /session/d09bc8dff77367d024d5807c430cb6f4/element/f.DBFB0E313060B6E614D077C1D7681781.d.BD363282E9A5C663FE30A202BD938B6F.e.5230/elements - {"using":"css selector","value":"td"}
RESULT: {"using":"css selector","value":"td"}
COMMAND: POST /session/d09bc8dff77367d024d5807c430cb6f4/element/f.DBFB0E313060B6E614D077C1D7681781.d.BD363282E9A5C663FE30A202BD938B6F.e.5231/elements - {"using":"css selector","value":"td"}
RESULT: {"using":"css selector","value":"td"}
COMMAND: POST /session/d09bc8dff77367d024d5807c430cb6f4/element/f.DBFB0E313060B6E614D077C1D7681781.d.BD363282E9A5C663FE30A202BD938B6F.e.5232/elements - {"using":"css selector","value":"td"}
RESULT: {"using":"css selector","value":"td"}
COMMAND: POST /session/d09bc8dff77367d024d5807c430cb6f4/element/f.DBFB0E313060B6E614D077C1D7681781.d.BD363282E9A5C663FE30A202BD938B6F.e.5233/elements - {"using":"css selector","value":"td"}
RESULT: {"using":"css selector","value":"td"}
COMMAND: POST /session/d09bc8dff77367d024d5807c430cb6f4/element/f.DBFB0E313060B6E614D077C1D7681781.d.BD363282E9A5C663FE30A202BD938B6F.e.5234/elements - {"using":"css selector","value":"td"}
RESULT: {"using":"css selector","value":"td"}
COMMAND: POST /session/d09bc8dff77367d024d5807c430cb6f4/element/f.DBFB0E313060B6E614D077C1D7681781.d.BD363282E9A5C663FE30A202BD938B6F.e.5235/elements - {"using":"css selector","value":"td"}
RESULT: {"using":"css selector","value":"td"}
COMMAND: POST /session/d09bc8dff77367d024d5807c430cb6f4/element/f.DBFB0E313060B6E614D077C1D7681781.d.BD363282E9A5C663FE30A202BD938B6F.e.5236/elements - {"using":"css selector","value":"td"}
RESULT: {"using":"css selector","value":"td"}
COMMAND: POST /session/d09bc8dff77367d024d5807c430cb6f4/element/f.DBFB0E313060B6E614D077C1D7681781.d.BD363282E9A5C663FE30A202BD938B6F.e.5237/elements - {"using":"css selector","value":"td"}
RESULT: {"using":"css selector","value":"td"}
COMMAND: POST /session/d09bc8dff77367d024d5807c430cb6f4/element/f.DBFB0E313060B6E614D077C1D7681781.d.BD363282E9A5C663FE30A202BD938B6F.e.5238/elements - {"using":"css selector","value":"td"}
RESULT: {"using":"css selector","value":"td"}
COMMAND: POST /session/d09bc8dff77367d024d5807c430cb6f4/element/f.DBFB0E313060B6E614D077C1D7681781.d.BD363282E9A5C663FE30A202BD938B6F.e.5239/elements - {"using":"css selector","value":"td"}
RESULT: {"using":"css selector","value":"td"}
COMMAND: POST /session/d09bc8dff77367d024d5807c430cb6f4/element/f.DBFB0E313060B6E614D077C1D7681781.d.BD363282E9A5C663FE30A202BD938B6F.e.5240/elements - {"using":"css selector","value":"td"}
RESULT: {"using":"css selector","value":"td"}
COMMAND: POST /session/d09bc8dff77367d024d5807c430cb6f4/element/f.DBFB0E313060B6E614D077C1D7681781.d.BD363282E9A5C663FE30A202BD938B6F.e.5241/elements - {"using":"css selector","value":"td"}
RESULT: {"using":"css selector","value":"td"}
COMMAND: POST /session/d09bc8dff77367d024d5807c430cb6f4/element/f.DBFB0E313060B6E614D077C1D7681781.d.BD363282E9A5C663FE30A202BD938B6F.e.5242/elements - {"using":"css selector","value":"td"}
RESULT: {"using":"css selector","value":"td"}
COMMAND: POST /session/d09bc8dff77367d024d5807c430cb6f4/element/f.DBFB0E313060B6E614D077C1D7681781.d.BD363282E9A5C663FE30A202BD938B6F.e.5243/elements - {"using":"css selector","value":"td"}
RESULT: {"using":"css selector","value":"td"}
COMMAND: POST /session/d09bc8dff77367d024d5807c430cb6f4/element/f.DBFB0E313060B6E614D077C1D7681781.d.BD363282E9A5C663FE30A202BD938B6F.e.5244/elements - {"using":"css selector","value":"td"}
RESULT: {"using":"css selector","value":"td"}
COMMAND: POST /session/d09bc8dff77367d024d5807c430cb6f4/element/f.DBFB0E313060B6E614D077C1D7681781.d.BD363282E9A5C663FE30A202BD938B6F.e.5245/elements - {"using":"css selector","value":"td"}
RESULT: {"using":"css selector","value":"td"}
COMMAND: POST /session/d09bc8dff77367d024d5807c430cb6f4/element/f.DBFB0E313060B6E614D077C1D7681781.d.BD363282E9A5C663FE30A202BD938B6F.e.5246/elements - {"using":"css selector","value":"td"}
RESULT: {"using":"css selector","value":"td"}
COMMAND: POST /session/d09bc8dff77367d024d5807c430cb6f4/element/f.DBFB0E313060B6E614D077C1D7681781.d.BD363282E9A5C663FE30A202BD938B6F.e.5247/elements - {"using":"css selector","value":"td"}
RESULT: {"using":"css selector","value":"td"}
COMMAND: POST /session/d09bc8dff77367d024d5807c430cb6f4/element/f.DBFB0E313060B6E614D077C1D7681781.d.BD363282E9A5C663FE30A202BD938B6F.e.5248/elements - {"using":"css selector","value":"td"}
RESULT: {"using":"css selector","value":"td"}
COMMAND: POST /session/d09bc8dff77367d024d5807c430cb6f4/element/f.DBFB0E313060B6E614D077C1D7681781.d.BD363282E9A5C663FE30A202BD938B6F.e.5249/elements - {"using":"css selector","value":"td"}
RESULT: {"using":"css selector","value":"td"}
COMMAND: POST /session/d09bc8dff77367d024d5807c430cb6f4/element/f.DBFB0E313060B6E614D077C1D7681781.d.BD363282E9A5C663FE30A202BD938B6F.e.5250/elements - {"using":"css selector","value":"td"}
RESULT: {"using":"css selector","value":"td"}
COMMAND: POST /session/d09bc8dff77367d024d5807c430cb6f4/element/f.DBFB0E313060B6E614D077C1D7681781.d.BD363282E9A5C663FE30A202BD938B6F.e.5251/elements - {"using":"css selector","value":"td"}
RESULT: {"using":"css selector","value":"td"}
COMMAND: POST /session/d09bc8dff77367d024d5807c430cb6f4/element/f.DBFB0E313060B6E614D077C1D7681781.d.BD363282E9A5C663FE30A202BD938B6F.e.5252/elements - {"using":"css selector","value":"td"}
RESULT: {"using":"css selector","value":"td"}
COMMAND: POST /session/d09bc8dff77367d024d5807c430cb6f4/element/f.DBFB0E313060B6E614D077C1D7681781.d.BD363282E9A5C663FE30A202BD938B6F.e.5253/elements - {"using":"css selector","value":"td"}
RESULT: {"using":"css selector","value":"td"}
COMMAND: POST /session/d09bc8dff77367d024d5807c430cb6f4/element/f.DBFB0E313060B6E614D077C1D7681781.d.BD363282E9A5C663FE30A202BD938B6F.e.5254/elements - {"using":"css selector","value":"td"}
RESULT: {"using":"css selector","value":"td"}
COMMAND: POST /session/d09bc8dff77367d024d5807c430cb6f4/element/f.DBFB0E313060B6E614D077C1D7681781.d.BD363282E9A5C663FE30A202BD938B6F.e.5255/elements - {"using":"css selector","value":"td"}
RESULT: {"using":"css selector","value":"td"}
COMMAND: POST /session/d09bc8dff77367d024d5807c430cb6f4/element/f.DBFB0E313060B6E614D077C1D7681781.d.BD363282E9A5C663FE30A202BD938B6F.e.5256/elements - {"using":"css selector","value":"td"}
RESULT: {"using":"css selector","value":"td"}
COMMAND: POST /session/d09bc8dff77367d024d5807c430cb6f4/element/f.DBFB0E313060B6E614D077C1D7681781.d.BD363282E9A5C663FE30A202BD938B6F.e.5257/elements - {"using":"css selector","value":"td"}
RESULT: {"using":"css selector","value":"td"}
COMMAND: POST /session/d09bc8dff77367d024d5807c430cb6f4/element/f.DBFB0E313060B6E614D077C1D7681781.d.BD363282E9A5C663FE30A202BD938B6F.e.5258/elements - {"using":"css selector","value":"td"}
RESULT: {"using":"css selector","value":"td"}
COMMAND: POST /session/d09bc8dff77367d024d5807c430cb6f4/element/f.DBFB0E313060B6E614D077C1D7681781.d.BD363282E9A5C663FE30A202BD938B6F.e.5259/elements - {"using":"css selector","value":"td"}
RESULT: {"using":"css selector","value":"td"}
COMMAND: POST /session/d09bc8dff77367d024d5807c430cb6f4/element/f.DBFB0E313060B6E614D077C1D7681781.d.BD363282E9A5C663FE30A202BD938B6F.e.5260/elements - {"using":"css selector","value":"td"}
RESULT: {"using":"css selector","value":"td"}
COMMAND: POST /session/d09bc8dff77367d024d5807c430cb6f4/element/f.DBFB0E313060B6E614D077C1D7681781.d.BD363282E9A5C663FE30A202BD938B6F.e.5261/elements - {"using":"css selector","value":"td"}
RESULT: {"using":"css selector","value":"td"}
COMMAND: POST /session/d09bc8dff77367d024d5807c430cb6f4/element/f.DBFB0E313060B6E614D077C1D7681781.d.BD363282E9A5C663FE30A202BD938B6F.e.5262/elements - {"using":"css selector","value":"td"}
RESULT: {"using":"css selector","value":"td"}
COMMAND: POST /session/d09bc8dff77367d024d5807c430cb6f4/element/f.DBFB0E313060B6E614D077C1D7681781.d.BD363282E9A5C663FE30A202BD938B6F.e.5263/elements - {"using":"css selector","value":"td"}
RESULT: {"using":"css selector","value":"td"}
COMMAND: POST /session/d09bc8dff77367d024d5807c430cb6f4/element/f.DBFB0E313060B6E614D077C1D7681781.d.BD363282E9A5C663FE30A202BD938B6F.e.5264/elements - {"using":"css selector","value":"td"}
RESULT: {"using":"css selector","value":"td"}
COMMAND: POST /session/d09bc8dff77367d024d5807c430cb6f4/element/f.DBFB0E313060B6E614D077C1D7681781.d.BD363282E9A5C663FE30A202BD938B6F.e.5265/elements - {"using":"css selector","value":"td"}
RESULT: {"using":"css selector","value":"td"}
COMMAND: POST /session/d09bc8dff77367d024d5807c430cb6f4/element/f.DBFB0E313060B6E614D077C1D7681781.d.BD363282E9A5C663FE30A202BD938B6F.e.5266/elements - {"using":"css selector","value":"td"}
RESULT: {"using":"css selector","value":"td"}
COMMAND: POST /session/d09bc8dff77367d024d5807c430cb6f4/element/f.DBFB0E313060B6E614D077C1D7681781.d.BD363282E9A5C663FE30A202BD938B6F.e.5267/elements - {"using":"css selector","value":"td"}
RESULT: {"using":"css selector","value":"td"}
COMMAND: POST /session/d09bc8dff77367d024d5807c430cb6f4/element/f.DBFB0E313060B6E614D077C1D7681781.d.BD363282E9A5C663FE30A202BD938B6F.e.5268/elements - {"using":"css selector","value":"td"}
RESULT: {"using":"css selector","value":"td"}
COMMAND: POST /session/d09bc8dff77367d024d5807c430cb6f4/element/f.DBFB0E313060B6E614D077C1D7681781.d.BD363282E9A5C663FE30A202BD938B6F.e.5269/elements - {"using":"css selector","value":"td"}
RESULT: {"using":"css selector","value":"td"}
COMMAND: POST /session/d09bc8dff77367d024d5807c430cb6f4/element/f.DBFB0E313060B6E614D077C1D7681781.d.BD363282E9A5C663FE30A202BD938B6F.e.5270/elements - {"using":"css selector","value":"td"}
RESULT: {"using":"css selector","value":"td"}
COMMAND: POST /session/d09bc8dff77367d024d5807c430cb6f4/element/f.DBFB0E313060B6E614D077C1D7681781.d.BD363282E9A5C663FE30A202BD938B6F.e.5271/elements - {"using":"css selector","value":"td"}
RESULT: {"using":"css selector","value":"td"}
COMMAND: POST /session/d09bc8dff77367d024d5807c430cb6f4/element/f.DBFB0E313060B6E614D077C1D7681781.d.BD363282E9A5C663FE30A202BD938B6F.e.5272/elements - {"using":"css selector","value":"td"}
RESULT: {"using":"css selector","value":"td"}
COMMAND: POST /session/d09bc8dff77367d024d5807c430cb6f4/element/f.DBFB0E313060B6E614D077C1D7681781.d.BD363282E9A5C663FE30A202BD938B6F.e.5273/elements - {"using":"css selector","value":"td"}
RESULT: {"using":"css selector","value":"td"}
COMMAND: POST /session/d09bc8dff77367d024d5807c430cb6f4/element/f.DBFB0E313060B6E614D077C1D7681781.d.BD363282E9A5C663FE30A202BD938B6F.e.5274/elements - {"using":"css selector","value":"td"}
RESULT: {"using":"css selector","value":"td"}
COMMAND: POST /session/d09bc8dff77367d024d5807c430cb6f4/element/f.DBFB0E313060B6E614D077C1D7681781.d.BD363282E9A5C663FE30A202BD938B6F.e.5275/elements - {"using":"css selector","value":"td"}
RESULT: {"using":"css selector","value":"td"}
COMMAND: POST /session/d09bc8dff77367d024d5807c430cb6f4/element/f.DBFB0E313060B6E614D077C1D7681781.d.BD363282E9A5C663FE30A202BD938B6F.e.5276/elements - {"using":"css selector","value":"td"}
RESULT: {"using":"css selector","value":"td"}
COMMAND: POST /session/d09bc8dff77367d024d5807c430cb6f4/element/f.DBFB0E313060B6E614D077C1D7681781.d.BD363282E9A5C663FE30A202BD938B6F.e.5277/elements - {"using":"css selector","value":"td"}
RESULT: {"using":"css selector","value":"td"}
COMMAND: POST /session/d09bc8dff77367d024d5807c430cb6f4/element/f.DBFB0E313060B6E614D077C1D7681781.d.BD363282E9A5C663FE30A202BD938B6F.e.5278/elements - {"using":"css selector","value":"td"}
RESULT: {"using":"css selector","value":"td"}
COMMAND: POST /session/d09bc8dff77367d024d5807c430cb6f4/element/f.DBFB0E313060B6E614D077C1D7681781.d.BD363282E9A5C663FE30A202BD938B6F.e.5279/elements - {"using":"css selector","value":"td"}
RESULT: {"using":"css selector","value":"td"}
COMMAND: POST /session/d09bc8dff77367d024d5807c430cb6f4/element/f.DBFB0E313060B6E614D077C1D7681781.d.BD363282E9A5C663FE30A202BD938B6F.e.5280/elements - {"using":"css selector","value":"td"}
RESULT: {"using":"css selector","value":"td"}
COMMAND: POST /session/d09bc8dff77367d024d5807c430cb6f4/element/f.DBFB0E313060B6E614D077C1D7681781.d.BD363282E9A5C663FE30A202BD938B6F.e.5281/elements - {"using":"css selector","value":"td"}
RESULT: {"using":"css selector","value":"td"}
COMMAND: POST /session/d09bc8dff77367d024d5807c430cb6f4/element/f.DBFB0E313060B6E614D077C1D7681781.d.BD363282E9A5C663FE30A202BD938B6F.e.5282/elements - {"using":"css selector","value":"td"}
RESULT: {"using":"css selector","value":"td"}
COMMAND: POST /session/d09bc8dff77367d024d5807c430cb6f4/element/f.DBFB0E313060B6E614D077C1D7681781.d.BD363282E9A5C663FE30A202BD938B6F.e.5283/elements - {"using":"css selector","value":"td"}
RESULT: {"using":"css selector","value":"td"}
COMMAND: POST /session/d09bc8dff77367d024d5807c430cb6f4/element/f.DBFB0E313060B6E614D077C1D7681781.d.BD363282E9A5C663FE30A202BD938B6F.e.5284/elements - {"using":"css selector","value":"td"}
RESULT: {"using":"css selector","value":"td"}
COMMAND: POST /session/d09bc8dff77367d024d5807c430cb6f4/element/f.DBFB0E313060B6E614D077C1D7681781.d.BD363282E9A5C663FE30A202BD938B6F.e.5285/elements - {"using":"css selector","value":"td"}
RESULT: {"using":"css selector","value":"td"}
COMMAND: POST /session/d09bc8dff77367d024d5807c430cb6f4/element/f.DBFB0E313060B6E614D077C1D7681781.d.BD363282E9A5C663FE30A202BD938B6F.e.5286/elements - {"using":"css selector","value":"td"}
RESULT: {"using":"css selector","value":"td"}
COMMAND: POST /session/d09bc8dff77367d024d5807c430cb6f4/element/f.DBFB0E313060B6E614D077C1D7681781.d.BD363282E9A5C663FE30A202BD938B6F.e.5287/elements - {"using":"css selector","value":"td"}
RESULT: {"using":"css selector","value":"td"}
COMMAND: POST /session/d09bc8dff77367d024d5807c430cb6f4/element/f.DBFB0E313060B6E614D077C1D7681781.d.BD363282E9A5C663FE30A202BD938B6F.e.5288/elements - {"using":"css selector","value":"td"}
RESULT: {"using":"css selector","value":"td"}
COMMAND: POST /session/d09bc8dff77367d024d5807c430cb6f4/element/f.DBFB0E313060B6E614D077C1D7681781.d.BD363282E9A5C663FE30A202BD938B6F.e.5289/elements - {"using":"css selector","value":"td"}
RESULT: {"using":"css selector","value":"td"}
COMMAND: POST /session/d09bc8dff77367d024d5807c430cb6f4/element/f.DBFB0E313060B6E614D077C1D7681781.d.BD363282E9A5C663FE30A202BD938B6F.e.5290/elements - {"using":"css selector","value":"td"}
RESULT: {"using":"css selector","value":"td"}
COMMAND: POST /session/d09bc8dff77367d024d5807c430cb6f4/element/f.DBFB0E313060B6E614D077C1D7681781.d.BD363282E9A5C663FE30A202BD938B6F.e.5291/elements - {"using":"css selector","value":"td"}
RESULT: {"using":"css selector","value":"td"}
COMMAND: POST /session/d09bc8dff77367d024d5807c430cb6f4/element/f.DBFB0E313060B6E614D077C1D7681781.d.BD363282E9A5C663FE30A202BD938B6F.e.5292/elements - {"using":"css selector","value":"td"}
RESULT: {"using":"css selector","value":"td"}
COMMAND: POST /session/d09bc8dff77367d024d5807c430cb6f4/element/f.DBFB0E313060B6E614D077C1D7681781.d.BD363282E9A5C663FE30A202BD938B6F.e.5293/elements - {"using":"css selector","value":"td"}
RESULT: {"using":"css selector","value":"td"}
COMMAND: POST /session/d09bc8dff77367d024d5807c430cb6f4/element/f.DBFB0E313060B6E614D077C1D7681781.d.BD363282E9A5C663FE30A202BD938B6F.e.5294/elements - {"using":"css selector","value":"td"}
RESULT: {"using":"css selector","value":"td"}
COMMAND: POST /session/d09bc8dff77367d024d5807c430cb6f4/element/f.DBFB0E313060B6E614D077C1D7681781.d.BD363282E9A5C663FE30A202BD938B6F.e.5295/elements - {"using":"css selector","value":"td"}
RESULT: {"using":"css selector","value":"td"}
COMMAND: POST /session/d09bc8dff77367d024d5807c430cb6f4/element/f.DBFB0E313060B6E614D077C1D7681781.d.BD363282E9A5C663FE30A202BD938B6F.e.5296/elements - {"using":"css selector","value":"td"}
RESULT: {"using":"css selector","value":"td"}
COMMAND: POST /session/d09bc8dff77367d024d5807c430cb6f4/element/f.DBFB0E313060B6E614D077C1D7681781.d.BD363282E9A5C663FE30A202BD938B6F.e.5297/elements - {"using":"css selector","value":"td"}
RESULT: {"using":"css selector","value":"td"}
COMMAND: POST /session/d09bc8dff77367d024d5807c430cb6f4/element/f.DBFB0E313060B6E614D077C1D7681781.d.BD363282E9A5C663FE30A202BD938B6F.e.5298/elements - {"using":"css selector","value":"td"}
RESULT: {"using":"css selector","value":"td"}
COMMAND: POST /session/d09bc8dff77367d024d5807c430cb6f4/element/f.DBFB0E313060B6E614D077C1D7681781.d.BD363282E9A5C663FE30A202BD938B6F.e.5299/elements - {"using":"css selector","value":"td"}
RESULT: {"using":"css selector","value":"td"}
COMMAND: POST /session/d09bc8dff77367d024d5807c430cb6f4/element/f.DBFB0E313060B6E614D077C1D7681781.d.BD363282E9A5C663FE30A202BD938B6F.e.5300/elements - {"using":"css selector","value":"td"}
RESULT: {"using":"css selector","value":"td"}
COMMAND: POST /session/d09bc8dff77367d024d5807c430cb6f4/element/f.DBFB0E313060B6E614D077C1D7681781.d.BD363282E9A5C663FE30A202BD938B6F.e.5301/elements - {"using":"css selector","value":"td"}
RESULT: {"using":"css selector","value":"td"}
COMMAND: POST /session/d09bc8dff77367d024d5807c430cb6f4/element/f.DBFB0E313060B6E614D077C1D7681781.d.BD363282E9A5C663FE30A202BD938B6F.e.5302/elements - {"using":"css selector","value":"td"}
RESULT: {"using":"css selector","value":"td"}
COMMAND: POST /session/d09bc8dff77367d024d5807c430cb6f4/element/f.DBFB0E313060B6E614D077C1D7681781.d.BD363282E9A5C663FE30A202BD938B6F.e.5303/elements - {"using":"css selector","value":"td"}
RESULT: {"using":"css selector","value":"td"}
COMMAND: POST /session/d09bc8dff77367d024d5807c430cb6f4/element/f.DBFB0E313060B6E614D077C1D7681781.d.BD363282E9A5C663FE30A202BD938B6F.e.5304/elements - {"using":"css selector","value":"td"}
RESULT: {"using":"css selector","value":"td"}
COMMAND: POST /session/d09bc8dff77367d024d5807c430cb6f4/element/f.DBFB0E313060B6E614D077C1D7681781.d.BD363282E9A5C663FE30A202BD938B6F.e.5305/elements - {"using":"css selector","value":"td"}
RESULT: {"using":"css selector","value":"td"}
COMMAND: POST /session/d09bc8dff77367d024d5807c430cb6f4/element/f.DBFB0E313060B6E614D077C1D7681781.d.BD363282E9A5C663FE30A202BD938B6F.e.5306/elements - {"using":"css selector","value":"td"}
RESULT: {"using":"css selector","value":"td"}
COMMAND: POST /session/d09bc8dff77367d024d5807c430cb6f4/element/f.DBFB0E313060B6E614D077C1D7681781.d.BD363282E9A5C663FE30A202BD938B6F.e.5307/elements - {"using":"css selector","value":"td"}
RESULT: {"using":"css selector","value":"td"}
COMMAND: POST /session/d09bc8dff77367d024d5807c430cb6f4/element/f.DBFB0E313060B6E614D077C1D7681781.d.BD363282E9A5C663FE30A202BD938B6F.e.5308/elements - {"using":"css selector","value":"td"}
RESULT: {"using":"css selector","value":"td"}
COMMAND: POST /session/d09bc8dff77367d024d5807c430cb6f4/element/f.DBFB0E313060B6E614D077C1D7681781.d.BD363282E9A5C663FE30A202BD938B6F.e.5309/elements - {"using":"css selector","value":"td"}
RESULT: {"using":"css selector","value":"td"}
COMMAND: POST /session/d09bc8dff77367d024d5807c430cb6f4/element/f.DBFB0E313060B6E614D077C1D7681781.d.BD363282E9A5C663FE30A202BD938B6F.e.5310/elements - {"using":"css selector","value":"td"}
RESULT: {"using":"css selector","value":"td"}
COMMAND: POST /session/d09bc8dff77367d024d5807c430cb6f4/element/f.DBFB0E313060B6E614D077C1D7681781.d.BD363282E9A5C663FE30A202BD938B6F.e.5311/elements - {"using":"css selector","value":"td"}
RESULT: {"using":"css selector","value":"td"}
COMMAND: POST /session/d09bc8dff77367d024d5807c430cb6f4/element/f.DBFB0E313060B6E614D077C1D7681781.d.BD363282E9A5C663FE30A202BD938B6F.e.5312/elements - {"using":"css selector","value":"td"}
RESULT: {"using":"css selector","value":"td"}
COMMAND: POST /session/d09bc8dff77367d024d5807c430cb6f4/element/f.DBFB0E313060B6E614D077C1D7681781.d.BD363282E9A5C663FE30A202BD938B6F.e.5313/elements - {"using":"css selector","value":"td"}
RESULT: {"using":"css selector","value":"td"}
COMMAND: POST /session/d09bc8dff77367d024d5807c430cb6f4/element/f.DBFB0E313060B6E614D077C1D7681781.d.BD363282E9A5C663FE30A202BD938B6F.e.5314/elements - {"using":"css selector","value":"td"}
RESULT: {"using":"css selector","value":"td"}
COMMAND: POST /session/d09bc8dff77367d024d5807c430cb6f4/element/f.DBFB0E313060B6E614D077C1D7681781.d.BD363282E9A5C663FE30A202BD938B6F.e.5315/elements - {"using":"css selector","value":"td"}
RESULT: {"using":"css selector","value":"td"}
COMMAND: POST /session/d09bc8dff77367d024d5807c430cb6f4/element/f.DBFB0E313060B6E614D077C1D7681781.d.BD363282E9A5C663FE30A202BD938B6F.e.5316/elements - {"using":"css selector","value":"td"}
RESULT: {"using":"css selector","value":"td"}
COMMAND: POST /session/d09bc8dff77367d024d5807c430cb6f4/element/f.DBFB0E313060B6E614D077C1D7681781.d.BD363282E9A5C663FE30A202BD938B6F.e.5317/elements - {"using":"css selector","value":"td"}
RESULT: {"using":"css selector","value":"td"}
COMMAND: POST /session/d09bc8dff77367d024d5807c430cb6f4/element/f.DBFB0E313060B6E614D077C1D7681781.d.BD363282E9A5C663FE30A202BD938B6F.e.5318/elements - {"using":"css selector","value":"td"}
RESULT: {"using":"css selector","value":"td"}
COMMAND: POST /session/d09bc8dff77367d024d5807c430cb6f4/element/f.DBFB0E313060B6E614D077C1D7681781.d.BD363282E9A5C663FE30A202BD938B6F.e.5319/elements - {"using":"css selector","value":"td"}
RESULT: {"using":"css selector","value":"td"}
COMMAND: POST /session/d09bc8dff77367d024d5807c430cb6f4/element/f.DBFB0E313060B6E614D077C1D7681781.d.BD363282E9A5C663FE30A202BD938B6F.e.5320/elements - {"using":"css selector","value":"td"}
RESULT: {"using":"css selector","value":"td"}
COMMAND: POST /session/d09bc8dff77367d024d5807c430cb6f4/element/f.DBFB0E313060B6E614D077C1D7681781.d.BD363282E9A5C663FE30A202BD938B6F.e.5321/elements - {"using":"css selector","value":"td"}
RESULT: {"using":"css selector","value":"td"}
COMMAND: POST /session/d09bc8dff77367d024d5807c430cb6f4/element/f.DBFB0E313060B6E614D077C1D7681781.d.BD363282E9A5C663FE30A202BD938B6F.e.5322/elements - {"using":"css selector","value":"td"}
RESULT: {"using":"css selector","value":"td"}
COMMAND: POST /session/d09bc8dff77367d024d5807c430cb6f4/element/f.DBFB0E313060B6E614D077C1D7681781.d.BD363282E9A5C663FE30A202BD938B6F.e.5323/elements - {"using":"css selector","value":"td"}
RESULT: {"using":"css selector","value":"td"}
COMMAND: POST /session/d09bc8dff77367d024d5807c430cb6f4/element/f.DBFB0E313060B6E614D077C1D7681781.d.BD363282E9A5C663FE30A202BD938B6F.e.5324/elements - {"using":"css selector","value":"td"}
RESULT: {"using":"css selector","value":"td"}
COMMAND: POST /session/d09bc8dff77367d024d5807c430cb6f4/element/f.DBFB0E313060B6E614D077C1D7681781.d.BD363282E9A5C663FE30A202BD938B6F.e.5325/elements - {"using":"css selector","value":"td"}
RESULT: {"using":"css selector","value":"td"}
COMMAND: POST /session/d09bc8dff77367d024d5807c430cb6f4/element/f.DBFB0E313060B6E614D077C1D7681781.d.BD363282E9A5C663FE30A202BD938B6F.e.5326/elements - {"using":"css selector","value":"td"}
RESULT: {"using":"css selector","value":"td"}
COMMAND: POST /session/d09bc8dff77367d024d5807c430cb6f4/element/f.DBFB0E313060B6E614D077C1D7681781.d.BD363282E9A5C663FE30A202BD938B6F.e.5327/elements - {"using":"css selector","value":"td"}
RESULT: {"using":"css selector","value":"td"}
COMMAND: POST /session/d09bc8dff77367d024d5807c430cb6f4/element/f.DBFB0E313060B6E614D077C1D7681781.d.BD363282E9A5C663FE30A202BD938B6F.e.5328/elements - {"using":"css selector","value":"td"}
RESULT: {"using":"css selector","value":"td"}
COMMAND: POST /session/d09bc8dff77367d024d5807c430cb6f4/element/f.DBFB0E313060B6E614D077C1D7681781.d.BD363282E9A5C663FE30A202BD938B6F.e.5329/elements - {"using":"css selector","value":"td"}
RESULT: {"using":"css selector","value":"td"}
COMMAND: POST /session/d09bc8dff77367d024d5807c430cb6f4/element/f.DBFB0E313060B6E614D077C1D7681781.d.BD363282E9A5C663FE30A202BD938B6F.e.5330/elements - {"using":"css selector","value":"td"}
RESULT: {"using":"css selector","value":"td"}
COMMAND: POST /session/d09bc8dff77367d024d5807c430cb6f4/element/f.DBFB0E313060B6E614D077C1D7681781.d.BD363282E9A5C663FE30A202BD938B6F.e.5331/elements - {"using":"css selector","value":"td"}
RESULT: {"using":"css selector","value":"td"}
COMMAND: POST /session/d09bc8dff77367d024d5807c430cb6f4/element/f.DBFB0E313060B6E614D077C1D7681781.d.BD363282E9A5C663FE30A202BD938B6F.e.5332/elements - {"using":"css selector","value":"td"}
RESULT: {"using":"css selector","value":"td"}
COMMAND: POST /session/d09bc8dff77367d024d5807c430cb6f4/element/f.DBFB0E313060B6E614D077C1D7681781.d.BD363282E9A5C663FE30A202BD938B6F.e.5333/elements - {"using":"css selector","value":"td"}
RESULT: {"using":"css selector","value":"td"}
COMMAND: POST /session/d09bc8dff77367d024d5807c430cb6f4/element/f.DBFB0E313060B6E614D077C1D7681781.d.BD363282E9A5C663FE30A202BD938B6F.e.5334/elements - {"using":"css selector","value":"td"}
RESULT: {"using":"css selector","value":"td"}
COMMAND: POST /session/d09bc8dff77367d024d5807c430cb6f4/element/f.DBFB0E313060B6E614D077C1D7681781.d.BD363282E9A5C663FE30A202BD938B6F.e.5335/elements - {"using":"css selector","value":"td"}
RESULT: {"using":"css selector","value":"td"}
COMMAND: POST /session/d09bc8dff77367d024d5807c430cb6f4/element/f.DBFB0E313060B6E614D077C1D7681781.d.BD363282E9A5C663FE30A202BD938B6F.e.5336/elements - {"using":"css selector","value":"td"}
RESULT: {"using":"css selector","value":"td"}
COMMAND: POST /session/d09bc8dff77367d024d5807c430cb6f4/element/f.DBFB0E313060B6E614D077C1D7681781.d.BD363282E9A5C663FE30A202BD938B6F.e.5337/elements - {"using":"css selector","value":"td"}
RESULT: {"using":"css selector","value":"td"}
COMMAND: POST /session/d09bc8dff77367d024d5807c430cb6f4/element/f.DBFB0E313060B6E614D077C1D7681781.d.BD363282E9A5C663FE30A202BD938B6F.e.5338/elements - {"using":"css selector","value":"td"}
RESULT: {"using":"css selector","value":"td"}
COMMAND: POST /session/d09bc8dff77367d024d5807c430cb6f4/element/f.DBFB0E313060B6E614D077C1D7681781.d.BD363282E9A5C663FE30A202BD938B6F.e.5339/elements - {"using":"css selector","value":"td"}
RESULT: {"using":"css selector","value":"td"}
COMMAND: POST /session/d09bc8dff77367d024d5807c430cb6f4/element/f.DBFB0E313060B6E614D077C1D7681781.d.BD363282E9A5C663FE30A202BD938B6F.e.5340/elements - {"using":"css selector","value":"td"}
RESULT: {"using":"css selector","value":"td"}
COMMAND: POST /session/d09bc8dff77367d024d5807c430cb6f4/element/f.DBFB0E313060B6E614D077C1D7681781.d.BD363282E9A5C663FE30A202BD938B6F.e.5341/elements - {"using":"css selector","value":"td"}
RESULT: {"using":"css selector","value":"td"}
COMMAND: POST /session/d09bc8dff77367d024d5807c430cb6f4/element/f.DBFB0E313060B6E614D077C1D7681781.d.BD363282E9A5C663FE30A202BD938B6F.e.5342/elements - {"using":"css selector","value":"td"}
RESULT: {"using":"css selector","value":"td"}
COMMAND: POST /session/d09bc8dff77367d024d5807c430cb6f4/element/f.DBFB0E313060B6E614D077C1D7681781.d.BD363282E9A5C663FE30A202BD938B6F.e.5343/elements - {"using":"css selector","value":"td"}
RESULT: {"using":"css selector","value":"td"}
COMMAND: POST /session/d09bc8dff77367d024d5807c430cb6f4/element/f.DBFB0E313060B6E614D077C1D7681781.d.BD363282E9A5C663FE30A202BD938B6F.e.5344/elements - {"using":"css selector","value":"td"}
RESULT: {"using":"css selector","value":"td"}
COMMAND: POST /session/d09bc8dff77367d024d5807c430cb6f4/element/f.DBFB0E313060B6E614D077C1D7681781.d.BD363282E9A5C663FE30A202BD938B6F.e.5345/elements - {"using":"css selector","value":"td"}
RESULT: {"using":"css selector","value":"td"}
COMMAND: POST /session/d09bc8dff77367d024d5807c430cb6f4/element/f.DBFB0E313060B6E614D077C1D7681781.d.BD363282E9A5C663FE30A202BD938B6F.e.5346/elements - {"using":"css selector","value":"td"}
RESULT: {"using":"css selector","value":"td"}
COMMAND: POST /session/d09bc8dff77367d024d5807c430cb6f4/element/f.DBFB0E313060B6E614D077C1D7681781.d.BD363282E9A5C663FE30A202BD938B6F.e.5347/elements - {"using":"css selector","value":"td"}
RESULT: {"using":"css selector","value":"td"}
COMMAND: POST /session/d09bc8dff77367d024d5807c430cb6f4/element/f.DBFB0E313060B6E614D077C1D7681781.d.BD363282E9A5C663FE30A202BD938B6F.e.5348/elements - {"using":"css selector","value":"td"}
RESULT: {"using":"css selector","value":"td"}
COMMAND: POST /session/d09bc8dff77367d024d5807c430cb6f4/element/f.DBFB0E313060B6E614D077C1D7681781.d.BD363282E9A5C663FE30A202BD938B6F.e.5349/elements - {"using":"css selector","value":"td"}
RESULT: {"using":"css selector","value":"td"}
COMMAND: POST /session/d09bc8dff77367d024d5807c430cb6f4/element/f.DBFB0E313060B6E614D077C1D7681781.d.BD363282E9A5C663FE30A202BD938B6F.e.5350/elements - {"using":"css selector","value":"td"}
RESULT: {"using":"css selector","value":"td"}
COMMAND: POST /session/d09bc8dff77367d024d5807c430cb6f4/element/f.DBFB0E313060B6E614D077C1D7681781.d.BD363282E9A5C663FE30A202BD938B6F.e.5351/elements - {"using":"css selector","value":"td"}
RESULT: {"using":"css selector","value":"td"}
COMMAND: POST /session/d09bc8dff77367d024d5807c430cb6f4/element/f.DBFB0E313060B6E614D077C1D7681781.d.BD363282E9A5C663FE30A202BD938B6F.e.5352/elements - {"using":"css selector","value":"td"}
RESULT: {"using":"css selector","value":"td"}
COMMAND: POST /session/d09bc8dff77367d024d5807c430cb6f4/element/f.DBFB0E313060B6E614D077C1D7681781.d.BD363282E9A5C663FE30A202BD938B6F.e.5353/elements - {"using":"css selector","value":"td"}
RESULT: {"using":"css selector","value":"td"}
COMMAND: POST /session/d09bc8dff77367d024d5807c430cb6f4/element/f.DBFB0E313060B6E614D077C1D7681781.d.BD363282E9A5C663FE30A202BD938B6F.e.5354/elements - {"using":"css selector","value":"td"}
RESULT: {"using":"css selector","value":"td"}
COMMAND: POST /session/d09bc8dff77367d024d5807c430cb6f4/element/f.DBFB0E313060B6E614D077C1D7681781.d.BD363282E9A5C663FE30A202BD938B6F.e.5355/elements - {"using":"css selector","value":"td"}
RESULT: {"using":"css selector","value":"td"}
COMMAND: POST /session/d09bc8dff77367d024d5807c430cb6f4/element/f.DBFB0E313060B6E614D077C1D7681781.d.BD363282E9A5C663FE30A202BD938B6F.e.5356/elements - {"using":"css selector","value":"td"}
RESULT: {"using":"css selector","value":"td"}
COMMAND: POST /session/d09bc8dff77367d024d5807c430cb6f4/element/f.DBFB0E313060B6E614D077C1D7681781.d.BD363282E9A5C663FE30A202BD938B6F.e.5357/elements - {"using":"css selector","value":"td"}
RESULT: {"using":"css selector","value":"td"}
COMMAND: POST /session/d09bc8dff77367d024d5807c430cb6f4/element/f.DBFB0E313060B6E614D077C1D7681781.d.BD363282E9A5C663FE30A202BD938B6F.e.5358/elements - {"using":"css selector","value":"td"}
RESULT: {"using":"css selector","value":"td"}
COMMAND: POST /session/d09bc8dff77367d024d5807c430cb6f4/element/f.DBFB0E313060B6E614D077C1D7681781.d.BD363282E9A5C663FE30A202BD938B6F.e.5359/elements - {"using":"css selector","value":"td"}
RESULT: {"using":"css selector","value":"td"}
COMMAND: POST /session/d09bc8dff77367d024d5807c430cb6f4/element/f.DBFB0E313060B6E614D077C1D7681781.d.BD363282E9A5C663FE30A202BD938B6F.e.5360/elements - {"using":"css selector","value":"td"}
RESULT: {"using":"css selector","value":"td"}
COMMAND: POST /session/d09bc8dff77367d024d5807c430cb6f4/element/f.DBFB0E313060B6E614D077C1D7681781.d.BD363282E9A5C663FE30A202BD938B6F.e.5361/elements - {"using":"css selector","value":"td"}
RESULT: {"using":"css selector","value":"td"}
COMMAND: POST /session/d09bc8dff77367d024d5807c430cb6f4/element/f.DBFB0E313060B6E614D077C1D7681781.d.BD363282E9A5C663FE30A202BD938B6F.e.5362/elements - {"using":"css selector","value":"td"}
RESULT: {"using":"css selector","value":"td"}
COMMAND: POST /session/d09bc8dff77367d024d5807c430cb6f4/element/f.DBFB0E313060B6E614D077C1D7681781.d.BD363282E9A5C663FE30A202BD938B6F.e.5363/elements - {"using":"css selector","value":"td"}
RESULT: {"using":"css selector","value":"td"}
COMMAND: POST /session/d09bc8dff77367d024d5807c430cb6f4/element/f.DBFB0E313060B6E614D077C1D7681781.d.BD363282E9A5C663FE30A202BD938B6F.e.5364/elements - {"using":"css selector","value":"td"}
RESULT: {"using":"css selector","value":"td"}
COMMAND: POST /session/d09bc8dff77367d024d5807c430cb6f4/element/f.DBFB0E313060B6E614D077C1D7681781.d.BD363282E9A5C663FE30A202BD938B6F.e.5365/elements - {"using":"css selector","value":"td"}
RESULT: {"using":"css selector","value":"td"}
COMMAND: POST /session/d09bc8dff77367d024d5807c430cb6f4/element/f.DBFB0E313060B6E614D077C1D7681781.d.BD363282E9A5C663FE30A202BD938B6F.e.5366/elements - {"using":"css selector","value":"td"}
RESULT: {"using":"css selector","value":"td"}
COMMAND: POST /session/d09bc8dff77367d024d5807c430cb6f4/element/f.DBFB0E313060B6E614D077C1D7681781.d.BD363282E9A5C663FE30A202BD938B6F.e.5367/elements - {"using":"css selector","value":"td"}
RESULT: {"using":"css selector","value":"td"}
COMMAND: POST /session/d09bc8dff77367d024d5807c430cb6f4/element/f.DBFB0E313060B6E614D077C1D7681781.d.BD363282E9A5C663FE30A202BD938B6F.e.5368/elements - {"using":"css selector","value":"td"}
RESULT: {"using":"css selector","value":"td"}
COMMAND: POST /session/d09bc8dff77367d024d5807c430cb6f4/element/f.DBFB0E313060B6E614D077C1D7681781.d.BD363282E9A5C663FE30A202BD938B6F.e.5369/elements - {"using":"css selector","value":"td"}
RESULT: {"using":"css selector","value":"td"}
COMMAND: POST /session/d09bc8dff77367d024d5807c430cb6f4/element/f.DBFB0E313060B6E614D077C1D7681781.d.BD363282E9A5C663FE30A202BD938B6F.e.5370/elements - {"using":"css selector","value":"td"}
RESULT: {"using":"css selector","value":"td"}
COMMAND: POST /session/d09bc8dff77367d024d5807c430cb6f4/element/f.DBFB0E313060B6E614D077C1D7681781.d.BD363282E9A5C663FE30A202BD938B6F.e.5371/elements - {"using":"css selector","value":"td"}
RESULT: {"using":"css selector","value":"td"}
COMMAND: POST /session/d09bc8dff77367d024d5807c430cb6f4/element/f.DBFB0E313060B6E614D077C1D7681781.d.BD363282E9A5C663FE30A202BD938B6F.e.5372/elements - {"using":"css selector","value":"td"}
RESULT: {"using":"css selector","value":"td"}
COMMAND: POST /session/d09bc8dff77367d024d5807c430cb6f4/element/f.DBFB0E313060B6E614D077C1D7681781.d.BD363282E9A5C663FE30A202BD938B6F.e.5373/elements - {"using":"css selector","value":"td"}
RESULT: {"using":"css selector","value":"td"}
COMMAND: POST /session/d09bc8dff77367d024d5807c430cb6f4/element/f.DBFB0E313060B6E614D077C1D7681781.d.BD363282E9A5C663FE30A202BD938B6F.e.5374/elements - {"using":"css selector","value":"td"}
RESULT: {"using":"css selector","value":"td"}
COMMAND: POST /session/d09bc8dff77367d024d5807c430cb6f4/element/f.DBFB0E313060B6E614D077C1D7681781.d.BD363282E9A5C663FE30A202BD938B6F.e.5375/elements - {"using":"css selector","value":"td"}
RESULT: {"using":"css selector","value":"td"}
COMMAND: POST /session/d09bc8dff77367d024d5807c430cb6f4/element/f.DBFB0E313060B6E614D077C1D7681781.d.BD363282E9A5C663FE30A202BD938B6F.e.5376/elements - {"using":"css selector","value":"td"}
RESULT: {"using":"css selector","value":"td"}
COMMAND: POST /session/d09bc8dff77367d024d5807c430cb6f4/element/f.DBFB0E313060B6E614D077C1D7681781.d.BD363282E9A5C663FE30A202BD938B6F.e.5377/elements - {"using":"css selector","value":"td"}
RESULT: {"using":"css selector","value":"td"}
COMMAND: POST /session/d09bc8dff77367d024d5807c430cb6f4/element/f.DBFB0E313060B6E614D077C1D7681781.d.BD363282E9A5C663FE30A202BD938B6F.e.5378/elements - {"using":"css selector","value":"td"}
RESULT: {"using":"css selector","value":"td"}
COMMAND: POST /session/d09bc8dff77367d024d5807c430cb6f4/element/f.DBFB0E313060B6E614D077C1D7681781.d.BD363282E9A5C663FE30A202BD938B6F.e.5379/elements - {"using":"css selector","value":"td"}
RESULT: {"using":"css selector","value":"td"}
COMMAND: POST /session/d09bc8dff77367d024d5807c430cb6f4/element/f.DBFB0E313060B6E614D077C1D7681781.d.BD363282E9A5C663FE30A202BD938B6F.e.5380/elements - {"using":"css selector","value":"td"}
RESULT: {"using":"css selector","value":"td"}
COMMAND: POST /session/d09bc8dff77367d024d5807c430cb6f4/element/f.DBFB0E313060B6E614D077C1D7681781.d.BD363282E9A5C663FE30A202BD938B6F.e.5381/elements - {"using":"css selector","value":"td"}
RESULT: {"using":"css selector","value":"td"}
COMMAND: POST /session/d09bc8dff77367d024d5807c430cb6f4/element/f.DBFB0E313060B6E614D077C1D7681781.d.BD363282E9A5C663FE30A202BD938B6F.e.5382/elements - {"using":"css selector","value":"td"}
RESULT: {"using":"css selector","value":"td"}
COMMAND: POST /session/d09bc8dff77367d024d5807c430cb6f4/element/f.DBFB0E313060B6E614D077C1D7681781.d.BD363282E9A5C663FE30A202BD938B6F.e.5383/elements - {"using":"css selector","value":"td"}
RESULT: {"using":"css selector","value":"td"}
COMMAND: POST /session/d09bc8dff77367d024d5807c430cb6f4/element/f.DBFB0E313060B6E614D077C1D7681781.d.BD363282E9A5C663FE30A202BD938B6F.e.5384/elements - {"using":"css selector","value":"td"}
RESULT: {"using":"css selector","value":"td"}
COMMAND: POST /session/d09bc8dff77367d024d5807c430cb6f4/element/f.DBFB0E313060B6E614D077C1D7681781.d.BD363282E9A5C663FE30A202BD938B6F.e.5385/elements - {"using":"css selector","value":"td"}
RESULT: {"using":"css selector","value":"td"}
COMMAND: POST /session/d09bc8dff77367d024d5807c430cb6f4/element/f.DBFB0E313060B6E614D077C1D7681781.d.BD363282E9A5C663FE30A202BD938B6F.e.5386/elements - {"using":"css selector","value":"td"}
RESULT: {"using":"css selector","value":"td"}
COMMAND: POST /session/d09bc8dff77367d024d5807c430cb6f4/element/f.DBFB0E313060B6E614D077C1D7681781.d.BD363282E9A5C663FE30A202BD938B6F.e.5387/elements - {"using":"css selector","value":"td"}
RESULT: {"using":"css selector","value":"td"}
COMMAND: POST /session/d09bc8dff77367d024d5807c430cb6f4/element/f.DBFB0E313060B6E614D077C1D7681781.d.BD363282E9A5C663FE30A202BD938B6F.e.5388/elements - {"using":"css selector","value":"td"}
RESULT: {"using":"css selector","value":"td"}
COMMAND: POST /session/d09bc8dff77367d024d5807c430cb6f4/element/f.DBFB0E313060B6E614D077C1D7681781.d.BD363282E9A5C663FE30A202BD938B6F.e.5389/elements - {"using":"css selector","value":"td"}
RESULT: {"using":"css selector","value":"td"}
COMMAND: POST /session/d09bc8dff77367d024d5807c430cb6f4/element/f.DBFB0E313060B6E614D077C1D7681781.d.BD363282E9A5C663FE30A202BD938B6F.e.5390/elements - {"using":"css selector","value":"td"}
RESULT: {"using":"css selector","value":"td"}
COMMAND: POST /session/d09bc8dff77367d024d5807c430cb6f4/element/f.DBFB0E313060B6E614D077C1D7681781.d.BD363282E9A5C663FE30A202BD938B6F.e.5391/elements - {"using":"css selector","value":"td"}
RESULT: {"using":"css selector","value":"td"}
COMMAND: POST /session/d09bc8dff77367d024d5807c430cb6f4/element/f.DBFB0E313060B6E614D077C1D7681781.d.BD363282E9A5C663FE30A202BD938B6F.e.5392/elements - {"using":"css selector","value":"td"}
RESULT: {"using":"css selector","value":"td"}
COMMAND: POST /session/d09bc8dff77367d024d5807c430cb6f4/element/f.DBFB0E313060B6E614D077C1D7681781.d.BD363282E9A5C663FE30A202BD938B6F.e.5393/elements - {"using":"css selector","value":"td"}
RESULT: {"using":"css selector","value":"td"}
COMMAND: POST /session/d09bc8dff77367d024d5807c430cb6f4/element/f.DBFB0E313060B6E614D077C1D7681781.d.BD363282E9A5C663FE30A202BD938B6F.e.5394/elements - {"using":"css selector","value":"td"}
RESULT: {"using":"css selector","value":"td"}
COMMAND: POST /session/d09bc8dff77367d024d5807c430cb6f4/element/f.DBFB0E313060B6E614D077C1D7681781.d.BD363282E9A5C663FE30A202BD938B6F.e.5395/elements - {"using":"css selector","value":"td"}
RESULT: {"using":"css selector","value":"td"}
COMMAND: POST /session/d09bc8dff77367d024d5807c430cb6f4/element/f.DBFB0E313060B6E614D077C1D7681781.d.BD363282E9A5C663FE30A202BD938B6F.e.5396/elements - {"using":"css selector","value":"td"}
RESULT: {"using":"css selector","value":"td"}
COMMAND: POST /session/d09bc8dff77367d024d5807c430cb6f4/element/f.DBFB0E313060B6E614D077C1D7681781.d.BD363282E9A5C663FE30A202BD938B6F.e.5397/elements - {"using":"css selector","value":"td"}
RESULT: {"using":"css selector","value":"td"}
COMMAND: POST /session/d09bc8dff77367d024d5807c430cb6f4/element/f.DBFB0E313060B6E614D077C1D7681781.d.BD363282E9A5C663FE30A202BD938B6F.e.5398/elements - {"using":"css selector","value":"td"}
RESULT: {"using":"css selector","value":"td"}
COMMAND: POST /session/d09bc8dff77367d024d5807c430cb6f4/element/f.DBFB0E313060B6E614D077C1D7681781.d.BD363282E9A5C663FE30A202BD938B6F.e.6306/elements - {"using":"css selector","value":"td"}
RESULT: {"using":"css selector","value":"td"}
COMMAND: POST /session/d09bc8dff77367d024d5807c430cb6f4/element - {"using":"css selector","value":"#j_username"}
COMMAND: POST /session/d09bc8dff77367d024d5807c430cb6f4/url - {"url":"https://qa-testing-00-live-etm-ui.cfapps.eu10-004.hana.ondemand.com/"}
RESULT: {"url":"https://qa-testing-00-live-etm-ui.cfapps.eu10-004.hana.ondemand.com/"}
RESULT: undefined
COMMAND: GET /session/d09bc8dff77367d024d5807c430cb6f4/screenshot - {}
RESULT: {"using":"css selector","value":"#j_username"}
COMMAND: POST /session/d09bc8dff77367d024d5807c430cb6f4/element - {"using":"css selector","value":"#j_username"}
RESULT: {}
RESULT: {"using":"css selector","value":"#j_username"}
COMMAND: POST /session/d09bc8dff77367d024d5807c430cb6f4/element - {"using":"css selector","value":"#shell-header-logo"}
RESULT: {"using":"css selector","value":"#shell-header-logo"}
COMMAND: POST /session/d09bc8dff77367d024d5807c430cb6f4/execute/sync - {"script":"<script> [8489 bytes]","args":[{"element-6066-11e4-a52e-4f735466cecf":"f.DBFB0E313060B6E614D077C1D7681781.d.7F61B57CE1FC9C4934A28A25E7429C09.e.6319","ELEMENT":"f.DBFB0E313060B6E614D077C1D7681781.d.7F61B57CE1FC9C4934A28A25E7429C09.e.6319"}]}
RESULT: {"script":"<script> [8489 bytes]","args":[{"element-6066-11e4-a52e-4f735466cecf":"f.DBFB0E313060B6E614D077C1D7681781.d.7F61B57CE1FC9C4934A28A25E7429C09.e.6319","ELEMENT":"f.DBFB0E313060B6E614D077C1D7681781.d.7F61B57CE1FC9C4934A28A25E7429C09.e.6319"}]}
COMMAND: POST /session/d09bc8dff77367d024d5807c430cb6f4/element - {"using":"css selector","value":"#shell-header-logo"}
COMMAND: GET /session/d09bc8dff77367d024d5807c430cb6f4/screenshot - {}
RESULT: {"using":"css selector","value":"#shell-header-logo"}
COMMAND: POST /session/d09bc8dff77367d024d5807c430cb6f4/execute/sync - {"script":"<script> [8489 bytes]","args":[{"element-6066-11e4-a52e-4f735466cecf":"f.DBFB0E313060B6E614D077C1D7681781.d.7F61B57CE1FC9C4934A28A25E7429C09.e.6319","ELEMENT":"f.DBFB0E313060B6E614D077C1D7681781.d.7F61B57CE1FC9C4934A28A25E7429C09.e.6319"}]}
RESULT: {}
RESULT: {"script":"<script> [8489 bytes]","args":[{"element-6066-11e4-a52e-4f735466cecf":"f.DBFB0E313060B6E614D077C1D7681781.d.7F61B57CE1FC9C4934A28A25E7429C09.e.6319","ELEMENT":"f.DBFB0E313060B6E614D077C1D7681781.d.7F61B57CE1FC9C4934A28A25E7429C09.e.6319"}]}
COMMAND: POST /session/d09bc8dff77367d024d5807c430cb6f4/execute/sync - {"script":"<script> [5351 bytes]","args":[{"element-6066-11e4-a52e-4f735466cecf":"f.DBFB0E313060B6E614D077C1D7681781.d.7F61B57CE1FC9C4934A28A25E7429C09.e.6319","ELEMENT":"f.DBFB0E313060B6E614D077C1D7681781.d.7F61B57CE1FC9C4934A28A25E7429C09.e.6319"}]}
COMMAND: GET /session/d09bc8dff77367d024d5807c430cb6f4/screenshot - {}
RESULT: {"script":"<script> [5351 bytes]","args":[{"element-6066-11e4-a52e-4f735466cecf":"f.DBFB0E313060B6E614D077C1D7681781.d.7F61B57CE1FC9C4934A28A25E7429C09.e.6319","ELEMENT":"f.DBFB0E313060B6E614D077C1D7681781.d.7F61B57CE1FC9C4934A28A25E7429C09.e.6319"}]}
COMMAND: POST /session/d09bc8dff77367d024d5807c430cb6f4/element - {"using":"css selector","value":"#shell-header-logo"}
COMMAND: GET /session/d09bc8dff77367d024d5807c430cb6f4/screenshot - {}
RESULT: {}
RESULT: {"using":"css selector","value":"#shell-header-logo"}
COMMAND: POST /session/d09bc8dff77367d024d5807c430cb6f4/element/f.DBFB0E313060B6E614D077C1D7681781.d.7F61B57CE1FC9C4934A28A25E7429C09.e.6319/click - {}
RESULT: {}
RESULT: {}
COMMAND: GET /session/d09bc8dff77367d024d5807c430cb6f4/screenshot - {}
RESULT: {}
COMMAND: POST /session/d09bc8dff77367d024d5807c430cb6f4/execute/async - {"script":"<script> [189 bytes]","args":[]}
RESULT: {"script":"<script> [189 bytes]","args":[]}
COMMAND: POST /session/d09bc8dff77367d024d5807c430cb6f4/execute/async - {"script":"<script> [123 bytes]","args":[]}
RESULT: {"script":"<script> [123 bytes]","args":[]}
COMMAND: POST /session/d09bc8dff77367d024d5807c430cb6f4/timeouts - {"script":"<number>"}
RESULT: {"script":"<number>"}
COMMAND: GET /session/d09bc8dff77367d024d5807c430cb6f4/timeouts - {}
RESULT: {}
RESULT: undefined
COMMAND: POST /session/d09bc8dff77367d024d5807c430cb6f4/execute/async - {"script":"<script> [2676 bytes]","args":[]}
RESULT: {"script":"<script> [2676 bytes]","args":[]}
COMMAND: POST /session/d09bc8dff77367d024d5807c430cb6f4/execute/async - {"script":"<script> [2342 bytes]","args":[{"protocol":"http","hostname":"0.0.0.0","path":"/","capabilities":{"browserName":"chrome","goog:chromeOptions":{"binary":"C:\\Program Files\\Google\\Chrome\\Application\\chrome.exe","args":["--start-maximized"]}},"logLevel":"warn","connectionRetryTimeout":120000,"connectionRetryCount":3,"logLevels":{},"enableDirectConnect":true,"strictSSL":true,"_":"65 more keys: [\"cacheDir\",\"port\",\"requestedCapabilities\",\"automationProtocol\",\"baseUrl\",\"waitforInterval\",\"waitforTimeout\",\"onReload\",\"beforeCommand\",\"afterCommand\",\"rootDir\",\"specs\",\"suites\",\"exclude\",\"groupLogsByTestSpec\",\"excludeDriverLogs\",\"bail\",\"framework\",\"reporters\",\"services\",\"maxInstances\",\"maxInstancesPerCapability\",\"injectGlobals\",\"filesToWatch\",\"execArgv\",\"runnerEnv\",\"runner\",\"shard\",\"specFileRetries\",\"specFileRetriesDelay\",\"specFileRetriesDeferred\",\"reporterSyncInterval\",\"reporterSyncTimeout\",\"cucumberFeaturesWithLineNumbers\",\"autoCompileOpts\",\"mochaOpts\",\"jasmineOpts\",\"cucumberOpts\",\"onPrepare\",\"onWorkerStart\",\"onWorkerEnd\",\"before\",\"beforeSession\",\"beforeSuite\",\"beforeHook\",\"beforeTest\",\"afterTest\",\"afterHook\",\"afterSuite\",\"afterSession\",\"after\",\"onComplete\",\"beforeAssertion\",\"afterAssertion\",\"beforeFeature\",\"beforeScenario\",\"beforeStep\",\"afterStep\",\"afterScenario\",\"afterFeature\",\"_\",\"suite\",\"$0\",\"ignoredWorkerServices\",\"wdi5\"]"}]}
RESULT: {"script":"<script> [2342 bytes]","args":[{"protocol":"http","hostname":"0.0.0.0","path":"/","capabilities":{"browserName":"chrome","goog:chromeOptions":{"binary":"C:\\Program Files\\Google\\Chrome\\Application\\chrome.exe","args":["--start-maximized"]}},"logLevel":"warn","connectionRetryTimeout":120000,"connectionRetryCount":3,"logLevels":{},"enableDirectConnect":true,"strictSSL":true,"_":"65 more keys: [\"cacheDir\",\"port\",\"requestedCapabilities\",\"automationProtocol\",\"baseUrl\",\"waitforInterval\",\"waitforTimeout\",\"onReload\",\"beforeCommand\",\"afterCommand\",\"rootDir\",\"specs\",\"suites\",\"exclude\",\"groupLogsByTestSpec\",\"excludeDriverLogs\",\"bail\",\"framework\",\"reporters\",\"services\",\"maxInstances\",\"maxInstancesPerCapability\",\"injectGlobals\",\"filesToWatch\",\"execArgv\",\"runnerEnv\",\"runner\",\"shard\",\"specFileRetries\",\"specFileRetriesDelay\",\"specFileRetriesDeferred\",\"reporterSyncInterval\",\"reporterSyncTimeout\",\"cucumberFeaturesWithLineNumbers\",\"autoCompileOpts\",\"mochaOpts\",\"jasmineOpts\",\"cucumberOpts\",\"onPrepare\",\"onWorkerStart\",\"onWorkerEnd\",\"before\",\"beforeSession\",\"beforeSuite\",\"beforeHook\",\"beforeTest\",\"afterTest\",\"afterHook\",\"afterSuite\",\"afterSession\",\"after\",\"onComplete\",\"beforeAssertion\",\"afterAssertion\",\"beforeFeature\",\"beforeScenario\",\"beforeStep\",\"afterStep\",\"afterScenario\",\"afterFeature\",\"_\",\"suite\",\"$0\",\"ignoredWorkerServices\",\"wdi5\"]"}]}
COMMAND: POST /session/d09bc8dff77367d024d5807c430cb6f4/execute/async - {"script":"<script> [21126 bytes]","args":[35000]}
RESULT: {"script":"<script> [21126 bytes]","args":[35000]}
COMMAND: POST /session/d09bc8dff77367d024d5807c430cb6f4/window/maximize - {}
RESULT: {}
COMMAND: POST /session/d09bc8dff77367d024d5807c430cb6f4/execute/async - {"script":"<script> [1562 bytes]","args":[{"selector":{"id":"shell-header","interaction":{"idSuffix":"icon"}},"wdio_ui5_key":"shellheader"}]}
COMMAND: GET /session/d09bc8dff77367d024d5807c430cb6f4/screenshot - {}
RESULT: {"script":"<script> [1562 bytes]","args":[{"selector":{"id":"shell-header","interaction":{"idSuffix":"icon"}},"wdio_ui5_key":"shellheader"}]}
RESULT: undefined
COMMAND: POST /session/d09bc8dff77367d024d5807c430cb6f4/refresh - {}
RESULT: {}
RESULT: {}
COMMAND: GET /session/d09bc8dff77367d024d5807c430cb6f4/screenshot - {}
RESULT: {}
COMMAND: POST /session/d09bc8dff77367d024d5807c430cb6f4/refresh - {}
RESULT: {}
COMMAND: GET /session/d09bc8dff77367d024d5807c430cb6f4/screenshot - {}
RESULT: {}
COMMAND: POST /session/d09bc8dff77367d024d5807c430cb6f4/window/fullscreen - {}
RESULT: {}
COMMAND: POST /session/d09bc8dff77367d024d5807c430cb6f4/execute/async - {"script":"<script> [189 bytes]","args":[]}
RESULT: {"script":"<script> [189 bytes]","args":[]}
COMMAND: POST /session/d09bc8dff77367d024d5807c430cb6f4/execute/async - {"script":"<script> [123 bytes]","args":[]}
RESULT: {"script":"<script> [123 bytes]","args":[]}
COMMAND: POST /session/d09bc8dff77367d024d5807c430cb6f4/timeouts - {"script":"<number>"}
RESULT: {"script":"<number>"}
COMMAND: GET /session/d09bc8dff77367d024d5807c430cb6f4/timeouts - {}
RESULT: {}
RESULT: undefined
COMMAND: POST /session/d09bc8dff77367d024d5807c430cb6f4/execute/async - {"script":"<script> [2676 bytes]","args":[]}
RESULT: {"script":"<script> [2676 bytes]","args":[]}
COMMAND: POST /session/d09bc8dff77367d024d5807c430cb6f4/execute/async - {"script":"<script> [2342 bytes]","args":[{"protocol":"http","hostname":"0.0.0.0","path":"/","capabilities":{"browserName":"chrome","goog:chromeOptions":{"binary":"C:\\Program Files\\Google\\Chrome\\Application\\chrome.exe","args":["--start-maximized"]}},"logLevel":"warn","connectionRetryTimeout":120000,"connectionRetryCount":3,"logLevels":{},"enableDirectConnect":true,"strictSSL":true,"_":"65 more keys: [\"cacheDir\",\"port\",\"requestedCapabilities\",\"automationProtocol\",\"baseUrl\",\"waitforInterval\",\"waitforTimeout\",\"onReload\",\"beforeCommand\",\"afterCommand\",\"rootDir\",\"specs\",\"suites\",\"exclude\",\"groupLogsByTestSpec\",\"excludeDriverLogs\",\"bail\",\"framework\",\"reporters\",\"services\",\"maxInstances\",\"maxInstancesPerCapability\",\"injectGlobals\",\"filesToWatch\",\"execArgv\",\"runnerEnv\",\"runner\",\"shard\",\"specFileRetries\",\"specFileRetriesDelay\",\"specFileRetriesDeferred\",\"reporterSyncInterval\",\"reporterSyncTimeout\",\"cucumberFeaturesWithLineNumbers\",\"autoCompileOpts\",\"mochaOpts\",\"jasmineOpts\",\"cucumberOpts\",\"onPrepare\",\"onWorkerStart\",\"onWorkerEnd\",\"before\",\"beforeSession\",\"beforeSuite\",\"beforeHook\",\"beforeTest\",\"afterTest\",\"afterHook\",\"afterSuite\",\"afterSession\",\"after\",\"onComplete\",\"beforeAssertion\",\"afterAssertion\",\"beforeFeature\",\"beforeScenario\",\"beforeStep\",\"afterStep\",\"afterScenario\",\"afterFeature\",\"_\",\"suite\",\"$0\",\"ignoredWorkerServices\",\"wdi5\"]"}]}
RESULT: {"script":"<script> [2342 bytes]","args":[{"protocol":"http","hostname":"0.0.0.0","path":"/","capabilities":{"browserName":"chrome","goog:chromeOptions":{"binary":"C:\\Program Files\\Google\\Chrome\\Application\\chrome.exe","args":["--start-maximized"]}},"logLevel":"warn","connectionRetryTimeout":120000,"connectionRetryCount":3,"logLevels":{},"enableDirectConnect":true,"strictSSL":true,"_":"65 more keys: [\"cacheDir\",\"port\",\"requestedCapabilities\",\"automationProtocol\",\"baseUrl\",\"waitforInterval\",\"waitforTimeout\",\"onReload\",\"beforeCommand\",\"afterCommand\",\"rootDir\",\"specs\",\"suites\",\"exclude\",\"groupLogsByTestSpec\",\"excludeDriverLogs\",\"bail\",\"framework\",\"reporters\",\"services\",\"maxInstances\",\"maxInstancesPerCapability\",\"injectGlobals\",\"filesToWatch\",\"execArgv\",\"runnerEnv\",\"runner\",\"shard\",\"specFileRetries\",\"specFileRetriesDelay\",\"specFileRetriesDeferred\",\"reporterSyncInterval\",\"reporterSyncTimeout\",\"cucumberFeaturesWithLineNumbers\",\"autoCompileOpts\",\"mochaOpts\",\"jasmineOpts\",\"cucumberOpts\",\"onPrepare\",\"onWorkerStart\",\"onWorkerEnd\",\"before\",\"beforeSession\",\"beforeSuite\",\"beforeHook\",\"beforeTest\",\"afterTest\",\"afterHook\",\"afterSuite\",\"afterSession\",\"after\",\"onComplete\",\"beforeAssertion\",\"afterAssertion\",\"beforeFeature\",\"beforeScenario\",\"beforeStep\",\"afterStep\",\"afterScenario\",\"afterFeature\",\"_\",\"suite\",\"$0\",\"ignoredWorkerServices\",\"wdi5\"]"}]}
COMMAND: POST /session/d09bc8dff77367d024d5807c430cb6f4/execute/async - {"script":"<script> [21126 bytes]","args":[35000]}
RESULT: {"script":"<script> [21126 bytes]","args":[35000]}
]]></system-out>
    </testcase>
  </testsuite>
  <testsuite timestamp="2025-05-19T17:17:27" time="462.21" tests="9" failures="0" errors="0" skipped="0">
    <properties>
      <property name="specId" value="0" />
      <property name="suiteName" value="US134625 Set up price condition - one time" />
      <property name="capabilities" value="chrome.136_0_7103_93.windows" />
      <property name="file" value="file:///D:/a/1/s/test/specs/BTS/set-up-price-condition-one-time.spec.js" />
    </properties>
    <testcase classname="chrome.136_0_7103_93.windows.US134625_Set_up_price_condition_-_one_time" name="Should create a new yard used for all following tests" time="0.035">
      <system-out><![CDATA[
COMMAND: POST /session/d09bc8dff77367d024d5807c430cb6f4/window/fullscreen - {}
RESULT: {}
]]></system-out>
    </testcase>
    <testcase classname="chrome.136_0_7103_93.windows.US134625_Set_up_price_condition_-_one_time" name="Should create a new partner" time="0.005" />
    <testcase classname="chrome.136_0_7103_93.windows.US134625_Set_up_price_condition_-_one_time" name="Should create a new site used for following tests" time="0.004" />
    <testcase classname="chrome.136_0_7103_93.windows.US134625_Set_up_price_condition_-_one_time" name="Should create a new material for billing type one time" time="126.739">
      <system-out><![CDATA[
COMMAND: POST /session/d09bc8dff77367d024d5807c430cb6f4/execute/async - {"script":"<script> [1562 bytes]","args":[{"selector":{"controlType":"sap.m.GenericTile","properties":{"header":"Manage Resources"}},"wdio_ui5_key":"sapm.GenericTile{\"header\":\"Manage Resources\"}"}]}
RESULT: {"script":"<script> [1562 bytes]","args":[{"selector":{"controlType":"sap.m.GenericTile","properties":{"header":"Manage Resources"}},"wdio_ui5_key":"sapm.GenericTile{\"header\":\"Manage Resources\"}"}]}
RESULT: undefined
COMMAND: POST /session/d09bc8dff77367d024d5807c430cb6f4/element - {"using":"xpath","value":"//*[@id=\"__tile39\"]"}
RESULT: {"using":"xpath","value":"//*[@id=\"__tile39\"]"}
COMMAND: POST /session/d09bc8dff77367d024d5807c430cb6f4/element/f.DBFB0E313060B6E614D077C1D7681781.d.1B3366970185FDAC4A1E4E11F647D778.e.6478/click - {}
RESULT: {}
COMMAND: GET /session/d09bc8dff77367d024d5807c430cb6f4/screenshot - {}
RESULT: {}
COMMAND: POST /session/d09bc8dff77367d024d5807c430cb6f4/elements - {"using":"xpath","value":"//span[text()='Error']"}
RESULT: {"using":"xpath","value":"//span[text()='Error']"}
COMMAND: POST /session/d09bc8dff77367d024d5807c430cb6f4/element - {"using":"xpath","value":"//button[@data-kt=\"addNewRUOverflowToolbarButton\"]"}
RESULT: {"using":"xpath","value":"//button[@data-kt=\"addNewRUOverflowToolbarButton\"]"}
COMMAND: POST /session/d09bc8dff77367d024d5807c430cb6f4/elements - {"using":"xpath","value":"//button[@data-kt=\"addNewRUOverflowToolbarButton\"]"}
RESULT: {"using":"xpath","value":"//button[@data-kt=\"addNewRUOverflowToolbarButton\"]"}
COMMAND: POST /session/d09bc8dff77367d024d5807c430cb6f4/execute/sync - {"script":"<script> [8489 bytes]","args":[{"element-6066-11e4-a52e-4f735466cecf":"f.DBFB0E313060B6E614D077C1D7681781.d.1B3366970185FDAC4A1E4E11F647D778.e.6630","ELEMENT":"f.DBFB0E313060B6E614D077C1D7681781.d.1B3366970185FDAC4A1E4E11F647D778.e.6630"}]}
RESULT: {"script":"<script> [8489 bytes]","args":[{"element-6066-11e4-a52e-4f735466cecf":"f.DBFB0E313060B6E614D077C1D7681781.d.1B3366970185FDAC4A1E4E11F647D778.e.6630","ELEMENT":"f.DBFB0E313060B6E614D077C1D7681781.d.1B3366970185FDAC4A1E4E11F647D778.e.6630"}]}
COMMAND: GET /session/d09bc8dff77367d024d5807c430cb6f4/element/f.DBFB0E313060B6E614D077C1D7681781.d.1B3366970185FDAC4A1E4E11F647D778.e.6630/enabled - {}
COMMAND: GET /session/d09bc8dff77367d024d5807c430cb6f4/screenshot - {}
RESULT: {}
COMMAND: POST /session/d09bc8dff77367d024d5807c430cb6f4/execute/sync - {"script":"<script> [8489 bytes]","args":[{"element-6066-11e4-a52e-4f735466cecf":"f.DBFB0E313060B6E614D077C1D7681781.d.1B3366970185FDAC4A1E4E11F647D778.e.6630","ELEMENT":"f.DBFB0E313060B6E614D077C1D7681781.d.1B3366970185FDAC4A1E4E11F647D778.e.6630"}]}
COMMAND: GET /session/d09bc8dff77367d024d5807c430cb6f4/screenshot - {}
RESULT: {}
RESULT: {"script":"<script> [8489 bytes]","args":[{"element-6066-11e4-a52e-4f735466cecf":"f.DBFB0E313060B6E614D077C1D7681781.d.1B3366970185FDAC4A1E4E11F647D778.e.6630","ELEMENT":"f.DBFB0E313060B6E614D077C1D7681781.d.1B3366970185FDAC4A1E4E11F647D778.e.6630"}]}
COMMAND: POST /session/d09bc8dff77367d024d5807c430cb6f4/execute/sync - {"script":"<script> [5351 bytes]","args":[{"element-6066-11e4-a52e-4f735466cecf":"f.DBFB0E313060B6E614D077C1D7681781.d.1B3366970185FDAC4A1E4E11F647D778.e.6630","ELEMENT":"f.DBFB0E313060B6E614D077C1D7681781.d.1B3366970185FDAC4A1E4E11F647D778.e.6630"}]}
COMMAND: GET /session/d09bc8dff77367d024d5807c430cb6f4/screenshot - {}
RESULT: {}
RESULT: {"script":"<script> [5351 bytes]","args":[{"element-6066-11e4-a52e-4f735466cecf":"f.DBFB0E313060B6E614D077C1D7681781.d.1B3366970185FDAC4A1E4E11F647D778.e.6630","ELEMENT":"f.DBFB0E313060B6E614D077C1D7681781.d.1B3366970185FDAC4A1E4E11F647D778.e.6630"}]}
COMMAND: POST /session/d09bc8dff77367d024d5807c430cb6f4/element/f.DBFB0E313060B6E614D077C1D7681781.d.1B3366970185FDAC4A1E4E11F647D778.e.6630/click - {}
COMMAND: GET /session/d09bc8dff77367d024d5807c430cb6f4/screenshot - {}
RESULT: {}
RESULT: {}
COMMAND: GET /session/d09bc8dff77367d024d5807c430cb6f4/screenshot - {}
COMMAND: POST /session/d09bc8dff77367d024d5807c430cb6f4/execute/async - {"script":"<script> [1562 bytes]","args":[{"selector":{"id":"application-manageresources-display-component---newResourceUnit--TYPE-arrow"},"wdio_ui5_key":"applicationmanageresources-display-component---newResourceUnit--TYPE-arrow"}]}
RESULT: {}
RESULT: {}
RESULT: {"script":"<script> [1562 bytes]","args":[{"selector":{"id":"application-manageresources-display-component---newResourceUnit--TYPE-arrow"},"wdio_ui5_key":"applicationmanageresources-display-component---newResourceUnit--TYPE-arrow"}]}
RESULT: undefined
COMMAND: POST /session/d09bc8dff77367d024d5807c430cb6f4/element - {"using":"xpath","value":"//*[@id=\"application-manageresources-display-component---newResourceUnit--TYPE-arrow\"]"}
RESULT: {"using":"xpath","value":"//*[@id=\"application-manageresources-display-component---newResourceUnit--TYPE-arrow\"]"}
COMMAND: POST /session/d09bc8dff77367d024d5807c430cb6f4/element/f.DBFB0E313060B6E614D077C1D7681781.d.1B3366970185FDAC4A1E4E11F647D778.e.6974/click - {}
RESULT: {}
COMMAND: POST /session/d09bc8dff77367d024d5807c430cb6f4/element - {"using":"xpath","value":"//input[@id=\"application-manageresources-display-component---newResourceUnit--TYPE-inner\"]"}
COMMAND: GET /session/d09bc8dff77367d024d5807c430cb6f4/screenshot - {}
RESULT: {"using":"xpath","value":"//input[@id=\"application-manageresources-display-component---newResourceUnit--TYPE-inner\"]"}
COMMAND: POST /session/d09bc8dff77367d024d5807c430cb6f4/element/f.DBFB0E313060B6E614D077C1D7681781.d.1B3366970185FDAC4A1E4E11F647D778.e.6969/clear - {}
RESULT: {}
RESULT: {}
COMMAND: POST /session/d09bc8dff77367d024d5807c430cb6f4/element/f.DBFB0E313060B6E614D077C1D7681781.d.1B3366970185FDAC4A1E4E11F647D778.e.6969/value - {"text":"Material"}
COMMAND: GET /session/d09bc8dff77367d024d5807c430cb6f4/screenshot - {}
RESULT: {"text":"Material"}
COMMAND: GET /session/d09bc8dff77367d024d5807c430cb6f4/screenshot - {}
RESULT: {}
RESULT: {}
COMMAND: POST /session/d09bc8dff77367d024d5807c430cb6f4/actions - {"actions":[{"id":"action20","type":"key","parameters":{},"actions":[{"type":"keyDown","value":"î€‡"},{"type":"pause","duration":10},{"type":"keyUp","value":"î€‡"}]}]}
RESULT: {"actions":[{"id":"action20","type":"key","parameters":{},"actions":[{"type":"keyDown","value":"î€‡"},{"type":"pause","duration":10},{"type":"keyUp","value":"î€‡"}]}]}
COMMAND: POST /session/d09bc8dff77367d024d5807c430cb6f4/execute/async - {"script":"<script> [1562 bytes]","args":[{"selector":{"id":"application-manageresources-display-component---newResourceUnit--SHORT_TEXT","interaction":{"idSuffix":"inner"}},"wdio_ui5_key":"applicationmanageresources-display-component---newResourceUnit--SHORT_TEXT"}]}
COMMAND: GET /session/d09bc8dff77367d024d5807c430cb6f4/screenshot - {}
RESULT: {"script":"<script> [1562 bytes]","args":[{"selector":{"id":"application-manageresources-display-component---newResourceUnit--SHORT_TEXT","interaction":{"idSuffix":"inner"}},"wdio_ui5_key":"applicationmanageresources-display-component---newResourceUnit--SHORT_TEXT"}]}
RESULT: undefined
COMMAND: POST /session/d09bc8dff77367d024d5807c430cb6f4/execute/async - {"script":"<script> [776 bytes]","args":[{"enterText":"Cement WDIO","selector":{"id":"application-manageresources-display-component---newResourceUnit--SHORT_TEXT","interaction":{"idSuffix":"inner"}},"clearTextFirst":true,"interactionType":"ENTER_TEXT"}]}
RESULT: {}
RESULT: {"script":"<script> [776 bytes]","args":[{"enterText":"Cement WDIO","selector":{"id":"application-manageresources-display-component---newResourceUnit--SHORT_TEXT","interaction":{"idSuffix":"inner"}},"clearTextFirst":true,"interactionType":"ENTER_TEXT"}]}
COMMAND: POST /session/d09bc8dff77367d024d5807c430cb6f4/execute/async - {"script":"<script> [1562 bytes]","args":[{"selector":{"id":"application-manageresources-display-component---newResourceUnit--BASE_UNIT_OF_MEASURE","interaction":{"idSuffix":"inner"}},"wdio_ui5_key":"applicationmanageresources-display-component---newResourceUnit--BASE_UNIT_OF_MEASURE"}]}
RESULT: {"script":"<script> [1562 bytes]","args":[{"selector":{"id":"application-manageresources-display-component---newResourceUnit--BASE_UNIT_OF_MEASURE","interaction":{"idSuffix":"inner"}},"wdio_ui5_key":"applicationmanageresources-display-component---newResourceUnit--BASE_UNIT_OF_MEASURE"}]}
RESULT: undefined
COMMAND: POST /session/d09bc8dff77367d024d5807c430cb6f4/execute/async - {"script":"<script> [776 bytes]","args":[{"enterText":"Piece","selector":{"id":"application-manageresources-display-component---newResourceUnit--BASE_UNIT_OF_MEASURE","interaction":{"idSuffix":"inner"}},"clearTextFirst":true,"interactionType":"ENTER_TEXT"}]}
RESULT: {"script":"<script> [776 bytes]","args":[{"enterText":"Piece","selector":{"id":"application-manageresources-display-component---newResourceUnit--BASE_UNIT_OF_MEASURE","interaction":{"idSuffix":"inner"}},"clearTextFirst":true,"interactionType":"ENTER_TEXT"}]}
COMMAND: POST /session/d09bc8dff77367d024d5807c430cb6f4/execute/async - {"script":"<script> [1562 bytes]","args":[{"selector":{"id":"application-manageresources-display-component---newResourceUnit--WEIGHT_UNIT","interaction":{"idSuffix":"inner"}},"wdio_ui5_key":"applicationmanageresources-display-component---newResourceUnit--WEIGHT_UNIT"}]}
RESULT: {"script":"<script> [1562 bytes]","args":[{"selector":{"id":"application-manageresources-display-component---newResourceUnit--WEIGHT_UNIT","interaction":{"idSuffix":"inner"}},"wdio_ui5_key":"applicationmanageresources-display-component---newResourceUnit--WEIGHT_UNIT"}]}
RESULT: undefined
COMMAND: POST /session/d09bc8dff77367d024d5807c430cb6f4/execute/async - {"script":"<script> [776 bytes]","args":[{"enterText":"Gram","selector":{"id":"application-manageresources-display-component---newResourceUnit--WEIGHT_UNIT","interaction":{"idSuffix":"inner"}},"clearTextFirst":true,"interactionType":"ENTER_TEXT"}]}
RESULT: {"script":"<script> [776 bytes]","args":[{"enterText":"Gram","selector":{"id":"application-manageresources-display-component---newResourceUnit--WEIGHT_UNIT","interaction":{"idSuffix":"inner"}},"clearTextFirst":true,"interactionType":"ENTER_TEXT"}]}
COMMAND: POST /session/d09bc8dff77367d024d5807c430cb6f4/execute/async - {"script":"<script> [1562 bytes]","args":[{"selector":{"id":"application-manageresources-display-component---newResourceUnit--DIMENSION_UNIT","interaction":{"idSuffix":"inner"}},"wdio_ui5_key":"applicationmanageresources-display-component---newResourceUnit--DIMENSION_UNIT"}]}
RESULT: {"script":"<script> [1562 bytes]","args":[{"selector":{"id":"application-manageresources-display-component---newResourceUnit--DIMENSION_UNIT","interaction":{"idSuffix":"inner"}},"wdio_ui5_key":"applicationmanageresources-display-component---newResourceUnit--DIMENSION_UNIT"}]}
RESULT: undefined
COMMAND: POST /session/d09bc8dff77367d024d5807c430cb6f4/execute/async - {"script":"<script> [776 bytes]","args":[{"enterText":"Meter","selector":{"id":"application-manageresources-display-component---newResourceUnit--DIMENSION_UNIT","interaction":{"idSuffix":"inner"}},"clearTextFirst":true,"interactionType":"ENTER_TEXT"}]}
RESULT: {"script":"<script> [776 bytes]","args":[{"enterText":"Meter","selector":{"id":"application-manageresources-display-component---newResourceUnit--DIMENSION_UNIT","interaction":{"idSuffix":"inner"}},"clearTextFirst":true,"interactionType":"ENTER_TEXT"}]}
COMMAND: POST /session/d09bc8dff77367d024d5807c430cb6f4/execute/async - {"script":"<script> [1562 bytes]","args":[{"selector":{"id":"application-manageresources-display-component---newResourceUnit--newRRUPage-anchBar-application-manageresources-display-component---newResourceUnit--control-anchor","interaction":{"idSuffix":"BDI-content"}},"wdio_ui5_key":"applicationmanageresources-display-component---newResourceUnit--newRRUPage-anchBar-application-manageresources-display-component---newResourceUnit--control-anchor"}]}
RESULT: {"script":"<script> [1562 bytes]","args":[{"selector":{"id":"application-manageresources-display-component---newResourceUnit--newRRUPage-anchBar-application-manageresources-display-component---newResourceUnit--control-anchor","interaction":{"idSuffix":"BDI-content"}},"wdio_ui5_key":"applicationmanageresources-display-component---newResourceUnit--newRRUPage-anchBar-application-manageresources-display-component---newResourceUnit--control-anchor"}]}
RESULT: undefined
COMMAND: POST /session/d09bc8dff77367d024d5807c430cb6f4/element - {"using":"xpath","value":"//*[@id=\"application-manageresources-display-component---newResourceUnit--newRRUPage-anchBar-application-manageresources-display-component---newResourceUnit--control-anchor\"]"}
RESULT: {"using":"xpath","value":"//*[@id=\"application-manageresources-display-component---newResourceUnit--newRRUPage-anchBar-application-manageresources-display-component---newResourceUnit--control-anchor\"]"}
COMMAND: POST /session/d09bc8dff77367d024d5807c430cb6f4/element/f.DBFB0E313060B6E614D077C1D7681781.d.1B3366970185FDAC4A1E4E11F647D778.e.7041/click - {}
RESULT: {}
COMMAND: POST /session/d09bc8dff77367d024d5807c430cb6f4/execute/async - {"script":"<script> [1562 bytes]","args":[{"selector":{"id":"application-manageresources-display-component---newResourceUnit--PLANNING_GROUP","interaction":{"idSuffix":"inner"}},"wdio_ui5_key":"applicationmanageresources-display-component---newResourceUnit--PLANNING_GROUP"}]}
COMMAND: GET /session/d09bc8dff77367d024d5807c430cb6f4/screenshot - {}
RESULT: {"script":"<script> [1562 bytes]","args":[{"selector":{"id":"application-manageresources-display-component---newResourceUnit--PLANNING_GROUP","interaction":{"idSuffix":"inner"}},"wdio_ui5_key":"applicationmanageresources-display-component---newResourceUnit--PLANNING_GROUP"}]}
RESULT: undefined
COMMAND: POST /session/d09bc8dff77367d024d5807c430cb6f4/execute/async - {"script":"<script> [776 bytes]","args":[{"enterText":"Material","selector":{"id":"application-manageresources-display-component---newResourceUnit--PLANNING_GROUP","interaction":{"idSuffix":"inner"}},"clearTextFirst":true,"interactionType":"ENTER_TEXT"}]}
RESULT: {}
RESULT: {"script":"<script> [776 bytes]","args":[{"enterText":"Material","selector":{"id":"application-manageresources-display-component---newResourceUnit--PLANNING_GROUP","interaction":{"idSuffix":"inner"}},"clearTextFirst":true,"interactionType":"ENTER_TEXT"}]}
COMMAND: POST /session/d09bc8dff77367d024d5807c430cb6f4/execute/async - {"script":"<script> [1562 bytes]","args":[{"selector":{"id":"application-manageresources-display-component---newResourceUnit--PLANNING_INDICATOR","interaction":{"idSuffix":"inner"}},"wdio_ui5_key":"applicationmanageresources-display-component---newResourceUnit--PLANNING_INDICATOR"}]}
RESULT: {"script":"<script> [1562 bytes]","args":[{"selector":{"id":"application-manageresources-display-component---newResourceUnit--PLANNING_INDICATOR","interaction":{"idSuffix":"inner"}},"wdio_ui5_key":"applicationmanageresources-display-component---newResourceUnit--PLANNING_INDICATOR"}]}
RESULT: undefined
COMMAND: POST /session/d09bc8dff77367d024d5807c430cb6f4/execute/async - {"script":"<script> [776 bytes]","args":[{"enterText":"10 - infinite","selector":{"id":"application-manageresources-display-component---newResourceUnit--PLANNING_INDICATOR","interaction":{"idSuffix":"inner"}},"clearTextFirst":true,"interactionType":"ENTER_TEXT"}]}
RESULT: {"script":"<script> [776 bytes]","args":[{"enterText":"10 - infinite","selector":{"id":"application-manageresources-display-component---newResourceUnit--PLANNING_INDICATOR","interaction":{"idSuffix":"inner"}},"clearTextFirst":true,"interactionType":"ENTER_TEXT"}]}
COMMAND: POST /session/d09bc8dff77367d024d5807c430cb6f4/element - {"using":"css selector","value":"#application-manageresources-display-component---newResourceUnit--btnAddTimeSegment"}
RESULT: {"using":"css selector","value":"#application-manageresources-display-component---newResourceUnit--btnAddTimeSegment"}
COMMAND: GET /session/d09bc8dff77367d024d5807c430cb6f4/element/f.DBFB0E313060B6E614D077C1D7681781.d.1B3366970185FDAC4A1E4E11F647D778.e.7049/rect - {}
RESULT: {}
COMMAND: GET /session/d09bc8dff77367d024d5807c430cb6f4/window/rect - {}
RESULT: {}
COMMAND: POST /session/d09bc8dff77367d024d5807c430cb6f4/execute/sync - {"script":"<script> [92 bytes]","args":[]}
RESULT: {"script":"<script> [92 bytes]","args":[]}
COMMAND: POST /session/d09bc8dff77367d024d5807c430cb6f4/actions - {"actions":[{"id":"action21","type":"wheel","parameters":{},"actions":[{"type":"scroll","x":-1888,"y":-32,"deltaX":0,"deltaY":0,"duration":0,"origin":{"element-6066-11e4-a52e-4f735466cecf":"f.DBFB0E313060B6E614D077C1D7681781.d.1B3366970185FDAC4A1E4E11F647D778.e.7049"}}]}]}
COMMAND: GET /session/d09bc8dff77367d024d5807c430cb6f4/screenshot - {}
RESULT: {}
COMMAND: POST /session/d09bc8dff77367d024d5807c430cb6f4/execute/sync - {"script":"<script> [79 bytes]","args":[{"element-6066-11e4-a52e-4f735466cecf":"f.DBFB0E313060B6E614D077C1D7681781.d.1B3366970185FDAC4A1E4E11F647D778.e.7049","ELEMENT":"f.DBFB0E313060B6E614D077C1D7681781.d.1B3366970185FDAC4A1E4E11F647D778.e.7049"},{"block":"start","inline":"nearest"}]}
RESULT: {"script":"<script> [79 bytes]","args":[{"element-6066-11e4-a52e-4f735466cecf":"f.DBFB0E313060B6E614D077C1D7681781.d.1B3366970185FDAC4A1E4E11F647D778.e.7049","ELEMENT":"f.DBFB0E313060B6E614D077C1D7681781.d.1B3366970185FDAC4A1E4E11F647D778.e.7049"},{"block":"start","inline":"nearest"}]}
COMMAND: POST /session/d09bc8dff77367d024d5807c430cb6f4/execute/async - {"script":"<script> [1562 bytes]","args":[{"selector":{"id":"application-manageresources-display-component---newResourceUnit--btnAddTimeSegment","interaction":{"idSuffix":"inner"}},"wdio_ui5_key":"applicationmanageresources-display-component---newResourceUnit--btnAddTimeSegment"}]}
COMMAND: GET /session/d09bc8dff77367d024d5807c430cb6f4/screenshot - {}
RESULT: {"script":"<script> [1562 bytes]","args":[{"selector":{"id":"application-manageresources-display-component---newResourceUnit--btnAddTimeSegment","interaction":{"idSuffix":"inner"}},"wdio_ui5_key":"applicationmanageresources-display-component---newResourceUnit--btnAddTimeSegment"}]}
RESULT: undefined
COMMAND: POST /session/d09bc8dff77367d024d5807c430cb6f4/element - {"using":"xpath","value":"//*[@id=\"application-manageresources-display-component---newResourceUnit--btnAddTimeSegment\"]"}
RESULT: {}
RESULT: {"using":"xpath","value":"//*[@id=\"application-manageresources-display-component---newResourceUnit--btnAddTimeSegment\"]"}
COMMAND: POST /session/d09bc8dff77367d024d5807c430cb6f4/element/f.DBFB0E313060B6E614D077C1D7681781.d.1B3366970185FDAC4A1E4E11F647D778.e.7049/click - {}
RESULT: {}
COMMAND: GET /session/d09bc8dff77367d024d5807c430cb6f4/screenshot - {}
RESULT: {}
COMMAND: POST /session/d09bc8dff77367d024d5807c430cb6f4/element - {"using":"xpath","value":"//input[@id=\"application-manageresources-display-component---newResourceUnit--idRuTSAdmin-application-manageresources-display-component---newResourceUnit--RUTimeSegment-0-inner\"]"}
RESULT: {"using":"xpath","value":"//input[@id=\"application-manageresources-display-component---newResourceUnit--idRuTSAdmin-application-manageresources-display-component---newResourceUnit--RUTimeSegment-0-inner\"]"}
COMMAND: POST /session/d09bc8dff77367d024d5807c430cb6f4/element/f.DBFB0E313060B6E614D077C1D7681781.d.1B3366970185FDAC4A1E4E11F647D778.e.7054/clear - {}
RESULT: {}
COMMAND: POST /session/d09bc8dff77367d024d5807c430cb6f4/element/f.DBFB0E313060B6E614D077C1D7681781.d.1B3366970185FDAC4A1E4E11F647D778.e.7054/value - {"text":"562"}
COMMAND: GET /session/d09bc8dff77367d024d5807c430cb6f4/screenshot - {}
RESULT: {"text":"562"}
COMMAND: GET /session/d09bc8dff77367d024d5807c430cb6f4/screenshot - {}
RESULT: {}
RESULT: {}
COMMAND: POST /session/d09bc8dff77367d024d5807c430cb6f4/element - {"using":"xpath","value":"//li[.//span[text()='562']]"}
RESULT: {"using":"xpath","value":"//li[.//span[text()='562']]"}
COMMAND: POST /session/d09bc8dff77367d024d5807c430cb6f4/element/f.DBFB0E313060B6E614D077C1D7681781.d.1B3366970185FDAC4A1E4E11F647D778.e.7063/click - {}
RESULT: {}
COMMAND: GET /session/d09bc8dff77367d024d5807c430cb6f4/screenshot - {}
RESULT: {}
COMMAND: POST /session/d09bc8dff77367d024d5807c430cb6f4/element - {"using":"xpath","value":"(//span[contains(@id, \"-application-manageresources-display-component---newResourceUnit--RUTimeSegment-0-arrow\")])[2]"}
RESULT: {"using":"xpath","value":"(//span[contains(@id, \"-application-manageresources-display-component---newResourceUnit--RUTimeSegment-0-arrow\")])[2]"}
COMMAND: POST /session/d09bc8dff77367d024d5807c430cb6f4/element/f.DBFB0E313060B6E614D077C1D7681781.d.1B3366970185FDAC4A1E4E11F647D778.e.7064/click - {}
RESULT: {}
COMMAND: POST /session/d09bc8dff77367d024d5807c430cb6f4/element - {"using":"xpath","value":"//span[contains(text(), \"PM Order\")]"}
COMMAND: GET /session/d09bc8dff77367d024d5807c430cb6f4/screenshot - {}
RESULT: {"using":"xpath","value":"//span[contains(text(), \"PM Order\")]"}
COMMAND: POST /session/d09bc8dff77367d024d5807c430cb6f4/element/f.DBFB0E313060B6E614D077C1D7681781.d.1B3366970185FDAC4A1E4E11F647D778.e.7065/click - {}
RESULT: {}
RESULT: {}
COMMAND: GET /session/d09bc8dff77367d024d5807c430cb6f4/screenshot - {}
RESULT: {}
COMMAND: POST /session/d09bc8dff77367d024d5807c430cb6f4/element - {"using":"xpath","value":"//td/div/div/div/span[contains(@id, \"newResourceUnit--RUTimeSegment-0-vhi\")][1]"}
RESULT: {"using":"xpath","value":"//td/div/div/div/span[contains(@id, \"newResourceUnit--RUTimeSegment-0-vhi\")][1]"}
COMMAND: GET /session/d09bc8dff77367d024d5807c430cb6f4/element/f.DBFB0E313060B6E614D077C1D7681781.d.1B3366970185FDAC4A1E4E11F647D778.e.7069/rect - {}
RESULT: {}
COMMAND: GET /session/d09bc8dff77367d024d5807c430cb6f4/window/rect - {}
RESULT: {}
COMMAND: POST /session/d09bc8dff77367d024d5807c430cb6f4/execute/sync - {"script":"<script> [92 bytes]","args":[]}
RESULT: {"script":"<script> [92 bytes]","args":[]}
COMMAND: POST /session/d09bc8dff77367d024d5807c430cb6f4/actions - {"actions":[{"id":"action22","type":"wheel","parameters":{},"actions":[{"type":"scroll","x":-1888,"y":-24,"deltaX":0,"deltaY":0,"duration":0,"origin":{"element-6066-11e4-a52e-4f735466cecf":"f.DBFB0E313060B6E614D077C1D7681781.d.1B3366970185FDAC4A1E4E11F647D778.e.7069"}}]}]}
COMMAND: GET /session/d09bc8dff77367d024d5807c430cb6f4/screenshot - {}
RESULT: {}
COMMAND: POST /session/d09bc8dff77367d024d5807c430cb6f4/execute/sync - {"script":"<script> [79 bytes]","args":[{"element-6066-11e4-a52e-4f735466cecf":"f.DBFB0E313060B6E614D077C1D7681781.d.1B3366970185FDAC4A1E4E11F647D778.e.7069","ELEMENT":"f.DBFB0E313060B6E614D077C1D7681781.d.1B3366970185FDAC4A1E4E11F647D778.e.7069"},{"block":"start","inline":"nearest"}]}
RESULT: {"script":"<script> [79 bytes]","args":[{"element-6066-11e4-a52e-4f735466cecf":"f.DBFB0E313060B6E614D077C1D7681781.d.1B3366970185FDAC4A1E4E11F647D778.e.7069","ELEMENT":"f.DBFB0E313060B6E614D077C1D7681781.d.1B3366970185FDAC4A1E4E11F647D778.e.7069"},{"block":"start","inline":"nearest"}]}
COMMAND: GET /session/d09bc8dff77367d024d5807c430cb6f4/screenshot - {}
RESULT: {}
COMMAND: POST /session/d09bc8dff77367d024d5807c430cb6f4/element/f.DBFB0E313060B6E614D077C1D7681781.d.1B3366970185FDAC4A1E4E11F647D778.e.7069/click - {}
RESULT: {}
COMMAND: GET /session/d09bc8dff77367d024d5807c430cb6f4/screenshot - {}
RESULT: {}
COMMAND: POST /session/d09bc8dff77367d024d5807c430cb6f4/execute/async - {"script":"<script> [1562 bytes]","args":[{"selector":{"controlType":"sap.m.SearchField","properties":{"placeholder":"Search"},"searchOpenDialogs":true,"interaction":{"idSuffix":"I"}},"wdio_ui5_key":"sapm.SearchField{\"placeholder\":\"Search\"}"}]}
RESULT: {"script":"<script> [1562 bytes]","args":[{"selector":{"controlType":"sap.m.SearchField","properties":{"placeholder":"Search"},"searchOpenDialogs":true,"interaction":{"idSuffix":"I"}},"wdio_ui5_key":"sapm.SearchField{\"placeholder\":\"Search\"}"}]}
RESULT: undefined
COMMAND: POST /session/d09bc8dff77367d024d5807c430cb6f4/execute/async - {"script":"<script> [776 bytes]","args":[{"enterText":"4000360","selector":{"controlType":"sap.m.SearchField","properties":{"placeholder":"Search"},"searchOpenDialogs":true,"interaction":{"idSuffix":"I"}},"clearTextFirst":true,"interactionType":"ENTER_TEXT"}]}
RESULT: {"script":"<script> [776 bytes]","args":[{"enterText":"4000360","selector":{"controlType":"sap.m.SearchField","properties":{"placeholder":"Search"},"searchOpenDialogs":true,"interaction":{"idSuffix":"I"}},"clearTextFirst":true,"interactionType":"ENTER_TEXT"}]}
COMMAND: POST /session/d09bc8dff77367d024d5807c430cb6f4/actions - {"actions":[{"id":"action23","type":"key","parameters":{},"actions":[{"type":"keyDown","value":"î€‡"},{"type":"pause","duration":10},{"type":"keyUp","value":"î€‡"}]}]}
RESULT: {"actions":[{"id":"action23","type":"key","parameters":{},"actions":[{"type":"keyDown","value":"î€‡"},{"type":"pause","duration":10},{"type":"keyUp","value":"î€‡"}]}]}
COMMAND: GET /session/d09bc8dff77367d024d5807c430cb6f4/screenshot - {}
RESULT: {}
COMMAND: POST /session/d09bc8dff77367d024d5807c430cb6f4/element - {"using":"xpath","value":"//td/div/span[contains(text(), \"BGL Vehicles\")]"}
RESULT: {"using":"xpath","value":"//td/div/span[contains(text(), \"BGL Vehicles\")]"}
COMMAND: POST /session/d09bc8dff77367d024d5807c430cb6f4/element/f.DBFB0E313060B6E614D077C1D7681781.d.1B3366970185FDAC4A1E4E11F647D778.e.7090/click - {}
RESULT: {}
COMMAND: GET /session/d09bc8dff77367d024d5807c430cb6f4/screenshot - {}
RESULT: {}
COMMAND: POST /session/d09bc8dff77367d024d5807c430cb6f4/element - {"using":"xpath","value":"//bdi[contains(text(), \"OK\")]"}
RESULT: {"using":"xpath","value":"//bdi[contains(text(), \"OK\")]"}
COMMAND: POST /session/d09bc8dff77367d024d5807c430cb6f4/element/f.DBFB0E313060B6E614D077C1D7681781.d.1B3366970185FDAC4A1E4E11F647D778.e.7091/click - {}
RESULT: {}
COMMAND: GET /session/d09bc8dff77367d024d5807c430cb6f4/screenshot - {}
RESULT: {}
COMMAND: POST /session/d09bc8dff77367d024d5807c430cb6f4/element - {"using":"xpath","value":"//label[contains(@class, 'sapMLabelRequired') and .//bdi[contains(text(), 'Planned Retirement')]]"}
RESULT: {"using":"xpath","value":"//label[contains(@class, 'sapMLabelRequired') and .//bdi[contains(text(), 'Planned Retirement')]]"}
COMMAND: POST /session/d09bc8dff77367d024d5807c430cb6f4/elements - {"using":"xpath","value":"//label[contains(@class, 'sapMLabelRequired') and .//bdi[contains(text(), 'Planned Retirement')]]"}
RESULT: {"using":"xpath","value":"//label[contains(@class, 'sapMLabelRequired') and .//bdi[contains(text(), 'Planned Retirement')]]"}
COMMAND: POST /session/d09bc8dff77367d024d5807c430cb6f4/element - {"using":"xpath","value":"//button[@data-kt=\"resourceUnitSaveButton\"]"}
RESULT: {"using":"xpath","value":"//button[@data-kt=\"resourceUnitSaveButton\"]"}
COMMAND: POST /session/d09bc8dff77367d024d5807c430cb6f4/element/f.DBFB0E313060B6E614D077C1D7681781.d.1B3366970185FDAC4A1E4E11F647D778.e.6994/click - {}
RESULT: {}
COMMAND: GET /session/d09bc8dff77367d024d5807c430cb6f4/screenshot - {}
RESULT: {}
COMMAND: POST /session/d09bc8dff77367d024d5807c430cb6f4/element - {"using":"xpath","value":"//bdi[contains(text(), \"Close\")]"}
RESULT: {"using":"xpath","value":"//bdi[contains(text(), \"Close\")]"}
COMMAND: POST /session/d09bc8dff77367d024d5807c430cb6f4/element/f.DBFB0E313060B6E614D077C1D7681781.d.1B3366970185FDAC4A1E4E11F647D778.e.7097/click - {}
RESULT: {}
COMMAND: GET /session/d09bc8dff77367d024d5807c430cb6f4/screenshot - {}
RESULT: {}
COMMAND: POST /session/d09bc8dff77367d024d5807c430cb6f4/element - {"using":"xpath","value":"//header[contains(@id, 'detailRruPage-headerTitle')]/div[1]/div[2]/div[2]/span[1]"}
RESULT: {"using":"xpath","value":"//header[contains(@id, 'detailRruPage-headerTitle')]/div[1]/div[2]/div[2]/span[1]"}
COMMAND: POST /session/d09bc8dff77367d024d5807c430cb6f4/elements - {"using":"xpath","value":"//header[contains(@id, 'detailRruPage-headerTitle')]/div[1]/div[2]/div[2]/span[1]"}
RESULT: {"using":"xpath","value":"//header[contains(@id, 'detailRruPage-headerTitle')]/div[1]/div[2]/div[2]/span[1]"}
COMMAND: POST /session/d09bc8dff77367d024d5807c430cb6f4/execute/sync - {"script":"<script> [56 bytes]","args":[{"element-6066-11e4-a52e-4f735466cecf":"f.DBFB0E313060B6E614D077C1D7681781.d.1B3366970185FDAC4A1E4E11F647D778.e.7129","ELEMENT":"f.DBFB0E313060B6E614D077C1D7681781.d.1B3366970185FDAC4A1E4E11F647D778.e.7129"}]}
RESULT: {"script":"<script> [56 bytes]","args":[{"element-6066-11e4-a52e-4f735466cecf":"f.DBFB0E313060B6E614D077C1D7681781.d.1B3366970185FDAC4A1E4E11F647D778.e.7129","ELEMENT":"f.DBFB0E313060B6E614D077C1D7681781.d.1B3366970185FDAC4A1E4E11F647D778.e.7129"}]}
COMMAND: GET /session/d09bc8dff77367d024d5807c430cb6f4/screenshot - {}
]]></system-out>
    </testcase>
    <testcase classname="chrome.136_0_7103_93.windows.US134625_Set_up_price_condition_-_one_time" name="Should create new pricing rule one time" time="69.949">
      <system-out><![CDATA[
COMMAND: POST /session/d09bc8dff77367d024d5807c430cb6f4/element - {"using":"xpath","value":"(//button[contains(@id ,\"actionsToolbar-overflowButton\")])[1]"}
RESULT: {"using":"xpath","value":"(//button[contains(@id ,\"actionsToolbar-overflowButton\")])[1]"}
COMMAND: POST /session/d09bc8dff77367d024d5807c430cb6f4/element/f.DBFB0E313060B6E614D077C1D7681781.d.1B3366970185FDAC4A1E4E11F647D778.e.7130/click - {}
RESULT: {}
RESULT: {}
COMMAND: GET /session/d09bc8dff77367d024d5807c430cb6f4/screenshot - {}
RESULT: {}
COMMAND: POST /session/d09bc8dff77367d024d5807c430cb6f4/element - {"using":"xpath","value":"//button[@data-kt=\"priceInfoButton\"]"}
RESULT: {"using":"xpath","value":"//button[@data-kt=\"priceInfoButton\"]"}
COMMAND: POST /session/d09bc8dff77367d024d5807c430cb6f4/element/f.DBFB0E313060B6E614D077C1D7681781.d.1B3366970185FDAC4A1E4E11F647D778.e.7134/click - {}
RESULT: {}
COMMAND: GET /session/d09bc8dff77367d024d5807c430cb6f4/screenshot - {}
RESULT: {}
COMMAND: POST /session/d09bc8dff77367d024d5807c430cb6f4/element - {"using":"xpath","value":"//button[@data-kt=\"addButton\"]"}
RESULT: {"using":"xpath","value":"//button[@data-kt=\"addButton\"]"}
COMMAND: POST /session/d09bc8dff77367d024d5807c430cb6f4/elements - {"using":"xpath","value":"//button[@data-kt=\"addButton\"]"}
RESULT: {"using":"xpath","value":"//button[@data-kt=\"addButton\"]"}
COMMAND: POST /session/d09bc8dff77367d024d5807c430cb6f4/execute/sync - {"script":"<script> [8489 bytes]","args":[{"element-6066-11e4-a52e-4f735466cecf":"f.DBFB0E313060B6E614D077C1D7681781.d.1B3366970185FDAC4A1E4E11F647D778.e.7174","ELEMENT":"f.DBFB0E313060B6E614D077C1D7681781.d.1B3366970185FDAC4A1E4E11F647D778.e.7174"}]}
RESULT: {"script":"<script> [8489 bytes]","args":[{"element-6066-11e4-a52e-4f735466cecf":"f.DBFB0E313060B6E614D077C1D7681781.d.1B3366970185FDAC4A1E4E11F647D778.e.7174","ELEMENT":"f.DBFB0E313060B6E614D077C1D7681781.d.1B3366970185FDAC4A1E4E11F647D778.e.7174"}]}
COMMAND: GET /session/d09bc8dff77367d024d5807c430cb6f4/element/f.DBFB0E313060B6E614D077C1D7681781.d.1B3366970185FDAC4A1E4E11F647D778.e.7174/enabled - {}
COMMAND: GET /session/d09bc8dff77367d024d5807c430cb6f4/screenshot - {}
RESULT: {}
COMMAND: POST /session/d09bc8dff77367d024d5807c430cb6f4/execute/sync - {"script":"<script> [8489 bytes]","args":[{"element-6066-11e4-a52e-4f735466cecf":"f.DBFB0E313060B6E614D077C1D7681781.d.1B3366970185FDAC4A1E4E11F647D778.e.7174","ELEMENT":"f.DBFB0E313060B6E614D077C1D7681781.d.1B3366970185FDAC4A1E4E11F647D778.e.7174"}]}
COMMAND: GET /session/d09bc8dff77367d024d5807c430cb6f4/screenshot - {}
RESULT: {}
RESULT: {"script":"<script> [8489 bytes]","args":[{"element-6066-11e4-a52e-4f735466cecf":"f.DBFB0E313060B6E614D077C1D7681781.d.1B3366970185FDAC4A1E4E11F647D778.e.7174","ELEMENT":"f.DBFB0E313060B6E614D077C1D7681781.d.1B3366970185FDAC4A1E4E11F647D778.e.7174"}]}
COMMAND: POST /session/d09bc8dff77367d024d5807c430cb6f4/execute/sync - {"script":"<script> [5351 bytes]","args":[{"element-6066-11e4-a52e-4f735466cecf":"f.DBFB0E313060B6E614D077C1D7681781.d.1B3366970185FDAC4A1E4E11F647D778.e.7174","ELEMENT":"f.DBFB0E313060B6E614D077C1D7681781.d.1B3366970185FDAC4A1E4E11F647D778.e.7174"}]}
COMMAND: GET /session/d09bc8dff77367d024d5807c430cb6f4/screenshot - {}
RESULT: {}
RESULT: {"script":"<script> [5351 bytes]","args":[{"element-6066-11e4-a52e-4f735466cecf":"f.DBFB0E313060B6E614D077C1D7681781.d.1B3366970185FDAC4A1E4E11F647D778.e.7174","ELEMENT":"f.DBFB0E313060B6E614D077C1D7681781.d.1B3366970185FDAC4A1E4E11F647D778.e.7174"}]}
COMMAND: POST /session/d09bc8dff77367d024d5807c430cb6f4/element/f.DBFB0E313060B6E614D077C1D7681781.d.1B3366970185FDAC4A1E4E11F647D778.e.7174/click - {}
COMMAND: GET /session/d09bc8dff77367d024d5807c430cb6f4/screenshot - {}
RESULT: {}
RESULT: {}
COMMAND: GET /session/d09bc8dff77367d024d5807c430cb6f4/screenshot - {}
RESULT: {}
RESULT: {}
COMMAND: POST /session/d09bc8dff77367d024d5807c430cb6f4/execute/async - {"script":"<script> [1562 bytes]","args":[{"selector":{"controlType":"sap.m.Title","viewName":"etm.portal.ui.managepricingrules.view.NewItem","viewId":"application-managepricingrules-display-component---newInfoPriceItem","properties":{"text":"New Pricing Rules - Item Level"}},"wdio_ui5_key":"etmportal.ui.managepricingrules.view.NewItemsap.m.Title{\"text\":\"New Pricing Rules - Item Level\"}"}]}
RESULT: {"script":"<script> [1562 bytes]","args":[{"selector":{"controlType":"sap.m.Title","viewName":"etm.portal.ui.managepricingrules.view.NewItem","viewId":"application-managepricingrules-display-component---newInfoPriceItem","properties":{"text":"New Pricing Rules - Item Level"}},"wdio_ui5_key":"etmportal.ui.managepricingrules.view.NewItemsap.m.Title{\"text\":\"New Pricing Rules - Item Level\"}"}]}
RESULT: undefined
COMMAND: POST /session/d09bc8dff77367d024d5807c430cb6f4/execute/async - {"script":"<script> [6424 bytes]","args":[{"element-6066-11e4-a52e-4f735466cecf":"f.DBFB0E313060B6E614D077C1D7681781.d.1B3366970185FDAC4A1E4E11F647D778.e.7344"},"getText",[]]}
RESULT: {"script":"<script> [6424 bytes]","args":[{"element-6066-11e4-a52e-4f735466cecf":"f.DBFB0E313060B6E614D077C1D7681781.d.1B3366970185FDAC4A1E4E11F647D778.e.7344"},"getText",[]]}
COMMAND: POST /session/d09bc8dff77367d024d5807c430cb6f4/execute/async - {"script":"<script> [1562 bytes]","args":[{"selector":{"id":"application-managepricingrules-display-component---newInfoPriceItem--condValidTo","interaction":{"idSuffix":"inner"}},"wdio_ui5_key":"applicationmanagepricingrules-display-component---newInfoPriceItem--condValidTo"}]}
RESULT: {"script":"<script> [1562 bytes]","args":[{"selector":{"id":"application-managepricingrules-display-component---newInfoPriceItem--condValidTo","interaction":{"idSuffix":"inner"}},"wdio_ui5_key":"applicationmanagepricingrules-display-component---newInfoPriceItem--condValidTo"}]}
RESULT: undefined
COMMAND: POST /session/d09bc8dff77367d024d5807c430cb6f4/execute/async - {"script":"<script> [776 bytes]","args":[{"enterText":"1/19/26","selector":{"id":"application-managepricingrules-display-component---newInfoPriceItem--condValidTo","interaction":{"idSuffix":"inner"}},"clearTextFirst":true,"interactionType":"ENTER_TEXT"}]}
RESULT: {"script":"<script> [776 bytes]","args":[{"enterText":"1/19/26","selector":{"id":"application-managepricingrules-display-component---newInfoPriceItem--condValidTo","interaction":{"idSuffix":"inner"}},"clearTextFirst":true,"interactionType":"ENTER_TEXT"}]}
COMMAND: POST /session/d09bc8dff77367d024d5807c430cb6f4/execute/async - {"script":"<script> [1562 bytes]","args":[{"selector":{"id":"application-managepricingrules-display-component---newInfoPriceItem--billType-arrow"},"wdio_ui5_key":"applicationmanagepricingrules-display-component---newInfoPriceItem--billType-arrow"}]}
RESULT: {"script":"<script> [1562 bytes]","args":[{"selector":{"id":"application-managepricingrules-display-component---newInfoPriceItem--billType-arrow"},"wdio_ui5_key":"applicationmanagepricingrules-display-component---newInfoPriceItem--billType-arrow"}]}
RESULT: undefined
COMMAND: POST /session/d09bc8dff77367d024d5807c430cb6f4/element - {"using":"xpath","value":"//*[@id=\"application-managepricingrules-display-component---newInfoPriceItem--billType-arrow\"]"}
RESULT: {"using":"xpath","value":"//*[@id=\"application-managepricingrules-display-component---newInfoPriceItem--billType-arrow\"]"}
COMMAND: POST /session/d09bc8dff77367d024d5807c430cb6f4/element/f.DBFB0E313060B6E614D077C1D7681781.d.1B3366970185FDAC4A1E4E11F647D778.e.7303/click - {}
RESULT: {}
COMMAND: POST /session/d09bc8dff77367d024d5807c430cb6f4/element - {"using":"xpath","value":"//span[contains(text(), \"OT - Sales (one-time)\")]"}
COMMAND: GET /session/d09bc8dff77367d024d5807c430cb6f4/screenshot - {}
RESULT: {"using":"xpath","value":"//span[contains(text(), \"OT - Sales (one-time)\")]"}
COMMAND: POST /session/d09bc8dff77367d024d5807c430cb6f4/element/f.DBFB0E313060B6E614D077C1D7681781.d.1B3366970185FDAC4A1E4E11F647D778.e.7346/click - {}
RESULT: {}
RESULT: {}
COMMAND: POST /session/d09bc8dff77367d024d5807c430cb6f4/execute/async - {"script":"<script> [1562 bytes]","args":[{"selector":{"id":"application-managepricingrules-display-component---newInfoPriceItem--priceProc-arrow"},"wdio_ui5_key":"applicationmanagepricingrules-display-component---newInfoPriceItem--priceProc-arrow"}]}
COMMAND: GET /session/d09bc8dff77367d024d5807c430cb6f4/screenshot - {}
RESULT: {"script":"<script> [1562 bytes]","args":[{"selector":{"id":"application-managepricingrules-display-component---newInfoPriceItem--priceProc-arrow"},"wdio_ui5_key":"applicationmanagepricingrules-display-component---newInfoPriceItem--priceProc-arrow"}]}
RESULT: undefined
COMMAND: POST /session/d09bc8dff77367d024d5807c430cb6f4/element - {"using":"xpath","value":"//*[@id=\"application-managepricingrules-display-component---newInfoPriceItem--priceProc-arrow\"]"}
RESULT: {}
RESULT: {"using":"xpath","value":"//*[@id=\"application-managepricingrules-display-component---newInfoPriceItem--priceProc-arrow\"]"}
COMMAND: POST /session/d09bc8dff77367d024d5807c430cb6f4/element/f.DBFB0E313060B6E614D077C1D7681781.d.1B3366970185FDAC4A1E4E11F647D778.e.7310/click - {}
RESULT: {}
COMMAND: POST /session/d09bc8dff77367d024d5807c430cb6f4/element - {"using":"xpath","value":"//span[contains(text(), \"MAT - Material\")]"}
COMMAND: GET /session/d09bc8dff77367d024d5807c430cb6f4/screenshot - {}
RESULT: {"using":"xpath","value":"//span[contains(text(), \"MAT - Material\")]"}
COMMAND: POST /session/d09bc8dff77367d024d5807c430cb6f4/element/f.DBFB0E313060B6E614D077C1D7681781.d.1B3366970185FDAC4A1E4E11F647D778.e.7347/click - {}
RESULT: {}
RESULT: {}
COMMAND: POST /session/d09bc8dff77367d024d5807c430cb6f4/execute/async - {"script":"<script> [1562 bytes]","args":[{"selector":{"id":"application-managepricingrules-display-component---newInfoPriceItem--calcBase-arrow"},"wdio_ui5_key":"applicationmanagepricingrules-display-component---newInfoPriceItem--calcBase-arrow"}]}
COMMAND: GET /session/d09bc8dff77367d024d5807c430cb6f4/screenshot - {}
RESULT: {"script":"<script> [1562 bytes]","args":[{"selector":{"id":"application-managepricingrules-display-component---newInfoPriceItem--calcBase-arrow"},"wdio_ui5_key":"applicationmanagepricingrules-display-component---newInfoPriceItem--calcBase-arrow"}]}
RESULT: undefined
COMMAND: POST /session/d09bc8dff77367d024d5807c430cb6f4/element - {"using":"xpath","value":"//*[@id=\"application-managepricingrules-display-component---newInfoPriceItem--calcBase-arrow\"]"}
RESULT: {}
RESULT: {"using":"xpath","value":"//*[@id=\"application-managepricingrules-display-component---newInfoPriceItem--calcBase-arrow\"]"}
COMMAND: POST /session/d09bc8dff77367d024d5807c430cb6f4/element/f.DBFB0E313060B6E614D077C1D7681781.d.1B3366970185FDAC4A1E4E11F647D778.e.7317/click - {}
RESULT: {}
COMMAND: GET /session/d09bc8dff77367d024d5807c430cb6f4/screenshot - {}
RESULT: {}
COMMAND: POST /session/d09bc8dff77367d024d5807c430cb6f4/element - {"using":"xpath","value":"//span[contains(text(), \"0001 - TB(exact month + cal_days)\")]"}
RESULT: {"using":"xpath","value":"//span[contains(text(), \"0001 - TB(exact month + cal_days)\")]"}
COMMAND: POST /session/d09bc8dff77367d024d5807c430cb6f4/element/f.DBFB0E313060B6E614D077C1D7681781.d.1B3366970185FDAC4A1E4E11F647D778.e.7348/click - {}
RESULT: {}
COMMAND: GET /session/d09bc8dff77367d024d5807c430cb6f4/screenshot - {}
RESULT: {}
COMMAND: POST /session/d09bc8dff77367d024d5807c430cb6f4/element - {"using":"xpath","value":"//button[@data-kt=\"saveNewRuleButton\"]"}
RESULT: {"using":"xpath","value":"//button[@data-kt=\"saveNewRuleButton\"]"}
COMMAND: POST /session/d09bc8dff77367d024d5807c430cb6f4/element/f.DBFB0E313060B6E614D077C1D7681781.d.1B3366970185FDAC4A1E4E11F647D778.e.7337/click - {}
RESULT: {}
COMMAND: GET /session/d09bc8dff77367d024d5807c430cb6f4/screenshot - {}
RESULT: {}
COMMAND: POST /session/d09bc8dff77367d024d5807c430cb6f4/execute/async - {"script":"<script> [1562 bytes]","args":[{"selector":{"id":"application-managepricingrules-display-component---priceInfoItem--smartFilterBar-btnBasicSearch","interaction":{"idSuffix":"I"}},"wdio_ui5_key":"applicationmanagepricingrules-display-component---priceInfoItem--smartFilterBar-btnBasicSearch"}]}
RESULT: {"script":"<script> [1562 bytes]","args":[{"selector":{"id":"application-managepricingrules-display-component---priceInfoItem--smartFilterBar-btnBasicSearch","interaction":{"idSuffix":"I"}},"wdio_ui5_key":"applicationmanagepricingrules-display-component---priceInfoItem--smartFilterBar-btnBasicSearch"}]}
RESULT: undefined
COMMAND: POST /session/d09bc8dff77367d024d5807c430cb6f4/execute/async - {"script":"<script> [776 bytes]","args":[{"enterText":"200310","selector":{"id":"application-managepricingrules-display-component---priceInfoItem--smartFilterBar-btnBasicSearch","interaction":{"idSuffix":"I"}},"clearTextFirst":true,"interactionType":"ENTER_TEXT"}]}
RESULT: {"script":"<script> [776 bytes]","args":[{"enterText":"200310","selector":{"id":"application-managepricingrules-display-component---priceInfoItem--smartFilterBar-btnBasicSearch","interaction":{"idSuffix":"I"}},"clearTextFirst":true,"interactionType":"ENTER_TEXT"}]}
COMMAND: POST /session/d09bc8dff77367d024d5807c430cb6f4/actions - {"actions":[{"id":"action24","type":"key","parameters":{},"actions":[{"type":"keyDown","value":"î€‡"},{"type":"pause","duration":10},{"type":"keyUp","value":"î€‡"}]}]}
RESULT: {"actions":[{"id":"action24","type":"key","parameters":{},"actions":[{"type":"keyDown","value":"î€‡"},{"type":"pause","duration":10},{"type":"keyUp","value":"î€‡"}]}]}
COMMAND: GET /session/d09bc8dff77367d024d5807c430cb6f4/screenshot - {}
RESULT: {}
COMMAND: POST /session/d09bc8dff77367d024d5807c430cb6f4/element - {"using":"xpath","value":"//span[@id=\"application-managepricingrules-display-component---priceInfoItem--smartTable-header-inner\"]"}
RESULT: {"using":"xpath","value":"//span[@id=\"application-managepricingrules-display-component---priceInfoItem--smartTable-header-inner\"]"}
COMMAND: POST /session/d09bc8dff77367d024d5807c430cb6f4/elements - {"using":"xpath","value":"//span[@id=\"application-managepricingrules-display-component---priceInfoItem--smartTable-header-inner\"]"}
RESULT: {"using":"xpath","value":"//span[@id=\"application-managepricingrules-display-component---priceInfoItem--smartTable-header-inner\"]"}
COMMAND: POST /session/d09bc8dff77367d024d5807c430cb6f4/execute/sync - {"script":"<script> [56 bytes]","args":[{"element-6066-11e4-a52e-4f735466cecf":"f.DBFB0E313060B6E614D077C1D7681781.d.1B3366970185FDAC4A1E4E11F647D778.e.7372","ELEMENT":"f.DBFB0E313060B6E614D077C1D7681781.d.1B3366970185FDAC4A1E4E11F647D778.e.7372"}]}
RESULT: {"script":"<script> [56 bytes]","args":[{"element-6066-11e4-a52e-4f735466cecf":"f.DBFB0E313060B6E614D077C1D7681781.d.1B3366970185FDAC4A1E4E11F647D778.e.7372","ELEMENT":"f.DBFB0E313060B6E614D077C1D7681781.d.1B3366970185FDAC4A1E4E11F647D778.e.7372"}]}
COMMAND: POST /session/d09bc8dff77367d024d5807c430cb6f4/element - {"using":"css selector","value":"#shell-header-logo"}
COMMAND: GET /session/d09bc8dff77367d024d5807c430cb6f4/screenshot - {}
RESULT: {"using":"css selector","value":"#shell-header-logo"}
COMMAND: POST /session/d09bc8dff77367d024d5807c430cb6f4/element/f.DBFB0E313060B6E614D077C1D7681781.d.1B3366970185FDAC4A1E4E11F647D778.e.6588/click - {}
RESULT: {}
RESULT: {}
COMMAND: GET /session/d09bc8dff77367d024d5807c430cb6f4/screenshot - {}
RESULT: {}
]]></system-out>
    </testcase>
    <testcase classname="chrome.136_0_7103_93.windows.US134625_Set_up_price_condition_-_one_time" name="Should create new condition one time" time="68.716">
      <system-out><![CDATA[
COMMAND: POST /session/d09bc8dff77367d024d5807c430cb6f4/execute/async - {"script":"<script> [1562 bytes]","args":[{"selector":{"controlType":"sap.m.GenericTile","properties":{"header":"Manage Conditions & Prices"}},"wdio_ui5_key":"sapm.GenericTile{\"header\":\"Manage Conditions & Prices\"}"}]}
RESULT: {"script":"<script> [1562 bytes]","args":[{"selector":{"controlType":"sap.m.GenericTile","properties":{"header":"Manage Conditions & Prices"}},"wdio_ui5_key":"sapm.GenericTile{\"header\":\"Manage Conditions & Prices\"}"}]}
RESULT: undefined
COMMAND: POST /session/d09bc8dff77367d024d5807c430cb6f4/element - {"using":"xpath","value":"//*[@id=\"__tile53\"]"}
RESULT: {"using":"xpath","value":"//*[@id=\"__tile53\"]"}
COMMAND: POST /session/d09bc8dff77367d024d5807c430cb6f4/element/f.DBFB0E313060B6E614D077C1D7681781.d.1B3366970185FDAC4A1E4E11F647D778.e.6525/click - {}
RESULT: {}
COMMAND: GET /session/d09bc8dff77367d024d5807c430cb6f4/screenshot - {}
RESULT: {}
COMMAND: POST /session/d09bc8dff77367d024d5807c430cb6f4/elements - {"using":"xpath","value":"//span[text()='Error']"}
RESULT: {"using":"xpath","value":"//span[text()='Error']"}
COMMAND: POST /session/d09bc8dff77367d024d5807c430cb6f4/element - {"using":"xpath","value":"//button[@aria-label=\"Create\"]"}
RESULT: {"using":"xpath","value":"//button[@aria-label=\"Create\"]"}
COMMAND: POST /session/d09bc8dff77367d024d5807c430cb6f4/elements - {"using":"xpath","value":"//button[@aria-label=\"Create\"]"}
RESULT: {"using":"xpath","value":"//button[@aria-label=\"Create\"]"}
COMMAND: POST /session/d09bc8dff77367d024d5807c430cb6f4/execute/sync - {"script":"<script> [8489 bytes]","args":[{"element-6066-11e4-a52e-4f735466cecf":"f.DBFB0E313060B6E614D077C1D7681781.d.1B3366970185FDAC4A1E4E11F647D778.e.7407","ELEMENT":"f.DBFB0E313060B6E614D077C1D7681781.d.1B3366970185FDAC4A1E4E11F647D778.e.7407"}]}
RESULT: {"script":"<script> [8489 bytes]","args":[{"element-6066-11e4-a52e-4f735466cecf":"f.DBFB0E313060B6E614D077C1D7681781.d.1B3366970185FDAC4A1E4E11F647D778.e.7407","ELEMENT":"f.DBFB0E313060B6E614D077C1D7681781.d.1B3366970185FDAC4A1E4E11F647D778.e.7407"}]}
COMMAND: GET /session/d09bc8dff77367d024d5807c430cb6f4/element/f.DBFB0E313060B6E614D077C1D7681781.d.1B3366970185FDAC4A1E4E11F647D778.e.7407/enabled - {}
COMMAND: GET /session/d09bc8dff77367d024d5807c430cb6f4/screenshot - {}
RESULT: {}
COMMAND: POST /session/d09bc8dff77367d024d5807c430cb6f4/execute/sync - {"script":"<script> [8489 bytes]","args":[{"element-6066-11e4-a52e-4f735466cecf":"f.DBFB0E313060B6E614D077C1D7681781.d.1B3366970185FDAC4A1E4E11F647D778.e.7407","ELEMENT":"f.DBFB0E313060B6E614D077C1D7681781.d.1B3366970185FDAC4A1E4E11F647D778.e.7407"}]}
COMMAND: GET /session/d09bc8dff77367d024d5807c430cb6f4/screenshot - {}
RESULT: {}
RESULT: {"script":"<script> [8489 bytes]","args":[{"element-6066-11e4-a52e-4f735466cecf":"f.DBFB0E313060B6E614D077C1D7681781.d.1B3366970185FDAC4A1E4E11F647D778.e.7407","ELEMENT":"f.DBFB0E313060B6E614D077C1D7681781.d.1B3366970185FDAC4A1E4E11F647D778.e.7407"}]}
COMMAND: POST /session/d09bc8dff77367d024d5807c430cb6f4/execute/sync - {"script":"<script> [5351 bytes]","args":[{"element-6066-11e4-a52e-4f735466cecf":"f.DBFB0E313060B6E614D077C1D7681781.d.1B3366970185FDAC4A1E4E11F647D778.e.7407","ELEMENT":"f.DBFB0E313060B6E614D077C1D7681781.d.1B3366970185FDAC4A1E4E11F647D778.e.7407"}]}
COMMAND: GET /session/d09bc8dff77367d024d5807c430cb6f4/screenshot - {}
RESULT: {}
RESULT: {"script":"<script> [5351 bytes]","args":[{"element-6066-11e4-a52e-4f735466cecf":"f.DBFB0E313060B6E614D077C1D7681781.d.1B3366970185FDAC4A1E4E11F647D778.e.7407","ELEMENT":"f.DBFB0E313060B6E614D077C1D7681781.d.1B3366970185FDAC4A1E4E11F647D778.e.7407"}]}
COMMAND: POST /session/d09bc8dff77367d024d5807c430cb6f4/element/f.DBFB0E313060B6E614D077C1D7681781.d.1B3366970185FDAC4A1E4E11F647D778.e.7407/click - {}
COMMAND: GET /session/d09bc8dff77367d024d5807c430cb6f4/screenshot - {}
RESULT: {}
RESULT: {}
COMMAND: GET /session/d09bc8dff77367d024d5807c430cb6f4/screenshot - {}
RESULT: {}
RESULT: {}
COMMAND: POST /session/d09bc8dff77367d024d5807c430cb6f4/actions - {"actions":[{"id":"action25","type":"key","parameters":{},"actions":[{"type":"keyDown","value":"î€‡"},{"type":"pause","duration":10},{"type":"keyUp","value":"î€‡"}]}]}
RESULT: {"actions":[{"id":"action25","type":"key","parameters":{},"actions":[{"type":"keyDown","value":"î€‡"},{"type":"pause","duration":10},{"type":"keyUp","value":"î€‡"}]}]}
COMMAND: GET /session/d09bc8dff77367d024d5807c430cb6f4/screenshot - {}
RESULT: {}
COMMAND: POST /session/d09bc8dff77367d024d5807c430cb6f4/execute/async - {"script":"<script> [1562 bytes]","args":[{"selector":{"id":"application-manageconditionprice-display-component---newCondition--condBillCond-arrow"},"wdio_ui5_key":"applicationmanageconditionprice-display-component---newCondition--condBillCond-arrow"}]}
RESULT: {"script":"<script> [1562 bytes]","args":[{"selector":{"id":"application-manageconditionprice-display-component---newCondition--condBillCond-arrow"},"wdio_ui5_key":"applicationmanageconditionprice-display-component---newCondition--condBillCond-arrow"}]}
RESULT: undefined
COMMAND: POST /session/d09bc8dff77367d024d5807c430cb6f4/element - {"using":"xpath","value":"//*[@id=\"application-manageconditionprice-display-component---newCondition--condBillCond-arrow\"]"}
RESULT: {"using":"xpath","value":"//*[@id=\"application-manageconditionprice-display-component---newCondition--condBillCond-arrow\"]"}
COMMAND: POST /session/d09bc8dff77367d024d5807c430cb6f4/element/f.DBFB0E313060B6E614D077C1D7681781.d.1B3366970185FDAC4A1E4E11F647D778.e.7585/click - {}
RESULT: {}
COMMAND: GET /session/d09bc8dff77367d024d5807c430cb6f4/screenshot - {}
RESULT: {}
COMMAND: POST /session/d09bc8dff77367d024d5807c430cb6f4/element - {"using":"xpath","value":"//li[.//span[contains(text(), \"SAPR - Sales price\")]]"}
RESULT: {"using":"xpath","value":"//li[.//span[contains(text(), \"SAPR - Sales price\")]]"}
COMMAND: POST /session/d09bc8dff77367d024d5807c430cb6f4/element/f.DBFB0E313060B6E614D077C1D7681781.d.1B3366970185FDAC4A1E4E11F647D778.e.7588/click - {}
RESULT: {}
COMMAND: GET /session/d09bc8dff77367d024d5807c430cb6f4/screenshot - {}
RESULT: {}
COMMAND: POST /session/d09bc8dff77367d024d5807c430cb6f4/execute/async - {"script":"<script> [1562 bytes]","args":[{"selector":{"id":"application-manageconditionprice-display-component---newCondition--condValidTo","interaction":{"idSuffix":"inner"}},"wdio_ui5_key":"applicationmanageconditionprice-display-component---newCondition--condValidTo"}]}
RESULT: {"script":"<script> [1562 bytes]","args":[{"selector":{"id":"application-manageconditionprice-display-component---newCondition--condValidTo","interaction":{"idSuffix":"inner"}},"wdio_ui5_key":"applicationmanageconditionprice-display-component---newCondition--condValidTo"}]}
RESULT: undefined
COMMAND: POST /session/d09bc8dff77367d024d5807c430cb6f4/execute/async - {"script":"<script> [776 bytes]","args":[{"enterText":"1/19/26","selector":{"id":"application-manageconditionprice-display-component---newCondition--condValidTo","interaction":{"idSuffix":"inner"}},"clearTextFirst":true,"interactionType":"ENTER_TEXT"}]}
RESULT: {"script":"<script> [776 bytes]","args":[{"enterText":"1/19/26","selector":{"id":"application-manageconditionprice-display-component---newCondition--condValidTo","interaction":{"idSuffix":"inner"}},"clearTextFirst":true,"interactionType":"ENTER_TEXT"}]}
COMMAND: POST /session/d09bc8dff77367d024d5807c430cb6f4/element - {"using":"xpath","value":"//input[@id=\"application-manageconditionprice-display-component---newCondition--condRU-inner\"]"}
RESULT: {"using":"xpath","value":"//input[@id=\"application-manageconditionprice-display-component---newCondition--condRU-inner\"]"}
COMMAND: POST /session/d09bc8dff77367d024d5807c430cb6f4/element/f.DBFB0E313060B6E614D077C1D7681781.d.1B3366970185FDAC4A1E4E11F647D778.e.7452/clear - {}
RESULT: {}
COMMAND: POST /session/d09bc8dff77367d024d5807c430cb6f4/element/f.DBFB0E313060B6E614D077C1D7681781.d.1B3366970185FDAC4A1E4E11F647D778.e.7452/value - {"text":"200310"}
COMMAND: GET /session/d09bc8dff77367d024d5807c430cb6f4/screenshot - {}
RESULT: {"text":"200310"}
COMMAND: GET /session/d09bc8dff77367d024d5807c430cb6f4/screenshot - {}
RESULT: {}
RESULT: {}
COMMAND: POST /session/d09bc8dff77367d024d5807c430cb6f4/actions - {"actions":[{"id":"action26","type":"key","parameters":{},"actions":[{"type":"keyDown","value":"î€‡"},{"type":"pause","duration":10},{"type":"keyUp","value":"î€‡"}]}]}
RESULT: {"actions":[{"id":"action26","type":"key","parameters":{},"actions":[{"type":"keyDown","value":"î€‡"},{"type":"pause","duration":10},{"type":"keyUp","value":"î€‡"}]}]}
COMMAND: POST /session/d09bc8dff77367d024d5807c430cb6f4/execute/async - {"script":"<script> [1562 bytes]","args":[{"selector":{"id":"application-manageconditionprice-display-component---newCondition--condBaseQty","interaction":{"idSuffix":"inner"}},"wdio_ui5_key":"applicationmanageconditionprice-display-component---newCondition--condBaseQty"}]}
COMMAND: GET /session/d09bc8dff77367d024d5807c430cb6f4/screenshot - {}
RESULT: {"script":"<script> [1562 bytes]","args":[{"selector":{"id":"application-manageconditionprice-display-component---newCondition--condBaseQty","interaction":{"idSuffix":"inner"}},"wdio_ui5_key":"applicationmanageconditionprice-display-component---newCondition--condBaseQty"}]}
RESULT: undefined
COMMAND: POST /session/d09bc8dff77367d024d5807c430cb6f4/execute/async - {"script":"<script> [776 bytes]","args":[{"enterText":"1","selector":{"id":"application-manageconditionprice-display-component---newCondition--condBaseQty","interaction":{"idSuffix":"inner"}},"clearTextFirst":true,"interactionType":"ENTER_TEXT"}]}
RESULT: {}
RESULT: {"script":"<script> [776 bytes]","args":[{"enterText":"1","selector":{"id":"application-manageconditionprice-display-component---newCondition--condBaseQty","interaction":{"idSuffix":"inner"}},"clearTextFirst":true,"interactionType":"ENTER_TEXT"}]}
COMMAND: POST /session/d09bc8dff77367d024d5807c430cb6f4/execute/async - {"script":"<script> [1562 bytes]","args":[{"selector":{"id":"application-manageconditionprice-display-component---newCondition--condValue","interaction":{"idSuffix":"inner"}},"wdio_ui5_key":"applicationmanageconditionprice-display-component---newCondition--condValue"}]}
RESULT: {"script":"<script> [1562 bytes]","args":[{"selector":{"id":"application-manageconditionprice-display-component---newCondition--condValue","interaction":{"idSuffix":"inner"}},"wdio_ui5_key":"applicationmanageconditionprice-display-component---newCondition--condValue"}]}
RESULT: undefined
COMMAND: POST /session/d09bc8dff77367d024d5807c430cb6f4/execute/async - {"script":"<script> [776 bytes]","args":[{"enterText":"100.00","selector":{"id":"application-manageconditionprice-display-component---newCondition--condValue","interaction":{"idSuffix":"inner"}},"clearTextFirst":true,"interactionType":"ENTER_TEXT"}]}
RESULT: {"script":"<script> [776 bytes]","args":[{"enterText":"100.00","selector":{"id":"application-manageconditionprice-display-component---newCondition--condValue","interaction":{"idSuffix":"inner"}},"clearTextFirst":true,"interactionType":"ENTER_TEXT"}]}
COMMAND: POST /session/d09bc8dff77367d024d5807c430cb6f4/execute/async - {"script":"<script> [1562 bytes]","args":[{"selector":{"id":"application-manageconditionprice-display-component---newCondition--condCurr-arrow"},"wdio_ui5_key":"applicationmanageconditionprice-display-component---newCondition--condCurr-arrow"}]}
RESULT: {"script":"<script> [1562 bytes]","args":[{"selector":{"id":"application-manageconditionprice-display-component---newCondition--condCurr-arrow"},"wdio_ui5_key":"applicationmanageconditionprice-display-component---newCondition--condCurr-arrow"}]}
RESULT: undefined
COMMAND: POST /session/d09bc8dff77367d024d5807c430cb6f4/element - {"using":"xpath","value":"//*[@id=\"application-manageconditionprice-display-component---newCondition--condCurr-arrow\"]"}
RESULT: {"using":"xpath","value":"//*[@id=\"application-manageconditionprice-display-component---newCondition--condCurr-arrow\"]"}
COMMAND: POST /session/d09bc8dff77367d024d5807c430cb6f4/element/f.DBFB0E313060B6E614D077C1D7681781.d.1B3366970185FDAC4A1E4E11F647D778.e.7543/click - {}
RESULT: {}
COMMAND: POST /session/d09bc8dff77367d024d5807c430cb6f4/element - {"using":"xpath","value":"//span[contains(text(), \"Euro\")]"}
COMMAND: GET /session/d09bc8dff77367d024d5807c430cb6f4/screenshot - {}
RESULT: {"using":"xpath","value":"//span[contains(text(), \"Euro\")]"}
COMMAND: POST /session/d09bc8dff77367d024d5807c430cb6f4/element/f.DBFB0E313060B6E614D077C1D7681781.d.1B3366970185FDAC4A1E4E11F647D778.e.7626/click - {}
RESULT: {}
RESULT: {}
COMMAND: POST /session/d09bc8dff77367d024d5807c430cb6f4/element - {"using":"xpath","value":"//button[@data-kt=\"saveButton\"]"}
COMMAND: GET /session/d09bc8dff77367d024d5807c430cb6f4/screenshot - {}
RESULT: {}
RESULT: {"using":"xpath","value":"//button[@data-kt=\"saveButton\"]"}
COMMAND: POST /session/d09bc8dff77367d024d5807c430cb6f4/element/f.DBFB0E313060B6E614D077C1D7681781.d.1B3366970185FDAC4A1E4E11F647D778.e.7544/click - {}
RESULT: {}
COMMAND: GET /session/d09bc8dff77367d024d5807c430cb6f4/screenshot - {}
RESULT: {}
COMMAND: POST /session/d09bc8dff77367d024d5807c430cb6f4/execute/async - {"script":"<script> [1562 bytes]","args":[{"selector":{"id":"application-manageconditionprice-display-component---conditions--smartFilterBar-btnBasicSearch","interaction":{"idSuffix":"I"}},"wdio_ui5_key":"applicationmanageconditionprice-display-component---conditions--smartFilterBar-btnBasicSearch"}]}
RESULT: {"script":"<script> [1562 bytes]","args":[{"selector":{"id":"application-manageconditionprice-display-component---conditions--smartFilterBar-btnBasicSearch","interaction":{"idSuffix":"I"}},"wdio_ui5_key":"applicationmanageconditionprice-display-component---conditions--smartFilterBar-btnBasicSearch"}]}
RESULT: undefined
COMMAND: POST /session/d09bc8dff77367d024d5807c430cb6f4/execute/async - {"script":"<script> [776 bytes]","args":[{"enterText":"200310","selector":{"id":"application-manageconditionprice-display-component---conditions--smartFilterBar-btnBasicSearch","interaction":{"idSuffix":"I"}},"clearTextFirst":true,"interactionType":"ENTER_TEXT"}]}
RESULT: {"script":"<script> [776 bytes]","args":[{"enterText":"200310","selector":{"id":"application-manageconditionprice-display-component---conditions--smartFilterBar-btnBasicSearch","interaction":{"idSuffix":"I"}},"clearTextFirst":true,"interactionType":"ENTER_TEXT"}]}
COMMAND: POST /session/d09bc8dff77367d024d5807c430cb6f4/actions - {"actions":[{"id":"action27","type":"key","parameters":{},"actions":[{"type":"keyDown","value":"î€‡"},{"type":"pause","duration":10},{"type":"keyUp","value":"î€‡"}]}]}
RESULT: {"actions":[{"id":"action27","type":"key","parameters":{},"actions":[{"type":"keyDown","value":"î€‡"},{"type":"pause","duration":10},{"type":"keyUp","value":"î€‡"}]}]}
COMMAND: GET /session/d09bc8dff77367d024d5807c430cb6f4/screenshot - {}
RESULT: {}
COMMAND: POST /session/d09bc8dff77367d024d5807c430cb6f4/execute/async - {"script":"<script> [1562 bytes]","args":[{"selector":{"id":"application-manageconditionprice-display-component---conditions--smartFilterBar-filterItemControl_BASIC-BILL_TYPES-vhi"},"wdio_ui5_key":"applicationmanageconditionprice-display-component---conditions--smartFilterBar-filterItemControl_BASIC-BILL_TYPES-vhi"}]}
RESULT: {"script":"<script> [1562 bytes]","args":[{"selector":{"id":"application-manageconditionprice-display-component---conditions--smartFilterBar-filterItemControl_BASIC-BILL_TYPES-vhi"},"wdio_ui5_key":"applicationmanageconditionprice-display-component---conditions--smartFilterBar-filterItemControl_BASIC-BILL_TYPES-vhi"}]}
RESULT: undefined
COMMAND: POST /session/d09bc8dff77367d024d5807c430cb6f4/element - {"using":"xpath","value":"//*[@id=\"application-manageconditionprice-display-component---conditions--smartFilterBar-filterItemControl_BASIC-BILL_TYPES-vhi\"]"}
RESULT: {"using":"xpath","value":"//*[@id=\"application-manageconditionprice-display-component---conditions--smartFilterBar-filterItemControl_BASIC-BILL_TYPES-vhi\"]"}
COMMAND: POST /session/d09bc8dff77367d024d5807c430cb6f4/element/f.DBFB0E313060B6E614D077C1D7681781.d.1B3366970185FDAC4A1E4E11F647D778.e.7732/click - {}
RESULT: {}
COMMAND: POST /session/d09bc8dff77367d024d5807c430cb6f4/execute/async - {"script":"<script> [1562 bytes]","args":[{"selector":{"id":"application-manageconditionprice-display-component---conditions--smartFilterBar-filterItemControl_BASIC-BILL_TYPES-valueHelpDialog-smartFilterBar-btnBasicSearch","searchOpenDialogs":true,"interaction":{"idSuffix":"I"}},"wdio_ui5_key":"applicationmanageconditionprice-display-component---conditions--smartFilterBar-filterItemControl_BASIC-BILL_TYPES-valueHelpDialog-smartFilterBar-btnBasicSearch"}]}
COMMAND: GET /session/d09bc8dff77367d024d5807c430cb6f4/screenshot - {}
RESULT: {"script":"<script> [1562 bytes]","args":[{"selector":{"id":"application-manageconditionprice-display-component---conditions--smartFilterBar-filterItemControl_BASIC-BILL_TYPES-valueHelpDialog-smartFilterBar-btnBasicSearch","searchOpenDialogs":true,"interaction":{"idSuffix":"I"}},"wdio_ui5_key":"applicationmanageconditionprice-display-component---conditions--smartFilterBar-filterItemControl_BASIC-BILL_TYPES-valueHelpDialog-smartFilterBar-btnBasicSearch"}]}
RESULT: undefined
COMMAND: POST /session/d09bc8dff77367d024d5807c430cb6f4/execute/async - {"script":"<script> [776 bytes]","args":[{"enterText":"one","selector":{"id":"application-manageconditionprice-display-component---conditions--smartFilterBar-filterItemControl_BASIC-BILL_TYPES-valueHelpDialog-smartFilterBar-btnBasicSearch","searchOpenDialogs":true,"interaction":{"idSuffix":"I"}},"clearTextFirst":true,"interactionType":"ENTER_TEXT"}]}
RESULT: {}
RESULT: {"script":"<script> [776 bytes]","args":[{"enterText":"one","selector":{"id":"application-manageconditionprice-display-component---conditions--smartFilterBar-filterItemControl_BASIC-BILL_TYPES-valueHelpDialog-smartFilterBar-btnBasicSearch","searchOpenDialogs":true,"interaction":{"idSuffix":"I"}},"clearTextFirst":true,"interactionType":"ENTER_TEXT"}]}
COMMAND: POST /session/d09bc8dff77367d024d5807c430cb6f4/actions - {"actions":[{"id":"action28","type":"key","parameters":{},"actions":[{"type":"keyDown","value":"î€‡"},{"type":"pause","duration":10},{"type":"keyUp","value":"î€‡"}]}]}
RESULT: {"actions":[{"id":"action28","type":"key","parameters":{},"actions":[{"type":"keyDown","value":"î€‡"},{"type":"pause","duration":10},{"type":"keyUp","value":"î€‡"}]}]}
COMMAND: GET /session/d09bc8dff77367d024d5807c430cb6f4/screenshot - {}
RESULT: {}
COMMAND: POST /session/d09bc8dff77367d024d5807c430cb6f4/element - {"using":"xpath","value":"//div[contains(@id, 'application-manageconditionprice-display-component---conditions--smartFilterBar-filterItemControl_BASIC-BILL_TYPES-valueHelpDialog-table-rowsel0')]"}
RESULT: {"using":"xpath","value":"//div[contains(@id, 'application-manageconditionprice-display-component---conditions--smartFilterBar-filterItemControl_BASIC-BILL_TYPES-valueHelpDialog-table-rowsel0')]"}
COMMAND: POST /session/d09bc8dff77367d024d5807c430cb6f4/element/f.DBFB0E313060B6E614D077C1D7681781.d.1B3366970185FDAC4A1E4E11F647D778.e.7742/click - {}
RESULT: {}
COMMAND: GET /session/d09bc8dff77367d024d5807c430cb6f4/screenshot - {}
RESULT: {}
COMMAND: POST /session/d09bc8dff77367d024d5807c430cb6f4/element - {"using":"xpath","value":"//bdi[contains(text(), \"OK\")]"}
RESULT: {"using":"xpath","value":"//bdi[contains(text(), \"OK\")]"}
COMMAND: POST /session/d09bc8dff77367d024d5807c430cb6f4/element/f.DBFB0E313060B6E614D077C1D7681781.d.1B3366970185FDAC4A1E4E11F647D778.e.7744/click - {}
RESULT: {}
COMMAND: GET /session/d09bc8dff77367d024d5807c430cb6f4/screenshot - {}
RESULT: {}
COMMAND: POST /session/d09bc8dff77367d024d5807c430cb6f4/element - {"using":"xpath","value":"//span[@id=\"application-manageconditionprice-display-component---conditions--smartTable-header-inner\"]"}
RESULT: {"using":"xpath","value":"//span[@id=\"application-manageconditionprice-display-component---conditions--smartTable-header-inner\"]"}
COMMAND: POST /session/d09bc8dff77367d024d5807c430cb6f4/elements - {"using":"xpath","value":"//span[@id=\"application-manageconditionprice-display-component---conditions--smartTable-header-inner\"]"}
RESULT: {"using":"xpath","value":"//span[@id=\"application-manageconditionprice-display-component---conditions--smartTable-header-inner\"]"}
COMMAND: POST /session/d09bc8dff77367d024d5807c430cb6f4/execute/sync - {"script":"<script> [56 bytes]","args":[{"element-6066-11e4-a52e-4f735466cecf":"f.DBFB0E313060B6E614D077C1D7681781.d.1B3366970185FDAC4A1E4E11F647D778.e.7747","ELEMENT":"f.DBFB0E313060B6E614D077C1D7681781.d.1B3366970185FDAC4A1E4E11F647D778.e.7747"}]}
RESULT: {"script":"<script> [56 bytes]","args":[{"element-6066-11e4-a52e-4f735466cecf":"f.DBFB0E313060B6E614D077C1D7681781.d.1B3366970185FDAC4A1E4E11F647D778.e.7747","ELEMENT":"f.DBFB0E313060B6E614D077C1D7681781.d.1B3366970185FDAC4A1E4E11F647D778.e.7747"}]}
COMMAND: POST /session/d09bc8dff77367d024d5807c430cb6f4/element - {"using":"css selector","value":"#shell-header-logo"}
COMMAND: GET /session/d09bc8dff77367d024d5807c430cb6f4/screenshot - {}
RESULT: {"using":"css selector","value":"#shell-header-logo"}
COMMAND: POST /session/d09bc8dff77367d024d5807c430cb6f4/element/f.DBFB0E313060B6E614D077C1D7681781.d.1B3366970185FDAC4A1E4E11F647D778.e.7375/click - {}
RESULT: {}
RESULT: {}
COMMAND: GET /session/d09bc8dff77367d024d5807c430cb6f4/screenshot - {}
RESULT: {}
]]></system-out>
    </testcase>
    <testcase classname="chrome.136_0_7103_93.windows.US134625_Set_up_price_condition_-_one_time" name="Should create a new contract" time="65.538">
      <system-out><![CDATA[
COMMAND: POST /session/d09bc8dff77367d024d5807c430cb6f4/execute/async - {"script":"<script> [1562 bytes]","args":[{"selector":{"controlType":"sap.m.GenericTile","properties":{"header":"Manage Contracts"}},"wdio_ui5_key":"sapm.GenericTile{\"header\":\"Manage Contracts\"}"}]}
RESULT: {"script":"<script> [1562 bytes]","args":[{"selector":{"controlType":"sap.m.GenericTile","properties":{"header":"Manage Contracts"}},"wdio_ui5_key":"sapm.GenericTile{\"header\":\"Manage Contracts\"}"}]}
RESULT: undefined
COMMAND: POST /session/d09bc8dff77367d024d5807c430cb6f4/element - {"using":"xpath","value":"//*[@id=\"__tile132\"]"}
RESULT: {"using":"xpath","value":"//*[@id=\"__tile132\"]"}
COMMAND: POST /session/d09bc8dff77367d024d5807c430cb6f4/element/f.DBFB0E313060B6E614D077C1D7681781.d.1B3366970185FDAC4A1E4E11F647D778.e.6494/click - {}
RESULT: {}
COMMAND: GET /session/d09bc8dff77367d024d5807c430cb6f4/screenshot - {}
RESULT: {}
COMMAND: POST /session/d09bc8dff77367d024d5807c430cb6f4/elements - {"using":"xpath","value":"//span[text()='Error']"}
RESULT: {"using":"xpath","value":"//span[text()='Error']"}
COMMAND: POST /session/d09bc8dff77367d024d5807c430cb6f4/element - {"using":"xpath","value":"//button[@data-kt=\"addButton\"]"}
RESULT: {"using":"xpath","value":"//button[@data-kt=\"addButton\"]"}
COMMAND: POST /session/d09bc8dff77367d024d5807c430cb6f4/elements - {"using":"xpath","value":"//button[@data-kt=\"addButton\"]"}
RESULT: {"using":"xpath","value":"//button[@data-kt=\"addButton\"]"}
COMMAND: POST /session/d09bc8dff77367d024d5807c430cb6f4/execute/sync - {"script":"<script> [8489 bytes]","args":[{"element-6066-11e4-a52e-4f735466cecf":"f.DBFB0E313060B6E614D077C1D7681781.d.1B3366970185FDAC4A1E4E11F647D778.e.7800","ELEMENT":"f.DBFB0E313060B6E614D077C1D7681781.d.1B3366970185FDAC4A1E4E11F647D778.e.7800"}]}
RESULT: {"script":"<script> [8489 bytes]","args":[{"element-6066-11e4-a52e-4f735466cecf":"f.DBFB0E313060B6E614D077C1D7681781.d.1B3366970185FDAC4A1E4E11F647D778.e.7800","ELEMENT":"f.DBFB0E313060B6E614D077C1D7681781.d.1B3366970185FDAC4A1E4E11F647D778.e.7800"}]}
COMMAND: GET /session/d09bc8dff77367d024d5807c430cb6f4/element/f.DBFB0E313060B6E614D077C1D7681781.d.1B3366970185FDAC4A1E4E11F647D778.e.7800/enabled - {}
COMMAND: GET /session/d09bc8dff77367d024d5807c430cb6f4/screenshot - {}
RESULT: {}
COMMAND: POST /session/d09bc8dff77367d024d5807c430cb6f4/execute/sync - {"script":"<script> [8489 bytes]","args":[{"element-6066-11e4-a52e-4f735466cecf":"f.DBFB0E313060B6E614D077C1D7681781.d.1B3366970185FDAC4A1E4E11F647D778.e.7800","ELEMENT":"f.DBFB0E313060B6E614D077C1D7681781.d.1B3366970185FDAC4A1E4E11F647D778.e.7800"}]}
COMMAND: GET /session/d09bc8dff77367d024d5807c430cb6f4/screenshot - {}
RESULT: {}
RESULT: {"script":"<script> [8489 bytes]","args":[{"element-6066-11e4-a52e-4f735466cecf":"f.DBFB0E313060B6E614D077C1D7681781.d.1B3366970185FDAC4A1E4E11F647D778.e.7800","ELEMENT":"f.DBFB0E313060B6E614D077C1D7681781.d.1B3366970185FDAC4A1E4E11F647D778.e.7800"}]}
COMMAND: POST /session/d09bc8dff77367d024d5807c430cb6f4/execute/sync - {"script":"<script> [5351 bytes]","args":[{"element-6066-11e4-a52e-4f735466cecf":"f.DBFB0E313060B6E614D077C1D7681781.d.1B3366970185FDAC4A1E4E11F647D778.e.7800","ELEMENT":"f.DBFB0E313060B6E614D077C1D7681781.d.1B3366970185FDAC4A1E4E11F647D778.e.7800"}]}
COMMAND: GET /session/d09bc8dff77367d024d5807c430cb6f4/screenshot - {}
RESULT: {}
RESULT: {"script":"<script> [5351 bytes]","args":[{"element-6066-11e4-a52e-4f735466cecf":"f.DBFB0E313060B6E614D077C1D7681781.d.1B3366970185FDAC4A1E4E11F647D778.e.7800","ELEMENT":"f.DBFB0E313060B6E614D077C1D7681781.d.1B3366970185FDAC4A1E4E11F647D778.e.7800"}]}
COMMAND: GET /session/d09bc8dff77367d024d5807c430cb6f4/screenshot - {}
RESULT: {}
RESULT: {}
COMMAND: POST /session/d09bc8dff77367d024d5807c430cb6f4/element/f.DBFB0E313060B6E614D077C1D7681781.d.1B3366970185FDAC4A1E4E11F647D778.e.7800/click - {}
RESULT: {}
COMMAND: GET /session/d09bc8dff77367d024d5807c430cb6f4/screenshot - {}
COMMAND: POST /session/d09bc8dff77367d024d5807c430cb6f4/execute/async - {"script":"<script> [1562 bytes]","args":[{"selector":{"id":"application-managecontracts-display-component---AddNewContract--projectDescription","interaction":{"idSuffix":"inner"}},"wdio_ui5_key":"applicationmanagecontracts-display-component---AddNewContract--projectDescription"}]}
RESULT: {}
RESULT: {"script":"<script> [1562 bytes]","args":[{"selector":{"id":"application-managecontracts-display-component---AddNewContract--projectDescription","interaction":{"idSuffix":"inner"}},"wdio_ui5_key":"applicationmanagecontracts-display-component---AddNewContract--projectDescription"}]}
RESULT: undefined
COMMAND: POST /session/d09bc8dff77367d024d5807c430cb6f4/execute/async - {"script":"<script> [776 bytes]","args":[{"enterText":"Intercompany Contract WDIO","selector":{"id":"application-managecontracts-display-component---AddNewContract--projectDescription","interaction":{"idSuffix":"inner"}},"clearTextFirst":true,"interactionType":"ENTER_TEXT"}]}
RESULT: {"script":"<script> [776 bytes]","args":[{"enterText":"Intercompany Contract WDIO","selector":{"id":"application-managecontracts-display-component---AddNewContract--projectDescription","interaction":{"idSuffix":"inner"}},"clearTextFirst":true,"interactionType":"ENTER_TEXT"}]}
COMMAND: POST /session/d09bc8dff77367d024d5807c430cb6f4/element - {"using":"xpath","value":"//input[@id=\"application-managecontracts-display-component---AddNewContract--site-inner\"]"}
RESULT: {"using":"xpath","value":"//input[@id=\"application-managecontracts-display-component---AddNewContract--site-inner\"]"}
COMMAND: POST /session/d09bc8dff77367d024d5807c430cb6f4/element/f.DBFB0E313060B6E614D077C1D7681781.d.1B3366970185FDAC4A1E4E11F647D778.e.8158/clear - {}
RESULT: {}
COMMAND: POST /session/d09bc8dff77367d024d5807c430cb6f4/element/f.DBFB0E313060B6E614D077C1D7681781.d.1B3366970185FDAC4A1E4E11F647D778.e.8158/value - {"text":"2282"}
COMMAND: GET /session/d09bc8dff77367d024d5807c430cb6f4/screenshot - {}
RESULT: {"text":"2282"}
COMMAND: GET /session/d09bc8dff77367d024d5807c430cb6f4/screenshot - {}
RESULT: {}
RESULT: {}
COMMAND: POST /session/d09bc8dff77367d024d5807c430cb6f4/element - {"using":"xpath","value":"//li[.//span[text()='2282']]"}
RESULT: {"using":"xpath","value":"//li[.//span[text()='2282']]"}
COMMAND: POST /session/d09bc8dff77367d024d5807c430cb6f4/element/f.DBFB0E313060B6E614D077C1D7681781.d.1B3366970185FDAC4A1E4E11F647D778.e.8195/click - {}
RESULT: {}
COMMAND: GET /session/d09bc8dff77367d024d5807c430cb6f4/screenshot - {}
RESULT: {}
COMMAND: POST /session/d09bc8dff77367d024d5807c430cb6f4/element - {"using":"xpath","value":"//input[@id=\"application-managecontracts-display-component---AddNewContract--yardId-inner\"]"}
RESULT: {"using":"xpath","value":"//input[@id=\"application-managecontracts-display-component---AddNewContract--yardId-inner\"]"}
COMMAND: GET /session/d09bc8dff77367d024d5807c430cb6f4/element/f.DBFB0E313060B6E614D077C1D7681781.d.1B3366970185FDAC4A1E4E11F647D778.e.8159/property/value - {}
RESULT: {}
COMMAND: POST /session/d09bc8dff77367d024d5807c430cb6f4/element - {"using":"xpath","value":"//input[@id=\"application-managecontracts-display-component---AddNewContract--customerSelect-inner\"]"}
COMMAND: GET /session/d09bc8dff77367d024d5807c430cb6f4/screenshot - {}
RESULT: {"using":"xpath","value":"//input[@id=\"application-managecontracts-display-component---AddNewContract--customerSelect-inner\"]"}
COMMAND: POST /session/d09bc8dff77367d024d5807c430cb6f4/element/f.DBFB0E313060B6E614D077C1D7681781.d.1B3366970185FDAC4A1E4E11F647D778.e.8157/clear - {}
RESULT: {}
RESULT: {}
COMMAND: POST /session/d09bc8dff77367d024d5807c430cb6f4/element/f.DBFB0E313060B6E614D077C1D7681781.d.1B3366970185FDAC4A1E4E11F647D778.e.8157/value - {"text":"1334"}
COMMAND: GET /session/d09bc8dff77367d024d5807c430cb6f4/screenshot - {}
RESULT: {"text":"1334"}
COMMAND: GET /session/d09bc8dff77367d024d5807c430cb6f4/screenshot - {}
RESULT: {}
RESULT: {}
COMMAND: POST /session/d09bc8dff77367d024d5807c430cb6f4/element - {"using":"xpath","value":"//li[.//span[text()='1334']]"}
RESULT: {"using":"xpath","value":"//li[.//span[text()='1334']]"}
COMMAND: POST /session/d09bc8dff77367d024d5807c430cb6f4/element/f.DBFB0E313060B6E614D077C1D7681781.d.1B3366970185FDAC4A1E4E11F647D778.e.8198/click - {}
RESULT: {}
COMMAND: GET /session/d09bc8dff77367d024d5807c430cb6f4/screenshot - {}
RESULT: {}
COMMAND: POST /session/d09bc8dff77367d024d5807c430cb6f4/element - {"using":"xpath","value":"//button[@data-kt=\"saveButton\"]"}
RESULT: {"using":"xpath","value":"//button[@data-kt=\"saveButton\"]"}
COMMAND: POST /session/d09bc8dff77367d024d5807c430cb6f4/element/f.DBFB0E313060B6E614D077C1D7681781.d.1B3366970185FDAC4A1E4E11F647D778.e.8199/click - {}
RESULT: {}
COMMAND: GET /session/d09bc8dff77367d024d5807c430cb6f4/screenshot - {}
RESULT: {}
COMMAND: POST /session/d09bc8dff77367d024d5807c430cb6f4/element - {"using":"xpath","value":"//span[contains(@id ,\"contractDetailTitleNoExpanded\")]"}
RESULT: {"using":"xpath","value":"//span[contains(@id ,\"contractDetailTitleNoExpanded\")]"}
COMMAND: POST /session/d09bc8dff77367d024d5807c430cb6f4/elements - {"using":"xpath","value":"//span[contains(@id ,\"contractDetailTitleNoExpanded\")]"}
RESULT: {"using":"xpath","value":"//span[contains(@id ,\"contractDetailTitleNoExpanded\")]"}
COMMAND: POST /session/d09bc8dff77367d024d5807c430cb6f4/execute/sync - {"script":"<script> [56 bytes]","args":[{"element-6066-11e4-a52e-4f735466cecf":"f.DBFB0E313060B6E614D077C1D7681781.d.1B3366970185FDAC4A1E4E11F647D778.e.8270","ELEMENT":"f.DBFB0E313060B6E614D077C1D7681781.d.1B3366970185FDAC4A1E4E11F647D778.e.8270"}]}
RESULT: {"script":"<script> [56 bytes]","args":[{"element-6066-11e4-a52e-4f735466cecf":"f.DBFB0E313060B6E614D077C1D7681781.d.1B3366970185FDAC4A1E4E11F647D778.e.8270","ELEMENT":"f.DBFB0E313060B6E614D077C1D7681781.d.1B3366970185FDAC4A1E4E11F647D778.e.8270"}]}
COMMAND: GET /session/d09bc8dff77367d024d5807c430cb6f4/screenshot - {}
RESULT: {}
]]></system-out>
    </testcase>
    <testcase classname="chrome.136_0_7103_93.windows.US134625_Set_up_price_condition_-_one_time" name="Should add the material to the contract" time="57.572">
      <system-out><![CDATA[
COMMAND: POST /session/d09bc8dff77367d024d5807c430cb6f4/element - {"using":"xpath","value":"//button[@data-kt=\"contractDetailEditBtnButton\"]"}
RESULT: {"using":"xpath","value":"//button[@data-kt=\"contractDetailEditBtnButton\"]"}
COMMAND: POST /session/d09bc8dff77367d024d5807c430cb6f4/element/f.DBFB0E313060B6E614D077C1D7681781.d.1B3366970185FDAC4A1E4E11F647D778.e.8272/click - {}
RESULT: {}
COMMAND: GET /session/d09bc8dff77367d024d5807c430cb6f4/screenshot - {}
RESULT: {}
COMMAND: POST /session/d09bc8dff77367d024d5807c430cb6f4/element - {"using":"xpath","value":"(//span[contains(text(), \"Additional Addresses\")])[2]"}
RESULT: {"using":"xpath","value":"(//span[contains(text(), \"Additional Addresses\")])[2]"}
COMMAND: POST /session/d09bc8dff77367d024d5807c430cb6f4/element/f.DBFB0E313060B6E614D077C1D7681781.d.1B3366970185FDAC4A1E4E11F647D778.e.8328/click - {}
RESULT: {}
COMMAND: GET /session/d09bc8dff77367d024d5807c430cb6f4/screenshot - {}
RESULT: {}
COMMAND: POST /session/d09bc8dff77367d024d5807c430cb6f4/element - {"using":"xpath","value":"//button[@data-kt=\"btnAddTableRowOverflowToolbarButton\"]"}
RESULT: {"using":"xpath","value":"//button[@data-kt=\"btnAddTableRowOverflowToolbarButton\"]"}
COMMAND: POST /session/d09bc8dff77367d024d5807c430cb6f4/element/f.DBFB0E313060B6E614D077C1D7681781.d.1B3366970185FDAC4A1E4E11F647D778.e.8331/click - {}
RESULT: {}
COMMAND: GET /session/d09bc8dff77367d024d5807c430cb6f4/screenshot - {}
RESULT: {}
COMMAND: POST /session/d09bc8dff77367d024d5807c430cb6f4/element - {"using":"xpath","value":"//div[(text() = 'Standard Entry' or . = 'Standard Entry')]"}
RESULT: {"using":"xpath","value":"//div[(text() = 'Standard Entry' or . = 'Standard Entry')]"}
COMMAND: POST /session/d09bc8dff77367d024d5807c430cb6f4/element/f.DBFB0E313060B6E614D077C1D7681781.d.1B3366970185FDAC4A1E4E11F647D778.e.8333/click - {}
RESULT: {}
COMMAND: GET /session/d09bc8dff77367d024d5807c430cb6f4/screenshot - {}
RESULT: {}
COMMAND: POST /session/d09bc8dff77367d024d5807c430cb6f4/element - {"using":"xpath","value":"//td[6]/div/div/div/span"}
RESULT: {"using":"xpath","value":"//td[6]/div/div/div/span"}
COMMAND: POST /session/d09bc8dff77367d024d5807c430cb6f4/element/f.DBFB0E313060B6E614D077C1D7681781.d.1B3366970185FDAC4A1E4E11F647D778.e.8345/click - {}
RESULT: {}
COMMAND: GET /session/d09bc8dff77367d024d5807c430cb6f4/screenshot - {}
RESULT: {}
COMMAND: POST /session/d09bc8dff77367d024d5807c430cb6f4/element - {"using":"xpath","value":"(//span[contains(text(), \"Material\")])"}
RESULT: {"using":"xpath","value":"(//span[contains(text(), \"Material\")])"}
COMMAND: POST /session/d09bc8dff77367d024d5807c430cb6f4/element/f.DBFB0E313060B6E614D077C1D7681781.d.1B3366970185FDAC4A1E4E11F647D778.e.8346/click - {}
RESULT: {}
COMMAND: GET /session/d09bc8dff77367d024d5807c430cb6f4/screenshot - {}
RESULT: {}
COMMAND: POST /session/d09bc8dff77367d024d5807c430cb6f4/element - {"using":"xpath","value":"//td[7]/div/div/input"}
RESULT: {"using":"xpath","value":"//td[7]/div/div/input"}
COMMAND: POST /session/d09bc8dff77367d024d5807c430cb6f4/element/f.DBFB0E313060B6E614D077C1D7681781.d.1B3366970185FDAC4A1E4E11F647D778.e.8350/clear - {}
RESULT: {}
COMMAND: POST /session/d09bc8dff77367d024d5807c430cb6f4/element/f.DBFB0E313060B6E614D077C1D7681781.d.1B3366970185FDAC4A1E4E11F647D778.e.8350/value - {"text":"200310"}
COMMAND: GET /session/d09bc8dff77367d024d5807c430cb6f4/screenshot - {}
RESULT: {}
RESULT: {"text":"200310"}
COMMAND: GET /session/d09bc8dff77367d024d5807c430cb6f4/screenshot - {}
RESULT: {}
COMMAND: POST /session/d09bc8dff77367d024d5807c430cb6f4/actions - {"actions":[{"id":"action29","type":"key","parameters":{},"actions":[{"type":"keyDown","value":"î€‡"},{"type":"pause","duration":10},{"type":"keyUp","value":"î€‡"}]}]}
RESULT: {"actions":[{"id":"action29","type":"key","parameters":{},"actions":[{"type":"keyDown","value":"î€‡"},{"type":"pause","duration":10},{"type":"keyUp","value":"î€‡"}]}]}
COMMAND: GET /session/d09bc8dff77367d024d5807c430cb6f4/screenshot - {}
RESULT: {}
COMMAND: POST /session/d09bc8dff77367d024d5807c430cb6f4/execute/sync - {"script":"<script> [276 bytes]","args":["No pricing information was found"]}
RESULT: {"script":"<script> [276 bytes]","args":["No pricing information was found"]}
COMMAND: POST /session/d09bc8dff77367d024d5807c430cb6f4/element - {"using":"xpath","value":"(//button[@data-kt=\"saveButton\"])[2]"}
COMMAND: GET /session/d09bc8dff77367d024d5807c430cb6f4/screenshot - {}
RESULT: {"using":"xpath","value":"(//button[@data-kt=\"saveButton\"])[2]"}
COMMAND: POST /session/d09bc8dff77367d024d5807c430cb6f4/element/f.DBFB0E313060B6E614D077C1D7681781.d.1B3366970185FDAC4A1E4E11F647D778.e.8373/click - {}
RESULT: {}
RESULT: {}
COMMAND: GET /session/d09bc8dff77367d024d5807c430cb6f4/screenshot - {}
RESULT: {}
COMMAND: POST /session/d09bc8dff77367d024d5807c430cb6f4/execute/sync - {"script":"<script> [276 bytes]","args":["Some contract items are having rental validity exceeding header rental validity"]}
RESULT: {"script":"<script> [276 bytes]","args":["Some contract items are having rental validity exceeding header rental validity"]}
COMMAND: GET /session/d09bc8dff77367d024d5807c430cb6f4/screenshot - {}
RESULT: {}
COMMAND: POST /session/d09bc8dff77367d024d5807c430cb6f4/element - {"using":"xpath","value":"//span[contains(@id ,\"contractItemsSmartTable-header-inner\")]"}
RESULT: {"using":"xpath","value":"//span[contains(@id ,\"contractItemsSmartTable-header-inner\")]"}
COMMAND: POST /session/d09bc8dff77367d024d5807c430cb6f4/elements - {"using":"xpath","value":"//span[contains(@id ,\"contractItemsSmartTable-header-inner\")]"}
RESULT: {"using":"xpath","value":"//span[contains(@id ,\"contractItemsSmartTable-header-inner\")]"}
COMMAND: POST /session/d09bc8dff77367d024d5807c430cb6f4/execute/sync - {"script":"<script> [56 bytes]","args":[{"element-6066-11e4-a52e-4f735466cecf":"f.DBFB0E313060B6E614D077C1D7681781.d.1B3366970185FDAC4A1E4E11F647D778.e.8380","ELEMENT":"f.DBFB0E313060B6E614D077C1D7681781.d.1B3366970185FDAC4A1E4E11F647D778.e.8380"}]}
RESULT: {"script":"<script> [56 bytes]","args":[{"element-6066-11e4-a52e-4f735466cecf":"f.DBFB0E313060B6E614D077C1D7681781.d.1B3366970185FDAC4A1E4E11F647D778.e.8380","ELEMENT":"f.DBFB0E313060B6E614D077C1D7681781.d.1B3366970185FDAC4A1E4E11F647D778.e.8380"}]}
]]></system-out>
    </testcase>
    <testcase classname="chrome.136_0_7103_93.windows.US134625_Set_up_price_condition_-_one_time" name="Should verify the bill item creation and pricing condition" time="11.84">
      <system-out><![CDATA[
COMMAND: GET /session/d09bc8dff77367d024d5807c430cb6f4/screenshot - {}
COMMAND: POST /session/d09bc8dff77367d024d5807c430cb6f4/execute/async - {"script":"<script> [1562 bytes]","args":[{"selector":{"controlType":"sap.ui.core.Icon","viewName":"etm.portal.ui.managecontracts.view.Detail","properties":{"src":{"regex":{"source":"slim\\-arrow\\-right"}}}},"wdio_ui5_key":"etmportal.ui.managecontracts.view.Detailsap.ui.core.Icon{\"src\":{\"regex\":{\"source\":\"slim\\\\-arrow\\\\-right\"}}}"}]}
RESULT: {}
RESULT: {"script":"<script> [1562 bytes]","args":[{"selector":{"controlType":"sap.ui.core.Icon","viewName":"etm.portal.ui.managecontracts.view.Detail","properties":{"src":{"regex":{"source":"slim\\-arrow\\-right"}}}},"wdio_ui5_key":"etmportal.ui.managecontracts.view.Detailsap.ui.core.Icon{\"src\":{\"regex\":{\"source\":\"slim\\\\-arrow\\\\-right\"}}}"}]}
RESULT: undefined
COMMAND: POST /session/d09bc8dff77367d024d5807c430cb6f4/element - {"using":"xpath","value":"//*[@id=\"__item1689-__clone3450-imgNav\"]"}
RESULT: {"using":"xpath","value":"//*[@id=\"__item1689-__clone3450-imgNav\"]"}
COMMAND: POST /session/d09bc8dff77367d024d5807c430cb6f4/element/f.DBFB0E313060B6E614D077C1D7681781.d.1B3366970185FDAC4A1E4E11F647D778.e.8381/click - {}
RESULT: {}
COMMAND: GET /session/d09bc8dff77367d024d5807c430cb6f4/screenshot - {}
COMMAND: POST /session/d09bc8dff77367d024d5807c430cb6f4/execute/async - {"script":"<script> [1562 bytes]","args":[{"selector":{"controlType":"sap.m.Text","viewName":"etm.portal.ui.managecontracts.view.BillingItem","viewId":"application-managecontracts-display-component---BillingItem","bindingPath":{"propertyPath":"LINK_TO_C_BILL_TYPES/DESCRIPTION"}},"wdio_ui5_key":"etmportal.ui.managecontracts.view.BillingItemsap.m.Text{\"propertyPath\":\"LINK_TO_C_BILL_TYPES/DESCRIPTION\"}"}]}
RESULT: {}
RESULT: {"script":"<script> [1562 bytes]","args":[{"selector":{"controlType":"sap.m.Text","viewName":"etm.portal.ui.managecontracts.view.BillingItem","viewId":"application-managecontracts-display-component---BillingItem","bindingPath":{"propertyPath":"LINK_TO_C_BILL_TYPES/DESCRIPTION"}},"wdio_ui5_key":"etmportal.ui.managecontracts.view.BillingItemsap.m.Text{\"propertyPath\":\"LINK_TO_C_BILL_TYPES/DESCRIPTION\"}"}]}
RESULT: undefined
COMMAND: POST /session/d09bc8dff77367d024d5807c430cb6f4/execute/async - {"script":"<script> [6424 bytes]","args":[{"element-6066-11e4-a52e-4f735466cecf":"f.DBFB0E313060B6E614D077C1D7681781.d.1B3366970185FDAC4A1E4E11F647D778.e.8397"},"getText",[]]}
RESULT: {"script":"<script> [6424 bytes]","args":[{"element-6066-11e4-a52e-4f735466cecf":"f.DBFB0E313060B6E614D077C1D7681781.d.1B3366970185FDAC4A1E4E11F647D778.e.8397"},"getText",[]]}
COMMAND: POST /session/d09bc8dff77367d024d5807c430cb6f4/execute/async - {"script":"<script> [1562 bytes]","args":[{"selector":{"controlType":"sap.m.ObjectNumber","viewName":"etm.portal.ui.managecontracts.view.BillingItem","viewId":"application-managecontracts-display-component---BillingItem","bindingPath":{"propertyPath":"BASE_PRICE"}},"wdio_ui5_key":"etmportal.ui.managecontracts.view.BillingItemsap.m.ObjectNumber{\"propertyPath\":\"BASE_PRICE\"}"}]}
RESULT: {"script":"<script> [1562 bytes]","args":[{"selector":{"controlType":"sap.m.ObjectNumber","viewName":"etm.portal.ui.managecontracts.view.BillingItem","viewId":"application-managecontracts-display-component---BillingItem","bindingPath":{"propertyPath":"BASE_PRICE"}},"wdio_ui5_key":"etmportal.ui.managecontracts.view.BillingItemsap.m.ObjectNumber{\"propertyPath\":\"BASE_PRICE\"}"}]}
RESULT: undefined
COMMAND: POST /session/d09bc8dff77367d024d5807c430cb6f4/execute/async - {"script":"<script> [6424 bytes]","args":[{"element-6066-11e4-a52e-4f735466cecf":"f.DBFB0E313060B6E614D077C1D7681781.d.1B3366970185FDAC4A1E4E11F647D778.e.8398"},"getNumber",[]]}
RESULT: {"script":"<script> [6424 bytes]","args":[{"element-6066-11e4-a52e-4f735466cecf":"f.DBFB0E313060B6E614D077C1D7681781.d.1B3366970185FDAC4A1E4E11F647D778.e.8398"},"getNumber",[]]}
COMMAND: POST /session/d09bc8dff77367d024d5807c430cb6f4/execute/async - {"script":"<script> [1562 bytes]","args":[{"selector":{"controlType":"sap.m.ObjectNumber","viewName":"etm.portal.ui.managecontracts.view.BillingItem","viewId":"application-managecontracts-display-component---BillingItem","bindingPath":{"propertyPath":"BASE_QUANTITY"}},"wdio_ui5_key":"etmportal.ui.managecontracts.view.BillingItemsap.m.ObjectNumber{\"propertyPath\":\"BASE_QUANTITY\"}"}]}
RESULT: {"script":"<script> [1562 bytes]","args":[{"selector":{"controlType":"sap.m.ObjectNumber","viewName":"etm.portal.ui.managecontracts.view.BillingItem","viewId":"application-managecontracts-display-component---BillingItem","bindingPath":{"propertyPath":"BASE_QUANTITY"}},"wdio_ui5_key":"etmportal.ui.managecontracts.view.BillingItemsap.m.ObjectNumber{\"propertyPath\":\"BASE_QUANTITY\"}"}]}
RESULT: undefined
COMMAND: POST /session/d09bc8dff77367d024d5807c430cb6f4/execute/async - {"script":"<script> [6424 bytes]","args":[{"element-6066-11e4-a52e-4f735466cecf":"f.DBFB0E313060B6E614D077C1D7681781.d.1B3366970185FDAC4A1E4E11F647D778.e.8399"},"getNumber",[]]}
RESULT: {"script":"<script> [6424 bytes]","args":[{"element-6066-11e4-a52e-4f735466cecf":"f.DBFB0E313060B6E614D077C1D7681781.d.1B3366970185FDAC4A1E4E11F647D778.e.8399"},"getNumber",[]]}
COMMAND: DELETE /session/d09bc8dff77367d024d5807c430cb6f4 - {}
RESULT: {}
]]></system-out>
    </testcase>
  </testsuite>
</testsuites>