<?xml version="1.0" encoding="UTF-8"?>
<testsuites tests="6" failures="0" errors="0" skipped="0">
  <testsuite timestamp="2025-05-29T16:31:01" time="1174.979" tests="6" failures="0" errors="0" skipped="0">
    <properties>
      <property name="specId" value="0"/>
      <property name="suiteName" value="RU Inventory Mass State Change Multiple Items US151066"/>
      <property name="capabilities" value="chrome.136_0_7103_93.windows"/>
      <property name="file" value="file:///D:/a/1/s/test/specs/HTR/ru-inv-list-mass-state-change.spec.js"/>
    </properties>
    <testcase classname="chrome.136_0_7103_93.windows.RU_Inventory_Mass_State_Change_Multiple_Items_US151066" name="Step 1 Should do a RU inventory mass state change on chosen yard 109 with the resources available one equipment multipart one tool pool" time="295.885">
      <system-out><![CDATA[
COMMAND: POST /session/24b20ddd35874416169bd4d0a72e19cd/execute/async - {"script":"<script> [1562 bytes]","args":[{"selector":{"controlType":"sap.m.GenericTile","properties":{"header":"RU Inventory List"}},"wdio_ui5_key":"sapm.GenericTile{\"header\":\"RU Inventory List\"}"}]}
RESULT: {"script":"<script> [1562 bytes]","args":[{"selector":{"controlType":"sap.m.GenericTile","properties":{"header":"RU Inventory List"}},"wdio_ui5_key":"sapm.GenericTile{\"header\":\"RU Inventory List\"}"}]}
RESULT: undefined
COMMAND: POST /session/24b20ddd35874416169bd4d0a72e19cd/element - {"using":"xpath","value":"//*[@id=\"__tile99\"]"}
RESULT: {"using":"xpath","value":"//*[@id=\"__tile99\"]"}
COMMAND: POST /session/24b20ddd35874416169bd4d0a72e19cd/element/f.0DBE2F60DC08DFEB343D094A9929C683.d.234F1EAF105A350B9B2F908D8142CDE2.e.270/click - {}
RESULT: {}
COMMAND: GET /session/24b20ddd35874416169bd4d0a72e19cd/screenshot - {}
RESULT: {}
COMMAND: POST /session/24b20ddd35874416169bd4d0a72e19cd/elements - {"using":"xpath","value":"//span[text()='Error']"}
RESULT: {"using":"xpath","value":"//span[text()='Error']"}
COMMAND: POST /session/24b20ddd35874416169bd4d0a72e19cd/element - {"using":"xpath","value":"//button[contains(@id, \"massStateBtn\")]"}
RESULT: {"using":"xpath","value":"//button[contains(@id, \"massStateBtn\")]"}
COMMAND: POST /session/24b20ddd35874416169bd4d0a72e19cd/elements - {"using":"xpath","value":"//button[contains(@id, \"massStateBtn\")]"}
RESULT: {"using":"xpath","value":"//button[contains(@id, \"massStateBtn\")]"}
COMMAND: POST /session/24b20ddd35874416169bd4d0a72e19cd/elements - {"using":"xpath","value":"//button[contains(@id, \"massStateBtn\")]"}
RESULT: {"using":"xpath","value":"//button[contains(@id, \"massStateBtn\")]"}
COMMAND: POST /session/24b20ddd35874416169bd4d0a72e19cd/elements - {"using":"xpath","value":"//button[contains(@id, \"massStateBtn\")]"}
RESULT: {"using":"xpath","value":"//button[contains(@id, \"massStateBtn\")]"}
COMMAND: POST /session/24b20ddd35874416169bd4d0a72e19cd/elements - {"using":"xpath","value":"//button[contains(@id, \"massStateBtn\")]"}
RESULT: {"using":"xpath","value":"//button[contains(@id, \"massStateBtn\")]"}
COMMAND: POST /session/24b20ddd35874416169bd4d0a72e19cd/elements - {"using":"xpath","value":"//button[contains(@id, \"massStateBtn\")]"}
RESULT: {"using":"xpath","value":"//button[contains(@id, \"massStateBtn\")]"}
COMMAND: POST /session/24b20ddd35874416169bd4d0a72e19cd/elements - {"using":"xpath","value":"//button[contains(@id, \"massStateBtn\")]"}
RESULT: {"using":"xpath","value":"//button[contains(@id, \"massStateBtn\")]"}
COMMAND: POST /session/24b20ddd35874416169bd4d0a72e19cd/elements - {"using":"xpath","value":"//button[contains(@id, \"massStateBtn\")]"}
RESULT: {"using":"xpath","value":"//button[contains(@id, \"massStateBtn\")]"}
COMMAND: POST /session/24b20ddd35874416169bd4d0a72e19cd/elements - {"using":"xpath","value":"//button[contains(@id, \"massStateBtn\")]"}
RESULT: {"using":"xpath","value":"//button[contains(@id, \"massStateBtn\")]"}
COMMAND: POST /session/24b20ddd35874416169bd4d0a72e19cd/elements - {"using":"xpath","value":"//button[contains(@id, \"massStateBtn\")]"}
RESULT: {"using":"xpath","value":"//button[contains(@id, \"massStateBtn\")]"}
COMMAND: POST /session/24b20ddd35874416169bd4d0a72e19cd/elements - {"using":"xpath","value":"//button[contains(@id, \"massStateBtn\")]"}
RESULT: {"using":"xpath","value":"//button[contains(@id, \"massStateBtn\")]"}
COMMAND: POST /session/24b20ddd35874416169bd4d0a72e19cd/elements - {"using":"xpath","value":"//button[contains(@id, \"massStateBtn\")]"}
RESULT: {"using":"xpath","value":"//button[contains(@id, \"massStateBtn\")]"}
COMMAND: POST /session/24b20ddd35874416169bd4d0a72e19cd/elements - {"using":"xpath","value":"//button[contains(@id, \"massStateBtn\")]"}
RESULT: {"using":"xpath","value":"//button[contains(@id, \"massStateBtn\")]"}
COMMAND: POST /session/24b20ddd35874416169bd4d0a72e19cd/element - {"using":"xpath","value":"//button[contains(@id, \"massStateBtn\")]"}
RESULT: {"using":"xpath","value":"//button[contains(@id, \"massStateBtn\")]"}
COMMAND: POST /session/24b20ddd35874416169bd4d0a72e19cd/execute/sync - {"script":"<script> [8489 bytes]","args":[{"element-6066-11e4-a52e-4f735466cecf":"f.0DBE2F60DC08DFEB343D094A9929C683.d.234F1EAF105A350B9B2F908D8142CDE2.e.306","ELEMENT":"f.0DBE2F60DC08DFEB343D094A9929C683.d.234F1EAF105A350B9B2F908D8142CDE2.e.306"}]}
RESULT: {"script":"<script> [8489 bytes]","args":[{"element-6066-11e4-a52e-4f735466cecf":"f.0DBE2F60DC08DFEB343D094A9929C683.d.234F1EAF105A350B9B2F908D8142CDE2.e.306","ELEMENT":"f.0DBE2F60DC08DFEB343D094A9929C683.d.234F1EAF105A350B9B2F908D8142CDE2.e.306"}]}
COMMAND: GET /session/24b20ddd35874416169bd4d0a72e19cd/element/f.0DBE2F60DC08DFEB343D094A9929C683.d.234F1EAF105A350B9B2F908D8142CDE2.e.306/enabled - {}
COMMAND: GET /session/24b20ddd35874416169bd4d0a72e19cd/screenshot - {}
RESULT: {}
COMMAND: POST /session/24b20ddd35874416169bd4d0a72e19cd/execute/sync - {"script":"<script> [8489 bytes]","args":[{"element-6066-11e4-a52e-4f735466cecf":"f.0DBE2F60DC08DFEB343D094A9929C683.d.234F1EAF105A350B9B2F908D8142CDE2.e.306","ELEMENT":"f.0DBE2F60DC08DFEB343D094A9929C683.d.234F1EAF105A350B9B2F908D8142CDE2.e.306"}]}
COMMAND: GET /session/24b20ddd35874416169bd4d0a72e19cd/screenshot - {}
RESULT: {}
RESULT: {"script":"<script> [8489 bytes]","args":[{"element-6066-11e4-a52e-4f735466cecf":"f.0DBE2F60DC08DFEB343D094A9929C683.d.234F1EAF105A350B9B2F908D8142CDE2.e.306","ELEMENT":"f.0DBE2F60DC08DFEB343D094A9929C683.d.234F1EAF105A350B9B2F908D8142CDE2.e.306"}]}
COMMAND: POST /session/24b20ddd35874416169bd4d0a72e19cd/execute/sync - {"script":"<script> [5351 bytes]","args":[{"element-6066-11e4-a52e-4f735466cecf":"f.0DBE2F60DC08DFEB343D094A9929C683.d.234F1EAF105A350B9B2F908D8142CDE2.e.306","ELEMENT":"f.0DBE2F60DC08DFEB343D094A9929C683.d.234F1EAF105A350B9B2F908D8142CDE2.e.306"}]}
COMMAND: GET /session/24b20ddd35874416169bd4d0a72e19cd/screenshot - {}
RESULT: {}
RESULT: {"script":"<script> [5351 bytes]","args":[{"element-6066-11e4-a52e-4f735466cecf":"f.0DBE2F60DC08DFEB343D094A9929C683.d.234F1EAF105A350B9B2F908D8142CDE2.e.306","ELEMENT":"f.0DBE2F60DC08DFEB343D094A9929C683.d.234F1EAF105A350B9B2F908D8142CDE2.e.306"}]}
COMMAND: POST /session/24b20ddd35874416169bd4d0a72e19cd/element/f.0DBE2F60DC08DFEB343D094A9929C683.d.234F1EAF105A350B9B2F908D8142CDE2.e.306/click - {}
COMMAND: GET /session/24b20ddd35874416169bd4d0a72e19cd/screenshot - {}
RESULT: {}
RESULT: {}
COMMAND: GET /session/24b20ddd35874416169bd4d0a72e19cd/screenshot - {}
RESULT: {}
RESULT: {}
COMMAND: POST /session/24b20ddd35874416169bd4d0a72e19cd/execute/async - {"script":"<script> [1562 bytes]","args":[{"selector":{"id":"application-ruinventorylist-display-component---Master--ruLocationTypeComboBox-arrow"},"wdio_ui5_key":"applicationruinventorylist-display-component---Master--ruLocationTypeComboBox-arrow"}]}
RESULT: {"script":"<script> [1562 bytes]","args":[{"selector":{"id":"application-ruinventorylist-display-component---Master--ruLocationTypeComboBox-arrow"},"wdio_ui5_key":"applicationruinventorylist-display-component---Master--ruLocationTypeComboBox-arrow"}]}
RESULT: undefined
COMMAND: POST /session/24b20ddd35874416169bd4d0a72e19cd/element - {"using":"xpath","value":"//*[@id=\"application-ruinventorylist-display-component---Master--ruLocationTypeComboBox-arrow\"]"}
RESULT: {"using":"xpath","value":"//*[@id=\"application-ruinventorylist-display-component---Master--ruLocationTypeComboBox-arrow\"]"}
COMMAND: POST /session/24b20ddd35874416169bd4d0a72e19cd/element/f.0DBE2F60DC08DFEB343D094A9929C683.d.234F1EAF105A350B9B2F908D8142CDE2.e.659/click - {}
RESULT: {}
COMMAND: GET /session/24b20ddd35874416169bd4d0a72e19cd/screenshot - {}
RESULT: {}
COMMAND: POST /session/24b20ddd35874416169bd4d0a72e19cd/element - {"using":"xpath","value":"//li[.//span[text()='Yard']]"}
RESULT: {"using":"xpath","value":"//li[.//span[text()='Yard']]"}
COMMAND: POST /session/24b20ddd35874416169bd4d0a72e19cd/element/f.0DBE2F60DC08DFEB343D094A9929C683.d.234F1EAF105A350B9B2F908D8142CDE2.e.660/click - {}
RESULT: {}
COMMAND: GET /session/24b20ddd35874416169bd4d0a72e19cd/screenshot - {}
RESULT: {}
COMMAND: POST /session/24b20ddd35874416169bd4d0a72e19cd/execute/async - {"script":"<script> [1562 bytes]","args":[{"selector":{"id":"application-ruinventorylist-display-component---Master--smartFilterBar-filterItemControl_BASIC-YARD-vhi"},"wdio_ui5_key":"applicationruinventorylist-display-component---Master--smartFilterBar-filterItemControl_BASIC-YARD-vhi"}]}
RESULT: {"script":"<script> [1562 bytes]","args":[{"selector":{"id":"application-ruinventorylist-display-component---Master--smartFilterBar-filterItemControl_BASIC-YARD-vhi"},"wdio_ui5_key":"applicationruinventorylist-display-component---Master--smartFilterBar-filterItemControl_BASIC-YARD-vhi"}]}
RESULT: undefined
COMMAND: POST /session/24b20ddd35874416169bd4d0a72e19cd/element - {"using":"xpath","value":"//*[@id=\"application-ruinventorylist-display-component---Master--smartFilterBar-filterItemControl_BASIC-YARD-vhi\"]"}
RESULT: {"using":"xpath","value":"//*[@id=\"application-ruinventorylist-display-component---Master--smartFilterBar-filterItemControl_BASIC-YARD-vhi\"]"}
COMMAND: POST /session/24b20ddd35874416169bd4d0a72e19cd/element/f.0DBE2F60DC08DFEB343D094A9929C683.d.234F1EAF105A350B9B2F908D8142CDE2.e.692/click - {}
RESULT: {}
COMMAND: GET /session/24b20ddd35874416169bd4d0a72e19cd/screenshot - {}
RESULT: {}
COMMAND: POST /session/24b20ddd35874416169bd4d0a72e19cd/execute/async - {"script":"<script> [1562 bytes]","args":[{"selector":{"id":"application-ruinventorylist-display-component---Master--smartFilterBar-filterItemControl_BASIC-YARD-valueHelpDialog-smartFilterBar-btnBasicSearch","searchOpenDialogs":true,"interaction":{"idSuffix":"I"}},"wdio_ui5_key":"applicationruinventorylist-display-component---Master--smartFilterBar-filterItemControl_BASIC-YARD-valueHelpDialog-smartFilterBar-btnBasicSearch"}]}
RESULT: {"script":"<script> [1562 bytes]","args":[{"selector":{"id":"application-ruinventorylist-display-component---Master--smartFilterBar-filterItemControl_BASIC-YARD-valueHelpDialog-smartFilterBar-btnBasicSearch","searchOpenDialogs":true,"interaction":{"idSuffix":"I"}},"wdio_ui5_key":"applicationruinventorylist-display-component---Master--smartFilterBar-filterItemControl_BASIC-YARD-valueHelpDialog-smartFilterBar-btnBasicSearch"}]}
RESULT: undefined
COMMAND: POST /session/24b20ddd35874416169bd4d0a72e19cd/execute/async - {"script":"<script> [776 bytes]","args":[{"enterText":"109","selector":{"id":"application-ruinventorylist-display-component---Master--smartFilterBar-filterItemControl_BASIC-YARD-valueHelpDialog-smartFilterBar-btnBasicSearch","searchOpenDialogs":true,"interaction":{"idSuffix":"I"}},"clearTextFirst":true,"interactionType":"ENTER_TEXT"}]}
RESULT: {"script":"<script> [776 bytes]","args":[{"enterText":"109","selector":{"id":"application-ruinventorylist-display-component---Master--smartFilterBar-filterItemControl_BASIC-YARD-valueHelpDialog-smartFilterBar-btnBasicSearch","searchOpenDialogs":true,"interaction":{"idSuffix":"I"}},"clearTextFirst":true,"interactionType":"ENTER_TEXT"}]}
COMMAND: POST /session/24b20ddd35874416169bd4d0a72e19cd/actions - {"actions":[{"id":"action1","type":"key","parameters":{},"actions":[{"type":"keyDown","value":""},{"type":"pause","duration":10},{"type":"keyUp","value":""}]}]}
RESULT: {"actions":[{"id":"action1","type":"key","parameters":{},"actions":[{"type":"keyDown","value":""},{"type":"pause","duration":10},{"type":"keyUp","value":""}]}]}
COMMAND: GET /session/24b20ddd35874416169bd4d0a72e19cd/screenshot - {}
RESULT: {}
COMMAND: POST /session/24b20ddd35874416169bd4d0a72e19cd/elements - {"using":"xpath","value":"//table[contains(@id, \"filterItemControl_BASIC-YARD-valueHelpDialog-table-table\")]/tbody/tr"}
RESULT: {"using":"xpath","value":"//table[contains(@id, \"filterItemControl_BASIC-YARD-valueHelpDialog-table-table\")]/tbody/tr"}
COMMAND: POST /session/24b20ddd35874416169bd4d0a72e19cd/element - {"using":"xpath","value":"//table[contains(@id, \"filterItemControl_BASIC-YARD-valueHelpDialog-table-table\")]/tbody/tr[1]/td[1]/div/span"}
RESULT: {"using":"xpath","value":"//table[contains(@id, \"filterItemControl_BASIC-YARD-valueHelpDialog-table-table\")]/tbody/tr[1]/td[1]/div/span"}
COMMAND: POST /session/24b20ddd35874416169bd4d0a72e19cd/elements - {"using":"xpath","value":"//table[contains(@id, \"filterItemControl_BASIC-YARD-valueHelpDialog-table-table\")]/tbody/tr[1]/td[1]/div/span"}
RESULT: {"using":"xpath","value":"//table[contains(@id, \"filterItemControl_BASIC-YARD-valueHelpDialog-table-table\")]/tbody/tr[1]/td[1]/div/span"}
COMMAND: POST /session/24b20ddd35874416169bd4d0a72e19cd/execute/sync - {"script":"<script> [56 bytes]","args":[{"element-6066-11e4-a52e-4f735466cecf":"f.0DBE2F60DC08DFEB343D094A9929C683.d.234F1EAF105A350B9B2F908D8142CDE2.e.714","ELEMENT":"f.0DBE2F60DC08DFEB343D094A9929C683.d.234F1EAF105A350B9B2F908D8142CDE2.e.714"}]}
RESULT: {"script":"<script> [56 bytes]","args":[{"element-6066-11e4-a52e-4f735466cecf":"f.0DBE2F60DC08DFEB343D094A9929C683.d.234F1EAF105A350B9B2F908D8142CDE2.e.714","ELEMENT":"f.0DBE2F60DC08DFEB343D094A9929C683.d.234F1EAF105A350B9B2F908D8142CDE2.e.714"}]}
COMMAND: POST /session/24b20ddd35874416169bd4d0a72e19cd/element - {"using":"xpath","value":"//div[contains(@id, \"filterItemControl_BASIC-YARD-valueHelpDialog-table-rowsel0\")]"}
COMMAND: GET /session/24b20ddd35874416169bd4d0a72e19cd/screenshot - {}
RESULT: {"using":"xpath","value":"//div[contains(@id, \"filterItemControl_BASIC-YARD-valueHelpDialog-table-rowsel0\")]"}
COMMAND: POST /session/24b20ddd35874416169bd4d0a72e19cd/element/f.0DBE2F60DC08DFEB343D094A9929C683.d.234F1EAF105A350B9B2F908D8142CDE2.e.715/click - {}
RESULT: {}
RESULT: {}
COMMAND: GET /session/24b20ddd35874416169bd4d0a72e19cd/screenshot - {}
RESULT: {}
COMMAND: POST /session/24b20ddd35874416169bd4d0a72e19cd/element - {"using":"xpath","value":"//div[contains(@id, \"smartFilterBar-filterItemControl_BASIC-YARD-valueHelpDialog-smartFilterBar-btnBasicSearch-reset\")]"}
RESULT: {"using":"xpath","value":"//div[contains(@id, \"smartFilterBar-filterItemControl_BASIC-YARD-valueHelpDialog-smartFilterBar-btnBasicSearch-reset\")]"}
COMMAND: POST /session/24b20ddd35874416169bd4d0a72e19cd/element/f.0DBE2F60DC08DFEB343D094A9929C683.d.234F1EAF105A350B9B2F908D8142CDE2.e.717/click - {}
RESULT: {}
RESULT: undefined
COMMAND: POST /session/24b20ddd35874416169bd4d0a72e19cd/execute/async - {"script":"<script> [776 bytes]","args":[{"enterText":"OPA5_BST01_YARD1","selector":{"id":"application-ruinventorylist-display-component---Master--smartFilterBar-filterItemControl_BASIC-YARD-valueHelpDialog-smartFilterBar-btnBasicSearch","searchOpenDialogs":true,"interaction":{"idSuffix":"I"}},"clearTextFirst":true,"interactionType":"ENTER_TEXT"}]}
COMMAND: GET /session/24b20ddd35874416169bd4d0a72e19cd/screenshot - {}
RESULT: {"script":"<script> [776 bytes]","args":[{"enterText":"OPA5_BST01_YARD1","selector":{"id":"application-ruinventorylist-display-component---Master--smartFilterBar-filterItemControl_BASIC-YARD-valueHelpDialog-smartFilterBar-btnBasicSearch","searchOpenDialogs":true,"interaction":{"idSuffix":"I"}},"clearTextFirst":true,"interactionType":"ENTER_TEXT"}]}
COMMAND: POST /session/24b20ddd35874416169bd4d0a72e19cd/actions - {"actions":[{"id":"action2","type":"key","parameters":{},"actions":[{"type":"keyDown","value":""},{"type":"pause","duration":10},{"type":"keyUp","value":""}]}]}
RESULT: {}
RESULT: {"actions":[{"id":"action2","type":"key","parameters":{},"actions":[{"type":"keyDown","value":""},{"type":"pause","duration":10},{"type":"keyUp","value":""}]}]}
COMMAND: GET /session/24b20ddd35874416169bd4d0a72e19cd/screenshot - {}
RESULT: {}
COMMAND: POST /session/24b20ddd35874416169bd4d0a72e19cd/elements - {"using":"xpath","value":"//table[contains(@id, \"filterItemControl_BASIC-YARD-valueHelpDialog-table-table\")]/tbody/tr"}
RESULT: {"using":"xpath","value":"//table[contains(@id, \"filterItemControl_BASIC-YARD-valueHelpDialog-table-table\")]/tbody/tr"}
COMMAND: POST /session/24b20ddd35874416169bd4d0a72e19cd/element - {"using":"xpath","value":"//table[contains(@id, \"filterItemControl_BASIC-YARD-valueHelpDialog-table-table\")]/tbody/tr[1]/td[1]/div/span"}
RESULT: {"using":"xpath","value":"//table[contains(@id, \"filterItemControl_BASIC-YARD-valueHelpDialog-table-table\")]/tbody/tr[1]/td[1]/div/span"}
COMMAND: POST /session/24b20ddd35874416169bd4d0a72e19cd/elements - {"using":"xpath","value":"//table[contains(@id, \"filterItemControl_BASIC-YARD-valueHelpDialog-table-table\")]/tbody/tr[1]/td[1]/div/span"}
RESULT: {"using":"xpath","value":"//table[contains(@id, \"filterItemControl_BASIC-YARD-valueHelpDialog-table-table\")]/tbody/tr[1]/td[1]/div/span"}
COMMAND: POST /session/24b20ddd35874416169bd4d0a72e19cd/execute/sync - {"script":"<script> [56 bytes]","args":[{"element-6066-11e4-a52e-4f735466cecf":"f.0DBE2F60DC08DFEB343D094A9929C683.d.234F1EAF105A350B9B2F908D8142CDE2.e.714","ELEMENT":"f.0DBE2F60DC08DFEB343D094A9929C683.d.234F1EAF105A350B9B2F908D8142CDE2.e.714"}]}
RESULT: {"script":"<script> [56 bytes]","args":[{"element-6066-11e4-a52e-4f735466cecf":"f.0DBE2F60DC08DFEB343D094A9929C683.d.234F1EAF105A350B9B2F908D8142CDE2.e.714","ELEMENT":"f.0DBE2F60DC08DFEB343D094A9929C683.d.234F1EAF105A350B9B2F908D8142CDE2.e.714"}]}
COMMAND: POST /session/24b20ddd35874416169bd4d0a72e19cd/element - {"using":"xpath","value":"//div[contains(@id, \"filterItemControl_BASIC-YARD-valueHelpDialog-table-rowsel0\")]"}
COMMAND: GET /session/24b20ddd35874416169bd4d0a72e19cd/screenshot - {}
RESULT: {"using":"xpath","value":"//div[contains(@id, \"filterItemControl_BASIC-YARD-valueHelpDialog-table-rowsel0\")]"}
COMMAND: POST /session/24b20ddd35874416169bd4d0a72e19cd/element/f.0DBE2F60DC08DFEB343D094A9929C683.d.234F1EAF105A350B9B2F908D8142CDE2.e.715/click - {}
RESULT: {}
RESULT: {}
COMMAND: GET /session/24b20ddd35874416169bd4d0a72e19cd/screenshot - {}
RESULT: {}
COMMAND: POST /session/24b20ddd35874416169bd4d0a72e19cd/element - {"using":"xpath","value":"(//bdi[contains(text(), \"OK\")])[1]"}
RESULT: {"using":"xpath","value":"(//bdi[contains(text(), \"OK\")])[1]"}
COMMAND: POST /session/24b20ddd35874416169bd4d0a72e19cd/element/f.0DBE2F60DC08DFEB343D094A9929C683.d.234F1EAF105A350B9B2F908D8142CDE2.e.718/click - {}
RESULT: {}
COMMAND: GET /session/24b20ddd35874416169bd4d0a72e19cd/screenshot - {}
RESULT: {}
COMMAND: POST /session/24b20ddd35874416169bd4d0a72e19cd/element - {"using":"xpath","value":"//span[@id=\"application-ruinventorylist-display-component---Master--smartTableRuInventoryList-header-inner\"]"}
RESULT: {"using":"xpath","value":"//span[@id=\"application-ruinventorylist-display-component---Master--smartTableRuInventoryList-header-inner\"]"}
COMMAND: POST /session/24b20ddd35874416169bd4d0a72e19cd/elements - {"using":"xpath","value":"//span[@id=\"application-ruinventorylist-display-component---Master--smartTableRuInventoryList-header-inner\"]"}
RESULT: {"using":"xpath","value":"//span[@id=\"application-ruinventorylist-display-component---Master--smartTableRuInventoryList-header-inner\"]"}
COMMAND: POST /session/24b20ddd35874416169bd4d0a72e19cd/execute/sync - {"script":"<script> [56 bytes]","args":[{"element-6066-11e4-a52e-4f735466cecf":"f.0DBE2F60DC08DFEB343D094A9929C683.d.234F1EAF105A350B9B2F908D8142CDE2.e.879","ELEMENT":"f.0DBE2F60DC08DFEB343D094A9929C683.d.234F1EAF105A350B9B2F908D8142CDE2.e.879"}]}
RESULT: {"script":"<script> [56 bytes]","args":[{"element-6066-11e4-a52e-4f735466cecf":"f.0DBE2F60DC08DFEB343D094A9929C683.d.234F1EAF105A350B9B2F908D8142CDE2.e.879","ELEMENT":"f.0DBE2F60DC08DFEB343D094A9929C683.d.234F1EAF105A350B9B2F908D8142CDE2.e.879"}]}
COMMAND: POST /session/24b20ddd35874416169bd4d0a72e19cd/execute/async - {"script":"<script> [1562 bytes]","args":[{"selector":{"id":"application-ruinventorylist-display-component---Master--smartFilterBar-btnBasicSearch","interaction":{"idSuffix":"I"}},"wdio_ui5_key":"applicationruinventorylist-display-component---Master--smartFilterBar-btnBasicSearch"}]}
COMMAND: GET /session/24b20ddd35874416169bd4d0a72e19cd/screenshot - {}
RESULT: {"script":"<script> [1562 bytes]","args":[{"selector":{"id":"application-ruinventorylist-display-component---Master--smartFilterBar-btnBasicSearch","interaction":{"idSuffix":"I"}},"wdio_ui5_key":"applicationruinventorylist-display-component---Master--smartFilterBar-btnBasicSearch"}]}
RESULT: undefined
COMMAND: POST /session/24b20ddd35874416169bd4d0a72e19cd/execute/async - {"script":"<script> [776 bytes]","args":[{"enterText":"600002","selector":{"id":"application-ruinventorylist-display-component---Master--smartFilterBar-btnBasicSearch","interaction":{"idSuffix":"I"}},"clearTextFirst":true,"interactionType":"ENTER_TEXT"}]}
RESULT: {}
RESULT: {"script":"<script> [776 bytes]","args":[{"enterText":"600002","selector":{"id":"application-ruinventorylist-display-component---Master--smartFilterBar-btnBasicSearch","interaction":{"idSuffix":"I"}},"clearTextFirst":true,"interactionType":"ENTER_TEXT"}]}
COMMAND: POST /session/24b20ddd35874416169bd4d0a72e19cd/actions - {"actions":[{"id":"action3","type":"key","parameters":{},"actions":[{"type":"keyDown","value":""},{"type":"pause","duration":10},{"type":"keyUp","value":""}]}]}
RESULT: {"actions":[{"id":"action3","type":"key","parameters":{},"actions":[{"type":"keyDown","value":""},{"type":"pause","duration":10},{"type":"keyUp","value":""}]}]}
COMMAND: GET /session/24b20ddd35874416169bd4d0a72e19cd/screenshot - {}
RESULT: {}
COMMAND: POST /session/24b20ddd35874416169bd4d0a72e19cd/element - {"using":"xpath","value":"//span[@id=\"application-ruinventorylist-display-component---Master--smartTableRuInventoryList-header-inner\"]"}
RESULT: {"using":"xpath","value":"//span[@id=\"application-ruinventorylist-display-component---Master--smartTableRuInventoryList-header-inner\"]"}
COMMAND: POST /session/24b20ddd35874416169bd4d0a72e19cd/elements - {"using":"xpath","value":"//span[@id=\"application-ruinventorylist-display-component---Master--smartTableRuInventoryList-header-inner\"]"}
RESULT: {"using":"xpath","value":"//span[@id=\"application-ruinventorylist-display-component---Master--smartTableRuInventoryList-header-inner\"]"}
COMMAND: POST /session/24b20ddd35874416169bd4d0a72e19cd/execute/sync - {"script":"<script> [56 bytes]","args":[{"element-6066-11e4-a52e-4f735466cecf":"f.0DBE2F60DC08DFEB343D094A9929C683.d.234F1EAF105A350B9B2F908D8142CDE2.e.879","ELEMENT":"f.0DBE2F60DC08DFEB343D094A9929C683.d.234F1EAF105A350B9B2F908D8142CDE2.e.879"}]}
RESULT: {"script":"<script> [56 bytes]","args":[{"element-6066-11e4-a52e-4f735466cecf":"f.0DBE2F60DC08DFEB343D094A9929C683.d.234F1EAF105A350B9B2F908D8142CDE2.e.879","ELEMENT":"f.0DBE2F60DC08DFEB343D094A9929C683.d.234F1EAF105A350B9B2F908D8142CDE2.e.879"}]}
COMMAND: POST /session/24b20ddd35874416169bd4d0a72e19cd/element - {"using":"xpath","value":"//table[contains(@id, \"application-ruinventorylist-display-component---Master--tableRuInventoryList-listUl\")]/tbody/tr[1]/td[2]/div/div"}
COMMAND: GET /session/24b20ddd35874416169bd4d0a72e19cd/screenshot - {}
RESULT: {"using":"xpath","value":"//table[contains(@id, \"application-ruinventorylist-display-component---Master--tableRuInventoryList-listUl\")]/tbody/tr[1]/td[2]/div/div"}
COMMAND: POST /session/24b20ddd35874416169bd4d0a72e19cd/element/f.0DBE2F60DC08DFEB343D094A9929C683.d.234F1EAF105A350B9B2F908D8142CDE2.e.887/click - {}
RESULT: {}
RESULT: {}
COMMAND: GET /session/24b20ddd35874416169bd4d0a72e19cd/screenshot - {}
RESULT: {}
COMMAND: POST /session/24b20ddd35874416169bd4d0a72e19cd/element - {"using":"xpath","value":"//div[contains(@id, \"smartFilterBar-btnBasicSearch-reset\")]"}
RESULT: {"using":"xpath","value":"//div[contains(@id, \"smartFilterBar-btnBasicSearch-reset\")]"}
COMMAND: POST /session/24b20ddd35874416169bd4d0a72e19cd/element/f.0DBE2F60DC08DFEB343D094A9929C683.d.234F1EAF105A350B9B2F908D8142CDE2.e.897/click - {}
RESULT: {}
COMMAND: GET /session/24b20ddd35874416169bd4d0a72e19cd/screenshot - {}
RESULT: {}
RESULT: undefined
COMMAND: POST /session/24b20ddd35874416169bd4d0a72e19cd/execute/async - {"script":"<script> [776 bytes]","args":[{"enterText":"401002","selector":{"id":"application-ruinventorylist-display-component---Master--smartFilterBar-btnBasicSearch","interaction":{"idSuffix":"I"}},"clearTextFirst":true,"interactionType":"ENTER_TEXT"}]}
RESULT: {"script":"<script> [776 bytes]","args":[{"enterText":"401002","selector":{"id":"application-ruinventorylist-display-component---Master--smartFilterBar-btnBasicSearch","interaction":{"idSuffix":"I"}},"clearTextFirst":true,"interactionType":"ENTER_TEXT"}]}
COMMAND: POST /session/24b20ddd35874416169bd4d0a72e19cd/actions - {"actions":[{"id":"action4","type":"key","parameters":{},"actions":[{"type":"keyDown","value":""},{"type":"pause","duration":10},{"type":"keyUp","value":""}]}]}
RESULT: {"actions":[{"id":"action4","type":"key","parameters":{},"actions":[{"type":"keyDown","value":""},{"type":"pause","duration":10},{"type":"keyUp","value":""}]}]}
COMMAND: GET /session/24b20ddd35874416169bd4d0a72e19cd/screenshot - {}
RESULT: {}
COMMAND: POST /session/24b20ddd35874416169bd4d0a72e19cd/element - {"using":"xpath","value":"//span[@id=\"application-ruinventorylist-display-component---Master--smartTableRuInventoryList-header-inner\"]"}
RESULT: {"using":"xpath","value":"//span[@id=\"application-ruinventorylist-display-component---Master--smartTableRuInventoryList-header-inner\"]"}
COMMAND: POST /session/24b20ddd35874416169bd4d0a72e19cd/elements - {"using":"xpath","value":"//span[@id=\"application-ruinventorylist-display-component---Master--smartTableRuInventoryList-header-inner\"]"}
RESULT: {"using":"xpath","value":"//span[@id=\"application-ruinventorylist-display-component---Master--smartTableRuInventoryList-header-inner\"]"}
COMMAND: POST /session/24b20ddd35874416169bd4d0a72e19cd/execute/sync - {"script":"<script> [56 bytes]","args":[{"element-6066-11e4-a52e-4f735466cecf":"f.0DBE2F60DC08DFEB343D094A9929C683.d.234F1EAF105A350B9B2F908D8142CDE2.e.879","ELEMENT":"f.0DBE2F60DC08DFEB343D094A9929C683.d.234F1EAF105A350B9B2F908D8142CDE2.e.879"}]}
RESULT: {"script":"<script> [56 bytes]","args":[{"element-6066-11e4-a52e-4f735466cecf":"f.0DBE2F60DC08DFEB343D094A9929C683.d.234F1EAF105A350B9B2F908D8142CDE2.e.879","ELEMENT":"f.0DBE2F60DC08DFEB343D094A9929C683.d.234F1EAF105A350B9B2F908D8142CDE2.e.879"}]}
COMMAND: POST /session/24b20ddd35874416169bd4d0a72e19cd/element - {"using":"xpath","value":"//table[contains(@id, \"application-ruinventorylist-display-component---Master--tableRuInventoryList-listUl\")]/tbody/tr[1]/td[2]/div/div"}
COMMAND: GET /session/24b20ddd35874416169bd4d0a72e19cd/screenshot - {}
RESULT: {"using":"xpath","value":"//table[contains(@id, \"application-ruinventorylist-display-component---Master--tableRuInventoryList-listUl\")]/tbody/tr[1]/td[2]/div/div"}
COMMAND: POST /session/24b20ddd35874416169bd4d0a72e19cd/element/f.0DBE2F60DC08DFEB343D094A9929C683.d.234F1EAF105A350B9B2F908D8142CDE2.e.1047/click - {}
RESULT: {}
RESULT: {}
COMMAND: GET /session/24b20ddd35874416169bd4d0a72e19cd/screenshot - {}
RESULT: {}
COMMAND: POST /session/24b20ddd35874416169bd4d0a72e19cd/element - {"using":"xpath","value":"//div[contains(@id, \"smartFilterBar-btnBasicSearch-reset\")]"}
RESULT: {"using":"xpath","value":"//div[contains(@id, \"smartFilterBar-btnBasicSearch-reset\")]"}
COMMAND: POST /session/24b20ddd35874416169bd4d0a72e19cd/element/f.0DBE2F60DC08DFEB343D094A9929C683.d.234F1EAF105A350B9B2F908D8142CDE2.e.897/click - {}
RESULT: {}
COMMAND: GET /session/24b20ddd35874416169bd4d0a72e19cd/screenshot - {}
RESULT: {}
COMMAND: POST /session/24b20ddd35874416169bd4d0a72e19cd/element/f.0DBE2F60DC08DFEB343D094A9929C683.d.234F1EAF105A350B9B2F908D8142CDE2.e.306/click - {}
RESULT: {}
COMMAND: GET /session/24b20ddd35874416169bd4d0a72e19cd/screenshot - {}
RESULT: {}
COMMAND: POST /session/24b20ddd35874416169bd4d0a72e19cd/execute/async - {"script":"<script> [1562 bytes]","args":[{"selector":{"controlType":"sap.m.Title","viewName":"etm.portal.ui.ruinventorylist.view.Master","viewId":"application-ruinventorylist-display-component---Master","properties":{"text":"Mass State Change"},"searchOpenDialogs":true},"wdio_ui5_key":"etmportal.ui.ruinventorylist.view.Mastersap.m.Title{\"text\":\"Mass State Change\"}"}]}
RESULT: {"script":"<script> [1562 bytes]","args":[{"selector":{"controlType":"sap.m.Title","viewName":"etm.portal.ui.ruinventorylist.view.Master","viewId":"application-ruinventorylist-display-component---Master","properties":{"text":"Mass State Change"},"searchOpenDialogs":true},"wdio_ui5_key":"etmportal.ui.ruinventorylist.view.Mastersap.m.Title{\"text\":\"Mass State Change\"}"}]}
RESULT: undefined
COMMAND: POST /session/24b20ddd35874416169bd4d0a72e19cd/execute/async - {"script":"<script> [6424 bytes]","args":[{"element-6066-11e4-a52e-4f735466cecf":"f.0DBE2F60DC08DFEB343D094A9929C683.d.234F1EAF105A350B9B2F908D8142CDE2.e.1219"},"getText",[]]}
RESULT: {"script":"<script> [6424 bytes]","args":[{"element-6066-11e4-a52e-4f735466cecf":"f.0DBE2F60DC08DFEB343D094A9929C683.d.234F1EAF105A350B9B2F908D8142CDE2.e.1219"},"getText",[]]}
COMMAND: POST /session/24b20ddd35874416169bd4d0a72e19cd/element - {"using":"xpath","value":"(//bdi[contains(text(), \"OK\")])[1]"}
RESULT: {"using":"xpath","value":"(//bdi[contains(text(), \"OK\")])[1]"}
COMMAND: POST /session/24b20ddd35874416169bd4d0a72e19cd/element/f.0DBE2F60DC08DFEB343D094A9929C683.d.234F1EAF105A350B9B2F908D8142CDE2.e.1220/click - {}
RESULT: {}
COMMAND: GET /session/24b20ddd35874416169bd4d0a72e19cd/screenshot - {}
RESULT: {}
COMMAND: POST /session/24b20ddd35874416169bd4d0a72e19cd/element - {"using":"css selector","value":"div.sapMMessageBoxError"}
RESULT: {"using":"css selector","value":"div.sapMMessageBoxError"}
COMMAND: POST /session/24b20ddd35874416169bd4d0a72e19cd/elements - {"using":"css selector","value":"div.sapMMessageBoxError"}
RESULT: {"using":"css selector","value":"div.sapMMessageBoxError"}
COMMAND: POST /session/24b20ddd35874416169bd4d0a72e19cd/element - {"using":"xpath","value":"(//bdi[contains(text(), \"Close\")])[1]"}
RESULT: {"using":"xpath","value":"(//bdi[contains(text(), \"Close\")])[1]"}
COMMAND: POST /session/24b20ddd35874416169bd4d0a72e19cd/element/f.0DBE2F60DC08DFEB343D094A9929C683.d.234F1EAF105A350B9B2F908D8142CDE2.e.1224/click - {}
RESULT: {}
COMMAND: GET /session/24b20ddd35874416169bd4d0a72e19cd/screenshot - {}
RESULT: {}
COMMAND: POST /session/24b20ddd35874416169bd4d0a72e19cd/execute/async - {"script":"<script> [1562 bytes]","args":[{"selector":{"id":"application-ruinventorylist-display-component---Master--ruStateTypes-arrow","searchOpenDialogs":true},"wdio_ui5_key":"applicationruinventorylist-display-component---Master--ruStateTypes-arrow"}]}
RESULT: {"script":"<script> [1562 bytes]","args":[{"selector":{"id":"application-ruinventorylist-display-component---Master--ruStateTypes-arrow","searchOpenDialogs":true},"wdio_ui5_key":"applicationruinventorylist-display-component---Master--ruStateTypes-arrow"}]}
RESULT: undefined
COMMAND: POST /session/24b20ddd35874416169bd4d0a72e19cd/element - {"using":"xpath","value":"//*[@id=\"application-ruinventorylist-display-component---Master--ruStateTypes-arrow\"]"}
RESULT: {"using":"xpath","value":"//*[@id=\"application-ruinventorylist-display-component---Master--ruStateTypes-arrow\"]"}
COMMAND: POST /session/24b20ddd35874416169bd4d0a72e19cd/element/f.0DBE2F60DC08DFEB343D094A9929C683.d.234F1EAF105A350B9B2F908D8142CDE2.e.1226/click - {}
RESULT: {}
COMMAND: GET /session/24b20ddd35874416169bd4d0a72e19cd/screenshot - {}
RESULT: {}
COMMAND: POST /session/24b20ddd35874416169bd4d0a72e19cd/element - {"using":"xpath","value":"//li[.//span[text()=\"defect\"]]"}
RESULT: {"using":"xpath","value":"//li[.//span[text()=\"defect\"]]"}
COMMAND: POST /session/24b20ddd35874416169bd4d0a72e19cd/element/f.0DBE2F60DC08DFEB343D094A9929C683.d.234F1EAF105A350B9B2F908D8142CDE2.e.1227/click - {}
RESULT: {}
COMMAND: GET /session/24b20ddd35874416169bd4d0a72e19cd/screenshot - {}
RESULT: {}
COMMAND: POST /session/24b20ddd35874416169bd4d0a72e19cd/element - {"using":"xpath","value":"(//span[@data-kt=\"trashMassStateChangeIcon\"])[1]"}
RESULT: {"using":"xpath","value":"(//span[@data-kt=\"trashMassStateChangeIcon\"])[1]"}
COMMAND: POST /session/24b20ddd35874416169bd4d0a72e19cd/element/f.0DBE2F60DC08DFEB343D094A9929C683.d.234F1EAF105A350B9B2F908D8142CDE2.e.1228/click - {}
RESULT: {}
COMMAND: GET /session/24b20ddd35874416169bd4d0a72e19cd/screenshot - {}
RESULT: {}
COMMAND: POST /session/24b20ddd35874416169bd4d0a72e19cd/element - {"using":"xpath","value":"//table[contains(@id, \"massStateChangeTable-listUl\")]/tbody/tr[1]/td[11]/div/div/div/input"}
RESULT: {"using":"xpath","value":"//table[contains(@id, \"massStateChangeTable-listUl\")]/tbody/tr[1]/td[11]/div/div/div/input"}
COMMAND: GET /session/24b20ddd35874416169bd4d0a72e19cd/element/f.0DBE2F60DC08DFEB343D094A9929C683.d.234F1EAF105A350B9B2F908D8142CDE2.e.1213/property/value - {}
RESULT: {}
COMMAND: POST /session/24b20ddd35874416169bd4d0a72e19cd/element - {"using":"xpath","value":"(//span[@data-kt=\"trashMassStateChangeIcon\"])[2]"}
COMMAND: GET /session/24b20ddd35874416169bd4d0a72e19cd/screenshot - {}
RESULT: {"using":"xpath","value":"(//span[@data-kt=\"trashMassStateChangeIcon\"])[2]"}
COMMAND: POST /session/24b20ddd35874416169bd4d0a72e19cd/element/f.0DBE2F60DC08DFEB343D094A9929C683.d.234F1EAF105A350B9B2F908D8142CDE2.e.1230/click - {}
RESULT: {}
RESULT: {}
COMMAND: GET /session/24b20ddd35874416169bd4d0a72e19cd/screenshot - {}
RESULT: {}
COMMAND: POST /session/24b20ddd35874416169bd4d0a72e19cd/element - {"using":"xpath","value":"//table[contains(@id, \"massStateChangeTable-listUl\")]/tbody/tr[2]/td[11]/div/div/div/input"}
RESULT: {"using":"xpath","value":"//table[contains(@id, \"massStateChangeTable-listUl\")]/tbody/tr[2]/td[11]/div/div/div/input"}
COMMAND: GET /session/24b20ddd35874416169bd4d0a72e19cd/element/f.0DBE2F60DC08DFEB343D094A9929C683.d.234F1EAF105A350B9B2F908D8142CDE2.e.1217/property/value - {}
RESULT: {}
COMMAND: POST /session/24b20ddd35874416169bd4d0a72e19cd/element - {"using":"xpath","value":"//table[contains(@id, \"massStateChangeTable-listUl\")]/tbody/tr[1]/td[10]/div/span/span[1]"}
COMMAND: GET /session/24b20ddd35874416169bd4d0a72e19cd/screenshot - {}
RESULT: {"using":"xpath","value":"//table[contains(@id, \"massStateChangeTable-listUl\")]/tbody/tr[1]/td[10]/div/span/span[1]"}
COMMAND: POST /session/24b20ddd35874416169bd4d0a72e19cd/execute/sync - {"script":"<script> [56 bytes]","args":[{"element-6066-11e4-a52e-4f735466cecf":"f.0DBE2F60DC08DFEB343D094A9929C683.d.234F1EAF105A350B9B2F908D8142CDE2.e.1232","ELEMENT":"f.0DBE2F60DC08DFEB343D094A9929C683.d.234F1EAF105A350B9B2F908D8142CDE2.e.1232"}]}
RESULT: {}
RESULT: {"script":"<script> [56 bytes]","args":[{"element-6066-11e4-a52e-4f735466cecf":"f.0DBE2F60DC08DFEB343D094A9929C683.d.234F1EAF105A350B9B2F908D8142CDE2.e.1232","ELEMENT":"f.0DBE2F60DC08DFEB343D094A9929C683.d.234F1EAF105A350B9B2F908D8142CDE2.e.1232"}]}
COMMAND: POST /session/24b20ddd35874416169bd4d0a72e19cd/element - {"using":"xpath","value":"//table[contains(@id, \"massStateChangeTable-listUl\")]/tbody/tr[1]/td[11]/div/div/div/div[2]/span"}
COMMAND: GET /session/24b20ddd35874416169bd4d0a72e19cd/screenshot - {}
RESULT: {"using":"xpath","value":"//table[contains(@id, \"massStateChangeTable-listUl\")]/tbody/tr[1]/td[11]/div/div/div/div[2]/span"}
COMMAND: POST /session/24b20ddd35874416169bd4d0a72e19cd/element/f.0DBE2F60DC08DFEB343D094A9929C683.d.234F1EAF105A350B9B2F908D8142CDE2.e.1233/click - {}
RESULT: {}
RESULT: {}
COMMAND: GET /session/24b20ddd35874416169bd4d0a72e19cd/screenshot - {}
RESULT: {}
COMMAND: POST /session/24b20ddd35874416169bd4d0a72e19cd/element - {"using":"xpath","value":"//table[contains(@id, \"massStateChangeTable-listUl\")]/tbody/tr[1]/td[11]/div/div/div/div[2]/span"}
RESULT: {"using":"xpath","value":"//table[contains(@id, \"massStateChangeTable-listUl\")]/tbody/tr[1]/td[11]/div/div/div/div[2]/span"}
COMMAND: POST /session/24b20ddd35874416169bd4d0a72e19cd/element/f.0DBE2F60DC08DFEB343D094A9929C683.d.234F1EAF105A350B9B2F908D8142CDE2.e.1233/click - {}
RESULT: {}
COMMAND: GET /session/24b20ddd35874416169bd4d0a72e19cd/screenshot - {}
RESULT: {}
COMMAND: POST /session/24b20ddd35874416169bd4d0a72e19cd/element - {"using":"xpath","value":"//table[contains(@id, \"massStateChangeTable-listUl\")]/tbody/tr[1]/td[11]/div/div/div/div[2]/span"}
RESULT: {"using":"xpath","value":"//table[contains(@id, \"massStateChangeTable-listUl\")]/tbody/tr[1]/td[11]/div/div/div/div[2]/span"}
COMMAND: POST /session/24b20ddd35874416169bd4d0a72e19cd/element/f.0DBE2F60DC08DFEB343D094A9929C683.d.234F1EAF105A350B9B2F908D8142CDE2.e.1233/click - {}
RESULT: {}
COMMAND: GET /session/24b20ddd35874416169bd4d0a72e19cd/screenshot - {}
RESULT: {}
COMMAND: POST /session/24b20ddd35874416169bd4d0a72e19cd/element - {"using":"xpath","value":"//table[contains(@id, \"massStateChangeTable-listUl\")]/tbody/tr[1]/td[11]/div/div/div/div[2]/span"}
RESULT: {"using":"xpath","value":"//table[contains(@id, \"massStateChangeTable-listUl\")]/tbody/tr[1]/td[11]/div/div/div/div[2]/span"}
COMMAND: POST /session/24b20ddd35874416169bd4d0a72e19cd/element/f.0DBE2F60DC08DFEB343D094A9929C683.d.234F1EAF105A350B9B2F908D8142CDE2.e.1233/click - {}
RESULT: {}
COMMAND: GET /session/24b20ddd35874416169bd4d0a72e19cd/screenshot - {}
RESULT: {}
COMMAND: POST /session/24b20ddd35874416169bd4d0a72e19cd/element - {"using":"xpath","value":"//table[contains(@id, \"massStateChangeTable-listUl\")]/tbody/tr[1]/td[11]/div/div/div/div[2]/span"}
RESULT: {"using":"xpath","value":"//table[contains(@id, \"massStateChangeTable-listUl\")]/tbody/tr[1]/td[11]/div/div/div/div[2]/span"}
COMMAND: POST /session/24b20ddd35874416169bd4d0a72e19cd/element/f.0DBE2F60DC08DFEB343D094A9929C683.d.234F1EAF105A350B9B2F908D8142CDE2.e.1233/click - {}
RESULT: {}
COMMAND: GET /session/24b20ddd35874416169bd4d0a72e19cd/screenshot - {}
RESULT: {}
COMMAND: POST /session/24b20ddd35874416169bd4d0a72e19cd/element - {"using":"xpath","value":"//table[contains(@id, \"massStateChangeTable-listUl\")]/tbody/tr[1]/td[11]/div/div/div/div[2]/span"}
RESULT: {"using":"xpath","value":"//table[contains(@id, \"massStateChangeTable-listUl\")]/tbody/tr[1]/td[11]/div/div/div/div[2]/span"}
COMMAND: POST /session/24b20ddd35874416169bd4d0a72e19cd/element/f.0DBE2F60DC08DFEB343D094A9929C683.d.234F1EAF105A350B9B2F908D8142CDE2.e.1233/click - {}
RESULT: {}
COMMAND: GET /session/24b20ddd35874416169bd4d0a72e19cd/screenshot - {}
RESULT: {}
COMMAND: POST /session/24b20ddd35874416169bd4d0a72e19cd/element - {"using":"xpath","value":"//table[contains(@id, \"massStateChangeTable-listUl\")]/tbody/tr[1]/td[11]/div/div/div/div[2]/span"}
RESULT: {"using":"xpath","value":"//table[contains(@id, \"massStateChangeTable-listUl\")]/tbody/tr[1]/td[11]/div/div/div/div[2]/span"}
COMMAND: POST /session/24b20ddd35874416169bd4d0a72e19cd/element/f.0DBE2F60DC08DFEB343D094A9929C683.d.234F1EAF105A350B9B2F908D8142CDE2.e.1233/click - {}
RESULT: {}
COMMAND: GET /session/24b20ddd35874416169bd4d0a72e19cd/screenshot - {}
RESULT: {}
COMMAND: POST /session/24b20ddd35874416169bd4d0a72e19cd/element - {"using":"xpath","value":"//table[contains(@id, \"massStateChangeTable-listUl\")]/tbody/tr[1]/td[11]/div/div/div/div[2]/span"}
RESULT: {"using":"xpath","value":"//table[contains(@id, \"massStateChangeTable-listUl\")]/tbody/tr[1]/td[11]/div/div/div/div[2]/span"}
COMMAND: POST /session/24b20ddd35874416169bd4d0a72e19cd/element/f.0DBE2F60DC08DFEB343D094A9929C683.d.234F1EAF105A350B9B2F908D8142CDE2.e.1233/click - {}
RESULT: {}
COMMAND: GET /session/24b20ddd35874416169bd4d0a72e19cd/screenshot - {}
RESULT: {}
COMMAND: POST /session/24b20ddd35874416169bd4d0a72e19cd/element - {"using":"xpath","value":"//table[contains(@id, \"massStateChangeTable-listUl\")]/tbody/tr[1]/td[11]/div/div/div/div[2]/span"}
RESULT: {"using":"xpath","value":"//table[contains(@id, \"massStateChangeTable-listUl\")]/tbody/tr[1]/td[11]/div/div/div/div[2]/span"}
COMMAND: POST /session/24b20ddd35874416169bd4d0a72e19cd/element/f.0DBE2F60DC08DFEB343D094A9929C683.d.234F1EAF105A350B9B2F908D8142CDE2.e.1233/click - {}
RESULT: {}
COMMAND: GET /session/24b20ddd35874416169bd4d0a72e19cd/screenshot - {}
RESULT: {}
COMMAND: POST /session/24b20ddd35874416169bd4d0a72e19cd/element - {"using":"xpath","value":"//table[contains(@id, \"massStateChangeTable-listUl\")]/tbody/tr[1]/td[11]/div/div/div/div[2]/span"}
RESULT: {"using":"xpath","value":"//table[contains(@id, \"massStateChangeTable-listUl\")]/tbody/tr[1]/td[11]/div/div/div/div[2]/span"}
COMMAND: POST /session/24b20ddd35874416169bd4d0a72e19cd/element/f.0DBE2F60DC08DFEB343D094A9929C683.d.234F1EAF105A350B9B2F908D8142CDE2.e.1233/click - {}
RESULT: {}
COMMAND: GET /session/24b20ddd35874416169bd4d0a72e19cd/screenshot - {}
RESULT: {}
COMMAND: POST /session/24b20ddd35874416169bd4d0a72e19cd/element - {"using":"xpath","value":"//table[contains(@id, \"massStateChangeTable-listUl\")]/tbody/tr[1]/td[11]/div/div/div/div[2]/span"}
RESULT: {"using":"xpath","value":"//table[contains(@id, \"massStateChangeTable-listUl\")]/tbody/tr[1]/td[11]/div/div/div/div[2]/span"}
COMMAND: POST /session/24b20ddd35874416169bd4d0a72e19cd/element/f.0DBE2F60DC08DFEB343D094A9929C683.d.234F1EAF105A350B9B2F908D8142CDE2.e.1233/click - {}
RESULT: {}
COMMAND: GET /session/24b20ddd35874416169bd4d0a72e19cd/screenshot - {}
RESULT: {}
COMMAND: POST /session/24b20ddd35874416169bd4d0a72e19cd/element - {"using":"xpath","value":"//table[contains(@id, \"massStateChangeTable-listUl\")]/tbody/tr[1]/td[11]/div/div/div/div[2]/span"}
RESULT: {"using":"xpath","value":"//table[contains(@id, \"massStateChangeTable-listUl\")]/tbody/tr[1]/td[11]/div/div/div/div[2]/span"}
COMMAND: POST /session/24b20ddd35874416169bd4d0a72e19cd/element/f.0DBE2F60DC08DFEB343D094A9929C683.d.234F1EAF105A350B9B2F908D8142CDE2.e.1233/click - {}
RESULT: {}
COMMAND: GET /session/24b20ddd35874416169bd4d0a72e19cd/screenshot - {}
RESULT: {}
COMMAND: POST /session/24b20ddd35874416169bd4d0a72e19cd/element - {"using":"xpath","value":"//table[contains(@id, \"massStateChangeTable-listUl\")]/tbody/tr[1]/td[11]/div/div/div/div[2]/span"}
RESULT: {"using":"xpath","value":"//table[contains(@id, \"massStateChangeTable-listUl\")]/tbody/tr[1]/td[11]/div/div/div/div[2]/span"}
COMMAND: POST /session/24b20ddd35874416169bd4d0a72e19cd/element/f.0DBE2F60DC08DFEB343D094A9929C683.d.234F1EAF105A350B9B2F908D8142CDE2.e.1233/click - {}
RESULT: {}
COMMAND: GET /session/24b20ddd35874416169bd4d0a72e19cd/screenshot - {}
RESULT: {}
COMMAND: POST /session/24b20ddd35874416169bd4d0a72e19cd/element - {"using":"xpath","value":"//table[contains(@id, \"massStateChangeTable-listUl\")]/tbody/tr[1]/td[11]/div/div/div/div[2]/span"}
RESULT: {"using":"xpath","value":"//table[contains(@id, \"massStateChangeTable-listUl\")]/tbody/tr[1]/td[11]/div/div/div/div[2]/span"}
COMMAND: POST /session/24b20ddd35874416169bd4d0a72e19cd/element/f.0DBE2F60DC08DFEB343D094A9929C683.d.234F1EAF105A350B9B2F908D8142CDE2.e.1233/click - {}
RESULT: {}
COMMAND: GET /session/24b20ddd35874416169bd4d0a72e19cd/screenshot - {}
RESULT: {}
COMMAND: POST /session/24b20ddd35874416169bd4d0a72e19cd/element - {"using":"xpath","value":"//table[contains(@id, \"massStateChangeTable-listUl\")]/tbody/tr[1]/td[11]/div/div/div/div[2]/span"}
RESULT: {"using":"xpath","value":"//table[contains(@id, \"massStateChangeTable-listUl\")]/tbody/tr[1]/td[11]/div/div/div/div[2]/span"}
COMMAND: POST /session/24b20ddd35874416169bd4d0a72e19cd/element/f.0DBE2F60DC08DFEB343D094A9929C683.d.234F1EAF105A350B9B2F908D8142CDE2.e.1233/click - {}
RESULT: {}
COMMAND: GET /session/24b20ddd35874416169bd4d0a72e19cd/screenshot - {}
RESULT: {}
COMMAND: POST /session/24b20ddd35874416169bd4d0a72e19cd/element - {"using":"xpath","value":"//table[contains(@id, \"massStateChangeTable-listUl\")]/tbody/tr[1]/td[11]/div/div/div/div[2]/span"}
RESULT: {"using":"xpath","value":"//table[contains(@id, \"massStateChangeTable-listUl\")]/tbody/tr[1]/td[11]/div/div/div/div[2]/span"}
COMMAND: POST /session/24b20ddd35874416169bd4d0a72e19cd/element/f.0DBE2F60DC08DFEB343D094A9929C683.d.234F1EAF105A350B9B2F908D8142CDE2.e.1233/click - {}
RESULT: {}
COMMAND: GET /session/24b20ddd35874416169bd4d0a72e19cd/screenshot - {}
RESULT: {}
COMMAND: POST /session/24b20ddd35874416169bd4d0a72e19cd/element - {"using":"xpath","value":"//table[contains(@id, \"massStateChangeTable-listUl\")]/tbody/tr[1]/td[11]/div/div/div/div[2]/span"}
RESULT: {"using":"xpath","value":"//table[contains(@id, \"massStateChangeTable-listUl\")]/tbody/tr[1]/td[11]/div/div/div/div[2]/span"}
COMMAND: POST /session/24b20ddd35874416169bd4d0a72e19cd/element/f.0DBE2F60DC08DFEB343D094A9929C683.d.234F1EAF105A350B9B2F908D8142CDE2.e.1233/click - {}
RESULT: {}
COMMAND: GET /session/24b20ddd35874416169bd4d0a72e19cd/screenshot - {}
RESULT: {}
COMMAND: POST /session/24b20ddd35874416169bd4d0a72e19cd/element - {"using":"xpath","value":"//table[contains(@id, \"massStateChangeTable-listUl\")]/tbody/tr[1]/td[11]/div/div/div/div[2]/span"}
RESULT: {"using":"xpath","value":"//table[contains(@id, \"massStateChangeTable-listUl\")]/tbody/tr[1]/td[11]/div/div/div/div[2]/span"}
COMMAND: POST /session/24b20ddd35874416169bd4d0a72e19cd/element/f.0DBE2F60DC08DFEB343D094A9929C683.d.234F1EAF105A350B9B2F908D8142CDE2.e.1233/click - {}
RESULT: {}
COMMAND: GET /session/24b20ddd35874416169bd4d0a72e19cd/screenshot - {}
RESULT: {}
COMMAND: POST /session/24b20ddd35874416169bd4d0a72e19cd/element - {"using":"xpath","value":"//table[contains(@id, \"massStateChangeTable-listUl\")]/tbody/tr[1]/td[11]/div/div/div/div[2]/span"}
RESULT: {"using":"xpath","value":"//table[contains(@id, \"massStateChangeTable-listUl\")]/tbody/tr[1]/td[11]/div/div/div/div[2]/span"}
COMMAND: POST /session/24b20ddd35874416169bd4d0a72e19cd/element/f.0DBE2F60DC08DFEB343D094A9929C683.d.234F1EAF105A350B9B2F908D8142CDE2.e.1233/click - {}
RESULT: {}
COMMAND: GET /session/24b20ddd35874416169bd4d0a72e19cd/screenshot - {}
RESULT: {}
COMMAND: POST /session/24b20ddd35874416169bd4d0a72e19cd/element - {"using":"xpath","value":"//table[contains(@id, \"massStateChangeTable-listUl\")]/tbody/tr[1]/td[11]/div/div/div/div[2]/span"}
RESULT: {"using":"xpath","value":"//table[contains(@id, \"massStateChangeTable-listUl\")]/tbody/tr[1]/td[11]/div/div/div/div[2]/span"}
COMMAND: POST /session/24b20ddd35874416169bd4d0a72e19cd/element/f.0DBE2F60DC08DFEB343D094A9929C683.d.234F1EAF105A350B9B2F908D8142CDE2.e.1233/click - {}
RESULT: {}
COMMAND: GET /session/24b20ddd35874416169bd4d0a72e19cd/screenshot - {}
RESULT: {}
COMMAND: POST /session/24b20ddd35874416169bd4d0a72e19cd/element - {"using":"xpath","value":"//table[contains(@id, \"massStateChangeTable-listUl\")]/tbody/tr[1]/td[11]/div/div/div/div[2]/span"}
RESULT: {"using":"xpath","value":"//table[contains(@id, \"massStateChangeTable-listUl\")]/tbody/tr[1]/td[11]/div/div/div/div[2]/span"}
COMMAND: POST /session/24b20ddd35874416169bd4d0a72e19cd/element/f.0DBE2F60DC08DFEB343D094A9929C683.d.234F1EAF105A350B9B2F908D8142CDE2.e.1233/click - {}
RESULT: {}
COMMAND: GET /session/24b20ddd35874416169bd4d0a72e19cd/screenshot - {}
RESULT: {}
COMMAND: POST /session/24b20ddd35874416169bd4d0a72e19cd/element - {"using":"xpath","value":"//table[contains(@id, \"massStateChangeTable-listUl\")]/tbody/tr[1]/td[11]/div/div/div/div[2]/span"}
RESULT: {"using":"xpath","value":"//table[contains(@id, \"massStateChangeTable-listUl\")]/tbody/tr[1]/td[11]/div/div/div/div[2]/span"}
COMMAND: POST /session/24b20ddd35874416169bd4d0a72e19cd/element/f.0DBE2F60DC08DFEB343D094A9929C683.d.234F1EAF105A350B9B2F908D8142CDE2.e.1233/click - {}
RESULT: {}
COMMAND: GET /session/24b20ddd35874416169bd4d0a72e19cd/screenshot - {}
RESULT: {}
COMMAND: POST /session/24b20ddd35874416169bd4d0a72e19cd/element - {"using":"xpath","value":"//table[contains(@id, \"massStateChangeTable-listUl\")]/tbody/tr[1]/td[11]/div/div/div/div[2]/span"}
RESULT: {"using":"xpath","value":"//table[contains(@id, \"massStateChangeTable-listUl\")]/tbody/tr[1]/td[11]/div/div/div/div[2]/span"}
COMMAND: POST /session/24b20ddd35874416169bd4d0a72e19cd/element/f.0DBE2F60DC08DFEB343D094A9929C683.d.234F1EAF105A350B9B2F908D8142CDE2.e.1233/click - {}
RESULT: {}
COMMAND: GET /session/24b20ddd35874416169bd4d0a72e19cd/screenshot - {}
RESULT: {}
COMMAND: POST /session/24b20ddd35874416169bd4d0a72e19cd/element - {"using":"xpath","value":"//table[contains(@id, \"massStateChangeTable-listUl\")]/tbody/tr[1]/td[11]/div/div/div/div[2]/span"}
RESULT: {"using":"xpath","value":"//table[contains(@id, \"massStateChangeTable-listUl\")]/tbody/tr[1]/td[11]/div/div/div/div[2]/span"}
COMMAND: POST /session/24b20ddd35874416169bd4d0a72e19cd/element/f.0DBE2F60DC08DFEB343D094A9929C683.d.234F1EAF105A350B9B2F908D8142CDE2.e.1233/click - {}
RESULT: {}
COMMAND: GET /session/24b20ddd35874416169bd4d0a72e19cd/screenshot - {}
RESULT: {}
COMMAND: POST /session/24b20ddd35874416169bd4d0a72e19cd/element - {"using":"xpath","value":"//table[contains(@id, \"massStateChangeTable-listUl\")]/tbody/tr[1]/td[11]/div/div/div/div[2]/span"}
RESULT: {"using":"xpath","value":"//table[contains(@id, \"massStateChangeTable-listUl\")]/tbody/tr[1]/td[11]/div/div/div/div[2]/span"}
COMMAND: POST /session/24b20ddd35874416169bd4d0a72e19cd/element/f.0DBE2F60DC08DFEB343D094A9929C683.d.234F1EAF105A350B9B2F908D8142CDE2.e.1233/click - {}
RESULT: {}
COMMAND: GET /session/24b20ddd35874416169bd4d0a72e19cd/screenshot - {}
RESULT: {}
COMMAND: POST /session/24b20ddd35874416169bd4d0a72e19cd/element - {"using":"xpath","value":"//table[contains(@id, \"massStateChangeTable-listUl\")]/tbody/tr[1]/td[11]/div/div/div/div[2]/span"}
RESULT: {"using":"xpath","value":"//table[contains(@id, \"massStateChangeTable-listUl\")]/tbody/tr[1]/td[11]/div/div/div/div[2]/span"}
COMMAND: POST /session/24b20ddd35874416169bd4d0a72e19cd/element/f.0DBE2F60DC08DFEB343D094A9929C683.d.234F1EAF105A350B9B2F908D8142CDE2.e.1233/click - {}
RESULT: {}
COMMAND: GET /session/24b20ddd35874416169bd4d0a72e19cd/screenshot - {}
RESULT: {}
COMMAND: POST /session/24b20ddd35874416169bd4d0a72e19cd/element - {"using":"xpath","value":"//table[contains(@id, \"massStateChangeTable-listUl\")]/tbody/tr[1]/td[11]/div/div/div/div[2]/span"}
RESULT: {"using":"xpath","value":"//table[contains(@id, \"massStateChangeTable-listUl\")]/tbody/tr[1]/td[11]/div/div/div/div[2]/span"}
COMMAND: POST /session/24b20ddd35874416169bd4d0a72e19cd/element/f.0DBE2F60DC08DFEB343D094A9929C683.d.234F1EAF105A350B9B2F908D8142CDE2.e.1233/click - {}
RESULT: {}
COMMAND: GET /session/24b20ddd35874416169bd4d0a72e19cd/screenshot - {}
RESULT: {}
COMMAND: POST /session/24b20ddd35874416169bd4d0a72e19cd/element - {"using":"xpath","value":"//table[contains(@id, \"massStateChangeTable-listUl\")]/tbody/tr[1]/td[11]/div/div/div/div[2]/span"}
RESULT: {"using":"xpath","value":"//table[contains(@id, \"massStateChangeTable-listUl\")]/tbody/tr[1]/td[11]/div/div/div/div[2]/span"}
COMMAND: POST /session/24b20ddd35874416169bd4d0a72e19cd/element/f.0DBE2F60DC08DFEB343D094A9929C683.d.234F1EAF105A350B9B2F908D8142CDE2.e.1233/click - {}
RESULT: {}
COMMAND: GET /session/24b20ddd35874416169bd4d0a72e19cd/screenshot - {}
RESULT: {}
COMMAND: POST /session/24b20ddd35874416169bd4d0a72e19cd/element - {"using":"xpath","value":"//table[contains(@id, \"massStateChangeTable-listUl\")]/tbody/tr[1]/td[11]/div/div/div/div[2]/span"}
RESULT: {"using":"xpath","value":"//table[contains(@id, \"massStateChangeTable-listUl\")]/tbody/tr[1]/td[11]/div/div/div/div[2]/span"}
COMMAND: POST /session/24b20ddd35874416169bd4d0a72e19cd/element/f.0DBE2F60DC08DFEB343D094A9929C683.d.234F1EAF105A350B9B2F908D8142CDE2.e.1233/click - {}
RESULT: {}
COMMAND: GET /session/24b20ddd35874416169bd4d0a72e19cd/screenshot - {}
RESULT: {}
COMMAND: POST /session/24b20ddd35874416169bd4d0a72e19cd/element - {"using":"xpath","value":"//table[contains(@id, \"massStateChangeTable-listUl\")]/tbody/tr[1]/td[11]/div/div/div/div[2]/span"}
RESULT: {"using":"xpath","value":"//table[contains(@id, \"massStateChangeTable-listUl\")]/tbody/tr[1]/td[11]/div/div/div/div[2]/span"}
COMMAND: POST /session/24b20ddd35874416169bd4d0a72e19cd/element/f.0DBE2F60DC08DFEB343D094A9929C683.d.234F1EAF105A350B9B2F908D8142CDE2.e.1233/click - {}
RESULT: {}
COMMAND: GET /session/24b20ddd35874416169bd4d0a72e19cd/screenshot - {}
RESULT: {}
COMMAND: POST /session/24b20ddd35874416169bd4d0a72e19cd/element - {"using":"xpath","value":"//table[contains(@id, \"massStateChangeTable-listUl\")]/tbody/tr[1]/td[11]/div/div/div/div[2]/span"}
RESULT: {"using":"xpath","value":"//table[contains(@id, \"massStateChangeTable-listUl\")]/tbody/tr[1]/td[11]/div/div/div/div[2]/span"}
COMMAND: POST /session/24b20ddd35874416169bd4d0a72e19cd/element/f.0DBE2F60DC08DFEB343D094A9929C683.d.234F1EAF105A350B9B2F908D8142CDE2.e.1233/click - {}
RESULT: {}
COMMAND: GET /session/24b20ddd35874416169bd4d0a72e19cd/screenshot - {}
RESULT: {}
COMMAND: POST /session/24b20ddd35874416169bd4d0a72e19cd/element - {"using":"xpath","value":"//table[contains(@id, \"massStateChangeTable-listUl\")]/tbody/tr[1]/td[11]/div/div/div/div[2]/span"}
RESULT: {"using":"xpath","value":"//table[contains(@id, \"massStateChangeTable-listUl\")]/tbody/tr[1]/td[11]/div/div/div/div[2]/span"}
COMMAND: POST /session/24b20ddd35874416169bd4d0a72e19cd/element/f.0DBE2F60DC08DFEB343D094A9929C683.d.234F1EAF105A350B9B2F908D8142CDE2.e.1233/click - {}
RESULT: {}
COMMAND: GET /session/24b20ddd35874416169bd4d0a72e19cd/screenshot - {}
RESULT: {}
COMMAND: POST /session/24b20ddd35874416169bd4d0a72e19cd/element - {"using":"xpath","value":"//table[contains(@id, \"massStateChangeTable-listUl\")]/tbody/tr[1]/td[11]/div/div/div/div[2]/span"}
RESULT: {"using":"xpath","value":"//table[contains(@id, \"massStateChangeTable-listUl\")]/tbody/tr[1]/td[11]/div/div/div/div[2]/span"}
COMMAND: POST /session/24b20ddd35874416169bd4d0a72e19cd/element/f.0DBE2F60DC08DFEB343D094A9929C683.d.234F1EAF105A350B9B2F908D8142CDE2.e.1233/click - {}
RESULT: {}
COMMAND: GET /session/24b20ddd35874416169bd4d0a72e19cd/screenshot - {}
RESULT: {}
COMMAND: POST /session/24b20ddd35874416169bd4d0a72e19cd/element - {"using":"xpath","value":"//table[contains(@id, \"massStateChangeTable-listUl\")]/tbody/tr[1]/td[11]/div/div/div/div[2]/span"}
RESULT: {"using":"xpath","value":"//table[contains(@id, \"massStateChangeTable-listUl\")]/tbody/tr[1]/td[11]/div/div/div/div[2]/span"}
COMMAND: POST /session/24b20ddd35874416169bd4d0a72e19cd/element/f.0DBE2F60DC08DFEB343D094A9929C683.d.234F1EAF105A350B9B2F908D8142CDE2.e.1233/click - {}
RESULT: {}
COMMAND: GET /session/24b20ddd35874416169bd4d0a72e19cd/screenshot - {}
RESULT: {}
COMMAND: POST /session/24b20ddd35874416169bd4d0a72e19cd/element - {"using":"xpath","value":"//table[contains(@id, \"massStateChangeTable-listUl\")]/tbody/tr[1]/td[11]/div/div/div/div[2]/span"}
RESULT: {"using":"xpath","value":"//table[contains(@id, \"massStateChangeTable-listUl\")]/tbody/tr[1]/td[11]/div/div/div/div[2]/span"}
COMMAND: POST /session/24b20ddd35874416169bd4d0a72e19cd/element/f.0DBE2F60DC08DFEB343D094A9929C683.d.234F1EAF105A350B9B2F908D8142CDE2.e.1233/click - {}
RESULT: {}
COMMAND: GET /session/24b20ddd35874416169bd4d0a72e19cd/screenshot - {}
RESULT: {}
COMMAND: POST /session/24b20ddd35874416169bd4d0a72e19cd/element - {"using":"xpath","value":"//table[contains(@id, \"massStateChangeTable-listUl\")]/tbody/tr[1]/td[11]/div/div/div/div[2]/span"}
RESULT: {"using":"xpath","value":"//table[contains(@id, \"massStateChangeTable-listUl\")]/tbody/tr[1]/td[11]/div/div/div/div[2]/span"}
COMMAND: POST /session/24b20ddd35874416169bd4d0a72e19cd/element/f.0DBE2F60DC08DFEB343D094A9929C683.d.234F1EAF105A350B9B2F908D8142CDE2.e.1233/click - {}
RESULT: {}
COMMAND: GET /session/24b20ddd35874416169bd4d0a72e19cd/screenshot - {}
RESULT: {}
COMMAND: POST /session/24b20ddd35874416169bd4d0a72e19cd/element - {"using":"xpath","value":"//table[contains(@id, \"massStateChangeTable-listUl\")]/tbody/tr[1]/td[11]/div/div/div/div[2]/span"}
RESULT: {"using":"xpath","value":"//table[contains(@id, \"massStateChangeTable-listUl\")]/tbody/tr[1]/td[11]/div/div/div/div[2]/span"}
COMMAND: POST /session/24b20ddd35874416169bd4d0a72e19cd/element/f.0DBE2F60DC08DFEB343D094A9929C683.d.234F1EAF105A350B9B2F908D8142CDE2.e.1233/click - {}
RESULT: {}
COMMAND: GET /session/24b20ddd35874416169bd4d0a72e19cd/screenshot - {}
RESULT: {}
COMMAND: POST /session/24b20ddd35874416169bd4d0a72e19cd/element - {"using":"xpath","value":"//table[contains(@id, \"massStateChangeTable-listUl\")]/tbody/tr[1]/td[11]/div/div/div/div[2]/span"}
RESULT: {"using":"xpath","value":"//table[contains(@id, \"massStateChangeTable-listUl\")]/tbody/tr[1]/td[11]/div/div/div/div[2]/span"}
COMMAND: POST /session/24b20ddd35874416169bd4d0a72e19cd/element/f.0DBE2F60DC08DFEB343D094A9929C683.d.234F1EAF105A350B9B2F908D8142CDE2.e.1233/click - {}
RESULT: {}
COMMAND: GET /session/24b20ddd35874416169bd4d0a72e19cd/screenshot - {}
RESULT: {}
COMMAND: POST /session/24b20ddd35874416169bd4d0a72e19cd/element - {"using":"xpath","value":"//table[contains(@id, \"massStateChangeTable-listUl\")]/tbody/tr[1]/td[11]/div/div/div/div[2]/span"}
RESULT: {"using":"xpath","value":"//table[contains(@id, \"massStateChangeTable-listUl\")]/tbody/tr[1]/td[11]/div/div/div/div[2]/span"}
COMMAND: POST /session/24b20ddd35874416169bd4d0a72e19cd/element/f.0DBE2F60DC08DFEB343D094A9929C683.d.234F1EAF105A350B9B2F908D8142CDE2.e.1233/click - {}
RESULT: {}
COMMAND: GET /session/24b20ddd35874416169bd4d0a72e19cd/screenshot - {}
RESULT: {}
COMMAND: POST /session/24b20ddd35874416169bd4d0a72e19cd/element - {"using":"xpath","value":"//table[contains(@id, \"massStateChangeTable-listUl\")]/tbody/tr[1]/td[11]/div/div/div/div[2]/span"}
RESULT: {"using":"xpath","value":"//table[contains(@id, \"massStateChangeTable-listUl\")]/tbody/tr[1]/td[11]/div/div/div/div[2]/span"}
COMMAND: POST /session/24b20ddd35874416169bd4d0a72e19cd/element/f.0DBE2F60DC08DFEB343D094A9929C683.d.234F1EAF105A350B9B2F908D8142CDE2.e.1233/click - {}
RESULT: {}
COMMAND: GET /session/24b20ddd35874416169bd4d0a72e19cd/screenshot - {}
RESULT: {}
COMMAND: POST /session/24b20ddd35874416169bd4d0a72e19cd/element - {"using":"xpath","value":"//table[contains(@id, \"massStateChangeTable-listUl\")]/tbody/tr[1]/td[11]/div/div/div/div[2]/span"}
RESULT: {"using":"xpath","value":"//table[contains(@id, \"massStateChangeTable-listUl\")]/tbody/tr[1]/td[11]/div/div/div/div[2]/span"}
COMMAND: POST /session/24b20ddd35874416169bd4d0a72e19cd/element/f.0DBE2F60DC08DFEB343D094A9929C683.d.234F1EAF105A350B9B2F908D8142CDE2.e.1233/click - {}
RESULT: {}
COMMAND: GET /session/24b20ddd35874416169bd4d0a72e19cd/screenshot - {}
RESULT: {}
COMMAND: POST /session/24b20ddd35874416169bd4d0a72e19cd/element - {"using":"xpath","value":"//table[contains(@id, \"massStateChangeTable-listUl\")]/tbody/tr[1]/td[11]/div/div/div/div[2]/span"}
RESULT: {"using":"xpath","value":"//table[contains(@id, \"massStateChangeTable-listUl\")]/tbody/tr[1]/td[11]/div/div/div/div[2]/span"}
COMMAND: POST /session/24b20ddd35874416169bd4d0a72e19cd/element/f.0DBE2F60DC08DFEB343D094A9929C683.d.234F1EAF105A350B9B2F908D8142CDE2.e.1233/click - {}
RESULT: {}
COMMAND: GET /session/24b20ddd35874416169bd4d0a72e19cd/screenshot - {}
RESULT: {}
COMMAND: POST /session/24b20ddd35874416169bd4d0a72e19cd/element - {"using":"xpath","value":"//table[contains(@id, \"massStateChangeTable-listUl\")]/tbody/tr[1]/td[11]/div/div/div/div[2]/span"}
RESULT: {"using":"xpath","value":"//table[contains(@id, \"massStateChangeTable-listUl\")]/tbody/tr[1]/td[11]/div/div/div/div[2]/span"}
COMMAND: POST /session/24b20ddd35874416169bd4d0a72e19cd/element/f.0DBE2F60DC08DFEB343D094A9929C683.d.234F1EAF105A350B9B2F908D8142CDE2.e.1233/click - {}
RESULT: {}
COMMAND: GET /session/24b20ddd35874416169bd4d0a72e19cd/screenshot - {}
RESULT: {}
COMMAND: POST /session/24b20ddd35874416169bd4d0a72e19cd/element - {"using":"xpath","value":"//table[contains(@id, \"massStateChangeTable-listUl\")]/tbody/tr[1]/td[11]/div/div/div/div[2]/span"}
RESULT: {"using":"xpath","value":"//table[contains(@id, \"massStateChangeTable-listUl\")]/tbody/tr[1]/td[11]/div/div/div/div[2]/span"}
COMMAND: POST /session/24b20ddd35874416169bd4d0a72e19cd/element/f.0DBE2F60DC08DFEB343D094A9929C683.d.234F1EAF105A350B9B2F908D8142CDE2.e.1233/click - {}
RESULT: {}
COMMAND: GET /session/24b20ddd35874416169bd4d0a72e19cd/screenshot - {}
RESULT: {}
COMMAND: POST /session/24b20ddd35874416169bd4d0a72e19cd/element - {"using":"xpath","value":"//table[contains(@id, \"massStateChangeTable-listUl\")]/tbody/tr[1]/td[11]/div/div/div/div[2]/span"}
RESULT: {"using":"xpath","value":"//table[contains(@id, \"massStateChangeTable-listUl\")]/tbody/tr[1]/td[11]/div/div/div/div[2]/span"}
COMMAND: POST /session/24b20ddd35874416169bd4d0a72e19cd/element/f.0DBE2F60DC08DFEB343D094A9929C683.d.234F1EAF105A350B9B2F908D8142CDE2.e.1233/click - {}
RESULT: {}
COMMAND: GET /session/24b20ddd35874416169bd4d0a72e19cd/screenshot - {}
RESULT: {}
COMMAND: POST /session/24b20ddd35874416169bd4d0a72e19cd/element - {"using":"xpath","value":"//table[contains(@id, \"massStateChangeTable-listUl\")]/tbody/tr[1]/td[11]/div/div/div/div[2]/span"}
RESULT: {"using":"xpath","value":"//table[contains(@id, \"massStateChangeTable-listUl\")]/tbody/tr[1]/td[11]/div/div/div/div[2]/span"}
COMMAND: POST /session/24b20ddd35874416169bd4d0a72e19cd/element/f.0DBE2F60DC08DFEB343D094A9929C683.d.234F1EAF105A350B9B2F908D8142CDE2.e.1233/click - {}
RESULT: {}
COMMAND: GET /session/24b20ddd35874416169bd4d0a72e19cd/screenshot - {}
RESULT: {}
COMMAND: POST /session/24b20ddd35874416169bd4d0a72e19cd/element - {"using":"xpath","value":"//table[contains(@id, \"massStateChangeTable-listUl\")]/tbody/tr[1]/td[11]/div/div/div/div[2]/span"}
RESULT: {"using":"xpath","value":"//table[contains(@id, \"massStateChangeTable-listUl\")]/tbody/tr[1]/td[11]/div/div/div/div[2]/span"}
COMMAND: POST /session/24b20ddd35874416169bd4d0a72e19cd/element/f.0DBE2F60DC08DFEB343D094A9929C683.d.234F1EAF105A350B9B2F908D8142CDE2.e.1233/click - {}
RESULT: {}
COMMAND: GET /session/24b20ddd35874416169bd4d0a72e19cd/screenshot - {}
RESULT: {}
COMMAND: POST /session/24b20ddd35874416169bd4d0a72e19cd/element - {"using":"xpath","value":"//table[contains(@id, \"massStateChangeTable-listUl\")]/tbody/tr[1]/td[11]/div/div/div/div[2]/span"}
RESULT: {"using":"xpath","value":"//table[contains(@id, \"massStateChangeTable-listUl\")]/tbody/tr[1]/td[11]/div/div/div/div[2]/span"}
COMMAND: POST /session/24b20ddd35874416169bd4d0a72e19cd/element/f.0DBE2F60DC08DFEB343D094A9929C683.d.234F1EAF105A350B9B2F908D8142CDE2.e.1233/click - {}
RESULT: {}
COMMAND: GET /session/24b20ddd35874416169bd4d0a72e19cd/screenshot - {}
RESULT: {}
COMMAND: POST /session/24b20ddd35874416169bd4d0a72e19cd/element - {"using":"xpath","value":"//table[contains(@id, \"massStateChangeTable-listUl\")]/tbody/tr[1]/td[11]/div/div/div/div[2]/span"}
RESULT: {"using":"xpath","value":"//table[contains(@id, \"massStateChangeTable-listUl\")]/tbody/tr[1]/td[11]/div/div/div/div[2]/span"}
COMMAND: POST /session/24b20ddd35874416169bd4d0a72e19cd/element/f.0DBE2F60DC08DFEB343D094A9929C683.d.234F1EAF105A350B9B2F908D8142CDE2.e.1233/click - {}
RESULT: {}
COMMAND: GET /session/24b20ddd35874416169bd4d0a72e19cd/screenshot - {}
RESULT: {}
COMMAND: POST /session/24b20ddd35874416169bd4d0a72e19cd/element - {"using":"xpath","value":"//table[contains(@id, \"massStateChangeTable-listUl\")]/tbody/tr[1]/td[11]/div/div/div/div[2]/span"}
RESULT: {"using":"xpath","value":"//table[contains(@id, \"massStateChangeTable-listUl\")]/tbody/tr[1]/td[11]/div/div/div/div[2]/span"}
COMMAND: POST /session/24b20ddd35874416169bd4d0a72e19cd/element/f.0DBE2F60DC08DFEB343D094A9929C683.d.234F1EAF105A350B9B2F908D8142CDE2.e.1233/click - {}
RESULT: {}
COMMAND: GET /session/24b20ddd35874416169bd4d0a72e19cd/screenshot - {}
RESULT: {}
COMMAND: POST /session/24b20ddd35874416169bd4d0a72e19cd/element - {"using":"xpath","value":"//table[contains(@id, \"massStateChangeTable-listUl\")]/tbody/tr[2]/td[11]/div/div/div/div[2]/span"}
RESULT: {"using":"xpath","value":"//table[contains(@id, \"massStateChangeTable-listUl\")]/tbody/tr[2]/td[11]/div/div/div/div[2]/span"}
COMMAND: POST /session/24b20ddd35874416169bd4d0a72e19cd/element/f.0DBE2F60DC08DFEB343D094A9929C683.d.234F1EAF105A350B9B2F908D8142CDE2.e.1234/click - {}
RESULT: {}
COMMAND: GET /session/24b20ddd35874416169bd4d0a72e19cd/screenshot - {}
RESULT: {}
COMMAND: POST /session/24b20ddd35874416169bd4d0a72e19cd/element - {"using":"xpath","value":"//table[contains(@id, \"massStateChangeTable-listUl\")]/tbody/tr[1]/td[11]/div/div/div/input"}
RESULT: {"using":"xpath","value":"//table[contains(@id, \"massStateChangeTable-listUl\")]/tbody/tr[1]/td[11]/div/div/div/input"}
COMMAND: GET /session/24b20ddd35874416169bd4d0a72e19cd/element/f.0DBE2F60DC08DFEB343D094A9929C683.d.234F1EAF105A350B9B2F908D8142CDE2.e.1213/property/value - {}
RESULT: {}
COMMAND: POST /session/24b20ddd35874416169bd4d0a72e19cd/element - {"using":"xpath","value":"//table[contains(@id, \"massStateChangeTable-listUl\")]/tbody/tr[2]/td[11]/div/div/div/input"}
COMMAND: GET /session/24b20ddd35874416169bd4d0a72e19cd/screenshot - {}
RESULT: {"using":"xpath","value":"//table[contains(@id, \"massStateChangeTable-listUl\")]/tbody/tr[2]/td[11]/div/div/div/input"}
COMMAND: GET /session/24b20ddd35874416169bd4d0a72e19cd/element/f.0DBE2F60DC08DFEB343D094A9929C683.d.234F1EAF105A350B9B2F908D8142CDE2.e.1217/property/value - {}
RESULT: {}
RESULT: {}
COMMAND: POST /session/24b20ddd35874416169bd4d0a72e19cd/element - {"using":"xpath","value":"(//bdi[contains(text(), \"OK\")])[1]"}
COMMAND: GET /session/24b20ddd35874416169bd4d0a72e19cd/screenshot - {}
RESULT: {"using":"xpath","value":"(//bdi[contains(text(), \"OK\")])[1]"}
COMMAND: POST /session/24b20ddd35874416169bd4d0a72e19cd/element/f.0DBE2F60DC08DFEB343D094A9929C683.d.234F1EAF105A350B9B2F908D8142CDE2.e.1220/click - {}
RESULT: {}
RESULT: {}
COMMAND: GET /session/24b20ddd35874416169bd4d0a72e19cd/screenshot - {}
RESULT: {}
COMMAND: POST /session/24b20ddd35874416169bd4d0a72e19cd/element - {"using":"xpath","value":"(//bdi[contains(text(), \"OK\")])[2]"}
RESULT: {"using":"xpath","value":"(//bdi[contains(text(), \"OK\")])[2]"}
COMMAND: POST /session/24b20ddd35874416169bd4d0a72e19cd/element/f.0DBE2F60DC08DFEB343D094A9929C683.d.234F1EAF105A350B9B2F908D8142CDE2.e.1236/click - {}
RESULT: {}
COMMAND: GET /session/24b20ddd35874416169bd4d0a72e19cd/screenshot - {}
RESULT: {}
RESULT: undefined
COMMAND: POST /session/24b20ddd35874416169bd4d0a72e19cd/execute/async - {"script":"<script> [776 bytes]","args":[{"enterText":"600002","selector":{"id":"application-ruinventorylist-display-component---Master--smartFilterBar-btnBasicSearch","interaction":{"idSuffix":"I"}},"clearTextFirst":true,"interactionType":"ENTER_TEXT"}]}
RESULT: {"script":"<script> [776 bytes]","args":[{"enterText":"600002","selector":{"id":"application-ruinventorylist-display-component---Master--smartFilterBar-btnBasicSearch","interaction":{"idSuffix":"I"}},"clearTextFirst":true,"interactionType":"ENTER_TEXT"}]}
COMMAND: POST /session/24b20ddd35874416169bd4d0a72e19cd/actions - {"actions":[{"id":"action5","type":"key","parameters":{},"actions":[{"type":"keyDown","value":""},{"type":"pause","duration":10},{"type":"keyUp","value":""}]}]}
RESULT: {"actions":[{"id":"action5","type":"key","parameters":{},"actions":[{"type":"keyDown","value":""},{"type":"pause","duration":10},{"type":"keyUp","value":""}]}]}
COMMAND: GET /session/24b20ddd35874416169bd4d0a72e19cd/screenshot - {}
RESULT: {}
COMMAND: POST /session/24b20ddd35874416169bd4d0a72e19cd/element - {"using":"xpath","value":"//span[@id=\"application-ruinventorylist-display-component---Master--smartTableRuInventoryList-header-inner\"]"}
RESULT: {"using":"xpath","value":"//span[@id=\"application-ruinventorylist-display-component---Master--smartTableRuInventoryList-header-inner\"]"}
COMMAND: POST /session/24b20ddd35874416169bd4d0a72e19cd/elements - {"using":"xpath","value":"//span[@id=\"application-ruinventorylist-display-component---Master--smartTableRuInventoryList-header-inner\"]"}
RESULT: {"using":"xpath","value":"//span[@id=\"application-ruinventorylist-display-component---Master--smartTableRuInventoryList-header-inner\"]"}
COMMAND: POST /session/24b20ddd35874416169bd4d0a72e19cd/execute/sync - {"script":"<script> [56 bytes]","args":[{"element-6066-11e4-a52e-4f735466cecf":"f.0DBE2F60DC08DFEB343D094A9929C683.d.234F1EAF105A350B9B2F908D8142CDE2.e.879","ELEMENT":"f.0DBE2F60DC08DFEB343D094A9929C683.d.234F1EAF105A350B9B2F908D8142CDE2.e.879"}]}
RESULT: {"script":"<script> [56 bytes]","args":[{"element-6066-11e4-a52e-4f735466cecf":"f.0DBE2F60DC08DFEB343D094A9929C683.d.234F1EAF105A350B9B2F908D8142CDE2.e.879","ELEMENT":"f.0DBE2F60DC08DFEB343D094A9929C683.d.234F1EAF105A350B9B2F908D8142CDE2.e.879"}]}
COMMAND: POST /session/24b20ddd35874416169bd4d0a72e19cd/element - {"using":"xpath","value":"//table[contains(@id, \"application-ruinventorylist-display-component---Master--tableRuInventoryList-listUl\")]/tbody/tr[1]/td[6]/div/span"}
COMMAND: GET /session/24b20ddd35874416169bd4d0a72e19cd/screenshot - {}
RESULT: {"using":"xpath","value":"//table[contains(@id, \"application-ruinventorylist-display-component---Master--tableRuInventoryList-listUl\")]/tbody/tr[1]/td[6]/div/span"}
COMMAND: POST /session/24b20ddd35874416169bd4d0a72e19cd/execute/sync - {"script":"<script> [56 bytes]","args":[{"element-6066-11e4-a52e-4f735466cecf":"f.0DBE2F60DC08DFEB343D094A9929C683.d.234F1EAF105A350B9B2F908D8142CDE2.e.1257","ELEMENT":"f.0DBE2F60DC08DFEB343D094A9929C683.d.234F1EAF105A350B9B2F908D8142CDE2.e.1257"}]}
RESULT: {}
RESULT: {"script":"<script> [56 bytes]","args":[{"element-6066-11e4-a52e-4f735466cecf":"f.0DBE2F60DC08DFEB343D094A9929C683.d.234F1EAF105A350B9B2F908D8142CDE2.e.1257","ELEMENT":"f.0DBE2F60DC08DFEB343D094A9929C683.d.234F1EAF105A350B9B2F908D8142CDE2.e.1257"}]}
COMMAND: POST /session/24b20ddd35874416169bd4d0a72e19cd/element - {"using":"xpath","value":"//div[contains(@id, \"smartFilterBar-btnBasicSearch-reset\")]"}
COMMAND: GET /session/24b20ddd35874416169bd4d0a72e19cd/screenshot - {}
RESULT: {"using":"xpath","value":"//div[contains(@id, \"smartFilterBar-btnBasicSearch-reset\")]"}
COMMAND: POST /session/24b20ddd35874416169bd4d0a72e19cd/element/f.0DBE2F60DC08DFEB343D094A9929C683.d.234F1EAF105A350B9B2F908D8142CDE2.e.897/click - {}
RESULT: {}
RESULT: {}
COMMAND: GET /session/24b20ddd35874416169bd4d0a72e19cd/screenshot - {}
RESULT: {}
RESULT: undefined
COMMAND: POST /session/24b20ddd35874416169bd4d0a72e19cd/execute/async - {"script":"<script> [776 bytes]","args":[{"enterText":"401002","selector":{"id":"application-ruinventorylist-display-component---Master--smartFilterBar-btnBasicSearch","interaction":{"idSuffix":"I"}},"clearTextFirst":true,"interactionType":"ENTER_TEXT"}]}
RESULT: {"script":"<script> [776 bytes]","args":[{"enterText":"401002","selector":{"id":"application-ruinventorylist-display-component---Master--smartFilterBar-btnBasicSearch","interaction":{"idSuffix":"I"}},"clearTextFirst":true,"interactionType":"ENTER_TEXT"}]}
COMMAND: POST /session/24b20ddd35874416169bd4d0a72e19cd/actions - {"actions":[{"id":"action6","type":"key","parameters":{},"actions":[{"type":"keyDown","value":""},{"type":"pause","duration":10},{"type":"keyUp","value":""}]}]}
RESULT: {"actions":[{"id":"action6","type":"key","parameters":{},"actions":[{"type":"keyDown","value":""},{"type":"pause","duration":10},{"type":"keyUp","value":""}]}]}
COMMAND: GET /session/24b20ddd35874416169bd4d0a72e19cd/screenshot - {}
RESULT: {}
COMMAND: POST /session/24b20ddd35874416169bd4d0a72e19cd/element - {"using":"xpath","value":"//span[@id=\"application-ruinventorylist-display-component---Master--smartTableRuInventoryList-header-inner\"]"}
RESULT: {"using":"xpath","value":"//span[@id=\"application-ruinventorylist-display-component---Master--smartTableRuInventoryList-header-inner\"]"}
COMMAND: POST /session/24b20ddd35874416169bd4d0a72e19cd/elements - {"using":"xpath","value":"//span[@id=\"application-ruinventorylist-display-component---Master--smartTableRuInventoryList-header-inner\"]"}
RESULT: {"using":"xpath","value":"//span[@id=\"application-ruinventorylist-display-component---Master--smartTableRuInventoryList-header-inner\"]"}
COMMAND: POST /session/24b20ddd35874416169bd4d0a72e19cd/execute/sync - {"script":"<script> [56 bytes]","args":[{"element-6066-11e4-a52e-4f735466cecf":"f.0DBE2F60DC08DFEB343D094A9929C683.d.234F1EAF105A350B9B2F908D8142CDE2.e.879","ELEMENT":"f.0DBE2F60DC08DFEB343D094A9929C683.d.234F1EAF105A350B9B2F908D8142CDE2.e.879"}]}
RESULT: {"script":"<script> [56 bytes]","args":[{"element-6066-11e4-a52e-4f735466cecf":"f.0DBE2F60DC08DFEB343D094A9929C683.d.234F1EAF105A350B9B2F908D8142CDE2.e.879","ELEMENT":"f.0DBE2F60DC08DFEB343D094A9929C683.d.234F1EAF105A350B9B2F908D8142CDE2.e.879"}]}
COMMAND: POST /session/24b20ddd35874416169bd4d0a72e19cd/element - {"using":"xpath","value":"//table[contains(@id, \"application-ruinventorylist-display-component---Master--tableRuInventoryList-listUl\")]/tbody/tr[1]/td[6]/div/span"}
COMMAND: GET /session/24b20ddd35874416169bd4d0a72e19cd/screenshot - {}
RESULT: {"using":"xpath","value":"//table[contains(@id, \"application-ruinventorylist-display-component---Master--tableRuInventoryList-listUl\")]/tbody/tr[1]/td[6]/div/span"}
COMMAND: POST /session/24b20ddd35874416169bd4d0a72e19cd/execute/sync - {"script":"<script> [56 bytes]","args":[{"element-6066-11e4-a52e-4f735466cecf":"f.0DBE2F60DC08DFEB343D094A9929C683.d.234F1EAF105A350B9B2F908D8142CDE2.e.1346","ELEMENT":"f.0DBE2F60DC08DFEB343D094A9929C683.d.234F1EAF105A350B9B2F908D8142CDE2.e.1346"}]}
RESULT: {}
RESULT: {"script":"<script> [56 bytes]","args":[{"element-6066-11e4-a52e-4f735466cecf":"f.0DBE2F60DC08DFEB343D094A9929C683.d.234F1EAF105A350B9B2F908D8142CDE2.e.1346","ELEMENT":"f.0DBE2F60DC08DFEB343D094A9929C683.d.234F1EAF105A350B9B2F908D8142CDE2.e.1346"}]}
COMMAND: POST /session/24b20ddd35874416169bd4d0a72e19cd/element - {"using":"xpath","value":"//div[contains(@id, \"smartFilterBar-btnBasicSearch-reset\")]"}
COMMAND: GET /session/24b20ddd35874416169bd4d0a72e19cd/screenshot - {}
RESULT: {"using":"xpath","value":"//div[contains(@id, \"smartFilterBar-btnBasicSearch-reset\")]"}
COMMAND: POST /session/24b20ddd35874416169bd4d0a72e19cd/element/f.0DBE2F60DC08DFEB343D094A9929C683.d.234F1EAF105A350B9B2F908D8142CDE2.e.897/click - {}
RESULT: {}
RESULT: {}
COMMAND: GET /session/24b20ddd35874416169bd4d0a72e19cd/screenshot - {}
RESULT: {}
COMMAND: POST /session/24b20ddd35874416169bd4d0a72e19cd/element/f.0DBE2F60DC08DFEB343D094A9929C683.d.234F1EAF105A350B9B2F908D8142CDE2.e.306/click - {}
RESULT: {}
COMMAND: GET /session/24b20ddd35874416169bd4d0a72e19cd/screenshot - {}
RESULT: {}
RESULT: undefined
COMMAND: POST /session/24b20ddd35874416169bd4d0a72e19cd/execute/async - {"script":"<script> [776 bytes]","args":[{"enterText":"600002","selector":{"id":"application-ruinventorylist-display-component---Master--smartFilterBar-btnBasicSearch","interaction":{"idSuffix":"I"}},"clearTextFirst":true,"interactionType":"ENTER_TEXT"}]}
RESULT: {"script":"<script> [776 bytes]","args":[{"enterText":"600002","selector":{"id":"application-ruinventorylist-display-component---Master--smartFilterBar-btnBasicSearch","interaction":{"idSuffix":"I"}},"clearTextFirst":true,"interactionType":"ENTER_TEXT"}]}
COMMAND: POST /session/24b20ddd35874416169bd4d0a72e19cd/actions - {"actions":[{"id":"action7","type":"key","parameters":{},"actions":[{"type":"keyDown","value":""},{"type":"pause","duration":10},{"type":"keyUp","value":""}]}]}
RESULT: {"actions":[{"id":"action7","type":"key","parameters":{},"actions":[{"type":"keyDown","value":""},{"type":"pause","duration":10},{"type":"keyUp","value":""}]}]}
COMMAND: GET /session/24b20ddd35874416169bd4d0a72e19cd/screenshot - {}
RESULT: {}
COMMAND: POST /session/24b20ddd35874416169bd4d0a72e19cd/element - {"using":"xpath","value":"//span[@id=\"application-ruinventorylist-display-component---Master--smartTableRuInventoryList-header-inner\"]"}
RESULT: {"using":"xpath","value":"//span[@id=\"application-ruinventorylist-display-component---Master--smartTableRuInventoryList-header-inner\"]"}
COMMAND: POST /session/24b20ddd35874416169bd4d0a72e19cd/elements - {"using":"xpath","value":"//span[@id=\"application-ruinventorylist-display-component---Master--smartTableRuInventoryList-header-inner\"]"}
RESULT: {"using":"xpath","value":"//span[@id=\"application-ruinventorylist-display-component---Master--smartTableRuInventoryList-header-inner\"]"}
COMMAND: POST /session/24b20ddd35874416169bd4d0a72e19cd/execute/sync - {"script":"<script> [56 bytes]","args":[{"element-6066-11e4-a52e-4f735466cecf":"f.0DBE2F60DC08DFEB343D094A9929C683.d.234F1EAF105A350B9B2F908D8142CDE2.e.879","ELEMENT":"f.0DBE2F60DC08DFEB343D094A9929C683.d.234F1EAF105A350B9B2F908D8142CDE2.e.879"}]}
RESULT: {"script":"<script> [56 bytes]","args":[{"element-6066-11e4-a52e-4f735466cecf":"f.0DBE2F60DC08DFEB343D094A9929C683.d.234F1EAF105A350B9B2F908D8142CDE2.e.879","ELEMENT":"f.0DBE2F60DC08DFEB343D094A9929C683.d.234F1EAF105A350B9B2F908D8142CDE2.e.879"}]}
COMMAND: POST /session/24b20ddd35874416169bd4d0a72e19cd/element - {"using":"xpath","value":"//table[contains(@id, \"application-ruinventorylist-display-component---Master--tableRuInventoryList-listUl\")]/tbody/tr[1]/td[2]/div/div"}
COMMAND: GET /session/24b20ddd35874416169bd4d0a72e19cd/screenshot - {}
RESULT: {"using":"xpath","value":"//table[contains(@id, \"application-ruinventorylist-display-component---Master--tableRuInventoryList-listUl\")]/tbody/tr[1]/td[2]/div/div"}
COMMAND: POST /session/24b20ddd35874416169bd4d0a72e19cd/element/f.0DBE2F60DC08DFEB343D094A9929C683.d.234F1EAF105A350B9B2F908D8142CDE2.e.1610/click - {}
RESULT: {}
RESULT: {}
COMMAND: GET /session/24b20ddd35874416169bd4d0a72e19cd/screenshot - {}
RESULT: {}
COMMAND: POST /session/24b20ddd35874416169bd4d0a72e19cd/element - {"using":"xpath","value":"//div[contains(@id, \"smartFilterBar-btnBasicSearch-reset\")]"}
RESULT: {"using":"xpath","value":"//div[contains(@id, \"smartFilterBar-btnBasicSearch-reset\")]"}
COMMAND: POST /session/24b20ddd35874416169bd4d0a72e19cd/element/f.0DBE2F60DC08DFEB343D094A9929C683.d.234F1EAF105A350B9B2F908D8142CDE2.e.897/click - {}
RESULT: {}
COMMAND: GET /session/24b20ddd35874416169bd4d0a72e19cd/screenshot - {}
RESULT: {}
RESULT: undefined
COMMAND: POST /session/24b20ddd35874416169bd4d0a72e19cd/execute/async - {"script":"<script> [776 bytes]","args":[{"enterText":"401002","selector":{"id":"application-ruinventorylist-display-component---Master--smartFilterBar-btnBasicSearch","interaction":{"idSuffix":"I"}},"clearTextFirst":true,"interactionType":"ENTER_TEXT"}]}
RESULT: {"script":"<script> [776 bytes]","args":[{"enterText":"401002","selector":{"id":"application-ruinventorylist-display-component---Master--smartFilterBar-btnBasicSearch","interaction":{"idSuffix":"I"}},"clearTextFirst":true,"interactionType":"ENTER_TEXT"}]}
COMMAND: POST /session/24b20ddd35874416169bd4d0a72e19cd/actions - {"actions":[{"id":"action8","type":"key","parameters":{},"actions":[{"type":"keyDown","value":""},{"type":"pause","duration":10},{"type":"keyUp","value":""}]}]}
RESULT: {"actions":[{"id":"action8","type":"key","parameters":{},"actions":[{"type":"keyDown","value":""},{"type":"pause","duration":10},{"type":"keyUp","value":""}]}]}
COMMAND: GET /session/24b20ddd35874416169bd4d0a72e19cd/screenshot - {}
RESULT: {}
COMMAND: POST /session/24b20ddd35874416169bd4d0a72e19cd/element - {"using":"xpath","value":"//span[@id=\"application-ruinventorylist-display-component---Master--smartTableRuInventoryList-header-inner\"]"}
RESULT: {"using":"xpath","value":"//span[@id=\"application-ruinventorylist-display-component---Master--smartTableRuInventoryList-header-inner\"]"}
COMMAND: POST /session/24b20ddd35874416169bd4d0a72e19cd/elements - {"using":"xpath","value":"//span[@id=\"application-ruinventorylist-display-component---Master--smartTableRuInventoryList-header-inner\"]"}
RESULT: {"using":"xpath","value":"//span[@id=\"application-ruinventorylist-display-component---Master--smartTableRuInventoryList-header-inner\"]"}
COMMAND: POST /session/24b20ddd35874416169bd4d0a72e19cd/execute/sync - {"script":"<script> [56 bytes]","args":[{"element-6066-11e4-a52e-4f735466cecf":"f.0DBE2F60DC08DFEB343D094A9929C683.d.234F1EAF105A350B9B2F908D8142CDE2.e.879","ELEMENT":"f.0DBE2F60DC08DFEB343D094A9929C683.d.234F1EAF105A350B9B2F908D8142CDE2.e.879"}]}
RESULT: {"script":"<script> [56 bytes]","args":[{"element-6066-11e4-a52e-4f735466cecf":"f.0DBE2F60DC08DFEB343D094A9929C683.d.234F1EAF105A350B9B2F908D8142CDE2.e.879","ELEMENT":"f.0DBE2F60DC08DFEB343D094A9929C683.d.234F1EAF105A350B9B2F908D8142CDE2.e.879"}]}
COMMAND: POST /session/24b20ddd35874416169bd4d0a72e19cd/element - {"using":"xpath","value":"//table[contains(@id, \"application-ruinventorylist-display-component---Master--tableRuInventoryList-listUl\")]/tbody/tr[1]/td[2]/div/div"}
COMMAND: GET /session/24b20ddd35874416169bd4d0a72e19cd/screenshot - {}
RESULT: {"using":"xpath","value":"//table[contains(@id, \"application-ruinventorylist-display-component---Master--tableRuInventoryList-listUl\")]/tbody/tr[1]/td[2]/div/div"}
COMMAND: POST /session/24b20ddd35874416169bd4d0a72e19cd/element/f.0DBE2F60DC08DFEB343D094A9929C683.d.234F1EAF105A350B9B2F908D8142CDE2.e.1770/click - {}
RESULT: {}
RESULT: {}
COMMAND: GET /session/24b20ddd35874416169bd4d0a72e19cd/screenshot - {}
RESULT: {}
COMMAND: POST /session/24b20ddd35874416169bd4d0a72e19cd/element - {"using":"xpath","value":"//div[contains(@id, \"smartFilterBar-btnBasicSearch-reset\")]"}
RESULT: {"using":"xpath","value":"//div[contains(@id, \"smartFilterBar-btnBasicSearch-reset\")]"}
COMMAND: POST /session/24b20ddd35874416169bd4d0a72e19cd/element/f.0DBE2F60DC08DFEB343D094A9929C683.d.234F1EAF105A350B9B2F908D8142CDE2.e.897/click - {}
RESULT: {}
COMMAND: GET /session/24b20ddd35874416169bd4d0a72e19cd/screenshot - {}
RESULT: {}
COMMAND: POST /session/24b20ddd35874416169bd4d0a72e19cd/element/f.0DBE2F60DC08DFEB343D094A9929C683.d.234F1EAF105A350B9B2F908D8142CDE2.e.306/click - {}
RESULT: {}
COMMAND: GET /session/24b20ddd35874416169bd4d0a72e19cd/screenshot - {}
RESULT: {}
RESULT: undefined
COMMAND: POST /session/24b20ddd35874416169bd4d0a72e19cd/element - {"using":"xpath","value":"//*[@id=\"application-ruinventorylist-display-component---Master--ruStateTypes-arrow\"]"}
RESULT: {"using":"xpath","value":"//*[@id=\"application-ruinventorylist-display-component---Master--ruStateTypes-arrow\"]"}
COMMAND: POST /session/24b20ddd35874416169bd4d0a72e19cd/element/f.0DBE2F60DC08DFEB343D094A9929C683.d.234F1EAF105A350B9B2F908D8142CDE2.e.1945/click - {}
RESULT: {}
COMMAND: GET /session/24b20ddd35874416169bd4d0a72e19cd/screenshot - {}
RESULT: {}
COMMAND: POST /session/24b20ddd35874416169bd4d0a72e19cd/element - {"using":"xpath","value":"//li[.//span[text()=\"available\"]]"}
RESULT: {"using":"xpath","value":"//li[.//span[text()=\"available\"]]"}
COMMAND: POST /session/24b20ddd35874416169bd4d0a72e19cd/element/f.0DBE2F60DC08DFEB343D094A9929C683.d.234F1EAF105A350B9B2F908D8142CDE2.e.1946/click - {}
RESULT: {}
COMMAND: GET /session/24b20ddd35874416169bd4d0a72e19cd/screenshot - {}
RESULT: {}
COMMAND: POST /session/24b20ddd35874416169bd4d0a72e19cd/element - {"using":"xpath","value":"(//bdi[contains(text(), \"OK\")])[1]"}
RESULT: {"using":"xpath","value":"(//bdi[contains(text(), \"OK\")])[1]"}
COMMAND: POST /session/24b20ddd35874416169bd4d0a72e19cd/element/f.0DBE2F60DC08DFEB343D094A9929C683.d.234F1EAF105A350B9B2F908D8142CDE2.e.1947/click - {}
RESULT: {}
COMMAND: GET /session/24b20ddd35874416169bd4d0a72e19cd/screenshot - {}
RESULT: {}
COMMAND: POST /session/24b20ddd35874416169bd4d0a72e19cd/element - {"using":"xpath","value":"(//bdi[contains(text(), \"OK\")])[2]"}
RESULT: {"using":"xpath","value":"(//bdi[contains(text(), \"OK\")])[2]"}
COMMAND: POST /session/24b20ddd35874416169bd4d0a72e19cd/element/f.0DBE2F60DC08DFEB343D094A9929C683.d.234F1EAF105A350B9B2F908D8142CDE2.e.1951/click - {}
RESULT: {}
COMMAND: GET /session/24b20ddd35874416169bd4d0a72e19cd/screenshot - {}
RESULT: {}
RESULT: undefined
COMMAND: POST /session/24b20ddd35874416169bd4d0a72e19cd/execute/async - {"script":"<script> [776 bytes]","args":[{"enterText":"600002","selector":{"id":"application-ruinventorylist-display-component---Master--smartFilterBar-btnBasicSearch","interaction":{"idSuffix":"I"}},"clearTextFirst":true,"interactionType":"ENTER_TEXT"}]}
RESULT: {"script":"<script> [776 bytes]","args":[{"enterText":"600002","selector":{"id":"application-ruinventorylist-display-component---Master--smartFilterBar-btnBasicSearch","interaction":{"idSuffix":"I"}},"clearTextFirst":true,"interactionType":"ENTER_TEXT"}]}
COMMAND: POST /session/24b20ddd35874416169bd4d0a72e19cd/actions - {"actions":[{"id":"action9","type":"key","parameters":{},"actions":[{"type":"keyDown","value":""},{"type":"pause","duration":10},{"type":"keyUp","value":""}]}]}
RESULT: {"actions":[{"id":"action9","type":"key","parameters":{},"actions":[{"type":"keyDown","value":""},{"type":"pause","duration":10},{"type":"keyUp","value":""}]}]}
COMMAND: GET /session/24b20ddd35874416169bd4d0a72e19cd/screenshot - {}
RESULT: {}
COMMAND: POST /session/24b20ddd35874416169bd4d0a72e19cd/element - {"using":"xpath","value":"//span[@id=\"application-ruinventorylist-display-component---Master--smartTableRuInventoryList-header-inner\"]"}
RESULT: {"using":"xpath","value":"//span[@id=\"application-ruinventorylist-display-component---Master--smartTableRuInventoryList-header-inner\"]"}
COMMAND: POST /session/24b20ddd35874416169bd4d0a72e19cd/elements - {"using":"xpath","value":"//span[@id=\"application-ruinventorylist-display-component---Master--smartTableRuInventoryList-header-inner\"]"}
RESULT: {"using":"xpath","value":"//span[@id=\"application-ruinventorylist-display-component---Master--smartTableRuInventoryList-header-inner\"]"}
COMMAND: POST /session/24b20ddd35874416169bd4d0a72e19cd/execute/sync - {"script":"<script> [56 bytes]","args":[{"element-6066-11e4-a52e-4f735466cecf":"f.0DBE2F60DC08DFEB343D094A9929C683.d.234F1EAF105A350B9B2F908D8142CDE2.e.879","ELEMENT":"f.0DBE2F60DC08DFEB343D094A9929C683.d.234F1EAF105A350B9B2F908D8142CDE2.e.879"}]}
RESULT: {"script":"<script> [56 bytes]","args":[{"element-6066-11e4-a52e-4f735466cecf":"f.0DBE2F60DC08DFEB343D094A9929C683.d.234F1EAF105A350B9B2F908D8142CDE2.e.879","ELEMENT":"f.0DBE2F60DC08DFEB343D094A9929C683.d.234F1EAF105A350B9B2F908D8142CDE2.e.879"}]}
COMMAND: POST /session/24b20ddd35874416169bd4d0a72e19cd/element - {"using":"xpath","value":"//table[contains(@id, \"application-ruinventorylist-display-component---Master--tableRuInventoryList-listUl\")]/tbody/tr[1]/td[6]/div/span"}
COMMAND: GET /session/24b20ddd35874416169bd4d0a72e19cd/screenshot - {}
RESULT: {"using":"xpath","value":"//table[contains(@id, \"application-ruinventorylist-display-component---Master--tableRuInventoryList-listUl\")]/tbody/tr[1]/td[6]/div/span"}
COMMAND: POST /session/24b20ddd35874416169bd4d0a72e19cd/execute/sync - {"script":"<script> [56 bytes]","args":[{"element-6066-11e4-a52e-4f735466cecf":"f.0DBE2F60DC08DFEB343D094A9929C683.d.234F1EAF105A350B9B2F908D8142CDE2.e.1973","ELEMENT":"f.0DBE2F60DC08DFEB343D094A9929C683.d.234F1EAF105A350B9B2F908D8142CDE2.e.1973"}]}
RESULT: {}
RESULT: {"script":"<script> [56 bytes]","args":[{"element-6066-11e4-a52e-4f735466cecf":"f.0DBE2F60DC08DFEB343D094A9929C683.d.234F1EAF105A350B9B2F908D8142CDE2.e.1973","ELEMENT":"f.0DBE2F60DC08DFEB343D094A9929C683.d.234F1EAF105A350B9B2F908D8142CDE2.e.1973"}]}
COMMAND: POST /session/24b20ddd35874416169bd4d0a72e19cd/element - {"using":"xpath","value":"//div[contains(@id, \"smartFilterBar-btnBasicSearch-reset\")]"}
COMMAND: GET /session/24b20ddd35874416169bd4d0a72e19cd/screenshot - {}
RESULT: {"using":"xpath","value":"//div[contains(@id, \"smartFilterBar-btnBasicSearch-reset\")]"}
COMMAND: POST /session/24b20ddd35874416169bd4d0a72e19cd/element/f.0DBE2F60DC08DFEB343D094A9929C683.d.234F1EAF105A350B9B2F908D8142CDE2.e.897/click - {}
RESULT: {}
RESULT: {}
COMMAND: GET /session/24b20ddd35874416169bd4d0a72e19cd/screenshot - {}
RESULT: {}
RESULT: undefined
COMMAND: POST /session/24b20ddd35874416169bd4d0a72e19cd/execute/async - {"script":"<script> [776 bytes]","args":[{"enterText":"401002","selector":{"id":"application-ruinventorylist-display-component---Master--smartFilterBar-btnBasicSearch","interaction":{"idSuffix":"I"}},"clearTextFirst":true,"interactionType":"ENTER_TEXT"}]}
RESULT: {"script":"<script> [776 bytes]","args":[{"enterText":"401002","selector":{"id":"application-ruinventorylist-display-component---Master--smartFilterBar-btnBasicSearch","interaction":{"idSuffix":"I"}},"clearTextFirst":true,"interactionType":"ENTER_TEXT"}]}
COMMAND: POST /session/24b20ddd35874416169bd4d0a72e19cd/actions - {"actions":[{"id":"action10","type":"key","parameters":{},"actions":[{"type":"keyDown","value":""},{"type":"pause","duration":10},{"type":"keyUp","value":""}]}]}
RESULT: {"actions":[{"id":"action10","type":"key","parameters":{},"actions":[{"type":"keyDown","value":""},{"type":"pause","duration":10},{"type":"keyUp","value":""}]}]}
COMMAND: GET /session/24b20ddd35874416169bd4d0a72e19cd/screenshot - {}
RESULT: {}
COMMAND: POST /session/24b20ddd35874416169bd4d0a72e19cd/element - {"using":"xpath","value":"//span[@id=\"application-ruinventorylist-display-component---Master--smartTableRuInventoryList-header-inner\"]"}
RESULT: {"using":"xpath","value":"//span[@id=\"application-ruinventorylist-display-component---Master--smartTableRuInventoryList-header-inner\"]"}
COMMAND: POST /session/24b20ddd35874416169bd4d0a72e19cd/elements - {"using":"xpath","value":"//span[@id=\"application-ruinventorylist-display-component---Master--smartTableRuInventoryList-header-inner\"]"}
RESULT: {"using":"xpath","value":"//span[@id=\"application-ruinventorylist-display-component---Master--smartTableRuInventoryList-header-inner\"]"}
COMMAND: POST /session/24b20ddd35874416169bd4d0a72e19cd/execute/sync - {"script":"<script> [56 bytes]","args":[{"element-6066-11e4-a52e-4f735466cecf":"f.0DBE2F60DC08DFEB343D094A9929C683.d.234F1EAF105A350B9B2F908D8142CDE2.e.879","ELEMENT":"f.0DBE2F60DC08DFEB343D094A9929C683.d.234F1EAF105A350B9B2F908D8142CDE2.e.879"}]}
RESULT: {"script":"<script> [56 bytes]","args":[{"element-6066-11e4-a52e-4f735466cecf":"f.0DBE2F60DC08DFEB343D094A9929C683.d.234F1EAF105A350B9B2F908D8142CDE2.e.879","ELEMENT":"f.0DBE2F60DC08DFEB343D094A9929C683.d.234F1EAF105A350B9B2F908D8142CDE2.e.879"}]}
COMMAND: POST /session/24b20ddd35874416169bd4d0a72e19cd/element - {"using":"xpath","value":"//table[contains(@id, \"application-ruinventorylist-display-component---Master--tableRuInventoryList-listUl\")]/tbody/tr[1]/td[6]/div/span"}
COMMAND: GET /session/24b20ddd35874416169bd4d0a72e19cd/screenshot - {}
RESULT: {"using":"xpath","value":"//table[contains(@id, \"application-ruinventorylist-display-component---Master--tableRuInventoryList-listUl\")]/tbody/tr[1]/td[6]/div/span"}
COMMAND: POST /session/24b20ddd35874416169bd4d0a72e19cd/execute/sync - {"script":"<script> [56 bytes]","args":[{"element-6066-11e4-a52e-4f735466cecf":"f.0DBE2F60DC08DFEB343D094A9929C683.d.234F1EAF105A350B9B2F908D8142CDE2.e.2063","ELEMENT":"f.0DBE2F60DC08DFEB343D094A9929C683.d.234F1EAF105A350B9B2F908D8142CDE2.e.2063"}]}
RESULT: {}
RESULT: {"script":"<script> [56 bytes]","args":[{"element-6066-11e4-a52e-4f735466cecf":"f.0DBE2F60DC08DFEB343D094A9929C683.d.234F1EAF105A350B9B2F908D8142CDE2.e.2063","ELEMENT":"f.0DBE2F60DC08DFEB343D094A9929C683.d.234F1EAF105A350B9B2F908D8142CDE2.e.2063"}]}
COMMAND: POST /session/24b20ddd35874416169bd4d0a72e19cd/element - {"using":"xpath","value":"//div[contains(@id, \"smartFilterBar-btnBasicSearch-reset\")]"}
COMMAND: GET /session/24b20ddd35874416169bd4d0a72e19cd/screenshot - {}
RESULT: {"using":"xpath","value":"//div[contains(@id, \"smartFilterBar-btnBasicSearch-reset\")]"}
COMMAND: POST /session/24b20ddd35874416169bd4d0a72e19cd/element/f.0DBE2F60DC08DFEB343D094A9929C683.d.234F1EAF105A350B9B2F908D8142CDE2.e.897/click - {}
RESULT: {}
RESULT: {}
COMMAND: GET /session/24b20ddd35874416169bd4d0a72e19cd/screenshot - {}
RESULT: {}
COMMAND: POST /session/24b20ddd35874416169bd4d0a72e19cd/element - {"using":"css selector","value":"#shell-header-logo"}
RESULT: {"using":"css selector","value":"#shell-header-logo"}
COMMAND: POST /session/24b20ddd35874416169bd4d0a72e19cd/element/f.0DBE2F60DC08DFEB343D094A9929C683.d.234F1EAF105A350B9B2F908D8142CDE2.e.274/click - {}
RESULT: {}
COMMAND: GET /session/24b20ddd35874416169bd4d0a72e19cd/screenshot - {}
RESULT: {}
]]></system-out>
    </testcase>
    <testcase classname="chrome.136_0_7103_93.windows.RU_Inventory_Mass_State_Change_Multiple_Items_US151066" name="Prerequisite Step 2 Should create a new equipment" time="169.95">
      <system-out><![CDATA[
COMMAND: POST /session/24b20ddd35874416169bd4d0a72e19cd/execute/async - {"script":"<script> [1562 bytes]","args":[{"selector":{"controlType":"sap.m.GenericTile","properties":{"header":"Manage Resources"}},"wdio_ui5_key":"sapm.GenericTile{\"header\":\"Manage Resources\"}"}]}
RESULT: {"script":"<script> [1562 bytes]","args":[{"selector":{"controlType":"sap.m.GenericTile","properties":{"header":"Manage Resources"}},"wdio_ui5_key":"sapm.GenericTile{\"header\":\"Manage Resources\"}"}]}
RESULT: undefined
COMMAND: POST /session/24b20ddd35874416169bd4d0a72e19cd/element - {"using":"xpath","value":"//*[@id=\"__tile39\"]"}
RESULT: {"using":"xpath","value":"//*[@id=\"__tile39\"]"}
COMMAND: POST /session/24b20ddd35874416169bd4d0a72e19cd/element/f.0DBE2F60DC08DFEB343D094A9929C683.d.234F1EAF105A350B9B2F908D8142CDE2.e.164/click - {}
RESULT: {}
COMMAND: GET /session/24b20ddd35874416169bd4d0a72e19cd/screenshot - {}
RESULT: {}
COMMAND: POST /session/24b20ddd35874416169bd4d0a72e19cd/elements - {"using":"xpath","value":"//span[text()='Error']"}
RESULT: {"using":"xpath","value":"//span[text()='Error']"}
COMMAND: POST /session/24b20ddd35874416169bd4d0a72e19cd/element - {"using":"xpath","value":"//button[@data-kt=\"addNewRUOverflowToolbarButton\"]"}
RESULT: {"using":"xpath","value":"//button[@data-kt=\"addNewRUOverflowToolbarButton\"]"}
COMMAND: POST /session/24b20ddd35874416169bd4d0a72e19cd/elements - {"using":"xpath","value":"//button[@data-kt=\"addNewRUOverflowToolbarButton\"]"}
RESULT: {"using":"xpath","value":"//button[@data-kt=\"addNewRUOverflowToolbarButton\"]"}
COMMAND: POST /session/24b20ddd35874416169bd4d0a72e19cd/elements - {"using":"xpath","value":"//button[@data-kt=\"addNewRUOverflowToolbarButton\"]"}
RESULT: {"using":"xpath","value":"//button[@data-kt=\"addNewRUOverflowToolbarButton\"]"}
COMMAND: POST /session/24b20ddd35874416169bd4d0a72e19cd/elements - {"using":"xpath","value":"//button[@data-kt=\"addNewRUOverflowToolbarButton\"]"}
RESULT: {"using":"xpath","value":"//button[@data-kt=\"addNewRUOverflowToolbarButton\"]"}
COMMAND: POST /session/24b20ddd35874416169bd4d0a72e19cd/elements - {"using":"xpath","value":"//button[@data-kt=\"addNewRUOverflowToolbarButton\"]"}
RESULT: {"using":"xpath","value":"//button[@data-kt=\"addNewRUOverflowToolbarButton\"]"}
COMMAND: POST /session/24b20ddd35874416169bd4d0a72e19cd/elements - {"using":"xpath","value":"//button[@data-kt=\"addNewRUOverflowToolbarButton\"]"}
RESULT: {"using":"xpath","value":"//button[@data-kt=\"addNewRUOverflowToolbarButton\"]"}
COMMAND: POST /session/24b20ddd35874416169bd4d0a72e19cd/elements - {"using":"xpath","value":"//button[@data-kt=\"addNewRUOverflowToolbarButton\"]"}
RESULT: {"using":"xpath","value":"//button[@data-kt=\"addNewRUOverflowToolbarButton\"]"}
COMMAND: POST /session/24b20ddd35874416169bd4d0a72e19cd/element - {"using":"xpath","value":"//button[@data-kt=\"addNewRUOverflowToolbarButton\"]"}
RESULT: {"using":"xpath","value":"//button[@data-kt=\"addNewRUOverflowToolbarButton\"]"}
COMMAND: POST /session/24b20ddd35874416169bd4d0a72e19cd/execute/sync - {"script":"<script> [8489 bytes]","args":[{"element-6066-11e4-a52e-4f735466cecf":"f.0DBE2F60DC08DFEB343D094A9929C683.d.234F1EAF105A350B9B2F908D8142CDE2.e.2171","ELEMENT":"f.0DBE2F60DC08DFEB343D094A9929C683.d.234F1EAF105A350B9B2F908D8142CDE2.e.2171"}]}
RESULT: {"script":"<script> [8489 bytes]","args":[{"element-6066-11e4-a52e-4f735466cecf":"f.0DBE2F60DC08DFEB343D094A9929C683.d.234F1EAF105A350B9B2F908D8142CDE2.e.2171","ELEMENT":"f.0DBE2F60DC08DFEB343D094A9929C683.d.234F1EAF105A350B9B2F908D8142CDE2.e.2171"}]}
COMMAND: GET /session/24b20ddd35874416169bd4d0a72e19cd/element/f.0DBE2F60DC08DFEB343D094A9929C683.d.234F1EAF105A350B9B2F908D8142CDE2.e.2171/enabled - {}
COMMAND: GET /session/24b20ddd35874416169bd4d0a72e19cd/screenshot - {}
RESULT: {}
COMMAND: POST /session/24b20ddd35874416169bd4d0a72e19cd/execute/sync - {"script":"<script> [8489 bytes]","args":[{"element-6066-11e4-a52e-4f735466cecf":"f.0DBE2F60DC08DFEB343D094A9929C683.d.234F1EAF105A350B9B2F908D8142CDE2.e.2171","ELEMENT":"f.0DBE2F60DC08DFEB343D094A9929C683.d.234F1EAF105A350B9B2F908D8142CDE2.e.2171"}]}
COMMAND: GET /session/24b20ddd35874416169bd4d0a72e19cd/screenshot - {}
RESULT: {}
RESULT: {"script":"<script> [8489 bytes]","args":[{"element-6066-11e4-a52e-4f735466cecf":"f.0DBE2F60DC08DFEB343D094A9929C683.d.234F1EAF105A350B9B2F908D8142CDE2.e.2171","ELEMENT":"f.0DBE2F60DC08DFEB343D094A9929C683.d.234F1EAF105A350B9B2F908D8142CDE2.e.2171"}]}
COMMAND: POST /session/24b20ddd35874416169bd4d0a72e19cd/execute/sync - {"script":"<script> [5351 bytes]","args":[{"element-6066-11e4-a52e-4f735466cecf":"f.0DBE2F60DC08DFEB343D094A9929C683.d.234F1EAF105A350B9B2F908D8142CDE2.e.2171","ELEMENT":"f.0DBE2F60DC08DFEB343D094A9929C683.d.234F1EAF105A350B9B2F908D8142CDE2.e.2171"}]}
COMMAND: GET /session/24b20ddd35874416169bd4d0a72e19cd/screenshot - {}
RESULT: {}
RESULT: {"script":"<script> [5351 bytes]","args":[{"element-6066-11e4-a52e-4f735466cecf":"f.0DBE2F60DC08DFEB343D094A9929C683.d.234F1EAF105A350B9B2F908D8142CDE2.e.2171","ELEMENT":"f.0DBE2F60DC08DFEB343D094A9929C683.d.234F1EAF105A350B9B2F908D8142CDE2.e.2171"}]}
COMMAND: POST /session/24b20ddd35874416169bd4d0a72e19cd/element/f.0DBE2F60DC08DFEB343D094A9929C683.d.234F1EAF105A350B9B2F908D8142CDE2.e.2171/click - {}
COMMAND: GET /session/24b20ddd35874416169bd4d0a72e19cd/screenshot - {}
RESULT: {}
RESULT: {}
COMMAND: GET /session/24b20ddd35874416169bd4d0a72e19cd/screenshot - {}
RESULT: {}
COMMAND: POST /session/24b20ddd35874416169bd4d0a72e19cd/execute/async - {"script":"<script> [1562 bytes]","args":[{"selector":{"id":"application-manageresources-display-component---newResourceUnit--TYPE-arrow"},"wdio_ui5_key":"applicationmanageresources-display-component---newResourceUnit--TYPE-arrow"}]}
RESULT: {}
RESULT: {"script":"<script> [1562 bytes]","args":[{"selector":{"id":"application-manageresources-display-component---newResourceUnit--TYPE-arrow"},"wdio_ui5_key":"applicationmanageresources-display-component---newResourceUnit--TYPE-arrow"}]}
RESULT: undefined
COMMAND: POST /session/24b20ddd35874416169bd4d0a72e19cd/element - {"using":"xpath","value":"//*[@id=\"application-manageresources-display-component---newResourceUnit--TYPE-arrow\"]"}
RESULT: {"using":"xpath","value":"//*[@id=\"application-manageresources-display-component---newResourceUnit--TYPE-arrow\"]"}
COMMAND: POST /session/24b20ddd35874416169bd4d0a72e19cd/element/f.0DBE2F60DC08DFEB343D094A9929C683.d.234F1EAF105A350B9B2F908D8142CDE2.e.2343/click - {}
RESULT: {}
COMMAND: POST /session/24b20ddd35874416169bd4d0a72e19cd/element - {"using":"xpath","value":"//input[@id=\"application-manageresources-display-component---newResourceUnit--TYPE-inner\"]"}
COMMAND: GET /session/24b20ddd35874416169bd4d0a72e19cd/screenshot - {}
RESULT: {"using":"xpath","value":"//input[@id=\"application-manageresources-display-component---newResourceUnit--TYPE-inner\"]"}
COMMAND: POST /session/24b20ddd35874416169bd4d0a72e19cd/element/f.0DBE2F60DC08DFEB343D094A9929C683.d.234F1EAF105A350B9B2F908D8142CDE2.e.2226/clear - {}
RESULT: {}
RESULT: {}
COMMAND: POST /session/24b20ddd35874416169bd4d0a72e19cd/element/f.0DBE2F60DC08DFEB343D094A9929C683.d.234F1EAF105A350B9B2F908D8142CDE2.e.2226/value - {"text":"Equipment"}
COMMAND: GET /session/24b20ddd35874416169bd4d0a72e19cd/screenshot - {}
RESULT: {"text":"Equipment"}
COMMAND: GET /session/24b20ddd35874416169bd4d0a72e19cd/screenshot - {}
RESULT: {}
RESULT: {}
COMMAND: POST /session/24b20ddd35874416169bd4d0a72e19cd/actions - {"actions":[{"id":"action11","type":"key","parameters":{},"actions":[{"type":"keyDown","value":""},{"type":"pause","duration":10},{"type":"keyUp","value":""}]}]}
RESULT: {"actions":[{"id":"action11","type":"key","parameters":{},"actions":[{"type":"keyDown","value":""},{"type":"pause","duration":10},{"type":"keyUp","value":""}]}]}
COMMAND: POST /session/24b20ddd35874416169bd4d0a72e19cd/execute/async - {"script":"<script> [1562 bytes]","args":[{"selector":{"id":"application-manageresources-display-component---newResourceUnit--resourceId","interaction":{"idSuffix":"inner"}},"wdio_ui5_key":"applicationmanageresources-display-component---newResourceUnit--resourceId"}]}
COMMAND: GET /session/24b20ddd35874416169bd4d0a72e19cd/screenshot - {}
RESULT: {"script":"<script> [1562 bytes]","args":[{"selector":{"id":"application-manageresources-display-component---newResourceUnit--resourceId","interaction":{"idSuffix":"inner"}},"wdio_ui5_key":"applicationmanageresources-display-component---newResourceUnit--resourceId"}]}
RESULT: undefined
COMMAND: POST /session/24b20ddd35874416169bd4d0a72e19cd/execute/async - {"script":"<script> [776 bytes]","args":[{"enterText":"m2VepGOEE9","selector":{"id":"application-manageresources-display-component---newResourceUnit--resourceId","interaction":{"idSuffix":"inner"}},"clearTextFirst":true,"interactionType":"ENTER_TEXT"}]}
RESULT: {}
RESULT: {"script":"<script> [776 bytes]","args":[{"enterText":"m2VepGOEE9","selector":{"id":"application-manageresources-display-component---newResourceUnit--resourceId","interaction":{"idSuffix":"inner"}},"clearTextFirst":true,"interactionType":"ENTER_TEXT"}]}
COMMAND: POST /session/24b20ddd35874416169bd4d0a72e19cd/execute/async - {"script":"<script> [1562 bytes]","args":[{"selector":{"id":"application-manageresources-display-component---newResourceUnit--SHORT_TEXT","interaction":{"idSuffix":"inner"}},"wdio_ui5_key":"applicationmanageresources-display-component---newResourceUnit--SHORT_TEXT"}]}
RESULT: {"script":"<script> [1562 bytes]","args":[{"selector":{"id":"application-manageresources-display-component---newResourceUnit--SHORT_TEXT","interaction":{"idSuffix":"inner"}},"wdio_ui5_key":"applicationmanageresources-display-component---newResourceUnit--SHORT_TEXT"}]}
RESULT: undefined
COMMAND: POST /session/24b20ddd35874416169bd4d0a72e19cd/execute/async - {"script":"<script> [776 bytes]","args":[{"enterText":"Intercompany Equipment WDIO","selector":{"id":"application-manageresources-display-component---newResourceUnit--SHORT_TEXT","interaction":{"idSuffix":"inner"}},"clearTextFirst":true,"interactionType":"ENTER_TEXT"}]}
RESULT: {"script":"<script> [776 bytes]","args":[{"enterText":"Intercompany Equipment WDIO","selector":{"id":"application-manageresources-display-component---newResourceUnit--SHORT_TEXT","interaction":{"idSuffix":"inner"}},"clearTextFirst":true,"interactionType":"ENTER_TEXT"}]}
COMMAND: POST /session/24b20ddd35874416169bd4d0a72e19cd/execute/async - {"script":"<script> [1562 bytes]","args":[{"selector":{"id":"application-manageresources-display-component---newResourceUnit--BASE_UNIT_OF_MEASURE","interaction":{"idSuffix":"inner"}},"wdio_ui5_key":"applicationmanageresources-display-component---newResourceUnit--BASE_UNIT_OF_MEASURE"}]}
RESULT: {"script":"<script> [1562 bytes]","args":[{"selector":{"id":"application-manageresources-display-component---newResourceUnit--BASE_UNIT_OF_MEASURE","interaction":{"idSuffix":"inner"}},"wdio_ui5_key":"applicationmanageresources-display-component---newResourceUnit--BASE_UNIT_OF_MEASURE"}]}
RESULT: undefined
COMMAND: POST /session/24b20ddd35874416169bd4d0a72e19cd/execute/async - {"script":"<script> [776 bytes]","args":[{"enterText":"Piece","selector":{"id":"application-manageresources-display-component---newResourceUnit--BASE_UNIT_OF_MEASURE","interaction":{"idSuffix":"inner"}},"clearTextFirst":true,"interactionType":"ENTER_TEXT"}]}
RESULT: {"script":"<script> [776 bytes]","args":[{"enterText":"Piece","selector":{"id":"application-manageresources-display-component---newResourceUnit--BASE_UNIT_OF_MEASURE","interaction":{"idSuffix":"inner"}},"clearTextFirst":true,"interactionType":"ENTER_TEXT"}]}
COMMAND: POST /session/24b20ddd35874416169bd4d0a72e19cd/execute/async - {"script":"<script> [1562 bytes]","args":[{"selector":{"id":"application-manageresources-display-component---newResourceUnit--WEIGHT_UNIT","interaction":{"idSuffix":"inner"}},"wdio_ui5_key":"applicationmanageresources-display-component---newResourceUnit--WEIGHT_UNIT"}]}
RESULT: {"script":"<script> [1562 bytes]","args":[{"selector":{"id":"application-manageresources-display-component---newResourceUnit--WEIGHT_UNIT","interaction":{"idSuffix":"inner"}},"wdio_ui5_key":"applicationmanageresources-display-component---newResourceUnit--WEIGHT_UNIT"}]}
RESULT: undefined
COMMAND: POST /session/24b20ddd35874416169bd4d0a72e19cd/execute/async - {"script":"<script> [776 bytes]","args":[{"enterText":"Gram","selector":{"id":"application-manageresources-display-component---newResourceUnit--WEIGHT_UNIT","interaction":{"idSuffix":"inner"}},"clearTextFirst":true,"interactionType":"ENTER_TEXT"}]}
RESULT: {"script":"<script> [776 bytes]","args":[{"enterText":"Gram","selector":{"id":"application-manageresources-display-component---newResourceUnit--WEIGHT_UNIT","interaction":{"idSuffix":"inner"}},"clearTextFirst":true,"interactionType":"ENTER_TEXT"}]}
COMMAND: POST /session/24b20ddd35874416169bd4d0a72e19cd/execute/async - {"script":"<script> [1562 bytes]","args":[{"selector":{"id":"application-manageresources-display-component---newResourceUnit--DIMENSION_UNIT","interaction":{"idSuffix":"inner"}},"wdio_ui5_key":"applicationmanageresources-display-component---newResourceUnit--DIMENSION_UNIT"}]}
RESULT: {"script":"<script> [1562 bytes]","args":[{"selector":{"id":"application-manageresources-display-component---newResourceUnit--DIMENSION_UNIT","interaction":{"idSuffix":"inner"}},"wdio_ui5_key":"applicationmanageresources-display-component---newResourceUnit--DIMENSION_UNIT"}]}
RESULT: undefined
COMMAND: POST /session/24b20ddd35874416169bd4d0a72e19cd/execute/async - {"script":"<script> [776 bytes]","args":[{"enterText":"Meter","selector":{"id":"application-manageresources-display-component---newResourceUnit--DIMENSION_UNIT","interaction":{"idSuffix":"inner"}},"clearTextFirst":true,"interactionType":"ENTER_TEXT"}]}
RESULT: {"script":"<script> [776 bytes]","args":[{"enterText":"Meter","selector":{"id":"application-manageresources-display-component---newResourceUnit--DIMENSION_UNIT","interaction":{"idSuffix":"inner"}},"clearTextFirst":true,"interactionType":"ENTER_TEXT"}]}
COMMAND: POST /session/24b20ddd35874416169bd4d0a72e19cd/execute/async - {"script":"<script> [1562 bytes]","args":[{"selector":{"id":"application-manageresources-display-component---newResourceUnit--newRRUPage-anchBar-application-manageresources-display-component---newResourceUnit--control-anchor","interaction":{"idSuffix":"BDI-content"}},"wdio_ui5_key":"applicationmanageresources-display-component---newResourceUnit--newRRUPage-anchBar-application-manageresources-display-component---newResourceUnit--control-anchor"}]}
RESULT: {"script":"<script> [1562 bytes]","args":[{"selector":{"id":"application-manageresources-display-component---newResourceUnit--newRRUPage-anchBar-application-manageresources-display-component---newResourceUnit--control-anchor","interaction":{"idSuffix":"BDI-content"}},"wdio_ui5_key":"applicationmanageresources-display-component---newResourceUnit--newRRUPage-anchBar-application-manageresources-display-component---newResourceUnit--control-anchor"}]}
RESULT: undefined
COMMAND: POST /session/24b20ddd35874416169bd4d0a72e19cd/element - {"using":"xpath","value":"//*[@id=\"application-manageresources-display-component---newResourceUnit--newRRUPage-anchBar-application-manageresources-display-component---newResourceUnit--control-anchor\"]"}
RESULT: {"using":"xpath","value":"//*[@id=\"application-manageresources-display-component---newResourceUnit--newRRUPage-anchBar-application-manageresources-display-component---newResourceUnit--control-anchor\"]"}
COMMAND: POST /session/24b20ddd35874416169bd4d0a72e19cd/element/f.0DBE2F60DC08DFEB343D094A9929C683.d.234F1EAF105A350B9B2F908D8142CDE2.e.2502/click - {}
RESULT: {}
COMMAND: POST /session/24b20ddd35874416169bd4d0a72e19cd/execute/async - {"script":"<script> [1562 bytes]","args":[{"selector":{"id":"application-manageresources-display-component---newResourceUnit--PLANNING_GROUP","interaction":{"idSuffix":"inner"}},"wdio_ui5_key":"applicationmanageresources-display-component---newResourceUnit--PLANNING_GROUP"}]}
COMMAND: GET /session/24b20ddd35874416169bd4d0a72e19cd/screenshot - {}
RESULT: {"script":"<script> [1562 bytes]","args":[{"selector":{"id":"application-manageresources-display-component---newResourceUnit--PLANNING_GROUP","interaction":{"idSuffix":"inner"}},"wdio_ui5_key":"applicationmanageresources-display-component---newResourceUnit--PLANNING_GROUP"}]}
RESULT: undefined
COMMAND: POST /session/24b20ddd35874416169bd4d0a72e19cd/execute/async - {"script":"<script> [776 bytes]","args":[{"enterText":"Heavy Equi","selector":{"id":"application-manageresources-display-component---newResourceUnit--PLANNING_GROUP","interaction":{"idSuffix":"inner"}},"clearTextFirst":true,"interactionType":"ENTER_TEXT"}]}
RESULT: {}
RESULT: {"script":"<script> [776 bytes]","args":[{"enterText":"Heavy Equi","selector":{"id":"application-manageresources-display-component---newResourceUnit--PLANNING_GROUP","interaction":{"idSuffix":"inner"}},"clearTextFirst":true,"interactionType":"ENTER_TEXT"}]}
COMMAND: POST /session/24b20ddd35874416169bd4d0a72e19cd/execute/async - {"script":"<script> [1562 bytes]","args":[{"selector":{"id":"application-manageresources-display-component---newResourceUnit--ITEM_TYPE-arrow"},"wdio_ui5_key":"applicationmanageresources-display-component---newResourceUnit--ITEM_TYPE-arrow"}]}
RESULT: {"script":"<script> [1562 bytes]","args":[{"selector":{"id":"application-manageresources-display-component---newResourceUnit--ITEM_TYPE-arrow"},"wdio_ui5_key":"applicationmanageresources-display-component---newResourceUnit--ITEM_TYPE-arrow"}]}
RESULT: undefined
COMMAND: POST /session/24b20ddd35874416169bd4d0a72e19cd/element - {"using":"xpath","value":"//*[@id=\"application-manageresources-display-component---newResourceUnit--ITEM_TYPE-arrow\"]"}
RESULT: {"using":"xpath","value":"//*[@id=\"application-manageresources-display-component---newResourceUnit--ITEM_TYPE-arrow\"]"}
COMMAND: POST /session/24b20ddd35874416169bd4d0a72e19cd/element/f.0DBE2F60DC08DFEB343D094A9929C683.d.234F1EAF105A350B9B2F908D8142CDE2.e.2509/click - {}
RESULT: {}
COMMAND: POST /session/24b20ddd35874416169bd4d0a72e19cd/element - {"using":"xpath","value":"//ul[contains(@id,\"ITEM_TYPE-popup-list-listUl\")]//li[.//span[contains(text(),\"Resource Unit\")]]"}
COMMAND: GET /session/24b20ddd35874416169bd4d0a72e19cd/screenshot - {}
RESULT: {"using":"xpath","value":"//ul[contains(@id,\"ITEM_TYPE-popup-list-listUl\")]//li[.//span[contains(text(),\"Resource Unit\")]]"}
COMMAND: POST /session/24b20ddd35874416169bd4d0a72e19cd/element/f.0DBE2F60DC08DFEB343D094A9929C683.d.234F1EAF105A350B9B2F908D8142CDE2.e.2510/click - {}
RESULT: {}
RESULT: {}
COMMAND: GET /session/24b20ddd35874416169bd4d0a72e19cd/screenshot - {}
RESULT: {}
COMMAND: POST /session/24b20ddd35874416169bd4d0a72e19cd/element - {"using":"css selector","value":"#application-manageresources-display-component---newResourceUnit--btnAddTimeSegment"}
RESULT: {"using":"css selector","value":"#application-manageresources-display-component---newResourceUnit--btnAddTimeSegment"}
COMMAND: GET /session/24b20ddd35874416169bd4d0a72e19cd/element/f.0DBE2F60DC08DFEB343D094A9929C683.d.234F1EAF105A350B9B2F908D8142CDE2.e.2517/rect - {}
RESULT: {}
COMMAND: GET /session/24b20ddd35874416169bd4d0a72e19cd/window/rect - {}
RESULT: {}
COMMAND: POST /session/24b20ddd35874416169bd4d0a72e19cd/execute/sync - {"script":"<script> [92 bytes]","args":[]}
RESULT: {"script":"<script> [92 bytes]","args":[]}
COMMAND: POST /session/24b20ddd35874416169bd4d0a72e19cd/actions - {"actions":[{"id":"action12","type":"wheel","parameters":{},"actions":[{"type":"scroll","x":-1888,"y":-32,"deltaX":0,"deltaY":0,"duration":0,"origin":{"element-6066-11e4-a52e-4f735466cecf":"f.0DBE2F60DC08DFEB343D094A9929C683.d.234F1EAF105A350B9B2F908D8142CDE2.e.2517"}}]}]}
COMMAND: GET /session/24b20ddd35874416169bd4d0a72e19cd/screenshot - {}
RESULT: {}
COMMAND: POST /session/24b20ddd35874416169bd4d0a72e19cd/execute/sync - {"script":"<script> [79 bytes]","args":[{"element-6066-11e4-a52e-4f735466cecf":"f.0DBE2F60DC08DFEB343D094A9929C683.d.234F1EAF105A350B9B2F908D8142CDE2.e.2517","ELEMENT":"f.0DBE2F60DC08DFEB343D094A9929C683.d.234F1EAF105A350B9B2F908D8142CDE2.e.2517"},{"block":"start","inline":"nearest"}]}
RESULT: {"script":"<script> [79 bytes]","args":[{"element-6066-11e4-a52e-4f735466cecf":"f.0DBE2F60DC08DFEB343D094A9929C683.d.234F1EAF105A350B9B2F908D8142CDE2.e.2517","ELEMENT":"f.0DBE2F60DC08DFEB343D094A9929C683.d.234F1EAF105A350B9B2F908D8142CDE2.e.2517"},{"block":"start","inline":"nearest"}]}
COMMAND: POST /session/24b20ddd35874416169bd4d0a72e19cd/execute/async - {"script":"<script> [1562 bytes]","args":[{"selector":{"id":"application-manageresources-display-component---newResourceUnit--btnAddTimeSegment","interaction":{"idSuffix":"inner"}},"wdio_ui5_key":"applicationmanageresources-display-component---newResourceUnit--btnAddTimeSegment"}]}
COMMAND: GET /session/24b20ddd35874416169bd4d0a72e19cd/screenshot - {}
RESULT: {"script":"<script> [1562 bytes]","args":[{"selector":{"id":"application-manageresources-display-component---newResourceUnit--btnAddTimeSegment","interaction":{"idSuffix":"inner"}},"wdio_ui5_key":"applicationmanageresources-display-component---newResourceUnit--btnAddTimeSegment"}]}
RESULT: undefined
COMMAND: POST /session/24b20ddd35874416169bd4d0a72e19cd/element - {"using":"xpath","value":"//*[@id=\"application-manageresources-display-component---newResourceUnit--btnAddTimeSegment\"]"}
RESULT: {}
RESULT: {"using":"xpath","value":"//*[@id=\"application-manageresources-display-component---newResourceUnit--btnAddTimeSegment\"]"}
COMMAND: POST /session/24b20ddd35874416169bd4d0a72e19cd/element/f.0DBE2F60DC08DFEB343D094A9929C683.d.234F1EAF105A350B9B2F908D8142CDE2.e.2517/click - {}
RESULT: {}
COMMAND: GET /session/24b20ddd35874416169bd4d0a72e19cd/screenshot - {}
RESULT: {}
COMMAND: POST /session/24b20ddd35874416169bd4d0a72e19cd/element - {"using":"xpath","value":"//input[@id=\"application-manageresources-display-component---newResourceUnit--idRuTSAdmin-application-manageresources-display-component---newResourceUnit--RUTimeSegment-0-inner\"]"}
RESULT: {"using":"xpath","value":"//input[@id=\"application-manageresources-display-component---newResourceUnit--idRuTSAdmin-application-manageresources-display-component---newResourceUnit--RUTimeSegment-0-inner\"]"}
COMMAND: POST /session/24b20ddd35874416169bd4d0a72e19cd/element/f.0DBE2F60DC08DFEB343D094A9929C683.d.234F1EAF105A350B9B2F908D8142CDE2.e.2523/clear - {}
RESULT: {}
COMMAND: POST /session/24b20ddd35874416169bd4d0a72e19cd/element/f.0DBE2F60DC08DFEB343D094A9929C683.d.234F1EAF105A350B9B2F908D8142CDE2.e.2523/value - {"text":"109"}
COMMAND: GET /session/24b20ddd35874416169bd4d0a72e19cd/screenshot - {}
RESULT: {"text":"109"}
COMMAND: GET /session/24b20ddd35874416169bd4d0a72e19cd/screenshot - {}
RESULT: {}
RESULT: {}
COMMAND: POST /session/24b20ddd35874416169bd4d0a72e19cd/element - {"using":"xpath","value":"//li[.//span[text()='109']]"}
RESULT: {"using":"xpath","value":"//li[.//span[text()='109']]"}
COMMAND: POST /session/24b20ddd35874416169bd4d0a72e19cd/element/f.0DBE2F60DC08DFEB343D094A9929C683.d.234F1EAF105A350B9B2F908D8142CDE2.e.2537/click - {}
RESULT: {}
COMMAND: GET /session/24b20ddd35874416169bd4d0a72e19cd/screenshot - {}
RESULT: {}
COMMAND: POST /session/24b20ddd35874416169bd4d0a72e19cd/element - {"using":"xpath","value":"(//span[contains(@id, \"-application-manageresources-display-component---newResourceUnit--RUTimeSegment-0-arrow\")])[6]"}
RESULT: {"using":"xpath","value":"(//span[contains(@id, \"-application-manageresources-display-component---newResourceUnit--RUTimeSegment-0-arrow\")])[6]"}
COMMAND: POST /session/24b20ddd35874416169bd4d0a72e19cd/element/f.0DBE2F60DC08DFEB343D094A9929C683.d.234F1EAF105A350B9B2F908D8142CDE2.e.2538/click - {}
RESULT: {}
COMMAND: GET /session/24b20ddd35874416169bd4d0a72e19cd/screenshot - {}
RESULT: {}
COMMAND: POST /session/24b20ddd35874416169bd4d0a72e19cd/element - {"using":"xpath","value":"//span[contains(text(), \"PM Order\")]"}
RESULT: {"using":"xpath","value":"//span[contains(text(), \"PM Order\")]"}
COMMAND: POST /session/24b20ddd35874416169bd4d0a72e19cd/element/f.0DBE2F60DC08DFEB343D094A9929C683.d.234F1EAF105A350B9B2F908D8142CDE2.e.2541/click - {}
RESULT: {}
COMMAND: GET /session/24b20ddd35874416169bd4d0a72e19cd/screenshot - {}
RESULT: {}
COMMAND: POST /session/24b20ddd35874416169bd4d0a72e19cd/element - {"using":"xpath","value":"(//span[contains(@id ,\"manageresources-display-component---newResourceUnit--RUTimeSegment-0-vhi\")])[1]"}
RESULT: {"using":"xpath","value":"(//span[contains(@id ,\"manageresources-display-component---newResourceUnit--RUTimeSegment-0-vhi\")])[1]"}
COMMAND: GET /session/24b20ddd35874416169bd4d0a72e19cd/element/f.0DBE2F60DC08DFEB343D094A9929C683.d.234F1EAF105A350B9B2F908D8142CDE2.e.2545/rect - {}
RESULT: {}
COMMAND: GET /session/24b20ddd35874416169bd4d0a72e19cd/window/rect - {}
RESULT: {}
COMMAND: POST /session/24b20ddd35874416169bd4d0a72e19cd/execute/sync - {"script":"<script> [92 bytes]","args":[]}
RESULT: {"script":"<script> [92 bytes]","args":[]}
COMMAND: POST /session/24b20ddd35874416169bd4d0a72e19cd/actions - {"actions":[{"id":"action13","type":"wheel","parameters":{},"actions":[{"type":"scroll","x":-869,"y":-24,"deltaX":0,"deltaY":0,"duration":0,"origin":{"element-6066-11e4-a52e-4f735466cecf":"f.0DBE2F60DC08DFEB343D094A9929C683.d.234F1EAF105A350B9B2F908D8142CDE2.e.2545"}}]}]}
COMMAND: GET /session/24b20ddd35874416169bd4d0a72e19cd/screenshot - {}
RESULT: {"actions":[{"id":"action13","type":"wheel","parameters":{},"actions":[{"type":"scroll","x":-869,"y":-24,"deltaX":0,"deltaY":0,"duration":0,"origin":{"element-6066-11e4-a52e-4f735466cecf":"f.0DBE2F60DC08DFEB343D094A9929C683.d.234F1EAF105A350B9B2F908D8142CDE2.e.2545"}}]}]}
COMMAND: DELETE /session/24b20ddd35874416169bd4d0a72e19cd/actions - {}
COMMAND: GET /session/24b20ddd35874416169bd4d0a72e19cd/screenshot - {}
RESULT: {}
RESULT: {}
COMMAND: GET /session/24b20ddd35874416169bd4d0a72e19cd/screenshot - {}
RESULT: {}
RESULT: {}
COMMAND: POST /session/24b20ddd35874416169bd4d0a72e19cd/element/f.0DBE2F60DC08DFEB343D094A9929C683.d.234F1EAF105A350B9B2F908D8142CDE2.e.2545/click - {}
RESULT: {}
COMMAND: GET /session/24b20ddd35874416169bd4d0a72e19cd/screenshot - {}
RESULT: {}
COMMAND: POST /session/24b20ddd35874416169bd4d0a72e19cd/execute/async - {"script":"<script> [1562 bytes]","args":[{"selector":{"controlType":"sap.m.SearchField","properties":{"placeholder":"Search"},"searchOpenDialogs":true,"interaction":{"idSuffix":"I"}},"wdio_ui5_key":"sapm.SearchField{\"placeholder\":\"Search\"}"}]}
RESULT: {"script":"<script> [1562 bytes]","args":[{"selector":{"controlType":"sap.m.SearchField","properties":{"placeholder":"Search"},"searchOpenDialogs":true,"interaction":{"idSuffix":"I"}},"wdio_ui5_key":"sapm.SearchField{\"placeholder\":\"Search\"}"}]}
RESULT: undefined
COMMAND: POST /session/24b20ddd35874416169bd4d0a72e19cd/execute/async - {"script":"<script> [776 bytes]","args":[{"enterText":"4000360","selector":{"controlType":"sap.m.SearchField","properties":{"placeholder":"Search"},"searchOpenDialogs":true,"interaction":{"idSuffix":"I"}},"clearTextFirst":true,"interactionType":"ENTER_TEXT"}]}
RESULT: {"script":"<script> [776 bytes]","args":[{"enterText":"4000360","selector":{"controlType":"sap.m.SearchField","properties":{"placeholder":"Search"},"searchOpenDialogs":true,"interaction":{"idSuffix":"I"}},"clearTextFirst":true,"interactionType":"ENTER_TEXT"}]}
COMMAND: POST /session/24b20ddd35874416169bd4d0a72e19cd/actions - {"actions":[{"id":"action14","type":"key","parameters":{},"actions":[{"type":"keyDown","value":""},{"type":"pause","duration":10},{"type":"keyUp","value":""}]}]}
RESULT: {"actions":[{"id":"action14","type":"key","parameters":{},"actions":[{"type":"keyDown","value":""},{"type":"pause","duration":10},{"type":"keyUp","value":""}]}]}
COMMAND: GET /session/24b20ddd35874416169bd4d0a72e19cd/screenshot - {}
RESULT: {}
COMMAND: POST /session/24b20ddd35874416169bd4d0a72e19cd/element - {"using":"xpath","value":"//td/div/span[contains(text(), \"BGL Vehicles\")]"}
RESULT: {"using":"xpath","value":"//td/div/span[contains(text(), \"BGL Vehicles\")]"}
COMMAND: POST /session/24b20ddd35874416169bd4d0a72e19cd/element/f.0DBE2F60DC08DFEB343D094A9929C683.d.234F1EAF105A350B9B2F908D8142CDE2.e.2566/click - {}
RESULT: {}
COMMAND: GET /session/24b20ddd35874416169bd4d0a72e19cd/screenshot - {}
RESULT: {}
COMMAND: POST /session/24b20ddd35874416169bd4d0a72e19cd/element - {"using":"xpath","value":"//bdi[contains(text(), \"OK\")]"}
RESULT: {"using":"xpath","value":"//bdi[contains(text(), \"OK\")]"}
COMMAND: POST /session/24b20ddd35874416169bd4d0a72e19cd/element/f.0DBE2F60DC08DFEB343D094A9929C683.d.234F1EAF105A350B9B2F908D8142CDE2.e.2567/click - {}
RESULT: {}
COMMAND: GET /session/24b20ddd35874416169bd4d0a72e19cd/screenshot - {}
RESULT: {}
COMMAND: POST /session/24b20ddd35874416169bd4d0a72e19cd/execute/async - {"script":"<script> [1562 bytes]","args":[{"selector":{"id":"application-manageresources-display-component---newResourceUnit--newRRUPage-anchBar-application-manageresources-display-component---newResourceUnit--resource-anchor","interaction":{"idSuffix":"BDI-content"}},"wdio_ui5_key":"applicationmanageresources-display-component---newResourceUnit--newRRUPage-anchBar-application-manageresources-display-component---newResourceUnit--resource-anchor"}]}
RESULT: {"script":"<script> [1562 bytes]","args":[{"selector":{"id":"application-manageresources-display-component---newResourceUnit--newRRUPage-anchBar-application-manageresources-display-component---newResourceUnit--resource-anchor","interaction":{"idSuffix":"BDI-content"}},"wdio_ui5_key":"applicationmanageresources-display-component---newResourceUnit--newRRUPage-anchBar-application-manageresources-display-component---newResourceUnit--resource-anchor"}]}
RESULT: undefined
COMMAND: POST /session/24b20ddd35874416169bd4d0a72e19cd/element - {"using":"xpath","value":"//*[@id=\"application-manageresources-display-component---newResourceUnit--newRRUPage-anchBar-application-manageresources-display-component---newResourceUnit--resource-anchor\"]"}
RESULT: {"using":"xpath","value":"//*[@id=\"application-manageresources-display-component---newResourceUnit--newRRUPage-anchBar-application-manageresources-display-component---newResourceUnit--resource-anchor\"]"}
COMMAND: POST /session/24b20ddd35874416169bd4d0a72e19cd/element/f.0DBE2F60DC08DFEB343D094A9929C683.d.234F1EAF105A350B9B2F908D8142CDE2.e.2571/click - {}
RESULT: {}
COMMAND: POST /session/24b20ddd35874416169bd4d0a72e19cd/execute/async - {"script":"<script> [1562 bytes]","args":[{"selector":{"id":"application-manageresources-display-component---newResourceUnit--PLANNED_DELIVERY_DATE","interaction":{"idSuffix":"inner"}},"wdio_ui5_key":"applicationmanageresources-display-component---newResourceUnit--PLANNED_DELIVERY_DATE"}]}
COMMAND: GET /session/24b20ddd35874416169bd4d0a72e19cd/screenshot - {}
RESULT: {"script":"<script> [1562 bytes]","args":[{"selector":{"id":"application-manageresources-display-component---newResourceUnit--PLANNED_DELIVERY_DATE","interaction":{"idSuffix":"inner"}},"wdio_ui5_key":"applicationmanageresources-display-component---newResourceUnit--PLANNED_DELIVERY_DATE"}]}
RESULT: undefined
COMMAND: POST /session/24b20ddd35874416169bd4d0a72e19cd/execute/async - {"script":"<script> [6424 bytes]","args":[{"element-6066-11e4-a52e-4f735466cecf":"f.0DBE2F60DC08DFEB343D094A9929C683.d.234F1EAF105A350B9B2F908D8142CDE2.e.2400"},"setValue",["5/29/25"]]}
RESULT: {}
RESULT: {"script":"<script> [6424 bytes]","args":[{"element-6066-11e4-a52e-4f735466cecf":"f.0DBE2F60DC08DFEB343D094A9929C683.d.234F1EAF105A350B9B2F908D8142CDE2.e.2400"},"setValue",["5/29/25"]]}
COMMAND: POST /session/24b20ddd35874416169bd4d0a72e19cd/element - {"using":"xpath","value":"//label[contains(@class, 'sapMLabelRequired') and .//bdi[contains(text(), 'Planned Retirement')]]"}
RESULT: {"using":"xpath","value":"//label[contains(@class, 'sapMLabelRequired') and .//bdi[contains(text(), 'Planned Retirement')]]"}
COMMAND: POST /session/24b20ddd35874416169bd4d0a72e19cd/elements - {"using":"xpath","value":"//label[contains(@class, 'sapMLabelRequired') and .//bdi[contains(text(), 'Planned Retirement')]]"}
RESULT: {"using":"xpath","value":"//label[contains(@class, 'sapMLabelRequired') and .//bdi[contains(text(), 'Planned Retirement')]]"}
COMMAND: POST /session/24b20ddd35874416169bd4d0a72e19cd/element - {"using":"xpath","value":"//button[@data-kt=\"resourceUnitSaveButton\"]"}
RESULT: {"using":"xpath","value":"//button[@data-kt=\"resourceUnitSaveButton\"]"}
COMMAND: POST /session/24b20ddd35874416169bd4d0a72e19cd/element/f.0DBE2F60DC08DFEB343D094A9929C683.d.234F1EAF105A350B9B2F908D8142CDE2.e.2359/click - {}
RESULT: {}
COMMAND: GET /session/24b20ddd35874416169bd4d0a72e19cd/screenshot - {}
RESULT: {}
COMMAND: POST /session/24b20ddd35874416169bd4d0a72e19cd/element - {"using":"xpath","value":"//bdi[contains(text(), \"Close\")]"}
RESULT: {"using":"xpath","value":"//bdi[contains(text(), \"Close\")]"}
COMMAND: POST /session/24b20ddd35874416169bd4d0a72e19cd/element/f.0DBE2F60DC08DFEB343D094A9929C683.d.234F1EAF105A350B9B2F908D8142CDE2.e.2581/click - {}
RESULT: {}
COMMAND: GET /session/24b20ddd35874416169bd4d0a72e19cd/screenshot - {}
RESULT: {}
COMMAND: POST /session/24b20ddd35874416169bd4d0a72e19cd/element - {"using":"xpath","value":"(//button[contains(@id ,\"actionsToolbar-overflowButton\")])[1]"}
RESULT: {"using":"xpath","value":"(//button[contains(@id ,\"actionsToolbar-overflowButton\")])[1]"}
COMMAND: POST /session/24b20ddd35874416169bd4d0a72e19cd/element/f.0DBE2F60DC08DFEB343D094A9929C683.d.234F1EAF105A350B9B2F908D8142CDE2.e.2637/click - {}
RESULT: {}
COMMAND: GET /session/24b20ddd35874416169bd4d0a72e19cd/screenshot - {}
RESULT: {}
COMMAND: POST /session/24b20ddd35874416169bd4d0a72e19cd/element - {"using":"xpath","value":"//button[@data-kt=\"priceInfoButton\"]"}
RESULT: {"using":"xpath","value":"//button[@data-kt=\"priceInfoButton\"]"}
COMMAND: POST /session/24b20ddd35874416169bd4d0a72e19cd/element/f.0DBE2F60DC08DFEB343D094A9929C683.d.234F1EAF105A350B9B2F908D8142CDE2.e.2642/click - {}
RESULT: {}
COMMAND: GET /session/24b20ddd35874416169bd4d0a72e19cd/screenshot - {}
RESULT: {}
COMMAND: POST /session/24b20ddd35874416169bd4d0a72e19cd/element - {"using":"css selector","value":"#shell-header-logo"}
RESULT: {"using":"css selector","value":"#shell-header-logo"}
COMMAND: POST /session/24b20ddd35874416169bd4d0a72e19cd/element/f.0DBE2F60DC08DFEB343D094A9929C683.d.234F1EAF105A350B9B2F908D8142CDE2.e.2143/click - {}
RESULT: {}
COMMAND: GET /session/24b20ddd35874416169bd4d0a72e19cd/screenshot - {}
RESULT: {}
]]></system-out>
    </testcase>
    <testcase classname="chrome.136_0_7103_93.windows.RU_Inventory_Mass_State_Change_Multiple_Items_US151066" name="Prerequisite Step 2 Should create a new material" time="118.589">
      <system-out><![CDATA[
RESULT: undefined
COMMAND: POST /session/24b20ddd35874416169bd4d0a72e19cd/element - {"using":"xpath","value":"//*[@id=\"__tile39\"]"}
RESULT: {"using":"xpath","value":"//*[@id=\"__tile39\"]"}
COMMAND: POST /session/24b20ddd35874416169bd4d0a72e19cd/element/f.0DBE2F60DC08DFEB343D094A9929C683.d.234F1EAF105A350B9B2F908D8142CDE2.e.164/click - {}
RESULT: {}
COMMAND: GET /session/24b20ddd35874416169bd4d0a72e19cd/screenshot - {}
RESULT: {}
COMMAND: POST /session/24b20ddd35874416169bd4d0a72e19cd/elements - {"using":"xpath","value":"//span[text()='Error']"}
RESULT: {"using":"xpath","value":"//span[text()='Error']"}
COMMAND: POST /session/24b20ddd35874416169bd4d0a72e19cd/element - {"using":"xpath","value":"//button[@data-kt=\"addNewRUOverflowToolbarButton\"]"}
RESULT: {"using":"xpath","value":"//button[@data-kt=\"addNewRUOverflowToolbarButton\"]"}
COMMAND: POST /session/24b20ddd35874416169bd4d0a72e19cd/elements - {"using":"xpath","value":"//button[@data-kt=\"addNewRUOverflowToolbarButton\"]"}
RESULT: {"using":"xpath","value":"//button[@data-kt=\"addNewRUOverflowToolbarButton\"]"}
COMMAND: POST /session/24b20ddd35874416169bd4d0a72e19cd/execute/sync - {"script":"<script> [8489 bytes]","args":[{"element-6066-11e4-a52e-4f735466cecf":"f.0DBE2F60DC08DFEB343D094A9929C683.d.234F1EAF105A350B9B2F908D8142CDE2.e.2685","ELEMENT":"f.0DBE2F60DC08DFEB343D094A9929C683.d.234F1EAF105A350B9B2F908D8142CDE2.e.2685"}]}
RESULT: {"script":"<script> [8489 bytes]","args":[{"element-6066-11e4-a52e-4f735466cecf":"f.0DBE2F60DC08DFEB343D094A9929C683.d.234F1EAF105A350B9B2F908D8142CDE2.e.2685","ELEMENT":"f.0DBE2F60DC08DFEB343D094A9929C683.d.234F1EAF105A350B9B2F908D8142CDE2.e.2685"}]}
COMMAND: GET /session/24b20ddd35874416169bd4d0a72e19cd/element/f.0DBE2F60DC08DFEB343D094A9929C683.d.234F1EAF105A350B9B2F908D8142CDE2.e.2685/enabled - {}
RESULT: {}
COMMAND: POST /session/24b20ddd35874416169bd4d0a72e19cd/execute/sync - {"script":"<script> [8489 bytes]","args":[{"element-6066-11e4-a52e-4f735466cecf":"f.0DBE2F60DC08DFEB343D094A9929C683.d.234F1EAF105A350B9B2F908D8142CDE2.e.2685","ELEMENT":"f.0DBE2F60DC08DFEB343D094A9929C683.d.234F1EAF105A350B9B2F908D8142CDE2.e.2685"}]}
COMMAND: GET /session/24b20ddd35874416169bd4d0a72e19cd/screenshot - {}
COMMAND: GET /session/24b20ddd35874416169bd4d0a72e19cd/screenshot - {}
RESULT: {"script":"<script> [8489 bytes]","args":[{"element-6066-11e4-a52e-4f735466cecf":"f.0DBE2F60DC08DFEB343D094A9929C683.d.234F1EAF105A350B9B2F908D8142CDE2.e.2685","ELEMENT":"f.0DBE2F60DC08DFEB343D094A9929C683.d.234F1EAF105A350B9B2F908D8142CDE2.e.2685"}]}
COMMAND: POST /session/24b20ddd35874416169bd4d0a72e19cd/execute/sync - {"script":"<script> [5351 bytes]","args":[{"element-6066-11e4-a52e-4f735466cecf":"f.0DBE2F60DC08DFEB343D094A9929C683.d.234F1EAF105A350B9B2F908D8142CDE2.e.2685","ELEMENT":"f.0DBE2F60DC08DFEB343D094A9929C683.d.234F1EAF105A350B9B2F908D8142CDE2.e.2685"}]}
COMMAND: GET /session/24b20ddd35874416169bd4d0a72e19cd/screenshot - {}
RESULT: {}
RESULT: {}
RESULT: {"script":"<script> [5351 bytes]","args":[{"element-6066-11e4-a52e-4f735466cecf":"f.0DBE2F60DC08DFEB343D094A9929C683.d.234F1EAF105A350B9B2F908D8142CDE2.e.2685","ELEMENT":"f.0DBE2F60DC08DFEB343D094A9929C683.d.234F1EAF105A350B9B2F908D8142CDE2.e.2685"}]}
COMMAND: POST /session/24b20ddd35874416169bd4d0a72e19cd/element/f.0DBE2F60DC08DFEB343D094A9929C683.d.234F1EAF105A350B9B2F908D8142CDE2.e.2685/click - {}
COMMAND: GET /session/24b20ddd35874416169bd4d0a72e19cd/screenshot - {}
RESULT: {}
RESULT: {}
COMMAND: GET /session/24b20ddd35874416169bd4d0a72e19cd/screenshot - {}
RESULT: undefined
COMMAND: POST /session/24b20ddd35874416169bd4d0a72e19cd/element - {"using":"xpath","value":"//*[@id=\"application-manageresources-display-component---newResourceUnit--TYPE-arrow\"]"}
RESULT: {}
RESULT: {}
RESULT: {"using":"xpath","value":"//*[@id=\"application-manageresources-display-component---newResourceUnit--TYPE-arrow\"]"}
COMMAND: POST /session/24b20ddd35874416169bd4d0a72e19cd/element/f.0DBE2F60DC08DFEB343D094A9929C683.d.234F1EAF105A350B9B2F908D8142CDE2.e.3030/click - {}
RESULT: {}
COMMAND: POST /session/24b20ddd35874416169bd4d0a72e19cd/element - {"using":"xpath","value":"//input[@id=\"application-manageresources-display-component---newResourceUnit--TYPE-inner\"]"}
COMMAND: GET /session/24b20ddd35874416169bd4d0a72e19cd/screenshot - {}
RESULT: {"using":"xpath","value":"//input[@id=\"application-manageresources-display-component---newResourceUnit--TYPE-inner\"]"}
COMMAND: POST /session/24b20ddd35874416169bd4d0a72e19cd/element/f.0DBE2F60DC08DFEB343D094A9929C683.d.234F1EAF105A350B9B2F908D8142CDE2.e.3026/clear - {}
RESULT: {}
RESULT: {}
COMMAND: POST /session/24b20ddd35874416169bd4d0a72e19cd/element/f.0DBE2F60DC08DFEB343D094A9929C683.d.234F1EAF105A350B9B2F908D8142CDE2.e.3026/value - {"text":"Material"}
COMMAND: GET /session/24b20ddd35874416169bd4d0a72e19cd/screenshot - {}
RESULT: {"text":"Material"}
COMMAND: GET /session/24b20ddd35874416169bd4d0a72e19cd/screenshot - {}
RESULT: {}
RESULT: {}
COMMAND: POST /session/24b20ddd35874416169bd4d0a72e19cd/actions - {"actions":[{"id":"action15","type":"key","parameters":{},"actions":[{"type":"keyDown","value":""},{"type":"pause","duration":10},{"type":"keyUp","value":""}]}]}
RESULT: {"actions":[{"id":"action15","type":"key","parameters":{},"actions":[{"type":"keyDown","value":""},{"type":"pause","duration":10},{"type":"keyUp","value":""}]}]}
RESULT: undefined
COMMAND: POST /session/24b20ddd35874416169bd4d0a72e19cd/execute/async - {"script":"<script> [776 bytes]","args":[{"enterText":"Cement WDIO","selector":{"id":"application-manageresources-display-component---newResourceUnit--SHORT_TEXT","interaction":{"idSuffix":"inner"}},"clearTextFirst":true,"interactionType":"ENTER_TEXT"}]}
COMMAND: GET /session/24b20ddd35874416169bd4d0a72e19cd/screenshot - {}
RESULT: {"script":"<script> [776 bytes]","args":[{"enterText":"Cement WDIO","selector":{"id":"application-manageresources-display-component---newResourceUnit--SHORT_TEXT","interaction":{"idSuffix":"inner"}},"clearTextFirst":true,"interactionType":"ENTER_TEXT"}]}
RESULT: undefined
COMMAND: POST /session/24b20ddd35874416169bd4d0a72e19cd/execute/async - {"script":"<script> [776 bytes]","args":[{"enterText":"Piece","selector":{"id":"application-manageresources-display-component---newResourceUnit--BASE_UNIT_OF_MEASURE","interaction":{"idSuffix":"inner"}},"clearTextFirst":true,"interactionType":"ENTER_TEXT"}]}
RESULT: {}
RESULT: {"script":"<script> [776 bytes]","args":[{"enterText":"Piece","selector":{"id":"application-manageresources-display-component---newResourceUnit--BASE_UNIT_OF_MEASURE","interaction":{"idSuffix":"inner"}},"clearTextFirst":true,"interactionType":"ENTER_TEXT"}]}
RESULT: undefined
COMMAND: POST /session/24b20ddd35874416169bd4d0a72e19cd/execute/async - {"script":"<script> [776 bytes]","args":[{"enterText":"Gram","selector":{"id":"application-manageresources-display-component---newResourceUnit--WEIGHT_UNIT","interaction":{"idSuffix":"inner"}},"clearTextFirst":true,"interactionType":"ENTER_TEXT"}]}
RESULT: {"script":"<script> [776 bytes]","args":[{"enterText":"Gram","selector":{"id":"application-manageresources-display-component---newResourceUnit--WEIGHT_UNIT","interaction":{"idSuffix":"inner"}},"clearTextFirst":true,"interactionType":"ENTER_TEXT"}]}
RESULT: undefined
COMMAND: POST /session/24b20ddd35874416169bd4d0a72e19cd/execute/async - {"script":"<script> [776 bytes]","args":[{"enterText":"Meter","selector":{"id":"application-manageresources-display-component---newResourceUnit--DIMENSION_UNIT","interaction":{"idSuffix":"inner"}},"clearTextFirst":true,"interactionType":"ENTER_TEXT"}]}
RESULT: {"script":"<script> [776 bytes]","args":[{"enterText":"Meter","selector":{"id":"application-manageresources-display-component---newResourceUnit--DIMENSION_UNIT","interaction":{"idSuffix":"inner"}},"clearTextFirst":true,"interactionType":"ENTER_TEXT"}]}
RESULT: undefined
COMMAND: POST /session/24b20ddd35874416169bd4d0a72e19cd/element - {"using":"xpath","value":"//*[@id=\"application-manageresources-display-component---newResourceUnit--newRRUPage-anchBar-application-manageresources-display-component---newResourceUnit--control-anchor\"]"}
RESULT: {"using":"xpath","value":"//*[@id=\"application-manageresources-display-component---newResourceUnit--newRRUPage-anchBar-application-manageresources-display-component---newResourceUnit--control-anchor\"]"}
COMMAND: POST /session/24b20ddd35874416169bd4d0a72e19cd/element/f.0DBE2F60DC08DFEB343D094A9929C683.d.234F1EAF105A350B9B2F908D8142CDE2.e.3155/click - {}
RESULT: {}
RESULT: undefined
COMMAND: POST /session/24b20ddd35874416169bd4d0a72e19cd/execute/async - {"script":"<script> [776 bytes]","args":[{"enterText":"Material","selector":{"id":"application-manageresources-display-component---newResourceUnit--PLANNING_GROUP","interaction":{"idSuffix":"inner"}},"clearTextFirst":true,"interactionType":"ENTER_TEXT"}]}
COMMAND: GET /session/24b20ddd35874416169bd4d0a72e19cd/screenshot - {}
RESULT: {"script":"<script> [776 bytes]","args":[{"enterText":"Material","selector":{"id":"application-manageresources-display-component---newResourceUnit--PLANNING_GROUP","interaction":{"idSuffix":"inner"}},"clearTextFirst":true,"interactionType":"ENTER_TEXT"}]}
RESULT: {}
COMMAND: POST /session/24b20ddd35874416169bd4d0a72e19cd/execute/async - {"script":"<script> [1562 bytes]","args":[{"selector":{"id":"application-manageresources-display-component---newResourceUnit--PLANNING_INDICATOR","interaction":{"idSuffix":"inner"}},"wdio_ui5_key":"applicationmanageresources-display-component---newResourceUnit--PLANNING_INDICATOR"}]}
RESULT: {"script":"<script> [1562 bytes]","args":[{"selector":{"id":"application-manageresources-display-component---newResourceUnit--PLANNING_INDICATOR","interaction":{"idSuffix":"inner"}},"wdio_ui5_key":"applicationmanageresources-display-component---newResourceUnit--PLANNING_INDICATOR"}]}
RESULT: undefined
COMMAND: POST /session/24b20ddd35874416169bd4d0a72e19cd/execute/async - {"script":"<script> [776 bytes]","args":[{"enterText":"10 - infinite","selector":{"id":"application-manageresources-display-component---newResourceUnit--PLANNING_INDICATOR","interaction":{"idSuffix":"inner"}},"clearTextFirst":true,"interactionType":"ENTER_TEXT"}]}
RESULT: {"script":"<script> [776 bytes]","args":[{"enterText":"10 - infinite","selector":{"id":"application-manageresources-display-component---newResourceUnit--PLANNING_INDICATOR","interaction":{"idSuffix":"inner"}},"clearTextFirst":true,"interactionType":"ENTER_TEXT"}]}
COMMAND: POST /session/24b20ddd35874416169bd4d0a72e19cd/element - {"using":"css selector","value":"#application-manageresources-display-component---newResourceUnit--btnAddTimeSegment"}
RESULT: {"using":"css selector","value":"#application-manageresources-display-component---newResourceUnit--btnAddTimeSegment"}
COMMAND: GET /session/24b20ddd35874416169bd4d0a72e19cd/element/f.0DBE2F60DC08DFEB343D094A9929C683.d.234F1EAF105A350B9B2F908D8142CDE2.e.3164/rect - {}
RESULT: {}
COMMAND: GET /session/24b20ddd35874416169bd4d0a72e19cd/window/rect - {}
RESULT: {}
COMMAND: POST /session/24b20ddd35874416169bd4d0a72e19cd/execute/sync - {"script":"<script> [92 bytes]","args":[]}
RESULT: {"script":"<script> [92 bytes]","args":[]}
COMMAND: POST /session/24b20ddd35874416169bd4d0a72e19cd/actions - {"actions":[{"id":"action16","type":"wheel","parameters":{},"actions":[{"type":"scroll","x":-1888,"y":-32,"deltaX":0,"deltaY":0,"duration":0,"origin":{"element-6066-11e4-a52e-4f735466cecf":"f.0DBE2F60DC08DFEB343D094A9929C683.d.234F1EAF105A350B9B2F908D8142CDE2.e.3164"}}]}]}
COMMAND: GET /session/24b20ddd35874416169bd4d0a72e19cd/screenshot - {}
RESULT: {}
COMMAND: POST /session/24b20ddd35874416169bd4d0a72e19cd/execute/sync - {"script":"<script> [79 bytes]","args":[{"element-6066-11e4-a52e-4f735466cecf":"f.0DBE2F60DC08DFEB343D094A9929C683.d.234F1EAF105A350B9B2F908D8142CDE2.e.3164","ELEMENT":"f.0DBE2F60DC08DFEB343D094A9929C683.d.234F1EAF105A350B9B2F908D8142CDE2.e.3164"},{"block":"start","inline":"nearest"}]}
RESULT: {"script":"<script> [79 bytes]","args":[{"element-6066-11e4-a52e-4f735466cecf":"f.0DBE2F60DC08DFEB343D094A9929C683.d.234F1EAF105A350B9B2F908D8142CDE2.e.3164","ELEMENT":"f.0DBE2F60DC08DFEB343D094A9929C683.d.234F1EAF105A350B9B2F908D8142CDE2.e.3164"},{"block":"start","inline":"nearest"}]}
RESULT: undefined
COMMAND: POST /session/24b20ddd35874416169bd4d0a72e19cd/element - {"using":"xpath","value":"//*[@id=\"application-manageresources-display-component---newResourceUnit--btnAddTimeSegment\"]"}
COMMAND: GET /session/24b20ddd35874416169bd4d0a72e19cd/screenshot - {}
RESULT: {"using":"xpath","value":"//*[@id=\"application-manageresources-display-component---newResourceUnit--btnAddTimeSegment\"]"}
COMMAND: POST /session/24b20ddd35874416169bd4d0a72e19cd/element/f.0DBE2F60DC08DFEB343D094A9929C683.d.234F1EAF105A350B9B2F908D8142CDE2.e.3164/click - {}
RESULT: {}
RESULT: {}
COMMAND: GET /session/24b20ddd35874416169bd4d0a72e19cd/screenshot - {}
RESULT: {}
COMMAND: POST /session/24b20ddd35874416169bd4d0a72e19cd/element - {"using":"xpath","value":"//input[@id=\"application-manageresources-display-component---newResourceUnit--idRuTSAdmin-application-manageresources-display-component---newResourceUnit--RUTimeSegment-0-inner\"]"}
RESULT: {"using":"xpath","value":"//input[@id=\"application-manageresources-display-component---newResourceUnit--idRuTSAdmin-application-manageresources-display-component---newResourceUnit--RUTimeSegment-0-inner\"]"}
COMMAND: POST /session/24b20ddd35874416169bd4d0a72e19cd/element/f.0DBE2F60DC08DFEB343D094A9929C683.d.234F1EAF105A350B9B2F908D8142CDE2.e.3168/clear - {}
RESULT: {}
COMMAND: POST /session/24b20ddd35874416169bd4d0a72e19cd/element/f.0DBE2F60DC08DFEB343D094A9929C683.d.234F1EAF105A350B9B2F908D8142CDE2.e.3168/value - {"text":"109"}
COMMAND: GET /session/24b20ddd35874416169bd4d0a72e19cd/screenshot - {}
RESULT: {"text":"109"}
COMMAND: GET /session/24b20ddd35874416169bd4d0a72e19cd/screenshot - {}
RESULT: {}
RESULT: {}
COMMAND: POST /session/24b20ddd35874416169bd4d0a72e19cd/element - {"using":"xpath","value":"//li[.//span[text()='109']]"}
RESULT: {"using":"xpath","value":"//li[.//span[text()='109']]"}
COMMAND: POST /session/24b20ddd35874416169bd4d0a72e19cd/element/f.0DBE2F60DC08DFEB343D094A9929C683.d.234F1EAF105A350B9B2F908D8142CDE2.e.3177/click - {}
RESULT: {}
COMMAND: GET /session/24b20ddd35874416169bd4d0a72e19cd/screenshot - {}
RESULT: {}
COMMAND: POST /session/24b20ddd35874416169bd4d0a72e19cd/element - {"using":"xpath","value":"(//span[contains(@id, \"-application-manageresources-display-component---newResourceUnit--RUTimeSegment-0-arrow\")])[2]"}
RESULT: {"using":"xpath","value":"(//span[contains(@id, \"-application-manageresources-display-component---newResourceUnit--RUTimeSegment-0-arrow\")])[2]"}
COMMAND: POST /session/24b20ddd35874416169bd4d0a72e19cd/element/f.0DBE2F60DC08DFEB343D094A9929C683.d.234F1EAF105A350B9B2F908D8142CDE2.e.3178/click - {}
RESULT: {}
COMMAND: POST /session/24b20ddd35874416169bd4d0a72e19cd/element - {"using":"xpath","value":"//span[contains(text(), \"PM Order\")]"}
COMMAND: GET /session/24b20ddd35874416169bd4d0a72e19cd/screenshot - {}
RESULT: {"using":"xpath","value":"//span[contains(text(), \"PM Order\")]"}
COMMAND: POST /session/24b20ddd35874416169bd4d0a72e19cd/element/f.0DBE2F60DC08DFEB343D094A9929C683.d.234F1EAF105A350B9B2F908D8142CDE2.e.3179/click - {}
RESULT: {}
RESULT: {}
COMMAND: GET /session/24b20ddd35874416169bd4d0a72e19cd/screenshot - {}
RESULT: {}
COMMAND: POST /session/24b20ddd35874416169bd4d0a72e19cd/element - {"using":"xpath","value":"//td/div/div/div/span[contains(@id, \"newResourceUnit--RUTimeSegment-0-vhi\")][1]"}
RESULT: {"using":"xpath","value":"//td/div/div/div/span[contains(@id, \"newResourceUnit--RUTimeSegment-0-vhi\")][1]"}
COMMAND: GET /session/24b20ddd35874416169bd4d0a72e19cd/element/f.0DBE2F60DC08DFEB343D094A9929C683.d.234F1EAF105A350B9B2F908D8142CDE2.e.3183/rect - {}
RESULT: {}
COMMAND: GET /session/24b20ddd35874416169bd4d0a72e19cd/window/rect - {}
RESULT: {}
COMMAND: POST /session/24b20ddd35874416169bd4d0a72e19cd/execute/sync - {"script":"<script> [92 bytes]","args":[]}
RESULT: {"script":"<script> [92 bytes]","args":[]}
COMMAND: POST /session/24b20ddd35874416169bd4d0a72e19cd/actions - {"actions":[{"id":"action17","type":"wheel","parameters":{},"actions":[{"type":"scroll","x":-1888,"y":-24,"deltaX":0,"deltaY":0,"duration":0,"origin":{"element-6066-11e4-a52e-4f735466cecf":"f.0DBE2F60DC08DFEB343D094A9929C683.d.234F1EAF105A350B9B2F908D8142CDE2.e.3183"}}]}]}
COMMAND: GET /session/24b20ddd35874416169bd4d0a72e19cd/screenshot - {}
RESULT: {}
COMMAND: POST /session/24b20ddd35874416169bd4d0a72e19cd/execute/sync - {"script":"<script> [79 bytes]","args":[{"element-6066-11e4-a52e-4f735466cecf":"f.0DBE2F60DC08DFEB343D094A9929C683.d.234F1EAF105A350B9B2F908D8142CDE2.e.3183","ELEMENT":"f.0DBE2F60DC08DFEB343D094A9929C683.d.234F1EAF105A350B9B2F908D8142CDE2.e.3183"},{"block":"start","inline":"nearest"}]}
RESULT: {"script":"<script> [79 bytes]","args":[{"element-6066-11e4-a52e-4f735466cecf":"f.0DBE2F60DC08DFEB343D094A9929C683.d.234F1EAF105A350B9B2F908D8142CDE2.e.3183","ELEMENT":"f.0DBE2F60DC08DFEB343D094A9929C683.d.234F1EAF105A350B9B2F908D8142CDE2.e.3183"},{"block":"start","inline":"nearest"}]}
COMMAND: GET /session/24b20ddd35874416169bd4d0a72e19cd/screenshot - {}
RESULT: {}
COMMAND: POST /session/24b20ddd35874416169bd4d0a72e19cd/element/f.0DBE2F60DC08DFEB343D094A9929C683.d.234F1EAF105A350B9B2F908D8142CDE2.e.3183/click - {}
RESULT: {}
COMMAND: GET /session/24b20ddd35874416169bd4d0a72e19cd/screenshot - {}
RESULT: {}
RESULT: undefined
COMMAND: POST /session/24b20ddd35874416169bd4d0a72e19cd/execute/async - {"script":"<script> [776 bytes]","args":[{"enterText":"4000360","selector":{"controlType":"sap.m.SearchField","properties":{"placeholder":"Search"},"searchOpenDialogs":true,"interaction":{"idSuffix":"I"}},"clearTextFirst":true,"interactionType":"ENTER_TEXT"}]}
RESULT: {"script":"<script> [776 bytes]","args":[{"enterText":"4000360","selector":{"controlType":"sap.m.SearchField","properties":{"placeholder":"Search"},"searchOpenDialogs":true,"interaction":{"idSuffix":"I"}},"clearTextFirst":true,"interactionType":"ENTER_TEXT"}]}
COMMAND: POST /session/24b20ddd35874416169bd4d0a72e19cd/actions - {"actions":[{"id":"action18","type":"key","parameters":{},"actions":[{"type":"keyDown","value":""},{"type":"pause","duration":10},{"type":"keyUp","value":""}]}]}
RESULT: {"actions":[{"id":"action18","type":"key","parameters":{},"actions":[{"type":"keyDown","value":""},{"type":"pause","duration":10},{"type":"keyUp","value":""}]}]}
COMMAND: GET /session/24b20ddd35874416169bd4d0a72e19cd/screenshot - {}
RESULT: {}
COMMAND: POST /session/24b20ddd35874416169bd4d0a72e19cd/element - {"using":"xpath","value":"//td/div/span[contains(text(), \"BGL Vehicles\")]"}
RESULT: {"using":"xpath","value":"//td/div/span[contains(text(), \"BGL Vehicles\")]"}
COMMAND: POST /session/24b20ddd35874416169bd4d0a72e19cd/element/f.0DBE2F60DC08DFEB343D094A9929C683.d.234F1EAF105A350B9B2F908D8142CDE2.e.3203/click - {}
RESULT: {}
COMMAND: GET /session/24b20ddd35874416169bd4d0a72e19cd/screenshot - {}
RESULT: {}
COMMAND: POST /session/24b20ddd35874416169bd4d0a72e19cd/element - {"using":"xpath","value":"//bdi[contains(text(), \"OK\")]"}
RESULT: {"using":"xpath","value":"//bdi[contains(text(), \"OK\")]"}
COMMAND: POST /session/24b20ddd35874416169bd4d0a72e19cd/element/f.0DBE2F60DC08DFEB343D094A9929C683.d.234F1EAF105A350B9B2F908D8142CDE2.e.3204/click - {}
RESULT: {}
COMMAND: GET /session/24b20ddd35874416169bd4d0a72e19cd/screenshot - {}
RESULT: {}
COMMAND: POST /session/24b20ddd35874416169bd4d0a72e19cd/element - {"using":"xpath","value":"//label[contains(@class, 'sapMLabelRequired') and .//bdi[contains(text(), 'Planned Retirement')]]"}
RESULT: {"using":"xpath","value":"//label[contains(@class, 'sapMLabelRequired') and .//bdi[contains(text(), 'Planned Retirement')]]"}
COMMAND: POST /session/24b20ddd35874416169bd4d0a72e19cd/elements - {"using":"xpath","value":"//label[contains(@class, 'sapMLabelRequired') and .//bdi[contains(text(), 'Planned Retirement')]]"}
RESULT: {"using":"xpath","value":"//label[contains(@class, 'sapMLabelRequired') and .//bdi[contains(text(), 'Planned Retirement')]]"}
COMMAND: POST /session/24b20ddd35874416169bd4d0a72e19cd/element - {"using":"xpath","value":"//button[@data-kt=\"resourceUnitSaveButton\"]"}
RESULT: {"using":"xpath","value":"//button[@data-kt=\"resourceUnitSaveButton\"]"}
COMMAND: POST /session/24b20ddd35874416169bd4d0a72e19cd/element/f.0DBE2F60DC08DFEB343D094A9929C683.d.234F1EAF105A350B9B2F908D8142CDE2.e.3047/click - {}
RESULT: {}
COMMAND: GET /session/24b20ddd35874416169bd4d0a72e19cd/screenshot - {}
RESULT: {}
COMMAND: POST /session/24b20ddd35874416169bd4d0a72e19cd/element - {"using":"xpath","value":"//bdi[contains(text(), \"Close\")]"}
RESULT: {"using":"xpath","value":"//bdi[contains(text(), \"Close\")]"}
COMMAND: POST /session/24b20ddd35874416169bd4d0a72e19cd/element/f.0DBE2F60DC08DFEB343D094A9929C683.d.234F1EAF105A350B9B2F908D8142CDE2.e.3210/click - {}
RESULT: {}
COMMAND: GET /session/24b20ddd35874416169bd4d0a72e19cd/screenshot - {}
RESULT: {}
COMMAND: POST /session/24b20ddd35874416169bd4d0a72e19cd/element - {"using":"xpath","value":"//header[contains(@id, 'detailRruPage-headerTitle')]/div[1]/div[2]/div[2]/span[1]"}
RESULT: {"using":"xpath","value":"//header[contains(@id, 'detailRruPage-headerTitle')]/div[1]/div[2]/div[2]/span[1]"}
COMMAND: POST /session/24b20ddd35874416169bd4d0a72e19cd/elements - {"using":"xpath","value":"//header[contains(@id, 'detailRruPage-headerTitle')]/div[1]/div[2]/div[2]/span[1]"}
RESULT: {"using":"xpath","value":"//header[contains(@id, 'detailRruPage-headerTitle')]/div[1]/div[2]/div[2]/span[1]"}
COMMAND: POST /session/24b20ddd35874416169bd4d0a72e19cd/execute/sync - {"script":"<script> [56 bytes]","args":[{"element-6066-11e4-a52e-4f735466cecf":"f.0DBE2F60DC08DFEB343D094A9929C683.d.234F1EAF105A350B9B2F908D8142CDE2.e.3245","ELEMENT":"f.0DBE2F60DC08DFEB343D094A9929C683.d.234F1EAF105A350B9B2F908D8142CDE2.e.3245"}]}
RESULT: {"script":"<script> [56 bytes]","args":[{"element-6066-11e4-a52e-4f735466cecf":"f.0DBE2F60DC08DFEB343D094A9929C683.d.234F1EAF105A350B9B2F908D8142CDE2.e.3245","ELEMENT":"f.0DBE2F60DC08DFEB343D094A9929C683.d.234F1EAF105A350B9B2F908D8142CDE2.e.3245"}]}
COMMAND: POST /session/24b20ddd35874416169bd4d0a72e19cd/element - {"using":"css selector","value":"#shell-header-logo"}
COMMAND: GET /session/24b20ddd35874416169bd4d0a72e19cd/screenshot - {}
RESULT: {"using":"css selector","value":"#shell-header-logo"}
COMMAND: POST /session/24b20ddd35874416169bd4d0a72e19cd/element/f.0DBE2F60DC08DFEB343D094A9929C683.d.234F1EAF105A350B9B2F908D8142CDE2.e.2647/click - {}
RESULT: {}
RESULT: {}
COMMAND: GET /session/24b20ddd35874416169bd4d0a72e19cd/screenshot - {}
RESULT: {}
]]></system-out>
    </testcase>
    <testcase classname="chrome.136_0_7103_93.windows.RU_Inventory_Mass_State_Change_Multiple_Items_US151066" name="Prerequisite Step 2 Should do a stock increase handover for the equipment" time="103.688">
      <system-out><![CDATA[
COMMAND: POST /session/24b20ddd35874416169bd4d0a72e19cd/execute/async - {"script":"<script> [1562 bytes]","args":[{"selector":{"controlType":"sap.m.GenericTile","properties":{"header":"Manage Handovers"}},"wdio_ui5_key":"sapm.GenericTile{\"header\":\"Manage Handovers\"}"}]}
RESULT: {"script":"<script> [1562 bytes]","args":[{"selector":{"controlType":"sap.m.GenericTile","properties":{"header":"Manage Handovers"}},"wdio_ui5_key":"sapm.GenericTile{\"header\":\"Manage Handovers\"}"}]}
RESULT: undefined
COMMAND: POST /session/24b20ddd35874416169bd4d0a72e19cd/element - {"using":"xpath","value":"//*[@id=\"__tile131\"]"}
RESULT: {"using":"xpath","value":"//*[@id=\"__tile131\"]"}
COMMAND: POST /session/24b20ddd35874416169bd4d0a72e19cd/element/f.0DBE2F60DC08DFEB343D094A9929C683.d.234F1EAF105A350B9B2F908D8142CDE2.e.246/click - {}
RESULT: {}
COMMAND: GET /session/24b20ddd35874416169bd4d0a72e19cd/screenshot - {}
RESULT: {}
COMMAND: POST /session/24b20ddd35874416169bd4d0a72e19cd/elements - {"using":"xpath","value":"//span[text()='Error']"}
RESULT: {"using":"xpath","value":"//span[text()='Error']"}
COMMAND: POST /session/24b20ddd35874416169bd4d0a72e19cd/element - {"using":"xpath","value":"//button[@data-kt=\"masterHOAddButton\"]"}
RESULT: {"using":"xpath","value":"//button[@data-kt=\"masterHOAddButton\"]"}
COMMAND: POST /session/24b20ddd35874416169bd4d0a72e19cd/elements - {"using":"xpath","value":"//button[@data-kt=\"masterHOAddButton\"]"}
RESULT: {"using":"xpath","value":"//button[@data-kt=\"masterHOAddButton\"]"}
COMMAND: POST /session/24b20ddd35874416169bd4d0a72e19cd/execute/sync - {"script":"<script> [8489 bytes]","args":[{"element-6066-11e4-a52e-4f735466cecf":"f.0DBE2F60DC08DFEB343D094A9929C683.d.234F1EAF105A350B9B2F908D8142CDE2.e.3284","ELEMENT":"f.0DBE2F60DC08DFEB343D094A9929C683.d.234F1EAF105A350B9B2F908D8142CDE2.e.3284"}]}
RESULT: {"script":"<script> [8489 bytes]","args":[{"element-6066-11e4-a52e-4f735466cecf":"f.0DBE2F60DC08DFEB343D094A9929C683.d.234F1EAF105A350B9B2F908D8142CDE2.e.3284","ELEMENT":"f.0DBE2F60DC08DFEB343D094A9929C683.d.234F1EAF105A350B9B2F908D8142CDE2.e.3284"}]}
COMMAND: GET /session/24b20ddd35874416169bd4d0a72e19cd/element/f.0DBE2F60DC08DFEB343D094A9929C683.d.234F1EAF105A350B9B2F908D8142CDE2.e.3284/enabled - {}
COMMAND: GET /session/24b20ddd35874416169bd4d0a72e19cd/screenshot - {}
RESULT: {}
COMMAND: POST /session/24b20ddd35874416169bd4d0a72e19cd/execute/sync - {"script":"<script> [8489 bytes]","args":[{"element-6066-11e4-a52e-4f735466cecf":"f.0DBE2F60DC08DFEB343D094A9929C683.d.234F1EAF105A350B9B2F908D8142CDE2.e.3284","ELEMENT":"f.0DBE2F60DC08DFEB343D094A9929C683.d.234F1EAF105A350B9B2F908D8142CDE2.e.3284"}]}
COMMAND: GET /session/24b20ddd35874416169bd4d0a72e19cd/screenshot - {}
RESULT: {}
RESULT: {"script":"<script> [8489 bytes]","args":[{"element-6066-11e4-a52e-4f735466cecf":"f.0DBE2F60DC08DFEB343D094A9929C683.d.234F1EAF105A350B9B2F908D8142CDE2.e.3284","ELEMENT":"f.0DBE2F60DC08DFEB343D094A9929C683.d.234F1EAF105A350B9B2F908D8142CDE2.e.3284"}]}
COMMAND: POST /session/24b20ddd35874416169bd4d0a72e19cd/execute/sync - {"script":"<script> [5351 bytes]","args":[{"element-6066-11e4-a52e-4f735466cecf":"f.0DBE2F60DC08DFEB343D094A9929C683.d.234F1EAF105A350B9B2F908D8142CDE2.e.3284","ELEMENT":"f.0DBE2F60DC08DFEB343D094A9929C683.d.234F1EAF105A350B9B2F908D8142CDE2.e.3284"}]}
COMMAND: GET /session/24b20ddd35874416169bd4d0a72e19cd/screenshot - {}
RESULT: {}
RESULT: {"script":"<script> [5351 bytes]","args":[{"element-6066-11e4-a52e-4f735466cecf":"f.0DBE2F60DC08DFEB343D094A9929C683.d.234F1EAF105A350B9B2F908D8142CDE2.e.3284","ELEMENT":"f.0DBE2F60DC08DFEB343D094A9929C683.d.234F1EAF105A350B9B2F908D8142CDE2.e.3284"}]}
COMMAND: POST /session/24b20ddd35874416169bd4d0a72e19cd/element/f.0DBE2F60DC08DFEB343D094A9929C683.d.234F1EAF105A350B9B2F908D8142CDE2.e.3284/click - {}
COMMAND: GET /session/24b20ddd35874416169bd4d0a72e19cd/screenshot - {}
RESULT: {}
RESULT: {}
COMMAND: GET /session/24b20ddd35874416169bd4d0a72e19cd/screenshot - {}
RESULT: {}
RESULT: {}
COMMAND: POST /session/24b20ddd35874416169bd4d0a72e19cd/element - {"using":"xpath","value":"//span[contains(@id ,\"AddNewHO--typeSelect-arrow\")]"}
RESULT: {"using":"xpath","value":"//span[contains(@id ,\"AddNewHO--typeSelect-arrow\")]"}
COMMAND: POST /session/24b20ddd35874416169bd4d0a72e19cd/element/f.0DBE2F60DC08DFEB343D094A9929C683.d.234F1EAF105A350B9B2F908D8142CDE2.e.3625/click - {}
RESULT: {}
COMMAND: GET /session/24b20ddd35874416169bd4d0a72e19cd/screenshot - {}
RESULT: {}
COMMAND: POST /session/24b20ddd35874416169bd4d0a72e19cd/element - {"using":"xpath","value":"(//li[contains(text(), \"stock increase yard\")])[1]"}
RESULT: {"using":"xpath","value":"(//li[contains(text(), \"stock increase yard\")])[1]"}
COMMAND: POST /session/24b20ddd35874416169bd4d0a72e19cd/element/f.0DBE2F60DC08DFEB343D094A9929C683.d.234F1EAF105A350B9B2F908D8142CDE2.e.3626/click - {}
RESULT: {}
COMMAND: GET /session/24b20ddd35874416169bd4d0a72e19cd/screenshot - {}
RESULT: {}
COMMAND: POST /session/24b20ddd35874416169bd4d0a72e19cd/execute/async - {"script":"<script> [1562 bytes]","args":[{"selector":{"id":"application-managehandovers-display-component---AddNewHO--dueDate","interaction":{"idSuffix":"inner"}},"wdio_ui5_key":"applicationmanagehandovers-display-component---AddNewHO--dueDate"}]}
RESULT: {"script":"<script> [1562 bytes]","args":[{"selector":{"id":"application-managehandovers-display-component---AddNewHO--dueDate","interaction":{"idSuffix":"inner"}},"wdio_ui5_key":"applicationmanagehandovers-display-component---AddNewHO--dueDate"}]}
RESULT: undefined
COMMAND: POST /session/24b20ddd35874416169bd4d0a72e19cd/execute/async - {"script":"<script> [6424 bytes]","args":[{"element-6066-11e4-a52e-4f735466cecf":"f.0DBE2F60DC08DFEB343D094A9929C683.d.234F1EAF105A350B9B2F908D8142CDE2.e.3628"},"setValue",["5/29/25"]]}
RESULT: {"script":"<script> [6424 bytes]","args":[{"element-6066-11e4-a52e-4f735466cecf":"f.0DBE2F60DC08DFEB343D094A9929C683.d.234F1EAF105A350B9B2F908D8142CDE2.e.3628"},"setValue",["5/29/25"]]}
COMMAND: POST /session/24b20ddd35874416169bd4d0a72e19cd/element - {"using":"xpath","value":"//input[@id=\"generalSectionFrg--receiveYard-inner\"]"}
RESULT: {"using":"xpath","value":"//input[@id=\"generalSectionFrg--receiveYard-inner\"]"}
COMMAND: POST /session/24b20ddd35874416169bd4d0a72e19cd/element/f.0DBE2F60DC08DFEB343D094A9929C683.d.234F1EAF105A350B9B2F908D8142CDE2.e.3634/clear - {}
RESULT: {}
COMMAND: POST /session/24b20ddd35874416169bd4d0a72e19cd/element/f.0DBE2F60DC08DFEB343D094A9929C683.d.234F1EAF105A350B9B2F908D8142CDE2.e.3634/value - {"text":"109"}
COMMAND: GET /session/24b20ddd35874416169bd4d0a72e19cd/screenshot - {}
RESULT: {"text":"109"}
COMMAND: GET /session/24b20ddd35874416169bd4d0a72e19cd/screenshot - {}
RESULT: {}
RESULT: {}
COMMAND: POST /session/24b20ddd35874416169bd4d0a72e19cd/element - {"using":"xpath","value":"//li[.//span[contains(text(),'109')]]"}
RESULT: {"using":"xpath","value":"//li[.//span[contains(text(),'109')]]"}
COMMAND: POST /session/24b20ddd35874416169bd4d0a72e19cd/element/f.0DBE2F60DC08DFEB343D094A9929C683.d.234F1EAF105A350B9B2F908D8142CDE2.e.3652/click - {}
RESULT: {}
COMMAND: GET /session/24b20ddd35874416169bd4d0a72e19cd/screenshot - {}
RESULT: {}
COMMAND: POST /session/24b20ddd35874416169bd4d0a72e19cd/execute/async - {"script":"<script> [1562 bytes]","args":[{"selector":{"id":"application-managehandovers-display-component---AddNewHO--ObjectPageLayout-anchBar-application-managehandovers-display-component---AddNewHO--section4-anchor","interaction":{"idSuffix":"BDI-content"}},"wdio_ui5_key":"applicationmanagehandovers-display-component---AddNewHO--ObjectPageLayout-anchBar-application-managehandovers-display-component---AddNewHO--section4-anchor"}]}
RESULT: {"script":"<script> [1562 bytes]","args":[{"selector":{"id":"application-managehandovers-display-component---AddNewHO--ObjectPageLayout-anchBar-application-managehandovers-display-component---AddNewHO--section4-anchor","interaction":{"idSuffix":"BDI-content"}},"wdio_ui5_key":"applicationmanagehandovers-display-component---AddNewHO--ObjectPageLayout-anchBar-application-managehandovers-display-component---AddNewHO--section4-anchor"}]}
RESULT: undefined
COMMAND: POST /session/24b20ddd35874416169bd4d0a72e19cd/element - {"using":"xpath","value":"//*[@id=\"application-managehandovers-display-component---AddNewHO--ObjectPageLayout-anchBar-application-managehandovers-display-component---AddNewHO--section4-anchor\"]"}
RESULT: {"using":"xpath","value":"//*[@id=\"application-managehandovers-display-component---AddNewHO--ObjectPageLayout-anchBar-application-managehandovers-display-component---AddNewHO--section4-anchor\"]"}
COMMAND: POST /session/24b20ddd35874416169bd4d0a72e19cd/element/f.0DBE2F60DC08DFEB343D094A9929C683.d.234F1EAF105A350B9B2F908D8142CDE2.e.3654/click - {}
RESULT: {}
COMMAND: POST /session/24b20ddd35874416169bd4d0a72e19cd/element - {"using":"xpath","value":"//button[@aria-label=\"Add\"]"}
COMMAND: GET /session/24b20ddd35874416169bd4d0a72e19cd/screenshot - {}
RESULT: {"using":"xpath","value":"//button[@aria-label=\"Add\"]"}
COMMAND: POST /session/24b20ddd35874416169bd4d0a72e19cd/element/f.0DBE2F60DC08DFEB343D094A9929C683.d.234F1EAF105A350B9B2F908D8142CDE2.e.3656/click - {}
RESULT: {}
RESULT: {}
COMMAND: GET /session/24b20ddd35874416169bd4d0a72e19cd/screenshot - {}
RESULT: {}
COMMAND: POST /session/24b20ddd35874416169bd4d0a72e19cd/execute/async - {"script":"<script> [1562 bytes]","args":[{"selector":{"id":"application-managehandovers-display-component---AddNewHO--smartFilterBar-btnBasicSearch","searchOpenDialogs":true,"interaction":{"idSuffix":"I"}},"wdio_ui5_key":"applicationmanagehandovers-display-component---AddNewHO--smartFilterBar-btnBasicSearch"}]}
RESULT: {"script":"<script> [1562 bytes]","args":[{"selector":{"id":"application-managehandovers-display-component---AddNewHO--smartFilterBar-btnBasicSearch","searchOpenDialogs":true,"interaction":{"idSuffix":"I"}},"wdio_ui5_key":"applicationmanagehandovers-display-component---AddNewHO--smartFilterBar-btnBasicSearch"}]}
RESULT: undefined
COMMAND: POST /session/24b20ddd35874416169bd4d0a72e19cd/execute/async - {"script":"<script> [776 bytes]","args":[{"enterText":"m2VepGOEE9","selector":{"id":"application-managehandovers-display-component---AddNewHO--smartFilterBar-btnBasicSearch","searchOpenDialogs":true,"interaction":{"idSuffix":"I"}},"clearTextFirst":true,"interactionType":"ENTER_TEXT"}]}
RESULT: {"script":"<script> [776 bytes]","args":[{"enterText":"m2VepGOEE9","selector":{"id":"application-managehandovers-display-component---AddNewHO--smartFilterBar-btnBasicSearch","searchOpenDialogs":true,"interaction":{"idSuffix":"I"}},"clearTextFirst":true,"interactionType":"ENTER_TEXT"}]}
COMMAND: POST /session/24b20ddd35874416169bd4d0a72e19cd/actions - {"actions":[{"id":"action19","type":"key","parameters":{},"actions":[{"type":"keyDown","value":""},{"type":"pause","duration":10},{"type":"keyUp","value":""}]}]}
RESULT: {"actions":[{"id":"action19","type":"key","parameters":{},"actions":[{"type":"keyDown","value":""},{"type":"pause","duration":10},{"type":"keyUp","value":""}]}]}
COMMAND: GET /session/24b20ddd35874416169bd4d0a72e19cd/screenshot - {}
RESULT: {}
COMMAND: POST /session/24b20ddd35874416169bd4d0a72e19cd/execute/async - {"script":"<script> [1562 bytes]","args":[{"selector":{"id":"application-managehandovers-display-component---AddNewHO--popup-sa","searchOpenDialogs":true,"interaction":{"idSuffix":"CbBg"}},"wdio_ui5_key":"applicationmanagehandovers-display-component---AddNewHO--popup-sa"}]}
RESULT: {"script":"<script> [1562 bytes]","args":[{"selector":{"id":"application-managehandovers-display-component---AddNewHO--popup-sa","searchOpenDialogs":true,"interaction":{"idSuffix":"CbBg"}},"wdio_ui5_key":"applicationmanagehandovers-display-component---AddNewHO--popup-sa"}]}
RESULT: undefined
COMMAND: POST /session/24b20ddd35874416169bd4d0a72e19cd/element - {"using":"xpath","value":"//*[@id=\"application-managehandovers-display-component---AddNewHO--popup-sa\"]"}
RESULT: {"using":"xpath","value":"//*[@id=\"application-managehandovers-display-component---AddNewHO--popup-sa\"]"}
COMMAND: POST /session/24b20ddd35874416169bd4d0a72e19cd/element/f.0DBE2F60DC08DFEB343D094A9929C683.d.234F1EAF105A350B9B2F908D8142CDE2.e.3810/click - {}
RESULT: {}
COMMAND: GET /session/24b20ddd35874416169bd4d0a72e19cd/screenshot - {}
RESULT: {}
COMMAND: POST /session/24b20ddd35874416169bd4d0a72e19cd/element - {"using":"xpath","value":"//bdi[contains(text(), \"Select\")]"}
RESULT: {"using":"xpath","value":"//bdi[contains(text(), \"Select\")]"}
COMMAND: POST /session/24b20ddd35874416169bd4d0a72e19cd/element/f.0DBE2F60DC08DFEB343D094A9929C683.d.234F1EAF105A350B9B2F908D8142CDE2.e.3811/click - {}
RESULT: {}
COMMAND: GET /session/24b20ddd35874416169bd4d0a72e19cd/screenshot - {}
RESULT: {}
COMMAND: POST /session/24b20ddd35874416169bd4d0a72e19cd/element - {"using":"xpath","value":"//button[@data-kt=\"AddNewHOSaveButton\"]"}
RESULT: {"using":"xpath","value":"//button[@data-kt=\"AddNewHOSaveButton\"]"}
COMMAND: POST /session/24b20ddd35874416169bd4d0a72e19cd/element/f.0DBE2F60DC08DFEB343D094A9929C683.d.234F1EAF105A350B9B2F908D8142CDE2.e.3815/click - {}
RESULT: {}
COMMAND: GET /session/24b20ddd35874416169bd4d0a72e19cd/screenshot - {}
RESULT: {}
COMMAND: POST /session/24b20ddd35874416169bd4d0a72e19cd/execute/async - {"script":"<script> [1562 bytes]","args":[{"selector":{"id":"receiptDatePicker","viewName":"etm.portal.ui.managehandovers.view.DetailExecuteHO","interaction":{"idSuffix":"inner"}},"wdio_ui5_key":"receiptDatePickeretmportal.ui.managehandovers.view.DetailExecuteHO"}]}
RESULT: {"script":"<script> [1562 bytes]","args":[{"selector":{"id":"receiptDatePicker","viewName":"etm.portal.ui.managehandovers.view.DetailExecuteHO","interaction":{"idSuffix":"inner"}},"wdio_ui5_key":"receiptDatePickeretmportal.ui.managehandovers.view.DetailExecuteHO"}]}
RESULT: undefined
COMMAND: POST /session/24b20ddd35874416169bd4d0a72e19cd/execute/async - {"script":"<script> [6424 bytes]","args":[{"element-6066-11e4-a52e-4f735466cecf":"f.0DBE2F60DC08DFEB343D094A9929C683.d.234F1EAF105A350B9B2F908D8142CDE2.e.3846"},"setValue",["5/29/25"]]}
RESULT: {"script":"<script> [6424 bytes]","args":[{"element-6066-11e4-a52e-4f735466cecf":"f.0DBE2F60DC08DFEB343D094A9929C683.d.234F1EAF105A350B9B2F908D8142CDE2.e.3846"},"setValue",["5/29/25"]]}
COMMAND: POST /session/24b20ddd35874416169bd4d0a72e19cd/element - {"using":"xpath","value":"//button[@data-kt=\"ReceivingTableConfirmAllButton\"]"}
RESULT: {"using":"xpath","value":"//button[@data-kt=\"ReceivingTableConfirmAllButton\"]"}
COMMAND: POST /session/24b20ddd35874416169bd4d0a72e19cd/element/f.0DBE2F60DC08DFEB343D094A9929C683.d.234F1EAF105A350B9B2F908D8142CDE2.e.3861/click - {}
RESULT: {}
COMMAND: GET /session/24b20ddd35874416169bd4d0a72e19cd/screenshot - {}
RESULT: {}
COMMAND: POST /session/24b20ddd35874416169bd4d0a72e19cd/element - {"using":"xpath","value":"//bdi[contains(text(), \"OK\")]"}
RESULT: {"using":"xpath","value":"//bdi[contains(text(), \"OK\")]"}
COMMAND: POST /session/24b20ddd35874416169bd4d0a72e19cd/element/f.0DBE2F60DC08DFEB343D094A9929C683.d.234F1EAF105A350B9B2F908D8142CDE2.e.3863/click - {}
RESULT: {}
COMMAND: GET /session/24b20ddd35874416169bd4d0a72e19cd/screenshot - {}
RESULT: {}
COMMAND: POST /session/24b20ddd35874416169bd4d0a72e19cd/element - {"using":"xpath","value":"(//bdi[contains(text(), \"Receive\")])[2]"}
RESULT: {"using":"xpath","value":"(//bdi[contains(text(), \"Receive\")])[2]"}
COMMAND: POST /session/24b20ddd35874416169bd4d0a72e19cd/element/f.0DBE2F60DC08DFEB343D094A9929C683.d.234F1EAF105A350B9B2F908D8142CDE2.e.3865/click - {}
RESULT: {}
COMMAND: GET /session/24b20ddd35874416169bd4d0a72e19cd/screenshot - {}
RESULT: {}
COMMAND: POST /session/24b20ddd35874416169bd4d0a72e19cd/element - {"using":"css selector","value":"#shell-header-logo"}
RESULT: {"using":"css selector","value":"#shell-header-logo"}
COMMAND: POST /session/24b20ddd35874416169bd4d0a72e19cd/element/f.0DBE2F60DC08DFEB343D094A9929C683.d.234F1EAF105A350B9B2F908D8142CDE2.e.3249/click - {}
RESULT: {}
COMMAND: GET /session/24b20ddd35874416169bd4d0a72e19cd/screenshot - {}
RESULT: {}
]]></system-out>
    </testcase>
    <testcase classname="chrome.136_0_7103_93.windows.RU_Inventory_Mass_State_Change_Multiple_Items_US151066" name="Prerequisite Step 2 Should do a stock increase handover for the material" time="108.559">
      <system-out><![CDATA[
RESULT: undefined
COMMAND: POST /session/24b20ddd35874416169bd4d0a72e19cd/element - {"using":"xpath","value":"//*[@id=\"__tile131\"]"}
RESULT: {"using":"xpath","value":"//*[@id=\"__tile131\"]"}
COMMAND: POST /session/24b20ddd35874416169bd4d0a72e19cd/element/f.0DBE2F60DC08DFEB343D094A9929C683.d.234F1EAF105A350B9B2F908D8142CDE2.e.246/click - {}
RESULT: {}
COMMAND: GET /session/24b20ddd35874416169bd4d0a72e19cd/screenshot - {}
RESULT: {}
COMMAND: POST /session/24b20ddd35874416169bd4d0a72e19cd/elements - {"using":"xpath","value":"//span[text()='Error']"}
RESULT: {"using":"xpath","value":"//span[text()='Error']"}
COMMAND: POST /session/24b20ddd35874416169bd4d0a72e19cd/element - {"using":"xpath","value":"//button[@data-kt=\"masterHOAddButton\"]"}
RESULT: {"using":"xpath","value":"//button[@data-kt=\"masterHOAddButton\"]"}
COMMAND: POST /session/24b20ddd35874416169bd4d0a72e19cd/elements - {"using":"xpath","value":"//button[@data-kt=\"masterHOAddButton\"]"}
RESULT: {"using":"xpath","value":"//button[@data-kt=\"masterHOAddButton\"]"}
COMMAND: POST /session/24b20ddd35874416169bd4d0a72e19cd/execute/sync - {"script":"<script> [8489 bytes]","args":[{"element-6066-11e4-a52e-4f735466cecf":"f.0DBE2F60DC08DFEB343D094A9929C683.d.234F1EAF105A350B9B2F908D8142CDE2.e.4070","ELEMENT":"f.0DBE2F60DC08DFEB343D094A9929C683.d.234F1EAF105A350B9B2F908D8142CDE2.e.4070"}]}
RESULT: {"script":"<script> [8489 bytes]","args":[{"element-6066-11e4-a52e-4f735466cecf":"f.0DBE2F60DC08DFEB343D094A9929C683.d.234F1EAF105A350B9B2F908D8142CDE2.e.4070","ELEMENT":"f.0DBE2F60DC08DFEB343D094A9929C683.d.234F1EAF105A350B9B2F908D8142CDE2.e.4070"}]}
COMMAND: GET /session/24b20ddd35874416169bd4d0a72e19cd/element/f.0DBE2F60DC08DFEB343D094A9929C683.d.234F1EAF105A350B9B2F908D8142CDE2.e.4070/enabled - {}
COMMAND: GET /session/24b20ddd35874416169bd4d0a72e19cd/screenshot - {}
RESULT: {}
COMMAND: POST /session/24b20ddd35874416169bd4d0a72e19cd/execute/sync - {"script":"<script> [8489 bytes]","args":[{"element-6066-11e4-a52e-4f735466cecf":"f.0DBE2F60DC08DFEB343D094A9929C683.d.234F1EAF105A350B9B2F908D8142CDE2.e.4070","ELEMENT":"f.0DBE2F60DC08DFEB343D094A9929C683.d.234F1EAF105A350B9B2F908D8142CDE2.e.4070"}]}
COMMAND: GET /session/24b20ddd35874416169bd4d0a72e19cd/screenshot - {}
RESULT: {}
RESULT: {"script":"<script> [8489 bytes]","args":[{"element-6066-11e4-a52e-4f735466cecf":"f.0DBE2F60DC08DFEB343D094A9929C683.d.234F1EAF105A350B9B2F908D8142CDE2.e.4070","ELEMENT":"f.0DBE2F60DC08DFEB343D094A9929C683.d.234F1EAF105A350B9B2F908D8142CDE2.e.4070"}]}
COMMAND: POST /session/24b20ddd35874416169bd4d0a72e19cd/execute/sync - {"script":"<script> [5351 bytes]","args":[{"element-6066-11e4-a52e-4f735466cecf":"f.0DBE2F60DC08DFEB343D094A9929C683.d.234F1EAF105A350B9B2F908D8142CDE2.e.4070","ELEMENT":"f.0DBE2F60DC08DFEB343D094A9929C683.d.234F1EAF105A350B9B2F908D8142CDE2.e.4070"}]}
COMMAND: GET /session/24b20ddd35874416169bd4d0a72e19cd/screenshot - {}
RESULT: {}
RESULT: {"script":"<script> [5351 bytes]","args":[{"element-6066-11e4-a52e-4f735466cecf":"f.0DBE2F60DC08DFEB343D094A9929C683.d.234F1EAF105A350B9B2F908D8142CDE2.e.4070","ELEMENT":"f.0DBE2F60DC08DFEB343D094A9929C683.d.234F1EAF105A350B9B2F908D8142CDE2.e.4070"}]}
COMMAND: POST /session/24b20ddd35874416169bd4d0a72e19cd/element/f.0DBE2F60DC08DFEB343D094A9929C683.d.234F1EAF105A350B9B2F908D8142CDE2.e.4070/click - {}
COMMAND: GET /session/24b20ddd35874416169bd4d0a72e19cd/screenshot - {}
RESULT: {}
RESULT: {}
COMMAND: GET /session/24b20ddd35874416169bd4d0a72e19cd/screenshot - {}
COMMAND: POST /session/24b20ddd35874416169bd4d0a72e19cd/element - {"using":"xpath","value":"//span[contains(@id ,\"AddNewHO--typeSelect-arrow\")]"}
RESULT: {}
RESULT: {}
RESULT: {"using":"xpath","value":"//span[contains(@id ,\"AddNewHO--typeSelect-arrow\")]"}
COMMAND: POST /session/24b20ddd35874416169bd4d0a72e19cd/element/f.0DBE2F60DC08DFEB343D094A9929C683.d.234F1EAF105A350B9B2F908D8142CDE2.e.4481/click - {}
RESULT: {}
COMMAND: GET /session/24b20ddd35874416169bd4d0a72e19cd/screenshot - {}
RESULT: {}
COMMAND: POST /session/24b20ddd35874416169bd4d0a72e19cd/element - {"using":"xpath","value":"(//li[contains(text(), \"stock increase yard\")])[1]"}
RESULT: {"using":"xpath","value":"(//li[contains(text(), \"stock increase yard\")])[1]"}
COMMAND: POST /session/24b20ddd35874416169bd4d0a72e19cd/element/f.0DBE2F60DC08DFEB343D094A9929C683.d.234F1EAF105A350B9B2F908D8142CDE2.e.4482/click - {}
RESULT: {}
COMMAND: GET /session/24b20ddd35874416169bd4d0a72e19cd/screenshot - {}
RESULT: {}
RESULT: undefined
COMMAND: POST /session/24b20ddd35874416169bd4d0a72e19cd/execute/async - {"script":"<script> [6424 bytes]","args":[{"element-6066-11e4-a52e-4f735466cecf":"f.0DBE2F60DC08DFEB343D094A9929C683.d.234F1EAF105A350B9B2F908D8142CDE2.e.3628"},"setValue",["5/29/25"]]}
COMMAND: POST /session/24b20ddd35874416169bd4d0a72e19cd/execute/async - {"script":"<script> [1562 bytes]","args":[{"selector":{"id":"application-managehandovers-display-component---AddNewHO--dueDate","interaction":{"idSuffix":"inner"}},"wdio_ui5_key":"applicationmanagehandovers-display-component---AddNewHO--dueDate"}]}
RESULT: {"script":"<script> [1562 bytes]","args":[{"selector":{"id":"application-managehandovers-display-component---AddNewHO--dueDate","interaction":{"idSuffix":"inner"}},"wdio_ui5_key":"applicationmanagehandovers-display-component---AddNewHO--dueDate"}]}
COMMAND: POST /session/24b20ddd35874416169bd4d0a72e19cd/execute/async - {"script":"<script> [6424 bytes]","args":[{"element-6066-11e4-a52e-4f735466cecf":"f.0DBE2F60DC08DFEB343D094A9929C683.d.234F1EAF105A350B9B2F908D8142CDE2.e.4484"},"setValue",["5/29/25"]]}
RESULT: {"script":"<script> [6424 bytes]","args":[{"element-6066-11e4-a52e-4f735466cecf":"f.0DBE2F60DC08DFEB343D094A9929C683.d.234F1EAF105A350B9B2F908D8142CDE2.e.4484"},"setValue",["5/29/25"]]}
COMMAND: POST /session/24b20ddd35874416169bd4d0a72e19cd/element - {"using":"xpath","value":"//input[@id=\"generalSectionFrg--receiveYard-inner\"]"}
RESULT: {"using":"xpath","value":"//input[@id=\"generalSectionFrg--receiveYard-inner\"]"}
COMMAND: POST /session/24b20ddd35874416169bd4d0a72e19cd/element/f.0DBE2F60DC08DFEB343D094A9929C683.d.234F1EAF105A350B9B2F908D8142CDE2.e.4490/clear - {}
RESULT: {}
COMMAND: POST /session/24b20ddd35874416169bd4d0a72e19cd/element/f.0DBE2F60DC08DFEB343D094A9929C683.d.234F1EAF105A350B9B2F908D8142CDE2.e.4490/value - {"text":"109"}
COMMAND: GET /session/24b20ddd35874416169bd4d0a72e19cd/screenshot - {}
RESULT: {"text":"109"}
COMMAND: GET /session/24b20ddd35874416169bd4d0a72e19cd/screenshot - {}
RESULT: {}
RESULT: {}
COMMAND: POST /session/24b20ddd35874416169bd4d0a72e19cd/element - {"using":"xpath","value":"//li[.//span[contains(text(),'109')]]"}
RESULT: {"using":"xpath","value":"//li[.//span[contains(text(),'109')]]"}
COMMAND: POST /session/24b20ddd35874416169bd4d0a72e19cd/element/f.0DBE2F60DC08DFEB343D094A9929C683.d.234F1EAF105A350B9B2F908D8142CDE2.e.4508/click - {}
RESULT: {}
COMMAND: GET /session/24b20ddd35874416169bd4d0a72e19cd/screenshot - {}
RESULT: {}
RESULT: undefined
COMMAND: POST /session/24b20ddd35874416169bd4d0a72e19cd/element - {"using":"xpath","value":"//*[@id=\"application-managehandovers-display-component---AddNewHO--ObjectPageLayout-anchBar-application-managehandovers-display-component---AddNewHO--section4-anchor\"]"}
RESULT: {"using":"xpath","value":"//*[@id=\"application-managehandovers-display-component---AddNewHO--ObjectPageLayout-anchBar-application-managehandovers-display-component---AddNewHO--section4-anchor\"]"}
COMMAND: POST /session/24b20ddd35874416169bd4d0a72e19cd/element/f.0DBE2F60DC08DFEB343D094A9929C683.d.234F1EAF105A350B9B2F908D8142CDE2.e.4509/click - {}
RESULT: {}
COMMAND: POST /session/24b20ddd35874416169bd4d0a72e19cd/element - {"using":"xpath","value":"//button[@aria-label=\"Add\"]"}
COMMAND: GET /session/24b20ddd35874416169bd4d0a72e19cd/screenshot - {}
RESULT: {"using":"xpath","value":"//button[@aria-label=\"Add\"]"}
COMMAND: POST /session/24b20ddd35874416169bd4d0a72e19cd/element/f.0DBE2F60DC08DFEB343D094A9929C683.d.234F1EAF105A350B9B2F908D8142CDE2.e.4513/click - {}
RESULT: {}
RESULT: {}
COMMAND: GET /session/24b20ddd35874416169bd4d0a72e19cd/screenshot - {}
RESULT: {}
RESULT: undefined
COMMAND: POST /session/24b20ddd35874416169bd4d0a72e19cd/execute/async - {"script":"<script> [776 bytes]","args":[{"enterText":"200254","selector":{"id":"application-managehandovers-display-component---AddNewHO--smartFilterBar-btnBasicSearch","searchOpenDialogs":true,"interaction":{"idSuffix":"I"}},"clearTextFirst":true,"interactionType":"ENTER_TEXT"}]}
RESULT: {"script":"<script> [776 bytes]","args":[{"enterText":"200254","selector":{"id":"application-managehandovers-display-component---AddNewHO--smartFilterBar-btnBasicSearch","searchOpenDialogs":true,"interaction":{"idSuffix":"I"}},"clearTextFirst":true,"interactionType":"ENTER_TEXT"}]}
COMMAND: POST /session/24b20ddd35874416169bd4d0a72e19cd/actions - {"actions":[{"id":"action20","type":"key","parameters":{},"actions":[{"type":"keyDown","value":""},{"type":"pause","duration":10},{"type":"keyUp","value":""}]}]}
RESULT: {"actions":[{"id":"action20","type":"key","parameters":{},"actions":[{"type":"keyDown","value":""},{"type":"pause","duration":10},{"type":"keyUp","value":""}]}]}
COMMAND: GET /session/24b20ddd35874416169bd4d0a72e19cd/screenshot - {}
RESULT: {}
RESULT: undefined
COMMAND: POST /session/24b20ddd35874416169bd4d0a72e19cd/element - {"using":"xpath","value":"//*[@id=\"application-managehandovers-display-component---AddNewHO--popup-sa\"]"}
RESULT: {"using":"xpath","value":"//*[@id=\"application-managehandovers-display-component---AddNewHO--popup-sa\"]"}
COMMAND: POST /session/24b20ddd35874416169bd4d0a72e19cd/element/f.0DBE2F60DC08DFEB343D094A9929C683.d.234F1EAF105A350B9B2F908D8142CDE2.e.4667/click - {}
RESULT: {}
COMMAND: GET /session/24b20ddd35874416169bd4d0a72e19cd/screenshot - {}
RESULT: {}
COMMAND: POST /session/24b20ddd35874416169bd4d0a72e19cd/element - {"using":"xpath","value":"//bdi[contains(text(), \"Select\")]"}
RESULT: {"using":"xpath","value":"//bdi[contains(text(), \"Select\")]"}
COMMAND: POST /session/24b20ddd35874416169bd4d0a72e19cd/element/f.0DBE2F60DC08DFEB343D094A9929C683.d.234F1EAF105A350B9B2F908D8142CDE2.e.4668/click - {}
RESULT: {}
COMMAND: GET /session/24b20ddd35874416169bd4d0a72e19cd/screenshot - {}
RESULT: {}
COMMAND: POST /session/24b20ddd35874416169bd4d0a72e19cd/element - {"using":"xpath","value":"//button[@data-kt=\"AddNewHOSaveButton\"]"}
RESULT: {"using":"xpath","value":"//button[@data-kt=\"AddNewHOSaveButton\"]"}
COMMAND: POST /session/24b20ddd35874416169bd4d0a72e19cd/element/f.0DBE2F60DC08DFEB343D094A9929C683.d.234F1EAF105A350B9B2F908D8142CDE2.e.4672/click - {}
RESULT: {}
COMMAND: GET /session/24b20ddd35874416169bd4d0a72e19cd/screenshot - {}
RESULT: {}
RESULT: undefined
COMMAND: POST /session/24b20ddd35874416169bd4d0a72e19cd/execute/async - {"script":"<script> [6424 bytes]","args":[{"element-6066-11e4-a52e-4f735466cecf":"f.0DBE2F60DC08DFEB343D094A9929C683.d.234F1EAF105A350B9B2F908D8142CDE2.e.3846"},"setValue",["5/29/25"]]}
COMMAND: POST /session/24b20ddd35874416169bd4d0a72e19cd/execute/async - {"script":"<script> [1562 bytes]","args":[{"selector":{"id":"receiptDatePicker","viewName":"etm.portal.ui.managehandovers.view.DetailExecuteHO","interaction":{"idSuffix":"inner"}},"wdio_ui5_key":"receiptDatePickeretmportal.ui.managehandovers.view.DetailExecuteHO"}]}
RESULT: {"script":"<script> [1562 bytes]","args":[{"selector":{"id":"receiptDatePicker","viewName":"etm.portal.ui.managehandovers.view.DetailExecuteHO","interaction":{"idSuffix":"inner"}},"wdio_ui5_key":"receiptDatePickeretmportal.ui.managehandovers.view.DetailExecuteHO"}]}
COMMAND: POST /session/24b20ddd35874416169bd4d0a72e19cd/execute/async - {"script":"<script> [6424 bytes]","args":[{"element-6066-11e4-a52e-4f735466cecf":"f.0DBE2F60DC08DFEB343D094A9929C683.d.234F1EAF105A350B9B2F908D8142CDE2.e.4703"},"setValue",["5/29/25"]]}
RESULT: {"script":"<script> [6424 bytes]","args":[{"element-6066-11e4-a52e-4f735466cecf":"f.0DBE2F60DC08DFEB343D094A9929C683.d.234F1EAF105A350B9B2F908D8142CDE2.e.4703"},"setValue",["5/29/25"]]}
COMMAND: POST /session/24b20ddd35874416169bd4d0a72e19cd/element - {"using":"xpath","value":"//button[@data-kt=\"ReceivingTableConfirmAllButton\"]"}
RESULT: {"using":"xpath","value":"//button[@data-kt=\"ReceivingTableConfirmAllButton\"]"}
COMMAND: POST /session/24b20ddd35874416169bd4d0a72e19cd/element/f.0DBE2F60DC08DFEB343D094A9929C683.d.234F1EAF105A350B9B2F908D8142CDE2.e.4717/click - {}
RESULT: {}
COMMAND: GET /session/24b20ddd35874416169bd4d0a72e19cd/screenshot - {}
RESULT: {}
COMMAND: POST /session/24b20ddd35874416169bd4d0a72e19cd/element - {"using":"xpath","value":"//bdi[contains(text(), \"OK\")]"}
RESULT: {"using":"xpath","value":"//bdi[contains(text(), \"OK\")]"}
COMMAND: POST /session/24b20ddd35874416169bd4d0a72e19cd/element/f.0DBE2F60DC08DFEB343D094A9929C683.d.234F1EAF105A350B9B2F908D8142CDE2.e.4719/click - {}
RESULT: {}
COMMAND: GET /session/24b20ddd35874416169bd4d0a72e19cd/screenshot - {}
RESULT: {}
COMMAND: POST /session/24b20ddd35874416169bd4d0a72e19cd/element - {"using":"xpath","value":"(//bdi[contains(text(), \"Receive\")])[2]"}
RESULT: {"using":"xpath","value":"(//bdi[contains(text(), \"Receive\")])[2]"}
COMMAND: POST /session/24b20ddd35874416169bd4d0a72e19cd/element/f.0DBE2F60DC08DFEB343D094A9929C683.d.234F1EAF105A350B9B2F908D8142CDE2.e.4721/click - {}
RESULT: {}
COMMAND: GET /session/24b20ddd35874416169bd4d0a72e19cd/screenshot - {}
RESULT: {}
COMMAND: POST /session/24b20ddd35874416169bd4d0a72e19cd/element - {"using":"css selector","value":"#shell-header-logo"}
RESULT: {"using":"css selector","value":"#shell-header-logo"}
COMMAND: POST /session/24b20ddd35874416169bd4d0a72e19cd/element/f.0DBE2F60DC08DFEB343D094A9929C683.d.234F1EAF105A350B9B2F908D8142CDE2.e.4042/click - {}
RESULT: {}
COMMAND: GET /session/24b20ddd35874416169bd4d0a72e19cd/screenshot - {}
RESULT: {}
]]></system-out>
    </testcase>
    <testcase classname="chrome.136_0_7103_93.windows.RU_Inventory_Mass_State_Change_Multiple_Items_US151066" name="Step 2 Should do a RU inventory mass state change on chosen yard 109 with the resources created one equipment one material the existing ones too" time="312.727">
      <system-out><![CDATA[
RESULT: undefined
COMMAND: POST /session/24b20ddd35874416169bd4d0a72e19cd/element - {"using":"xpath","value":"//*[@id=\"__tile99\"]"}
RESULT: {"using":"xpath","value":"//*[@id=\"__tile99\"]"}
COMMAND: POST /session/24b20ddd35874416169bd4d0a72e19cd/element/f.0DBE2F60DC08DFEB343D094A9929C683.d.234F1EAF105A350B9B2F908D8142CDE2.e.270/click - {}
RESULT: {}
COMMAND: GET /session/24b20ddd35874416169bd4d0a72e19cd/screenshot - {}
RESULT: {}
COMMAND: POST /session/24b20ddd35874416169bd4d0a72e19cd/elements - {"using":"xpath","value":"//span[text()='Error']"}
RESULT: {"using":"xpath","value":"//span[text()='Error']"}
COMMAND: POST /session/24b20ddd35874416169bd4d0a72e19cd/element - {"using":"xpath","value":"//button[contains(@id, \"massStateBtn\")]"}
RESULT: {"using":"xpath","value":"//button[contains(@id, \"massStateBtn\")]"}
COMMAND: POST /session/24b20ddd35874416169bd4d0a72e19cd/elements - {"using":"xpath","value":"//button[contains(@id, \"massStateBtn\")]"}
RESULT: {"using":"xpath","value":"//button[contains(@id, \"massStateBtn\")]"}
COMMAND: POST /session/24b20ddd35874416169bd4d0a72e19cd/execute/sync - {"script":"<script> [8489 bytes]","args":[{"element-6066-11e4-a52e-4f735466cecf":"f.0DBE2F60DC08DFEB343D094A9929C683.d.234F1EAF105A350B9B2F908D8142CDE2.e.4936","ELEMENT":"f.0DBE2F60DC08DFEB343D094A9929C683.d.234F1EAF105A350B9B2F908D8142CDE2.e.4936"}]}
RESULT: {"script":"<script> [8489 bytes]","args":[{"element-6066-11e4-a52e-4f735466cecf":"f.0DBE2F60DC08DFEB343D094A9929C683.d.234F1EAF105A350B9B2F908D8142CDE2.e.4936","ELEMENT":"f.0DBE2F60DC08DFEB343D094A9929C683.d.234F1EAF105A350B9B2F908D8142CDE2.e.4936"}]}
COMMAND: GET /session/24b20ddd35874416169bd4d0a72e19cd/element/f.0DBE2F60DC08DFEB343D094A9929C683.d.234F1EAF105A350B9B2F908D8142CDE2.e.4936/enabled - {}
COMMAND: GET /session/24b20ddd35874416169bd4d0a72e19cd/screenshot - {}
RESULT: {}
COMMAND: POST /session/24b20ddd35874416169bd4d0a72e19cd/execute/sync - {"script":"<script> [8489 bytes]","args":[{"element-6066-11e4-a52e-4f735466cecf":"f.0DBE2F60DC08DFEB343D094A9929C683.d.234F1EAF105A350B9B2F908D8142CDE2.e.4936","ELEMENT":"f.0DBE2F60DC08DFEB343D094A9929C683.d.234F1EAF105A350B9B2F908D8142CDE2.e.4936"}]}
COMMAND: GET /session/24b20ddd35874416169bd4d0a72e19cd/screenshot - {}
RESULT: {}
RESULT: {"script":"<script> [8489 bytes]","args":[{"element-6066-11e4-a52e-4f735466cecf":"f.0DBE2F60DC08DFEB343D094A9929C683.d.234F1EAF105A350B9B2F908D8142CDE2.e.4936","ELEMENT":"f.0DBE2F60DC08DFEB343D094A9929C683.d.234F1EAF105A350B9B2F908D8142CDE2.e.4936"}]}
COMMAND: POST /session/24b20ddd35874416169bd4d0a72e19cd/execute/sync - {"script":"<script> [5351 bytes]","args":[{"element-6066-11e4-a52e-4f735466cecf":"f.0DBE2F60DC08DFEB343D094A9929C683.d.234F1EAF105A350B9B2F908D8142CDE2.e.4936","ELEMENT":"f.0DBE2F60DC08DFEB343D094A9929C683.d.234F1EAF105A350B9B2F908D8142CDE2.e.4936"}]}
COMMAND: GET /session/24b20ddd35874416169bd4d0a72e19cd/screenshot - {}
RESULT: {}
RESULT: {"script":"<script> [5351 bytes]","args":[{"element-6066-11e4-a52e-4f735466cecf":"f.0DBE2F60DC08DFEB343D094A9929C683.d.234F1EAF105A350B9B2F908D8142CDE2.e.4936","ELEMENT":"f.0DBE2F60DC08DFEB343D094A9929C683.d.234F1EAF105A350B9B2F908D8142CDE2.e.4936"}]}
COMMAND: POST /session/24b20ddd35874416169bd4d0a72e19cd/element/f.0DBE2F60DC08DFEB343D094A9929C683.d.234F1EAF105A350B9B2F908D8142CDE2.e.4936/click - {}
COMMAND: GET /session/24b20ddd35874416169bd4d0a72e19cd/screenshot - {}
RESULT: {}
RESULT: {}
COMMAND: GET /session/24b20ddd35874416169bd4d0a72e19cd/screenshot - {}
RESULT: {}
RESULT: {}
RESULT: undefined
COMMAND: POST /session/24b20ddd35874416169bd4d0a72e19cd/element - {"using":"xpath","value":"//*[@id=\"application-ruinventorylist-display-component---Master--ruLocationTypeComboBox-arrow\"]"}
RESULT: {"using":"xpath","value":"//*[@id=\"application-ruinventorylist-display-component---Master--ruLocationTypeComboBox-arrow\"]"}
COMMAND: POST /session/24b20ddd35874416169bd4d0a72e19cd/element/f.0DBE2F60DC08DFEB343D094A9929C683.d.234F1EAF105A350B9B2F908D8142CDE2.e.5284/click - {}
RESULT: {}
COMMAND: GET /session/24b20ddd35874416169bd4d0a72e19cd/screenshot - {}
RESULT: {}
COMMAND: POST /session/24b20ddd35874416169bd4d0a72e19cd/element - {"using":"xpath","value":"//li[.//span[text()='Yard']]"}
RESULT: {"using":"xpath","value":"//li[.//span[text()='Yard']]"}
COMMAND: POST /session/24b20ddd35874416169bd4d0a72e19cd/element/f.0DBE2F60DC08DFEB343D094A9929C683.d.234F1EAF105A350B9B2F908D8142CDE2.e.5285/click - {}
RESULT: {}
COMMAND: GET /session/24b20ddd35874416169bd4d0a72e19cd/screenshot - {}
RESULT: {}
RESULT: undefined
COMMAND: POST /session/24b20ddd35874416169bd4d0a72e19cd/element - {"using":"xpath","value":"//*[@id=\"application-ruinventorylist-display-component---Master--smartFilterBar-filterItemControl_BASIC-YARD-vhi\"]"}
RESULT: {"using":"xpath","value":"//*[@id=\"application-ruinventorylist-display-component---Master--smartFilterBar-filterItemControl_BASIC-YARD-vhi\"]"}
COMMAND: POST /session/24b20ddd35874416169bd4d0a72e19cd/element/f.0DBE2F60DC08DFEB343D094A9929C683.d.234F1EAF105A350B9B2F908D8142CDE2.e.5318/click - {}
RESULT: {}
COMMAND: GET /session/24b20ddd35874416169bd4d0a72e19cd/screenshot - {}
RESULT: {}
RESULT: undefined
COMMAND: POST /session/24b20ddd35874416169bd4d0a72e19cd/execute/async - {"script":"<script> [776 bytes]","args":[{"enterText":"109","selector":{"id":"application-ruinventorylist-display-component---Master--smartFilterBar-filterItemControl_BASIC-YARD-valueHelpDialog-smartFilterBar-btnBasicSearch","searchOpenDialogs":true,"interaction":{"idSuffix":"I"}},"clearTextFirst":true,"interactionType":"ENTER_TEXT"}]}
RESULT: {"script":"<script> [776 bytes]","args":[{"enterText":"109","selector":{"id":"application-ruinventorylist-display-component---Master--smartFilterBar-filterItemControl_BASIC-YARD-valueHelpDialog-smartFilterBar-btnBasicSearch","searchOpenDialogs":true,"interaction":{"idSuffix":"I"}},"clearTextFirst":true,"interactionType":"ENTER_TEXT"}]}
COMMAND: POST /session/24b20ddd35874416169bd4d0a72e19cd/actions - {"actions":[{"id":"action21","type":"key","parameters":{},"actions":[{"type":"keyDown","value":""},{"type":"pause","duration":10},{"type":"keyUp","value":""}]}]}
RESULT: {"actions":[{"id":"action21","type":"key","parameters":{},"actions":[{"type":"keyDown","value":""},{"type":"pause","duration":10},{"type":"keyUp","value":""}]}]}
COMMAND: GET /session/24b20ddd35874416169bd4d0a72e19cd/screenshot - {}
RESULT: {}
COMMAND: POST /session/24b20ddd35874416169bd4d0a72e19cd/elements - {"using":"xpath","value":"//table[contains(@id, \"filterItemControl_BASIC-YARD-valueHelpDialog-table-table\")]/tbody/tr"}
RESULT: {"using":"xpath","value":"//table[contains(@id, \"filterItemControl_BASIC-YARD-valueHelpDialog-table-table\")]/tbody/tr"}
COMMAND: POST /session/24b20ddd35874416169bd4d0a72e19cd/element - {"using":"xpath","value":"//table[contains(@id, \"filterItemControl_BASIC-YARD-valueHelpDialog-table-table\")]/tbody/tr[1]/td[1]/div/span"}
RESULT: {"using":"xpath","value":"//table[contains(@id, \"filterItemControl_BASIC-YARD-valueHelpDialog-table-table\")]/tbody/tr[1]/td[1]/div/span"}
COMMAND: POST /session/24b20ddd35874416169bd4d0a72e19cd/elements - {"using":"xpath","value":"//table[contains(@id, \"filterItemControl_BASIC-YARD-valueHelpDialog-table-table\")]/tbody/tr[1]/td[1]/div/span"}
RESULT: {"using":"xpath","value":"//table[contains(@id, \"filterItemControl_BASIC-YARD-valueHelpDialog-table-table\")]/tbody/tr[1]/td[1]/div/span"}
COMMAND: POST /session/24b20ddd35874416169bd4d0a72e19cd/execute/sync - {"script":"<script> [56 bytes]","args":[{"element-6066-11e4-a52e-4f735466cecf":"f.0DBE2F60DC08DFEB343D094A9929C683.d.234F1EAF105A350B9B2F908D8142CDE2.e.5338","ELEMENT":"f.0DBE2F60DC08DFEB343D094A9929C683.d.234F1EAF105A350B9B2F908D8142CDE2.e.5338"}]}
RESULT: {"script":"<script> [56 bytes]","args":[{"element-6066-11e4-a52e-4f735466cecf":"f.0DBE2F60DC08DFEB343D094A9929C683.d.234F1EAF105A350B9B2F908D8142CDE2.e.5338","ELEMENT":"f.0DBE2F60DC08DFEB343D094A9929C683.d.234F1EAF105A350B9B2F908D8142CDE2.e.5338"}]}
COMMAND: POST /session/24b20ddd35874416169bd4d0a72e19cd/element - {"using":"xpath","value":"//div[contains(@id, \"filterItemControl_BASIC-YARD-valueHelpDialog-table-rowsel0\")]"}
COMMAND: GET /session/24b20ddd35874416169bd4d0a72e19cd/screenshot - {}
RESULT: {"using":"xpath","value":"//div[contains(@id, \"filterItemControl_BASIC-YARD-valueHelpDialog-table-rowsel0\")]"}
COMMAND: POST /session/24b20ddd35874416169bd4d0a72e19cd/element/f.0DBE2F60DC08DFEB343D094A9929C683.d.234F1EAF105A350B9B2F908D8142CDE2.e.5339/click - {}
RESULT: {}
RESULT: {}
COMMAND: GET /session/24b20ddd35874416169bd4d0a72e19cd/screenshot - {}
RESULT: {}
COMMAND: POST /session/24b20ddd35874416169bd4d0a72e19cd/element - {"using":"xpath","value":"//div[contains(@id, \"smartFilterBar-filterItemControl_BASIC-YARD-valueHelpDialog-smartFilterBar-btnBasicSearch-reset\")]"}
RESULT: {"using":"xpath","value":"//div[contains(@id, \"smartFilterBar-filterItemControl_BASIC-YARD-valueHelpDialog-smartFilterBar-btnBasicSearch-reset\")]"}
COMMAND: POST /session/24b20ddd35874416169bd4d0a72e19cd/element/f.0DBE2F60DC08DFEB343D094A9929C683.d.234F1EAF105A350B9B2F908D8142CDE2.e.5341/click - {}
RESULT: {}
RESULT: undefined
COMMAND: POST /session/24b20ddd35874416169bd4d0a72e19cd/execute/async - {"script":"<script> [776 bytes]","args":[{"enterText":"OPA5_BST01_YARD1","selector":{"id":"application-ruinventorylist-display-component---Master--smartFilterBar-filterItemControl_BASIC-YARD-valueHelpDialog-smartFilterBar-btnBasicSearch","searchOpenDialogs":true,"interaction":{"idSuffix":"I"}},"clearTextFirst":true,"interactionType":"ENTER_TEXT"}]}
COMMAND: GET /session/24b20ddd35874416169bd4d0a72e19cd/screenshot - {}
RESULT: {"script":"<script> [776 bytes]","args":[{"enterText":"OPA5_BST01_YARD1","selector":{"id":"application-ruinventorylist-display-component---Master--smartFilterBar-filterItemControl_BASIC-YARD-valueHelpDialog-smartFilterBar-btnBasicSearch","searchOpenDialogs":true,"interaction":{"idSuffix":"I"}},"clearTextFirst":true,"interactionType":"ENTER_TEXT"}]}
COMMAND: POST /session/24b20ddd35874416169bd4d0a72e19cd/actions - {"actions":[{"id":"action22","type":"key","parameters":{},"actions":[{"type":"keyDown","value":""},{"type":"pause","duration":10},{"type":"keyUp","value":""}]}]}
RESULT: {}
RESULT: {"actions":[{"id":"action22","type":"key","parameters":{},"actions":[{"type":"keyDown","value":""},{"type":"pause","duration":10},{"type":"keyUp","value":""}]}]}
COMMAND: GET /session/24b20ddd35874416169bd4d0a72e19cd/screenshot - {}
RESULT: {}
COMMAND: POST /session/24b20ddd35874416169bd4d0a72e19cd/elements - {"using":"xpath","value":"//table[contains(@id, \"filterItemControl_BASIC-YARD-valueHelpDialog-table-table\")]/tbody/tr"}
RESULT: {"using":"xpath","value":"//table[contains(@id, \"filterItemControl_BASIC-YARD-valueHelpDialog-table-table\")]/tbody/tr"}
COMMAND: POST /session/24b20ddd35874416169bd4d0a72e19cd/element - {"using":"xpath","value":"//table[contains(@id, \"filterItemControl_BASIC-YARD-valueHelpDialog-table-table\")]/tbody/tr[1]/td[1]/div/span"}
RESULT: {"using":"xpath","value":"//table[contains(@id, \"filterItemControl_BASIC-YARD-valueHelpDialog-table-table\")]/tbody/tr[1]/td[1]/div/span"}
COMMAND: POST /session/24b20ddd35874416169bd4d0a72e19cd/elements - {"using":"xpath","value":"//table[contains(@id, \"filterItemControl_BASIC-YARD-valueHelpDialog-table-table\")]/tbody/tr[1]/td[1]/div/span"}
RESULT: {"using":"xpath","value":"//table[contains(@id, \"filterItemControl_BASIC-YARD-valueHelpDialog-table-table\")]/tbody/tr[1]/td[1]/div/span"}
COMMAND: POST /session/24b20ddd35874416169bd4d0a72e19cd/execute/sync - {"script":"<script> [56 bytes]","args":[{"element-6066-11e4-a52e-4f735466cecf":"f.0DBE2F60DC08DFEB343D094A9929C683.d.234F1EAF105A350B9B2F908D8142CDE2.e.5338","ELEMENT":"f.0DBE2F60DC08DFEB343D094A9929C683.d.234F1EAF105A350B9B2F908D8142CDE2.e.5338"}]}
RESULT: {"script":"<script> [56 bytes]","args":[{"element-6066-11e4-a52e-4f735466cecf":"f.0DBE2F60DC08DFEB343D094A9929C683.d.234F1EAF105A350B9B2F908D8142CDE2.e.5338","ELEMENT":"f.0DBE2F60DC08DFEB343D094A9929C683.d.234F1EAF105A350B9B2F908D8142CDE2.e.5338"}]}
COMMAND: POST /session/24b20ddd35874416169bd4d0a72e19cd/element - {"using":"xpath","value":"//div[contains(@id, \"filterItemControl_BASIC-YARD-valueHelpDialog-table-rowsel0\")]"}
COMMAND: GET /session/24b20ddd35874416169bd4d0a72e19cd/screenshot - {}
RESULT: {"using":"xpath","value":"//div[contains(@id, \"filterItemControl_BASIC-YARD-valueHelpDialog-table-rowsel0\")]"}
COMMAND: POST /session/24b20ddd35874416169bd4d0a72e19cd/element/f.0DBE2F60DC08DFEB343D094A9929C683.d.234F1EAF105A350B9B2F908D8142CDE2.e.5339/click - {}
RESULT: {}
RESULT: {}
COMMAND: GET /session/24b20ddd35874416169bd4d0a72e19cd/screenshot - {}
RESULT: {}
COMMAND: POST /session/24b20ddd35874416169bd4d0a72e19cd/element - {"using":"xpath","value":"(//bdi[contains(text(), \"OK\")])[1]"}
RESULT: {"using":"xpath","value":"(//bdi[contains(text(), \"OK\")])[1]"}
COMMAND: POST /session/24b20ddd35874416169bd4d0a72e19cd/element/f.0DBE2F60DC08DFEB343D094A9929C683.d.234F1EAF105A350B9B2F908D8142CDE2.e.5342/click - {}
RESULT: {}
COMMAND: GET /session/24b20ddd35874416169bd4d0a72e19cd/screenshot - {}
RESULT: {}
COMMAND: POST /session/24b20ddd35874416169bd4d0a72e19cd/element - {"using":"xpath","value":"//span[@id=\"application-ruinventorylist-display-component---Master--smartTableRuInventoryList-header-inner\"]"}
RESULT: {"using":"xpath","value":"//span[@id=\"application-ruinventorylist-display-component---Master--smartTableRuInventoryList-header-inner\"]"}
COMMAND: POST /session/24b20ddd35874416169bd4d0a72e19cd/elements - {"using":"xpath","value":"//span[@id=\"application-ruinventorylist-display-component---Master--smartTableRuInventoryList-header-inner\"]"}
RESULT: {"using":"xpath","value":"//span[@id=\"application-ruinventorylist-display-component---Master--smartTableRuInventoryList-header-inner\"]"}
COMMAND: POST /session/24b20ddd35874416169bd4d0a72e19cd/execute/sync - {"script":"<script> [56 bytes]","args":[{"element-6066-11e4-a52e-4f735466cecf":"f.0DBE2F60DC08DFEB343D094A9929C683.d.234F1EAF105A350B9B2F908D8142CDE2.e.5506","ELEMENT":"f.0DBE2F60DC08DFEB343D094A9929C683.d.234F1EAF105A350B9B2F908D8142CDE2.e.5506"}]}
RESULT: {"script":"<script> [56 bytes]","args":[{"element-6066-11e4-a52e-4f735466cecf":"f.0DBE2F60DC08DFEB343D094A9929C683.d.234F1EAF105A350B9B2F908D8142CDE2.e.5506","ELEMENT":"f.0DBE2F60DC08DFEB343D094A9929C683.d.234F1EAF105A350B9B2F908D8142CDE2.e.5506"}]}
RESULT: undefined
COMMAND: POST /session/24b20ddd35874416169bd4d0a72e19cd/execute/async - {"script":"<script> [776 bytes]","args":[{"enterText":"600002","selector":{"id":"application-ruinventorylist-display-component---Master--smartFilterBar-btnBasicSearch","interaction":{"idSuffix":"I"}},"clearTextFirst":true,"interactionType":"ENTER_TEXT"}]}
COMMAND: GET /session/24b20ddd35874416169bd4d0a72e19cd/screenshot - {}
RESULT: {"script":"<script> [776 bytes]","args":[{"enterText":"600002","selector":{"id":"application-ruinventorylist-display-component---Master--smartFilterBar-btnBasicSearch","interaction":{"idSuffix":"I"}},"clearTextFirst":true,"interactionType":"ENTER_TEXT"}]}
COMMAND: POST /session/24b20ddd35874416169bd4d0a72e19cd/actions - {"actions":[{"id":"action23","type":"key","parameters":{},"actions":[{"type":"keyDown","value":""},{"type":"pause","duration":10},{"type":"keyUp","value":""}]}]}
RESULT: {}
RESULT: {"actions":[{"id":"action23","type":"key","parameters":{},"actions":[{"type":"keyDown","value":""},{"type":"pause","duration":10},{"type":"keyUp","value":""}]}]}
COMMAND: GET /session/24b20ddd35874416169bd4d0a72e19cd/screenshot - {}
RESULT: {}
COMMAND: POST /session/24b20ddd35874416169bd4d0a72e19cd/element - {"using":"xpath","value":"//span[@id=\"application-ruinventorylist-display-component---Master--smartTableRuInventoryList-header-inner\"]"}
RESULT: {"using":"xpath","value":"//span[@id=\"application-ruinventorylist-display-component---Master--smartTableRuInventoryList-header-inner\"]"}
COMMAND: POST /session/24b20ddd35874416169bd4d0a72e19cd/elements - {"using":"xpath","value":"//span[@id=\"application-ruinventorylist-display-component---Master--smartTableRuInventoryList-header-inner\"]"}
RESULT: {"using":"xpath","value":"//span[@id=\"application-ruinventorylist-display-component---Master--smartTableRuInventoryList-header-inner\"]"}
COMMAND: POST /session/24b20ddd35874416169bd4d0a72e19cd/execute/sync - {"script":"<script> [56 bytes]","args":[{"element-6066-11e4-a52e-4f735466cecf":"f.0DBE2F60DC08DFEB343D094A9929C683.d.234F1EAF105A350B9B2F908D8142CDE2.e.5506","ELEMENT":"f.0DBE2F60DC08DFEB343D094A9929C683.d.234F1EAF105A350B9B2F908D8142CDE2.e.5506"}]}
RESULT: {"script":"<script> [56 bytes]","args":[{"element-6066-11e4-a52e-4f735466cecf":"f.0DBE2F60DC08DFEB343D094A9929C683.d.234F1EAF105A350B9B2F908D8142CDE2.e.5506","ELEMENT":"f.0DBE2F60DC08DFEB343D094A9929C683.d.234F1EAF105A350B9B2F908D8142CDE2.e.5506"}]}
COMMAND: POST /session/24b20ddd35874416169bd4d0a72e19cd/element - {"using":"xpath","value":"//table[contains(@id, \"application-ruinventorylist-display-component---Master--tableRuInventoryList-listUl\")]/tbody/tr[1]/td[2]/div/div"}
COMMAND: GET /session/24b20ddd35874416169bd4d0a72e19cd/screenshot - {}
RESULT: {"using":"xpath","value":"//table[contains(@id, \"application-ruinventorylist-display-component---Master--tableRuInventoryList-listUl\")]/tbody/tr[1]/td[2]/div/div"}
COMMAND: POST /session/24b20ddd35874416169bd4d0a72e19cd/element/f.0DBE2F60DC08DFEB343D094A9929C683.d.234F1EAF105A350B9B2F908D8142CDE2.e.5513/click - {}
RESULT: {}
RESULT: {}
COMMAND: GET /session/24b20ddd35874416169bd4d0a72e19cd/screenshot - {}
RESULT: {}
COMMAND: POST /session/24b20ddd35874416169bd4d0a72e19cd/element - {"using":"xpath","value":"//div[contains(@id, \"smartFilterBar-btnBasicSearch-reset\")]"}
RESULT: {"using":"xpath","value":"//div[contains(@id, \"smartFilterBar-btnBasicSearch-reset\")]"}
COMMAND: POST /session/24b20ddd35874416169bd4d0a72e19cd/element/f.0DBE2F60DC08DFEB343D094A9929C683.d.234F1EAF105A350B9B2F908D8142CDE2.e.5523/click - {}
RESULT: {}
COMMAND: GET /session/24b20ddd35874416169bd4d0a72e19cd/screenshot - {}
RESULT: {}
RESULT: undefined
COMMAND: POST /session/24b20ddd35874416169bd4d0a72e19cd/execute/async - {"script":"<script> [776 bytes]","args":[{"enterText":"401002","selector":{"id":"application-ruinventorylist-display-component---Master--smartFilterBar-btnBasicSearch","interaction":{"idSuffix":"I"}},"clearTextFirst":true,"interactionType":"ENTER_TEXT"}]}
RESULT: {"script":"<script> [776 bytes]","args":[{"enterText":"401002","selector":{"id":"application-ruinventorylist-display-component---Master--smartFilterBar-btnBasicSearch","interaction":{"idSuffix":"I"}},"clearTextFirst":true,"interactionType":"ENTER_TEXT"}]}
COMMAND: POST /session/24b20ddd35874416169bd4d0a72e19cd/actions - {"actions":[{"id":"action24","type":"key","parameters":{},"actions":[{"type":"keyDown","value":""},{"type":"pause","duration":10},{"type":"keyUp","value":""}]}]}
RESULT: {"actions":[{"id":"action24","type":"key","parameters":{},"actions":[{"type":"keyDown","value":""},{"type":"pause","duration":10},{"type":"keyUp","value":""}]}]}
COMMAND: GET /session/24b20ddd35874416169bd4d0a72e19cd/screenshot - {}
RESULT: {}
COMMAND: POST /session/24b20ddd35874416169bd4d0a72e19cd/element - {"using":"xpath","value":"//span[@id=\"application-ruinventorylist-display-component---Master--smartTableRuInventoryList-header-inner\"]"}
RESULT: {"using":"xpath","value":"//span[@id=\"application-ruinventorylist-display-component---Master--smartTableRuInventoryList-header-inner\"]"}
COMMAND: POST /session/24b20ddd35874416169bd4d0a72e19cd/elements - {"using":"xpath","value":"//span[@id=\"application-ruinventorylist-display-component---Master--smartTableRuInventoryList-header-inner\"]"}
RESULT: {"using":"xpath","value":"//span[@id=\"application-ruinventorylist-display-component---Master--smartTableRuInventoryList-header-inner\"]"}
COMMAND: POST /session/24b20ddd35874416169bd4d0a72e19cd/execute/sync - {"script":"<script> [56 bytes]","args":[{"element-6066-11e4-a52e-4f735466cecf":"f.0DBE2F60DC08DFEB343D094A9929C683.d.234F1EAF105A350B9B2F908D8142CDE2.e.5506","ELEMENT":"f.0DBE2F60DC08DFEB343D094A9929C683.d.234F1EAF105A350B9B2F908D8142CDE2.e.5506"}]}
RESULT: {"script":"<script> [56 bytes]","args":[{"element-6066-11e4-a52e-4f735466cecf":"f.0DBE2F60DC08DFEB343D094A9929C683.d.234F1EAF105A350B9B2F908D8142CDE2.e.5506","ELEMENT":"f.0DBE2F60DC08DFEB343D094A9929C683.d.234F1EAF105A350B9B2F908D8142CDE2.e.5506"}]}
COMMAND: POST /session/24b20ddd35874416169bd4d0a72e19cd/element - {"using":"xpath","value":"//table[contains(@id, \"application-ruinventorylist-display-component---Master--tableRuInventoryList-listUl\")]/tbody/tr[1]/td[2]/div/div"}
COMMAND: GET /session/24b20ddd35874416169bd4d0a72e19cd/screenshot - {}
RESULT: {"using":"xpath","value":"//table[contains(@id, \"application-ruinventorylist-display-component---Master--tableRuInventoryList-listUl\")]/tbody/tr[1]/td[2]/div/div"}
COMMAND: POST /session/24b20ddd35874416169bd4d0a72e19cd/element/f.0DBE2F60DC08DFEB343D094A9929C683.d.234F1EAF105A350B9B2F908D8142CDE2.e.5678/click - {}
RESULT: {}
RESULT: {}
COMMAND: GET /session/24b20ddd35874416169bd4d0a72e19cd/screenshot - {}
RESULT: {}
COMMAND: POST /session/24b20ddd35874416169bd4d0a72e19cd/element - {"using":"xpath","value":"//div[contains(@id, \"smartFilterBar-btnBasicSearch-reset\")]"}
RESULT: {"using":"xpath","value":"//div[contains(@id, \"smartFilterBar-btnBasicSearch-reset\")]"}
COMMAND: POST /session/24b20ddd35874416169bd4d0a72e19cd/element/f.0DBE2F60DC08DFEB343D094A9929C683.d.234F1EAF105A350B9B2F908D8142CDE2.e.5523/click - {}
RESULT: {}
COMMAND: GET /session/24b20ddd35874416169bd4d0a72e19cd/screenshot - {}
RESULT: {}
RESULT: undefined
COMMAND: POST /session/24b20ddd35874416169bd4d0a72e19cd/execute/async - {"script":"<script> [776 bytes]","args":[{"enterText":"m2VepGOEE9","selector":{"id":"application-ruinventorylist-display-component---Master--smartFilterBar-btnBasicSearch","interaction":{"idSuffix":"I"}},"clearTextFirst":true,"interactionType":"ENTER_TEXT"}]}
RESULT: {"script":"<script> [776 bytes]","args":[{"enterText":"m2VepGOEE9","selector":{"id":"application-ruinventorylist-display-component---Master--smartFilterBar-btnBasicSearch","interaction":{"idSuffix":"I"}},"clearTextFirst":true,"interactionType":"ENTER_TEXT"}]}
COMMAND: POST /session/24b20ddd35874416169bd4d0a72e19cd/actions - {"actions":[{"id":"action25","type":"key","parameters":{},"actions":[{"type":"keyDown","value":""},{"type":"pause","duration":10},{"type":"keyUp","value":""}]}]}
RESULT: {"actions":[{"id":"action25","type":"key","parameters":{},"actions":[{"type":"keyDown","value":""},{"type":"pause","duration":10},{"type":"keyUp","value":""}]}]}
COMMAND: GET /session/24b20ddd35874416169bd4d0a72e19cd/screenshot - {}
RESULT: {}
COMMAND: POST /session/24b20ddd35874416169bd4d0a72e19cd/element - {"using":"xpath","value":"//span[@id=\"application-ruinventorylist-display-component---Master--smartTableRuInventoryList-header-inner\"]"}
RESULT: {"using":"xpath","value":"//span[@id=\"application-ruinventorylist-display-component---Master--smartTableRuInventoryList-header-inner\"]"}
COMMAND: POST /session/24b20ddd35874416169bd4d0a72e19cd/elements - {"using":"xpath","value":"//span[@id=\"application-ruinventorylist-display-component---Master--smartTableRuInventoryList-header-inner\"]"}
RESULT: {"using":"xpath","value":"//span[@id=\"application-ruinventorylist-display-component---Master--smartTableRuInventoryList-header-inner\"]"}
COMMAND: POST /session/24b20ddd35874416169bd4d0a72e19cd/execute/sync - {"script":"<script> [56 bytes]","args":[{"element-6066-11e4-a52e-4f735466cecf":"f.0DBE2F60DC08DFEB343D094A9929C683.d.234F1EAF105A350B9B2F908D8142CDE2.e.5506","ELEMENT":"f.0DBE2F60DC08DFEB343D094A9929C683.d.234F1EAF105A350B9B2F908D8142CDE2.e.5506"}]}
RESULT: {"script":"<script> [56 bytes]","args":[{"element-6066-11e4-a52e-4f735466cecf":"f.0DBE2F60DC08DFEB343D094A9929C683.d.234F1EAF105A350B9B2F908D8142CDE2.e.5506","ELEMENT":"f.0DBE2F60DC08DFEB343D094A9929C683.d.234F1EAF105A350B9B2F908D8142CDE2.e.5506"}]}
COMMAND: POST /session/24b20ddd35874416169bd4d0a72e19cd/element - {"using":"xpath","value":"//table[contains(@id, \"application-ruinventorylist-display-component---Master--tableRuInventoryList-listUl\")]/tbody/tr[1]/td[2]/div/div"}
COMMAND: GET /session/24b20ddd35874416169bd4d0a72e19cd/screenshot - {}
RESULT: {"using":"xpath","value":"//table[contains(@id, \"application-ruinventorylist-display-component---Master--tableRuInventoryList-listUl\")]/tbody/tr[1]/td[2]/div/div"}
COMMAND: POST /session/24b20ddd35874416169bd4d0a72e19cd/element/f.0DBE2F60DC08DFEB343D094A9929C683.d.234F1EAF105A350B9B2F908D8142CDE2.e.5841/click - {}
RESULT: {}
RESULT: {}
COMMAND: GET /session/24b20ddd35874416169bd4d0a72e19cd/screenshot - {}
RESULT: {}
COMMAND: POST /session/24b20ddd35874416169bd4d0a72e19cd/element - {"using":"xpath","value":"//div[contains(@id, \"smartFilterBar-btnBasicSearch-reset\")]"}
RESULT: {"using":"xpath","value":"//div[contains(@id, \"smartFilterBar-btnBasicSearch-reset\")]"}
COMMAND: POST /session/24b20ddd35874416169bd4d0a72e19cd/element/f.0DBE2F60DC08DFEB343D094A9929C683.d.234F1EAF105A350B9B2F908D8142CDE2.e.5523/click - {}
RESULT: {}
COMMAND: GET /session/24b20ddd35874416169bd4d0a72e19cd/screenshot - {}
RESULT: {}
RESULT: undefined
COMMAND: POST /session/24b20ddd35874416169bd4d0a72e19cd/execute/async - {"script":"<script> [776 bytes]","args":[{"enterText":"200254","selector":{"id":"application-ruinventorylist-display-component---Master--smartFilterBar-btnBasicSearch","interaction":{"idSuffix":"I"}},"clearTextFirst":true,"interactionType":"ENTER_TEXT"}]}
RESULT: {"script":"<script> [776 bytes]","args":[{"enterText":"200254","selector":{"id":"application-ruinventorylist-display-component---Master--smartFilterBar-btnBasicSearch","interaction":{"idSuffix":"I"}},"clearTextFirst":true,"interactionType":"ENTER_TEXT"}]}
COMMAND: POST /session/24b20ddd35874416169bd4d0a72e19cd/actions - {"actions":[{"id":"action26","type":"key","parameters":{},"actions":[{"type":"keyDown","value":""},{"type":"pause","duration":10},{"type":"keyUp","value":""}]}]}
RESULT: {"actions":[{"id":"action26","type":"key","parameters":{},"actions":[{"type":"keyDown","value":""},{"type":"pause","duration":10},{"type":"keyUp","value":""}]}]}
COMMAND: GET /session/24b20ddd35874416169bd4d0a72e19cd/screenshot - {}
RESULT: {}
COMMAND: POST /session/24b20ddd35874416169bd4d0a72e19cd/element - {"using":"xpath","value":"//span[@id=\"application-ruinventorylist-display-component---Master--smartTableRuInventoryList-header-inner\"]"}
RESULT: {"using":"xpath","value":"//span[@id=\"application-ruinventorylist-display-component---Master--smartTableRuInventoryList-header-inner\"]"}
COMMAND: POST /session/24b20ddd35874416169bd4d0a72e19cd/elements - {"using":"xpath","value":"//span[@id=\"application-ruinventorylist-display-component---Master--smartTableRuInventoryList-header-inner\"]"}
RESULT: {"using":"xpath","value":"//span[@id=\"application-ruinventorylist-display-component---Master--smartTableRuInventoryList-header-inner\"]"}
COMMAND: POST /session/24b20ddd35874416169bd4d0a72e19cd/execute/sync - {"script":"<script> [56 bytes]","args":[{"element-6066-11e4-a52e-4f735466cecf":"f.0DBE2F60DC08DFEB343D094A9929C683.d.234F1EAF105A350B9B2F908D8142CDE2.e.5506","ELEMENT":"f.0DBE2F60DC08DFEB343D094A9929C683.d.234F1EAF105A350B9B2F908D8142CDE2.e.5506"}]}
RESULT: {"script":"<script> [56 bytes]","args":[{"element-6066-11e4-a52e-4f735466cecf":"f.0DBE2F60DC08DFEB343D094A9929C683.d.234F1EAF105A350B9B2F908D8142CDE2.e.5506","ELEMENT":"f.0DBE2F60DC08DFEB343D094A9929C683.d.234F1EAF105A350B9B2F908D8142CDE2.e.5506"}]}
COMMAND: POST /session/24b20ddd35874416169bd4d0a72e19cd/element - {"using":"xpath","value":"//table[contains(@id, \"application-ruinventorylist-display-component---Master--tableRuInventoryList-listUl\")]/tbody/tr[1]/td[2]/div/div"}
COMMAND: GET /session/24b20ddd35874416169bd4d0a72e19cd/screenshot - {}
RESULT: {"using":"xpath","value":"//table[contains(@id, \"application-ruinventorylist-display-component---Master--tableRuInventoryList-listUl\")]/tbody/tr[1]/td[2]/div/div"}
COMMAND: POST /session/24b20ddd35874416169bd4d0a72e19cd/element/f.0DBE2F60DC08DFEB343D094A9929C683.d.234F1EAF105A350B9B2F908D8142CDE2.e.6005/click - {}
RESULT: {}
RESULT: {}
COMMAND: GET /session/24b20ddd35874416169bd4d0a72e19cd/screenshot - {}
RESULT: {}
COMMAND: POST /session/24b20ddd35874416169bd4d0a72e19cd/element - {"using":"xpath","value":"//div[contains(@id, \"smartFilterBar-btnBasicSearch-reset\")]"}
RESULT: {"using":"xpath","value":"//div[contains(@id, \"smartFilterBar-btnBasicSearch-reset\")]"}
COMMAND: POST /session/24b20ddd35874416169bd4d0a72e19cd/element/f.0DBE2F60DC08DFEB343D094A9929C683.d.234F1EAF105A350B9B2F908D8142CDE2.e.5523/click - {}
RESULT: {}
COMMAND: GET /session/24b20ddd35874416169bd4d0a72e19cd/screenshot - {}
RESULT: {}
COMMAND: POST /session/24b20ddd35874416169bd4d0a72e19cd/element/f.0DBE2F60DC08DFEB343D094A9929C683.d.234F1EAF105A350B9B2F908D8142CDE2.e.4936/click - {}
RESULT: {}
COMMAND: GET /session/24b20ddd35874416169bd4d0a72e19cd/screenshot - {}
RESULT: {}
COMMAND: POST /session/24b20ddd35874416169bd4d0a72e19cd/execute/async - {"script":"<script> [1562 bytes]","args":[{"selector":{"id":"application-ruinventorylist-display-component---Master--effectiveDate","searchOpenDialogs":true,"interaction":{"idSuffix":"inner"}},"wdio_ui5_key":"applicationruinventorylist-display-component---Master--effectiveDate"}]}
RESULT: {"script":"<script> [1562 bytes]","args":[{"selector":{"id":"application-ruinventorylist-display-component---Master--effectiveDate","searchOpenDialogs":true,"interaction":{"idSuffix":"inner"}},"wdio_ui5_key":"applicationruinventorylist-display-component---Master--effectiveDate"}]}
RESULT: undefined
COMMAND: POST /session/24b20ddd35874416169bd4d0a72e19cd/execute/async - {"script":"<script> [776 bytes]","args":[{"enterText":"05/28/25","selector":{"id":"application-ruinventorylist-display-component---Master--effectiveDate","searchOpenDialogs":true,"interaction":{"idSuffix":"inner"}},"clearTextFirst":true,"interactionType":"ENTER_TEXT"}]}
RESULT: {"script":"<script> [776 bytes]","args":[{"enterText":"05/28/25","selector":{"id":"application-ruinventorylist-display-component---Master--effectiveDate","searchOpenDialogs":true,"interaction":{"idSuffix":"inner"}},"clearTextFirst":true,"interactionType":"ENTER_TEXT"}]}
COMMAND: POST /session/24b20ddd35874416169bd4d0a72e19cd/element - {"using":"xpath","value":"//span[contains(@data-kt,\"correctionMassStateChangeIcon\")]"}
RESULT: {"using":"xpath","value":"//span[contains(@data-kt,\"correctionMassStateChangeIcon\")]"}
COMMAND: POST /session/24b20ddd35874416169bd4d0a72e19cd/elements - {"using":"xpath","value":"//span[contains(@data-kt,\"correctionMassStateChangeIcon\")]"}
RESULT: {"using":"xpath","value":"//span[contains(@data-kt,\"correctionMassStateChangeIcon\")]"}
COMMAND: POST /session/24b20ddd35874416169bd4d0a72e19cd/elements - {"using":"xpath","value":"//span[contains(@data-kt,\"correctionMassStateChangeIcon\")]"}
RESULT: {"using":"xpath","value":"//span[contains(@data-kt,\"correctionMassStateChangeIcon\")]"}
RESULT: undefined
COMMAND: POST /session/24b20ddd35874416169bd4d0a72e19cd/element - {"using":"xpath","value":"//*[@id=\"application-ruinventorylist-display-component---Master--ruStateTypes-arrow\"]"}
RESULT: {"using":"xpath","value":"//*[@id=\"application-ruinventorylist-display-component---Master--ruStateTypes-arrow\"]"}
COMMAND: POST /session/24b20ddd35874416169bd4d0a72e19cd/element/f.0DBE2F60DC08DFEB343D094A9929C683.d.234F1EAF105A350B9B2F908D8142CDE2.e.6206/click - {}
RESULT: {}
COMMAND: GET /session/24b20ddd35874416169bd4d0a72e19cd/screenshot - {}
RESULT: {}
COMMAND: POST /session/24b20ddd35874416169bd4d0a72e19cd/element - {"using":"xpath","value":"//li[.//span[text()=\"defect\"]]"}
RESULT: {"using":"xpath","value":"//li[.//span[text()=\"defect\"]]"}
COMMAND: POST /session/24b20ddd35874416169bd4d0a72e19cd/element/f.0DBE2F60DC08DFEB343D094A9929C683.d.234F1EAF105A350B9B2F908D8142CDE2.e.6207/click - {}
RESULT: {}
COMMAND: GET /session/24b20ddd35874416169bd4d0a72e19cd/screenshot - {}
RESULT: {}
COMMAND: POST /session/24b20ddd35874416169bd4d0a72e19cd/element - {"using":"xpath","value":"(//bdi[contains(text(), \"OK\")])[1]"}
RESULT: {"using":"xpath","value":"(//bdi[contains(text(), \"OK\")])[1]"}
COMMAND: POST /session/24b20ddd35874416169bd4d0a72e19cd/element/f.0DBE2F60DC08DFEB343D094A9929C683.d.234F1EAF105A350B9B2F908D8142CDE2.e.6208/click - {}
RESULT: {}
COMMAND: GET /session/24b20ddd35874416169bd4d0a72e19cd/screenshot - {}
RESULT: {}
COMMAND: POST /session/24b20ddd35874416169bd4d0a72e19cd/element - {"using":"css selector","value":"div.sapMMessageBoxError"}
RESULT: {"using":"css selector","value":"div.sapMMessageBoxError"}
COMMAND: POST /session/24b20ddd35874416169bd4d0a72e19cd/elements - {"using":"css selector","value":"div.sapMMessageBoxError"}
RESULT: {"using":"css selector","value":"div.sapMMessageBoxError"}
COMMAND: POST /session/24b20ddd35874416169bd4d0a72e19cd/element - {"using":"xpath","value":"//div[contains(@class, \"sapMMessageBoxError\")]/section/div/div/span"}
RESULT: {"using":"xpath","value":"//div[contains(@class, \"sapMMessageBoxError\")]/section/div/div/span"}
COMMAND: POST /session/24b20ddd35874416169bd4d0a72e19cd/execute/sync - {"script":"<script> [56 bytes]","args":[{"element-6066-11e4-a52e-4f735466cecf":"f.0DBE2F60DC08DFEB343D094A9929C683.d.234F1EAF105A350B9B2F908D8142CDE2.e.6211","ELEMENT":"f.0DBE2F60DC08DFEB343D094A9929C683.d.234F1EAF105A350B9B2F908D8142CDE2.e.6211"}]}
RESULT: {"script":"<script> [56 bytes]","args":[{"element-6066-11e4-a52e-4f735466cecf":"f.0DBE2F60DC08DFEB343D094A9929C683.d.234F1EAF105A350B9B2F908D8142CDE2.e.6211","ELEMENT":"f.0DBE2F60DC08DFEB343D094A9929C683.d.234F1EAF105A350B9B2F908D8142CDE2.e.6211"}]}
COMMAND: POST /session/24b20ddd35874416169bd4d0a72e19cd/element - {"using":"xpath","value":"(//bdi[contains(text(), \"Close\")])[1]"}
COMMAND: GET /session/24b20ddd35874416169bd4d0a72e19cd/screenshot - {}
RESULT: {"using":"xpath","value":"(//bdi[contains(text(), \"Close\")])[1]"}
COMMAND: POST /session/24b20ddd35874416169bd4d0a72e19cd/element/f.0DBE2F60DC08DFEB343D094A9929C683.d.234F1EAF105A350B9B2F908D8142CDE2.e.6213/click - {}
RESULT: {}
RESULT: {}
COMMAND: GET /session/24b20ddd35874416169bd4d0a72e19cd/screenshot - {}
RESULT: {}
RESULT: undefined
COMMAND: POST /session/24b20ddd35874416169bd4d0a72e19cd/execute/async - {"script":"<script> [776 bytes]","args":[{"enterText":"05/29/25","selector":{"id":"application-ruinventorylist-display-component---Master--effectiveDate","searchOpenDialogs":true,"interaction":{"idSuffix":"inner"}},"clearTextFirst":true,"interactionType":"ENTER_TEXT"}]}
RESULT: {"script":"<script> [776 bytes]","args":[{"enterText":"05/29/25","selector":{"id":"application-ruinventorylist-display-component---Master--effectiveDate","searchOpenDialogs":true,"interaction":{"idSuffix":"inner"}},"clearTextFirst":true,"interactionType":"ENTER_TEXT"}]}
COMMAND: POST /session/24b20ddd35874416169bd4d0a72e19cd/element - {"using":"xpath","value":"(//bdi[contains(text(), \"OK\")])[1]"}
RESULT: {"using":"xpath","value":"(//bdi[contains(text(), \"OK\")])[1]"}
COMMAND: POST /session/24b20ddd35874416169bd4d0a72e19cd/element/f.0DBE2F60DC08DFEB343D094A9929C683.d.234F1EAF105A350B9B2F908D8142CDE2.e.6208/click - {}
RESULT: {}
COMMAND: GET /session/24b20ddd35874416169bd4d0a72e19cd/screenshot - {}
RESULT: {}
COMMAND: POST /session/24b20ddd35874416169bd4d0a72e19cd/element - {"using":"xpath","value":"(//bdi[contains(text(), \"OK\")])[2]"}
RESULT: {"using":"xpath","value":"(//bdi[contains(text(), \"OK\")])[2]"}
COMMAND: POST /session/24b20ddd35874416169bd4d0a72e19cd/element/f.0DBE2F60DC08DFEB343D094A9929C683.d.234F1EAF105A350B9B2F908D8142CDE2.e.6255/click - {}
RESULT: {}
COMMAND: GET /session/24b20ddd35874416169bd4d0a72e19cd/screenshot - {}
RESULT: {}
RESULT: undefined
COMMAND: POST /session/24b20ddd35874416169bd4d0a72e19cd/execute/async - {"script":"<script> [776 bytes]","args":[{"enterText":"600002","selector":{"id":"application-ruinventorylist-display-component---Master--smartFilterBar-btnBasicSearch","interaction":{"idSuffix":"I"}},"clearTextFirst":true,"interactionType":"ENTER_TEXT"}]}
RESULT: {"script":"<script> [776 bytes]","args":[{"enterText":"600002","selector":{"id":"application-ruinventorylist-display-component---Master--smartFilterBar-btnBasicSearch","interaction":{"idSuffix":"I"}},"clearTextFirst":true,"interactionType":"ENTER_TEXT"}]}
COMMAND: POST /session/24b20ddd35874416169bd4d0a72e19cd/actions - {"actions":[{"id":"action27","type":"key","parameters":{},"actions":[{"type":"keyDown","value":""},{"type":"pause","duration":10},{"type":"keyUp","value":""}]}]}
RESULT: {"actions":[{"id":"action27","type":"key","parameters":{},"actions":[{"type":"keyDown","value":""},{"type":"pause","duration":10},{"type":"keyUp","value":""}]}]}
COMMAND: GET /session/24b20ddd35874416169bd4d0a72e19cd/screenshot - {}
RESULT: {}
COMMAND: POST /session/24b20ddd35874416169bd4d0a72e19cd/element - {"using":"xpath","value":"//span[@id=\"application-ruinventorylist-display-component---Master--smartTableRuInventoryList-header-inner\"]"}
RESULT: {"using":"xpath","value":"//span[@id=\"application-ruinventorylist-display-component---Master--smartTableRuInventoryList-header-inner\"]"}
COMMAND: POST /session/24b20ddd35874416169bd4d0a72e19cd/elements - {"using":"xpath","value":"//span[@id=\"application-ruinventorylist-display-component---Master--smartTableRuInventoryList-header-inner\"]"}
RESULT: {"using":"xpath","value":"//span[@id=\"application-ruinventorylist-display-component---Master--smartTableRuInventoryList-header-inner\"]"}
COMMAND: POST /session/24b20ddd35874416169bd4d0a72e19cd/execute/sync - {"script":"<script> [56 bytes]","args":[{"element-6066-11e4-a52e-4f735466cecf":"f.0DBE2F60DC08DFEB343D094A9929C683.d.234F1EAF105A350B9B2F908D8142CDE2.e.5506","ELEMENT":"f.0DBE2F60DC08DFEB343D094A9929C683.d.234F1EAF105A350B9B2F908D8142CDE2.e.5506"}]}
RESULT: {"script":"<script> [56 bytes]","args":[{"element-6066-11e4-a52e-4f735466cecf":"f.0DBE2F60DC08DFEB343D094A9929C683.d.234F1EAF105A350B9B2F908D8142CDE2.e.5506","ELEMENT":"f.0DBE2F60DC08DFEB343D094A9929C683.d.234F1EAF105A350B9B2F908D8142CDE2.e.5506"}]}
COMMAND: POST /session/24b20ddd35874416169bd4d0a72e19cd/element - {"using":"xpath","value":"//table[contains(@id, \"application-ruinventorylist-display-component---Master--tableRuInventoryList-listUl\")]/tbody/tr[1]/td[6]/div/span"}
COMMAND: GET /session/24b20ddd35874416169bd4d0a72e19cd/screenshot - {}
RESULT: {"using":"xpath","value":"//table[contains(@id, \"application-ruinventorylist-display-component---Master--tableRuInventoryList-listUl\")]/tbody/tr[1]/td[6]/div/span"}
COMMAND: POST /session/24b20ddd35874416169bd4d0a72e19cd/execute/sync - {"script":"<script> [56 bytes]","args":[{"element-6066-11e4-a52e-4f735466cecf":"f.0DBE2F60DC08DFEB343D094A9929C683.d.234F1EAF105A350B9B2F908D8142CDE2.e.6273","ELEMENT":"f.0DBE2F60DC08DFEB343D094A9929C683.d.234F1EAF105A350B9B2F908D8142CDE2.e.6273"}]}
RESULT: {}
RESULT: {"script":"<script> [56 bytes]","args":[{"element-6066-11e4-a52e-4f735466cecf":"f.0DBE2F60DC08DFEB343D094A9929C683.d.234F1EAF105A350B9B2F908D8142CDE2.e.6273","ELEMENT":"f.0DBE2F60DC08DFEB343D094A9929C683.d.234F1EAF105A350B9B2F908D8142CDE2.e.6273"}]}
COMMAND: POST /session/24b20ddd35874416169bd4d0a72e19cd/element - {"using":"xpath","value":"//div[contains(@id, \"smartFilterBar-btnBasicSearch-reset\")]"}
COMMAND: GET /session/24b20ddd35874416169bd4d0a72e19cd/screenshot - {}
RESULT: {"using":"xpath","value":"//div[contains(@id, \"smartFilterBar-btnBasicSearch-reset\")]"}
COMMAND: POST /session/24b20ddd35874416169bd4d0a72e19cd/element/f.0DBE2F60DC08DFEB343D094A9929C683.d.234F1EAF105A350B9B2F908D8142CDE2.e.5523/click - {}
RESULT: {}
RESULT: {}
COMMAND: GET /session/24b20ddd35874416169bd4d0a72e19cd/screenshot - {}
RESULT: {}
RESULT: undefined
COMMAND: POST /session/24b20ddd35874416169bd4d0a72e19cd/execute/async - {"script":"<script> [776 bytes]","args":[{"enterText":"401002","selector":{"id":"application-ruinventorylist-display-component---Master--smartFilterBar-btnBasicSearch","interaction":{"idSuffix":"I"}},"clearTextFirst":true,"interactionType":"ENTER_TEXT"}]}
RESULT: {"script":"<script> [776 bytes]","args":[{"enterText":"401002","selector":{"id":"application-ruinventorylist-display-component---Master--smartFilterBar-btnBasicSearch","interaction":{"idSuffix":"I"}},"clearTextFirst":true,"interactionType":"ENTER_TEXT"}]}
COMMAND: POST /session/24b20ddd35874416169bd4d0a72e19cd/actions - {"actions":[{"id":"action28","type":"key","parameters":{},"actions":[{"type":"keyDown","value":""},{"type":"pause","duration":10},{"type":"keyUp","value":""}]}]}
RESULT: {"actions":[{"id":"action28","type":"key","parameters":{},"actions":[{"type":"keyDown","value":""},{"type":"pause","duration":10},{"type":"keyUp","value":""}]}]}
COMMAND: GET /session/24b20ddd35874416169bd4d0a72e19cd/screenshot - {}
RESULT: {}
COMMAND: POST /session/24b20ddd35874416169bd4d0a72e19cd/element - {"using":"xpath","value":"//span[@id=\"application-ruinventorylist-display-component---Master--smartTableRuInventoryList-header-inner\"]"}
RESULT: {"using":"xpath","value":"//span[@id=\"application-ruinventorylist-display-component---Master--smartTableRuInventoryList-header-inner\"]"}
COMMAND: POST /session/24b20ddd35874416169bd4d0a72e19cd/elements - {"using":"xpath","value":"//span[@id=\"application-ruinventorylist-display-component---Master--smartTableRuInventoryList-header-inner\"]"}
RESULT: {"using":"xpath","value":"//span[@id=\"application-ruinventorylist-display-component---Master--smartTableRuInventoryList-header-inner\"]"}
COMMAND: POST /session/24b20ddd35874416169bd4d0a72e19cd/execute/sync - {"script":"<script> [56 bytes]","args":[{"element-6066-11e4-a52e-4f735466cecf":"f.0DBE2F60DC08DFEB343D094A9929C683.d.234F1EAF105A350B9B2F908D8142CDE2.e.5506","ELEMENT":"f.0DBE2F60DC08DFEB343D094A9929C683.d.234F1EAF105A350B9B2F908D8142CDE2.e.5506"}]}
RESULT: {"script":"<script> [56 bytes]","args":[{"element-6066-11e4-a52e-4f735466cecf":"f.0DBE2F60DC08DFEB343D094A9929C683.d.234F1EAF105A350B9B2F908D8142CDE2.e.5506","ELEMENT":"f.0DBE2F60DC08DFEB343D094A9929C683.d.234F1EAF105A350B9B2F908D8142CDE2.e.5506"}]}
COMMAND: POST /session/24b20ddd35874416169bd4d0a72e19cd/element - {"using":"xpath","value":"//table[contains(@id, \"application-ruinventorylist-display-component---Master--tableRuInventoryList-listUl\")]/tbody/tr[1]/td[6]/div/span"}
COMMAND: GET /session/24b20ddd35874416169bd4d0a72e19cd/screenshot - {}
RESULT: {"using":"xpath","value":"//table[contains(@id, \"application-ruinventorylist-display-component---Master--tableRuInventoryList-listUl\")]/tbody/tr[1]/td[6]/div/span"}
COMMAND: POST /session/24b20ddd35874416169bd4d0a72e19cd/execute/sync - {"script":"<script> [56 bytes]","args":[{"element-6066-11e4-a52e-4f735466cecf":"f.0DBE2F60DC08DFEB343D094A9929C683.d.234F1EAF105A350B9B2F908D8142CDE2.e.6364","ELEMENT":"f.0DBE2F60DC08DFEB343D094A9929C683.d.234F1EAF105A350B9B2F908D8142CDE2.e.6364"}]}
RESULT: {}
RESULT: {"script":"<script> [56 bytes]","args":[{"element-6066-11e4-a52e-4f735466cecf":"f.0DBE2F60DC08DFEB343D094A9929C683.d.234F1EAF105A350B9B2F908D8142CDE2.e.6364","ELEMENT":"f.0DBE2F60DC08DFEB343D094A9929C683.d.234F1EAF105A350B9B2F908D8142CDE2.e.6364"}]}
COMMAND: POST /session/24b20ddd35874416169bd4d0a72e19cd/element - {"using":"xpath","value":"//div[contains(@id, \"smartFilterBar-btnBasicSearch-reset\")]"}
COMMAND: GET /session/24b20ddd35874416169bd4d0a72e19cd/screenshot - {}
RESULT: {"using":"xpath","value":"//div[contains(@id, \"smartFilterBar-btnBasicSearch-reset\")]"}
COMMAND: POST /session/24b20ddd35874416169bd4d0a72e19cd/element/f.0DBE2F60DC08DFEB343D094A9929C683.d.234F1EAF105A350B9B2F908D8142CDE2.e.5523/click - {}
RESULT: {}
RESULT: {}
COMMAND: GET /session/24b20ddd35874416169bd4d0a72e19cd/screenshot - {}
RESULT: {}
RESULT: undefined
COMMAND: POST /session/24b20ddd35874416169bd4d0a72e19cd/execute/async - {"script":"<script> [776 bytes]","args":[{"enterText":"m2VepGOEE9","selector":{"id":"application-ruinventorylist-display-component---Master--smartFilterBar-btnBasicSearch","interaction":{"idSuffix":"I"}},"clearTextFirst":true,"interactionType":"ENTER_TEXT"}]}
RESULT: {"script":"<script> [776 bytes]","args":[{"enterText":"m2VepGOEE9","selector":{"id":"application-ruinventorylist-display-component---Master--smartFilterBar-btnBasicSearch","interaction":{"idSuffix":"I"}},"clearTextFirst":true,"interactionType":"ENTER_TEXT"}]}
COMMAND: POST /session/24b20ddd35874416169bd4d0a72e19cd/actions - {"actions":[{"id":"action29","type":"key","parameters":{},"actions":[{"type":"keyDown","value":""},{"type":"pause","duration":10},{"type":"keyUp","value":""}]}]}
RESULT: {"actions":[{"id":"action29","type":"key","parameters":{},"actions":[{"type":"keyDown","value":""},{"type":"pause","duration":10},{"type":"keyUp","value":""}]}]}
COMMAND: GET /session/24b20ddd35874416169bd4d0a72e19cd/screenshot - {}
RESULT: {}
COMMAND: POST /session/24b20ddd35874416169bd4d0a72e19cd/element - {"using":"xpath","value":"//span[@id=\"application-ruinventorylist-display-component---Master--smartTableRuInventoryList-header-inner\"]"}
RESULT: {"using":"xpath","value":"//span[@id=\"application-ruinventorylist-display-component---Master--smartTableRuInventoryList-header-inner\"]"}
COMMAND: POST /session/24b20ddd35874416169bd4d0a72e19cd/elements - {"using":"xpath","value":"//span[@id=\"application-ruinventorylist-display-component---Master--smartTableRuInventoryList-header-inner\"]"}
RESULT: {"using":"xpath","value":"//span[@id=\"application-ruinventorylist-display-component---Master--smartTableRuInventoryList-header-inner\"]"}
COMMAND: POST /session/24b20ddd35874416169bd4d0a72e19cd/execute/sync - {"script":"<script> [56 bytes]","args":[{"element-6066-11e4-a52e-4f735466cecf":"f.0DBE2F60DC08DFEB343D094A9929C683.d.234F1EAF105A350B9B2F908D8142CDE2.e.5506","ELEMENT":"f.0DBE2F60DC08DFEB343D094A9929C683.d.234F1EAF105A350B9B2F908D8142CDE2.e.5506"}]}
RESULT: {"script":"<script> [56 bytes]","args":[{"element-6066-11e4-a52e-4f735466cecf":"f.0DBE2F60DC08DFEB343D094A9929C683.d.234F1EAF105A350B9B2F908D8142CDE2.e.5506","ELEMENT":"f.0DBE2F60DC08DFEB343D094A9929C683.d.234F1EAF105A350B9B2F908D8142CDE2.e.5506"}]}
COMMAND: POST /session/24b20ddd35874416169bd4d0a72e19cd/element - {"using":"xpath","value":"//table[contains(@id, \"application-ruinventorylist-display-component---Master--tableRuInventoryList-listUl\")]/tbody/tr[1]/td[6]/div/span"}
COMMAND: GET /session/24b20ddd35874416169bd4d0a72e19cd/screenshot - {}
RESULT: {"using":"xpath","value":"//table[contains(@id, \"application-ruinventorylist-display-component---Master--tableRuInventoryList-listUl\")]/tbody/tr[1]/td[6]/div/span"}
COMMAND: POST /session/24b20ddd35874416169bd4d0a72e19cd/execute/sync - {"script":"<script> [56 bytes]","args":[{"element-6066-11e4-a52e-4f735466cecf":"f.0DBE2F60DC08DFEB343D094A9929C683.d.234F1EAF105A350B9B2F908D8142CDE2.e.6453","ELEMENT":"f.0DBE2F60DC08DFEB343D094A9929C683.d.234F1EAF105A350B9B2F908D8142CDE2.e.6453"}]}
RESULT: {}
RESULT: {"script":"<script> [56 bytes]","args":[{"element-6066-11e4-a52e-4f735466cecf":"f.0DBE2F60DC08DFEB343D094A9929C683.d.234F1EAF105A350B9B2F908D8142CDE2.e.6453","ELEMENT":"f.0DBE2F60DC08DFEB343D094A9929C683.d.234F1EAF105A350B9B2F908D8142CDE2.e.6453"}]}
COMMAND: POST /session/24b20ddd35874416169bd4d0a72e19cd/element - {"using":"xpath","value":"//div[contains(@id, \"smartFilterBar-btnBasicSearch-reset\")]"}
COMMAND: GET /session/24b20ddd35874416169bd4d0a72e19cd/screenshot - {}
RESULT: {"using":"xpath","value":"//div[contains(@id, \"smartFilterBar-btnBasicSearch-reset\")]"}
COMMAND: POST /session/24b20ddd35874416169bd4d0a72e19cd/element/f.0DBE2F60DC08DFEB343D094A9929C683.d.234F1EAF105A350B9B2F908D8142CDE2.e.5523/click - {}
RESULT: {}
RESULT: {}
COMMAND: GET /session/24b20ddd35874416169bd4d0a72e19cd/screenshot - {}
RESULT: {}
RESULT: undefined
COMMAND: POST /session/24b20ddd35874416169bd4d0a72e19cd/execute/async - {"script":"<script> [776 bytes]","args":[{"enterText":"200254","selector":{"id":"application-ruinventorylist-display-component---Master--smartFilterBar-btnBasicSearch","interaction":{"idSuffix":"I"}},"clearTextFirst":true,"interactionType":"ENTER_TEXT"}]}
RESULT: {"script":"<script> [776 bytes]","args":[{"enterText":"200254","selector":{"id":"application-ruinventorylist-display-component---Master--smartFilterBar-btnBasicSearch","interaction":{"idSuffix":"I"}},"clearTextFirst":true,"interactionType":"ENTER_TEXT"}]}
COMMAND: POST /session/24b20ddd35874416169bd4d0a72e19cd/actions - {"actions":[{"id":"action30","type":"key","parameters":{},"actions":[{"type":"keyDown","value":""},{"type":"pause","duration":10},{"type":"keyUp","value":""}]}]}
RESULT: {"actions":[{"id":"action30","type":"key","parameters":{},"actions":[{"type":"keyDown","value":""},{"type":"pause","duration":10},{"type":"keyUp","value":""}]}]}
COMMAND: GET /session/24b20ddd35874416169bd4d0a72e19cd/screenshot - {}
RESULT: {}
COMMAND: POST /session/24b20ddd35874416169bd4d0a72e19cd/element - {"using":"xpath","value":"//span[@id=\"application-ruinventorylist-display-component---Master--smartTableRuInventoryList-header-inner\"]"}
RESULT: {"using":"xpath","value":"//span[@id=\"application-ruinventorylist-display-component---Master--smartTableRuInventoryList-header-inner\"]"}
COMMAND: POST /session/24b20ddd35874416169bd4d0a72e19cd/elements - {"using":"xpath","value":"//span[@id=\"application-ruinventorylist-display-component---Master--smartTableRuInventoryList-header-inner\"]"}
RESULT: {"using":"xpath","value":"//span[@id=\"application-ruinventorylist-display-component---Master--smartTableRuInventoryList-header-inner\"]"}
COMMAND: POST /session/24b20ddd35874416169bd4d0a72e19cd/execute/sync - {"script":"<script> [56 bytes]","args":[{"element-6066-11e4-a52e-4f735466cecf":"f.0DBE2F60DC08DFEB343D094A9929C683.d.234F1EAF105A350B9B2F908D8142CDE2.e.5506","ELEMENT":"f.0DBE2F60DC08DFEB343D094A9929C683.d.234F1EAF105A350B9B2F908D8142CDE2.e.5506"}]}
RESULT: {"script":"<script> [56 bytes]","args":[{"element-6066-11e4-a52e-4f735466cecf":"f.0DBE2F60DC08DFEB343D094A9929C683.d.234F1EAF105A350B9B2F908D8142CDE2.e.5506","ELEMENT":"f.0DBE2F60DC08DFEB343D094A9929C683.d.234F1EAF105A350B9B2F908D8142CDE2.e.5506"}]}
COMMAND: POST /session/24b20ddd35874416169bd4d0a72e19cd/element - {"using":"xpath","value":"//table[contains(@id, \"application-ruinventorylist-display-component---Master--tableRuInventoryList-listUl\")]/tbody/tr[1]/td[6]/div/span"}
COMMAND: GET /session/24b20ddd35874416169bd4d0a72e19cd/screenshot - {}
RESULT: {"using":"xpath","value":"//table[contains(@id, \"application-ruinventorylist-display-component---Master--tableRuInventoryList-listUl\")]/tbody/tr[1]/td[6]/div/span"}
COMMAND: POST /session/24b20ddd35874416169bd4d0a72e19cd/execute/sync - {"script":"<script> [56 bytes]","args":[{"element-6066-11e4-a52e-4f735466cecf":"f.0DBE2F60DC08DFEB343D094A9929C683.d.234F1EAF105A350B9B2F908D8142CDE2.e.6543","ELEMENT":"f.0DBE2F60DC08DFEB343D094A9929C683.d.234F1EAF105A350B9B2F908D8142CDE2.e.6543"}]}
RESULT: {}
RESULT: {"script":"<script> [56 bytes]","args":[{"element-6066-11e4-a52e-4f735466cecf":"f.0DBE2F60DC08DFEB343D094A9929C683.d.234F1EAF105A350B9B2F908D8142CDE2.e.6543","ELEMENT":"f.0DBE2F60DC08DFEB343D094A9929C683.d.234F1EAF105A350B9B2F908D8142CDE2.e.6543"}]}
COMMAND: POST /session/24b20ddd35874416169bd4d0a72e19cd/element - {"using":"xpath","value":"//div[contains(@id, \"smartFilterBar-btnBasicSearch-reset\")]"}
COMMAND: GET /session/24b20ddd35874416169bd4d0a72e19cd/screenshot - {}
RESULT: {"using":"xpath","value":"//div[contains(@id, \"smartFilterBar-btnBasicSearch-reset\")]"}
COMMAND: POST /session/24b20ddd35874416169bd4d0a72e19cd/element/f.0DBE2F60DC08DFEB343D094A9929C683.d.234F1EAF105A350B9B2F908D8142CDE2.e.5523/click - {}
RESULT: {}
RESULT: {}
COMMAND: GET /session/24b20ddd35874416169bd4d0a72e19cd/screenshot - {}
RESULT: {}
COMMAND: POST /session/24b20ddd35874416169bd4d0a72e19cd/element/f.0DBE2F60DC08DFEB343D094A9929C683.d.234F1EAF105A350B9B2F908D8142CDE2.e.4936/click - {}
RESULT: {}
COMMAND: GET /session/24b20ddd35874416169bd4d0a72e19cd/screenshot - {}
RESULT: {}
RESULT: undefined
COMMAND: POST /session/24b20ddd35874416169bd4d0a72e19cd/execute/async - {"script":"<script> [776 bytes]","args":[{"enterText":"600002","selector":{"id":"application-ruinventorylist-display-component---Master--smartFilterBar-btnBasicSearch","interaction":{"idSuffix":"I"}},"clearTextFirst":true,"interactionType":"ENTER_TEXT"}]}
RESULT: {"script":"<script> [776 bytes]","args":[{"enterText":"600002","selector":{"id":"application-ruinventorylist-display-component---Master--smartFilterBar-btnBasicSearch","interaction":{"idSuffix":"I"}},"clearTextFirst":true,"interactionType":"ENTER_TEXT"}]}
COMMAND: POST /session/24b20ddd35874416169bd4d0a72e19cd/actions - {"actions":[{"id":"action31","type":"key","parameters":{},"actions":[{"type":"keyDown","value":""},{"type":"pause","duration":10},{"type":"keyUp","value":""}]}]}
RESULT: {"actions":[{"id":"action31","type":"key","parameters":{},"actions":[{"type":"keyDown","value":""},{"type":"pause","duration":10},{"type":"keyUp","value":""}]}]}
COMMAND: GET /session/24b20ddd35874416169bd4d0a72e19cd/screenshot - {}
RESULT: {}
COMMAND: POST /session/24b20ddd35874416169bd4d0a72e19cd/element - {"using":"xpath","value":"//span[@id=\"application-ruinventorylist-display-component---Master--smartTableRuInventoryList-header-inner\"]"}
RESULT: {"using":"xpath","value":"//span[@id=\"application-ruinventorylist-display-component---Master--smartTableRuInventoryList-header-inner\"]"}
COMMAND: POST /session/24b20ddd35874416169bd4d0a72e19cd/elements - {"using":"xpath","value":"//span[@id=\"application-ruinventorylist-display-component---Master--smartTableRuInventoryList-header-inner\"]"}
RESULT: {"using":"xpath","value":"//span[@id=\"application-ruinventorylist-display-component---Master--smartTableRuInventoryList-header-inner\"]"}
COMMAND: POST /session/24b20ddd35874416169bd4d0a72e19cd/execute/sync - {"script":"<script> [56 bytes]","args":[{"element-6066-11e4-a52e-4f735466cecf":"f.0DBE2F60DC08DFEB343D094A9929C683.d.234F1EAF105A350B9B2F908D8142CDE2.e.5506","ELEMENT":"f.0DBE2F60DC08DFEB343D094A9929C683.d.234F1EAF105A350B9B2F908D8142CDE2.e.5506"}]}
RESULT: {"script":"<script> [56 bytes]","args":[{"element-6066-11e4-a52e-4f735466cecf":"f.0DBE2F60DC08DFEB343D094A9929C683.d.234F1EAF105A350B9B2F908D8142CDE2.e.5506","ELEMENT":"f.0DBE2F60DC08DFEB343D094A9929C683.d.234F1EAF105A350B9B2F908D8142CDE2.e.5506"}]}
COMMAND: POST /session/24b20ddd35874416169bd4d0a72e19cd/element - {"using":"xpath","value":"//table[contains(@id, \"application-ruinventorylist-display-component---Master--tableRuInventoryList-listUl\")]/tbody/tr[1]/td[2]/div/div"}
COMMAND: GET /session/24b20ddd35874416169bd4d0a72e19cd/screenshot - {}
RESULT: {"using":"xpath","value":"//table[contains(@id, \"application-ruinventorylist-display-component---Master--tableRuInventoryList-listUl\")]/tbody/tr[1]/td[2]/div/div"}
COMMAND: POST /session/24b20ddd35874416169bd4d0a72e19cd/element/f.0DBE2F60DC08DFEB343D094A9929C683.d.234F1EAF105A350B9B2F908D8142CDE2.e.6811/click - {}
RESULT: {}
RESULT: {}
COMMAND: GET /session/24b20ddd35874416169bd4d0a72e19cd/screenshot - {}
RESULT: {}
COMMAND: POST /session/24b20ddd35874416169bd4d0a72e19cd/element - {"using":"xpath","value":"//div[contains(@id, \"smartFilterBar-btnBasicSearch-reset\")]"}
RESULT: {"using":"xpath","value":"//div[contains(@id, \"smartFilterBar-btnBasicSearch-reset\")]"}
COMMAND: POST /session/24b20ddd35874416169bd4d0a72e19cd/element/f.0DBE2F60DC08DFEB343D094A9929C683.d.234F1EAF105A350B9B2F908D8142CDE2.e.5523/click - {}
RESULT: {}
COMMAND: GET /session/24b20ddd35874416169bd4d0a72e19cd/screenshot - {}
RESULT: {}
RESULT: undefined
COMMAND: POST /session/24b20ddd35874416169bd4d0a72e19cd/execute/async - {"script":"<script> [776 bytes]","args":[{"enterText":"401002","selector":{"id":"application-ruinventorylist-display-component---Master--smartFilterBar-btnBasicSearch","interaction":{"idSuffix":"I"}},"clearTextFirst":true,"interactionType":"ENTER_TEXT"}]}
RESULT: {"script":"<script> [776 bytes]","args":[{"enterText":"401002","selector":{"id":"application-ruinventorylist-display-component---Master--smartFilterBar-btnBasicSearch","interaction":{"idSuffix":"I"}},"clearTextFirst":true,"interactionType":"ENTER_TEXT"}]}
COMMAND: POST /session/24b20ddd35874416169bd4d0a72e19cd/actions - {"actions":[{"id":"action32","type":"key","parameters":{},"actions":[{"type":"keyDown","value":""},{"type":"pause","duration":10},{"type":"keyUp","value":""}]}]}
RESULT: {"actions":[{"id":"action32","type":"key","parameters":{},"actions":[{"type":"keyDown","value":""},{"type":"pause","duration":10},{"type":"keyUp","value":""}]}]}
COMMAND: GET /session/24b20ddd35874416169bd4d0a72e19cd/screenshot - {}
RESULT: {}
COMMAND: POST /session/24b20ddd35874416169bd4d0a72e19cd/element - {"using":"xpath","value":"//span[@id=\"application-ruinventorylist-display-component---Master--smartTableRuInventoryList-header-inner\"]"}
RESULT: {"using":"xpath","value":"//span[@id=\"application-ruinventorylist-display-component---Master--smartTableRuInventoryList-header-inner\"]"}
COMMAND: POST /session/24b20ddd35874416169bd4d0a72e19cd/elements - {"using":"xpath","value":"//span[@id=\"application-ruinventorylist-display-component---Master--smartTableRuInventoryList-header-inner\"]"}
RESULT: {"using":"xpath","value":"//span[@id=\"application-ruinventorylist-display-component---Master--smartTableRuInventoryList-header-inner\"]"}
COMMAND: POST /session/24b20ddd35874416169bd4d0a72e19cd/execute/sync - {"script":"<script> [56 bytes]","args":[{"element-6066-11e4-a52e-4f735466cecf":"f.0DBE2F60DC08DFEB343D094A9929C683.d.234F1EAF105A350B9B2F908D8142CDE2.e.5506","ELEMENT":"f.0DBE2F60DC08DFEB343D094A9929C683.d.234F1EAF105A350B9B2F908D8142CDE2.e.5506"}]}
RESULT: {"script":"<script> [56 bytes]","args":[{"element-6066-11e4-a52e-4f735466cecf":"f.0DBE2F60DC08DFEB343D094A9929C683.d.234F1EAF105A350B9B2F908D8142CDE2.e.5506","ELEMENT":"f.0DBE2F60DC08DFEB343D094A9929C683.d.234F1EAF105A350B9B2F908D8142CDE2.e.5506"}]}
COMMAND: POST /session/24b20ddd35874416169bd4d0a72e19cd/element - {"using":"xpath","value":"//table[contains(@id, \"application-ruinventorylist-display-component---Master--tableRuInventoryList-listUl\")]/tbody/tr[1]/td[2]/div/div"}
COMMAND: GET /session/24b20ddd35874416169bd4d0a72e19cd/screenshot - {}
RESULT: {"using":"xpath","value":"//table[contains(@id, \"application-ruinventorylist-display-component---Master--tableRuInventoryList-listUl\")]/tbody/tr[1]/td[2]/div/div"}
COMMAND: POST /session/24b20ddd35874416169bd4d0a72e19cd/element/f.0DBE2F60DC08DFEB343D094A9929C683.d.234F1EAF105A350B9B2F908D8142CDE2.e.6975/click - {}
RESULT: {}
RESULT: {}
COMMAND: GET /session/24b20ddd35874416169bd4d0a72e19cd/screenshot - {}
RESULT: {}
COMMAND: POST /session/24b20ddd35874416169bd4d0a72e19cd/element - {"using":"xpath","value":"//div[contains(@id, \"smartFilterBar-btnBasicSearch-reset\")]"}
RESULT: {"using":"xpath","value":"//div[contains(@id, \"smartFilterBar-btnBasicSearch-reset\")]"}
COMMAND: POST /session/24b20ddd35874416169bd4d0a72e19cd/element/f.0DBE2F60DC08DFEB343D094A9929C683.d.234F1EAF105A350B9B2F908D8142CDE2.e.5523/click - {}
RESULT: {}
COMMAND: GET /session/24b20ddd35874416169bd4d0a72e19cd/screenshot - {}
RESULT: {}
RESULT: undefined
COMMAND: POST /session/24b20ddd35874416169bd4d0a72e19cd/execute/async - {"script":"<script> [776 bytes]","args":[{"enterText":"m2VepGOEE9","selector":{"id":"application-ruinventorylist-display-component---Master--smartFilterBar-btnBasicSearch","interaction":{"idSuffix":"I"}},"clearTextFirst":true,"interactionType":"ENTER_TEXT"}]}
RESULT: {"script":"<script> [776 bytes]","args":[{"enterText":"m2VepGOEE9","selector":{"id":"application-ruinventorylist-display-component---Master--smartFilterBar-btnBasicSearch","interaction":{"idSuffix":"I"}},"clearTextFirst":true,"interactionType":"ENTER_TEXT"}]}
COMMAND: POST /session/24b20ddd35874416169bd4d0a72e19cd/actions - {"actions":[{"id":"action33","type":"key","parameters":{},"actions":[{"type":"keyDown","value":""},{"type":"pause","duration":10},{"type":"keyUp","value":""}]}]}
RESULT: {"actions":[{"id":"action33","type":"key","parameters":{},"actions":[{"type":"keyDown","value":""},{"type":"pause","duration":10},{"type":"keyUp","value":""}]}]}
COMMAND: GET /session/24b20ddd35874416169bd4d0a72e19cd/screenshot - {}
RESULT: {}
COMMAND: POST /session/24b20ddd35874416169bd4d0a72e19cd/element - {"using":"xpath","value":"//span[@id=\"application-ruinventorylist-display-component---Master--smartTableRuInventoryList-header-inner\"]"}
RESULT: {"using":"xpath","value":"//span[@id=\"application-ruinventorylist-display-component---Master--smartTableRuInventoryList-header-inner\"]"}
COMMAND: POST /session/24b20ddd35874416169bd4d0a72e19cd/elements - {"using":"xpath","value":"//span[@id=\"application-ruinventorylist-display-component---Master--smartTableRuInventoryList-header-inner\"]"}
RESULT: {"using":"xpath","value":"//span[@id=\"application-ruinventorylist-display-component---Master--smartTableRuInventoryList-header-inner\"]"}
COMMAND: POST /session/24b20ddd35874416169bd4d0a72e19cd/execute/sync - {"script":"<script> [56 bytes]","args":[{"element-6066-11e4-a52e-4f735466cecf":"f.0DBE2F60DC08DFEB343D094A9929C683.d.234F1EAF105A350B9B2F908D8142CDE2.e.5506","ELEMENT":"f.0DBE2F60DC08DFEB343D094A9929C683.d.234F1EAF105A350B9B2F908D8142CDE2.e.5506"}]}
RESULT: {"script":"<script> [56 bytes]","args":[{"element-6066-11e4-a52e-4f735466cecf":"f.0DBE2F60DC08DFEB343D094A9929C683.d.234F1EAF105A350B9B2F908D8142CDE2.e.5506","ELEMENT":"f.0DBE2F60DC08DFEB343D094A9929C683.d.234F1EAF105A350B9B2F908D8142CDE2.e.5506"}]}
COMMAND: POST /session/24b20ddd35874416169bd4d0a72e19cd/element - {"using":"xpath","value":"//table[contains(@id, \"application-ruinventorylist-display-component---Master--tableRuInventoryList-listUl\")]/tbody/tr[1]/td[2]/div/div"}
COMMAND: GET /session/24b20ddd35874416169bd4d0a72e19cd/screenshot - {}
RESULT: {"using":"xpath","value":"//table[contains(@id, \"application-ruinventorylist-display-component---Master--tableRuInventoryList-listUl\")]/tbody/tr[1]/td[2]/div/div"}
COMMAND: POST /session/24b20ddd35874416169bd4d0a72e19cd/element/f.0DBE2F60DC08DFEB343D094A9929C683.d.234F1EAF105A350B9B2F908D8142CDE2.e.7138/click - {}
RESULT: {}
RESULT: {}
COMMAND: GET /session/24b20ddd35874416169bd4d0a72e19cd/screenshot - {}
RESULT: {}
COMMAND: POST /session/24b20ddd35874416169bd4d0a72e19cd/element - {"using":"xpath","value":"//div[contains(@id, \"smartFilterBar-btnBasicSearch-reset\")]"}
RESULT: {"using":"xpath","value":"//div[contains(@id, \"smartFilterBar-btnBasicSearch-reset\")]"}
COMMAND: POST /session/24b20ddd35874416169bd4d0a72e19cd/element/f.0DBE2F60DC08DFEB343D094A9929C683.d.234F1EAF105A350B9B2F908D8142CDE2.e.5523/click - {}
RESULT: {}
COMMAND: GET /session/24b20ddd35874416169bd4d0a72e19cd/screenshot - {}
RESULT: {}
RESULT: undefined
COMMAND: POST /session/24b20ddd35874416169bd4d0a72e19cd/execute/async - {"script":"<script> [776 bytes]","args":[{"enterText":"200254","selector":{"id":"application-ruinventorylist-display-component---Master--smartFilterBar-btnBasicSearch","interaction":{"idSuffix":"I"}},"clearTextFirst":true,"interactionType":"ENTER_TEXT"}]}
RESULT: {"script":"<script> [776 bytes]","args":[{"enterText":"200254","selector":{"id":"application-ruinventorylist-display-component---Master--smartFilterBar-btnBasicSearch","interaction":{"idSuffix":"I"}},"clearTextFirst":true,"interactionType":"ENTER_TEXT"}]}
COMMAND: POST /session/24b20ddd35874416169bd4d0a72e19cd/actions - {"actions":[{"id":"action34","type":"key","parameters":{},"actions":[{"type":"keyDown","value":""},{"type":"pause","duration":10},{"type":"keyUp","value":""}]}]}
RESULT: {"actions":[{"id":"action34","type":"key","parameters":{},"actions":[{"type":"keyDown","value":""},{"type":"pause","duration":10},{"type":"keyUp","value":""}]}]}
COMMAND: GET /session/24b20ddd35874416169bd4d0a72e19cd/screenshot - {}
RESULT: {}
COMMAND: POST /session/24b20ddd35874416169bd4d0a72e19cd/element - {"using":"xpath","value":"//span[@id=\"application-ruinventorylist-display-component---Master--smartTableRuInventoryList-header-inner\"]"}
RESULT: {"using":"xpath","value":"//span[@id=\"application-ruinventorylist-display-component---Master--smartTableRuInventoryList-header-inner\"]"}
COMMAND: POST /session/24b20ddd35874416169bd4d0a72e19cd/elements - {"using":"xpath","value":"//span[@id=\"application-ruinventorylist-display-component---Master--smartTableRuInventoryList-header-inner\"]"}
RESULT: {"using":"xpath","value":"//span[@id=\"application-ruinventorylist-display-component---Master--smartTableRuInventoryList-header-inner\"]"}
COMMAND: POST /session/24b20ddd35874416169bd4d0a72e19cd/execute/sync - {"script":"<script> [56 bytes]","args":[{"element-6066-11e4-a52e-4f735466cecf":"f.0DBE2F60DC08DFEB343D094A9929C683.d.234F1EAF105A350B9B2F908D8142CDE2.e.5506","ELEMENT":"f.0DBE2F60DC08DFEB343D094A9929C683.d.234F1EAF105A350B9B2F908D8142CDE2.e.5506"}]}
RESULT: {"script":"<script> [56 bytes]","args":[{"element-6066-11e4-a52e-4f735466cecf":"f.0DBE2F60DC08DFEB343D094A9929C683.d.234F1EAF105A350B9B2F908D8142CDE2.e.5506","ELEMENT":"f.0DBE2F60DC08DFEB343D094A9929C683.d.234F1EAF105A350B9B2F908D8142CDE2.e.5506"}]}
COMMAND: POST /session/24b20ddd35874416169bd4d0a72e19cd/element - {"using":"xpath","value":"//table[contains(@id, \"application-ruinventorylist-display-component---Master--tableRuInventoryList-listUl\")]/tbody/tr[1]/td[2]/div/div"}
COMMAND: GET /session/24b20ddd35874416169bd4d0a72e19cd/screenshot - {}
RESULT: {}
RESULT: {"using":"xpath","value":"//table[contains(@id, \"application-ruinventorylist-display-component---Master--tableRuInventoryList-listUl\")]/tbody/tr[1]/td[2]/div/div"}
COMMAND: POST /session/24b20ddd35874416169bd4d0a72e19cd/element/f.0DBE2F60DC08DFEB343D094A9929C683.d.234F1EAF105A350B9B2F908D8142CDE2.e.7304/click - {}
RESULT: {}
COMMAND: GET /session/24b20ddd35874416169bd4d0a72e19cd/screenshot - {}
RESULT: {}
COMMAND: POST /session/24b20ddd35874416169bd4d0a72e19cd/element - {"using":"xpath","value":"//div[contains(@id, \"smartFilterBar-btnBasicSearch-reset\")]"}
RESULT: {"using":"xpath","value":"//div[contains(@id, \"smartFilterBar-btnBasicSearch-reset\")]"}
COMMAND: POST /session/24b20ddd35874416169bd4d0a72e19cd/element/f.0DBE2F60DC08DFEB343D094A9929C683.d.234F1EAF105A350B9B2F908D8142CDE2.e.5523/click - {}
RESULT: {}
COMMAND: GET /session/24b20ddd35874416169bd4d0a72e19cd/screenshot - {}
RESULT: {}
COMMAND: POST /session/24b20ddd35874416169bd4d0a72e19cd/element/f.0DBE2F60DC08DFEB343D094A9929C683.d.234F1EAF105A350B9B2F908D8142CDE2.e.4936/click - {}
RESULT: {}
COMMAND: GET /session/24b20ddd35874416169bd4d0a72e19cd/screenshot - {}
RESULT: undefined
COMMAND: POST /session/24b20ddd35874416169bd4d0a72e19cd/element - {"using":"xpath","value":"//*[@id=\"application-ruinventorylist-display-component---Master--ruStateTypes-arrow\"]"}
RESULT: {}
RESULT: {"using":"xpath","value":"//*[@id=\"application-ruinventorylist-display-component---Master--ruStateTypes-arrow\"]"}
COMMAND: POST /session/24b20ddd35874416169bd4d0a72e19cd/element/f.0DBE2F60DC08DFEB343D094A9929C683.d.234F1EAF105A350B9B2F908D8142CDE2.e.7490/click - {}
RESULT: {}
COMMAND: GET /session/24b20ddd35874416169bd4d0a72e19cd/screenshot - {}
RESULT: {}
COMMAND: POST /session/24b20ddd35874416169bd4d0a72e19cd/element - {"using":"xpath","value":"//li[.//span[text()=\"available\"]]"}
RESULT: {"using":"xpath","value":"//li[.//span[text()=\"available\"]]"}
COMMAND: POST /session/24b20ddd35874416169bd4d0a72e19cd/element/f.0DBE2F60DC08DFEB343D094A9929C683.d.234F1EAF105A350B9B2F908D8142CDE2.e.7491/click - {}
RESULT: {}
COMMAND: GET /session/24b20ddd35874416169bd4d0a72e19cd/screenshot - {}
RESULT: {}
COMMAND: POST /session/24b20ddd35874416169bd4d0a72e19cd/element - {"using":"xpath","value":"(//bdi[contains(text(), \"OK\")])[1]"}
RESULT: {"using":"xpath","value":"(//bdi[contains(text(), \"OK\")])[1]"}
COMMAND: POST /session/24b20ddd35874416169bd4d0a72e19cd/element/f.0DBE2F60DC08DFEB343D094A9929C683.d.234F1EAF105A350B9B2F908D8142CDE2.e.7492/click - {}
RESULT: {}
COMMAND: GET /session/24b20ddd35874416169bd4d0a72e19cd/screenshot - {}
RESULT: {}
COMMAND: POST /session/24b20ddd35874416169bd4d0a72e19cd/element - {"using":"xpath","value":"(//bdi[contains(text(), \"OK\")])[2]"}
RESULT: {"using":"xpath","value":"(//bdi[contains(text(), \"OK\")])[2]"}
COMMAND: POST /session/24b20ddd35874416169bd4d0a72e19cd/element/f.0DBE2F60DC08DFEB343D094A9929C683.d.234F1EAF105A350B9B2F908D8142CDE2.e.7496/click - {}
RESULT: {}
COMMAND: GET /session/24b20ddd35874416169bd4d0a72e19cd/screenshot - {}
RESULT: {}
RESULT: undefined
COMMAND: POST /session/24b20ddd35874416169bd4d0a72e19cd/execute/async - {"script":"<script> [776 bytes]","args":[{"enterText":"600002","selector":{"id":"application-ruinventorylist-display-component---Master--smartFilterBar-btnBasicSearch","interaction":{"idSuffix":"I"}},"clearTextFirst":true,"interactionType":"ENTER_TEXT"}]}
RESULT: {"script":"<script> [776 bytes]","args":[{"enterText":"600002","selector":{"id":"application-ruinventorylist-display-component---Master--smartFilterBar-btnBasicSearch","interaction":{"idSuffix":"I"}},"clearTextFirst":true,"interactionType":"ENTER_TEXT"}]}
COMMAND: POST /session/24b20ddd35874416169bd4d0a72e19cd/actions - {"actions":[{"id":"action35","type":"key","parameters":{},"actions":[{"type":"keyDown","value":""},{"type":"pause","duration":10},{"type":"keyUp","value":""}]}]}
RESULT: {"actions":[{"id":"action35","type":"key","parameters":{},"actions":[{"type":"keyDown","value":""},{"type":"pause","duration":10},{"type":"keyUp","value":""}]}]}
COMMAND: GET /session/24b20ddd35874416169bd4d0a72e19cd/screenshot - {}
RESULT: {}
COMMAND: POST /session/24b20ddd35874416169bd4d0a72e19cd/element - {"using":"xpath","value":"//span[@id=\"application-ruinventorylist-display-component---Master--smartTableRuInventoryList-header-inner\"]"}
RESULT: {"using":"xpath","value":"//span[@id=\"application-ruinventorylist-display-component---Master--smartTableRuInventoryList-header-inner\"]"}
COMMAND: POST /session/24b20ddd35874416169bd4d0a72e19cd/elements - {"using":"xpath","value":"//span[@id=\"application-ruinventorylist-display-component---Master--smartTableRuInventoryList-header-inner\"]"}
RESULT: {"using":"xpath","value":"//span[@id=\"application-ruinventorylist-display-component---Master--smartTableRuInventoryList-header-inner\"]"}
COMMAND: POST /session/24b20ddd35874416169bd4d0a72e19cd/execute/sync - {"script":"<script> [56 bytes]","args":[{"element-6066-11e4-a52e-4f735466cecf":"f.0DBE2F60DC08DFEB343D094A9929C683.d.234F1EAF105A350B9B2F908D8142CDE2.e.5506","ELEMENT":"f.0DBE2F60DC08DFEB343D094A9929C683.d.234F1EAF105A350B9B2F908D8142CDE2.e.5506"}]}
RESULT: {"script":"<script> [56 bytes]","args":[{"element-6066-11e4-a52e-4f735466cecf":"f.0DBE2F60DC08DFEB343D094A9929C683.d.234F1EAF105A350B9B2F908D8142CDE2.e.5506","ELEMENT":"f.0DBE2F60DC08DFEB343D094A9929C683.d.234F1EAF105A350B9B2F908D8142CDE2.e.5506"}]}
COMMAND: POST /session/24b20ddd35874416169bd4d0a72e19cd/element - {"using":"xpath","value":"//table[contains(@id, \"application-ruinventorylist-display-component---Master--tableRuInventoryList-listUl\")]/tbody/tr[1]/td[6]/div/span"}
COMMAND: GET /session/24b20ddd35874416169bd4d0a72e19cd/screenshot - {}
RESULT: {"using":"xpath","value":"//table[contains(@id, \"application-ruinventorylist-display-component---Master--tableRuInventoryList-listUl\")]/tbody/tr[1]/td[6]/div/span"}
COMMAND: POST /session/24b20ddd35874416169bd4d0a72e19cd/execute/sync - {"script":"<script> [56 bytes]","args":[{"element-6066-11e4-a52e-4f735466cecf":"f.0DBE2F60DC08DFEB343D094A9929C683.d.234F1EAF105A350B9B2F908D8142CDE2.e.7512","ELEMENT":"f.0DBE2F60DC08DFEB343D094A9929C683.d.234F1EAF105A350B9B2F908D8142CDE2.e.7512"}]}
RESULT: {}
RESULT: {"script":"<script> [56 bytes]","args":[{"element-6066-11e4-a52e-4f735466cecf":"f.0DBE2F60DC08DFEB343D094A9929C683.d.234F1EAF105A350B9B2F908D8142CDE2.e.7512","ELEMENT":"f.0DBE2F60DC08DFEB343D094A9929C683.d.234F1EAF105A350B9B2F908D8142CDE2.e.7512"}]}
COMMAND: POST /session/24b20ddd35874416169bd4d0a72e19cd/element - {"using":"xpath","value":"//div[contains(@id, \"smartFilterBar-btnBasicSearch-reset\")]"}
COMMAND: GET /session/24b20ddd35874416169bd4d0a72e19cd/screenshot - {}
RESULT: {"using":"xpath","value":"//div[contains(@id, \"smartFilterBar-btnBasicSearch-reset\")]"}
COMMAND: POST /session/24b20ddd35874416169bd4d0a72e19cd/element/f.0DBE2F60DC08DFEB343D094A9929C683.d.234F1EAF105A350B9B2F908D8142CDE2.e.5523/click - {}
RESULT: {}
RESULT: {}
COMMAND: GET /session/24b20ddd35874416169bd4d0a72e19cd/screenshot - {}
RESULT: {}
RESULT: undefined
COMMAND: POST /session/24b20ddd35874416169bd4d0a72e19cd/execute/async - {"script":"<script> [776 bytes]","args":[{"enterText":"401002","selector":{"id":"application-ruinventorylist-display-component---Master--smartFilterBar-btnBasicSearch","interaction":{"idSuffix":"I"}},"clearTextFirst":true,"interactionType":"ENTER_TEXT"}]}
RESULT: {"script":"<script> [776 bytes]","args":[{"enterText":"401002","selector":{"id":"application-ruinventorylist-display-component---Master--smartFilterBar-btnBasicSearch","interaction":{"idSuffix":"I"}},"clearTextFirst":true,"interactionType":"ENTER_TEXT"}]}
COMMAND: POST /session/24b20ddd35874416169bd4d0a72e19cd/actions - {"actions":[{"id":"action36","type":"key","parameters":{},"actions":[{"type":"keyDown","value":""},{"type":"pause","duration":10},{"type":"keyUp","value":""}]}]}
RESULT: {"actions":[{"id":"action36","type":"key","parameters":{},"actions":[{"type":"keyDown","value":""},{"type":"pause","duration":10},{"type":"keyUp","value":""}]}]}
COMMAND: GET /session/24b20ddd35874416169bd4d0a72e19cd/screenshot - {}
RESULT: {}
COMMAND: POST /session/24b20ddd35874416169bd4d0a72e19cd/element - {"using":"xpath","value":"//span[@id=\"application-ruinventorylist-display-component---Master--smartTableRuInventoryList-header-inner\"]"}
RESULT: {"using":"xpath","value":"//span[@id=\"application-ruinventorylist-display-component---Master--smartTableRuInventoryList-header-inner\"]"}
COMMAND: POST /session/24b20ddd35874416169bd4d0a72e19cd/elements - {"using":"xpath","value":"//span[@id=\"application-ruinventorylist-display-component---Master--smartTableRuInventoryList-header-inner\"]"}
RESULT: {"using":"xpath","value":"//span[@id=\"application-ruinventorylist-display-component---Master--smartTableRuInventoryList-header-inner\"]"}
COMMAND: POST /session/24b20ddd35874416169bd4d0a72e19cd/execute/sync - {"script":"<script> [56 bytes]","args":[{"element-6066-11e4-a52e-4f735466cecf":"f.0DBE2F60DC08DFEB343D094A9929C683.d.234F1EAF105A350B9B2F908D8142CDE2.e.5506","ELEMENT":"f.0DBE2F60DC08DFEB343D094A9929C683.d.234F1EAF105A350B9B2F908D8142CDE2.e.5506"}]}
RESULT: {"script":"<script> [56 bytes]","args":[{"element-6066-11e4-a52e-4f735466cecf":"f.0DBE2F60DC08DFEB343D094A9929C683.d.234F1EAF105A350B9B2F908D8142CDE2.e.5506","ELEMENT":"f.0DBE2F60DC08DFEB343D094A9929C683.d.234F1EAF105A350B9B2F908D8142CDE2.e.5506"}]}
COMMAND: POST /session/24b20ddd35874416169bd4d0a72e19cd/element - {"using":"xpath","value":"//table[contains(@id, \"application-ruinventorylist-display-component---Master--tableRuInventoryList-listUl\")]/tbody/tr[1]/td[6]/div/span"}
COMMAND: GET /session/24b20ddd35874416169bd4d0a72e19cd/screenshot - {}
RESULT: {"using":"xpath","value":"//table[contains(@id, \"application-ruinventorylist-display-component---Master--tableRuInventoryList-listUl\")]/tbody/tr[1]/td[6]/div/span"}
COMMAND: POST /session/24b20ddd35874416169bd4d0a72e19cd/execute/sync - {"script":"<script> [56 bytes]","args":[{"element-6066-11e4-a52e-4f735466cecf":"f.0DBE2F60DC08DFEB343D094A9929C683.d.234F1EAF105A350B9B2F908D8142CDE2.e.7601","ELEMENT":"f.0DBE2F60DC08DFEB343D094A9929C683.d.234F1EAF105A350B9B2F908D8142CDE2.e.7601"}]}
RESULT: {}
RESULT: {"script":"<script> [56 bytes]","args":[{"element-6066-11e4-a52e-4f735466cecf":"f.0DBE2F60DC08DFEB343D094A9929C683.d.234F1EAF105A350B9B2F908D8142CDE2.e.7601","ELEMENT":"f.0DBE2F60DC08DFEB343D094A9929C683.d.234F1EAF105A350B9B2F908D8142CDE2.e.7601"}]}
COMMAND: POST /session/24b20ddd35874416169bd4d0a72e19cd/element - {"using":"xpath","value":"//div[contains(@id, \"smartFilterBar-btnBasicSearch-reset\")]"}
COMMAND: GET /session/24b20ddd35874416169bd4d0a72e19cd/screenshot - {}
RESULT: {"using":"xpath","value":"//div[contains(@id, \"smartFilterBar-btnBasicSearch-reset\")]"}
COMMAND: POST /session/24b20ddd35874416169bd4d0a72e19cd/element/f.0DBE2F60DC08DFEB343D094A9929C683.d.234F1EAF105A350B9B2F908D8142CDE2.e.5523/click - {}
RESULT: {}
RESULT: {}
COMMAND: GET /session/24b20ddd35874416169bd4d0a72e19cd/screenshot - {}
RESULT: {}
RESULT: undefined
COMMAND: POST /session/24b20ddd35874416169bd4d0a72e19cd/execute/async - {"script":"<script> [776 bytes]","args":[{"enterText":"m2VepGOEE9","selector":{"id":"application-ruinventorylist-display-component---Master--smartFilterBar-btnBasicSearch","interaction":{"idSuffix":"I"}},"clearTextFirst":true,"interactionType":"ENTER_TEXT"}]}
RESULT: {"script":"<script> [776 bytes]","args":[{"enterText":"m2VepGOEE9","selector":{"id":"application-ruinventorylist-display-component---Master--smartFilterBar-btnBasicSearch","interaction":{"idSuffix":"I"}},"clearTextFirst":true,"interactionType":"ENTER_TEXT"}]}
COMMAND: POST /session/24b20ddd35874416169bd4d0a72e19cd/actions - {"actions":[{"id":"action37","type":"key","parameters":{},"actions":[{"type":"keyDown","value":""},{"type":"pause","duration":10},{"type":"keyUp","value":""}]}]}
RESULT: {"actions":[{"id":"action37","type":"key","parameters":{},"actions":[{"type":"keyDown","value":""},{"type":"pause","duration":10},{"type":"keyUp","value":""}]}]}
COMMAND: GET /session/24b20ddd35874416169bd4d0a72e19cd/screenshot - {}
RESULT: {}
COMMAND: POST /session/24b20ddd35874416169bd4d0a72e19cd/element - {"using":"xpath","value":"//span[@id=\"application-ruinventorylist-display-component---Master--smartTableRuInventoryList-header-inner\"]"}
RESULT: {"using":"xpath","value":"//span[@id=\"application-ruinventorylist-display-component---Master--smartTableRuInventoryList-header-inner\"]"}
COMMAND: POST /session/24b20ddd35874416169bd4d0a72e19cd/elements - {"using":"xpath","value":"//span[@id=\"application-ruinventorylist-display-component---Master--smartTableRuInventoryList-header-inner\"]"}
RESULT: {"using":"xpath","value":"//span[@id=\"application-ruinventorylist-display-component---Master--smartTableRuInventoryList-header-inner\"]"}
COMMAND: POST /session/24b20ddd35874416169bd4d0a72e19cd/execute/sync - {"script":"<script> [56 bytes]","args":[{"element-6066-11e4-a52e-4f735466cecf":"f.0DBE2F60DC08DFEB343D094A9929C683.d.234F1EAF105A350B9B2F908D8142CDE2.e.5506","ELEMENT":"f.0DBE2F60DC08DFEB343D094A9929C683.d.234F1EAF105A350B9B2F908D8142CDE2.e.5506"}]}
RESULT: {"script":"<script> [56 bytes]","args":[{"element-6066-11e4-a52e-4f735466cecf":"f.0DBE2F60DC08DFEB343D094A9929C683.d.234F1EAF105A350B9B2F908D8142CDE2.e.5506","ELEMENT":"f.0DBE2F60DC08DFEB343D094A9929C683.d.234F1EAF105A350B9B2F908D8142CDE2.e.5506"}]}
COMMAND: POST /session/24b20ddd35874416169bd4d0a72e19cd/element - {"using":"xpath","value":"//table[contains(@id, \"application-ruinventorylist-display-component---Master--tableRuInventoryList-listUl\")]/tbody/tr[1]/td[6]/div/span"}
COMMAND: GET /session/24b20ddd35874416169bd4d0a72e19cd/screenshot - {}
RESULT: {"using":"xpath","value":"//table[contains(@id, \"application-ruinventorylist-display-component---Master--tableRuInventoryList-listUl\")]/tbody/tr[1]/td[6]/div/span"}
COMMAND: POST /session/24b20ddd35874416169bd4d0a72e19cd/execute/sync - {"script":"<script> [56 bytes]","args":[{"element-6066-11e4-a52e-4f735466cecf":"f.0DBE2F60DC08DFEB343D094A9929C683.d.234F1EAF105A350B9B2F908D8142CDE2.e.7694","ELEMENT":"f.0DBE2F60DC08DFEB343D094A9929C683.d.234F1EAF105A350B9B2F908D8142CDE2.e.7694"}]}
RESULT: {}
RESULT: {"script":"<script> [56 bytes]","args":[{"element-6066-11e4-a52e-4f735466cecf":"f.0DBE2F60DC08DFEB343D094A9929C683.d.234F1EAF105A350B9B2F908D8142CDE2.e.7694","ELEMENT":"f.0DBE2F60DC08DFEB343D094A9929C683.d.234F1EAF105A350B9B2F908D8142CDE2.e.7694"}]}
COMMAND: POST /session/24b20ddd35874416169bd4d0a72e19cd/element - {"using":"xpath","value":"//div[contains(@id, \"smartFilterBar-btnBasicSearch-reset\")]"}
COMMAND: GET /session/24b20ddd35874416169bd4d0a72e19cd/screenshot - {}
RESULT: {"using":"xpath","value":"//div[contains(@id, \"smartFilterBar-btnBasicSearch-reset\")]"}
COMMAND: POST /session/24b20ddd35874416169bd4d0a72e19cd/element/f.0DBE2F60DC08DFEB343D094A9929C683.d.234F1EAF105A350B9B2F908D8142CDE2.e.5523/click - {}
RESULT: {}
RESULT: {}
COMMAND: GET /session/24b20ddd35874416169bd4d0a72e19cd/screenshot - {}
RESULT: {}
RESULT: undefined
COMMAND: POST /session/24b20ddd35874416169bd4d0a72e19cd/execute/async - {"script":"<script> [776 bytes]","args":[{"enterText":"200254","selector":{"id":"application-ruinventorylist-display-component---Master--smartFilterBar-btnBasicSearch","interaction":{"idSuffix":"I"}},"clearTextFirst":true,"interactionType":"ENTER_TEXT"}]}
RESULT: {"script":"<script> [776 bytes]","args":[{"enterText":"200254","selector":{"id":"application-ruinventorylist-display-component---Master--smartFilterBar-btnBasicSearch","interaction":{"idSuffix":"I"}},"clearTextFirst":true,"interactionType":"ENTER_TEXT"}]}
COMMAND: POST /session/24b20ddd35874416169bd4d0a72e19cd/actions - {"actions":[{"id":"action38","type":"key","parameters":{},"actions":[{"type":"keyDown","value":""},{"type":"pause","duration":10},{"type":"keyUp","value":""}]}]}
RESULT: {"actions":[{"id":"action38","type":"key","parameters":{},"actions":[{"type":"keyDown","value":""},{"type":"pause","duration":10},{"type":"keyUp","value":""}]}]}
COMMAND: GET /session/24b20ddd35874416169bd4d0a72e19cd/screenshot - {}
RESULT: {}
COMMAND: POST /session/24b20ddd35874416169bd4d0a72e19cd/element - {"using":"xpath","value":"//span[@id=\"application-ruinventorylist-display-component---Master--smartTableRuInventoryList-header-inner\"]"}
RESULT: {"using":"xpath","value":"//span[@id=\"application-ruinventorylist-display-component---Master--smartTableRuInventoryList-header-inner\"]"}
COMMAND: POST /session/24b20ddd35874416169bd4d0a72e19cd/elements - {"using":"xpath","value":"//span[@id=\"application-ruinventorylist-display-component---Master--smartTableRuInventoryList-header-inner\"]"}
RESULT: {"using":"xpath","value":"//span[@id=\"application-ruinventorylist-display-component---Master--smartTableRuInventoryList-header-inner\"]"}
COMMAND: POST /session/24b20ddd35874416169bd4d0a72e19cd/execute/sync - {"script":"<script> [56 bytes]","args":[{"element-6066-11e4-a52e-4f735466cecf":"f.0DBE2F60DC08DFEB343D094A9929C683.d.234F1EAF105A350B9B2F908D8142CDE2.e.5506","ELEMENT":"f.0DBE2F60DC08DFEB343D094A9929C683.d.234F1EAF105A350B9B2F908D8142CDE2.e.5506"}]}
RESULT: {"script":"<script> [56 bytes]","args":[{"element-6066-11e4-a52e-4f735466cecf":"f.0DBE2F60DC08DFEB343D094A9929C683.d.234F1EAF105A350B9B2F908D8142CDE2.e.5506","ELEMENT":"f.0DBE2F60DC08DFEB343D094A9929C683.d.234F1EAF105A350B9B2F908D8142CDE2.e.5506"}]}
COMMAND: POST /session/24b20ddd35874416169bd4d0a72e19cd/element - {"using":"xpath","value":"//table[contains(@id, \"application-ruinventorylist-display-component---Master--tableRuInventoryList-listUl\")]/tbody/tr[1]/td[6]/div/span"}
COMMAND: GET /session/24b20ddd35874416169bd4d0a72e19cd/screenshot - {}
RESULT: {"using":"xpath","value":"//table[contains(@id, \"application-ruinventorylist-display-component---Master--tableRuInventoryList-listUl\")]/tbody/tr[1]/td[6]/div/span"}
COMMAND: POST /session/24b20ddd35874416169bd4d0a72e19cd/execute/sync - {"script":"<script> [56 bytes]","args":[{"element-6066-11e4-a52e-4f735466cecf":"f.0DBE2F60DC08DFEB343D094A9929C683.d.234F1EAF105A350B9B2F908D8142CDE2.e.7785","ELEMENT":"f.0DBE2F60DC08DFEB343D094A9929C683.d.234F1EAF105A350B9B2F908D8142CDE2.e.7785"}]}
RESULT: {}
RESULT: {"script":"<script> [56 bytes]","args":[{"element-6066-11e4-a52e-4f735466cecf":"f.0DBE2F60DC08DFEB343D094A9929C683.d.234F1EAF105A350B9B2F908D8142CDE2.e.7785","ELEMENT":"f.0DBE2F60DC08DFEB343D094A9929C683.d.234F1EAF105A350B9B2F908D8142CDE2.e.7785"}]}
COMMAND: POST /session/24b20ddd35874416169bd4d0a72e19cd/element - {"using":"xpath","value":"//div[contains(@id, \"smartFilterBar-btnBasicSearch-reset\")]"}
COMMAND: GET /session/24b20ddd35874416169bd4d0a72e19cd/screenshot - {}
RESULT: {"using":"xpath","value":"//div[contains(@id, \"smartFilterBar-btnBasicSearch-reset\")]"}
COMMAND: POST /session/24b20ddd35874416169bd4d0a72e19cd/element/f.0DBE2F60DC08DFEB343D094A9929C683.d.234F1EAF105A350B9B2F908D8142CDE2.e.5523/click - {}
RESULT: {}
RESULT: {}
COMMAND: GET /session/24b20ddd35874416169bd4d0a72e19cd/screenshot - {}
RESULT: {}
COMMAND: POST /session/24b20ddd35874416169bd4d0a72e19cd/element - {"using":"css selector","value":"#shell-header-logo"}
RESULT: {"using":"css selector","value":"#shell-header-logo"}
COMMAND: POST /session/24b20ddd35874416169bd4d0a72e19cd/element/f.0DBE2F60DC08DFEB343D094A9929C683.d.234F1EAF105A350B9B2F908D8142CDE2.e.4897/click - {}
RESULT: {}
COMMAND: GET /session/24b20ddd35874416169bd4d0a72e19cd/screenshot - {}
RESULT: {}
COMMAND: DELETE /session/24b20ddd35874416169bd4d0a72e19cd - {}
RESULT: {}
]]></system-out>
    </testcase>
  </testsuite>
</testsuites>