<?xml version="1.0" encoding="UTF-8"?>
<testsuites tests="15" failures="0" errors="0" skipped="0">
  <testsuite timestamp="2025-05-05T05:36:33" time="771.4" tests="9" failures="0" errors="0" skipped="0">
    <properties>
      <property name="specId" value="0" />
      <property name="suiteName" value="Prerequisites &amp; test for yard mass return on Yard Overview US131057" />
      <property name="capabilities" value="chrome.135_0_7049_96.windows" />
      <property name="file" value="file:///D:/a/1/s/test/specs/HTR/yard-mass-return.spec.js" />
    </properties>
    <testcase classname="chrome.135_0_7049_96.windows.Prerequisites_&amp;_test_for_yard_mass_return_on_Yard_Overview_US131057" name="Prereq Should create a new yard used for all following tests" time="102.933">
      <system-out><![CDATA[
COMMAND: POST /session/484b36992c8f3511b81194a535974a7d/window/fullscreen - {}
RESULT: {}
COMMAND: POST /session/484b36992c8f3511b81194a535974a7d/execute/async - {"script":"<script> [1562 bytes]","args":[{"selector":{"controlType":"sap.m.GenericTile","properties":{"header":"Manage Yards"}},"wdio_ui5_key":"sapm.GenericTile{\"header\":\"Manage Yards\"}"}]}
RESULT: {"script":"<script> [1562 bytes]","args":[{"selector":{"controlType":"sap.m.GenericTile","properties":{"header":"Manage Yards"}},"wdio_ui5_key":"sapm.GenericTile{\"header\":\"Manage Yards\"}"}]}
RESULT: undefined
COMMAND: POST /session/484b36992c8f3511b81194a535974a7d/element - {"using":"xpath","value":"//*[@id=\"__tile41\"]"}
RESULT: {"using":"xpath","value":"//*[@id=\"__tile41\"]"}
COMMAND: POST /session/484b36992c8f3511b81194a535974a7d/element/f.D47E9D670512D824BAC67AC798DD2F0D.d.9338BE39C935B29D8206ECADA3577114.e.161/click - {}
RESULT: {}
COMMAND: POST /session/484b36992c8f3511b81194a535974a7d/element - {"using":"xpath","value":"//button[@data-kt=\"addNewYardOverflowToolbarButton\"]"}
COMMAND: GET /session/484b36992c8f3511b81194a535974a7d/screenshot - {}
RESULT: {"using":"xpath","value":"//button[@data-kt=\"addNewYardOverflowToolbarButton\"]"}
COMMAND: POST /session/484b36992c8f3511b81194a535974a7d/elements - {"using":"xpath","value":"//button[@data-kt=\"addNewYardOverflowToolbarButton\"]"}
RESULT: {}
RESULT: {"using":"xpath","value":"//button[@data-kt=\"addNewYardOverflowToolbarButton\"]"}
COMMAND: POST /session/484b36992c8f3511b81194a535974a7d/elements - {"using":"xpath","value":"//button[@data-kt=\"addNewYardOverflowToolbarButton\"]"}
RESULT: {"using":"xpath","value":"//button[@data-kt=\"addNewYardOverflowToolbarButton\"]"}
COMMAND: POST /session/484b36992c8f3511b81194a535974a7d/elements - {"using":"xpath","value":"//button[@data-kt=\"addNewYardOverflowToolbarButton\"]"}
RESULT: {"using":"xpath","value":"//button[@data-kt=\"addNewYardOverflowToolbarButton\"]"}
COMMAND: POST /session/484b36992c8f3511b81194a535974a7d/elements - {"using":"xpath","value":"//button[@data-kt=\"addNewYardOverflowToolbarButton\"]"}
RESULT: {"using":"xpath","value":"//button[@data-kt=\"addNewYardOverflowToolbarButton\"]"}
COMMAND: POST /session/484b36992c8f3511b81194a535974a7d/elements - {"using":"xpath","value":"//button[@data-kt=\"addNewYardOverflowToolbarButton\"]"}
RESULT: {"using":"xpath","value":"//button[@data-kt=\"addNewYardOverflowToolbarButton\"]"}
COMMAND: POST /session/484b36992c8f3511b81194a535974a7d/elements - {"using":"xpath","value":"//button[@data-kt=\"addNewYardOverflowToolbarButton\"]"}
RESULT: {"using":"xpath","value":"//button[@data-kt=\"addNewYardOverflowToolbarButton\"]"}
COMMAND: POST /session/484b36992c8f3511b81194a535974a7d/elements - {"using":"xpath","value":"//button[@data-kt=\"addNewYardOverflowToolbarButton\"]"}
RESULT: {"using":"xpath","value":"//button[@data-kt=\"addNewYardOverflowToolbarButton\"]"}
COMMAND: POST /session/484b36992c8f3511b81194a535974a7d/elements - {"using":"xpath","value":"//button[@data-kt=\"addNewYardOverflowToolbarButton\"]"}
RESULT: {"using":"xpath","value":"//button[@data-kt=\"addNewYardOverflowToolbarButton\"]"}
COMMAND: POST /session/484b36992c8f3511b81194a535974a7d/elements - {"using":"xpath","value":"//button[@data-kt=\"addNewYardOverflowToolbarButton\"]"}
RESULT: {"using":"xpath","value":"//button[@data-kt=\"addNewYardOverflowToolbarButton\"]"}
COMMAND: POST /session/484b36992c8f3511b81194a535974a7d/elements - {"using":"xpath","value":"//button[@data-kt=\"addNewYardOverflowToolbarButton\"]"}
RESULT: {"using":"xpath","value":"//button[@data-kt=\"addNewYardOverflowToolbarButton\"]"}
COMMAND: POST /session/484b36992c8f3511b81194a535974a7d/elements - {"using":"xpath","value":"//button[@data-kt=\"addNewYardOverflowToolbarButton\"]"}
RESULT: {"using":"xpath","value":"//button[@data-kt=\"addNewYardOverflowToolbarButton\"]"}
COMMAND: POST /session/484b36992c8f3511b81194a535974a7d/elements - {"using":"xpath","value":"//button[@data-kt=\"addNewYardOverflowToolbarButton\"]"}
RESULT: {"using":"xpath","value":"//button[@data-kt=\"addNewYardOverflowToolbarButton\"]"}
COMMAND: POST /session/484b36992c8f3511b81194a535974a7d/elements - {"using":"xpath","value":"//button[@data-kt=\"addNewYardOverflowToolbarButton\"]"}
RESULT: {"using":"xpath","value":"//button[@data-kt=\"addNewYardOverflowToolbarButton\"]"}
COMMAND: POST /session/484b36992c8f3511b81194a535974a7d/elements - {"using":"xpath","value":"//button[@data-kt=\"addNewYardOverflowToolbarButton\"]"}
RESULT: {"using":"xpath","value":"//button[@data-kt=\"addNewYardOverflowToolbarButton\"]"}
COMMAND: POST /session/484b36992c8f3511b81194a535974a7d/elements - {"using":"xpath","value":"//button[@data-kt=\"addNewYardOverflowToolbarButton\"]"}
RESULT: {"using":"xpath","value":"//button[@data-kt=\"addNewYardOverflowToolbarButton\"]"}
COMMAND: POST /session/484b36992c8f3511b81194a535974a7d/elements - {"using":"xpath","value":"//button[@data-kt=\"addNewYardOverflowToolbarButton\"]"}
RESULT: {"using":"xpath","value":"//button[@data-kt=\"addNewYardOverflowToolbarButton\"]"}
COMMAND: POST /session/484b36992c8f3511b81194a535974a7d/elements - {"using":"xpath","value":"//button[@data-kt=\"addNewYardOverflowToolbarButton\"]"}
RESULT: {"using":"xpath","value":"//button[@data-kt=\"addNewYardOverflowToolbarButton\"]"}
COMMAND: POST /session/484b36992c8f3511b81194a535974a7d/elements - {"using":"xpath","value":"//button[@data-kt=\"addNewYardOverflowToolbarButton\"]"}
RESULT: {"using":"xpath","value":"//button[@data-kt=\"addNewYardOverflowToolbarButton\"]"}
COMMAND: POST /session/484b36992c8f3511b81194a535974a7d/element - {"using":"xpath","value":"//button[@data-kt=\"addNewYardOverflowToolbarButton\"]"}
RESULT: {"using":"xpath","value":"//button[@data-kt=\"addNewYardOverflowToolbarButton\"]"}
COMMAND: POST /session/484b36992c8f3511b81194a535974a7d/execute/sync - {"script":"<script> [8489 bytes]","args":[{"element-6066-11e4-a52e-4f735466cecf":"f.D47E9D670512D824BAC67AC798DD2F0D.d.9338BE39C935B29D8206ECADA3577114.e.288","ELEMENT":"f.D47E9D670512D824BAC67AC798DD2F0D.d.9338BE39C935B29D8206ECADA3577114.e.288"}]}
RESULT: {"script":"<script> [8489 bytes]","args":[{"element-6066-11e4-a52e-4f735466cecf":"f.D47E9D670512D824BAC67AC798DD2F0D.d.9338BE39C935B29D8206ECADA3577114.e.288","ELEMENT":"f.D47E9D670512D824BAC67AC798DD2F0D.d.9338BE39C935B29D8206ECADA3577114.e.288"}]}
COMMAND: GET /session/484b36992c8f3511b81194a535974a7d/element/f.D47E9D670512D824BAC67AC798DD2F0D.d.9338BE39C935B29D8206ECADA3577114.e.288/enabled - {}
COMMAND: GET /session/484b36992c8f3511b81194a535974a7d/screenshot - {}
RESULT: {}
COMMAND: POST /session/484b36992c8f3511b81194a535974a7d/execute/sync - {"script":"<script> [8489 bytes]","args":[{"element-6066-11e4-a52e-4f735466cecf":"f.D47E9D670512D824BAC67AC798DD2F0D.d.9338BE39C935B29D8206ECADA3577114.e.288","ELEMENT":"f.D47E9D670512D824BAC67AC798DD2F0D.d.9338BE39C935B29D8206ECADA3577114.e.288"}]}
COMMAND: GET /session/484b36992c8f3511b81194a535974a7d/screenshot - {}
RESULT: {}
RESULT: {"script":"<script> [8489 bytes]","args":[{"element-6066-11e4-a52e-4f735466cecf":"f.D47E9D670512D824BAC67AC798DD2F0D.d.9338BE39C935B29D8206ECADA3577114.e.288","ELEMENT":"f.D47E9D670512D824BAC67AC798DD2F0D.d.9338BE39C935B29D8206ECADA3577114.e.288"}]}
COMMAND: POST /session/484b36992c8f3511b81194a535974a7d/execute/sync - {"script":"<script> [5351 bytes]","args":[{"element-6066-11e4-a52e-4f735466cecf":"f.D47E9D670512D824BAC67AC798DD2F0D.d.9338BE39C935B29D8206ECADA3577114.e.288","ELEMENT":"f.D47E9D670512D824BAC67AC798DD2F0D.d.9338BE39C935B29D8206ECADA3577114.e.288"}]}
COMMAND: GET /session/484b36992c8f3511b81194a535974a7d/screenshot - {}
RESULT: {}
RESULT: {"script":"<script> [5351 bytes]","args":[{"element-6066-11e4-a52e-4f735466cecf":"f.D47E9D670512D824BAC67AC798DD2F0D.d.9338BE39C935B29D8206ECADA3577114.e.288","ELEMENT":"f.D47E9D670512D824BAC67AC798DD2F0D.d.9338BE39C935B29D8206ECADA3577114.e.288"}]}
COMMAND: POST /session/484b36992c8f3511b81194a535974a7d/element/f.D47E9D670512D824BAC67AC798DD2F0D.d.9338BE39C935B29D8206ECADA3577114.e.288/click - {}
COMMAND: GET /session/484b36992c8f3511b81194a535974a7d/screenshot - {}
RESULT: {}
RESULT: {}
COMMAND: GET /session/484b36992c8f3511b81194a535974a7d/screenshot - {}
RESULT: {}
COMMAND: POST /session/484b36992c8f3511b81194a535974a7d/element - {"using":"xpath","value":"//input[@id=\"application-manageyards-display-component---NewYard--yardId-inner\"]"}
RESULT: {}
RESULT: {"using":"xpath","value":"//input[@id=\"application-manageyards-display-component---NewYard--yardId-inner\"]"}
COMMAND: POST /session/484b36992c8f3511b81194a535974a7d/element - {"using":"xpath","value":"//input[@id=\"application-manageyards-display-component---NewYard--yardId-inner\"]"}
RESULT: {"using":"xpath","value":"//input[@id=\"application-manageyards-display-component---NewYard--yardId-inner\"]"}
COMMAND: POST /session/484b36992c8f3511b81194a535974a7d/execute/async - {"script":"<script> [1562 bytes]","args":[{"selector":{"id":"application-manageyards-display-component---NewYard--addressDetailDetailsName1","interaction":{"idSuffix":"inner"}},"wdio_ui5_key":"applicationmanageyards-display-component---NewYard--addressDetailDetailsName1"}]}
RESULT: {"script":"<script> [1562 bytes]","args":[{"selector":{"id":"application-manageyards-display-component---NewYard--addressDetailDetailsName1","interaction":{"idSuffix":"inner"}},"wdio_ui5_key":"applicationmanageyards-display-component---NewYard--addressDetailDetailsName1"}]}
RESULT: undefined
COMMAND: POST /session/484b36992c8f3511b81194a535974a7d/execute/async - {"script":"<script> [776 bytes]","args":[{"enterText":"Other Yard WDIO","selector":{"id":"application-manageyards-display-component---NewYard--addressDetailDetailsName1","interaction":{"idSuffix":"inner"}},"clearTextFirst":true,"interactionType":"ENTER_TEXT"}]}
RESULT: {"script":"<script> [776 bytes]","args":[{"enterText":"Other Yard WDIO","selector":{"id":"application-manageyards-display-component---NewYard--addressDetailDetailsName1","interaction":{"idSuffix":"inner"}},"clearTextFirst":true,"interactionType":"ENTER_TEXT"}]}
COMMAND: POST /session/484b36992c8f3511b81194a535974a7d/execute/async - {"script":"<script> [1562 bytes]","args":[{"selector":{"id":"application-manageyards-display-component---NewYard--addressDetailDetailsLanguage-arrow"},"wdio_ui5_key":"applicationmanageyards-display-component---NewYard--addressDetailDetailsLanguage-arrow"}]}
RESULT: {"script":"<script> [1562 bytes]","args":[{"selector":{"id":"application-manageyards-display-component---NewYard--addressDetailDetailsLanguage-arrow"},"wdio_ui5_key":"applicationmanageyards-display-component---NewYard--addressDetailDetailsLanguage-arrow"}]}
RESULT: undefined
COMMAND: POST /session/484b36992c8f3511b81194a535974a7d/element - {"using":"xpath","value":"//*[@id=\"application-manageyards-display-component---NewYard--addressDetailDetailsLanguage-arrow\"]"}
RESULT: {"using":"xpath","value":"//*[@id=\"application-manageyards-display-component---NewYard--addressDetailDetailsLanguage-arrow\"]"}
COMMAND: POST /session/484b36992c8f3511b81194a535974a7d/element/f.D47E9D670512D824BAC67AC798DD2F0D.d.9338BE39C935B29D8206ECADA3577114.e.719/click - {}
RESULT: {}
COMMAND: POST /session/484b36992c8f3511b81194a535974a7d/element - {"using":"xpath","value":"//span[contains(text(), \"English\")]"}
COMMAND: GET /session/484b36992c8f3511b81194a535974a7d/screenshot - {}
RESULT: {"using":"xpath","value":"//span[contains(text(), \"English\")]"}
COMMAND: POST /session/484b36992c8f3511b81194a535974a7d/element/f.D47E9D670512D824BAC67AC798DD2F0D.d.9338BE39C935B29D8206ECADA3577114.e.720/click - {}
RESULT: {}
RESULT: {}
COMMAND: POST /session/484b36992c8f3511b81194a535974a7d/execute/async - {"script":"<script> [1562 bytes]","args":[{"selector":{"id":"application-manageyards-display-component---NewYard--addressDetailDetailsCity1","interaction":{"idSuffix":"inner"}},"wdio_ui5_key":"applicationmanageyards-display-component---NewYard--addressDetailDetailsCity1"}]}
COMMAND: GET /session/484b36992c8f3511b81194a535974a7d/screenshot - {}
RESULT: {"script":"<script> [1562 bytes]","args":[{"selector":{"id":"application-manageyards-display-component---NewYard--addressDetailDetailsCity1","interaction":{"idSuffix":"inner"}},"wdio_ui5_key":"applicationmanageyards-display-component---NewYard--addressDetailDetailsCity1"}]}
RESULT: undefined
COMMAND: POST /session/484b36992c8f3511b81194a535974a7d/execute/async - {"script":"<script> [776 bytes]","args":[{"enterText":"Rosario","selector":{"id":"application-manageyards-display-component---NewYard--addressDetailDetailsCity1","interaction":{"idSuffix":"inner"}},"clearTextFirst":true,"interactionType":"ENTER_TEXT"}]}
RESULT: {}
RESULT: {"script":"<script> [776 bytes]","args":[{"enterText":"Rosario","selector":{"id":"application-manageyards-display-component---NewYard--addressDetailDetailsCity1","interaction":{"idSuffix":"inner"}},"clearTextFirst":true,"interactionType":"ENTER_TEXT"}]}
COMMAND: POST /session/484b36992c8f3511b81194a535974a7d/execute/async - {"script":"<script> [1562 bytes]","args":[{"selector":{"id":"application-manageyards-display-component---NewYard--addressDetailDetailsCountry-arrow"},"wdio_ui5_key":"applicationmanageyards-display-component---NewYard--addressDetailDetailsCountry-arrow"}]}
RESULT: {"script":"<script> [1562 bytes]","args":[{"selector":{"id":"application-manageyards-display-component---NewYard--addressDetailDetailsCountry-arrow"},"wdio_ui5_key":"applicationmanageyards-display-component---NewYard--addressDetailDetailsCountry-arrow"}]}
RESULT: undefined
COMMAND: POST /session/484b36992c8f3511b81194a535974a7d/element - {"using":"xpath","value":"//*[@id=\"application-manageyards-display-component---NewYard--addressDetailDetailsCountry-arrow\"]"}
RESULT: {"using":"xpath","value":"//*[@id=\"application-manageyards-display-component---NewYard--addressDetailDetailsCountry-arrow\"]"}
COMMAND: POST /session/484b36992c8f3511b81194a535974a7d/element/f.D47E9D670512D824BAC67AC798DD2F0D.d.9338BE39C935B29D8206ECADA3577114.e.722/click - {}
RESULT: {}
COMMAND: POST /session/484b36992c8f3511b81194a535974a7d/element - {"using":"xpath","value":"//span[contains(text(), \"Argentina\")]"}
COMMAND: GET /session/484b36992c8f3511b81194a535974a7d/screenshot - {}
RESULT: {"using":"xpath","value":"//span[contains(text(), \"Argentina\")]"}
COMMAND: POST /session/484b36992c8f3511b81194a535974a7d/element/f.D47E9D670512D824BAC67AC798DD2F0D.d.9338BE39C935B29D8206ECADA3577114.e.724/click - {}
RESULT: {}
RESULT: {}
COMMAND: POST /session/484b36992c8f3511b81194a535974a7d/execute/async - {"script":"<script> [1562 bytes]","args":[{"selector":{"id":"application-manageyards-display-component---NewYard--addressEditDetailsCostObjectCstType-arrow"},"wdio_ui5_key":"applicationmanageyards-display-component---NewYard--addressEditDetailsCostObjectCstType-arrow"}]}
COMMAND: GET /session/484b36992c8f3511b81194a535974a7d/screenshot - {}
RESULT: {"script":"<script> [1562 bytes]","args":[{"selector":{"id":"application-manageyards-display-component---NewYard--addressEditDetailsCostObjectCstType-arrow"},"wdio_ui5_key":"applicationmanageyards-display-component---NewYard--addressEditDetailsCostObjectCstType-arrow"}]}
RESULT: undefined
COMMAND: POST /session/484b36992c8f3511b81194a535974a7d/element - {"using":"xpath","value":"//*[@id=\"application-manageyards-display-component---NewYard--addressEditDetailsCostObjectCstType-arrow\"]"}
RESULT: {}
RESULT: {"using":"xpath","value":"//*[@id=\"application-manageyards-display-component---NewYard--addressEditDetailsCostObjectCstType-arrow\"]"}
COMMAND: POST /session/484b36992c8f3511b81194a535974a7d/element/f.D47E9D670512D824BAC67AC798DD2F0D.d.9338BE39C935B29D8206ECADA3577114.e.725/click - {}
RESULT: {}
COMMAND: POST /session/484b36992c8f3511b81194a535974a7d/element - {"using":"xpath","value":"//span[contains(text(), \"Cost Center\")]"}
COMMAND: GET /session/484b36992c8f3511b81194a535974a7d/screenshot - {}
RESULT: {"using":"xpath","value":"//span[contains(text(), \"Cost Center\")]"}
COMMAND: POST /session/484b36992c8f3511b81194a535974a7d/element/f.D47E9D670512D824BAC67AC798DD2F0D.d.9338BE39C935B29D8206ECADA3577114.e.726/click - {}
RESULT: {}
RESULT: {}
COMMAND: GET /session/484b36992c8f3511b81194a535974a7d/screenshot - {}
RESULT: {}
COMMAND: POST /session/484b36992c8f3511b81194a535974a7d/element - {"using":"xpath","value":"//span[@id=\"application-manageyards-display-component---NewYard--addressNewCostObjectCstID-vhi\"]"}
RESULT: {"using":"xpath","value":"//span[@id=\"application-manageyards-display-component---NewYard--addressNewCostObjectCstID-vhi\"]"}
COMMAND: POST /session/484b36992c8f3511b81194a535974a7d/execute/sync - {"script":"<script> [8489 bytes]","args":[{"element-6066-11e4-a52e-4f735466cecf":"f.D47E9D670512D824BAC67AC798DD2F0D.d.9338BE39C935B29D8206ECADA3577114.e.730","ELEMENT":"f.D47E9D670512D824BAC67AC798DD2F0D.d.9338BE39C935B29D8206ECADA3577114.e.730"}]}
RESULT: {"script":"<script> [8489 bytes]","args":[{"element-6066-11e4-a52e-4f735466cecf":"f.D47E9D670512D824BAC67AC798DD2F0D.d.9338BE39C935B29D8206ECADA3577114.e.730","ELEMENT":"f.D47E9D670512D824BAC67AC798DD2F0D.d.9338BE39C935B29D8206ECADA3577114.e.730"}]}
COMMAND: POST /session/484b36992c8f3511b81194a535974a7d/execute/async - {"script":"<script> [1562 bytes]","args":[{"selector":{"id":"application-manageyards-display-component---NewYard--addressNewCostObjectCstID-vhi"},"wdio_ui5_key":"applicationmanageyards-display-component---NewYard--addressNewCostObjectCstID-vhi"}]}
COMMAND: GET /session/484b36992c8f3511b81194a535974a7d/screenshot - {}
RESULT: {"script":"<script> [1562 bytes]","args":[{"selector":{"id":"application-manageyards-display-component---NewYard--addressNewCostObjectCstID-vhi"},"wdio_ui5_key":"applicationmanageyards-display-component---NewYard--addressNewCostObjectCstID-vhi"}]}
RESULT: undefined
COMMAND: POST /session/484b36992c8f3511b81194a535974a7d/element - {"using":"xpath","value":"//*[@id=\"application-manageyards-display-component---NewYard--addressNewCostObjectCstID-vhi\"]"}
RESULT: {}
RESULT: {"using":"xpath","value":"//*[@id=\"application-manageyards-display-component---NewYard--addressNewCostObjectCstID-vhi\"]"}
COMMAND: POST /session/484b36992c8f3511b81194a535974a7d/element/f.D47E9D670512D824BAC67AC798DD2F0D.d.9338BE39C935B29D8206ECADA3577114.e.730/click - {}
RESULT: {}
COMMAND: GET /session/484b36992c8f3511b81194a535974a7d/screenshot - {}
RESULT: {}
COMMAND: POST /session/484b36992c8f3511b81194a535974a7d/execute/async - {"script":"<script> [1562 bytes]","args":[{"selector":{"controlType":"sap.m.SearchField","properties":{"placeholder":"Search"},"searchOpenDialogs":true,"interaction":{"idSuffix":"I"}},"wdio_ui5_key":"sapm.SearchField{\"placeholder\":\"Search\"}"}]}
RESULT: {"script":"<script> [1562 bytes]","args":[{"selector":{"controlType":"sap.m.SearchField","properties":{"placeholder":"Search"},"searchOpenDialogs":true,"interaction":{"idSuffix":"I"}},"wdio_ui5_key":"sapm.SearchField{\"placeholder\":\"Search\"}"}]}
RESULT: undefined
COMMAND: POST /session/484b36992c8f3511b81194a535974a7d/execute/async - {"script":"<script> [776 bytes]","args":[{"enterText":"10001013","selector":{"controlType":"sap.m.SearchField","properties":{"placeholder":"Search"},"searchOpenDialogs":true,"interaction":{"idSuffix":"I"}},"clearTextFirst":true,"interactionType":"ENTER_TEXT"}]}
RESULT: {"script":"<script> [776 bytes]","args":[{"enterText":"10001013","selector":{"controlType":"sap.m.SearchField","properties":{"placeholder":"Search"},"searchOpenDialogs":true,"interaction":{"idSuffix":"I"}},"clearTextFirst":true,"interactionType":"ENTER_TEXT"}]}
COMMAND: POST /session/484b36992c8f3511b81194a535974a7d/actions - {"actions":[{"id":"action1","type":"key","parameters":{},"actions":[{"type":"keyDown","value":"î€‡"},{"type":"pause","duration":10},{"type":"keyUp","value":"î€‡"}]}]}
RESULT: {"actions":[{"id":"action1","type":"key","parameters":{},"actions":[{"type":"keyDown","value":"î€‡"},{"type":"pause","duration":10},{"type":"keyUp","value":"î€‡"}]}]}
COMMAND: GET /session/484b36992c8f3511b81194a535974a7d/screenshot - {}
RESULT: {}
COMMAND: POST /session/484b36992c8f3511b81194a535974a7d/element - {"using":"xpath","value":"//span[contains(text(), \"General Management\")]"}
RESULT: {"using":"xpath","value":"//span[contains(text(), \"General Management\")]"}
COMMAND: POST /session/484b36992c8f3511b81194a535974a7d/element/f.D47E9D670512D824BAC67AC798DD2F0D.d.9338BE39C935B29D8206ECADA3577114.e.770/click - {}
RESULT: {}
COMMAND: GET /session/484b36992c8f3511b81194a535974a7d/screenshot - {}
RESULT: {}
COMMAND: POST /session/484b36992c8f3511b81194a535974a7d/element - {"using":"xpath","value":"//bdi[contains(text(), \"OK\")]"}
RESULT: {"using":"xpath","value":"//bdi[contains(text(), \"OK\")]"}
COMMAND: POST /session/484b36992c8f3511b81194a535974a7d/element/f.D47E9D670512D824BAC67AC798DD2F0D.d.9338BE39C935B29D8206ECADA3577114.e.771/click - {}
RESULT: {}
COMMAND: GET /session/484b36992c8f3511b81194a535974a7d/screenshot - {}
RESULT: {}
COMMAND: POST /session/484b36992c8f3511b81194a535974a7d/execute/async - {"script":"<script> [1562 bytes]","args":[{"selector":{"id":"application-manageyards-display-component---NewYard--addressEditDetailsCurrency-arrow"},"wdio_ui5_key":"applicationmanageyards-display-component---NewYard--addressEditDetailsCurrency-arrow"}]}
RESULT: {"script":"<script> [1562 bytes]","args":[{"selector":{"id":"application-manageyards-display-component---NewYard--addressEditDetailsCurrency-arrow"},"wdio_ui5_key":"applicationmanageyards-display-component---NewYard--addressEditDetailsCurrency-arrow"}]}
RESULT: undefined
COMMAND: POST /session/484b36992c8f3511b81194a535974a7d/element - {"using":"xpath","value":"//*[@id=\"application-manageyards-display-component---NewYard--addressEditDetailsCurrency-arrow\"]"}
RESULT: {"using":"xpath","value":"//*[@id=\"application-manageyards-display-component---NewYard--addressEditDetailsCurrency-arrow\"]"}
COMMAND: POST /session/484b36992c8f3511b81194a535974a7d/element/f.D47E9D670512D824BAC67AC798DD2F0D.d.9338BE39C935B29D8206ECADA3577114.e.774/click - {}
RESULT: {}
COMMAND: POST /session/484b36992c8f3511b81194a535974a7d/element - {"using":"xpath","value":"//span[contains(text(), \"Euro\")]"}
COMMAND: GET /session/484b36992c8f3511b81194a535974a7d/screenshot - {}
RESULT: {"using":"xpath","value":"//span[contains(text(), \"Euro\")]"}
COMMAND: POST /session/484b36992c8f3511b81194a535974a7d/element/f.D47E9D670512D824BAC67AC798DD2F0D.d.9338BE39C935B29D8206ECADA3577114.e.775/click - {}
RESULT: {}
RESULT: {}
COMMAND: POST /session/484b36992c8f3511b81194a535974a7d/execute/async - {"script":"<script> [1562 bytes]","args":[{"selector":{"controlType":"sap.m.Input","viewName":"etm.portal.ui.manageyards.view.New","viewId":"application-manageyards-display-component---NewYard","bindingPath":{"path":"","propertyPath":"/CONTROLLING_AREA","modelName":"NewYardModel"},"interaction":{"idSuffix":"inner"}},"wdio_ui5_key":"etmportal.ui.manageyards.view.Newsap.m.Input{\"path\":\"\",\"propertyPath\":\"/CONTROLLING_AREA\",\"modelName\":\"NewYardModel\"}"}]}
COMMAND: GET /session/484b36992c8f3511b81194a535974a7d/screenshot - {}
RESULT: {"script":"<script> [1562 bytes]","args":[{"selector":{"controlType":"sap.m.Input","viewName":"etm.portal.ui.manageyards.view.New","viewId":"application-manageyards-display-component---NewYard","bindingPath":{"path":"","propertyPath":"/CONTROLLING_AREA","modelName":"NewYardModel"},"interaction":{"idSuffix":"inner"}},"wdio_ui5_key":"etmportal.ui.manageyards.view.Newsap.m.Input{\"path\":\"\",\"propertyPath\":\"/CONTROLLING_AREA\",\"modelName\":\"NewYardModel\"}"}]}
RESULT: undefined
COMMAND: POST /session/484b36992c8f3511b81194a535974a7d/execute/async - {"script":"<script> [776 bytes]","args":[{"enterText":"Z001","selector":{"controlType":"sap.m.Input","viewName":"etm.portal.ui.manageyards.view.New","viewId":"application-manageyards-display-component---NewYard","bindingPath":{"path":"","propertyPath":"/CONTROLLING_AREA","modelName":"NewYardModel"},"interaction":{"idSuffix":"inner"}},"clearTextFirst":true,"interactionType":"ENTER_TEXT"}]}
RESULT: {}
RESULT: {"script":"<script> [776 bytes]","args":[{"enterText":"Z001","selector":{"controlType":"sap.m.Input","viewName":"etm.portal.ui.manageyards.view.New","viewId":"application-manageyards-display-component---NewYard","bindingPath":{"path":"","propertyPath":"/CONTROLLING_AREA","modelName":"NewYardModel"},"interaction":{"idSuffix":"inner"}},"clearTextFirst":true,"interactionType":"ENTER_TEXT"}]}
COMMAND: POST /session/484b36992c8f3511b81194a535974a7d/execute/async - {"script":"<script> [1562 bytes]","args":[{"selector":{"id":"application-manageyards-display-component---NewYard--companyCodeComboBox","interaction":{"idSuffix":"inner"}},"wdio_ui5_key":"applicationmanageyards-display-component---NewYard--companyCodeComboBox"}]}
RESULT: {"script":"<script> [1562 bytes]","args":[{"selector":{"id":"application-manageyards-display-component---NewYard--companyCodeComboBox","interaction":{"idSuffix":"inner"}},"wdio_ui5_key":"applicationmanageyards-display-component---NewYard--companyCodeComboBox"}]}
RESULT: undefined
COMMAND: POST /session/484b36992c8f3511b81194a535974a7d/execute/async - {"script":"<script> [776 bytes]","args":[{"enterText":"1000","selector":{"id":"application-manageyards-display-component---NewYard--companyCodeComboBox","interaction":{"idSuffix":"inner"}},"clearTextFirst":true,"interactionType":"ENTER_TEXT"}]}
RESULT: {"script":"<script> [776 bytes]","args":[{"enterText":"1000","selector":{"id":"application-manageyards-display-component---NewYard--companyCodeComboBox","interaction":{"idSuffix":"inner"}},"clearTextFirst":true,"interactionType":"ENTER_TEXT"}]}
COMMAND: POST /session/484b36992c8f3511b81194a535974a7d/execute/async - {"script":"<script> [1562 bytes]","args":[{"selector":{"controlType":"sap.m.Input","viewName":"etm.portal.ui.manageyards.view.New","viewId":"application-manageyards-display-component---NewYard","bindingPath":{"path":"","propertyPath":"/PLANT","modelName":"NewYardModel"},"interaction":{"idSuffix":"inner"}},"wdio_ui5_key":"etmportal.ui.manageyards.view.Newsap.m.Input{\"path\":\"\",\"propertyPath\":\"/PLANT\",\"modelName\":\"NewYardModel\"}"}]}
RESULT: {"script":"<script> [1562 bytes]","args":[{"selector":{"controlType":"sap.m.Input","viewName":"etm.portal.ui.manageyards.view.New","viewId":"application-manageyards-display-component---NewYard","bindingPath":{"path":"","propertyPath":"/PLANT","modelName":"NewYardModel"},"interaction":{"idSuffix":"inner"}},"wdio_ui5_key":"etmportal.ui.manageyards.view.Newsap.m.Input{\"path\":\"\",\"propertyPath\":\"/PLANT\",\"modelName\":\"NewYardModel\"}"}]}
RESULT: undefined
COMMAND: POST /session/484b36992c8f3511b81194a535974a7d/execute/async - {"script":"<script> [776 bytes]","args":[{"enterText":"1001","selector":{"controlType":"sap.m.Input","viewName":"etm.portal.ui.manageyards.view.New","viewId":"application-manageyards-display-component---NewYard","bindingPath":{"path":"","propertyPath":"/PLANT","modelName":"NewYardModel"},"interaction":{"idSuffix":"inner"}},"clearTextFirst":true,"interactionType":"ENTER_TEXT"}]}
RESULT: {"script":"<script> [776 bytes]","args":[{"enterText":"1001","selector":{"controlType":"sap.m.Input","viewName":"etm.portal.ui.manageyards.view.New","viewId":"application-manageyards-display-component---NewYard","bindingPath":{"path":"","propertyPath":"/PLANT","modelName":"NewYardModel"},"interaction":{"idSuffix":"inner"}},"clearTextFirst":true,"interactionType":"ENTER_TEXT"}]}
COMMAND: POST /session/484b36992c8f3511b81194a535974a7d/execute/async - {"script":"<script> [1562 bytes]","args":[{"selector":{"controlType":"sap.m.Input","viewName":"etm.portal.ui.manageyards.view.New","viewId":"application-manageyards-display-component---NewYard","bindingPath":{"path":"","propertyPath":"/SALES_AREA_VKORG","modelName":"NewYardModel"},"interaction":{"idSuffix":"inner"}},"wdio_ui5_key":"etmportal.ui.manageyards.view.Newsap.m.Input{\"path\":\"\",\"propertyPath\":\"/SALES_AREA_VKORG\",\"modelName\":\"NewYardModel\"}"}]}
RESULT: {"script":"<script> [1562 bytes]","args":[{"selector":{"controlType":"sap.m.Input","viewName":"etm.portal.ui.manageyards.view.New","viewId":"application-manageyards-display-component---NewYard","bindingPath":{"path":"","propertyPath":"/SALES_AREA_VKORG","modelName":"NewYardModel"},"interaction":{"idSuffix":"inner"}},"wdio_ui5_key":"etmportal.ui.manageyards.view.Newsap.m.Input{\"path\":\"\",\"propertyPath\":\"/SALES_AREA_VKORG\",\"modelName\":\"NewYardModel\"}"}]}
RESULT: undefined
COMMAND: POST /session/484b36992c8f3511b81194a535974a7d/execute/async - {"script":"<script> [776 bytes]","args":[{"enterText":"C002","selector":{"controlType":"sap.m.Input","viewName":"etm.portal.ui.manageyards.view.New","viewId":"application-manageyards-display-component---NewYard","bindingPath":{"path":"","propertyPath":"/SALES_AREA_VKORG","modelName":"NewYardModel"},"interaction":{"idSuffix":"inner"}},"clearTextFirst":true,"interactionType":"ENTER_TEXT"}]}
RESULT: {"script":"<script> [776 bytes]","args":[{"enterText":"C002","selector":{"controlType":"sap.m.Input","viewName":"etm.portal.ui.manageyards.view.New","viewId":"application-manageyards-display-component---NewYard","bindingPath":{"path":"","propertyPath":"/SALES_AREA_VKORG","modelName":"NewYardModel"},"interaction":{"idSuffix":"inner"}},"clearTextFirst":true,"interactionType":"ENTER_TEXT"}]}
COMMAND: POST /session/484b36992c8f3511b81194a535974a7d/execute/async - {"script":"<script> [1562 bytes]","args":[{"selector":{"controlType":"sap.m.Input","viewName":"etm.portal.ui.manageyards.view.New","viewId":"application-manageyards-display-component---NewYard","bindingPath":{"path":"","propertyPath":"/SALES_AREA_VTWEG","modelName":"NewYardModel"},"interaction":{"idSuffix":"inner"}},"wdio_ui5_key":"etmportal.ui.manageyards.view.Newsap.m.Input{\"path\":\"\",\"propertyPath\":\"/SALES_AREA_VTWEG\",\"modelName\":\"NewYardModel\"}"}]}
RESULT: {"script":"<script> [1562 bytes]","args":[{"selector":{"controlType":"sap.m.Input","viewName":"etm.portal.ui.manageyards.view.New","viewId":"application-manageyards-display-component---NewYard","bindingPath":{"path":"","propertyPath":"/SALES_AREA_VTWEG","modelName":"NewYardModel"},"interaction":{"idSuffix":"inner"}},"wdio_ui5_key":"etmportal.ui.manageyards.view.Newsap.m.Input{\"path\":\"\",\"propertyPath\":\"/SALES_AREA_VTWEG\",\"modelName\":\"NewYardModel\"}"}]}
RESULT: undefined
COMMAND: POST /session/484b36992c8f3511b81194a535974a7d/execute/async - {"script":"<script> [776 bytes]","args":[{"enterText":"C2","selector":{"controlType":"sap.m.Input","viewName":"etm.portal.ui.manageyards.view.New","viewId":"application-manageyards-display-component---NewYard","bindingPath":{"path":"","propertyPath":"/SALES_AREA_VTWEG","modelName":"NewYardModel"},"interaction":{"idSuffix":"inner"}},"clearTextFirst":true,"interactionType":"ENTER_TEXT"}]}
RESULT: {"script":"<script> [776 bytes]","args":[{"enterText":"C2","selector":{"controlType":"sap.m.Input","viewName":"etm.portal.ui.manageyards.view.New","viewId":"application-manageyards-display-component---NewYard","bindingPath":{"path":"","propertyPath":"/SALES_AREA_VTWEG","modelName":"NewYardModel"},"interaction":{"idSuffix":"inner"}},"clearTextFirst":true,"interactionType":"ENTER_TEXT"}]}
COMMAND: POST /session/484b36992c8f3511b81194a535974a7d/execute/async - {"script":"<script> [1562 bytes]","args":[{"selector":{"controlType":"sap.m.Input","viewName":"etm.portal.ui.manageyards.view.New","viewId":"application-manageyards-display-component---NewYard","bindingPath":{"path":"","propertyPath":"/SALES_AREA_SPART","modelName":"NewYardModel"},"interaction":{"idSuffix":"inner"}},"wdio_ui5_key":"etmportal.ui.manageyards.view.Newsap.m.Input{\"path\":\"\",\"propertyPath\":\"/SALES_AREA_SPART\",\"modelName\":\"NewYardModel\"}"}]}
RESULT: {"script":"<script> [1562 bytes]","args":[{"selector":{"controlType":"sap.m.Input","viewName":"etm.portal.ui.manageyards.view.New","viewId":"application-manageyards-display-component---NewYard","bindingPath":{"path":"","propertyPath":"/SALES_AREA_SPART","modelName":"NewYardModel"},"interaction":{"idSuffix":"inner"}},"wdio_ui5_key":"etmportal.ui.manageyards.view.Newsap.m.Input{\"path\":\"\",\"propertyPath\":\"/SALES_AREA_SPART\",\"modelName\":\"NewYardModel\"}"}]}
RESULT: undefined
COMMAND: POST /session/484b36992c8f3511b81194a535974a7d/execute/async - {"script":"<script> [776 bytes]","args":[{"enterText":"C2","selector":{"controlType":"sap.m.Input","viewName":"etm.portal.ui.manageyards.view.New","viewId":"application-manageyards-display-component---NewYard","bindingPath":{"path":"","propertyPath":"/SALES_AREA_SPART","modelName":"NewYardModel"},"interaction":{"idSuffix":"inner"}},"clearTextFirst":true,"interactionType":"ENTER_TEXT"}]}
RESULT: {"script":"<script> [776 bytes]","args":[{"enterText":"C2","selector":{"controlType":"sap.m.Input","viewName":"etm.portal.ui.manageyards.view.New","viewId":"application-manageyards-display-component---NewYard","bindingPath":{"path":"","propertyPath":"/SALES_AREA_SPART","modelName":"NewYardModel"},"interaction":{"idSuffix":"inner"}},"clearTextFirst":true,"interactionType":"ENTER_TEXT"}]}
COMMAND: POST /session/484b36992c8f3511b81194a535974a7d/execute/async - {"script":"<script> [1562 bytes]","args":[{"selector":{"controlType":"sap.m.Input","viewName":"etm.portal.ui.manageyards.view.New","viewId":"application-manageyards-display-component---NewYard","bindingPath":{"path":"","propertyPath":"/SHIP_POINT","modelName":"NewYardModel"},"interaction":{"idSuffix":"inner"}},"wdio_ui5_key":"etmportal.ui.manageyards.view.Newsap.m.Input{\"path\":\"\",\"propertyPath\":\"/SHIP_POINT\",\"modelName\":\"NewYardModel\"}"}]}
RESULT: {"script":"<script> [1562 bytes]","args":[{"selector":{"controlType":"sap.m.Input","viewName":"etm.portal.ui.manageyards.view.New","viewId":"application-manageyards-display-component---NewYard","bindingPath":{"path":"","propertyPath":"/SHIP_POINT","modelName":"NewYardModel"},"interaction":{"idSuffix":"inner"}},"wdio_ui5_key":"etmportal.ui.manageyards.view.Newsap.m.Input{\"path\":\"\",\"propertyPath\":\"/SHIP_POINT\",\"modelName\":\"NewYardModel\"}"}]}
RESULT: undefined
COMMAND: POST /session/484b36992c8f3511b81194a535974a7d/execute/async - {"script":"<script> [776 bytes]","args":[{"enterText":"1710","selector":{"controlType":"sap.m.Input","viewName":"etm.portal.ui.manageyards.view.New","viewId":"application-manageyards-display-component---NewYard","bindingPath":{"path":"","propertyPath":"/SHIP_POINT","modelName":"NewYardModel"},"interaction":{"idSuffix":"inner"}},"clearTextFirst":true,"interactionType":"ENTER_TEXT"}]}
RESULT: {"script":"<script> [776 bytes]","args":[{"enterText":"1710","selector":{"controlType":"sap.m.Input","viewName":"etm.portal.ui.manageyards.view.New","viewId":"application-manageyards-display-component---NewYard","bindingPath":{"path":"","propertyPath":"/SHIP_POINT","modelName":"NewYardModel"},"interaction":{"idSuffix":"inner"}},"clearTextFirst":true,"interactionType":"ENTER_TEXT"}]}
COMMAND: POST /session/484b36992c8f3511b81194a535974a7d/execute/async - {"script":"<script> [1562 bytes]","args":[{"selector":{"controlType":"sap.m.Input","viewName":"etm.portal.ui.manageyards.view.New","viewId":"application-manageyards-display-component---NewYard","bindingPath":{"path":"","propertyPath":"/DELIVERY_TYPE","modelName":"NewYardModel"},"interaction":{"idSuffix":"inner"}},"wdio_ui5_key":"etmportal.ui.manageyards.view.Newsap.m.Input{\"path\":\"\",\"propertyPath\":\"/DELIVERY_TYPE\",\"modelName\":\"NewYardModel\"}"}]}
RESULT: {"script":"<script> [1562 bytes]","args":[{"selector":{"controlType":"sap.m.Input","viewName":"etm.portal.ui.manageyards.view.New","viewId":"application-manageyards-display-component---NewYard","bindingPath":{"path":"","propertyPath":"/DELIVERY_TYPE","modelName":"NewYardModel"},"interaction":{"idSuffix":"inner"}},"wdio_ui5_key":"etmportal.ui.manageyards.view.Newsap.m.Input{\"path\":\"\",\"propertyPath\":\"/DELIVERY_TYPE\",\"modelName\":\"NewYardModel\"}"}]}
RESULT: undefined
COMMAND: POST /session/484b36992c8f3511b81194a535974a7d/execute/async - {"script":"<script> [776 bytes]","args":[{"enterText":"ZL01","selector":{"controlType":"sap.m.Input","viewName":"etm.portal.ui.manageyards.view.New","viewId":"application-manageyards-display-component---NewYard","bindingPath":{"path":"","propertyPath":"/DELIVERY_TYPE","modelName":"NewYardModel"},"interaction":{"idSuffix":"inner"}},"clearTextFirst":true,"interactionType":"ENTER_TEXT"}]}
RESULT: {"script":"<script> [776 bytes]","args":[{"enterText":"ZL01","selector":{"controlType":"sap.m.Input","viewName":"etm.portal.ui.manageyards.view.New","viewId":"application-manageyards-display-component---NewYard","bindingPath":{"path":"","propertyPath":"/DELIVERY_TYPE","modelName":"NewYardModel"},"interaction":{"idSuffix":"inner"}},"clearTextFirst":true,"interactionType":"ENTER_TEXT"}]}
COMMAND: POST /session/484b36992c8f3511b81194a535974a7d/execute/async - {"script":"<script> [1562 bytes]","args":[{"selector":{"controlType":"sap.m.Input","viewName":"etm.portal.ui.manageyards.view.New","viewId":"application-manageyards-display-component---NewYard","bindingPath":{"path":"","propertyPath":"/AUART","modelName":"NewYardModel"},"interaction":{"idSuffix":"inner"}},"wdio_ui5_key":"etmportal.ui.manageyards.view.Newsap.m.Input{\"path\":\"\",\"propertyPath\":\"/AUART\",\"modelName\":\"NewYardModel\"}"}]}
RESULT: {"script":"<script> [1562 bytes]","args":[{"selector":{"controlType":"sap.m.Input","viewName":"etm.portal.ui.manageyards.view.New","viewId":"application-manageyards-display-component---NewYard","bindingPath":{"path":"","propertyPath":"/AUART","modelName":"NewYardModel"},"interaction":{"idSuffix":"inner"}},"wdio_ui5_key":"etmportal.ui.manageyards.view.Newsap.m.Input{\"path\":\"\",\"propertyPath\":\"/AUART\",\"modelName\":\"NewYardModel\"}"}]}
RESULT: undefined
COMMAND: POST /session/484b36992c8f3511b81194a535974a7d/execute/async - {"script":"<script> [776 bytes]","args":[{"enterText":"TA","selector":{"controlType":"sap.m.Input","viewName":"etm.portal.ui.manageyards.view.New","viewId":"application-manageyards-display-component---NewYard","bindingPath":{"path":"","propertyPath":"/AUART","modelName":"NewYardModel"},"interaction":{"idSuffix":"inner"}},"clearTextFirst":true,"interactionType":"ENTER_TEXT"}]}
RESULT: {"script":"<script> [776 bytes]","args":[{"enterText":"TA","selector":{"controlType":"sap.m.Input","viewName":"etm.portal.ui.manageyards.view.New","viewId":"application-manageyards-display-component---NewYard","bindingPath":{"path":"","propertyPath":"/AUART","modelName":"NewYardModel"},"interaction":{"idSuffix":"inner"}},"clearTextFirst":true,"interactionType":"ENTER_TEXT"}]}
COMMAND: POST /session/484b36992c8f3511b81194a535974a7d/element - {"using":"xpath","value":"//button[@data-kt=\"newYardSaveButton\"]"}
RESULT: {"using":"xpath","value":"//button[@data-kt=\"newYardSaveButton\"]"}
COMMAND: POST /session/484b36992c8f3511b81194a535974a7d/element/f.D47E9D670512D824BAC67AC798DD2F0D.d.9338BE39C935B29D8206ECADA3577114.e.704/click - {}
RESULT: {}
COMMAND: GET /session/484b36992c8f3511b81194a535974a7d/screenshot - {}
RESULT: {}
COMMAND: POST /session/484b36992c8f3511b81194a535974a7d/element - {"using":"xpath","value":"//header[contains(@id, 'ObjectPageLayout-headerTitle')]/div[1]/div[2]/div[1]/span[1]"}
RESULT: {"using":"xpath","value":"//header[contains(@id, 'ObjectPageLayout-headerTitle')]/div[1]/div[2]/div[1]/span[1]"}
COMMAND: POST /session/484b36992c8f3511b81194a535974a7d/elements - {"using":"xpath","value":"//header[contains(@id, 'ObjectPageLayout-headerTitle')]/div[1]/div[2]/div[1]/span[1]"}
RESULT: {"using":"xpath","value":"//header[contains(@id, 'ObjectPageLayout-headerTitle')]/div[1]/div[2]/div[1]/span[1]"}
COMMAND: POST /session/484b36992c8f3511b81194a535974a7d/execute/sync - {"script":"<script> [56 bytes]","args":[{"element-6066-11e4-a52e-4f735466cecf":"f.D47E9D670512D824BAC67AC798DD2F0D.d.9338BE39C935B29D8206ECADA3577114.e.997","ELEMENT":"f.D47E9D670512D824BAC67AC798DD2F0D.d.9338BE39C935B29D8206ECADA3577114.e.997"}]}
RESULT: {"script":"<script> [56 bytes]","args":[{"element-6066-11e4-a52e-4f735466cecf":"f.D47E9D670512D824BAC67AC798DD2F0D.d.9338BE39C935B29D8206ECADA3577114.e.997","ELEMENT":"f.D47E9D670512D824BAC67AC798DD2F0D.d.9338BE39C935B29D8206ECADA3577114.e.997"}]}
COMMAND: GET /session/484b36992c8f3511b81194a535974a7d/screenshot - {}
RESULT: {}
COMMAND: POST /session/484b36992c8f3511b81194a535974a7d/execute/sync - {"script":"<script> [56 bytes]","args":[{"element-6066-11e4-a52e-4f735466cecf":"f.D47E9D670512D824BAC67AC798DD2F0D.d.9338BE39C935B29D8206ECADA3577114.e.997","ELEMENT":"f.D47E9D670512D824BAC67AC798DD2F0D.d.9338BE39C935B29D8206ECADA3577114.e.997"}]}
RESULT: {"script":"<script> [56 bytes]","args":[{"element-6066-11e4-a52e-4f735466cecf":"f.D47E9D670512D824BAC67AC798DD2F0D.d.9338BE39C935B29D8206ECADA3577114.e.997","ELEMENT":"f.D47E9D670512D824BAC67AC798DD2F0D.d.9338BE39C935B29D8206ECADA3577114.e.997"}]}
COMMAND: GET /session/484b36992c8f3511b81194a535974a7d/screenshot - {}
COMMAND: POST /session/484b36992c8f3511b81194a535974a7d/execute/sync - {"script":"<script> [56 bytes]","args":[{"element-6066-11e4-a52e-4f735466cecf":"f.D47E9D670512D824BAC67AC798DD2F0D.d.9338BE39C935B29D8206ECADA3577114.e.997","ELEMENT":"f.D47E9D670512D824BAC67AC798DD2F0D.d.9338BE39C935B29D8206ECADA3577114.e.997"}]}
RESULT: {}
RESULT: {"script":"<script> [56 bytes]","args":[{"element-6066-11e4-a52e-4f735466cecf":"f.D47E9D670512D824BAC67AC798DD2F0D.d.9338BE39C935B29D8206ECADA3577114.e.997","ELEMENT":"f.D47E9D670512D824BAC67AC798DD2F0D.d.9338BE39C935B29D8206ECADA3577114.e.997"}]}
COMMAND: GET /session/484b36992c8f3511b81194a535974a7d/screenshot - {}
RESULT: {}
COMMAND: POST /session/484b36992c8f3511b81194a535974a7d/element - {"using":"css selector","value":"#shell-header-logo"}
RESULT: {"using":"css selector","value":"#shell-header-logo"}
COMMAND: POST /session/484b36992c8f3511b81194a535974a7d/element/f.D47E9D670512D824BAC67AC798DD2F0D.d.9338BE39C935B29D8206ECADA3577114.e.257/click - {}
RESULT: {}
COMMAND: GET /session/484b36992c8f3511b81194a535974a7d/screenshot - {}
RESULT: {}
COMMAND: POST /session/484b36992c8f3511b81194a535974a7d/execute/sync - {"script":"<script> [299 bytes]","args":[["getModel","getResource"]]}
RESULT: {"script":"<script> [299 bytes]","args":[["getModel","getResource"]]}
]]></system-out>
    </testcase>
    <testcase classname="chrome.135_0_7049_96.windows.Prerequisites_&amp;_test_for_yard_mass_return_on_Yard_Overview_US131057" name="Prereq Should create a new partner" time="120.443">
      <system-out><![CDATA[
COMMAND: GET /session/484b36992c8f3511b81194a535974a7d/screenshot - {}
COMMAND: POST /session/484b36992c8f3511b81194a535974a7d/window/fullscreen - {}
RESULT: {}
RESULT: {}
COMMAND: POST /session/484b36992c8f3511b81194a535974a7d/execute/async - {"script":"<script> [1562 bytes]","args":[{"selector":{"controlType":"sap.m.GenericTile","properties":{"header":"Manage Partners"}},"wdio_ui5_key":"sapm.GenericTile{\"header\":\"Manage Partners\"}"}]}
RESULT: {"script":"<script> [1562 bytes]","args":[{"selector":{"controlType":"sap.m.GenericTile","properties":{"header":"Manage Partners"}},"wdio_ui5_key":"sapm.GenericTile{\"header\":\"Manage Partners\"}"}]}
RESULT: undefined
COMMAND: POST /session/484b36992c8f3511b81194a535974a7d/element - {"using":"xpath","value":"//*[@id=\"__tile38\"]"}
RESULT: {"using":"xpath","value":"//*[@id=\"__tile38\"]"}
COMMAND: POST /session/484b36992c8f3511b81194a535974a7d/element/f.D47E9D670512D824BAC67AC798DD2F0D.d.9338BE39C935B29D8206ECADA3577114.e.152/click - {}
RESULT: {}
COMMAND: POST /session/484b36992c8f3511b81194a535974a7d/element - {"using":"xpath","value":"//button[@data-kt=\"addButton\"]"}
COMMAND: GET /session/484b36992c8f3511b81194a535974a7d/screenshot - {}
RESULT: {"using":"xpath","value":"//button[@data-kt=\"addButton\"]"}
COMMAND: POST /session/484b36992c8f3511b81194a535974a7d/elements - {"using":"xpath","value":"//button[@data-kt=\"addButton\"]"}
RESULT: {}
RESULT: {"using":"xpath","value":"//button[@data-kt=\"addButton\"]"}
COMMAND: POST /session/484b36992c8f3511b81194a535974a7d/elements - {"using":"xpath","value":"//button[@data-kt=\"addButton\"]"}
RESULT: {"using":"xpath","value":"//button[@data-kt=\"addButton\"]"}
COMMAND: POST /session/484b36992c8f3511b81194a535974a7d/elements - {"using":"xpath","value":"//button[@data-kt=\"addButton\"]"}
RESULT: {"using":"xpath","value":"//button[@data-kt=\"addButton\"]"}
COMMAND: POST /session/484b36992c8f3511b81194a535974a7d/elements - {"using":"xpath","value":"//button[@data-kt=\"addButton\"]"}
RESULT: {"using":"xpath","value":"//button[@data-kt=\"addButton\"]"}
COMMAND: POST /session/484b36992c8f3511b81194a535974a7d/elements - {"using":"xpath","value":"//button[@data-kt=\"addButton\"]"}
RESULT: {"using":"xpath","value":"//button[@data-kt=\"addButton\"]"}
COMMAND: POST /session/484b36992c8f3511b81194a535974a7d/elements - {"using":"xpath","value":"//button[@data-kt=\"addButton\"]"}
RESULT: {"using":"xpath","value":"//button[@data-kt=\"addButton\"]"}
COMMAND: POST /session/484b36992c8f3511b81194a535974a7d/elements - {"using":"xpath","value":"//button[@data-kt=\"addButton\"]"}
RESULT: {"using":"xpath","value":"//button[@data-kt=\"addButton\"]"}
COMMAND: POST /session/484b36992c8f3511b81194a535974a7d/elements - {"using":"xpath","value":"//button[@data-kt=\"addButton\"]"}
RESULT: {"using":"xpath","value":"//button[@data-kt=\"addButton\"]"}
COMMAND: POST /session/484b36992c8f3511b81194a535974a7d/elements - {"using":"xpath","value":"//button[@data-kt=\"addButton\"]"}
RESULT: {"using":"xpath","value":"//button[@data-kt=\"addButton\"]"}
COMMAND: POST /session/484b36992c8f3511b81194a535974a7d/elements - {"using":"xpath","value":"//button[@data-kt=\"addButton\"]"}
RESULT: {"using":"xpath","value":"//button[@data-kt=\"addButton\"]"}
COMMAND: POST /session/484b36992c8f3511b81194a535974a7d/elements - {"using":"xpath","value":"//button[@data-kt=\"addButton\"]"}
RESULT: {"using":"xpath","value":"//button[@data-kt=\"addButton\"]"}
COMMAND: POST /session/484b36992c8f3511b81194a535974a7d/elements - {"using":"xpath","value":"//button[@data-kt=\"addButton\"]"}
RESULT: {"using":"xpath","value":"//button[@data-kt=\"addButton\"]"}
COMMAND: POST /session/484b36992c8f3511b81194a535974a7d/elements - {"using":"xpath","value":"//button[@data-kt=\"addButton\"]"}
RESULT: {"using":"xpath","value":"//button[@data-kt=\"addButton\"]"}
COMMAND: POST /session/484b36992c8f3511b81194a535974a7d/elements - {"using":"xpath","value":"//button[@data-kt=\"addButton\"]"}
RESULT: {"using":"xpath","value":"//button[@data-kt=\"addButton\"]"}
COMMAND: POST /session/484b36992c8f3511b81194a535974a7d/elements - {"using":"xpath","value":"//button[@data-kt=\"addButton\"]"}
RESULT: {"using":"xpath","value":"//button[@data-kt=\"addButton\"]"}
COMMAND: POST /session/484b36992c8f3511b81194a535974a7d/elements - {"using":"xpath","value":"//button[@data-kt=\"addButton\"]"}
RESULT: {"using":"xpath","value":"//button[@data-kt=\"addButton\"]"}
COMMAND: POST /session/484b36992c8f3511b81194a535974a7d/elements - {"using":"xpath","value":"//button[@data-kt=\"addButton\"]"}
RESULT: {"using":"xpath","value":"//button[@data-kt=\"addButton\"]"}
COMMAND: POST /session/484b36992c8f3511b81194a535974a7d/elements - {"using":"xpath","value":"//button[@data-kt=\"addButton\"]"}
RESULT: {"using":"xpath","value":"//button[@data-kt=\"addButton\"]"}
COMMAND: POST /session/484b36992c8f3511b81194a535974a7d/elements - {"using":"xpath","value":"//button[@data-kt=\"addButton\"]"}
RESULT: {"using":"xpath","value":"//button[@data-kt=\"addButton\"]"}
COMMAND: POST /session/484b36992c8f3511b81194a535974a7d/elements - {"using":"xpath","value":"//button[@data-kt=\"addButton\"]"}
RESULT: {"using":"xpath","value":"//button[@data-kt=\"addButton\"]"}
COMMAND: POST /session/484b36992c8f3511b81194a535974a7d/element - {"using":"xpath","value":"//button[@data-kt=\"addButton\"]"}
RESULT: {"using":"xpath","value":"//button[@data-kt=\"addButton\"]"}
COMMAND: POST /session/484b36992c8f3511b81194a535974a7d/execute/sync - {"script":"<script> [8489 bytes]","args":[{"element-6066-11e4-a52e-4f735466cecf":"f.D47E9D670512D824BAC67AC798DD2F0D.d.9338BE39C935B29D8206ECADA3577114.e.1040","ELEMENT":"f.D47E9D670512D824BAC67AC798DD2F0D.d.9338BE39C935B29D8206ECADA3577114.e.1040"}]}
RESULT: {"script":"<script> [8489 bytes]","args":[{"element-6066-11e4-a52e-4f735466cecf":"f.D47E9D670512D824BAC67AC798DD2F0D.d.9338BE39C935B29D8206ECADA3577114.e.1040","ELEMENT":"f.D47E9D670512D824BAC67AC798DD2F0D.d.9338BE39C935B29D8206ECADA3577114.e.1040"}]}
COMMAND: GET /session/484b36992c8f3511b81194a535974a7d/element/f.D47E9D670512D824BAC67AC798DD2F0D.d.9338BE39C935B29D8206ECADA3577114.e.1040/enabled - {}
COMMAND: GET /session/484b36992c8f3511b81194a535974a7d/screenshot - {}
RESULT: {}
COMMAND: POST /session/484b36992c8f3511b81194a535974a7d/execute/sync - {"script":"<script> [8489 bytes]","args":[{"element-6066-11e4-a52e-4f735466cecf":"f.D47E9D670512D824BAC67AC798DD2F0D.d.9338BE39C935B29D8206ECADA3577114.e.1040","ELEMENT":"f.D47E9D670512D824BAC67AC798DD2F0D.d.9338BE39C935B29D8206ECADA3577114.e.1040"}]}
COMMAND: GET /session/484b36992c8f3511b81194a535974a7d/screenshot - {}
RESULT: {}
RESULT: {"script":"<script> [8489 bytes]","args":[{"element-6066-11e4-a52e-4f735466cecf":"f.D47E9D670512D824BAC67AC798DD2F0D.d.9338BE39C935B29D8206ECADA3577114.e.1040","ELEMENT":"f.D47E9D670512D824BAC67AC798DD2F0D.d.9338BE39C935B29D8206ECADA3577114.e.1040"}]}
COMMAND: POST /session/484b36992c8f3511b81194a535974a7d/execute/sync - {"script":"<script> [5351 bytes]","args":[{"element-6066-11e4-a52e-4f735466cecf":"f.D47E9D670512D824BAC67AC798DD2F0D.d.9338BE39C935B29D8206ECADA3577114.e.1040","ELEMENT":"f.D47E9D670512D824BAC67AC798DD2F0D.d.9338BE39C935B29D8206ECADA3577114.e.1040"}]}
COMMAND: GET /session/484b36992c8f3511b81194a535974a7d/screenshot - {}
RESULT: {}
RESULT: {"script":"<script> [5351 bytes]","args":[{"element-6066-11e4-a52e-4f735466cecf":"f.D47E9D670512D824BAC67AC798DD2F0D.d.9338BE39C935B29D8206ECADA3577114.e.1040","ELEMENT":"f.D47E9D670512D824BAC67AC798DD2F0D.d.9338BE39C935B29D8206ECADA3577114.e.1040"}]}
COMMAND: POST /session/484b36992c8f3511b81194a535974a7d/element/f.D47E9D670512D824BAC67AC798DD2F0D.d.9338BE39C935B29D8206ECADA3577114.e.1040/click - {}
COMMAND: GET /session/484b36992c8f3511b81194a535974a7d/screenshot - {}
RESULT: {}
RESULT: {}
COMMAND: GET /session/484b36992c8f3511b81194a535974a7d/screenshot - {}
COMMAND: POST /session/484b36992c8f3511b81194a535974a7d/execute/async - {"script":"<script> [1562 bytes]","args":[{"selector":{"id":"application-managepartners-display-component---NewPartner--addressDetailDetailsName1","interaction":{"idSuffix":"inner"}},"wdio_ui5_key":"applicationmanagepartners-display-component---NewPartner--addressDetailDetailsName1"}]}
RESULT: {}
RESULT: {}
RESULT: {"script":"<script> [1562 bytes]","args":[{"selector":{"id":"application-managepartners-display-component---NewPartner--addressDetailDetailsName1","interaction":{"idSuffix":"inner"}},"wdio_ui5_key":"applicationmanagepartners-display-component---NewPartner--addressDetailDetailsName1"}]}
RESULT: undefined
COMMAND: POST /session/484b36992c8f3511b81194a535974a7d/execute/async - {"script":"<script> [776 bytes]","args":[{"enterText":"Intracompany Partner WDIO","selector":{"id":"application-managepartners-display-component---NewPartner--addressDetailDetailsName1","interaction":{"idSuffix":"inner"}},"clearTextFirst":true,"interactionType":"ENTER_TEXT"}]}
RESULT: {"script":"<script> [776 bytes]","args":[{"enterText":"Intracompany Partner WDIO","selector":{"id":"application-managepartners-display-component---NewPartner--addressDetailDetailsName1","interaction":{"idSuffix":"inner"}},"clearTextFirst":true,"interactionType":"ENTER_TEXT"}]}
COMMAND: POST /session/484b36992c8f3511b81194a535974a7d/execute/async - {"script":"<script> [1562 bytes]","args":[{"selector":{"id":"application-managepartners-display-component---NewPartner--addressDetailDetailsLanguage-arrow"},"wdio_ui5_key":"applicationmanagepartners-display-component---NewPartner--addressDetailDetailsLanguage-arrow"}]}
RESULT: {"script":"<script> [1562 bytes]","args":[{"selector":{"id":"application-managepartners-display-component---NewPartner--addressDetailDetailsLanguage-arrow"},"wdio_ui5_key":"applicationmanagepartners-display-component---NewPartner--addressDetailDetailsLanguage-arrow"}]}
RESULT: undefined
COMMAND: POST /session/484b36992c8f3511b81194a535974a7d/element - {"using":"xpath","value":"//*[@id=\"application-managepartners-display-component---NewPartner--addressDetailDetailsLanguage-arrow\"]"}
RESULT: {"using":"xpath","value":"//*[@id=\"application-managepartners-display-component---NewPartner--addressDetailDetailsLanguage-arrow\"]"}
COMMAND: POST /session/484b36992c8f3511b81194a535974a7d/element/f.D47E9D670512D824BAC67AC798DD2F0D.d.9338BE39C935B29D8206ECADA3577114.e.1494/click - {}
RESULT: {}
COMMAND: POST /session/484b36992c8f3511b81194a535974a7d/element - {"using":"xpath","value":"//span[contains(text(), \"English\")]"}
COMMAND: GET /session/484b36992c8f3511b81194a535974a7d/screenshot - {}
RESULT: {"using":"xpath","value":"//span[contains(text(), \"English\")]"}
COMMAND: POST /session/484b36992c8f3511b81194a535974a7d/element/f.D47E9D670512D824BAC67AC798DD2F0D.d.9338BE39C935B29D8206ECADA3577114.e.1495/click - {}
RESULT: {}
RESULT: {}
COMMAND: GET /session/484b36992c8f3511b81194a535974a7d/screenshot - {}
RESULT: {}
COMMAND: POST /session/484b36992c8f3511b81194a535974a7d/execute/async - {"script":"<script> [1562 bytes]","args":[{"selector":{"id":"application-managepartners-display-component---NewPartner--addressDetailDetailsCity1","interaction":{"idSuffix":"inner"}},"wdio_ui5_key":"applicationmanagepartners-display-component---NewPartner--addressDetailDetailsCity1"}]}
RESULT: {"script":"<script> [1562 bytes]","args":[{"selector":{"id":"application-managepartners-display-component---NewPartner--addressDetailDetailsCity1","interaction":{"idSuffix":"inner"}},"wdio_ui5_key":"applicationmanagepartners-display-component---NewPartner--addressDetailDetailsCity1"}]}
RESULT: undefined
COMMAND: POST /session/484b36992c8f3511b81194a535974a7d/execute/async - {"script":"<script> [776 bytes]","args":[{"enterText":"Rosario","selector":{"id":"application-managepartners-display-component---NewPartner--addressDetailDetailsCity1","interaction":{"idSuffix":"inner"}},"clearTextFirst":true,"interactionType":"ENTER_TEXT"}]}
RESULT: {"script":"<script> [776 bytes]","args":[{"enterText":"Rosario","selector":{"id":"application-managepartners-display-component---NewPartner--addressDetailDetailsCity1","interaction":{"idSuffix":"inner"}},"clearTextFirst":true,"interactionType":"ENTER_TEXT"}]}
COMMAND: POST /session/484b36992c8f3511b81194a535974a7d/execute/async - {"script":"<script> [1562 bytes]","args":[{"selector":{"id":"application-managepartners-display-component---NewPartner--addressDetailDetailsCountry-arrow"},"wdio_ui5_key":"applicationmanagepartners-display-component---NewPartner--addressDetailDetailsCountry-arrow"}]}
RESULT: {"script":"<script> [1562 bytes]","args":[{"selector":{"id":"application-managepartners-display-component---NewPartner--addressDetailDetailsCountry-arrow"},"wdio_ui5_key":"applicationmanagepartners-display-component---NewPartner--addressDetailDetailsCountry-arrow"}]}
RESULT: undefined
COMMAND: POST /session/484b36992c8f3511b81194a535974a7d/element - {"using":"xpath","value":"//*[@id=\"application-managepartners-display-component---NewPartner--addressDetailDetailsCountry-arrow\"]"}
RESULT: {"using":"xpath","value":"//*[@id=\"application-managepartners-display-component---NewPartner--addressDetailDetailsCountry-arrow\"]"}
COMMAND: POST /session/484b36992c8f3511b81194a535974a7d/element/f.D47E9D670512D824BAC67AC798DD2F0D.d.9338BE39C935B29D8206ECADA3577114.e.1462/click - {}
RESULT: {}
COMMAND: POST /session/484b36992c8f3511b81194a535974a7d/element - {"using":"xpath","value":"//span[contains(text(), \"Argentina\")]"}
COMMAND: GET /session/484b36992c8f3511b81194a535974a7d/screenshot - {}
RESULT: {"using":"xpath","value":"//span[contains(text(), \"Argentina\")]"}
COMMAND: POST /session/484b36992c8f3511b81194a535974a7d/element/f.D47E9D670512D824BAC67AC798DD2F0D.d.9338BE39C935B29D8206ECADA3577114.e.1497/click - {}
RESULT: {}
RESULT: {}
COMMAND: GET /session/484b36992c8f3511b81194a535974a7d/screenshot - {}
RESULT: {}
COMMAND: POST /session/484b36992c8f3511b81194a535974a7d/element - {"using":"xpath","value":"//bdi[contains(text(), \"Commercial\")]"}
RESULT: {"using":"xpath","value":"//bdi[contains(text(), \"Commercial\")]"}
COMMAND: POST /session/484b36992c8f3511b81194a535974a7d/element/f.D47E9D670512D824BAC67AC798DD2F0D.d.9338BE39C935B29D8206ECADA3577114.e.1498/click - {}
RESULT: {}
COMMAND: GET /session/484b36992c8f3511b81194a535974a7d/screenshot - {}
RESULT: {}
COMMAND: POST /session/484b36992c8f3511b81194a535974a7d/execute/async - {"script":"<script> [1562 bytes]","args":[{"selector":{"id":"application-managepartners-display-component---NewPartner--partnerDetailInternal-arrow"},"wdio_ui5_key":"applicationmanagepartners-display-component---NewPartner--partnerDetailInternal-arrow"}]}
RESULT: {"script":"<script> [1562 bytes]","args":[{"selector":{"id":"application-managepartners-display-component---NewPartner--partnerDetailInternal-arrow"},"wdio_ui5_key":"applicationmanagepartners-display-component---NewPartner--partnerDetailInternal-arrow"}]}
RESULT: undefined
COMMAND: POST /session/484b36992c8f3511b81194a535974a7d/element - {"using":"xpath","value":"//*[@id=\"application-managepartners-display-component---NewPartner--partnerDetailInternal-arrow\"]"}
RESULT: {"using":"xpath","value":"//*[@id=\"application-managepartners-display-component---NewPartner--partnerDetailInternal-arrow\"]"}
COMMAND: POST /session/484b36992c8f3511b81194a535974a7d/element/f.D47E9D670512D824BAC67AC798DD2F0D.d.9338BE39C935B29D8206ECADA3577114.e.1504/click - {}
RESULT: {}
COMMAND: POST /session/484b36992c8f3511b81194a535974a7d/element - {"using":"xpath","value":"//span[contains(text(), \"Affiliated company\")]"}
COMMAND: GET /session/484b36992c8f3511b81194a535974a7d/screenshot - {}
RESULT: {"using":"xpath","value":"//span[contains(text(), \"Affiliated company\")]"}
COMMAND: POST /session/484b36992c8f3511b81194a535974a7d/element/f.D47E9D670512D824BAC67AC798DD2F0D.d.9338BE39C935B29D8206ECADA3577114.e.1505/click - {}
RESULT: {}
RESULT: {}
COMMAND: POST /session/484b36992c8f3511b81194a535974a7d/execute/async - {"script":"<script> [1562 bytes]","args":[{"selector":{"id":"application-managepartners-display-component---NewPartner--partnerDetailsCurrency-arrow"},"wdio_ui5_key":"applicationmanagepartners-display-component---NewPartner--partnerDetailsCurrency-arrow"}]}
COMMAND: GET /session/484b36992c8f3511b81194a535974a7d/screenshot - {}
RESULT: {"script":"<script> [1562 bytes]","args":[{"selector":{"id":"application-managepartners-display-component---NewPartner--partnerDetailsCurrency-arrow"},"wdio_ui5_key":"applicationmanagepartners-display-component---NewPartner--partnerDetailsCurrency-arrow"}]}
RESULT: undefined
COMMAND: POST /session/484b36992c8f3511b81194a535974a7d/element - {"using":"xpath","value":"//*[@id=\"application-managepartners-display-component---NewPartner--partnerDetailsCurrency-arrow\"]"}
RESULT: {}
RESULT: {"using":"xpath","value":"//*[@id=\"application-managepartners-display-component---NewPartner--partnerDetailsCurrency-arrow\"]"}
COMMAND: POST /session/484b36992c8f3511b81194a535974a7d/element/f.D47E9D670512D824BAC67AC798DD2F0D.d.9338BE39C935B29D8206ECADA3577114.e.1512/click - {}
RESULT: {}
COMMAND: POST /session/484b36992c8f3511b81194a535974a7d/element - {"using":"xpath","value":"//span[contains(text(), \"Euro\")]"}
COMMAND: GET /session/484b36992c8f3511b81194a535974a7d/screenshot - {}
RESULT: {"using":"xpath","value":"//span[contains(text(), \"Euro\")]"}
COMMAND: POST /session/484b36992c8f3511b81194a535974a7d/element/f.D47E9D670512D824BAC67AC798DD2F0D.d.9338BE39C935B29D8206ECADA3577114.e.1513/click - {}
RESULT: {}
RESULT: {}
COMMAND: POST /session/484b36992c8f3511b81194a535974a7d/execute/async - {"script":"<script> [1562 bytes]","args":[{"selector":{"id":"application-managepartners-display-component---NewPartner--addressEditDetailsCostObjectCstType-arrow"},"wdio_ui5_key":"applicationmanagepartners-display-component---NewPartner--addressEditDetailsCostObjectCstType-arrow"}]}
COMMAND: GET /session/484b36992c8f3511b81194a535974a7d/screenshot - {}
RESULT: {"script":"<script> [1562 bytes]","args":[{"selector":{"id":"application-managepartners-display-component---NewPartner--addressEditDetailsCostObjectCstType-arrow"},"wdio_ui5_key":"applicationmanagepartners-display-component---NewPartner--addressEditDetailsCostObjectCstType-arrow"}]}
RESULT: undefined
COMMAND: POST /session/484b36992c8f3511b81194a535974a7d/element - {"using":"xpath","value":"//*[@id=\"application-managepartners-display-component---NewPartner--addressEditDetailsCostObjectCstType-arrow\"]"}
RESULT: {}
RESULT: {"using":"xpath","value":"//*[@id=\"application-managepartners-display-component---NewPartner--addressEditDetailsCostObjectCstType-arrow\"]"}
COMMAND: POST /session/484b36992c8f3511b81194a535974a7d/element/f.D47E9D670512D824BAC67AC798DD2F0D.d.9338BE39C935B29D8206ECADA3577114.e.1514/click - {}
RESULT: {}
COMMAND: POST /session/484b36992c8f3511b81194a535974a7d/element - {"using":"xpath","value":"//span[contains(text(), \"Cost Center\")]"}
COMMAND: GET /session/484b36992c8f3511b81194a535974a7d/screenshot - {}
RESULT: {"using":"xpath","value":"//span[contains(text(), \"Cost Center\")]"}
COMMAND: POST /session/484b36992c8f3511b81194a535974a7d/element/f.D47E9D670512D824BAC67AC798DD2F0D.d.9338BE39C935B29D8206ECADA3577114.e.1515/click - {}
RESULT: {}
RESULT: {}
COMMAND: GET /session/484b36992c8f3511b81194a535974a7d/screenshot - {}
RESULT: {}
COMMAND: POST /session/484b36992c8f3511b81194a535974a7d/element - {"using":"xpath","value":"//span[@id=\"application-managepartners-display-component---NewPartner--addressNewCostObjectCstID-vhi\"]"}
RESULT: {"using":"xpath","value":"//span[@id=\"application-managepartners-display-component---NewPartner--addressNewCostObjectCstID-vhi\"]"}
COMMAND: POST /session/484b36992c8f3511b81194a535974a7d/execute/sync - {"script":"<script> [8489 bytes]","args":[{"element-6066-11e4-a52e-4f735466cecf":"f.D47E9D670512D824BAC67AC798DD2F0D.d.9338BE39C935B29D8206ECADA3577114.e.1519","ELEMENT":"f.D47E9D670512D824BAC67AC798DD2F0D.d.9338BE39C935B29D8206ECADA3577114.e.1519"}]}
RESULT: {"script":"<script> [8489 bytes]","args":[{"element-6066-11e4-a52e-4f735466cecf":"f.D47E9D670512D824BAC67AC798DD2F0D.d.9338BE39C935B29D8206ECADA3577114.e.1519","ELEMENT":"f.D47E9D670512D824BAC67AC798DD2F0D.d.9338BE39C935B29D8206ECADA3577114.e.1519"}]}
COMMAND: POST /session/484b36992c8f3511b81194a535974a7d/execute/async - {"script":"<script> [1562 bytes]","args":[{"selector":{"id":"application-managepartners-display-component---NewPartner--addressNewCostObjectCstID-vhi"},"wdio_ui5_key":"applicationmanagepartners-display-component---NewPartner--addressNewCostObjectCstID-vhi"}]}
COMMAND: GET /session/484b36992c8f3511b81194a535974a7d/screenshot - {}
RESULT: {"script":"<script> [1562 bytes]","args":[{"selector":{"id":"application-managepartners-display-component---NewPartner--addressNewCostObjectCstID-vhi"},"wdio_ui5_key":"applicationmanagepartners-display-component---NewPartner--addressNewCostObjectCstID-vhi"}]}
RESULT: undefined
COMMAND: POST /session/484b36992c8f3511b81194a535974a7d/element - {"using":"xpath","value":"//*[@id=\"application-managepartners-display-component---NewPartner--addressNewCostObjectCstID-vhi\"]"}
RESULT: {}
RESULT: {"using":"xpath","value":"//*[@id=\"application-managepartners-display-component---NewPartner--addressNewCostObjectCstID-vhi\"]"}
COMMAND: POST /session/484b36992c8f3511b81194a535974a7d/element/f.D47E9D670512D824BAC67AC798DD2F0D.d.9338BE39C935B29D8206ECADA3577114.e.1519/click - {}
RESULT: {}
COMMAND: GET /session/484b36992c8f3511b81194a535974a7d/screenshot - {}
RESULT: {}
RESULT: undefined
COMMAND: POST /session/484b36992c8f3511b81194a535974a7d/execute/async - {"script":"<script> [776 bytes]","args":[{"enterText":"10001013","selector":{"controlType":"sap.m.SearchField","properties":{"placeholder":"Search"},"searchOpenDialogs":true,"interaction":{"idSuffix":"I"}},"clearTextFirst":true,"interactionType":"ENTER_TEXT"}]}
RESULT: {"script":"<script> [776 bytes]","args":[{"enterText":"10001013","selector":{"controlType":"sap.m.SearchField","properties":{"placeholder":"Search"},"searchOpenDialogs":true,"interaction":{"idSuffix":"I"}},"clearTextFirst":true,"interactionType":"ENTER_TEXT"}]}
COMMAND: POST /session/484b36992c8f3511b81194a535974a7d/actions - {"actions":[{"id":"action2","type":"key","parameters":{},"actions":[{"type":"keyDown","value":"î€‡"},{"type":"pause","duration":10},{"type":"keyUp","value":"î€‡"}]}]}
RESULT: {"actions":[{"id":"action2","type":"key","parameters":{},"actions":[{"type":"keyDown","value":"î€‡"},{"type":"pause","duration":10},{"type":"keyUp","value":"î€‡"}]}]}
COMMAND: GET /session/484b36992c8f3511b81194a535974a7d/screenshot - {}
RESULT: {}
COMMAND: POST /session/484b36992c8f3511b81194a535974a7d/element - {"using":"xpath","value":"//span[contains(text(), \"General Management\")]"}
RESULT: {"using":"xpath","value":"//span[contains(text(), \"General Management\")]"}
COMMAND: POST /session/484b36992c8f3511b81194a535974a7d/element/f.D47E9D670512D824BAC67AC798DD2F0D.d.9338BE39C935B29D8206ECADA3577114.e.1525/click - {}
RESULT: {}
COMMAND: GET /session/484b36992c8f3511b81194a535974a7d/screenshot - {}
RESULT: {}
COMMAND: POST /session/484b36992c8f3511b81194a535974a7d/element - {"using":"xpath","value":"//bdi[contains(text(), \"OK\")]"}
RESULT: {"using":"xpath","value":"//bdi[contains(text(), \"OK\")]"}
COMMAND: POST /session/484b36992c8f3511b81194a535974a7d/element/f.D47E9D670512D824BAC67AC798DD2F0D.d.9338BE39C935B29D8206ECADA3577114.e.1527/click - {}
RESULT: {}
COMMAND: GET /session/484b36992c8f3511b81194a535974a7d/screenshot - {}
RESULT: {}
COMMAND: POST /session/484b36992c8f3511b81194a535974a7d/element - {"using":"xpath","value":"//input[@id=\"application-managepartners-display-component---NewPartner--companyCodeComboBox-inner\"]"}
RESULT: {"using":"xpath","value":"//input[@id=\"application-managepartners-display-component---NewPartner--companyCodeComboBox-inner\"]"}
COMMAND: POST /session/484b36992c8f3511b81194a535974a7d/element/f.D47E9D670512D824BAC67AC798DD2F0D.d.9338BE39C935B29D8206ECADA3577114.e.1353/clear - {}
RESULT: {}
COMMAND: POST /session/484b36992c8f3511b81194a535974a7d/element/f.D47E9D670512D824BAC67AC798DD2F0D.d.9338BE39C935B29D8206ECADA3577114.e.1353/value - {"text":"1000"}
COMMAND: GET /session/484b36992c8f3511b81194a535974a7d/screenshot - {}
RESULT: {"text":"1000"}
COMMAND: GET /session/484b36992c8f3511b81194a535974a7d/screenshot - {}
RESULT: {}
RESULT: {}
COMMAND: POST /session/484b36992c8f3511b81194a535974a7d/element - {"using":"xpath","value":"//span[contains(text(), \"1000\")]"}
RESULT: {"using":"xpath","value":"//span[contains(text(), \"1000\")]"}
COMMAND: POST /session/484b36992c8f3511b81194a535974a7d/element/f.D47E9D670512D824BAC67AC798DD2F0D.d.9338BE39C935B29D8206ECADA3577114.e.1533/click - {}
RESULT: {}
COMMAND: GET /session/484b36992c8f3511b81194a535974a7d/screenshot - {}
RESULT: {}
COMMAND: POST /session/484b36992c8f3511b81194a535974a7d/execute/async - {"script":"<script> [1562 bytes]","args":[{"selector":{"id":"application-managepartners-display-component---NewPartner--btnAddTableRow-img"},"wdio_ui5_key":"applicationmanagepartners-display-component---NewPartner--btnAddTableRow-img"}]}
RESULT: {"script":"<script> [1562 bytes]","args":[{"selector":{"id":"application-managepartners-display-component---NewPartner--btnAddTableRow-img"},"wdio_ui5_key":"applicationmanagepartners-display-component---NewPartner--btnAddTableRow-img"}]}
RESULT: undefined
COMMAND: POST /session/484b36992c8f3511b81194a535974a7d/element - {"using":"xpath","value":"//*[@id=\"application-managepartners-display-component---NewPartner--btnAddTableRow-img\"]"}
RESULT: {"using":"xpath","value":"//*[@id=\"application-managepartners-display-component---NewPartner--btnAddTableRow-img\"]"}
COMMAND: POST /session/484b36992c8f3511b81194a535974a7d/element/f.D47E9D670512D824BAC67AC798DD2F0D.d.9338BE39C935B29D8206ECADA3577114.e.1534/click - {}
RESULT: {}
COMMAND: GET /session/484b36992c8f3511b81194a535974a7d/screenshot - {}
RESULT: {}
COMMAND: POST /session/484b36992c8f3511b81194a535974a7d/element - {"using":"xpath","value":"//input[@id=\"application-managepartners-display-component---NewPartner--assignmentYard-application-managepartners-display-component---NewPartner--assignmentsTable-0-inner\"]"}
RESULT: {"using":"xpath","value":"//input[@id=\"application-managepartners-display-component---NewPartner--assignmentYard-application-managepartners-display-component---NewPartner--assignmentsTable-0-inner\"]"}
COMMAND: POST /session/484b36992c8f3511b81194a535974a7d/element/f.D47E9D670512D824BAC67AC798DD2F0D.d.9338BE39C935B29D8206ECADA3577114.e.1537/clear - {}
RESULT: {}
COMMAND: POST /session/484b36992c8f3511b81194a535974a7d/element/f.D47E9D670512D824BAC67AC798DD2F0D.d.9338BE39C935B29D8206ECADA3577114.e.1537/value - {"text":"554"}
COMMAND: GET /session/484b36992c8f3511b81194a535974a7d/screenshot - {}
RESULT: {"text":"554"}
COMMAND: GET /session/484b36992c8f3511b81194a535974a7d/screenshot - {}
RESULT: {}
RESULT: {}
COMMAND: POST /session/484b36992c8f3511b81194a535974a7d/element - {"using":"xpath","value":"//li[.//span[text()='554']]"}
RESULT: {"using":"xpath","value":"//li[.//span[text()='554']]"}
COMMAND: POST /session/484b36992c8f3511b81194a535974a7d/element/f.D47E9D670512D824BAC67AC798DD2F0D.d.9338BE39C935B29D8206ECADA3577114.e.1546/click - {}
RESULT: {}
COMMAND: GET /session/484b36992c8f3511b81194a535974a7d/screenshot - {}
RESULT: {}
COMMAND: POST /session/484b36992c8f3511b81194a535974a7d/actions - {"actions":[{"id":"action3","type":"key","parameters":{},"actions":[{"type":"keyDown","value":"î€‡"},{"type":"pause","duration":10},{"type":"keyUp","value":"î€‡"}]}]}
RESULT: {"actions":[{"id":"action3","type":"key","parameters":{},"actions":[{"type":"keyDown","value":"î€‡"},{"type":"pause","duration":10},{"type":"keyUp","value":"î€‡"}]}]}
COMMAND: POST /session/484b36992c8f3511b81194a535974a7d/execute/async - {"script":"<script> [1562 bytes]","args":[{"selector":{"id":"application-managepartners-display-component---NewPartner--externalCustomerComboBox-application-managepartners-display-component---NewPartner--assignmentsTable-0-vhi"},"wdio_ui5_key":"applicationmanagepartners-display-component---NewPartner--externalCustomerComboBox-application-managepartners-display-component---NewPartner--assignmentsTable-0-vhi"}]}
COMMAND: GET /session/484b36992c8f3511b81194a535974a7d/screenshot - {}
RESULT: {"script":"<script> [1562 bytes]","args":[{"selector":{"id":"application-managepartners-display-component---NewPartner--externalCustomerComboBox-application-managepartners-display-component---NewPartner--assignmentsTable-0-vhi"},"wdio_ui5_key":"applicationmanagepartners-display-component---NewPartner--externalCustomerComboBox-application-managepartners-display-component---NewPartner--assignmentsTable-0-vhi"}]}
RESULT: undefined
COMMAND: POST /session/484b36992c8f3511b81194a535974a7d/element - {"using":"xpath","value":"//*[@id=\"application-managepartners-display-component---NewPartner--externalCustomerComboBox-application-managepartners-display-component---NewPartner--assignmentsTable-0-vhi\"]"}
RESULT: {}
RESULT: {"using":"xpath","value":"//*[@id=\"application-managepartners-display-component---NewPartner--externalCustomerComboBox-application-managepartners-display-component---NewPartner--assignmentsTable-0-vhi\"]"}
COMMAND: POST /session/484b36992c8f3511b81194a535974a7d/element/f.D47E9D670512D824BAC67AC798DD2F0D.d.9338BE39C935B29D8206ECADA3577114.e.1550/click - {}
RESULT: {}
RESULT: undefined
COMMAND: POST /session/484b36992c8f3511b81194a535974a7d/execute/async - {"script":"<script> [776 bytes]","args":[{"enterText":"300003","selector":{"controlType":"sap.m.SearchField","properties":{"placeholder":"Search"},"searchOpenDialogs":true,"interaction":{"idSuffix":"I"}},"clearTextFirst":true,"interactionType":"ENTER_TEXT"}]}
COMMAND: GET /session/484b36992c8f3511b81194a535974a7d/screenshot - {}
RESULT: {"script":"<script> [776 bytes]","args":[{"enterText":"300003","selector":{"controlType":"sap.m.SearchField","properties":{"placeholder":"Search"},"searchOpenDialogs":true,"interaction":{"idSuffix":"I"}},"clearTextFirst":true,"interactionType":"ENTER_TEXT"}]}
COMMAND: POST /session/484b36992c8f3511b81194a535974a7d/actions - {"actions":[{"id":"action4","type":"key","parameters":{},"actions":[{"type":"keyDown","value":"î€‡"},{"type":"pause","duration":10},{"type":"keyUp","value":"î€‡"}]}]}
RESULT: {}
RESULT: {"actions":[{"id":"action4","type":"key","parameters":{},"actions":[{"type":"keyDown","value":"î€‡"},{"type":"pause","duration":10},{"type":"keyUp","value":"î€‡"}]}]}
COMMAND: GET /session/484b36992c8f3511b81194a535974a7d/screenshot - {}
RESULT: {}
COMMAND: POST /session/484b36992c8f3511b81194a535974a7d/element - {"using":"xpath","value":"//span[contains(text(), \"300003\")]"}
RESULT: {"using":"xpath","value":"//span[contains(text(), \"300003\")]"}
COMMAND: POST /session/484b36992c8f3511b81194a535974a7d/element/f.D47E9D670512D824BAC67AC798DD2F0D.d.9338BE39C935B29D8206ECADA3577114.e.1568/click - {}
RESULT: {}
COMMAND: GET /session/484b36992c8f3511b81194a535974a7d/screenshot - {}
RESULT: {}
COMMAND: POST /session/484b36992c8f3511b81194a535974a7d/element - {"using":"xpath","value":"//bdi[contains(text(), \"OK\")]"}
RESULT: {"using":"xpath","value":"//bdi[contains(text(), \"OK\")]"}
COMMAND: POST /session/484b36992c8f3511b81194a535974a7d/element/f.D47E9D670512D824BAC67AC798DD2F0D.d.9338BE39C935B29D8206ECADA3577114.e.1570/click - {}
RESULT: {}
COMMAND: GET /session/484b36992c8f3511b81194a535974a7d/screenshot - {}
RESULT: {}
COMMAND: POST /session/484b36992c8f3511b81194a535974a7d/execute/async - {"script":"<script> [1562 bytes]","args":[{"selector":{"id":"application-managepartners-display-component---NewPartner--intercompVendorComboBox-application-managepartners-display-component---NewPartner--assignmentsTable-0-vhi"},"wdio_ui5_key":"applicationmanagepartners-display-component---NewPartner--intercompVendorComboBox-application-managepartners-display-component---NewPartner--assignmentsTable-0-vhi"}]}
RESULT: {"script":"<script> [1562 bytes]","args":[{"selector":{"id":"application-managepartners-display-component---NewPartner--intercompVendorComboBox-application-managepartners-display-component---NewPartner--assignmentsTable-0-vhi"},"wdio_ui5_key":"applicationmanagepartners-display-component---NewPartner--intercompVendorComboBox-application-managepartners-display-component---NewPartner--assignmentsTable-0-vhi"}]}
RESULT: undefined
COMMAND: POST /session/484b36992c8f3511b81194a535974a7d/element - {"using":"xpath","value":"//*[@id=\"application-managepartners-display-component---NewPartner--intercompVendorComboBox-application-managepartners-display-component---NewPartner--assignmentsTable-0-vhi\"]"}
RESULT: {"using":"xpath","value":"//*[@id=\"application-managepartners-display-component---NewPartner--intercompVendorComboBox-application-managepartners-display-component---NewPartner--assignmentsTable-0-vhi\"]"}
COMMAND: POST /session/484b36992c8f3511b81194a535974a7d/element/f.D47E9D670512D824BAC67AC798DD2F0D.d.9338BE39C935B29D8206ECADA3577114.e.1574/click - {}
RESULT: {}
RESULT: undefined
COMMAND: POST /session/484b36992c8f3511b81194a535974a7d/execute/async - {"script":"<script> [776 bytes]","args":[{"enterText":"100005","selector":{"controlType":"sap.m.SearchField","properties":{"placeholder":"Search"},"searchOpenDialogs":true,"interaction":{"idSuffix":"I"}},"clearTextFirst":true,"interactionType":"ENTER_TEXT"}]}
COMMAND: GET /session/484b36992c8f3511b81194a535974a7d/screenshot - {}
RESULT: {"script":"<script> [776 bytes]","args":[{"enterText":"100005","selector":{"controlType":"sap.m.SearchField","properties":{"placeholder":"Search"},"searchOpenDialogs":true,"interaction":{"idSuffix":"I"}},"clearTextFirst":true,"interactionType":"ENTER_TEXT"}]}
COMMAND: POST /session/484b36992c8f3511b81194a535974a7d/actions - {"actions":[{"id":"action5","type":"key","parameters":{},"actions":[{"type":"keyDown","value":"î€‡"},{"type":"pause","duration":10},{"type":"keyUp","value":"î€‡"}]}]}
RESULT: {}
RESULT: {"actions":[{"id":"action5","type":"key","parameters":{},"actions":[{"type":"keyDown","value":"î€‡"},{"type":"pause","duration":10},{"type":"keyUp","value":"î€‡"}]}]}
COMMAND: GET /session/484b36992c8f3511b81194a535974a7d/screenshot - {}
RESULT: {}
COMMAND: POST /session/484b36992c8f3511b81194a535974a7d/element - {"using":"xpath","value":"//span[contains(text(), \"Penguins - Field/12345 Berlin\")]"}
RESULT: {"using":"xpath","value":"//span[contains(text(), \"Penguins - Field/12345 Berlin\")]"}
COMMAND: POST /session/484b36992c8f3511b81194a535974a7d/element/f.D47E9D670512D824BAC67AC798DD2F0D.d.9338BE39C935B29D8206ECADA3577114.e.1593/click - {}
RESULT: {}
COMMAND: GET /session/484b36992c8f3511b81194a535974a7d/screenshot - {}
RESULT: {}
COMMAND: POST /session/484b36992c8f3511b81194a535974a7d/element - {"using":"xpath","value":"//bdi[contains(text(), \"OK\")]"}
RESULT: {"using":"xpath","value":"//bdi[contains(text(), \"OK\")]"}
COMMAND: POST /session/484b36992c8f3511b81194a535974a7d/element/f.D47E9D670512D824BAC67AC798DD2F0D.d.9338BE39C935B29D8206ECADA3577114.e.1594/click - {}
RESULT: {}
COMMAND: GET /session/484b36992c8f3511b81194a535974a7d/screenshot - {}
RESULT: {}
COMMAND: POST /session/484b36992c8f3511b81194a535974a7d/element - {"using":"xpath","value":"//button[@data-kt=\"saveButton\"]"}
RESULT: {"using":"xpath","value":"//button[@data-kt=\"saveButton\"]"}
COMMAND: POST /session/484b36992c8f3511b81194a535974a7d/element/f.D47E9D670512D824BAC67AC798DD2F0D.d.9338BE39C935B29D8206ECADA3577114.e.1431/click - {}
RESULT: {}
COMMAND: GET /session/484b36992c8f3511b81194a535974a7d/screenshot - {}
RESULT: {}
COMMAND: POST /session/484b36992c8f3511b81194a535974a7d/element - {"using":"xpath","value":"//header[contains(@id, 'ObjectPageLayout-headerTitle')]/div[1]/div[2]/div[2]/span[1]"}
RESULT: {"using":"xpath","value":"//header[contains(@id, 'ObjectPageLayout-headerTitle')]/div[1]/div[2]/div[2]/span[1]"}
COMMAND: POST /session/484b36992c8f3511b81194a535974a7d/elements - {"using":"xpath","value":"//header[contains(@id, 'ObjectPageLayout-headerTitle')]/div[1]/div[2]/div[2]/span[1]"}
RESULT: {"using":"xpath","value":"//header[contains(@id, 'ObjectPageLayout-headerTitle')]/div[1]/div[2]/div[2]/span[1]"}
COMMAND: POST /session/484b36992c8f3511b81194a535974a7d/execute/sync - {"script":"<script> [56 bytes]","args":[{"element-6066-11e4-a52e-4f735466cecf":"f.D47E9D670512D824BAC67AC798DD2F0D.d.9338BE39C935B29D8206ECADA3577114.e.1757","ELEMENT":"f.D47E9D670512D824BAC67AC798DD2F0D.d.9338BE39C935B29D8206ECADA3577114.e.1757"}]}
RESULT: {"script":"<script> [56 bytes]","args":[{"element-6066-11e4-a52e-4f735466cecf":"f.D47E9D670512D824BAC67AC798DD2F0D.d.9338BE39C935B29D8206ECADA3577114.e.1757","ELEMENT":"f.D47E9D670512D824BAC67AC798DD2F0D.d.9338BE39C935B29D8206ECADA3577114.e.1757"}]}
COMMAND: POST /session/484b36992c8f3511b81194a535974a7d/element - {"using":"css selector","value":"#shell-header-logo"}
COMMAND: GET /session/484b36992c8f3511b81194a535974a7d/screenshot - {}
RESULT: {"using":"css selector","value":"#shell-header-logo"}
COMMAND: POST /session/484b36992c8f3511b81194a535974a7d/element/f.D47E9D670512D824BAC67AC798DD2F0D.d.9338BE39C935B29D8206ECADA3577114.e.1006/click - {}
RESULT: {}
RESULT: {}
COMMAND: GET /session/484b36992c8f3511b81194a535974a7d/screenshot - {}
RESULT: {}
COMMAND: POST /session/484b36992c8f3511b81194a535974a7d/execute/sync - {"script":"<script> [299 bytes]","args":[["getModel","getResource"]]}
RESULT: {"script":"<script> [299 bytes]","args":[["getModel","getResource"]]}
COMMAND: GET /session/484b36992c8f3511b81194a535974a7d/screenshot - {}
]]></system-out>
    </testcase>
    <testcase classname="chrome.135_0_7049_96.windows.Prerequisites_&amp;_test_for_yard_mass_return_on_Yard_Overview_US131057" name="Prereq Should create a new site" time="87.292">
      <system-out><![CDATA[
COMMAND: POST /session/484b36992c8f3511b81194a535974a7d/execute/async - {"script":"<script> [1562 bytes]","args":[{"selector":{"controlType":"sap.m.TileContent","bindingPath":{"path":"","propertyPath":"/properties/info"},"ancestor":{"controlType":"sap.m.GenericTile","properties":{"header":"Manage Sites"}}},"wdio_ui5_key":"sapm.TileContent{\"path\":\"\",\"propertyPath\":\"/properties/info\"}{\"controlType\":\"sap.m.GenericTile\",\"properties\":{\"header\":\"Manage Sites\"}}"}]}
RESULT: {}
RESULT: {"script":"<script> [1562 bytes]","args":[{"selector":{"controlType":"sap.m.TileContent","bindingPath":{"path":"","propertyPath":"/properties/info"},"ancestor":{"controlType":"sap.m.GenericTile","properties":{"header":"Manage Sites"}}},"wdio_ui5_key":"sapm.TileContent{\"path\":\"\",\"propertyPath\":\"/properties/info\"}{\"controlType\":\"sap.m.GenericTile\",\"properties\":{\"header\":\"Manage Sites\"}}"}]}
RESULT: undefined
COMMAND: POST /session/484b36992c8f3511b81194a535974a7d/element - {"using":"xpath","value":"//*[@id=\"__xmlview7--numericTileContent\"]"}
RESULT: {"using":"xpath","value":"//*[@id=\"__xmlview7--numericTileContent\"]"}
COMMAND: POST /session/484b36992c8f3511b81194a535974a7d/element/f.D47E9D670512D824BAC67AC798DD2F0D.d.9338BE39C935B29D8206ECADA3577114.e.1759/click - {}
RESULT: {}
COMMAND: POST /session/484b36992c8f3511b81194a535974a7d/element - {"using":"xpath","value":"//button[@data-kt=\"addOverflowToolbarButton\"]"}
COMMAND: GET /session/484b36992c8f3511b81194a535974a7d/screenshot - {}
RESULT: {"using":"xpath","value":"//button[@data-kt=\"addOverflowToolbarButton\"]"}
COMMAND: POST /session/484b36992c8f3511b81194a535974a7d/elements - {"using":"xpath","value":"//button[@data-kt=\"addOverflowToolbarButton\"]"}
RESULT: {}
RESULT: {"using":"xpath","value":"//button[@data-kt=\"addOverflowToolbarButton\"]"}
COMMAND: POST /session/484b36992c8f3511b81194a535974a7d/elements - {"using":"xpath","value":"//button[@data-kt=\"addOverflowToolbarButton\"]"}
RESULT: {"using":"xpath","value":"//button[@data-kt=\"addOverflowToolbarButton\"]"}
COMMAND: POST /session/484b36992c8f3511b81194a535974a7d/elements - {"using":"xpath","value":"//button[@data-kt=\"addOverflowToolbarButton\"]"}
RESULT: {"using":"xpath","value":"//button[@data-kt=\"addOverflowToolbarButton\"]"}
COMMAND: POST /session/484b36992c8f3511b81194a535974a7d/element - {"using":"xpath","value":"//button[@data-kt=\"addOverflowToolbarButton\"]"}
RESULT: {"using":"xpath","value":"//button[@data-kt=\"addOverflowToolbarButton\"]"}
COMMAND: POST /session/484b36992c8f3511b81194a535974a7d/execute/sync - {"script":"<script> [8489 bytes]","args":[{"element-6066-11e4-a52e-4f735466cecf":"f.D47E9D670512D824BAC67AC798DD2F0D.d.9338BE39C935B29D8206ECADA3577114.e.1806","ELEMENT":"f.D47E9D670512D824BAC67AC798DD2F0D.d.9338BE39C935B29D8206ECADA3577114.e.1806"}]}
RESULT: {"script":"<script> [8489 bytes]","args":[{"element-6066-11e4-a52e-4f735466cecf":"f.D47E9D670512D824BAC67AC798DD2F0D.d.9338BE39C935B29D8206ECADA3577114.e.1806","ELEMENT":"f.D47E9D670512D824BAC67AC798DD2F0D.d.9338BE39C935B29D8206ECADA3577114.e.1806"}]}
COMMAND: GET /session/484b36992c8f3511b81194a535974a7d/element/f.D47E9D670512D824BAC67AC798DD2F0D.d.9338BE39C935B29D8206ECADA3577114.e.1806/enabled - {}
COMMAND: GET /session/484b36992c8f3511b81194a535974a7d/screenshot - {}
RESULT: {}
COMMAND: POST /session/484b36992c8f3511b81194a535974a7d/execute/sync - {"script":"<script> [8489 bytes]","args":[{"element-6066-11e4-a52e-4f735466cecf":"f.D47E9D670512D824BAC67AC798DD2F0D.d.9338BE39C935B29D8206ECADA3577114.e.1806","ELEMENT":"f.D47E9D670512D824BAC67AC798DD2F0D.d.9338BE39C935B29D8206ECADA3577114.e.1806"}]}
COMMAND: GET /session/484b36992c8f3511b81194a535974a7d/screenshot - {}
RESULT: {}
RESULT: {"script":"<script> [8489 bytes]","args":[{"element-6066-11e4-a52e-4f735466cecf":"f.D47E9D670512D824BAC67AC798DD2F0D.d.9338BE39C935B29D8206ECADA3577114.e.1806","ELEMENT":"f.D47E9D670512D824BAC67AC798DD2F0D.d.9338BE39C935B29D8206ECADA3577114.e.1806"}]}
COMMAND: POST /session/484b36992c8f3511b81194a535974a7d/execute/sync - {"script":"<script> [5351 bytes]","args":[{"element-6066-11e4-a52e-4f735466cecf":"f.D47E9D670512D824BAC67AC798DD2F0D.d.9338BE39C935B29D8206ECADA3577114.e.1806","ELEMENT":"f.D47E9D670512D824BAC67AC798DD2F0D.d.9338BE39C935B29D8206ECADA3577114.e.1806"}]}
COMMAND: GET /session/484b36992c8f3511b81194a535974a7d/screenshot - {}
RESULT: {}
RESULT: {"script":"<script> [5351 bytes]","args":[{"element-6066-11e4-a52e-4f735466cecf":"f.D47E9D670512D824BAC67AC798DD2F0D.d.9338BE39C935B29D8206ECADA3577114.e.1806","ELEMENT":"f.D47E9D670512D824BAC67AC798DD2F0D.d.9338BE39C935B29D8206ECADA3577114.e.1806"}]}
COMMAND: POST /session/484b36992c8f3511b81194a535974a7d/element/f.D47E9D670512D824BAC67AC798DD2F0D.d.9338BE39C935B29D8206ECADA3577114.e.1806/click - {}
COMMAND: GET /session/484b36992c8f3511b81194a535974a7d/screenshot - {}
RESULT: {}
RESULT: {}
COMMAND: GET /session/484b36992c8f3511b81194a535974a7d/screenshot - {}
RESULT: {}
COMMAND: POST /session/484b36992c8f3511b81194a535974a7d/execute/async - {"script":"<script> [1562 bytes]","args":[{"selector":{"id":"application-managesites-display-component---NewSite--addressDetailDetailsName1","interaction":{"idSuffix":"inner"}},"wdio_ui5_key":"applicationmanagesites-display-component---NewSite--addressDetailDetailsName1"}]}
RESULT: {}
RESULT: {"script":"<script> [1562 bytes]","args":[{"selector":{"id":"application-managesites-display-component---NewSite--addressDetailDetailsName1","interaction":{"idSuffix":"inner"}},"wdio_ui5_key":"applicationmanagesites-display-component---NewSite--addressDetailDetailsName1"}]}
RESULT: undefined
COMMAND: POST /session/484b36992c8f3511b81194a535974a7d/execute/async - {"script":"<script> [776 bytes]","args":[{"enterText":"Intracompany Site wdIO","selector":{"id":"application-managesites-display-component---NewSite--addressDetailDetailsName1","interaction":{"idSuffix":"inner"}},"clearTextFirst":true,"interactionType":"ENTER_TEXT"}]}
RESULT: {"script":"<script> [776 bytes]","args":[{"enterText":"Intracompany Site wdIO","selector":{"id":"application-managesites-display-component---NewSite--addressDetailDetailsName1","interaction":{"idSuffix":"inner"}},"clearTextFirst":true,"interactionType":"ENTER_TEXT"}]}
COMMAND: POST /session/484b36992c8f3511b81194a535974a7d/execute/async - {"script":"<script> [1562 bytes]","args":[{"selector":{"id":"application-managesites-display-component---NewSite--addressDetailDetailsLanguage-arrow"},"wdio_ui5_key":"applicationmanagesites-display-component---NewSite--addressDetailDetailsLanguage-arrow"}]}
RESULT: {"script":"<script> [1562 bytes]","args":[{"selector":{"id":"application-managesites-display-component---NewSite--addressDetailDetailsLanguage-arrow"},"wdio_ui5_key":"applicationmanagesites-display-component---NewSite--addressDetailDetailsLanguage-arrow"}]}
RESULT: undefined
COMMAND: POST /session/484b36992c8f3511b81194a535974a7d/element - {"using":"xpath","value":"//*[@id=\"application-managesites-display-component---NewSite--addressDetailDetailsLanguage-arrow\"]"}
RESULT: {"using":"xpath","value":"//*[@id=\"application-managesites-display-component---NewSite--addressDetailDetailsLanguage-arrow\"]"}
COMMAND: POST /session/484b36992c8f3511b81194a535974a7d/element/f.D47E9D670512D824BAC67AC798DD2F0D.d.9338BE39C935B29D8206ECADA3577114.e.2206/click - {}
RESULT: {}
COMMAND: POST /session/484b36992c8f3511b81194a535974a7d/element - {"using":"xpath","value":"//span[contains(text(), \"English\")]"}
COMMAND: GET /session/484b36992c8f3511b81194a535974a7d/screenshot - {}
RESULT: {"using":"xpath","value":"//span[contains(text(), \"English\")]"}
COMMAND: POST /session/484b36992c8f3511b81194a535974a7d/element/f.D47E9D670512D824BAC67AC798DD2F0D.d.9338BE39C935B29D8206ECADA3577114.e.2207/click - {}
RESULT: {}
RESULT: {}
COMMAND: POST /session/484b36992c8f3511b81194a535974a7d/execute/async - {"script":"<script> [1562 bytes]","args":[{"selector":{"id":"application-managesites-display-component---NewSite--addressDetailDetailsCity1","interaction":{"idSuffix":"inner"}},"wdio_ui5_key":"applicationmanagesites-display-component---NewSite--addressDetailDetailsCity1"}]}
COMMAND: GET /session/484b36992c8f3511b81194a535974a7d/screenshot - {}
RESULT: {"script":"<script> [1562 bytes]","args":[{"selector":{"id":"application-managesites-display-component---NewSite--addressDetailDetailsCity1","interaction":{"idSuffix":"inner"}},"wdio_ui5_key":"applicationmanagesites-display-component---NewSite--addressDetailDetailsCity1"}]}
RESULT: undefined
COMMAND: POST /session/484b36992c8f3511b81194a535974a7d/execute/async - {"script":"<script> [776 bytes]","args":[{"enterText":"Rosario","selector":{"id":"application-managesites-display-component---NewSite--addressDetailDetailsCity1","interaction":{"idSuffix":"inner"}},"clearTextFirst":true,"interactionType":"ENTER_TEXT"}]}
RESULT: {}
RESULT: {"script":"<script> [776 bytes]","args":[{"enterText":"Rosario","selector":{"id":"application-managesites-display-component---NewSite--addressDetailDetailsCity1","interaction":{"idSuffix":"inner"}},"clearTextFirst":true,"interactionType":"ENTER_TEXT"}]}
COMMAND: POST /session/484b36992c8f3511b81194a535974a7d/execute/async - {"script":"<script> [1562 bytes]","args":[{"selector":{"id":"application-managesites-display-component---NewSite--addressDetailDetailsCountry-arrow"},"wdio_ui5_key":"applicationmanagesites-display-component---NewSite--addressDetailDetailsCountry-arrow"}]}
RESULT: {"script":"<script> [1562 bytes]","args":[{"selector":{"id":"application-managesites-display-component---NewSite--addressDetailDetailsCountry-arrow"},"wdio_ui5_key":"applicationmanagesites-display-component---NewSite--addressDetailDetailsCountry-arrow"}]}
RESULT: undefined
COMMAND: POST /session/484b36992c8f3511b81194a535974a7d/element - {"using":"xpath","value":"//*[@id=\"application-managesites-display-component---NewSite--addressDetailDetailsCountry-arrow\"]"}
RESULT: {"using":"xpath","value":"//*[@id=\"application-managesites-display-component---NewSite--addressDetailDetailsCountry-arrow\"]"}
COMMAND: POST /session/484b36992c8f3511b81194a535974a7d/element/f.D47E9D670512D824BAC67AC798DD2F0D.d.9338BE39C935B29D8206ECADA3577114.e.2209/click - {}
RESULT: {}
COMMAND: POST /session/484b36992c8f3511b81194a535974a7d/element - {"using":"xpath","value":"//span[contains(text(), \"Argentina\")]"}
COMMAND: GET /session/484b36992c8f3511b81194a535974a7d/screenshot - {}
RESULT: {"using":"xpath","value":"//span[contains(text(), \"Argentina\")]"}
COMMAND: POST /session/484b36992c8f3511b81194a535974a7d/element/f.D47E9D670512D824BAC67AC798DD2F0D.d.9338BE39C935B29D8206ECADA3577114.e.2210/click - {}
RESULT: {}
RESULT: {}
COMMAND: GET /session/484b36992c8f3511b81194a535974a7d/screenshot - {}
RESULT: {}
COMMAND: POST /session/484b36992c8f3511b81194a535974a7d/execute/async - {"script":"<script> [1562 bytes]","args":[{"selector":{"id":"application-managesites-display-component---NewSite--addressEditDetailsCostObjectCstType-arrow"},"wdio_ui5_key":"applicationmanagesites-display-component---NewSite--addressEditDetailsCostObjectCstType-arrow"}]}
RESULT: {"script":"<script> [1562 bytes]","args":[{"selector":{"id":"application-managesites-display-component---NewSite--addressEditDetailsCostObjectCstType-arrow"},"wdio_ui5_key":"applicationmanagesites-display-component---NewSite--addressEditDetailsCostObjectCstType-arrow"}]}
RESULT: undefined
COMMAND: POST /session/484b36992c8f3511b81194a535974a7d/element - {"using":"xpath","value":"//*[@id=\"application-managesites-display-component---NewSite--addressEditDetailsCostObjectCstType-arrow\"]"}
RESULT: {"using":"xpath","value":"//*[@id=\"application-managesites-display-component---NewSite--addressEditDetailsCostObjectCstType-arrow\"]"}
COMMAND: POST /session/484b36992c8f3511b81194a535974a7d/element/f.D47E9D670512D824BAC67AC798DD2F0D.d.9338BE39C935B29D8206ECADA3577114.e.2212/click - {}
RESULT: {}
COMMAND: POST /session/484b36992c8f3511b81194a535974a7d/element - {"using":"xpath","value":"//span[contains(text(), \"Cost Center\")]"}
COMMAND: GET /session/484b36992c8f3511b81194a535974a7d/screenshot - {}
RESULT: {"using":"xpath","value":"//span[contains(text(), \"Cost Center\")]"}
COMMAND: POST /session/484b36992c8f3511b81194a535974a7d/element/f.D47E9D670512D824BAC67AC798DD2F0D.d.9338BE39C935B29D8206ECADA3577114.e.2213/click - {}
RESULT: {}
RESULT: {}
COMMAND: GET /session/484b36992c8f3511b81194a535974a7d/screenshot - {}
RESULT: {}
COMMAND: POST /session/484b36992c8f3511b81194a535974a7d/element - {"using":"xpath","value":"//span[@id=\"application-managesites-display-component---NewSite--addressNewCostObjectCstID-vhi\"]"}
RESULT: {"using":"xpath","value":"//span[@id=\"application-managesites-display-component---NewSite--addressNewCostObjectCstID-vhi\"]"}
COMMAND: POST /session/484b36992c8f3511b81194a535974a7d/execute/sync - {"script":"<script> [8489 bytes]","args":[{"element-6066-11e4-a52e-4f735466cecf":"f.D47E9D670512D824BAC67AC798DD2F0D.d.9338BE39C935B29D8206ECADA3577114.e.2218","ELEMENT":"f.D47E9D670512D824BAC67AC798DD2F0D.d.9338BE39C935B29D8206ECADA3577114.e.2218"}]}
RESULT: {"script":"<script> [8489 bytes]","args":[{"element-6066-11e4-a52e-4f735466cecf":"f.D47E9D670512D824BAC67AC798DD2F0D.d.9338BE39C935B29D8206ECADA3577114.e.2218","ELEMENT":"f.D47E9D670512D824BAC67AC798DD2F0D.d.9338BE39C935B29D8206ECADA3577114.e.2218"}]}
COMMAND: POST /session/484b36992c8f3511b81194a535974a7d/execute/async - {"script":"<script> [1562 bytes]","args":[{"selector":{"id":"application-managesites-display-component---NewSite--addressNewCostObjectCstID-vhi"},"wdio_ui5_key":"applicationmanagesites-display-component---NewSite--addressNewCostObjectCstID-vhi"}]}
COMMAND: GET /session/484b36992c8f3511b81194a535974a7d/screenshot - {}
RESULT: {"script":"<script> [1562 bytes]","args":[{"selector":{"id":"application-managesites-display-component---NewSite--addressNewCostObjectCstID-vhi"},"wdio_ui5_key":"applicationmanagesites-display-component---NewSite--addressNewCostObjectCstID-vhi"}]}
RESULT: undefined
COMMAND: POST /session/484b36992c8f3511b81194a535974a7d/element - {"using":"xpath","value":"//*[@id=\"application-managesites-display-component---NewSite--addressNewCostObjectCstID-vhi\"]"}
RESULT: {}
RESULT: {"using":"xpath","value":"//*[@id=\"application-managesites-display-component---NewSite--addressNewCostObjectCstID-vhi\"]"}
COMMAND: POST /session/484b36992c8f3511b81194a535974a7d/element/f.D47E9D670512D824BAC67AC798DD2F0D.d.9338BE39C935B29D8206ECADA3577114.e.2218/click - {}
RESULT: {}
COMMAND: GET /session/484b36992c8f3511b81194a535974a7d/screenshot - {}
RESULT: {}
RESULT: undefined
COMMAND: POST /session/484b36992c8f3511b81194a535974a7d/execute/async - {"script":"<script> [776 bytes]","args":[{"enterText":"10001013","selector":{"controlType":"sap.m.SearchField","properties":{"placeholder":"Search"},"searchOpenDialogs":true,"interaction":{"idSuffix":"I"}},"clearTextFirst":true,"interactionType":"ENTER_TEXT"}]}
RESULT: {"script":"<script> [776 bytes]","args":[{"enterText":"10001013","selector":{"controlType":"sap.m.SearchField","properties":{"placeholder":"Search"},"searchOpenDialogs":true,"interaction":{"idSuffix":"I"}},"clearTextFirst":true,"interactionType":"ENTER_TEXT"}]}
COMMAND: POST /session/484b36992c8f3511b81194a535974a7d/actions - {"actions":[{"id":"action6","type":"key","parameters":{},"actions":[{"type":"keyDown","value":"î€‡"},{"type":"pause","duration":10},{"type":"keyUp","value":"î€‡"}]}]}
RESULT: {"actions":[{"id":"action6","type":"key","parameters":{},"actions":[{"type":"keyDown","value":"î€‡"},{"type":"pause","duration":10},{"type":"keyUp","value":"î€‡"}]}]}
COMMAND: GET /session/484b36992c8f3511b81194a535974a7d/screenshot - {}
RESULT: {}
COMMAND: POST /session/484b36992c8f3511b81194a535974a7d/element - {"using":"xpath","value":"//span[contains(text(), \"General Management\")]"}
RESULT: {"using":"xpath","value":"//span[contains(text(), \"General Management\")]"}
COMMAND: POST /session/484b36992c8f3511b81194a535974a7d/element/f.D47E9D670512D824BAC67AC798DD2F0D.d.9338BE39C935B29D8206ECADA3577114.e.2256/click - {}
RESULT: {}
COMMAND: GET /session/484b36992c8f3511b81194a535974a7d/screenshot - {}
RESULT: {}
COMMAND: POST /session/484b36992c8f3511b81194a535974a7d/element - {"using":"xpath","value":"//bdi[contains(text(), \"OK\")]"}
RESULT: {"using":"xpath","value":"//bdi[contains(text(), \"OK\")]"}
COMMAND: POST /session/484b36992c8f3511b81194a535974a7d/element/f.D47E9D670512D824BAC67AC798DD2F0D.d.9338BE39C935B29D8206ECADA3577114.e.2257/click - {}
RESULT: {}
COMMAND: GET /session/484b36992c8f3511b81194a535974a7d/screenshot - {}
RESULT: {}
COMMAND: POST /session/484b36992c8f3511b81194a535974a7d/element - {"using":"xpath","value":"//input[@id=\"application-managesites-display-component---NewSite--addressDetailDetailsCalendar-inner\"]"}
RESULT: {"using":"xpath","value":"//input[@id=\"application-managesites-display-component---NewSite--addressDetailDetailsCalendar-inner\"]"}
COMMAND: POST /session/484b36992c8f3511b81194a535974a7d/element/f.D47E9D670512D824BAC67AC798DD2F0D.d.9338BE39C935B29D8206ECADA3577114.e.2005/clear - {}
RESULT: {}
COMMAND: POST /session/484b36992c8f3511b81194a535974a7d/element/f.D47E9D670512D824BAC67AC798DD2F0D.d.9338BE39C935B29D8206ECADA3577114.e.2005/value - {"text":"Unit"}
COMMAND: GET /session/484b36992c8f3511b81194a535974a7d/screenshot - {}
RESULT: {"text":"Unit"}
COMMAND: GET /session/484b36992c8f3511b81194a535974a7d/screenshot - {}
RESULT: {}
RESULT: {}
COMMAND: POST /session/484b36992c8f3511b81194a535974a7d/actions - {"actions":[{"id":"action7","type":"key","parameters":{},"actions":[{"type":"keyDown","value":"î€‡"},{"type":"pause","duration":10},{"type":"keyUp","value":"î€‡"}]}]}
RESULT: {"actions":[{"id":"action7","type":"key","parameters":{},"actions":[{"type":"keyDown","value":"î€‡"},{"type":"pause","duration":10},{"type":"keyUp","value":"î€‡"}]}]}
COMMAND: POST /session/484b36992c8f3511b81194a535974a7d/element - {"using":"xpath","value":"//input[@id=\"application-managesites-display-component---NewSite--addressDetailDetailsYard-inner\"]"}
COMMAND: GET /session/484b36992c8f3511b81194a535974a7d/screenshot - {}
RESULT: {"using":"xpath","value":"//input[@id=\"application-managesites-display-component---NewSite--addressDetailDetailsYard-inner\"]"}
COMMAND: POST /session/484b36992c8f3511b81194a535974a7d/element/f.D47E9D670512D824BAC67AC798DD2F0D.d.9338BE39C935B29D8206ECADA3577114.e.2006/clear - {}
RESULT: {}
RESULT: {}
COMMAND: POST /session/484b36992c8f3511b81194a535974a7d/element/f.D47E9D670512D824BAC67AC798DD2F0D.d.9338BE39C935B29D8206ECADA3577114.e.2006/value - {"text":"554"}
COMMAND: GET /session/484b36992c8f3511b81194a535974a7d/screenshot - {}
RESULT: {}
RESULT: {"text":"554"}
COMMAND: GET /session/484b36992c8f3511b81194a535974a7d/screenshot - {}
RESULT: {}
COMMAND: POST /session/484b36992c8f3511b81194a535974a7d/element - {"using":"xpath","value":"//li[.//span[text()='554']]"}
RESULT: {"using":"xpath","value":"//li[.//span[text()='554']]"}
COMMAND: POST /session/484b36992c8f3511b81194a535974a7d/element/f.D47E9D670512D824BAC67AC798DD2F0D.d.9338BE39C935B29D8206ECADA3577114.e.2265/click - {}
RESULT: {}
COMMAND: GET /session/484b36992c8f3511b81194a535974a7d/screenshot - {}
RESULT: {}
COMMAND: POST /session/484b36992c8f3511b81194a535974a7d/element - {"using":"xpath","value":"//input[@id=\"application-managesites-display-component---NewSite--addressDetailDetailsPartner-inner\"]"}
RESULT: {"using":"xpath","value":"//input[@id=\"application-managesites-display-component---NewSite--addressDetailDetailsPartner-inner\"]"}
COMMAND: POST /session/484b36992c8f3511b81194a535974a7d/element - {"using":"xpath","value":"//input[@id=\"application-managesites-display-component---NewSite--addressDetailDetailsPartner-inner\"]"}
RESULT: {"using":"xpath","value":"//input[@id=\"application-managesites-display-component---NewSite--addressDetailDetailsPartner-inner\"]"}
COMMAND: POST /session/484b36992c8f3511b81194a535974a7d/element - {"using":"xpath","value":"//button[@data-kt=\"saveButton\"]"}
RESULT: {"using":"xpath","value":"//button[@data-kt=\"saveButton\"]"}
COMMAND: POST /session/484b36992c8f3511b81194a535974a7d/element/f.D47E9D670512D824BAC67AC798DD2F0D.d.9338BE39C935B29D8206ECADA3577114.e.2155/click - {}
RESULT: {}
COMMAND: GET /session/484b36992c8f3511b81194a535974a7d/screenshot - {}
RESULT: {}
COMMAND: POST /session/484b36992c8f3511b81194a535974a7d/element - {"using":"xpath","value":"//header[contains(@id, 'ObjectPageLayout-headerTitle')]/div[1]/div[2]/div[2]/span[1]"}
RESULT: {"using":"xpath","value":"//header[contains(@id, 'ObjectPageLayout-headerTitle')]/div[1]/div[2]/div[2]/span[1]"}
COMMAND: POST /session/484b36992c8f3511b81194a535974a7d/elements - {"using":"xpath","value":"//header[contains(@id, 'ObjectPageLayout-headerTitle')]/div[1]/div[2]/div[2]/span[1]"}
RESULT: {"using":"xpath","value":"//header[contains(@id, 'ObjectPageLayout-headerTitle')]/div[1]/div[2]/div[2]/span[1]"}
COMMAND: POST /session/484b36992c8f3511b81194a535974a7d/execute/sync - {"script":"<script> [56 bytes]","args":[{"element-6066-11e4-a52e-4f735466cecf":"f.D47E9D670512D824BAC67AC798DD2F0D.d.9338BE39C935B29D8206ECADA3577114.e.2467","ELEMENT":"f.D47E9D670512D824BAC67AC798DD2F0D.d.9338BE39C935B29D8206ECADA3577114.e.2467"}]}
RESULT: {"script":"<script> [56 bytes]","args":[{"element-6066-11e4-a52e-4f735466cecf":"f.D47E9D670512D824BAC67AC798DD2F0D.d.9338BE39C935B29D8206ECADA3577114.e.2467","ELEMENT":"f.D47E9D670512D824BAC67AC798DD2F0D.d.9338BE39C935B29D8206ECADA3577114.e.2467"}]}
COMMAND: POST /session/484b36992c8f3511b81194a535974a7d/element - {"using":"css selector","value":"#shell-header-logo"}
COMMAND: GET /session/484b36992c8f3511b81194a535974a7d/screenshot - {}
RESULT: {"using":"css selector","value":"#shell-header-logo"}
COMMAND: POST /session/484b36992c8f3511b81194a535974a7d/element/f.D47E9D670512D824BAC67AC798DD2F0D.d.9338BE39C935B29D8206ECADA3577114.e.1763/click - {}
RESULT: {}
RESULT: {}
COMMAND: GET /session/484b36992c8f3511b81194a535974a7d/screenshot - {}
RESULT: {}
COMMAND: POST /session/484b36992c8f3511b81194a535974a7d/execute/sync - {"script":"<script> [299 bytes]","args":[["getModel","getResource"]]}
RESULT: {"script":"<script> [299 bytes]","args":[["getModel","getResource"]]}
]]></system-out>
    </testcase>
    <testcase classname="chrome.135_0_7049_96.windows.Prerequisites_&amp;_test_for_yard_mass_return_on_Yard_Overview_US131057" name="Prereq Should create a new material" time="107.753">
      <system-out><![CDATA[
COMMAND: GET /session/484b36992c8f3511b81194a535974a7d/screenshot - {}
COMMAND: POST /session/484b36992c8f3511b81194a535974a7d/execute/async - {"script":"<script> [1562 bytes]","args":[{"selector":{"controlType":"sap.m.GenericTile","properties":{"header":"Manage Resources"}},"wdio_ui5_key":"sapm.GenericTile{\"header\":\"Manage Resources\"}"}]}
RESULT: {}
RESULT: {"script":"<script> [1562 bytes]","args":[{"selector":{"controlType":"sap.m.GenericTile","properties":{"header":"Manage Resources"}},"wdio_ui5_key":"sapm.GenericTile{\"header\":\"Manage Resources\"}"}]}
RESULT: undefined
COMMAND: POST /session/484b36992c8f3511b81194a535974a7d/element - {"using":"xpath","value":"//*[@id=\"__tile39\"]"}
RESULT: {"using":"xpath","value":"//*[@id=\"__tile39\"]"}
COMMAND: POST /session/484b36992c8f3511b81194a535974a7d/element/f.D47E9D670512D824BAC67AC798DD2F0D.d.9338BE39C935B29D8206ECADA3577114.e.155/click - {}
RESULT: {}
COMMAND: POST /session/484b36992c8f3511b81194a535974a7d/element - {"using":"xpath","value":"//button[@data-kt=\"addNewRUOverflowToolbarButton\"]"}
COMMAND: GET /session/484b36992c8f3511b81194a535974a7d/screenshot - {}
RESULT: {"using":"xpath","value":"//button[@data-kt=\"addNewRUOverflowToolbarButton\"]"}
COMMAND: POST /session/484b36992c8f3511b81194a535974a7d/elements - {"using":"xpath","value":"//button[@data-kt=\"addNewRUOverflowToolbarButton\"]"}
RESULT: {}
RESULT: {"using":"xpath","value":"//button[@data-kt=\"addNewRUOverflowToolbarButton\"]"}
COMMAND: POST /session/484b36992c8f3511b81194a535974a7d/elements - {"using":"xpath","value":"//button[@data-kt=\"addNewRUOverflowToolbarButton\"]"}
RESULT: {"using":"xpath","value":"//button[@data-kt=\"addNewRUOverflowToolbarButton\"]"}
COMMAND: POST /session/484b36992c8f3511b81194a535974a7d/element - {"using":"xpath","value":"//button[@data-kt=\"addNewRUOverflowToolbarButton\"]"}
RESULT: {"using":"xpath","value":"//button[@data-kt=\"addNewRUOverflowToolbarButton\"]"}
COMMAND: POST /session/484b36992c8f3511b81194a535974a7d/execute/sync - {"script":"<script> [8489 bytes]","args":[{"element-6066-11e4-a52e-4f735466cecf":"f.D47E9D670512D824BAC67AC798DD2F0D.d.9338BE39C935B29D8206ECADA3577114.e.2500","ELEMENT":"f.D47E9D670512D824BAC67AC798DD2F0D.d.9338BE39C935B29D8206ECADA3577114.e.2500"}]}
RESULT: {"script":"<script> [8489 bytes]","args":[{"element-6066-11e4-a52e-4f735466cecf":"f.D47E9D670512D824BAC67AC798DD2F0D.d.9338BE39C935B29D8206ECADA3577114.e.2500","ELEMENT":"f.D47E9D670512D824BAC67AC798DD2F0D.d.9338BE39C935B29D8206ECADA3577114.e.2500"}]}
COMMAND: GET /session/484b36992c8f3511b81194a535974a7d/element/f.D47E9D670512D824BAC67AC798DD2F0D.d.9338BE39C935B29D8206ECADA3577114.e.2500/enabled - {}
COMMAND: GET /session/484b36992c8f3511b81194a535974a7d/screenshot - {}
RESULT: {}
COMMAND: POST /session/484b36992c8f3511b81194a535974a7d/execute/sync - {"script":"<script> [8489 bytes]","args":[{"element-6066-11e4-a52e-4f735466cecf":"f.D47E9D670512D824BAC67AC798DD2F0D.d.9338BE39C935B29D8206ECADA3577114.e.2500","ELEMENT":"f.D47E9D670512D824BAC67AC798DD2F0D.d.9338BE39C935B29D8206ECADA3577114.e.2500"}]}
COMMAND: GET /session/484b36992c8f3511b81194a535974a7d/screenshot - {}
RESULT: {}
RESULT: {"script":"<script> [8489 bytes]","args":[{"element-6066-11e4-a52e-4f735466cecf":"f.D47E9D670512D824BAC67AC798DD2F0D.d.9338BE39C935B29D8206ECADA3577114.e.2500","ELEMENT":"f.D47E9D670512D824BAC67AC798DD2F0D.d.9338BE39C935B29D8206ECADA3577114.e.2500"}]}
COMMAND: POST /session/484b36992c8f3511b81194a535974a7d/execute/sync - {"script":"<script> [5351 bytes]","args":[{"element-6066-11e4-a52e-4f735466cecf":"f.D47E9D670512D824BAC67AC798DD2F0D.d.9338BE39C935B29D8206ECADA3577114.e.2500","ELEMENT":"f.D47E9D670512D824BAC67AC798DD2F0D.d.9338BE39C935B29D8206ECADA3577114.e.2500"}]}
COMMAND: GET /session/484b36992c8f3511b81194a535974a7d/screenshot - {}
RESULT: {}
RESULT: {"script":"<script> [5351 bytes]","args":[{"element-6066-11e4-a52e-4f735466cecf":"f.D47E9D670512D824BAC67AC798DD2F0D.d.9338BE39C935B29D8206ECADA3577114.e.2500","ELEMENT":"f.D47E9D670512D824BAC67AC798DD2F0D.d.9338BE39C935B29D8206ECADA3577114.e.2500"}]}
COMMAND: POST /session/484b36992c8f3511b81194a535974a7d/element/f.D47E9D670512D824BAC67AC798DD2F0D.d.9338BE39C935B29D8206ECADA3577114.e.2500/click - {}
COMMAND: GET /session/484b36992c8f3511b81194a535974a7d/screenshot - {}
RESULT: {}
RESULT: {}
COMMAND: GET /session/484b36992c8f3511b81194a535974a7d/screenshot - {}
RESULT: {}
RESULT: {}
COMMAND: POST /session/484b36992c8f3511b81194a535974a7d/execute/async - {"script":"<script> [1562 bytes]","args":[{"selector":{"id":"application-manageresources-display-component---newResourceUnit--TYPE-arrow"},"wdio_ui5_key":"applicationmanageresources-display-component---newResourceUnit--TYPE-arrow"}]}
RESULT: {"script":"<script> [1562 bytes]","args":[{"selector":{"id":"application-manageresources-display-component---newResourceUnit--TYPE-arrow"},"wdio_ui5_key":"applicationmanageresources-display-component---newResourceUnit--TYPE-arrow"}]}
RESULT: undefined
COMMAND: POST /session/484b36992c8f3511b81194a535974a7d/element - {"using":"xpath","value":"//*[@id=\"application-manageresources-display-component---newResourceUnit--TYPE-arrow\"]"}
RESULT: {"using":"xpath","value":"//*[@id=\"application-manageresources-display-component---newResourceUnit--TYPE-arrow\"]"}
COMMAND: POST /session/484b36992c8f3511b81194a535974a7d/element/f.D47E9D670512D824BAC67AC798DD2F0D.d.9338BE39C935B29D8206ECADA3577114.e.2872/click - {}
RESULT: {}
COMMAND: POST /session/484b36992c8f3511b81194a535974a7d/element - {"using":"xpath","value":"//input[@id=\"application-manageresources-display-component---newResourceUnit--TYPE-inner\"]"}
COMMAND: GET /session/484b36992c8f3511b81194a535974a7d/screenshot - {}
RESULT: {"using":"xpath","value":"//input[@id=\"application-manageresources-display-component---newResourceUnit--TYPE-inner\"]"}
COMMAND: POST /session/484b36992c8f3511b81194a535974a7d/element/f.D47E9D670512D824BAC67AC798DD2F0D.d.9338BE39C935B29D8206ECADA3577114.e.2853/clear - {}
RESULT: {}
RESULT: {}
COMMAND: POST /session/484b36992c8f3511b81194a535974a7d/element/f.D47E9D670512D824BAC67AC798DD2F0D.d.9338BE39C935B29D8206ECADA3577114.e.2853/value - {"text":"Material"}
COMMAND: GET /session/484b36992c8f3511b81194a535974a7d/screenshot - {}
RESULT: {"text":"Material"}
COMMAND: GET /session/484b36992c8f3511b81194a535974a7d/screenshot - {}
RESULT: {}
RESULT: {}
COMMAND: POST /session/484b36992c8f3511b81194a535974a7d/actions - {"actions":[{"id":"action8","type":"key","parameters":{},"actions":[{"type":"keyDown","value":"î€‡"},{"type":"pause","duration":10},{"type":"keyUp","value":"î€‡"}]}]}
RESULT: {"actions":[{"id":"action8","type":"key","parameters":{},"actions":[{"type":"keyDown","value":"î€‡"},{"type":"pause","duration":10},{"type":"keyUp","value":"î€‡"}]}]}
COMMAND: POST /session/484b36992c8f3511b81194a535974a7d/execute/async - {"script":"<script> [1562 bytes]","args":[{"selector":{"id":"application-manageresources-display-component---newResourceUnit--SHORT_TEXT","interaction":{"idSuffix":"inner"}},"wdio_ui5_key":"applicationmanageresources-display-component---newResourceUnit--SHORT_TEXT"}]}
COMMAND: GET /session/484b36992c8f3511b81194a535974a7d/screenshot - {}
RESULT: {"script":"<script> [1562 bytes]","args":[{"selector":{"id":"application-manageresources-display-component---newResourceUnit--SHORT_TEXT","interaction":{"idSuffix":"inner"}},"wdio_ui5_key":"applicationmanageresources-display-component---newResourceUnit--SHORT_TEXT"}]}
RESULT: undefined
COMMAND: POST /session/484b36992c8f3511b81194a535974a7d/execute/async - {"script":"<script> [776 bytes]","args":[{"enterText":"Cement WDIO","selector":{"id":"application-manageresources-display-component---newResourceUnit--SHORT_TEXT","interaction":{"idSuffix":"inner"}},"clearTextFirst":true,"interactionType":"ENTER_TEXT"}]}
RESULT: {}
RESULT: {"script":"<script> [776 bytes]","args":[{"enterText":"Cement WDIO","selector":{"id":"application-manageresources-display-component---newResourceUnit--SHORT_TEXT","interaction":{"idSuffix":"inner"}},"clearTextFirst":true,"interactionType":"ENTER_TEXT"}]}
COMMAND: POST /session/484b36992c8f3511b81194a535974a7d/execute/async - {"script":"<script> [1562 bytes]","args":[{"selector":{"id":"application-manageresources-display-component---newResourceUnit--BASE_UNIT_OF_MEASURE","interaction":{"idSuffix":"inner"}},"wdio_ui5_key":"applicationmanageresources-display-component---newResourceUnit--BASE_UNIT_OF_MEASURE"}]}
RESULT: {"script":"<script> [1562 bytes]","args":[{"selector":{"id":"application-manageresources-display-component---newResourceUnit--BASE_UNIT_OF_MEASURE","interaction":{"idSuffix":"inner"}},"wdio_ui5_key":"applicationmanageresources-display-component---newResourceUnit--BASE_UNIT_OF_MEASURE"}]}
RESULT: undefined
COMMAND: POST /session/484b36992c8f3511b81194a535974a7d/execute/async - {"script":"<script> [776 bytes]","args":[{"enterText":"Piece","selector":{"id":"application-manageresources-display-component---newResourceUnit--BASE_UNIT_OF_MEASURE","interaction":{"idSuffix":"inner"}},"clearTextFirst":true,"interactionType":"ENTER_TEXT"}]}
RESULT: {"script":"<script> [776 bytes]","args":[{"enterText":"Piece","selector":{"id":"application-manageresources-display-component---newResourceUnit--BASE_UNIT_OF_MEASURE","interaction":{"idSuffix":"inner"}},"clearTextFirst":true,"interactionType":"ENTER_TEXT"}]}
COMMAND: POST /session/484b36992c8f3511b81194a535974a7d/execute/async - {"script":"<script> [1562 bytes]","args":[{"selector":{"id":"application-manageresources-display-component---newResourceUnit--WEIGHT_UNIT","interaction":{"idSuffix":"inner"}},"wdio_ui5_key":"applicationmanageresources-display-component---newResourceUnit--WEIGHT_UNIT"}]}
RESULT: {"script":"<script> [1562 bytes]","args":[{"selector":{"id":"application-manageresources-display-component---newResourceUnit--WEIGHT_UNIT","interaction":{"idSuffix":"inner"}},"wdio_ui5_key":"applicationmanageresources-display-component---newResourceUnit--WEIGHT_UNIT"}]}
RESULT: undefined
COMMAND: POST /session/484b36992c8f3511b81194a535974a7d/execute/async - {"script":"<script> [776 bytes]","args":[{"enterText":"Gram","selector":{"id":"application-manageresources-display-component---newResourceUnit--WEIGHT_UNIT","interaction":{"idSuffix":"inner"}},"clearTextFirst":true,"interactionType":"ENTER_TEXT"}]}
RESULT: {"script":"<script> [776 bytes]","args":[{"enterText":"Gram","selector":{"id":"application-manageresources-display-component---newResourceUnit--WEIGHT_UNIT","interaction":{"idSuffix":"inner"}},"clearTextFirst":true,"interactionType":"ENTER_TEXT"}]}
COMMAND: POST /session/484b36992c8f3511b81194a535974a7d/execute/async - {"script":"<script> [1562 bytes]","args":[{"selector":{"id":"application-manageresources-display-component---newResourceUnit--DIMENSION_UNIT","interaction":{"idSuffix":"inner"}},"wdio_ui5_key":"applicationmanageresources-display-component---newResourceUnit--DIMENSION_UNIT"}]}
RESULT: {"script":"<script> [1562 bytes]","args":[{"selector":{"id":"application-manageresources-display-component---newResourceUnit--DIMENSION_UNIT","interaction":{"idSuffix":"inner"}},"wdio_ui5_key":"applicationmanageresources-display-component---newResourceUnit--DIMENSION_UNIT"}]}
RESULT: undefined
COMMAND: POST /session/484b36992c8f3511b81194a535974a7d/execute/async - {"script":"<script> [776 bytes]","args":[{"enterText":"Meter","selector":{"id":"application-manageresources-display-component---newResourceUnit--DIMENSION_UNIT","interaction":{"idSuffix":"inner"}},"clearTextFirst":true,"interactionType":"ENTER_TEXT"}]}
RESULT: {"script":"<script> [776 bytes]","args":[{"enterText":"Meter","selector":{"id":"application-manageresources-display-component---newResourceUnit--DIMENSION_UNIT","interaction":{"idSuffix":"inner"}},"clearTextFirst":true,"interactionType":"ENTER_TEXT"}]}
COMMAND: POST /session/484b36992c8f3511b81194a535974a7d/execute/async - {"script":"<script> [1562 bytes]","args":[{"selector":{"id":"application-manageresources-display-component---newResourceUnit--newRRUPage-anchBar-application-manageresources-display-component---newResourceUnit--control-anchor","interaction":{"idSuffix":"BDI-content"}},"wdio_ui5_key":"applicationmanageresources-display-component---newResourceUnit--newRRUPage-anchBar-application-manageresources-display-component---newResourceUnit--control-anchor"}]}
RESULT: {"script":"<script> [1562 bytes]","args":[{"selector":{"id":"application-manageresources-display-component---newResourceUnit--newRRUPage-anchBar-application-manageresources-display-component---newResourceUnit--control-anchor","interaction":{"idSuffix":"BDI-content"}},"wdio_ui5_key":"applicationmanageresources-display-component---newResourceUnit--newRRUPage-anchBar-application-manageresources-display-component---newResourceUnit--control-anchor"}]}
RESULT: undefined
COMMAND: POST /session/484b36992c8f3511b81194a535974a7d/element - {"using":"xpath","value":"//*[@id=\"application-manageresources-display-component---newResourceUnit--newRRUPage-anchBar-application-manageresources-display-component---newResourceUnit--control-anchor\"]"}
RESULT: {"using":"xpath","value":"//*[@id=\"application-manageresources-display-component---newResourceUnit--newRRUPage-anchBar-application-manageresources-display-component---newResourceUnit--control-anchor\"]"}
COMMAND: POST /session/484b36992c8f3511b81194a535974a7d/element/f.D47E9D670512D824BAC67AC798DD2F0D.d.9338BE39C935B29D8206ECADA3577114.e.2939/click - {}
RESULT: {}
COMMAND: POST /session/484b36992c8f3511b81194a535974a7d/execute/async - {"script":"<script> [1562 bytes]","args":[{"selector":{"id":"application-manageresources-display-component---newResourceUnit--PLANNING_GROUP","interaction":{"idSuffix":"inner"}},"wdio_ui5_key":"applicationmanageresources-display-component---newResourceUnit--PLANNING_GROUP"}]}
COMMAND: GET /session/484b36992c8f3511b81194a535974a7d/screenshot - {}
RESULT: {"script":"<script> [1562 bytes]","args":[{"selector":{"id":"application-manageresources-display-component---newResourceUnit--PLANNING_GROUP","interaction":{"idSuffix":"inner"}},"wdio_ui5_key":"applicationmanageresources-display-component---newResourceUnit--PLANNING_GROUP"}]}
RESULT: undefined
COMMAND: POST /session/484b36992c8f3511b81194a535974a7d/execute/async - {"script":"<script> [776 bytes]","args":[{"enterText":"Material","selector":{"id":"application-manageresources-display-component---newResourceUnit--PLANNING_GROUP","interaction":{"idSuffix":"inner"}},"clearTextFirst":true,"interactionType":"ENTER_TEXT"}]}
RESULT: {}
RESULT: {"script":"<script> [776 bytes]","args":[{"enterText":"Material","selector":{"id":"application-manageresources-display-component---newResourceUnit--PLANNING_GROUP","interaction":{"idSuffix":"inner"}},"clearTextFirst":true,"interactionType":"ENTER_TEXT"}]}
COMMAND: POST /session/484b36992c8f3511b81194a535974a7d/execute/async - {"script":"<script> [1562 bytes]","args":[{"selector":{"id":"application-manageresources-display-component---newResourceUnit--PLANNING_INDICATOR","interaction":{"idSuffix":"inner"}},"wdio_ui5_key":"applicationmanageresources-display-component---newResourceUnit--PLANNING_INDICATOR"}]}
RESULT: {"script":"<script> [1562 bytes]","args":[{"selector":{"id":"application-manageresources-display-component---newResourceUnit--PLANNING_INDICATOR","interaction":{"idSuffix":"inner"}},"wdio_ui5_key":"applicationmanageresources-display-component---newResourceUnit--PLANNING_INDICATOR"}]}
RESULT: undefined
COMMAND: POST /session/484b36992c8f3511b81194a535974a7d/execute/async - {"script":"<script> [776 bytes]","args":[{"enterText":"10 - infinite","selector":{"id":"application-manageresources-display-component---newResourceUnit--PLANNING_INDICATOR","interaction":{"idSuffix":"inner"}},"clearTextFirst":true,"interactionType":"ENTER_TEXT"}]}
RESULT: {"script":"<script> [776 bytes]","args":[{"enterText":"10 - infinite","selector":{"id":"application-manageresources-display-component---newResourceUnit--PLANNING_INDICATOR","interaction":{"idSuffix":"inner"}},"clearTextFirst":true,"interactionType":"ENTER_TEXT"}]}
COMMAND: POST /session/484b36992c8f3511b81194a535974a7d/element - {"using":"css selector","value":"#application-manageresources-display-component---newResourceUnit--btnAddTimeSegment"}
RESULT: {"using":"css selector","value":"#application-manageresources-display-component---newResourceUnit--btnAddTimeSegment"}
COMMAND: GET /session/484b36992c8f3511b81194a535974a7d/element/f.D47E9D670512D824BAC67AC798DD2F0D.d.9338BE39C935B29D8206ECADA3577114.e.2947/rect - {}
RESULT: {}
COMMAND: GET /session/484b36992c8f3511b81194a535974a7d/window/rect - {}
RESULT: {}
COMMAND: POST /session/484b36992c8f3511b81194a535974a7d/execute/sync - {"script":"<script> [92 bytes]","args":[]}
RESULT: {"script":"<script> [92 bytes]","args":[]}
COMMAND: POST /session/484b36992c8f3511b81194a535974a7d/actions - {"actions":[{"id":"action9","type":"wheel","parameters":{},"actions":[{"type":"scroll","x":-1888,"y":-32,"deltaX":0,"deltaY":0,"duration":0,"origin":{"element-6066-11e4-a52e-4f735466cecf":"f.D47E9D670512D824BAC67AC798DD2F0D.d.9338BE39C935B29D8206ECADA3577114.e.2947"}}]}]}
COMMAND: GET /session/484b36992c8f3511b81194a535974a7d/screenshot - {}
RESULT: {}
COMMAND: POST /session/484b36992c8f3511b81194a535974a7d/execute/sync - {"script":"<script> [79 bytes]","args":[{"element-6066-11e4-a52e-4f735466cecf":"f.D47E9D670512D824BAC67AC798DD2F0D.d.9338BE39C935B29D8206ECADA3577114.e.2947","ELEMENT":"f.D47E9D670512D824BAC67AC798DD2F0D.d.9338BE39C935B29D8206ECADA3577114.e.2947"},{"block":"start","inline":"nearest"}]}
RESULT: {"script":"<script> [79 bytes]","args":[{"element-6066-11e4-a52e-4f735466cecf":"f.D47E9D670512D824BAC67AC798DD2F0D.d.9338BE39C935B29D8206ECADA3577114.e.2947","ELEMENT":"f.D47E9D670512D824BAC67AC798DD2F0D.d.9338BE39C935B29D8206ECADA3577114.e.2947"},{"block":"start","inline":"nearest"}]}
COMMAND: POST /session/484b36992c8f3511b81194a535974a7d/execute/async - {"script":"<script> [1562 bytes]","args":[{"selector":{"id":"application-manageresources-display-component---newResourceUnit--btnAddTimeSegment","interaction":{"idSuffix":"inner"}},"wdio_ui5_key":"applicationmanageresources-display-component---newResourceUnit--btnAddTimeSegment"}]}
COMMAND: GET /session/484b36992c8f3511b81194a535974a7d/screenshot - {}
RESULT: {"script":"<script> [1562 bytes]","args":[{"selector":{"id":"application-manageresources-display-component---newResourceUnit--btnAddTimeSegment","interaction":{"idSuffix":"inner"}},"wdio_ui5_key":"applicationmanageresources-display-component---newResourceUnit--btnAddTimeSegment"}]}
RESULT: undefined
COMMAND: POST /session/484b36992c8f3511b81194a535974a7d/element - {"using":"xpath","value":"//*[@id=\"application-manageresources-display-component---newResourceUnit--btnAddTimeSegment\"]"}
RESULT: {}
RESULT: {"using":"xpath","value":"//*[@id=\"application-manageresources-display-component---newResourceUnit--btnAddTimeSegment\"]"}
COMMAND: POST /session/484b36992c8f3511b81194a535974a7d/element/f.D47E9D670512D824BAC67AC798DD2F0D.d.9338BE39C935B29D8206ECADA3577114.e.2947/click - {}
RESULT: {}
COMMAND: GET /session/484b36992c8f3511b81194a535974a7d/screenshot - {}
RESULT: {}
COMMAND: POST /session/484b36992c8f3511b81194a535974a7d/element - {"using":"xpath","value":"//input[@id=\"application-manageresources-display-component---newResourceUnit--idRuTSAdmin-application-manageresources-display-component---newResourceUnit--RUTimeSegment-0-inner\"]"}
RESULT: {"using":"xpath","value":"//input[@id=\"application-manageresources-display-component---newResourceUnit--idRuTSAdmin-application-manageresources-display-component---newResourceUnit--RUTimeSegment-0-inner\"]"}
COMMAND: POST /session/484b36992c8f3511b81194a535974a7d/element/f.D47E9D670512D824BAC67AC798DD2F0D.d.9338BE39C935B29D8206ECADA3577114.e.2952/clear - {}
RESULT: {}
COMMAND: POST /session/484b36992c8f3511b81194a535974a7d/element/f.D47E9D670512D824BAC67AC798DD2F0D.d.9338BE39C935B29D8206ECADA3577114.e.2952/value - {"text":"554"}
COMMAND: GET /session/484b36992c8f3511b81194a535974a7d/screenshot - {}
RESULT: {"text":"554"}
COMMAND: GET /session/484b36992c8f3511b81194a535974a7d/screenshot - {}
RESULT: {}
RESULT: {}
COMMAND: POST /session/484b36992c8f3511b81194a535974a7d/element - {"using":"xpath","value":"//li[.//span[text()='554']]"}
RESULT: {"using":"xpath","value":"//li[.//span[text()='554']]"}
COMMAND: POST /session/484b36992c8f3511b81194a535974a7d/element/f.D47E9D670512D824BAC67AC798DD2F0D.d.9338BE39C935B29D8206ECADA3577114.e.2962/click - {}
RESULT: {}
COMMAND: GET /session/484b36992c8f3511b81194a535974a7d/screenshot - {}
RESULT: {}
COMMAND: POST /session/484b36992c8f3511b81194a535974a7d/element - {"using":"xpath","value":"(//span[contains(@id, \"-application-manageresources-display-component---newResourceUnit--RUTimeSegment-0-arrow\")])[2]"}
RESULT: {"using":"xpath","value":"(//span[contains(@id, \"-application-manageresources-display-component---newResourceUnit--RUTimeSegment-0-arrow\")])[2]"}
COMMAND: POST /session/484b36992c8f3511b81194a535974a7d/element/f.D47E9D670512D824BAC67AC798DD2F0D.d.9338BE39C935B29D8206ECADA3577114.e.2963/click - {}
RESULT: {}
COMMAND: POST /session/484b36992c8f3511b81194a535974a7d/element - {"using":"xpath","value":"//span[contains(text(), \"PM Order\")]"}
COMMAND: GET /session/484b36992c8f3511b81194a535974a7d/screenshot - {}
RESULT: {"using":"xpath","value":"//span[contains(text(), \"PM Order\")]"}
COMMAND: POST /session/484b36992c8f3511b81194a535974a7d/element/f.D47E9D670512D824BAC67AC798DD2F0D.d.9338BE39C935B29D8206ECADA3577114.e.2964/click - {}
RESULT: {}
RESULT: {}
COMMAND: GET /session/484b36992c8f3511b81194a535974a7d/screenshot - {}
RESULT: {}
COMMAND: POST /session/484b36992c8f3511b81194a535974a7d/element - {"using":"xpath","value":"//td/div/div/div/span[contains(@id, \"newResourceUnit--RUTimeSegment-0-vhi\")][1]"}
RESULT: {"using":"xpath","value":"//td/div/div/div/span[contains(@id, \"newResourceUnit--RUTimeSegment-0-vhi\")][1]"}
COMMAND: GET /session/484b36992c8f3511b81194a535974a7d/element/f.D47E9D670512D824BAC67AC798DD2F0D.d.9338BE39C935B29D8206ECADA3577114.e.2968/rect - {}
RESULT: {}
COMMAND: GET /session/484b36992c8f3511b81194a535974a7d/window/rect - {}
RESULT: {}
COMMAND: POST /session/484b36992c8f3511b81194a535974a7d/execute/sync - {"script":"<script> [92 bytes]","args":[]}
RESULT: {"script":"<script> [92 bytes]","args":[]}
COMMAND: POST /session/484b36992c8f3511b81194a535974a7d/actions - {"actions":[{"id":"action10","type":"wheel","parameters":{},"actions":[{"type":"scroll","x":-1888,"y":-24,"deltaX":0,"deltaY":0,"duration":0,"origin":{"element-6066-11e4-a52e-4f735466cecf":"f.D47E9D670512D824BAC67AC798DD2F0D.d.9338BE39C935B29D8206ECADA3577114.e.2968"}}]}]}
COMMAND: GET /session/484b36992c8f3511b81194a535974a7d/screenshot - {}
RESULT: {}
COMMAND: POST /session/484b36992c8f3511b81194a535974a7d/execute/sync - {"script":"<script> [79 bytes]","args":[{"element-6066-11e4-a52e-4f735466cecf":"f.D47E9D670512D824BAC67AC798DD2F0D.d.9338BE39C935B29D8206ECADA3577114.e.2968","ELEMENT":"f.D47E9D670512D824BAC67AC798DD2F0D.d.9338BE39C935B29D8206ECADA3577114.e.2968"},{"block":"start","inline":"nearest"}]}
RESULT: {"script":"<script> [79 bytes]","args":[{"element-6066-11e4-a52e-4f735466cecf":"f.D47E9D670512D824BAC67AC798DD2F0D.d.9338BE39C935B29D8206ECADA3577114.e.2968","ELEMENT":"f.D47E9D670512D824BAC67AC798DD2F0D.d.9338BE39C935B29D8206ECADA3577114.e.2968"},{"block":"start","inline":"nearest"}]}
COMMAND: GET /session/484b36992c8f3511b81194a535974a7d/screenshot - {}
RESULT: {}
COMMAND: POST /session/484b36992c8f3511b81194a535974a7d/element/f.D47E9D670512D824BAC67AC798DD2F0D.d.9338BE39C935B29D8206ECADA3577114.e.2968/click - {}
RESULT: {}
COMMAND: GET /session/484b36992c8f3511b81194a535974a7d/screenshot - {}
RESULT: {}
RESULT: undefined
COMMAND: POST /session/484b36992c8f3511b81194a535974a7d/execute/async - {"script":"<script> [776 bytes]","args":[{"enterText":"4000360","selector":{"controlType":"sap.m.SearchField","properties":{"placeholder":"Search"},"searchOpenDialogs":true,"interaction":{"idSuffix":"I"}},"clearTextFirst":true,"interactionType":"ENTER_TEXT"}]}
RESULT: {"script":"<script> [776 bytes]","args":[{"enterText":"4000360","selector":{"controlType":"sap.m.SearchField","properties":{"placeholder":"Search"},"searchOpenDialogs":true,"interaction":{"idSuffix":"I"}},"clearTextFirst":true,"interactionType":"ENTER_TEXT"}]}
COMMAND: POST /session/484b36992c8f3511b81194a535974a7d/actions - {"actions":[{"id":"action11","type":"key","parameters":{},"actions":[{"type":"keyDown","value":"î€‡"},{"type":"pause","duration":10},{"type":"keyUp","value":"î€‡"}]}]}
RESULT: {"actions":[{"id":"action11","type":"key","parameters":{},"actions":[{"type":"keyDown","value":"î€‡"},{"type":"pause","duration":10},{"type":"keyUp","value":"î€‡"}]}]}
COMMAND: GET /session/484b36992c8f3511b81194a535974a7d/screenshot - {}
RESULT: {}
COMMAND: POST /session/484b36992c8f3511b81194a535974a7d/element - {"using":"xpath","value":"//td/div/span[contains(text(), \"BGL Vehicles\")]"}
RESULT: {"using":"xpath","value":"//td/div/span[contains(text(), \"BGL Vehicles\")]"}
COMMAND: POST /session/484b36992c8f3511b81194a535974a7d/element/f.D47E9D670512D824BAC67AC798DD2F0D.d.9338BE39C935B29D8206ECADA3577114.e.2986/click - {}
RESULT: {}
COMMAND: GET /session/484b36992c8f3511b81194a535974a7d/screenshot - {}
RESULT: {}
COMMAND: POST /session/484b36992c8f3511b81194a535974a7d/element - {"using":"xpath","value":"//bdi[contains(text(), \"OK\")]"}
RESULT: {"using":"xpath","value":"//bdi[contains(text(), \"OK\")]"}
COMMAND: POST /session/484b36992c8f3511b81194a535974a7d/element/f.D47E9D670512D824BAC67AC798DD2F0D.d.9338BE39C935B29D8206ECADA3577114.e.2987/click - {}
RESULT: {}
COMMAND: GET /session/484b36992c8f3511b81194a535974a7d/screenshot - {}
RESULT: {}
COMMAND: POST /session/484b36992c8f3511b81194a535974a7d/element - {"using":"xpath","value":"//button[@data-kt=\"resourceUnitSaveButton\"]"}
RESULT: {"using":"xpath","value":"//button[@data-kt=\"resourceUnitSaveButton\"]"}
COMMAND: POST /session/484b36992c8f3511b81194a535974a7d/element/f.D47E9D670512D824BAC67AC798DD2F0D.d.9338BE39C935B29D8206ECADA3577114.e.2890/click - {}
RESULT: {}
COMMAND: GET /session/484b36992c8f3511b81194a535974a7d/screenshot - {}
RESULT: {}
COMMAND: POST /session/484b36992c8f3511b81194a535974a7d/element - {"using":"xpath","value":"//bdi[contains(text(), \"Close\")]"}
RESULT: {"using":"xpath","value":"//bdi[contains(text(), \"Close\")]"}
COMMAND: POST /session/484b36992c8f3511b81194a535974a7d/element/f.D47E9D670512D824BAC67AC798DD2F0D.d.9338BE39C935B29D8206ECADA3577114.e.2993/click - {}
RESULT: {}
COMMAND: GET /session/484b36992c8f3511b81194a535974a7d/screenshot - {}
RESULT: {}
COMMAND: POST /session/484b36992c8f3511b81194a535974a7d/element - {"using":"xpath","value":"//header[contains(@id, 'detailRruPage-headerTitle')]/div[1]/div[2]/div[2]/span[1]"}
RESULT: {"using":"xpath","value":"//header[contains(@id, 'detailRruPage-headerTitle')]/div[1]/div[2]/div[2]/span[1]"}
COMMAND: POST /session/484b36992c8f3511b81194a535974a7d/elements - {"using":"xpath","value":"//header[contains(@id, 'detailRruPage-headerTitle')]/div[1]/div[2]/div[2]/span[1]"}
RESULT: {"using":"xpath","value":"//header[contains(@id, 'detailRruPage-headerTitle')]/div[1]/div[2]/div[2]/span[1]"}
COMMAND: POST /session/484b36992c8f3511b81194a535974a7d/execute/sync - {"script":"<script> [56 bytes]","args":[{"element-6066-11e4-a52e-4f735466cecf":"f.D47E9D670512D824BAC67AC798DD2F0D.d.9338BE39C935B29D8206ECADA3577114.e.3023","ELEMENT":"f.D47E9D670512D824BAC67AC798DD2F0D.d.9338BE39C935B29D8206ECADA3577114.e.3023"}]}
RESULT: {"script":"<script> [56 bytes]","args":[{"element-6066-11e4-a52e-4f735466cecf":"f.D47E9D670512D824BAC67AC798DD2F0D.d.9338BE39C935B29D8206ECADA3577114.e.3023","ELEMENT":"f.D47E9D670512D824BAC67AC798DD2F0D.d.9338BE39C935B29D8206ECADA3577114.e.3023"}]}
COMMAND: POST /session/484b36992c8f3511b81194a535974a7d/element - {"using":"css selector","value":"#shell-header-logo"}
COMMAND: GET /session/484b36992c8f3511b81194a535974a7d/screenshot - {}
RESULT: {"using":"css selector","value":"#shell-header-logo"}
COMMAND: POST /session/484b36992c8f3511b81194a535974a7d/element/f.D47E9D670512D824BAC67AC798DD2F0D.d.9338BE39C935B29D8206ECADA3577114.e.2471/click - {}
RESULT: {}
RESULT: {}
COMMAND: GET /session/484b36992c8f3511b81194a535974a7d/screenshot - {}
RESULT: {}
]]></system-out>
    </testcase>
    <testcase classname="chrome.135_0_7049_96.windows.Prerequisites_&amp;_test_for_yard_mass_return_on_Yard_Overview_US131057" name="Prereq Should do stock increase" time="86.033">
      <system-out><![CDATA[
COMMAND: POST /session/484b36992c8f3511b81194a535974a7d/execute/async - {"script":"<script> [1562 bytes]","args":[{"selector":{"controlType":"sap.m.Text","viewName":"etm.portal.ui.managehandoverstile.view.Master","properties":{"text":"Manage Handovers"},"interaction":{"idSuffix":"inner"}},"wdio_ui5_key":"etmportal.ui.managehandoverstile.view.Mastersap.m.Text{\"text\":\"Manage Handovers\"}"}]}
RESULT: {"script":"<script> [1562 bytes]","args":[{"selector":{"controlType":"sap.m.Text","viewName":"etm.portal.ui.managehandoverstile.view.Master","properties":{"text":"Manage Handovers"},"interaction":{"idSuffix":"inner"}},"wdio_ui5_key":"etmportal.ui.managehandoverstile.view.Mastersap.m.Text{\"text\":\"Manage Handovers\"}"}]}
RESULT: undefined
COMMAND: POST /session/484b36992c8f3511b81194a535974a7d/element - {"using":"xpath","value":"//*[@id=\"__tile131-title\"]"}
RESULT: {"using":"xpath","value":"//*[@id=\"__tile131-title\"]"}
COMMAND: POST /session/484b36992c8f3511b81194a535974a7d/element/f.D47E9D670512D824BAC67AC798DD2F0D.d.9338BE39C935B29D8206ECADA3577114.e.3028/click - {}
RESULT: {}
COMMAND: POST /session/484b36992c8f3511b81194a535974a7d/element - {"using":"xpath","value":"//button[@data-kt=\"masterHOAddButton\"]"}
COMMAND: GET /session/484b36992c8f3511b81194a535974a7d/screenshot - {}
RESULT: {"using":"xpath","value":"//button[@data-kt=\"masterHOAddButton\"]"}
COMMAND: POST /session/484b36992c8f3511b81194a535974a7d/elements - {"using":"xpath","value":"//button[@data-kt=\"masterHOAddButton\"]"}
RESULT: {}
RESULT: {"using":"xpath","value":"//button[@data-kt=\"masterHOAddButton\"]"}
COMMAND: POST /session/484b36992c8f3511b81194a535974a7d/elements - {"using":"xpath","value":"//button[@data-kt=\"masterHOAddButton\"]"}
RESULT: {"using":"xpath","value":"//button[@data-kt=\"masterHOAddButton\"]"}
COMMAND: POST /session/484b36992c8f3511b81194a535974a7d/elements - {"using":"xpath","value":"//button[@data-kt=\"masterHOAddButton\"]"}
RESULT: {"using":"xpath","value":"//button[@data-kt=\"masterHOAddButton\"]"}
COMMAND: POST /session/484b36992c8f3511b81194a535974a7d/elements - {"using":"xpath","value":"//button[@data-kt=\"masterHOAddButton\"]"}
RESULT: {"using":"xpath","value":"//button[@data-kt=\"masterHOAddButton\"]"}
COMMAND: POST /session/484b36992c8f3511b81194a535974a7d/elements - {"using":"xpath","value":"//button[@data-kt=\"masterHOAddButton\"]"}
RESULT: {"using":"xpath","value":"//button[@data-kt=\"masterHOAddButton\"]"}
COMMAND: POST /session/484b36992c8f3511b81194a535974a7d/elements - {"using":"xpath","value":"//button[@data-kt=\"masterHOAddButton\"]"}
RESULT: {"using":"xpath","value":"//button[@data-kt=\"masterHOAddButton\"]"}
COMMAND: POST /session/484b36992c8f3511b81194a535974a7d/elements - {"using":"xpath","value":"//button[@data-kt=\"masterHOAddButton\"]"}
RESULT: {"using":"xpath","value":"//button[@data-kt=\"masterHOAddButton\"]"}
COMMAND: POST /session/484b36992c8f3511b81194a535974a7d/elements - {"using":"xpath","value":"//button[@data-kt=\"masterHOAddButton\"]"}
RESULT: {"using":"xpath","value":"//button[@data-kt=\"masterHOAddButton\"]"}
COMMAND: POST /session/484b36992c8f3511b81194a535974a7d/elements - {"using":"xpath","value":"//button[@data-kt=\"masterHOAddButton\"]"}
RESULT: {"using":"xpath","value":"//button[@data-kt=\"masterHOAddButton\"]"}
COMMAND: POST /session/484b36992c8f3511b81194a535974a7d/elements - {"using":"xpath","value":"//button[@data-kt=\"masterHOAddButton\"]"}
RESULT: {"using":"xpath","value":"//button[@data-kt=\"masterHOAddButton\"]"}
COMMAND: POST /session/484b36992c8f3511b81194a535974a7d/elements - {"using":"xpath","value":"//button[@data-kt=\"masterHOAddButton\"]"}
RESULT: {"using":"xpath","value":"//button[@data-kt=\"masterHOAddButton\"]"}
COMMAND: POST /session/484b36992c8f3511b81194a535974a7d/elements - {"using":"xpath","value":"//button[@data-kt=\"masterHOAddButton\"]"}
RESULT: {"using":"xpath","value":"//button[@data-kt=\"masterHOAddButton\"]"}
COMMAND: POST /session/484b36992c8f3511b81194a535974a7d/elements - {"using":"xpath","value":"//button[@data-kt=\"masterHOAddButton\"]"}
RESULT: {"using":"xpath","value":"//button[@data-kt=\"masterHOAddButton\"]"}
COMMAND: POST /session/484b36992c8f3511b81194a535974a7d/elements - {"using":"xpath","value":"//button[@data-kt=\"masterHOAddButton\"]"}
RESULT: {"using":"xpath","value":"//button[@data-kt=\"masterHOAddButton\"]"}
COMMAND: POST /session/484b36992c8f3511b81194a535974a7d/elements - {"using":"xpath","value":"//button[@data-kt=\"masterHOAddButton\"]"}
RESULT: {"using":"xpath","value":"//button[@data-kt=\"masterHOAddButton\"]"}
COMMAND: POST /session/484b36992c8f3511b81194a535974a7d/elements - {"using":"xpath","value":"//button[@data-kt=\"masterHOAddButton\"]"}
RESULT: {"using":"xpath","value":"//button[@data-kt=\"masterHOAddButton\"]"}
COMMAND: POST /session/484b36992c8f3511b81194a535974a7d/elements - {"using":"xpath","value":"//button[@data-kt=\"masterHOAddButton\"]"}
RESULT: {"using":"xpath","value":"//button[@data-kt=\"masterHOAddButton\"]"}
COMMAND: POST /session/484b36992c8f3511b81194a535974a7d/elements - {"using":"xpath","value":"//button[@data-kt=\"masterHOAddButton\"]"}
RESULT: {"using":"xpath","value":"//button[@data-kt=\"masterHOAddButton\"]"}
COMMAND: POST /session/484b36992c8f3511b81194a535974a7d/elements - {"using":"xpath","value":"//button[@data-kt=\"masterHOAddButton\"]"}
RESULT: {"using":"xpath","value":"//button[@data-kt=\"masterHOAddButton\"]"}
COMMAND: POST /session/484b36992c8f3511b81194a535974a7d/elements - {"using":"xpath","value":"//button[@data-kt=\"masterHOAddButton\"]"}
RESULT: {"using":"xpath","value":"//button[@data-kt=\"masterHOAddButton\"]"}
COMMAND: POST /session/484b36992c8f3511b81194a535974a7d/elements - {"using":"xpath","value":"//button[@data-kt=\"masterHOAddButton\"]"}
RESULT: {"using":"xpath","value":"//button[@data-kt=\"masterHOAddButton\"]"}
COMMAND: POST /session/484b36992c8f3511b81194a535974a7d/elements - {"using":"xpath","value":"//button[@data-kt=\"masterHOAddButton\"]"}
RESULT: {"using":"xpath","value":"//button[@data-kt=\"masterHOAddButton\"]"}
COMMAND: POST /session/484b36992c8f3511b81194a535974a7d/element - {"using":"xpath","value":"//button[@data-kt=\"masterHOAddButton\"]"}
RESULT: {"using":"xpath","value":"//button[@data-kt=\"masterHOAddButton\"]"}
COMMAND: POST /session/484b36992c8f3511b81194a535974a7d/execute/sync - {"script":"<script> [8489 bytes]","args":[{"element-6066-11e4-a52e-4f735466cecf":"f.D47E9D670512D824BAC67AC798DD2F0D.d.9338BE39C935B29D8206ECADA3577114.e.3055","ELEMENT":"f.D47E9D670512D824BAC67AC798DD2F0D.d.9338BE39C935B29D8206ECADA3577114.e.3055"}]}
RESULT: {"script":"<script> [8489 bytes]","args":[{"element-6066-11e4-a52e-4f735466cecf":"f.D47E9D670512D824BAC67AC798DD2F0D.d.9338BE39C935B29D8206ECADA3577114.e.3055","ELEMENT":"f.D47E9D670512D824BAC67AC798DD2F0D.d.9338BE39C935B29D8206ECADA3577114.e.3055"}]}
COMMAND: GET /session/484b36992c8f3511b81194a535974a7d/element/f.D47E9D670512D824BAC67AC798DD2F0D.d.9338BE39C935B29D8206ECADA3577114.e.3055/enabled - {}
COMMAND: GET /session/484b36992c8f3511b81194a535974a7d/screenshot - {}
RESULT: {}
COMMAND: POST /session/484b36992c8f3511b81194a535974a7d/execute/sync - {"script":"<script> [8489 bytes]","args":[{"element-6066-11e4-a52e-4f735466cecf":"f.D47E9D670512D824BAC67AC798DD2F0D.d.9338BE39C935B29D8206ECADA3577114.e.3055","ELEMENT":"f.D47E9D670512D824BAC67AC798DD2F0D.d.9338BE39C935B29D8206ECADA3577114.e.3055"}]}
COMMAND: GET /session/484b36992c8f3511b81194a535974a7d/screenshot - {}
RESULT: {}
RESULT: {"script":"<script> [8489 bytes]","args":[{"element-6066-11e4-a52e-4f735466cecf":"f.D47E9D670512D824BAC67AC798DD2F0D.d.9338BE39C935B29D8206ECADA3577114.e.3055","ELEMENT":"f.D47E9D670512D824BAC67AC798DD2F0D.d.9338BE39C935B29D8206ECADA3577114.e.3055"}]}
COMMAND: POST /session/484b36992c8f3511b81194a535974a7d/execute/sync - {"script":"<script> [5351 bytes]","args":[{"element-6066-11e4-a52e-4f735466cecf":"f.D47E9D670512D824BAC67AC798DD2F0D.d.9338BE39C935B29D8206ECADA3577114.e.3055","ELEMENT":"f.D47E9D670512D824BAC67AC798DD2F0D.d.9338BE39C935B29D8206ECADA3577114.e.3055"}]}
COMMAND: GET /session/484b36992c8f3511b81194a535974a7d/screenshot - {}
RESULT: {}
RESULT: {"script":"<script> [5351 bytes]","args":[{"element-6066-11e4-a52e-4f735466cecf":"f.D47E9D670512D824BAC67AC798DD2F0D.d.9338BE39C935B29D8206ECADA3577114.e.3055","ELEMENT":"f.D47E9D670512D824BAC67AC798DD2F0D.d.9338BE39C935B29D8206ECADA3577114.e.3055"}]}
COMMAND: POST /session/484b36992c8f3511b81194a535974a7d/element/f.D47E9D670512D824BAC67AC798DD2F0D.d.9338BE39C935B29D8206ECADA3577114.e.3055/click - {}
COMMAND: GET /session/484b36992c8f3511b81194a535974a7d/screenshot - {}
RESULT: {}
RESULT: {}
COMMAND: GET /session/484b36992c8f3511b81194a535974a7d/screenshot - {}
RESULT: {}
COMMAND: POST /session/484b36992c8f3511b81194a535974a7d/element - {"using":"xpath","value":"//span[contains(@id ,\"AddNewHO--typeSelect-arrow\")]"}
RESULT: {}
RESULT: {"using":"xpath","value":"//span[contains(@id ,\"AddNewHO--typeSelect-arrow\")]"}
COMMAND: POST /session/484b36992c8f3511b81194a535974a7d/element/f.D47E9D670512D824BAC67AC798DD2F0D.d.9338BE39C935B29D8206ECADA3577114.e.3416/click - {}
RESULT: {}
COMMAND: GET /session/484b36992c8f3511b81194a535974a7d/screenshot - {}
RESULT: {}
COMMAND: POST /session/484b36992c8f3511b81194a535974a7d/element - {"using":"xpath","value":"(//li[contains(text(), \"stock increase yard\")])[1]"}
RESULT: {"using":"xpath","value":"(//li[contains(text(), \"stock increase yard\")])[1]"}
COMMAND: POST /session/484b36992c8f3511b81194a535974a7d/element/f.D47E9D670512D824BAC67AC798DD2F0D.d.9338BE39C935B29D8206ECADA3577114.e.3417/click - {}
RESULT: {}
COMMAND: GET /session/484b36992c8f3511b81194a535974a7d/screenshot - {}
RESULT: {}
COMMAND: POST /session/484b36992c8f3511b81194a535974a7d/execute/async - {"script":"<script> [1562 bytes]","args":[{"selector":{"id":"application-managehandovers-display-component---AddNewHO--dueDate","interaction":{"idSuffix":"inner"}},"wdio_ui5_key":"applicationmanagehandovers-display-component---AddNewHO--dueDate"}]}
RESULT: {"script":"<script> [1562 bytes]","args":[{"selector":{"id":"application-managehandovers-display-component---AddNewHO--dueDate","interaction":{"idSuffix":"inner"}},"wdio_ui5_key":"applicationmanagehandovers-display-component---AddNewHO--dueDate"}]}
RESULT: undefined
COMMAND: POST /session/484b36992c8f3511b81194a535974a7d/execute/async - {"script":"<script> [6424 bytes]","args":[{"element-6066-11e4-a52e-4f735466cecf":"f.D47E9D670512D824BAC67AC798DD2F0D.d.9338BE39C935B29D8206ECADA3577114.e.3419"},"setValue",["05/05/2025"]]}
RESULT: {"script":"<script> [6424 bytes]","args":[{"element-6066-11e4-a52e-4f735466cecf":"f.D47E9D670512D824BAC67AC798DD2F0D.d.9338BE39C935B29D8206ECADA3577114.e.3419"},"setValue",["05/05/2025"]]}
COMMAND: POST /session/484b36992c8f3511b81194a535974a7d/element - {"using":"xpath","value":"//input[@id=\"generalSectionFrg--receiveYard-inner\"]"}
RESULT: {"using":"xpath","value":"//input[@id=\"generalSectionFrg--receiveYard-inner\"]"}
COMMAND: POST /session/484b36992c8f3511b81194a535974a7d/element/f.D47E9D670512D824BAC67AC798DD2F0D.d.9338BE39C935B29D8206ECADA3577114.e.3425/clear - {}
RESULT: {}
COMMAND: POST /session/484b36992c8f3511b81194a535974a7d/element/f.D47E9D670512D824BAC67AC798DD2F0D.d.9338BE39C935B29D8206ECADA3577114.e.3425/value - {"text":"554"}
COMMAND: GET /session/484b36992c8f3511b81194a535974a7d/screenshot - {}
RESULT: {"text":"554"}
COMMAND: GET /session/484b36992c8f3511b81194a535974a7d/screenshot - {}
RESULT: {}
RESULT: {}
COMMAND: POST /session/484b36992c8f3511b81194a535974a7d/element - {"using":"xpath","value":"//li[.//span[text()='554']]"}
RESULT: {"using":"xpath","value":"//li[.//span[text()='554']]"}
COMMAND: POST /session/484b36992c8f3511b81194a535974a7d/element/f.D47E9D670512D824BAC67AC798DD2F0D.d.9338BE39C935B29D8206ECADA3577114.e.3442/click - {}
RESULT: {}
COMMAND: GET /session/484b36992c8f3511b81194a535974a7d/screenshot - {}
RESULT: {}
COMMAND: POST /session/484b36992c8f3511b81194a535974a7d/execute/async - {"script":"<script> [1562 bytes]","args":[{"selector":{"id":"application-managehandovers-display-component---AddNewHO--ObjectPageLayout-anchBar-application-managehandovers-display-component---AddNewHO--section4-anchor","interaction":{"idSuffix":"BDI-content"}},"wdio_ui5_key":"applicationmanagehandovers-display-component---AddNewHO--ObjectPageLayout-anchBar-application-managehandovers-display-component---AddNewHO--section4-anchor"}]}
RESULT: {"script":"<script> [1562 bytes]","args":[{"selector":{"id":"application-managehandovers-display-component---AddNewHO--ObjectPageLayout-anchBar-application-managehandovers-display-component---AddNewHO--section4-anchor","interaction":{"idSuffix":"BDI-content"}},"wdio_ui5_key":"applicationmanagehandovers-display-component---AddNewHO--ObjectPageLayout-anchBar-application-managehandovers-display-component---AddNewHO--section4-anchor"}]}
RESULT: undefined
COMMAND: POST /session/484b36992c8f3511b81194a535974a7d/element - {"using":"xpath","value":"//*[@id=\"application-managehandovers-display-component---AddNewHO--ObjectPageLayout-anchBar-application-managehandovers-display-component---AddNewHO--section4-anchor\"]"}
RESULT: {"using":"xpath","value":"//*[@id=\"application-managehandovers-display-component---AddNewHO--ObjectPageLayout-anchBar-application-managehandovers-display-component---AddNewHO--section4-anchor\"]"}
COMMAND: POST /session/484b36992c8f3511b81194a535974a7d/element/f.D47E9D670512D824BAC67AC798DD2F0D.d.9338BE39C935B29D8206ECADA3577114.e.3444/click - {}
RESULT: {}
COMMAND: POST /session/484b36992c8f3511b81194a535974a7d/element - {"using":"xpath","value":"//button[@aria-label=\"Add\"]"}
COMMAND: GET /session/484b36992c8f3511b81194a535974a7d/screenshot - {}
RESULT: {"using":"xpath","value":"//button[@aria-label=\"Add\"]"}
COMMAND: POST /session/484b36992c8f3511b81194a535974a7d/element/f.D47E9D670512D824BAC67AC798DD2F0D.d.9338BE39C935B29D8206ECADA3577114.e.3446/click - {}
RESULT: {}
RESULT: {}
COMMAND: GET /session/484b36992c8f3511b81194a535974a7d/screenshot - {}
RESULT: {}
COMMAND: POST /session/484b36992c8f3511b81194a535974a7d/execute/async - {"script":"<script> [1562 bytes]","args":[{"selector":{"id":"application-managehandovers-display-component---AddNewHO--smartFilterBar-btnBasicSearch","searchOpenDialogs":true,"interaction":{"idSuffix":"I"}},"wdio_ui5_key":"applicationmanagehandovers-display-component---AddNewHO--smartFilterBar-btnBasicSearch"}]}
RESULT: {"script":"<script> [1562 bytes]","args":[{"selector":{"id":"application-managehandovers-display-component---AddNewHO--smartFilterBar-btnBasicSearch","searchOpenDialogs":true,"interaction":{"idSuffix":"I"}},"wdio_ui5_key":"applicationmanagehandovers-display-component---AddNewHO--smartFilterBar-btnBasicSearch"}]}
RESULT: undefined
COMMAND: POST /session/484b36992c8f3511b81194a535974a7d/execute/async - {"script":"<script> [776 bytes]","args":[{"enterText":"200307","selector":{"id":"application-managehandovers-display-component---AddNewHO--smartFilterBar-btnBasicSearch","searchOpenDialogs":true,"interaction":{"idSuffix":"I"}},"clearTextFirst":true,"interactionType":"ENTER_TEXT"}]}
RESULT: {"script":"<script> [776 bytes]","args":[{"enterText":"200307","selector":{"id":"application-managehandovers-display-component---AddNewHO--smartFilterBar-btnBasicSearch","searchOpenDialogs":true,"interaction":{"idSuffix":"I"}},"clearTextFirst":true,"interactionType":"ENTER_TEXT"}]}
COMMAND: POST /session/484b36992c8f3511b81194a535974a7d/actions - {"actions":[{"id":"action12","type":"key","parameters":{},"actions":[{"type":"keyDown","value":"î€‡"},{"type":"pause","duration":10},{"type":"keyUp","value":"î€‡"}]}]}
RESULT: {"actions":[{"id":"action12","type":"key","parameters":{},"actions":[{"type":"keyDown","value":"î€‡"},{"type":"pause","duration":10},{"type":"keyUp","value":"î€‡"}]}]}
COMMAND: GET /session/484b36992c8f3511b81194a535974a7d/screenshot - {}
RESULT: {}
COMMAND: POST /session/484b36992c8f3511b81194a535974a7d/execute/async - {"script":"<script> [1562 bytes]","args":[{"selector":{"id":"application-managehandovers-display-component---AddNewHO--popup-sa","searchOpenDialogs":true,"interaction":{"idSuffix":"CbBg"}},"wdio_ui5_key":"applicationmanagehandovers-display-component---AddNewHO--popup-sa"}]}
RESULT: {"script":"<script> [1562 bytes]","args":[{"selector":{"id":"application-managehandovers-display-component---AddNewHO--popup-sa","searchOpenDialogs":true,"interaction":{"idSuffix":"CbBg"}},"wdio_ui5_key":"applicationmanagehandovers-display-component---AddNewHO--popup-sa"}]}
RESULT: undefined
COMMAND: POST /session/484b36992c8f3511b81194a535974a7d/element - {"using":"xpath","value":"//*[@id=\"application-managehandovers-display-component---AddNewHO--popup-sa\"]"}
RESULT: {"using":"xpath","value":"//*[@id=\"application-managehandovers-display-component---AddNewHO--popup-sa\"]"}
COMMAND: POST /session/484b36992c8f3511b81194a535974a7d/element/f.D47E9D670512D824BAC67AC798DD2F0D.d.9338BE39C935B29D8206ECADA3577114.e.3602/click - {}
RESULT: {}
COMMAND: GET /session/484b36992c8f3511b81194a535974a7d/screenshot - {}
RESULT: {}
COMMAND: POST /session/484b36992c8f3511b81194a535974a7d/element - {"using":"xpath","value":"//bdi[contains(text(), \"Select\")]"}
RESULT: {"using":"xpath","value":"//bdi[contains(text(), \"Select\")]"}
COMMAND: POST /session/484b36992c8f3511b81194a535974a7d/element/f.D47E9D670512D824BAC67AC798DD2F0D.d.9338BE39C935B29D8206ECADA3577114.e.3603/click - {}
RESULT: {}
COMMAND: GET /session/484b36992c8f3511b81194a535974a7d/screenshot - {}
RESULT: {}
COMMAND: POST /session/484b36992c8f3511b81194a535974a7d/element - {"using":"xpath","value":"//button[@data-kt=\"AddNewHOSaveButton\"]"}
RESULT: {"using":"xpath","value":"//button[@data-kt=\"AddNewHOSaveButton\"]"}
COMMAND: POST /session/484b36992c8f3511b81194a535974a7d/element/f.D47E9D670512D824BAC67AC798DD2F0D.d.9338BE39C935B29D8206ECADA3577114.e.3607/click - {}
RESULT: {}
COMMAND: GET /session/484b36992c8f3511b81194a535974a7d/screenshot - {}
RESULT: {}
COMMAND: POST /session/484b36992c8f3511b81194a535974a7d/execute/async - {"script":"<script> [1562 bytes]","args":[{"selector":{"id":"receiptDatePicker","viewName":"etm.portal.ui.managehandovers.view.DetailExecuteHO","interaction":{"idSuffix":"inner"}},"wdio_ui5_key":"receiptDatePickeretmportal.ui.managehandovers.view.DetailExecuteHO"}]}
RESULT: {"script":"<script> [1562 bytes]","args":[{"selector":{"id":"receiptDatePicker","viewName":"etm.portal.ui.managehandovers.view.DetailExecuteHO","interaction":{"idSuffix":"inner"}},"wdio_ui5_key":"receiptDatePickeretmportal.ui.managehandovers.view.DetailExecuteHO"}]}
RESULT: undefined
COMMAND: POST /session/484b36992c8f3511b81194a535974a7d/execute/async - {"script":"<script> [6424 bytes]","args":[{"element-6066-11e4-a52e-4f735466cecf":"f.D47E9D670512D824BAC67AC798DD2F0D.d.9338BE39C935B29D8206ECADA3577114.e.3636"},"setValue",["05/05/2025"]]}
RESULT: {"script":"<script> [6424 bytes]","args":[{"element-6066-11e4-a52e-4f735466cecf":"f.D47E9D670512D824BAC67AC798DD2F0D.d.9338BE39C935B29D8206ECADA3577114.e.3636"},"setValue",["05/05/2025"]]}
COMMAND: POST /session/484b36992c8f3511b81194a535974a7d/element - {"using":"xpath","value":"//button[@data-kt=\"PickingTableConfirmAllButton\"]"}
RESULT: {"using":"xpath","value":"//button[@data-kt=\"PickingTableConfirmAllButton\"]"}
COMMAND: POST /session/484b36992c8f3511b81194a535974a7d/element/f.D47E9D670512D824BAC67AC798DD2F0D.d.9338BE39C935B29D8206ECADA3577114.e.3650/click - {}
RESULT: {}
COMMAND: GET /session/484b36992c8f3511b81194a535974a7d/screenshot - {}
RESULT: {}
COMMAND: POST /session/484b36992c8f3511b81194a535974a7d/element - {"using":"xpath","value":"//bdi[contains(text(), \"OK\")]"}
RESULT: {"using":"xpath","value":"//bdi[contains(text(), \"OK\")]"}
COMMAND: POST /session/484b36992c8f3511b81194a535974a7d/element/f.D47E9D670512D824BAC67AC798DD2F0D.d.9338BE39C935B29D8206ECADA3577114.e.3652/click - {}
RESULT: {}
COMMAND: GET /session/484b36992c8f3511b81194a535974a7d/screenshot - {}
RESULT: {}
COMMAND: POST /session/484b36992c8f3511b81194a535974a7d/element - {"using":"xpath","value":"(//bdi[contains(text(), \"Receive\")])[2]"}
RESULT: {"using":"xpath","value":"(//bdi[contains(text(), \"Receive\")])[2]"}
COMMAND: POST /session/484b36992c8f3511b81194a535974a7d/element/f.D47E9D670512D824BAC67AC798DD2F0D.d.9338BE39C935B29D8206ECADA3577114.e.3654/click - {}
RESULT: {}
COMMAND: GET /session/484b36992c8f3511b81194a535974a7d/screenshot - {}
RESULT: {}
COMMAND: POST /session/484b36992c8f3511b81194a535974a7d/element - {"using":"css selector","value":"#shell-header-logo"}
RESULT: {"using":"css selector","value":"#shell-header-logo"}
COMMAND: POST /session/484b36992c8f3511b81194a535974a7d/element/f.D47E9D670512D824BAC67AC798DD2F0D.d.9338BE39C935B29D8206ECADA3577114.e.3031/click - {}
RESULT: {}
COMMAND: GET /session/484b36992c8f3511b81194a535974a7d/screenshot - {}
RESULT: {}
]]></system-out>
    </testcase>
    <testcase classname="chrome.135_0_7049_96.windows.Prerequisites_&amp;_test_for_yard_mass_return_on_Yard_Overview_US131057" name="Prereq Should create a new contract" time="57.072">
      <system-out><![CDATA[
COMMAND: POST /session/484b36992c8f3511b81194a535974a7d/execute/async - {"script":"<script> [1562 bytes]","args":[{"selector":{"controlType":"sap.m.Text","viewName":"etm.portal.ui.managecontractstile.view.Master","properties":{"text":"Manage Contracts"},"interaction":{"idSuffix":"inner"}},"wdio_ui5_key":"etmportal.ui.managecontractstile.view.Mastersap.m.Text{\"text\":\"Manage Contracts\"}"}]}
RESULT: {"script":"<script> [1562 bytes]","args":[{"selector":{"controlType":"sap.m.Text","viewName":"etm.portal.ui.managecontractstile.view.Master","properties":{"text":"Manage Contracts"},"interaction":{"idSuffix":"inner"}},"wdio_ui5_key":"etmportal.ui.managecontractstile.view.Mastersap.m.Text{\"text\":\"Manage Contracts\"}"}]}
RESULT: undefined
COMMAND: POST /session/484b36992c8f3511b81194a535974a7d/element - {"using":"xpath","value":"//*[@id=\"__tile132-title\"]"}
RESULT: {"using":"xpath","value":"//*[@id=\"__tile132-title\"]"}
COMMAND: POST /session/484b36992c8f3511b81194a535974a7d/element/f.D47E9D670512D824BAC67AC798DD2F0D.d.9338BE39C935B29D8206ECADA3577114.e.3830/click - {}
RESULT: {}
COMMAND: GET /session/484b36992c8f3511b81194a535974a7d/screenshot - {}
RESULT: {}
COMMAND: POST /session/484b36992c8f3511b81194a535974a7d/element - {"using":"xpath","value":"//button[@data-kt=\"addButton\"]"}
RESULT: {"using":"xpath","value":"//button[@data-kt=\"addButton\"]"}
COMMAND: POST /session/484b36992c8f3511b81194a535974a7d/elements - {"using":"xpath","value":"//button[@data-kt=\"addButton\"]"}
RESULT: {"using":"xpath","value":"//button[@data-kt=\"addButton\"]"}
COMMAND: POST /session/484b36992c8f3511b81194a535974a7d/execute/sync - {"script":"<script> [8489 bytes]","args":[{"element-6066-11e4-a52e-4f735466cecf":"f.D47E9D670512D824BAC67AC798DD2F0D.d.9338BE39C935B29D8206ECADA3577114.e.3910","ELEMENT":"f.D47E9D670512D824BAC67AC798DD2F0D.d.9338BE39C935B29D8206ECADA3577114.e.3910"}]}
RESULT: {"script":"<script> [8489 bytes]","args":[{"element-6066-11e4-a52e-4f735466cecf":"f.D47E9D670512D824BAC67AC798DD2F0D.d.9338BE39C935B29D8206ECADA3577114.e.3910","ELEMENT":"f.D47E9D670512D824BAC67AC798DD2F0D.d.9338BE39C935B29D8206ECADA3577114.e.3910"}]}
COMMAND: GET /session/484b36992c8f3511b81194a535974a7d/element/f.D47E9D670512D824BAC67AC798DD2F0D.d.9338BE39C935B29D8206ECADA3577114.e.3910/enabled - {}
COMMAND: GET /session/484b36992c8f3511b81194a535974a7d/screenshot - {}
RESULT: {}
COMMAND: POST /session/484b36992c8f3511b81194a535974a7d/execute/sync - {"script":"<script> [8489 bytes]","args":[{"element-6066-11e4-a52e-4f735466cecf":"f.D47E9D670512D824BAC67AC798DD2F0D.d.9338BE39C935B29D8206ECADA3577114.e.3910","ELEMENT":"f.D47E9D670512D824BAC67AC798DD2F0D.d.9338BE39C935B29D8206ECADA3577114.e.3910"}]}
COMMAND: GET /session/484b36992c8f3511b81194a535974a7d/screenshot - {}
RESULT: {}
RESULT: {"script":"<script> [8489 bytes]","args":[{"element-6066-11e4-a52e-4f735466cecf":"f.D47E9D670512D824BAC67AC798DD2F0D.d.9338BE39C935B29D8206ECADA3577114.e.3910","ELEMENT":"f.D47E9D670512D824BAC67AC798DD2F0D.d.9338BE39C935B29D8206ECADA3577114.e.3910"}]}
COMMAND: POST /session/484b36992c8f3511b81194a535974a7d/execute/sync - {"script":"<script> [5351 bytes]","args":[{"element-6066-11e4-a52e-4f735466cecf":"f.D47E9D670512D824BAC67AC798DD2F0D.d.9338BE39C935B29D8206ECADA3577114.e.3910","ELEMENT":"f.D47E9D670512D824BAC67AC798DD2F0D.d.9338BE39C935B29D8206ECADA3577114.e.3910"}]}
COMMAND: GET /session/484b36992c8f3511b81194a535974a7d/screenshot - {}
RESULT: {}
RESULT: {"script":"<script> [5351 bytes]","args":[{"element-6066-11e4-a52e-4f735466cecf":"f.D47E9D670512D824BAC67AC798DD2F0D.d.9338BE39C935B29D8206ECADA3577114.e.3910","ELEMENT":"f.D47E9D670512D824BAC67AC798DD2F0D.d.9338BE39C935B29D8206ECADA3577114.e.3910"}]}
COMMAND: GET /session/484b36992c8f3511b81194a535974a7d/screenshot - {}
RESULT: {}
RESULT: {}
COMMAND: POST /session/484b36992c8f3511b81194a535974a7d/element/f.D47E9D670512D824BAC67AC798DD2F0D.d.9338BE39C935B29D8206ECADA3577114.e.3910/click - {}
RESULT: {}
COMMAND: GET /session/484b36992c8f3511b81194a535974a7d/screenshot - {}
RESULT: {}
COMMAND: POST /session/484b36992c8f3511b81194a535974a7d/execute/async - {"script":"<script> [1562 bytes]","args":[{"selector":{"id":"application-managecontracts-display-component---AddNewContract--projectDescription","interaction":{"idSuffix":"inner"}},"wdio_ui5_key":"applicationmanagecontracts-display-component---AddNewContract--projectDescription"}]}
RESULT: {"script":"<script> [1562 bytes]","args":[{"selector":{"id":"application-managecontracts-display-component---AddNewContract--projectDescription","interaction":{"idSuffix":"inner"}},"wdio_ui5_key":"applicationmanagecontracts-display-component---AddNewContract--projectDescription"}]}
RESULT: undefined
COMMAND: POST /session/484b36992c8f3511b81194a535974a7d/execute/async - {"script":"<script> [776 bytes]","args":[{"enterText":"Contract WDIO","selector":{"id":"application-managecontracts-display-component---AddNewContract--projectDescription","interaction":{"idSuffix":"inner"}},"clearTextFirst":true,"interactionType":"ENTER_TEXT"}]}
RESULT: {"script":"<script> [776 bytes]","args":[{"enterText":"Contract WDIO","selector":{"id":"application-managecontracts-display-component---AddNewContract--projectDescription","interaction":{"idSuffix":"inner"}},"clearTextFirst":true,"interactionType":"ENTER_TEXT"}]}
COMMAND: POST /session/484b36992c8f3511b81194a535974a7d/element - {"using":"xpath","value":"//input[@id=\"application-managecontracts-display-component---AddNewContract--site-inner\"]"}
RESULT: {"using":"xpath","value":"//input[@id=\"application-managecontracts-display-component---AddNewContract--site-inner\"]"}
COMMAND: POST /session/484b36992c8f3511b81194a535974a7d/element/f.D47E9D670512D824BAC67AC798DD2F0D.d.9338BE39C935B29D8206ECADA3577114.e.4201/clear - {}
RESULT: {}
COMMAND: POST /session/484b36992c8f3511b81194a535974a7d/element/f.D47E9D670512D824BAC67AC798DD2F0D.d.9338BE39C935B29D8206ECADA3577114.e.4201/value - {"text":"2389"}
COMMAND: GET /session/484b36992c8f3511b81194a535974a7d/screenshot - {}
RESULT: {"text":"2389"}
COMMAND: GET /session/484b36992c8f3511b81194a535974a7d/screenshot - {}
RESULT: {}
RESULT: {}
COMMAND: POST /session/484b36992c8f3511b81194a535974a7d/element - {"using":"xpath","value":"//li[.//span[text()='2389']]"}
RESULT: {"using":"xpath","value":"//li[.//span[text()='2389']]"}
COMMAND: POST /session/484b36992c8f3511b81194a535974a7d/element/f.D47E9D670512D824BAC67AC798DD2F0D.d.9338BE39C935B29D8206ECADA3577114.e.4225/click - {}
RESULT: {}
COMMAND: GET /session/484b36992c8f3511b81194a535974a7d/screenshot - {}
RESULT: {}
COMMAND: POST /session/484b36992c8f3511b81194a535974a7d/element - {"using":"xpath","value":"//input[@id=\"application-managecontracts-display-component---AddNewContract--yardId-inner\"]"}
RESULT: {"using":"xpath","value":"//input[@id=\"application-managecontracts-display-component---AddNewContract--yardId-inner\"]"}
COMMAND: GET /session/484b36992c8f3511b81194a535974a7d/element/f.D47E9D670512D824BAC67AC798DD2F0D.d.9338BE39C935B29D8206ECADA3577114.e.4202/property/value - {}
RESULT: {}
COMMAND: POST /session/484b36992c8f3511b81194a535974a7d/element - {"using":"xpath","value":"//input[@id=\"application-managecontracts-display-component---AddNewContract--customerSelect-inner\"]"}
COMMAND: GET /session/484b36992c8f3511b81194a535974a7d/screenshot - {}
RESULT: {"using":"xpath","value":"//input[@id=\"application-managecontracts-display-component---AddNewContract--customerSelect-inner\"]"}
COMMAND: POST /session/484b36992c8f3511b81194a535974a7d/element/f.D47E9D670512D824BAC67AC798DD2F0D.d.9338BE39C935B29D8206ECADA3577114.e.4200/clear - {}
RESULT: {}
RESULT: {}
COMMAND: POST /session/484b36992c8f3511b81194a535974a7d/element/f.D47E9D670512D824BAC67AC798DD2F0D.d.9338BE39C935B29D8206ECADA3577114.e.4200/value - {"text":"1432"}
COMMAND: GET /session/484b36992c8f3511b81194a535974a7d/screenshot - {}
RESULT: {"text":"1432"}
COMMAND: GET /session/484b36992c8f3511b81194a535974a7d/screenshot - {}
RESULT: {}
RESULT: {}
COMMAND: POST /session/484b36992c8f3511b81194a535974a7d/element - {"using":"xpath","value":"//li[.//span[text()='1432']]"}
RESULT: {"using":"xpath","value":"//li[.//span[text()='1432']]"}
COMMAND: POST /session/484b36992c8f3511b81194a535974a7d/element/f.D47E9D670512D824BAC67AC798DD2F0D.d.9338BE39C935B29D8206ECADA3577114.e.4228/click - {}
RESULT: {}
COMMAND: GET /session/484b36992c8f3511b81194a535974a7d/screenshot - {}
RESULT: {}
COMMAND: POST /session/484b36992c8f3511b81194a535974a7d/element - {"using":"xpath","value":"//button[@data-kt=\"saveButton\"]"}
RESULT: {"using":"xpath","value":"//button[@data-kt=\"saveButton\"]"}
COMMAND: POST /session/484b36992c8f3511b81194a535974a7d/element/f.D47E9D670512D824BAC67AC798DD2F0D.d.9338BE39C935B29D8206ECADA3577114.e.4217/click - {}
RESULT: {}
COMMAND: GET /session/484b36992c8f3511b81194a535974a7d/screenshot - {}
RESULT: {}
COMMAND: POST /session/484b36992c8f3511b81194a535974a7d/element - {"using":"xpath","value":"//span[contains(@id ,\"contractDetailTitleNoExpanded\")]"}
RESULT: {"using":"xpath","value":"//span[contains(@id ,\"contractDetailTitleNoExpanded\")]"}
COMMAND: POST /session/484b36992c8f3511b81194a535974a7d/elements - {"using":"xpath","value":"//span[contains(@id ,\"contractDetailTitleNoExpanded\")]"}
RESULT: {"using":"xpath","value":"//span[contains(@id ,\"contractDetailTitleNoExpanded\")]"}
COMMAND: POST /session/484b36992c8f3511b81194a535974a7d/execute/sync - {"script":"<script> [56 bytes]","args":[{"element-6066-11e4-a52e-4f735466cecf":"f.D47E9D670512D824BAC67AC798DD2F0D.d.9338BE39C935B29D8206ECADA3577114.e.4271","ELEMENT":"f.D47E9D670512D824BAC67AC798DD2F0D.d.9338BE39C935B29D8206ECADA3577114.e.4271"}]}
RESULT: {"script":"<script> [56 bytes]","args":[{"element-6066-11e4-a52e-4f735466cecf":"f.D47E9D670512D824BAC67AC798DD2F0D.d.9338BE39C935B29D8206ECADA3577114.e.4271","ELEMENT":"f.D47E9D670512D824BAC67AC798DD2F0D.d.9338BE39C935B29D8206ECADA3577114.e.4271"}]}
COMMAND: GET /session/484b36992c8f3511b81194a535974a7d/screenshot - {}
RESULT: {}
]]></system-out>
    </testcase>
    <testcase classname="chrome.135_0_7049_96.windows.Prerequisites_&amp;_test_for_yard_mass_return_on_Yard_Overview_US131057" name="Prereq Should add created material to contract" time="57.386">
      <system-out><![CDATA[
COMMAND: POST /session/484b36992c8f3511b81194a535974a7d/element - {"using":"xpath","value":"//button[@data-kt=\"contractDetailEditBtnButton\"]"}
RESULT: {"using":"xpath","value":"//button[@data-kt=\"contractDetailEditBtnButton\"]"}
COMMAND: POST /session/484b36992c8f3511b81194a535974a7d/element/f.D47E9D670512D824BAC67AC798DD2F0D.d.9338BE39C935B29D8206ECADA3577114.e.4273/click - {}
RESULT: {}
COMMAND: GET /session/484b36992c8f3511b81194a535974a7d/screenshot - {}
RESULT: {}
COMMAND: POST /session/484b36992c8f3511b81194a535974a7d/element - {"using":"xpath","value":"(//span[contains(text(), \"Additional Addresses\")])[2]"}
RESULT: {"using":"xpath","value":"(//span[contains(text(), \"Additional Addresses\")])[2]"}
COMMAND: POST /session/484b36992c8f3511b81194a535974a7d/element/f.D47E9D670512D824BAC67AC798DD2F0D.d.9338BE39C935B29D8206ECADA3577114.e.4329/click - {}
RESULT: {}
COMMAND: GET /session/484b36992c8f3511b81194a535974a7d/screenshot - {}
RESULT: {}
COMMAND: POST /session/484b36992c8f3511b81194a535974a7d/element - {"using":"xpath","value":"//button[@data-kt=\"btnAddTableRowOverflowToolbarButton\"]"}
RESULT: {"using":"xpath","value":"//button[@data-kt=\"btnAddTableRowOverflowToolbarButton\"]"}
COMMAND: POST /session/484b36992c8f3511b81194a535974a7d/element/f.D47E9D670512D824BAC67AC798DD2F0D.d.9338BE39C935B29D8206ECADA3577114.e.4331/click - {}
RESULT: {}
COMMAND: GET /session/484b36992c8f3511b81194a535974a7d/screenshot - {}
RESULT: {}
COMMAND: POST /session/484b36992c8f3511b81194a535974a7d/element - {"using":"xpath","value":"//div[(text() = 'Standard Entry' or . = 'Standard Entry')]"}
RESULT: {"using":"xpath","value":"//div[(text() = 'Standard Entry' or . = 'Standard Entry')]"}
COMMAND: POST /session/484b36992c8f3511b81194a535974a7d/element/f.D47E9D670512D824BAC67AC798DD2F0D.d.9338BE39C935B29D8206ECADA3577114.e.4333/click - {}
RESULT: {}
COMMAND: GET /session/484b36992c8f3511b81194a535974a7d/screenshot - {}
RESULT: {}
COMMAND: POST /session/484b36992c8f3511b81194a535974a7d/element - {"using":"xpath","value":"//td[6]/div/div/div/span"}
RESULT: {"using":"xpath","value":"//td[6]/div/div/div/span"}
COMMAND: POST /session/484b36992c8f3511b81194a535974a7d/element/f.D47E9D670512D824BAC67AC798DD2F0D.d.9338BE39C935B29D8206ECADA3577114.e.4345/click - {}
RESULT: {}
COMMAND: GET /session/484b36992c8f3511b81194a535974a7d/screenshot - {}
RESULT: {}
COMMAND: POST /session/484b36992c8f3511b81194a535974a7d/element - {"using":"xpath","value":"(//span[contains(text(), \"Material\")])"}
RESULT: {"using":"xpath","value":"(//span[contains(text(), \"Material\")])"}
COMMAND: POST /session/484b36992c8f3511b81194a535974a7d/element/f.D47E9D670512D824BAC67AC798DD2F0D.d.9338BE39C935B29D8206ECADA3577114.e.4346/click - {}
RESULT: {}
COMMAND: GET /session/484b36992c8f3511b81194a535974a7d/screenshot - {}
RESULT: {}
COMMAND: POST /session/484b36992c8f3511b81194a535974a7d/element - {"using":"xpath","value":"//td[7]/div/div/input"}
RESULT: {"using":"xpath","value":"//td[7]/div/div/input"}
COMMAND: POST /session/484b36992c8f3511b81194a535974a7d/element/f.D47E9D670512D824BAC67AC798DD2F0D.d.9338BE39C935B29D8206ECADA3577114.e.4350/clear - {}
RESULT: {}
COMMAND: POST /session/484b36992c8f3511b81194a535974a7d/element/f.D47E9D670512D824BAC67AC798DD2F0D.d.9338BE39C935B29D8206ECADA3577114.e.4350/value - {"text":"200307"}
COMMAND: GET /session/484b36992c8f3511b81194a535974a7d/screenshot - {}
RESULT: {"text":"200307"}
COMMAND: GET /session/484b36992c8f3511b81194a535974a7d/screenshot - {}
RESULT: {}
RESULT: {}
COMMAND: POST /session/484b36992c8f3511b81194a535974a7d/actions - {"actions":[{"id":"action13","type":"key","parameters":{},"actions":[{"type":"keyDown","value":"î€‡"},{"type":"pause","duration":10},{"type":"keyUp","value":"î€‡"}]}]}
RESULT: {"actions":[{"id":"action13","type":"key","parameters":{},"actions":[{"type":"keyDown","value":"î€‡"},{"type":"pause","duration":10},{"type":"keyUp","value":"î€‡"}]}]}
COMMAND: GET /session/484b36992c8f3511b81194a535974a7d/screenshot - {}
RESULT: {}
COMMAND: POST /session/484b36992c8f3511b81194a535974a7d/execute/sync - {"script":"<script> [276 bytes]","args":["No pricing information was found"]}
RESULT: {"script":"<script> [276 bytes]","args":["No pricing information was found"]}
COMMAND: POST /session/484b36992c8f3511b81194a535974a7d/element - {"using":"xpath","value":"//bdi[contains(text(), \"OK\")]"}
COMMAND: GET /session/484b36992c8f3511b81194a535974a7d/screenshot - {}
RESULT: {"using":"xpath","value":"//bdi[contains(text(), \"OK\")]"}
COMMAND: POST /session/484b36992c8f3511b81194a535974a7d/element/f.D47E9D670512D824BAC67AC798DD2F0D.d.9338BE39C935B29D8206ECADA3577114.e.4376/click - {}
RESULT: {}
RESULT: {}
COMMAND: GET /session/484b36992c8f3511b81194a535974a7d/screenshot - {}
RESULT: {}
COMMAND: POST /session/484b36992c8f3511b81194a535974a7d/element - {"using":"xpath","value":"(//button[@data-kt=\"saveButton\"])[2]"}
RESULT: {"using":"xpath","value":"(//button[@data-kt=\"saveButton\"])[2]"}
COMMAND: POST /session/484b36992c8f3511b81194a535974a7d/element/f.D47E9D670512D824BAC67AC798DD2F0D.d.9338BE39C935B29D8206ECADA3577114.e.4377/click - {}
RESULT: {}
COMMAND: GET /session/484b36992c8f3511b81194a535974a7d/screenshot - {}
RESULT: {}
COMMAND: POST /session/484b36992c8f3511b81194a535974a7d/execute/sync - {"script":"<script> [276 bytes]","args":["Some contract items are having rental validity exceeding header rental validity"]}
RESULT: {"script":"<script> [276 bytes]","args":["Some contract items are having rental validity exceeding header rental validity"]}
COMMAND: GET /session/484b36992c8f3511b81194a535974a7d/screenshot - {}
RESULT: {}
COMMAND: POST /session/484b36992c8f3511b81194a535974a7d/element - {"using":"xpath","value":"//span[contains(@id ,\"contractItemsSmartTable-header-inner\")]"}
RESULT: {"using":"xpath","value":"//span[contains(@id ,\"contractItemsSmartTable-header-inner\")]"}
COMMAND: POST /session/484b36992c8f3511b81194a535974a7d/elements - {"using":"xpath","value":"//span[contains(@id ,\"contractItemsSmartTable-header-inner\")]"}
RESULT: {"using":"xpath","value":"//span[contains(@id ,\"contractItemsSmartTable-header-inner\")]"}
COMMAND: POST /session/484b36992c8f3511b81194a535974a7d/execute/sync - {"script":"<script> [56 bytes]","args":[{"element-6066-11e4-a52e-4f735466cecf":"f.D47E9D670512D824BAC67AC798DD2F0D.d.9338BE39C935B29D8206ECADA3577114.e.4381","ELEMENT":"f.D47E9D670512D824BAC67AC798DD2F0D.d.9338BE39C935B29D8206ECADA3577114.e.4381"}]}
RESULT: {"script":"<script> [56 bytes]","args":[{"element-6066-11e4-a52e-4f735466cecf":"f.D47E9D670512D824BAC67AC798DD2F0D.d.9338BE39C935B29D8206ECADA3577114.e.4381","ELEMENT":"f.D47E9D670512D824BAC67AC798DD2F0D.d.9338BE39C935B29D8206ECADA3577114.e.4381"}]}
COMMAND: GET /session/484b36992c8f3511b81194a535974a7d/screenshot - {}
]]></system-out>
    </testcase>
    <testcase classname="chrome.135_0_7049_96.windows.Prerequisites_&amp;_test_for_yard_mass_return_on_Yard_Overview_US131057" name="Prerq Should do a provide to site handover" time="52.716">
      <system-out><![CDATA[
COMMAND: POST /session/484b36992c8f3511b81194a535974a7d/element - {"using":"xpath","value":"//button[@data-kt=\"provideButton\"]"}
RESULT: {}
RESULT: {"using":"xpath","value":"//button[@data-kt=\"provideButton\"]"}
COMMAND: POST /session/484b36992c8f3511b81194a535974a7d/element/f.D47E9D670512D824BAC67AC798DD2F0D.d.9338BE39C935B29D8206ECADA3577114.e.4382/click - {}
RESULT: {}
COMMAND: GET /session/484b36992c8f3511b81194a535974a7d/screenshot - {}
RESULT: undefined
COMMAND: POST /session/484b36992c8f3511b81194a535974a7d/execute/async - {"script":"<script> [6424 bytes]","args":[{"element-6066-11e4-a52e-4f735466cecf":"f.D47E9D670512D824BAC67AC798DD2F0D.d.9338BE39C935B29D8206ECADA3577114.e.3419"},"setValue",["05/05/2025"]]}
RESULT: {}
COMMAND: POST /session/484b36992c8f3511b81194a535974a7d/execute/async - {"script":"<script> [1562 bytes]","args":[{"selector":{"id":"application-managehandovers-display-component---AddNewHO--dueDate","interaction":{"idSuffix":"inner"}},"wdio_ui5_key":"applicationmanagehandovers-display-component---AddNewHO--dueDate"}]}
RESULT: {"script":"<script> [1562 bytes]","args":[{"selector":{"id":"application-managehandovers-display-component---AddNewHO--dueDate","interaction":{"idSuffix":"inner"}},"wdio_ui5_key":"applicationmanagehandovers-display-component---AddNewHO--dueDate"}]}
COMMAND: POST /session/484b36992c8f3511b81194a535974a7d/execute/async - {"script":"<script> [6424 bytes]","args":[{"element-6066-11e4-a52e-4f735466cecf":"f.D47E9D670512D824BAC67AC798DD2F0D.d.9338BE39C935B29D8206ECADA3577114.e.4458"},"setValue",["05/05/2025"]]}
RESULT: {"script":"<script> [6424 bytes]","args":[{"element-6066-11e4-a52e-4f735466cecf":"f.D47E9D670512D824BAC67AC798DD2F0D.d.9338BE39C935B29D8206ECADA3577114.e.4458"},"setValue",["05/05/2025"]]}
COMMAND: POST /session/484b36992c8f3511b81194a535974a7d/element - {"using":"xpath","value":"//bdi[contains(text(), \"Instructions\")]"}
RESULT: {"using":"xpath","value":"//bdi[contains(text(), \"Instructions\")]"}
COMMAND: POST /session/484b36992c8f3511b81194a535974a7d/element/f.D47E9D670512D824BAC67AC798DD2F0D.d.9338BE39C935B29D8206ECADA3577114.e.4666/click - {}
RESULT: {}
COMMAND: GET /session/484b36992c8f3511b81194a535974a7d/screenshot - {}
RESULT: {}
COMMAND: POST /session/484b36992c8f3511b81194a535974a7d/element - {"using":"xpath","value":"//button[@data-kt=\"AddNewHOProvideAddItemsButton\"]"}
RESULT: {"using":"xpath","value":"//button[@data-kt=\"AddNewHOProvideAddItemsButton\"]"}
COMMAND: POST /session/484b36992c8f3511b81194a535974a7d/element/f.D47E9D670512D824BAC67AC798DD2F0D.d.9338BE39C935B29D8206ECADA3577114.e.4670/click - {}
RESULT: {}
COMMAND: GET /session/484b36992c8f3511b81194a535974a7d/screenshot - {}
RESULT: {}
RESULT: undefined
COMMAND: POST /session/484b36992c8f3511b81194a535974a7d/element - {"using":"xpath","value":"//*[@id=\"application-managehandovers-display-component---AddNewHO--popup-sa\"]"}
RESULT: {"using":"xpath","value":"//*[@id=\"application-managehandovers-display-component---AddNewHO--popup-sa\"]"}
COMMAND: POST /session/484b36992c8f3511b81194a535974a7d/element/f.D47E9D670512D824BAC67AC798DD2F0D.d.9338BE39C935B29D8206ECADA3577114.e.4685/click - {}
RESULT: {}
COMMAND: GET /session/484b36992c8f3511b81194a535974a7d/screenshot - {}
RESULT: {}
COMMAND: POST /session/484b36992c8f3511b81194a535974a7d/element - {"using":"xpath","value":"//*[contains(@id ,\"BDI-content\")][contains(text(), \"Select\")]"}
RESULT: {"using":"xpath","value":"//*[contains(@id ,\"BDI-content\")][contains(text(), \"Select\")]"}
COMMAND: POST /session/484b36992c8f3511b81194a535974a7d/element/f.D47E9D670512D824BAC67AC798DD2F0D.d.9338BE39C935B29D8206ECADA3577114.e.4686/click - {}
RESULT: {}
COMMAND: GET /session/484b36992c8f3511b81194a535974a7d/screenshot - {}
RESULT: {}
COMMAND: POST /session/484b36992c8f3511b81194a535974a7d/execute/async - {"script":"<script> [1562 bytes]","args":[{"selector":{"id":"application-managehandovers-display-component---AddNewHO--confirmCreationButton","interaction":{"idSuffix":"BDI-content"}},"wdio_ui5_key":"applicationmanagehandovers-display-component---AddNewHO--confirmCreationButton"}]}
RESULT: {"script":"<script> [1562 bytes]","args":[{"selector":{"id":"application-managehandovers-display-component---AddNewHO--confirmCreationButton","interaction":{"idSuffix":"BDI-content"}},"wdio_ui5_key":"applicationmanagehandovers-display-component---AddNewHO--confirmCreationButton"}]}
RESULT: undefined
COMMAND: POST /session/484b36992c8f3511b81194a535974a7d/element - {"using":"xpath","value":"//*[@id=\"application-managehandovers-display-component---AddNewHO--confirmCreationButton\"]"}
RESULT: {"using":"xpath","value":"//*[@id=\"application-managehandovers-display-component---AddNewHO--confirmCreationButton\"]"}
COMMAND: POST /session/484b36992c8f3511b81194a535974a7d/element/f.D47E9D670512D824BAC67AC798DD2F0D.d.9338BE39C935B29D8206ECADA3577114.e.4482/click - {}
RESULT: {}
COMMAND: GET /session/484b36992c8f3511b81194a535974a7d/screenshot - {}
RESULT: {}
COMMAND: POST /session/484b36992c8f3511b81194a535974a7d/element - {"using":"xpath","value":"//button[@data-kt=\"PickingTableConfirmAllButton\"]"}
RESULT: {"using":"xpath","value":"//button[@data-kt=\"PickingTableConfirmAllButton\"]"}
COMMAND: POST /session/484b36992c8f3511b81194a535974a7d/elements - {"using":"xpath","value":"//button[@data-kt=\"PickingTableConfirmAllButton\"]"}
RESULT: {"using":"xpath","value":"//button[@data-kt=\"PickingTableConfirmAllButton\"]"}
COMMAND: POST /session/484b36992c8f3511b81194a535974a7d/elements - {"using":"xpath","value":"//button[@data-kt=\"PickingTableConfirmAllButton\"]"}
RESULT: {"using":"xpath","value":"//button[@data-kt=\"PickingTableConfirmAllButton\"]"}
COMMAND: POST /session/484b36992c8f3511b81194a535974a7d/element - {"using":"xpath","value":"//button[@data-kt=\"PickingTableConfirmAllButton\"]"}
RESULT: {"using":"xpath","value":"//button[@data-kt=\"PickingTableConfirmAllButton\"]"}
COMMAND: POST /session/484b36992c8f3511b81194a535974a7d/element/f.D47E9D670512D824BAC67AC798DD2F0D.d.9338BE39C935B29D8206ECADA3577114.e.4724/click - {}
COMMAND: POST /session/484b36992c8f3511b81194a535974a7d/element - {"using":"xpath","value":"//button[@data-kt=\"PickingTableConfirmAllButton\"]"}
RESULT: {"using":"xpath","value":"//button[@data-kt=\"PickingTableConfirmAllButton\"]"}
COMMAND: POST /session/484b36992c8f3511b81194a535974a7d/element/f.D47E9D670512D824BAC67AC798DD2F0D.d.9338BE39C935B29D8206ECADA3577114.e.4724/click - {}
COMMAND: POST /session/484b36992c8f3511b81194a535974a7d/element - {"using":"xpath","value":"//button[@data-kt=\"PickingTableConfirmAllButton\"]"}
RESULT: {"using":"xpath","value":"//button[@data-kt=\"PickingTableConfirmAllButton\"]"}
COMMAND: POST /session/484b36992c8f3511b81194a535974a7d/element/f.D47E9D670512D824BAC67AC798DD2F0D.d.9338BE39C935B29D8206ECADA3577114.e.4733/click - {}
RESULT: {}
COMMAND: GET /session/484b36992c8f3511b81194a535974a7d/screenshot - {}
RESULT: {}
COMMAND: POST /session/484b36992c8f3511b81194a535974a7d/element - {"using":"xpath","value":"//bdi[contains(text(), \"OK\")]"}
RESULT: {"using":"xpath","value":"//bdi[contains(text(), \"OK\")]"}
COMMAND: POST /session/484b36992c8f3511b81194a535974a7d/element/f.D47E9D670512D824BAC67AC798DD2F0D.d.9338BE39C935B29D8206ECADA3577114.e.4743/click - {}
RESULT: {}
COMMAND: GET /session/484b36992c8f3511b81194a535974a7d/screenshot - {}
RESULT: {}
COMMAND: POST /session/484b36992c8f3511b81194a535974a7d/element - {"using":"xpath","value":"//bdi[contains(text(), \"Issue\")]"}
RESULT: {"using":"xpath","value":"//bdi[contains(text(), \"Issue\")]"}
COMMAND: POST /session/484b36992c8f3511b81194a535974a7d/element/f.D47E9D670512D824BAC67AC798DD2F0D.d.9338BE39C935B29D8206ECADA3577114.e.4746/click - {}
RESULT: {}
COMMAND: GET /session/484b36992c8f3511b81194a535974a7d/screenshot - {}
RESULT: {}
COMMAND: POST /session/484b36992c8f3511b81194a535974a7d/element - {"using":"css selector","value":"#shell-header-logo"}
RESULT: {"using":"css selector","value":"#shell-header-logo"}
COMMAND: POST /session/484b36992c8f3511b81194a535974a7d/element/f.D47E9D670512D824BAC67AC798DD2F0D.d.9338BE39C935B29D8206ECADA3577114.e.3833/click - {}
RESULT: {}
COMMAND: GET /session/484b36992c8f3511b81194a535974a7d/screenshot - {}
RESULT: {}
]]></system-out>
    </testcase>
    <testcase classname="chrome.135_0_7049_96.windows.Prerequisites_&amp;_test_for_yard_mass_return_on_Yard_Overview_US131057" name="Should do mass return on Yard Overview US131057" time="48.778">
      <system-out><![CDATA[
COMMAND: POST /session/484b36992c8f3511b81194a535974a7d/execute/async - {"script":"<script> [1562 bytes]","args":[{"selector":{"controlType":"sap.m.GenericTile","properties":{"header":"Yard Overview"}},"wdio_ui5_key":"sapm.GenericTile{\"header\":\"Yard Overview\"}"}]}
RESULT: {"script":"<script> [1562 bytes]","args":[{"selector":{"controlType":"sap.m.GenericTile","properties":{"header":"Yard Overview"}},"wdio_ui5_key":"sapm.GenericTile{\"header\":\"Yard Overview\"}"}]}
RESULT: undefined
COMMAND: POST /session/484b36992c8f3511b81194a535974a7d/element - {"using":"xpath","value":"//*[@id=\"__tile102\"]"}
RESULT: {"using":"xpath","value":"//*[@id=\"__tile102\"]"}
COMMAND: POST /session/484b36992c8f3511b81194a535974a7d/element/f.D47E9D670512D824BAC67AC798DD2F0D.d.9338BE39C935B29D8206ECADA3577114.e.5034/click - {}
RESULT: {}
COMMAND: GET /session/484b36992c8f3511b81194a535974a7d/screenshot - {}
RESULT: {}
COMMAND: POST /session/484b36992c8f3511b81194a535974a7d/element - {"using":"xpath","value":"//input[contains(@id,\"application-yardoverview-display-component---masterYardInventory--smartFilterBar-btnBasicSearch-I\")]"}
RESULT: {"using":"xpath","value":"//input[contains(@id,\"application-yardoverview-display-component---masterYardInventory--smartFilterBar-btnBasicSearch-I\")]"}
COMMAND: POST /session/484b36992c8f3511b81194a535974a7d/elements - {"using":"xpath","value":"//input[contains(@id,\"application-yardoverview-display-component---masterYardInventory--smartFilterBar-btnBasicSearch-I\")]"}
RESULT: {"using":"xpath","value":"//input[contains(@id,\"application-yardoverview-display-component---masterYardInventory--smartFilterBar-btnBasicSearch-I\")]"}
COMMAND: POST /session/484b36992c8f3511b81194a535974a7d/elements - {"using":"xpath","value":"//input[contains(@id,\"application-yardoverview-display-component---masterYardInventory--smartFilterBar-btnBasicSearch-I\")]"}
RESULT: {"using":"xpath","value":"//input[contains(@id,\"application-yardoverview-display-component---masterYardInventory--smartFilterBar-btnBasicSearch-I\")]"}
COMMAND: POST /session/484b36992c8f3511b81194a535974a7d/element - {"using":"xpath","value":"//input[contains(@id,\"application-yardoverview-display-component---masterYardInventory--smartFilterBar-btnBasicSearch-I\")]"}
RESULT: {"using":"xpath","value":"//input[contains(@id,\"application-yardoverview-display-component---masterYardInventory--smartFilterBar-btnBasicSearch-I\")]"}
COMMAND: POST /session/484b36992c8f3511b81194a535974a7d/execute/sync - {"script":"<script> [8489 bytes]","args":[{"element-6066-11e4-a52e-4f735466cecf":"f.D47E9D670512D824BAC67AC798DD2F0D.d.9338BE39C935B29D8206ECADA3577114.e.5040","ELEMENT":"f.D47E9D670512D824BAC67AC798DD2F0D.d.9338BE39C935B29D8206ECADA3577114.e.5040"}]}
RESULT: {"script":"<script> [8489 bytes]","args":[{"element-6066-11e4-a52e-4f735466cecf":"f.D47E9D670512D824BAC67AC798DD2F0D.d.9338BE39C935B29D8206ECADA3577114.e.5040","ELEMENT":"f.D47E9D670512D824BAC67AC798DD2F0D.d.9338BE39C935B29D8206ECADA3577114.e.5040"}]}
COMMAND: GET /session/484b36992c8f3511b81194a535974a7d/element/f.D47E9D670512D824BAC67AC798DD2F0D.d.9338BE39C935B29D8206ECADA3577114.e.5040/enabled - {}
COMMAND: GET /session/484b36992c8f3511b81194a535974a7d/screenshot - {}
RESULT: {}
COMMAND: POST /session/484b36992c8f3511b81194a535974a7d/execute/sync - {"script":"<script> [8489 bytes]","args":[{"element-6066-11e4-a52e-4f735466cecf":"f.D47E9D670512D824BAC67AC798DD2F0D.d.9338BE39C935B29D8206ECADA3577114.e.5040","ELEMENT":"f.D47E9D670512D824BAC67AC798DD2F0D.d.9338BE39C935B29D8206ECADA3577114.e.5040"}]}
COMMAND: GET /session/484b36992c8f3511b81194a535974a7d/screenshot - {}
RESULT: {}
RESULT: {"script":"<script> [8489 bytes]","args":[{"element-6066-11e4-a52e-4f735466cecf":"f.D47E9D670512D824BAC67AC798DD2F0D.d.9338BE39C935B29D8206ECADA3577114.e.5040","ELEMENT":"f.D47E9D670512D824BAC67AC798DD2F0D.d.9338BE39C935B29D8206ECADA3577114.e.5040"}]}
COMMAND: POST /session/484b36992c8f3511b81194a535974a7d/execute/sync - {"script":"<script> [5351 bytes]","args":[{"element-6066-11e4-a52e-4f735466cecf":"f.D47E9D670512D824BAC67AC798DD2F0D.d.9338BE39C935B29D8206ECADA3577114.e.5040","ELEMENT":"f.D47E9D670512D824BAC67AC798DD2F0D.d.9338BE39C935B29D8206ECADA3577114.e.5040"}]}
COMMAND: GET /session/484b36992c8f3511b81194a535974a7d/screenshot - {}
RESULT: {}
RESULT: {"script":"<script> [5351 bytes]","args":[{"element-6066-11e4-a52e-4f735466cecf":"f.D47E9D670512D824BAC67AC798DD2F0D.d.9338BE39C935B29D8206ECADA3577114.e.5040","ELEMENT":"f.D47E9D670512D824BAC67AC798DD2F0D.d.9338BE39C935B29D8206ECADA3577114.e.5040"}]}
COMMAND: GET /session/484b36992c8f3511b81194a535974a7d/screenshot - {}
RESULT: {}
RESULT: {}
COMMAND: POST /session/484b36992c8f3511b81194a535974a7d/execute/async - {"script":"<script> [1562 bytes]","args":[{"selector":{"id":"application-yardoverview-display-component---masterYardInventory--smartFilterBar-btnBasicSearch","interaction":{"idSuffix":"I"}},"wdio_ui5_key":"applicationyardoverview-display-component---masterYardInventory--smartFilterBar-btnBasicSearch"}]}
RESULT: {"script":"<script> [1562 bytes]","args":[{"selector":{"id":"application-yardoverview-display-component---masterYardInventory--smartFilterBar-btnBasicSearch","interaction":{"idSuffix":"I"}},"wdio_ui5_key":"applicationyardoverview-display-component---masterYardInventory--smartFilterBar-btnBasicSearch"}]}
RESULT: undefined
COMMAND: POST /session/484b36992c8f3511b81194a535974a7d/execute/async - {"script":"<script> [776 bytes]","args":[{"enterText":"554","selector":{"id":"application-yardoverview-display-component---masterYardInventory--smartFilterBar-btnBasicSearch","interaction":{"idSuffix":"I"}},"clearTextFirst":true,"interactionType":"ENTER_TEXT"}]}
RESULT: {"script":"<script> [776 bytes]","args":[{"enterText":"554","selector":{"id":"application-yardoverview-display-component---masterYardInventory--smartFilterBar-btnBasicSearch","interaction":{"idSuffix":"I"}},"clearTextFirst":true,"interactionType":"ENTER_TEXT"}]}
COMMAND: POST /session/484b36992c8f3511b81194a535974a7d/actions - {"actions":[{"id":"action14","type":"key","parameters":{},"actions":[{"type":"keyDown","value":"î€‡"},{"type":"pause","duration":10},{"type":"keyUp","value":"î€‡"}]}]}
RESULT: {"actions":[{"id":"action14","type":"key","parameters":{},"actions":[{"type":"keyDown","value":"î€‡"},{"type":"pause","duration":10},{"type":"keyUp","value":"î€‡"}]}]}
COMMAND: GET /session/484b36992c8f3511b81194a535974a7d/screenshot - {}
RESULT: {}
COMMAND: POST /session/484b36992c8f3511b81194a535974a7d/element - {"using":"xpath","value":"(//span[contains(@id, \"imgNav\")])[1]"}
RESULT: {"using":"xpath","value":"(//span[contains(@id, \"imgNav\")])[1]"}
COMMAND: POST /session/484b36992c8f3511b81194a535974a7d/element/f.D47E9D670512D824BAC67AC798DD2F0D.d.9338BE39C935B29D8206ECADA3577114.e.5105/click - {}
RESULT: {}
COMMAND: GET /session/484b36992c8f3511b81194a535974a7d/screenshot - {}
RESULT: {}
COMMAND: POST /session/484b36992c8f3511b81194a535974a7d/execute/async - {"script":"<script> [1562 bytes]","args":[{"selector":{"id":"application-yardoverview-display-component---detailYardInventory--ObjectPageLayout-anchBar-application-yardoverview-display-component---detailYardInventory--openReturnsSection-anchor","interaction":{"idSuffix":"BDI-content"}},"wdio_ui5_key":"applicationyardoverview-display-component---detailYardInventory--ObjectPageLayout-anchBar-application-yardoverview-display-component---detailYardInventory--openReturnsSection-anchor"}]}
RESULT: {"script":"<script> [1562 bytes]","args":[{"selector":{"id":"application-yardoverview-display-component---detailYardInventory--ObjectPageLayout-anchBar-application-yardoverview-display-component---detailYardInventory--openReturnsSection-anchor","interaction":{"idSuffix":"BDI-content"}},"wdio_ui5_key":"applicationyardoverview-display-component---detailYardInventory--ObjectPageLayout-anchBar-application-yardoverview-display-component---detailYardInventory--openReturnsSection-anchor"}]}
RESULT: undefined
COMMAND: POST /session/484b36992c8f3511b81194a535974a7d/element - {"using":"xpath","value":"//*[@id=\"application-yardoverview-display-component---detailYardInventory--ObjectPageLayout-anchBar-application-yardoverview-display-component---detailYardInventory--openReturnsSection-anchor\"]"}
RESULT: {"using":"xpath","value":"//*[@id=\"application-yardoverview-display-component---detailYardInventory--ObjectPageLayout-anchBar-application-yardoverview-display-component---detailYardInventory--openReturnsSection-anchor\"]"}
COMMAND: POST /session/484b36992c8f3511b81194a535974a7d/element/f.D47E9D670512D824BAC67AC798DD2F0D.d.9338BE39C935B29D8206ECADA3577114.e.5197/click - {}
RESULT: {}
COMMAND: GET /session/484b36992c8f3511b81194a535974a7d/screenshot - {}
RESULT: {}
COMMAND: POST /session/484b36992c8f3511b81194a535974a7d/execute/async - {"script":"<script> [1562 bytes]","args":[{"selector":{"id":"application-yardoverview-display-component---detailYardInventory--openReturns-triggerAction-returnBtn","interaction":{"idSuffix":"BDI-content"}},"wdio_ui5_key":"applicationyardoverview-display-component---detailYardInventory--openReturns-triggerAction-returnBtn"}]}
RESULT: {"script":"<script> [1562 bytes]","args":[{"selector":{"id":"application-yardoverview-display-component---detailYardInventory--openReturns-triggerAction-returnBtn","interaction":{"idSuffix":"BDI-content"}},"wdio_ui5_key":"applicationyardoverview-display-component---detailYardInventory--openReturns-triggerAction-returnBtn"}]}
RESULT: undefined
COMMAND: POST /session/484b36992c8f3511b81194a535974a7d/element - {"using":"xpath","value":"//*[@id=\"application-yardoverview-display-component---detailYardInventory--openReturns-triggerAction-returnBtn\"]"}
RESULT: {"using":"xpath","value":"//*[@id=\"application-yardoverview-display-component---detailYardInventory--openReturns-triggerAction-returnBtn\"]"}
COMMAND: POST /session/484b36992c8f3511b81194a535974a7d/element/f.D47E9D670512D824BAC67AC798DD2F0D.d.9338BE39C935B29D8206ECADA3577114.e.5220/click - {}
RESULT: {}
COMMAND: GET /session/484b36992c8f3511b81194a535974a7d/screenshot - {}
RESULT: {}
COMMAND: POST /session/484b36992c8f3511b81194a535974a7d/element - {"using":"xpath","value":"//div[@id=\"application-yardoverview-display-component---detailYardInventory--customReturnsTable-sa-CbBg\"]"}
RESULT: {"using":"xpath","value":"//div[@id=\"application-yardoverview-display-component---detailYardInventory--customReturnsTable-sa-CbBg\"]"}
COMMAND: POST /session/484b36992c8f3511b81194a535974a7d/execute/sync - {"script":"<script> [8489 bytes]","args":[{"element-6066-11e4-a52e-4f735466cecf":"f.D47E9D670512D824BAC67AC798DD2F0D.d.9338BE39C935B29D8206ECADA3577114.e.5238","ELEMENT":"f.D47E9D670512D824BAC67AC798DD2F0D.d.9338BE39C935B29D8206ECADA3577114.e.5238"}]}
RESULT: {"script":"<script> [8489 bytes]","args":[{"element-6066-11e4-a52e-4f735466cecf":"f.D47E9D670512D824BAC67AC798DD2F0D.d.9338BE39C935B29D8206ECADA3577114.e.5238","ELEMENT":"f.D47E9D670512D824BAC67AC798DD2F0D.d.9338BE39C935B29D8206ECADA3577114.e.5238"}]}
COMMAND: POST /session/484b36992c8f3511b81194a535974a7d/execute/sync - {"script":"<script> [5351 bytes]","args":[{"element-6066-11e4-a52e-4f735466cecf":"f.D47E9D670512D824BAC67AC798DD2F0D.d.9338BE39C935B29D8206ECADA3577114.e.5238","ELEMENT":"f.D47E9D670512D824BAC67AC798DD2F0D.d.9338BE39C935B29D8206ECADA3577114.e.5238"}]}
COMMAND: GET /session/484b36992c8f3511b81194a535974a7d/screenshot - {}
RESULT: {"script":"<script> [5351 bytes]","args":[{"element-6066-11e4-a52e-4f735466cecf":"f.D47E9D670512D824BAC67AC798DD2F0D.d.9338BE39C935B29D8206ECADA3577114.e.5238","ELEMENT":"f.D47E9D670512D824BAC67AC798DD2F0D.d.9338BE39C935B29D8206ECADA3577114.e.5238"}]}
COMMAND: POST /session/484b36992c8f3511b81194a535974a7d/element/f.D47E9D670512D824BAC67AC798DD2F0D.d.9338BE39C935B29D8206ECADA3577114.e.5238/click - {}
COMMAND: GET /session/484b36992c8f3511b81194a535974a7d/screenshot - {}
RESULT: {}
RESULT: {}
COMMAND: GET /session/484b36992c8f3511b81194a535974a7d/screenshot - {}
RESULT: {}
RESULT: {}
COMMAND: POST /session/484b36992c8f3511b81194a535974a7d/actions - {"actions":[{"id":"action15","type":"key","parameters":{},"actions":[{"type":"keyDown","value":"î€‡"},{"type":"pause","duration":10},{"type":"keyUp","value":"î€‡"}]}]}
RESULT: {"actions":[{"id":"action15","type":"key","parameters":{},"actions":[{"type":"keyDown","value":"î€‡"},{"type":"pause","duration":10},{"type":"keyUp","value":"î€‡"}]}]}
COMMAND: POST /session/484b36992c8f3511b81194a535974a7d/element - {"using":"xpath","value":"//bdi[text()=\"Return\"]"}
COMMAND: GET /session/484b36992c8f3511b81194a535974a7d/screenshot - {}
RESULT: {"using":"xpath","value":"//bdi[text()=\"Return\"]"}
COMMAND: POST /session/484b36992c8f3511b81194a535974a7d/execute/sync - {"script":"<script> [8489 bytes]","args":[{"element-6066-11e4-a52e-4f735466cecf":"f.D47E9D670512D824BAC67AC798DD2F0D.d.9338BE39C935B29D8206ECADA3577114.e.5219","ELEMENT":"f.D47E9D670512D824BAC67AC798DD2F0D.d.9338BE39C935B29D8206ECADA3577114.e.5219"}]}
RESULT: {}
RESULT: {"script":"<script> [8489 bytes]","args":[{"element-6066-11e4-a52e-4f735466cecf":"f.D47E9D670512D824BAC67AC798DD2F0D.d.9338BE39C935B29D8206ECADA3577114.e.5219","ELEMENT":"f.D47E9D670512D824BAC67AC798DD2F0D.d.9338BE39C935B29D8206ECADA3577114.e.5219"}]}
COMMAND: POST /session/484b36992c8f3511b81194a535974a7d/execute/sync - {"script":"<script> [5351 bytes]","args":[{"element-6066-11e4-a52e-4f735466cecf":"f.D47E9D670512D824BAC67AC798DD2F0D.d.9338BE39C935B29D8206ECADA3577114.e.5219","ELEMENT":"f.D47E9D670512D824BAC67AC798DD2F0D.d.9338BE39C935B29D8206ECADA3577114.e.5219"}]}
COMMAND: GET /session/484b36992c8f3511b81194a535974a7d/screenshot - {}
RESULT: {"script":"<script> [5351 bytes]","args":[{"element-6066-11e4-a52e-4f735466cecf":"f.D47E9D670512D824BAC67AC798DD2F0D.d.9338BE39C935B29D8206ECADA3577114.e.5219","ELEMENT":"f.D47E9D670512D824BAC67AC798DD2F0D.d.9338BE39C935B29D8206ECADA3577114.e.5219"}]}
COMMAND: POST /session/484b36992c8f3511b81194a535974a7d/element/f.D47E9D670512D824BAC67AC798DD2F0D.d.9338BE39C935B29D8206ECADA3577114.e.5219/click - {}
COMMAND: GET /session/484b36992c8f3511b81194a535974a7d/screenshot - {}
RESULT: {}
RESULT: {}
COMMAND: POST /session/484b36992c8f3511b81194a535974a7d/execute/async - {"script":"<script> [1562 bytes]","args":[{"selector":{"controlType":"sap.m.Text","properties":{"text":"Mass Create Handovers process was executed with success!"},"searchOpenDialogs":true},"wdio_ui5_key":"sapm.Text{\"text\":\"Mass Create Handovers process was executed with success!\"}"}]}
COMMAND: GET /session/484b36992c8f3511b81194a535974a7d/screenshot - {}
RESULT: {}
RESULT: {"script":"<script> [1562 bytes]","args":[{"selector":{"controlType":"sap.m.Text","properties":{"text":"Mass Create Handovers process was executed with success!"},"searchOpenDialogs":true},"wdio_ui5_key":"sapm.Text{\"text\":\"Mass Create Handovers process was executed with success!\"}"}]}
RESULT: undefined
COMMAND: POST /session/484b36992c8f3511b81194a535974a7d/execute/async - {"script":"<script> [6424 bytes]","args":[{"element-6066-11e4-a52e-4f735466cecf":"f.D47E9D670512D824BAC67AC798DD2F0D.d.9338BE39C935B29D8206ECADA3577114.e.5241"},"getText",[]]}
RESULT: {}
RESULT: {"script":"<script> [6424 bytes]","args":[{"element-6066-11e4-a52e-4f735466cecf":"f.D47E9D670512D824BAC67AC798DD2F0D.d.9338BE39C935B29D8206ECADA3577114.e.5241"},"getText",[]]}
COMMAND: POST /session/484b36992c8f3511b81194a535974a7d/execute/async - {"script":"<script> [1562 bytes]","args":[{"selector":{"controlType":"sap.m.Button","properties":{"text":"OK"},"searchOpenDialogs":true,"interaction":{"idSuffix":"BDI-content"}},"wdio_ui5_key":"sapm.Button{\"text\":\"OK\"}"}]}
RESULT: {"script":"<script> [1562 bytes]","args":[{"selector":{"controlType":"sap.m.Button","properties":{"text":"OK"},"searchOpenDialogs":true,"interaction":{"idSuffix":"BDI-content"}},"wdio_ui5_key":"sapm.Button{\"text\":\"OK\"}"}]}
RESULT: undefined
COMMAND: POST /session/484b36992c8f3511b81194a535974a7d/element - {"using":"xpath","value":"//*[@id=\"__mbox-btn-6\"]"}
RESULT: {"using":"xpath","value":"//*[@id=\"__mbox-btn-6\"]"}
COMMAND: POST /session/484b36992c8f3511b81194a535974a7d/element/f.D47E9D670512D824BAC67AC798DD2F0D.d.9338BE39C935B29D8206ECADA3577114.e.5240/click - {}
RESULT: {}
COMMAND: GET /session/484b36992c8f3511b81194a535974a7d/screenshot - {}
RESULT: {}
COMMAND: POST /session/484b36992c8f3511b81194a535974a7d/execute/async - {"script":"<script> [1562 bytes]","args":[{"selector":{"controlType":"sap.m.Text","viewName":"etm.portal.ui.yardoverview.view.Detail","viewId":"application-yardoverview-display-component---detailYardInventory","bindingPath":{"path":"","propertyPath":"STATUS_DESC"}},"wdio_ui5_key":"etmportal.ui.yardoverview.view.Detailsap.m.Text{\"path\":\"\",\"propertyPath\":\"STATUS_DESC\"}"}]}
RESULT: {"script":"<script> [1562 bytes]","args":[{"selector":{"controlType":"sap.m.Text","viewName":"etm.portal.ui.yardoverview.view.Detail","viewId":"application-yardoverview-display-component---detailYardInventory","bindingPath":{"path":"","propertyPath":"STATUS_DESC"}},"wdio_ui5_key":"etmportal.ui.yardoverview.view.Detailsap.m.Text{\"path\":\"\",\"propertyPath\":\"STATUS_DESC\"}"}]}
RESULT: undefined
COMMAND: POST /session/484b36992c8f3511b81194a535974a7d/execute/async - {"script":"<script> [6424 bytes]","args":[{"element-6066-11e4-a52e-4f735466cecf":"f.D47E9D670512D824BAC67AC798DD2F0D.d.9338BE39C935B29D8206ECADA3577114.e.5243"},"getText",[]]}
RESULT: {"script":"<script> [6424 bytes]","args":[{"element-6066-11e4-a52e-4f735466cecf":"f.D47E9D670512D824BAC67AC798DD2F0D.d.9338BE39C935B29D8206ECADA3577114.e.5243"},"getText",[]]}
COMMAND: POST /session/484b36992c8f3511b81194a535974a7d/element - {"using":"css selector","value":"#shell-header-logo"}
RESULT: {"using":"css selector","value":"#shell-header-logo"}
COMMAND: POST /session/484b36992c8f3511b81194a535974a7d/element/f.D47E9D670512D824BAC67AC798DD2F0D.d.9338BE39C935B29D8206ECADA3577114.e.5036/click - {}
RESULT: {}
COMMAND: GET /session/484b36992c8f3511b81194a535974a7d/screenshot - {}
RESULT: {}
COMMAND: POST /session/484b36992c8f3511b81194a535974a7d/element - {"using":"css selector","value":"#j_username"}
COMMAND: POST /session/484b36992c8f3511b81194a535974a7d/url - {"url":"https://qa-testing-00-live-etm-ui.cfapps.eu10-004.hana.ondemand.com/"}
RESULT: {"using":"css selector","value":"#j_username"}
COMMAND: POST /session/484b36992c8f3511b81194a535974a7d/element - {"using":"css selector","value":"#j_username"}
RESULT: {"url":"https://qa-testing-00-live-etm-ui.cfapps.eu10-004.hana.ondemand.com/"}
RESULT: undefined
COMMAND: GET /session/484b36992c8f3511b81194a535974a7d/screenshot - {}
RESULT: {"using":"css selector","value":"#j_username"}
COMMAND: POST /session/484b36992c8f3511b81194a535974a7d/element - {"using":"css selector","value":"#shell-header-logo"}
RESULT: {}
RESULT: {"using":"css selector","value":"#shell-header-logo"}
COMMAND: POST /session/484b36992c8f3511b81194a535974a7d/execute/sync - {"script":"<script> [8489 bytes]","args":[{"element-6066-11e4-a52e-4f735466cecf":"f.D47E9D670512D824BAC67AC798DD2F0D.d.16821EE10EF4069866459ACB69ABDDF6.e.5256","ELEMENT":"f.D47E9D670512D824BAC67AC798DD2F0D.d.16821EE10EF4069866459ACB69ABDDF6.e.5256"}]}
RESULT: {"script":"<script> [8489 bytes]","args":[{"element-6066-11e4-a52e-4f735466cecf":"f.D47E9D670512D824BAC67AC798DD2F0D.d.16821EE10EF4069866459ACB69ABDDF6.e.5256","ELEMENT":"f.D47E9D670512D824BAC67AC798DD2F0D.d.16821EE10EF4069866459ACB69ABDDF6.e.5256"}]}
COMMAND: POST /session/484b36992c8f3511b81194a535974a7d/element - {"using":"css selector","value":"#shell-header-logo"}
COMMAND: GET /session/484b36992c8f3511b81194a535974a7d/screenshot - {}
RESULT: {"using":"css selector","value":"#shell-header-logo"}
COMMAND: POST /session/484b36992c8f3511b81194a535974a7d/execute/sync - {"script":"<script> [8489 bytes]","args":[{"element-6066-11e4-a52e-4f735466cecf":"f.D47E9D670512D824BAC67AC798DD2F0D.d.16821EE10EF4069866459ACB69ABDDF6.e.5256","ELEMENT":"f.D47E9D670512D824BAC67AC798DD2F0D.d.16821EE10EF4069866459ACB69ABDDF6.e.5256"}]}
RESULT: {}
RESULT: {"script":"<script> [8489 bytes]","args":[{"element-6066-11e4-a52e-4f735466cecf":"f.D47E9D670512D824BAC67AC798DD2F0D.d.16821EE10EF4069866459ACB69ABDDF6.e.5256","ELEMENT":"f.D47E9D670512D824BAC67AC798DD2F0D.d.16821EE10EF4069866459ACB69ABDDF6.e.5256"}]}
COMMAND: POST /session/484b36992c8f3511b81194a535974a7d/execute/sync - {"script":"<script> [5351 bytes]","args":[{"element-6066-11e4-a52e-4f735466cecf":"f.D47E9D670512D824BAC67AC798DD2F0D.d.16821EE10EF4069866459ACB69ABDDF6.e.5256","ELEMENT":"f.D47E9D670512D824BAC67AC798DD2F0D.d.16821EE10EF4069866459ACB69ABDDF6.e.5256"}]}
COMMAND: GET /session/484b36992c8f3511b81194a535974a7d/screenshot - {}
RESULT: {"script":"<script> [5351 bytes]","args":[{"element-6066-11e4-a52e-4f735466cecf":"f.D47E9D670512D824BAC67AC798DD2F0D.d.16821EE10EF4069866459ACB69ABDDF6.e.5256","ELEMENT":"f.D47E9D670512D824BAC67AC798DD2F0D.d.16821EE10EF4069866459ACB69ABDDF6.e.5256"}]}
COMMAND: POST /session/484b36992c8f3511b81194a535974a7d/element - {"using":"css selector","value":"#shell-header-logo"}
COMMAND: GET /session/484b36992c8f3511b81194a535974a7d/screenshot - {}
RESULT: {}
RESULT: {"using":"css selector","value":"#shell-header-logo"}
COMMAND: POST /session/484b36992c8f3511b81194a535974a7d/element/f.D47E9D670512D824BAC67AC798DD2F0D.d.16821EE10EF4069866459ACB69ABDDF6.e.5256/click - {}
RESULT: {}
RESULT: {}
COMMAND: GET /session/484b36992c8f3511b81194a535974a7d/screenshot - {}
RESULT: {}
COMMAND: POST /session/484b36992c8f3511b81194a535974a7d/execute/async - {"script":"<script> [189 bytes]","args":[]}
RESULT: {"script":"<script> [189 bytes]","args":[]}
COMMAND: POST /session/484b36992c8f3511b81194a535974a7d/execute/async - {"script":"<script> [123 bytes]","args":[]}
RESULT: {"script":"<script> [123 bytes]","args":[]}
COMMAND: POST /session/484b36992c8f3511b81194a535974a7d/timeouts - {"script":"<number>"}
RESULT: {"script":"<number>"}
COMMAND: GET /session/484b36992c8f3511b81194a535974a7d/timeouts - {}
RESULT: {}
RESULT: undefined
COMMAND: POST /session/484b36992c8f3511b81194a535974a7d/execute/async - {"script":"<script> [2676 bytes]","args":[]}
RESULT: {"script":"<script> [2676 bytes]","args":[]}
COMMAND: POST /session/484b36992c8f3511b81194a535974a7d/execute/async - {"script":"<script> [2342 bytes]","args":[{"protocol":"http","hostname":"0.0.0.0","path":"/","capabilities":{"browserName":"chrome","goog:chromeOptions":{"binary":"C:\\Program Files\\Google\\Chrome\\Application\\chrome.exe","args":["--start-maximized"]}},"logLevel":"warn","connectionRetryTimeout":120000,"connectionRetryCount":3,"logLevels":{},"enableDirectConnect":true,"strictSSL":true,"_":"65 more keys: [\"cacheDir\",\"port\",\"requestedCapabilities\",\"automationProtocol\",\"baseUrl\",\"waitforInterval\",\"waitforTimeout\",\"onReload\",\"beforeCommand\",\"afterCommand\",\"rootDir\",\"specs\",\"suites\",\"exclude\",\"groupLogsByTestSpec\",\"excludeDriverLogs\",\"bail\",\"framework\",\"reporters\",\"services\",\"maxInstances\",\"maxInstancesPerCapability\",\"injectGlobals\",\"filesToWatch\",\"execArgv\",\"runnerEnv\",\"runner\",\"shard\",\"specFileRetries\",\"specFileRetriesDelay\",\"specFileRetriesDeferred\",\"reporterSyncInterval\",\"reporterSyncTimeout\",\"cucumberFeaturesWithLineNumbers\",\"autoCompileOpts\",\"mochaOpts\",\"jasmineOpts\",\"cucumberOpts\",\"onPrepare\",\"onWorkerStart\",\"onWorkerEnd\",\"before\",\"beforeSession\",\"beforeSuite\",\"beforeHook\",\"beforeTest\",\"afterTest\",\"afterHook\",\"afterSuite\",\"afterSession\",\"after\",\"onComplete\",\"beforeAssertion\",\"afterAssertion\",\"beforeFeature\",\"beforeScenario\",\"beforeStep\",\"afterStep\",\"afterScenario\",\"afterFeature\",\"_\",\"suite\",\"$0\",\"ignoredWorkerServices\",\"wdi5\"]"}]}
RESULT: {"script":"<script> [2342 bytes]","args":[{"protocol":"http","hostname":"0.0.0.0","path":"/","capabilities":{"browserName":"chrome","goog:chromeOptions":{"binary":"C:\\Program Files\\Google\\Chrome\\Application\\chrome.exe","args":["--start-maximized"]}},"logLevel":"warn","connectionRetryTimeout":120000,"connectionRetryCount":3,"logLevels":{},"enableDirectConnect":true,"strictSSL":true,"_":"65 more keys: [\"cacheDir\",\"port\",\"requestedCapabilities\",\"automationProtocol\",\"baseUrl\",\"waitforInterval\",\"waitforTimeout\",\"onReload\",\"beforeCommand\",\"afterCommand\",\"rootDir\",\"specs\",\"suites\",\"exclude\",\"groupLogsByTestSpec\",\"excludeDriverLogs\",\"bail\",\"framework\",\"reporters\",\"services\",\"maxInstances\",\"maxInstancesPerCapability\",\"injectGlobals\",\"filesToWatch\",\"execArgv\",\"runnerEnv\",\"runner\",\"shard\",\"specFileRetries\",\"specFileRetriesDelay\",\"specFileRetriesDeferred\",\"reporterSyncInterval\",\"reporterSyncTimeout\",\"cucumberFeaturesWithLineNumbers\",\"autoCompileOpts\",\"mochaOpts\",\"jasmineOpts\",\"cucumberOpts\",\"onPrepare\",\"onWorkerStart\",\"onWorkerEnd\",\"before\",\"beforeSession\",\"beforeSuite\",\"beforeHook\",\"beforeTest\",\"afterTest\",\"afterHook\",\"afterSuite\",\"afterSession\",\"after\",\"onComplete\",\"beforeAssertion\",\"afterAssertion\",\"beforeFeature\",\"beforeScenario\",\"beforeStep\",\"afterStep\",\"afterScenario\",\"afterFeature\",\"_\",\"suite\",\"$0\",\"ignoredWorkerServices\",\"wdi5\"]"}]}
COMMAND: POST /session/484b36992c8f3511b81194a535974a7d/execute/async - {"script":"<script> [21126 bytes]","args":[35000]}
RESULT: {"script":"<script> [21126 bytes]","args":[35000]}
COMMAND: POST /session/484b36992c8f3511b81194a535974a7d/window/maximize - {}
RESULT: {}
COMMAND: POST /session/484b36992c8f3511b81194a535974a7d/execute/async - {"script":"<script> [1562 bytes]","args":[{"selector":{"id":"shell-header","interaction":{"idSuffix":"icon"}},"wdio_ui5_key":"shellheader"}]}
COMMAND: GET /session/484b36992c8f3511b81194a535974a7d/screenshot - {}
RESULT: {"script":"<script> [1562 bytes]","args":[{"selector":{"id":"shell-header","interaction":{"idSuffix":"icon"}},"wdio_ui5_key":"shellheader"}]}
RESULT: undefined
COMMAND: POST /session/484b36992c8f3511b81194a535974a7d/refresh - {}
RESULT: {}
RESULT: {}
COMMAND: GET /session/484b36992c8f3511b81194a535974a7d/screenshot - {}
RESULT: {}
COMMAND: POST /session/484b36992c8f3511b81194a535974a7d/refresh - {}
RESULT: {}
COMMAND: GET /session/484b36992c8f3511b81194a535974a7d/screenshot - {}
RESULT: {}
COMMAND: POST /session/484b36992c8f3511b81194a535974a7d/window/fullscreen - {}
RESULT: {}
COMMAND: POST /session/484b36992c8f3511b81194a535974a7d/execute/async - {"script":"<script> [189 bytes]","args":[]}
RESULT: {"script":"<script> [189 bytes]","args":[]}
COMMAND: POST /session/484b36992c8f3511b81194a535974a7d/execute/async - {"script":"<script> [123 bytes]","args":[]}
RESULT: {"script":"<script> [123 bytes]","args":[]}
COMMAND: POST /session/484b36992c8f3511b81194a535974a7d/timeouts - {"script":"<number>"}
RESULT: {"script":"<number>"}
COMMAND: GET /session/484b36992c8f3511b81194a535974a7d/timeouts - {}
RESULT: {}
RESULT: undefined
COMMAND: POST /session/484b36992c8f3511b81194a535974a7d/execute/async - {"script":"<script> [2676 bytes]","args":[]}
RESULT: {"script":"<script> [2676 bytes]","args":[]}
COMMAND: POST /session/484b36992c8f3511b81194a535974a7d/execute/async - {"script":"<script> [2342 bytes]","args":[{"protocol":"http","hostname":"0.0.0.0","path":"/","capabilities":{"browserName":"chrome","goog:chromeOptions":{"binary":"C:\\Program Files\\Google\\Chrome\\Application\\chrome.exe","args":["--start-maximized"]}},"logLevel":"warn","connectionRetryTimeout":120000,"connectionRetryCount":3,"logLevels":{},"enableDirectConnect":true,"strictSSL":true,"_":"65 more keys: [\"cacheDir\",\"port\",\"requestedCapabilities\",\"automationProtocol\",\"baseUrl\",\"waitforInterval\",\"waitforTimeout\",\"onReload\",\"beforeCommand\",\"afterCommand\",\"rootDir\",\"specs\",\"suites\",\"exclude\",\"groupLogsByTestSpec\",\"excludeDriverLogs\",\"bail\",\"framework\",\"reporters\",\"services\",\"maxInstances\",\"maxInstancesPerCapability\",\"injectGlobals\",\"filesToWatch\",\"execArgv\",\"runnerEnv\",\"runner\",\"shard\",\"specFileRetries\",\"specFileRetriesDelay\",\"specFileRetriesDeferred\",\"reporterSyncInterval\",\"reporterSyncTimeout\",\"cucumberFeaturesWithLineNumbers\",\"autoCompileOpts\",\"mochaOpts\",\"jasmineOpts\",\"cucumberOpts\",\"onPrepare\",\"onWorkerStart\",\"onWorkerEnd\",\"before\",\"beforeSession\",\"beforeSuite\",\"beforeHook\",\"beforeTest\",\"afterTest\",\"afterHook\",\"afterSuite\",\"afterSession\",\"after\",\"onComplete\",\"beforeAssertion\",\"afterAssertion\",\"beforeFeature\",\"beforeScenario\",\"beforeStep\",\"afterStep\",\"afterScenario\",\"afterFeature\",\"_\",\"suite\",\"$0\",\"ignoredWorkerServices\",\"wdi5\"]"}]}
RESULT: {"script":"<script> [2342 bytes]","args":[{"protocol":"http","hostname":"0.0.0.0","path":"/","capabilities":{"browserName":"chrome","goog:chromeOptions":{"binary":"C:\\Program Files\\Google\\Chrome\\Application\\chrome.exe","args":["--start-maximized"]}},"logLevel":"warn","connectionRetryTimeout":120000,"connectionRetryCount":3,"logLevels":{},"enableDirectConnect":true,"strictSSL":true,"_":"65 more keys: [\"cacheDir\",\"port\",\"requestedCapabilities\",\"automationProtocol\",\"baseUrl\",\"waitforInterval\",\"waitforTimeout\",\"onReload\",\"beforeCommand\",\"afterCommand\",\"rootDir\",\"specs\",\"suites\",\"exclude\",\"groupLogsByTestSpec\",\"excludeDriverLogs\",\"bail\",\"framework\",\"reporters\",\"services\",\"maxInstances\",\"maxInstancesPerCapability\",\"injectGlobals\",\"filesToWatch\",\"execArgv\",\"runnerEnv\",\"runner\",\"shard\",\"specFileRetries\",\"specFileRetriesDelay\",\"specFileRetriesDeferred\",\"reporterSyncInterval\",\"reporterSyncTimeout\",\"cucumberFeaturesWithLineNumbers\",\"autoCompileOpts\",\"mochaOpts\",\"jasmineOpts\",\"cucumberOpts\",\"onPrepare\",\"onWorkerStart\",\"onWorkerEnd\",\"before\",\"beforeSession\",\"beforeSuite\",\"beforeHook\",\"beforeTest\",\"afterTest\",\"afterHook\",\"afterSuite\",\"afterSession\",\"after\",\"onComplete\",\"beforeAssertion\",\"afterAssertion\",\"beforeFeature\",\"beforeScenario\",\"beforeStep\",\"afterStep\",\"afterScenario\",\"afterFeature\",\"_\",\"suite\",\"$0\",\"ignoredWorkerServices\",\"wdi5\"]"}]}
COMMAND: POST /session/484b36992c8f3511b81194a535974a7d/execute/async - {"script":"<script> [21126 bytes]","args":[35000]}
RESULT: {"script":"<script> [21126 bytes]","args":[35000]}
COMMAND: POST /session/484b36992c8f3511b81194a535974a7d/window/fullscreen - {}
RESULT: {}
]]></system-out>
    </testcase>
  </testsuite>
  <testsuite timestamp="2025-05-05T05:49:25" time="334.095" tests="6" failures="0" errors="0" skipped="0">
    <properties>
      <property name="specId" value="0" />
      <property name="suiteName" value="Yard Overview Autoplanning US130989" />
      <property name="capabilities" value="chrome.135_0_7049_96.windows" />
      <property name="file" value="file:///D:/a/1/s/test/specs/HTR/yard-overview-autoplanning.spec.js" />
    </properties>
    <testcase classname="chrome.135_0_7049_96.windows.Yard_Overview_Autoplanning_US130989" name="Prereq Should create a new yard used for all following tests" time="0.021">
      <system-out><![CDATA[
COMMAND: POST /session/484b36992c8f3511b81194a535974a7d/window/fullscreen - {}
RESULT: {}
]]></system-out>
    </testcase>
    <testcase classname="chrome.135_0_7049_96.windows.Yard_Overview_Autoplanning_US130989" name="Prereq Should create a new partner" time="0.004" />
    <testcase classname="chrome.135_0_7049_96.windows.Yard_Overview_Autoplanning_US130989" name="Prereq Should create a new site" time="0.003" />
    <testcase classname="chrome.135_0_7049_96.windows.Yard_Overview_Autoplanning_US130989" name="Prereq Should create a new material with catalog selection" time="105.861">
      <system-out><![CDATA[
COMMAND: POST /session/484b36992c8f3511b81194a535974a7d/execute/async - {"script":"<script> [1562 bytes]","args":[{"selector":{"controlType":"sap.m.GenericTile","properties":{"header":"Manage Resources"}},"wdio_ui5_key":"sapm.GenericTile{\"header\":\"Manage Resources\"}"}]}
RESULT: {"script":"<script> [1562 bytes]","args":[{"selector":{"controlType":"sap.m.GenericTile","properties":{"header":"Manage Resources"}},"wdio_ui5_key":"sapm.GenericTile{\"header\":\"Manage Resources\"}"}]}
RESULT: undefined
COMMAND: POST /session/484b36992c8f3511b81194a535974a7d/element - {"using":"xpath","value":"//*[@id=\"__tile39\"]"}
RESULT: {"using":"xpath","value":"//*[@id=\"__tile39\"]"}
COMMAND: POST /session/484b36992c8f3511b81194a535974a7d/element/f.D47E9D670512D824BAC67AC798DD2F0D.d.D045BEA702AFA60606A693371B738925.e.5417/click - {}
RESULT: {}
COMMAND: POST /session/484b36992c8f3511b81194a535974a7d/element - {"using":"xpath","value":"//button[@data-kt=\"addNewRUOverflowToolbarButton\"]"}
COMMAND: GET /session/484b36992c8f3511b81194a535974a7d/screenshot - {}
RESULT: {"using":"xpath","value":"//button[@data-kt=\"addNewRUOverflowToolbarButton\"]"}
COMMAND: POST /session/484b36992c8f3511b81194a535974a7d/elements - {"using":"xpath","value":"//button[@data-kt=\"addNewRUOverflowToolbarButton\"]"}
RESULT: {}
RESULT: {"using":"xpath","value":"//button[@data-kt=\"addNewRUOverflowToolbarButton\"]"}
COMMAND: POST /session/484b36992c8f3511b81194a535974a7d/elements - {"using":"xpath","value":"//button[@data-kt=\"addNewRUOverflowToolbarButton\"]"}
RESULT: {"using":"xpath","value":"//button[@data-kt=\"addNewRUOverflowToolbarButton\"]"}
COMMAND: POST /session/484b36992c8f3511b81194a535974a7d/elements - {"using":"xpath","value":"//button[@data-kt=\"addNewRUOverflowToolbarButton\"]"}
RESULT: {"using":"xpath","value":"//button[@data-kt=\"addNewRUOverflowToolbarButton\"]"}
COMMAND: POST /session/484b36992c8f3511b81194a535974a7d/elements - {"using":"xpath","value":"//button[@data-kt=\"addNewRUOverflowToolbarButton\"]"}
RESULT: {"using":"xpath","value":"//button[@data-kt=\"addNewRUOverflowToolbarButton\"]"}
COMMAND: POST /session/484b36992c8f3511b81194a535974a7d/elements - {"using":"xpath","value":"//button[@data-kt=\"addNewRUOverflowToolbarButton\"]"}
RESULT: {"using":"xpath","value":"//button[@data-kt=\"addNewRUOverflowToolbarButton\"]"}
COMMAND: POST /session/484b36992c8f3511b81194a535974a7d/elements - {"using":"xpath","value":"//button[@data-kt=\"addNewRUOverflowToolbarButton\"]"}
RESULT: {"using":"xpath","value":"//button[@data-kt=\"addNewRUOverflowToolbarButton\"]"}
COMMAND: POST /session/484b36992c8f3511b81194a535974a7d/elements - {"using":"xpath","value":"//button[@data-kt=\"addNewRUOverflowToolbarButton\"]"}
RESULT: {"using":"xpath","value":"//button[@data-kt=\"addNewRUOverflowToolbarButton\"]"}
COMMAND: POST /session/484b36992c8f3511b81194a535974a7d/elements - {"using":"xpath","value":"//button[@data-kt=\"addNewRUOverflowToolbarButton\"]"}
RESULT: {"using":"xpath","value":"//button[@data-kt=\"addNewRUOverflowToolbarButton\"]"}
COMMAND: POST /session/484b36992c8f3511b81194a535974a7d/elements - {"using":"xpath","value":"//button[@data-kt=\"addNewRUOverflowToolbarButton\"]"}
RESULT: {"using":"xpath","value":"//button[@data-kt=\"addNewRUOverflowToolbarButton\"]"}
COMMAND: POST /session/484b36992c8f3511b81194a535974a7d/elements - {"using":"xpath","value":"//button[@data-kt=\"addNewRUOverflowToolbarButton\"]"}
RESULT: {"using":"xpath","value":"//button[@data-kt=\"addNewRUOverflowToolbarButton\"]"}
COMMAND: POST /session/484b36992c8f3511b81194a535974a7d/elements - {"using":"xpath","value":"//button[@data-kt=\"addNewRUOverflowToolbarButton\"]"}
RESULT: {"using":"xpath","value":"//button[@data-kt=\"addNewRUOverflowToolbarButton\"]"}
COMMAND: POST /session/484b36992c8f3511b81194a535974a7d/elements - {"using":"xpath","value":"//button[@data-kt=\"addNewRUOverflowToolbarButton\"]"}
RESULT: {"using":"xpath","value":"//button[@data-kt=\"addNewRUOverflowToolbarButton\"]"}
COMMAND: POST /session/484b36992c8f3511b81194a535974a7d/elements - {"using":"xpath","value":"//button[@data-kt=\"addNewRUOverflowToolbarButton\"]"}
RESULT: {"using":"xpath","value":"//button[@data-kt=\"addNewRUOverflowToolbarButton\"]"}
COMMAND: POST /session/484b36992c8f3511b81194a535974a7d/elements - {"using":"xpath","value":"//button[@data-kt=\"addNewRUOverflowToolbarButton\"]"}
RESULT: {"using":"xpath","value":"//button[@data-kt=\"addNewRUOverflowToolbarButton\"]"}
COMMAND: POST /session/484b36992c8f3511b81194a535974a7d/elements - {"using":"xpath","value":"//button[@data-kt=\"addNewRUOverflowToolbarButton\"]"}
RESULT: {"using":"xpath","value":"//button[@data-kt=\"addNewRUOverflowToolbarButton\"]"}
COMMAND: POST /session/484b36992c8f3511b81194a535974a7d/elements - {"using":"xpath","value":"//button[@data-kt=\"addNewRUOverflowToolbarButton\"]"}
RESULT: {"using":"xpath","value":"//button[@data-kt=\"addNewRUOverflowToolbarButton\"]"}
COMMAND: POST /session/484b36992c8f3511b81194a535974a7d/elements - {"using":"xpath","value":"//button[@data-kt=\"addNewRUOverflowToolbarButton\"]"}
RESULT: {"using":"xpath","value":"//button[@data-kt=\"addNewRUOverflowToolbarButton\"]"}
COMMAND: POST /session/484b36992c8f3511b81194a535974a7d/elements - {"using":"xpath","value":"//button[@data-kt=\"addNewRUOverflowToolbarButton\"]"}
RESULT: {"using":"xpath","value":"//button[@data-kt=\"addNewRUOverflowToolbarButton\"]"}
COMMAND: POST /session/484b36992c8f3511b81194a535974a7d/elements - {"using":"xpath","value":"//button[@data-kt=\"addNewRUOverflowToolbarButton\"]"}
RESULT: {"using":"xpath","value":"//button[@data-kt=\"addNewRUOverflowToolbarButton\"]"}
COMMAND: POST /session/484b36992c8f3511b81194a535974a7d/elements - {"using":"xpath","value":"//button[@data-kt=\"addNewRUOverflowToolbarButton\"]"}
RESULT: {"using":"xpath","value":"//button[@data-kt=\"addNewRUOverflowToolbarButton\"]"}
COMMAND: POST /session/484b36992c8f3511b81194a535974a7d/elements - {"using":"xpath","value":"//button[@data-kt=\"addNewRUOverflowToolbarButton\"]"}
RESULT: {"using":"xpath","value":"//button[@data-kt=\"addNewRUOverflowToolbarButton\"]"}
COMMAND: POST /session/484b36992c8f3511b81194a535974a7d/elements - {"using":"xpath","value":"//button[@data-kt=\"addNewRUOverflowToolbarButton\"]"}
RESULT: {"using":"xpath","value":"//button[@data-kt=\"addNewRUOverflowToolbarButton\"]"}
COMMAND: POST /session/484b36992c8f3511b81194a535974a7d/elements - {"using":"xpath","value":"//button[@data-kt=\"addNewRUOverflowToolbarButton\"]"}
RESULT: {"using":"xpath","value":"//button[@data-kt=\"addNewRUOverflowToolbarButton\"]"}
COMMAND: POST /session/484b36992c8f3511b81194a535974a7d/elements - {"using":"xpath","value":"//button[@data-kt=\"addNewRUOverflowToolbarButton\"]"}
RESULT: {"using":"xpath","value":"//button[@data-kt=\"addNewRUOverflowToolbarButton\"]"}
COMMAND: POST /session/484b36992c8f3511b81194a535974a7d/elements - {"using":"xpath","value":"//button[@data-kt=\"addNewRUOverflowToolbarButton\"]"}
RESULT: {"using":"xpath","value":"//button[@data-kt=\"addNewRUOverflowToolbarButton\"]"}
COMMAND: POST /session/484b36992c8f3511b81194a535974a7d/elements - {"using":"xpath","value":"//button[@data-kt=\"addNewRUOverflowToolbarButton\"]"}
RESULT: {"using":"xpath","value":"//button[@data-kt=\"addNewRUOverflowToolbarButton\"]"}
COMMAND: POST /session/484b36992c8f3511b81194a535974a7d/elements - {"using":"xpath","value":"//button[@data-kt=\"addNewRUOverflowToolbarButton\"]"}
RESULT: {"using":"xpath","value":"//button[@data-kt=\"addNewRUOverflowToolbarButton\"]"}
COMMAND: POST /session/484b36992c8f3511b81194a535974a7d/elements - {"using":"xpath","value":"//button[@data-kt=\"addNewRUOverflowToolbarButton\"]"}
RESULT: {"using":"xpath","value":"//button[@data-kt=\"addNewRUOverflowToolbarButton\"]"}
COMMAND: POST /session/484b36992c8f3511b81194a535974a7d/elements - {"using":"xpath","value":"//button[@data-kt=\"addNewRUOverflowToolbarButton\"]"}
RESULT: {"using":"xpath","value":"//button[@data-kt=\"addNewRUOverflowToolbarButton\"]"}
COMMAND: POST /session/484b36992c8f3511b81194a535974a7d/element - {"using":"xpath","value":"//button[@data-kt=\"addNewRUOverflowToolbarButton\"]"}
RESULT: {"using":"xpath","value":"//button[@data-kt=\"addNewRUOverflowToolbarButton\"]"}
COMMAND: POST /session/484b36992c8f3511b81194a535974a7d/execute/sync - {"script":"<script> [8489 bytes]","args":[{"element-6066-11e4-a52e-4f735466cecf":"f.D47E9D670512D824BAC67AC798DD2F0D.d.D045BEA702AFA60606A693371B738925.e.5547","ELEMENT":"f.D47E9D670512D824BAC67AC798DD2F0D.d.D045BEA702AFA60606A693371B738925.e.5547"}]}
RESULT: {"script":"<script> [8489 bytes]","args":[{"element-6066-11e4-a52e-4f735466cecf":"f.D47E9D670512D824BAC67AC798DD2F0D.d.D045BEA702AFA60606A693371B738925.e.5547","ELEMENT":"f.D47E9D670512D824BAC67AC798DD2F0D.d.D045BEA702AFA60606A693371B738925.e.5547"}]}
COMMAND: GET /session/484b36992c8f3511b81194a535974a7d/element/f.D47E9D670512D824BAC67AC798DD2F0D.d.D045BEA702AFA60606A693371B738925.e.5547/enabled - {}
COMMAND: GET /session/484b36992c8f3511b81194a535974a7d/screenshot - {}
RESULT: {}
COMMAND: POST /session/484b36992c8f3511b81194a535974a7d/execute/sync - {"script":"<script> [8489 bytes]","args":[{"element-6066-11e4-a52e-4f735466cecf":"f.D47E9D670512D824BAC67AC798DD2F0D.d.D045BEA702AFA60606A693371B738925.e.5547","ELEMENT":"f.D47E9D670512D824BAC67AC798DD2F0D.d.D045BEA702AFA60606A693371B738925.e.5547"}]}
COMMAND: GET /session/484b36992c8f3511b81194a535974a7d/screenshot - {}
RESULT: {}
RESULT: {"script":"<script> [8489 bytes]","args":[{"element-6066-11e4-a52e-4f735466cecf":"f.D47E9D670512D824BAC67AC798DD2F0D.d.D045BEA702AFA60606A693371B738925.e.5547","ELEMENT":"f.D47E9D670512D824BAC67AC798DD2F0D.d.D045BEA702AFA60606A693371B738925.e.5547"}]}
COMMAND: POST /session/484b36992c8f3511b81194a535974a7d/execute/sync - {"script":"<script> [5351 bytes]","args":[{"element-6066-11e4-a52e-4f735466cecf":"f.D47E9D670512D824BAC67AC798DD2F0D.d.D045BEA702AFA60606A693371B738925.e.5547","ELEMENT":"f.D47E9D670512D824BAC67AC798DD2F0D.d.D045BEA702AFA60606A693371B738925.e.5547"}]}
COMMAND: GET /session/484b36992c8f3511b81194a535974a7d/screenshot - {}
RESULT: {}
RESULT: {"script":"<script> [5351 bytes]","args":[{"element-6066-11e4-a52e-4f735466cecf":"f.D47E9D670512D824BAC67AC798DD2F0D.d.D045BEA702AFA60606A693371B738925.e.5547","ELEMENT":"f.D47E9D670512D824BAC67AC798DD2F0D.d.D045BEA702AFA60606A693371B738925.e.5547"}]}
COMMAND: POST /session/484b36992c8f3511b81194a535974a7d/element/f.D47E9D670512D824BAC67AC798DD2F0D.d.D045BEA702AFA60606A693371B738925.e.5547/click - {}
COMMAND: GET /session/484b36992c8f3511b81194a535974a7d/screenshot - {}
RESULT: {}
RESULT: {}
COMMAND: GET /session/484b36992c8f3511b81194a535974a7d/screenshot - {}
RESULT: {}
RESULT: {}
COMMAND: POST /session/484b36992c8f3511b81194a535974a7d/execute/async - {"script":"<script> [1562 bytes]","args":[{"selector":{"id":"application-manageresources-display-component---newResourceUnit--TYPE-arrow"},"wdio_ui5_key":"applicationmanageresources-display-component---newResourceUnit--TYPE-arrow"}]}
RESULT: {"script":"<script> [1562 bytes]","args":[{"selector":{"id":"application-manageresources-display-component---newResourceUnit--TYPE-arrow"},"wdio_ui5_key":"applicationmanageresources-display-component---newResourceUnit--TYPE-arrow"}]}
RESULT: undefined
COMMAND: POST /session/484b36992c8f3511b81194a535974a7d/element - {"using":"xpath","value":"//*[@id=\"application-manageresources-display-component---newResourceUnit--TYPE-arrow\"]"}
RESULT: {"using":"xpath","value":"//*[@id=\"application-manageresources-display-component---newResourceUnit--TYPE-arrow\"]"}
COMMAND: POST /session/484b36992c8f3511b81194a535974a7d/element/f.D47E9D670512D824BAC67AC798DD2F0D.d.D045BEA702AFA60606A693371B738925.e.5916/click - {}
RESULT: {}
COMMAND: POST /session/484b36992c8f3511b81194a535974a7d/element - {"using":"xpath","value":"//input[@id=\"application-manageresources-display-component---newResourceUnit--TYPE-inner\"]"}
COMMAND: GET /session/484b36992c8f3511b81194a535974a7d/screenshot - {}
RESULT: {"using":"xpath","value":"//input[@id=\"application-manageresources-display-component---newResourceUnit--TYPE-inner\"]"}
COMMAND: POST /session/484b36992c8f3511b81194a535974a7d/element/f.D47E9D670512D824BAC67AC798DD2F0D.d.D045BEA702AFA60606A693371B738925.e.5896/clear - {}
RESULT: {}
RESULT: {}
COMMAND: POST /session/484b36992c8f3511b81194a535974a7d/element/f.D47E9D670512D824BAC67AC798DD2F0D.d.D045BEA702AFA60606A693371B738925.e.5896/value - {"text":"Material"}
COMMAND: GET /session/484b36992c8f3511b81194a535974a7d/screenshot - {}
RESULT: {"text":"Material"}
COMMAND: GET /session/484b36992c8f3511b81194a535974a7d/screenshot - {}
RESULT: {}
RESULT: {}
COMMAND: POST /session/484b36992c8f3511b81194a535974a7d/actions - {"actions":[{"id":"action16","type":"key","parameters":{},"actions":[{"type":"keyDown","value":"î€‡"},{"type":"pause","duration":10},{"type":"keyUp","value":"î€‡"}]}]}
RESULT: {"actions":[{"id":"action16","type":"key","parameters":{},"actions":[{"type":"keyDown","value":"î€‡"},{"type":"pause","duration":10},{"type":"keyUp","value":"î€‡"}]}]}
COMMAND: POST /session/484b36992c8f3511b81194a535974a7d/execute/async - {"script":"<script> [1562 bytes]","args":[{"selector":{"id":"application-manageresources-display-component---newResourceUnit--SHORT_TEXT","interaction":{"idSuffix":"inner"}},"wdio_ui5_key":"applicationmanageresources-display-component---newResourceUnit--SHORT_TEXT"}]}
COMMAND: GET /session/484b36992c8f3511b81194a535974a7d/screenshot - {}
RESULT: {"script":"<script> [1562 bytes]","args":[{"selector":{"id":"application-manageresources-display-component---newResourceUnit--SHORT_TEXT","interaction":{"idSuffix":"inner"}},"wdio_ui5_key":"applicationmanageresources-display-component---newResourceUnit--SHORT_TEXT"}]}
RESULT: undefined
COMMAND: POST /session/484b36992c8f3511b81194a535974a7d/execute/async - {"script":"<script> [776 bytes]","args":[{"enterText":"Cement WDIO","selector":{"id":"application-manageresources-display-component---newResourceUnit--SHORT_TEXT","interaction":{"idSuffix":"inner"}},"clearTextFirst":true,"interactionType":"ENTER_TEXT"}]}
RESULT: {}
RESULT: {"script":"<script> [776 bytes]","args":[{"enterText":"Cement WDIO","selector":{"id":"application-manageresources-display-component---newResourceUnit--SHORT_TEXT","interaction":{"idSuffix":"inner"}},"clearTextFirst":true,"interactionType":"ENTER_TEXT"}]}
COMMAND: POST /session/484b36992c8f3511b81194a535974a7d/execute/async - {"script":"<script> [1562 bytes]","args":[{"selector":{"id":"application-manageresources-display-component---newResourceUnit--BASE_UNIT_OF_MEASURE","interaction":{"idSuffix":"inner"}},"wdio_ui5_key":"applicationmanageresources-display-component---newResourceUnit--BASE_UNIT_OF_MEASURE"}]}
RESULT: {"script":"<script> [1562 bytes]","args":[{"selector":{"id":"application-manageresources-display-component---newResourceUnit--BASE_UNIT_OF_MEASURE","interaction":{"idSuffix":"inner"}},"wdio_ui5_key":"applicationmanageresources-display-component---newResourceUnit--BASE_UNIT_OF_MEASURE"}]}
RESULT: undefined
COMMAND: POST /session/484b36992c8f3511b81194a535974a7d/execute/async - {"script":"<script> [776 bytes]","args":[{"enterText":"Piece","selector":{"id":"application-manageresources-display-component---newResourceUnit--BASE_UNIT_OF_MEASURE","interaction":{"idSuffix":"inner"}},"clearTextFirst":true,"interactionType":"ENTER_TEXT"}]}
RESULT: {"script":"<script> [776 bytes]","args":[{"enterText":"Piece","selector":{"id":"application-manageresources-display-component---newResourceUnit--BASE_UNIT_OF_MEASURE","interaction":{"idSuffix":"inner"}},"clearTextFirst":true,"interactionType":"ENTER_TEXT"}]}
COMMAND: POST /session/484b36992c8f3511b81194a535974a7d/execute/async - {"script":"<script> [1562 bytes]","args":[{"selector":{"id":"application-manageresources-display-component---newResourceUnit--WEIGHT_UNIT","interaction":{"idSuffix":"inner"}},"wdio_ui5_key":"applicationmanageresources-display-component---newResourceUnit--WEIGHT_UNIT"}]}
RESULT: {"script":"<script> [1562 bytes]","args":[{"selector":{"id":"application-manageresources-display-component---newResourceUnit--WEIGHT_UNIT","interaction":{"idSuffix":"inner"}},"wdio_ui5_key":"applicationmanageresources-display-component---newResourceUnit--WEIGHT_UNIT"}]}
RESULT: undefined
COMMAND: POST /session/484b36992c8f3511b81194a535974a7d/execute/async - {"script":"<script> [776 bytes]","args":[{"enterText":"Gram","selector":{"id":"application-manageresources-display-component---newResourceUnit--WEIGHT_UNIT","interaction":{"idSuffix":"inner"}},"clearTextFirst":true,"interactionType":"ENTER_TEXT"}]}
RESULT: {"script":"<script> [776 bytes]","args":[{"enterText":"Gram","selector":{"id":"application-manageresources-display-component---newResourceUnit--WEIGHT_UNIT","interaction":{"idSuffix":"inner"}},"clearTextFirst":true,"interactionType":"ENTER_TEXT"}]}
COMMAND: POST /session/484b36992c8f3511b81194a535974a7d/execute/async - {"script":"<script> [1562 bytes]","args":[{"selector":{"id":"application-manageresources-display-component---newResourceUnit--DIMENSION_UNIT","interaction":{"idSuffix":"inner"}},"wdio_ui5_key":"applicationmanageresources-display-component---newResourceUnit--DIMENSION_UNIT"}]}
RESULT: {"script":"<script> [1562 bytes]","args":[{"selector":{"id":"application-manageresources-display-component---newResourceUnit--DIMENSION_UNIT","interaction":{"idSuffix":"inner"}},"wdio_ui5_key":"applicationmanageresources-display-component---newResourceUnit--DIMENSION_UNIT"}]}
RESULT: undefined
COMMAND: POST /session/484b36992c8f3511b81194a535974a7d/execute/async - {"script":"<script> [776 bytes]","args":[{"enterText":"Meter","selector":{"id":"application-manageresources-display-component---newResourceUnit--DIMENSION_UNIT","interaction":{"idSuffix":"inner"}},"clearTextFirst":true,"interactionType":"ENTER_TEXT"}]}
RESULT: {"script":"<script> [776 bytes]","args":[{"enterText":"Meter","selector":{"id":"application-manageresources-display-component---newResourceUnit--DIMENSION_UNIT","interaction":{"idSuffix":"inner"}},"clearTextFirst":true,"interactionType":"ENTER_TEXT"}]}
COMMAND: POST /session/484b36992c8f3511b81194a535974a7d/execute/async - {"script":"<script> [1562 bytes]","args":[{"selector":{"id":"application-manageresources-display-component---newResourceUnit--newRRUPage-anchBar-application-manageresources-display-component---newResourceUnit--control-anchor","interaction":{"idSuffix":"BDI-content"}},"wdio_ui5_key":"applicationmanageresources-display-component---newResourceUnit--newRRUPage-anchBar-application-manageresources-display-component---newResourceUnit--control-anchor"}]}
RESULT: {"script":"<script> [1562 bytes]","args":[{"selector":{"id":"application-manageresources-display-component---newResourceUnit--newRRUPage-anchBar-application-manageresources-display-component---newResourceUnit--control-anchor","interaction":{"idSuffix":"BDI-content"}},"wdio_ui5_key":"applicationmanageresources-display-component---newResourceUnit--newRRUPage-anchBar-application-manageresources-display-component---newResourceUnit--control-anchor"}]}
RESULT: undefined
COMMAND: POST /session/484b36992c8f3511b81194a535974a7d/element - {"using":"xpath","value":"//*[@id=\"application-manageresources-display-component---newResourceUnit--newRRUPage-anchBar-application-manageresources-display-component---newResourceUnit--control-anchor\"]"}
RESULT: {"using":"xpath","value":"//*[@id=\"application-manageresources-display-component---newResourceUnit--newRRUPage-anchBar-application-manageresources-display-component---newResourceUnit--control-anchor\"]"}
COMMAND: POST /session/484b36992c8f3511b81194a535974a7d/element/f.D47E9D670512D824BAC67AC798DD2F0D.d.D045BEA702AFA60606A693371B738925.e.5983/click - {}
RESULT: {}
COMMAND: POST /session/484b36992c8f3511b81194a535974a7d/execute/async - {"script":"<script> [1562 bytes]","args":[{"selector":{"id":"application-manageresources-display-component---newResourceUnit--PLANNING_GROUP","interaction":{"idSuffix":"inner"}},"wdio_ui5_key":"applicationmanageresources-display-component---newResourceUnit--PLANNING_GROUP"}]}
COMMAND: GET /session/484b36992c8f3511b81194a535974a7d/screenshot - {}
RESULT: {"script":"<script> [1562 bytes]","args":[{"selector":{"id":"application-manageresources-display-component---newResourceUnit--PLANNING_GROUP","interaction":{"idSuffix":"inner"}},"wdio_ui5_key":"applicationmanageresources-display-component---newResourceUnit--PLANNING_GROUP"}]}
RESULT: undefined
COMMAND: POST /session/484b36992c8f3511b81194a535974a7d/execute/async - {"script":"<script> [776 bytes]","args":[{"enterText":"Material","selector":{"id":"application-manageresources-display-component---newResourceUnit--PLANNING_GROUP","interaction":{"idSuffix":"inner"}},"clearTextFirst":true,"interactionType":"ENTER_TEXT"}]}
RESULT: {}
RESULT: {"script":"<script> [776 bytes]","args":[{"enterText":"Material","selector":{"id":"application-manageresources-display-component---newResourceUnit--PLANNING_GROUP","interaction":{"idSuffix":"inner"}},"clearTextFirst":true,"interactionType":"ENTER_TEXT"}]}
COMMAND: POST /session/484b36992c8f3511b81194a535974a7d/execute/async - {"script":"<script> [1562 bytes]","args":[{"selector":{"id":"application-manageresources-display-component---newResourceUnit--PLANNING_INDICATOR","interaction":{"idSuffix":"inner"}},"wdio_ui5_key":"applicationmanageresources-display-component---newResourceUnit--PLANNING_INDICATOR"}]}
RESULT: {"script":"<script> [1562 bytes]","args":[{"selector":{"id":"application-manageresources-display-component---newResourceUnit--PLANNING_INDICATOR","interaction":{"idSuffix":"inner"}},"wdio_ui5_key":"applicationmanageresources-display-component---newResourceUnit--PLANNING_INDICATOR"}]}
RESULT: undefined
COMMAND: POST /session/484b36992c8f3511b81194a535974a7d/execute/async - {"script":"<script> [776 bytes]","args":[{"enterText":"10 - infinite","selector":{"id":"application-manageresources-display-component---newResourceUnit--PLANNING_INDICATOR","interaction":{"idSuffix":"inner"}},"clearTextFirst":true,"interactionType":"ENTER_TEXT"}]}
RESULT: {"script":"<script> [776 bytes]","args":[{"enterText":"10 - infinite","selector":{"id":"application-manageresources-display-component---newResourceUnit--PLANNING_INDICATOR","interaction":{"idSuffix":"inner"}},"clearTextFirst":true,"interactionType":"ENTER_TEXT"}]}
COMMAND: POST /session/484b36992c8f3511b81194a535974a7d/element - {"using":"css selector","value":"#application-manageresources-display-component---newResourceUnit--btnAddTimeSegment"}
RESULT: {"using":"css selector","value":"#application-manageresources-display-component---newResourceUnit--btnAddTimeSegment"}
COMMAND: GET /session/484b36992c8f3511b81194a535974a7d/element/f.D47E9D670512D824BAC67AC798DD2F0D.d.D045BEA702AFA60606A693371B738925.e.5991/rect - {}
RESULT: {}
COMMAND: GET /session/484b36992c8f3511b81194a535974a7d/window/rect - {}
RESULT: {}
COMMAND: POST /session/484b36992c8f3511b81194a535974a7d/execute/sync - {"script":"<script> [92 bytes]","args":[]}
RESULT: {"script":"<script> [92 bytes]","args":[]}
COMMAND: POST /session/484b36992c8f3511b81194a535974a7d/actions - {"actions":[{"id":"action17","type":"wheel","parameters":{},"actions":[{"type":"scroll","x":-1888,"y":-32,"deltaX":0,"deltaY":0,"duration":0,"origin":{"element-6066-11e4-a52e-4f735466cecf":"f.D47E9D670512D824BAC67AC798DD2F0D.d.D045BEA702AFA60606A693371B738925.e.5991"}}]}]}
COMMAND: GET /session/484b36992c8f3511b81194a535974a7d/screenshot - {}
RESULT: {}
COMMAND: POST /session/484b36992c8f3511b81194a535974a7d/execute/sync - {"script":"<script> [79 bytes]","args":[{"element-6066-11e4-a52e-4f735466cecf":"f.D47E9D670512D824BAC67AC798DD2F0D.d.D045BEA702AFA60606A693371B738925.e.5991","ELEMENT":"f.D47E9D670512D824BAC67AC798DD2F0D.d.D045BEA702AFA60606A693371B738925.e.5991"},{"block":"start","inline":"nearest"}]}
RESULT: {"script":"<script> [79 bytes]","args":[{"element-6066-11e4-a52e-4f735466cecf":"f.D47E9D670512D824BAC67AC798DD2F0D.d.D045BEA702AFA60606A693371B738925.e.5991","ELEMENT":"f.D47E9D670512D824BAC67AC798DD2F0D.d.D045BEA702AFA60606A693371B738925.e.5991"},{"block":"start","inline":"nearest"}]}
COMMAND: POST /session/484b36992c8f3511b81194a535974a7d/execute/async - {"script":"<script> [1562 bytes]","args":[{"selector":{"id":"application-manageresources-display-component---newResourceUnit--btnAddTimeSegment","interaction":{"idSuffix":"inner"}},"wdio_ui5_key":"applicationmanageresources-display-component---newResourceUnit--btnAddTimeSegment"}]}
COMMAND: GET /session/484b36992c8f3511b81194a535974a7d/screenshot - {}
RESULT: {"script":"<script> [1562 bytes]","args":[{"selector":{"id":"application-manageresources-display-component---newResourceUnit--btnAddTimeSegment","interaction":{"idSuffix":"inner"}},"wdio_ui5_key":"applicationmanageresources-display-component---newResourceUnit--btnAddTimeSegment"}]}
RESULT: undefined
COMMAND: POST /session/484b36992c8f3511b81194a535974a7d/element - {"using":"xpath","value":"//*[@id=\"application-manageresources-display-component---newResourceUnit--btnAddTimeSegment\"]"}
RESULT: {}
RESULT: {"using":"xpath","value":"//*[@id=\"application-manageresources-display-component---newResourceUnit--btnAddTimeSegment\"]"}
COMMAND: POST /session/484b36992c8f3511b81194a535974a7d/element/f.D47E9D670512D824BAC67AC798DD2F0D.d.D045BEA702AFA60606A693371B738925.e.5991/click - {}
RESULT: {}
COMMAND: GET /session/484b36992c8f3511b81194a535974a7d/screenshot - {}
RESULT: {}
COMMAND: POST /session/484b36992c8f3511b81194a535974a7d/element - {"using":"xpath","value":"//input[@id=\"application-manageresources-display-component---newResourceUnit--idRuTSAdmin-application-manageresources-display-component---newResourceUnit--RUTimeSegment-0-inner\"]"}
RESULT: {"using":"xpath","value":"//input[@id=\"application-manageresources-display-component---newResourceUnit--idRuTSAdmin-application-manageresources-display-component---newResourceUnit--RUTimeSegment-0-inner\"]"}
COMMAND: POST /session/484b36992c8f3511b81194a535974a7d/element/f.D47E9D670512D824BAC67AC798DD2F0D.d.D045BEA702AFA60606A693371B738925.e.5996/clear - {}
RESULT: {}
COMMAND: POST /session/484b36992c8f3511b81194a535974a7d/element/f.D47E9D670512D824BAC67AC798DD2F0D.d.D045BEA702AFA60606A693371B738925.e.5996/value - {"text":"554"}
COMMAND: GET /session/484b36992c8f3511b81194a535974a7d/screenshot - {}
RESULT: {"text":"554"}
COMMAND: GET /session/484b36992c8f3511b81194a535974a7d/screenshot - {}
RESULT: {}
RESULT: {}
COMMAND: POST /session/484b36992c8f3511b81194a535974a7d/element - {"using":"xpath","value":"//li[.//span[text()='554']]"}
RESULT: {"using":"xpath","value":"//li[.//span[text()='554']]"}
COMMAND: POST /session/484b36992c8f3511b81194a535974a7d/element/f.D47E9D670512D824BAC67AC798DD2F0D.d.D045BEA702AFA60606A693371B738925.e.6005/click - {}
RESULT: {}
COMMAND: GET /session/484b36992c8f3511b81194a535974a7d/screenshot - {}
RESULT: {}
COMMAND: POST /session/484b36992c8f3511b81194a535974a7d/element - {"using":"xpath","value":"//*[contains(text(), \"Catalogs\")][contains(@id ,\"application-manageresources-display-component---newResourceUnit--newRRUPage-anchBar\")]"}
RESULT: {"using":"xpath","value":"//*[contains(text(), \"Catalogs\")][contains(@id ,\"application-manageresources-display-component---newResourceUnit--newRRUPage-anchBar\")]"}
COMMAND: POST /session/484b36992c8f3511b81194a535974a7d/element/f.D47E9D670512D824BAC67AC798DD2F0D.d.D045BEA702AFA60606A693371B738925.e.6006/click - {}
RESULT: {}
COMMAND: GET /session/484b36992c8f3511b81194a535974a7d/screenshot - {}
RESULT: {}
COMMAND: POST /session/484b36992c8f3511b81194a535974a7d/element - {"using":"xpath","value":"//*[contains(text(), \"Assign\")][contains(@id ,\"button\")]"}
RESULT: {"using":"xpath","value":"//*[contains(text(), \"Assign\")][contains(@id ,\"button\")]"}
COMMAND: POST /session/484b36992c8f3511b81194a535974a7d/element/f.D47E9D670512D824BAC67AC798DD2F0D.d.D045BEA702AFA60606A693371B738925.e.6010/click - {}
RESULT: {}
COMMAND: GET /session/484b36992c8f3511b81194a535974a7d/screenshot - {}
RESULT: {}
COMMAND: POST /session/484b36992c8f3511b81194a535974a7d/element - {"using":"xpath","value":"//span[@id = \"application-manageresources-display-component---newResourceUnit--catalogSelect-arrow\"]"}
RESULT: {"using":"xpath","value":"//span[@id = \"application-manageresources-display-component---newResourceUnit--catalogSelect-arrow\"]"}
COMMAND: POST /session/484b36992c8f3511b81194a535974a7d/element/f.D47E9D670512D824BAC67AC798DD2F0D.d.D045BEA702AFA60606A693371B738925.e.6018/click - {}
RESULT: {}
COMMAND: GET /session/484b36992c8f3511b81194a535974a7d/screenshot - {}
RESULT: {}
COMMAND: POST /session/484b36992c8f3511b81194a535974a7d/element - {"using":"xpath","value":"//li[.//span[text()=\"Webshop Catalog\"]]"}
RESULT: {"using":"xpath","value":"//li[.//span[text()=\"Webshop Catalog\"]]"}
COMMAND: POST /session/484b36992c8f3511b81194a535974a7d/element/f.D47E9D670512D824BAC67AC798DD2F0D.d.D045BEA702AFA60606A693371B738925.e.6019/click - {}
RESULT: {}
COMMAND: GET /session/484b36992c8f3511b81194a535974a7d/screenshot - {}
RESULT: {}
COMMAND: POST /session/484b36992c8f3511b81194a535974a7d/element - {"using":"xpath","value":"//span[@id = \"application-manageresources-display-component---newResourceUnit--catalogItemSelect-arrow\"]"}
RESULT: {"using":"xpath","value":"//span[@id = \"application-manageresources-display-component---newResourceUnit--catalogItemSelect-arrow\"]"}
COMMAND: POST /session/484b36992c8f3511b81194a535974a7d/element/f.D47E9D670512D824BAC67AC798DD2F0D.d.D045BEA702AFA60606A693371B738925.e.6020/click - {}
RESULT: {}
COMMAND: GET /session/484b36992c8f3511b81194a535974a7d/screenshot - {}
RESULT: {}
COMMAND: POST /session/484b36992c8f3511b81194a535974a7d/element - {"using":"xpath","value":"//li[.//span[text()=\"Concert - Concert \"]]"}
RESULT: {"using":"xpath","value":"//li[.//span[text()=\"Concert - Concert \"]]"}
COMMAND: POST /session/484b36992c8f3511b81194a535974a7d/element/f.D47E9D670512D824BAC67AC798DD2F0D.d.D045BEA702AFA60606A693371B738925.e.6021/click - {}
RESULT: {}
COMMAND: GET /session/484b36992c8f3511b81194a535974a7d/screenshot - {}
RESULT: {}
COMMAND: POST /session/484b36992c8f3511b81194a535974a7d/execute/async - {"script":"<script> [1562 bytes]","args":[{"selector":{"id":"application-manageresources-display-component---newResourceUnit--RUAssignmentSaveButton","searchOpenDialogs":true,"interaction":{"idSuffix":"BDI-content"}},"wdio_ui5_key":"applicationmanageresources-display-component---newResourceUnit--RUAssignmentSaveButton"}]}
RESULT: {"script":"<script> [1562 bytes]","args":[{"selector":{"id":"application-manageresources-display-component---newResourceUnit--RUAssignmentSaveButton","searchOpenDialogs":true,"interaction":{"idSuffix":"BDI-content"}},"wdio_ui5_key":"applicationmanageresources-display-component---newResourceUnit--RUAssignmentSaveButton"}]}
RESULT: undefined
COMMAND: POST /session/484b36992c8f3511b81194a535974a7d/element - {"using":"xpath","value":"//*[@id=\"application-manageresources-display-component---newResourceUnit--RUAssignmentSaveButton\"]"}
RESULT: {"using":"xpath","value":"//*[@id=\"application-manageresources-display-component---newResourceUnit--RUAssignmentSaveButton\"]"}
COMMAND: POST /session/484b36992c8f3511b81194a535974a7d/element/f.D47E9D670512D824BAC67AC798DD2F0D.d.D045BEA702AFA60606A693371B738925.e.6039/click - {}
RESULT: {}
COMMAND: GET /session/484b36992c8f3511b81194a535974a7d/screenshot - {}
RESULT: {}
COMMAND: POST /session/484b36992c8f3511b81194a535974a7d/element - {"using":"xpath","value":"//button[@data-kt=\"resourceUnitSaveButton\"]"}
RESULT: {"using":"xpath","value":"//button[@data-kt=\"resourceUnitSaveButton\"]"}
COMMAND: POST /session/484b36992c8f3511b81194a535974a7d/element/f.D47E9D670512D824BAC67AC798DD2F0D.d.D045BEA702AFA60606A693371B738925.e.5933/click - {}
RESULT: {}
COMMAND: GET /session/484b36992c8f3511b81194a535974a7d/screenshot - {}
RESULT: {}
COMMAND: POST /session/484b36992c8f3511b81194a535974a7d/element - {"using":"xpath","value":"//bdi[contains(text(), \"Close\")]"}
RESULT: {"using":"xpath","value":"//bdi[contains(text(), \"Close\")]"}
COMMAND: POST /session/484b36992c8f3511b81194a535974a7d/element/f.D47E9D670512D824BAC67AC798DD2F0D.d.D045BEA702AFA60606A693371B738925.e.6051/click - {}
RESULT: {}
COMMAND: GET /session/484b36992c8f3511b81194a535974a7d/screenshot - {}
RESULT: {}
COMMAND: POST /session/484b36992c8f3511b81194a535974a7d/element - {"using":"xpath","value":"//header[contains(@id, 'detailRruPage-headerTitle')]/div[1]/div[2]/div[2]/span[1]"}
RESULT: {"using":"xpath","value":"//header[contains(@id, 'detailRruPage-headerTitle')]/div[1]/div[2]/div[2]/span[1]"}
COMMAND: POST /session/484b36992c8f3511b81194a535974a7d/elements - {"using":"xpath","value":"//header[contains(@id, 'detailRruPage-headerTitle')]/div[1]/div[2]/div[2]/span[1]"}
RESULT: {"using":"xpath","value":"//header[contains(@id, 'detailRruPage-headerTitle')]/div[1]/div[2]/div[2]/span[1]"}
COMMAND: POST /session/484b36992c8f3511b81194a535974a7d/execute/sync - {"script":"<script> [56 bytes]","args":[{"element-6066-11e4-a52e-4f735466cecf":"f.D47E9D670512D824BAC67AC798DD2F0D.d.D045BEA702AFA60606A693371B738925.e.6087","ELEMENT":"f.D47E9D670512D824BAC67AC798DD2F0D.d.D045BEA702AFA60606A693371B738925.e.6087"}]}
RESULT: {"script":"<script> [56 bytes]","args":[{"element-6066-11e4-a52e-4f735466cecf":"f.D47E9D670512D824BAC67AC798DD2F0D.d.D045BEA702AFA60606A693371B738925.e.6087","ELEMENT":"f.D47E9D670512D824BAC67AC798DD2F0D.d.D045BEA702AFA60606A693371B738925.e.6087"}]}
COMMAND: POST /session/484b36992c8f3511b81194a535974a7d/element - {"using":"css selector","value":"#shell-header-logo"}
COMMAND: GET /session/484b36992c8f3511b81194a535974a7d/screenshot - {}
RESULT: {"using":"css selector","value":"#shell-header-logo"}
COMMAND: POST /session/484b36992c8f3511b81194a535974a7d/element/f.D47E9D670512D824BAC67AC798DD2F0D.d.D045BEA702AFA60606A693371B738925.e.5516/click - {}
RESULT: {}
RESULT: {}
COMMAND: GET /session/484b36992c8f3511b81194a535974a7d/screenshot - {}
RESULT: {}
]]></system-out>
    </testcase>
    <testcase classname="chrome.135_0_7049_96.windows.Yard_Overview_Autoplanning_US130989" name="Should create a new request and add the material" time="78.848">
      <system-out><![CDATA[
COMMAND: POST /session/484b36992c8f3511b81194a535974a7d/execute/async - {"script":"<script> [1562 bytes]","args":[{"selector":{"controlType":"sap.m.Text","properties":{"text":"Manage Requests"},"interaction":{"idSuffix":"inner"}},"wdio_ui5_key":"sapm.Text{\"text\":\"Manage Requests\"}"}]}
RESULT: {"script":"<script> [1562 bytes]","args":[{"selector":{"controlType":"sap.m.Text","properties":{"text":"Manage Requests"},"interaction":{"idSuffix":"inner"}},"wdio_ui5_key":"sapm.Text{\"text\":\"Manage Requests\"}"}]}
RESULT: undefined
COMMAND: POST /session/484b36992c8f3511b81194a535974a7d/element - {"using":"xpath","value":"//*[@id=\"__tile47-title\"]"}
RESULT: {"using":"xpath","value":"//*[@id=\"__tile47-title\"]"}
COMMAND: POST /session/484b36992c8f3511b81194a535974a7d/element/f.D47E9D670512D824BAC67AC798DD2F0D.d.D045BEA702AFA60606A693371B738925.e.6090/click - {}
RESULT: {}
COMMAND: GET /session/484b36992c8f3511b81194a535974a7d/screenshot - {}
RESULT: {}
COMMAND: POST /session/484b36992c8f3511b81194a535974a7d/execute/async - {"script":"<script> [1562 bytes]","args":[{"selector":{"id":"btnCreateNew","viewName":"etm.portal.ui.managerequests.view.Master","interaction":{"idSuffix":"inner"}},"wdio_ui5_key":"btnCreateNewetmportal.ui.managerequests.view.Master"}]}
RESULT: {"script":"<script> [1562 bytes]","args":[{"selector":{"id":"btnCreateNew","viewName":"etm.portal.ui.managerequests.view.Master","interaction":{"idSuffix":"inner"}},"wdio_ui5_key":"btnCreateNewetmportal.ui.managerequests.view.Master"}]}
RESULT: undefined
COMMAND: POST /session/484b36992c8f3511b81194a535974a7d/element - {"using":"xpath","value":"//*[@id=\"__xmlview58--btnCreateNew\"]"}
RESULT: {"using":"xpath","value":"//*[@id=\"__xmlview58--btnCreateNew\"]"}
COMMAND: POST /session/484b36992c8f3511b81194a535974a7d/element/f.D47E9D670512D824BAC67AC798DD2F0D.d.D045BEA702AFA60606A693371B738925.e.6145/click - {}
RESULT: {}
COMMAND: GET /session/484b36992c8f3511b81194a535974a7d/screenshot - {}
RESULT: {}
COMMAND: POST /session/484b36992c8f3511b81194a535974a7d/execute/async - {"script":"<script> [1562 bytes]","args":[{"selector":{"controlType":"sap.ui.core.Icon","viewName":"etm.portal.ui.managerequests.view.NewRequest","properties":{"src":{"regex":{"source":"full\\-screen"}}}},"wdio_ui5_key":"etmportal.ui.managerequests.view.NewRequestsap.ui.core.Icon{\"src\":{\"regex\":{\"source\":\"full\\\\-screen\"}}}"}]}
RESULT: {"script":"<script> [1562 bytes]","args":[{"selector":{"controlType":"sap.ui.core.Icon","viewName":"etm.portal.ui.managerequests.view.NewRequest","properties":{"src":{"regex":{"source":"full\\-screen"}}}},"wdio_ui5_key":"etmportal.ui.managerequests.view.NewRequestsap.ui.core.Icon{\"src\":{\"regex\":{\"source\":\"full\\\\-screen\"}}}"}]}
RESULT: undefined
COMMAND: POST /session/484b36992c8f3511b81194a535974a7d/element - {"using":"xpath","value":"//*[@id=\"__button75-img\"]"}
RESULT: {"using":"xpath","value":"//*[@id=\"__button75-img\"]"}
COMMAND: POST /session/484b36992c8f3511b81194a535974a7d/element/f.D47E9D670512D824BAC67AC798DD2F0D.d.D045BEA702AFA60606A693371B738925.e.6551/click - {}
RESULT: {}
COMMAND: GET /session/484b36992c8f3511b81194a535974a7d/screenshot - {}
RESULT: {}
COMMAND: POST /session/484b36992c8f3511b81194a535974a7d/element - {"using":"xpath","value":"//input[contains(@id ,\"yardId-inner\")]"}
RESULT: {"using":"xpath","value":"//input[contains(@id ,\"yardId-inner\")]"}
COMMAND: POST /session/484b36992c8f3511b81194a535974a7d/element/f.D47E9D670512D824BAC67AC798DD2F0D.d.D045BEA702AFA60606A693371B738925.e.6372/value - {"text":"554"}
RESULT: {"text":"554"}
COMMAND: GET /session/484b36992c8f3511b81194a535974a7d/screenshot - {}
RESULT: {}
COMMAND: POST /session/484b36992c8f3511b81194a535974a7d/element - {"using":"xpath","value":"//li[.//span[text()='554']]"}
RESULT: {"using":"xpath","value":"//li[.//span[text()='554']]"}
COMMAND: POST /session/484b36992c8f3511b81194a535974a7d/element/f.D47E9D670512D824BAC67AC798DD2F0D.d.D045BEA702AFA60606A693371B738925.e.6601/click - {}
RESULT: {}
COMMAND: GET /session/484b36992c8f3511b81194a535974a7d/screenshot - {}
RESULT: {}
COMMAND: POST /session/484b36992c8f3511b81194a535974a7d/element - {"using":"xpath","value":"//input[contains(@id ,\"customerNumber-inner\")]"}
RESULT: {"using":"xpath","value":"//input[contains(@id ,\"customerNumber-inner\")]"}
COMMAND: POST /session/484b36992c8f3511b81194a535974a7d/element/f.D47E9D670512D824BAC67AC798DD2F0D.d.D045BEA702AFA60606A693371B738925.e.6366/clear - {}
RESULT: {}
COMMAND: POST /session/484b36992c8f3511b81194a535974a7d/element/f.D47E9D670512D824BAC67AC798DD2F0D.d.D045BEA702AFA60606A693371B738925.e.6366/value - {"text":"1432"}
COMMAND: GET /session/484b36992c8f3511b81194a535974a7d/screenshot - {}
RESULT: {"text":"1432"}
COMMAND: GET /session/484b36992c8f3511b81194a535974a7d/screenshot - {}
RESULT: {}
RESULT: {}
COMMAND: POST /session/484b36992c8f3511b81194a535974a7d/element - {"using":"xpath","value":"//li[.//span[text()='1432']]"}
RESULT: {"using":"xpath","value":"//li[.//span[text()='1432']]"}
COMMAND: POST /session/484b36992c8f3511b81194a535974a7d/element/f.D47E9D670512D824BAC67AC798DD2F0D.d.D045BEA702AFA60606A693371B738925.e.6603/click - {}
RESULT: {}
COMMAND: GET /session/484b36992c8f3511b81194a535974a7d/screenshot - {}
RESULT: {}
COMMAND: POST /session/484b36992c8f3511b81194a535974a7d/element - {"using":"xpath","value":"//button[contains(@id ,\"btnAddTableRow\")]"}
RESULT: {"using":"xpath","value":"//button[contains(@id ,\"btnAddTableRow\")]"}
COMMAND: POST /session/484b36992c8f3511b81194a535974a7d/element/f.D47E9D670512D824BAC67AC798DD2F0D.d.D045BEA702AFA60606A693371B738925.e.6344/click - {}
RESULT: {}
COMMAND: GET /session/484b36992c8f3511b81194a535974a7d/screenshot - {}
RESULT: {}
COMMAND: POST /session/484b36992c8f3511b81194a535974a7d/actions - {"actions":[{"id":"action18","type":"key","parameters":{},"actions":[{"type":"keyDown","value":"î€•"},{"type":"pause","duration":10},{"type":"keyUp","value":"î€•"}]}]}
RESULT: {"actions":[{"id":"action18","type":"key","parameters":{},"actions":[{"type":"keyDown","value":"î€•"},{"type":"pause","duration":10},{"type":"keyUp","value":"î€•"}]}]}
COMMAND: POST /session/484b36992c8f3511b81194a535974a7d/actions - {"actions":[{"id":"action19","type":"key","parameters":{},"actions":[{"type":"keyDown","value":"î€‡"},{"type":"pause","duration":10},{"type":"keyUp","value":"î€‡"}]}]}
COMMAND: GET /session/484b36992c8f3511b81194a535974a7d/screenshot - {}
RESULT: {"actions":[{"id":"action19","type":"key","parameters":{},"actions":[{"type":"keyDown","value":"î€‡"},{"type":"pause","duration":10},{"type":"keyUp","value":"î€‡"}]}]}
COMMAND: GET /session/484b36992c8f3511b81194a535974a7d/screenshot - {}
RESULT: {}
RESULT: {}
COMMAND: POST /session/484b36992c8f3511b81194a535974a7d/element - {"using":"xpath","value":"//table[contains(@id, \"requestItemsTable-listUl\")]//tbody/tr[1]/td[3]/div/div/input"}
RESULT: {"using":"xpath","value":"//table[contains(@id, \"requestItemsTable-listUl\")]//tbody/tr[1]/td[3]/div/div/input"}
COMMAND: POST /session/484b36992c8f3511b81194a535974a7d/element/f.D47E9D670512D824BAC67AC798DD2F0D.d.D045BEA702AFA60606A693371B738925.e.6607/clear - {}
RESULT: {}
COMMAND: POST /session/484b36992c8f3511b81194a535974a7d/element/f.D47E9D670512D824BAC67AC798DD2F0D.d.D045BEA702AFA60606A693371B738925.e.6607/value - {"text":"Concert"}
COMMAND: GET /session/484b36992c8f3511b81194a535974a7d/screenshot - {}
RESULT: {"text":"Concert"}
COMMAND: GET /session/484b36992c8f3511b81194a535974a7d/screenshot - {}
RESULT: {}
RESULT: {}
COMMAND: POST /session/484b36992c8f3511b81194a535974a7d/element - {"using":"xpath","value":"//li[.//span[contains(text(), \"Concert\")]]"}
RESULT: {"using":"xpath","value":"//li[.//span[contains(text(), \"Concert\")]]"}
COMMAND: POST /session/484b36992c8f3511b81194a535974a7d/element/f.D47E9D670512D824BAC67AC798DD2F0D.d.D045BEA702AFA60606A693371B738925.e.6619/click - {}
RESULT: {}
COMMAND: GET /session/484b36992c8f3511b81194a535974a7d/screenshot - {}
RESULT: {}
COMMAND: POST /session/484b36992c8f3511b81194a535974a7d/execute/async - {"script":"<script> [1562 bytes]","args":[{"selector":{"controlType":"sap.ui.core.Icon","viewName":"etm.portal.ui.managerequests.view.NewRequest","properties":{"src":{"regex":{"source":"message\\-error"}}},"ancestor":{"controlType":"sap.m.ColumnListItem","viewName":"etm.portal.ui.managerequests.view.NewRequest","bindingPath":{"modelName":"newRequestItems","path":"/RequestItems/0"},"ancestor":{"id":"requestItemsTable","viewName":"etm.portal.ui.managerequests.view.NewRequest"}}},"wdio_ui5_key":"etmportal.ui.managerequests.view.NewRequestsap.ui.core.Icon{\"src\":{\"regex\":{\"source\":\"message\\\\-error\"}}}{\"controlType\":\"sap.m.ColumnListItem\",\"viewName\":\"etm.portal.ui.managerequests.view.NewRequest\",\"bindingPath\":{\"modelName\":\"newRequestItems\",\"path\":\"/RequestItems/0\"},\"ancestor\":{\"id\":\"requestItemsTable\",\"viewName\":\"etm.portal.ui.managerequests.view.NewRequest\"}}"}]}
RESULT: {"script":"<script> [1562 bytes]","args":[{"selector":{"controlType":"sap.ui.core.Icon","viewName":"etm.portal.ui.managerequests.view.NewRequest","properties":{"src":{"regex":{"source":"message\\-error"}}},"ancestor":{"controlType":"sap.m.ColumnListItem","viewName":"etm.portal.ui.managerequests.view.NewRequest","bindingPath":{"modelName":"newRequestItems","path":"/RequestItems/0"},"ancestor":{"id":"requestItemsTable","viewName":"etm.portal.ui.managerequests.view.NewRequest"}}},"wdio_ui5_key":"etmportal.ui.managerequests.view.NewRequestsap.ui.core.Icon{\"src\":{\"regex\":{\"source\":\"message\\\\-error\"}}}{\"controlType\":\"sap.m.ColumnListItem\",\"viewName\":\"etm.portal.ui.managerequests.view.NewRequest\",\"bindingPath\":{\"modelName\":\"newRequestItems\",\"path\":\"/RequestItems/0\"},\"ancestor\":{\"id\":\"requestItemsTable\",\"viewName\":\"etm.portal.ui.managerequests.view.NewRequest\"}}"}]}
RESULT: undefined
COMMAND: POST /session/484b36992c8f3511b81194a535974a7d/element - {"using":"xpath","value":"//*[@id=\"__status10-__xmlview59--requestItemsTable-0-icon\"]"}
RESULT: {"using":"xpath","value":"//*[@id=\"__status10-__xmlview59--requestItemsTable-0-icon\"]"}
COMMAND: POST /session/484b36992c8f3511b81194a535974a7d/element/f.D47E9D670512D824BAC67AC798DD2F0D.d.D045BEA702AFA60606A693371B738925.e.6620/click - {}
RESULT: {}
COMMAND: POST /session/484b36992c8f3511b81194a535974a7d/execute/async - {"script":"<script> [1562 bytes]","args":[{"selector":{"controlType":"sap.ui.core.Icon","viewName":"etm.portal.ui.managerequests.view.NewRequest","properties":{"src":{"regex":{"source":"slim\\-arrow\\-down"}}},"searchOpenDialogs":true,"ancestor":{"id":"costObjectAdminTypeComboBox","viewName":"etm.portal.ui.managerequests.view.NewRequest","searchOpenDialogs":true}},"wdio_ui5_key":"etmportal.ui.managerequests.view.NewRequestsap.ui.core.Icon{\"src\":{\"regex\":{\"source\":\"slim\\\\-arrow\\\\-down\"}}}{\"id\":\"costObjectAdminTypeComboBox\",\"viewName\":\"etm.portal.ui.managerequests.view.NewRequest\",\"searchOpenDialogs\":true}"}]}
COMMAND: GET /session/484b36992c8f3511b81194a535974a7d/screenshot - {}
RESULT: {"script":"<script> [1562 bytes]","args":[{"selector":{"controlType":"sap.ui.core.Icon","viewName":"etm.portal.ui.managerequests.view.NewRequest","properties":{"src":{"regex":{"source":"slim\\-arrow\\-down"}}},"searchOpenDialogs":true,"ancestor":{"id":"costObjectAdminTypeComboBox","viewName":"etm.portal.ui.managerequests.view.NewRequest","searchOpenDialogs":true}},"wdio_ui5_key":"etmportal.ui.managerequests.view.NewRequestsap.ui.core.Icon{\"src\":{\"regex\":{\"source\":\"slim\\\\-arrow\\\\-down\"}}}{\"id\":\"costObjectAdminTypeComboBox\",\"viewName\":\"etm.portal.ui.managerequests.view.NewRequest\",\"searchOpenDialogs\":true}"}]}
RESULT: undefined
COMMAND: POST /session/484b36992c8f3511b81194a535974a7d/element - {"using":"xpath","value":"//*[@id=\"__xmlview59--costObjectAdminTypeComboBox-arrow\"]"}
RESULT: {}
RESULT: {"using":"xpath","value":"//*[@id=\"__xmlview59--costObjectAdminTypeComboBox-arrow\"]"}
COMMAND: POST /session/484b36992c8f3511b81194a535974a7d/element/f.D47E9D670512D824BAC67AC798DD2F0D.d.D045BEA702AFA60606A693371B738925.e.6624/click - {}
RESULT: {}
COMMAND: GET /session/484b36992c8f3511b81194a535974a7d/screenshot - {}
RESULT: {}
COMMAND: POST /session/484b36992c8f3511b81194a535974a7d/execute/async - {"script":"<script> [1562 bytes]","args":[{"selector":{"controlType":"sap.m.StandardListItem","viewName":"etm.portal.ui.managerequests.view.NewRequest","properties":{"title":"Cost Center"},"searchOpenDialogs":true,"interaction":{"idSuffix":"content"}},"wdio_ui5_key":"etmportal.ui.managerequests.view.NewRequestsap.m.StandardListItem{\"title\":\"Cost Center\"}"}]}
RESULT: {"script":"<script> [1562 bytes]","args":[{"selector":{"controlType":"sap.m.StandardListItem","viewName":"etm.portal.ui.managerequests.view.NewRequest","properties":{"title":"Cost Center"},"searchOpenDialogs":true,"interaction":{"idSuffix":"content"}},"wdio_ui5_key":"etmportal.ui.managerequests.view.NewRequestsap.m.StandardListItem{\"title\":\"Cost Center\"}"}]}
RESULT: undefined
COMMAND: POST /session/484b36992c8f3511b81194a535974a7d/element - {"using":"xpath","value":"//*[@id=\"__item1597\"]"}
RESULT: {"using":"xpath","value":"//*[@id=\"__item1597\"]"}
COMMAND: POST /session/484b36992c8f3511b81194a535974a7d/element/f.D47E9D670512D824BAC67AC798DD2F0D.d.D045BEA702AFA60606A693371B738925.e.6628/click - {}
RESULT: {}
COMMAND: GET /session/484b36992c8f3511b81194a535974a7d/screenshot - {}
RESULT: {}
COMMAND: POST /session/484b36992c8f3511b81194a535974a7d/execute/async - {"script":"<script> [1562 bytes]","args":[{"selector":{"controlType":"sap.m.Button","viewName":"etm.portal.ui.managerequests.view.NewRequest","i18NText":{"propertyName":"text","key":"save"},"searchOpenDialogs":true,"interaction":{"idSuffix":"inner"}},"wdio_ui5_key":"etmportal.ui.managerequests.view.NewRequestsap.m.Button{\"propertyName\":\"text\",\"key\":\"save\"}"}]}
RESULT: {"script":"<script> [1562 bytes]","args":[{"selector":{"controlType":"sap.m.Button","viewName":"etm.portal.ui.managerequests.view.NewRequest","i18NText":{"propertyName":"text","key":"save"},"searchOpenDialogs":true,"interaction":{"idSuffix":"inner"}},"wdio_ui5_key":"etmportal.ui.managerequests.view.NewRequestsap.m.Button{\"propertyName\":\"text\",\"key\":\"save\"}"}]}
RESULT: undefined
COMMAND: POST /session/484b36992c8f3511b81194a535974a7d/element - {"using":"xpath","value":"//*[@id=\"__button93\"]"}
RESULT: {"using":"xpath","value":"//*[@id=\"__button93\"]"}
COMMAND: POST /session/484b36992c8f3511b81194a535974a7d/element/f.D47E9D670512D824BAC67AC798DD2F0D.d.D045BEA702AFA60606A693371B738925.e.6636/click - {}
RESULT: {}
COMMAND: GET /session/484b36992c8f3511b81194a535974a7d/screenshot - {}
RESULT: {}
COMMAND: POST /session/484b36992c8f3511b81194a535974a7d/execute/async - {"script":"<script> [1562 bytes]","args":[{"selector":{"controlType":"sap.m.Button","viewName":"etm.portal.ui.managerequests.view.NewRequest","i18NText":{"propertyName":"tooltip","key":"save"},"interaction":{"idSuffix":"BDI-content"}},"wdio_ui5_key":"etmportal.ui.managerequests.view.NewRequestsap.m.Button{\"propertyName\":\"tooltip\",\"key\":\"save\"}"}]}
RESULT: {"script":"<script> [1562 bytes]","args":[{"selector":{"controlType":"sap.m.Button","viewName":"etm.portal.ui.managerequests.view.NewRequest","i18NText":{"propertyName":"tooltip","key":"save"},"interaction":{"idSuffix":"BDI-content"}},"wdio_ui5_key":"etmportal.ui.managerequests.view.NewRequestsap.m.Button{\"propertyName\":\"tooltip\",\"key\":\"save\"}"}]}
RESULT: undefined
COMMAND: POST /session/484b36992c8f3511b81194a535974a7d/element - {"using":"xpath","value":"//*[@id=\"__button82\"]"}
RESULT: {"using":"xpath","value":"//*[@id=\"__button82\"]"}
COMMAND: POST /session/484b36992c8f3511b81194a535974a7d/element/f.D47E9D670512D824BAC67AC798DD2F0D.d.D045BEA702AFA60606A693371B738925.e.6487/click - {}
RESULT: {}
COMMAND: POST /session/484b36992c8f3511b81194a535974a7d/execute/async - {"script":"<script> [1562 bytes]","args":[{"selector":{"controlType":"sap.m.Button","properties":{"text":"Close"},"searchOpenDialogs":true,"interaction":{"idSuffix":"inner"}},"wdio_ui5_key":"sapm.Button{\"text\":\"Close\"}"}]}
COMMAND: GET /session/484b36992c8f3511b81194a535974a7d/screenshot - {}
RESULT: {"script":"<script> [1562 bytes]","args":[{"selector":{"controlType":"sap.m.Button","properties":{"text":"Close"},"searchOpenDialogs":true,"interaction":{"idSuffix":"inner"}},"wdio_ui5_key":"sapm.Button{\"text\":\"Close\"}"}]}
RESULT: undefined
COMMAND: POST /session/484b36992c8f3511b81194a535974a7d/element - {"using":"xpath","value":"//*[@id=\"__mbox-btn-1\"]"}
RESULT: {}
RESULT: {"using":"xpath","value":"//*[@id=\"__mbox-btn-1\"]"}
COMMAND: POST /session/484b36992c8f3511b81194a535974a7d/element/f.D47E9D670512D824BAC67AC798DD2F0D.d.D045BEA702AFA60606A693371B738925.e.6639/click - {}
RESULT: {}
COMMAND: GET /session/484b36992c8f3511b81194a535974a7d/screenshot - {}
RESULT: {}
COMMAND: POST /session/484b36992c8f3511b81194a535974a7d/execute/async - {"script":"<script> [1562 bytes]","args":[{"selector":{"controlType":"sap.m.Text","viewName":"etm.portal.ui.managerequests.view.Detail","bindingPath":{"propertyPath":"NO","modelName":"catalogModel"}},"wdio_ui5_key":"etmportal.ui.managerequests.view.Detailsap.m.Text{\"propertyPath\":\"NO\",\"modelName\":\"catalogModel\"}"}]}
RESULT: {"script":"<script> [1562 bytes]","args":[{"selector":{"controlType":"sap.m.Text","viewName":"etm.portal.ui.managerequests.view.Detail","bindingPath":{"propertyPath":"NO","modelName":"catalogModel"}},"wdio_ui5_key":"etmportal.ui.managerequests.view.Detailsap.m.Text{\"propertyPath\":\"NO\",\"modelName\":\"catalogModel\"}"}]}
RESULT: undefined
COMMAND: POST /session/484b36992c8f3511b81194a535974a7d/execute/async - {"script":"<script> [6424 bytes]","args":[{"element-6066-11e4-a52e-4f735466cecf":"f.D47E9D670512D824BAC67AC798DD2F0D.d.D045BEA702AFA60606A693371B738925.e.6903"},"getText",[]]}
RESULT: {"script":"<script> [6424 bytes]","args":[{"element-6066-11e4-a52e-4f735466cecf":"f.D47E9D670512D824BAC67AC798DD2F0D.d.D045BEA702AFA60606A693371B738925.e.6903"},"getText",[]]}
COMMAND: POST /session/484b36992c8f3511b81194a535974a7d/element - {"using":"css selector","value":"#shell-header-logo"}
RESULT: {"using":"css selector","value":"#shell-header-logo"}
COMMAND: POST /session/484b36992c8f3511b81194a535974a7d/element/f.D47E9D670512D824BAC67AC798DD2F0D.d.D045BEA702AFA60606A693371B738925.e.6092/click - {}
RESULT: {}
COMMAND: GET /session/484b36992c8f3511b81194a535974a7d/screenshot - {}
RESULT: {}
]]></system-out>
    </testcase>
    <testcase classname="chrome.135_0_7049_96.windows.Yard_Overview_Autoplanning_US130989" name="Should navigate to Yard overview and plan the request" time="103.197">
      <system-out><![CDATA[
COMMAND: POST /session/484b36992c8f3511b81194a535974a7d/execute/async - {"script":"<script> [1562 bytes]","args":[{"selector":{"controlType":"sap.m.GenericTile","properties":{"header":"Yard Overview"}},"wdio_ui5_key":"sapm.GenericTile{\"header\":\"Yard Overview\"}"}]}
RESULT: {"script":"<script> [1562 bytes]","args":[{"selector":{"controlType":"sap.m.GenericTile","properties":{"header":"Yard Overview"}},"wdio_ui5_key":"sapm.GenericTile{\"header\":\"Yard Overview\"}"}]}
RESULT: undefined
COMMAND: POST /session/484b36992c8f3511b81194a535974a7d/element - {"using":"xpath","value":"//*[@id=\"__tile102\"]"}
RESULT: {"using":"xpath","value":"//*[@id=\"__tile102\"]"}
COMMAND: POST /session/484b36992c8f3511b81194a535974a7d/element/f.D47E9D670512D824BAC67AC798DD2F0D.d.D045BEA702AFA60606A693371B738925.e.6908/click - {}
RESULT: {}
COMMAND: GET /session/484b36992c8f3511b81194a535974a7d/screenshot - {}
RESULT: {}
COMMAND: POST /session/484b36992c8f3511b81194a535974a7d/execute/async - {"script":"<script> [1562 bytes]","args":[{"selector":{"id":"application-yardoverview-display-component---masterYardInventory--smartFilterBar-btnBasicSearch","interaction":{"idSuffix":"I"}},"wdio_ui5_key":"applicationyardoverview-display-component---masterYardInventory--smartFilterBar-btnBasicSearch"}]}
RESULT: {"script":"<script> [1562 bytes]","args":[{"selector":{"id":"application-yardoverview-display-component---masterYardInventory--smartFilterBar-btnBasicSearch","interaction":{"idSuffix":"I"}},"wdio_ui5_key":"applicationyardoverview-display-component---masterYardInventory--smartFilterBar-btnBasicSearch"}]}
RESULT: undefined
COMMAND: POST /session/484b36992c8f3511b81194a535974a7d/execute/async - {"script":"<script> [776 bytes]","args":[{"enterText":"554","selector":{"id":"application-yardoverview-display-component---masterYardInventory--smartFilterBar-btnBasicSearch","interaction":{"idSuffix":"I"}},"clearTextFirst":true,"interactionType":"ENTER_TEXT"}]}
RESULT: {"script":"<script> [776 bytes]","args":[{"enterText":"554","selector":{"id":"application-yardoverview-display-component---masterYardInventory--smartFilterBar-btnBasicSearch","interaction":{"idSuffix":"I"}},"clearTextFirst":true,"interactionType":"ENTER_TEXT"}]}
COMMAND: POST /session/484b36992c8f3511b81194a535974a7d/actions - {"actions":[{"id":"action20","type":"key","parameters":{},"actions":[{"type":"keyDown","value":"î€‡"},{"type":"pause","duration":10},{"type":"keyUp","value":"î€‡"}]}]}
RESULT: {"actions":[{"id":"action20","type":"key","parameters":{},"actions":[{"type":"keyDown","value":"î€‡"},{"type":"pause","duration":10},{"type":"keyUp","value":"î€‡"}]}]}
COMMAND: GET /session/484b36992c8f3511b81194a535974a7d/screenshot - {}
RESULT: {}
COMMAND: POST /session/484b36992c8f3511b81194a535974a7d/execute/async - {"script":"<script> [1562 bytes]","args":[{"selector":{"controlType":"sap.m.Text","viewName":"etm.portal.ui.yardoverview.view.Master","viewId":"application-yardoverview-display-component---masterYardInventory","bindingPath":{"propertyPath":"ID"}},"wdio_ui5_key":"etmportal.ui.yardoverview.view.Mastersap.m.Text{\"propertyPath\":\"ID\"}"}]}
RESULT: {"script":"<script> [1562 bytes]","args":[{"selector":{"controlType":"sap.m.Text","viewName":"etm.portal.ui.yardoverview.view.Master","viewId":"application-yardoverview-display-component---masterYardInventory","bindingPath":{"propertyPath":"ID"}},"wdio_ui5_key":"etmportal.ui.yardoverview.view.Mastersap.m.Text{\"propertyPath\":\"ID\"}"}]}
RESULT: undefined
COMMAND: POST /session/484b36992c8f3511b81194a535974a7d/element - {"using":"xpath","value":"//*[@id=\"__text906-__clone2955\"]"}
RESULT: {"using":"xpath","value":"//*[@id=\"__text906-__clone2955\"]"}
COMMAND: POST /session/484b36992c8f3511b81194a535974a7d/element/f.D47E9D670512D824BAC67AC798DD2F0D.d.D045BEA702AFA60606A693371B738925.e.6983/click - {}
RESULT: {}
COMMAND: GET /session/484b36992c8f3511b81194a535974a7d/screenshot - {}
RESULT: {}
COMMAND: POST /session/484b36992c8f3511b81194a535974a7d/execute/async - {"script":"<script> [1562 bytes]","args":[{"selector":{"id":"application-yardoverview-display-component---detailYardInventory--ObjectPageLayout-anchBar-application-yardoverview-display-component---detailYardInventory--openRequestsSection-anchor","interaction":{"idSuffix":"BDI-content"}},"wdio_ui5_key":"applicationyardoverview-display-component---detailYardInventory--ObjectPageLayout-anchBar-application-yardoverview-display-component---detailYardInventory--openRequestsSection-anchor"}]}
RESULT: {"script":"<script> [1562 bytes]","args":[{"selector":{"id":"application-yardoverview-display-component---detailYardInventory--ObjectPageLayout-anchBar-application-yardoverview-display-component---detailYardInventory--openRequestsSection-anchor","interaction":{"idSuffix":"BDI-content"}},"wdio_ui5_key":"applicationyardoverview-display-component---detailYardInventory--ObjectPageLayout-anchBar-application-yardoverview-display-component---detailYardInventory--openRequestsSection-anchor"}]}
RESULT: undefined
COMMAND: POST /session/484b36992c8f3511b81194a535974a7d/element - {"using":"xpath","value":"//*[@id=\"application-yardoverview-display-component---detailYardInventory--ObjectPageLayout-anchBar-application-yardoverview-display-component---detailYardInventory--openRequestsSection-anchor\"]"}
RESULT: {"using":"xpath","value":"//*[@id=\"application-yardoverview-display-component---detailYardInventory--ObjectPageLayout-anchBar-application-yardoverview-display-component---detailYardInventory--openRequestsSection-anchor\"]"}
COMMAND: POST /session/484b36992c8f3511b81194a535974a7d/element/f.D47E9D670512D824BAC67AC798DD2F0D.d.D045BEA702AFA60606A693371B738925.e.7072/click - {}
RESULT: {}
COMMAND: GET /session/484b36992c8f3511b81194a535974a7d/screenshot - {}
RESULT: {}
COMMAND: POST /session/484b36992c8f3511b81194a535974a7d/element - {"using":"xpath","value":"//input[contains(@aria-labelledby ,\"INTERNAL_GROUP-request\")]"}
RESULT: {"using":"xpath","value":"//input[contains(@aria-labelledby ,\"INTERNAL_GROUP-request\")]"}
COMMAND: POST /session/484b36992c8f3511b81194a535974a7d/element/f.D47E9D670512D824BAC67AC798DD2F0D.d.D045BEA702AFA60606A693371B738925.e.7084/clear - {}
RESULT: {}
COMMAND: POST /session/484b36992c8f3511b81194a535974a7d/element/f.D47E9D670512D824BAC67AC798DD2F0D.d.D045BEA702AFA60606A693371B738925.e.7084/value - {"text":"20347"}
COMMAND: GET /session/484b36992c8f3511b81194a535974a7d/screenshot - {}
RESULT: {"text":"20347"}
COMMAND: GET /session/484b36992c8f3511b81194a535974a7d/screenshot - {}
RESULT: {}
RESULT: {}
COMMAND: POST /session/484b36992c8f3511b81194a535974a7d/actions - {"actions":[{"id":"action21","type":"key","parameters":{},"actions":[{"type":"keyDown","value":"î€‡"},{"type":"pause","duration":10},{"type":"keyUp","value":"î€‡"}]}]}
RESULT: {"actions":[{"id":"action21","type":"key","parameters":{},"actions":[{"type":"keyDown","value":"î€‡"},{"type":"pause","duration":10},{"type":"keyUp","value":"î€‡"}]}]}
COMMAND: POST /session/484b36992c8f3511b81194a535974a7d/element - {"using":"xpath","value":"//button[contains(@id,\"openRequests-triggerAction-autoplanBtn\")]"}
COMMAND: GET /session/484b36992c8f3511b81194a535974a7d/screenshot - {}
RESULT: {"using":"xpath","value":"//button[contains(@id,\"openRequests-triggerAction-autoplanBtn\")]"}
COMMAND: POST /session/484b36992c8f3511b81194a535974a7d/element/f.D47E9D670512D824BAC67AC798DD2F0D.d.D045BEA702AFA60606A693371B738925.e.7104/click - {}
RESULT: {}
RESULT: {}
COMMAND: GET /session/484b36992c8f3511b81194a535974a7d/screenshot - {}
RESULT: {}
COMMAND: POST /session/484b36992c8f3511b81194a535974a7d/execute/async - {"script":"<script> [1562 bytes]","args":[{"selector":{"id":"application-yardoverview-display-component---detailYardInventory--customRequestsTable-sa","interaction":{"idSuffix":"CbBg"}},"wdio_ui5_key":"applicationyardoverview-display-component---detailYardInventory--customRequestsTable-sa"}]}
RESULT: {"script":"<script> [1562 bytes]","args":[{"selector":{"id":"application-yardoverview-display-component---detailYardInventory--customRequestsTable-sa","interaction":{"idSuffix":"CbBg"}},"wdio_ui5_key":"applicationyardoverview-display-component---detailYardInventory--customRequestsTable-sa"}]}
RESULT: undefined
COMMAND: POST /session/484b36992c8f3511b81194a535974a7d/element - {"using":"xpath","value":"//*[@id=\"application-yardoverview-display-component---detailYardInventory--customRequestsTable-sa\"]"}
RESULT: {"using":"xpath","value":"//*[@id=\"application-yardoverview-display-component---detailYardInventory--customRequestsTable-sa\"]"}
COMMAND: POST /session/484b36992c8f3511b81194a535974a7d/element/f.D47E9D670512D824BAC67AC798DD2F0D.d.D045BEA702AFA60606A693371B738925.e.7127/click - {}
RESULT: {}
COMMAND: GET /session/484b36992c8f3511b81194a535974a7d/screenshot - {}
RESULT: {}
COMMAND: POST /session/484b36992c8f3511b81194a535974a7d/element - {"using":"xpath","value":"//button[contains(@id,\"openRequests-triggerAction-autoplanBtn\")]"}
RESULT: {"using":"xpath","value":"//button[contains(@id,\"openRequests-triggerAction-autoplanBtn\")]"}
COMMAND: POST /session/484b36992c8f3511b81194a535974a7d/element/f.D47E9D670512D824BAC67AC798DD2F0D.d.D045BEA702AFA60606A693371B738925.e.7104/click - {}
RESULT: {}
COMMAND: GET /session/484b36992c8f3511b81194a535974a7d/screenshot - {}
RESULT: {}
COMMAND: POST /session/484b36992c8f3511b81194a535974a7d/element - {"using":"xpath","value":"//button[.//bdi[contains(text(),\"OK\")]]"}
RESULT: {"using":"xpath","value":"//button[.//bdi[contains(text(),\"OK\")]]"}
COMMAND: POST /session/484b36992c8f3511b81194a535974a7d/element/f.D47E9D670512D824BAC67AC798DD2F0D.d.D045BEA702AFA60606A693371B738925.e.7128/click - {}
RESULT: {}
COMMAND: GET /session/484b36992c8f3511b81194a535974a7d/screenshot - {}
RESULT: {}
COMMAND: POST /session/484b36992c8f3511b81194a535974a7d/execute/async - {"script":"<script> [1562 bytes]","args":[{"selector":{"id":"application-yardoverview-display-component---detailYardInventory--refreshOpenRequests-img"},"wdio_ui5_key":"applicationyardoverview-display-component---detailYardInventory--refreshOpenRequests-img"}]}
RESULT: {"script":"<script> [1562 bytes]","args":[{"selector":{"id":"application-yardoverview-display-component---detailYardInventory--refreshOpenRequests-img"},"wdio_ui5_key":"applicationyardoverview-display-component---detailYardInventory--refreshOpenRequests-img"}]}
RESULT: undefined
COMMAND: POST /session/484b36992c8f3511b81194a535974a7d/element - {"using":"xpath","value":"//*[@id=\"application-yardoverview-display-component---detailYardInventory--refreshOpenRequests-img\"]"}
RESULT: {"using":"xpath","value":"//*[@id=\"application-yardoverview-display-component---detailYardInventory--refreshOpenRequests-img\"]"}
COMMAND: POST /session/484b36992c8f3511b81194a535974a7d/element/f.D47E9D670512D824BAC67AC798DD2F0D.d.D045BEA702AFA60606A693371B738925.e.7130/click - {}
RESULT: {}
COMMAND: GET /session/484b36992c8f3511b81194a535974a7d/screenshot - {}
RESULT: {}
COMMAND: POST /session/484b36992c8f3511b81194a535974a7d/execute/async - {"script":"<script> [1562 bytes]","args":[{"selector":{"id":"application-yardoverview-display-component---detailYardInventory--ObjectPageLayout-anchBar-application-yardoverview-display-component---detailYardInventory--openProvidesSection-anchor","interaction":{"idSuffix":"BDI-content"}},"wdio_ui5_key":"applicationyardoverview-display-component---detailYardInventory--ObjectPageLayout-anchBar-application-yardoverview-display-component---detailYardInventory--openProvidesSection-anchor"}]}
RESULT: {"script":"<script> [1562 bytes]","args":[{"selector":{"id":"application-yardoverview-display-component---detailYardInventory--ObjectPageLayout-anchBar-application-yardoverview-display-component---detailYardInventory--openProvidesSection-anchor","interaction":{"idSuffix":"BDI-content"}},"wdio_ui5_key":"applicationyardoverview-display-component---detailYardInventory--ObjectPageLayout-anchBar-application-yardoverview-display-component---detailYardInventory--openProvidesSection-anchor"}]}
RESULT: undefined
COMMAND: POST /session/484b36992c8f3511b81194a535974a7d/element - {"using":"xpath","value":"//*[@id=\"application-yardoverview-display-component---detailYardInventory--ObjectPageLayout-anchBar-application-yardoverview-display-component---detailYardInventory--openProvidesSection-anchor\"]"}
RESULT: {"using":"xpath","value":"//*[@id=\"application-yardoverview-display-component---detailYardInventory--ObjectPageLayout-anchBar-application-yardoverview-display-component---detailYardInventory--openProvidesSection-anchor\"]"}
COMMAND: POST /session/484b36992c8f3511b81194a535974a7d/element/f.D47E9D670512D824BAC67AC798DD2F0D.d.D045BEA702AFA60606A693371B738925.e.7134/click - {}
RESULT: {}
COMMAND: GET /session/484b36992c8f3511b81194a535974a7d/screenshot - {}
RESULT: {}
COMMAND: POST /session/484b36992c8f3511b81194a535974a7d/element - {"using":"css selector","value":"#shell-header-logo"}
RESULT: {"using":"css selector","value":"#shell-header-logo"}
COMMAND: POST /session/484b36992c8f3511b81194a535974a7d/element/f.D47E9D670512D824BAC67AC798DD2F0D.d.D045BEA702AFA60606A693371B738925.e.6910/click - {}
RESULT: {}
COMMAND: GET /session/484b36992c8f3511b81194a535974a7d/screenshot - {}
RESULT: {}
RESULT: undefined
COMMAND: POST /session/484b36992c8f3511b81194a535974a7d/element - {"using":"xpath","value":"//*[@id=\"__tile47-title\"]"}
RESULT: {"using":"xpath","value":"//*[@id=\"__tile47-title\"]"}
COMMAND: POST /session/484b36992c8f3511b81194a535974a7d/element/f.D47E9D670512D824BAC67AC798DD2F0D.d.D045BEA702AFA60606A693371B738925.e.6090/click - {}
RESULT: {}
COMMAND: GET /session/484b36992c8f3511b81194a535974a7d/screenshot - {}
COMMAND: POST /session/484b36992c8f3511b81194a535974a7d/execute/async - {"script":"<script> [1562 bytes]","args":[{"selector":{"controlType":"sap.m.SearchField","viewName":"etm.portal.ui.managerequests.view.Master","bindingPath":{"path":"","propertyPath":"/_BASIC_SEARCH_FIELD","modelName":"fi1t3rM0d31"},"interaction":{"idSuffix":"I"}},"wdio_ui5_key":"etmportal.ui.managerequests.view.Mastersap.m.SearchField{\"path\":\"\",\"propertyPath\":\"/_BASIC_SEARCH_FIELD\",\"modelName\":\"fi1t3rM0d31\"}"}]}
RESULT: {}
RESULT: {"script":"<script> [1562 bytes]","args":[{"selector":{"controlType":"sap.m.SearchField","viewName":"etm.portal.ui.managerequests.view.Master","bindingPath":{"path":"","propertyPath":"/_BASIC_SEARCH_FIELD","modelName":"fi1t3rM0d31"},"interaction":{"idSuffix":"I"}},"wdio_ui5_key":"etmportal.ui.managerequests.view.Mastersap.m.SearchField{\"path\":\"\",\"propertyPath\":\"/_BASIC_SEARCH_FIELD\",\"modelName\":\"fi1t3rM0d31\"}"}]}
RESULT: undefined
COMMAND: POST /session/484b36992c8f3511b81194a535974a7d/execute/async - {"script":"<script> [776 bytes]","args":[{"enterText":"20347","selector":{"controlType":"sap.m.SearchField","viewName":"etm.portal.ui.managerequests.view.Master","bindingPath":{"path":"","propertyPath":"/_BASIC_SEARCH_FIELD","modelName":"fi1t3rM0d31"},"interaction":{"idSuffix":"I"}},"clearTextFirst":true,"interactionType":"ENTER_TEXT"}]}
RESULT: {"script":"<script> [776 bytes]","args":[{"enterText":"20347","selector":{"controlType":"sap.m.SearchField","viewName":"etm.portal.ui.managerequests.view.Master","bindingPath":{"path":"","propertyPath":"/_BASIC_SEARCH_FIELD","modelName":"fi1t3rM0d31"},"interaction":{"idSuffix":"I"}},"clearTextFirst":true,"interactionType":"ENTER_TEXT"}]}
COMMAND: POST /session/484b36992c8f3511b81194a535974a7d/actions - {"actions":[{"id":"action22","type":"key","parameters":{},"actions":[{"type":"keyDown","value":"î€‡"},{"type":"pause","duration":10},{"type":"keyUp","value":"î€‡"}]}]}
RESULT: {"actions":[{"id":"action22","type":"key","parameters":{},"actions":[{"type":"keyDown","value":"î€‡"},{"type":"pause","duration":10},{"type":"keyUp","value":"î€‡"}]}]}
COMMAND: GET /session/484b36992c8f3511b81194a535974a7d/screenshot - {}
RESULT: {}
COMMAND: POST /session/484b36992c8f3511b81194a535974a7d/execute/async - {"script":"<script> [1562 bytes]","args":[{"selector":{"controlType":"sap.m.ObjectNumber","viewName":"etm.portal.ui.managerequests.view.Master","bindingPath":{"propertyPath":"IN_USE_FOR"},"interaction":{"idSuffix":"number"}},"wdio_ui5_key":"etmportal.ui.managerequests.view.Mastersap.m.ObjectNumber{\"propertyPath\":\"IN_USE_FOR\"}"}]}
RESULT: {"script":"<script> [1562 bytes]","args":[{"selector":{"controlType":"sap.m.ObjectNumber","viewName":"etm.portal.ui.managerequests.view.Master","bindingPath":{"propertyPath":"IN_USE_FOR"},"interaction":{"idSuffix":"number"}},"wdio_ui5_key":"etmportal.ui.managerequests.view.Mastersap.m.ObjectNumber{\"propertyPath\":\"IN_USE_FOR\"}"}]}
RESULT: undefined
COMMAND: POST /session/484b36992c8f3511b81194a535974a7d/element - {"using":"xpath","value":"//*[@id=\"__number8-__clone3096\"]"}
RESULT: {"using":"xpath","value":"//*[@id=\"__number8-__clone3096\"]"}
COMMAND: POST /session/484b36992c8f3511b81194a535974a7d/element/f.D47E9D670512D824BAC67AC798DD2F0D.d.D045BEA702AFA60606A693371B738925.e.7275/click - {}
RESULT: {}
COMMAND: POST /session/484b36992c8f3511b81194a535974a7d/execute/async - {"script":"<script> [1562 bytes]","args":[{"selector":{"controlType":"sap.m.ObjectStatus","viewName":"etm.portal.ui.managerequests.view.Detail","bindingPath":{"propertyPath":"LINK_TO_STATUS/DESCRIPTION","modelName":"catalogModel"}},"wdio_ui5_key":"etmportal.ui.managerequests.view.Detailsap.m.ObjectStatus{\"propertyPath\":\"LINK_TO_STATUS/DESCRIPTION\",\"modelName\":\"catalogModel\"}"}]}
COMMAND: GET /session/484b36992c8f3511b81194a535974a7d/screenshot - {}
RESULT: {"script":"<script> [1562 bytes]","args":[{"selector":{"controlType":"sap.m.ObjectStatus","viewName":"etm.portal.ui.managerequests.view.Detail","bindingPath":{"propertyPath":"LINK_TO_STATUS/DESCRIPTION","modelName":"catalogModel"}},"wdio_ui5_key":"etmportal.ui.managerequests.view.Detailsap.m.ObjectStatus{\"propertyPath\":\"LINK_TO_STATUS/DESCRIPTION\",\"modelName\":\"catalogModel\"}"}]}
RESULT: undefined
COMMAND: POST /session/484b36992c8f3511b81194a535974a7d/execute/async - {"script":"<script> [6424 bytes]","args":[{"element-6066-11e4-a52e-4f735466cecf":"f.D47E9D670512D824BAC67AC798DD2F0D.d.D045BEA702AFA60606A693371B738925.e.7475"},"getText",[]]}
RESULT: {}
RESULT: {"script":"<script> [6424 bytes]","args":[{"element-6066-11e4-a52e-4f735466cecf":"f.D47E9D670512D824BAC67AC798DD2F0D.d.D045BEA702AFA60606A693371B738925.e.7475"},"getText",[]]}
COMMAND: POST /session/484b36992c8f3511b81194a535974a7d/element - {"using":"css selector","value":"#shell-header-logo"}
RESULT: {"using":"css selector","value":"#shell-header-logo"}
COMMAND: POST /session/484b36992c8f3511b81194a535974a7d/element/f.D47E9D670512D824BAC67AC798DD2F0D.d.D045BEA702AFA60606A693371B738925.e.7151/click - {}
RESULT: {}
COMMAND: GET /session/484b36992c8f3511b81194a535974a7d/screenshot - {}
RESULT: {}
COMMAND: DELETE /session/484b36992c8f3511b81194a535974a7d - {}
RESULT: {}
]]></system-out>
    </testcase>
  </testsuite>
</testsuites>