<?xml version="1.0" encoding="UTF-8"?>
<testsuites tests="15" failures="0" errors="0" skipped="0">
  <testsuite timestamp="2025-05-17T16:34:07" time="945.712" tests="9" failures="0" errors="0" skipped="0">
    <properties>
      <property name="specId" value="0" />
      <property name="suiteName" value="Prerequisites &amp; test for yard mass return on Yard Overview US131057" />
      <property name="capabilities" value="chrome.136_0_7103_93.windows" />
      <property name="file" value="file:///D:/a/1/s/test/specs/HTR/yard-mass-return.spec.js" />
    </properties>
    <testcase classname="chrome.136_0_7103_93.windows.Prerequisites_&amp;_test_for_yard_mass_return_on_Yard_Overview_US131057" name="Prereq Should create a new yard used for all following tests" time="141.216">
      <system-out><![CDATA[
COMMAND: POST /session/3629965791c759c347fde942b576cda6/window/fullscreen - {}
RESULT: {}
COMMAND: POST /session/3629965791c759c347fde942b576cda6/execute/async - {"script":"<script> [1562 bytes]","args":[{"selector":{"controlType":"sap.m.GenericTile","properties":{"header":"Manage Yards"}},"wdio_ui5_key":"sapm.GenericTile{\"header\":\"Manage Yards\"}"}]}
RESULT: {"script":"<script> [1562 bytes]","args":[{"selector":{"controlType":"sap.m.GenericTile","properties":{"header":"Manage Yards"}},"wdio_ui5_key":"sapm.GenericTile{\"header\":\"Manage Yards\"}"}]}
RESULT: undefined
COMMAND: POST /session/3629965791c759c347fde942b576cda6/element - {"using":"xpath","value":"//*[@id=\"__tile41\"]"}
RESULT: {"using":"xpath","value":"//*[@id=\"__tile41\"]"}
COMMAND: POST /session/3629965791c759c347fde942b576cda6/element/f.B75173DCAD9BAA5C444E47860DF35B72.d.AB712EFA84ABD6F32C18DF6FC8865CE0.e.174/click - {}
RESULT: {}
COMMAND: GET /session/3629965791c759c347fde942b576cda6/screenshot - {}
RESULT: {}
COMMAND: POST /session/3629965791c759c347fde942b576cda6/elements - {"using":"xpath","value":"//span[text()='Error']"}
RESULT: {"using":"xpath","value":"//span[text()='Error']"}
COMMAND: POST /session/3629965791c759c347fde942b576cda6/element - {"using":"xpath","value":"//button[@data-kt=\"addNewYardOverflowToolbarButton\"]"}
RESULT: {"using":"xpath","value":"//button[@data-kt=\"addNewYardOverflowToolbarButton\"]"}
COMMAND: POST /session/3629965791c759c347fde942b576cda6/elements - {"using":"xpath","value":"//button[@data-kt=\"addNewYardOverflowToolbarButton\"]"}
RESULT: {"using":"xpath","value":"//button[@data-kt=\"addNewYardOverflowToolbarButton\"]"}
COMMAND: POST /session/3629965791c759c347fde942b576cda6/element - {"using":"xpath","value":"//button[@data-kt=\"addNewYardOverflowToolbarButton\"]"}
RESULT: {"using":"xpath","value":"//button[@data-kt=\"addNewYardOverflowToolbarButton\"]"}
COMMAND: POST /session/3629965791c759c347fde942b576cda6/execute/sync - {"script":"<script> [8489 bytes]","args":[{"element-6066-11e4-a52e-4f735466cecf":"f.B75173DCAD9BAA5C444E47860DF35B72.d.AB712EFA84ABD6F32C18DF6FC8865CE0.e.312","ELEMENT":"f.B75173DCAD9BAA5C444E47860DF35B72.d.AB712EFA84ABD6F32C18DF6FC8865CE0.e.312"}]}
RESULT: {"script":"<script> [8489 bytes]","args":[{"element-6066-11e4-a52e-4f735466cecf":"f.B75173DCAD9BAA5C444E47860DF35B72.d.AB712EFA84ABD6F32C18DF6FC8865CE0.e.312","ELEMENT":"f.B75173DCAD9BAA5C444E47860DF35B72.d.AB712EFA84ABD6F32C18DF6FC8865CE0.e.312"}]}
COMMAND: GET /session/3629965791c759c347fde942b576cda6/element/f.B75173DCAD9BAA5C444E47860DF35B72.d.AB712EFA84ABD6F32C18DF6FC8865CE0.e.312/enabled - {}
COMMAND: GET /session/3629965791c759c347fde942b576cda6/screenshot - {}
RESULT: {}
COMMAND: POST /session/3629965791c759c347fde942b576cda6/execute/sync - {"script":"<script> [8489 bytes]","args":[{"element-6066-11e4-a52e-4f735466cecf":"f.B75173DCAD9BAA5C444E47860DF35B72.d.AB712EFA84ABD6F32C18DF6FC8865CE0.e.312","ELEMENT":"f.B75173DCAD9BAA5C444E47860DF35B72.d.AB712EFA84ABD6F32C18DF6FC8865CE0.e.312"}]}
COMMAND: GET /session/3629965791c759c347fde942b576cda6/screenshot - {}
RESULT: {}
RESULT: {"script":"<script> [8489 bytes]","args":[{"element-6066-11e4-a52e-4f735466cecf":"f.B75173DCAD9BAA5C444E47860DF35B72.d.AB712EFA84ABD6F32C18DF6FC8865CE0.e.312","ELEMENT":"f.B75173DCAD9BAA5C444E47860DF35B72.d.AB712EFA84ABD6F32C18DF6FC8865CE0.e.312"}]}
COMMAND: POST /session/3629965791c759c347fde942b576cda6/execute/sync - {"script":"<script> [5351 bytes]","args":[{"element-6066-11e4-a52e-4f735466cecf":"f.B75173DCAD9BAA5C444E47860DF35B72.d.AB712EFA84ABD6F32C18DF6FC8865CE0.e.312","ELEMENT":"f.B75173DCAD9BAA5C444E47860DF35B72.d.AB712EFA84ABD6F32C18DF6FC8865CE0.e.312"}]}
COMMAND: GET /session/3629965791c759c347fde942b576cda6/screenshot - {}
RESULT: {}
RESULT: {"script":"<script> [5351 bytes]","args":[{"element-6066-11e4-a52e-4f735466cecf":"f.B75173DCAD9BAA5C444E47860DF35B72.d.AB712EFA84ABD6F32C18DF6FC8865CE0.e.312","ELEMENT":"f.B75173DCAD9BAA5C444E47860DF35B72.d.AB712EFA84ABD6F32C18DF6FC8865CE0.e.312"}]}
COMMAND: POST /session/3629965791c759c347fde942b576cda6/element/f.B75173DCAD9BAA5C444E47860DF35B72.d.AB712EFA84ABD6F32C18DF6FC8865CE0.e.312/click - {}
COMMAND: GET /session/3629965791c759c347fde942b576cda6/screenshot - {}
RESULT: {}
RESULT: {}
COMMAND: GET /session/3629965791c759c347fde942b576cda6/screenshot - {}
COMMAND: POST /session/3629965791c759c347fde942b576cda6/element - {"using":"xpath","value":"//input[@id=\"application-manageyards-display-component---NewYard--yardId-inner\"]"}
RESULT: {}
RESULT: {}
RESULT: {"using":"xpath","value":"//input[@id=\"application-manageyards-display-component---NewYard--yardId-inner\"]"}
COMMAND: POST /session/3629965791c759c347fde942b576cda6/element - {"using":"xpath","value":"//input[@id=\"application-manageyards-display-component---NewYard--yardId-inner\"]"}
RESULT: {"using":"xpath","value":"//input[@id=\"application-manageyards-display-component---NewYard--yardId-inner\"]"}
COMMAND: POST /session/3629965791c759c347fde942b576cda6/execute/async - {"script":"<script> [1562 bytes]","args":[{"selector":{"id":"application-manageyards-display-component---NewYard--addressDetailDetailsName1","interaction":{"idSuffix":"inner"}},"wdio_ui5_key":"applicationmanageyards-display-component---NewYard--addressDetailDetailsName1"}]}
RESULT: {"script":"<script> [1562 bytes]","args":[{"selector":{"id":"application-manageyards-display-component---NewYard--addressDetailDetailsName1","interaction":{"idSuffix":"inner"}},"wdio_ui5_key":"applicationmanageyards-display-component---NewYard--addressDetailDetailsName1"}]}
RESULT: undefined
COMMAND: POST /session/3629965791c759c347fde942b576cda6/execute/async - {"script":"<script> [776 bytes]","args":[{"enterText":"Other Yard WDIO","selector":{"id":"application-manageyards-display-component---NewYard--addressDetailDetailsName1","interaction":{"idSuffix":"inner"}},"clearTextFirst":true,"interactionType":"ENTER_TEXT"}]}
RESULT: {"script":"<script> [776 bytes]","args":[{"enterText":"Other Yard WDIO","selector":{"id":"application-manageyards-display-component---NewYard--addressDetailDetailsName1","interaction":{"idSuffix":"inner"}},"clearTextFirst":true,"interactionType":"ENTER_TEXT"}]}
COMMAND: POST /session/3629965791c759c347fde942b576cda6/execute/async - {"script":"<script> [1562 bytes]","args":[{"selector":{"id":"application-manageyards-display-component---NewYard--addressDetailDetailsLanguage-arrow"},"wdio_ui5_key":"applicationmanageyards-display-component---NewYard--addressDetailDetailsLanguage-arrow"}]}
RESULT: {"script":"<script> [1562 bytes]","args":[{"selector":{"id":"application-manageyards-display-component---NewYard--addressDetailDetailsLanguage-arrow"},"wdio_ui5_key":"applicationmanageyards-display-component---NewYard--addressDetailDetailsLanguage-arrow"}]}
RESULT: undefined
COMMAND: POST /session/3629965791c759c347fde942b576cda6/element - {"using":"xpath","value":"//*[@id=\"application-manageyards-display-component---NewYard--addressDetailDetailsLanguage-arrow\"]"}
RESULT: {"using":"xpath","value":"//*[@id=\"application-manageyards-display-component---NewYard--addressDetailDetailsLanguage-arrow\"]"}
COMMAND: POST /session/3629965791c759c347fde942b576cda6/element/f.B75173DCAD9BAA5C444E47860DF35B72.d.AB712EFA84ABD6F32C18DF6FC8865CE0.e.751/click - {}
RESULT: {}
COMMAND: POST /session/3629965791c759c347fde942b576cda6/element - {"using":"xpath","value":"//span[contains(text(), \"English\")]"}
COMMAND: GET /session/3629965791c759c347fde942b576cda6/screenshot - {}
RESULT: {"using":"xpath","value":"//span[contains(text(), \"English\")]"}
COMMAND: POST /session/3629965791c759c347fde942b576cda6/element/f.B75173DCAD9BAA5C444E47860DF35B72.d.AB712EFA84ABD6F32C18DF6FC8865CE0.e.752/click - {}
RESULT: {}
RESULT: {}
COMMAND: POST /session/3629965791c759c347fde942b576cda6/execute/async - {"script":"<script> [1562 bytes]","args":[{"selector":{"id":"application-manageyards-display-component---NewYard--addressDetailDetailsCity1","interaction":{"idSuffix":"inner"}},"wdio_ui5_key":"applicationmanageyards-display-component---NewYard--addressDetailDetailsCity1"}]}
COMMAND: GET /session/3629965791c759c347fde942b576cda6/screenshot - {}
RESULT: {"script":"<script> [1562 bytes]","args":[{"selector":{"id":"application-manageyards-display-component---NewYard--addressDetailDetailsCity1","interaction":{"idSuffix":"inner"}},"wdio_ui5_key":"applicationmanageyards-display-component---NewYard--addressDetailDetailsCity1"}]}
RESULT: undefined
COMMAND: POST /session/3629965791c759c347fde942b576cda6/execute/async - {"script":"<script> [776 bytes]","args":[{"enterText":"Rosario","selector":{"id":"application-manageyards-display-component---NewYard--addressDetailDetailsCity1","interaction":{"idSuffix":"inner"}},"clearTextFirst":true,"interactionType":"ENTER_TEXT"}]}
RESULT: {}
RESULT: {"script":"<script> [776 bytes]","args":[{"enterText":"Rosario","selector":{"id":"application-manageyards-display-component---NewYard--addressDetailDetailsCity1","interaction":{"idSuffix":"inner"}},"clearTextFirst":true,"interactionType":"ENTER_TEXT"}]}
COMMAND: POST /session/3629965791c759c347fde942b576cda6/execute/async - {"script":"<script> [1562 bytes]","args":[{"selector":{"id":"application-manageyards-display-component---NewYard--addressDetailDetailsCountry-arrow"},"wdio_ui5_key":"applicationmanageyards-display-component---NewYard--addressDetailDetailsCountry-arrow"}]}
RESULT: {"script":"<script> [1562 bytes]","args":[{"selector":{"id":"application-manageyards-display-component---NewYard--addressDetailDetailsCountry-arrow"},"wdio_ui5_key":"applicationmanageyards-display-component---NewYard--addressDetailDetailsCountry-arrow"}]}
RESULT: undefined
COMMAND: POST /session/3629965791c759c347fde942b576cda6/element - {"using":"xpath","value":"//*[@id=\"application-manageyards-display-component---NewYard--addressDetailDetailsCountry-arrow\"]"}
RESULT: {"using":"xpath","value":"//*[@id=\"application-manageyards-display-component---NewYard--addressDetailDetailsCountry-arrow\"]"}
COMMAND: POST /session/3629965791c759c347fde942b576cda6/element/f.B75173DCAD9BAA5C444E47860DF35B72.d.AB712EFA84ABD6F32C18DF6FC8865CE0.e.754/click - {}
RESULT: {}
COMMAND: POST /session/3629965791c759c347fde942b576cda6/element - {"using":"xpath","value":"//span[contains(text(), \"Argentina\")]"}
COMMAND: GET /session/3629965791c759c347fde942b576cda6/screenshot - {}
RESULT: {"using":"xpath","value":"//span[contains(text(), \"Argentina\")]"}
COMMAND: POST /session/3629965791c759c347fde942b576cda6/element/f.B75173DCAD9BAA5C444E47860DF35B72.d.AB712EFA84ABD6F32C18DF6FC8865CE0.e.756/click - {}
RESULT: {}
RESULT: {}
COMMAND: POST /session/3629965791c759c347fde942b576cda6/execute/async - {"script":"<script> [1562 bytes]","args":[{"selector":{"id":"application-manageyards-display-component---NewYard--addressEditDetailsCostObjectCstType-arrow"},"wdio_ui5_key":"applicationmanageyards-display-component---NewYard--addressEditDetailsCostObjectCstType-arrow"}]}
COMMAND: GET /session/3629965791c759c347fde942b576cda6/screenshot - {}
RESULT: {"script":"<script> [1562 bytes]","args":[{"selector":{"id":"application-manageyards-display-component---NewYard--addressEditDetailsCostObjectCstType-arrow"},"wdio_ui5_key":"applicationmanageyards-display-component---NewYard--addressEditDetailsCostObjectCstType-arrow"}]}
RESULT: undefined
COMMAND: POST /session/3629965791c759c347fde942b576cda6/element - {"using":"xpath","value":"//*[@id=\"application-manageyards-display-component---NewYard--addressEditDetailsCostObjectCstType-arrow\"]"}
RESULT: {}
RESULT: {"using":"xpath","value":"//*[@id=\"application-manageyards-display-component---NewYard--addressEditDetailsCostObjectCstType-arrow\"]"}
COMMAND: POST /session/3629965791c759c347fde942b576cda6/element/f.B75173DCAD9BAA5C444E47860DF35B72.d.AB712EFA84ABD6F32C18DF6FC8865CE0.e.757/click - {}
RESULT: {}
COMMAND: POST /session/3629965791c759c347fde942b576cda6/element - {"using":"xpath","value":"//span[contains(text(), \"Cost Center\")]"}
COMMAND: GET /session/3629965791c759c347fde942b576cda6/screenshot - {}
RESULT: {"using":"xpath","value":"//span[contains(text(), \"Cost Center\")]"}
COMMAND: POST /session/3629965791c759c347fde942b576cda6/element/f.B75173DCAD9BAA5C444E47860DF35B72.d.AB712EFA84ABD6F32C18DF6FC8865CE0.e.758/click - {}
RESULT: {}
RESULT: {}
COMMAND: GET /session/3629965791c759c347fde942b576cda6/screenshot - {}
RESULT: {}
COMMAND: POST /session/3629965791c759c347fde942b576cda6/element - {"using":"xpath","value":"//span[@id=\"application-manageyards-display-component---NewYard--addressNewCostObjectCstID-vhi\"]"}
RESULT: {"using":"xpath","value":"//span[@id=\"application-manageyards-display-component---NewYard--addressNewCostObjectCstID-vhi\"]"}
COMMAND: POST /session/3629965791c759c347fde942b576cda6/execute/sync - {"script":"<script> [8489 bytes]","args":[{"element-6066-11e4-a52e-4f735466cecf":"f.B75173DCAD9BAA5C444E47860DF35B72.d.AB712EFA84ABD6F32C18DF6FC8865CE0.e.762","ELEMENT":"f.B75173DCAD9BAA5C444E47860DF35B72.d.AB712EFA84ABD6F32C18DF6FC8865CE0.e.762"}]}
RESULT: {"script":"<script> [8489 bytes]","args":[{"element-6066-11e4-a52e-4f735466cecf":"f.B75173DCAD9BAA5C444E47860DF35B72.d.AB712EFA84ABD6F32C18DF6FC8865CE0.e.762","ELEMENT":"f.B75173DCAD9BAA5C444E47860DF35B72.d.AB712EFA84ABD6F32C18DF6FC8865CE0.e.762"}]}
COMMAND: POST /session/3629965791c759c347fde942b576cda6/execute/async - {"script":"<script> [1562 bytes]","args":[{"selector":{"id":"application-manageyards-display-component---NewYard--addressNewCostObjectCstID-vhi"},"wdio_ui5_key":"applicationmanageyards-display-component---NewYard--addressNewCostObjectCstID-vhi"}]}
COMMAND: GET /session/3629965791c759c347fde942b576cda6/screenshot - {}
RESULT: {"script":"<script> [1562 bytes]","args":[{"selector":{"id":"application-manageyards-display-component---NewYard--addressNewCostObjectCstID-vhi"},"wdio_ui5_key":"applicationmanageyards-display-component---NewYard--addressNewCostObjectCstID-vhi"}]}
RESULT: undefined
COMMAND: POST /session/3629965791c759c347fde942b576cda6/element - {"using":"xpath","value":"//*[@id=\"application-manageyards-display-component---NewYard--addressNewCostObjectCstID-vhi\"]"}
RESULT: {}
RESULT: {"using":"xpath","value":"//*[@id=\"application-manageyards-display-component---NewYard--addressNewCostObjectCstID-vhi\"]"}
COMMAND: POST /session/3629965791c759c347fde942b576cda6/element/f.B75173DCAD9BAA5C444E47860DF35B72.d.AB712EFA84ABD6F32C18DF6FC8865CE0.e.762/click - {}
RESULT: {}
COMMAND: GET /session/3629965791c759c347fde942b576cda6/screenshot - {}
RESULT: {}
COMMAND: POST /session/3629965791c759c347fde942b576cda6/execute/async - {"script":"<script> [1562 bytes]","args":[{"selector":{"controlType":"sap.m.SearchField","properties":{"placeholder":"Search"},"searchOpenDialogs":true,"interaction":{"idSuffix":"I"}},"wdio_ui5_key":"sapm.SearchField{\"placeholder\":\"Search\"}"}]}
RESULT: {"script":"<script> [1562 bytes]","args":[{"selector":{"controlType":"sap.m.SearchField","properties":{"placeholder":"Search"},"searchOpenDialogs":true,"interaction":{"idSuffix":"I"}},"wdio_ui5_key":"sapm.SearchField{\"placeholder\":\"Search\"}"}]}
RESULT: undefined
COMMAND: POST /session/3629965791c759c347fde942b576cda6/execute/async - {"script":"<script> [776 bytes]","args":[{"enterText":"bauh_b","selector":{"controlType":"sap.m.SearchField","properties":{"placeholder":"Search"},"searchOpenDialogs":true,"interaction":{"idSuffix":"I"}},"clearTextFirst":true,"interactionType":"ENTER_TEXT"}]}
RESULT: {"script":"<script> [776 bytes]","args":[{"enterText":"bauh_b","selector":{"controlType":"sap.m.SearchField","properties":{"placeholder":"Search"},"searchOpenDialogs":true,"interaction":{"idSuffix":"I"}},"clearTextFirst":true,"interactionType":"ENTER_TEXT"}]}
COMMAND: POST /session/3629965791c759c347fde942b576cda6/actions - {"actions":[{"id":"action1","type":"key","parameters":{},"actions":[{"type":"keyDown","value":"î€‡"},{"type":"pause","duration":10},{"type":"keyUp","value":"î€‡"}]}]}
RESULT: {"actions":[{"id":"action1","type":"key","parameters":{},"actions":[{"type":"keyDown","value":"î€‡"},{"type":"pause","duration":10},{"type":"keyUp","value":"î€‡"}]}]}
COMMAND: GET /session/3629965791c759c347fde942b576cda6/screenshot - {}
RESULT: {}
COMMAND: POST /session/3629965791c759c347fde942b576cda6/element - {"using":"xpath","value":"//span[contains(text(), \"Demo Yard\")]"}
RESULT: {"using":"xpath","value":"//span[contains(text(), \"Demo Yard\")]"}
COMMAND: POST /session/3629965791c759c347fde942b576cda6/element/f.B75173DCAD9BAA5C444E47860DF35B72.d.AB712EFA84ABD6F32C18DF6FC8865CE0.e.770/click - {}
RESULT: {}
COMMAND: GET /session/3629965791c759c347fde942b576cda6/screenshot - {}
RESULT: {}
COMMAND: POST /session/3629965791c759c347fde942b576cda6/element - {"using":"xpath","value":"//bdi[contains(text(), \"OK\")]"}
RESULT: {"using":"xpath","value":"//bdi[contains(text(), \"OK\")]"}
COMMAND: POST /session/3629965791c759c347fde942b576cda6/element/f.B75173DCAD9BAA5C444E47860DF35B72.d.AB712EFA84ABD6F32C18DF6FC8865CE0.e.772/click - {}
RESULT: {}
COMMAND: GET /session/3629965791c759c347fde942b576cda6/screenshot - {}
RESULT: {}
COMMAND: POST /session/3629965791c759c347fde942b576cda6/execute/async - {"script":"<script> [1562 bytes]","args":[{"selector":{"id":"application-manageyards-display-component---NewYard--addressEditDetailsCurrency-arrow"},"wdio_ui5_key":"applicationmanageyards-display-component---NewYard--addressEditDetailsCurrency-arrow"}]}
RESULT: {"script":"<script> [1562 bytes]","args":[{"selector":{"id":"application-manageyards-display-component---NewYard--addressEditDetailsCurrency-arrow"},"wdio_ui5_key":"applicationmanageyards-display-component---NewYard--addressEditDetailsCurrency-arrow"}]}
RESULT: undefined
COMMAND: POST /session/3629965791c759c347fde942b576cda6/element - {"using":"xpath","value":"//*[@id=\"application-manageyards-display-component---NewYard--addressEditDetailsCurrency-arrow\"]"}
RESULT: {"using":"xpath","value":"//*[@id=\"application-manageyards-display-component---NewYard--addressEditDetailsCurrency-arrow\"]"}
COMMAND: POST /session/3629965791c759c347fde942b576cda6/element/f.B75173DCAD9BAA5C444E47860DF35B72.d.AB712EFA84ABD6F32C18DF6FC8865CE0.e.775/click - {}
RESULT: {}
COMMAND: POST /session/3629965791c759c347fde942b576cda6/element - {"using":"xpath","value":"//span[contains(text(), \"Euro\")]"}
RESULT: {"using":"xpath","value":"//span[contains(text(), \"Euro\")]"}
COMMAND: POST /session/3629965791c759c347fde942b576cda6/element/f.B75173DCAD9BAA5C444E47860DF35B72.d.AB712EFA84ABD6F32C18DF6FC8865CE0.e.776/click - {}
RESULT: {}
COMMAND: POST /session/3629965791c759c347fde942b576cda6/execute/async - {"script":"<script> [1562 bytes]","args":[{"selector":{"controlType":"sap.m.Input","viewName":"etm.portal.ui.manageyards.view.New","viewId":"application-manageyards-display-component---NewYard","bindingPath":{"path":"","propertyPath":"/CONTROLLING_AREA","modelName":"NewYardModel"},"interaction":{"idSuffix":"inner"}},"wdio_ui5_key":"etmportal.ui.manageyards.view.Newsap.m.Input{\"path\":\"\",\"propertyPath\":\"/CONTROLLING_AREA\",\"modelName\":\"NewYardModel\"}"}]}
COMMAND: GET /session/3629965791c759c347fde942b576cda6/screenshot - {}
COMMAND: GET /session/3629965791c759c347fde942b576cda6/screenshot - {}
RESULT: {"script":"<script> [1562 bytes]","args":[{"selector":{"controlType":"sap.m.Input","viewName":"etm.portal.ui.manageyards.view.New","viewId":"application-manageyards-display-component---NewYard","bindingPath":{"path":"","propertyPath":"/CONTROLLING_AREA","modelName":"NewYardModel"},"interaction":{"idSuffix":"inner"}},"wdio_ui5_key":"etmportal.ui.manageyards.view.Newsap.m.Input{\"path\":\"\",\"propertyPath\":\"/CONTROLLING_AREA\",\"modelName\":\"NewYardModel\"}"}]}
RESULT: undefined
COMMAND: POST /session/3629965791c759c347fde942b576cda6/execute/async - {"script":"<script> [776 bytes]","args":[{"enterText":"Z001","selector":{"controlType":"sap.m.Input","viewName":"etm.portal.ui.manageyards.view.New","viewId":"application-manageyards-display-component---NewYard","bindingPath":{"path":"","propertyPath":"/CONTROLLING_AREA","modelName":"NewYardModel"},"interaction":{"idSuffix":"inner"}},"clearTextFirst":true,"interactionType":"ENTER_TEXT"}]}
RESULT: {}
RESULT: {}
RESULT: {"script":"<script> [776 bytes]","args":[{"enterText":"Z001","selector":{"controlType":"sap.m.Input","viewName":"etm.portal.ui.manageyards.view.New","viewId":"application-manageyards-display-component---NewYard","bindingPath":{"path":"","propertyPath":"/CONTROLLING_AREA","modelName":"NewYardModel"},"interaction":{"idSuffix":"inner"}},"clearTextFirst":true,"interactionType":"ENTER_TEXT"}]}
COMMAND: POST /session/3629965791c759c347fde942b576cda6/execute/async - {"script":"<script> [1562 bytes]","args":[{"selector":{"id":"application-manageyards-display-component---NewYard--companyCodeComboBox","interaction":{"idSuffix":"inner"}},"wdio_ui5_key":"applicationmanageyards-display-component---NewYard--companyCodeComboBox"}]}
RESULT: {"script":"<script> [1562 bytes]","args":[{"selector":{"id":"application-manageyards-display-component---NewYard--companyCodeComboBox","interaction":{"idSuffix":"inner"}},"wdio_ui5_key":"applicationmanageyards-display-component---NewYard--companyCodeComboBox"}]}
RESULT: undefined
COMMAND: POST /session/3629965791c759c347fde942b576cda6/execute/async - {"script":"<script> [776 bytes]","args":[{"enterText":"1000","selector":{"id":"application-manageyards-display-component---NewYard--companyCodeComboBox","interaction":{"idSuffix":"inner"}},"clearTextFirst":true,"interactionType":"ENTER_TEXT"}]}
RESULT: {"script":"<script> [776 bytes]","args":[{"enterText":"1000","selector":{"id":"application-manageyards-display-component---NewYard--companyCodeComboBox","interaction":{"idSuffix":"inner"}},"clearTextFirst":true,"interactionType":"ENTER_TEXT"}]}
COMMAND: POST /session/3629965791c759c347fde942b576cda6/execute/async - {"script":"<script> [1562 bytes]","args":[{"selector":{"controlType":"sap.m.Input","viewName":"etm.portal.ui.manageyards.view.New","viewId":"application-manageyards-display-component---NewYard","bindingPath":{"path":"","propertyPath":"/PLANT","modelName":"NewYardModel"},"interaction":{"idSuffix":"inner"}},"wdio_ui5_key":"etmportal.ui.manageyards.view.Newsap.m.Input{\"path\":\"\",\"propertyPath\":\"/PLANT\",\"modelName\":\"NewYardModel\"}"}]}
RESULT: {"script":"<script> [1562 bytes]","args":[{"selector":{"controlType":"sap.m.Input","viewName":"etm.portal.ui.manageyards.view.New","viewId":"application-manageyards-display-component---NewYard","bindingPath":{"path":"","propertyPath":"/PLANT","modelName":"NewYardModel"},"interaction":{"idSuffix":"inner"}},"wdio_ui5_key":"etmportal.ui.manageyards.view.Newsap.m.Input{\"path\":\"\",\"propertyPath\":\"/PLANT\",\"modelName\":\"NewYardModel\"}"}]}
RESULT: undefined
COMMAND: POST /session/3629965791c759c347fde942b576cda6/execute/async - {"script":"<script> [776 bytes]","args":[{"enterText":"1001","selector":{"controlType":"sap.m.Input","viewName":"etm.portal.ui.manageyards.view.New","viewId":"application-manageyards-display-component---NewYard","bindingPath":{"path":"","propertyPath":"/PLANT","modelName":"NewYardModel"},"interaction":{"idSuffix":"inner"}},"clearTextFirst":true,"interactionType":"ENTER_TEXT"}]}
RESULT: {"script":"<script> [776 bytes]","args":[{"enterText":"1001","selector":{"controlType":"sap.m.Input","viewName":"etm.portal.ui.manageyards.view.New","viewId":"application-manageyards-display-component---NewYard","bindingPath":{"path":"","propertyPath":"/PLANT","modelName":"NewYardModel"},"interaction":{"idSuffix":"inner"}},"clearTextFirst":true,"interactionType":"ENTER_TEXT"}]}
COMMAND: POST /session/3629965791c759c347fde942b576cda6/execute/async - {"script":"<script> [1562 bytes]","args":[{"selector":{"controlType":"sap.m.Input","viewName":"etm.portal.ui.manageyards.view.New","viewId":"application-manageyards-display-component---NewYard","bindingPath":{"path":"","propertyPath":"/SALES_AREA_VKORG","modelName":"NewYardModel"},"interaction":{"idSuffix":"inner"}},"wdio_ui5_key":"etmportal.ui.manageyards.view.Newsap.m.Input{\"path\":\"\",\"propertyPath\":\"/SALES_AREA_VKORG\",\"modelName\":\"NewYardModel\"}"}]}
RESULT: {"script":"<script> [1562 bytes]","args":[{"selector":{"controlType":"sap.m.Input","viewName":"etm.portal.ui.manageyards.view.New","viewId":"application-manageyards-display-component---NewYard","bindingPath":{"path":"","propertyPath":"/SALES_AREA_VKORG","modelName":"NewYardModel"},"interaction":{"idSuffix":"inner"}},"wdio_ui5_key":"etmportal.ui.manageyards.view.Newsap.m.Input{\"path\":\"\",\"propertyPath\":\"/SALES_AREA_VKORG\",\"modelName\":\"NewYardModel\"}"}]}
RESULT: undefined
COMMAND: POST /session/3629965791c759c347fde942b576cda6/execute/async - {"script":"<script> [776 bytes]","args":[{"enterText":"C002","selector":{"controlType":"sap.m.Input","viewName":"etm.portal.ui.manageyards.view.New","viewId":"application-manageyards-display-component---NewYard","bindingPath":{"path":"","propertyPath":"/SALES_AREA_VKORG","modelName":"NewYardModel"},"interaction":{"idSuffix":"inner"}},"clearTextFirst":true,"interactionType":"ENTER_TEXT"}]}
RESULT: {"script":"<script> [776 bytes]","args":[{"enterText":"C002","selector":{"controlType":"sap.m.Input","viewName":"etm.portal.ui.manageyards.view.New","viewId":"application-manageyards-display-component---NewYard","bindingPath":{"path":"","propertyPath":"/SALES_AREA_VKORG","modelName":"NewYardModel"},"interaction":{"idSuffix":"inner"}},"clearTextFirst":true,"interactionType":"ENTER_TEXT"}]}
COMMAND: POST /session/3629965791c759c347fde942b576cda6/execute/async - {"script":"<script> [1562 bytes]","args":[{"selector":{"controlType":"sap.m.Input","viewName":"etm.portal.ui.manageyards.view.New","viewId":"application-manageyards-display-component---NewYard","bindingPath":{"path":"","propertyPath":"/SALES_AREA_VTWEG","modelName":"NewYardModel"},"interaction":{"idSuffix":"inner"}},"wdio_ui5_key":"etmportal.ui.manageyards.view.Newsap.m.Input{\"path\":\"\",\"propertyPath\":\"/SALES_AREA_VTWEG\",\"modelName\":\"NewYardModel\"}"}]}
RESULT: {"script":"<script> [1562 bytes]","args":[{"selector":{"controlType":"sap.m.Input","viewName":"etm.portal.ui.manageyards.view.New","viewId":"application-manageyards-display-component---NewYard","bindingPath":{"path":"","propertyPath":"/SALES_AREA_VTWEG","modelName":"NewYardModel"},"interaction":{"idSuffix":"inner"}},"wdio_ui5_key":"etmportal.ui.manageyards.view.Newsap.m.Input{\"path\":\"\",\"propertyPath\":\"/SALES_AREA_VTWEG\",\"modelName\":\"NewYardModel\"}"}]}
RESULT: undefined
COMMAND: POST /session/3629965791c759c347fde942b576cda6/execute/async - {"script":"<script> [776 bytes]","args":[{"enterText":"C2","selector":{"controlType":"sap.m.Input","viewName":"etm.portal.ui.manageyards.view.New","viewId":"application-manageyards-display-component---NewYard","bindingPath":{"path":"","propertyPath":"/SALES_AREA_VTWEG","modelName":"NewYardModel"},"interaction":{"idSuffix":"inner"}},"clearTextFirst":true,"interactionType":"ENTER_TEXT"}]}
RESULT: {"script":"<script> [776 bytes]","args":[{"enterText":"C2","selector":{"controlType":"sap.m.Input","viewName":"etm.portal.ui.manageyards.view.New","viewId":"application-manageyards-display-component---NewYard","bindingPath":{"path":"","propertyPath":"/SALES_AREA_VTWEG","modelName":"NewYardModel"},"interaction":{"idSuffix":"inner"}},"clearTextFirst":true,"interactionType":"ENTER_TEXT"}]}
COMMAND: POST /session/3629965791c759c347fde942b576cda6/execute/async - {"script":"<script> [1562 bytes]","args":[{"selector":{"controlType":"sap.m.Input","viewName":"etm.portal.ui.manageyards.view.New","viewId":"application-manageyards-display-component---NewYard","bindingPath":{"path":"","propertyPath":"/SALES_AREA_SPART","modelName":"NewYardModel"},"interaction":{"idSuffix":"inner"}},"wdio_ui5_key":"etmportal.ui.manageyards.view.Newsap.m.Input{\"path\":\"\",\"propertyPath\":\"/SALES_AREA_SPART\",\"modelName\":\"NewYardModel\"}"}]}
RESULT: {"script":"<script> [1562 bytes]","args":[{"selector":{"controlType":"sap.m.Input","viewName":"etm.portal.ui.manageyards.view.New","viewId":"application-manageyards-display-component---NewYard","bindingPath":{"path":"","propertyPath":"/SALES_AREA_SPART","modelName":"NewYardModel"},"interaction":{"idSuffix":"inner"}},"wdio_ui5_key":"etmportal.ui.manageyards.view.Newsap.m.Input{\"path\":\"\",\"propertyPath\":\"/SALES_AREA_SPART\",\"modelName\":\"NewYardModel\"}"}]}
RESULT: undefined
COMMAND: POST /session/3629965791c759c347fde942b576cda6/execute/async - {"script":"<script> [776 bytes]","args":[{"enterText":"C2","selector":{"controlType":"sap.m.Input","viewName":"etm.portal.ui.manageyards.view.New","viewId":"application-manageyards-display-component---NewYard","bindingPath":{"path":"","propertyPath":"/SALES_AREA_SPART","modelName":"NewYardModel"},"interaction":{"idSuffix":"inner"}},"clearTextFirst":true,"interactionType":"ENTER_TEXT"}]}
RESULT: {"script":"<script> [776 bytes]","args":[{"enterText":"C2","selector":{"controlType":"sap.m.Input","viewName":"etm.portal.ui.manageyards.view.New","viewId":"application-manageyards-display-component---NewYard","bindingPath":{"path":"","propertyPath":"/SALES_AREA_SPART","modelName":"NewYardModel"},"interaction":{"idSuffix":"inner"}},"clearTextFirst":true,"interactionType":"ENTER_TEXT"}]}
COMMAND: POST /session/3629965791c759c347fde942b576cda6/execute/async - {"script":"<script> [1562 bytes]","args":[{"selector":{"controlType":"sap.m.Input","viewName":"etm.portal.ui.manageyards.view.New","viewId":"application-manageyards-display-component---NewYard","bindingPath":{"path":"","propertyPath":"/SHIP_POINT","modelName":"NewYardModel"},"interaction":{"idSuffix":"inner"}},"wdio_ui5_key":"etmportal.ui.manageyards.view.Newsap.m.Input{\"path\":\"\",\"propertyPath\":\"/SHIP_POINT\",\"modelName\":\"NewYardModel\"}"}]}
RESULT: {"script":"<script> [1562 bytes]","args":[{"selector":{"controlType":"sap.m.Input","viewName":"etm.portal.ui.manageyards.view.New","viewId":"application-manageyards-display-component---NewYard","bindingPath":{"path":"","propertyPath":"/SHIP_POINT","modelName":"NewYardModel"},"interaction":{"idSuffix":"inner"}},"wdio_ui5_key":"etmportal.ui.manageyards.view.Newsap.m.Input{\"path\":\"\",\"propertyPath\":\"/SHIP_POINT\",\"modelName\":\"NewYardModel\"}"}]}
RESULT: undefined
COMMAND: POST /session/3629965791c759c347fde942b576cda6/execute/async - {"script":"<script> [776 bytes]","args":[{"enterText":"1710","selector":{"controlType":"sap.m.Input","viewName":"etm.portal.ui.manageyards.view.New","viewId":"application-manageyards-display-component---NewYard","bindingPath":{"path":"","propertyPath":"/SHIP_POINT","modelName":"NewYardModel"},"interaction":{"idSuffix":"inner"}},"clearTextFirst":true,"interactionType":"ENTER_TEXT"}]}
RESULT: {"script":"<script> [776 bytes]","args":[{"enterText":"1710","selector":{"controlType":"sap.m.Input","viewName":"etm.portal.ui.manageyards.view.New","viewId":"application-manageyards-display-component---NewYard","bindingPath":{"path":"","propertyPath":"/SHIP_POINT","modelName":"NewYardModel"},"interaction":{"idSuffix":"inner"}},"clearTextFirst":true,"interactionType":"ENTER_TEXT"}]}
COMMAND: POST /session/3629965791c759c347fde942b576cda6/execute/async - {"script":"<script> [1562 bytes]","args":[{"selector":{"controlType":"sap.m.Input","viewName":"etm.portal.ui.manageyards.view.New","viewId":"application-manageyards-display-component---NewYard","bindingPath":{"path":"","propertyPath":"/DELIVERY_TYPE","modelName":"NewYardModel"},"interaction":{"idSuffix":"inner"}},"wdio_ui5_key":"etmportal.ui.manageyards.view.Newsap.m.Input{\"path\":\"\",\"propertyPath\":\"/DELIVERY_TYPE\",\"modelName\":\"NewYardModel\"}"}]}
RESULT: {"script":"<script> [1562 bytes]","args":[{"selector":{"controlType":"sap.m.Input","viewName":"etm.portal.ui.manageyards.view.New","viewId":"application-manageyards-display-component---NewYard","bindingPath":{"path":"","propertyPath":"/DELIVERY_TYPE","modelName":"NewYardModel"},"interaction":{"idSuffix":"inner"}},"wdio_ui5_key":"etmportal.ui.manageyards.view.Newsap.m.Input{\"path\":\"\",\"propertyPath\":\"/DELIVERY_TYPE\",\"modelName\":\"NewYardModel\"}"}]}
RESULT: undefined
COMMAND: POST /session/3629965791c759c347fde942b576cda6/execute/async - {"script":"<script> [776 bytes]","args":[{"enterText":"ZL01","selector":{"controlType":"sap.m.Input","viewName":"etm.portal.ui.manageyards.view.New","viewId":"application-manageyards-display-component---NewYard","bindingPath":{"path":"","propertyPath":"/DELIVERY_TYPE","modelName":"NewYardModel"},"interaction":{"idSuffix":"inner"}},"clearTextFirst":true,"interactionType":"ENTER_TEXT"}]}
RESULT: {"script":"<script> [776 bytes]","args":[{"enterText":"ZL01","selector":{"controlType":"sap.m.Input","viewName":"etm.portal.ui.manageyards.view.New","viewId":"application-manageyards-display-component---NewYard","bindingPath":{"path":"","propertyPath":"/DELIVERY_TYPE","modelName":"NewYardModel"},"interaction":{"idSuffix":"inner"}},"clearTextFirst":true,"interactionType":"ENTER_TEXT"}]}
COMMAND: POST /session/3629965791c759c347fde942b576cda6/execute/async - {"script":"<script> [1562 bytes]","args":[{"selector":{"controlType":"sap.m.Input","viewName":"etm.portal.ui.manageyards.view.New","viewId":"application-manageyards-display-component---NewYard","bindingPath":{"path":"","propertyPath":"/AUART","modelName":"NewYardModel"},"interaction":{"idSuffix":"inner"}},"wdio_ui5_key":"etmportal.ui.manageyards.view.Newsap.m.Input{\"path\":\"\",\"propertyPath\":\"/AUART\",\"modelName\":\"NewYardModel\"}"}]}
RESULT: {"script":"<script> [1562 bytes]","args":[{"selector":{"controlType":"sap.m.Input","viewName":"etm.portal.ui.manageyards.view.New","viewId":"application-manageyards-display-component---NewYard","bindingPath":{"path":"","propertyPath":"/AUART","modelName":"NewYardModel"},"interaction":{"idSuffix":"inner"}},"wdio_ui5_key":"etmportal.ui.manageyards.view.Newsap.m.Input{\"path\":\"\",\"propertyPath\":\"/AUART\",\"modelName\":\"NewYardModel\"}"}]}
RESULT: undefined
COMMAND: POST /session/3629965791c759c347fde942b576cda6/execute/async - {"script":"<script> [776 bytes]","args":[{"enterText":"TA","selector":{"controlType":"sap.m.Input","viewName":"etm.portal.ui.manageyards.view.New","viewId":"application-manageyards-display-component---NewYard","bindingPath":{"path":"","propertyPath":"/AUART","modelName":"NewYardModel"},"interaction":{"idSuffix":"inner"}},"clearTextFirst":true,"interactionType":"ENTER_TEXT"}]}
RESULT: {"script":"<script> [776 bytes]","args":[{"enterText":"TA","selector":{"controlType":"sap.m.Input","viewName":"etm.portal.ui.manageyards.view.New","viewId":"application-manageyards-display-component---NewYard","bindingPath":{"path":"","propertyPath":"/AUART","modelName":"NewYardModel"},"interaction":{"idSuffix":"inner"}},"clearTextFirst":true,"interactionType":"ENTER_TEXT"}]}
COMMAND: POST /session/3629965791c759c347fde942b576cda6/element - {"using":"xpath","value":"//button[@data-kt=\"newYardSaveButton\"]"}
RESULT: {"using":"xpath","value":"//button[@data-kt=\"newYardSaveButton\"]"}
COMMAND: POST /session/3629965791c759c347fde942b576cda6/element/f.B75173DCAD9BAA5C444E47860DF35B72.d.AB712EFA84ABD6F32C18DF6FC8865CE0.e.718/click - {}
RESULT: {}
COMMAND: GET /session/3629965791c759c347fde942b576cda6/screenshot - {}
RESULT: {}
COMMAND: POST /session/3629965791c759c347fde942b576cda6/element - {"using":"xpath","value":"//header[contains(@id, 'ObjectPageLayout-headerTitle')]/div[1]/div[2]/div[1]/span[1]"}
RESULT: {"using":"xpath","value":"//header[contains(@id, 'ObjectPageLayout-headerTitle')]/div[1]/div[2]/div[1]/span[1]"}
COMMAND: POST /session/3629965791c759c347fde942b576cda6/elements - {"using":"xpath","value":"//header[contains(@id, 'ObjectPageLayout-headerTitle')]/div[1]/div[2]/div[1]/span[1]"}
RESULT: {"using":"xpath","value":"//header[contains(@id, 'ObjectPageLayout-headerTitle')]/div[1]/div[2]/div[1]/span[1]"}
COMMAND: POST /session/3629965791c759c347fde942b576cda6/execute/sync - {"script":"<script> [56 bytes]","args":[{"element-6066-11e4-a52e-4f735466cecf":"f.B75173DCAD9BAA5C444E47860DF35B72.d.AB712EFA84ABD6F32C18DF6FC8865CE0.e.1011","ELEMENT":"f.B75173DCAD9BAA5C444E47860DF35B72.d.AB712EFA84ABD6F32C18DF6FC8865CE0.e.1011"}]}
RESULT: {"script":"<script> [56 bytes]","args":[{"element-6066-11e4-a52e-4f735466cecf":"f.B75173DCAD9BAA5C444E47860DF35B72.d.AB712EFA84ABD6F32C18DF6FC8865CE0.e.1011","ELEMENT":"f.B75173DCAD9BAA5C444E47860DF35B72.d.AB712EFA84ABD6F32C18DF6FC8865CE0.e.1011"}]}
COMMAND: GET /session/3629965791c759c347fde942b576cda6/screenshot - {}
RESULT: {}
COMMAND: POST /session/3629965791c759c347fde942b576cda6/element - {"using":"css selector","value":"#shell-header-logo"}
RESULT: {"using":"css selector","value":"#shell-header-logo"}
COMMAND: POST /session/3629965791c759c347fde942b576cda6/element/f.B75173DCAD9BAA5C444E47860DF35B72.d.AB712EFA84ABD6F32C18DF6FC8865CE0.e.280/click - {}
RESULT: {}
COMMAND: GET /session/3629965791c759c347fde942b576cda6/screenshot - {}
RESULT: {}
COMMAND: POST /session/3629965791c759c347fde942b576cda6/execute/sync - {"script":"<script> [299 bytes]","args":[["getModel","getResource"]]}
RESULT: {"script":"<script> [299 bytes]","args":[["getModel","getResource"]]}
COMMAND: GET /session/3629965791c759c347fde942b576cda6/screenshot - {}
]]></system-out>
    </testcase>
    <testcase classname="chrome.136_0_7103_93.windows.Prerequisites_&amp;_test_for_yard_mass_return_on_Yard_Overview_US131057" name="Prereq Should create a new partner" time="139.632">
      <system-out><![CDATA[
COMMAND: POST /session/3629965791c759c347fde942b576cda6/window/fullscreen - {}
RESULT: {}
RESULT: {}
COMMAND: POST /session/3629965791c759c347fde942b576cda6/execute/async - {"script":"<script> [1562 bytes]","args":[{"selector":{"controlType":"sap.m.GenericTile","properties":{"header":"Manage Partners"}},"wdio_ui5_key":"sapm.GenericTile{\"header\":\"Manage Partners\"}"}]}
RESULT: {"script":"<script> [1562 bytes]","args":[{"selector":{"controlType":"sap.m.GenericTile","properties":{"header":"Manage Partners"}},"wdio_ui5_key":"sapm.GenericTile{\"header\":\"Manage Partners\"}"}]}
RESULT: undefined
COMMAND: POST /session/3629965791c759c347fde942b576cda6/element - {"using":"xpath","value":"//*[@id=\"__tile38\"]"}
RESULT: {"using":"xpath","value":"//*[@id=\"__tile38\"]"}
COMMAND: POST /session/3629965791c759c347fde942b576cda6/element/f.B75173DCAD9BAA5C444E47860DF35B72.d.AB712EFA84ABD6F32C18DF6FC8865CE0.e.165/click - {}
RESULT: {}
COMMAND: GET /session/3629965791c759c347fde942b576cda6/screenshot - {}
RESULT: {}
COMMAND: POST /session/3629965791c759c347fde942b576cda6/elements - {"using":"xpath","value":"//span[text()='Error']"}
RESULT: {"using":"xpath","value":"//span[text()='Error']"}
COMMAND: POST /session/3629965791c759c347fde942b576cda6/element - {"using":"xpath","value":"//button[@data-kt=\"addButton\"]"}
RESULT: {"using":"xpath","value":"//button[@data-kt=\"addButton\"]"}
COMMAND: POST /session/3629965791c759c347fde942b576cda6/elements - {"using":"xpath","value":"//button[@data-kt=\"addButton\"]"}
RESULT: {"using":"xpath","value":"//button[@data-kt=\"addButton\"]"}
COMMAND: POST /session/3629965791c759c347fde942b576cda6/execute/sync - {"script":"<script> [8489 bytes]","args":[{"element-6066-11e4-a52e-4f735466cecf":"f.B75173DCAD9BAA5C444E47860DF35B72.d.AB712EFA84ABD6F32C18DF6FC8865CE0.e.1060","ELEMENT":"f.B75173DCAD9BAA5C444E47860DF35B72.d.AB712EFA84ABD6F32C18DF6FC8865CE0.e.1060"}]}
RESULT: {"script":"<script> [8489 bytes]","args":[{"element-6066-11e4-a52e-4f735466cecf":"f.B75173DCAD9BAA5C444E47860DF35B72.d.AB712EFA84ABD6F32C18DF6FC8865CE0.e.1060","ELEMENT":"f.B75173DCAD9BAA5C444E47860DF35B72.d.AB712EFA84ABD6F32C18DF6FC8865CE0.e.1060"}]}
COMMAND: GET /session/3629965791c759c347fde942b576cda6/element/f.B75173DCAD9BAA5C444E47860DF35B72.d.AB712EFA84ABD6F32C18DF6FC8865CE0.e.1060/enabled - {}
COMMAND: GET /session/3629965791c759c347fde942b576cda6/screenshot - {}
RESULT: {}
COMMAND: POST /session/3629965791c759c347fde942b576cda6/execute/sync - {"script":"<script> [8489 bytes]","args":[{"element-6066-11e4-a52e-4f735466cecf":"f.B75173DCAD9BAA5C444E47860DF35B72.d.AB712EFA84ABD6F32C18DF6FC8865CE0.e.1060","ELEMENT":"f.B75173DCAD9BAA5C444E47860DF35B72.d.AB712EFA84ABD6F32C18DF6FC8865CE0.e.1060"}]}
COMMAND: GET /session/3629965791c759c347fde942b576cda6/screenshot - {}
RESULT: {}
RESULT: {"script":"<script> [8489 bytes]","args":[{"element-6066-11e4-a52e-4f735466cecf":"f.B75173DCAD9BAA5C444E47860DF35B72.d.AB712EFA84ABD6F32C18DF6FC8865CE0.e.1060","ELEMENT":"f.B75173DCAD9BAA5C444E47860DF35B72.d.AB712EFA84ABD6F32C18DF6FC8865CE0.e.1060"}]}
COMMAND: POST /session/3629965791c759c347fde942b576cda6/execute/sync - {"script":"<script> [5351 bytes]","args":[{"element-6066-11e4-a52e-4f735466cecf":"f.B75173DCAD9BAA5C444E47860DF35B72.d.AB712EFA84ABD6F32C18DF6FC8865CE0.e.1060","ELEMENT":"f.B75173DCAD9BAA5C444E47860DF35B72.d.AB712EFA84ABD6F32C18DF6FC8865CE0.e.1060"}]}
COMMAND: GET /session/3629965791c759c347fde942b576cda6/screenshot - {}
RESULT: {}
RESULT: {"script":"<script> [5351 bytes]","args":[{"element-6066-11e4-a52e-4f735466cecf":"f.B75173DCAD9BAA5C444E47860DF35B72.d.AB712EFA84ABD6F32C18DF6FC8865CE0.e.1060","ELEMENT":"f.B75173DCAD9BAA5C444E47860DF35B72.d.AB712EFA84ABD6F32C18DF6FC8865CE0.e.1060"}]}
COMMAND: POST /session/3629965791c759c347fde942b576cda6/element/f.B75173DCAD9BAA5C444E47860DF35B72.d.AB712EFA84ABD6F32C18DF6FC8865CE0.e.1060/click - {}
COMMAND: GET /session/3629965791c759c347fde942b576cda6/screenshot - {}
RESULT: {}
RESULT: {}
COMMAND: GET /session/3629965791c759c347fde942b576cda6/screenshot - {}
COMMAND: POST /session/3629965791c759c347fde942b576cda6/execute/async - {"script":"<script> [1562 bytes]","args":[{"selector":{"id":"application-managepartners-display-component---NewPartner--addressDetailDetailsName1","interaction":{"idSuffix":"inner"}},"wdio_ui5_key":"applicationmanagepartners-display-component---NewPartner--addressDetailDetailsName1"}]}
RESULT: {}
RESULT: {}
RESULT: {"script":"<script> [1562 bytes]","args":[{"selector":{"id":"application-managepartners-display-component---NewPartner--addressDetailDetailsName1","interaction":{"idSuffix":"inner"}},"wdio_ui5_key":"applicationmanagepartners-display-component---NewPartner--addressDetailDetailsName1"}]}
RESULT: undefined
COMMAND: POST /session/3629965791c759c347fde942b576cda6/execute/async - {"script":"<script> [776 bytes]","args":[{"enterText":"Intracompany Partner WDIO","selector":{"id":"application-managepartners-display-component---NewPartner--addressDetailDetailsName1","interaction":{"idSuffix":"inner"}},"clearTextFirst":true,"interactionType":"ENTER_TEXT"}]}
RESULT: {"script":"<script> [776 bytes]","args":[{"enterText":"Intracompany Partner WDIO","selector":{"id":"application-managepartners-display-component---NewPartner--addressDetailDetailsName1","interaction":{"idSuffix":"inner"}},"clearTextFirst":true,"interactionType":"ENTER_TEXT"}]}
COMMAND: POST /session/3629965791c759c347fde942b576cda6/execute/async - {"script":"<script> [1562 bytes]","args":[{"selector":{"id":"application-managepartners-display-component---NewPartner--addressDetailDetailsLanguage-arrow"},"wdio_ui5_key":"applicationmanagepartners-display-component---NewPartner--addressDetailDetailsLanguage-arrow"}]}
RESULT: {"script":"<script> [1562 bytes]","args":[{"selector":{"id":"application-managepartners-display-component---NewPartner--addressDetailDetailsLanguage-arrow"},"wdio_ui5_key":"applicationmanagepartners-display-component---NewPartner--addressDetailDetailsLanguage-arrow"}]}
RESULT: undefined
COMMAND: POST /session/3629965791c759c347fde942b576cda6/element - {"using":"xpath","value":"//*[@id=\"application-managepartners-display-component---NewPartner--addressDetailDetailsLanguage-arrow\"]"}
RESULT: {"using":"xpath","value":"//*[@id=\"application-managepartners-display-component---NewPartner--addressDetailDetailsLanguage-arrow\"]"}
COMMAND: POST /session/3629965791c759c347fde942b576cda6/element/f.B75173DCAD9BAA5C444E47860DF35B72.d.AB712EFA84ABD6F32C18DF6FC8865CE0.e.1505/click - {}
RESULT: {}
COMMAND: POST /session/3629965791c759c347fde942b576cda6/element - {"using":"xpath","value":"//span[contains(text(), \"English\")]"}
COMMAND: GET /session/3629965791c759c347fde942b576cda6/screenshot - {}
RESULT: {"using":"xpath","value":"//span[contains(text(), \"English\")]"}
COMMAND: POST /session/3629965791c759c347fde942b576cda6/element/f.B75173DCAD9BAA5C444E47860DF35B72.d.AB712EFA84ABD6F32C18DF6FC8865CE0.e.1506/click - {}
RESULT: {}
RESULT: {}
COMMAND: GET /session/3629965791c759c347fde942b576cda6/screenshot - {}
RESULT: {}
COMMAND: POST /session/3629965791c759c347fde942b576cda6/execute/async - {"script":"<script> [1562 bytes]","args":[{"selector":{"id":"application-managepartners-display-component---NewPartner--addressDetailDetailsCity1","interaction":{"idSuffix":"inner"}},"wdio_ui5_key":"applicationmanagepartners-display-component---NewPartner--addressDetailDetailsCity1"}]}
RESULT: {"script":"<script> [1562 bytes]","args":[{"selector":{"id":"application-managepartners-display-component---NewPartner--addressDetailDetailsCity1","interaction":{"idSuffix":"inner"}},"wdio_ui5_key":"applicationmanagepartners-display-component---NewPartner--addressDetailDetailsCity1"}]}
RESULT: undefined
COMMAND: POST /session/3629965791c759c347fde942b576cda6/execute/async - {"script":"<script> [776 bytes]","args":[{"enterText":"Rosario","selector":{"id":"application-managepartners-display-component---NewPartner--addressDetailDetailsCity1","interaction":{"idSuffix":"inner"}},"clearTextFirst":true,"interactionType":"ENTER_TEXT"}]}
RESULT: {"script":"<script> [776 bytes]","args":[{"enterText":"Rosario","selector":{"id":"application-managepartners-display-component---NewPartner--addressDetailDetailsCity1","interaction":{"idSuffix":"inner"}},"clearTextFirst":true,"interactionType":"ENTER_TEXT"}]}
COMMAND: POST /session/3629965791c759c347fde942b576cda6/execute/async - {"script":"<script> [1562 bytes]","args":[{"selector":{"id":"application-managepartners-display-component---NewPartner--addressDetailDetailsCountry-arrow"},"wdio_ui5_key":"applicationmanagepartners-display-component---NewPartner--addressDetailDetailsCountry-arrow"}]}
RESULT: {"script":"<script> [1562 bytes]","args":[{"selector":{"id":"application-managepartners-display-component---NewPartner--addressDetailDetailsCountry-arrow"},"wdio_ui5_key":"applicationmanagepartners-display-component---NewPartner--addressDetailDetailsCountry-arrow"}]}
RESULT: undefined
COMMAND: POST /session/3629965791c759c347fde942b576cda6/element - {"using":"xpath","value":"//*[@id=\"application-managepartners-display-component---NewPartner--addressDetailDetailsCountry-arrow\"]"}
RESULT: {"using":"xpath","value":"//*[@id=\"application-managepartners-display-component---NewPartner--addressDetailDetailsCountry-arrow\"]"}
COMMAND: POST /session/3629965791c759c347fde942b576cda6/element/f.B75173DCAD9BAA5C444E47860DF35B72.d.AB712EFA84ABD6F32C18DF6FC8865CE0.e.1492/click - {}
RESULT: {}
COMMAND: POST /session/3629965791c759c347fde942b576cda6/element - {"using":"xpath","value":"//span[contains(text(), \"Argentina\")]"}
COMMAND: GET /session/3629965791c759c347fde942b576cda6/screenshot - {}
RESULT: {"using":"xpath","value":"//span[contains(text(), \"Argentina\")]"}
COMMAND: POST /session/3629965791c759c347fde942b576cda6/element/f.B75173DCAD9BAA5C444E47860DF35B72.d.AB712EFA84ABD6F32C18DF6FC8865CE0.e.1508/click - {}
RESULT: {}
RESULT: {}
COMMAND: GET /session/3629965791c759c347fde942b576cda6/screenshot - {}
RESULT: {}
COMMAND: POST /session/3629965791c759c347fde942b576cda6/element - {"using":"xpath","value":"//bdi[contains(text(), \"Commercial\")]"}
RESULT: {"using":"xpath","value":"//bdi[contains(text(), \"Commercial\")]"}
COMMAND: POST /session/3629965791c759c347fde942b576cda6/element/f.B75173DCAD9BAA5C444E47860DF35B72.d.AB712EFA84ABD6F32C18DF6FC8865CE0.e.1509/click - {}
RESULT: {}
COMMAND: GET /session/3629965791c759c347fde942b576cda6/screenshot - {}
RESULT: {}
COMMAND: POST /session/3629965791c759c347fde942b576cda6/execute/async - {"script":"<script> [1562 bytes]","args":[{"selector":{"id":"application-managepartners-display-component---NewPartner--partnerDetailInternal-arrow"},"wdio_ui5_key":"applicationmanagepartners-display-component---NewPartner--partnerDetailInternal-arrow"}]}
RESULT: {"script":"<script> [1562 bytes]","args":[{"selector":{"id":"application-managepartners-display-component---NewPartner--partnerDetailInternal-arrow"},"wdio_ui5_key":"applicationmanagepartners-display-component---NewPartner--partnerDetailInternal-arrow"}]}
RESULT: undefined
COMMAND: POST /session/3629965791c759c347fde942b576cda6/element - {"using":"xpath","value":"//*[@id=\"application-managepartners-display-component---NewPartner--partnerDetailInternal-arrow\"]"}
RESULT: {"using":"xpath","value":"//*[@id=\"application-managepartners-display-component---NewPartner--partnerDetailInternal-arrow\"]"}
COMMAND: POST /session/3629965791c759c347fde942b576cda6/element/f.B75173DCAD9BAA5C444E47860DF35B72.d.AB712EFA84ABD6F32C18DF6FC8865CE0.e.1515/click - {}
RESULT: {}
COMMAND: POST /session/3629965791c759c347fde942b576cda6/element - {"using":"xpath","value":"//span[contains(text(), \"Affiliated company\")]"}
COMMAND: GET /session/3629965791c759c347fde942b576cda6/screenshot - {}
RESULT: {"using":"xpath","value":"//span[contains(text(), \"Affiliated company\")]"}
COMMAND: POST /session/3629965791c759c347fde942b576cda6/element/f.B75173DCAD9BAA5C444E47860DF35B72.d.AB712EFA84ABD6F32C18DF6FC8865CE0.e.1518/click - {}
RESULT: {}
RESULT: {}
COMMAND: POST /session/3629965791c759c347fde942b576cda6/execute/async - {"script":"<script> [1562 bytes]","args":[{"selector":{"id":"application-managepartners-display-component---NewPartner--partnerDetailsCurrency-arrow"},"wdio_ui5_key":"applicationmanagepartners-display-component---NewPartner--partnerDetailsCurrency-arrow"}]}
COMMAND: GET /session/3629965791c759c347fde942b576cda6/screenshot - {}
RESULT: {"script":"<script> [1562 bytes]","args":[{"selector":{"id":"application-managepartners-display-component---NewPartner--partnerDetailsCurrency-arrow"},"wdio_ui5_key":"applicationmanagepartners-display-component---NewPartner--partnerDetailsCurrency-arrow"}]}
RESULT: undefined
COMMAND: POST /session/3629965791c759c347fde942b576cda6/element - {"using":"xpath","value":"//*[@id=\"application-managepartners-display-component---NewPartner--partnerDetailsCurrency-arrow\"]"}
RESULT: {}
RESULT: {"using":"xpath","value":"//*[@id=\"application-managepartners-display-component---NewPartner--partnerDetailsCurrency-arrow\"]"}
COMMAND: POST /session/3629965791c759c347fde942b576cda6/element/f.B75173DCAD9BAA5C444E47860DF35B72.d.AB712EFA84ABD6F32C18DF6FC8865CE0.e.1525/click - {}
RESULT: {}
COMMAND: POST /session/3629965791c759c347fde942b576cda6/element - {"using":"xpath","value":"//span[contains(text(), \"Euro\")]"}
COMMAND: GET /session/3629965791c759c347fde942b576cda6/screenshot - {}
RESULT: {}
RESULT: {"using":"xpath","value":"//span[contains(text(), \"Euro\")]"}
COMMAND: POST /session/3629965791c759c347fde942b576cda6/element/f.B75173DCAD9BAA5C444E47860DF35B72.d.AB712EFA84ABD6F32C18DF6FC8865CE0.e.1526/click - {}
RESULT: {}
COMMAND: POST /session/3629965791c759c347fde942b576cda6/execute/async - {"script":"<script> [1562 bytes]","args":[{"selector":{"id":"application-managepartners-display-component---NewPartner--addressEditDetailsCostObjectCstType-arrow"},"wdio_ui5_key":"applicationmanagepartners-display-component---NewPartner--addressEditDetailsCostObjectCstType-arrow"}]}
COMMAND: GET /session/3629965791c759c347fde942b576cda6/screenshot - {}
RESULT: {"script":"<script> [1562 bytes]","args":[{"selector":{"id":"application-managepartners-display-component---NewPartner--addressEditDetailsCostObjectCstType-arrow"},"wdio_ui5_key":"applicationmanagepartners-display-component---NewPartner--addressEditDetailsCostObjectCstType-arrow"}]}
RESULT: undefined
COMMAND: POST /session/3629965791c759c347fde942b576cda6/element - {"using":"xpath","value":"//*[@id=\"application-managepartners-display-component---NewPartner--addressEditDetailsCostObjectCstType-arrow\"]"}
RESULT: {}
RESULT: {"using":"xpath","value":"//*[@id=\"application-managepartners-display-component---NewPartner--addressEditDetailsCostObjectCstType-arrow\"]"}
COMMAND: POST /session/3629965791c759c347fde942b576cda6/element/f.B75173DCAD9BAA5C444E47860DF35B72.d.AB712EFA84ABD6F32C18DF6FC8865CE0.e.1527/click - {}
RESULT: {}
COMMAND: POST /session/3629965791c759c347fde942b576cda6/element - {"using":"xpath","value":"//span[contains(text(), \"Cost Center\")]"}
COMMAND: GET /session/3629965791c759c347fde942b576cda6/screenshot - {}
RESULT: {"using":"xpath","value":"//span[contains(text(), \"Cost Center\")]"}
COMMAND: POST /session/3629965791c759c347fde942b576cda6/element/f.B75173DCAD9BAA5C444E47860DF35B72.d.AB712EFA84ABD6F32C18DF6FC8865CE0.e.1528/click - {}
RESULT: {}
RESULT: {}
COMMAND: GET /session/3629965791c759c347fde942b576cda6/screenshot - {}
RESULT: {}
COMMAND: POST /session/3629965791c759c347fde942b576cda6/element - {"using":"xpath","value":"//span[@id=\"application-managepartners-display-component---NewPartner--addressNewCostObjectCstID-vhi\"]"}
RESULT: {"using":"xpath","value":"//span[@id=\"application-managepartners-display-component---NewPartner--addressNewCostObjectCstID-vhi\"]"}
COMMAND: POST /session/3629965791c759c347fde942b576cda6/execute/sync - {"script":"<script> [8489 bytes]","args":[{"element-6066-11e4-a52e-4f735466cecf":"f.B75173DCAD9BAA5C444E47860DF35B72.d.AB712EFA84ABD6F32C18DF6FC8865CE0.e.1532","ELEMENT":"f.B75173DCAD9BAA5C444E47860DF35B72.d.AB712EFA84ABD6F32C18DF6FC8865CE0.e.1532"}]}
RESULT: {"script":"<script> [8489 bytes]","args":[{"element-6066-11e4-a52e-4f735466cecf":"f.B75173DCAD9BAA5C444E47860DF35B72.d.AB712EFA84ABD6F32C18DF6FC8865CE0.e.1532","ELEMENT":"f.B75173DCAD9BAA5C444E47860DF35B72.d.AB712EFA84ABD6F32C18DF6FC8865CE0.e.1532"}]}
COMMAND: POST /session/3629965791c759c347fde942b576cda6/execute/async - {"script":"<script> [1562 bytes]","args":[{"selector":{"id":"application-managepartners-display-component---NewPartner--addressNewCostObjectCstID-vhi"},"wdio_ui5_key":"applicationmanagepartners-display-component---NewPartner--addressNewCostObjectCstID-vhi"}]}
COMMAND: GET /session/3629965791c759c347fde942b576cda6/screenshot - {}
RESULT: {"script":"<script> [1562 bytes]","args":[{"selector":{"id":"application-managepartners-display-component---NewPartner--addressNewCostObjectCstID-vhi"},"wdio_ui5_key":"applicationmanagepartners-display-component---NewPartner--addressNewCostObjectCstID-vhi"}]}
RESULT: undefined
COMMAND: POST /session/3629965791c759c347fde942b576cda6/element - {"using":"xpath","value":"//*[@id=\"application-managepartners-display-component---NewPartner--addressNewCostObjectCstID-vhi\"]"}
RESULT: {}
RESULT: {"using":"xpath","value":"//*[@id=\"application-managepartners-display-component---NewPartner--addressNewCostObjectCstID-vhi\"]"}
COMMAND: POST /session/3629965791c759c347fde942b576cda6/element/f.B75173DCAD9BAA5C444E47860DF35B72.d.AB712EFA84ABD6F32C18DF6FC8865CE0.e.1532/click - {}
RESULT: {}
COMMAND: GET /session/3629965791c759c347fde942b576cda6/screenshot - {}
RESULT: {}
RESULT: undefined
COMMAND: POST /session/3629965791c759c347fde942b576cda6/execute/async - {"script":"<script> [776 bytes]","args":[{"enterText":"10001013","selector":{"controlType":"sap.m.SearchField","properties":{"placeholder":"Search"},"searchOpenDialogs":true,"interaction":{"idSuffix":"I"}},"clearTextFirst":true,"interactionType":"ENTER_TEXT"}]}
RESULT: {"script":"<script> [776 bytes]","args":[{"enterText":"10001013","selector":{"controlType":"sap.m.SearchField","properties":{"placeholder":"Search"},"searchOpenDialogs":true,"interaction":{"idSuffix":"I"}},"clearTextFirst":true,"interactionType":"ENTER_TEXT"}]}
COMMAND: POST /session/3629965791c759c347fde942b576cda6/actions - {"actions":[{"id":"action2","type":"key","parameters":{},"actions":[{"type":"keyDown","value":"î€‡"},{"type":"pause","duration":10},{"type":"keyUp","value":"î€‡"}]}]}
RESULT: {"actions":[{"id":"action2","type":"key","parameters":{},"actions":[{"type":"keyDown","value":"î€‡"},{"type":"pause","duration":10},{"type":"keyUp","value":"î€‡"}]}]}
COMMAND: GET /session/3629965791c759c347fde942b576cda6/screenshot - {}
RESULT: {}
COMMAND: POST /session/3629965791c759c347fde942b576cda6/element - {"using":"xpath","value":"//span[contains(text(), \"General Management\")]"}
RESULT: {"using":"xpath","value":"//span[contains(text(), \"General Management\")]"}
COMMAND: POST /session/3629965791c759c347fde942b576cda6/element/f.B75173DCAD9BAA5C444E47860DF35B72.d.AB712EFA84ABD6F32C18DF6FC8865CE0.e.1572/click - {}
RESULT: {}
COMMAND: GET /session/3629965791c759c347fde942b576cda6/screenshot - {}
RESULT: {}
COMMAND: POST /session/3629965791c759c347fde942b576cda6/element - {"using":"xpath","value":"//bdi[contains(text(), \"OK\")]"}
RESULT: {"using":"xpath","value":"//bdi[contains(text(), \"OK\")]"}
COMMAND: POST /session/3629965791c759c347fde942b576cda6/element/f.B75173DCAD9BAA5C444E47860DF35B72.d.AB712EFA84ABD6F32C18DF6FC8865CE0.e.1573/click - {}
RESULT: {}
COMMAND: GET /session/3629965791c759c347fde942b576cda6/screenshot - {}
RESULT: {}
COMMAND: POST /session/3629965791c759c347fde942b576cda6/element - {"using":"xpath","value":"//input[@id=\"application-managepartners-display-component---NewPartner--companyCodeComboBox-inner\"]"}
RESULT: {"using":"xpath","value":"//input[@id=\"application-managepartners-display-component---NewPartner--companyCodeComboBox-inner\"]"}
COMMAND: POST /session/3629965791c759c347fde942b576cda6/element/f.B75173DCAD9BAA5C444E47860DF35B72.d.AB712EFA84ABD6F32C18DF6FC8865CE0.e.1376/clear - {}
RESULT: {}
COMMAND: POST /session/3629965791c759c347fde942b576cda6/element/f.B75173DCAD9BAA5C444E47860DF35B72.d.AB712EFA84ABD6F32C18DF6FC8865CE0.e.1376/value - {"text":"1000"}
COMMAND: GET /session/3629965791c759c347fde942b576cda6/screenshot - {}
RESULT: {"text":"1000"}
COMMAND: GET /session/3629965791c759c347fde942b576cda6/screenshot - {}
RESULT: {}
RESULT: {}
COMMAND: POST /session/3629965791c759c347fde942b576cda6/element - {"using":"xpath","value":"//li[.//span[text()= \"1000\"]]"}
RESULT: {"using":"xpath","value":"//li[.//span[text()= \"1000\"]]"}
COMMAND: POST /session/3629965791c759c347fde942b576cda6/element/f.B75173DCAD9BAA5C444E47860DF35B72.d.AB712EFA84ABD6F32C18DF6FC8865CE0.e.1579/click - {}
RESULT: {}
COMMAND: GET /session/3629965791c759c347fde942b576cda6/screenshot - {}
RESULT: {}
COMMAND: POST /session/3629965791c759c347fde942b576cda6/execute/async - {"script":"<script> [1562 bytes]","args":[{"selector":{"id":"application-managepartners-display-component---NewPartner--btnAddTableRow-img"},"wdio_ui5_key":"applicationmanagepartners-display-component---NewPartner--btnAddTableRow-img"}]}
RESULT: {"script":"<script> [1562 bytes]","args":[{"selector":{"id":"application-managepartners-display-component---NewPartner--btnAddTableRow-img"},"wdio_ui5_key":"applicationmanagepartners-display-component---NewPartner--btnAddTableRow-img"}]}
RESULT: undefined
COMMAND: POST /session/3629965791c759c347fde942b576cda6/element - {"using":"xpath","value":"//*[@id=\"application-managepartners-display-component---NewPartner--btnAddTableRow-img\"]"}
RESULT: {"using":"xpath","value":"//*[@id=\"application-managepartners-display-component---NewPartner--btnAddTableRow-img\"]"}
COMMAND: POST /session/3629965791c759c347fde942b576cda6/element/f.B75173DCAD9BAA5C444E47860DF35B72.d.AB712EFA84ABD6F32C18DF6FC8865CE0.e.1580/click - {}
RESULT: {}
COMMAND: GET /session/3629965791c759c347fde942b576cda6/screenshot - {}
COMMAND: POST /session/3629965791c759c347fde942b576cda6/element - {"using":"xpath","value":"//input[@id=\"application-managepartners-display-component---NewPartner--assignmentYard-application-managepartners-display-component---NewPartner--assignmentsTable-0-inner\"]"}
RESULT: {}
RESULT: {"using":"xpath","value":"//input[@id=\"application-managepartners-display-component---NewPartner--assignmentYard-application-managepartners-display-component---NewPartner--assignmentsTable-0-inner\"]"}
COMMAND: POST /session/3629965791c759c347fde942b576cda6/element/f.B75173DCAD9BAA5C444E47860DF35B72.d.AB712EFA84ABD6F32C18DF6FC8865CE0.e.1583/clear - {}
RESULT: {}
COMMAND: POST /session/3629965791c759c347fde942b576cda6/element/f.B75173DCAD9BAA5C444E47860DF35B72.d.AB712EFA84ABD6F32C18DF6FC8865CE0.e.1583/value - {"text":"497"}
COMMAND: GET /session/3629965791c759c347fde942b576cda6/screenshot - {}
RESULT: {"text":"497"}
COMMAND: GET /session/3629965791c759c347fde942b576cda6/screenshot - {}
RESULT: {}
RESULT: {}
COMMAND: POST /session/3629965791c759c347fde942b576cda6/element - {"using":"xpath","value":"//li[.//span[text()='497']]"}
RESULT: {"using":"xpath","value":"//li[.//span[text()='497']]"}
COMMAND: POST /session/3629965791c759c347fde942b576cda6/element/f.B75173DCAD9BAA5C444E47860DF35B72.d.AB712EFA84ABD6F32C18DF6FC8865CE0.e.1591/click - {}
RESULT: {}
COMMAND: GET /session/3629965791c759c347fde942b576cda6/screenshot - {}
RESULT: {}
COMMAND: POST /session/3629965791c759c347fde942b576cda6/actions - {"actions":[{"id":"action3","type":"key","parameters":{},"actions":[{"type":"keyDown","value":"î€‡"},{"type":"pause","duration":10},{"type":"keyUp","value":"î€‡"}]}]}
RESULT: {"actions":[{"id":"action3","type":"key","parameters":{},"actions":[{"type":"keyDown","value":"î€‡"},{"type":"pause","duration":10},{"type":"keyUp","value":"î€‡"}]}]}
COMMAND: POST /session/3629965791c759c347fde942b576cda6/execute/async - {"script":"<script> [1562 bytes]","args":[{"selector":{"id":"application-managepartners-display-component---NewPartner--externalCustomerComboBox-application-managepartners-display-component---NewPartner--assignmentsTable-0-vhi"},"wdio_ui5_key":"applicationmanagepartners-display-component---NewPartner--externalCustomerComboBox-application-managepartners-display-component---NewPartner--assignmentsTable-0-vhi"}]}
COMMAND: GET /session/3629965791c759c347fde942b576cda6/screenshot - {}
RESULT: {"script":"<script> [1562 bytes]","args":[{"selector":{"id":"application-managepartners-display-component---NewPartner--externalCustomerComboBox-application-managepartners-display-component---NewPartner--assignmentsTable-0-vhi"},"wdio_ui5_key":"applicationmanagepartners-display-component---NewPartner--externalCustomerComboBox-application-managepartners-display-component---NewPartner--assignmentsTable-0-vhi"}]}
RESULT: undefined
COMMAND: POST /session/3629965791c759c347fde942b576cda6/element - {"using":"xpath","value":"//*[@id=\"application-managepartners-display-component---NewPartner--externalCustomerComboBox-application-managepartners-display-component---NewPartner--assignmentsTable-0-vhi\"]"}
RESULT: {}
RESULT: {"using":"xpath","value":"//*[@id=\"application-managepartners-display-component---NewPartner--externalCustomerComboBox-application-managepartners-display-component---NewPartner--assignmentsTable-0-vhi\"]"}
COMMAND: POST /session/3629965791c759c347fde942b576cda6/element/f.B75173DCAD9BAA5C444E47860DF35B72.d.AB712EFA84ABD6F32C18DF6FC8865CE0.e.1595/click - {}
RESULT: {}
RESULT: undefined
COMMAND: POST /session/3629965791c759c347fde942b576cda6/execute/async - {"script":"<script> [776 bytes]","args":[{"enterText":"300003","selector":{"controlType":"sap.m.SearchField","properties":{"placeholder":"Search"},"searchOpenDialogs":true,"interaction":{"idSuffix":"I"}},"clearTextFirst":true,"interactionType":"ENTER_TEXT"}]}
COMMAND: GET /session/3629965791c759c347fde942b576cda6/screenshot - {}
RESULT: {"script":"<script> [776 bytes]","args":[{"enterText":"300003","selector":{"controlType":"sap.m.SearchField","properties":{"placeholder":"Search"},"searchOpenDialogs":true,"interaction":{"idSuffix":"I"}},"clearTextFirst":true,"interactionType":"ENTER_TEXT"}]}
COMMAND: POST /session/3629965791c759c347fde942b576cda6/actions - {"actions":[{"id":"action4","type":"key","parameters":{},"actions":[{"type":"keyDown","value":"î€‡"},{"type":"pause","duration":10},{"type":"keyUp","value":"î€‡"}]}]}
RESULT: {}
RESULT: {"actions":[{"id":"action4","type":"key","parameters":{},"actions":[{"type":"keyDown","value":"î€‡"},{"type":"pause","duration":10},{"type":"keyUp","value":"î€‡"}]}]}
COMMAND: GET /session/3629965791c759c347fde942b576cda6/screenshot - {}
RESULT: {}
COMMAND: POST /session/3629965791c759c347fde942b576cda6/element - {"using":"xpath","value":"//span[contains(text(), \"300003\")]"}
RESULT: {"using":"xpath","value":"//span[contains(text(), \"300003\")]"}
COMMAND: POST /session/3629965791c759c347fde942b576cda6/element/f.B75173DCAD9BAA5C444E47860DF35B72.d.AB712EFA84ABD6F32C18DF6FC8865CE0.e.1613/click - {}
RESULT: {}
COMMAND: GET /session/3629965791c759c347fde942b576cda6/screenshot - {}
RESULT: {}
COMMAND: POST /session/3629965791c759c347fde942b576cda6/element - {"using":"xpath","value":"//bdi[contains(text(), \"OK\")]"}
RESULT: {"using":"xpath","value":"//bdi[contains(text(), \"OK\")]"}
COMMAND: POST /session/3629965791c759c347fde942b576cda6/element/f.B75173DCAD9BAA5C444E47860DF35B72.d.AB712EFA84ABD6F32C18DF6FC8865CE0.e.1615/click - {}
RESULT: {}
COMMAND: GET /session/3629965791c759c347fde942b576cda6/screenshot - {}
RESULT: {}
COMMAND: POST /session/3629965791c759c347fde942b576cda6/execute/async - {"script":"<script> [1562 bytes]","args":[{"selector":{"id":"application-managepartners-display-component---NewPartner--intercompVendorComboBox-application-managepartners-display-component---NewPartner--assignmentsTable-0-vhi"},"wdio_ui5_key":"applicationmanagepartners-display-component---NewPartner--intercompVendorComboBox-application-managepartners-display-component---NewPartner--assignmentsTable-0-vhi"}]}
RESULT: {"script":"<script> [1562 bytes]","args":[{"selector":{"id":"application-managepartners-display-component---NewPartner--intercompVendorComboBox-application-managepartners-display-component---NewPartner--assignmentsTable-0-vhi"},"wdio_ui5_key":"applicationmanagepartners-display-component---NewPartner--intercompVendorComboBox-application-managepartners-display-component---NewPartner--assignmentsTable-0-vhi"}]}
RESULT: undefined
COMMAND: POST /session/3629965791c759c347fde942b576cda6/element - {"using":"xpath","value":"//*[@id=\"application-managepartners-display-component---NewPartner--intercompVendorComboBox-application-managepartners-display-component---NewPartner--assignmentsTable-0-vhi\"]"}
RESULT: {"using":"xpath","value":"//*[@id=\"application-managepartners-display-component---NewPartner--intercompVendorComboBox-application-managepartners-display-component---NewPartner--assignmentsTable-0-vhi\"]"}
COMMAND: POST /session/3629965791c759c347fde942b576cda6/element/f.B75173DCAD9BAA5C444E47860DF35B72.d.AB712EFA84ABD6F32C18DF6FC8865CE0.e.1618/click - {}
RESULT: {}
RESULT: undefined
COMMAND: POST /session/3629965791c759c347fde942b576cda6/execute/async - {"script":"<script> [776 bytes]","args":[{"enterText":"100005","selector":{"controlType":"sap.m.SearchField","properties":{"placeholder":"Search"},"searchOpenDialogs":true,"interaction":{"idSuffix":"I"}},"clearTextFirst":true,"interactionType":"ENTER_TEXT"}]}
COMMAND: GET /session/3629965791c759c347fde942b576cda6/screenshot - {}
RESULT: {"script":"<script> [776 bytes]","args":[{"enterText":"100005","selector":{"controlType":"sap.m.SearchField","properties":{"placeholder":"Search"},"searchOpenDialogs":true,"interaction":{"idSuffix":"I"}},"clearTextFirst":true,"interactionType":"ENTER_TEXT"}]}
COMMAND: POST /session/3629965791c759c347fde942b576cda6/actions - {"actions":[{"id":"action5","type":"key","parameters":{},"actions":[{"type":"keyDown","value":"î€‡"},{"type":"pause","duration":10},{"type":"keyUp","value":"î€‡"}]}]}
RESULT: {}
RESULT: {"actions":[{"id":"action5","type":"key","parameters":{},"actions":[{"type":"keyDown","value":"î€‡"},{"type":"pause","duration":10},{"type":"keyUp","value":"î€‡"}]}]}
COMMAND: GET /session/3629965791c759c347fde942b576cda6/screenshot - {}
RESULT: {}
COMMAND: POST /session/3629965791c759c347fde942b576cda6/element - {"using":"xpath","value":"//span[contains(text(), \"Penguins - Field/12345 Berlin\")]"}
RESULT: {"using":"xpath","value":"//span[contains(text(), \"Penguins - Field/12345 Berlin\")]"}
COMMAND: POST /session/3629965791c759c347fde942b576cda6/element/f.B75173DCAD9BAA5C444E47860DF35B72.d.AB712EFA84ABD6F32C18DF6FC8865CE0.e.1636/click - {}
RESULT: {}
COMMAND: GET /session/3629965791c759c347fde942b576cda6/screenshot - {}
RESULT: {}
COMMAND: POST /session/3629965791c759c347fde942b576cda6/element - {"using":"xpath","value":"//bdi[contains(text(), \"OK\")]"}
RESULT: {"using":"xpath","value":"//bdi[contains(text(), \"OK\")]"}
COMMAND: POST /session/3629965791c759c347fde942b576cda6/element/f.B75173DCAD9BAA5C444E47860DF35B72.d.AB712EFA84ABD6F32C18DF6FC8865CE0.e.1637/click - {}
RESULT: {}
COMMAND: GET /session/3629965791c759c347fde942b576cda6/screenshot - {}
RESULT: {}
COMMAND: POST /session/3629965791c759c347fde942b576cda6/element - {"using":"xpath","value":"//button[@data-kt=\"saveButton\"]"}
RESULT: {"using":"xpath","value":"//button[@data-kt=\"saveButton\"]"}
COMMAND: POST /session/3629965791c759c347fde942b576cda6/element/f.B75173DCAD9BAA5C444E47860DF35B72.d.AB712EFA84ABD6F32C18DF6FC8865CE0.e.1431/click - {}
RESULT: {}
COMMAND: GET /session/3629965791c759c347fde942b576cda6/screenshot - {}
RESULT: {}
COMMAND: POST /session/3629965791c759c347fde942b576cda6/element - {"using":"xpath","value":"//header[contains(@id, 'ObjectPageLayout-headerTitle')]/div[1]/div[2]/div[2]/span[1]"}
RESULT: {"using":"xpath","value":"//header[contains(@id, 'ObjectPageLayout-headerTitle')]/div[1]/div[2]/div[2]/span[1]"}
COMMAND: POST /session/3629965791c759c347fde942b576cda6/elements - {"using":"xpath","value":"//header[contains(@id, 'ObjectPageLayout-headerTitle')]/div[1]/div[2]/div[2]/span[1]"}
RESULT: {"using":"xpath","value":"//header[contains(@id, 'ObjectPageLayout-headerTitle')]/div[1]/div[2]/div[2]/span[1]"}
COMMAND: POST /session/3629965791c759c347fde942b576cda6/execute/sync - {"script":"<script> [56 bytes]","args":[{"element-6066-11e4-a52e-4f735466cecf":"f.B75173DCAD9BAA5C444E47860DF35B72.d.AB712EFA84ABD6F32C18DF6FC8865CE0.e.1800","ELEMENT":"f.B75173DCAD9BAA5C444E47860DF35B72.d.AB712EFA84ABD6F32C18DF6FC8865CE0.e.1800"}]}
RESULT: {"script":"<script> [56 bytes]","args":[{"element-6066-11e4-a52e-4f735466cecf":"f.B75173DCAD9BAA5C444E47860DF35B72.d.AB712EFA84ABD6F32C18DF6FC8865CE0.e.1800","ELEMENT":"f.B75173DCAD9BAA5C444E47860DF35B72.d.AB712EFA84ABD6F32C18DF6FC8865CE0.e.1800"}]}
COMMAND: POST /session/3629965791c759c347fde942b576cda6/element - {"using":"css selector","value":"#shell-header-logo"}
RESULT: {"using":"css selector","value":"#shell-header-logo"}
COMMAND: POST /session/3629965791c759c347fde942b576cda6/element/f.B75173DCAD9BAA5C444E47860DF35B72.d.AB712EFA84ABD6F32C18DF6FC8865CE0.e.1016/click - {}
COMMAND: GET /session/3629965791c759c347fde942b576cda6/screenshot - {}
RESULT: {}
COMMAND: GET /session/3629965791c759c347fde942b576cda6/screenshot - {}
RESULT: {}
RESULT: {}
COMMAND: POST /session/3629965791c759c347fde942b576cda6/execute/sync - {"script":"<script> [299 bytes]","args":[["getModel","getResource"]]}
RESULT: {"script":"<script> [299 bytes]","args":[["getModel","getResource"]]}
COMMAND: GET /session/3629965791c759c347fde942b576cda6/screenshot - {}
]]></system-out>
    </testcase>
    <testcase classname="chrome.136_0_7103_93.windows.Prerequisites_&amp;_test_for_yard_mass_return_on_Yard_Overview_US131057" name="Prereq Should create a new site" time="115.727">
      <system-out><![CDATA[
COMMAND: POST /session/3629965791c759c347fde942b576cda6/execute/async - {"script":"<script> [1562 bytes]","args":[{"selector":{"controlType":"sap.m.GenericTile","properties":{"header":"Manage Sites"}},"wdio_ui5_key":"sapm.GenericTile{\"header\":\"Manage Sites\"}"}]}
RESULT: {}
RESULT: {"script":"<script> [1562 bytes]","args":[{"selector":{"controlType":"sap.m.GenericTile","properties":{"header":"Manage Sites"}},"wdio_ui5_key":"sapm.GenericTile{\"header\":\"Manage Sites\"}"}]}
RESULT: undefined
COMMAND: POST /session/3629965791c759c347fde942b576cda6/element - {"using":"xpath","value":"//*[@id=\"__tile40\"]"}
RESULT: {"using":"xpath","value":"//*[@id=\"__tile40\"]"}
COMMAND: POST /session/3629965791c759c347fde942b576cda6/element/f.B75173DCAD9BAA5C444E47860DF35B72.d.AB712EFA84ABD6F32C18DF6FC8865CE0.e.171/click - {}
RESULT: {}
COMMAND: GET /session/3629965791c759c347fde942b576cda6/screenshot - {}
RESULT: {}
COMMAND: POST /session/3629965791c759c347fde942b576cda6/elements - {"using":"xpath","value":"//span[text()='Error']"}
RESULT: {"using":"xpath","value":"//span[text()='Error']"}
COMMAND: POST /session/3629965791c759c347fde942b576cda6/element - {"using":"xpath","value":"//button[@data-kt=\"addOverflowToolbarButton\"]"}
RESULT: {"using":"xpath","value":"//button[@data-kt=\"addOverflowToolbarButton\"]"}
COMMAND: POST /session/3629965791c759c347fde942b576cda6/elements - {"using":"xpath","value":"//button[@data-kt=\"addOverflowToolbarButton\"]"}
RESULT: {"using":"xpath","value":"//button[@data-kt=\"addOverflowToolbarButton\"]"}
COMMAND: POST /session/3629965791c759c347fde942b576cda6/execute/sync - {"script":"<script> [8489 bytes]","args":[{"element-6066-11e4-a52e-4f735466cecf":"f.B75173DCAD9BAA5C444E47860DF35B72.d.AB712EFA84ABD6F32C18DF6FC8865CE0.e.1849","ELEMENT":"f.B75173DCAD9BAA5C444E47860DF35B72.d.AB712EFA84ABD6F32C18DF6FC8865CE0.e.1849"}]}
RESULT: {"script":"<script> [8489 bytes]","args":[{"element-6066-11e4-a52e-4f735466cecf":"f.B75173DCAD9BAA5C444E47860DF35B72.d.AB712EFA84ABD6F32C18DF6FC8865CE0.e.1849","ELEMENT":"f.B75173DCAD9BAA5C444E47860DF35B72.d.AB712EFA84ABD6F32C18DF6FC8865CE0.e.1849"}]}
COMMAND: GET /session/3629965791c759c347fde942b576cda6/element/f.B75173DCAD9BAA5C444E47860DF35B72.d.AB712EFA84ABD6F32C18DF6FC8865CE0.e.1849/enabled - {}
COMMAND: GET /session/3629965791c759c347fde942b576cda6/screenshot - {}
RESULT: {}
COMMAND: POST /session/3629965791c759c347fde942b576cda6/execute/sync - {"script":"<script> [8489 bytes]","args":[{"element-6066-11e4-a52e-4f735466cecf":"f.B75173DCAD9BAA5C444E47860DF35B72.d.AB712EFA84ABD6F32C18DF6FC8865CE0.e.1849","ELEMENT":"f.B75173DCAD9BAA5C444E47860DF35B72.d.AB712EFA84ABD6F32C18DF6FC8865CE0.e.1849"}]}
COMMAND: GET /session/3629965791c759c347fde942b576cda6/screenshot - {}
RESULT: {}
RESULT: {"script":"<script> [8489 bytes]","args":[{"element-6066-11e4-a52e-4f735466cecf":"f.B75173DCAD9BAA5C444E47860DF35B72.d.AB712EFA84ABD6F32C18DF6FC8865CE0.e.1849","ELEMENT":"f.B75173DCAD9BAA5C444E47860DF35B72.d.AB712EFA84ABD6F32C18DF6FC8865CE0.e.1849"}]}
COMMAND: POST /session/3629965791c759c347fde942b576cda6/execute/sync - {"script":"<script> [5351 bytes]","args":[{"element-6066-11e4-a52e-4f735466cecf":"f.B75173DCAD9BAA5C444E47860DF35B72.d.AB712EFA84ABD6F32C18DF6FC8865CE0.e.1849","ELEMENT":"f.B75173DCAD9BAA5C444E47860DF35B72.d.AB712EFA84ABD6F32C18DF6FC8865CE0.e.1849"}]}
COMMAND: GET /session/3629965791c759c347fde942b576cda6/screenshot - {}
RESULT: {}
RESULT: {"script":"<script> [5351 bytes]","args":[{"element-6066-11e4-a52e-4f735466cecf":"f.B75173DCAD9BAA5C444E47860DF35B72.d.AB712EFA84ABD6F32C18DF6FC8865CE0.e.1849","ELEMENT":"f.B75173DCAD9BAA5C444E47860DF35B72.d.AB712EFA84ABD6F32C18DF6FC8865CE0.e.1849"}]}
COMMAND: POST /session/3629965791c759c347fde942b576cda6/element/f.B75173DCAD9BAA5C444E47860DF35B72.d.AB712EFA84ABD6F32C18DF6FC8865CE0.e.1849/click - {}
COMMAND: GET /session/3629965791c759c347fde942b576cda6/screenshot - {}
RESULT: {}
RESULT: {}
COMMAND: GET /session/3629965791c759c347fde942b576cda6/screenshot - {}
COMMAND: POST /session/3629965791c759c347fde942b576cda6/element - {"using":"xpath","value":"//input[@id=\"application-managesites-display-component---NewSite--siteId-inner\"]"}
RESULT: {}
RESULT: {}
RESULT: {"using":"xpath","value":"//input[@id=\"application-managesites-display-component---NewSite--siteId-inner\"]"}
COMMAND: POST /session/3629965791c759c347fde942b576cda6/element - {"using":"xpath","value":"//input[@id=\"application-managesites-display-component---NewSite--siteId-inner\"]"}
RESULT: {"using":"xpath","value":"//input[@id=\"application-managesites-display-component---NewSite--siteId-inner\"]"}
COMMAND: POST /session/3629965791c759c347fde942b576cda6/execute/async - {"script":"<script> [1562 bytes]","args":[{"selector":{"id":"application-managesites-display-component---NewSite--addressDetailDetailsName1","interaction":{"idSuffix":"inner"}},"wdio_ui5_key":"applicationmanagesites-display-component---NewSite--addressDetailDetailsName1"}]}
RESULT: {"script":"<script> [1562 bytes]","args":[{"selector":{"id":"application-managesites-display-component---NewSite--addressDetailDetailsName1","interaction":{"idSuffix":"inner"}},"wdio_ui5_key":"applicationmanagesites-display-component---NewSite--addressDetailDetailsName1"}]}
RESULT: undefined
COMMAND: POST /session/3629965791c759c347fde942b576cda6/execute/async - {"script":"<script> [776 bytes]","args":[{"enterText":"Intracompany Site wdIO","selector":{"id":"application-managesites-display-component---NewSite--addressDetailDetailsName1","interaction":{"idSuffix":"inner"}},"clearTextFirst":true,"interactionType":"ENTER_TEXT"}]}
RESULT: {"script":"<script> [776 bytes]","args":[{"enterText":"Intracompany Site wdIO","selector":{"id":"application-managesites-display-component---NewSite--addressDetailDetailsName1","interaction":{"idSuffix":"inner"}},"clearTextFirst":true,"interactionType":"ENTER_TEXT"}]}
COMMAND: POST /session/3629965791c759c347fde942b576cda6/execute/async - {"script":"<script> [1562 bytes]","args":[{"selector":{"id":"application-managesites-display-component---NewSite--addressDetailDetailsLanguage-arrow"},"wdio_ui5_key":"applicationmanagesites-display-component---NewSite--addressDetailDetailsLanguage-arrow"}]}
RESULT: {"script":"<script> [1562 bytes]","args":[{"selector":{"id":"application-managesites-display-component---NewSite--addressDetailDetailsLanguage-arrow"},"wdio_ui5_key":"applicationmanagesites-display-component---NewSite--addressDetailDetailsLanguage-arrow"}]}
RESULT: undefined
COMMAND: POST /session/3629965791c759c347fde942b576cda6/element - {"using":"xpath","value":"//*[@id=\"application-managesites-display-component---NewSite--addressDetailDetailsLanguage-arrow\"]"}
RESULT: {"using":"xpath","value":"//*[@id=\"application-managesites-display-component---NewSite--addressDetailDetailsLanguage-arrow\"]"}
COMMAND: POST /session/3629965791c759c347fde942b576cda6/element/f.B75173DCAD9BAA5C444E47860DF35B72.d.AB712EFA84ABD6F32C18DF6FC8865CE0.e.2250/click - {}
RESULT: {}
COMMAND: POST /session/3629965791c759c347fde942b576cda6/element - {"using":"xpath","value":"//span[contains(text(), \"English\")]"}
COMMAND: GET /session/3629965791c759c347fde942b576cda6/screenshot - {}
RESULT: {"using":"xpath","value":"//span[contains(text(), \"English\")]"}
COMMAND: POST /session/3629965791c759c347fde942b576cda6/element/f.B75173DCAD9BAA5C444E47860DF35B72.d.AB712EFA84ABD6F32C18DF6FC8865CE0.e.2251/click - {}
RESULT: {}
RESULT: {}
COMMAND: POST /session/3629965791c759c347fde942b576cda6/execute/async - {"script":"<script> [1562 bytes]","args":[{"selector":{"id":"application-managesites-display-component---NewSite--addressDetailDetailsCity1","interaction":{"idSuffix":"inner"}},"wdio_ui5_key":"applicationmanagesites-display-component---NewSite--addressDetailDetailsCity1"}]}
COMMAND: GET /session/3629965791c759c347fde942b576cda6/screenshot - {}
RESULT: {}
RESULT: {"script":"<script> [1562 bytes]","args":[{"selector":{"id":"application-managesites-display-component---NewSite--addressDetailDetailsCity1","interaction":{"idSuffix":"inner"}},"wdio_ui5_key":"applicationmanagesites-display-component---NewSite--addressDetailDetailsCity1"}]}
RESULT: undefined
COMMAND: POST /session/3629965791c759c347fde942b576cda6/execute/async - {"script":"<script> [776 bytes]","args":[{"enterText":"Rosario","selector":{"id":"application-managesites-display-component---NewSite--addressDetailDetailsCity1","interaction":{"idSuffix":"inner"}},"clearTextFirst":true,"interactionType":"ENTER_TEXT"}]}
RESULT: {"script":"<script> [776 bytes]","args":[{"enterText":"Rosario","selector":{"id":"application-managesites-display-component---NewSite--addressDetailDetailsCity1","interaction":{"idSuffix":"inner"}},"clearTextFirst":true,"interactionType":"ENTER_TEXT"}]}
COMMAND: POST /session/3629965791c759c347fde942b576cda6/execute/async - {"script":"<script> [1562 bytes]","args":[{"selector":{"id":"application-managesites-display-component---NewSite--addressDetailDetailsCountry-arrow"},"wdio_ui5_key":"applicationmanagesites-display-component---NewSite--addressDetailDetailsCountry-arrow"}]}
RESULT: {"script":"<script> [1562 bytes]","args":[{"selector":{"id":"application-managesites-display-component---NewSite--addressDetailDetailsCountry-arrow"},"wdio_ui5_key":"applicationmanagesites-display-component---NewSite--addressDetailDetailsCountry-arrow"}]}
RESULT: undefined
COMMAND: POST /session/3629965791c759c347fde942b576cda6/element - {"using":"xpath","value":"//*[@id=\"application-managesites-display-component---NewSite--addressDetailDetailsCountry-arrow\"]"}
RESULT: {"using":"xpath","value":"//*[@id=\"application-managesites-display-component---NewSite--addressDetailDetailsCountry-arrow\"]"}
COMMAND: POST /session/3629965791c759c347fde942b576cda6/element/f.B75173DCAD9BAA5C444E47860DF35B72.d.AB712EFA84ABD6F32C18DF6FC8865CE0.e.2253/click - {}
RESULT: {}
COMMAND: POST /session/3629965791c759c347fde942b576cda6/element - {"using":"xpath","value":"//span[contains(text(), \"Argentina\")]"}
COMMAND: GET /session/3629965791c759c347fde942b576cda6/screenshot - {}
RESULT: {"using":"xpath","value":"//span[contains(text(), \"Argentina\")]"}
COMMAND: POST /session/3629965791c759c347fde942b576cda6/element/f.B75173DCAD9BAA5C444E47860DF35B72.d.AB712EFA84ABD6F32C18DF6FC8865CE0.e.2255/click - {}
RESULT: {}
RESULT: {}
COMMAND: GET /session/3629965791c759c347fde942b576cda6/screenshot - {}
RESULT: {}
COMMAND: POST /session/3629965791c759c347fde942b576cda6/execute/async - {"script":"<script> [1562 bytes]","args":[{"selector":{"id":"application-managesites-display-component---NewSite--addressEditDetailsCostObjectCstType-arrow"},"wdio_ui5_key":"applicationmanagesites-display-component---NewSite--addressEditDetailsCostObjectCstType-arrow"}]}
RESULT: {"script":"<script> [1562 bytes]","args":[{"selector":{"id":"application-managesites-display-component---NewSite--addressEditDetailsCostObjectCstType-arrow"},"wdio_ui5_key":"applicationmanagesites-display-component---NewSite--addressEditDetailsCostObjectCstType-arrow"}]}
RESULT: undefined
COMMAND: POST /session/3629965791c759c347fde942b576cda6/element - {"using":"xpath","value":"//*[@id=\"application-managesites-display-component---NewSite--addressEditDetailsCostObjectCstType-arrow\"]"}
RESULT: {"using":"xpath","value":"//*[@id=\"application-managesites-display-component---NewSite--addressEditDetailsCostObjectCstType-arrow\"]"}
COMMAND: POST /session/3629965791c759c347fde942b576cda6/element/f.B75173DCAD9BAA5C444E47860DF35B72.d.AB712EFA84ABD6F32C18DF6FC8865CE0.e.2256/click - {}
RESULT: {}
COMMAND: POST /session/3629965791c759c347fde942b576cda6/element - {"using":"xpath","value":"//span[contains(text(), \"Cost Center\")]"}
COMMAND: GET /session/3629965791c759c347fde942b576cda6/screenshot - {}
RESULT: {"using":"xpath","value":"//span[contains(text(), \"Cost Center\")]"}
COMMAND: POST /session/3629965791c759c347fde942b576cda6/element/f.B75173DCAD9BAA5C444E47860DF35B72.d.AB712EFA84ABD6F32C18DF6FC8865CE0.e.2257/click - {}
RESULT: {}
RESULT: {}
COMMAND: GET /session/3629965791c759c347fde942b576cda6/screenshot - {}
RESULT: {}
COMMAND: POST /session/3629965791c759c347fde942b576cda6/element - {"using":"xpath","value":"//span[@id=\"application-managesites-display-component---NewSite--addressNewCostObjectCstID-vhi\"]"}
RESULT: {"using":"xpath","value":"//span[@id=\"application-managesites-display-component---NewSite--addressNewCostObjectCstID-vhi\"]"}
COMMAND: POST /session/3629965791c759c347fde942b576cda6/execute/sync - {"script":"<script> [8489 bytes]","args":[{"element-6066-11e4-a52e-4f735466cecf":"f.B75173DCAD9BAA5C444E47860DF35B72.d.AB712EFA84ABD6F32C18DF6FC8865CE0.e.2262","ELEMENT":"f.B75173DCAD9BAA5C444E47860DF35B72.d.AB712EFA84ABD6F32C18DF6FC8865CE0.e.2262"}]}
RESULT: {"script":"<script> [8489 bytes]","args":[{"element-6066-11e4-a52e-4f735466cecf":"f.B75173DCAD9BAA5C444E47860DF35B72.d.AB712EFA84ABD6F32C18DF6FC8865CE0.e.2262","ELEMENT":"f.B75173DCAD9BAA5C444E47860DF35B72.d.AB712EFA84ABD6F32C18DF6FC8865CE0.e.2262"}]}
COMMAND: POST /session/3629965791c759c347fde942b576cda6/execute/async - {"script":"<script> [1562 bytes]","args":[{"selector":{"id":"application-managesites-display-component---NewSite--addressNewCostObjectCstID-vhi"},"wdio_ui5_key":"applicationmanagesites-display-component---NewSite--addressNewCostObjectCstID-vhi"}]}
COMMAND: GET /session/3629965791c759c347fde942b576cda6/screenshot - {}
RESULT: {"script":"<script> [1562 bytes]","args":[{"selector":{"id":"application-managesites-display-component---NewSite--addressNewCostObjectCstID-vhi"},"wdio_ui5_key":"applicationmanagesites-display-component---NewSite--addressNewCostObjectCstID-vhi"}]}
RESULT: undefined
COMMAND: POST /session/3629965791c759c347fde942b576cda6/element - {"using":"xpath","value":"//*[@id=\"application-managesites-display-component---NewSite--addressNewCostObjectCstID-vhi\"]"}
RESULT: {}
RESULT: {"using":"xpath","value":"//*[@id=\"application-managesites-display-component---NewSite--addressNewCostObjectCstID-vhi\"]"}
COMMAND: POST /session/3629965791c759c347fde942b576cda6/element/f.B75173DCAD9BAA5C444E47860DF35B72.d.AB712EFA84ABD6F32C18DF6FC8865CE0.e.2262/click - {}
RESULT: {}
COMMAND: GET /session/3629965791c759c347fde942b576cda6/screenshot - {}
RESULT: {}
RESULT: undefined
COMMAND: POST /session/3629965791c759c347fde942b576cda6/execute/async - {"script":"<script> [776 bytes]","args":[{"enterText":"10001013","selector":{"controlType":"sap.m.SearchField","properties":{"placeholder":"Search"},"searchOpenDialogs":true,"interaction":{"idSuffix":"I"}},"clearTextFirst":true,"interactionType":"ENTER_TEXT"}]}
RESULT: {"script":"<script> [776 bytes]","args":[{"enterText":"10001013","selector":{"controlType":"sap.m.SearchField","properties":{"placeholder":"Search"},"searchOpenDialogs":true,"interaction":{"idSuffix":"I"}},"clearTextFirst":true,"interactionType":"ENTER_TEXT"}]}
COMMAND: POST /session/3629965791c759c347fde942b576cda6/actions - {"actions":[{"id":"action6","type":"key","parameters":{},"actions":[{"type":"keyDown","value":"î€‡"},{"type":"pause","duration":10},{"type":"keyUp","value":"î€‡"}]}]}
RESULT: {"actions":[{"id":"action6","type":"key","parameters":{},"actions":[{"type":"keyDown","value":"î€‡"},{"type":"pause","duration":10},{"type":"keyUp","value":"î€‡"}]}]}
COMMAND: GET /session/3629965791c759c347fde942b576cda6/screenshot - {}
RESULT: {}
COMMAND: POST /session/3629965791c759c347fde942b576cda6/element - {"using":"xpath","value":"//span[contains(text(), \"General Management\")]"}
RESULT: {"using":"xpath","value":"//span[contains(text(), \"General Management\")]"}
COMMAND: POST /session/3629965791c759c347fde942b576cda6/element/f.B75173DCAD9BAA5C444E47860DF35B72.d.AB712EFA84ABD6F32C18DF6FC8865CE0.e.2301/click - {}
RESULT: {}
COMMAND: GET /session/3629965791c759c347fde942b576cda6/screenshot - {}
RESULT: {}
COMMAND: POST /session/3629965791c759c347fde942b576cda6/element - {"using":"xpath","value":"//bdi[contains(text(), \"OK\")]"}
RESULT: {"using":"xpath","value":"//bdi[contains(text(), \"OK\")]"}
COMMAND: POST /session/3629965791c759c347fde942b576cda6/element/f.B75173DCAD9BAA5C444E47860DF35B72.d.AB712EFA84ABD6F32C18DF6FC8865CE0.e.2302/click - {}
RESULT: {}
COMMAND: GET /session/3629965791c759c347fde942b576cda6/screenshot - {}
RESULT: {}
COMMAND: POST /session/3629965791c759c347fde942b576cda6/element - {"using":"xpath","value":"//input[@id=\"application-managesites-display-component---NewSite--addressDetailDetailsCalendar-inner\"]"}
RESULT: {"using":"xpath","value":"//input[@id=\"application-managesites-display-component---NewSite--addressDetailDetailsCalendar-inner\"]"}
COMMAND: POST /session/3629965791c759c347fde942b576cda6/element/f.B75173DCAD9BAA5C444E47860DF35B72.d.AB712EFA84ABD6F32C18DF6FC8865CE0.e.2048/clear - {}
RESULT: {}
COMMAND: POST /session/3629965791c759c347fde942b576cda6/element/f.B75173DCAD9BAA5C444E47860DF35B72.d.AB712EFA84ABD6F32C18DF6FC8865CE0.e.2048/value - {"text":"Unit"}
COMMAND: GET /session/3629965791c759c347fde942b576cda6/screenshot - {}
RESULT: {"text":"Unit"}
COMMAND: GET /session/3629965791c759c347fde942b576cda6/screenshot - {}
RESULT: {}
RESULT: {}
COMMAND: POST /session/3629965791c759c347fde942b576cda6/actions - {"actions":[{"id":"action7","type":"key","parameters":{},"actions":[{"type":"keyDown","value":"î€‡"},{"type":"pause","duration":10},{"type":"keyUp","value":"î€‡"}]}]}
RESULT: {"actions":[{"id":"action7","type":"key","parameters":{},"actions":[{"type":"keyDown","value":"î€‡"},{"type":"pause","duration":10},{"type":"keyUp","value":"î€‡"}]}]}
COMMAND: POST /session/3629965791c759c347fde942b576cda6/element - {"using":"xpath","value":"//input[@id=\"application-managesites-display-component---NewSite--addressDetailDetailsYard-inner\"]"}
COMMAND: GET /session/3629965791c759c347fde942b576cda6/screenshot - {}
RESULT: {"using":"xpath","value":"//input[@id=\"application-managesites-display-component---NewSite--addressDetailDetailsYard-inner\"]"}
COMMAND: POST /session/3629965791c759c347fde942b576cda6/element/f.B75173DCAD9BAA5C444E47860DF35B72.d.AB712EFA84ABD6F32C18DF6FC8865CE0.e.2049/clear - {}
RESULT: {}
RESULT: {}
COMMAND: POST /session/3629965791c759c347fde942b576cda6/element/f.B75173DCAD9BAA5C444E47860DF35B72.d.AB712EFA84ABD6F32C18DF6FC8865CE0.e.2049/value - {"text":"497"}
COMMAND: GET /session/3629965791c759c347fde942b576cda6/screenshot - {}
RESULT: {"text":"497"}
COMMAND: GET /session/3629965791c759c347fde942b576cda6/screenshot - {}
RESULT: {}
RESULT: {}
COMMAND: POST /session/3629965791c759c347fde942b576cda6/element - {"using":"xpath","value":"//li[.//span[text()='497']]"}
RESULT: {"using":"xpath","value":"//li[.//span[text()='497']]"}
COMMAND: POST /session/3629965791c759c347fde942b576cda6/element/f.B75173DCAD9BAA5C444E47860DF35B72.d.AB712EFA84ABD6F32C18DF6FC8865CE0.e.2310/click - {}
RESULT: {}
COMMAND: GET /session/3629965791c759c347fde942b576cda6/screenshot - {}
RESULT: {}
COMMAND: POST /session/3629965791c759c347fde942b576cda6/element - {"using":"xpath","value":"//input[@id=\"application-managesites-display-component---NewSite--addressDetailDetailsPartner-inner\"]"}
RESULT: {"using":"xpath","value":"//input[@id=\"application-managesites-display-component---NewSite--addressDetailDetailsPartner-inner\"]"}
COMMAND: POST /session/3629965791c759c347fde942b576cda6/element - {"using":"xpath","value":"//input[@id=\"application-managesites-display-component---NewSite--addressDetailDetailsPartner-inner\"]"}
RESULT: {"using":"xpath","value":"//input[@id=\"application-managesites-display-component---NewSite--addressDetailDetailsPartner-inner\"]"}
COMMAND: POST /session/3629965791c759c347fde942b576cda6/element - {"using":"xpath","value":"//button[@data-kt=\"saveButton\"]"}
RESULT: {"using":"xpath","value":"//button[@data-kt=\"saveButton\"]"}
COMMAND: POST /session/3629965791c759c347fde942b576cda6/element/f.B75173DCAD9BAA5C444E47860DF35B72.d.AB712EFA84ABD6F32C18DF6FC8865CE0.e.2197/click - {}
RESULT: {}
COMMAND: GET /session/3629965791c759c347fde942b576cda6/screenshot - {}
RESULT: {}
COMMAND: POST /session/3629965791c759c347fde942b576cda6/element - {"using":"xpath","value":"//header[contains(@id, 'ObjectPageLayout-headerTitle')]/div[1]/div[2]/div[2]/span[1]"}
RESULT: {"using":"xpath","value":"//header[contains(@id, 'ObjectPageLayout-headerTitle')]/div[1]/div[2]/div[2]/span[1]"}
COMMAND: POST /session/3629965791c759c347fde942b576cda6/elements - {"using":"xpath","value":"//header[contains(@id, 'ObjectPageLayout-headerTitle')]/div[1]/div[2]/div[2]/span[1]"}
RESULT: {"using":"xpath","value":"//header[contains(@id, 'ObjectPageLayout-headerTitle')]/div[1]/div[2]/div[2]/span[1]"}
COMMAND: POST /session/3629965791c759c347fde942b576cda6/execute/sync - {"script":"<script> [56 bytes]","args":[{"element-6066-11e4-a52e-4f735466cecf":"f.B75173DCAD9BAA5C444E47860DF35B72.d.AB712EFA84ABD6F32C18DF6FC8865CE0.e.2513","ELEMENT":"f.B75173DCAD9BAA5C444E47860DF35B72.d.AB712EFA84ABD6F32C18DF6FC8865CE0.e.2513"}]}
RESULT: {"script":"<script> [56 bytes]","args":[{"element-6066-11e4-a52e-4f735466cecf":"f.B75173DCAD9BAA5C444E47860DF35B72.d.AB712EFA84ABD6F32C18DF6FC8865CE0.e.2513","ELEMENT":"f.B75173DCAD9BAA5C444E47860DF35B72.d.AB712EFA84ABD6F32C18DF6FC8865CE0.e.2513"}]}
COMMAND: POST /session/3629965791c759c347fde942b576cda6/element - {"using":"css selector","value":"#shell-header-logo"}
COMMAND: GET /session/3629965791c759c347fde942b576cda6/screenshot - {}
RESULT: {"using":"css selector","value":"#shell-header-logo"}
COMMAND: POST /session/3629965791c759c347fde942b576cda6/element/f.B75173DCAD9BAA5C444E47860DF35B72.d.AB712EFA84ABD6F32C18DF6FC8865CE0.e.1806/click - {}
RESULT: {}
RESULT: {}
COMMAND: GET /session/3629965791c759c347fde942b576cda6/screenshot - {}
RESULT: {}
COMMAND: POST /session/3629965791c759c347fde942b576cda6/execute/sync - {"script":"<script> [299 bytes]","args":[["getModel","getResource"]]}
RESULT: {"script":"<script> [299 bytes]","args":[["getModel","getResource"]]}
]]></system-out>
    </testcase>
    <testcase classname="chrome.136_0_7103_93.windows.Prerequisites_&amp;_test_for_yard_mass_return_on_Yard_Overview_US131057" name="Prereq Should create a new material" time="122.544">
      <system-out><![CDATA[
COMMAND: GET /session/3629965791c759c347fde942b576cda6/screenshot - {}
COMMAND: POST /session/3629965791c759c347fde942b576cda6/execute/async - {"script":"<script> [1562 bytes]","args":[{"selector":{"controlType":"sap.m.GenericTile","properties":{"header":"Manage Resources"}},"wdio_ui5_key":"sapm.GenericTile{\"header\":\"Manage Resources\"}"}]}
RESULT: {}
RESULT: {"script":"<script> [1562 bytes]","args":[{"selector":{"controlType":"sap.m.GenericTile","properties":{"header":"Manage Resources"}},"wdio_ui5_key":"sapm.GenericTile{\"header\":\"Manage Resources\"}"}]}
RESULT: undefined
COMMAND: POST /session/3629965791c759c347fde942b576cda6/element - {"using":"xpath","value":"//*[@id=\"__tile39\"]"}
RESULT: {"using":"xpath","value":"//*[@id=\"__tile39\"]"}
COMMAND: POST /session/3629965791c759c347fde942b576cda6/element/f.B75173DCAD9BAA5C444E47860DF35B72.d.AB712EFA84ABD6F32C18DF6FC8865CE0.e.168/click - {}
RESULT: {}
COMMAND: GET /session/3629965791c759c347fde942b576cda6/screenshot - {}
RESULT: {}
COMMAND: POST /session/3629965791c759c347fde942b576cda6/elements - {"using":"xpath","value":"//span[text()='Error']"}
RESULT: {"using":"xpath","value":"//span[text()='Error']"}
COMMAND: POST /session/3629965791c759c347fde942b576cda6/element - {"using":"xpath","value":"//button[@data-kt=\"addNewRUOverflowToolbarButton\"]"}
RESULT: {"using":"xpath","value":"//button[@data-kt=\"addNewRUOverflowToolbarButton\"]"}
COMMAND: POST /session/3629965791c759c347fde942b576cda6/elements - {"using":"xpath","value":"//button[@data-kt=\"addNewRUOverflowToolbarButton\"]"}
RESULT: {"using":"xpath","value":"//button[@data-kt=\"addNewRUOverflowToolbarButton\"]"}
COMMAND: POST /session/3629965791c759c347fde942b576cda6/elements - {"using":"xpath","value":"//button[@data-kt=\"addNewRUOverflowToolbarButton\"]"}
RESULT: {"using":"xpath","value":"//button[@data-kt=\"addNewRUOverflowToolbarButton\"]"}
COMMAND: POST /session/3629965791c759c347fde942b576cda6/element - {"using":"xpath","value":"//button[@data-kt=\"addNewRUOverflowToolbarButton\"]"}
RESULT: {"using":"xpath","value":"//button[@data-kt=\"addNewRUOverflowToolbarButton\"]"}
COMMAND: POST /session/3629965791c759c347fde942b576cda6/execute/sync - {"script":"<script> [8489 bytes]","args":[{"element-6066-11e4-a52e-4f735466cecf":"f.B75173DCAD9BAA5C444E47860DF35B72.d.AB712EFA84ABD6F32C18DF6FC8865CE0.e.2545","ELEMENT":"f.B75173DCAD9BAA5C444E47860DF35B72.d.AB712EFA84ABD6F32C18DF6FC8865CE0.e.2545"}]}
RESULT: {"script":"<script> [8489 bytes]","args":[{"element-6066-11e4-a52e-4f735466cecf":"f.B75173DCAD9BAA5C444E47860DF35B72.d.AB712EFA84ABD6F32C18DF6FC8865CE0.e.2545","ELEMENT":"f.B75173DCAD9BAA5C444E47860DF35B72.d.AB712EFA84ABD6F32C18DF6FC8865CE0.e.2545"}]}
COMMAND: GET /session/3629965791c759c347fde942b576cda6/element/f.B75173DCAD9BAA5C444E47860DF35B72.d.AB712EFA84ABD6F32C18DF6FC8865CE0.e.2545/enabled - {}
COMMAND: GET /session/3629965791c759c347fde942b576cda6/screenshot - {}
RESULT: {}
COMMAND: POST /session/3629965791c759c347fde942b576cda6/execute/sync - {"script":"<script> [8489 bytes]","args":[{"element-6066-11e4-a52e-4f735466cecf":"f.B75173DCAD9BAA5C444E47860DF35B72.d.AB712EFA84ABD6F32C18DF6FC8865CE0.e.2545","ELEMENT":"f.B75173DCAD9BAA5C444E47860DF35B72.d.AB712EFA84ABD6F32C18DF6FC8865CE0.e.2545"}]}
COMMAND: GET /session/3629965791c759c347fde942b576cda6/screenshot - {}
RESULT: {}
RESULT: {"script":"<script> [8489 bytes]","args":[{"element-6066-11e4-a52e-4f735466cecf":"f.B75173DCAD9BAA5C444E47860DF35B72.d.AB712EFA84ABD6F32C18DF6FC8865CE0.e.2545","ELEMENT":"f.B75173DCAD9BAA5C444E47860DF35B72.d.AB712EFA84ABD6F32C18DF6FC8865CE0.e.2545"}]}
COMMAND: POST /session/3629965791c759c347fde942b576cda6/execute/sync - {"script":"<script> [5351 bytes]","args":[{"element-6066-11e4-a52e-4f735466cecf":"f.B75173DCAD9BAA5C444E47860DF35B72.d.AB712EFA84ABD6F32C18DF6FC8865CE0.e.2545","ELEMENT":"f.B75173DCAD9BAA5C444E47860DF35B72.d.AB712EFA84ABD6F32C18DF6FC8865CE0.e.2545"}]}
COMMAND: GET /session/3629965791c759c347fde942b576cda6/screenshot - {}
RESULT: {}
RESULT: {"script":"<script> [5351 bytes]","args":[{"element-6066-11e4-a52e-4f735466cecf":"f.B75173DCAD9BAA5C444E47860DF35B72.d.AB712EFA84ABD6F32C18DF6FC8865CE0.e.2545","ELEMENT":"f.B75173DCAD9BAA5C444E47860DF35B72.d.AB712EFA84ABD6F32C18DF6FC8865CE0.e.2545"}]}
COMMAND: POST /session/3629965791c759c347fde942b576cda6/element/f.B75173DCAD9BAA5C444E47860DF35B72.d.AB712EFA84ABD6F32C18DF6FC8865CE0.e.2545/click - {}
COMMAND: GET /session/3629965791c759c347fde942b576cda6/screenshot - {}
RESULT: {}
RESULT: {}
COMMAND: GET /session/3629965791c759c347fde942b576cda6/screenshot - {}
COMMAND: POST /session/3629965791c759c347fde942b576cda6/execute/async - {"script":"<script> [1562 bytes]","args":[{"selector":{"id":"application-manageresources-display-component---newResourceUnit--TYPE-arrow"},"wdio_ui5_key":"applicationmanageresources-display-component---newResourceUnit--TYPE-arrow"}]}
RESULT: {}
RESULT: {}
RESULT: {"script":"<script> [1562 bytes]","args":[{"selector":{"id":"application-manageresources-display-component---newResourceUnit--TYPE-arrow"},"wdio_ui5_key":"applicationmanageresources-display-component---newResourceUnit--TYPE-arrow"}]}
RESULT: undefined
COMMAND: POST /session/3629965791c759c347fde942b576cda6/element - {"using":"xpath","value":"//*[@id=\"application-manageresources-display-component---newResourceUnit--TYPE-arrow\"]"}
RESULT: {"using":"xpath","value":"//*[@id=\"application-manageresources-display-component---newResourceUnit--TYPE-arrow\"]"}
COMMAND: POST /session/3629965791c759c347fde942b576cda6/element/f.B75173DCAD9BAA5C444E47860DF35B72.d.AB712EFA84ABD6F32C18DF6FC8865CE0.e.2716/click - {}
RESULT: {}
COMMAND: POST /session/3629965791c759c347fde942b576cda6/element - {"using":"xpath","value":"//input[@id=\"application-manageresources-display-component---newResourceUnit--TYPE-inner\"]"}
COMMAND: GET /session/3629965791c759c347fde942b576cda6/screenshot - {}
RESULT: {"using":"xpath","value":"//input[@id=\"application-manageresources-display-component---newResourceUnit--TYPE-inner\"]"}
COMMAND: POST /session/3629965791c759c347fde942b576cda6/element/f.B75173DCAD9BAA5C444E47860DF35B72.d.AB712EFA84ABD6F32C18DF6FC8865CE0.e.2597/clear - {}
RESULT: {}
RESULT: {}
COMMAND: POST /session/3629965791c759c347fde942b576cda6/element/f.B75173DCAD9BAA5C444E47860DF35B72.d.AB712EFA84ABD6F32C18DF6FC8865CE0.e.2597/value - {"text":"Material"}
COMMAND: GET /session/3629965791c759c347fde942b576cda6/screenshot - {}
RESULT: {"text":"Material"}
COMMAND: GET /session/3629965791c759c347fde942b576cda6/screenshot - {}
RESULT: {}
RESULT: {}
COMMAND: POST /session/3629965791c759c347fde942b576cda6/actions - {"actions":[{"id":"action8","type":"key","parameters":{},"actions":[{"type":"keyDown","value":"î€‡"},{"type":"pause","duration":10},{"type":"keyUp","value":"î€‡"}]}]}
RESULT: {"actions":[{"id":"action8","type":"key","parameters":{},"actions":[{"type":"keyDown","value":"î€‡"},{"type":"pause","duration":10},{"type":"keyUp","value":"î€‡"}]}]}
COMMAND: POST /session/3629965791c759c347fde942b576cda6/execute/async - {"script":"<script> [1562 bytes]","args":[{"selector":{"id":"application-manageresources-display-component---newResourceUnit--SHORT_TEXT","interaction":{"idSuffix":"inner"}},"wdio_ui5_key":"applicationmanageresources-display-component---newResourceUnit--SHORT_TEXT"}]}
COMMAND: GET /session/3629965791c759c347fde942b576cda6/screenshot - {}
RESULT: {"script":"<script> [1562 bytes]","args":[{"selector":{"id":"application-manageresources-display-component---newResourceUnit--SHORT_TEXT","interaction":{"idSuffix":"inner"}},"wdio_ui5_key":"applicationmanageresources-display-component---newResourceUnit--SHORT_TEXT"}]}
RESULT: undefined
COMMAND: POST /session/3629965791c759c347fde942b576cda6/execute/async - {"script":"<script> [776 bytes]","args":[{"enterText":"Cement WDIO","selector":{"id":"application-manageresources-display-component---newResourceUnit--SHORT_TEXT","interaction":{"idSuffix":"inner"}},"clearTextFirst":true,"interactionType":"ENTER_TEXT"}]}
RESULT: {}
RESULT: {"script":"<script> [776 bytes]","args":[{"enterText":"Cement WDIO","selector":{"id":"application-manageresources-display-component---newResourceUnit--SHORT_TEXT","interaction":{"idSuffix":"inner"}},"clearTextFirst":true,"interactionType":"ENTER_TEXT"}]}
COMMAND: POST /session/3629965791c759c347fde942b576cda6/execute/async - {"script":"<script> [1562 bytes]","args":[{"selector":{"id":"application-manageresources-display-component---newResourceUnit--BASE_UNIT_OF_MEASURE","interaction":{"idSuffix":"inner"}},"wdio_ui5_key":"applicationmanageresources-display-component---newResourceUnit--BASE_UNIT_OF_MEASURE"}]}
RESULT: {"script":"<script> [1562 bytes]","args":[{"selector":{"id":"application-manageresources-display-component---newResourceUnit--BASE_UNIT_OF_MEASURE","interaction":{"idSuffix":"inner"}},"wdio_ui5_key":"applicationmanageresources-display-component---newResourceUnit--BASE_UNIT_OF_MEASURE"}]}
RESULT: undefined
COMMAND: POST /session/3629965791c759c347fde942b576cda6/execute/async - {"script":"<script> [776 bytes]","args":[{"enterText":"Piece","selector":{"id":"application-manageresources-display-component---newResourceUnit--BASE_UNIT_OF_MEASURE","interaction":{"idSuffix":"inner"}},"clearTextFirst":true,"interactionType":"ENTER_TEXT"}]}
RESULT: {"script":"<script> [776 bytes]","args":[{"enterText":"Piece","selector":{"id":"application-manageresources-display-component---newResourceUnit--BASE_UNIT_OF_MEASURE","interaction":{"idSuffix":"inner"}},"clearTextFirst":true,"interactionType":"ENTER_TEXT"}]}
COMMAND: POST /session/3629965791c759c347fde942b576cda6/execute/async - {"script":"<script> [1562 bytes]","args":[{"selector":{"id":"application-manageresources-display-component---newResourceUnit--WEIGHT_UNIT","interaction":{"idSuffix":"inner"}},"wdio_ui5_key":"applicationmanageresources-display-component---newResourceUnit--WEIGHT_UNIT"}]}
RESULT: {"script":"<script> [1562 bytes]","args":[{"selector":{"id":"application-manageresources-display-component---newResourceUnit--WEIGHT_UNIT","interaction":{"idSuffix":"inner"}},"wdio_ui5_key":"applicationmanageresources-display-component---newResourceUnit--WEIGHT_UNIT"}]}
RESULT: undefined
COMMAND: POST /session/3629965791c759c347fde942b576cda6/execute/async - {"script":"<script> [776 bytes]","args":[{"enterText":"Gram","selector":{"id":"application-manageresources-display-component---newResourceUnit--WEIGHT_UNIT","interaction":{"idSuffix":"inner"}},"clearTextFirst":true,"interactionType":"ENTER_TEXT"}]}
RESULT: {"script":"<script> [776 bytes]","args":[{"enterText":"Gram","selector":{"id":"application-manageresources-display-component---newResourceUnit--WEIGHT_UNIT","interaction":{"idSuffix":"inner"}},"clearTextFirst":true,"interactionType":"ENTER_TEXT"}]}
COMMAND: POST /session/3629965791c759c347fde942b576cda6/execute/async - {"script":"<script> [1562 bytes]","args":[{"selector":{"id":"application-manageresources-display-component---newResourceUnit--DIMENSION_UNIT","interaction":{"idSuffix":"inner"}},"wdio_ui5_key":"applicationmanageresources-display-component---newResourceUnit--DIMENSION_UNIT"}]}
RESULT: {"script":"<script> [1562 bytes]","args":[{"selector":{"id":"application-manageresources-display-component---newResourceUnit--DIMENSION_UNIT","interaction":{"idSuffix":"inner"}},"wdio_ui5_key":"applicationmanageresources-display-component---newResourceUnit--DIMENSION_UNIT"}]}
RESULT: undefined
COMMAND: POST /session/3629965791c759c347fde942b576cda6/execute/async - {"script":"<script> [776 bytes]","args":[{"enterText":"Meter","selector":{"id":"application-manageresources-display-component---newResourceUnit--DIMENSION_UNIT","interaction":{"idSuffix":"inner"}},"clearTextFirst":true,"interactionType":"ENTER_TEXT"}]}
RESULT: {"script":"<script> [776 bytes]","args":[{"enterText":"Meter","selector":{"id":"application-manageresources-display-component---newResourceUnit--DIMENSION_UNIT","interaction":{"idSuffix":"inner"}},"clearTextFirst":true,"interactionType":"ENTER_TEXT"}]}
COMMAND: POST /session/3629965791c759c347fde942b576cda6/execute/async - {"script":"<script> [1562 bytes]","args":[{"selector":{"id":"application-manageresources-display-component---newResourceUnit--newRRUPage-anchBar-application-manageresources-display-component---newResourceUnit--control-anchor","interaction":{"idSuffix":"BDI-content"}},"wdio_ui5_key":"applicationmanageresources-display-component---newResourceUnit--newRRUPage-anchBar-application-manageresources-display-component---newResourceUnit--control-anchor"}]}
RESULT: {"script":"<script> [1562 bytes]","args":[{"selector":{"id":"application-manageresources-display-component---newResourceUnit--newRRUPage-anchBar-application-manageresources-display-component---newResourceUnit--control-anchor","interaction":{"idSuffix":"BDI-content"}},"wdio_ui5_key":"applicationmanageresources-display-component---newResourceUnit--newRRUPage-anchBar-application-manageresources-display-component---newResourceUnit--control-anchor"}]}
RESULT: undefined
COMMAND: POST /session/3629965791c759c347fde942b576cda6/element - {"using":"xpath","value":"//*[@id=\"application-manageresources-display-component---newResourceUnit--newRRUPage-anchBar-application-manageresources-display-component---newResourceUnit--control-anchor\"]"}
RESULT: {"using":"xpath","value":"//*[@id=\"application-manageresources-display-component---newResourceUnit--newRRUPage-anchBar-application-manageresources-display-component---newResourceUnit--control-anchor\"]"}
COMMAND: POST /session/3629965791c759c347fde942b576cda6/element/f.B75173DCAD9BAA5C444E47860DF35B72.d.AB712EFA84ABD6F32C18DF6FC8865CE0.e.2780/click - {}
RESULT: {}
COMMAND: POST /session/3629965791c759c347fde942b576cda6/execute/async - {"script":"<script> [1562 bytes]","args":[{"selector":{"id":"application-manageresources-display-component---newResourceUnit--PLANNING_GROUP","interaction":{"idSuffix":"inner"}},"wdio_ui5_key":"applicationmanageresources-display-component---newResourceUnit--PLANNING_GROUP"}]}
COMMAND: GET /session/3629965791c759c347fde942b576cda6/screenshot - {}
RESULT: {"script":"<script> [1562 bytes]","args":[{"selector":{"id":"application-manageresources-display-component---newResourceUnit--PLANNING_GROUP","interaction":{"idSuffix":"inner"}},"wdio_ui5_key":"applicationmanageresources-display-component---newResourceUnit--PLANNING_GROUP"}]}
RESULT: undefined
COMMAND: POST /session/3629965791c759c347fde942b576cda6/execute/async - {"script":"<script> [776 bytes]","args":[{"enterText":"Material","selector":{"id":"application-manageresources-display-component---newResourceUnit--PLANNING_GROUP","interaction":{"idSuffix":"inner"}},"clearTextFirst":true,"interactionType":"ENTER_TEXT"}]}
RESULT: {}
RESULT: {"script":"<script> [776 bytes]","args":[{"enterText":"Material","selector":{"id":"application-manageresources-display-component---newResourceUnit--PLANNING_GROUP","interaction":{"idSuffix":"inner"}},"clearTextFirst":true,"interactionType":"ENTER_TEXT"}]}
COMMAND: POST /session/3629965791c759c347fde942b576cda6/execute/async - {"script":"<script> [1562 bytes]","args":[{"selector":{"id":"application-manageresources-display-component---newResourceUnit--PLANNING_INDICATOR","interaction":{"idSuffix":"inner"}},"wdio_ui5_key":"applicationmanageresources-display-component---newResourceUnit--PLANNING_INDICATOR"}]}
RESULT: {"script":"<script> [1562 bytes]","args":[{"selector":{"id":"application-manageresources-display-component---newResourceUnit--PLANNING_INDICATOR","interaction":{"idSuffix":"inner"}},"wdio_ui5_key":"applicationmanageresources-display-component---newResourceUnit--PLANNING_INDICATOR"}]}
RESULT: undefined
COMMAND: POST /session/3629965791c759c347fde942b576cda6/execute/async - {"script":"<script> [776 bytes]","args":[{"enterText":"10 - infinite","selector":{"id":"application-manageresources-display-component---newResourceUnit--PLANNING_INDICATOR","interaction":{"idSuffix":"inner"}},"clearTextFirst":true,"interactionType":"ENTER_TEXT"}]}
RESULT: {"script":"<script> [776 bytes]","args":[{"enterText":"10 - infinite","selector":{"id":"application-manageresources-display-component---newResourceUnit--PLANNING_INDICATOR","interaction":{"idSuffix":"inner"}},"clearTextFirst":true,"interactionType":"ENTER_TEXT"}]}
COMMAND: POST /session/3629965791c759c347fde942b576cda6/element - {"using":"css selector","value":"#application-manageresources-display-component---newResourceUnit--btnAddTimeSegment"}
RESULT: {"using":"css selector","value":"#application-manageresources-display-component---newResourceUnit--btnAddTimeSegment"}
COMMAND: GET /session/3629965791c759c347fde942b576cda6/element/f.B75173DCAD9BAA5C444E47860DF35B72.d.AB712EFA84ABD6F32C18DF6FC8865CE0.e.2789/rect - {}
RESULT: {}
COMMAND: GET /session/3629965791c759c347fde942b576cda6/window/rect - {}
RESULT: {}
COMMAND: POST /session/3629965791c759c347fde942b576cda6/execute/sync - {"script":"<script> [92 bytes]","args":[]}
RESULT: {"script":"<script> [92 bytes]","args":[]}
COMMAND: POST /session/3629965791c759c347fde942b576cda6/actions - {"actions":[{"id":"action9","type":"wheel","parameters":{},"actions":[{"type":"scroll","x":-1888,"y":-32,"deltaX":0,"deltaY":0,"duration":0,"origin":{"element-6066-11e4-a52e-4f735466cecf":"f.B75173DCAD9BAA5C444E47860DF35B72.d.AB712EFA84ABD6F32C18DF6FC8865CE0.e.2789"}}]}]}
COMMAND: GET /session/3629965791c759c347fde942b576cda6/screenshot - {}
RESULT: {}
COMMAND: POST /session/3629965791c759c347fde942b576cda6/execute/sync - {"script":"<script> [79 bytes]","args":[{"element-6066-11e4-a52e-4f735466cecf":"f.B75173DCAD9BAA5C444E47860DF35B72.d.AB712EFA84ABD6F32C18DF6FC8865CE0.e.2789","ELEMENT":"f.B75173DCAD9BAA5C444E47860DF35B72.d.AB712EFA84ABD6F32C18DF6FC8865CE0.e.2789"},{"block":"start","inline":"nearest"}]}
RESULT: {"script":"<script> [79 bytes]","args":[{"element-6066-11e4-a52e-4f735466cecf":"f.B75173DCAD9BAA5C444E47860DF35B72.d.AB712EFA84ABD6F32C18DF6FC8865CE0.e.2789","ELEMENT":"f.B75173DCAD9BAA5C444E47860DF35B72.d.AB712EFA84ABD6F32C18DF6FC8865CE0.e.2789"},{"block":"start","inline":"nearest"}]}
COMMAND: POST /session/3629965791c759c347fde942b576cda6/execute/async - {"script":"<script> [1562 bytes]","args":[{"selector":{"id":"application-manageresources-display-component---newResourceUnit--btnAddTimeSegment","interaction":{"idSuffix":"inner"}},"wdio_ui5_key":"applicationmanageresources-display-component---newResourceUnit--btnAddTimeSegment"}]}
COMMAND: GET /session/3629965791c759c347fde942b576cda6/screenshot - {}
RESULT: {"script":"<script> [1562 bytes]","args":[{"selector":{"id":"application-manageresources-display-component---newResourceUnit--btnAddTimeSegment","interaction":{"idSuffix":"inner"}},"wdio_ui5_key":"applicationmanageresources-display-component---newResourceUnit--btnAddTimeSegment"}]}
RESULT: undefined
COMMAND: POST /session/3629965791c759c347fde942b576cda6/element - {"using":"xpath","value":"//*[@id=\"application-manageresources-display-component---newResourceUnit--btnAddTimeSegment\"]"}
RESULT: {}
RESULT: {"using":"xpath","value":"//*[@id=\"application-manageresources-display-component---newResourceUnit--btnAddTimeSegment\"]"}
COMMAND: POST /session/3629965791c759c347fde942b576cda6/element/f.B75173DCAD9BAA5C444E47860DF35B72.d.AB712EFA84ABD6F32C18DF6FC8865CE0.e.2789/click - {}
RESULT: {}
COMMAND: GET /session/3629965791c759c347fde942b576cda6/screenshot - {}
RESULT: {}
COMMAND: POST /session/3629965791c759c347fde942b576cda6/element - {"using":"xpath","value":"//input[@id=\"application-manageresources-display-component---newResourceUnit--idRuTSAdmin-application-manageresources-display-component---newResourceUnit--RUTimeSegment-0-inner\"]"}
RESULT: {"using":"xpath","value":"//input[@id=\"application-manageresources-display-component---newResourceUnit--idRuTSAdmin-application-manageresources-display-component---newResourceUnit--RUTimeSegment-0-inner\"]"}
COMMAND: POST /session/3629965791c759c347fde942b576cda6/element/f.B75173DCAD9BAA5C444E47860DF35B72.d.AB712EFA84ABD6F32C18DF6FC8865CE0.e.2794/clear - {}
RESULT: {}
COMMAND: POST /session/3629965791c759c347fde942b576cda6/element/f.B75173DCAD9BAA5C444E47860DF35B72.d.AB712EFA84ABD6F32C18DF6FC8865CE0.e.2794/value - {"text":"497"}
COMMAND: GET /session/3629965791c759c347fde942b576cda6/screenshot - {}
RESULT: {"text":"497"}
COMMAND: GET /session/3629965791c759c347fde942b576cda6/screenshot - {}
RESULT: {}
RESULT: {}
COMMAND: POST /session/3629965791c759c347fde942b576cda6/element - {"using":"xpath","value":"//li[.//span[text()='497']]"}
RESULT: {"using":"xpath","value":"//li[.//span[text()='497']]"}
COMMAND: POST /session/3629965791c759c347fde942b576cda6/element/f.B75173DCAD9BAA5C444E47860DF35B72.d.AB712EFA84ABD6F32C18DF6FC8865CE0.e.2803/click - {}
RESULT: {}
COMMAND: GET /session/3629965791c759c347fde942b576cda6/screenshot - {}
RESULT: {}
COMMAND: POST /session/3629965791c759c347fde942b576cda6/element - {"using":"xpath","value":"(//span[contains(@id, \"-application-manageresources-display-component---newResourceUnit--RUTimeSegment-0-arrow\")])[2]"}
RESULT: {"using":"xpath","value":"(//span[contains(@id, \"-application-manageresources-display-component---newResourceUnit--RUTimeSegment-0-arrow\")])[2]"}
COMMAND: POST /session/3629965791c759c347fde942b576cda6/element/f.B75173DCAD9BAA5C444E47860DF35B72.d.AB712EFA84ABD6F32C18DF6FC8865CE0.e.2804/click - {}
RESULT: {}
COMMAND: POST /session/3629965791c759c347fde942b576cda6/element - {"using":"xpath","value":"//span[contains(text(), \"PM Order\")]"}
COMMAND: GET /session/3629965791c759c347fde942b576cda6/screenshot - {}
RESULT: {"using":"xpath","value":"//span[contains(text(), \"PM Order\")]"}
COMMAND: POST /session/3629965791c759c347fde942b576cda6/element/f.B75173DCAD9BAA5C444E47860DF35B72.d.AB712EFA84ABD6F32C18DF6FC8865CE0.e.2805/click - {}
RESULT: {}
RESULT: {}
COMMAND: GET /session/3629965791c759c347fde942b576cda6/screenshot - {}
RESULT: {}
COMMAND: POST /session/3629965791c759c347fde942b576cda6/element - {"using":"xpath","value":"//td/div/div/div/span[contains(@id, \"newResourceUnit--RUTimeSegment-0-vhi\")][1]"}
RESULT: {"using":"xpath","value":"//td/div/div/div/span[contains(@id, \"newResourceUnit--RUTimeSegment-0-vhi\")][1]"}
COMMAND: GET /session/3629965791c759c347fde942b576cda6/element/f.B75173DCAD9BAA5C444E47860DF35B72.d.AB712EFA84ABD6F32C18DF6FC8865CE0.e.2809/rect - {}
RESULT: {}
COMMAND: GET /session/3629965791c759c347fde942b576cda6/window/rect - {}
RESULT: {}
COMMAND: POST /session/3629965791c759c347fde942b576cda6/execute/sync - {"script":"<script> [92 bytes]","args":[]}
RESULT: {"script":"<script> [92 bytes]","args":[]}
COMMAND: POST /session/3629965791c759c347fde942b576cda6/actions - {"actions":[{"id":"action10","type":"wheel","parameters":{},"actions":[{"type":"scroll","x":-1888,"y":-24,"deltaX":0,"deltaY":0,"duration":0,"origin":{"element-6066-11e4-a52e-4f735466cecf":"f.B75173DCAD9BAA5C444E47860DF35B72.d.AB712EFA84ABD6F32C18DF6FC8865CE0.e.2809"}}]}]}
COMMAND: GET /session/3629965791c759c347fde942b576cda6/screenshot - {}
RESULT: {}
COMMAND: POST /session/3629965791c759c347fde942b576cda6/execute/sync - {"script":"<script> [79 bytes]","args":[{"element-6066-11e4-a52e-4f735466cecf":"f.B75173DCAD9BAA5C444E47860DF35B72.d.AB712EFA84ABD6F32C18DF6FC8865CE0.e.2809","ELEMENT":"f.B75173DCAD9BAA5C444E47860DF35B72.d.AB712EFA84ABD6F32C18DF6FC8865CE0.e.2809"},{"block":"start","inline":"nearest"}]}
RESULT: {"script":"<script> [79 bytes]","args":[{"element-6066-11e4-a52e-4f735466cecf":"f.B75173DCAD9BAA5C444E47860DF35B72.d.AB712EFA84ABD6F32C18DF6FC8865CE0.e.2809","ELEMENT":"f.B75173DCAD9BAA5C444E47860DF35B72.d.AB712EFA84ABD6F32C18DF6FC8865CE0.e.2809"},{"block":"start","inline":"nearest"}]}
COMMAND: GET /session/3629965791c759c347fde942b576cda6/screenshot - {}
RESULT: {}
COMMAND: POST /session/3629965791c759c347fde942b576cda6/element/f.B75173DCAD9BAA5C444E47860DF35B72.d.AB712EFA84ABD6F32C18DF6FC8865CE0.e.2809/click - {}
RESULT: {}
COMMAND: GET /session/3629965791c759c347fde942b576cda6/screenshot - {}
RESULT: {}
RESULT: undefined
COMMAND: POST /session/3629965791c759c347fde942b576cda6/execute/async - {"script":"<script> [776 bytes]","args":[{"enterText":"4000360","selector":{"controlType":"sap.m.SearchField","properties":{"placeholder":"Search"},"searchOpenDialogs":true,"interaction":{"idSuffix":"I"}},"clearTextFirst":true,"interactionType":"ENTER_TEXT"}]}
RESULT: {"script":"<script> [776 bytes]","args":[{"enterText":"4000360","selector":{"controlType":"sap.m.SearchField","properties":{"placeholder":"Search"},"searchOpenDialogs":true,"interaction":{"idSuffix":"I"}},"clearTextFirst":true,"interactionType":"ENTER_TEXT"}]}
COMMAND: POST /session/3629965791c759c347fde942b576cda6/actions - {"actions":[{"id":"action11","type":"key","parameters":{},"actions":[{"type":"keyDown","value":"î€‡"},{"type":"pause","duration":10},{"type":"keyUp","value":"î€‡"}]}]}
RESULT: {"actions":[{"id":"action11","type":"key","parameters":{},"actions":[{"type":"keyDown","value":"î€‡"},{"type":"pause","duration":10},{"type":"keyUp","value":"î€‡"}]}]}
COMMAND: GET /session/3629965791c759c347fde942b576cda6/screenshot - {}
RESULT: {}
COMMAND: POST /session/3629965791c759c347fde942b576cda6/element - {"using":"xpath","value":"//td/div/span[contains(text(), \"BGL Vehicles\")]"}
RESULT: {"using":"xpath","value":"//td/div/span[contains(text(), \"BGL Vehicles\")]"}
COMMAND: POST /session/3629965791c759c347fde942b576cda6/element/f.B75173DCAD9BAA5C444E47860DF35B72.d.AB712EFA84ABD6F32C18DF6FC8865CE0.e.2830/click - {}
RESULT: {}
COMMAND: GET /session/3629965791c759c347fde942b576cda6/screenshot - {}
RESULT: {}
COMMAND: POST /session/3629965791c759c347fde942b576cda6/element - {"using":"xpath","value":"//bdi[contains(text(), \"OK\")]"}
RESULT: {"using":"xpath","value":"//bdi[contains(text(), \"OK\")]"}
COMMAND: POST /session/3629965791c759c347fde942b576cda6/element/f.B75173DCAD9BAA5C444E47860DF35B72.d.AB712EFA84ABD6F32C18DF6FC8865CE0.e.2831/click - {}
RESULT: {}
COMMAND: GET /session/3629965791c759c347fde942b576cda6/screenshot - {}
RESULT: {}
COMMAND: POST /session/3629965791c759c347fde942b576cda6/element - {"using":"xpath","value":"//label[contains(@class, 'sapMLabelRequired') and .//bdi[contains(text(), 'Planned Retirement')]]"}
RESULT: {"using":"xpath","value":"//label[contains(@class, 'sapMLabelRequired') and .//bdi[contains(text(), 'Planned Retirement')]]"}
COMMAND: POST /session/3629965791c759c347fde942b576cda6/elements - {"using":"xpath","value":"//label[contains(@class, 'sapMLabelRequired') and .//bdi[contains(text(), 'Planned Retirement')]]"}
RESULT: {"using":"xpath","value":"//label[contains(@class, 'sapMLabelRequired') and .//bdi[contains(text(), 'Planned Retirement')]]"}
COMMAND: POST /session/3629965791c759c347fde942b576cda6/element - {"using":"xpath","value":"//button[@data-kt=\"resourceUnitSaveButton\"]"}
RESULT: {"using":"xpath","value":"//button[@data-kt=\"resourceUnitSaveButton\"]"}
COMMAND: POST /session/3629965791c759c347fde942b576cda6/element/f.B75173DCAD9BAA5C444E47860DF35B72.d.AB712EFA84ABD6F32C18DF6FC8865CE0.e.2733/click - {}
RESULT: {}
COMMAND: GET /session/3629965791c759c347fde942b576cda6/screenshot - {}
RESULT: {}
COMMAND: POST /session/3629965791c759c347fde942b576cda6/element - {"using":"xpath","value":"//bdi[contains(text(), \"Close\")]"}
RESULT: {"using":"xpath","value":"//bdi[contains(text(), \"Close\")]"}
COMMAND: POST /session/3629965791c759c347fde942b576cda6/element/f.B75173DCAD9BAA5C444E47860DF35B72.d.AB712EFA84ABD6F32C18DF6FC8865CE0.e.2837/click - {}
RESULT: {}
COMMAND: GET /session/3629965791c759c347fde942b576cda6/screenshot - {}
RESULT: {}
COMMAND: POST /session/3629965791c759c347fde942b576cda6/element - {"using":"xpath","value":"//header[contains(@id, 'detailRruPage-headerTitle')]/div[1]/div[2]/div[2]/span[1]"}
RESULT: {"using":"xpath","value":"//header[contains(@id, 'detailRruPage-headerTitle')]/div[1]/div[2]/div[2]/span[1]"}
COMMAND: POST /session/3629965791c759c347fde942b576cda6/elements - {"using":"xpath","value":"//header[contains(@id, 'detailRruPage-headerTitle')]/div[1]/div[2]/div[2]/span[1]"}
RESULT: {"using":"xpath","value":"//header[contains(@id, 'detailRruPage-headerTitle')]/div[1]/div[2]/div[2]/span[1]"}
COMMAND: POST /session/3629965791c759c347fde942b576cda6/execute/sync - {"script":"<script> [56 bytes]","args":[{"element-6066-11e4-a52e-4f735466cecf":"f.B75173DCAD9BAA5C444E47860DF35B72.d.AB712EFA84ABD6F32C18DF6FC8865CE0.e.2870","ELEMENT":"f.B75173DCAD9BAA5C444E47860DF35B72.d.AB712EFA84ABD6F32C18DF6FC8865CE0.e.2870"}]}
RESULT: {"script":"<script> [56 bytes]","args":[{"element-6066-11e4-a52e-4f735466cecf":"f.B75173DCAD9BAA5C444E47860DF35B72.d.AB712EFA84ABD6F32C18DF6FC8865CE0.e.2870","ELEMENT":"f.B75173DCAD9BAA5C444E47860DF35B72.d.AB712EFA84ABD6F32C18DF6FC8865CE0.e.2870"}]}
COMMAND: POST /session/3629965791c759c347fde942b576cda6/element - {"using":"css selector","value":"#shell-header-logo"}
COMMAND: GET /session/3629965791c759c347fde942b576cda6/screenshot - {}
RESULT: {"using":"css selector","value":"#shell-header-logo"}
COMMAND: POST /session/3629965791c759c347fde942b576cda6/element/f.B75173DCAD9BAA5C444E47860DF35B72.d.AB712EFA84ABD6F32C18DF6FC8865CE0.e.2517/click - {}
RESULT: {}
RESULT: {}
COMMAND: GET /session/3629965791c759c347fde942b576cda6/screenshot - {}
RESULT: {}
]]></system-out>
    </testcase>
    <testcase classname="chrome.136_0_7103_93.windows.Prerequisites_&amp;_test_for_yard_mass_return_on_Yard_Overview_US131057" name="Prereq Should do stock increase" time="99.536">
      <system-out><![CDATA[
COMMAND: POST /session/3629965791c759c347fde942b576cda6/execute/async - {"script":"<script> [1562 bytes]","args":[{"selector":{"controlType":"sap.m.GenericTile","properties":{"header":"Manage Handovers"}},"wdio_ui5_key":"sapm.GenericTile{\"header\":\"Manage Handovers\"}"}]}
RESULT: {"script":"<script> [1562 bytes]","args":[{"selector":{"controlType":"sap.m.GenericTile","properties":{"header":"Manage Handovers"}},"wdio_ui5_key":"sapm.GenericTile{\"header\":\"Manage Handovers\"}"}]}
RESULT: undefined
COMMAND: POST /session/3629965791c759c347fde942b576cda6/element - {"using":"xpath","value":"//*[@id=\"__tile130\"]"}
RESULT: {"using":"xpath","value":"//*[@id=\"__tile130\"]"}
COMMAND: POST /session/3629965791c759c347fde942b576cda6/element/f.B75173DCAD9BAA5C444E47860DF35B72.d.AB712EFA84ABD6F32C18DF6FC8865CE0.e.255/click - {}
RESULT: {}
COMMAND: GET /session/3629965791c759c347fde942b576cda6/screenshot - {}
RESULT: {}
COMMAND: POST /session/3629965791c759c347fde942b576cda6/elements - {"using":"xpath","value":"//span[text()='Error']"}
RESULT: {"using":"xpath","value":"//span[text()='Error']"}
COMMAND: POST /session/3629965791c759c347fde942b576cda6/element - {"using":"xpath","value":"//button[@data-kt=\"masterHOAddButton\"]"}
RESULT: {"using":"xpath","value":"//button[@data-kt=\"masterHOAddButton\"]"}
COMMAND: POST /session/3629965791c759c347fde942b576cda6/elements - {"using":"xpath","value":"//button[@data-kt=\"masterHOAddButton\"]"}
RESULT: {"using":"xpath","value":"//button[@data-kt=\"masterHOAddButton\"]"}
COMMAND: POST /session/3629965791c759c347fde942b576cda6/execute/sync - {"script":"<script> [8489 bytes]","args":[{"element-6066-11e4-a52e-4f735466cecf":"f.B75173DCAD9BAA5C444E47860DF35B72.d.AB712EFA84ABD6F32C18DF6FC8865CE0.e.2915","ELEMENT":"f.B75173DCAD9BAA5C444E47860DF35B72.d.AB712EFA84ABD6F32C18DF6FC8865CE0.e.2915"}]}
RESULT: {"script":"<script> [8489 bytes]","args":[{"element-6066-11e4-a52e-4f735466cecf":"f.B75173DCAD9BAA5C444E47860DF35B72.d.AB712EFA84ABD6F32C18DF6FC8865CE0.e.2915","ELEMENT":"f.B75173DCAD9BAA5C444E47860DF35B72.d.AB712EFA84ABD6F32C18DF6FC8865CE0.e.2915"}]}
COMMAND: GET /session/3629965791c759c347fde942b576cda6/element/f.B75173DCAD9BAA5C444E47860DF35B72.d.AB712EFA84ABD6F32C18DF6FC8865CE0.e.2915/enabled - {}
COMMAND: GET /session/3629965791c759c347fde942b576cda6/screenshot - {}
RESULT: {}
COMMAND: POST /session/3629965791c759c347fde942b576cda6/execute/sync - {"script":"<script> [8489 bytes]","args":[{"element-6066-11e4-a52e-4f735466cecf":"f.B75173DCAD9BAA5C444E47860DF35B72.d.AB712EFA84ABD6F32C18DF6FC8865CE0.e.2915","ELEMENT":"f.B75173DCAD9BAA5C444E47860DF35B72.d.AB712EFA84ABD6F32C18DF6FC8865CE0.e.2915"}]}
COMMAND: GET /session/3629965791c759c347fde942b576cda6/screenshot - {}
RESULT: {}
RESULT: {"script":"<script> [8489 bytes]","args":[{"element-6066-11e4-a52e-4f735466cecf":"f.B75173DCAD9BAA5C444E47860DF35B72.d.AB712EFA84ABD6F32C18DF6FC8865CE0.e.2915","ELEMENT":"f.B75173DCAD9BAA5C444E47860DF35B72.d.AB712EFA84ABD6F32C18DF6FC8865CE0.e.2915"}]}
COMMAND: POST /session/3629965791c759c347fde942b576cda6/execute/sync - {"script":"<script> [5351 bytes]","args":[{"element-6066-11e4-a52e-4f735466cecf":"f.B75173DCAD9BAA5C444E47860DF35B72.d.AB712EFA84ABD6F32C18DF6FC8865CE0.e.2915","ELEMENT":"f.B75173DCAD9BAA5C444E47860DF35B72.d.AB712EFA84ABD6F32C18DF6FC8865CE0.e.2915"}]}
COMMAND: GET /session/3629965791c759c347fde942b576cda6/screenshot - {}
RESULT: {}
RESULT: {"script":"<script> [5351 bytes]","args":[{"element-6066-11e4-a52e-4f735466cecf":"f.B75173DCAD9BAA5C444E47860DF35B72.d.AB712EFA84ABD6F32C18DF6FC8865CE0.e.2915","ELEMENT":"f.B75173DCAD9BAA5C444E47860DF35B72.d.AB712EFA84ABD6F32C18DF6FC8865CE0.e.2915"}]}
COMMAND: POST /session/3629965791c759c347fde942b576cda6/element/f.B75173DCAD9BAA5C444E47860DF35B72.d.AB712EFA84ABD6F32C18DF6FC8865CE0.e.2915/click - {}
COMMAND: GET /session/3629965791c759c347fde942b576cda6/screenshot - {}
RESULT: {}
RESULT: {}
COMMAND: GET /session/3629965791c759c347fde942b576cda6/screenshot - {}
COMMAND: POST /session/3629965791c759c347fde942b576cda6/element - {"using":"xpath","value":"//span[contains(@id ,\"AddNewHO--typeSelect-arrow\")]"}
RESULT: {}
RESULT: {}
RESULT: {"using":"xpath","value":"//span[contains(@id ,\"AddNewHO--typeSelect-arrow\")]"}
COMMAND: POST /session/3629965791c759c347fde942b576cda6/element/f.B75173DCAD9BAA5C444E47860DF35B72.d.AB712EFA84ABD6F32C18DF6FC8865CE0.e.3259/click - {}
RESULT: {}
COMMAND: GET /session/3629965791c759c347fde942b576cda6/screenshot - {}
RESULT: {}
COMMAND: POST /session/3629965791c759c347fde942b576cda6/element - {"using":"xpath","value":"(//li[contains(text(), \"stock increase yard\")])[1]"}
RESULT: {"using":"xpath","value":"(//li[contains(text(), \"stock increase yard\")])[1]"}
COMMAND: POST /session/3629965791c759c347fde942b576cda6/element/f.B75173DCAD9BAA5C444E47860DF35B72.d.AB712EFA84ABD6F32C18DF6FC8865CE0.e.3260/click - {}
RESULT: {}
COMMAND: GET /session/3629965791c759c347fde942b576cda6/screenshot - {}
RESULT: {}
COMMAND: POST /session/3629965791c759c347fde942b576cda6/execute/async - {"script":"<script> [1562 bytes]","args":[{"selector":{"id":"application-managehandovers-display-component---AddNewHO--dueDate","interaction":{"idSuffix":"inner"}},"wdio_ui5_key":"applicationmanagehandovers-display-component---AddNewHO--dueDate"}]}
RESULT: {"script":"<script> [1562 bytes]","args":[{"selector":{"id":"application-managehandovers-display-component---AddNewHO--dueDate","interaction":{"idSuffix":"inner"}},"wdio_ui5_key":"applicationmanagehandovers-display-component---AddNewHO--dueDate"}]}
RESULT: undefined
COMMAND: POST /session/3629965791c759c347fde942b576cda6/execute/async - {"script":"<script> [6424 bytes]","args":[{"element-6066-11e4-a52e-4f735466cecf":"f.B75173DCAD9BAA5C444E47860DF35B72.d.AB712EFA84ABD6F32C18DF6FC8865CE0.e.3264"},"setValue",["5/17/25"]]}
RESULT: {"script":"<script> [6424 bytes]","args":[{"element-6066-11e4-a52e-4f735466cecf":"f.B75173DCAD9BAA5C444E47860DF35B72.d.AB712EFA84ABD6F32C18DF6FC8865CE0.e.3264"},"setValue",["5/17/25"]]}
COMMAND: POST /session/3629965791c759c347fde942b576cda6/element - {"using":"xpath","value":"//input[@id=\"generalSectionFrg--receiveYard-inner\"]"}
RESULT: {"using":"xpath","value":"//input[@id=\"generalSectionFrg--receiveYard-inner\"]"}
COMMAND: POST /session/3629965791c759c347fde942b576cda6/element/f.B75173DCAD9BAA5C444E47860DF35B72.d.AB712EFA84ABD6F32C18DF6FC8865CE0.e.3268/clear - {}
RESULT: {}
COMMAND: POST /session/3629965791c759c347fde942b576cda6/element/f.B75173DCAD9BAA5C444E47860DF35B72.d.AB712EFA84ABD6F32C18DF6FC8865CE0.e.3268/value - {"text":"497"}
COMMAND: GET /session/3629965791c759c347fde942b576cda6/screenshot - {}
RESULT: {"text":"497"}
COMMAND: GET /session/3629965791c759c347fde942b576cda6/screenshot - {}
RESULT: {}
RESULT: {}
COMMAND: POST /session/3629965791c759c347fde942b576cda6/element - {"using":"xpath","value":"//li[.//span[text()='497']]"}
RESULT: {"using":"xpath","value":"//li[.//span[text()='497']]"}
COMMAND: POST /session/3629965791c759c347fde942b576cda6/element/f.B75173DCAD9BAA5C444E47860DF35B72.d.AB712EFA84ABD6F32C18DF6FC8865CE0.e.3282/click - {}
RESULT: {}
COMMAND: GET /session/3629965791c759c347fde942b576cda6/screenshot - {}
RESULT: {}
COMMAND: POST /session/3629965791c759c347fde942b576cda6/execute/async - {"script":"<script> [1562 bytes]","args":[{"selector":{"id":"application-managehandovers-display-component---AddNewHO--ObjectPageLayout-anchBar-application-managehandovers-display-component---AddNewHO--section4-anchor","interaction":{"idSuffix":"BDI-content"}},"wdio_ui5_key":"applicationmanagehandovers-display-component---AddNewHO--ObjectPageLayout-anchBar-application-managehandovers-display-component---AddNewHO--section4-anchor"}]}
RESULT: {"script":"<script> [1562 bytes]","args":[{"selector":{"id":"application-managehandovers-display-component---AddNewHO--ObjectPageLayout-anchBar-application-managehandovers-display-component---AddNewHO--section4-anchor","interaction":{"idSuffix":"BDI-content"}},"wdio_ui5_key":"applicationmanagehandovers-display-component---AddNewHO--ObjectPageLayout-anchBar-application-managehandovers-display-component---AddNewHO--section4-anchor"}]}
RESULT: undefined
COMMAND: POST /session/3629965791c759c347fde942b576cda6/element - {"using":"xpath","value":"//*[@id=\"application-managehandovers-display-component---AddNewHO--ObjectPageLayout-anchBar-application-managehandovers-display-component---AddNewHO--section4-anchor\"]"}
RESULT: {"using":"xpath","value":"//*[@id=\"application-managehandovers-display-component---AddNewHO--ObjectPageLayout-anchBar-application-managehandovers-display-component---AddNewHO--section4-anchor\"]"}
COMMAND: POST /session/3629965791c759c347fde942b576cda6/element/f.B75173DCAD9BAA5C444E47860DF35B72.d.AB712EFA84ABD6F32C18DF6FC8865CE0.e.3284/click - {}
RESULT: {}
COMMAND: POST /session/3629965791c759c347fde942b576cda6/element - {"using":"xpath","value":"//button[@aria-label=\"Add\"]"}
COMMAND: GET /session/3629965791c759c347fde942b576cda6/screenshot - {}
RESULT: {"using":"xpath","value":"//button[@aria-label=\"Add\"]"}
COMMAND: POST /session/3629965791c759c347fde942b576cda6/element/f.B75173DCAD9BAA5C444E47860DF35B72.d.AB712EFA84ABD6F32C18DF6FC8865CE0.e.3286/click - {}
RESULT: {}
RESULT: {}
COMMAND: GET /session/3629965791c759c347fde942b576cda6/screenshot - {}
RESULT: {}
COMMAND: POST /session/3629965791c759c347fde942b576cda6/execute/async - {"script":"<script> [1562 bytes]","args":[{"selector":{"id":"application-managehandovers-display-component---AddNewHO--smartFilterBar-btnBasicSearch","searchOpenDialogs":true,"interaction":{"idSuffix":"I"}},"wdio_ui5_key":"applicationmanagehandovers-display-component---AddNewHO--smartFilterBar-btnBasicSearch"}]}
RESULT: {"script":"<script> [1562 bytes]","args":[{"selector":{"id":"application-managehandovers-display-component---AddNewHO--smartFilterBar-btnBasicSearch","searchOpenDialogs":true,"interaction":{"idSuffix":"I"}},"wdio_ui5_key":"applicationmanagehandovers-display-component---AddNewHO--smartFilterBar-btnBasicSearch"}]}
RESULT: undefined
COMMAND: POST /session/3629965791c759c347fde942b576cda6/execute/async - {"script":"<script> [776 bytes]","args":[{"enterText":"200254","selector":{"id":"application-managehandovers-display-component---AddNewHO--smartFilterBar-btnBasicSearch","searchOpenDialogs":true,"interaction":{"idSuffix":"I"}},"clearTextFirst":true,"interactionType":"ENTER_TEXT"}]}
RESULT: {"script":"<script> [776 bytes]","args":[{"enterText":"200254","selector":{"id":"application-managehandovers-display-component---AddNewHO--smartFilterBar-btnBasicSearch","searchOpenDialogs":true,"interaction":{"idSuffix":"I"}},"clearTextFirst":true,"interactionType":"ENTER_TEXT"}]}
COMMAND: POST /session/3629965791c759c347fde942b576cda6/actions - {"actions":[{"id":"action12","type":"key","parameters":{},"actions":[{"type":"keyDown","value":"î€‡"},{"type":"pause","duration":10},{"type":"keyUp","value":"î€‡"}]}]}
RESULT: {"actions":[{"id":"action12","type":"key","parameters":{},"actions":[{"type":"keyDown","value":"î€‡"},{"type":"pause","duration":10},{"type":"keyUp","value":"î€‡"}]}]}
COMMAND: GET /session/3629965791c759c347fde942b576cda6/screenshot - {}
RESULT: {}
COMMAND: POST /session/3629965791c759c347fde942b576cda6/execute/async - {"script":"<script> [1562 bytes]","args":[{"selector":{"id":"application-managehandovers-display-component---AddNewHO--popup-sa","searchOpenDialogs":true,"interaction":{"idSuffix":"CbBg"}},"wdio_ui5_key":"applicationmanagehandovers-display-component---AddNewHO--popup-sa"}]}
RESULT: {"script":"<script> [1562 bytes]","args":[{"selector":{"id":"application-managehandovers-display-component---AddNewHO--popup-sa","searchOpenDialogs":true,"interaction":{"idSuffix":"CbBg"}},"wdio_ui5_key":"applicationmanagehandovers-display-component---AddNewHO--popup-sa"}]}
RESULT: undefined
COMMAND: POST /session/3629965791c759c347fde942b576cda6/element - {"using":"xpath","value":"//*[@id=\"application-managehandovers-display-component---AddNewHO--popup-sa\"]"}
RESULT: {"using":"xpath","value":"//*[@id=\"application-managehandovers-display-component---AddNewHO--popup-sa\"]"}
COMMAND: POST /session/3629965791c759c347fde942b576cda6/element/f.B75173DCAD9BAA5C444E47860DF35B72.d.AB712EFA84ABD6F32C18DF6FC8865CE0.e.3417/click - {}
RESULT: {}
COMMAND: GET /session/3629965791c759c347fde942b576cda6/screenshot - {}
RESULT: {}
COMMAND: POST /session/3629965791c759c347fde942b576cda6/element - {"using":"xpath","value":"//bdi[contains(text(), \"Select\")]"}
RESULT: {"using":"xpath","value":"//bdi[contains(text(), \"Select\")]"}
COMMAND: POST /session/3629965791c759c347fde942b576cda6/element/f.B75173DCAD9BAA5C444E47860DF35B72.d.AB712EFA84ABD6F32C18DF6FC8865CE0.e.3418/click - {}
RESULT: {}
COMMAND: GET /session/3629965791c759c347fde942b576cda6/screenshot - {}
RESULT: {}
COMMAND: POST /session/3629965791c759c347fde942b576cda6/element - {"using":"xpath","value":"//button[@data-kt=\"AddNewHOSaveButton\"]"}
RESULT: {"using":"xpath","value":"//button[@data-kt=\"AddNewHOSaveButton\"]"}
COMMAND: POST /session/3629965791c759c347fde942b576cda6/element/f.B75173DCAD9BAA5C444E47860DF35B72.d.AB712EFA84ABD6F32C18DF6FC8865CE0.e.3422/click - {}
RESULT: {}
COMMAND: GET /session/3629965791c759c347fde942b576cda6/screenshot - {}
RESULT: {}
COMMAND: POST /session/3629965791c759c347fde942b576cda6/execute/async - {"script":"<script> [1562 bytes]","args":[{"selector":{"id":"receiptDatePicker","viewName":"etm.portal.ui.managehandovers.view.DetailExecuteHO","interaction":{"idSuffix":"inner"}},"wdio_ui5_key":"receiptDatePickeretmportal.ui.managehandovers.view.DetailExecuteHO"}]}
RESULT: {"script":"<script> [1562 bytes]","args":[{"selector":{"id":"receiptDatePicker","viewName":"etm.portal.ui.managehandovers.view.DetailExecuteHO","interaction":{"idSuffix":"inner"}},"wdio_ui5_key":"receiptDatePickeretmportal.ui.managehandovers.view.DetailExecuteHO"}]}
RESULT: undefined
COMMAND: POST /session/3629965791c759c347fde942b576cda6/execute/async - {"script":"<script> [6424 bytes]","args":[{"element-6066-11e4-a52e-4f735466cecf":"f.B75173DCAD9BAA5C444E47860DF35B72.d.AB712EFA84ABD6F32C18DF6FC8865CE0.e.3440"},"setValue",["5/17/25"]]}
RESULT: {"script":"<script> [6424 bytes]","args":[{"element-6066-11e4-a52e-4f735466cecf":"f.B75173DCAD9BAA5C444E47860DF35B72.d.AB712EFA84ABD6F32C18DF6FC8865CE0.e.3440"},"setValue",["5/17/25"]]}
COMMAND: POST /session/3629965791c759c347fde942b576cda6/element - {"using":"xpath","value":"//button[@data-kt=\"PickingTableConfirmAllButton\"]"}
RESULT: {"using":"xpath","value":"//button[@data-kt=\"PickingTableConfirmAllButton\"]"}
COMMAND: POST /session/3629965791c759c347fde942b576cda6/element/f.B75173DCAD9BAA5C444E47860DF35B72.d.AB712EFA84ABD6F32C18DF6FC8865CE0.e.3454/click - {}
RESULT: {}
COMMAND: GET /session/3629965791c759c347fde942b576cda6/screenshot - {}
RESULT: {}
COMMAND: POST /session/3629965791c759c347fde942b576cda6/element - {"using":"xpath","value":"//bdi[contains(text(), \"OK\")]"}
RESULT: {"using":"xpath","value":"//bdi[contains(text(), \"OK\")]"}
COMMAND: POST /session/3629965791c759c347fde942b576cda6/element/f.B75173DCAD9BAA5C444E47860DF35B72.d.AB712EFA84ABD6F32C18DF6FC8865CE0.e.3456/click - {}
RESULT: {}
COMMAND: GET /session/3629965791c759c347fde942b576cda6/screenshot - {}
RESULT: {}
COMMAND: POST /session/3629965791c759c347fde942b576cda6/element - {"using":"xpath","value":"(//bdi[contains(text(), \"Receive\")])[2]"}
RESULT: {"using":"xpath","value":"(//bdi[contains(text(), \"Receive\")])[2]"}
COMMAND: POST /session/3629965791c759c347fde942b576cda6/element/f.B75173DCAD9BAA5C444E47860DF35B72.d.AB712EFA84ABD6F32C18DF6FC8865CE0.e.3458/click - {}
RESULT: {}
COMMAND: GET /session/3629965791c759c347fde942b576cda6/screenshot - {}
RESULT: {}
COMMAND: POST /session/3629965791c759c347fde942b576cda6/element - {"using":"css selector","value":"#shell-header-logo"}
RESULT: {"using":"css selector","value":"#shell-header-logo"}
COMMAND: POST /session/3629965791c759c347fde942b576cda6/element/f.B75173DCAD9BAA5C444E47860DF35B72.d.AB712EFA84ABD6F32C18DF6FC8865CE0.e.2874/click - {}
RESULT: {}
COMMAND: GET /session/3629965791c759c347fde942b576cda6/screenshot - {}
RESULT: {}
]]></system-out>
    </testcase>
    <testcase classname="chrome.136_0_7103_93.windows.Prerequisites_&amp;_test_for_yard_mass_return_on_Yard_Overview_US131057" name="Prereq Should create a new contract" time="68.294">
      <system-out><![CDATA[
COMMAND: POST /session/3629965791c759c347fde942b576cda6/execute/async - {"script":"<script> [1562 bytes]","args":[{"selector":{"controlType":"sap.m.GenericTile","properties":{"header":"Manage Contracts"}},"wdio_ui5_key":"sapm.GenericTile{\"header\":\"Manage Contracts\"}"}]}
RESULT: {"script":"<script> [1562 bytes]","args":[{"selector":{"controlType":"sap.m.GenericTile","properties":{"header":"Manage Contracts"}},"wdio_ui5_key":"sapm.GenericTile{\"header\":\"Manage Contracts\"}"}]}
RESULT: undefined
COMMAND: POST /session/3629965791c759c347fde942b576cda6/element - {"using":"xpath","value":"//*[@id=\"__tile132\"]"}
RESULT: {"using":"xpath","value":"//*[@id=\"__tile132\"]"}
COMMAND: POST /session/3629965791c759c347fde942b576cda6/element/f.B75173DCAD9BAA5C444E47860DF35B72.d.AB712EFA84ABD6F32C18DF6FC8865CE0.e.184/click - {}
RESULT: {}
COMMAND: GET /session/3629965791c759c347fde942b576cda6/screenshot - {}
RESULT: {}
COMMAND: POST /session/3629965791c759c347fde942b576cda6/elements - {"using":"xpath","value":"//span[text()='Error']"}
RESULT: {"using":"xpath","value":"//span[text()='Error']"}
COMMAND: POST /session/3629965791c759c347fde942b576cda6/element - {"using":"xpath","value":"//button[@data-kt=\"addButton\"]"}
RESULT: {"using":"xpath","value":"//button[@data-kt=\"addButton\"]"}
COMMAND: POST /session/3629965791c759c347fde942b576cda6/elements - {"using":"xpath","value":"//button[@data-kt=\"addButton\"]"}
RESULT: {"using":"xpath","value":"//button[@data-kt=\"addButton\"]"}
COMMAND: POST /session/3629965791c759c347fde942b576cda6/execute/sync - {"script":"<script> [8489 bytes]","args":[{"element-6066-11e4-a52e-4f735466cecf":"f.B75173DCAD9BAA5C444E47860DF35B72.d.AB712EFA84ABD6F32C18DF6FC8865CE0.e.3790","ELEMENT":"f.B75173DCAD9BAA5C444E47860DF35B72.d.AB712EFA84ABD6F32C18DF6FC8865CE0.e.3790"}]}
RESULT: {"script":"<script> [8489 bytes]","args":[{"element-6066-11e4-a52e-4f735466cecf":"f.B75173DCAD9BAA5C444E47860DF35B72.d.AB712EFA84ABD6F32C18DF6FC8865CE0.e.3790","ELEMENT":"f.B75173DCAD9BAA5C444E47860DF35B72.d.AB712EFA84ABD6F32C18DF6FC8865CE0.e.3790"}]}
COMMAND: GET /session/3629965791c759c347fde942b576cda6/element/f.B75173DCAD9BAA5C444E47860DF35B72.d.AB712EFA84ABD6F32C18DF6FC8865CE0.e.3790/enabled - {}
COMMAND: GET /session/3629965791c759c347fde942b576cda6/screenshot - {}
RESULT: {}
COMMAND: POST /session/3629965791c759c347fde942b576cda6/execute/sync - {"script":"<script> [8489 bytes]","args":[{"element-6066-11e4-a52e-4f735466cecf":"f.B75173DCAD9BAA5C444E47860DF35B72.d.AB712EFA84ABD6F32C18DF6FC8865CE0.e.3790","ELEMENT":"f.B75173DCAD9BAA5C444E47860DF35B72.d.AB712EFA84ABD6F32C18DF6FC8865CE0.e.3790"}]}
COMMAND: GET /session/3629965791c759c347fde942b576cda6/screenshot - {}
RESULT: {}
RESULT: {"script":"<script> [8489 bytes]","args":[{"element-6066-11e4-a52e-4f735466cecf":"f.B75173DCAD9BAA5C444E47860DF35B72.d.AB712EFA84ABD6F32C18DF6FC8865CE0.e.3790","ELEMENT":"f.B75173DCAD9BAA5C444E47860DF35B72.d.AB712EFA84ABD6F32C18DF6FC8865CE0.e.3790"}]}
COMMAND: POST /session/3629965791c759c347fde942b576cda6/execute/sync - {"script":"<script> [5351 bytes]","args":[{"element-6066-11e4-a52e-4f735466cecf":"f.B75173DCAD9BAA5C444E47860DF35B72.d.AB712EFA84ABD6F32C18DF6FC8865CE0.e.3790","ELEMENT":"f.B75173DCAD9BAA5C444E47860DF35B72.d.AB712EFA84ABD6F32C18DF6FC8865CE0.e.3790"}]}
COMMAND: GET /session/3629965791c759c347fde942b576cda6/screenshot - {}
RESULT: {}
RESULT: {"script":"<script> [5351 bytes]","args":[{"element-6066-11e4-a52e-4f735466cecf":"f.B75173DCAD9BAA5C444E47860DF35B72.d.AB712EFA84ABD6F32C18DF6FC8865CE0.e.3790","ELEMENT":"f.B75173DCAD9BAA5C444E47860DF35B72.d.AB712EFA84ABD6F32C18DF6FC8865CE0.e.3790"}]}
COMMAND: GET /session/3629965791c759c347fde942b576cda6/screenshot - {}
RESULT: {}
RESULT: {}
COMMAND: POST /session/3629965791c759c347fde942b576cda6/element/f.B75173DCAD9BAA5C444E47860DF35B72.d.AB712EFA84ABD6F32C18DF6FC8865CE0.e.3790/click - {}
RESULT: {}
COMMAND: GET /session/3629965791c759c347fde942b576cda6/screenshot - {}
COMMAND: POST /session/3629965791c759c347fde942b576cda6/execute/async - {"script":"<script> [1562 bytes]","args":[{"selector":{"id":"application-managecontracts-display-component---AddNewContract--projectDescription","interaction":{"idSuffix":"inner"}},"wdio_ui5_key":"applicationmanagecontracts-display-component---AddNewContract--projectDescription"}]}
RESULT: {}
RESULT: {"script":"<script> [1562 bytes]","args":[{"selector":{"id":"application-managecontracts-display-component---AddNewContract--projectDescription","interaction":{"idSuffix":"inner"}},"wdio_ui5_key":"applicationmanagecontracts-display-component---AddNewContract--projectDescription"}]}
RESULT: undefined
COMMAND: POST /session/3629965791c759c347fde942b576cda6/execute/async - {"script":"<script> [776 bytes]","args":[{"enterText":"Contract WDIO","selector":{"id":"application-managecontracts-display-component---AddNewContract--projectDescription","interaction":{"idSuffix":"inner"}},"clearTextFirst":true,"interactionType":"ENTER_TEXT"}]}
RESULT: {"script":"<script> [776 bytes]","args":[{"enterText":"Contract WDIO","selector":{"id":"application-managecontracts-display-component---AddNewContract--projectDescription","interaction":{"idSuffix":"inner"}},"clearTextFirst":true,"interactionType":"ENTER_TEXT"}]}
COMMAND: POST /session/3629965791c759c347fde942b576cda6/element - {"using":"xpath","value":"//input[@id=\"application-managecontracts-display-component---AddNewContract--site-inner\"]"}
RESULT: {"using":"xpath","value":"//input[@id=\"application-managecontracts-display-component---AddNewContract--site-inner\"]"}
COMMAND: POST /session/3629965791c759c347fde942b576cda6/element/f.B75173DCAD9BAA5C444E47860DF35B72.d.AB712EFA84ABD6F32C18DF6FC8865CE0.e.4151/clear - {}
RESULT: {}
COMMAND: POST /session/3629965791c759c347fde942b576cda6/element/f.B75173DCAD9BAA5C444E47860DF35B72.d.AB712EFA84ABD6F32C18DF6FC8865CE0.e.4151/value - {"text":"2238"}
COMMAND: GET /session/3629965791c759c347fde942b576cda6/screenshot - {}
RESULT: {"text":"2238"}
COMMAND: GET /session/3629965791c759c347fde942b576cda6/screenshot - {}
RESULT: {}
RESULT: {}
COMMAND: POST /session/3629965791c759c347fde942b576cda6/element - {"using":"xpath","value":"//li[.//span[text()='2238']]"}
RESULT: {"using":"xpath","value":"//li[.//span[text()='2238']]"}
COMMAND: POST /session/3629965791c759c347fde942b576cda6/element/f.B75173DCAD9BAA5C444E47860DF35B72.d.AB712EFA84ABD6F32C18DF6FC8865CE0.e.4185/click - {}
RESULT: {}
COMMAND: GET /session/3629965791c759c347fde942b576cda6/screenshot - {}
RESULT: {}
COMMAND: POST /session/3629965791c759c347fde942b576cda6/element - {"using":"xpath","value":"//input[@id=\"application-managecontracts-display-component---AddNewContract--yardId-inner\"]"}
RESULT: {"using":"xpath","value":"//input[@id=\"application-managecontracts-display-component---AddNewContract--yardId-inner\"]"}
COMMAND: GET /session/3629965791c759c347fde942b576cda6/element/f.B75173DCAD9BAA5C444E47860DF35B72.d.AB712EFA84ABD6F32C18DF6FC8865CE0.e.4152/property/value - {}
RESULT: {}
COMMAND: POST /session/3629965791c759c347fde942b576cda6/element - {"using":"xpath","value":"//input[@id=\"application-managecontracts-display-component---AddNewContract--customerSelect-inner\"]"}
COMMAND: GET /session/3629965791c759c347fde942b576cda6/screenshot - {}
RESULT: {"using":"xpath","value":"//input[@id=\"application-managecontracts-display-component---AddNewContract--customerSelect-inner\"]"}
COMMAND: POST /session/3629965791c759c347fde942b576cda6/element/f.B75173DCAD9BAA5C444E47860DF35B72.d.AB712EFA84ABD6F32C18DF6FC8865CE0.e.4150/clear - {}
RESULT: {}
RESULT: {}
COMMAND: POST /session/3629965791c759c347fde942b576cda6/element/f.B75173DCAD9BAA5C444E47860DF35B72.d.AB712EFA84ABD6F32C18DF6FC8865CE0.e.4150/value - {"text":"1282"}
COMMAND: GET /session/3629965791c759c347fde942b576cda6/screenshot - {}
RESULT: {"text":"1282"}
COMMAND: GET /session/3629965791c759c347fde942b576cda6/screenshot - {}
RESULT: {}
RESULT: {}
COMMAND: POST /session/3629965791c759c347fde942b576cda6/element - {"using":"xpath","value":"//li[.//span[text()='1282']]"}
RESULT: {"using":"xpath","value":"//li[.//span[text()='1282']]"}
COMMAND: POST /session/3629965791c759c347fde942b576cda6/element/f.B75173DCAD9BAA5C444E47860DF35B72.d.AB712EFA84ABD6F32C18DF6FC8865CE0.e.4188/click - {}
RESULT: {}
COMMAND: GET /session/3629965791c759c347fde942b576cda6/screenshot - {}
RESULT: {}
COMMAND: POST /session/3629965791c759c347fde942b576cda6/element - {"using":"xpath","value":"//button[@data-kt=\"saveButton\"]"}
RESULT: {"using":"xpath","value":"//button[@data-kt=\"saveButton\"]"}
COMMAND: POST /session/3629965791c759c347fde942b576cda6/element/f.B75173DCAD9BAA5C444E47860DF35B72.d.AB712EFA84ABD6F32C18DF6FC8865CE0.e.4189/click - {}
RESULT: {}
COMMAND: GET /session/3629965791c759c347fde942b576cda6/screenshot - {}
RESULT: {}
COMMAND: POST /session/3629965791c759c347fde942b576cda6/element - {"using":"xpath","value":"//span[contains(@id ,\"contractDetailTitleNoExpanded\")]"}
RESULT: {"using":"xpath","value":"//span[contains(@id ,\"contractDetailTitleNoExpanded\")]"}
COMMAND: POST /session/3629965791c759c347fde942b576cda6/elements - {"using":"xpath","value":"//span[contains(@id ,\"contractDetailTitleNoExpanded\")]"}
RESULT: {"using":"xpath","value":"//span[contains(@id ,\"contractDetailTitleNoExpanded\")]"}
COMMAND: POST /session/3629965791c759c347fde942b576cda6/execute/sync - {"script":"<script> [56 bytes]","args":[{"element-6066-11e4-a52e-4f735466cecf":"f.B75173DCAD9BAA5C444E47860DF35B72.d.AB712EFA84ABD6F32C18DF6FC8865CE0.e.4201","ELEMENT":"f.B75173DCAD9BAA5C444E47860DF35B72.d.AB712EFA84ABD6F32C18DF6FC8865CE0.e.4201"}]}
RESULT: {"script":"<script> [56 bytes]","args":[{"element-6066-11e4-a52e-4f735466cecf":"f.B75173DCAD9BAA5C444E47860DF35B72.d.AB712EFA84ABD6F32C18DF6FC8865CE0.e.4201","ELEMENT":"f.B75173DCAD9BAA5C444E47860DF35B72.d.AB712EFA84ABD6F32C18DF6FC8865CE0.e.4201"}]}
COMMAND: GET /session/3629965791c759c347fde942b576cda6/screenshot - {}
RESULT: {}
]]></system-out>
    </testcase>
    <testcase classname="chrome.136_0_7103_93.windows.Prerequisites_&amp;_test_for_yard_mass_return_on_Yard_Overview_US131057" name="Prereq Should add created material to contract" time="59.034">
      <system-out><![CDATA[
COMMAND: POST /session/3629965791c759c347fde942b576cda6/element - {"using":"xpath","value":"//button[@data-kt=\"contractDetailEditBtnButton\"]"}
RESULT: {"using":"xpath","value":"//button[@data-kt=\"contractDetailEditBtnButton\"]"}
COMMAND: POST /session/3629965791c759c347fde942b576cda6/element/f.B75173DCAD9BAA5C444E47860DF35B72.d.AB712EFA84ABD6F32C18DF6FC8865CE0.e.4202/click - {}
RESULT: {}
COMMAND: GET /session/3629965791c759c347fde942b576cda6/screenshot - {}
RESULT: {}
COMMAND: POST /session/3629965791c759c347fde942b576cda6/element - {"using":"xpath","value":"(//span[contains(text(), \"Additional Addresses\")])[2]"}
RESULT: {"using":"xpath","value":"(//span[contains(text(), \"Additional Addresses\")])[2]"}
COMMAND: POST /session/3629965791c759c347fde942b576cda6/element/f.B75173DCAD9BAA5C444E47860DF35B72.d.AB712EFA84ABD6F32C18DF6FC8865CE0.e.4257/click - {}
RESULT: {}
COMMAND: GET /session/3629965791c759c347fde942b576cda6/screenshot - {}
RESULT: {}
COMMAND: POST /session/3629965791c759c347fde942b576cda6/element - {"using":"xpath","value":"//button[@data-kt=\"btnAddTableRowOverflowToolbarButton\"]"}
RESULT: {"using":"xpath","value":"//button[@data-kt=\"btnAddTableRowOverflowToolbarButton\"]"}
COMMAND: POST /session/3629965791c759c347fde942b576cda6/element/f.B75173DCAD9BAA5C444E47860DF35B72.d.AB712EFA84ABD6F32C18DF6FC8865CE0.e.4261/click - {}
RESULT: {}
COMMAND: GET /session/3629965791c759c347fde942b576cda6/screenshot - {}
RESULT: {}
COMMAND: POST /session/3629965791c759c347fde942b576cda6/element - {"using":"xpath","value":"//div[(text() = 'Standard Entry' or . = 'Standard Entry')]"}
RESULT: {"using":"xpath","value":"//div[(text() = 'Standard Entry' or . = 'Standard Entry')]"}
COMMAND: POST /session/3629965791c759c347fde942b576cda6/element/f.B75173DCAD9BAA5C444E47860DF35B72.d.AB712EFA84ABD6F32C18DF6FC8865CE0.e.4263/click - {}
RESULT: {}
COMMAND: GET /session/3629965791c759c347fde942b576cda6/screenshot - {}
RESULT: {}
COMMAND: POST /session/3629965791c759c347fde942b576cda6/element - {"using":"xpath","value":"//td[6]/div/div/div/span"}
RESULT: {"using":"xpath","value":"//td[6]/div/div/div/span"}
COMMAND: POST /session/3629965791c759c347fde942b576cda6/element/f.B75173DCAD9BAA5C444E47860DF35B72.d.AB712EFA84ABD6F32C18DF6FC8865CE0.e.4275/click - {}
RESULT: {}
COMMAND: GET /session/3629965791c759c347fde942b576cda6/screenshot - {}
RESULT: {}
COMMAND: POST /session/3629965791c759c347fde942b576cda6/element - {"using":"xpath","value":"(//span[contains(text(), \"Material\")])"}
RESULT: {"using":"xpath","value":"(//span[contains(text(), \"Material\")])"}
COMMAND: POST /session/3629965791c759c347fde942b576cda6/element/f.B75173DCAD9BAA5C444E47860DF35B72.d.AB712EFA84ABD6F32C18DF6FC8865CE0.e.4276/click - {}
RESULT: {}
COMMAND: GET /session/3629965791c759c347fde942b576cda6/screenshot - {}
RESULT: {}
COMMAND: POST /session/3629965791c759c347fde942b576cda6/element - {"using":"xpath","value":"//td[7]/div/div/input"}
RESULT: {"using":"xpath","value":"//td[7]/div/div/input"}
COMMAND: POST /session/3629965791c759c347fde942b576cda6/element/f.B75173DCAD9BAA5C444E47860DF35B72.d.AB712EFA84ABD6F32C18DF6FC8865CE0.e.4280/clear - {}
RESULT: {}
COMMAND: POST /session/3629965791c759c347fde942b576cda6/element/f.B75173DCAD9BAA5C444E47860DF35B72.d.AB712EFA84ABD6F32C18DF6FC8865CE0.e.4280/value - {"text":"200254"}
COMMAND: GET /session/3629965791c759c347fde942b576cda6/screenshot - {}
RESULT: {"text":"200254"}
COMMAND: GET /session/3629965791c759c347fde942b576cda6/screenshot - {}
RESULT: {}
RESULT: {}
COMMAND: POST /session/3629965791c759c347fde942b576cda6/actions - {"actions":[{"id":"action13","type":"key","parameters":{},"actions":[{"type":"keyDown","value":"î€‡"},{"type":"pause","duration":10},{"type":"keyUp","value":"î€‡"}]}]}
RESULT: {"actions":[{"id":"action13","type":"key","parameters":{},"actions":[{"type":"keyDown","value":"î€‡"},{"type":"pause","duration":10},{"type":"keyUp","value":"î€‡"}]}]}
COMMAND: GET /session/3629965791c759c347fde942b576cda6/screenshot - {}
RESULT: {}
COMMAND: POST /session/3629965791c759c347fde942b576cda6/execute/sync - {"script":"<script> [276 bytes]","args":["No pricing information was found"]}
RESULT: {"script":"<script> [276 bytes]","args":["No pricing information was found"]}
COMMAND: POST /session/3629965791c759c347fde942b576cda6/element - {"using":"xpath","value":"//bdi[contains(text(), \"OK\")]"}
COMMAND: GET /session/3629965791c759c347fde942b576cda6/screenshot - {}
RESULT: {"using":"xpath","value":"//bdi[contains(text(), \"OK\")]"}
COMMAND: POST /session/3629965791c759c347fde942b576cda6/element/f.B75173DCAD9BAA5C444E47860DF35B72.d.AB712EFA84ABD6F32C18DF6FC8865CE0.e.4306/click - {}
RESULT: {}
RESULT: {}
COMMAND: GET /session/3629965791c759c347fde942b576cda6/screenshot - {}
RESULT: {}
COMMAND: POST /session/3629965791c759c347fde942b576cda6/element - {"using":"xpath","value":"(//button[@data-kt=\"saveButton\"])[2]"}
RESULT: {"using":"xpath","value":"(//button[@data-kt=\"saveButton\"])[2]"}
COMMAND: POST /session/3629965791c759c347fde942b576cda6/element/f.B75173DCAD9BAA5C444E47860DF35B72.d.AB712EFA84ABD6F32C18DF6FC8865CE0.e.4307/click - {}
RESULT: {}
COMMAND: GET /session/3629965791c759c347fde942b576cda6/screenshot - {}
RESULT: {}
COMMAND: POST /session/3629965791c759c347fde942b576cda6/execute/sync - {"script":"<script> [276 bytes]","args":["Some contract items are having rental validity exceeding header rental validity"]}
RESULT: {"script":"<script> [276 bytes]","args":["Some contract items are having rental validity exceeding header rental validity"]}
COMMAND: GET /session/3629965791c759c347fde942b576cda6/screenshot - {}
RESULT: {}
COMMAND: POST /session/3629965791c759c347fde942b576cda6/element - {"using":"xpath","value":"//span[contains(@id ,\"contractItemsSmartTable-header-inner\")]"}
RESULT: {"using":"xpath","value":"//span[contains(@id ,\"contractItemsSmartTable-header-inner\")]"}
COMMAND: POST /session/3629965791c759c347fde942b576cda6/elements - {"using":"xpath","value":"//span[contains(@id ,\"contractItemsSmartTable-header-inner\")]"}
RESULT: {"using":"xpath","value":"//span[contains(@id ,\"contractItemsSmartTable-header-inner\")]"}
COMMAND: POST /session/3629965791c759c347fde942b576cda6/execute/sync - {"script":"<script> [56 bytes]","args":[{"element-6066-11e4-a52e-4f735466cecf":"f.B75173DCAD9BAA5C444E47860DF35B72.d.AB712EFA84ABD6F32C18DF6FC8865CE0.e.4311","ELEMENT":"f.B75173DCAD9BAA5C444E47860DF35B72.d.AB712EFA84ABD6F32C18DF6FC8865CE0.e.4311"}]}
RESULT: {"script":"<script> [56 bytes]","args":[{"element-6066-11e4-a52e-4f735466cecf":"f.B75173DCAD9BAA5C444E47860DF35B72.d.AB712EFA84ABD6F32C18DF6FC8865CE0.e.4311","ELEMENT":"f.B75173DCAD9BAA5C444E47860DF35B72.d.AB712EFA84ABD6F32C18DF6FC8865CE0.e.4311"}]}
COMMAND: GET /session/3629965791c759c347fde942b576cda6/screenshot - {}
]]></system-out>
    </testcase>
    <testcase classname="chrome.136_0_7103_93.windows.Prerequisites_&amp;_test_for_yard_mass_return_on_Yard_Overview_US131057" name="Prerq Should do a provide to site handover" time="75.028">
      <system-out><![CDATA[
COMMAND: POST /session/3629965791c759c347fde942b576cda6/element - {"using":"xpath","value":"//button[@data-kt=\"provideButton\"]"}
RESULT: {"using":"xpath","value":"//button[@data-kt=\"provideButton\"]"}
COMMAND: POST /session/3629965791c759c347fde942b576cda6/element/f.B75173DCAD9BAA5C444E47860DF35B72.d.AB712EFA84ABD6F32C18DF6FC8865CE0.e.4312/click - {}
RESULT: {}
RESULT: {}
COMMAND: GET /session/3629965791c759c347fde942b576cda6/screenshot - {}
RESULT: {}
RESULT: undefined
COMMAND: POST /session/3629965791c759c347fde942b576cda6/execute/async - {"script":"<script> [6424 bytes]","args":[{"element-6066-11e4-a52e-4f735466cecf":"f.B75173DCAD9BAA5C444E47860DF35B72.d.AB712EFA84ABD6F32C18DF6FC8865CE0.e.3264"},"setValue",["5/17/25"]]}
COMMAND: POST /session/3629965791c759c347fde942b576cda6/execute/async - {"script":"<script> [1562 bytes]","args":[{"selector":{"id":"application-managehandovers-display-component---AddNewHO--dueDate","interaction":{"idSuffix":"inner"}},"wdio_ui5_key":"applicationmanagehandovers-display-component---AddNewHO--dueDate"}]}
RESULT: {"script":"<script> [1562 bytes]","args":[{"selector":{"id":"application-managehandovers-display-component---AddNewHO--dueDate","interaction":{"idSuffix":"inner"}},"wdio_ui5_key":"applicationmanagehandovers-display-component---AddNewHO--dueDate"}]}
COMMAND: POST /session/3629965791c759c347fde942b576cda6/execute/async - {"script":"<script> [6424 bytes]","args":[{"element-6066-11e4-a52e-4f735466cecf":"f.B75173DCAD9BAA5C444E47860DF35B72.d.AB712EFA84ABD6F32C18DF6FC8865CE0.e.4388"},"setValue",["5/17/25"]]}
RESULT: {"script":"<script> [6424 bytes]","args":[{"element-6066-11e4-a52e-4f735466cecf":"f.B75173DCAD9BAA5C444E47860DF35B72.d.AB712EFA84ABD6F32C18DF6FC8865CE0.e.4388"},"setValue",["5/17/25"]]}
COMMAND: POST /session/3629965791c759c347fde942b576cda6/element - {"using":"xpath","value":"//bdi[contains(text(), \"Instructions\")]"}
RESULT: {"using":"xpath","value":"//bdi[contains(text(), \"Instructions\")]"}
COMMAND: POST /session/3629965791c759c347fde942b576cda6/element/f.B75173DCAD9BAA5C444E47860DF35B72.d.AB712EFA84ABD6F32C18DF6FC8865CE0.e.4623/click - {}
RESULT: {}
COMMAND: GET /session/3629965791c759c347fde942b576cda6/screenshot - {}
RESULT: {}
COMMAND: POST /session/3629965791c759c347fde942b576cda6/element - {"using":"xpath","value":"//button[@data-kt=\"AddNewHOProvideAddItemsButton\"]"}
RESULT: {"using":"xpath","value":"//button[@data-kt=\"AddNewHOProvideAddItemsButton\"]"}
COMMAND: POST /session/3629965791c759c347fde942b576cda6/element/f.B75173DCAD9BAA5C444E47860DF35B72.d.AB712EFA84ABD6F32C18DF6FC8865CE0.e.4627/click - {}
RESULT: {}
COMMAND: GET /session/3629965791c759c347fde942b576cda6/screenshot - {}
RESULT: {}
RESULT: undefined
COMMAND: POST /session/3629965791c759c347fde942b576cda6/element - {"using":"xpath","value":"//*[@id=\"application-managehandovers-display-component---AddNewHO--popup-sa\"]"}
RESULT: {"using":"xpath","value":"//*[@id=\"application-managehandovers-display-component---AddNewHO--popup-sa\"]"}
COMMAND: POST /session/3629965791c759c347fde942b576cda6/element/f.B75173DCAD9BAA5C444E47860DF35B72.d.AB712EFA84ABD6F32C18DF6FC8865CE0.e.4643/click - {}
RESULT: {}
COMMAND: GET /session/3629965791c759c347fde942b576cda6/screenshot - {}
RESULT: {}
COMMAND: POST /session/3629965791c759c347fde942b576cda6/element - {"using":"xpath","value":"//*[contains(@id ,\"BDI-content\")][contains(text(), \"Select\")]"}
RESULT: {"using":"xpath","value":"//*[contains(@id ,\"BDI-content\")][contains(text(), \"Select\")]"}
COMMAND: POST /session/3629965791c759c347fde942b576cda6/element/f.B75173DCAD9BAA5C444E47860DF35B72.d.AB712EFA84ABD6F32C18DF6FC8865CE0.e.4644/click - {}
RESULT: {}
COMMAND: GET /session/3629965791c759c347fde942b576cda6/screenshot - {}
RESULT: {}
COMMAND: POST /session/3629965791c759c347fde942b576cda6/execute/async - {"script":"<script> [1562 bytes]","args":[{"selector":{"id":"application-managehandovers-display-component---AddNewHO--confirmCreationButton","interaction":{"idSuffix":"BDI-content"}},"wdio_ui5_key":"applicationmanagehandovers-display-component---AddNewHO--confirmCreationButton"}]}
RESULT: {"script":"<script> [1562 bytes]","args":[{"selector":{"id":"application-managehandovers-display-component---AddNewHO--confirmCreationButton","interaction":{"idSuffix":"BDI-content"}},"wdio_ui5_key":"applicationmanagehandovers-display-component---AddNewHO--confirmCreationButton"}]}
RESULT: undefined
COMMAND: POST /session/3629965791c759c347fde942b576cda6/element - {"using":"xpath","value":"//*[@id=\"application-managehandovers-display-component---AddNewHO--confirmCreationButton\"]"}
RESULT: {"using":"xpath","value":"//*[@id=\"application-managehandovers-display-component---AddNewHO--confirmCreationButton\"]"}
COMMAND: POST /session/3629965791c759c347fde942b576cda6/element/f.B75173DCAD9BAA5C444E47860DF35B72.d.AB712EFA84ABD6F32C18DF6FC8865CE0.e.4432/click - {}
RESULT: {}
COMMAND: GET /session/3629965791c759c347fde942b576cda6/screenshot - {}
RESULT: {}
COMMAND: POST /session/3629965791c759c347fde942b576cda6/execute/async - {"script":"<script> [1562 bytes]","args":[{"selector":{"id":"issueDatePicker","viewName":"etm.portal.ui.managehandovers.view.DetailExecuteHO","interaction":{"idSuffix":"inner"}},"wdio_ui5_key":"issueDatePickeretmportal.ui.managehandovers.view.DetailExecuteHO"}]}
RESULT: {"script":"<script> [1562 bytes]","args":[{"selector":{"id":"issueDatePicker","viewName":"etm.portal.ui.managehandovers.view.DetailExecuteHO","interaction":{"idSuffix":"inner"}},"wdio_ui5_key":"issueDatePickeretmportal.ui.managehandovers.view.DetailExecuteHO"}]}
RESULT: undefined
COMMAND: POST /session/3629965791c759c347fde942b576cda6/execute/async - {"script":"<script> [776 bytes]","args":[{"enterText":"5/17/25","selector":{"id":"issueDatePicker","viewName":"etm.portal.ui.managehandovers.view.DetailExecuteHO","interaction":{"idSuffix":"inner"}},"clearTextFirst":true,"interactionType":"ENTER_TEXT"}]}
RESULT: {"script":"<script> [776 bytes]","args":[{"enterText":"5/17/25","selector":{"id":"issueDatePicker","viewName":"etm.portal.ui.managehandovers.view.DetailExecuteHO","interaction":{"idSuffix":"inner"}},"clearTextFirst":true,"interactionType":"ENTER_TEXT"}]}
COMMAND: POST /session/3629965791c759c347fde942b576cda6/element - {"using":"xpath","value":"//bdi[contains(text(), \"OK\")]"}
RESULT: {"using":"xpath","value":"//bdi[contains(text(), \"OK\")]"}
COMMAND: POST /session/3629965791c759c347fde942b576cda6/element/f.B75173DCAD9BAA5C444E47860DF35B72.d.AB712EFA84ABD6F32C18DF6FC8865CE0.e.4689/click - {}
RESULT: {}
COMMAND: GET /session/3629965791c759c347fde942b576cda6/screenshot - {}
RESULT: {}
COMMAND: POST /session/3629965791c759c347fde942b576cda6/element - {"using":"xpath","value":"//button[@data-kt=\"PickingTableConfirmAllButton\"]"}
RESULT: {"using":"xpath","value":"//button[@data-kt=\"PickingTableConfirmAllButton\"]"}
COMMAND: POST /session/3629965791c759c347fde942b576cda6/element/f.B75173DCAD9BAA5C444E47860DF35B72.d.AB712EFA84ABD6F32C18DF6FC8865CE0.e.4697/click - {}
RESULT: {}
COMMAND: GET /session/3629965791c759c347fde942b576cda6/screenshot - {}
RESULT: {}
COMMAND: POST /session/3629965791c759c347fde942b576cda6/element - {"using":"xpath","value":"//bdi[contains(text(), \"OK\")]"}
RESULT: {"using":"xpath","value":"//bdi[contains(text(), \"OK\")]"}
COMMAND: POST /session/3629965791c759c347fde942b576cda6/element/f.B75173DCAD9BAA5C444E47860DF35B72.d.AB712EFA84ABD6F32C18DF6FC8865CE0.e.4700/click - {}
RESULT: {}
COMMAND: GET /session/3629965791c759c347fde942b576cda6/screenshot - {}
RESULT: {}
COMMAND: POST /session/3629965791c759c347fde942b576cda6/element - {"using":"xpath","value":"//bdi[contains(text(), \"Issue\")]"}
RESULT: {"using":"xpath","value":"//bdi[contains(text(), \"Issue\")]"}
COMMAND: POST /session/3629965791c759c347fde942b576cda6/element/f.B75173DCAD9BAA5C444E47860DF35B72.d.AB712EFA84ABD6F32C18DF6FC8865CE0.e.4702/click - {}
RESULT: {}
COMMAND: GET /session/3629965791c759c347fde942b576cda6/screenshot - {}
RESULT: {}
COMMAND: POST /session/3629965791c759c347fde942b576cda6/element - {"using":"css selector","value":"#shell-header-logo"}
RESULT: {"using":"css selector","value":"#shell-header-logo"}
COMMAND: POST /session/3629965791c759c347fde942b576cda6/element/f.B75173DCAD9BAA5C444E47860DF35B72.d.AB712EFA84ABD6F32C18DF6FC8865CE0.e.3742/click - {}
RESULT: {}
COMMAND: GET /session/3629965791c759c347fde942b576cda6/screenshot - {}
RESULT: {}
]]></system-out>
    </testcase>
    <testcase classname="chrome.136_0_7103_93.windows.Prerequisites_&amp;_test_for_yard_mass_return_on_Yard_Overview_US131057" name="Should do mass return on Yard Overview US131057" time="59.186">
      <system-out><![CDATA[
COMMAND: POST /session/3629965791c759c347fde942b576cda6/execute/async - {"script":"<script> [1562 bytes]","args":[{"selector":{"controlType":"sap.m.GenericTile","properties":{"header":"Yard Overview"}},"wdio_ui5_key":"sapm.GenericTile{\"header\":\"Yard Overview\"}"}]}
RESULT: {"script":"<script> [1562 bytes]","args":[{"selector":{"controlType":"sap.m.GenericTile","properties":{"header":"Yard Overview"}},"wdio_ui5_key":"sapm.GenericTile{\"header\":\"Yard Overview\"}"}]}
RESULT: undefined
COMMAND: POST /session/3629965791c759c347fde942b576cda6/element - {"using":"xpath","value":"//*[@id=\"__tile102\"]"}
RESULT: {"using":"xpath","value":"//*[@id=\"__tile102\"]"}
COMMAND: POST /session/3629965791c759c347fde942b576cda6/element/f.B75173DCAD9BAA5C444E47860DF35B72.d.AB712EFA84ABD6F32C18DF6FC8865CE0.e.4876/click - {}
RESULT: {}
COMMAND: GET /session/3629965791c759c347fde942b576cda6/screenshot - {}
RESULT: {}
COMMAND: POST /session/3629965791c759c347fde942b576cda6/elements - {"using":"xpath","value":"//span[text()='Error']"}
RESULT: {"using":"xpath","value":"//span[text()='Error']"}
COMMAND: POST /session/3629965791c759c347fde942b576cda6/element - {"using":"xpath","value":"//input[contains(@id,\"application-yardoverview-display-component---masterYardInventory--smartFilterBar-btnBasicSearch-I\")]"}
RESULT: {"using":"xpath","value":"//input[contains(@id,\"application-yardoverview-display-component---masterYardInventory--smartFilterBar-btnBasicSearch-I\")]"}
COMMAND: POST /session/3629965791c759c347fde942b576cda6/elements - {"using":"xpath","value":"//input[contains(@id,\"application-yardoverview-display-component---masterYardInventory--smartFilterBar-btnBasicSearch-I\")]"}
RESULT: {"using":"xpath","value":"//input[contains(@id,\"application-yardoverview-display-component---masterYardInventory--smartFilterBar-btnBasicSearch-I\")]"}
COMMAND: POST /session/3629965791c759c347fde942b576cda6/execute/sync - {"script":"<script> [8489 bytes]","args":[{"element-6066-11e4-a52e-4f735466cecf":"f.B75173DCAD9BAA5C444E47860DF35B72.d.AB712EFA84ABD6F32C18DF6FC8865CE0.e.4896","ELEMENT":"f.B75173DCAD9BAA5C444E47860DF35B72.d.AB712EFA84ABD6F32C18DF6FC8865CE0.e.4896"}]}
RESULT: {"script":"<script> [8489 bytes]","args":[{"element-6066-11e4-a52e-4f735466cecf":"f.B75173DCAD9BAA5C444E47860DF35B72.d.AB712EFA84ABD6F32C18DF6FC8865CE0.e.4896","ELEMENT":"f.B75173DCAD9BAA5C444E47860DF35B72.d.AB712EFA84ABD6F32C18DF6FC8865CE0.e.4896"}]}
COMMAND: GET /session/3629965791c759c347fde942b576cda6/element/f.B75173DCAD9BAA5C444E47860DF35B72.d.AB712EFA84ABD6F32C18DF6FC8865CE0.e.4896/enabled - {}
COMMAND: GET /session/3629965791c759c347fde942b576cda6/screenshot - {}
RESULT: {}
COMMAND: POST /session/3629965791c759c347fde942b576cda6/execute/sync - {"script":"<script> [8489 bytes]","args":[{"element-6066-11e4-a52e-4f735466cecf":"f.B75173DCAD9BAA5C444E47860DF35B72.d.AB712EFA84ABD6F32C18DF6FC8865CE0.e.4896","ELEMENT":"f.B75173DCAD9BAA5C444E47860DF35B72.d.AB712EFA84ABD6F32C18DF6FC8865CE0.e.4896"}]}
COMMAND: GET /session/3629965791c759c347fde942b576cda6/screenshot - {}
RESULT: {}
RESULT: {"script":"<script> [8489 bytes]","args":[{"element-6066-11e4-a52e-4f735466cecf":"f.B75173DCAD9BAA5C444E47860DF35B72.d.AB712EFA84ABD6F32C18DF6FC8865CE0.e.4896","ELEMENT":"f.B75173DCAD9BAA5C444E47860DF35B72.d.AB712EFA84ABD6F32C18DF6FC8865CE0.e.4896"}]}
COMMAND: POST /session/3629965791c759c347fde942b576cda6/execute/sync - {"script":"<script> [5351 bytes]","args":[{"element-6066-11e4-a52e-4f735466cecf":"f.B75173DCAD9BAA5C444E47860DF35B72.d.AB712EFA84ABD6F32C18DF6FC8865CE0.e.4896","ELEMENT":"f.B75173DCAD9BAA5C444E47860DF35B72.d.AB712EFA84ABD6F32C18DF6FC8865CE0.e.4896"}]}
COMMAND: GET /session/3629965791c759c347fde942b576cda6/screenshot - {}
RESULT: {}
RESULT: {"script":"<script> [5351 bytes]","args":[{"element-6066-11e4-a52e-4f735466cecf":"f.B75173DCAD9BAA5C444E47860DF35B72.d.AB712EFA84ABD6F32C18DF6FC8865CE0.e.4896","ELEMENT":"f.B75173DCAD9BAA5C444E47860DF35B72.d.AB712EFA84ABD6F32C18DF6FC8865CE0.e.4896"}]}
COMMAND: GET /session/3629965791c759c347fde942b576cda6/screenshot - {}
RESULT: {}
RESULT: {}
COMMAND: POST /session/3629965791c759c347fde942b576cda6/execute/async - {"script":"<script> [1562 bytes]","args":[{"selector":{"id":"application-yardoverview-display-component---masterYardInventory--smartFilterBar-btnBasicSearch","interaction":{"idSuffix":"I"}},"wdio_ui5_key":"applicationyardoverview-display-component---masterYardInventory--smartFilterBar-btnBasicSearch"}]}
RESULT: {"script":"<script> [1562 bytes]","args":[{"selector":{"id":"application-yardoverview-display-component---masterYardInventory--smartFilterBar-btnBasicSearch","interaction":{"idSuffix":"I"}},"wdio_ui5_key":"applicationyardoverview-display-component---masterYardInventory--smartFilterBar-btnBasicSearch"}]}
RESULT: undefined
COMMAND: POST /session/3629965791c759c347fde942b576cda6/execute/async - {"script":"<script> [776 bytes]","args":[{"enterText":"497","selector":{"id":"application-yardoverview-display-component---masterYardInventory--smartFilterBar-btnBasicSearch","interaction":{"idSuffix":"I"}},"clearTextFirst":true,"interactionType":"ENTER_TEXT"}]}
RESULT: {"script":"<script> [776 bytes]","args":[{"enterText":"497","selector":{"id":"application-yardoverview-display-component---masterYardInventory--smartFilterBar-btnBasicSearch","interaction":{"idSuffix":"I"}},"clearTextFirst":true,"interactionType":"ENTER_TEXT"}]}
COMMAND: POST /session/3629965791c759c347fde942b576cda6/actions - {"actions":[{"id":"action14","type":"key","parameters":{},"actions":[{"type":"keyDown","value":"î€‡"},{"type":"pause","duration":10},{"type":"keyUp","value":"î€‡"}]}]}
RESULT: {"actions":[{"id":"action14","type":"key","parameters":{},"actions":[{"type":"keyDown","value":"î€‡"},{"type":"pause","duration":10},{"type":"keyUp","value":"î€‡"}]}]}
COMMAND: GET /session/3629965791c759c347fde942b576cda6/screenshot - {}
RESULT: {}
COMMAND: POST /session/3629965791c759c347fde942b576cda6/element - {"using":"xpath","value":"(//span[contains(@id, \"imgNav\")])[1]"}
RESULT: {"using":"xpath","value":"(//span[contains(@id, \"imgNav\")])[1]"}
COMMAND: POST /session/3629965791c759c347fde942b576cda6/element/f.B75173DCAD9BAA5C444E47860DF35B72.d.AB712EFA84ABD6F32C18DF6FC8865CE0.e.4944/click - {}
RESULT: {}
COMMAND: GET /session/3629965791c759c347fde942b576cda6/screenshot - {}
RESULT: {}
COMMAND: POST /session/3629965791c759c347fde942b576cda6/execute/async - {"script":"<script> [1562 bytes]","args":[{"selector":{"id":"application-yardoverview-display-component---detailYardInventory--ObjectPageLayout-anchBar-application-yardoverview-display-component---detailYardInventory--openReturnsSection-anchor","interaction":{"idSuffix":"BDI-content"}},"wdio_ui5_key":"applicationyardoverview-display-component---detailYardInventory--ObjectPageLayout-anchBar-application-yardoverview-display-component---detailYardInventory--openReturnsSection-anchor"}]}
RESULT: {"script":"<script> [1562 bytes]","args":[{"selector":{"id":"application-yardoverview-display-component---detailYardInventory--ObjectPageLayout-anchBar-application-yardoverview-display-component---detailYardInventory--openReturnsSection-anchor","interaction":{"idSuffix":"BDI-content"}},"wdio_ui5_key":"applicationyardoverview-display-component---detailYardInventory--ObjectPageLayout-anchBar-application-yardoverview-display-component---detailYardInventory--openReturnsSection-anchor"}]}
RESULT: undefined
COMMAND: POST /session/3629965791c759c347fde942b576cda6/element - {"using":"xpath","value":"//*[@id=\"application-yardoverview-display-component---detailYardInventory--ObjectPageLayout-anchBar-application-yardoverview-display-component---detailYardInventory--openReturnsSection-anchor\"]"}
RESULT: {"using":"xpath","value":"//*[@id=\"application-yardoverview-display-component---detailYardInventory--ObjectPageLayout-anchBar-application-yardoverview-display-component---detailYardInventory--openReturnsSection-anchor\"]"}
COMMAND: POST /session/3629965791c759c347fde942b576cda6/element/f.B75173DCAD9BAA5C444E47860DF35B72.d.AB712EFA84ABD6F32C18DF6FC8865CE0.e.5035/click - {}
RESULT: {}
COMMAND: GET /session/3629965791c759c347fde942b576cda6/screenshot - {}
RESULT: {}
COMMAND: POST /session/3629965791c759c347fde942b576cda6/execute/async - {"script":"<script> [1562 bytes]","args":[{"selector":{"id":"application-yardoverview-display-component---detailYardInventory--openReturns-triggerAction-returnBtn","interaction":{"idSuffix":"BDI-content"}},"wdio_ui5_key":"applicationyardoverview-display-component---detailYardInventory--openReturns-triggerAction-returnBtn"}]}
RESULT: {"script":"<script> [1562 bytes]","args":[{"selector":{"id":"application-yardoverview-display-component---detailYardInventory--openReturns-triggerAction-returnBtn","interaction":{"idSuffix":"BDI-content"}},"wdio_ui5_key":"applicationyardoverview-display-component---detailYardInventory--openReturns-triggerAction-returnBtn"}]}
RESULT: undefined
COMMAND: POST /session/3629965791c759c347fde942b576cda6/element - {"using":"xpath","value":"//*[@id=\"application-yardoverview-display-component---detailYardInventory--openReturns-triggerAction-returnBtn\"]"}
RESULT: {"using":"xpath","value":"//*[@id=\"application-yardoverview-display-component---detailYardInventory--openReturns-triggerAction-returnBtn\"]"}
COMMAND: POST /session/3629965791c759c347fde942b576cda6/element/f.B75173DCAD9BAA5C444E47860DF35B72.d.AB712EFA84ABD6F32C18DF6FC8865CE0.e.5059/click - {}
RESULT: {}
COMMAND: GET /session/3629965791c759c347fde942b576cda6/screenshot - {}
RESULT: {}
COMMAND: POST /session/3629965791c759c347fde942b576cda6/element - {"using":"xpath","value":"//div[@id=\"application-yardoverview-display-component---detailYardInventory--customReturnsTable-sa-CbBg\"]"}
RESULT: {"using":"xpath","value":"//div[@id=\"application-yardoverview-display-component---detailYardInventory--customReturnsTable-sa-CbBg\"]"}
COMMAND: POST /session/3629965791c759c347fde942b576cda6/execute/sync - {"script":"<script> [8489 bytes]","args":[{"element-6066-11e4-a52e-4f735466cecf":"f.B75173DCAD9BAA5C444E47860DF35B72.d.AB712EFA84ABD6F32C18DF6FC8865CE0.e.5077","ELEMENT":"f.B75173DCAD9BAA5C444E47860DF35B72.d.AB712EFA84ABD6F32C18DF6FC8865CE0.e.5077"}]}
RESULT: {"script":"<script> [8489 bytes]","args":[{"element-6066-11e4-a52e-4f735466cecf":"f.B75173DCAD9BAA5C444E47860DF35B72.d.AB712EFA84ABD6F32C18DF6FC8865CE0.e.5077","ELEMENT":"f.B75173DCAD9BAA5C444E47860DF35B72.d.AB712EFA84ABD6F32C18DF6FC8865CE0.e.5077"}]}
COMMAND: POST /session/3629965791c759c347fde942b576cda6/execute/sync - {"script":"<script> [5351 bytes]","args":[{"element-6066-11e4-a52e-4f735466cecf":"f.B75173DCAD9BAA5C444E47860DF35B72.d.AB712EFA84ABD6F32C18DF6FC8865CE0.e.5077","ELEMENT":"f.B75173DCAD9BAA5C444E47860DF35B72.d.AB712EFA84ABD6F32C18DF6FC8865CE0.e.5077"}]}
COMMAND: GET /session/3629965791c759c347fde942b576cda6/screenshot - {}
RESULT: {"script":"<script> [5351 bytes]","args":[{"element-6066-11e4-a52e-4f735466cecf":"f.B75173DCAD9BAA5C444E47860DF35B72.d.AB712EFA84ABD6F32C18DF6FC8865CE0.e.5077","ELEMENT":"f.B75173DCAD9BAA5C444E47860DF35B72.d.AB712EFA84ABD6F32C18DF6FC8865CE0.e.5077"}]}
COMMAND: POST /session/3629965791c759c347fde942b576cda6/element/f.B75173DCAD9BAA5C444E47860DF35B72.d.AB712EFA84ABD6F32C18DF6FC8865CE0.e.5077/click - {}
COMMAND: GET /session/3629965791c759c347fde942b576cda6/screenshot - {}
RESULT: {}
RESULT: {}
COMMAND: GET /session/3629965791c759c347fde942b576cda6/screenshot - {}
RESULT: {}
RESULT: {}
COMMAND: POST /session/3629965791c759c347fde942b576cda6/actions - {"actions":[{"id":"action15","type":"key","parameters":{},"actions":[{"type":"keyDown","value":"î€‡"},{"type":"pause","duration":10},{"type":"keyUp","value":"î€‡"}]}]}
RESULT: {"actions":[{"id":"action15","type":"key","parameters":{},"actions":[{"type":"keyDown","value":"î€‡"},{"type":"pause","duration":10},{"type":"keyUp","value":"î€‡"}]}]}
COMMAND: POST /session/3629965791c759c347fde942b576cda6/element - {"using":"xpath","value":"//bdi[text()=\"Return\"]"}
COMMAND: GET /session/3629965791c759c347fde942b576cda6/screenshot - {}
RESULT: {"using":"xpath","value":"//bdi[text()=\"Return\"]"}
COMMAND: POST /session/3629965791c759c347fde942b576cda6/execute/sync - {"script":"<script> [8489 bytes]","args":[{"element-6066-11e4-a52e-4f735466cecf":"f.B75173DCAD9BAA5C444E47860DF35B72.d.AB712EFA84ABD6F32C18DF6FC8865CE0.e.5058","ELEMENT":"f.B75173DCAD9BAA5C444E47860DF35B72.d.AB712EFA84ABD6F32C18DF6FC8865CE0.e.5058"}]}
RESULT: {}
RESULT: {"script":"<script> [8489 bytes]","args":[{"element-6066-11e4-a52e-4f735466cecf":"f.B75173DCAD9BAA5C444E47860DF35B72.d.AB712EFA84ABD6F32C18DF6FC8865CE0.e.5058","ELEMENT":"f.B75173DCAD9BAA5C444E47860DF35B72.d.AB712EFA84ABD6F32C18DF6FC8865CE0.e.5058"}]}
COMMAND: POST /session/3629965791c759c347fde942b576cda6/execute/sync - {"script":"<script> [5351 bytes]","args":[{"element-6066-11e4-a52e-4f735466cecf":"f.B75173DCAD9BAA5C444E47860DF35B72.d.AB712EFA84ABD6F32C18DF6FC8865CE0.e.5058","ELEMENT":"f.B75173DCAD9BAA5C444E47860DF35B72.d.AB712EFA84ABD6F32C18DF6FC8865CE0.e.5058"}]}
COMMAND: GET /session/3629965791c759c347fde942b576cda6/screenshot - {}
RESULT: {"script":"<script> [5351 bytes]","args":[{"element-6066-11e4-a52e-4f735466cecf":"f.B75173DCAD9BAA5C444E47860DF35B72.d.AB712EFA84ABD6F32C18DF6FC8865CE0.e.5058","ELEMENT":"f.B75173DCAD9BAA5C444E47860DF35B72.d.AB712EFA84ABD6F32C18DF6FC8865CE0.e.5058"}]}
COMMAND: POST /session/3629965791c759c347fde942b576cda6/element/f.B75173DCAD9BAA5C444E47860DF35B72.d.AB712EFA84ABD6F32C18DF6FC8865CE0.e.5058/click - {}
COMMAND: GET /session/3629965791c759c347fde942b576cda6/screenshot - {}
RESULT: {}
RESULT: {}
COMMAND: POST /session/3629965791c759c347fde942b576cda6/execute/async - {"script":"<script> [1562 bytes]","args":[{"selector":{"controlType":"sap.m.Text","properties":{"text":"Mass Create Handovers process was executed with success!"},"searchOpenDialogs":true},"wdio_ui5_key":"sapm.Text{\"text\":\"Mass Create Handovers process was executed with success!\"}"}]}
COMMAND: GET /session/3629965791c759c347fde942b576cda6/screenshot - {}
RESULT: {}
RESULT: {"script":"<script> [1562 bytes]","args":[{"selector":{"controlType":"sap.m.Text","properties":{"text":"Mass Create Handovers process was executed with success!"},"searchOpenDialogs":true},"wdio_ui5_key":"sapm.Text{\"text\":\"Mass Create Handovers process was executed with success!\"}"}]}
RESULT: undefined
COMMAND: POST /session/3629965791c759c347fde942b576cda6/execute/async - {"script":"<script> [6424 bytes]","args":[{"element-6066-11e4-a52e-4f735466cecf":"f.B75173DCAD9BAA5C444E47860DF35B72.d.AB712EFA84ABD6F32C18DF6FC8865CE0.e.5079"},"getText",[]]}
RESULT: {}
RESULT: {"script":"<script> [6424 bytes]","args":[{"element-6066-11e4-a52e-4f735466cecf":"f.B75173DCAD9BAA5C444E47860DF35B72.d.AB712EFA84ABD6F32C18DF6FC8865CE0.e.5079"},"getText",[]]}
COMMAND: POST /session/3629965791c759c347fde942b576cda6/execute/async - {"script":"<script> [1562 bytes]","args":[{"selector":{"controlType":"sap.m.Button","properties":{"text":"OK"},"searchOpenDialogs":true,"interaction":{"idSuffix":"BDI-content"}},"wdio_ui5_key":"sapm.Button{\"text\":\"OK\"}"}]}
RESULT: {"script":"<script> [1562 bytes]","args":[{"selector":{"controlType":"sap.m.Button","properties":{"text":"OK"},"searchOpenDialogs":true,"interaction":{"idSuffix":"BDI-content"}},"wdio_ui5_key":"sapm.Button{\"text\":\"OK\"}"}]}
RESULT: undefined
COMMAND: POST /session/3629965791c759c347fde942b576cda6/element - {"using":"xpath","value":"//*[@id=\"__mbox-btn-8\"]"}
RESULT: {"using":"xpath","value":"//*[@id=\"__mbox-btn-8\"]"}
COMMAND: POST /session/3629965791c759c347fde942b576cda6/element/f.B75173DCAD9BAA5C444E47860DF35B72.d.AB712EFA84ABD6F32C18DF6FC8865CE0.e.5078/click - {}
RESULT: {}
COMMAND: GET /session/3629965791c759c347fde942b576cda6/screenshot - {}
RESULT: {}
COMMAND: POST /session/3629965791c759c347fde942b576cda6/execute/async - {"script":"<script> [1562 bytes]","args":[{"selector":{"controlType":"sap.m.Text","viewName":"etm.portal.ui.yardoverview.view.Detail","viewId":"application-yardoverview-display-component---detailYardInventory","bindingPath":{"path":"","propertyPath":"STATUS_DESC"}},"wdio_ui5_key":"etmportal.ui.yardoverview.view.Detailsap.m.Text{\"path\":\"\",\"propertyPath\":\"STATUS_DESC\"}"}]}
RESULT: {"script":"<script> [1562 bytes]","args":[{"selector":{"controlType":"sap.m.Text","viewName":"etm.portal.ui.yardoverview.view.Detail","viewId":"application-yardoverview-display-component---detailYardInventory","bindingPath":{"path":"","propertyPath":"STATUS_DESC"}},"wdio_ui5_key":"etmportal.ui.yardoverview.view.Detailsap.m.Text{\"path\":\"\",\"propertyPath\":\"STATUS_DESC\"}"}]}
RESULT: undefined
COMMAND: POST /session/3629965791c759c347fde942b576cda6/execute/async - {"script":"<script> [6424 bytes]","args":[{"element-6066-11e4-a52e-4f735466cecf":"f.B75173DCAD9BAA5C444E47860DF35B72.d.AB712EFA84ABD6F32C18DF6FC8865CE0.e.5081"},"getText",[]]}
RESULT: {"script":"<script> [6424 bytes]","args":[{"element-6066-11e4-a52e-4f735466cecf":"f.B75173DCAD9BAA5C444E47860DF35B72.d.AB712EFA84ABD6F32C18DF6FC8865CE0.e.5081"},"getText",[]]}
COMMAND: POST /session/3629965791c759c347fde942b576cda6/element - {"using":"css selector","value":"#shell-header-logo"}
RESULT: {"using":"css selector","value":"#shell-header-logo"}
COMMAND: POST /session/3629965791c759c347fde942b576cda6/element/f.B75173DCAD9BAA5C444E47860DF35B72.d.AB712EFA84ABD6F32C18DF6FC8865CE0.e.4878/click - {}
RESULT: {}
COMMAND: GET /session/3629965791c759c347fde942b576cda6/screenshot - {}
RESULT: {}
COMMAND: POST /session/3629965791c759c347fde942b576cda6/element - {"using":"css selector","value":"#j_username"}
COMMAND: POST /session/3629965791c759c347fde942b576cda6/url - {"url":"https://qa-testing-00-live-etm-ui.cfapps.eu10-004.hana.ondemand.com/"}
RESULT: {"using":"css selector","value":"#j_username"}
COMMAND: POST /session/3629965791c759c347fde942b576cda6/element - {"using":"css selector","value":"#j_username"}
RESULT: {"url":"https://qa-testing-00-live-etm-ui.cfapps.eu10-004.hana.ondemand.com/"}
RESULT: undefined
COMMAND: GET /session/3629965791c759c347fde942b576cda6/screenshot - {}
RESULT: {"using":"css selector","value":"#j_username"}
COMMAND: POST /session/3629965791c759c347fde942b576cda6/element - {"using":"css selector","value":"#shell-header-logo"}
RESULT: {}
RESULT: {"using":"css selector","value":"#shell-header-logo"}
COMMAND: POST /session/3629965791c759c347fde942b576cda6/execute/sync - {"script":"<script> [8489 bytes]","args":[{"element-6066-11e4-a52e-4f735466cecf":"f.B75173DCAD9BAA5C444E47860DF35B72.d.4F1482CE025904780528600F436AE7B7.e.5112","ELEMENT":"f.B75173DCAD9BAA5C444E47860DF35B72.d.4F1482CE025904780528600F436AE7B7.e.5112"}]}
RESULT: {"script":"<script> [8489 bytes]","args":[{"element-6066-11e4-a52e-4f735466cecf":"f.B75173DCAD9BAA5C444E47860DF35B72.d.4F1482CE025904780528600F436AE7B7.e.5112","ELEMENT":"f.B75173DCAD9BAA5C444E47860DF35B72.d.4F1482CE025904780528600F436AE7B7.e.5112"}]}
COMMAND: POST /session/3629965791c759c347fde942b576cda6/element - {"using":"css selector","value":"#shell-header-logo"}
COMMAND: GET /session/3629965791c759c347fde942b576cda6/screenshot - {}
RESULT: {"using":"css selector","value":"#shell-header-logo"}
COMMAND: POST /session/3629965791c759c347fde942b576cda6/execute/sync - {"script":"<script> [8489 bytes]","args":[{"element-6066-11e4-a52e-4f735466cecf":"f.B75173DCAD9BAA5C444E47860DF35B72.d.4F1482CE025904780528600F436AE7B7.e.5112","ELEMENT":"f.B75173DCAD9BAA5C444E47860DF35B72.d.4F1482CE025904780528600F436AE7B7.e.5112"}]}
RESULT: {}
RESULT: {"script":"<script> [8489 bytes]","args":[{"element-6066-11e4-a52e-4f735466cecf":"f.B75173DCAD9BAA5C444E47860DF35B72.d.4F1482CE025904780528600F436AE7B7.e.5112","ELEMENT":"f.B75173DCAD9BAA5C444E47860DF35B72.d.4F1482CE025904780528600F436AE7B7.e.5112"}]}
COMMAND: POST /session/3629965791c759c347fde942b576cda6/execute/sync - {"script":"<script> [5351 bytes]","args":[{"element-6066-11e4-a52e-4f735466cecf":"f.B75173DCAD9BAA5C444E47860DF35B72.d.4F1482CE025904780528600F436AE7B7.e.5112","ELEMENT":"f.B75173DCAD9BAA5C444E47860DF35B72.d.4F1482CE025904780528600F436AE7B7.e.5112"}]}
COMMAND: GET /session/3629965791c759c347fde942b576cda6/screenshot - {}
RESULT: {"script":"<script> [5351 bytes]","args":[{"element-6066-11e4-a52e-4f735466cecf":"f.B75173DCAD9BAA5C444E47860DF35B72.d.4F1482CE025904780528600F436AE7B7.e.5112","ELEMENT":"f.B75173DCAD9BAA5C444E47860DF35B72.d.4F1482CE025904780528600F436AE7B7.e.5112"}]}
COMMAND: POST /session/3629965791c759c347fde942b576cda6/element - {"using":"css selector","value":"#shell-header-logo"}
COMMAND: GET /session/3629965791c759c347fde942b576cda6/screenshot - {}
RESULT: {}
RESULT: {"using":"css selector","value":"#shell-header-logo"}
COMMAND: POST /session/3629965791c759c347fde942b576cda6/element/f.B75173DCAD9BAA5C444E47860DF35B72.d.4F1482CE025904780528600F436AE7B7.e.5112/click - {}
RESULT: {}
RESULT: {}
COMMAND: GET /session/3629965791c759c347fde942b576cda6/screenshot - {}
RESULT: {}
COMMAND: POST /session/3629965791c759c347fde942b576cda6/execute/async - {"script":"<script> [189 bytes]","args":[]}
RESULT: {"script":"<script> [189 bytes]","args":[]}
COMMAND: POST /session/3629965791c759c347fde942b576cda6/execute/async - {"script":"<script> [123 bytes]","args":[]}
RESULT: {"script":"<script> [123 bytes]","args":[]}
COMMAND: POST /session/3629965791c759c347fde942b576cda6/timeouts - {"script":"<number>"}
RESULT: {"script":"<number>"}
COMMAND: GET /session/3629965791c759c347fde942b576cda6/timeouts - {}
RESULT: {}
RESULT: undefined
COMMAND: POST /session/3629965791c759c347fde942b576cda6/execute/async - {"script":"<script> [2676 bytes]","args":[]}
RESULT: {"script":"<script> [2676 bytes]","args":[]}
COMMAND: POST /session/3629965791c759c347fde942b576cda6/execute/async - {"script":"<script> [2342 bytes]","args":[{"protocol":"http","hostname":"0.0.0.0","path":"/","capabilities":{"browserName":"chrome","goog:chromeOptions":{"binary":"C:\\Program Files\\Google\\Chrome\\Application\\chrome.exe","args":["--start-maximized"]}},"logLevel":"warn","connectionRetryTimeout":120000,"connectionRetryCount":3,"logLevels":{},"enableDirectConnect":true,"strictSSL":true,"_":"65 more keys: [\"cacheDir\",\"port\",\"requestedCapabilities\",\"automationProtocol\",\"baseUrl\",\"waitforInterval\",\"waitforTimeout\",\"onReload\",\"beforeCommand\",\"afterCommand\",\"rootDir\",\"specs\",\"suites\",\"exclude\",\"groupLogsByTestSpec\",\"excludeDriverLogs\",\"bail\",\"framework\",\"reporters\",\"services\",\"maxInstances\",\"maxInstancesPerCapability\",\"injectGlobals\",\"filesToWatch\",\"execArgv\",\"runnerEnv\",\"runner\",\"shard\",\"specFileRetries\",\"specFileRetriesDelay\",\"specFileRetriesDeferred\",\"reporterSyncInterval\",\"reporterSyncTimeout\",\"cucumberFeaturesWithLineNumbers\",\"autoCompileOpts\",\"mochaOpts\",\"jasmineOpts\",\"cucumberOpts\",\"onPrepare\",\"onWorkerStart\",\"onWorkerEnd\",\"before\",\"beforeSession\",\"beforeSuite\",\"beforeHook\",\"beforeTest\",\"afterTest\",\"afterHook\",\"afterSuite\",\"afterSession\",\"after\",\"onComplete\",\"beforeAssertion\",\"afterAssertion\",\"beforeFeature\",\"beforeScenario\",\"beforeStep\",\"afterStep\",\"afterScenario\",\"afterFeature\",\"_\",\"suite\",\"$0\",\"ignoredWorkerServices\",\"wdi5\"]"}]}
RESULT: {"script":"<script> [2342 bytes]","args":[{"protocol":"http","hostname":"0.0.0.0","path":"/","capabilities":{"browserName":"chrome","goog:chromeOptions":{"binary":"C:\\Program Files\\Google\\Chrome\\Application\\chrome.exe","args":["--start-maximized"]}},"logLevel":"warn","connectionRetryTimeout":120000,"connectionRetryCount":3,"logLevels":{},"enableDirectConnect":true,"strictSSL":true,"_":"65 more keys: [\"cacheDir\",\"port\",\"requestedCapabilities\",\"automationProtocol\",\"baseUrl\",\"waitforInterval\",\"waitforTimeout\",\"onReload\",\"beforeCommand\",\"afterCommand\",\"rootDir\",\"specs\",\"suites\",\"exclude\",\"groupLogsByTestSpec\",\"excludeDriverLogs\",\"bail\",\"framework\",\"reporters\",\"services\",\"maxInstances\",\"maxInstancesPerCapability\",\"injectGlobals\",\"filesToWatch\",\"execArgv\",\"runnerEnv\",\"runner\",\"shard\",\"specFileRetries\",\"specFileRetriesDelay\",\"specFileRetriesDeferred\",\"reporterSyncInterval\",\"reporterSyncTimeout\",\"cucumberFeaturesWithLineNumbers\",\"autoCompileOpts\",\"mochaOpts\",\"jasmineOpts\",\"cucumberOpts\",\"onPrepare\",\"onWorkerStart\",\"onWorkerEnd\",\"before\",\"beforeSession\",\"beforeSuite\",\"beforeHook\",\"beforeTest\",\"afterTest\",\"afterHook\",\"afterSuite\",\"afterSession\",\"after\",\"onComplete\",\"beforeAssertion\",\"afterAssertion\",\"beforeFeature\",\"beforeScenario\",\"beforeStep\",\"afterStep\",\"afterScenario\",\"afterFeature\",\"_\",\"suite\",\"$0\",\"ignoredWorkerServices\",\"wdi5\"]"}]}
COMMAND: POST /session/3629965791c759c347fde942b576cda6/execute/async - {"script":"<script> [21126 bytes]","args":[35000]}
RESULT: {"script":"<script> [21126 bytes]","args":[35000]}
COMMAND: POST /session/3629965791c759c347fde942b576cda6/window/maximize - {}
RESULT: {}
COMMAND: POST /session/3629965791c759c347fde942b576cda6/execute/async - {"script":"<script> [1562 bytes]","args":[{"selector":{"id":"shell-header","interaction":{"idSuffix":"icon"}},"wdio_ui5_key":"shellheader"}]}
COMMAND: GET /session/3629965791c759c347fde942b576cda6/screenshot - {}
RESULT: {"script":"<script> [1562 bytes]","args":[{"selector":{"id":"shell-header","interaction":{"idSuffix":"icon"}},"wdio_ui5_key":"shellheader"}]}
RESULT: undefined
COMMAND: POST /session/3629965791c759c347fde942b576cda6/refresh - {}
RESULT: {}
RESULT: {}
COMMAND: GET /session/3629965791c759c347fde942b576cda6/screenshot - {}
RESULT: {}
COMMAND: POST /session/3629965791c759c347fde942b576cda6/refresh - {}
RESULT: {}
COMMAND: GET /session/3629965791c759c347fde942b576cda6/screenshot - {}
RESULT: {}
COMMAND: POST /session/3629965791c759c347fde942b576cda6/window/fullscreen - {}
RESULT: {}
COMMAND: POST /session/3629965791c759c347fde942b576cda6/execute/async - {"script":"<script> [189 bytes]","args":[]}
RESULT: {"script":"<script> [189 bytes]","args":[]}
COMMAND: POST /session/3629965791c759c347fde942b576cda6/execute/async - {"script":"<script> [123 bytes]","args":[]}
RESULT: {"script":"<script> [123 bytes]","args":[]}
COMMAND: POST /session/3629965791c759c347fde942b576cda6/timeouts - {"script":"<number>"}
RESULT: {"script":"<number>"}
COMMAND: GET /session/3629965791c759c347fde942b576cda6/timeouts - {}
RESULT: {}
RESULT: undefined
COMMAND: POST /session/3629965791c759c347fde942b576cda6/execute/async - {"script":"<script> [2676 bytes]","args":[]}
RESULT: {"script":"<script> [2676 bytes]","args":[]}
COMMAND: POST /session/3629965791c759c347fde942b576cda6/execute/async - {"script":"<script> [2342 bytes]","args":[{"protocol":"http","hostname":"0.0.0.0","path":"/","capabilities":{"browserName":"chrome","goog:chromeOptions":{"binary":"C:\\Program Files\\Google\\Chrome\\Application\\chrome.exe","args":["--start-maximized"]}},"logLevel":"warn","connectionRetryTimeout":120000,"connectionRetryCount":3,"logLevels":{},"enableDirectConnect":true,"strictSSL":true,"_":"65 more keys: [\"cacheDir\",\"port\",\"requestedCapabilities\",\"automationProtocol\",\"baseUrl\",\"waitforInterval\",\"waitforTimeout\",\"onReload\",\"beforeCommand\",\"afterCommand\",\"rootDir\",\"specs\",\"suites\",\"exclude\",\"groupLogsByTestSpec\",\"excludeDriverLogs\",\"bail\",\"framework\",\"reporters\",\"services\",\"maxInstances\",\"maxInstancesPerCapability\",\"injectGlobals\",\"filesToWatch\",\"execArgv\",\"runnerEnv\",\"runner\",\"shard\",\"specFileRetries\",\"specFileRetriesDelay\",\"specFileRetriesDeferred\",\"reporterSyncInterval\",\"reporterSyncTimeout\",\"cucumberFeaturesWithLineNumbers\",\"autoCompileOpts\",\"mochaOpts\",\"jasmineOpts\",\"cucumberOpts\",\"onPrepare\",\"onWorkerStart\",\"onWorkerEnd\",\"before\",\"beforeSession\",\"beforeSuite\",\"beforeHook\",\"beforeTest\",\"afterTest\",\"afterHook\",\"afterSuite\",\"afterSession\",\"after\",\"onComplete\",\"beforeAssertion\",\"afterAssertion\",\"beforeFeature\",\"beforeScenario\",\"beforeStep\",\"afterStep\",\"afterScenario\",\"afterFeature\",\"_\",\"suite\",\"$0\",\"ignoredWorkerServices\",\"wdi5\"]"}]}
RESULT: {"script":"<script> [2342 bytes]","args":[{"protocol":"http","hostname":"0.0.0.0","path":"/","capabilities":{"browserName":"chrome","goog:chromeOptions":{"binary":"C:\\Program Files\\Google\\Chrome\\Application\\chrome.exe","args":["--start-maximized"]}},"logLevel":"warn","connectionRetryTimeout":120000,"connectionRetryCount":3,"logLevels":{},"enableDirectConnect":true,"strictSSL":true,"_":"65 more keys: [\"cacheDir\",\"port\",\"requestedCapabilities\",\"automationProtocol\",\"baseUrl\",\"waitforInterval\",\"waitforTimeout\",\"onReload\",\"beforeCommand\",\"afterCommand\",\"rootDir\",\"specs\",\"suites\",\"exclude\",\"groupLogsByTestSpec\",\"excludeDriverLogs\",\"bail\",\"framework\",\"reporters\",\"services\",\"maxInstances\",\"maxInstancesPerCapability\",\"injectGlobals\",\"filesToWatch\",\"execArgv\",\"runnerEnv\",\"runner\",\"shard\",\"specFileRetries\",\"specFileRetriesDelay\",\"specFileRetriesDeferred\",\"reporterSyncInterval\",\"reporterSyncTimeout\",\"cucumberFeaturesWithLineNumbers\",\"autoCompileOpts\",\"mochaOpts\",\"jasmineOpts\",\"cucumberOpts\",\"onPrepare\",\"onWorkerStart\",\"onWorkerEnd\",\"before\",\"beforeSession\",\"beforeSuite\",\"beforeHook\",\"beforeTest\",\"afterTest\",\"afterHook\",\"afterSuite\",\"afterSession\",\"after\",\"onComplete\",\"beforeAssertion\",\"afterAssertion\",\"beforeFeature\",\"beforeScenario\",\"beforeStep\",\"afterStep\",\"afterScenario\",\"afterFeature\",\"_\",\"suite\",\"$0\",\"ignoredWorkerServices\",\"wdi5\"]"}]}
COMMAND: POST /session/3629965791c759c347fde942b576cda6/execute/async - {"script":"<script> [21126 bytes]","args":[35000]}
RESULT: {"script":"<script> [21126 bytes]","args":[35000]}
COMMAND: POST /session/3629965791c759c347fde942b576cda6/window/fullscreen - {}
RESULT: {}
]]></system-out>
    </testcase>
  </testsuite>
  <testsuite timestamp="2025-05-17T16:49:53" time="423.808" tests="6" failures="0" errors="0" skipped="0">
    <properties>
      <property name="specId" value="0" />
      <property name="suiteName" value="Yard Overview Autoplanning US130989" />
      <property name="capabilities" value="chrome.136_0_7103_93.windows" />
      <property name="file" value="file:///D:/a/1/s/test/specs/HTR/yard-overview-autoplanning.spec.js" />
    </properties>
    <testcase classname="chrome.136_0_7103_93.windows.Yard_Overview_Autoplanning_US130989" name="Prereq Should create a new yard used for all following tests" time="0.017">
      <system-out><![CDATA[
COMMAND: POST /session/3629965791c759c347fde942b576cda6/window/fullscreen - {}
RESULT: {}
]]></system-out>
    </testcase>
    <testcase classname="chrome.136_0_7103_93.windows.Yard_Overview_Autoplanning_US130989" name="Prereq Should create a new partner" time="0.005" />
    <testcase classname="chrome.136_0_7103_93.windows.Yard_Overview_Autoplanning_US130989" name="Prereq Should create a new site" time="0.005" />
    <testcase classname="chrome.136_0_7103_93.windows.Yard_Overview_Autoplanning_US130989" name="Prereq Should create a new material with catalog selection" time="129.03">
      <system-out><![CDATA[
COMMAND: POST /session/3629965791c759c347fde942b576cda6/execute/async - {"script":"<script> [1562 bytes]","args":[{"selector":{"controlType":"sap.m.GenericTile","properties":{"header":"Manage Resources"}},"wdio_ui5_key":"sapm.GenericTile{\"header\":\"Manage Resources\"}"}]}
RESULT: {"script":"<script> [1562 bytes]","args":[{"selector":{"controlType":"sap.m.GenericTile","properties":{"header":"Manage Resources"}},"wdio_ui5_key":"sapm.GenericTile{\"header\":\"Manage Resources\"}"}]}
RESULT: undefined
COMMAND: POST /session/3629965791c759c347fde942b576cda6/element - {"using":"xpath","value":"//*[@id=\"__tile39\"]"}
RESULT: {"using":"xpath","value":"//*[@id=\"__tile39\"]"}
COMMAND: POST /session/3629965791c759c347fde942b576cda6/element/f.B75173DCAD9BAA5C444E47860DF35B72.d.D5C2D4FC24ED33EEF193659DFD38968C.e.5255/click - {}
RESULT: {}
COMMAND: GET /session/3629965791c759c347fde942b576cda6/screenshot - {}
RESULT: {}
COMMAND: POST /session/3629965791c759c347fde942b576cda6/elements - {"using":"xpath","value":"//span[text()='Error']"}
RESULT: {"using":"xpath","value":"//span[text()='Error']"}
COMMAND: POST /session/3629965791c759c347fde942b576cda6/element - {"using":"xpath","value":"//button[@data-kt=\"addNewRUOverflowToolbarButton\"]"}
RESULT: {"using":"xpath","value":"//button[@data-kt=\"addNewRUOverflowToolbarButton\"]"}
COMMAND: POST /session/3629965791c759c347fde942b576cda6/elements - {"using":"xpath","value":"//button[@data-kt=\"addNewRUOverflowToolbarButton\"]"}
RESULT: {"using":"xpath","value":"//button[@data-kt=\"addNewRUOverflowToolbarButton\"]"}
COMMAND: POST /session/3629965791c759c347fde942b576cda6/elements - {"using":"xpath","value":"//button[@data-kt=\"addNewRUOverflowToolbarButton\"]"}
RESULT: {"using":"xpath","value":"//button[@data-kt=\"addNewRUOverflowToolbarButton\"]"}
COMMAND: POST /session/3629965791c759c347fde942b576cda6/elements - {"using":"xpath","value":"//button[@data-kt=\"addNewRUOverflowToolbarButton\"]"}
RESULT: {"using":"xpath","value":"//button[@data-kt=\"addNewRUOverflowToolbarButton\"]"}
COMMAND: POST /session/3629965791c759c347fde942b576cda6/element - {"using":"xpath","value":"//button[@data-kt=\"addNewRUOverflowToolbarButton\"]"}
RESULT: {"using":"xpath","value":"//button[@data-kt=\"addNewRUOverflowToolbarButton\"]"}
COMMAND: POST /session/3629965791c759c347fde942b576cda6/execute/sync - {"script":"<script> [8489 bytes]","args":[{"element-6066-11e4-a52e-4f735466cecf":"f.B75173DCAD9BAA5C444E47860DF35B72.d.D5C2D4FC24ED33EEF193659DFD38968C.e.5393","ELEMENT":"f.B75173DCAD9BAA5C444E47860DF35B72.d.D5C2D4FC24ED33EEF193659DFD38968C.e.5393"}]}
RESULT: {"script":"<script> [8489 bytes]","args":[{"element-6066-11e4-a52e-4f735466cecf":"f.B75173DCAD9BAA5C444E47860DF35B72.d.D5C2D4FC24ED33EEF193659DFD38968C.e.5393","ELEMENT":"f.B75173DCAD9BAA5C444E47860DF35B72.d.D5C2D4FC24ED33EEF193659DFD38968C.e.5393"}]}
COMMAND: GET /session/3629965791c759c347fde942b576cda6/element/f.B75173DCAD9BAA5C444E47860DF35B72.d.D5C2D4FC24ED33EEF193659DFD38968C.e.5393/enabled - {}
COMMAND: GET /session/3629965791c759c347fde942b576cda6/screenshot - {}
RESULT: {}
COMMAND: POST /session/3629965791c759c347fde942b576cda6/execute/sync - {"script":"<script> [8489 bytes]","args":[{"element-6066-11e4-a52e-4f735466cecf":"f.B75173DCAD9BAA5C444E47860DF35B72.d.D5C2D4FC24ED33EEF193659DFD38968C.e.5393","ELEMENT":"f.B75173DCAD9BAA5C444E47860DF35B72.d.D5C2D4FC24ED33EEF193659DFD38968C.e.5393"}]}
COMMAND: GET /session/3629965791c759c347fde942b576cda6/screenshot - {}
RESULT: {}
RESULT: {"script":"<script> [8489 bytes]","args":[{"element-6066-11e4-a52e-4f735466cecf":"f.B75173DCAD9BAA5C444E47860DF35B72.d.D5C2D4FC24ED33EEF193659DFD38968C.e.5393","ELEMENT":"f.B75173DCAD9BAA5C444E47860DF35B72.d.D5C2D4FC24ED33EEF193659DFD38968C.e.5393"}]}
COMMAND: POST /session/3629965791c759c347fde942b576cda6/execute/sync - {"script":"<script> [5351 bytes]","args":[{"element-6066-11e4-a52e-4f735466cecf":"f.B75173DCAD9BAA5C444E47860DF35B72.d.D5C2D4FC24ED33EEF193659DFD38968C.e.5393","ELEMENT":"f.B75173DCAD9BAA5C444E47860DF35B72.d.D5C2D4FC24ED33EEF193659DFD38968C.e.5393"}]}
COMMAND: GET /session/3629965791c759c347fde942b576cda6/screenshot - {}
RESULT: {}
RESULT: {"script":"<script> [5351 bytes]","args":[{"element-6066-11e4-a52e-4f735466cecf":"f.B75173DCAD9BAA5C444E47860DF35B72.d.D5C2D4FC24ED33EEF193659DFD38968C.e.5393","ELEMENT":"f.B75173DCAD9BAA5C444E47860DF35B72.d.D5C2D4FC24ED33EEF193659DFD38968C.e.5393"}]}
COMMAND: POST /session/3629965791c759c347fde942b576cda6/element/f.B75173DCAD9BAA5C444E47860DF35B72.d.D5C2D4FC24ED33EEF193659DFD38968C.e.5393/click - {}
COMMAND: GET /session/3629965791c759c347fde942b576cda6/screenshot - {}
RESULT: {}
RESULT: {}
COMMAND: GET /session/3629965791c759c347fde942b576cda6/screenshot - {}
RESULT: {}
COMMAND: POST /session/3629965791c759c347fde942b576cda6/execute/async - {"script":"<script> [1562 bytes]","args":[{"selector":{"id":"application-manageresources-display-component---newResourceUnit--TYPE-arrow"},"wdio_ui5_key":"applicationmanageresources-display-component---newResourceUnit--TYPE-arrow"}]}
RESULT: {}
RESULT: {"script":"<script> [1562 bytes]","args":[{"selector":{"id":"application-manageresources-display-component---newResourceUnit--TYPE-arrow"},"wdio_ui5_key":"applicationmanageresources-display-component---newResourceUnit--TYPE-arrow"}]}
RESULT: undefined
COMMAND: POST /session/3629965791c759c347fde942b576cda6/element - {"using":"xpath","value":"//*[@id=\"application-manageresources-display-component---newResourceUnit--TYPE-arrow\"]"}
RESULT: {"using":"xpath","value":"//*[@id=\"application-manageresources-display-component---newResourceUnit--TYPE-arrow\"]"}
COMMAND: POST /session/3629965791c759c347fde942b576cda6/element/f.B75173DCAD9BAA5C444E47860DF35B72.d.D5C2D4FC24ED33EEF193659DFD38968C.e.5749/click - {}
RESULT: {}
COMMAND: POST /session/3629965791c759c347fde942b576cda6/element - {"using":"xpath","value":"//input[@id=\"application-manageresources-display-component---newResourceUnit--TYPE-inner\"]"}
COMMAND: GET /session/3629965791c759c347fde942b576cda6/screenshot - {}
RESULT: {"using":"xpath","value":"//input[@id=\"application-manageresources-display-component---newResourceUnit--TYPE-inner\"]"}
COMMAND: POST /session/3629965791c759c347fde942b576cda6/element/f.B75173DCAD9BAA5C444E47860DF35B72.d.D5C2D4FC24ED33EEF193659DFD38968C.e.5745/clear - {}
RESULT: {}
RESULT: {}
COMMAND: POST /session/3629965791c759c347fde942b576cda6/element/f.B75173DCAD9BAA5C444E47860DF35B72.d.D5C2D4FC24ED33EEF193659DFD38968C.e.5745/value - {"text":"Material"}
COMMAND: GET /session/3629965791c759c347fde942b576cda6/screenshot - {}
RESULT: {"text":"Material"}
COMMAND: GET /session/3629965791c759c347fde942b576cda6/screenshot - {}
RESULT: {}
RESULT: {}
COMMAND: POST /session/3629965791c759c347fde942b576cda6/actions - {"actions":[{"id":"action16","type":"key","parameters":{},"actions":[{"type":"keyDown","value":"î€‡"},{"type":"pause","duration":10},{"type":"keyUp","value":"î€‡"}]}]}
RESULT: {"actions":[{"id":"action16","type":"key","parameters":{},"actions":[{"type":"keyDown","value":"î€‡"},{"type":"pause","duration":10},{"type":"keyUp","value":"î€‡"}]}]}
COMMAND: POST /session/3629965791c759c347fde942b576cda6/execute/async - {"script":"<script> [1562 bytes]","args":[{"selector":{"id":"application-manageresources-display-component---newResourceUnit--SHORT_TEXT","interaction":{"idSuffix":"inner"}},"wdio_ui5_key":"applicationmanageresources-display-component---newResourceUnit--SHORT_TEXT"}]}
COMMAND: GET /session/3629965791c759c347fde942b576cda6/screenshot - {}
RESULT: {"script":"<script> [1562 bytes]","args":[{"selector":{"id":"application-manageresources-display-component---newResourceUnit--SHORT_TEXT","interaction":{"idSuffix":"inner"}},"wdio_ui5_key":"applicationmanageresources-display-component---newResourceUnit--SHORT_TEXT"}]}
RESULT: undefined
COMMAND: POST /session/3629965791c759c347fde942b576cda6/execute/async - {"script":"<script> [776 bytes]","args":[{"enterText":"Cement WDIO","selector":{"id":"application-manageresources-display-component---newResourceUnit--SHORT_TEXT","interaction":{"idSuffix":"inner"}},"clearTextFirst":true,"interactionType":"ENTER_TEXT"}]}
RESULT: {}
RESULT: {"script":"<script> [776 bytes]","args":[{"enterText":"Cement WDIO","selector":{"id":"application-manageresources-display-component---newResourceUnit--SHORT_TEXT","interaction":{"idSuffix":"inner"}},"clearTextFirst":true,"interactionType":"ENTER_TEXT"}]}
COMMAND: POST /session/3629965791c759c347fde942b576cda6/execute/async - {"script":"<script> [1562 bytes]","args":[{"selector":{"id":"application-manageresources-display-component---newResourceUnit--BASE_UNIT_OF_MEASURE","interaction":{"idSuffix":"inner"}},"wdio_ui5_key":"applicationmanageresources-display-component---newResourceUnit--BASE_UNIT_OF_MEASURE"}]}
RESULT: {"script":"<script> [1562 bytes]","args":[{"selector":{"id":"application-manageresources-display-component---newResourceUnit--BASE_UNIT_OF_MEASURE","interaction":{"idSuffix":"inner"}},"wdio_ui5_key":"applicationmanageresources-display-component---newResourceUnit--BASE_UNIT_OF_MEASURE"}]}
RESULT: undefined
COMMAND: POST /session/3629965791c759c347fde942b576cda6/execute/async - {"script":"<script> [776 bytes]","args":[{"enterText":"Piece","selector":{"id":"application-manageresources-display-component---newResourceUnit--BASE_UNIT_OF_MEASURE","interaction":{"idSuffix":"inner"}},"clearTextFirst":true,"interactionType":"ENTER_TEXT"}]}
RESULT: {"script":"<script> [776 bytes]","args":[{"enterText":"Piece","selector":{"id":"application-manageresources-display-component---newResourceUnit--BASE_UNIT_OF_MEASURE","interaction":{"idSuffix":"inner"}},"clearTextFirst":true,"interactionType":"ENTER_TEXT"}]}
COMMAND: POST /session/3629965791c759c347fde942b576cda6/execute/async - {"script":"<script> [1562 bytes]","args":[{"selector":{"id":"application-manageresources-display-component---newResourceUnit--WEIGHT_UNIT","interaction":{"idSuffix":"inner"}},"wdio_ui5_key":"applicationmanageresources-display-component---newResourceUnit--WEIGHT_UNIT"}]}
RESULT: {"script":"<script> [1562 bytes]","args":[{"selector":{"id":"application-manageresources-display-component---newResourceUnit--WEIGHT_UNIT","interaction":{"idSuffix":"inner"}},"wdio_ui5_key":"applicationmanageresources-display-component---newResourceUnit--WEIGHT_UNIT"}]}
RESULT: undefined
COMMAND: POST /session/3629965791c759c347fde942b576cda6/execute/async - {"script":"<script> [776 bytes]","args":[{"enterText":"Gram","selector":{"id":"application-manageresources-display-component---newResourceUnit--WEIGHT_UNIT","interaction":{"idSuffix":"inner"}},"clearTextFirst":true,"interactionType":"ENTER_TEXT"}]}
RESULT: {"script":"<script> [776 bytes]","args":[{"enterText":"Gram","selector":{"id":"application-manageresources-display-component---newResourceUnit--WEIGHT_UNIT","interaction":{"idSuffix":"inner"}},"clearTextFirst":true,"interactionType":"ENTER_TEXT"}]}
COMMAND: POST /session/3629965791c759c347fde942b576cda6/execute/async - {"script":"<script> [1562 bytes]","args":[{"selector":{"id":"application-manageresources-display-component---newResourceUnit--DIMENSION_UNIT","interaction":{"idSuffix":"inner"}},"wdio_ui5_key":"applicationmanageresources-display-component---newResourceUnit--DIMENSION_UNIT"}]}
RESULT: {"script":"<script> [1562 bytes]","args":[{"selector":{"id":"application-manageresources-display-component---newResourceUnit--DIMENSION_UNIT","interaction":{"idSuffix":"inner"}},"wdio_ui5_key":"applicationmanageresources-display-component---newResourceUnit--DIMENSION_UNIT"}]}
RESULT: undefined
COMMAND: POST /session/3629965791c759c347fde942b576cda6/execute/async - {"script":"<script> [776 bytes]","args":[{"enterText":"Meter","selector":{"id":"application-manageresources-display-component---newResourceUnit--DIMENSION_UNIT","interaction":{"idSuffix":"inner"}},"clearTextFirst":true,"interactionType":"ENTER_TEXT"}]}
RESULT: {"script":"<script> [776 bytes]","args":[{"enterText":"Meter","selector":{"id":"application-manageresources-display-component---newResourceUnit--DIMENSION_UNIT","interaction":{"idSuffix":"inner"}},"clearTextFirst":true,"interactionType":"ENTER_TEXT"}]}
COMMAND: POST /session/3629965791c759c347fde942b576cda6/execute/async - {"script":"<script> [1562 bytes]","args":[{"selector":{"id":"application-manageresources-display-component---newResourceUnit--newRRUPage-anchBar-application-manageresources-display-component---newResourceUnit--control-anchor","interaction":{"idSuffix":"BDI-content"}},"wdio_ui5_key":"applicationmanageresources-display-component---newResourceUnit--newRRUPage-anchBar-application-manageresources-display-component---newResourceUnit--control-anchor"}]}
RESULT: {"script":"<script> [1562 bytes]","args":[{"selector":{"id":"application-manageresources-display-component---newResourceUnit--newRRUPage-anchBar-application-manageresources-display-component---newResourceUnit--control-anchor","interaction":{"idSuffix":"BDI-content"}},"wdio_ui5_key":"applicationmanageresources-display-component---newResourceUnit--newRRUPage-anchBar-application-manageresources-display-component---newResourceUnit--control-anchor"}]}
RESULT: undefined
COMMAND: POST /session/3629965791c759c347fde942b576cda6/element - {"using":"xpath","value":"//*[@id=\"application-manageresources-display-component---newResourceUnit--newRRUPage-anchBar-application-manageresources-display-component---newResourceUnit--control-anchor\"]"}
RESULT: {"using":"xpath","value":"//*[@id=\"application-manageresources-display-component---newResourceUnit--newRRUPage-anchBar-application-manageresources-display-component---newResourceUnit--control-anchor\"]"}
COMMAND: POST /session/3629965791c759c347fde942b576cda6/element/f.B75173DCAD9BAA5C444E47860DF35B72.d.D5C2D4FC24ED33EEF193659DFD38968C.e.5816/click - {}
RESULT: {}
COMMAND: POST /session/3629965791c759c347fde942b576cda6/execute/async - {"script":"<script> [1562 bytes]","args":[{"selector":{"id":"application-manageresources-display-component---newResourceUnit--PLANNING_GROUP","interaction":{"idSuffix":"inner"}},"wdio_ui5_key":"applicationmanageresources-display-component---newResourceUnit--PLANNING_GROUP"}]}
COMMAND: GET /session/3629965791c759c347fde942b576cda6/screenshot - {}
RESULT: {"script":"<script> [1562 bytes]","args":[{"selector":{"id":"application-manageresources-display-component---newResourceUnit--PLANNING_GROUP","interaction":{"idSuffix":"inner"}},"wdio_ui5_key":"applicationmanageresources-display-component---newResourceUnit--PLANNING_GROUP"}]}
RESULT: undefined
COMMAND: POST /session/3629965791c759c347fde942b576cda6/execute/async - {"script":"<script> [776 bytes]","args":[{"enterText":"Material","selector":{"id":"application-manageresources-display-component---newResourceUnit--PLANNING_GROUP","interaction":{"idSuffix":"inner"}},"clearTextFirst":true,"interactionType":"ENTER_TEXT"}]}
RESULT: {}
RESULT: {"script":"<script> [776 bytes]","args":[{"enterText":"Material","selector":{"id":"application-manageresources-display-component---newResourceUnit--PLANNING_GROUP","interaction":{"idSuffix":"inner"}},"clearTextFirst":true,"interactionType":"ENTER_TEXT"}]}
COMMAND: POST /session/3629965791c759c347fde942b576cda6/execute/async - {"script":"<script> [1562 bytes]","args":[{"selector":{"id":"application-manageresources-display-component---newResourceUnit--PLANNING_INDICATOR","interaction":{"idSuffix":"inner"}},"wdio_ui5_key":"applicationmanageresources-display-component---newResourceUnit--PLANNING_INDICATOR"}]}
RESULT: {"script":"<script> [1562 bytes]","args":[{"selector":{"id":"application-manageresources-display-component---newResourceUnit--PLANNING_INDICATOR","interaction":{"idSuffix":"inner"}},"wdio_ui5_key":"applicationmanageresources-display-component---newResourceUnit--PLANNING_INDICATOR"}]}
RESULT: undefined
COMMAND: POST /session/3629965791c759c347fde942b576cda6/execute/async - {"script":"<script> [776 bytes]","args":[{"enterText":"10 - infinite","selector":{"id":"application-manageresources-display-component---newResourceUnit--PLANNING_INDICATOR","interaction":{"idSuffix":"inner"}},"clearTextFirst":true,"interactionType":"ENTER_TEXT"}]}
RESULT: {"script":"<script> [776 bytes]","args":[{"enterText":"10 - infinite","selector":{"id":"application-manageresources-display-component---newResourceUnit--PLANNING_INDICATOR","interaction":{"idSuffix":"inner"}},"clearTextFirst":true,"interactionType":"ENTER_TEXT"}]}
COMMAND: POST /session/3629965791c759c347fde942b576cda6/element - {"using":"css selector","value":"#application-manageresources-display-component---newResourceUnit--btnAddTimeSegment"}
RESULT: {"using":"css selector","value":"#application-manageresources-display-component---newResourceUnit--btnAddTimeSegment"}
COMMAND: GET /session/3629965791c759c347fde942b576cda6/element/f.B75173DCAD9BAA5C444E47860DF35B72.d.D5C2D4FC24ED33EEF193659DFD38968C.e.5826/rect - {}
RESULT: {}
COMMAND: GET /session/3629965791c759c347fde942b576cda6/window/rect - {}
RESULT: {}
COMMAND: POST /session/3629965791c759c347fde942b576cda6/execute/sync - {"script":"<script> [92 bytes]","args":[]}
RESULT: {"script":"<script> [92 bytes]","args":[]}
COMMAND: POST /session/3629965791c759c347fde942b576cda6/actions - {"actions":[{"id":"action17","type":"wheel","parameters":{},"actions":[{"type":"scroll","x":-1888,"y":-32,"deltaX":0,"deltaY":0,"duration":0,"origin":{"element-6066-11e4-a52e-4f735466cecf":"f.B75173DCAD9BAA5C444E47860DF35B72.d.D5C2D4FC24ED33EEF193659DFD38968C.e.5826"}}]}]}
COMMAND: GET /session/3629965791c759c347fde942b576cda6/screenshot - {}
RESULT: {}
COMMAND: POST /session/3629965791c759c347fde942b576cda6/execute/sync - {"script":"<script> [79 bytes]","args":[{"element-6066-11e4-a52e-4f735466cecf":"f.B75173DCAD9BAA5C444E47860DF35B72.d.D5C2D4FC24ED33EEF193659DFD38968C.e.5826","ELEMENT":"f.B75173DCAD9BAA5C444E47860DF35B72.d.D5C2D4FC24ED33EEF193659DFD38968C.e.5826"},{"block":"start","inline":"nearest"}]}
RESULT: {"script":"<script> [79 bytes]","args":[{"element-6066-11e4-a52e-4f735466cecf":"f.B75173DCAD9BAA5C444E47860DF35B72.d.D5C2D4FC24ED33EEF193659DFD38968C.e.5826","ELEMENT":"f.B75173DCAD9BAA5C444E47860DF35B72.d.D5C2D4FC24ED33EEF193659DFD38968C.e.5826"},{"block":"start","inline":"nearest"}]}
COMMAND: POST /session/3629965791c759c347fde942b576cda6/execute/async - {"script":"<script> [1562 bytes]","args":[{"selector":{"id":"application-manageresources-display-component---newResourceUnit--btnAddTimeSegment","interaction":{"idSuffix":"inner"}},"wdio_ui5_key":"applicationmanageresources-display-component---newResourceUnit--btnAddTimeSegment"}]}
COMMAND: GET /session/3629965791c759c347fde942b576cda6/screenshot - {}
RESULT: {"script":"<script> [1562 bytes]","args":[{"selector":{"id":"application-manageresources-display-component---newResourceUnit--btnAddTimeSegment","interaction":{"idSuffix":"inner"}},"wdio_ui5_key":"applicationmanageresources-display-component---newResourceUnit--btnAddTimeSegment"}]}
RESULT: undefined
COMMAND: POST /session/3629965791c759c347fde942b576cda6/element - {"using":"xpath","value":"//*[@id=\"application-manageresources-display-component---newResourceUnit--btnAddTimeSegment\"]"}
RESULT: {}
RESULT: {"using":"xpath","value":"//*[@id=\"application-manageresources-display-component---newResourceUnit--btnAddTimeSegment\"]"}
COMMAND: POST /session/3629965791c759c347fde942b576cda6/element/f.B75173DCAD9BAA5C444E47860DF35B72.d.D5C2D4FC24ED33EEF193659DFD38968C.e.5826/click - {}
RESULT: {}
COMMAND: GET /session/3629965791c759c347fde942b576cda6/screenshot - {}
RESULT: {}
COMMAND: POST /session/3629965791c759c347fde942b576cda6/element - {"using":"xpath","value":"//input[@id=\"application-manageresources-display-component---newResourceUnit--idRuTSAdmin-application-manageresources-display-component---newResourceUnit--RUTimeSegment-0-inner\"]"}
RESULT: {"using":"xpath","value":"//input[@id=\"application-manageresources-display-component---newResourceUnit--idRuTSAdmin-application-manageresources-display-component---newResourceUnit--RUTimeSegment-0-inner\"]"}
COMMAND: POST /session/3629965791c759c347fde942b576cda6/element/f.B75173DCAD9BAA5C444E47860DF35B72.d.D5C2D4FC24ED33EEF193659DFD38968C.e.5831/clear - {}
RESULT: {}
COMMAND: POST /session/3629965791c759c347fde942b576cda6/element/f.B75173DCAD9BAA5C444E47860DF35B72.d.D5C2D4FC24ED33EEF193659DFD38968C.e.5831/value - {"text":"497"}
COMMAND: GET /session/3629965791c759c347fde942b576cda6/screenshot - {}
RESULT: {"text":"497"}
COMMAND: GET /session/3629965791c759c347fde942b576cda6/screenshot - {}
RESULT: {}
RESULT: {}
COMMAND: POST /session/3629965791c759c347fde942b576cda6/element - {"using":"xpath","value":"//li[.//span[text()='497']]"}
RESULT: {"using":"xpath","value":"//li[.//span[text()='497']]"}
COMMAND: POST /session/3629965791c759c347fde942b576cda6/element/f.B75173DCAD9BAA5C444E47860DF35B72.d.D5C2D4FC24ED33EEF193659DFD38968C.e.5842/click - {}
RESULT: {}
COMMAND: GET /session/3629965791c759c347fde942b576cda6/screenshot - {}
RESULT: {}
COMMAND: POST /session/3629965791c759c347fde942b576cda6/element - {"using":"xpath","value":"//*[contains(text(), \"Catalogs\")][contains(@id ,\"application-manageresources-display-component---newResourceUnit--newRRUPage-anchBar\")]"}
RESULT: {"using":"xpath","value":"//*[contains(text(), \"Catalogs\")][contains(@id ,\"application-manageresources-display-component---newResourceUnit--newRRUPage-anchBar\")]"}
COMMAND: POST /session/3629965791c759c347fde942b576cda6/element/f.B75173DCAD9BAA5C444E47860DF35B72.d.D5C2D4FC24ED33EEF193659DFD38968C.e.5843/click - {}
RESULT: {}
COMMAND: GET /session/3629965791c759c347fde942b576cda6/screenshot - {}
RESULT: {}
COMMAND: POST /session/3629965791c759c347fde942b576cda6/element - {"using":"xpath","value":"//*[contains(text(), \"Assign\")][contains(@id ,\"button\")]"}
RESULT: {"using":"xpath","value":"//*[contains(text(), \"Assign\")][contains(@id ,\"button\")]"}
COMMAND: POST /session/3629965791c759c347fde942b576cda6/element/f.B75173DCAD9BAA5C444E47860DF35B72.d.D5C2D4FC24ED33EEF193659DFD38968C.e.5846/click - {}
RESULT: {}
COMMAND: GET /session/3629965791c759c347fde942b576cda6/screenshot - {}
RESULT: {}
COMMAND: POST /session/3629965791c759c347fde942b576cda6/element - {"using":"xpath","value":"//span[@id = \"application-manageresources-display-component---newResourceUnit--catalogSelect-arrow\"]"}
RESULT: {"using":"xpath","value":"//span[@id = \"application-manageresources-display-component---newResourceUnit--catalogSelect-arrow\"]"}
COMMAND: POST /session/3629965791c759c347fde942b576cda6/element/f.B75173DCAD9BAA5C444E47860DF35B72.d.D5C2D4FC24ED33EEF193659DFD38968C.e.5854/click - {}
RESULT: {}
COMMAND: GET /session/3629965791c759c347fde942b576cda6/screenshot - {}
RESULT: {}
COMMAND: POST /session/3629965791c759c347fde942b576cda6/element - {"using":"xpath","value":"//li[.//span[text()=\"Webshop Catalog\"]]"}
RESULT: {"using":"xpath","value":"//li[.//span[text()=\"Webshop Catalog\"]]"}
COMMAND: POST /session/3629965791c759c347fde942b576cda6/element/f.B75173DCAD9BAA5C444E47860DF35B72.d.D5C2D4FC24ED33EEF193659DFD38968C.e.5855/click - {}
RESULT: {}
COMMAND: GET /session/3629965791c759c347fde942b576cda6/screenshot - {}
RESULT: {}
COMMAND: POST /session/3629965791c759c347fde942b576cda6/element - {"using":"xpath","value":"//span[@id = \"application-manageresources-display-component---newResourceUnit--catalogItemSelect-arrow\"]"}
RESULT: {"using":"xpath","value":"//span[@id = \"application-manageresources-display-component---newResourceUnit--catalogItemSelect-arrow\"]"}
COMMAND: POST /session/3629965791c759c347fde942b576cda6/element/f.B75173DCAD9BAA5C444E47860DF35B72.d.D5C2D4FC24ED33EEF193659DFD38968C.e.5856/click - {}
RESULT: {}
COMMAND: GET /session/3629965791c759c347fde942b576cda6/screenshot - {}
RESULT: {}
COMMAND: POST /session/3629965791c759c347fde942b576cda6/element - {"using":"xpath","value":"//li[.//span[text()=\"Concert - Concert \"]]"}
RESULT: {"using":"xpath","value":"//li[.//span[text()=\"Concert - Concert \"]]"}
COMMAND: POST /session/3629965791c759c347fde942b576cda6/element/f.B75173DCAD9BAA5C444E47860DF35B72.d.D5C2D4FC24ED33EEF193659DFD38968C.e.5857/click - {}
RESULT: {}
COMMAND: GET /session/3629965791c759c347fde942b576cda6/screenshot - {}
RESULT: {}
COMMAND: POST /session/3629965791c759c347fde942b576cda6/execute/async - {"script":"<script> [1562 bytes]","args":[{"selector":{"id":"application-manageresources-display-component---newResourceUnit--RUAssignmentSaveButton","searchOpenDialogs":true,"interaction":{"idSuffix":"BDI-content"}},"wdio_ui5_key":"applicationmanageresources-display-component---newResourceUnit--RUAssignmentSaveButton"}]}
RESULT: {"script":"<script> [1562 bytes]","args":[{"selector":{"id":"application-manageresources-display-component---newResourceUnit--RUAssignmentSaveButton","searchOpenDialogs":true,"interaction":{"idSuffix":"BDI-content"}},"wdio_ui5_key":"applicationmanageresources-display-component---newResourceUnit--RUAssignmentSaveButton"}]}
RESULT: undefined
COMMAND: POST /session/3629965791c759c347fde942b576cda6/element - {"using":"xpath","value":"//*[@id=\"application-manageresources-display-component---newResourceUnit--RUAssignmentSaveButton\"]"}
RESULT: {"using":"xpath","value":"//*[@id=\"application-manageresources-display-component---newResourceUnit--RUAssignmentSaveButton\"]"}
COMMAND: POST /session/3629965791c759c347fde942b576cda6/element/f.B75173DCAD9BAA5C444E47860DF35B72.d.D5C2D4FC24ED33EEF193659DFD38968C.e.5873/click - {}
RESULT: {}
COMMAND: GET /session/3629965791c759c347fde942b576cda6/screenshot - {}
RESULT: {}
COMMAND: POST /session/3629965791c759c347fde942b576cda6/element - {"using":"xpath","value":"//button[@data-kt=\"resourceUnitSaveButton\"]"}
RESULT: {"using":"xpath","value":"//button[@data-kt=\"resourceUnitSaveButton\"]"}
COMMAND: POST /session/3629965791c759c347fde942b576cda6/element/f.B75173DCAD9BAA5C444E47860DF35B72.d.D5C2D4FC24ED33EEF193659DFD38968C.e.5768/click - {}
RESULT: {}
COMMAND: GET /session/3629965791c759c347fde942b576cda6/screenshot - {}
RESULT: {}
COMMAND: POST /session/3629965791c759c347fde942b576cda6/element - {"using":"xpath","value":"//bdi[contains(text(), \"Close\")]"}
RESULT: {"using":"xpath","value":"//bdi[contains(text(), \"Close\")]"}
COMMAND: POST /session/3629965791c759c347fde942b576cda6/element/f.B75173DCAD9BAA5C444E47860DF35B72.d.D5C2D4FC24ED33EEF193659DFD38968C.e.5877/click - {}
RESULT: {}
COMMAND: GET /session/3629965791c759c347fde942b576cda6/screenshot - {}
RESULT: {}
COMMAND: POST /session/3629965791c759c347fde942b576cda6/element - {"using":"xpath","value":"//header[contains(@id, 'detailRruPage-headerTitle')]/div[1]/div[2]/div[2]/span[1]"}
RESULT: {"using":"xpath","value":"//header[contains(@id, 'detailRruPage-headerTitle')]/div[1]/div[2]/div[2]/span[1]"}
COMMAND: POST /session/3629965791c759c347fde942b576cda6/elements - {"using":"xpath","value":"//header[contains(@id, 'detailRruPage-headerTitle')]/div[1]/div[2]/div[2]/span[1]"}
RESULT: {"using":"xpath","value":"//header[contains(@id, 'detailRruPage-headerTitle')]/div[1]/div[2]/div[2]/span[1]"}
COMMAND: POST /session/3629965791c759c347fde942b576cda6/execute/sync - {"script":"<script> [56 bytes]","args":[{"element-6066-11e4-a52e-4f735466cecf":"f.B75173DCAD9BAA5C444E47860DF35B72.d.D5C2D4FC24ED33EEF193659DFD38968C.e.5912","ELEMENT":"f.B75173DCAD9BAA5C444E47860DF35B72.d.D5C2D4FC24ED33EEF193659DFD38968C.e.5912"}]}
RESULT: {"script":"<script> [56 bytes]","args":[{"element-6066-11e4-a52e-4f735466cecf":"f.B75173DCAD9BAA5C444E47860DF35B72.d.D5C2D4FC24ED33EEF193659DFD38968C.e.5912","ELEMENT":"f.B75173DCAD9BAA5C444E47860DF35B72.d.D5C2D4FC24ED33EEF193659DFD38968C.e.5912"}]}
COMMAND: POST /session/3629965791c759c347fde942b576cda6/element - {"using":"css selector","value":"#shell-header-logo"}
COMMAND: GET /session/3629965791c759c347fde942b576cda6/screenshot - {}
RESULT: {"using":"css selector","value":"#shell-header-logo"}
COMMAND: POST /session/3629965791c759c347fde942b576cda6/element/f.B75173DCAD9BAA5C444E47860DF35B72.d.D5C2D4FC24ED33EEF193659DFD38968C.e.5363/click - {}
RESULT: {}
RESULT: {}
COMMAND: GET /session/3629965791c759c347fde942b576cda6/screenshot - {}
RESULT: {}
]]></system-out>
    </testcase>
    <testcase classname="chrome.136_0_7103_93.windows.Yard_Overview_Autoplanning_US130989" name="Should create a new request and add the material" time="101.877">
      <system-out><![CDATA[
COMMAND: POST /session/3629965791c759c347fde942b576cda6/execute/async - {"script":"<script> [1562 bytes]","args":[{"selector":{"controlType":"sap.m.GenericTile","properties":{"header":"Manage Requests"}},"wdio_ui5_key":"sapm.GenericTile{\"header\":\"Manage Requests\"}"}]}
RESULT: {"script":"<script> [1562 bytes]","args":[{"selector":{"controlType":"sap.m.GenericTile","properties":{"header":"Manage Requests"}},"wdio_ui5_key":"sapm.GenericTile{\"header\":\"Manage Requests\"}"}]}
RESULT: undefined
COMMAND: POST /session/3629965791c759c347fde942b576cda6/element - {"using":"xpath","value":"//*[@id=\"__tile47\"]"}
RESULT: {"using":"xpath","value":"//*[@id=\"__tile47\"]"}
COMMAND: POST /session/3629965791c759c347fde942b576cda6/element/f.B75173DCAD9BAA5C444E47860DF35B72.d.D5C2D4FC24ED33EEF193659DFD38968C.e.5348/click - {}
RESULT: {}
COMMAND: GET /session/3629965791c759c347fde942b576cda6/screenshot - {}
RESULT: {}
COMMAND: POST /session/3629965791c759c347fde942b576cda6/elements - {"using":"xpath","value":"//span[text()='Error']"}
RESULT: {"using":"xpath","value":"//span[text()='Error']"}
COMMAND: POST /session/3629965791c759c347fde942b576cda6/execute/async - {"script":"<script> [1562 bytes]","args":[{"selector":{"id":"btnCreateNew","viewName":"etm.portal.ui.managerequests.view.Master","interaction":{"idSuffix":"inner"}},"wdio_ui5_key":"btnCreateNewetmportal.ui.managerequests.view.Master"}]}
RESULT: {"script":"<script> [1562 bytes]","args":[{"selector":{"id":"btnCreateNew","viewName":"etm.portal.ui.managerequests.view.Master","interaction":{"idSuffix":"inner"}},"wdio_ui5_key":"btnCreateNewetmportal.ui.managerequests.view.Master"}]}
RESULT: undefined
COMMAND: POST /session/3629965791c759c347fde942b576cda6/element - {"using":"xpath","value":"//*[@id=\"__xmlview58--btnCreateNew\"]"}
RESULT: {"using":"xpath","value":"//*[@id=\"__xmlview58--btnCreateNew\"]"}
COMMAND: POST /session/3629965791c759c347fde942b576cda6/element/f.B75173DCAD9BAA5C444E47860DF35B72.d.D5C2D4FC24ED33EEF193659DFD38968C.e.5971/click - {}
RESULT: {}
COMMAND: GET /session/3629965791c759c347fde942b576cda6/screenshot - {}
RESULT: {}
COMMAND: POST /session/3629965791c759c347fde942b576cda6/execute/async - {"script":"<script> [1562 bytes]","args":[{"selector":{"controlType":"sap.ui.core.Icon","viewName":"etm.portal.ui.managerequests.view.NewRequest","properties":{"src":{"regex":{"source":"full\\-screen"}}}},"wdio_ui5_key":"etmportal.ui.managerequests.view.NewRequestsap.ui.core.Icon{\"src\":{\"regex\":{\"source\":\"full\\\\-screen\"}}}"}]}
RESULT: {"script":"<script> [1562 bytes]","args":[{"selector":{"controlType":"sap.ui.core.Icon","viewName":"etm.portal.ui.managerequests.view.NewRequest","properties":{"src":{"regex":{"source":"full\\-screen"}}}},"wdio_ui5_key":"etmportal.ui.managerequests.view.NewRequestsap.ui.core.Icon{\"src\":{\"regex\":{\"source\":\"full\\\\-screen\"}}}"}]}
RESULT: undefined
COMMAND: POST /session/3629965791c759c347fde942b576cda6/element - {"using":"xpath","value":"//*[@id=\"__button71-img\"]"}
RESULT: {"using":"xpath","value":"//*[@id=\"__button71-img\"]"}
COMMAND: POST /session/3629965791c759c347fde942b576cda6/element/f.B75173DCAD9BAA5C444E47860DF35B72.d.D5C2D4FC24ED33EEF193659DFD38968C.e.6404/click - {}
RESULT: {}
COMMAND: GET /session/3629965791c759c347fde942b576cda6/screenshot - {}
RESULT: {}
COMMAND: POST /session/3629965791c759c347fde942b576cda6/element - {"using":"xpath","value":"//input[contains(@id ,\"yardId-inner\")]"}
RESULT: {"using":"xpath","value":"//input[contains(@id ,\"yardId-inner\")]"}
COMMAND: POST /session/3629965791c759c347fde942b576cda6/element/f.B75173DCAD9BAA5C444E47860DF35B72.d.D5C2D4FC24ED33EEF193659DFD38968C.e.6474/value - {"text":"497"}
RESULT: {"text":"497"}
COMMAND: GET /session/3629965791c759c347fde942b576cda6/screenshot - {}
RESULT: {}
COMMAND: POST /session/3629965791c759c347fde942b576cda6/element - {"using":"xpath","value":"//li[.//span[text()='497']]"}
RESULT: {"using":"xpath","value":"//li[.//span[text()='497']]"}
COMMAND: POST /session/3629965791c759c347fde942b576cda6/element/f.B75173DCAD9BAA5C444E47860DF35B72.d.D5C2D4FC24ED33EEF193659DFD38968C.e.6723/click - {}
RESULT: {}
COMMAND: GET /session/3629965791c759c347fde942b576cda6/screenshot - {}
RESULT: {}
COMMAND: POST /session/3629965791c759c347fde942b576cda6/element - {"using":"xpath","value":"//input[contains(@id ,\"customerNumber-inner\")]"}
RESULT: {"using":"xpath","value":"//input[contains(@id ,\"customerNumber-inner\")]"}
COMMAND: POST /session/3629965791c759c347fde942b576cda6/element/f.B75173DCAD9BAA5C444E47860DF35B72.d.D5C2D4FC24ED33EEF193659DFD38968C.e.6470/clear - {}
RESULT: {}
COMMAND: POST /session/3629965791c759c347fde942b576cda6/element/f.B75173DCAD9BAA5C444E47860DF35B72.d.D5C2D4FC24ED33EEF193659DFD38968C.e.6470/value - {"text":"1282"}
COMMAND: GET /session/3629965791c759c347fde942b576cda6/screenshot - {}
RESULT: {"text":"1282"}
COMMAND: GET /session/3629965791c759c347fde942b576cda6/screenshot - {}
RESULT: {}
RESULT: {}
COMMAND: POST /session/3629965791c759c347fde942b576cda6/element - {"using":"xpath","value":"//li[.//span[text()='1282']]"}
RESULT: {"using":"xpath","value":"//li[.//span[text()='1282']]"}
COMMAND: POST /session/3629965791c759c347fde942b576cda6/element/f.B75173DCAD9BAA5C444E47860DF35B72.d.D5C2D4FC24ED33EEF193659DFD38968C.e.6725/click - {}
RESULT: {}
COMMAND: GET /session/3629965791c759c347fde942b576cda6/screenshot - {}
RESULT: {}
COMMAND: POST /session/3629965791c759c347fde942b576cda6/element - {"using":"xpath","value":"//button[contains(@id ,\"btnAddTableRow\")]"}
RESULT: {"using":"xpath","value":"//button[contains(@id ,\"btnAddTableRow\")]"}
COMMAND: POST /session/3629965791c759c347fde942b576cda6/element/f.B75173DCAD9BAA5C444E47860DF35B72.d.D5C2D4FC24ED33EEF193659DFD38968C.e.6625/click - {}
RESULT: {}
COMMAND: GET /session/3629965791c759c347fde942b576cda6/screenshot - {}
RESULT: {}
COMMAND: POST /session/3629965791c759c347fde942b576cda6/actions - {"actions":[{"id":"action18","type":"key","parameters":{},"actions":[{"type":"keyDown","value":"î€•"},{"type":"pause","duration":10},{"type":"keyUp","value":"î€•"}]}]}
RESULT: {"actions":[{"id":"action18","type":"key","parameters":{},"actions":[{"type":"keyDown","value":"î€•"},{"type":"pause","duration":10},{"type":"keyUp","value":"î€•"}]}]}
COMMAND: POST /session/3629965791c759c347fde942b576cda6/actions - {"actions":[{"id":"action19","type":"key","parameters":{},"actions":[{"type":"keyDown","value":"î€‡"},{"type":"pause","duration":10},{"type":"keyUp","value":"î€‡"}]}]}
COMMAND: GET /session/3629965791c759c347fde942b576cda6/screenshot - {}
RESULT: {"actions":[{"id":"action19","type":"key","parameters":{},"actions":[{"type":"keyDown","value":"î€‡"},{"type":"pause","duration":10},{"type":"keyUp","value":"î€‡"}]}]}
COMMAND: GET /session/3629965791c759c347fde942b576cda6/screenshot - {}
RESULT: {}
RESULT: {}
COMMAND: POST /session/3629965791c759c347fde942b576cda6/element - {"using":"xpath","value":"//table[contains(@id, \"requestItemsTable-listUl\")]//tbody/tr[1]/td[3]/div/div/input"}
RESULT: {"using":"xpath","value":"//table[contains(@id, \"requestItemsTable-listUl\")]//tbody/tr[1]/td[3]/div/div/input"}
COMMAND: POST /session/3629965791c759c347fde942b576cda6/element/f.B75173DCAD9BAA5C444E47860DF35B72.d.D5C2D4FC24ED33EEF193659DFD38968C.e.6729/clear - {}
RESULT: {}
COMMAND: POST /session/3629965791c759c347fde942b576cda6/element/f.B75173DCAD9BAA5C444E47860DF35B72.d.D5C2D4FC24ED33EEF193659DFD38968C.e.6729/value - {"text":"Concert"}
COMMAND: GET /session/3629965791c759c347fde942b576cda6/screenshot - {}
RESULT: {"text":"Concert"}
COMMAND: GET /session/3629965791c759c347fde942b576cda6/screenshot - {}
RESULT: {}
RESULT: {}
COMMAND: POST /session/3629965791c759c347fde942b576cda6/element - {"using":"xpath","value":"//li[.//span[contains(text(), \"Concert\")]]"}
RESULT: {"using":"xpath","value":"//li[.//span[contains(text(), \"Concert\")]]"}
COMMAND: POST /session/3629965791c759c347fde942b576cda6/element/f.B75173DCAD9BAA5C444E47860DF35B72.d.D5C2D4FC24ED33EEF193659DFD38968C.e.6740/click - {}
RESULT: {}
COMMAND: GET /session/3629965791c759c347fde942b576cda6/screenshot - {}
RESULT: {}
COMMAND: POST /session/3629965791c759c347fde942b576cda6/execute/async - {"script":"<script> [1562 bytes]","args":[{"selector":{"controlType":"sap.ui.core.Icon","viewName":"etm.portal.ui.managerequests.view.NewRequest","properties":{"src":{"regex":{"source":"message\\-error"}}},"ancestor":{"controlType":"sap.m.ColumnListItem","viewName":"etm.portal.ui.managerequests.view.NewRequest","bindingPath":{"modelName":"newRequestItems","path":"/RequestItems/0"},"ancestor":{"id":"requestItemsTable","viewName":"etm.portal.ui.managerequests.view.NewRequest"}}},"wdio_ui5_key":"etmportal.ui.managerequests.view.NewRequestsap.ui.core.Icon{\"src\":{\"regex\":{\"source\":\"message\\\\-error\"}}}{\"controlType\":\"sap.m.ColumnListItem\",\"viewName\":\"etm.portal.ui.managerequests.view.NewRequest\",\"bindingPath\":{\"modelName\":\"newRequestItems\",\"path\":\"/RequestItems/0\"},\"ancestor\":{\"id\":\"requestItemsTable\",\"viewName\":\"etm.portal.ui.managerequests.view.NewRequest\"}}"}]}
RESULT: {"script":"<script> [1562 bytes]","args":[{"selector":{"controlType":"sap.ui.core.Icon","viewName":"etm.portal.ui.managerequests.view.NewRequest","properties":{"src":{"regex":{"source":"message\\-error"}}},"ancestor":{"controlType":"sap.m.ColumnListItem","viewName":"etm.portal.ui.managerequests.view.NewRequest","bindingPath":{"modelName":"newRequestItems","path":"/RequestItems/0"},"ancestor":{"id":"requestItemsTable","viewName":"etm.portal.ui.managerequests.view.NewRequest"}}},"wdio_ui5_key":"etmportal.ui.managerequests.view.NewRequestsap.ui.core.Icon{\"src\":{\"regex\":{\"source\":\"message\\\\-error\"}}}{\"controlType\":\"sap.m.ColumnListItem\",\"viewName\":\"etm.portal.ui.managerequests.view.NewRequest\",\"bindingPath\":{\"modelName\":\"newRequestItems\",\"path\":\"/RequestItems/0\"},\"ancestor\":{\"id\":\"requestItemsTable\",\"viewName\":\"etm.portal.ui.managerequests.view.NewRequest\"}}"}]}
RESULT: undefined
COMMAND: POST /session/3629965791c759c347fde942b576cda6/element - {"using":"xpath","value":"//*[@id=\"__status10-__xmlview59--requestItemsTable-0-icon\"]"}
RESULT: {"using":"xpath","value":"//*[@id=\"__status10-__xmlview59--requestItemsTable-0-icon\"]"}
COMMAND: POST /session/3629965791c759c347fde942b576cda6/element/f.B75173DCAD9BAA5C444E47860DF35B72.d.D5C2D4FC24ED33EEF193659DFD38968C.e.6741/click - {}
RESULT: {}
COMMAND: POST /session/3629965791c759c347fde942b576cda6/execute/async - {"script":"<script> [1562 bytes]","args":[{"selector":{"controlType":"sap.ui.core.Icon","viewName":"etm.portal.ui.managerequests.view.NewRequest","properties":{"src":{"regex":{"source":"slim\\-arrow\\-down"}}},"searchOpenDialogs":true,"ancestor":{"id":"costObjectAdminTypeComboBox","viewName":"etm.portal.ui.managerequests.view.NewRequest","searchOpenDialogs":true}},"wdio_ui5_key":"etmportal.ui.managerequests.view.NewRequestsap.ui.core.Icon{\"src\":{\"regex\":{\"source\":\"slim\\\\-arrow\\\\-down\"}}}{\"id\":\"costObjectAdminTypeComboBox\",\"viewName\":\"etm.portal.ui.managerequests.view.NewRequest\",\"searchOpenDialogs\":true}"}]}
COMMAND: GET /session/3629965791c759c347fde942b576cda6/screenshot - {}
RESULT: {"script":"<script> [1562 bytes]","args":[{"selector":{"controlType":"sap.ui.core.Icon","viewName":"etm.portal.ui.managerequests.view.NewRequest","properties":{"src":{"regex":{"source":"slim\\-arrow\\-down"}}},"searchOpenDialogs":true,"ancestor":{"id":"costObjectAdminTypeComboBox","viewName":"etm.portal.ui.managerequests.view.NewRequest","searchOpenDialogs":true}},"wdio_ui5_key":"etmportal.ui.managerequests.view.NewRequestsap.ui.core.Icon{\"src\":{\"regex\":{\"source\":\"slim\\\\-arrow\\\\-down\"}}}{\"id\":\"costObjectAdminTypeComboBox\",\"viewName\":\"etm.portal.ui.managerequests.view.NewRequest\",\"searchOpenDialogs\":true}"}]}
RESULT: undefined
COMMAND: POST /session/3629965791c759c347fde942b576cda6/element - {"using":"xpath","value":"//*[@id=\"__xmlview59--costObjectAdminTypeComboBox-arrow\"]"}
RESULT: {}
RESULT: {"using":"xpath","value":"//*[@id=\"__xmlview59--costObjectAdminTypeComboBox-arrow\"]"}
COMMAND: POST /session/3629965791c759c347fde942b576cda6/element/f.B75173DCAD9BAA5C444E47860DF35B72.d.D5C2D4FC24ED33EEF193659DFD38968C.e.6745/click - {}
RESULT: {}
COMMAND: GET /session/3629965791c759c347fde942b576cda6/screenshot - {}
RESULT: {}
COMMAND: POST /session/3629965791c759c347fde942b576cda6/execute/async - {"script":"<script> [1562 bytes]","args":[{"selector":{"controlType":"sap.m.StandardListItem","viewName":"etm.portal.ui.managerequests.view.NewRequest","properties":{"title":"Cost Center"},"searchOpenDialogs":true,"interaction":{"idSuffix":"content"}},"wdio_ui5_key":"etmportal.ui.managerequests.view.NewRequestsap.m.StandardListItem{\"title\":\"Cost Center\"}"}]}
RESULT: {"script":"<script> [1562 bytes]","args":[{"selector":{"controlType":"sap.m.StandardListItem","viewName":"etm.portal.ui.managerequests.view.NewRequest","properties":{"title":"Cost Center"},"searchOpenDialogs":true,"interaction":{"idSuffix":"content"}},"wdio_ui5_key":"etmportal.ui.managerequests.view.NewRequestsap.m.StandardListItem{\"title\":\"Cost Center\"}"}]}
RESULT: undefined
COMMAND: POST /session/3629965791c759c347fde942b576cda6/element - {"using":"xpath","value":"//*[@id=\"__item1797\"]"}
RESULT: {"using":"xpath","value":"//*[@id=\"__item1797\"]"}
COMMAND: POST /session/3629965791c759c347fde942b576cda6/element/f.B75173DCAD9BAA5C444E47860DF35B72.d.D5C2D4FC24ED33EEF193659DFD38968C.e.6749/click - {}
RESULT: {}
COMMAND: GET /session/3629965791c759c347fde942b576cda6/screenshot - {}
RESULT: {}
COMMAND: POST /session/3629965791c759c347fde942b576cda6/execute/async - {"script":"<script> [1562 bytes]","args":[{"selector":{"controlType":"sap.m.Button","viewName":"etm.portal.ui.managerequests.view.NewRequest","i18NText":{"propertyName":"text","key":"save"},"searchOpenDialogs":true,"interaction":{"idSuffix":"inner"}},"wdio_ui5_key":"etmportal.ui.managerequests.view.NewRequestsap.m.Button{\"propertyName\":\"text\",\"key\":\"save\"}"}]}
RESULT: {"script":"<script> [1562 bytes]","args":[{"selector":{"controlType":"sap.m.Button","viewName":"etm.portal.ui.managerequests.view.NewRequest","i18NText":{"propertyName":"text","key":"save"},"searchOpenDialogs":true,"interaction":{"idSuffix":"inner"}},"wdio_ui5_key":"etmportal.ui.managerequests.view.NewRequestsap.m.Button{\"propertyName\":\"text\",\"key\":\"save\"}"}]}
RESULT: undefined
COMMAND: POST /session/3629965791c759c347fde942b576cda6/element - {"using":"xpath","value":"//*[@id=\"__button87\"]"}
RESULT: {"using":"xpath","value":"//*[@id=\"__button87\"]"}
COMMAND: POST /session/3629965791c759c347fde942b576cda6/element/f.B75173DCAD9BAA5C444E47860DF35B72.d.D5C2D4FC24ED33EEF193659DFD38968C.e.6757/click - {}
RESULT: {}
COMMAND: GET /session/3629965791c759c347fde942b576cda6/screenshot - {}
RESULT: {}
COMMAND: POST /session/3629965791c759c347fde942b576cda6/execute/async - {"script":"<script> [1562 bytes]","args":[{"selector":{"controlType":"sap.m.Button","viewName":"etm.portal.ui.managerequests.view.NewRequest","i18NText":{"propertyName":"tooltip","key":"save"},"interaction":{"idSuffix":"BDI-content"}},"wdio_ui5_key":"etmportal.ui.managerequests.view.NewRequestsap.m.Button{\"propertyName\":\"tooltip\",\"key\":\"save\"}"}]}
RESULT: {"script":"<script> [1562 bytes]","args":[{"selector":{"controlType":"sap.m.Button","viewName":"etm.portal.ui.managerequests.view.NewRequest","i18NText":{"propertyName":"tooltip","key":"save"},"interaction":{"idSuffix":"BDI-content"}},"wdio_ui5_key":"etmportal.ui.managerequests.view.NewRequestsap.m.Button{\"propertyName\":\"tooltip\",\"key\":\"save\"}"}]}
RESULT: undefined
COMMAND: POST /session/3629965791c759c347fde942b576cda6/element - {"using":"xpath","value":"//*[@id=\"__button78\"]"}
RESULT: {"using":"xpath","value":"//*[@id=\"__button78\"]"}
COMMAND: POST /session/3629965791c759c347fde942b576cda6/element/f.B75173DCAD9BAA5C444E47860DF35B72.d.D5C2D4FC24ED33EEF193659DFD38968C.e.6631/click - {}
RESULT: {}
COMMAND: POST /session/3629965791c759c347fde942b576cda6/execute/async - {"script":"<script> [1562 bytes]","args":[{"selector":{"controlType":"sap.m.Button","properties":{"text":"Close"},"searchOpenDialogs":true,"interaction":{"idSuffix":"inner"}},"wdio_ui5_key":"sapm.Button{\"text\":\"Close\"}"}]}
COMMAND: GET /session/3629965791c759c347fde942b576cda6/screenshot - {}
RESULT: {"script":"<script> [1562 bytes]","args":[{"selector":{"controlType":"sap.m.Button","properties":{"text":"Close"},"searchOpenDialogs":true,"interaction":{"idSuffix":"inner"}},"wdio_ui5_key":"sapm.Button{\"text\":\"Close\"}"}]}
RESULT: undefined
COMMAND: POST /session/3629965791c759c347fde942b576cda6/element - {"using":"xpath","value":"//*[@id=\"__mbox-btn-1\"]"}
RESULT: {}
RESULT: {"using":"xpath","value":"//*[@id=\"__mbox-btn-1\"]"}
COMMAND: POST /session/3629965791c759c347fde942b576cda6/element/f.B75173DCAD9BAA5C444E47860DF35B72.d.D5C2D4FC24ED33EEF193659DFD38968C.e.6761/click - {}
RESULT: {}
COMMAND: GET /session/3629965791c759c347fde942b576cda6/screenshot - {}
RESULT: {}
COMMAND: POST /session/3629965791c759c347fde942b576cda6/execute/async - {"script":"<script> [1562 bytes]","args":[{"selector":{"controlType":"sap.m.Text","viewName":"etm.portal.ui.managerequests.view.Detail","bindingPath":{"propertyPath":"NO","modelName":"catalogModel"}},"wdio_ui5_key":"etmportal.ui.managerequests.view.Detailsap.m.Text{\"propertyPath\":\"NO\",\"modelName\":\"catalogModel\"}"}]}
RESULT: {"script":"<script> [1562 bytes]","args":[{"selector":{"controlType":"sap.m.Text","viewName":"etm.portal.ui.managerequests.view.Detail","bindingPath":{"propertyPath":"NO","modelName":"catalogModel"}},"wdio_ui5_key":"etmportal.ui.managerequests.view.Detailsap.m.Text{\"propertyPath\":\"NO\",\"modelName\":\"catalogModel\"}"}]}
RESULT: undefined
COMMAND: POST /session/3629965791c759c347fde942b576cda6/execute/async - {"script":"<script> [6424 bytes]","args":[{"element-6066-11e4-a52e-4f735466cecf":"f.B75173DCAD9BAA5C444E47860DF35B72.d.D5C2D4FC24ED33EEF193659DFD38968C.e.7048"},"getText",[]]}
RESULT: {"script":"<script> [6424 bytes]","args":[{"element-6066-11e4-a52e-4f735466cecf":"f.B75173DCAD9BAA5C444E47860DF35B72.d.D5C2D4FC24ED33EEF193659DFD38968C.e.7048"},"getText",[]]}
COMMAND: POST /session/3629965791c759c347fde942b576cda6/element - {"using":"css selector","value":"#shell-header-logo"}
RESULT: {"using":"css selector","value":"#shell-header-logo"}
COMMAND: POST /session/3629965791c759c347fde942b576cda6/element/f.B75173DCAD9BAA5C444E47860DF35B72.d.D5C2D4FC24ED33EEF193659DFD38968C.e.5915/click - {}
RESULT: {}
COMMAND: GET /session/3629965791c759c347fde942b576cda6/screenshot - {}
RESULT: {}
]]></system-out>
    </testcase>
    <testcase classname="chrome.136_0_7103_93.windows.Yard_Overview_Autoplanning_US130989" name="Should navigate to Yard overview and plan the request" time="138.69">
      <system-out><![CDATA[
COMMAND: POST /session/3629965791c759c347fde942b576cda6/execute/async - {"script":"<script> [1562 bytes]","args":[{"selector":{"controlType":"sap.m.GenericTile","properties":{"header":"Yard Overview"}},"wdio_ui5_key":"sapm.GenericTile{\"header\":\"Yard Overview\"}"}]}
RESULT: {"script":"<script> [1562 bytes]","args":[{"selector":{"controlType":"sap.m.GenericTile","properties":{"header":"Yard Overview"}},"wdio_ui5_key":"sapm.GenericTile{\"header\":\"Yard Overview\"}"}]}
RESULT: undefined
COMMAND: POST /session/3629965791c759c347fde942b576cda6/element - {"using":"xpath","value":"//*[@id=\"__tile102\"]"}
RESULT: {"using":"xpath","value":"//*[@id=\"__tile102\"]"}
COMMAND: POST /session/3629965791c759c347fde942b576cda6/element/f.B75173DCAD9BAA5C444E47860DF35B72.d.D5C2D4FC24ED33EEF193659DFD38968C.e.7052/click - {}
RESULT: {}
COMMAND: GET /session/3629965791c759c347fde942b576cda6/screenshot - {}
RESULT: {}
COMMAND: POST /session/3629965791c759c347fde942b576cda6/elements - {"using":"xpath","value":"//span[text()='Error']"}
RESULT: {"using":"xpath","value":"//span[text()='Error']"}
COMMAND: POST /session/3629965791c759c347fde942b576cda6/execute/async - {"script":"<script> [1562 bytes]","args":[{"selector":{"id":"application-yardoverview-display-component---masterYardInventory--smartFilterBar-btnBasicSearch","interaction":{"idSuffix":"I"}},"wdio_ui5_key":"applicationyardoverview-display-component---masterYardInventory--smartFilterBar-btnBasicSearch"}]}
RESULT: {"script":"<script> [1562 bytes]","args":[{"selector":{"id":"application-yardoverview-display-component---masterYardInventory--smartFilterBar-btnBasicSearch","interaction":{"idSuffix":"I"}},"wdio_ui5_key":"applicationyardoverview-display-component---masterYardInventory--smartFilterBar-btnBasicSearch"}]}
RESULT: undefined
COMMAND: POST /session/3629965791c759c347fde942b576cda6/execute/async - {"script":"<script> [776 bytes]","args":[{"enterText":"497","selector":{"id":"application-yardoverview-display-component---masterYardInventory--smartFilterBar-btnBasicSearch","interaction":{"idSuffix":"I"}},"clearTextFirst":true,"interactionType":"ENTER_TEXT"}]}
RESULT: {"script":"<script> [776 bytes]","args":[{"enterText":"497","selector":{"id":"application-yardoverview-display-component---masterYardInventory--smartFilterBar-btnBasicSearch","interaction":{"idSuffix":"I"}},"clearTextFirst":true,"interactionType":"ENTER_TEXT"}]}
COMMAND: POST /session/3629965791c759c347fde942b576cda6/actions - {"actions":[{"id":"action20","type":"key","parameters":{},"actions":[{"type":"keyDown","value":"î€‡"},{"type":"pause","duration":10},{"type":"keyUp","value":"î€‡"}]}]}
RESULT: {"actions":[{"id":"action20","type":"key","parameters":{},"actions":[{"type":"keyDown","value":"î€‡"},{"type":"pause","duration":10},{"type":"keyUp","value":"î€‡"}]}]}
COMMAND: GET /session/3629965791c759c347fde942b576cda6/screenshot - {}
RESULT: {}
COMMAND: POST /session/3629965791c759c347fde942b576cda6/execute/async - {"script":"<script> [1562 bytes]","args":[{"selector":{"controlType":"sap.m.Text","viewName":"etm.portal.ui.yardoverview.view.Master","viewId":"application-yardoverview-display-component---masterYardInventory","bindingPath":{"propertyPath":"ID"}},"wdio_ui5_key":"etmportal.ui.yardoverview.view.Mastersap.m.Text{\"propertyPath\":\"ID\"}"}]}
RESULT: {"script":"<script> [1562 bytes]","args":[{"selector":{"controlType":"sap.m.Text","viewName":"etm.portal.ui.yardoverview.view.Master","viewId":"application-yardoverview-display-component---masterYardInventory","bindingPath":{"propertyPath":"ID"}},"wdio_ui5_key":"etmportal.ui.yardoverview.view.Mastersap.m.Text{\"propertyPath\":\"ID\"}"}]}
RESULT: undefined
COMMAND: POST /session/3629965791c759c347fde942b576cda6/element - {"using":"xpath","value":"//*[@id=\"__text882-__clone3301\"]"}
RESULT: {"using":"xpath","value":"//*[@id=\"__text882-__clone3301\"]"}
COMMAND: POST /session/3629965791c759c347fde942b576cda6/element/f.B75173DCAD9BAA5C444E47860DF35B72.d.D5C2D4FC24ED33EEF193659DFD38968C.e.7122/click - {}
RESULT: {}
COMMAND: GET /session/3629965791c759c347fde942b576cda6/screenshot - {}
RESULT: {}
COMMAND: POST /session/3629965791c759c347fde942b576cda6/execute/async - {"script":"<script> [1562 bytes]","args":[{"selector":{"id":"application-yardoverview-display-component---detailYardInventory--ObjectPageLayout-anchBar-application-yardoverview-display-component---detailYardInventory--openRequestsSection-anchor","interaction":{"idSuffix":"BDI-content"}},"wdio_ui5_key":"applicationyardoverview-display-component---detailYardInventory--ObjectPageLayout-anchBar-application-yardoverview-display-component---detailYardInventory--openRequestsSection-anchor"}]}
RESULT: {"script":"<script> [1562 bytes]","args":[{"selector":{"id":"application-yardoverview-display-component---detailYardInventory--ObjectPageLayout-anchBar-application-yardoverview-display-component---detailYardInventory--openRequestsSection-anchor","interaction":{"idSuffix":"BDI-content"}},"wdio_ui5_key":"applicationyardoverview-display-component---detailYardInventory--ObjectPageLayout-anchBar-application-yardoverview-display-component---detailYardInventory--openRequestsSection-anchor"}]}
RESULT: undefined
COMMAND: POST /session/3629965791c759c347fde942b576cda6/element - {"using":"xpath","value":"//*[@id=\"application-yardoverview-display-component---detailYardInventory--ObjectPageLayout-anchBar-application-yardoverview-display-component---detailYardInventory--openRequestsSection-anchor\"]"}
RESULT: {"using":"xpath","value":"//*[@id=\"application-yardoverview-display-component---detailYardInventory--ObjectPageLayout-anchBar-application-yardoverview-display-component---detailYardInventory--openRequestsSection-anchor\"]"}
COMMAND: POST /session/3629965791c759c347fde942b576cda6/element/f.B75173DCAD9BAA5C444E47860DF35B72.d.D5C2D4FC24ED33EEF193659DFD38968C.e.7212/click - {}
RESULT: {}
COMMAND: GET /session/3629965791c759c347fde942b576cda6/screenshot - {}
RESULT: {}
COMMAND: POST /session/3629965791c759c347fde942b576cda6/element - {"using":"xpath","value":"//input[contains(@aria-labelledby ,\"INTERNAL_GROUP-request\")]"}
RESULT: {"using":"xpath","value":"//input[contains(@aria-labelledby ,\"INTERNAL_GROUP-request\")]"}
COMMAND: POST /session/3629965791c759c347fde942b576cda6/element/f.B75173DCAD9BAA5C444E47860DF35B72.d.D5C2D4FC24ED33EEF193659DFD38968C.e.7223/clear - {}
RESULT: {}
COMMAND: POST /session/3629965791c759c347fde942b576cda6/element/f.B75173DCAD9BAA5C444E47860DF35B72.d.D5C2D4FC24ED33EEF193659DFD38968C.e.7223/value - {"text":"20146"}
COMMAND: GET /session/3629965791c759c347fde942b576cda6/screenshot - {}
RESULT: {"text":"20146"}
COMMAND: GET /session/3629965791c759c347fde942b576cda6/screenshot - {}
RESULT: {}
RESULT: {}
COMMAND: POST /session/3629965791c759c347fde942b576cda6/actions - {"actions":[{"id":"action21","type":"key","parameters":{},"actions":[{"type":"keyDown","value":"î€‡"},{"type":"pause","duration":10},{"type":"keyUp","value":"î€‡"}]}]}
RESULT: {"actions":[{"id":"action21","type":"key","parameters":{},"actions":[{"type":"keyDown","value":"î€‡"},{"type":"pause","duration":10},{"type":"keyUp","value":"î€‡"}]}]}
COMMAND: POST /session/3629965791c759c347fde942b576cda6/element - {"using":"xpath","value":"//button[contains(@id,\"openRequests-triggerAction-autoplanBtn\")]"}
COMMAND: GET /session/3629965791c759c347fde942b576cda6/screenshot - {}
RESULT: {"using":"xpath","value":"//button[contains(@id,\"openRequests-triggerAction-autoplanBtn\")]"}
COMMAND: POST /session/3629965791c759c347fde942b576cda6/element/f.B75173DCAD9BAA5C444E47860DF35B72.d.D5C2D4FC24ED33EEF193659DFD38968C.e.7244/click - {}
RESULT: {}
RESULT: {}
COMMAND: GET /session/3629965791c759c347fde942b576cda6/screenshot - {}
RESULT: {}
COMMAND: POST /session/3629965791c759c347fde942b576cda6/execute/async - {"script":"<script> [1562 bytes]","args":[{"selector":{"id":"application-yardoverview-display-component---detailYardInventory--customRequestsTable-sa","interaction":{"idSuffix":"CbBg"}},"wdio_ui5_key":"applicationyardoverview-display-component---detailYardInventory--customRequestsTable-sa"}]}
RESULT: {"script":"<script> [1562 bytes]","args":[{"selector":{"id":"application-yardoverview-display-component---detailYardInventory--customRequestsTable-sa","interaction":{"idSuffix":"CbBg"}},"wdio_ui5_key":"applicationyardoverview-display-component---detailYardInventory--customRequestsTable-sa"}]}
RESULT: undefined
COMMAND: POST /session/3629965791c759c347fde942b576cda6/element - {"using":"xpath","value":"//*[@id=\"application-yardoverview-display-component---detailYardInventory--customRequestsTable-sa\"]"}
RESULT: {"using":"xpath","value":"//*[@id=\"application-yardoverview-display-component---detailYardInventory--customRequestsTable-sa\"]"}
COMMAND: POST /session/3629965791c759c347fde942b576cda6/element/f.B75173DCAD9BAA5C444E47860DF35B72.d.D5C2D4FC24ED33EEF193659DFD38968C.e.7267/click - {}
RESULT: {}
COMMAND: GET /session/3629965791c759c347fde942b576cda6/screenshot - {}
RESULT: {}
COMMAND: POST /session/3629965791c759c347fde942b576cda6/element - {"using":"xpath","value":"//button[contains(@id,\"openRequests-triggerAction-autoplanBtn\")]"}
RESULT: {"using":"xpath","value":"//button[contains(@id,\"openRequests-triggerAction-autoplanBtn\")]"}
COMMAND: POST /session/3629965791c759c347fde942b576cda6/element/f.B75173DCAD9BAA5C444E47860DF35B72.d.D5C2D4FC24ED33EEF193659DFD38968C.e.7244/click - {}
RESULT: {}
COMMAND: GET /session/3629965791c759c347fde942b576cda6/screenshot - {}
RESULT: {}
COMMAND: POST /session/3629965791c759c347fde942b576cda6/element - {"using":"xpath","value":"//button[.//bdi[contains(text(),\"OK\")]]"}
RESULT: {"using":"xpath","value":"//button[.//bdi[contains(text(),\"OK\")]]"}
COMMAND: POST /session/3629965791c759c347fde942b576cda6/element/f.B75173DCAD9BAA5C444E47860DF35B72.d.D5C2D4FC24ED33EEF193659DFD38968C.e.7268/click - {}
RESULT: {}
COMMAND: GET /session/3629965791c759c347fde942b576cda6/screenshot - {}
RESULT: {}
COMMAND: POST /session/3629965791c759c347fde942b576cda6/execute/async - {"script":"<script> [1562 bytes]","args":[{"selector":{"id":"application-yardoverview-display-component---detailYardInventory--refreshOpenRequests-img"},"wdio_ui5_key":"applicationyardoverview-display-component---detailYardInventory--refreshOpenRequests-img"}]}
RESULT: {"script":"<script> [1562 bytes]","args":[{"selector":{"id":"application-yardoverview-display-component---detailYardInventory--refreshOpenRequests-img"},"wdio_ui5_key":"applicationyardoverview-display-component---detailYardInventory--refreshOpenRequests-img"}]}
RESULT: undefined
COMMAND: POST /session/3629965791c759c347fde942b576cda6/element - {"using":"xpath","value":"//*[@id=\"application-yardoverview-display-component---detailYardInventory--refreshOpenRequests-img\"]"}
RESULT: {"using":"xpath","value":"//*[@id=\"application-yardoverview-display-component---detailYardInventory--refreshOpenRequests-img\"]"}
COMMAND: POST /session/3629965791c759c347fde942b576cda6/element/f.B75173DCAD9BAA5C444E47860DF35B72.d.D5C2D4FC24ED33EEF193659DFD38968C.e.7270/click - {}
RESULT: {}
COMMAND: GET /session/3629965791c759c347fde942b576cda6/screenshot - {}
RESULT: {}
COMMAND: POST /session/3629965791c759c347fde942b576cda6/execute/async - {"script":"<script> [1562 bytes]","args":[{"selector":{"id":"application-yardoverview-display-component---detailYardInventory--ObjectPageLayout-anchBar-application-yardoverview-display-component---detailYardInventory--openProvidesSection-anchor","interaction":{"idSuffix":"BDI-content"}},"wdio_ui5_key":"applicationyardoverview-display-component---detailYardInventory--ObjectPageLayout-anchBar-application-yardoverview-display-component---detailYardInventory--openProvidesSection-anchor"}]}
RESULT: {"script":"<script> [1562 bytes]","args":[{"selector":{"id":"application-yardoverview-display-component---detailYardInventory--ObjectPageLayout-anchBar-application-yardoverview-display-component---detailYardInventory--openProvidesSection-anchor","interaction":{"idSuffix":"BDI-content"}},"wdio_ui5_key":"applicationyardoverview-display-component---detailYardInventory--ObjectPageLayout-anchBar-application-yardoverview-display-component---detailYardInventory--openProvidesSection-anchor"}]}
RESULT: undefined
COMMAND: POST /session/3629965791c759c347fde942b576cda6/element - {"using":"xpath","value":"//*[@id=\"application-yardoverview-display-component---detailYardInventory--ObjectPageLayout-anchBar-application-yardoverview-display-component---detailYardInventory--openProvidesSection-anchor\"]"}
RESULT: {"using":"xpath","value":"//*[@id=\"application-yardoverview-display-component---detailYardInventory--ObjectPageLayout-anchBar-application-yardoverview-display-component---detailYardInventory--openProvidesSection-anchor\"]"}
COMMAND: POST /session/3629965791c759c347fde942b576cda6/element/f.B75173DCAD9BAA5C444E47860DF35B72.d.D5C2D4FC24ED33EEF193659DFD38968C.e.7274/click - {}
RESULT: {}
COMMAND: GET /session/3629965791c759c347fde942b576cda6/screenshot - {}
RESULT: {}
COMMAND: POST /session/3629965791c759c347fde942b576cda6/element - {"using":"css selector","value":"#shell-header-logo"}
RESULT: {"using":"css selector","value":"#shell-header-logo"}
COMMAND: POST /session/3629965791c759c347fde942b576cda6/element/f.B75173DCAD9BAA5C444E47860DF35B72.d.D5C2D4FC24ED33EEF193659DFD38968C.e.7054/click - {}
RESULT: {}
COMMAND: GET /session/3629965791c759c347fde942b576cda6/screenshot - {}
RESULT: {}
RESULT: undefined
COMMAND: POST /session/3629965791c759c347fde942b576cda6/element - {"using":"xpath","value":"//*[@id=\"__tile47\"]"}
RESULT: {"using":"xpath","value":"//*[@id=\"__tile47\"]"}
COMMAND: POST /session/3629965791c759c347fde942b576cda6/element/f.B75173DCAD9BAA5C444E47860DF35B72.d.D5C2D4FC24ED33EEF193659DFD38968C.e.5348/click - {}
RESULT: {}
COMMAND: GET /session/3629965791c759c347fde942b576cda6/screenshot - {}
RESULT: {}
COMMAND: POST /session/3629965791c759c347fde942b576cda6/elements - {"using":"xpath","value":"//span[text()='Error']"}
RESULT: {"using":"xpath","value":"//span[text()='Error']"}
COMMAND: POST /session/3629965791c759c347fde942b576cda6/execute/async - {"script":"<script> [1562 bytes]","args":[{"selector":{"controlType":"sap.m.SearchField","viewName":"etm.portal.ui.managerequests.view.Master","bindingPath":{"path":"","propertyPath":"/_BASIC_SEARCH_FIELD","modelName":"fi1t3rM0d31"},"interaction":{"idSuffix":"I"}},"wdio_ui5_key":"etmportal.ui.managerequests.view.Mastersap.m.SearchField{\"path\":\"\",\"propertyPath\":\"/_BASIC_SEARCH_FIELD\",\"modelName\":\"fi1t3rM0d31\"}"}]}
RESULT: {"script":"<script> [1562 bytes]","args":[{"selector":{"controlType":"sap.m.SearchField","viewName":"etm.portal.ui.managerequests.view.Master","bindingPath":{"path":"","propertyPath":"/_BASIC_SEARCH_FIELD","modelName":"fi1t3rM0d31"},"interaction":{"idSuffix":"I"}},"wdio_ui5_key":"etmportal.ui.managerequests.view.Mastersap.m.SearchField{\"path\":\"\",\"propertyPath\":\"/_BASIC_SEARCH_FIELD\",\"modelName\":\"fi1t3rM0d31\"}"}]}
RESULT: undefined
COMMAND: POST /session/3629965791c759c347fde942b576cda6/execute/async - {"script":"<script> [776 bytes]","args":[{"enterText":"20146","selector":{"controlType":"sap.m.SearchField","viewName":"etm.portal.ui.managerequests.view.Master","bindingPath":{"path":"","propertyPath":"/_BASIC_SEARCH_FIELD","modelName":"fi1t3rM0d31"},"interaction":{"idSuffix":"I"}},"clearTextFirst":true,"interactionType":"ENTER_TEXT"}]}
RESULT: {"script":"<script> [776 bytes]","args":[{"enterText":"20146","selector":{"controlType":"sap.m.SearchField","viewName":"etm.portal.ui.managerequests.view.Master","bindingPath":{"path":"","propertyPath":"/_BASIC_SEARCH_FIELD","modelName":"fi1t3rM0d31"},"interaction":{"idSuffix":"I"}},"clearTextFirst":true,"interactionType":"ENTER_TEXT"}]}
COMMAND: POST /session/3629965791c759c347fde942b576cda6/actions - {"actions":[{"id":"action22","type":"key","parameters":{},"actions":[{"type":"keyDown","value":"î€‡"},{"type":"pause","duration":10},{"type":"keyUp","value":"î€‡"}]}]}
RESULT: {"actions":[{"id":"action22","type":"key","parameters":{},"actions":[{"type":"keyDown","value":"î€‡"},{"type":"pause","duration":10},{"type":"keyUp","value":"î€‡"}]}]}
COMMAND: GET /session/3629965791c759c347fde942b576cda6/screenshot - {}
RESULT: {}
COMMAND: POST /session/3629965791c759c347fde942b576cda6/execute/async - {"script":"<script> [1562 bytes]","args":[{"selector":{"controlType":"sap.m.ObjectNumber","viewName":"etm.portal.ui.managerequests.view.Master","bindingPath":{"propertyPath":"IN_USE_FOR"},"interaction":{"idSuffix":"number"}},"wdio_ui5_key":"etmportal.ui.managerequests.view.Mastersap.m.ObjectNumber{\"propertyPath\":\"IN_USE_FOR\"}"}]}
RESULT: {"script":"<script> [1562 bytes]","args":[{"selector":{"controlType":"sap.m.ObjectNumber","viewName":"etm.portal.ui.managerequests.view.Master","bindingPath":{"propertyPath":"IN_USE_FOR"},"interaction":{"idSuffix":"number"}},"wdio_ui5_key":"etmportal.ui.managerequests.view.Mastersap.m.ObjectNumber{\"propertyPath\":\"IN_USE_FOR\"}"}]}
RESULT: undefined
COMMAND: POST /session/3629965791c759c347fde942b576cda6/element - {"using":"xpath","value":"//*[@id=\"__number8-__clone3442\"]"}
RESULT: {"using":"xpath","value":"//*[@id=\"__number8-__clone3442\"]"}
COMMAND: POST /session/3629965791c759c347fde942b576cda6/element/f.B75173DCAD9BAA5C444E47860DF35B72.d.D5C2D4FC24ED33EEF193659DFD38968C.e.7406/click - {}
RESULT: {}
COMMAND: POST /session/3629965791c759c347fde942b576cda6/execute/async - {"script":"<script> [1562 bytes]","args":[{"selector":{"controlType":"sap.m.ObjectStatus","viewName":"etm.portal.ui.managerequests.view.Detail","bindingPath":{"propertyPath":"LINK_TO_STATUS/DESCRIPTION","modelName":"catalogModel"}},"wdio_ui5_key":"etmportal.ui.managerequests.view.Detailsap.m.ObjectStatus{\"propertyPath\":\"LINK_TO_STATUS/DESCRIPTION\",\"modelName\":\"catalogModel\"}"}]}
COMMAND: GET /session/3629965791c759c347fde942b576cda6/screenshot - {}
RESULT: {"script":"<script> [1562 bytes]","args":[{"selector":{"controlType":"sap.m.ObjectStatus","viewName":"etm.portal.ui.managerequests.view.Detail","bindingPath":{"propertyPath":"LINK_TO_STATUS/DESCRIPTION","modelName":"catalogModel"}},"wdio_ui5_key":"etmportal.ui.managerequests.view.Detailsap.m.ObjectStatus{\"propertyPath\":\"LINK_TO_STATUS/DESCRIPTION\",\"modelName\":\"catalogModel\"}"}]}
RESULT: undefined
COMMAND: POST /session/3629965791c759c347fde942b576cda6/execute/async - {"script":"<script> [6424 bytes]","args":[{"element-6066-11e4-a52e-4f735466cecf":"f.B75173DCAD9BAA5C444E47860DF35B72.d.D5C2D4FC24ED33EEF193659DFD38968C.e.7630"},"getText",[]]}
RESULT: {}
RESULT: {"script":"<script> [6424 bytes]","args":[{"element-6066-11e4-a52e-4f735466cecf":"f.B75173DCAD9BAA5C444E47860DF35B72.d.D5C2D4FC24ED33EEF193659DFD38968C.e.7630"},"getText",[]]}
COMMAND: POST /session/3629965791c759c347fde942b576cda6/element - {"using":"css selector","value":"#shell-header-logo"}
RESULT: {"using":"css selector","value":"#shell-header-logo"}
COMMAND: POST /session/3629965791c759c347fde942b576cda6/element/f.B75173DCAD9BAA5C444E47860DF35B72.d.D5C2D4FC24ED33EEF193659DFD38968C.e.7292/click - {}
RESULT: {}
COMMAND: GET /session/3629965791c759c347fde942b576cda6/screenshot - {}
RESULT: {}
COMMAND: DELETE /session/3629965791c759c347fde942b576cda6 - {}
RESULT: {}
]]></system-out>
    </testcase>
  </testsuite>
</testsuites>