<?xml version="1.0" encoding="UTF-8"?>
<testsuites tests="82" failures="24" errors="24" skipped="0">
  <testsuite timestamp="2025-05-16T05:41:07" time="824.634" tests="8" failures="0" errors="0" skipped="0">
    <properties>
      <property name="specId" value="0" />
      <property name="suiteName" value="Stock increase - with WHM US125587" />
      <property name="capabilities" value="chrome.136_0_7103_93.windows" />
      <property name="file" value="file:///D:/a/1/s/test/specs/HTR/stock-increase.spec.js" />
    </properties>
    <testcase classname="chrome.136_0_7103_93.windows.Stock_increase_-_with_WHM_US125587" name="Should create a new WHM yard" time="132.42">
      <system-out><![CDATA[
COMMAND: POST /session/121b5910f067d4d1941a4df48d2c59fa/window/fullscreen - {}
RESULT: {}
COMMAND: POST /session/121b5910f067d4d1941a4df48d2c59fa/execute/async - {"script":"<script> [1562 bytes]","args":[{"selector":{"controlType":"sap.m.GenericTile","properties":{"header":"Manage Yards"}},"wdio_ui5_key":"sapm.GenericTile{\"header\":\"Manage Yards\"}"}]}
RESULT: {"script":"<script> [1562 bytes]","args":[{"selector":{"controlType":"sap.m.GenericTile","properties":{"header":"Manage Yards"}},"wdio_ui5_key":"sapm.GenericTile{\"header\":\"Manage Yards\"}"}]}
RESULT: undefined
COMMAND: POST /session/121b5910f067d4d1941a4df48d2c59fa/element - {"using":"xpath","value":"//*[@id=\"__tile41\"]"}
RESULT: {"using":"xpath","value":"//*[@id=\"__tile41\"]"}
COMMAND: POST /session/121b5910f067d4d1941a4df48d2c59fa/element/f.F80EBE20359F196FC2F6F7CC51ACB296.d.32F618EBACF114E730A227668889F84E.e.130/click - {}
RESULT: {}
COMMAND: GET /session/121b5910f067d4d1941a4df48d2c59fa/screenshot - {}
RESULT: {}
COMMAND: POST /session/121b5910f067d4d1941a4df48d2c59fa/elements - {"using":"xpath","value":"//span[text()='Error']"}
RESULT: {"using":"xpath","value":"//span[text()='Error']"}
COMMAND: POST /session/121b5910f067d4d1941a4df48d2c59fa/element - {"using":"xpath","value":"//button[@data-kt=\"addNewYardOverflowToolbarButton\"]"}
RESULT: {"using":"xpath","value":"//button[@data-kt=\"addNewYardOverflowToolbarButton\"]"}
COMMAND: POST /session/121b5910f067d4d1941a4df48d2c59fa/elements - {"using":"xpath","value":"//button[@data-kt=\"addNewYardOverflowToolbarButton\"]"}
RESULT: {"using":"xpath","value":"//button[@data-kt=\"addNewYardOverflowToolbarButton\"]"}
COMMAND: POST /session/121b5910f067d4d1941a4df48d2c59fa/elements - {"using":"xpath","value":"//button[@data-kt=\"addNewYardOverflowToolbarButton\"]"}
RESULT: {"using":"xpath","value":"//button[@data-kt=\"addNewYardOverflowToolbarButton\"]"}
COMMAND: POST /session/121b5910f067d4d1941a4df48d2c59fa/element - {"using":"xpath","value":"//button[@data-kt=\"addNewYardOverflowToolbarButton\"]"}
RESULT: {"using":"xpath","value":"//button[@data-kt=\"addNewYardOverflowToolbarButton\"]"}
COMMAND: POST /session/121b5910f067d4d1941a4df48d2c59fa/execute/sync - {"script":"<script> [8489 bytes]","args":[{"element-6066-11e4-a52e-4f735466cecf":"f.F80EBE20359F196FC2F6F7CC51ACB296.d.32F618EBACF114E730A227668889F84E.e.267","ELEMENT":"f.F80EBE20359F196FC2F6F7CC51ACB296.d.32F618EBACF114E730A227668889F84E.e.267"}]}
RESULT: {"script":"<script> [8489 bytes]","args":[{"element-6066-11e4-a52e-4f735466cecf":"f.F80EBE20359F196FC2F6F7CC51ACB296.d.32F618EBACF114E730A227668889F84E.e.267","ELEMENT":"f.F80EBE20359F196FC2F6F7CC51ACB296.d.32F618EBACF114E730A227668889F84E.e.267"}]}
COMMAND: GET /session/121b5910f067d4d1941a4df48d2c59fa/element/f.F80EBE20359F196FC2F6F7CC51ACB296.d.32F618EBACF114E730A227668889F84E.e.267/enabled - {}
COMMAND: GET /session/121b5910f067d4d1941a4df48d2c59fa/screenshot - {}
RESULT: {}
COMMAND: POST /session/121b5910f067d4d1941a4df48d2c59fa/execute/sync - {"script":"<script> [8489 bytes]","args":[{"element-6066-11e4-a52e-4f735466cecf":"f.F80EBE20359F196FC2F6F7CC51ACB296.d.32F618EBACF114E730A227668889F84E.e.267","ELEMENT":"f.F80EBE20359F196FC2F6F7CC51ACB296.d.32F618EBACF114E730A227668889F84E.e.267"}]}
COMMAND: GET /session/121b5910f067d4d1941a4df48d2c59fa/screenshot - {}
RESULT: {}
RESULT: {"script":"<script> [8489 bytes]","args":[{"element-6066-11e4-a52e-4f735466cecf":"f.F80EBE20359F196FC2F6F7CC51ACB296.d.32F618EBACF114E730A227668889F84E.e.267","ELEMENT":"f.F80EBE20359F196FC2F6F7CC51ACB296.d.32F618EBACF114E730A227668889F84E.e.267"}]}
COMMAND: POST /session/121b5910f067d4d1941a4df48d2c59fa/execute/sync - {"script":"<script> [5351 bytes]","args":[{"element-6066-11e4-a52e-4f735466cecf":"f.F80EBE20359F196FC2F6F7CC51ACB296.d.32F618EBACF114E730A227668889F84E.e.267","ELEMENT":"f.F80EBE20359F196FC2F6F7CC51ACB296.d.32F618EBACF114E730A227668889F84E.e.267"}]}
COMMAND: GET /session/121b5910f067d4d1941a4df48d2c59fa/screenshot - {}
RESULT: {}
RESULT: {"script":"<script> [5351 bytes]","args":[{"element-6066-11e4-a52e-4f735466cecf":"f.F80EBE20359F196FC2F6F7CC51ACB296.d.32F618EBACF114E730A227668889F84E.e.267","ELEMENT":"f.F80EBE20359F196FC2F6F7CC51ACB296.d.32F618EBACF114E730A227668889F84E.e.267"}]}
COMMAND: POST /session/121b5910f067d4d1941a4df48d2c59fa/element/f.F80EBE20359F196FC2F6F7CC51ACB296.d.32F618EBACF114E730A227668889F84E.e.267/click - {}
COMMAND: GET /session/121b5910f067d4d1941a4df48d2c59fa/screenshot - {}
RESULT: {}
RESULT: {}
COMMAND: GET /session/121b5910f067d4d1941a4df48d2c59fa/screenshot - {}
COMMAND: POST /session/121b5910f067d4d1941a4df48d2c59fa/element - {"using":"xpath","value":"//input[@id=\"application-manageyards-display-component---NewYard--yardId-inner\"]"}
RESULT: {}
RESULT: {}
RESULT: {"using":"xpath","value":"//input[@id=\"application-manageyards-display-component---NewYard--yardId-inner\"]"}
COMMAND: POST /session/121b5910f067d4d1941a4df48d2c59fa/element - {"using":"xpath","value":"//input[@id=\"application-manageyards-display-component---NewYard--yardId-inner\"]"}
RESULT: {"using":"xpath","value":"//input[@id=\"application-manageyards-display-component---NewYard--yardId-inner\"]"}
COMMAND: POST /session/121b5910f067d4d1941a4df48d2c59fa/execute/async - {"script":"<script> [1562 bytes]","args":[{"selector":{"id":"application-manageyards-display-component---NewYard--addressDetailDetailsName1","interaction":{"idSuffix":"inner"}},"wdio_ui5_key":"applicationmanageyards-display-component---NewYard--addressDetailDetailsName1"}]}
RESULT: {"script":"<script> [1562 bytes]","args":[{"selector":{"id":"application-manageyards-display-component---NewYard--addressDetailDetailsName1","interaction":{"idSuffix":"inner"}},"wdio_ui5_key":"applicationmanageyards-display-component---NewYard--addressDetailDetailsName1"}]}
RESULT: undefined
COMMAND: POST /session/121b5910f067d4d1941a4df48d2c59fa/execute/async - {"script":"<script> [776 bytes]","args":[{"enterText":"Warehouse Managed WDIO","selector":{"id":"application-manageyards-display-component---NewYard--addressDetailDetailsName1","interaction":{"idSuffix":"inner"}},"clearTextFirst":true,"interactionType":"ENTER_TEXT"}]}
RESULT: {"script":"<script> [776 bytes]","args":[{"enterText":"Warehouse Managed WDIO","selector":{"id":"application-manageyards-display-component---NewYard--addressDetailDetailsName1","interaction":{"idSuffix":"inner"}},"clearTextFirst":true,"interactionType":"ENTER_TEXT"}]}
COMMAND: POST /session/121b5910f067d4d1941a4df48d2c59fa/execute/async - {"script":"<script> [1562 bytes]","args":[{"selector":{"id":"application-manageyards-display-component---NewYard--addressDetailDetailsLanguage-arrow"},"wdio_ui5_key":"applicationmanageyards-display-component---NewYard--addressDetailDetailsLanguage-arrow"}]}
RESULT: {"script":"<script> [1562 bytes]","args":[{"selector":{"id":"application-manageyards-display-component---NewYard--addressDetailDetailsLanguage-arrow"},"wdio_ui5_key":"applicationmanageyards-display-component---NewYard--addressDetailDetailsLanguage-arrow"}]}
RESULT: undefined
COMMAND: POST /session/121b5910f067d4d1941a4df48d2c59fa/element - {"using":"xpath","value":"//*[@id=\"application-manageyards-display-component---NewYard--addressDetailDetailsLanguage-arrow\"]"}
RESULT: {"using":"xpath","value":"//*[@id=\"application-manageyards-display-component---NewYard--addressDetailDetailsLanguage-arrow\"]"}
COMMAND: POST /session/121b5910f067d4d1941a4df48d2c59fa/element/f.F80EBE20359F196FC2F6F7CC51ACB296.d.32F618EBACF114E730A227668889F84E.e.700/click - {}
RESULT: {}
COMMAND: POST /session/121b5910f067d4d1941a4df48d2c59fa/element - {"using":"xpath","value":"//span[contains(text(), \"English\")]"}
COMMAND: GET /session/121b5910f067d4d1941a4df48d2c59fa/screenshot - {}
RESULT: {"using":"xpath","value":"//span[contains(text(), \"English\")]"}
COMMAND: POST /session/121b5910f067d4d1941a4df48d2c59fa/element/f.F80EBE20359F196FC2F6F7CC51ACB296.d.32F618EBACF114E730A227668889F84E.e.701/click - {}
RESULT: {}
RESULT: {}
COMMAND: POST /session/121b5910f067d4d1941a4df48d2c59fa/execute/async - {"script":"<script> [1562 bytes]","args":[{"selector":{"id":"application-manageyards-display-component---NewYard--addressDetailDetailsCity1","interaction":{"idSuffix":"inner"}},"wdio_ui5_key":"applicationmanageyards-display-component---NewYard--addressDetailDetailsCity1"}]}
COMMAND: GET /session/121b5910f067d4d1941a4df48d2c59fa/screenshot - {}
RESULT: {"script":"<script> [1562 bytes]","args":[{"selector":{"id":"application-manageyards-display-component---NewYard--addressDetailDetailsCity1","interaction":{"idSuffix":"inner"}},"wdio_ui5_key":"applicationmanageyards-display-component---NewYard--addressDetailDetailsCity1"}]}
RESULT: undefined
COMMAND: POST /session/121b5910f067d4d1941a4df48d2c59fa/execute/async - {"script":"<script> [776 bytes]","args":[{"enterText":"Rosario","selector":{"id":"application-manageyards-display-component---NewYard--addressDetailDetailsCity1","interaction":{"idSuffix":"inner"}},"clearTextFirst":true,"interactionType":"ENTER_TEXT"}]}
RESULT: {}
RESULT: {"script":"<script> [776 bytes]","args":[{"enterText":"Rosario","selector":{"id":"application-manageyards-display-component---NewYard--addressDetailDetailsCity1","interaction":{"idSuffix":"inner"}},"clearTextFirst":true,"interactionType":"ENTER_TEXT"}]}
COMMAND: POST /session/121b5910f067d4d1941a4df48d2c59fa/execute/async - {"script":"<script> [1562 bytes]","args":[{"selector":{"id":"application-manageyards-display-component---NewYard--addressDetailDetailsCountry-arrow"},"wdio_ui5_key":"applicationmanageyards-display-component---NewYard--addressDetailDetailsCountry-arrow"}]}
RESULT: {"script":"<script> [1562 bytes]","args":[{"selector":{"id":"application-manageyards-display-component---NewYard--addressDetailDetailsCountry-arrow"},"wdio_ui5_key":"applicationmanageyards-display-component---NewYard--addressDetailDetailsCountry-arrow"}]}
RESULT: undefined
COMMAND: POST /session/121b5910f067d4d1941a4df48d2c59fa/element - {"using":"xpath","value":"//*[@id=\"application-manageyards-display-component---NewYard--addressDetailDetailsCountry-arrow\"]"}
RESULT: {"using":"xpath","value":"//*[@id=\"application-manageyards-display-component---NewYard--addressDetailDetailsCountry-arrow\"]"}
COMMAND: POST /session/121b5910f067d4d1941a4df48d2c59fa/element/f.F80EBE20359F196FC2F6F7CC51ACB296.d.32F618EBACF114E730A227668889F84E.e.703/click - {}
RESULT: {}
COMMAND: POST /session/121b5910f067d4d1941a4df48d2c59fa/element - {"using":"xpath","value":"//span[contains(text(), \"Argentina\")]"}
COMMAND: GET /session/121b5910f067d4d1941a4df48d2c59fa/screenshot - {}
RESULT: {"using":"xpath","value":"//span[contains(text(), \"Argentina\")]"}
COMMAND: POST /session/121b5910f067d4d1941a4df48d2c59fa/element/f.F80EBE20359F196FC2F6F7CC51ACB296.d.32F618EBACF114E730A227668889F84E.e.705/click - {}
RESULT: {}
RESULT: {}
COMMAND: POST /session/121b5910f067d4d1941a4df48d2c59fa/execute/async - {"script":"<script> [1562 bytes]","args":[{"selector":{"id":"application-manageyards-display-component---NewYard--addressEditDetailsCostObjectCstType-arrow"},"wdio_ui5_key":"applicationmanageyards-display-component---NewYard--addressEditDetailsCostObjectCstType-arrow"}]}
COMMAND: GET /session/121b5910f067d4d1941a4df48d2c59fa/screenshot - {}
RESULT: {"script":"<script> [1562 bytes]","args":[{"selector":{"id":"application-manageyards-display-component---NewYard--addressEditDetailsCostObjectCstType-arrow"},"wdio_ui5_key":"applicationmanageyards-display-component---NewYard--addressEditDetailsCostObjectCstType-arrow"}]}
RESULT: undefined
COMMAND: POST /session/121b5910f067d4d1941a4df48d2c59fa/element - {"using":"xpath","value":"//*[@id=\"application-manageyards-display-component---NewYard--addressEditDetailsCostObjectCstType-arrow\"]"}
RESULT: {}
RESULT: {"using":"xpath","value":"//*[@id=\"application-manageyards-display-component---NewYard--addressEditDetailsCostObjectCstType-arrow\"]"}
COMMAND: POST /session/121b5910f067d4d1941a4df48d2c59fa/element/f.F80EBE20359F196FC2F6F7CC51ACB296.d.32F618EBACF114E730A227668889F84E.e.706/click - {}
RESULT: {}
COMMAND: POST /session/121b5910f067d4d1941a4df48d2c59fa/element - {"using":"xpath","value":"//span[contains(text(), \"Cost Center\")]"}
COMMAND: GET /session/121b5910f067d4d1941a4df48d2c59fa/screenshot - {}
RESULT: {"using":"xpath","value":"//span[contains(text(), \"Cost Center\")]"}
COMMAND: POST /session/121b5910f067d4d1941a4df48d2c59fa/element/f.F80EBE20359F196FC2F6F7CC51ACB296.d.32F618EBACF114E730A227668889F84E.e.707/click - {}
RESULT: {}
RESULT: {}
COMMAND: GET /session/121b5910f067d4d1941a4df48d2c59fa/screenshot - {}
RESULT: {}
COMMAND: POST /session/121b5910f067d4d1941a4df48d2c59fa/element - {"using":"xpath","value":"//span[@id=\"application-manageyards-display-component---NewYard--addressNewCostObjectCstID-vhi\"]"}
RESULT: {"using":"xpath","value":"//span[@id=\"application-manageyards-display-component---NewYard--addressNewCostObjectCstID-vhi\"]"}
COMMAND: POST /session/121b5910f067d4d1941a4df48d2c59fa/execute/sync - {"script":"<script> [8489 bytes]","args":[{"element-6066-11e4-a52e-4f735466cecf":"f.F80EBE20359F196FC2F6F7CC51ACB296.d.32F618EBACF114E730A227668889F84E.e.711","ELEMENT":"f.F80EBE20359F196FC2F6F7CC51ACB296.d.32F618EBACF114E730A227668889F84E.e.711"}]}
RESULT: {"script":"<script> [8489 bytes]","args":[{"element-6066-11e4-a52e-4f735466cecf":"f.F80EBE20359F196FC2F6F7CC51ACB296.d.32F618EBACF114E730A227668889F84E.e.711","ELEMENT":"f.F80EBE20359F196FC2F6F7CC51ACB296.d.32F618EBACF114E730A227668889F84E.e.711"}]}
COMMAND: POST /session/121b5910f067d4d1941a4df48d2c59fa/execute/async - {"script":"<script> [1562 bytes]","args":[{"selector":{"id":"application-manageyards-display-component---NewYard--addressNewCostObjectCstID-vhi"},"wdio_ui5_key":"applicationmanageyards-display-component---NewYard--addressNewCostObjectCstID-vhi"}]}
COMMAND: GET /session/121b5910f067d4d1941a4df48d2c59fa/screenshot - {}
RESULT: {"script":"<script> [1562 bytes]","args":[{"selector":{"id":"application-manageyards-display-component---NewYard--addressNewCostObjectCstID-vhi"},"wdio_ui5_key":"applicationmanageyards-display-component---NewYard--addressNewCostObjectCstID-vhi"}]}
RESULT: undefined
COMMAND: POST /session/121b5910f067d4d1941a4df48d2c59fa/element - {"using":"xpath","value":"//*[@id=\"application-manageyards-display-component---NewYard--addressNewCostObjectCstID-vhi\"]"}
RESULT: {}
RESULT: {"using":"xpath","value":"//*[@id=\"application-manageyards-display-component---NewYard--addressNewCostObjectCstID-vhi\"]"}
COMMAND: POST /session/121b5910f067d4d1941a4df48d2c59fa/element/f.F80EBE20359F196FC2F6F7CC51ACB296.d.32F618EBACF114E730A227668889F84E.e.711/click - {}
RESULT: {}
COMMAND: GET /session/121b5910f067d4d1941a4df48d2c59fa/screenshot - {}
RESULT: {}
COMMAND: POST /session/121b5910f067d4d1941a4df48d2c59fa/execute/async - {"script":"<script> [1562 bytes]","args":[{"selector":{"controlType":"sap.m.SearchField","properties":{"placeholder":"Search"},"searchOpenDialogs":true,"interaction":{"idSuffix":"I"}},"wdio_ui5_key":"sapm.SearchField{\"placeholder\":\"Search\"}"}]}
RESULT: {"script":"<script> [1562 bytes]","args":[{"selector":{"controlType":"sap.m.SearchField","properties":{"placeholder":"Search"},"searchOpenDialogs":true,"interaction":{"idSuffix":"I"}},"wdio_ui5_key":"sapm.SearchField{\"placeholder\":\"Search\"}"}]}
RESULT: undefined
COMMAND: POST /session/121b5910f067d4d1941a4df48d2c59fa/execute/async - {"script":"<script> [776 bytes]","args":[{"enterText":"bauh_b","selector":{"controlType":"sap.m.SearchField","properties":{"placeholder":"Search"},"searchOpenDialogs":true,"interaction":{"idSuffix":"I"}},"clearTextFirst":true,"interactionType":"ENTER_TEXT"}]}
RESULT: {"script":"<script> [776 bytes]","args":[{"enterText":"bauh_b","selector":{"controlType":"sap.m.SearchField","properties":{"placeholder":"Search"},"searchOpenDialogs":true,"interaction":{"idSuffix":"I"}},"clearTextFirst":true,"interactionType":"ENTER_TEXT"}]}
COMMAND: POST /session/121b5910f067d4d1941a4df48d2c59fa/actions - {"actions":[{"id":"action1","type":"key","parameters":{},"actions":[{"type":"keyDown","value":"î€‡"},{"type":"pause","duration":10},{"type":"keyUp","value":"î€‡"}]}]}
RESULT: {"actions":[{"id":"action1","type":"key","parameters":{},"actions":[{"type":"keyDown","value":"î€‡"},{"type":"pause","duration":10},{"type":"keyUp","value":"î€‡"}]}]}
COMMAND: GET /session/121b5910f067d4d1941a4df48d2c59fa/screenshot - {}
RESULT: {}
COMMAND: POST /session/121b5910f067d4d1941a4df48d2c59fa/element - {"using":"xpath","value":"//span[contains(text(), \"Demo Yard\")]"}
RESULT: {"using":"xpath","value":"//span[contains(text(), \"Demo Yard\")]"}
COMMAND: POST /session/121b5910f067d4d1941a4df48d2c59fa/element/f.F80EBE20359F196FC2F6F7CC51ACB296.d.32F618EBACF114E730A227668889F84E.e.752/click - {}
RESULT: {}
COMMAND: GET /session/121b5910f067d4d1941a4df48d2c59fa/screenshot - {}
RESULT: {}
COMMAND: POST /session/121b5910f067d4d1941a4df48d2c59fa/element - {"using":"xpath","value":"//bdi[contains(text(), \"OK\")]"}
RESULT: {"using":"xpath","value":"//bdi[contains(text(), \"OK\")]"}
COMMAND: POST /session/121b5910f067d4d1941a4df48d2c59fa/element/f.F80EBE20359F196FC2F6F7CC51ACB296.d.32F618EBACF114E730A227668889F84E.e.753/click - {}
RESULT: {}
COMMAND: GET /session/121b5910f067d4d1941a4df48d2c59fa/screenshot - {}
RESULT: {}
COMMAND: POST /session/121b5910f067d4d1941a4df48d2c59fa/execute/async - {"script":"<script> [1562 bytes]","args":[{"selector":{"id":"application-manageyards-display-component---NewYard--addressEditDetailsCurrency-arrow"},"wdio_ui5_key":"applicationmanageyards-display-component---NewYard--addressEditDetailsCurrency-arrow"}]}
RESULT: {"script":"<script> [1562 bytes]","args":[{"selector":{"id":"application-manageyards-display-component---NewYard--addressEditDetailsCurrency-arrow"},"wdio_ui5_key":"applicationmanageyards-display-component---NewYard--addressEditDetailsCurrency-arrow"}]}
RESULT: undefined
COMMAND: POST /session/121b5910f067d4d1941a4df48d2c59fa/element - {"using":"xpath","value":"//*[@id=\"application-manageyards-display-component---NewYard--addressEditDetailsCurrency-arrow\"]"}
RESULT: {"using":"xpath","value":"//*[@id=\"application-manageyards-display-component---NewYard--addressEditDetailsCurrency-arrow\"]"}
COMMAND: POST /session/121b5910f067d4d1941a4df48d2c59fa/element/f.F80EBE20359F196FC2F6F7CC51ACB296.d.32F618EBACF114E730A227668889F84E.e.756/click - {}
RESULT: {}
COMMAND: POST /session/121b5910f067d4d1941a4df48d2c59fa/element - {"using":"xpath","value":"//span[contains(text(), \"Euro\")]"}
COMMAND: GET /session/121b5910f067d4d1941a4df48d2c59fa/screenshot - {}
RESULT: {"using":"xpath","value":"//span[contains(text(), \"Euro\")]"}
COMMAND: POST /session/121b5910f067d4d1941a4df48d2c59fa/element/f.F80EBE20359F196FC2F6F7CC51ACB296.d.32F618EBACF114E730A227668889F84E.e.757/click - {}
RESULT: {}
RESULT: {}
COMMAND: POST /session/121b5910f067d4d1941a4df48d2c59fa/execute/async - {"script":"<script> [1562 bytes]","args":[{"selector":{"controlType":"sap.m.Input","viewName":"etm.portal.ui.manageyards.view.New","viewId":"application-manageyards-display-component---NewYard","bindingPath":{"path":"","propertyPath":"/CONTROLLING_AREA","modelName":"NewYardModel"},"interaction":{"idSuffix":"inner"}},"wdio_ui5_key":"etmportal.ui.manageyards.view.Newsap.m.Input{\"path\":\"\",\"propertyPath\":\"/CONTROLLING_AREA\",\"modelName\":\"NewYardModel\"}"}]}
COMMAND: GET /session/121b5910f067d4d1941a4df48d2c59fa/screenshot - {}
RESULT: {"script":"<script> [1562 bytes]","args":[{"selector":{"controlType":"sap.m.Input","viewName":"etm.portal.ui.manageyards.view.New","viewId":"application-manageyards-display-component---NewYard","bindingPath":{"path":"","propertyPath":"/CONTROLLING_AREA","modelName":"NewYardModel"},"interaction":{"idSuffix":"inner"}},"wdio_ui5_key":"etmportal.ui.manageyards.view.Newsap.m.Input{\"path\":\"\",\"propertyPath\":\"/CONTROLLING_AREA\",\"modelName\":\"NewYardModel\"}"}]}
RESULT: undefined
COMMAND: POST /session/121b5910f067d4d1941a4df48d2c59fa/execute/async - {"script":"<script> [776 bytes]","args":[{"enterText":"Z001","selector":{"controlType":"sap.m.Input","viewName":"etm.portal.ui.manageyards.view.New","viewId":"application-manageyards-display-component---NewYard","bindingPath":{"path":"","propertyPath":"/CONTROLLING_AREA","modelName":"NewYardModel"},"interaction":{"idSuffix":"inner"}},"clearTextFirst":true,"interactionType":"ENTER_TEXT"}]}
RESULT: {}
RESULT: {"script":"<script> [776 bytes]","args":[{"enterText":"Z001","selector":{"controlType":"sap.m.Input","viewName":"etm.portal.ui.manageyards.view.New","viewId":"application-manageyards-display-component---NewYard","bindingPath":{"path":"","propertyPath":"/CONTROLLING_AREA","modelName":"NewYardModel"},"interaction":{"idSuffix":"inner"}},"clearTextFirst":true,"interactionType":"ENTER_TEXT"}]}
COMMAND: POST /session/121b5910f067d4d1941a4df48d2c59fa/execute/async - {"script":"<script> [1562 bytes]","args":[{"selector":{"id":"application-manageyards-display-component---NewYard--companyCodeComboBox","interaction":{"idSuffix":"inner"}},"wdio_ui5_key":"applicationmanageyards-display-component---NewYard--companyCodeComboBox"}]}
RESULT: {"script":"<script> [1562 bytes]","args":[{"selector":{"id":"application-manageyards-display-component---NewYard--companyCodeComboBox","interaction":{"idSuffix":"inner"}},"wdio_ui5_key":"applicationmanageyards-display-component---NewYard--companyCodeComboBox"}]}
RESULT: undefined
COMMAND: POST /session/121b5910f067d4d1941a4df48d2c59fa/execute/async - {"script":"<script> [776 bytes]","args":[{"enterText":"1000","selector":{"id":"application-manageyards-display-component---NewYard--companyCodeComboBox","interaction":{"idSuffix":"inner"}},"clearTextFirst":true,"interactionType":"ENTER_TEXT"}]}
RESULT: {"script":"<script> [776 bytes]","args":[{"enterText":"1000","selector":{"id":"application-manageyards-display-component---NewYard--companyCodeComboBox","interaction":{"idSuffix":"inner"}},"clearTextFirst":true,"interactionType":"ENTER_TEXT"}]}
COMMAND: POST /session/121b5910f067d4d1941a4df48d2c59fa/execute/async - {"script":"<script> [1562 bytes]","args":[{"selector":{"controlType":"sap.m.Input","viewName":"etm.portal.ui.manageyards.view.New","viewId":"application-manageyards-display-component---NewYard","bindingPath":{"path":"","propertyPath":"/PLANT","modelName":"NewYardModel"},"interaction":{"idSuffix":"inner"}},"wdio_ui5_key":"etmportal.ui.manageyards.view.Newsap.m.Input{\"path\":\"\",\"propertyPath\":\"/PLANT\",\"modelName\":\"NewYardModel\"}"}]}
RESULT: {"script":"<script> [1562 bytes]","args":[{"selector":{"controlType":"sap.m.Input","viewName":"etm.portal.ui.manageyards.view.New","viewId":"application-manageyards-display-component---NewYard","bindingPath":{"path":"","propertyPath":"/PLANT","modelName":"NewYardModel"},"interaction":{"idSuffix":"inner"}},"wdio_ui5_key":"etmportal.ui.manageyards.view.Newsap.m.Input{\"path\":\"\",\"propertyPath\":\"/PLANT\",\"modelName\":\"NewYardModel\"}"}]}
RESULT: undefined
COMMAND: POST /session/121b5910f067d4d1941a4df48d2c59fa/execute/async - {"script":"<script> [776 bytes]","args":[{"enterText":"1001","selector":{"controlType":"sap.m.Input","viewName":"etm.portal.ui.manageyards.view.New","viewId":"application-manageyards-display-component---NewYard","bindingPath":{"path":"","propertyPath":"/PLANT","modelName":"NewYardModel"},"interaction":{"idSuffix":"inner"}},"clearTextFirst":true,"interactionType":"ENTER_TEXT"}]}
RESULT: {"script":"<script> [776 bytes]","args":[{"enterText":"1001","selector":{"controlType":"sap.m.Input","viewName":"etm.portal.ui.manageyards.view.New","viewId":"application-manageyards-display-component---NewYard","bindingPath":{"path":"","propertyPath":"/PLANT","modelName":"NewYardModel"},"interaction":{"idSuffix":"inner"}},"clearTextFirst":true,"interactionType":"ENTER_TEXT"}]}
COMMAND: POST /session/121b5910f067d4d1941a4df48d2c59fa/execute/async - {"script":"<script> [1562 bytes]","args":[{"selector":{"controlType":"sap.m.Input","viewName":"etm.portal.ui.manageyards.view.New","viewId":"application-manageyards-display-component---NewYard","bindingPath":{"path":"","propertyPath":"/SALES_AREA_VKORG","modelName":"NewYardModel"},"interaction":{"idSuffix":"inner"}},"wdio_ui5_key":"etmportal.ui.manageyards.view.Newsap.m.Input{\"path\":\"\",\"propertyPath\":\"/SALES_AREA_VKORG\",\"modelName\":\"NewYardModel\"}"}]}
RESULT: {"script":"<script> [1562 bytes]","args":[{"selector":{"controlType":"sap.m.Input","viewName":"etm.portal.ui.manageyards.view.New","viewId":"application-manageyards-display-component---NewYard","bindingPath":{"path":"","propertyPath":"/SALES_AREA_VKORG","modelName":"NewYardModel"},"interaction":{"idSuffix":"inner"}},"wdio_ui5_key":"etmportal.ui.manageyards.view.Newsap.m.Input{\"path\":\"\",\"propertyPath\":\"/SALES_AREA_VKORG\",\"modelName\":\"NewYardModel\"}"}]}
RESULT: undefined
COMMAND: POST /session/121b5910f067d4d1941a4df48d2c59fa/execute/async - {"script":"<script> [776 bytes]","args":[{"enterText":"C002","selector":{"controlType":"sap.m.Input","viewName":"etm.portal.ui.manageyards.view.New","viewId":"application-manageyards-display-component---NewYard","bindingPath":{"path":"","propertyPath":"/SALES_AREA_VKORG","modelName":"NewYardModel"},"interaction":{"idSuffix":"inner"}},"clearTextFirst":true,"interactionType":"ENTER_TEXT"}]}
RESULT: {"script":"<script> [776 bytes]","args":[{"enterText":"C002","selector":{"controlType":"sap.m.Input","viewName":"etm.portal.ui.manageyards.view.New","viewId":"application-manageyards-display-component---NewYard","bindingPath":{"path":"","propertyPath":"/SALES_AREA_VKORG","modelName":"NewYardModel"},"interaction":{"idSuffix":"inner"}},"clearTextFirst":true,"interactionType":"ENTER_TEXT"}]}
COMMAND: POST /session/121b5910f067d4d1941a4df48d2c59fa/execute/async - {"script":"<script> [1562 bytes]","args":[{"selector":{"controlType":"sap.m.Input","viewName":"etm.portal.ui.manageyards.view.New","viewId":"application-manageyards-display-component---NewYard","bindingPath":{"path":"","propertyPath":"/SALES_AREA_VTWEG","modelName":"NewYardModel"},"interaction":{"idSuffix":"inner"}},"wdio_ui5_key":"etmportal.ui.manageyards.view.Newsap.m.Input{\"path\":\"\",\"propertyPath\":\"/SALES_AREA_VTWEG\",\"modelName\":\"NewYardModel\"}"}]}
RESULT: {"script":"<script> [1562 bytes]","args":[{"selector":{"controlType":"sap.m.Input","viewName":"etm.portal.ui.manageyards.view.New","viewId":"application-manageyards-display-component---NewYard","bindingPath":{"path":"","propertyPath":"/SALES_AREA_VTWEG","modelName":"NewYardModel"},"interaction":{"idSuffix":"inner"}},"wdio_ui5_key":"etmportal.ui.manageyards.view.Newsap.m.Input{\"path\":\"\",\"propertyPath\":\"/SALES_AREA_VTWEG\",\"modelName\":\"NewYardModel\"}"}]}
RESULT: undefined
COMMAND: POST /session/121b5910f067d4d1941a4df48d2c59fa/execute/async - {"script":"<script> [776 bytes]","args":[{"enterText":"C2","selector":{"controlType":"sap.m.Input","viewName":"etm.portal.ui.manageyards.view.New","viewId":"application-manageyards-display-component---NewYard","bindingPath":{"path":"","propertyPath":"/SALES_AREA_VTWEG","modelName":"NewYardModel"},"interaction":{"idSuffix":"inner"}},"clearTextFirst":true,"interactionType":"ENTER_TEXT"}]}
RESULT: {"script":"<script> [776 bytes]","args":[{"enterText":"C2","selector":{"controlType":"sap.m.Input","viewName":"etm.portal.ui.manageyards.view.New","viewId":"application-manageyards-display-component---NewYard","bindingPath":{"path":"","propertyPath":"/SALES_AREA_VTWEG","modelName":"NewYardModel"},"interaction":{"idSuffix":"inner"}},"clearTextFirst":true,"interactionType":"ENTER_TEXT"}]}
COMMAND: POST /session/121b5910f067d4d1941a4df48d2c59fa/execute/async - {"script":"<script> [1562 bytes]","args":[{"selector":{"controlType":"sap.m.Input","viewName":"etm.portal.ui.manageyards.view.New","viewId":"application-manageyards-display-component---NewYard","bindingPath":{"path":"","propertyPath":"/SALES_AREA_SPART","modelName":"NewYardModel"},"interaction":{"idSuffix":"inner"}},"wdio_ui5_key":"etmportal.ui.manageyards.view.Newsap.m.Input{\"path\":\"\",\"propertyPath\":\"/SALES_AREA_SPART\",\"modelName\":\"NewYardModel\"}"}]}
RESULT: {"script":"<script> [1562 bytes]","args":[{"selector":{"controlType":"sap.m.Input","viewName":"etm.portal.ui.manageyards.view.New","viewId":"application-manageyards-display-component---NewYard","bindingPath":{"path":"","propertyPath":"/SALES_AREA_SPART","modelName":"NewYardModel"},"interaction":{"idSuffix":"inner"}},"wdio_ui5_key":"etmportal.ui.manageyards.view.Newsap.m.Input{\"path\":\"\",\"propertyPath\":\"/SALES_AREA_SPART\",\"modelName\":\"NewYardModel\"}"}]}
RESULT: undefined
COMMAND: POST /session/121b5910f067d4d1941a4df48d2c59fa/execute/async - {"script":"<script> [776 bytes]","args":[{"enterText":"C2","selector":{"controlType":"sap.m.Input","viewName":"etm.portal.ui.manageyards.view.New","viewId":"application-manageyards-display-component---NewYard","bindingPath":{"path":"","propertyPath":"/SALES_AREA_SPART","modelName":"NewYardModel"},"interaction":{"idSuffix":"inner"}},"clearTextFirst":true,"interactionType":"ENTER_TEXT"}]}
RESULT: {"script":"<script> [776 bytes]","args":[{"enterText":"C2","selector":{"controlType":"sap.m.Input","viewName":"etm.portal.ui.manageyards.view.New","viewId":"application-manageyards-display-component---NewYard","bindingPath":{"path":"","propertyPath":"/SALES_AREA_SPART","modelName":"NewYardModel"},"interaction":{"idSuffix":"inner"}},"clearTextFirst":true,"interactionType":"ENTER_TEXT"}]}
COMMAND: POST /session/121b5910f067d4d1941a4df48d2c59fa/execute/async - {"script":"<script> [1562 bytes]","args":[{"selector":{"controlType":"sap.m.Input","viewName":"etm.portal.ui.manageyards.view.New","viewId":"application-manageyards-display-component---NewYard","bindingPath":{"path":"","propertyPath":"/SHIP_POINT","modelName":"NewYardModel"},"interaction":{"idSuffix":"inner"}},"wdio_ui5_key":"etmportal.ui.manageyards.view.Newsap.m.Input{\"path\":\"\",\"propertyPath\":\"/SHIP_POINT\",\"modelName\":\"NewYardModel\"}"}]}
RESULT: {"script":"<script> [1562 bytes]","args":[{"selector":{"controlType":"sap.m.Input","viewName":"etm.portal.ui.manageyards.view.New","viewId":"application-manageyards-display-component---NewYard","bindingPath":{"path":"","propertyPath":"/SHIP_POINT","modelName":"NewYardModel"},"interaction":{"idSuffix":"inner"}},"wdio_ui5_key":"etmportal.ui.manageyards.view.Newsap.m.Input{\"path\":\"\",\"propertyPath\":\"/SHIP_POINT\",\"modelName\":\"NewYardModel\"}"}]}
RESULT: undefined
COMMAND: POST /session/121b5910f067d4d1941a4df48d2c59fa/execute/async - {"script":"<script> [776 bytes]","args":[{"enterText":"1710","selector":{"controlType":"sap.m.Input","viewName":"etm.portal.ui.manageyards.view.New","viewId":"application-manageyards-display-component---NewYard","bindingPath":{"path":"","propertyPath":"/SHIP_POINT","modelName":"NewYardModel"},"interaction":{"idSuffix":"inner"}},"clearTextFirst":true,"interactionType":"ENTER_TEXT"}]}
RESULT: {"script":"<script> [776 bytes]","args":[{"enterText":"1710","selector":{"controlType":"sap.m.Input","viewName":"etm.portal.ui.manageyards.view.New","viewId":"application-manageyards-display-component---NewYard","bindingPath":{"path":"","propertyPath":"/SHIP_POINT","modelName":"NewYardModel"},"interaction":{"idSuffix":"inner"}},"clearTextFirst":true,"interactionType":"ENTER_TEXT"}]}
COMMAND: POST /session/121b5910f067d4d1941a4df48d2c59fa/execute/async - {"script":"<script> [1562 bytes]","args":[{"selector":{"controlType":"sap.m.Input","viewName":"etm.portal.ui.manageyards.view.New","viewId":"application-manageyards-display-component---NewYard","bindingPath":{"path":"","propertyPath":"/DELIVERY_TYPE","modelName":"NewYardModel"},"interaction":{"idSuffix":"inner"}},"wdio_ui5_key":"etmportal.ui.manageyards.view.Newsap.m.Input{\"path\":\"\",\"propertyPath\":\"/DELIVERY_TYPE\",\"modelName\":\"NewYardModel\"}"}]}
RESULT: {"script":"<script> [1562 bytes]","args":[{"selector":{"controlType":"sap.m.Input","viewName":"etm.portal.ui.manageyards.view.New","viewId":"application-manageyards-display-component---NewYard","bindingPath":{"path":"","propertyPath":"/DELIVERY_TYPE","modelName":"NewYardModel"},"interaction":{"idSuffix":"inner"}},"wdio_ui5_key":"etmportal.ui.manageyards.view.Newsap.m.Input{\"path\":\"\",\"propertyPath\":\"/DELIVERY_TYPE\",\"modelName\":\"NewYardModel\"}"}]}
RESULT: undefined
COMMAND: POST /session/121b5910f067d4d1941a4df48d2c59fa/execute/async - {"script":"<script> [776 bytes]","args":[{"enterText":"ZL01","selector":{"controlType":"sap.m.Input","viewName":"etm.portal.ui.manageyards.view.New","viewId":"application-manageyards-display-component---NewYard","bindingPath":{"path":"","propertyPath":"/DELIVERY_TYPE","modelName":"NewYardModel"},"interaction":{"idSuffix":"inner"}},"clearTextFirst":true,"interactionType":"ENTER_TEXT"}]}
RESULT: {"script":"<script> [776 bytes]","args":[{"enterText":"ZL01","selector":{"controlType":"sap.m.Input","viewName":"etm.portal.ui.manageyards.view.New","viewId":"application-manageyards-display-component---NewYard","bindingPath":{"path":"","propertyPath":"/DELIVERY_TYPE","modelName":"NewYardModel"},"interaction":{"idSuffix":"inner"}},"clearTextFirst":true,"interactionType":"ENTER_TEXT"}]}
COMMAND: POST /session/121b5910f067d4d1941a4df48d2c59fa/execute/async - {"script":"<script> [1562 bytes]","args":[{"selector":{"controlType":"sap.m.Input","viewName":"etm.portal.ui.manageyards.view.New","viewId":"application-manageyards-display-component---NewYard","bindingPath":{"path":"","propertyPath":"/AUART","modelName":"NewYardModel"},"interaction":{"idSuffix":"inner"}},"wdio_ui5_key":"etmportal.ui.manageyards.view.Newsap.m.Input{\"path\":\"\",\"propertyPath\":\"/AUART\",\"modelName\":\"NewYardModel\"}"}]}
RESULT: {"script":"<script> [1562 bytes]","args":[{"selector":{"controlType":"sap.m.Input","viewName":"etm.portal.ui.manageyards.view.New","viewId":"application-manageyards-display-component---NewYard","bindingPath":{"path":"","propertyPath":"/AUART","modelName":"NewYardModel"},"interaction":{"idSuffix":"inner"}},"wdio_ui5_key":"etmportal.ui.manageyards.view.Newsap.m.Input{\"path\":\"\",\"propertyPath\":\"/AUART\",\"modelName\":\"NewYardModel\"}"}]}
RESULT: undefined
COMMAND: POST /session/121b5910f067d4d1941a4df48d2c59fa/execute/async - {"script":"<script> [776 bytes]","args":[{"enterText":"TA","selector":{"controlType":"sap.m.Input","viewName":"etm.portal.ui.manageyards.view.New","viewId":"application-manageyards-display-component---NewYard","bindingPath":{"path":"","propertyPath":"/AUART","modelName":"NewYardModel"},"interaction":{"idSuffix":"inner"}},"clearTextFirst":true,"interactionType":"ENTER_TEXT"}]}
RESULT: {"script":"<script> [776 bytes]","args":[{"enterText":"TA","selector":{"controlType":"sap.m.Input","viewName":"etm.portal.ui.manageyards.view.New","viewId":"application-manageyards-display-component---NewYard","bindingPath":{"path":"","propertyPath":"/AUART","modelName":"NewYardModel"},"interaction":{"idSuffix":"inner"}},"clearTextFirst":true,"interactionType":"ENTER_TEXT"}]}
COMMAND: POST /session/121b5910f067d4d1941a4df48d2c59fa/execute/async - {"script":"<script> [1562 bytes]","args":[{"selector":{"id":"application-manageyards-display-component---NewYard--whmCheckBox","interaction":{"idSuffix":"CbBg"}},"wdio_ui5_key":"applicationmanageyards-display-component---NewYard--whmCheckBox"}]}
RESULT: {"script":"<script> [1562 bytes]","args":[{"selector":{"id":"application-manageyards-display-component---NewYard--whmCheckBox","interaction":{"idSuffix":"CbBg"}},"wdio_ui5_key":"applicationmanageyards-display-component---NewYard--whmCheckBox"}]}
RESULT: undefined
COMMAND: POST /session/121b5910f067d4d1941a4df48d2c59fa/element - {"using":"xpath","value":"//*[@id=\"application-manageyards-display-component---NewYard--whmCheckBox\"]"}
RESULT: {"using":"xpath","value":"//*[@id=\"application-manageyards-display-component---NewYard--whmCheckBox\"]"}
COMMAND: POST /session/121b5910f067d4d1941a4df48d2c59fa/element/f.F80EBE20359F196FC2F6F7CC51ACB296.d.32F618EBACF114E730A227668889F84E.e.773/click - {}
RESULT: {}
COMMAND: GET /session/121b5910f067d4d1941a4df48d2c59fa/screenshot - {}
RESULT: {}
COMMAND: POST /session/121b5910f067d4d1941a4df48d2c59fa/element - {"using":"xpath","value":"//button[@data-kt=\"newYardSaveButton\"]"}
RESULT: {"using":"xpath","value":"//button[@data-kt=\"newYardSaveButton\"]"}
COMMAND: POST /session/121b5910f067d4d1941a4df48d2c59fa/element/f.F80EBE20359F196FC2F6F7CC51ACB296.d.32F618EBACF114E730A227668889F84E.e.659/click - {}
RESULT: {}
COMMAND: GET /session/121b5910f067d4d1941a4df48d2c59fa/screenshot - {}
RESULT: {}
COMMAND: POST /session/121b5910f067d4d1941a4df48d2c59fa/element - {"using":"xpath","value":"//header[contains(@id, 'ObjectPageLayout-headerTitle')]/div[1]/div[2]/div[1]/span[1]"}
RESULT: {"using":"xpath","value":"//header[contains(@id, 'ObjectPageLayout-headerTitle')]/div[1]/div[2]/div[1]/span[1]"}
COMMAND: POST /session/121b5910f067d4d1941a4df48d2c59fa/elements - {"using":"xpath","value":"//header[contains(@id, 'ObjectPageLayout-headerTitle')]/div[1]/div[2]/div[1]/span[1]"}
RESULT: {"using":"xpath","value":"//header[contains(@id, 'ObjectPageLayout-headerTitle')]/div[1]/div[2]/div[1]/span[1]"}
COMMAND: POST /session/121b5910f067d4d1941a4df48d2c59fa/execute/sync - {"script":"<script> [56 bytes]","args":[{"element-6066-11e4-a52e-4f735466cecf":"f.F80EBE20359F196FC2F6F7CC51ACB296.d.32F618EBACF114E730A227668889F84E.e.981","ELEMENT":"f.F80EBE20359F196FC2F6F7CC51ACB296.d.32F618EBACF114E730A227668889F84E.e.981"}]}
RESULT: {"script":"<script> [56 bytes]","args":[{"element-6066-11e4-a52e-4f735466cecf":"f.F80EBE20359F196FC2F6F7CC51ACB296.d.32F618EBACF114E730A227668889F84E.e.981","ELEMENT":"f.F80EBE20359F196FC2F6F7CC51ACB296.d.32F618EBACF114E730A227668889F84E.e.981"}]}
COMMAND: GET /session/121b5910f067d4d1941a4df48d2c59fa/screenshot - {}
RESULT: {}
COMMAND: POST /session/121b5910f067d4d1941a4df48d2c59fa/element - {"using":"css selector","value":"#shell-header-logo"}
RESULT: {"using":"css selector","value":"#shell-header-logo"}
COMMAND: POST /session/121b5910f067d4d1941a4df48d2c59fa/element/f.F80EBE20359F196FC2F6F7CC51ACB296.d.32F618EBACF114E730A227668889F84E.e.235/click - {}
RESULT: {}
COMMAND: GET /session/121b5910f067d4d1941a4df48d2c59fa/screenshot - {}
RESULT: {}
COMMAND: POST /session/121b5910f067d4d1941a4df48d2c59fa/execute/sync - {"script":"<script> [299 bytes]","args":[["getModel","getResource"]]}
RESULT: {"script":"<script> [299 bytes]","args":[["getModel","getResource"]]}
]]></system-out>
    </testcase>
    <testcase classname="chrome.136_0_7103_93.windows.Stock_increase_-_with_WHM_US125587" name="Should create a new external WHM partner" time="97.9">
      <system-out><![CDATA[
COMMAND: POST /session/121b5910f067d4d1941a4df48d2c59fa/window/fullscreen - {}
COMMAND: GET /session/121b5910f067d4d1941a4df48d2c59fa/screenshot - {}
RESULT: {}
COMMAND: POST /session/121b5910f067d4d1941a4df48d2c59fa/execute/async - {"script":"<script> [1562 bytes]","args":[{"selector":{"controlType":"sap.m.GenericTile","properties":{"header":"Manage Partners"}},"wdio_ui5_key":"sapm.GenericTile{\"header\":\"Manage Partners\"}"}]}
RESULT: {}
RESULT: {"script":"<script> [1562 bytes]","args":[{"selector":{"controlType":"sap.m.GenericTile","properties":{"header":"Manage Partners"}},"wdio_ui5_key":"sapm.GenericTile{\"header\":\"Manage Partners\"}"}]}
RESULT: undefined
COMMAND: POST /session/121b5910f067d4d1941a4df48d2c59fa/element - {"using":"xpath","value":"//*[@id=\"__tile38\"]"}
RESULT: {"using":"xpath","value":"//*[@id=\"__tile38\"]"}
COMMAND: POST /session/121b5910f067d4d1941a4df48d2c59fa/element/f.F80EBE20359F196FC2F6F7CC51ACB296.d.32F618EBACF114E730A227668889F84E.e.121/click - {}
RESULT: {}
COMMAND: GET /session/121b5910f067d4d1941a4df48d2c59fa/screenshot - {}
RESULT: {}
COMMAND: POST /session/121b5910f067d4d1941a4df48d2c59fa/elements - {"using":"xpath","value":"//span[text()='Error']"}
RESULT: {"using":"xpath","value":"//span[text()='Error']"}
COMMAND: POST /session/121b5910f067d4d1941a4df48d2c59fa/element - {"using":"xpath","value":"//button[@data-kt=\"addButton\"]"}
RESULT: {"using":"xpath","value":"//button[@data-kt=\"addButton\"]"}
COMMAND: POST /session/121b5910f067d4d1941a4df48d2c59fa/elements - {"using":"xpath","value":"//button[@data-kt=\"addButton\"]"}
RESULT: {"using":"xpath","value":"//button[@data-kt=\"addButton\"]"}
COMMAND: POST /session/121b5910f067d4d1941a4df48d2c59fa/execute/sync - {"script":"<script> [8489 bytes]","args":[{"element-6066-11e4-a52e-4f735466cecf":"f.F80EBE20359F196FC2F6F7CC51ACB296.d.32F618EBACF114E730A227668889F84E.e.1019","ELEMENT":"f.F80EBE20359F196FC2F6F7CC51ACB296.d.32F618EBACF114E730A227668889F84E.e.1019"}]}
RESULT: {"script":"<script> [8489 bytes]","args":[{"element-6066-11e4-a52e-4f735466cecf":"f.F80EBE20359F196FC2F6F7CC51ACB296.d.32F618EBACF114E730A227668889F84E.e.1019","ELEMENT":"f.F80EBE20359F196FC2F6F7CC51ACB296.d.32F618EBACF114E730A227668889F84E.e.1019"}]}
COMMAND: GET /session/121b5910f067d4d1941a4df48d2c59fa/element/f.F80EBE20359F196FC2F6F7CC51ACB296.d.32F618EBACF114E730A227668889F84E.e.1019/enabled - {}
COMMAND: GET /session/121b5910f067d4d1941a4df48d2c59fa/screenshot - {}
RESULT: {}
COMMAND: POST /session/121b5910f067d4d1941a4df48d2c59fa/execute/sync - {"script":"<script> [8489 bytes]","args":[{"element-6066-11e4-a52e-4f735466cecf":"f.F80EBE20359F196FC2F6F7CC51ACB296.d.32F618EBACF114E730A227668889F84E.e.1019","ELEMENT":"f.F80EBE20359F196FC2F6F7CC51ACB296.d.32F618EBACF114E730A227668889F84E.e.1019"}]}
COMMAND: GET /session/121b5910f067d4d1941a4df48d2c59fa/screenshot - {}
RESULT: {}
RESULT: {"script":"<script> [8489 bytes]","args":[{"element-6066-11e4-a52e-4f735466cecf":"f.F80EBE20359F196FC2F6F7CC51ACB296.d.32F618EBACF114E730A227668889F84E.e.1019","ELEMENT":"f.F80EBE20359F196FC2F6F7CC51ACB296.d.32F618EBACF114E730A227668889F84E.e.1019"}]}
COMMAND: POST /session/121b5910f067d4d1941a4df48d2c59fa/execute/sync - {"script":"<script> [5351 bytes]","args":[{"element-6066-11e4-a52e-4f735466cecf":"f.F80EBE20359F196FC2F6F7CC51ACB296.d.32F618EBACF114E730A227668889F84E.e.1019","ELEMENT":"f.F80EBE20359F196FC2F6F7CC51ACB296.d.32F618EBACF114E730A227668889F84E.e.1019"}]}
COMMAND: GET /session/121b5910f067d4d1941a4df48d2c59fa/screenshot - {}
RESULT: {}
RESULT: {"script":"<script> [5351 bytes]","args":[{"element-6066-11e4-a52e-4f735466cecf":"f.F80EBE20359F196FC2F6F7CC51ACB296.d.32F618EBACF114E730A227668889F84E.e.1019","ELEMENT":"f.F80EBE20359F196FC2F6F7CC51ACB296.d.32F618EBACF114E730A227668889F84E.e.1019"}]}
COMMAND: POST /session/121b5910f067d4d1941a4df48d2c59fa/element/f.F80EBE20359F196FC2F6F7CC51ACB296.d.32F618EBACF114E730A227668889F84E.e.1019/click - {}
COMMAND: GET /session/121b5910f067d4d1941a4df48d2c59fa/screenshot - {}
RESULT: {}
RESULT: {}
COMMAND: GET /session/121b5910f067d4d1941a4df48d2c59fa/screenshot - {}
RESULT: {}
RESULT: {}
COMMAND: POST /session/121b5910f067d4d1941a4df48d2c59fa/execute/async - {"script":"<script> [1562 bytes]","args":[{"selector":{"id":"application-managepartners-display-component---NewPartner--addressDetailDetailsName1","interaction":{"idSuffix":"inner"}},"wdio_ui5_key":"applicationmanagepartners-display-component---NewPartner--addressDetailDetailsName1"}]}
RESULT: {"script":"<script> [1562 bytes]","args":[{"selector":{"id":"application-managepartners-display-component---NewPartner--addressDetailDetailsName1","interaction":{"idSuffix":"inner"}},"wdio_ui5_key":"applicationmanagepartners-display-component---NewPartner--addressDetailDetailsName1"}]}
RESULT: undefined
COMMAND: POST /session/121b5910f067d4d1941a4df48d2c59fa/execute/async - {"script":"<script> [776 bytes]","args":[{"enterText":"External Partner WDIO","selector":{"id":"application-managepartners-display-component---NewPartner--addressDetailDetailsName1","interaction":{"idSuffix":"inner"}},"clearTextFirst":true,"interactionType":"ENTER_TEXT"}]}
RESULT: {"script":"<script> [776 bytes]","args":[{"enterText":"External Partner WDIO","selector":{"id":"application-managepartners-display-component---NewPartner--addressDetailDetailsName1","interaction":{"idSuffix":"inner"}},"clearTextFirst":true,"interactionType":"ENTER_TEXT"}]}
COMMAND: POST /session/121b5910f067d4d1941a4df48d2c59fa/execute/async - {"script":"<script> [1562 bytes]","args":[{"selector":{"id":"application-managepartners-display-component---NewPartner--addressDetailDetailsLanguage-arrow"},"wdio_ui5_key":"applicationmanagepartners-display-component---NewPartner--addressDetailDetailsLanguage-arrow"}]}
RESULT: {"script":"<script> [1562 bytes]","args":[{"selector":{"id":"application-managepartners-display-component---NewPartner--addressDetailDetailsLanguage-arrow"},"wdio_ui5_key":"applicationmanagepartners-display-component---NewPartner--addressDetailDetailsLanguage-arrow"}]}
RESULT: undefined
COMMAND: POST /session/121b5910f067d4d1941a4df48d2c59fa/element - {"using":"xpath","value":"//*[@id=\"application-managepartners-display-component---NewPartner--addressDetailDetailsLanguage-arrow\"]"}
RESULT: {"using":"xpath","value":"//*[@id=\"application-managepartners-display-component---NewPartner--addressDetailDetailsLanguage-arrow\"]"}
COMMAND: POST /session/121b5910f067d4d1941a4df48d2c59fa/element/f.F80EBE20359F196FC2F6F7CC51ACB296.d.32F618EBACF114E730A227668889F84E.e.1477/click - {}
RESULT: {}
COMMAND: POST /session/121b5910f067d4d1941a4df48d2c59fa/element - {"using":"xpath","value":"//span[contains(text(), \"English\")]"}
COMMAND: GET /session/121b5910f067d4d1941a4df48d2c59fa/screenshot - {}
RESULT: {"using":"xpath","value":"//span[contains(text(), \"English\")]"}
COMMAND: POST /session/121b5910f067d4d1941a4df48d2c59fa/element/f.F80EBE20359F196FC2F6F7CC51ACB296.d.32F618EBACF114E730A227668889F84E.e.1478/click - {}
RESULT: {}
RESULT: {}
COMMAND: GET /session/121b5910f067d4d1941a4df48d2c59fa/screenshot - {}
RESULT: {}
COMMAND: POST /session/121b5910f067d4d1941a4df48d2c59fa/execute/async - {"script":"<script> [1562 bytes]","args":[{"selector":{"id":"application-managepartners-display-component---NewPartner--addressDetailDetailsCity1","interaction":{"idSuffix":"inner"}},"wdio_ui5_key":"applicationmanagepartners-display-component---NewPartner--addressDetailDetailsCity1"}]}
RESULT: {"script":"<script> [1562 bytes]","args":[{"selector":{"id":"application-managepartners-display-component---NewPartner--addressDetailDetailsCity1","interaction":{"idSuffix":"inner"}},"wdio_ui5_key":"applicationmanagepartners-display-component---NewPartner--addressDetailDetailsCity1"}]}
RESULT: undefined
COMMAND: POST /session/121b5910f067d4d1941a4df48d2c59fa/execute/async - {"script":"<script> [776 bytes]","args":[{"enterText":"Rosario","selector":{"id":"application-managepartners-display-component---NewPartner--addressDetailDetailsCity1","interaction":{"idSuffix":"inner"}},"clearTextFirst":true,"interactionType":"ENTER_TEXT"}]}
RESULT: {"script":"<script> [776 bytes]","args":[{"enterText":"Rosario","selector":{"id":"application-managepartners-display-component---NewPartner--addressDetailDetailsCity1","interaction":{"idSuffix":"inner"}},"clearTextFirst":true,"interactionType":"ENTER_TEXT"}]}
COMMAND: POST /session/121b5910f067d4d1941a4df48d2c59fa/execute/async - {"script":"<script> [1562 bytes]","args":[{"selector":{"id":"application-managepartners-display-component---NewPartner--addressDetailDetailsCountry-arrow"},"wdio_ui5_key":"applicationmanagepartners-display-component---NewPartner--addressDetailDetailsCountry-arrow"}]}
RESULT: {"script":"<script> [1562 bytes]","args":[{"selector":{"id":"application-managepartners-display-component---NewPartner--addressDetailDetailsCountry-arrow"},"wdio_ui5_key":"applicationmanagepartners-display-component---NewPartner--addressDetailDetailsCountry-arrow"}]}
RESULT: undefined
COMMAND: POST /session/121b5910f067d4d1941a4df48d2c59fa/element - {"using":"xpath","value":"//*[@id=\"application-managepartners-display-component---NewPartner--addressDetailDetailsCountry-arrow\"]"}
RESULT: {"using":"xpath","value":"//*[@id=\"application-managepartners-display-component---NewPartner--addressDetailDetailsCountry-arrow\"]"}
COMMAND: POST /session/121b5910f067d4d1941a4df48d2c59fa/element/f.F80EBE20359F196FC2F6F7CC51ACB296.d.32F618EBACF114E730A227668889F84E.e.1464/click - {}
RESULT: {}
COMMAND: POST /session/121b5910f067d4d1941a4df48d2c59fa/element - {"using":"xpath","value":"//span[contains(text(), \"Argentina\")]"}
COMMAND: GET /session/121b5910f067d4d1941a4df48d2c59fa/screenshot - {}
RESULT: {"using":"xpath","value":"//span[contains(text(), \"Argentina\")]"}
COMMAND: POST /session/121b5910f067d4d1941a4df48d2c59fa/element/f.F80EBE20359F196FC2F6F7CC51ACB296.d.32F618EBACF114E730A227668889F84E.e.1480/click - {}
RESULT: {}
RESULT: {}
COMMAND: GET /session/121b5910f067d4d1941a4df48d2c59fa/screenshot - {}
RESULT: {}
COMMAND: POST /session/121b5910f067d4d1941a4df48d2c59fa/element - {"using":"xpath","value":"//bdi[contains(text(), \"Commercial\")]"}
RESULT: {"using":"xpath","value":"//bdi[contains(text(), \"Commercial\")]"}
COMMAND: POST /session/121b5910f067d4d1941a4df48d2c59fa/element/f.F80EBE20359F196FC2F6F7CC51ACB296.d.32F618EBACF114E730A227668889F84E.e.1481/click - {}
RESULT: {}
COMMAND: GET /session/121b5910f067d4d1941a4df48d2c59fa/screenshot - {}
RESULT: {}
COMMAND: POST /session/121b5910f067d4d1941a4df48d2c59fa/execute/async - {"script":"<script> [1562 bytes]","args":[{"selector":{"id":"application-managepartners-display-component---NewPartner--partnerDetailInternal-arrow"},"wdio_ui5_key":"applicationmanagepartners-display-component---NewPartner--partnerDetailInternal-arrow"}]}
RESULT: {"script":"<script> [1562 bytes]","args":[{"selector":{"id":"application-managepartners-display-component---NewPartner--partnerDetailInternal-arrow"},"wdio_ui5_key":"applicationmanagepartners-display-component---NewPartner--partnerDetailInternal-arrow"}]}
RESULT: undefined
COMMAND: POST /session/121b5910f067d4d1941a4df48d2c59fa/element - {"using":"xpath","value":"//*[@id=\"application-managepartners-display-component---NewPartner--partnerDetailInternal-arrow\"]"}
RESULT: {"using":"xpath","value":"//*[@id=\"application-managepartners-display-component---NewPartner--partnerDetailInternal-arrow\"]"}
COMMAND: POST /session/121b5910f067d4d1941a4df48d2c59fa/element/f.F80EBE20359F196FC2F6F7CC51ACB296.d.32F618EBACF114E730A227668889F84E.e.1489/click - {}
RESULT: {}
COMMAND: POST /session/121b5910f067d4d1941a4df48d2c59fa/element - {"using":"xpath","value":"//span[contains(text(), \"External partner\")]"}
COMMAND: GET /session/121b5910f067d4d1941a4df48d2c59fa/screenshot - {}
RESULT: {"using":"xpath","value":"//span[contains(text(), \"External partner\")]"}
COMMAND: POST /session/121b5910f067d4d1941a4df48d2c59fa/element/f.F80EBE20359F196FC2F6F7CC51ACB296.d.32F618EBACF114E730A227668889F84E.e.1490/click - {}
RESULT: {}
RESULT: {}
COMMAND: POST /session/121b5910f067d4d1941a4df48d2c59fa/execute/async - {"script":"<script> [1562 bytes]","args":[{"selector":{"id":"application-managepartners-display-component---NewPartner--partnerDetailsCurrency-arrow"},"wdio_ui5_key":"applicationmanagepartners-display-component---NewPartner--partnerDetailsCurrency-arrow"}]}
COMMAND: GET /session/121b5910f067d4d1941a4df48d2c59fa/screenshot - {}
RESULT: {"script":"<script> [1562 bytes]","args":[{"selector":{"id":"application-managepartners-display-component---NewPartner--partnerDetailsCurrency-arrow"},"wdio_ui5_key":"applicationmanagepartners-display-component---NewPartner--partnerDetailsCurrency-arrow"}]}
RESULT: undefined
COMMAND: POST /session/121b5910f067d4d1941a4df48d2c59fa/element - {"using":"xpath","value":"//*[@id=\"application-managepartners-display-component---NewPartner--partnerDetailsCurrency-arrow\"]"}
RESULT: {}
RESULT: {"using":"xpath","value":"//*[@id=\"application-managepartners-display-component---NewPartner--partnerDetailsCurrency-arrow\"]"}
COMMAND: POST /session/121b5910f067d4d1941a4df48d2c59fa/element/f.F80EBE20359F196FC2F6F7CC51ACB296.d.32F618EBACF114E730A227668889F84E.e.1495/click - {}
RESULT: {}
COMMAND: POST /session/121b5910f067d4d1941a4df48d2c59fa/element - {"using":"xpath","value":"//span[contains(text(), \"US Dollar\")]"}
COMMAND: GET /session/121b5910f067d4d1941a4df48d2c59fa/screenshot - {}
RESULT: {"using":"xpath","value":"//span[contains(text(), \"US Dollar\")]"}
COMMAND: POST /session/121b5910f067d4d1941a4df48d2c59fa/element/f.F80EBE20359F196FC2F6F7CC51ACB296.d.32F618EBACF114E730A227668889F84E.e.1496/click - {}
RESULT: {}
RESULT: {}
COMMAND: GET /session/121b5910f067d4d1941a4df48d2c59fa/screenshot - {}
RESULT: {}
COMMAND: POST /session/121b5910f067d4d1941a4df48d2c59fa/element - {"using":"xpath","value":"//input[@id=\"application-managepartners-display-component---NewPartner--companyCodeComboBox-inner\"]"}
RESULT: {"using":"xpath","value":"//input[@id=\"application-managepartners-display-component---NewPartner--companyCodeComboBox-inner\"]"}
COMMAND: POST /session/121b5910f067d4d1941a4df48d2c59fa/element/f.F80EBE20359F196FC2F6F7CC51ACB296.d.32F618EBACF114E730A227668889F84E.e.1344/clear - {}
RESULT: {}
COMMAND: POST /session/121b5910f067d4d1941a4df48d2c59fa/element/f.F80EBE20359F196FC2F6F7CC51ACB296.d.32F618EBACF114E730A227668889F84E.e.1344/value - {"text":"C002"}
COMMAND: GET /session/121b5910f067d4d1941a4df48d2c59fa/screenshot - {}
RESULT: {"text":"C002"}
COMMAND: GET /session/121b5910f067d4d1941a4df48d2c59fa/screenshot - {}
RESULT: {}
RESULT: {}
COMMAND: POST /session/121b5910f067d4d1941a4df48d2c59fa/element - {"using":"xpath","value":"//li[.//span[text()= \"C002\"]]"}
RESULT: {"using":"xpath","value":"//li[.//span[text()= \"C002\"]]"}
COMMAND: POST /session/121b5910f067d4d1941a4df48d2c59fa/element/f.F80EBE20359F196FC2F6F7CC51ACB296.d.32F618EBACF114E730A227668889F84E.e.1500/click - {}
RESULT: {}
COMMAND: GET /session/121b5910f067d4d1941a4df48d2c59fa/screenshot - {}
RESULT: {}
COMMAND: POST /session/121b5910f067d4d1941a4df48d2c59fa/execute/async - {"script":"<script> [1562 bytes]","args":[{"selector":{"id":"application-managepartners-display-component---NewPartner--btnAddTableRow-img"},"wdio_ui5_key":"applicationmanagepartners-display-component---NewPartner--btnAddTableRow-img"}]}
RESULT: {"script":"<script> [1562 bytes]","args":[{"selector":{"id":"application-managepartners-display-component---NewPartner--btnAddTableRow-img"},"wdio_ui5_key":"applicationmanagepartners-display-component---NewPartner--btnAddTableRow-img"}]}
RESULT: undefined
COMMAND: POST /session/121b5910f067d4d1941a4df48d2c59fa/element - {"using":"xpath","value":"//*[@id=\"application-managepartners-display-component---NewPartner--btnAddTableRow-img\"]"}
RESULT: {"using":"xpath","value":"//*[@id=\"application-managepartners-display-component---NewPartner--btnAddTableRow-img\"]"}
COMMAND: POST /session/121b5910f067d4d1941a4df48d2c59fa/element/f.F80EBE20359F196FC2F6F7CC51ACB296.d.32F618EBACF114E730A227668889F84E.e.1501/click - {}
RESULT: {}
COMMAND: GET /session/121b5910f067d4d1941a4df48d2c59fa/screenshot - {}
RESULT: {}
COMMAND: POST /session/121b5910f067d4d1941a4df48d2c59fa/element - {"using":"xpath","value":"//input[@id=\"application-managepartners-display-component---NewPartner--assignmentYard-application-managepartners-display-component---NewPartner--assignmentsTable-0-inner\"]"}
RESULT: {"using":"xpath","value":"//input[@id=\"application-managepartners-display-component---NewPartner--assignmentYard-application-managepartners-display-component---NewPartner--assignmentsTable-0-inner\"]"}
COMMAND: POST /session/121b5910f067d4d1941a4df48d2c59fa/element/f.F80EBE20359F196FC2F6F7CC51ACB296.d.32F618EBACF114E730A227668889F84E.e.1504/clear - {}
RESULT: {}
COMMAND: POST /session/121b5910f067d4d1941a4df48d2c59fa/element/f.F80EBE20359F196FC2F6F7CC51ACB296.d.32F618EBACF114E730A227668889F84E.e.1504/value - {"text":"427"}
COMMAND: GET /session/121b5910f067d4d1941a4df48d2c59fa/screenshot - {}
RESULT: {"text":"427"}
COMMAND: GET /session/121b5910f067d4d1941a4df48d2c59fa/screenshot - {}
RESULT: {}
RESULT: {}
COMMAND: POST /session/121b5910f067d4d1941a4df48d2c59fa/element - {"using":"xpath","value":"//li[.//span[text()='427']]"}
RESULT: {"using":"xpath","value":"//li[.//span[text()='427']]"}
COMMAND: POST /session/121b5910f067d4d1941a4df48d2c59fa/element/f.F80EBE20359F196FC2F6F7CC51ACB296.d.32F618EBACF114E730A227668889F84E.e.1512/click - {}
RESULT: {}
COMMAND: GET /session/121b5910f067d4d1941a4df48d2c59fa/screenshot - {}
RESULT: {}
COMMAND: POST /session/121b5910f067d4d1941a4df48d2c59fa/actions - {"actions":[{"id":"action2","type":"key","parameters":{},"actions":[{"type":"keyDown","value":"î€‡"},{"type":"pause","duration":10},{"type":"keyUp","value":"î€‡"}]}]}
RESULT: {"actions":[{"id":"action2","type":"key","parameters":{},"actions":[{"type":"keyDown","value":"î€‡"},{"type":"pause","duration":10},{"type":"keyUp","value":"î€‡"}]}]}
COMMAND: POST /session/121b5910f067d4d1941a4df48d2c59fa/element - {"using":"xpath","value":"//td[contains(@id, \"assignmentsTable-0-cell2\")]/div/div"}
COMMAND: GET /session/121b5910f067d4d1941a4df48d2c59fa/screenshot - {}
RESULT: {"using":"xpath","value":"//td[contains(@id, \"assignmentsTable-0-cell2\")]/div/div"}
COMMAND: POST /session/121b5910f067d4d1941a4df48d2c59fa/element/f.F80EBE20359F196FC2F6F7CC51ACB296.d.32F618EBACF114E730A227668889F84E.e.1515/click - {}
RESULT: {}
RESULT: {}
COMMAND: GET /session/121b5910f067d4d1941a4df48d2c59fa/screenshot - {}
RESULT: {}
COMMAND: POST /session/121b5910f067d4d1941a4df48d2c59fa/element - {"using":"xpath","value":"//button[@data-kt=\"saveButton\"]"}
RESULT: {"using":"xpath","value":"//button[@data-kt=\"saveButton\"]"}
COMMAND: POST /session/121b5910f067d4d1941a4df48d2c59fa/element/f.F80EBE20359F196FC2F6F7CC51ACB296.d.32F618EBACF114E730A227668889F84E.e.1353/click - {}
RESULT: {}
COMMAND: GET /session/121b5910f067d4d1941a4df48d2c59fa/screenshot - {}
RESULT: {}
COMMAND: POST /session/121b5910f067d4d1941a4df48d2c59fa/element - {"using":"xpath","value":"//header[contains(@id, 'ObjectPageLayout-headerTitle')]/div[1]/div[2]/div[2]/span[1]"}
RESULT: {"using":"xpath","value":"//header[contains(@id, 'ObjectPageLayout-headerTitle')]/div[1]/div[2]/div[2]/span[1]"}
COMMAND: POST /session/121b5910f067d4d1941a4df48d2c59fa/elements - {"using":"xpath","value":"//header[contains(@id, 'ObjectPageLayout-headerTitle')]/div[1]/div[2]/div[2]/span[1]"}
RESULT: {"using":"xpath","value":"//header[contains(@id, 'ObjectPageLayout-headerTitle')]/div[1]/div[2]/div[2]/span[1]"}
COMMAND: POST /session/121b5910f067d4d1941a4df48d2c59fa/execute/sync - {"script":"<script> [56 bytes]","args":[{"element-6066-11e4-a52e-4f735466cecf":"f.F80EBE20359F196FC2F6F7CC51ACB296.d.32F618EBACF114E730A227668889F84E.e.1676","ELEMENT":"f.F80EBE20359F196FC2F6F7CC51ACB296.d.32F618EBACF114E730A227668889F84E.e.1676"}]}
RESULT: {"script":"<script> [56 bytes]","args":[{"element-6066-11e4-a52e-4f735466cecf":"f.F80EBE20359F196FC2F6F7CC51ACB296.d.32F618EBACF114E730A227668889F84E.e.1676","ELEMENT":"f.F80EBE20359F196FC2F6F7CC51ACB296.d.32F618EBACF114E730A227668889F84E.e.1676"}]}
COMMAND: POST /session/121b5910f067d4d1941a4df48d2c59fa/element - {"using":"css selector","value":"#shell-header-logo"}
COMMAND: GET /session/121b5910f067d4d1941a4df48d2c59fa/screenshot - {}
RESULT: {"using":"css selector","value":"#shell-header-logo"}
COMMAND: POST /session/121b5910f067d4d1941a4df48d2c59fa/element/f.F80EBE20359F196FC2F6F7CC51ACB296.d.32F618EBACF114E730A227668889F84E.e.985/click - {}
RESULT: {}
RESULT: {}
COMMAND: GET /session/121b5910f067d4d1941a4df48d2c59fa/screenshot - {}
RESULT: {}
COMMAND: POST /session/121b5910f067d4d1941a4df48d2c59fa/execute/sync - {"script":"<script> [299 bytes]","args":[["getModel","getResource"]]}
RESULT: {"script":"<script> [299 bytes]","args":[["getModel","getResource"]]}
COMMAND: GET /session/121b5910f067d4d1941a4df48d2c59fa/screenshot - {}
]]></system-out>
    </testcase>
    <testcase classname="chrome.136_0_7103_93.windows.Stock_increase_-_with_WHM_US125587" name="Should create a new WHM site" time="151.957">
      <system-out><![CDATA[
COMMAND: POST /session/121b5910f067d4d1941a4df48d2c59fa/execute/async - {"script":"<script> [1562 bytes]","args":[{"selector":{"controlType":"sap.m.GenericTile","properties":{"header":"Manage Sites"}},"wdio_ui5_key":"sapm.GenericTile{\"header\":\"Manage Sites\"}"}]}
RESULT: {}
RESULT: {"script":"<script> [1562 bytes]","args":[{"selector":{"controlType":"sap.m.GenericTile","properties":{"header":"Manage Sites"}},"wdio_ui5_key":"sapm.GenericTile{\"header\":\"Manage Sites\"}"}]}
RESULT: undefined
COMMAND: POST /session/121b5910f067d4d1941a4df48d2c59fa/element - {"using":"xpath","value":"//*[@id=\"__tile40\"]"}
RESULT: {"using":"xpath","value":"//*[@id=\"__tile40\"]"}
COMMAND: POST /session/121b5910f067d4d1941a4df48d2c59fa/element/f.F80EBE20359F196FC2F6F7CC51ACB296.d.32F618EBACF114E730A227668889F84E.e.127/click - {}
RESULT: {}
COMMAND: GET /session/121b5910f067d4d1941a4df48d2c59fa/screenshot - {}
RESULT: {}
COMMAND: POST /session/121b5910f067d4d1941a4df48d2c59fa/elements - {"using":"xpath","value":"//span[text()='Error']"}
RESULT: {"using":"xpath","value":"//span[text()='Error']"}
COMMAND: POST /session/121b5910f067d4d1941a4df48d2c59fa/element - {"using":"xpath","value":"//button[@data-kt=\"addOverflowToolbarButton\"]"}
RESULT: {"using":"xpath","value":"//button[@data-kt=\"addOverflowToolbarButton\"]"}
COMMAND: POST /session/121b5910f067d4d1941a4df48d2c59fa/elements - {"using":"xpath","value":"//button[@data-kt=\"addOverflowToolbarButton\"]"}
RESULT: {"using":"xpath","value":"//button[@data-kt=\"addOverflowToolbarButton\"]"}
COMMAND: POST /session/121b5910f067d4d1941a4df48d2c59fa/execute/sync - {"script":"<script> [8489 bytes]","args":[{"element-6066-11e4-a52e-4f735466cecf":"f.F80EBE20359F196FC2F6F7CC51ACB296.d.32F618EBACF114E730A227668889F84E.e.1724","ELEMENT":"f.F80EBE20359F196FC2F6F7CC51ACB296.d.32F618EBACF114E730A227668889F84E.e.1724"}]}
RESULT: {"script":"<script> [8489 bytes]","args":[{"element-6066-11e4-a52e-4f735466cecf":"f.F80EBE20359F196FC2F6F7CC51ACB296.d.32F618EBACF114E730A227668889F84E.e.1724","ELEMENT":"f.F80EBE20359F196FC2F6F7CC51ACB296.d.32F618EBACF114E730A227668889F84E.e.1724"}]}
COMMAND: GET /session/121b5910f067d4d1941a4df48d2c59fa/element/f.F80EBE20359F196FC2F6F7CC51ACB296.d.32F618EBACF114E730A227668889F84E.e.1724/enabled - {}
COMMAND: GET /session/121b5910f067d4d1941a4df48d2c59fa/screenshot - {}
RESULT: {}
COMMAND: POST /session/121b5910f067d4d1941a4df48d2c59fa/execute/sync - {"script":"<script> [8489 bytes]","args":[{"element-6066-11e4-a52e-4f735466cecf":"f.F80EBE20359F196FC2F6F7CC51ACB296.d.32F618EBACF114E730A227668889F84E.e.1724","ELEMENT":"f.F80EBE20359F196FC2F6F7CC51ACB296.d.32F618EBACF114E730A227668889F84E.e.1724"}]}
COMMAND: GET /session/121b5910f067d4d1941a4df48d2c59fa/screenshot - {}
RESULT: {}
RESULT: {"script":"<script> [8489 bytes]","args":[{"element-6066-11e4-a52e-4f735466cecf":"f.F80EBE20359F196FC2F6F7CC51ACB296.d.32F618EBACF114E730A227668889F84E.e.1724","ELEMENT":"f.F80EBE20359F196FC2F6F7CC51ACB296.d.32F618EBACF114E730A227668889F84E.e.1724"}]}
COMMAND: POST /session/121b5910f067d4d1941a4df48d2c59fa/execute/sync - {"script":"<script> [5351 bytes]","args":[{"element-6066-11e4-a52e-4f735466cecf":"f.F80EBE20359F196FC2F6F7CC51ACB296.d.32F618EBACF114E730A227668889F84E.e.1724","ELEMENT":"f.F80EBE20359F196FC2F6F7CC51ACB296.d.32F618EBACF114E730A227668889F84E.e.1724"}]}
COMMAND: GET /session/121b5910f067d4d1941a4df48d2c59fa/screenshot - {}
RESULT: {}
RESULT: {"script":"<script> [5351 bytes]","args":[{"element-6066-11e4-a52e-4f735466cecf":"f.F80EBE20359F196FC2F6F7CC51ACB296.d.32F618EBACF114E730A227668889F84E.e.1724","ELEMENT":"f.F80EBE20359F196FC2F6F7CC51ACB296.d.32F618EBACF114E730A227668889F84E.e.1724"}]}
COMMAND: POST /session/121b5910f067d4d1941a4df48d2c59fa/element/f.F80EBE20359F196FC2F6F7CC51ACB296.d.32F618EBACF114E730A227668889F84E.e.1724/click - {}
COMMAND: GET /session/121b5910f067d4d1941a4df48d2c59fa/screenshot - {}
RESULT: {}
RESULT: {}
COMMAND: GET /session/121b5910f067d4d1941a4df48d2c59fa/screenshot - {}
RESULT: {}
COMMAND: POST /session/121b5910f067d4d1941a4df48d2c59fa/element - {"using":"xpath","value":"//input[@id=\"application-managesites-display-component---NewSite--siteId-inner\"]"}
RESULT: {}
RESULT: {"using":"xpath","value":"//input[@id=\"application-managesites-display-component---NewSite--siteId-inner\"]"}
COMMAND: POST /session/121b5910f067d4d1941a4df48d2c59fa/element - {"using":"xpath","value":"//input[@id=\"application-managesites-display-component---NewSite--siteId-inner\"]"}
RESULT: {"using":"xpath","value":"//input[@id=\"application-managesites-display-component---NewSite--siteId-inner\"]"}
COMMAND: POST /session/121b5910f067d4d1941a4df48d2c59fa/execute/async - {"script":"<script> [1562 bytes]","args":[{"selector":{"id":"application-managesites-display-component---NewSite--addressDetailDetailsName1","interaction":{"idSuffix":"inner"}},"wdio_ui5_key":"applicationmanagesites-display-component---NewSite--addressDetailDetailsName1"}]}
RESULT: {"script":"<script> [1562 bytes]","args":[{"selector":{"id":"application-managesites-display-component---NewSite--addressDetailDetailsName1","interaction":{"idSuffix":"inner"}},"wdio_ui5_key":"applicationmanagesites-display-component---NewSite--addressDetailDetailsName1"}]}
RESULT: undefined
COMMAND: POST /session/121b5910f067d4d1941a4df48d2c59fa/execute/async - {"script":"<script> [776 bytes]","args":[{"enterText":"Warehouse Managed Site WDIO","selector":{"id":"application-managesites-display-component---NewSite--addressDetailDetailsName1","interaction":{"idSuffix":"inner"}},"clearTextFirst":true,"interactionType":"ENTER_TEXT"}]}
RESULT: {"script":"<script> [776 bytes]","args":[{"enterText":"Warehouse Managed Site WDIO","selector":{"id":"application-managesites-display-component---NewSite--addressDetailDetailsName1","interaction":{"idSuffix":"inner"}},"clearTextFirst":true,"interactionType":"ENTER_TEXT"}]}
COMMAND: POST /session/121b5910f067d4d1941a4df48d2c59fa/execute/async - {"script":"<script> [1562 bytes]","args":[{"selector":{"id":"application-managesites-display-component---NewSite--addressDetailDetailsLanguage-arrow"},"wdio_ui5_key":"applicationmanagesites-display-component---NewSite--addressDetailDetailsLanguage-arrow"}]}
RESULT: {"script":"<script> [1562 bytes]","args":[{"selector":{"id":"application-managesites-display-component---NewSite--addressDetailDetailsLanguage-arrow"},"wdio_ui5_key":"applicationmanagesites-display-component---NewSite--addressDetailDetailsLanguage-arrow"}]}
RESULT: undefined
COMMAND: POST /session/121b5910f067d4d1941a4df48d2c59fa/element - {"using":"xpath","value":"//*[@id=\"application-managesites-display-component---NewSite--addressDetailDetailsLanguage-arrow\"]"}
RESULT: {"using":"xpath","value":"//*[@id=\"application-managesites-display-component---NewSite--addressDetailDetailsLanguage-arrow\"]"}
COMMAND: POST /session/121b5910f067d4d1941a4df48d2c59fa/element/f.F80EBE20359F196FC2F6F7CC51ACB296.d.32F618EBACF114E730A227668889F84E.e.2359/click - {}
RESULT: {}
COMMAND: POST /session/121b5910f067d4d1941a4df48d2c59fa/element - {"using":"xpath","value":"//span[contains(text(), \"English\")]"}
COMMAND: GET /session/121b5910f067d4d1941a4df48d2c59fa/screenshot - {}
RESULT: {"using":"xpath","value":"//span[contains(text(), \"English\")]"}
COMMAND: POST /session/121b5910f067d4d1941a4df48d2c59fa/element/f.F80EBE20359F196FC2F6F7CC51ACB296.d.32F618EBACF114E730A227668889F84E.e.2360/click - {}
RESULT: {}
RESULT: {}
COMMAND: POST /session/121b5910f067d4d1941a4df48d2c59fa/execute/async - {"script":"<script> [1562 bytes]","args":[{"selector":{"id":"application-managesites-display-component---NewSite--addressDetailDetailsCity1","interaction":{"idSuffix":"inner"}},"wdio_ui5_key":"applicationmanagesites-display-component---NewSite--addressDetailDetailsCity1"}]}
COMMAND: GET /session/121b5910f067d4d1941a4df48d2c59fa/screenshot - {}
RESULT: {"script":"<script> [1562 bytes]","args":[{"selector":{"id":"application-managesites-display-component---NewSite--addressDetailDetailsCity1","interaction":{"idSuffix":"inner"}},"wdio_ui5_key":"applicationmanagesites-display-component---NewSite--addressDetailDetailsCity1"}]}
RESULT: undefined
COMMAND: POST /session/121b5910f067d4d1941a4df48d2c59fa/execute/async - {"script":"<script> [776 bytes]","args":[{"enterText":"Rosario","selector":{"id":"application-managesites-display-component---NewSite--addressDetailDetailsCity1","interaction":{"idSuffix":"inner"}},"clearTextFirst":true,"interactionType":"ENTER_TEXT"}]}
RESULT: {}
RESULT: {"script":"<script> [776 bytes]","args":[{"enterText":"Rosario","selector":{"id":"application-managesites-display-component---NewSite--addressDetailDetailsCity1","interaction":{"idSuffix":"inner"}},"clearTextFirst":true,"interactionType":"ENTER_TEXT"}]}
COMMAND: POST /session/121b5910f067d4d1941a4df48d2c59fa/execute/async - {"script":"<script> [1562 bytes]","args":[{"selector":{"id":"application-managesites-display-component---NewSite--addressDetailDetailsCountry-arrow"},"wdio_ui5_key":"applicationmanagesites-display-component---NewSite--addressDetailDetailsCountry-arrow"}]}
RESULT: {"script":"<script> [1562 bytes]","args":[{"selector":{"id":"application-managesites-display-component---NewSite--addressDetailDetailsCountry-arrow"},"wdio_ui5_key":"applicationmanagesites-display-component---NewSite--addressDetailDetailsCountry-arrow"}]}
RESULT: undefined
COMMAND: POST /session/121b5910f067d4d1941a4df48d2c59fa/element - {"using":"xpath","value":"//*[@id=\"application-managesites-display-component---NewSite--addressDetailDetailsCountry-arrow\"]"}
RESULT: {"using":"xpath","value":"//*[@id=\"application-managesites-display-component---NewSite--addressDetailDetailsCountry-arrow\"]"}
COMMAND: POST /session/121b5910f067d4d1941a4df48d2c59fa/element/f.F80EBE20359F196FC2F6F7CC51ACB296.d.32F618EBACF114E730A227668889F84E.e.2362/click - {}
RESULT: {}
COMMAND: POST /session/121b5910f067d4d1941a4df48d2c59fa/element - {"using":"xpath","value":"//span[contains(text(), \"Argentina\")]"}
COMMAND: GET /session/121b5910f067d4d1941a4df48d2c59fa/screenshot - {}
RESULT: {"using":"xpath","value":"//span[contains(text(), \"Argentina\")]"}
COMMAND: POST /session/121b5910f067d4d1941a4df48d2c59fa/element/f.F80EBE20359F196FC2F6F7CC51ACB296.d.32F618EBACF114E730A227668889F84E.e.2363/click - {}
RESULT: {}
RESULT: {}
COMMAND: GET /session/121b5910f067d4d1941a4df48d2c59fa/screenshot - {}
RESULT: {}
COMMAND: POST /session/121b5910f067d4d1941a4df48d2c59fa/execute/async - {"script":"<script> [1562 bytes]","args":[{"selector":{"id":"application-managesites-display-component---NewSite--addressEditDetailsCostObjectCstType-arrow"},"wdio_ui5_key":"applicationmanagesites-display-component---NewSite--addressEditDetailsCostObjectCstType-arrow"}]}
RESULT: {"script":"<script> [1562 bytes]","args":[{"selector":{"id":"application-managesites-display-component---NewSite--addressEditDetailsCostObjectCstType-arrow"},"wdio_ui5_key":"applicationmanagesites-display-component---NewSite--addressEditDetailsCostObjectCstType-arrow"}]}
RESULT: undefined
COMMAND: POST /session/121b5910f067d4d1941a4df48d2c59fa/element - {"using":"xpath","value":"//*[@id=\"application-managesites-display-component---NewSite--addressEditDetailsCostObjectCstType-arrow\"]"}
RESULT: {"using":"xpath","value":"//*[@id=\"application-managesites-display-component---NewSite--addressEditDetailsCostObjectCstType-arrow\"]"}
COMMAND: POST /session/121b5910f067d4d1941a4df48d2c59fa/element/f.F80EBE20359F196FC2F6F7CC51ACB296.d.32F618EBACF114E730A227668889F84E.e.2364/click - {}
RESULT: {}
COMMAND: POST /session/121b5910f067d4d1941a4df48d2c59fa/element - {"using":"xpath","value":"//span[contains(text(), \"Cost Center\")]"}
COMMAND: GET /session/121b5910f067d4d1941a4df48d2c59fa/screenshot - {}
RESULT: {"using":"xpath","value":"//span[contains(text(), \"Cost Center\")]"}
COMMAND: POST /session/121b5910f067d4d1941a4df48d2c59fa/element/f.F80EBE20359F196FC2F6F7CC51ACB296.d.32F618EBACF114E730A227668889F84E.e.2365/click - {}
RESULT: {}
RESULT: {}
COMMAND: GET /session/121b5910f067d4d1941a4df48d2c59fa/screenshot - {}
RESULT: {}
COMMAND: POST /session/121b5910f067d4d1941a4df48d2c59fa/element - {"using":"xpath","value":"//span[@id=\"application-managesites-display-component---NewSite--addressNewCostObjectCstID-vhi\"]"}
RESULT: {"using":"xpath","value":"//span[@id=\"application-managesites-display-component---NewSite--addressNewCostObjectCstID-vhi\"]"}
COMMAND: POST /session/121b5910f067d4d1941a4df48d2c59fa/execute/sync - {"script":"<script> [8489 bytes]","args":[{"element-6066-11e4-a52e-4f735466cecf":"f.F80EBE20359F196FC2F6F7CC51ACB296.d.32F618EBACF114E730A227668889F84E.e.2369","ELEMENT":"f.F80EBE20359F196FC2F6F7CC51ACB296.d.32F618EBACF114E730A227668889F84E.e.2369"}]}
RESULT: {"script":"<script> [8489 bytes]","args":[{"element-6066-11e4-a52e-4f735466cecf":"f.F80EBE20359F196FC2F6F7CC51ACB296.d.32F618EBACF114E730A227668889F84E.e.2369","ELEMENT":"f.F80EBE20359F196FC2F6F7CC51ACB296.d.32F618EBACF114E730A227668889F84E.e.2369"}]}
COMMAND: POST /session/121b5910f067d4d1941a4df48d2c59fa/execute/async - {"script":"<script> [1562 bytes]","args":[{"selector":{"id":"application-managesites-display-component---NewSite--addressNewCostObjectCstID-vhi"},"wdio_ui5_key":"applicationmanagesites-display-component---NewSite--addressNewCostObjectCstID-vhi"}]}
COMMAND: GET /session/121b5910f067d4d1941a4df48d2c59fa/screenshot - {}
RESULT: {"script":"<script> [1562 bytes]","args":[{"selector":{"id":"application-managesites-display-component---NewSite--addressNewCostObjectCstID-vhi"},"wdio_ui5_key":"applicationmanagesites-display-component---NewSite--addressNewCostObjectCstID-vhi"}]}
RESULT: undefined
COMMAND: POST /session/121b5910f067d4d1941a4df48d2c59fa/element - {"using":"xpath","value":"//*[@id=\"application-managesites-display-component---NewSite--addressNewCostObjectCstID-vhi\"]"}
RESULT: {}
RESULT: {"using":"xpath","value":"//*[@id=\"application-managesites-display-component---NewSite--addressNewCostObjectCstID-vhi\"]"}
COMMAND: POST /session/121b5910f067d4d1941a4df48d2c59fa/element/f.F80EBE20359F196FC2F6F7CC51ACB296.d.32F618EBACF114E730A227668889F84E.e.2369/click - {}
RESULT: {}
COMMAND: GET /session/121b5910f067d4d1941a4df48d2c59fa/screenshot - {}
RESULT: {}
RESULT: undefined
COMMAND: POST /session/121b5910f067d4d1941a4df48d2c59fa/execute/async - {"script":"<script> [776 bytes]","args":[{"enterText":"10001013","selector":{"controlType":"sap.m.SearchField","properties":{"placeholder":"Search"},"searchOpenDialogs":true,"interaction":{"idSuffix":"I"}},"clearTextFirst":true,"interactionType":"ENTER_TEXT"}]}
RESULT: {"script":"<script> [776 bytes]","args":[{"enterText":"10001013","selector":{"controlType":"sap.m.SearchField","properties":{"placeholder":"Search"},"searchOpenDialogs":true,"interaction":{"idSuffix":"I"}},"clearTextFirst":true,"interactionType":"ENTER_TEXT"}]}
COMMAND: POST /session/121b5910f067d4d1941a4df48d2c59fa/actions - {"actions":[{"id":"action3","type":"key","parameters":{},"actions":[{"type":"keyDown","value":"î€‡"},{"type":"pause","duration":10},{"type":"keyUp","value":"î€‡"}]}]}
RESULT: {"actions":[{"id":"action3","type":"key","parameters":{},"actions":[{"type":"keyDown","value":"î€‡"},{"type":"pause","duration":10},{"type":"keyUp","value":"î€‡"}]}]}
COMMAND: GET /session/121b5910f067d4d1941a4df48d2c59fa/screenshot - {}
RESULT: {}
COMMAND: POST /session/121b5910f067d4d1941a4df48d2c59fa/element - {"using":"xpath","value":"//span[contains(text(), \"General Management\")]"}
RESULT: {"using":"xpath","value":"//span[contains(text(), \"General Management\")]"}
COMMAND: POST /session/121b5910f067d4d1941a4df48d2c59fa/element/f.F80EBE20359F196FC2F6F7CC51ACB296.d.32F618EBACF114E730A227668889F84E.e.2408/click - {}
RESULT: {}
COMMAND: GET /session/121b5910f067d4d1941a4df48d2c59fa/screenshot - {}
RESULT: {}
COMMAND: POST /session/121b5910f067d4d1941a4df48d2c59fa/element - {"using":"xpath","value":"//bdi[contains(text(), \"OK\")]"}
RESULT: {"using":"xpath","value":"//bdi[contains(text(), \"OK\")]"}
COMMAND: POST /session/121b5910f067d4d1941a4df48d2c59fa/element/f.F80EBE20359F196FC2F6F7CC51ACB296.d.32F618EBACF114E730A227668889F84E.e.2409/click - {}
RESULT: {}
COMMAND: GET /session/121b5910f067d4d1941a4df48d2c59fa/screenshot - {}
RESULT: {}
COMMAND: POST /session/121b5910f067d4d1941a4df48d2c59fa/element - {"using":"xpath","value":"//input[@id=\"application-managesites-display-component---NewSite--addressDetailDetailsCalendar-inner\"]"}
RESULT: {"using":"xpath","value":"//input[@id=\"application-managesites-display-component---NewSite--addressDetailDetailsCalendar-inner\"]"}
COMMAND: POST /session/121b5910f067d4d1941a4df48d2c59fa/element/f.F80EBE20359F196FC2F6F7CC51ACB296.d.32F618EBACF114E730A227668889F84E.e.2158/clear - {}
RESULT: {}
COMMAND: POST /session/121b5910f067d4d1941a4df48d2c59fa/element/f.F80EBE20359F196FC2F6F7CC51ACB296.d.32F618EBACF114E730A227668889F84E.e.2158/value - {"text":"Unit"}
COMMAND: GET /session/121b5910f067d4d1941a4df48d2c59fa/screenshot - {}
RESULT: {"text":"Unit"}
COMMAND: GET /session/121b5910f067d4d1941a4df48d2c59fa/screenshot - {}
RESULT: {}
RESULT: {}
COMMAND: POST /session/121b5910f067d4d1941a4df48d2c59fa/actions - {"actions":[{"id":"action4","type":"key","parameters":{},"actions":[{"type":"keyDown","value":"î€‡"},{"type":"pause","duration":10},{"type":"keyUp","value":"î€‡"}]}]}
RESULT: {"actions":[{"id":"action4","type":"key","parameters":{},"actions":[{"type":"keyDown","value":"î€‡"},{"type":"pause","duration":10},{"type":"keyUp","value":"î€‡"}]}]}
COMMAND: POST /session/121b5910f067d4d1941a4df48d2c59fa/element - {"using":"xpath","value":"//input[@id=\"application-managesites-display-component---NewSite--addressDetailDetailsYard-inner\"]"}
COMMAND: GET /session/121b5910f067d4d1941a4df48d2c59fa/screenshot - {}
RESULT: {"using":"xpath","value":"//input[@id=\"application-managesites-display-component---NewSite--addressDetailDetailsYard-inner\"]"}
COMMAND: POST /session/121b5910f067d4d1941a4df48d2c59fa/element/f.F80EBE20359F196FC2F6F7CC51ACB296.d.32F618EBACF114E730A227668889F84E.e.2159/clear - {}
RESULT: {}
RESULT: {}
COMMAND: POST /session/121b5910f067d4d1941a4df48d2c59fa/element/f.F80EBE20359F196FC2F6F7CC51ACB296.d.32F618EBACF114E730A227668889F84E.e.2159/value - {"text":"427"}
COMMAND: GET /session/121b5910f067d4d1941a4df48d2c59fa/screenshot - {}
RESULT: {"text":"427"}
COMMAND: GET /session/121b5910f067d4d1941a4df48d2c59fa/screenshot - {}
RESULT: {}
RESULT: {}
COMMAND: POST /session/121b5910f067d4d1941a4df48d2c59fa/element - {"using":"xpath","value":"//li[.//span[text()='427']]"}
RESULT: {"using":"xpath","value":"//li[.//span[text()='427']]"}
COMMAND: POST /session/121b5910f067d4d1941a4df48d2c59fa/element/f.F80EBE20359F196FC2F6F7CC51ACB296.d.32F618EBACF114E730A227668889F84E.e.2417/click - {}
RESULT: {}
COMMAND: GET /session/121b5910f067d4d1941a4df48d2c59fa/screenshot - {}
RESULT: {}
COMMAND: POST /session/121b5910f067d4d1941a4df48d2c59fa/element - {"using":"xpath","value":"//input[@id=\"application-managesites-display-component---NewSite--addressDetailDetailsPartner-inner\"]"}
RESULT: {"using":"xpath","value":"//input[@id=\"application-managesites-display-component---NewSite--addressDetailDetailsPartner-inner\"]"}
COMMAND: POST /session/121b5910f067d4d1941a4df48d2c59fa/element - {"using":"xpath","value":"//input[@id=\"application-managesites-display-component---NewSite--addressDetailDetailsPartner-inner\"]"}
RESULT: {"using":"xpath","value":"//input[@id=\"application-managesites-display-component---NewSite--addressDetailDetailsPartner-inner\"]"}
COMMAND: POST /session/121b5910f067d4d1941a4df48d2c59fa/execute/async - {"script":"<script> [1562 bytes]","args":[{"selector":{"id":"application-managesites-display-component---NewSite--siteWhmCheckBox-label","interaction":{"idSuffix":"bdi"}},"wdio_ui5_key":"applicationmanagesites-display-component---NewSite--siteWhmCheckBox-label"}]}
RESULT: {"script":"<script> [1562 bytes]","args":[{"selector":{"id":"application-managesites-display-component---NewSite--siteWhmCheckBox-label","interaction":{"idSuffix":"bdi"}},"wdio_ui5_key":"applicationmanagesites-display-component---NewSite--siteWhmCheckBox-label"}]}
RESULT: undefined
COMMAND: POST /session/121b5910f067d4d1941a4df48d2c59fa/element - {"using":"xpath","value":"//*[@id=\"application-managesites-display-component---NewSite--siteWhmCheckBox-label\"]"}
RESULT: {"using":"xpath","value":"//*[@id=\"application-managesites-display-component---NewSite--siteWhmCheckBox-label\"]"}
COMMAND: POST /session/121b5910f067d4d1941a4df48d2c59fa/element/f.F80EBE20359F196FC2F6F7CC51ACB296.d.32F618EBACF114E730A227668889F84E.e.2419/click - {}
RESULT: {}
COMMAND: GET /session/121b5910f067d4d1941a4df48d2c59fa/screenshot - {}
RESULT: {}
COMMAND: POST /session/121b5910f067d4d1941a4df48d2c59fa/element - {"using":"xpath","value":"//button[@data-kt=\"saveButton\"]"}
RESULT: {"using":"xpath","value":"//button[@data-kt=\"saveButton\"]"}
COMMAND: POST /session/121b5910f067d4d1941a4df48d2c59fa/element/f.F80EBE20359F196FC2F6F7CC51ACB296.d.32F618EBACF114E730A227668889F84E.e.2306/click - {}
RESULT: {}
COMMAND: GET /session/121b5910f067d4d1941a4df48d2c59fa/screenshot - {}
RESULT: {}
COMMAND: POST /session/121b5910f067d4d1941a4df48d2c59fa/element - {"using":"xpath","value":"//header[contains(@id, 'ObjectPageLayout-headerTitle')]/div[1]/div[2]/div[2]/span[1]"}
RESULT: {"using":"xpath","value":"//header[contains(@id, 'ObjectPageLayout-headerTitle')]/div[1]/div[2]/div[2]/span[1]"}
COMMAND: POST /session/121b5910f067d4d1941a4df48d2c59fa/elements - {"using":"xpath","value":"//header[contains(@id, 'ObjectPageLayout-headerTitle')]/div[1]/div[2]/div[2]/span[1]"}
RESULT: {"using":"xpath","value":"//header[contains(@id, 'ObjectPageLayout-headerTitle')]/div[1]/div[2]/div[2]/span[1]"}
COMMAND: POST /session/121b5910f067d4d1941a4df48d2c59fa/execute/sync - {"script":"<script> [56 bytes]","args":[{"element-6066-11e4-a52e-4f735466cecf":"f.F80EBE20359F196FC2F6F7CC51ACB296.d.32F618EBACF114E730A227668889F84E.e.2623","ELEMENT":"f.F80EBE20359F196FC2F6F7CC51ACB296.d.32F618EBACF114E730A227668889F84E.e.2623"}]}
RESULT: {"script":"<script> [56 bytes]","args":[{"element-6066-11e4-a52e-4f735466cecf":"f.F80EBE20359F196FC2F6F7CC51ACB296.d.32F618EBACF114E730A227668889F84E.e.2623","ELEMENT":"f.F80EBE20359F196FC2F6F7CC51ACB296.d.32F618EBACF114E730A227668889F84E.e.2623"}]}
COMMAND: POST /session/121b5910f067d4d1941a4df48d2c59fa/element - {"using":"css selector","value":"#shell-header-logo"}
COMMAND: GET /session/121b5910f067d4d1941a4df48d2c59fa/screenshot - {}
RESULT: {"using":"css selector","value":"#shell-header-logo"}
COMMAND: POST /session/121b5910f067d4d1941a4df48d2c59fa/element/f.F80EBE20359F196FC2F6F7CC51ACB296.d.32F618EBACF114E730A227668889F84E.e.1682/click - {}
RESULT: {}
RESULT: {}
COMMAND: GET /session/121b5910f067d4d1941a4df48d2c59fa/screenshot - {}
RESULT: {}
COMMAND: POST /session/121b5910f067d4d1941a4df48d2c59fa/execute/sync - {"script":"<script> [299 bytes]","args":[["getModel","getResource"]]}
RESULT: {"script":"<script> [299 bytes]","args":[["getModel","getResource"]]}
COMMAND: POST /session/121b5910f067d4d1941a4df48d2c59fa/actions - {"actions":[{"id":"action5","type":"key","parameters":{},"actions":[{"type":"keyDown","value":"î€‡"},{"type":"pause","duration":10},{"type":"keyUp","value":"î€‡"}]}]}
COMMAND: GET /session/121b5910f067d4d1941a4df48d2c59fa/screenshot - {}
RESULT: {"actions":[{"id":"action5","type":"key","parameters":{},"actions":[{"type":"keyDown","value":"î€‡"},{"type":"pause","duration":10},{"type":"keyUp","value":"î€‡"}]}]}
COMMAND: GET /session/121b5910f067d4d1941a4df48d2c59fa/screenshot - {}
RESULT: {}
RESULT: {}
COMMAND: POST /session/121b5910f067d4d1941a4df48d2c59fa/refresh - {}
RESULT: {}
COMMAND: GET /session/121b5910f067d4d1941a4df48d2c59fa/screenshot - {}
RESULT: {}
COMMAND: POST /session/121b5910f067d4d1941a4df48d2c59fa/refresh - {}
RESULT: {}
COMMAND: GET /session/121b5910f067d4d1941a4df48d2c59fa/screenshot - {}
RESULT: {}
COMMAND: POST /session/121b5910f067d4d1941a4df48d2c59fa/window/fullscreen - {}
RESULT: {}
COMMAND: POST /session/121b5910f067d4d1941a4df48d2c59fa/execute/async - {"script":"<script> [189 bytes]","args":[]}
RESULT: {"script":"<script> [189 bytes]","args":[]}
COMMAND: POST /session/121b5910f067d4d1941a4df48d2c59fa/execute/async - {"script":"<script> [123 bytes]","args":[]}
RESULT: {"script":"<script> [123 bytes]","args":[]}
COMMAND: POST /session/121b5910f067d4d1941a4df48d2c59fa/timeouts - {"script":"<number>"}
RESULT: {"script":"<number>"}
COMMAND: GET /session/121b5910f067d4d1941a4df48d2c59fa/timeouts - {}
RESULT: {}
RESULT: undefined
COMMAND: POST /session/121b5910f067d4d1941a4df48d2c59fa/execute/async - {"script":"<script> [2676 bytes]","args":[]}
RESULT: {"script":"<script> [2676 bytes]","args":[]}
COMMAND: POST /session/121b5910f067d4d1941a4df48d2c59fa/execute/async - {"script":"<script> [2342 bytes]","args":[{"protocol":"http","hostname":"0.0.0.0","path":"/","capabilities":{"browserName":"chrome","goog:chromeOptions":{"binary":"C:\\Program Files\\Google\\Chrome\\Application\\chrome.exe","args":["--start-maximized"]}},"logLevel":"warn","connectionRetryTimeout":120000,"connectionRetryCount":3,"logLevels":{},"enableDirectConnect":true,"strictSSL":true,"_":"65 more keys: [\"cacheDir\",\"port\",\"requestedCapabilities\",\"automationProtocol\",\"baseUrl\",\"waitforInterval\",\"waitforTimeout\",\"onReload\",\"beforeCommand\",\"afterCommand\",\"rootDir\",\"specs\",\"suites\",\"exclude\",\"groupLogsByTestSpec\",\"excludeDriverLogs\",\"bail\",\"framework\",\"reporters\",\"services\",\"maxInstances\",\"maxInstancesPerCapability\",\"injectGlobals\",\"filesToWatch\",\"execArgv\",\"runnerEnv\",\"runner\",\"shard\",\"specFileRetries\",\"specFileRetriesDelay\",\"specFileRetriesDeferred\",\"reporterSyncInterval\",\"reporterSyncTimeout\",\"cucumberFeaturesWithLineNumbers\",\"autoCompileOpts\",\"mochaOpts\",\"jasmineOpts\",\"cucumberOpts\",\"onPrepare\",\"onWorkerStart\",\"onWorkerEnd\",\"before\",\"beforeSession\",\"beforeSuite\",\"beforeHook\",\"beforeTest\",\"afterTest\",\"afterHook\",\"afterSuite\",\"afterSession\",\"after\",\"onComplete\",\"beforeAssertion\",\"afterAssertion\",\"beforeFeature\",\"beforeScenario\",\"beforeStep\",\"afterStep\",\"afterScenario\",\"afterFeature\",\"_\",\"suite\",\"$0\",\"ignoredWorkerServices\",\"wdi5\"]"}]}
RESULT: {"script":"<script> [2342 bytes]","args":[{"protocol":"http","hostname":"0.0.0.0","path":"/","capabilities":{"browserName":"chrome","goog:chromeOptions":{"binary":"C:\\Program Files\\Google\\Chrome\\Application\\chrome.exe","args":["--start-maximized"]}},"logLevel":"warn","connectionRetryTimeout":120000,"connectionRetryCount":3,"logLevels":{},"enableDirectConnect":true,"strictSSL":true,"_":"65 more keys: [\"cacheDir\",\"port\",\"requestedCapabilities\",\"automationProtocol\",\"baseUrl\",\"waitforInterval\",\"waitforTimeout\",\"onReload\",\"beforeCommand\",\"afterCommand\",\"rootDir\",\"specs\",\"suites\",\"exclude\",\"groupLogsByTestSpec\",\"excludeDriverLogs\",\"bail\",\"framework\",\"reporters\",\"services\",\"maxInstances\",\"maxInstancesPerCapability\",\"injectGlobals\",\"filesToWatch\",\"execArgv\",\"runnerEnv\",\"runner\",\"shard\",\"specFileRetries\",\"specFileRetriesDelay\",\"specFileRetriesDeferred\",\"reporterSyncInterval\",\"reporterSyncTimeout\",\"cucumberFeaturesWithLineNumbers\",\"autoCompileOpts\",\"mochaOpts\",\"jasmineOpts\",\"cucumberOpts\",\"onPrepare\",\"onWorkerStart\",\"onWorkerEnd\",\"before\",\"beforeSession\",\"beforeSuite\",\"beforeHook\",\"beforeTest\",\"afterTest\",\"afterHook\",\"afterSuite\",\"afterSession\",\"after\",\"onComplete\",\"beforeAssertion\",\"afterAssertion\",\"beforeFeature\",\"beforeScenario\",\"beforeStep\",\"afterStep\",\"afterScenario\",\"afterFeature\",\"_\",\"suite\",\"$0\",\"ignoredWorkerServices\",\"wdi5\"]"}]}
COMMAND: POST /session/121b5910f067d4d1941a4df48d2c59fa/execute/async - {"script":"<script> [21126 bytes]","args":[35000]}
RESULT: {"script":"<script> [21126 bytes]","args":[35000]}
COMMAND: POST /session/121b5910f067d4d1941a4df48d2c59fa/window/fullscreen - {}
RESULT: {}
]]></system-out>
    </testcase>
    <testcase classname="chrome.136_0_7103_93.windows.Stock_increase_-_with_WHM_US125587" name="Should create a new material" time="129.5">
      <system-out><![CDATA[
COMMAND: POST /session/121b5910f067d4d1941a4df48d2c59fa/execute/async - {"script":"<script> [1562 bytes]","args":[{"selector":{"controlType":"sap.m.GenericTile","properties":{"header":"Manage Resources"}},"wdio_ui5_key":"sapm.GenericTile{\"header\":\"Manage Resources\"}"}]}
RESULT: {"script":"<script> [1562 bytes]","args":[{"selector":{"controlType":"sap.m.GenericTile","properties":{"header":"Manage Resources"}},"wdio_ui5_key":"sapm.GenericTile{\"header\":\"Manage Resources\"}"}]}
RESULT: undefined
COMMAND: POST /session/121b5910f067d4d1941a4df48d2c59fa/element - {"using":"xpath","value":"//*[@id=\"__tile31\"]"}
RESULT: {"using":"xpath","value":"//*[@id=\"__tile31\"]"}
COMMAND: POST /session/121b5910f067d4d1941a4df48d2c59fa/element/f.F80EBE20359F196FC2F6F7CC51ACB296.d.E9E2517D497F1DEAD3D48A40FACFBE86.e.2695/click - {}
RESULT: {}
COMMAND: GET /session/121b5910f067d4d1941a4df48d2c59fa/screenshot - {}
RESULT: {}
COMMAND: POST /session/121b5910f067d4d1941a4df48d2c59fa/elements - {"using":"xpath","value":"//span[text()='Error']"}
RESULT: {"using":"xpath","value":"//span[text()='Error']"}
COMMAND: POST /session/121b5910f067d4d1941a4df48d2c59fa/element - {"using":"xpath","value":"//button[@data-kt=\"addNewRUOverflowToolbarButton\"]"}
RESULT: {"using":"xpath","value":"//button[@data-kt=\"addNewRUOverflowToolbarButton\"]"}
COMMAND: POST /session/121b5910f067d4d1941a4df48d2c59fa/elements - {"using":"xpath","value":"//button[@data-kt=\"addNewRUOverflowToolbarButton\"]"}
RESULT: {"using":"xpath","value":"//button[@data-kt=\"addNewRUOverflowToolbarButton\"]"}
COMMAND: POST /session/121b5910f067d4d1941a4df48d2c59fa/elements - {"using":"xpath","value":"//button[@data-kt=\"addNewRUOverflowToolbarButton\"]"}
RESULT: {"using":"xpath","value":"//button[@data-kt=\"addNewRUOverflowToolbarButton\"]"}
COMMAND: POST /session/121b5910f067d4d1941a4df48d2c59fa/elements - {"using":"xpath","value":"//button[@data-kt=\"addNewRUOverflowToolbarButton\"]"}
RESULT: {"using":"xpath","value":"//button[@data-kt=\"addNewRUOverflowToolbarButton\"]"}
COMMAND: POST /session/121b5910f067d4d1941a4df48d2c59fa/elements - {"using":"xpath","value":"//button[@data-kt=\"addNewRUOverflowToolbarButton\"]"}
RESULT: {"using":"xpath","value":"//button[@data-kt=\"addNewRUOverflowToolbarButton\"]"}
COMMAND: POST /session/121b5910f067d4d1941a4df48d2c59fa/elements - {"using":"xpath","value":"//button[@data-kt=\"addNewRUOverflowToolbarButton\"]"}
RESULT: {"using":"xpath","value":"//button[@data-kt=\"addNewRUOverflowToolbarButton\"]"}
COMMAND: POST /session/121b5910f067d4d1941a4df48d2c59fa/elements - {"using":"xpath","value":"//button[@data-kt=\"addNewRUOverflowToolbarButton\"]"}
RESULT: {"using":"xpath","value":"//button[@data-kt=\"addNewRUOverflowToolbarButton\"]"}
COMMAND: POST /session/121b5910f067d4d1941a4df48d2c59fa/elements - {"using":"xpath","value":"//button[@data-kt=\"addNewRUOverflowToolbarButton\"]"}
RESULT: {"using":"xpath","value":"//button[@data-kt=\"addNewRUOverflowToolbarButton\"]"}
COMMAND: POST /session/121b5910f067d4d1941a4df48d2c59fa/elements - {"using":"xpath","value":"//button[@data-kt=\"addNewRUOverflowToolbarButton\"]"}
RESULT: {"using":"xpath","value":"//button[@data-kt=\"addNewRUOverflowToolbarButton\"]"}
COMMAND: POST /session/121b5910f067d4d1941a4df48d2c59fa/elements - {"using":"xpath","value":"//button[@data-kt=\"addNewRUOverflowToolbarButton\"]"}
RESULT: {"using":"xpath","value":"//button[@data-kt=\"addNewRUOverflowToolbarButton\"]"}
COMMAND: POST /session/121b5910f067d4d1941a4df48d2c59fa/elements - {"using":"xpath","value":"//button[@data-kt=\"addNewRUOverflowToolbarButton\"]"}
RESULT: {"using":"xpath","value":"//button[@data-kt=\"addNewRUOverflowToolbarButton\"]"}
COMMAND: POST /session/121b5910f067d4d1941a4df48d2c59fa/element - {"using":"xpath","value":"//button[@data-kt=\"addNewRUOverflowToolbarButton\"]"}
RESULT: {"using":"xpath","value":"//button[@data-kt=\"addNewRUOverflowToolbarButton\"]"}
COMMAND: POST /session/121b5910f067d4d1941a4df48d2c59fa/execute/sync - {"script":"<script> [8489 bytes]","args":[{"element-6066-11e4-a52e-4f735466cecf":"f.F80EBE20359F196FC2F6F7CC51ACB296.d.E9E2517D497F1DEAD3D48A40FACFBE86.e.2804","ELEMENT":"f.F80EBE20359F196FC2F6F7CC51ACB296.d.E9E2517D497F1DEAD3D48A40FACFBE86.e.2804"}]}
RESULT: {"script":"<script> [8489 bytes]","args":[{"element-6066-11e4-a52e-4f735466cecf":"f.F80EBE20359F196FC2F6F7CC51ACB296.d.E9E2517D497F1DEAD3D48A40FACFBE86.e.2804","ELEMENT":"f.F80EBE20359F196FC2F6F7CC51ACB296.d.E9E2517D497F1DEAD3D48A40FACFBE86.e.2804"}]}
COMMAND: GET /session/121b5910f067d4d1941a4df48d2c59fa/element/f.F80EBE20359F196FC2F6F7CC51ACB296.d.E9E2517D497F1DEAD3D48A40FACFBE86.e.2804/enabled - {}
COMMAND: GET /session/121b5910f067d4d1941a4df48d2c59fa/screenshot - {}
RESULT: {}
COMMAND: POST /session/121b5910f067d4d1941a4df48d2c59fa/execute/sync - {"script":"<script> [8489 bytes]","args":[{"element-6066-11e4-a52e-4f735466cecf":"f.F80EBE20359F196FC2F6F7CC51ACB296.d.E9E2517D497F1DEAD3D48A40FACFBE86.e.2804","ELEMENT":"f.F80EBE20359F196FC2F6F7CC51ACB296.d.E9E2517D497F1DEAD3D48A40FACFBE86.e.2804"}]}
COMMAND: GET /session/121b5910f067d4d1941a4df48d2c59fa/screenshot - {}
RESULT: {}
RESULT: {"script":"<script> [8489 bytes]","args":[{"element-6066-11e4-a52e-4f735466cecf":"f.F80EBE20359F196FC2F6F7CC51ACB296.d.E9E2517D497F1DEAD3D48A40FACFBE86.e.2804","ELEMENT":"f.F80EBE20359F196FC2F6F7CC51ACB296.d.E9E2517D497F1DEAD3D48A40FACFBE86.e.2804"}]}
COMMAND: POST /session/121b5910f067d4d1941a4df48d2c59fa/execute/sync - {"script":"<script> [5351 bytes]","args":[{"element-6066-11e4-a52e-4f735466cecf":"f.F80EBE20359F196FC2F6F7CC51ACB296.d.E9E2517D497F1DEAD3D48A40FACFBE86.e.2804","ELEMENT":"f.F80EBE20359F196FC2F6F7CC51ACB296.d.E9E2517D497F1DEAD3D48A40FACFBE86.e.2804"}]}
COMMAND: GET /session/121b5910f067d4d1941a4df48d2c59fa/screenshot - {}
RESULT: {}
RESULT: {"script":"<script> [5351 bytes]","args":[{"element-6066-11e4-a52e-4f735466cecf":"f.F80EBE20359F196FC2F6F7CC51ACB296.d.E9E2517D497F1DEAD3D48A40FACFBE86.e.2804","ELEMENT":"f.F80EBE20359F196FC2F6F7CC51ACB296.d.E9E2517D497F1DEAD3D48A40FACFBE86.e.2804"}]}
COMMAND: POST /session/121b5910f067d4d1941a4df48d2c59fa/element/f.F80EBE20359F196FC2F6F7CC51ACB296.d.E9E2517D497F1DEAD3D48A40FACFBE86.e.2804/click - {}
COMMAND: GET /session/121b5910f067d4d1941a4df48d2c59fa/screenshot - {}
RESULT: {}
RESULT: {}
COMMAND: GET /session/121b5910f067d4d1941a4df48d2c59fa/screenshot - {}
RESULT: {}
COMMAND: POST /session/121b5910f067d4d1941a4df48d2c59fa/execute/async - {"script":"<script> [1562 bytes]","args":[{"selector":{"id":"application-manageresources-display-component---newResourceUnit--TYPE-arrow"},"wdio_ui5_key":"applicationmanageresources-display-component---newResourceUnit--TYPE-arrow"}]}
RESULT: {}
RESULT: {"script":"<script> [1562 bytes]","args":[{"selector":{"id":"application-manageresources-display-component---newResourceUnit--TYPE-arrow"},"wdio_ui5_key":"applicationmanageresources-display-component---newResourceUnit--TYPE-arrow"}]}
RESULT: undefined
COMMAND: POST /session/121b5910f067d4d1941a4df48d2c59fa/element - {"using":"xpath","value":"//*[@id=\"application-manageresources-display-component---newResourceUnit--TYPE-arrow\"]"}
RESULT: {"using":"xpath","value":"//*[@id=\"application-manageresources-display-component---newResourceUnit--TYPE-arrow\"]"}
COMMAND: POST /session/121b5910f067d4d1941a4df48d2c59fa/element/f.F80EBE20359F196FC2F6F7CC51ACB296.d.E9E2517D497F1DEAD3D48A40FACFBE86.e.3161/click - {}
RESULT: {}
COMMAND: POST /session/121b5910f067d4d1941a4df48d2c59fa/element - {"using":"xpath","value":"//input[@id=\"application-manageresources-display-component---newResourceUnit--TYPE-inner\"]"}
COMMAND: GET /session/121b5910f067d4d1941a4df48d2c59fa/screenshot - {}
RESULT: {"using":"xpath","value":"//input[@id=\"application-manageresources-display-component---newResourceUnit--TYPE-inner\"]"}
COMMAND: POST /session/121b5910f067d4d1941a4df48d2c59fa/element/f.F80EBE20359F196FC2F6F7CC51ACB296.d.E9E2517D497F1DEAD3D48A40FACFBE86.e.3154/clear - {}
RESULT: {}
RESULT: {}
COMMAND: POST /session/121b5910f067d4d1941a4df48d2c59fa/element/f.F80EBE20359F196FC2F6F7CC51ACB296.d.E9E2517D497F1DEAD3D48A40FACFBE86.e.3154/value - {"text":"Material"}
COMMAND: GET /session/121b5910f067d4d1941a4df48d2c59fa/screenshot - {}
RESULT: {"text":"Material"}
COMMAND: GET /session/121b5910f067d4d1941a4df48d2c59fa/screenshot - {}
RESULT: {}
RESULT: {}
COMMAND: POST /session/121b5910f067d4d1941a4df48d2c59fa/actions - {"actions":[{"id":"action6","type":"key","parameters":{},"actions":[{"type":"keyDown","value":"î€‡"},{"type":"pause","duration":10},{"type":"keyUp","value":"î€‡"}]}]}
RESULT: {"actions":[{"id":"action6","type":"key","parameters":{},"actions":[{"type":"keyDown","value":"î€‡"},{"type":"pause","duration":10},{"type":"keyUp","value":"î€‡"}]}]}
COMMAND: POST /session/121b5910f067d4d1941a4df48d2c59fa/execute/async - {"script":"<script> [1562 bytes]","args":[{"selector":{"id":"application-manageresources-display-component---newResourceUnit--SHORT_TEXT","interaction":{"idSuffix":"inner"}},"wdio_ui5_key":"applicationmanageresources-display-component---newResourceUnit--SHORT_TEXT"}]}
COMMAND: GET /session/121b5910f067d4d1941a4df48d2c59fa/screenshot - {}
RESULT: {"script":"<script> [1562 bytes]","args":[{"selector":{"id":"application-manageresources-display-component---newResourceUnit--SHORT_TEXT","interaction":{"idSuffix":"inner"}},"wdio_ui5_key":"applicationmanageresources-display-component---newResourceUnit--SHORT_TEXT"}]}
RESULT: undefined
COMMAND: POST /session/121b5910f067d4d1941a4df48d2c59fa/execute/async - {"script":"<script> [776 bytes]","args":[{"enterText":"Cement WDIO","selector":{"id":"application-manageresources-display-component---newResourceUnit--SHORT_TEXT","interaction":{"idSuffix":"inner"}},"clearTextFirst":true,"interactionType":"ENTER_TEXT"}]}
RESULT: {}
RESULT: {"script":"<script> [776 bytes]","args":[{"enterText":"Cement WDIO","selector":{"id":"application-manageresources-display-component---newResourceUnit--SHORT_TEXT","interaction":{"idSuffix":"inner"}},"clearTextFirst":true,"interactionType":"ENTER_TEXT"}]}
COMMAND: POST /session/121b5910f067d4d1941a4df48d2c59fa/execute/async - {"script":"<script> [1562 bytes]","args":[{"selector":{"id":"application-manageresources-display-component---newResourceUnit--BASE_UNIT_OF_MEASURE","interaction":{"idSuffix":"inner"}},"wdio_ui5_key":"applicationmanageresources-display-component---newResourceUnit--BASE_UNIT_OF_MEASURE"}]}
RESULT: {"script":"<script> [1562 bytes]","args":[{"selector":{"id":"application-manageresources-display-component---newResourceUnit--BASE_UNIT_OF_MEASURE","interaction":{"idSuffix":"inner"}},"wdio_ui5_key":"applicationmanageresources-display-component---newResourceUnit--BASE_UNIT_OF_MEASURE"}]}
RESULT: undefined
COMMAND: POST /session/121b5910f067d4d1941a4df48d2c59fa/execute/async - {"script":"<script> [776 bytes]","args":[{"enterText":"Piece","selector":{"id":"application-manageresources-display-component---newResourceUnit--BASE_UNIT_OF_MEASURE","interaction":{"idSuffix":"inner"}},"clearTextFirst":true,"interactionType":"ENTER_TEXT"}]}
RESULT: {"script":"<script> [776 bytes]","args":[{"enterText":"Piece","selector":{"id":"application-manageresources-display-component---newResourceUnit--BASE_UNIT_OF_MEASURE","interaction":{"idSuffix":"inner"}},"clearTextFirst":true,"interactionType":"ENTER_TEXT"}]}
COMMAND: POST /session/121b5910f067d4d1941a4df48d2c59fa/execute/async - {"script":"<script> [1562 bytes]","args":[{"selector":{"id":"application-manageresources-display-component---newResourceUnit--WEIGHT_UNIT","interaction":{"idSuffix":"inner"}},"wdio_ui5_key":"applicationmanageresources-display-component---newResourceUnit--WEIGHT_UNIT"}]}
RESULT: {"script":"<script> [1562 bytes]","args":[{"selector":{"id":"application-manageresources-display-component---newResourceUnit--WEIGHT_UNIT","interaction":{"idSuffix":"inner"}},"wdio_ui5_key":"applicationmanageresources-display-component---newResourceUnit--WEIGHT_UNIT"}]}
RESULT: undefined
COMMAND: POST /session/121b5910f067d4d1941a4df48d2c59fa/execute/async - {"script":"<script> [776 bytes]","args":[{"enterText":"Gram","selector":{"id":"application-manageresources-display-component---newResourceUnit--WEIGHT_UNIT","interaction":{"idSuffix":"inner"}},"clearTextFirst":true,"interactionType":"ENTER_TEXT"}]}
RESULT: {"script":"<script> [776 bytes]","args":[{"enterText":"Gram","selector":{"id":"application-manageresources-display-component---newResourceUnit--WEIGHT_UNIT","interaction":{"idSuffix":"inner"}},"clearTextFirst":true,"interactionType":"ENTER_TEXT"}]}
COMMAND: POST /session/121b5910f067d4d1941a4df48d2c59fa/execute/async - {"script":"<script> [1562 bytes]","args":[{"selector":{"id":"application-manageresources-display-component---newResourceUnit--DIMENSION_UNIT","interaction":{"idSuffix":"inner"}},"wdio_ui5_key":"applicationmanageresources-display-component---newResourceUnit--DIMENSION_UNIT"}]}
RESULT: {"script":"<script> [1562 bytes]","args":[{"selector":{"id":"application-manageresources-display-component---newResourceUnit--DIMENSION_UNIT","interaction":{"idSuffix":"inner"}},"wdio_ui5_key":"applicationmanageresources-display-component---newResourceUnit--DIMENSION_UNIT"}]}
RESULT: undefined
COMMAND: POST /session/121b5910f067d4d1941a4df48d2c59fa/execute/async - {"script":"<script> [776 bytes]","args":[{"enterText":"Meter","selector":{"id":"application-manageresources-display-component---newResourceUnit--DIMENSION_UNIT","interaction":{"idSuffix":"inner"}},"clearTextFirst":true,"interactionType":"ENTER_TEXT"}]}
RESULT: {"script":"<script> [776 bytes]","args":[{"enterText":"Meter","selector":{"id":"application-manageresources-display-component---newResourceUnit--DIMENSION_UNIT","interaction":{"idSuffix":"inner"}},"clearTextFirst":true,"interactionType":"ENTER_TEXT"}]}
COMMAND: POST /session/121b5910f067d4d1941a4df48d2c59fa/execute/async - {"script":"<script> [1562 bytes]","args":[{"selector":{"id":"application-manageresources-display-component---newResourceUnit--newRRUPage-anchBar-application-manageresources-display-component---newResourceUnit--control-anchor","interaction":{"idSuffix":"BDI-content"}},"wdio_ui5_key":"applicationmanageresources-display-component---newResourceUnit--newRRUPage-anchBar-application-manageresources-display-component---newResourceUnit--control-anchor"}]}
RESULT: {"script":"<script> [1562 bytes]","args":[{"selector":{"id":"application-manageresources-display-component---newResourceUnit--newRRUPage-anchBar-application-manageresources-display-component---newResourceUnit--control-anchor","interaction":{"idSuffix":"BDI-content"}},"wdio_ui5_key":"applicationmanageresources-display-component---newResourceUnit--newRRUPage-anchBar-application-manageresources-display-component---newResourceUnit--control-anchor"}]}
RESULT: undefined
COMMAND: POST /session/121b5910f067d4d1941a4df48d2c59fa/element - {"using":"xpath","value":"//*[@id=\"application-manageresources-display-component---newResourceUnit--newRRUPage-anchBar-application-manageresources-display-component---newResourceUnit--control-anchor\"]"}
RESULT: {"using":"xpath","value":"//*[@id=\"application-manageresources-display-component---newResourceUnit--newRRUPage-anchBar-application-manageresources-display-component---newResourceUnit--control-anchor\"]"}
COMMAND: POST /session/121b5910f067d4d1941a4df48d2c59fa/element/f.F80EBE20359F196FC2F6F7CC51ACB296.d.E9E2517D497F1DEAD3D48A40FACFBE86.e.3228/click - {}
RESULT: {}
COMMAND: POST /session/121b5910f067d4d1941a4df48d2c59fa/execute/async - {"script":"<script> [1562 bytes]","args":[{"selector":{"id":"application-manageresources-display-component---newResourceUnit--PLANNING_GROUP","interaction":{"idSuffix":"inner"}},"wdio_ui5_key":"applicationmanageresources-display-component---newResourceUnit--PLANNING_GROUP"}]}
COMMAND: GET /session/121b5910f067d4d1941a4df48d2c59fa/screenshot - {}
RESULT: {"script":"<script> [1562 bytes]","args":[{"selector":{"id":"application-manageresources-display-component---newResourceUnit--PLANNING_GROUP","interaction":{"idSuffix":"inner"}},"wdio_ui5_key":"applicationmanageresources-display-component---newResourceUnit--PLANNING_GROUP"}]}
RESULT: undefined
COMMAND: POST /session/121b5910f067d4d1941a4df48d2c59fa/execute/async - {"script":"<script> [776 bytes]","args":[{"enterText":"Material","selector":{"id":"application-manageresources-display-component---newResourceUnit--PLANNING_GROUP","interaction":{"idSuffix":"inner"}},"clearTextFirst":true,"interactionType":"ENTER_TEXT"}]}
RESULT: {}
RESULT: {"script":"<script> [776 bytes]","args":[{"enterText":"Material","selector":{"id":"application-manageresources-display-component---newResourceUnit--PLANNING_GROUP","interaction":{"idSuffix":"inner"}},"clearTextFirst":true,"interactionType":"ENTER_TEXT"}]}
COMMAND: POST /session/121b5910f067d4d1941a4df48d2c59fa/execute/async - {"script":"<script> [1562 bytes]","args":[{"selector":{"id":"application-manageresources-display-component---newResourceUnit--PLANNING_INDICATOR","interaction":{"idSuffix":"inner"}},"wdio_ui5_key":"applicationmanageresources-display-component---newResourceUnit--PLANNING_INDICATOR"}]}
RESULT: {"script":"<script> [1562 bytes]","args":[{"selector":{"id":"application-manageresources-display-component---newResourceUnit--PLANNING_INDICATOR","interaction":{"idSuffix":"inner"}},"wdio_ui5_key":"applicationmanageresources-display-component---newResourceUnit--PLANNING_INDICATOR"}]}
RESULT: undefined
COMMAND: POST /session/121b5910f067d4d1941a4df48d2c59fa/execute/async - {"script":"<script> [776 bytes]","args":[{"enterText":"10 - infinite","selector":{"id":"application-manageresources-display-component---newResourceUnit--PLANNING_INDICATOR","interaction":{"idSuffix":"inner"}},"clearTextFirst":true,"interactionType":"ENTER_TEXT"}]}
RESULT: {"script":"<script> [776 bytes]","args":[{"enterText":"10 - infinite","selector":{"id":"application-manageresources-display-component---newResourceUnit--PLANNING_INDICATOR","interaction":{"idSuffix":"inner"}},"clearTextFirst":true,"interactionType":"ENTER_TEXT"}]}
COMMAND: POST /session/121b5910f067d4d1941a4df48d2c59fa/element - {"using":"css selector","value":"#application-manageresources-display-component---newResourceUnit--btnAddTimeSegment"}
RESULT: {"using":"css selector","value":"#application-manageresources-display-component---newResourceUnit--btnAddTimeSegment"}
COMMAND: GET /session/121b5910f067d4d1941a4df48d2c59fa/element/f.F80EBE20359F196FC2F6F7CC51ACB296.d.E9E2517D497F1DEAD3D48A40FACFBE86.e.3238/rect - {}
RESULT: {}
COMMAND: GET /session/121b5910f067d4d1941a4df48d2c59fa/window/rect - {}
RESULT: {}
COMMAND: POST /session/121b5910f067d4d1941a4df48d2c59fa/execute/sync - {"script":"<script> [92 bytes]","args":[]}
RESULT: {"script":"<script> [92 bytes]","args":[]}
COMMAND: POST /session/121b5910f067d4d1941a4df48d2c59fa/actions - {"actions":[{"id":"action7","type":"wheel","parameters":{},"actions":[{"type":"scroll","x":-1888,"y":-32,"deltaX":0,"deltaY":0,"duration":0,"origin":{"element-6066-11e4-a52e-4f735466cecf":"f.F80EBE20359F196FC2F6F7CC51ACB296.d.E9E2517D497F1DEAD3D48A40FACFBE86.e.3238"}}]}]}
COMMAND: GET /session/121b5910f067d4d1941a4df48d2c59fa/screenshot - {}
RESULT: {}
COMMAND: POST /session/121b5910f067d4d1941a4df48d2c59fa/execute/sync - {"script":"<script> [79 bytes]","args":[{"element-6066-11e4-a52e-4f735466cecf":"f.F80EBE20359F196FC2F6F7CC51ACB296.d.E9E2517D497F1DEAD3D48A40FACFBE86.e.3238","ELEMENT":"f.F80EBE20359F196FC2F6F7CC51ACB296.d.E9E2517D497F1DEAD3D48A40FACFBE86.e.3238"},{"block":"start","inline":"nearest"}]}
RESULT: {"script":"<script> [79 bytes]","args":[{"element-6066-11e4-a52e-4f735466cecf":"f.F80EBE20359F196FC2F6F7CC51ACB296.d.E9E2517D497F1DEAD3D48A40FACFBE86.e.3238","ELEMENT":"f.F80EBE20359F196FC2F6F7CC51ACB296.d.E9E2517D497F1DEAD3D48A40FACFBE86.e.3238"},{"block":"start","inline":"nearest"}]}
COMMAND: POST /session/121b5910f067d4d1941a4df48d2c59fa/execute/async - {"script":"<script> [1562 bytes]","args":[{"selector":{"id":"application-manageresources-display-component---newResourceUnit--btnAddTimeSegment","interaction":{"idSuffix":"inner"}},"wdio_ui5_key":"applicationmanageresources-display-component---newResourceUnit--btnAddTimeSegment"}]}
COMMAND: GET /session/121b5910f067d4d1941a4df48d2c59fa/screenshot - {}
RESULT: {"script":"<script> [1562 bytes]","args":[{"selector":{"id":"application-manageresources-display-component---newResourceUnit--btnAddTimeSegment","interaction":{"idSuffix":"inner"}},"wdio_ui5_key":"applicationmanageresources-display-component---newResourceUnit--btnAddTimeSegment"}]}
RESULT: undefined
COMMAND: POST /session/121b5910f067d4d1941a4df48d2c59fa/element - {"using":"xpath","value":"//*[@id=\"application-manageresources-display-component---newResourceUnit--btnAddTimeSegment\"]"}
RESULT: {}
RESULT: {"using":"xpath","value":"//*[@id=\"application-manageresources-display-component---newResourceUnit--btnAddTimeSegment\"]"}
COMMAND: POST /session/121b5910f067d4d1941a4df48d2c59fa/element/f.F80EBE20359F196FC2F6F7CC51ACB296.d.E9E2517D497F1DEAD3D48A40FACFBE86.e.3238/click - {}
RESULT: {}
COMMAND: GET /session/121b5910f067d4d1941a4df48d2c59fa/screenshot - {}
RESULT: {}
COMMAND: POST /session/121b5910f067d4d1941a4df48d2c59fa/element - {"using":"xpath","value":"//input[@id=\"application-manageresources-display-component---newResourceUnit--idRuTSAdmin-application-manageresources-display-component---newResourceUnit--RUTimeSegment-0-inner\"]"}
RESULT: {"using":"xpath","value":"//input[@id=\"application-manageresources-display-component---newResourceUnit--idRuTSAdmin-application-manageresources-display-component---newResourceUnit--RUTimeSegment-0-inner\"]"}
COMMAND: POST /session/121b5910f067d4d1941a4df48d2c59fa/element/f.F80EBE20359F196FC2F6F7CC51ACB296.d.E9E2517D497F1DEAD3D48A40FACFBE86.e.3243/clear - {}
RESULT: {}
COMMAND: POST /session/121b5910f067d4d1941a4df48d2c59fa/element/f.F80EBE20359F196FC2F6F7CC51ACB296.d.E9E2517D497F1DEAD3D48A40FACFBE86.e.3243/value - {"text":"427"}
COMMAND: GET /session/121b5910f067d4d1941a4df48d2c59fa/screenshot - {}
RESULT: {"text":"427"}
COMMAND: GET /session/121b5910f067d4d1941a4df48d2c59fa/screenshot - {}
RESULT: {}
RESULT: {}
COMMAND: POST /session/121b5910f067d4d1941a4df48d2c59fa/element - {"using":"xpath","value":"//li[.//span[text()='427']]"}
RESULT: {"using":"xpath","value":"//li[.//span[text()='427']]"}
COMMAND: POST /session/121b5910f067d4d1941a4df48d2c59fa/element/f.F80EBE20359F196FC2F6F7CC51ACB296.d.E9E2517D497F1DEAD3D48A40FACFBE86.e.3252/click - {}
RESULT: {}
COMMAND: GET /session/121b5910f067d4d1941a4df48d2c59fa/screenshot - {}
RESULT: {}
COMMAND: POST /session/121b5910f067d4d1941a4df48d2c59fa/element - {"using":"xpath","value":"(//span[contains(@id, \"-application-manageresources-display-component---newResourceUnit--RUTimeSegment-0-arrow\")])[2]"}
RESULT: {"using":"xpath","value":"(//span[contains(@id, \"-application-manageresources-display-component---newResourceUnit--RUTimeSegment-0-arrow\")])[2]"}
COMMAND: POST /session/121b5910f067d4d1941a4df48d2c59fa/element/f.F80EBE20359F196FC2F6F7CC51ACB296.d.E9E2517D497F1DEAD3D48A40FACFBE86.e.3253/click - {}
RESULT: {}
COMMAND: POST /session/121b5910f067d4d1941a4df48d2c59fa/element - {"using":"xpath","value":"//span[contains(text(), \"PM Order\")]"}
COMMAND: GET /session/121b5910f067d4d1941a4df48d2c59fa/screenshot - {}
RESULT: {"using":"xpath","value":"//span[contains(text(), \"PM Order\")]"}
COMMAND: POST /session/121b5910f067d4d1941a4df48d2c59fa/element/f.F80EBE20359F196FC2F6F7CC51ACB296.d.E9E2517D497F1DEAD3D48A40FACFBE86.e.3254/click - {}
RESULT: {}
RESULT: {}
COMMAND: GET /session/121b5910f067d4d1941a4df48d2c59fa/screenshot - {}
RESULT: {}
COMMAND: POST /session/121b5910f067d4d1941a4df48d2c59fa/element - {"using":"xpath","value":"//td/div/div/div/span[contains(@id, \"newResourceUnit--RUTimeSegment-0-vhi\")][1]"}
RESULT: {"using":"xpath","value":"//td/div/div/div/span[contains(@id, \"newResourceUnit--RUTimeSegment-0-vhi\")][1]"}
COMMAND: GET /session/121b5910f067d4d1941a4df48d2c59fa/element/f.F80EBE20359F196FC2F6F7CC51ACB296.d.E9E2517D497F1DEAD3D48A40FACFBE86.e.3258/rect - {}
RESULT: {}
COMMAND: GET /session/121b5910f067d4d1941a4df48d2c59fa/window/rect - {}
RESULT: {}
COMMAND: POST /session/121b5910f067d4d1941a4df48d2c59fa/execute/sync - {"script":"<script> [92 bytes]","args":[]}
RESULT: {"script":"<script> [92 bytes]","args":[]}
COMMAND: POST /session/121b5910f067d4d1941a4df48d2c59fa/actions - {"actions":[{"id":"action8","type":"wheel","parameters":{},"actions":[{"type":"scroll","x":-1888,"y":-24,"deltaX":0,"deltaY":0,"duration":0,"origin":{"element-6066-11e4-a52e-4f735466cecf":"f.F80EBE20359F196FC2F6F7CC51ACB296.d.E9E2517D497F1DEAD3D48A40FACFBE86.e.3258"}}]}]}
COMMAND: GET /session/121b5910f067d4d1941a4df48d2c59fa/screenshot - {}
RESULT: {}
COMMAND: POST /session/121b5910f067d4d1941a4df48d2c59fa/execute/sync - {"script":"<script> [79 bytes]","args":[{"element-6066-11e4-a52e-4f735466cecf":"f.F80EBE20359F196FC2F6F7CC51ACB296.d.E9E2517D497F1DEAD3D48A40FACFBE86.e.3258","ELEMENT":"f.F80EBE20359F196FC2F6F7CC51ACB296.d.E9E2517D497F1DEAD3D48A40FACFBE86.e.3258"},{"block":"start","inline":"nearest"}]}
RESULT: {"script":"<script> [79 bytes]","args":[{"element-6066-11e4-a52e-4f735466cecf":"f.F80EBE20359F196FC2F6F7CC51ACB296.d.E9E2517D497F1DEAD3D48A40FACFBE86.e.3258","ELEMENT":"f.F80EBE20359F196FC2F6F7CC51ACB296.d.E9E2517D497F1DEAD3D48A40FACFBE86.e.3258"},{"block":"start","inline":"nearest"}]}
COMMAND: GET /session/121b5910f067d4d1941a4df48d2c59fa/screenshot - {}
RESULT: {}
COMMAND: POST /session/121b5910f067d4d1941a4df48d2c59fa/element/f.F80EBE20359F196FC2F6F7CC51ACB296.d.E9E2517D497F1DEAD3D48A40FACFBE86.e.3258/click - {}
RESULT: {}
COMMAND: GET /session/121b5910f067d4d1941a4df48d2c59fa/screenshot - {}
RESULT: {}
COMMAND: POST /session/121b5910f067d4d1941a4df48d2c59fa/execute/async - {"script":"<script> [1562 bytes]","args":[{"selector":{"controlType":"sap.m.SearchField","properties":{"placeholder":"Search"},"searchOpenDialogs":true,"interaction":{"idSuffix":"I"}},"wdio_ui5_key":"sapm.SearchField{\"placeholder\":\"Search\"}"}]}
RESULT: {"script":"<script> [1562 bytes]","args":[{"selector":{"controlType":"sap.m.SearchField","properties":{"placeholder":"Search"},"searchOpenDialogs":true,"interaction":{"idSuffix":"I"}},"wdio_ui5_key":"sapm.SearchField{\"placeholder\":\"Search\"}"}]}
RESULT: undefined
COMMAND: POST /session/121b5910f067d4d1941a4df48d2c59fa/execute/async - {"script":"<script> [776 bytes]","args":[{"enterText":"4000360","selector":{"controlType":"sap.m.SearchField","properties":{"placeholder":"Search"},"searchOpenDialogs":true,"interaction":{"idSuffix":"I"}},"clearTextFirst":true,"interactionType":"ENTER_TEXT"}]}
RESULT: {"script":"<script> [776 bytes]","args":[{"enterText":"4000360","selector":{"controlType":"sap.m.SearchField","properties":{"placeholder":"Search"},"searchOpenDialogs":true,"interaction":{"idSuffix":"I"}},"clearTextFirst":true,"interactionType":"ENTER_TEXT"}]}
COMMAND: POST /session/121b5910f067d4d1941a4df48d2c59fa/actions - {"actions":[{"id":"action9","type":"key","parameters":{},"actions":[{"type":"keyDown","value":"î€‡"},{"type":"pause","duration":10},{"type":"keyUp","value":"î€‡"}]}]}
RESULT: {"actions":[{"id":"action9","type":"key","parameters":{},"actions":[{"type":"keyDown","value":"î€‡"},{"type":"pause","duration":10},{"type":"keyUp","value":"î€‡"}]}]}
COMMAND: GET /session/121b5910f067d4d1941a4df48d2c59fa/screenshot - {}
RESULT: {}
COMMAND: POST /session/121b5910f067d4d1941a4df48d2c59fa/element - {"using":"xpath","value":"//td/div/span[contains(text(), \"BGL Vehicles\")]"}
RESULT: {"using":"xpath","value":"//td/div/span[contains(text(), \"BGL Vehicles\")]"}
COMMAND: POST /session/121b5910f067d4d1941a4df48d2c59fa/element/f.F80EBE20359F196FC2F6F7CC51ACB296.d.E9E2517D497F1DEAD3D48A40FACFBE86.e.3279/click - {}
RESULT: {}
COMMAND: GET /session/121b5910f067d4d1941a4df48d2c59fa/screenshot - {}
RESULT: {}
COMMAND: POST /session/121b5910f067d4d1941a4df48d2c59fa/element - {"using":"xpath","value":"//bdi[contains(text(), \"OK\")]"}
RESULT: {"using":"xpath","value":"//bdi[contains(text(), \"OK\")]"}
COMMAND: POST /session/121b5910f067d4d1941a4df48d2c59fa/element/f.F80EBE20359F196FC2F6F7CC51ACB296.d.E9E2517D497F1DEAD3D48A40FACFBE86.e.3280/click - {}
RESULT: {}
COMMAND: GET /session/121b5910f067d4d1941a4df48d2c59fa/screenshot - {}
RESULT: {}
COMMAND: POST /session/121b5910f067d4d1941a4df48d2c59fa/element - {"using":"xpath","value":"//label[contains(@class, 'sapMLabelRequired') and .//bdi[contains(text(), 'Planned Retirement')]]"}
RESULT: {"using":"xpath","value":"//label[contains(@class, 'sapMLabelRequired') and .//bdi[contains(text(), 'Planned Retirement')]]"}
COMMAND: POST /session/121b5910f067d4d1941a4df48d2c59fa/elements - {"using":"xpath","value":"//label[contains(@class, 'sapMLabelRequired') and .//bdi[contains(text(), 'Planned Retirement')]]"}
RESULT: {"using":"xpath","value":"//label[contains(@class, 'sapMLabelRequired') and .//bdi[contains(text(), 'Planned Retirement')]]"}
COMMAND: POST /session/121b5910f067d4d1941a4df48d2c59fa/element - {"using":"xpath","value":"//button[@data-kt=\"resourceUnitSaveButton\"]"}
RESULT: {"using":"xpath","value":"//button[@data-kt=\"resourceUnitSaveButton\"]"}
COMMAND: POST /session/121b5910f067d4d1941a4df48d2c59fa/element/f.F80EBE20359F196FC2F6F7CC51ACB296.d.E9E2517D497F1DEAD3D48A40FACFBE86.e.3180/click - {}
RESULT: {}
COMMAND: GET /session/121b5910f067d4d1941a4df48d2c59fa/screenshot - {}
RESULT: {}
COMMAND: POST /session/121b5910f067d4d1941a4df48d2c59fa/element - {"using":"xpath","value":"//bdi[contains(text(), \"Close\")]"}
RESULT: {"using":"xpath","value":"//bdi[contains(text(), \"Close\")]"}
COMMAND: POST /session/121b5910f067d4d1941a4df48d2c59fa/element/f.F80EBE20359F196FC2F6F7CC51ACB296.d.E9E2517D497F1DEAD3D48A40FACFBE86.e.3286/click - {}
RESULT: {}
COMMAND: GET /session/121b5910f067d4d1941a4df48d2c59fa/screenshot - {}
RESULT: {}
COMMAND: POST /session/121b5910f067d4d1941a4df48d2c59fa/element - {"using":"xpath","value":"//header[contains(@id, 'detailRruPage-headerTitle')]/div[1]/div[2]/div[2]/span[1]"}
RESULT: {"using":"xpath","value":"//header[contains(@id, 'detailRruPage-headerTitle')]/div[1]/div[2]/div[2]/span[1]"}
COMMAND: POST /session/121b5910f067d4d1941a4df48d2c59fa/elements - {"using":"xpath","value":"//header[contains(@id, 'detailRruPage-headerTitle')]/div[1]/div[2]/div[2]/span[1]"}
RESULT: {"using":"xpath","value":"//header[contains(@id, 'detailRruPage-headerTitle')]/div[1]/div[2]/div[2]/span[1]"}
COMMAND: POST /session/121b5910f067d4d1941a4df48d2c59fa/execute/sync - {"script":"<script> [56 bytes]","args":[{"element-6066-11e4-a52e-4f735466cecf":"f.F80EBE20359F196FC2F6F7CC51ACB296.d.E9E2517D497F1DEAD3D48A40FACFBE86.e.3318","ELEMENT":"f.F80EBE20359F196FC2F6F7CC51ACB296.d.E9E2517D497F1DEAD3D48A40FACFBE86.e.3318"}]}
RESULT: {"script":"<script> [56 bytes]","args":[{"element-6066-11e4-a52e-4f735466cecf":"f.F80EBE20359F196FC2F6F7CC51ACB296.d.E9E2517D497F1DEAD3D48A40FACFBE86.e.3318","ELEMENT":"f.F80EBE20359F196FC2F6F7CC51ACB296.d.E9E2517D497F1DEAD3D48A40FACFBE86.e.3318"}]}
COMMAND: POST /session/121b5910f067d4d1941a4df48d2c59fa/element - {"using":"css selector","value":"#shell-header-logo"}
COMMAND: GET /session/121b5910f067d4d1941a4df48d2c59fa/screenshot - {}
RESULT: {"using":"css selector","value":"#shell-header-logo"}
COMMAND: POST /session/121b5910f067d4d1941a4df48d2c59fa/element/f.F80EBE20359F196FC2F6F7CC51ACB296.d.E9E2517D497F1DEAD3D48A40FACFBE86.e.2773/click - {}
RESULT: {}
RESULT: {}
COMMAND: GET /session/121b5910f067d4d1941a4df48d2c59fa/screenshot - {}
RESULT: {}
]]></system-out>
    </testcase>
    <testcase classname="chrome.136_0_7103_93.windows.Stock_increase_-_with_WHM_US125587" name="Bin Status Report Should Create New Organization yard" time="85.083">
      <system-out><![CDATA[
COMMAND: POST /session/121b5910f067d4d1941a4df48d2c59fa/execute/async - {"script":"<script> [1562 bytes]","args":[{"selector":{"controlType":"sap.m.GenericTile","properties":{"header":"Bin Status Report"}},"wdio_ui5_key":"sapm.GenericTile{\"header\":\"Bin Status Report\"}"}]}
RESULT: {"script":"<script> [1562 bytes]","args":[{"selector":{"controlType":"sap.m.GenericTile","properties":{"header":"Bin Status Report"}},"wdio_ui5_key":"sapm.GenericTile{\"header\":\"Bin Status Report\"}"}]}
RESULT: undefined
COMMAND: POST /session/121b5910f067d4d1941a4df48d2c59fa/element - {"using":"xpath","value":"//*[@id=\"__tile104\"]"}
RESULT: {"using":"xpath","value":"//*[@id=\"__tile104\"]"}
COMMAND: POST /session/121b5910f067d4d1941a4df48d2c59fa/element/f.F80EBE20359F196FC2F6F7CC51ACB296.d.E9E2517D497F1DEAD3D48A40FACFBE86.e.3322/click - {}
RESULT: {}
COMMAND: GET /session/121b5910f067d4d1941a4df48d2c59fa/screenshot - {}
RESULT: {}
COMMAND: POST /session/121b5910f067d4d1941a4df48d2c59fa/elements - {"using":"xpath","value":"//span[text()='Error']"}
RESULT: {"using":"xpath","value":"//span[text()='Error']"}
COMMAND: POST /session/121b5910f067d4d1941a4df48d2c59fa/element - {"using":"xpath","value":"//button[@id=\"application-binstatusreport-display-component---warehousing--createOrgBtn\"]"}
RESULT: {"using":"xpath","value":"//button[@id=\"application-binstatusreport-display-component---warehousing--createOrgBtn\"]"}
COMMAND: POST /session/121b5910f067d4d1941a4df48d2c59fa/elements - {"using":"xpath","value":"//button[@id=\"application-binstatusreport-display-component---warehousing--createOrgBtn\"]"}
RESULT: {"using":"xpath","value":"//button[@id=\"application-binstatusreport-display-component---warehousing--createOrgBtn\"]"}
COMMAND: POST /session/121b5910f067d4d1941a4df48d2c59fa/execute/sync - {"script":"<script> [8489 bytes]","args":[{"element-6066-11e4-a52e-4f735466cecf":"f.F80EBE20359F196FC2F6F7CC51ACB296.d.E9E2517D497F1DEAD3D48A40FACFBE86.e.3382","ELEMENT":"f.F80EBE20359F196FC2F6F7CC51ACB296.d.E9E2517D497F1DEAD3D48A40FACFBE86.e.3382"}]}
RESULT: {"script":"<script> [8489 bytes]","args":[{"element-6066-11e4-a52e-4f735466cecf":"f.F80EBE20359F196FC2F6F7CC51ACB296.d.E9E2517D497F1DEAD3D48A40FACFBE86.e.3382","ELEMENT":"f.F80EBE20359F196FC2F6F7CC51ACB296.d.E9E2517D497F1DEAD3D48A40FACFBE86.e.3382"}]}
COMMAND: GET /session/121b5910f067d4d1941a4df48d2c59fa/element/f.F80EBE20359F196FC2F6F7CC51ACB296.d.E9E2517D497F1DEAD3D48A40FACFBE86.e.3382/enabled - {}
COMMAND: GET /session/121b5910f067d4d1941a4df48d2c59fa/screenshot - {}
RESULT: {}
COMMAND: POST /session/121b5910f067d4d1941a4df48d2c59fa/execute/sync - {"script":"<script> [8489 bytes]","args":[{"element-6066-11e4-a52e-4f735466cecf":"f.F80EBE20359F196FC2F6F7CC51ACB296.d.E9E2517D497F1DEAD3D48A40FACFBE86.e.3382","ELEMENT":"f.F80EBE20359F196FC2F6F7CC51ACB296.d.E9E2517D497F1DEAD3D48A40FACFBE86.e.3382"}]}
COMMAND: GET /session/121b5910f067d4d1941a4df48d2c59fa/screenshot - {}
RESULT: {}
RESULT: {"script":"<script> [8489 bytes]","args":[{"element-6066-11e4-a52e-4f735466cecf":"f.F80EBE20359F196FC2F6F7CC51ACB296.d.E9E2517D497F1DEAD3D48A40FACFBE86.e.3382","ELEMENT":"f.F80EBE20359F196FC2F6F7CC51ACB296.d.E9E2517D497F1DEAD3D48A40FACFBE86.e.3382"}]}
COMMAND: POST /session/121b5910f067d4d1941a4df48d2c59fa/execute/sync - {"script":"<script> [5351 bytes]","args":[{"element-6066-11e4-a52e-4f735466cecf":"f.F80EBE20359F196FC2F6F7CC51ACB296.d.E9E2517D497F1DEAD3D48A40FACFBE86.e.3382","ELEMENT":"f.F80EBE20359F196FC2F6F7CC51ACB296.d.E9E2517D497F1DEAD3D48A40FACFBE86.e.3382"}]}
COMMAND: GET /session/121b5910f067d4d1941a4df48d2c59fa/screenshot - {}
RESULT: {}
RESULT: {"script":"<script> [5351 bytes]","args":[{"element-6066-11e4-a52e-4f735466cecf":"f.F80EBE20359F196FC2F6F7CC51ACB296.d.E9E2517D497F1DEAD3D48A40FACFBE86.e.3382","ELEMENT":"f.F80EBE20359F196FC2F6F7CC51ACB296.d.E9E2517D497F1DEAD3D48A40FACFBE86.e.3382"}]}
COMMAND: GET /session/121b5910f067d4d1941a4df48d2c59fa/screenshot - {}
RESULT: {}
RESULT: {}
COMMAND: POST /session/121b5910f067d4d1941a4df48d2c59fa/element/f.F80EBE20359F196FC2F6F7CC51ACB296.d.E9E2517D497F1DEAD3D48A40FACFBE86.e.3382/click - {}
RESULT: {}
COMMAND: GET /session/121b5910f067d4d1941a4df48d2c59fa/screenshot - {}
RESULT: {}
COMMAND: POST /session/121b5910f067d4d1941a4df48d2c59fa/execute/async - {"script":"<script> [1562 bytes]","args":[{"selector":{"id":"createOrganizationPop--sectionInput","searchOpenDialogs":true,"interaction":{"idSuffix":"inner"}},"wdio_ui5_key":"createOrganizationPopsectionInput"}]}
RESULT: {"script":"<script> [1562 bytes]","args":[{"selector":{"id":"createOrganizationPop--sectionInput","searchOpenDialogs":true,"interaction":{"idSuffix":"inner"}},"wdio_ui5_key":"createOrganizationPopsectionInput"}]}
RESULT: undefined
COMMAND: POST /session/121b5910f067d4d1941a4df48d2c59fa/execute/async - {"script":"<script> [776 bytes]","args":[{"enterText":"WDIO-427","selector":{"id":"createOrganizationPop--sectionInput","searchOpenDialogs":true,"interaction":{"idSuffix":"inner"}},"clearTextFirst":true,"interactionType":"ENTER_TEXT"}]}
RESULT: {"script":"<script> [776 bytes]","args":[{"enterText":"WDIO-427","selector":{"id":"createOrganizationPop--sectionInput","searchOpenDialogs":true,"interaction":{"idSuffix":"inner"}},"clearTextFirst":true,"interactionType":"ENTER_TEXT"}]}
COMMAND: POST /session/121b5910f067d4d1941a4df48d2c59fa/execute/async - {"script":"<script> [1562 bytes]","args":[{"selector":{"id":"createOrganizationPop--descriptionInput","searchOpenDialogs":true,"interaction":{"idSuffix":"inner"}},"wdio_ui5_key":"createOrganizationPopdescriptionInput"}]}
RESULT: {"script":"<script> [1562 bytes]","args":[{"selector":{"id":"createOrganizationPop--descriptionInput","searchOpenDialogs":true,"interaction":{"idSuffix":"inner"}},"wdio_ui5_key":"createOrganizationPopdescriptionInput"}]}
RESULT: undefined
COMMAND: POST /session/121b5910f067d4d1941a4df48d2c59fa/execute/async - {"script":"<script> [776 bytes]","args":[{"enterText":"Shipping-427","selector":{"id":"createOrganizationPop--descriptionInput","searchOpenDialogs":true,"interaction":{"idSuffix":"inner"}},"clearTextFirst":true,"interactionType":"ENTER_TEXT"}]}
RESULT: {"script":"<script> [776 bytes]","args":[{"enterText":"Shipping-427","selector":{"id":"createOrganizationPop--descriptionInput","searchOpenDialogs":true,"interaction":{"idSuffix":"inner"}},"clearTextFirst":true,"interactionType":"ENTER_TEXT"}]}
COMMAND: POST /session/121b5910f067d4d1941a4df48d2c59fa/element - {"using":"css selector","value":"#createOrganizationPop--yardOrg-inner"}
RESULT: {"using":"css selector","value":"#createOrganizationPop--yardOrg-inner"}
COMMAND: POST /session/121b5910f067d4d1941a4df48d2c59fa/element/f.F80EBE20359F196FC2F6F7CC51ACB296.d.E9E2517D497F1DEAD3D48A40FACFBE86.e.3692/clear - {}
RESULT: {}
COMMAND: POST /session/121b5910f067d4d1941a4df48d2c59fa/element/f.F80EBE20359F196FC2F6F7CC51ACB296.d.E9E2517D497F1DEAD3D48A40FACFBE86.e.3692/value - {"text":"427"}
COMMAND: GET /session/121b5910f067d4d1941a4df48d2c59fa/screenshot - {}
RESULT: {"text":"427"}
COMMAND: GET /session/121b5910f067d4d1941a4df48d2c59fa/screenshot - {}
RESULT: {}
RESULT: {}
COMMAND: POST /session/121b5910f067d4d1941a4df48d2c59fa/actions - {"actions":[{"id":"action10","type":"key","parameters":{},"actions":[{"type":"keyDown","value":"î€‡"},{"type":"pause","duration":10},{"type":"keyUp","value":"î€‡"}]}]}
RESULT: {"actions":[{"id":"action10","type":"key","parameters":{},"actions":[{"type":"keyDown","value":"î€‡"},{"type":"pause","duration":10},{"type":"keyUp","value":"î€‡"}]}]}
COMMAND: POST /session/121b5910f067d4d1941a4df48d2c59fa/execute/async - {"script":"<script> [1562 bytes]","args":[{"selector":{"id":"createOrganizationPop--grZone","searchOpenDialogs":true,"interaction":{"idSuffix":"CbBg"}},"wdio_ui5_key":"createOrganizationPopgrZone"}]}
COMMAND: GET /session/121b5910f067d4d1941a4df48d2c59fa/screenshot - {}
RESULT: {"script":"<script> [1562 bytes]","args":[{"selector":{"id":"createOrganizationPop--grZone","searchOpenDialogs":true,"interaction":{"idSuffix":"CbBg"}},"wdio_ui5_key":"createOrganizationPopgrZone"}]}
RESULT: undefined
COMMAND: POST /session/121b5910f067d4d1941a4df48d2c59fa/element - {"using":"xpath","value":"//*[@id=\"createOrganizationPop--grZone\"]"}
RESULT: {}
RESULT: {"using":"xpath","value":"//*[@id=\"createOrganizationPop--grZone\"]"}
COMMAND: POST /session/121b5910f067d4d1941a4df48d2c59fa/element/f.F80EBE20359F196FC2F6F7CC51ACB296.d.E9E2517D497F1DEAD3D48A40FACFBE86.e.3713/click - {}
RESULT: {}
COMMAND: GET /session/121b5910f067d4d1941a4df48d2c59fa/screenshot - {}
RESULT: {}
COMMAND: POST /session/121b5910f067d4d1941a4df48d2c59fa/execute/async - {"script":"<script> [1562 bytes]","args":[{"selector":{"id":"createOrganizationPop--giZone","searchOpenDialogs":true,"interaction":{"idSuffix":"CbBg"}},"wdio_ui5_key":"createOrganizationPopgiZone"}]}
RESULT: {"script":"<script> [1562 bytes]","args":[{"selector":{"id":"createOrganizationPop--giZone","searchOpenDialogs":true,"interaction":{"idSuffix":"CbBg"}},"wdio_ui5_key":"createOrganizationPopgiZone"}]}
RESULT: undefined
COMMAND: POST /session/121b5910f067d4d1941a4df48d2c59fa/element - {"using":"xpath","value":"//*[@id=\"createOrganizationPop--giZone\"]"}
RESULT: {"using":"xpath","value":"//*[@id=\"createOrganizationPop--giZone\"]"}
COMMAND: POST /session/121b5910f067d4d1941a4df48d2c59fa/element/f.F80EBE20359F196FC2F6F7CC51ACB296.d.E9E2517D497F1DEAD3D48A40FACFBE86.e.3715/click - {}
RESULT: {}
COMMAND: GET /session/121b5910f067d4d1941a4df48d2c59fa/screenshot - {}
RESULT: {}
COMMAND: POST /session/121b5910f067d4d1941a4df48d2c59fa/execute/async - {"script":"<script> [1562 bytes]","args":[{"selector":{"id":"createOrganizationPop--binNoInput","searchOpenDialogs":true,"interaction":{"idSuffix":"inner"}},"wdio_ui5_key":"createOrganizationPopbinNoInput"}]}
RESULT: {"script":"<script> [1562 bytes]","args":[{"selector":{"id":"createOrganizationPop--binNoInput","searchOpenDialogs":true,"interaction":{"idSuffix":"inner"}},"wdio_ui5_key":"createOrganizationPopbinNoInput"}]}
RESULT: undefined
COMMAND: POST /session/121b5910f067d4d1941a4df48d2c59fa/execute/async - {"script":"<script> [776 bytes]","args":[{"enterText":"Bin-Wd","selector":{"id":"createOrganizationPop--binNoInput","searchOpenDialogs":true,"interaction":{"idSuffix":"inner"}},"clearTextFirst":true,"interactionType":"ENTER_TEXT"}]}
RESULT: {"script":"<script> [776 bytes]","args":[{"enterText":"Bin-Wd","selector":{"id":"createOrganizationPop--binNoInput","searchOpenDialogs":true,"interaction":{"idSuffix":"inner"}},"clearTextFirst":true,"interactionType":"ENTER_TEXT"}]}
COMMAND: POST /session/121b5910f067d4d1941a4df48d2c59fa/execute/async - {"script":"<script> [1562 bytes]","args":[{"selector":{"id":"createOrganizationPop--descriptionId","searchOpenDialogs":true,"interaction":{"idSuffix":"inner"}},"wdio_ui5_key":"createOrganizationPopdescriptionId"}]}
RESULT: {"script":"<script> [1562 bytes]","args":[{"selector":{"id":"createOrganizationPop--descriptionId","searchOpenDialogs":true,"interaction":{"idSuffix":"inner"}},"wdio_ui5_key":"createOrganizationPopdescriptionId"}]}
RESULT: undefined
COMMAND: POST /session/121b5910f067d4d1941a4df48d2c59fa/execute/async - {"script":"<script> [776 bytes]","args":[{"enterText":"Shipping-Wd","selector":{"id":"createOrganizationPop--descriptionId","searchOpenDialogs":true,"interaction":{"idSuffix":"inner"}},"clearTextFirst":true,"interactionType":"ENTER_TEXT"}]}
RESULT: {"script":"<script> [776 bytes]","args":[{"enterText":"Shipping-Wd","selector":{"id":"createOrganizationPop--descriptionId","searchOpenDialogs":true,"interaction":{"idSuffix":"inner"}},"clearTextFirst":true,"interactionType":"ENTER_TEXT"}]}
COMMAND: POST /session/121b5910f067d4d1941a4df48d2c59fa/execute/async - {"script":"<script> [1562 bytes]","args":[{"selector":{"controlType":"sap.m.CheckBox","viewName":"etm.portal.ui.binstatusreport.view.MasterWareBins","viewId":"application-binstatusreport-display-component---warehousing","bindingPath":{"path":"","propertyPath":"/ZONE","modelName":"newBin"},"searchOpenDialogs":true,"interaction":{"idSuffix":"CbBg"}},"wdio_ui5_key":"etmportal.ui.binstatusreport.view.MasterWareBinssap.m.CheckBox{\"path\":\"\",\"propertyPath\":\"/ZONE\",\"modelName\":\"newBin\"}"}]}
RESULT: {"script":"<script> [1562 bytes]","args":[{"selector":{"controlType":"sap.m.CheckBox","viewName":"etm.portal.ui.binstatusreport.view.MasterWareBins","viewId":"application-binstatusreport-display-component---warehousing","bindingPath":{"path":"","propertyPath":"/ZONE","modelName":"newBin"},"searchOpenDialogs":true,"interaction":{"idSuffix":"CbBg"}},"wdio_ui5_key":"etmportal.ui.binstatusreport.view.MasterWareBinssap.m.CheckBox{\"path\":\"\",\"propertyPath\":\"/ZONE\",\"modelName\":\"newBin\"}"}]}
RESULT: undefined
COMMAND: POST /session/121b5910f067d4d1941a4df48d2c59fa/element - {"using":"xpath","value":"//*[@id=\"__box16\"]"}
RESULT: {"using":"xpath","value":"//*[@id=\"__box16\"]"}
COMMAND: POST /session/121b5910f067d4d1941a4df48d2c59fa/element/f.F80EBE20359F196FC2F6F7CC51ACB296.d.E9E2517D497F1DEAD3D48A40FACFBE86.e.3719/click - {}
RESULT: {}
COMMAND: GET /session/121b5910f067d4d1941a4df48d2c59fa/screenshot - {}
RESULT: {}
COMMAND: POST /session/121b5910f067d4d1941a4df48d2c59fa/execute/async - {"script":"<script> [1562 bytes]","args":[{"selector":{"id":"createOrganizationPop--binTypesCB","searchOpenDialogs":true,"interaction":{"idSuffix":"inner"}},"wdio_ui5_key":"createOrganizationPopbinTypesCB"}]}
RESULT: {"script":"<script> [1562 bytes]","args":[{"selector":{"id":"createOrganizationPop--binTypesCB","searchOpenDialogs":true,"interaction":{"idSuffix":"inner"}},"wdio_ui5_key":"createOrganizationPopbinTypesCB"}]}
RESULT: undefined
COMMAND: POST /session/121b5910f067d4d1941a4df48d2c59fa/execute/async - {"script":"<script> [776 bytes]","args":[{"enterText":"1 - General / No capacity check","selector":{"id":"createOrganizationPop--binTypesCB","searchOpenDialogs":true,"interaction":{"idSuffix":"inner"}},"clearTextFirst":true,"interactionType":"ENTER_TEXT"}]}
RESULT: {"script":"<script> [776 bytes]","args":[{"enterText":"1 - General / No capacity check","selector":{"id":"createOrganizationPop--binTypesCB","searchOpenDialogs":true,"interaction":{"idSuffix":"inner"}},"clearTextFirst":true,"interactionType":"ENTER_TEXT"}]}
COMMAND: POST /session/121b5910f067d4d1941a4df48d2c59fa/actions - {"actions":[{"id":"action11","type":"key","parameters":{},"actions":[{"type":"keyDown","value":"î€‡"},{"type":"pause","duration":10},{"type":"keyUp","value":"î€‡"}]}]}
RESULT: {"actions":[{"id":"action11","type":"key","parameters":{},"actions":[{"type":"keyDown","value":"î€‡"},{"type":"pause","duration":10},{"type":"keyUp","value":"î€‡"}]}]}
COMMAND: GET /session/121b5910f067d4d1941a4df48d2c59fa/screenshot - {}
RESULT: {}
COMMAND: POST /session/121b5910f067d4d1941a4df48d2c59fa/execute/async - {"script":"<script> [1562 bytes]","args":[{"selector":{"id":"createOrganizationPop--finishBtn","searchOpenDialogs":true,"interaction":{"idSuffix":"BDI-content"}},"wdio_ui5_key":"createOrganizationPopfinishBtn"}]}
RESULT: {"script":"<script> [1562 bytes]","args":[{"selector":{"id":"createOrganizationPop--finishBtn","searchOpenDialogs":true,"interaction":{"idSuffix":"BDI-content"}},"wdio_ui5_key":"createOrganizationPopfinishBtn"}]}
RESULT: undefined
COMMAND: POST /session/121b5910f067d4d1941a4df48d2c59fa/element - {"using":"xpath","value":"//*[@id=\"createOrganizationPop--finishBtn\"]"}
RESULT: {"using":"xpath","value":"//*[@id=\"createOrganizationPop--finishBtn\"]"}
COMMAND: POST /session/121b5910f067d4d1941a4df48d2c59fa/element/f.F80EBE20359F196FC2F6F7CC51ACB296.d.E9E2517D497F1DEAD3D48A40FACFBE86.e.3722/click - {}
RESULT: {}
COMMAND: GET /session/121b5910f067d4d1941a4df48d2c59fa/screenshot - {}
RESULT: {}
COMMAND: POST /session/121b5910f067d4d1941a4df48d2c59fa/element - {"using":"css selector","value":"#shell-header-logo"}
RESULT: {"using":"css selector","value":"#shell-header-logo"}
COMMAND: POST /session/121b5910f067d4d1941a4df48d2c59fa/element/f.F80EBE20359F196FC2F6F7CC51ACB296.d.E9E2517D497F1DEAD3D48A40FACFBE86.e.3329/click - {}
RESULT: {}
COMMAND: GET /session/121b5910f067d4d1941a4df48d2c59fa/screenshot - {}
RESULT: {}
]]></system-out>
    </testcase>
    <testcase classname="chrome.136_0_7103_93.windows.Stock_increase_-_with_WHM_US125587" name="Bin Status Report Should Create New Organization for Site" time="68.515">
      <system-out><![CDATA[
RESULT: undefined
COMMAND: POST /session/121b5910f067d4d1941a4df48d2c59fa/element - {"using":"xpath","value":"//*[@id=\"__tile104\"]"}
RESULT: {"using":"xpath","value":"//*[@id=\"__tile104\"]"}
COMMAND: POST /session/121b5910f067d4d1941a4df48d2c59fa/element/f.F80EBE20359F196FC2F6F7CC51ACB296.d.E9E2517D497F1DEAD3D48A40FACFBE86.e.3322/click - {}
RESULT: {}
COMMAND: GET /session/121b5910f067d4d1941a4df48d2c59fa/screenshot - {}
COMMAND: POST /session/121b5910f067d4d1941a4df48d2c59fa/elements - {"using":"xpath","value":"//span[text()='Error']"}
RESULT: {}
RESULT: {"using":"xpath","value":"//span[text()='Error']"}
COMMAND: POST /session/121b5910f067d4d1941a4df48d2c59fa/element - {"using":"xpath","value":"//button[@id=\"application-binstatusreport-display-component---warehousing--createOrgBtn\"]"}
RESULT: {"using":"xpath","value":"//button[@id=\"application-binstatusreport-display-component---warehousing--createOrgBtn\"]"}
COMMAND: POST /session/121b5910f067d4d1941a4df48d2c59fa/elements - {"using":"xpath","value":"//button[@id=\"application-binstatusreport-display-component---warehousing--createOrgBtn\"]"}
RESULT: {"using":"xpath","value":"//button[@id=\"application-binstatusreport-display-component---warehousing--createOrgBtn\"]"}
COMMAND: POST /session/121b5910f067d4d1941a4df48d2c59fa/execute/sync - {"script":"<script> [8489 bytes]","args":[{"element-6066-11e4-a52e-4f735466cecf":"f.F80EBE20359F196FC2F6F7CC51ACB296.d.E9E2517D497F1DEAD3D48A40FACFBE86.e.3783","ELEMENT":"f.F80EBE20359F196FC2F6F7CC51ACB296.d.E9E2517D497F1DEAD3D48A40FACFBE86.e.3783"}]}
RESULT: {"script":"<script> [8489 bytes]","args":[{"element-6066-11e4-a52e-4f735466cecf":"f.F80EBE20359F196FC2F6F7CC51ACB296.d.E9E2517D497F1DEAD3D48A40FACFBE86.e.3783","ELEMENT":"f.F80EBE20359F196FC2F6F7CC51ACB296.d.E9E2517D497F1DEAD3D48A40FACFBE86.e.3783"}]}
COMMAND: GET /session/121b5910f067d4d1941a4df48d2c59fa/element/f.F80EBE20359F196FC2F6F7CC51ACB296.d.E9E2517D497F1DEAD3D48A40FACFBE86.e.3783/enabled - {}
COMMAND: GET /session/121b5910f067d4d1941a4df48d2c59fa/screenshot - {}
RESULT: {}
COMMAND: POST /session/121b5910f067d4d1941a4df48d2c59fa/execute/sync - {"script":"<script> [8489 bytes]","args":[{"element-6066-11e4-a52e-4f735466cecf":"f.F80EBE20359F196FC2F6F7CC51ACB296.d.E9E2517D497F1DEAD3D48A40FACFBE86.e.3783","ELEMENT":"f.F80EBE20359F196FC2F6F7CC51ACB296.d.E9E2517D497F1DEAD3D48A40FACFBE86.e.3783"}]}
COMMAND: GET /session/121b5910f067d4d1941a4df48d2c59fa/screenshot - {}
RESULT: {}
RESULT: {"script":"<script> [8489 bytes]","args":[{"element-6066-11e4-a52e-4f735466cecf":"f.F80EBE20359F196FC2F6F7CC51ACB296.d.E9E2517D497F1DEAD3D48A40FACFBE86.e.3783","ELEMENT":"f.F80EBE20359F196FC2F6F7CC51ACB296.d.E9E2517D497F1DEAD3D48A40FACFBE86.e.3783"}]}
COMMAND: POST /session/121b5910f067d4d1941a4df48d2c59fa/execute/sync - {"script":"<script> [5351 bytes]","args":[{"element-6066-11e4-a52e-4f735466cecf":"f.F80EBE20359F196FC2F6F7CC51ACB296.d.E9E2517D497F1DEAD3D48A40FACFBE86.e.3783","ELEMENT":"f.F80EBE20359F196FC2F6F7CC51ACB296.d.E9E2517D497F1DEAD3D48A40FACFBE86.e.3783"}]}
COMMAND: GET /session/121b5910f067d4d1941a4df48d2c59fa/screenshot - {}
RESULT: {}
RESULT: {"script":"<script> [5351 bytes]","args":[{"element-6066-11e4-a52e-4f735466cecf":"f.F80EBE20359F196FC2F6F7CC51ACB296.d.E9E2517D497F1DEAD3D48A40FACFBE86.e.3783","ELEMENT":"f.F80EBE20359F196FC2F6F7CC51ACB296.d.E9E2517D497F1DEAD3D48A40FACFBE86.e.3783"}]}
COMMAND: GET /session/121b5910f067d4d1941a4df48d2c59fa/screenshot - {}
RESULT: {}
RESULT: {}
COMMAND: POST /session/121b5910f067d4d1941a4df48d2c59fa/element/f.F80EBE20359F196FC2F6F7CC51ACB296.d.E9E2517D497F1DEAD3D48A40FACFBE86.e.3783/click - {}
RESULT: {}
COMMAND: GET /session/121b5910f067d4d1941a4df48d2c59fa/screenshot - {}
RESULT: {}
RESULT: undefined
COMMAND: POST /session/121b5910f067d4d1941a4df48d2c59fa/execute/async - {"script":"<script> [776 bytes]","args":[{"enterText":"2195","selector":{"id":"createOrganizationPop--sectionInput","searchOpenDialogs":true,"interaction":{"idSuffix":"inner"}},"clearTextFirst":true,"interactionType":"ENTER_TEXT"}]}
RESULT: {"script":"<script> [776 bytes]","args":[{"enterText":"2195","selector":{"id":"createOrganizationPop--sectionInput","searchOpenDialogs":true,"interaction":{"idSuffix":"inner"}},"clearTextFirst":true,"interactionType":"ENTER_TEXT"}]}
RESULT: undefined
COMMAND: POST /session/121b5910f067d4d1941a4df48d2c59fa/execute/async - {"script":"<script> [776 bytes]","args":[{"enterText":"WDIO-2195","selector":{"id":"createOrganizationPop--descriptionInput","searchOpenDialogs":true,"interaction":{"idSuffix":"inner"}},"clearTextFirst":true,"interactionType":"ENTER_TEXT"}]}
RESULT: {"script":"<script> [776 bytes]","args":[{"enterText":"WDIO-2195","selector":{"id":"createOrganizationPop--descriptionInput","searchOpenDialogs":true,"interaction":{"idSuffix":"inner"}},"clearTextFirst":true,"interactionType":"ENTER_TEXT"}]}
COMMAND: POST /session/121b5910f067d4d1941a4df48d2c59fa/element - {"using":"css selector","value":"#createOrganizationPop--siteOrg-inner"}
RESULT: {"using":"css selector","value":"#createOrganizationPop--siteOrg-inner"}
COMMAND: POST /session/121b5910f067d4d1941a4df48d2c59fa/element/f.F80EBE20359F196FC2F6F7CC51ACB296.d.E9E2517D497F1DEAD3D48A40FACFBE86.e.3805/clear - {}
RESULT: {}
COMMAND: POST /session/121b5910f067d4d1941a4df48d2c59fa/element/f.F80EBE20359F196FC2F6F7CC51ACB296.d.E9E2517D497F1DEAD3D48A40FACFBE86.e.3805/value - {"text":"2195"}
COMMAND: GET /session/121b5910f067d4d1941a4df48d2c59fa/screenshot - {}
RESULT: {"text":"2195"}
COMMAND: GET /session/121b5910f067d4d1941a4df48d2c59fa/screenshot - {}
RESULT: {}
RESULT: {}
COMMAND: POST /session/121b5910f067d4d1941a4df48d2c59fa/actions - {"actions":[{"id":"action12","type":"key","parameters":{},"actions":[{"type":"keyDown","value":"î€‡"},{"type":"pause","duration":10},{"type":"keyUp","value":"î€‡"}]}]}
RESULT: {"actions":[{"id":"action12","type":"key","parameters":{},"actions":[{"type":"keyDown","value":"î€‡"},{"type":"pause","duration":10},{"type":"keyUp","value":"î€‡"}]}]}
RESULT: undefined
COMMAND: POST /session/121b5910f067d4d1941a4df48d2c59fa/element - {"using":"xpath","value":"//*[@id=\"createOrganizationPop--giZone\"]"}
COMMAND: GET /session/121b5910f067d4d1941a4df48d2c59fa/screenshot - {}
RESULT: {"using":"xpath","value":"//*[@id=\"createOrganizationPop--giZone\"]"}
COMMAND: POST /session/121b5910f067d4d1941a4df48d2c59fa/element/f.F80EBE20359F196FC2F6F7CC51ACB296.d.E9E2517D497F1DEAD3D48A40FACFBE86.e.3823/click - {}
RESULT: {}
RESULT: {}
COMMAND: GET /session/121b5910f067d4d1941a4df48d2c59fa/screenshot - {}
RESULT: {}
RESULT: undefined
COMMAND: POST /session/121b5910f067d4d1941a4df48d2c59fa/execute/async - {"script":"<script> [776 bytes]","args":[{"enterText":"WD-BIN","selector":{"id":"createOrganizationPop--binNoInput","searchOpenDialogs":true,"interaction":{"idSuffix":"inner"}},"clearTextFirst":true,"interactionType":"ENTER_TEXT"}]}
RESULT: {"script":"<script> [776 bytes]","args":[{"enterText":"WD-BIN","selector":{"id":"createOrganizationPop--binNoInput","searchOpenDialogs":true,"interaction":{"idSuffix":"inner"}},"clearTextFirst":true,"interactionType":"ENTER_TEXT"}]}
RESULT: undefined
COMMAND: POST /session/121b5910f067d4d1941a4df48d2c59fa/execute/async - {"script":"<script> [776 bytes]","args":[{"enterText":"WD-BIN","selector":{"id":"createOrganizationPop--descriptionId","searchOpenDialogs":true,"interaction":{"idSuffix":"inner"}},"clearTextFirst":true,"interactionType":"ENTER_TEXT"}]}
RESULT: {"script":"<script> [776 bytes]","args":[{"enterText":"WD-BIN","selector":{"id":"createOrganizationPop--descriptionId","searchOpenDialogs":true,"interaction":{"idSuffix":"inner"}},"clearTextFirst":true,"interactionType":"ENTER_TEXT"}]}
COMMAND: POST /session/121b5910f067d4d1941a4df48d2c59fa/execute/async - {"script":"<script> [1562 bytes]","args":[{"selector":{"controlType":"sap.m.CheckBox","viewName":"etm.portal.ui.binstatusreport.view.MasterWareBins","viewId":"application-binstatusreport-display-component---warehousing","bindingPath":{"propertyPath":"/ZONE","modelName":"newBin"},"searchOpenDialogs":true,"interaction":{"idSuffix":"CbBg"}},"wdio_ui5_key":"etmportal.ui.binstatusreport.view.MasterWareBinssap.m.CheckBox{\"propertyPath\":\"/ZONE\",\"modelName\":\"newBin\"}"}]}
RESULT: {"script":"<script> [1562 bytes]","args":[{"selector":{"controlType":"sap.m.CheckBox","viewName":"etm.portal.ui.binstatusreport.view.MasterWareBins","viewId":"application-binstatusreport-display-component---warehousing","bindingPath":{"propertyPath":"/ZONE","modelName":"newBin"},"searchOpenDialogs":true,"interaction":{"idSuffix":"CbBg"}},"wdio_ui5_key":"etmportal.ui.binstatusreport.view.MasterWareBinssap.m.CheckBox{\"propertyPath\":\"/ZONE\",\"modelName\":\"newBin\"}"}]}
RESULT: undefined
COMMAND: POST /session/121b5910f067d4d1941a4df48d2c59fa/element - {"using":"xpath","value":"//*[@id=\"__box28\"]"}
RESULT: {"using":"xpath","value":"//*[@id=\"__box28\"]"}
COMMAND: POST /session/121b5910f067d4d1941a4df48d2c59fa/element/f.F80EBE20359F196FC2F6F7CC51ACB296.d.E9E2517D497F1DEAD3D48A40FACFBE86.e.3825/click - {}
RESULT: {}
COMMAND: GET /session/121b5910f067d4d1941a4df48d2c59fa/screenshot - {}
RESULT: {}
RESULT: undefined
COMMAND: POST /session/121b5910f067d4d1941a4df48d2c59fa/execute/async - {"script":"<script> [776 bytes]","args":[{"enterText":"1 - General / No capacity check","selector":{"id":"createOrganizationPop--binTypesCB","searchOpenDialogs":true,"interaction":{"idSuffix":"inner"}},"clearTextFirst":true,"interactionType":"ENTER_TEXT"}]}
RESULT: {"script":"<script> [776 bytes]","args":[{"enterText":"1 - General / No capacity check","selector":{"id":"createOrganizationPop--binTypesCB","searchOpenDialogs":true,"interaction":{"idSuffix":"inner"}},"clearTextFirst":true,"interactionType":"ENTER_TEXT"}]}
COMMAND: POST /session/121b5910f067d4d1941a4df48d2c59fa/execute/async - {"script":"<script> [1562 bytes]","args":[{"selector":{"id":"createOrganizationPop--capacityId","searchOpenDialogs":true,"interaction":{"idSuffix":"inner"}},"wdio_ui5_key":"createOrganizationPopcapacityId"}]}
RESULT: {"script":"<script> [1562 bytes]","args":[{"selector":{"id":"createOrganizationPop--capacityId","searchOpenDialogs":true,"interaction":{"idSuffix":"inner"}},"wdio_ui5_key":"createOrganizationPopcapacityId"}]}
RESULT: undefined
COMMAND: POST /session/121b5910f067d4d1941a4df48d2c59fa/actions - {"actions":[{"id":"action13","type":"key","parameters":{},"actions":[{"type":"keyDown","value":"î€‡"},{"type":"pause","duration":10},{"type":"keyUp","value":"î€‡"}]}]}
RESULT: {"actions":[{"id":"action13","type":"key","parameters":{},"actions":[{"type":"keyDown","value":"î€‡"},{"type":"pause","duration":10},{"type":"keyUp","value":"î€‡"}]}]}
COMMAND: GET /session/121b5910f067d4d1941a4df48d2c59fa/screenshot - {}
RESULT: {}
RESULT: undefined
COMMAND: POST /session/121b5910f067d4d1941a4df48d2c59fa/element - {"using":"xpath","value":"//*[@id=\"createOrganizationPop--finishBtn\"]"}
RESULT: {"using":"xpath","value":"//*[@id=\"createOrganizationPop--finishBtn\"]"}
COMMAND: POST /session/121b5910f067d4d1941a4df48d2c59fa/element/f.F80EBE20359F196FC2F6F7CC51ACB296.d.E9E2517D497F1DEAD3D48A40FACFBE86.e.3826/click - {}
RESULT: {}
COMMAND: GET /session/121b5910f067d4d1941a4df48d2c59fa/screenshot - {}
RESULT: {}
COMMAND: POST /session/121b5910f067d4d1941a4df48d2c59fa/element - {"using":"css selector","value":"#shell-header-logo"}
RESULT: {"using":"css selector","value":"#shell-header-logo"}
COMMAND: POST /session/121b5910f067d4d1941a4df48d2c59fa/element/f.F80EBE20359F196FC2F6F7CC51ACB296.d.E9E2517D497F1DEAD3D48A40FACFBE86.e.3732/click - {}
RESULT: {}
COMMAND: GET /session/121b5910f067d4d1941a4df48d2c59fa/screenshot - {}
RESULT: {}
]]></system-out>
    </testcase>
    <testcase classname="chrome.136_0_7103_93.windows.Stock_increase_-_with_WHM_US125587" name="Create a Warehouse Movement for created yard" time="48.86">
      <system-out><![CDATA[
COMMAND: POST /session/121b5910f067d4d1941a4df48d2c59fa/execute/async - {"script":"<script> [1562 bytes]","args":[{"selector":{"controlType":"sap.m.GenericTile","properties":{"header":"Manage Warehouse Movements"}},"wdio_ui5_key":"sapm.GenericTile{\"header\":\"Manage Warehouse Movements\"}"}]}
RESULT: {"script":"<script> [1562 bytes]","args":[{"selector":{"controlType":"sap.m.GenericTile","properties":{"header":"Manage Warehouse Movements"}},"wdio_ui5_key":"sapm.GenericTile{\"header\":\"Manage Warehouse Movements\"}"}]}
RESULT: undefined
COMMAND: POST /session/121b5910f067d4d1941a4df48d2c59fa/element - {"using":"xpath","value":"//*[@id=\"__tile105\"]"}
RESULT: {"using":"xpath","value":"//*[@id=\"__tile105\"]"}
COMMAND: POST /session/121b5910f067d4d1941a4df48d2c59fa/element/f.F80EBE20359F196FC2F6F7CC51ACB296.d.E9E2517D497F1DEAD3D48A40FACFBE86.e.3844/click - {}
RESULT: {}
COMMAND: GET /session/121b5910f067d4d1941a4df48d2c59fa/screenshot - {}
RESULT: {}
COMMAND: POST /session/121b5910f067d4d1941a4df48d2c59fa/elements - {"using":"xpath","value":"//span[text()='Error']"}
RESULT: {"using":"xpath","value":"//span[text()='Error']"}
COMMAND: POST /session/121b5910f067d4d1941a4df48d2c59fa/element - {"using":"xpath","value":"//input[@id='application-warehousemovements-display-component---warehouseMovements--smartFilterBar-filterItemControl_BASIC-YARD-inner']"}
RESULT: {"using":"xpath","value":"//input[@id='application-warehousemovements-display-component---warehouseMovements--smartFilterBar-filterItemControl_BASIC-YARD-inner']"}
COMMAND: POST /session/121b5910f067d4d1941a4df48d2c59fa/elements - {"using":"xpath","value":"//input[@id='application-warehousemovements-display-component---warehouseMovements--smartFilterBar-filterItemControl_BASIC-YARD-inner']"}
RESULT: {"using":"xpath","value":"//input[@id='application-warehousemovements-display-component---warehouseMovements--smartFilterBar-filterItemControl_BASIC-YARD-inner']"}
COMMAND: POST /session/121b5910f067d4d1941a4df48d2c59fa/execute/sync - {"script":"<script> [8489 bytes]","args":[{"element-6066-11e4-a52e-4f735466cecf":"f.F80EBE20359F196FC2F6F7CC51ACB296.d.E9E2517D497F1DEAD3D48A40FACFBE86.e.3866","ELEMENT":"f.F80EBE20359F196FC2F6F7CC51ACB296.d.E9E2517D497F1DEAD3D48A40FACFBE86.e.3866"}]}
RESULT: {"script":"<script> [8489 bytes]","args":[{"element-6066-11e4-a52e-4f735466cecf":"f.F80EBE20359F196FC2F6F7CC51ACB296.d.E9E2517D497F1DEAD3D48A40FACFBE86.e.3866","ELEMENT":"f.F80EBE20359F196FC2F6F7CC51ACB296.d.E9E2517D497F1DEAD3D48A40FACFBE86.e.3866"}]}
COMMAND: GET /session/121b5910f067d4d1941a4df48d2c59fa/element/f.F80EBE20359F196FC2F6F7CC51ACB296.d.E9E2517D497F1DEAD3D48A40FACFBE86.e.3866/enabled - {}
COMMAND: GET /session/121b5910f067d4d1941a4df48d2c59fa/screenshot - {}
RESULT: {}
COMMAND: POST /session/121b5910f067d4d1941a4df48d2c59fa/execute/sync - {"script":"<script> [8489 bytes]","args":[{"element-6066-11e4-a52e-4f735466cecf":"f.F80EBE20359F196FC2F6F7CC51ACB296.d.E9E2517D497F1DEAD3D48A40FACFBE86.e.3866","ELEMENT":"f.F80EBE20359F196FC2F6F7CC51ACB296.d.E9E2517D497F1DEAD3D48A40FACFBE86.e.3866"}]}
COMMAND: GET /session/121b5910f067d4d1941a4df48d2c59fa/screenshot - {}
RESULT: {}
RESULT: {"script":"<script> [8489 bytes]","args":[{"element-6066-11e4-a52e-4f735466cecf":"f.F80EBE20359F196FC2F6F7CC51ACB296.d.E9E2517D497F1DEAD3D48A40FACFBE86.e.3866","ELEMENT":"f.F80EBE20359F196FC2F6F7CC51ACB296.d.E9E2517D497F1DEAD3D48A40FACFBE86.e.3866"}]}
COMMAND: POST /session/121b5910f067d4d1941a4df48d2c59fa/execute/sync - {"script":"<script> [5351 bytes]","args":[{"element-6066-11e4-a52e-4f735466cecf":"f.F80EBE20359F196FC2F6F7CC51ACB296.d.E9E2517D497F1DEAD3D48A40FACFBE86.e.3866","ELEMENT":"f.F80EBE20359F196FC2F6F7CC51ACB296.d.E9E2517D497F1DEAD3D48A40FACFBE86.e.3866"}]}
COMMAND: GET /session/121b5910f067d4d1941a4df48d2c59fa/screenshot - {}
RESULT: {}
RESULT: {"script":"<script> [5351 bytes]","args":[{"element-6066-11e4-a52e-4f735466cecf":"f.F80EBE20359F196FC2F6F7CC51ACB296.d.E9E2517D497F1DEAD3D48A40FACFBE86.e.3866","ELEMENT":"f.F80EBE20359F196FC2F6F7CC51ACB296.d.E9E2517D497F1DEAD3D48A40FACFBE86.e.3866"}]}
COMMAND: GET /session/121b5910f067d4d1941a4df48d2c59fa/screenshot - {}
RESULT: {}
RESULT: {}
COMMAND: POST /session/121b5910f067d4d1941a4df48d2c59fa/element/f.F80EBE20359F196FC2F6F7CC51ACB296.d.E9E2517D497F1DEAD3D48A40FACFBE86.e.3866/clear - {}
RESULT: {}
COMMAND: POST /session/121b5910f067d4d1941a4df48d2c59fa/element/f.F80EBE20359F196FC2F6F7CC51ACB296.d.E9E2517D497F1DEAD3D48A40FACFBE86.e.3866/value - {"text":"427"}
COMMAND: GET /session/121b5910f067d4d1941a4df48d2c59fa/screenshot - {}
RESULT: {}
RESULT: {"text":"427"}
COMMAND: POST /session/121b5910f067d4d1941a4df48d2c59fa/actions - {"actions":[{"id":"action14","type":"key","parameters":{},"actions":[{"type":"keyDown","value":"î€‡"},{"type":"pause","duration":10},{"type":"keyUp","value":"î€‡"}]}]}
COMMAND: GET /session/121b5910f067d4d1941a4df48d2c59fa/screenshot - {}
RESULT: {"actions":[{"id":"action14","type":"key","parameters":{},"actions":[{"type":"keyDown","value":"î€‡"},{"type":"pause","duration":10},{"type":"keyUp","value":"î€‡"}]}]}
COMMAND: GET /session/121b5910f067d4d1941a4df48d2c59fa/screenshot - {}
RESULT: {}
RESULT: {}
COMMAND: POST /session/121b5910f067d4d1941a4df48d2c59fa/element - {"using":"xpath","value":"//button[contains(@data-kt, \"MasterMovementAddOverflowToolbarButton\")]"}
RESULT: {"using":"xpath","value":"//button[contains(@data-kt, \"MasterMovementAddOverflowToolbarButton\")]"}
COMMAND: POST /session/121b5910f067d4d1941a4df48d2c59fa/element/f.F80EBE20359F196FC2F6F7CC51ACB296.d.E9E2517D497F1DEAD3D48A40FACFBE86.e.3886/click - {}
RESULT: {}
COMMAND: GET /session/121b5910f067d4d1941a4df48d2c59fa/screenshot - {}
RESULT: {}
COMMAND: POST /session/121b5910f067d4d1941a4df48d2c59fa/element - {"using":"xpath","value":"//*[@id=\"application-warehousemovements-display-component---addMovement--sectionsList-arrow\"]"}
RESULT: {"using":"xpath","value":"//*[@id=\"application-warehousemovements-display-component---addMovement--sectionsList-arrow\"]"}
COMMAND: POST /session/121b5910f067d4d1941a4df48d2c59fa/element/f.F80EBE20359F196FC2F6F7CC51ACB296.d.E9E2517D497F1DEAD3D48A40FACFBE86.e.4045/click - {}
RESULT: {}
COMMAND: POST /session/121b5910f067d4d1941a4df48d2c59fa/actions - {"actions":[{"id":"action15","type":"key","parameters":{},"actions":[{"type":"keyDown","value":"î€•"},{"type":"pause","duration":10},{"type":"keyUp","value":"î€•"}]}]}
COMMAND: GET /session/121b5910f067d4d1941a4df48d2c59fa/screenshot - {}
RESULT: {"actions":[{"id":"action15","type":"key","parameters":{},"actions":[{"type":"keyDown","value":"î€•"},{"type":"pause","duration":10},{"type":"keyUp","value":"î€•"}]}]}
COMMAND: GET /session/121b5910f067d4d1941a4df48d2c59fa/screenshot - {}
RESULT: {}
RESULT: {}
COMMAND: POST /session/121b5910f067d4d1941a4df48d2c59fa/actions - {"actions":[{"id":"action16","type":"key","parameters":{},"actions":[{"type":"keyDown","value":"î€‡"},{"type":"pause","duration":10},{"type":"keyUp","value":"î€‡"}]}]}
RESULT: {"actions":[{"id":"action16","type":"key","parameters":{},"actions":[{"type":"keyDown","value":"î€‡"},{"type":"pause","duration":10},{"type":"keyUp","value":"î€‡"}]}]}
COMMAND: GET /session/121b5910f067d4d1941a4df48d2c59fa/screenshot - {}
RESULT: {}
COMMAND: POST /session/121b5910f067d4d1941a4df48d2c59fa/element - {"using":"xpath","value":"//*[@id=\"application-warehousemovements-display-component---addMovement--saveMovementBtn-BDI-content\" and text()=\"Save\"]"}
RESULT: {"using":"xpath","value":"//*[@id=\"application-warehousemovements-display-component---addMovement--saveMovementBtn-BDI-content\" and text()=\"Save\"]"}
COMMAND: POST /session/121b5910f067d4d1941a4df48d2c59fa/element/f.F80EBE20359F196FC2F6F7CC51ACB296.d.E9E2517D497F1DEAD3D48A40FACFBE86.e.4046/click - {}
RESULT: {}
COMMAND: GET /session/121b5910f067d4d1941a4df48d2c59fa/screenshot - {}
RESULT: {}
COMMAND: POST /session/121b5910f067d4d1941a4df48d2c59fa/element - {"using":"css selector","value":"#shell-header-logo"}
RESULT: {"using":"css selector","value":"#shell-header-logo"}
COMMAND: POST /session/121b5910f067d4d1941a4df48d2c59fa/element/f.F80EBE20359F196FC2F6F7CC51ACB296.d.E9E2517D497F1DEAD3D48A40FACFBE86.e.3846/click - {}
RESULT: {}
COMMAND: GET /session/121b5910f067d4d1941a4df48d2c59fa/screenshot - {}
RESULT: {}
]]></system-out>
    </testcase>
    <testcase classname="chrome.136_0_7103_93.windows.Stock_increase_-_with_WHM_US125587" name="Should do a stock increase handover" time="89.569">
      <system-out><![CDATA[
COMMAND: POST /session/121b5910f067d4d1941a4df48d2c59fa/execute/async - {"script":"<script> [1562 bytes]","args":[{"selector":{"controlType":"sap.m.GenericTile","properties":{"header":"Manage Handovers"}},"wdio_ui5_key":"sapm.GenericTile{\"header\":\"Manage Handovers\"}"}]}
RESULT: {"script":"<script> [1562 bytes]","args":[{"selector":{"controlType":"sap.m.GenericTile","properties":{"header":"Manage Handovers"}},"wdio_ui5_key":"sapm.GenericTile{\"header\":\"Manage Handovers\"}"}]}
RESULT: undefined
COMMAND: POST /session/121b5910f067d4d1941a4df48d2c59fa/element - {"using":"xpath","value":"//*[@id=\"__tile131\"]"}
RESULT: {"using":"xpath","value":"//*[@id=\"__tile131\"]"}
COMMAND: POST /session/121b5910f067d4d1941a4df48d2c59fa/element/f.F80EBE20359F196FC2F6F7CC51ACB296.d.E9E2517D497F1DEAD3D48A40FACFBE86.e.2722/click - {}
RESULT: {}
COMMAND: GET /session/121b5910f067d4d1941a4df48d2c59fa/screenshot - {}
RESULT: {}
COMMAND: POST /session/121b5910f067d4d1941a4df48d2c59fa/elements - {"using":"xpath","value":"//span[text()='Error']"}
RESULT: {"using":"xpath","value":"//span[text()='Error']"}
COMMAND: POST /session/121b5910f067d4d1941a4df48d2c59fa/element - {"using":"xpath","value":"//button[@data-kt=\"masterHOAddButton\"]"}
RESULT: {"using":"xpath","value":"//button[@data-kt=\"masterHOAddButton\"]"}
COMMAND: POST /session/121b5910f067d4d1941a4df48d2c59fa/elements - {"using":"xpath","value":"//button[@data-kt=\"masterHOAddButton\"]"}
RESULT: {"using":"xpath","value":"//button[@data-kt=\"masterHOAddButton\"]"}
COMMAND: POST /session/121b5910f067d4d1941a4df48d2c59fa/execute/sync - {"script":"<script> [8489 bytes]","args":[{"element-6066-11e4-a52e-4f735466cecf":"f.F80EBE20359F196FC2F6F7CC51ACB296.d.E9E2517D497F1DEAD3D48A40FACFBE86.e.4146","ELEMENT":"f.F80EBE20359F196FC2F6F7CC51ACB296.d.E9E2517D497F1DEAD3D48A40FACFBE86.e.4146"}]}
RESULT: {"script":"<script> [8489 bytes]","args":[{"element-6066-11e4-a52e-4f735466cecf":"f.F80EBE20359F196FC2F6F7CC51ACB296.d.E9E2517D497F1DEAD3D48A40FACFBE86.e.4146","ELEMENT":"f.F80EBE20359F196FC2F6F7CC51ACB296.d.E9E2517D497F1DEAD3D48A40FACFBE86.e.4146"}]}
COMMAND: GET /session/121b5910f067d4d1941a4df48d2c59fa/element/f.F80EBE20359F196FC2F6F7CC51ACB296.d.E9E2517D497F1DEAD3D48A40FACFBE86.e.4146/enabled - {}
COMMAND: GET /session/121b5910f067d4d1941a4df48d2c59fa/screenshot - {}
RESULT: {}
COMMAND: POST /session/121b5910f067d4d1941a4df48d2c59fa/execute/sync - {"script":"<script> [8489 bytes]","args":[{"element-6066-11e4-a52e-4f735466cecf":"f.F80EBE20359F196FC2F6F7CC51ACB296.d.E9E2517D497F1DEAD3D48A40FACFBE86.e.4146","ELEMENT":"f.F80EBE20359F196FC2F6F7CC51ACB296.d.E9E2517D497F1DEAD3D48A40FACFBE86.e.4146"}]}
COMMAND: GET /session/121b5910f067d4d1941a4df48d2c59fa/screenshot - {}
RESULT: {}
RESULT: {"script":"<script> [8489 bytes]","args":[{"element-6066-11e4-a52e-4f735466cecf":"f.F80EBE20359F196FC2F6F7CC51ACB296.d.E9E2517D497F1DEAD3D48A40FACFBE86.e.4146","ELEMENT":"f.F80EBE20359F196FC2F6F7CC51ACB296.d.E9E2517D497F1DEAD3D48A40FACFBE86.e.4146"}]}
COMMAND: POST /session/121b5910f067d4d1941a4df48d2c59fa/execute/sync - {"script":"<script> [5351 bytes]","args":[{"element-6066-11e4-a52e-4f735466cecf":"f.F80EBE20359F196FC2F6F7CC51ACB296.d.E9E2517D497F1DEAD3D48A40FACFBE86.e.4146","ELEMENT":"f.F80EBE20359F196FC2F6F7CC51ACB296.d.E9E2517D497F1DEAD3D48A40FACFBE86.e.4146"}]}
COMMAND: GET /session/121b5910f067d4d1941a4df48d2c59fa/screenshot - {}
RESULT: {}
RESULT: {"script":"<script> [5351 bytes]","args":[{"element-6066-11e4-a52e-4f735466cecf":"f.F80EBE20359F196FC2F6F7CC51ACB296.d.E9E2517D497F1DEAD3D48A40FACFBE86.e.4146","ELEMENT":"f.F80EBE20359F196FC2F6F7CC51ACB296.d.E9E2517D497F1DEAD3D48A40FACFBE86.e.4146"}]}
COMMAND: POST /session/121b5910f067d4d1941a4df48d2c59fa/element/f.F80EBE20359F196FC2F6F7CC51ACB296.d.E9E2517D497F1DEAD3D48A40FACFBE86.e.4146/click - {}
COMMAND: GET /session/121b5910f067d4d1941a4df48d2c59fa/screenshot - {}
RESULT: {}
RESULT: {}
COMMAND: GET /session/121b5910f067d4d1941a4df48d2c59fa/screenshot - {}
COMMAND: POST /session/121b5910f067d4d1941a4df48d2c59fa/element - {"using":"xpath","value":"//span[contains(@id ,\"AddNewHO--typeSelect-arrow\")]"}
RESULT: {}
RESULT: {}
RESULT: {"using":"xpath","value":"//span[contains(@id ,\"AddNewHO--typeSelect-arrow\")]"}
COMMAND: POST /session/121b5910f067d4d1941a4df48d2c59fa/element/f.F80EBE20359F196FC2F6F7CC51ACB296.d.E9E2517D497F1DEAD3D48A40FACFBE86.e.4517/click - {}
RESULT: {}
COMMAND: GET /session/121b5910f067d4d1941a4df48d2c59fa/screenshot - {}
RESULT: {}
COMMAND: POST /session/121b5910f067d4d1941a4df48d2c59fa/element - {"using":"xpath","value":"(//li[contains(text(), \"stock increase yard\")])[1]"}
RESULT: {"using":"xpath","value":"(//li[contains(text(), \"stock increase yard\")])[1]"}
COMMAND: POST /session/121b5910f067d4d1941a4df48d2c59fa/element/f.F80EBE20359F196FC2F6F7CC51ACB296.d.E9E2517D497F1DEAD3D48A40FACFBE86.e.4518/click - {}
RESULT: {}
COMMAND: GET /session/121b5910f067d4d1941a4df48d2c59fa/screenshot - {}
RESULT: {}
COMMAND: POST /session/121b5910f067d4d1941a4df48d2c59fa/execute/async - {"script":"<script> [1562 bytes]","args":[{"selector":{"id":"application-managehandovers-display-component---AddNewHO--dueDate","interaction":{"idSuffix":"inner"}},"wdio_ui5_key":"applicationmanagehandovers-display-component---AddNewHO--dueDate"}]}
RESULT: {"script":"<script> [1562 bytes]","args":[{"selector":{"id":"application-managehandovers-display-component---AddNewHO--dueDate","interaction":{"idSuffix":"inner"}},"wdio_ui5_key":"applicationmanagehandovers-display-component---AddNewHO--dueDate"}]}
RESULT: undefined
COMMAND: POST /session/121b5910f067d4d1941a4df48d2c59fa/execute/async - {"script":"<script> [6424 bytes]","args":[{"element-6066-11e4-a52e-4f735466cecf":"f.F80EBE20359F196FC2F6F7CC51ACB296.d.E9E2517D497F1DEAD3D48A40FACFBE86.e.4520"},"setValue",["5/16/25"]]}
RESULT: {"script":"<script> [6424 bytes]","args":[{"element-6066-11e4-a52e-4f735466cecf":"f.F80EBE20359F196FC2F6F7CC51ACB296.d.E9E2517D497F1DEAD3D48A40FACFBE86.e.4520"},"setValue",["5/16/25"]]}
COMMAND: POST /session/121b5910f067d4d1941a4df48d2c59fa/element - {"using":"xpath","value":"//input[@id=\"generalSectionFrg--receiveYard-inner\"]"}
RESULT: {"using":"xpath","value":"//input[@id=\"generalSectionFrg--receiveYard-inner\"]"}
COMMAND: POST /session/121b5910f067d4d1941a4df48d2c59fa/element/f.F80EBE20359F196FC2F6F7CC51ACB296.d.E9E2517D497F1DEAD3D48A40FACFBE86.e.4524/clear - {}
RESULT: {}
COMMAND: POST /session/121b5910f067d4d1941a4df48d2c59fa/element/f.F80EBE20359F196FC2F6F7CC51ACB296.d.E9E2517D497F1DEAD3D48A40FACFBE86.e.4524/value - {"text":"427"}
COMMAND: GET /session/121b5910f067d4d1941a4df48d2c59fa/screenshot - {}
RESULT: {}
RESULT: {"text":"427"}
COMMAND: GET /session/121b5910f067d4d1941a4df48d2c59fa/screenshot - {}
RESULT: {}
COMMAND: POST /session/121b5910f067d4d1941a4df48d2c59fa/element - {"using":"xpath","value":"//li[.//span[text()='427']]"}
RESULT: {"using":"xpath","value":"//li[.//span[text()='427']]"}
COMMAND: POST /session/121b5910f067d4d1941a4df48d2c59fa/element/f.F80EBE20359F196FC2F6F7CC51ACB296.d.E9E2517D497F1DEAD3D48A40FACFBE86.e.4542/click - {}
RESULT: {}
COMMAND: GET /session/121b5910f067d4d1941a4df48d2c59fa/screenshot - {}
RESULT: {}
COMMAND: POST /session/121b5910f067d4d1941a4df48d2c59fa/execute/async - {"script":"<script> [1562 bytes]","args":[{"selector":{"id":"application-managehandovers-display-component---AddNewHO--ObjectPageLayout-anchBar-application-managehandovers-display-component---AddNewHO--section4-anchor","interaction":{"idSuffix":"BDI-content"}},"wdio_ui5_key":"applicationmanagehandovers-display-component---AddNewHO--ObjectPageLayout-anchBar-application-managehandovers-display-component---AddNewHO--section4-anchor"}]}
RESULT: {"script":"<script> [1562 bytes]","args":[{"selector":{"id":"application-managehandovers-display-component---AddNewHO--ObjectPageLayout-anchBar-application-managehandovers-display-component---AddNewHO--section4-anchor","interaction":{"idSuffix":"BDI-content"}},"wdio_ui5_key":"applicationmanagehandovers-display-component---AddNewHO--ObjectPageLayout-anchBar-application-managehandovers-display-component---AddNewHO--section4-anchor"}]}
RESULT: undefined
COMMAND: POST /session/121b5910f067d4d1941a4df48d2c59fa/element - {"using":"xpath","value":"//*[@id=\"application-managehandovers-display-component---AddNewHO--ObjectPageLayout-anchBar-application-managehandovers-display-component---AddNewHO--section4-anchor\"]"}
RESULT: {"using":"xpath","value":"//*[@id=\"application-managehandovers-display-component---AddNewHO--ObjectPageLayout-anchBar-application-managehandovers-display-component---AddNewHO--section4-anchor\"]"}
COMMAND: POST /session/121b5910f067d4d1941a4df48d2c59fa/element/f.F80EBE20359F196FC2F6F7CC51ACB296.d.E9E2517D497F1DEAD3D48A40FACFBE86.e.4544/click - {}
RESULT: {}
COMMAND: POST /session/121b5910f067d4d1941a4df48d2c59fa/element - {"using":"xpath","value":"//button[@aria-label=\"Add\"]"}
COMMAND: GET /session/121b5910f067d4d1941a4df48d2c59fa/screenshot - {}
RESULT: {"using":"xpath","value":"//button[@aria-label=\"Add\"]"}
COMMAND: POST /session/121b5910f067d4d1941a4df48d2c59fa/element/f.F80EBE20359F196FC2F6F7CC51ACB296.d.E9E2517D497F1DEAD3D48A40FACFBE86.e.4546/click - {}
RESULT: {}
RESULT: {}
COMMAND: GET /session/121b5910f067d4d1941a4df48d2c59fa/screenshot - {}
RESULT: {}
COMMAND: POST /session/121b5910f067d4d1941a4df48d2c59fa/execute/async - {"script":"<script> [1562 bytes]","args":[{"selector":{"id":"application-managehandovers-display-component---AddNewHO--smartFilterBar-btnBasicSearch","searchOpenDialogs":true,"interaction":{"idSuffix":"I"}},"wdio_ui5_key":"applicationmanagehandovers-display-component---AddNewHO--smartFilterBar-btnBasicSearch"}]}
RESULT: {"script":"<script> [1562 bytes]","args":[{"selector":{"id":"application-managehandovers-display-component---AddNewHO--smartFilterBar-btnBasicSearch","searchOpenDialogs":true,"interaction":{"idSuffix":"I"}},"wdio_ui5_key":"applicationmanagehandovers-display-component---AddNewHO--smartFilterBar-btnBasicSearch"}]}
RESULT: undefined
COMMAND: POST /session/121b5910f067d4d1941a4df48d2c59fa/execute/async - {"script":"<script> [776 bytes]","args":[{"enterText":"200203","selector":{"id":"application-managehandovers-display-component---AddNewHO--smartFilterBar-btnBasicSearch","searchOpenDialogs":true,"interaction":{"idSuffix":"I"}},"clearTextFirst":true,"interactionType":"ENTER_TEXT"}]}
RESULT: {"script":"<script> [776 bytes]","args":[{"enterText":"200203","selector":{"id":"application-managehandovers-display-component---AddNewHO--smartFilterBar-btnBasicSearch","searchOpenDialogs":true,"interaction":{"idSuffix":"I"}},"clearTextFirst":true,"interactionType":"ENTER_TEXT"}]}
COMMAND: POST /session/121b5910f067d4d1941a4df48d2c59fa/actions - {"actions":[{"id":"action17","type":"key","parameters":{},"actions":[{"type":"keyDown","value":"î€‡"},{"type":"pause","duration":10},{"type":"keyUp","value":"î€‡"}]}]}
RESULT: {"actions":[{"id":"action17","type":"key","parameters":{},"actions":[{"type":"keyDown","value":"î€‡"},{"type":"pause","duration":10},{"type":"keyUp","value":"î€‡"}]}]}
COMMAND: GET /session/121b5910f067d4d1941a4df48d2c59fa/screenshot - {}
RESULT: {}
COMMAND: POST /session/121b5910f067d4d1941a4df48d2c59fa/execute/async - {"script":"<script> [1562 bytes]","args":[{"selector":{"id":"application-managehandovers-display-component---AddNewHO--popup-sa","searchOpenDialogs":true,"interaction":{"idSuffix":"CbBg"}},"wdio_ui5_key":"applicationmanagehandovers-display-component---AddNewHO--popup-sa"}]}
RESULT: {"script":"<script> [1562 bytes]","args":[{"selector":{"id":"application-managehandovers-display-component---AddNewHO--popup-sa","searchOpenDialogs":true,"interaction":{"idSuffix":"CbBg"}},"wdio_ui5_key":"applicationmanagehandovers-display-component---AddNewHO--popup-sa"}]}
RESULT: undefined
COMMAND: POST /session/121b5910f067d4d1941a4df48d2c59fa/element - {"using":"xpath","value":"//*[@id=\"application-managehandovers-display-component---AddNewHO--popup-sa\"]"}
RESULT: {"using":"xpath","value":"//*[@id=\"application-managehandovers-display-component---AddNewHO--popup-sa\"]"}
COMMAND: POST /session/121b5910f067d4d1941a4df48d2c59fa/element/f.F80EBE20359F196FC2F6F7CC51ACB296.d.E9E2517D497F1DEAD3D48A40FACFBE86.e.4699/click - {}
RESULT: {}
COMMAND: GET /session/121b5910f067d4d1941a4df48d2c59fa/screenshot - {}
RESULT: {}
COMMAND: POST /session/121b5910f067d4d1941a4df48d2c59fa/element - {"using":"xpath","value":"//bdi[contains(text(), \"Select\")]"}
RESULT: {"using":"xpath","value":"//bdi[contains(text(), \"Select\")]"}
COMMAND: POST /session/121b5910f067d4d1941a4df48d2c59fa/element/f.F80EBE20359F196FC2F6F7CC51ACB296.d.E9E2517D497F1DEAD3D48A40FACFBE86.e.4700/click - {}
RESULT: {}
COMMAND: GET /session/121b5910f067d4d1941a4df48d2c59fa/screenshot - {}
RESULT: {}
COMMAND: POST /session/121b5910f067d4d1941a4df48d2c59fa/element - {"using":"xpath","value":"//button[@data-kt=\"AddNewHOSaveButton\"]"}
RESULT: {"using":"xpath","value":"//button[@data-kt=\"AddNewHOSaveButton\"]"}
COMMAND: POST /session/121b5910f067d4d1941a4df48d2c59fa/element/f.F80EBE20359F196FC2F6F7CC51ACB296.d.E9E2517D497F1DEAD3D48A40FACFBE86.e.4704/click - {}
RESULT: {}
COMMAND: GET /session/121b5910f067d4d1941a4df48d2c59fa/screenshot - {}
RESULT: {}
COMMAND: POST /session/121b5910f067d4d1941a4df48d2c59fa/execute/async - {"script":"<script> [1562 bytes]","args":[{"selector":{"id":"receiptDatePicker","viewName":"etm.portal.ui.managehandovers.view.DetailExecuteHO","interaction":{"idSuffix":"inner"}},"wdio_ui5_key":"receiptDatePickeretmportal.ui.managehandovers.view.DetailExecuteHO"}]}
RESULT: {"script":"<script> [1562 bytes]","args":[{"selector":{"id":"receiptDatePicker","viewName":"etm.portal.ui.managehandovers.view.DetailExecuteHO","interaction":{"idSuffix":"inner"}},"wdio_ui5_key":"receiptDatePickeretmportal.ui.managehandovers.view.DetailExecuteHO"}]}
RESULT: undefined
COMMAND: POST /session/121b5910f067d4d1941a4df48d2c59fa/execute/async - {"script":"<script> [6424 bytes]","args":[{"element-6066-11e4-a52e-4f735466cecf":"f.F80EBE20359F196FC2F6F7CC51ACB296.d.E9E2517D497F1DEAD3D48A40FACFBE86.e.4722"},"setValue",["5/16/25"]]}
RESULT: {"script":"<script> [6424 bytes]","args":[{"element-6066-11e4-a52e-4f735466cecf":"f.F80EBE20359F196FC2F6F7CC51ACB296.d.E9E2517D497F1DEAD3D48A40FACFBE86.e.4722"},"setValue",["5/16/25"]]}
COMMAND: POST /session/121b5910f067d4d1941a4df48d2c59fa/element - {"using":"xpath","value":"//button[@data-kt=\"PickingTableConfirmAllButton\"]"}
RESULT: {"using":"xpath","value":"//button[@data-kt=\"PickingTableConfirmAllButton\"]"}
COMMAND: POST /session/121b5910f067d4d1941a4df48d2c59fa/element/f.F80EBE20359F196FC2F6F7CC51ACB296.d.E9E2517D497F1DEAD3D48A40FACFBE86.e.4739/click - {}
RESULT: {}
COMMAND: GET /session/121b5910f067d4d1941a4df48d2c59fa/screenshot - {}
RESULT: {}
COMMAND: POST /session/121b5910f067d4d1941a4df48d2c59fa/element - {"using":"xpath","value":"//bdi[contains(text(), \"OK\")]"}
RESULT: {"using":"xpath","value":"//bdi[contains(text(), \"OK\")]"}
COMMAND: POST /session/121b5910f067d4d1941a4df48d2c59fa/element/f.F80EBE20359F196FC2F6F7CC51ACB296.d.E9E2517D497F1DEAD3D48A40FACFBE86.e.4741/click - {}
RESULT: {}
COMMAND: GET /session/121b5910f067d4d1941a4df48d2c59fa/screenshot - {}
RESULT: {}
COMMAND: POST /session/121b5910f067d4d1941a4df48d2c59fa/element - {"using":"xpath","value":"(//bdi[contains(text(), \"Receive\")])[2]"}
RESULT: {"using":"xpath","value":"(//bdi[contains(text(), \"Receive\")])[2]"}
COMMAND: POST /session/121b5910f067d4d1941a4df48d2c59fa/element/f.F80EBE20359F196FC2F6F7CC51ACB296.d.E9E2517D497F1DEAD3D48A40FACFBE86.e.4743/click - {}
RESULT: {}
COMMAND: GET /session/121b5910f067d4d1941a4df48d2c59fa/screenshot - {}
RESULT: {}
COMMAND: POST /session/121b5910f067d4d1941a4df48d2c59fa/element - {"using":"css selector","value":"#shell-header-logo"}
RESULT: {"using":"css selector","value":"#shell-header-logo"}
COMMAND: POST /session/121b5910f067d4d1941a4df48d2c59fa/element/f.F80EBE20359F196FC2F6F7CC51ACB296.d.E9E2517D497F1DEAD3D48A40FACFBE86.e.4113/click - {}
RESULT: {}
COMMAND: GET /session/121b5910f067d4d1941a4df48d2c59fa/screenshot - {}
RESULT: {}
COMMAND: POST /session/121b5910f067d4d1941a4df48d2c59fa/element - {"using":"css selector","value":"#j_username"}
COMMAND: POST /session/121b5910f067d4d1941a4df48d2c59fa/url - {"url":"https://qa-testing-00-live-etm-ui.cfapps.eu10-004.hana.ondemand.com/"}
RESULT: {"using":"css selector","value":"#j_username"}
COMMAND: POST /session/121b5910f067d4d1941a4df48d2c59fa/element - {"using":"css selector","value":"#j_username"}
RESULT: {"url":"https://qa-testing-00-live-etm-ui.cfapps.eu10-004.hana.ondemand.com/"}
RESULT: undefined
COMMAND: GET /session/121b5910f067d4d1941a4df48d2c59fa/screenshot - {}
RESULT: {"using":"css selector","value":"#j_username"}
COMMAND: POST /session/121b5910f067d4d1941a4df48d2c59fa/element - {"using":"css selector","value":"#shell-header-logo"}
RESULT: {}
RESULT: {"using":"css selector","value":"#shell-header-logo"}
COMMAND: POST /session/121b5910f067d4d1941a4df48d2c59fa/execute/sync - {"script":"<script> [8489 bytes]","args":[{"element-6066-11e4-a52e-4f735466cecf":"f.F80EBE20359F196FC2F6F7CC51ACB296.d.C225BD916E988E97330FCBAEFE22760D.e.4920","ELEMENT":"f.F80EBE20359F196FC2F6F7CC51ACB296.d.C225BD916E988E97330FCBAEFE22760D.e.4920"}]}
RESULT: {"script":"<script> [8489 bytes]","args":[{"element-6066-11e4-a52e-4f735466cecf":"f.F80EBE20359F196FC2F6F7CC51ACB296.d.C225BD916E988E97330FCBAEFE22760D.e.4920","ELEMENT":"f.F80EBE20359F196FC2F6F7CC51ACB296.d.C225BD916E988E97330FCBAEFE22760D.e.4920"}]}
COMMAND: POST /session/121b5910f067d4d1941a4df48d2c59fa/element - {"using":"css selector","value":"#shell-header-logo"}
COMMAND: GET /session/121b5910f067d4d1941a4df48d2c59fa/screenshot - {}
RESULT: {"using":"css selector","value":"#shell-header-logo"}
COMMAND: POST /session/121b5910f067d4d1941a4df48d2c59fa/execute/sync - {"script":"<script> [8489 bytes]","args":[{"element-6066-11e4-a52e-4f735466cecf":"f.F80EBE20359F196FC2F6F7CC51ACB296.d.C225BD916E988E97330FCBAEFE22760D.e.4920","ELEMENT":"f.F80EBE20359F196FC2F6F7CC51ACB296.d.C225BD916E988E97330FCBAEFE22760D.e.4920"}]}
RESULT: {}
RESULT: {"script":"<script> [8489 bytes]","args":[{"element-6066-11e4-a52e-4f735466cecf":"f.F80EBE20359F196FC2F6F7CC51ACB296.d.C225BD916E988E97330FCBAEFE22760D.e.4920","ELEMENT":"f.F80EBE20359F196FC2F6F7CC51ACB296.d.C225BD916E988E97330FCBAEFE22760D.e.4920"}]}
COMMAND: POST /session/121b5910f067d4d1941a4df48d2c59fa/execute/sync - {"script":"<script> [5351 bytes]","args":[{"element-6066-11e4-a52e-4f735466cecf":"f.F80EBE20359F196FC2F6F7CC51ACB296.d.C225BD916E988E97330FCBAEFE22760D.e.4920","ELEMENT":"f.F80EBE20359F196FC2F6F7CC51ACB296.d.C225BD916E988E97330FCBAEFE22760D.e.4920"}]}
COMMAND: GET /session/121b5910f067d4d1941a4df48d2c59fa/screenshot - {}
RESULT: {"script":"<script> [5351 bytes]","args":[{"element-6066-11e4-a52e-4f735466cecf":"f.F80EBE20359F196FC2F6F7CC51ACB296.d.C225BD916E988E97330FCBAEFE22760D.e.4920","ELEMENT":"f.F80EBE20359F196FC2F6F7CC51ACB296.d.C225BD916E988E97330FCBAEFE22760D.e.4920"}]}
COMMAND: POST /session/121b5910f067d4d1941a4df48d2c59fa/element - {"using":"css selector","value":"#shell-header-logo"}
COMMAND: GET /session/121b5910f067d4d1941a4df48d2c59fa/screenshot - {}
RESULT: {}
RESULT: {"using":"css selector","value":"#shell-header-logo"}
COMMAND: POST /session/121b5910f067d4d1941a4df48d2c59fa/element/f.F80EBE20359F196FC2F6F7CC51ACB296.d.C225BD916E988E97330FCBAEFE22760D.e.4920/click - {}
RESULT: {}
RESULT: {}
COMMAND: GET /session/121b5910f067d4d1941a4df48d2c59fa/screenshot - {}
RESULT: {}
COMMAND: POST /session/121b5910f067d4d1941a4df48d2c59fa/execute/async - {"script":"<script> [189 bytes]","args":[]}
RESULT: {"script":"<script> [189 bytes]","args":[]}
COMMAND: POST /session/121b5910f067d4d1941a4df48d2c59fa/execute/async - {"script":"<script> [123 bytes]","args":[]}
RESULT: {"script":"<script> [123 bytes]","args":[]}
COMMAND: POST /session/121b5910f067d4d1941a4df48d2c59fa/timeouts - {"script":"<number>"}
RESULT: {"script":"<number>"}
COMMAND: GET /session/121b5910f067d4d1941a4df48d2c59fa/timeouts - {}
RESULT: {}
RESULT: undefined
COMMAND: POST /session/121b5910f067d4d1941a4df48d2c59fa/execute/async - {"script":"<script> [2676 bytes]","args":[]}
RESULT: {"script":"<script> [2676 bytes]","args":[]}
COMMAND: POST /session/121b5910f067d4d1941a4df48d2c59fa/execute/async - {"script":"<script> [2342 bytes]","args":[{"protocol":"http","hostname":"0.0.0.0","path":"/","capabilities":{"browserName":"chrome","goog:chromeOptions":{"binary":"C:\\Program Files\\Google\\Chrome\\Application\\chrome.exe","args":["--start-maximized"]}},"logLevel":"warn","connectionRetryTimeout":120000,"connectionRetryCount":3,"logLevels":{},"enableDirectConnect":true,"strictSSL":true,"_":"65 more keys: [\"cacheDir\",\"port\",\"requestedCapabilities\",\"automationProtocol\",\"baseUrl\",\"waitforInterval\",\"waitforTimeout\",\"onReload\",\"beforeCommand\",\"afterCommand\",\"rootDir\",\"specs\",\"suites\",\"exclude\",\"groupLogsByTestSpec\",\"excludeDriverLogs\",\"bail\",\"framework\",\"reporters\",\"services\",\"maxInstances\",\"maxInstancesPerCapability\",\"injectGlobals\",\"filesToWatch\",\"execArgv\",\"runnerEnv\",\"runner\",\"shard\",\"specFileRetries\",\"specFileRetriesDelay\",\"specFileRetriesDeferred\",\"reporterSyncInterval\",\"reporterSyncTimeout\",\"cucumberFeaturesWithLineNumbers\",\"autoCompileOpts\",\"mochaOpts\",\"jasmineOpts\",\"cucumberOpts\",\"onPrepare\",\"onWorkerStart\",\"onWorkerEnd\",\"before\",\"beforeSession\",\"beforeSuite\",\"beforeHook\",\"beforeTest\",\"afterTest\",\"afterHook\",\"afterSuite\",\"afterSession\",\"after\",\"onComplete\",\"beforeAssertion\",\"afterAssertion\",\"beforeFeature\",\"beforeScenario\",\"beforeStep\",\"afterStep\",\"afterScenario\",\"afterFeature\",\"_\",\"suite\",\"$0\",\"ignoredWorkerServices\",\"wdi5\"]"}]}
RESULT: {"script":"<script> [2342 bytes]","args":[{"protocol":"http","hostname":"0.0.0.0","path":"/","capabilities":{"browserName":"chrome","goog:chromeOptions":{"binary":"C:\\Program Files\\Google\\Chrome\\Application\\chrome.exe","args":["--start-maximized"]}},"logLevel":"warn","connectionRetryTimeout":120000,"connectionRetryCount":3,"logLevels":{},"enableDirectConnect":true,"strictSSL":true,"_":"65 more keys: [\"cacheDir\",\"port\",\"requestedCapabilities\",\"automationProtocol\",\"baseUrl\",\"waitforInterval\",\"waitforTimeout\",\"onReload\",\"beforeCommand\",\"afterCommand\",\"rootDir\",\"specs\",\"suites\",\"exclude\",\"groupLogsByTestSpec\",\"excludeDriverLogs\",\"bail\",\"framework\",\"reporters\",\"services\",\"maxInstances\",\"maxInstancesPerCapability\",\"injectGlobals\",\"filesToWatch\",\"execArgv\",\"runnerEnv\",\"runner\",\"shard\",\"specFileRetries\",\"specFileRetriesDelay\",\"specFileRetriesDeferred\",\"reporterSyncInterval\",\"reporterSyncTimeout\",\"cucumberFeaturesWithLineNumbers\",\"autoCompileOpts\",\"mochaOpts\",\"jasmineOpts\",\"cucumberOpts\",\"onPrepare\",\"onWorkerStart\",\"onWorkerEnd\",\"before\",\"beforeSession\",\"beforeSuite\",\"beforeHook\",\"beforeTest\",\"afterTest\",\"afterHook\",\"afterSuite\",\"afterSession\",\"after\",\"onComplete\",\"beforeAssertion\",\"afterAssertion\",\"beforeFeature\",\"beforeScenario\",\"beforeStep\",\"afterStep\",\"afterScenario\",\"afterFeature\",\"_\",\"suite\",\"$0\",\"ignoredWorkerServices\",\"wdi5\"]"}]}
COMMAND: POST /session/121b5910f067d4d1941a4df48d2c59fa/execute/async - {"script":"<script> [21126 bytes]","args":[35000]}
RESULT: {"script":"<script> [21126 bytes]","args":[35000]}
COMMAND: POST /session/121b5910f067d4d1941a4df48d2c59fa/window/maximize - {}
RESULT: {}
COMMAND: POST /session/121b5910f067d4d1941a4df48d2c59fa/execute/async - {"script":"<script> [1562 bytes]","args":[{"selector":{"id":"shell-header","interaction":{"idSuffix":"icon"}},"wdio_ui5_key":"shellheader"}]}
COMMAND: GET /session/121b5910f067d4d1941a4df48d2c59fa/screenshot - {}
RESULT: {"script":"<script> [1562 bytes]","args":[{"selector":{"id":"shell-header","interaction":{"idSuffix":"icon"}},"wdio_ui5_key":"shellheader"}]}
RESULT: undefined
COMMAND: POST /session/121b5910f067d4d1941a4df48d2c59fa/window/fullscreen - {}
RESULT: {}
RESULT: {}
]]></system-out>
    </testcase>
  </testsuite>
  <testsuite timestamp="2025-05-16T05:54:52" time="141.872" tests="6" failures="0" errors="0" skipped="0">
    <properties>
      <property name="specId" value="0" />
      <property name="suiteName" value="Provide to Site w/ warehouse management w/ clarification US115878" />
      <property name="capabilities" value="chrome.136_0_7103_93.windows" />
      <property name="file" value="file:///D:/a/1/s/test/specs/HTR/provide-to-site-w-warehouse-w-clarification.spec.js" />
    </properties>
    <testcase classname="chrome.136_0_7103_93.windows.Provide_to_Site_w/_warehouse_management_w/_clarification_US115878" name="Should create a new WHM yard" time="0.015">
      <system-out><![CDATA[
COMMAND: POST /session/121b5910f067d4d1941a4df48d2c59fa/window/fullscreen - {}
RESULT: {}
]]></system-out>
    </testcase>
    <testcase classname="chrome.136_0_7103_93.windows.Provide_to_Site_w/_warehouse_management_w/_clarification_US115878" name="Should create a new external WHM partner" time="0.005" />
    <testcase classname="chrome.136_0_7103_93.windows.Provide_to_Site_w/_warehouse_management_w/_clarification_US115878" name="Should create a new WHM site" time="0.005" />
    <testcase classname="chrome.136_0_7103_93.windows.Provide_to_Site_w/_warehouse_management_w/_clarification_US115878" name="Should create a new material" time="127.32">
      <system-out><![CDATA[
COMMAND: POST /session/121b5910f067d4d1941a4df48d2c59fa/execute/async - {"script":"<script> [1562 bytes]","args":[{"selector":{"controlType":"sap.m.GenericTile","properties":{"header":"Manage Resources"}},"wdio_ui5_key":"sapm.GenericTile{\"header\":\"Manage Resources\"}"}]}
RESULT: {"script":"<script> [1562 bytes]","args":[{"selector":{"controlType":"sap.m.GenericTile","properties":{"header":"Manage Resources"}},"wdio_ui5_key":"sapm.GenericTile{\"header\":\"Manage Resources\"}"}]}
RESULT: undefined
COMMAND: POST /session/121b5910f067d4d1941a4df48d2c59fa/element - {"using":"xpath","value":"//*[@id=\"__tile31\"]"}
RESULT: {"using":"xpath","value":"//*[@id=\"__tile31\"]"}
COMMAND: POST /session/121b5910f067d4d1941a4df48d2c59fa/element/f.F80EBE20359F196FC2F6F7CC51ACB296.d.C225BD916E988E97330FCBAEFE22760D.e.4949/click - {}
RESULT: {}
COMMAND: GET /session/121b5910f067d4d1941a4df48d2c59fa/screenshot - {}
RESULT: {}
COMMAND: POST /session/121b5910f067d4d1941a4df48d2c59fa/elements - {"using":"xpath","value":"//span[text()='Error']"}
RESULT: {"using":"xpath","value":"//span[text()='Error']"}
COMMAND: POST /session/121b5910f067d4d1941a4df48d2c59fa/element - {"using":"xpath","value":"//button[@data-kt=\"addNewRUOverflowToolbarButton\"]"}
RESULT: {"using":"xpath","value":"//button[@data-kt=\"addNewRUOverflowToolbarButton\"]"}
COMMAND: POST /session/121b5910f067d4d1941a4df48d2c59fa/elements - {"using":"xpath","value":"//button[@data-kt=\"addNewRUOverflowToolbarButton\"]"}
RESULT: {"using":"xpath","value":"//button[@data-kt=\"addNewRUOverflowToolbarButton\"]"}
COMMAND: POST /session/121b5910f067d4d1941a4df48d2c59fa/elements - {"using":"xpath","value":"//button[@data-kt=\"addNewRUOverflowToolbarButton\"]"}
RESULT: {"using":"xpath","value":"//button[@data-kt=\"addNewRUOverflowToolbarButton\"]"}
COMMAND: POST /session/121b5910f067d4d1941a4df48d2c59fa/elements - {"using":"xpath","value":"//button[@data-kt=\"addNewRUOverflowToolbarButton\"]"}
RESULT: {"using":"xpath","value":"//button[@data-kt=\"addNewRUOverflowToolbarButton\"]"}
COMMAND: POST /session/121b5910f067d4d1941a4df48d2c59fa/elements - {"using":"xpath","value":"//button[@data-kt=\"addNewRUOverflowToolbarButton\"]"}
RESULT: {"using":"xpath","value":"//button[@data-kt=\"addNewRUOverflowToolbarButton\"]"}
COMMAND: POST /session/121b5910f067d4d1941a4df48d2c59fa/elements - {"using":"xpath","value":"//button[@data-kt=\"addNewRUOverflowToolbarButton\"]"}
RESULT: {"using":"xpath","value":"//button[@data-kt=\"addNewRUOverflowToolbarButton\"]"}
COMMAND: POST /session/121b5910f067d4d1941a4df48d2c59fa/elements - {"using":"xpath","value":"//button[@data-kt=\"addNewRUOverflowToolbarButton\"]"}
RESULT: {"using":"xpath","value":"//button[@data-kt=\"addNewRUOverflowToolbarButton\"]"}
COMMAND: POST /session/121b5910f067d4d1941a4df48d2c59fa/elements - {"using":"xpath","value":"//button[@data-kt=\"addNewRUOverflowToolbarButton\"]"}
RESULT: {"using":"xpath","value":"//button[@data-kt=\"addNewRUOverflowToolbarButton\"]"}
COMMAND: POST /session/121b5910f067d4d1941a4df48d2c59fa/elements - {"using":"xpath","value":"//button[@data-kt=\"addNewRUOverflowToolbarButton\"]"}
RESULT: {"using":"xpath","value":"//button[@data-kt=\"addNewRUOverflowToolbarButton\"]"}
COMMAND: POST /session/121b5910f067d4d1941a4df48d2c59fa/element - {"using":"xpath","value":"//button[@data-kt=\"addNewRUOverflowToolbarButton\"]"}
RESULT: {"using":"xpath","value":"//button[@data-kt=\"addNewRUOverflowToolbarButton\"]"}
COMMAND: POST /session/121b5910f067d4d1941a4df48d2c59fa/execute/sync - {"script":"<script> [8489 bytes]","args":[{"element-6066-11e4-a52e-4f735466cecf":"f.F80EBE20359F196FC2F6F7CC51ACB296.d.C225BD916E988E97330FCBAEFE22760D.e.5079","ELEMENT":"f.F80EBE20359F196FC2F6F7CC51ACB296.d.C225BD916E988E97330FCBAEFE22760D.e.5079"}]}
RESULT: {"script":"<script> [8489 bytes]","args":[{"element-6066-11e4-a52e-4f735466cecf":"f.F80EBE20359F196FC2F6F7CC51ACB296.d.C225BD916E988E97330FCBAEFE22760D.e.5079","ELEMENT":"f.F80EBE20359F196FC2F6F7CC51ACB296.d.C225BD916E988E97330FCBAEFE22760D.e.5079"}]}
COMMAND: GET /session/121b5910f067d4d1941a4df48d2c59fa/element/f.F80EBE20359F196FC2F6F7CC51ACB296.d.C225BD916E988E97330FCBAEFE22760D.e.5079/enabled - {}
COMMAND: GET /session/121b5910f067d4d1941a4df48d2c59fa/screenshot - {}
RESULT: {}
COMMAND: POST /session/121b5910f067d4d1941a4df48d2c59fa/execute/sync - {"script":"<script> [8489 bytes]","args":[{"element-6066-11e4-a52e-4f735466cecf":"f.F80EBE20359F196FC2F6F7CC51ACB296.d.C225BD916E988E97330FCBAEFE22760D.e.5079","ELEMENT":"f.F80EBE20359F196FC2F6F7CC51ACB296.d.C225BD916E988E97330FCBAEFE22760D.e.5079"}]}
COMMAND: GET /session/121b5910f067d4d1941a4df48d2c59fa/screenshot - {}
RESULT: {}
RESULT: {"script":"<script> [8489 bytes]","args":[{"element-6066-11e4-a52e-4f735466cecf":"f.F80EBE20359F196FC2F6F7CC51ACB296.d.C225BD916E988E97330FCBAEFE22760D.e.5079","ELEMENT":"f.F80EBE20359F196FC2F6F7CC51ACB296.d.C225BD916E988E97330FCBAEFE22760D.e.5079"}]}
COMMAND: POST /session/121b5910f067d4d1941a4df48d2c59fa/execute/sync - {"script":"<script> [5351 bytes]","args":[{"element-6066-11e4-a52e-4f735466cecf":"f.F80EBE20359F196FC2F6F7CC51ACB296.d.C225BD916E988E97330FCBAEFE22760D.e.5079","ELEMENT":"f.F80EBE20359F196FC2F6F7CC51ACB296.d.C225BD916E988E97330FCBAEFE22760D.e.5079"}]}
COMMAND: GET /session/121b5910f067d4d1941a4df48d2c59fa/screenshot - {}
RESULT: {}
RESULT: {"script":"<script> [5351 bytes]","args":[{"element-6066-11e4-a52e-4f735466cecf":"f.F80EBE20359F196FC2F6F7CC51ACB296.d.C225BD916E988E97330FCBAEFE22760D.e.5079","ELEMENT":"f.F80EBE20359F196FC2F6F7CC51ACB296.d.C225BD916E988E97330FCBAEFE22760D.e.5079"}]}
COMMAND: POST /session/121b5910f067d4d1941a4df48d2c59fa/element/f.F80EBE20359F196FC2F6F7CC51ACB296.d.C225BD916E988E97330FCBAEFE22760D.e.5079/click - {}
COMMAND: GET /session/121b5910f067d4d1941a4df48d2c59fa/screenshot - {}
RESULT: {}
RESULT: {}
COMMAND: GET /session/121b5910f067d4d1941a4df48d2c59fa/screenshot - {}
RESULT: {}
RESULT: {}
COMMAND: POST /session/121b5910f067d4d1941a4df48d2c59fa/execute/async - {"script":"<script> [1562 bytes]","args":[{"selector":{"id":"application-manageresources-display-component---newResourceUnit--TYPE-arrow"},"wdio_ui5_key":"applicationmanageresources-display-component---newResourceUnit--TYPE-arrow"}]}
RESULT: {"script":"<script> [1562 bytes]","args":[{"selector":{"id":"application-manageresources-display-component---newResourceUnit--TYPE-arrow"},"wdio_ui5_key":"applicationmanageresources-display-component---newResourceUnit--TYPE-arrow"}]}
RESULT: undefined
COMMAND: POST /session/121b5910f067d4d1941a4df48d2c59fa/element - {"using":"xpath","value":"//*[@id=\"application-manageresources-display-component---newResourceUnit--TYPE-arrow\"]"}
RESULT: {"using":"xpath","value":"//*[@id=\"application-manageresources-display-component---newResourceUnit--TYPE-arrow\"]"}
COMMAND: POST /session/121b5910f067d4d1941a4df48d2c59fa/element/f.F80EBE20359F196FC2F6F7CC51ACB296.d.C225BD916E988E97330FCBAEFE22760D.e.5438/click - {}
RESULT: {}
COMMAND: POST /session/121b5910f067d4d1941a4df48d2c59fa/element - {"using":"xpath","value":"//input[@id=\"application-manageresources-display-component---newResourceUnit--TYPE-inner\"]"}
COMMAND: GET /session/121b5910f067d4d1941a4df48d2c59fa/screenshot - {}
RESULT: {"using":"xpath","value":"//input[@id=\"application-manageresources-display-component---newResourceUnit--TYPE-inner\"]"}
COMMAND: POST /session/121b5910f067d4d1941a4df48d2c59fa/element/f.F80EBE20359F196FC2F6F7CC51ACB296.d.C225BD916E988E97330FCBAEFE22760D.e.5432/clear - {}
RESULT: {}
RESULT: {}
COMMAND: POST /session/121b5910f067d4d1941a4df48d2c59fa/element/f.F80EBE20359F196FC2F6F7CC51ACB296.d.C225BD916E988E97330FCBAEFE22760D.e.5432/value - {"text":"Material"}
COMMAND: GET /session/121b5910f067d4d1941a4df48d2c59fa/screenshot - {}
RESULT: {"text":"Material"}
COMMAND: GET /session/121b5910f067d4d1941a4df48d2c59fa/screenshot - {}
RESULT: {}
RESULT: {}
COMMAND: POST /session/121b5910f067d4d1941a4df48d2c59fa/actions - {"actions":[{"id":"action18","type":"key","parameters":{},"actions":[{"type":"keyDown","value":"î€‡"},{"type":"pause","duration":10},{"type":"keyUp","value":"î€‡"}]}]}
RESULT: {"actions":[{"id":"action18","type":"key","parameters":{},"actions":[{"type":"keyDown","value":"î€‡"},{"type":"pause","duration":10},{"type":"keyUp","value":"î€‡"}]}]}
COMMAND: POST /session/121b5910f067d4d1941a4df48d2c59fa/execute/async - {"script":"<script> [1562 bytes]","args":[{"selector":{"id":"application-manageresources-display-component---newResourceUnit--SHORT_TEXT","interaction":{"idSuffix":"inner"}},"wdio_ui5_key":"applicationmanageresources-display-component---newResourceUnit--SHORT_TEXT"}]}
COMMAND: GET /session/121b5910f067d4d1941a4df48d2c59fa/screenshot - {}
RESULT: {"script":"<script> [1562 bytes]","args":[{"selector":{"id":"application-manageresources-display-component---newResourceUnit--SHORT_TEXT","interaction":{"idSuffix":"inner"}},"wdio_ui5_key":"applicationmanageresources-display-component---newResourceUnit--SHORT_TEXT"}]}
RESULT: undefined
COMMAND: POST /session/121b5910f067d4d1941a4df48d2c59fa/execute/async - {"script":"<script> [776 bytes]","args":[{"enterText":"Cement WDIO","selector":{"id":"application-manageresources-display-component---newResourceUnit--SHORT_TEXT","interaction":{"idSuffix":"inner"}},"clearTextFirst":true,"interactionType":"ENTER_TEXT"}]}
RESULT: {}
RESULT: {"script":"<script> [776 bytes]","args":[{"enterText":"Cement WDIO","selector":{"id":"application-manageresources-display-component---newResourceUnit--SHORT_TEXT","interaction":{"idSuffix":"inner"}},"clearTextFirst":true,"interactionType":"ENTER_TEXT"}]}
COMMAND: POST /session/121b5910f067d4d1941a4df48d2c59fa/execute/async - {"script":"<script> [1562 bytes]","args":[{"selector":{"id":"application-manageresources-display-component---newResourceUnit--BASE_UNIT_OF_MEASURE","interaction":{"idSuffix":"inner"}},"wdio_ui5_key":"applicationmanageresources-display-component---newResourceUnit--BASE_UNIT_OF_MEASURE"}]}
RESULT: {"script":"<script> [1562 bytes]","args":[{"selector":{"id":"application-manageresources-display-component---newResourceUnit--BASE_UNIT_OF_MEASURE","interaction":{"idSuffix":"inner"}},"wdio_ui5_key":"applicationmanageresources-display-component---newResourceUnit--BASE_UNIT_OF_MEASURE"}]}
RESULT: undefined
COMMAND: POST /session/121b5910f067d4d1941a4df48d2c59fa/execute/async - {"script":"<script> [776 bytes]","args":[{"enterText":"Piece","selector":{"id":"application-manageresources-display-component---newResourceUnit--BASE_UNIT_OF_MEASURE","interaction":{"idSuffix":"inner"}},"clearTextFirst":true,"interactionType":"ENTER_TEXT"}]}
RESULT: {"script":"<script> [776 bytes]","args":[{"enterText":"Piece","selector":{"id":"application-manageresources-display-component---newResourceUnit--BASE_UNIT_OF_MEASURE","interaction":{"idSuffix":"inner"}},"clearTextFirst":true,"interactionType":"ENTER_TEXT"}]}
COMMAND: POST /session/121b5910f067d4d1941a4df48d2c59fa/execute/async - {"script":"<script> [1562 bytes]","args":[{"selector":{"id":"application-manageresources-display-component---newResourceUnit--WEIGHT_UNIT","interaction":{"idSuffix":"inner"}},"wdio_ui5_key":"applicationmanageresources-display-component---newResourceUnit--WEIGHT_UNIT"}]}
RESULT: {"script":"<script> [1562 bytes]","args":[{"selector":{"id":"application-manageresources-display-component---newResourceUnit--WEIGHT_UNIT","interaction":{"idSuffix":"inner"}},"wdio_ui5_key":"applicationmanageresources-display-component---newResourceUnit--WEIGHT_UNIT"}]}
RESULT: undefined
COMMAND: POST /session/121b5910f067d4d1941a4df48d2c59fa/execute/async - {"script":"<script> [776 bytes]","args":[{"enterText":"Gram","selector":{"id":"application-manageresources-display-component---newResourceUnit--WEIGHT_UNIT","interaction":{"idSuffix":"inner"}},"clearTextFirst":true,"interactionType":"ENTER_TEXT"}]}
RESULT: {"script":"<script> [776 bytes]","args":[{"enterText":"Gram","selector":{"id":"application-manageresources-display-component---newResourceUnit--WEIGHT_UNIT","interaction":{"idSuffix":"inner"}},"clearTextFirst":true,"interactionType":"ENTER_TEXT"}]}
COMMAND: POST /session/121b5910f067d4d1941a4df48d2c59fa/execute/async - {"script":"<script> [1562 bytes]","args":[{"selector":{"id":"application-manageresources-display-component---newResourceUnit--DIMENSION_UNIT","interaction":{"idSuffix":"inner"}},"wdio_ui5_key":"applicationmanageresources-display-component---newResourceUnit--DIMENSION_UNIT"}]}
RESULT: {"script":"<script> [1562 bytes]","args":[{"selector":{"id":"application-manageresources-display-component---newResourceUnit--DIMENSION_UNIT","interaction":{"idSuffix":"inner"}},"wdio_ui5_key":"applicationmanageresources-display-component---newResourceUnit--DIMENSION_UNIT"}]}
RESULT: undefined
COMMAND: POST /session/121b5910f067d4d1941a4df48d2c59fa/execute/async - {"script":"<script> [776 bytes]","args":[{"enterText":"Meter","selector":{"id":"application-manageresources-display-component---newResourceUnit--DIMENSION_UNIT","interaction":{"idSuffix":"inner"}},"clearTextFirst":true,"interactionType":"ENTER_TEXT"}]}
RESULT: {"script":"<script> [776 bytes]","args":[{"enterText":"Meter","selector":{"id":"application-manageresources-display-component---newResourceUnit--DIMENSION_UNIT","interaction":{"idSuffix":"inner"}},"clearTextFirst":true,"interactionType":"ENTER_TEXT"}]}
COMMAND: POST /session/121b5910f067d4d1941a4df48d2c59fa/execute/async - {"script":"<script> [1562 bytes]","args":[{"selector":{"id":"application-manageresources-display-component---newResourceUnit--newRRUPage-anchBar-application-manageresources-display-component---newResourceUnit--control-anchor","interaction":{"idSuffix":"BDI-content"}},"wdio_ui5_key":"applicationmanageresources-display-component---newResourceUnit--newRRUPage-anchBar-application-manageresources-display-component---newResourceUnit--control-anchor"}]}
RESULT: {"script":"<script> [1562 bytes]","args":[{"selector":{"id":"application-manageresources-display-component---newResourceUnit--newRRUPage-anchBar-application-manageresources-display-component---newResourceUnit--control-anchor","interaction":{"idSuffix":"BDI-content"}},"wdio_ui5_key":"applicationmanageresources-display-component---newResourceUnit--newRRUPage-anchBar-application-manageresources-display-component---newResourceUnit--control-anchor"}]}
RESULT: undefined
COMMAND: POST /session/121b5910f067d4d1941a4df48d2c59fa/element - {"using":"xpath","value":"//*[@id=\"application-manageresources-display-component---newResourceUnit--newRRUPage-anchBar-application-manageresources-display-component---newResourceUnit--control-anchor\"]"}
RESULT: {"using":"xpath","value":"//*[@id=\"application-manageresources-display-component---newResourceUnit--newRRUPage-anchBar-application-manageresources-display-component---newResourceUnit--control-anchor\"]"}
COMMAND: POST /session/121b5910f067d4d1941a4df48d2c59fa/element/f.F80EBE20359F196FC2F6F7CC51ACB296.d.C225BD916E988E97330FCBAEFE22760D.e.5504/click - {}
RESULT: {}
COMMAND: POST /session/121b5910f067d4d1941a4df48d2c59fa/execute/async - {"script":"<script> [1562 bytes]","args":[{"selector":{"id":"application-manageresources-display-component---newResourceUnit--PLANNING_GROUP","interaction":{"idSuffix":"inner"}},"wdio_ui5_key":"applicationmanageresources-display-component---newResourceUnit--PLANNING_GROUP"}]}
COMMAND: GET /session/121b5910f067d4d1941a4df48d2c59fa/screenshot - {}
RESULT: {"script":"<script> [1562 bytes]","args":[{"selector":{"id":"application-manageresources-display-component---newResourceUnit--PLANNING_GROUP","interaction":{"idSuffix":"inner"}},"wdio_ui5_key":"applicationmanageresources-display-component---newResourceUnit--PLANNING_GROUP"}]}
RESULT: undefined
COMMAND: POST /session/121b5910f067d4d1941a4df48d2c59fa/execute/async - {"script":"<script> [776 bytes]","args":[{"enterText":"Material","selector":{"id":"application-manageresources-display-component---newResourceUnit--PLANNING_GROUP","interaction":{"idSuffix":"inner"}},"clearTextFirst":true,"interactionType":"ENTER_TEXT"}]}
RESULT: {}
RESULT: {"script":"<script> [776 bytes]","args":[{"enterText":"Material","selector":{"id":"application-manageresources-display-component---newResourceUnit--PLANNING_GROUP","interaction":{"idSuffix":"inner"}},"clearTextFirst":true,"interactionType":"ENTER_TEXT"}]}
COMMAND: POST /session/121b5910f067d4d1941a4df48d2c59fa/execute/async - {"script":"<script> [1562 bytes]","args":[{"selector":{"id":"application-manageresources-display-component---newResourceUnit--PLANNING_INDICATOR","interaction":{"idSuffix":"inner"}},"wdio_ui5_key":"applicationmanageresources-display-component---newResourceUnit--PLANNING_INDICATOR"}]}
RESULT: {"script":"<script> [1562 bytes]","args":[{"selector":{"id":"application-manageresources-display-component---newResourceUnit--PLANNING_INDICATOR","interaction":{"idSuffix":"inner"}},"wdio_ui5_key":"applicationmanageresources-display-component---newResourceUnit--PLANNING_INDICATOR"}]}
RESULT: undefined
COMMAND: POST /session/121b5910f067d4d1941a4df48d2c59fa/execute/async - {"script":"<script> [776 bytes]","args":[{"enterText":"10 - infinite","selector":{"id":"application-manageresources-display-component---newResourceUnit--PLANNING_INDICATOR","interaction":{"idSuffix":"inner"}},"clearTextFirst":true,"interactionType":"ENTER_TEXT"}]}
RESULT: {"script":"<script> [776 bytes]","args":[{"enterText":"10 - infinite","selector":{"id":"application-manageresources-display-component---newResourceUnit--PLANNING_INDICATOR","interaction":{"idSuffix":"inner"}},"clearTextFirst":true,"interactionType":"ENTER_TEXT"}]}
COMMAND: POST /session/121b5910f067d4d1941a4df48d2c59fa/element - {"using":"css selector","value":"#application-manageresources-display-component---newResourceUnit--btnAddTimeSegment"}
RESULT: {"using":"css selector","value":"#application-manageresources-display-component---newResourceUnit--btnAddTimeSegment"}
COMMAND: GET /session/121b5910f067d4d1941a4df48d2c59fa/element/f.F80EBE20359F196FC2F6F7CC51ACB296.d.C225BD916E988E97330FCBAEFE22760D.e.5514/rect - {}
RESULT: {}
COMMAND: GET /session/121b5910f067d4d1941a4df48d2c59fa/window/rect - {}
RESULT: {}
COMMAND: POST /session/121b5910f067d4d1941a4df48d2c59fa/execute/sync - {"script":"<script> [92 bytes]","args":[]}
RESULT: {"script":"<script> [92 bytes]","args":[]}
COMMAND: POST /session/121b5910f067d4d1941a4df48d2c59fa/actions - {"actions":[{"id":"action19","type":"wheel","parameters":{},"actions":[{"type":"scroll","x":-1888,"y":-32,"deltaX":0,"deltaY":0,"duration":0,"origin":{"element-6066-11e4-a52e-4f735466cecf":"f.F80EBE20359F196FC2F6F7CC51ACB296.d.C225BD916E988E97330FCBAEFE22760D.e.5514"}}]}]}
COMMAND: GET /session/121b5910f067d4d1941a4df48d2c59fa/screenshot - {}
RESULT: {}
COMMAND: POST /session/121b5910f067d4d1941a4df48d2c59fa/execute/sync - {"script":"<script> [79 bytes]","args":[{"element-6066-11e4-a52e-4f735466cecf":"f.F80EBE20359F196FC2F6F7CC51ACB296.d.C225BD916E988E97330FCBAEFE22760D.e.5514","ELEMENT":"f.F80EBE20359F196FC2F6F7CC51ACB296.d.C225BD916E988E97330FCBAEFE22760D.e.5514"},{"block":"start","inline":"nearest"}]}
RESULT: {"script":"<script> [79 bytes]","args":[{"element-6066-11e4-a52e-4f735466cecf":"f.F80EBE20359F196FC2F6F7CC51ACB296.d.C225BD916E988E97330FCBAEFE22760D.e.5514","ELEMENT":"f.F80EBE20359F196FC2F6F7CC51ACB296.d.C225BD916E988E97330FCBAEFE22760D.e.5514"},{"block":"start","inline":"nearest"}]}
COMMAND: POST /session/121b5910f067d4d1941a4df48d2c59fa/execute/async - {"script":"<script> [1562 bytes]","args":[{"selector":{"id":"application-manageresources-display-component---newResourceUnit--btnAddTimeSegment","interaction":{"idSuffix":"inner"}},"wdio_ui5_key":"applicationmanageresources-display-component---newResourceUnit--btnAddTimeSegment"}]}
COMMAND: GET /session/121b5910f067d4d1941a4df48d2c59fa/screenshot - {}
RESULT: {"script":"<script> [1562 bytes]","args":[{"selector":{"id":"application-manageresources-display-component---newResourceUnit--btnAddTimeSegment","interaction":{"idSuffix":"inner"}},"wdio_ui5_key":"applicationmanageresources-display-component---newResourceUnit--btnAddTimeSegment"}]}
RESULT: undefined
COMMAND: POST /session/121b5910f067d4d1941a4df48d2c59fa/element - {"using":"xpath","value":"//*[@id=\"application-manageresources-display-component---newResourceUnit--btnAddTimeSegment\"]"}
RESULT: {}
RESULT: {"using":"xpath","value":"//*[@id=\"application-manageresources-display-component---newResourceUnit--btnAddTimeSegment\"]"}
COMMAND: POST /session/121b5910f067d4d1941a4df48d2c59fa/element/f.F80EBE20359F196FC2F6F7CC51ACB296.d.C225BD916E988E97330FCBAEFE22760D.e.5514/click - {}
RESULT: {}
COMMAND: GET /session/121b5910f067d4d1941a4df48d2c59fa/screenshot - {}
RESULT: {}
COMMAND: POST /session/121b5910f067d4d1941a4df48d2c59fa/element - {"using":"xpath","value":"//input[@id=\"application-manageresources-display-component---newResourceUnit--idRuTSAdmin-application-manageresources-display-component---newResourceUnit--RUTimeSegment-0-inner\"]"}
RESULT: {"using":"xpath","value":"//input[@id=\"application-manageresources-display-component---newResourceUnit--idRuTSAdmin-application-manageresources-display-component---newResourceUnit--RUTimeSegment-0-inner\"]"}
COMMAND: POST /session/121b5910f067d4d1941a4df48d2c59fa/element/f.F80EBE20359F196FC2F6F7CC51ACB296.d.C225BD916E988E97330FCBAEFE22760D.e.5519/clear - {}
RESULT: {}
COMMAND: POST /session/121b5910f067d4d1941a4df48d2c59fa/element/f.F80EBE20359F196FC2F6F7CC51ACB296.d.C225BD916E988E97330FCBAEFE22760D.e.5519/value - {"text":"427"}
COMMAND: GET /session/121b5910f067d4d1941a4df48d2c59fa/screenshot - {}
RESULT: {"text":"427"}
COMMAND: GET /session/121b5910f067d4d1941a4df48d2c59fa/screenshot - {}
RESULT: {}
RESULT: {}
COMMAND: POST /session/121b5910f067d4d1941a4df48d2c59fa/element - {"using":"xpath","value":"//li[.//span[text()='427']]"}
RESULT: {"using":"xpath","value":"//li[.//span[text()='427']]"}
COMMAND: POST /session/121b5910f067d4d1941a4df48d2c59fa/element/f.F80EBE20359F196FC2F6F7CC51ACB296.d.C225BD916E988E97330FCBAEFE22760D.e.5528/click - {}
RESULT: {}
COMMAND: GET /session/121b5910f067d4d1941a4df48d2c59fa/screenshot - {}
RESULT: {}
COMMAND: POST /session/121b5910f067d4d1941a4df48d2c59fa/element - {"using":"xpath","value":"(//span[contains(@id, \"-application-manageresources-display-component---newResourceUnit--RUTimeSegment-0-arrow\")])[2]"}
RESULT: {"using":"xpath","value":"(//span[contains(@id, \"-application-manageresources-display-component---newResourceUnit--RUTimeSegment-0-arrow\")])[2]"}
COMMAND: POST /session/121b5910f067d4d1941a4df48d2c59fa/element/f.F80EBE20359F196FC2F6F7CC51ACB296.d.C225BD916E988E97330FCBAEFE22760D.e.5529/click - {}
RESULT: {}
COMMAND: POST /session/121b5910f067d4d1941a4df48d2c59fa/element - {"using":"xpath","value":"//span[contains(text(), \"PM Order\")]"}
COMMAND: GET /session/121b5910f067d4d1941a4df48d2c59fa/screenshot - {}
RESULT: {"using":"xpath","value":"//span[contains(text(), \"PM Order\")]"}
COMMAND: POST /session/121b5910f067d4d1941a4df48d2c59fa/element/f.F80EBE20359F196FC2F6F7CC51ACB296.d.C225BD916E988E97330FCBAEFE22760D.e.5530/click - {}
RESULT: {}
RESULT: {}
COMMAND: GET /session/121b5910f067d4d1941a4df48d2c59fa/screenshot - {}
RESULT: {}
COMMAND: POST /session/121b5910f067d4d1941a4df48d2c59fa/element - {"using":"xpath","value":"//td/div/div/div/span[contains(@id, \"newResourceUnit--RUTimeSegment-0-vhi\")][1]"}
RESULT: {"using":"xpath","value":"//td/div/div/div/span[contains(@id, \"newResourceUnit--RUTimeSegment-0-vhi\")][1]"}
COMMAND: GET /session/121b5910f067d4d1941a4df48d2c59fa/element/f.F80EBE20359F196FC2F6F7CC51ACB296.d.C225BD916E988E97330FCBAEFE22760D.e.5534/rect - {}
RESULT: {}
COMMAND: GET /session/121b5910f067d4d1941a4df48d2c59fa/window/rect - {}
RESULT: {}
COMMAND: POST /session/121b5910f067d4d1941a4df48d2c59fa/execute/sync - {"script":"<script> [92 bytes]","args":[]}
RESULT: {"script":"<script> [92 bytes]","args":[]}
COMMAND: POST /session/121b5910f067d4d1941a4df48d2c59fa/actions - {"actions":[{"id":"action20","type":"wheel","parameters":{},"actions":[{"type":"scroll","x":-1888,"y":-24,"deltaX":0,"deltaY":0,"duration":0,"origin":{"element-6066-11e4-a52e-4f735466cecf":"f.F80EBE20359F196FC2F6F7CC51ACB296.d.C225BD916E988E97330FCBAEFE22760D.e.5534"}}]}]}
COMMAND: GET /session/121b5910f067d4d1941a4df48d2c59fa/screenshot - {}
RESULT: {}
COMMAND: POST /session/121b5910f067d4d1941a4df48d2c59fa/execute/sync - {"script":"<script> [79 bytes]","args":[{"element-6066-11e4-a52e-4f735466cecf":"f.F80EBE20359F196FC2F6F7CC51ACB296.d.C225BD916E988E97330FCBAEFE22760D.e.5534","ELEMENT":"f.F80EBE20359F196FC2F6F7CC51ACB296.d.C225BD916E988E97330FCBAEFE22760D.e.5534"},{"block":"start","inline":"nearest"}]}
RESULT: {"script":"<script> [79 bytes]","args":[{"element-6066-11e4-a52e-4f735466cecf":"f.F80EBE20359F196FC2F6F7CC51ACB296.d.C225BD916E988E97330FCBAEFE22760D.e.5534","ELEMENT":"f.F80EBE20359F196FC2F6F7CC51ACB296.d.C225BD916E988E97330FCBAEFE22760D.e.5534"},{"block":"start","inline":"nearest"}]}
COMMAND: GET /session/121b5910f067d4d1941a4df48d2c59fa/screenshot - {}
RESULT: {}
COMMAND: POST /session/121b5910f067d4d1941a4df48d2c59fa/element/f.F80EBE20359F196FC2F6F7CC51ACB296.d.C225BD916E988E97330FCBAEFE22760D.e.5534/click - {}
RESULT: {}
COMMAND: GET /session/121b5910f067d4d1941a4df48d2c59fa/screenshot - {}
RESULT: {}
COMMAND: POST /session/121b5910f067d4d1941a4df48d2c59fa/execute/async - {"script":"<script> [1562 bytes]","args":[{"selector":{"controlType":"sap.m.SearchField","properties":{"placeholder":"Search"},"searchOpenDialogs":true,"interaction":{"idSuffix":"I"}},"wdio_ui5_key":"sapm.SearchField{\"placeholder\":\"Search\"}"}]}
RESULT: {"script":"<script> [1562 bytes]","args":[{"selector":{"controlType":"sap.m.SearchField","properties":{"placeholder":"Search"},"searchOpenDialogs":true,"interaction":{"idSuffix":"I"}},"wdio_ui5_key":"sapm.SearchField{\"placeholder\":\"Search\"}"}]}
RESULT: undefined
COMMAND: POST /session/121b5910f067d4d1941a4df48d2c59fa/execute/async - {"script":"<script> [776 bytes]","args":[{"enterText":"4000360","selector":{"controlType":"sap.m.SearchField","properties":{"placeholder":"Search"},"searchOpenDialogs":true,"interaction":{"idSuffix":"I"}},"clearTextFirst":true,"interactionType":"ENTER_TEXT"}]}
RESULT: {"script":"<script> [776 bytes]","args":[{"enterText":"4000360","selector":{"controlType":"sap.m.SearchField","properties":{"placeholder":"Search"},"searchOpenDialogs":true,"interaction":{"idSuffix":"I"}},"clearTextFirst":true,"interactionType":"ENTER_TEXT"}]}
COMMAND: POST /session/121b5910f067d4d1941a4df48d2c59fa/actions - {"actions":[{"id":"action21","type":"key","parameters":{},"actions":[{"type":"keyDown","value":"î€‡"},{"type":"pause","duration":10},{"type":"keyUp","value":"î€‡"}]}]}
RESULT: {"actions":[{"id":"action21","type":"key","parameters":{},"actions":[{"type":"keyDown","value":"î€‡"},{"type":"pause","duration":10},{"type":"keyUp","value":"î€‡"}]}]}
COMMAND: GET /session/121b5910f067d4d1941a4df48d2c59fa/screenshot - {}
RESULT: {}
COMMAND: POST /session/121b5910f067d4d1941a4df48d2c59fa/element - {"using":"xpath","value":"//td/div/span[contains(text(), \"BGL Vehicles\")]"}
RESULT: {"using":"xpath","value":"//td/div/span[contains(text(), \"BGL Vehicles\")]"}
COMMAND: POST /session/121b5910f067d4d1941a4df48d2c59fa/element/f.F80EBE20359F196FC2F6F7CC51ACB296.d.C225BD916E988E97330FCBAEFE22760D.e.5555/click - {}
RESULT: {}
COMMAND: GET /session/121b5910f067d4d1941a4df48d2c59fa/screenshot - {}
RESULT: {}
COMMAND: POST /session/121b5910f067d4d1941a4df48d2c59fa/element - {"using":"xpath","value":"//bdi[contains(text(), \"OK\")]"}
RESULT: {"using":"xpath","value":"//bdi[contains(text(), \"OK\")]"}
COMMAND: POST /session/121b5910f067d4d1941a4df48d2c59fa/element/f.F80EBE20359F196FC2F6F7CC51ACB296.d.C225BD916E988E97330FCBAEFE22760D.e.5556/click - {}
RESULT: {}
COMMAND: GET /session/121b5910f067d4d1941a4df48d2c59fa/screenshot - {}
RESULT: {}
COMMAND: POST /session/121b5910f067d4d1941a4df48d2c59fa/element - {"using":"xpath","value":"//label[contains(@class, 'sapMLabelRequired') and .//bdi[contains(text(), 'Planned Retirement')]]"}
RESULT: {"using":"xpath","value":"//label[contains(@class, 'sapMLabelRequired') and .//bdi[contains(text(), 'Planned Retirement')]]"}
COMMAND: POST /session/121b5910f067d4d1941a4df48d2c59fa/elements - {"using":"xpath","value":"//label[contains(@class, 'sapMLabelRequired') and .//bdi[contains(text(), 'Planned Retirement')]]"}
RESULT: {"using":"xpath","value":"//label[contains(@class, 'sapMLabelRequired') and .//bdi[contains(text(), 'Planned Retirement')]]"}
COMMAND: POST /session/121b5910f067d4d1941a4df48d2c59fa/element - {"using":"xpath","value":"//button[@data-kt=\"resourceUnitSaveButton\"]"}
RESULT: {"using":"xpath","value":"//button[@data-kt=\"resourceUnitSaveButton\"]"}
COMMAND: POST /session/121b5910f067d4d1941a4df48d2c59fa/element/f.F80EBE20359F196FC2F6F7CC51ACB296.d.C225BD916E988E97330FCBAEFE22760D.e.5456/click - {}
RESULT: {}
COMMAND: GET /session/121b5910f067d4d1941a4df48d2c59fa/screenshot - {}
RESULT: {}
COMMAND: POST /session/121b5910f067d4d1941a4df48d2c59fa/element - {"using":"xpath","value":"//bdi[contains(text(), \"Close\")]"}
RESULT: {"using":"xpath","value":"//bdi[contains(text(), \"Close\")]"}
COMMAND: POST /session/121b5910f067d4d1941a4df48d2c59fa/element/f.F80EBE20359F196FC2F6F7CC51ACB296.d.C225BD916E988E97330FCBAEFE22760D.e.5562/click - {}
RESULT: {}
COMMAND: GET /session/121b5910f067d4d1941a4df48d2c59fa/screenshot - {}
RESULT: {}
COMMAND: POST /session/121b5910f067d4d1941a4df48d2c59fa/element - {"using":"xpath","value":"//header[contains(@id, 'detailRruPage-headerTitle')]/div[1]/div[2]/div[2]/span[1]"}
RESULT: {"using":"xpath","value":"//header[contains(@id, 'detailRruPage-headerTitle')]/div[1]/div[2]/div[2]/span[1]"}
COMMAND: POST /session/121b5910f067d4d1941a4df48d2c59fa/elements - {"using":"xpath","value":"//header[contains(@id, 'detailRruPage-headerTitle')]/div[1]/div[2]/div[2]/span[1]"}
RESULT: {"using":"xpath","value":"//header[contains(@id, 'detailRruPage-headerTitle')]/div[1]/div[2]/div[2]/span[1]"}
COMMAND: POST /session/121b5910f067d4d1941a4df48d2c59fa/execute/sync - {"script":"<script> [56 bytes]","args":[{"element-6066-11e4-a52e-4f735466cecf":"f.F80EBE20359F196FC2F6F7CC51ACB296.d.C225BD916E988E97330FCBAEFE22760D.e.5588","ELEMENT":"f.F80EBE20359F196FC2F6F7CC51ACB296.d.C225BD916E988E97330FCBAEFE22760D.e.5588"}]}
RESULT: {"script":"<script> [56 bytes]","args":[{"element-6066-11e4-a52e-4f735466cecf":"f.F80EBE20359F196FC2F6F7CC51ACB296.d.C225BD916E988E97330FCBAEFE22760D.e.5588","ELEMENT":"f.F80EBE20359F196FC2F6F7CC51ACB296.d.C225BD916E988E97330FCBAEFE22760D.e.5588"}]}
COMMAND: POST /session/121b5910f067d4d1941a4df48d2c59fa/element - {"using":"css selector","value":"#shell-header-logo"}
COMMAND: GET /session/121b5910f067d4d1941a4df48d2c59fa/screenshot - {}
RESULT: {"using":"css selector","value":"#shell-header-logo"}
COMMAND: POST /session/121b5910f067d4d1941a4df48d2c59fa/element/f.F80EBE20359F196FC2F6F7CC51ACB296.d.C225BD916E988E97330FCBAEFE22760D.e.4920/click - {}
RESULT: {}
RESULT: {}
COMMAND: GET /session/121b5910f067d4d1941a4df48d2c59fa/screenshot - {}
RESULT: {}
]]></system-out>
    </testcase>
    <testcase classname="chrome.136_0_7103_93.windows.Provide_to_Site_w/_warehouse_management_w/_clarification_US115878" name="Bin Status Report Should Create New Organization yard" time="0.007" />
    <testcase classname="chrome.136_0_7103_93.windows.Provide_to_Site_w/_warehouse_management_w/_clarification_US115878" name="Bin Status Report Should Create New Organization for Site" time="0.005" />
  </testsuite>
  <testsuite timestamp="2025-05-16T05:57:14" time="481.427" tests="6" failures="0" errors="0" skipped="0">
    <properties>
      <property name="specId" value="0" />
      <property name="suiteName" value="Provide to Site w/ warehouse management w clarification" />
      <property name="capabilities" value="chrome.136_0_7103_93.windows" />
      <property name="file" value="file:///D:/a/1/s/test/specs/HTR/provide-to-site-w-warehouse-w-clarification.spec.js" />
    </properties>
    <testcase classname="chrome.136_0_7103_93.windows.Provide_to_Site_w/_warehouse_management_w_clarification" name="Should do a stock increase handover" time="88.757">
      <system-out><![CDATA[
COMMAND: POST /session/121b5910f067d4d1941a4df48d2c59fa/execute/async - {"script":"<script> [1562 bytes]","args":[{"selector":{"controlType":"sap.m.GenericTile","properties":{"header":"Manage Handovers"}},"wdio_ui5_key":"sapm.GenericTile{\"header\":\"Manage Handovers\"}"}]}
RESULT: {"script":"<script> [1562 bytes]","args":[{"selector":{"controlType":"sap.m.GenericTile","properties":{"header":"Manage Handovers"}},"wdio_ui5_key":"sapm.GenericTile{\"header\":\"Manage Handovers\"}"}]}
RESULT: undefined
COMMAND: POST /session/121b5910f067d4d1941a4df48d2c59fa/element - {"using":"xpath","value":"//*[@id=\"__tile132\"]"}
RESULT: {"using":"xpath","value":"//*[@id=\"__tile132\"]"}
COMMAND: POST /session/121b5910f067d4d1941a4df48d2c59fa/element/f.F80EBE20359F196FC2F6F7CC51ACB296.d.C225BD916E988E97330FCBAEFE22760D.e.4976/click - {}
RESULT: {}
COMMAND: GET /session/121b5910f067d4d1941a4df48d2c59fa/screenshot - {}
COMMAND: POST /session/121b5910f067d4d1941a4df48d2c59fa/elements - {"using":"xpath","value":"//span[text()='Error']"}
RESULT: {}
RESULT: {"using":"xpath","value":"//span[text()='Error']"}
COMMAND: POST /session/121b5910f067d4d1941a4df48d2c59fa/element - {"using":"xpath","value":"//button[@data-kt=\"masterHOAddButton\"]"}
RESULT: {"using":"xpath","value":"//button[@data-kt=\"masterHOAddButton\"]"}
COMMAND: POST /session/121b5910f067d4d1941a4df48d2c59fa/elements - {"using":"xpath","value":"//button[@data-kt=\"masterHOAddButton\"]"}
RESULT: {"using":"xpath","value":"//button[@data-kt=\"masterHOAddButton\"]"}
COMMAND: POST /session/121b5910f067d4d1941a4df48d2c59fa/elements - {"using":"xpath","value":"//button[@data-kt=\"masterHOAddButton\"]"}
RESULT: {"using":"xpath","value":"//button[@data-kt=\"masterHOAddButton\"]"}
COMMAND: POST /session/121b5910f067d4d1941a4df48d2c59fa/element - {"using":"xpath","value":"//button[@data-kt=\"masterHOAddButton\"]"}
RESULT: {"using":"xpath","value":"//button[@data-kt=\"masterHOAddButton\"]"}
COMMAND: POST /session/121b5910f067d4d1941a4df48d2c59fa/execute/sync - {"script":"<script> [8489 bytes]","args":[{"element-6066-11e4-a52e-4f735466cecf":"f.F80EBE20359F196FC2F6F7CC51ACB296.d.C225BD916E988E97330FCBAEFE22760D.e.5619","ELEMENT":"f.F80EBE20359F196FC2F6F7CC51ACB296.d.C225BD916E988E97330FCBAEFE22760D.e.5619"}]}
RESULT: {"script":"<script> [8489 bytes]","args":[{"element-6066-11e4-a52e-4f735466cecf":"f.F80EBE20359F196FC2F6F7CC51ACB296.d.C225BD916E988E97330FCBAEFE22760D.e.5619","ELEMENT":"f.F80EBE20359F196FC2F6F7CC51ACB296.d.C225BD916E988E97330FCBAEFE22760D.e.5619"}]}
COMMAND: GET /session/121b5910f067d4d1941a4df48d2c59fa/element/f.F80EBE20359F196FC2F6F7CC51ACB296.d.C225BD916E988E97330FCBAEFE22760D.e.5619/enabled - {}
COMMAND: GET /session/121b5910f067d4d1941a4df48d2c59fa/screenshot - {}
RESULT: {}
COMMAND: POST /session/121b5910f067d4d1941a4df48d2c59fa/execute/sync - {"script":"<script> [8489 bytes]","args":[{"element-6066-11e4-a52e-4f735466cecf":"f.F80EBE20359F196FC2F6F7CC51ACB296.d.C225BD916E988E97330FCBAEFE22760D.e.5619","ELEMENT":"f.F80EBE20359F196FC2F6F7CC51ACB296.d.C225BD916E988E97330FCBAEFE22760D.e.5619"}]}
COMMAND: GET /session/121b5910f067d4d1941a4df48d2c59fa/screenshot - {}
RESULT: {}
RESULT: {"script":"<script> [8489 bytes]","args":[{"element-6066-11e4-a52e-4f735466cecf":"f.F80EBE20359F196FC2F6F7CC51ACB296.d.C225BD916E988E97330FCBAEFE22760D.e.5619","ELEMENT":"f.F80EBE20359F196FC2F6F7CC51ACB296.d.C225BD916E988E97330FCBAEFE22760D.e.5619"}]}
COMMAND: POST /session/121b5910f067d4d1941a4df48d2c59fa/execute/sync - {"script":"<script> [5351 bytes]","args":[{"element-6066-11e4-a52e-4f735466cecf":"f.F80EBE20359F196FC2F6F7CC51ACB296.d.C225BD916E988E97330FCBAEFE22760D.e.5619","ELEMENT":"f.F80EBE20359F196FC2F6F7CC51ACB296.d.C225BD916E988E97330FCBAEFE22760D.e.5619"}]}
COMMAND: GET /session/121b5910f067d4d1941a4df48d2c59fa/screenshot - {}
RESULT: {}
RESULT: {"script":"<script> [5351 bytes]","args":[{"element-6066-11e4-a52e-4f735466cecf":"f.F80EBE20359F196FC2F6F7CC51ACB296.d.C225BD916E988E97330FCBAEFE22760D.e.5619","ELEMENT":"f.F80EBE20359F196FC2F6F7CC51ACB296.d.C225BD916E988E97330FCBAEFE22760D.e.5619"}]}
COMMAND: POST /session/121b5910f067d4d1941a4df48d2c59fa/element/f.F80EBE20359F196FC2F6F7CC51ACB296.d.C225BD916E988E97330FCBAEFE22760D.e.5619/click - {}
COMMAND: GET /session/121b5910f067d4d1941a4df48d2c59fa/screenshot - {}
RESULT: {}
RESULT: {}
COMMAND: GET /session/121b5910f067d4d1941a4df48d2c59fa/screenshot - {}
RESULT: {}
COMMAND: POST /session/121b5910f067d4d1941a4df48d2c59fa/element - {"using":"xpath","value":"//span[contains(@id ,\"AddNewHO--typeSelect-arrow\")]"}
RESULT: {}
RESULT: {"using":"xpath","value":"//span[contains(@id ,\"AddNewHO--typeSelect-arrow\")]"}
COMMAND: POST /session/121b5910f067d4d1941a4df48d2c59fa/element/f.F80EBE20359F196FC2F6F7CC51ACB296.d.C225BD916E988E97330FCBAEFE22760D.e.5963/click - {}
RESULT: {}
COMMAND: GET /session/121b5910f067d4d1941a4df48d2c59fa/screenshot - {}
RESULT: {}
COMMAND: POST /session/121b5910f067d4d1941a4df48d2c59fa/element - {"using":"xpath","value":"(//li[contains(text(), \"stock increase yard\")])[1]"}
RESULT: {"using":"xpath","value":"(//li[contains(text(), \"stock increase yard\")])[1]"}
COMMAND: POST /session/121b5910f067d4d1941a4df48d2c59fa/element/f.F80EBE20359F196FC2F6F7CC51ACB296.d.C225BD916E988E97330FCBAEFE22760D.e.5964/click - {}
RESULT: {}
COMMAND: GET /session/121b5910f067d4d1941a4df48d2c59fa/screenshot - {}
RESULT: {}
COMMAND: POST /session/121b5910f067d4d1941a4df48d2c59fa/execute/async - {"script":"<script> [1562 bytes]","args":[{"selector":{"id":"application-managehandovers-display-component---AddNewHO--dueDate","interaction":{"idSuffix":"inner"}},"wdio_ui5_key":"applicationmanagehandovers-display-component---AddNewHO--dueDate"}]}
RESULT: {"script":"<script> [1562 bytes]","args":[{"selector":{"id":"application-managehandovers-display-component---AddNewHO--dueDate","interaction":{"idSuffix":"inner"}},"wdio_ui5_key":"applicationmanagehandovers-display-component---AddNewHO--dueDate"}]}
RESULT: undefined
COMMAND: POST /session/121b5910f067d4d1941a4df48d2c59fa/execute/async - {"script":"<script> [6424 bytes]","args":[{"element-6066-11e4-a52e-4f735466cecf":"f.F80EBE20359F196FC2F6F7CC51ACB296.d.C225BD916E988E97330FCBAEFE22760D.e.5966"},"setValue",["5/16/25"]]}
RESULT: {"script":"<script> [6424 bytes]","args":[{"element-6066-11e4-a52e-4f735466cecf":"f.F80EBE20359F196FC2F6F7CC51ACB296.d.C225BD916E988E97330FCBAEFE22760D.e.5966"},"setValue",["5/16/25"]]}
COMMAND: POST /session/121b5910f067d4d1941a4df48d2c59fa/element - {"using":"xpath","value":"//input[@id=\"generalSectionFrg--receiveYard-inner\"]"}
RESULT: {"using":"xpath","value":"//input[@id=\"generalSectionFrg--receiveYard-inner\"]"}
COMMAND: POST /session/121b5910f067d4d1941a4df48d2c59fa/element/f.F80EBE20359F196FC2F6F7CC51ACB296.d.C225BD916E988E97330FCBAEFE22760D.e.5970/clear - {}
RESULT: {}
COMMAND: POST /session/121b5910f067d4d1941a4df48d2c59fa/element/f.F80EBE20359F196FC2F6F7CC51ACB296.d.C225BD916E988E97330FCBAEFE22760D.e.5970/value - {"text":"427"}
COMMAND: GET /session/121b5910f067d4d1941a4df48d2c59fa/screenshot - {}
RESULT: {"text":"427"}
COMMAND: GET /session/121b5910f067d4d1941a4df48d2c59fa/screenshot - {}
RESULT: {}
RESULT: {}
COMMAND: POST /session/121b5910f067d4d1941a4df48d2c59fa/element - {"using":"xpath","value":"//li[.//span[text()='427']]"}
RESULT: {"using":"xpath","value":"//li[.//span[text()='427']]"}
COMMAND: POST /session/121b5910f067d4d1941a4df48d2c59fa/element/f.F80EBE20359F196FC2F6F7CC51ACB296.d.C225BD916E988E97330FCBAEFE22760D.e.5986/click - {}
RESULT: {}
COMMAND: GET /session/121b5910f067d4d1941a4df48d2c59fa/screenshot - {}
RESULT: {}
COMMAND: POST /session/121b5910f067d4d1941a4df48d2c59fa/execute/async - {"script":"<script> [1562 bytes]","args":[{"selector":{"id":"application-managehandovers-display-component---AddNewHO--ObjectPageLayout-anchBar-application-managehandovers-display-component---AddNewHO--section4-anchor","interaction":{"idSuffix":"BDI-content"}},"wdio_ui5_key":"applicationmanagehandovers-display-component---AddNewHO--ObjectPageLayout-anchBar-application-managehandovers-display-component---AddNewHO--section4-anchor"}]}
RESULT: {"script":"<script> [1562 bytes]","args":[{"selector":{"id":"application-managehandovers-display-component---AddNewHO--ObjectPageLayout-anchBar-application-managehandovers-display-component---AddNewHO--section4-anchor","interaction":{"idSuffix":"BDI-content"}},"wdio_ui5_key":"applicationmanagehandovers-display-component---AddNewHO--ObjectPageLayout-anchBar-application-managehandovers-display-component---AddNewHO--section4-anchor"}]}
RESULT: undefined
COMMAND: POST /session/121b5910f067d4d1941a4df48d2c59fa/element - {"using":"xpath","value":"//*[@id=\"application-managehandovers-display-component---AddNewHO--ObjectPageLayout-anchBar-application-managehandovers-display-component---AddNewHO--section4-anchor\"]"}
RESULT: {"using":"xpath","value":"//*[@id=\"application-managehandovers-display-component---AddNewHO--ObjectPageLayout-anchBar-application-managehandovers-display-component---AddNewHO--section4-anchor\"]"}
COMMAND: POST /session/121b5910f067d4d1941a4df48d2c59fa/element/f.F80EBE20359F196FC2F6F7CC51ACB296.d.C225BD916E988E97330FCBAEFE22760D.e.5988/click - {}
RESULT: {}
COMMAND: POST /session/121b5910f067d4d1941a4df48d2c59fa/element - {"using":"xpath","value":"//button[@aria-label=\"Add\"]"}
COMMAND: GET /session/121b5910f067d4d1941a4df48d2c59fa/screenshot - {}
RESULT: {"using":"xpath","value":"//button[@aria-label=\"Add\"]"}
COMMAND: POST /session/121b5910f067d4d1941a4df48d2c59fa/element/f.F80EBE20359F196FC2F6F7CC51ACB296.d.C225BD916E988E97330FCBAEFE22760D.e.5990/click - {}
RESULT: {}
RESULT: {}
COMMAND: GET /session/121b5910f067d4d1941a4df48d2c59fa/screenshot - {}
RESULT: {}
COMMAND: POST /session/121b5910f067d4d1941a4df48d2c59fa/execute/async - {"script":"<script> [1562 bytes]","args":[{"selector":{"id":"application-managehandovers-display-component---AddNewHO--smartFilterBar-btnBasicSearch","searchOpenDialogs":true,"interaction":{"idSuffix":"I"}},"wdio_ui5_key":"applicationmanagehandovers-display-component---AddNewHO--smartFilterBar-btnBasicSearch"}]}
RESULT: {"script":"<script> [1562 bytes]","args":[{"selector":{"id":"application-managehandovers-display-component---AddNewHO--smartFilterBar-btnBasicSearch","searchOpenDialogs":true,"interaction":{"idSuffix":"I"}},"wdio_ui5_key":"applicationmanagehandovers-display-component---AddNewHO--smartFilterBar-btnBasicSearch"}]}
RESULT: undefined
COMMAND: POST /session/121b5910f067d4d1941a4df48d2c59fa/execute/async - {"script":"<script> [776 bytes]","args":[{"enterText":"200205","selector":{"id":"application-managehandovers-display-component---AddNewHO--smartFilterBar-btnBasicSearch","searchOpenDialogs":true,"interaction":{"idSuffix":"I"}},"clearTextFirst":true,"interactionType":"ENTER_TEXT"}]}
RESULT: {"script":"<script> [776 bytes]","args":[{"enterText":"200205","selector":{"id":"application-managehandovers-display-component---AddNewHO--smartFilterBar-btnBasicSearch","searchOpenDialogs":true,"interaction":{"idSuffix":"I"}},"clearTextFirst":true,"interactionType":"ENTER_TEXT"}]}
COMMAND: POST /session/121b5910f067d4d1941a4df48d2c59fa/actions - {"actions":[{"id":"action22","type":"key","parameters":{},"actions":[{"type":"keyDown","value":"î€‡"},{"type":"pause","duration":10},{"type":"keyUp","value":"î€‡"}]}]}
RESULT: {"actions":[{"id":"action22","type":"key","parameters":{},"actions":[{"type":"keyDown","value":"î€‡"},{"type":"pause","duration":10},{"type":"keyUp","value":"î€‡"}]}]}
COMMAND: GET /session/121b5910f067d4d1941a4df48d2c59fa/screenshot - {}
RESULT: {}
COMMAND: POST /session/121b5910f067d4d1941a4df48d2c59fa/execute/async - {"script":"<script> [1562 bytes]","args":[{"selector":{"id":"application-managehandovers-display-component---AddNewHO--popup-sa","searchOpenDialogs":true,"interaction":{"idSuffix":"CbBg"}},"wdio_ui5_key":"applicationmanagehandovers-display-component---AddNewHO--popup-sa"}]}
RESULT: {"script":"<script> [1562 bytes]","args":[{"selector":{"id":"application-managehandovers-display-component---AddNewHO--popup-sa","searchOpenDialogs":true,"interaction":{"idSuffix":"CbBg"}},"wdio_ui5_key":"applicationmanagehandovers-display-component---AddNewHO--popup-sa"}]}
RESULT: undefined
COMMAND: POST /session/121b5910f067d4d1941a4df48d2c59fa/element - {"using":"xpath","value":"//*[@id=\"application-managehandovers-display-component---AddNewHO--popup-sa\"]"}
RESULT: {"using":"xpath","value":"//*[@id=\"application-managehandovers-display-component---AddNewHO--popup-sa\"]"}
COMMAND: POST /session/121b5910f067d4d1941a4df48d2c59fa/element/f.F80EBE20359F196FC2F6F7CC51ACB296.d.C225BD916E988E97330FCBAEFE22760D.e.6143/click - {}
RESULT: {}
COMMAND: GET /session/121b5910f067d4d1941a4df48d2c59fa/screenshot - {}
RESULT: {}
COMMAND: POST /session/121b5910f067d4d1941a4df48d2c59fa/element - {"using":"xpath","value":"//bdi[contains(text(), \"Select\")]"}
RESULT: {"using":"xpath","value":"//bdi[contains(text(), \"Select\")]"}
COMMAND: POST /session/121b5910f067d4d1941a4df48d2c59fa/element/f.F80EBE20359F196FC2F6F7CC51ACB296.d.C225BD916E988E97330FCBAEFE22760D.e.6145/click - {}
RESULT: {}
COMMAND: GET /session/121b5910f067d4d1941a4df48d2c59fa/screenshot - {}
RESULT: {}
COMMAND: POST /session/121b5910f067d4d1941a4df48d2c59fa/element - {"using":"xpath","value":"//button[@data-kt=\"AddNewHOSaveButton\"]"}
RESULT: {"using":"xpath","value":"//button[@data-kt=\"AddNewHOSaveButton\"]"}
COMMAND: POST /session/121b5910f067d4d1941a4df48d2c59fa/element/f.F80EBE20359F196FC2F6F7CC51ACB296.d.C225BD916E988E97330FCBAEFE22760D.e.6149/click - {}
RESULT: {}
COMMAND: GET /session/121b5910f067d4d1941a4df48d2c59fa/screenshot - {}
RESULT: {}
COMMAND: POST /session/121b5910f067d4d1941a4df48d2c59fa/execute/async - {"script":"<script> [1562 bytes]","args":[{"selector":{"id":"receiptDatePicker","viewName":"etm.portal.ui.managehandovers.view.DetailExecuteHO","interaction":{"idSuffix":"inner"}},"wdio_ui5_key":"receiptDatePickeretmportal.ui.managehandovers.view.DetailExecuteHO"}]}
RESULT: {"script":"<script> [1562 bytes]","args":[{"selector":{"id":"receiptDatePicker","viewName":"etm.portal.ui.managehandovers.view.DetailExecuteHO","interaction":{"idSuffix":"inner"}},"wdio_ui5_key":"receiptDatePickeretmportal.ui.managehandovers.view.DetailExecuteHO"}]}
RESULT: undefined
COMMAND: POST /session/121b5910f067d4d1941a4df48d2c59fa/execute/async - {"script":"<script> [6424 bytes]","args":[{"element-6066-11e4-a52e-4f735466cecf":"f.F80EBE20359F196FC2F6F7CC51ACB296.d.C225BD916E988E97330FCBAEFE22760D.e.6169"},"setValue",["5/16/25"]]}
RESULT: {"script":"<script> [6424 bytes]","args":[{"element-6066-11e4-a52e-4f735466cecf":"f.F80EBE20359F196FC2F6F7CC51ACB296.d.C225BD916E988E97330FCBAEFE22760D.e.6169"},"setValue",["5/16/25"]]}
COMMAND: POST /session/121b5910f067d4d1941a4df48d2c59fa/element - {"using":"xpath","value":"//button[@data-kt=\"PickingTableConfirmAllButton\"]"}
RESULT: {"using":"xpath","value":"//button[@data-kt=\"PickingTableConfirmAllButton\"]"}
COMMAND: POST /session/121b5910f067d4d1941a4df48d2c59fa/element/f.F80EBE20359F196FC2F6F7CC51ACB296.d.C225BD916E988E97330FCBAEFE22760D.e.6185/click - {}
RESULT: {}
COMMAND: GET /session/121b5910f067d4d1941a4df48d2c59fa/screenshot - {}
RESULT: {}
COMMAND: POST /session/121b5910f067d4d1941a4df48d2c59fa/element - {"using":"xpath","value":"//bdi[contains(text(), \"OK\")]"}
RESULT: {"using":"xpath","value":"//bdi[contains(text(), \"OK\")]"}
COMMAND: POST /session/121b5910f067d4d1941a4df48d2c59fa/element/f.F80EBE20359F196FC2F6F7CC51ACB296.d.C225BD916E988E97330FCBAEFE22760D.e.6187/click - {}
RESULT: {}
COMMAND: GET /session/121b5910f067d4d1941a4df48d2c59fa/screenshot - {}
RESULT: {}
COMMAND: POST /session/121b5910f067d4d1941a4df48d2c59fa/element - {"using":"xpath","value":"(//bdi[contains(text(), \"Receive\")])[2]"}
RESULT: {"using":"xpath","value":"(//bdi[contains(text(), \"Receive\")])[2]"}
COMMAND: POST /session/121b5910f067d4d1941a4df48d2c59fa/element/f.F80EBE20359F196FC2F6F7CC51ACB296.d.C225BD916E988E97330FCBAEFE22760D.e.6189/click - {}
RESULT: {}
COMMAND: GET /session/121b5910f067d4d1941a4df48d2c59fa/screenshot - {}
RESULT: {}
COMMAND: POST /session/121b5910f067d4d1941a4df48d2c59fa/element - {"using":"css selector","value":"#shell-header-logo"}
RESULT: {"using":"css selector","value":"#shell-header-logo"}
COMMAND: POST /session/121b5910f067d4d1941a4df48d2c59fa/element/f.F80EBE20359F196FC2F6F7CC51ACB296.d.C225BD916E988E97330FCBAEFE22760D.e.5591/click - {}
RESULT: {}
COMMAND: GET /session/121b5910f067d4d1941a4df48d2c59fa/screenshot - {}
RESULT: {}
]]></system-out>
    </testcase>
    <testcase classname="chrome.136_0_7103_93.windows.Provide_to_Site_w/_warehouse_management_w_clarification" name="Should create a new contract" time="65.177">
      <system-out><![CDATA[
COMMAND: POST /session/121b5910f067d4d1941a4df48d2c59fa/execute/async - {"script":"<script> [1562 bytes]","args":[{"selector":{"controlType":"sap.m.GenericTile","properties":{"header":"Manage Contracts"}},"wdio_ui5_key":"sapm.GenericTile{\"header\":\"Manage Contracts\"}"}]}
RESULT: {"script":"<script> [1562 bytes]","args":[{"selector":{"controlType":"sap.m.GenericTile","properties":{"header":"Manage Contracts"}},"wdio_ui5_key":"sapm.GenericTile{\"header\":\"Manage Contracts\"}"}]}
RESULT: undefined
COMMAND: POST /session/121b5910f067d4d1941a4df48d2c59fa/element - {"using":"xpath","value":"//*[@id=\"__tile130\"]"}
RESULT: {"using":"xpath","value":"//*[@id=\"__tile130\"]"}
COMMAND: POST /session/121b5910f067d4d1941a4df48d2c59fa/element/f.F80EBE20359F196FC2F6F7CC51ACB296.d.C225BD916E988E97330FCBAEFE22760D.e.4965/click - {}
RESULT: {}
COMMAND: GET /session/121b5910f067d4d1941a4df48d2c59fa/screenshot - {}
RESULT: {}
COMMAND: POST /session/121b5910f067d4d1941a4df48d2c59fa/elements - {"using":"xpath","value":"//span[text()='Error']"}
RESULT: {"using":"xpath","value":"//span[text()='Error']"}
COMMAND: POST /session/121b5910f067d4d1941a4df48d2c59fa/element - {"using":"xpath","value":"//button[@data-kt=\"addButton\"]"}
RESULT: {"using":"xpath","value":"//button[@data-kt=\"addButton\"]"}
COMMAND: POST /session/121b5910f067d4d1941a4df48d2c59fa/elements - {"using":"xpath","value":"//button[@data-kt=\"addButton\"]"}
RESULT: {"using":"xpath","value":"//button[@data-kt=\"addButton\"]"}
COMMAND: POST /session/121b5910f067d4d1941a4df48d2c59fa/execute/sync - {"script":"<script> [8489 bytes]","args":[{"element-6066-11e4-a52e-4f735466cecf":"f.F80EBE20359F196FC2F6F7CC51ACB296.d.C225BD916E988E97330FCBAEFE22760D.e.6406","ELEMENT":"f.F80EBE20359F196FC2F6F7CC51ACB296.d.C225BD916E988E97330FCBAEFE22760D.e.6406"}]}
RESULT: {"script":"<script> [8489 bytes]","args":[{"element-6066-11e4-a52e-4f735466cecf":"f.F80EBE20359F196FC2F6F7CC51ACB296.d.C225BD916E988E97330FCBAEFE22760D.e.6406","ELEMENT":"f.F80EBE20359F196FC2F6F7CC51ACB296.d.C225BD916E988E97330FCBAEFE22760D.e.6406"}]}
COMMAND: GET /session/121b5910f067d4d1941a4df48d2c59fa/element/f.F80EBE20359F196FC2F6F7CC51ACB296.d.C225BD916E988E97330FCBAEFE22760D.e.6406/enabled - {}
COMMAND: GET /session/121b5910f067d4d1941a4df48d2c59fa/screenshot - {}
RESULT: {}
COMMAND: POST /session/121b5910f067d4d1941a4df48d2c59fa/execute/sync - {"script":"<script> [8489 bytes]","args":[{"element-6066-11e4-a52e-4f735466cecf":"f.F80EBE20359F196FC2F6F7CC51ACB296.d.C225BD916E988E97330FCBAEFE22760D.e.6406","ELEMENT":"f.F80EBE20359F196FC2F6F7CC51ACB296.d.C225BD916E988E97330FCBAEFE22760D.e.6406"}]}
COMMAND: GET /session/121b5910f067d4d1941a4df48d2c59fa/screenshot - {}
RESULT: {}
RESULT: {"script":"<script> [8489 bytes]","args":[{"element-6066-11e4-a52e-4f735466cecf":"f.F80EBE20359F196FC2F6F7CC51ACB296.d.C225BD916E988E97330FCBAEFE22760D.e.6406","ELEMENT":"f.F80EBE20359F196FC2F6F7CC51ACB296.d.C225BD916E988E97330FCBAEFE22760D.e.6406"}]}
COMMAND: POST /session/121b5910f067d4d1941a4df48d2c59fa/execute/sync - {"script":"<script> [5351 bytes]","args":[{"element-6066-11e4-a52e-4f735466cecf":"f.F80EBE20359F196FC2F6F7CC51ACB296.d.C225BD916E988E97330FCBAEFE22760D.e.6406","ELEMENT":"f.F80EBE20359F196FC2F6F7CC51ACB296.d.C225BD916E988E97330FCBAEFE22760D.e.6406"}]}
COMMAND: GET /session/121b5910f067d4d1941a4df48d2c59fa/screenshot - {}
RESULT: {}
RESULT: {"script":"<script> [5351 bytes]","args":[{"element-6066-11e4-a52e-4f735466cecf":"f.F80EBE20359F196FC2F6F7CC51ACB296.d.C225BD916E988E97330FCBAEFE22760D.e.6406","ELEMENT":"f.F80EBE20359F196FC2F6F7CC51ACB296.d.C225BD916E988E97330FCBAEFE22760D.e.6406"}]}
COMMAND: GET /session/121b5910f067d4d1941a4df48d2c59fa/screenshot - {}
RESULT: {}
RESULT: {}
COMMAND: POST /session/121b5910f067d4d1941a4df48d2c59fa/element/f.F80EBE20359F196FC2F6F7CC51ACB296.d.C225BD916E988E97330FCBAEFE22760D.e.6406/click - {}
RESULT: {}
COMMAND: GET /session/121b5910f067d4d1941a4df48d2c59fa/screenshot - {}
COMMAND: POST /session/121b5910f067d4d1941a4df48d2c59fa/execute/async - {"script":"<script> [1562 bytes]","args":[{"selector":{"id":"application-managecontracts-display-component---AddNewContract--projectDescription","interaction":{"idSuffix":"inner"}},"wdio_ui5_key":"applicationmanagecontracts-display-component---AddNewContract--projectDescription"}]}
RESULT: {}
RESULT: {"script":"<script> [1562 bytes]","args":[{"selector":{"id":"application-managecontracts-display-component---AddNewContract--projectDescription","interaction":{"idSuffix":"inner"}},"wdio_ui5_key":"applicationmanagecontracts-display-component---AddNewContract--projectDescription"}]}
RESULT: undefined
COMMAND: POST /session/121b5910f067d4d1941a4df48d2c59fa/execute/async - {"script":"<script> [776 bytes]","args":[{"enterText":"Contract WDIO","selector":{"id":"application-managecontracts-display-component---AddNewContract--projectDescription","interaction":{"idSuffix":"inner"}},"clearTextFirst":true,"interactionType":"ENTER_TEXT"}]}
RESULT: {"script":"<script> [776 bytes]","args":[{"enterText":"Contract WDIO","selector":{"id":"application-managecontracts-display-component---AddNewContract--projectDescription","interaction":{"idSuffix":"inner"}},"clearTextFirst":true,"interactionType":"ENTER_TEXT"}]}
COMMAND: POST /session/121b5910f067d4d1941a4df48d2c59fa/element - {"using":"xpath","value":"//input[@id=\"application-managecontracts-display-component---AddNewContract--site-inner\"]"}
RESULT: {"using":"xpath","value":"//input[@id=\"application-managecontracts-display-component---AddNewContract--site-inner\"]"}
COMMAND: POST /session/121b5910f067d4d1941a4df48d2c59fa/element/f.F80EBE20359F196FC2F6F7CC51ACB296.d.C225BD916E988E97330FCBAEFE22760D.e.6763/clear - {}
RESULT: {}
COMMAND: POST /session/121b5910f067d4d1941a4df48d2c59fa/element/f.F80EBE20359F196FC2F6F7CC51ACB296.d.C225BD916E988E97330FCBAEFE22760D.e.6763/value - {"text":"2195"}
COMMAND: GET /session/121b5910f067d4d1941a4df48d2c59fa/screenshot - {}
RESULT: {"text":"2195"}
COMMAND: GET /session/121b5910f067d4d1941a4df48d2c59fa/screenshot - {}
RESULT: {}
RESULT: {}
COMMAND: POST /session/121b5910f067d4d1941a4df48d2c59fa/element - {"using":"xpath","value":"//li[.//span[text()='2195']]"}
RESULT: {"using":"xpath","value":"//li[.//span[text()='2195']]"}
COMMAND: POST /session/121b5910f067d4d1941a4df48d2c59fa/element/f.F80EBE20359F196FC2F6F7CC51ACB296.d.C225BD916E988E97330FCBAEFE22760D.e.6793/click - {}
RESULT: {}
COMMAND: GET /session/121b5910f067d4d1941a4df48d2c59fa/screenshot - {}
RESULT: {}
COMMAND: POST /session/121b5910f067d4d1941a4df48d2c59fa/element - {"using":"xpath","value":"//input[@id=\"application-managecontracts-display-component---AddNewContract--yardId-inner\"]"}
RESULT: {"using":"xpath","value":"//input[@id=\"application-managecontracts-display-component---AddNewContract--yardId-inner\"]"}
COMMAND: GET /session/121b5910f067d4d1941a4df48d2c59fa/element/f.F80EBE20359F196FC2F6F7CC51ACB296.d.C225BD916E988E97330FCBAEFE22760D.e.6764/property/value - {}
RESULT: {}
COMMAND: POST /session/121b5910f067d4d1941a4df48d2c59fa/element - {"using":"xpath","value":"//input[@id=\"application-managecontracts-display-component---AddNewContract--customerSelect-inner\"]"}
COMMAND: GET /session/121b5910f067d4d1941a4df48d2c59fa/screenshot - {}
RESULT: {"using":"xpath","value":"//input[@id=\"application-managecontracts-display-component---AddNewContract--customerSelect-inner\"]"}
COMMAND: POST /session/121b5910f067d4d1941a4df48d2c59fa/element/f.F80EBE20359F196FC2F6F7CC51ACB296.d.C225BD916E988E97330FCBAEFE22760D.e.6762/clear - {}
RESULT: {}
RESULT: {}
COMMAND: POST /session/121b5910f067d4d1941a4df48d2c59fa/element/f.F80EBE20359F196FC2F6F7CC51ACB296.d.C225BD916E988E97330FCBAEFE22760D.e.6762/value - {"text":"1236"}
COMMAND: GET /session/121b5910f067d4d1941a4df48d2c59fa/screenshot - {}
RESULT: {"text":"1236"}
COMMAND: GET /session/121b5910f067d4d1941a4df48d2c59fa/screenshot - {}
RESULT: {}
RESULT: {}
COMMAND: POST /session/121b5910f067d4d1941a4df48d2c59fa/element - {"using":"xpath","value":"//li[.//span[text()='1236']]"}
RESULT: {"using":"xpath","value":"//li[.//span[text()='1236']]"}
COMMAND: POST /session/121b5910f067d4d1941a4df48d2c59fa/element/f.F80EBE20359F196FC2F6F7CC51ACB296.d.C225BD916E988E97330FCBAEFE22760D.e.6796/click - {}
RESULT: {}
COMMAND: GET /session/121b5910f067d4d1941a4df48d2c59fa/screenshot - {}
RESULT: {}
COMMAND: POST /session/121b5910f067d4d1941a4df48d2c59fa/element - {"using":"xpath","value":"//button[@data-kt=\"saveButton\"]"}
RESULT: {"using":"xpath","value":"//button[@data-kt=\"saveButton\"]"}
COMMAND: POST /session/121b5910f067d4d1941a4df48d2c59fa/element/f.F80EBE20359F196FC2F6F7CC51ACB296.d.C225BD916E988E97330FCBAEFE22760D.e.6797/click - {}
RESULT: {}
COMMAND: GET /session/121b5910f067d4d1941a4df48d2c59fa/screenshot - {}
RESULT: {}
COMMAND: POST /session/121b5910f067d4d1941a4df48d2c59fa/element - {"using":"xpath","value":"//span[contains(@id ,\"contractDetailTitleNoExpanded\")]"}
RESULT: {"using":"xpath","value":"//span[contains(@id ,\"contractDetailTitleNoExpanded\")]"}
COMMAND: POST /session/121b5910f067d4d1941a4df48d2c59fa/elements - {"using":"xpath","value":"//span[contains(@id ,\"contractDetailTitleNoExpanded\")]"}
RESULT: {"using":"xpath","value":"//span[contains(@id ,\"contractDetailTitleNoExpanded\")]"}
COMMAND: POST /session/121b5910f067d4d1941a4df48d2c59fa/execute/sync - {"script":"<script> [56 bytes]","args":[{"element-6066-11e4-a52e-4f735466cecf":"f.F80EBE20359F196FC2F6F7CC51ACB296.d.C225BD916E988E97330FCBAEFE22760D.e.6868","ELEMENT":"f.F80EBE20359F196FC2F6F7CC51ACB296.d.C225BD916E988E97330FCBAEFE22760D.e.6868"}]}
RESULT: {"script":"<script> [56 bytes]","args":[{"element-6066-11e4-a52e-4f735466cecf":"f.F80EBE20359F196FC2F6F7CC51ACB296.d.C225BD916E988E97330FCBAEFE22760D.e.6868","ELEMENT":"f.F80EBE20359F196FC2F6F7CC51ACB296.d.C225BD916E988E97330FCBAEFE22760D.e.6868"}]}
COMMAND: GET /session/121b5910f067d4d1941a4df48d2c59fa/screenshot - {}
RESULT: {}
]]></system-out>
    </testcase>
    <testcase classname="chrome.136_0_7103_93.windows.Provide_to_Site_w/_warehouse_management_w_clarification" name="Should add equipment to the contract" time="58.722">
      <system-out><![CDATA[
COMMAND: POST /session/121b5910f067d4d1941a4df48d2c59fa/element - {"using":"xpath","value":"//button[@data-kt=\"contractDetailEditBtnButton\"]"}
RESULT: {"using":"xpath","value":"//button[@data-kt=\"contractDetailEditBtnButton\"]"}
COMMAND: POST /session/121b5910f067d4d1941a4df48d2c59fa/element/f.F80EBE20359F196FC2F6F7CC51ACB296.d.C225BD916E988E97330FCBAEFE22760D.e.6870/click - {}
RESULT: {}
COMMAND: GET /session/121b5910f067d4d1941a4df48d2c59fa/screenshot - {}
RESULT: {}
COMMAND: POST /session/121b5910f067d4d1941a4df48d2c59fa/element - {"using":"xpath","value":"(//span[contains(text(), \"Additional Addresses\")])[2]"}
RESULT: {"using":"xpath","value":"(//span[contains(text(), \"Additional Addresses\")])[2]"}
COMMAND: POST /session/121b5910f067d4d1941a4df48d2c59fa/element/f.F80EBE20359F196FC2F6F7CC51ACB296.d.C225BD916E988E97330FCBAEFE22760D.e.6925/click - {}
RESULT: {}
COMMAND: GET /session/121b5910f067d4d1941a4df48d2c59fa/screenshot - {}
RESULT: {}
COMMAND: POST /session/121b5910f067d4d1941a4df48d2c59fa/element - {"using":"xpath","value":"//button[@data-kt=\"btnAddTableRowOverflowToolbarButton\"]"}
RESULT: {"using":"xpath","value":"//button[@data-kt=\"btnAddTableRowOverflowToolbarButton\"]"}
COMMAND: POST /session/121b5910f067d4d1941a4df48d2c59fa/element/f.F80EBE20359F196FC2F6F7CC51ACB296.d.C225BD916E988E97330FCBAEFE22760D.e.6928/click - {}
RESULT: {}
COMMAND: GET /session/121b5910f067d4d1941a4df48d2c59fa/screenshot - {}
RESULT: {}
COMMAND: POST /session/121b5910f067d4d1941a4df48d2c59fa/element - {"using":"xpath","value":"//div[(text() = 'Standard Entry' or . = 'Standard Entry')]"}
RESULT: {"using":"xpath","value":"//div[(text() = 'Standard Entry' or . = 'Standard Entry')]"}
COMMAND: POST /session/121b5910f067d4d1941a4df48d2c59fa/element/f.F80EBE20359F196FC2F6F7CC51ACB296.d.C225BD916E988E97330FCBAEFE22760D.e.6930/click - {}
RESULT: {}
COMMAND: GET /session/121b5910f067d4d1941a4df48d2c59fa/screenshot - {}
RESULT: {}
COMMAND: POST /session/121b5910f067d4d1941a4df48d2c59fa/element - {"using":"xpath","value":"//td[6]/div/div/div/span"}
RESULT: {"using":"xpath","value":"//td[6]/div/div/div/span"}
COMMAND: POST /session/121b5910f067d4d1941a4df48d2c59fa/element/f.F80EBE20359F196FC2F6F7CC51ACB296.d.C225BD916E988E97330FCBAEFE22760D.e.6942/click - {}
RESULT: {}
COMMAND: GET /session/121b5910f067d4d1941a4df48d2c59fa/screenshot - {}
RESULT: {}
COMMAND: POST /session/121b5910f067d4d1941a4df48d2c59fa/element - {"using":"xpath","value":"(//span[contains(text(), \"Material\")])"}
RESULT: {"using":"xpath","value":"(//span[contains(text(), \"Material\")])"}
COMMAND: POST /session/121b5910f067d4d1941a4df48d2c59fa/element/f.F80EBE20359F196FC2F6F7CC51ACB296.d.C225BD916E988E97330FCBAEFE22760D.e.6943/click - {}
RESULT: {}
COMMAND: GET /session/121b5910f067d4d1941a4df48d2c59fa/screenshot - {}
RESULT: {}
COMMAND: POST /session/121b5910f067d4d1941a4df48d2c59fa/element - {"using":"xpath","value":"//td[7]/div/div/input"}
RESULT: {"using":"xpath","value":"//td[7]/div/div/input"}
COMMAND: POST /session/121b5910f067d4d1941a4df48d2c59fa/element/f.F80EBE20359F196FC2F6F7CC51ACB296.d.C225BD916E988E97330FCBAEFE22760D.e.6947/clear - {}
RESULT: {}
COMMAND: POST /session/121b5910f067d4d1941a4df48d2c59fa/element/f.F80EBE20359F196FC2F6F7CC51ACB296.d.C225BD916E988E97330FCBAEFE22760D.e.6947/value - {"text":"200205"}
COMMAND: GET /session/121b5910f067d4d1941a4df48d2c59fa/screenshot - {}
RESULT: {"text":"200205"}
COMMAND: GET /session/121b5910f067d4d1941a4df48d2c59fa/screenshot - {}
RESULT: {}
RESULT: {}
COMMAND: POST /session/121b5910f067d4d1941a4df48d2c59fa/actions - {"actions":[{"id":"action23","type":"key","parameters":{},"actions":[{"type":"keyDown","value":"î€‡"},{"type":"pause","duration":10},{"type":"keyUp","value":"î€‡"}]}]}
RESULT: {"actions":[{"id":"action23","type":"key","parameters":{},"actions":[{"type":"keyDown","value":"î€‡"},{"type":"pause","duration":10},{"type":"keyUp","value":"î€‡"}]}]}
COMMAND: GET /session/121b5910f067d4d1941a4df48d2c59fa/screenshot - {}
RESULT: {}
COMMAND: POST /session/121b5910f067d4d1941a4df48d2c59fa/execute/sync - {"script":"<script> [276 bytes]","args":["No pricing information was found"]}
RESULT: {"script":"<script> [276 bytes]","args":["No pricing information was found"]}
COMMAND: POST /session/121b5910f067d4d1941a4df48d2c59fa/element - {"using":"xpath","value":"//bdi[contains(text(), \"OK\")]"}
COMMAND: GET /session/121b5910f067d4d1941a4df48d2c59fa/screenshot - {}
RESULT: {"using":"xpath","value":"//bdi[contains(text(), \"OK\")]"}
COMMAND: POST /session/121b5910f067d4d1941a4df48d2c59fa/element/f.F80EBE20359F196FC2F6F7CC51ACB296.d.C225BD916E988E97330FCBAEFE22760D.e.6973/click - {}
RESULT: {}
RESULT: {}
COMMAND: GET /session/121b5910f067d4d1941a4df48d2c59fa/screenshot - {}
RESULT: {}
COMMAND: POST /session/121b5910f067d4d1941a4df48d2c59fa/element - {"using":"xpath","value":"(//button[@data-kt=\"saveButton\"])[2]"}
RESULT: {"using":"xpath","value":"(//button[@data-kt=\"saveButton\"])[2]"}
COMMAND: POST /session/121b5910f067d4d1941a4df48d2c59fa/element/f.F80EBE20359F196FC2F6F7CC51ACB296.d.C225BD916E988E97330FCBAEFE22760D.e.6974/click - {}
RESULT: {}
COMMAND: GET /session/121b5910f067d4d1941a4df48d2c59fa/screenshot - {}
RESULT: {}
COMMAND: POST /session/121b5910f067d4d1941a4df48d2c59fa/execute/sync - {"script":"<script> [276 bytes]","args":["Some contract items are having rental validity exceeding header rental validity"]}
RESULT: {"script":"<script> [276 bytes]","args":["Some contract items are having rental validity exceeding header rental validity"]}
COMMAND: GET /session/121b5910f067d4d1941a4df48d2c59fa/screenshot - {}
RESULT: {}
COMMAND: POST /session/121b5910f067d4d1941a4df48d2c59fa/element - {"using":"xpath","value":"//span[contains(@id ,\"contractItemsSmartTable-header-inner\")]"}
RESULT: {"using":"xpath","value":"//span[contains(@id ,\"contractItemsSmartTable-header-inner\")]"}
COMMAND: POST /session/121b5910f067d4d1941a4df48d2c59fa/elements - {"using":"xpath","value":"//span[contains(@id ,\"contractItemsSmartTable-header-inner\")]"}
RESULT: {"using":"xpath","value":"//span[contains(@id ,\"contractItemsSmartTable-header-inner\")]"}
COMMAND: POST /session/121b5910f067d4d1941a4df48d2c59fa/execute/sync - {"script":"<script> [56 bytes]","args":[{"element-6066-11e4-a52e-4f735466cecf":"f.F80EBE20359F196FC2F6F7CC51ACB296.d.C225BD916E988E97330FCBAEFE22760D.e.6978","ELEMENT":"f.F80EBE20359F196FC2F6F7CC51ACB296.d.C225BD916E988E97330FCBAEFE22760D.e.6978"}]}
RESULT: {"script":"<script> [56 bytes]","args":[{"element-6066-11e4-a52e-4f735466cecf":"f.F80EBE20359F196FC2F6F7CC51ACB296.d.C225BD916E988E97330FCBAEFE22760D.e.6978","ELEMENT":"f.F80EBE20359F196FC2F6F7CC51ACB296.d.C225BD916E988E97330FCBAEFE22760D.e.6978"}]}
]]></system-out>
    </testcase>
    <testcase classname="chrome.136_0_7103_93.windows.Provide_to_Site_w/_warehouse_management_w_clarification" name="Should provide to site" time="42.393">
      <system-out><![CDATA[
COMMAND: POST /session/121b5910f067d4d1941a4df48d2c59fa/element - {"using":"xpath","value":"//button[@data-kt=\"provideButton\"]"}
COMMAND: GET /session/121b5910f067d4d1941a4df48d2c59fa/screenshot - {}
RESULT: {"using":"xpath","value":"//button[@data-kt=\"provideButton\"]"}
COMMAND: POST /session/121b5910f067d4d1941a4df48d2c59fa/element/f.F80EBE20359F196FC2F6F7CC51ACB296.d.C225BD916E988E97330FCBAEFE22760D.e.6979/click - {}
RESULT: {}
RESULT: {}
COMMAND: GET /session/121b5910f067d4d1941a4df48d2c59fa/screenshot - {}
RESULT: {}
RESULT: undefined
COMMAND: POST /session/121b5910f067d4d1941a4df48d2c59fa/execute/async - {"script":"<script> [6424 bytes]","args":[{"element-6066-11e4-a52e-4f735466cecf":"f.F80EBE20359F196FC2F6F7CC51ACB296.d.C225BD916E988E97330FCBAEFE22760D.e.5966"},"setValue",["05/16/25"]]}
COMMAND: POST /session/121b5910f067d4d1941a4df48d2c59fa/execute/async - {"script":"<script> [1562 bytes]","args":[{"selector":{"id":"application-managehandovers-display-component---AddNewHO--dueDate","interaction":{"idSuffix":"inner"}},"wdio_ui5_key":"applicationmanagehandovers-display-component---AddNewHO--dueDate"}]}
RESULT: {"script":"<script> [1562 bytes]","args":[{"selector":{"id":"application-managehandovers-display-component---AddNewHO--dueDate","interaction":{"idSuffix":"inner"}},"wdio_ui5_key":"applicationmanagehandovers-display-component---AddNewHO--dueDate"}]}
COMMAND: POST /session/121b5910f067d4d1941a4df48d2c59fa/execute/async - {"script":"<script> [6424 bytes]","args":[{"element-6066-11e4-a52e-4f735466cecf":"f.F80EBE20359F196FC2F6F7CC51ACB296.d.C225BD916E988E97330FCBAEFE22760D.e.7069"},"setValue",["05/16/25"]]}
RESULT: {"script":"<script> [6424 bytes]","args":[{"element-6066-11e4-a52e-4f735466cecf":"f.F80EBE20359F196FC2F6F7CC51ACB296.d.C225BD916E988E97330FCBAEFE22760D.e.7069"},"setValue",["05/16/25"]]}
COMMAND: POST /session/121b5910f067d4d1941a4df48d2c59fa/element - {"using":"xpath","value":"//bdi[contains(text(), \"Instructions\")]"}
RESULT: {"using":"xpath","value":"//bdi[contains(text(), \"Instructions\")]"}
COMMAND: POST /session/121b5910f067d4d1941a4df48d2c59fa/element/f.F80EBE20359F196FC2F6F7CC51ACB296.d.C225BD916E988E97330FCBAEFE22760D.e.7292/click - {}
RESULT: {}
COMMAND: GET /session/121b5910f067d4d1941a4df48d2c59fa/screenshot - {}
RESULT: {}
COMMAND: POST /session/121b5910f067d4d1941a4df48d2c59fa/element - {"using":"xpath","value":"//button[@data-kt=\"AddNewHOProvideAddItemsButton\"]"}
RESULT: {"using":"xpath","value":"//button[@data-kt=\"AddNewHOProvideAddItemsButton\"]"}
COMMAND: POST /session/121b5910f067d4d1941a4df48d2c59fa/element/f.F80EBE20359F196FC2F6F7CC51ACB296.d.C225BD916E988E97330FCBAEFE22760D.e.7296/click - {}
RESULT: {}
COMMAND: GET /session/121b5910f067d4d1941a4df48d2c59fa/screenshot - {}
RESULT: {}
RESULT: undefined
COMMAND: POST /session/121b5910f067d4d1941a4df48d2c59fa/element - {"using":"xpath","value":"//*[@id=\"application-managehandovers-display-component---AddNewHO--popup-sa\"]"}
RESULT: {"using":"xpath","value":"//*[@id=\"application-managehandovers-display-component---AddNewHO--popup-sa\"]"}
COMMAND: POST /session/121b5910f067d4d1941a4df48d2c59fa/element/f.F80EBE20359F196FC2F6F7CC51ACB296.d.C225BD916E988E97330FCBAEFE22760D.e.7306/click - {}
RESULT: {}
COMMAND: GET /session/121b5910f067d4d1941a4df48d2c59fa/screenshot - {}
RESULT: {}
COMMAND: POST /session/121b5910f067d4d1941a4df48d2c59fa/element - {"using":"xpath","value":"//*[contains(@id ,\"BDI-content\")][contains(text(), \"Select\")]"}
RESULT: {"using":"xpath","value":"//*[contains(@id ,\"BDI-content\")][contains(text(), \"Select\")]"}
COMMAND: POST /session/121b5910f067d4d1941a4df48d2c59fa/element/f.F80EBE20359F196FC2F6F7CC51ACB296.d.C225BD916E988E97330FCBAEFE22760D.e.7307/click - {}
RESULT: {}
COMMAND: GET /session/121b5910f067d4d1941a4df48d2c59fa/screenshot - {}
RESULT: {}
COMMAND: POST /session/121b5910f067d4d1941a4df48d2c59fa/element - {"using":"xpath","value":"//bdi[(text() = 'Save' or . = 'Save')]"}
RESULT: {"using":"xpath","value":"//bdi[(text() = 'Save' or . = 'Save')]"}
COMMAND: POST /session/121b5910f067d4d1941a4df48d2c59fa/element/f.F80EBE20359F196FC2F6F7CC51ACB296.d.C225BD916E988E97330FCBAEFE22760D.e.7310/click - {}
RESULT: {}
COMMAND: GET /session/121b5910f067d4d1941a4df48d2c59fa/screenshot - {}
RESULT: {}
]]></system-out>
    </testcase>
    <testcase classname="chrome.136_0_7103_93.windows.Provide_to_Site_w/_warehouse_management_w_clarification" name="Should test for Handover Execution" time="155.754">
      <system-out><![CDATA[
COMMAND: POST /session/121b5910f067d4d1941a4df48d2c59fa/execute/async - {"script":"<script> [1562 bytes]","args":[{"selector":{"controlType":"sap.m.Link","viewName":"etm.portal.ui.managehandovers.view.DetailExecuteHO","bindingPath":{"path":"","propertyPath":"/wmDoc","modelName":"warehouseMovModel"}},"wdio_ui5_key":"etmportal.ui.managehandovers.view.DetailExecuteHOsap.m.Link{\"path\":\"\",\"propertyPath\":\"/wmDoc\",\"modelName\":\"warehouseMovModel\"}"}]}
RESULT: {"script":"<script> [1562 bytes]","args":[{"selector":{"controlType":"sap.m.Link","viewName":"etm.portal.ui.managehandovers.view.DetailExecuteHO","bindingPath":{"path":"","propertyPath":"/wmDoc","modelName":"warehouseMovModel"}},"wdio_ui5_key":"etmportal.ui.managehandovers.view.DetailExecuteHOsap.m.Link{\"path\":\"\",\"propertyPath\":\"/wmDoc\",\"modelName\":\"warehouseMovModel\"}"}]}
RESULT: undefined
COMMAND: POST /session/121b5910f067d4d1941a4df48d2c59fa/element - {"using":"xpath","value":"//*[@id=\"__link81\"]"}
RESULT: {"using":"xpath","value":"//*[@id=\"__link81\"]"}
COMMAND: POST /session/121b5910f067d4d1941a4df48d2c59fa/element/f.F80EBE20359F196FC2F6F7CC51ACB296.d.C225BD916E988E97330FCBAEFE22760D.e.7358/click - {}
RESULT: {}
COMMAND: GET /session/121b5910f067d4d1941a4df48d2c59fa/screenshot - {}
RESULT: {}
COMMAND: POST /session/121b5910f067d4d1941a4df48d2c59fa/execute/async - {"script":"<script> [1562 bytes]","args":[{"selector":{"controlType":"sap.m.Link","viewName":"etm.portal.ui.managehandovers.view.DetailExecuteHO","properties":{"text":"Warehouse Overview"},"searchOpenDialogs":true},"wdio_ui5_key":"etmportal.ui.managehandovers.view.DetailExecuteHOsap.m.Link{\"text\":\"Warehouse Overview\"}"}]}
RESULT: {"script":"<script> [1562 bytes]","args":[{"selector":{"controlType":"sap.m.Link","viewName":"etm.portal.ui.managehandovers.view.DetailExecuteHO","properties":{"text":"Warehouse Overview"},"searchOpenDialogs":true},"wdio_ui5_key":"etmportal.ui.managehandovers.view.DetailExecuteHOsap.m.Link{\"text\":\"Warehouse Overview\"}"}]}
RESULT: undefined
COMMAND: POST /session/121b5910f067d4d1941a4df48d2c59fa/element - {"using":"xpath","value":"//*[@id=\"__link96\"]"}
RESULT: {"using":"xpath","value":"//*[@id=\"__link96\"]"}
COMMAND: POST /session/121b5910f067d4d1941a4df48d2c59fa/element/f.F80EBE20359F196FC2F6F7CC51ACB296.d.C225BD916E988E97330FCBAEFE22760D.e.7362/click - {}
RESULT: {}
COMMAND: GET /session/121b5910f067d4d1941a4df48d2c59fa/screenshot - {}
COMMAND: POST /session/121b5910f067d4d1941a4df48d2c59fa/execute/async - {"script":"<script> [1562 bytes]","args":[{"selector":{"controlType":"sap.m.Button","viewName":"etm.portal.ui.warehousemovements.view.DisplayMovement","viewId":"application-warehousemovements-display-component---displayMovement","i18NText":{"propertyName":"text","key":"execution"},"interaction":{"idSuffix":"BDI-content"}},"wdio_ui5_key":"etmportal.ui.warehousemovements.view.DisplayMovementsap.m.Button{\"propertyName\":\"text\",\"key\":\"execution\"}"}]}
RESULT: {}
RESULT: {"script":"<script> [1562 bytes]","args":[{"selector":{"controlType":"sap.m.Button","viewName":"etm.portal.ui.warehousemovements.view.DisplayMovement","viewId":"application-warehousemovements-display-component---displayMovement","i18NText":{"propertyName":"text","key":"execution"},"interaction":{"idSuffix":"BDI-content"}},"wdio_ui5_key":"etmportal.ui.warehousemovements.view.DisplayMovementsap.m.Button{\"propertyName\":\"text\",\"key\":\"execution\"}"}]}
RESULT: undefined
COMMAND: POST /session/121b5910f067d4d1941a4df48d2c59fa/element - {"using":"xpath","value":"//*[@id=\"__button219\"]"}
RESULT: {"using":"xpath","value":"//*[@id=\"__button219\"]"}
COMMAND: POST /session/121b5910f067d4d1941a4df48d2c59fa/element/f.F80EBE20359F196FC2F6F7CC51ACB296.d.C225BD916E988E97330FCBAEFE22760D.e.7492/click - {}
RESULT: {}
COMMAND: GET /session/121b5910f067d4d1941a4df48d2c59fa/screenshot - {}
RESULT: {}
COMMAND: POST /session/121b5910f067d4d1941a4df48d2c59fa/execute/async - {"script":"<script> [1562 bytes]","args":[{"selector":{"controlType":"sap.m.Button","viewName":"etm.portal.ui.warehousemovements.view.ExecuteMovement","viewId":"application-warehousemovements-display-component---executeMovement","properties":{"text":"Items"},"interaction":{"idSuffix":"BDI-content"}},"wdio_ui5_key":"etmportal.ui.warehousemovements.view.ExecuteMovementsap.m.Button{\"text\":\"Items\"}"}]}
RESULT: {"script":"<script> [1562 bytes]","args":[{"selector":{"controlType":"sap.m.Button","viewName":"etm.portal.ui.warehousemovements.view.ExecuteMovement","viewId":"application-warehousemovements-display-component---executeMovement","properties":{"text":"Items"},"interaction":{"idSuffix":"BDI-content"}},"wdio_ui5_key":"etmportal.ui.warehousemovements.view.ExecuteMovementsap.m.Button{\"text\":\"Items\"}"}]}
RESULT: undefined
COMMAND: POST /session/121b5910f067d4d1941a4df48d2c59fa/element - {"using":"xpath","value":"//*[@id=\"__layout353-anchBar-application-warehousemovements-display-component---executeMovement--itemsSection-anchor\"]"}
RESULT: {"using":"xpath","value":"//*[@id=\"__layout353-anchBar-application-warehousemovements-display-component---executeMovement--itemsSection-anchor\"]"}
COMMAND: POST /session/121b5910f067d4d1941a4df48d2c59fa/element/f.F80EBE20359F196FC2F6F7CC51ACB296.d.C225BD916E988E97330FCBAEFE22760D.e.7589/click - {}
RESULT: {}
COMMAND: GET /session/121b5910f067d4d1941a4df48d2c59fa/screenshot - {}
RESULT: {}
COMMAND: POST /session/121b5910f067d4d1941a4df48d2c59fa/execute/async - {"script":"<script> [1562 bytes]","args":[{"selector":{"controlType":"sap.m.ToggleButton","viewName":"etm.portal.ui.warehousemovements.view.ExecuteMovement","viewId":"application-warehousemovements-display-component---executeMovement","bindingPath":{"propertyPath":"STATUS","modelName":"catalogModel"},"interaction":{"idSuffix":"BDI-content"}},"wdio_ui5_key":"etmportal.ui.warehousemovements.view.ExecuteMovementsap.m.ToggleButton{\"propertyPath\":\"STATUS\",\"modelName\":\"catalogModel\"}"}]}
RESULT: {"script":"<script> [1562 bytes]","args":[{"selector":{"controlType":"sap.m.ToggleButton","viewName":"etm.portal.ui.warehousemovements.view.ExecuteMovement","viewId":"application-warehousemovements-display-component---executeMovement","bindingPath":{"propertyPath":"STATUS","modelName":"catalogModel"},"interaction":{"idSuffix":"BDI-content"}},"wdio_ui5_key":"etmportal.ui.warehousemovements.view.ExecuteMovementsap.m.ToggleButton{\"propertyPath\":\"STATUS\",\"modelName\":\"catalogModel\"}"}]}
RESULT: undefined
COMMAND: POST /session/121b5910f067d4d1941a4df48d2c59fa/element - {"using":"xpath","value":"//*[@id=\"__button242-__clone2858\"]"}
RESULT: {"using":"xpath","value":"//*[@id=\"__button242-__clone2858\"]"}
COMMAND: POST /session/121b5910f067d4d1941a4df48d2c59fa/element/f.F80EBE20359F196FC2F6F7CC51ACB296.d.C225BD916E988E97330FCBAEFE22760D.e.7561/click - {}
RESULT: {}
RESULT: undefined
COMMAND: POST /session/121b5910f067d4d1941a4df48d2c59fa/element - {"using":"xpath","value":"//*[@id=\"__button242-__clone2858\"]"}
COMMAND: GET /session/121b5910f067d4d1941a4df48d2c59fa/screenshot - {}
RESULT: {"using":"xpath","value":"//*[@id=\"__button242-__clone2858\"]"}
COMMAND: POST /session/121b5910f067d4d1941a4df48d2c59fa/element/f.F80EBE20359F196FC2F6F7CC51ACB296.d.C225BD916E988E97330FCBAEFE22760D.e.7561/click - {}
RESULT: {}
RESULT: {}
COMMAND: GET /session/121b5910f067d4d1941a4df48d2c59fa/screenshot - {}
RESULT: {}
COMMAND: POST /session/121b5910f067d4d1941a4df48d2c59fa/element - {"using":"xpath","value":"//section[contains(@id,\"FC-NoHead\")]/div[1]/div[5]/div[2]/span"}
RESULT: {"using":"xpath","value":"//section[contains(@id,\"FC-NoHead\")]/div[1]/div[5]/div[2]/span"}
COMMAND: POST /session/121b5910f067d4d1941a4df48d2c59fa/elements - {"using":"xpath","value":"//section[contains(@id,\"FC-NoHead\")]/div[1]/div[5]/div[2]/span"}
RESULT: {"using":"xpath","value":"//section[contains(@id,\"FC-NoHead\")]/div[1]/div[5]/div[2]/span"}
COMMAND: POST /session/121b5910f067d4d1941a4df48d2c59fa/execute/sync - {"script":"<script> [56 bytes]","args":[{"element-6066-11e4-a52e-4f735466cecf":"f.F80EBE20359F196FC2F6F7CC51ACB296.d.C225BD916E988E97330FCBAEFE22760D.e.7596","ELEMENT":"f.F80EBE20359F196FC2F6F7CC51ACB296.d.C225BD916E988E97330FCBAEFE22760D.e.7596"}]}
RESULT: {"script":"<script> [56 bytes]","args":[{"element-6066-11e4-a52e-4f735466cecf":"f.F80EBE20359F196FC2F6F7CC51ACB296.d.C225BD916E988E97330FCBAEFE22760D.e.7596","ELEMENT":"f.F80EBE20359F196FC2F6F7CC51ACB296.d.C225BD916E988E97330FCBAEFE22760D.e.7596"}]}
COMMAND: POST /session/121b5910f067d4d1941a4df48d2c59fa/actions - {"actions":[{"id":"action24","type":"key","parameters":{},"actions":[{"type":"keyDown","value":"î€‡"},{"type":"pause","duration":10},{"type":"keyUp","value":"î€‡"}]}]}
COMMAND: GET /session/121b5910f067d4d1941a4df48d2c59fa/screenshot - {}
RESULT: {"actions":[{"id":"action24","type":"key","parameters":{},"actions":[{"type":"keyDown","value":"î€‡"},{"type":"pause","duration":10},{"type":"keyUp","value":"î€‡"}]}]}
COMMAND: POST /session/121b5910f067d4d1941a4df48d2c59fa/execute/async - {"script":"<script> [1562 bytes]","args":[{"selector":{"id":"application-warehousemovements-display-component---executeMovement--executeId","interaction":{"idSuffix":"BDI-content"}},"wdio_ui5_key":"applicationwarehousemovements-display-component---executeMovement--executeId"}]}
COMMAND: GET /session/121b5910f067d4d1941a4df48d2c59fa/screenshot - {}
RESULT: {}
RESULT: {"script":"<script> [1562 bytes]","args":[{"selector":{"id":"application-warehousemovements-display-component---executeMovement--executeId","interaction":{"idSuffix":"BDI-content"}},"wdio_ui5_key":"applicationwarehousemovements-display-component---executeMovement--executeId"}]}
RESULT: undefined
COMMAND: POST /session/121b5910f067d4d1941a4df48d2c59fa/element - {"using":"xpath","value":"//*[@id=\"application-warehousemovements-display-component---executeMovement--executeId\"]"}
RESULT: {}
RESULT: {"using":"xpath","value":"//*[@id=\"application-warehousemovements-display-component---executeMovement--executeId\"]"}
COMMAND: POST /session/121b5910f067d4d1941a4df48d2c59fa/element/f.F80EBE20359F196FC2F6F7CC51ACB296.d.C225BD916E988E97330FCBAEFE22760D.e.7555/click - {}
RESULT: {}
COMMAND: GET /session/121b5910f067d4d1941a4df48d2c59fa/screenshot - {}
RESULT: {}
COMMAND: POST /session/121b5910f067d4d1941a4df48d2c59fa/element - {"using":"css selector","value":"#shell-header-logo"}
RESULT: {"using":"css selector","value":"#shell-header-logo"}
COMMAND: POST /session/121b5910f067d4d1941a4df48d2c59fa/element/f.F80EBE20359F196FC2F6F7CC51ACB296.d.C225BD916E988E97330FCBAEFE22760D.e.6361/click - {}
RESULT: {}
COMMAND: GET /session/121b5910f067d4d1941a4df48d2c59fa/screenshot - {}
RESULT: {}
RESULT: undefined
COMMAND: POST /session/121b5910f067d4d1941a4df48d2c59fa/element - {"using":"xpath","value":"//*[@id=\"__tile132\"]"}
RESULT: {"using":"xpath","value":"//*[@id=\"__tile132\"]"}
COMMAND: POST /session/121b5910f067d4d1941a4df48d2c59fa/element/f.F80EBE20359F196FC2F6F7CC51ACB296.d.C225BD916E988E97330FCBAEFE22760D.e.4976/click - {}
RESULT: {}
COMMAND: GET /session/121b5910f067d4d1941a4df48d2c59fa/screenshot - {}
RESULT: {}
COMMAND: POST /session/121b5910f067d4d1941a4df48d2c59fa/elements - {"using":"xpath","value":"//span[text()='Error']"}
RESULT: {"using":"xpath","value":"//span[text()='Error']"}
COMMAND: POST /session/121b5910f067d4d1941a4df48d2c59fa/execute/async - {"script":"<script> [1562 bytes]","args":[{"selector":{"controlType":"sap.m.SearchField","viewName":"etm.portal.ui.managehandovers.view.MasterHO","bindingPath":{"propertyPath":"/_BASIC_SEARCH_FIELD","modelName":"fi1t3rM0d31"},"interaction":{"idSuffix":"I"}},"wdio_ui5_key":"etmportal.ui.managehandovers.view.MasterHOsap.m.SearchField{\"propertyPath\":\"/_BASIC_SEARCH_FIELD\",\"modelName\":\"fi1t3rM0d31\"}"}]}
RESULT: {"script":"<script> [1562 bytes]","args":[{"selector":{"controlType":"sap.m.SearchField","viewName":"etm.portal.ui.managehandovers.view.MasterHO","bindingPath":{"propertyPath":"/_BASIC_SEARCH_FIELD","modelName":"fi1t3rM0d31"},"interaction":{"idSuffix":"I"}},"wdio_ui5_key":"etmportal.ui.managehandovers.view.MasterHOsap.m.SearchField{\"propertyPath\":\"/_BASIC_SEARCH_FIELD\",\"modelName\":\"fi1t3rM0d31\"}"}]}
RESULT: undefined
COMMAND: POST /session/121b5910f067d4d1941a4df48d2c59fa/execute/async - {"script":"<script> [776 bytes]","args":[{"enterText":"30500","selector":{"controlType":"sap.m.SearchField","viewName":"etm.portal.ui.managehandovers.view.MasterHO","bindingPath":{"propertyPath":"/_BASIC_SEARCH_FIELD","modelName":"fi1t3rM0d31"},"interaction":{"idSuffix":"I"}},"clearTextFirst":true,"interactionType":"ENTER_TEXT"}]}
RESULT: {"script":"<script> [776 bytes]","args":[{"enterText":"30500","selector":{"controlType":"sap.m.SearchField","viewName":"etm.portal.ui.managehandovers.view.MasterHO","bindingPath":{"propertyPath":"/_BASIC_SEARCH_FIELD","modelName":"fi1t3rM0d31"},"interaction":{"idSuffix":"I"}},"clearTextFirst":true,"interactionType":"ENTER_TEXT"}]}
COMMAND: POST /session/121b5910f067d4d1941a4df48d2c59fa/actions - {"actions":[{"id":"action25","type":"key","parameters":{},"actions":[{"type":"keyDown","value":"î€‡"},{"type":"pause","duration":10},{"type":"keyUp","value":"î€‡"}]}]}
RESULT: {"actions":[{"id":"action25","type":"key","parameters":{},"actions":[{"type":"keyDown","value":"î€‡"},{"type":"pause","duration":10},{"type":"keyUp","value":"î€‡"}]}]}
COMMAND: GET /session/121b5910f067d4d1941a4df48d2c59fa/screenshot - {}
COMMAND: POST /session/121b5910f067d4d1941a4df48d2c59fa/execute/async - {"script":"<script> [1562 bytes]","args":[{"selector":{"controlType":"sap.ui.core.Icon","viewName":"etm.portal.ui.managehandovers.view.MasterHO","properties":{"src":{"regex":{"source":"slim\\-arrow\\-right"}}}},"wdio_ui5_key":"etmportal.ui.managehandovers.view.MasterHOsap.ui.core.Icon{\"src\":{\"regex\":{\"source\":\"slim\\\\-arrow\\\\-right\"}}}"}]}
RESULT: {}
RESULT: {"script":"<script> [1562 bytes]","args":[{"selector":{"controlType":"sap.ui.core.Icon","viewName":"etm.portal.ui.managehandovers.view.MasterHO","properties":{"src":{"regex":{"source":"slim\\-arrow\\-right"}}}},"wdio_ui5_key":"etmportal.ui.managehandovers.view.MasterHOsap.ui.core.Icon{\"src\":{\"regex\":{\"source\":\"slim\\\\-arrow\\\\-right\"}}}"}]}
RESULT: undefined
COMMAND: POST /session/121b5910f067d4d1941a4df48d2c59fa/element - {"using":"xpath","value":"//*[@id=\"__item1529-__clone2938-imgNav\"]"}
RESULT: {"using":"xpath","value":"//*[@id=\"__item1529-__clone2938-imgNav\"]"}
COMMAND: POST /session/121b5910f067d4d1941a4df48d2c59fa/element/f.F80EBE20359F196FC2F6F7CC51ACB296.d.C225BD916E988E97330FCBAEFE22760D.e.7908/click - {}
RESULT: {}
COMMAND: GET /session/121b5910f067d4d1941a4df48d2c59fa/screenshot - {}
RESULT: {}
COMMAND: POST /session/121b5910f067d4d1941a4df48d2c59fa/execute/async - {"script":"<script> [1562 bytes]","args":[{"selector":{"controlType":"sap.m.Button","viewName":"etm.portal.ui.managehandovers.view.DetailExecuteHO","i18NText":{"propertyName":"text","key":"confirmAll"},"interaction":{"idSuffix":"BDI-content"}},"wdio_ui5_key":"etmportal.ui.managehandovers.view.DetailExecuteHOsap.m.Button{\"propertyName\":\"text\",\"key\":\"confirmAll\"}"}]}
RESULT: {"script":"<script> [1562 bytes]","args":[{"selector":{"controlType":"sap.m.Button","viewName":"etm.portal.ui.managehandovers.view.DetailExecuteHO","i18NText":{"propertyName":"text","key":"confirmAll"},"interaction":{"idSuffix":"BDI-content"}},"wdio_ui5_key":"etmportal.ui.managehandovers.view.DetailExecuteHOsap.m.Button{\"propertyName\":\"text\",\"key\":\"confirmAll\"}"}]}
RESULT: undefined
COMMAND: POST /session/121b5910f067d4d1941a4df48d2c59fa/element - {"using":"xpath","value":"//*[@id=\"__button280\"]"}
RESULT: {"using":"xpath","value":"//*[@id=\"__button280\"]"}
COMMAND: POST /session/121b5910f067d4d1941a4df48d2c59fa/element/f.F80EBE20359F196FC2F6F7CC51ACB296.d.C225BD916E988E97330FCBAEFE22760D.e.7991/click - {}
RESULT: {}
COMMAND: GET /session/121b5910f067d4d1941a4df48d2c59fa/screenshot - {}
RESULT: {}
COMMAND: POST /session/121b5910f067d4d1941a4df48d2c59fa/actions - {"actions":[{"id":"action26","type":"key","parameters":{},"actions":[{"type":"keyDown","value":"î€‡"},{"type":"pause","duration":10},{"type":"keyUp","value":"î€‡"}]}]}
RESULT: {"actions":[{"id":"action26","type":"key","parameters":{},"actions":[{"type":"keyDown","value":"î€‡"},{"type":"pause","duration":10},{"type":"keyUp","value":"î€‡"}]}]}
COMMAND: GET /session/121b5910f067d4d1941a4df48d2c59fa/screenshot - {}
RESULT: {}
COMMAND: POST /session/121b5910f067d4d1941a4df48d2c59fa/element - {"using":"xpath","value":"//button[@data-kt=\"execHoIssueButton\"]"}
RESULT: {"using":"xpath","value":"//button[@data-kt=\"execHoIssueButton\"]"}
COMMAND: POST /session/121b5910f067d4d1941a4df48d2c59fa/element/f.F80EBE20359F196FC2F6F7CC51ACB296.d.C225BD916E988E97330FCBAEFE22760D.e.8000/click - {}
RESULT: {}
COMMAND: GET /session/121b5910f067d4d1941a4df48d2c59fa/screenshot - {}
RESULT: {}
RESULT: undefined
COMMAND: POST /session/121b5910f067d4d1941a4df48d2c59fa/execute/async - {"script":"<script> [776 bytes]","args":[{"enterText":"30500","selector":{"controlType":"sap.m.SearchField","viewName":"etm.portal.ui.managehandovers.view.MasterHO","bindingPath":{"propertyPath":"/_BASIC_SEARCH_FIELD","modelName":"fi1t3rM0d31"},"interaction":{"idSuffix":"I"}},"clearTextFirst":true,"interactionType":"ENTER_TEXT"}]}
RESULT: {"script":"<script> [776 bytes]","args":[{"enterText":"30500","selector":{"controlType":"sap.m.SearchField","viewName":"etm.portal.ui.managehandovers.view.MasterHO","bindingPath":{"propertyPath":"/_BASIC_SEARCH_FIELD","modelName":"fi1t3rM0d31"},"interaction":{"idSuffix":"I"}},"clearTextFirst":true,"interactionType":"ENTER_TEXT"}]}
COMMAND: POST /session/121b5910f067d4d1941a4df48d2c59fa/actions - {"actions":[{"id":"action27","type":"key","parameters":{},"actions":[{"type":"keyDown","value":"î€‡"},{"type":"pause","duration":10},{"type":"keyUp","value":"î€‡"}]}]}
RESULT: {"actions":[{"id":"action27","type":"key","parameters":{},"actions":[{"type":"keyDown","value":"î€‡"},{"type":"pause","duration":10},{"type":"keyUp","value":"î€‡"}]}]}
COMMAND: GET /session/121b5910f067d4d1941a4df48d2c59fa/screenshot - {}
RESULT: {}
COMMAND: POST /session/121b5910f067d4d1941a4df48d2c59fa/element - {"using":"xpath","value":"//span[(text() = '30500' or . = '30500')]"}
RESULT: {"using":"xpath","value":"//span[(text() = '30500' or . = '30500')]"}
COMMAND: POST /session/121b5910f067d4d1941a4df48d2c59fa/element/f.F80EBE20359F196FC2F6F7CC51ACB296.d.C225BD916E988E97330FCBAEFE22760D.e.8043/click - {}
RESULT: {}
COMMAND: GET /session/121b5910f067d4d1941a4df48d2c59fa/screenshot - {}
RESULT: {}
COMMAND: POST /session/121b5910f067d4d1941a4df48d2c59fa/element - {"using":"xpath","value":"//span[contains(text(), \"Instructions\")]"}
RESULT: {"using":"xpath","value":"//span[contains(text(), \"Instructions\")]"}
COMMAND: POST /session/121b5910f067d4d1941a4df48d2c59fa/element/f.F80EBE20359F196FC2F6F7CC51ACB296.d.C225BD916E988E97330FCBAEFE22760D.e.8083/click - {}
RESULT: {}
COMMAND: GET /session/121b5910f067d4d1941a4df48d2c59fa/screenshot - {}
RESULT: {}
COMMAND: POST /session/121b5910f067d4d1941a4df48d2c59fa/element - {"using":"xpath","value":"//span[contains(text(), \"Instructions\")]"}
RESULT: {"using":"xpath","value":"//span[contains(text(), \"Instructions\")]"}
COMMAND: POST /session/121b5910f067d4d1941a4df48d2c59fa/element/f.F80EBE20359F196FC2F6F7CC51ACB296.d.C225BD916E988E97330FCBAEFE22760D.e.8083/click - {}
RESULT: {}
COMMAND: GET /session/121b5910f067d4d1941a4df48d2c59fa/screenshot - {}
RESULT: {}
COMMAND: POST /session/121b5910f067d4d1941a4df48d2c59fa/execute/async - {"script":"<script> [1562 bytes]","args":[{"selector":{"controlType":"sap.m.ComboBox","viewName":"etm.portal.ui.managehandovers.view.DetailExecuteHO","bindingPath":{"propertyPath":"RECEIVING_SECTION","modelName":"catalogModel"},"interaction":{"idSuffix":"inner"}},"wdio_ui5_key":"etmportal.ui.managehandovers.view.DetailExecuteHOsap.m.ComboBox{\"propertyPath\":\"RECEIVING_SECTION\",\"modelName\":\"catalogModel\"}"}]}
RESULT: {"script":"<script> [1562 bytes]","args":[{"selector":{"controlType":"sap.m.ComboBox","viewName":"etm.portal.ui.managehandovers.view.DetailExecuteHO","bindingPath":{"propertyPath":"RECEIVING_SECTION","modelName":"catalogModel"},"interaction":{"idSuffix":"inner"}},"wdio_ui5_key":"etmportal.ui.managehandovers.view.DetailExecuteHOsap.m.ComboBox{\"propertyPath\":\"RECEIVING_SECTION\",\"modelName\":\"catalogModel\"}"}]}
RESULT: undefined
COMMAND: POST /session/121b5910f067d4d1941a4df48d2c59fa/execute/async - {"script":"<script> [776 bytes]","args":[{"enterText":"WDIO-2195","selector":{"controlType":"sap.m.ComboBox","viewName":"etm.portal.ui.managehandovers.view.DetailExecuteHO","bindingPath":{"propertyPath":"RECEIVING_SECTION","modelName":"catalogModel"},"interaction":{"idSuffix":"inner"}},"clearTextFirst":true,"interactionType":"ENTER_TEXT"}]}
RESULT: {"script":"<script> [776 bytes]","args":[{"enterText":"WDIO-2195","selector":{"controlType":"sap.m.ComboBox","viewName":"etm.portal.ui.managehandovers.view.DetailExecuteHO","bindingPath":{"propertyPath":"RECEIVING_SECTION","modelName":"catalogModel"},"interaction":{"idSuffix":"inner"}},"clearTextFirst":true,"interactionType":"ENTER_TEXT"}]}
COMMAND: POST /session/121b5910f067d4d1941a4df48d2c59fa/actions - {"actions":[{"id":"action28","type":"key","parameters":{},"actions":[{"type":"keyDown","value":"î€‡"},{"type":"pause","duration":10},{"type":"keyUp","value":"î€‡"}]}]}
RESULT: {"actions":[{"id":"action28","type":"key","parameters":{},"actions":[{"type":"keyDown","value":"î€‡"},{"type":"pause","duration":10},{"type":"keyUp","value":"î€‡"}]}]}
COMMAND: GET /session/121b5910f067d4d1941a4df48d2c59fa/screenshot - {}
RESULT: {}
COMMAND: POST /session/121b5910f067d4d1941a4df48d2c59fa/element - {"using":"xpath","value":"//button[@data-kt= \"execHoReceiveButton\"]"}
RESULT: {"using":"xpath","value":"//button[@data-kt= \"execHoReceiveButton\"]"}
COMMAND: POST /session/121b5910f067d4d1941a4df48d2c59fa/element/f.F80EBE20359F196FC2F6F7CC51ACB296.d.C225BD916E988E97330FCBAEFE22760D.e.8088/click - {}
RESULT: {}
COMMAND: GET /session/121b5910f067d4d1941a4df48d2c59fa/screenshot - {}
RESULT: {}
COMMAND: POST /session/121b5910f067d4d1941a4df48d2c59fa/execute/async - {"script":"<script> [1562 bytes]","args":[{"selector":{"controlType":"sap.m.Button","properties":{"text":"Continue"},"searchOpenDialogs":true,"interaction":{"idSuffix":"content"}},"wdio_ui5_key":"sapm.Button{\"text\":\"Continue\"}"}]}
RESULT: {"script":"<script> [1562 bytes]","args":[{"selector":{"controlType":"sap.m.Button","properties":{"text":"Continue"},"searchOpenDialogs":true,"interaction":{"idSuffix":"content"}},"wdio_ui5_key":"sapm.Button{\"text\":\"Continue\"}"}]}
RESULT: undefined
COMMAND: POST /session/121b5910f067d4d1941a4df48d2c59fa/element - {"using":"xpath","value":"//*[@id=\"__mbox-btn-6\"]"}
RESULT: {"using":"xpath","value":"//*[@id=\"__mbox-btn-6\"]"}
COMMAND: POST /session/121b5910f067d4d1941a4df48d2c59fa/element/f.F80EBE20359F196FC2F6F7CC51ACB296.d.C225BD916E988E97330FCBAEFE22760D.e.8089/click - {}
RESULT: {}
COMMAND: GET /session/121b5910f067d4d1941a4df48d2c59fa/screenshot - {}
RESULT: {}
COMMAND: POST /session/121b5910f067d4d1941a4df48d2c59fa/element - {"using":"css selector","value":"#shell-header-logo"}
RESULT: {"using":"css selector","value":"#shell-header-logo"}
COMMAND: POST /session/121b5910f067d4d1941a4df48d2c59fa/element/f.F80EBE20359F196FC2F6F7CC51ACB296.d.C225BD916E988E97330FCBAEFE22760D.e.7662/click - {}
RESULT: {}
COMMAND: GET /session/121b5910f067d4d1941a4df48d2c59fa/screenshot - {}
RESULT: {}
]]></system-out>
    </testcase>
    <testcase classname="chrome.136_0_7103_93.windows.Provide_to_Site_w/_warehouse_management_w_clarification" name="Should test for Clarification" time="70.531">
      <system-out><![CDATA[
RESULT: undefined
COMMAND: POST /session/121b5910f067d4d1941a4df48d2c59fa/element - {"using":"xpath","value":"//*[@id=\"__tile132\"]"}
RESULT: {"using":"xpath","value":"//*[@id=\"__tile132\"]"}
COMMAND: POST /session/121b5910f067d4d1941a4df48d2c59fa/element/f.F80EBE20359F196FC2F6F7CC51ACB296.d.C225BD916E988E97330FCBAEFE22760D.e.4976/click - {}
RESULT: {}
COMMAND: GET /session/121b5910f067d4d1941a4df48d2c59fa/screenshot - {}
RESULT: {}
COMMAND: POST /session/121b5910f067d4d1941a4df48d2c59fa/elements - {"using":"xpath","value":"//span[text()='Error']"}
RESULT: {"using":"xpath","value":"//span[text()='Error']"}
RESULT: undefined
COMMAND: POST /session/121b5910f067d4d1941a4df48d2c59fa/execute/async - {"script":"<script> [776 bytes]","args":[{"enterText":"30500","selector":{"controlType":"sap.m.SearchField","viewName":"etm.portal.ui.managehandovers.view.MasterHO","bindingPath":{"propertyPath":"/_BASIC_SEARCH_FIELD","modelName":"fi1t3rM0d31"},"interaction":{"idSuffix":"I"}},"clearTextFirst":true,"interactionType":"ENTER_TEXT"}]}
RESULT: {"script":"<script> [776 bytes]","args":[{"enterText":"30500","selector":{"controlType":"sap.m.SearchField","viewName":"etm.portal.ui.managehandovers.view.MasterHO","bindingPath":{"propertyPath":"/_BASIC_SEARCH_FIELD","modelName":"fi1t3rM0d31"},"interaction":{"idSuffix":"I"}},"clearTextFirst":true,"interactionType":"ENTER_TEXT"}]}
COMMAND: POST /session/121b5910f067d4d1941a4df48d2c59fa/actions - {"actions":[{"id":"action29","type":"key","parameters":{},"actions":[{"type":"keyDown","value":"î€‡"},{"type":"pause","duration":10},{"type":"keyUp","value":"î€‡"}]}]}
RESULT: {"actions":[{"id":"action29","type":"key","parameters":{},"actions":[{"type":"keyDown","value":"î€‡"},{"type":"pause","duration":10},{"type":"keyUp","value":"î€‡"}]}]}
COMMAND: GET /session/121b5910f067d4d1941a4df48d2c59fa/screenshot - {}
RESULT: {}
COMMAND: POST /session/121b5910f067d4d1941a4df48d2c59fa/element - {"using":"xpath","value":"//span[(text() = '30500' or . = '30500')]"}
RESULT: {"using":"xpath","value":"//span[(text() = '30500' or . = '30500')]"}
COMMAND: POST /session/121b5910f067d4d1941a4df48d2c59fa/element/f.F80EBE20359F196FC2F6F7CC51ACB296.d.C225BD916E988E97330FCBAEFE22760D.e.8387/click - {}
RESULT: {}
COMMAND: GET /session/121b5910f067d4d1941a4df48d2c59fa/screenshot - {}
RESULT: {}
COMMAND: POST /session/121b5910f067d4d1941a4df48d2c59fa/element - {"using":"xpath","value":"//span[contains(text(), \"Instructions\")]"}
RESULT: {"using":"xpath","value":"//span[contains(text(), \"Instructions\")]"}
COMMAND: POST /session/121b5910f067d4d1941a4df48d2c59fa/element/f.F80EBE20359F196FC2F6F7CC51ACB296.d.C225BD916E988E97330FCBAEFE22760D.e.8470/click - {}
RESULT: {}
COMMAND: GET /session/121b5910f067d4d1941a4df48d2c59fa/screenshot - {}
RESULT: {}
COMMAND: POST /session/121b5910f067d4d1941a4df48d2c59fa/element - {"using":"xpath","value":"//span[contains(text(), \"Instructions\")]"}
RESULT: {"using":"xpath","value":"//span[contains(text(), \"Instructions\")]"}
COMMAND: POST /session/121b5910f067d4d1941a4df48d2c59fa/element/f.F80EBE20359F196FC2F6F7CC51ACB296.d.C225BD916E988E97330FCBAEFE22760D.e.8470/click - {}
RESULT: {}
COMMAND: GET /session/121b5910f067d4d1941a4df48d2c59fa/screenshot - {}
RESULT: {}
COMMAND: POST /session/121b5910f067d4d1941a4df48d2c59fa/element - {"using":"xpath","value":"//button[.//bdi[text() = \"Refuse\"]]"}
RESULT: {"using":"xpath","value":"//button[.//bdi[text() = \"Refuse\"]]"}
COMMAND: POST /session/121b5910f067d4d1941a4df48d2c59fa/element/f.F80EBE20359F196FC2F6F7CC51ACB296.d.C225BD916E988E97330FCBAEFE22760D.e.8476/click - {}
RESULT: {}
COMMAND: GET /session/121b5910f067d4d1941a4df48d2c59fa/screenshot - {}
RESULT: {}
COMMAND: POST /session/121b5910f067d4d1941a4df48d2c59fa/element - {"using":"xpath","value":"//button[@data-kt= \"execHoReceiveRefuseButton\"]"}
RESULT: {"using":"xpath","value":"//button[@data-kt= \"execHoReceiveRefuseButton\"]"}
COMMAND: POST /session/121b5910f067d4d1941a4df48d2c59fa/element/f.F80EBE20359F196FC2F6F7CC51ACB296.d.C225BD916E988E97330FCBAEFE22760D.e.8478/click - {}
RESULT: {}
COMMAND: GET /session/121b5910f067d4d1941a4df48d2c59fa/screenshot - {}
RESULT: {}
COMMAND: POST /session/121b5910f067d4d1941a4df48d2c59fa/element - {"using":"css selector","value":"#shell-header-logo"}
RESULT: {"using":"css selector","value":"#shell-header-logo"}
COMMAND: POST /session/121b5910f067d4d1941a4df48d2c59fa/element/f.F80EBE20359F196FC2F6F7CC51ACB296.d.C225BD916E988E97330FCBAEFE22760D.e.8130/click - {}
RESULT: {}
COMMAND: GET /session/121b5910f067d4d1941a4df48d2c59fa/screenshot - {}
RESULT: {}
COMMAND: POST /session/121b5910f067d4d1941a4df48d2c59fa/element - {"using":"css selector","value":"#j_username"}
COMMAND: POST /session/121b5910f067d4d1941a4df48d2c59fa/url - {"url":"https://qa-testing-00-live-etm-ui.cfapps.eu10-004.hana.ondemand.com/"}
RESULT: {"using":"css selector","value":"#j_username"}
COMMAND: POST /session/121b5910f067d4d1941a4df48d2c59fa/element - {"using":"css selector","value":"#j_username"}
RESULT: {"url":"https://qa-testing-00-live-etm-ui.cfapps.eu10-004.hana.ondemand.com/"}
RESULT: undefined
COMMAND: GET /session/121b5910f067d4d1941a4df48d2c59fa/screenshot - {}
RESULT: {"using":"css selector","value":"#j_username"}
COMMAND: POST /session/121b5910f067d4d1941a4df48d2c59fa/element - {"using":"css selector","value":"#shell-header-logo"}
RESULT: {}
RESULT: {"using":"css selector","value":"#shell-header-logo"}
COMMAND: POST /session/121b5910f067d4d1941a4df48d2c59fa/execute/sync - {"script":"<script> [8489 bytes]","args":[{"element-6066-11e4-a52e-4f735466cecf":"f.F80EBE20359F196FC2F6F7CC51ACB296.d.36E3094E0630FD18BA988BABA9FD9494.e.8535","ELEMENT":"f.F80EBE20359F196FC2F6F7CC51ACB296.d.36E3094E0630FD18BA988BABA9FD9494.e.8535"}]}
RESULT: {"script":"<script> [8489 bytes]","args":[{"element-6066-11e4-a52e-4f735466cecf":"f.F80EBE20359F196FC2F6F7CC51ACB296.d.36E3094E0630FD18BA988BABA9FD9494.e.8535","ELEMENT":"f.F80EBE20359F196FC2F6F7CC51ACB296.d.36E3094E0630FD18BA988BABA9FD9494.e.8535"}]}
COMMAND: POST /session/121b5910f067d4d1941a4df48d2c59fa/element - {"using":"css selector","value":"#shell-header-logo"}
COMMAND: GET /session/121b5910f067d4d1941a4df48d2c59fa/screenshot - {}
RESULT: {"using":"css selector","value":"#shell-header-logo"}
COMMAND: POST /session/121b5910f067d4d1941a4df48d2c59fa/execute/sync - {"script":"<script> [8489 bytes]","args":[{"element-6066-11e4-a52e-4f735466cecf":"f.F80EBE20359F196FC2F6F7CC51ACB296.d.36E3094E0630FD18BA988BABA9FD9494.e.8535","ELEMENT":"f.F80EBE20359F196FC2F6F7CC51ACB296.d.36E3094E0630FD18BA988BABA9FD9494.e.8535"}]}
RESULT: {}
RESULT: {"script":"<script> [8489 bytes]","args":[{"element-6066-11e4-a52e-4f735466cecf":"f.F80EBE20359F196FC2F6F7CC51ACB296.d.36E3094E0630FD18BA988BABA9FD9494.e.8535","ELEMENT":"f.F80EBE20359F196FC2F6F7CC51ACB296.d.36E3094E0630FD18BA988BABA9FD9494.e.8535"}]}
COMMAND: POST /session/121b5910f067d4d1941a4df48d2c59fa/execute/sync - {"script":"<script> [5351 bytes]","args":[{"element-6066-11e4-a52e-4f735466cecf":"f.F80EBE20359F196FC2F6F7CC51ACB296.d.36E3094E0630FD18BA988BABA9FD9494.e.8535","ELEMENT":"f.F80EBE20359F196FC2F6F7CC51ACB296.d.36E3094E0630FD18BA988BABA9FD9494.e.8535"}]}
COMMAND: GET /session/121b5910f067d4d1941a4df48d2c59fa/screenshot - {}
RESULT: {"script":"<script> [5351 bytes]","args":[{"element-6066-11e4-a52e-4f735466cecf":"f.F80EBE20359F196FC2F6F7CC51ACB296.d.36E3094E0630FD18BA988BABA9FD9494.e.8535","ELEMENT":"f.F80EBE20359F196FC2F6F7CC51ACB296.d.36E3094E0630FD18BA988BABA9FD9494.e.8535"}]}
COMMAND: POST /session/121b5910f067d4d1941a4df48d2c59fa/element - {"using":"css selector","value":"#shell-header-logo"}
COMMAND: GET /session/121b5910f067d4d1941a4df48d2c59fa/screenshot - {}
RESULT: {}
RESULT: {"using":"css selector","value":"#shell-header-logo"}
COMMAND: POST /session/121b5910f067d4d1941a4df48d2c59fa/element/f.F80EBE20359F196FC2F6F7CC51ACB296.d.36E3094E0630FD18BA988BABA9FD9494.e.8535/click - {}
RESULT: {}
RESULT: {}
COMMAND: GET /session/121b5910f067d4d1941a4df48d2c59fa/screenshot - {}
RESULT: {}
COMMAND: POST /session/121b5910f067d4d1941a4df48d2c59fa/execute/async - {"script":"<script> [189 bytes]","args":[]}
RESULT: {"script":"<script> [189 bytes]","args":[]}
COMMAND: POST /session/121b5910f067d4d1941a4df48d2c59fa/execute/async - {"script":"<script> [123 bytes]","args":[]}
RESULT: {"script":"<script> [123 bytes]","args":[]}
COMMAND: POST /session/121b5910f067d4d1941a4df48d2c59fa/timeouts - {"script":"<number>"}
RESULT: {"script":"<number>"}
COMMAND: GET /session/121b5910f067d4d1941a4df48d2c59fa/timeouts - {}
RESULT: {}
RESULT: undefined
COMMAND: POST /session/121b5910f067d4d1941a4df48d2c59fa/execute/async - {"script":"<script> [2676 bytes]","args":[]}
RESULT: {"script":"<script> [2676 bytes]","args":[]}
COMMAND: POST /session/121b5910f067d4d1941a4df48d2c59fa/execute/async - {"script":"<script> [2342 bytes]","args":[{"protocol":"http","hostname":"0.0.0.0","path":"/","capabilities":{"browserName":"chrome","goog:chromeOptions":{"binary":"C:\\Program Files\\Google\\Chrome\\Application\\chrome.exe","args":["--start-maximized"]}},"logLevel":"warn","connectionRetryTimeout":120000,"connectionRetryCount":3,"logLevels":{},"enableDirectConnect":true,"strictSSL":true,"_":"65 more keys: [\"cacheDir\",\"port\",\"requestedCapabilities\",\"automationProtocol\",\"baseUrl\",\"waitforInterval\",\"waitforTimeout\",\"onReload\",\"beforeCommand\",\"afterCommand\",\"rootDir\",\"specs\",\"suites\",\"exclude\",\"groupLogsByTestSpec\",\"excludeDriverLogs\",\"bail\",\"framework\",\"reporters\",\"services\",\"maxInstances\",\"maxInstancesPerCapability\",\"injectGlobals\",\"filesToWatch\",\"execArgv\",\"runnerEnv\",\"runner\",\"shard\",\"specFileRetries\",\"specFileRetriesDelay\",\"specFileRetriesDeferred\",\"reporterSyncInterval\",\"reporterSyncTimeout\",\"cucumberFeaturesWithLineNumbers\",\"autoCompileOpts\",\"mochaOpts\",\"jasmineOpts\",\"cucumberOpts\",\"onPrepare\",\"onWorkerStart\",\"onWorkerEnd\",\"before\",\"beforeSession\",\"beforeSuite\",\"beforeHook\",\"beforeTest\",\"afterTest\",\"afterHook\",\"afterSuite\",\"afterSession\",\"after\",\"onComplete\",\"beforeAssertion\",\"afterAssertion\",\"beforeFeature\",\"beforeScenario\",\"beforeStep\",\"afterStep\",\"afterScenario\",\"afterFeature\",\"_\",\"suite\",\"$0\",\"ignoredWorkerServices\",\"wdi5\"]"}]}
RESULT: {"script":"<script> [2342 bytes]","args":[{"protocol":"http","hostname":"0.0.0.0","path":"/","capabilities":{"browserName":"chrome","goog:chromeOptions":{"binary":"C:\\Program Files\\Google\\Chrome\\Application\\chrome.exe","args":["--start-maximized"]}},"logLevel":"warn","connectionRetryTimeout":120000,"connectionRetryCount":3,"logLevels":{},"enableDirectConnect":true,"strictSSL":true,"_":"65 more keys: [\"cacheDir\",\"port\",\"requestedCapabilities\",\"automationProtocol\",\"baseUrl\",\"waitforInterval\",\"waitforTimeout\",\"onReload\",\"beforeCommand\",\"afterCommand\",\"rootDir\",\"specs\",\"suites\",\"exclude\",\"groupLogsByTestSpec\",\"excludeDriverLogs\",\"bail\",\"framework\",\"reporters\",\"services\",\"maxInstances\",\"maxInstancesPerCapability\",\"injectGlobals\",\"filesToWatch\",\"execArgv\",\"runnerEnv\",\"runner\",\"shard\",\"specFileRetries\",\"specFileRetriesDelay\",\"specFileRetriesDeferred\",\"reporterSyncInterval\",\"reporterSyncTimeout\",\"cucumberFeaturesWithLineNumbers\",\"autoCompileOpts\",\"mochaOpts\",\"jasmineOpts\",\"cucumberOpts\",\"onPrepare\",\"onWorkerStart\",\"onWorkerEnd\",\"before\",\"beforeSession\",\"beforeSuite\",\"beforeHook\",\"beforeTest\",\"afterTest\",\"afterHook\",\"afterSuite\",\"afterSession\",\"after\",\"onComplete\",\"beforeAssertion\",\"afterAssertion\",\"beforeFeature\",\"beforeScenario\",\"beforeStep\",\"afterStep\",\"afterScenario\",\"afterFeature\",\"_\",\"suite\",\"$0\",\"ignoredWorkerServices\",\"wdi5\"]"}]}
COMMAND: POST /session/121b5910f067d4d1941a4df48d2c59fa/execute/async - {"script":"<script> [21126 bytes]","args":[35000]}
RESULT: {"script":"<script> [21126 bytes]","args":[35000]}
COMMAND: POST /session/121b5910f067d4d1941a4df48d2c59fa/window/maximize - {}
RESULT: {}
COMMAND: POST /session/121b5910f067d4d1941a4df48d2c59fa/execute/async - {"script":"<script> [1562 bytes]","args":[{"selector":{"id":"shell-header","interaction":{"idSuffix":"icon"}},"wdio_ui5_key":"shellheader"}]}
COMMAND: GET /session/121b5910f067d4d1941a4df48d2c59fa/screenshot - {}
RESULT: {"script":"<script> [1562 bytes]","args":[{"selector":{"id":"shell-header","interaction":{"idSuffix":"icon"}},"wdio_ui5_key":"shellheader"}]}
RESULT: undefined
COMMAND: POST /session/121b5910f067d4d1941a4df48d2c59fa/window/fullscreen - {}
RESULT: {}
RESULT: {}
]]></system-out>
    </testcase>
  </testsuite>
  <testsuite timestamp="2025-05-16T06:05:15" time="140.765" tests="6" failures="0" errors="0" skipped="0">
    <properties>
      <property name="specId" value="0" />
      <property name="suiteName" value="Provide to Site w/ warehouse management w/o clarification US113782 " />
      <property name="capabilities" value="chrome.136_0_7103_93.windows" />
      <property name="file" value="file:///D:/a/1/s/test/specs/HTR/provide-to-site-w-warehouse-wo-clarification.spec.js" />
    </properties>
    <testcase classname="chrome.136_0_7103_93.windows.Provide_to_Site_w/_warehouse_management_w/o_clarification_US113782_" name="Should create a new WHM yard" time="0.022">
      <system-out><![CDATA[
COMMAND: POST /session/121b5910f067d4d1941a4df48d2c59fa/window/fullscreen - {}
RESULT: {}
]]></system-out>
    </testcase>
    <testcase classname="chrome.136_0_7103_93.windows.Provide_to_Site_w/_warehouse_management_w/o_clarification_US113782_" name="Should create a new external WHM partner" time="0.005" />
    <testcase classname="chrome.136_0_7103_93.windows.Provide_to_Site_w/_warehouse_management_w/o_clarification_US113782_" name="Should create a new WHM site" time="0.004" />
    <testcase classname="chrome.136_0_7103_93.windows.Provide_to_Site_w/_warehouse_management_w/o_clarification_US113782_" name="Should create a new material" time="122.312">
      <system-out><![CDATA[
COMMAND: POST /session/121b5910f067d4d1941a4df48d2c59fa/execute/async - {"script":"<script> [1562 bytes]","args":[{"selector":{"controlType":"sap.m.GenericTile","properties":{"header":"Manage Resources"}},"wdio_ui5_key":"sapm.GenericTile{\"header\":\"Manage Resources\"}"}]}
RESULT: {"script":"<script> [1562 bytes]","args":[{"selector":{"controlType":"sap.m.GenericTile","properties":{"header":"Manage Resources"}},"wdio_ui5_key":"sapm.GenericTile{\"header\":\"Manage Resources\"}"}]}
RESULT: undefined
COMMAND: POST /session/121b5910f067d4d1941a4df48d2c59fa/element - {"using":"xpath","value":"//*[@id=\"__tile31\"]"}
RESULT: {"using":"xpath","value":"//*[@id=\"__tile31\"]"}
COMMAND: POST /session/121b5910f067d4d1941a4df48d2c59fa/element/f.F80EBE20359F196FC2F6F7CC51ACB296.d.36E3094E0630FD18BA988BABA9FD9494.e.8551/click - {}
RESULT: {}
COMMAND: GET /session/121b5910f067d4d1941a4df48d2c59fa/screenshot - {}
RESULT: {}
COMMAND: POST /session/121b5910f067d4d1941a4df48d2c59fa/elements - {"using":"xpath","value":"//span[text()='Error']"}
RESULT: {"using":"xpath","value":"//span[text()='Error']"}
COMMAND: POST /session/121b5910f067d4d1941a4df48d2c59fa/element - {"using":"xpath","value":"//button[@data-kt=\"addNewRUOverflowToolbarButton\"]"}
RESULT: {"using":"xpath","value":"//button[@data-kt=\"addNewRUOverflowToolbarButton\"]"}
COMMAND: POST /session/121b5910f067d4d1941a4df48d2c59fa/elements - {"using":"xpath","value":"//button[@data-kt=\"addNewRUOverflowToolbarButton\"]"}
RESULT: {"using":"xpath","value":"//button[@data-kt=\"addNewRUOverflowToolbarButton\"]"}
COMMAND: POST /session/121b5910f067d4d1941a4df48d2c59fa/elements - {"using":"xpath","value":"//button[@data-kt=\"addNewRUOverflowToolbarButton\"]"}
RESULT: {"using":"xpath","value":"//button[@data-kt=\"addNewRUOverflowToolbarButton\"]"}
COMMAND: POST /session/121b5910f067d4d1941a4df48d2c59fa/elements - {"using":"xpath","value":"//button[@data-kt=\"addNewRUOverflowToolbarButton\"]"}
RESULT: {"using":"xpath","value":"//button[@data-kt=\"addNewRUOverflowToolbarButton\"]"}
COMMAND: POST /session/121b5910f067d4d1941a4df48d2c59fa/elements - {"using":"xpath","value":"//button[@data-kt=\"addNewRUOverflowToolbarButton\"]"}
RESULT: {"using":"xpath","value":"//button[@data-kt=\"addNewRUOverflowToolbarButton\"]"}
COMMAND: POST /session/121b5910f067d4d1941a4df48d2c59fa/elements - {"using":"xpath","value":"//button[@data-kt=\"addNewRUOverflowToolbarButton\"]"}
RESULT: {"using":"xpath","value":"//button[@data-kt=\"addNewRUOverflowToolbarButton\"]"}
COMMAND: POST /session/121b5910f067d4d1941a4df48d2c59fa/element - {"using":"xpath","value":"//button[@data-kt=\"addNewRUOverflowToolbarButton\"]"}
RESULT: {"using":"xpath","value":"//button[@data-kt=\"addNewRUOverflowToolbarButton\"]"}
COMMAND: POST /session/121b5910f067d4d1941a4df48d2c59fa/execute/sync - {"script":"<script> [8489 bytes]","args":[{"element-6066-11e4-a52e-4f735466cecf":"f.F80EBE20359F196FC2F6F7CC51ACB296.d.36E3094E0630FD18BA988BABA9FD9494.e.8677","ELEMENT":"f.F80EBE20359F196FC2F6F7CC51ACB296.d.36E3094E0630FD18BA988BABA9FD9494.e.8677"}]}
RESULT: {"script":"<script> [8489 bytes]","args":[{"element-6066-11e4-a52e-4f735466cecf":"f.F80EBE20359F196FC2F6F7CC51ACB296.d.36E3094E0630FD18BA988BABA9FD9494.e.8677","ELEMENT":"f.F80EBE20359F196FC2F6F7CC51ACB296.d.36E3094E0630FD18BA988BABA9FD9494.e.8677"}]}
COMMAND: GET /session/121b5910f067d4d1941a4df48d2c59fa/element/f.F80EBE20359F196FC2F6F7CC51ACB296.d.36E3094E0630FD18BA988BABA9FD9494.e.8677/enabled - {}
COMMAND: GET /session/121b5910f067d4d1941a4df48d2c59fa/screenshot - {}
RESULT: {}
COMMAND: POST /session/121b5910f067d4d1941a4df48d2c59fa/execute/sync - {"script":"<script> [8489 bytes]","args":[{"element-6066-11e4-a52e-4f735466cecf":"f.F80EBE20359F196FC2F6F7CC51ACB296.d.36E3094E0630FD18BA988BABA9FD9494.e.8677","ELEMENT":"f.F80EBE20359F196FC2F6F7CC51ACB296.d.36E3094E0630FD18BA988BABA9FD9494.e.8677"}]}
COMMAND: GET /session/121b5910f067d4d1941a4df48d2c59fa/screenshot - {}
RESULT: {}
RESULT: {"script":"<script> [8489 bytes]","args":[{"element-6066-11e4-a52e-4f735466cecf":"f.F80EBE20359F196FC2F6F7CC51ACB296.d.36E3094E0630FD18BA988BABA9FD9494.e.8677","ELEMENT":"f.F80EBE20359F196FC2F6F7CC51ACB296.d.36E3094E0630FD18BA988BABA9FD9494.e.8677"}]}
COMMAND: POST /session/121b5910f067d4d1941a4df48d2c59fa/execute/sync - {"script":"<script> [5351 bytes]","args":[{"element-6066-11e4-a52e-4f735466cecf":"f.F80EBE20359F196FC2F6F7CC51ACB296.d.36E3094E0630FD18BA988BABA9FD9494.e.8677","ELEMENT":"f.F80EBE20359F196FC2F6F7CC51ACB296.d.36E3094E0630FD18BA988BABA9FD9494.e.8677"}]}
COMMAND: GET /session/121b5910f067d4d1941a4df48d2c59fa/screenshot - {}
RESULT: {}
RESULT: {"script":"<script> [5351 bytes]","args":[{"element-6066-11e4-a52e-4f735466cecf":"f.F80EBE20359F196FC2F6F7CC51ACB296.d.36E3094E0630FD18BA988BABA9FD9494.e.8677","ELEMENT":"f.F80EBE20359F196FC2F6F7CC51ACB296.d.36E3094E0630FD18BA988BABA9FD9494.e.8677"}]}
COMMAND: POST /session/121b5910f067d4d1941a4df48d2c59fa/element/f.F80EBE20359F196FC2F6F7CC51ACB296.d.36E3094E0630FD18BA988BABA9FD9494.e.8677/click - {}
COMMAND: GET /session/121b5910f067d4d1941a4df48d2c59fa/screenshot - {}
RESULT: {}
RESULT: {}
COMMAND: GET /session/121b5910f067d4d1941a4df48d2c59fa/screenshot - {}
RESULT: {}
COMMAND: POST /session/121b5910f067d4d1941a4df48d2c59fa/execute/async - {"script":"<script> [1562 bytes]","args":[{"selector":{"id":"application-manageresources-display-component---newResourceUnit--TYPE-arrow"},"wdio_ui5_key":"applicationmanageresources-display-component---newResourceUnit--TYPE-arrow"}]}
RESULT: {}
RESULT: {"script":"<script> [1562 bytes]","args":[{"selector":{"id":"application-manageresources-display-component---newResourceUnit--TYPE-arrow"},"wdio_ui5_key":"applicationmanageresources-display-component---newResourceUnit--TYPE-arrow"}]}
RESULT: undefined
COMMAND: POST /session/121b5910f067d4d1941a4df48d2c59fa/element - {"using":"xpath","value":"//*[@id=\"application-manageresources-display-component---newResourceUnit--TYPE-arrow\"]"}
RESULT: {"using":"xpath","value":"//*[@id=\"application-manageresources-display-component---newResourceUnit--TYPE-arrow\"]"}
COMMAND: POST /session/121b5910f067d4d1941a4df48d2c59fa/element/f.F80EBE20359F196FC2F6F7CC51ACB296.d.36E3094E0630FD18BA988BABA9FD9494.e.9041/click - {}
RESULT: {}
COMMAND: POST /session/121b5910f067d4d1941a4df48d2c59fa/element - {"using":"xpath","value":"//input[@id=\"application-manageresources-display-component---newResourceUnit--TYPE-inner\"]"}
COMMAND: GET /session/121b5910f067d4d1941a4df48d2c59fa/screenshot - {}
RESULT: {"using":"xpath","value":"//input[@id=\"application-manageresources-display-component---newResourceUnit--TYPE-inner\"]"}
COMMAND: POST /session/121b5910f067d4d1941a4df48d2c59fa/element/f.F80EBE20359F196FC2F6F7CC51ACB296.d.36E3094E0630FD18BA988BABA9FD9494.e.9032/clear - {}
RESULT: {}
RESULT: {}
COMMAND: POST /session/121b5910f067d4d1941a4df48d2c59fa/element/f.F80EBE20359F196FC2F6F7CC51ACB296.d.36E3094E0630FD18BA988BABA9FD9494.e.9032/value - {"text":"Material"}
COMMAND: GET /session/121b5910f067d4d1941a4df48d2c59fa/screenshot - {}
RESULT: {"text":"Material"}
COMMAND: GET /session/121b5910f067d4d1941a4df48d2c59fa/screenshot - {}
RESULT: {}
RESULT: {}
COMMAND: POST /session/121b5910f067d4d1941a4df48d2c59fa/actions - {"actions":[{"id":"action30","type":"key","parameters":{},"actions":[{"type":"keyDown","value":"î€‡"},{"type":"pause","duration":10},{"type":"keyUp","value":"î€‡"}]}]}
RESULT: {"actions":[{"id":"action30","type":"key","parameters":{},"actions":[{"type":"keyDown","value":"î€‡"},{"type":"pause","duration":10},{"type":"keyUp","value":"î€‡"}]}]}
COMMAND: POST /session/121b5910f067d4d1941a4df48d2c59fa/execute/async - {"script":"<script> [1562 bytes]","args":[{"selector":{"id":"application-manageresources-display-component---newResourceUnit--SHORT_TEXT","interaction":{"idSuffix":"inner"}},"wdio_ui5_key":"applicationmanageresources-display-component---newResourceUnit--SHORT_TEXT"}]}
COMMAND: GET /session/121b5910f067d4d1941a4df48d2c59fa/screenshot - {}
RESULT: {"script":"<script> [1562 bytes]","args":[{"selector":{"id":"application-manageresources-display-component---newResourceUnit--SHORT_TEXT","interaction":{"idSuffix":"inner"}},"wdio_ui5_key":"applicationmanageresources-display-component---newResourceUnit--SHORT_TEXT"}]}
RESULT: undefined
COMMAND: POST /session/121b5910f067d4d1941a4df48d2c59fa/execute/async - {"script":"<script> [776 bytes]","args":[{"enterText":"Cement WDIO","selector":{"id":"application-manageresources-display-component---newResourceUnit--SHORT_TEXT","interaction":{"idSuffix":"inner"}},"clearTextFirst":true,"interactionType":"ENTER_TEXT"}]}
RESULT: {}
RESULT: {"script":"<script> [776 bytes]","args":[{"enterText":"Cement WDIO","selector":{"id":"application-manageresources-display-component---newResourceUnit--SHORT_TEXT","interaction":{"idSuffix":"inner"}},"clearTextFirst":true,"interactionType":"ENTER_TEXT"}]}
COMMAND: POST /session/121b5910f067d4d1941a4df48d2c59fa/execute/async - {"script":"<script> [1562 bytes]","args":[{"selector":{"id":"application-manageresources-display-component---newResourceUnit--BASE_UNIT_OF_MEASURE","interaction":{"idSuffix":"inner"}},"wdio_ui5_key":"applicationmanageresources-display-component---newResourceUnit--BASE_UNIT_OF_MEASURE"}]}
RESULT: {"script":"<script> [1562 bytes]","args":[{"selector":{"id":"application-manageresources-display-component---newResourceUnit--BASE_UNIT_OF_MEASURE","interaction":{"idSuffix":"inner"}},"wdio_ui5_key":"applicationmanageresources-display-component---newResourceUnit--BASE_UNIT_OF_MEASURE"}]}
RESULT: undefined
COMMAND: POST /session/121b5910f067d4d1941a4df48d2c59fa/execute/async - {"script":"<script> [776 bytes]","args":[{"enterText":"Piece","selector":{"id":"application-manageresources-display-component---newResourceUnit--BASE_UNIT_OF_MEASURE","interaction":{"idSuffix":"inner"}},"clearTextFirst":true,"interactionType":"ENTER_TEXT"}]}
RESULT: {"script":"<script> [776 bytes]","args":[{"enterText":"Piece","selector":{"id":"application-manageresources-display-component---newResourceUnit--BASE_UNIT_OF_MEASURE","interaction":{"idSuffix":"inner"}},"clearTextFirst":true,"interactionType":"ENTER_TEXT"}]}
COMMAND: POST /session/121b5910f067d4d1941a4df48d2c59fa/execute/async - {"script":"<script> [1562 bytes]","args":[{"selector":{"id":"application-manageresources-display-component---newResourceUnit--WEIGHT_UNIT","interaction":{"idSuffix":"inner"}},"wdio_ui5_key":"applicationmanageresources-display-component---newResourceUnit--WEIGHT_UNIT"}]}
RESULT: {"script":"<script> [1562 bytes]","args":[{"selector":{"id":"application-manageresources-display-component---newResourceUnit--WEIGHT_UNIT","interaction":{"idSuffix":"inner"}},"wdio_ui5_key":"applicationmanageresources-display-component---newResourceUnit--WEIGHT_UNIT"}]}
RESULT: undefined
COMMAND: POST /session/121b5910f067d4d1941a4df48d2c59fa/execute/async - {"script":"<script> [776 bytes]","args":[{"enterText":"Gram","selector":{"id":"application-manageresources-display-component---newResourceUnit--WEIGHT_UNIT","interaction":{"idSuffix":"inner"}},"clearTextFirst":true,"interactionType":"ENTER_TEXT"}]}
RESULT: {"script":"<script> [776 bytes]","args":[{"enterText":"Gram","selector":{"id":"application-manageresources-display-component---newResourceUnit--WEIGHT_UNIT","interaction":{"idSuffix":"inner"}},"clearTextFirst":true,"interactionType":"ENTER_TEXT"}]}
COMMAND: POST /session/121b5910f067d4d1941a4df48d2c59fa/execute/async - {"script":"<script> [1562 bytes]","args":[{"selector":{"id":"application-manageresources-display-component---newResourceUnit--DIMENSION_UNIT","interaction":{"idSuffix":"inner"}},"wdio_ui5_key":"applicationmanageresources-display-component---newResourceUnit--DIMENSION_UNIT"}]}
RESULT: {"script":"<script> [1562 bytes]","args":[{"selector":{"id":"application-manageresources-display-component---newResourceUnit--DIMENSION_UNIT","interaction":{"idSuffix":"inner"}},"wdio_ui5_key":"applicationmanageresources-display-component---newResourceUnit--DIMENSION_UNIT"}]}
RESULT: undefined
COMMAND: POST /session/121b5910f067d4d1941a4df48d2c59fa/execute/async - {"script":"<script> [776 bytes]","args":[{"enterText":"Meter","selector":{"id":"application-manageresources-display-component---newResourceUnit--DIMENSION_UNIT","interaction":{"idSuffix":"inner"}},"clearTextFirst":true,"interactionType":"ENTER_TEXT"}]}
RESULT: {"script":"<script> [776 bytes]","args":[{"enterText":"Meter","selector":{"id":"application-manageresources-display-component---newResourceUnit--DIMENSION_UNIT","interaction":{"idSuffix":"inner"}},"clearTextFirst":true,"interactionType":"ENTER_TEXT"}]}
COMMAND: POST /session/121b5910f067d4d1941a4df48d2c59fa/execute/async - {"script":"<script> [1562 bytes]","args":[{"selector":{"id":"application-manageresources-display-component---newResourceUnit--newRRUPage-anchBar-application-manageresources-display-component---newResourceUnit--control-anchor","interaction":{"idSuffix":"BDI-content"}},"wdio_ui5_key":"applicationmanageresources-display-component---newResourceUnit--newRRUPage-anchBar-application-manageresources-display-component---newResourceUnit--control-anchor"}]}
RESULT: {"script":"<script> [1562 bytes]","args":[{"selector":{"id":"application-manageresources-display-component---newResourceUnit--newRRUPage-anchBar-application-manageresources-display-component---newResourceUnit--control-anchor","interaction":{"idSuffix":"BDI-content"}},"wdio_ui5_key":"applicationmanageresources-display-component---newResourceUnit--newRRUPage-anchBar-application-manageresources-display-component---newResourceUnit--control-anchor"}]}
RESULT: undefined
COMMAND: POST /session/121b5910f067d4d1941a4df48d2c59fa/element - {"using":"xpath","value":"//*[@id=\"application-manageresources-display-component---newResourceUnit--newRRUPage-anchBar-application-manageresources-display-component---newResourceUnit--control-anchor\"]"}
RESULT: {"using":"xpath","value":"//*[@id=\"application-manageresources-display-component---newResourceUnit--newRRUPage-anchBar-application-manageresources-display-component---newResourceUnit--control-anchor\"]"}
COMMAND: POST /session/121b5910f067d4d1941a4df48d2c59fa/element/f.F80EBE20359F196FC2F6F7CC51ACB296.d.36E3094E0630FD18BA988BABA9FD9494.e.9106/click - {}
RESULT: {}
COMMAND: POST /session/121b5910f067d4d1941a4df48d2c59fa/execute/async - {"script":"<script> [1562 bytes]","args":[{"selector":{"id":"application-manageresources-display-component---newResourceUnit--PLANNING_GROUP","interaction":{"idSuffix":"inner"}},"wdio_ui5_key":"applicationmanageresources-display-component---newResourceUnit--PLANNING_GROUP"}]}
COMMAND: GET /session/121b5910f067d4d1941a4df48d2c59fa/screenshot - {}
RESULT: {"script":"<script> [1562 bytes]","args":[{"selector":{"id":"application-manageresources-display-component---newResourceUnit--PLANNING_GROUP","interaction":{"idSuffix":"inner"}},"wdio_ui5_key":"applicationmanageresources-display-component---newResourceUnit--PLANNING_GROUP"}]}
RESULT: undefined
COMMAND: POST /session/121b5910f067d4d1941a4df48d2c59fa/execute/async - {"script":"<script> [776 bytes]","args":[{"enterText":"Material","selector":{"id":"application-manageresources-display-component---newResourceUnit--PLANNING_GROUP","interaction":{"idSuffix":"inner"}},"clearTextFirst":true,"interactionType":"ENTER_TEXT"}]}
RESULT: {}
RESULT: {"script":"<script> [776 bytes]","args":[{"enterText":"Material","selector":{"id":"application-manageresources-display-component---newResourceUnit--PLANNING_GROUP","interaction":{"idSuffix":"inner"}},"clearTextFirst":true,"interactionType":"ENTER_TEXT"}]}
COMMAND: POST /session/121b5910f067d4d1941a4df48d2c59fa/execute/async - {"script":"<script> [1562 bytes]","args":[{"selector":{"id":"application-manageresources-display-component---newResourceUnit--PLANNING_INDICATOR","interaction":{"idSuffix":"inner"}},"wdio_ui5_key":"applicationmanageresources-display-component---newResourceUnit--PLANNING_INDICATOR"}]}
RESULT: {"script":"<script> [1562 bytes]","args":[{"selector":{"id":"application-manageresources-display-component---newResourceUnit--PLANNING_INDICATOR","interaction":{"idSuffix":"inner"}},"wdio_ui5_key":"applicationmanageresources-display-component---newResourceUnit--PLANNING_INDICATOR"}]}
RESULT: undefined
COMMAND: POST /session/121b5910f067d4d1941a4df48d2c59fa/execute/async - {"script":"<script> [776 bytes]","args":[{"enterText":"10 - infinite","selector":{"id":"application-manageresources-display-component---newResourceUnit--PLANNING_INDICATOR","interaction":{"idSuffix":"inner"}},"clearTextFirst":true,"interactionType":"ENTER_TEXT"}]}
RESULT: {"script":"<script> [776 bytes]","args":[{"enterText":"10 - infinite","selector":{"id":"application-manageresources-display-component---newResourceUnit--PLANNING_INDICATOR","interaction":{"idSuffix":"inner"}},"clearTextFirst":true,"interactionType":"ENTER_TEXT"}]}
COMMAND: POST /session/121b5910f067d4d1941a4df48d2c59fa/element - {"using":"css selector","value":"#application-manageresources-display-component---newResourceUnit--btnAddTimeSegment"}
RESULT: {"using":"css selector","value":"#application-manageresources-display-component---newResourceUnit--btnAddTimeSegment"}
COMMAND: GET /session/121b5910f067d4d1941a4df48d2c59fa/element/f.F80EBE20359F196FC2F6F7CC51ACB296.d.36E3094E0630FD18BA988BABA9FD9494.e.9114/rect - {}
RESULT: {}
COMMAND: GET /session/121b5910f067d4d1941a4df48d2c59fa/window/rect - {}
RESULT: {}
COMMAND: POST /session/121b5910f067d4d1941a4df48d2c59fa/execute/sync - {"script":"<script> [92 bytes]","args":[]}
RESULT: {"script":"<script> [92 bytes]","args":[]}
COMMAND: POST /session/121b5910f067d4d1941a4df48d2c59fa/actions - {"actions":[{"id":"action31","type":"wheel","parameters":{},"actions":[{"type":"scroll","x":-1888,"y":-32,"deltaX":0,"deltaY":0,"duration":0,"origin":{"element-6066-11e4-a52e-4f735466cecf":"f.F80EBE20359F196FC2F6F7CC51ACB296.d.36E3094E0630FD18BA988BABA9FD9494.e.9114"}}]}]}
COMMAND: GET /session/121b5910f067d4d1941a4df48d2c59fa/screenshot - {}
RESULT: {}
COMMAND: POST /session/121b5910f067d4d1941a4df48d2c59fa/execute/sync - {"script":"<script> [79 bytes]","args":[{"element-6066-11e4-a52e-4f735466cecf":"f.F80EBE20359F196FC2F6F7CC51ACB296.d.36E3094E0630FD18BA988BABA9FD9494.e.9114","ELEMENT":"f.F80EBE20359F196FC2F6F7CC51ACB296.d.36E3094E0630FD18BA988BABA9FD9494.e.9114"},{"block":"start","inline":"nearest"}]}
RESULT: {"script":"<script> [79 bytes]","args":[{"element-6066-11e4-a52e-4f735466cecf":"f.F80EBE20359F196FC2F6F7CC51ACB296.d.36E3094E0630FD18BA988BABA9FD9494.e.9114","ELEMENT":"f.F80EBE20359F196FC2F6F7CC51ACB296.d.36E3094E0630FD18BA988BABA9FD9494.e.9114"},{"block":"start","inline":"nearest"}]}
COMMAND: POST /session/121b5910f067d4d1941a4df48d2c59fa/execute/async - {"script":"<script> [1562 bytes]","args":[{"selector":{"id":"application-manageresources-display-component---newResourceUnit--btnAddTimeSegment","interaction":{"idSuffix":"inner"}},"wdio_ui5_key":"applicationmanageresources-display-component---newResourceUnit--btnAddTimeSegment"}]}
COMMAND: GET /session/121b5910f067d4d1941a4df48d2c59fa/screenshot - {}
RESULT: {"script":"<script> [1562 bytes]","args":[{"selector":{"id":"application-manageresources-display-component---newResourceUnit--btnAddTimeSegment","interaction":{"idSuffix":"inner"}},"wdio_ui5_key":"applicationmanageresources-display-component---newResourceUnit--btnAddTimeSegment"}]}
RESULT: undefined
COMMAND: POST /session/121b5910f067d4d1941a4df48d2c59fa/element - {"using":"xpath","value":"//*[@id=\"application-manageresources-display-component---newResourceUnit--btnAddTimeSegment\"]"}
RESULT: {}
RESULT: {"using":"xpath","value":"//*[@id=\"application-manageresources-display-component---newResourceUnit--btnAddTimeSegment\"]"}
COMMAND: POST /session/121b5910f067d4d1941a4df48d2c59fa/element/f.F80EBE20359F196FC2F6F7CC51ACB296.d.36E3094E0630FD18BA988BABA9FD9494.e.9114/click - {}
RESULT: {}
COMMAND: GET /session/121b5910f067d4d1941a4df48d2c59fa/screenshot - {}
RESULT: {}
COMMAND: POST /session/121b5910f067d4d1941a4df48d2c59fa/element - {"using":"xpath","value":"//input[@id=\"application-manageresources-display-component---newResourceUnit--idRuTSAdmin-application-manageresources-display-component---newResourceUnit--RUTimeSegment-0-inner\"]"}
RESULT: {"using":"xpath","value":"//input[@id=\"application-manageresources-display-component---newResourceUnit--idRuTSAdmin-application-manageresources-display-component---newResourceUnit--RUTimeSegment-0-inner\"]"}
COMMAND: POST /session/121b5910f067d4d1941a4df48d2c59fa/element/f.F80EBE20359F196FC2F6F7CC51ACB296.d.36E3094E0630FD18BA988BABA9FD9494.e.9119/clear - {}
RESULT: {}
COMMAND: POST /session/121b5910f067d4d1941a4df48d2c59fa/element/f.F80EBE20359F196FC2F6F7CC51ACB296.d.36E3094E0630FD18BA988BABA9FD9494.e.9119/value - {"text":"427"}
COMMAND: GET /session/121b5910f067d4d1941a4df48d2c59fa/screenshot - {}
RESULT: {"text":"427"}
COMMAND: GET /session/121b5910f067d4d1941a4df48d2c59fa/screenshot - {}
RESULT: {}
RESULT: {}
COMMAND: POST /session/121b5910f067d4d1941a4df48d2c59fa/element - {"using":"xpath","value":"//li[.//span[text()='427']]"}
RESULT: {"using":"xpath","value":"//li[.//span[text()='427']]"}
COMMAND: POST /session/121b5910f067d4d1941a4df48d2c59fa/element/f.F80EBE20359F196FC2F6F7CC51ACB296.d.36E3094E0630FD18BA988BABA9FD9494.e.9128/click - {}
RESULT: {}
COMMAND: GET /session/121b5910f067d4d1941a4df48d2c59fa/screenshot - {}
RESULT: {}
COMMAND: POST /session/121b5910f067d4d1941a4df48d2c59fa/element - {"using":"xpath","value":"(//span[contains(@id, \"-application-manageresources-display-component---newResourceUnit--RUTimeSegment-0-arrow\")])[2]"}
RESULT: {"using":"xpath","value":"(//span[contains(@id, \"-application-manageresources-display-component---newResourceUnit--RUTimeSegment-0-arrow\")])[2]"}
COMMAND: POST /session/121b5910f067d4d1941a4df48d2c59fa/element/f.F80EBE20359F196FC2F6F7CC51ACB296.d.36E3094E0630FD18BA988BABA9FD9494.e.9129/click - {}
RESULT: {}
COMMAND: POST /session/121b5910f067d4d1941a4df48d2c59fa/element - {"using":"xpath","value":"//span[contains(text(), \"PM Order\")]"}
COMMAND: GET /session/121b5910f067d4d1941a4df48d2c59fa/screenshot - {}
RESULT: {"using":"xpath","value":"//span[contains(text(), \"PM Order\")]"}
COMMAND: POST /session/121b5910f067d4d1941a4df48d2c59fa/element/f.F80EBE20359F196FC2F6F7CC51ACB296.d.36E3094E0630FD18BA988BABA9FD9494.e.9130/click - {}
RESULT: {}
RESULT: {}
COMMAND: GET /session/121b5910f067d4d1941a4df48d2c59fa/screenshot - {}
RESULT: {}
COMMAND: POST /session/121b5910f067d4d1941a4df48d2c59fa/element - {"using":"xpath","value":"//td/div/div/div/span[contains(@id, \"newResourceUnit--RUTimeSegment-0-vhi\")][1]"}
RESULT: {"using":"xpath","value":"//td/div/div/div/span[contains(@id, \"newResourceUnit--RUTimeSegment-0-vhi\")][1]"}
COMMAND: GET /session/121b5910f067d4d1941a4df48d2c59fa/element/f.F80EBE20359F196FC2F6F7CC51ACB296.d.36E3094E0630FD18BA988BABA9FD9494.e.9134/rect - {}
RESULT: {}
COMMAND: GET /session/121b5910f067d4d1941a4df48d2c59fa/window/rect - {}
RESULT: {}
COMMAND: POST /session/121b5910f067d4d1941a4df48d2c59fa/execute/sync - {"script":"<script> [92 bytes]","args":[]}
RESULT: {"script":"<script> [92 bytes]","args":[]}
COMMAND: POST /session/121b5910f067d4d1941a4df48d2c59fa/actions - {"actions":[{"id":"action32","type":"wheel","parameters":{},"actions":[{"type":"scroll","x":-1888,"y":-24,"deltaX":0,"deltaY":0,"duration":0,"origin":{"element-6066-11e4-a52e-4f735466cecf":"f.F80EBE20359F196FC2F6F7CC51ACB296.d.36E3094E0630FD18BA988BABA9FD9494.e.9134"}}]}]}
COMMAND: GET /session/121b5910f067d4d1941a4df48d2c59fa/screenshot - {}
RESULT: {}
COMMAND: POST /session/121b5910f067d4d1941a4df48d2c59fa/execute/sync - {"script":"<script> [79 bytes]","args":[{"element-6066-11e4-a52e-4f735466cecf":"f.F80EBE20359F196FC2F6F7CC51ACB296.d.36E3094E0630FD18BA988BABA9FD9494.e.9134","ELEMENT":"f.F80EBE20359F196FC2F6F7CC51ACB296.d.36E3094E0630FD18BA988BABA9FD9494.e.9134"},{"block":"start","inline":"nearest"}]}
RESULT: {"script":"<script> [79 bytes]","args":[{"element-6066-11e4-a52e-4f735466cecf":"f.F80EBE20359F196FC2F6F7CC51ACB296.d.36E3094E0630FD18BA988BABA9FD9494.e.9134","ELEMENT":"f.F80EBE20359F196FC2F6F7CC51ACB296.d.36E3094E0630FD18BA988BABA9FD9494.e.9134"},{"block":"start","inline":"nearest"}]}
COMMAND: GET /session/121b5910f067d4d1941a4df48d2c59fa/screenshot - {}
RESULT: {}
COMMAND: POST /session/121b5910f067d4d1941a4df48d2c59fa/element/f.F80EBE20359F196FC2F6F7CC51ACB296.d.36E3094E0630FD18BA988BABA9FD9494.e.9134/click - {}
RESULT: {}
COMMAND: GET /session/121b5910f067d4d1941a4df48d2c59fa/screenshot - {}
RESULT: {}
COMMAND: POST /session/121b5910f067d4d1941a4df48d2c59fa/execute/async - {"script":"<script> [1562 bytes]","args":[{"selector":{"controlType":"sap.m.SearchField","properties":{"placeholder":"Search"},"searchOpenDialogs":true,"interaction":{"idSuffix":"I"}},"wdio_ui5_key":"sapm.SearchField{\"placeholder\":\"Search\"}"}]}
RESULT: {"script":"<script> [1562 bytes]","args":[{"selector":{"controlType":"sap.m.SearchField","properties":{"placeholder":"Search"},"searchOpenDialogs":true,"interaction":{"idSuffix":"I"}},"wdio_ui5_key":"sapm.SearchField{\"placeholder\":\"Search\"}"}]}
RESULT: undefined
COMMAND: POST /session/121b5910f067d4d1941a4df48d2c59fa/execute/async - {"script":"<script> [776 bytes]","args":[{"enterText":"4000360","selector":{"controlType":"sap.m.SearchField","properties":{"placeholder":"Search"},"searchOpenDialogs":true,"interaction":{"idSuffix":"I"}},"clearTextFirst":true,"interactionType":"ENTER_TEXT"}]}
RESULT: {"script":"<script> [776 bytes]","args":[{"enterText":"4000360","selector":{"controlType":"sap.m.SearchField","properties":{"placeholder":"Search"},"searchOpenDialogs":true,"interaction":{"idSuffix":"I"}},"clearTextFirst":true,"interactionType":"ENTER_TEXT"}]}
COMMAND: POST /session/121b5910f067d4d1941a4df48d2c59fa/actions - {"actions":[{"id":"action33","type":"key","parameters":{},"actions":[{"type":"keyDown","value":"î€‡"},{"type":"pause","duration":10},{"type":"keyUp","value":"î€‡"}]}]}
RESULT: {"actions":[{"id":"action33","type":"key","parameters":{},"actions":[{"type":"keyDown","value":"î€‡"},{"type":"pause","duration":10},{"type":"keyUp","value":"î€‡"}]}]}
COMMAND: GET /session/121b5910f067d4d1941a4df48d2c59fa/screenshot - {}
RESULT: {}
COMMAND: POST /session/121b5910f067d4d1941a4df48d2c59fa/element - {"using":"xpath","value":"//td/div/span[contains(text(), \"BGL Vehicles\")]"}
RESULT: {"using":"xpath","value":"//td/div/span[contains(text(), \"BGL Vehicles\")]"}
COMMAND: POST /session/121b5910f067d4d1941a4df48d2c59fa/element/f.F80EBE20359F196FC2F6F7CC51ACB296.d.36E3094E0630FD18BA988BABA9FD9494.e.9155/click - {}
RESULT: {}
COMMAND: GET /session/121b5910f067d4d1941a4df48d2c59fa/screenshot - {}
RESULT: {}
COMMAND: POST /session/121b5910f067d4d1941a4df48d2c59fa/element - {"using":"xpath","value":"//bdi[contains(text(), \"OK\")]"}
RESULT: {"using":"xpath","value":"//bdi[contains(text(), \"OK\")]"}
COMMAND: POST /session/121b5910f067d4d1941a4df48d2c59fa/element/f.F80EBE20359F196FC2F6F7CC51ACB296.d.36E3094E0630FD18BA988BABA9FD9494.e.9156/click - {}
RESULT: {}
COMMAND: GET /session/121b5910f067d4d1941a4df48d2c59fa/screenshot - {}
RESULT: {}
COMMAND: POST /session/121b5910f067d4d1941a4df48d2c59fa/element - {"using":"xpath","value":"//label[contains(@class, 'sapMLabelRequired') and .//bdi[contains(text(), 'Planned Retirement')]]"}
RESULT: {"using":"xpath","value":"//label[contains(@class, 'sapMLabelRequired') and .//bdi[contains(text(), 'Planned Retirement')]]"}
COMMAND: POST /session/121b5910f067d4d1941a4df48d2c59fa/elements - {"using":"xpath","value":"//label[contains(@class, 'sapMLabelRequired') and .//bdi[contains(text(), 'Planned Retirement')]]"}
RESULT: {"using":"xpath","value":"//label[contains(@class, 'sapMLabelRequired') and .//bdi[contains(text(), 'Planned Retirement')]]"}
COMMAND: POST /session/121b5910f067d4d1941a4df48d2c59fa/element - {"using":"xpath","value":"//button[@data-kt=\"resourceUnitSaveButton\"]"}
RESULT: {"using":"xpath","value":"//button[@data-kt=\"resourceUnitSaveButton\"]"}
COMMAND: POST /session/121b5910f067d4d1941a4df48d2c59fa/element/f.F80EBE20359F196FC2F6F7CC51ACB296.d.36E3094E0630FD18BA988BABA9FD9494.e.9058/click - {}
RESULT: {}
COMMAND: GET /session/121b5910f067d4d1941a4df48d2c59fa/screenshot - {}
RESULT: {}
COMMAND: POST /session/121b5910f067d4d1941a4df48d2c59fa/element - {"using":"xpath","value":"//bdi[contains(text(), \"Close\")]"}
RESULT: {"using":"xpath","value":"//bdi[contains(text(), \"Close\")]"}
COMMAND: POST /session/121b5910f067d4d1941a4df48d2c59fa/element/f.F80EBE20359F196FC2F6F7CC51ACB296.d.36E3094E0630FD18BA988BABA9FD9494.e.9162/click - {}
RESULT: {}
COMMAND: GET /session/121b5910f067d4d1941a4df48d2c59fa/screenshot - {}
RESULT: {}
COMMAND: POST /session/121b5910f067d4d1941a4df48d2c59fa/element - {"using":"xpath","value":"//header[contains(@id, 'detailRruPage-headerTitle')]/div[1]/div[2]/div[2]/span[1]"}
RESULT: {"using":"xpath","value":"//header[contains(@id, 'detailRruPage-headerTitle')]/div[1]/div[2]/div[2]/span[1]"}
COMMAND: POST /session/121b5910f067d4d1941a4df48d2c59fa/elements - {"using":"xpath","value":"//header[contains(@id, 'detailRruPage-headerTitle')]/div[1]/div[2]/div[2]/span[1]"}
RESULT: {"using":"xpath","value":"//header[contains(@id, 'detailRruPage-headerTitle')]/div[1]/div[2]/div[2]/span[1]"}
COMMAND: POST /session/121b5910f067d4d1941a4df48d2c59fa/execute/sync - {"script":"<script> [56 bytes]","args":[{"element-6066-11e4-a52e-4f735466cecf":"f.F80EBE20359F196FC2F6F7CC51ACB296.d.36E3094E0630FD18BA988BABA9FD9494.e.9191","ELEMENT":"f.F80EBE20359F196FC2F6F7CC51ACB296.d.36E3094E0630FD18BA988BABA9FD9494.e.9191"}]}
RESULT: {"script":"<script> [56 bytes]","args":[{"element-6066-11e4-a52e-4f735466cecf":"f.F80EBE20359F196FC2F6F7CC51ACB296.d.36E3094E0630FD18BA988BABA9FD9494.e.9191","ELEMENT":"f.F80EBE20359F196FC2F6F7CC51ACB296.d.36E3094E0630FD18BA988BABA9FD9494.e.9191"}]}
COMMAND: POST /session/121b5910f067d4d1941a4df48d2c59fa/element - {"using":"css selector","value":"#shell-header-logo"}
COMMAND: GET /session/121b5910f067d4d1941a4df48d2c59fa/screenshot - {}
RESULT: {"using":"css selector","value":"#shell-header-logo"}
COMMAND: POST /session/121b5910f067d4d1941a4df48d2c59fa/element/f.F80EBE20359F196FC2F6F7CC51ACB296.d.36E3094E0630FD18BA988BABA9FD9494.e.8535/click - {}
RESULT: {}
RESULT: {}
COMMAND: GET /session/121b5910f067d4d1941a4df48d2c59fa/screenshot - {}
RESULT: {}
]]></system-out>
    </testcase>
    <testcase classname="chrome.136_0_7103_93.windows.Provide_to_Site_w/_warehouse_management_w/o_clarification_US113782_" name="Bin Status Report Should Create New Organization yard" time="0.005" />
    <testcase classname="chrome.136_0_7103_93.windows.Provide_to_Site_w/_warehouse_management_w/o_clarification_US113782_" name="Bin Status Report Should Create New Organization for Site" time="0.006" />
  </testsuite>
  <testsuite timestamp="2025-05-16T06:07:36" time="413.551" tests="5" failures="0" errors="0" skipped="0">
    <properties>
      <property name="specId" value="0" />
      <property name="suiteName" value="Provide to Site w/ warehouse management wo clarification" />
      <property name="capabilities" value="chrome.136_0_7103_93.windows" />
      <property name="file" value="file:///D:/a/1/s/test/specs/HTR/provide-to-site-w-warehouse-wo-clarification.spec.js" />
    </properties>
    <testcase classname="chrome.136_0_7103_93.windows.Provide_to_Site_w/_warehouse_management_wo_clarification" name="Should do a stock increase handover" time="89.236">
      <system-out><![CDATA[
COMMAND: POST /session/121b5910f067d4d1941a4df48d2c59fa/execute/async - {"script":"<script> [1562 bytes]","args":[{"selector":{"controlType":"sap.m.GenericTile","properties":{"header":"Manage Handovers"}},"wdio_ui5_key":"sapm.GenericTile{\"header\":\"Manage Handovers\"}"}]}
RESULT: {"script":"<script> [1562 bytes]","args":[{"selector":{"controlType":"sap.m.GenericTile","properties":{"header":"Manage Handovers"}},"wdio_ui5_key":"sapm.GenericTile{\"header\":\"Manage Handovers\"}"}]}
RESULT: undefined
COMMAND: POST /session/121b5910f067d4d1941a4df48d2c59fa/element - {"using":"xpath","value":"//*[@id=\"__tile133\"]"}
RESULT: {"using":"xpath","value":"//*[@id=\"__tile133\"]"}
COMMAND: POST /session/121b5910f067d4d1941a4df48d2c59fa/element/f.F80EBE20359F196FC2F6F7CC51ACB296.d.36E3094E0630FD18BA988BABA9FD9494.e.8578/click - {}
RESULT: {}
COMMAND: GET /session/121b5910f067d4d1941a4df48d2c59fa/screenshot - {}
RESULT: {}
COMMAND: POST /session/121b5910f067d4d1941a4df48d2c59fa/elements - {"using":"xpath","value":"//span[text()='Error']"}
RESULT: {"using":"xpath","value":"//span[text()='Error']"}
COMMAND: POST /session/121b5910f067d4d1941a4df48d2c59fa/element - {"using":"xpath","value":"//button[@data-kt=\"masterHOAddButton\"]"}
RESULT: {"using":"xpath","value":"//button[@data-kt=\"masterHOAddButton\"]"}
COMMAND: POST /session/121b5910f067d4d1941a4df48d2c59fa/elements - {"using":"xpath","value":"//button[@data-kt=\"masterHOAddButton\"]"}
RESULT: {"using":"xpath","value":"//button[@data-kt=\"masterHOAddButton\"]"}
COMMAND: POST /session/121b5910f067d4d1941a4df48d2c59fa/execute/sync - {"script":"<script> [8489 bytes]","args":[{"element-6066-11e4-a52e-4f735466cecf":"f.F80EBE20359F196FC2F6F7CC51ACB296.d.36E3094E0630FD18BA988BABA9FD9494.e.9231","ELEMENT":"f.F80EBE20359F196FC2F6F7CC51ACB296.d.36E3094E0630FD18BA988BABA9FD9494.e.9231"}]}
RESULT: {"script":"<script> [8489 bytes]","args":[{"element-6066-11e4-a52e-4f735466cecf":"f.F80EBE20359F196FC2F6F7CC51ACB296.d.36E3094E0630FD18BA988BABA9FD9494.e.9231","ELEMENT":"f.F80EBE20359F196FC2F6F7CC51ACB296.d.36E3094E0630FD18BA988BABA9FD9494.e.9231"}]}
COMMAND: GET /session/121b5910f067d4d1941a4df48d2c59fa/element/f.F80EBE20359F196FC2F6F7CC51ACB296.d.36E3094E0630FD18BA988BABA9FD9494.e.9231/enabled - {}
COMMAND: GET /session/121b5910f067d4d1941a4df48d2c59fa/screenshot - {}
RESULT: {}
COMMAND: POST /session/121b5910f067d4d1941a4df48d2c59fa/execute/sync - {"script":"<script> [8489 bytes]","args":[{"element-6066-11e4-a52e-4f735466cecf":"f.F80EBE20359F196FC2F6F7CC51ACB296.d.36E3094E0630FD18BA988BABA9FD9494.e.9231","ELEMENT":"f.F80EBE20359F196FC2F6F7CC51ACB296.d.36E3094E0630FD18BA988BABA9FD9494.e.9231"}]}
COMMAND: GET /session/121b5910f067d4d1941a4df48d2c59fa/screenshot - {}
RESULT: {}
RESULT: {"script":"<script> [8489 bytes]","args":[{"element-6066-11e4-a52e-4f735466cecf":"f.F80EBE20359F196FC2F6F7CC51ACB296.d.36E3094E0630FD18BA988BABA9FD9494.e.9231","ELEMENT":"f.F80EBE20359F196FC2F6F7CC51ACB296.d.36E3094E0630FD18BA988BABA9FD9494.e.9231"}]}
COMMAND: POST /session/121b5910f067d4d1941a4df48d2c59fa/execute/sync - {"script":"<script> [5351 bytes]","args":[{"element-6066-11e4-a52e-4f735466cecf":"f.F80EBE20359F196FC2F6F7CC51ACB296.d.36E3094E0630FD18BA988BABA9FD9494.e.9231","ELEMENT":"f.F80EBE20359F196FC2F6F7CC51ACB296.d.36E3094E0630FD18BA988BABA9FD9494.e.9231"}]}
COMMAND: GET /session/121b5910f067d4d1941a4df48d2c59fa/screenshot - {}
RESULT: {}
RESULT: {"script":"<script> [5351 bytes]","args":[{"element-6066-11e4-a52e-4f735466cecf":"f.F80EBE20359F196FC2F6F7CC51ACB296.d.36E3094E0630FD18BA988BABA9FD9494.e.9231","ELEMENT":"f.F80EBE20359F196FC2F6F7CC51ACB296.d.36E3094E0630FD18BA988BABA9FD9494.e.9231"}]}
COMMAND: POST /session/121b5910f067d4d1941a4df48d2c59fa/element/f.F80EBE20359F196FC2F6F7CC51ACB296.d.36E3094E0630FD18BA988BABA9FD9494.e.9231/click - {}
COMMAND: GET /session/121b5910f067d4d1941a4df48d2c59fa/screenshot - {}
RESULT: {}
RESULT: {}
COMMAND: GET /session/121b5910f067d4d1941a4df48d2c59fa/screenshot - {}
RESULT: {}
COMMAND: POST /session/121b5910f067d4d1941a4df48d2c59fa/element - {"using":"xpath","value":"//span[contains(@id ,\"AddNewHO--typeSelect-arrow\")]"}
RESULT: {}
RESULT: {"using":"xpath","value":"//span[contains(@id ,\"AddNewHO--typeSelect-arrow\")]"}
COMMAND: POST /session/121b5910f067d4d1941a4df48d2c59fa/element/f.F80EBE20359F196FC2F6F7CC51ACB296.d.36E3094E0630FD18BA988BABA9FD9494.e.9564/click - {}
RESULT: {}
COMMAND: GET /session/121b5910f067d4d1941a4df48d2c59fa/screenshot - {}
RESULT: {}
COMMAND: POST /session/121b5910f067d4d1941a4df48d2c59fa/element - {"using":"xpath","value":"(//li[contains(text(), \"stock increase yard\")])[1]"}
RESULT: {"using":"xpath","value":"(//li[contains(text(), \"stock increase yard\")])[1]"}
COMMAND: POST /session/121b5910f067d4d1941a4df48d2c59fa/element/f.F80EBE20359F196FC2F6F7CC51ACB296.d.36E3094E0630FD18BA988BABA9FD9494.e.9565/click - {}
RESULT: {}
COMMAND: GET /session/121b5910f067d4d1941a4df48d2c59fa/screenshot - {}
RESULT: {}
COMMAND: POST /session/121b5910f067d4d1941a4df48d2c59fa/execute/async - {"script":"<script> [1562 bytes]","args":[{"selector":{"id":"application-managehandovers-display-component---AddNewHO--dueDate","interaction":{"idSuffix":"inner"}},"wdio_ui5_key":"applicationmanagehandovers-display-component---AddNewHO--dueDate"}]}
RESULT: {"script":"<script> [1562 bytes]","args":[{"selector":{"id":"application-managehandovers-display-component---AddNewHO--dueDate","interaction":{"idSuffix":"inner"}},"wdio_ui5_key":"applicationmanagehandovers-display-component---AddNewHO--dueDate"}]}
RESULT: undefined
COMMAND: POST /session/121b5910f067d4d1941a4df48d2c59fa/execute/async - {"script":"<script> [6424 bytes]","args":[{"element-6066-11e4-a52e-4f735466cecf":"f.F80EBE20359F196FC2F6F7CC51ACB296.d.36E3094E0630FD18BA988BABA9FD9494.e.9567"},"setValue",["5/16/25"]]}
RESULT: {"script":"<script> [6424 bytes]","args":[{"element-6066-11e4-a52e-4f735466cecf":"f.F80EBE20359F196FC2F6F7CC51ACB296.d.36E3094E0630FD18BA988BABA9FD9494.e.9567"},"setValue",["5/16/25"]]}
COMMAND: POST /session/121b5910f067d4d1941a4df48d2c59fa/element - {"using":"xpath","value":"//input[@id=\"generalSectionFrg--receiveYard-inner\"]"}
RESULT: {"using":"xpath","value":"//input[@id=\"generalSectionFrg--receiveYard-inner\"]"}
COMMAND: POST /session/121b5910f067d4d1941a4df48d2c59fa/element/f.F80EBE20359F196FC2F6F7CC51ACB296.d.36E3094E0630FD18BA988BABA9FD9494.e.9571/clear - {}
RESULT: {}
COMMAND: POST /session/121b5910f067d4d1941a4df48d2c59fa/element/f.F80EBE20359F196FC2F6F7CC51ACB296.d.36E3094E0630FD18BA988BABA9FD9494.e.9571/value - {"text":"427"}
COMMAND: GET /session/121b5910f067d4d1941a4df48d2c59fa/screenshot - {}
RESULT: {"text":"427"}
COMMAND: GET /session/121b5910f067d4d1941a4df48d2c59fa/screenshot - {}
RESULT: {}
RESULT: {}
COMMAND: POST /session/121b5910f067d4d1941a4df48d2c59fa/element - {"using":"xpath","value":"//li[.//span[text()='427']]"}
RESULT: {"using":"xpath","value":"//li[.//span[text()='427']]"}
COMMAND: POST /session/121b5910f067d4d1941a4df48d2c59fa/element/f.F80EBE20359F196FC2F6F7CC51ACB296.d.36E3094E0630FD18BA988BABA9FD9494.e.9587/click - {}
RESULT: {}
COMMAND: GET /session/121b5910f067d4d1941a4df48d2c59fa/screenshot - {}
RESULT: {}
COMMAND: POST /session/121b5910f067d4d1941a4df48d2c59fa/execute/async - {"script":"<script> [1562 bytes]","args":[{"selector":{"id":"application-managehandovers-display-component---AddNewHO--ObjectPageLayout-anchBar-application-managehandovers-display-component---AddNewHO--section4-anchor","interaction":{"idSuffix":"BDI-content"}},"wdio_ui5_key":"applicationmanagehandovers-display-component---AddNewHO--ObjectPageLayout-anchBar-application-managehandovers-display-component---AddNewHO--section4-anchor"}]}
RESULT: {"script":"<script> [1562 bytes]","args":[{"selector":{"id":"application-managehandovers-display-component---AddNewHO--ObjectPageLayout-anchBar-application-managehandovers-display-component---AddNewHO--section4-anchor","interaction":{"idSuffix":"BDI-content"}},"wdio_ui5_key":"applicationmanagehandovers-display-component---AddNewHO--ObjectPageLayout-anchBar-application-managehandovers-display-component---AddNewHO--section4-anchor"}]}
RESULT: undefined
COMMAND: POST /session/121b5910f067d4d1941a4df48d2c59fa/element - {"using":"xpath","value":"//*[@id=\"application-managehandovers-display-component---AddNewHO--ObjectPageLayout-anchBar-application-managehandovers-display-component---AddNewHO--section4-anchor\"]"}
RESULT: {"using":"xpath","value":"//*[@id=\"application-managehandovers-display-component---AddNewHO--ObjectPageLayout-anchBar-application-managehandovers-display-component---AddNewHO--section4-anchor\"]"}
COMMAND: POST /session/121b5910f067d4d1941a4df48d2c59fa/element/f.F80EBE20359F196FC2F6F7CC51ACB296.d.36E3094E0630FD18BA988BABA9FD9494.e.9589/click - {}
RESULT: {}
COMMAND: POST /session/121b5910f067d4d1941a4df48d2c59fa/element - {"using":"xpath","value":"//button[@aria-label=\"Add\"]"}
COMMAND: GET /session/121b5910f067d4d1941a4df48d2c59fa/screenshot - {}
RESULT: {"using":"xpath","value":"//button[@aria-label=\"Add\"]"}
COMMAND: POST /session/121b5910f067d4d1941a4df48d2c59fa/element/f.F80EBE20359F196FC2F6F7CC51ACB296.d.36E3094E0630FD18BA988BABA9FD9494.e.9591/click - {}
RESULT: {}
RESULT: {}
COMMAND: GET /session/121b5910f067d4d1941a4df48d2c59fa/screenshot - {}
RESULT: {}
COMMAND: POST /session/121b5910f067d4d1941a4df48d2c59fa/execute/async - {"script":"<script> [1562 bytes]","args":[{"selector":{"id":"application-managehandovers-display-component---AddNewHO--smartFilterBar-btnBasicSearch","searchOpenDialogs":true,"interaction":{"idSuffix":"I"}},"wdio_ui5_key":"applicationmanagehandovers-display-component---AddNewHO--smartFilterBar-btnBasicSearch"}]}
RESULT: {"script":"<script> [1562 bytes]","args":[{"selector":{"id":"application-managehandovers-display-component---AddNewHO--smartFilterBar-btnBasicSearch","searchOpenDialogs":true,"interaction":{"idSuffix":"I"}},"wdio_ui5_key":"applicationmanagehandovers-display-component---AddNewHO--smartFilterBar-btnBasicSearch"}]}
RESULT: undefined
COMMAND: POST /session/121b5910f067d4d1941a4df48d2c59fa/execute/async - {"script":"<script> [776 bytes]","args":[{"enterText":"200209","selector":{"id":"application-managehandovers-display-component---AddNewHO--smartFilterBar-btnBasicSearch","searchOpenDialogs":true,"interaction":{"idSuffix":"I"}},"clearTextFirst":true,"interactionType":"ENTER_TEXT"}]}
RESULT: {"script":"<script> [776 bytes]","args":[{"enterText":"200209","selector":{"id":"application-managehandovers-display-component---AddNewHO--smartFilterBar-btnBasicSearch","searchOpenDialogs":true,"interaction":{"idSuffix":"I"}},"clearTextFirst":true,"interactionType":"ENTER_TEXT"}]}
COMMAND: POST /session/121b5910f067d4d1941a4df48d2c59fa/actions - {"actions":[{"id":"action34","type":"key","parameters":{},"actions":[{"type":"keyDown","value":"î€‡"},{"type":"pause","duration":10},{"type":"keyUp","value":"î€‡"}]}]}
RESULT: {"actions":[{"id":"action34","type":"key","parameters":{},"actions":[{"type":"keyDown","value":"î€‡"},{"type":"pause","duration":10},{"type":"keyUp","value":"î€‡"}]}]}
COMMAND: GET /session/121b5910f067d4d1941a4df48d2c59fa/screenshot - {}
RESULT: {}
COMMAND: POST /session/121b5910f067d4d1941a4df48d2c59fa/execute/async - {"script":"<script> [1562 bytes]","args":[{"selector":{"id":"application-managehandovers-display-component---AddNewHO--popup-sa","searchOpenDialogs":true,"interaction":{"idSuffix":"CbBg"}},"wdio_ui5_key":"applicationmanagehandovers-display-component---AddNewHO--popup-sa"}]}
RESULT: {"script":"<script> [1562 bytes]","args":[{"selector":{"id":"application-managehandovers-display-component---AddNewHO--popup-sa","searchOpenDialogs":true,"interaction":{"idSuffix":"CbBg"}},"wdio_ui5_key":"applicationmanagehandovers-display-component---AddNewHO--popup-sa"}]}
RESULT: undefined
COMMAND: POST /session/121b5910f067d4d1941a4df48d2c59fa/element - {"using":"xpath","value":"//*[@id=\"application-managehandovers-display-component---AddNewHO--popup-sa\"]"}
RESULT: {"using":"xpath","value":"//*[@id=\"application-managehandovers-display-component---AddNewHO--popup-sa\"]"}
COMMAND: POST /session/121b5910f067d4d1941a4df48d2c59fa/element/f.F80EBE20359F196FC2F6F7CC51ACB296.d.36E3094E0630FD18BA988BABA9FD9494.e.9745/click - {}
RESULT: {}
COMMAND: GET /session/121b5910f067d4d1941a4df48d2c59fa/screenshot - {}
RESULT: {}
COMMAND: POST /session/121b5910f067d4d1941a4df48d2c59fa/element - {"using":"xpath","value":"//bdi[contains(text(), \"Select\")]"}
RESULT: {"using":"xpath","value":"//bdi[contains(text(), \"Select\")]"}
COMMAND: POST /session/121b5910f067d4d1941a4df48d2c59fa/element/f.F80EBE20359F196FC2F6F7CC51ACB296.d.36E3094E0630FD18BA988BABA9FD9494.e.9746/click - {}
RESULT: {}
COMMAND: GET /session/121b5910f067d4d1941a4df48d2c59fa/screenshot - {}
RESULT: {}
COMMAND: POST /session/121b5910f067d4d1941a4df48d2c59fa/element - {"using":"xpath","value":"//button[@data-kt=\"AddNewHOSaveButton\"]"}
RESULT: {"using":"xpath","value":"//button[@data-kt=\"AddNewHOSaveButton\"]"}
COMMAND: POST /session/121b5910f067d4d1941a4df48d2c59fa/element/f.F80EBE20359F196FC2F6F7CC51ACB296.d.36E3094E0630FD18BA988BABA9FD9494.e.9750/click - {}
RESULT: {}
COMMAND: GET /session/121b5910f067d4d1941a4df48d2c59fa/screenshot - {}
RESULT: {}
COMMAND: POST /session/121b5910f067d4d1941a4df48d2c59fa/execute/async - {"script":"<script> [1562 bytes]","args":[{"selector":{"id":"receiptDatePicker","viewName":"etm.portal.ui.managehandovers.view.DetailExecuteHO","interaction":{"idSuffix":"inner"}},"wdio_ui5_key":"receiptDatePickeretmportal.ui.managehandovers.view.DetailExecuteHO"}]}
RESULT: {"script":"<script> [1562 bytes]","args":[{"selector":{"id":"receiptDatePicker","viewName":"etm.portal.ui.managehandovers.view.DetailExecuteHO","interaction":{"idSuffix":"inner"}},"wdio_ui5_key":"receiptDatePickeretmportal.ui.managehandovers.view.DetailExecuteHO"}]}
RESULT: undefined
COMMAND: POST /session/121b5910f067d4d1941a4df48d2c59fa/execute/async - {"script":"<script> [6424 bytes]","args":[{"element-6066-11e4-a52e-4f735466cecf":"f.F80EBE20359F196FC2F6F7CC51ACB296.d.36E3094E0630FD18BA988BABA9FD9494.e.9770"},"setValue",["5/16/25"]]}
RESULT: {"script":"<script> [6424 bytes]","args":[{"element-6066-11e4-a52e-4f735466cecf":"f.F80EBE20359F196FC2F6F7CC51ACB296.d.36E3094E0630FD18BA988BABA9FD9494.e.9770"},"setValue",["5/16/25"]]}
COMMAND: POST /session/121b5910f067d4d1941a4df48d2c59fa/element - {"using":"xpath","value":"//button[@data-kt=\"PickingTableConfirmAllButton\"]"}
RESULT: {"using":"xpath","value":"//button[@data-kt=\"PickingTableConfirmAllButton\"]"}
COMMAND: POST /session/121b5910f067d4d1941a4df48d2c59fa/element/f.F80EBE20359F196FC2F6F7CC51ACB296.d.36E3094E0630FD18BA988BABA9FD9494.e.9786/click - {}
RESULT: {}
COMMAND: GET /session/121b5910f067d4d1941a4df48d2c59fa/screenshot - {}
RESULT: {}
COMMAND: POST /session/121b5910f067d4d1941a4df48d2c59fa/element - {"using":"xpath","value":"//bdi[contains(text(), \"OK\")]"}
RESULT: {"using":"xpath","value":"//bdi[contains(text(), \"OK\")]"}
COMMAND: POST /session/121b5910f067d4d1941a4df48d2c59fa/element/f.F80EBE20359F196FC2F6F7CC51ACB296.d.36E3094E0630FD18BA988BABA9FD9494.e.9788/click - {}
RESULT: {}
COMMAND: GET /session/121b5910f067d4d1941a4df48d2c59fa/screenshot - {}
RESULT: {}
COMMAND: POST /session/121b5910f067d4d1941a4df48d2c59fa/element - {"using":"xpath","value":"(//bdi[contains(text(), \"Receive\")])[2]"}
RESULT: {"using":"xpath","value":"(//bdi[contains(text(), \"Receive\")])[2]"}
COMMAND: POST /session/121b5910f067d4d1941a4df48d2c59fa/element/f.F80EBE20359F196FC2F6F7CC51ACB296.d.36E3094E0630FD18BA988BABA9FD9494.e.9790/click - {}
RESULT: {}
COMMAND: GET /session/121b5910f067d4d1941a4df48d2c59fa/screenshot - {}
RESULT: {}
COMMAND: POST /session/121b5910f067d4d1941a4df48d2c59fa/element - {"using":"css selector","value":"#shell-header-logo"}
RESULT: {"using":"css selector","value":"#shell-header-logo"}
COMMAND: POST /session/121b5910f067d4d1941a4df48d2c59fa/element/f.F80EBE20359F196FC2F6F7CC51ACB296.d.36E3094E0630FD18BA988BABA9FD9494.e.9194/click - {}
RESULT: {}
COMMAND: GET /session/121b5910f067d4d1941a4df48d2c59fa/screenshot - {}
RESULT: {}
]]></system-out>
    </testcase>
    <testcase classname="chrome.136_0_7103_93.windows.Provide_to_Site_w/_warehouse_management_wo_clarification" name="Should create a new contract" time="64.095">
      <system-out><![CDATA[
COMMAND: POST /session/121b5910f067d4d1941a4df48d2c59fa/execute/async - {"script":"<script> [1562 bytes]","args":[{"selector":{"controlType":"sap.m.GenericTile","properties":{"header":"Manage Contracts"}},"wdio_ui5_key":"sapm.GenericTile{\"header\":\"Manage Contracts\"}"}]}
RESULT: {"script":"<script> [1562 bytes]","args":[{"selector":{"controlType":"sap.m.GenericTile","properties":{"header":"Manage Contracts"}},"wdio_ui5_key":"sapm.GenericTile{\"header\":\"Manage Contracts\"}"}]}
RESULT: undefined
COMMAND: POST /session/121b5910f067d4d1941a4df48d2c59fa/element - {"using":"xpath","value":"//*[@id=\"__tile130\"]"}
RESULT: {"using":"xpath","value":"//*[@id=\"__tile130\"]"}
COMMAND: POST /session/121b5910f067d4d1941a4df48d2c59fa/element/f.F80EBE20359F196FC2F6F7CC51ACB296.d.36E3094E0630FD18BA988BABA9FD9494.e.8567/click - {}
RESULT: {}
COMMAND: GET /session/121b5910f067d4d1941a4df48d2c59fa/screenshot - {}
RESULT: {}
COMMAND: POST /session/121b5910f067d4d1941a4df48d2c59fa/elements - {"using":"xpath","value":"//span[text()='Error']"}
RESULT: {"using":"xpath","value":"//span[text()='Error']"}
COMMAND: POST /session/121b5910f067d4d1941a4df48d2c59fa/element - {"using":"xpath","value":"//button[@data-kt=\"addButton\"]"}
RESULT: {"using":"xpath","value":"//button[@data-kt=\"addButton\"]"}
COMMAND: POST /session/121b5910f067d4d1941a4df48d2c59fa/elements - {"using":"xpath","value":"//button[@data-kt=\"addButton\"]"}
RESULT: {"using":"xpath","value":"//button[@data-kt=\"addButton\"]"}
COMMAND: POST /session/121b5910f067d4d1941a4df48d2c59fa/execute/sync - {"script":"<script> [8489 bytes]","args":[{"element-6066-11e4-a52e-4f735466cecf":"f.F80EBE20359F196FC2F6F7CC51ACB296.d.36E3094E0630FD18BA988BABA9FD9494.e.10129","ELEMENT":"f.F80EBE20359F196FC2F6F7CC51ACB296.d.36E3094E0630FD18BA988BABA9FD9494.e.10129"}]}
RESULT: {"script":"<script> [8489 bytes]","args":[{"element-6066-11e4-a52e-4f735466cecf":"f.F80EBE20359F196FC2F6F7CC51ACB296.d.36E3094E0630FD18BA988BABA9FD9494.e.10129","ELEMENT":"f.F80EBE20359F196FC2F6F7CC51ACB296.d.36E3094E0630FD18BA988BABA9FD9494.e.10129"}]}
COMMAND: GET /session/121b5910f067d4d1941a4df48d2c59fa/element/f.F80EBE20359F196FC2F6F7CC51ACB296.d.36E3094E0630FD18BA988BABA9FD9494.e.10129/enabled - {}
COMMAND: GET /session/121b5910f067d4d1941a4df48d2c59fa/screenshot - {}
RESULT: {}
COMMAND: POST /session/121b5910f067d4d1941a4df48d2c59fa/execute/sync - {"script":"<script> [8489 bytes]","args":[{"element-6066-11e4-a52e-4f735466cecf":"f.F80EBE20359F196FC2F6F7CC51ACB296.d.36E3094E0630FD18BA988BABA9FD9494.e.10129","ELEMENT":"f.F80EBE20359F196FC2F6F7CC51ACB296.d.36E3094E0630FD18BA988BABA9FD9494.e.10129"}]}
COMMAND: GET /session/121b5910f067d4d1941a4df48d2c59fa/screenshot - {}
RESULT: {}
RESULT: {"script":"<script> [8489 bytes]","args":[{"element-6066-11e4-a52e-4f735466cecf":"f.F80EBE20359F196FC2F6F7CC51ACB296.d.36E3094E0630FD18BA988BABA9FD9494.e.10129","ELEMENT":"f.F80EBE20359F196FC2F6F7CC51ACB296.d.36E3094E0630FD18BA988BABA9FD9494.e.10129"}]}
COMMAND: POST /session/121b5910f067d4d1941a4df48d2c59fa/execute/sync - {"script":"<script> [5351 bytes]","args":[{"element-6066-11e4-a52e-4f735466cecf":"f.F80EBE20359F196FC2F6F7CC51ACB296.d.36E3094E0630FD18BA988BABA9FD9494.e.10129","ELEMENT":"f.F80EBE20359F196FC2F6F7CC51ACB296.d.36E3094E0630FD18BA988BABA9FD9494.e.10129"}]}
COMMAND: GET /session/121b5910f067d4d1941a4df48d2c59fa/screenshot - {}
RESULT: {}
RESULT: {"script":"<script> [5351 bytes]","args":[{"element-6066-11e4-a52e-4f735466cecf":"f.F80EBE20359F196FC2F6F7CC51ACB296.d.36E3094E0630FD18BA988BABA9FD9494.e.10129","ELEMENT":"f.F80EBE20359F196FC2F6F7CC51ACB296.d.36E3094E0630FD18BA988BABA9FD9494.e.10129"}]}
COMMAND: GET /session/121b5910f067d4d1941a4df48d2c59fa/screenshot - {}
RESULT: {}
RESULT: {}
COMMAND: POST /session/121b5910f067d4d1941a4df48d2c59fa/element/f.F80EBE20359F196FC2F6F7CC51ACB296.d.36E3094E0630FD18BA988BABA9FD9494.e.10129/click - {}
RESULT: {}
COMMAND: GET /session/121b5910f067d4d1941a4df48d2c59fa/screenshot - {}
RESULT: {}
COMMAND: POST /session/121b5910f067d4d1941a4df48d2c59fa/execute/async - {"script":"<script> [1562 bytes]","args":[{"selector":{"id":"application-managecontracts-display-component---AddNewContract--projectDescription","interaction":{"idSuffix":"inner"}},"wdio_ui5_key":"applicationmanagecontracts-display-component---AddNewContract--projectDescription"}]}
RESULT: {"script":"<script> [1562 bytes]","args":[{"selector":{"id":"application-managecontracts-display-component---AddNewContract--projectDescription","interaction":{"idSuffix":"inner"}},"wdio_ui5_key":"applicationmanagecontracts-display-component---AddNewContract--projectDescription"}]}
RESULT: undefined
COMMAND: POST /session/121b5910f067d4d1941a4df48d2c59fa/execute/async - {"script":"<script> [776 bytes]","args":[{"enterText":"Contract WDIO","selector":{"id":"application-managecontracts-display-component---AddNewContract--projectDescription","interaction":{"idSuffix":"inner"}},"clearTextFirst":true,"interactionType":"ENTER_TEXT"}]}
RESULT: {"script":"<script> [776 bytes]","args":[{"enterText":"Contract WDIO","selector":{"id":"application-managecontracts-display-component---AddNewContract--projectDescription","interaction":{"idSuffix":"inner"}},"clearTextFirst":true,"interactionType":"ENTER_TEXT"}]}
COMMAND: POST /session/121b5910f067d4d1941a4df48d2c59fa/element - {"using":"xpath","value":"//input[@id=\"application-managecontracts-display-component---AddNewContract--site-inner\"]"}
RESULT: {"using":"xpath","value":"//input[@id=\"application-managecontracts-display-component---AddNewContract--site-inner\"]"}
COMMAND: POST /session/121b5910f067d4d1941a4df48d2c59fa/element/f.F80EBE20359F196FC2F6F7CC51ACB296.d.36E3094E0630FD18BA988BABA9FD9494.e.10488/clear - {}
RESULT: {}
COMMAND: POST /session/121b5910f067d4d1941a4df48d2c59fa/element/f.F80EBE20359F196FC2F6F7CC51ACB296.d.36E3094E0630FD18BA988BABA9FD9494.e.10488/value - {"text":"2195"}
COMMAND: GET /session/121b5910f067d4d1941a4df48d2c59fa/screenshot - {}
RESULT: {"text":"2195"}
COMMAND: GET /session/121b5910f067d4d1941a4df48d2c59fa/screenshot - {}
RESULT: {}
RESULT: {}
COMMAND: POST /session/121b5910f067d4d1941a4df48d2c59fa/element - {"using":"xpath","value":"//li[.//span[text()='2195']]"}
RESULT: {"using":"xpath","value":"//li[.//span[text()='2195']]"}
COMMAND: POST /session/121b5910f067d4d1941a4df48d2c59fa/element/f.F80EBE20359F196FC2F6F7CC51ACB296.d.36E3094E0630FD18BA988BABA9FD9494.e.10518/click - {}
RESULT: {}
COMMAND: GET /session/121b5910f067d4d1941a4df48d2c59fa/screenshot - {}
RESULT: {}
COMMAND: POST /session/121b5910f067d4d1941a4df48d2c59fa/element - {"using":"xpath","value":"//input[@id=\"application-managecontracts-display-component---AddNewContract--yardId-inner\"]"}
RESULT: {"using":"xpath","value":"//input[@id=\"application-managecontracts-display-component---AddNewContract--yardId-inner\"]"}
COMMAND: GET /session/121b5910f067d4d1941a4df48d2c59fa/element/f.F80EBE20359F196FC2F6F7CC51ACB296.d.36E3094E0630FD18BA988BABA9FD9494.e.10489/property/value - {}
RESULT: {}
COMMAND: POST /session/121b5910f067d4d1941a4df48d2c59fa/element - {"using":"xpath","value":"//input[@id=\"application-managecontracts-display-component---AddNewContract--customerSelect-inner\"]"}
COMMAND: GET /session/121b5910f067d4d1941a4df48d2c59fa/screenshot - {}
RESULT: {"using":"xpath","value":"//input[@id=\"application-managecontracts-display-component---AddNewContract--customerSelect-inner\"]"}
COMMAND: POST /session/121b5910f067d4d1941a4df48d2c59fa/element/f.F80EBE20359F196FC2F6F7CC51ACB296.d.36E3094E0630FD18BA988BABA9FD9494.e.10487/clear - {}
RESULT: {}
RESULT: {}
COMMAND: POST /session/121b5910f067d4d1941a4df48d2c59fa/element/f.F80EBE20359F196FC2F6F7CC51ACB296.d.36E3094E0630FD18BA988BABA9FD9494.e.10487/value - {"text":"1236"}
COMMAND: GET /session/121b5910f067d4d1941a4df48d2c59fa/screenshot - {}
RESULT: {"text":"1236"}
COMMAND: GET /session/121b5910f067d4d1941a4df48d2c59fa/screenshot - {}
RESULT: {}
RESULT: {}
COMMAND: POST /session/121b5910f067d4d1941a4df48d2c59fa/element - {"using":"xpath","value":"//li[.//span[text()='1236']]"}
RESULT: {"using":"xpath","value":"//li[.//span[text()='1236']]"}
COMMAND: POST /session/121b5910f067d4d1941a4df48d2c59fa/element/f.F80EBE20359F196FC2F6F7CC51ACB296.d.36E3094E0630FD18BA988BABA9FD9494.e.10521/click - {}
RESULT: {}
COMMAND: GET /session/121b5910f067d4d1941a4df48d2c59fa/screenshot - {}
RESULT: {}
COMMAND: POST /session/121b5910f067d4d1941a4df48d2c59fa/element - {"using":"xpath","value":"//button[@data-kt=\"saveButton\"]"}
RESULT: {"using":"xpath","value":"//button[@data-kt=\"saveButton\"]"}
COMMAND: POST /session/121b5910f067d4d1941a4df48d2c59fa/element/f.F80EBE20359F196FC2F6F7CC51ACB296.d.36E3094E0630FD18BA988BABA9FD9494.e.10522/click - {}
RESULT: {}
COMMAND: GET /session/121b5910f067d4d1941a4df48d2c59fa/screenshot - {}
RESULT: {}
COMMAND: POST /session/121b5910f067d4d1941a4df48d2c59fa/element - {"using":"xpath","value":"//span[contains(@id ,\"contractDetailTitleNoExpanded\")]"}
RESULT: {"using":"xpath","value":"//span[contains(@id ,\"contractDetailTitleNoExpanded\")]"}
COMMAND: POST /session/121b5910f067d4d1941a4df48d2c59fa/elements - {"using":"xpath","value":"//span[contains(@id ,\"contractDetailTitleNoExpanded\")]"}
RESULT: {"using":"xpath","value":"//span[contains(@id ,\"contractDetailTitleNoExpanded\")]"}
COMMAND: POST /session/121b5910f067d4d1941a4df48d2c59fa/execute/sync - {"script":"<script> [56 bytes]","args":[{"element-6066-11e4-a52e-4f735466cecf":"f.F80EBE20359F196FC2F6F7CC51ACB296.d.36E3094E0630FD18BA988BABA9FD9494.e.10592","ELEMENT":"f.F80EBE20359F196FC2F6F7CC51ACB296.d.36E3094E0630FD18BA988BABA9FD9494.e.10592"}]}
RESULT: {"script":"<script> [56 bytes]","args":[{"element-6066-11e4-a52e-4f735466cecf":"f.F80EBE20359F196FC2F6F7CC51ACB296.d.36E3094E0630FD18BA988BABA9FD9494.e.10592","ELEMENT":"f.F80EBE20359F196FC2F6F7CC51ACB296.d.36E3094E0630FD18BA988BABA9FD9494.e.10592"}]}
COMMAND: GET /session/121b5910f067d4d1941a4df48d2c59fa/screenshot - {}
RESULT: {}
]]></system-out>
    </testcase>
    <testcase classname="chrome.136_0_7103_93.windows.Provide_to_Site_w/_warehouse_management_wo_clarification" name="Should add equipment to the contract" time="60.545">
      <system-out><![CDATA[
COMMAND: POST /session/121b5910f067d4d1941a4df48d2c59fa/element - {"using":"xpath","value":"//button[@data-kt=\"contractDetailEditBtnButton\"]"}
RESULT: {"using":"xpath","value":"//button[@data-kt=\"contractDetailEditBtnButton\"]"}
COMMAND: POST /session/121b5910f067d4d1941a4df48d2c59fa/element/f.F80EBE20359F196FC2F6F7CC51ACB296.d.36E3094E0630FD18BA988BABA9FD9494.e.10595/click - {}
RESULT: {}
COMMAND: GET /session/121b5910f067d4d1941a4df48d2c59fa/screenshot - {}
RESULT: {}
COMMAND: POST /session/121b5910f067d4d1941a4df48d2c59fa/element - {"using":"xpath","value":"(//span[contains(text(), \"Additional Addresses\")])[2]"}
RESULT: {"using":"xpath","value":"(//span[contains(text(), \"Additional Addresses\")])[2]"}
COMMAND: POST /session/121b5910f067d4d1941a4df48d2c59fa/element/f.F80EBE20359F196FC2F6F7CC51ACB296.d.36E3094E0630FD18BA988BABA9FD9494.e.10651/click - {}
RESULT: {}
COMMAND: GET /session/121b5910f067d4d1941a4df48d2c59fa/screenshot - {}
RESULT: {}
COMMAND: POST /session/121b5910f067d4d1941a4df48d2c59fa/element - {"using":"xpath","value":"//button[@data-kt=\"btnAddTableRowOverflowToolbarButton\"]"}
RESULT: {"using":"xpath","value":"//button[@data-kt=\"btnAddTableRowOverflowToolbarButton\"]"}
COMMAND: POST /session/121b5910f067d4d1941a4df48d2c59fa/element/f.F80EBE20359F196FC2F6F7CC51ACB296.d.36E3094E0630FD18BA988BABA9FD9494.e.10653/click - {}
RESULT: {}
COMMAND: GET /session/121b5910f067d4d1941a4df48d2c59fa/screenshot - {}
RESULT: {}
COMMAND: POST /session/121b5910f067d4d1941a4df48d2c59fa/element - {"using":"xpath","value":"//div[(text() = 'Standard Entry' or . = 'Standard Entry')]"}
RESULT: {"using":"xpath","value":"//div[(text() = 'Standard Entry' or . = 'Standard Entry')]"}
COMMAND: POST /session/121b5910f067d4d1941a4df48d2c59fa/element/f.F80EBE20359F196FC2F6F7CC51ACB296.d.36E3094E0630FD18BA988BABA9FD9494.e.10655/click - {}
RESULT: {}
COMMAND: GET /session/121b5910f067d4d1941a4df48d2c59fa/screenshot - {}
RESULT: {}
COMMAND: POST /session/121b5910f067d4d1941a4df48d2c59fa/element - {"using":"xpath","value":"//td[6]/div/div/div/span"}
RESULT: {"using":"xpath","value":"//td[6]/div/div/div/span"}
COMMAND: POST /session/121b5910f067d4d1941a4df48d2c59fa/element/f.F80EBE20359F196FC2F6F7CC51ACB296.d.36E3094E0630FD18BA988BABA9FD9494.e.10667/click - {}
RESULT: {}
COMMAND: GET /session/121b5910f067d4d1941a4df48d2c59fa/screenshot - {}
RESULT: {}
COMMAND: POST /session/121b5910f067d4d1941a4df48d2c59fa/element - {"using":"xpath","value":"(//span[contains(text(), \"Material\")])"}
RESULT: {"using":"xpath","value":"(//span[contains(text(), \"Material\")])"}
COMMAND: POST /session/121b5910f067d4d1941a4df48d2c59fa/element/f.F80EBE20359F196FC2F6F7CC51ACB296.d.36E3094E0630FD18BA988BABA9FD9494.e.10668/click - {}
RESULT: {}
COMMAND: GET /session/121b5910f067d4d1941a4df48d2c59fa/screenshot - {}
RESULT: {}
COMMAND: POST /session/121b5910f067d4d1941a4df48d2c59fa/element - {"using":"xpath","value":"//td[7]/div/div/input"}
RESULT: {"using":"xpath","value":"//td[7]/div/div/input"}
COMMAND: POST /session/121b5910f067d4d1941a4df48d2c59fa/element/f.F80EBE20359F196FC2F6F7CC51ACB296.d.36E3094E0630FD18BA988BABA9FD9494.e.10672/clear - {}
RESULT: {}
COMMAND: POST /session/121b5910f067d4d1941a4df48d2c59fa/element/f.F80EBE20359F196FC2F6F7CC51ACB296.d.36E3094E0630FD18BA988BABA9FD9494.e.10672/value - {"text":"200209"}
COMMAND: GET /session/121b5910f067d4d1941a4df48d2c59fa/screenshot - {}
RESULT: {"text":"200209"}
COMMAND: GET /session/121b5910f067d4d1941a4df48d2c59fa/screenshot - {}
RESULT: {}
RESULT: {}
COMMAND: POST /session/121b5910f067d4d1941a4df48d2c59fa/actions - {"actions":[{"id":"action35","type":"key","parameters":{},"actions":[{"type":"keyDown","value":"î€‡"},{"type":"pause","duration":10},{"type":"keyUp","value":"î€‡"}]}]}
RESULT: {"actions":[{"id":"action35","type":"key","parameters":{},"actions":[{"type":"keyDown","value":"î€‡"},{"type":"pause","duration":10},{"type":"keyUp","value":"î€‡"}]}]}
COMMAND: GET /session/121b5910f067d4d1941a4df48d2c59fa/screenshot - {}
RESULT: {}
COMMAND: POST /session/121b5910f067d4d1941a4df48d2c59fa/execute/sync - {"script":"<script> [276 bytes]","args":["No pricing information was found"]}
RESULT: {"script":"<script> [276 bytes]","args":["No pricing information was found"]}
COMMAND: POST /session/121b5910f067d4d1941a4df48d2c59fa/element - {"using":"xpath","value":"//bdi[contains(text(), \"OK\")]"}
COMMAND: GET /session/121b5910f067d4d1941a4df48d2c59fa/screenshot - {}
RESULT: {"using":"xpath","value":"//bdi[contains(text(), \"OK\")]"}
COMMAND: POST /session/121b5910f067d4d1941a4df48d2c59fa/element/f.F80EBE20359F196FC2F6F7CC51ACB296.d.36E3094E0630FD18BA988BABA9FD9494.e.10698/click - {}
RESULT: {}
RESULT: {}
COMMAND: GET /session/121b5910f067d4d1941a4df48d2c59fa/screenshot - {}
RESULT: {}
COMMAND: POST /session/121b5910f067d4d1941a4df48d2c59fa/element - {"using":"xpath","value":"(//button[@data-kt=\"saveButton\"])[2]"}
RESULT: {"using":"xpath","value":"(//button[@data-kt=\"saveButton\"])[2]"}
COMMAND: POST /session/121b5910f067d4d1941a4df48d2c59fa/element/f.F80EBE20359F196FC2F6F7CC51ACB296.d.36E3094E0630FD18BA988BABA9FD9494.e.10699/click - {}
RESULT: {}
COMMAND: GET /session/121b5910f067d4d1941a4df48d2c59fa/screenshot - {}
RESULT: {}
COMMAND: POST /session/121b5910f067d4d1941a4df48d2c59fa/execute/sync - {"script":"<script> [276 bytes]","args":["Some contract items are having rental validity exceeding header rental validity"]}
RESULT: {"script":"<script> [276 bytes]","args":["Some contract items are having rental validity exceeding header rental validity"]}
COMMAND: GET /session/121b5910f067d4d1941a4df48d2c59fa/screenshot - {}
RESULT: {}
COMMAND: POST /session/121b5910f067d4d1941a4df48d2c59fa/element - {"using":"xpath","value":"//span[contains(@id ,\"contractItemsSmartTable-header-inner\")]"}
RESULT: {"using":"xpath","value":"//span[contains(@id ,\"contractItemsSmartTable-header-inner\")]"}
COMMAND: POST /session/121b5910f067d4d1941a4df48d2c59fa/elements - {"using":"xpath","value":"//span[contains(@id ,\"contractItemsSmartTable-header-inner\")]"}
RESULT: {"using":"xpath","value":"//span[contains(@id ,\"contractItemsSmartTable-header-inner\")]"}
COMMAND: POST /session/121b5910f067d4d1941a4df48d2c59fa/execute/sync - {"script":"<script> [56 bytes]","args":[{"element-6066-11e4-a52e-4f735466cecf":"f.F80EBE20359F196FC2F6F7CC51ACB296.d.36E3094E0630FD18BA988BABA9FD9494.e.10704","ELEMENT":"f.F80EBE20359F196FC2F6F7CC51ACB296.d.36E3094E0630FD18BA988BABA9FD9494.e.10704"}]}
RESULT: {"script":"<script> [56 bytes]","args":[{"element-6066-11e4-a52e-4f735466cecf":"f.F80EBE20359F196FC2F6F7CC51ACB296.d.36E3094E0630FD18BA988BABA9FD9494.e.10704","ELEMENT":"f.F80EBE20359F196FC2F6F7CC51ACB296.d.36E3094E0630FD18BA988BABA9FD9494.e.10704"}]}
COMMAND: GET /session/121b5910f067d4d1941a4df48d2c59fa/screenshot - {}
]]></system-out>
    </testcase>
    <testcase classname="chrome.136_0_7103_93.windows.Provide_to_Site_w/_warehouse_management_wo_clarification" name="Should provide to site" time="39.945">
      <system-out><![CDATA[
COMMAND: POST /session/121b5910f067d4d1941a4df48d2c59fa/element - {"using":"xpath","value":"//button[@data-kt=\"provideButton\"]"}
RESULT: {}
RESULT: {"using":"xpath","value":"//button[@data-kt=\"provideButton\"]"}
COMMAND: POST /session/121b5910f067d4d1941a4df48d2c59fa/element/f.F80EBE20359F196FC2F6F7CC51ACB296.d.36E3094E0630FD18BA988BABA9FD9494.e.10705/click - {}
RESULT: {}
COMMAND: GET /session/121b5910f067d4d1941a4df48d2c59fa/screenshot - {}
RESULT: undefined
COMMAND: POST /session/121b5910f067d4d1941a4df48d2c59fa/execute/async - {"script":"<script> [6424 bytes]","args":[{"element-6066-11e4-a52e-4f735466cecf":"f.F80EBE20359F196FC2F6F7CC51ACB296.d.36E3094E0630FD18BA988BABA9FD9494.e.9567"},"setValue",["05/16/25"]]}
RESULT: {}
COMMAND: POST /session/121b5910f067d4d1941a4df48d2c59fa/execute/async - {"script":"<script> [1562 bytes]","args":[{"selector":{"id":"application-managehandovers-display-component---AddNewHO--dueDate","interaction":{"idSuffix":"inner"}},"wdio_ui5_key":"applicationmanagehandovers-display-component---AddNewHO--dueDate"}]}
RESULT: {"script":"<script> [1562 bytes]","args":[{"selector":{"id":"application-managehandovers-display-component---AddNewHO--dueDate","interaction":{"idSuffix":"inner"}},"wdio_ui5_key":"applicationmanagehandovers-display-component---AddNewHO--dueDate"}]}
COMMAND: POST /session/121b5910f067d4d1941a4df48d2c59fa/execute/async - {"script":"<script> [6424 bytes]","args":[{"element-6066-11e4-a52e-4f735466cecf":"f.F80EBE20359F196FC2F6F7CC51ACB296.d.36E3094E0630FD18BA988BABA9FD9494.e.10795"},"setValue",["05/16/25"]]}
RESULT: {"script":"<script> [6424 bytes]","args":[{"element-6066-11e4-a52e-4f735466cecf":"f.F80EBE20359F196FC2F6F7CC51ACB296.d.36E3094E0630FD18BA988BABA9FD9494.e.10795"},"setValue",["05/16/25"]]}
COMMAND: POST /session/121b5910f067d4d1941a4df48d2c59fa/element - {"using":"xpath","value":"//bdi[contains(text(), \"Instructions\")]"}
RESULT: {"using":"xpath","value":"//bdi[contains(text(), \"Instructions\")]"}
COMMAND: POST /session/121b5910f067d4d1941a4df48d2c59fa/element/f.F80EBE20359F196FC2F6F7CC51ACB296.d.36E3094E0630FD18BA988BABA9FD9494.e.11010/click - {}
RESULT: {}
COMMAND: GET /session/121b5910f067d4d1941a4df48d2c59fa/screenshot - {}
RESULT: {}
COMMAND: POST /session/121b5910f067d4d1941a4df48d2c59fa/element - {"using":"xpath","value":"//button[@data-kt=\"AddNewHOProvideAddItemsButton\"]"}
RESULT: {"using":"xpath","value":"//button[@data-kt=\"AddNewHOProvideAddItemsButton\"]"}
COMMAND: POST /session/121b5910f067d4d1941a4df48d2c59fa/element/f.F80EBE20359F196FC2F6F7CC51ACB296.d.36E3094E0630FD18BA988BABA9FD9494.e.11014/click - {}
RESULT: {}
COMMAND: GET /session/121b5910f067d4d1941a4df48d2c59fa/screenshot - {}
RESULT: {}
RESULT: undefined
COMMAND: POST /session/121b5910f067d4d1941a4df48d2c59fa/element - {"using":"xpath","value":"//*[@id=\"application-managehandovers-display-component---AddNewHO--popup-sa\"]"}
RESULT: {"using":"xpath","value":"//*[@id=\"application-managehandovers-display-component---AddNewHO--popup-sa\"]"}
COMMAND: POST /session/121b5910f067d4d1941a4df48d2c59fa/element/f.F80EBE20359F196FC2F6F7CC51ACB296.d.36E3094E0630FD18BA988BABA9FD9494.e.11019/click - {}
RESULT: {}
COMMAND: GET /session/121b5910f067d4d1941a4df48d2c59fa/screenshot - {}
RESULT: {}
COMMAND: POST /session/121b5910f067d4d1941a4df48d2c59fa/element - {"using":"xpath","value":"//*[contains(@id ,\"BDI-content\")][contains(text(), \"Select\")]"}
RESULT: {"using":"xpath","value":"//*[contains(@id ,\"BDI-content\")][contains(text(), \"Select\")]"}
COMMAND: POST /session/121b5910f067d4d1941a4df48d2c59fa/element/f.F80EBE20359F196FC2F6F7CC51ACB296.d.36E3094E0630FD18BA988BABA9FD9494.e.11020/click - {}
RESULT: {}
COMMAND: GET /session/121b5910f067d4d1941a4df48d2c59fa/screenshot - {}
RESULT: {}
COMMAND: POST /session/121b5910f067d4d1941a4df48d2c59fa/element - {"using":"xpath","value":"//bdi[(text() = 'Save' or . = 'Save')]"}
RESULT: {"using":"xpath","value":"//bdi[(text() = 'Save' or . = 'Save')]"}
COMMAND: POST /session/121b5910f067d4d1941a4df48d2c59fa/element/f.F80EBE20359F196FC2F6F7CC51ACB296.d.36E3094E0630FD18BA988BABA9FD9494.e.11023/click - {}
RESULT: {}
COMMAND: GET /session/121b5910f067d4d1941a4df48d2c59fa/screenshot - {}
RESULT: {}
]]></system-out>
    </testcase>
    <testcase classname="chrome.136_0_7103_93.windows.Provide_to_Site_w/_warehouse_management_wo_clarification" name="Should Test for Handover Execution" time="159.723">
      <system-out><![CDATA[
COMMAND: POST /session/121b5910f067d4d1941a4df48d2c59fa/execute/async - {"script":"<script> [1562 bytes]","args":[{"selector":{"controlType":"sap.m.Link","viewName":"etm.portal.ui.managehandovers.view.DetailExecuteHO","bindingPath":{"path":"","propertyPath":"/wmDoc","modelName":"warehouseMovModel"}},"wdio_ui5_key":"etmportal.ui.managehandovers.view.DetailExecuteHOsap.m.Link{\"path\":\"\",\"propertyPath\":\"/wmDoc\",\"modelName\":\"warehouseMovModel\"}"}]}
RESULT: {"script":"<script> [1562 bytes]","args":[{"selector":{"controlType":"sap.m.Link","viewName":"etm.portal.ui.managehandovers.view.DetailExecuteHO","bindingPath":{"path":"","propertyPath":"/wmDoc","modelName":"warehouseMovModel"}},"wdio_ui5_key":"etmportal.ui.managehandovers.view.DetailExecuteHOsap.m.Link{\"path\":\"\",\"propertyPath\":\"/wmDoc\",\"modelName\":\"warehouseMovModel\"}"}]}
RESULT: undefined
COMMAND: POST /session/121b5910f067d4d1941a4df48d2c59fa/element - {"using":"xpath","value":"//*[@id=\"__link81\"]"}
RESULT: {"using":"xpath","value":"//*[@id=\"__link81\"]"}
COMMAND: POST /session/121b5910f067d4d1941a4df48d2c59fa/element/f.F80EBE20359F196FC2F6F7CC51ACB296.d.36E3094E0630FD18BA988BABA9FD9494.e.11056/click - {}
RESULT: {}
COMMAND: GET /session/121b5910f067d4d1941a4df48d2c59fa/screenshot - {}
RESULT: {}
COMMAND: POST /session/121b5910f067d4d1941a4df48d2c59fa/execute/async - {"script":"<script> [1562 bytes]","args":[{"selector":{"controlType":"sap.m.Link","viewName":"etm.portal.ui.managehandovers.view.DetailExecuteHO","properties":{"text":"Warehouse Overview"},"searchOpenDialogs":true},"wdio_ui5_key":"etmportal.ui.managehandovers.view.DetailExecuteHOsap.m.Link{\"text\":\"Warehouse Overview\"}"}]}
RESULT: {"script":"<script> [1562 bytes]","args":[{"selector":{"controlType":"sap.m.Link","viewName":"etm.portal.ui.managehandovers.view.DetailExecuteHO","properties":{"text":"Warehouse Overview"},"searchOpenDialogs":true},"wdio_ui5_key":"etmportal.ui.managehandovers.view.DetailExecuteHOsap.m.Link{\"text\":\"Warehouse Overview\"}"}]}
RESULT: undefined
COMMAND: POST /session/121b5910f067d4d1941a4df48d2c59fa/element - {"using":"xpath","value":"//*[@id=\"__link96\"]"}
RESULT: {"using":"xpath","value":"//*[@id=\"__link96\"]"}
COMMAND: POST /session/121b5910f067d4d1941a4df48d2c59fa/element/f.F80EBE20359F196FC2F6F7CC51ACB296.d.36E3094E0630FD18BA988BABA9FD9494.e.11060/click - {}
RESULT: {}
COMMAND: GET /session/121b5910f067d4d1941a4df48d2c59fa/screenshot - {}
RESULT: {}
COMMAND: POST /session/121b5910f067d4d1941a4df48d2c59fa/execute/async - {"script":"<script> [1562 bytes]","args":[{"selector":{"controlType":"sap.m.Button","viewName":"etm.portal.ui.warehousemovements.view.DisplayMovement","viewId":"application-warehousemovements-display-component---displayMovement","i18NText":{"propertyName":"text","key":"execution"},"interaction":{"idSuffix":"BDI-content"}},"wdio_ui5_key":"etmportal.ui.warehousemovements.view.DisplayMovementsap.m.Button{\"propertyName\":\"text\",\"key\":\"execution\"}"}]}
RESULT: {"script":"<script> [1562 bytes]","args":[{"selector":{"controlType":"sap.m.Button","viewName":"etm.portal.ui.warehousemovements.view.DisplayMovement","viewId":"application-warehousemovements-display-component---displayMovement","i18NText":{"propertyName":"text","key":"execution"},"interaction":{"idSuffix":"BDI-content"}},"wdio_ui5_key":"etmportal.ui.warehousemovements.view.DisplayMovementsap.m.Button{\"propertyName\":\"text\",\"key\":\"execution\"}"}]}
RESULT: undefined
COMMAND: POST /session/121b5910f067d4d1941a4df48d2c59fa/element - {"using":"xpath","value":"//*[@id=\"__button219\"]"}
RESULT: {"using":"xpath","value":"//*[@id=\"__button219\"]"}
COMMAND: POST /session/121b5910f067d4d1941a4df48d2c59fa/element/f.F80EBE20359F196FC2F6F7CC51ACB296.d.36E3094E0630FD18BA988BABA9FD9494.e.11238/click - {}
RESULT: {}
COMMAND: GET /session/121b5910f067d4d1941a4df48d2c59fa/screenshot - {}
RESULT: {}
COMMAND: POST /session/121b5910f067d4d1941a4df48d2c59fa/execute/async - {"script":"<script> [1562 bytes]","args":[{"selector":{"controlType":"sap.m.Button","viewName":"etm.portal.ui.warehousemovements.view.ExecuteMovement","viewId":"application-warehousemovements-display-component---executeMovement","properties":{"text":"Items"},"interaction":{"idSuffix":"BDI-content"}},"wdio_ui5_key":"etmportal.ui.warehousemovements.view.ExecuteMovementsap.m.Button{\"text\":\"Items\"}"}]}
RESULT: {"script":"<script> [1562 bytes]","args":[{"selector":{"controlType":"sap.m.Button","viewName":"etm.portal.ui.warehousemovements.view.ExecuteMovement","viewId":"application-warehousemovements-display-component---executeMovement","properties":{"text":"Items"},"interaction":{"idSuffix":"BDI-content"}},"wdio_ui5_key":"etmportal.ui.warehousemovements.view.ExecuteMovementsap.m.Button{\"text\":\"Items\"}"}]}
RESULT: undefined
COMMAND: POST /session/121b5910f067d4d1941a4df48d2c59fa/element - {"using":"xpath","value":"//*[@id=\"__layout353-anchBar-application-warehousemovements-display-component---executeMovement--itemsSection-anchor\"]"}
RESULT: {"using":"xpath","value":"//*[@id=\"__layout353-anchBar-application-warehousemovements-display-component---executeMovement--itemsSection-anchor\"]"}
COMMAND: POST /session/121b5910f067d4d1941a4df48d2c59fa/element/f.F80EBE20359F196FC2F6F7CC51ACB296.d.36E3094E0630FD18BA988BABA9FD9494.e.11329/click - {}
RESULT: {}
COMMAND: GET /session/121b5910f067d4d1941a4df48d2c59fa/screenshot - {}
RESULT: {}
COMMAND: POST /session/121b5910f067d4d1941a4df48d2c59fa/execute/async - {"script":"<script> [1562 bytes]","args":[{"selector":{"controlType":"sap.m.ToggleButton","viewName":"etm.portal.ui.warehousemovements.view.ExecuteMovement","viewId":"application-warehousemovements-display-component---executeMovement","bindingPath":{"propertyPath":"STATUS","modelName":"catalogModel"},"interaction":{"idSuffix":"BDI-content"}},"wdio_ui5_key":"etmportal.ui.warehousemovements.view.ExecuteMovementsap.m.ToggleButton{\"propertyPath\":\"STATUS\",\"modelName\":\"catalogModel\"}"}]}
RESULT: {"script":"<script> [1562 bytes]","args":[{"selector":{"controlType":"sap.m.ToggleButton","viewName":"etm.portal.ui.warehousemovements.view.ExecuteMovement","viewId":"application-warehousemovements-display-component---executeMovement","bindingPath":{"propertyPath":"STATUS","modelName":"catalogModel"},"interaction":{"idSuffix":"BDI-content"}},"wdio_ui5_key":"etmportal.ui.warehousemovements.view.ExecuteMovementsap.m.ToggleButton{\"propertyPath\":\"STATUS\",\"modelName\":\"catalogModel\"}"}]}
RESULT: undefined
COMMAND: POST /session/121b5910f067d4d1941a4df48d2c59fa/element - {"using":"xpath","value":"//*[@id=\"__button242-__clone2859\"]"}
RESULT: {"using":"xpath","value":"//*[@id=\"__button242-__clone2859\"]"}
COMMAND: POST /session/121b5910f067d4d1941a4df48d2c59fa/element/f.F80EBE20359F196FC2F6F7CC51ACB296.d.36E3094E0630FD18BA988BABA9FD9494.e.11300/click - {}
RESULT: {}
RESULT: undefined
COMMAND: POST /session/121b5910f067d4d1941a4df48d2c59fa/element - {"using":"xpath","value":"//*[@id=\"__button242-__clone2859\"]"}
COMMAND: GET /session/121b5910f067d4d1941a4df48d2c59fa/screenshot - {}
RESULT: {"using":"xpath","value":"//*[@id=\"__button242-__clone2859\"]"}
COMMAND: POST /session/121b5910f067d4d1941a4df48d2c59fa/element/f.F80EBE20359F196FC2F6F7CC51ACB296.d.36E3094E0630FD18BA988BABA9FD9494.e.11300/click - {}
RESULT: {}
RESULT: {}
COMMAND: GET /session/121b5910f067d4d1941a4df48d2c59fa/screenshot - {}
RESULT: {}
RESULT: undefined
COMMAND: POST /session/121b5910f067d4d1941a4df48d2c59fa/execute/async - {"script":"<script> [6424 bytes]","args":[{"element-6066-11e4-a52e-4f735466cecf":"f.F80EBE20359F196FC2F6F7CC51ACB296.d.36E3094E0630FD18BA988BABA9FD9494.e.11333"},"getText",[]]}
RESULT: {"script":"<script> [6424 bytes]","args":[{"element-6066-11e4-a52e-4f735466cecf":"f.F80EBE20359F196FC2F6F7CC51ACB296.d.36E3094E0630FD18BA988BABA9FD9494.e.11333"},"getText",[]]}
COMMAND: POST /session/121b5910f067d4d1941a4df48d2c59fa/element - {"using":"xpath","value":"//section[contains(@id,\"FC-NoHead\")]/div[1]/div[5]/div[2]/span"}
RESULT: {"using":"xpath","value":"//section[contains(@id,\"FC-NoHead\")]/div[1]/div[5]/div[2]/span"}
COMMAND: POST /session/121b5910f067d4d1941a4df48d2c59fa/elements - {"using":"xpath","value":"//section[contains(@id,\"FC-NoHead\")]/div[1]/div[5]/div[2]/span"}
RESULT: {"using":"xpath","value":"//section[contains(@id,\"FC-NoHead\")]/div[1]/div[5]/div[2]/span"}
COMMAND: POST /session/121b5910f067d4d1941a4df48d2c59fa/execute/sync - {"script":"<script> [56 bytes]","args":[{"element-6066-11e4-a52e-4f735466cecf":"f.F80EBE20359F196FC2F6F7CC51ACB296.d.36E3094E0630FD18BA988BABA9FD9494.e.11335","ELEMENT":"f.F80EBE20359F196FC2F6F7CC51ACB296.d.36E3094E0630FD18BA988BABA9FD9494.e.11335"}]}
RESULT: {"script":"<script> [56 bytes]","args":[{"element-6066-11e4-a52e-4f735466cecf":"f.F80EBE20359F196FC2F6F7CC51ACB296.d.36E3094E0630FD18BA988BABA9FD9494.e.11335","ELEMENT":"f.F80EBE20359F196FC2F6F7CC51ACB296.d.36E3094E0630FD18BA988BABA9FD9494.e.11335"}]}
COMMAND: POST /session/121b5910f067d4d1941a4df48d2c59fa/actions - {"actions":[{"id":"action36","type":"key","parameters":{},"actions":[{"type":"keyDown","value":"î€‡"},{"type":"pause","duration":10},{"type":"keyUp","value":"î€‡"}]}]}
COMMAND: GET /session/121b5910f067d4d1941a4df48d2c59fa/screenshot - {}
RESULT: {"actions":[{"id":"action36","type":"key","parameters":{},"actions":[{"type":"keyDown","value":"î€‡"},{"type":"pause","duration":10},{"type":"keyUp","value":"î€‡"}]}]}
COMMAND: POST /session/121b5910f067d4d1941a4df48d2c59fa/execute/async - {"script":"<script> [1562 bytes]","args":[{"selector":{"id":"application-warehousemovements-display-component---executeMovement--executeId","interaction":{"idSuffix":"BDI-content"}},"wdio_ui5_key":"applicationwarehousemovements-display-component---executeMovement--executeId"}]}
COMMAND: GET /session/121b5910f067d4d1941a4df48d2c59fa/screenshot - {}
RESULT: {}
RESULT: {"script":"<script> [1562 bytes]","args":[{"selector":{"id":"application-warehousemovements-display-component---executeMovement--executeId","interaction":{"idSuffix":"BDI-content"}},"wdio_ui5_key":"applicationwarehousemovements-display-component---executeMovement--executeId"}]}
RESULT: undefined
COMMAND: POST /session/121b5910f067d4d1941a4df48d2c59fa/element - {"using":"xpath","value":"//*[@id=\"application-warehousemovements-display-component---executeMovement--executeId\"]"}
RESULT: {}
RESULT: {"using":"xpath","value":"//*[@id=\"application-warehousemovements-display-component---executeMovement--executeId\"]"}
COMMAND: POST /session/121b5910f067d4d1941a4df48d2c59fa/element/f.F80EBE20359F196FC2F6F7CC51ACB296.d.36E3094E0630FD18BA988BABA9FD9494.e.11293/click - {}
RESULT: {}
COMMAND: GET /session/121b5910f067d4d1941a4df48d2c59fa/screenshot - {}
RESULT: {}
COMMAND: POST /session/121b5910f067d4d1941a4df48d2c59fa/element - {"using":"css selector","value":"#shell-header-logo"}
RESULT: {"using":"css selector","value":"#shell-header-logo"}
COMMAND: POST /session/121b5910f067d4d1941a4df48d2c59fa/element/f.F80EBE20359F196FC2F6F7CC51ACB296.d.36E3094E0630FD18BA988BABA9FD9494.e.10083/click - {}
RESULT: {}
COMMAND: GET /session/121b5910f067d4d1941a4df48d2c59fa/screenshot - {}
RESULT: {}
RESULT: undefined
COMMAND: POST /session/121b5910f067d4d1941a4df48d2c59fa/element - {"using":"xpath","value":"//*[@id=\"__tile133\"]"}
RESULT: {"using":"xpath","value":"//*[@id=\"__tile133\"]"}
COMMAND: POST /session/121b5910f067d4d1941a4df48d2c59fa/element/f.F80EBE20359F196FC2F6F7CC51ACB296.d.36E3094E0630FD18BA988BABA9FD9494.e.8578/click - {}
RESULT: {}
COMMAND: GET /session/121b5910f067d4d1941a4df48d2c59fa/screenshot - {}
RESULT: {}
COMMAND: POST /session/121b5910f067d4d1941a4df48d2c59fa/elements - {"using":"xpath","value":"//span[text()='Error']"}
RESULT: {"using":"xpath","value":"//span[text()='Error']"}
COMMAND: POST /session/121b5910f067d4d1941a4df48d2c59fa/execute/async - {"script":"<script> [1562 bytes]","args":[{"selector":{"controlType":"sap.m.SearchField","viewName":"etm.portal.ui.managehandovers.view.MasterHO","bindingPath":{"propertyPath":"/_BASIC_SEARCH_FIELD","modelName":"fi1t3rM0d31"},"interaction":{"idSuffix":"I"}},"wdio_ui5_key":"etmportal.ui.managehandovers.view.MasterHOsap.m.SearchField{\"propertyPath\":\"/_BASIC_SEARCH_FIELD\",\"modelName\":\"fi1t3rM0d31\"}"}]}
RESULT: {"script":"<script> [1562 bytes]","args":[{"selector":{"controlType":"sap.m.SearchField","viewName":"etm.portal.ui.managehandovers.view.MasterHO","bindingPath":{"propertyPath":"/_BASIC_SEARCH_FIELD","modelName":"fi1t3rM0d31"},"interaction":{"idSuffix":"I"}},"wdio_ui5_key":"etmportal.ui.managehandovers.view.MasterHOsap.m.SearchField{\"propertyPath\":\"/_BASIC_SEARCH_FIELD\",\"modelName\":\"fi1t3rM0d31\"}"}]}
RESULT: undefined
COMMAND: POST /session/121b5910f067d4d1941a4df48d2c59fa/execute/async - {"script":"<script> [776 bytes]","args":[{"enterText":"30505","selector":{"controlType":"sap.m.SearchField","viewName":"etm.portal.ui.managehandovers.view.MasterHO","bindingPath":{"propertyPath":"/_BASIC_SEARCH_FIELD","modelName":"fi1t3rM0d31"},"interaction":{"idSuffix":"I"}},"clearTextFirst":true,"interactionType":"ENTER_TEXT"}]}
RESULT: {"script":"<script> [776 bytes]","args":[{"enterText":"30505","selector":{"controlType":"sap.m.SearchField","viewName":"etm.portal.ui.managehandovers.view.MasterHO","bindingPath":{"propertyPath":"/_BASIC_SEARCH_FIELD","modelName":"fi1t3rM0d31"},"interaction":{"idSuffix":"I"}},"clearTextFirst":true,"interactionType":"ENTER_TEXT"}]}
COMMAND: POST /session/121b5910f067d4d1941a4df48d2c59fa/actions - {"actions":[{"id":"action37","type":"key","parameters":{},"actions":[{"type":"keyDown","value":"î€‡"},{"type":"pause","duration":10},{"type":"keyUp","value":"î€‡"}]}]}
RESULT: {"actions":[{"id":"action37","type":"key","parameters":{},"actions":[{"type":"keyDown","value":"î€‡"},{"type":"pause","duration":10},{"type":"keyUp","value":"î€‡"}]}]}
COMMAND: GET /session/121b5910f067d4d1941a4df48d2c59fa/screenshot - {}
RESULT: {}
COMMAND: POST /session/121b5910f067d4d1941a4df48d2c59fa/execute/async - {"script":"<script> [1562 bytes]","args":[{"selector":{"controlType":"sap.ui.core.Icon","viewName":"etm.portal.ui.managehandovers.view.MasterHO","properties":{"src":{"regex":{"source":"slim\\-arrow\\-right"}}}},"wdio_ui5_key":"etmportal.ui.managehandovers.view.MasterHOsap.ui.core.Icon{\"src\":{\"regex\":{\"source\":\"slim\\\\-arrow\\\\-right\"}}}"}]}
RESULT: {"script":"<script> [1562 bytes]","args":[{"selector":{"controlType":"sap.ui.core.Icon","viewName":"etm.portal.ui.managehandovers.view.MasterHO","properties":{"src":{"regex":{"source":"slim\\-arrow\\-right"}}}},"wdio_ui5_key":"etmportal.ui.managehandovers.view.MasterHOsap.ui.core.Icon{\"src\":{\"regex\":{\"source\":\"slim\\\\-arrow\\\\-right\"}}}"}]}
RESULT: undefined
COMMAND: POST /session/121b5910f067d4d1941a4df48d2c59fa/element - {"using":"xpath","value":"//*[@id=\"__item1530-__clone2938-imgNav\"]"}
RESULT: {"using":"xpath","value":"//*[@id=\"__item1530-__clone2938-imgNav\"]"}
COMMAND: POST /session/121b5910f067d4d1941a4df48d2c59fa/element/f.F80EBE20359F196FC2F6F7CC51ACB296.d.36E3094E0630FD18BA988BABA9FD9494.e.11647/click - {}
RESULT: {}
COMMAND: GET /session/121b5910f067d4d1941a4df48d2c59fa/screenshot - {}
RESULT: {}
COMMAND: POST /session/121b5910f067d4d1941a4df48d2c59fa/execute/async - {"script":"<script> [1562 bytes]","args":[{"selector":{"controlType":"sap.m.Button","viewName":"etm.portal.ui.managehandovers.view.DetailExecuteHO","i18NText":{"propertyName":"text","key":"confirmAll"},"interaction":{"idSuffix":"BDI-content"}},"wdio_ui5_key":"etmportal.ui.managehandovers.view.DetailExecuteHOsap.m.Button{\"propertyName\":\"text\",\"key\":\"confirmAll\"}"}]}
RESULT: {"script":"<script> [1562 bytes]","args":[{"selector":{"controlType":"sap.m.Button","viewName":"etm.portal.ui.managehandovers.view.DetailExecuteHO","i18NText":{"propertyName":"text","key":"confirmAll"},"interaction":{"idSuffix":"BDI-content"}},"wdio_ui5_key":"etmportal.ui.managehandovers.view.DetailExecuteHOsap.m.Button{\"propertyName\":\"text\",\"key\":\"confirmAll\"}"}]}
RESULT: undefined
COMMAND: POST /session/121b5910f067d4d1941a4df48d2c59fa/element - {"using":"xpath","value":"//*[@id=\"__button280\"]"}
RESULT: {"using":"xpath","value":"//*[@id=\"__button280\"]"}
COMMAND: POST /session/121b5910f067d4d1941a4df48d2c59fa/element/f.F80EBE20359F196FC2F6F7CC51ACB296.d.36E3094E0630FD18BA988BABA9FD9494.e.11731/click - {}
RESULT: {}
COMMAND: GET /session/121b5910f067d4d1941a4df48d2c59fa/screenshot - {}
RESULT: {}
COMMAND: POST /session/121b5910f067d4d1941a4df48d2c59fa/actions - {"actions":[{"id":"action38","type":"key","parameters":{},"actions":[{"type":"keyDown","value":"î€‡"},{"type":"pause","duration":10},{"type":"keyUp","value":"î€‡"}]}]}
RESULT: {"actions":[{"id":"action38","type":"key","parameters":{},"actions":[{"type":"keyDown","value":"î€‡"},{"type":"pause","duration":10},{"type":"keyUp","value":"î€‡"}]}]}
COMMAND: GET /session/121b5910f067d4d1941a4df48d2c59fa/screenshot - {}
RESULT: {}
COMMAND: POST /session/121b5910f067d4d1941a4df48d2c59fa/element - {"using":"xpath","value":"//button[@data-kt=\"execHoIssueButton\"]"}
RESULT: {"using":"xpath","value":"//button[@data-kt=\"execHoIssueButton\"]"}
COMMAND: POST /session/121b5910f067d4d1941a4df48d2c59fa/element/f.F80EBE20359F196FC2F6F7CC51ACB296.d.36E3094E0630FD18BA988BABA9FD9494.e.11738/click - {}
RESULT: {}
COMMAND: GET /session/121b5910f067d4d1941a4df48d2c59fa/screenshot - {}
RESULT: {}
RESULT: undefined
COMMAND: POST /session/121b5910f067d4d1941a4df48d2c59fa/execute/async - {"script":"<script> [776 bytes]","args":[{"enterText":"30505","selector":{"controlType":"sap.m.SearchField","viewName":"etm.portal.ui.managehandovers.view.MasterHO","bindingPath":{"propertyPath":"/_BASIC_SEARCH_FIELD","modelName":"fi1t3rM0d31"},"interaction":{"idSuffix":"I"}},"clearTextFirst":true,"interactionType":"ENTER_TEXT"}]}
RESULT: {"script":"<script> [776 bytes]","args":[{"enterText":"30505","selector":{"controlType":"sap.m.SearchField","viewName":"etm.portal.ui.managehandovers.view.MasterHO","bindingPath":{"propertyPath":"/_BASIC_SEARCH_FIELD","modelName":"fi1t3rM0d31"},"interaction":{"idSuffix":"I"}},"clearTextFirst":true,"interactionType":"ENTER_TEXT"}]}
COMMAND: POST /session/121b5910f067d4d1941a4df48d2c59fa/actions - {"actions":[{"id":"action39","type":"key","parameters":{},"actions":[{"type":"keyDown","value":"î€‡"},{"type":"pause","duration":10},{"type":"keyUp","value":"î€‡"}]}]}
RESULT: {"actions":[{"id":"action39","type":"key","parameters":{},"actions":[{"type":"keyDown","value":"î€‡"},{"type":"pause","duration":10},{"type":"keyUp","value":"î€‡"}]}]}
COMMAND: GET /session/121b5910f067d4d1941a4df48d2c59fa/screenshot - {}
RESULT: {}
COMMAND: POST /session/121b5910f067d4d1941a4df48d2c59fa/element - {"using":"xpath","value":"//span[(text() = '30505' or . = '30505')]"}
RESULT: {"using":"xpath","value":"//span[(text() = '30505' or . = '30505')]"}
COMMAND: POST /session/121b5910f067d4d1941a4df48d2c59fa/element/f.F80EBE20359F196FC2F6F7CC51ACB296.d.36E3094E0630FD18BA988BABA9FD9494.e.11782/click - {}
RESULT: {}
COMMAND: GET /session/121b5910f067d4d1941a4df48d2c59fa/screenshot - {}
RESULT: {}
COMMAND: POST /session/121b5910f067d4d1941a4df48d2c59fa/element - {"using":"xpath","value":"//span[contains(text(), \"Instructions\")]"}
RESULT: {"using":"xpath","value":"//span[contains(text(), \"Instructions\")]"}
COMMAND: POST /session/121b5910f067d4d1941a4df48d2c59fa/element/f.F80EBE20359F196FC2F6F7CC51ACB296.d.36E3094E0630FD18BA988BABA9FD9494.e.11823/click - {}
RESULT: {}
COMMAND: GET /session/121b5910f067d4d1941a4df48d2c59fa/screenshot - {}
RESULT: {}
COMMAND: POST /session/121b5910f067d4d1941a4df48d2c59fa/element - {"using":"xpath","value":"//span[contains(text(), \"Instructions\")]"}
RESULT: {"using":"xpath","value":"//span[contains(text(), \"Instructions\")]"}
COMMAND: POST /session/121b5910f067d4d1941a4df48d2c59fa/element/f.F80EBE20359F196FC2F6F7CC51ACB296.d.36E3094E0630FD18BA988BABA9FD9494.e.11823/click - {}
RESULT: {}
COMMAND: GET /session/121b5910f067d4d1941a4df48d2c59fa/screenshot - {}
RESULT: {}
COMMAND: POST /session/121b5910f067d4d1941a4df48d2c59fa/execute/async - {"script":"<script> [1562 bytes]","args":[{"selector":{"controlType":"sap.m.ComboBox","viewName":"etm.portal.ui.managehandovers.view.DetailExecuteHO","bindingPath":{"propertyPath":"RECEIVING_SECTION","modelName":"catalogModel"},"interaction":{"idSuffix":"inner"}},"wdio_ui5_key":"etmportal.ui.managehandovers.view.DetailExecuteHOsap.m.ComboBox{\"propertyPath\":\"RECEIVING_SECTION\",\"modelName\":\"catalogModel\"}"}]}
RESULT: {"script":"<script> [1562 bytes]","args":[{"selector":{"controlType":"sap.m.ComboBox","viewName":"etm.portal.ui.managehandovers.view.DetailExecuteHO","bindingPath":{"propertyPath":"RECEIVING_SECTION","modelName":"catalogModel"},"interaction":{"idSuffix":"inner"}},"wdio_ui5_key":"etmportal.ui.managehandovers.view.DetailExecuteHOsap.m.ComboBox{\"propertyPath\":\"RECEIVING_SECTION\",\"modelName\":\"catalogModel\"}"}]}
RESULT: undefined
COMMAND: POST /session/121b5910f067d4d1941a4df48d2c59fa/execute/async - {"script":"<script> [776 bytes]","args":[{"enterText":"WDIO-2195","selector":{"controlType":"sap.m.ComboBox","viewName":"etm.portal.ui.managehandovers.view.DetailExecuteHO","bindingPath":{"propertyPath":"RECEIVING_SECTION","modelName":"catalogModel"},"interaction":{"idSuffix":"inner"}},"clearTextFirst":true,"interactionType":"ENTER_TEXT"}]}
RESULT: {"script":"<script> [776 bytes]","args":[{"enterText":"WDIO-2195","selector":{"controlType":"sap.m.ComboBox","viewName":"etm.portal.ui.managehandovers.view.DetailExecuteHO","bindingPath":{"propertyPath":"RECEIVING_SECTION","modelName":"catalogModel"},"interaction":{"idSuffix":"inner"}},"clearTextFirst":true,"interactionType":"ENTER_TEXT"}]}
COMMAND: POST /session/121b5910f067d4d1941a4df48d2c59fa/actions - {"actions":[{"id":"action40","type":"key","parameters":{},"actions":[{"type":"keyDown","value":"î€‡"},{"type":"pause","duration":10},{"type":"keyUp","value":"î€‡"}]}]}
RESULT: {"actions":[{"id":"action40","type":"key","parameters":{},"actions":[{"type":"keyDown","value":"î€‡"},{"type":"pause","duration":10},{"type":"keyUp","value":"î€‡"}]}]}
COMMAND: GET /session/121b5910f067d4d1941a4df48d2c59fa/screenshot - {}
RESULT: {}
COMMAND: POST /session/121b5910f067d4d1941a4df48d2c59fa/element - {"using":"xpath","value":"//button[@data-kt= \"execHoReceiveButton\"]"}
RESULT: {"using":"xpath","value":"//button[@data-kt= \"execHoReceiveButton\"]"}
COMMAND: POST /session/121b5910f067d4d1941a4df48d2c59fa/element/f.F80EBE20359F196FC2F6F7CC51ACB296.d.36E3094E0630FD18BA988BABA9FD9494.e.11828/click - {}
RESULT: {}
COMMAND: GET /session/121b5910f067d4d1941a4df48d2c59fa/screenshot - {}
RESULT: {}
COMMAND: POST /session/121b5910f067d4d1941a4df48d2c59fa/execute/async - {"script":"<script> [1562 bytes]","args":[{"selector":{"controlType":"sap.m.Button","properties":{"text":"Continue"},"searchOpenDialogs":true,"interaction":{"idSuffix":"content"}},"wdio_ui5_key":"sapm.Button{\"text\":\"Continue\"}"}]}
RESULT: {"script":"<script> [1562 bytes]","args":[{"selector":{"controlType":"sap.m.Button","properties":{"text":"Continue"},"searchOpenDialogs":true,"interaction":{"idSuffix":"content"}},"wdio_ui5_key":"sapm.Button{\"text\":\"Continue\"}"}]}
RESULT: undefined
COMMAND: POST /session/121b5910f067d4d1941a4df48d2c59fa/element - {"using":"xpath","value":"//*[@id=\"__mbox-btn-6\"]"}
RESULT: {"using":"xpath","value":"//*[@id=\"__mbox-btn-6\"]"}
COMMAND: POST /session/121b5910f067d4d1941a4df48d2c59fa/element/f.F80EBE20359F196FC2F6F7CC51ACB296.d.36E3094E0630FD18BA988BABA9FD9494.e.11829/click - {}
RESULT: {}
COMMAND: GET /session/121b5910f067d4d1941a4df48d2c59fa/screenshot - {}
RESULT: {}
COMMAND: POST /session/121b5910f067d4d1941a4df48d2c59fa/element - {"using":"css selector","value":"#shell-header-logo"}
RESULT: {"using":"css selector","value":"#shell-header-logo"}
COMMAND: POST /session/121b5910f067d4d1941a4df48d2c59fa/element/f.F80EBE20359F196FC2F6F7CC51ACB296.d.36E3094E0630FD18BA988BABA9FD9494.e.11401/click - {}
RESULT: {}
COMMAND: GET /session/121b5910f067d4d1941a4df48d2c59fa/screenshot - {}
RESULT: {}
COMMAND: POST /session/121b5910f067d4d1941a4df48d2c59fa/element - {"using":"css selector","value":"#j_username"}
COMMAND: POST /session/121b5910f067d4d1941a4df48d2c59fa/url - {"url":"https://qa-testing-00-live-etm-ui.cfapps.eu10-004.hana.ondemand.com/"}
RESULT: {"using":"css selector","value":"#j_username"}
COMMAND: POST /session/121b5910f067d4d1941a4df48d2c59fa/element - {"using":"css selector","value":"#j_username"}
RESULT: {"url":"https://qa-testing-00-live-etm-ui.cfapps.eu10-004.hana.ondemand.com/"}
RESULT: undefined
COMMAND: GET /session/121b5910f067d4d1941a4df48d2c59fa/screenshot - {}
RESULT: {"using":"css selector","value":"#j_username"}
COMMAND: POST /session/121b5910f067d4d1941a4df48d2c59fa/element - {"using":"css selector","value":"#shell-header-logo"}
RESULT: {}
RESULT: {"using":"css selector","value":"#shell-header-logo"}
COMMAND: POST /session/121b5910f067d4d1941a4df48d2c59fa/execute/sync - {"script":"<script> [8489 bytes]","args":[{"element-6066-11e4-a52e-4f735466cecf":"f.F80EBE20359F196FC2F6F7CC51ACB296.d.92D95F3244B4BE366BC8874E2209F09C.e.11889","ELEMENT":"f.F80EBE20359F196FC2F6F7CC51ACB296.d.92D95F3244B4BE366BC8874E2209F09C.e.11889"}]}
RESULT: {"script":"<script> [8489 bytes]","args":[{"element-6066-11e4-a52e-4f735466cecf":"f.F80EBE20359F196FC2F6F7CC51ACB296.d.92D95F3244B4BE366BC8874E2209F09C.e.11889","ELEMENT":"f.F80EBE20359F196FC2F6F7CC51ACB296.d.92D95F3244B4BE366BC8874E2209F09C.e.11889"}]}
COMMAND: POST /session/121b5910f067d4d1941a4df48d2c59fa/element - {"using":"css selector","value":"#shell-header-logo"}
COMMAND: GET /session/121b5910f067d4d1941a4df48d2c59fa/screenshot - {}
RESULT: {"using":"css selector","value":"#shell-header-logo"}
COMMAND: POST /session/121b5910f067d4d1941a4df48d2c59fa/execute/sync - {"script":"<script> [8489 bytes]","args":[{"element-6066-11e4-a52e-4f735466cecf":"f.F80EBE20359F196FC2F6F7CC51ACB296.d.92D95F3244B4BE366BC8874E2209F09C.e.11889","ELEMENT":"f.F80EBE20359F196FC2F6F7CC51ACB296.d.92D95F3244B4BE366BC8874E2209F09C.e.11889"}]}
RESULT: {}
RESULT: {"script":"<script> [8489 bytes]","args":[{"element-6066-11e4-a52e-4f735466cecf":"f.F80EBE20359F196FC2F6F7CC51ACB296.d.92D95F3244B4BE366BC8874E2209F09C.e.11889","ELEMENT":"f.F80EBE20359F196FC2F6F7CC51ACB296.d.92D95F3244B4BE366BC8874E2209F09C.e.11889"}]}
COMMAND: POST /session/121b5910f067d4d1941a4df48d2c59fa/execute/sync - {"script":"<script> [5351 bytes]","args":[{"element-6066-11e4-a52e-4f735466cecf":"f.F80EBE20359F196FC2F6F7CC51ACB296.d.92D95F3244B4BE366BC8874E2209F09C.e.11889","ELEMENT":"f.F80EBE20359F196FC2F6F7CC51ACB296.d.92D95F3244B4BE366BC8874E2209F09C.e.11889"}]}
COMMAND: GET /session/121b5910f067d4d1941a4df48d2c59fa/screenshot - {}
RESULT: {"script":"<script> [5351 bytes]","args":[{"element-6066-11e4-a52e-4f735466cecf":"f.F80EBE20359F196FC2F6F7CC51ACB296.d.92D95F3244B4BE366BC8874E2209F09C.e.11889","ELEMENT":"f.F80EBE20359F196FC2F6F7CC51ACB296.d.92D95F3244B4BE366BC8874E2209F09C.e.11889"}]}
COMMAND: POST /session/121b5910f067d4d1941a4df48d2c59fa/element - {"using":"css selector","value":"#shell-header-logo"}
COMMAND: GET /session/121b5910f067d4d1941a4df48d2c59fa/screenshot - {}
RESULT: {}
RESULT: {"using":"css selector","value":"#shell-header-logo"}
COMMAND: POST /session/121b5910f067d4d1941a4df48d2c59fa/element/f.F80EBE20359F196FC2F6F7CC51ACB296.d.92D95F3244B4BE366BC8874E2209F09C.e.11889/click - {}
RESULT: {}
RESULT: {}
COMMAND: GET /session/121b5910f067d4d1941a4df48d2c59fa/screenshot - {}
RESULT: {}
COMMAND: POST /session/121b5910f067d4d1941a4df48d2c59fa/execute/async - {"script":"<script> [189 bytes]","args":[]}
RESULT: {"script":"<script> [189 bytes]","args":[]}
COMMAND: POST /session/121b5910f067d4d1941a4df48d2c59fa/execute/async - {"script":"<script> [123 bytes]","args":[]}
RESULT: {"script":"<script> [123 bytes]","args":[]}
COMMAND: POST /session/121b5910f067d4d1941a4df48d2c59fa/timeouts - {"script":"<number>"}
RESULT: {"script":"<number>"}
COMMAND: GET /session/121b5910f067d4d1941a4df48d2c59fa/timeouts - {}
RESULT: {}
RESULT: undefined
COMMAND: POST /session/121b5910f067d4d1941a4df48d2c59fa/execute/async - {"script":"<script> [2676 bytes]","args":[]}
RESULT: {"script":"<script> [2676 bytes]","args":[]}
COMMAND: POST /session/121b5910f067d4d1941a4df48d2c59fa/execute/async - {"script":"<script> [2342 bytes]","args":[{"protocol":"http","hostname":"0.0.0.0","path":"/","capabilities":{"browserName":"chrome","goog:chromeOptions":{"binary":"C:\\Program Files\\Google\\Chrome\\Application\\chrome.exe","args":["--start-maximized"]}},"logLevel":"warn","connectionRetryTimeout":120000,"connectionRetryCount":3,"logLevels":{},"enableDirectConnect":true,"strictSSL":true,"_":"65 more keys: [\"cacheDir\",\"port\",\"requestedCapabilities\",\"automationProtocol\",\"baseUrl\",\"waitforInterval\",\"waitforTimeout\",\"onReload\",\"beforeCommand\",\"afterCommand\",\"rootDir\",\"specs\",\"suites\",\"exclude\",\"groupLogsByTestSpec\",\"excludeDriverLogs\",\"bail\",\"framework\",\"reporters\",\"services\",\"maxInstances\",\"maxInstancesPerCapability\",\"injectGlobals\",\"filesToWatch\",\"execArgv\",\"runnerEnv\",\"runner\",\"shard\",\"specFileRetries\",\"specFileRetriesDelay\",\"specFileRetriesDeferred\",\"reporterSyncInterval\",\"reporterSyncTimeout\",\"cucumberFeaturesWithLineNumbers\",\"autoCompileOpts\",\"mochaOpts\",\"jasmineOpts\",\"cucumberOpts\",\"onPrepare\",\"onWorkerStart\",\"onWorkerEnd\",\"before\",\"beforeSession\",\"beforeSuite\",\"beforeHook\",\"beforeTest\",\"afterTest\",\"afterHook\",\"afterSuite\",\"afterSession\",\"after\",\"onComplete\",\"beforeAssertion\",\"afterAssertion\",\"beforeFeature\",\"beforeScenario\",\"beforeStep\",\"afterStep\",\"afterScenario\",\"afterFeature\",\"_\",\"suite\",\"$0\",\"ignoredWorkerServices\",\"wdi5\"]"}]}
RESULT: {"script":"<script> [2342 bytes]","args":[{"protocol":"http","hostname":"0.0.0.0","path":"/","capabilities":{"browserName":"chrome","goog:chromeOptions":{"binary":"C:\\Program Files\\Google\\Chrome\\Application\\chrome.exe","args":["--start-maximized"]}},"logLevel":"warn","connectionRetryTimeout":120000,"connectionRetryCount":3,"logLevels":{},"enableDirectConnect":true,"strictSSL":true,"_":"65 more keys: [\"cacheDir\",\"port\",\"requestedCapabilities\",\"automationProtocol\",\"baseUrl\",\"waitforInterval\",\"waitforTimeout\",\"onReload\",\"beforeCommand\",\"afterCommand\",\"rootDir\",\"specs\",\"suites\",\"exclude\",\"groupLogsByTestSpec\",\"excludeDriverLogs\",\"bail\",\"framework\",\"reporters\",\"services\",\"maxInstances\",\"maxInstancesPerCapability\",\"injectGlobals\",\"filesToWatch\",\"execArgv\",\"runnerEnv\",\"runner\",\"shard\",\"specFileRetries\",\"specFileRetriesDelay\",\"specFileRetriesDeferred\",\"reporterSyncInterval\",\"reporterSyncTimeout\",\"cucumberFeaturesWithLineNumbers\",\"autoCompileOpts\",\"mochaOpts\",\"jasmineOpts\",\"cucumberOpts\",\"onPrepare\",\"onWorkerStart\",\"onWorkerEnd\",\"before\",\"beforeSession\",\"beforeSuite\",\"beforeHook\",\"beforeTest\",\"afterTest\",\"afterHook\",\"afterSuite\",\"afterSession\",\"after\",\"onComplete\",\"beforeAssertion\",\"afterAssertion\",\"beforeFeature\",\"beforeScenario\",\"beforeStep\",\"afterStep\",\"afterScenario\",\"afterFeature\",\"_\",\"suite\",\"$0\",\"ignoredWorkerServices\",\"wdi5\"]"}]}
COMMAND: POST /session/121b5910f067d4d1941a4df48d2c59fa/execute/async - {"script":"<script> [21126 bytes]","args":[35000]}
RESULT: {"script":"<script> [21126 bytes]","args":[35000]}
COMMAND: POST /session/121b5910f067d4d1941a4df48d2c59fa/window/maximize - {}
RESULT: {}
COMMAND: POST /session/121b5910f067d4d1941a4df48d2c59fa/execute/async - {"script":"<script> [1562 bytes]","args":[{"selector":{"id":"shell-header","interaction":{"idSuffix":"icon"}},"wdio_ui5_key":"shellheader"}]}
COMMAND: GET /session/121b5910f067d4d1941a4df48d2c59fa/screenshot - {}
RESULT: {"script":"<script> [1562 bytes]","args":[{"selector":{"id":"shell-header","interaction":{"idSuffix":"icon"}},"wdio_ui5_key":"shellheader"}]}
RESULT: undefined
COMMAND: POST /session/121b5910f067d4d1941a4df48d2c59fa/window/fullscreen - {}
RESULT: {}
RESULT: {}
]]></system-out>
    </testcase>
  </testsuite>
  <testsuite timestamp="2025-05-16T06:14:30" time="452.705" tests="4" failures="1" errors="1" skipped="0">
    <properties>
      <property name="specId" value="0" />
      <property name="suiteName" value="Provide to Site w/o warehouse management w/ clarification US116605" />
      <property name="capabilities" value="chrome.136_0_7103_93.windows" />
      <property name="file" value="file:///D:/a/1/s/test/specs/HTR/provide-to-site-wo-warehouse-w-clarification.spec.js" />
    </properties>
    <testcase classname="chrome.136_0_7103_93.windows.Provide_to_Site_w/o_warehouse_management_w/_clarification_US116605" name="Should create a new yard" time="132.347">
      <system-out><![CDATA[
COMMAND: POST /session/121b5910f067d4d1941a4df48d2c59fa/window/fullscreen - {}
RESULT: {}
COMMAND: POST /session/121b5910f067d4d1941a4df48d2c59fa/execute/async - {"script":"<script> [1562 bytes]","args":[{"selector":{"controlType":"sap.m.GenericTile","properties":{"header":"Manage Yards"}},"wdio_ui5_key":"sapm.GenericTile{\"header\":\"Manage Yards\"}"}]}
RESULT: {"script":"<script> [1562 bytes]","args":[{"selector":{"controlType":"sap.m.GenericTile","properties":{"header":"Manage Yards"}},"wdio_ui5_key":"sapm.GenericTile{\"header\":\"Manage Yards\"}"}]}
RESULT: undefined
COMMAND: POST /session/121b5910f067d4d1941a4df48d2c59fa/element - {"using":"xpath","value":"//*[@id=\"__tile33\"]"}
RESULT: {"using":"xpath","value":"//*[@id=\"__tile33\"]"}
COMMAND: POST /session/121b5910f067d4d1941a4df48d2c59fa/element/f.F80EBE20359F196FC2F6F7CC51ACB296.d.92D95F3244B4BE366BC8874E2209F09C.e.11911/click - {}
RESULT: {}
COMMAND: GET /session/121b5910f067d4d1941a4df48d2c59fa/screenshot - {}
COMMAND: POST /session/121b5910f067d4d1941a4df48d2c59fa/elements - {"using":"xpath","value":"//span[text()='Error']"}
RESULT: {}
RESULT: {"using":"xpath","value":"//span[text()='Error']"}
COMMAND: POST /session/121b5910f067d4d1941a4df48d2c59fa/element - {"using":"xpath","value":"//button[@data-kt=\"addNewYardOverflowToolbarButton\"]"}
RESULT: {"using":"xpath","value":"//button[@data-kt=\"addNewYardOverflowToolbarButton\"]"}
COMMAND: POST /session/121b5910f067d4d1941a4df48d2c59fa/elements - {"using":"xpath","value":"//button[@data-kt=\"addNewYardOverflowToolbarButton\"]"}
RESULT: {"using":"xpath","value":"//button[@data-kt=\"addNewYardOverflowToolbarButton\"]"}
COMMAND: POST /session/121b5910f067d4d1941a4df48d2c59fa/execute/sync - {"script":"<script> [8489 bytes]","args":[{"element-6066-11e4-a52e-4f735466cecf":"f.F80EBE20359F196FC2F6F7CC51ACB296.d.92D95F3244B4BE366BC8874E2209F09C.e.12048","ELEMENT":"f.F80EBE20359F196FC2F6F7CC51ACB296.d.92D95F3244B4BE366BC8874E2209F09C.e.12048"}]}
RESULT: {"script":"<script> [8489 bytes]","args":[{"element-6066-11e4-a52e-4f735466cecf":"f.F80EBE20359F196FC2F6F7CC51ACB296.d.92D95F3244B4BE366BC8874E2209F09C.e.12048","ELEMENT":"f.F80EBE20359F196FC2F6F7CC51ACB296.d.92D95F3244B4BE366BC8874E2209F09C.e.12048"}]}
COMMAND: GET /session/121b5910f067d4d1941a4df48d2c59fa/element/f.F80EBE20359F196FC2F6F7CC51ACB296.d.92D95F3244B4BE366BC8874E2209F09C.e.12048/enabled - {}
COMMAND: GET /session/121b5910f067d4d1941a4df48d2c59fa/screenshot - {}
RESULT: {}
COMMAND: POST /session/121b5910f067d4d1941a4df48d2c59fa/execute/sync - {"script":"<script> [8489 bytes]","args":[{"element-6066-11e4-a52e-4f735466cecf":"f.F80EBE20359F196FC2F6F7CC51ACB296.d.92D95F3244B4BE366BC8874E2209F09C.e.12048","ELEMENT":"f.F80EBE20359F196FC2F6F7CC51ACB296.d.92D95F3244B4BE366BC8874E2209F09C.e.12048"}]}
COMMAND: GET /session/121b5910f067d4d1941a4df48d2c59fa/screenshot - {}
RESULT: {}
RESULT: {"script":"<script> [8489 bytes]","args":[{"element-6066-11e4-a52e-4f735466cecf":"f.F80EBE20359F196FC2F6F7CC51ACB296.d.92D95F3244B4BE366BC8874E2209F09C.e.12048","ELEMENT":"f.F80EBE20359F196FC2F6F7CC51ACB296.d.92D95F3244B4BE366BC8874E2209F09C.e.12048"}]}
COMMAND: POST /session/121b5910f067d4d1941a4df48d2c59fa/execute/sync - {"script":"<script> [5351 bytes]","args":[{"element-6066-11e4-a52e-4f735466cecf":"f.F80EBE20359F196FC2F6F7CC51ACB296.d.92D95F3244B4BE366BC8874E2209F09C.e.12048","ELEMENT":"f.F80EBE20359F196FC2F6F7CC51ACB296.d.92D95F3244B4BE366BC8874E2209F09C.e.12048"}]}
COMMAND: GET /session/121b5910f067d4d1941a4df48d2c59fa/screenshot - {}
RESULT: {}
RESULT: {"script":"<script> [5351 bytes]","args":[{"element-6066-11e4-a52e-4f735466cecf":"f.F80EBE20359F196FC2F6F7CC51ACB296.d.92D95F3244B4BE366BC8874E2209F09C.e.12048","ELEMENT":"f.F80EBE20359F196FC2F6F7CC51ACB296.d.92D95F3244B4BE366BC8874E2209F09C.e.12048"}]}
COMMAND: POST /session/121b5910f067d4d1941a4df48d2c59fa/element/f.F80EBE20359F196FC2F6F7CC51ACB296.d.92D95F3244B4BE366BC8874E2209F09C.e.12048/click - {}
COMMAND: GET /session/121b5910f067d4d1941a4df48d2c59fa/screenshot - {}
RESULT: {}
RESULT: {}
COMMAND: GET /session/121b5910f067d4d1941a4df48d2c59fa/screenshot - {}
COMMAND: POST /session/121b5910f067d4d1941a4df48d2c59fa/element - {"using":"xpath","value":"//input[@id=\"application-manageyards-display-component---NewYard--yardId-inner\"]"}
RESULT: {}
RESULT: {}
RESULT: {"using":"xpath","value":"//input[@id=\"application-manageyards-display-component---NewYard--yardId-inner\"]"}
COMMAND: POST /session/121b5910f067d4d1941a4df48d2c59fa/element - {"using":"xpath","value":"//input[@id=\"application-manageyards-display-component---NewYard--yardId-inner\"]"}
RESULT: {"using":"xpath","value":"//input[@id=\"application-manageyards-display-component---NewYard--yardId-inner\"]"}
COMMAND: POST /session/121b5910f067d4d1941a4df48d2c59fa/execute/async - {"script":"<script> [1562 bytes]","args":[{"selector":{"id":"application-manageyards-display-component---NewYard--addressDetailDetailsName1","interaction":{"idSuffix":"inner"}},"wdio_ui5_key":"applicationmanageyards-display-component---NewYard--addressDetailDetailsName1"}]}
RESULT: {"script":"<script> [1562 bytes]","args":[{"selector":{"id":"application-manageyards-display-component---NewYard--addressDetailDetailsName1","interaction":{"idSuffix":"inner"}},"wdio_ui5_key":"applicationmanageyards-display-component---NewYard--addressDetailDetailsName1"}]}
RESULT: undefined
COMMAND: POST /session/121b5910f067d4d1941a4df48d2c59fa/execute/async - {"script":"<script> [776 bytes]","args":[{"enterText":"Other Yard WDIO","selector":{"id":"application-manageyards-display-component---NewYard--addressDetailDetailsName1","interaction":{"idSuffix":"inner"}},"clearTextFirst":true,"interactionType":"ENTER_TEXT"}]}
RESULT: {"script":"<script> [776 bytes]","args":[{"enterText":"Other Yard WDIO","selector":{"id":"application-manageyards-display-component---NewYard--addressDetailDetailsName1","interaction":{"idSuffix":"inner"}},"clearTextFirst":true,"interactionType":"ENTER_TEXT"}]}
COMMAND: POST /session/121b5910f067d4d1941a4df48d2c59fa/execute/async - {"script":"<script> [1562 bytes]","args":[{"selector":{"id":"application-manageyards-display-component---NewYard--addressDetailDetailsLanguage-arrow"},"wdio_ui5_key":"applicationmanageyards-display-component---NewYard--addressDetailDetailsLanguage-arrow"}]}
RESULT: {"script":"<script> [1562 bytes]","args":[{"selector":{"id":"application-manageyards-display-component---NewYard--addressDetailDetailsLanguage-arrow"},"wdio_ui5_key":"applicationmanageyards-display-component---NewYard--addressDetailDetailsLanguage-arrow"}]}
RESULT: undefined
COMMAND: POST /session/121b5910f067d4d1941a4df48d2c59fa/element - {"using":"xpath","value":"//*[@id=\"application-manageyards-display-component---NewYard--addressDetailDetailsLanguage-arrow\"]"}
RESULT: {"using":"xpath","value":"//*[@id=\"application-manageyards-display-component---NewYard--addressDetailDetailsLanguage-arrow\"]"}
COMMAND: POST /session/121b5910f067d4d1941a4df48d2c59fa/element/f.F80EBE20359F196FC2F6F7CC51ACB296.d.92D95F3244B4BE366BC8874E2209F09C.e.12469/click - {}
RESULT: {}
COMMAND: POST /session/121b5910f067d4d1941a4df48d2c59fa/element - {"using":"xpath","value":"//span[contains(text(), \"English\")]"}
COMMAND: GET /session/121b5910f067d4d1941a4df48d2c59fa/screenshot - {}
RESULT: {"using":"xpath","value":"//span[contains(text(), \"English\")]"}
COMMAND: POST /session/121b5910f067d4d1941a4df48d2c59fa/element/f.F80EBE20359F196FC2F6F7CC51ACB296.d.92D95F3244B4BE366BC8874E2209F09C.e.12470/click - {}
RESULT: {}
RESULT: {}
COMMAND: POST /session/121b5910f067d4d1941a4df48d2c59fa/execute/async - {"script":"<script> [1562 bytes]","args":[{"selector":{"id":"application-manageyards-display-component---NewYard--addressDetailDetailsCity1","interaction":{"idSuffix":"inner"}},"wdio_ui5_key":"applicationmanageyards-display-component---NewYard--addressDetailDetailsCity1"}]}
COMMAND: GET /session/121b5910f067d4d1941a4df48d2c59fa/screenshot - {}
RESULT: {"script":"<script> [1562 bytes]","args":[{"selector":{"id":"application-manageyards-display-component---NewYard--addressDetailDetailsCity1","interaction":{"idSuffix":"inner"}},"wdio_ui5_key":"applicationmanageyards-display-component---NewYard--addressDetailDetailsCity1"}]}
RESULT: undefined
COMMAND: POST /session/121b5910f067d4d1941a4df48d2c59fa/execute/async - {"script":"<script> [776 bytes]","args":[{"enterText":"Rosario","selector":{"id":"application-manageyards-display-component---NewYard--addressDetailDetailsCity1","interaction":{"idSuffix":"inner"}},"clearTextFirst":true,"interactionType":"ENTER_TEXT"}]}
RESULT: {}
RESULT: {"script":"<script> [776 bytes]","args":[{"enterText":"Rosario","selector":{"id":"application-manageyards-display-component---NewYard--addressDetailDetailsCity1","interaction":{"idSuffix":"inner"}},"clearTextFirst":true,"interactionType":"ENTER_TEXT"}]}
COMMAND: POST /session/121b5910f067d4d1941a4df48d2c59fa/execute/async - {"script":"<script> [1562 bytes]","args":[{"selector":{"id":"application-manageyards-display-component---NewYard--addressDetailDetailsCountry-arrow"},"wdio_ui5_key":"applicationmanageyards-display-component---NewYard--addressDetailDetailsCountry-arrow"}]}
RESULT: {"script":"<script> [1562 bytes]","args":[{"selector":{"id":"application-manageyards-display-component---NewYard--addressDetailDetailsCountry-arrow"},"wdio_ui5_key":"applicationmanageyards-display-component---NewYard--addressDetailDetailsCountry-arrow"}]}
RESULT: undefined
COMMAND: POST /session/121b5910f067d4d1941a4df48d2c59fa/element - {"using":"xpath","value":"//*[@id=\"application-manageyards-display-component---NewYard--addressDetailDetailsCountry-arrow\"]"}
RESULT: {"using":"xpath","value":"//*[@id=\"application-manageyards-display-component---NewYard--addressDetailDetailsCountry-arrow\"]"}
COMMAND: POST /session/121b5910f067d4d1941a4df48d2c59fa/element/f.F80EBE20359F196FC2F6F7CC51ACB296.d.92D95F3244B4BE366BC8874E2209F09C.e.12472/click - {}
RESULT: {}
COMMAND: POST /session/121b5910f067d4d1941a4df48d2c59fa/element - {"using":"xpath","value":"//span[contains(text(), \"Argentina\")]"}
COMMAND: GET /session/121b5910f067d4d1941a4df48d2c59fa/screenshot - {}
RESULT: {"using":"xpath","value":"//span[contains(text(), \"Argentina\")]"}
COMMAND: POST /session/121b5910f067d4d1941a4df48d2c59fa/element/f.F80EBE20359F196FC2F6F7CC51ACB296.d.92D95F3244B4BE366BC8874E2209F09C.e.12473/click - {}
RESULT: {}
RESULT: {}
COMMAND: POST /session/121b5910f067d4d1941a4df48d2c59fa/execute/async - {"script":"<script> [1562 bytes]","args":[{"selector":{"id":"application-manageyards-display-component---NewYard--addressEditDetailsCostObjectCstType-arrow"},"wdio_ui5_key":"applicationmanageyards-display-component---NewYard--addressEditDetailsCostObjectCstType-arrow"}]}
COMMAND: GET /session/121b5910f067d4d1941a4df48d2c59fa/screenshot - {}
RESULT: {"script":"<script> [1562 bytes]","args":[{"selector":{"id":"application-manageyards-display-component---NewYard--addressEditDetailsCostObjectCstType-arrow"},"wdio_ui5_key":"applicationmanageyards-display-component---NewYard--addressEditDetailsCostObjectCstType-arrow"}]}
RESULT: undefined
COMMAND: POST /session/121b5910f067d4d1941a4df48d2c59fa/element - {"using":"xpath","value":"//*[@id=\"application-manageyards-display-component---NewYard--addressEditDetailsCostObjectCstType-arrow\"]"}
RESULT: {}
RESULT: {"using":"xpath","value":"//*[@id=\"application-manageyards-display-component---NewYard--addressEditDetailsCostObjectCstType-arrow\"]"}
COMMAND: POST /session/121b5910f067d4d1941a4df48d2c59fa/element/f.F80EBE20359F196FC2F6F7CC51ACB296.d.92D95F3244B4BE366BC8874E2209F09C.e.12475/click - {}
RESULT: {}
COMMAND: POST /session/121b5910f067d4d1941a4df48d2c59fa/element - {"using":"xpath","value":"//span[contains(text(), \"Cost Center\")]"}
COMMAND: GET /session/121b5910f067d4d1941a4df48d2c59fa/screenshot - {}
RESULT: {"using":"xpath","value":"//span[contains(text(), \"Cost Center\")]"}
COMMAND: POST /session/121b5910f067d4d1941a4df48d2c59fa/element/f.F80EBE20359F196FC2F6F7CC51ACB296.d.92D95F3244B4BE366BC8874E2209F09C.e.12476/click - {}
RESULT: {}
RESULT: {}
COMMAND: GET /session/121b5910f067d4d1941a4df48d2c59fa/screenshot - {}
RESULT: {}
COMMAND: POST /session/121b5910f067d4d1941a4df48d2c59fa/element - {"using":"xpath","value":"//span[@id=\"application-manageyards-display-component---NewYard--addressNewCostObjectCstID-vhi\"]"}
RESULT: {"using":"xpath","value":"//span[@id=\"application-manageyards-display-component---NewYard--addressNewCostObjectCstID-vhi\"]"}
COMMAND: POST /session/121b5910f067d4d1941a4df48d2c59fa/execute/sync - {"script":"<script> [8489 bytes]","args":[{"element-6066-11e4-a52e-4f735466cecf":"f.F80EBE20359F196FC2F6F7CC51ACB296.d.92D95F3244B4BE366BC8874E2209F09C.e.12480","ELEMENT":"f.F80EBE20359F196FC2F6F7CC51ACB296.d.92D95F3244B4BE366BC8874E2209F09C.e.12480"}]}
RESULT: {"script":"<script> [8489 bytes]","args":[{"element-6066-11e4-a52e-4f735466cecf":"f.F80EBE20359F196FC2F6F7CC51ACB296.d.92D95F3244B4BE366BC8874E2209F09C.e.12480","ELEMENT":"f.F80EBE20359F196FC2F6F7CC51ACB296.d.92D95F3244B4BE366BC8874E2209F09C.e.12480"}]}
COMMAND: POST /session/121b5910f067d4d1941a4df48d2c59fa/execute/async - {"script":"<script> [1562 bytes]","args":[{"selector":{"id":"application-manageyards-display-component---NewYard--addressNewCostObjectCstID-vhi"},"wdio_ui5_key":"applicationmanageyards-display-component---NewYard--addressNewCostObjectCstID-vhi"}]}
COMMAND: GET /session/121b5910f067d4d1941a4df48d2c59fa/screenshot - {}
RESULT: {"script":"<script> [1562 bytes]","args":[{"selector":{"id":"application-manageyards-display-component---NewYard--addressNewCostObjectCstID-vhi"},"wdio_ui5_key":"applicationmanageyards-display-component---NewYard--addressNewCostObjectCstID-vhi"}]}
RESULT: undefined
COMMAND: POST /session/121b5910f067d4d1941a4df48d2c59fa/element - {"using":"xpath","value":"//*[@id=\"application-manageyards-display-component---NewYard--addressNewCostObjectCstID-vhi\"]"}
RESULT: {}
RESULT: {"using":"xpath","value":"//*[@id=\"application-manageyards-display-component---NewYard--addressNewCostObjectCstID-vhi\"]"}
COMMAND: POST /session/121b5910f067d4d1941a4df48d2c59fa/element/f.F80EBE20359F196FC2F6F7CC51ACB296.d.92D95F3244B4BE366BC8874E2209F09C.e.12480/click - {}
RESULT: {}
COMMAND: GET /session/121b5910f067d4d1941a4df48d2c59fa/screenshot - {}
RESULT: {}
COMMAND: POST /session/121b5910f067d4d1941a4df48d2c59fa/execute/async - {"script":"<script> [1562 bytes]","args":[{"selector":{"controlType":"sap.m.SearchField","properties":{"placeholder":"Search"},"searchOpenDialogs":true,"interaction":{"idSuffix":"I"}},"wdio_ui5_key":"sapm.SearchField{\"placeholder\":\"Search\"}"}]}
RESULT: {"script":"<script> [1562 bytes]","args":[{"selector":{"controlType":"sap.m.SearchField","properties":{"placeholder":"Search"},"searchOpenDialogs":true,"interaction":{"idSuffix":"I"}},"wdio_ui5_key":"sapm.SearchField{\"placeholder\":\"Search\"}"}]}
RESULT: undefined
COMMAND: POST /session/121b5910f067d4d1941a4df48d2c59fa/execute/async - {"script":"<script> [776 bytes]","args":[{"enterText":"bauh_b","selector":{"controlType":"sap.m.SearchField","properties":{"placeholder":"Search"},"searchOpenDialogs":true,"interaction":{"idSuffix":"I"}},"clearTextFirst":true,"interactionType":"ENTER_TEXT"}]}
RESULT: {"script":"<script> [776 bytes]","args":[{"enterText":"bauh_b","selector":{"controlType":"sap.m.SearchField","properties":{"placeholder":"Search"},"searchOpenDialogs":true,"interaction":{"idSuffix":"I"}},"clearTextFirst":true,"interactionType":"ENTER_TEXT"}]}
COMMAND: POST /session/121b5910f067d4d1941a4df48d2c59fa/actions - {"actions":[{"id":"action41","type":"key","parameters":{},"actions":[{"type":"keyDown","value":"î€‡"},{"type":"pause","duration":10},{"type":"keyUp","value":"î€‡"}]}]}
RESULT: {"actions":[{"id":"action41","type":"key","parameters":{},"actions":[{"type":"keyDown","value":"î€‡"},{"type":"pause","duration":10},{"type":"keyUp","value":"î€‡"}]}]}
COMMAND: GET /session/121b5910f067d4d1941a4df48d2c59fa/screenshot - {}
RESULT: {}
COMMAND: POST /session/121b5910f067d4d1941a4df48d2c59fa/element - {"using":"xpath","value":"//span[contains(text(), \"Demo Yard\")]"}
RESULT: {"using":"xpath","value":"//span[contains(text(), \"Demo Yard\")]"}
COMMAND: POST /session/121b5910f067d4d1941a4df48d2c59fa/element/f.F80EBE20359F196FC2F6F7CC51ACB296.d.92D95F3244B4BE366BC8874E2209F09C.e.12521/click - {}
RESULT: {}
COMMAND: GET /session/121b5910f067d4d1941a4df48d2c59fa/screenshot - {}
RESULT: {}
COMMAND: POST /session/121b5910f067d4d1941a4df48d2c59fa/element - {"using":"xpath","value":"//bdi[contains(text(), \"OK\")]"}
RESULT: {"using":"xpath","value":"//bdi[contains(text(), \"OK\")]"}
COMMAND: POST /session/121b5910f067d4d1941a4df48d2c59fa/element/f.F80EBE20359F196FC2F6F7CC51ACB296.d.92D95F3244B4BE366BC8874E2209F09C.e.12522/click - {}
RESULT: {}
COMMAND: GET /session/121b5910f067d4d1941a4df48d2c59fa/screenshot - {}
RESULT: {}
COMMAND: POST /session/121b5910f067d4d1941a4df48d2c59fa/execute/async - {"script":"<script> [1562 bytes]","args":[{"selector":{"id":"application-manageyards-display-component---NewYard--addressEditDetailsCurrency-arrow"},"wdio_ui5_key":"applicationmanageyards-display-component---NewYard--addressEditDetailsCurrency-arrow"}]}
RESULT: {"script":"<script> [1562 bytes]","args":[{"selector":{"id":"application-manageyards-display-component---NewYard--addressEditDetailsCurrency-arrow"},"wdio_ui5_key":"applicationmanageyards-display-component---NewYard--addressEditDetailsCurrency-arrow"}]}
RESULT: undefined
COMMAND: POST /session/121b5910f067d4d1941a4df48d2c59fa/element - {"using":"xpath","value":"//*[@id=\"application-manageyards-display-component---NewYard--addressEditDetailsCurrency-arrow\"]"}
RESULT: {"using":"xpath","value":"//*[@id=\"application-manageyards-display-component---NewYard--addressEditDetailsCurrency-arrow\"]"}
COMMAND: POST /session/121b5910f067d4d1941a4df48d2c59fa/element/f.F80EBE20359F196FC2F6F7CC51ACB296.d.92D95F3244B4BE366BC8874E2209F09C.e.12525/click - {}
RESULT: {}
COMMAND: POST /session/121b5910f067d4d1941a4df48d2c59fa/element - {"using":"xpath","value":"//span[contains(text(), \"Euro\")]"}
COMMAND: GET /session/121b5910f067d4d1941a4df48d2c59fa/screenshot - {}
RESULT: {"using":"xpath","value":"//span[contains(text(), \"Euro\")]"}
COMMAND: POST /session/121b5910f067d4d1941a4df48d2c59fa/element/f.F80EBE20359F196FC2F6F7CC51ACB296.d.92D95F3244B4BE366BC8874E2209F09C.e.12526/click - {}
RESULT: {}
RESULT: {}
COMMAND: POST /session/121b5910f067d4d1941a4df48d2c59fa/execute/async - {"script":"<script> [1562 bytes]","args":[{"selector":{"controlType":"sap.m.Input","viewName":"etm.portal.ui.manageyards.view.New","viewId":"application-manageyards-display-component---NewYard","bindingPath":{"path":"","propertyPath":"/CONTROLLING_AREA","modelName":"NewYardModel"},"interaction":{"idSuffix":"inner"}},"wdio_ui5_key":"etmportal.ui.manageyards.view.Newsap.m.Input{\"path\":\"\",\"propertyPath\":\"/CONTROLLING_AREA\",\"modelName\":\"NewYardModel\"}"}]}
COMMAND: GET /session/121b5910f067d4d1941a4df48d2c59fa/screenshot - {}
RESULT: {"script":"<script> [1562 bytes]","args":[{"selector":{"controlType":"sap.m.Input","viewName":"etm.portal.ui.manageyards.view.New","viewId":"application-manageyards-display-component---NewYard","bindingPath":{"path":"","propertyPath":"/CONTROLLING_AREA","modelName":"NewYardModel"},"interaction":{"idSuffix":"inner"}},"wdio_ui5_key":"etmportal.ui.manageyards.view.Newsap.m.Input{\"path\":\"\",\"propertyPath\":\"/CONTROLLING_AREA\",\"modelName\":\"NewYardModel\"}"}]}
RESULT: undefined
COMMAND: POST /session/121b5910f067d4d1941a4df48d2c59fa/execute/async - {"script":"<script> [776 bytes]","args":[{"enterText":"Z001","selector":{"controlType":"sap.m.Input","viewName":"etm.portal.ui.manageyards.view.New","viewId":"application-manageyards-display-component---NewYard","bindingPath":{"path":"","propertyPath":"/CONTROLLING_AREA","modelName":"NewYardModel"},"interaction":{"idSuffix":"inner"}},"clearTextFirst":true,"interactionType":"ENTER_TEXT"}]}
RESULT: {}
RESULT: {"script":"<script> [776 bytes]","args":[{"enterText":"Z001","selector":{"controlType":"sap.m.Input","viewName":"etm.portal.ui.manageyards.view.New","viewId":"application-manageyards-display-component---NewYard","bindingPath":{"path":"","propertyPath":"/CONTROLLING_AREA","modelName":"NewYardModel"},"interaction":{"idSuffix":"inner"}},"clearTextFirst":true,"interactionType":"ENTER_TEXT"}]}
COMMAND: POST /session/121b5910f067d4d1941a4df48d2c59fa/execute/async - {"script":"<script> [1562 bytes]","args":[{"selector":{"id":"application-manageyards-display-component---NewYard--companyCodeComboBox","interaction":{"idSuffix":"inner"}},"wdio_ui5_key":"applicationmanageyards-display-component---NewYard--companyCodeComboBox"}]}
RESULT: {"script":"<script> [1562 bytes]","args":[{"selector":{"id":"application-manageyards-display-component---NewYard--companyCodeComboBox","interaction":{"idSuffix":"inner"}},"wdio_ui5_key":"applicationmanageyards-display-component---NewYard--companyCodeComboBox"}]}
RESULT: undefined
COMMAND: POST /session/121b5910f067d4d1941a4df48d2c59fa/execute/async - {"script":"<script> [776 bytes]","args":[{"enterText":"1000","selector":{"id":"application-manageyards-display-component---NewYard--companyCodeComboBox","interaction":{"idSuffix":"inner"}},"clearTextFirst":true,"interactionType":"ENTER_TEXT"}]}
RESULT: {"script":"<script> [776 bytes]","args":[{"enterText":"1000","selector":{"id":"application-manageyards-display-component---NewYard--companyCodeComboBox","interaction":{"idSuffix":"inner"}},"clearTextFirst":true,"interactionType":"ENTER_TEXT"}]}
COMMAND: POST /session/121b5910f067d4d1941a4df48d2c59fa/execute/async - {"script":"<script> [1562 bytes]","args":[{"selector":{"controlType":"sap.m.Input","viewName":"etm.portal.ui.manageyards.view.New","viewId":"application-manageyards-display-component---NewYard","bindingPath":{"path":"","propertyPath":"/PLANT","modelName":"NewYardModel"},"interaction":{"idSuffix":"inner"}},"wdio_ui5_key":"etmportal.ui.manageyards.view.Newsap.m.Input{\"path\":\"\",\"propertyPath\":\"/PLANT\",\"modelName\":\"NewYardModel\"}"}]}
RESULT: {"script":"<script> [1562 bytes]","args":[{"selector":{"controlType":"sap.m.Input","viewName":"etm.portal.ui.manageyards.view.New","viewId":"application-manageyards-display-component---NewYard","bindingPath":{"path":"","propertyPath":"/PLANT","modelName":"NewYardModel"},"interaction":{"idSuffix":"inner"}},"wdio_ui5_key":"etmportal.ui.manageyards.view.Newsap.m.Input{\"path\":\"\",\"propertyPath\":\"/PLANT\",\"modelName\":\"NewYardModel\"}"}]}
RESULT: undefined
COMMAND: POST /session/121b5910f067d4d1941a4df48d2c59fa/execute/async - {"script":"<script> [776 bytes]","args":[{"enterText":"1001","selector":{"controlType":"sap.m.Input","viewName":"etm.portal.ui.manageyards.view.New","viewId":"application-manageyards-display-component---NewYard","bindingPath":{"path":"","propertyPath":"/PLANT","modelName":"NewYardModel"},"interaction":{"idSuffix":"inner"}},"clearTextFirst":true,"interactionType":"ENTER_TEXT"}]}
RESULT: {"script":"<script> [776 bytes]","args":[{"enterText":"1001","selector":{"controlType":"sap.m.Input","viewName":"etm.portal.ui.manageyards.view.New","viewId":"application-manageyards-display-component---NewYard","bindingPath":{"path":"","propertyPath":"/PLANT","modelName":"NewYardModel"},"interaction":{"idSuffix":"inner"}},"clearTextFirst":true,"interactionType":"ENTER_TEXT"}]}
COMMAND: POST /session/121b5910f067d4d1941a4df48d2c59fa/execute/async - {"script":"<script> [1562 bytes]","args":[{"selector":{"controlType":"sap.m.Input","viewName":"etm.portal.ui.manageyards.view.New","viewId":"application-manageyards-display-component---NewYard","bindingPath":{"path":"","propertyPath":"/SALES_AREA_VKORG","modelName":"NewYardModel"},"interaction":{"idSuffix":"inner"}},"wdio_ui5_key":"etmportal.ui.manageyards.view.Newsap.m.Input{\"path\":\"\",\"propertyPath\":\"/SALES_AREA_VKORG\",\"modelName\":\"NewYardModel\"}"}]}
RESULT: {"script":"<script> [1562 bytes]","args":[{"selector":{"controlType":"sap.m.Input","viewName":"etm.portal.ui.manageyards.view.New","viewId":"application-manageyards-display-component---NewYard","bindingPath":{"path":"","propertyPath":"/SALES_AREA_VKORG","modelName":"NewYardModel"},"interaction":{"idSuffix":"inner"}},"wdio_ui5_key":"etmportal.ui.manageyards.view.Newsap.m.Input{\"path\":\"\",\"propertyPath\":\"/SALES_AREA_VKORG\",\"modelName\":\"NewYardModel\"}"}]}
RESULT: undefined
COMMAND: POST /session/121b5910f067d4d1941a4df48d2c59fa/execute/async - {"script":"<script> [776 bytes]","args":[{"enterText":"C002","selector":{"controlType":"sap.m.Input","viewName":"etm.portal.ui.manageyards.view.New","viewId":"application-manageyards-display-component---NewYard","bindingPath":{"path":"","propertyPath":"/SALES_AREA_VKORG","modelName":"NewYardModel"},"interaction":{"idSuffix":"inner"}},"clearTextFirst":true,"interactionType":"ENTER_TEXT"}]}
RESULT: {"script":"<script> [776 bytes]","args":[{"enterText":"C002","selector":{"controlType":"sap.m.Input","viewName":"etm.portal.ui.manageyards.view.New","viewId":"application-manageyards-display-component---NewYard","bindingPath":{"path":"","propertyPath":"/SALES_AREA_VKORG","modelName":"NewYardModel"},"interaction":{"idSuffix":"inner"}},"clearTextFirst":true,"interactionType":"ENTER_TEXT"}]}
COMMAND: POST /session/121b5910f067d4d1941a4df48d2c59fa/execute/async - {"script":"<script> [1562 bytes]","args":[{"selector":{"controlType":"sap.m.Input","viewName":"etm.portal.ui.manageyards.view.New","viewId":"application-manageyards-display-component---NewYard","bindingPath":{"path":"","propertyPath":"/SALES_AREA_VTWEG","modelName":"NewYardModel"},"interaction":{"idSuffix":"inner"}},"wdio_ui5_key":"etmportal.ui.manageyards.view.Newsap.m.Input{\"path\":\"\",\"propertyPath\":\"/SALES_AREA_VTWEG\",\"modelName\":\"NewYardModel\"}"}]}
RESULT: {"script":"<script> [1562 bytes]","args":[{"selector":{"controlType":"sap.m.Input","viewName":"etm.portal.ui.manageyards.view.New","viewId":"application-manageyards-display-component---NewYard","bindingPath":{"path":"","propertyPath":"/SALES_AREA_VTWEG","modelName":"NewYardModel"},"interaction":{"idSuffix":"inner"}},"wdio_ui5_key":"etmportal.ui.manageyards.view.Newsap.m.Input{\"path\":\"\",\"propertyPath\":\"/SALES_AREA_VTWEG\",\"modelName\":\"NewYardModel\"}"}]}
RESULT: undefined
COMMAND: POST /session/121b5910f067d4d1941a4df48d2c59fa/execute/async - {"script":"<script> [776 bytes]","args":[{"enterText":"C2","selector":{"controlType":"sap.m.Input","viewName":"etm.portal.ui.manageyards.view.New","viewId":"application-manageyards-display-component---NewYard","bindingPath":{"path":"","propertyPath":"/SALES_AREA_VTWEG","modelName":"NewYardModel"},"interaction":{"idSuffix":"inner"}},"clearTextFirst":true,"interactionType":"ENTER_TEXT"}]}
RESULT: {"script":"<script> [776 bytes]","args":[{"enterText":"C2","selector":{"controlType":"sap.m.Input","viewName":"etm.portal.ui.manageyards.view.New","viewId":"application-manageyards-display-component---NewYard","bindingPath":{"path":"","propertyPath":"/SALES_AREA_VTWEG","modelName":"NewYardModel"},"interaction":{"idSuffix":"inner"}},"clearTextFirst":true,"interactionType":"ENTER_TEXT"}]}
COMMAND: POST /session/121b5910f067d4d1941a4df48d2c59fa/execute/async - {"script":"<script> [1562 bytes]","args":[{"selector":{"controlType":"sap.m.Input","viewName":"etm.portal.ui.manageyards.view.New","viewId":"application-manageyards-display-component---NewYard","bindingPath":{"path":"","propertyPath":"/SALES_AREA_SPART","modelName":"NewYardModel"},"interaction":{"idSuffix":"inner"}},"wdio_ui5_key":"etmportal.ui.manageyards.view.Newsap.m.Input{\"path\":\"\",\"propertyPath\":\"/SALES_AREA_SPART\",\"modelName\":\"NewYardModel\"}"}]}
RESULT: {"script":"<script> [1562 bytes]","args":[{"selector":{"controlType":"sap.m.Input","viewName":"etm.portal.ui.manageyards.view.New","viewId":"application-manageyards-display-component---NewYard","bindingPath":{"path":"","propertyPath":"/SALES_AREA_SPART","modelName":"NewYardModel"},"interaction":{"idSuffix":"inner"}},"wdio_ui5_key":"etmportal.ui.manageyards.view.Newsap.m.Input{\"path\":\"\",\"propertyPath\":\"/SALES_AREA_SPART\",\"modelName\":\"NewYardModel\"}"}]}
RESULT: undefined
COMMAND: POST /session/121b5910f067d4d1941a4df48d2c59fa/execute/async - {"script":"<script> [776 bytes]","args":[{"enterText":"C2","selector":{"controlType":"sap.m.Input","viewName":"etm.portal.ui.manageyards.view.New","viewId":"application-manageyards-display-component---NewYard","bindingPath":{"path":"","propertyPath":"/SALES_AREA_SPART","modelName":"NewYardModel"},"interaction":{"idSuffix":"inner"}},"clearTextFirst":true,"interactionType":"ENTER_TEXT"}]}
RESULT: {"script":"<script> [776 bytes]","args":[{"enterText":"C2","selector":{"controlType":"sap.m.Input","viewName":"etm.portal.ui.manageyards.view.New","viewId":"application-manageyards-display-component---NewYard","bindingPath":{"path":"","propertyPath":"/SALES_AREA_SPART","modelName":"NewYardModel"},"interaction":{"idSuffix":"inner"}},"clearTextFirst":true,"interactionType":"ENTER_TEXT"}]}
COMMAND: POST /session/121b5910f067d4d1941a4df48d2c59fa/execute/async - {"script":"<script> [1562 bytes]","args":[{"selector":{"controlType":"sap.m.Input","viewName":"etm.portal.ui.manageyards.view.New","viewId":"application-manageyards-display-component---NewYard","bindingPath":{"path":"","propertyPath":"/SHIP_POINT","modelName":"NewYardModel"},"interaction":{"idSuffix":"inner"}},"wdio_ui5_key":"etmportal.ui.manageyards.view.Newsap.m.Input{\"path\":\"\",\"propertyPath\":\"/SHIP_POINT\",\"modelName\":\"NewYardModel\"}"}]}
RESULT: {"script":"<script> [1562 bytes]","args":[{"selector":{"controlType":"sap.m.Input","viewName":"etm.portal.ui.manageyards.view.New","viewId":"application-manageyards-display-component---NewYard","bindingPath":{"path":"","propertyPath":"/SHIP_POINT","modelName":"NewYardModel"},"interaction":{"idSuffix":"inner"}},"wdio_ui5_key":"etmportal.ui.manageyards.view.Newsap.m.Input{\"path\":\"\",\"propertyPath\":\"/SHIP_POINT\",\"modelName\":\"NewYardModel\"}"}]}
RESULT: undefined
COMMAND: POST /session/121b5910f067d4d1941a4df48d2c59fa/execute/async - {"script":"<script> [776 bytes]","args":[{"enterText":"1710","selector":{"controlType":"sap.m.Input","viewName":"etm.portal.ui.manageyards.view.New","viewId":"application-manageyards-display-component---NewYard","bindingPath":{"path":"","propertyPath":"/SHIP_POINT","modelName":"NewYardModel"},"interaction":{"idSuffix":"inner"}},"clearTextFirst":true,"interactionType":"ENTER_TEXT"}]}
RESULT: {"script":"<script> [776 bytes]","args":[{"enterText":"1710","selector":{"controlType":"sap.m.Input","viewName":"etm.portal.ui.manageyards.view.New","viewId":"application-manageyards-display-component---NewYard","bindingPath":{"path":"","propertyPath":"/SHIP_POINT","modelName":"NewYardModel"},"interaction":{"idSuffix":"inner"}},"clearTextFirst":true,"interactionType":"ENTER_TEXT"}]}
COMMAND: POST /session/121b5910f067d4d1941a4df48d2c59fa/execute/async - {"script":"<script> [1562 bytes]","args":[{"selector":{"controlType":"sap.m.Input","viewName":"etm.portal.ui.manageyards.view.New","viewId":"application-manageyards-display-component---NewYard","bindingPath":{"path":"","propertyPath":"/DELIVERY_TYPE","modelName":"NewYardModel"},"interaction":{"idSuffix":"inner"}},"wdio_ui5_key":"etmportal.ui.manageyards.view.Newsap.m.Input{\"path\":\"\",\"propertyPath\":\"/DELIVERY_TYPE\",\"modelName\":\"NewYardModel\"}"}]}
RESULT: {"script":"<script> [1562 bytes]","args":[{"selector":{"controlType":"sap.m.Input","viewName":"etm.portal.ui.manageyards.view.New","viewId":"application-manageyards-display-component---NewYard","bindingPath":{"path":"","propertyPath":"/DELIVERY_TYPE","modelName":"NewYardModel"},"interaction":{"idSuffix":"inner"}},"wdio_ui5_key":"etmportal.ui.manageyards.view.Newsap.m.Input{\"path\":\"\",\"propertyPath\":\"/DELIVERY_TYPE\",\"modelName\":\"NewYardModel\"}"}]}
RESULT: undefined
COMMAND: POST /session/121b5910f067d4d1941a4df48d2c59fa/execute/async - {"script":"<script> [776 bytes]","args":[{"enterText":"ZL01","selector":{"controlType":"sap.m.Input","viewName":"etm.portal.ui.manageyards.view.New","viewId":"application-manageyards-display-component---NewYard","bindingPath":{"path":"","propertyPath":"/DELIVERY_TYPE","modelName":"NewYardModel"},"interaction":{"idSuffix":"inner"}},"clearTextFirst":true,"interactionType":"ENTER_TEXT"}]}
RESULT: {"script":"<script> [776 bytes]","args":[{"enterText":"ZL01","selector":{"controlType":"sap.m.Input","viewName":"etm.portal.ui.manageyards.view.New","viewId":"application-manageyards-display-component---NewYard","bindingPath":{"path":"","propertyPath":"/DELIVERY_TYPE","modelName":"NewYardModel"},"interaction":{"idSuffix":"inner"}},"clearTextFirst":true,"interactionType":"ENTER_TEXT"}]}
COMMAND: POST /session/121b5910f067d4d1941a4df48d2c59fa/execute/async - {"script":"<script> [1562 bytes]","args":[{"selector":{"controlType":"sap.m.Input","viewName":"etm.portal.ui.manageyards.view.New","viewId":"application-manageyards-display-component---NewYard","bindingPath":{"path":"","propertyPath":"/AUART","modelName":"NewYardModel"},"interaction":{"idSuffix":"inner"}},"wdio_ui5_key":"etmportal.ui.manageyards.view.Newsap.m.Input{\"path\":\"\",\"propertyPath\":\"/AUART\",\"modelName\":\"NewYardModel\"}"}]}
RESULT: {"script":"<script> [1562 bytes]","args":[{"selector":{"controlType":"sap.m.Input","viewName":"etm.portal.ui.manageyards.view.New","viewId":"application-manageyards-display-component---NewYard","bindingPath":{"path":"","propertyPath":"/AUART","modelName":"NewYardModel"},"interaction":{"idSuffix":"inner"}},"wdio_ui5_key":"etmportal.ui.manageyards.view.Newsap.m.Input{\"path\":\"\",\"propertyPath\":\"/AUART\",\"modelName\":\"NewYardModel\"}"}]}
RESULT: undefined
COMMAND: POST /session/121b5910f067d4d1941a4df48d2c59fa/execute/async - {"script":"<script> [776 bytes]","args":[{"enterText":"TA","selector":{"controlType":"sap.m.Input","viewName":"etm.portal.ui.manageyards.view.New","viewId":"application-manageyards-display-component---NewYard","bindingPath":{"path":"","propertyPath":"/AUART","modelName":"NewYardModel"},"interaction":{"idSuffix":"inner"}},"clearTextFirst":true,"interactionType":"ENTER_TEXT"}]}
RESULT: {"script":"<script> [776 bytes]","args":[{"enterText":"TA","selector":{"controlType":"sap.m.Input","viewName":"etm.portal.ui.manageyards.view.New","viewId":"application-manageyards-display-component---NewYard","bindingPath":{"path":"","propertyPath":"/AUART","modelName":"NewYardModel"},"interaction":{"idSuffix":"inner"}},"clearTextFirst":true,"interactionType":"ENTER_TEXT"}]}
COMMAND: POST /session/121b5910f067d4d1941a4df48d2c59fa/element - {"using":"xpath","value":"//button[@data-kt=\"newYardSaveButton\"]"}
RESULT: {"using":"xpath","value":"//button[@data-kt=\"newYardSaveButton\"]"}
COMMAND: POST /session/121b5910f067d4d1941a4df48d2c59fa/element/f.F80EBE20359F196FC2F6F7CC51ACB296.d.92D95F3244B4BE366BC8874E2209F09C.e.12429/click - {}
RESULT: {}
COMMAND: GET /session/121b5910f067d4d1941a4df48d2c59fa/screenshot - {}
RESULT: {}
COMMAND: POST /session/121b5910f067d4d1941a4df48d2c59fa/element - {"using":"xpath","value":"//header[contains(@id, 'ObjectPageLayout-headerTitle')]/div[1]/div[2]/div[1]/span[1]"}
RESULT: {"using":"xpath","value":"//header[contains(@id, 'ObjectPageLayout-headerTitle')]/div[1]/div[2]/div[1]/span[1]"}
COMMAND: POST /session/121b5910f067d4d1941a4df48d2c59fa/elements - {"using":"xpath","value":"//header[contains(@id, 'ObjectPageLayout-headerTitle')]/div[1]/div[2]/div[1]/span[1]"}
RESULT: {"using":"xpath","value":"//header[contains(@id, 'ObjectPageLayout-headerTitle')]/div[1]/div[2]/div[1]/span[1]"}
COMMAND: POST /session/121b5910f067d4d1941a4df48d2c59fa/execute/sync - {"script":"<script> [56 bytes]","args":[{"element-6066-11e4-a52e-4f735466cecf":"f.F80EBE20359F196FC2F6F7CC51ACB296.d.92D95F3244B4BE366BC8874E2209F09C.e.12752","ELEMENT":"f.F80EBE20359F196FC2F6F7CC51ACB296.d.92D95F3244B4BE366BC8874E2209F09C.e.12752"}]}
RESULT: {"script":"<script> [56 bytes]","args":[{"element-6066-11e4-a52e-4f735466cecf":"f.F80EBE20359F196FC2F6F7CC51ACB296.d.92D95F3244B4BE366BC8874E2209F09C.e.12752","ELEMENT":"f.F80EBE20359F196FC2F6F7CC51ACB296.d.92D95F3244B4BE366BC8874E2209F09C.e.12752"}]}
COMMAND: GET /session/121b5910f067d4d1941a4df48d2c59fa/screenshot - {}
RESULT: {}
COMMAND: POST /session/121b5910f067d4d1941a4df48d2c59fa/element - {"using":"css selector","value":"#shell-header-logo"}
RESULT: {"using":"css selector","value":"#shell-header-logo"}
COMMAND: POST /session/121b5910f067d4d1941a4df48d2c59fa/element/f.F80EBE20359F196FC2F6F7CC51ACB296.d.92D95F3244B4BE366BC8874E2209F09C.e.11889/click - {}
RESULT: {}
COMMAND: GET /session/121b5910f067d4d1941a4df48d2c59fa/screenshot - {}
RESULT: {}
COMMAND: POST /session/121b5910f067d4d1941a4df48d2c59fa/execute/sync - {"script":"<script> [299 bytes]","args":[["getModel","getResource"]]}
RESULT: {"script":"<script> [299 bytes]","args":[["getModel","getResource"]]}
]]></system-out>
    </testcase>
    <testcase classname="chrome.136_0_7103_93.windows.Provide_to_Site_w/o_warehouse_management_w/_clarification_US116605" name="Should create a new external partner" time="95.126">
      <system-out><![CDATA[
COMMAND: GET /session/121b5910f067d4d1941a4df48d2c59fa/screenshot - {}
COMMAND: POST /session/121b5910f067d4d1941a4df48d2c59fa/window/fullscreen - {}
RESULT: {}
RESULT: {}
COMMAND: POST /session/121b5910f067d4d1941a4df48d2c59fa/execute/async - {"script":"<script> [1562 bytes]","args":[{"selector":{"controlType":"sap.m.GenericTile","properties":{"header":"Manage Partners"}},"wdio_ui5_key":"sapm.GenericTile{\"header\":\"Manage Partners\"}"}]}
RESULT: {"script":"<script> [1562 bytes]","args":[{"selector":{"controlType":"sap.m.GenericTile","properties":{"header":"Manage Partners"}},"wdio_ui5_key":"sapm.GenericTile{\"header\":\"Manage Partners\"}"}]}
RESULT: undefined
COMMAND: POST /session/121b5910f067d4d1941a4df48d2c59fa/element - {"using":"xpath","value":"//*[@id=\"__tile30\"]"}
RESULT: {"using":"xpath","value":"//*[@id=\"__tile30\"]"}
COMMAND: POST /session/121b5910f067d4d1941a4df48d2c59fa/element/f.F80EBE20359F196FC2F6F7CC51ACB296.d.92D95F3244B4BE366BC8874E2209F09C.e.11902/click - {}
RESULT: {}
COMMAND: GET /session/121b5910f067d4d1941a4df48d2c59fa/screenshot - {}
RESULT: {}
COMMAND: POST /session/121b5910f067d4d1941a4df48d2c59fa/elements - {"using":"xpath","value":"//span[text()='Error']"}
RESULT: {"using":"xpath","value":"//span[text()='Error']"}
COMMAND: POST /session/121b5910f067d4d1941a4df48d2c59fa/element - {"using":"xpath","value":"//button[@data-kt=\"addButton\"]"}
RESULT: {"using":"xpath","value":"//button[@data-kt=\"addButton\"]"}
COMMAND: POST /session/121b5910f067d4d1941a4df48d2c59fa/elements - {"using":"xpath","value":"//button[@data-kt=\"addButton\"]"}
RESULT: {"using":"xpath","value":"//button[@data-kt=\"addButton\"]"}
COMMAND: POST /session/121b5910f067d4d1941a4df48d2c59fa/execute/sync - {"script":"<script> [8489 bytes]","args":[{"element-6066-11e4-a52e-4f735466cecf":"f.F80EBE20359F196FC2F6F7CC51ACB296.d.92D95F3244B4BE366BC8874E2209F09C.e.12799","ELEMENT":"f.F80EBE20359F196FC2F6F7CC51ACB296.d.92D95F3244B4BE366BC8874E2209F09C.e.12799"}]}
RESULT: {"script":"<script> [8489 bytes]","args":[{"element-6066-11e4-a52e-4f735466cecf":"f.F80EBE20359F196FC2F6F7CC51ACB296.d.92D95F3244B4BE366BC8874E2209F09C.e.12799","ELEMENT":"f.F80EBE20359F196FC2F6F7CC51ACB296.d.92D95F3244B4BE366BC8874E2209F09C.e.12799"}]}
COMMAND: GET /session/121b5910f067d4d1941a4df48d2c59fa/element/f.F80EBE20359F196FC2F6F7CC51ACB296.d.92D95F3244B4BE366BC8874E2209F09C.e.12799/enabled - {}
COMMAND: GET /session/121b5910f067d4d1941a4df48d2c59fa/screenshot - {}
RESULT: {}
COMMAND: POST /session/121b5910f067d4d1941a4df48d2c59fa/execute/sync - {"script":"<script> [8489 bytes]","args":[{"element-6066-11e4-a52e-4f735466cecf":"f.F80EBE20359F196FC2F6F7CC51ACB296.d.92D95F3244B4BE366BC8874E2209F09C.e.12799","ELEMENT":"f.F80EBE20359F196FC2F6F7CC51ACB296.d.92D95F3244B4BE366BC8874E2209F09C.e.12799"}]}
COMMAND: GET /session/121b5910f067d4d1941a4df48d2c59fa/screenshot - {}
RESULT: {}
RESULT: {"script":"<script> [8489 bytes]","args":[{"element-6066-11e4-a52e-4f735466cecf":"f.F80EBE20359F196FC2F6F7CC51ACB296.d.92D95F3244B4BE366BC8874E2209F09C.e.12799","ELEMENT":"f.F80EBE20359F196FC2F6F7CC51ACB296.d.92D95F3244B4BE366BC8874E2209F09C.e.12799"}]}
COMMAND: POST /session/121b5910f067d4d1941a4df48d2c59fa/execute/sync - {"script":"<script> [5351 bytes]","args":[{"element-6066-11e4-a52e-4f735466cecf":"f.F80EBE20359F196FC2F6F7CC51ACB296.d.92D95F3244B4BE366BC8874E2209F09C.e.12799","ELEMENT":"f.F80EBE20359F196FC2F6F7CC51ACB296.d.92D95F3244B4BE366BC8874E2209F09C.e.12799"}]}
COMMAND: GET /session/121b5910f067d4d1941a4df48d2c59fa/screenshot - {}
RESULT: {}
RESULT: {"script":"<script> [5351 bytes]","args":[{"element-6066-11e4-a52e-4f735466cecf":"f.F80EBE20359F196FC2F6F7CC51ACB296.d.92D95F3244B4BE366BC8874E2209F09C.e.12799","ELEMENT":"f.F80EBE20359F196FC2F6F7CC51ACB296.d.92D95F3244B4BE366BC8874E2209F09C.e.12799"}]}
COMMAND: POST /session/121b5910f067d4d1941a4df48d2c59fa/element/f.F80EBE20359F196FC2F6F7CC51ACB296.d.92D95F3244B4BE366BC8874E2209F09C.e.12799/click - {}
COMMAND: GET /session/121b5910f067d4d1941a4df48d2c59fa/screenshot - {}
RESULT: {}
RESULT: {}
COMMAND: GET /session/121b5910f067d4d1941a4df48d2c59fa/screenshot - {}
COMMAND: POST /session/121b5910f067d4d1941a4df48d2c59fa/execute/async - {"script":"<script> [1562 bytes]","args":[{"selector":{"id":"application-managepartners-display-component---NewPartner--addressDetailDetailsName1","interaction":{"idSuffix":"inner"}},"wdio_ui5_key":"applicationmanagepartners-display-component---NewPartner--addressDetailDetailsName1"}]}
RESULT: {}
RESULT: {}
RESULT: {"script":"<script> [1562 bytes]","args":[{"selector":{"id":"application-managepartners-display-component---NewPartner--addressDetailDetailsName1","interaction":{"idSuffix":"inner"}},"wdio_ui5_key":"applicationmanagepartners-display-component---NewPartner--addressDetailDetailsName1"}]}
RESULT: undefined
COMMAND: POST /session/121b5910f067d4d1941a4df48d2c59fa/execute/async - {"script":"<script> [776 bytes]","args":[{"enterText":"External Partner WDIO","selector":{"id":"application-managepartners-display-component---NewPartner--addressDetailDetailsName1","interaction":{"idSuffix":"inner"}},"clearTextFirst":true,"interactionType":"ENTER_TEXT"}]}
RESULT: {"script":"<script> [776 bytes]","args":[{"enterText":"External Partner WDIO","selector":{"id":"application-managepartners-display-component---NewPartner--addressDetailDetailsName1","interaction":{"idSuffix":"inner"}},"clearTextFirst":true,"interactionType":"ENTER_TEXT"}]}
COMMAND: POST /session/121b5910f067d4d1941a4df48d2c59fa/execute/async - {"script":"<script> [1562 bytes]","args":[{"selector":{"id":"application-managepartners-display-component---NewPartner--addressDetailDetailsLanguage-arrow"},"wdio_ui5_key":"applicationmanagepartners-display-component---NewPartner--addressDetailDetailsLanguage-arrow"}]}
RESULT: {"script":"<script> [1562 bytes]","args":[{"selector":{"id":"application-managepartners-display-component---NewPartner--addressDetailDetailsLanguage-arrow"},"wdio_ui5_key":"applicationmanagepartners-display-component---NewPartner--addressDetailDetailsLanguage-arrow"}]}
RESULT: undefined
COMMAND: POST /session/121b5910f067d4d1941a4df48d2c59fa/element - {"using":"xpath","value":"//*[@id=\"application-managepartners-display-component---NewPartner--addressDetailDetailsLanguage-arrow\"]"}
RESULT: {"using":"xpath","value":"//*[@id=\"application-managepartners-display-component---NewPartner--addressDetailDetailsLanguage-arrow\"]"}
COMMAND: POST /session/121b5910f067d4d1941a4df48d2c59fa/element/f.F80EBE20359F196FC2F6F7CC51ACB296.d.92D95F3244B4BE366BC8874E2209F09C.e.13234/click - {}
RESULT: {}
COMMAND: POST /session/121b5910f067d4d1941a4df48d2c59fa/element - {"using":"xpath","value":"//span[contains(text(), \"English\")]"}
COMMAND: GET /session/121b5910f067d4d1941a4df48d2c59fa/screenshot - {}
RESULT: {"using":"xpath","value":"//span[contains(text(), \"English\")]"}
COMMAND: POST /session/121b5910f067d4d1941a4df48d2c59fa/element/f.F80EBE20359F196FC2F6F7CC51ACB296.d.92D95F3244B4BE366BC8874E2209F09C.e.13235/click - {}
RESULT: {}
RESULT: {}
COMMAND: GET /session/121b5910f067d4d1941a4df48d2c59fa/screenshot - {}
RESULT: {}
COMMAND: POST /session/121b5910f067d4d1941a4df48d2c59fa/execute/async - {"script":"<script> [1562 bytes]","args":[{"selector":{"id":"application-managepartners-display-component---NewPartner--addressDetailDetailsCity1","interaction":{"idSuffix":"inner"}},"wdio_ui5_key":"applicationmanagepartners-display-component---NewPartner--addressDetailDetailsCity1"}]}
RESULT: {"script":"<script> [1562 bytes]","args":[{"selector":{"id":"application-managepartners-display-component---NewPartner--addressDetailDetailsCity1","interaction":{"idSuffix":"inner"}},"wdio_ui5_key":"applicationmanagepartners-display-component---NewPartner--addressDetailDetailsCity1"}]}
RESULT: undefined
COMMAND: POST /session/121b5910f067d4d1941a4df48d2c59fa/execute/async - {"script":"<script> [776 bytes]","args":[{"enterText":"Rosario","selector":{"id":"application-managepartners-display-component---NewPartner--addressDetailDetailsCity1","interaction":{"idSuffix":"inner"}},"clearTextFirst":true,"interactionType":"ENTER_TEXT"}]}
RESULT: {"script":"<script> [776 bytes]","args":[{"enterText":"Rosario","selector":{"id":"application-managepartners-display-component---NewPartner--addressDetailDetailsCity1","interaction":{"idSuffix":"inner"}},"clearTextFirst":true,"interactionType":"ENTER_TEXT"}]}
COMMAND: POST /session/121b5910f067d4d1941a4df48d2c59fa/execute/async - {"script":"<script> [1562 bytes]","args":[{"selector":{"id":"application-managepartners-display-component---NewPartner--addressDetailDetailsCountry-arrow"},"wdio_ui5_key":"applicationmanagepartners-display-component---NewPartner--addressDetailDetailsCountry-arrow"}]}
RESULT: {"script":"<script> [1562 bytes]","args":[{"selector":{"id":"application-managepartners-display-component---NewPartner--addressDetailDetailsCountry-arrow"},"wdio_ui5_key":"applicationmanagepartners-display-component---NewPartner--addressDetailDetailsCountry-arrow"}]}
RESULT: undefined
COMMAND: POST /session/121b5910f067d4d1941a4df48d2c59fa/element - {"using":"xpath","value":"//*[@id=\"application-managepartners-display-component---NewPartner--addressDetailDetailsCountry-arrow\"]"}
RESULT: {"using":"xpath","value":"//*[@id=\"application-managepartners-display-component---NewPartner--addressDetailDetailsCountry-arrow\"]"}
COMMAND: POST /session/121b5910f067d4d1941a4df48d2c59fa/element/f.F80EBE20359F196FC2F6F7CC51ACB296.d.92D95F3244B4BE366BC8874E2209F09C.e.13221/click - {}
RESULT: {}
COMMAND: POST /session/121b5910f067d4d1941a4df48d2c59fa/element - {"using":"xpath","value":"//span[contains(text(), \"Argentina\")]"}
COMMAND: GET /session/121b5910f067d4d1941a4df48d2c59fa/screenshot - {}
RESULT: {"using":"xpath","value":"//span[contains(text(), \"Argentina\")]"}
COMMAND: POST /session/121b5910f067d4d1941a4df48d2c59fa/element/f.F80EBE20359F196FC2F6F7CC51ACB296.d.92D95F3244B4BE366BC8874E2209F09C.e.13237/click - {}
RESULT: {}
RESULT: {}
COMMAND: GET /session/121b5910f067d4d1941a4df48d2c59fa/screenshot - {}
RESULT: {}
COMMAND: POST /session/121b5910f067d4d1941a4df48d2c59fa/element - {"using":"xpath","value":"//bdi[contains(text(), \"Commercial\")]"}
RESULT: {"using":"xpath","value":"//bdi[contains(text(), \"Commercial\")]"}
COMMAND: POST /session/121b5910f067d4d1941a4df48d2c59fa/element/f.F80EBE20359F196FC2F6F7CC51ACB296.d.92D95F3244B4BE366BC8874E2209F09C.e.13238/click - {}
RESULT: {}
COMMAND: GET /session/121b5910f067d4d1941a4df48d2c59fa/screenshot - {}
RESULT: {}
COMMAND: POST /session/121b5910f067d4d1941a4df48d2c59fa/execute/async - {"script":"<script> [1562 bytes]","args":[{"selector":{"id":"application-managepartners-display-component---NewPartner--partnerDetailInternal-arrow"},"wdio_ui5_key":"applicationmanagepartners-display-component---NewPartner--partnerDetailInternal-arrow"}]}
RESULT: {"script":"<script> [1562 bytes]","args":[{"selector":{"id":"application-managepartners-display-component---NewPartner--partnerDetailInternal-arrow"},"wdio_ui5_key":"applicationmanagepartners-display-component---NewPartner--partnerDetailInternal-arrow"}]}
RESULT: undefined
COMMAND: POST /session/121b5910f067d4d1941a4df48d2c59fa/element - {"using":"xpath","value":"//*[@id=\"application-managepartners-display-component---NewPartner--partnerDetailInternal-arrow\"]"}
RESULT: {"using":"xpath","value":"//*[@id=\"application-managepartners-display-component---NewPartner--partnerDetailInternal-arrow\"]"}
COMMAND: POST /session/121b5910f067d4d1941a4df48d2c59fa/element/f.F80EBE20359F196FC2F6F7CC51ACB296.d.92D95F3244B4BE366BC8874E2209F09C.e.13244/click - {}
RESULT: {}
COMMAND: POST /session/121b5910f067d4d1941a4df48d2c59fa/element - {"using":"xpath","value":"//span[contains(text(), \"External partner\")]"}
COMMAND: GET /session/121b5910f067d4d1941a4df48d2c59fa/screenshot - {}
RESULT: {"using":"xpath","value":"//span[contains(text(), \"External partner\")]"}
COMMAND: POST /session/121b5910f067d4d1941a4df48d2c59fa/element/f.F80EBE20359F196FC2F6F7CC51ACB296.d.92D95F3244B4BE366BC8874E2209F09C.e.13245/click - {}
RESULT: {}
RESULT: {}
COMMAND: POST /session/121b5910f067d4d1941a4df48d2c59fa/execute/async - {"script":"<script> [1562 bytes]","args":[{"selector":{"id":"application-managepartners-display-component---NewPartner--partnerDetailsCurrency-arrow"},"wdio_ui5_key":"applicationmanagepartners-display-component---NewPartner--partnerDetailsCurrency-arrow"}]}
COMMAND: GET /session/121b5910f067d4d1941a4df48d2c59fa/screenshot - {}
RESULT: {"script":"<script> [1562 bytes]","args":[{"selector":{"id":"application-managepartners-display-component---NewPartner--partnerDetailsCurrency-arrow"},"wdio_ui5_key":"applicationmanagepartners-display-component---NewPartner--partnerDetailsCurrency-arrow"}]}
RESULT: undefined
COMMAND: POST /session/121b5910f067d4d1941a4df48d2c59fa/element - {"using":"xpath","value":"//*[@id=\"application-managepartners-display-component---NewPartner--partnerDetailsCurrency-arrow\"]"}
RESULT: {}
RESULT: {"using":"xpath","value":"//*[@id=\"application-managepartners-display-component---NewPartner--partnerDetailsCurrency-arrow\"]"}
COMMAND: POST /session/121b5910f067d4d1941a4df48d2c59fa/element/f.F80EBE20359F196FC2F6F7CC51ACB296.d.92D95F3244B4BE366BC8874E2209F09C.e.13250/click - {}
RESULT: {}
COMMAND: POST /session/121b5910f067d4d1941a4df48d2c59fa/element - {"using":"xpath","value":"//span[contains(text(), \"US Dollar\")]"}
COMMAND: GET /session/121b5910f067d4d1941a4df48d2c59fa/screenshot - {}
RESULT: {"using":"xpath","value":"//span[contains(text(), \"US Dollar\")]"}
COMMAND: POST /session/121b5910f067d4d1941a4df48d2c59fa/element/f.F80EBE20359F196FC2F6F7CC51ACB296.d.92D95F3244B4BE366BC8874E2209F09C.e.13251/click - {}
RESULT: {}
RESULT: {}
COMMAND: GET /session/121b5910f067d4d1941a4df48d2c59fa/screenshot - {}
RESULT: {}
COMMAND: POST /session/121b5910f067d4d1941a4df48d2c59fa/element - {"using":"xpath","value":"//input[@id=\"application-managepartners-display-component---NewPartner--companyCodeComboBox-inner\"]"}
RESULT: {"using":"xpath","value":"//input[@id=\"application-managepartners-display-component---NewPartner--companyCodeComboBox-inner\"]"}
COMMAND: POST /session/121b5910f067d4d1941a4df48d2c59fa/element/f.F80EBE20359F196FC2F6F7CC51ACB296.d.92D95F3244B4BE366BC8874E2209F09C.e.13111/clear - {}
RESULT: {}
COMMAND: POST /session/121b5910f067d4d1941a4df48d2c59fa/element/f.F80EBE20359F196FC2F6F7CC51ACB296.d.92D95F3244B4BE366BC8874E2209F09C.e.13111/value - {"text":"C002"}
COMMAND: GET /session/121b5910f067d4d1941a4df48d2c59fa/screenshot - {}
RESULT: {"text":"C002"}
COMMAND: GET /session/121b5910f067d4d1941a4df48d2c59fa/screenshot - {}
RESULT: {}
RESULT: {}
COMMAND: POST /session/121b5910f067d4d1941a4df48d2c59fa/element - {"using":"xpath","value":"//li[.//span[text()= \"C002\"]]"}
RESULT: {"using":"xpath","value":"//li[.//span[text()= \"C002\"]]"}
COMMAND: POST /session/121b5910f067d4d1941a4df48d2c59fa/element/f.F80EBE20359F196FC2F6F7CC51ACB296.d.92D95F3244B4BE366BC8874E2209F09C.e.13255/click - {}
RESULT: {}
COMMAND: GET /session/121b5910f067d4d1941a4df48d2c59fa/screenshot - {}
RESULT: {}
COMMAND: POST /session/121b5910f067d4d1941a4df48d2c59fa/execute/async - {"script":"<script> [1562 bytes]","args":[{"selector":{"id":"application-managepartners-display-component---NewPartner--btnAddTableRow-img"},"wdio_ui5_key":"applicationmanagepartners-display-component---NewPartner--btnAddTableRow-img"}]}
RESULT: {"script":"<script> [1562 bytes]","args":[{"selector":{"id":"application-managepartners-display-component---NewPartner--btnAddTableRow-img"},"wdio_ui5_key":"applicationmanagepartners-display-component---NewPartner--btnAddTableRow-img"}]}
RESULT: undefined
COMMAND: POST /session/121b5910f067d4d1941a4df48d2c59fa/element - {"using":"xpath","value":"//*[@id=\"application-managepartners-display-component---NewPartner--btnAddTableRow-img\"]"}
RESULT: {"using":"xpath","value":"//*[@id=\"application-managepartners-display-component---NewPartner--btnAddTableRow-img\"]"}
COMMAND: POST /session/121b5910f067d4d1941a4df48d2c59fa/element/f.F80EBE20359F196FC2F6F7CC51ACB296.d.92D95F3244B4BE366BC8874E2209F09C.e.13256/click - {}
RESULT: {}
COMMAND: GET /session/121b5910f067d4d1941a4df48d2c59fa/screenshot - {}
RESULT: {}
COMMAND: POST /session/121b5910f067d4d1941a4df48d2c59fa/element - {"using":"xpath","value":"//input[@id=\"application-managepartners-display-component---NewPartner--assignmentYard-application-managepartners-display-component---NewPartner--assignmentsTable-0-inner\"]"}
RESULT: {"using":"xpath","value":"//input[@id=\"application-managepartners-display-component---NewPartner--assignmentYard-application-managepartners-display-component---NewPartner--assignmentsTable-0-inner\"]"}
COMMAND: POST /session/121b5910f067d4d1941a4df48d2c59fa/element/f.F80EBE20359F196FC2F6F7CC51ACB296.d.92D95F3244B4BE366BC8874E2209F09C.e.13259/clear - {}
RESULT: {}
COMMAND: POST /session/121b5910f067d4d1941a4df48d2c59fa/element/f.F80EBE20359F196FC2F6F7CC51ACB296.d.92D95F3244B4BE366BC8874E2209F09C.e.13259/value - {"text":"438"}
COMMAND: GET /session/121b5910f067d4d1941a4df48d2c59fa/screenshot - {}
RESULT: {"text":"438"}
COMMAND: GET /session/121b5910f067d4d1941a4df48d2c59fa/screenshot - {}
RESULT: {}
RESULT: {}
COMMAND: POST /session/121b5910f067d4d1941a4df48d2c59fa/element - {"using":"xpath","value":"//li[.//span[text()='438']]"}
RESULT: {"using":"xpath","value":"//li[.//span[text()='438']]"}
COMMAND: POST /session/121b5910f067d4d1941a4df48d2c59fa/element/f.F80EBE20359F196FC2F6F7CC51ACB296.d.92D95F3244B4BE366BC8874E2209F09C.e.13267/click - {}
RESULT: {}
COMMAND: GET /session/121b5910f067d4d1941a4df48d2c59fa/screenshot - {}
RESULT: {}
COMMAND: POST /session/121b5910f067d4d1941a4df48d2c59fa/actions - {"actions":[{"id":"action42","type":"key","parameters":{},"actions":[{"type":"keyDown","value":"î€‡"},{"type":"pause","duration":10},{"type":"keyUp","value":"î€‡"}]}]}
RESULT: {"actions":[{"id":"action42","type":"key","parameters":{},"actions":[{"type":"keyDown","value":"î€‡"},{"type":"pause","duration":10},{"type":"keyUp","value":"î€‡"}]}]}
COMMAND: POST /session/121b5910f067d4d1941a4df48d2c59fa/element - {"using":"xpath","value":"//td[contains(@id, \"assignmentsTable-0-cell2\")]/div/div"}
COMMAND: GET /session/121b5910f067d4d1941a4df48d2c59fa/screenshot - {}
RESULT: {"using":"xpath","value":"//td[contains(@id, \"assignmentsTable-0-cell2\")]/div/div"}
COMMAND: POST /session/121b5910f067d4d1941a4df48d2c59fa/element/f.F80EBE20359F196FC2F6F7CC51ACB296.d.92D95F3244B4BE366BC8874E2209F09C.e.13270/click - {}
RESULT: {}
RESULT: {}
COMMAND: GET /session/121b5910f067d4d1941a4df48d2c59fa/screenshot - {}
RESULT: {}
COMMAND: POST /session/121b5910f067d4d1941a4df48d2c59fa/element - {"using":"xpath","value":"//button[@data-kt=\"saveButton\"]"}
RESULT: {"using":"xpath","value":"//button[@data-kt=\"saveButton\"]"}
COMMAND: POST /session/121b5910f067d4d1941a4df48d2c59fa/element/f.F80EBE20359F196FC2F6F7CC51ACB296.d.92D95F3244B4BE366BC8874E2209F09C.e.13120/click - {}
RESULT: {}
COMMAND: GET /session/121b5910f067d4d1941a4df48d2c59fa/screenshot - {}
RESULT: {}
COMMAND: POST /session/121b5910f067d4d1941a4df48d2c59fa/element - {"using":"xpath","value":"//header[contains(@id, 'ObjectPageLayout-headerTitle')]/div[1]/div[2]/div[2]/span[1]"}
RESULT: {"using":"xpath","value":"//header[contains(@id, 'ObjectPageLayout-headerTitle')]/div[1]/div[2]/div[2]/span[1]"}
COMMAND: POST /session/121b5910f067d4d1941a4df48d2c59fa/elements - {"using":"xpath","value":"//header[contains(@id, 'ObjectPageLayout-headerTitle')]/div[1]/div[2]/div[2]/span[1]"}
RESULT: {"using":"xpath","value":"//header[contains(@id, 'ObjectPageLayout-headerTitle')]/div[1]/div[2]/div[2]/span[1]"}
COMMAND: POST /session/121b5910f067d4d1941a4df48d2c59fa/execute/sync - {"script":"<script> [56 bytes]","args":[{"element-6066-11e4-a52e-4f735466cecf":"f.F80EBE20359F196FC2F6F7CC51ACB296.d.92D95F3244B4BE366BC8874E2209F09C.e.13433","ELEMENT":"f.F80EBE20359F196FC2F6F7CC51ACB296.d.92D95F3244B4BE366BC8874E2209F09C.e.13433"}]}
RESULT: {"script":"<script> [56 bytes]","args":[{"element-6066-11e4-a52e-4f735466cecf":"f.F80EBE20359F196FC2F6F7CC51ACB296.d.92D95F3244B4BE366BC8874E2209F09C.e.13433","ELEMENT":"f.F80EBE20359F196FC2F6F7CC51ACB296.d.92D95F3244B4BE366BC8874E2209F09C.e.13433"}]}
COMMAND: POST /session/121b5910f067d4d1941a4df48d2c59fa/element - {"using":"css selector","value":"#shell-header-logo"}
COMMAND: GET /session/121b5910f067d4d1941a4df48d2c59fa/screenshot - {}
RESULT: {"using":"css selector","value":"#shell-header-logo"}
COMMAND: POST /session/121b5910f067d4d1941a4df48d2c59fa/element/f.F80EBE20359F196FC2F6F7CC51ACB296.d.92D95F3244B4BE366BC8874E2209F09C.e.12755/click - {}
RESULT: {}
RESULT: {}
COMMAND: GET /session/121b5910f067d4d1941a4df48d2c59fa/screenshot - {}
RESULT: {}
COMMAND: POST /session/121b5910f067d4d1941a4df48d2c59fa/execute/sync - {"script":"<script> [299 bytes]","args":[["getModel","getResource"]]}
RESULT: {"script":"<script> [299 bytes]","args":[["getModel","getResource"]]}
]]></system-out>
    </testcase>
    <testcase classname="chrome.136_0_7103_93.windows.Provide_to_Site_w/o_warehouse_management_w/_clarification_US116605" name="Should create a new site" time="99.588">
      <system-out><![CDATA[
COMMAND: POST /session/121b5910f067d4d1941a4df48d2c59fa/execute/async - {"script":"<script> [1562 bytes]","args":[{"selector":{"controlType":"sap.m.GenericTile","properties":{"header":"Manage Sites"}},"wdio_ui5_key":"sapm.GenericTile{\"header\":\"Manage Sites\"}"}]}
COMMAND: GET /session/121b5910f067d4d1941a4df48d2c59fa/screenshot - {}
RESULT: {"script":"<script> [1562 bytes]","args":[{"selector":{"controlType":"sap.m.GenericTile","properties":{"header":"Manage Sites"}},"wdio_ui5_key":"sapm.GenericTile{\"header\":\"Manage Sites\"}"}]}
RESULT: undefined
COMMAND: POST /session/121b5910f067d4d1941a4df48d2c59fa/element - {"using":"xpath","value":"//*[@id=\"__tile32\"]"}
RESULT: {}
RESULT: {"using":"xpath","value":"//*[@id=\"__tile32\"]"}
COMMAND: POST /session/121b5910f067d4d1941a4df48d2c59fa/element/f.F80EBE20359F196FC2F6F7CC51ACB296.d.92D95F3244B4BE366BC8874E2209F09C.e.11908/click - {}
RESULT: {}
COMMAND: GET /session/121b5910f067d4d1941a4df48d2c59fa/screenshot - {}
RESULT: {}
COMMAND: POST /session/121b5910f067d4d1941a4df48d2c59fa/elements - {"using":"xpath","value":"//span[text()='Error']"}
RESULT: {"using":"xpath","value":"//span[text()='Error']"}
COMMAND: POST /session/121b5910f067d4d1941a4df48d2c59fa/element - {"using":"xpath","value":"//button[@data-kt=\"addOverflowToolbarButton\"]"}
RESULT: {"using":"xpath","value":"//button[@data-kt=\"addOverflowToolbarButton\"]"}
COMMAND: POST /session/121b5910f067d4d1941a4df48d2c59fa/elements - {"using":"xpath","value":"//button[@data-kt=\"addOverflowToolbarButton\"]"}
RESULT: {"using":"xpath","value":"//button[@data-kt=\"addOverflowToolbarButton\"]"}
COMMAND: POST /session/121b5910f067d4d1941a4df48d2c59fa/execute/sync - {"script":"<script> [8489 bytes]","args":[{"element-6066-11e4-a52e-4f735466cecf":"f.F80EBE20359F196FC2F6F7CC51ACB296.d.92D95F3244B4BE366BC8874E2209F09C.e.13472","ELEMENT":"f.F80EBE20359F196FC2F6F7CC51ACB296.d.92D95F3244B4BE366BC8874E2209F09C.e.13472"}]}
RESULT: {"script":"<script> [8489 bytes]","args":[{"element-6066-11e4-a52e-4f735466cecf":"f.F80EBE20359F196FC2F6F7CC51ACB296.d.92D95F3244B4BE366BC8874E2209F09C.e.13472","ELEMENT":"f.F80EBE20359F196FC2F6F7CC51ACB296.d.92D95F3244B4BE366BC8874E2209F09C.e.13472"}]}
COMMAND: GET /session/121b5910f067d4d1941a4df48d2c59fa/element/f.F80EBE20359F196FC2F6F7CC51ACB296.d.92D95F3244B4BE366BC8874E2209F09C.e.13472/enabled - {}
COMMAND: GET /session/121b5910f067d4d1941a4df48d2c59fa/screenshot - {}
RESULT: {}
COMMAND: POST /session/121b5910f067d4d1941a4df48d2c59fa/execute/sync - {"script":"<script> [8489 bytes]","args":[{"element-6066-11e4-a52e-4f735466cecf":"f.F80EBE20359F196FC2F6F7CC51ACB296.d.92D95F3244B4BE366BC8874E2209F09C.e.13472","ELEMENT":"f.F80EBE20359F196FC2F6F7CC51ACB296.d.92D95F3244B4BE366BC8874E2209F09C.e.13472"}]}
COMMAND: GET /session/121b5910f067d4d1941a4df48d2c59fa/screenshot - {}
RESULT: {}
RESULT: {"script":"<script> [8489 bytes]","args":[{"element-6066-11e4-a52e-4f735466cecf":"f.F80EBE20359F196FC2F6F7CC51ACB296.d.92D95F3244B4BE366BC8874E2209F09C.e.13472","ELEMENT":"f.F80EBE20359F196FC2F6F7CC51ACB296.d.92D95F3244B4BE366BC8874E2209F09C.e.13472"}]}
COMMAND: POST /session/121b5910f067d4d1941a4df48d2c59fa/execute/sync - {"script":"<script> [5351 bytes]","args":[{"element-6066-11e4-a52e-4f735466cecf":"f.F80EBE20359F196FC2F6F7CC51ACB296.d.92D95F3244B4BE366BC8874E2209F09C.e.13472","ELEMENT":"f.F80EBE20359F196FC2F6F7CC51ACB296.d.92D95F3244B4BE366BC8874E2209F09C.e.13472"}]}
COMMAND: GET /session/121b5910f067d4d1941a4df48d2c59fa/screenshot - {}
RESULT: {}
RESULT: {}
RESULT: {"script":"<script> [5351 bytes]","args":[{"element-6066-11e4-a52e-4f735466cecf":"f.F80EBE20359F196FC2F6F7CC51ACB296.d.92D95F3244B4BE366BC8874E2209F09C.e.13472","ELEMENT":"f.F80EBE20359F196FC2F6F7CC51ACB296.d.92D95F3244B4BE366BC8874E2209F09C.e.13472"}]}
COMMAND: POST /session/121b5910f067d4d1941a4df48d2c59fa/element/f.F80EBE20359F196FC2F6F7CC51ACB296.d.92D95F3244B4BE366BC8874E2209F09C.e.13472/click - {}
COMMAND: GET /session/121b5910f067d4d1941a4df48d2c59fa/screenshot - {}
RESULT: {}
COMMAND: GET /session/121b5910f067d4d1941a4df48d2c59fa/screenshot - {}
RESULT: {}
RESULT: {}
COMMAND: POST /session/121b5910f067d4d1941a4df48d2c59fa/element - {"using":"xpath","value":"//input[@id=\"application-managesites-display-component---NewSite--siteId-inner\"]"}
RESULT: {"using":"xpath","value":"//input[@id=\"application-managesites-display-component---NewSite--siteId-inner\"]"}
COMMAND: POST /session/121b5910f067d4d1941a4df48d2c59fa/element - {"using":"xpath","value":"//input[@id=\"application-managesites-display-component---NewSite--siteId-inner\"]"}
RESULT: {"using":"xpath","value":"//input[@id=\"application-managesites-display-component---NewSite--siteId-inner\"]"}
COMMAND: POST /session/121b5910f067d4d1941a4df48d2c59fa/execute/async - {"script":"<script> [1562 bytes]","args":[{"selector":{"id":"application-managesites-display-component---NewSite--addressDetailDetailsName1","interaction":{"idSuffix":"inner"}},"wdio_ui5_key":"applicationmanagesites-display-component---NewSite--addressDetailDetailsName1"}]}
RESULT: {"script":"<script> [1562 bytes]","args":[{"selector":{"id":"application-managesites-display-component---NewSite--addressDetailDetailsName1","interaction":{"idSuffix":"inner"}},"wdio_ui5_key":"applicationmanagesites-display-component---NewSite--addressDetailDetailsName1"}]}
RESULT: undefined
COMMAND: POST /session/121b5910f067d4d1941a4df48d2c59fa/execute/async - {"script":"<script> [776 bytes]","args":[{"enterText":"Other Type Site WDIO","selector":{"id":"application-managesites-display-component---NewSite--addressDetailDetailsName1","interaction":{"idSuffix":"inner"}},"clearTextFirst":true,"interactionType":"ENTER_TEXT"}]}
RESULT: {"script":"<script> [776 bytes]","args":[{"enterText":"Other Type Site WDIO","selector":{"id":"application-managesites-display-component---NewSite--addressDetailDetailsName1","interaction":{"idSuffix":"inner"}},"clearTextFirst":true,"interactionType":"ENTER_TEXT"}]}
COMMAND: POST /session/121b5910f067d4d1941a4df48d2c59fa/execute/async - {"script":"<script> [1562 bytes]","args":[{"selector":{"id":"application-managesites-display-component---NewSite--addressDetailDetailsLanguage-arrow"},"wdio_ui5_key":"applicationmanagesites-display-component---NewSite--addressDetailDetailsLanguage-arrow"}]}
RESULT: {"script":"<script> [1562 bytes]","args":[{"selector":{"id":"application-managesites-display-component---NewSite--addressDetailDetailsLanguage-arrow"},"wdio_ui5_key":"applicationmanagesites-display-component---NewSite--addressDetailDetailsLanguage-arrow"}]}
RESULT: undefined
COMMAND: POST /session/121b5910f067d4d1941a4df48d2c59fa/element - {"using":"xpath","value":"//*[@id=\"application-managesites-display-component---NewSite--addressDetailDetailsLanguage-arrow\"]"}
RESULT: {"using":"xpath","value":"//*[@id=\"application-managesites-display-component---NewSite--addressDetailDetailsLanguage-arrow\"]"}
COMMAND: POST /session/121b5910f067d4d1941a4df48d2c59fa/element/f.F80EBE20359F196FC2F6F7CC51ACB296.d.92D95F3244B4BE366BC8874E2209F09C.e.13880/click - {}
RESULT: {}
COMMAND: POST /session/121b5910f067d4d1941a4df48d2c59fa/element - {"using":"xpath","value":"//span[contains(text(), \"English\")]"}
COMMAND: GET /session/121b5910f067d4d1941a4df48d2c59fa/screenshot - {}
RESULT: {"using":"xpath","value":"//span[contains(text(), \"English\")]"}
COMMAND: POST /session/121b5910f067d4d1941a4df48d2c59fa/element/f.F80EBE20359F196FC2F6F7CC51ACB296.d.92D95F3244B4BE366BC8874E2209F09C.e.13881/click - {}
RESULT: {}
RESULT: {}
COMMAND: POST /session/121b5910f067d4d1941a4df48d2c59fa/execute/async - {"script":"<script> [1562 bytes]","args":[{"selector":{"id":"application-managesites-display-component---NewSite--addressDetailDetailsCity1","interaction":{"idSuffix":"inner"}},"wdio_ui5_key":"applicationmanagesites-display-component---NewSite--addressDetailDetailsCity1"}]}
COMMAND: GET /session/121b5910f067d4d1941a4df48d2c59fa/screenshot - {}
RESULT: {"script":"<script> [1562 bytes]","args":[{"selector":{"id":"application-managesites-display-component---NewSite--addressDetailDetailsCity1","interaction":{"idSuffix":"inner"}},"wdio_ui5_key":"applicationmanagesites-display-component---NewSite--addressDetailDetailsCity1"}]}
RESULT: undefined
COMMAND: POST /session/121b5910f067d4d1941a4df48d2c59fa/execute/async - {"script":"<script> [776 bytes]","args":[{"enterText":"Rosario","selector":{"id":"application-managesites-display-component---NewSite--addressDetailDetailsCity1","interaction":{"idSuffix":"inner"}},"clearTextFirst":true,"interactionType":"ENTER_TEXT"}]}
RESULT: {}
RESULT: {"script":"<script> [776 bytes]","args":[{"enterText":"Rosario","selector":{"id":"application-managesites-display-component---NewSite--addressDetailDetailsCity1","interaction":{"idSuffix":"inner"}},"clearTextFirst":true,"interactionType":"ENTER_TEXT"}]}
COMMAND: POST /session/121b5910f067d4d1941a4df48d2c59fa/execute/async - {"script":"<script> [1562 bytes]","args":[{"selector":{"id":"application-managesites-display-component---NewSite--addressDetailDetailsCountry-arrow"},"wdio_ui5_key":"applicationmanagesites-display-component---NewSite--addressDetailDetailsCountry-arrow"}]}
RESULT: {"script":"<script> [1562 bytes]","args":[{"selector":{"id":"application-managesites-display-component---NewSite--addressDetailDetailsCountry-arrow"},"wdio_ui5_key":"applicationmanagesites-display-component---NewSite--addressDetailDetailsCountry-arrow"}]}
RESULT: undefined
COMMAND: POST /session/121b5910f067d4d1941a4df48d2c59fa/element - {"using":"xpath","value":"//*[@id=\"application-managesites-display-component---NewSite--addressDetailDetailsCountry-arrow\"]"}
RESULT: {"using":"xpath","value":"//*[@id=\"application-managesites-display-component---NewSite--addressDetailDetailsCountry-arrow\"]"}
COMMAND: POST /session/121b5910f067d4d1941a4df48d2c59fa/element/f.F80EBE20359F196FC2F6F7CC51ACB296.d.92D95F3244B4BE366BC8874E2209F09C.e.13883/click - {}
RESULT: {}
COMMAND: POST /session/121b5910f067d4d1941a4df48d2c59fa/element - {"using":"xpath","value":"//span[contains(text(), \"Argentina\")]"}
COMMAND: GET /session/121b5910f067d4d1941a4df48d2c59fa/screenshot - {}
RESULT: {"using":"xpath","value":"//span[contains(text(), \"Argentina\")]"}
COMMAND: POST /session/121b5910f067d4d1941a4df48d2c59fa/element/f.F80EBE20359F196FC2F6F7CC51ACB296.d.92D95F3244B4BE366BC8874E2209F09C.e.13884/click - {}
RESULT: {}
RESULT: {}
COMMAND: GET /session/121b5910f067d4d1941a4df48d2c59fa/screenshot - {}
RESULT: {}
COMMAND: POST /session/121b5910f067d4d1941a4df48d2c59fa/execute/async - {"script":"<script> [1562 bytes]","args":[{"selector":{"id":"application-managesites-display-component---NewSite--addressEditDetailsCostObjectCstType-arrow"},"wdio_ui5_key":"applicationmanagesites-display-component---NewSite--addressEditDetailsCostObjectCstType-arrow"}]}
RESULT: {"script":"<script> [1562 bytes]","args":[{"selector":{"id":"application-managesites-display-component---NewSite--addressEditDetailsCostObjectCstType-arrow"},"wdio_ui5_key":"applicationmanagesites-display-component---NewSite--addressEditDetailsCostObjectCstType-arrow"}]}
RESULT: undefined
COMMAND: POST /session/121b5910f067d4d1941a4df48d2c59fa/element - {"using":"xpath","value":"//*[@id=\"application-managesites-display-component---NewSite--addressEditDetailsCostObjectCstType-arrow\"]"}
RESULT: {"using":"xpath","value":"//*[@id=\"application-managesites-display-component---NewSite--addressEditDetailsCostObjectCstType-arrow\"]"}
COMMAND: POST /session/121b5910f067d4d1941a4df48d2c59fa/element/f.F80EBE20359F196FC2F6F7CC51ACB296.d.92D95F3244B4BE366BC8874E2209F09C.e.13886/click - {}
RESULT: {}
COMMAND: POST /session/121b5910f067d4d1941a4df48d2c59fa/element - {"using":"xpath","value":"//span[contains(text(), \"Cost Center\")]"}
COMMAND: GET /session/121b5910f067d4d1941a4df48d2c59fa/screenshot - {}
RESULT: {"using":"xpath","value":"//span[contains(text(), \"Cost Center\")]"}
COMMAND: POST /session/121b5910f067d4d1941a4df48d2c59fa/element/f.F80EBE20359F196FC2F6F7CC51ACB296.d.92D95F3244B4BE366BC8874E2209F09C.e.13887/click - {}
RESULT: {}
RESULT: {}
COMMAND: GET /session/121b5910f067d4d1941a4df48d2c59fa/screenshot - {}
RESULT: {}
COMMAND: POST /session/121b5910f067d4d1941a4df48d2c59fa/element - {"using":"xpath","value":"//span[@id=\"application-managesites-display-component---NewSite--addressNewCostObjectCstID-vhi\"]"}
RESULT: {"using":"xpath","value":"//span[@id=\"application-managesites-display-component---NewSite--addressNewCostObjectCstID-vhi\"]"}
COMMAND: POST /session/121b5910f067d4d1941a4df48d2c59fa/execute/sync - {"script":"<script> [8489 bytes]","args":[{"element-6066-11e4-a52e-4f735466cecf":"f.F80EBE20359F196FC2F6F7CC51ACB296.d.92D95F3244B4BE366BC8874E2209F09C.e.13892","ELEMENT":"f.F80EBE20359F196FC2F6F7CC51ACB296.d.92D95F3244B4BE366BC8874E2209F09C.e.13892"}]}
RESULT: {"script":"<script> [8489 bytes]","args":[{"element-6066-11e4-a52e-4f735466cecf":"f.F80EBE20359F196FC2F6F7CC51ACB296.d.92D95F3244B4BE366BC8874E2209F09C.e.13892","ELEMENT":"f.F80EBE20359F196FC2F6F7CC51ACB296.d.92D95F3244B4BE366BC8874E2209F09C.e.13892"}]}
COMMAND: POST /session/121b5910f067d4d1941a4df48d2c59fa/execute/async - {"script":"<script> [1562 bytes]","args":[{"selector":{"id":"application-managesites-display-component---NewSite--addressNewCostObjectCstID-vhi"},"wdio_ui5_key":"applicationmanagesites-display-component---NewSite--addressNewCostObjectCstID-vhi"}]}
COMMAND: GET /session/121b5910f067d4d1941a4df48d2c59fa/screenshot - {}
RESULT: {"script":"<script> [1562 bytes]","args":[{"selector":{"id":"application-managesites-display-component---NewSite--addressNewCostObjectCstID-vhi"},"wdio_ui5_key":"applicationmanagesites-display-component---NewSite--addressNewCostObjectCstID-vhi"}]}
RESULT: undefined
COMMAND: POST /session/121b5910f067d4d1941a4df48d2c59fa/element - {"using":"xpath","value":"//*[@id=\"application-managesites-display-component---NewSite--addressNewCostObjectCstID-vhi\"]"}
RESULT: {}
RESULT: {"using":"xpath","value":"//*[@id=\"application-managesites-display-component---NewSite--addressNewCostObjectCstID-vhi\"]"}
COMMAND: POST /session/121b5910f067d4d1941a4df48d2c59fa/element/f.F80EBE20359F196FC2F6F7CC51ACB296.d.92D95F3244B4BE366BC8874E2209F09C.e.13892/click - {}
RESULT: {}
COMMAND: GET /session/121b5910f067d4d1941a4df48d2c59fa/screenshot - {}
RESULT: {}
RESULT: undefined
COMMAND: POST /session/121b5910f067d4d1941a4df48d2c59fa/execute/async - {"script":"<script> [776 bytes]","args":[{"enterText":"10001013","selector":{"controlType":"sap.m.SearchField","properties":{"placeholder":"Search"},"searchOpenDialogs":true,"interaction":{"idSuffix":"I"}},"clearTextFirst":true,"interactionType":"ENTER_TEXT"}]}
RESULT: {"script":"<script> [776 bytes]","args":[{"enterText":"10001013","selector":{"controlType":"sap.m.SearchField","properties":{"placeholder":"Search"},"searchOpenDialogs":true,"interaction":{"idSuffix":"I"}},"clearTextFirst":true,"interactionType":"ENTER_TEXT"}]}
COMMAND: POST /session/121b5910f067d4d1941a4df48d2c59fa/actions - {"actions":[{"id":"action43","type":"key","parameters":{},"actions":[{"type":"keyDown","value":"î€‡"},{"type":"pause","duration":10},{"type":"keyUp","value":"î€‡"}]}]}
RESULT: {"actions":[{"id":"action43","type":"key","parameters":{},"actions":[{"type":"keyDown","value":"î€‡"},{"type":"pause","duration":10},{"type":"keyUp","value":"î€‡"}]}]}
COMMAND: GET /session/121b5910f067d4d1941a4df48d2c59fa/screenshot - {}
RESULT: {}
COMMAND: POST /session/121b5910f067d4d1941a4df48d2c59fa/element - {"using":"xpath","value":"//span[contains(text(), \"General Management\")]"}
RESULT: {"using":"xpath","value":"//span[contains(text(), \"General Management\")]"}
COMMAND: POST /session/121b5910f067d4d1941a4df48d2c59fa/element/f.F80EBE20359F196FC2F6F7CC51ACB296.d.92D95F3244B4BE366BC8874E2209F09C.e.13931/click - {}
RESULT: {}
COMMAND: GET /session/121b5910f067d4d1941a4df48d2c59fa/screenshot - {}
RESULT: {}
COMMAND: POST /session/121b5910f067d4d1941a4df48d2c59fa/element - {"using":"xpath","value":"//bdi[contains(text(), \"OK\")]"}
RESULT: {"using":"xpath","value":"//bdi[contains(text(), \"OK\")]"}
COMMAND: POST /session/121b5910f067d4d1941a4df48d2c59fa/element/f.F80EBE20359F196FC2F6F7CC51ACB296.d.92D95F3244B4BE366BC8874E2209F09C.e.13932/click - {}
RESULT: {}
COMMAND: GET /session/121b5910f067d4d1941a4df48d2c59fa/screenshot - {}
RESULT: {}
COMMAND: POST /session/121b5910f067d4d1941a4df48d2c59fa/element - {"using":"xpath","value":"//input[@id=\"application-managesites-display-component---NewSite--addressDetailDetailsCalendar-inner\"]"}
RESULT: {"using":"xpath","value":"//input[@id=\"application-managesites-display-component---NewSite--addressDetailDetailsCalendar-inner\"]"}
COMMAND: POST /session/121b5910f067d4d1941a4df48d2c59fa/element/f.F80EBE20359F196FC2F6F7CC51ACB296.d.92D95F3244B4BE366BC8874E2209F09C.e.13675/clear - {}
RESULT: {}
COMMAND: POST /session/121b5910f067d4d1941a4df48d2c59fa/element/f.F80EBE20359F196FC2F6F7CC51ACB296.d.92D95F3244B4BE366BC8874E2209F09C.e.13675/value - {"text":"Unit"}
COMMAND: GET /session/121b5910f067d4d1941a4df48d2c59fa/screenshot - {}
RESULT: {"text":"Unit"}
COMMAND: GET /session/121b5910f067d4d1941a4df48d2c59fa/screenshot - {}
RESULT: {}
RESULT: {}
COMMAND: POST /session/121b5910f067d4d1941a4df48d2c59fa/actions - {"actions":[{"id":"action44","type":"key","parameters":{},"actions":[{"type":"keyDown","value":"î€‡"},{"type":"pause","duration":10},{"type":"keyUp","value":"î€‡"}]}]}
RESULT: {"actions":[{"id":"action44","type":"key","parameters":{},"actions":[{"type":"keyDown","value":"î€‡"},{"type":"pause","duration":10},{"type":"keyUp","value":"î€‡"}]}]}
COMMAND: POST /session/121b5910f067d4d1941a4df48d2c59fa/element - {"using":"xpath","value":"//input[@id=\"application-managesites-display-component---NewSite--addressDetailDetailsYard-inner\"]"}
COMMAND: GET /session/121b5910f067d4d1941a4df48d2c59fa/screenshot - {}
RESULT: {"using":"xpath","value":"//input[@id=\"application-managesites-display-component---NewSite--addressDetailDetailsYard-inner\"]"}
COMMAND: POST /session/121b5910f067d4d1941a4df48d2c59fa/element/f.F80EBE20359F196FC2F6F7CC51ACB296.d.92D95F3244B4BE366BC8874E2209F09C.e.13676/clear - {}
RESULT: {}
RESULT: {}
COMMAND: POST /session/121b5910f067d4d1941a4df48d2c59fa/element/f.F80EBE20359F196FC2F6F7CC51ACB296.d.92D95F3244B4BE366BC8874E2209F09C.e.13676/value - {"text":"438"}
COMMAND: GET /session/121b5910f067d4d1941a4df48d2c59fa/screenshot - {}
RESULT: {"text":"438"}
COMMAND: GET /session/121b5910f067d4d1941a4df48d2c59fa/screenshot - {}
RESULT: {}
RESULT: {}
COMMAND: POST /session/121b5910f067d4d1941a4df48d2c59fa/element - {"using":"xpath","value":"//li[.//span[text()='438']]"}
RESULT: {"using":"xpath","value":"//li[.//span[text()='438']]"}
COMMAND: POST /session/121b5910f067d4d1941a4df48d2c59fa/element/f.F80EBE20359F196FC2F6F7CC51ACB296.d.92D95F3244B4BE366BC8874E2209F09C.e.13940/click - {}
RESULT: {}
COMMAND: GET /session/121b5910f067d4d1941a4df48d2c59fa/screenshot - {}
RESULT: {}
COMMAND: POST /session/121b5910f067d4d1941a4df48d2c59fa/element - {"using":"xpath","value":"//input[@id=\"application-managesites-display-component---NewSite--addressDetailDetailsPartner-inner\"]"}
RESULT: {"using":"xpath","value":"//input[@id=\"application-managesites-display-component---NewSite--addressDetailDetailsPartner-inner\"]"}
COMMAND: POST /session/121b5910f067d4d1941a4df48d2c59fa/element - {"using":"xpath","value":"//input[@id=\"application-managesites-display-component---NewSite--addressDetailDetailsPartner-inner\"]"}
RESULT: {"using":"xpath","value":"//input[@id=\"application-managesites-display-component---NewSite--addressDetailDetailsPartner-inner\"]"}
COMMAND: POST /session/121b5910f067d4d1941a4df48d2c59fa/element - {"using":"xpath","value":"//button[@data-kt=\"saveButton\"]"}
RESULT: {"using":"xpath","value":"//button[@data-kt=\"saveButton\"]"}
COMMAND: POST /session/121b5910f067d4d1941a4df48d2c59fa/element/f.F80EBE20359F196FC2F6F7CC51ACB296.d.92D95F3244B4BE366BC8874E2209F09C.e.13806/click - {}
RESULT: {}
COMMAND: GET /session/121b5910f067d4d1941a4df48d2c59fa/screenshot - {}
RESULT: {}
COMMAND: POST /session/121b5910f067d4d1941a4df48d2c59fa/element - {"using":"xpath","value":"//header[contains(@id, 'ObjectPageLayout-headerTitle')]/div[1]/div[2]/div[2]/span[1]"}
RESULT: {"using":"xpath","value":"//header[contains(@id, 'ObjectPageLayout-headerTitle')]/div[1]/div[2]/div[2]/span[1]"}
COMMAND: POST /session/121b5910f067d4d1941a4df48d2c59fa/elements - {"using":"xpath","value":"//header[contains(@id, 'ObjectPageLayout-headerTitle')]/div[1]/div[2]/div[2]/span[1]"}
RESULT: {"using":"xpath","value":"//header[contains(@id, 'ObjectPageLayout-headerTitle')]/div[1]/div[2]/div[2]/span[1]"}
COMMAND: POST /session/121b5910f067d4d1941a4df48d2c59fa/execute/sync - {"script":"<script> [56 bytes]","args":[{"element-6066-11e4-a52e-4f735466cecf":"f.F80EBE20359F196FC2F6F7CC51ACB296.d.92D95F3244B4BE366BC8874E2209F09C.e.14140","ELEMENT":"f.F80EBE20359F196FC2F6F7CC51ACB296.d.92D95F3244B4BE366BC8874E2209F09C.e.14140"}]}
RESULT: {"script":"<script> [56 bytes]","args":[{"element-6066-11e4-a52e-4f735466cecf":"f.F80EBE20359F196FC2F6F7CC51ACB296.d.92D95F3244B4BE366BC8874E2209F09C.e.14140","ELEMENT":"f.F80EBE20359F196FC2F6F7CC51ACB296.d.92D95F3244B4BE366BC8874E2209F09C.e.14140"}]}
COMMAND: POST /session/121b5910f067d4d1941a4df48d2c59fa/element - {"using":"css selector","value":"#shell-header-logo"}
COMMAND: GET /session/121b5910f067d4d1941a4df48d2c59fa/screenshot - {}
RESULT: {"using":"css selector","value":"#shell-header-logo"}
COMMAND: POST /session/121b5910f067d4d1941a4df48d2c59fa/element/f.F80EBE20359F196FC2F6F7CC51ACB296.d.92D95F3244B4BE366BC8874E2209F09C.e.13438/click - {}
RESULT: {}
RESULT: {}
COMMAND: GET /session/121b5910f067d4d1941a4df48d2c59fa/screenshot - {}
RESULT: {}
COMMAND: POST /session/121b5910f067d4d1941a4df48d2c59fa/execute/sync - {"script":"<script> [299 bytes]","args":[["getModel","getResource"]]}
RESULT: {"script":"<script> [299 bytes]","args":[["getModel","getResource"]]}
]]></system-out>
    </testcase>
  </testsuite>
  <testsuite timestamp="2025-05-16T06:22:02" time="398.596" tests="6" failures="5" errors="5" skipped="0">
    <properties>
      <property name="specId" value="0" />
      <property name="suiteName" value="Provide to Site w/o warehouse management w clarification" />
      <property name="capabilities" value="chrome.136_0_7103_93.windows" />
      <property name="file" value="file:///D:/a/1/s/test/specs/HTR/provide-to-site-wo-warehouse-w-clarification.spec.js" />
    </properties>
    <testcase classname="chrome.136_0_7103_93.windows.Provide_to_Site_w/o_warehouse_management_w_clarification" name="Should test for Clarification" time="0.007">
      <system-out><![CDATA[
COMMAND: GET /session/121b5910f067d4d1941a4df48d2c59fa/screenshot - {}
COMMAND: POST /session/121b5910f067d4d1941a4df48d2c59fa/element - {"using":"css selector","value":"#j_username"}
COMMAND: POST /session/121b5910f067d4d1941a4df48d2c59fa/url - {"url":"https://qa-testing-00-live-etm-ui.cfapps.eu10-004.hana.ondemand.com/"}
COMMAND: GET /session/121b5910f067d4d1941a4df48d2c59fa/screenshot - {}
RESULT: {}
RESULT: {"using":"css selector","value":"#j_username"}
COMMAND: POST /session/121b5910f067d4d1941a4df48d2c59fa/element - {"using":"css selector","value":"#j_username"}
RESULT: {"url":"https://qa-testing-00-live-etm-ui.cfapps.eu10-004.hana.ondemand.com/"}
RESULT: undefined
COMMAND: GET /session/121b5910f067d4d1941a4df48d2c59fa/screenshot - {}
RESULT: {}
RESULT: {"using":"css selector","value":"#j_username"}
COMMAND: POST /session/121b5910f067d4d1941a4df48d2c59fa/element - {"using":"css selector","value":"#shell-header-logo"}
RESULT: {}
RESULT: {"using":"css selector","value":"#shell-header-logo"}
COMMAND: POST /session/121b5910f067d4d1941a4df48d2c59fa/execute/sync - {"script":"<script> [8489 bytes]","args":[{"element-6066-11e4-a52e-4f735466cecf":"f.F80EBE20359F196FC2F6F7CC51ACB296.d.E359D34E845B800B59D5B655829497D6.e.14164","ELEMENT":"f.F80EBE20359F196FC2F6F7CC51ACB296.d.E359D34E845B800B59D5B655829497D6.e.14164"}]}
RESULT: {"script":"<script> [8489 bytes]","args":[{"element-6066-11e4-a52e-4f735466cecf":"f.F80EBE20359F196FC2F6F7CC51ACB296.d.E359D34E845B800B59D5B655829497D6.e.14164","ELEMENT":"f.F80EBE20359F196FC2F6F7CC51ACB296.d.E359D34E845B800B59D5B655829497D6.e.14164"}]}
COMMAND: POST /session/121b5910f067d4d1941a4df48d2c59fa/element - {"using":"css selector","value":"#shell-header-logo"}
COMMAND: GET /session/121b5910f067d4d1941a4df48d2c59fa/screenshot - {}
RESULT: {"using":"css selector","value":"#shell-header-logo"}
COMMAND: POST /session/121b5910f067d4d1941a4df48d2c59fa/execute/sync - {"script":"<script> [8489 bytes]","args":[{"element-6066-11e4-a52e-4f735466cecf":"f.F80EBE20359F196FC2F6F7CC51ACB296.d.E359D34E845B800B59D5B655829497D6.e.14164","ELEMENT":"f.F80EBE20359F196FC2F6F7CC51ACB296.d.E359D34E845B800B59D5B655829497D6.e.14164"}]}
RESULT: {}
RESULT: {"script":"<script> [8489 bytes]","args":[{"element-6066-11e4-a52e-4f735466cecf":"f.F80EBE20359F196FC2F6F7CC51ACB296.d.E359D34E845B800B59D5B655829497D6.e.14164","ELEMENT":"f.F80EBE20359F196FC2F6F7CC51ACB296.d.E359D34E845B800B59D5B655829497D6.e.14164"}]}
COMMAND: POST /session/121b5910f067d4d1941a4df48d2c59fa/execute/sync - {"script":"<script> [5351 bytes]","args":[{"element-6066-11e4-a52e-4f735466cecf":"f.F80EBE20359F196FC2F6F7CC51ACB296.d.E359D34E845B800B59D5B655829497D6.e.14164","ELEMENT":"f.F80EBE20359F196FC2F6F7CC51ACB296.d.E359D34E845B800B59D5B655829497D6.e.14164"}]}
COMMAND: GET /session/121b5910f067d4d1941a4df48d2c59fa/screenshot - {}
RESULT: {"script":"<script> [5351 bytes]","args":[{"element-6066-11e4-a52e-4f735466cecf":"f.F80EBE20359F196FC2F6F7CC51ACB296.d.E359D34E845B800B59D5B655829497D6.e.14164","ELEMENT":"f.F80EBE20359F196FC2F6F7CC51ACB296.d.E359D34E845B800B59D5B655829497D6.e.14164"}]}
COMMAND: POST /session/121b5910f067d4d1941a4df48d2c59fa/element - {"using":"css selector","value":"#shell-header-logo"}
COMMAND: GET /session/121b5910f067d4d1941a4df48d2c59fa/screenshot - {}
RESULT: {}
RESULT: {"using":"css selector","value":"#shell-header-logo"}
COMMAND: POST /session/121b5910f067d4d1941a4df48d2c59fa/element/f.F80EBE20359F196FC2F6F7CC51ACB296.d.E359D34E845B800B59D5B655829497D6.e.14164/click - {}
RESULT: {}
RESULT: {}
COMMAND: GET /session/121b5910f067d4d1941a4df48d2c59fa/screenshot - {}
RESULT: {}
COMMAND: POST /session/121b5910f067d4d1941a4df48d2c59fa/execute/async - {"script":"<script> [189 bytes]","args":[]}
RESULT: {"script":"<script> [189 bytes]","args":[]}
COMMAND: POST /session/121b5910f067d4d1941a4df48d2c59fa/execute/async - {"script":"<script> [123 bytes]","args":[]}
RESULT: {"script":"<script> [123 bytes]","args":[]}
COMMAND: POST /session/121b5910f067d4d1941a4df48d2c59fa/timeouts - {"script":"<number>"}
RESULT: {"script":"<number>"}
COMMAND: GET /session/121b5910f067d4d1941a4df48d2c59fa/timeouts - {}
RESULT: {}
RESULT: undefined
COMMAND: POST /session/121b5910f067d4d1941a4df48d2c59fa/execute/async - {"script":"<script> [2676 bytes]","args":[]}
RESULT: {"script":"<script> [2676 bytes]","args":[]}
COMMAND: POST /session/121b5910f067d4d1941a4df48d2c59fa/execute/async - {"script":"<script> [2342 bytes]","args":[{"protocol":"http","hostname":"0.0.0.0","path":"/","capabilities":{"browserName":"chrome","goog:chromeOptions":{"binary":"C:\\Program Files\\Google\\Chrome\\Application\\chrome.exe","args":["--start-maximized"]}},"logLevel":"warn","connectionRetryTimeout":120000,"connectionRetryCount":3,"logLevels":{},"enableDirectConnect":true,"strictSSL":true,"_":"65 more keys: [\"cacheDir\",\"port\",\"requestedCapabilities\",\"automationProtocol\",\"baseUrl\",\"waitforInterval\",\"waitforTimeout\",\"onReload\",\"beforeCommand\",\"afterCommand\",\"rootDir\",\"specs\",\"suites\",\"exclude\",\"groupLogsByTestSpec\",\"excludeDriverLogs\",\"bail\",\"framework\",\"reporters\",\"services\",\"maxInstances\",\"maxInstancesPerCapability\",\"injectGlobals\",\"filesToWatch\",\"execArgv\",\"runnerEnv\",\"runner\",\"shard\",\"specFileRetries\",\"specFileRetriesDelay\",\"specFileRetriesDeferred\",\"reporterSyncInterval\",\"reporterSyncTimeout\",\"cucumberFeaturesWithLineNumbers\",\"autoCompileOpts\",\"mochaOpts\",\"jasmineOpts\",\"cucumberOpts\",\"onPrepare\",\"onWorkerStart\",\"onWorkerEnd\",\"before\",\"beforeSession\",\"beforeSuite\",\"beforeHook\",\"beforeTest\",\"afterTest\",\"afterHook\",\"afterSuite\",\"afterSession\",\"after\",\"onComplete\",\"beforeAssertion\",\"afterAssertion\",\"beforeFeature\",\"beforeScenario\",\"beforeStep\",\"afterStep\",\"afterScenario\",\"afterFeature\",\"_\",\"suite\",\"$0\",\"ignoredWorkerServices\",\"wdi5\"]"}]}
RESULT: {"script":"<script> [2342 bytes]","args":[{"protocol":"http","hostname":"0.0.0.0","path":"/","capabilities":{"browserName":"chrome","goog:chromeOptions":{"binary":"C:\\Program Files\\Google\\Chrome\\Application\\chrome.exe","args":["--start-maximized"]}},"logLevel":"warn","connectionRetryTimeout":120000,"connectionRetryCount":3,"logLevels":{},"enableDirectConnect":true,"strictSSL":true,"_":"65 more keys: [\"cacheDir\",\"port\",\"requestedCapabilities\",\"automationProtocol\",\"baseUrl\",\"waitforInterval\",\"waitforTimeout\",\"onReload\",\"beforeCommand\",\"afterCommand\",\"rootDir\",\"specs\",\"suites\",\"exclude\",\"groupLogsByTestSpec\",\"excludeDriverLogs\",\"bail\",\"framework\",\"reporters\",\"services\",\"maxInstances\",\"maxInstancesPerCapability\",\"injectGlobals\",\"filesToWatch\",\"execArgv\",\"runnerEnv\",\"runner\",\"shard\",\"specFileRetries\",\"specFileRetriesDelay\",\"specFileRetriesDeferred\",\"reporterSyncInterval\",\"reporterSyncTimeout\",\"cucumberFeaturesWithLineNumbers\",\"autoCompileOpts\",\"mochaOpts\",\"jasmineOpts\",\"cucumberOpts\",\"onPrepare\",\"onWorkerStart\",\"onWorkerEnd\",\"before\",\"beforeSession\",\"beforeSuite\",\"beforeHook\",\"beforeTest\",\"afterTest\",\"afterHook\",\"afterSuite\",\"afterSession\",\"after\",\"onComplete\",\"beforeAssertion\",\"afterAssertion\",\"beforeFeature\",\"beforeScenario\",\"beforeStep\",\"afterStep\",\"afterScenario\",\"afterFeature\",\"_\",\"suite\",\"$0\",\"ignoredWorkerServices\",\"wdi5\"]"}]}
COMMAND: POST /session/121b5910f067d4d1941a4df48d2c59fa/execute/async - {"script":"<script> [21126 bytes]","args":[35000]}
RESULT: {"script":"<script> [21126 bytes]","args":[35000]}
COMMAND: POST /session/121b5910f067d4d1941a4df48d2c59fa/window/maximize - {}
RESULT: {}
COMMAND: POST /session/121b5910f067d4d1941a4df48d2c59fa/execute/async - {"script":"<script> [1562 bytes]","args":[{"selector":{"id":"shell-header","interaction":{"idSuffix":"icon"}},"wdio_ui5_key":"shellheader"}]}
COMMAND: GET /session/121b5910f067d4d1941a4df48d2c59fa/screenshot - {}
RESULT: {"script":"<script> [1562 bytes]","args":[{"selector":{"id":"shell-header","interaction":{"idSuffix":"icon"}},"wdio_ui5_key":"shellheader"}]}
RESULT: undefined
COMMAND: POST /session/121b5910f067d4d1941a4df48d2c59fa/window/fullscreen - {}
RESULT: {}
RESULT: {}
]]></system-out>
    </testcase>
  </testsuite>
  <testsuite timestamp="2025-05-16T06:28:41" time="142.848" tests="4" failures="0" errors="0" skipped="0">
    <properties>
      <property name="specId" value="0" />
      <property name="suiteName" value="Provide to Site w/o warehouse management w/o clarification US116612" />
      <property name="capabilities" value="chrome.136_0_7103_93.windows" />
      <property name="file" value="file:///D:/a/1/s/test/specs/HTR/provide-to-site-wo-warehouse-wo-clarification.spec.js" />
    </properties>
    <testcase classname="chrome.136_0_7103_93.windows.Provide_to_Site_w/o_warehouse_management_w/o_clarification_US116612" name="Should create a new yard" time="0.016">
      <system-out><![CDATA[
COMMAND: POST /session/121b5910f067d4d1941a4df48d2c59fa/window/fullscreen - {}
RESULT: {}
]]></system-out>
    </testcase>
    <testcase classname="chrome.136_0_7103_93.windows.Provide_to_Site_w/o_warehouse_management_w/o_clarification_US116612" name="Should create a new external partner" time="0.003" />
    <testcase classname="chrome.136_0_7103_93.windows.Provide_to_Site_w/o_warehouse_management_w/o_clarification_US116612" name="Should create a new site" time="0.004" />
    <testcase classname="chrome.136_0_7103_93.windows.Provide_to_Site_w/o_warehouse_management_w/o_clarification_US116612" name="Should create a new material" time="126.736">
      <system-out><![CDATA[
COMMAND: POST /session/121b5910f067d4d1941a4df48d2c59fa/execute/async - {"script":"<script> [1562 bytes]","args":[{"selector":{"controlType":"sap.m.GenericTile","properties":{"header":"Manage Resources"}},"wdio_ui5_key":"sapm.GenericTile{\"header\":\"Manage Resources\"}"}]}
RESULT: {"script":"<script> [1562 bytes]","args":[{"selector":{"controlType":"sap.m.GenericTile","properties":{"header":"Manage Resources"}},"wdio_ui5_key":"sapm.GenericTile{\"header\":\"Manage Resources\"}"}]}
RESULT: undefined
COMMAND: POST /session/121b5910f067d4d1941a4df48d2c59fa/element - {"using":"xpath","value":"//*[@id=\"__tile31\"]"}
RESULT: {"using":"xpath","value":"//*[@id=\"__tile31\"]"}
COMMAND: POST /session/121b5910f067d4d1941a4df48d2c59fa/element/f.F80EBE20359F196FC2F6F7CC51ACB296.d.E359D34E845B800B59D5B655829497D6.e.14185/click - {}
RESULT: {}
COMMAND: GET /session/121b5910f067d4d1941a4df48d2c59fa/screenshot - {}
RESULT: {}
COMMAND: POST /session/121b5910f067d4d1941a4df48d2c59fa/elements - {"using":"xpath","value":"//span[text()='Error']"}
RESULT: {"using":"xpath","value":"//span[text()='Error']"}
COMMAND: POST /session/121b5910f067d4d1941a4df48d2c59fa/element - {"using":"xpath","value":"//button[@data-kt=\"addNewRUOverflowToolbarButton\"]"}
RESULT: {"using":"xpath","value":"//button[@data-kt=\"addNewRUOverflowToolbarButton\"]"}
COMMAND: POST /session/121b5910f067d4d1941a4df48d2c59fa/elements - {"using":"xpath","value":"//button[@data-kt=\"addNewRUOverflowToolbarButton\"]"}
RESULT: {"using":"xpath","value":"//button[@data-kt=\"addNewRUOverflowToolbarButton\"]"}
COMMAND: POST /session/121b5910f067d4d1941a4df48d2c59fa/element - {"using":"xpath","value":"//button[@data-kt=\"addNewRUOverflowToolbarButton\"]"}
RESULT: {"using":"xpath","value":"//button[@data-kt=\"addNewRUOverflowToolbarButton\"]"}
COMMAND: POST /session/121b5910f067d4d1941a4df48d2c59fa/execute/sync - {"script":"<script> [8489 bytes]","args":[{"element-6066-11e4-a52e-4f735466cecf":"f.F80EBE20359F196FC2F6F7CC51ACB296.d.E359D34E845B800B59D5B655829497D6.e.14314","ELEMENT":"f.F80EBE20359F196FC2F6F7CC51ACB296.d.E359D34E845B800B59D5B655829497D6.e.14314"}]}
RESULT: {"script":"<script> [8489 bytes]","args":[{"element-6066-11e4-a52e-4f735466cecf":"f.F80EBE20359F196FC2F6F7CC51ACB296.d.E359D34E845B800B59D5B655829497D6.e.14314","ELEMENT":"f.F80EBE20359F196FC2F6F7CC51ACB296.d.E359D34E845B800B59D5B655829497D6.e.14314"}]}
COMMAND: GET /session/121b5910f067d4d1941a4df48d2c59fa/element/f.F80EBE20359F196FC2F6F7CC51ACB296.d.E359D34E845B800B59D5B655829497D6.e.14314/enabled - {}
COMMAND: GET /session/121b5910f067d4d1941a4df48d2c59fa/screenshot - {}
RESULT: {}
COMMAND: POST /session/121b5910f067d4d1941a4df48d2c59fa/execute/sync - {"script":"<script> [8489 bytes]","args":[{"element-6066-11e4-a52e-4f735466cecf":"f.F80EBE20359F196FC2F6F7CC51ACB296.d.E359D34E845B800B59D5B655829497D6.e.14314","ELEMENT":"f.F80EBE20359F196FC2F6F7CC51ACB296.d.E359D34E845B800B59D5B655829497D6.e.14314"}]}
COMMAND: GET /session/121b5910f067d4d1941a4df48d2c59fa/screenshot - {}
RESULT: {}
RESULT: {"script":"<script> [8489 bytes]","args":[{"element-6066-11e4-a52e-4f735466cecf":"f.F80EBE20359F196FC2F6F7CC51ACB296.d.E359D34E845B800B59D5B655829497D6.e.14314","ELEMENT":"f.F80EBE20359F196FC2F6F7CC51ACB296.d.E359D34E845B800B59D5B655829497D6.e.14314"}]}
COMMAND: POST /session/121b5910f067d4d1941a4df48d2c59fa/execute/sync - {"script":"<script> [5351 bytes]","args":[{"element-6066-11e4-a52e-4f735466cecf":"f.F80EBE20359F196FC2F6F7CC51ACB296.d.E359D34E845B800B59D5B655829497D6.e.14314","ELEMENT":"f.F80EBE20359F196FC2F6F7CC51ACB296.d.E359D34E845B800B59D5B655829497D6.e.14314"}]}
COMMAND: GET /session/121b5910f067d4d1941a4df48d2c59fa/screenshot - {}
RESULT: {}
RESULT: {"script":"<script> [5351 bytes]","args":[{"element-6066-11e4-a52e-4f735466cecf":"f.F80EBE20359F196FC2F6F7CC51ACB296.d.E359D34E845B800B59D5B655829497D6.e.14314","ELEMENT":"f.F80EBE20359F196FC2F6F7CC51ACB296.d.E359D34E845B800B59D5B655829497D6.e.14314"}]}
COMMAND: POST /session/121b5910f067d4d1941a4df48d2c59fa/element/f.F80EBE20359F196FC2F6F7CC51ACB296.d.E359D34E845B800B59D5B655829497D6.e.14314/click - {}
COMMAND: GET /session/121b5910f067d4d1941a4df48d2c59fa/screenshot - {}
RESULT: {}
RESULT: {}
COMMAND: GET /session/121b5910f067d4d1941a4df48d2c59fa/screenshot - {}
COMMAND: POST /session/121b5910f067d4d1941a4df48d2c59fa/execute/async - {"script":"<script> [1562 bytes]","args":[{"selector":{"id":"application-manageresources-display-component---newResourceUnit--TYPE-arrow"},"wdio_ui5_key":"applicationmanageresources-display-component---newResourceUnit--TYPE-arrow"}]}
RESULT: {}
RESULT: {}
RESULT: {"script":"<script> [1562 bytes]","args":[{"selector":{"id":"application-manageresources-display-component---newResourceUnit--TYPE-arrow"},"wdio_ui5_key":"applicationmanageresources-display-component---newResourceUnit--TYPE-arrow"}]}
RESULT: undefined
COMMAND: POST /session/121b5910f067d4d1941a4df48d2c59fa/element - {"using":"xpath","value":"//*[@id=\"application-manageresources-display-component---newResourceUnit--TYPE-arrow\"]"}
RESULT: {"using":"xpath","value":"//*[@id=\"application-manageresources-display-component---newResourceUnit--TYPE-arrow\"]"}
COMMAND: POST /session/121b5910f067d4d1941a4df48d2c59fa/element/f.F80EBE20359F196FC2F6F7CC51ACB296.d.E359D34E845B800B59D5B655829497D6.e.14672/click - {}
RESULT: {}
COMMAND: POST /session/121b5910f067d4d1941a4df48d2c59fa/element - {"using":"xpath","value":"//input[@id=\"application-manageresources-display-component---newResourceUnit--TYPE-inner\"]"}
COMMAND: GET /session/121b5910f067d4d1941a4df48d2c59fa/screenshot - {}
RESULT: {"using":"xpath","value":"//input[@id=\"application-manageresources-display-component---newResourceUnit--TYPE-inner\"]"}
COMMAND: POST /session/121b5910f067d4d1941a4df48d2c59fa/element/f.F80EBE20359F196FC2F6F7CC51ACB296.d.E359D34E845B800B59D5B655829497D6.e.14669/clear - {}
RESULT: {}
RESULT: {}
COMMAND: POST /session/121b5910f067d4d1941a4df48d2c59fa/element/f.F80EBE20359F196FC2F6F7CC51ACB296.d.E359D34E845B800B59D5B655829497D6.e.14669/value - {"text":"Material"}
COMMAND: GET /session/121b5910f067d4d1941a4df48d2c59fa/screenshot - {}
RESULT: {"text":"Material"}
COMMAND: GET /session/121b5910f067d4d1941a4df48d2c59fa/screenshot - {}
RESULT: {}
RESULT: {}
COMMAND: POST /session/121b5910f067d4d1941a4df48d2c59fa/actions - {"actions":[{"id":"action45","type":"key","parameters":{},"actions":[{"type":"keyDown","value":"î€‡"},{"type":"pause","duration":10},{"type":"keyUp","value":"î€‡"}]}]}
RESULT: {"actions":[{"id":"action45","type":"key","parameters":{},"actions":[{"type":"keyDown","value":"î€‡"},{"type":"pause","duration":10},{"type":"keyUp","value":"î€‡"}]}]}
COMMAND: POST /session/121b5910f067d4d1941a4df48d2c59fa/execute/async - {"script":"<script> [1562 bytes]","args":[{"selector":{"id":"application-manageresources-display-component---newResourceUnit--SHORT_TEXT","interaction":{"idSuffix":"inner"}},"wdio_ui5_key":"applicationmanageresources-display-component---newResourceUnit--SHORT_TEXT"}]}
COMMAND: GET /session/121b5910f067d4d1941a4df48d2c59fa/screenshot - {}
RESULT: {"script":"<script> [1562 bytes]","args":[{"selector":{"id":"application-manageresources-display-component---newResourceUnit--SHORT_TEXT","interaction":{"idSuffix":"inner"}},"wdio_ui5_key":"applicationmanageresources-display-component---newResourceUnit--SHORT_TEXT"}]}
RESULT: undefined
COMMAND: POST /session/121b5910f067d4d1941a4df48d2c59fa/execute/async - {"script":"<script> [776 bytes]","args":[{"enterText":"Cement WDIO","selector":{"id":"application-manageresources-display-component---newResourceUnit--SHORT_TEXT","interaction":{"idSuffix":"inner"}},"clearTextFirst":true,"interactionType":"ENTER_TEXT"}]}
RESULT: {}
RESULT: {"script":"<script> [776 bytes]","args":[{"enterText":"Cement WDIO","selector":{"id":"application-manageresources-display-component---newResourceUnit--SHORT_TEXT","interaction":{"idSuffix":"inner"}},"clearTextFirst":true,"interactionType":"ENTER_TEXT"}]}
COMMAND: POST /session/121b5910f067d4d1941a4df48d2c59fa/execute/async - {"script":"<script> [1562 bytes]","args":[{"selector":{"id":"application-manageresources-display-component---newResourceUnit--BASE_UNIT_OF_MEASURE","interaction":{"idSuffix":"inner"}},"wdio_ui5_key":"applicationmanageresources-display-component---newResourceUnit--BASE_UNIT_OF_MEASURE"}]}
RESULT: {"script":"<script> [1562 bytes]","args":[{"selector":{"id":"application-manageresources-display-component---newResourceUnit--BASE_UNIT_OF_MEASURE","interaction":{"idSuffix":"inner"}},"wdio_ui5_key":"applicationmanageresources-display-component---newResourceUnit--BASE_UNIT_OF_MEASURE"}]}
RESULT: undefined
COMMAND: POST /session/121b5910f067d4d1941a4df48d2c59fa/execute/async - {"script":"<script> [776 bytes]","args":[{"enterText":"Piece","selector":{"id":"application-manageresources-display-component---newResourceUnit--BASE_UNIT_OF_MEASURE","interaction":{"idSuffix":"inner"}},"clearTextFirst":true,"interactionType":"ENTER_TEXT"}]}
RESULT: {"script":"<script> [776 bytes]","args":[{"enterText":"Piece","selector":{"id":"application-manageresources-display-component---newResourceUnit--BASE_UNIT_OF_MEASURE","interaction":{"idSuffix":"inner"}},"clearTextFirst":true,"interactionType":"ENTER_TEXT"}]}
COMMAND: POST /session/121b5910f067d4d1941a4df48d2c59fa/execute/async - {"script":"<script> [1562 bytes]","args":[{"selector":{"id":"application-manageresources-display-component---newResourceUnit--WEIGHT_UNIT","interaction":{"idSuffix":"inner"}},"wdio_ui5_key":"applicationmanageresources-display-component---newResourceUnit--WEIGHT_UNIT"}]}
RESULT: {"script":"<script> [1562 bytes]","args":[{"selector":{"id":"application-manageresources-display-component---newResourceUnit--WEIGHT_UNIT","interaction":{"idSuffix":"inner"}},"wdio_ui5_key":"applicationmanageresources-display-component---newResourceUnit--WEIGHT_UNIT"}]}
RESULT: undefined
COMMAND: POST /session/121b5910f067d4d1941a4df48d2c59fa/execute/async - {"script":"<script> [776 bytes]","args":[{"enterText":"Gram","selector":{"id":"application-manageresources-display-component---newResourceUnit--WEIGHT_UNIT","interaction":{"idSuffix":"inner"}},"clearTextFirst":true,"interactionType":"ENTER_TEXT"}]}
RESULT: {"script":"<script> [776 bytes]","args":[{"enterText":"Gram","selector":{"id":"application-manageresources-display-component---newResourceUnit--WEIGHT_UNIT","interaction":{"idSuffix":"inner"}},"clearTextFirst":true,"interactionType":"ENTER_TEXT"}]}
COMMAND: POST /session/121b5910f067d4d1941a4df48d2c59fa/execute/async - {"script":"<script> [1562 bytes]","args":[{"selector":{"id":"application-manageresources-display-component---newResourceUnit--DIMENSION_UNIT","interaction":{"idSuffix":"inner"}},"wdio_ui5_key":"applicationmanageresources-display-component---newResourceUnit--DIMENSION_UNIT"}]}
RESULT: {"script":"<script> [1562 bytes]","args":[{"selector":{"id":"application-manageresources-display-component---newResourceUnit--DIMENSION_UNIT","interaction":{"idSuffix":"inner"}},"wdio_ui5_key":"applicationmanageresources-display-component---newResourceUnit--DIMENSION_UNIT"}]}
RESULT: undefined
COMMAND: POST /session/121b5910f067d4d1941a4df48d2c59fa/execute/async - {"script":"<script> [776 bytes]","args":[{"enterText":"Meter","selector":{"id":"application-manageresources-display-component---newResourceUnit--DIMENSION_UNIT","interaction":{"idSuffix":"inner"}},"clearTextFirst":true,"interactionType":"ENTER_TEXT"}]}
RESULT: {"script":"<script> [776 bytes]","args":[{"enterText":"Meter","selector":{"id":"application-manageresources-display-component---newResourceUnit--DIMENSION_UNIT","interaction":{"idSuffix":"inner"}},"clearTextFirst":true,"interactionType":"ENTER_TEXT"}]}
COMMAND: POST /session/121b5910f067d4d1941a4df48d2c59fa/execute/async - {"script":"<script> [1562 bytes]","args":[{"selector":{"id":"application-manageresources-display-component---newResourceUnit--newRRUPage-anchBar-application-manageresources-display-component---newResourceUnit--control-anchor","interaction":{"idSuffix":"BDI-content"}},"wdio_ui5_key":"applicationmanageresources-display-component---newResourceUnit--newRRUPage-anchBar-application-manageresources-display-component---newResourceUnit--control-anchor"}]}
RESULT: {"script":"<script> [1562 bytes]","args":[{"selector":{"id":"application-manageresources-display-component---newResourceUnit--newRRUPage-anchBar-application-manageresources-display-component---newResourceUnit--control-anchor","interaction":{"idSuffix":"BDI-content"}},"wdio_ui5_key":"applicationmanageresources-display-component---newResourceUnit--newRRUPage-anchBar-application-manageresources-display-component---newResourceUnit--control-anchor"}]}
RESULT: undefined
COMMAND: POST /session/121b5910f067d4d1941a4df48d2c59fa/element - {"using":"xpath","value":"//*[@id=\"application-manageresources-display-component---newResourceUnit--newRRUPage-anchBar-application-manageresources-display-component---newResourceUnit--control-anchor\"]"}
RESULT: {"using":"xpath","value":"//*[@id=\"application-manageresources-display-component---newResourceUnit--newRRUPage-anchBar-application-manageresources-display-component---newResourceUnit--control-anchor\"]"}
COMMAND: POST /session/121b5910f067d4d1941a4df48d2c59fa/element/f.F80EBE20359F196FC2F6F7CC51ACB296.d.E359D34E845B800B59D5B655829497D6.e.14738/click - {}
RESULT: {}
COMMAND: POST /session/121b5910f067d4d1941a4df48d2c59fa/execute/async - {"script":"<script> [1562 bytes]","args":[{"selector":{"id":"application-manageresources-display-component---newResourceUnit--PLANNING_GROUP","interaction":{"idSuffix":"inner"}},"wdio_ui5_key":"applicationmanageresources-display-component---newResourceUnit--PLANNING_GROUP"}]}
COMMAND: GET /session/121b5910f067d4d1941a4df48d2c59fa/screenshot - {}
RESULT: {"script":"<script> [1562 bytes]","args":[{"selector":{"id":"application-manageresources-display-component---newResourceUnit--PLANNING_GROUP","interaction":{"idSuffix":"inner"}},"wdio_ui5_key":"applicationmanageresources-display-component---newResourceUnit--PLANNING_GROUP"}]}
RESULT: undefined
COMMAND: POST /session/121b5910f067d4d1941a4df48d2c59fa/execute/async - {"script":"<script> [776 bytes]","args":[{"enterText":"Material","selector":{"id":"application-manageresources-display-component---newResourceUnit--PLANNING_GROUP","interaction":{"idSuffix":"inner"}},"clearTextFirst":true,"interactionType":"ENTER_TEXT"}]}
RESULT: {}
RESULT: {"script":"<script> [776 bytes]","args":[{"enterText":"Material","selector":{"id":"application-manageresources-display-component---newResourceUnit--PLANNING_GROUP","interaction":{"idSuffix":"inner"}},"clearTextFirst":true,"interactionType":"ENTER_TEXT"}]}
COMMAND: POST /session/121b5910f067d4d1941a4df48d2c59fa/execute/async - {"script":"<script> [1562 bytes]","args":[{"selector":{"id":"application-manageresources-display-component---newResourceUnit--PLANNING_INDICATOR","interaction":{"idSuffix":"inner"}},"wdio_ui5_key":"applicationmanageresources-display-component---newResourceUnit--PLANNING_INDICATOR"}]}
RESULT: {"script":"<script> [1562 bytes]","args":[{"selector":{"id":"application-manageresources-display-component---newResourceUnit--PLANNING_INDICATOR","interaction":{"idSuffix":"inner"}},"wdio_ui5_key":"applicationmanageresources-display-component---newResourceUnit--PLANNING_INDICATOR"}]}
RESULT: undefined
COMMAND: POST /session/121b5910f067d4d1941a4df48d2c59fa/execute/async - {"script":"<script> [776 bytes]","args":[{"enterText":"10 - infinite","selector":{"id":"application-manageresources-display-component---newResourceUnit--PLANNING_INDICATOR","interaction":{"idSuffix":"inner"}},"clearTextFirst":true,"interactionType":"ENTER_TEXT"}]}
RESULT: {"script":"<script> [776 bytes]","args":[{"enterText":"10 - infinite","selector":{"id":"application-manageresources-display-component---newResourceUnit--PLANNING_INDICATOR","interaction":{"idSuffix":"inner"}},"clearTextFirst":true,"interactionType":"ENTER_TEXT"}]}
COMMAND: POST /session/121b5910f067d4d1941a4df48d2c59fa/element - {"using":"css selector","value":"#application-manageresources-display-component---newResourceUnit--btnAddTimeSegment"}
RESULT: {"using":"css selector","value":"#application-manageresources-display-component---newResourceUnit--btnAddTimeSegment"}
COMMAND: GET /session/121b5910f067d4d1941a4df48d2c59fa/element/f.F80EBE20359F196FC2F6F7CC51ACB296.d.E359D34E845B800B59D5B655829497D6.e.14748/rect - {}
RESULT: {}
COMMAND: GET /session/121b5910f067d4d1941a4df48d2c59fa/window/rect - {}
RESULT: {}
COMMAND: POST /session/121b5910f067d4d1941a4df48d2c59fa/execute/sync - {"script":"<script> [92 bytes]","args":[]}
RESULT: {"script":"<script> [92 bytes]","args":[]}
COMMAND: POST /session/121b5910f067d4d1941a4df48d2c59fa/actions - {"actions":[{"id":"action46","type":"wheel","parameters":{},"actions":[{"type":"scroll","x":-1888,"y":-32,"deltaX":0,"deltaY":0,"duration":0,"origin":{"element-6066-11e4-a52e-4f735466cecf":"f.F80EBE20359F196FC2F6F7CC51ACB296.d.E359D34E845B800B59D5B655829497D6.e.14748"}}]}]}
COMMAND: GET /session/121b5910f067d4d1941a4df48d2c59fa/screenshot - {}
RESULT: {}
COMMAND: POST /session/121b5910f067d4d1941a4df48d2c59fa/execute/sync - {"script":"<script> [79 bytes]","args":[{"element-6066-11e4-a52e-4f735466cecf":"f.F80EBE20359F196FC2F6F7CC51ACB296.d.E359D34E845B800B59D5B655829497D6.e.14748","ELEMENT":"f.F80EBE20359F196FC2F6F7CC51ACB296.d.E359D34E845B800B59D5B655829497D6.e.14748"},{"block":"start","inline":"nearest"}]}
RESULT: {"script":"<script> [79 bytes]","args":[{"element-6066-11e4-a52e-4f735466cecf":"f.F80EBE20359F196FC2F6F7CC51ACB296.d.E359D34E845B800B59D5B655829497D6.e.14748","ELEMENT":"f.F80EBE20359F196FC2F6F7CC51ACB296.d.E359D34E845B800B59D5B655829497D6.e.14748"},{"block":"start","inline":"nearest"}]}
COMMAND: POST /session/121b5910f067d4d1941a4df48d2c59fa/execute/async - {"script":"<script> [1562 bytes]","args":[{"selector":{"id":"application-manageresources-display-component---newResourceUnit--btnAddTimeSegment","interaction":{"idSuffix":"inner"}},"wdio_ui5_key":"applicationmanageresources-display-component---newResourceUnit--btnAddTimeSegment"}]}
COMMAND: GET /session/121b5910f067d4d1941a4df48d2c59fa/screenshot - {}
RESULT: {"script":"<script> [1562 bytes]","args":[{"selector":{"id":"application-manageresources-display-component---newResourceUnit--btnAddTimeSegment","interaction":{"idSuffix":"inner"}},"wdio_ui5_key":"applicationmanageresources-display-component---newResourceUnit--btnAddTimeSegment"}]}
RESULT: undefined
COMMAND: POST /session/121b5910f067d4d1941a4df48d2c59fa/element - {"using":"xpath","value":"//*[@id=\"application-manageresources-display-component---newResourceUnit--btnAddTimeSegment\"]"}
RESULT: {}
RESULT: {"using":"xpath","value":"//*[@id=\"application-manageresources-display-component---newResourceUnit--btnAddTimeSegment\"]"}
COMMAND: POST /session/121b5910f067d4d1941a4df48d2c59fa/element/f.F80EBE20359F196FC2F6F7CC51ACB296.d.E359D34E845B800B59D5B655829497D6.e.14748/click - {}
RESULT: {}
COMMAND: GET /session/121b5910f067d4d1941a4df48d2c59fa/screenshot - {}
RESULT: {}
COMMAND: POST /session/121b5910f067d4d1941a4df48d2c59fa/element - {"using":"xpath","value":"//input[@id=\"application-manageresources-display-component---newResourceUnit--idRuTSAdmin-application-manageresources-display-component---newResourceUnit--RUTimeSegment-0-inner\"]"}
RESULT: {"using":"xpath","value":"//input[@id=\"application-manageresources-display-component---newResourceUnit--idRuTSAdmin-application-manageresources-display-component---newResourceUnit--RUTimeSegment-0-inner\"]"}
COMMAND: POST /session/121b5910f067d4d1941a4df48d2c59fa/element/f.F80EBE20359F196FC2F6F7CC51ACB296.d.E359D34E845B800B59D5B655829497D6.e.14753/clear - {}
RESULT: {}
COMMAND: POST /session/121b5910f067d4d1941a4df48d2c59fa/element/f.F80EBE20359F196FC2F6F7CC51ACB296.d.E359D34E845B800B59D5B655829497D6.e.14753/value - {"text":"438"}
COMMAND: GET /session/121b5910f067d4d1941a4df48d2c59fa/screenshot - {}
RESULT: {"text":"438"}
COMMAND: GET /session/121b5910f067d4d1941a4df48d2c59fa/screenshot - {}
RESULT: {}
RESULT: {}
COMMAND: POST /session/121b5910f067d4d1941a4df48d2c59fa/element - {"using":"xpath","value":"//li[.//span[text()='438']]"}
RESULT: {"using":"xpath","value":"//li[.//span[text()='438']]"}
COMMAND: POST /session/121b5910f067d4d1941a4df48d2c59fa/element/f.F80EBE20359F196FC2F6F7CC51ACB296.d.E359D34E845B800B59D5B655829497D6.e.14762/click - {}
RESULT: {}
COMMAND: GET /session/121b5910f067d4d1941a4df48d2c59fa/screenshot - {}
RESULT: {}
COMMAND: POST /session/121b5910f067d4d1941a4df48d2c59fa/element - {"using":"xpath","value":"(//span[contains(@id, \"-application-manageresources-display-component---newResourceUnit--RUTimeSegment-0-arrow\")])[2]"}
RESULT: {"using":"xpath","value":"(//span[contains(@id, \"-application-manageresources-display-component---newResourceUnit--RUTimeSegment-0-arrow\")])[2]"}
COMMAND: POST /session/121b5910f067d4d1941a4df48d2c59fa/element/f.F80EBE20359F196FC2F6F7CC51ACB296.d.E359D34E845B800B59D5B655829497D6.e.14763/click - {}
RESULT: {}
COMMAND: POST /session/121b5910f067d4d1941a4df48d2c59fa/element - {"using":"xpath","value":"//span[contains(text(), \"PM Order\")]"}
COMMAND: GET /session/121b5910f067d4d1941a4df48d2c59fa/screenshot - {}
RESULT: {"using":"xpath","value":"//span[contains(text(), \"PM Order\")]"}
COMMAND: POST /session/121b5910f067d4d1941a4df48d2c59fa/element/f.F80EBE20359F196FC2F6F7CC51ACB296.d.E359D34E845B800B59D5B655829497D6.e.14764/click - {}
RESULT: {}
RESULT: {}
COMMAND: GET /session/121b5910f067d4d1941a4df48d2c59fa/screenshot - {}
RESULT: {}
COMMAND: POST /session/121b5910f067d4d1941a4df48d2c59fa/element - {"using":"xpath","value":"//td/div/div/div/span[contains(@id, \"newResourceUnit--RUTimeSegment-0-vhi\")][1]"}
RESULT: {"using":"xpath","value":"//td/div/div/div/span[contains(@id, \"newResourceUnit--RUTimeSegment-0-vhi\")][1]"}
COMMAND: GET /session/121b5910f067d4d1941a4df48d2c59fa/element/f.F80EBE20359F196FC2F6F7CC51ACB296.d.E359D34E845B800B59D5B655829497D6.e.14768/rect - {}
RESULT: {}
COMMAND: GET /session/121b5910f067d4d1941a4df48d2c59fa/window/rect - {}
RESULT: {}
COMMAND: POST /session/121b5910f067d4d1941a4df48d2c59fa/execute/sync - {"script":"<script> [92 bytes]","args":[]}
RESULT: {"script":"<script> [92 bytes]","args":[]}
COMMAND: POST /session/121b5910f067d4d1941a4df48d2c59fa/actions - {"actions":[{"id":"action47","type":"wheel","parameters":{},"actions":[{"type":"scroll","x":-1888,"y":-24,"deltaX":0,"deltaY":0,"duration":0,"origin":{"element-6066-11e4-a52e-4f735466cecf":"f.F80EBE20359F196FC2F6F7CC51ACB296.d.E359D34E845B800B59D5B655829497D6.e.14768"}}]}]}
COMMAND: GET /session/121b5910f067d4d1941a4df48d2c59fa/screenshot - {}
RESULT: {}
COMMAND: POST /session/121b5910f067d4d1941a4df48d2c59fa/execute/sync - {"script":"<script> [79 bytes]","args":[{"element-6066-11e4-a52e-4f735466cecf":"f.F80EBE20359F196FC2F6F7CC51ACB296.d.E359D34E845B800B59D5B655829497D6.e.14768","ELEMENT":"f.F80EBE20359F196FC2F6F7CC51ACB296.d.E359D34E845B800B59D5B655829497D6.e.14768"},{"block":"start","inline":"nearest"}]}
RESULT: {"script":"<script> [79 bytes]","args":[{"element-6066-11e4-a52e-4f735466cecf":"f.F80EBE20359F196FC2F6F7CC51ACB296.d.E359D34E845B800B59D5B655829497D6.e.14768","ELEMENT":"f.F80EBE20359F196FC2F6F7CC51ACB296.d.E359D34E845B800B59D5B655829497D6.e.14768"},{"block":"start","inline":"nearest"}]}
COMMAND: GET /session/121b5910f067d4d1941a4df48d2c59fa/screenshot - {}
RESULT: {}
COMMAND: POST /session/121b5910f067d4d1941a4df48d2c59fa/element/f.F80EBE20359F196FC2F6F7CC51ACB296.d.E359D34E845B800B59D5B655829497D6.e.14768/click - {}
RESULT: {}
COMMAND: GET /session/121b5910f067d4d1941a4df48d2c59fa/screenshot - {}
RESULT: {}
COMMAND: POST /session/121b5910f067d4d1941a4df48d2c59fa/execute/async - {"script":"<script> [1562 bytes]","args":[{"selector":{"controlType":"sap.m.SearchField","properties":{"placeholder":"Search"},"searchOpenDialogs":true,"interaction":{"idSuffix":"I"}},"wdio_ui5_key":"sapm.SearchField{\"placeholder\":\"Search\"}"}]}
RESULT: {"script":"<script> [1562 bytes]","args":[{"selector":{"controlType":"sap.m.SearchField","properties":{"placeholder":"Search"},"searchOpenDialogs":true,"interaction":{"idSuffix":"I"}},"wdio_ui5_key":"sapm.SearchField{\"placeholder\":\"Search\"}"}]}
RESULT: undefined
COMMAND: POST /session/121b5910f067d4d1941a4df48d2c59fa/execute/async - {"script":"<script> [776 bytes]","args":[{"enterText":"4000360","selector":{"controlType":"sap.m.SearchField","properties":{"placeholder":"Search"},"searchOpenDialogs":true,"interaction":{"idSuffix":"I"}},"clearTextFirst":true,"interactionType":"ENTER_TEXT"}]}
RESULT: {"script":"<script> [776 bytes]","args":[{"enterText":"4000360","selector":{"controlType":"sap.m.SearchField","properties":{"placeholder":"Search"},"searchOpenDialogs":true,"interaction":{"idSuffix":"I"}},"clearTextFirst":true,"interactionType":"ENTER_TEXT"}]}
COMMAND: POST /session/121b5910f067d4d1941a4df48d2c59fa/actions - {"actions":[{"id":"action48","type":"key","parameters":{},"actions":[{"type":"keyDown","value":"î€‡"},{"type":"pause","duration":10},{"type":"keyUp","value":"î€‡"}]}]}
RESULT: {"actions":[{"id":"action48","type":"key","parameters":{},"actions":[{"type":"keyDown","value":"î€‡"},{"type":"pause","duration":10},{"type":"keyUp","value":"î€‡"}]}]}
COMMAND: GET /session/121b5910f067d4d1941a4df48d2c59fa/screenshot - {}
RESULT: {}
COMMAND: POST /session/121b5910f067d4d1941a4df48d2c59fa/element - {"using":"xpath","value":"//td/div/span[contains(text(), \"BGL Vehicles\")]"}
RESULT: {"using":"xpath","value":"//td/div/span[contains(text(), \"BGL Vehicles\")]"}
COMMAND: POST /session/121b5910f067d4d1941a4df48d2c59fa/element/f.F80EBE20359F196FC2F6F7CC51ACB296.d.E359D34E845B800B59D5B655829497D6.e.14789/click - {}
RESULT: {}
COMMAND: GET /session/121b5910f067d4d1941a4df48d2c59fa/screenshot - {}
RESULT: {}
COMMAND: POST /session/121b5910f067d4d1941a4df48d2c59fa/element - {"using":"xpath","value":"//bdi[contains(text(), \"OK\")]"}
RESULT: {"using":"xpath","value":"//bdi[contains(text(), \"OK\")]"}
COMMAND: POST /session/121b5910f067d4d1941a4df48d2c59fa/element/f.F80EBE20359F196FC2F6F7CC51ACB296.d.E359D34E845B800B59D5B655829497D6.e.14790/click - {}
RESULT: {}
COMMAND: GET /session/121b5910f067d4d1941a4df48d2c59fa/screenshot - {}
RESULT: {}
COMMAND: POST /session/121b5910f067d4d1941a4df48d2c59fa/element - {"using":"xpath","value":"//label[contains(@class, 'sapMLabelRequired') and .//bdi[contains(text(), 'Planned Retirement')]]"}
RESULT: {"using":"xpath","value":"//label[contains(@class, 'sapMLabelRequired') and .//bdi[contains(text(), 'Planned Retirement')]]"}
COMMAND: POST /session/121b5910f067d4d1941a4df48d2c59fa/elements - {"using":"xpath","value":"//label[contains(@class, 'sapMLabelRequired') and .//bdi[contains(text(), 'Planned Retirement')]]"}
RESULT: {"using":"xpath","value":"//label[contains(@class, 'sapMLabelRequired') and .//bdi[contains(text(), 'Planned Retirement')]]"}
COMMAND: POST /session/121b5910f067d4d1941a4df48d2c59fa/element - {"using":"xpath","value":"//button[@data-kt=\"resourceUnitSaveButton\"]"}
RESULT: {"using":"xpath","value":"//button[@data-kt=\"resourceUnitSaveButton\"]"}
COMMAND: POST /session/121b5910f067d4d1941a4df48d2c59fa/element/f.F80EBE20359F196FC2F6F7CC51ACB296.d.E359D34E845B800B59D5B655829497D6.e.14691/click - {}
RESULT: {}
COMMAND: GET /session/121b5910f067d4d1941a4df48d2c59fa/screenshot - {}
RESULT: {}
COMMAND: POST /session/121b5910f067d4d1941a4df48d2c59fa/element - {"using":"xpath","value":"//bdi[contains(text(), \"Close\")]"}
RESULT: {"using":"xpath","value":"//bdi[contains(text(), \"Close\")]"}
COMMAND: POST /session/121b5910f067d4d1941a4df48d2c59fa/element/f.F80EBE20359F196FC2F6F7CC51ACB296.d.E359D34E845B800B59D5B655829497D6.e.14796/click - {}
RESULT: {}
COMMAND: GET /session/121b5910f067d4d1941a4df48d2c59fa/screenshot - {}
RESULT: {}
COMMAND: POST /session/121b5910f067d4d1941a4df48d2c59fa/element - {"using":"xpath","value":"//header[contains(@id, 'detailRruPage-headerTitle')]/div[1]/div[2]/div[2]/span[1]"}
RESULT: {"using":"xpath","value":"//header[contains(@id, 'detailRruPage-headerTitle')]/div[1]/div[2]/div[2]/span[1]"}
COMMAND: POST /session/121b5910f067d4d1941a4df48d2c59fa/elements - {"using":"xpath","value":"//header[contains(@id, 'detailRruPage-headerTitle')]/div[1]/div[2]/div[2]/span[1]"}
RESULT: {"using":"xpath","value":"//header[contains(@id, 'detailRruPage-headerTitle')]/div[1]/div[2]/div[2]/span[1]"}
COMMAND: POST /session/121b5910f067d4d1941a4df48d2c59fa/execute/sync - {"script":"<script> [56 bytes]","args":[{"element-6066-11e4-a52e-4f735466cecf":"f.F80EBE20359F196FC2F6F7CC51ACB296.d.E359D34E845B800B59D5B655829497D6.e.14824","ELEMENT":"f.F80EBE20359F196FC2F6F7CC51ACB296.d.E359D34E845B800B59D5B655829497D6.e.14824"}]}
RESULT: {"script":"<script> [56 bytes]","args":[{"element-6066-11e4-a52e-4f735466cecf":"f.F80EBE20359F196FC2F6F7CC51ACB296.d.E359D34E845B800B59D5B655829497D6.e.14824","ELEMENT":"f.F80EBE20359F196FC2F6F7CC51ACB296.d.E359D34E845B800B59D5B655829497D6.e.14824"}]}
COMMAND: POST /session/121b5910f067d4d1941a4df48d2c59fa/element - {"using":"css selector","value":"#shell-header-logo"}
COMMAND: GET /session/121b5910f067d4d1941a4df48d2c59fa/screenshot - {}
RESULT: {"using":"css selector","value":"#shell-header-logo"}
COMMAND: POST /session/121b5910f067d4d1941a4df48d2c59fa/element/f.F80EBE20359F196FC2F6F7CC51ACB296.d.E359D34E845B800B59D5B655829497D6.e.14164/click - {}
RESULT: {}
RESULT: {}
COMMAND: GET /session/121b5910f067d4d1941a4df48d2c59fa/screenshot - {}
RESULT: {}
]]></system-out>
    </testcase>
  </testsuite>
  <testsuite timestamp="2025-05-16T06:31:04" time="330.895" tests="6" failures="2" errors="2" skipped="0">
    <properties>
      <property name="specId" value="0" />
      <property name="suiteName" value="Provide to Site w/o warehouse management w/o clarification" />
      <property name="capabilities" value="chrome.136_0_7103_93.windows" />
      <property name="file" value="file:///D:/a/1/s/test/specs/HTR/provide-to-site-wo-warehouse-wo-clarification.spec.js" />
    </properties>
    <testcase classname="chrome.136_0_7103_93.windows.Provide_to_Site_w/o_warehouse_management_w/o_clarification" name="Should do a stock increase handover" time="85.258">
      <system-out><![CDATA[
COMMAND: POST /session/121b5910f067d4d1941a4df48d2c59fa/execute/async - {"script":"<script> [1562 bytes]","args":[{"selector":{"controlType":"sap.m.GenericTile","properties":{"header":"Manage Handovers"}},"wdio_ui5_key":"sapm.GenericTile{\"header\":\"Manage Handovers\"}"}]}
RESULT: {"script":"<script> [1562 bytes]","args":[{"selector":{"controlType":"sap.m.GenericTile","properties":{"header":"Manage Handovers"}},"wdio_ui5_key":"sapm.GenericTile{\"header\":\"Manage Handovers\"}"}]}
RESULT: undefined
COMMAND: POST /session/121b5910f067d4d1941a4df48d2c59fa/element - {"using":"xpath","value":"//*[@id=\"__tile131\"]"}
RESULT: {"using":"xpath","value":"//*[@id=\"__tile131\"]"}
COMMAND: POST /session/121b5910f067d4d1941a4df48d2c59fa/element/f.F80EBE20359F196FC2F6F7CC51ACB296.d.E359D34E845B800B59D5B655829497D6.e.14211/click - {}
RESULT: {}
COMMAND: GET /session/121b5910f067d4d1941a4df48d2c59fa/screenshot - {}
RESULT: {}
COMMAND: POST /session/121b5910f067d4d1941a4df48d2c59fa/elements - {"using":"xpath","value":"//span[text()='Error']"}
RESULT: {"using":"xpath","value":"//span[text()='Error']"}
COMMAND: POST /session/121b5910f067d4d1941a4df48d2c59fa/element - {"using":"xpath","value":"//button[@data-kt=\"masterHOAddButton\"]"}
RESULT: {"using":"xpath","value":"//button[@data-kt=\"masterHOAddButton\"]"}
COMMAND: POST /session/121b5910f067d4d1941a4df48d2c59fa/elements - {"using":"xpath","value":"//button[@data-kt=\"masterHOAddButton\"]"}
RESULT: {"using":"xpath","value":"//button[@data-kt=\"masterHOAddButton\"]"}
COMMAND: POST /session/121b5910f067d4d1941a4df48d2c59fa/execute/sync - {"script":"<script> [8489 bytes]","args":[{"element-6066-11e4-a52e-4f735466cecf":"f.F80EBE20359F196FC2F6F7CC51ACB296.d.E359D34E845B800B59D5B655829497D6.e.14862","ELEMENT":"f.F80EBE20359F196FC2F6F7CC51ACB296.d.E359D34E845B800B59D5B655829497D6.e.14862"}]}
RESULT: {"script":"<script> [8489 bytes]","args":[{"element-6066-11e4-a52e-4f735466cecf":"f.F80EBE20359F196FC2F6F7CC51ACB296.d.E359D34E845B800B59D5B655829497D6.e.14862","ELEMENT":"f.F80EBE20359F196FC2F6F7CC51ACB296.d.E359D34E845B800B59D5B655829497D6.e.14862"}]}
COMMAND: GET /session/121b5910f067d4d1941a4df48d2c59fa/element/f.F80EBE20359F196FC2F6F7CC51ACB296.d.E359D34E845B800B59D5B655829497D6.e.14862/enabled - {}
COMMAND: GET /session/121b5910f067d4d1941a4df48d2c59fa/screenshot - {}
RESULT: {}
COMMAND: POST /session/121b5910f067d4d1941a4df48d2c59fa/execute/sync - {"script":"<script> [8489 bytes]","args":[{"element-6066-11e4-a52e-4f735466cecf":"f.F80EBE20359F196FC2F6F7CC51ACB296.d.E359D34E845B800B59D5B655829497D6.e.14862","ELEMENT":"f.F80EBE20359F196FC2F6F7CC51ACB296.d.E359D34E845B800B59D5B655829497D6.e.14862"}]}
COMMAND: GET /session/121b5910f067d4d1941a4df48d2c59fa/screenshot - {}
RESULT: {}
RESULT: {"script":"<script> [8489 bytes]","args":[{"element-6066-11e4-a52e-4f735466cecf":"f.F80EBE20359F196FC2F6F7CC51ACB296.d.E359D34E845B800B59D5B655829497D6.e.14862","ELEMENT":"f.F80EBE20359F196FC2F6F7CC51ACB296.d.E359D34E845B800B59D5B655829497D6.e.14862"}]}
COMMAND: POST /session/121b5910f067d4d1941a4df48d2c59fa/execute/sync - {"script":"<script> [5351 bytes]","args":[{"element-6066-11e4-a52e-4f735466cecf":"f.F80EBE20359F196FC2F6F7CC51ACB296.d.E359D34E845B800B59D5B655829497D6.e.14862","ELEMENT":"f.F80EBE20359F196FC2F6F7CC51ACB296.d.E359D34E845B800B59D5B655829497D6.e.14862"}]}
COMMAND: GET /session/121b5910f067d4d1941a4df48d2c59fa/screenshot - {}
RESULT: {}
RESULT: {"script":"<script> [5351 bytes]","args":[{"element-6066-11e4-a52e-4f735466cecf":"f.F80EBE20359F196FC2F6F7CC51ACB296.d.E359D34E845B800B59D5B655829497D6.e.14862","ELEMENT":"f.F80EBE20359F196FC2F6F7CC51ACB296.d.E359D34E845B800B59D5B655829497D6.e.14862"}]}
COMMAND: POST /session/121b5910f067d4d1941a4df48d2c59fa/element/f.F80EBE20359F196FC2F6F7CC51ACB296.d.E359D34E845B800B59D5B655829497D6.e.14862/click - {}
COMMAND: GET /session/121b5910f067d4d1941a4df48d2c59fa/screenshot - {}
RESULT: {}
RESULT: {}
COMMAND: GET /session/121b5910f067d4d1941a4df48d2c59fa/screenshot - {}
COMMAND: POST /session/121b5910f067d4d1941a4df48d2c59fa/element - {"using":"xpath","value":"//span[contains(@id ,\"AddNewHO--typeSelect-arrow\")]"}
RESULT: {}
RESULT: {}
RESULT: {"using":"xpath","value":"//span[contains(@id ,\"AddNewHO--typeSelect-arrow\")]"}
COMMAND: POST /session/121b5910f067d4d1941a4df48d2c59fa/element/f.F80EBE20359F196FC2F6F7CC51ACB296.d.E359D34E845B800B59D5B655829497D6.e.15197/click - {}
RESULT: {}
COMMAND: GET /session/121b5910f067d4d1941a4df48d2c59fa/screenshot - {}
RESULT: {}
COMMAND: POST /session/121b5910f067d4d1941a4df48d2c59fa/element - {"using":"xpath","value":"(//li[contains(text(), \"stock increase yard\")])[1]"}
RESULT: {"using":"xpath","value":"(//li[contains(text(), \"stock increase yard\")])[1]"}
COMMAND: POST /session/121b5910f067d4d1941a4df48d2c59fa/element/f.F80EBE20359F196FC2F6F7CC51ACB296.d.E359D34E845B800B59D5B655829497D6.e.15198/click - {}
RESULT: {}
COMMAND: GET /session/121b5910f067d4d1941a4df48d2c59fa/screenshot - {}
RESULT: {}
COMMAND: POST /session/121b5910f067d4d1941a4df48d2c59fa/execute/async - {"script":"<script> [1562 bytes]","args":[{"selector":{"id":"application-managehandovers-display-component---AddNewHO--dueDate","interaction":{"idSuffix":"inner"}},"wdio_ui5_key":"applicationmanagehandovers-display-component---AddNewHO--dueDate"}]}
RESULT: {"script":"<script> [1562 bytes]","args":[{"selector":{"id":"application-managehandovers-display-component---AddNewHO--dueDate","interaction":{"idSuffix":"inner"}},"wdio_ui5_key":"applicationmanagehandovers-display-component---AddNewHO--dueDate"}]}
RESULT: undefined
COMMAND: POST /session/121b5910f067d4d1941a4df48d2c59fa/execute/async - {"script":"<script> [6424 bytes]","args":[{"element-6066-11e4-a52e-4f735466cecf":"f.F80EBE20359F196FC2F6F7CC51ACB296.d.E359D34E845B800B59D5B655829497D6.e.15200"},"setValue",["5/16/25"]]}
RESULT: {"script":"<script> [6424 bytes]","args":[{"element-6066-11e4-a52e-4f735466cecf":"f.F80EBE20359F196FC2F6F7CC51ACB296.d.E359D34E845B800B59D5B655829497D6.e.15200"},"setValue",["5/16/25"]]}
COMMAND: POST /session/121b5910f067d4d1941a4df48d2c59fa/element - {"using":"xpath","value":"//input[@id=\"generalSectionFrg--receiveYard-inner\"]"}
RESULT: {"using":"xpath","value":"//input[@id=\"generalSectionFrg--receiveYard-inner\"]"}
COMMAND: POST /session/121b5910f067d4d1941a4df48d2c59fa/element/f.F80EBE20359F196FC2F6F7CC51ACB296.d.E359D34E845B800B59D5B655829497D6.e.15204/clear - {}
RESULT: {}
COMMAND: POST /session/121b5910f067d4d1941a4df48d2c59fa/element/f.F80EBE20359F196FC2F6F7CC51ACB296.d.E359D34E845B800B59D5B655829497D6.e.15204/value - {"text":"438"}
COMMAND: GET /session/121b5910f067d4d1941a4df48d2c59fa/screenshot - {}
RESULT: {"text":"438"}
COMMAND: GET /session/121b5910f067d4d1941a4df48d2c59fa/screenshot - {}
RESULT: {}
RESULT: {}
COMMAND: POST /session/121b5910f067d4d1941a4df48d2c59fa/element - {"using":"xpath","value":"//li[.//span[text()='438']]"}
RESULT: {"using":"xpath","value":"//li[.//span[text()='438']]"}
COMMAND: POST /session/121b5910f067d4d1941a4df48d2c59fa/element/f.F80EBE20359F196FC2F6F7CC51ACB296.d.E359D34E845B800B59D5B655829497D6.e.15221/click - {}
RESULT: {}
COMMAND: GET /session/121b5910f067d4d1941a4df48d2c59fa/screenshot - {}
RESULT: {}
COMMAND: POST /session/121b5910f067d4d1941a4df48d2c59fa/execute/async - {"script":"<script> [1562 bytes]","args":[{"selector":{"id":"application-managehandovers-display-component---AddNewHO--ObjectPageLayout-anchBar-application-managehandovers-display-component---AddNewHO--section4-anchor","interaction":{"idSuffix":"BDI-content"}},"wdio_ui5_key":"applicationmanagehandovers-display-component---AddNewHO--ObjectPageLayout-anchBar-application-managehandovers-display-component---AddNewHO--section4-anchor"}]}
RESULT: {"script":"<script> [1562 bytes]","args":[{"selector":{"id":"application-managehandovers-display-component---AddNewHO--ObjectPageLayout-anchBar-application-managehandovers-display-component---AddNewHO--section4-anchor","interaction":{"idSuffix":"BDI-content"}},"wdio_ui5_key":"applicationmanagehandovers-display-component---AddNewHO--ObjectPageLayout-anchBar-application-managehandovers-display-component---AddNewHO--section4-anchor"}]}
RESULT: undefined
COMMAND: POST /session/121b5910f067d4d1941a4df48d2c59fa/element - {"using":"xpath","value":"//*[@id=\"application-managehandovers-display-component---AddNewHO--ObjectPageLayout-anchBar-application-managehandovers-display-component---AddNewHO--section4-anchor\"]"}
RESULT: {"using":"xpath","value":"//*[@id=\"application-managehandovers-display-component---AddNewHO--ObjectPageLayout-anchBar-application-managehandovers-display-component---AddNewHO--section4-anchor\"]"}
COMMAND: POST /session/121b5910f067d4d1941a4df48d2c59fa/element/f.F80EBE20359F196FC2F6F7CC51ACB296.d.E359D34E845B800B59D5B655829497D6.e.15223/click - {}
RESULT: {}
COMMAND: POST /session/121b5910f067d4d1941a4df48d2c59fa/element - {"using":"xpath","value":"//button[@aria-label=\"Add\"]"}
COMMAND: GET /session/121b5910f067d4d1941a4df48d2c59fa/screenshot - {}
RESULT: {"using":"xpath","value":"//button[@aria-label=\"Add\"]"}
COMMAND: POST /session/121b5910f067d4d1941a4df48d2c59fa/element/f.F80EBE20359F196FC2F6F7CC51ACB296.d.E359D34E845B800B59D5B655829497D6.e.15225/click - {}
RESULT: {}
RESULT: {}
COMMAND: GET /session/121b5910f067d4d1941a4df48d2c59fa/screenshot - {}
RESULT: {}
COMMAND: POST /session/121b5910f067d4d1941a4df48d2c59fa/execute/async - {"script":"<script> [1562 bytes]","args":[{"selector":{"id":"application-managehandovers-display-component---AddNewHO--smartFilterBar-btnBasicSearch","searchOpenDialogs":true,"interaction":{"idSuffix":"I"}},"wdio_ui5_key":"applicationmanagehandovers-display-component---AddNewHO--smartFilterBar-btnBasicSearch"}]}
RESULT: {"script":"<script> [1562 bytes]","args":[{"selector":{"id":"application-managehandovers-display-component---AddNewHO--smartFilterBar-btnBasicSearch","searchOpenDialogs":true,"interaction":{"idSuffix":"I"}},"wdio_ui5_key":"applicationmanagehandovers-display-component---AddNewHO--smartFilterBar-btnBasicSearch"}]}
RESULT: undefined
COMMAND: POST /session/121b5910f067d4d1941a4df48d2c59fa/execute/async - {"script":"<script> [776 bytes]","args":[{"enterText":"200211","selector":{"id":"application-managehandovers-display-component---AddNewHO--smartFilterBar-btnBasicSearch","searchOpenDialogs":true,"interaction":{"idSuffix":"I"}},"clearTextFirst":true,"interactionType":"ENTER_TEXT"}]}
RESULT: {"script":"<script> [776 bytes]","args":[{"enterText":"200211","selector":{"id":"application-managehandovers-display-component---AddNewHO--smartFilterBar-btnBasicSearch","searchOpenDialogs":true,"interaction":{"idSuffix":"I"}},"clearTextFirst":true,"interactionType":"ENTER_TEXT"}]}
COMMAND: POST /session/121b5910f067d4d1941a4df48d2c59fa/actions - {"actions":[{"id":"action49","type":"key","parameters":{},"actions":[{"type":"keyDown","value":"î€‡"},{"type":"pause","duration":10},{"type":"keyUp","value":"î€‡"}]}]}
RESULT: {"actions":[{"id":"action49","type":"key","parameters":{},"actions":[{"type":"keyDown","value":"î€‡"},{"type":"pause","duration":10},{"type":"keyUp","value":"î€‡"}]}]}
COMMAND: GET /session/121b5910f067d4d1941a4df48d2c59fa/screenshot - {}
RESULT: {}
COMMAND: POST /session/121b5910f067d4d1941a4df48d2c59fa/execute/async - {"script":"<script> [1562 bytes]","args":[{"selector":{"id":"application-managehandovers-display-component---AddNewHO--popup-sa","searchOpenDialogs":true,"interaction":{"idSuffix":"CbBg"}},"wdio_ui5_key":"applicationmanagehandovers-display-component---AddNewHO--popup-sa"}]}
RESULT: {"script":"<script> [1562 bytes]","args":[{"selector":{"id":"application-managehandovers-display-component---AddNewHO--popup-sa","searchOpenDialogs":true,"interaction":{"idSuffix":"CbBg"}},"wdio_ui5_key":"applicationmanagehandovers-display-component---AddNewHO--popup-sa"}]}
RESULT: undefined
COMMAND: POST /session/121b5910f067d4d1941a4df48d2c59fa/element - {"using":"xpath","value":"//*[@id=\"application-managehandovers-display-component---AddNewHO--popup-sa\"]"}
RESULT: {"using":"xpath","value":"//*[@id=\"application-managehandovers-display-component---AddNewHO--popup-sa\"]"}
COMMAND: POST /session/121b5910f067d4d1941a4df48d2c59fa/element/f.F80EBE20359F196FC2F6F7CC51ACB296.d.E359D34E845B800B59D5B655829497D6.e.15377/click - {}
RESULT: {}
COMMAND: GET /session/121b5910f067d4d1941a4df48d2c59fa/screenshot - {}
RESULT: {}
COMMAND: POST /session/121b5910f067d4d1941a4df48d2c59fa/element - {"using":"xpath","value":"//bdi[contains(text(), \"Select\")]"}
RESULT: {"using":"xpath","value":"//bdi[contains(text(), \"Select\")]"}
COMMAND: POST /session/121b5910f067d4d1941a4df48d2c59fa/element/f.F80EBE20359F196FC2F6F7CC51ACB296.d.E359D34E845B800B59D5B655829497D6.e.15378/click - {}
RESULT: {}
COMMAND: GET /session/121b5910f067d4d1941a4df48d2c59fa/screenshot - {}
RESULT: {}
COMMAND: POST /session/121b5910f067d4d1941a4df48d2c59fa/element - {"using":"xpath","value":"//button[@data-kt=\"AddNewHOSaveButton\"]"}
RESULT: {"using":"xpath","value":"//button[@data-kt=\"AddNewHOSaveButton\"]"}
COMMAND: POST /session/121b5910f067d4d1941a4df48d2c59fa/element/f.F80EBE20359F196FC2F6F7CC51ACB296.d.E359D34E845B800B59D5B655829497D6.e.15382/click - {}
RESULT: {}
COMMAND: GET /session/121b5910f067d4d1941a4df48d2c59fa/screenshot - {}
RESULT: {}
COMMAND: POST /session/121b5910f067d4d1941a4df48d2c59fa/execute/async - {"script":"<script> [1562 bytes]","args":[{"selector":{"id":"receiptDatePicker","viewName":"etm.portal.ui.managehandovers.view.DetailExecuteHO","interaction":{"idSuffix":"inner"}},"wdio_ui5_key":"receiptDatePickeretmportal.ui.managehandovers.view.DetailExecuteHO"}]}
RESULT: {"script":"<script> [1562 bytes]","args":[{"selector":{"id":"receiptDatePicker","viewName":"etm.portal.ui.managehandovers.view.DetailExecuteHO","interaction":{"idSuffix":"inner"}},"wdio_ui5_key":"receiptDatePickeretmportal.ui.managehandovers.view.DetailExecuteHO"}]}
RESULT: undefined
COMMAND: POST /session/121b5910f067d4d1941a4df48d2c59fa/execute/async - {"script":"<script> [6424 bytes]","args":[{"element-6066-11e4-a52e-4f735466cecf":"f.F80EBE20359F196FC2F6F7CC51ACB296.d.E359D34E845B800B59D5B655829497D6.e.15401"},"setValue",["5/16/25"]]}
RESULT: {"script":"<script> [6424 bytes]","args":[{"element-6066-11e4-a52e-4f735466cecf":"f.F80EBE20359F196FC2F6F7CC51ACB296.d.E359D34E845B800B59D5B655829497D6.e.15401"},"setValue",["5/16/25"]]}
COMMAND: POST /session/121b5910f067d4d1941a4df48d2c59fa/element - {"using":"xpath","value":"//button[@data-kt=\"PickingTableConfirmAllButton\"]"}
RESULT: {"using":"xpath","value":"//button[@data-kt=\"PickingTableConfirmAllButton\"]"}
COMMAND: POST /session/121b5910f067d4d1941a4df48d2c59fa/element/f.F80EBE20359F196FC2F6F7CC51ACB296.d.E359D34E845B800B59D5B655829497D6.e.15415/click - {}
RESULT: {}
COMMAND: GET /session/121b5910f067d4d1941a4df48d2c59fa/screenshot - {}
RESULT: {}
COMMAND: POST /session/121b5910f067d4d1941a4df48d2c59fa/element - {"using":"xpath","value":"//bdi[contains(text(), \"OK\")]"}
RESULT: {"using":"xpath","value":"//bdi[contains(text(), \"OK\")]"}
COMMAND: POST /session/121b5910f067d4d1941a4df48d2c59fa/element/f.F80EBE20359F196FC2F6F7CC51ACB296.d.E359D34E845B800B59D5B655829497D6.e.15417/click - {}
RESULT: {}
COMMAND: GET /session/121b5910f067d4d1941a4df48d2c59fa/screenshot - {}
RESULT: {}
COMMAND: POST /session/121b5910f067d4d1941a4df48d2c59fa/element - {"using":"xpath","value":"(//bdi[contains(text(), \"Receive\")])[2]"}
RESULT: {"using":"xpath","value":"(//bdi[contains(text(), \"Receive\")])[2]"}
COMMAND: POST /session/121b5910f067d4d1941a4df48d2c59fa/element/f.F80EBE20359F196FC2F6F7CC51ACB296.d.E359D34E845B800B59D5B655829497D6.e.15419/click - {}
RESULT: {}
COMMAND: GET /session/121b5910f067d4d1941a4df48d2c59fa/screenshot - {}
RESULT: {}
COMMAND: POST /session/121b5910f067d4d1941a4df48d2c59fa/element - {"using":"css selector","value":"#shell-header-logo"}
RESULT: {"using":"css selector","value":"#shell-header-logo"}
COMMAND: POST /session/121b5910f067d4d1941a4df48d2c59fa/element/f.F80EBE20359F196FC2F6F7CC51ACB296.d.E359D34E845B800B59D5B655829497D6.e.14827/click - {}
RESULT: {}
COMMAND: GET /session/121b5910f067d4d1941a4df48d2c59fa/screenshot - {}
RESULT: {}
]]></system-out>
    </testcase>
    <testcase classname="chrome.136_0_7103_93.windows.Provide_to_Site_w/o_warehouse_management_w/o_clarification" name="Should create a new contract" time="62.116">
      <system-out><![CDATA[
COMMAND: POST /session/121b5910f067d4d1941a4df48d2c59fa/execute/async - {"script":"<script> [1562 bytes]","args":[{"selector":{"controlType":"sap.m.GenericTile","properties":{"header":"Manage Contracts"}},"wdio_ui5_key":"sapm.GenericTile{\"header\":\"Manage Contracts\"}"}]}
RESULT: {"script":"<script> [1562 bytes]","args":[{"selector":{"controlType":"sap.m.GenericTile","properties":{"header":"Manage Contracts"}},"wdio_ui5_key":"sapm.GenericTile{\"header\":\"Manage Contracts\"}"}]}
RESULT: undefined
COMMAND: POST /session/121b5910f067d4d1941a4df48d2c59fa/element - {"using":"xpath","value":"//*[@id=\"__tile132\"]"}
RESULT: {"using":"xpath","value":"//*[@id=\"__tile132\"]"}
COMMAND: POST /session/121b5910f067d4d1941a4df48d2c59fa/element/f.F80EBE20359F196FC2F6F7CC51ACB296.d.E359D34E845B800B59D5B655829497D6.e.14200/click - {}
RESULT: {}
COMMAND: GET /session/121b5910f067d4d1941a4df48d2c59fa/screenshot - {}
RESULT: {}
COMMAND: POST /session/121b5910f067d4d1941a4df48d2c59fa/elements - {"using":"xpath","value":"//span[text()='Error']"}
RESULT: {"using":"xpath","value":"//span[text()='Error']"}
COMMAND: POST /session/121b5910f067d4d1941a4df48d2c59fa/element - {"using":"xpath","value":"//button[@data-kt=\"addButton\"]"}
RESULT: {"using":"xpath","value":"//button[@data-kt=\"addButton\"]"}
COMMAND: POST /session/121b5910f067d4d1941a4df48d2c59fa/elements - {"using":"xpath","value":"//button[@data-kt=\"addButton\"]"}
RESULT: {"using":"xpath","value":"//button[@data-kt=\"addButton\"]"}
COMMAND: POST /session/121b5910f067d4d1941a4df48d2c59fa/execute/sync - {"script":"<script> [8489 bytes]","args":[{"element-6066-11e4-a52e-4f735466cecf":"f.F80EBE20359F196FC2F6F7CC51ACB296.d.E359D34E845B800B59D5B655829497D6.e.15647","ELEMENT":"f.F80EBE20359F196FC2F6F7CC51ACB296.d.E359D34E845B800B59D5B655829497D6.e.15647"}]}
RESULT: {"script":"<script> [8489 bytes]","args":[{"element-6066-11e4-a52e-4f735466cecf":"f.F80EBE20359F196FC2F6F7CC51ACB296.d.E359D34E845B800B59D5B655829497D6.e.15647","ELEMENT":"f.F80EBE20359F196FC2F6F7CC51ACB296.d.E359D34E845B800B59D5B655829497D6.e.15647"}]}
COMMAND: GET /session/121b5910f067d4d1941a4df48d2c59fa/element/f.F80EBE20359F196FC2F6F7CC51ACB296.d.E359D34E845B800B59D5B655829497D6.e.15647/enabled - {}
COMMAND: GET /session/121b5910f067d4d1941a4df48d2c59fa/screenshot - {}
RESULT: {}
COMMAND: POST /session/121b5910f067d4d1941a4df48d2c59fa/execute/sync - {"script":"<script> [8489 bytes]","args":[{"element-6066-11e4-a52e-4f735466cecf":"f.F80EBE20359F196FC2F6F7CC51ACB296.d.E359D34E845B800B59D5B655829497D6.e.15647","ELEMENT":"f.F80EBE20359F196FC2F6F7CC51ACB296.d.E359D34E845B800B59D5B655829497D6.e.15647"}]}
COMMAND: GET /session/121b5910f067d4d1941a4df48d2c59fa/screenshot - {}
RESULT: {}
RESULT: {"script":"<script> [8489 bytes]","args":[{"element-6066-11e4-a52e-4f735466cecf":"f.F80EBE20359F196FC2F6F7CC51ACB296.d.E359D34E845B800B59D5B655829497D6.e.15647","ELEMENT":"f.F80EBE20359F196FC2F6F7CC51ACB296.d.E359D34E845B800B59D5B655829497D6.e.15647"}]}
COMMAND: POST /session/121b5910f067d4d1941a4df48d2c59fa/execute/sync - {"script":"<script> [5351 bytes]","args":[{"element-6066-11e4-a52e-4f735466cecf":"f.F80EBE20359F196FC2F6F7CC51ACB296.d.E359D34E845B800B59D5B655829497D6.e.15647","ELEMENT":"f.F80EBE20359F196FC2F6F7CC51ACB296.d.E359D34E845B800B59D5B655829497D6.e.15647"}]}
COMMAND: GET /session/121b5910f067d4d1941a4df48d2c59fa/screenshot - {}
RESULT: {}
RESULT: {"script":"<script> [5351 bytes]","args":[{"element-6066-11e4-a52e-4f735466cecf":"f.F80EBE20359F196FC2F6F7CC51ACB296.d.E359D34E845B800B59D5B655829497D6.e.15647","ELEMENT":"f.F80EBE20359F196FC2F6F7CC51ACB296.d.E359D34E845B800B59D5B655829497D6.e.15647"}]}
COMMAND: GET /session/121b5910f067d4d1941a4df48d2c59fa/screenshot - {}
RESULT: {}
RESULT: {}
COMMAND: POST /session/121b5910f067d4d1941a4df48d2c59fa/element/f.F80EBE20359F196FC2F6F7CC51ACB296.d.E359D34E845B800B59D5B655829497D6.e.15647/click - {}
RESULT: {}
COMMAND: GET /session/121b5910f067d4d1941a4df48d2c59fa/screenshot - {}
COMMAND: POST /session/121b5910f067d4d1941a4df48d2c59fa/execute/async - {"script":"<script> [1562 bytes]","args":[{"selector":{"id":"application-managecontracts-display-component---AddNewContract--projectDescription","interaction":{"idSuffix":"inner"}},"wdio_ui5_key":"applicationmanagecontracts-display-component---AddNewContract--projectDescription"}]}
RESULT: {"script":"<script> [1562 bytes]","args":[{"selector":{"id":"application-managecontracts-display-component---AddNewContract--projectDescription","interaction":{"idSuffix":"inner"}},"wdio_ui5_key":"applicationmanagecontracts-display-component---AddNewContract--projectDescription"}]}
RESULT: undefined
COMMAND: POST /session/121b5910f067d4d1941a4df48d2c59fa/execute/async - {"script":"<script> [776 bytes]","args":[{"enterText":"Contract WDIO","selector":{"id":"application-managecontracts-display-component---AddNewContract--projectDescription","interaction":{"idSuffix":"inner"}},"clearTextFirst":true,"interactionType":"ENTER_TEXT"}]}
RESULT: {}
RESULT: {"script":"<script> [776 bytes]","args":[{"enterText":"Contract WDIO","selector":{"id":"application-managecontracts-display-component---AddNewContract--projectDescription","interaction":{"idSuffix":"inner"}},"clearTextFirst":true,"interactionType":"ENTER_TEXT"}]}
COMMAND: POST /session/121b5910f067d4d1941a4df48d2c59fa/element - {"using":"xpath","value":"//input[@id=\"application-managecontracts-display-component---AddNewContract--site-inner\"]"}
RESULT: {"using":"xpath","value":"//input[@id=\"application-managecontracts-display-component---AddNewContract--site-inner\"]"}
COMMAND: POST /session/121b5910f067d4d1941a4df48d2c59fa/element/f.F80EBE20359F196FC2F6F7CC51ACB296.d.E359D34E845B800B59D5B655829497D6.e.16002/clear - {}
RESULT: {}
COMMAND: POST /session/121b5910f067d4d1941a4df48d2c59fa/element/f.F80EBE20359F196FC2F6F7CC51ACB296.d.E359D34E845B800B59D5B655829497D6.e.16002/value - {"text":"2205"}
COMMAND: GET /session/121b5910f067d4d1941a4df48d2c59fa/screenshot - {}
RESULT: {"text":"2205"}
COMMAND: GET /session/121b5910f067d4d1941a4df48d2c59fa/screenshot - {}
RESULT: {}
RESULT: {}
COMMAND: POST /session/121b5910f067d4d1941a4df48d2c59fa/element - {"using":"xpath","value":"//li[.//span[text()='2205']]"}
RESULT: {"using":"xpath","value":"//li[.//span[text()='2205']]"}
COMMAND: POST /session/121b5910f067d4d1941a4df48d2c59fa/element/f.F80EBE20359F196FC2F6F7CC51ACB296.d.E359D34E845B800B59D5B655829497D6.e.16031/click - {}
RESULT: {}
COMMAND: GET /session/121b5910f067d4d1941a4df48d2c59fa/screenshot - {}
RESULT: {}
COMMAND: POST /session/121b5910f067d4d1941a4df48d2c59fa/element - {"using":"xpath","value":"//input[@id=\"application-managecontracts-display-component---AddNewContract--yardId-inner\"]"}
RESULT: {"using":"xpath","value":"//input[@id=\"application-managecontracts-display-component---AddNewContract--yardId-inner\"]"}
COMMAND: GET /session/121b5910f067d4d1941a4df48d2c59fa/element/f.F80EBE20359F196FC2F6F7CC51ACB296.d.E359D34E845B800B59D5B655829497D6.e.16003/property/value - {}
RESULT: {}
COMMAND: POST /session/121b5910f067d4d1941a4df48d2c59fa/element - {"using":"xpath","value":"//input[@id=\"application-managecontracts-display-component---AddNewContract--customerSelect-inner\"]"}
COMMAND: GET /session/121b5910f067d4d1941a4df48d2c59fa/screenshot - {}
RESULT: {"using":"xpath","value":"//input[@id=\"application-managecontracts-display-component---AddNewContract--customerSelect-inner\"]"}
COMMAND: POST /session/121b5910f067d4d1941a4df48d2c59fa/element/f.F80EBE20359F196FC2F6F7CC51ACB296.d.E359D34E845B800B59D5B655829497D6.e.16001/clear - {}
RESULT: {}
RESULT: {}
COMMAND: POST /session/121b5910f067d4d1941a4df48d2c59fa/element/f.F80EBE20359F196FC2F6F7CC51ACB296.d.E359D34E845B800B59D5B655829497D6.e.16001/value - {"text":"1246"}
COMMAND: GET /session/121b5910f067d4d1941a4df48d2c59fa/screenshot - {}
RESULT: {"text":"1246"}
COMMAND: GET /session/121b5910f067d4d1941a4df48d2c59fa/screenshot - {}
RESULT: {}
RESULT: {}
COMMAND: POST /session/121b5910f067d4d1941a4df48d2c59fa/element - {"using":"xpath","value":"//li[.//span[text()='1246']]"}
RESULT: {"using":"xpath","value":"//li[.//span[text()='1246']]"}
COMMAND: POST /session/121b5910f067d4d1941a4df48d2c59fa/element/f.F80EBE20359F196FC2F6F7CC51ACB296.d.E359D34E845B800B59D5B655829497D6.e.16034/click - {}
RESULT: {}
COMMAND: GET /session/121b5910f067d4d1941a4df48d2c59fa/screenshot - {}
RESULT: {}
COMMAND: POST /session/121b5910f067d4d1941a4df48d2c59fa/element - {"using":"xpath","value":"//button[@data-kt=\"saveButton\"]"}
RESULT: {"using":"xpath","value":"//button[@data-kt=\"saveButton\"]"}
COMMAND: POST /session/121b5910f067d4d1941a4df48d2c59fa/element/f.F80EBE20359F196FC2F6F7CC51ACB296.d.E359D34E845B800B59D5B655829497D6.e.16035/click - {}
RESULT: {}
COMMAND: GET /session/121b5910f067d4d1941a4df48d2c59fa/screenshot - {}
RESULT: {}
COMMAND: POST /session/121b5910f067d4d1941a4df48d2c59fa/element - {"using":"xpath","value":"//span[contains(@id ,\"contractDetailTitleNoExpanded\")]"}
RESULT: {"using":"xpath","value":"//span[contains(@id ,\"contractDetailTitleNoExpanded\")]"}
COMMAND: POST /session/121b5910f067d4d1941a4df48d2c59fa/elements - {"using":"xpath","value":"//span[contains(@id ,\"contractDetailTitleNoExpanded\")]"}
RESULT: {"using":"xpath","value":"//span[contains(@id ,\"contractDetailTitleNoExpanded\")]"}
COMMAND: POST /session/121b5910f067d4d1941a4df48d2c59fa/execute/sync - {"script":"<script> [56 bytes]","args":[{"element-6066-11e4-a52e-4f735466cecf":"f.F80EBE20359F196FC2F6F7CC51ACB296.d.E359D34E845B800B59D5B655829497D6.e.16105","ELEMENT":"f.F80EBE20359F196FC2F6F7CC51ACB296.d.E359D34E845B800B59D5B655829497D6.e.16105"}]}
RESULT: {"script":"<script> [56 bytes]","args":[{"element-6066-11e4-a52e-4f735466cecf":"f.F80EBE20359F196FC2F6F7CC51ACB296.d.E359D34E845B800B59D5B655829497D6.e.16105","ELEMENT":"f.F80EBE20359F196FC2F6F7CC51ACB296.d.E359D34E845B800B59D5B655829497D6.e.16105"}]}
COMMAND: GET /session/121b5910f067d4d1941a4df48d2c59fa/screenshot - {}
RESULT: {}
]]></system-out>
    </testcase>
    <testcase classname="chrome.136_0_7103_93.windows.Provide_to_Site_w/o_warehouse_management_w/o_clarification" name="Should add equipment to the contract" time="57.955">
      <system-out><![CDATA[
COMMAND: POST /session/121b5910f067d4d1941a4df48d2c59fa/element - {"using":"xpath","value":"//button[@data-kt=\"contractDetailEditBtnButton\"]"}
RESULT: {"using":"xpath","value":"//button[@data-kt=\"contractDetailEditBtnButton\"]"}
COMMAND: POST /session/121b5910f067d4d1941a4df48d2c59fa/element/f.F80EBE20359F196FC2F6F7CC51ACB296.d.E359D34E845B800B59D5B655829497D6.e.16108/click - {}
RESULT: {}
COMMAND: GET /session/121b5910f067d4d1941a4df48d2c59fa/screenshot - {}
RESULT: {}
COMMAND: POST /session/121b5910f067d4d1941a4df48d2c59fa/element - {"using":"xpath","value":"(//span[contains(text(), \"Additional Addresses\")])[2]"}
RESULT: {"using":"xpath","value":"(//span[contains(text(), \"Additional Addresses\")])[2]"}
COMMAND: POST /session/121b5910f067d4d1941a4df48d2c59fa/element/f.F80EBE20359F196FC2F6F7CC51ACB296.d.E359D34E845B800B59D5B655829497D6.e.16163/click - {}
RESULT: {}
COMMAND: GET /session/121b5910f067d4d1941a4df48d2c59fa/screenshot - {}
RESULT: {}
COMMAND: POST /session/121b5910f067d4d1941a4df48d2c59fa/element - {"using":"xpath","value":"//button[@data-kt=\"btnAddTableRowOverflowToolbarButton\"]"}
RESULT: {"using":"xpath","value":"//button[@data-kt=\"btnAddTableRowOverflowToolbarButton\"]"}
COMMAND: POST /session/121b5910f067d4d1941a4df48d2c59fa/element/f.F80EBE20359F196FC2F6F7CC51ACB296.d.E359D34E845B800B59D5B655829497D6.e.16166/click - {}
RESULT: {}
COMMAND: GET /session/121b5910f067d4d1941a4df48d2c59fa/screenshot - {}
RESULT: {}
COMMAND: POST /session/121b5910f067d4d1941a4df48d2c59fa/element - {"using":"xpath","value":"//div[(text() = 'Standard Entry' or . = 'Standard Entry')]"}
RESULT: {"using":"xpath","value":"//div[(text() = 'Standard Entry' or . = 'Standard Entry')]"}
COMMAND: POST /session/121b5910f067d4d1941a4df48d2c59fa/element/f.F80EBE20359F196FC2F6F7CC51ACB296.d.E359D34E845B800B59D5B655829497D6.e.16168/click - {}
RESULT: {}
COMMAND: GET /session/121b5910f067d4d1941a4df48d2c59fa/screenshot - {}
RESULT: {}
COMMAND: POST /session/121b5910f067d4d1941a4df48d2c59fa/element - {"using":"xpath","value":"//td[6]/div/div/div/span"}
RESULT: {"using":"xpath","value":"//td[6]/div/div/div/span"}
COMMAND: POST /session/121b5910f067d4d1941a4df48d2c59fa/element/f.F80EBE20359F196FC2F6F7CC51ACB296.d.E359D34E845B800B59D5B655829497D6.e.16180/click - {}
RESULT: {}
COMMAND: GET /session/121b5910f067d4d1941a4df48d2c59fa/screenshot - {}
RESULT: {}
COMMAND: POST /session/121b5910f067d4d1941a4df48d2c59fa/element - {"using":"xpath","value":"(//span[contains(text(), \"Material\")])"}
RESULT: {"using":"xpath","value":"(//span[contains(text(), \"Material\")])"}
COMMAND: POST /session/121b5910f067d4d1941a4df48d2c59fa/element/f.F80EBE20359F196FC2F6F7CC51ACB296.d.E359D34E845B800B59D5B655829497D6.e.16181/click - {}
RESULT: {}
COMMAND: GET /session/121b5910f067d4d1941a4df48d2c59fa/screenshot - {}
RESULT: {}
COMMAND: POST /session/121b5910f067d4d1941a4df48d2c59fa/element - {"using":"xpath","value":"//td[7]/div/div/input"}
RESULT: {"using":"xpath","value":"//td[7]/div/div/input"}
COMMAND: POST /session/121b5910f067d4d1941a4df48d2c59fa/element/f.F80EBE20359F196FC2F6F7CC51ACB296.d.E359D34E845B800B59D5B655829497D6.e.16185/clear - {}
RESULT: {}
COMMAND: POST /session/121b5910f067d4d1941a4df48d2c59fa/element/f.F80EBE20359F196FC2F6F7CC51ACB296.d.E359D34E845B800B59D5B655829497D6.e.16185/value - {"text":"200211"}
COMMAND: GET /session/121b5910f067d4d1941a4df48d2c59fa/screenshot - {}
RESULT: {"text":"200211"}
COMMAND: GET /session/121b5910f067d4d1941a4df48d2c59fa/screenshot - {}
RESULT: {}
RESULT: {}
COMMAND: POST /session/121b5910f067d4d1941a4df48d2c59fa/actions - {"actions":[{"id":"action50","type":"key","parameters":{},"actions":[{"type":"keyDown","value":"î€‡"},{"type":"pause","duration":10},{"type":"keyUp","value":"î€‡"}]}]}
RESULT: {"actions":[{"id":"action50","type":"key","parameters":{},"actions":[{"type":"keyDown","value":"î€‡"},{"type":"pause","duration":10},{"type":"keyUp","value":"î€‡"}]}]}
COMMAND: GET /session/121b5910f067d4d1941a4df48d2c59fa/screenshot - {}
RESULT: {}
COMMAND: POST /session/121b5910f067d4d1941a4df48d2c59fa/execute/sync - {"script":"<script> [276 bytes]","args":["No pricing information was found"]}
RESULT: {"script":"<script> [276 bytes]","args":["No pricing information was found"]}
COMMAND: POST /session/121b5910f067d4d1941a4df48d2c59fa/element - {"using":"xpath","value":"//bdi[contains(text(), \"OK\")]"}
COMMAND: GET /session/121b5910f067d4d1941a4df48d2c59fa/screenshot - {}
RESULT: {"using":"xpath","value":"//bdi[contains(text(), \"OK\")]"}
COMMAND: POST /session/121b5910f067d4d1941a4df48d2c59fa/element/f.F80EBE20359F196FC2F6F7CC51ACB296.d.E359D34E845B800B59D5B655829497D6.e.16211/click - {}
RESULT: {}
RESULT: {}
COMMAND: GET /session/121b5910f067d4d1941a4df48d2c59fa/screenshot - {}
RESULT: {}
COMMAND: POST /session/121b5910f067d4d1941a4df48d2c59fa/element - {"using":"xpath","value":"(//button[@data-kt=\"saveButton\"])[2]"}
RESULT: {"using":"xpath","value":"(//button[@data-kt=\"saveButton\"])[2]"}
COMMAND: POST /session/121b5910f067d4d1941a4df48d2c59fa/element/f.F80EBE20359F196FC2F6F7CC51ACB296.d.E359D34E845B800B59D5B655829497D6.e.16212/click - {}
RESULT: {}
COMMAND: GET /session/121b5910f067d4d1941a4df48d2c59fa/screenshot - {}
RESULT: {}
COMMAND: POST /session/121b5910f067d4d1941a4df48d2c59fa/execute/sync - {"script":"<script> [276 bytes]","args":["Some contract items are having rental validity exceeding header rental validity"]}
RESULT: {"script":"<script> [276 bytes]","args":["Some contract items are having rental validity exceeding header rental validity"]}
COMMAND: GET /session/121b5910f067d4d1941a4df48d2c59fa/screenshot - {}
RESULT: {}
COMMAND: POST /session/121b5910f067d4d1941a4df48d2c59fa/element - {"using":"xpath","value":"//span[contains(@id ,\"contractItemsSmartTable-header-inner\")]"}
RESULT: {"using":"xpath","value":"//span[contains(@id ,\"contractItemsSmartTable-header-inner\")]"}
COMMAND: POST /session/121b5910f067d4d1941a4df48d2c59fa/elements - {"using":"xpath","value":"//span[contains(@id ,\"contractItemsSmartTable-header-inner\")]"}
RESULT: {"using":"xpath","value":"//span[contains(@id ,\"contractItemsSmartTable-header-inner\")]"}
COMMAND: POST /session/121b5910f067d4d1941a4df48d2c59fa/execute/sync - {"script":"<script> [56 bytes]","args":[{"element-6066-11e4-a52e-4f735466cecf":"f.F80EBE20359F196FC2F6F7CC51ACB296.d.E359D34E845B800B59D5B655829497D6.e.16216","ELEMENT":"f.F80EBE20359F196FC2F6F7CC51ACB296.d.E359D34E845B800B59D5B655829497D6.e.16216"}]}
RESULT: {"script":"<script> [56 bytes]","args":[{"element-6066-11e4-a52e-4f735466cecf":"f.F80EBE20359F196FC2F6F7CC51ACB296.d.E359D34E845B800B59D5B655829497D6.e.16216","ELEMENT":"f.F80EBE20359F196FC2F6F7CC51ACB296.d.E359D34E845B800B59D5B655829497D6.e.16216"}]}
]]></system-out>
    </testcase>
    <testcase classname="chrome.136_0_7103_93.windows.Provide_to_Site_w/o_warehouse_management_w/o_clarification" name="Should test for Clarification" time="0.006">
      <system-out><![CDATA[
COMMAND: GET /session/121b5910f067d4d1941a4df48d2c59fa/screenshot - {}
COMMAND: POST /session/121b5910f067d4d1941a4df48d2c59fa/element - {"using":"css selector","value":"#j_username"}
COMMAND: POST /session/121b5910f067d4d1941a4df48d2c59fa/url - {"url":"https://qa-testing-00-live-etm-ui.cfapps.eu10-004.hana.ondemand.com/"}
COMMAND: GET /session/121b5910f067d4d1941a4df48d2c59fa/screenshot - {}
RESULT: {}
RESULT: {"using":"css selector","value":"#j_username"}
COMMAND: POST /session/121b5910f067d4d1941a4df48d2c59fa/element - {"using":"css selector","value":"#j_username"}
RESULT: {"url":"https://qa-testing-00-live-etm-ui.cfapps.eu10-004.hana.ondemand.com/"}
RESULT: undefined
COMMAND: GET /session/121b5910f067d4d1941a4df48d2c59fa/screenshot - {}
RESULT: {}
RESULT: {"using":"css selector","value":"#j_username"}
COMMAND: POST /session/121b5910f067d4d1941a4df48d2c59fa/element - {"using":"css selector","value":"#shell-header-logo"}
RESULT: {}
RESULT: {"using":"css selector","value":"#shell-header-logo"}
COMMAND: POST /session/121b5910f067d4d1941a4df48d2c59fa/execute/sync - {"script":"<script> [8489 bytes]","args":[{"element-6066-11e4-a52e-4f735466cecf":"f.F80EBE20359F196FC2F6F7CC51ACB296.d.09C0B20382590057317FB0210537D3D2.e.16606","ELEMENT":"f.F80EBE20359F196FC2F6F7CC51ACB296.d.09C0B20382590057317FB0210537D3D2.e.16606"}]}
RESULT: {"script":"<script> [8489 bytes]","args":[{"element-6066-11e4-a52e-4f735466cecf":"f.F80EBE20359F196FC2F6F7CC51ACB296.d.09C0B20382590057317FB0210537D3D2.e.16606","ELEMENT":"f.F80EBE20359F196FC2F6F7CC51ACB296.d.09C0B20382590057317FB0210537D3D2.e.16606"}]}
COMMAND: POST /session/121b5910f067d4d1941a4df48d2c59fa/element - {"using":"css selector","value":"#shell-header-logo"}
COMMAND: GET /session/121b5910f067d4d1941a4df48d2c59fa/screenshot - {}
RESULT: {"using":"css selector","value":"#shell-header-logo"}
COMMAND: POST /session/121b5910f067d4d1941a4df48d2c59fa/execute/sync - {"script":"<script> [8489 bytes]","args":[{"element-6066-11e4-a52e-4f735466cecf":"f.F80EBE20359F196FC2F6F7CC51ACB296.d.09C0B20382590057317FB0210537D3D2.e.16606","ELEMENT":"f.F80EBE20359F196FC2F6F7CC51ACB296.d.09C0B20382590057317FB0210537D3D2.e.16606"}]}
RESULT: {}
RESULT: {"script":"<script> [8489 bytes]","args":[{"element-6066-11e4-a52e-4f735466cecf":"f.F80EBE20359F196FC2F6F7CC51ACB296.d.09C0B20382590057317FB0210537D3D2.e.16606","ELEMENT":"f.F80EBE20359F196FC2F6F7CC51ACB296.d.09C0B20382590057317FB0210537D3D2.e.16606"}]}
COMMAND: POST /session/121b5910f067d4d1941a4df48d2c59fa/execute/sync - {"script":"<script> [5351 bytes]","args":[{"element-6066-11e4-a52e-4f735466cecf":"f.F80EBE20359F196FC2F6F7CC51ACB296.d.09C0B20382590057317FB0210537D3D2.e.16606","ELEMENT":"f.F80EBE20359F196FC2F6F7CC51ACB296.d.09C0B20382590057317FB0210537D3D2.e.16606"}]}
COMMAND: GET /session/121b5910f067d4d1941a4df48d2c59fa/screenshot - {}
RESULT: {}
RESULT: {"script":"<script> [5351 bytes]","args":[{"element-6066-11e4-a52e-4f735466cecf":"f.F80EBE20359F196FC2F6F7CC51ACB296.d.09C0B20382590057317FB0210537D3D2.e.16606","ELEMENT":"f.F80EBE20359F196FC2F6F7CC51ACB296.d.09C0B20382590057317FB0210537D3D2.e.16606"}]}
COMMAND: POST /session/121b5910f067d4d1941a4df48d2c59fa/element - {"using":"css selector","value":"#shell-header-logo"}
COMMAND: GET /session/121b5910f067d4d1941a4df48d2c59fa/screenshot - {}
RESULT: {"using":"css selector","value":"#shell-header-logo"}
COMMAND: POST /session/121b5910f067d4d1941a4df48d2c59fa/element/f.F80EBE20359F196FC2F6F7CC51ACB296.d.09C0B20382590057317FB0210537D3D2.e.16606/click - {}
RESULT: {}
RESULT: {}
COMMAND: GET /session/121b5910f067d4d1941a4df48d2c59fa/screenshot - {}
RESULT: {}
COMMAND: POST /session/121b5910f067d4d1941a4df48d2c59fa/execute/async - {"script":"<script> [189 bytes]","args":[]}
RESULT: {"script":"<script> [189 bytes]","args":[]}
COMMAND: POST /session/121b5910f067d4d1941a4df48d2c59fa/execute/async - {"script":"<script> [123 bytes]","args":[]}
RESULT: {"script":"<script> [123 bytes]","args":[]}
COMMAND: POST /session/121b5910f067d4d1941a4df48d2c59fa/timeouts - {"script":"<number>"}
RESULT: {"script":"<number>"}
COMMAND: GET /session/121b5910f067d4d1941a4df48d2c59fa/timeouts - {}
RESULT: {}
RESULT: undefined
COMMAND: POST /session/121b5910f067d4d1941a4df48d2c59fa/execute/async - {"script":"<script> [2676 bytes]","args":[]}
RESULT: {"script":"<script> [2676 bytes]","args":[]}
COMMAND: POST /session/121b5910f067d4d1941a4df48d2c59fa/execute/async - {"script":"<script> [2342 bytes]","args":[{"protocol":"http","hostname":"0.0.0.0","path":"/","capabilities":{"browserName":"chrome","goog:chromeOptions":{"binary":"C:\\Program Files\\Google\\Chrome\\Application\\chrome.exe","args":["--start-maximized"]}},"logLevel":"warn","connectionRetryTimeout":120000,"connectionRetryCount":3,"logLevels":{},"enableDirectConnect":true,"strictSSL":true,"_":"65 more keys: [\"cacheDir\",\"port\",\"requestedCapabilities\",\"automationProtocol\",\"baseUrl\",\"waitforInterval\",\"waitforTimeout\",\"onReload\",\"beforeCommand\",\"afterCommand\",\"rootDir\",\"specs\",\"suites\",\"exclude\",\"groupLogsByTestSpec\",\"excludeDriverLogs\",\"bail\",\"framework\",\"reporters\",\"services\",\"maxInstances\",\"maxInstancesPerCapability\",\"injectGlobals\",\"filesToWatch\",\"execArgv\",\"runnerEnv\",\"runner\",\"shard\",\"specFileRetries\",\"specFileRetriesDelay\",\"specFileRetriesDeferred\",\"reporterSyncInterval\",\"reporterSyncTimeout\",\"cucumberFeaturesWithLineNumbers\",\"autoCompileOpts\",\"mochaOpts\",\"jasmineOpts\",\"cucumberOpts\",\"onPrepare\",\"onWorkerStart\",\"onWorkerEnd\",\"before\",\"beforeSession\",\"beforeSuite\",\"beforeHook\",\"beforeTest\",\"afterTest\",\"afterHook\",\"afterSuite\",\"afterSession\",\"after\",\"onComplete\",\"beforeAssertion\",\"afterAssertion\",\"beforeFeature\",\"beforeScenario\",\"beforeStep\",\"afterStep\",\"afterScenario\",\"afterFeature\",\"_\",\"suite\",\"$0\",\"ignoredWorkerServices\",\"wdi5\"]"}]}
RESULT: {"script":"<script> [2342 bytes]","args":[{"protocol":"http","hostname":"0.0.0.0","path":"/","capabilities":{"browserName":"chrome","goog:chromeOptions":{"binary":"C:\\Program Files\\Google\\Chrome\\Application\\chrome.exe","args":["--start-maximized"]}},"logLevel":"warn","connectionRetryTimeout":120000,"connectionRetryCount":3,"logLevels":{},"enableDirectConnect":true,"strictSSL":true,"_":"65 more keys: [\"cacheDir\",\"port\",\"requestedCapabilities\",\"automationProtocol\",\"baseUrl\",\"waitforInterval\",\"waitforTimeout\",\"onReload\",\"beforeCommand\",\"afterCommand\",\"rootDir\",\"specs\",\"suites\",\"exclude\",\"groupLogsByTestSpec\",\"excludeDriverLogs\",\"bail\",\"framework\",\"reporters\",\"services\",\"maxInstances\",\"maxInstancesPerCapability\",\"injectGlobals\",\"filesToWatch\",\"execArgv\",\"runnerEnv\",\"runner\",\"shard\",\"specFileRetries\",\"specFileRetriesDelay\",\"specFileRetriesDeferred\",\"reporterSyncInterval\",\"reporterSyncTimeout\",\"cucumberFeaturesWithLineNumbers\",\"autoCompileOpts\",\"mochaOpts\",\"jasmineOpts\",\"cucumberOpts\",\"onPrepare\",\"onWorkerStart\",\"onWorkerEnd\",\"before\",\"beforeSession\",\"beforeSuite\",\"beforeHook\",\"beforeTest\",\"afterTest\",\"afterHook\",\"afterSuite\",\"afterSession\",\"after\",\"onComplete\",\"beforeAssertion\",\"afterAssertion\",\"beforeFeature\",\"beforeScenario\",\"beforeStep\",\"afterStep\",\"afterScenario\",\"afterFeature\",\"_\",\"suite\",\"$0\",\"ignoredWorkerServices\",\"wdi5\"]"}]}
COMMAND: POST /session/121b5910f067d4d1941a4df48d2c59fa/execute/async - {"script":"<script> [21126 bytes]","args":[35000]}
RESULT: {"script":"<script> [21126 bytes]","args":[35000]}
COMMAND: POST /session/121b5910f067d4d1941a4df48d2c59fa/window/maximize - {}
RESULT: {}
COMMAND: POST /session/121b5910f067d4d1941a4df48d2c59fa/execute/async - {"script":"<script> [1562 bytes]","args":[{"selector":{"id":"shell-header","interaction":{"idSuffix":"icon"}},"wdio_ui5_key":"shellheader"}]}
COMMAND: GET /session/121b5910f067d4d1941a4df48d2c59fa/screenshot - {}
RESULT: {"script":"<script> [1562 bytes]","args":[{"selector":{"id":"shell-header","interaction":{"idSuffix":"icon"}},"wdio_ui5_key":"shellheader"}]}
RESULT: undefined
COMMAND: POST /session/121b5910f067d4d1941a4df48d2c59fa/refresh - {}
RESULT: {}
RESULT: {}
COMMAND: GET /session/121b5910f067d4d1941a4df48d2c59fa/screenshot - {}
RESULT: {}
COMMAND: POST /session/121b5910f067d4d1941a4df48d2c59fa/refresh - {}
RESULT: {}
COMMAND: GET /session/121b5910f067d4d1941a4df48d2c59fa/screenshot - {}
RESULT: {}
COMMAND: POST /session/121b5910f067d4d1941a4df48d2c59fa/window/fullscreen - {}
RESULT: {}
COMMAND: POST /session/121b5910f067d4d1941a4df48d2c59fa/execute/async - {"script":"<script> [189 bytes]","args":[]}
RESULT: {"script":"<script> [189 bytes]","args":[]}
COMMAND: POST /session/121b5910f067d4d1941a4df48d2c59fa/execute/async - {"script":"<script> [123 bytes]","args":[]}
RESULT: {"script":"<script> [123 bytes]","args":[]}
COMMAND: POST /session/121b5910f067d4d1941a4df48d2c59fa/timeouts - {"script":"<number>"}
RESULT: {"script":"<number>"}
COMMAND: GET /session/121b5910f067d4d1941a4df48d2c59fa/timeouts - {}
RESULT: {}
RESULT: undefined
COMMAND: POST /session/121b5910f067d4d1941a4df48d2c59fa/execute/async - {"script":"<script> [2676 bytes]","args":[]}
RESULT: {"script":"<script> [2676 bytes]","args":[]}
COMMAND: POST /session/121b5910f067d4d1941a4df48d2c59fa/execute/async - {"script":"<script> [2342 bytes]","args":[{"protocol":"http","hostname":"0.0.0.0","path":"/","capabilities":{"browserName":"chrome","goog:chromeOptions":{"binary":"C:\\Program Files\\Google\\Chrome\\Application\\chrome.exe","args":["--start-maximized"]}},"logLevel":"warn","connectionRetryTimeout":120000,"connectionRetryCount":3,"logLevels":{},"enableDirectConnect":true,"strictSSL":true,"_":"65 more keys: [\"cacheDir\",\"port\",\"requestedCapabilities\",\"automationProtocol\",\"baseUrl\",\"waitforInterval\",\"waitforTimeout\",\"onReload\",\"beforeCommand\",\"afterCommand\",\"rootDir\",\"specs\",\"suites\",\"exclude\",\"groupLogsByTestSpec\",\"excludeDriverLogs\",\"bail\",\"framework\",\"reporters\",\"services\",\"maxInstances\",\"maxInstancesPerCapability\",\"injectGlobals\",\"filesToWatch\",\"execArgv\",\"runnerEnv\",\"runner\",\"shard\",\"specFileRetries\",\"specFileRetriesDelay\",\"specFileRetriesDeferred\",\"reporterSyncInterval\",\"reporterSyncTimeout\",\"cucumberFeaturesWithLineNumbers\",\"autoCompileOpts\",\"mochaOpts\",\"jasmineOpts\",\"cucumberOpts\",\"onPrepare\",\"onWorkerStart\",\"onWorkerEnd\",\"before\",\"beforeSession\",\"beforeSuite\",\"beforeHook\",\"beforeTest\",\"afterTest\",\"afterHook\",\"afterSuite\",\"afterSession\",\"after\",\"onComplete\",\"beforeAssertion\",\"afterAssertion\",\"beforeFeature\",\"beforeScenario\",\"beforeStep\",\"afterStep\",\"afterScenario\",\"afterFeature\",\"_\",\"suite\",\"$0\",\"ignoredWorkerServices\",\"wdi5\"]"}]}
RESULT: {"script":"<script> [2342 bytes]","args":[{"protocol":"http","hostname":"0.0.0.0","path":"/","capabilities":{"browserName":"chrome","goog:chromeOptions":{"binary":"C:\\Program Files\\Google\\Chrome\\Application\\chrome.exe","args":["--start-maximized"]}},"logLevel":"warn","connectionRetryTimeout":120000,"connectionRetryCount":3,"logLevels":{},"enableDirectConnect":true,"strictSSL":true,"_":"65 more keys: [\"cacheDir\",\"port\",\"requestedCapabilities\",\"automationProtocol\",\"baseUrl\",\"waitforInterval\",\"waitforTimeout\",\"onReload\",\"beforeCommand\",\"afterCommand\",\"rootDir\",\"specs\",\"suites\",\"exclude\",\"groupLogsByTestSpec\",\"excludeDriverLogs\",\"bail\",\"framework\",\"reporters\",\"services\",\"maxInstances\",\"maxInstancesPerCapability\",\"injectGlobals\",\"filesToWatch\",\"execArgv\",\"runnerEnv\",\"runner\",\"shard\",\"specFileRetries\",\"specFileRetriesDelay\",\"specFileRetriesDeferred\",\"reporterSyncInterval\",\"reporterSyncTimeout\",\"cucumberFeaturesWithLineNumbers\",\"autoCompileOpts\",\"mochaOpts\",\"jasmineOpts\",\"cucumberOpts\",\"onPrepare\",\"onWorkerStart\",\"onWorkerEnd\",\"before\",\"beforeSession\",\"beforeSuite\",\"beforeHook\",\"beforeTest\",\"afterTest\",\"afterHook\",\"afterSuite\",\"afterSession\",\"after\",\"onComplete\",\"beforeAssertion\",\"afterAssertion\",\"beforeFeature\",\"beforeScenario\",\"beforeStep\",\"afterStep\",\"afterScenario\",\"afterFeature\",\"_\",\"suite\",\"$0\",\"ignoredWorkerServices\",\"wdi5\"]"}]}
COMMAND: POST /session/121b5910f067d4d1941a4df48d2c59fa/execute/async - {"script":"<script> [21126 bytes]","args":[35000]}
RESULT: {"script":"<script> [21126 bytes]","args":[35000]}
]]></system-out>
    </testcase>
  </testsuite>
  <testsuite timestamp="2025-05-16T06:36:35" time="432.394" tests="8" failures="5" errors="5" skipped="0">
    <properties>
      <property name="specId" value="0" />
      <property name="suiteName" value="Return from Site w/ warehouse management w/ clarification US125588" />
      <property name="capabilities" value="chrome.136_0_7103_93.windows" />
      <property name="file" value="file:///D:/a/1/s/test/specs/HTR/return-from-site-w-warehouse-management-w-clarification.spec.js" />
    </properties>
    <testcase classname="chrome.136_0_7103_93.windows.Return_from_Site_w/_warehouse_management_w/_clarification_US125588" name="Should create a new WHM yard" time="0.03">
      <system-out><![CDATA[
COMMAND: POST /session/121b5910f067d4d1941a4df48d2c59fa/window/fullscreen - {}
RESULT: {}
]]></system-out>
    </testcase>
    <testcase classname="chrome.136_0_7103_93.windows.Return_from_Site_w/_warehouse_management_w/_clarification_US125588" name="Should create a new external WHM partner" time="0.004" />
    <testcase classname="chrome.136_0_7103_93.windows.Return_from_Site_w/_warehouse_management_w/_clarification_US125588" name="Should create a new WHM site" time="0.006" />
  </testsuite>
  <testsuite timestamp="2025-05-16T06:43:47" time="450.904" tests="7" failures="7" errors="7" skipped="0">
    <properties>
      <property name="specId" value="0" />
      <property name="suiteName" value="Provide to Site w/ warehouse management w clarification" />
      <property name="capabilities" value="chrome.136_0_7103_93.windows" />
      <property name="file" value="file:///D:/a/1/s/test/specs/HTR/return-from-site-w-warehouse-management-w-clarification.spec.js" />
    </properties>
  </testsuite>
  <testsuite timestamp="2025-05-16T06:51:18" time="275.717" tests="9" failures="2" errors="2" skipped="0">
    <properties>
      <property name="specId" value="0" />
      <property name="suiteName" value="Create masterdata for Yard Overview - trigger provide US130988" />
      <property name="capabilities" value="chrome.136_0_7103_93.windows" />
      <property name="file" value="file:///D:/a/1/s/test/specs/HTR/stock-decrease.spec.js" />
    </properties>
    <testcase classname="chrome.136_0_7103_93.windows.Create_masterdata_for_Yard_Overview_-_trigger_provide_US130988" name="Should create a new WHM yard" time="0.016">
      <system-out><![CDATA[
COMMAND: POST /session/121b5910f067d4d1941a4df48d2c59fa/window/fullscreen - {}
RESULT: {}
]]></system-out>
    </testcase>
    <testcase classname="chrome.136_0_7103_93.windows.Create_masterdata_for_Yard_Overview_-_trigger_provide_US130988" name="Should create a new partner" time="0.004" />
    <testcase classname="chrome.136_0_7103_93.windows.Create_masterdata_for_Yard_Overview_-_trigger_provide_US130988" name="Should create a new site" time="0.004" />
    <testcase classname="chrome.136_0_7103_93.windows.Create_masterdata_for_Yard_Overview_-_trigger_provide_US130988" name="Should create a new material" time="118.48">
      <system-out><![CDATA[
COMMAND: POST /session/121b5910f067d4d1941a4df48d2c59fa/execute/async - {"script":"<script> [1562 bytes]","args":[{"selector":{"controlType":"sap.m.GenericTile","properties":{"header":"Manage Resources"}},"wdio_ui5_key":"sapm.GenericTile{\"header\":\"Manage Resources\"}"}]}
RESULT: {"script":"<script> [1562 bytes]","args":[{"selector":{"controlType":"sap.m.GenericTile","properties":{"header":"Manage Resources"}},"wdio_ui5_key":"sapm.GenericTile{\"header\":\"Manage Resources\"}"}]}
RESULT: undefined
COMMAND: POST /session/121b5910f067d4d1941a4df48d2c59fa/element - {"using":"xpath","value":"//*[@id=\"__tile31\"]"}
RESULT: {"using":"xpath","value":"//*[@id=\"__tile31\"]"}
COMMAND: POST /session/121b5910f067d4d1941a4df48d2c59fa/element/f.F80EBE20359F196FC2F6F7CC51ACB296.d.6B2AFC5A106D1E2CE0EEDCB0B35A946E.e.17526/click - {}
RESULT: {}
COMMAND: GET /session/121b5910f067d4d1941a4df48d2c59fa/screenshot - {}
RESULT: {}
COMMAND: POST /session/121b5910f067d4d1941a4df48d2c59fa/elements - {"using":"xpath","value":"//span[text()='Error']"}
RESULT: {"using":"xpath","value":"//span[text()='Error']"}
COMMAND: POST /session/121b5910f067d4d1941a4df48d2c59fa/element - {"using":"xpath","value":"//button[@data-kt=\"addNewRUOverflowToolbarButton\"]"}
RESULT: {"using":"xpath","value":"//button[@data-kt=\"addNewRUOverflowToolbarButton\"]"}
COMMAND: POST /session/121b5910f067d4d1941a4df48d2c59fa/elements - {"using":"xpath","value":"//button[@data-kt=\"addNewRUOverflowToolbarButton\"]"}
RESULT: {"using":"xpath","value":"//button[@data-kt=\"addNewRUOverflowToolbarButton\"]"}
COMMAND: POST /session/121b5910f067d4d1941a4df48d2c59fa/execute/sync - {"script":"<script> [8489 bytes]","args":[{"element-6066-11e4-a52e-4f735466cecf":"f.F80EBE20359F196FC2F6F7CC51ACB296.d.6B2AFC5A106D1E2CE0EEDCB0B35A946E.e.17667","ELEMENT":"f.F80EBE20359F196FC2F6F7CC51ACB296.d.6B2AFC5A106D1E2CE0EEDCB0B35A946E.e.17667"}]}
RESULT: {"script":"<script> [8489 bytes]","args":[{"element-6066-11e4-a52e-4f735466cecf":"f.F80EBE20359F196FC2F6F7CC51ACB296.d.6B2AFC5A106D1E2CE0EEDCB0B35A946E.e.17667","ELEMENT":"f.F80EBE20359F196FC2F6F7CC51ACB296.d.6B2AFC5A106D1E2CE0EEDCB0B35A946E.e.17667"}]}
COMMAND: GET /session/121b5910f067d4d1941a4df48d2c59fa/element/f.F80EBE20359F196FC2F6F7CC51ACB296.d.6B2AFC5A106D1E2CE0EEDCB0B35A946E.e.17667/enabled - {}
COMMAND: GET /session/121b5910f067d4d1941a4df48d2c59fa/screenshot - {}
RESULT: {}
COMMAND: POST /session/121b5910f067d4d1941a4df48d2c59fa/execute/sync - {"script":"<script> [8489 bytes]","args":[{"element-6066-11e4-a52e-4f735466cecf":"f.F80EBE20359F196FC2F6F7CC51ACB296.d.6B2AFC5A106D1E2CE0EEDCB0B35A946E.e.17667","ELEMENT":"f.F80EBE20359F196FC2F6F7CC51ACB296.d.6B2AFC5A106D1E2CE0EEDCB0B35A946E.e.17667"}]}
COMMAND: GET /session/121b5910f067d4d1941a4df48d2c59fa/screenshot - {}
RESULT: {}
RESULT: {"script":"<script> [8489 bytes]","args":[{"element-6066-11e4-a52e-4f735466cecf":"f.F80EBE20359F196FC2F6F7CC51ACB296.d.6B2AFC5A106D1E2CE0EEDCB0B35A946E.e.17667","ELEMENT":"f.F80EBE20359F196FC2F6F7CC51ACB296.d.6B2AFC5A106D1E2CE0EEDCB0B35A946E.e.17667"}]}
COMMAND: POST /session/121b5910f067d4d1941a4df48d2c59fa/execute/sync - {"script":"<script> [5351 bytes]","args":[{"element-6066-11e4-a52e-4f735466cecf":"f.F80EBE20359F196FC2F6F7CC51ACB296.d.6B2AFC5A106D1E2CE0EEDCB0B35A946E.e.17667","ELEMENT":"f.F80EBE20359F196FC2F6F7CC51ACB296.d.6B2AFC5A106D1E2CE0EEDCB0B35A946E.e.17667"}]}
COMMAND: GET /session/121b5910f067d4d1941a4df48d2c59fa/screenshot - {}
RESULT: {}
RESULT: {"script":"<script> [5351 bytes]","args":[{"element-6066-11e4-a52e-4f735466cecf":"f.F80EBE20359F196FC2F6F7CC51ACB296.d.6B2AFC5A106D1E2CE0EEDCB0B35A946E.e.17667","ELEMENT":"f.F80EBE20359F196FC2F6F7CC51ACB296.d.6B2AFC5A106D1E2CE0EEDCB0B35A946E.e.17667"}]}
COMMAND: POST /session/121b5910f067d4d1941a4df48d2c59fa/element/f.F80EBE20359F196FC2F6F7CC51ACB296.d.6B2AFC5A106D1E2CE0EEDCB0B35A946E.e.17667/click - {}
COMMAND: GET /session/121b5910f067d4d1941a4df48d2c59fa/screenshot - {}
RESULT: {}
RESULT: {}
COMMAND: GET /session/121b5910f067d4d1941a4df48d2c59fa/screenshot - {}
COMMAND: POST /session/121b5910f067d4d1941a4df48d2c59fa/execute/async - {"script":"<script> [1562 bytes]","args":[{"selector":{"id":"application-manageresources-display-component---newResourceUnit--TYPE-arrow"},"wdio_ui5_key":"applicationmanageresources-display-component---newResourceUnit--TYPE-arrow"}]}
RESULT: {}
RESULT: {}
RESULT: {"script":"<script> [1562 bytes]","args":[{"selector":{"id":"application-manageresources-display-component---newResourceUnit--TYPE-arrow"},"wdio_ui5_key":"applicationmanageresources-display-component---newResourceUnit--TYPE-arrow"}]}
RESULT: undefined
COMMAND: POST /session/121b5910f067d4d1941a4df48d2c59fa/element - {"using":"xpath","value":"//*[@id=\"application-manageresources-display-component---newResourceUnit--TYPE-arrow\"]"}
RESULT: {"using":"xpath","value":"//*[@id=\"application-manageresources-display-component---newResourceUnit--TYPE-arrow\"]"}
COMMAND: POST /session/121b5910f067d4d1941a4df48d2c59fa/element/f.F80EBE20359F196FC2F6F7CC51ACB296.d.6B2AFC5A106D1E2CE0EEDCB0B35A946E.e.18018/click - {}
RESULT: {}
COMMAND: POST /session/121b5910f067d4d1941a4df48d2c59fa/element - {"using":"xpath","value":"//input[@id=\"application-manageresources-display-component---newResourceUnit--TYPE-inner\"]"}
COMMAND: GET /session/121b5910f067d4d1941a4df48d2c59fa/screenshot - {}
RESULT: {"using":"xpath","value":"//input[@id=\"application-manageresources-display-component---newResourceUnit--TYPE-inner\"]"}
COMMAND: POST /session/121b5910f067d4d1941a4df48d2c59fa/element/f.F80EBE20359F196FC2F6F7CC51ACB296.d.6B2AFC5A106D1E2CE0EEDCB0B35A946E.e.18009/clear - {}
RESULT: {}
RESULT: {}
COMMAND: POST /session/121b5910f067d4d1941a4df48d2c59fa/element/f.F80EBE20359F196FC2F6F7CC51ACB296.d.6B2AFC5A106D1E2CE0EEDCB0B35A946E.e.18009/value - {"text":"Material"}
COMMAND: GET /session/121b5910f067d4d1941a4df48d2c59fa/screenshot - {}
RESULT: {"text":"Material"}
COMMAND: GET /session/121b5910f067d4d1941a4df48d2c59fa/screenshot - {}
RESULT: {}
RESULT: {}
COMMAND: POST /session/121b5910f067d4d1941a4df48d2c59fa/actions - {"actions":[{"id":"action53","type":"key","parameters":{},"actions":[{"type":"keyDown","value":"î€‡"},{"type":"pause","duration":10},{"type":"keyUp","value":"î€‡"}]}]}
RESULT: {"actions":[{"id":"action53","type":"key","parameters":{},"actions":[{"type":"keyDown","value":"î€‡"},{"type":"pause","duration":10},{"type":"keyUp","value":"î€‡"}]}]}
COMMAND: POST /session/121b5910f067d4d1941a4df48d2c59fa/execute/async - {"script":"<script> [1562 bytes]","args":[{"selector":{"id":"application-manageresources-display-component---newResourceUnit--SHORT_TEXT","interaction":{"idSuffix":"inner"}},"wdio_ui5_key":"applicationmanageresources-display-component---newResourceUnit--SHORT_TEXT"}]}
COMMAND: GET /session/121b5910f067d4d1941a4df48d2c59fa/screenshot - {}
RESULT: {"script":"<script> [1562 bytes]","args":[{"selector":{"id":"application-manageresources-display-component---newResourceUnit--SHORT_TEXT","interaction":{"idSuffix":"inner"}},"wdio_ui5_key":"applicationmanageresources-display-component---newResourceUnit--SHORT_TEXT"}]}
RESULT: undefined
COMMAND: POST /session/121b5910f067d4d1941a4df48d2c59fa/execute/async - {"script":"<script> [776 bytes]","args":[{"enterText":"Cement WDIO","selector":{"id":"application-manageresources-display-component---newResourceUnit--SHORT_TEXT","interaction":{"idSuffix":"inner"}},"clearTextFirst":true,"interactionType":"ENTER_TEXT"}]}
RESULT: {}
RESULT: {"script":"<script> [776 bytes]","args":[{"enterText":"Cement WDIO","selector":{"id":"application-manageresources-display-component---newResourceUnit--SHORT_TEXT","interaction":{"idSuffix":"inner"}},"clearTextFirst":true,"interactionType":"ENTER_TEXT"}]}
COMMAND: POST /session/121b5910f067d4d1941a4df48d2c59fa/execute/async - {"script":"<script> [1562 bytes]","args":[{"selector":{"id":"application-manageresources-display-component---newResourceUnit--BASE_UNIT_OF_MEASURE","interaction":{"idSuffix":"inner"}},"wdio_ui5_key":"applicationmanageresources-display-component---newResourceUnit--BASE_UNIT_OF_MEASURE"}]}
RESULT: {"script":"<script> [1562 bytes]","args":[{"selector":{"id":"application-manageresources-display-component---newResourceUnit--BASE_UNIT_OF_MEASURE","interaction":{"idSuffix":"inner"}},"wdio_ui5_key":"applicationmanageresources-display-component---newResourceUnit--BASE_UNIT_OF_MEASURE"}]}
RESULT: undefined
COMMAND: POST /session/121b5910f067d4d1941a4df48d2c59fa/execute/async - {"script":"<script> [776 bytes]","args":[{"enterText":"Piece","selector":{"id":"application-manageresources-display-component---newResourceUnit--BASE_UNIT_OF_MEASURE","interaction":{"idSuffix":"inner"}},"clearTextFirst":true,"interactionType":"ENTER_TEXT"}]}
RESULT: {"script":"<script> [776 bytes]","args":[{"enterText":"Piece","selector":{"id":"application-manageresources-display-component---newResourceUnit--BASE_UNIT_OF_MEASURE","interaction":{"idSuffix":"inner"}},"clearTextFirst":true,"interactionType":"ENTER_TEXT"}]}
COMMAND: POST /session/121b5910f067d4d1941a4df48d2c59fa/execute/async - {"script":"<script> [1562 bytes]","args":[{"selector":{"id":"application-manageresources-display-component---newResourceUnit--WEIGHT_UNIT","interaction":{"idSuffix":"inner"}},"wdio_ui5_key":"applicationmanageresources-display-component---newResourceUnit--WEIGHT_UNIT"}]}
RESULT: {"script":"<script> [1562 bytes]","args":[{"selector":{"id":"application-manageresources-display-component---newResourceUnit--WEIGHT_UNIT","interaction":{"idSuffix":"inner"}},"wdio_ui5_key":"applicationmanageresources-display-component---newResourceUnit--WEIGHT_UNIT"}]}
RESULT: undefined
COMMAND: POST /session/121b5910f067d4d1941a4df48d2c59fa/execute/async - {"script":"<script> [776 bytes]","args":[{"enterText":"Gram","selector":{"id":"application-manageresources-display-component---newResourceUnit--WEIGHT_UNIT","interaction":{"idSuffix":"inner"}},"clearTextFirst":true,"interactionType":"ENTER_TEXT"}]}
RESULT: {"script":"<script> [776 bytes]","args":[{"enterText":"Gram","selector":{"id":"application-manageresources-display-component---newResourceUnit--WEIGHT_UNIT","interaction":{"idSuffix":"inner"}},"clearTextFirst":true,"interactionType":"ENTER_TEXT"}]}
COMMAND: POST /session/121b5910f067d4d1941a4df48d2c59fa/execute/async - {"script":"<script> [1562 bytes]","args":[{"selector":{"id":"application-manageresources-display-component---newResourceUnit--DIMENSION_UNIT","interaction":{"idSuffix":"inner"}},"wdio_ui5_key":"applicationmanageresources-display-component---newResourceUnit--DIMENSION_UNIT"}]}
RESULT: {"script":"<script> [1562 bytes]","args":[{"selector":{"id":"application-manageresources-display-component---newResourceUnit--DIMENSION_UNIT","interaction":{"idSuffix":"inner"}},"wdio_ui5_key":"applicationmanageresources-display-component---newResourceUnit--DIMENSION_UNIT"}]}
RESULT: undefined
COMMAND: POST /session/121b5910f067d4d1941a4df48d2c59fa/execute/async - {"script":"<script> [776 bytes]","args":[{"enterText":"Meter","selector":{"id":"application-manageresources-display-component---newResourceUnit--DIMENSION_UNIT","interaction":{"idSuffix":"inner"}},"clearTextFirst":true,"interactionType":"ENTER_TEXT"}]}
RESULT: {"script":"<script> [776 bytes]","args":[{"enterText":"Meter","selector":{"id":"application-manageresources-display-component---newResourceUnit--DIMENSION_UNIT","interaction":{"idSuffix":"inner"}},"clearTextFirst":true,"interactionType":"ENTER_TEXT"}]}
COMMAND: POST /session/121b5910f067d4d1941a4df48d2c59fa/execute/async - {"script":"<script> [1562 bytes]","args":[{"selector":{"id":"application-manageresources-display-component---newResourceUnit--newRRUPage-anchBar-application-manageresources-display-component---newResourceUnit--control-anchor","interaction":{"idSuffix":"BDI-content"}},"wdio_ui5_key":"applicationmanageresources-display-component---newResourceUnit--newRRUPage-anchBar-application-manageresources-display-component---newResourceUnit--control-anchor"}]}
RESULT: {"script":"<script> [1562 bytes]","args":[{"selector":{"id":"application-manageresources-display-component---newResourceUnit--newRRUPage-anchBar-application-manageresources-display-component---newResourceUnit--control-anchor","interaction":{"idSuffix":"BDI-content"}},"wdio_ui5_key":"applicationmanageresources-display-component---newResourceUnit--newRRUPage-anchBar-application-manageresources-display-component---newResourceUnit--control-anchor"}]}
RESULT: undefined
COMMAND: POST /session/121b5910f067d4d1941a4df48d2c59fa/element - {"using":"xpath","value":"//*[@id=\"application-manageresources-display-component---newResourceUnit--newRRUPage-anchBar-application-manageresources-display-component---newResourceUnit--control-anchor\"]"}
RESULT: {"using":"xpath","value":"//*[@id=\"application-manageresources-display-component---newResourceUnit--newRRUPage-anchBar-application-manageresources-display-component---newResourceUnit--control-anchor\"]"}
COMMAND: POST /session/121b5910f067d4d1941a4df48d2c59fa/element/f.F80EBE20359F196FC2F6F7CC51ACB296.d.6B2AFC5A106D1E2CE0EEDCB0B35A946E.e.18084/click - {}
RESULT: {}
COMMAND: POST /session/121b5910f067d4d1941a4df48d2c59fa/execute/async - {"script":"<script> [1562 bytes]","args":[{"selector":{"id":"application-manageresources-display-component---newResourceUnit--PLANNING_GROUP","interaction":{"idSuffix":"inner"}},"wdio_ui5_key":"applicationmanageresources-display-component---newResourceUnit--PLANNING_GROUP"}]}
COMMAND: GET /session/121b5910f067d4d1941a4df48d2c59fa/screenshot - {}
RESULT: {"script":"<script> [1562 bytes]","args":[{"selector":{"id":"application-manageresources-display-component---newResourceUnit--PLANNING_GROUP","interaction":{"idSuffix":"inner"}},"wdio_ui5_key":"applicationmanageresources-display-component---newResourceUnit--PLANNING_GROUP"}]}
RESULT: undefined
COMMAND: POST /session/121b5910f067d4d1941a4df48d2c59fa/execute/async - {"script":"<script> [776 bytes]","args":[{"enterText":"Material","selector":{"id":"application-manageresources-display-component---newResourceUnit--PLANNING_GROUP","interaction":{"idSuffix":"inner"}},"clearTextFirst":true,"interactionType":"ENTER_TEXT"}]}
RESULT: {}
RESULT: {"script":"<script> [776 bytes]","args":[{"enterText":"Material","selector":{"id":"application-manageresources-display-component---newResourceUnit--PLANNING_GROUP","interaction":{"idSuffix":"inner"}},"clearTextFirst":true,"interactionType":"ENTER_TEXT"}]}
COMMAND: POST /session/121b5910f067d4d1941a4df48d2c59fa/execute/async - {"script":"<script> [1562 bytes]","args":[{"selector":{"id":"application-manageresources-display-component---newResourceUnit--PLANNING_INDICATOR","interaction":{"idSuffix":"inner"}},"wdio_ui5_key":"applicationmanageresources-display-component---newResourceUnit--PLANNING_INDICATOR"}]}
RESULT: {"script":"<script> [1562 bytes]","args":[{"selector":{"id":"application-manageresources-display-component---newResourceUnit--PLANNING_INDICATOR","interaction":{"idSuffix":"inner"}},"wdio_ui5_key":"applicationmanageresources-display-component---newResourceUnit--PLANNING_INDICATOR"}]}
RESULT: undefined
COMMAND: POST /session/121b5910f067d4d1941a4df48d2c59fa/execute/async - {"script":"<script> [776 bytes]","args":[{"enterText":"10 - infinite","selector":{"id":"application-manageresources-display-component---newResourceUnit--PLANNING_INDICATOR","interaction":{"idSuffix":"inner"}},"clearTextFirst":true,"interactionType":"ENTER_TEXT"}]}
RESULT: {"script":"<script> [776 bytes]","args":[{"enterText":"10 - infinite","selector":{"id":"application-manageresources-display-component---newResourceUnit--PLANNING_INDICATOR","interaction":{"idSuffix":"inner"}},"clearTextFirst":true,"interactionType":"ENTER_TEXT"}]}
COMMAND: POST /session/121b5910f067d4d1941a4df48d2c59fa/element - {"using":"css selector","value":"#application-manageresources-display-component---newResourceUnit--btnAddTimeSegment"}
RESULT: {"using":"css selector","value":"#application-manageresources-display-component---newResourceUnit--btnAddTimeSegment"}
COMMAND: GET /session/121b5910f067d4d1941a4df48d2c59fa/element/f.F80EBE20359F196FC2F6F7CC51ACB296.d.6B2AFC5A106D1E2CE0EEDCB0B35A946E.e.18092/rect - {}
RESULT: {}
COMMAND: GET /session/121b5910f067d4d1941a4df48d2c59fa/window/rect - {}
RESULT: {}
COMMAND: POST /session/121b5910f067d4d1941a4df48d2c59fa/execute/sync - {"script":"<script> [92 bytes]","args":[]}
RESULT: {"script":"<script> [92 bytes]","args":[]}
COMMAND: POST /session/121b5910f067d4d1941a4df48d2c59fa/actions - {"actions":[{"id":"action54","type":"wheel","parameters":{},"actions":[{"type":"scroll","x":-1888,"y":-32,"deltaX":0,"deltaY":0,"duration":0,"origin":{"element-6066-11e4-a52e-4f735466cecf":"f.F80EBE20359F196FC2F6F7CC51ACB296.d.6B2AFC5A106D1E2CE0EEDCB0B35A946E.e.18092"}}]}]}
COMMAND: GET /session/121b5910f067d4d1941a4df48d2c59fa/screenshot - {}
RESULT: {}
COMMAND: POST /session/121b5910f067d4d1941a4df48d2c59fa/execute/sync - {"script":"<script> [79 bytes]","args":[{"element-6066-11e4-a52e-4f735466cecf":"f.F80EBE20359F196FC2F6F7CC51ACB296.d.6B2AFC5A106D1E2CE0EEDCB0B35A946E.e.18092","ELEMENT":"f.F80EBE20359F196FC2F6F7CC51ACB296.d.6B2AFC5A106D1E2CE0EEDCB0B35A946E.e.18092"},{"block":"start","inline":"nearest"}]}
RESULT: {"script":"<script> [79 bytes]","args":[{"element-6066-11e4-a52e-4f735466cecf":"f.F80EBE20359F196FC2F6F7CC51ACB296.d.6B2AFC5A106D1E2CE0EEDCB0B35A946E.e.18092","ELEMENT":"f.F80EBE20359F196FC2F6F7CC51ACB296.d.6B2AFC5A106D1E2CE0EEDCB0B35A946E.e.18092"},{"block":"start","inline":"nearest"}]}
COMMAND: POST /session/121b5910f067d4d1941a4df48d2c59fa/execute/async - {"script":"<script> [1562 bytes]","args":[{"selector":{"id":"application-manageresources-display-component---newResourceUnit--btnAddTimeSegment","interaction":{"idSuffix":"inner"}},"wdio_ui5_key":"applicationmanageresources-display-component---newResourceUnit--btnAddTimeSegment"}]}
COMMAND: GET /session/121b5910f067d4d1941a4df48d2c59fa/screenshot - {}
RESULT: {"script":"<script> [1562 bytes]","args":[{"selector":{"id":"application-manageresources-display-component---newResourceUnit--btnAddTimeSegment","interaction":{"idSuffix":"inner"}},"wdio_ui5_key":"applicationmanageresources-display-component---newResourceUnit--btnAddTimeSegment"}]}
RESULT: undefined
COMMAND: POST /session/121b5910f067d4d1941a4df48d2c59fa/element - {"using":"xpath","value":"//*[@id=\"application-manageresources-display-component---newResourceUnit--btnAddTimeSegment\"]"}
RESULT: {}
RESULT: {"using":"xpath","value":"//*[@id=\"application-manageresources-display-component---newResourceUnit--btnAddTimeSegment\"]"}
COMMAND: POST /session/121b5910f067d4d1941a4df48d2c59fa/element/f.F80EBE20359F196FC2F6F7CC51ACB296.d.6B2AFC5A106D1E2CE0EEDCB0B35A946E.e.18092/click - {}
RESULT: {}
COMMAND: GET /session/121b5910f067d4d1941a4df48d2c59fa/screenshot - {}
RESULT: {}
COMMAND: POST /session/121b5910f067d4d1941a4df48d2c59fa/element - {"using":"xpath","value":"//input[@id=\"application-manageresources-display-component---newResourceUnit--idRuTSAdmin-application-manageresources-display-component---newResourceUnit--RUTimeSegment-0-inner\"]"}
RESULT: {"using":"xpath","value":"//input[@id=\"application-manageresources-display-component---newResourceUnit--idRuTSAdmin-application-manageresources-display-component---newResourceUnit--RUTimeSegment-0-inner\"]"}
COMMAND: POST /session/121b5910f067d4d1941a4df48d2c59fa/element/f.F80EBE20359F196FC2F6F7CC51ACB296.d.6B2AFC5A106D1E2CE0EEDCB0B35A946E.e.18097/clear - {}
RESULT: {}
COMMAND: POST /session/121b5910f067d4d1941a4df48d2c59fa/element/f.F80EBE20359F196FC2F6F7CC51ACB296.d.6B2AFC5A106D1E2CE0EEDCB0B35A946E.e.18097/value - {"text":"427"}
COMMAND: GET /session/121b5910f067d4d1941a4df48d2c59fa/screenshot - {}
RESULT: {"text":"427"}
COMMAND: GET /session/121b5910f067d4d1941a4df48d2c59fa/screenshot - {}
RESULT: {}
RESULT: {}
COMMAND: POST /session/121b5910f067d4d1941a4df48d2c59fa/element - {"using":"xpath","value":"//li[.//span[text()='427']]"}
RESULT: {"using":"xpath","value":"//li[.//span[text()='427']]"}
COMMAND: POST /session/121b5910f067d4d1941a4df48d2c59fa/element/f.F80EBE20359F196FC2F6F7CC51ACB296.d.6B2AFC5A106D1E2CE0EEDCB0B35A946E.e.18106/click - {}
RESULT: {}
COMMAND: GET /session/121b5910f067d4d1941a4df48d2c59fa/screenshot - {}
RESULT: {}
COMMAND: POST /session/121b5910f067d4d1941a4df48d2c59fa/element - {"using":"xpath","value":"(//span[contains(@id, \"-application-manageresources-display-component---newResourceUnit--RUTimeSegment-0-arrow\")])[2]"}
RESULT: {"using":"xpath","value":"(//span[contains(@id, \"-application-manageresources-display-component---newResourceUnit--RUTimeSegment-0-arrow\")])[2]"}
COMMAND: POST /session/121b5910f067d4d1941a4df48d2c59fa/element/f.F80EBE20359F196FC2F6F7CC51ACB296.d.6B2AFC5A106D1E2CE0EEDCB0B35A946E.e.18107/click - {}
RESULT: {}
COMMAND: POST /session/121b5910f067d4d1941a4df48d2c59fa/element - {"using":"xpath","value":"//span[contains(text(), \"PM Order\")]"}
COMMAND: GET /session/121b5910f067d4d1941a4df48d2c59fa/screenshot - {}
RESULT: {"using":"xpath","value":"//span[contains(text(), \"PM Order\")]"}
COMMAND: POST /session/121b5910f067d4d1941a4df48d2c59fa/element/f.F80EBE20359F196FC2F6F7CC51ACB296.d.6B2AFC5A106D1E2CE0EEDCB0B35A946E.e.18108/click - {}
RESULT: {}
RESULT: {}
COMMAND: GET /session/121b5910f067d4d1941a4df48d2c59fa/screenshot - {}
RESULT: {}
COMMAND: POST /session/121b5910f067d4d1941a4df48d2c59fa/element - {"using":"xpath","value":"//td/div/div/div/span[contains(@id, \"newResourceUnit--RUTimeSegment-0-vhi\")][1]"}
RESULT: {"using":"xpath","value":"//td/div/div/div/span[contains(@id, \"newResourceUnit--RUTimeSegment-0-vhi\")][1]"}
COMMAND: GET /session/121b5910f067d4d1941a4df48d2c59fa/element/f.F80EBE20359F196FC2F6F7CC51ACB296.d.6B2AFC5A106D1E2CE0EEDCB0B35A946E.e.18112/rect - {}
RESULT: {}
COMMAND: GET /session/121b5910f067d4d1941a4df48d2c59fa/window/rect - {}
RESULT: {}
COMMAND: POST /session/121b5910f067d4d1941a4df48d2c59fa/execute/sync - {"script":"<script> [92 bytes]","args":[]}
RESULT: {"script":"<script> [92 bytes]","args":[]}
COMMAND: POST /session/121b5910f067d4d1941a4df48d2c59fa/actions - {"actions":[{"id":"action55","type":"wheel","parameters":{},"actions":[{"type":"scroll","x":-1888,"y":-24,"deltaX":0,"deltaY":0,"duration":0,"origin":{"element-6066-11e4-a52e-4f735466cecf":"f.F80EBE20359F196FC2F6F7CC51ACB296.d.6B2AFC5A106D1E2CE0EEDCB0B35A946E.e.18112"}}]}]}
COMMAND: GET /session/121b5910f067d4d1941a4df48d2c59fa/screenshot - {}
RESULT: {}
COMMAND: POST /session/121b5910f067d4d1941a4df48d2c59fa/execute/sync - {"script":"<script> [79 bytes]","args":[{"element-6066-11e4-a52e-4f735466cecf":"f.F80EBE20359F196FC2F6F7CC51ACB296.d.6B2AFC5A106D1E2CE0EEDCB0B35A946E.e.18112","ELEMENT":"f.F80EBE20359F196FC2F6F7CC51ACB296.d.6B2AFC5A106D1E2CE0EEDCB0B35A946E.e.18112"},{"block":"start","inline":"nearest"}]}
RESULT: {"script":"<script> [79 bytes]","args":[{"element-6066-11e4-a52e-4f735466cecf":"f.F80EBE20359F196FC2F6F7CC51ACB296.d.6B2AFC5A106D1E2CE0EEDCB0B35A946E.e.18112","ELEMENT":"f.F80EBE20359F196FC2F6F7CC51ACB296.d.6B2AFC5A106D1E2CE0EEDCB0B35A946E.e.18112"},{"block":"start","inline":"nearest"}]}
COMMAND: GET /session/121b5910f067d4d1941a4df48d2c59fa/screenshot - {}
RESULT: {}
COMMAND: POST /session/121b5910f067d4d1941a4df48d2c59fa/element/f.F80EBE20359F196FC2F6F7CC51ACB296.d.6B2AFC5A106D1E2CE0EEDCB0B35A946E.e.18112/click - {}
RESULT: {}
COMMAND: GET /session/121b5910f067d4d1941a4df48d2c59fa/screenshot - {}
RESULT: {}
COMMAND: POST /session/121b5910f067d4d1941a4df48d2c59fa/execute/async - {"script":"<script> [1562 bytes]","args":[{"selector":{"controlType":"sap.m.SearchField","properties":{"placeholder":"Search"},"searchOpenDialogs":true,"interaction":{"idSuffix":"I"}},"wdio_ui5_key":"sapm.SearchField{\"placeholder\":\"Search\"}"}]}
RESULT: {"script":"<script> [1562 bytes]","args":[{"selector":{"controlType":"sap.m.SearchField","properties":{"placeholder":"Search"},"searchOpenDialogs":true,"interaction":{"idSuffix":"I"}},"wdio_ui5_key":"sapm.SearchField{\"placeholder\":\"Search\"}"}]}
RESULT: undefined
COMMAND: POST /session/121b5910f067d4d1941a4df48d2c59fa/execute/async - {"script":"<script> [776 bytes]","args":[{"enterText":"4000360","selector":{"controlType":"sap.m.SearchField","properties":{"placeholder":"Search"},"searchOpenDialogs":true,"interaction":{"idSuffix":"I"}},"clearTextFirst":true,"interactionType":"ENTER_TEXT"}]}
RESULT: {"script":"<script> [776 bytes]","args":[{"enterText":"4000360","selector":{"controlType":"sap.m.SearchField","properties":{"placeholder":"Search"},"searchOpenDialogs":true,"interaction":{"idSuffix":"I"}},"clearTextFirst":true,"interactionType":"ENTER_TEXT"}]}
COMMAND: POST /session/121b5910f067d4d1941a4df48d2c59fa/actions - {"actions":[{"id":"action56","type":"key","parameters":{},"actions":[{"type":"keyDown","value":"î€‡"},{"type":"pause","duration":10},{"type":"keyUp","value":"î€‡"}]}]}
RESULT: {"actions":[{"id":"action56","type":"key","parameters":{},"actions":[{"type":"keyDown","value":"î€‡"},{"type":"pause","duration":10},{"type":"keyUp","value":"î€‡"}]}]}
COMMAND: GET /session/121b5910f067d4d1941a4df48d2c59fa/screenshot - {}
RESULT: {}
COMMAND: POST /session/121b5910f067d4d1941a4df48d2c59fa/element - {"using":"xpath","value":"//td/div/span[contains(text(), \"BGL Vehicles\")]"}
RESULT: {"using":"xpath","value":"//td/div/span[contains(text(), \"BGL Vehicles\")]"}
COMMAND: POST /session/121b5910f067d4d1941a4df48d2c59fa/element/f.F80EBE20359F196FC2F6F7CC51ACB296.d.6B2AFC5A106D1E2CE0EEDCB0B35A946E.e.18132/click - {}
RESULT: {}
COMMAND: GET /session/121b5910f067d4d1941a4df48d2c59fa/screenshot - {}
RESULT: {}
COMMAND: POST /session/121b5910f067d4d1941a4df48d2c59fa/element - {"using":"xpath","value":"//bdi[contains(text(), \"OK\")]"}
RESULT: {"using":"xpath","value":"//bdi[contains(text(), \"OK\")]"}
COMMAND: POST /session/121b5910f067d4d1941a4df48d2c59fa/element/f.F80EBE20359F196FC2F6F7CC51ACB296.d.6B2AFC5A106D1E2CE0EEDCB0B35A946E.e.18133/click - {}
RESULT: {}
COMMAND: GET /session/121b5910f067d4d1941a4df48d2c59fa/screenshot - {}
RESULT: {}
COMMAND: POST /session/121b5910f067d4d1941a4df48d2c59fa/element - {"using":"xpath","value":"//label[contains(@class, 'sapMLabelRequired') and .//bdi[contains(text(), 'Planned Retirement')]]"}
RESULT: {"using":"xpath","value":"//label[contains(@class, 'sapMLabelRequired') and .//bdi[contains(text(), 'Planned Retirement')]]"}
COMMAND: POST /session/121b5910f067d4d1941a4df48d2c59fa/elements - {"using":"xpath","value":"//label[contains(@class, 'sapMLabelRequired') and .//bdi[contains(text(), 'Planned Retirement')]]"}
RESULT: {"using":"xpath","value":"//label[contains(@class, 'sapMLabelRequired') and .//bdi[contains(text(), 'Planned Retirement')]]"}
COMMAND: POST /session/121b5910f067d4d1941a4df48d2c59fa/element - {"using":"xpath","value":"//button[@data-kt=\"resourceUnitSaveButton\"]"}
RESULT: {"using":"xpath","value":"//button[@data-kt=\"resourceUnitSaveButton\"]"}
COMMAND: POST /session/121b5910f067d4d1941a4df48d2c59fa/element/f.F80EBE20359F196FC2F6F7CC51ACB296.d.6B2AFC5A106D1E2CE0EEDCB0B35A946E.e.18036/click - {}
RESULT: {}
COMMAND: GET /session/121b5910f067d4d1941a4df48d2c59fa/screenshot - {}
RESULT: {}
COMMAND: POST /session/121b5910f067d4d1941a4df48d2c59fa/element - {"using":"xpath","value":"//bdi[contains(text(), \"Close\")]"}
RESULT: {"using":"xpath","value":"//bdi[contains(text(), \"Close\")]"}
COMMAND: POST /session/121b5910f067d4d1941a4df48d2c59fa/element/f.F80EBE20359F196FC2F6F7CC51ACB296.d.6B2AFC5A106D1E2CE0EEDCB0B35A946E.e.18139/click - {}
RESULT: {}
COMMAND: GET /session/121b5910f067d4d1941a4df48d2c59fa/screenshot - {}
RESULT: {}
COMMAND: POST /session/121b5910f067d4d1941a4df48d2c59fa/element - {"using":"xpath","value":"//header[contains(@id, 'detailRruPage-headerTitle')]/div[1]/div[2]/div[2]/span[1]"}
RESULT: {"using":"xpath","value":"//header[contains(@id, 'detailRruPage-headerTitle')]/div[1]/div[2]/div[2]/span[1]"}
COMMAND: POST /session/121b5910f067d4d1941a4df48d2c59fa/elements - {"using":"xpath","value":"//header[contains(@id, 'detailRruPage-headerTitle')]/div[1]/div[2]/div[2]/span[1]"}
RESULT: {"using":"xpath","value":"//header[contains(@id, 'detailRruPage-headerTitle')]/div[1]/div[2]/div[2]/span[1]"}
COMMAND: POST /session/121b5910f067d4d1941a4df48d2c59fa/execute/sync - {"script":"<script> [56 bytes]","args":[{"element-6066-11e4-a52e-4f735466cecf":"f.F80EBE20359F196FC2F6F7CC51ACB296.d.6B2AFC5A106D1E2CE0EEDCB0B35A946E.e.18168","ELEMENT":"f.F80EBE20359F196FC2F6F7CC51ACB296.d.6B2AFC5A106D1E2CE0EEDCB0B35A946E.e.18168"}]}
RESULT: {"script":"<script> [56 bytes]","args":[{"element-6066-11e4-a52e-4f735466cecf":"f.F80EBE20359F196FC2F6F7CC51ACB296.d.6B2AFC5A106D1E2CE0EEDCB0B35A946E.e.18168","ELEMENT":"f.F80EBE20359F196FC2F6F7CC51ACB296.d.6B2AFC5A106D1E2CE0EEDCB0B35A946E.e.18168"}]}
COMMAND: POST /session/121b5910f067d4d1941a4df48d2c59fa/element - {"using":"css selector","value":"#shell-header-logo"}
COMMAND: GET /session/121b5910f067d4d1941a4df48d2c59fa/screenshot - {}
RESULT: {"using":"css selector","value":"#shell-header-logo"}
COMMAND: POST /session/121b5910f067d4d1941a4df48d2c59fa/element/f.F80EBE20359F196FC2F6F7CC51ACB296.d.6B2AFC5A106D1E2CE0EEDCB0B35A946E.e.17509/click - {}
RESULT: {}
RESULT: {}
COMMAND: GET /session/121b5910f067d4d1941a4df48d2c59fa/screenshot - {}
RESULT: {}
]]></system-out>
    </testcase>
    <testcase classname="chrome.136_0_7103_93.windows.Create_masterdata_for_Yard_Overview_-_trigger_provide_US130988" name="Bin Status Report Should Create New Organization yard" time="0.005" />
    <testcase classname="chrome.136_0_7103_93.windows.Create_masterdata_for_Yard_Overview_-_trigger_provide_US130988" name="Create a Warehouse Movement for created yard" time="44.403">
      <system-out><![CDATA[
COMMAND: POST /session/121b5910f067d4d1941a4df48d2c59fa/execute/async - {"script":"<script> [1562 bytes]","args":[{"selector":{"controlType":"sap.m.GenericTile","properties":{"header":"Manage Warehouse Movements"}},"wdio_ui5_key":"sapm.GenericTile{\"header\":\"Manage Warehouse Movements\"}"}]}
RESULT: {"script":"<script> [1562 bytes]","args":[{"selector":{"controlType":"sap.m.GenericTile","properties":{"header":"Manage Warehouse Movements"}},"wdio_ui5_key":"sapm.GenericTile{\"header\":\"Manage Warehouse Movements\"}"}]}
RESULT: undefined
COMMAND: POST /session/121b5910f067d4d1941a4df48d2c59fa/element - {"using":"xpath","value":"//*[@id=\"__tile105\"]"}
RESULT: {"using":"xpath","value":"//*[@id=\"__tile105\"]"}
COMMAND: POST /session/121b5910f067d4d1941a4df48d2c59fa/element/f.F80EBE20359F196FC2F6F7CC51ACB296.d.6B2AFC5A106D1E2CE0EEDCB0B35A946E.e.18170/click - {}
RESULT: {}
COMMAND: POST /session/121b5910f067d4d1941a4df48d2c59fa/element - {"using":"xpath","value":"//input[@id='application-warehousemovements-display-component---warehouseMovements--smartFilterBar-filterItemControl_BASIC-YARD-inner']"}
COMMAND: GET /session/121b5910f067d4d1941a4df48d2c59fa/screenshot - {}
RESULT: {"using":"xpath","value":"//input[@id='application-warehousemovements-display-component---warehouseMovements--smartFilterBar-filterItemControl_BASIC-YARD-inner']"}
COMMAND: POST /session/121b5910f067d4d1941a4df48d2c59fa/elements - {"using":"xpath","value":"//input[@id='application-warehousemovements-display-component---warehouseMovements--smartFilterBar-filterItemControl_BASIC-YARD-inner']"}
RESULT: {}
RESULT: {"using":"xpath","value":"//input[@id='application-warehousemovements-display-component---warehouseMovements--smartFilterBar-filterItemControl_BASIC-YARD-inner']"}
COMMAND: POST /session/121b5910f067d4d1941a4df48d2c59fa/element - {"using":"xpath","value":"//input[@id='application-warehousemovements-display-component---warehouseMovements--smartFilterBar-filterItemControl_BASIC-YARD-inner']"}
RESULT: {"using":"xpath","value":"//input[@id='application-warehousemovements-display-component---warehouseMovements--smartFilterBar-filterItemControl_BASIC-YARD-inner']"}
COMMAND: POST /session/121b5910f067d4d1941a4df48d2c59fa/execute/sync - {"script":"<script> [8489 bytes]","args":[{"element-6066-11e4-a52e-4f735466cecf":"f.F80EBE20359F196FC2F6F7CC51ACB296.d.6B2AFC5A106D1E2CE0EEDCB0B35A946E.e.18193","ELEMENT":"f.F80EBE20359F196FC2F6F7CC51ACB296.d.6B2AFC5A106D1E2CE0EEDCB0B35A946E.e.18193"}]}
RESULT: {"script":"<script> [8489 bytes]","args":[{"element-6066-11e4-a52e-4f735466cecf":"f.F80EBE20359F196FC2F6F7CC51ACB296.d.6B2AFC5A106D1E2CE0EEDCB0B35A946E.e.18193","ELEMENT":"f.F80EBE20359F196FC2F6F7CC51ACB296.d.6B2AFC5A106D1E2CE0EEDCB0B35A946E.e.18193"}]}
COMMAND: GET /session/121b5910f067d4d1941a4df48d2c59fa/element/f.F80EBE20359F196FC2F6F7CC51ACB296.d.6B2AFC5A106D1E2CE0EEDCB0B35A946E.e.18193/enabled - {}
COMMAND: GET /session/121b5910f067d4d1941a4df48d2c59fa/screenshot - {}
RESULT: {}
COMMAND: POST /session/121b5910f067d4d1941a4df48d2c59fa/execute/sync - {"script":"<script> [8489 bytes]","args":[{"element-6066-11e4-a52e-4f735466cecf":"f.F80EBE20359F196FC2F6F7CC51ACB296.d.6B2AFC5A106D1E2CE0EEDCB0B35A946E.e.18193","ELEMENT":"f.F80EBE20359F196FC2F6F7CC51ACB296.d.6B2AFC5A106D1E2CE0EEDCB0B35A946E.e.18193"}]}
COMMAND: GET /session/121b5910f067d4d1941a4df48d2c59fa/screenshot - {}
RESULT: {}
RESULT: {"script":"<script> [8489 bytes]","args":[{"element-6066-11e4-a52e-4f735466cecf":"f.F80EBE20359F196FC2F6F7CC51ACB296.d.6B2AFC5A106D1E2CE0EEDCB0B35A946E.e.18193","ELEMENT":"f.F80EBE20359F196FC2F6F7CC51ACB296.d.6B2AFC5A106D1E2CE0EEDCB0B35A946E.e.18193"}]}
COMMAND: POST /session/121b5910f067d4d1941a4df48d2c59fa/execute/sync - {"script":"<script> [5351 bytes]","args":[{"element-6066-11e4-a52e-4f735466cecf":"f.F80EBE20359F196FC2F6F7CC51ACB296.d.6B2AFC5A106D1E2CE0EEDCB0B35A946E.e.18193","ELEMENT":"f.F80EBE20359F196FC2F6F7CC51ACB296.d.6B2AFC5A106D1E2CE0EEDCB0B35A946E.e.18193"}]}
COMMAND: GET /session/121b5910f067d4d1941a4df48d2c59fa/screenshot - {}
RESULT: {}
RESULT: {"script":"<script> [5351 bytes]","args":[{"element-6066-11e4-a52e-4f735466cecf":"f.F80EBE20359F196FC2F6F7CC51ACB296.d.6B2AFC5A106D1E2CE0EEDCB0B35A946E.e.18193","ELEMENT":"f.F80EBE20359F196FC2F6F7CC51ACB296.d.6B2AFC5A106D1E2CE0EEDCB0B35A946E.e.18193"}]}
COMMAND: GET /session/121b5910f067d4d1941a4df48d2c59fa/screenshot - {}
RESULT: {}
RESULT: {}
COMMAND: POST /session/121b5910f067d4d1941a4df48d2c59fa/element/f.F80EBE20359F196FC2F6F7CC51ACB296.d.6B2AFC5A106D1E2CE0EEDCB0B35A946E.e.18193/clear - {}
RESULT: {}
COMMAND: POST /session/121b5910f067d4d1941a4df48d2c59fa/element/f.F80EBE20359F196FC2F6F7CC51ACB296.d.6B2AFC5A106D1E2CE0EEDCB0B35A946E.e.18193/value - {"text":"427"}
COMMAND: GET /session/121b5910f067d4d1941a4df48d2c59fa/screenshot - {}
RESULT: {"text":"427"}
COMMAND: POST /session/121b5910f067d4d1941a4df48d2c59fa/actions - {"actions":[{"id":"action57","type":"key","parameters":{},"actions":[{"type":"keyDown","value":"î€‡"},{"type":"pause","duration":10},{"type":"keyUp","value":"î€‡"}]}]}
COMMAND: GET /session/121b5910f067d4d1941a4df48d2c59fa/screenshot - {}
RESULT: {}
RESULT: {"actions":[{"id":"action57","type":"key","parameters":{},"actions":[{"type":"keyDown","value":"î€‡"},{"type":"pause","duration":10},{"type":"keyUp","value":"î€‡"}]}]}
COMMAND: GET /session/121b5910f067d4d1941a4df48d2c59fa/screenshot - {}
RESULT: {}
RESULT: {}
COMMAND: POST /session/121b5910f067d4d1941a4df48d2c59fa/element - {"using":"xpath","value":"//button[contains(@data-kt, \"MasterMovementAddOverflowToolbarButton\")]"}
RESULT: {"using":"xpath","value":"//button[contains(@data-kt, \"MasterMovementAddOverflowToolbarButton\")]"}
COMMAND: POST /session/121b5910f067d4d1941a4df48d2c59fa/element/f.F80EBE20359F196FC2F6F7CC51ACB296.d.6B2AFC5A106D1E2CE0EEDCB0B35A946E.e.18215/click - {}
RESULT: {}
COMMAND: GET /session/121b5910f067d4d1941a4df48d2c59fa/screenshot - {}
RESULT: {}
COMMAND: POST /session/121b5910f067d4d1941a4df48d2c59fa/element - {"using":"xpath","value":"//*[@id=\"application-warehousemovements-display-component---addMovement--sectionsList-arrow\"]"}
RESULT: {"using":"xpath","value":"//*[@id=\"application-warehousemovements-display-component---addMovement--sectionsList-arrow\"]"}
COMMAND: POST /session/121b5910f067d4d1941a4df48d2c59fa/element/f.F80EBE20359F196FC2F6F7CC51ACB296.d.6B2AFC5A106D1E2CE0EEDCB0B35A946E.e.18396/click - {}
RESULT: {}
COMMAND: POST /session/121b5910f067d4d1941a4df48d2c59fa/actions - {"actions":[{"id":"action58","type":"key","parameters":{},"actions":[{"type":"keyDown","value":"î€•"},{"type":"pause","duration":10},{"type":"keyUp","value":"î€•"}]}]}
COMMAND: GET /session/121b5910f067d4d1941a4df48d2c59fa/screenshot - {}
RESULT: {"actions":[{"id":"action58","type":"key","parameters":{},"actions":[{"type":"keyDown","value":"î€•"},{"type":"pause","duration":10},{"type":"keyUp","value":"î€•"}]}]}
COMMAND: GET /session/121b5910f067d4d1941a4df48d2c59fa/screenshot - {}
RESULT: {}
RESULT: {}
COMMAND: POST /session/121b5910f067d4d1941a4df48d2c59fa/actions - {"actions":[{"id":"action59","type":"key","parameters":{},"actions":[{"type":"keyDown","value":"î€‡"},{"type":"pause","duration":10},{"type":"keyUp","value":"î€‡"}]}]}
RESULT: {"actions":[{"id":"action59","type":"key","parameters":{},"actions":[{"type":"keyDown","value":"î€‡"},{"type":"pause","duration":10},{"type":"keyUp","value":"î€‡"}]}]}
COMMAND: GET /session/121b5910f067d4d1941a4df48d2c59fa/screenshot - {}
RESULT: {}
COMMAND: POST /session/121b5910f067d4d1941a4df48d2c59fa/element - {"using":"xpath","value":"//*[@id=\"application-warehousemovements-display-component---addMovement--saveMovementBtn-BDI-content\" and text()=\"Save\"]"}
RESULT: {"using":"xpath","value":"//*[@id=\"application-warehousemovements-display-component---addMovement--saveMovementBtn-BDI-content\" and text()=\"Save\"]"}
COMMAND: POST /session/121b5910f067d4d1941a4df48d2c59fa/element/f.F80EBE20359F196FC2F6F7CC51ACB296.d.6B2AFC5A106D1E2CE0EEDCB0B35A946E.e.18397/click - {}
RESULT: {}
COMMAND: GET /session/121b5910f067d4d1941a4df48d2c59fa/screenshot - {}
RESULT: {}
COMMAND: POST /session/121b5910f067d4d1941a4df48d2c59fa/element - {"using":"css selector","value":"#shell-header-logo"}
RESULT: {"using":"css selector","value":"#shell-header-logo"}
COMMAND: POST /session/121b5910f067d4d1941a4df48d2c59fa/element/f.F80EBE20359F196FC2F6F7CC51ACB296.d.6B2AFC5A106D1E2CE0EEDCB0B35A946E.e.18174/click - {}
RESULT: {}
COMMAND: GET /session/121b5910f067d4d1941a4df48d2c59fa/screenshot - {}
RESULT: {}
]]></system-out>
    </testcase>
    <testcase classname="chrome.136_0_7103_93.windows.Create_masterdata_for_Yard_Overview_-_trigger_provide_US130988" name="Set status to defect" time="34.693">
      <system-out><![CDATA[
COMMAND: POST /session/121b5910f067d4d1941a4df48d2c59fa/execute/async - {"script":"<script> [1562 bytes]","args":[{"selector":{"controlType":"sap.ushell.ui.launchpad.AnchorItem","bindingPath":{"path":"/groups/3","propertyPath":"index"},"interaction":{"idSuffix":"inner"}},"wdio_ui5_key":"sapushell.ui.launchpad.AnchorItem{\"path\":\"/groups/3\",\"propertyPath\":\"index\"}"}]}
COMMAND: GET /session/121b5910f067d4d1941a4df48d2c59fa/screenshot - {}
RESULT: {"script":"<script> [1562 bytes]","args":[{"selector":{"controlType":"sap.ushell.ui.launchpad.AnchorItem","bindingPath":{"path":"/groups/3","propertyPath":"index"},"interaction":{"idSuffix":"inner"}},"wdio_ui5_key":"sapushell.ui.launchpad.AnchorItem{\"path\":\"/groups/3\",\"propertyPath\":\"index\"}"}]}
RESULT: undefined
RESULT: {}
COMMAND: POST /session/121b5910f067d4d1941a4df48d2c59fa/execute/async - {"script":"<script> [1562 bytes]","args":[{"selector":{"controlType":"sap.m.GenericTile","properties":{"header":"Manage States & Performance"}},"wdio_ui5_key":"sapm.GenericTile{\"header\":\"Manage States & Performance\"}"}]}
RESULT: {"script":"<script> [1562 bytes]","args":[{"selector":{"controlType":"sap.m.GenericTile","properties":{"header":"Manage States & Performance"}},"wdio_ui5_key":"sapm.GenericTile{\"header\":\"Manage States & Performance\"}"}]}
RESULT: undefined
COMMAND: POST /session/121b5910f067d4d1941a4df48d2c59fa/elements - {"using":"xpath","value":"//span[text()='Error']"}
RESULT: {"using":"xpath","value":"//span[text()='Error']"}
COMMAND: POST /session/121b5910f067d4d1941a4df48d2c59fa/execute/async - {"script":"<script> [1562 bytes]","args":[{"selector":{"controlType":"sap.ui.core.Icon","viewName":"etm.portal.ui.managestatesandperformance.view.Master","viewId":"application-managestatesandperformance-display-component---stateAndPerform","properties":{"src":{"regex":{"source":"inventory"}}}},"wdio_ui5_key":"etmportal.ui.managestatesandperformance.view.Mastersap.ui.core.Icon{\"src\":{\"regex\":{\"source\":\"inventory\"}}}"}]}
RESULT: {"script":"<script> [1562 bytes]","args":[{"selector":{"controlType":"sap.ui.core.Icon","viewName":"etm.portal.ui.managestatesandperformance.view.Master","viewId":"application-managestatesandperformance-display-component---stateAndPerform","properties":{"src":{"regex":{"source":"inventory"}}}},"wdio_ui5_key":"etmportal.ui.managestatesandperformance.view.Mastersap.ui.core.Icon{\"src\":{\"regex\":{\"source\":\"inventory\"}}}"}]}
RESULT: undefined
COMMAND: POST /session/121b5910f067d4d1941a4df48d2c59fa/execute/async - {"script":"<script> [1562 bytes]","args":[{"selector":{"id":"application-managestatesandperformance-display-component---stateAndPerform--smartFilterBarYard-btnBasicSearch","interaction":{"idSuffix":"I"}},"wdio_ui5_key":"applicationmanagestatesandperformance-display-component---stateAndPerform--smartFilterBarYard-btnBasicSearch"}]}
RESULT: {"script":"<script> [1562 bytes]","args":[{"selector":{"id":"application-managestatesandperformance-display-component---stateAndPerform--smartFilterBarYard-btnBasicSearch","interaction":{"idSuffix":"I"}},"wdio_ui5_key":"applicationmanagestatesandperformance-display-component---stateAndPerform--smartFilterBarYard-btnBasicSearch"}]}
RESULT: undefined
COMMAND: POST /session/121b5910f067d4d1941a4df48d2c59fa/execute/async - {"script":"<script> [1562 bytes]","args":[{"selector":{"controlType":"sap.m.ColumnListItem","viewName":"etm.portal.ui.managestatesandperformance.view.Master","viewId":"application-managestatesandperformance-display-component---stateAndPerform","properties":{"type":"Navigation"},"interaction":{"idSuffix":"cell0"}},"wdio_ui5_key":"etmportal.ui.managestatesandperformance.view.Mastersap.m.ColumnListItem{\"type\":\"Navigation\"}"}]}
RESULT: {"script":"<script> [1562 bytes]","args":[{"selector":{"controlType":"sap.m.ColumnListItem","viewName":"etm.portal.ui.managestatesandperformance.view.Master","viewId":"application-managestatesandperformance-display-component---stateAndPerform","properties":{"type":"Navigation"},"interaction":{"idSuffix":"cell0"}},"wdio_ui5_key":"etmportal.ui.managestatesandperformance.view.Mastersap.m.ColumnListItem{\"type\":\"Navigation\"}"}]}
RESULT: undefined
COMMAND: POST /session/121b5910f067d4d1941a4df48d2c59fa/execute/async - {"script":"<script> [1562 bytes]","args":[{"selector":{"controlType":"sap.m.Button","viewName":"etm.portal.ui.managestatesandperformance.view.Detail","viewId":"application-managestatesandperformance-display-component---detailStateAndPerform","i18NText":{"propertyName":"text","key":"createStateChange"},"interaction":{"idSuffix":"content"}},"wdio_ui5_key":"etmportal.ui.managestatesandperformance.view.Detailsap.m.Button{\"propertyName\":\"text\",\"key\":\"createStateChange\"}"}]}
RESULT: {"script":"<script> [1562 bytes]","args":[{"selector":{"controlType":"sap.m.Button","viewName":"etm.portal.ui.managestatesandperformance.view.Detail","viewId":"application-managestatesandperformance-display-component---detailStateAndPerform","i18NText":{"propertyName":"text","key":"createStateChange"},"interaction":{"idSuffix":"content"}},"wdio_ui5_key":"etmportal.ui.managestatesandperformance.view.Detailsap.m.Button{\"propertyName\":\"text\",\"key\":\"createStateChange\"}"}]}
RESULT: undefined
COMMAND: POST /session/121b5910f067d4d1941a4df48d2c59fa/execute/async - {"script":"<script> [1562 bytes]","args":[{"selector":{"id":"addStateDialog--stateSelect","searchOpenDialogs":true,"interaction":{"idSuffix":"arrow"}},"wdio_ui5_key":"addStateDialogstateSelect"}]}
RESULT: {"script":"<script> [1562 bytes]","args":[{"selector":{"id":"addStateDialog--stateSelect","searchOpenDialogs":true,"interaction":{"idSuffix":"arrow"}},"wdio_ui5_key":"addStateDialogstateSelect"}]}
RESULT: undefined
COMMAND: POST /session/121b5910f067d4d1941a4df48d2c59fa/execute/async - {"script":"<script> [1562 bytes]","args":[{"selector":{"controlType":"sap.ui.core.Item","viewName":"etm.portal.ui.managestatesandperformance.view.Detail","viewId":"application-managestatesandperformance-display-component---detailStateAndPerform","bindingPath":{"path":"/StateTypes(70)","propertyPath":"STATE","modelName":"catalogModel"},"searchOpenDialogs":true},"wdio_ui5_key":"etmportal.ui.managestatesandperformance.view.Detailsap.ui.core.Item{\"path\":\"/StateTypes(70)\",\"propertyPath\":\"STATE\",\"modelName\":\"catalogModel\"}"}]}
RESULT: {"script":"<script> [1562 bytes]","args":[{"selector":{"controlType":"sap.ui.core.Item","viewName":"etm.portal.ui.managestatesandperformance.view.Detail","viewId":"application-managestatesandperformance-display-component---detailStateAndPerform","bindingPath":{"path":"/StateTypes(70)","propertyPath":"STATE","modelName":"catalogModel"},"searchOpenDialogs":true},"wdio_ui5_key":"etmportal.ui.managestatesandperformance.view.Detailsap.ui.core.Item{\"path\":\"/StateTypes(70)\",\"propertyPath\":\"STATE\",\"modelName\":\"catalogModel\"}"}]}
RESULT: undefined
COMMAND: POST /session/121b5910f067d4d1941a4df48d2c59fa/execute/async - {"script":"<script> [1562 bytes]","args":[{"selector":{"controlType":"sap.m.NumericInput","viewName":"etm.portal.ui.managestatesandperformance.view.Detail","viewId":"application-managestatesandperformance-display-component---detailStateAndPerform","properties":{"value":"0"},"searchOpenDialogs":true,"interaction":{"idSuffix":"inner"}},"wdio_ui5_key":"etmportal.ui.managestatesandperformance.view.Detailsap.m.NumericInput{\"value\":\"0\"}"}]}
RESULT: {"script":"<script> [1562 bytes]","args":[{"selector":{"controlType":"sap.m.NumericInput","viewName":"etm.portal.ui.managestatesandperformance.view.Detail","viewId":"application-managestatesandperformance-display-component---detailStateAndPerform","properties":{"value":"0"},"searchOpenDialogs":true,"interaction":{"idSuffix":"inner"}},"wdio_ui5_key":"etmportal.ui.managestatesandperformance.view.Detailsap.m.NumericInput{\"value\":\"0\"}"}]}
RESULT: undefined
COMMAND: POST /session/121b5910f067d4d1941a4df48d2c59fa/execute/async - {"script":"<script> [1562 bytes]","args":[{"selector":{"controlType":"sap.m.Button","viewName":"etm.portal.ui.managestatesandperformance.view.Detail","viewId":"application-managestatesandperformance-display-component---detailStateAndPerform","i18NText":{"propertyName":"text","key":"save"},"searchOpenDialogs":true,"interaction":{"idSuffix":"BDI-content"}},"wdio_ui5_key":"etmportal.ui.managestatesandperformance.view.Detailsap.m.Button{\"propertyName\":\"text\",\"key\":\"save\"}"}]}
RESULT: {"script":"<script> [1562 bytes]","args":[{"selector":{"controlType":"sap.m.Button","viewName":"etm.portal.ui.managestatesandperformance.view.Detail","viewId":"application-managestatesandperformance-display-component---detailStateAndPerform","i18NText":{"propertyName":"text","key":"save"},"searchOpenDialogs":true,"interaction":{"idSuffix":"BDI-content"}},"wdio_ui5_key":"etmportal.ui.managestatesandperformance.view.Detailsap.m.Button{\"propertyName\":\"text\",\"key\":\"save\"}"}]}
RESULT: undefined
COMMAND: POST /session/121b5910f067d4d1941a4df48d2c59fa/element - {"using":"css selector","value":"#shell-header-logo"}
RESULT: {"using":"css selector","value":"#shell-header-logo"}
COMMAND: POST /session/121b5910f067d4d1941a4df48d2c59fa/element/f.F80EBE20359F196FC2F6F7CC51ACB296.d.6B2AFC5A106D1E2CE0EEDCB0B35A946E.e.18513/click - {}
RESULT: {}
COMMAND: GET /session/121b5910f067d4d1941a4df48d2c59fa/screenshot - {}
RESULT: {}
]]></system-out>
    </testcase>
  </testsuite>
  <testsuite timestamp="2025-05-16T06:55:54" time="607.734" tests="7" failures="2" errors="2" skipped="0">
    <properties>
      <property name="specId" value="0" />
      <property name="suiteName" value="Transfer Yard to Yard US131076" />
      <property name="capabilities" value="chrome.136_0_7103_93.windows" />
      <property name="file" value="file:///D:/a/1/s/test/specs/HTR/transfer-yard-to-yard.spec.js" />
    </properties>
    <testcase classname="chrome.136_0_7103_93.windows.Transfer_Yard_to_Yard_US131076" name="Should create a new yard" time="0.013">
      <system-out><![CDATA[
COMMAND: POST /session/121b5910f067d4d1941a4df48d2c59fa/window/fullscreen - {}
RESULT: {}
]]></system-out>
    </testcase>
    <testcase classname="chrome.136_0_7103_93.windows.Transfer_Yard_to_Yard_US131076" name="Should create a new 2nd yard" time="122.644">
      <system-out><![CDATA[
COMMAND: POST /session/121b5910f067d4d1941a4df48d2c59fa/window/fullscreen - {}
RESULT: {}
COMMAND: POST /session/121b5910f067d4d1941a4df48d2c59fa/execute/async - {"script":"<script> [1562 bytes]","args":[{"selector":{"controlType":"sap.m.GenericTile","properties":{"header":"Manage Yards"}},"wdio_ui5_key":"sapm.GenericTile{\"header\":\"Manage Yards\"}"}]}
RESULT: {"script":"<script> [1562 bytes]","args":[{"selector":{"controlType":"sap.m.GenericTile","properties":{"header":"Manage Yards"}},"wdio_ui5_key":"sapm.GenericTile{\"header\":\"Manage Yards\"}"}]}
RESULT: undefined
COMMAND: POST /session/121b5910f067d4d1941a4df48d2c59fa/element - {"using":"xpath","value":"//*[@id=\"__tile33\"]"}
RESULT: {"using":"xpath","value":"//*[@id=\"__tile33\"]"}
COMMAND: POST /session/121b5910f067d4d1941a4df48d2c59fa/element/f.F80EBE20359F196FC2F6F7CC51ACB296.d.6806B44CB9E399663EEAC3235900602D.e.19440/click - {}
RESULT: {}
COMMAND: GET /session/121b5910f067d4d1941a4df48d2c59fa/screenshot - {}
RESULT: {}
COMMAND: POST /session/121b5910f067d4d1941a4df48d2c59fa/elements - {"using":"xpath","value":"//span[text()='Error']"}
RESULT: {"using":"xpath","value":"//span[text()='Error']"}
COMMAND: POST /session/121b5910f067d4d1941a4df48d2c59fa/element - {"using":"xpath","value":"//button[@data-kt=\"addNewYardOverflowToolbarButton\"]"}
RESULT: {"using":"xpath","value":"//button[@data-kt=\"addNewYardOverflowToolbarButton\"]"}
COMMAND: POST /session/121b5910f067d4d1941a4df48d2c59fa/elements - {"using":"xpath","value":"//button[@data-kt=\"addNewYardOverflowToolbarButton\"]"}
RESULT: {"using":"xpath","value":"//button[@data-kt=\"addNewYardOverflowToolbarButton\"]"}
COMMAND: POST /session/121b5910f067d4d1941a4df48d2c59fa/execute/sync - {"script":"<script> [8489 bytes]","args":[{"element-6066-11e4-a52e-4f735466cecf":"f.F80EBE20359F196FC2F6F7CC51ACB296.d.6806B44CB9E399663EEAC3235900602D.e.19575","ELEMENT":"f.F80EBE20359F196FC2F6F7CC51ACB296.d.6806B44CB9E399663EEAC3235900602D.e.19575"}]}
RESULT: {"script":"<script> [8489 bytes]","args":[{"element-6066-11e4-a52e-4f735466cecf":"f.F80EBE20359F196FC2F6F7CC51ACB296.d.6806B44CB9E399663EEAC3235900602D.e.19575","ELEMENT":"f.F80EBE20359F196FC2F6F7CC51ACB296.d.6806B44CB9E399663EEAC3235900602D.e.19575"}]}
COMMAND: GET /session/121b5910f067d4d1941a4df48d2c59fa/element/f.F80EBE20359F196FC2F6F7CC51ACB296.d.6806B44CB9E399663EEAC3235900602D.e.19575/enabled - {}
COMMAND: GET /session/121b5910f067d4d1941a4df48d2c59fa/screenshot - {}
RESULT: {}
COMMAND: POST /session/121b5910f067d4d1941a4df48d2c59fa/execute/sync - {"script":"<script> [8489 bytes]","args":[{"element-6066-11e4-a52e-4f735466cecf":"f.F80EBE20359F196FC2F6F7CC51ACB296.d.6806B44CB9E399663EEAC3235900602D.e.19575","ELEMENT":"f.F80EBE20359F196FC2F6F7CC51ACB296.d.6806B44CB9E399663EEAC3235900602D.e.19575"}]}
COMMAND: GET /session/121b5910f067d4d1941a4df48d2c59fa/screenshot - {}
RESULT: {}
RESULT: {"script":"<script> [8489 bytes]","args":[{"element-6066-11e4-a52e-4f735466cecf":"f.F80EBE20359F196FC2F6F7CC51ACB296.d.6806B44CB9E399663EEAC3235900602D.e.19575","ELEMENT":"f.F80EBE20359F196FC2F6F7CC51ACB296.d.6806B44CB9E399663EEAC3235900602D.e.19575"}]}
COMMAND: POST /session/121b5910f067d4d1941a4df48d2c59fa/execute/sync - {"script":"<script> [5351 bytes]","args":[{"element-6066-11e4-a52e-4f735466cecf":"f.F80EBE20359F196FC2F6F7CC51ACB296.d.6806B44CB9E399663EEAC3235900602D.e.19575","ELEMENT":"f.F80EBE20359F196FC2F6F7CC51ACB296.d.6806B44CB9E399663EEAC3235900602D.e.19575"}]}
COMMAND: GET /session/121b5910f067d4d1941a4df48d2c59fa/screenshot - {}
RESULT: {}
RESULT: {"script":"<script> [5351 bytes]","args":[{"element-6066-11e4-a52e-4f735466cecf":"f.F80EBE20359F196FC2F6F7CC51ACB296.d.6806B44CB9E399663EEAC3235900602D.e.19575","ELEMENT":"f.F80EBE20359F196FC2F6F7CC51ACB296.d.6806B44CB9E399663EEAC3235900602D.e.19575"}]}
COMMAND: POST /session/121b5910f067d4d1941a4df48d2c59fa/element/f.F80EBE20359F196FC2F6F7CC51ACB296.d.6806B44CB9E399663EEAC3235900602D.e.19575/click - {}
COMMAND: GET /session/121b5910f067d4d1941a4df48d2c59fa/screenshot - {}
RESULT: {}
RESULT: {}
COMMAND: GET /session/121b5910f067d4d1941a4df48d2c59fa/screenshot - {}
RESULT: {}
RESULT: {}
COMMAND: POST /session/121b5910f067d4d1941a4df48d2c59fa/element - {"using":"xpath","value":"//input[@id=\"application-manageyards-display-component---NewYard--yardId-inner\"]"}
RESULT: {"using":"xpath","value":"//input[@id=\"application-manageyards-display-component---NewYard--yardId-inner\"]"}
COMMAND: POST /session/121b5910f067d4d1941a4df48d2c59fa/element - {"using":"xpath","value":"//input[@id=\"application-manageyards-display-component---NewYard--yardId-inner\"]"}
RESULT: {"using":"xpath","value":"//input[@id=\"application-manageyards-display-component---NewYard--yardId-inner\"]"}
COMMAND: POST /session/121b5910f067d4d1941a4df48d2c59fa/execute/async - {"script":"<script> [1562 bytes]","args":[{"selector":{"id":"application-manageyards-display-component---NewYard--addressDetailDetailsName1","interaction":{"idSuffix":"inner"}},"wdio_ui5_key":"applicationmanageyards-display-component---NewYard--addressDetailDetailsName1"}]}
RESULT: {"script":"<script> [1562 bytes]","args":[{"selector":{"id":"application-manageyards-display-component---NewYard--addressDetailDetailsName1","interaction":{"idSuffix":"inner"}},"wdio_ui5_key":"applicationmanageyards-display-component---NewYard--addressDetailDetailsName1"}]}
RESULT: undefined
COMMAND: POST /session/121b5910f067d4d1941a4df48d2c59fa/execute/async - {"script":"<script> [776 bytes]","args":[{"enterText":"Intracompany Yard wdIO","selector":{"id":"application-manageyards-display-component---NewYard--addressDetailDetailsName1","interaction":{"idSuffix":"inner"}},"clearTextFirst":true,"interactionType":"ENTER_TEXT"}]}
RESULT: {"script":"<script> [776 bytes]","args":[{"enterText":"Intracompany Yard wdIO","selector":{"id":"application-manageyards-display-component---NewYard--addressDetailDetailsName1","interaction":{"idSuffix":"inner"}},"clearTextFirst":true,"interactionType":"ENTER_TEXT"}]}
COMMAND: POST /session/121b5910f067d4d1941a4df48d2c59fa/execute/async - {"script":"<script> [1562 bytes]","args":[{"selector":{"id":"application-manageyards-display-component---NewYard--addressDetailDetailsLanguage-arrow"},"wdio_ui5_key":"applicationmanageyards-display-component---NewYard--addressDetailDetailsLanguage-arrow"}]}
RESULT: {"script":"<script> [1562 bytes]","args":[{"selector":{"id":"application-manageyards-display-component---NewYard--addressDetailDetailsLanguage-arrow"},"wdio_ui5_key":"applicationmanageyards-display-component---NewYard--addressDetailDetailsLanguage-arrow"}]}
RESULT: undefined
COMMAND: POST /session/121b5910f067d4d1941a4df48d2c59fa/element - {"using":"xpath","value":"//*[@id=\"application-manageyards-display-component---NewYard--addressDetailDetailsLanguage-arrow\"]"}
RESULT: {"using":"xpath","value":"//*[@id=\"application-manageyards-display-component---NewYard--addressDetailDetailsLanguage-arrow\"]"}
COMMAND: POST /session/121b5910f067d4d1941a4df48d2c59fa/element/f.F80EBE20359F196FC2F6F7CC51ACB296.d.6806B44CB9E399663EEAC3235900602D.e.19998/click - {}
RESULT: {}
COMMAND: POST /session/121b5910f067d4d1941a4df48d2c59fa/element - {"using":"xpath","value":"//span[contains(text(), \"English\")]"}
COMMAND: GET /session/121b5910f067d4d1941a4df48d2c59fa/screenshot - {}
RESULT: {"using":"xpath","value":"//span[contains(text(), \"English\")]"}
COMMAND: POST /session/121b5910f067d4d1941a4df48d2c59fa/element/f.F80EBE20359F196FC2F6F7CC51ACB296.d.6806B44CB9E399663EEAC3235900602D.e.19999/click - {}
RESULT: {}
RESULT: {}
COMMAND: POST /session/121b5910f067d4d1941a4df48d2c59fa/execute/async - {"script":"<script> [1562 bytes]","args":[{"selector":{"id":"application-manageyards-display-component---NewYard--addressDetailDetailsCity1","interaction":{"idSuffix":"inner"}},"wdio_ui5_key":"applicationmanageyards-display-component---NewYard--addressDetailDetailsCity1"}]}
COMMAND: GET /session/121b5910f067d4d1941a4df48d2c59fa/screenshot - {}
RESULT: {"script":"<script> [1562 bytes]","args":[{"selector":{"id":"application-manageyards-display-component---NewYard--addressDetailDetailsCity1","interaction":{"idSuffix":"inner"}},"wdio_ui5_key":"applicationmanageyards-display-component---NewYard--addressDetailDetailsCity1"}]}
RESULT: undefined
COMMAND: POST /session/121b5910f067d4d1941a4df48d2c59fa/execute/async - {"script":"<script> [776 bytes]","args":[{"enterText":"Rosario","selector":{"id":"application-manageyards-display-component---NewYard--addressDetailDetailsCity1","interaction":{"idSuffix":"inner"}},"clearTextFirst":true,"interactionType":"ENTER_TEXT"}]}
RESULT: {}
RESULT: {"script":"<script> [776 bytes]","args":[{"enterText":"Rosario","selector":{"id":"application-manageyards-display-component---NewYard--addressDetailDetailsCity1","interaction":{"idSuffix":"inner"}},"clearTextFirst":true,"interactionType":"ENTER_TEXT"}]}
COMMAND: POST /session/121b5910f067d4d1941a4df48d2c59fa/execute/async - {"script":"<script> [1562 bytes]","args":[{"selector":{"id":"application-manageyards-display-component---NewYard--addressDetailDetailsCountry-arrow"},"wdio_ui5_key":"applicationmanageyards-display-component---NewYard--addressDetailDetailsCountry-arrow"}]}
RESULT: {"script":"<script> [1562 bytes]","args":[{"selector":{"id":"application-manageyards-display-component---NewYard--addressDetailDetailsCountry-arrow"},"wdio_ui5_key":"applicationmanageyards-display-component---NewYard--addressDetailDetailsCountry-arrow"}]}
RESULT: undefined
COMMAND: POST /session/121b5910f067d4d1941a4df48d2c59fa/element - {"using":"xpath","value":"//*[@id=\"application-manageyards-display-component---NewYard--addressDetailDetailsCountry-arrow\"]"}
RESULT: {"using":"xpath","value":"//*[@id=\"application-manageyards-display-component---NewYard--addressDetailDetailsCountry-arrow\"]"}
COMMAND: POST /session/121b5910f067d4d1941a4df48d2c59fa/element/f.F80EBE20359F196FC2F6F7CC51ACB296.d.6806B44CB9E399663EEAC3235900602D.e.20001/click - {}
RESULT: {}
COMMAND: POST /session/121b5910f067d4d1941a4df48d2c59fa/element - {"using":"xpath","value":"//span[contains(text(), \"Argentina\")]"}
COMMAND: GET /session/121b5910f067d4d1941a4df48d2c59fa/screenshot - {}
RESULT: {"using":"xpath","value":"//span[contains(text(), \"Argentina\")]"}
COMMAND: POST /session/121b5910f067d4d1941a4df48d2c59fa/element/f.F80EBE20359F196FC2F6F7CC51ACB296.d.6806B44CB9E399663EEAC3235900602D.e.20002/click - {}
RESULT: {}
RESULT: {}
COMMAND: POST /session/121b5910f067d4d1941a4df48d2c59fa/execute/async - {"script":"<script> [1562 bytes]","args":[{"selector":{"id":"application-manageyards-display-component---NewYard--addressEditDetailsCostObjectCstType-arrow"},"wdio_ui5_key":"applicationmanageyards-display-component---NewYard--addressEditDetailsCostObjectCstType-arrow"}]}
COMMAND: GET /session/121b5910f067d4d1941a4df48d2c59fa/screenshot - {}
RESULT: {"script":"<script> [1562 bytes]","args":[{"selector":{"id":"application-manageyards-display-component---NewYard--addressEditDetailsCostObjectCstType-arrow"},"wdio_ui5_key":"applicationmanageyards-display-component---NewYard--addressEditDetailsCostObjectCstType-arrow"}]}
RESULT: undefined
COMMAND: POST /session/121b5910f067d4d1941a4df48d2c59fa/element - {"using":"xpath","value":"//*[@id=\"application-manageyards-display-component---NewYard--addressEditDetailsCostObjectCstType-arrow\"]"}
RESULT: {}
RESULT: {"using":"xpath","value":"//*[@id=\"application-manageyards-display-component---NewYard--addressEditDetailsCostObjectCstType-arrow\"]"}
COMMAND: POST /session/121b5910f067d4d1941a4df48d2c59fa/element/f.F80EBE20359F196FC2F6F7CC51ACB296.d.6806B44CB9E399663EEAC3235900602D.e.20004/click - {}
RESULT: {}
COMMAND: POST /session/121b5910f067d4d1941a4df48d2c59fa/element - {"using":"xpath","value":"//span[contains(text(), \"Cost Center\")]"}
COMMAND: GET /session/121b5910f067d4d1941a4df48d2c59fa/screenshot - {}
RESULT: {"using":"xpath","value":"//span[contains(text(), \"Cost Center\")]"}
COMMAND: POST /session/121b5910f067d4d1941a4df48d2c59fa/element/f.F80EBE20359F196FC2F6F7CC51ACB296.d.6806B44CB9E399663EEAC3235900602D.e.20005/click - {}
RESULT: {}
RESULT: {}
COMMAND: GET /session/121b5910f067d4d1941a4df48d2c59fa/screenshot - {}
RESULT: {}
COMMAND: POST /session/121b5910f067d4d1941a4df48d2c59fa/element - {"using":"xpath","value":"//span[@id=\"application-manageyards-display-component---NewYard--addressNewCostObjectCstID-vhi\"]"}
RESULT: {"using":"xpath","value":"//span[@id=\"application-manageyards-display-component---NewYard--addressNewCostObjectCstID-vhi\"]"}
COMMAND: POST /session/121b5910f067d4d1941a4df48d2c59fa/execute/sync - {"script":"<script> [8489 bytes]","args":[{"element-6066-11e4-a52e-4f735466cecf":"f.F80EBE20359F196FC2F6F7CC51ACB296.d.6806B44CB9E399663EEAC3235900602D.e.20009","ELEMENT":"f.F80EBE20359F196FC2F6F7CC51ACB296.d.6806B44CB9E399663EEAC3235900602D.e.20009"}]}
RESULT: {"script":"<script> [8489 bytes]","args":[{"element-6066-11e4-a52e-4f735466cecf":"f.F80EBE20359F196FC2F6F7CC51ACB296.d.6806B44CB9E399663EEAC3235900602D.e.20009","ELEMENT":"f.F80EBE20359F196FC2F6F7CC51ACB296.d.6806B44CB9E399663EEAC3235900602D.e.20009"}]}
COMMAND: POST /session/121b5910f067d4d1941a4df48d2c59fa/execute/async - {"script":"<script> [1562 bytes]","args":[{"selector":{"id":"application-manageyards-display-component---NewYard--addressNewCostObjectCstID-vhi"},"wdio_ui5_key":"applicationmanageyards-display-component---NewYard--addressNewCostObjectCstID-vhi"}]}
COMMAND: GET /session/121b5910f067d4d1941a4df48d2c59fa/screenshot - {}
RESULT: {"script":"<script> [1562 bytes]","args":[{"selector":{"id":"application-manageyards-display-component---NewYard--addressNewCostObjectCstID-vhi"},"wdio_ui5_key":"applicationmanageyards-display-component---NewYard--addressNewCostObjectCstID-vhi"}]}
RESULT: undefined
COMMAND: POST /session/121b5910f067d4d1941a4df48d2c59fa/element - {"using":"xpath","value":"//*[@id=\"application-manageyards-display-component---NewYard--addressNewCostObjectCstID-vhi\"]"}
RESULT: {}
RESULT: {"using":"xpath","value":"//*[@id=\"application-manageyards-display-component---NewYard--addressNewCostObjectCstID-vhi\"]"}
COMMAND: POST /session/121b5910f067d4d1941a4df48d2c59fa/element/f.F80EBE20359F196FC2F6F7CC51ACB296.d.6806B44CB9E399663EEAC3235900602D.e.20009/click - {}
RESULT: {}
COMMAND: GET /session/121b5910f067d4d1941a4df48d2c59fa/screenshot - {}
RESULT: {}
COMMAND: POST /session/121b5910f067d4d1941a4df48d2c59fa/execute/async - {"script":"<script> [1562 bytes]","args":[{"selector":{"controlType":"sap.m.SearchField","properties":{"placeholder":"Search"},"searchOpenDialogs":true,"interaction":{"idSuffix":"I"}},"wdio_ui5_key":"sapm.SearchField{\"placeholder\":\"Search\"}"}]}
RESULT: {"script":"<script> [1562 bytes]","args":[{"selector":{"controlType":"sap.m.SearchField","properties":{"placeholder":"Search"},"searchOpenDialogs":true,"interaction":{"idSuffix":"I"}},"wdio_ui5_key":"sapm.SearchField{\"placeholder\":\"Search\"}"}]}
RESULT: undefined
COMMAND: POST /session/121b5910f067d4d1941a4df48d2c59fa/execute/async - {"script":"<script> [776 bytes]","args":[{"enterText":"bauh_b","selector":{"controlType":"sap.m.SearchField","properties":{"placeholder":"Search"},"searchOpenDialogs":true,"interaction":{"idSuffix":"I"}},"clearTextFirst":true,"interactionType":"ENTER_TEXT"}]}
RESULT: {"script":"<script> [776 bytes]","args":[{"enterText":"bauh_b","selector":{"controlType":"sap.m.SearchField","properties":{"placeholder":"Search"},"searchOpenDialogs":true,"interaction":{"idSuffix":"I"}},"clearTextFirst":true,"interactionType":"ENTER_TEXT"}]}
COMMAND: POST /session/121b5910f067d4d1941a4df48d2c59fa/actions - {"actions":[{"id":"action60","type":"key","parameters":{},"actions":[{"type":"keyDown","value":"î€‡"},{"type":"pause","duration":10},{"type":"keyUp","value":"î€‡"}]}]}
RESULT: {"actions":[{"id":"action60","type":"key","parameters":{},"actions":[{"type":"keyDown","value":"î€‡"},{"type":"pause","duration":10},{"type":"keyUp","value":"î€‡"}]}]}
COMMAND: GET /session/121b5910f067d4d1941a4df48d2c59fa/screenshot - {}
RESULT: {}
COMMAND: POST /session/121b5910f067d4d1941a4df48d2c59fa/element - {"using":"xpath","value":"//span[contains(text(), \"Demo Yard\")]"}
RESULT: {"using":"xpath","value":"//span[contains(text(), \"Demo Yard\")]"}
COMMAND: POST /session/121b5910f067d4d1941a4df48d2c59fa/element/f.F80EBE20359F196FC2F6F7CC51ACB296.d.6806B44CB9E399663EEAC3235900602D.e.20049/click - {}
RESULT: {}
COMMAND: GET /session/121b5910f067d4d1941a4df48d2c59fa/screenshot - {}
RESULT: {}
COMMAND: POST /session/121b5910f067d4d1941a4df48d2c59fa/element - {"using":"xpath","value":"//bdi[contains(text(), \"OK\")]"}
RESULT: {"using":"xpath","value":"//bdi[contains(text(), \"OK\")]"}
COMMAND: POST /session/121b5910f067d4d1941a4df48d2c59fa/element/f.F80EBE20359F196FC2F6F7CC51ACB296.d.6806B44CB9E399663EEAC3235900602D.e.20050/click - {}
RESULT: {}
COMMAND: GET /session/121b5910f067d4d1941a4df48d2c59fa/screenshot - {}
RESULT: {}
COMMAND: POST /session/121b5910f067d4d1941a4df48d2c59fa/execute/async - {"script":"<script> [1562 bytes]","args":[{"selector":{"id":"application-manageyards-display-component---NewYard--addressEditDetailsCurrency-arrow"},"wdio_ui5_key":"applicationmanageyards-display-component---NewYard--addressEditDetailsCurrency-arrow"}]}
RESULT: {"script":"<script> [1562 bytes]","args":[{"selector":{"id":"application-manageyards-display-component---NewYard--addressEditDetailsCurrency-arrow"},"wdio_ui5_key":"applicationmanageyards-display-component---NewYard--addressEditDetailsCurrency-arrow"}]}
RESULT: undefined
COMMAND: POST /session/121b5910f067d4d1941a4df48d2c59fa/element - {"using":"xpath","value":"//*[@id=\"application-manageyards-display-component---NewYard--addressEditDetailsCurrency-arrow\"]"}
RESULT: {"using":"xpath","value":"//*[@id=\"application-manageyards-display-component---NewYard--addressEditDetailsCurrency-arrow\"]"}
COMMAND: POST /session/121b5910f067d4d1941a4df48d2c59fa/element/f.F80EBE20359F196FC2F6F7CC51ACB296.d.6806B44CB9E399663EEAC3235900602D.e.20053/click - {}
RESULT: {}
COMMAND: POST /session/121b5910f067d4d1941a4df48d2c59fa/element - {"using":"xpath","value":"//span[contains(text(), \"Euro\")]"}
COMMAND: GET /session/121b5910f067d4d1941a4df48d2c59fa/screenshot - {}
RESULT: {"using":"xpath","value":"//span[contains(text(), \"Euro\")]"}
COMMAND: POST /session/121b5910f067d4d1941a4df48d2c59fa/element/f.F80EBE20359F196FC2F6F7CC51ACB296.d.6806B44CB9E399663EEAC3235900602D.e.20054/click - {}
RESULT: {}
RESULT: {}
COMMAND: POST /session/121b5910f067d4d1941a4df48d2c59fa/execute/async - {"script":"<script> [1562 bytes]","args":[{"selector":{"controlType":"sap.m.Input","viewName":"etm.portal.ui.manageyards.view.New","viewId":"application-manageyards-display-component---NewYard","bindingPath":{"path":"","propertyPath":"/CONTROLLING_AREA","modelName":"NewYardModel"},"interaction":{"idSuffix":"inner"}},"wdio_ui5_key":"etmportal.ui.manageyards.view.Newsap.m.Input{\"path\":\"\",\"propertyPath\":\"/CONTROLLING_AREA\",\"modelName\":\"NewYardModel\"}"}]}
COMMAND: GET /session/121b5910f067d4d1941a4df48d2c59fa/screenshot - {}
RESULT: {"script":"<script> [1562 bytes]","args":[{"selector":{"controlType":"sap.m.Input","viewName":"etm.portal.ui.manageyards.view.New","viewId":"application-manageyards-display-component---NewYard","bindingPath":{"path":"","propertyPath":"/CONTROLLING_AREA","modelName":"NewYardModel"},"interaction":{"idSuffix":"inner"}},"wdio_ui5_key":"etmportal.ui.manageyards.view.Newsap.m.Input{\"path\":\"\",\"propertyPath\":\"/CONTROLLING_AREA\",\"modelName\":\"NewYardModel\"}"}]}
RESULT: undefined
COMMAND: POST /session/121b5910f067d4d1941a4df48d2c59fa/execute/async - {"script":"<script> [776 bytes]","args":[{"enterText":"Z001","selector":{"controlType":"sap.m.Input","viewName":"etm.portal.ui.manageyards.view.New","viewId":"application-manageyards-display-component---NewYard","bindingPath":{"path":"","propertyPath":"/CONTROLLING_AREA","modelName":"NewYardModel"},"interaction":{"idSuffix":"inner"}},"clearTextFirst":true,"interactionType":"ENTER_TEXT"}]}
RESULT: {}
RESULT: {"script":"<script> [776 bytes]","args":[{"enterText":"Z001","selector":{"controlType":"sap.m.Input","viewName":"etm.portal.ui.manageyards.view.New","viewId":"application-manageyards-display-component---NewYard","bindingPath":{"path":"","propertyPath":"/CONTROLLING_AREA","modelName":"NewYardModel"},"interaction":{"idSuffix":"inner"}},"clearTextFirst":true,"interactionType":"ENTER_TEXT"}]}
COMMAND: POST /session/121b5910f067d4d1941a4df48d2c59fa/execute/async - {"script":"<script> [1562 bytes]","args":[{"selector":{"id":"application-manageyards-display-component---NewYard--companyCodeComboBox","interaction":{"idSuffix":"inner"}},"wdio_ui5_key":"applicationmanageyards-display-component---NewYard--companyCodeComboBox"}]}
RESULT: {"script":"<script> [1562 bytes]","args":[{"selector":{"id":"application-manageyards-display-component---NewYard--companyCodeComboBox","interaction":{"idSuffix":"inner"}},"wdio_ui5_key":"applicationmanageyards-display-component---NewYard--companyCodeComboBox"}]}
RESULT: undefined
COMMAND: POST /session/121b5910f067d4d1941a4df48d2c59fa/execute/async - {"script":"<script> [776 bytes]","args":[{"enterText":"1000","selector":{"id":"application-manageyards-display-component---NewYard--companyCodeComboBox","interaction":{"idSuffix":"inner"}},"clearTextFirst":true,"interactionType":"ENTER_TEXT"}]}
RESULT: {"script":"<script> [776 bytes]","args":[{"enterText":"1000","selector":{"id":"application-manageyards-display-component---NewYard--companyCodeComboBox","interaction":{"idSuffix":"inner"}},"clearTextFirst":true,"interactionType":"ENTER_TEXT"}]}
COMMAND: POST /session/121b5910f067d4d1941a4df48d2c59fa/execute/async - {"script":"<script> [1562 bytes]","args":[{"selector":{"controlType":"sap.m.Input","viewName":"etm.portal.ui.manageyards.view.New","viewId":"application-manageyards-display-component---NewYard","bindingPath":{"path":"","propertyPath":"/PLANT","modelName":"NewYardModel"},"interaction":{"idSuffix":"inner"}},"wdio_ui5_key":"etmportal.ui.manageyards.view.Newsap.m.Input{\"path\":\"\",\"propertyPath\":\"/PLANT\",\"modelName\":\"NewYardModel\"}"}]}
RESULT: {"script":"<script> [1562 bytes]","args":[{"selector":{"controlType":"sap.m.Input","viewName":"etm.portal.ui.manageyards.view.New","viewId":"application-manageyards-display-component---NewYard","bindingPath":{"path":"","propertyPath":"/PLANT","modelName":"NewYardModel"},"interaction":{"idSuffix":"inner"}},"wdio_ui5_key":"etmportal.ui.manageyards.view.Newsap.m.Input{\"path\":\"\",\"propertyPath\":\"/PLANT\",\"modelName\":\"NewYardModel\"}"}]}
RESULT: undefined
COMMAND: POST /session/121b5910f067d4d1941a4df48d2c59fa/execute/async - {"script":"<script> [776 bytes]","args":[{"enterText":"1001","selector":{"controlType":"sap.m.Input","viewName":"etm.portal.ui.manageyards.view.New","viewId":"application-manageyards-display-component---NewYard","bindingPath":{"path":"","propertyPath":"/PLANT","modelName":"NewYardModel"},"interaction":{"idSuffix":"inner"}},"clearTextFirst":true,"interactionType":"ENTER_TEXT"}]}
RESULT: {"script":"<script> [776 bytes]","args":[{"enterText":"1001","selector":{"controlType":"sap.m.Input","viewName":"etm.portal.ui.manageyards.view.New","viewId":"application-manageyards-display-component---NewYard","bindingPath":{"path":"","propertyPath":"/PLANT","modelName":"NewYardModel"},"interaction":{"idSuffix":"inner"}},"clearTextFirst":true,"interactionType":"ENTER_TEXT"}]}
COMMAND: POST /session/121b5910f067d4d1941a4df48d2c59fa/execute/async - {"script":"<script> [1562 bytes]","args":[{"selector":{"controlType":"sap.m.Input","viewName":"etm.portal.ui.manageyards.view.New","viewId":"application-manageyards-display-component---NewYard","bindingPath":{"path":"","propertyPath":"/SALES_AREA_VKORG","modelName":"NewYardModel"},"interaction":{"idSuffix":"inner"}},"wdio_ui5_key":"etmportal.ui.manageyards.view.Newsap.m.Input{\"path\":\"\",\"propertyPath\":\"/SALES_AREA_VKORG\",\"modelName\":\"NewYardModel\"}"}]}
RESULT: {"script":"<script> [1562 bytes]","args":[{"selector":{"controlType":"sap.m.Input","viewName":"etm.portal.ui.manageyards.view.New","viewId":"application-manageyards-display-component---NewYard","bindingPath":{"path":"","propertyPath":"/SALES_AREA_VKORG","modelName":"NewYardModel"},"interaction":{"idSuffix":"inner"}},"wdio_ui5_key":"etmportal.ui.manageyards.view.Newsap.m.Input{\"path\":\"\",\"propertyPath\":\"/SALES_AREA_VKORG\",\"modelName\":\"NewYardModel\"}"}]}
RESULT: undefined
COMMAND: POST /session/121b5910f067d4d1941a4df48d2c59fa/execute/async - {"script":"<script> [776 bytes]","args":[{"enterText":"C002","selector":{"controlType":"sap.m.Input","viewName":"etm.portal.ui.manageyards.view.New","viewId":"application-manageyards-display-component---NewYard","bindingPath":{"path":"","propertyPath":"/SALES_AREA_VKORG","modelName":"NewYardModel"},"interaction":{"idSuffix":"inner"}},"clearTextFirst":true,"interactionType":"ENTER_TEXT"}]}
RESULT: {"script":"<script> [776 bytes]","args":[{"enterText":"C002","selector":{"controlType":"sap.m.Input","viewName":"etm.portal.ui.manageyards.view.New","viewId":"application-manageyards-display-component---NewYard","bindingPath":{"path":"","propertyPath":"/SALES_AREA_VKORG","modelName":"NewYardModel"},"interaction":{"idSuffix":"inner"}},"clearTextFirst":true,"interactionType":"ENTER_TEXT"}]}
COMMAND: POST /session/121b5910f067d4d1941a4df48d2c59fa/execute/async - {"script":"<script> [1562 bytes]","args":[{"selector":{"controlType":"sap.m.Input","viewName":"etm.portal.ui.manageyards.view.New","viewId":"application-manageyards-display-component---NewYard","bindingPath":{"path":"","propertyPath":"/SALES_AREA_VTWEG","modelName":"NewYardModel"},"interaction":{"idSuffix":"inner"}},"wdio_ui5_key":"etmportal.ui.manageyards.view.Newsap.m.Input{\"path\":\"\",\"propertyPath\":\"/SALES_AREA_VTWEG\",\"modelName\":\"NewYardModel\"}"}]}
RESULT: {"script":"<script> [1562 bytes]","args":[{"selector":{"controlType":"sap.m.Input","viewName":"etm.portal.ui.manageyards.view.New","viewId":"application-manageyards-display-component---NewYard","bindingPath":{"path":"","propertyPath":"/SALES_AREA_VTWEG","modelName":"NewYardModel"},"interaction":{"idSuffix":"inner"}},"wdio_ui5_key":"etmportal.ui.manageyards.view.Newsap.m.Input{\"path\":\"\",\"propertyPath\":\"/SALES_AREA_VTWEG\",\"modelName\":\"NewYardModel\"}"}]}
RESULT: undefined
COMMAND: POST /session/121b5910f067d4d1941a4df48d2c59fa/execute/async - {"script":"<script> [776 bytes]","args":[{"enterText":"C2","selector":{"controlType":"sap.m.Input","viewName":"etm.portal.ui.manageyards.view.New","viewId":"application-manageyards-display-component---NewYard","bindingPath":{"path":"","propertyPath":"/SALES_AREA_VTWEG","modelName":"NewYardModel"},"interaction":{"idSuffix":"inner"}},"clearTextFirst":true,"interactionType":"ENTER_TEXT"}]}
RESULT: {"script":"<script> [776 bytes]","args":[{"enterText":"C2","selector":{"controlType":"sap.m.Input","viewName":"etm.portal.ui.manageyards.view.New","viewId":"application-manageyards-display-component---NewYard","bindingPath":{"path":"","propertyPath":"/SALES_AREA_VTWEG","modelName":"NewYardModel"},"interaction":{"idSuffix":"inner"}},"clearTextFirst":true,"interactionType":"ENTER_TEXT"}]}
COMMAND: POST /session/121b5910f067d4d1941a4df48d2c59fa/execute/async - {"script":"<script> [1562 bytes]","args":[{"selector":{"controlType":"sap.m.Input","viewName":"etm.portal.ui.manageyards.view.New","viewId":"application-manageyards-display-component---NewYard","bindingPath":{"path":"","propertyPath":"/SALES_AREA_SPART","modelName":"NewYardModel"},"interaction":{"idSuffix":"inner"}},"wdio_ui5_key":"etmportal.ui.manageyards.view.Newsap.m.Input{\"path\":\"\",\"propertyPath\":\"/SALES_AREA_SPART\",\"modelName\":\"NewYardModel\"}"}]}
RESULT: {"script":"<script> [1562 bytes]","args":[{"selector":{"controlType":"sap.m.Input","viewName":"etm.portal.ui.manageyards.view.New","viewId":"application-manageyards-display-component---NewYard","bindingPath":{"path":"","propertyPath":"/SALES_AREA_SPART","modelName":"NewYardModel"},"interaction":{"idSuffix":"inner"}},"wdio_ui5_key":"etmportal.ui.manageyards.view.Newsap.m.Input{\"path\":\"\",\"propertyPath\":\"/SALES_AREA_SPART\",\"modelName\":\"NewYardModel\"}"}]}
RESULT: undefined
COMMAND: POST /session/121b5910f067d4d1941a4df48d2c59fa/execute/async - {"script":"<script> [776 bytes]","args":[{"enterText":"C2","selector":{"controlType":"sap.m.Input","viewName":"etm.portal.ui.manageyards.view.New","viewId":"application-manageyards-display-component---NewYard","bindingPath":{"path":"","propertyPath":"/SALES_AREA_SPART","modelName":"NewYardModel"},"interaction":{"idSuffix":"inner"}},"clearTextFirst":true,"interactionType":"ENTER_TEXT"}]}
RESULT: {"script":"<script> [776 bytes]","args":[{"enterText":"C2","selector":{"controlType":"sap.m.Input","viewName":"etm.portal.ui.manageyards.view.New","viewId":"application-manageyards-display-component---NewYard","bindingPath":{"path":"","propertyPath":"/SALES_AREA_SPART","modelName":"NewYardModel"},"interaction":{"idSuffix":"inner"}},"clearTextFirst":true,"interactionType":"ENTER_TEXT"}]}
COMMAND: POST /session/121b5910f067d4d1941a4df48d2c59fa/execute/async - {"script":"<script> [1562 bytes]","args":[{"selector":{"controlType":"sap.m.Input","viewName":"etm.portal.ui.manageyards.view.New","viewId":"application-manageyards-display-component---NewYard","bindingPath":{"path":"","propertyPath":"/SHIP_POINT","modelName":"NewYardModel"},"interaction":{"idSuffix":"inner"}},"wdio_ui5_key":"etmportal.ui.manageyards.view.Newsap.m.Input{\"path\":\"\",\"propertyPath\":\"/SHIP_POINT\",\"modelName\":\"NewYardModel\"}"}]}
RESULT: {"script":"<script> [1562 bytes]","args":[{"selector":{"controlType":"sap.m.Input","viewName":"etm.portal.ui.manageyards.view.New","viewId":"application-manageyards-display-component---NewYard","bindingPath":{"path":"","propertyPath":"/SHIP_POINT","modelName":"NewYardModel"},"interaction":{"idSuffix":"inner"}},"wdio_ui5_key":"etmportal.ui.manageyards.view.Newsap.m.Input{\"path\":\"\",\"propertyPath\":\"/SHIP_POINT\",\"modelName\":\"NewYardModel\"}"}]}
RESULT: undefined
COMMAND: POST /session/121b5910f067d4d1941a4df48d2c59fa/execute/async - {"script":"<script> [776 bytes]","args":[{"enterText":"1710","selector":{"controlType":"sap.m.Input","viewName":"etm.portal.ui.manageyards.view.New","viewId":"application-manageyards-display-component---NewYard","bindingPath":{"path":"","propertyPath":"/SHIP_POINT","modelName":"NewYardModel"},"interaction":{"idSuffix":"inner"}},"clearTextFirst":true,"interactionType":"ENTER_TEXT"}]}
RESULT: {"script":"<script> [776 bytes]","args":[{"enterText":"1710","selector":{"controlType":"sap.m.Input","viewName":"etm.portal.ui.manageyards.view.New","viewId":"application-manageyards-display-component---NewYard","bindingPath":{"path":"","propertyPath":"/SHIP_POINT","modelName":"NewYardModel"},"interaction":{"idSuffix":"inner"}},"clearTextFirst":true,"interactionType":"ENTER_TEXT"}]}
COMMAND: POST /session/121b5910f067d4d1941a4df48d2c59fa/execute/async - {"script":"<script> [1562 bytes]","args":[{"selector":{"controlType":"sap.m.Input","viewName":"etm.portal.ui.manageyards.view.New","viewId":"application-manageyards-display-component---NewYard","bindingPath":{"path":"","propertyPath":"/DELIVERY_TYPE","modelName":"NewYardModel"},"interaction":{"idSuffix":"inner"}},"wdio_ui5_key":"etmportal.ui.manageyards.view.Newsap.m.Input{\"path\":\"\",\"propertyPath\":\"/DELIVERY_TYPE\",\"modelName\":\"NewYardModel\"}"}]}
RESULT: {"script":"<script> [1562 bytes]","args":[{"selector":{"controlType":"sap.m.Input","viewName":"etm.portal.ui.manageyards.view.New","viewId":"application-manageyards-display-component---NewYard","bindingPath":{"path":"","propertyPath":"/DELIVERY_TYPE","modelName":"NewYardModel"},"interaction":{"idSuffix":"inner"}},"wdio_ui5_key":"etmportal.ui.manageyards.view.Newsap.m.Input{\"path\":\"\",\"propertyPath\":\"/DELIVERY_TYPE\",\"modelName\":\"NewYardModel\"}"}]}
RESULT: undefined
COMMAND: POST /session/121b5910f067d4d1941a4df48d2c59fa/execute/async - {"script":"<script> [776 bytes]","args":[{"enterText":"ZL01","selector":{"controlType":"sap.m.Input","viewName":"etm.portal.ui.manageyards.view.New","viewId":"application-manageyards-display-component---NewYard","bindingPath":{"path":"","propertyPath":"/DELIVERY_TYPE","modelName":"NewYardModel"},"interaction":{"idSuffix":"inner"}},"clearTextFirst":true,"interactionType":"ENTER_TEXT"}]}
RESULT: {"script":"<script> [776 bytes]","args":[{"enterText":"ZL01","selector":{"controlType":"sap.m.Input","viewName":"etm.portal.ui.manageyards.view.New","viewId":"application-manageyards-display-component---NewYard","bindingPath":{"path":"","propertyPath":"/DELIVERY_TYPE","modelName":"NewYardModel"},"interaction":{"idSuffix":"inner"}},"clearTextFirst":true,"interactionType":"ENTER_TEXT"}]}
COMMAND: POST /session/121b5910f067d4d1941a4df48d2c59fa/execute/async - {"script":"<script> [1562 bytes]","args":[{"selector":{"controlType":"sap.m.Input","viewName":"etm.portal.ui.manageyards.view.New","viewId":"application-manageyards-display-component---NewYard","bindingPath":{"path":"","propertyPath":"/AUART","modelName":"NewYardModel"},"interaction":{"idSuffix":"inner"}},"wdio_ui5_key":"etmportal.ui.manageyards.view.Newsap.m.Input{\"path\":\"\",\"propertyPath\":\"/AUART\",\"modelName\":\"NewYardModel\"}"}]}
RESULT: {"script":"<script> [1562 bytes]","args":[{"selector":{"controlType":"sap.m.Input","viewName":"etm.portal.ui.manageyards.view.New","viewId":"application-manageyards-display-component---NewYard","bindingPath":{"path":"","propertyPath":"/AUART","modelName":"NewYardModel"},"interaction":{"idSuffix":"inner"}},"wdio_ui5_key":"etmportal.ui.manageyards.view.Newsap.m.Input{\"path\":\"\",\"propertyPath\":\"/AUART\",\"modelName\":\"NewYardModel\"}"}]}
RESULT: undefined
COMMAND: POST /session/121b5910f067d4d1941a4df48d2c59fa/execute/async - {"script":"<script> [776 bytes]","args":[{"enterText":"TA","selector":{"controlType":"sap.m.Input","viewName":"etm.portal.ui.manageyards.view.New","viewId":"application-manageyards-display-component---NewYard","bindingPath":{"path":"","propertyPath":"/AUART","modelName":"NewYardModel"},"interaction":{"idSuffix":"inner"}},"clearTextFirst":true,"interactionType":"ENTER_TEXT"}]}
RESULT: {"script":"<script> [776 bytes]","args":[{"enterText":"TA","selector":{"controlType":"sap.m.Input","viewName":"etm.portal.ui.manageyards.view.New","viewId":"application-manageyards-display-component---NewYard","bindingPath":{"path":"","propertyPath":"/AUART","modelName":"NewYardModel"},"interaction":{"idSuffix":"inner"}},"clearTextFirst":true,"interactionType":"ENTER_TEXT"}]}
COMMAND: POST /session/121b5910f067d4d1941a4df48d2c59fa/element - {"using":"xpath","value":"//button[@data-kt=\"newYardSaveButton\"]"}
RESULT: {"using":"xpath","value":"//button[@data-kt=\"newYardSaveButton\"]"}
COMMAND: POST /session/121b5910f067d4d1941a4df48d2c59fa/element/f.F80EBE20359F196FC2F6F7CC51ACB296.d.6806B44CB9E399663EEAC3235900602D.e.19959/click - {}
RESULT: {}
COMMAND: GET /session/121b5910f067d4d1941a4df48d2c59fa/screenshot - {}
RESULT: {}
COMMAND: POST /session/121b5910f067d4d1941a4df48d2c59fa/element - {"using":"xpath","value":"//header[contains(@id, 'ObjectPageLayout-headerTitle')]/div[1]/div[2]/div[1]/span[1]"}
RESULT: {"using":"xpath","value":"//header[contains(@id, 'ObjectPageLayout-headerTitle')]/div[1]/div[2]/div[1]/span[1]"}
COMMAND: POST /session/121b5910f067d4d1941a4df48d2c59fa/elements - {"using":"xpath","value":"//header[contains(@id, 'ObjectPageLayout-headerTitle')]/div[1]/div[2]/div[1]/span[1]"}
RESULT: {"using":"xpath","value":"//header[contains(@id, 'ObjectPageLayout-headerTitle')]/div[1]/div[2]/div[1]/span[1]"}
COMMAND: POST /session/121b5910f067d4d1941a4df48d2c59fa/execute/sync - {"script":"<script> [56 bytes]","args":[{"element-6066-11e4-a52e-4f735466cecf":"f.F80EBE20359F196FC2F6F7CC51ACB296.d.6806B44CB9E399663EEAC3235900602D.e.20279","ELEMENT":"f.F80EBE20359F196FC2F6F7CC51ACB296.d.6806B44CB9E399663EEAC3235900602D.e.20279"}]}
RESULT: {"script":"<script> [56 bytes]","args":[{"element-6066-11e4-a52e-4f735466cecf":"f.F80EBE20359F196FC2F6F7CC51ACB296.d.6806B44CB9E399663EEAC3235900602D.e.20279","ELEMENT":"f.F80EBE20359F196FC2F6F7CC51ACB296.d.6806B44CB9E399663EEAC3235900602D.e.20279"}]}
COMMAND: GET /session/121b5910f067d4d1941a4df48d2c59fa/screenshot - {}
RESULT: {}
COMMAND: POST /session/121b5910f067d4d1941a4df48d2c59fa/element - {"using":"css selector","value":"#shell-header-logo"}
RESULT: {"using":"css selector","value":"#shell-header-logo"}
COMMAND: POST /session/121b5910f067d4d1941a4df48d2c59fa/element/f.F80EBE20359F196FC2F6F7CC51ACB296.d.6806B44CB9E399663EEAC3235900602D.e.19416/click - {}
RESULT: {}
COMMAND: GET /session/121b5910f067d4d1941a4df48d2c59fa/screenshot - {}
RESULT: {}
COMMAND: POST /session/121b5910f067d4d1941a4df48d2c59fa/execute/sync - {"script":"<script> [299 bytes]","args":[["getModel","getResource"]]}
RESULT: {"script":"<script> [299 bytes]","args":[["getModel","getResource"]]}
]]></system-out>
    </testcase>
    <testcase classname="chrome.136_0_7103_93.windows.Transfer_Yard_to_Yard_US131076" name="Should create the equipment" time="151.326">
      <system-out><![CDATA[
COMMAND: GET /session/121b5910f067d4d1941a4df48d2c59fa/screenshot - {}
COMMAND: POST /session/121b5910f067d4d1941a4df48d2c59fa/execute/async - {"script":"<script> [1562 bytes]","args":[{"selector":{"controlType":"sap.m.GenericTile","properties":{"header":"Manage Resources"}},"wdio_ui5_key":"sapm.GenericTile{\"header\":\"Manage Resources\"}"}]}
RESULT: {"script":"<script> [1562 bytes]","args":[{"selector":{"controlType":"sap.m.GenericTile","properties":{"header":"Manage Resources"}},"wdio_ui5_key":"sapm.GenericTile{\"header\":\"Manage Resources\"}"}]}
RESULT: undefined
COMMAND: POST /session/121b5910f067d4d1941a4df48d2c59fa/element - {"using":"xpath","value":"//*[@id=\"__tile31\"]"}
RESULT: {}
RESULT: {"using":"xpath","value":"//*[@id=\"__tile31\"]"}
COMMAND: POST /session/121b5910f067d4d1941a4df48d2c59fa/element/f.F80EBE20359F196FC2F6F7CC51ACB296.d.6806B44CB9E399663EEAC3235900602D.e.19434/click - {}
RESULT: {}
COMMAND: GET /session/121b5910f067d4d1941a4df48d2c59fa/screenshot - {}
RESULT: {}
COMMAND: POST /session/121b5910f067d4d1941a4df48d2c59fa/elements - {"using":"xpath","value":"//span[text()='Error']"}
RESULT: {"using":"xpath","value":"//span[text()='Error']"}
COMMAND: POST /session/121b5910f067d4d1941a4df48d2c59fa/element - {"using":"xpath","value":"//button[@data-kt=\"addNewRUOverflowToolbarButton\"]"}
RESULT: {"using":"xpath","value":"//button[@data-kt=\"addNewRUOverflowToolbarButton\"]"}
COMMAND: POST /session/121b5910f067d4d1941a4df48d2c59fa/elements - {"using":"xpath","value":"//button[@data-kt=\"addNewRUOverflowToolbarButton\"]"}
RESULT: {"using":"xpath","value":"//button[@data-kt=\"addNewRUOverflowToolbarButton\"]"}
COMMAND: POST /session/121b5910f067d4d1941a4df48d2c59fa/elements - {"using":"xpath","value":"//button[@data-kt=\"addNewRUOverflowToolbarButton\"]"}
RESULT: {"using":"xpath","value":"//button[@data-kt=\"addNewRUOverflowToolbarButton\"]"}
COMMAND: POST /session/121b5910f067d4d1941a4df48d2c59fa/element - {"using":"xpath","value":"//button[@data-kt=\"addNewRUOverflowToolbarButton\"]"}
RESULT: {"using":"xpath","value":"//button[@data-kt=\"addNewRUOverflowToolbarButton\"]"}
COMMAND: POST /session/121b5910f067d4d1941a4df48d2c59fa/execute/sync - {"script":"<script> [8489 bytes]","args":[{"element-6066-11e4-a52e-4f735466cecf":"f.F80EBE20359F196FC2F6F7CC51ACB296.d.6806B44CB9E399663EEAC3235900602D.e.20310","ELEMENT":"f.F80EBE20359F196FC2F6F7CC51ACB296.d.6806B44CB9E399663EEAC3235900602D.e.20310"}]}
RESULT: {"script":"<script> [8489 bytes]","args":[{"element-6066-11e4-a52e-4f735466cecf":"f.F80EBE20359F196FC2F6F7CC51ACB296.d.6806B44CB9E399663EEAC3235900602D.e.20310","ELEMENT":"f.F80EBE20359F196FC2F6F7CC51ACB296.d.6806B44CB9E399663EEAC3235900602D.e.20310"}]}
COMMAND: GET /session/121b5910f067d4d1941a4df48d2c59fa/element/f.F80EBE20359F196FC2F6F7CC51ACB296.d.6806B44CB9E399663EEAC3235900602D.e.20310/enabled - {}
COMMAND: GET /session/121b5910f067d4d1941a4df48d2c59fa/screenshot - {}
RESULT: {}
COMMAND: POST /session/121b5910f067d4d1941a4df48d2c59fa/execute/sync - {"script":"<script> [8489 bytes]","args":[{"element-6066-11e4-a52e-4f735466cecf":"f.F80EBE20359F196FC2F6F7CC51ACB296.d.6806B44CB9E399663EEAC3235900602D.e.20310","ELEMENT":"f.F80EBE20359F196FC2F6F7CC51ACB296.d.6806B44CB9E399663EEAC3235900602D.e.20310"}]}
COMMAND: GET /session/121b5910f067d4d1941a4df48d2c59fa/screenshot - {}
RESULT: {}
RESULT: {"script":"<script> [8489 bytes]","args":[{"element-6066-11e4-a52e-4f735466cecf":"f.F80EBE20359F196FC2F6F7CC51ACB296.d.6806B44CB9E399663EEAC3235900602D.e.20310","ELEMENT":"f.F80EBE20359F196FC2F6F7CC51ACB296.d.6806B44CB9E399663EEAC3235900602D.e.20310"}]}
COMMAND: POST /session/121b5910f067d4d1941a4df48d2c59fa/execute/sync - {"script":"<script> [5351 bytes]","args":[{"element-6066-11e4-a52e-4f735466cecf":"f.F80EBE20359F196FC2F6F7CC51ACB296.d.6806B44CB9E399663EEAC3235900602D.e.20310","ELEMENT":"f.F80EBE20359F196FC2F6F7CC51ACB296.d.6806B44CB9E399663EEAC3235900602D.e.20310"}]}
COMMAND: GET /session/121b5910f067d4d1941a4df48d2c59fa/screenshot - {}
RESULT: {}
RESULT: {"script":"<script> [5351 bytes]","args":[{"element-6066-11e4-a52e-4f735466cecf":"f.F80EBE20359F196FC2F6F7CC51ACB296.d.6806B44CB9E399663EEAC3235900602D.e.20310","ELEMENT":"f.F80EBE20359F196FC2F6F7CC51ACB296.d.6806B44CB9E399663EEAC3235900602D.e.20310"}]}
COMMAND: POST /session/121b5910f067d4d1941a4df48d2c59fa/element/f.F80EBE20359F196FC2F6F7CC51ACB296.d.6806B44CB9E399663EEAC3235900602D.e.20310/click - {}
COMMAND: GET /session/121b5910f067d4d1941a4df48d2c59fa/screenshot - {}
RESULT: {}
RESULT: {}
COMMAND: GET /session/121b5910f067d4d1941a4df48d2c59fa/screenshot - {}
COMMAND: POST /session/121b5910f067d4d1941a4df48d2c59fa/execute/async - {"script":"<script> [1562 bytes]","args":[{"selector":{"id":"application-manageresources-display-component---newResourceUnit--TYPE-arrow"},"wdio_ui5_key":"applicationmanageresources-display-component---newResourceUnit--TYPE-arrow"}]}
RESULT: {}
RESULT: {}
RESULT: {"script":"<script> [1562 bytes]","args":[{"selector":{"id":"application-manageresources-display-component---newResourceUnit--TYPE-arrow"},"wdio_ui5_key":"applicationmanageresources-display-component---newResourceUnit--TYPE-arrow"}]}
RESULT: undefined
COMMAND: POST /session/121b5910f067d4d1941a4df48d2c59fa/element - {"using":"xpath","value":"//*[@id=\"application-manageresources-display-component---newResourceUnit--TYPE-arrow\"]"}
RESULT: {"using":"xpath","value":"//*[@id=\"application-manageresources-display-component---newResourceUnit--TYPE-arrow\"]"}
COMMAND: POST /session/121b5910f067d4d1941a4df48d2c59fa/element/f.F80EBE20359F196FC2F6F7CC51ACB296.d.6806B44CB9E399663EEAC3235900602D.e.20670/click - {}
RESULT: {}
COMMAND: POST /session/121b5910f067d4d1941a4df48d2c59fa/element - {"using":"xpath","value":"//input[@id=\"application-manageresources-display-component---newResourceUnit--TYPE-inner\"]"}
COMMAND: GET /session/121b5910f067d4d1941a4df48d2c59fa/screenshot - {}
RESULT: {"using":"xpath","value":"//input[@id=\"application-manageresources-display-component---newResourceUnit--TYPE-inner\"]"}
COMMAND: POST /session/121b5910f067d4d1941a4df48d2c59fa/element/f.F80EBE20359F196FC2F6F7CC51ACB296.d.6806B44CB9E399663EEAC3235900602D.e.20661/clear - {}
RESULT: {}
RESULT: {}
COMMAND: POST /session/121b5910f067d4d1941a4df48d2c59fa/element/f.F80EBE20359F196FC2F6F7CC51ACB296.d.6806B44CB9E399663EEAC3235900602D.e.20661/value - {"text":"Equipment"}
COMMAND: GET /session/121b5910f067d4d1941a4df48d2c59fa/screenshot - {}
RESULT: {"text":"Equipment"}
COMMAND: GET /session/121b5910f067d4d1941a4df48d2c59fa/screenshot - {}
RESULT: {}
RESULT: {}
COMMAND: POST /session/121b5910f067d4d1941a4df48d2c59fa/actions - {"actions":[{"id":"action61","type":"key","parameters":{},"actions":[{"type":"keyDown","value":"î€‡"},{"type":"pause","duration":10},{"type":"keyUp","value":"î€‡"}]}]}
RESULT: {"actions":[{"id":"action61","type":"key","parameters":{},"actions":[{"type":"keyDown","value":"î€‡"},{"type":"pause","duration":10},{"type":"keyUp","value":"î€‡"}]}]}
COMMAND: POST /session/121b5910f067d4d1941a4df48d2c59fa/execute/async - {"script":"<script> [1562 bytes]","args":[{"selector":{"id":"application-manageresources-display-component---newResourceUnit--resourceId","interaction":{"idSuffix":"inner"}},"wdio_ui5_key":"applicationmanageresources-display-component---newResourceUnit--resourceId"}]}
COMMAND: GET /session/121b5910f067d4d1941a4df48d2c59fa/screenshot - {}
RESULT: {"script":"<script> [1562 bytes]","args":[{"selector":{"id":"application-manageresources-display-component---newResourceUnit--resourceId","interaction":{"idSuffix":"inner"}},"wdio_ui5_key":"applicationmanageresources-display-component---newResourceUnit--resourceId"}]}
RESULT: undefined
COMMAND: POST /session/121b5910f067d4d1941a4df48d2c59fa/execute/async - {"script":"<script> [776 bytes]","args":[{"enterText":"W9x98Ygcf2","selector":{"id":"application-manageresources-display-component---newResourceUnit--resourceId","interaction":{"idSuffix":"inner"}},"clearTextFirst":true,"interactionType":"ENTER_TEXT"}]}
RESULT: {}
RESULT: {"script":"<script> [776 bytes]","args":[{"enterText":"W9x98Ygcf2","selector":{"id":"application-manageresources-display-component---newResourceUnit--resourceId","interaction":{"idSuffix":"inner"}},"clearTextFirst":true,"interactionType":"ENTER_TEXT"}]}
COMMAND: POST /session/121b5910f067d4d1941a4df48d2c59fa/execute/async - {"script":"<script> [1562 bytes]","args":[{"selector":{"id":"application-manageresources-display-component---newResourceUnit--SHORT_TEXT","interaction":{"idSuffix":"inner"}},"wdio_ui5_key":"applicationmanageresources-display-component---newResourceUnit--SHORT_TEXT"}]}
RESULT: {"script":"<script> [1562 bytes]","args":[{"selector":{"id":"application-manageresources-display-component---newResourceUnit--SHORT_TEXT","interaction":{"idSuffix":"inner"}},"wdio_ui5_key":"applicationmanageresources-display-component---newResourceUnit--SHORT_TEXT"}]}
RESULT: undefined
COMMAND: POST /session/121b5910f067d4d1941a4df48d2c59fa/execute/async - {"script":"<script> [776 bytes]","args":[{"enterText":"Intercompany Equipment WDIO","selector":{"id":"application-manageresources-display-component---newResourceUnit--SHORT_TEXT","interaction":{"idSuffix":"inner"}},"clearTextFirst":true,"interactionType":"ENTER_TEXT"}]}
RESULT: {"script":"<script> [776 bytes]","args":[{"enterText":"Intercompany Equipment WDIO","selector":{"id":"application-manageresources-display-component---newResourceUnit--SHORT_TEXT","interaction":{"idSuffix":"inner"}},"clearTextFirst":true,"interactionType":"ENTER_TEXT"}]}
COMMAND: POST /session/121b5910f067d4d1941a4df48d2c59fa/execute/async - {"script":"<script> [1562 bytes]","args":[{"selector":{"id":"application-manageresources-display-component---newResourceUnit--BASE_UNIT_OF_MEASURE","interaction":{"idSuffix":"inner"}},"wdio_ui5_key":"applicationmanageresources-display-component---newResourceUnit--BASE_UNIT_OF_MEASURE"}]}
RESULT: {"script":"<script> [1562 bytes]","args":[{"selector":{"id":"application-manageresources-display-component---newResourceUnit--BASE_UNIT_OF_MEASURE","interaction":{"idSuffix":"inner"}},"wdio_ui5_key":"applicationmanageresources-display-component---newResourceUnit--BASE_UNIT_OF_MEASURE"}]}
RESULT: undefined
COMMAND: POST /session/121b5910f067d4d1941a4df48d2c59fa/execute/async - {"script":"<script> [776 bytes]","args":[{"enterText":"Piece","selector":{"id":"application-manageresources-display-component---newResourceUnit--BASE_UNIT_OF_MEASURE","interaction":{"idSuffix":"inner"}},"clearTextFirst":true,"interactionType":"ENTER_TEXT"}]}
RESULT: {"script":"<script> [776 bytes]","args":[{"enterText":"Piece","selector":{"id":"application-manageresources-display-component---newResourceUnit--BASE_UNIT_OF_MEASURE","interaction":{"idSuffix":"inner"}},"clearTextFirst":true,"interactionType":"ENTER_TEXT"}]}
COMMAND: POST /session/121b5910f067d4d1941a4df48d2c59fa/execute/async - {"script":"<script> [1562 bytes]","args":[{"selector":{"id":"application-manageresources-display-component---newResourceUnit--WEIGHT_UNIT","interaction":{"idSuffix":"inner"}},"wdio_ui5_key":"applicationmanageresources-display-component---newResourceUnit--WEIGHT_UNIT"}]}
RESULT: {"script":"<script> [1562 bytes]","args":[{"selector":{"id":"application-manageresources-display-component---newResourceUnit--WEIGHT_UNIT","interaction":{"idSuffix":"inner"}},"wdio_ui5_key":"applicationmanageresources-display-component---newResourceUnit--WEIGHT_UNIT"}]}
RESULT: undefined
COMMAND: POST /session/121b5910f067d4d1941a4df48d2c59fa/execute/async - {"script":"<script> [776 bytes]","args":[{"enterText":"Gram","selector":{"id":"application-manageresources-display-component---newResourceUnit--WEIGHT_UNIT","interaction":{"idSuffix":"inner"}},"clearTextFirst":true,"interactionType":"ENTER_TEXT"}]}
RESULT: {"script":"<script> [776 bytes]","args":[{"enterText":"Gram","selector":{"id":"application-manageresources-display-component---newResourceUnit--WEIGHT_UNIT","interaction":{"idSuffix":"inner"}},"clearTextFirst":true,"interactionType":"ENTER_TEXT"}]}
COMMAND: POST /session/121b5910f067d4d1941a4df48d2c59fa/execute/async - {"script":"<script> [1562 bytes]","args":[{"selector":{"id":"application-manageresources-display-component---newResourceUnit--DIMENSION_UNIT","interaction":{"idSuffix":"inner"}},"wdio_ui5_key":"applicationmanageresources-display-component---newResourceUnit--DIMENSION_UNIT"}]}
RESULT: {"script":"<script> [1562 bytes]","args":[{"selector":{"id":"application-manageresources-display-component---newResourceUnit--DIMENSION_UNIT","interaction":{"idSuffix":"inner"}},"wdio_ui5_key":"applicationmanageresources-display-component---newResourceUnit--DIMENSION_UNIT"}]}
RESULT: undefined
COMMAND: POST /session/121b5910f067d4d1941a4df48d2c59fa/execute/async - {"script":"<script> [776 bytes]","args":[{"enterText":"Meter","selector":{"id":"application-manageresources-display-component---newResourceUnit--DIMENSION_UNIT","interaction":{"idSuffix":"inner"}},"clearTextFirst":true,"interactionType":"ENTER_TEXT"}]}
RESULT: {"script":"<script> [776 bytes]","args":[{"enterText":"Meter","selector":{"id":"application-manageresources-display-component---newResourceUnit--DIMENSION_UNIT","interaction":{"idSuffix":"inner"}},"clearTextFirst":true,"interactionType":"ENTER_TEXT"}]}
COMMAND: POST /session/121b5910f067d4d1941a4df48d2c59fa/execute/async - {"script":"<script> [1562 bytes]","args":[{"selector":{"id":"application-manageresources-display-component---newResourceUnit--newRRUPage-anchBar-application-manageresources-display-component---newResourceUnit--control-anchor","interaction":{"idSuffix":"BDI-content"}},"wdio_ui5_key":"applicationmanageresources-display-component---newResourceUnit--newRRUPage-anchBar-application-manageresources-display-component---newResourceUnit--control-anchor"}]}
RESULT: {"script":"<script> [1562 bytes]","args":[{"selector":{"id":"application-manageresources-display-component---newResourceUnit--newRRUPage-anchBar-application-manageresources-display-component---newResourceUnit--control-anchor","interaction":{"idSuffix":"BDI-content"}},"wdio_ui5_key":"applicationmanageresources-display-component---newResourceUnit--newRRUPage-anchBar-application-manageresources-display-component---newResourceUnit--control-anchor"}]}
RESULT: undefined
COMMAND: POST /session/121b5910f067d4d1941a4df48d2c59fa/element - {"using":"xpath","value":"//*[@id=\"application-manageresources-display-component---newResourceUnit--newRRUPage-anchBar-application-manageresources-display-component---newResourceUnit--control-anchor\"]"}
RESULT: {"using":"xpath","value":"//*[@id=\"application-manageresources-display-component---newResourceUnit--newRRUPage-anchBar-application-manageresources-display-component---newResourceUnit--control-anchor\"]"}
COMMAND: POST /session/121b5910f067d4d1941a4df48d2c59fa/element/f.F80EBE20359F196FC2F6F7CC51ACB296.d.6806B44CB9E399663EEAC3235900602D.e.20801/click - {}
RESULT: {}
COMMAND: POST /session/121b5910f067d4d1941a4df48d2c59fa/execute/async - {"script":"<script> [1562 bytes]","args":[{"selector":{"id":"application-manageresources-display-component---newResourceUnit--PLANNING_GROUP","interaction":{"idSuffix":"inner"}},"wdio_ui5_key":"applicationmanageresources-display-component---newResourceUnit--PLANNING_GROUP"}]}
COMMAND: GET /session/121b5910f067d4d1941a4df48d2c59fa/screenshot - {}
RESULT: {"script":"<script> [1562 bytes]","args":[{"selector":{"id":"application-manageresources-display-component---newResourceUnit--PLANNING_GROUP","interaction":{"idSuffix":"inner"}},"wdio_ui5_key":"applicationmanageresources-display-component---newResourceUnit--PLANNING_GROUP"}]}
RESULT: undefined
COMMAND: POST /session/121b5910f067d4d1941a4df48d2c59fa/execute/async - {"script":"<script> [776 bytes]","args":[{"enterText":"Heavy Equi","selector":{"id":"application-manageresources-display-component---newResourceUnit--PLANNING_GROUP","interaction":{"idSuffix":"inner"}},"clearTextFirst":true,"interactionType":"ENTER_TEXT"}]}
RESULT: {}
RESULT: {"script":"<script> [776 bytes]","args":[{"enterText":"Heavy Equi","selector":{"id":"application-manageresources-display-component---newResourceUnit--PLANNING_GROUP","interaction":{"idSuffix":"inner"}},"clearTextFirst":true,"interactionType":"ENTER_TEXT"}]}
COMMAND: POST /session/121b5910f067d4d1941a4df48d2c59fa/execute/async - {"script":"<script> [1562 bytes]","args":[{"selector":{"id":"application-manageresources-display-component---newResourceUnit--ITEM_TYPE-arrow"},"wdio_ui5_key":"applicationmanageresources-display-component---newResourceUnit--ITEM_TYPE-arrow"}]}
RESULT: {"script":"<script> [1562 bytes]","args":[{"selector":{"id":"application-manageresources-display-component---newResourceUnit--ITEM_TYPE-arrow"},"wdio_ui5_key":"applicationmanageresources-display-component---newResourceUnit--ITEM_TYPE-arrow"}]}
RESULT: undefined
COMMAND: POST /session/121b5910f067d4d1941a4df48d2c59fa/element - {"using":"xpath","value":"//*[@id=\"application-manageresources-display-component---newResourceUnit--ITEM_TYPE-arrow\"]"}
RESULT: {"using":"xpath","value":"//*[@id=\"application-manageresources-display-component---newResourceUnit--ITEM_TYPE-arrow\"]"}
COMMAND: POST /session/121b5910f067d4d1941a4df48d2c59fa/element/f.F80EBE20359F196FC2F6F7CC51ACB296.d.6806B44CB9E399663EEAC3235900602D.e.20808/click - {}
RESULT: {}
COMMAND: POST /session/121b5910f067d4d1941a4df48d2c59fa/element - {"using":"xpath","value":"(//span[contains(text(), \"Resource Unit\")])[2]"}
COMMAND: GET /session/121b5910f067d4d1941a4df48d2c59fa/screenshot - {}
RESULT: {"using":"xpath","value":"(//span[contains(text(), \"Resource Unit\")])[2]"}
COMMAND: POST /session/121b5910f067d4d1941a4df48d2c59fa/element/f.F80EBE20359F196FC2F6F7CC51ACB296.d.6806B44CB9E399663EEAC3235900602D.e.20809/click - {}
RESULT: {}
RESULT: {}
COMMAND: GET /session/121b5910f067d4d1941a4df48d2c59fa/screenshot - {}
RESULT: {}
COMMAND: POST /session/121b5910f067d4d1941a4df48d2c59fa/element - {"using":"css selector","value":"#application-manageresources-display-component---newResourceUnit--btnAddTimeSegment"}
RESULT: {"using":"css selector","value":"#application-manageresources-display-component---newResourceUnit--btnAddTimeSegment"}
COMMAND: GET /session/121b5910f067d4d1941a4df48d2c59fa/element/f.F80EBE20359F196FC2F6F7CC51ACB296.d.6806B44CB9E399663EEAC3235900602D.e.20810/rect - {}
RESULT: {}
COMMAND: GET /session/121b5910f067d4d1941a4df48d2c59fa/window/rect - {}
RESULT: {}
COMMAND: POST /session/121b5910f067d4d1941a4df48d2c59fa/execute/sync - {"script":"<script> [92 bytes]","args":[]}
RESULT: {"script":"<script> [92 bytes]","args":[]}
COMMAND: POST /session/121b5910f067d4d1941a4df48d2c59fa/actions - {"actions":[{"id":"action62","type":"wheel","parameters":{},"actions":[{"type":"scroll","x":-1888,"y":-32,"deltaX":0,"deltaY":0,"duration":0,"origin":{"element-6066-11e4-a52e-4f735466cecf":"f.F80EBE20359F196FC2F6F7CC51ACB296.d.6806B44CB9E399663EEAC3235900602D.e.20810"}}]}]}
COMMAND: GET /session/121b5910f067d4d1941a4df48d2c59fa/screenshot - {}
RESULT: {}
COMMAND: POST /session/121b5910f067d4d1941a4df48d2c59fa/execute/sync - {"script":"<script> [79 bytes]","args":[{"element-6066-11e4-a52e-4f735466cecf":"f.F80EBE20359F196FC2F6F7CC51ACB296.d.6806B44CB9E399663EEAC3235900602D.e.20810","ELEMENT":"f.F80EBE20359F196FC2F6F7CC51ACB296.d.6806B44CB9E399663EEAC3235900602D.e.20810"},{"block":"start","inline":"nearest"}]}
RESULT: {"script":"<script> [79 bytes]","args":[{"element-6066-11e4-a52e-4f735466cecf":"f.F80EBE20359F196FC2F6F7CC51ACB296.d.6806B44CB9E399663EEAC3235900602D.e.20810","ELEMENT":"f.F80EBE20359F196FC2F6F7CC51ACB296.d.6806B44CB9E399663EEAC3235900602D.e.20810"},{"block":"start","inline":"nearest"}]}
COMMAND: POST /session/121b5910f067d4d1941a4df48d2c59fa/execute/async - {"script":"<script> [1562 bytes]","args":[{"selector":{"id":"application-manageresources-display-component---newResourceUnit--btnAddTimeSegment","interaction":{"idSuffix":"inner"}},"wdio_ui5_key":"applicationmanageresources-display-component---newResourceUnit--btnAddTimeSegment"}]}
COMMAND: GET /session/121b5910f067d4d1941a4df48d2c59fa/screenshot - {}
RESULT: {"script":"<script> [1562 bytes]","args":[{"selector":{"id":"application-manageresources-display-component---newResourceUnit--btnAddTimeSegment","interaction":{"idSuffix":"inner"}},"wdio_ui5_key":"applicationmanageresources-display-component---newResourceUnit--btnAddTimeSegment"}]}
RESULT: undefined
COMMAND: POST /session/121b5910f067d4d1941a4df48d2c59fa/element - {"using":"xpath","value":"//*[@id=\"application-manageresources-display-component---newResourceUnit--btnAddTimeSegment\"]"}
RESULT: {}
RESULT: {"using":"xpath","value":"//*[@id=\"application-manageresources-display-component---newResourceUnit--btnAddTimeSegment\"]"}
COMMAND: POST /session/121b5910f067d4d1941a4df48d2c59fa/element/f.F80EBE20359F196FC2F6F7CC51ACB296.d.6806B44CB9E399663EEAC3235900602D.e.20810/click - {}
RESULT: {}
COMMAND: GET /session/121b5910f067d4d1941a4df48d2c59fa/screenshot - {}
RESULT: {}
COMMAND: POST /session/121b5910f067d4d1941a4df48d2c59fa/element - {"using":"xpath","value":"//input[@id=\"application-manageresources-display-component---newResourceUnit--idRuTSAdmin-application-manageresources-display-component---newResourceUnit--RUTimeSegment-0-inner\"]"}
RESULT: {"using":"xpath","value":"//input[@id=\"application-manageresources-display-component---newResourceUnit--idRuTSAdmin-application-manageresources-display-component---newResourceUnit--RUTimeSegment-0-inner\"]"}
COMMAND: POST /session/121b5910f067d4d1941a4df48d2c59fa/element/f.F80EBE20359F196FC2F6F7CC51ACB296.d.6806B44CB9E399663EEAC3235900602D.e.20816/clear - {}
RESULT: {}
COMMAND: POST /session/121b5910f067d4d1941a4df48d2c59fa/element/f.F80EBE20359F196FC2F6F7CC51ACB296.d.6806B44CB9E399663EEAC3235900602D.e.20816/value - {"text":"438"}
COMMAND: GET /session/121b5910f067d4d1941a4df48d2c59fa/screenshot - {}
RESULT: {"text":"438"}
COMMAND: GET /session/121b5910f067d4d1941a4df48d2c59fa/screenshot - {}
RESULT: {}
RESULT: {}
COMMAND: POST /session/121b5910f067d4d1941a4df48d2c59fa/element - {"using":"xpath","value":"//li[.//span[text()='438']]"}
RESULT: {"using":"xpath","value":"//li[.//span[text()='438']]"}
COMMAND: POST /session/121b5910f067d4d1941a4df48d2c59fa/element/f.F80EBE20359F196FC2F6F7CC51ACB296.d.6806B44CB9E399663EEAC3235900602D.e.20828/click - {}
RESULT: {}
COMMAND: GET /session/121b5910f067d4d1941a4df48d2c59fa/screenshot - {}
RESULT: {}
COMMAND: POST /session/121b5910f067d4d1941a4df48d2c59fa/element - {"using":"xpath","value":"(//span[contains(@id, \"-application-manageresources-display-component---newResourceUnit--RUTimeSegment-0-arrow\")])[6]"}
RESULT: {"using":"xpath","value":"(//span[contains(@id, \"-application-manageresources-display-component---newResourceUnit--RUTimeSegment-0-arrow\")])[6]"}
COMMAND: POST /session/121b5910f067d4d1941a4df48d2c59fa/element/f.F80EBE20359F196FC2F6F7CC51ACB296.d.6806B44CB9E399663EEAC3235900602D.e.20829/click - {}
RESULT: {}
COMMAND: GET /session/121b5910f067d4d1941a4df48d2c59fa/screenshot - {}
RESULT: {}
COMMAND: POST /session/121b5910f067d4d1941a4df48d2c59fa/element - {"using":"xpath","value":"//span[contains(text(), \"PM Order\")]"}
RESULT: {"using":"xpath","value":"//span[contains(text(), \"PM Order\")]"}
COMMAND: POST /session/121b5910f067d4d1941a4df48d2c59fa/element/f.F80EBE20359F196FC2F6F7CC51ACB296.d.6806B44CB9E399663EEAC3235900602D.e.20832/click - {}
RESULT: {}
COMMAND: GET /session/121b5910f067d4d1941a4df48d2c59fa/screenshot - {}
RESULT: {}
COMMAND: POST /session/121b5910f067d4d1941a4df48d2c59fa/element - {"using":"xpath","value":"(//span[contains(@id ,\"manageresources-display-component---newResourceUnit--RUTimeSegment-0-vhi\")])[1]"}
RESULT: {"using":"xpath","value":"(//span[contains(@id ,\"manageresources-display-component---newResourceUnit--RUTimeSegment-0-vhi\")])[1]"}
COMMAND: GET /session/121b5910f067d4d1941a4df48d2c59fa/element/f.F80EBE20359F196FC2F6F7CC51ACB296.d.6806B44CB9E399663EEAC3235900602D.e.20836/rect - {}
RESULT: {}
COMMAND: GET /session/121b5910f067d4d1941a4df48d2c59fa/window/rect - {}
RESULT: {}
COMMAND: POST /session/121b5910f067d4d1941a4df48d2c59fa/execute/sync - {"script":"<script> [92 bytes]","args":[]}
RESULT: {"script":"<script> [92 bytes]","args":[]}
COMMAND: POST /session/121b5910f067d4d1941a4df48d2c59fa/actions - {"actions":[{"id":"action63","type":"wheel","parameters":{},"actions":[{"type":"scroll","x":-869,"y":-24,"deltaX":0,"deltaY":0,"duration":0,"origin":{"element-6066-11e4-a52e-4f735466cecf":"f.F80EBE20359F196FC2F6F7CC51ACB296.d.6806B44CB9E399663EEAC3235900602D.e.20836"}}]}]}
COMMAND: GET /session/121b5910f067d4d1941a4df48d2c59fa/screenshot - {}
RESULT: {"actions":[{"id":"action63","type":"wheel","parameters":{},"actions":[{"type":"scroll","x":-869,"y":-24,"deltaX":0,"deltaY":0,"duration":0,"origin":{"element-6066-11e4-a52e-4f735466cecf":"f.F80EBE20359F196FC2F6F7CC51ACB296.d.6806B44CB9E399663EEAC3235900602D.e.20836"}}]}]}
COMMAND: DELETE /session/121b5910f067d4d1941a4df48d2c59fa/actions - {}
COMMAND: GET /session/121b5910f067d4d1941a4df48d2c59fa/screenshot - {}
RESULT: {}
RESULT: {}
COMMAND: GET /session/121b5910f067d4d1941a4df48d2c59fa/screenshot - {}
RESULT: {}
RESULT: {}
COMMAND: POST /session/121b5910f067d4d1941a4df48d2c59fa/element/f.F80EBE20359F196FC2F6F7CC51ACB296.d.6806B44CB9E399663EEAC3235900602D.e.20836/click - {}
RESULT: {}
COMMAND: GET /session/121b5910f067d4d1941a4df48d2c59fa/screenshot - {}
RESULT: {}
RESULT: undefined
COMMAND: POST /session/121b5910f067d4d1941a4df48d2c59fa/execute/async - {"script":"<script> [776 bytes]","args":[{"enterText":"4000360","selector":{"controlType":"sap.m.SearchField","properties":{"placeholder":"Search"},"searchOpenDialogs":true,"interaction":{"idSuffix":"I"}},"clearTextFirst":true,"interactionType":"ENTER_TEXT"}]}
RESULT: {"script":"<script> [776 bytes]","args":[{"enterText":"4000360","selector":{"controlType":"sap.m.SearchField","properties":{"placeholder":"Search"},"searchOpenDialogs":true,"interaction":{"idSuffix":"I"}},"clearTextFirst":true,"interactionType":"ENTER_TEXT"}]}
COMMAND: POST /session/121b5910f067d4d1941a4df48d2c59fa/actions - {"actions":[{"id":"action64","type":"key","parameters":{},"actions":[{"type":"keyDown","value":"î€‡"},{"type":"pause","duration":10},{"type":"keyUp","value":"î€‡"}]}]}
RESULT: {"actions":[{"id":"action64","type":"key","parameters":{},"actions":[{"type":"keyDown","value":"î€‡"},{"type":"pause","duration":10},{"type":"keyUp","value":"î€‡"}]}]}
COMMAND: GET /session/121b5910f067d4d1941a4df48d2c59fa/screenshot - {}
RESULT: {}
COMMAND: POST /session/121b5910f067d4d1941a4df48d2c59fa/element - {"using":"xpath","value":"//td/div/span[contains(text(), \"BGL Vehicles\")]"}
RESULT: {"using":"xpath","value":"//td/div/span[contains(text(), \"BGL Vehicles\")]"}
COMMAND: POST /session/121b5910f067d4d1941a4df48d2c59fa/element/f.F80EBE20359F196FC2F6F7CC51ACB296.d.6806B44CB9E399663EEAC3235900602D.e.20856/click - {}
RESULT: {}
COMMAND: GET /session/121b5910f067d4d1941a4df48d2c59fa/screenshot - {}
RESULT: {}
COMMAND: POST /session/121b5910f067d4d1941a4df48d2c59fa/element - {"using":"xpath","value":"//bdi[contains(text(), \"OK\")]"}
RESULT: {"using":"xpath","value":"//bdi[contains(text(), \"OK\")]"}
COMMAND: POST /session/121b5910f067d4d1941a4df48d2c59fa/element/f.F80EBE20359F196FC2F6F7CC51ACB296.d.6806B44CB9E399663EEAC3235900602D.e.20857/click - {}
RESULT: {}
COMMAND: GET /session/121b5910f067d4d1941a4df48d2c59fa/screenshot - {}
RESULT: {}
COMMAND: POST /session/121b5910f067d4d1941a4df48d2c59fa/execute/async - {"script":"<script> [1562 bytes]","args":[{"selector":{"id":"application-manageresources-display-component---newResourceUnit--newRRUPage-anchBar-application-manageresources-display-component---newResourceUnit--resource-anchor","interaction":{"idSuffix":"BDI-content"}},"wdio_ui5_key":"applicationmanageresources-display-component---newResourceUnit--newRRUPage-anchBar-application-manageresources-display-component---newResourceUnit--resource-anchor"}]}
RESULT: {"script":"<script> [1562 bytes]","args":[{"selector":{"id":"application-manageresources-display-component---newResourceUnit--newRRUPage-anchBar-application-manageresources-display-component---newResourceUnit--resource-anchor","interaction":{"idSuffix":"BDI-content"}},"wdio_ui5_key":"applicationmanageresources-display-component---newResourceUnit--newRRUPage-anchBar-application-manageresources-display-component---newResourceUnit--resource-anchor"}]}
RESULT: undefined
COMMAND: POST /session/121b5910f067d4d1941a4df48d2c59fa/element - {"using":"xpath","value":"//*[@id=\"application-manageresources-display-component---newResourceUnit--newRRUPage-anchBar-application-manageresources-display-component---newResourceUnit--resource-anchor\"]"}
RESULT: {"using":"xpath","value":"//*[@id=\"application-manageresources-display-component---newResourceUnit--newRRUPage-anchBar-application-manageresources-display-component---newResourceUnit--resource-anchor\"]"}
COMMAND: POST /session/121b5910f067d4d1941a4df48d2c59fa/element/f.F80EBE20359F196FC2F6F7CC51ACB296.d.6806B44CB9E399663EEAC3235900602D.e.20861/click - {}
RESULT: {}
COMMAND: POST /session/121b5910f067d4d1941a4df48d2c59fa/execute/async - {"script":"<script> [1562 bytes]","args":[{"selector":{"id":"application-manageresources-display-component---newResourceUnit--PLANNED_DELIVERY_DATE","interaction":{"idSuffix":"inner"}},"wdio_ui5_key":"applicationmanageresources-display-component---newResourceUnit--PLANNED_DELIVERY_DATE"}]}
COMMAND: GET /session/121b5910f067d4d1941a4df48d2c59fa/screenshot - {}
RESULT: {}
RESULT: {"script":"<script> [1562 bytes]","args":[{"selector":{"id":"application-manageresources-display-component---newResourceUnit--PLANNED_DELIVERY_DATE","interaction":{"idSuffix":"inner"}},"wdio_ui5_key":"applicationmanageresources-display-component---newResourceUnit--PLANNED_DELIVERY_DATE"}]}
RESULT: undefined
COMMAND: POST /session/121b5910f067d4d1941a4df48d2c59fa/execute/async - {"script":"<script> [6424 bytes]","args":[{"element-6066-11e4-a52e-4f735466cecf":"f.F80EBE20359F196FC2F6F7CC51ACB296.d.6806B44CB9E399663EEAC3235900602D.e.20725"},"setValue",["5/16/25"]]}
RESULT: {"script":"<script> [6424 bytes]","args":[{"element-6066-11e4-a52e-4f735466cecf":"f.F80EBE20359F196FC2F6F7CC51ACB296.d.6806B44CB9E399663EEAC3235900602D.e.20725"},"setValue",["5/16/25"]]}
COMMAND: POST /session/121b5910f067d4d1941a4df48d2c59fa/element - {"using":"xpath","value":"//label[contains(@class, 'sapMLabelRequired') and .//bdi[contains(text(), 'Planned Retirement')]]"}
RESULT: {"using":"xpath","value":"//label[contains(@class, 'sapMLabelRequired') and .//bdi[contains(text(), 'Planned Retirement')]]"}
COMMAND: POST /session/121b5910f067d4d1941a4df48d2c59fa/elements - {"using":"xpath","value":"//label[contains(@class, 'sapMLabelRequired') and .//bdi[contains(text(), 'Planned Retirement')]]"}
RESULT: {"using":"xpath","value":"//label[contains(@class, 'sapMLabelRequired') and .//bdi[contains(text(), 'Planned Retirement')]]"}
COMMAND: POST /session/121b5910f067d4d1941a4df48d2c59fa/element - {"using":"xpath","value":"//button[@data-kt=\"resourceUnitSaveButton\"]"}
RESULT: {"using":"xpath","value":"//button[@data-kt=\"resourceUnitSaveButton\"]"}
COMMAND: POST /session/121b5910f067d4d1941a4df48d2c59fa/element/f.F80EBE20359F196FC2F6F7CC51ACB296.d.6806B44CB9E399663EEAC3235900602D.e.20686/click - {}
RESULT: {}
COMMAND: GET /session/121b5910f067d4d1941a4df48d2c59fa/screenshot - {}
RESULT: {}
COMMAND: POST /session/121b5910f067d4d1941a4df48d2c59fa/element - {"using":"xpath","value":"//bdi[contains(text(), \"Close\")]"}
RESULT: {"using":"xpath","value":"//bdi[contains(text(), \"Close\")]"}
COMMAND: POST /session/121b5910f067d4d1941a4df48d2c59fa/element/f.F80EBE20359F196FC2F6F7CC51ACB296.d.6806B44CB9E399663EEAC3235900602D.e.20871/click - {}
RESULT: {}
COMMAND: GET /session/121b5910f067d4d1941a4df48d2c59fa/screenshot - {}
RESULT: {}
COMMAND: POST /session/121b5910f067d4d1941a4df48d2c59fa/element - {"using":"xpath","value":"(//button[contains(@id ,\"actionsToolbar-overflowButton\")])[1]"}
RESULT: {"using":"xpath","value":"(//button[contains(@id ,\"actionsToolbar-overflowButton\")])[1]"}
COMMAND: POST /session/121b5910f067d4d1941a4df48d2c59fa/element/f.F80EBE20359F196FC2F6F7CC51ACB296.d.6806B44CB9E399663EEAC3235900602D.e.20928/click - {}
RESULT: {}
COMMAND: GET /session/121b5910f067d4d1941a4df48d2c59fa/screenshot - {}
RESULT: {}
COMMAND: POST /session/121b5910f067d4d1941a4df48d2c59fa/element - {"using":"xpath","value":"//button[@data-kt=\"priceInfoButton\"]"}
RESULT: {"using":"xpath","value":"//button[@data-kt=\"priceInfoButton\"]"}
COMMAND: POST /session/121b5910f067d4d1941a4df48d2c59fa/element/f.F80EBE20359F196FC2F6F7CC51ACB296.d.6806B44CB9E399663EEAC3235900602D.e.20930/click - {}
RESULT: {}
COMMAND: GET /session/121b5910f067d4d1941a4df48d2c59fa/screenshot - {}
RESULT: {}
COMMAND: POST /session/121b5910f067d4d1941a4df48d2c59fa/element - {"using":"css selector","value":"#shell-header-logo"}
RESULT: {"using":"css selector","value":"#shell-header-logo"}
COMMAND: POST /session/121b5910f067d4d1941a4df48d2c59fa/element/f.F80EBE20359F196FC2F6F7CC51ACB296.d.6806B44CB9E399663EEAC3235900602D.e.20282/click - {}
RESULT: {}
COMMAND: GET /session/121b5910f067d4d1941a4df48d2c59fa/screenshot - {}
RESULT: {}
]]></system-out>
    </testcase>
    <testcase classname="chrome.136_0_7103_93.windows.Transfer_Yard_to_Yard_US131076" name="Prereq Should create a new equipment multipart" time="119.301">
      <system-out><![CDATA[
RESULT: undefined
COMMAND: POST /session/121b5910f067d4d1941a4df48d2c59fa/element - {"using":"xpath","value":"//*[@id=\"__tile31\"]"}
RESULT: {"using":"xpath","value":"//*[@id=\"__tile31\"]"}
COMMAND: POST /session/121b5910f067d4d1941a4df48d2c59fa/element/f.F80EBE20359F196FC2F6F7CC51ACB296.d.6806B44CB9E399663EEAC3235900602D.e.19434/click - {}
RESULT: {}
COMMAND: GET /session/121b5910f067d4d1941a4df48d2c59fa/screenshot - {}
COMMAND: POST /session/121b5910f067d4d1941a4df48d2c59fa/elements - {"using":"xpath","value":"//span[text()='Error']"}
RESULT: {}
RESULT: {"using":"xpath","value":"//span[text()='Error']"}
COMMAND: POST /session/121b5910f067d4d1941a4df48d2c59fa/element - {"using":"xpath","value":"//button[@data-kt=\"addNewRUOverflowToolbarButton\"]"}
RESULT: {"using":"xpath","value":"//button[@data-kt=\"addNewRUOverflowToolbarButton\"]"}
COMMAND: POST /session/121b5910f067d4d1941a4df48d2c59fa/elements - {"using":"xpath","value":"//button[@data-kt=\"addNewRUOverflowToolbarButton\"]"}
RESULT: {"using":"xpath","value":"//button[@data-kt=\"addNewRUOverflowToolbarButton\"]"}
COMMAND: POST /session/121b5910f067d4d1941a4df48d2c59fa/execute/sync - {"script":"<script> [8489 bytes]","args":[{"element-6066-11e4-a52e-4f735466cecf":"f.F80EBE20359F196FC2F6F7CC51ACB296.d.6806B44CB9E399663EEAC3235900602D.e.21111","ELEMENT":"f.F80EBE20359F196FC2F6F7CC51ACB296.d.6806B44CB9E399663EEAC3235900602D.e.21111"}]}
RESULT: {"script":"<script> [8489 bytes]","args":[{"element-6066-11e4-a52e-4f735466cecf":"f.F80EBE20359F196FC2F6F7CC51ACB296.d.6806B44CB9E399663EEAC3235900602D.e.21111","ELEMENT":"f.F80EBE20359F196FC2F6F7CC51ACB296.d.6806B44CB9E399663EEAC3235900602D.e.21111"}]}
COMMAND: GET /session/121b5910f067d4d1941a4df48d2c59fa/element/f.F80EBE20359F196FC2F6F7CC51ACB296.d.6806B44CB9E399663EEAC3235900602D.e.21111/enabled - {}
COMMAND: GET /session/121b5910f067d4d1941a4df48d2c59fa/screenshot - {}
RESULT: {}
COMMAND: POST /session/121b5910f067d4d1941a4df48d2c59fa/execute/sync - {"script":"<script> [8489 bytes]","args":[{"element-6066-11e4-a52e-4f735466cecf":"f.F80EBE20359F196FC2F6F7CC51ACB296.d.6806B44CB9E399663EEAC3235900602D.e.21111","ELEMENT":"f.F80EBE20359F196FC2F6F7CC51ACB296.d.6806B44CB9E399663EEAC3235900602D.e.21111"}]}
COMMAND: GET /session/121b5910f067d4d1941a4df48d2c59fa/screenshot - {}
RESULT: {}
RESULT: {"script":"<script> [8489 bytes]","args":[{"element-6066-11e4-a52e-4f735466cecf":"f.F80EBE20359F196FC2F6F7CC51ACB296.d.6806B44CB9E399663EEAC3235900602D.e.21111","ELEMENT":"f.F80EBE20359F196FC2F6F7CC51ACB296.d.6806B44CB9E399663EEAC3235900602D.e.21111"}]}
COMMAND: POST /session/121b5910f067d4d1941a4df48d2c59fa/execute/sync - {"script":"<script> [5351 bytes]","args":[{"element-6066-11e4-a52e-4f735466cecf":"f.F80EBE20359F196FC2F6F7CC51ACB296.d.6806B44CB9E399663EEAC3235900602D.e.21111","ELEMENT":"f.F80EBE20359F196FC2F6F7CC51ACB296.d.6806B44CB9E399663EEAC3235900602D.e.21111"}]}
COMMAND: GET /session/121b5910f067d4d1941a4df48d2c59fa/screenshot - {}
RESULT: {}
RESULT: {"script":"<script> [5351 bytes]","args":[{"element-6066-11e4-a52e-4f735466cecf":"f.F80EBE20359F196FC2F6F7CC51ACB296.d.6806B44CB9E399663EEAC3235900602D.e.21111","ELEMENT":"f.F80EBE20359F196FC2F6F7CC51ACB296.d.6806B44CB9E399663EEAC3235900602D.e.21111"}]}
COMMAND: POST /session/121b5910f067d4d1941a4df48d2c59fa/element/f.F80EBE20359F196FC2F6F7CC51ACB296.d.6806B44CB9E399663EEAC3235900602D.e.21111/click - {}
COMMAND: GET /session/121b5910f067d4d1941a4df48d2c59fa/screenshot - {}
RESULT: {}
RESULT: {}
COMMAND: GET /session/121b5910f067d4d1941a4df48d2c59fa/screenshot - {}
RESULT: {}
RESULT: undefined
COMMAND: POST /session/121b5910f067d4d1941a4df48d2c59fa/element - {"using":"xpath","value":"//*[@id=\"application-manageresources-display-component---newResourceUnit--TYPE-arrow\"]"}
RESULT: {}
RESULT: {"using":"xpath","value":"//*[@id=\"application-manageresources-display-component---newResourceUnit--TYPE-arrow\"]"}
COMMAND: POST /session/121b5910f067d4d1941a4df48d2c59fa/element/f.F80EBE20359F196FC2F6F7CC51ACB296.d.6806B44CB9E399663EEAC3235900602D.e.21354/click - {}
RESULT: {}
COMMAND: POST /session/121b5910f067d4d1941a4df48d2c59fa/element - {"using":"xpath","value":"//input[@id=\"application-manageresources-display-component---newResourceUnit--TYPE-inner\"]"}
COMMAND: GET /session/121b5910f067d4d1941a4df48d2c59fa/screenshot - {}
RESULT: {"using":"xpath","value":"//input[@id=\"application-manageresources-display-component---newResourceUnit--TYPE-inner\"]"}
COMMAND: POST /session/121b5910f067d4d1941a4df48d2c59fa/element/f.F80EBE20359F196FC2F6F7CC51ACB296.d.6806B44CB9E399663EEAC3235900602D.e.21304/clear - {}
RESULT: {}
RESULT: {}
COMMAND: POST /session/121b5910f067d4d1941a4df48d2c59fa/element/f.F80EBE20359F196FC2F6F7CC51ACB296.d.6806B44CB9E399663EEAC3235900602D.e.21304/value - {"text":"Equi Multipart"}
COMMAND: GET /session/121b5910f067d4d1941a4df48d2c59fa/screenshot - {}
RESULT: {"text":"Equi Multipart"}
COMMAND: GET /session/121b5910f067d4d1941a4df48d2c59fa/screenshot - {}
RESULT: {}
RESULT: {}
COMMAND: POST /session/121b5910f067d4d1941a4df48d2c59fa/actions - {"actions":[{"id":"action65","type":"key","parameters":{},"actions":[{"type":"keyDown","value":"î€‡"},{"type":"pause","duration":10},{"type":"keyUp","value":"î€‡"}]}]}
RESULT: {"actions":[{"id":"action65","type":"key","parameters":{},"actions":[{"type":"keyDown","value":"î€‡"},{"type":"pause","duration":10},{"type":"keyUp","value":"î€‡"}]}]}
RESULT: undefined
COMMAND: POST /session/121b5910f067d4d1941a4df48d2c59fa/execute/async - {"script":"<script> [776 bytes]","args":[{"enterText":"Equipment Multipart WDIO","selector":{"id":"application-manageresources-display-component---newResourceUnit--SHORT_TEXT","interaction":{"idSuffix":"inner"}},"clearTextFirst":true,"interactionType":"ENTER_TEXT"}]}
COMMAND: GET /session/121b5910f067d4d1941a4df48d2c59fa/screenshot - {}
RESULT: {"script":"<script> [776 bytes]","args":[{"enterText":"Equipment Multipart WDIO","selector":{"id":"application-manageresources-display-component---newResourceUnit--SHORT_TEXT","interaction":{"idSuffix":"inner"}},"clearTextFirst":true,"interactionType":"ENTER_TEXT"}]}
RESULT: undefined
COMMAND: POST /session/121b5910f067d4d1941a4df48d2c59fa/execute/async - {"script":"<script> [776 bytes]","args":[{"enterText":"Piece","selector":{"id":"application-manageresources-display-component---newResourceUnit--BASE_UNIT_OF_MEASURE","interaction":{"idSuffix":"inner"}},"clearTextFirst":true,"interactionType":"ENTER_TEXT"}]}
RESULT: {}
RESULT: {"script":"<script> [776 bytes]","args":[{"enterText":"Piece","selector":{"id":"application-manageresources-display-component---newResourceUnit--BASE_UNIT_OF_MEASURE","interaction":{"idSuffix":"inner"}},"clearTextFirst":true,"interactionType":"ENTER_TEXT"}]}
RESULT: undefined
COMMAND: POST /session/121b5910f067d4d1941a4df48d2c59fa/execute/async - {"script":"<script> [776 bytes]","args":[{"enterText":"Gram","selector":{"id":"application-manageresources-display-component---newResourceUnit--WEIGHT_UNIT","interaction":{"idSuffix":"inner"}},"clearTextFirst":true,"interactionType":"ENTER_TEXT"}]}
RESULT: {"script":"<script> [776 bytes]","args":[{"enterText":"Gram","selector":{"id":"application-manageresources-display-component---newResourceUnit--WEIGHT_UNIT","interaction":{"idSuffix":"inner"}},"clearTextFirst":true,"interactionType":"ENTER_TEXT"}]}
RESULT: undefined
COMMAND: POST /session/121b5910f067d4d1941a4df48d2c59fa/execute/async - {"script":"<script> [776 bytes]","args":[{"enterText":"Meter","selector":{"id":"application-manageresources-display-component---newResourceUnit--DIMENSION_UNIT","interaction":{"idSuffix":"inner"}},"clearTextFirst":true,"interactionType":"ENTER_TEXT"}]}
RESULT: {"script":"<script> [776 bytes]","args":[{"enterText":"Meter","selector":{"id":"application-manageresources-display-component---newResourceUnit--DIMENSION_UNIT","interaction":{"idSuffix":"inner"}},"clearTextFirst":true,"interactionType":"ENTER_TEXT"}]}
RESULT: undefined
COMMAND: POST /session/121b5910f067d4d1941a4df48d2c59fa/element - {"using":"xpath","value":"//*[@id=\"application-manageresources-display-component---newResourceUnit--newRRUPage-anchBar-application-manageresources-display-component---newResourceUnit--control-anchor\"]"}
RESULT: {"using":"xpath","value":"//*[@id=\"application-manageresources-display-component---newResourceUnit--newRRUPage-anchBar-application-manageresources-display-component---newResourceUnit--control-anchor\"]"}
COMMAND: POST /session/121b5910f067d4d1941a4df48d2c59fa/element/f.F80EBE20359F196FC2F6F7CC51ACB296.d.6806B44CB9E399663EEAC3235900602D.e.21417/click - {}
RESULT: {}
RESULT: undefined
COMMAND: POST /session/121b5910f067d4d1941a4df48d2c59fa/execute/async - {"script":"<script> [776 bytes]","args":[{"enterText":"Heavy Equi","selector":{"id":"application-manageresources-display-component---newResourceUnit--PLANNING_GROUP","interaction":{"idSuffix":"inner"}},"clearTextFirst":true,"interactionType":"ENTER_TEXT"}]}
COMMAND: GET /session/121b5910f067d4d1941a4df48d2c59fa/screenshot - {}
RESULT: {"script":"<script> [776 bytes]","args":[{"enterText":"Heavy Equi","selector":{"id":"application-manageresources-display-component---newResourceUnit--PLANNING_GROUP","interaction":{"idSuffix":"inner"}},"clearTextFirst":true,"interactionType":"ENTER_TEXT"}]}
RESULT: {}
COMMAND: POST /session/121b5910f067d4d1941a4df48d2c59fa/execute/async - {"script":"<script> [1562 bytes]","args":[{"selector":{"id":"application-manageresources-display-component---newResourceUnit--PLANNING_INDICATOR","interaction":{"idSuffix":"inner"}},"wdio_ui5_key":"applicationmanageresources-display-component---newResourceUnit--PLANNING_INDICATOR"}]}
RESULT: {"script":"<script> [1562 bytes]","args":[{"selector":{"id":"application-manageresources-display-component---newResourceUnit--PLANNING_INDICATOR","interaction":{"idSuffix":"inner"}},"wdio_ui5_key":"applicationmanageresources-display-component---newResourceUnit--PLANNING_INDICATOR"}]}
RESULT: undefined
COMMAND: POST /session/121b5910f067d4d1941a4df48d2c59fa/execute/async - {"script":"<script> [776 bytes]","args":[{"enterText":"10 - infinite","selector":{"id":"application-manageresources-display-component---newResourceUnit--PLANNING_INDICATOR","interaction":{"idSuffix":"inner"}},"clearTextFirst":true,"interactionType":"ENTER_TEXT"}]}
RESULT: {"script":"<script> [776 bytes]","args":[{"enterText":"10 - infinite","selector":{"id":"application-manageresources-display-component---newResourceUnit--PLANNING_INDICATOR","interaction":{"idSuffix":"inner"}},"clearTextFirst":true,"interactionType":"ENTER_TEXT"}]}
RESULT: undefined
COMMAND: POST /session/121b5910f067d4d1941a4df48d2c59fa/element - {"using":"xpath","value":"//*[@id=\"application-manageresources-display-component---newResourceUnit--ITEM_TYPE-arrow\"]"}
RESULT: {"using":"xpath","value":"//*[@id=\"application-manageresources-display-component---newResourceUnit--ITEM_TYPE-arrow\"]"}
COMMAND: POST /session/121b5910f067d4d1941a4df48d2c59fa/element/f.F80EBE20359F196FC2F6F7CC51ACB296.d.6806B44CB9E399663EEAC3235900602D.e.21424/click - {}
RESULT: {}
COMMAND: GET /session/121b5910f067d4d1941a4df48d2c59fa/screenshot - {}
RESULT: {}
COMMAND: POST /session/121b5910f067d4d1941a4df48d2c59fa/execute/async - {"script":"<script> [1562 bytes]","args":[{"selector":{"controlType":"sap.m.StandardListItem","viewName":"reusables.view.manageresources.NewResourceUnit","viewId":"application-manageresources-display-component---newResourceUnit","properties":{"title":"Pool Equipment"},"searchOpenDialogs":true,"interaction":{"idSuffix":"content"}},"wdio_ui5_key":"reusablesview.manageresources.NewResourceUnitsap.m.StandardListItem{\"title\":\"Pool Equipment\"}"}]}
RESULT: {"script":"<script> [1562 bytes]","args":[{"selector":{"controlType":"sap.m.StandardListItem","viewName":"reusables.view.manageresources.NewResourceUnit","viewId":"application-manageresources-display-component---newResourceUnit","properties":{"title":"Pool Equipment"},"searchOpenDialogs":true,"interaction":{"idSuffix":"content"}},"wdio_ui5_key":"reusablesview.manageresources.NewResourceUnitsap.m.StandardListItem{\"title\":\"Pool Equipment\"}"}]}
RESULT: undefined
COMMAND: POST /session/121b5910f067d4d1941a4df48d2c59fa/element - {"using":"xpath","value":"//*[@id=\"__item1189\"]"}
RESULT: {"using":"xpath","value":"//*[@id=\"__item1189\"]"}
COMMAND: POST /session/121b5910f067d4d1941a4df48d2c59fa/element/f.F80EBE20359F196FC2F6F7CC51ACB296.d.6806B44CB9E399663EEAC3235900602D.e.21426/click - {}
RESULT: {}
COMMAND: GET /session/121b5910f067d4d1941a4df48d2c59fa/screenshot - {}
RESULT: {}
COMMAND: POST /session/121b5910f067d4d1941a4df48d2c59fa/element - {"using":"css selector","value":"#application-manageresources-display-component---newResourceUnit--btnAddTimeSegment"}
RESULT: {"using":"css selector","value":"#application-manageresources-display-component---newResourceUnit--btnAddTimeSegment"}
COMMAND: GET /session/121b5910f067d4d1941a4df48d2c59fa/element/f.F80EBE20359F196FC2F6F7CC51ACB296.d.6806B44CB9E399663EEAC3235900602D.e.21427/rect - {}
RESULT: {}
COMMAND: GET /session/121b5910f067d4d1941a4df48d2c59fa/window/rect - {}
RESULT: {}
COMMAND: POST /session/121b5910f067d4d1941a4df48d2c59fa/execute/sync - {"script":"<script> [92 bytes]","args":[]}
RESULT: {"script":"<script> [92 bytes]","args":[]}
COMMAND: POST /session/121b5910f067d4d1941a4df48d2c59fa/actions - {"actions":[{"id":"action66","type":"wheel","parameters":{},"actions":[{"type":"scroll","x":-1888,"y":-32,"deltaX":0,"deltaY":0,"duration":0,"origin":{"element-6066-11e4-a52e-4f735466cecf":"f.F80EBE20359F196FC2F6F7CC51ACB296.d.6806B44CB9E399663EEAC3235900602D.e.21427"}}]}]}
COMMAND: GET /session/121b5910f067d4d1941a4df48d2c59fa/screenshot - {}
RESULT: {}
COMMAND: POST /session/121b5910f067d4d1941a4df48d2c59fa/execute/sync - {"script":"<script> [79 bytes]","args":[{"element-6066-11e4-a52e-4f735466cecf":"f.F80EBE20359F196FC2F6F7CC51ACB296.d.6806B44CB9E399663EEAC3235900602D.e.21427","ELEMENT":"f.F80EBE20359F196FC2F6F7CC51ACB296.d.6806B44CB9E399663EEAC3235900602D.e.21427"},{"block":"start","inline":"nearest"}]}
RESULT: {"script":"<script> [79 bytes]","args":[{"element-6066-11e4-a52e-4f735466cecf":"f.F80EBE20359F196FC2F6F7CC51ACB296.d.6806B44CB9E399663EEAC3235900602D.e.21427","ELEMENT":"f.F80EBE20359F196FC2F6F7CC51ACB296.d.6806B44CB9E399663EEAC3235900602D.e.21427"},{"block":"start","inline":"nearest"}]}
RESULT: undefined
COMMAND: POST /session/121b5910f067d4d1941a4df48d2c59fa/element - {"using":"xpath","value":"//*[@id=\"application-manageresources-display-component---newResourceUnit--btnAddTimeSegment\"]"}
COMMAND: GET /session/121b5910f067d4d1941a4df48d2c59fa/screenshot - {}
RESULT: {"using":"xpath","value":"//*[@id=\"application-manageresources-display-component---newResourceUnit--btnAddTimeSegment\"]"}
COMMAND: POST /session/121b5910f067d4d1941a4df48d2c59fa/element/f.F80EBE20359F196FC2F6F7CC51ACB296.d.6806B44CB9E399663EEAC3235900602D.e.21427/click - {}
RESULT: {}
RESULT: {}
COMMAND: GET /session/121b5910f067d4d1941a4df48d2c59fa/screenshot - {}
RESULT: {}
COMMAND: POST /session/121b5910f067d4d1941a4df48d2c59fa/element - {"using":"xpath","value":"//input[@id=\"application-manageresources-display-component---newResourceUnit--idRuTSAdmin-application-manageresources-display-component---newResourceUnit--RUTimeSegment-0-inner\"]"}
RESULT: {"using":"xpath","value":"//input[@id=\"application-manageresources-display-component---newResourceUnit--idRuTSAdmin-application-manageresources-display-component---newResourceUnit--RUTimeSegment-0-inner\"]"}
COMMAND: POST /session/121b5910f067d4d1941a4df48d2c59fa/element/f.F80EBE20359F196FC2F6F7CC51ACB296.d.6806B44CB9E399663EEAC3235900602D.e.21432/clear - {}
RESULT: {}
COMMAND: POST /session/121b5910f067d4d1941a4df48d2c59fa/element/f.F80EBE20359F196FC2F6F7CC51ACB296.d.6806B44CB9E399663EEAC3235900602D.e.21432/value - {"text":"438"}
COMMAND: GET /session/121b5910f067d4d1941a4df48d2c59fa/screenshot - {}
RESULT: {"text":"438"}
COMMAND: GET /session/121b5910f067d4d1941a4df48d2c59fa/screenshot - {}
RESULT: {}
RESULT: {}
COMMAND: POST /session/121b5910f067d4d1941a4df48d2c59fa/element - {"using":"xpath","value":"//li[.//span[text()='438']]"}
RESULT: {"using":"xpath","value":"//li[.//span[text()='438']]"}
COMMAND: POST /session/121b5910f067d4d1941a4df48d2c59fa/element/f.F80EBE20359F196FC2F6F7CC51ACB296.d.6806B44CB9E399663EEAC3235900602D.e.21445/click - {}
RESULT: {}
COMMAND: GET /session/121b5910f067d4d1941a4df48d2c59fa/screenshot - {}
RESULT: {}
COMMAND: POST /session/121b5910f067d4d1941a4df48d2c59fa/element - {"using":"xpath","value":"(//span[contains(@id, \"-application-manageresources-display-component---newResourceUnit--RUTimeSegment-0-arrow\")])[5]"}
RESULT: {"using":"xpath","value":"(//span[contains(@id, \"-application-manageresources-display-component---newResourceUnit--RUTimeSegment-0-arrow\")])[5]"}
COMMAND: POST /session/121b5910f067d4d1941a4df48d2c59fa/element/f.F80EBE20359F196FC2F6F7CC51ACB296.d.6806B44CB9E399663EEAC3235900602D.e.21446/click - {}
RESULT: {}
COMMAND: GET /session/121b5910f067d4d1941a4df48d2c59fa/screenshot - {}
RESULT: {}
COMMAND: POST /session/121b5910f067d4d1941a4df48d2c59fa/element - {"using":"xpath","value":"//span[contains(text(), \"PM Order\")]"}
RESULT: {"using":"xpath","value":"//span[contains(text(), \"PM Order\")]"}
COMMAND: POST /session/121b5910f067d4d1941a4df48d2c59fa/element/f.F80EBE20359F196FC2F6F7CC51ACB296.d.6806B44CB9E399663EEAC3235900602D.e.21447/click - {}
RESULT: {}
COMMAND: GET /session/121b5910f067d4d1941a4df48d2c59fa/screenshot - {}
RESULT: {}
COMMAND: POST /session/121b5910f067d4d1941a4df48d2c59fa/element - {"using":"xpath","value":"(//span[contains(@id ,\"manageresources-display-component---newResourceUnit--RUTimeSegment-0-vhi\")])[1]"}
RESULT: {"using":"xpath","value":"(//span[contains(@id ,\"manageresources-display-component---newResourceUnit--RUTimeSegment-0-vhi\")])[1]"}
COMMAND: GET /session/121b5910f067d4d1941a4df48d2c59fa/element/f.F80EBE20359F196FC2F6F7CC51ACB296.d.6806B44CB9E399663EEAC3235900602D.e.21451/rect - {}
RESULT: {}
COMMAND: GET /session/121b5910f067d4d1941a4df48d2c59fa/window/rect - {}
RESULT: {}
COMMAND: POST /session/121b5910f067d4d1941a4df48d2c59fa/execute/sync - {"script":"<script> [92 bytes]","args":[]}
RESULT: {"script":"<script> [92 bytes]","args":[]}
COMMAND: POST /session/121b5910f067d4d1941a4df48d2c59fa/actions - {"actions":[{"id":"action67","type":"wheel","parameters":{},"actions":[{"type":"scroll","x":-1888,"y":-24,"deltaX":0,"deltaY":0,"duration":0,"origin":{"element-6066-11e4-a52e-4f735466cecf":"f.F80EBE20359F196FC2F6F7CC51ACB296.d.6806B44CB9E399663EEAC3235900602D.e.21451"}}]}]}
COMMAND: GET /session/121b5910f067d4d1941a4df48d2c59fa/screenshot - {}
RESULT: {}
COMMAND: POST /session/121b5910f067d4d1941a4df48d2c59fa/execute/sync - {"script":"<script> [79 bytes]","args":[{"element-6066-11e4-a52e-4f735466cecf":"f.F80EBE20359F196FC2F6F7CC51ACB296.d.6806B44CB9E399663EEAC3235900602D.e.21451","ELEMENT":"f.F80EBE20359F196FC2F6F7CC51ACB296.d.6806B44CB9E399663EEAC3235900602D.e.21451"},{"block":"start","inline":"nearest"}]}
RESULT: {"script":"<script> [79 bytes]","args":[{"element-6066-11e4-a52e-4f735466cecf":"f.F80EBE20359F196FC2F6F7CC51ACB296.d.6806B44CB9E399663EEAC3235900602D.e.21451","ELEMENT":"f.F80EBE20359F196FC2F6F7CC51ACB296.d.6806B44CB9E399663EEAC3235900602D.e.21451"},{"block":"start","inline":"nearest"}]}
COMMAND: GET /session/121b5910f067d4d1941a4df48d2c59fa/screenshot - {}
RESULT: {}
COMMAND: POST /session/121b5910f067d4d1941a4df48d2c59fa/element/f.F80EBE20359F196FC2F6F7CC51ACB296.d.6806B44CB9E399663EEAC3235900602D.e.21451/click - {}
RESULT: {}
COMMAND: GET /session/121b5910f067d4d1941a4df48d2c59fa/screenshot - {}
RESULT: {}
RESULT: undefined
COMMAND: POST /session/121b5910f067d4d1941a4df48d2c59fa/execute/async - {"script":"<script> [776 bytes]","args":[{"enterText":"4000360","selector":{"controlType":"sap.m.SearchField","properties":{"placeholder":"Search"},"searchOpenDialogs":true,"interaction":{"idSuffix":"I"}},"clearTextFirst":true,"interactionType":"ENTER_TEXT"}]}
RESULT: {"script":"<script> [776 bytes]","args":[{"enterText":"4000360","selector":{"controlType":"sap.m.SearchField","properties":{"placeholder":"Search"},"searchOpenDialogs":true,"interaction":{"idSuffix":"I"}},"clearTextFirst":true,"interactionType":"ENTER_TEXT"}]}
COMMAND: POST /session/121b5910f067d4d1941a4df48d2c59fa/actions - {"actions":[{"id":"action68","type":"key","parameters":{},"actions":[{"type":"keyDown","value":"î€‡"},{"type":"pause","duration":10},{"type":"keyUp","value":"î€‡"}]}]}
RESULT: {"actions":[{"id":"action68","type":"key","parameters":{},"actions":[{"type":"keyDown","value":"î€‡"},{"type":"pause","duration":10},{"type":"keyUp","value":"î€‡"}]}]}
COMMAND: GET /session/121b5910f067d4d1941a4df48d2c59fa/screenshot - {}
RESULT: {}
COMMAND: POST /session/121b5910f067d4d1941a4df48d2c59fa/element - {"using":"xpath","value":"//td/div/span[contains(text(), \"BGL Vehicles\")]"}
RESULT: {"using":"xpath","value":"//td/div/span[contains(text(), \"BGL Vehicles\")]"}
COMMAND: POST /session/121b5910f067d4d1941a4df48d2c59fa/element/f.F80EBE20359F196FC2F6F7CC51ACB296.d.6806B44CB9E399663EEAC3235900602D.e.21471/click - {}
RESULT: {}
COMMAND: GET /session/121b5910f067d4d1941a4df48d2c59fa/screenshot - {}
RESULT: {}
COMMAND: POST /session/121b5910f067d4d1941a4df48d2c59fa/element - {"using":"xpath","value":"//bdi[contains(text(), \"OK\")]"}
RESULT: {"using":"xpath","value":"//bdi[contains(text(), \"OK\")]"}
COMMAND: POST /session/121b5910f067d4d1941a4df48d2c59fa/element/f.F80EBE20359F196FC2F6F7CC51ACB296.d.6806B44CB9E399663EEAC3235900602D.e.21472/click - {}
RESULT: {}
COMMAND: GET /session/121b5910f067d4d1941a4df48d2c59fa/screenshot - {}
RESULT: {}
COMMAND: POST /session/121b5910f067d4d1941a4df48d2c59fa/element - {"using":"xpath","value":"//label[contains(@class, 'sapMLabelRequired') and .//bdi[contains(text(), 'Planned Retirement')]]"}
RESULT: {"using":"xpath","value":"//label[contains(@class, 'sapMLabelRequired') and .//bdi[contains(text(), 'Planned Retirement')]]"}
COMMAND: POST /session/121b5910f067d4d1941a4df48d2c59fa/elements - {"using":"xpath","value":"//label[contains(@class, 'sapMLabelRequired') and .//bdi[contains(text(), 'Planned Retirement')]]"}
RESULT: {"using":"xpath","value":"//label[contains(@class, 'sapMLabelRequired') and .//bdi[contains(text(), 'Planned Retirement')]]"}
COMMAND: POST /session/121b5910f067d4d1941a4df48d2c59fa/element - {"using":"xpath","value":"//button[@data-kt=\"resourceUnitSaveButton\"]"}
RESULT: {"using":"xpath","value":"//button[@data-kt=\"resourceUnitSaveButton\"]"}
COMMAND: POST /session/121b5910f067d4d1941a4df48d2c59fa/element/f.F80EBE20359F196FC2F6F7CC51ACB296.d.6806B44CB9E399663EEAC3235900602D.e.21371/click - {}
RESULT: {}
COMMAND: GET /session/121b5910f067d4d1941a4df48d2c59fa/screenshot - {}
RESULT: {}
COMMAND: POST /session/121b5910f067d4d1941a4df48d2c59fa/element - {"using":"xpath","value":"//bdi[contains(text(), \"Close\")]"}
RESULT: {"using":"xpath","value":"//bdi[contains(text(), \"Close\")]"}
COMMAND: POST /session/121b5910f067d4d1941a4df48d2c59fa/element/f.F80EBE20359F196FC2F6F7CC51ACB296.d.6806B44CB9E399663EEAC3235900602D.e.21478/click - {}
RESULT: {}
COMMAND: GET /session/121b5910f067d4d1941a4df48d2c59fa/screenshot - {}
RESULT: {}
COMMAND: POST /session/121b5910f067d4d1941a4df48d2c59fa/element - {"using":"xpath","value":"//header[contains(@id, 'detailRruPage-headerTitle')]/div[1]/div[2]/div[2]/span[1]"}
RESULT: {"using":"xpath","value":"//header[contains(@id, 'detailRruPage-headerTitle')]/div[1]/div[2]/div[2]/span[1]"}
COMMAND: POST /session/121b5910f067d4d1941a4df48d2c59fa/elements - {"using":"xpath","value":"//header[contains(@id, 'detailRruPage-headerTitle')]/div[1]/div[2]/div[2]/span[1]"}
RESULT: {"using":"xpath","value":"//header[contains(@id, 'detailRruPage-headerTitle')]/div[1]/div[2]/div[2]/span[1]"}
COMMAND: POST /session/121b5910f067d4d1941a4df48d2c59fa/execute/sync - {"script":"<script> [56 bytes]","args":[{"element-6066-11e4-a52e-4f735466cecf":"f.F80EBE20359F196FC2F6F7CC51ACB296.d.6806B44CB9E399663EEAC3235900602D.e.21506","ELEMENT":"f.F80EBE20359F196FC2F6F7CC51ACB296.d.6806B44CB9E399663EEAC3235900602D.e.21506"}]}
RESULT: {"script":"<script> [56 bytes]","args":[{"element-6066-11e4-a52e-4f735466cecf":"f.F80EBE20359F196FC2F6F7CC51ACB296.d.6806B44CB9E399663EEAC3235900602D.e.21506","ELEMENT":"f.F80EBE20359F196FC2F6F7CC51ACB296.d.6806B44CB9E399663EEAC3235900602D.e.21506"}]}
COMMAND: POST /session/121b5910f067d4d1941a4df48d2c59fa/element - {"using":"css selector","value":"#shell-header-logo"}
COMMAND: GET /session/121b5910f067d4d1941a4df48d2c59fa/screenshot - {}
RESULT: {"using":"css selector","value":"#shell-header-logo"}
COMMAND: POST /session/121b5910f067d4d1941a4df48d2c59fa/element/f.F80EBE20359F196FC2F6F7CC51ACB296.d.6806B44CB9E399663EEAC3235900602D.e.20969/click - {}
RESULT: {}
RESULT: {}
COMMAND: GET /session/121b5910f067d4d1941a4df48d2c59fa/screenshot - {}
RESULT: {}
]]></system-out>
    </testcase>
    <testcase classname="chrome.136_0_7103_93.windows.Transfer_Yard_to_Yard_US131076" name="Should do a stock increase handover" time="88.359">
      <system-out><![CDATA[
COMMAND: POST /session/121b5910f067d4d1941a4df48d2c59fa/execute/async - {"script":"<script> [1562 bytes]","args":[{"selector":{"controlType":"sap.m.GenericTile","properties":{"header":"Manage Handovers"}},"wdio_ui5_key":"sapm.GenericTile{\"header\":\"Manage Handovers\"}"}]}
RESULT: {"script":"<script> [1562 bytes]","args":[{"selector":{"controlType":"sap.m.GenericTile","properties":{"header":"Manage Handovers"}},"wdio_ui5_key":"sapm.GenericTile{\"header\":\"Manage Handovers\"}"}]}
RESULT: undefined
COMMAND: POST /session/121b5910f067d4d1941a4df48d2c59fa/element - {"using":"xpath","value":"//*[@id=\"__tile132\"]"}
RESULT: {"using":"xpath","value":"//*[@id=\"__tile132\"]"}
COMMAND: POST /session/121b5910f067d4d1941a4df48d2c59fa/element/f.F80EBE20359F196FC2F6F7CC51ACB296.d.6806B44CB9E399663EEAC3235900602D.e.19461/click - {}
RESULT: {}
COMMAND: GET /session/121b5910f067d4d1941a4df48d2c59fa/screenshot - {}
RESULT: {}
COMMAND: POST /session/121b5910f067d4d1941a4df48d2c59fa/elements - {"using":"xpath","value":"//span[text()='Error']"}
RESULT: {"using":"xpath","value":"//span[text()='Error']"}
COMMAND: POST /session/121b5910f067d4d1941a4df48d2c59fa/element - {"using":"xpath","value":"//button[@data-kt=\"masterHOAddButton\"]"}
RESULT: {"using":"xpath","value":"//button[@data-kt=\"masterHOAddButton\"]"}
COMMAND: POST /session/121b5910f067d4d1941a4df48d2c59fa/elements - {"using":"xpath","value":"//button[@data-kt=\"masterHOAddButton\"]"}
RESULT: {"using":"xpath","value":"//button[@data-kt=\"masterHOAddButton\"]"}
COMMAND: POST /session/121b5910f067d4d1941a4df48d2c59fa/execute/sync - {"script":"<script> [8489 bytes]","args":[{"element-6066-11e4-a52e-4f735466cecf":"f.F80EBE20359F196FC2F6F7CC51ACB296.d.6806B44CB9E399663EEAC3235900602D.e.21548","ELEMENT":"f.F80EBE20359F196FC2F6F7CC51ACB296.d.6806B44CB9E399663EEAC3235900602D.e.21548"}]}
RESULT: {"script":"<script> [8489 bytes]","args":[{"element-6066-11e4-a52e-4f735466cecf":"f.F80EBE20359F196FC2F6F7CC51ACB296.d.6806B44CB9E399663EEAC3235900602D.e.21548","ELEMENT":"f.F80EBE20359F196FC2F6F7CC51ACB296.d.6806B44CB9E399663EEAC3235900602D.e.21548"}]}
COMMAND: GET /session/121b5910f067d4d1941a4df48d2c59fa/element/f.F80EBE20359F196FC2F6F7CC51ACB296.d.6806B44CB9E399663EEAC3235900602D.e.21548/enabled - {}
COMMAND: GET /session/121b5910f067d4d1941a4df48d2c59fa/screenshot - {}
RESULT: {}
COMMAND: POST /session/121b5910f067d4d1941a4df48d2c59fa/execute/sync - {"script":"<script> [8489 bytes]","args":[{"element-6066-11e4-a52e-4f735466cecf":"f.F80EBE20359F196FC2F6F7CC51ACB296.d.6806B44CB9E399663EEAC3235900602D.e.21548","ELEMENT":"f.F80EBE20359F196FC2F6F7CC51ACB296.d.6806B44CB9E399663EEAC3235900602D.e.21548"}]}
COMMAND: GET /session/121b5910f067d4d1941a4df48d2c59fa/screenshot - {}
RESULT: {}
RESULT: {"script":"<script> [8489 bytes]","args":[{"element-6066-11e4-a52e-4f735466cecf":"f.F80EBE20359F196FC2F6F7CC51ACB296.d.6806B44CB9E399663EEAC3235900602D.e.21548","ELEMENT":"f.F80EBE20359F196FC2F6F7CC51ACB296.d.6806B44CB9E399663EEAC3235900602D.e.21548"}]}
COMMAND: POST /session/121b5910f067d4d1941a4df48d2c59fa/execute/sync - {"script":"<script> [5351 bytes]","args":[{"element-6066-11e4-a52e-4f735466cecf":"f.F80EBE20359F196FC2F6F7CC51ACB296.d.6806B44CB9E399663EEAC3235900602D.e.21548","ELEMENT":"f.F80EBE20359F196FC2F6F7CC51ACB296.d.6806B44CB9E399663EEAC3235900602D.e.21548"}]}
COMMAND: GET /session/121b5910f067d4d1941a4df48d2c59fa/screenshot - {}
RESULT: {}
RESULT: {"script":"<script> [5351 bytes]","args":[{"element-6066-11e4-a52e-4f735466cecf":"f.F80EBE20359F196FC2F6F7CC51ACB296.d.6806B44CB9E399663EEAC3235900602D.e.21548","ELEMENT":"f.F80EBE20359F196FC2F6F7CC51ACB296.d.6806B44CB9E399663EEAC3235900602D.e.21548"}]}
COMMAND: POST /session/121b5910f067d4d1941a4df48d2c59fa/element/f.F80EBE20359F196FC2F6F7CC51ACB296.d.6806B44CB9E399663EEAC3235900602D.e.21548/click - {}
COMMAND: GET /session/121b5910f067d4d1941a4df48d2c59fa/screenshot - {}
RESULT: {}
RESULT: {}
COMMAND: GET /session/121b5910f067d4d1941a4df48d2c59fa/screenshot - {}
RESULT: {}
COMMAND: POST /session/121b5910f067d4d1941a4df48d2c59fa/element - {"using":"xpath","value":"//span[contains(@id ,\"AddNewHO--typeSelect-arrow\")]"}
RESULT: {}
RESULT: {"using":"xpath","value":"//span[contains(@id ,\"AddNewHO--typeSelect-arrow\")]"}
COMMAND: POST /session/121b5910f067d4d1941a4df48d2c59fa/element/f.F80EBE20359F196FC2F6F7CC51ACB296.d.6806B44CB9E399663EEAC3235900602D.e.21906/click - {}
RESULT: {}
COMMAND: GET /session/121b5910f067d4d1941a4df48d2c59fa/screenshot - {}
RESULT: {}
COMMAND: POST /session/121b5910f067d4d1941a4df48d2c59fa/element - {"using":"xpath","value":"(//li[contains(text(), \"stock increase yard\")])[1]"}
RESULT: {"using":"xpath","value":"(//li[contains(text(), \"stock increase yard\")])[1]"}
COMMAND: POST /session/121b5910f067d4d1941a4df48d2c59fa/element/f.F80EBE20359F196FC2F6F7CC51ACB296.d.6806B44CB9E399663EEAC3235900602D.e.21907/click - {}
RESULT: {}
COMMAND: GET /session/121b5910f067d4d1941a4df48d2c59fa/screenshot - {}
RESULT: {}
COMMAND: POST /session/121b5910f067d4d1941a4df48d2c59fa/execute/async - {"script":"<script> [1562 bytes]","args":[{"selector":{"id":"application-managehandovers-display-component---AddNewHO--dueDate","interaction":{"idSuffix":"inner"}},"wdio_ui5_key":"applicationmanagehandovers-display-component---AddNewHO--dueDate"}]}
RESULT: {"script":"<script> [1562 bytes]","args":[{"selector":{"id":"application-managehandovers-display-component---AddNewHO--dueDate","interaction":{"idSuffix":"inner"}},"wdio_ui5_key":"applicationmanagehandovers-display-component---AddNewHO--dueDate"}]}
RESULT: undefined
COMMAND: POST /session/121b5910f067d4d1941a4df48d2c59fa/execute/async - {"script":"<script> [6424 bytes]","args":[{"element-6066-11e4-a52e-4f735466cecf":"f.F80EBE20359F196FC2F6F7CC51ACB296.d.6806B44CB9E399663EEAC3235900602D.e.21909"},"setValue",["5/16/25"]]}
RESULT: {"script":"<script> [6424 bytes]","args":[{"element-6066-11e4-a52e-4f735466cecf":"f.F80EBE20359F196FC2F6F7CC51ACB296.d.6806B44CB9E399663EEAC3235900602D.e.21909"},"setValue",["5/16/25"]]}
COMMAND: POST /session/121b5910f067d4d1941a4df48d2c59fa/element - {"using":"xpath","value":"//input[@id=\"generalSectionFrg--receiveYard-inner\"]"}
RESULT: {"using":"xpath","value":"//input[@id=\"generalSectionFrg--receiveYard-inner\"]"}
COMMAND: POST /session/121b5910f067d4d1941a4df48d2c59fa/element/f.F80EBE20359F196FC2F6F7CC51ACB296.d.6806B44CB9E399663EEAC3235900602D.e.21913/clear - {}
RESULT: {}
COMMAND: POST /session/121b5910f067d4d1941a4df48d2c59fa/element/f.F80EBE20359F196FC2F6F7CC51ACB296.d.6806B44CB9E399663EEAC3235900602D.e.21913/value - {"text":"438"}
COMMAND: GET /session/121b5910f067d4d1941a4df48d2c59fa/screenshot - {}
RESULT: {"text":"438"}
COMMAND: GET /session/121b5910f067d4d1941a4df48d2c59fa/screenshot - {}
RESULT: {}
RESULT: {}
COMMAND: POST /session/121b5910f067d4d1941a4df48d2c59fa/element - {"using":"xpath","value":"//li[.//span[text()='438']]"}
RESULT: {"using":"xpath","value":"//li[.//span[text()='438']]"}
COMMAND: POST /session/121b5910f067d4d1941a4df48d2c59fa/element/f.F80EBE20359F196FC2F6F7CC51ACB296.d.6806B44CB9E399663EEAC3235900602D.e.21931/click - {}
RESULT: {}
COMMAND: GET /session/121b5910f067d4d1941a4df48d2c59fa/screenshot - {}
RESULT: {}
COMMAND: POST /session/121b5910f067d4d1941a4df48d2c59fa/execute/async - {"script":"<script> [1562 bytes]","args":[{"selector":{"id":"application-managehandovers-display-component---AddNewHO--ObjectPageLayout-anchBar-application-managehandovers-display-component---AddNewHO--section4-anchor","interaction":{"idSuffix":"BDI-content"}},"wdio_ui5_key":"applicationmanagehandovers-display-component---AddNewHO--ObjectPageLayout-anchBar-application-managehandovers-display-component---AddNewHO--section4-anchor"}]}
RESULT: {"script":"<script> [1562 bytes]","args":[{"selector":{"id":"application-managehandovers-display-component---AddNewHO--ObjectPageLayout-anchBar-application-managehandovers-display-component---AddNewHO--section4-anchor","interaction":{"idSuffix":"BDI-content"}},"wdio_ui5_key":"applicationmanagehandovers-display-component---AddNewHO--ObjectPageLayout-anchBar-application-managehandovers-display-component---AddNewHO--section4-anchor"}]}
RESULT: undefined
COMMAND: POST /session/121b5910f067d4d1941a4df48d2c59fa/element - {"using":"xpath","value":"//*[@id=\"application-managehandovers-display-component---AddNewHO--ObjectPageLayout-anchBar-application-managehandovers-display-component---AddNewHO--section4-anchor\"]"}
RESULT: {"using":"xpath","value":"//*[@id=\"application-managehandovers-display-component---AddNewHO--ObjectPageLayout-anchBar-application-managehandovers-display-component---AddNewHO--section4-anchor\"]"}
COMMAND: POST /session/121b5910f067d4d1941a4df48d2c59fa/element/f.F80EBE20359F196FC2F6F7CC51ACB296.d.6806B44CB9E399663EEAC3235900602D.e.21933/click - {}
RESULT: {}
COMMAND: POST /session/121b5910f067d4d1941a4df48d2c59fa/element - {"using":"xpath","value":"//button[@aria-label=\"Add\"]"}
COMMAND: GET /session/121b5910f067d4d1941a4df48d2c59fa/screenshot - {}
RESULT: {"using":"xpath","value":"//button[@aria-label=\"Add\"]"}
COMMAND: POST /session/121b5910f067d4d1941a4df48d2c59fa/element/f.F80EBE20359F196FC2F6F7CC51ACB296.d.6806B44CB9E399663EEAC3235900602D.e.21935/click - {}
RESULT: {}
RESULT: {}
COMMAND: GET /session/121b5910f067d4d1941a4df48d2c59fa/screenshot - {}
RESULT: {}
COMMAND: POST /session/121b5910f067d4d1941a4df48d2c59fa/execute/async - {"script":"<script> [1562 bytes]","args":[{"selector":{"id":"application-managehandovers-display-component---AddNewHO--smartFilterBar-btnBasicSearch","searchOpenDialogs":true,"interaction":{"idSuffix":"I"}},"wdio_ui5_key":"applicationmanagehandovers-display-component---AddNewHO--smartFilterBar-btnBasicSearch"}]}
RESULT: {"script":"<script> [1562 bytes]","args":[{"selector":{"id":"application-managehandovers-display-component---AddNewHO--smartFilterBar-btnBasicSearch","searchOpenDialogs":true,"interaction":{"idSuffix":"I"}},"wdio_ui5_key":"applicationmanagehandovers-display-component---AddNewHO--smartFilterBar-btnBasicSearch"}]}
RESULT: undefined
COMMAND: POST /session/121b5910f067d4d1941a4df48d2c59fa/execute/async - {"script":"<script> [776 bytes]","args":[{"enterText":"W9x98Ygcf2","selector":{"id":"application-managehandovers-display-component---AddNewHO--smartFilterBar-btnBasicSearch","searchOpenDialogs":true,"interaction":{"idSuffix":"I"}},"clearTextFirst":true,"interactionType":"ENTER_TEXT"}]}
RESULT: {"script":"<script> [776 bytes]","args":[{"enterText":"W9x98Ygcf2","selector":{"id":"application-managehandovers-display-component---AddNewHO--smartFilterBar-btnBasicSearch","searchOpenDialogs":true,"interaction":{"idSuffix":"I"}},"clearTextFirst":true,"interactionType":"ENTER_TEXT"}]}
COMMAND: POST /session/121b5910f067d4d1941a4df48d2c59fa/actions - {"actions":[{"id":"action69","type":"key","parameters":{},"actions":[{"type":"keyDown","value":"î€‡"},{"type":"pause","duration":10},{"type":"keyUp","value":"î€‡"}]}]}
RESULT: {"actions":[{"id":"action69","type":"key","parameters":{},"actions":[{"type":"keyDown","value":"î€‡"},{"type":"pause","duration":10},{"type":"keyUp","value":"î€‡"}]}]}
COMMAND: GET /session/121b5910f067d4d1941a4df48d2c59fa/screenshot - {}
RESULT: {}
COMMAND: POST /session/121b5910f067d4d1941a4df48d2c59fa/execute/async - {"script":"<script> [1562 bytes]","args":[{"selector":{"id":"application-managehandovers-display-component---AddNewHO--popup-sa","searchOpenDialogs":true,"interaction":{"idSuffix":"CbBg"}},"wdio_ui5_key":"applicationmanagehandovers-display-component---AddNewHO--popup-sa"}]}
RESULT: {"script":"<script> [1562 bytes]","args":[{"selector":{"id":"application-managehandovers-display-component---AddNewHO--popup-sa","searchOpenDialogs":true,"interaction":{"idSuffix":"CbBg"}},"wdio_ui5_key":"applicationmanagehandovers-display-component---AddNewHO--popup-sa"}]}
RESULT: undefined
COMMAND: POST /session/121b5910f067d4d1941a4df48d2c59fa/element - {"using":"xpath","value":"//*[@id=\"application-managehandovers-display-component---AddNewHO--popup-sa\"]"}
RESULT: {"using":"xpath","value":"//*[@id=\"application-managehandovers-display-component---AddNewHO--popup-sa\"]"}
COMMAND: POST /session/121b5910f067d4d1941a4df48d2c59fa/element/f.F80EBE20359F196FC2F6F7CC51ACB296.d.6806B44CB9E399663EEAC3235900602D.e.22089/click - {}
RESULT: {}
COMMAND: GET /session/121b5910f067d4d1941a4df48d2c59fa/screenshot - {}
RESULT: {}
COMMAND: POST /session/121b5910f067d4d1941a4df48d2c59fa/element - {"using":"xpath","value":"//bdi[contains(text(), \"Select\")]"}
RESULT: {"using":"xpath","value":"//bdi[contains(text(), \"Select\")]"}
COMMAND: POST /session/121b5910f067d4d1941a4df48d2c59fa/element/f.F80EBE20359F196FC2F6F7CC51ACB296.d.6806B44CB9E399663EEAC3235900602D.e.22090/click - {}
RESULT: {}
COMMAND: GET /session/121b5910f067d4d1941a4df48d2c59fa/screenshot - {}
RESULT: {}
COMMAND: POST /session/121b5910f067d4d1941a4df48d2c59fa/element - {"using":"xpath","value":"//button[@data-kt=\"AddNewHOSaveButton\"]"}
RESULT: {"using":"xpath","value":"//button[@data-kt=\"AddNewHOSaveButton\"]"}
COMMAND: POST /session/121b5910f067d4d1941a4df48d2c59fa/element/f.F80EBE20359F196FC2F6F7CC51ACB296.d.6806B44CB9E399663EEAC3235900602D.e.22094/click - {}
RESULT: {}
COMMAND: GET /session/121b5910f067d4d1941a4df48d2c59fa/screenshot - {}
COMMAND: POST /session/121b5910f067d4d1941a4df48d2c59fa/execute/async - {"script":"<script> [1562 bytes]","args":[{"selector":{"id":"receiptDatePicker","viewName":"etm.portal.ui.managehandovers.view.DetailExecuteHO","interaction":{"idSuffix":"inner"}},"wdio_ui5_key":"receiptDatePickeretmportal.ui.managehandovers.view.DetailExecuteHO"}]}
RESULT: {}
RESULT: {"script":"<script> [1562 bytes]","args":[{"selector":{"id":"receiptDatePicker","viewName":"etm.portal.ui.managehandovers.view.DetailExecuteHO","interaction":{"idSuffix":"inner"}},"wdio_ui5_key":"receiptDatePickeretmportal.ui.managehandovers.view.DetailExecuteHO"}]}
RESULT: undefined
COMMAND: POST /session/121b5910f067d4d1941a4df48d2c59fa/execute/async - {"script":"<script> [6424 bytes]","args":[{"element-6066-11e4-a52e-4f735466cecf":"f.F80EBE20359F196FC2F6F7CC51ACB296.d.6806B44CB9E399663EEAC3235900602D.e.22105"},"setValue",["5/16/25"]]}
RESULT: {"script":"<script> [6424 bytes]","args":[{"element-6066-11e4-a52e-4f735466cecf":"f.F80EBE20359F196FC2F6F7CC51ACB296.d.6806B44CB9E399663EEAC3235900602D.e.22105"},"setValue",["5/16/25"]]}
COMMAND: POST /session/121b5910f067d4d1941a4df48d2c59fa/element - {"using":"xpath","value":"//button[@data-kt=\"PickingTableConfirmAllButton\"]"}
RESULT: {"using":"xpath","value":"//button[@data-kt=\"PickingTableConfirmAllButton\"]"}
COMMAND: POST /session/121b5910f067d4d1941a4df48d2c59fa/element/f.F80EBE20359F196FC2F6F7CC51ACB296.d.6806B44CB9E399663EEAC3235900602D.e.22128/click - {}
RESULT: {}
COMMAND: GET /session/121b5910f067d4d1941a4df48d2c59fa/screenshot - {}
RESULT: {}
COMMAND: POST /session/121b5910f067d4d1941a4df48d2c59fa/element - {"using":"xpath","value":"//bdi[contains(text(), \"OK\")]"}
RESULT: {"using":"xpath","value":"//bdi[contains(text(), \"OK\")]"}
COMMAND: POST /session/121b5910f067d4d1941a4df48d2c59fa/element/f.F80EBE20359F196FC2F6F7CC51ACB296.d.6806B44CB9E399663EEAC3235900602D.e.22130/click - {}
RESULT: {}
COMMAND: GET /session/121b5910f067d4d1941a4df48d2c59fa/screenshot - {}
RESULT: {}
COMMAND: POST /session/121b5910f067d4d1941a4df48d2c59fa/element - {"using":"xpath","value":"(//bdi[contains(text(), \"Receive\")])[2]"}
RESULT: {"using":"xpath","value":"(//bdi[contains(text(), \"Receive\")])[2]"}
COMMAND: POST /session/121b5910f067d4d1941a4df48d2c59fa/element/f.F80EBE20359F196FC2F6F7CC51ACB296.d.6806B44CB9E399663EEAC3235900602D.e.22132/click - {}
RESULT: {}
COMMAND: GET /session/121b5910f067d4d1941a4df48d2c59fa/screenshot - {}
RESULT: {}
COMMAND: POST /session/121b5910f067d4d1941a4df48d2c59fa/element - {"using":"css selector","value":"#shell-header-logo"}
RESULT: {"using":"css selector","value":"#shell-header-logo"}
COMMAND: POST /session/121b5910f067d4d1941a4df48d2c59fa/element/f.F80EBE20359F196FC2F6F7CC51ACB296.d.6806B44CB9E399663EEAC3235900602D.e.21511/click - {}
RESULT: {}
COMMAND: GET /session/121b5910f067d4d1941a4df48d2c59fa/screenshot - {}
RESULT: {}
]]></system-out>
    </testcase>
  </testsuite>
</testsuites>