<?xml version="1.0" encoding="UTF-8"?>
<testsuites tests="3" failures="0" errors="0" skipped="0">
  <testsuite timestamp="2025-04-25T17:57:37" time="212.782" tests="3" failures="0" errors="0" skipped="0">
    <properties>
      <property name="specId" value="0" />
      <property name="suiteName" value="Address Management Tests US151165 US151160" />
      <property name="capabilities" value="chrome.135_0_7049_96.windows" />
      <property name="file" value="file:///D:/a/1/s/test/specs/BTS/address-management.spec.js" />
    </properties>
    <testcase classname="chrome.135_0_7049_96.windows.Address_Management_Tests_US151165_US151160" name="Step 1 Will check existence of address created with generated name if none then we create" time="59.72">
      <system-out><![CDATA[
COMMAND: POST /session/f136a61b7f7a261c21dec13bd74c2433/execute/async - {"script":"<script> [1562 bytes]","args":[{"selector":{"controlType":"sap.m.GenericTile","properties":{"header":"Address Management"}},"wdio_ui5_key":"sapm.GenericTile{\"header\":\"Address Management\"}"}]}
RESULT: {"script":"<script> [1562 bytes]","args":[{"selector":{"controlType":"sap.m.GenericTile","properties":{"header":"Address Management"}},"wdio_ui5_key":"sapm.GenericTile{\"header\":\"Address Management\"}"}]}
RESULT: undefined
COMMAND: POST /session/f136a61b7f7a261c21dec13bd74c2433/element - {"using":"xpath","value":"//*[@id=\"__tile33\"]"}
RESULT: {"using":"xpath","value":"//*[@id=\"__tile33\"]"}
COMMAND: POST /session/f136a61b7f7a261c21dec13bd74c2433/element/f.251560D58745C022DB31178F8D5A847A.d.9844C92CD43214FEC7C74E3BD5EE2DC3.e.215/click - {}
RESULT: {}
COMMAND: POST /session/f136a61b7f7a261c21dec13bd74c2433/element - {"using":"xpath","value":"//button[@data-kt=\"addButton\"]"}
COMMAND: GET /session/f136a61b7f7a261c21dec13bd74c2433/screenshot - {}
RESULT: {"using":"xpath","value":"//button[@data-kt=\"addButton\"]"}
COMMAND: POST /session/f136a61b7f7a261c21dec13bd74c2433/elements - {"using":"xpath","value":"//button[@data-kt=\"addButton\"]"}
RESULT: {}
RESULT: {"using":"xpath","value":"//button[@data-kt=\"addButton\"]"}
COMMAND: POST /session/f136a61b7f7a261c21dec13bd74c2433/elements - {"using":"xpath","value":"//button[@data-kt=\"addButton\"]"}
RESULT: {"using":"xpath","value":"//button[@data-kt=\"addButton\"]"}
COMMAND: POST /session/f136a61b7f7a261c21dec13bd74c2433/elements - {"using":"xpath","value":"//button[@data-kt=\"addButton\"]"}
RESULT: {"using":"xpath","value":"//button[@data-kt=\"addButton\"]"}
COMMAND: POST /session/f136a61b7f7a261c21dec13bd74c2433/elements - {"using":"xpath","value":"//button[@data-kt=\"addButton\"]"}
RESULT: {"using":"xpath","value":"//button[@data-kt=\"addButton\"]"}
COMMAND: POST /session/f136a61b7f7a261c21dec13bd74c2433/elements - {"using":"xpath","value":"//button[@data-kt=\"addButton\"]"}
RESULT: {"using":"xpath","value":"//button[@data-kt=\"addButton\"]"}
COMMAND: POST /session/f136a61b7f7a261c21dec13bd74c2433/elements - {"using":"xpath","value":"//button[@data-kt=\"addButton\"]"}
RESULT: {"using":"xpath","value":"//button[@data-kt=\"addButton\"]"}
COMMAND: POST /session/f136a61b7f7a261c21dec13bd74c2433/elements - {"using":"xpath","value":"//button[@data-kt=\"addButton\"]"}
RESULT: {"using":"xpath","value":"//button[@data-kt=\"addButton\"]"}
COMMAND: POST /session/f136a61b7f7a261c21dec13bd74c2433/elements - {"using":"xpath","value":"//button[@data-kt=\"addButton\"]"}
RESULT: {"using":"xpath","value":"//button[@data-kt=\"addButton\"]"}
COMMAND: POST /session/f136a61b7f7a261c21dec13bd74c2433/elements - {"using":"xpath","value":"//button[@data-kt=\"addButton\"]"}
RESULT: {"using":"xpath","value":"//button[@data-kt=\"addButton\"]"}
COMMAND: POST /session/f136a61b7f7a261c21dec13bd74c2433/elements - {"using":"xpath","value":"//button[@data-kt=\"addButton\"]"}
RESULT: {"using":"xpath","value":"//button[@data-kt=\"addButton\"]"}
COMMAND: POST /session/f136a61b7f7a261c21dec13bd74c2433/elements - {"using":"xpath","value":"//button[@data-kt=\"addButton\"]"}
RESULT: {"using":"xpath","value":"//button[@data-kt=\"addButton\"]"}
COMMAND: POST /session/f136a61b7f7a261c21dec13bd74c2433/elements - {"using":"xpath","value":"//button[@data-kt=\"addButton\"]"}
RESULT: {"using":"xpath","value":"//button[@data-kt=\"addButton\"]"}
COMMAND: POST /session/f136a61b7f7a261c21dec13bd74c2433/elements - {"using":"xpath","value":"//button[@data-kt=\"addButton\"]"}
RESULT: {"using":"xpath","value":"//button[@data-kt=\"addButton\"]"}
COMMAND: POST /session/f136a61b7f7a261c21dec13bd74c2433/elements - {"using":"xpath","value":"//button[@data-kt=\"addButton\"]"}
RESULT: {"using":"xpath","value":"//button[@data-kt=\"addButton\"]"}
COMMAND: POST /session/f136a61b7f7a261c21dec13bd74c2433/elements - {"using":"xpath","value":"//button[@data-kt=\"addButton\"]"}
RESULT: {"using":"xpath","value":"//button[@data-kt=\"addButton\"]"}
COMMAND: POST /session/f136a61b7f7a261c21dec13bd74c2433/elements - {"using":"xpath","value":"//button[@data-kt=\"addButton\"]"}
RESULT: {"using":"xpath","value":"//button[@data-kt=\"addButton\"]"}
COMMAND: POST /session/f136a61b7f7a261c21dec13bd74c2433/elements - {"using":"xpath","value":"//button[@data-kt=\"addButton\"]"}
RESULT: {"using":"xpath","value":"//button[@data-kt=\"addButton\"]"}
COMMAND: POST /session/f136a61b7f7a261c21dec13bd74c2433/elements - {"using":"xpath","value":"//button[@data-kt=\"addButton\"]"}
RESULT: {"using":"xpath","value":"//button[@data-kt=\"addButton\"]"}
COMMAND: POST /session/f136a61b7f7a261c21dec13bd74c2433/elements - {"using":"xpath","value":"//button[@data-kt=\"addButton\"]"}
RESULT: {"using":"xpath","value":"//button[@data-kt=\"addButton\"]"}
COMMAND: POST /session/f136a61b7f7a261c21dec13bd74c2433/elements - {"using":"xpath","value":"//button[@data-kt=\"addButton\"]"}
RESULT: {"using":"xpath","value":"//button[@data-kt=\"addButton\"]"}
COMMAND: POST /session/f136a61b7f7a261c21dec13bd74c2433/elements - {"using":"xpath","value":"//button[@data-kt=\"addButton\"]"}
RESULT: {"using":"xpath","value":"//button[@data-kt=\"addButton\"]"}
COMMAND: POST /session/f136a61b7f7a261c21dec13bd74c2433/elements - {"using":"xpath","value":"//button[@data-kt=\"addButton\"]"}
RESULT: {"using":"xpath","value":"//button[@data-kt=\"addButton\"]"}
COMMAND: POST /session/f136a61b7f7a261c21dec13bd74c2433/element - {"using":"xpath","value":"//button[@data-kt=\"addButton\"]"}
RESULT: {"using":"xpath","value":"//button[@data-kt=\"addButton\"]"}
COMMAND: POST /session/f136a61b7f7a261c21dec13bd74c2433/execute/sync - {"script":"<script> [8489 bytes]","args":[{"element-6066-11e4-a52e-4f735466cecf":"f.251560D58745C022DB31178F8D5A847A.d.9844C92CD43214FEC7C74E3BD5EE2DC3.e.301","ELEMENT":"f.251560D58745C022DB31178F8D5A847A.d.9844C92CD43214FEC7C74E3BD5EE2DC3.e.301"}]}
RESULT: {"script":"<script> [8489 bytes]","args":[{"element-6066-11e4-a52e-4f735466cecf":"f.251560D58745C022DB31178F8D5A847A.d.9844C92CD43214FEC7C74E3BD5EE2DC3.e.301","ELEMENT":"f.251560D58745C022DB31178F8D5A847A.d.9844C92CD43214FEC7C74E3BD5EE2DC3.e.301"}]}
COMMAND: GET /session/f136a61b7f7a261c21dec13bd74c2433/element/f.251560D58745C022DB31178F8D5A847A.d.9844C92CD43214FEC7C74E3BD5EE2DC3.e.301/enabled - {}
COMMAND: GET /session/f136a61b7f7a261c21dec13bd74c2433/screenshot - {}
RESULT: {}
COMMAND: POST /session/f136a61b7f7a261c21dec13bd74c2433/execute/sync - {"script":"<script> [8489 bytes]","args":[{"element-6066-11e4-a52e-4f735466cecf":"f.251560D58745C022DB31178F8D5A847A.d.9844C92CD43214FEC7C74E3BD5EE2DC3.e.301","ELEMENT":"f.251560D58745C022DB31178F8D5A847A.d.9844C92CD43214FEC7C74E3BD5EE2DC3.e.301"}]}
COMMAND: GET /session/f136a61b7f7a261c21dec13bd74c2433/screenshot - {}
RESULT: {}
RESULT: {"script":"<script> [8489 bytes]","args":[{"element-6066-11e4-a52e-4f735466cecf":"f.251560D58745C022DB31178F8D5A847A.d.9844C92CD43214FEC7C74E3BD5EE2DC3.e.301","ELEMENT":"f.251560D58745C022DB31178F8D5A847A.d.9844C92CD43214FEC7C74E3BD5EE2DC3.e.301"}]}
COMMAND: POST /session/f136a61b7f7a261c21dec13bd74c2433/execute/sync - {"script":"<script> [5351 bytes]","args":[{"element-6066-11e4-a52e-4f735466cecf":"f.251560D58745C022DB31178F8D5A847A.d.9844C92CD43214FEC7C74E3BD5EE2DC3.e.301","ELEMENT":"f.251560D58745C022DB31178F8D5A847A.d.9844C92CD43214FEC7C74E3BD5EE2DC3.e.301"}]}
COMMAND: GET /session/f136a61b7f7a261c21dec13bd74c2433/screenshot - {}
RESULT: {}
RESULT: {"script":"<script> [5351 bytes]","args":[{"element-6066-11e4-a52e-4f735466cecf":"f.251560D58745C022DB31178F8D5A847A.d.9844C92CD43214FEC7C74E3BD5EE2DC3.e.301","ELEMENT":"f.251560D58745C022DB31178F8D5A847A.d.9844C92CD43214FEC7C74E3BD5EE2DC3.e.301"}]}
COMMAND: GET /session/f136a61b7f7a261c21dec13bd74c2433/screenshot - {}
RESULT: {}
RESULT: {}
COMMAND: POST /session/f136a61b7f7a261c21dec13bd74c2433/execute/async - {"script":"<script> [1562 bytes]","args":[{"selector":{"id":"application-addressmanagement-display-component---masterAdm--smartFilterBar-btnBasicSearch","interaction":{"idSuffix":"I"}},"wdio_ui5_key":"applicationaddressmanagement-display-component---masterAdm--smartFilterBar-btnBasicSearch"}]}
RESULT: {"script":"<script> [1562 bytes]","args":[{"selector":{"id":"application-addressmanagement-display-component---masterAdm--smartFilterBar-btnBasicSearch","interaction":{"idSuffix":"I"}},"wdio_ui5_key":"applicationaddressmanagement-display-component---masterAdm--smartFilterBar-btnBasicSearch"}]}
RESULT: undefined
COMMAND: POST /session/f136a61b7f7a261c21dec13bd74c2433/execute/async - {"script":"<script> [776 bytes]","args":[{"enterText":"8f2Rb7OXsY","selector":{"id":"application-addressmanagement-display-component---masterAdm--smartFilterBar-btnBasicSearch","interaction":{"idSuffix":"I"}},"clearTextFirst":true,"interactionType":"ENTER_TEXT"}]}
RESULT: {"script":"<script> [776 bytes]","args":[{"enterText":"8f2Rb7OXsY","selector":{"id":"application-addressmanagement-display-component---masterAdm--smartFilterBar-btnBasicSearch","interaction":{"idSuffix":"I"}},"clearTextFirst":true,"interactionType":"ENTER_TEXT"}]}
COMMAND: POST /session/f136a61b7f7a261c21dec13bd74c2433/actions - {"actions":[{"id":"action1","type":"key","parameters":{},"actions":[{"type":"keyDown","value":"î€‡"},{"type":"pause","duration":10},{"type":"keyUp","value":"î€‡"}]}]}
RESULT: {"actions":[{"id":"action1","type":"key","parameters":{},"actions":[{"type":"keyDown","value":"î€‡"},{"type":"pause","duration":10},{"type":"keyUp","value":"î€‡"}]}]}
COMMAND: GET /session/f136a61b7f7a261c21dec13bd74c2433/screenshot - {}
RESULT: {}
COMMAND: POST /session/f136a61b7f7a261c21dec13bd74c2433/elements - {"using":"xpath","value":"//table[contains(@id, \"customPersonsAddressesTable-listUl\")]/tbody/tr"}
RESULT: {"using":"xpath","value":"//table[contains(@id, \"customPersonsAddressesTable-listUl\")]/tbody/tr"}
COMMAND: POST /session/f136a61b7f7a261c21dec13bd74c2433/element - {"using":"xpath","value":"//table[contains(@id, \"customPersonsAddressesTable-listUl\")]/tbody/tr[1]/td[5]/span/span"}
RESULT: {"using":"xpath","value":"//table[contains(@id, \"customPersonsAddressesTable-listUl\")]/tbody/tr[1]/td[5]/span/span"}
COMMAND: POST /session/f136a61b7f7a261c21dec13bd74c2433/element - {"using":"xpath","value":"//table[contains(@id, \"customPersonsAddressesTable-listUl\")]/tbody/tr[1]/td[3]/span"}
RESULT: {"using":"xpath","value":"//table[contains(@id, \"customPersonsAddressesTable-listUl\")]/tbody/tr[1]/td[3]/span"}
COMMAND: POST /session/f136a61b7f7a261c21dec13bd74c2433/elements - {"using":"xpath","value":"//table[contains(@id, \"customPersonsAddressesTable-listUl\")]/tbody/tr[1]/td[5]/span/span"}
RESULT: {"using":"xpath","value":"//table[contains(@id, \"customPersonsAddressesTable-listUl\")]/tbody/tr[1]/td[5]/span/span"}
COMMAND: POST /session/f136a61b7f7a261c21dec13bd74c2433/element - {"using":"xpath","value":"//span[@id=\"application-addressmanagement-display-component---masterAdm--smartTable-header-inner\"]"}
RESULT: {"using":"xpath","value":"//span[@id=\"application-addressmanagement-display-component---masterAdm--smartTable-header-inner\"]"}
COMMAND: POST /session/f136a61b7f7a261c21dec13bd74c2433/elements - {"using":"xpath","value":"//span[@id=\"application-addressmanagement-display-component---masterAdm--smartTable-header-inner\"]"}
RESULT: {"using":"xpath","value":"//span[@id=\"application-addressmanagement-display-component---masterAdm--smartTable-header-inner\"]"}
COMMAND: POST /session/f136a61b7f7a261c21dec13bd74c2433/execute/sync - {"script":"<script> [56 bytes]","args":[{"element-6066-11e4-a52e-4f735466cecf":"f.251560D58745C022DB31178F8D5A847A.d.9844C92CD43214FEC7C74E3BD5EE2DC3.e.443","ELEMENT":"f.251560D58745C022DB31178F8D5A847A.d.9844C92CD43214FEC7C74E3BD5EE2DC3.e.443"}]}
RESULT: {"script":"<script> [56 bytes]","args":[{"element-6066-11e4-a52e-4f735466cecf":"f.251560D58745C022DB31178F8D5A847A.d.9844C92CD43214FEC7C74E3BD5EE2DC3.e.443","ELEMENT":"f.251560D58745C022DB31178F8D5A847A.d.9844C92CD43214FEC7C74E3BD5EE2DC3.e.443"}]}
COMMAND: POST /session/f136a61b7f7a261c21dec13bd74c2433/element - {"using":"xpath","value":"//button[@data-kt=\"addButton\"]"}
COMMAND: GET /session/f136a61b7f7a261c21dec13bd74c2433/screenshot - {}
RESULT: {"using":"xpath","value":"//button[@data-kt=\"addButton\"]"}
COMMAND: POST /session/f136a61b7f7a261c21dec13bd74c2433/element/f.251560D58745C022DB31178F8D5A847A.d.9844C92CD43214FEC7C74E3BD5EE2DC3.e.301/click - {}
RESULT: {}
RESULT: {}
COMMAND: GET /session/f136a61b7f7a261c21dec13bd74c2433/screenshot - {}
RESULT: {}
COMMAND: POST /session/f136a61b7f7a261c21dec13bd74c2433/execute/async - {"script":"<script> [1562 bytes]","args":[{"selector":{"controlType":"sap.ui.core.Icon","viewName":"etm.portal.ui.addressmanagement.view.NewAddress","properties":{"src":{"regex":{"source":"slim\\-arrow\\-down"}}},"ancestor":{"id":"addressTitle","viewName":"etm.portal.ui.addressmanagement.view.NewAddress"}},"wdio_ui5_key":"etmportal.ui.addressmanagement.view.NewAddresssap.ui.core.Icon{\"src\":{\"regex\":{\"source\":\"slim\\\\-arrow\\\\-down\"}}}{\"id\":\"addressTitle\",\"viewName\":\"etm.portal.ui.addressmanagement.view.NewAddress\"}"}]}
RESULT: {"script":"<script> [1562 bytes]","args":[{"selector":{"controlType":"sap.ui.core.Icon","viewName":"etm.portal.ui.addressmanagement.view.NewAddress","properties":{"src":{"regex":{"source":"slim\\-arrow\\-down"}}},"ancestor":{"id":"addressTitle","viewName":"etm.portal.ui.addressmanagement.view.NewAddress"}},"wdio_ui5_key":"etmportal.ui.addressmanagement.view.NewAddresssap.ui.core.Icon{\"src\":{\"regex\":{\"source\":\"slim\\\\-arrow\\\\-down\"}}}{\"id\":\"addressTitle\",\"viewName\":\"etm.portal.ui.addressmanagement.view.NewAddress\"}"}]}
RESULT: undefined
COMMAND: POST /session/f136a61b7f7a261c21dec13bd74c2433/element - {"using":"xpath","value":"//*[@id=\"__xmlview58--addressTitle-arrow\"]"}
RESULT: {"using":"xpath","value":"//*[@id=\"__xmlview58--addressTitle-arrow\"]"}
COMMAND: POST /session/f136a61b7f7a261c21dec13bd74c2433/element/f.251560D58745C022DB31178F8D5A847A.d.9844C92CD43214FEC7C74E3BD5EE2DC3.e.473/click - {}
RESULT: {}
COMMAND: GET /session/f136a61b7f7a261c21dec13bd74c2433/screenshot - {}
RESULT: {}
COMMAND: POST /session/f136a61b7f7a261c21dec13bd74c2433/element - {"using":"xpath","value":"//li[.//span[text()=\"Dr.\"]]"}
RESULT: {"using":"xpath","value":"//li[.//span[text()=\"Dr.\"]]"}
COMMAND: POST /session/f136a61b7f7a261c21dec13bd74c2433/element/f.251560D58745C022DB31178F8D5A847A.d.9844C92CD43214FEC7C74E3BD5EE2DC3.e.589/click - {}
RESULT: {}
COMMAND: POST /session/f136a61b7f7a261c21dec13bd74c2433/execute/async - {"script":"<script> [1562 bytes]","args":[{"selector":{"controlType":"sap.ui.core.Icon","viewName":"etm.portal.ui.addressmanagement.view.NewAddress","properties":{"src":{"regex":{"source":"slim\\-arrow\\-down"}}},"ancestor":{"id":"addressDetailDetailsLanguage","viewName":"etm.portal.ui.addressmanagement.view.NewAddress"}},"wdio_ui5_key":"etmportal.ui.addressmanagement.view.NewAddresssap.ui.core.Icon{\"src\":{\"regex\":{\"source\":\"slim\\\\-arrow\\\\-down\"}}}{\"id\":\"addressDetailDetailsLanguage\",\"viewName\":\"etm.portal.ui.addressmanagement.view.NewAddress\"}"}]}
COMMAND: GET /session/f136a61b7f7a261c21dec13bd74c2433/screenshot - {}
RESULT: {"script":"<script> [1562 bytes]","args":[{"selector":{"controlType":"sap.ui.core.Icon","viewName":"etm.portal.ui.addressmanagement.view.NewAddress","properties":{"src":{"regex":{"source":"slim\\-arrow\\-down"}}},"ancestor":{"id":"addressDetailDetailsLanguage","viewName":"etm.portal.ui.addressmanagement.view.NewAddress"}},"wdio_ui5_key":"etmportal.ui.addressmanagement.view.NewAddresssap.ui.core.Icon{\"src\":{\"regex\":{\"source\":\"slim\\\\-arrow\\\\-down\"}}}{\"id\":\"addressDetailDetailsLanguage\",\"viewName\":\"etm.portal.ui.addressmanagement.view.NewAddress\"}"}]}
RESULT: undefined
COMMAND: POST /session/f136a61b7f7a261c21dec13bd74c2433/element - {"using":"xpath","value":"//*[@id=\"__xmlview58--addressDetailDetailsLanguage-arrow\"]"}
RESULT: {}
RESULT: {"using":"xpath","value":"//*[@id=\"__xmlview58--addressDetailDetailsLanguage-arrow\"]"}
COMMAND: POST /session/f136a61b7f7a261c21dec13bd74c2433/element/f.251560D58745C022DB31178F8D5A847A.d.9844C92CD43214FEC7C74E3BD5EE2DC3.e.486/click - {}
RESULT: {}
COMMAND: GET /session/f136a61b7f7a261c21dec13bd74c2433/screenshot - {}
RESULT: {}
COMMAND: POST /session/f136a61b7f7a261c21dec13bd74c2433/element - {"using":"xpath","value":"//span[contains(text(), \"English\")]"}
RESULT: {"using":"xpath","value":"//span[contains(text(), \"English\")]"}
COMMAND: POST /session/f136a61b7f7a261c21dec13bd74c2433/element/f.251560D58745C022DB31178F8D5A847A.d.9844C92CD43214FEC7C74E3BD5EE2DC3.e.590/click - {}
RESULT: {}
COMMAND: POST /session/f136a61b7f7a261c21dec13bd74c2433/execute/async - {"script":"<script> [1562 bytes]","args":[{"selector":{"controlType":"sap.m.Input","viewName":"etm.portal.ui.addressmanagement.view.NewAddress","labelFor":{"text":"Name"},"interaction":{"idSuffix":"inner"}},"wdio_ui5_key":"etmportal.ui.addressmanagement.view.NewAddresssap.m.Input{\"text\":\"Name\"}"}]}
COMMAND: GET /session/f136a61b7f7a261c21dec13bd74c2433/screenshot - {}
RESULT: {"script":"<script> [1562 bytes]","args":[{"selector":{"controlType":"sap.m.Input","viewName":"etm.portal.ui.addressmanagement.view.NewAddress","labelFor":{"text":"Name"},"interaction":{"idSuffix":"inner"}},"wdio_ui5_key":"etmportal.ui.addressmanagement.view.NewAddresssap.m.Input{\"text\":\"Name\"}"}]}
RESULT: undefined
COMMAND: POST /session/f136a61b7f7a261c21dec13bd74c2433/execute/async - {"script":"<script> [776 bytes]","args":[{"enterText":"8f2Rb7OXsY","selector":{"controlType":"sap.m.Input","viewName":"etm.portal.ui.addressmanagement.view.NewAddress","labelFor":{"text":"Name"},"interaction":{"idSuffix":"inner"}},"clearTextFirst":true,"interactionType":"ENTER_TEXT"}]}
RESULT: {}
RESULT: {"script":"<script> [776 bytes]","args":[{"enterText":"8f2Rb7OXsY","selector":{"controlType":"sap.m.Input","viewName":"etm.portal.ui.addressmanagement.view.NewAddress","labelFor":{"text":"Name"},"interaction":{"idSuffix":"inner"}},"clearTextFirst":true,"interactionType":"ENTER_TEXT"}]}
COMMAND: POST /session/f136a61b7f7a261c21dec13bd74c2433/element - {"using":"xpath","value":"//button[@title=\"Save\"]"}
RESULT: {"using":"xpath","value":"//button[@title=\"Save\"]"}
COMMAND: POST /session/f136a61b7f7a261c21dec13bd74c2433/element/f.251560D58745C022DB31178F8D5A847A.d.9844C92CD43214FEC7C74E3BD5EE2DC3.e.573/click - {}
RESULT: {}
COMMAND: GET /session/f136a61b7f7a261c21dec13bd74c2433/screenshot - {}
RESULT: {}
COMMAND: POST /session/f136a61b7f7a261c21dec13bd74c2433/element - {"using":"xpath","value":"//header[contains(@id, \"application-addressmanagement-display-component---detailAdm--ObjectPageLayout-headerTitle\")]/div[1]/div[3]/div[2]/span"}
RESULT: {"using":"xpath","value":"//header[contains(@id, \"application-addressmanagement-display-component---detailAdm--ObjectPageLayout-headerTitle\")]/div[1]/div[3]/div[2]/span"}
COMMAND: POST /session/f136a61b7f7a261c21dec13bd74c2433/elements - {"using":"xpath","value":"//header[contains(@id, \"application-addressmanagement-display-component---detailAdm--ObjectPageLayout-headerTitle\")]/div[1]/div[3]/div[2]/span"}
RESULT: {"using":"xpath","value":"//header[contains(@id, \"application-addressmanagement-display-component---detailAdm--ObjectPageLayout-headerTitle\")]/div[1]/div[3]/div[2]/span"}
COMMAND: POST /session/f136a61b7f7a261c21dec13bd74c2433/execute/sync - {"script":"<script> [56 bytes]","args":[{"element-6066-11e4-a52e-4f735466cecf":"f.251560D58745C022DB31178F8D5A847A.d.9844C92CD43214FEC7C74E3BD5EE2DC3.e.613","ELEMENT":"f.251560D58745C022DB31178F8D5A847A.d.9844C92CD43214FEC7C74E3BD5EE2DC3.e.613"}]}
RESULT: {"script":"<script> [56 bytes]","args":[{"element-6066-11e4-a52e-4f735466cecf":"f.251560D58745C022DB31178F8D5A847A.d.9844C92CD43214FEC7C74E3BD5EE2DC3.e.613","ELEMENT":"f.251560D58745C022DB31178F8D5A847A.d.9844C92CD43214FEC7C74E3BD5EE2DC3.e.613"}]}
COMMAND: GET /session/f136a61b7f7a261c21dec13bd74c2433/screenshot - {}
RESULT: {}
COMMAND: POST /session/f136a61b7f7a261c21dec13bd74c2433/element - {"using":"css selector","value":"#shell-header-logo"}
RESULT: {"using":"css selector","value":"#shell-header-logo"}
COMMAND: POST /session/f136a61b7f7a261c21dec13bd74c2433/element/f.251560D58745C022DB31178F8D5A847A.d.9844C92CD43214FEC7C74E3BD5EE2DC3.e.264/click - {}
RESULT: {}
COMMAND: GET /session/f136a61b7f7a261c21dec13bd74c2433/screenshot - {}
RESULT: {}
]]></system-out>
    </testcase>
    <testcase classname="chrome.135_0_7049_96.windows.Address_Management_Tests_US151165_US151160" name="Step 2 Should deactivate the created address in earlier step US151165" time="46.496">
      <system-out><![CDATA[
RESULT: undefined
COMMAND: POST /session/f136a61b7f7a261c21dec13bd74c2433/element - {"using":"xpath","value":"//*[@id=\"__tile33\"]"}
RESULT: {"using":"xpath","value":"//*[@id=\"__tile33\"]"}
COMMAND: POST /session/f136a61b7f7a261c21dec13bd74c2433/element/f.251560D58745C022DB31178F8D5A847A.d.9844C92CD43214FEC7C74E3BD5EE2DC3.e.215/click - {}
RESULT: {}
COMMAND: POST /session/f136a61b7f7a261c21dec13bd74c2433/element - {"using":"xpath","value":"//button[@data-kt=\"addButton\"]"}
COMMAND: GET /session/f136a61b7f7a261c21dec13bd74c2433/screenshot - {}
RESULT: {"using":"xpath","value":"//button[@data-kt=\"addButton\"]"}
COMMAND: POST /session/f136a61b7f7a261c21dec13bd74c2433/elements - {"using":"xpath","value":"//button[@data-kt=\"addButton\"]"}
RESULT: {}
RESULT: {"using":"xpath","value":"//button[@data-kt=\"addButton\"]"}
COMMAND: POST /session/f136a61b7f7a261c21dec13bd74c2433/execute/sync - {"script":"<script> [8489 bytes]","args":[{"element-6066-11e4-a52e-4f735466cecf":"f.251560D58745C022DB31178F8D5A847A.d.9844C92CD43214FEC7C74E3BD5EE2DC3.e.672","ELEMENT":"f.251560D58745C022DB31178F8D5A847A.d.9844C92CD43214FEC7C74E3BD5EE2DC3.e.672"}]}
RESULT: {"script":"<script> [8489 bytes]","args":[{"element-6066-11e4-a52e-4f735466cecf":"f.251560D58745C022DB31178F8D5A847A.d.9844C92CD43214FEC7C74E3BD5EE2DC3.e.672","ELEMENT":"f.251560D58745C022DB31178F8D5A847A.d.9844C92CD43214FEC7C74E3BD5EE2DC3.e.672"}]}
COMMAND: GET /session/f136a61b7f7a261c21dec13bd74c2433/element/f.251560D58745C022DB31178F8D5A847A.d.9844C92CD43214FEC7C74E3BD5EE2DC3.e.672/enabled - {}
COMMAND: GET /session/f136a61b7f7a261c21dec13bd74c2433/screenshot - {}
RESULT: {}
COMMAND: POST /session/f136a61b7f7a261c21dec13bd74c2433/execute/sync - {"script":"<script> [8489 bytes]","args":[{"element-6066-11e4-a52e-4f735466cecf":"f.251560D58745C022DB31178F8D5A847A.d.9844C92CD43214FEC7C74E3BD5EE2DC3.e.672","ELEMENT":"f.251560D58745C022DB31178F8D5A847A.d.9844C92CD43214FEC7C74E3BD5EE2DC3.e.672"}]}
COMMAND: GET /session/f136a61b7f7a261c21dec13bd74c2433/screenshot - {}
RESULT: {}
RESULT: {"script":"<script> [8489 bytes]","args":[{"element-6066-11e4-a52e-4f735466cecf":"f.251560D58745C022DB31178F8D5A847A.d.9844C92CD43214FEC7C74E3BD5EE2DC3.e.672","ELEMENT":"f.251560D58745C022DB31178F8D5A847A.d.9844C92CD43214FEC7C74E3BD5EE2DC3.e.672"}]}
COMMAND: POST /session/f136a61b7f7a261c21dec13bd74c2433/execute/sync - {"script":"<script> [5351 bytes]","args":[{"element-6066-11e4-a52e-4f735466cecf":"f.251560D58745C022DB31178F8D5A847A.d.9844C92CD43214FEC7C74E3BD5EE2DC3.e.672","ELEMENT":"f.251560D58745C022DB31178F8D5A847A.d.9844C92CD43214FEC7C74E3BD5EE2DC3.e.672"}]}
COMMAND: GET /session/f136a61b7f7a261c21dec13bd74c2433/screenshot - {}
RESULT: {}
RESULT: {"script":"<script> [5351 bytes]","args":[{"element-6066-11e4-a52e-4f735466cecf":"f.251560D58745C022DB31178F8D5A847A.d.9844C92CD43214FEC7C74E3BD5EE2DC3.e.672","ELEMENT":"f.251560D58745C022DB31178F8D5A847A.d.9844C92CD43214FEC7C74E3BD5EE2DC3.e.672"}]}
COMMAND: GET /session/f136a61b7f7a261c21dec13bd74c2433/screenshot - {}
RESULT: {}
RESULT: {}
RESULT: undefined
COMMAND: POST /session/f136a61b7f7a261c21dec13bd74c2433/execute/async - {"script":"<script> [776 bytes]","args":[{"enterText":"8f2Rb7OXsY","selector":{"id":"application-addressmanagement-display-component---masterAdm--smartFilterBar-btnBasicSearch","interaction":{"idSuffix":"I"}},"clearTextFirst":true,"interactionType":"ENTER_TEXT"}]}
RESULT: {"script":"<script> [776 bytes]","args":[{"enterText":"8f2Rb7OXsY","selector":{"id":"application-addressmanagement-display-component---masterAdm--smartFilterBar-btnBasicSearch","interaction":{"idSuffix":"I"}},"clearTextFirst":true,"interactionType":"ENTER_TEXT"}]}
COMMAND: POST /session/f136a61b7f7a261c21dec13bd74c2433/actions - {"actions":[{"id":"action2","type":"key","parameters":{},"actions":[{"type":"keyDown","value":"î€‡"},{"type":"pause","duration":10},{"type":"keyUp","value":"î€‡"}]}]}
RESULT: {"actions":[{"id":"action2","type":"key","parameters":{},"actions":[{"type":"keyDown","value":"î€‡"},{"type":"pause","duration":10},{"type":"keyUp","value":"î€‡"}]}]}
COMMAND: GET /session/f136a61b7f7a261c21dec13bd74c2433/screenshot - {}
RESULT: {}
COMMAND: POST /session/f136a61b7f7a261c21dec13bd74c2433/elements - {"using":"xpath","value":"//table[contains(@id, \"customPersonsAddressesTable-listUl\")]/tbody/tr"}
RESULT: {"using":"xpath","value":"//table[contains(@id, \"customPersonsAddressesTable-listUl\")]/tbody/tr"}
COMMAND: POST /session/f136a61b7f7a261c21dec13bd74c2433/element - {"using":"xpath","value":"//table[contains(@id, \"customPersonsAddressesTable-listUl\")]/tbody/tr[1]/td[5]/span/span"}
RESULT: {"using":"xpath","value":"//table[contains(@id, \"customPersonsAddressesTable-listUl\")]/tbody/tr[1]/td[5]/span/span"}
COMMAND: POST /session/f136a61b7f7a261c21dec13bd74c2433/element - {"using":"xpath","value":"//table[contains(@id, \"customPersonsAddressesTable-listUl\")]/tbody/tr[1]/td[3]/span"}
RESULT: {"using":"xpath","value":"//table[contains(@id, \"customPersonsAddressesTable-listUl\")]/tbody/tr[1]/td[3]/span"}
COMMAND: POST /session/f136a61b7f7a261c21dec13bd74c2433/elements - {"using":"xpath","value":"//table[contains(@id, \"customPersonsAddressesTable-listUl\")]/tbody/tr[1]/td[5]/span/span"}
RESULT: {"using":"xpath","value":"//table[contains(@id, \"customPersonsAddressesTable-listUl\")]/tbody/tr[1]/td[5]/span/span"}
COMMAND: POST /session/f136a61b7f7a261c21dec13bd74c2433/execute/sync - {"script":"<script> [56 bytes]","args":[{"element-6066-11e4-a52e-4f735466cecf":"f.251560D58745C022DB31178F8D5A847A.d.9844C92CD43214FEC7C74E3BD5EE2DC3.e.814","ELEMENT":"f.251560D58745C022DB31178F8D5A847A.d.9844C92CD43214FEC7C74E3BD5EE2DC3.e.814"}]}
RESULT: {"script":"<script> [56 bytes]","args":[{"element-6066-11e4-a52e-4f735466cecf":"f.251560D58745C022DB31178F8D5A847A.d.9844C92CD43214FEC7C74E3BD5EE2DC3.e.814","ELEMENT":"f.251560D58745C022DB31178F8D5A847A.d.9844C92CD43214FEC7C74E3BD5EE2DC3.e.814"}]}
COMMAND: POST /session/f136a61b7f7a261c21dec13bd74c2433/execute/sync - {"script":"<script> [56 bytes]","args":[{"element-6066-11e4-a52e-4f735466cecf":"f.251560D58745C022DB31178F8D5A847A.d.9844C92CD43214FEC7C74E3BD5EE2DC3.e.815","ELEMENT":"f.251560D58745C022DB31178F8D5A847A.d.9844C92CD43214FEC7C74E3BD5EE2DC3.e.815"}]}
COMMAND: GET /session/f136a61b7f7a261c21dec13bd74c2433/screenshot - {}
RESULT: {"script":"<script> [56 bytes]","args":[{"element-6066-11e4-a52e-4f735466cecf":"f.251560D58745C022DB31178F8D5A847A.d.9844C92CD43214FEC7C74E3BD5EE2DC3.e.815","ELEMENT":"f.251560D58745C022DB31178F8D5A847A.d.9844C92CD43214FEC7C74E3BD5EE2DC3.e.815"}]}
COMMAND: POST /session/f136a61b7f7a261c21dec13bd74c2433/element - {"using":"xpath","value":"//table[contains(@id, \"customPersonsAddressesTable-listUl\")]/tbody/tr[1]/td[10]/div/span"}
COMMAND: GET /session/f136a61b7f7a261c21dec13bd74c2433/screenshot - {}
RESULT: {}
RESULT: {"using":"xpath","value":"//table[contains(@id, \"customPersonsAddressesTable-listUl\")]/tbody/tr[1]/td[10]/div/span"}
COMMAND: POST /session/f136a61b7f7a261c21dec13bd74c2433/execute/sync - {"script":"<script> [56 bytes]","args":[{"element-6066-11e4-a52e-4f735466cecf":"f.251560D58745C022DB31178F8D5A847A.d.9844C92CD43214FEC7C74E3BD5EE2DC3.e.816","ELEMENT":"f.251560D58745C022DB31178F8D5A847A.d.9844C92CD43214FEC7C74E3BD5EE2DC3.e.816"}]}
RESULT: {}
RESULT: {"script":"<script> [56 bytes]","args":[{"element-6066-11e4-a52e-4f735466cecf":"f.251560D58745C022DB31178F8D5A847A.d.9844C92CD43214FEC7C74E3BD5EE2DC3.e.816","ELEMENT":"f.251560D58745C022DB31178F8D5A847A.d.9844C92CD43214FEC7C74E3BD5EE2DC3.e.816"}]}
COMMAND: POST /session/f136a61b7f7a261c21dec13bd74c2433/element - {"using":"xpath","value":"//table[contains(@id, \"customPersonsAddressesTable-listUl\")]/tbody/tr[1]/td[2]/div/div"}
COMMAND: GET /session/f136a61b7f7a261c21dec13bd74c2433/screenshot - {}
RESULT: {"using":"xpath","value":"//table[contains(@id, \"customPersonsAddressesTable-listUl\")]/tbody/tr[1]/td[2]/div/div"}
COMMAND: POST /session/f136a61b7f7a261c21dec13bd74c2433/element/f.251560D58745C022DB31178F8D5A847A.d.9844C92CD43214FEC7C74E3BD5EE2DC3.e.817/click - {}
RESULT: {}
RESULT: {}
COMMAND: GET /session/f136a61b7f7a261c21dec13bd74c2433/screenshot - {}
RESULT: {}
COMMAND: POST /session/f136a61b7f7a261c21dec13bd74c2433/element - {"using":"xpath","value":"//bdi[contains(text(), \"Deactivate\")]"}
RESULT: {"using":"xpath","value":"//bdi[contains(text(), \"Deactivate\")]"}
COMMAND: POST /session/f136a61b7f7a261c21dec13bd74c2433/element/f.251560D58745C022DB31178F8D5A847A.d.9844C92CD43214FEC7C74E3BD5EE2DC3.e.818/click - {}
RESULT: {}
COMMAND: GET /session/f136a61b7f7a261c21dec13bd74c2433/screenshot - {}
RESULT: {}
COMMAND: POST /session/f136a61b7f7a261c21dec13bd74c2433/element - {"using":"xpath","value":"//bdi[contains(text(), \"Yes\")]"}
RESULT: {"using":"xpath","value":"//bdi[contains(text(), \"Yes\")]"}
COMMAND: POST /session/f136a61b7f7a261c21dec13bd74c2433/element/f.251560D58745C022DB31178F8D5A847A.d.9844C92CD43214FEC7C74E3BD5EE2DC3.e.820/click - {}
RESULT: {}
COMMAND: GET /session/f136a61b7f7a261c21dec13bd74c2433/screenshot - {}
RESULT: {}
COMMAND: POST /session/f136a61b7f7a261c21dec13bd74c2433/element - {"using":"xpath","value":"//table[contains(@id, \"customPersonsAddressesTable-listUl\")]/tbody/tr[1]/td[10]/div/span"}
RESULT: {"using":"xpath","value":"//table[contains(@id, \"customPersonsAddressesTable-listUl\")]/tbody/tr[1]/td[10]/div/span"}
COMMAND: POST /session/f136a61b7f7a261c21dec13bd74c2433/execute/sync - {"script":"<script> [56 bytes]","args":[{"element-6066-11e4-a52e-4f735466cecf":"f.251560D58745C022DB31178F8D5A847A.d.9844C92CD43214FEC7C74E3BD5EE2DC3.e.816","ELEMENT":"f.251560D58745C022DB31178F8D5A847A.d.9844C92CD43214FEC7C74E3BD5EE2DC3.e.816"}]}
RESULT: {"script":"<script> [56 bytes]","args":[{"element-6066-11e4-a52e-4f735466cecf":"f.251560D58745C022DB31178F8D5A847A.d.9844C92CD43214FEC7C74E3BD5EE2DC3.e.816","ELEMENT":"f.251560D58745C022DB31178F8D5A847A.d.9844C92CD43214FEC7C74E3BD5EE2DC3.e.816"}]}
COMMAND: GET /session/f136a61b7f7a261c21dec13bd74c2433/screenshot - {}
RESULT: {}
COMMAND: POST /session/f136a61b7f7a261c21dec13bd74c2433/element - {"using":"css selector","value":"#shell-header-logo"}
RESULT: {"using":"css selector","value":"#shell-header-logo"}
COMMAND: POST /session/f136a61b7f7a261c21dec13bd74c2433/element/f.251560D58745C022DB31178F8D5A847A.d.9844C92CD43214FEC7C74E3BD5EE2DC3.e.618/click - {}
RESULT: {}
COMMAND: GET /session/f136a61b7f7a261c21dec13bd74c2433/screenshot - {}
RESULT: {}
]]></system-out>
    </testcase>
    <testcase classname="chrome.135_0_7049_96.windows.Address_Management_Tests_US151165_US151160" name="Step 3 Should activate the created address back again US151160" time="52.662">
      <system-out><![CDATA[
RESULT: undefined
COMMAND: POST /session/f136a61b7f7a261c21dec13bd74c2433/element - {"using":"xpath","value":"//*[@id=\"__tile33\"]"}
RESULT: {"using":"xpath","value":"//*[@id=\"__tile33\"]"}
COMMAND: POST /session/f136a61b7f7a261c21dec13bd74c2433/element/f.251560D58745C022DB31178F8D5A847A.d.9844C92CD43214FEC7C74E3BD5EE2DC3.e.215/click - {}
RESULT: {}
COMMAND: POST /session/f136a61b7f7a261c21dec13bd74c2433/element - {"using":"xpath","value":"//button[@data-kt=\"addButton\"]"}
COMMAND: GET /session/f136a61b7f7a261c21dec13bd74c2433/screenshot - {}
RESULT: {"using":"xpath","value":"//button[@data-kt=\"addButton\"]"}
COMMAND: POST /session/f136a61b7f7a261c21dec13bd74c2433/elements - {"using":"xpath","value":"//button[@data-kt=\"addButton\"]"}
RESULT: {}
RESULT: {"using":"xpath","value":"//button[@data-kt=\"addButton\"]"}
COMMAND: POST /session/f136a61b7f7a261c21dec13bd74c2433/elements - {"using":"xpath","value":"//button[@data-kt=\"addButton\"]"}
RESULT: {"using":"xpath","value":"//button[@data-kt=\"addButton\"]"}
COMMAND: POST /session/f136a61b7f7a261c21dec13bd74c2433/elements - {"using":"xpath","value":"//button[@data-kt=\"addButton\"]"}
RESULT: {"using":"xpath","value":"//button[@data-kt=\"addButton\"]"}
COMMAND: POST /session/f136a61b7f7a261c21dec13bd74c2433/element - {"using":"xpath","value":"//button[@data-kt=\"addButton\"]"}
RESULT: {"using":"xpath","value":"//button[@data-kt=\"addButton\"]"}
COMMAND: POST /session/f136a61b7f7a261c21dec13bd74c2433/execute/sync - {"script":"<script> [8489 bytes]","args":[{"element-6066-11e4-a52e-4f735466cecf":"f.251560D58745C022DB31178F8D5A847A.d.9844C92CD43214FEC7C74E3BD5EE2DC3.e.882","ELEMENT":"f.251560D58745C022DB31178F8D5A847A.d.9844C92CD43214FEC7C74E3BD5EE2DC3.e.882"}]}
RESULT: {"script":"<script> [8489 bytes]","args":[{"element-6066-11e4-a52e-4f735466cecf":"f.251560D58745C022DB31178F8D5A847A.d.9844C92CD43214FEC7C74E3BD5EE2DC3.e.882","ELEMENT":"f.251560D58745C022DB31178F8D5A847A.d.9844C92CD43214FEC7C74E3BD5EE2DC3.e.882"}]}
COMMAND: GET /session/f136a61b7f7a261c21dec13bd74c2433/element/f.251560D58745C022DB31178F8D5A847A.d.9844C92CD43214FEC7C74E3BD5EE2DC3.e.882/enabled - {}
COMMAND: GET /session/f136a61b7f7a261c21dec13bd74c2433/screenshot - {}
RESULT: {}
COMMAND: POST /session/f136a61b7f7a261c21dec13bd74c2433/execute/sync - {"script":"<script> [8489 bytes]","args":[{"element-6066-11e4-a52e-4f735466cecf":"f.251560D58745C022DB31178F8D5A847A.d.9844C92CD43214FEC7C74E3BD5EE2DC3.e.882","ELEMENT":"f.251560D58745C022DB31178F8D5A847A.d.9844C92CD43214FEC7C74E3BD5EE2DC3.e.882"}]}
COMMAND: GET /session/f136a61b7f7a261c21dec13bd74c2433/screenshot - {}
RESULT: {}
RESULT: {"script":"<script> [8489 bytes]","args":[{"element-6066-11e4-a52e-4f735466cecf":"f.251560D58745C022DB31178F8D5A847A.d.9844C92CD43214FEC7C74E3BD5EE2DC3.e.882","ELEMENT":"f.251560D58745C022DB31178F8D5A847A.d.9844C92CD43214FEC7C74E3BD5EE2DC3.e.882"}]}
COMMAND: POST /session/f136a61b7f7a261c21dec13bd74c2433/execute/sync - {"script":"<script> [5351 bytes]","args":[{"element-6066-11e4-a52e-4f735466cecf":"f.251560D58745C022DB31178F8D5A847A.d.9844C92CD43214FEC7C74E3BD5EE2DC3.e.882","ELEMENT":"f.251560D58745C022DB31178F8D5A847A.d.9844C92CD43214FEC7C74E3BD5EE2DC3.e.882"}]}
RESULT: {}
COMMAND: GET /session/f136a61b7f7a261c21dec13bd74c2433/screenshot - {}
RESULT: {"script":"<script> [5351 bytes]","args":[{"element-6066-11e4-a52e-4f735466cecf":"f.251560D58745C022DB31178F8D5A847A.d.9844C92CD43214FEC7C74E3BD5EE2DC3.e.882","ELEMENT":"f.251560D58745C022DB31178F8D5A847A.d.9844C92CD43214FEC7C74E3BD5EE2DC3.e.882"}]}
COMMAND: GET /session/f136a61b7f7a261c21dec13bd74c2433/screenshot - {}
RESULT: {}
RESULT: {}
RESULT: undefined
COMMAND: POST /session/f136a61b7f7a261c21dec13bd74c2433/execute/async - {"script":"<script> [776 bytes]","args":[{"enterText":"8f2Rb7OXsY","selector":{"id":"application-addressmanagement-display-component---masterAdm--smartFilterBar-btnBasicSearch","interaction":{"idSuffix":"I"}},"clearTextFirst":true,"interactionType":"ENTER_TEXT"}]}
RESULT: {"script":"<script> [776 bytes]","args":[{"enterText":"8f2Rb7OXsY","selector":{"id":"application-addressmanagement-display-component---masterAdm--smartFilterBar-btnBasicSearch","interaction":{"idSuffix":"I"}},"clearTextFirst":true,"interactionType":"ENTER_TEXT"}]}
COMMAND: POST /session/f136a61b7f7a261c21dec13bd74c2433/actions - {"actions":[{"id":"action3","type":"key","parameters":{},"actions":[{"type":"keyDown","value":"î€‡"},{"type":"pause","duration":10},{"type":"keyUp","value":"î€‡"}]}]}
RESULT: {"actions":[{"id":"action3","type":"key","parameters":{},"actions":[{"type":"keyDown","value":"î€‡"},{"type":"pause","duration":10},{"type":"keyUp","value":"î€‡"}]}]}
COMMAND: GET /session/f136a61b7f7a261c21dec13bd74c2433/screenshot - {}
RESULT: {}
COMMAND: POST /session/f136a61b7f7a261c21dec13bd74c2433/elements - {"using":"xpath","value":"//table[contains(@id, \"customPersonsAddressesTable-listUl\")]/tbody/tr"}
RESULT: {"using":"xpath","value":"//table[contains(@id, \"customPersonsAddressesTable-listUl\")]/tbody/tr"}
COMMAND: POST /session/f136a61b7f7a261c21dec13bd74c2433/element - {"using":"xpath","value":"//table[contains(@id, \"customPersonsAddressesTable-listUl\")]/tbody/tr[1]/td[5]/span/span"}
RESULT: {"using":"xpath","value":"//table[contains(@id, \"customPersonsAddressesTable-listUl\")]/tbody/tr[1]/td[5]/span/span"}
COMMAND: POST /session/f136a61b7f7a261c21dec13bd74c2433/element - {"using":"xpath","value":"//table[contains(@id, \"customPersonsAddressesTable-listUl\")]/tbody/tr[1]/td[3]/span"}
RESULT: {"using":"xpath","value":"//table[contains(@id, \"customPersonsAddressesTable-listUl\")]/tbody/tr[1]/td[3]/span"}
COMMAND: POST /session/f136a61b7f7a261c21dec13bd74c2433/elements - {"using":"xpath","value":"//table[contains(@id, \"customPersonsAddressesTable-listUl\")]/tbody/tr[1]/td[5]/span/span"}
RESULT: {"using":"xpath","value":"//table[contains(@id, \"customPersonsAddressesTable-listUl\")]/tbody/tr[1]/td[5]/span/span"}
COMMAND: POST /session/f136a61b7f7a261c21dec13bd74c2433/execute/sync - {"script":"<script> [56 bytes]","args":[{"element-6066-11e4-a52e-4f735466cecf":"f.251560D58745C022DB31178F8D5A847A.d.9844C92CD43214FEC7C74E3BD5EE2DC3.e.1024","ELEMENT":"f.251560D58745C022DB31178F8D5A847A.d.9844C92CD43214FEC7C74E3BD5EE2DC3.e.1024"}]}
RESULT: {"script":"<script> [56 bytes]","args":[{"element-6066-11e4-a52e-4f735466cecf":"f.251560D58745C022DB31178F8D5A847A.d.9844C92CD43214FEC7C74E3BD5EE2DC3.e.1024","ELEMENT":"f.251560D58745C022DB31178F8D5A847A.d.9844C92CD43214FEC7C74E3BD5EE2DC3.e.1024"}]}
COMMAND: POST /session/f136a61b7f7a261c21dec13bd74c2433/execute/sync - {"script":"<script> [56 bytes]","args":[{"element-6066-11e4-a52e-4f735466cecf":"f.251560D58745C022DB31178F8D5A847A.d.9844C92CD43214FEC7C74E3BD5EE2DC3.e.1025","ELEMENT":"f.251560D58745C022DB31178F8D5A847A.d.9844C92CD43214FEC7C74E3BD5EE2DC3.e.1025"}]}
COMMAND: GET /session/f136a61b7f7a261c21dec13bd74c2433/screenshot - {}
RESULT: {"script":"<script> [56 bytes]","args":[{"element-6066-11e4-a52e-4f735466cecf":"f.251560D58745C022DB31178F8D5A847A.d.9844C92CD43214FEC7C74E3BD5EE2DC3.e.1025","ELEMENT":"f.251560D58745C022DB31178F8D5A847A.d.9844C92CD43214FEC7C74E3BD5EE2DC3.e.1025"}]}
COMMAND: POST /session/f136a61b7f7a261c21dec13bd74c2433/element - {"using":"xpath","value":"//table[contains(@id, \"customPersonsAddressesTable-listUl\")]/tbody/tr[1]/td[10]/div/span"}
COMMAND: GET /session/f136a61b7f7a261c21dec13bd74c2433/screenshot - {}
RESULT: {}
RESULT: {"using":"xpath","value":"//table[contains(@id, \"customPersonsAddressesTable-listUl\")]/tbody/tr[1]/td[10]/div/span"}
COMMAND: POST /session/f136a61b7f7a261c21dec13bd74c2433/execute/sync - {"script":"<script> [56 bytes]","args":[{"element-6066-11e4-a52e-4f735466cecf":"f.251560D58745C022DB31178F8D5A847A.d.9844C92CD43214FEC7C74E3BD5EE2DC3.e.1026","ELEMENT":"f.251560D58745C022DB31178F8D5A847A.d.9844C92CD43214FEC7C74E3BD5EE2DC3.e.1026"}]}
RESULT: {}
RESULT: {"script":"<script> [56 bytes]","args":[{"element-6066-11e4-a52e-4f735466cecf":"f.251560D58745C022DB31178F8D5A847A.d.9844C92CD43214FEC7C74E3BD5EE2DC3.e.1026","ELEMENT":"f.251560D58745C022DB31178F8D5A847A.d.9844C92CD43214FEC7C74E3BD5EE2DC3.e.1026"}]}
COMMAND: POST /session/f136a61b7f7a261c21dec13bd74c2433/element - {"using":"xpath","value":"//table[contains(@id, \"customPersonsAddressesTable-listUl\")]/tbody/tr[1]/td[2]/div/div"}
COMMAND: GET /session/f136a61b7f7a261c21dec13bd74c2433/screenshot - {}
RESULT: {"using":"xpath","value":"//table[contains(@id, \"customPersonsAddressesTable-listUl\")]/tbody/tr[1]/td[2]/div/div"}
COMMAND: POST /session/f136a61b7f7a261c21dec13bd74c2433/element/f.251560D58745C022DB31178F8D5A847A.d.9844C92CD43214FEC7C74E3BD5EE2DC3.e.1027/click - {}
RESULT: {}
RESULT: {}
COMMAND: GET /session/f136a61b7f7a261c21dec13bd74c2433/screenshot - {}
RESULT: {}
COMMAND: POST /session/f136a61b7f7a261c21dec13bd74c2433/element - {"using":"xpath","value":"//bdi[contains(text(), \"Activate\")]"}
RESULT: {"using":"xpath","value":"//bdi[contains(text(), \"Activate\")]"}
COMMAND: POST /session/f136a61b7f7a261c21dec13bd74c2433/element/f.251560D58745C022DB31178F8D5A847A.d.9844C92CD43214FEC7C74E3BD5EE2DC3.e.1028/click - {}
RESULT: {}
COMMAND: GET /session/f136a61b7f7a261c21dec13bd74c2433/screenshot - {}
RESULT: {}
COMMAND: POST /session/f136a61b7f7a261c21dec13bd74c2433/element - {"using":"xpath","value":"//bdi[contains(text(), \"Yes\")]"}
RESULT: {"using":"xpath","value":"//bdi[contains(text(), \"Yes\")]"}
COMMAND: POST /session/f136a61b7f7a261c21dec13bd74c2433/element/f.251560D58745C022DB31178F8D5A847A.d.9844C92CD43214FEC7C74E3BD5EE2DC3.e.1030/click - {}
RESULT: {}
COMMAND: GET /session/f136a61b7f7a261c21dec13bd74c2433/screenshot - {}
RESULT: {}
COMMAND: POST /session/f136a61b7f7a261c21dec13bd74c2433/element - {"using":"xpath","value":"//table[contains(@id, \"customPersonsAddressesTable-listUl\")]/tbody/tr[1]/td[10]/div/span"}
RESULT: {"using":"xpath","value":"//table[contains(@id, \"customPersonsAddressesTable-listUl\")]/tbody/tr[1]/td[10]/div/span"}
COMMAND: POST /session/f136a61b7f7a261c21dec13bd74c2433/execute/sync - {"script":"<script> [56 bytes]","args":[{"element-6066-11e4-a52e-4f735466cecf":"f.251560D58745C022DB31178F8D5A847A.d.9844C92CD43214FEC7C74E3BD5EE2DC3.e.1026","ELEMENT":"f.251560D58745C022DB31178F8D5A847A.d.9844C92CD43214FEC7C74E3BD5EE2DC3.e.1026"}]}
RESULT: {"script":"<script> [56 bytes]","args":[{"element-6066-11e4-a52e-4f735466cecf":"f.251560D58745C022DB31178F8D5A847A.d.9844C92CD43214FEC7C74E3BD5EE2DC3.e.1026","ELEMENT":"f.251560D58745C022DB31178F8D5A847A.d.9844C92CD43214FEC7C74E3BD5EE2DC3.e.1026"}]}
COMMAND: GET /session/f136a61b7f7a261c21dec13bd74c2433/screenshot - {}
RESULT: {}
COMMAND: POST /session/f136a61b7f7a261c21dec13bd74c2433/element - {"using":"css selector","value":"#shell-header-logo"}
RESULT: {"using":"css selector","value":"#shell-header-logo"}
COMMAND: POST /session/f136a61b7f7a261c21dec13bd74c2433/element/f.251560D58745C022DB31178F8D5A847A.d.9844C92CD43214FEC7C74E3BD5EE2DC3.e.828/click - {}
RESULT: {}
COMMAND: GET /session/f136a61b7f7a261c21dec13bd74c2433/screenshot - {}
RESULT: {}
COMMAND: DELETE /session/f136a61b7f7a261c21dec13bd74c2433 - {}
RESULT: {}
]]></system-out>
    </testcase>
  </testsuite>
</testsuites>