<?xml version="1.0" encoding="UTF-8"?>
<testsuites tests="21" failures="0" errors="0" skipped="0">
  <testsuite timestamp="2025-04-18T17:02:51" time="334.529" tests="3" failures="0" errors="0" skipped="0">
    <properties>
      <property name="specId" value="0"/>
      <property name="suiteName" value="Create condition pricing US117289 US134625"/>
      <property name="capabilities" value="chrome.135_0_7049_42.windows"/>
      <property name="file" value="file:///D:/a/1/s/test/specs/BTS/create-condition-pricing.spec.js"/>
    </properties>
    <testcase classname="chrome.135_0_7049_42.windows.Create_condition_pricing_US117289_US134625" name="Should create a new yard used for all following tests" time="102.796">
      <system-out><![CDATA[
COMMAND: POST /session/a9ef15c056c2e43ebaea63ed65e0d12a/window/fullscreen - {}
RESULT: {}
COMMAND: POST /session/a9ef15c056c2e43ebaea63ed65e0d12a/execute/async - {"script":"<script> [1562 bytes]","args":[{"selector":{"controlType":"sap.m.GenericTile","properties":{"header":"Manage Yards"}},"wdio_ui5_key":"sapm.GenericTile{\"header\":\"Manage Yards\"}"}]}
RESULT: {"script":"<script> [1562 bytes]","args":[{"selector":{"controlType":"sap.m.GenericTile","properties":{"header":"Manage Yards"}},"wdio_ui5_key":"sapm.GenericTile{\"header\":\"Manage Yards\"}"}]}
RESULT: undefined
COMMAND: POST /session/a9ef15c056c2e43ebaea63ed65e0d12a/element - {"using":"xpath","value":"//*[@id=\"__tile41\"]"}
RESULT: {"using":"xpath","value":"//*[@id=\"__tile41\"]"}
COMMAND: POST /session/a9ef15c056c2e43ebaea63ed65e0d12a/element/f.5C1E112C024A7E7EDD35BD5D9BF8FD55.d.7C23359F1ECBE92D4104F09B710EE4EB.e.160/click - {}
RESULT: {}
COMMAND: POST /session/a9ef15c056c2e43ebaea63ed65e0d12a/element - {"using":"xpath","value":"//button[@data-kt=\"addNewYardOverflowToolbarButton\"]"}
COMMAND: GET /session/a9ef15c056c2e43ebaea63ed65e0d12a/screenshot - {}
RESULT: {"using":"xpath","value":"//button[@data-kt=\"addNewYardOverflowToolbarButton\"]"}
COMMAND: POST /session/a9ef15c056c2e43ebaea63ed65e0d12a/elements - {"using":"xpath","value":"//button[@data-kt=\"addNewYardOverflowToolbarButton\"]"}
RESULT: {}
RESULT: {"using":"xpath","value":"//button[@data-kt=\"addNewYardOverflowToolbarButton\"]"}
COMMAND: POST /session/a9ef15c056c2e43ebaea63ed65e0d12a/elements - {"using":"xpath","value":"//button[@data-kt=\"addNewYardOverflowToolbarButton\"]"}
RESULT: {"using":"xpath","value":"//button[@data-kt=\"addNewYardOverflowToolbarButton\"]"}
COMMAND: POST /session/a9ef15c056c2e43ebaea63ed65e0d12a/elements - {"using":"xpath","value":"//button[@data-kt=\"addNewYardOverflowToolbarButton\"]"}
RESULT: {"using":"xpath","value":"//button[@data-kt=\"addNewYardOverflowToolbarButton\"]"}
COMMAND: POST /session/a9ef15c056c2e43ebaea63ed65e0d12a/elements - {"using":"xpath","value":"//button[@data-kt=\"addNewYardOverflowToolbarButton\"]"}
RESULT: {"using":"xpath","value":"//button[@data-kt=\"addNewYardOverflowToolbarButton\"]"}
COMMAND: POST /session/a9ef15c056c2e43ebaea63ed65e0d12a/elements - {"using":"xpath","value":"//button[@data-kt=\"addNewYardOverflowToolbarButton\"]"}
RESULT: {"using":"xpath","value":"//button[@data-kt=\"addNewYardOverflowToolbarButton\"]"}
COMMAND: POST /session/a9ef15c056c2e43ebaea63ed65e0d12a/elements - {"using":"xpath","value":"//button[@data-kt=\"addNewYardOverflowToolbarButton\"]"}
RESULT: {"using":"xpath","value":"//button[@data-kt=\"addNewYardOverflowToolbarButton\"]"}
COMMAND: POST /session/a9ef15c056c2e43ebaea63ed65e0d12a/elements - {"using":"xpath","value":"//button[@data-kt=\"addNewYardOverflowToolbarButton\"]"}
RESULT: {"using":"xpath","value":"//button[@data-kt=\"addNewYardOverflowToolbarButton\"]"}
COMMAND: POST /session/a9ef15c056c2e43ebaea63ed65e0d12a/elements - {"using":"xpath","value":"//button[@data-kt=\"addNewYardOverflowToolbarButton\"]"}
RESULT: {"using":"xpath","value":"//button[@data-kt=\"addNewYardOverflowToolbarButton\"]"}
COMMAND: POST /session/a9ef15c056c2e43ebaea63ed65e0d12a/elements - {"using":"xpath","value":"//button[@data-kt=\"addNewYardOverflowToolbarButton\"]"}
RESULT: {"using":"xpath","value":"//button[@data-kt=\"addNewYardOverflowToolbarButton\"]"}
COMMAND: POST /session/a9ef15c056c2e43ebaea63ed65e0d12a/elements - {"using":"xpath","value":"//button[@data-kt=\"addNewYardOverflowToolbarButton\"]"}
RESULT: {"using":"xpath","value":"//button[@data-kt=\"addNewYardOverflowToolbarButton\"]"}
COMMAND: POST /session/a9ef15c056c2e43ebaea63ed65e0d12a/elements - {"using":"xpath","value":"//button[@data-kt=\"addNewYardOverflowToolbarButton\"]"}
RESULT: {"using":"xpath","value":"//button[@data-kt=\"addNewYardOverflowToolbarButton\"]"}
COMMAND: POST /session/a9ef15c056c2e43ebaea63ed65e0d12a/elements - {"using":"xpath","value":"//button[@data-kt=\"addNewYardOverflowToolbarButton\"]"}
RESULT: {"using":"xpath","value":"//button[@data-kt=\"addNewYardOverflowToolbarButton\"]"}
COMMAND: POST /session/a9ef15c056c2e43ebaea63ed65e0d12a/elements - {"using":"xpath","value":"//button[@data-kt=\"addNewYardOverflowToolbarButton\"]"}
RESULT: {"using":"xpath","value":"//button[@data-kt=\"addNewYardOverflowToolbarButton\"]"}
COMMAND: POST /session/a9ef15c056c2e43ebaea63ed65e0d12a/elements - {"using":"xpath","value":"//button[@data-kt=\"addNewYardOverflowToolbarButton\"]"}
RESULT: {"using":"xpath","value":"//button[@data-kt=\"addNewYardOverflowToolbarButton\"]"}
COMMAND: POST /session/a9ef15c056c2e43ebaea63ed65e0d12a/elements - {"using":"xpath","value":"//button[@data-kt=\"addNewYardOverflowToolbarButton\"]"}
RESULT: {"using":"xpath","value":"//button[@data-kt=\"addNewYardOverflowToolbarButton\"]"}
COMMAND: POST /session/a9ef15c056c2e43ebaea63ed65e0d12a/elements - {"using":"xpath","value":"//button[@data-kt=\"addNewYardOverflowToolbarButton\"]"}
RESULT: {"using":"xpath","value":"//button[@data-kt=\"addNewYardOverflowToolbarButton\"]"}
COMMAND: POST /session/a9ef15c056c2e43ebaea63ed65e0d12a/elements - {"using":"xpath","value":"//button[@data-kt=\"addNewYardOverflowToolbarButton\"]"}
RESULT: {"using":"xpath","value":"//button[@data-kt=\"addNewYardOverflowToolbarButton\"]"}
COMMAND: POST /session/a9ef15c056c2e43ebaea63ed65e0d12a/elements - {"using":"xpath","value":"//button[@data-kt=\"addNewYardOverflowToolbarButton\"]"}
RESULT: {"using":"xpath","value":"//button[@data-kt=\"addNewYardOverflowToolbarButton\"]"}
COMMAND: POST /session/a9ef15c056c2e43ebaea63ed65e0d12a/elements - {"using":"xpath","value":"//button[@data-kt=\"addNewYardOverflowToolbarButton\"]"}
RESULT: {"using":"xpath","value":"//button[@data-kt=\"addNewYardOverflowToolbarButton\"]"}
COMMAND: POST /session/a9ef15c056c2e43ebaea63ed65e0d12a/elements - {"using":"xpath","value":"//button[@data-kt=\"addNewYardOverflowToolbarButton\"]"}
RESULT: {"using":"xpath","value":"//button[@data-kt=\"addNewYardOverflowToolbarButton\"]"}
COMMAND: POST /session/a9ef15c056c2e43ebaea63ed65e0d12a/elements - {"using":"xpath","value":"//button[@data-kt=\"addNewYardOverflowToolbarButton\"]"}
RESULT: {"using":"xpath","value":"//button[@data-kt=\"addNewYardOverflowToolbarButton\"]"}
COMMAND: POST /session/a9ef15c056c2e43ebaea63ed65e0d12a/elements - {"using":"xpath","value":"//button[@data-kt=\"addNewYardOverflowToolbarButton\"]"}
RESULT: {"using":"xpath","value":"//button[@data-kt=\"addNewYardOverflowToolbarButton\"]"}
COMMAND: POST /session/a9ef15c056c2e43ebaea63ed65e0d12a/elements - {"using":"xpath","value":"//button[@data-kt=\"addNewYardOverflowToolbarButton\"]"}
RESULT: {"using":"xpath","value":"//button[@data-kt=\"addNewYardOverflowToolbarButton\"]"}
COMMAND: POST /session/a9ef15c056c2e43ebaea63ed65e0d12a/elements - {"using":"xpath","value":"//button[@data-kt=\"addNewYardOverflowToolbarButton\"]"}
RESULT: {"using":"xpath","value":"//button[@data-kt=\"addNewYardOverflowToolbarButton\"]"}
COMMAND: POST /session/a9ef15c056c2e43ebaea63ed65e0d12a/elements - {"using":"xpath","value":"//button[@data-kt=\"addNewYardOverflowToolbarButton\"]"}
RESULT: {"using":"xpath","value":"//button[@data-kt=\"addNewYardOverflowToolbarButton\"]"}
COMMAND: POST /session/a9ef15c056c2e43ebaea63ed65e0d12a/elements - {"using":"xpath","value":"//button[@data-kt=\"addNewYardOverflowToolbarButton\"]"}
RESULT: {"using":"xpath","value":"//button[@data-kt=\"addNewYardOverflowToolbarButton\"]"}
COMMAND: POST /session/a9ef15c056c2e43ebaea63ed65e0d12a/elements - {"using":"xpath","value":"//button[@data-kt=\"addNewYardOverflowToolbarButton\"]"}
RESULT: {"using":"xpath","value":"//button[@data-kt=\"addNewYardOverflowToolbarButton\"]"}
COMMAND: POST /session/a9ef15c056c2e43ebaea63ed65e0d12a/elements - {"using":"xpath","value":"//button[@data-kt=\"addNewYardOverflowToolbarButton\"]"}
RESULT: {"using":"xpath","value":"//button[@data-kt=\"addNewYardOverflowToolbarButton\"]"}
COMMAND: POST /session/a9ef15c056c2e43ebaea63ed65e0d12a/elements - {"using":"xpath","value":"//button[@data-kt=\"addNewYardOverflowToolbarButton\"]"}
RESULT: {"using":"xpath","value":"//button[@data-kt=\"addNewYardOverflowToolbarButton\"]"}
COMMAND: POST /session/a9ef15c056c2e43ebaea63ed65e0d12a/elements - {"using":"xpath","value":"//button[@data-kt=\"addNewYardOverflowToolbarButton\"]"}
RESULT: {"using":"xpath","value":"//button[@data-kt=\"addNewYardOverflowToolbarButton\"]"}
COMMAND: POST /session/a9ef15c056c2e43ebaea63ed65e0d12a/element - {"using":"xpath","value":"//button[@data-kt=\"addNewYardOverflowToolbarButton\"]"}
RESULT: {"using":"xpath","value":"//button[@data-kt=\"addNewYardOverflowToolbarButton\"]"}
COMMAND: POST /session/a9ef15c056c2e43ebaea63ed65e0d12a/execute/sync - {"script":"<script> [8489 bytes]","args":[{"element-6066-11e4-a52e-4f735466cecf":"f.5C1E112C024A7E7EDD35BD5D9BF8FD55.d.7C23359F1ECBE92D4104F09B710EE4EB.e.295","ELEMENT":"f.5C1E112C024A7E7EDD35BD5D9BF8FD55.d.7C23359F1ECBE92D4104F09B710EE4EB.e.295"}]}
RESULT: {"script":"<script> [8489 bytes]","args":[{"element-6066-11e4-a52e-4f735466cecf":"f.5C1E112C024A7E7EDD35BD5D9BF8FD55.d.7C23359F1ECBE92D4104F09B710EE4EB.e.295","ELEMENT":"f.5C1E112C024A7E7EDD35BD5D9BF8FD55.d.7C23359F1ECBE92D4104F09B710EE4EB.e.295"}]}
COMMAND: GET /session/a9ef15c056c2e43ebaea63ed65e0d12a/element/f.5C1E112C024A7E7EDD35BD5D9BF8FD55.d.7C23359F1ECBE92D4104F09B710EE4EB.e.295/enabled - {}
COMMAND: GET /session/a9ef15c056c2e43ebaea63ed65e0d12a/screenshot - {}
RESULT: {}
COMMAND: POST /session/a9ef15c056c2e43ebaea63ed65e0d12a/execute/sync - {"script":"<script> [8489 bytes]","args":[{"element-6066-11e4-a52e-4f735466cecf":"f.5C1E112C024A7E7EDD35BD5D9BF8FD55.d.7C23359F1ECBE92D4104F09B710EE4EB.e.295","ELEMENT":"f.5C1E112C024A7E7EDD35BD5D9BF8FD55.d.7C23359F1ECBE92D4104F09B710EE4EB.e.295"}]}
COMMAND: GET /session/a9ef15c056c2e43ebaea63ed65e0d12a/screenshot - {}
RESULT: {}
RESULT: {"script":"<script> [8489 bytes]","args":[{"element-6066-11e4-a52e-4f735466cecf":"f.5C1E112C024A7E7EDD35BD5D9BF8FD55.d.7C23359F1ECBE92D4104F09B710EE4EB.e.295","ELEMENT":"f.5C1E112C024A7E7EDD35BD5D9BF8FD55.d.7C23359F1ECBE92D4104F09B710EE4EB.e.295"}]}
COMMAND: POST /session/a9ef15c056c2e43ebaea63ed65e0d12a/execute/sync - {"script":"<script> [5351 bytes]","args":[{"element-6066-11e4-a52e-4f735466cecf":"f.5C1E112C024A7E7EDD35BD5D9BF8FD55.d.7C23359F1ECBE92D4104F09B710EE4EB.e.295","ELEMENT":"f.5C1E112C024A7E7EDD35BD5D9BF8FD55.d.7C23359F1ECBE92D4104F09B710EE4EB.e.295"}]}
COMMAND: GET /session/a9ef15c056c2e43ebaea63ed65e0d12a/screenshot - {}
RESULT: {}
RESULT: {"script":"<script> [5351 bytes]","args":[{"element-6066-11e4-a52e-4f735466cecf":"f.5C1E112C024A7E7EDD35BD5D9BF8FD55.d.7C23359F1ECBE92D4104F09B710EE4EB.e.295","ELEMENT":"f.5C1E112C024A7E7EDD35BD5D9BF8FD55.d.7C23359F1ECBE92D4104F09B710EE4EB.e.295"}]}
COMMAND: POST /session/a9ef15c056c2e43ebaea63ed65e0d12a/element/f.5C1E112C024A7E7EDD35BD5D9BF8FD55.d.7C23359F1ECBE92D4104F09B710EE4EB.e.295/click - {}
COMMAND: GET /session/a9ef15c056c2e43ebaea63ed65e0d12a/screenshot - {}
RESULT: {}
RESULT: {}
COMMAND: GET /session/a9ef15c056c2e43ebaea63ed65e0d12a/screenshot - {}
RESULT: {}
COMMAND: POST /session/a9ef15c056c2e43ebaea63ed65e0d12a/element - {"using":"xpath","value":"//input[@id=\"application-manageyards-display-component---NewYard--yardId-inner\"]"}
RESULT: {}
RESULT: {"using":"xpath","value":"//input[@id=\"application-manageyards-display-component---NewYard--yardId-inner\"]"}
COMMAND: POST /session/a9ef15c056c2e43ebaea63ed65e0d12a/element - {"using":"xpath","value":"//input[@id=\"application-manageyards-display-component---NewYard--yardId-inner\"]"}
RESULT: {"using":"xpath","value":"//input[@id=\"application-manageyards-display-component---NewYard--yardId-inner\"]"}
COMMAND: POST /session/a9ef15c056c2e43ebaea63ed65e0d12a/execute/async - {"script":"<script> [1562 bytes]","args":[{"selector":{"id":"application-manageyards-display-component---NewYard--addressDetailDetailsName1","interaction":{"idSuffix":"inner"}},"wdio_ui5_key":"applicationmanageyards-display-component---NewYard--addressDetailDetailsName1"}]}
RESULT: {"script":"<script> [1562 bytes]","args":[{"selector":{"id":"application-manageyards-display-component---NewYard--addressDetailDetailsName1","interaction":{"idSuffix":"inner"}},"wdio_ui5_key":"applicationmanageyards-display-component---NewYard--addressDetailDetailsName1"}]}
RESULT: undefined
COMMAND: POST /session/a9ef15c056c2e43ebaea63ed65e0d12a/execute/async - {"script":"<script> [776 bytes]","args":[{"enterText":"DailyPrice WDIO","selector":{"id":"application-manageyards-display-component---NewYard--addressDetailDetailsName1","interaction":{"idSuffix":"inner"}},"clearTextFirst":true,"interactionType":"ENTER_TEXT"}]}
RESULT: {"script":"<script> [776 bytes]","args":[{"enterText":"DailyPrice WDIO","selector":{"id":"application-manageyards-display-component---NewYard--addressDetailDetailsName1","interaction":{"idSuffix":"inner"}},"clearTextFirst":true,"interactionType":"ENTER_TEXT"}]}
COMMAND: POST /session/a9ef15c056c2e43ebaea63ed65e0d12a/execute/async - {"script":"<script> [1562 bytes]","args":[{"selector":{"id":"application-manageyards-display-component---NewYard--addressDetailDetailsLanguage-arrow"},"wdio_ui5_key":"applicationmanageyards-display-component---NewYard--addressDetailDetailsLanguage-arrow"}]}
RESULT: {"script":"<script> [1562 bytes]","args":[{"selector":{"id":"application-manageyards-display-component---NewYard--addressDetailDetailsLanguage-arrow"},"wdio_ui5_key":"applicationmanageyards-display-component---NewYard--addressDetailDetailsLanguage-arrow"}]}
RESULT: undefined
COMMAND: POST /session/a9ef15c056c2e43ebaea63ed65e0d12a/element - {"using":"xpath","value":"//*[@id=\"application-manageyards-display-component---NewYard--addressDetailDetailsLanguage-arrow\"]"}
RESULT: {"using":"xpath","value":"//*[@id=\"application-manageyards-display-component---NewYard--addressDetailDetailsLanguage-arrow\"]"}
COMMAND: POST /session/a9ef15c056c2e43ebaea63ed65e0d12a/element/f.5C1E112C024A7E7EDD35BD5D9BF8FD55.d.7C23359F1ECBE92D4104F09B710EE4EB.e.726/click - {}
RESULT: {}
COMMAND: POST /session/a9ef15c056c2e43ebaea63ed65e0d12a/element - {"using":"xpath","value":"//span[contains(text(), \"English\")]"}
COMMAND: GET /session/a9ef15c056c2e43ebaea63ed65e0d12a/screenshot - {}
RESULT: {"using":"xpath","value":"//span[contains(text(), \"English\")]"}
COMMAND: POST /session/a9ef15c056c2e43ebaea63ed65e0d12a/element/f.5C1E112C024A7E7EDD35BD5D9BF8FD55.d.7C23359F1ECBE92D4104F09B710EE4EB.e.727/click - {}
RESULT: {}
RESULT: {}
COMMAND: POST /session/a9ef15c056c2e43ebaea63ed65e0d12a/execute/async - {"script":"<script> [1562 bytes]","args":[{"selector":{"id":"application-manageyards-display-component---NewYard--addressDetailDetailsCity1","interaction":{"idSuffix":"inner"}},"wdio_ui5_key":"applicationmanageyards-display-component---NewYard--addressDetailDetailsCity1"}]}
COMMAND: GET /session/a9ef15c056c2e43ebaea63ed65e0d12a/screenshot - {}
RESULT: {"script":"<script> [1562 bytes]","args":[{"selector":{"id":"application-manageyards-display-component---NewYard--addressDetailDetailsCity1","interaction":{"idSuffix":"inner"}},"wdio_ui5_key":"applicationmanageyards-display-component---NewYard--addressDetailDetailsCity1"}]}
RESULT: undefined
COMMAND: POST /session/a9ef15c056c2e43ebaea63ed65e0d12a/execute/async - {"script":"<script> [776 bytes]","args":[{"enterText":"Rosario","selector":{"id":"application-manageyards-display-component---NewYard--addressDetailDetailsCity1","interaction":{"idSuffix":"inner"}},"clearTextFirst":true,"interactionType":"ENTER_TEXT"}]}
RESULT: {}
RESULT: {"script":"<script> [776 bytes]","args":[{"enterText":"Rosario","selector":{"id":"application-manageyards-display-component---NewYard--addressDetailDetailsCity1","interaction":{"idSuffix":"inner"}},"clearTextFirst":true,"interactionType":"ENTER_TEXT"}]}
COMMAND: POST /session/a9ef15c056c2e43ebaea63ed65e0d12a/execute/async - {"script":"<script> [1562 bytes]","args":[{"selector":{"id":"application-manageyards-display-component---NewYard--addressDetailDetailsCountry-arrow"},"wdio_ui5_key":"applicationmanageyards-display-component---NewYard--addressDetailDetailsCountry-arrow"}]}
RESULT: {"script":"<script> [1562 bytes]","args":[{"selector":{"id":"application-manageyards-display-component---NewYard--addressDetailDetailsCountry-arrow"},"wdio_ui5_key":"applicationmanageyards-display-component---NewYard--addressDetailDetailsCountry-arrow"}]}
RESULT: undefined
COMMAND: POST /session/a9ef15c056c2e43ebaea63ed65e0d12a/element - {"using":"xpath","value":"//*[@id=\"application-manageyards-display-component---NewYard--addressDetailDetailsCountry-arrow\"]"}
RESULT: {"using":"xpath","value":"//*[@id=\"application-manageyards-display-component---NewYard--addressDetailDetailsCountry-arrow\"]"}
COMMAND: POST /session/a9ef15c056c2e43ebaea63ed65e0d12a/element/f.5C1E112C024A7E7EDD35BD5D9BF8FD55.d.7C23359F1ECBE92D4104F09B710EE4EB.e.729/click - {}
RESULT: {}
COMMAND: POST /session/a9ef15c056c2e43ebaea63ed65e0d12a/element - {"using":"xpath","value":"//span[contains(text(), \"Argentina\")]"}
COMMAND: GET /session/a9ef15c056c2e43ebaea63ed65e0d12a/screenshot - {}
RESULT: {"using":"xpath","value":"//span[contains(text(), \"Argentina\")]"}
COMMAND: POST /session/a9ef15c056c2e43ebaea63ed65e0d12a/element/f.5C1E112C024A7E7EDD35BD5D9BF8FD55.d.7C23359F1ECBE92D4104F09B710EE4EB.e.731/click - {}
RESULT: {}
RESULT: {}
COMMAND: POST /session/a9ef15c056c2e43ebaea63ed65e0d12a/execute/async - {"script":"<script> [1562 bytes]","args":[{"selector":{"id":"application-manageyards-display-component---NewYard--addressEditDetailsCostObjectCstType-arrow"},"wdio_ui5_key":"applicationmanageyards-display-component---NewYard--addressEditDetailsCostObjectCstType-arrow"}]}
COMMAND: GET /session/a9ef15c056c2e43ebaea63ed65e0d12a/screenshot - {}
RESULT: {"script":"<script> [1562 bytes]","args":[{"selector":{"id":"application-manageyards-display-component---NewYard--addressEditDetailsCostObjectCstType-arrow"},"wdio_ui5_key":"applicationmanageyards-display-component---NewYard--addressEditDetailsCostObjectCstType-arrow"}]}
RESULT: undefined
COMMAND: POST /session/a9ef15c056c2e43ebaea63ed65e0d12a/element - {"using":"xpath","value":"//*[@id=\"application-manageyards-display-component---NewYard--addressEditDetailsCostObjectCstType-arrow\"]"}
RESULT: {}
RESULT: {"using":"xpath","value":"//*[@id=\"application-manageyards-display-component---NewYard--addressEditDetailsCostObjectCstType-arrow\"]"}
COMMAND: POST /session/a9ef15c056c2e43ebaea63ed65e0d12a/element/f.5C1E112C024A7E7EDD35BD5D9BF8FD55.d.7C23359F1ECBE92D4104F09B710EE4EB.e.732/click - {}
RESULT: {}
COMMAND: POST /session/a9ef15c056c2e43ebaea63ed65e0d12a/element - {"using":"xpath","value":"//span[contains(text(), \"Cost Center\")]"}
COMMAND: GET /session/a9ef15c056c2e43ebaea63ed65e0d12a/screenshot - {}
RESULT: {"using":"xpath","value":"//span[contains(text(), \"Cost Center\")]"}
COMMAND: POST /session/a9ef15c056c2e43ebaea63ed65e0d12a/element/f.5C1E112C024A7E7EDD35BD5D9BF8FD55.d.7C23359F1ECBE92D4104F09B710EE4EB.e.733/click - {}
RESULT: {}
RESULT: {}
COMMAND: GET /session/a9ef15c056c2e43ebaea63ed65e0d12a/screenshot - {}
RESULT: {}
COMMAND: POST /session/a9ef15c056c2e43ebaea63ed65e0d12a/element - {"using":"xpath","value":"//span[@id=\"application-manageyards-display-component---NewYard--addressNewCostObjectCstID-vhi\"]"}
RESULT: {"using":"xpath","value":"//span[@id=\"application-manageyards-display-component---NewYard--addressNewCostObjectCstID-vhi\"]"}
COMMAND: POST /session/a9ef15c056c2e43ebaea63ed65e0d12a/execute/sync - {"script":"<script> [8489 bytes]","args":[{"element-6066-11e4-a52e-4f735466cecf":"f.5C1E112C024A7E7EDD35BD5D9BF8FD55.d.7C23359F1ECBE92D4104F09B710EE4EB.e.736","ELEMENT":"f.5C1E112C024A7E7EDD35BD5D9BF8FD55.d.7C23359F1ECBE92D4104F09B710EE4EB.e.736"}]}
RESULT: {"script":"<script> [8489 bytes]","args":[{"element-6066-11e4-a52e-4f735466cecf":"f.5C1E112C024A7E7EDD35BD5D9BF8FD55.d.7C23359F1ECBE92D4104F09B710EE4EB.e.736","ELEMENT":"f.5C1E112C024A7E7EDD35BD5D9BF8FD55.d.7C23359F1ECBE92D4104F09B710EE4EB.e.736"}]}
COMMAND: POST /session/a9ef15c056c2e43ebaea63ed65e0d12a/execute/async - {"script":"<script> [1562 bytes]","args":[{"selector":{"id":"application-manageyards-display-component---NewYard--addressNewCostObjectCstID-vhi"},"wdio_ui5_key":"applicationmanageyards-display-component---NewYard--addressNewCostObjectCstID-vhi"}]}
COMMAND: GET /session/a9ef15c056c2e43ebaea63ed65e0d12a/screenshot - {}
RESULT: {"script":"<script> [1562 bytes]","args":[{"selector":{"id":"application-manageyards-display-component---NewYard--addressNewCostObjectCstID-vhi"},"wdio_ui5_key":"applicationmanageyards-display-component---NewYard--addressNewCostObjectCstID-vhi"}]}
RESULT: undefined
COMMAND: POST /session/a9ef15c056c2e43ebaea63ed65e0d12a/element - {"using":"xpath","value":"//*[@id=\"application-manageyards-display-component---NewYard--addressNewCostObjectCstID-vhi\"]"}
RESULT: {}
RESULT: {"using":"xpath","value":"//*[@id=\"application-manageyards-display-component---NewYard--addressNewCostObjectCstID-vhi\"]"}
COMMAND: POST /session/a9ef15c056c2e43ebaea63ed65e0d12a/element/f.5C1E112C024A7E7EDD35BD5D9BF8FD55.d.7C23359F1ECBE92D4104F09B710EE4EB.e.736/click - {}
RESULT: {}
COMMAND: GET /session/a9ef15c056c2e43ebaea63ed65e0d12a/screenshot - {}
RESULT: {}
COMMAND: POST /session/a9ef15c056c2e43ebaea63ed65e0d12a/execute/async - {"script":"<script> [1562 bytes]","args":[{"selector":{"controlType":"sap.m.SearchField","properties":{"placeholder":"Search"},"searchOpenDialogs":true,"interaction":{"idSuffix":"I"}},"wdio_ui5_key":"sapm.SearchField{\"placeholder\":\"Search\"}"}]}
RESULT: {"script":"<script> [1562 bytes]","args":[{"selector":{"controlType":"sap.m.SearchField","properties":{"placeholder":"Search"},"searchOpenDialogs":true,"interaction":{"idSuffix":"I"}},"wdio_ui5_key":"sapm.SearchField{\"placeholder\":\"Search\"}"}]}
RESULT: undefined
COMMAND: POST /session/a9ef15c056c2e43ebaea63ed65e0d12a/execute/async - {"script":"<script> [776 bytes]","args":[{"enterText":"10001013","selector":{"controlType":"sap.m.SearchField","properties":{"placeholder":"Search"},"searchOpenDialogs":true,"interaction":{"idSuffix":"I"}},"clearTextFirst":true,"interactionType":"ENTER_TEXT"}]}
RESULT: {"script":"<script> [776 bytes]","args":[{"enterText":"10001013","selector":{"controlType":"sap.m.SearchField","properties":{"placeholder":"Search"},"searchOpenDialogs":true,"interaction":{"idSuffix":"I"}},"clearTextFirst":true,"interactionType":"ENTER_TEXT"}]}
COMMAND: POST /session/a9ef15c056c2e43ebaea63ed65e0d12a/actions - {"actions":[{"id":"action1","type":"key","parameters":{},"actions":[{"type":"keyDown","value":""},{"type":"pause","duration":10},{"type":"keyUp","value":""}]}]}
RESULT: {"actions":[{"id":"action1","type":"key","parameters":{},"actions":[{"type":"keyDown","value":""},{"type":"pause","duration":10},{"type":"keyUp","value":""}]}]}
COMMAND: GET /session/a9ef15c056c2e43ebaea63ed65e0d12a/screenshot - {}
RESULT: {}
COMMAND: POST /session/a9ef15c056c2e43ebaea63ed65e0d12a/element - {"using":"xpath","value":"//span[contains(text(), \"General Management\")]"}
RESULT: {"using":"xpath","value":"//span[contains(text(), \"General Management\")]"}
COMMAND: POST /session/a9ef15c056c2e43ebaea63ed65e0d12a/element/f.5C1E112C024A7E7EDD35BD5D9BF8FD55.d.7C23359F1ECBE92D4104F09B710EE4EB.e.777/click - {}
RESULT: {}
COMMAND: GET /session/a9ef15c056c2e43ebaea63ed65e0d12a/screenshot - {}
RESULT: {}
COMMAND: POST /session/a9ef15c056c2e43ebaea63ed65e0d12a/element - {"using":"xpath","value":"//bdi[contains(text(), \"OK\")]"}
RESULT: {"using":"xpath","value":"//bdi[contains(text(), \"OK\")]"}
COMMAND: POST /session/a9ef15c056c2e43ebaea63ed65e0d12a/element/f.5C1E112C024A7E7EDD35BD5D9BF8FD55.d.7C23359F1ECBE92D4104F09B710EE4EB.e.778/click - {}
RESULT: {}
COMMAND: GET /session/a9ef15c056c2e43ebaea63ed65e0d12a/screenshot - {}
RESULT: {}
COMMAND: POST /session/a9ef15c056c2e43ebaea63ed65e0d12a/execute/async - {"script":"<script> [1562 bytes]","args":[{"selector":{"id":"application-manageyards-display-component---NewYard--addressEditDetailsCurrency-arrow"},"wdio_ui5_key":"applicationmanageyards-display-component---NewYard--addressEditDetailsCurrency-arrow"}]}
RESULT: {"script":"<script> [1562 bytes]","args":[{"selector":{"id":"application-manageyards-display-component---NewYard--addressEditDetailsCurrency-arrow"},"wdio_ui5_key":"applicationmanageyards-display-component---NewYard--addressEditDetailsCurrency-arrow"}]}
RESULT: undefined
COMMAND: POST /session/a9ef15c056c2e43ebaea63ed65e0d12a/element - {"using":"xpath","value":"//*[@id=\"application-manageyards-display-component---NewYard--addressEditDetailsCurrency-arrow\"]"}
RESULT: {"using":"xpath","value":"//*[@id=\"application-manageyards-display-component---NewYard--addressEditDetailsCurrency-arrow\"]"}
COMMAND: POST /session/a9ef15c056c2e43ebaea63ed65e0d12a/element/f.5C1E112C024A7E7EDD35BD5D9BF8FD55.d.7C23359F1ECBE92D4104F09B710EE4EB.e.781/click - {}
RESULT: {}
COMMAND: POST /session/a9ef15c056c2e43ebaea63ed65e0d12a/element - {"using":"xpath","value":"//span[contains(text(), \"Euro\")]"}
COMMAND: GET /session/a9ef15c056c2e43ebaea63ed65e0d12a/screenshot - {}
RESULT: {"using":"xpath","value":"//span[contains(text(), \"Euro\")]"}
COMMAND: POST /session/a9ef15c056c2e43ebaea63ed65e0d12a/element/f.5C1E112C024A7E7EDD35BD5D9BF8FD55.d.7C23359F1ECBE92D4104F09B710EE4EB.e.782/click - {}
RESULT: {}
RESULT: {}
COMMAND: POST /session/a9ef15c056c2e43ebaea63ed65e0d12a/execute/async - {"script":"<script> [1562 bytes]","args":[{"selector":{"controlType":"sap.m.Input","viewName":"etm.portal.ui.manageyards.view.New","viewId":"application-manageyards-display-component---NewYard","bindingPath":{"path":"","propertyPath":"/CONTROLLING_AREA","modelName":"NewYardModel"},"interaction":{"idSuffix":"inner"}},"wdio_ui5_key":"etmportal.ui.manageyards.view.Newsap.m.Input{\"path\":\"\",\"propertyPath\":\"/CONTROLLING_AREA\",\"modelName\":\"NewYardModel\"}"}]}
COMMAND: GET /session/a9ef15c056c2e43ebaea63ed65e0d12a/screenshot - {}
RESULT: {"script":"<script> [1562 bytes]","args":[{"selector":{"controlType":"sap.m.Input","viewName":"etm.portal.ui.manageyards.view.New","viewId":"application-manageyards-display-component---NewYard","bindingPath":{"path":"","propertyPath":"/CONTROLLING_AREA","modelName":"NewYardModel"},"interaction":{"idSuffix":"inner"}},"wdio_ui5_key":"etmportal.ui.manageyards.view.Newsap.m.Input{\"path\":\"\",\"propertyPath\":\"/CONTROLLING_AREA\",\"modelName\":\"NewYardModel\"}"}]}
RESULT: undefined
COMMAND: POST /session/a9ef15c056c2e43ebaea63ed65e0d12a/execute/async - {"script":"<script> [776 bytes]","args":[{"enterText":"Z001","selector":{"controlType":"sap.m.Input","viewName":"etm.portal.ui.manageyards.view.New","viewId":"application-manageyards-display-component---NewYard","bindingPath":{"path":"","propertyPath":"/CONTROLLING_AREA","modelName":"NewYardModel"},"interaction":{"idSuffix":"inner"}},"clearTextFirst":true,"interactionType":"ENTER_TEXT"}]}
RESULT: {}
RESULT: {"script":"<script> [776 bytes]","args":[{"enterText":"Z001","selector":{"controlType":"sap.m.Input","viewName":"etm.portal.ui.manageyards.view.New","viewId":"application-manageyards-display-component---NewYard","bindingPath":{"path":"","propertyPath":"/CONTROLLING_AREA","modelName":"NewYardModel"},"interaction":{"idSuffix":"inner"}},"clearTextFirst":true,"interactionType":"ENTER_TEXT"}]}
COMMAND: POST /session/a9ef15c056c2e43ebaea63ed65e0d12a/execute/async - {"script":"<script> [1562 bytes]","args":[{"selector":{"id":"application-manageyards-display-component---NewYard--companyCodeComboBox","interaction":{"idSuffix":"inner"}},"wdio_ui5_key":"applicationmanageyards-display-component---NewYard--companyCodeComboBox"}]}
RESULT: {"script":"<script> [1562 bytes]","args":[{"selector":{"id":"application-manageyards-display-component---NewYard--companyCodeComboBox","interaction":{"idSuffix":"inner"}},"wdio_ui5_key":"applicationmanageyards-display-component---NewYard--companyCodeComboBox"}]}
RESULT: undefined
COMMAND: POST /session/a9ef15c056c2e43ebaea63ed65e0d12a/execute/async - {"script":"<script> [776 bytes]","args":[{"enterText":"1000","selector":{"id":"application-manageyards-display-component---NewYard--companyCodeComboBox","interaction":{"idSuffix":"inner"}},"clearTextFirst":true,"interactionType":"ENTER_TEXT"}]}
RESULT: {"script":"<script> [776 bytes]","args":[{"enterText":"1000","selector":{"id":"application-manageyards-display-component---NewYard--companyCodeComboBox","interaction":{"idSuffix":"inner"}},"clearTextFirst":true,"interactionType":"ENTER_TEXT"}]}
COMMAND: POST /session/a9ef15c056c2e43ebaea63ed65e0d12a/execute/async - {"script":"<script> [1562 bytes]","args":[{"selector":{"controlType":"sap.m.Input","viewName":"etm.portal.ui.manageyards.view.New","viewId":"application-manageyards-display-component---NewYard","bindingPath":{"path":"","propertyPath":"/PLANT","modelName":"NewYardModel"},"interaction":{"idSuffix":"inner"}},"wdio_ui5_key":"etmportal.ui.manageyards.view.Newsap.m.Input{\"path\":\"\",\"propertyPath\":\"/PLANT\",\"modelName\":\"NewYardModel\"}"}]}
RESULT: {"script":"<script> [1562 bytes]","args":[{"selector":{"controlType":"sap.m.Input","viewName":"etm.portal.ui.manageyards.view.New","viewId":"application-manageyards-display-component---NewYard","bindingPath":{"path":"","propertyPath":"/PLANT","modelName":"NewYardModel"},"interaction":{"idSuffix":"inner"}},"wdio_ui5_key":"etmportal.ui.manageyards.view.Newsap.m.Input{\"path\":\"\",\"propertyPath\":\"/PLANT\",\"modelName\":\"NewYardModel\"}"}]}
RESULT: undefined
COMMAND: POST /session/a9ef15c056c2e43ebaea63ed65e0d12a/execute/async - {"script":"<script> [776 bytes]","args":[{"enterText":"1001","selector":{"controlType":"sap.m.Input","viewName":"etm.portal.ui.manageyards.view.New","viewId":"application-manageyards-display-component---NewYard","bindingPath":{"path":"","propertyPath":"/PLANT","modelName":"NewYardModel"},"interaction":{"idSuffix":"inner"}},"clearTextFirst":true,"interactionType":"ENTER_TEXT"}]}
RESULT: {"script":"<script> [776 bytes]","args":[{"enterText":"1001","selector":{"controlType":"sap.m.Input","viewName":"etm.portal.ui.manageyards.view.New","viewId":"application-manageyards-display-component---NewYard","bindingPath":{"path":"","propertyPath":"/PLANT","modelName":"NewYardModel"},"interaction":{"idSuffix":"inner"}},"clearTextFirst":true,"interactionType":"ENTER_TEXT"}]}
COMMAND: POST /session/a9ef15c056c2e43ebaea63ed65e0d12a/execute/async - {"script":"<script> [1562 bytes]","args":[{"selector":{"controlType":"sap.m.Input","viewName":"etm.portal.ui.manageyards.view.New","viewId":"application-manageyards-display-component---NewYard","bindingPath":{"path":"","propertyPath":"/SALES_AREA_VKORG","modelName":"NewYardModel"},"interaction":{"idSuffix":"inner"}},"wdio_ui5_key":"etmportal.ui.manageyards.view.Newsap.m.Input{\"path\":\"\",\"propertyPath\":\"/SALES_AREA_VKORG\",\"modelName\":\"NewYardModel\"}"}]}
RESULT: {"script":"<script> [1562 bytes]","args":[{"selector":{"controlType":"sap.m.Input","viewName":"etm.portal.ui.manageyards.view.New","viewId":"application-manageyards-display-component---NewYard","bindingPath":{"path":"","propertyPath":"/SALES_AREA_VKORG","modelName":"NewYardModel"},"interaction":{"idSuffix":"inner"}},"wdio_ui5_key":"etmportal.ui.manageyards.view.Newsap.m.Input{\"path\":\"\",\"propertyPath\":\"/SALES_AREA_VKORG\",\"modelName\":\"NewYardModel\"}"}]}
RESULT: undefined
COMMAND: POST /session/a9ef15c056c2e43ebaea63ed65e0d12a/execute/async - {"script":"<script> [776 bytes]","args":[{"enterText":"C002","selector":{"controlType":"sap.m.Input","viewName":"etm.portal.ui.manageyards.view.New","viewId":"application-manageyards-display-component---NewYard","bindingPath":{"path":"","propertyPath":"/SALES_AREA_VKORG","modelName":"NewYardModel"},"interaction":{"idSuffix":"inner"}},"clearTextFirst":true,"interactionType":"ENTER_TEXT"}]}
RESULT: {"script":"<script> [776 bytes]","args":[{"enterText":"C002","selector":{"controlType":"sap.m.Input","viewName":"etm.portal.ui.manageyards.view.New","viewId":"application-manageyards-display-component---NewYard","bindingPath":{"path":"","propertyPath":"/SALES_AREA_VKORG","modelName":"NewYardModel"},"interaction":{"idSuffix":"inner"}},"clearTextFirst":true,"interactionType":"ENTER_TEXT"}]}
COMMAND: POST /session/a9ef15c056c2e43ebaea63ed65e0d12a/execute/async - {"script":"<script> [1562 bytes]","args":[{"selector":{"controlType":"sap.m.Input","viewName":"etm.portal.ui.manageyards.view.New","viewId":"application-manageyards-display-component---NewYard","bindingPath":{"path":"","propertyPath":"/SALES_AREA_VTWEG","modelName":"NewYardModel"},"interaction":{"idSuffix":"inner"}},"wdio_ui5_key":"etmportal.ui.manageyards.view.Newsap.m.Input{\"path\":\"\",\"propertyPath\":\"/SALES_AREA_VTWEG\",\"modelName\":\"NewYardModel\"}"}]}
RESULT: {"script":"<script> [1562 bytes]","args":[{"selector":{"controlType":"sap.m.Input","viewName":"etm.portal.ui.manageyards.view.New","viewId":"application-manageyards-display-component---NewYard","bindingPath":{"path":"","propertyPath":"/SALES_AREA_VTWEG","modelName":"NewYardModel"},"interaction":{"idSuffix":"inner"}},"wdio_ui5_key":"etmportal.ui.manageyards.view.Newsap.m.Input{\"path\":\"\",\"propertyPath\":\"/SALES_AREA_VTWEG\",\"modelName\":\"NewYardModel\"}"}]}
RESULT: undefined
COMMAND: POST /session/a9ef15c056c2e43ebaea63ed65e0d12a/execute/async - {"script":"<script> [776 bytes]","args":[{"enterText":"C2","selector":{"controlType":"sap.m.Input","viewName":"etm.portal.ui.manageyards.view.New","viewId":"application-manageyards-display-component---NewYard","bindingPath":{"path":"","propertyPath":"/SALES_AREA_VTWEG","modelName":"NewYardModel"},"interaction":{"idSuffix":"inner"}},"clearTextFirst":true,"interactionType":"ENTER_TEXT"}]}
RESULT: {"script":"<script> [776 bytes]","args":[{"enterText":"C2","selector":{"controlType":"sap.m.Input","viewName":"etm.portal.ui.manageyards.view.New","viewId":"application-manageyards-display-component---NewYard","bindingPath":{"path":"","propertyPath":"/SALES_AREA_VTWEG","modelName":"NewYardModel"},"interaction":{"idSuffix":"inner"}},"clearTextFirst":true,"interactionType":"ENTER_TEXT"}]}
COMMAND: POST /session/a9ef15c056c2e43ebaea63ed65e0d12a/execute/async - {"script":"<script> [1562 bytes]","args":[{"selector":{"controlType":"sap.m.Input","viewName":"etm.portal.ui.manageyards.view.New","viewId":"application-manageyards-display-component---NewYard","bindingPath":{"path":"","propertyPath":"/SALES_AREA_SPART","modelName":"NewYardModel"},"interaction":{"idSuffix":"inner"}},"wdio_ui5_key":"etmportal.ui.manageyards.view.Newsap.m.Input{\"path\":\"\",\"propertyPath\":\"/SALES_AREA_SPART\",\"modelName\":\"NewYardModel\"}"}]}
RESULT: {"script":"<script> [1562 bytes]","args":[{"selector":{"controlType":"sap.m.Input","viewName":"etm.portal.ui.manageyards.view.New","viewId":"application-manageyards-display-component---NewYard","bindingPath":{"path":"","propertyPath":"/SALES_AREA_SPART","modelName":"NewYardModel"},"interaction":{"idSuffix":"inner"}},"wdio_ui5_key":"etmportal.ui.manageyards.view.Newsap.m.Input{\"path\":\"\",\"propertyPath\":\"/SALES_AREA_SPART\",\"modelName\":\"NewYardModel\"}"}]}
RESULT: undefined
COMMAND: POST /session/a9ef15c056c2e43ebaea63ed65e0d12a/execute/async - {"script":"<script> [776 bytes]","args":[{"enterText":"C2","selector":{"controlType":"sap.m.Input","viewName":"etm.portal.ui.manageyards.view.New","viewId":"application-manageyards-display-component---NewYard","bindingPath":{"path":"","propertyPath":"/SALES_AREA_SPART","modelName":"NewYardModel"},"interaction":{"idSuffix":"inner"}},"clearTextFirst":true,"interactionType":"ENTER_TEXT"}]}
RESULT: {"script":"<script> [776 bytes]","args":[{"enterText":"C2","selector":{"controlType":"sap.m.Input","viewName":"etm.portal.ui.manageyards.view.New","viewId":"application-manageyards-display-component---NewYard","bindingPath":{"path":"","propertyPath":"/SALES_AREA_SPART","modelName":"NewYardModel"},"interaction":{"idSuffix":"inner"}},"clearTextFirst":true,"interactionType":"ENTER_TEXT"}]}
COMMAND: POST /session/a9ef15c056c2e43ebaea63ed65e0d12a/execute/async - {"script":"<script> [1562 bytes]","args":[{"selector":{"controlType":"sap.m.Input","viewName":"etm.portal.ui.manageyards.view.New","viewId":"application-manageyards-display-component---NewYard","bindingPath":{"path":"","propertyPath":"/SHIP_POINT","modelName":"NewYardModel"},"interaction":{"idSuffix":"inner"}},"wdio_ui5_key":"etmportal.ui.manageyards.view.Newsap.m.Input{\"path\":\"\",\"propertyPath\":\"/SHIP_POINT\",\"modelName\":\"NewYardModel\"}"}]}
RESULT: {"script":"<script> [1562 bytes]","args":[{"selector":{"controlType":"sap.m.Input","viewName":"etm.portal.ui.manageyards.view.New","viewId":"application-manageyards-display-component---NewYard","bindingPath":{"path":"","propertyPath":"/SHIP_POINT","modelName":"NewYardModel"},"interaction":{"idSuffix":"inner"}},"wdio_ui5_key":"etmportal.ui.manageyards.view.Newsap.m.Input{\"path\":\"\",\"propertyPath\":\"/SHIP_POINT\",\"modelName\":\"NewYardModel\"}"}]}
RESULT: undefined
COMMAND: POST /session/a9ef15c056c2e43ebaea63ed65e0d12a/execute/async - {"script":"<script> [776 bytes]","args":[{"enterText":"1710","selector":{"controlType":"sap.m.Input","viewName":"etm.portal.ui.manageyards.view.New","viewId":"application-manageyards-display-component---NewYard","bindingPath":{"path":"","propertyPath":"/SHIP_POINT","modelName":"NewYardModel"},"interaction":{"idSuffix":"inner"}},"clearTextFirst":true,"interactionType":"ENTER_TEXT"}]}
RESULT: {"script":"<script> [776 bytes]","args":[{"enterText":"1710","selector":{"controlType":"sap.m.Input","viewName":"etm.portal.ui.manageyards.view.New","viewId":"application-manageyards-display-component---NewYard","bindingPath":{"path":"","propertyPath":"/SHIP_POINT","modelName":"NewYardModel"},"interaction":{"idSuffix":"inner"}},"clearTextFirst":true,"interactionType":"ENTER_TEXT"}]}
COMMAND: POST /session/a9ef15c056c2e43ebaea63ed65e0d12a/execute/async - {"script":"<script> [1562 bytes]","args":[{"selector":{"controlType":"sap.m.Input","viewName":"etm.portal.ui.manageyards.view.New","viewId":"application-manageyards-display-component---NewYard","bindingPath":{"path":"","propertyPath":"/DELIVERY_TYPE","modelName":"NewYardModel"},"interaction":{"idSuffix":"inner"}},"wdio_ui5_key":"etmportal.ui.manageyards.view.Newsap.m.Input{\"path\":\"\",\"propertyPath\":\"/DELIVERY_TYPE\",\"modelName\":\"NewYardModel\"}"}]}
RESULT: {"script":"<script> [1562 bytes]","args":[{"selector":{"controlType":"sap.m.Input","viewName":"etm.portal.ui.manageyards.view.New","viewId":"application-manageyards-display-component---NewYard","bindingPath":{"path":"","propertyPath":"/DELIVERY_TYPE","modelName":"NewYardModel"},"interaction":{"idSuffix":"inner"}},"wdio_ui5_key":"etmportal.ui.manageyards.view.Newsap.m.Input{\"path\":\"\",\"propertyPath\":\"/DELIVERY_TYPE\",\"modelName\":\"NewYardModel\"}"}]}
RESULT: undefined
COMMAND: POST /session/a9ef15c056c2e43ebaea63ed65e0d12a/execute/async - {"script":"<script> [776 bytes]","args":[{"enterText":"ZL01","selector":{"controlType":"sap.m.Input","viewName":"etm.portal.ui.manageyards.view.New","viewId":"application-manageyards-display-component---NewYard","bindingPath":{"path":"","propertyPath":"/DELIVERY_TYPE","modelName":"NewYardModel"},"interaction":{"idSuffix":"inner"}},"clearTextFirst":true,"interactionType":"ENTER_TEXT"}]}
RESULT: {"script":"<script> [776 bytes]","args":[{"enterText":"ZL01","selector":{"controlType":"sap.m.Input","viewName":"etm.portal.ui.manageyards.view.New","viewId":"application-manageyards-display-component---NewYard","bindingPath":{"path":"","propertyPath":"/DELIVERY_TYPE","modelName":"NewYardModel"},"interaction":{"idSuffix":"inner"}},"clearTextFirst":true,"interactionType":"ENTER_TEXT"}]}
COMMAND: POST /session/a9ef15c056c2e43ebaea63ed65e0d12a/execute/async - {"script":"<script> [1562 bytes]","args":[{"selector":{"controlType":"sap.m.Input","viewName":"etm.portal.ui.manageyards.view.New","viewId":"application-manageyards-display-component---NewYard","bindingPath":{"path":"","propertyPath":"/AUART","modelName":"NewYardModel"},"interaction":{"idSuffix":"inner"}},"wdio_ui5_key":"etmportal.ui.manageyards.view.Newsap.m.Input{\"path\":\"\",\"propertyPath\":\"/AUART\",\"modelName\":\"NewYardModel\"}"}]}
RESULT: {"script":"<script> [1562 bytes]","args":[{"selector":{"controlType":"sap.m.Input","viewName":"etm.portal.ui.manageyards.view.New","viewId":"application-manageyards-display-component---NewYard","bindingPath":{"path":"","propertyPath":"/AUART","modelName":"NewYardModel"},"interaction":{"idSuffix":"inner"}},"wdio_ui5_key":"etmportal.ui.manageyards.view.Newsap.m.Input{\"path\":\"\",\"propertyPath\":\"/AUART\",\"modelName\":\"NewYardModel\"}"}]}
RESULT: undefined
COMMAND: POST /session/a9ef15c056c2e43ebaea63ed65e0d12a/execute/async - {"script":"<script> [776 bytes]","args":[{"enterText":"TA","selector":{"controlType":"sap.m.Input","viewName":"etm.portal.ui.manageyards.view.New","viewId":"application-manageyards-display-component---NewYard","bindingPath":{"path":"","propertyPath":"/AUART","modelName":"NewYardModel"},"interaction":{"idSuffix":"inner"}},"clearTextFirst":true,"interactionType":"ENTER_TEXT"}]}
RESULT: {"script":"<script> [776 bytes]","args":[{"enterText":"TA","selector":{"controlType":"sap.m.Input","viewName":"etm.portal.ui.manageyards.view.New","viewId":"application-manageyards-display-component---NewYard","bindingPath":{"path":"","propertyPath":"/AUART","modelName":"NewYardModel"},"interaction":{"idSuffix":"inner"}},"clearTextFirst":true,"interactionType":"ENTER_TEXT"}]}
COMMAND: POST /session/a9ef15c056c2e43ebaea63ed65e0d12a/element - {"using":"xpath","value":"//button[@data-kt=\"newYardSaveButton\"]"}
RESULT: {"using":"xpath","value":"//button[@data-kt=\"newYardSaveButton\"]"}
COMMAND: POST /session/a9ef15c056c2e43ebaea63ed65e0d12a/element/f.5C1E112C024A7E7EDD35BD5D9BF8FD55.d.7C23359F1ECBE92D4104F09B710EE4EB.e.712/click - {}
RESULT: {}
COMMAND: GET /session/a9ef15c056c2e43ebaea63ed65e0d12a/screenshot - {}
RESULT: {}
COMMAND: POST /session/a9ef15c056c2e43ebaea63ed65e0d12a/element - {"using":"xpath","value":"//header[contains(@id, 'ObjectPageLayout-headerTitle')]/div[1]/div[2]/div[1]/span[1]"}
RESULT: {"using":"xpath","value":"//header[contains(@id, 'ObjectPageLayout-headerTitle')]/div[1]/div[2]/div[1]/span[1]"}
COMMAND: POST /session/a9ef15c056c2e43ebaea63ed65e0d12a/elements - {"using":"xpath","value":"//header[contains(@id, 'ObjectPageLayout-headerTitle')]/div[1]/div[2]/div[1]/span[1]"}
RESULT: {"using":"xpath","value":"//header[contains(@id, 'ObjectPageLayout-headerTitle')]/div[1]/div[2]/div[1]/span[1]"}
COMMAND: POST /session/a9ef15c056c2e43ebaea63ed65e0d12a/execute/sync - {"script":"<script> [56 bytes]","args":[{"element-6066-11e4-a52e-4f735466cecf":"f.5C1E112C024A7E7EDD35BD5D9BF8FD55.d.7C23359F1ECBE92D4104F09B710EE4EB.e.1007","ELEMENT":"f.5C1E112C024A7E7EDD35BD5D9BF8FD55.d.7C23359F1ECBE92D4104F09B710EE4EB.e.1007"}]}
RESULT: {"script":"<script> [56 bytes]","args":[{"element-6066-11e4-a52e-4f735466cecf":"f.5C1E112C024A7E7EDD35BD5D9BF8FD55.d.7C23359F1ECBE92D4104F09B710EE4EB.e.1007","ELEMENT":"f.5C1E112C024A7E7EDD35BD5D9BF8FD55.d.7C23359F1ECBE92D4104F09B710EE4EB.e.1007"}]}
COMMAND: GET /session/a9ef15c056c2e43ebaea63ed65e0d12a/screenshot - {}
RESULT: {}
COMMAND: POST /session/a9ef15c056c2e43ebaea63ed65e0d12a/element - {"using":"css selector","value":"#shell-header-logo"}
RESULT: {"using":"css selector","value":"#shell-header-logo"}
COMMAND: POST /session/a9ef15c056c2e43ebaea63ed65e0d12a/element/f.5C1E112C024A7E7EDD35BD5D9BF8FD55.d.7C23359F1ECBE92D4104F09B710EE4EB.e.264/click - {}
RESULT: {}
COMMAND: GET /session/a9ef15c056c2e43ebaea63ed65e0d12a/screenshot - {}
RESULT: {}
COMMAND: POST /session/a9ef15c056c2e43ebaea63ed65e0d12a/execute/sync - {"script":"<script> [299 bytes]","args":[["getModel","getResource"]]}
RESULT: {"script":"<script> [299 bytes]","args":[["getModel","getResource"]]}
]]></system-out>
    </testcase>
    <testcase classname="chrome.135_0_7049_42.windows.Create_condition_pricing_US117289_US134625" name="Should create a new equipment used for all following tests" time="117.294">
      <system-out><![CDATA[
COMMAND: POST /session/a9ef15c056c2e43ebaea63ed65e0d12a/execute/async - {"script":"<script> [1562 bytes]","args":[{"selector":{"controlType":"sap.m.GenericTile","properties":{"header":"Manage Resources"}},"wdio_ui5_key":"sapm.GenericTile{\"header\":\"Manage Resources\"}"}]}
COMMAND: GET /session/a9ef15c056c2e43ebaea63ed65e0d12a/screenshot - {}
RESULT: {"script":"<script> [1562 bytes]","args":[{"selector":{"controlType":"sap.m.GenericTile","properties":{"header":"Manage Resources"}},"wdio_ui5_key":"sapm.GenericTile{\"header\":\"Manage Resources\"}"}]}
RESULT: undefined
COMMAND: POST /session/a9ef15c056c2e43ebaea63ed65e0d12a/element - {"using":"xpath","value":"//*[@id=\"__tile39\"]"}
RESULT: {}
RESULT: {"using":"xpath","value":"//*[@id=\"__tile39\"]"}
COMMAND: POST /session/a9ef15c056c2e43ebaea63ed65e0d12a/element/f.5C1E112C024A7E7EDD35BD5D9BF8FD55.d.7C23359F1ECBE92D4104F09B710EE4EB.e.154/click - {}
RESULT: {}
COMMAND: POST /session/a9ef15c056c2e43ebaea63ed65e0d12a/element - {"using":"xpath","value":"//button[@data-kt=\"addNewRUOverflowToolbarButton\"]"}
COMMAND: GET /session/a9ef15c056c2e43ebaea63ed65e0d12a/screenshot - {}
RESULT: {"using":"xpath","value":"//button[@data-kt=\"addNewRUOverflowToolbarButton\"]"}
COMMAND: POST /session/a9ef15c056c2e43ebaea63ed65e0d12a/elements - {"using":"xpath","value":"//button[@data-kt=\"addNewRUOverflowToolbarButton\"]"}
RESULT: {}
RESULT: {"using":"xpath","value":"//button[@data-kt=\"addNewRUOverflowToolbarButton\"]"}
COMMAND: POST /session/a9ef15c056c2e43ebaea63ed65e0d12a/elements - {"using":"xpath","value":"//button[@data-kt=\"addNewRUOverflowToolbarButton\"]"}
RESULT: {"using":"xpath","value":"//button[@data-kt=\"addNewRUOverflowToolbarButton\"]"}
COMMAND: POST /session/a9ef15c056c2e43ebaea63ed65e0d12a/elements - {"using":"xpath","value":"//button[@data-kt=\"addNewRUOverflowToolbarButton\"]"}
RESULT: {"using":"xpath","value":"//button[@data-kt=\"addNewRUOverflowToolbarButton\"]"}
COMMAND: POST /session/a9ef15c056c2e43ebaea63ed65e0d12a/elements - {"using":"xpath","value":"//button[@data-kt=\"addNewRUOverflowToolbarButton\"]"}
RESULT: undefined
RESULT: {"using":"xpath","value":"//button[@data-kt=\"addNewRUOverflowToolbarButton\"]"}
COMMAND: POST /session/a9ef15c056c2e43ebaea63ed65e0d12a/elements - {"using":"xpath","value":"//button[@data-kt=\"addNewRUOverflowToolbarButton\"]"}
RESULT: {"using":"xpath","value":"//button[@data-kt=\"addNewRUOverflowToolbarButton\"]"}
COMMAND: POST /session/a9ef15c056c2e43ebaea63ed65e0d12a/elements - {"using":"xpath","value":"//button[@data-kt=\"addNewRUOverflowToolbarButton\"]"}
RESULT: {"using":"xpath","value":"//button[@data-kt=\"addNewRUOverflowToolbarButton\"]"}
COMMAND: POST /session/a9ef15c056c2e43ebaea63ed65e0d12a/elements - {"using":"xpath","value":"//button[@data-kt=\"addNewRUOverflowToolbarButton\"]"}
RESULT: {"using":"xpath","value":"//button[@data-kt=\"addNewRUOverflowToolbarButton\"]"}
COMMAND: POST /session/a9ef15c056c2e43ebaea63ed65e0d12a/elements - {"using":"xpath","value":"//button[@data-kt=\"addNewRUOverflowToolbarButton\"]"}
RESULT: {"using":"xpath","value":"//button[@data-kt=\"addNewRUOverflowToolbarButton\"]"}
COMMAND: POST /session/a9ef15c056c2e43ebaea63ed65e0d12a/elements - {"using":"xpath","value":"//button[@data-kt=\"addNewRUOverflowToolbarButton\"]"}
RESULT: {"using":"xpath","value":"//button[@data-kt=\"addNewRUOverflowToolbarButton\"]"}
COMMAND: POST /session/a9ef15c056c2e43ebaea63ed65e0d12a/elements - {"using":"xpath","value":"//button[@data-kt=\"addNewRUOverflowToolbarButton\"]"}
RESULT: {"using":"xpath","value":"//button[@data-kt=\"addNewRUOverflowToolbarButton\"]"}
COMMAND: POST /session/a9ef15c056c2e43ebaea63ed65e0d12a/elements - {"using":"xpath","value":"//button[@data-kt=\"addNewRUOverflowToolbarButton\"]"}
RESULT: {"using":"xpath","value":"//button[@data-kt=\"addNewRUOverflowToolbarButton\"]"}
COMMAND: POST /session/a9ef15c056c2e43ebaea63ed65e0d12a/elements - {"using":"xpath","value":"//button[@data-kt=\"addNewRUOverflowToolbarButton\"]"}
RESULT: {"using":"xpath","value":"//button[@data-kt=\"addNewRUOverflowToolbarButton\"]"}
COMMAND: POST /session/a9ef15c056c2e43ebaea63ed65e0d12a/element - {"using":"xpath","value":"//button[@data-kt=\"addNewRUOverflowToolbarButton\"]"}
RESULT: {"using":"xpath","value":"//button[@data-kt=\"addNewRUOverflowToolbarButton\"]"}
COMMAND: POST /session/a9ef15c056c2e43ebaea63ed65e0d12a/execute/sync - {"script":"<script> [8489 bytes]","args":[{"element-6066-11e4-a52e-4f735466cecf":"f.5C1E112C024A7E7EDD35BD5D9BF8FD55.d.7C23359F1ECBE92D4104F09B710EE4EB.e.1039","ELEMENT":"f.5C1E112C024A7E7EDD35BD5D9BF8FD55.d.7C23359F1ECBE92D4104F09B710EE4EB.e.1039"}]}
RESULT: {"script":"<script> [8489 bytes]","args":[{"element-6066-11e4-a52e-4f735466cecf":"f.5C1E112C024A7E7EDD35BD5D9BF8FD55.d.7C23359F1ECBE92D4104F09B710EE4EB.e.1039","ELEMENT":"f.5C1E112C024A7E7EDD35BD5D9BF8FD55.d.7C23359F1ECBE92D4104F09B710EE4EB.e.1039"}]}
COMMAND: GET /session/a9ef15c056c2e43ebaea63ed65e0d12a/element/f.5C1E112C024A7E7EDD35BD5D9BF8FD55.d.7C23359F1ECBE92D4104F09B710EE4EB.e.1039/enabled - {}
COMMAND: GET /session/a9ef15c056c2e43ebaea63ed65e0d12a/screenshot - {}
RESULT: {}
COMMAND: POST /session/a9ef15c056c2e43ebaea63ed65e0d12a/execute/sync - {"script":"<script> [8489 bytes]","args":[{"element-6066-11e4-a52e-4f735466cecf":"f.5C1E112C024A7E7EDD35BD5D9BF8FD55.d.7C23359F1ECBE92D4104F09B710EE4EB.e.1039","ELEMENT":"f.5C1E112C024A7E7EDD35BD5D9BF8FD55.d.7C23359F1ECBE92D4104F09B710EE4EB.e.1039"}]}
COMMAND: GET /session/a9ef15c056c2e43ebaea63ed65e0d12a/screenshot - {}
RESULT: {}
RESULT: {"script":"<script> [8489 bytes]","args":[{"element-6066-11e4-a52e-4f735466cecf":"f.5C1E112C024A7E7EDD35BD5D9BF8FD55.d.7C23359F1ECBE92D4104F09B710EE4EB.e.1039","ELEMENT":"f.5C1E112C024A7E7EDD35BD5D9BF8FD55.d.7C23359F1ECBE92D4104F09B710EE4EB.e.1039"}]}
COMMAND: POST /session/a9ef15c056c2e43ebaea63ed65e0d12a/execute/sync - {"script":"<script> [5351 bytes]","args":[{"element-6066-11e4-a52e-4f735466cecf":"f.5C1E112C024A7E7EDD35BD5D9BF8FD55.d.7C23359F1ECBE92D4104F09B710EE4EB.e.1039","ELEMENT":"f.5C1E112C024A7E7EDD35BD5D9BF8FD55.d.7C23359F1ECBE92D4104F09B710EE4EB.e.1039"}]}
COMMAND: GET /session/a9ef15c056c2e43ebaea63ed65e0d12a/screenshot - {}
RESULT: {}
RESULT: {"script":"<script> [5351 bytes]","args":[{"element-6066-11e4-a52e-4f735466cecf":"f.5C1E112C024A7E7EDD35BD5D9BF8FD55.d.7C23359F1ECBE92D4104F09B710EE4EB.e.1039","ELEMENT":"f.5C1E112C024A7E7EDD35BD5D9BF8FD55.d.7C23359F1ECBE92D4104F09B710EE4EB.e.1039"}]}
COMMAND: POST /session/a9ef15c056c2e43ebaea63ed65e0d12a/element/f.5C1E112C024A7E7EDD35BD5D9BF8FD55.d.7C23359F1ECBE92D4104F09B710EE4EB.e.1039/click - {}
COMMAND: GET /session/a9ef15c056c2e43ebaea63ed65e0d12a/screenshot - {}
RESULT: {}
RESULT: {}
COMMAND: GET /session/a9ef15c056c2e43ebaea63ed65e0d12a/screenshot - {}
RESULT: {}
RESULT: {}
COMMAND: POST /session/a9ef15c056c2e43ebaea63ed65e0d12a/execute/async - {"script":"<script> [1562 bytes]","args":[{"selector":{"id":"application-manageresources-display-component---newResourceUnit--TYPE-arrow"},"wdio_ui5_key":"applicationmanageresources-display-component---newResourceUnit--TYPE-arrow"}]}
RESULT: {"script":"<script> [1562 bytes]","args":[{"selector":{"id":"application-manageresources-display-component---newResourceUnit--TYPE-arrow"},"wdio_ui5_key":"applicationmanageresources-display-component---newResourceUnit--TYPE-arrow"}]}
RESULT: undefined
COMMAND: POST /session/a9ef15c056c2e43ebaea63ed65e0d12a/element - {"using":"xpath","value":"//*[@id=\"application-manageresources-display-component---newResourceUnit--TYPE-arrow\"]"}
RESULT: {"using":"xpath","value":"//*[@id=\"application-manageresources-display-component---newResourceUnit--TYPE-arrow\"]"}
COMMAND: POST /session/a9ef15c056c2e43ebaea63ed65e0d12a/element/f.5C1E112C024A7E7EDD35BD5D9BF8FD55.d.7C23359F1ECBE92D4104F09B710EE4EB.e.1401/click - {}
RESULT: {}
COMMAND: POST /session/a9ef15c056c2e43ebaea63ed65e0d12a/element - {"using":"xpath","value":"//input[@id=\"application-manageresources-display-component---newResourceUnit--TYPE-inner\"]"}
COMMAND: GET /session/a9ef15c056c2e43ebaea63ed65e0d12a/screenshot - {}
RESULT: {"using":"xpath","value":"//input[@id=\"application-manageresources-display-component---newResourceUnit--TYPE-inner\"]"}
COMMAND: POST /session/a9ef15c056c2e43ebaea63ed65e0d12a/element/f.5C1E112C024A7E7EDD35BD5D9BF8FD55.d.7C23359F1ECBE92D4104F09B710EE4EB.e.1392/clear - {}
RESULT: {}
RESULT: {}
COMMAND: POST /session/a9ef15c056c2e43ebaea63ed65e0d12a/element/f.5C1E112C024A7E7EDD35BD5D9BF8FD55.d.7C23359F1ECBE92D4104F09B710EE4EB.e.1392/value - {"text":"Equipment"}
COMMAND: GET /session/a9ef15c056c2e43ebaea63ed65e0d12a/screenshot - {}
RESULT: {"text":"Equipment"}
COMMAND: GET /session/a9ef15c056c2e43ebaea63ed65e0d12a/screenshot - {}
RESULT: {}
RESULT: {}
COMMAND: POST /session/a9ef15c056c2e43ebaea63ed65e0d12a/actions - {"actions":[{"id":"action2","type":"key","parameters":{},"actions":[{"type":"keyDown","value":""},{"type":"pause","duration":10},{"type":"keyUp","value":""}]}]}
RESULT: {"actions":[{"id":"action2","type":"key","parameters":{},"actions":[{"type":"keyDown","value":""},{"type":"pause","duration":10},{"type":"keyUp","value":""}]}]}
COMMAND: POST /session/a9ef15c056c2e43ebaea63ed65e0d12a/execute/async - {"script":"<script> [1562 bytes]","args":[{"selector":{"id":"application-manageresources-display-component---newResourceUnit--resourceId","interaction":{"idSuffix":"inner"}},"wdio_ui5_key":"applicationmanageresources-display-component---newResourceUnit--resourceId"}]}
COMMAND: GET /session/a9ef15c056c2e43ebaea63ed65e0d12a/screenshot - {}
RESULT: {"script":"<script> [1562 bytes]","args":[{"selector":{"id":"application-manageresources-display-component---newResourceUnit--resourceId","interaction":{"idSuffix":"inner"}},"wdio_ui5_key":"applicationmanageresources-display-component---newResourceUnit--resourceId"}]}
RESULT: undefined
COMMAND: POST /session/a9ef15c056c2e43ebaea63ed65e0d12a/execute/async - {"script":"<script> [776 bytes]","args":[{"enterText":"9mS1HLIcPo","selector":{"id":"application-manageresources-display-component---newResourceUnit--resourceId","interaction":{"idSuffix":"inner"}},"clearTextFirst":true,"interactionType":"ENTER_TEXT"}]}
RESULT: {}
RESULT: {"script":"<script> [776 bytes]","args":[{"enterText":"9mS1HLIcPo","selector":{"id":"application-manageresources-display-component---newResourceUnit--resourceId","interaction":{"idSuffix":"inner"}},"clearTextFirst":true,"interactionType":"ENTER_TEXT"}]}
COMMAND: POST /session/a9ef15c056c2e43ebaea63ed65e0d12a/execute/async - {"script":"<script> [1562 bytes]","args":[{"selector":{"id":"application-manageresources-display-component---newResourceUnit--SHORT_TEXT","interaction":{"idSuffix":"inner"}},"wdio_ui5_key":"applicationmanageresources-display-component---newResourceUnit--SHORT_TEXT"}]}
RESULT: {"script":"<script> [1562 bytes]","args":[{"selector":{"id":"application-manageresources-display-component---newResourceUnit--SHORT_TEXT","interaction":{"idSuffix":"inner"}},"wdio_ui5_key":"applicationmanageresources-display-component---newResourceUnit--SHORT_TEXT"}]}
RESULT: undefined
COMMAND: POST /session/a9ef15c056c2e43ebaea63ed65e0d12a/execute/async - {"script":"<script> [776 bytes]","args":[{"enterText":"Intercompany Equipment WDIO","selector":{"id":"application-manageresources-display-component---newResourceUnit--SHORT_TEXT","interaction":{"idSuffix":"inner"}},"clearTextFirst":true,"interactionType":"ENTER_TEXT"}]}
RESULT: {"script":"<script> [776 bytes]","args":[{"enterText":"Intercompany Equipment WDIO","selector":{"id":"application-manageresources-display-component---newResourceUnit--SHORT_TEXT","interaction":{"idSuffix":"inner"}},"clearTextFirst":true,"interactionType":"ENTER_TEXT"}]}
COMMAND: POST /session/a9ef15c056c2e43ebaea63ed65e0d12a/execute/async - {"script":"<script> [1562 bytes]","args":[{"selector":{"id":"application-manageresources-display-component---newResourceUnit--BASE_UNIT_OF_MEASURE","interaction":{"idSuffix":"inner"}},"wdio_ui5_key":"applicationmanageresources-display-component---newResourceUnit--BASE_UNIT_OF_MEASURE"}]}
RESULT: {"script":"<script> [1562 bytes]","args":[{"selector":{"id":"application-manageresources-display-component---newResourceUnit--BASE_UNIT_OF_MEASURE","interaction":{"idSuffix":"inner"}},"wdio_ui5_key":"applicationmanageresources-display-component---newResourceUnit--BASE_UNIT_OF_MEASURE"}]}
RESULT: undefined
COMMAND: POST /session/a9ef15c056c2e43ebaea63ed65e0d12a/execute/async - {"script":"<script> [776 bytes]","args":[{"enterText":"Piece","selector":{"id":"application-manageresources-display-component---newResourceUnit--BASE_UNIT_OF_MEASURE","interaction":{"idSuffix":"inner"}},"clearTextFirst":true,"interactionType":"ENTER_TEXT"}]}
RESULT: {"script":"<script> [776 bytes]","args":[{"enterText":"Piece","selector":{"id":"application-manageresources-display-component---newResourceUnit--BASE_UNIT_OF_MEASURE","interaction":{"idSuffix":"inner"}},"clearTextFirst":true,"interactionType":"ENTER_TEXT"}]}
COMMAND: POST /session/a9ef15c056c2e43ebaea63ed65e0d12a/execute/async - {"script":"<script> [1562 bytes]","args":[{"selector":{"id":"application-manageresources-display-component---newResourceUnit--WEIGHT_UNIT","interaction":{"idSuffix":"inner"}},"wdio_ui5_key":"applicationmanageresources-display-component---newResourceUnit--WEIGHT_UNIT"}]}
RESULT: {"script":"<script> [1562 bytes]","args":[{"selector":{"id":"application-manageresources-display-component---newResourceUnit--WEIGHT_UNIT","interaction":{"idSuffix":"inner"}},"wdio_ui5_key":"applicationmanageresources-display-component---newResourceUnit--WEIGHT_UNIT"}]}
RESULT: undefined
COMMAND: POST /session/a9ef15c056c2e43ebaea63ed65e0d12a/execute/async - {"script":"<script> [776 bytes]","args":[{"enterText":"Gram","selector":{"id":"application-manageresources-display-component---newResourceUnit--WEIGHT_UNIT","interaction":{"idSuffix":"inner"}},"clearTextFirst":true,"interactionType":"ENTER_TEXT"}]}
RESULT: {"script":"<script> [776 bytes]","args":[{"enterText":"Gram","selector":{"id":"application-manageresources-display-component---newResourceUnit--WEIGHT_UNIT","interaction":{"idSuffix":"inner"}},"clearTextFirst":true,"interactionType":"ENTER_TEXT"}]}
COMMAND: POST /session/a9ef15c056c2e43ebaea63ed65e0d12a/execute/async - {"script":"<script> [1562 bytes]","args":[{"selector":{"id":"application-manageresources-display-component---newResourceUnit--DIMENSION_UNIT","interaction":{"idSuffix":"inner"}},"wdio_ui5_key":"applicationmanageresources-display-component---newResourceUnit--DIMENSION_UNIT"}]}
RESULT: {"script":"<script> [1562 bytes]","args":[{"selector":{"id":"application-manageresources-display-component---newResourceUnit--DIMENSION_UNIT","interaction":{"idSuffix":"inner"}},"wdio_ui5_key":"applicationmanageresources-display-component---newResourceUnit--DIMENSION_UNIT"}]}
RESULT: undefined
COMMAND: POST /session/a9ef15c056c2e43ebaea63ed65e0d12a/execute/async - {"script":"<script> [776 bytes]","args":[{"enterText":"Meter","selector":{"id":"application-manageresources-display-component---newResourceUnit--DIMENSION_UNIT","interaction":{"idSuffix":"inner"}},"clearTextFirst":true,"interactionType":"ENTER_TEXT"}]}
RESULT: {"script":"<script> [776 bytes]","args":[{"enterText":"Meter","selector":{"id":"application-manageresources-display-component---newResourceUnit--DIMENSION_UNIT","interaction":{"idSuffix":"inner"}},"clearTextFirst":true,"interactionType":"ENTER_TEXT"}]}
COMMAND: POST /session/a9ef15c056c2e43ebaea63ed65e0d12a/execute/async - {"script":"<script> [1562 bytes]","args":[{"selector":{"id":"application-manageresources-display-component---newResourceUnit--newRRUPage-anchBar-application-manageresources-display-component---newResourceUnit--control-anchor","interaction":{"idSuffix":"BDI-content"}},"wdio_ui5_key":"applicationmanageresources-display-component---newResourceUnit--newRRUPage-anchBar-application-manageresources-display-component---newResourceUnit--control-anchor"}]}
RESULT: {"script":"<script> [1562 bytes]","args":[{"selector":{"id":"application-manageresources-display-component---newResourceUnit--newRRUPage-anchBar-application-manageresources-display-component---newResourceUnit--control-anchor","interaction":{"idSuffix":"BDI-content"}},"wdio_ui5_key":"applicationmanageresources-display-component---newResourceUnit--newRRUPage-anchBar-application-manageresources-display-component---newResourceUnit--control-anchor"}]}
RESULT: undefined
COMMAND: POST /session/a9ef15c056c2e43ebaea63ed65e0d12a/element - {"using":"xpath","value":"//*[@id=\"application-manageresources-display-component---newResourceUnit--newRRUPage-anchBar-application-manageresources-display-component---newResourceUnit--control-anchor\"]"}
RESULT: {"using":"xpath","value":"//*[@id=\"application-manageresources-display-component---newResourceUnit--newRRUPage-anchBar-application-manageresources-display-component---newResourceUnit--control-anchor\"]"}
COMMAND: POST /session/a9ef15c056c2e43ebaea63ed65e0d12a/element/f.5C1E112C024A7E7EDD35BD5D9BF8FD55.d.7C23359F1ECBE92D4104F09B710EE4EB.e.1534/click - {}
RESULT: {}
COMMAND: POST /session/a9ef15c056c2e43ebaea63ed65e0d12a/execute/async - {"script":"<script> [1562 bytes]","args":[{"selector":{"id":"application-manageresources-display-component---newResourceUnit--PLANNING_GROUP","interaction":{"idSuffix":"inner"}},"wdio_ui5_key":"applicationmanageresources-display-component---newResourceUnit--PLANNING_GROUP"}]}
COMMAND: GET /session/a9ef15c056c2e43ebaea63ed65e0d12a/screenshot - {}
RESULT: {"script":"<script> [1562 bytes]","args":[{"selector":{"id":"application-manageresources-display-component---newResourceUnit--PLANNING_GROUP","interaction":{"idSuffix":"inner"}},"wdio_ui5_key":"applicationmanageresources-display-component---newResourceUnit--PLANNING_GROUP"}]}
RESULT: undefined
COMMAND: POST /session/a9ef15c056c2e43ebaea63ed65e0d12a/execute/async - {"script":"<script> [776 bytes]","args":[{"enterText":"Heavy Equi","selector":{"id":"application-manageresources-display-component---newResourceUnit--PLANNING_GROUP","interaction":{"idSuffix":"inner"}},"clearTextFirst":true,"interactionType":"ENTER_TEXT"}]}
RESULT: {}
RESULT: {"script":"<script> [776 bytes]","args":[{"enterText":"Heavy Equi","selector":{"id":"application-manageresources-display-component---newResourceUnit--PLANNING_GROUP","interaction":{"idSuffix":"inner"}},"clearTextFirst":true,"interactionType":"ENTER_TEXT"}]}
COMMAND: POST /session/a9ef15c056c2e43ebaea63ed65e0d12a/execute/async - {"script":"<script> [1562 bytes]","args":[{"selector":{"id":"application-manageresources-display-component---newResourceUnit--ITEM_TYPE-arrow"},"wdio_ui5_key":"applicationmanageresources-display-component---newResourceUnit--ITEM_TYPE-arrow"}]}
RESULT: {"script":"<script> [1562 bytes]","args":[{"selector":{"id":"application-manageresources-display-component---newResourceUnit--ITEM_TYPE-arrow"},"wdio_ui5_key":"applicationmanageresources-display-component---newResourceUnit--ITEM_TYPE-arrow"}]}
RESULT: undefined
COMMAND: POST /session/a9ef15c056c2e43ebaea63ed65e0d12a/element - {"using":"xpath","value":"//*[@id=\"application-manageresources-display-component---newResourceUnit--ITEM_TYPE-arrow\"]"}
RESULT: {"using":"xpath","value":"//*[@id=\"application-manageresources-display-component---newResourceUnit--ITEM_TYPE-arrow\"]"}
COMMAND: POST /session/a9ef15c056c2e43ebaea63ed65e0d12a/element/f.5C1E112C024A7E7EDD35BD5D9BF8FD55.d.7C23359F1ECBE92D4104F09B710EE4EB.e.1541/click - {}
RESULT: {}
COMMAND: POST /session/a9ef15c056c2e43ebaea63ed65e0d12a/element - {"using":"xpath","value":"(//span[contains(text(), \"Resource Unit\")])[2]"}
COMMAND: GET /session/a9ef15c056c2e43ebaea63ed65e0d12a/screenshot - {}
RESULT: {"using":"xpath","value":"(//span[contains(text(), \"Resource Unit\")])[2]"}
COMMAND: POST /session/a9ef15c056c2e43ebaea63ed65e0d12a/element/f.5C1E112C024A7E7EDD35BD5D9BF8FD55.d.7C23359F1ECBE92D4104F09B710EE4EB.e.1542/click - {}
RESULT: {}
RESULT: {}
COMMAND: GET /session/a9ef15c056c2e43ebaea63ed65e0d12a/screenshot - {}
RESULT: {}
COMMAND: POST /session/a9ef15c056c2e43ebaea63ed65e0d12a/element - {"using":"css selector","value":"#application-manageresources-display-component---newResourceUnit--btnAddTimeSegment"}
RESULT: {"using":"css selector","value":"#application-manageresources-display-component---newResourceUnit--btnAddTimeSegment"}
COMMAND: GET /session/a9ef15c056c2e43ebaea63ed65e0d12a/element/f.5C1E112C024A7E7EDD35BD5D9BF8FD55.d.7C23359F1ECBE92D4104F09B710EE4EB.e.1543/rect - {}
RESULT: {}
COMMAND: GET /session/a9ef15c056c2e43ebaea63ed65e0d12a/window/rect - {}
RESULT: {}
COMMAND: POST /session/a9ef15c056c2e43ebaea63ed65e0d12a/execute/sync - {"script":"<script> [92 bytes]","args":[]}
RESULT: {"script":"<script> [92 bytes]","args":[]}
COMMAND: POST /session/a9ef15c056c2e43ebaea63ed65e0d12a/actions - {"actions":[{"id":"action3","type":"wheel","parameters":{},"actions":[{"type":"scroll","x":-1888,"y":-32,"deltaX":0,"deltaY":0,"duration":0,"origin":{"element-6066-11e4-a52e-4f735466cecf":"f.5C1E112C024A7E7EDD35BD5D9BF8FD55.d.7C23359F1ECBE92D4104F09B710EE4EB.e.1543"}}]}]}
COMMAND: GET /session/a9ef15c056c2e43ebaea63ed65e0d12a/screenshot - {}
RESULT: {}
COMMAND: POST /session/a9ef15c056c2e43ebaea63ed65e0d12a/execute/sync - {"script":"<script> [79 bytes]","args":[{"element-6066-11e4-a52e-4f735466cecf":"f.5C1E112C024A7E7EDD35BD5D9BF8FD55.d.7C23359F1ECBE92D4104F09B710EE4EB.e.1543","ELEMENT":"f.5C1E112C024A7E7EDD35BD5D9BF8FD55.d.7C23359F1ECBE92D4104F09B710EE4EB.e.1543"},{"block":"start","inline":"nearest"}]}
RESULT: {"script":"<script> [79 bytes]","args":[{"element-6066-11e4-a52e-4f735466cecf":"f.5C1E112C024A7E7EDD35BD5D9BF8FD55.d.7C23359F1ECBE92D4104F09B710EE4EB.e.1543","ELEMENT":"f.5C1E112C024A7E7EDD35BD5D9BF8FD55.d.7C23359F1ECBE92D4104F09B710EE4EB.e.1543"},{"block":"start","inline":"nearest"}]}
COMMAND: POST /session/a9ef15c056c2e43ebaea63ed65e0d12a/execute/async - {"script":"<script> [1562 bytes]","args":[{"selector":{"id":"application-manageresources-display-component---newResourceUnit--btnAddTimeSegment","interaction":{"idSuffix":"inner"}},"wdio_ui5_key":"applicationmanageresources-display-component---newResourceUnit--btnAddTimeSegment"}]}
COMMAND: GET /session/a9ef15c056c2e43ebaea63ed65e0d12a/screenshot - {}
RESULT: {"script":"<script> [1562 bytes]","args":[{"selector":{"id":"application-manageresources-display-component---newResourceUnit--btnAddTimeSegment","interaction":{"idSuffix":"inner"}},"wdio_ui5_key":"applicationmanageresources-display-component---newResourceUnit--btnAddTimeSegment"}]}
RESULT: undefined
COMMAND: POST /session/a9ef15c056c2e43ebaea63ed65e0d12a/element - {"using":"xpath","value":"//*[@id=\"application-manageresources-display-component---newResourceUnit--btnAddTimeSegment\"]"}
RESULT: {}
RESULT: {"using":"xpath","value":"//*[@id=\"application-manageresources-display-component---newResourceUnit--btnAddTimeSegment\"]"}
COMMAND: POST /session/a9ef15c056c2e43ebaea63ed65e0d12a/element/f.5C1E112C024A7E7EDD35BD5D9BF8FD55.d.7C23359F1ECBE92D4104F09B710EE4EB.e.1543/click - {}
RESULT: {}
COMMAND: GET /session/a9ef15c056c2e43ebaea63ed65e0d12a/screenshot - {}
RESULT: {}
COMMAND: POST /session/a9ef15c056c2e43ebaea63ed65e0d12a/element - {"using":"xpath","value":"//input[@id=\"application-manageresources-display-component---newResourceUnit--idRuTSAdmin-application-manageresources-display-component---newResourceUnit--RUTimeSegment-0-inner\"]"}
RESULT: {"using":"xpath","value":"//input[@id=\"application-manageresources-display-component---newResourceUnit--idRuTSAdmin-application-manageresources-display-component---newResourceUnit--RUTimeSegment-0-inner\"]"}
COMMAND: POST /session/a9ef15c056c2e43ebaea63ed65e0d12a/element/f.5C1E112C024A7E7EDD35BD5D9BF8FD55.d.7C23359F1ECBE92D4104F09B710EE4EB.e.1549/clear - {}
RESULT: {}
COMMAND: POST /session/a9ef15c056c2e43ebaea63ed65e0d12a/element/f.5C1E112C024A7E7EDD35BD5D9BF8FD55.d.7C23359F1ECBE92D4104F09B710EE4EB.e.1549/value - {"text":"569"}
COMMAND: GET /session/a9ef15c056c2e43ebaea63ed65e0d12a/screenshot - {}
RESULT: {"text":"569"}
COMMAND: GET /session/a9ef15c056c2e43ebaea63ed65e0d12a/screenshot - {}
RESULT: {}
RESULT: {}
COMMAND: POST /session/a9ef15c056c2e43ebaea63ed65e0d12a/element - {"using":"xpath","value":"//li[.//span[text()='569']]"}
RESULT: {"using":"xpath","value":"//li[.//span[text()='569']]"}
COMMAND: POST /session/a9ef15c056c2e43ebaea63ed65e0d12a/element/f.5C1E112C024A7E7EDD35BD5D9BF8FD55.d.7C23359F1ECBE92D4104F09B710EE4EB.e.1561/click - {}
RESULT: {}
COMMAND: GET /session/a9ef15c056c2e43ebaea63ed65e0d12a/screenshot - {}
RESULT: {}
COMMAND: POST /session/a9ef15c056c2e43ebaea63ed65e0d12a/element - {"using":"xpath","value":"(//span[contains(@id, \"-application-manageresources-display-component---newResourceUnit--RUTimeSegment-0-arrow\")])[6]"}
RESULT: {"using":"xpath","value":"(//span[contains(@id, \"-application-manageresources-display-component---newResourceUnit--RUTimeSegment-0-arrow\")])[6]"}
COMMAND: POST /session/a9ef15c056c2e43ebaea63ed65e0d12a/element/f.5C1E112C024A7E7EDD35BD5D9BF8FD55.d.7C23359F1ECBE92D4104F09B710EE4EB.e.1562/click - {}
RESULT: {}
COMMAND: POST /session/a9ef15c056c2e43ebaea63ed65e0d12a/element - {"using":"xpath","value":"//span[contains(text(), \"PM Order\")]"}
COMMAND: GET /session/a9ef15c056c2e43ebaea63ed65e0d12a/screenshot - {}
RESULT: {"using":"xpath","value":"//span[contains(text(), \"PM Order\")]"}
COMMAND: POST /session/a9ef15c056c2e43ebaea63ed65e0d12a/element/f.5C1E112C024A7E7EDD35BD5D9BF8FD55.d.7C23359F1ECBE92D4104F09B710EE4EB.e.1565/click - {}
RESULT: {}
RESULT: {}
COMMAND: GET /session/a9ef15c056c2e43ebaea63ed65e0d12a/screenshot - {}
RESULT: {}
COMMAND: POST /session/a9ef15c056c2e43ebaea63ed65e0d12a/element - {"using":"xpath","value":"(//span[contains(@id ,\"manageresources-display-component---newResourceUnit--RUTimeSegment-0-vhi\")])[2]"}
RESULT: {"using":"xpath","value":"(//span[contains(@id ,\"manageresources-display-component---newResourceUnit--RUTimeSegment-0-vhi\")])[2]"}
COMMAND: POST /session/a9ef15c056c2e43ebaea63ed65e0d12a/element/f.5C1E112C024A7E7EDD35BD5D9BF8FD55.d.7C23359F1ECBE92D4104F09B710EE4EB.e.1568/click - {}
RESULT: {}
COMMAND: GET /session/a9ef15c056c2e43ebaea63ed65e0d12a/screenshot - {}
RESULT: {}
RESULT: undefined
COMMAND: POST /session/a9ef15c056c2e43ebaea63ed65e0d12a/execute/async - {"script":"<script> [776 bytes]","args":[{"enterText":"4000360","selector":{"controlType":"sap.m.SearchField","properties":{"placeholder":"Search"},"searchOpenDialogs":true,"interaction":{"idSuffix":"I"}},"clearTextFirst":true,"interactionType":"ENTER_TEXT"}]}
RESULT: {"script":"<script> [776 bytes]","args":[{"enterText":"4000360","selector":{"controlType":"sap.m.SearchField","properties":{"placeholder":"Search"},"searchOpenDialogs":true,"interaction":{"idSuffix":"I"}},"clearTextFirst":true,"interactionType":"ENTER_TEXT"}]}
COMMAND: POST /session/a9ef15c056c2e43ebaea63ed65e0d12a/actions - {"actions":[{"id":"action4","type":"key","parameters":{},"actions":[{"type":"keyDown","value":""},{"type":"pause","duration":10},{"type":"keyUp","value":""}]}]}
RESULT: {"actions":[{"id":"action4","type":"key","parameters":{},"actions":[{"type":"keyDown","value":""},{"type":"pause","duration":10},{"type":"keyUp","value":""}]}]}
COMMAND: GET /session/a9ef15c056c2e43ebaea63ed65e0d12a/screenshot - {}
RESULT: {}
COMMAND: POST /session/a9ef15c056c2e43ebaea63ed65e0d12a/element - {"using":"xpath","value":"//td/div/span[contains(text(), \"BGL Vehicles\")]"}
RESULT: {"using":"xpath","value":"//td/div/span[contains(text(), \"BGL Vehicles\")]"}
COMMAND: POST /session/a9ef15c056c2e43ebaea63ed65e0d12a/element/f.5C1E112C024A7E7EDD35BD5D9BF8FD55.d.7C23359F1ECBE92D4104F09B710EE4EB.e.1587/click - {}
RESULT: {}
COMMAND: GET /session/a9ef15c056c2e43ebaea63ed65e0d12a/screenshot - {}
RESULT: {}
COMMAND: POST /session/a9ef15c056c2e43ebaea63ed65e0d12a/element - {"using":"xpath","value":"//bdi[contains(text(), \"OK\")]"}
RESULT: {"using":"xpath","value":"//bdi[contains(text(), \"OK\")]"}
COMMAND: POST /session/a9ef15c056c2e43ebaea63ed65e0d12a/element/f.5C1E112C024A7E7EDD35BD5D9BF8FD55.d.7C23359F1ECBE92D4104F09B710EE4EB.e.1588/click - {}
RESULT: {}
COMMAND: GET /session/a9ef15c056c2e43ebaea63ed65e0d12a/screenshot - {}
RESULT: {}
COMMAND: POST /session/a9ef15c056c2e43ebaea63ed65e0d12a/execute/async - {"script":"<script> [1562 bytes]","args":[{"selector":{"id":"application-manageresources-display-component---newResourceUnit--newRRUPage-anchBar-application-manageresources-display-component---newResourceUnit--resource-anchor","interaction":{"idSuffix":"BDI-content"}},"wdio_ui5_key":"applicationmanageresources-display-component---newResourceUnit--newRRUPage-anchBar-application-manageresources-display-component---newResourceUnit--resource-anchor"}]}
RESULT: {"script":"<script> [1562 bytes]","args":[{"selector":{"id":"application-manageresources-display-component---newResourceUnit--newRRUPage-anchBar-application-manageresources-display-component---newResourceUnit--resource-anchor","interaction":{"idSuffix":"BDI-content"}},"wdio_ui5_key":"applicationmanageresources-display-component---newResourceUnit--newRRUPage-anchBar-application-manageresources-display-component---newResourceUnit--resource-anchor"}]}
RESULT: undefined
COMMAND: POST /session/a9ef15c056c2e43ebaea63ed65e0d12a/element - {"using":"xpath","value":"//*[@id=\"application-manageresources-display-component---newResourceUnit--newRRUPage-anchBar-application-manageresources-display-component---newResourceUnit--resource-anchor\"]"}
RESULT: {"using":"xpath","value":"//*[@id=\"application-manageresources-display-component---newResourceUnit--newRRUPage-anchBar-application-manageresources-display-component---newResourceUnit--resource-anchor\"]"}
COMMAND: POST /session/a9ef15c056c2e43ebaea63ed65e0d12a/element/f.5C1E112C024A7E7EDD35BD5D9BF8FD55.d.7C23359F1ECBE92D4104F09B710EE4EB.e.1592/click - {}
RESULT: {}
COMMAND: POST /session/a9ef15c056c2e43ebaea63ed65e0d12a/execute/async - {"script":"<script> [1562 bytes]","args":[{"selector":{"id":"application-manageresources-display-component---newResourceUnit--PLANNED_DELIVERY_DATE","interaction":{"idSuffix":"inner"}},"wdio_ui5_key":"applicationmanageresources-display-component---newResourceUnit--PLANNED_DELIVERY_DATE"}]}
COMMAND: GET /session/a9ef15c056c2e43ebaea63ed65e0d12a/screenshot - {}
RESULT: {"script":"<script> [1562 bytes]","args":[{"selector":{"id":"application-manageresources-display-component---newResourceUnit--PLANNED_DELIVERY_DATE","interaction":{"idSuffix":"inner"}},"wdio_ui5_key":"applicationmanageresources-display-component---newResourceUnit--PLANNED_DELIVERY_DATE"}]}
RESULT: undefined
COMMAND: POST /session/a9ef15c056c2e43ebaea63ed65e0d12a/execute/async - {"script":"<script> [6424 bytes]","args":[{"element-6066-11e4-a52e-4f735466cecf":"f.5C1E112C024A7E7EDD35BD5D9BF8FD55.d.7C23359F1ECBE92D4104F09B710EE4EB.e.1457"},"setValue",["4/18/25"]]}
RESULT: {}
RESULT: {"script":"<script> [6424 bytes]","args":[{"element-6066-11e4-a52e-4f735466cecf":"f.5C1E112C024A7E7EDD35BD5D9BF8FD55.d.7C23359F1ECBE92D4104F09B710EE4EB.e.1457"},"setValue",["4/18/25"]]}
COMMAND: POST /session/a9ef15c056c2e43ebaea63ed65e0d12a/element - {"using":"xpath","value":"//button[@data-kt=\"resourceUnitSaveButton\"]"}
RESULT: {"using":"xpath","value":"//button[@data-kt=\"resourceUnitSaveButton\"]"}
COMMAND: POST /session/a9ef15c056c2e43ebaea63ed65e0d12a/element/f.5C1E112C024A7E7EDD35BD5D9BF8FD55.d.7C23359F1ECBE92D4104F09B710EE4EB.e.1418/click - {}
RESULT: {}
COMMAND: GET /session/a9ef15c056c2e43ebaea63ed65e0d12a/screenshot - {}
RESULT: {}
COMMAND: POST /session/a9ef15c056c2e43ebaea63ed65e0d12a/element - {"using":"xpath","value":"//bdi[contains(text(), \"Close\")]"}
RESULT: {"using":"xpath","value":"//bdi[contains(text(), \"Close\")]"}
COMMAND: POST /session/a9ef15c056c2e43ebaea63ed65e0d12a/element/f.5C1E112C024A7E7EDD35BD5D9BF8FD55.d.7C23359F1ECBE92D4104F09B710EE4EB.e.1600/click - {}
RESULT: {}
COMMAND: GET /session/a9ef15c056c2e43ebaea63ed65e0d12a/screenshot - {}
RESULT: {}
COMMAND: POST /session/a9ef15c056c2e43ebaea63ed65e0d12a/element - {"using":"xpath","value":"(//button[contains(@id ,\"actionsToolbar-overflowButton\")])[1]"}
RESULT: {"using":"xpath","value":"(//button[contains(@id ,\"actionsToolbar-overflowButton\")])[1]"}
COMMAND: POST /session/a9ef15c056c2e43ebaea63ed65e0d12a/element/f.5C1E112C024A7E7EDD35BD5D9BF8FD55.d.7C23359F1ECBE92D4104F09B710EE4EB.e.1656/click - {}
RESULT: {}
COMMAND: GET /session/a9ef15c056c2e43ebaea63ed65e0d12a/screenshot - {}
RESULT: {}
COMMAND: POST /session/a9ef15c056c2e43ebaea63ed65e0d12a/element - {"using":"xpath","value":"//button[@data-kt=\"priceInfoButton\"]"}
RESULT: {"using":"xpath","value":"//button[@data-kt=\"priceInfoButton\"]"}
COMMAND: POST /session/a9ef15c056c2e43ebaea63ed65e0d12a/element/f.5C1E112C024A7E7EDD35BD5D9BF8FD55.d.7C23359F1ECBE92D4104F09B710EE4EB.e.1658/click - {}
RESULT: {}
COMMAND: GET /session/a9ef15c056c2e43ebaea63ed65e0d12a/screenshot - {}
RESULT: {}
COMMAND: POST /session/a9ef15c056c2e43ebaea63ed65e0d12a/element - {"using":"css selector","value":"#shell-header-logo"}
RESULT: {"using":"css selector","value":"#shell-header-logo"}
COMMAND: POST /session/a9ef15c056c2e43ebaea63ed65e0d12a/element/f.5C1E112C024A7E7EDD35BD5D9BF8FD55.d.7C23359F1ECBE92D4104F09B710EE4EB.e.1012/click - {}
RESULT: {}
]]></system-out>
    </testcase>
    <testcase classname="chrome.135_0_7049_42.windows.Create_condition_pricing_US117289_US134625" name="Should create new condition" time="64.432">
      <system-out><![CDATA[
COMMAND: POST /session/a9ef15c056c2e43ebaea63ed65e0d12a/execute/async - {"script":"<script> [1562 bytes]","args":[{"selector":{"controlType":"sap.m.Text","properties":{"text":"Manage Conditions & Prices"},"interaction":{"idSuffix":"inner"}},"wdio_ui5_key":"sapm.Text{\"text\":\"Manage Conditions & Prices\"}"}]}
COMMAND: GET /session/a9ef15c056c2e43ebaea63ed65e0d12a/screenshot - {}
RESULT: {"script":"<script> [1562 bytes]","args":[{"selector":{"controlType":"sap.m.Text","properties":{"text":"Manage Conditions & Prices"},"interaction":{"idSuffix":"inner"}},"wdio_ui5_key":"sapm.Text{\"text\":\"Manage Conditions & Prices\"}"}]}
RESULT: undefined
COMMAND: POST /session/a9ef15c056c2e43ebaea63ed65e0d12a/element - {"using":"xpath","value":"//*[@id=\"__tile53-title\"]"}
RESULT: {}
RESULT: {"using":"xpath","value":"//*[@id=\"__tile53-title\"]"}
COMMAND: POST /session/a9ef15c056c2e43ebaea63ed65e0d12a/element/f.5C1E112C024A7E7EDD35BD5D9BF8FD55.d.7C23359F1ECBE92D4104F09B710EE4EB.e.1664/click - {}
RESULT: {}
COMMAND: POST /session/a9ef15c056c2e43ebaea63ed65e0d12a/element - {"using":"xpath","value":"//button[@aria-label=\"Create\"]"}
COMMAND: GET /session/a9ef15c056c2e43ebaea63ed65e0d12a/screenshot - {}
RESULT: {"using":"xpath","value":"//button[@aria-label=\"Create\"]"}
COMMAND: POST /session/a9ef15c056c2e43ebaea63ed65e0d12a/elements - {"using":"xpath","value":"//button[@aria-label=\"Create\"]"}
RESULT: {}
RESULT: {"using":"xpath","value":"//button[@aria-label=\"Create\"]"}
COMMAND: POST /session/a9ef15c056c2e43ebaea63ed65e0d12a/elements - {"using":"xpath","value":"//button[@aria-label=\"Create\"]"}
RESULT: {"using":"xpath","value":"//button[@aria-label=\"Create\"]"}
COMMAND: POST /session/a9ef15c056c2e43ebaea63ed65e0d12a/elements - {"using":"xpath","value":"//button[@aria-label=\"Create\"]"}
RESULT: {"using":"xpath","value":"//button[@aria-label=\"Create\"]"}
COMMAND: POST /session/a9ef15c056c2e43ebaea63ed65e0d12a/elements - {"using":"xpath","value":"//button[@aria-label=\"Create\"]"}
RESULT: {"using":"xpath","value":"//button[@aria-label=\"Create\"]"}
COMMAND: POST /session/a9ef15c056c2e43ebaea63ed65e0d12a/elements - {"using":"xpath","value":"//button[@aria-label=\"Create\"]"}
RESULT: {"using":"xpath","value":"//button[@aria-label=\"Create\"]"}
COMMAND: POST /session/a9ef15c056c2e43ebaea63ed65e0d12a/elements - {"using":"xpath","value":"//button[@aria-label=\"Create\"]"}
RESULT: {"using":"xpath","value":"//button[@aria-label=\"Create\"]"}
COMMAND: POST /session/a9ef15c056c2e43ebaea63ed65e0d12a/elements - {"using":"xpath","value":"//button[@aria-label=\"Create\"]"}
RESULT: {"using":"xpath","value":"//button[@aria-label=\"Create\"]"}
COMMAND: POST /session/a9ef15c056c2e43ebaea63ed65e0d12a/elements - {"using":"xpath","value":"//button[@aria-label=\"Create\"]"}
RESULT: {"using":"xpath","value":"//button[@aria-label=\"Create\"]"}
COMMAND: POST /session/a9ef15c056c2e43ebaea63ed65e0d12a/elements - {"using":"xpath","value":"//button[@aria-label=\"Create\"]"}
RESULT: {"using":"xpath","value":"//button[@aria-label=\"Create\"]"}
COMMAND: POST /session/a9ef15c056c2e43ebaea63ed65e0d12a/elements - {"using":"xpath","value":"//button[@aria-label=\"Create\"]"}
RESULT: {"using":"xpath","value":"//button[@aria-label=\"Create\"]"}
COMMAND: POST /session/a9ef15c056c2e43ebaea63ed65e0d12a/elements - {"using":"xpath","value":"//button[@aria-label=\"Create\"]"}
RESULT: {"using":"xpath","value":"//button[@aria-label=\"Create\"]"}
COMMAND: POST /session/a9ef15c056c2e43ebaea63ed65e0d12a/elements - {"using":"xpath","value":"//button[@aria-label=\"Create\"]"}
RESULT: {"using":"xpath","value":"//button[@aria-label=\"Create\"]"}
COMMAND: POST /session/a9ef15c056c2e43ebaea63ed65e0d12a/elements - {"using":"xpath","value":"//button[@aria-label=\"Create\"]"}
RESULT: {"using":"xpath","value":"//button[@aria-label=\"Create\"]"}
COMMAND: POST /session/a9ef15c056c2e43ebaea63ed65e0d12a/elements - {"using":"xpath","value":"//button[@aria-label=\"Create\"]"}
RESULT: {"using":"xpath","value":"//button[@aria-label=\"Create\"]"}
COMMAND: POST /session/a9ef15c056c2e43ebaea63ed65e0d12a/elements - {"using":"xpath","value":"//button[@aria-label=\"Create\"]"}
RESULT: {"using":"xpath","value":"//button[@aria-label=\"Create\"]"}
COMMAND: POST /session/a9ef15c056c2e43ebaea63ed65e0d12a/elements - {"using":"xpath","value":"//button[@aria-label=\"Create\"]"}
RESULT: {"using":"xpath","value":"//button[@aria-label=\"Create\"]"}
COMMAND: POST /session/a9ef15c056c2e43ebaea63ed65e0d12a/elements - {"using":"xpath","value":"//button[@aria-label=\"Create\"]"}
RESULT: {"using":"xpath","value":"//button[@aria-label=\"Create\"]"}
COMMAND: POST /session/a9ef15c056c2e43ebaea63ed65e0d12a/elements - {"using":"xpath","value":"//button[@aria-label=\"Create\"]"}
RESULT: {"using":"xpath","value":"//button[@aria-label=\"Create\"]"}
COMMAND: POST /session/a9ef15c056c2e43ebaea63ed65e0d12a/elements - {"using":"xpath","value":"//button[@aria-label=\"Create\"]"}
RESULT: {"using":"xpath","value":"//button[@aria-label=\"Create\"]"}
COMMAND: POST /session/a9ef15c056c2e43ebaea63ed65e0d12a/element - {"using":"xpath","value":"//button[@aria-label=\"Create\"]"}
RESULT: {"using":"xpath","value":"//button[@aria-label=\"Create\"]"}
COMMAND: POST /session/a9ef15c056c2e43ebaea63ed65e0d12a/execute/sync - {"script":"<script> [8489 bytes]","args":[{"element-6066-11e4-a52e-4f735466cecf":"f.5C1E112C024A7E7EDD35BD5D9BF8FD55.d.7C23359F1ECBE92D4104F09B710EE4EB.e.1731","ELEMENT":"f.5C1E112C024A7E7EDD35BD5D9BF8FD55.d.7C23359F1ECBE92D4104F09B710EE4EB.e.1731"}]}
RESULT: {"script":"<script> [8489 bytes]","args":[{"element-6066-11e4-a52e-4f735466cecf":"f.5C1E112C024A7E7EDD35BD5D9BF8FD55.d.7C23359F1ECBE92D4104F09B710EE4EB.e.1731","ELEMENT":"f.5C1E112C024A7E7EDD35BD5D9BF8FD55.d.7C23359F1ECBE92D4104F09B710EE4EB.e.1731"}]}
COMMAND: GET /session/a9ef15c056c2e43ebaea63ed65e0d12a/element/f.5C1E112C024A7E7EDD35BD5D9BF8FD55.d.7C23359F1ECBE92D4104F09B710EE4EB.e.1731/enabled - {}
COMMAND: GET /session/a9ef15c056c2e43ebaea63ed65e0d12a/screenshot - {}
RESULT: {}
COMMAND: POST /session/a9ef15c056c2e43ebaea63ed65e0d12a/execute/sync - {"script":"<script> [8489 bytes]","args":[{"element-6066-11e4-a52e-4f735466cecf":"f.5C1E112C024A7E7EDD35BD5D9BF8FD55.d.7C23359F1ECBE92D4104F09B710EE4EB.e.1731","ELEMENT":"f.5C1E112C024A7E7EDD35BD5D9BF8FD55.d.7C23359F1ECBE92D4104F09B710EE4EB.e.1731"}]}
COMMAND: GET /session/a9ef15c056c2e43ebaea63ed65e0d12a/screenshot - {}
RESULT: {}
RESULT: {"script":"<script> [8489 bytes]","args":[{"element-6066-11e4-a52e-4f735466cecf":"f.5C1E112C024A7E7EDD35BD5D9BF8FD55.d.7C23359F1ECBE92D4104F09B710EE4EB.e.1731","ELEMENT":"f.5C1E112C024A7E7EDD35BD5D9BF8FD55.d.7C23359F1ECBE92D4104F09B710EE4EB.e.1731"}]}
COMMAND: POST /session/a9ef15c056c2e43ebaea63ed65e0d12a/execute/sync - {"script":"<script> [5351 bytes]","args":[{"element-6066-11e4-a52e-4f735466cecf":"f.5C1E112C024A7E7EDD35BD5D9BF8FD55.d.7C23359F1ECBE92D4104F09B710EE4EB.e.1731","ELEMENT":"f.5C1E112C024A7E7EDD35BD5D9BF8FD55.d.7C23359F1ECBE92D4104F09B710EE4EB.e.1731"}]}
COMMAND: GET /session/a9ef15c056c2e43ebaea63ed65e0d12a/screenshot - {}
RESULT: {}
RESULT: {"script":"<script> [5351 bytes]","args":[{"element-6066-11e4-a52e-4f735466cecf":"f.5C1E112C024A7E7EDD35BD5D9BF8FD55.d.7C23359F1ECBE92D4104F09B710EE4EB.e.1731","ELEMENT":"f.5C1E112C024A7E7EDD35BD5D9BF8FD55.d.7C23359F1ECBE92D4104F09B710EE4EB.e.1731"}]}
COMMAND: POST /session/a9ef15c056c2e43ebaea63ed65e0d12a/element/f.5C1E112C024A7E7EDD35BD5D9BF8FD55.d.7C23359F1ECBE92D4104F09B710EE4EB.e.1731/click - {}
COMMAND: GET /session/a9ef15c056c2e43ebaea63ed65e0d12a/screenshot - {}
RESULT: {}
RESULT: {}
COMMAND: GET /session/a9ef15c056c2e43ebaea63ed65e0d12a/screenshot - {}
RESULT: {}
RESULT: {}
COMMAND: POST /session/a9ef15c056c2e43ebaea63ed65e0d12a/actions - {"actions":[{"id":"action5","type":"key","parameters":{},"actions":[{"type":"keyDown","value":""},{"type":"pause","duration":10},{"type":"keyUp","value":""}]}]}
RESULT: {"actions":[{"id":"action5","type":"key","parameters":{},"actions":[{"type":"keyDown","value":""},{"type":"pause","duration":10},{"type":"keyUp","value":""}]}]}
COMMAND: GET /session/a9ef15c056c2e43ebaea63ed65e0d12a/screenshot - {}
RESULT: {}
COMMAND: POST /session/a9ef15c056c2e43ebaea63ed65e0d12a/execute/async - {"script":"<script> [1562 bytes]","args":[{"selector":{"id":"application-manageconditionprice-display-component---newCondition--condBillCond-arrow"},"wdio_ui5_key":"applicationmanageconditionprice-display-component---newCondition--condBillCond-arrow"}]}
RESULT: {"script":"<script> [1562 bytes]","args":[{"selector":{"id":"application-manageconditionprice-display-component---newCondition--condBillCond-arrow"},"wdio_ui5_key":"applicationmanageconditionprice-display-component---newCondition--condBillCond-arrow"}]}
RESULT: undefined
COMMAND: POST /session/a9ef15c056c2e43ebaea63ed65e0d12a/element - {"using":"xpath","value":"//*[@id=\"application-manageconditionprice-display-component---newCondition--condBillCond-arrow\"]"}
RESULT: {"using":"xpath","value":"//*[@id=\"application-manageconditionprice-display-component---newCondition--condBillCond-arrow\"]"}
COMMAND: POST /session/a9ef15c056c2e43ebaea63ed65e0d12a/element/f.5C1E112C024A7E7EDD35BD5D9BF8FD55.d.7C23359F1ECBE92D4104F09B710EE4EB.e.1909/click - {}
RESULT: {}
COMMAND: GET /session/a9ef15c056c2e43ebaea63ed65e0d12a/screenshot - {}
RESULT: {}
COMMAND: POST /session/a9ef15c056c2e43ebaea63ed65e0d12a/element - {"using":"xpath","value":"//li[.//span[contains(text(), \"SAPR - Sales price\")]]"}
RESULT: {"using":"xpath","value":"//li[.//span[contains(text(), \"SAPR - Sales price\")]]"}
COMMAND: POST /session/a9ef15c056c2e43ebaea63ed65e0d12a/element/f.5C1E112C024A7E7EDD35BD5D9BF8FD55.d.7C23359F1ECBE92D4104F09B710EE4EB.e.1912/click - {}
RESULT: {}
COMMAND: GET /session/a9ef15c056c2e43ebaea63ed65e0d12a/screenshot - {}
RESULT: {}
COMMAND: POST /session/a9ef15c056c2e43ebaea63ed65e0d12a/execute/async - {"script":"<script> [1562 bytes]","args":[{"selector":{"id":"application-manageconditionprice-display-component---newCondition--condValidTo","interaction":{"idSuffix":"inner"}},"wdio_ui5_key":"applicationmanageconditionprice-display-component---newCondition--condValidTo"}]}
RESULT: {"script":"<script> [1562 bytes]","args":[{"selector":{"id":"application-manageconditionprice-display-component---newCondition--condValidTo","interaction":{"idSuffix":"inner"}},"wdio_ui5_key":"applicationmanageconditionprice-display-component---newCondition--condValidTo"}]}
RESULT: undefined
COMMAND: POST /session/a9ef15c056c2e43ebaea63ed65e0d12a/execute/async - {"script":"<script> [776 bytes]","args":[{"enterText":"12/18/25","selector":{"id":"application-manageconditionprice-display-component---newCondition--condValidTo","interaction":{"idSuffix":"inner"}},"clearTextFirst":true,"interactionType":"ENTER_TEXT"}]}
RESULT: {"script":"<script> [776 bytes]","args":[{"enterText":"12/18/25","selector":{"id":"application-manageconditionprice-display-component---newCondition--condValidTo","interaction":{"idSuffix":"inner"}},"clearTextFirst":true,"interactionType":"ENTER_TEXT"}]}
COMMAND: POST /session/a9ef15c056c2e43ebaea63ed65e0d12a/element - {"using":"xpath","value":"//input[@id=\"application-manageconditionprice-display-component---newCondition--condRU-inner\"]"}
RESULT: {"using":"xpath","value":"//input[@id=\"application-manageconditionprice-display-component---newCondition--condRU-inner\"]"}
COMMAND: POST /session/a9ef15c056c2e43ebaea63ed65e0d12a/element/f.5C1E112C024A7E7EDD35BD5D9BF8FD55.d.7C23359F1ECBE92D4104F09B710EE4EB.e.1774/clear - {}
RESULT: {}
COMMAND: POST /session/a9ef15c056c2e43ebaea63ed65e0d12a/element/f.5C1E112C024A7E7EDD35BD5D9BF8FD55.d.7C23359F1ECBE92D4104F09B710EE4EB.e.1774/value - {"text":"9mS1HLIcPo"}
COMMAND: GET /session/a9ef15c056c2e43ebaea63ed65e0d12a/screenshot - {}
RESULT: {"text":"9mS1HLIcPo"}
COMMAND: GET /session/a9ef15c056c2e43ebaea63ed65e0d12a/screenshot - {}
RESULT: {}
RESULT: {}
COMMAND: POST /session/a9ef15c056c2e43ebaea63ed65e0d12a/actions - {"actions":[{"id":"action6","type":"key","parameters":{},"actions":[{"type":"keyDown","value":""},{"type":"pause","duration":10},{"type":"keyUp","value":""}]}]}
RESULT: {"actions":[{"id":"action6","type":"key","parameters":{},"actions":[{"type":"keyDown","value":""},{"type":"pause","duration":10},{"type":"keyUp","value":""}]}]}
COMMAND: POST /session/a9ef15c056c2e43ebaea63ed65e0d12a/execute/async - {"script":"<script> [1562 bytes]","args":[{"selector":{"id":"application-manageconditionprice-display-component---newCondition--condBaseQty","interaction":{"idSuffix":"inner"}},"wdio_ui5_key":"applicationmanageconditionprice-display-component---newCondition--condBaseQty"}]}
COMMAND: GET /session/a9ef15c056c2e43ebaea63ed65e0d12a/screenshot - {}
RESULT: {"script":"<script> [1562 bytes]","args":[{"selector":{"id":"application-manageconditionprice-display-component---newCondition--condBaseQty","interaction":{"idSuffix":"inner"}},"wdio_ui5_key":"applicationmanageconditionprice-display-component---newCondition--condBaseQty"}]}
RESULT: undefined
COMMAND: POST /session/a9ef15c056c2e43ebaea63ed65e0d12a/execute/async - {"script":"<script> [776 bytes]","args":[{"enterText":"1","selector":{"id":"application-manageconditionprice-display-component---newCondition--condBaseQty","interaction":{"idSuffix":"inner"}},"clearTextFirst":true,"interactionType":"ENTER_TEXT"}]}
RESULT: {}
RESULT: {"script":"<script> [776 bytes]","args":[{"enterText":"1","selector":{"id":"application-manageconditionprice-display-component---newCondition--condBaseQty","interaction":{"idSuffix":"inner"}},"clearTextFirst":true,"interactionType":"ENTER_TEXT"}]}
COMMAND: POST /session/a9ef15c056c2e43ebaea63ed65e0d12a/execute/async - {"script":"<script> [1562 bytes]","args":[{"selector":{"id":"application-manageconditionprice-display-component---newCondition--condValue","interaction":{"idSuffix":"inner"}},"wdio_ui5_key":"applicationmanageconditionprice-display-component---newCondition--condValue"}]}
RESULT: {"script":"<script> [1562 bytes]","args":[{"selector":{"id":"application-manageconditionprice-display-component---newCondition--condValue","interaction":{"idSuffix":"inner"}},"wdio_ui5_key":"applicationmanageconditionprice-display-component---newCondition--condValue"}]}
RESULT: undefined
COMMAND: POST /session/a9ef15c056c2e43ebaea63ed65e0d12a/execute/async - {"script":"<script> [776 bytes]","args":[{"enterText":"200","selector":{"id":"application-manageconditionprice-display-component---newCondition--condValue","interaction":{"idSuffix":"inner"}},"clearTextFirst":true,"interactionType":"ENTER_TEXT"}]}
RESULT: {"script":"<script> [776 bytes]","args":[{"enterText":"200","selector":{"id":"application-manageconditionprice-display-component---newCondition--condValue","interaction":{"idSuffix":"inner"}},"clearTextFirst":true,"interactionType":"ENTER_TEXT"}]}
COMMAND: POST /session/a9ef15c056c2e43ebaea63ed65e0d12a/execute/async - {"script":"<script> [1562 bytes]","args":[{"selector":{"id":"application-manageconditionprice-display-component---newCondition--condCurr-arrow"},"wdio_ui5_key":"applicationmanageconditionprice-display-component---newCondition--condCurr-arrow"}]}
RESULT: {"script":"<script> [1562 bytes]","args":[{"selector":{"id":"application-manageconditionprice-display-component---newCondition--condCurr-arrow"},"wdio_ui5_key":"applicationmanageconditionprice-display-component---newCondition--condCurr-arrow"}]}
RESULT: undefined
COMMAND: POST /session/a9ef15c056c2e43ebaea63ed65e0d12a/element - {"using":"xpath","value":"//*[@id=\"application-manageconditionprice-display-component---newCondition--condCurr-arrow\"]"}
RESULT: {"using":"xpath","value":"//*[@id=\"application-manageconditionprice-display-component---newCondition--condCurr-arrow\"]"}
COMMAND: POST /session/a9ef15c056c2e43ebaea63ed65e0d12a/element/f.5C1E112C024A7E7EDD35BD5D9BF8FD55.d.7C23359F1ECBE92D4104F09B710EE4EB.e.1887/click - {}
RESULT: {}
COMMAND: POST /session/a9ef15c056c2e43ebaea63ed65e0d12a/element - {"using":"xpath","value":"//span[contains(text(), \"Euro\")]"}
COMMAND: GET /session/a9ef15c056c2e43ebaea63ed65e0d12a/screenshot - {}
RESULT: {"using":"xpath","value":"//span[contains(text(), \"Euro\")]"}
COMMAND: POST /session/a9ef15c056c2e43ebaea63ed65e0d12a/element/f.5C1E112C024A7E7EDD35BD5D9BF8FD55.d.7C23359F1ECBE92D4104F09B710EE4EB.e.1950/click - {}
RESULT: {}
RESULT: {}
COMMAND: POST /session/a9ef15c056c2e43ebaea63ed65e0d12a/element - {"using":"xpath","value":"//button[@data-kt=\"saveButton\"]"}
COMMAND: GET /session/a9ef15c056c2e43ebaea63ed65e0d12a/screenshot - {}
RESULT: {"using":"xpath","value":"//button[@data-kt=\"saveButton\"]"}
COMMAND: POST /session/a9ef15c056c2e43ebaea63ed65e0d12a/element/f.5C1E112C024A7E7EDD35BD5D9BF8FD55.d.7C23359F1ECBE92D4104F09B710EE4EB.e.1888/click - {}
RESULT: {}
RESULT: {}
COMMAND: GET /session/a9ef15c056c2e43ebaea63ed65e0d12a/screenshot - {}
RESULT: {}
COMMAND: POST /session/a9ef15c056c2e43ebaea63ed65e0d12a/execute/async - {"script":"<script> [1562 bytes]","args":[{"selector":{"id":"application-manageconditionprice-display-component---conditions--smartFilterBar-btnBasicSearch","interaction":{"idSuffix":"I"}},"wdio_ui5_key":"applicationmanageconditionprice-display-component---conditions--smartFilterBar-btnBasicSearch"}]}
RESULT: {"script":"<script> [1562 bytes]","args":[{"selector":{"id":"application-manageconditionprice-display-component---conditions--smartFilterBar-btnBasicSearch","interaction":{"idSuffix":"I"}},"wdio_ui5_key":"applicationmanageconditionprice-display-component---conditions--smartFilterBar-btnBasicSearch"}]}
RESULT: undefined
COMMAND: POST /session/a9ef15c056c2e43ebaea63ed65e0d12a/execute/async - {"script":"<script> [776 bytes]","args":[{"enterText":"9mS1HLIcPo","selector":{"id":"application-manageconditionprice-display-component---conditions--smartFilterBar-btnBasicSearch","interaction":{"idSuffix":"I"}},"clearTextFirst":true,"interactionType":"ENTER_TEXT"}]}
RESULT: {"script":"<script> [776 bytes]","args":[{"enterText":"9mS1HLIcPo","selector":{"id":"application-manageconditionprice-display-component---conditions--smartFilterBar-btnBasicSearch","interaction":{"idSuffix":"I"}},"clearTextFirst":true,"interactionType":"ENTER_TEXT"}]}
COMMAND: POST /session/a9ef15c056c2e43ebaea63ed65e0d12a/actions - {"actions":[{"id":"action7","type":"key","parameters":{},"actions":[{"type":"keyDown","value":""},{"type":"pause","duration":10},{"type":"keyUp","value":""}]}]}
RESULT: {"actions":[{"id":"action7","type":"key","parameters":{},"actions":[{"type":"keyDown","value":""},{"type":"pause","duration":10},{"type":"keyUp","value":""}]}]}
COMMAND: GET /session/a9ef15c056c2e43ebaea63ed65e0d12a/screenshot - {}
RESULT: {}
COMMAND: POST /session/a9ef15c056c2e43ebaea63ed65e0d12a/execute/async - {"script":"<script> [1562 bytes]","args":[{"selector":{"id":"application-manageconditionprice-display-component---conditions--smartFilterBar-filterItemControl_BASIC-BILL_TYPES-vhi"},"wdio_ui5_key":"applicationmanageconditionprice-display-component---conditions--smartFilterBar-filterItemControl_BASIC-BILL_TYPES-vhi"}]}
RESULT: {"script":"<script> [1562 bytes]","args":[{"selector":{"id":"application-manageconditionprice-display-component---conditions--smartFilterBar-filterItemControl_BASIC-BILL_TYPES-vhi"},"wdio_ui5_key":"applicationmanageconditionprice-display-component---conditions--smartFilterBar-filterItemControl_BASIC-BILL_TYPES-vhi"}]}
RESULT: undefined
COMMAND: POST /session/a9ef15c056c2e43ebaea63ed65e0d12a/element - {"using":"xpath","value":"//*[@id=\"application-manageconditionprice-display-component---conditions--smartFilterBar-filterItemControl_BASIC-BILL_TYPES-vhi\"]"}
RESULT: {"using":"xpath","value":"//*[@id=\"application-manageconditionprice-display-component---conditions--smartFilterBar-filterItemControl_BASIC-BILL_TYPES-vhi\"]"}
COMMAND: POST /session/a9ef15c056c2e43ebaea63ed65e0d12a/element/f.5C1E112C024A7E7EDD35BD5D9BF8FD55.d.7C23359F1ECBE92D4104F09B710EE4EB.e.2057/click - {}
RESULT: {}
COMMAND: POST /session/a9ef15c056c2e43ebaea63ed65e0d12a/execute/async - {"script":"<script> [1562 bytes]","args":[{"selector":{"id":"application-manageconditionprice-display-component---conditions--smartFilterBar-filterItemControl_BASIC-BILL_TYPES-valueHelpDialog-smartFilterBar-btnBasicSearch","searchOpenDialogs":true,"interaction":{"idSuffix":"I"}},"wdio_ui5_key":"applicationmanageconditionprice-display-component---conditions--smartFilterBar-filterItemControl_BASIC-BILL_TYPES-valueHelpDialog-smartFilterBar-btnBasicSearch"}]}
COMMAND: GET /session/a9ef15c056c2e43ebaea63ed65e0d12a/screenshot - {}
RESULT: {"script":"<script> [1562 bytes]","args":[{"selector":{"id":"application-manageconditionprice-display-component---conditions--smartFilterBar-filterItemControl_BASIC-BILL_TYPES-valueHelpDialog-smartFilterBar-btnBasicSearch","searchOpenDialogs":true,"interaction":{"idSuffix":"I"}},"wdio_ui5_key":"applicationmanageconditionprice-display-component---conditions--smartFilterBar-filterItemControl_BASIC-BILL_TYPES-valueHelpDialog-smartFilterBar-btnBasicSearch"}]}
RESULT: undefined
COMMAND: POST /session/a9ef15c056c2e43ebaea63ed65e0d12a/execute/async - {"script":"<script> [776 bytes]","args":[{"enterText":"one","selector":{"id":"application-manageconditionprice-display-component---conditions--smartFilterBar-filterItemControl_BASIC-BILL_TYPES-valueHelpDialog-smartFilterBar-btnBasicSearch","searchOpenDialogs":true,"interaction":{"idSuffix":"I"}},"clearTextFirst":true,"interactionType":"ENTER_TEXT"}]}
RESULT: {}
RESULT: {"script":"<script> [776 bytes]","args":[{"enterText":"one","selector":{"id":"application-manageconditionprice-display-component---conditions--smartFilterBar-filterItemControl_BASIC-BILL_TYPES-valueHelpDialog-smartFilterBar-btnBasicSearch","searchOpenDialogs":true,"interaction":{"idSuffix":"I"}},"clearTextFirst":true,"interactionType":"ENTER_TEXT"}]}
COMMAND: POST /session/a9ef15c056c2e43ebaea63ed65e0d12a/actions - {"actions":[{"id":"action8","type":"key","parameters":{},"actions":[{"type":"keyDown","value":""},{"type":"pause","duration":10},{"type":"keyUp","value":""}]}]}
RESULT: {"actions":[{"id":"action8","type":"key","parameters":{},"actions":[{"type":"keyDown","value":""},{"type":"pause","duration":10},{"type":"keyUp","value":""}]}]}
COMMAND: GET /session/a9ef15c056c2e43ebaea63ed65e0d12a/screenshot - {}
RESULT: {}
COMMAND: POST /session/a9ef15c056c2e43ebaea63ed65e0d12a/element - {"using":"xpath","value":"//div[contains(@id, 'application-manageconditionprice-display-component---conditions--smartFilterBar-filterItemControl_BASIC-BILL_TYPES-valueHelpDialog-table-rowsel0')]"}
RESULT: {"using":"xpath","value":"//div[contains(@id, 'application-manageconditionprice-display-component---conditions--smartFilterBar-filterItemControl_BASIC-BILL_TYPES-valueHelpDialog-table-rowsel0')]"}
COMMAND: POST /session/a9ef15c056c2e43ebaea63ed65e0d12a/element/f.5C1E112C024A7E7EDD35BD5D9BF8FD55.d.7C23359F1ECBE92D4104F09B710EE4EB.e.2066/click - {}
RESULT: {}
COMMAND: GET /session/a9ef15c056c2e43ebaea63ed65e0d12a/screenshot - {}
RESULT: {}
COMMAND: POST /session/a9ef15c056c2e43ebaea63ed65e0d12a/element - {"using":"xpath","value":"//bdi[contains(text(), \"OK\")]"}
RESULT: {"using":"xpath","value":"//bdi[contains(text(), \"OK\")]"}
COMMAND: POST /session/a9ef15c056c2e43ebaea63ed65e0d12a/element/f.5C1E112C024A7E7EDD35BD5D9BF8FD55.d.7C23359F1ECBE92D4104F09B710EE4EB.e.2068/click - {}
RESULT: {}
COMMAND: GET /session/a9ef15c056c2e43ebaea63ed65e0d12a/screenshot - {}
RESULT: {}
COMMAND: POST /session/a9ef15c056c2e43ebaea63ed65e0d12a/element - {"using":"xpath","value":"//span[@id=\"application-manageconditionprice-display-component---conditions--smartTable-header-inner\"]"}
RESULT: {"using":"xpath","value":"//span[@id=\"application-manageconditionprice-display-component---conditions--smartTable-header-inner\"]"}
COMMAND: POST /session/a9ef15c056c2e43ebaea63ed65e0d12a/elements - {"using":"xpath","value":"//span[@id=\"application-manageconditionprice-display-component---conditions--smartTable-header-inner\"]"}
RESULT: {"using":"xpath","value":"//span[@id=\"application-manageconditionprice-display-component---conditions--smartTable-header-inner\"]"}
COMMAND: POST /session/a9ef15c056c2e43ebaea63ed65e0d12a/execute/sync - {"script":"<script> [56 bytes]","args":[{"element-6066-11e4-a52e-4f735466cecf":"f.5C1E112C024A7E7EDD35BD5D9BF8FD55.d.7C23359F1ECBE92D4104F09B710EE4EB.e.2071","ELEMENT":"f.5C1E112C024A7E7EDD35BD5D9BF8FD55.d.7C23359F1ECBE92D4104F09B710EE4EB.e.2071"}]}
RESULT: {"script":"<script> [56 bytes]","args":[{"element-6066-11e4-a52e-4f735466cecf":"f.5C1E112C024A7E7EDD35BD5D9BF8FD55.d.7C23359F1ECBE92D4104F09B710EE4EB.e.2071","ELEMENT":"f.5C1E112C024A7E7EDD35BD5D9BF8FD55.d.7C23359F1ECBE92D4104F09B710EE4EB.e.2071"}]}
COMMAND: POST /session/a9ef15c056c2e43ebaea63ed65e0d12a/element - {"using":"css selector","value":"#shell-header-logo"}
COMMAND: GET /session/a9ef15c056c2e43ebaea63ed65e0d12a/screenshot - {}
RESULT: {"using":"css selector","value":"#shell-header-logo"}
COMMAND: POST /session/a9ef15c056c2e43ebaea63ed65e0d12a/element/f.5C1E112C024A7E7EDD35BD5D9BF8FD55.d.7C23359F1ECBE92D4104F09B710EE4EB.e.1680/click - {}
RESULT: {}
RESULT: {}
COMMAND: GET /session/a9ef15c056c2e43ebaea63ed65e0d12a/screenshot - {}
RESULT: {}
COMMAND: POST /session/a9ef15c056c2e43ebaea63ed65e0d12a/element - {"using":"css selector","value":"#j_username"}
COMMAND: POST /session/a9ef15c056c2e43ebaea63ed65e0d12a/url - {"url":"https://qa-testing-00-live-etm-ui.cfapps.eu10-004.hana.ondemand.com/"}
RESULT: {"using":"css selector","value":"#j_username"}
COMMAND: POST /session/a9ef15c056c2e43ebaea63ed65e0d12a/element - {"using":"css selector","value":"#j_username"}
RESULT: {"url":"https://qa-testing-00-live-etm-ui.cfapps.eu10-004.hana.ondemand.com/"}
RESULT: undefined
COMMAND: GET /session/a9ef15c056c2e43ebaea63ed65e0d12a/screenshot - {}
RESULT: {"using":"css selector","value":"#j_username"}
COMMAND: POST /session/a9ef15c056c2e43ebaea63ed65e0d12a/element - {"using":"css selector","value":"#shell-header-logo"}
RESULT: {}
RESULT: {"using":"css selector","value":"#shell-header-logo"}
COMMAND: POST /session/a9ef15c056c2e43ebaea63ed65e0d12a/execute/sync - {"script":"<script> [8489 bytes]","args":[{"element-6066-11e4-a52e-4f735466cecf":"f.5C1E112C024A7E7EDD35BD5D9BF8FD55.d.E3027669E06A821D1EEFCF39ADDEA9AC.e.2080","ELEMENT":"f.5C1E112C024A7E7EDD35BD5D9BF8FD55.d.E3027669E06A821D1EEFCF39ADDEA9AC.e.2080"}]}
RESULT: {"script":"<script> [8489 bytes]","args":[{"element-6066-11e4-a52e-4f735466cecf":"f.5C1E112C024A7E7EDD35BD5D9BF8FD55.d.E3027669E06A821D1EEFCF39ADDEA9AC.e.2080","ELEMENT":"f.5C1E112C024A7E7EDD35BD5D9BF8FD55.d.E3027669E06A821D1EEFCF39ADDEA9AC.e.2080"}]}
COMMAND: POST /session/a9ef15c056c2e43ebaea63ed65e0d12a/element - {"using":"css selector","value":"#shell-header-logo"}
COMMAND: GET /session/a9ef15c056c2e43ebaea63ed65e0d12a/screenshot - {}
RESULT: {"using":"css selector","value":"#shell-header-logo"}
COMMAND: POST /session/a9ef15c056c2e43ebaea63ed65e0d12a/execute/sync - {"script":"<script> [8489 bytes]","args":[{"element-6066-11e4-a52e-4f735466cecf":"f.5C1E112C024A7E7EDD35BD5D9BF8FD55.d.E3027669E06A821D1EEFCF39ADDEA9AC.e.2080","ELEMENT":"f.5C1E112C024A7E7EDD35BD5D9BF8FD55.d.E3027669E06A821D1EEFCF39ADDEA9AC.e.2080"}]}
RESULT: {}
RESULT: {"script":"<script> [8489 bytes]","args":[{"element-6066-11e4-a52e-4f735466cecf":"f.5C1E112C024A7E7EDD35BD5D9BF8FD55.d.E3027669E06A821D1EEFCF39ADDEA9AC.e.2080","ELEMENT":"f.5C1E112C024A7E7EDD35BD5D9BF8FD55.d.E3027669E06A821D1EEFCF39ADDEA9AC.e.2080"}]}
COMMAND: POST /session/a9ef15c056c2e43ebaea63ed65e0d12a/execute/sync - {"script":"<script> [5351 bytes]","args":[{"element-6066-11e4-a52e-4f735466cecf":"f.5C1E112C024A7E7EDD35BD5D9BF8FD55.d.E3027669E06A821D1EEFCF39ADDEA9AC.e.2080","ELEMENT":"f.5C1E112C024A7E7EDD35BD5D9BF8FD55.d.E3027669E06A821D1EEFCF39ADDEA9AC.e.2080"}]}
COMMAND: GET /session/a9ef15c056c2e43ebaea63ed65e0d12a/screenshot - {}
RESULT: {"script":"<script> [5351 bytes]","args":[{"element-6066-11e4-a52e-4f735466cecf":"f.5C1E112C024A7E7EDD35BD5D9BF8FD55.d.E3027669E06A821D1EEFCF39ADDEA9AC.e.2080","ELEMENT":"f.5C1E112C024A7E7EDD35BD5D9BF8FD55.d.E3027669E06A821D1EEFCF39ADDEA9AC.e.2080"}]}
COMMAND: POST /session/a9ef15c056c2e43ebaea63ed65e0d12a/element - {"using":"css selector","value":"#shell-header-logo"}
COMMAND: GET /session/a9ef15c056c2e43ebaea63ed65e0d12a/screenshot - {}
RESULT: {}
RESULT: {"using":"css selector","value":"#shell-header-logo"}
COMMAND: POST /session/a9ef15c056c2e43ebaea63ed65e0d12a/element/f.5C1E112C024A7E7EDD35BD5D9BF8FD55.d.E3027669E06A821D1EEFCF39ADDEA9AC.e.2080/click - {}
RESULT: {}
RESULT: {}
COMMAND: GET /session/a9ef15c056c2e43ebaea63ed65e0d12a/screenshot - {}
RESULT: {}
COMMAND: POST /session/a9ef15c056c2e43ebaea63ed65e0d12a/execute/async - {"script":"<script> [189 bytes]","args":[]}
RESULT: {"script":"<script> [189 bytes]","args":[]}
COMMAND: POST /session/a9ef15c056c2e43ebaea63ed65e0d12a/execute/async - {"script":"<script> [123 bytes]","args":[]}
RESULT: {"script":"<script> [123 bytes]","args":[]}
COMMAND: POST /session/a9ef15c056c2e43ebaea63ed65e0d12a/timeouts - {"script":"<number>"}
RESULT: {"script":"<number>"}
COMMAND: GET /session/a9ef15c056c2e43ebaea63ed65e0d12a/timeouts - {}
RESULT: {}
RESULT: undefined
COMMAND: POST /session/a9ef15c056c2e43ebaea63ed65e0d12a/execute/async - {"script":"<script> [2676 bytes]","args":[]}
RESULT: {"script":"<script> [2676 bytes]","args":[]}
COMMAND: POST /session/a9ef15c056c2e43ebaea63ed65e0d12a/execute/async - {"script":"<script> [2342 bytes]","args":[{"protocol":"http","hostname":"0.0.0.0","path":"/","capabilities":{"browserName":"chrome","goog:chromeOptions":{"binary":"C:\\Program Files\\Google\\Chrome\\Application\\chrome.exe","args":["--start-maximized"]}},"logLevel":"warn","connectionRetryTimeout":120000,"connectionRetryCount":3,"logLevels":{},"enableDirectConnect":true,"strictSSL":true,"_":"65 more keys: [\"cacheDir\",\"port\",\"requestedCapabilities\",\"automationProtocol\",\"baseUrl\",\"waitforInterval\",\"waitforTimeout\",\"onReload\",\"beforeCommand\",\"afterCommand\",\"rootDir\",\"specs\",\"suites\",\"exclude\",\"groupLogsByTestSpec\",\"excludeDriverLogs\",\"bail\",\"framework\",\"reporters\",\"services\",\"maxInstances\",\"maxInstancesPerCapability\",\"injectGlobals\",\"filesToWatch\",\"execArgv\",\"runnerEnv\",\"runner\",\"shard\",\"specFileRetries\",\"specFileRetriesDelay\",\"specFileRetriesDeferred\",\"reporterSyncInterval\",\"reporterSyncTimeout\",\"cucumberFeaturesWithLineNumbers\",\"autoCompileOpts\",\"mochaOpts\",\"jasmineOpts\",\"cucumberOpts\",\"onPrepare\",\"onWorkerStart\",\"onWorkerEnd\",\"before\",\"beforeSession\",\"beforeSuite\",\"beforeHook\",\"beforeTest\",\"afterTest\",\"afterHook\",\"afterSuite\",\"afterSession\",\"after\",\"onComplete\",\"beforeAssertion\",\"afterAssertion\",\"beforeFeature\",\"beforeScenario\",\"beforeStep\",\"afterStep\",\"afterScenario\",\"afterFeature\",\"_\",\"suite\",\"$0\",\"ignoredWorkerServices\",\"wdi5\"]"}]}
RESULT: {"script":"<script> [2342 bytes]","args":[{"protocol":"http","hostname":"0.0.0.0","path":"/","capabilities":{"browserName":"chrome","goog:chromeOptions":{"binary":"C:\\Program Files\\Google\\Chrome\\Application\\chrome.exe","args":["--start-maximized"]}},"logLevel":"warn","connectionRetryTimeout":120000,"connectionRetryCount":3,"logLevels":{},"enableDirectConnect":true,"strictSSL":true,"_":"65 more keys: [\"cacheDir\",\"port\",\"requestedCapabilities\",\"automationProtocol\",\"baseUrl\",\"waitforInterval\",\"waitforTimeout\",\"onReload\",\"beforeCommand\",\"afterCommand\",\"rootDir\",\"specs\",\"suites\",\"exclude\",\"groupLogsByTestSpec\",\"excludeDriverLogs\",\"bail\",\"framework\",\"reporters\",\"services\",\"maxInstances\",\"maxInstancesPerCapability\",\"injectGlobals\",\"filesToWatch\",\"execArgv\",\"runnerEnv\",\"runner\",\"shard\",\"specFileRetries\",\"specFileRetriesDelay\",\"specFileRetriesDeferred\",\"reporterSyncInterval\",\"reporterSyncTimeout\",\"cucumberFeaturesWithLineNumbers\",\"autoCompileOpts\",\"mochaOpts\",\"jasmineOpts\",\"cucumberOpts\",\"onPrepare\",\"onWorkerStart\",\"onWorkerEnd\",\"before\",\"beforeSession\",\"beforeSuite\",\"beforeHook\",\"beforeTest\",\"afterTest\",\"afterHook\",\"afterSuite\",\"afterSession\",\"after\",\"onComplete\",\"beforeAssertion\",\"afterAssertion\",\"beforeFeature\",\"beforeScenario\",\"beforeStep\",\"afterStep\",\"afterScenario\",\"afterFeature\",\"_\",\"suite\",\"$0\",\"ignoredWorkerServices\",\"wdi5\"]"}]}
COMMAND: POST /session/a9ef15c056c2e43ebaea63ed65e0d12a/execute/async - {"script":"<script> [21126 bytes]","args":[35000]}
RESULT: {"script":"<script> [21126 bytes]","args":[35000]}
COMMAND: POST /session/a9ef15c056c2e43ebaea63ed65e0d12a/window/maximize - {}
RESULT: {}
COMMAND: POST /session/a9ef15c056c2e43ebaea63ed65e0d12a/execute/async - {"script":"<script> [1562 bytes]","args":[{"selector":{"id":"shell-header","interaction":{"idSuffix":"icon"}},"wdio_ui5_key":"shellheader"}]}
COMMAND: GET /session/a9ef15c056c2e43ebaea63ed65e0d12a/screenshot - {}
RESULT: {"script":"<script> [1562 bytes]","args":[{"selector":{"id":"shell-header","interaction":{"idSuffix":"icon"}},"wdio_ui5_key":"shellheader"}]}
RESULT: undefined
COMMAND: POST /session/a9ef15c056c2e43ebaea63ed65e0d12a/refresh - {}
RESULT: {}
RESULT: {}
COMMAND: GET /session/a9ef15c056c2e43ebaea63ed65e0d12a/screenshot - {}
RESULT: {}
COMMAND: POST /session/a9ef15c056c2e43ebaea63ed65e0d12a/refresh - {}
RESULT: {}
COMMAND: GET /session/a9ef15c056c2e43ebaea63ed65e0d12a/screenshot - {}
RESULT: {}
COMMAND: POST /session/a9ef15c056c2e43ebaea63ed65e0d12a/window/fullscreen - {}
RESULT: {}
COMMAND: POST /session/a9ef15c056c2e43ebaea63ed65e0d12a/execute/async - {"script":"<script> [189 bytes]","args":[]}
RESULT: {"script":"<script> [189 bytes]","args":[]}
COMMAND: POST /session/a9ef15c056c2e43ebaea63ed65e0d12a/execute/async - {"script":"<script> [123 bytes]","args":[]}
RESULT: {"script":"<script> [123 bytes]","args":[]}
COMMAND: POST /session/a9ef15c056c2e43ebaea63ed65e0d12a/timeouts - {"script":"<number>"}
RESULT: {"script":"<number>"}
COMMAND: GET /session/a9ef15c056c2e43ebaea63ed65e0d12a/timeouts - {}
RESULT: {}
RESULT: undefined
COMMAND: POST /session/a9ef15c056c2e43ebaea63ed65e0d12a/execute/async - {"script":"<script> [2676 bytes]","args":[]}
RESULT: {"script":"<script> [2676 bytes]","args":[]}
COMMAND: POST /session/a9ef15c056c2e43ebaea63ed65e0d12a/execute/async - {"script":"<script> [2342 bytes]","args":[{"protocol":"http","hostname":"0.0.0.0","path":"/","capabilities":{"browserName":"chrome","goog:chromeOptions":{"binary":"C:\\Program Files\\Google\\Chrome\\Application\\chrome.exe","args":["--start-maximized"]}},"logLevel":"warn","connectionRetryTimeout":120000,"connectionRetryCount":3,"logLevels":{},"enableDirectConnect":true,"strictSSL":true,"_":"65 more keys: [\"cacheDir\",\"port\",\"requestedCapabilities\",\"automationProtocol\",\"baseUrl\",\"waitforInterval\",\"waitforTimeout\",\"onReload\",\"beforeCommand\",\"afterCommand\",\"rootDir\",\"specs\",\"suites\",\"exclude\",\"groupLogsByTestSpec\",\"excludeDriverLogs\",\"bail\",\"framework\",\"reporters\",\"services\",\"maxInstances\",\"maxInstancesPerCapability\",\"injectGlobals\",\"filesToWatch\",\"execArgv\",\"runnerEnv\",\"runner\",\"shard\",\"specFileRetries\",\"specFileRetriesDelay\",\"specFileRetriesDeferred\",\"reporterSyncInterval\",\"reporterSyncTimeout\",\"cucumberFeaturesWithLineNumbers\",\"autoCompileOpts\",\"mochaOpts\",\"jasmineOpts\",\"cucumberOpts\",\"onPrepare\",\"onWorkerStart\",\"onWorkerEnd\",\"before\",\"beforeSession\",\"beforeSuite\",\"beforeHook\",\"beforeTest\",\"afterTest\",\"afterHook\",\"afterSuite\",\"afterSession\",\"after\",\"onComplete\",\"beforeAssertion\",\"afterAssertion\",\"beforeFeature\",\"beforeScenario\",\"beforeStep\",\"afterStep\",\"afterScenario\",\"afterFeature\",\"_\",\"suite\",\"$0\",\"ignoredWorkerServices\",\"wdi5\"]"}]}
RESULT: {"script":"<script> [2342 bytes]","args":[{"protocol":"http","hostname":"0.0.0.0","path":"/","capabilities":{"browserName":"chrome","goog:chromeOptions":{"binary":"C:\\Program Files\\Google\\Chrome\\Application\\chrome.exe","args":["--start-maximized"]}},"logLevel":"warn","connectionRetryTimeout":120000,"connectionRetryCount":3,"logLevels":{},"enableDirectConnect":true,"strictSSL":true,"_":"65 more keys: [\"cacheDir\",\"port\",\"requestedCapabilities\",\"automationProtocol\",\"baseUrl\",\"waitforInterval\",\"waitforTimeout\",\"onReload\",\"beforeCommand\",\"afterCommand\",\"rootDir\",\"specs\",\"suites\",\"exclude\",\"groupLogsByTestSpec\",\"excludeDriverLogs\",\"bail\",\"framework\",\"reporters\",\"services\",\"maxInstances\",\"maxInstancesPerCapability\",\"injectGlobals\",\"filesToWatch\",\"execArgv\",\"runnerEnv\",\"runner\",\"shard\",\"specFileRetries\",\"specFileRetriesDelay\",\"specFileRetriesDeferred\",\"reporterSyncInterval\",\"reporterSyncTimeout\",\"cucumberFeaturesWithLineNumbers\",\"autoCompileOpts\",\"mochaOpts\",\"jasmineOpts\",\"cucumberOpts\",\"onPrepare\",\"onWorkerStart\",\"onWorkerEnd\",\"before\",\"beforeSession\",\"beforeSuite\",\"beforeHook\",\"beforeTest\",\"afterTest\",\"afterHook\",\"afterSuite\",\"afterSession\",\"after\",\"onComplete\",\"beforeAssertion\",\"afterAssertion\",\"beforeFeature\",\"beforeScenario\",\"beforeStep\",\"afterStep\",\"afterScenario\",\"afterFeature\",\"_\",\"suite\",\"$0\",\"ignoredWorkerServices\",\"wdi5\"]"}]}
COMMAND: POST /session/a9ef15c056c2e43ebaea63ed65e0d12a/execute/async - {"script":"<script> [21126 bytes]","args":[35000]}
RESULT: {"script":"<script> [21126 bytes]","args":[35000]}
]]></system-out>
    </testcase>
  </testsuite>
  <testsuite timestamp="2025-04-18T17:08:25" time="123.241" tests="3" failures="0" errors="0" skipped="0">
    <properties>
      <property name="specId" value="0"/>
      <property name="suiteName" value="Set up pricing rule(OT) 104624"/>
      <property name="capabilities" value="chrome.135_0_7049_42.windows"/>
      <property name="file" value="file:///D:/a/1/s/test/specs/BTS/create-pricing-rule.spec.js"/>
    </properties>
    <testcase classname="chrome.135_0_7049_42.windows.Set_up_pricing_rule(OT)_104624" name="Should create a new yard used for all following tests" time="0.022">
      <system-out><![CDATA[
COMMAND: POST /session/a9ef15c056c2e43ebaea63ed65e0d12a/window/fullscreen - {}
RESULT: {}
]]></system-out>
    </testcase>
    <testcase classname="chrome.135_0_7049_42.windows.Set_up_pricing_rule(OT)_104624" name="Should create a new equipment used for all following tests" time="0.004"/>
    <testcase classname="chrome.135_0_7049_42.windows.Set_up_pricing_rule(OT)_104624" name="Should create new pricing rule on the created resource from earlier module or above" time="72.313">
      <system-out><![CDATA[
COMMAND: POST /session/a9ef15c056c2e43ebaea63ed65e0d12a/execute/async - {"script":"<script> [1562 bytes]","args":[{"selector":{"controlType":"sap.m.Text","properties":{"text":"Manage Pricing Rules"},"interaction":{"idSuffix":"inner"}},"wdio_ui5_key":"sapm.Text{\"text\":\"Manage Pricing Rules\"}"}]}
RESULT: {"script":"<script> [1562 bytes]","args":[{"selector":{"controlType":"sap.m.Text","properties":{"text":"Manage Pricing Rules"},"interaction":{"idSuffix":"inner"}},"wdio_ui5_key":"sapm.Text{\"text\":\"Manage Pricing Rules\"}"}]}
RESULT: undefined
COMMAND: POST /session/a9ef15c056c2e43ebaea63ed65e0d12a/element - {"using":"xpath","value":"//*[@id=\"__tile55-title\"]"}
RESULT: {"using":"xpath","value":"//*[@id=\"__tile55-title\"]"}
COMMAND: POST /session/a9ef15c056c2e43ebaea63ed65e0d12a/element/f.5C1E112C024A7E7EDD35BD5D9BF8FD55.d.27F096799B89D9EA80AC8C2A9E6D6590.e.2349/click - {}
RESULT: {}
COMMAND: POST /session/a9ef15c056c2e43ebaea63ed65e0d12a/execute/async - {"script":"<script> [1562 bytes]","args":[{"selector":{"controlType":"sap.ui.core.Icon","viewName":"etm.portal.ui.managepricingrules.view.MasterHeader","viewId":"application-managepricingrules-display-component---priceInfoHeader","properties":{"src":{"regex":{"source":"activity\\-items"}}}},"wdio_ui5_key":"etmportal.ui.managepricingrules.view.MasterHeadersap.ui.core.Icon{\"src\":{\"regex\":{\"source\":\"activity\\\\-items\"}}}"}]}
COMMAND: GET /session/a9ef15c056c2e43ebaea63ed65e0d12a/screenshot - {}
RESULT: {"script":"<script> [1562 bytes]","args":[{"selector":{"controlType":"sap.ui.core.Icon","viewName":"etm.portal.ui.managepricingrules.view.MasterHeader","viewId":"application-managepricingrules-display-component---priceInfoHeader","properties":{"src":{"regex":{"source":"activity\\-items"}}}},"wdio_ui5_key":"etmportal.ui.managepricingrules.view.MasterHeadersap.ui.core.Icon{\"src\":{\"regex\":{\"source\":\"activity\\\\-items\"}}}"}]}
RESULT: undefined
COMMAND: POST /session/a9ef15c056c2e43ebaea63ed65e0d12a/element - {"using":"xpath","value":"//*[@id=\"__filter1-icon\"]"}
RESULT: {}
RESULT: {"using":"xpath","value":"//*[@id=\"__filter1-icon\"]"}
COMMAND: POST /session/a9ef15c056c2e43ebaea63ed65e0d12a/element/f.5C1E112C024A7E7EDD35BD5D9BF8FD55.d.27F096799B89D9EA80AC8C2A9E6D6590.e.2398/click - {}
RESULT: {}
COMMAND: GET /session/a9ef15c056c2e43ebaea63ed65e0d12a/screenshot - {}
RESULT: {}
COMMAND: POST /session/a9ef15c056c2e43ebaea63ed65e0d12a/element - {"using":"xpath","value":"//button[@data-kt=\"addButton\"]"}
RESULT: {"using":"xpath","value":"//button[@data-kt=\"addButton\"]"}
COMMAND: POST /session/a9ef15c056c2e43ebaea63ed65e0d12a/elements - {"using":"xpath","value":"//button[@data-kt=\"addButton\"]"}
RESULT: {"using":"xpath","value":"//button[@data-kt=\"addButton\"]"}
COMMAND: POST /session/a9ef15c056c2e43ebaea63ed65e0d12a/execute/sync - {"script":"<script> [8489 bytes]","args":[{"element-6066-11e4-a52e-4f735466cecf":"f.5C1E112C024A7E7EDD35BD5D9BF8FD55.d.27F096799B89D9EA80AC8C2A9E6D6590.e.2445","ELEMENT":"f.5C1E112C024A7E7EDD35BD5D9BF8FD55.d.27F096799B89D9EA80AC8C2A9E6D6590.e.2445"}]}
RESULT: {"script":"<script> [8489 bytes]","args":[{"element-6066-11e4-a52e-4f735466cecf":"f.5C1E112C024A7E7EDD35BD5D9BF8FD55.d.27F096799B89D9EA80AC8C2A9E6D6590.e.2445","ELEMENT":"f.5C1E112C024A7E7EDD35BD5D9BF8FD55.d.27F096799B89D9EA80AC8C2A9E6D6590.e.2445"}]}
COMMAND: GET /session/a9ef15c056c2e43ebaea63ed65e0d12a/element/f.5C1E112C024A7E7EDD35BD5D9BF8FD55.d.27F096799B89D9EA80AC8C2A9E6D6590.e.2445/enabled - {}
COMMAND: GET /session/a9ef15c056c2e43ebaea63ed65e0d12a/screenshot - {}
RESULT: {}
COMMAND: POST /session/a9ef15c056c2e43ebaea63ed65e0d12a/execute/sync - {"script":"<script> [8489 bytes]","args":[{"element-6066-11e4-a52e-4f735466cecf":"f.5C1E112C024A7E7EDD35BD5D9BF8FD55.d.27F096799B89D9EA80AC8C2A9E6D6590.e.2445","ELEMENT":"f.5C1E112C024A7E7EDD35BD5D9BF8FD55.d.27F096799B89D9EA80AC8C2A9E6D6590.e.2445"}]}
COMMAND: GET /session/a9ef15c056c2e43ebaea63ed65e0d12a/screenshot - {}
RESULT: {}
RESULT: {"script":"<script> [8489 bytes]","args":[{"element-6066-11e4-a52e-4f735466cecf":"f.5C1E112C024A7E7EDD35BD5D9BF8FD55.d.27F096799B89D9EA80AC8C2A9E6D6590.e.2445","ELEMENT":"f.5C1E112C024A7E7EDD35BD5D9BF8FD55.d.27F096799B89D9EA80AC8C2A9E6D6590.e.2445"}]}
COMMAND: POST /session/a9ef15c056c2e43ebaea63ed65e0d12a/execute/sync - {"script":"<script> [5351 bytes]","args":[{"element-6066-11e4-a52e-4f735466cecf":"f.5C1E112C024A7E7EDD35BD5D9BF8FD55.d.27F096799B89D9EA80AC8C2A9E6D6590.e.2445","ELEMENT":"f.5C1E112C024A7E7EDD35BD5D9BF8FD55.d.27F096799B89D9EA80AC8C2A9E6D6590.e.2445"}]}
COMMAND: GET /session/a9ef15c056c2e43ebaea63ed65e0d12a/screenshot - {}
RESULT: {}
RESULT: {"script":"<script> [5351 bytes]","args":[{"element-6066-11e4-a52e-4f735466cecf":"f.5C1E112C024A7E7EDD35BD5D9BF8FD55.d.27F096799B89D9EA80AC8C2A9E6D6590.e.2445","ELEMENT":"f.5C1E112C024A7E7EDD35BD5D9BF8FD55.d.27F096799B89D9EA80AC8C2A9E6D6590.e.2445"}]}
COMMAND: POST /session/a9ef15c056c2e43ebaea63ed65e0d12a/element/f.5C1E112C024A7E7EDD35BD5D9BF8FD55.d.27F096799B89D9EA80AC8C2A9E6D6590.e.2445/click - {}
COMMAND: GET /session/a9ef15c056c2e43ebaea63ed65e0d12a/screenshot - {}
RESULT: {}
RESULT: {}
COMMAND: GET /session/a9ef15c056c2e43ebaea63ed65e0d12a/screenshot - {}
RESULT: {}
RESULT: {}
COMMAND: POST /session/a9ef15c056c2e43ebaea63ed65e0d12a/execute/async - {"script":"<script> [1562 bytes]","args":[{"selector":{"controlType":"sap.m.Title","viewName":"etm.portal.ui.managepricingrules.view.NewItem","viewId":"application-managepricingrules-display-component---newInfoPriceItem","properties":{"text":"New Pricing Rules - Item Level"}},"wdio_ui5_key":"etmportal.ui.managepricingrules.view.NewItemsap.m.Title{\"text\":\"New Pricing Rules - Item Level\"}"}]}
RESULT: {"script":"<script> [1562 bytes]","args":[{"selector":{"controlType":"sap.m.Title","viewName":"etm.portal.ui.managepricingrules.view.NewItem","viewId":"application-managepricingrules-display-component---newInfoPriceItem","properties":{"text":"New Pricing Rules - Item Level"}},"wdio_ui5_key":"etmportal.ui.managepricingrules.view.NewItemsap.m.Title{\"text\":\"New Pricing Rules - Item Level\"}"}]}
RESULT: undefined
COMMAND: POST /session/a9ef15c056c2e43ebaea63ed65e0d12a/execute/async - {"script":"<script> [6424 bytes]","args":[{"element-6066-11e4-a52e-4f735466cecf":"f.5C1E112C024A7E7EDD35BD5D9BF8FD55.d.27F096799B89D9EA80AC8C2A9E6D6590.e.2741"},"getText",[]]}
RESULT: {"script":"<script> [6424 bytes]","args":[{"element-6066-11e4-a52e-4f735466cecf":"f.5C1E112C024A7E7EDD35BD5D9BF8FD55.d.27F096799B89D9EA80AC8C2A9E6D6590.e.2741"},"getText",[]]}
COMMAND: POST /session/a9ef15c056c2e43ebaea63ed65e0d12a/execute/async - {"script":"<script> [1562 bytes]","args":[{"selector":{"id":"application-managepricingrules-display-component---newInfoPriceItem--condValidTo","interaction":{"idSuffix":"inner"}},"wdio_ui5_key":"applicationmanagepricingrules-display-component---newInfoPriceItem--condValidTo"}]}
RESULT: {"script":"<script> [1562 bytes]","args":[{"selector":{"id":"application-managepricingrules-display-component---newInfoPriceItem--condValidTo","interaction":{"idSuffix":"inner"}},"wdio_ui5_key":"applicationmanagepricingrules-display-component---newInfoPriceItem--condValidTo"}]}
RESULT: undefined
COMMAND: POST /session/a9ef15c056c2e43ebaea63ed65e0d12a/execute/async - {"script":"<script> [776 bytes]","args":[{"enterText":"12/18/25","selector":{"id":"application-managepricingrules-display-component---newInfoPriceItem--condValidTo","interaction":{"idSuffix":"inner"}},"clearTextFirst":true,"interactionType":"ENTER_TEXT"}]}
RESULT: {"script":"<script> [776 bytes]","args":[{"enterText":"12/18/25","selector":{"id":"application-managepricingrules-display-component---newInfoPriceItem--condValidTo","interaction":{"idSuffix":"inner"}},"clearTextFirst":true,"interactionType":"ENTER_TEXT"}]}
COMMAND: POST /session/a9ef15c056c2e43ebaea63ed65e0d12a/element - {"using":"xpath","value":"//input[@id=\"application-managepricingrules-display-component---newInfoPriceItem--condRU-inner\"]"}
RESULT: {"using":"xpath","value":"//input[@id=\"application-managepricingrules-display-component---newInfoPriceItem--condRU-inner\"]"}
COMMAND: POST /session/a9ef15c056c2e43ebaea63ed65e0d12a/element/f.5C1E112C024A7E7EDD35BD5D9BF8FD55.d.27F096799B89D9EA80AC8C2A9E6D6590.e.2698/clear - {}
RESULT: {}
COMMAND: POST /session/a9ef15c056c2e43ebaea63ed65e0d12a/element/f.5C1E112C024A7E7EDD35BD5D9BF8FD55.d.27F096799B89D9EA80AC8C2A9E6D6590.e.2698/value - {"text":"9mS1HLIcPo"}
COMMAND: GET /session/a9ef15c056c2e43ebaea63ed65e0d12a/screenshot - {}
RESULT: {"text":"9mS1HLIcPo"}
COMMAND: GET /session/a9ef15c056c2e43ebaea63ed65e0d12a/screenshot - {}
RESULT: {}
RESULT: {}
COMMAND: POST /session/a9ef15c056c2e43ebaea63ed65e0d12a/execute/async - {"script":"<script> [1562 bytes]","args":[{"selector":{"id":"application-managepricingrules-display-component---newInfoPriceItem--billType-arrow"},"wdio_ui5_key":"applicationmanagepricingrules-display-component---newInfoPriceItem--billType-arrow"}]}
RESULT: {"script":"<script> [1562 bytes]","args":[{"selector":{"id":"application-managepricingrules-display-component---newInfoPriceItem--billType-arrow"},"wdio_ui5_key":"applicationmanagepricingrules-display-component---newInfoPriceItem--billType-arrow"}]}
RESULT: undefined
COMMAND: POST /session/a9ef15c056c2e43ebaea63ed65e0d12a/element - {"using":"xpath","value":"//*[@id=\"application-managepricingrules-display-component---newInfoPriceItem--billType-arrow\"]"}
RESULT: {"using":"xpath","value":"//*[@id=\"application-managepricingrules-display-component---newInfoPriceItem--billType-arrow\"]"}
COMMAND: POST /session/a9ef15c056c2e43ebaea63ed65e0d12a/element/f.5C1E112C024A7E7EDD35BD5D9BF8FD55.d.27F096799B89D9EA80AC8C2A9E6D6590.e.2744/click - {}
RESULT: {}
COMMAND: POST /session/a9ef15c056c2e43ebaea63ed65e0d12a/element - {"using":"xpath","value":"//span[contains(text(), \"OT - Sales (one-time)\")]"}
COMMAND: GET /session/a9ef15c056c2e43ebaea63ed65e0d12a/screenshot - {}
RESULT: {"using":"xpath","value":"//span[contains(text(), \"OT - Sales (one-time)\")]"}
COMMAND: POST /session/a9ef15c056c2e43ebaea63ed65e0d12a/element/f.5C1E112C024A7E7EDD35BD5D9BF8FD55.d.27F096799B89D9EA80AC8C2A9E6D6590.e.2745/click - {}
RESULT: {}
RESULT: {}
COMMAND: POST /session/a9ef15c056c2e43ebaea63ed65e0d12a/execute/async - {"script":"<script> [1562 bytes]","args":[{"selector":{"id":"application-managepricingrules-display-component---newInfoPriceItem--priceProc-arrow"},"wdio_ui5_key":"applicationmanagepricingrules-display-component---newInfoPriceItem--priceProc-arrow"}]}
COMMAND: GET /session/a9ef15c056c2e43ebaea63ed65e0d12a/screenshot - {}
RESULT: {"script":"<script> [1562 bytes]","args":[{"selector":{"id":"application-managepricingrules-display-component---newInfoPriceItem--priceProc-arrow"},"wdio_ui5_key":"applicationmanagepricingrules-display-component---newInfoPriceItem--priceProc-arrow"}]}
RESULT: undefined
COMMAND: POST /session/a9ef15c056c2e43ebaea63ed65e0d12a/element - {"using":"xpath","value":"//*[@id=\"application-managepricingrules-display-component---newInfoPriceItem--priceProc-arrow\"]"}
RESULT: {}
RESULT: {"using":"xpath","value":"//*[@id=\"application-managepricingrules-display-component---newInfoPriceItem--priceProc-arrow\"]"}
COMMAND: POST /session/a9ef15c056c2e43ebaea63ed65e0d12a/element/f.5C1E112C024A7E7EDD35BD5D9BF8FD55.d.27F096799B89D9EA80AC8C2A9E6D6590.e.2746/click - {}
RESULT: {}
COMMAND: POST /session/a9ef15c056c2e43ebaea63ed65e0d12a/element - {"using":"xpath","value":"//span[contains(text(), \"MAT - Material\")]"}
COMMAND: GET /session/a9ef15c056c2e43ebaea63ed65e0d12a/screenshot - {}
RESULT: {"using":"xpath","value":"//span[contains(text(), \"MAT - Material\")]"}
COMMAND: POST /session/a9ef15c056c2e43ebaea63ed65e0d12a/element/f.5C1E112C024A7E7EDD35BD5D9BF8FD55.d.27F096799B89D9EA80AC8C2A9E6D6590.e.2747/click - {}
RESULT: {}
RESULT: {}
COMMAND: POST /session/a9ef15c056c2e43ebaea63ed65e0d12a/execute/async - {"script":"<script> [1562 bytes]","args":[{"selector":{"id":"application-managepricingrules-display-component---newInfoPriceItem--calcBase-arrow"},"wdio_ui5_key":"applicationmanagepricingrules-display-component---newInfoPriceItem--calcBase-arrow"}]}
COMMAND: GET /session/a9ef15c056c2e43ebaea63ed65e0d12a/screenshot - {}
RESULT: {"script":"<script> [1562 bytes]","args":[{"selector":{"id":"application-managepricingrules-display-component---newInfoPriceItem--calcBase-arrow"},"wdio_ui5_key":"applicationmanagepricingrules-display-component---newInfoPriceItem--calcBase-arrow"}]}
RESULT: undefined
COMMAND: POST /session/a9ef15c056c2e43ebaea63ed65e0d12a/element - {"using":"xpath","value":"//*[@id=\"application-managepricingrules-display-component---newInfoPriceItem--calcBase-arrow\"]"}
RESULT: {}
RESULT: {"using":"xpath","value":"//*[@id=\"application-managepricingrules-display-component---newInfoPriceItem--calcBase-arrow\"]"}
COMMAND: POST /session/a9ef15c056c2e43ebaea63ed65e0d12a/element/f.5C1E112C024A7E7EDD35BD5D9BF8FD55.d.27F096799B89D9EA80AC8C2A9E6D6590.e.2748/click - {}
RESULT: {}
COMMAND: GET /session/a9ef15c056c2e43ebaea63ed65e0d12a/screenshot - {}
RESULT: {}
COMMAND: POST /session/a9ef15c056c2e43ebaea63ed65e0d12a/element - {"using":"xpath","value":"//span[contains(text(), \"0001 - TB(exact month + cal_days)\")]"}
RESULT: {"using":"xpath","value":"//span[contains(text(), \"0001 - TB(exact month + cal_days)\")]"}
COMMAND: POST /session/a9ef15c056c2e43ebaea63ed65e0d12a/element/f.5C1E112C024A7E7EDD35BD5D9BF8FD55.d.27F096799B89D9EA80AC8C2A9E6D6590.e.2749/click - {}
RESULT: {}
COMMAND: GET /session/a9ef15c056c2e43ebaea63ed65e0d12a/screenshot - {}
RESULT: {}
COMMAND: POST /session/a9ef15c056c2e43ebaea63ed65e0d12a/element - {"using":"xpath","value":"//button[@data-kt=\"saveNewRuleButton\"]"}
RESULT: {"using":"xpath","value":"//button[@data-kt=\"saveNewRuleButton\"]"}
COMMAND: POST /session/a9ef15c056c2e43ebaea63ed65e0d12a/element/f.5C1E112C024A7E7EDD35BD5D9BF8FD55.d.27F096799B89D9EA80AC8C2A9E6D6590.e.2750/click - {}
RESULT: {}
COMMAND: GET /session/a9ef15c056c2e43ebaea63ed65e0d12a/screenshot - {}
RESULT: {}
COMMAND: POST /session/a9ef15c056c2e43ebaea63ed65e0d12a/execute/async - {"script":"<script> [1562 bytes]","args":[{"selector":{"id":"application-managepricingrules-display-component---priceInfoItem--smartFilterBar-btnBasicSearch","interaction":{"idSuffix":"I"}},"wdio_ui5_key":"applicationmanagepricingrules-display-component---priceInfoItem--smartFilterBar-btnBasicSearch"}]}
RESULT: {"script":"<script> [1562 bytes]","args":[{"selector":{"id":"application-managepricingrules-display-component---priceInfoItem--smartFilterBar-btnBasicSearch","interaction":{"idSuffix":"I"}},"wdio_ui5_key":"applicationmanagepricingrules-display-component---priceInfoItem--smartFilterBar-btnBasicSearch"}]}
RESULT: undefined
COMMAND: POST /session/a9ef15c056c2e43ebaea63ed65e0d12a/execute/async - {"script":"<script> [776 bytes]","args":[{"enterText":"9mS1HLIcPo","selector":{"id":"application-managepricingrules-display-component---priceInfoItem--smartFilterBar-btnBasicSearch","interaction":{"idSuffix":"I"}},"clearTextFirst":true,"interactionType":"ENTER_TEXT"}]}
RESULT: {"script":"<script> [776 bytes]","args":[{"enterText":"9mS1HLIcPo","selector":{"id":"application-managepricingrules-display-component---priceInfoItem--smartFilterBar-btnBasicSearch","interaction":{"idSuffix":"I"}},"clearTextFirst":true,"interactionType":"ENTER_TEXT"}]}
COMMAND: POST /session/a9ef15c056c2e43ebaea63ed65e0d12a/actions - {"actions":[{"id":"action9","type":"key","parameters":{},"actions":[{"type":"keyDown","value":""},{"type":"pause","duration":10},{"type":"keyUp","value":""}]}]}
RESULT: {"actions":[{"id":"action9","type":"key","parameters":{},"actions":[{"type":"keyDown","value":""},{"type":"pause","duration":10},{"type":"keyUp","value":""}]}]}
COMMAND: GET /session/a9ef15c056c2e43ebaea63ed65e0d12a/screenshot - {}
RESULT: {}
COMMAND: POST /session/a9ef15c056c2e43ebaea63ed65e0d12a/element - {"using":"xpath","value":"//span[@id=\"application-managepricingrules-display-component---priceInfoItem--smartTable-header-inner\"]"}
RESULT: {"using":"xpath","value":"//span[@id=\"application-managepricingrules-display-component---priceInfoItem--smartTable-header-inner\"]"}
COMMAND: POST /session/a9ef15c056c2e43ebaea63ed65e0d12a/elements - {"using":"xpath","value":"//span[@id=\"application-managepricingrules-display-component---priceInfoItem--smartTable-header-inner\"]"}
RESULT: {"using":"xpath","value":"//span[@id=\"application-managepricingrules-display-component---priceInfoItem--smartTable-header-inner\"]"}
COMMAND: POST /session/a9ef15c056c2e43ebaea63ed65e0d12a/execute/sync - {"script":"<script> [56 bytes]","args":[{"element-6066-11e4-a52e-4f735466cecf":"f.5C1E112C024A7E7EDD35BD5D9BF8FD55.d.27F096799B89D9EA80AC8C2A9E6D6590.e.2769","ELEMENT":"f.5C1E112C024A7E7EDD35BD5D9BF8FD55.d.27F096799B89D9EA80AC8C2A9E6D6590.e.2769"}]}
RESULT: {"script":"<script> [56 bytes]","args":[{"element-6066-11e4-a52e-4f735466cecf":"f.5C1E112C024A7E7EDD35BD5D9BF8FD55.d.27F096799B89D9EA80AC8C2A9E6D6590.e.2769","ELEMENT":"f.5C1E112C024A7E7EDD35BD5D9BF8FD55.d.27F096799B89D9EA80AC8C2A9E6D6590.e.2769"}]}
COMMAND: POST /session/a9ef15c056c2e43ebaea63ed65e0d12a/element - {"using":"css selector","value":"#shell-header-logo"}
COMMAND: GET /session/a9ef15c056c2e43ebaea63ed65e0d12a/screenshot - {}
RESULT: {"using":"css selector","value":"#shell-header-logo"}
COMMAND: POST /session/a9ef15c056c2e43ebaea63ed65e0d12a/element/f.5C1E112C024A7E7EDD35BD5D9BF8FD55.d.27F096799B89D9EA80AC8C2A9E6D6590.e.2350/click - {}
RESULT: {}
RESULT: {}
COMMAND: GET /session/a9ef15c056c2e43ebaea63ed65e0d12a/screenshot - {}
RESULT: {}
COMMAND: POST /session/a9ef15c056c2e43ebaea63ed65e0d12a/element - {"using":"css selector","value":"#j_username"}
COMMAND: POST /session/a9ef15c056c2e43ebaea63ed65e0d12a/url - {"url":"https://qa-testing-00-live-etm-ui.cfapps.eu10-004.hana.ondemand.com/"}
RESULT: {"using":"css selector","value":"#j_username"}
COMMAND: POST /session/a9ef15c056c2e43ebaea63ed65e0d12a/element - {"using":"css selector","value":"#j_username"}
RESULT: {"url":"https://qa-testing-00-live-etm-ui.cfapps.eu10-004.hana.ondemand.com/"}
RESULT: undefined
COMMAND: GET /session/a9ef15c056c2e43ebaea63ed65e0d12a/screenshot - {}
RESULT: {"using":"css selector","value":"#j_username"}
COMMAND: POST /session/a9ef15c056c2e43ebaea63ed65e0d12a/element - {"using":"css selector","value":"#shell-header-logo"}
RESULT: {}
RESULT: {"using":"css selector","value":"#shell-header-logo"}
COMMAND: POST /session/a9ef15c056c2e43ebaea63ed65e0d12a/execute/sync - {"script":"<script> [8489 bytes]","args":[{"element-6066-11e4-a52e-4f735466cecf":"f.5C1E112C024A7E7EDD35BD5D9BF8FD55.d.14AE30F679C123760A10EA5D9CED42E2.e.2781","ELEMENT":"f.5C1E112C024A7E7EDD35BD5D9BF8FD55.d.14AE30F679C123760A10EA5D9CED42E2.e.2781"}]}
RESULT: {"script":"<script> [8489 bytes]","args":[{"element-6066-11e4-a52e-4f735466cecf":"f.5C1E112C024A7E7EDD35BD5D9BF8FD55.d.14AE30F679C123760A10EA5D9CED42E2.e.2781","ELEMENT":"f.5C1E112C024A7E7EDD35BD5D9BF8FD55.d.14AE30F679C123760A10EA5D9CED42E2.e.2781"}]}
COMMAND: POST /session/a9ef15c056c2e43ebaea63ed65e0d12a/element - {"using":"css selector","value":"#shell-header-logo"}
COMMAND: GET /session/a9ef15c056c2e43ebaea63ed65e0d12a/screenshot - {}
RESULT: {"using":"css selector","value":"#shell-header-logo"}
COMMAND: POST /session/a9ef15c056c2e43ebaea63ed65e0d12a/execute/sync - {"script":"<script> [8489 bytes]","args":[{"element-6066-11e4-a52e-4f735466cecf":"f.5C1E112C024A7E7EDD35BD5D9BF8FD55.d.14AE30F679C123760A10EA5D9CED42E2.e.2781","ELEMENT":"f.5C1E112C024A7E7EDD35BD5D9BF8FD55.d.14AE30F679C123760A10EA5D9CED42E2.e.2781"}]}
RESULT: {}
RESULT: {"script":"<script> [8489 bytes]","args":[{"element-6066-11e4-a52e-4f735466cecf":"f.5C1E112C024A7E7EDD35BD5D9BF8FD55.d.14AE30F679C123760A10EA5D9CED42E2.e.2781","ELEMENT":"f.5C1E112C024A7E7EDD35BD5D9BF8FD55.d.14AE30F679C123760A10EA5D9CED42E2.e.2781"}]}
COMMAND: POST /session/a9ef15c056c2e43ebaea63ed65e0d12a/execute/sync - {"script":"<script> [5351 bytes]","args":[{"element-6066-11e4-a52e-4f735466cecf":"f.5C1E112C024A7E7EDD35BD5D9BF8FD55.d.14AE30F679C123760A10EA5D9CED42E2.e.2781","ELEMENT":"f.5C1E112C024A7E7EDD35BD5D9BF8FD55.d.14AE30F679C123760A10EA5D9CED42E2.e.2781"}]}
COMMAND: GET /session/a9ef15c056c2e43ebaea63ed65e0d12a/screenshot - {}
RESULT: {"script":"<script> [5351 bytes]","args":[{"element-6066-11e4-a52e-4f735466cecf":"f.5C1E112C024A7E7EDD35BD5D9BF8FD55.d.14AE30F679C123760A10EA5D9CED42E2.e.2781","ELEMENT":"f.5C1E112C024A7E7EDD35BD5D9BF8FD55.d.14AE30F679C123760A10EA5D9CED42E2.e.2781"}]}
COMMAND: POST /session/a9ef15c056c2e43ebaea63ed65e0d12a/element - {"using":"css selector","value":"#shell-header-logo"}
COMMAND: GET /session/a9ef15c056c2e43ebaea63ed65e0d12a/screenshot - {}
RESULT: {}
RESULT: {"using":"css selector","value":"#shell-header-logo"}
COMMAND: POST /session/a9ef15c056c2e43ebaea63ed65e0d12a/element/f.5C1E112C024A7E7EDD35BD5D9BF8FD55.d.14AE30F679C123760A10EA5D9CED42E2.e.2781/click - {}
RESULT: {}
RESULT: {}
COMMAND: GET /session/a9ef15c056c2e43ebaea63ed65e0d12a/screenshot - {}
RESULT: {}
COMMAND: POST /session/a9ef15c056c2e43ebaea63ed65e0d12a/execute/async - {"script":"<script> [189 bytes]","args":[]}
RESULT: {"script":"<script> [189 bytes]","args":[]}
COMMAND: POST /session/a9ef15c056c2e43ebaea63ed65e0d12a/execute/async - {"script":"<script> [123 bytes]","args":[]}
RESULT: {"script":"<script> [123 bytes]","args":[]}
COMMAND: POST /session/a9ef15c056c2e43ebaea63ed65e0d12a/timeouts - {"script":"<number>"}
RESULT: {"script":"<number>"}
COMMAND: GET /session/a9ef15c056c2e43ebaea63ed65e0d12a/timeouts - {}
RESULT: {}
RESULT: undefined
COMMAND: POST /session/a9ef15c056c2e43ebaea63ed65e0d12a/execute/async - {"script":"<script> [2676 bytes]","args":[]}
RESULT: {"script":"<script> [2676 bytes]","args":[]}
COMMAND: POST /session/a9ef15c056c2e43ebaea63ed65e0d12a/execute/async - {"script":"<script> [2342 bytes]","args":[{"protocol":"http","hostname":"0.0.0.0","path":"/","capabilities":{"browserName":"chrome","goog:chromeOptions":{"binary":"C:\\Program Files\\Google\\Chrome\\Application\\chrome.exe","args":["--start-maximized"]}},"logLevel":"warn","connectionRetryTimeout":120000,"connectionRetryCount":3,"logLevels":{},"enableDirectConnect":true,"strictSSL":true,"_":"65 more keys: [\"cacheDir\",\"port\",\"requestedCapabilities\",\"automationProtocol\",\"baseUrl\",\"waitforInterval\",\"waitforTimeout\",\"onReload\",\"beforeCommand\",\"afterCommand\",\"rootDir\",\"specs\",\"suites\",\"exclude\",\"groupLogsByTestSpec\",\"excludeDriverLogs\",\"bail\",\"framework\",\"reporters\",\"services\",\"maxInstances\",\"maxInstancesPerCapability\",\"injectGlobals\",\"filesToWatch\",\"execArgv\",\"runnerEnv\",\"runner\",\"shard\",\"specFileRetries\",\"specFileRetriesDelay\",\"specFileRetriesDeferred\",\"reporterSyncInterval\",\"reporterSyncTimeout\",\"cucumberFeaturesWithLineNumbers\",\"autoCompileOpts\",\"mochaOpts\",\"jasmineOpts\",\"cucumberOpts\",\"onPrepare\",\"onWorkerStart\",\"onWorkerEnd\",\"before\",\"beforeSession\",\"beforeSuite\",\"beforeHook\",\"beforeTest\",\"afterTest\",\"afterHook\",\"afterSuite\",\"afterSession\",\"after\",\"onComplete\",\"beforeAssertion\",\"afterAssertion\",\"beforeFeature\",\"beforeScenario\",\"beforeStep\",\"afterStep\",\"afterScenario\",\"afterFeature\",\"_\",\"suite\",\"$0\",\"ignoredWorkerServices\",\"wdi5\"]"}]}
RESULT: {"script":"<script> [2342 bytes]","args":[{"protocol":"http","hostname":"0.0.0.0","path":"/","capabilities":{"browserName":"chrome","goog:chromeOptions":{"binary":"C:\\Program Files\\Google\\Chrome\\Application\\chrome.exe","args":["--start-maximized"]}},"logLevel":"warn","connectionRetryTimeout":120000,"connectionRetryCount":3,"logLevels":{},"enableDirectConnect":true,"strictSSL":true,"_":"65 more keys: [\"cacheDir\",\"port\",\"requestedCapabilities\",\"automationProtocol\",\"baseUrl\",\"waitforInterval\",\"waitforTimeout\",\"onReload\",\"beforeCommand\",\"afterCommand\",\"rootDir\",\"specs\",\"suites\",\"exclude\",\"groupLogsByTestSpec\",\"excludeDriverLogs\",\"bail\",\"framework\",\"reporters\",\"services\",\"maxInstances\",\"maxInstancesPerCapability\",\"injectGlobals\",\"filesToWatch\",\"execArgv\",\"runnerEnv\",\"runner\",\"shard\",\"specFileRetries\",\"specFileRetriesDelay\",\"specFileRetriesDeferred\",\"reporterSyncInterval\",\"reporterSyncTimeout\",\"cucumberFeaturesWithLineNumbers\",\"autoCompileOpts\",\"mochaOpts\",\"jasmineOpts\",\"cucumberOpts\",\"onPrepare\",\"onWorkerStart\",\"onWorkerEnd\",\"before\",\"beforeSession\",\"beforeSuite\",\"beforeHook\",\"beforeTest\",\"afterTest\",\"afterHook\",\"afterSuite\",\"afterSession\",\"after\",\"onComplete\",\"beforeAssertion\",\"afterAssertion\",\"beforeFeature\",\"beforeScenario\",\"beforeStep\",\"afterStep\",\"afterScenario\",\"afterFeature\",\"_\",\"suite\",\"$0\",\"ignoredWorkerServices\",\"wdi5\"]"}]}
COMMAND: POST /session/a9ef15c056c2e43ebaea63ed65e0d12a/execute/async - {"script":"<script> [21126 bytes]","args":[35000]}
RESULT: {"script":"<script> [21126 bytes]","args":[35000]}
COMMAND: POST /session/a9ef15c056c2e43ebaea63ed65e0d12a/window/maximize - {}
RESULT: {}
COMMAND: POST /session/a9ef15c056c2e43ebaea63ed65e0d12a/execute/async - {"script":"<script> [1562 bytes]","args":[{"selector":{"id":"shell-header","interaction":{"idSuffix":"icon"}},"wdio_ui5_key":"shellheader"}]}
COMMAND: GET /session/a9ef15c056c2e43ebaea63ed65e0d12a/screenshot - {}
RESULT: {"script":"<script> [1562 bytes]","args":[{"selector":{"id":"shell-header","interaction":{"idSuffix":"icon"}},"wdio_ui5_key":"shellheader"}]}
RESULT: undefined
COMMAND: POST /session/a9ef15c056c2e43ebaea63ed65e0d12a/refresh - {}
RESULT: {}
RESULT: {}
COMMAND: GET /session/a9ef15c056c2e43ebaea63ed65e0d12a/screenshot - {}
RESULT: {}
COMMAND: POST /session/a9ef15c056c2e43ebaea63ed65e0d12a/refresh - {}
RESULT: {}
COMMAND: GET /session/a9ef15c056c2e43ebaea63ed65e0d12a/screenshot - {}
RESULT: {}
COMMAND: POST /session/a9ef15c056c2e43ebaea63ed65e0d12a/window/fullscreen - {}
RESULT: {}
COMMAND: POST /session/a9ef15c056c2e43ebaea63ed65e0d12a/execute/async - {"script":"<script> [189 bytes]","args":[]}
RESULT: {"script":"<script> [189 bytes]","args":[]}
COMMAND: POST /session/a9ef15c056c2e43ebaea63ed65e0d12a/execute/async - {"script":"<script> [123 bytes]","args":[]}
RESULT: {"script":"<script> [123 bytes]","args":[]}
COMMAND: POST /session/a9ef15c056c2e43ebaea63ed65e0d12a/timeouts - {"script":"<number>"}
RESULT: {"script":"<number>"}
COMMAND: GET /session/a9ef15c056c2e43ebaea63ed65e0d12a/timeouts - {}
RESULT: {}
RESULT: undefined
COMMAND: POST /session/a9ef15c056c2e43ebaea63ed65e0d12a/execute/async - {"script":"<script> [2676 bytes]","args":[]}
RESULT: {"script":"<script> [2676 bytes]","args":[]}
COMMAND: POST /session/a9ef15c056c2e43ebaea63ed65e0d12a/execute/async - {"script":"<script> [2342 bytes]","args":[{"protocol":"http","hostname":"0.0.0.0","path":"/","capabilities":{"browserName":"chrome","goog:chromeOptions":{"binary":"C:\\Program Files\\Google\\Chrome\\Application\\chrome.exe","args":["--start-maximized"]}},"logLevel":"warn","connectionRetryTimeout":120000,"connectionRetryCount":3,"logLevels":{},"enableDirectConnect":true,"strictSSL":true,"_":"65 more keys: [\"cacheDir\",\"port\",\"requestedCapabilities\",\"automationProtocol\",\"baseUrl\",\"waitforInterval\",\"waitforTimeout\",\"onReload\",\"beforeCommand\",\"afterCommand\",\"rootDir\",\"specs\",\"suites\",\"exclude\",\"groupLogsByTestSpec\",\"excludeDriverLogs\",\"bail\",\"framework\",\"reporters\",\"services\",\"maxInstances\",\"maxInstancesPerCapability\",\"injectGlobals\",\"filesToWatch\",\"execArgv\",\"runnerEnv\",\"runner\",\"shard\",\"specFileRetries\",\"specFileRetriesDelay\",\"specFileRetriesDeferred\",\"reporterSyncInterval\",\"reporterSyncTimeout\",\"cucumberFeaturesWithLineNumbers\",\"autoCompileOpts\",\"mochaOpts\",\"jasmineOpts\",\"cucumberOpts\",\"onPrepare\",\"onWorkerStart\",\"onWorkerEnd\",\"before\",\"beforeSession\",\"beforeSuite\",\"beforeHook\",\"beforeTest\",\"afterTest\",\"afterHook\",\"afterSuite\",\"afterSession\",\"after\",\"onComplete\",\"beforeAssertion\",\"afterAssertion\",\"beforeFeature\",\"beforeScenario\",\"beforeStep\",\"afterStep\",\"afterScenario\",\"afterFeature\",\"_\",\"suite\",\"$0\",\"ignoredWorkerServices\",\"wdi5\"]"}]}
RESULT: {"script":"<script> [2342 bytes]","args":[{"protocol":"http","hostname":"0.0.0.0","path":"/","capabilities":{"browserName":"chrome","goog:chromeOptions":{"binary":"C:\\Program Files\\Google\\Chrome\\Application\\chrome.exe","args":["--start-maximized"]}},"logLevel":"warn","connectionRetryTimeout":120000,"connectionRetryCount":3,"logLevels":{},"enableDirectConnect":true,"strictSSL":true,"_":"65 more keys: [\"cacheDir\",\"port\",\"requestedCapabilities\",\"automationProtocol\",\"baseUrl\",\"waitforInterval\",\"waitforTimeout\",\"onReload\",\"beforeCommand\",\"afterCommand\",\"rootDir\",\"specs\",\"suites\",\"exclude\",\"groupLogsByTestSpec\",\"excludeDriverLogs\",\"bail\",\"framework\",\"reporters\",\"services\",\"maxInstances\",\"maxInstancesPerCapability\",\"injectGlobals\",\"filesToWatch\",\"execArgv\",\"runnerEnv\",\"runner\",\"shard\",\"specFileRetries\",\"specFileRetriesDelay\",\"specFileRetriesDeferred\",\"reporterSyncInterval\",\"reporterSyncTimeout\",\"cucumberFeaturesWithLineNumbers\",\"autoCompileOpts\",\"mochaOpts\",\"jasmineOpts\",\"cucumberOpts\",\"onPrepare\",\"onWorkerStart\",\"onWorkerEnd\",\"before\",\"beforeSession\",\"beforeSuite\",\"beforeHook\",\"beforeTest\",\"afterTest\",\"afterHook\",\"afterSuite\",\"afterSession\",\"after\",\"onComplete\",\"beforeAssertion\",\"afterAssertion\",\"beforeFeature\",\"beforeScenario\",\"beforeStep\",\"afterStep\",\"afterScenario\",\"afterFeature\",\"_\",\"suite\",\"$0\",\"ignoredWorkerServices\",\"wdi5\"]"}]}
COMMAND: POST /session/a9ef15c056c2e43ebaea63ed65e0d12a/execute/async - {"script":"<script> [21126 bytes]","args":[35000]}
RESULT: {"script":"<script> [21126 bytes]","args":[35000]}
]]></system-out>
    </testcase>
  </testsuite>
  <testsuite timestamp="2025-04-18T17:10:29" time="336.23" tests="6" failures="0" errors="0" skipped="0">
    <properties>
      <property name="specId" value="0"/>
      <property name="suiteName" value="Edit and delete daily price US134629 US134627"/>
      <property name="capabilities" value="chrome.135_0_7049_42.windows"/>
      <property name="file" value="file:///D:/a/1/s/test/specs/BTS/conditions-prices-daily-price.spec.js"/>
    </properties>
    <testcase classname="chrome.135_0_7049_42.windows.Edit_and_delete_daily_price_US134629_US134627" name="Should create a new yard used for all following tests" time="0.022">
      <system-out><![CDATA[
COMMAND: POST /session/a9ef15c056c2e43ebaea63ed65e0d12a/window/fullscreen - {}
RESULT: {}
]]></system-out>
    </testcase>
    <testcase classname="chrome.135_0_7049_42.windows.Edit_and_delete_daily_price_US134629_US134627" name="Should create a new partner" time="117.15">
      <system-out><![CDATA[
COMMAND: POST /session/a9ef15c056c2e43ebaea63ed65e0d12a/window/fullscreen - {}
RESULT: {}
COMMAND: POST /session/a9ef15c056c2e43ebaea63ed65e0d12a/execute/async - {"script":"<script> [1562 bytes]","args":[{"selector":{"controlType":"sap.m.GenericTile","properties":{"header":"Manage Partners"}},"wdio_ui5_key":"sapm.GenericTile{\"header\":\"Manage Partners\"}"}]}
RESULT: {"script":"<script> [1562 bytes]","args":[{"selector":{"controlType":"sap.m.GenericTile","properties":{"header":"Manage Partners"}},"wdio_ui5_key":"sapm.GenericTile{\"header\":\"Manage Partners\"}"}]}
RESULT: undefined
COMMAND: POST /session/a9ef15c056c2e43ebaea63ed65e0d12a/element - {"using":"xpath","value":"//*[@id=\"__tile38\"]"}
RESULT: {"using":"xpath","value":"//*[@id=\"__tile38\"]"}
COMMAND: POST /session/a9ef15c056c2e43ebaea63ed65e0d12a/element/f.5C1E112C024A7E7EDD35BD5D9BF8FD55.d.8B9902CC5E3820A767D2BFCFDCBEF936.e.2943/click - {}
RESULT: {}
COMMAND: POST /session/a9ef15c056c2e43ebaea63ed65e0d12a/element - {"using":"xpath","value":"//button[@data-kt=\"addButton\"]"}
COMMAND: GET /session/a9ef15c056c2e43ebaea63ed65e0d12a/screenshot - {}
RESULT: {"using":"xpath","value":"//button[@data-kt=\"addButton\"]"}
COMMAND: POST /session/a9ef15c056c2e43ebaea63ed65e0d12a/elements - {"using":"xpath","value":"//button[@data-kt=\"addButton\"]"}
RESULT: {}
RESULT: {"using":"xpath","value":"//button[@data-kt=\"addButton\"]"}
COMMAND: POST /session/a9ef15c056c2e43ebaea63ed65e0d12a/elements - {"using":"xpath","value":"//button[@data-kt=\"addButton\"]"}
RESULT: {"using":"xpath","value":"//button[@data-kt=\"addButton\"]"}
COMMAND: POST /session/a9ef15c056c2e43ebaea63ed65e0d12a/elements - {"using":"xpath","value":"//button[@data-kt=\"addButton\"]"}
RESULT: {"using":"xpath","value":"//button[@data-kt=\"addButton\"]"}
COMMAND: POST /session/a9ef15c056c2e43ebaea63ed65e0d12a/elements - {"using":"xpath","value":"//button[@data-kt=\"addButton\"]"}
RESULT: {"using":"xpath","value":"//button[@data-kt=\"addButton\"]"}
COMMAND: POST /session/a9ef15c056c2e43ebaea63ed65e0d12a/elements - {"using":"xpath","value":"//button[@data-kt=\"addButton\"]"}
RESULT: {"using":"xpath","value":"//button[@data-kt=\"addButton\"]"}
COMMAND: POST /session/a9ef15c056c2e43ebaea63ed65e0d12a/elements - {"using":"xpath","value":"//button[@data-kt=\"addButton\"]"}
RESULT: {"using":"xpath","value":"//button[@data-kt=\"addButton\"]"}
COMMAND: POST /session/a9ef15c056c2e43ebaea63ed65e0d12a/elements - {"using":"xpath","value":"//button[@data-kt=\"addButton\"]"}
RESULT: {"using":"xpath","value":"//button[@data-kt=\"addButton\"]"}
COMMAND: POST /session/a9ef15c056c2e43ebaea63ed65e0d12a/elements - {"using":"xpath","value":"//button[@data-kt=\"addButton\"]"}
RESULT: {"using":"xpath","value":"//button[@data-kt=\"addButton\"]"}
COMMAND: POST /session/a9ef15c056c2e43ebaea63ed65e0d12a/elements - {"using":"xpath","value":"//button[@data-kt=\"addButton\"]"}
RESULT: {"using":"xpath","value":"//button[@data-kt=\"addButton\"]"}
COMMAND: POST /session/a9ef15c056c2e43ebaea63ed65e0d12a/elements - {"using":"xpath","value":"//button[@data-kt=\"addButton\"]"}
RESULT: {"using":"xpath","value":"//button[@data-kt=\"addButton\"]"}
COMMAND: POST /session/a9ef15c056c2e43ebaea63ed65e0d12a/elements - {"using":"xpath","value":"//button[@data-kt=\"addButton\"]"}
RESULT: {"using":"xpath","value":"//button[@data-kt=\"addButton\"]"}
COMMAND: POST /session/a9ef15c056c2e43ebaea63ed65e0d12a/elements - {"using":"xpath","value":"//button[@data-kt=\"addButton\"]"}
RESULT: {"using":"xpath","value":"//button[@data-kt=\"addButton\"]"}
COMMAND: POST /session/a9ef15c056c2e43ebaea63ed65e0d12a/elements - {"using":"xpath","value":"//button[@data-kt=\"addButton\"]"}
RESULT: {"using":"xpath","value":"//button[@data-kt=\"addButton\"]"}
COMMAND: POST /session/a9ef15c056c2e43ebaea63ed65e0d12a/elements - {"using":"xpath","value":"//button[@data-kt=\"addButton\"]"}
RESULT: {"using":"xpath","value":"//button[@data-kt=\"addButton\"]"}
COMMAND: POST /session/a9ef15c056c2e43ebaea63ed65e0d12a/elements - {"using":"xpath","value":"//button[@data-kt=\"addButton\"]"}
RESULT: {"using":"xpath","value":"//button[@data-kt=\"addButton\"]"}
COMMAND: POST /session/a9ef15c056c2e43ebaea63ed65e0d12a/elements - {"using":"xpath","value":"//button[@data-kt=\"addButton\"]"}
RESULT: {"using":"xpath","value":"//button[@data-kt=\"addButton\"]"}
COMMAND: POST /session/a9ef15c056c2e43ebaea63ed65e0d12a/elements - {"using":"xpath","value":"//button[@data-kt=\"addButton\"]"}
RESULT: {"using":"xpath","value":"//button[@data-kt=\"addButton\"]"}
COMMAND: POST /session/a9ef15c056c2e43ebaea63ed65e0d12a/elements - {"using":"xpath","value":"//button[@data-kt=\"addButton\"]"}
RESULT: {"using":"xpath","value":"//button[@data-kt=\"addButton\"]"}
COMMAND: POST /session/a9ef15c056c2e43ebaea63ed65e0d12a/elements - {"using":"xpath","value":"//button[@data-kt=\"addButton\"]"}
RESULT: {"using":"xpath","value":"//button[@data-kt=\"addButton\"]"}
COMMAND: POST /session/a9ef15c056c2e43ebaea63ed65e0d12a/elements - {"using":"xpath","value":"//button[@data-kt=\"addButton\"]"}
RESULT: {"using":"xpath","value":"//button[@data-kt=\"addButton\"]"}
COMMAND: POST /session/a9ef15c056c2e43ebaea63ed65e0d12a/elements - {"using":"xpath","value":"//button[@data-kt=\"addButton\"]"}
RESULT: {"using":"xpath","value":"//button[@data-kt=\"addButton\"]"}
COMMAND: POST /session/a9ef15c056c2e43ebaea63ed65e0d12a/element - {"using":"xpath","value":"//button[@data-kt=\"addButton\"]"}
RESULT: {"using":"xpath","value":"//button[@data-kt=\"addButton\"]"}
COMMAND: POST /session/a9ef15c056c2e43ebaea63ed65e0d12a/execute/sync - {"script":"<script> [8489 bytes]","args":[{"element-6066-11e4-a52e-4f735466cecf":"f.5C1E112C024A7E7EDD35BD5D9BF8FD55.d.8B9902CC5E3820A767D2BFCFDCBEF936.e.3084","ELEMENT":"f.5C1E112C024A7E7EDD35BD5D9BF8FD55.d.8B9902CC5E3820A767D2BFCFDCBEF936.e.3084"}]}
RESULT: {"script":"<script> [8489 bytes]","args":[{"element-6066-11e4-a52e-4f735466cecf":"f.5C1E112C024A7E7EDD35BD5D9BF8FD55.d.8B9902CC5E3820A767D2BFCFDCBEF936.e.3084","ELEMENT":"f.5C1E112C024A7E7EDD35BD5D9BF8FD55.d.8B9902CC5E3820A767D2BFCFDCBEF936.e.3084"}]}
COMMAND: GET /session/a9ef15c056c2e43ebaea63ed65e0d12a/element/f.5C1E112C024A7E7EDD35BD5D9BF8FD55.d.8B9902CC5E3820A767D2BFCFDCBEF936.e.3084/enabled - {}
COMMAND: GET /session/a9ef15c056c2e43ebaea63ed65e0d12a/screenshot - {}
RESULT: {}
COMMAND: POST /session/a9ef15c056c2e43ebaea63ed65e0d12a/execute/sync - {"script":"<script> [8489 bytes]","args":[{"element-6066-11e4-a52e-4f735466cecf":"f.5C1E112C024A7E7EDD35BD5D9BF8FD55.d.8B9902CC5E3820A767D2BFCFDCBEF936.e.3084","ELEMENT":"f.5C1E112C024A7E7EDD35BD5D9BF8FD55.d.8B9902CC5E3820A767D2BFCFDCBEF936.e.3084"}]}
COMMAND: GET /session/a9ef15c056c2e43ebaea63ed65e0d12a/screenshot - {}
RESULT: {}
RESULT: {"script":"<script> [8489 bytes]","args":[{"element-6066-11e4-a52e-4f735466cecf":"f.5C1E112C024A7E7EDD35BD5D9BF8FD55.d.8B9902CC5E3820A767D2BFCFDCBEF936.e.3084","ELEMENT":"f.5C1E112C024A7E7EDD35BD5D9BF8FD55.d.8B9902CC5E3820A767D2BFCFDCBEF936.e.3084"}]}
COMMAND: POST /session/a9ef15c056c2e43ebaea63ed65e0d12a/execute/sync - {"script":"<script> [5351 bytes]","args":[{"element-6066-11e4-a52e-4f735466cecf":"f.5C1E112C024A7E7EDD35BD5D9BF8FD55.d.8B9902CC5E3820A767D2BFCFDCBEF936.e.3084","ELEMENT":"f.5C1E112C024A7E7EDD35BD5D9BF8FD55.d.8B9902CC5E3820A767D2BFCFDCBEF936.e.3084"}]}
COMMAND: GET /session/a9ef15c056c2e43ebaea63ed65e0d12a/screenshot - {}
RESULT: {}
RESULT: {"script":"<script> [5351 bytes]","args":[{"element-6066-11e4-a52e-4f735466cecf":"f.5C1E112C024A7E7EDD35BD5D9BF8FD55.d.8B9902CC5E3820A767D2BFCFDCBEF936.e.3084","ELEMENT":"f.5C1E112C024A7E7EDD35BD5D9BF8FD55.d.8B9902CC5E3820A767D2BFCFDCBEF936.e.3084"}]}
COMMAND: POST /session/a9ef15c056c2e43ebaea63ed65e0d12a/element/f.5C1E112C024A7E7EDD35BD5D9BF8FD55.d.8B9902CC5E3820A767D2BFCFDCBEF936.e.3084/click - {}
COMMAND: GET /session/a9ef15c056c2e43ebaea63ed65e0d12a/screenshot - {}
RESULT: {}
RESULT: {}
COMMAND: GET /session/a9ef15c056c2e43ebaea63ed65e0d12a/screenshot - {}
COMMAND: POST /session/a9ef15c056c2e43ebaea63ed65e0d12a/execute/async - {"script":"<script> [1562 bytes]","args":[{"selector":{"id":"application-managepartners-display-component---NewPartner--addressDetailDetailsName1","interaction":{"idSuffix":"inner"}},"wdio_ui5_key":"applicationmanagepartners-display-component---NewPartner--addressDetailDetailsName1"}]}
RESULT: {}
RESULT: {}
RESULT: {"script":"<script> [1562 bytes]","args":[{"selector":{"id":"application-managepartners-display-component---NewPartner--addressDetailDetailsName1","interaction":{"idSuffix":"inner"}},"wdio_ui5_key":"applicationmanagepartners-display-component---NewPartner--addressDetailDetailsName1"}]}
RESULT: undefined
COMMAND: POST /session/a9ef15c056c2e43ebaea63ed65e0d12a/execute/async - {"script":"<script> [776 bytes]","args":[{"enterText":"DailyPrice Partner WDIO","selector":{"id":"application-managepartners-display-component---NewPartner--addressDetailDetailsName1","interaction":{"idSuffix":"inner"}},"clearTextFirst":true,"interactionType":"ENTER_TEXT"}]}
RESULT: {"script":"<script> [776 bytes]","args":[{"enterText":"DailyPrice Partner WDIO","selector":{"id":"application-managepartners-display-component---NewPartner--addressDetailDetailsName1","interaction":{"idSuffix":"inner"}},"clearTextFirst":true,"interactionType":"ENTER_TEXT"}]}
COMMAND: POST /session/a9ef15c056c2e43ebaea63ed65e0d12a/execute/async - {"script":"<script> [1562 bytes]","args":[{"selector":{"id":"application-managepartners-display-component---NewPartner--addressDetailDetailsLanguage-arrow"},"wdio_ui5_key":"applicationmanagepartners-display-component---NewPartner--addressDetailDetailsLanguage-arrow"}]}
RESULT: {"script":"<script> [1562 bytes]","args":[{"selector":{"id":"application-managepartners-display-component---NewPartner--addressDetailDetailsLanguage-arrow"},"wdio_ui5_key":"applicationmanagepartners-display-component---NewPartner--addressDetailDetailsLanguage-arrow"}]}
RESULT: undefined
COMMAND: POST /session/a9ef15c056c2e43ebaea63ed65e0d12a/element - {"using":"xpath","value":"//*[@id=\"application-managepartners-display-component---NewPartner--addressDetailDetailsLanguage-arrow\"]"}
RESULT: {"using":"xpath","value":"//*[@id=\"application-managepartners-display-component---NewPartner--addressDetailDetailsLanguage-arrow\"]"}
COMMAND: POST /session/a9ef15c056c2e43ebaea63ed65e0d12a/element/f.5C1E112C024A7E7EDD35BD5D9BF8FD55.d.8B9902CC5E3820A767D2BFCFDCBEF936.e.3536/click - {}
RESULT: {}
COMMAND: POST /session/a9ef15c056c2e43ebaea63ed65e0d12a/element - {"using":"xpath","value":"//span[contains(text(), \"English\")]"}
COMMAND: GET /session/a9ef15c056c2e43ebaea63ed65e0d12a/screenshot - {}
RESULT: {"using":"xpath","value":"//span[contains(text(), \"English\")]"}
COMMAND: POST /session/a9ef15c056c2e43ebaea63ed65e0d12a/element/f.5C1E112C024A7E7EDD35BD5D9BF8FD55.d.8B9902CC5E3820A767D2BFCFDCBEF936.e.3537/click - {}
RESULT: {}
RESULT: {}
COMMAND: GET /session/a9ef15c056c2e43ebaea63ed65e0d12a/screenshot - {}
RESULT: {}
COMMAND: POST /session/a9ef15c056c2e43ebaea63ed65e0d12a/execute/async - {"script":"<script> [1562 bytes]","args":[{"selector":{"id":"application-managepartners-display-component---NewPartner--addressDetailDetailsCity1","interaction":{"idSuffix":"inner"}},"wdio_ui5_key":"applicationmanagepartners-display-component---NewPartner--addressDetailDetailsCity1"}]}
RESULT: {"script":"<script> [1562 bytes]","args":[{"selector":{"id":"application-managepartners-display-component---NewPartner--addressDetailDetailsCity1","interaction":{"idSuffix":"inner"}},"wdio_ui5_key":"applicationmanagepartners-display-component---NewPartner--addressDetailDetailsCity1"}]}
RESULT: undefined
COMMAND: POST /session/a9ef15c056c2e43ebaea63ed65e0d12a/execute/async - {"script":"<script> [776 bytes]","args":[{"enterText":"Rosario","selector":{"id":"application-managepartners-display-component---NewPartner--addressDetailDetailsCity1","interaction":{"idSuffix":"inner"}},"clearTextFirst":true,"interactionType":"ENTER_TEXT"}]}
RESULT: {"script":"<script> [776 bytes]","args":[{"enterText":"Rosario","selector":{"id":"application-managepartners-display-component---NewPartner--addressDetailDetailsCity1","interaction":{"idSuffix":"inner"}},"clearTextFirst":true,"interactionType":"ENTER_TEXT"}]}
COMMAND: POST /session/a9ef15c056c2e43ebaea63ed65e0d12a/execute/async - {"script":"<script> [1562 bytes]","args":[{"selector":{"id":"application-managepartners-display-component---NewPartner--addressDetailDetailsCountry-arrow"},"wdio_ui5_key":"applicationmanagepartners-display-component---NewPartner--addressDetailDetailsCountry-arrow"}]}
RESULT: {"script":"<script> [1562 bytes]","args":[{"selector":{"id":"application-managepartners-display-component---NewPartner--addressDetailDetailsCountry-arrow"},"wdio_ui5_key":"applicationmanagepartners-display-component---NewPartner--addressDetailDetailsCountry-arrow"}]}
RESULT: undefined
COMMAND: POST /session/a9ef15c056c2e43ebaea63ed65e0d12a/element - {"using":"xpath","value":"//*[@id=\"application-managepartners-display-component---NewPartner--addressDetailDetailsCountry-arrow\"]"}
RESULT: {"using":"xpath","value":"//*[@id=\"application-managepartners-display-component---NewPartner--addressDetailDetailsCountry-arrow\"]"}
COMMAND: POST /session/a9ef15c056c2e43ebaea63ed65e0d12a/element/f.5C1E112C024A7E7EDD35BD5D9BF8FD55.d.8B9902CC5E3820A767D2BFCFDCBEF936.e.3523/click - {}
RESULT: {}
COMMAND: POST /session/a9ef15c056c2e43ebaea63ed65e0d12a/element - {"using":"xpath","value":"//span[contains(text(), \"Argentina\")]"}
COMMAND: GET /session/a9ef15c056c2e43ebaea63ed65e0d12a/screenshot - {}
RESULT: {"using":"xpath","value":"//span[contains(text(), \"Argentina\")]"}
COMMAND: POST /session/a9ef15c056c2e43ebaea63ed65e0d12a/element/f.5C1E112C024A7E7EDD35BD5D9BF8FD55.d.8B9902CC5E3820A767D2BFCFDCBEF936.e.3539/click - {}
RESULT: {}
RESULT: {}
COMMAND: GET /session/a9ef15c056c2e43ebaea63ed65e0d12a/screenshot - {}
RESULT: {}
COMMAND: POST /session/a9ef15c056c2e43ebaea63ed65e0d12a/element - {"using":"xpath","value":"//bdi[contains(text(), \"Commercial\")]"}
RESULT: {"using":"xpath","value":"//bdi[contains(text(), \"Commercial\")]"}
COMMAND: POST /session/a9ef15c056c2e43ebaea63ed65e0d12a/element/f.5C1E112C024A7E7EDD35BD5D9BF8FD55.d.8B9902CC5E3820A767D2BFCFDCBEF936.e.3540/click - {}
RESULT: {}
COMMAND: GET /session/a9ef15c056c2e43ebaea63ed65e0d12a/screenshot - {}
RESULT: {}
COMMAND: POST /session/a9ef15c056c2e43ebaea63ed65e0d12a/execute/async - {"script":"<script> [1562 bytes]","args":[{"selector":{"id":"application-managepartners-display-component---NewPartner--partnerDetailInternal-arrow"},"wdio_ui5_key":"applicationmanagepartners-display-component---NewPartner--partnerDetailInternal-arrow"}]}
RESULT: {"script":"<script> [1562 bytes]","args":[{"selector":{"id":"application-managepartners-display-component---NewPartner--partnerDetailInternal-arrow"},"wdio_ui5_key":"applicationmanagepartners-display-component---NewPartner--partnerDetailInternal-arrow"}]}
RESULT: undefined
COMMAND: POST /session/a9ef15c056c2e43ebaea63ed65e0d12a/element - {"using":"xpath","value":"//*[@id=\"application-managepartners-display-component---NewPartner--partnerDetailInternal-arrow\"]"}
RESULT: {"using":"xpath","value":"//*[@id=\"application-managepartners-display-component---NewPartner--partnerDetailInternal-arrow\"]"}
COMMAND: POST /session/a9ef15c056c2e43ebaea63ed65e0d12a/element/f.5C1E112C024A7E7EDD35BD5D9BF8FD55.d.8B9902CC5E3820A767D2BFCFDCBEF936.e.3546/click - {}
RESULT: {}
COMMAND: POST /session/a9ef15c056c2e43ebaea63ed65e0d12a/element - {"using":"xpath","value":"//span[contains(text(), \"Affiliated company\")]"}
COMMAND: GET /session/a9ef15c056c2e43ebaea63ed65e0d12a/screenshot - {}
RESULT: {"using":"xpath","value":"//span[contains(text(), \"Affiliated company\")]"}
COMMAND: POST /session/a9ef15c056c2e43ebaea63ed65e0d12a/element/f.5C1E112C024A7E7EDD35BD5D9BF8FD55.d.8B9902CC5E3820A767D2BFCFDCBEF936.e.3547/click - {}
RESULT: {}
RESULT: {}
COMMAND: POST /session/a9ef15c056c2e43ebaea63ed65e0d12a/execute/async - {"script":"<script> [1562 bytes]","args":[{"selector":{"id":"application-managepartners-display-component---NewPartner--partnerDetailsCurrency-arrow"},"wdio_ui5_key":"applicationmanagepartners-display-component---NewPartner--partnerDetailsCurrency-arrow"}]}
COMMAND: GET /session/a9ef15c056c2e43ebaea63ed65e0d12a/screenshot - {}
RESULT: {"script":"<script> [1562 bytes]","args":[{"selector":{"id":"application-managepartners-display-component---NewPartner--partnerDetailsCurrency-arrow"},"wdio_ui5_key":"applicationmanagepartners-display-component---NewPartner--partnerDetailsCurrency-arrow"}]}
RESULT: undefined
COMMAND: POST /session/a9ef15c056c2e43ebaea63ed65e0d12a/element - {"using":"xpath","value":"//*[@id=\"application-managepartners-display-component---NewPartner--partnerDetailsCurrency-arrow\"]"}
RESULT: {}
RESULT: {"using":"xpath","value":"//*[@id=\"application-managepartners-display-component---NewPartner--partnerDetailsCurrency-arrow\"]"}
COMMAND: POST /session/a9ef15c056c2e43ebaea63ed65e0d12a/element/f.5C1E112C024A7E7EDD35BD5D9BF8FD55.d.8B9902CC5E3820A767D2BFCFDCBEF936.e.3554/click - {}
RESULT: {}
COMMAND: POST /session/a9ef15c056c2e43ebaea63ed65e0d12a/element - {"using":"xpath","value":"//span[contains(text(), \"Euro\")]"}
COMMAND: GET /session/a9ef15c056c2e43ebaea63ed65e0d12a/screenshot - {}
RESULT: {"using":"xpath","value":"//span[contains(text(), \"Euro\")]"}
COMMAND: POST /session/a9ef15c056c2e43ebaea63ed65e0d12a/element/f.5C1E112C024A7E7EDD35BD5D9BF8FD55.d.8B9902CC5E3820A767D2BFCFDCBEF936.e.3555/click - {}
RESULT: {}
RESULT: {}
COMMAND: POST /session/a9ef15c056c2e43ebaea63ed65e0d12a/execute/async - {"script":"<script> [1562 bytes]","args":[{"selector":{"id":"application-managepartners-display-component---NewPartner--addressEditDetailsCostObjectCstType-arrow"},"wdio_ui5_key":"applicationmanagepartners-display-component---NewPartner--addressEditDetailsCostObjectCstType-arrow"}]}
COMMAND: GET /session/a9ef15c056c2e43ebaea63ed65e0d12a/screenshot - {}
RESULT: {"script":"<script> [1562 bytes]","args":[{"selector":{"id":"application-managepartners-display-component---NewPartner--addressEditDetailsCostObjectCstType-arrow"},"wdio_ui5_key":"applicationmanagepartners-display-component---NewPartner--addressEditDetailsCostObjectCstType-arrow"}]}
RESULT: undefined
COMMAND: POST /session/a9ef15c056c2e43ebaea63ed65e0d12a/element - {"using":"xpath","value":"//*[@id=\"application-managepartners-display-component---NewPartner--addressEditDetailsCostObjectCstType-arrow\"]"}
RESULT: {}
RESULT: {"using":"xpath","value":"//*[@id=\"application-managepartners-display-component---NewPartner--addressEditDetailsCostObjectCstType-arrow\"]"}
COMMAND: POST /session/a9ef15c056c2e43ebaea63ed65e0d12a/element/f.5C1E112C024A7E7EDD35BD5D9BF8FD55.d.8B9902CC5E3820A767D2BFCFDCBEF936.e.3556/click - {}
RESULT: {}
COMMAND: POST /session/a9ef15c056c2e43ebaea63ed65e0d12a/element - {"using":"xpath","value":"//span[contains(text(), \"Cost Center\")]"}
COMMAND: GET /session/a9ef15c056c2e43ebaea63ed65e0d12a/screenshot - {}
RESULT: {"using":"xpath","value":"//span[contains(text(), \"Cost Center\")]"}
COMMAND: POST /session/a9ef15c056c2e43ebaea63ed65e0d12a/element/f.5C1E112C024A7E7EDD35BD5D9BF8FD55.d.8B9902CC5E3820A767D2BFCFDCBEF936.e.3557/click - {}
RESULT: {}
RESULT: {}
COMMAND: GET /session/a9ef15c056c2e43ebaea63ed65e0d12a/screenshot - {}
RESULT: {}
COMMAND: POST /session/a9ef15c056c2e43ebaea63ed65e0d12a/element - {"using":"xpath","value":"//span[@id=\"application-managepartners-display-component---NewPartner--addressNewCostObjectCstID-vhi\"]"}
RESULT: {"using":"xpath","value":"//span[@id=\"application-managepartners-display-component---NewPartner--addressNewCostObjectCstID-vhi\"]"}
COMMAND: POST /session/a9ef15c056c2e43ebaea63ed65e0d12a/execute/sync - {"script":"<script> [8489 bytes]","args":[{"element-6066-11e4-a52e-4f735466cecf":"f.5C1E112C024A7E7EDD35BD5D9BF8FD55.d.8B9902CC5E3820A767D2BFCFDCBEF936.e.3560","ELEMENT":"f.5C1E112C024A7E7EDD35BD5D9BF8FD55.d.8B9902CC5E3820A767D2BFCFDCBEF936.e.3560"}]}
RESULT: {"script":"<script> [8489 bytes]","args":[{"element-6066-11e4-a52e-4f735466cecf":"f.5C1E112C024A7E7EDD35BD5D9BF8FD55.d.8B9902CC5E3820A767D2BFCFDCBEF936.e.3560","ELEMENT":"f.5C1E112C024A7E7EDD35BD5D9BF8FD55.d.8B9902CC5E3820A767D2BFCFDCBEF936.e.3560"}]}
COMMAND: POST /session/a9ef15c056c2e43ebaea63ed65e0d12a/execute/async - {"script":"<script> [1562 bytes]","args":[{"selector":{"id":"application-managepartners-display-component---NewPartner--addressNewCostObjectCstID-vhi"},"wdio_ui5_key":"applicationmanagepartners-display-component---NewPartner--addressNewCostObjectCstID-vhi"}]}
COMMAND: GET /session/a9ef15c056c2e43ebaea63ed65e0d12a/screenshot - {}
RESULT: {"script":"<script> [1562 bytes]","args":[{"selector":{"id":"application-managepartners-display-component---NewPartner--addressNewCostObjectCstID-vhi"},"wdio_ui5_key":"applicationmanagepartners-display-component---NewPartner--addressNewCostObjectCstID-vhi"}]}
RESULT: undefined
COMMAND: POST /session/a9ef15c056c2e43ebaea63ed65e0d12a/element - {"using":"xpath","value":"//*[@id=\"application-managepartners-display-component---NewPartner--addressNewCostObjectCstID-vhi\"]"}
RESULT: {}
RESULT: {"using":"xpath","value":"//*[@id=\"application-managepartners-display-component---NewPartner--addressNewCostObjectCstID-vhi\"]"}
COMMAND: POST /session/a9ef15c056c2e43ebaea63ed65e0d12a/element/f.5C1E112C024A7E7EDD35BD5D9BF8FD55.d.8B9902CC5E3820A767D2BFCFDCBEF936.e.3560/click - {}
RESULT: {}
COMMAND: GET /session/a9ef15c056c2e43ebaea63ed65e0d12a/screenshot - {}
RESULT: {}
COMMAND: POST /session/a9ef15c056c2e43ebaea63ed65e0d12a/execute/async - {"script":"<script> [1562 bytes]","args":[{"selector":{"controlType":"sap.m.SearchField","properties":{"placeholder":"Search"},"searchOpenDialogs":true,"interaction":{"idSuffix":"I"}},"wdio_ui5_key":"sapm.SearchField{\"placeholder\":\"Search\"}"}]}
RESULT: {"script":"<script> [1562 bytes]","args":[{"selector":{"controlType":"sap.m.SearchField","properties":{"placeholder":"Search"},"searchOpenDialogs":true,"interaction":{"idSuffix":"I"}},"wdio_ui5_key":"sapm.SearchField{\"placeholder\":\"Search\"}"}]}
RESULT: undefined
COMMAND: POST /session/a9ef15c056c2e43ebaea63ed65e0d12a/execute/async - {"script":"<script> [776 bytes]","args":[{"enterText":"10001013","selector":{"controlType":"sap.m.SearchField","properties":{"placeholder":"Search"},"searchOpenDialogs":true,"interaction":{"idSuffix":"I"}},"clearTextFirst":true,"interactionType":"ENTER_TEXT"}]}
RESULT: {"script":"<script> [776 bytes]","args":[{"enterText":"10001013","selector":{"controlType":"sap.m.SearchField","properties":{"placeholder":"Search"},"searchOpenDialogs":true,"interaction":{"idSuffix":"I"}},"clearTextFirst":true,"interactionType":"ENTER_TEXT"}]}
COMMAND: POST /session/a9ef15c056c2e43ebaea63ed65e0d12a/actions - {"actions":[{"id":"action10","type":"key","parameters":{},"actions":[{"type":"keyDown","value":""},{"type":"pause","duration":10},{"type":"keyUp","value":""}]}]}
RESULT: {"actions":[{"id":"action10","type":"key","parameters":{},"actions":[{"type":"keyDown","value":""},{"type":"pause","duration":10},{"type":"keyUp","value":""}]}]}
COMMAND: GET /session/a9ef15c056c2e43ebaea63ed65e0d12a/screenshot - {}
RESULT: {}
COMMAND: POST /session/a9ef15c056c2e43ebaea63ed65e0d12a/element - {"using":"xpath","value":"//span[contains(text(), \"General Management\")]"}
RESULT: {"using":"xpath","value":"//span[contains(text(), \"General Management\")]"}
COMMAND: POST /session/a9ef15c056c2e43ebaea63ed65e0d12a/element/f.5C1E112C024A7E7EDD35BD5D9BF8FD55.d.8B9902CC5E3820A767D2BFCFDCBEF936.e.3602/click - {}
RESULT: {}
COMMAND: GET /session/a9ef15c056c2e43ebaea63ed65e0d12a/screenshot - {}
RESULT: {}
COMMAND: POST /session/a9ef15c056c2e43ebaea63ed65e0d12a/element - {"using":"xpath","value":"//bdi[contains(text(), \"OK\")]"}
RESULT: {"using":"xpath","value":"//bdi[contains(text(), \"OK\")]"}
COMMAND: POST /session/a9ef15c056c2e43ebaea63ed65e0d12a/element/f.5C1E112C024A7E7EDD35BD5D9BF8FD55.d.8B9902CC5E3820A767D2BFCFDCBEF936.e.3603/click - {}
RESULT: {}
COMMAND: GET /session/a9ef15c056c2e43ebaea63ed65e0d12a/screenshot - {}
RESULT: {}
COMMAND: POST /session/a9ef15c056c2e43ebaea63ed65e0d12a/element - {"using":"xpath","value":"//input[@id=\"application-managepartners-display-component---NewPartner--companyCodeComboBox-inner\"]"}
RESULT: {"using":"xpath","value":"//input[@id=\"application-managepartners-display-component---NewPartner--companyCodeComboBox-inner\"]"}
COMMAND: POST /session/a9ef15c056c2e43ebaea63ed65e0d12a/element/f.5C1E112C024A7E7EDD35BD5D9BF8FD55.d.8B9902CC5E3820A767D2BFCFDCBEF936.e.3394/clear - {}
RESULT: {}
COMMAND: POST /session/a9ef15c056c2e43ebaea63ed65e0d12a/element/f.5C1E112C024A7E7EDD35BD5D9BF8FD55.d.8B9902CC5E3820A767D2BFCFDCBEF936.e.3394/value - {"text":"C002"}
COMMAND: GET /session/a9ef15c056c2e43ebaea63ed65e0d12a/screenshot - {}
RESULT: {}
RESULT: {"text":"C002"}
COMMAND: GET /session/a9ef15c056c2e43ebaea63ed65e0d12a/screenshot - {}
RESULT: {}
COMMAND: POST /session/a9ef15c056c2e43ebaea63ed65e0d12a/element - {"using":"xpath","value":"//span[contains(text(), \"C002\")]"}
RESULT: {"using":"xpath","value":"//span[contains(text(), \"C002\")]"}
COMMAND: POST /session/a9ef15c056c2e43ebaea63ed65e0d12a/element/f.5C1E112C024A7E7EDD35BD5D9BF8FD55.d.8B9902CC5E3820A767D2BFCFDCBEF936.e.3609/click - {}
RESULT: {}
COMMAND: GET /session/a9ef15c056c2e43ebaea63ed65e0d12a/screenshot - {}
RESULT: {}
COMMAND: POST /session/a9ef15c056c2e43ebaea63ed65e0d12a/execute/async - {"script":"<script> [1562 bytes]","args":[{"selector":{"id":"application-managepartners-display-component---NewPartner--btnAddTableRow-img"},"wdio_ui5_key":"applicationmanagepartners-display-component---NewPartner--btnAddTableRow-img"}]}
RESULT: {"script":"<script> [1562 bytes]","args":[{"selector":{"id":"application-managepartners-display-component---NewPartner--btnAddTableRow-img"},"wdio_ui5_key":"applicationmanagepartners-display-component---NewPartner--btnAddTableRow-img"}]}
RESULT: undefined
COMMAND: POST /session/a9ef15c056c2e43ebaea63ed65e0d12a/element - {"using":"xpath","value":"//*[@id=\"application-managepartners-display-component---NewPartner--btnAddTableRow-img\"]"}
RESULT: {"using":"xpath","value":"//*[@id=\"application-managepartners-display-component---NewPartner--btnAddTableRow-img\"]"}
COMMAND: POST /session/a9ef15c056c2e43ebaea63ed65e0d12a/element/f.5C1E112C024A7E7EDD35BD5D9BF8FD55.d.8B9902CC5E3820A767D2BFCFDCBEF936.e.3610/click - {}
RESULT: {}
COMMAND: GET /session/a9ef15c056c2e43ebaea63ed65e0d12a/screenshot - {}
RESULT: {}
COMMAND: POST /session/a9ef15c056c2e43ebaea63ed65e0d12a/element - {"using":"xpath","value":"//input[@id=\"application-managepartners-display-component---NewPartner--assignmentYard-application-managepartners-display-component---NewPartner--assignmentsTable-0-inner\"]"}
RESULT: {"using":"xpath","value":"//input[@id=\"application-managepartners-display-component---NewPartner--assignmentYard-application-managepartners-display-component---NewPartner--assignmentsTable-0-inner\"]"}
COMMAND: POST /session/a9ef15c056c2e43ebaea63ed65e0d12a/element/f.5C1E112C024A7E7EDD35BD5D9BF8FD55.d.8B9902CC5E3820A767D2BFCFDCBEF936.e.3613/clear - {}
RESULT: {}
COMMAND: POST /session/a9ef15c056c2e43ebaea63ed65e0d12a/element/f.5C1E112C024A7E7EDD35BD5D9BF8FD55.d.8B9902CC5E3820A767D2BFCFDCBEF936.e.3613/value - {"text":"569"}
COMMAND: GET /session/a9ef15c056c2e43ebaea63ed65e0d12a/screenshot - {}
RESULT: {"text":"569"}
COMMAND: GET /session/a9ef15c056c2e43ebaea63ed65e0d12a/screenshot - {}
RESULT: {}
RESULT: {}
COMMAND: POST /session/a9ef15c056c2e43ebaea63ed65e0d12a/element - {"using":"xpath","value":"//li[.//span[text()='569']]"}
RESULT: {"using":"xpath","value":"//li[.//span[text()='569']]"}
COMMAND: POST /session/a9ef15c056c2e43ebaea63ed65e0d12a/element/f.5C1E112C024A7E7EDD35BD5D9BF8FD55.d.8B9902CC5E3820A767D2BFCFDCBEF936.e.3622/click - {}
RESULT: {}
COMMAND: GET /session/a9ef15c056c2e43ebaea63ed65e0d12a/screenshot - {}
RESULT: {}
COMMAND: POST /session/a9ef15c056c2e43ebaea63ed65e0d12a/actions - {"actions":[{"id":"action11","type":"key","parameters":{},"actions":[{"type":"keyDown","value":""},{"type":"pause","duration":10},{"type":"keyUp","value":""}]}]}
RESULT: {"actions":[{"id":"action11","type":"key","parameters":{},"actions":[{"type":"keyDown","value":""},{"type":"pause","duration":10},{"type":"keyUp","value":""}]}]}
COMMAND: POST /session/a9ef15c056c2e43ebaea63ed65e0d12a/execute/async - {"script":"<script> [1562 bytes]","args":[{"selector":{"id":"application-managepartners-display-component---NewPartner--externalCustomerComboBox-application-managepartners-display-component---NewPartner--assignmentsTable-0-vhi"},"wdio_ui5_key":"applicationmanagepartners-display-component---NewPartner--externalCustomerComboBox-application-managepartners-display-component---NewPartner--assignmentsTable-0-vhi"}]}
COMMAND: GET /session/a9ef15c056c2e43ebaea63ed65e0d12a/screenshot - {}
RESULT: {"script":"<script> [1562 bytes]","args":[{"selector":{"id":"application-managepartners-display-component---NewPartner--externalCustomerComboBox-application-managepartners-display-component---NewPartner--assignmentsTable-0-vhi"},"wdio_ui5_key":"applicationmanagepartners-display-component---NewPartner--externalCustomerComboBox-application-managepartners-display-component---NewPartner--assignmentsTable-0-vhi"}]}
RESULT: undefined
COMMAND: POST /session/a9ef15c056c2e43ebaea63ed65e0d12a/element - {"using":"xpath","value":"//*[@id=\"application-managepartners-display-component---NewPartner--externalCustomerComboBox-application-managepartners-display-component---NewPartner--assignmentsTable-0-vhi\"]"}
RESULT: {}
RESULT: {"using":"xpath","value":"//*[@id=\"application-managepartners-display-component---NewPartner--externalCustomerComboBox-application-managepartners-display-component---NewPartner--assignmentsTable-0-vhi\"]"}
COMMAND: POST /session/a9ef15c056c2e43ebaea63ed65e0d12a/element/f.5C1E112C024A7E7EDD35BD5D9BF8FD55.d.8B9902CC5E3820A767D2BFCFDCBEF936.e.3626/click - {}
RESULT: {}
RESULT: undefined
COMMAND: POST /session/a9ef15c056c2e43ebaea63ed65e0d12a/execute/async - {"script":"<script> [776 bytes]","args":[{"enterText":"300003","selector":{"controlType":"sap.m.SearchField","properties":{"placeholder":"Search"},"searchOpenDialogs":true,"interaction":{"idSuffix":"I"}},"clearTextFirst":true,"interactionType":"ENTER_TEXT"}]}
COMMAND: GET /session/a9ef15c056c2e43ebaea63ed65e0d12a/screenshot - {}
RESULT: {"script":"<script> [776 bytes]","args":[{"enterText":"300003","selector":{"controlType":"sap.m.SearchField","properties":{"placeholder":"Search"},"searchOpenDialogs":true,"interaction":{"idSuffix":"I"}},"clearTextFirst":true,"interactionType":"ENTER_TEXT"}]}
COMMAND: POST /session/a9ef15c056c2e43ebaea63ed65e0d12a/actions - {"actions":[{"id":"action12","type":"key","parameters":{},"actions":[{"type":"keyDown","value":""},{"type":"pause","duration":10},{"type":"keyUp","value":""}]}]}
RESULT: {}
RESULT: {"actions":[{"id":"action12","type":"key","parameters":{},"actions":[{"type":"keyDown","value":""},{"type":"pause","duration":10},{"type":"keyUp","value":""}]}]}
COMMAND: GET /session/a9ef15c056c2e43ebaea63ed65e0d12a/screenshot - {}
RESULT: {}
COMMAND: POST /session/a9ef15c056c2e43ebaea63ed65e0d12a/element - {"using":"xpath","value":"//span[contains(text(), \"300003\")]"}
RESULT: {"using":"xpath","value":"//span[contains(text(), \"300003\")]"}
COMMAND: POST /session/a9ef15c056c2e43ebaea63ed65e0d12a/element/f.5C1E112C024A7E7EDD35BD5D9BF8FD55.d.8B9902CC5E3820A767D2BFCFDCBEF936.e.3645/click - {}
RESULT: {}
COMMAND: GET /session/a9ef15c056c2e43ebaea63ed65e0d12a/screenshot - {}
RESULT: {}
COMMAND: POST /session/a9ef15c056c2e43ebaea63ed65e0d12a/element - {"using":"xpath","value":"//bdi[contains(text(), \"OK\")]"}
RESULT: {"using":"xpath","value":"//bdi[contains(text(), \"OK\")]"}
COMMAND: POST /session/a9ef15c056c2e43ebaea63ed65e0d12a/element/f.5C1E112C024A7E7EDD35BD5D9BF8FD55.d.8B9902CC5E3820A767D2BFCFDCBEF936.e.3647/click - {}
RESULT: {}
COMMAND: GET /session/a9ef15c056c2e43ebaea63ed65e0d12a/screenshot - {}
RESULT: {}
COMMAND: POST /session/a9ef15c056c2e43ebaea63ed65e0d12a/execute/async - {"script":"<script> [1562 bytes]","args":[{"selector":{"id":"application-managepartners-display-component---NewPartner--intercompVendorComboBox-application-managepartners-display-component---NewPartner--assignmentsTable-0-vhi"},"wdio_ui5_key":"applicationmanagepartners-display-component---NewPartner--intercompVendorComboBox-application-managepartners-display-component---NewPartner--assignmentsTable-0-vhi"}]}
RESULT: {"script":"<script> [1562 bytes]","args":[{"selector":{"id":"application-managepartners-display-component---NewPartner--intercompVendorComboBox-application-managepartners-display-component---NewPartner--assignmentsTable-0-vhi"},"wdio_ui5_key":"applicationmanagepartners-display-component---NewPartner--intercompVendorComboBox-application-managepartners-display-component---NewPartner--assignmentsTable-0-vhi"}]}
RESULT: undefined
COMMAND: POST /session/a9ef15c056c2e43ebaea63ed65e0d12a/element - {"using":"xpath","value":"//*[@id=\"application-managepartners-display-component---NewPartner--intercompVendorComboBox-application-managepartners-display-component---NewPartner--assignmentsTable-0-vhi\"]"}
RESULT: {"using":"xpath","value":"//*[@id=\"application-managepartners-display-component---NewPartner--intercompVendorComboBox-application-managepartners-display-component---NewPartner--assignmentsTable-0-vhi\"]"}
COMMAND: POST /session/a9ef15c056c2e43ebaea63ed65e0d12a/element/f.5C1E112C024A7E7EDD35BD5D9BF8FD55.d.8B9902CC5E3820A767D2BFCFDCBEF936.e.3650/click - {}
RESULT: {}
RESULT: undefined
COMMAND: POST /session/a9ef15c056c2e43ebaea63ed65e0d12a/execute/async - {"script":"<script> [776 bytes]","args":[{"enterText":"100005","selector":{"controlType":"sap.m.SearchField","properties":{"placeholder":"Search"},"searchOpenDialogs":true,"interaction":{"idSuffix":"I"}},"clearTextFirst":true,"interactionType":"ENTER_TEXT"}]}
COMMAND: GET /session/a9ef15c056c2e43ebaea63ed65e0d12a/screenshot - {}
RESULT: {"script":"<script> [776 bytes]","args":[{"enterText":"100005","selector":{"controlType":"sap.m.SearchField","properties":{"placeholder":"Search"},"searchOpenDialogs":true,"interaction":{"idSuffix":"I"}},"clearTextFirst":true,"interactionType":"ENTER_TEXT"}]}
COMMAND: POST /session/a9ef15c056c2e43ebaea63ed65e0d12a/actions - {"actions":[{"id":"action13","type":"key","parameters":{},"actions":[{"type":"keyDown","value":""},{"type":"pause","duration":10},{"type":"keyUp","value":""}]}]}
RESULT: {}
RESULT: {"actions":[{"id":"action13","type":"key","parameters":{},"actions":[{"type":"keyDown","value":""},{"type":"pause","duration":10},{"type":"keyUp","value":""}]}]}
COMMAND: GET /session/a9ef15c056c2e43ebaea63ed65e0d12a/screenshot - {}
RESULT: {}
COMMAND: POST /session/a9ef15c056c2e43ebaea63ed65e0d12a/element - {"using":"xpath","value":"//span[contains(text(), \"Penguins - Field/12345 Berlin\")]"}
RESULT: {"using":"xpath","value":"//span[contains(text(), \"Penguins - Field/12345 Berlin\")]"}
COMMAND: POST /session/a9ef15c056c2e43ebaea63ed65e0d12a/element/f.5C1E112C024A7E7EDD35BD5D9BF8FD55.d.8B9902CC5E3820A767D2BFCFDCBEF936.e.3668/click - {}
RESULT: {}
COMMAND: GET /session/a9ef15c056c2e43ebaea63ed65e0d12a/screenshot - {}
RESULT: {}
COMMAND: POST /session/a9ef15c056c2e43ebaea63ed65e0d12a/element - {"using":"xpath","value":"//bdi[contains(text(), \"OK\")]"}
RESULT: {"using":"xpath","value":"//bdi[contains(text(), \"OK\")]"}
COMMAND: POST /session/a9ef15c056c2e43ebaea63ed65e0d12a/element/f.5C1E112C024A7E7EDD35BD5D9BF8FD55.d.8B9902CC5E3820A767D2BFCFDCBEF936.e.3669/click - {}
RESULT: {}
COMMAND: GET /session/a9ef15c056c2e43ebaea63ed65e0d12a/screenshot - {}
RESULT: {}
COMMAND: POST /session/a9ef15c056c2e43ebaea63ed65e0d12a/element - {"using":"xpath","value":"//button[@data-kt=\"saveButton\"]"}
RESULT: {"using":"xpath","value":"//button[@data-kt=\"saveButton\"]"}
COMMAND: POST /session/a9ef15c056c2e43ebaea63ed65e0d12a/element/f.5C1E112C024A7E7EDD35BD5D9BF8FD55.d.8B9902CC5E3820A767D2BFCFDCBEF936.e.3473/click - {}
RESULT: {}
COMMAND: GET /session/a9ef15c056c2e43ebaea63ed65e0d12a/screenshot - {}
RESULT: {}
COMMAND: POST /session/a9ef15c056c2e43ebaea63ed65e0d12a/element - {"using":"xpath","value":"//header[contains(@id, 'ObjectPageLayout-headerTitle')]/div[1]/div[2]/div[2]/span[1]"}
RESULT: {"using":"xpath","value":"//header[contains(@id, 'ObjectPageLayout-headerTitle')]/div[1]/div[2]/div[2]/span[1]"}
COMMAND: POST /session/a9ef15c056c2e43ebaea63ed65e0d12a/elements - {"using":"xpath","value":"//header[contains(@id, 'ObjectPageLayout-headerTitle')]/div[1]/div[2]/div[2]/span[1]"}
RESULT: {"using":"xpath","value":"//header[contains(@id, 'ObjectPageLayout-headerTitle')]/div[1]/div[2]/div[2]/span[1]"}
COMMAND: POST /session/a9ef15c056c2e43ebaea63ed65e0d12a/execute/sync - {"script":"<script> [56 bytes]","args":[{"element-6066-11e4-a52e-4f735466cecf":"f.5C1E112C024A7E7EDD35BD5D9BF8FD55.d.8B9902CC5E3820A767D2BFCFDCBEF936.e.3835","ELEMENT":"f.5C1E112C024A7E7EDD35BD5D9BF8FD55.d.8B9902CC5E3820A767D2BFCFDCBEF936.e.3835"}]}
RESULT: {"script":"<script> [56 bytes]","args":[{"element-6066-11e4-a52e-4f735466cecf":"f.5C1E112C024A7E7EDD35BD5D9BF8FD55.d.8B9902CC5E3820A767D2BFCFDCBEF936.e.3835","ELEMENT":"f.5C1E112C024A7E7EDD35BD5D9BF8FD55.d.8B9902CC5E3820A767D2BFCFDCBEF936.e.3835"}]}
COMMAND: POST /session/a9ef15c056c2e43ebaea63ed65e0d12a/element - {"using":"css selector","value":"#shell-header-logo"}
COMMAND: GET /session/a9ef15c056c2e43ebaea63ed65e0d12a/screenshot - {}
RESULT: {"using":"css selector","value":"#shell-header-logo"}
COMMAND: POST /session/a9ef15c056c2e43ebaea63ed65e0d12a/element/f.5C1E112C024A7E7EDD35BD5D9BF8FD55.d.8B9902CC5E3820A767D2BFCFDCBEF936.e.3049/click - {}
RESULT: {}
RESULT: {}
COMMAND: GET /session/a9ef15c056c2e43ebaea63ed65e0d12a/screenshot - {}
RESULT: {}
COMMAND: POST /session/a9ef15c056c2e43ebaea63ed65e0d12a/execute/sync - {"script":"<script> [299 bytes]","args":[["getModel","getResource"]]}
RESULT: {"script":"<script> [299 bytes]","args":[["getModel","getResource"]]}
]]></system-out>
    </testcase>
    <testcase classname="chrome.135_0_7049_42.windows.Edit_and_delete_daily_price_US134629_US134627" name="Should create a new site used for following tests" time="77.696">
      <system-out><![CDATA[
COMMAND: POST /session/a9ef15c056c2e43ebaea63ed65e0d12a/execute/async - {"script":"<script> [1562 bytes]","args":[{"selector":{"controlType":"sap.m.TileContent","bindingPath":{"path":"","propertyPath":"/properties/info"},"ancestor":{"controlType":"sap.m.GenericTile","properties":{"header":"Manage Sites"}}},"wdio_ui5_key":"sapm.TileContent{\"path\":\"\",\"propertyPath\":\"/properties/info\"}{\"controlType\":\"sap.m.GenericTile\",\"properties\":{\"header\":\"Manage Sites\"}}"}]}
COMMAND: GET /session/a9ef15c056c2e43ebaea63ed65e0d12a/screenshot - {}
RESULT: {"script":"<script> [1562 bytes]","args":[{"selector":{"controlType":"sap.m.TileContent","bindingPath":{"path":"","propertyPath":"/properties/info"},"ancestor":{"controlType":"sap.m.GenericTile","properties":{"header":"Manage Sites"}}},"wdio_ui5_key":"sapm.TileContent{\"path\":\"\",\"propertyPath\":\"/properties/info\"}{\"controlType\":\"sap.m.GenericTile\",\"properties\":{\"header\":\"Manage Sites\"}}"}]}
RESULT: undefined
COMMAND: POST /session/a9ef15c056c2e43ebaea63ed65e0d12a/element - {"using":"xpath","value":"//*[@id=\"__xmlview7--numericTileContent\"]"}
RESULT: {}
RESULT: {"using":"xpath","value":"//*[@id=\"__xmlview7--numericTileContent\"]"}
COMMAND: POST /session/a9ef15c056c2e43ebaea63ed65e0d12a/element/f.5C1E112C024A7E7EDD35BD5D9BF8FD55.d.8B9902CC5E3820A767D2BFCFDCBEF936.e.3837/click - {}
RESULT: {}
COMMAND: POST /session/a9ef15c056c2e43ebaea63ed65e0d12a/element - {"using":"xpath","value":"//button[@data-kt=\"addOverflowToolbarButton\"]"}
COMMAND: GET /session/a9ef15c056c2e43ebaea63ed65e0d12a/screenshot - {}
RESULT: {"using":"xpath","value":"//button[@data-kt=\"addOverflowToolbarButton\"]"}
COMMAND: POST /session/a9ef15c056c2e43ebaea63ed65e0d12a/elements - {"using":"xpath","value":"//button[@data-kt=\"addOverflowToolbarButton\"]"}
RESULT: {}
RESULT: {"using":"xpath","value":"//button[@data-kt=\"addOverflowToolbarButton\"]"}
COMMAND: POST /session/a9ef15c056c2e43ebaea63ed65e0d12a/elements - {"using":"xpath","value":"//button[@data-kt=\"addOverflowToolbarButton\"]"}
RESULT: {"using":"xpath","value":"//button[@data-kt=\"addOverflowToolbarButton\"]"}
COMMAND: POST /session/a9ef15c056c2e43ebaea63ed65e0d12a/elements - {"using":"xpath","value":"//button[@data-kt=\"addOverflowToolbarButton\"]"}
RESULT: {"using":"xpath","value":"//button[@data-kt=\"addOverflowToolbarButton\"]"}
COMMAND: POST /session/a9ef15c056c2e43ebaea63ed65e0d12a/elements - {"using":"xpath","value":"//button[@data-kt=\"addOverflowToolbarButton\"]"}
RESULT: {"using":"xpath","value":"//button[@data-kt=\"addOverflowToolbarButton\"]"}
COMMAND: POST /session/a9ef15c056c2e43ebaea63ed65e0d12a/elements - {"using":"xpath","value":"//button[@data-kt=\"addOverflowToolbarButton\"]"}
RESULT: {"using":"xpath","value":"//button[@data-kt=\"addOverflowToolbarButton\"]"}
COMMAND: POST /session/a9ef15c056c2e43ebaea63ed65e0d12a/element - {"using":"xpath","value":"//button[@data-kt=\"addOverflowToolbarButton\"]"}
RESULT: {"using":"xpath","value":"//button[@data-kt=\"addOverflowToolbarButton\"]"}
COMMAND: POST /session/a9ef15c056c2e43ebaea63ed65e0d12a/execute/sync - {"script":"<script> [8489 bytes]","args":[{"element-6066-11e4-a52e-4f735466cecf":"f.5C1E112C024A7E7EDD35BD5D9BF8FD55.d.8B9902CC5E3820A767D2BFCFDCBEF936.e.3882","ELEMENT":"f.5C1E112C024A7E7EDD35BD5D9BF8FD55.d.8B9902CC5E3820A767D2BFCFDCBEF936.e.3882"}]}
RESULT: {"script":"<script> [8489 bytes]","args":[{"element-6066-11e4-a52e-4f735466cecf":"f.5C1E112C024A7E7EDD35BD5D9BF8FD55.d.8B9902CC5E3820A767D2BFCFDCBEF936.e.3882","ELEMENT":"f.5C1E112C024A7E7EDD35BD5D9BF8FD55.d.8B9902CC5E3820A767D2BFCFDCBEF936.e.3882"}]}
COMMAND: GET /session/a9ef15c056c2e43ebaea63ed65e0d12a/element/f.5C1E112C024A7E7EDD35BD5D9BF8FD55.d.8B9902CC5E3820A767D2BFCFDCBEF936.e.3882/enabled - {}
COMMAND: GET /session/a9ef15c056c2e43ebaea63ed65e0d12a/screenshot - {}
RESULT: {}
COMMAND: POST /session/a9ef15c056c2e43ebaea63ed65e0d12a/execute/sync - {"script":"<script> [8489 bytes]","args":[{"element-6066-11e4-a52e-4f735466cecf":"f.5C1E112C024A7E7EDD35BD5D9BF8FD55.d.8B9902CC5E3820A767D2BFCFDCBEF936.e.3882","ELEMENT":"f.5C1E112C024A7E7EDD35BD5D9BF8FD55.d.8B9902CC5E3820A767D2BFCFDCBEF936.e.3882"}]}
COMMAND: GET /session/a9ef15c056c2e43ebaea63ed65e0d12a/screenshot - {}
RESULT: {}
RESULT: {"script":"<script> [8489 bytes]","args":[{"element-6066-11e4-a52e-4f735466cecf":"f.5C1E112C024A7E7EDD35BD5D9BF8FD55.d.8B9902CC5E3820A767D2BFCFDCBEF936.e.3882","ELEMENT":"f.5C1E112C024A7E7EDD35BD5D9BF8FD55.d.8B9902CC5E3820A767D2BFCFDCBEF936.e.3882"}]}
COMMAND: POST /session/a9ef15c056c2e43ebaea63ed65e0d12a/execute/sync - {"script":"<script> [5351 bytes]","args":[{"element-6066-11e4-a52e-4f735466cecf":"f.5C1E112C024A7E7EDD35BD5D9BF8FD55.d.8B9902CC5E3820A767D2BFCFDCBEF936.e.3882","ELEMENT":"f.5C1E112C024A7E7EDD35BD5D9BF8FD55.d.8B9902CC5E3820A767D2BFCFDCBEF936.e.3882"}]}
COMMAND: GET /session/a9ef15c056c2e43ebaea63ed65e0d12a/screenshot - {}
RESULT: {}
RESULT: {"script":"<script> [5351 bytes]","args":[{"element-6066-11e4-a52e-4f735466cecf":"f.5C1E112C024A7E7EDD35BD5D9BF8FD55.d.8B9902CC5E3820A767D2BFCFDCBEF936.e.3882","ELEMENT":"f.5C1E112C024A7E7EDD35BD5D9BF8FD55.d.8B9902CC5E3820A767D2BFCFDCBEF936.e.3882"}]}
COMMAND: POST /session/a9ef15c056c2e43ebaea63ed65e0d12a/element/f.5C1E112C024A7E7EDD35BD5D9BF8FD55.d.8B9902CC5E3820A767D2BFCFDCBEF936.e.3882/click - {}
COMMAND: GET /session/a9ef15c056c2e43ebaea63ed65e0d12a/screenshot - {}
RESULT: {}
RESULT: {}
COMMAND: GET /session/a9ef15c056c2e43ebaea63ed65e0d12a/screenshot - {}
RESULT: {}
RESULT: {}
COMMAND: POST /session/a9ef15c056c2e43ebaea63ed65e0d12a/execute/async - {"script":"<script> [1562 bytes]","args":[{"selector":{"id":"application-managesites-display-component---NewSite--addressDetailDetailsName1","interaction":{"idSuffix":"inner"}},"wdio_ui5_key":"applicationmanagesites-display-component---NewSite--addressDetailDetailsName1"}]}
RESULT: {"script":"<script> [1562 bytes]","args":[{"selector":{"id":"application-managesites-display-component---NewSite--addressDetailDetailsName1","interaction":{"idSuffix":"inner"}},"wdio_ui5_key":"applicationmanagesites-display-component---NewSite--addressDetailDetailsName1"}]}
RESULT: undefined
COMMAND: POST /session/a9ef15c056c2e43ebaea63ed65e0d12a/execute/async - {"script":"<script> [776 bytes]","args":[{"enterText":"DailyPrice WDIO","selector":{"id":"application-managesites-display-component---NewSite--addressDetailDetailsName1","interaction":{"idSuffix":"inner"}},"clearTextFirst":true,"interactionType":"ENTER_TEXT"}]}
RESULT: {"script":"<script> [776 bytes]","args":[{"enterText":"DailyPrice WDIO","selector":{"id":"application-managesites-display-component---NewSite--addressDetailDetailsName1","interaction":{"idSuffix":"inner"}},"clearTextFirst":true,"interactionType":"ENTER_TEXT"}]}
COMMAND: POST /session/a9ef15c056c2e43ebaea63ed65e0d12a/execute/async - {"script":"<script> [1562 bytes]","args":[{"selector":{"id":"application-managesites-display-component---NewSite--addressDetailDetailsLanguage-arrow"},"wdio_ui5_key":"applicationmanagesites-display-component---NewSite--addressDetailDetailsLanguage-arrow"}]}
RESULT: {"script":"<script> [1562 bytes]","args":[{"selector":{"id":"application-managesites-display-component---NewSite--addressDetailDetailsLanguage-arrow"},"wdio_ui5_key":"applicationmanagesites-display-component---NewSite--addressDetailDetailsLanguage-arrow"}]}
RESULT: undefined
COMMAND: POST /session/a9ef15c056c2e43ebaea63ed65e0d12a/element - {"using":"xpath","value":"//*[@id=\"application-managesites-display-component---NewSite--addressDetailDetailsLanguage-arrow\"]"}
RESULT: {"using":"xpath","value":"//*[@id=\"application-managesites-display-component---NewSite--addressDetailDetailsLanguage-arrow\"]"}
COMMAND: POST /session/a9ef15c056c2e43ebaea63ed65e0d12a/element/f.5C1E112C024A7E7EDD35BD5D9BF8FD55.d.8B9902CC5E3820A767D2BFCFDCBEF936.e.4288/click - {}
RESULT: {}
COMMAND: POST /session/a9ef15c056c2e43ebaea63ed65e0d12a/element - {"using":"xpath","value":"//span[contains(text(), \"English\")]"}
COMMAND: GET /session/a9ef15c056c2e43ebaea63ed65e0d12a/screenshot - {}
RESULT: {"using":"xpath","value":"//span[contains(text(), \"English\")]"}
COMMAND: POST /session/a9ef15c056c2e43ebaea63ed65e0d12a/element/f.5C1E112C024A7E7EDD35BD5D9BF8FD55.d.8B9902CC5E3820A767D2BFCFDCBEF936.e.4289/click - {}
RESULT: {}
RESULT: {}
COMMAND: POST /session/a9ef15c056c2e43ebaea63ed65e0d12a/execute/async - {"script":"<script> [1562 bytes]","args":[{"selector":{"id":"application-managesites-display-component---NewSite--addressDetailDetailsCity1","interaction":{"idSuffix":"inner"}},"wdio_ui5_key":"applicationmanagesites-display-component---NewSite--addressDetailDetailsCity1"}]}
COMMAND: GET /session/a9ef15c056c2e43ebaea63ed65e0d12a/screenshot - {}
RESULT: {"script":"<script> [1562 bytes]","args":[{"selector":{"id":"application-managesites-display-component---NewSite--addressDetailDetailsCity1","interaction":{"idSuffix":"inner"}},"wdio_ui5_key":"applicationmanagesites-display-component---NewSite--addressDetailDetailsCity1"}]}
RESULT: undefined
COMMAND: POST /session/a9ef15c056c2e43ebaea63ed65e0d12a/execute/async - {"script":"<script> [776 bytes]","args":[{"enterText":"Rosario","selector":{"id":"application-managesites-display-component---NewSite--addressDetailDetailsCity1","interaction":{"idSuffix":"inner"}},"clearTextFirst":true,"interactionType":"ENTER_TEXT"}]}
RESULT: {}
RESULT: {"script":"<script> [776 bytes]","args":[{"enterText":"Rosario","selector":{"id":"application-managesites-display-component---NewSite--addressDetailDetailsCity1","interaction":{"idSuffix":"inner"}},"clearTextFirst":true,"interactionType":"ENTER_TEXT"}]}
COMMAND: POST /session/a9ef15c056c2e43ebaea63ed65e0d12a/execute/async - {"script":"<script> [1562 bytes]","args":[{"selector":{"id":"application-managesites-display-component---NewSite--addressDetailDetailsCountry-arrow"},"wdio_ui5_key":"applicationmanagesites-display-component---NewSite--addressDetailDetailsCountry-arrow"}]}
RESULT: {"script":"<script> [1562 bytes]","args":[{"selector":{"id":"application-managesites-display-component---NewSite--addressDetailDetailsCountry-arrow"},"wdio_ui5_key":"applicationmanagesites-display-component---NewSite--addressDetailDetailsCountry-arrow"}]}
RESULT: undefined
COMMAND: POST /session/a9ef15c056c2e43ebaea63ed65e0d12a/element - {"using":"xpath","value":"//*[@id=\"application-managesites-display-component---NewSite--addressDetailDetailsCountry-arrow\"]"}
RESULT: {"using":"xpath","value":"//*[@id=\"application-managesites-display-component---NewSite--addressDetailDetailsCountry-arrow\"]"}
COMMAND: POST /session/a9ef15c056c2e43ebaea63ed65e0d12a/element/f.5C1E112C024A7E7EDD35BD5D9BF8FD55.d.8B9902CC5E3820A767D2BFCFDCBEF936.e.4291/click - {}
RESULT: {}
COMMAND: POST /session/a9ef15c056c2e43ebaea63ed65e0d12a/element - {"using":"xpath","value":"//span[contains(text(), \"Argentina\")]"}
COMMAND: GET /session/a9ef15c056c2e43ebaea63ed65e0d12a/screenshot - {}
RESULT: {"using":"xpath","value":"//span[contains(text(), \"Argentina\")]"}
COMMAND: POST /session/a9ef15c056c2e43ebaea63ed65e0d12a/element/f.5C1E112C024A7E7EDD35BD5D9BF8FD55.d.8B9902CC5E3820A767D2BFCFDCBEF936.e.4292/click - {}
RESULT: {}
RESULT: {}
COMMAND: GET /session/a9ef15c056c2e43ebaea63ed65e0d12a/screenshot - {}
RESULT: {}
COMMAND: POST /session/a9ef15c056c2e43ebaea63ed65e0d12a/execute/async - {"script":"<script> [1562 bytes]","args":[{"selector":{"id":"application-managesites-display-component---NewSite--addressEditDetailsCostObjectCstType-arrow"},"wdio_ui5_key":"applicationmanagesites-display-component---NewSite--addressEditDetailsCostObjectCstType-arrow"}]}
RESULT: {"script":"<script> [1562 bytes]","args":[{"selector":{"id":"application-managesites-display-component---NewSite--addressEditDetailsCostObjectCstType-arrow"},"wdio_ui5_key":"applicationmanagesites-display-component---NewSite--addressEditDetailsCostObjectCstType-arrow"}]}
RESULT: undefined
COMMAND: POST /session/a9ef15c056c2e43ebaea63ed65e0d12a/element - {"using":"xpath","value":"//*[@id=\"application-managesites-display-component---NewSite--addressEditDetailsCostObjectCstType-arrow\"]"}
RESULT: {"using":"xpath","value":"//*[@id=\"application-managesites-display-component---NewSite--addressEditDetailsCostObjectCstType-arrow\"]"}
COMMAND: POST /session/a9ef15c056c2e43ebaea63ed65e0d12a/element/f.5C1E112C024A7E7EDD35BD5D9BF8FD55.d.8B9902CC5E3820A767D2BFCFDCBEF936.e.4294/click - {}
RESULT: {}
COMMAND: POST /session/a9ef15c056c2e43ebaea63ed65e0d12a/element - {"using":"xpath","value":"//span[contains(text(), \"Cost Center\")]"}
COMMAND: GET /session/a9ef15c056c2e43ebaea63ed65e0d12a/screenshot - {}
RESULT: {"using":"xpath","value":"//span[contains(text(), \"Cost Center\")]"}
COMMAND: POST /session/a9ef15c056c2e43ebaea63ed65e0d12a/element/f.5C1E112C024A7E7EDD35BD5D9BF8FD55.d.8B9902CC5E3820A767D2BFCFDCBEF936.e.4295/click - {}
RESULT: {}
RESULT: {}
COMMAND: GET /session/a9ef15c056c2e43ebaea63ed65e0d12a/screenshot - {}
RESULT: {}
COMMAND: POST /session/a9ef15c056c2e43ebaea63ed65e0d12a/element - {"using":"xpath","value":"//span[@id=\"application-managesites-display-component---NewSite--addressNewCostObjectCstID-vhi\"]"}
RESULT: {"using":"xpath","value":"//span[@id=\"application-managesites-display-component---NewSite--addressNewCostObjectCstID-vhi\"]"}
COMMAND: POST /session/a9ef15c056c2e43ebaea63ed65e0d12a/execute/sync - {"script":"<script> [8489 bytes]","args":[{"element-6066-11e4-a52e-4f735466cecf":"f.5C1E112C024A7E7EDD35BD5D9BF8FD55.d.8B9902CC5E3820A767D2BFCFDCBEF936.e.4299","ELEMENT":"f.5C1E112C024A7E7EDD35BD5D9BF8FD55.d.8B9902CC5E3820A767D2BFCFDCBEF936.e.4299"}]}
RESULT: {"script":"<script> [8489 bytes]","args":[{"element-6066-11e4-a52e-4f735466cecf":"f.5C1E112C024A7E7EDD35BD5D9BF8FD55.d.8B9902CC5E3820A767D2BFCFDCBEF936.e.4299","ELEMENT":"f.5C1E112C024A7E7EDD35BD5D9BF8FD55.d.8B9902CC5E3820A767D2BFCFDCBEF936.e.4299"}]}
COMMAND: POST /session/a9ef15c056c2e43ebaea63ed65e0d12a/execute/async - {"script":"<script> [1562 bytes]","args":[{"selector":{"id":"application-managesites-display-component---NewSite--addressNewCostObjectCstID-vhi"},"wdio_ui5_key":"applicationmanagesites-display-component---NewSite--addressNewCostObjectCstID-vhi"}]}
COMMAND: GET /session/a9ef15c056c2e43ebaea63ed65e0d12a/screenshot - {}
RESULT: {"script":"<script> [1562 bytes]","args":[{"selector":{"id":"application-managesites-display-component---NewSite--addressNewCostObjectCstID-vhi"},"wdio_ui5_key":"applicationmanagesites-display-component---NewSite--addressNewCostObjectCstID-vhi"}]}
RESULT: undefined
COMMAND: POST /session/a9ef15c056c2e43ebaea63ed65e0d12a/element - {"using":"xpath","value":"//*[@id=\"application-managesites-display-component---NewSite--addressNewCostObjectCstID-vhi\"]"}
RESULT: {}
RESULT: {"using":"xpath","value":"//*[@id=\"application-managesites-display-component---NewSite--addressNewCostObjectCstID-vhi\"]"}
COMMAND: POST /session/a9ef15c056c2e43ebaea63ed65e0d12a/element/f.5C1E112C024A7E7EDD35BD5D9BF8FD55.d.8B9902CC5E3820A767D2BFCFDCBEF936.e.4299/click - {}
RESULT: {}
COMMAND: GET /session/a9ef15c056c2e43ebaea63ed65e0d12a/screenshot - {}
RESULT: {}
RESULT: undefined
COMMAND: POST /session/a9ef15c056c2e43ebaea63ed65e0d12a/execute/async - {"script":"<script> [776 bytes]","args":[{"enterText":"10001013","selector":{"controlType":"sap.m.SearchField","properties":{"placeholder":"Search"},"searchOpenDialogs":true,"interaction":{"idSuffix":"I"}},"clearTextFirst":true,"interactionType":"ENTER_TEXT"}]}
RESULT: {"script":"<script> [776 bytes]","args":[{"enterText":"10001013","selector":{"controlType":"sap.m.SearchField","properties":{"placeholder":"Search"},"searchOpenDialogs":true,"interaction":{"idSuffix":"I"}},"clearTextFirst":true,"interactionType":"ENTER_TEXT"}]}
COMMAND: POST /session/a9ef15c056c2e43ebaea63ed65e0d12a/actions - {"actions":[{"id":"action14","type":"key","parameters":{},"actions":[{"type":"keyDown","value":""},{"type":"pause","duration":10},{"type":"keyUp","value":""}]}]}
RESULT: {"actions":[{"id":"action14","type":"key","parameters":{},"actions":[{"type":"keyDown","value":""},{"type":"pause","duration":10},{"type":"keyUp","value":""}]}]}
COMMAND: GET /session/a9ef15c056c2e43ebaea63ed65e0d12a/screenshot - {}
RESULT: {}
COMMAND: POST /session/a9ef15c056c2e43ebaea63ed65e0d12a/element - {"using":"xpath","value":"//span[contains(text(), \"General Management\")]"}
RESULT: {"using":"xpath","value":"//span[contains(text(), \"General Management\")]"}
COMMAND: POST /session/a9ef15c056c2e43ebaea63ed65e0d12a/element/f.5C1E112C024A7E7EDD35BD5D9BF8FD55.d.8B9902CC5E3820A767D2BFCFDCBEF936.e.4339/click - {}
RESULT: {}
COMMAND: GET /session/a9ef15c056c2e43ebaea63ed65e0d12a/screenshot - {}
RESULT: {}
COMMAND: POST /session/a9ef15c056c2e43ebaea63ed65e0d12a/element - {"using":"xpath","value":"//bdi[contains(text(), \"OK\")]"}
RESULT: {"using":"xpath","value":"//bdi[contains(text(), \"OK\")]"}
COMMAND: POST /session/a9ef15c056c2e43ebaea63ed65e0d12a/element/f.5C1E112C024A7E7EDD35BD5D9BF8FD55.d.8B9902CC5E3820A767D2BFCFDCBEF936.e.4340/click - {}
RESULT: {}
COMMAND: GET /session/a9ef15c056c2e43ebaea63ed65e0d12a/screenshot - {}
RESULT: {}
COMMAND: POST /session/a9ef15c056c2e43ebaea63ed65e0d12a/element - {"using":"xpath","value":"//input[@id=\"application-managesites-display-component---NewSite--addressDetailDetailsCalendar-inner\"]"}
RESULT: {"using":"xpath","value":"//input[@id=\"application-managesites-display-component---NewSite--addressDetailDetailsCalendar-inner\"]"}
COMMAND: POST /session/a9ef15c056c2e43ebaea63ed65e0d12a/element/f.5C1E112C024A7E7EDD35BD5D9BF8FD55.d.8B9902CC5E3820A767D2BFCFDCBEF936.e.4086/clear - {}
RESULT: {}
COMMAND: POST /session/a9ef15c056c2e43ebaea63ed65e0d12a/element/f.5C1E112C024A7E7EDD35BD5D9BF8FD55.d.8B9902CC5E3820A767D2BFCFDCBEF936.e.4086/value - {"text":"Unit"}
COMMAND: GET /session/a9ef15c056c2e43ebaea63ed65e0d12a/screenshot - {}
RESULT: {"text":"Unit"}
COMMAND: GET /session/a9ef15c056c2e43ebaea63ed65e0d12a/screenshot - {}
RESULT: {}
RESULT: {}
COMMAND: POST /session/a9ef15c056c2e43ebaea63ed65e0d12a/actions - {"actions":[{"id":"action15","type":"key","parameters":{},"actions":[{"type":"keyDown","value":""},{"type":"pause","duration":10},{"type":"keyUp","value":""}]}]}
RESULT: {"actions":[{"id":"action15","type":"key","parameters":{},"actions":[{"type":"keyDown","value":""},{"type":"pause","duration":10},{"type":"keyUp","value":""}]}]}
COMMAND: POST /session/a9ef15c056c2e43ebaea63ed65e0d12a/element - {"using":"xpath","value":"//input[@id=\"application-managesites-display-component---NewSite--addressDetailDetailsYard-inner\"]"}
COMMAND: GET /session/a9ef15c056c2e43ebaea63ed65e0d12a/screenshot - {}
RESULT: {"using":"xpath","value":"//input[@id=\"application-managesites-display-component---NewSite--addressDetailDetailsYard-inner\"]"}
COMMAND: POST /session/a9ef15c056c2e43ebaea63ed65e0d12a/element/f.5C1E112C024A7E7EDD35BD5D9BF8FD55.d.8B9902CC5E3820A767D2BFCFDCBEF936.e.4087/clear - {}
RESULT: {}
RESULT: {}
COMMAND: POST /session/a9ef15c056c2e43ebaea63ed65e0d12a/element/f.5C1E112C024A7E7EDD35BD5D9BF8FD55.d.8B9902CC5E3820A767D2BFCFDCBEF936.e.4087/value - {"text":"569"}
COMMAND: GET /session/a9ef15c056c2e43ebaea63ed65e0d12a/screenshot - {}
RESULT: {"text":"569"}
COMMAND: GET /session/a9ef15c056c2e43ebaea63ed65e0d12a/screenshot - {}
RESULT: {}
RESULT: {}
COMMAND: POST /session/a9ef15c056c2e43ebaea63ed65e0d12a/element - {"using":"xpath","value":"//li[.//span[text()='569']]"}
RESULT: {"using":"xpath","value":"//li[.//span[text()='569']]"}
COMMAND: POST /session/a9ef15c056c2e43ebaea63ed65e0d12a/element/f.5C1E112C024A7E7EDD35BD5D9BF8FD55.d.8B9902CC5E3820A767D2BFCFDCBEF936.e.4348/click - {}
RESULT: {}
COMMAND: GET /session/a9ef15c056c2e43ebaea63ed65e0d12a/screenshot - {}
RESULT: {}
COMMAND: POST /session/a9ef15c056c2e43ebaea63ed65e0d12a/element - {"using":"xpath","value":"//input[@id=\"application-managesites-display-component---NewSite--addressDetailDetailsPartner-inner\"]"}
RESULT: {"using":"xpath","value":"//input[@id=\"application-managesites-display-component---NewSite--addressDetailDetailsPartner-inner\"]"}
COMMAND: POST /session/a9ef15c056c2e43ebaea63ed65e0d12a/element - {"using":"xpath","value":"//input[@id=\"application-managesites-display-component---NewSite--addressDetailDetailsPartner-inner\"]"}
RESULT: {"using":"xpath","value":"//input[@id=\"application-managesites-display-component---NewSite--addressDetailDetailsPartner-inner\"]"}
COMMAND: POST /session/a9ef15c056c2e43ebaea63ed65e0d12a/element - {"using":"xpath","value":"//button[@data-kt=\"saveButton\"]"}
RESULT: {"using":"xpath","value":"//button[@data-kt=\"saveButton\"]"}
COMMAND: POST /session/a9ef15c056c2e43ebaea63ed65e0d12a/element/f.5C1E112C024A7E7EDD35BD5D9BF8FD55.d.8B9902CC5E3820A767D2BFCFDCBEF936.e.4241/click - {}
RESULT: {}
COMMAND: GET /session/a9ef15c056c2e43ebaea63ed65e0d12a/screenshot - {}
RESULT: {}
COMMAND: POST /session/a9ef15c056c2e43ebaea63ed65e0d12a/element - {"using":"xpath","value":"//header[contains(@id, 'ObjectPageLayout-headerTitle')]/div[1]/div[2]/div[2]/span[1]"}
RESULT: {"using":"xpath","value":"//header[contains(@id, 'ObjectPageLayout-headerTitle')]/div[1]/div[2]/div[2]/span[1]"}
COMMAND: POST /session/a9ef15c056c2e43ebaea63ed65e0d12a/elements - {"using":"xpath","value":"//header[contains(@id, 'ObjectPageLayout-headerTitle')]/div[1]/div[2]/div[2]/span[1]"}
RESULT: {"using":"xpath","value":"//header[contains(@id, 'ObjectPageLayout-headerTitle')]/div[1]/div[2]/div[2]/span[1]"}
COMMAND: POST /session/a9ef15c056c2e43ebaea63ed65e0d12a/execute/sync - {"script":"<script> [56 bytes]","args":[{"element-6066-11e4-a52e-4f735466cecf":"f.5C1E112C024A7E7EDD35BD5D9BF8FD55.d.8B9902CC5E3820A767D2BFCFDCBEF936.e.4549","ELEMENT":"f.5C1E112C024A7E7EDD35BD5D9BF8FD55.d.8B9902CC5E3820A767D2BFCFDCBEF936.e.4549"}]}
RESULT: {"script":"<script> [56 bytes]","args":[{"element-6066-11e4-a52e-4f735466cecf":"f.5C1E112C024A7E7EDD35BD5D9BF8FD55.d.8B9902CC5E3820A767D2BFCFDCBEF936.e.4549","ELEMENT":"f.5C1E112C024A7E7EDD35BD5D9BF8FD55.d.8B9902CC5E3820A767D2BFCFDCBEF936.e.4549"}]}
COMMAND: POST /session/a9ef15c056c2e43ebaea63ed65e0d12a/element - {"using":"css selector","value":"#shell-header-logo"}
COMMAND: GET /session/a9ef15c056c2e43ebaea63ed65e0d12a/screenshot - {}
RESULT: {"using":"css selector","value":"#shell-header-logo"}
COMMAND: POST /session/a9ef15c056c2e43ebaea63ed65e0d12a/element/f.5C1E112C024A7E7EDD35BD5D9BF8FD55.d.8B9902CC5E3820A767D2BFCFDCBEF936.e.3840/click - {}
RESULT: {}
RESULT: {}
COMMAND: GET /session/a9ef15c056c2e43ebaea63ed65e0d12a/screenshot - {}
RESULT: {}
COMMAND: POST /session/a9ef15c056c2e43ebaea63ed65e0d12a/execute/sync - {"script":"<script> [299 bytes]","args":[["getModel","getResource"]]}
RESULT: {"script":"<script> [299 bytes]","args":[["getModel","getResource"]]}
]]></system-out>
    </testcase>
    <testcase classname="chrome.135_0_7049_42.windows.Edit_and_delete_daily_price_US134629_US134627" name="Should go to Manage Conditions Daily Price and add the 2 rows one with yard site and one with yard" time="56.868">
      <system-out><![CDATA[
COMMAND: POST /session/a9ef15c056c2e43ebaea63ed65e0d12a/window/fullscreen - {}
COMMAND: GET /session/a9ef15c056c2e43ebaea63ed65e0d12a/screenshot - {}
RESULT: {}
COMMAND: POST /session/a9ef15c056c2e43ebaea63ed65e0d12a/execute/async - {"script":"<script> [1562 bytes]","args":[{"selector":{"controlType":"sap.m.GenericTile","properties":{"header":"Manage Conditions & Prices"}},"wdio_ui5_key":"sapm.GenericTile{\"header\":\"Manage Conditions & Prices\"}"}]}
RESULT: {}
RESULT: {"script":"<script> [1562 bytes]","args":[{"selector":{"controlType":"sap.m.GenericTile","properties":{"header":"Manage Conditions & Prices"}},"wdio_ui5_key":"sapm.GenericTile{\"header\":\"Manage Conditions & Prices\"}"}]}
RESULT: undefined
COMMAND: POST /session/a9ef15c056c2e43ebaea63ed65e0d12a/element - {"using":"xpath","value":"//*[@id=\"__tile53\"]"}
RESULT: {"using":"xpath","value":"//*[@id=\"__tile53\"]"}
COMMAND: POST /session/a9ef15c056c2e43ebaea63ed65e0d12a/element/f.5C1E112C024A7E7EDD35BD5D9BF8FD55.d.8B9902CC5E3820A767D2BFCFDCBEF936.e.2993/click - {}
RESULT: {}
COMMAND: POST /session/a9ef15c056c2e43ebaea63ed65e0d12a/element - {"using":"xpath","value":"//button[@aria-label=\"Create\"]"}
COMMAND: GET /session/a9ef15c056c2e43ebaea63ed65e0d12a/screenshot - {}
RESULT: {}
RESULT: {"using":"xpath","value":"//button[@aria-label=\"Create\"]"}
COMMAND: POST /session/a9ef15c056c2e43ebaea63ed65e0d12a/elements - {"using":"xpath","value":"//button[@aria-label=\"Create\"]"}
RESULT: {"using":"xpath","value":"//button[@aria-label=\"Create\"]"}
COMMAND: POST /session/a9ef15c056c2e43ebaea63ed65e0d12a/elements - {"using":"xpath","value":"//button[@aria-label=\"Create\"]"}
RESULT: {"using":"xpath","value":"//button[@aria-label=\"Create\"]"}
COMMAND: POST /session/a9ef15c056c2e43ebaea63ed65e0d12a/elements - {"using":"xpath","value":"//button[@aria-label=\"Create\"]"}
RESULT: {"using":"xpath","value":"//button[@aria-label=\"Create\"]"}
COMMAND: POST /session/a9ef15c056c2e43ebaea63ed65e0d12a/elements - {"using":"xpath","value":"//button[@aria-label=\"Create\"]"}
RESULT: {"using":"xpath","value":"//button[@aria-label=\"Create\"]"}
COMMAND: POST /session/a9ef15c056c2e43ebaea63ed65e0d12a/elements - {"using":"xpath","value":"//button[@aria-label=\"Create\"]"}
RESULT: {"using":"xpath","value":"//button[@aria-label=\"Create\"]"}
COMMAND: POST /session/a9ef15c056c2e43ebaea63ed65e0d12a/elements - {"using":"xpath","value":"//button[@aria-label=\"Create\"]"}
RESULT: {"using":"xpath","value":"//button[@aria-label=\"Create\"]"}
COMMAND: POST /session/a9ef15c056c2e43ebaea63ed65e0d12a/elements - {"using":"xpath","value":"//button[@aria-label=\"Create\"]"}
RESULT: {"using":"xpath","value":"//button[@aria-label=\"Create\"]"}
COMMAND: POST /session/a9ef15c056c2e43ebaea63ed65e0d12a/elements - {"using":"xpath","value":"//button[@aria-label=\"Create\"]"}
RESULT: {"using":"xpath","value":"//button[@aria-label=\"Create\"]"}
COMMAND: POST /session/a9ef15c056c2e43ebaea63ed65e0d12a/elements - {"using":"xpath","value":"//button[@aria-label=\"Create\"]"}
RESULT: {"using":"xpath","value":"//button[@aria-label=\"Create\"]"}
COMMAND: POST /session/a9ef15c056c2e43ebaea63ed65e0d12a/elements - {"using":"xpath","value":"//button[@aria-label=\"Create\"]"}
RESULT: {"using":"xpath","value":"//button[@aria-label=\"Create\"]"}
COMMAND: POST /session/a9ef15c056c2e43ebaea63ed65e0d12a/element - {"using":"xpath","value":"//button[@aria-label=\"Create\"]"}
RESULT: {"using":"xpath","value":"//button[@aria-label=\"Create\"]"}
COMMAND: POST /session/a9ef15c056c2e43ebaea63ed65e0d12a/element/f.5C1E112C024A7E7EDD35BD5D9BF8FD55.d.8B9902CC5E3820A767D2BFCFDCBEF936.e.4580/click - {}
RESULT: {}
COMMAND: GET /session/a9ef15c056c2e43ebaea63ed65e0d12a/screenshot - {}
RESULT: {}
COMMAND: POST /session/a9ef15c056c2e43ebaea63ed65e0d12a/actions - {"actions":[{"id":"action16","type":"key","parameters":{},"actions":[{"type":"keyDown","value":""},{"type":"pause","duration":10},{"type":"keyUp","value":""}]}]}
RESULT: {"actions":[{"id":"action16","type":"key","parameters":{},"actions":[{"type":"keyDown","value":""},{"type":"pause","duration":10},{"type":"keyUp","value":""}]}]}
COMMAND: POST /session/a9ef15c056c2e43ebaea63ed65e0d12a/actions - {"actions":[{"id":"action17","type":"key","parameters":{},"actions":[{"type":"keyDown","value":""},{"type":"pause","duration":10},{"type":"keyUp","value":""}]}]}
COMMAND: GET /session/a9ef15c056c2e43ebaea63ed65e0d12a/screenshot - {}
RESULT: {"actions":[{"id":"action17","type":"key","parameters":{},"actions":[{"type":"keyDown","value":""},{"type":"pause","duration":10},{"type":"keyUp","value":""}]}]}
COMMAND: POST /session/a9ef15c056c2e43ebaea63ed65e0d12a/execute/async - {"script":"<script> [1562 bytes]","args":[{"selector":{"controlType":"sap.m.Title","viewName":"etm.portal.ui.manageconditionprice.view.DailyPrices","viewId":"application-manageconditionprice-display-component---dailyPrices","i18NText":{"propertyName":"text","key":"dailyPrices"}},"wdio_ui5_key":"etmportal.ui.manageconditionprice.view.DailyPricessap.m.Title{\"propertyName\":\"text\",\"key\":\"dailyPrices\"}"}]}
COMMAND: GET /session/a9ef15c056c2e43ebaea63ed65e0d12a/screenshot - {}
RESULT: {}
RESULT: {"script":"<script> [1562 bytes]","args":[{"selector":{"controlType":"sap.m.Title","viewName":"etm.portal.ui.manageconditionprice.view.DailyPrices","viewId":"application-manageconditionprice-display-component---dailyPrices","i18NText":{"propertyName":"text","key":"dailyPrices"}},"wdio_ui5_key":"etmportal.ui.manageconditionprice.view.DailyPricessap.m.Title{\"propertyName\":\"text\",\"key\":\"dailyPrices\"}"}]}
RESULT: undefined
COMMAND: POST /session/a9ef15c056c2e43ebaea63ed65e0d12a/execute/async - {"script":"<script> [6424 bytes]","args":[{"element-6066-11e4-a52e-4f735466cecf":"f.5C1E112C024A7E7EDD35BD5D9BF8FD55.d.8B9902CC5E3820A767D2BFCFDCBEF936.e.4955"},"getText",[]]}
RESULT: {}
RESULT: {"script":"<script> [6424 bytes]","args":[{"element-6066-11e4-a52e-4f735466cecf":"f.5C1E112C024A7E7EDD35BD5D9BF8FD55.d.8B9902CC5E3820A767D2BFCFDCBEF936.e.4955"},"getText",[]]}
COMMAND: POST /session/a9ef15c056c2e43ebaea63ed65e0d12a/execute/async - {"script":"<script> [1562 bytes]","args":[{"selector":{"id":"application-manageconditionprice-display-component---dailyPrices--condBillCond","interaction":{"idSuffix":"inner"}},"wdio_ui5_key":"applicationmanageconditionprice-display-component---dailyPrices--condBillCond"}]}
RESULT: {"script":"<script> [1562 bytes]","args":[{"selector":{"id":"application-manageconditionprice-display-component---dailyPrices--condBillCond","interaction":{"idSuffix":"inner"}},"wdio_ui5_key":"applicationmanageconditionprice-display-component---dailyPrices--condBillCond"}]}
RESULT: undefined
COMMAND: POST /session/a9ef15c056c2e43ebaea63ed65e0d12a/execute/async - {"script":"<script> [776 bytes]","args":[{"enterText":"Residual Value %","selector":{"id":"application-manageconditionprice-display-component---dailyPrices--condBillCond","interaction":{"idSuffix":"inner"}},"clearTextFirst":true,"interactionType":"ENTER_TEXT"}]}
RESULT: {"script":"<script> [776 bytes]","args":[{"enterText":"Residual Value %","selector":{"id":"application-manageconditionprice-display-component---dailyPrices--condBillCond","interaction":{"idSuffix":"inner"}},"clearTextFirst":true,"interactionType":"ENTER_TEXT"}]}
COMMAND: POST /session/a9ef15c056c2e43ebaea63ed65e0d12a/execute/async - {"script":"<script> [1562 bytes]","args":[{"selector":{"controlType":"sap.m.StandardListItem","viewName":"etm.portal.ui.manageconditionprice.view.DailyPrices","viewId":"application-manageconditionprice-display-component---dailyPrices","properties":{"type":"Active"},"searchOpenDialogs":true,"interaction":{"idSuffix":"titleText"}},"wdio_ui5_key":"etmportal.ui.manageconditionprice.view.DailyPricessap.m.StandardListItem{\"type\":\"Active\"}"}]}
RESULT: {"script":"<script> [1562 bytes]","args":[{"selector":{"controlType":"sap.m.StandardListItem","viewName":"etm.portal.ui.manageconditionprice.view.DailyPrices","viewId":"application-manageconditionprice-display-component---dailyPrices","properties":{"type":"Active"},"searchOpenDialogs":true,"interaction":{"idSuffix":"titleText"}},"wdio_ui5_key":"etmportal.ui.manageconditionprice.view.DailyPricessap.m.StandardListItem{\"type\":\"Active\"}"}]}
RESULT: undefined
COMMAND: POST /session/a9ef15c056c2e43ebaea63ed65e0d12a/element - {"using":"xpath","value":"//*[@id=\"__item1276\"]"}
RESULT: {"using":"xpath","value":"//*[@id=\"__item1276\"]"}
COMMAND: POST /session/a9ef15c056c2e43ebaea63ed65e0d12a/element/f.5C1E112C024A7E7EDD35BD5D9BF8FD55.d.8B9902CC5E3820A767D2BFCFDCBEF936.e.4975/click - {}
RESULT: {}
COMMAND: POST /session/a9ef15c056c2e43ebaea63ed65e0d12a/execute/async - {"script":"<script> [1562 bytes]","args":[{"selector":{"id":"application-manageconditionprice-display-component---dailyPrices--editBtn","interaction":{"idSuffix":"BDI-content"}},"wdio_ui5_key":"applicationmanageconditionprice-display-component---dailyPrices--editBtn"}]}
COMMAND: GET /session/a9ef15c056c2e43ebaea63ed65e0d12a/screenshot - {}
RESULT: {"script":"<script> [1562 bytes]","args":[{"selector":{"id":"application-manageconditionprice-display-component---dailyPrices--editBtn","interaction":{"idSuffix":"BDI-content"}},"wdio_ui5_key":"applicationmanageconditionprice-display-component---dailyPrices--editBtn"}]}
RESULT: undefined
COMMAND: POST /session/a9ef15c056c2e43ebaea63ed65e0d12a/element - {"using":"xpath","value":"//*[@id=\"application-manageconditionprice-display-component---dailyPrices--editBtn\"]"}
RESULT: {}
RESULT: {"using":"xpath","value":"//*[@id=\"application-manageconditionprice-display-component---dailyPrices--editBtn\"]"}
COMMAND: POST /session/a9ef15c056c2e43ebaea63ed65e0d12a/element/f.5C1E112C024A7E7EDD35BD5D9BF8FD55.d.8B9902CC5E3820A767D2BFCFDCBEF936.e.4957/click - {}
RESULT: {}
COMMAND: POST /session/a9ef15c056c2e43ebaea63ed65e0d12a/execute/async - {"script":"<script> [1562 bytes]","args":[{"selector":{"controlType":"sap.m.Button","viewName":"etm.portal.ui.manageconditionprice.view.DailyPrices","viewId":"application-manageconditionprice-display-component---dailyPrices","i18NText":{"propertyName":"text","key":"add"},"interaction":{"idSuffix":"BDI-content"}},"wdio_ui5_key":"etmportal.ui.manageconditionprice.view.DailyPricessap.m.Button{\"propertyName\":\"text\",\"key\":\"add\"}"}]}
COMMAND: GET /session/a9ef15c056c2e43ebaea63ed65e0d12a/screenshot - {}
RESULT: {"script":"<script> [1562 bytes]","args":[{"selector":{"controlType":"sap.m.Button","viewName":"etm.portal.ui.manageconditionprice.view.DailyPrices","viewId":"application-manageconditionprice-display-component---dailyPrices","i18NText":{"propertyName":"text","key":"add"},"interaction":{"idSuffix":"BDI-content"}},"wdio_ui5_key":"etmportal.ui.manageconditionprice.view.DailyPricessap.m.Button{\"propertyName\":\"text\",\"key\":\"add\"}"}]}
RESULT: undefined
COMMAND: POST /session/a9ef15c056c2e43ebaea63ed65e0d12a/element - {"using":"xpath","value":"//*[@id=\"__button113\"]"}
RESULT: {}
RESULT: {"using":"xpath","value":"//*[@id=\"__button113\"]"}
COMMAND: POST /session/a9ef15c056c2e43ebaea63ed65e0d12a/element/f.5C1E112C024A7E7EDD35BD5D9BF8FD55.d.8B9902CC5E3820A767D2BFCFDCBEF936.e.5010/click - {}
RESULT: {}
COMMAND: POST /session/a9ef15c056c2e43ebaea63ed65e0d12a/elements - {"using":"css selector","value":"table tr"}
COMMAND: GET /session/a9ef15c056c2e43ebaea63ed65e0d12a/screenshot - {}
RESULT: {"using":"css selector","value":"table tr"}
COMMAND: POST /session/a9ef15c056c2e43ebaea63ed65e0d12a/element/f.5C1E112C024A7E7EDD35BD5D9BF8FD55.d.8B9902CC5E3820A767D2BFCFDCBEF936.e.5211/elements - {"using":"css selector","value":"input"}
RESULT: {}
RESULT: {"using":"css selector","value":"input"}
COMMAND: POST /session/a9ef15c056c2e43ebaea63ed65e0d12a/element/f.5C1E112C024A7E7EDD35BD5D9BF8FD55.d.8B9902CC5E3820A767D2BFCFDCBEF936.e.5214/clear - {}
COMMAND: POST /session/a9ef15c056c2e43ebaea63ed65e0d12a/element/f.5C1E112C024A7E7EDD35BD5D9BF8FD55.d.8B9902CC5E3820A767D2BFCFDCBEF936.e.5212/clear - {}
COMMAND: POST /session/a9ef15c056c2e43ebaea63ed65e0d12a/element/f.5C1E112C024A7E7EDD35BD5D9BF8FD55.d.8B9902CC5E3820A767D2BFCFDCBEF936.e.5215/clear - {}
COMMAND: POST /session/a9ef15c056c2e43ebaea63ed65e0d12a/element/f.5C1E112C024A7E7EDD35BD5D9BF8FD55.d.8B9902CC5E3820A767D2BFCFDCBEF936.e.5213/clear - {}
COMMAND: POST /session/a9ef15c056c2e43ebaea63ed65e0d12a/element/f.5C1E112C024A7E7EDD35BD5D9BF8FD55.d.8B9902CC5E3820A767D2BFCFDCBEF936.e.5211/elements - {"using":"css selector","value":"td"}
RESULT: {}
COMMAND: POST /session/a9ef15c056c2e43ebaea63ed65e0d12a/element/f.5C1E112C024A7E7EDD35BD5D9BF8FD55.d.8B9902CC5E3820A767D2BFCFDCBEF936.e.5214/value - {"text":"705.60"}
COMMAND: GET /session/a9ef15c056c2e43ebaea63ed65e0d12a/screenshot - {}
RESULT: {}
COMMAND: POST /session/a9ef15c056c2e43ebaea63ed65e0d12a/element/f.5C1E112C024A7E7EDD35BD5D9BF8FD55.d.8B9902CC5E3820A767D2BFCFDCBEF936.e.5212/value - {"text":"04/18/25"}
COMMAND: GET /session/a9ef15c056c2e43ebaea63ed65e0d12a/screenshot - {}
RESULT: {}
COMMAND: POST /session/a9ef15c056c2e43ebaea63ed65e0d12a/element/f.5C1E112C024A7E7EDD35BD5D9BF8FD55.d.8B9902CC5E3820A767D2BFCFDCBEF936.e.5215/value - {"text":"Euro"}
COMMAND: GET /session/a9ef15c056c2e43ebaea63ed65e0d12a/screenshot - {}
RESULT: {}
COMMAND: POST /session/a9ef15c056c2e43ebaea63ed65e0d12a/element/f.5C1E112C024A7E7EDD35BD5D9BF8FD55.d.8B9902CC5E3820A767D2BFCFDCBEF936.e.5213/value - {"text":"09/18/25"}
COMMAND: GET /session/a9ef15c056c2e43ebaea63ed65e0d12a/screenshot - {}
RESULT: {"using":"css selector","value":"td"}
COMMAND: POST /session/a9ef15c056c2e43ebaea63ed65e0d12a/element - {"using":"xpath","value":".//li[contains(., \"2384\") and not(.//li)]"}
COMMAND: POST /session/a9ef15c056c2e43ebaea63ed65e0d12a/element/f.5C1E112C024A7E7EDD35BD5D9BF8FD55.d.8B9902CC5E3820A767D2BFCFDCBEF936.e.5233/element - {"using":"css selector","value":"input"}
COMMAND: POST /session/a9ef15c056c2e43ebaea63ed65e0d12a/element/f.5C1E112C024A7E7EDD35BD5D9BF8FD55.d.8B9902CC5E3820A767D2BFCFDCBEF936.e.5233/element - {"using":"css selector","value":"input"}
RESULT: {"text":"705.60"}
COMMAND: GET /session/a9ef15c056c2e43ebaea63ed65e0d12a/screenshot - {}
RESULT: {}
RESULT: {"text":"04/18/25"}
COMMAND: GET /session/a9ef15c056c2e43ebaea63ed65e0d12a/screenshot - {}
RESULT: {}
RESULT: {"text":"Euro"}
COMMAND: GET /session/a9ef15c056c2e43ebaea63ed65e0d12a/screenshot - {}
RESULT: {}
RESULT: {"text":"09/18/25"}
COMMAND: GET /session/a9ef15c056c2e43ebaea63ed65e0d12a/screenshot - {}
RESULT: {}
RESULT: {"using":"css selector","value":"input"}
COMMAND: POST /session/a9ef15c056c2e43ebaea63ed65e0d12a/element/f.5C1E112C024A7E7EDD35BD5D9BF8FD55.d.8B9902CC5E3820A767D2BFCFDCBEF936.e.5216/click - {}
RESULT: {"using":"css selector","value":"input"}
COMMAND: POST /session/a9ef15c056c2e43ebaea63ed65e0d12a/element/f.5C1E112C024A7E7EDD35BD5D9BF8FD55.d.8B9902CC5E3820A767D2BFCFDCBEF936.e.5216/clear - {}
RESULT: {"using":"xpath","value":".//li[contains(., \"2384\") and not(.//li)]"}
RESULT: {}
RESULT: {}
RESULT: {}
RESULT: {}
RESULT: {}
COMMAND: GET /session/a9ef15c056c2e43ebaea63ed65e0d12a/screenshot - {}
RESULT: {}
COMMAND: POST /session/a9ef15c056c2e43ebaea63ed65e0d12a/element/f.5C1E112C024A7E7EDD35BD5D9BF8FD55.d.8B9902CC5E3820A767D2BFCFDCBEF936.e.5216/value - {"text":"2384"}
COMMAND: GET /session/a9ef15c056c2e43ebaea63ed65e0d12a/screenshot - {}
COMMAND: POST /session/a9ef15c056c2e43ebaea63ed65e0d12a/elements - {"using":"xpath","value":".//li[contains(., \"2384\") and not(.//li)]"}
RESULT: {}
RESULT: {"text":"2384"}
COMMAND: GET /session/a9ef15c056c2e43ebaea63ed65e0d12a/screenshot - {}
RESULT: {}
RESULT: {"using":"xpath","value":".//li[contains(., \"2384\") and not(.//li)]"}
COMMAND: POST /session/a9ef15c056c2e43ebaea63ed65e0d12a/element - {"using":"xpath","value":".//li[contains(., \"2384\") and not(.//li)]"}
RESULT: {}
RESULT: {"using":"xpath","value":".//li[contains(., \"2384\") and not(.//li)]"}
COMMAND: POST /session/a9ef15c056c2e43ebaea63ed65e0d12a/element/f.5C1E112C024A7E7EDD35BD5D9BF8FD55.d.8B9902CC5E3820A767D2BFCFDCBEF936.e.5241/click - {}
RESULT: {}
COMMAND: POST /session/a9ef15c056c2e43ebaea63ed65e0d12a/element - {"using":"xpath","value":".//li[contains(., \"569\") and not(.//li)]"}
COMMAND: POST /session/a9ef15c056c2e43ebaea63ed65e0d12a/element/f.5C1E112C024A7E7EDD35BD5D9BF8FD55.d.8B9902CC5E3820A767D2BFCFDCBEF936.e.5234/element - {"using":"css selector","value":"input"}
COMMAND: POST /session/a9ef15c056c2e43ebaea63ed65e0d12a/element/f.5C1E112C024A7E7EDD35BD5D9BF8FD55.d.8B9902CC5E3820A767D2BFCFDCBEF936.e.5234/element - {"using":"css selector","value":"input"}
COMMAND: GET /session/a9ef15c056c2e43ebaea63ed65e0d12a/screenshot - {}
RESULT: {}
RESULT: {"using":"css selector","value":"input"}
COMMAND: POST /session/a9ef15c056c2e43ebaea63ed65e0d12a/element/f.5C1E112C024A7E7EDD35BD5D9BF8FD55.d.8B9902CC5E3820A767D2BFCFDCBEF936.e.5217/click - {}
RESULT: {"using":"css selector","value":"input"}
COMMAND: POST /session/a9ef15c056c2e43ebaea63ed65e0d12a/element/f.5C1E112C024A7E7EDD35BD5D9BF8FD55.d.8B9902CC5E3820A767D2BFCFDCBEF936.e.5217/clear - {}
RESULT: {"using":"xpath","value":".//li[contains(., \"569\") and not(.//li)]"}
RESULT: {}
COMMAND: GET /session/a9ef15c056c2e43ebaea63ed65e0d12a/screenshot - {}
RESULT: {}
COMMAND: POST /session/a9ef15c056c2e43ebaea63ed65e0d12a/element/f.5C1E112C024A7E7EDD35BD5D9BF8FD55.d.8B9902CC5E3820A767D2BFCFDCBEF936.e.5217/value - {"text":"569"}
COMMAND: GET /session/a9ef15c056c2e43ebaea63ed65e0d12a/screenshot - {}
RESULT: {}
RESULT: {"text":"569"}
COMMAND: GET /session/a9ef15c056c2e43ebaea63ed65e0d12a/screenshot - {}
RESULT: {}
COMMAND: POST /session/a9ef15c056c2e43ebaea63ed65e0d12a/elements - {"using":"xpath","value":".//li[contains(., \"569\") and not(.//li)]"}
RESULT: {}
RESULT: {"using":"xpath","value":".//li[contains(., \"569\") and not(.//li)]"}
COMMAND: POST /session/a9ef15c056c2e43ebaea63ed65e0d12a/element - {"using":"xpath","value":".//li[contains(., \"569\") and not(.//li)]"}
RESULT: {"using":"xpath","value":".//li[contains(., \"569\") and not(.//li)]"}
COMMAND: POST /session/a9ef15c056c2e43ebaea63ed65e0d12a/element/f.5C1E112C024A7E7EDD35BD5D9BF8FD55.d.8B9902CC5E3820A767D2BFCFDCBEF936.e.5242/click - {}
RESULT: {}
RESULT: undefined
COMMAND: POST /session/a9ef15c056c2e43ebaea63ed65e0d12a/element - {"using":"xpath","value":"//*[@id=\"__button113\"]"}
COMMAND: GET /session/a9ef15c056c2e43ebaea63ed65e0d12a/screenshot - {}
RESULT: {}
RESULT: {"using":"xpath","value":"//*[@id=\"__button113\"]"}
COMMAND: POST /session/a9ef15c056c2e43ebaea63ed65e0d12a/element/f.5C1E112C024A7E7EDD35BD5D9BF8FD55.d.8B9902CC5E3820A767D2BFCFDCBEF936.e.5010/click - {}
RESULT: {}
COMMAND: POST /session/a9ef15c056c2e43ebaea63ed65e0d12a/elements - {"using":"css selector","value":"table tr"}
COMMAND: GET /session/a9ef15c056c2e43ebaea63ed65e0d12a/screenshot - {}
RESULT: {"using":"css selector","value":"table tr"}
COMMAND: POST /session/a9ef15c056c2e43ebaea63ed65e0d12a/element/f.5C1E112C024A7E7EDD35BD5D9BF8FD55.d.8B9902CC5E3820A767D2BFCFDCBEF936.e.5244/elements - {"using":"css selector","value":"input"}
RESULT: {}
RESULT: {"using":"css selector","value":"input"}
COMMAND: POST /session/a9ef15c056c2e43ebaea63ed65e0d12a/element/f.5C1E112C024A7E7EDD35BD5D9BF8FD55.d.8B9902CC5E3820A767D2BFCFDCBEF936.e.5247/clear - {}
COMMAND: POST /session/a9ef15c056c2e43ebaea63ed65e0d12a/element/f.5C1E112C024A7E7EDD35BD5D9BF8FD55.d.8B9902CC5E3820A767D2BFCFDCBEF936.e.5245/clear - {}
COMMAND: POST /session/a9ef15c056c2e43ebaea63ed65e0d12a/element/f.5C1E112C024A7E7EDD35BD5D9BF8FD55.d.8B9902CC5E3820A767D2BFCFDCBEF936.e.5248/clear - {}
COMMAND: POST /session/a9ef15c056c2e43ebaea63ed65e0d12a/element/f.5C1E112C024A7E7EDD35BD5D9BF8FD55.d.8B9902CC5E3820A767D2BFCFDCBEF936.e.5246/clear - {}
COMMAND: POST /session/a9ef15c056c2e43ebaea63ed65e0d12a/element/f.5C1E112C024A7E7EDD35BD5D9BF8FD55.d.8B9902CC5E3820A767D2BFCFDCBEF936.e.5244/elements - {"using":"css selector","value":"td"}
RESULT: {"using":"css selector","value":"td"}
COMMAND: POST /session/a9ef15c056c2e43ebaea63ed65e0d12a/element - {"using":"xpath","value":"(//li[div//span[contains(text(), '2384')]])[2]"}
COMMAND: POST /session/a9ef15c056c2e43ebaea63ed65e0d12a/element/f.5C1E112C024A7E7EDD35BD5D9BF8FD55.d.8B9902CC5E3820A767D2BFCFDCBEF936.e.5266/element - {"using":"css selector","value":"input"}
COMMAND: POST /session/a9ef15c056c2e43ebaea63ed65e0d12a/element/f.5C1E112C024A7E7EDD35BD5D9BF8FD55.d.8B9902CC5E3820A767D2BFCFDCBEF936.e.5266/element - {"using":"css selector","value":"input"}
RESULT: {}
COMMAND: POST /session/a9ef15c056c2e43ebaea63ed65e0d12a/element/f.5C1E112C024A7E7EDD35BD5D9BF8FD55.d.8B9902CC5E3820A767D2BFCFDCBEF936.e.5246/value - {"text":"09/18/25"}
COMMAND: GET /session/a9ef15c056c2e43ebaea63ed65e0d12a/screenshot - {}
RESULT: {}
COMMAND: POST /session/a9ef15c056c2e43ebaea63ed65e0d12a/element/f.5C1E112C024A7E7EDD35BD5D9BF8FD55.d.8B9902CC5E3820A767D2BFCFDCBEF936.e.5248/value - {"text":"US Dollar"}
COMMAND: GET /session/a9ef15c056c2e43ebaea63ed65e0d12a/screenshot - {}
RESULT: {}
COMMAND: POST /session/a9ef15c056c2e43ebaea63ed65e0d12a/element/f.5C1E112C024A7E7EDD35BD5D9BF8FD55.d.8B9902CC5E3820A767D2BFCFDCBEF936.e.5245/value - {"text":"04/18/25"}
COMMAND: GET /session/a9ef15c056c2e43ebaea63ed65e0d12a/screenshot - {}
RESULT: {}
COMMAND: POST /session/a9ef15c056c2e43ebaea63ed65e0d12a/element/f.5C1E112C024A7E7EDD35BD5D9BF8FD55.d.8B9902CC5E3820A767D2BFCFDCBEF936.e.5247/value - {"text":"99.5"}
COMMAND: GET /session/a9ef15c056c2e43ebaea63ed65e0d12a/screenshot - {}
RESULT: {"using":"xpath","value":"(//li[div//span[contains(text(), '2384')]])[2]"}
RESULT: {"using":"css selector","value":"input"}
COMMAND: POST /session/a9ef15c056c2e43ebaea63ed65e0d12a/element/f.5C1E112C024A7E7EDD35BD5D9BF8FD55.d.8B9902CC5E3820A767D2BFCFDCBEF936.e.5249/click - {}
RESULT: {"using":"css selector","value":"input"}
COMMAND: POST /session/a9ef15c056c2e43ebaea63ed65e0d12a/element/f.5C1E112C024A7E7EDD35BD5D9BF8FD55.d.8B9902CC5E3820A767D2BFCFDCBEF936.e.5249/clear - {}
RESULT: {"text":"09/18/25"}
COMMAND: GET /session/a9ef15c056c2e43ebaea63ed65e0d12a/screenshot - {}
RESULT: {}
COMMAND: POST /session/a9ef15c056c2e43ebaea63ed65e0d12a/elements - {"using":"xpath","value":"(//li[div//span[contains(text(), '2384')]])[2]"}
RESULT: {"text":"US Dollar"}
COMMAND: GET /session/a9ef15c056c2e43ebaea63ed65e0d12a/screenshot - {}
RESULT: {}
RESULT: {"text":"04/18/25"}
COMMAND: GET /session/a9ef15c056c2e43ebaea63ed65e0d12a/screenshot - {}
RESULT: {}
RESULT: {"text":"99.5"}
COMMAND: GET /session/a9ef15c056c2e43ebaea63ed65e0d12a/screenshot - {}
RESULT: {}
RESULT: {}
COMMAND: GET /session/a9ef15c056c2e43ebaea63ed65e0d12a/screenshot - {}
RESULT: {}
COMMAND: POST /session/a9ef15c056c2e43ebaea63ed65e0d12a/element/f.5C1E112C024A7E7EDD35BD5D9BF8FD55.d.8B9902CC5E3820A767D2BFCFDCBEF936.e.5249/value - {"text":"2384"}
COMMAND: GET /session/a9ef15c056c2e43ebaea63ed65e0d12a/screenshot - {}
RESULT: {}
RESULT: {"using":"xpath","value":"(//li[div//span[contains(text(), '2384')]])[2]"}
COMMAND: POST /session/a9ef15c056c2e43ebaea63ed65e0d12a/elements - {"using":"xpath","value":"(//li[div//span[contains(text(), '2384')]])[2]"}
RESULT: {}
RESULT: {}
RESULT: {}
RESULT: {}
RESULT: {"text":"2384"}
COMMAND: GET /session/a9ef15c056c2e43ebaea63ed65e0d12a/screenshot - {}
RESULT: {}
RESULT: {"using":"xpath","value":"(//li[div//span[contains(text(), '2384')]])[2]"}
COMMAND: POST /session/a9ef15c056c2e43ebaea63ed65e0d12a/elements - {"using":"xpath","value":"(//li[div//span[contains(text(), '2384')]])[2]"}
RESULT: {}
RESULT: {"using":"xpath","value":"(//li[div//span[contains(text(), '2384')]])[2]"}
COMMAND: POST /session/a9ef15c056c2e43ebaea63ed65e0d12a/element - {"using":"xpath","value":"(//li[div//span[contains(text(), '2384')]])[2]"}
RESULT: {"using":"xpath","value":"(//li[div//span[contains(text(), '2384')]])[2]"}
COMMAND: POST /session/a9ef15c056c2e43ebaea63ed65e0d12a/element/f.5C1E112C024A7E7EDD35BD5D9BF8FD55.d.8B9902CC5E3820A767D2BFCFDCBEF936.e.5272/click - {}
RESULT: {}
COMMAND: POST /session/a9ef15c056c2e43ebaea63ed65e0d12a/execute/async - {"script":"<script> [1562 bytes]","args":[{"selector":{"controlType":"sap.m.Button","viewName":"etm.portal.ui.manageconditionprice.view.DailyPrices","viewId":"application-manageconditionprice-display-component---dailyPrices","i18NText":{"propertyName":"tooltip","key":"save"},"interaction":{"idSuffix":"BDI-content"}},"wdio_ui5_key":"etmportal.ui.manageconditionprice.view.DailyPricessap.m.Button{\"propertyName\":\"tooltip\",\"key\":\"save\"}"}]}
COMMAND: GET /session/a9ef15c056c2e43ebaea63ed65e0d12a/screenshot - {}
RESULT: {"script":"<script> [1562 bytes]","args":[{"selector":{"controlType":"sap.m.Button","viewName":"etm.portal.ui.manageconditionprice.view.DailyPrices","viewId":"application-manageconditionprice-display-component---dailyPrices","i18NText":{"propertyName":"tooltip","key":"save"},"interaction":{"idSuffix":"BDI-content"}},"wdio_ui5_key":"etmportal.ui.manageconditionprice.view.DailyPricessap.m.Button{\"propertyName\":\"tooltip\",\"key\":\"save\"}"}]}
RESULT: undefined
COMMAND: POST /session/a9ef15c056c2e43ebaea63ed65e0d12a/element - {"using":"xpath","value":"//*[@id=\"__button115\"]"}
RESULT: {}
RESULT: {"using":"xpath","value":"//*[@id=\"__button115\"]"}
COMMAND: POST /session/a9ef15c056c2e43ebaea63ed65e0d12a/element/f.5C1E112C024A7E7EDD35BD5D9BF8FD55.d.8B9902CC5E3820A767D2BFCFDCBEF936.e.4977/click - {}
RESULT: {}
COMMAND: GET /session/a9ef15c056c2e43ebaea63ed65e0d12a/screenshot - {}
RESULT: {}
]]></system-out>
    </testcase>
    <testcase classname="chrome.135_0_7049_42.windows.Edit_and_delete_daily_price_US134629_US134627" name="Should check whether the 2 rows have been added then edit one of the rows s currency and value and save and check the edited values" time="11.988">
      <system-out><![CDATA[
COMMAND: POST /session/a9ef15c056c2e43ebaea63ed65e0d12a/elements - {"using":"css selector","value":"table tr"}
RESULT: {"using":"css selector","value":"table tr"}
COMMAND: POST /session/a9ef15c056c2e43ebaea63ed65e0d12a/element/f.5C1E112C024A7E7EDD35BD5D9BF8FD55.d.8B9902CC5E3820A767D2BFCFDCBEF936.e.5244/elements - {"using":"css selector","value":"td"}
RESULT: {"using":"css selector","value":"td"}
COMMAND: POST /session/a9ef15c056c2e43ebaea63ed65e0d12a/element/f.5C1E112C024A7E7EDD35BD5D9BF8FD55.d.8B9902CC5E3820A767D2BFCFDCBEF936.e.5211/elements - {"using":"css selector","value":"td"}
RESULT: {"using":"css selector","value":"td"}
COMMAND: POST /session/a9ef15c056c2e43ebaea63ed65e0d12a/element/f.5C1E112C024A7E7EDD35BD5D9BF8FD55.d.8B9902CC5E3820A767D2BFCFDCBEF936.e.5275/element - {"using":"css selector","value":".sapMObjectNumberText"}
RESULT: {"using":"css selector","value":".sapMObjectNumberText"}
COMMAND: GET /session/a9ef15c056c2e43ebaea63ed65e0d12a/element/f.5C1E112C024A7E7EDD35BD5D9BF8FD55.d.8B9902CC5E3820A767D2BFCFDCBEF936.e.5277/text - {}
RESULT: {}
COMMAND: POST /session/a9ef15c056c2e43ebaea63ed65e0d12a/element/f.5C1E112C024A7E7EDD35BD5D9BF8FD55.d.8B9902CC5E3820A767D2BFCFDCBEF936.e.5276/element - {"using":"css selector","value":".sapMObjectNumberText"}
RESULT: {"using":"css selector","value":".sapMObjectNumberText"}
COMMAND: GET /session/a9ef15c056c2e43ebaea63ed65e0d12a/element/f.5C1E112C024A7E7EDD35BD5D9BF8FD55.d.8B9902CC5E3820A767D2BFCFDCBEF936.e.5278/text - {}
RESULT: {}
RESULT: undefined
COMMAND: POST /session/a9ef15c056c2e43ebaea63ed65e0d12a/element - {"using":"xpath","value":"//*[@id=\"application-manageconditionprice-display-component---dailyPrices--editBtn\"]"}
RESULT: {"using":"xpath","value":"//*[@id=\"application-manageconditionprice-display-component---dailyPrices--editBtn\"]"}
COMMAND: POST /session/a9ef15c056c2e43ebaea63ed65e0d12a/element/f.5C1E112C024A7E7EDD35BD5D9BF8FD55.d.8B9902CC5E3820A767D2BFCFDCBEF936.e.5274/click - {}
RESULT: {}
COMMAND: POST /session/a9ef15c056c2e43ebaea63ed65e0d12a/elements - {"using":"css selector","value":"table tr"}
COMMAND: GET /session/a9ef15c056c2e43ebaea63ed65e0d12a/screenshot - {}
RESULT: {"using":"css selector","value":"table tr"}
COMMAND: POST /session/a9ef15c056c2e43ebaea63ed65e0d12a/element/f.5C1E112C024A7E7EDD35BD5D9BF8FD55.d.8B9902CC5E3820A767D2BFCFDCBEF936.e.5244/elements - {"using":"css selector","value":"input"}
RESULT: {}
RESULT: {"using":"css selector","value":"input"}
COMMAND: POST /session/a9ef15c056c2e43ebaea63ed65e0d12a/element/f.5C1E112C024A7E7EDD35BD5D9BF8FD55.d.8B9902CC5E3820A767D2BFCFDCBEF936.e.5302/clear - {}
COMMAND: POST /session/a9ef15c056c2e43ebaea63ed65e0d12a/element/f.5C1E112C024A7E7EDD35BD5D9BF8FD55.d.8B9902CC5E3820A767D2BFCFDCBEF936.e.5303/clear - {}
RESULT: {}
COMMAND: POST /session/a9ef15c056c2e43ebaea63ed65e0d12a/element/f.5C1E112C024A7E7EDD35BD5D9BF8FD55.d.8B9902CC5E3820A767D2BFCFDCBEF936.e.5303/value - {"text":"US Dollar"}
COMMAND: GET /session/a9ef15c056c2e43ebaea63ed65e0d12a/screenshot - {}
RESULT: {}
COMMAND: POST /session/a9ef15c056c2e43ebaea63ed65e0d12a/element/f.5C1E112C024A7E7EDD35BD5D9BF8FD55.d.8B9902CC5E3820A767D2BFCFDCBEF936.e.5302/value - {"text":"566.1"}
COMMAND: GET /session/a9ef15c056c2e43ebaea63ed65e0d12a/screenshot - {}
RESULT: {"text":"US Dollar"}
COMMAND: GET /session/a9ef15c056c2e43ebaea63ed65e0d12a/screenshot - {}
RESULT: {}
RESULT: undefined
COMMAND: POST /session/a9ef15c056c2e43ebaea63ed65e0d12a/element - {"using":"xpath","value":"//*[@id=\"__button115\"]"}
RESULT: {"text":"566.1"}
COMMAND: GET /session/a9ef15c056c2e43ebaea63ed65e0d12a/screenshot - {}
RESULT: {}
RESULT: {}
RESULT: {"using":"xpath","value":"//*[@id=\"__button115\"]"}
COMMAND: POST /session/a9ef15c056c2e43ebaea63ed65e0d12a/element/f.5C1E112C024A7E7EDD35BD5D9BF8FD55.d.8B9902CC5E3820A767D2BFCFDCBEF936.e.5279/click - {}
RESULT: {}
RESULT: {}
COMMAND: GET /session/a9ef15c056c2e43ebaea63ed65e0d12a/screenshot - {}
RESULT: {}
COMMAND: POST /session/a9ef15c056c2e43ebaea63ed65e0d12a/elements - {"using":"css selector","value":"table tr"}
RESULT: {"using":"css selector","value":"table tr"}
COMMAND: POST /session/a9ef15c056c2e43ebaea63ed65e0d12a/element/f.5C1E112C024A7E7EDD35BD5D9BF8FD55.d.8B9902CC5E3820A767D2BFCFDCBEF936.e.5244/elements - {"using":"css selector","value":"td"}
RESULT: {"using":"css selector","value":"td"}
COMMAND: POST /session/a9ef15c056c2e43ebaea63ed65e0d12a/element/f.5C1E112C024A7E7EDD35BD5D9BF8FD55.d.8B9902CC5E3820A767D2BFCFDCBEF936.e.5307/element - {"using":"css selector","value":".sapMObjectNumberText"}
RESULT: {"using":"css selector","value":".sapMObjectNumberText"}
COMMAND: GET /session/a9ef15c056c2e43ebaea63ed65e0d12a/element/f.5C1E112C024A7E7EDD35BD5D9BF8FD55.d.8B9902CC5E3820A767D2BFCFDCBEF936.e.5309/text - {}
RESULT: {}
]]></system-out>
    </testcase>
    <testcase classname="chrome.135_0_7049_42.windows.Edit_and_delete_daily_price_US134629_US134627" name="Should go into edit and delete all the rows that match the yard we have created for this scenario check if all rows deleted" time="29.717">
      <system-out><![CDATA[
RESULT: undefined
COMMAND: POST /session/a9ef15c056c2e43ebaea63ed65e0d12a/element - {"using":"xpath","value":"//*[@id=\"application-manageconditionprice-display-component---dailyPrices--editBtn\"]"}
RESULT: {"using":"xpath","value":"//*[@id=\"application-manageconditionprice-display-component---dailyPrices--editBtn\"]"}
COMMAND: POST /session/a9ef15c056c2e43ebaea63ed65e0d12a/element/f.5C1E112C024A7E7EDD35BD5D9BF8FD55.d.8B9902CC5E3820A767D2BFCFDCBEF936.e.5306/click - {}
RESULT: {}
COMMAND: GET /session/a9ef15c056c2e43ebaea63ed65e0d12a/screenshot - {}
RESULT: {}
COMMAND: POST /session/a9ef15c056c2e43ebaea63ed65e0d12a/elements - {"using":"css selector","value":"table tr"}
RESULT: {"using":"css selector","value":"table tr"}
COMMAND: POST /session/a9ef15c056c2e43ebaea63ed65e0d12a/element/f.5C1E112C024A7E7EDD35BD5D9BF8FD55.d.8B9902CC5E3820A767D2BFCFDCBEF936.e.5012/elements - {"using":"css selector","value":"td"}
RESULT: {"using":"css selector","value":"td"}
COMMAND: POST /session/a9ef15c056c2e43ebaea63ed65e0d12a/element/f.5C1E112C024A7E7EDD35BD5D9BF8FD55.d.8B9902CC5E3820A767D2BFCFDCBEF936.e.5013/elements - {"using":"css selector","value":"td"}
RESULT: {"using":"css selector","value":"td"}
COMMAND: POST /session/a9ef15c056c2e43ebaea63ed65e0d12a/element/f.5C1E112C024A7E7EDD35BD5D9BF8FD55.d.8B9902CC5E3820A767D2BFCFDCBEF936.e.5014/elements - {"using":"css selector","value":"td"}
RESULT: {"using":"css selector","value":"td"}
COMMAND: POST /session/a9ef15c056c2e43ebaea63ed65e0d12a/element/f.5C1E112C024A7E7EDD35BD5D9BF8FD55.d.8B9902CC5E3820A767D2BFCFDCBEF936.e.4910/elements - {"using":"css selector","value":"td"}
RESULT: {"using":"css selector","value":"td"}
COMMAND: POST /session/a9ef15c056c2e43ebaea63ed65e0d12a/element/f.5C1E112C024A7E7EDD35BD5D9BF8FD55.d.8B9902CC5E3820A767D2BFCFDCBEF936.e.4911/elements - {"using":"css selector","value":"td"}
RESULT: {"using":"css selector","value":"td"}
COMMAND: POST /session/a9ef15c056c2e43ebaea63ed65e0d12a/element/f.5C1E112C024A7E7EDD35BD5D9BF8FD55.d.8B9902CC5E3820A767D2BFCFDCBEF936.e.4917/elements - {"using":"css selector","value":"td"}
RESULT: {"using":"css selector","value":"td"}
COMMAND: POST /session/a9ef15c056c2e43ebaea63ed65e0d12a/element/f.5C1E112C024A7E7EDD35BD5D9BF8FD55.d.8B9902CC5E3820A767D2BFCFDCBEF936.e.4918/elements - {"using":"css selector","value":"td"}
RESULT: {"using":"css selector","value":"td"}
COMMAND: POST /session/a9ef15c056c2e43ebaea63ed65e0d12a/element/f.5C1E112C024A7E7EDD35BD5D9BF8FD55.d.8B9902CC5E3820A767D2BFCFDCBEF936.e.4924/elements - {"using":"css selector","value":"td"}
RESULT: {"using":"css selector","value":"td"}
COMMAND: POST /session/a9ef15c056c2e43ebaea63ed65e0d12a/element/f.5C1E112C024A7E7EDD35BD5D9BF8FD55.d.8B9902CC5E3820A767D2BFCFDCBEF936.e.4925/elements - {"using":"css selector","value":"td"}
RESULT: {"using":"css selector","value":"td"}
COMMAND: POST /session/a9ef15c056c2e43ebaea63ed65e0d12a/element/f.5C1E112C024A7E7EDD35BD5D9BF8FD55.d.8B9902CC5E3820A767D2BFCFDCBEF936.e.4928/elements - {"using":"css selector","value":"td"}
RESULT: {"using":"css selector","value":"td"}
COMMAND: POST /session/a9ef15c056c2e43ebaea63ed65e0d12a/element/f.5C1E112C024A7E7EDD35BD5D9BF8FD55.d.8B9902CC5E3820A767D2BFCFDCBEF936.e.5015/elements - {"using":"css selector","value":"td"}
RESULT: {"using":"css selector","value":"td"}
COMMAND: POST /session/a9ef15c056c2e43ebaea63ed65e0d12a/element/f.5C1E112C024A7E7EDD35BD5D9BF8FD55.d.8B9902CC5E3820A767D2BFCFDCBEF936.e.5016/elements - {"using":"css selector","value":"td"}
RESULT: {"using":"css selector","value":"td"}
COMMAND: POST /session/a9ef15c056c2e43ebaea63ed65e0d12a/element/f.5C1E112C024A7E7EDD35BD5D9BF8FD55.d.8B9902CC5E3820A767D2BFCFDCBEF936.e.5017/elements - {"using":"css selector","value":"td"}
RESULT: {"using":"css selector","value":"td"}
COMMAND: POST /session/a9ef15c056c2e43ebaea63ed65e0d12a/element/f.5C1E112C024A7E7EDD35BD5D9BF8FD55.d.8B9902CC5E3820A767D2BFCFDCBEF936.e.5018/elements - {"using":"css selector","value":"td"}
RESULT: {"using":"css selector","value":"td"}
COMMAND: POST /session/a9ef15c056c2e43ebaea63ed65e0d12a/element/f.5C1E112C024A7E7EDD35BD5D9BF8FD55.d.8B9902CC5E3820A767D2BFCFDCBEF936.e.5019/elements - {"using":"css selector","value":"td"}
RESULT: {"using":"css selector","value":"td"}
COMMAND: POST /session/a9ef15c056c2e43ebaea63ed65e0d12a/element/f.5C1E112C024A7E7EDD35BD5D9BF8FD55.d.8B9902CC5E3820A767D2BFCFDCBEF936.e.5020/elements - {"using":"css selector","value":"td"}
RESULT: {"using":"css selector","value":"td"}
COMMAND: POST /session/a9ef15c056c2e43ebaea63ed65e0d12a/element/f.5C1E112C024A7E7EDD35BD5D9BF8FD55.d.8B9902CC5E3820A767D2BFCFDCBEF936.e.5021/elements - {"using":"css selector","value":"td"}
RESULT: {"using":"css selector","value":"td"}
COMMAND: POST /session/a9ef15c056c2e43ebaea63ed65e0d12a/element/f.5C1E112C024A7E7EDD35BD5D9BF8FD55.d.8B9902CC5E3820A767D2BFCFDCBEF936.e.5022/elements - {"using":"css selector","value":"td"}
RESULT: {"using":"css selector","value":"td"}
COMMAND: POST /session/a9ef15c056c2e43ebaea63ed65e0d12a/element/f.5C1E112C024A7E7EDD35BD5D9BF8FD55.d.8B9902CC5E3820A767D2BFCFDCBEF936.e.5023/elements - {"using":"css selector","value":"td"}
RESULT: {"using":"css selector","value":"td"}
COMMAND: POST /session/a9ef15c056c2e43ebaea63ed65e0d12a/element/f.5C1E112C024A7E7EDD35BD5D9BF8FD55.d.8B9902CC5E3820A767D2BFCFDCBEF936.e.5024/elements - {"using":"css selector","value":"td"}
RESULT: {"using":"css selector","value":"td"}
COMMAND: POST /session/a9ef15c056c2e43ebaea63ed65e0d12a/element/f.5C1E112C024A7E7EDD35BD5D9BF8FD55.d.8B9902CC5E3820A767D2BFCFDCBEF936.e.5025/elements - {"using":"css selector","value":"td"}
RESULT: {"using":"css selector","value":"td"}
COMMAND: POST /session/a9ef15c056c2e43ebaea63ed65e0d12a/element/f.5C1E112C024A7E7EDD35BD5D9BF8FD55.d.8B9902CC5E3820A767D2BFCFDCBEF936.e.5026/elements - {"using":"css selector","value":"td"}
RESULT: {"using":"css selector","value":"td"}
COMMAND: POST /session/a9ef15c056c2e43ebaea63ed65e0d12a/element/f.5C1E112C024A7E7EDD35BD5D9BF8FD55.d.8B9902CC5E3820A767D2BFCFDCBEF936.e.5027/elements - {"using":"css selector","value":"td"}
RESULT: {"using":"css selector","value":"td"}
COMMAND: POST /session/a9ef15c056c2e43ebaea63ed65e0d12a/element/f.5C1E112C024A7E7EDD35BD5D9BF8FD55.d.8B9902CC5E3820A767D2BFCFDCBEF936.e.5028/elements - {"using":"css selector","value":"td"}
RESULT: {"using":"css selector","value":"td"}
COMMAND: POST /session/a9ef15c056c2e43ebaea63ed65e0d12a/element/f.5C1E112C024A7E7EDD35BD5D9BF8FD55.d.8B9902CC5E3820A767D2BFCFDCBEF936.e.5029/elements - {"using":"css selector","value":"td"}
RESULT: {"using":"css selector","value":"td"}
COMMAND: POST /session/a9ef15c056c2e43ebaea63ed65e0d12a/element/f.5C1E112C024A7E7EDD35BD5D9BF8FD55.d.8B9902CC5E3820A767D2BFCFDCBEF936.e.5030/elements - {"using":"css selector","value":"td"}
RESULT: {"using":"css selector","value":"td"}
COMMAND: POST /session/a9ef15c056c2e43ebaea63ed65e0d12a/element/f.5C1E112C024A7E7EDD35BD5D9BF8FD55.d.8B9902CC5E3820A767D2BFCFDCBEF936.e.5031/elements - {"using":"css selector","value":"td"}
RESULT: {"using":"css selector","value":"td"}
COMMAND: POST /session/a9ef15c056c2e43ebaea63ed65e0d12a/element/f.5C1E112C024A7E7EDD35BD5D9BF8FD55.d.8B9902CC5E3820A767D2BFCFDCBEF936.e.5032/elements - {"using":"css selector","value":"td"}
RESULT: {"using":"css selector","value":"td"}
COMMAND: POST /session/a9ef15c056c2e43ebaea63ed65e0d12a/element/f.5C1E112C024A7E7EDD35BD5D9BF8FD55.d.8B9902CC5E3820A767D2BFCFDCBEF936.e.5033/elements - {"using":"css selector","value":"td"}
RESULT: {"using":"css selector","value":"td"}
COMMAND: POST /session/a9ef15c056c2e43ebaea63ed65e0d12a/element/f.5C1E112C024A7E7EDD35BD5D9BF8FD55.d.8B9902CC5E3820A767D2BFCFDCBEF936.e.5034/elements - {"using":"css selector","value":"td"}
RESULT: {"using":"css selector","value":"td"}
COMMAND: POST /session/a9ef15c056c2e43ebaea63ed65e0d12a/element/f.5C1E112C024A7E7EDD35BD5D9BF8FD55.d.8B9902CC5E3820A767D2BFCFDCBEF936.e.5035/elements - {"using":"css selector","value":"td"}
RESULT: {"using":"css selector","value":"td"}
COMMAND: POST /session/a9ef15c056c2e43ebaea63ed65e0d12a/element/f.5C1E112C024A7E7EDD35BD5D9BF8FD55.d.8B9902CC5E3820A767D2BFCFDCBEF936.e.5036/elements - {"using":"css selector","value":"td"}
RESULT: {"using":"css selector","value":"td"}
COMMAND: POST /session/a9ef15c056c2e43ebaea63ed65e0d12a/element/f.5C1E112C024A7E7EDD35BD5D9BF8FD55.d.8B9902CC5E3820A767D2BFCFDCBEF936.e.5037/elements - {"using":"css selector","value":"td"}
RESULT: {"using":"css selector","value":"td"}
COMMAND: POST /session/a9ef15c056c2e43ebaea63ed65e0d12a/element/f.5C1E112C024A7E7EDD35BD5D9BF8FD55.d.8B9902CC5E3820A767D2BFCFDCBEF936.e.5038/elements - {"using":"css selector","value":"td"}
RESULT: {"using":"css selector","value":"td"}
COMMAND: POST /session/a9ef15c056c2e43ebaea63ed65e0d12a/element/f.5C1E112C024A7E7EDD35BD5D9BF8FD55.d.8B9902CC5E3820A767D2BFCFDCBEF936.e.5039/elements - {"using":"css selector","value":"td"}
RESULT: {"using":"css selector","value":"td"}
COMMAND: POST /session/a9ef15c056c2e43ebaea63ed65e0d12a/element/f.5C1E112C024A7E7EDD35BD5D9BF8FD55.d.8B9902CC5E3820A767D2BFCFDCBEF936.e.5040/elements - {"using":"css selector","value":"td"}
RESULT: {"using":"css selector","value":"td"}
COMMAND: POST /session/a9ef15c056c2e43ebaea63ed65e0d12a/element/f.5C1E112C024A7E7EDD35BD5D9BF8FD55.d.8B9902CC5E3820A767D2BFCFDCBEF936.e.5041/elements - {"using":"css selector","value":"td"}
RESULT: {"using":"css selector","value":"td"}
COMMAND: POST /session/a9ef15c056c2e43ebaea63ed65e0d12a/element/f.5C1E112C024A7E7EDD35BD5D9BF8FD55.d.8B9902CC5E3820A767D2BFCFDCBEF936.e.5042/elements - {"using":"css selector","value":"td"}
RESULT: {"using":"css selector","value":"td"}
COMMAND: POST /session/a9ef15c056c2e43ebaea63ed65e0d12a/element/f.5C1E112C024A7E7EDD35BD5D9BF8FD55.d.8B9902CC5E3820A767D2BFCFDCBEF936.e.5043/elements - {"using":"css selector","value":"td"}
RESULT: {"using":"css selector","value":"td"}
COMMAND: POST /session/a9ef15c056c2e43ebaea63ed65e0d12a/element/f.5C1E112C024A7E7EDD35BD5D9BF8FD55.d.8B9902CC5E3820A767D2BFCFDCBEF936.e.5044/elements - {"using":"css selector","value":"td"}
RESULT: {"using":"css selector","value":"td"}
COMMAND: POST /session/a9ef15c056c2e43ebaea63ed65e0d12a/element/f.5C1E112C024A7E7EDD35BD5D9BF8FD55.d.8B9902CC5E3820A767D2BFCFDCBEF936.e.5045/elements - {"using":"css selector","value":"td"}
RESULT: {"using":"css selector","value":"td"}
COMMAND: POST /session/a9ef15c056c2e43ebaea63ed65e0d12a/element/f.5C1E112C024A7E7EDD35BD5D9BF8FD55.d.8B9902CC5E3820A767D2BFCFDCBEF936.e.5046/elements - {"using":"css selector","value":"td"}
RESULT: {"using":"css selector","value":"td"}
COMMAND: POST /session/a9ef15c056c2e43ebaea63ed65e0d12a/element/f.5C1E112C024A7E7EDD35BD5D9BF8FD55.d.8B9902CC5E3820A767D2BFCFDCBEF936.e.5047/elements - {"using":"css selector","value":"td"}
RESULT: {"using":"css selector","value":"td"}
COMMAND: POST /session/a9ef15c056c2e43ebaea63ed65e0d12a/element/f.5C1E112C024A7E7EDD35BD5D9BF8FD55.d.8B9902CC5E3820A767D2BFCFDCBEF936.e.5048/elements - {"using":"css selector","value":"td"}
RESULT: {"using":"css selector","value":"td"}
COMMAND: POST /session/a9ef15c056c2e43ebaea63ed65e0d12a/element/f.5C1E112C024A7E7EDD35BD5D9BF8FD55.d.8B9902CC5E3820A767D2BFCFDCBEF936.e.5049/elements - {"using":"css selector","value":"td"}
RESULT: {"using":"css selector","value":"td"}
COMMAND: POST /session/a9ef15c056c2e43ebaea63ed65e0d12a/element/f.5C1E112C024A7E7EDD35BD5D9BF8FD55.d.8B9902CC5E3820A767D2BFCFDCBEF936.e.5050/elements - {"using":"css selector","value":"td"}
RESULT: {"using":"css selector","value":"td"}
COMMAND: POST /session/a9ef15c056c2e43ebaea63ed65e0d12a/element/f.5C1E112C024A7E7EDD35BD5D9BF8FD55.d.8B9902CC5E3820A767D2BFCFDCBEF936.e.5051/elements - {"using":"css selector","value":"td"}
RESULT: {"using":"css selector","value":"td"}
COMMAND: POST /session/a9ef15c056c2e43ebaea63ed65e0d12a/element/f.5C1E112C024A7E7EDD35BD5D9BF8FD55.d.8B9902CC5E3820A767D2BFCFDCBEF936.e.5052/elements - {"using":"css selector","value":"td"}
RESULT: {"using":"css selector","value":"td"}
COMMAND: POST /session/a9ef15c056c2e43ebaea63ed65e0d12a/element/f.5C1E112C024A7E7EDD35BD5D9BF8FD55.d.8B9902CC5E3820A767D2BFCFDCBEF936.e.5053/elements - {"using":"css selector","value":"td"}
RESULT: {"using":"css selector","value":"td"}
COMMAND: POST /session/a9ef15c056c2e43ebaea63ed65e0d12a/element/f.5C1E112C024A7E7EDD35BD5D9BF8FD55.d.8B9902CC5E3820A767D2BFCFDCBEF936.e.5054/elements - {"using":"css selector","value":"td"}
RESULT: {"using":"css selector","value":"td"}
COMMAND: POST /session/a9ef15c056c2e43ebaea63ed65e0d12a/element/f.5C1E112C024A7E7EDD35BD5D9BF8FD55.d.8B9902CC5E3820A767D2BFCFDCBEF936.e.5055/elements - {"using":"css selector","value":"td"}
RESULT: {"using":"css selector","value":"td"}
COMMAND: POST /session/a9ef15c056c2e43ebaea63ed65e0d12a/element/f.5C1E112C024A7E7EDD35BD5D9BF8FD55.d.8B9902CC5E3820A767D2BFCFDCBEF936.e.5056/elements - {"using":"css selector","value":"td"}
RESULT: {"using":"css selector","value":"td"}
COMMAND: POST /session/a9ef15c056c2e43ebaea63ed65e0d12a/element/f.5C1E112C024A7E7EDD35BD5D9BF8FD55.d.8B9902CC5E3820A767D2BFCFDCBEF936.e.5057/elements - {"using":"css selector","value":"td"}
RESULT: {"using":"css selector","value":"td"}
COMMAND: POST /session/a9ef15c056c2e43ebaea63ed65e0d12a/element/f.5C1E112C024A7E7EDD35BD5D9BF8FD55.d.8B9902CC5E3820A767D2BFCFDCBEF936.e.5058/elements - {"using":"css selector","value":"td"}
RESULT: {"using":"css selector","value":"td"}
COMMAND: POST /session/a9ef15c056c2e43ebaea63ed65e0d12a/element/f.5C1E112C024A7E7EDD35BD5D9BF8FD55.d.8B9902CC5E3820A767D2BFCFDCBEF936.e.5059/elements - {"using":"css selector","value":"td"}
RESULT: {"using":"css selector","value":"td"}
COMMAND: POST /session/a9ef15c056c2e43ebaea63ed65e0d12a/element/f.5C1E112C024A7E7EDD35BD5D9BF8FD55.d.8B9902CC5E3820A767D2BFCFDCBEF936.e.5060/elements - {"using":"css selector","value":"td"}
RESULT: {"using":"css selector","value":"td"}
COMMAND: POST /session/a9ef15c056c2e43ebaea63ed65e0d12a/element/f.5C1E112C024A7E7EDD35BD5D9BF8FD55.d.8B9902CC5E3820A767D2BFCFDCBEF936.e.5061/elements - {"using":"css selector","value":"td"}
RESULT: {"using":"css selector","value":"td"}
COMMAND: POST /session/a9ef15c056c2e43ebaea63ed65e0d12a/element/f.5C1E112C024A7E7EDD35BD5D9BF8FD55.d.8B9902CC5E3820A767D2BFCFDCBEF936.e.5062/elements - {"using":"css selector","value":"td"}
RESULT: {"using":"css selector","value":"td"}
COMMAND: POST /session/a9ef15c056c2e43ebaea63ed65e0d12a/element/f.5C1E112C024A7E7EDD35BD5D9BF8FD55.d.8B9902CC5E3820A767D2BFCFDCBEF936.e.5063/elements - {"using":"css selector","value":"td"}
RESULT: {"using":"css selector","value":"td"}
COMMAND: POST /session/a9ef15c056c2e43ebaea63ed65e0d12a/element/f.5C1E112C024A7E7EDD35BD5D9BF8FD55.d.8B9902CC5E3820A767D2BFCFDCBEF936.e.5064/elements - {"using":"css selector","value":"td"}
RESULT: {"using":"css selector","value":"td"}
COMMAND: POST /session/a9ef15c056c2e43ebaea63ed65e0d12a/element/f.5C1E112C024A7E7EDD35BD5D9BF8FD55.d.8B9902CC5E3820A767D2BFCFDCBEF936.e.5065/elements - {"using":"css selector","value":"td"}
RESULT: {"using":"css selector","value":"td"}
COMMAND: POST /session/a9ef15c056c2e43ebaea63ed65e0d12a/element/f.5C1E112C024A7E7EDD35BD5D9BF8FD55.d.8B9902CC5E3820A767D2BFCFDCBEF936.e.5066/elements - {"using":"css selector","value":"td"}
RESULT: {"using":"css selector","value":"td"}
COMMAND: POST /session/a9ef15c056c2e43ebaea63ed65e0d12a/element/f.5C1E112C024A7E7EDD35BD5D9BF8FD55.d.8B9902CC5E3820A767D2BFCFDCBEF936.e.5067/elements - {"using":"css selector","value":"td"}
RESULT: {"using":"css selector","value":"td"}
COMMAND: POST /session/a9ef15c056c2e43ebaea63ed65e0d12a/element/f.5C1E112C024A7E7EDD35BD5D9BF8FD55.d.8B9902CC5E3820A767D2BFCFDCBEF936.e.5068/elements - {"using":"css selector","value":"td"}
RESULT: {"using":"css selector","value":"td"}
COMMAND: POST /session/a9ef15c056c2e43ebaea63ed65e0d12a/element/f.5C1E112C024A7E7EDD35BD5D9BF8FD55.d.8B9902CC5E3820A767D2BFCFDCBEF936.e.5069/elements - {"using":"css selector","value":"td"}
RESULT: {"using":"css selector","value":"td"}
COMMAND: POST /session/a9ef15c056c2e43ebaea63ed65e0d12a/element/f.5C1E112C024A7E7EDD35BD5D9BF8FD55.d.8B9902CC5E3820A767D2BFCFDCBEF936.e.5070/elements - {"using":"css selector","value":"td"}
RESULT: {"using":"css selector","value":"td"}
COMMAND: POST /session/a9ef15c056c2e43ebaea63ed65e0d12a/element/f.5C1E112C024A7E7EDD35BD5D9BF8FD55.d.8B9902CC5E3820A767D2BFCFDCBEF936.e.5071/elements - {"using":"css selector","value":"td"}
RESULT: {"using":"css selector","value":"td"}
COMMAND: POST /session/a9ef15c056c2e43ebaea63ed65e0d12a/element/f.5C1E112C024A7E7EDD35BD5D9BF8FD55.d.8B9902CC5E3820A767D2BFCFDCBEF936.e.5072/elements - {"using":"css selector","value":"td"}
RESULT: {"using":"css selector","value":"td"}
COMMAND: POST /session/a9ef15c056c2e43ebaea63ed65e0d12a/element/f.5C1E112C024A7E7EDD35BD5D9BF8FD55.d.8B9902CC5E3820A767D2BFCFDCBEF936.e.5073/elements - {"using":"css selector","value":"td"}
RESULT: {"using":"css selector","value":"td"}
COMMAND: POST /session/a9ef15c056c2e43ebaea63ed65e0d12a/element/f.5C1E112C024A7E7EDD35BD5D9BF8FD55.d.8B9902CC5E3820A767D2BFCFDCBEF936.e.5074/elements - {"using":"css selector","value":"td"}
RESULT: {"using":"css selector","value":"td"}
COMMAND: POST /session/a9ef15c056c2e43ebaea63ed65e0d12a/element/f.5C1E112C024A7E7EDD35BD5D9BF8FD55.d.8B9902CC5E3820A767D2BFCFDCBEF936.e.5075/elements - {"using":"css selector","value":"td"}
RESULT: {"using":"css selector","value":"td"}
COMMAND: POST /session/a9ef15c056c2e43ebaea63ed65e0d12a/element/f.5C1E112C024A7E7EDD35BD5D9BF8FD55.d.8B9902CC5E3820A767D2BFCFDCBEF936.e.5076/elements - {"using":"css selector","value":"td"}
RESULT: {"using":"css selector","value":"td"}
COMMAND: POST /session/a9ef15c056c2e43ebaea63ed65e0d12a/element/f.5C1E112C024A7E7EDD35BD5D9BF8FD55.d.8B9902CC5E3820A767D2BFCFDCBEF936.e.5077/elements - {"using":"css selector","value":"td"}
RESULT: {"using":"css selector","value":"td"}
COMMAND: POST /session/a9ef15c056c2e43ebaea63ed65e0d12a/element/f.5C1E112C024A7E7EDD35BD5D9BF8FD55.d.8B9902CC5E3820A767D2BFCFDCBEF936.e.5078/elements - {"using":"css selector","value":"td"}
RESULT: {"using":"css selector","value":"td"}
COMMAND: POST /session/a9ef15c056c2e43ebaea63ed65e0d12a/element/f.5C1E112C024A7E7EDD35BD5D9BF8FD55.d.8B9902CC5E3820A767D2BFCFDCBEF936.e.5079/elements - {"using":"css selector","value":"td"}
RESULT: {"using":"css selector","value":"td"}
COMMAND: POST /session/a9ef15c056c2e43ebaea63ed65e0d12a/element/f.5C1E112C024A7E7EDD35BD5D9BF8FD55.d.8B9902CC5E3820A767D2BFCFDCBEF936.e.5080/elements - {"using":"css selector","value":"td"}
RESULT: {"using":"css selector","value":"td"}
COMMAND: POST /session/a9ef15c056c2e43ebaea63ed65e0d12a/element/f.5C1E112C024A7E7EDD35BD5D9BF8FD55.d.8B9902CC5E3820A767D2BFCFDCBEF936.e.5081/elements - {"using":"css selector","value":"td"}
RESULT: {"using":"css selector","value":"td"}
COMMAND: POST /session/a9ef15c056c2e43ebaea63ed65e0d12a/element/f.5C1E112C024A7E7EDD35BD5D9BF8FD55.d.8B9902CC5E3820A767D2BFCFDCBEF936.e.5082/elements - {"using":"css selector","value":"td"}
RESULT: {"using":"css selector","value":"td"}
COMMAND: POST /session/a9ef15c056c2e43ebaea63ed65e0d12a/element/f.5C1E112C024A7E7EDD35BD5D9BF8FD55.d.8B9902CC5E3820A767D2BFCFDCBEF936.e.5083/elements - {"using":"css selector","value":"td"}
RESULT: {"using":"css selector","value":"td"}
COMMAND: POST /session/a9ef15c056c2e43ebaea63ed65e0d12a/element/f.5C1E112C024A7E7EDD35BD5D9BF8FD55.d.8B9902CC5E3820A767D2BFCFDCBEF936.e.5084/elements - {"using":"css selector","value":"td"}
RESULT: {"using":"css selector","value":"td"}
COMMAND: POST /session/a9ef15c056c2e43ebaea63ed65e0d12a/element/f.5C1E112C024A7E7EDD35BD5D9BF8FD55.d.8B9902CC5E3820A767D2BFCFDCBEF936.e.5085/elements - {"using":"css selector","value":"td"}
RESULT: {"using":"css selector","value":"td"}
COMMAND: POST /session/a9ef15c056c2e43ebaea63ed65e0d12a/element/f.5C1E112C024A7E7EDD35BD5D9BF8FD55.d.8B9902CC5E3820A767D2BFCFDCBEF936.e.5086/elements - {"using":"css selector","value":"td"}
RESULT: {"using":"css selector","value":"td"}
COMMAND: POST /session/a9ef15c056c2e43ebaea63ed65e0d12a/element/f.5C1E112C024A7E7EDD35BD5D9BF8FD55.d.8B9902CC5E3820A767D2BFCFDCBEF936.e.5087/elements - {"using":"css selector","value":"td"}
RESULT: {"using":"css selector","value":"td"}
COMMAND: POST /session/a9ef15c056c2e43ebaea63ed65e0d12a/element/f.5C1E112C024A7E7EDD35BD5D9BF8FD55.d.8B9902CC5E3820A767D2BFCFDCBEF936.e.5088/elements - {"using":"css selector","value":"td"}
RESULT: {"using":"css selector","value":"td"}
COMMAND: POST /session/a9ef15c056c2e43ebaea63ed65e0d12a/element/f.5C1E112C024A7E7EDD35BD5D9BF8FD55.d.8B9902CC5E3820A767D2BFCFDCBEF936.e.5089/elements - {"using":"css selector","value":"td"}
RESULT: {"using":"css selector","value":"td"}
COMMAND: POST /session/a9ef15c056c2e43ebaea63ed65e0d12a/element/f.5C1E112C024A7E7EDD35BD5D9BF8FD55.d.8B9902CC5E3820A767D2BFCFDCBEF936.e.5090/elements - {"using":"css selector","value":"td"}
RESULT: {"using":"css selector","value":"td"}
COMMAND: POST /session/a9ef15c056c2e43ebaea63ed65e0d12a/element/f.5C1E112C024A7E7EDD35BD5D9BF8FD55.d.8B9902CC5E3820A767D2BFCFDCBEF936.e.5091/elements - {"using":"css selector","value":"td"}
RESULT: {"using":"css selector","value":"td"}
COMMAND: POST /session/a9ef15c056c2e43ebaea63ed65e0d12a/element/f.5C1E112C024A7E7EDD35BD5D9BF8FD55.d.8B9902CC5E3820A767D2BFCFDCBEF936.e.5092/elements - {"using":"css selector","value":"td"}
RESULT: {"using":"css selector","value":"td"}
COMMAND: POST /session/a9ef15c056c2e43ebaea63ed65e0d12a/element/f.5C1E112C024A7E7EDD35BD5D9BF8FD55.d.8B9902CC5E3820A767D2BFCFDCBEF936.e.5093/elements - {"using":"css selector","value":"td"}
RESULT: {"using":"css selector","value":"td"}
COMMAND: POST /session/a9ef15c056c2e43ebaea63ed65e0d12a/element/f.5C1E112C024A7E7EDD35BD5D9BF8FD55.d.8B9902CC5E3820A767D2BFCFDCBEF936.e.5094/elements - {"using":"css selector","value":"td"}
RESULT: {"using":"css selector","value":"td"}
COMMAND: POST /session/a9ef15c056c2e43ebaea63ed65e0d12a/element/f.5C1E112C024A7E7EDD35BD5D9BF8FD55.d.8B9902CC5E3820A767D2BFCFDCBEF936.e.5095/elements - {"using":"css selector","value":"td"}
RESULT: {"using":"css selector","value":"td"}
COMMAND: POST /session/a9ef15c056c2e43ebaea63ed65e0d12a/element/f.5C1E112C024A7E7EDD35BD5D9BF8FD55.d.8B9902CC5E3820A767D2BFCFDCBEF936.e.5096/elements - {"using":"css selector","value":"td"}
RESULT: {"using":"css selector","value":"td"}
COMMAND: POST /session/a9ef15c056c2e43ebaea63ed65e0d12a/element/f.5C1E112C024A7E7EDD35BD5D9BF8FD55.d.8B9902CC5E3820A767D2BFCFDCBEF936.e.5097/elements - {"using":"css selector","value":"td"}
RESULT: {"using":"css selector","value":"td"}
COMMAND: POST /session/a9ef15c056c2e43ebaea63ed65e0d12a/element/f.5C1E112C024A7E7EDD35BD5D9BF8FD55.d.8B9902CC5E3820A767D2BFCFDCBEF936.e.5098/elements - {"using":"css selector","value":"td"}
RESULT: {"using":"css selector","value":"td"}
COMMAND: POST /session/a9ef15c056c2e43ebaea63ed65e0d12a/element/f.5C1E112C024A7E7EDD35BD5D9BF8FD55.d.8B9902CC5E3820A767D2BFCFDCBEF936.e.5099/elements - {"using":"css selector","value":"td"}
RESULT: {"using":"css selector","value":"td"}
COMMAND: POST /session/a9ef15c056c2e43ebaea63ed65e0d12a/element/f.5C1E112C024A7E7EDD35BD5D9BF8FD55.d.8B9902CC5E3820A767D2BFCFDCBEF936.e.5100/elements - {"using":"css selector","value":"td"}
RESULT: {"using":"css selector","value":"td"}
COMMAND: POST /session/a9ef15c056c2e43ebaea63ed65e0d12a/element/f.5C1E112C024A7E7EDD35BD5D9BF8FD55.d.8B9902CC5E3820A767D2BFCFDCBEF936.e.5101/elements - {"using":"css selector","value":"td"}
RESULT: {"using":"css selector","value":"td"}
COMMAND: POST /session/a9ef15c056c2e43ebaea63ed65e0d12a/element/f.5C1E112C024A7E7EDD35BD5D9BF8FD55.d.8B9902CC5E3820A767D2BFCFDCBEF936.e.5102/elements - {"using":"css selector","value":"td"}
RESULT: {"using":"css selector","value":"td"}
COMMAND: POST /session/a9ef15c056c2e43ebaea63ed65e0d12a/element/f.5C1E112C024A7E7EDD35BD5D9BF8FD55.d.8B9902CC5E3820A767D2BFCFDCBEF936.e.5103/elements - {"using":"css selector","value":"td"}
RESULT: {"using":"css selector","value":"td"}
COMMAND: POST /session/a9ef15c056c2e43ebaea63ed65e0d12a/element/f.5C1E112C024A7E7EDD35BD5D9BF8FD55.d.8B9902CC5E3820A767D2BFCFDCBEF936.e.5104/elements - {"using":"css selector","value":"td"}
RESULT: {"using":"css selector","value":"td"}
COMMAND: POST /session/a9ef15c056c2e43ebaea63ed65e0d12a/element/f.5C1E112C024A7E7EDD35BD5D9BF8FD55.d.8B9902CC5E3820A767D2BFCFDCBEF936.e.5105/elements - {"using":"css selector","value":"td"}
RESULT: {"using":"css selector","value":"td"}
COMMAND: POST /session/a9ef15c056c2e43ebaea63ed65e0d12a/element/f.5C1E112C024A7E7EDD35BD5D9BF8FD55.d.8B9902CC5E3820A767D2BFCFDCBEF936.e.5106/elements - {"using":"css selector","value":"td"}
RESULT: {"using":"css selector","value":"td"}
COMMAND: POST /session/a9ef15c056c2e43ebaea63ed65e0d12a/element/f.5C1E112C024A7E7EDD35BD5D9BF8FD55.d.8B9902CC5E3820A767D2BFCFDCBEF936.e.5107/elements - {"using":"css selector","value":"td"}
RESULT: {"using":"css selector","value":"td"}
COMMAND: POST /session/a9ef15c056c2e43ebaea63ed65e0d12a/element/f.5C1E112C024A7E7EDD35BD5D9BF8FD55.d.8B9902CC5E3820A767D2BFCFDCBEF936.e.5108/elements - {"using":"css selector","value":"td"}
RESULT: {"using":"css selector","value":"td"}
COMMAND: POST /session/a9ef15c056c2e43ebaea63ed65e0d12a/element/f.5C1E112C024A7E7EDD35BD5D9BF8FD55.d.8B9902CC5E3820A767D2BFCFDCBEF936.e.5109/elements - {"using":"css selector","value":"td"}
RESULT: {"using":"css selector","value":"td"}
COMMAND: POST /session/a9ef15c056c2e43ebaea63ed65e0d12a/element/f.5C1E112C024A7E7EDD35BD5D9BF8FD55.d.8B9902CC5E3820A767D2BFCFDCBEF936.e.5110/elements - {"using":"css selector","value":"td"}
RESULT: {"using":"css selector","value":"td"}
COMMAND: POST /session/a9ef15c056c2e43ebaea63ed65e0d12a/element/f.5C1E112C024A7E7EDD35BD5D9BF8FD55.d.8B9902CC5E3820A767D2BFCFDCBEF936.e.5111/elements - {"using":"css selector","value":"td"}
RESULT: {"using":"css selector","value":"td"}
COMMAND: POST /session/a9ef15c056c2e43ebaea63ed65e0d12a/element/f.5C1E112C024A7E7EDD35BD5D9BF8FD55.d.8B9902CC5E3820A767D2BFCFDCBEF936.e.5112/elements - {"using":"css selector","value":"td"}
RESULT: {"using":"css selector","value":"td"}
COMMAND: POST /session/a9ef15c056c2e43ebaea63ed65e0d12a/element/f.5C1E112C024A7E7EDD35BD5D9BF8FD55.d.8B9902CC5E3820A767D2BFCFDCBEF936.e.5113/elements - {"using":"css selector","value":"td"}
RESULT: {"using":"css selector","value":"td"}
COMMAND: POST /session/a9ef15c056c2e43ebaea63ed65e0d12a/element/f.5C1E112C024A7E7EDD35BD5D9BF8FD55.d.8B9902CC5E3820A767D2BFCFDCBEF936.e.5114/elements - {"using":"css selector","value":"td"}
RESULT: {"using":"css selector","value":"td"}
COMMAND: POST /session/a9ef15c056c2e43ebaea63ed65e0d12a/element/f.5C1E112C024A7E7EDD35BD5D9BF8FD55.d.8B9902CC5E3820A767D2BFCFDCBEF936.e.5115/elements - {"using":"css selector","value":"td"}
RESULT: {"using":"css selector","value":"td"}
COMMAND: POST /session/a9ef15c056c2e43ebaea63ed65e0d12a/element/f.5C1E112C024A7E7EDD35BD5D9BF8FD55.d.8B9902CC5E3820A767D2BFCFDCBEF936.e.5116/elements - {"using":"css selector","value":"td"}
RESULT: {"using":"css selector","value":"td"}
COMMAND: POST /session/a9ef15c056c2e43ebaea63ed65e0d12a/element/f.5C1E112C024A7E7EDD35BD5D9BF8FD55.d.8B9902CC5E3820A767D2BFCFDCBEF936.e.5117/elements - {"using":"css selector","value":"td"}
RESULT: {"using":"css selector","value":"td"}
COMMAND: POST /session/a9ef15c056c2e43ebaea63ed65e0d12a/element/f.5C1E112C024A7E7EDD35BD5D9BF8FD55.d.8B9902CC5E3820A767D2BFCFDCBEF936.e.5118/elements - {"using":"css selector","value":"td"}
RESULT: {"using":"css selector","value":"td"}
COMMAND: POST /session/a9ef15c056c2e43ebaea63ed65e0d12a/element/f.5C1E112C024A7E7EDD35BD5D9BF8FD55.d.8B9902CC5E3820A767D2BFCFDCBEF936.e.5119/elements - {"using":"css selector","value":"td"}
RESULT: {"using":"css selector","value":"td"}
COMMAND: POST /session/a9ef15c056c2e43ebaea63ed65e0d12a/element/f.5C1E112C024A7E7EDD35BD5D9BF8FD55.d.8B9902CC5E3820A767D2BFCFDCBEF936.e.5120/elements - {"using":"css selector","value":"td"}
RESULT: {"using":"css selector","value":"td"}
COMMAND: POST /session/a9ef15c056c2e43ebaea63ed65e0d12a/element/f.5C1E112C024A7E7EDD35BD5D9BF8FD55.d.8B9902CC5E3820A767D2BFCFDCBEF936.e.5121/elements - {"using":"css selector","value":"td"}
RESULT: {"using":"css selector","value":"td"}
COMMAND: POST /session/a9ef15c056c2e43ebaea63ed65e0d12a/element/f.5C1E112C024A7E7EDD35BD5D9BF8FD55.d.8B9902CC5E3820A767D2BFCFDCBEF936.e.5122/elements - {"using":"css selector","value":"td"}
RESULT: {"using":"css selector","value":"td"}
COMMAND: POST /session/a9ef15c056c2e43ebaea63ed65e0d12a/element/f.5C1E112C024A7E7EDD35BD5D9BF8FD55.d.8B9902CC5E3820A767D2BFCFDCBEF936.e.5123/elements - {"using":"css selector","value":"td"}
RESULT: {"using":"css selector","value":"td"}
COMMAND: POST /session/a9ef15c056c2e43ebaea63ed65e0d12a/element/f.5C1E112C024A7E7EDD35BD5D9BF8FD55.d.8B9902CC5E3820A767D2BFCFDCBEF936.e.5124/elements - {"using":"css selector","value":"td"}
RESULT: {"using":"css selector","value":"td"}
COMMAND: POST /session/a9ef15c056c2e43ebaea63ed65e0d12a/element/f.5C1E112C024A7E7EDD35BD5D9BF8FD55.d.8B9902CC5E3820A767D2BFCFDCBEF936.e.5125/elements - {"using":"css selector","value":"td"}
RESULT: {"using":"css selector","value":"td"}
COMMAND: POST /session/a9ef15c056c2e43ebaea63ed65e0d12a/element/f.5C1E112C024A7E7EDD35BD5D9BF8FD55.d.8B9902CC5E3820A767D2BFCFDCBEF936.e.5126/elements - {"using":"css selector","value":"td"}
RESULT: {"using":"css selector","value":"td"}
COMMAND: POST /session/a9ef15c056c2e43ebaea63ed65e0d12a/element/f.5C1E112C024A7E7EDD35BD5D9BF8FD55.d.8B9902CC5E3820A767D2BFCFDCBEF936.e.5127/elements - {"using":"css selector","value":"td"}
RESULT: {"using":"css selector","value":"td"}
COMMAND: POST /session/a9ef15c056c2e43ebaea63ed65e0d12a/element/f.5C1E112C024A7E7EDD35BD5D9BF8FD55.d.8B9902CC5E3820A767D2BFCFDCBEF936.e.5128/elements - {"using":"css selector","value":"td"}
RESULT: {"using":"css selector","value":"td"}
COMMAND: POST /session/a9ef15c056c2e43ebaea63ed65e0d12a/element/f.5C1E112C024A7E7EDD35BD5D9BF8FD55.d.8B9902CC5E3820A767D2BFCFDCBEF936.e.5129/elements - {"using":"css selector","value":"td"}
RESULT: {"using":"css selector","value":"td"}
COMMAND: POST /session/a9ef15c056c2e43ebaea63ed65e0d12a/element/f.5C1E112C024A7E7EDD35BD5D9BF8FD55.d.8B9902CC5E3820A767D2BFCFDCBEF936.e.5130/elements - {"using":"css selector","value":"td"}
RESULT: {"using":"css selector","value":"td"}
COMMAND: POST /session/a9ef15c056c2e43ebaea63ed65e0d12a/element/f.5C1E112C024A7E7EDD35BD5D9BF8FD55.d.8B9902CC5E3820A767D2BFCFDCBEF936.e.5131/elements - {"using":"css selector","value":"td"}
RESULT: {"using":"css selector","value":"td"}
COMMAND: POST /session/a9ef15c056c2e43ebaea63ed65e0d12a/element/f.5C1E112C024A7E7EDD35BD5D9BF8FD55.d.8B9902CC5E3820A767D2BFCFDCBEF936.e.5132/elements - {"using":"css selector","value":"td"}
RESULT: {"using":"css selector","value":"td"}
COMMAND: POST /session/a9ef15c056c2e43ebaea63ed65e0d12a/element/f.5C1E112C024A7E7EDD35BD5D9BF8FD55.d.8B9902CC5E3820A767D2BFCFDCBEF936.e.5133/elements - {"using":"css selector","value":"td"}
RESULT: {"using":"css selector","value":"td"}
COMMAND: POST /session/a9ef15c056c2e43ebaea63ed65e0d12a/element/f.5C1E112C024A7E7EDD35BD5D9BF8FD55.d.8B9902CC5E3820A767D2BFCFDCBEF936.e.5134/elements - {"using":"css selector","value":"td"}
RESULT: {"using":"css selector","value":"td"}
COMMAND: POST /session/a9ef15c056c2e43ebaea63ed65e0d12a/element/f.5C1E112C024A7E7EDD35BD5D9BF8FD55.d.8B9902CC5E3820A767D2BFCFDCBEF936.e.5135/elements - {"using":"css selector","value":"td"}
RESULT: {"using":"css selector","value":"td"}
COMMAND: POST /session/a9ef15c056c2e43ebaea63ed65e0d12a/element/f.5C1E112C024A7E7EDD35BD5D9BF8FD55.d.8B9902CC5E3820A767D2BFCFDCBEF936.e.5136/elements - {"using":"css selector","value":"td"}
RESULT: {"using":"css selector","value":"td"}
COMMAND: POST /session/a9ef15c056c2e43ebaea63ed65e0d12a/element/f.5C1E112C024A7E7EDD35BD5D9BF8FD55.d.8B9902CC5E3820A767D2BFCFDCBEF936.e.5137/elements - {"using":"css selector","value":"td"}
RESULT: {"using":"css selector","value":"td"}
COMMAND: POST /session/a9ef15c056c2e43ebaea63ed65e0d12a/element/f.5C1E112C024A7E7EDD35BD5D9BF8FD55.d.8B9902CC5E3820A767D2BFCFDCBEF936.e.5138/elements - {"using":"css selector","value":"td"}
RESULT: {"using":"css selector","value":"td"}
COMMAND: POST /session/a9ef15c056c2e43ebaea63ed65e0d12a/element/f.5C1E112C024A7E7EDD35BD5D9BF8FD55.d.8B9902CC5E3820A767D2BFCFDCBEF936.e.5139/elements - {"using":"css selector","value":"td"}
RESULT: {"using":"css selector","value":"td"}
COMMAND: POST /session/a9ef15c056c2e43ebaea63ed65e0d12a/element/f.5C1E112C024A7E7EDD35BD5D9BF8FD55.d.8B9902CC5E3820A767D2BFCFDCBEF936.e.5140/elements - {"using":"css selector","value":"td"}
RESULT: {"using":"css selector","value":"td"}
COMMAND: POST /session/a9ef15c056c2e43ebaea63ed65e0d12a/element/f.5C1E112C024A7E7EDD35BD5D9BF8FD55.d.8B9902CC5E3820A767D2BFCFDCBEF936.e.5141/elements - {"using":"css selector","value":"td"}
RESULT: {"using":"css selector","value":"td"}
COMMAND: POST /session/a9ef15c056c2e43ebaea63ed65e0d12a/element/f.5C1E112C024A7E7EDD35BD5D9BF8FD55.d.8B9902CC5E3820A767D2BFCFDCBEF936.e.5142/elements - {"using":"css selector","value":"td"}
RESULT: {"using":"css selector","value":"td"}
COMMAND: POST /session/a9ef15c056c2e43ebaea63ed65e0d12a/element/f.5C1E112C024A7E7EDD35BD5D9BF8FD55.d.8B9902CC5E3820A767D2BFCFDCBEF936.e.5143/elements - {"using":"css selector","value":"td"}
RESULT: {"using":"css selector","value":"td"}
COMMAND: POST /session/a9ef15c056c2e43ebaea63ed65e0d12a/element/f.5C1E112C024A7E7EDD35BD5D9BF8FD55.d.8B9902CC5E3820A767D2BFCFDCBEF936.e.5144/elements - {"using":"css selector","value":"td"}
RESULT: {"using":"css selector","value":"td"}
COMMAND: POST /session/a9ef15c056c2e43ebaea63ed65e0d12a/element/f.5C1E112C024A7E7EDD35BD5D9BF8FD55.d.8B9902CC5E3820A767D2BFCFDCBEF936.e.5145/elements - {"using":"css selector","value":"td"}
RESULT: {"using":"css selector","value":"td"}
COMMAND: POST /session/a9ef15c056c2e43ebaea63ed65e0d12a/element/f.5C1E112C024A7E7EDD35BD5D9BF8FD55.d.8B9902CC5E3820A767D2BFCFDCBEF936.e.5146/elements - {"using":"css selector","value":"td"}
RESULT: {"using":"css selector","value":"td"}
COMMAND: POST /session/a9ef15c056c2e43ebaea63ed65e0d12a/element/f.5C1E112C024A7E7EDD35BD5D9BF8FD55.d.8B9902CC5E3820A767D2BFCFDCBEF936.e.5147/elements - {"using":"css selector","value":"td"}
RESULT: {"using":"css selector","value":"td"}
COMMAND: POST /session/a9ef15c056c2e43ebaea63ed65e0d12a/element/f.5C1E112C024A7E7EDD35BD5D9BF8FD55.d.8B9902CC5E3820A767D2BFCFDCBEF936.e.5148/elements - {"using":"css selector","value":"td"}
RESULT: {"using":"css selector","value":"td"}
COMMAND: POST /session/a9ef15c056c2e43ebaea63ed65e0d12a/element/f.5C1E112C024A7E7EDD35BD5D9BF8FD55.d.8B9902CC5E3820A767D2BFCFDCBEF936.e.5149/elements - {"using":"css selector","value":"td"}
RESULT: {"using":"css selector","value":"td"}
COMMAND: POST /session/a9ef15c056c2e43ebaea63ed65e0d12a/element/f.5C1E112C024A7E7EDD35BD5D9BF8FD55.d.8B9902CC5E3820A767D2BFCFDCBEF936.e.5150/elements - {"using":"css selector","value":"td"}
RESULT: {"using":"css selector","value":"td"}
COMMAND: POST /session/a9ef15c056c2e43ebaea63ed65e0d12a/element/f.5C1E112C024A7E7EDD35BD5D9BF8FD55.d.8B9902CC5E3820A767D2BFCFDCBEF936.e.5151/elements - {"using":"css selector","value":"td"}
RESULT: {"using":"css selector","value":"td"}
COMMAND: POST /session/a9ef15c056c2e43ebaea63ed65e0d12a/element/f.5C1E112C024A7E7EDD35BD5D9BF8FD55.d.8B9902CC5E3820A767D2BFCFDCBEF936.e.5152/elements - {"using":"css selector","value":"td"}
RESULT: {"using":"css selector","value":"td"}
COMMAND: POST /session/a9ef15c056c2e43ebaea63ed65e0d12a/element/f.5C1E112C024A7E7EDD35BD5D9BF8FD55.d.8B9902CC5E3820A767D2BFCFDCBEF936.e.5153/elements - {"using":"css selector","value":"td"}
RESULT: {"using":"css selector","value":"td"}
COMMAND: POST /session/a9ef15c056c2e43ebaea63ed65e0d12a/element/f.5C1E112C024A7E7EDD35BD5D9BF8FD55.d.8B9902CC5E3820A767D2BFCFDCBEF936.e.5154/elements - {"using":"css selector","value":"td"}
RESULT: {"using":"css selector","value":"td"}
COMMAND: POST /session/a9ef15c056c2e43ebaea63ed65e0d12a/element/f.5C1E112C024A7E7EDD35BD5D9BF8FD55.d.8B9902CC5E3820A767D2BFCFDCBEF936.e.5155/elements - {"using":"css selector","value":"td"}
RESULT: {"using":"css selector","value":"td"}
COMMAND: POST /session/a9ef15c056c2e43ebaea63ed65e0d12a/element/f.5C1E112C024A7E7EDD35BD5D9BF8FD55.d.8B9902CC5E3820A767D2BFCFDCBEF936.e.5156/elements - {"using":"css selector","value":"td"}
RESULT: {"using":"css selector","value":"td"}
COMMAND: POST /session/a9ef15c056c2e43ebaea63ed65e0d12a/element/f.5C1E112C024A7E7EDD35BD5D9BF8FD55.d.8B9902CC5E3820A767D2BFCFDCBEF936.e.5157/elements - {"using":"css selector","value":"td"}
RESULT: {"using":"css selector","value":"td"}
COMMAND: POST /session/a9ef15c056c2e43ebaea63ed65e0d12a/element/f.5C1E112C024A7E7EDD35BD5D9BF8FD55.d.8B9902CC5E3820A767D2BFCFDCBEF936.e.5158/elements - {"using":"css selector","value":"td"}
RESULT: {"using":"css selector","value":"td"}
COMMAND: POST /session/a9ef15c056c2e43ebaea63ed65e0d12a/element/f.5C1E112C024A7E7EDD35BD5D9BF8FD55.d.8B9902CC5E3820A767D2BFCFDCBEF936.e.5159/elements - {"using":"css selector","value":"td"}
RESULT: {"using":"css selector","value":"td"}
COMMAND: POST /session/a9ef15c056c2e43ebaea63ed65e0d12a/element/f.5C1E112C024A7E7EDD35BD5D9BF8FD55.d.8B9902CC5E3820A767D2BFCFDCBEF936.e.5160/elements - {"using":"css selector","value":"td"}
RESULT: {"using":"css selector","value":"td"}
COMMAND: POST /session/a9ef15c056c2e43ebaea63ed65e0d12a/element/f.5C1E112C024A7E7EDD35BD5D9BF8FD55.d.8B9902CC5E3820A767D2BFCFDCBEF936.e.5161/elements - {"using":"css selector","value":"td"}
RESULT: {"using":"css selector","value":"td"}
COMMAND: POST /session/a9ef15c056c2e43ebaea63ed65e0d12a/element/f.5C1E112C024A7E7EDD35BD5D9BF8FD55.d.8B9902CC5E3820A767D2BFCFDCBEF936.e.5162/elements - {"using":"css selector","value":"td"}
RESULT: {"using":"css selector","value":"td"}
COMMAND: POST /session/a9ef15c056c2e43ebaea63ed65e0d12a/element/f.5C1E112C024A7E7EDD35BD5D9BF8FD55.d.8B9902CC5E3820A767D2BFCFDCBEF936.e.5163/elements - {"using":"css selector","value":"td"}
RESULT: {"using":"css selector","value":"td"}
COMMAND: POST /session/a9ef15c056c2e43ebaea63ed65e0d12a/element/f.5C1E112C024A7E7EDD35BD5D9BF8FD55.d.8B9902CC5E3820A767D2BFCFDCBEF936.e.5164/elements - {"using":"css selector","value":"td"}
RESULT: {"using":"css selector","value":"td"}
COMMAND: POST /session/a9ef15c056c2e43ebaea63ed65e0d12a/element/f.5C1E112C024A7E7EDD35BD5D9BF8FD55.d.8B9902CC5E3820A767D2BFCFDCBEF936.e.5165/elements - {"using":"css selector","value":"td"}
RESULT: {"using":"css selector","value":"td"}
COMMAND: POST /session/a9ef15c056c2e43ebaea63ed65e0d12a/element/f.5C1E112C024A7E7EDD35BD5D9BF8FD55.d.8B9902CC5E3820A767D2BFCFDCBEF936.e.5166/elements - {"using":"css selector","value":"td"}
RESULT: {"using":"css selector","value":"td"}
COMMAND: POST /session/a9ef15c056c2e43ebaea63ed65e0d12a/element/f.5C1E112C024A7E7EDD35BD5D9BF8FD55.d.8B9902CC5E3820A767D2BFCFDCBEF936.e.5167/elements - {"using":"css selector","value":"td"}
RESULT: {"using":"css selector","value":"td"}
COMMAND: POST /session/a9ef15c056c2e43ebaea63ed65e0d12a/element/f.5C1E112C024A7E7EDD35BD5D9BF8FD55.d.8B9902CC5E3820A767D2BFCFDCBEF936.e.5168/elements - {"using":"css selector","value":"td"}
RESULT: {"using":"css selector","value":"td"}
COMMAND: POST /session/a9ef15c056c2e43ebaea63ed65e0d12a/element/f.5C1E112C024A7E7EDD35BD5D9BF8FD55.d.8B9902CC5E3820A767D2BFCFDCBEF936.e.5169/elements - {"using":"css selector","value":"td"}
RESULT: {"using":"css selector","value":"td"}
COMMAND: POST /session/a9ef15c056c2e43ebaea63ed65e0d12a/element/f.5C1E112C024A7E7EDD35BD5D9BF8FD55.d.8B9902CC5E3820A767D2BFCFDCBEF936.e.5170/elements - {"using":"css selector","value":"td"}
RESULT: {"using":"css selector","value":"td"}
COMMAND: POST /session/a9ef15c056c2e43ebaea63ed65e0d12a/element/f.5C1E112C024A7E7EDD35BD5D9BF8FD55.d.8B9902CC5E3820A767D2BFCFDCBEF936.e.5171/elements - {"using":"css selector","value":"td"}
RESULT: {"using":"css selector","value":"td"}
COMMAND: POST /session/a9ef15c056c2e43ebaea63ed65e0d12a/element/f.5C1E112C024A7E7EDD35BD5D9BF8FD55.d.8B9902CC5E3820A767D2BFCFDCBEF936.e.5172/elements - {"using":"css selector","value":"td"}
RESULT: {"using":"css selector","value":"td"}
COMMAND: POST /session/a9ef15c056c2e43ebaea63ed65e0d12a/element/f.5C1E112C024A7E7EDD35BD5D9BF8FD55.d.8B9902CC5E3820A767D2BFCFDCBEF936.e.5173/elements - {"using":"css selector","value":"td"}
RESULT: {"using":"css selector","value":"td"}
COMMAND: POST /session/a9ef15c056c2e43ebaea63ed65e0d12a/element/f.5C1E112C024A7E7EDD35BD5D9BF8FD55.d.8B9902CC5E3820A767D2BFCFDCBEF936.e.5174/elements - {"using":"css selector","value":"td"}
RESULT: {"using":"css selector","value":"td"}
COMMAND: POST /session/a9ef15c056c2e43ebaea63ed65e0d12a/element/f.5C1E112C024A7E7EDD35BD5D9BF8FD55.d.8B9902CC5E3820A767D2BFCFDCBEF936.e.5175/elements - {"using":"css selector","value":"td"}
RESULT: {"using":"css selector","value":"td"}
COMMAND: POST /session/a9ef15c056c2e43ebaea63ed65e0d12a/element/f.5C1E112C024A7E7EDD35BD5D9BF8FD55.d.8B9902CC5E3820A767D2BFCFDCBEF936.e.5176/elements - {"using":"css selector","value":"td"}
RESULT: {"using":"css selector","value":"td"}
COMMAND: POST /session/a9ef15c056c2e43ebaea63ed65e0d12a/element/f.5C1E112C024A7E7EDD35BD5D9BF8FD55.d.8B9902CC5E3820A767D2BFCFDCBEF936.e.5177/elements - {"using":"css selector","value":"td"}
RESULT: {"using":"css selector","value":"td"}
COMMAND: POST /session/a9ef15c056c2e43ebaea63ed65e0d12a/element/f.5C1E112C024A7E7EDD35BD5D9BF8FD55.d.8B9902CC5E3820A767D2BFCFDCBEF936.e.5178/elements - {"using":"css selector","value":"td"}
RESULT: {"using":"css selector","value":"td"}
COMMAND: POST /session/a9ef15c056c2e43ebaea63ed65e0d12a/element/f.5C1E112C024A7E7EDD35BD5D9BF8FD55.d.8B9902CC5E3820A767D2BFCFDCBEF936.e.5179/elements - {"using":"css selector","value":"td"}
RESULT: {"using":"css selector","value":"td"}
COMMAND: POST /session/a9ef15c056c2e43ebaea63ed65e0d12a/element/f.5C1E112C024A7E7EDD35BD5D9BF8FD55.d.8B9902CC5E3820A767D2BFCFDCBEF936.e.5180/elements - {"using":"css selector","value":"td"}
RESULT: {"using":"css selector","value":"td"}
COMMAND: POST /session/a9ef15c056c2e43ebaea63ed65e0d12a/element/f.5C1E112C024A7E7EDD35BD5D9BF8FD55.d.8B9902CC5E3820A767D2BFCFDCBEF936.e.5181/elements - {"using":"css selector","value":"td"}
RESULT: {"using":"css selector","value":"td"}
COMMAND: POST /session/a9ef15c056c2e43ebaea63ed65e0d12a/element/f.5C1E112C024A7E7EDD35BD5D9BF8FD55.d.8B9902CC5E3820A767D2BFCFDCBEF936.e.5182/elements - {"using":"css selector","value":"td"}
RESULT: {"using":"css selector","value":"td"}
COMMAND: POST /session/a9ef15c056c2e43ebaea63ed65e0d12a/element/f.5C1E112C024A7E7EDD35BD5D9BF8FD55.d.8B9902CC5E3820A767D2BFCFDCBEF936.e.5183/elements - {"using":"css selector","value":"td"}
RESULT: {"using":"css selector","value":"td"}
COMMAND: POST /session/a9ef15c056c2e43ebaea63ed65e0d12a/element/f.5C1E112C024A7E7EDD35BD5D9BF8FD55.d.8B9902CC5E3820A767D2BFCFDCBEF936.e.5184/elements - {"using":"css selector","value":"td"}
RESULT: {"using":"css selector","value":"td"}
COMMAND: POST /session/a9ef15c056c2e43ebaea63ed65e0d12a/element/f.5C1E112C024A7E7EDD35BD5D9BF8FD55.d.8B9902CC5E3820A767D2BFCFDCBEF936.e.5185/elements - {"using":"css selector","value":"td"}
RESULT: {"using":"css selector","value":"td"}
COMMAND: POST /session/a9ef15c056c2e43ebaea63ed65e0d12a/element/f.5C1E112C024A7E7EDD35BD5D9BF8FD55.d.8B9902CC5E3820A767D2BFCFDCBEF936.e.5186/elements - {"using":"css selector","value":"td"}
RESULT: {"using":"css selector","value":"td"}
COMMAND: POST /session/a9ef15c056c2e43ebaea63ed65e0d12a/element/f.5C1E112C024A7E7EDD35BD5D9BF8FD55.d.8B9902CC5E3820A767D2BFCFDCBEF936.e.5187/elements - {"using":"css selector","value":"td"}
RESULT: {"using":"css selector","value":"td"}
COMMAND: POST /session/a9ef15c056c2e43ebaea63ed65e0d12a/element/f.5C1E112C024A7E7EDD35BD5D9BF8FD55.d.8B9902CC5E3820A767D2BFCFDCBEF936.e.5188/elements - {"using":"css selector","value":"td"}
RESULT: {"using":"css selector","value":"td"}
COMMAND: POST /session/a9ef15c056c2e43ebaea63ed65e0d12a/element/f.5C1E112C024A7E7EDD35BD5D9BF8FD55.d.8B9902CC5E3820A767D2BFCFDCBEF936.e.5189/elements - {"using":"css selector","value":"td"}
RESULT: {"using":"css selector","value":"td"}
COMMAND: POST /session/a9ef15c056c2e43ebaea63ed65e0d12a/element/f.5C1E112C024A7E7EDD35BD5D9BF8FD55.d.8B9902CC5E3820A767D2BFCFDCBEF936.e.5190/elements - {"using":"css selector","value":"td"}
RESULT: {"using":"css selector","value":"td"}
COMMAND: POST /session/a9ef15c056c2e43ebaea63ed65e0d12a/element/f.5C1E112C024A7E7EDD35BD5D9BF8FD55.d.8B9902CC5E3820A767D2BFCFDCBEF936.e.5191/elements - {"using":"css selector","value":"td"}
RESULT: {"using":"css selector","value":"td"}
COMMAND: POST /session/a9ef15c056c2e43ebaea63ed65e0d12a/element/f.5C1E112C024A7E7EDD35BD5D9BF8FD55.d.8B9902CC5E3820A767D2BFCFDCBEF936.e.5192/elements - {"using":"css selector","value":"td"}
RESULT: {"using":"css selector","value":"td"}
COMMAND: POST /session/a9ef15c056c2e43ebaea63ed65e0d12a/element/f.5C1E112C024A7E7EDD35BD5D9BF8FD55.d.8B9902CC5E3820A767D2BFCFDCBEF936.e.5193/elements - {"using":"css selector","value":"td"}
RESULT: {"using":"css selector","value":"td"}
COMMAND: POST /session/a9ef15c056c2e43ebaea63ed65e0d12a/element/f.5C1E112C024A7E7EDD35BD5D9BF8FD55.d.8B9902CC5E3820A767D2BFCFDCBEF936.e.5194/elements - {"using":"css selector","value":"td"}
RESULT: {"using":"css selector","value":"td"}
COMMAND: POST /session/a9ef15c056c2e43ebaea63ed65e0d12a/element/f.5C1E112C024A7E7EDD35BD5D9BF8FD55.d.8B9902CC5E3820A767D2BFCFDCBEF936.e.5195/elements - {"using":"css selector","value":"td"}
RESULT: {"using":"css selector","value":"td"}
COMMAND: POST /session/a9ef15c056c2e43ebaea63ed65e0d12a/element/f.5C1E112C024A7E7EDD35BD5D9BF8FD55.d.8B9902CC5E3820A767D2BFCFDCBEF936.e.5196/elements - {"using":"css selector","value":"td"}
RESULT: {"using":"css selector","value":"td"}
COMMAND: POST /session/a9ef15c056c2e43ebaea63ed65e0d12a/element/f.5C1E112C024A7E7EDD35BD5D9BF8FD55.d.8B9902CC5E3820A767D2BFCFDCBEF936.e.5197/elements - {"using":"css selector","value":"td"}
RESULT: {"using":"css selector","value":"td"}
COMMAND: POST /session/a9ef15c056c2e43ebaea63ed65e0d12a/element/f.5C1E112C024A7E7EDD35BD5D9BF8FD55.d.8B9902CC5E3820A767D2BFCFDCBEF936.e.5198/elements - {"using":"css selector","value":"td"}
RESULT: {"using":"css selector","value":"td"}
COMMAND: POST /session/a9ef15c056c2e43ebaea63ed65e0d12a/element/f.5C1E112C024A7E7EDD35BD5D9BF8FD55.d.8B9902CC5E3820A767D2BFCFDCBEF936.e.5199/elements - {"using":"css selector","value":"td"}
RESULT: {"using":"css selector","value":"td"}
COMMAND: POST /session/a9ef15c056c2e43ebaea63ed65e0d12a/element/f.5C1E112C024A7E7EDD35BD5D9BF8FD55.d.8B9902CC5E3820A767D2BFCFDCBEF936.e.5200/elements - {"using":"css selector","value":"td"}
RESULT: {"using":"css selector","value":"td"}
COMMAND: POST /session/a9ef15c056c2e43ebaea63ed65e0d12a/element/f.5C1E112C024A7E7EDD35BD5D9BF8FD55.d.8B9902CC5E3820A767D2BFCFDCBEF936.e.5201/elements - {"using":"css selector","value":"td"}
RESULT: {"using":"css selector","value":"td"}
COMMAND: POST /session/a9ef15c056c2e43ebaea63ed65e0d12a/element/f.5C1E112C024A7E7EDD35BD5D9BF8FD55.d.8B9902CC5E3820A767D2BFCFDCBEF936.e.5202/elements - {"using":"css selector","value":"td"}
RESULT: {"using":"css selector","value":"td"}
COMMAND: POST /session/a9ef15c056c2e43ebaea63ed65e0d12a/element/f.5C1E112C024A7E7EDD35BD5D9BF8FD55.d.8B9902CC5E3820A767D2BFCFDCBEF936.e.5203/elements - {"using":"css selector","value":"td"}
RESULT: {"using":"css selector","value":"td"}
COMMAND: POST /session/a9ef15c056c2e43ebaea63ed65e0d12a/element/f.5C1E112C024A7E7EDD35BD5D9BF8FD55.d.8B9902CC5E3820A767D2BFCFDCBEF936.e.5204/elements - {"using":"css selector","value":"td"}
RESULT: {"using":"css selector","value":"td"}
COMMAND: POST /session/a9ef15c056c2e43ebaea63ed65e0d12a/element/f.5C1E112C024A7E7EDD35BD5D9BF8FD55.d.8B9902CC5E3820A767D2BFCFDCBEF936.e.5205/elements - {"using":"css selector","value":"td"}
RESULT: {"using":"css selector","value":"td"}
COMMAND: POST /session/a9ef15c056c2e43ebaea63ed65e0d12a/element/f.5C1E112C024A7E7EDD35BD5D9BF8FD55.d.8B9902CC5E3820A767D2BFCFDCBEF936.e.5206/elements - {"using":"css selector","value":"td"}
RESULT: {"using":"css selector","value":"td"}
COMMAND: POST /session/a9ef15c056c2e43ebaea63ed65e0d12a/element/f.5C1E112C024A7E7EDD35BD5D9BF8FD55.d.8B9902CC5E3820A767D2BFCFDCBEF936.e.5207/elements - {"using":"css selector","value":"td"}
RESULT: {"using":"css selector","value":"td"}
COMMAND: POST /session/a9ef15c056c2e43ebaea63ed65e0d12a/element/f.5C1E112C024A7E7EDD35BD5D9BF8FD55.d.8B9902CC5E3820A767D2BFCFDCBEF936.e.5208/elements - {"using":"css selector","value":"td"}
RESULT: {"using":"css selector","value":"td"}
COMMAND: POST /session/a9ef15c056c2e43ebaea63ed65e0d12a/element/f.5C1E112C024A7E7EDD35BD5D9BF8FD55.d.8B9902CC5E3820A767D2BFCFDCBEF936.e.6125/element - {"using":"css selector","value":"input"}
RESULT: {"using":"css selector","value":"input"}
COMMAND: GET /session/a9ef15c056c2e43ebaea63ed65e0d12a/element/f.5C1E112C024A7E7EDD35BD5D9BF8FD55.d.8B9902CC5E3820A767D2BFCFDCBEF936.e.4960/property/value - {}
RESULT: {}
COMMAND: POST /session/a9ef15c056c2e43ebaea63ed65e0d12a/element/f.5C1E112C024A7E7EDD35BD5D9BF8FD55.d.8B9902CC5E3820A767D2BFCFDCBEF936.e.5208/element - {"using":"css selector","value":".sapMCbBg"}
COMMAND: GET /session/a9ef15c056c2e43ebaea63ed65e0d12a/screenshot - {}
RESULT: {"using":"css selector","value":".sapMCbBg"}
COMMAND: GET /session/a9ef15c056c2e43ebaea63ed65e0d12a/element/f.5C1E112C024A7E7EDD35BD5D9BF8FD55.d.8B9902CC5E3820A767D2BFCFDCBEF936.e.6130/selected - {}
RESULT: {}
RESULT: {}
COMMAND: POST /session/a9ef15c056c2e43ebaea63ed65e0d12a/element/f.5C1E112C024A7E7EDD35BD5D9BF8FD55.d.8B9902CC5E3820A767D2BFCFDCBEF936.e.6130/click - {}
COMMAND: GET /session/a9ef15c056c2e43ebaea63ed65e0d12a/screenshot - {}
RESULT: {}
COMMAND: POST /session/a9ef15c056c2e43ebaea63ed65e0d12a/element/f.5C1E112C024A7E7EDD35BD5D9BF8FD55.d.8B9902CC5E3820A767D2BFCFDCBEF936.e.5209/elements - {"using":"css selector","value":"td"}
COMMAND: GET /session/a9ef15c056c2e43ebaea63ed65e0d12a/screenshot - {}
RESULT: {}
RESULT: {"using":"css selector","value":"td"}
COMMAND: POST /session/a9ef15c056c2e43ebaea63ed65e0d12a/element/f.5C1E112C024A7E7EDD35BD5D9BF8FD55.d.8B9902CC5E3820A767D2BFCFDCBEF936.e.6136/element - {"using":"css selector","value":"input"}
RESULT: {}
RESULT: {"using":"css selector","value":"input"}
COMMAND: GET /session/a9ef15c056c2e43ebaea63ed65e0d12a/element/f.5C1E112C024A7E7EDD35BD5D9BF8FD55.d.8B9902CC5E3820A767D2BFCFDCBEF936.e.4965/property/value - {}
RESULT: {}
COMMAND: POST /session/a9ef15c056c2e43ebaea63ed65e0d12a/element/f.5C1E112C024A7E7EDD35BD5D9BF8FD55.d.8B9902CC5E3820A767D2BFCFDCBEF936.e.5209/element - {"using":"css selector","value":".sapMCbBg"}
COMMAND: GET /session/a9ef15c056c2e43ebaea63ed65e0d12a/screenshot - {}
RESULT: {"using":"css selector","value":".sapMCbBg"}
COMMAND: GET /session/a9ef15c056c2e43ebaea63ed65e0d12a/element/f.5C1E112C024A7E7EDD35BD5D9BF8FD55.d.8B9902CC5E3820A767D2BFCFDCBEF936.e.6141/selected - {}
RESULT: {}
RESULT: {}
COMMAND: POST /session/a9ef15c056c2e43ebaea63ed65e0d12a/element/f.5C1E112C024A7E7EDD35BD5D9BF8FD55.d.8B9902CC5E3820A767D2BFCFDCBEF936.e.6141/click - {}
COMMAND: GET /session/a9ef15c056c2e43ebaea63ed65e0d12a/screenshot - {}
RESULT: {}
COMMAND: POST /session/a9ef15c056c2e43ebaea63ed65e0d12a/element/f.5C1E112C024A7E7EDD35BD5D9BF8FD55.d.8B9902CC5E3820A767D2BFCFDCBEF936.e.5210/elements - {"using":"css selector","value":"td"}
COMMAND: GET /session/a9ef15c056c2e43ebaea63ed65e0d12a/screenshot - {}
RESULT: {}
RESULT: {"using":"css selector","value":"td"}
COMMAND: POST /session/a9ef15c056c2e43ebaea63ed65e0d12a/element/f.5C1E112C024A7E7EDD35BD5D9BF8FD55.d.8B9902CC5E3820A767D2BFCFDCBEF936.e.6147/element - {"using":"css selector","value":"input"}
RESULT: {}
RESULT: {"using":"css selector","value":"input"}
COMMAND: GET /session/a9ef15c056c2e43ebaea63ed65e0d12a/element/f.5C1E112C024A7E7EDD35BD5D9BF8FD55.d.8B9902CC5E3820A767D2BFCFDCBEF936.e.4970/property/value - {}
RESULT: {}
COMMAND: POST /session/a9ef15c056c2e43ebaea63ed65e0d12a/element/f.5C1E112C024A7E7EDD35BD5D9BF8FD55.d.8B9902CC5E3820A767D2BFCFDCBEF936.e.5211/elements - {"using":"css selector","value":"td"}
COMMAND: GET /session/a9ef15c056c2e43ebaea63ed65e0d12a/screenshot - {}
RESULT: {"using":"css selector","value":"td"}
COMMAND: POST /session/a9ef15c056c2e43ebaea63ed65e0d12a/element/f.5C1E112C024A7E7EDD35BD5D9BF8FD55.d.8B9902CC5E3820A767D2BFCFDCBEF936.e.5233/element - {"using":"css selector","value":"input"}
RESULT: {}
RESULT: {"using":"css selector","value":"input"}
COMMAND: GET /session/a9ef15c056c2e43ebaea63ed65e0d12a/element/f.5C1E112C024A7E7EDD35BD5D9BF8FD55.d.8B9902CC5E3820A767D2BFCFDCBEF936.e.5216/property/value - {}
RESULT: {}
COMMAND: POST /session/a9ef15c056c2e43ebaea63ed65e0d12a/element/f.5C1E112C024A7E7EDD35BD5D9BF8FD55.d.8B9902CC5E3820A767D2BFCFDCBEF936.e.5211/element - {"using":"css selector","value":".sapMCbBg"}
COMMAND: GET /session/a9ef15c056c2e43ebaea63ed65e0d12a/screenshot - {}
RESULT: {"using":"css selector","value":".sapMCbBg"}
COMMAND: GET /session/a9ef15c056c2e43ebaea63ed65e0d12a/element/f.5C1E112C024A7E7EDD35BD5D9BF8FD55.d.8B9902CC5E3820A767D2BFCFDCBEF936.e.6156/selected - {}
RESULT: {}
RESULT: {}
COMMAND: POST /session/a9ef15c056c2e43ebaea63ed65e0d12a/element/f.5C1E112C024A7E7EDD35BD5D9BF8FD55.d.8B9902CC5E3820A767D2BFCFDCBEF936.e.6156/click - {}
COMMAND: GET /session/a9ef15c056c2e43ebaea63ed65e0d12a/screenshot - {}
RESULT: {}
COMMAND: POST /session/a9ef15c056c2e43ebaea63ed65e0d12a/element/f.5C1E112C024A7E7EDD35BD5D9BF8FD55.d.8B9902CC5E3820A767D2BFCFDCBEF936.e.5244/elements - {"using":"css selector","value":"td"}
COMMAND: GET /session/a9ef15c056c2e43ebaea63ed65e0d12a/screenshot - {}
RESULT: {}
RESULT: {"using":"css selector","value":"td"}
COMMAND: POST /session/a9ef15c056c2e43ebaea63ed65e0d12a/element/f.5C1E112C024A7E7EDD35BD5D9BF8FD55.d.8B9902CC5E3820A767D2BFCFDCBEF936.e.5266/element - {"using":"css selector","value":"input"}
RESULT: {}
RESULT: {"using":"css selector","value":"input"}
COMMAND: GET /session/a9ef15c056c2e43ebaea63ed65e0d12a/element/f.5C1E112C024A7E7EDD35BD5D9BF8FD55.d.8B9902CC5E3820A767D2BFCFDCBEF936.e.5249/property/value - {}
RESULT: {}
COMMAND: POST /session/a9ef15c056c2e43ebaea63ed65e0d12a/element/f.5C1E112C024A7E7EDD35BD5D9BF8FD55.d.8B9902CC5E3820A767D2BFCFDCBEF936.e.5244/element - {"using":"css selector","value":".sapMCbBg"}
COMMAND: GET /session/a9ef15c056c2e43ebaea63ed65e0d12a/screenshot - {}
RESULT: {"using":"css selector","value":".sapMCbBg"}
COMMAND: GET /session/a9ef15c056c2e43ebaea63ed65e0d12a/element/f.5C1E112C024A7E7EDD35BD5D9BF8FD55.d.8B9902CC5E3820A767D2BFCFDCBEF936.e.6160/selected - {}
RESULT: {}
RESULT: {}
COMMAND: POST /session/a9ef15c056c2e43ebaea63ed65e0d12a/element/f.5C1E112C024A7E7EDD35BD5D9BF8FD55.d.8B9902CC5E3820A767D2BFCFDCBEF936.e.6160/click - {}
COMMAND: GET /session/a9ef15c056c2e43ebaea63ed65e0d12a/screenshot - {}
RESULT: {}
COMMAND: GET /session/a9ef15c056c2e43ebaea63ed65e0d12a/screenshot - {}
RESULT: {}
RESULT: {}
COMMAND: POST /session/a9ef15c056c2e43ebaea63ed65e0d12a/execute/async - {"script":"<script> [1562 bytes]","args":[{"selector":{"id":"application-manageconditionprice-display-component---dailyPrices--deleteBtn","interaction":{"idSuffix":"content"}},"wdio_ui5_key":"applicationmanageconditionprice-display-component---dailyPrices--deleteBtn"}]}
RESULT: {"script":"<script> [1562 bytes]","args":[{"selector":{"id":"application-manageconditionprice-display-component---dailyPrices--deleteBtn","interaction":{"idSuffix":"content"}},"wdio_ui5_key":"applicationmanageconditionprice-display-component---dailyPrices--deleteBtn"}]}
RESULT: undefined
COMMAND: POST /session/a9ef15c056c2e43ebaea63ed65e0d12a/element - {"using":"xpath","value":"//*[@id=\"application-manageconditionprice-display-component---dailyPrices--deleteBtn\"]"}
RESULT: {"using":"xpath","value":"//*[@id=\"application-manageconditionprice-display-component---dailyPrices--deleteBtn\"]"}
COMMAND: POST /session/a9ef15c056c2e43ebaea63ed65e0d12a/element/f.5C1E112C024A7E7EDD35BD5D9BF8FD55.d.8B9902CC5E3820A767D2BFCFDCBEF936.e.6162/click - {}
RESULT: {}
COMMAND: POST /session/a9ef15c056c2e43ebaea63ed65e0d12a/execute/async - {"script":"<script> [1562 bytes]","args":[{"selector":{"controlType":"sap.m.Button","properties":{"text":"OK"},"searchOpenDialogs":true,"interaction":{"idSuffix":"BDI-content"}},"wdio_ui5_key":"sapm.Button{\"text\":\"OK\"}"}]}
COMMAND: GET /session/a9ef15c056c2e43ebaea63ed65e0d12a/screenshot - {}
RESULT: {"script":"<script> [1562 bytes]","args":[{"selector":{"controlType":"sap.m.Button","properties":{"text":"OK"},"searchOpenDialogs":true,"interaction":{"idSuffix":"BDI-content"}},"wdio_ui5_key":"sapm.Button{\"text\":\"OK\"}"}]}
RESULT: undefined
COMMAND: POST /session/a9ef15c056c2e43ebaea63ed65e0d12a/element - {"using":"xpath","value":"//*[@id=\"__mbox-btn-0\"]"}
RESULT: {}
RESULT: {"using":"xpath","value":"//*[@id=\"__mbox-btn-0\"]"}
COMMAND: POST /session/a9ef15c056c2e43ebaea63ed65e0d12a/element/f.5C1E112C024A7E7EDD35BD5D9BF8FD55.d.8B9902CC5E3820A767D2BFCFDCBEF936.e.6163/click - {}
RESULT: {}
COMMAND: GET /session/a9ef15c056c2e43ebaea63ed65e0d12a/screenshot - {}
RESULT: {}
RESULT: undefined
COMMAND: POST /session/a9ef15c056c2e43ebaea63ed65e0d12a/element - {"using":"xpath","value":"//*[@id=\"__button115\"]"}
RESULT: {"using":"xpath","value":"//*[@id=\"__button115\"]"}
COMMAND: POST /session/a9ef15c056c2e43ebaea63ed65e0d12a/element/f.5C1E112C024A7E7EDD35BD5D9BF8FD55.d.8B9902CC5E3820A767D2BFCFDCBEF936.e.5310/click - {}
RESULT: {}
COMMAND: GET /session/a9ef15c056c2e43ebaea63ed65e0d12a/screenshot - {}
RESULT: {}
COMMAND: POST /session/a9ef15c056c2e43ebaea63ed65e0d12a/elements - {"using":"css selector","value":"table tr"}
RESULT: {"using":"css selector","value":"table tr"}
COMMAND: POST /session/a9ef15c056c2e43ebaea63ed65e0d12a/element/f.5C1E112C024A7E7EDD35BD5D9BF8FD55.d.8B9902CC5E3820A767D2BFCFDCBEF936.e.5012/elements - {"using":"css selector","value":"td"}
RESULT: {"using":"css selector","value":"td"}
COMMAND: POST /session/a9ef15c056c2e43ebaea63ed65e0d12a/element/f.5C1E112C024A7E7EDD35BD5D9BF8FD55.d.8B9902CC5E3820A767D2BFCFDCBEF936.e.5013/elements - {"using":"css selector","value":"td"}
RESULT: {"using":"css selector","value":"td"}
COMMAND: POST /session/a9ef15c056c2e43ebaea63ed65e0d12a/element/f.5C1E112C024A7E7EDD35BD5D9BF8FD55.d.8B9902CC5E3820A767D2BFCFDCBEF936.e.5014/elements - {"using":"css selector","value":"td"}
RESULT: {"using":"css selector","value":"td"}
COMMAND: POST /session/a9ef15c056c2e43ebaea63ed65e0d12a/element/f.5C1E112C024A7E7EDD35BD5D9BF8FD55.d.8B9902CC5E3820A767D2BFCFDCBEF936.e.4910/elements - {"using":"css selector","value":"td"}
RESULT: {"using":"css selector","value":"td"}
COMMAND: POST /session/a9ef15c056c2e43ebaea63ed65e0d12a/element/f.5C1E112C024A7E7EDD35BD5D9BF8FD55.d.8B9902CC5E3820A767D2BFCFDCBEF936.e.4911/elements - {"using":"css selector","value":"td"}
RESULT: {"using":"css selector","value":"td"}
COMMAND: POST /session/a9ef15c056c2e43ebaea63ed65e0d12a/element/f.5C1E112C024A7E7EDD35BD5D9BF8FD55.d.8B9902CC5E3820A767D2BFCFDCBEF936.e.4917/elements - {"using":"css selector","value":"td"}
RESULT: {"using":"css selector","value":"td"}
COMMAND: POST /session/a9ef15c056c2e43ebaea63ed65e0d12a/element/f.5C1E112C024A7E7EDD35BD5D9BF8FD55.d.8B9902CC5E3820A767D2BFCFDCBEF936.e.4918/elements - {"using":"css selector","value":"td"}
RESULT: {"using":"css selector","value":"td"}
COMMAND: POST /session/a9ef15c056c2e43ebaea63ed65e0d12a/element/f.5C1E112C024A7E7EDD35BD5D9BF8FD55.d.8B9902CC5E3820A767D2BFCFDCBEF936.e.4924/elements - {"using":"css selector","value":"td"}
RESULT: {"using":"css selector","value":"td"}
COMMAND: POST /session/a9ef15c056c2e43ebaea63ed65e0d12a/element/f.5C1E112C024A7E7EDD35BD5D9BF8FD55.d.8B9902CC5E3820A767D2BFCFDCBEF936.e.4925/elements - {"using":"css selector","value":"td"}
RESULT: {"using":"css selector","value":"td"}
COMMAND: POST /session/a9ef15c056c2e43ebaea63ed65e0d12a/element/f.5C1E112C024A7E7EDD35BD5D9BF8FD55.d.8B9902CC5E3820A767D2BFCFDCBEF936.e.4928/elements - {"using":"css selector","value":"td"}
RESULT: {"using":"css selector","value":"td"}
COMMAND: POST /session/a9ef15c056c2e43ebaea63ed65e0d12a/element/f.5C1E112C024A7E7EDD35BD5D9BF8FD55.d.8B9902CC5E3820A767D2BFCFDCBEF936.e.5015/elements - {"using":"css selector","value":"td"}
RESULT: {"using":"css selector","value":"td"}
COMMAND: POST /session/a9ef15c056c2e43ebaea63ed65e0d12a/element/f.5C1E112C024A7E7EDD35BD5D9BF8FD55.d.8B9902CC5E3820A767D2BFCFDCBEF936.e.5016/elements - {"using":"css selector","value":"td"}
RESULT: {"using":"css selector","value":"td"}
COMMAND: POST /session/a9ef15c056c2e43ebaea63ed65e0d12a/element/f.5C1E112C024A7E7EDD35BD5D9BF8FD55.d.8B9902CC5E3820A767D2BFCFDCBEF936.e.5017/elements - {"using":"css selector","value":"td"}
RESULT: {"using":"css selector","value":"td"}
COMMAND: POST /session/a9ef15c056c2e43ebaea63ed65e0d12a/element/f.5C1E112C024A7E7EDD35BD5D9BF8FD55.d.8B9902CC5E3820A767D2BFCFDCBEF936.e.5018/elements - {"using":"css selector","value":"td"}
RESULT: {"using":"css selector","value":"td"}
COMMAND: POST /session/a9ef15c056c2e43ebaea63ed65e0d12a/element/f.5C1E112C024A7E7EDD35BD5D9BF8FD55.d.8B9902CC5E3820A767D2BFCFDCBEF936.e.5019/elements - {"using":"css selector","value":"td"}
RESULT: {"using":"css selector","value":"td"}
COMMAND: POST /session/a9ef15c056c2e43ebaea63ed65e0d12a/element/f.5C1E112C024A7E7EDD35BD5D9BF8FD55.d.8B9902CC5E3820A767D2BFCFDCBEF936.e.5020/elements - {"using":"css selector","value":"td"}
RESULT: {"using":"css selector","value":"td"}
COMMAND: POST /session/a9ef15c056c2e43ebaea63ed65e0d12a/element/f.5C1E112C024A7E7EDD35BD5D9BF8FD55.d.8B9902CC5E3820A767D2BFCFDCBEF936.e.5021/elements - {"using":"css selector","value":"td"}
RESULT: {"using":"css selector","value":"td"}
COMMAND: POST /session/a9ef15c056c2e43ebaea63ed65e0d12a/element/f.5C1E112C024A7E7EDD35BD5D9BF8FD55.d.8B9902CC5E3820A767D2BFCFDCBEF936.e.5022/elements - {"using":"css selector","value":"td"}
RESULT: {"using":"css selector","value":"td"}
COMMAND: POST /session/a9ef15c056c2e43ebaea63ed65e0d12a/element/f.5C1E112C024A7E7EDD35BD5D9BF8FD55.d.8B9902CC5E3820A767D2BFCFDCBEF936.e.5023/elements - {"using":"css selector","value":"td"}
RESULT: {"using":"css selector","value":"td"}
COMMAND: POST /session/a9ef15c056c2e43ebaea63ed65e0d12a/element/f.5C1E112C024A7E7EDD35BD5D9BF8FD55.d.8B9902CC5E3820A767D2BFCFDCBEF936.e.5024/elements - {"using":"css selector","value":"td"}
RESULT: {"using":"css selector","value":"td"}
COMMAND: POST /session/a9ef15c056c2e43ebaea63ed65e0d12a/element/f.5C1E112C024A7E7EDD35BD5D9BF8FD55.d.8B9902CC5E3820A767D2BFCFDCBEF936.e.5025/elements - {"using":"css selector","value":"td"}
RESULT: {"using":"css selector","value":"td"}
COMMAND: POST /session/a9ef15c056c2e43ebaea63ed65e0d12a/element/f.5C1E112C024A7E7EDD35BD5D9BF8FD55.d.8B9902CC5E3820A767D2BFCFDCBEF936.e.5026/elements - {"using":"css selector","value":"td"}
RESULT: {"using":"css selector","value":"td"}
COMMAND: POST /session/a9ef15c056c2e43ebaea63ed65e0d12a/element/f.5C1E112C024A7E7EDD35BD5D9BF8FD55.d.8B9902CC5E3820A767D2BFCFDCBEF936.e.5027/elements - {"using":"css selector","value":"td"}
RESULT: {"using":"css selector","value":"td"}
COMMAND: POST /session/a9ef15c056c2e43ebaea63ed65e0d12a/element/f.5C1E112C024A7E7EDD35BD5D9BF8FD55.d.8B9902CC5E3820A767D2BFCFDCBEF936.e.5028/elements - {"using":"css selector","value":"td"}
RESULT: {"using":"css selector","value":"td"}
COMMAND: POST /session/a9ef15c056c2e43ebaea63ed65e0d12a/element/f.5C1E112C024A7E7EDD35BD5D9BF8FD55.d.8B9902CC5E3820A767D2BFCFDCBEF936.e.5029/elements - {"using":"css selector","value":"td"}
RESULT: {"using":"css selector","value":"td"}
COMMAND: POST /session/a9ef15c056c2e43ebaea63ed65e0d12a/element/f.5C1E112C024A7E7EDD35BD5D9BF8FD55.d.8B9902CC5E3820A767D2BFCFDCBEF936.e.5030/elements - {"using":"css selector","value":"td"}
RESULT: {"using":"css selector","value":"td"}
COMMAND: POST /session/a9ef15c056c2e43ebaea63ed65e0d12a/element/f.5C1E112C024A7E7EDD35BD5D9BF8FD55.d.8B9902CC5E3820A767D2BFCFDCBEF936.e.5031/elements - {"using":"css selector","value":"td"}
RESULT: {"using":"css selector","value":"td"}
COMMAND: POST /session/a9ef15c056c2e43ebaea63ed65e0d12a/element/f.5C1E112C024A7E7EDD35BD5D9BF8FD55.d.8B9902CC5E3820A767D2BFCFDCBEF936.e.5032/elements - {"using":"css selector","value":"td"}
RESULT: {"using":"css selector","value":"td"}
COMMAND: POST /session/a9ef15c056c2e43ebaea63ed65e0d12a/element/f.5C1E112C024A7E7EDD35BD5D9BF8FD55.d.8B9902CC5E3820A767D2BFCFDCBEF936.e.5033/elements - {"using":"css selector","value":"td"}
RESULT: {"using":"css selector","value":"td"}
COMMAND: POST /session/a9ef15c056c2e43ebaea63ed65e0d12a/element/f.5C1E112C024A7E7EDD35BD5D9BF8FD55.d.8B9902CC5E3820A767D2BFCFDCBEF936.e.5034/elements - {"using":"css selector","value":"td"}
RESULT: {"using":"css selector","value":"td"}
COMMAND: POST /session/a9ef15c056c2e43ebaea63ed65e0d12a/element/f.5C1E112C024A7E7EDD35BD5D9BF8FD55.d.8B9902CC5E3820A767D2BFCFDCBEF936.e.5035/elements - {"using":"css selector","value":"td"}
RESULT: {"using":"css selector","value":"td"}
COMMAND: POST /session/a9ef15c056c2e43ebaea63ed65e0d12a/element/f.5C1E112C024A7E7EDD35BD5D9BF8FD55.d.8B9902CC5E3820A767D2BFCFDCBEF936.e.5036/elements - {"using":"css selector","value":"td"}
RESULT: {"using":"css selector","value":"td"}
COMMAND: POST /session/a9ef15c056c2e43ebaea63ed65e0d12a/element/f.5C1E112C024A7E7EDD35BD5D9BF8FD55.d.8B9902CC5E3820A767D2BFCFDCBEF936.e.5037/elements - {"using":"css selector","value":"td"}
RESULT: {"using":"css selector","value":"td"}
COMMAND: POST /session/a9ef15c056c2e43ebaea63ed65e0d12a/element/f.5C1E112C024A7E7EDD35BD5D9BF8FD55.d.8B9902CC5E3820A767D2BFCFDCBEF936.e.5038/elements - {"using":"css selector","value":"td"}
RESULT: {"using":"css selector","value":"td"}
COMMAND: POST /session/a9ef15c056c2e43ebaea63ed65e0d12a/element/f.5C1E112C024A7E7EDD35BD5D9BF8FD55.d.8B9902CC5E3820A767D2BFCFDCBEF936.e.5039/elements - {"using":"css selector","value":"td"}
RESULT: {"using":"css selector","value":"td"}
COMMAND: POST /session/a9ef15c056c2e43ebaea63ed65e0d12a/element/f.5C1E112C024A7E7EDD35BD5D9BF8FD55.d.8B9902CC5E3820A767D2BFCFDCBEF936.e.5040/elements - {"using":"css selector","value":"td"}
RESULT: {"using":"css selector","value":"td"}
COMMAND: POST /session/a9ef15c056c2e43ebaea63ed65e0d12a/element/f.5C1E112C024A7E7EDD35BD5D9BF8FD55.d.8B9902CC5E3820A767D2BFCFDCBEF936.e.5041/elements - {"using":"css selector","value":"td"}
RESULT: {"using":"css selector","value":"td"}
COMMAND: POST /session/a9ef15c056c2e43ebaea63ed65e0d12a/element/f.5C1E112C024A7E7EDD35BD5D9BF8FD55.d.8B9902CC5E3820A767D2BFCFDCBEF936.e.5042/elements - {"using":"css selector","value":"td"}
RESULT: {"using":"css selector","value":"td"}
COMMAND: POST /session/a9ef15c056c2e43ebaea63ed65e0d12a/element/f.5C1E112C024A7E7EDD35BD5D9BF8FD55.d.8B9902CC5E3820A767D2BFCFDCBEF936.e.5043/elements - {"using":"css selector","value":"td"}
RESULT: {"using":"css selector","value":"td"}
COMMAND: POST /session/a9ef15c056c2e43ebaea63ed65e0d12a/element/f.5C1E112C024A7E7EDD35BD5D9BF8FD55.d.8B9902CC5E3820A767D2BFCFDCBEF936.e.5044/elements - {"using":"css selector","value":"td"}
RESULT: {"using":"css selector","value":"td"}
COMMAND: POST /session/a9ef15c056c2e43ebaea63ed65e0d12a/element/f.5C1E112C024A7E7EDD35BD5D9BF8FD55.d.8B9902CC5E3820A767D2BFCFDCBEF936.e.5045/elements - {"using":"css selector","value":"td"}
RESULT: {"using":"css selector","value":"td"}
COMMAND: POST /session/a9ef15c056c2e43ebaea63ed65e0d12a/element/f.5C1E112C024A7E7EDD35BD5D9BF8FD55.d.8B9902CC5E3820A767D2BFCFDCBEF936.e.5046/elements - {"using":"css selector","value":"td"}
RESULT: {"using":"css selector","value":"td"}
COMMAND: POST /session/a9ef15c056c2e43ebaea63ed65e0d12a/element/f.5C1E112C024A7E7EDD35BD5D9BF8FD55.d.8B9902CC5E3820A767D2BFCFDCBEF936.e.5047/elements - {"using":"css selector","value":"td"}
RESULT: {"using":"css selector","value":"td"}
COMMAND: POST /session/a9ef15c056c2e43ebaea63ed65e0d12a/element/f.5C1E112C024A7E7EDD35BD5D9BF8FD55.d.8B9902CC5E3820A767D2BFCFDCBEF936.e.5048/elements - {"using":"css selector","value":"td"}
RESULT: {"using":"css selector","value":"td"}
COMMAND: POST /session/a9ef15c056c2e43ebaea63ed65e0d12a/element/f.5C1E112C024A7E7EDD35BD5D9BF8FD55.d.8B9902CC5E3820A767D2BFCFDCBEF936.e.5049/elements - {"using":"css selector","value":"td"}
RESULT: {"using":"css selector","value":"td"}
COMMAND: POST /session/a9ef15c056c2e43ebaea63ed65e0d12a/element/f.5C1E112C024A7E7EDD35BD5D9BF8FD55.d.8B9902CC5E3820A767D2BFCFDCBEF936.e.5050/elements - {"using":"css selector","value":"td"}
RESULT: {"using":"css selector","value":"td"}
COMMAND: POST /session/a9ef15c056c2e43ebaea63ed65e0d12a/element/f.5C1E112C024A7E7EDD35BD5D9BF8FD55.d.8B9902CC5E3820A767D2BFCFDCBEF936.e.5051/elements - {"using":"css selector","value":"td"}
RESULT: {"using":"css selector","value":"td"}
COMMAND: POST /session/a9ef15c056c2e43ebaea63ed65e0d12a/element/f.5C1E112C024A7E7EDD35BD5D9BF8FD55.d.8B9902CC5E3820A767D2BFCFDCBEF936.e.5052/elements - {"using":"css selector","value":"td"}
RESULT: {"using":"css selector","value":"td"}
COMMAND: POST /session/a9ef15c056c2e43ebaea63ed65e0d12a/element/f.5C1E112C024A7E7EDD35BD5D9BF8FD55.d.8B9902CC5E3820A767D2BFCFDCBEF936.e.5053/elements - {"using":"css selector","value":"td"}
RESULT: {"using":"css selector","value":"td"}
COMMAND: POST /session/a9ef15c056c2e43ebaea63ed65e0d12a/element/f.5C1E112C024A7E7EDD35BD5D9BF8FD55.d.8B9902CC5E3820A767D2BFCFDCBEF936.e.5054/elements - {"using":"css selector","value":"td"}
RESULT: {"using":"css selector","value":"td"}
COMMAND: POST /session/a9ef15c056c2e43ebaea63ed65e0d12a/element/f.5C1E112C024A7E7EDD35BD5D9BF8FD55.d.8B9902CC5E3820A767D2BFCFDCBEF936.e.5055/elements - {"using":"css selector","value":"td"}
RESULT: {"using":"css selector","value":"td"}
COMMAND: POST /session/a9ef15c056c2e43ebaea63ed65e0d12a/element/f.5C1E112C024A7E7EDD35BD5D9BF8FD55.d.8B9902CC5E3820A767D2BFCFDCBEF936.e.5056/elements - {"using":"css selector","value":"td"}
RESULT: {"using":"css selector","value":"td"}
COMMAND: POST /session/a9ef15c056c2e43ebaea63ed65e0d12a/element/f.5C1E112C024A7E7EDD35BD5D9BF8FD55.d.8B9902CC5E3820A767D2BFCFDCBEF936.e.5057/elements - {"using":"css selector","value":"td"}
RESULT: {"using":"css selector","value":"td"}
COMMAND: POST /session/a9ef15c056c2e43ebaea63ed65e0d12a/element/f.5C1E112C024A7E7EDD35BD5D9BF8FD55.d.8B9902CC5E3820A767D2BFCFDCBEF936.e.5058/elements - {"using":"css selector","value":"td"}
RESULT: {"using":"css selector","value":"td"}
COMMAND: POST /session/a9ef15c056c2e43ebaea63ed65e0d12a/element/f.5C1E112C024A7E7EDD35BD5D9BF8FD55.d.8B9902CC5E3820A767D2BFCFDCBEF936.e.5059/elements - {"using":"css selector","value":"td"}
RESULT: {"using":"css selector","value":"td"}
COMMAND: POST /session/a9ef15c056c2e43ebaea63ed65e0d12a/element/f.5C1E112C024A7E7EDD35BD5D9BF8FD55.d.8B9902CC5E3820A767D2BFCFDCBEF936.e.5060/elements - {"using":"css selector","value":"td"}
RESULT: {"using":"css selector","value":"td"}
COMMAND: POST /session/a9ef15c056c2e43ebaea63ed65e0d12a/element/f.5C1E112C024A7E7EDD35BD5D9BF8FD55.d.8B9902CC5E3820A767D2BFCFDCBEF936.e.5061/elements - {"using":"css selector","value":"td"}
RESULT: {"using":"css selector","value":"td"}
COMMAND: POST /session/a9ef15c056c2e43ebaea63ed65e0d12a/element/f.5C1E112C024A7E7EDD35BD5D9BF8FD55.d.8B9902CC5E3820A767D2BFCFDCBEF936.e.5062/elements - {"using":"css selector","value":"td"}
RESULT: {"using":"css selector","value":"td"}
COMMAND: POST /session/a9ef15c056c2e43ebaea63ed65e0d12a/element/f.5C1E112C024A7E7EDD35BD5D9BF8FD55.d.8B9902CC5E3820A767D2BFCFDCBEF936.e.5063/elements - {"using":"css selector","value":"td"}
RESULT: {"using":"css selector","value":"td"}
COMMAND: POST /session/a9ef15c056c2e43ebaea63ed65e0d12a/element/f.5C1E112C024A7E7EDD35BD5D9BF8FD55.d.8B9902CC5E3820A767D2BFCFDCBEF936.e.5064/elements - {"using":"css selector","value":"td"}
RESULT: {"using":"css selector","value":"td"}
COMMAND: POST /session/a9ef15c056c2e43ebaea63ed65e0d12a/element/f.5C1E112C024A7E7EDD35BD5D9BF8FD55.d.8B9902CC5E3820A767D2BFCFDCBEF936.e.5065/elements - {"using":"css selector","value":"td"}
RESULT: {"using":"css selector","value":"td"}
COMMAND: POST /session/a9ef15c056c2e43ebaea63ed65e0d12a/element/f.5C1E112C024A7E7EDD35BD5D9BF8FD55.d.8B9902CC5E3820A767D2BFCFDCBEF936.e.5066/elements - {"using":"css selector","value":"td"}
RESULT: {"using":"css selector","value":"td"}
COMMAND: POST /session/a9ef15c056c2e43ebaea63ed65e0d12a/element/f.5C1E112C024A7E7EDD35BD5D9BF8FD55.d.8B9902CC5E3820A767D2BFCFDCBEF936.e.5067/elements - {"using":"css selector","value":"td"}
RESULT: {"using":"css selector","value":"td"}
COMMAND: POST /session/a9ef15c056c2e43ebaea63ed65e0d12a/element/f.5C1E112C024A7E7EDD35BD5D9BF8FD55.d.8B9902CC5E3820A767D2BFCFDCBEF936.e.5068/elements - {"using":"css selector","value":"td"}
RESULT: {"using":"css selector","value":"td"}
COMMAND: POST /session/a9ef15c056c2e43ebaea63ed65e0d12a/element/f.5C1E112C024A7E7EDD35BD5D9BF8FD55.d.8B9902CC5E3820A767D2BFCFDCBEF936.e.5069/elements - {"using":"css selector","value":"td"}
RESULT: {"using":"css selector","value":"td"}
COMMAND: POST /session/a9ef15c056c2e43ebaea63ed65e0d12a/element/f.5C1E112C024A7E7EDD35BD5D9BF8FD55.d.8B9902CC5E3820A767D2BFCFDCBEF936.e.5070/elements - {"using":"css selector","value":"td"}
RESULT: {"using":"css selector","value":"td"}
COMMAND: POST /session/a9ef15c056c2e43ebaea63ed65e0d12a/element/f.5C1E112C024A7E7EDD35BD5D9BF8FD55.d.8B9902CC5E3820A767D2BFCFDCBEF936.e.5071/elements - {"using":"css selector","value":"td"}
RESULT: {"using":"css selector","value":"td"}
COMMAND: POST /session/a9ef15c056c2e43ebaea63ed65e0d12a/element/f.5C1E112C024A7E7EDD35BD5D9BF8FD55.d.8B9902CC5E3820A767D2BFCFDCBEF936.e.5072/elements - {"using":"css selector","value":"td"}
RESULT: {"using":"css selector","value":"td"}
COMMAND: POST /session/a9ef15c056c2e43ebaea63ed65e0d12a/element/f.5C1E112C024A7E7EDD35BD5D9BF8FD55.d.8B9902CC5E3820A767D2BFCFDCBEF936.e.5073/elements - {"using":"css selector","value":"td"}
RESULT: {"using":"css selector","value":"td"}
COMMAND: POST /session/a9ef15c056c2e43ebaea63ed65e0d12a/element/f.5C1E112C024A7E7EDD35BD5D9BF8FD55.d.8B9902CC5E3820A767D2BFCFDCBEF936.e.5074/elements - {"using":"css selector","value":"td"}
RESULT: {"using":"css selector","value":"td"}
COMMAND: POST /session/a9ef15c056c2e43ebaea63ed65e0d12a/element/f.5C1E112C024A7E7EDD35BD5D9BF8FD55.d.8B9902CC5E3820A767D2BFCFDCBEF936.e.5075/elements - {"using":"css selector","value":"td"}
RESULT: {"using":"css selector","value":"td"}
COMMAND: POST /session/a9ef15c056c2e43ebaea63ed65e0d12a/element/f.5C1E112C024A7E7EDD35BD5D9BF8FD55.d.8B9902CC5E3820A767D2BFCFDCBEF936.e.5076/elements - {"using":"css selector","value":"td"}
RESULT: {"using":"css selector","value":"td"}
COMMAND: POST /session/a9ef15c056c2e43ebaea63ed65e0d12a/element/f.5C1E112C024A7E7EDD35BD5D9BF8FD55.d.8B9902CC5E3820A767D2BFCFDCBEF936.e.5077/elements - {"using":"css selector","value":"td"}
RESULT: {"using":"css selector","value":"td"}
COMMAND: POST /session/a9ef15c056c2e43ebaea63ed65e0d12a/element/f.5C1E112C024A7E7EDD35BD5D9BF8FD55.d.8B9902CC5E3820A767D2BFCFDCBEF936.e.5078/elements - {"using":"css selector","value":"td"}
RESULT: {"using":"css selector","value":"td"}
COMMAND: POST /session/a9ef15c056c2e43ebaea63ed65e0d12a/element/f.5C1E112C024A7E7EDD35BD5D9BF8FD55.d.8B9902CC5E3820A767D2BFCFDCBEF936.e.5079/elements - {"using":"css selector","value":"td"}
RESULT: {"using":"css selector","value":"td"}
COMMAND: POST /session/a9ef15c056c2e43ebaea63ed65e0d12a/element/f.5C1E112C024A7E7EDD35BD5D9BF8FD55.d.8B9902CC5E3820A767D2BFCFDCBEF936.e.5080/elements - {"using":"css selector","value":"td"}
RESULT: {"using":"css selector","value":"td"}
COMMAND: POST /session/a9ef15c056c2e43ebaea63ed65e0d12a/element/f.5C1E112C024A7E7EDD35BD5D9BF8FD55.d.8B9902CC5E3820A767D2BFCFDCBEF936.e.5081/elements - {"using":"css selector","value":"td"}
RESULT: {"using":"css selector","value":"td"}
COMMAND: POST /session/a9ef15c056c2e43ebaea63ed65e0d12a/element/f.5C1E112C024A7E7EDD35BD5D9BF8FD55.d.8B9902CC5E3820A767D2BFCFDCBEF936.e.5082/elements - {"using":"css selector","value":"td"}
RESULT: {"using":"css selector","value":"td"}
COMMAND: POST /session/a9ef15c056c2e43ebaea63ed65e0d12a/element/f.5C1E112C024A7E7EDD35BD5D9BF8FD55.d.8B9902CC5E3820A767D2BFCFDCBEF936.e.5083/elements - {"using":"css selector","value":"td"}
RESULT: {"using":"css selector","value":"td"}
COMMAND: POST /session/a9ef15c056c2e43ebaea63ed65e0d12a/element/f.5C1E112C024A7E7EDD35BD5D9BF8FD55.d.8B9902CC5E3820A767D2BFCFDCBEF936.e.5084/elements - {"using":"css selector","value":"td"}
RESULT: {"using":"css selector","value":"td"}
COMMAND: POST /session/a9ef15c056c2e43ebaea63ed65e0d12a/element/f.5C1E112C024A7E7EDD35BD5D9BF8FD55.d.8B9902CC5E3820A767D2BFCFDCBEF936.e.5085/elements - {"using":"css selector","value":"td"}
RESULT: {"using":"css selector","value":"td"}
COMMAND: POST /session/a9ef15c056c2e43ebaea63ed65e0d12a/element/f.5C1E112C024A7E7EDD35BD5D9BF8FD55.d.8B9902CC5E3820A767D2BFCFDCBEF936.e.5086/elements - {"using":"css selector","value":"td"}
RESULT: {"using":"css selector","value":"td"}
COMMAND: POST /session/a9ef15c056c2e43ebaea63ed65e0d12a/element/f.5C1E112C024A7E7EDD35BD5D9BF8FD55.d.8B9902CC5E3820A767D2BFCFDCBEF936.e.5087/elements - {"using":"css selector","value":"td"}
RESULT: {"using":"css selector","value":"td"}
COMMAND: POST /session/a9ef15c056c2e43ebaea63ed65e0d12a/element/f.5C1E112C024A7E7EDD35BD5D9BF8FD55.d.8B9902CC5E3820A767D2BFCFDCBEF936.e.5088/elements - {"using":"css selector","value":"td"}
RESULT: {"using":"css selector","value":"td"}
COMMAND: POST /session/a9ef15c056c2e43ebaea63ed65e0d12a/element/f.5C1E112C024A7E7EDD35BD5D9BF8FD55.d.8B9902CC5E3820A767D2BFCFDCBEF936.e.5089/elements - {"using":"css selector","value":"td"}
RESULT: {"using":"css selector","value":"td"}
COMMAND: POST /session/a9ef15c056c2e43ebaea63ed65e0d12a/element/f.5C1E112C024A7E7EDD35BD5D9BF8FD55.d.8B9902CC5E3820A767D2BFCFDCBEF936.e.5090/elements - {"using":"css selector","value":"td"}
RESULT: {"using":"css selector","value":"td"}
COMMAND: POST /session/a9ef15c056c2e43ebaea63ed65e0d12a/element/f.5C1E112C024A7E7EDD35BD5D9BF8FD55.d.8B9902CC5E3820A767D2BFCFDCBEF936.e.5091/elements - {"using":"css selector","value":"td"}
RESULT: {"using":"css selector","value":"td"}
COMMAND: POST /session/a9ef15c056c2e43ebaea63ed65e0d12a/element/f.5C1E112C024A7E7EDD35BD5D9BF8FD55.d.8B9902CC5E3820A767D2BFCFDCBEF936.e.5092/elements - {"using":"css selector","value":"td"}
RESULT: {"using":"css selector","value":"td"}
COMMAND: POST /session/a9ef15c056c2e43ebaea63ed65e0d12a/element/f.5C1E112C024A7E7EDD35BD5D9BF8FD55.d.8B9902CC5E3820A767D2BFCFDCBEF936.e.5093/elements - {"using":"css selector","value":"td"}
RESULT: {"using":"css selector","value":"td"}
COMMAND: POST /session/a9ef15c056c2e43ebaea63ed65e0d12a/element/f.5C1E112C024A7E7EDD35BD5D9BF8FD55.d.8B9902CC5E3820A767D2BFCFDCBEF936.e.5094/elements - {"using":"css selector","value":"td"}
RESULT: {"using":"css selector","value":"td"}
COMMAND: POST /session/a9ef15c056c2e43ebaea63ed65e0d12a/element/f.5C1E112C024A7E7EDD35BD5D9BF8FD55.d.8B9902CC5E3820A767D2BFCFDCBEF936.e.5095/elements - {"using":"css selector","value":"td"}
RESULT: {"using":"css selector","value":"td"}
COMMAND: POST /session/a9ef15c056c2e43ebaea63ed65e0d12a/element/f.5C1E112C024A7E7EDD35BD5D9BF8FD55.d.8B9902CC5E3820A767D2BFCFDCBEF936.e.5096/elements - {"using":"css selector","value":"td"}
RESULT: {"using":"css selector","value":"td"}
COMMAND: POST /session/a9ef15c056c2e43ebaea63ed65e0d12a/element/f.5C1E112C024A7E7EDD35BD5D9BF8FD55.d.8B9902CC5E3820A767D2BFCFDCBEF936.e.5097/elements - {"using":"css selector","value":"td"}
RESULT: {"using":"css selector","value":"td"}
COMMAND: POST /session/a9ef15c056c2e43ebaea63ed65e0d12a/element/f.5C1E112C024A7E7EDD35BD5D9BF8FD55.d.8B9902CC5E3820A767D2BFCFDCBEF936.e.5098/elements - {"using":"css selector","value":"td"}
RESULT: {"using":"css selector","value":"td"}
COMMAND: POST /session/a9ef15c056c2e43ebaea63ed65e0d12a/element/f.5C1E112C024A7E7EDD35BD5D9BF8FD55.d.8B9902CC5E3820A767D2BFCFDCBEF936.e.5099/elements - {"using":"css selector","value":"td"}
RESULT: {"using":"css selector","value":"td"}
COMMAND: POST /session/a9ef15c056c2e43ebaea63ed65e0d12a/element/f.5C1E112C024A7E7EDD35BD5D9BF8FD55.d.8B9902CC5E3820A767D2BFCFDCBEF936.e.5100/elements - {"using":"css selector","value":"td"}
RESULT: {"using":"css selector","value":"td"}
COMMAND: POST /session/a9ef15c056c2e43ebaea63ed65e0d12a/element/f.5C1E112C024A7E7EDD35BD5D9BF8FD55.d.8B9902CC5E3820A767D2BFCFDCBEF936.e.5101/elements - {"using":"css selector","value":"td"}
RESULT: {"using":"css selector","value":"td"}
COMMAND: POST /session/a9ef15c056c2e43ebaea63ed65e0d12a/element/f.5C1E112C024A7E7EDD35BD5D9BF8FD55.d.8B9902CC5E3820A767D2BFCFDCBEF936.e.5102/elements - {"using":"css selector","value":"td"}
RESULT: {"using":"css selector","value":"td"}
COMMAND: POST /session/a9ef15c056c2e43ebaea63ed65e0d12a/element/f.5C1E112C024A7E7EDD35BD5D9BF8FD55.d.8B9902CC5E3820A767D2BFCFDCBEF936.e.5103/elements - {"using":"css selector","value":"td"}
RESULT: {"using":"css selector","value":"td"}
COMMAND: POST /session/a9ef15c056c2e43ebaea63ed65e0d12a/element/f.5C1E112C024A7E7EDD35BD5D9BF8FD55.d.8B9902CC5E3820A767D2BFCFDCBEF936.e.5104/elements - {"using":"css selector","value":"td"}
RESULT: {"using":"css selector","value":"td"}
COMMAND: POST /session/a9ef15c056c2e43ebaea63ed65e0d12a/element/f.5C1E112C024A7E7EDD35BD5D9BF8FD55.d.8B9902CC5E3820A767D2BFCFDCBEF936.e.5105/elements - {"using":"css selector","value":"td"}
RESULT: {"using":"css selector","value":"td"}
COMMAND: POST /session/a9ef15c056c2e43ebaea63ed65e0d12a/element/f.5C1E112C024A7E7EDD35BD5D9BF8FD55.d.8B9902CC5E3820A767D2BFCFDCBEF936.e.5106/elements - {"using":"css selector","value":"td"}
RESULT: {"using":"css selector","value":"td"}
COMMAND: POST /session/a9ef15c056c2e43ebaea63ed65e0d12a/element/f.5C1E112C024A7E7EDD35BD5D9BF8FD55.d.8B9902CC5E3820A767D2BFCFDCBEF936.e.5107/elements - {"using":"css selector","value":"td"}
RESULT: {"using":"css selector","value":"td"}
COMMAND: POST /session/a9ef15c056c2e43ebaea63ed65e0d12a/element/f.5C1E112C024A7E7EDD35BD5D9BF8FD55.d.8B9902CC5E3820A767D2BFCFDCBEF936.e.5108/elements - {"using":"css selector","value":"td"}
RESULT: {"using":"css selector","value":"td"}
COMMAND: POST /session/a9ef15c056c2e43ebaea63ed65e0d12a/element/f.5C1E112C024A7E7EDD35BD5D9BF8FD55.d.8B9902CC5E3820A767D2BFCFDCBEF936.e.5109/elements - {"using":"css selector","value":"td"}
RESULT: {"using":"css selector","value":"td"}
COMMAND: POST /session/a9ef15c056c2e43ebaea63ed65e0d12a/element/f.5C1E112C024A7E7EDD35BD5D9BF8FD55.d.8B9902CC5E3820A767D2BFCFDCBEF936.e.5110/elements - {"using":"css selector","value":"td"}
RESULT: {"using":"css selector","value":"td"}
COMMAND: POST /session/a9ef15c056c2e43ebaea63ed65e0d12a/element/f.5C1E112C024A7E7EDD35BD5D9BF8FD55.d.8B9902CC5E3820A767D2BFCFDCBEF936.e.5111/elements - {"using":"css selector","value":"td"}
RESULT: {"using":"css selector","value":"td"}
COMMAND: POST /session/a9ef15c056c2e43ebaea63ed65e0d12a/element/f.5C1E112C024A7E7EDD35BD5D9BF8FD55.d.8B9902CC5E3820A767D2BFCFDCBEF936.e.5112/elements - {"using":"css selector","value":"td"}
RESULT: {"using":"css selector","value":"td"}
COMMAND: POST /session/a9ef15c056c2e43ebaea63ed65e0d12a/element/f.5C1E112C024A7E7EDD35BD5D9BF8FD55.d.8B9902CC5E3820A767D2BFCFDCBEF936.e.5113/elements - {"using":"css selector","value":"td"}
RESULT: {"using":"css selector","value":"td"}
COMMAND: POST /session/a9ef15c056c2e43ebaea63ed65e0d12a/element/f.5C1E112C024A7E7EDD35BD5D9BF8FD55.d.8B9902CC5E3820A767D2BFCFDCBEF936.e.5114/elements - {"using":"css selector","value":"td"}
RESULT: {"using":"css selector","value":"td"}
COMMAND: POST /session/a9ef15c056c2e43ebaea63ed65e0d12a/element/f.5C1E112C024A7E7EDD35BD5D9BF8FD55.d.8B9902CC5E3820A767D2BFCFDCBEF936.e.5115/elements - {"using":"css selector","value":"td"}
RESULT: {"using":"css selector","value":"td"}
COMMAND: POST /session/a9ef15c056c2e43ebaea63ed65e0d12a/element/f.5C1E112C024A7E7EDD35BD5D9BF8FD55.d.8B9902CC5E3820A767D2BFCFDCBEF936.e.5116/elements - {"using":"css selector","value":"td"}
RESULT: {"using":"css selector","value":"td"}
COMMAND: POST /session/a9ef15c056c2e43ebaea63ed65e0d12a/element/f.5C1E112C024A7E7EDD35BD5D9BF8FD55.d.8B9902CC5E3820A767D2BFCFDCBEF936.e.5117/elements - {"using":"css selector","value":"td"}
RESULT: {"using":"css selector","value":"td"}
COMMAND: POST /session/a9ef15c056c2e43ebaea63ed65e0d12a/element/f.5C1E112C024A7E7EDD35BD5D9BF8FD55.d.8B9902CC5E3820A767D2BFCFDCBEF936.e.5118/elements - {"using":"css selector","value":"td"}
RESULT: {"using":"css selector","value":"td"}
COMMAND: POST /session/a9ef15c056c2e43ebaea63ed65e0d12a/element/f.5C1E112C024A7E7EDD35BD5D9BF8FD55.d.8B9902CC5E3820A767D2BFCFDCBEF936.e.5119/elements - {"using":"css selector","value":"td"}
RESULT: {"using":"css selector","value":"td"}
COMMAND: POST /session/a9ef15c056c2e43ebaea63ed65e0d12a/element/f.5C1E112C024A7E7EDD35BD5D9BF8FD55.d.8B9902CC5E3820A767D2BFCFDCBEF936.e.5120/elements - {"using":"css selector","value":"td"}
RESULT: {"using":"css selector","value":"td"}
COMMAND: POST /session/a9ef15c056c2e43ebaea63ed65e0d12a/element/f.5C1E112C024A7E7EDD35BD5D9BF8FD55.d.8B9902CC5E3820A767D2BFCFDCBEF936.e.5121/elements - {"using":"css selector","value":"td"}
RESULT: {"using":"css selector","value":"td"}
COMMAND: POST /session/a9ef15c056c2e43ebaea63ed65e0d12a/element/f.5C1E112C024A7E7EDD35BD5D9BF8FD55.d.8B9902CC5E3820A767D2BFCFDCBEF936.e.5122/elements - {"using":"css selector","value":"td"}
RESULT: {"using":"css selector","value":"td"}
COMMAND: POST /session/a9ef15c056c2e43ebaea63ed65e0d12a/element/f.5C1E112C024A7E7EDD35BD5D9BF8FD55.d.8B9902CC5E3820A767D2BFCFDCBEF936.e.5123/elements - {"using":"css selector","value":"td"}
RESULT: {"using":"css selector","value":"td"}
COMMAND: POST /session/a9ef15c056c2e43ebaea63ed65e0d12a/element/f.5C1E112C024A7E7EDD35BD5D9BF8FD55.d.8B9902CC5E3820A767D2BFCFDCBEF936.e.5124/elements - {"using":"css selector","value":"td"}
RESULT: {"using":"css selector","value":"td"}
COMMAND: POST /session/a9ef15c056c2e43ebaea63ed65e0d12a/element/f.5C1E112C024A7E7EDD35BD5D9BF8FD55.d.8B9902CC5E3820A767D2BFCFDCBEF936.e.5125/elements - {"using":"css selector","value":"td"}
RESULT: {"using":"css selector","value":"td"}
COMMAND: POST /session/a9ef15c056c2e43ebaea63ed65e0d12a/element/f.5C1E112C024A7E7EDD35BD5D9BF8FD55.d.8B9902CC5E3820A767D2BFCFDCBEF936.e.5126/elements - {"using":"css selector","value":"td"}
RESULT: {"using":"css selector","value":"td"}
COMMAND: POST /session/a9ef15c056c2e43ebaea63ed65e0d12a/element/f.5C1E112C024A7E7EDD35BD5D9BF8FD55.d.8B9902CC5E3820A767D2BFCFDCBEF936.e.5127/elements - {"using":"css selector","value":"td"}
RESULT: {"using":"css selector","value":"td"}
COMMAND: POST /session/a9ef15c056c2e43ebaea63ed65e0d12a/element/f.5C1E112C024A7E7EDD35BD5D9BF8FD55.d.8B9902CC5E3820A767D2BFCFDCBEF936.e.5128/elements - {"using":"css selector","value":"td"}
RESULT: {"using":"css selector","value":"td"}
COMMAND: POST /session/a9ef15c056c2e43ebaea63ed65e0d12a/element/f.5C1E112C024A7E7EDD35BD5D9BF8FD55.d.8B9902CC5E3820A767D2BFCFDCBEF936.e.5129/elements - {"using":"css selector","value":"td"}
RESULT: {"using":"css selector","value":"td"}
COMMAND: POST /session/a9ef15c056c2e43ebaea63ed65e0d12a/element/f.5C1E112C024A7E7EDD35BD5D9BF8FD55.d.8B9902CC5E3820A767D2BFCFDCBEF936.e.5130/elements - {"using":"css selector","value":"td"}
RESULT: {"using":"css selector","value":"td"}
COMMAND: POST /session/a9ef15c056c2e43ebaea63ed65e0d12a/element/f.5C1E112C024A7E7EDD35BD5D9BF8FD55.d.8B9902CC5E3820A767D2BFCFDCBEF936.e.5131/elements - {"using":"css selector","value":"td"}
RESULT: {"using":"css selector","value":"td"}
COMMAND: POST /session/a9ef15c056c2e43ebaea63ed65e0d12a/element/f.5C1E112C024A7E7EDD35BD5D9BF8FD55.d.8B9902CC5E3820A767D2BFCFDCBEF936.e.5132/elements - {"using":"css selector","value":"td"}
RESULT: {"using":"css selector","value":"td"}
COMMAND: POST /session/a9ef15c056c2e43ebaea63ed65e0d12a/element/f.5C1E112C024A7E7EDD35BD5D9BF8FD55.d.8B9902CC5E3820A767D2BFCFDCBEF936.e.5133/elements - {"using":"css selector","value":"td"}
RESULT: {"using":"css selector","value":"td"}
COMMAND: POST /session/a9ef15c056c2e43ebaea63ed65e0d12a/element/f.5C1E112C024A7E7EDD35BD5D9BF8FD55.d.8B9902CC5E3820A767D2BFCFDCBEF936.e.5134/elements - {"using":"css selector","value":"td"}
RESULT: {"using":"css selector","value":"td"}
COMMAND: POST /session/a9ef15c056c2e43ebaea63ed65e0d12a/element/f.5C1E112C024A7E7EDD35BD5D9BF8FD55.d.8B9902CC5E3820A767D2BFCFDCBEF936.e.5135/elements - {"using":"css selector","value":"td"}
RESULT: {"using":"css selector","value":"td"}
COMMAND: POST /session/a9ef15c056c2e43ebaea63ed65e0d12a/element/f.5C1E112C024A7E7EDD35BD5D9BF8FD55.d.8B9902CC5E3820A767D2BFCFDCBEF936.e.5136/elements - {"using":"css selector","value":"td"}
RESULT: {"using":"css selector","value":"td"}
COMMAND: POST /session/a9ef15c056c2e43ebaea63ed65e0d12a/element/f.5C1E112C024A7E7EDD35BD5D9BF8FD55.d.8B9902CC5E3820A767D2BFCFDCBEF936.e.5137/elements - {"using":"css selector","value":"td"}
RESULT: {"using":"css selector","value":"td"}
COMMAND: POST /session/a9ef15c056c2e43ebaea63ed65e0d12a/element/f.5C1E112C024A7E7EDD35BD5D9BF8FD55.d.8B9902CC5E3820A767D2BFCFDCBEF936.e.5138/elements - {"using":"css selector","value":"td"}
RESULT: {"using":"css selector","value":"td"}
COMMAND: POST /session/a9ef15c056c2e43ebaea63ed65e0d12a/element/f.5C1E112C024A7E7EDD35BD5D9BF8FD55.d.8B9902CC5E3820A767D2BFCFDCBEF936.e.5139/elements - {"using":"css selector","value":"td"}
RESULT: {"using":"css selector","value":"td"}
COMMAND: POST /session/a9ef15c056c2e43ebaea63ed65e0d12a/element/f.5C1E112C024A7E7EDD35BD5D9BF8FD55.d.8B9902CC5E3820A767D2BFCFDCBEF936.e.5140/elements - {"using":"css selector","value":"td"}
RESULT: {"using":"css selector","value":"td"}
COMMAND: POST /session/a9ef15c056c2e43ebaea63ed65e0d12a/element/f.5C1E112C024A7E7EDD35BD5D9BF8FD55.d.8B9902CC5E3820A767D2BFCFDCBEF936.e.5141/elements - {"using":"css selector","value":"td"}
RESULT: {"using":"css selector","value":"td"}
COMMAND: POST /session/a9ef15c056c2e43ebaea63ed65e0d12a/element/f.5C1E112C024A7E7EDD35BD5D9BF8FD55.d.8B9902CC5E3820A767D2BFCFDCBEF936.e.5142/elements - {"using":"css selector","value":"td"}
RESULT: {"using":"css selector","value":"td"}
COMMAND: POST /session/a9ef15c056c2e43ebaea63ed65e0d12a/element/f.5C1E112C024A7E7EDD35BD5D9BF8FD55.d.8B9902CC5E3820A767D2BFCFDCBEF936.e.5143/elements - {"using":"css selector","value":"td"}
RESULT: {"using":"css selector","value":"td"}
COMMAND: POST /session/a9ef15c056c2e43ebaea63ed65e0d12a/element/f.5C1E112C024A7E7EDD35BD5D9BF8FD55.d.8B9902CC5E3820A767D2BFCFDCBEF936.e.5144/elements - {"using":"css selector","value":"td"}
RESULT: {"using":"css selector","value":"td"}
COMMAND: POST /session/a9ef15c056c2e43ebaea63ed65e0d12a/element/f.5C1E112C024A7E7EDD35BD5D9BF8FD55.d.8B9902CC5E3820A767D2BFCFDCBEF936.e.5145/elements - {"using":"css selector","value":"td"}
RESULT: {"using":"css selector","value":"td"}
COMMAND: POST /session/a9ef15c056c2e43ebaea63ed65e0d12a/element/f.5C1E112C024A7E7EDD35BD5D9BF8FD55.d.8B9902CC5E3820A767D2BFCFDCBEF936.e.5146/elements - {"using":"css selector","value":"td"}
RESULT: {"using":"css selector","value":"td"}
COMMAND: POST /session/a9ef15c056c2e43ebaea63ed65e0d12a/element/f.5C1E112C024A7E7EDD35BD5D9BF8FD55.d.8B9902CC5E3820A767D2BFCFDCBEF936.e.5147/elements - {"using":"css selector","value":"td"}
RESULT: {"using":"css selector","value":"td"}
COMMAND: POST /session/a9ef15c056c2e43ebaea63ed65e0d12a/element/f.5C1E112C024A7E7EDD35BD5D9BF8FD55.d.8B9902CC5E3820A767D2BFCFDCBEF936.e.5148/elements - {"using":"css selector","value":"td"}
RESULT: {"using":"css selector","value":"td"}
COMMAND: POST /session/a9ef15c056c2e43ebaea63ed65e0d12a/element/f.5C1E112C024A7E7EDD35BD5D9BF8FD55.d.8B9902CC5E3820A767D2BFCFDCBEF936.e.5149/elements - {"using":"css selector","value":"td"}
RESULT: {"using":"css selector","value":"td"}
COMMAND: POST /session/a9ef15c056c2e43ebaea63ed65e0d12a/element/f.5C1E112C024A7E7EDD35BD5D9BF8FD55.d.8B9902CC5E3820A767D2BFCFDCBEF936.e.5150/elements - {"using":"css selector","value":"td"}
RESULT: {"using":"css selector","value":"td"}
COMMAND: POST /session/a9ef15c056c2e43ebaea63ed65e0d12a/element/f.5C1E112C024A7E7EDD35BD5D9BF8FD55.d.8B9902CC5E3820A767D2BFCFDCBEF936.e.5151/elements - {"using":"css selector","value":"td"}
RESULT: {"using":"css selector","value":"td"}
COMMAND: POST /session/a9ef15c056c2e43ebaea63ed65e0d12a/element/f.5C1E112C024A7E7EDD35BD5D9BF8FD55.d.8B9902CC5E3820A767D2BFCFDCBEF936.e.5152/elements - {"using":"css selector","value":"td"}
RESULT: {"using":"css selector","value":"td"}
COMMAND: POST /session/a9ef15c056c2e43ebaea63ed65e0d12a/element/f.5C1E112C024A7E7EDD35BD5D9BF8FD55.d.8B9902CC5E3820A767D2BFCFDCBEF936.e.5153/elements - {"using":"css selector","value":"td"}
RESULT: {"using":"css selector","value":"td"}
COMMAND: POST /session/a9ef15c056c2e43ebaea63ed65e0d12a/element/f.5C1E112C024A7E7EDD35BD5D9BF8FD55.d.8B9902CC5E3820A767D2BFCFDCBEF936.e.5154/elements - {"using":"css selector","value":"td"}
RESULT: {"using":"css selector","value":"td"}
COMMAND: POST /session/a9ef15c056c2e43ebaea63ed65e0d12a/element/f.5C1E112C024A7E7EDD35BD5D9BF8FD55.d.8B9902CC5E3820A767D2BFCFDCBEF936.e.5155/elements - {"using":"css selector","value":"td"}
RESULT: {"using":"css selector","value":"td"}
COMMAND: POST /session/a9ef15c056c2e43ebaea63ed65e0d12a/element/f.5C1E112C024A7E7EDD35BD5D9BF8FD55.d.8B9902CC5E3820A767D2BFCFDCBEF936.e.5156/elements - {"using":"css selector","value":"td"}
RESULT: {"using":"css selector","value":"td"}
COMMAND: POST /session/a9ef15c056c2e43ebaea63ed65e0d12a/element/f.5C1E112C024A7E7EDD35BD5D9BF8FD55.d.8B9902CC5E3820A767D2BFCFDCBEF936.e.5157/elements - {"using":"css selector","value":"td"}
RESULT: {"using":"css selector","value":"td"}
COMMAND: POST /session/a9ef15c056c2e43ebaea63ed65e0d12a/element/f.5C1E112C024A7E7EDD35BD5D9BF8FD55.d.8B9902CC5E3820A767D2BFCFDCBEF936.e.5158/elements - {"using":"css selector","value":"td"}
RESULT: {"using":"css selector","value":"td"}
COMMAND: POST /session/a9ef15c056c2e43ebaea63ed65e0d12a/element/f.5C1E112C024A7E7EDD35BD5D9BF8FD55.d.8B9902CC5E3820A767D2BFCFDCBEF936.e.5159/elements - {"using":"css selector","value":"td"}
RESULT: {"using":"css selector","value":"td"}
COMMAND: POST /session/a9ef15c056c2e43ebaea63ed65e0d12a/element/f.5C1E112C024A7E7EDD35BD5D9BF8FD55.d.8B9902CC5E3820A767D2BFCFDCBEF936.e.5160/elements - {"using":"css selector","value":"td"}
RESULT: {"using":"css selector","value":"td"}
COMMAND: POST /session/a9ef15c056c2e43ebaea63ed65e0d12a/element/f.5C1E112C024A7E7EDD35BD5D9BF8FD55.d.8B9902CC5E3820A767D2BFCFDCBEF936.e.5161/elements - {"using":"css selector","value":"td"}
RESULT: {"using":"css selector","value":"td"}
COMMAND: POST /session/a9ef15c056c2e43ebaea63ed65e0d12a/element/f.5C1E112C024A7E7EDD35BD5D9BF8FD55.d.8B9902CC5E3820A767D2BFCFDCBEF936.e.5162/elements - {"using":"css selector","value":"td"}
RESULT: {"using":"css selector","value":"td"}
COMMAND: POST /session/a9ef15c056c2e43ebaea63ed65e0d12a/element/f.5C1E112C024A7E7EDD35BD5D9BF8FD55.d.8B9902CC5E3820A767D2BFCFDCBEF936.e.5163/elements - {"using":"css selector","value":"td"}
RESULT: {"using":"css selector","value":"td"}
COMMAND: POST /session/a9ef15c056c2e43ebaea63ed65e0d12a/element/f.5C1E112C024A7E7EDD35BD5D9BF8FD55.d.8B9902CC5E3820A767D2BFCFDCBEF936.e.5164/elements - {"using":"css selector","value":"td"}
RESULT: {"using":"css selector","value":"td"}
COMMAND: POST /session/a9ef15c056c2e43ebaea63ed65e0d12a/element/f.5C1E112C024A7E7EDD35BD5D9BF8FD55.d.8B9902CC5E3820A767D2BFCFDCBEF936.e.5165/elements - {"using":"css selector","value":"td"}
RESULT: {"using":"css selector","value":"td"}
COMMAND: POST /session/a9ef15c056c2e43ebaea63ed65e0d12a/element/f.5C1E112C024A7E7EDD35BD5D9BF8FD55.d.8B9902CC5E3820A767D2BFCFDCBEF936.e.5166/elements - {"using":"css selector","value":"td"}
RESULT: {"using":"css selector","value":"td"}
COMMAND: POST /session/a9ef15c056c2e43ebaea63ed65e0d12a/element/f.5C1E112C024A7E7EDD35BD5D9BF8FD55.d.8B9902CC5E3820A767D2BFCFDCBEF936.e.5167/elements - {"using":"css selector","value":"td"}
RESULT: {"using":"css selector","value":"td"}
COMMAND: POST /session/a9ef15c056c2e43ebaea63ed65e0d12a/element/f.5C1E112C024A7E7EDD35BD5D9BF8FD55.d.8B9902CC5E3820A767D2BFCFDCBEF936.e.5168/elements - {"using":"css selector","value":"td"}
RESULT: {"using":"css selector","value":"td"}
COMMAND: POST /session/a9ef15c056c2e43ebaea63ed65e0d12a/element/f.5C1E112C024A7E7EDD35BD5D9BF8FD55.d.8B9902CC5E3820A767D2BFCFDCBEF936.e.5169/elements - {"using":"css selector","value":"td"}
RESULT: {"using":"css selector","value":"td"}
COMMAND: POST /session/a9ef15c056c2e43ebaea63ed65e0d12a/element/f.5C1E112C024A7E7EDD35BD5D9BF8FD55.d.8B9902CC5E3820A767D2BFCFDCBEF936.e.5170/elements - {"using":"css selector","value":"td"}
RESULT: {"using":"css selector","value":"td"}
COMMAND: POST /session/a9ef15c056c2e43ebaea63ed65e0d12a/element/f.5C1E112C024A7E7EDD35BD5D9BF8FD55.d.8B9902CC5E3820A767D2BFCFDCBEF936.e.5171/elements - {"using":"css selector","value":"td"}
RESULT: {"using":"css selector","value":"td"}
COMMAND: POST /session/a9ef15c056c2e43ebaea63ed65e0d12a/element/f.5C1E112C024A7E7EDD35BD5D9BF8FD55.d.8B9902CC5E3820A767D2BFCFDCBEF936.e.5172/elements - {"using":"css selector","value":"td"}
RESULT: {"using":"css selector","value":"td"}
COMMAND: POST /session/a9ef15c056c2e43ebaea63ed65e0d12a/element/f.5C1E112C024A7E7EDD35BD5D9BF8FD55.d.8B9902CC5E3820A767D2BFCFDCBEF936.e.5173/elements - {"using":"css selector","value":"td"}
RESULT: {"using":"css selector","value":"td"}
COMMAND: POST /session/a9ef15c056c2e43ebaea63ed65e0d12a/element/f.5C1E112C024A7E7EDD35BD5D9BF8FD55.d.8B9902CC5E3820A767D2BFCFDCBEF936.e.5174/elements - {"using":"css selector","value":"td"}
RESULT: {"using":"css selector","value":"td"}
COMMAND: POST /session/a9ef15c056c2e43ebaea63ed65e0d12a/element/f.5C1E112C024A7E7EDD35BD5D9BF8FD55.d.8B9902CC5E3820A767D2BFCFDCBEF936.e.5175/elements - {"using":"css selector","value":"td"}
RESULT: {"using":"css selector","value":"td"}
COMMAND: POST /session/a9ef15c056c2e43ebaea63ed65e0d12a/element/f.5C1E112C024A7E7EDD35BD5D9BF8FD55.d.8B9902CC5E3820A767D2BFCFDCBEF936.e.5176/elements - {"using":"css selector","value":"td"}
RESULT: {"using":"css selector","value":"td"}
COMMAND: POST /session/a9ef15c056c2e43ebaea63ed65e0d12a/element/f.5C1E112C024A7E7EDD35BD5D9BF8FD55.d.8B9902CC5E3820A767D2BFCFDCBEF936.e.5177/elements - {"using":"css selector","value":"td"}
RESULT: {"using":"css selector","value":"td"}
COMMAND: POST /session/a9ef15c056c2e43ebaea63ed65e0d12a/element/f.5C1E112C024A7E7EDD35BD5D9BF8FD55.d.8B9902CC5E3820A767D2BFCFDCBEF936.e.5178/elements - {"using":"css selector","value":"td"}
RESULT: {"using":"css selector","value":"td"}
COMMAND: POST /session/a9ef15c056c2e43ebaea63ed65e0d12a/element/f.5C1E112C024A7E7EDD35BD5D9BF8FD55.d.8B9902CC5E3820A767D2BFCFDCBEF936.e.5179/elements - {"using":"css selector","value":"td"}
RESULT: {"using":"css selector","value":"td"}
COMMAND: POST /session/a9ef15c056c2e43ebaea63ed65e0d12a/element/f.5C1E112C024A7E7EDD35BD5D9BF8FD55.d.8B9902CC5E3820A767D2BFCFDCBEF936.e.5180/elements - {"using":"css selector","value":"td"}
RESULT: {"using":"css selector","value":"td"}
COMMAND: POST /session/a9ef15c056c2e43ebaea63ed65e0d12a/element/f.5C1E112C024A7E7EDD35BD5D9BF8FD55.d.8B9902CC5E3820A767D2BFCFDCBEF936.e.5181/elements - {"using":"css selector","value":"td"}
RESULT: {"using":"css selector","value":"td"}
COMMAND: POST /session/a9ef15c056c2e43ebaea63ed65e0d12a/element/f.5C1E112C024A7E7EDD35BD5D9BF8FD55.d.8B9902CC5E3820A767D2BFCFDCBEF936.e.5182/elements - {"using":"css selector","value":"td"}
RESULT: {"using":"css selector","value":"td"}
COMMAND: POST /session/a9ef15c056c2e43ebaea63ed65e0d12a/element/f.5C1E112C024A7E7EDD35BD5D9BF8FD55.d.8B9902CC5E3820A767D2BFCFDCBEF936.e.5183/elements - {"using":"css selector","value":"td"}
RESULT: {"using":"css selector","value":"td"}
COMMAND: POST /session/a9ef15c056c2e43ebaea63ed65e0d12a/element/f.5C1E112C024A7E7EDD35BD5D9BF8FD55.d.8B9902CC5E3820A767D2BFCFDCBEF936.e.5184/elements - {"using":"css selector","value":"td"}
RESULT: {"using":"css selector","value":"td"}
COMMAND: POST /session/a9ef15c056c2e43ebaea63ed65e0d12a/element/f.5C1E112C024A7E7EDD35BD5D9BF8FD55.d.8B9902CC5E3820A767D2BFCFDCBEF936.e.5185/elements - {"using":"css selector","value":"td"}
RESULT: {"using":"css selector","value":"td"}
COMMAND: POST /session/a9ef15c056c2e43ebaea63ed65e0d12a/element/f.5C1E112C024A7E7EDD35BD5D9BF8FD55.d.8B9902CC5E3820A767D2BFCFDCBEF936.e.5186/elements - {"using":"css selector","value":"td"}
RESULT: {"using":"css selector","value":"td"}
COMMAND: POST /session/a9ef15c056c2e43ebaea63ed65e0d12a/element/f.5C1E112C024A7E7EDD35BD5D9BF8FD55.d.8B9902CC5E3820A767D2BFCFDCBEF936.e.5187/elements - {"using":"css selector","value":"td"}
RESULT: {"using":"css selector","value":"td"}
COMMAND: POST /session/a9ef15c056c2e43ebaea63ed65e0d12a/element/f.5C1E112C024A7E7EDD35BD5D9BF8FD55.d.8B9902CC5E3820A767D2BFCFDCBEF936.e.5188/elements - {"using":"css selector","value":"td"}
RESULT: {"using":"css selector","value":"td"}
COMMAND: POST /session/a9ef15c056c2e43ebaea63ed65e0d12a/element/f.5C1E112C024A7E7EDD35BD5D9BF8FD55.d.8B9902CC5E3820A767D2BFCFDCBEF936.e.5189/elements - {"using":"css selector","value":"td"}
RESULT: {"using":"css selector","value":"td"}
COMMAND: POST /session/a9ef15c056c2e43ebaea63ed65e0d12a/element/f.5C1E112C024A7E7EDD35BD5D9BF8FD55.d.8B9902CC5E3820A767D2BFCFDCBEF936.e.5190/elements - {"using":"css selector","value":"td"}
RESULT: {"using":"css selector","value":"td"}
COMMAND: POST /session/a9ef15c056c2e43ebaea63ed65e0d12a/element/f.5C1E112C024A7E7EDD35BD5D9BF8FD55.d.8B9902CC5E3820A767D2BFCFDCBEF936.e.5191/elements - {"using":"css selector","value":"td"}
RESULT: {"using":"css selector","value":"td"}
COMMAND: POST /session/a9ef15c056c2e43ebaea63ed65e0d12a/element/f.5C1E112C024A7E7EDD35BD5D9BF8FD55.d.8B9902CC5E3820A767D2BFCFDCBEF936.e.5192/elements - {"using":"css selector","value":"td"}
RESULT: {"using":"css selector","value":"td"}
COMMAND: POST /session/a9ef15c056c2e43ebaea63ed65e0d12a/element/f.5C1E112C024A7E7EDD35BD5D9BF8FD55.d.8B9902CC5E3820A767D2BFCFDCBEF936.e.5193/elements - {"using":"css selector","value":"td"}
RESULT: {"using":"css selector","value":"td"}
COMMAND: POST /session/a9ef15c056c2e43ebaea63ed65e0d12a/element/f.5C1E112C024A7E7EDD35BD5D9BF8FD55.d.8B9902CC5E3820A767D2BFCFDCBEF936.e.5194/elements - {"using":"css selector","value":"td"}
RESULT: {"using":"css selector","value":"td"}
COMMAND: POST /session/a9ef15c056c2e43ebaea63ed65e0d12a/element/f.5C1E112C024A7E7EDD35BD5D9BF8FD55.d.8B9902CC5E3820A767D2BFCFDCBEF936.e.5195/elements - {"using":"css selector","value":"td"}
RESULT: {"using":"css selector","value":"td"}
COMMAND: POST /session/a9ef15c056c2e43ebaea63ed65e0d12a/element/f.5C1E112C024A7E7EDD35BD5D9BF8FD55.d.8B9902CC5E3820A767D2BFCFDCBEF936.e.5196/elements - {"using":"css selector","value":"td"}
RESULT: {"using":"css selector","value":"td"}
COMMAND: POST /session/a9ef15c056c2e43ebaea63ed65e0d12a/element/f.5C1E112C024A7E7EDD35BD5D9BF8FD55.d.8B9902CC5E3820A767D2BFCFDCBEF936.e.5197/elements - {"using":"css selector","value":"td"}
RESULT: {"using":"css selector","value":"td"}
COMMAND: POST /session/a9ef15c056c2e43ebaea63ed65e0d12a/element/f.5C1E112C024A7E7EDD35BD5D9BF8FD55.d.8B9902CC5E3820A767D2BFCFDCBEF936.e.5198/elements - {"using":"css selector","value":"td"}
RESULT: {"using":"css selector","value":"td"}
COMMAND: POST /session/a9ef15c056c2e43ebaea63ed65e0d12a/element/f.5C1E112C024A7E7EDD35BD5D9BF8FD55.d.8B9902CC5E3820A767D2BFCFDCBEF936.e.5199/elements - {"using":"css selector","value":"td"}
RESULT: {"using":"css selector","value":"td"}
COMMAND: POST /session/a9ef15c056c2e43ebaea63ed65e0d12a/element/f.5C1E112C024A7E7EDD35BD5D9BF8FD55.d.8B9902CC5E3820A767D2BFCFDCBEF936.e.5200/elements - {"using":"css selector","value":"td"}
RESULT: {"using":"css selector","value":"td"}
COMMAND: POST /session/a9ef15c056c2e43ebaea63ed65e0d12a/element/f.5C1E112C024A7E7EDD35BD5D9BF8FD55.d.8B9902CC5E3820A767D2BFCFDCBEF936.e.5201/elements - {"using":"css selector","value":"td"}
RESULT: {"using":"css selector","value":"td"}
COMMAND: POST /session/a9ef15c056c2e43ebaea63ed65e0d12a/element/f.5C1E112C024A7E7EDD35BD5D9BF8FD55.d.8B9902CC5E3820A767D2BFCFDCBEF936.e.5202/elements - {"using":"css selector","value":"td"}
RESULT: {"using":"css selector","value":"td"}
COMMAND: POST /session/a9ef15c056c2e43ebaea63ed65e0d12a/element/f.5C1E112C024A7E7EDD35BD5D9BF8FD55.d.8B9902CC5E3820A767D2BFCFDCBEF936.e.5203/elements - {"using":"css selector","value":"td"}
RESULT: {"using":"css selector","value":"td"}
COMMAND: POST /session/a9ef15c056c2e43ebaea63ed65e0d12a/element/f.5C1E112C024A7E7EDD35BD5D9BF8FD55.d.8B9902CC5E3820A767D2BFCFDCBEF936.e.5204/elements - {"using":"css selector","value":"td"}
RESULT: {"using":"css selector","value":"td"}
COMMAND: POST /session/a9ef15c056c2e43ebaea63ed65e0d12a/element/f.5C1E112C024A7E7EDD35BD5D9BF8FD55.d.8B9902CC5E3820A767D2BFCFDCBEF936.e.5205/elements - {"using":"css selector","value":"td"}
RESULT: {"using":"css selector","value":"td"}
COMMAND: POST /session/a9ef15c056c2e43ebaea63ed65e0d12a/element/f.5C1E112C024A7E7EDD35BD5D9BF8FD55.d.8B9902CC5E3820A767D2BFCFDCBEF936.e.5206/elements - {"using":"css selector","value":"td"}
RESULT: {"using":"css selector","value":"td"}
COMMAND: POST /session/a9ef15c056c2e43ebaea63ed65e0d12a/element/f.5C1E112C024A7E7EDD35BD5D9BF8FD55.d.8B9902CC5E3820A767D2BFCFDCBEF936.e.5207/elements - {"using":"css selector","value":"td"}
RESULT: {"using":"css selector","value":"td"}
COMMAND: POST /session/a9ef15c056c2e43ebaea63ed65e0d12a/element/f.5C1E112C024A7E7EDD35BD5D9BF8FD55.d.8B9902CC5E3820A767D2BFCFDCBEF936.e.5208/elements - {"using":"css selector","value":"td"}
RESULT: {"using":"css selector","value":"td"}
COMMAND: POST /session/a9ef15c056c2e43ebaea63ed65e0d12a/element/f.5C1E112C024A7E7EDD35BD5D9BF8FD55.d.8B9902CC5E3820A767D2BFCFDCBEF936.e.6127/element - {"using":"css selector","value":"input"}
RESULT: {"using":"css selector","value":"input"}
COMMAND: GET /session/a9ef15c056c2e43ebaea63ed65e0d12a/element/f.5C1E112C024A7E7EDD35BD5D9BF8FD55.d.8B9902CC5E3820A767D2BFCFDCBEF936.e.4962/property/value - {}
RESULT: {}
COMMAND: GET /session/a9ef15c056c2e43ebaea63ed65e0d12a/screenshot - {}
COMMAND: POST /session/a9ef15c056c2e43ebaea63ed65e0d12a/element - {"using":"css selector","value":"#j_username"}
COMMAND: POST /session/a9ef15c056c2e43ebaea63ed65e0d12a/url - {"url":"https://qa-testing-00-live-etm-ui.cfapps.eu10-004.hana.ondemand.com/"}
RESULT: {}
RESULT: {"using":"css selector","value":"#j_username"}
COMMAND: POST /session/a9ef15c056c2e43ebaea63ed65e0d12a/element - {"using":"css selector","value":"#j_username"}
RESULT: {"url":"https://qa-testing-00-live-etm-ui.cfapps.eu10-004.hana.ondemand.com/"}
RESULT: undefined
COMMAND: GET /session/a9ef15c056c2e43ebaea63ed65e0d12a/screenshot - {}
RESULT: {"using":"css selector","value":"#j_username"}
COMMAND: POST /session/a9ef15c056c2e43ebaea63ed65e0d12a/element - {"using":"css selector","value":"#shell-header-logo"}
RESULT: {}
RESULT: {"using":"css selector","value":"#shell-header-logo"}
COMMAND: POST /session/a9ef15c056c2e43ebaea63ed65e0d12a/execute/sync - {"script":"<script> [8489 bytes]","args":[{"element-6066-11e4-a52e-4f735466cecf":"f.5C1E112C024A7E7EDD35BD5D9BF8FD55.d.31E13882882E17CC42B01FAD20E24551.e.6182","ELEMENT":"f.5C1E112C024A7E7EDD35BD5D9BF8FD55.d.31E13882882E17CC42B01FAD20E24551.e.6182"}]}
RESULT: {"script":"<script> [8489 bytes]","args":[{"element-6066-11e4-a52e-4f735466cecf":"f.5C1E112C024A7E7EDD35BD5D9BF8FD55.d.31E13882882E17CC42B01FAD20E24551.e.6182","ELEMENT":"f.5C1E112C024A7E7EDD35BD5D9BF8FD55.d.31E13882882E17CC42B01FAD20E24551.e.6182"}]}
COMMAND: POST /session/a9ef15c056c2e43ebaea63ed65e0d12a/element - {"using":"css selector","value":"#shell-header-logo"}
COMMAND: GET /session/a9ef15c056c2e43ebaea63ed65e0d12a/screenshot - {}
RESULT: {"using":"css selector","value":"#shell-header-logo"}
COMMAND: POST /session/a9ef15c056c2e43ebaea63ed65e0d12a/execute/sync - {"script":"<script> [8489 bytes]","args":[{"element-6066-11e4-a52e-4f735466cecf":"f.5C1E112C024A7E7EDD35BD5D9BF8FD55.d.31E13882882E17CC42B01FAD20E24551.e.6182","ELEMENT":"f.5C1E112C024A7E7EDD35BD5D9BF8FD55.d.31E13882882E17CC42B01FAD20E24551.e.6182"}]}
RESULT: {}
RESULT: {"script":"<script> [8489 bytes]","args":[{"element-6066-11e4-a52e-4f735466cecf":"f.5C1E112C024A7E7EDD35BD5D9BF8FD55.d.31E13882882E17CC42B01FAD20E24551.e.6182","ELEMENT":"f.5C1E112C024A7E7EDD35BD5D9BF8FD55.d.31E13882882E17CC42B01FAD20E24551.e.6182"}]}
COMMAND: POST /session/a9ef15c056c2e43ebaea63ed65e0d12a/execute/sync - {"script":"<script> [5351 bytes]","args":[{"element-6066-11e4-a52e-4f735466cecf":"f.5C1E112C024A7E7EDD35BD5D9BF8FD55.d.31E13882882E17CC42B01FAD20E24551.e.6182","ELEMENT":"f.5C1E112C024A7E7EDD35BD5D9BF8FD55.d.31E13882882E17CC42B01FAD20E24551.e.6182"}]}
COMMAND: GET /session/a9ef15c056c2e43ebaea63ed65e0d12a/screenshot - {}
RESULT: {"script":"<script> [5351 bytes]","args":[{"element-6066-11e4-a52e-4f735466cecf":"f.5C1E112C024A7E7EDD35BD5D9BF8FD55.d.31E13882882E17CC42B01FAD20E24551.e.6182","ELEMENT":"f.5C1E112C024A7E7EDD35BD5D9BF8FD55.d.31E13882882E17CC42B01FAD20E24551.e.6182"}]}
COMMAND: POST /session/a9ef15c056c2e43ebaea63ed65e0d12a/element - {"using":"css selector","value":"#shell-header-logo"}
COMMAND: GET /session/a9ef15c056c2e43ebaea63ed65e0d12a/screenshot - {}
RESULT: {}
RESULT: {"using":"css selector","value":"#shell-header-logo"}
COMMAND: POST /session/a9ef15c056c2e43ebaea63ed65e0d12a/element/f.5C1E112C024A7E7EDD35BD5D9BF8FD55.d.31E13882882E17CC42B01FAD20E24551.e.6182/click - {}
RESULT: {}
RESULT: {}
COMMAND: GET /session/a9ef15c056c2e43ebaea63ed65e0d12a/screenshot - {}
RESULT: {}
COMMAND: POST /session/a9ef15c056c2e43ebaea63ed65e0d12a/execute/async - {"script":"<script> [189 bytes]","args":[]}
RESULT: {"script":"<script> [189 bytes]","args":[]}
COMMAND: POST /session/a9ef15c056c2e43ebaea63ed65e0d12a/execute/async - {"script":"<script> [123 bytes]","args":[]}
RESULT: {"script":"<script> [123 bytes]","args":[]}
COMMAND: POST /session/a9ef15c056c2e43ebaea63ed65e0d12a/timeouts - {"script":"<number>"}
RESULT: {"script":"<number>"}
COMMAND: GET /session/a9ef15c056c2e43ebaea63ed65e0d12a/timeouts - {}
RESULT: {}
RESULT: undefined
COMMAND: POST /session/a9ef15c056c2e43ebaea63ed65e0d12a/execute/async - {"script":"<script> [2676 bytes]","args":[]}
RESULT: {"script":"<script> [2676 bytes]","args":[]}
COMMAND: POST /session/a9ef15c056c2e43ebaea63ed65e0d12a/execute/async - {"script":"<script> [2342 bytes]","args":[{"protocol":"http","hostname":"0.0.0.0","path":"/","capabilities":{"browserName":"chrome","goog:chromeOptions":{"binary":"C:\\Program Files\\Google\\Chrome\\Application\\chrome.exe","args":["--start-maximized"]}},"logLevel":"warn","connectionRetryTimeout":120000,"connectionRetryCount":3,"logLevels":{},"enableDirectConnect":true,"strictSSL":true,"_":"65 more keys: [\"cacheDir\",\"port\",\"requestedCapabilities\",\"automationProtocol\",\"baseUrl\",\"waitforInterval\",\"waitforTimeout\",\"onReload\",\"beforeCommand\",\"afterCommand\",\"rootDir\",\"specs\",\"suites\",\"exclude\",\"groupLogsByTestSpec\",\"excludeDriverLogs\",\"bail\",\"framework\",\"reporters\",\"services\",\"maxInstances\",\"maxInstancesPerCapability\",\"injectGlobals\",\"filesToWatch\",\"execArgv\",\"runnerEnv\",\"runner\",\"shard\",\"specFileRetries\",\"specFileRetriesDelay\",\"specFileRetriesDeferred\",\"reporterSyncInterval\",\"reporterSyncTimeout\",\"cucumberFeaturesWithLineNumbers\",\"autoCompileOpts\",\"mochaOpts\",\"jasmineOpts\",\"cucumberOpts\",\"onPrepare\",\"onWorkerStart\",\"onWorkerEnd\",\"before\",\"beforeSession\",\"beforeSuite\",\"beforeHook\",\"beforeTest\",\"afterTest\",\"afterHook\",\"afterSuite\",\"afterSession\",\"after\",\"onComplete\",\"beforeAssertion\",\"afterAssertion\",\"beforeFeature\",\"beforeScenario\",\"beforeStep\",\"afterStep\",\"afterScenario\",\"afterFeature\",\"_\",\"suite\",\"$0\",\"ignoredWorkerServices\",\"wdi5\"]"}]}
RESULT: {"script":"<script> [2342 bytes]","args":[{"protocol":"http","hostname":"0.0.0.0","path":"/","capabilities":{"browserName":"chrome","goog:chromeOptions":{"binary":"C:\\Program Files\\Google\\Chrome\\Application\\chrome.exe","args":["--start-maximized"]}},"logLevel":"warn","connectionRetryTimeout":120000,"connectionRetryCount":3,"logLevels":{},"enableDirectConnect":true,"strictSSL":true,"_":"65 more keys: [\"cacheDir\",\"port\",\"requestedCapabilities\",\"automationProtocol\",\"baseUrl\",\"waitforInterval\",\"waitforTimeout\",\"onReload\",\"beforeCommand\",\"afterCommand\",\"rootDir\",\"specs\",\"suites\",\"exclude\",\"groupLogsByTestSpec\",\"excludeDriverLogs\",\"bail\",\"framework\",\"reporters\",\"services\",\"maxInstances\",\"maxInstancesPerCapability\",\"injectGlobals\",\"filesToWatch\",\"execArgv\",\"runnerEnv\",\"runner\",\"shard\",\"specFileRetries\",\"specFileRetriesDelay\",\"specFileRetriesDeferred\",\"reporterSyncInterval\",\"reporterSyncTimeout\",\"cucumberFeaturesWithLineNumbers\",\"autoCompileOpts\",\"mochaOpts\",\"jasmineOpts\",\"cucumberOpts\",\"onPrepare\",\"onWorkerStart\",\"onWorkerEnd\",\"before\",\"beforeSession\",\"beforeSuite\",\"beforeHook\",\"beforeTest\",\"afterTest\",\"afterHook\",\"afterSuite\",\"afterSession\",\"after\",\"onComplete\",\"beforeAssertion\",\"afterAssertion\",\"beforeFeature\",\"beforeScenario\",\"beforeStep\",\"afterStep\",\"afterScenario\",\"afterFeature\",\"_\",\"suite\",\"$0\",\"ignoredWorkerServices\",\"wdi5\"]"}]}
COMMAND: POST /session/a9ef15c056c2e43ebaea63ed65e0d12a/execute/async - {"script":"<script> [21126 bytes]","args":[35000]}
RESULT: {"script":"<script> [21126 bytes]","args":[35000]}
COMMAND: POST /session/a9ef15c056c2e43ebaea63ed65e0d12a/window/maximize - {}
RESULT: {}
COMMAND: POST /session/a9ef15c056c2e43ebaea63ed65e0d12a/execute/async - {"script":"<script> [1562 bytes]","args":[{"selector":{"id":"shell-header","interaction":{"idSuffix":"icon"}},"wdio_ui5_key":"shellheader"}]}
COMMAND: GET /session/a9ef15c056c2e43ebaea63ed65e0d12a/screenshot - {}
RESULT: {"script":"<script> [1562 bytes]","args":[{"selector":{"id":"shell-header","interaction":{"idSuffix":"icon"}},"wdio_ui5_key":"shellheader"}]}
RESULT: undefined
COMMAND: POST /session/a9ef15c056c2e43ebaea63ed65e0d12a/refresh - {}
RESULT: {}
RESULT: {}
COMMAND: GET /session/a9ef15c056c2e43ebaea63ed65e0d12a/screenshot - {}
RESULT: {}
COMMAND: POST /session/a9ef15c056c2e43ebaea63ed65e0d12a/refresh - {}
RESULT: {}
COMMAND: GET /session/a9ef15c056c2e43ebaea63ed65e0d12a/screenshot - {}
RESULT: {}
COMMAND: POST /session/a9ef15c056c2e43ebaea63ed65e0d12a/window/fullscreen - {}
RESULT: {}
COMMAND: POST /session/a9ef15c056c2e43ebaea63ed65e0d12a/execute/async - {"script":"<script> [189 bytes]","args":[]}
RESULT: {"script":"<script> [189 bytes]","args":[]}
COMMAND: POST /session/a9ef15c056c2e43ebaea63ed65e0d12a/execute/async - {"script":"<script> [123 bytes]","args":[]}
RESULT: {"script":"<script> [123 bytes]","args":[]}
COMMAND: POST /session/a9ef15c056c2e43ebaea63ed65e0d12a/timeouts - {"script":"<number>"}
RESULT: {"script":"<number>"}
COMMAND: GET /session/a9ef15c056c2e43ebaea63ed65e0d12a/timeouts - {}
RESULT: {}
RESULT: undefined
COMMAND: POST /session/a9ef15c056c2e43ebaea63ed65e0d12a/execute/async - {"script":"<script> [2676 bytes]","args":[]}
RESULT: {"script":"<script> [2676 bytes]","args":[]}
COMMAND: POST /session/a9ef15c056c2e43ebaea63ed65e0d12a/execute/async - {"script":"<script> [2342 bytes]","args":[{"protocol":"http","hostname":"0.0.0.0","path":"/","capabilities":{"browserName":"chrome","goog:chromeOptions":{"binary":"C:\\Program Files\\Google\\Chrome\\Application\\chrome.exe","args":["--start-maximized"]}},"logLevel":"warn","connectionRetryTimeout":120000,"connectionRetryCount":3,"logLevels":{},"enableDirectConnect":true,"strictSSL":true,"_":"65 more keys: [\"cacheDir\",\"port\",\"requestedCapabilities\",\"automationProtocol\",\"baseUrl\",\"waitforInterval\",\"waitforTimeout\",\"onReload\",\"beforeCommand\",\"afterCommand\",\"rootDir\",\"specs\",\"suites\",\"exclude\",\"groupLogsByTestSpec\",\"excludeDriverLogs\",\"bail\",\"framework\",\"reporters\",\"services\",\"maxInstances\",\"maxInstancesPerCapability\",\"injectGlobals\",\"filesToWatch\",\"execArgv\",\"runnerEnv\",\"runner\",\"shard\",\"specFileRetries\",\"specFileRetriesDelay\",\"specFileRetriesDeferred\",\"reporterSyncInterval\",\"reporterSyncTimeout\",\"cucumberFeaturesWithLineNumbers\",\"autoCompileOpts\",\"mochaOpts\",\"jasmineOpts\",\"cucumberOpts\",\"onPrepare\",\"onWorkerStart\",\"onWorkerEnd\",\"before\",\"beforeSession\",\"beforeSuite\",\"beforeHook\",\"beforeTest\",\"afterTest\",\"afterHook\",\"afterSuite\",\"afterSession\",\"after\",\"onComplete\",\"beforeAssertion\",\"afterAssertion\",\"beforeFeature\",\"beforeScenario\",\"beforeStep\",\"afterStep\",\"afterScenario\",\"afterFeature\",\"_\",\"suite\",\"$0\",\"ignoredWorkerServices\",\"wdi5\"]"}]}
RESULT: {"script":"<script> [2342 bytes]","args":[{"protocol":"http","hostname":"0.0.0.0","path":"/","capabilities":{"browserName":"chrome","goog:chromeOptions":{"binary":"C:\\Program Files\\Google\\Chrome\\Application\\chrome.exe","args":["--start-maximized"]}},"logLevel":"warn","connectionRetryTimeout":120000,"connectionRetryCount":3,"logLevels":{},"enableDirectConnect":true,"strictSSL":true,"_":"65 more keys: [\"cacheDir\",\"port\",\"requestedCapabilities\",\"automationProtocol\",\"baseUrl\",\"waitforInterval\",\"waitforTimeout\",\"onReload\",\"beforeCommand\",\"afterCommand\",\"rootDir\",\"specs\",\"suites\",\"exclude\",\"groupLogsByTestSpec\",\"excludeDriverLogs\",\"bail\",\"framework\",\"reporters\",\"services\",\"maxInstances\",\"maxInstancesPerCapability\",\"injectGlobals\",\"filesToWatch\",\"execArgv\",\"runnerEnv\",\"runner\",\"shard\",\"specFileRetries\",\"specFileRetriesDelay\",\"specFileRetriesDeferred\",\"reporterSyncInterval\",\"reporterSyncTimeout\",\"cucumberFeaturesWithLineNumbers\",\"autoCompileOpts\",\"mochaOpts\",\"jasmineOpts\",\"cucumberOpts\",\"onPrepare\",\"onWorkerStart\",\"onWorkerEnd\",\"before\",\"beforeSession\",\"beforeSuite\",\"beforeHook\",\"beforeTest\",\"afterTest\",\"afterHook\",\"afterSuite\",\"afterSession\",\"after\",\"onComplete\",\"beforeAssertion\",\"afterAssertion\",\"beforeFeature\",\"beforeScenario\",\"beforeStep\",\"afterStep\",\"afterScenario\",\"afterFeature\",\"_\",\"suite\",\"$0\",\"ignoredWorkerServices\",\"wdi5\"]"}]}
COMMAND: POST /session/a9ef15c056c2e43ebaea63ed65e0d12a/execute/async - {"script":"<script> [21126 bytes]","args":[35000]}
RESULT: {"script":"<script> [21126 bytes]","args":[35000]}
]]></system-out>
    </testcase>
  </testsuite>
  <testsuite timestamp="2025-04-18T17:16:05" time="374.888" tests="9" failures="0" errors="0" skipped="0">
    <properties>
      <property name="specId" value="0"/>
      <property name="suiteName" value="US134625 Set up price condition - one time"/>
      <property name="capabilities" value="chrome.135_0_7049_42.windows"/>
      <property name="file" value="file:///D:/a/1/s/test/specs/BTS/set-up-price-condition-one-time.spec.js"/>
    </properties>
    <testcase classname="chrome.135_0_7049_42.windows.US134625_Set_up_price_condition_-_one_time" name="Should create a new yard used for all following tests" time="0.013">
      <system-out><![CDATA[
COMMAND: POST /session/a9ef15c056c2e43ebaea63ed65e0d12a/window/fullscreen - {}
RESULT: {}
]]></system-out>
    </testcase>
    <testcase classname="chrome.135_0_7049_42.windows.US134625_Set_up_price_condition_-_one_time" name="Should create a new partner" time="0.005"/>
    <testcase classname="chrome.135_0_7049_42.windows.US134625_Set_up_price_condition_-_one_time" name="Should create a new site used for following tests" time="0.004"/>
    <testcase classname="chrome.135_0_7049_42.windows.US134625_Set_up_price_condition_-_one_time" name="Should create a new material for billing type one time" time="100.131">
      <system-out><![CDATA[
COMMAND: POST /session/a9ef15c056c2e43ebaea63ed65e0d12a/execute/async - {"script":"<script> [1562 bytes]","args":[{"selector":{"controlType":"sap.m.GenericTile","properties":{"header":"Manage Resources"}},"wdio_ui5_key":"sapm.GenericTile{\"header\":\"Manage Resources\"}"}]}
RESULT: {"script":"<script> [1562 bytes]","args":[{"selector":{"controlType":"sap.m.GenericTile","properties":{"header":"Manage Resources"}},"wdio_ui5_key":"sapm.GenericTile{\"header\":\"Manage Resources\"}"}]}
RESULT: undefined
COMMAND: POST /session/a9ef15c056c2e43ebaea63ed65e0d12a/element - {"using":"xpath","value":"//*[@id=\"__tile39\"]"}
RESULT: {"using":"xpath","value":"//*[@id=\"__tile39\"]"}
COMMAND: POST /session/a9ef15c056c2e43ebaea63ed65e0d12a/element/f.5C1E112C024A7E7EDD35BD5D9BF8FD55.d.131E549B22A4CA4DD01A6EFA5881090A.e.6330/click - {}
RESULT: {}
COMMAND: POST /session/a9ef15c056c2e43ebaea63ed65e0d12a/element - {"using":"xpath","value":"//button[@data-kt=\"addNewRUOverflowToolbarButton\"]"}
COMMAND: GET /session/a9ef15c056c2e43ebaea63ed65e0d12a/screenshot - {}
RESULT: {"using":"xpath","value":"//button[@data-kt=\"addNewRUOverflowToolbarButton\"]"}
COMMAND: POST /session/a9ef15c056c2e43ebaea63ed65e0d12a/elements - {"using":"xpath","value":"//button[@data-kt=\"addNewRUOverflowToolbarButton\"]"}
RESULT: {}
RESULT: undefined
RESULT: undefined
RESULT: {"using":"xpath","value":"//button[@data-kt=\"addNewRUOverflowToolbarButton\"]"}
COMMAND: POST /session/a9ef15c056c2e43ebaea63ed65e0d12a/elements - {"using":"xpath","value":"//button[@data-kt=\"addNewRUOverflowToolbarButton\"]"}
RESULT: {"using":"xpath","value":"//button[@data-kt=\"addNewRUOverflowToolbarButton\"]"}
COMMAND: POST /session/a9ef15c056c2e43ebaea63ed65e0d12a/elements - {"using":"xpath","value":"//button[@data-kt=\"addNewRUOverflowToolbarButton\"]"}
RESULT: {"using":"xpath","value":"//button[@data-kt=\"addNewRUOverflowToolbarButton\"]"}
COMMAND: POST /session/a9ef15c056c2e43ebaea63ed65e0d12a/elements - {"using":"xpath","value":"//button[@data-kt=\"addNewRUOverflowToolbarButton\"]"}
RESULT: {"using":"xpath","value":"//button[@data-kt=\"addNewRUOverflowToolbarButton\"]"}
COMMAND: POST /session/a9ef15c056c2e43ebaea63ed65e0d12a/elements - {"using":"xpath","value":"//button[@data-kt=\"addNewRUOverflowToolbarButton\"]"}
RESULT: {"using":"xpath","value":"//button[@data-kt=\"addNewRUOverflowToolbarButton\"]"}
COMMAND: POST /session/a9ef15c056c2e43ebaea63ed65e0d12a/elements - {"using":"xpath","value":"//button[@data-kt=\"addNewRUOverflowToolbarButton\"]"}
RESULT: {"using":"xpath","value":"//button[@data-kt=\"addNewRUOverflowToolbarButton\"]"}
COMMAND: POST /session/a9ef15c056c2e43ebaea63ed65e0d12a/elements - {"using":"xpath","value":"//button[@data-kt=\"addNewRUOverflowToolbarButton\"]"}
RESULT: {"using":"xpath","value":"//button[@data-kt=\"addNewRUOverflowToolbarButton\"]"}
COMMAND: POST /session/a9ef15c056c2e43ebaea63ed65e0d12a/elements - {"using":"xpath","value":"//button[@data-kt=\"addNewRUOverflowToolbarButton\"]"}
RESULT: {"using":"xpath","value":"//button[@data-kt=\"addNewRUOverflowToolbarButton\"]"}
COMMAND: POST /session/a9ef15c056c2e43ebaea63ed65e0d12a/elements - {"using":"xpath","value":"//button[@data-kt=\"addNewRUOverflowToolbarButton\"]"}
RESULT: {"using":"xpath","value":"//button[@data-kt=\"addNewRUOverflowToolbarButton\"]"}
COMMAND: POST /session/a9ef15c056c2e43ebaea63ed65e0d12a/elements - {"using":"xpath","value":"//button[@data-kt=\"addNewRUOverflowToolbarButton\"]"}
RESULT: {"using":"xpath","value":"//button[@data-kt=\"addNewRUOverflowToolbarButton\"]"}
COMMAND: POST /session/a9ef15c056c2e43ebaea63ed65e0d12a/elements - {"using":"xpath","value":"//button[@data-kt=\"addNewRUOverflowToolbarButton\"]"}
RESULT: {"using":"xpath","value":"//button[@data-kt=\"addNewRUOverflowToolbarButton\"]"}
COMMAND: POST /session/a9ef15c056c2e43ebaea63ed65e0d12a/elements - {"using":"xpath","value":"//button[@data-kt=\"addNewRUOverflowToolbarButton\"]"}
RESULT: {"using":"xpath","value":"//button[@data-kt=\"addNewRUOverflowToolbarButton\"]"}
COMMAND: POST /session/a9ef15c056c2e43ebaea63ed65e0d12a/elements - {"using":"xpath","value":"//button[@data-kt=\"addNewRUOverflowToolbarButton\"]"}
RESULT: {"using":"xpath","value":"//button[@data-kt=\"addNewRUOverflowToolbarButton\"]"}
COMMAND: POST /session/a9ef15c056c2e43ebaea63ed65e0d12a/elements - {"using":"xpath","value":"//button[@data-kt=\"addNewRUOverflowToolbarButton\"]"}
RESULT: {"using":"xpath","value":"//button[@data-kt=\"addNewRUOverflowToolbarButton\"]"}
COMMAND: POST /session/a9ef15c056c2e43ebaea63ed65e0d12a/elements - {"using":"xpath","value":"//button[@data-kt=\"addNewRUOverflowToolbarButton\"]"}
RESULT: {"using":"xpath","value":"//button[@data-kt=\"addNewRUOverflowToolbarButton\"]"}
COMMAND: POST /session/a9ef15c056c2e43ebaea63ed65e0d12a/elements - {"using":"xpath","value":"//button[@data-kt=\"addNewRUOverflowToolbarButton\"]"}
RESULT: {"using":"xpath","value":"//button[@data-kt=\"addNewRUOverflowToolbarButton\"]"}
COMMAND: POST /session/a9ef15c056c2e43ebaea63ed65e0d12a/elements - {"using":"xpath","value":"//button[@data-kt=\"addNewRUOverflowToolbarButton\"]"}
RESULT: {"using":"xpath","value":"//button[@data-kt=\"addNewRUOverflowToolbarButton\"]"}
COMMAND: POST /session/a9ef15c056c2e43ebaea63ed65e0d12a/elements - {"using":"xpath","value":"//button[@data-kt=\"addNewRUOverflowToolbarButton\"]"}
RESULT: {"using":"xpath","value":"//button[@data-kt=\"addNewRUOverflowToolbarButton\"]"}
COMMAND: POST /session/a9ef15c056c2e43ebaea63ed65e0d12a/elements - {"using":"xpath","value":"//button[@data-kt=\"addNewRUOverflowToolbarButton\"]"}
RESULT: {"using":"xpath","value":"//button[@data-kt=\"addNewRUOverflowToolbarButton\"]"}
COMMAND: POST /session/a9ef15c056c2e43ebaea63ed65e0d12a/elements - {"using":"xpath","value":"//button[@data-kt=\"addNewRUOverflowToolbarButton\"]"}
RESULT: {"using":"xpath","value":"//button[@data-kt=\"addNewRUOverflowToolbarButton\"]"}
COMMAND: POST /session/a9ef15c056c2e43ebaea63ed65e0d12a/elements - {"using":"xpath","value":"//button[@data-kt=\"addNewRUOverflowToolbarButton\"]"}
RESULT: {"using":"xpath","value":"//button[@data-kt=\"addNewRUOverflowToolbarButton\"]"}
COMMAND: POST /session/a9ef15c056c2e43ebaea63ed65e0d12a/elements - {"using":"xpath","value":"//button[@data-kt=\"addNewRUOverflowToolbarButton\"]"}
RESULT: {"using":"xpath","value":"//button[@data-kt=\"addNewRUOverflowToolbarButton\"]"}
COMMAND: POST /session/a9ef15c056c2e43ebaea63ed65e0d12a/elements - {"using":"xpath","value":"//button[@data-kt=\"addNewRUOverflowToolbarButton\"]"}
RESULT: {"using":"xpath","value":"//button[@data-kt=\"addNewRUOverflowToolbarButton\"]"}
COMMAND: POST /session/a9ef15c056c2e43ebaea63ed65e0d12a/elements - {"using":"xpath","value":"//button[@data-kt=\"addNewRUOverflowToolbarButton\"]"}
RESULT: {"using":"xpath","value":"//button[@data-kt=\"addNewRUOverflowToolbarButton\"]"}
COMMAND: POST /session/a9ef15c056c2e43ebaea63ed65e0d12a/elements - {"using":"xpath","value":"//button[@data-kt=\"addNewRUOverflowToolbarButton\"]"}
RESULT: {"using":"xpath","value":"//button[@data-kt=\"addNewRUOverflowToolbarButton\"]"}
COMMAND: POST /session/a9ef15c056c2e43ebaea63ed65e0d12a/elements - {"using":"xpath","value":"//button[@data-kt=\"addNewRUOverflowToolbarButton\"]"}
RESULT: {"using":"xpath","value":"//button[@data-kt=\"addNewRUOverflowToolbarButton\"]"}
COMMAND: POST /session/a9ef15c056c2e43ebaea63ed65e0d12a/elements - {"using":"xpath","value":"//button[@data-kt=\"addNewRUOverflowToolbarButton\"]"}
RESULT: {"using":"xpath","value":"//button[@data-kt=\"addNewRUOverflowToolbarButton\"]"}
COMMAND: POST /session/a9ef15c056c2e43ebaea63ed65e0d12a/elements - {"using":"xpath","value":"//button[@data-kt=\"addNewRUOverflowToolbarButton\"]"}
RESULT: {"using":"xpath","value":"//button[@data-kt=\"addNewRUOverflowToolbarButton\"]"}
COMMAND: POST /session/a9ef15c056c2e43ebaea63ed65e0d12a/elements - {"using":"xpath","value":"//button[@data-kt=\"addNewRUOverflowToolbarButton\"]"}
RESULT: {"using":"xpath","value":"//button[@data-kt=\"addNewRUOverflowToolbarButton\"]"}
COMMAND: POST /session/a9ef15c056c2e43ebaea63ed65e0d12a/element - {"using":"xpath","value":"//button[@data-kt=\"addNewRUOverflowToolbarButton\"]"}
RESULT: {"using":"xpath","value":"//button[@data-kt=\"addNewRUOverflowToolbarButton\"]"}
COMMAND: POST /session/a9ef15c056c2e43ebaea63ed65e0d12a/execute/sync - {"script":"<script> [8489 bytes]","args":[{"element-6066-11e4-a52e-4f735466cecf":"f.5C1E112C024A7E7EDD35BD5D9BF8FD55.d.131E549B22A4CA4DD01A6EFA5881090A.e.6454","ELEMENT":"f.5C1E112C024A7E7EDD35BD5D9BF8FD55.d.131E549B22A4CA4DD01A6EFA5881090A.e.6454"}]}
RESULT: {"script":"<script> [8489 bytes]","args":[{"element-6066-11e4-a52e-4f735466cecf":"f.5C1E112C024A7E7EDD35BD5D9BF8FD55.d.131E549B22A4CA4DD01A6EFA5881090A.e.6454","ELEMENT":"f.5C1E112C024A7E7EDD35BD5D9BF8FD55.d.131E549B22A4CA4DD01A6EFA5881090A.e.6454"}]}
COMMAND: GET /session/a9ef15c056c2e43ebaea63ed65e0d12a/element/f.5C1E112C024A7E7EDD35BD5D9BF8FD55.d.131E549B22A4CA4DD01A6EFA5881090A.e.6454/enabled - {}
COMMAND: GET /session/a9ef15c056c2e43ebaea63ed65e0d12a/screenshot - {}
RESULT: {}
COMMAND: POST /session/a9ef15c056c2e43ebaea63ed65e0d12a/execute/sync - {"script":"<script> [8489 bytes]","args":[{"element-6066-11e4-a52e-4f735466cecf":"f.5C1E112C024A7E7EDD35BD5D9BF8FD55.d.131E549B22A4CA4DD01A6EFA5881090A.e.6454","ELEMENT":"f.5C1E112C024A7E7EDD35BD5D9BF8FD55.d.131E549B22A4CA4DD01A6EFA5881090A.e.6454"}]}
COMMAND: GET /session/a9ef15c056c2e43ebaea63ed65e0d12a/screenshot - {}
RESULT: {}
RESULT: {"script":"<script> [8489 bytes]","args":[{"element-6066-11e4-a52e-4f735466cecf":"f.5C1E112C024A7E7EDD35BD5D9BF8FD55.d.131E549B22A4CA4DD01A6EFA5881090A.e.6454","ELEMENT":"f.5C1E112C024A7E7EDD35BD5D9BF8FD55.d.131E549B22A4CA4DD01A6EFA5881090A.e.6454"}]}
COMMAND: POST /session/a9ef15c056c2e43ebaea63ed65e0d12a/execute/sync - {"script":"<script> [5351 bytes]","args":[{"element-6066-11e4-a52e-4f735466cecf":"f.5C1E112C024A7E7EDD35BD5D9BF8FD55.d.131E549B22A4CA4DD01A6EFA5881090A.e.6454","ELEMENT":"f.5C1E112C024A7E7EDD35BD5D9BF8FD55.d.131E549B22A4CA4DD01A6EFA5881090A.e.6454"}]}
COMMAND: GET /session/a9ef15c056c2e43ebaea63ed65e0d12a/screenshot - {}
RESULT: {}
RESULT: {"script":"<script> [5351 bytes]","args":[{"element-6066-11e4-a52e-4f735466cecf":"f.5C1E112C024A7E7EDD35BD5D9BF8FD55.d.131E549B22A4CA4DD01A6EFA5881090A.e.6454","ELEMENT":"f.5C1E112C024A7E7EDD35BD5D9BF8FD55.d.131E549B22A4CA4DD01A6EFA5881090A.e.6454"}]}
COMMAND: POST /session/a9ef15c056c2e43ebaea63ed65e0d12a/element/f.5C1E112C024A7E7EDD35BD5D9BF8FD55.d.131E549B22A4CA4DD01A6EFA5881090A.e.6454/click - {}
COMMAND: GET /session/a9ef15c056c2e43ebaea63ed65e0d12a/screenshot - {}
RESULT: {}
RESULT: {}
COMMAND: GET /session/a9ef15c056c2e43ebaea63ed65e0d12a/screenshot - {}
RESULT: {}
RESULT: {}
COMMAND: POST /session/a9ef15c056c2e43ebaea63ed65e0d12a/execute/async - {"script":"<script> [1562 bytes]","args":[{"selector":{"id":"application-manageresources-display-component---newResourceUnit--TYPE-arrow"},"wdio_ui5_key":"applicationmanageresources-display-component---newResourceUnit--TYPE-arrow"}]}
RESULT: {"script":"<script> [1562 bytes]","args":[{"selector":{"id":"application-manageresources-display-component---newResourceUnit--TYPE-arrow"},"wdio_ui5_key":"applicationmanageresources-display-component---newResourceUnit--TYPE-arrow"}]}
RESULT: undefined
COMMAND: POST /session/a9ef15c056c2e43ebaea63ed65e0d12a/element - {"using":"xpath","value":"//*[@id=\"application-manageresources-display-component---newResourceUnit--TYPE-arrow\"]"}
RESULT: {"using":"xpath","value":"//*[@id=\"application-manageresources-display-component---newResourceUnit--TYPE-arrow\"]"}
COMMAND: POST /session/a9ef15c056c2e43ebaea63ed65e0d12a/element/f.5C1E112C024A7E7EDD35BD5D9BF8FD55.d.131E549B22A4CA4DD01A6EFA5881090A.e.6825/click - {}
RESULT: {}
COMMAND: POST /session/a9ef15c056c2e43ebaea63ed65e0d12a/element - {"using":"xpath","value":"//input[@id=\"application-manageresources-display-component---newResourceUnit--TYPE-inner\"]"}
COMMAND: GET /session/a9ef15c056c2e43ebaea63ed65e0d12a/screenshot - {}
RESULT: {"using":"xpath","value":"//input[@id=\"application-manageresources-display-component---newResourceUnit--TYPE-inner\"]"}
COMMAND: POST /session/a9ef15c056c2e43ebaea63ed65e0d12a/element/f.5C1E112C024A7E7EDD35BD5D9BF8FD55.d.131E549B22A4CA4DD01A6EFA5881090A.e.6810/clear - {}
RESULT: {}
RESULT: {}
COMMAND: POST /session/a9ef15c056c2e43ebaea63ed65e0d12a/element/f.5C1E112C024A7E7EDD35BD5D9BF8FD55.d.131E549B22A4CA4DD01A6EFA5881090A.e.6810/value - {"text":"Material"}
COMMAND: GET /session/a9ef15c056c2e43ebaea63ed65e0d12a/screenshot - {}
RESULT: {"text":"Material"}
COMMAND: GET /session/a9ef15c056c2e43ebaea63ed65e0d12a/screenshot - {}
RESULT: {}
RESULT: {}
COMMAND: POST /session/a9ef15c056c2e43ebaea63ed65e0d12a/actions - {"actions":[{"id":"action18","type":"key","parameters":{},"actions":[{"type":"keyDown","value":""},{"type":"pause","duration":10},{"type":"keyUp","value":""}]}]}
RESULT: {"actions":[{"id":"action18","type":"key","parameters":{},"actions":[{"type":"keyDown","value":""},{"type":"pause","duration":10},{"type":"keyUp","value":""}]}]}
COMMAND: POST /session/a9ef15c056c2e43ebaea63ed65e0d12a/execute/async - {"script":"<script> [1562 bytes]","args":[{"selector":{"id":"application-manageresources-display-component---newResourceUnit--SHORT_TEXT","interaction":{"idSuffix":"inner"}},"wdio_ui5_key":"applicationmanageresources-display-component---newResourceUnit--SHORT_TEXT"}]}
COMMAND: GET /session/a9ef15c056c2e43ebaea63ed65e0d12a/screenshot - {}
RESULT: {"script":"<script> [1562 bytes]","args":[{"selector":{"id":"application-manageresources-display-component---newResourceUnit--SHORT_TEXT","interaction":{"idSuffix":"inner"}},"wdio_ui5_key":"applicationmanageresources-display-component---newResourceUnit--SHORT_TEXT"}]}
RESULT: undefined
COMMAND: POST /session/a9ef15c056c2e43ebaea63ed65e0d12a/execute/async - {"script":"<script> [776 bytes]","args":[{"enterText":"Cement WDIO","selector":{"id":"application-manageresources-display-component---newResourceUnit--SHORT_TEXT","interaction":{"idSuffix":"inner"}},"clearTextFirst":true,"interactionType":"ENTER_TEXT"}]}
RESULT: {}
RESULT: {"script":"<script> [776 bytes]","args":[{"enterText":"Cement WDIO","selector":{"id":"application-manageresources-display-component---newResourceUnit--SHORT_TEXT","interaction":{"idSuffix":"inner"}},"clearTextFirst":true,"interactionType":"ENTER_TEXT"}]}
COMMAND: POST /session/a9ef15c056c2e43ebaea63ed65e0d12a/execute/async - {"script":"<script> [1562 bytes]","args":[{"selector":{"id":"application-manageresources-display-component---newResourceUnit--BASE_UNIT_OF_MEASURE","interaction":{"idSuffix":"inner"}},"wdio_ui5_key":"applicationmanageresources-display-component---newResourceUnit--BASE_UNIT_OF_MEASURE"}]}
RESULT: {"script":"<script> [1562 bytes]","args":[{"selector":{"id":"application-manageresources-display-component---newResourceUnit--BASE_UNIT_OF_MEASURE","interaction":{"idSuffix":"inner"}},"wdio_ui5_key":"applicationmanageresources-display-component---newResourceUnit--BASE_UNIT_OF_MEASURE"}]}
RESULT: undefined
COMMAND: POST /session/a9ef15c056c2e43ebaea63ed65e0d12a/execute/async - {"script":"<script> [776 bytes]","args":[{"enterText":"Piece","selector":{"id":"application-manageresources-display-component---newResourceUnit--BASE_UNIT_OF_MEASURE","interaction":{"idSuffix":"inner"}},"clearTextFirst":true,"interactionType":"ENTER_TEXT"}]}
RESULT: {"script":"<script> [776 bytes]","args":[{"enterText":"Piece","selector":{"id":"application-manageresources-display-component---newResourceUnit--BASE_UNIT_OF_MEASURE","interaction":{"idSuffix":"inner"}},"clearTextFirst":true,"interactionType":"ENTER_TEXT"}]}
COMMAND: POST /session/a9ef15c056c2e43ebaea63ed65e0d12a/execute/async - {"script":"<script> [1562 bytes]","args":[{"selector":{"id":"application-manageresources-display-component---newResourceUnit--WEIGHT_UNIT","interaction":{"idSuffix":"inner"}},"wdio_ui5_key":"applicationmanageresources-display-component---newResourceUnit--WEIGHT_UNIT"}]}
RESULT: {"script":"<script> [1562 bytes]","args":[{"selector":{"id":"application-manageresources-display-component---newResourceUnit--WEIGHT_UNIT","interaction":{"idSuffix":"inner"}},"wdio_ui5_key":"applicationmanageresources-display-component---newResourceUnit--WEIGHT_UNIT"}]}
RESULT: undefined
COMMAND: POST /session/a9ef15c056c2e43ebaea63ed65e0d12a/execute/async - {"script":"<script> [776 bytes]","args":[{"enterText":"Gram","selector":{"id":"application-manageresources-display-component---newResourceUnit--WEIGHT_UNIT","interaction":{"idSuffix":"inner"}},"clearTextFirst":true,"interactionType":"ENTER_TEXT"}]}
RESULT: {"script":"<script> [776 bytes]","args":[{"enterText":"Gram","selector":{"id":"application-manageresources-display-component---newResourceUnit--WEIGHT_UNIT","interaction":{"idSuffix":"inner"}},"clearTextFirst":true,"interactionType":"ENTER_TEXT"}]}
COMMAND: POST /session/a9ef15c056c2e43ebaea63ed65e0d12a/execute/async - {"script":"<script> [1562 bytes]","args":[{"selector":{"id":"application-manageresources-display-component---newResourceUnit--DIMENSION_UNIT","interaction":{"idSuffix":"inner"}},"wdio_ui5_key":"applicationmanageresources-display-component---newResourceUnit--DIMENSION_UNIT"}]}
RESULT: {"script":"<script> [1562 bytes]","args":[{"selector":{"id":"application-manageresources-display-component---newResourceUnit--DIMENSION_UNIT","interaction":{"idSuffix":"inner"}},"wdio_ui5_key":"applicationmanageresources-display-component---newResourceUnit--DIMENSION_UNIT"}]}
RESULT: undefined
COMMAND: POST /session/a9ef15c056c2e43ebaea63ed65e0d12a/execute/async - {"script":"<script> [776 bytes]","args":[{"enterText":"Meter","selector":{"id":"application-manageresources-display-component---newResourceUnit--DIMENSION_UNIT","interaction":{"idSuffix":"inner"}},"clearTextFirst":true,"interactionType":"ENTER_TEXT"}]}
RESULT: {"script":"<script> [776 bytes]","args":[{"enterText":"Meter","selector":{"id":"application-manageresources-display-component---newResourceUnit--DIMENSION_UNIT","interaction":{"idSuffix":"inner"}},"clearTextFirst":true,"interactionType":"ENTER_TEXT"}]}
COMMAND: POST /session/a9ef15c056c2e43ebaea63ed65e0d12a/execute/async - {"script":"<script> [1562 bytes]","args":[{"selector":{"id":"application-manageresources-display-component---newResourceUnit--newRRUPage-anchBar-application-manageresources-display-component---newResourceUnit--control-anchor","interaction":{"idSuffix":"BDI-content"}},"wdio_ui5_key":"applicationmanageresources-display-component---newResourceUnit--newRRUPage-anchBar-application-manageresources-display-component---newResourceUnit--control-anchor"}]}
RESULT: {"script":"<script> [1562 bytes]","args":[{"selector":{"id":"application-manageresources-display-component---newResourceUnit--newRRUPage-anchBar-application-manageresources-display-component---newResourceUnit--control-anchor","interaction":{"idSuffix":"BDI-content"}},"wdio_ui5_key":"applicationmanageresources-display-component---newResourceUnit--newRRUPage-anchBar-application-manageresources-display-component---newResourceUnit--control-anchor"}]}
RESULT: undefined
COMMAND: POST /session/a9ef15c056c2e43ebaea63ed65e0d12a/element - {"using":"xpath","value":"//*[@id=\"application-manageresources-display-component---newResourceUnit--newRRUPage-anchBar-application-manageresources-display-component---newResourceUnit--control-anchor\"]"}
RESULT: {"using":"xpath","value":"//*[@id=\"application-manageresources-display-component---newResourceUnit--newRRUPage-anchBar-application-manageresources-display-component---newResourceUnit--control-anchor\"]"}
COMMAND: POST /session/a9ef15c056c2e43ebaea63ed65e0d12a/element/f.5C1E112C024A7E7EDD35BD5D9BF8FD55.d.131E549B22A4CA4DD01A6EFA5881090A.e.6894/click - {}
RESULT: {}
COMMAND: POST /session/a9ef15c056c2e43ebaea63ed65e0d12a/execute/async - {"script":"<script> [1562 bytes]","args":[{"selector":{"id":"application-manageresources-display-component---newResourceUnit--PLANNING_GROUP","interaction":{"idSuffix":"inner"}},"wdio_ui5_key":"applicationmanageresources-display-component---newResourceUnit--PLANNING_GROUP"}]}
COMMAND: GET /session/a9ef15c056c2e43ebaea63ed65e0d12a/screenshot - {}
RESULT: {"script":"<script> [1562 bytes]","args":[{"selector":{"id":"application-manageresources-display-component---newResourceUnit--PLANNING_GROUP","interaction":{"idSuffix":"inner"}},"wdio_ui5_key":"applicationmanageresources-display-component---newResourceUnit--PLANNING_GROUP"}]}
RESULT: undefined
COMMAND: POST /session/a9ef15c056c2e43ebaea63ed65e0d12a/execute/async - {"script":"<script> [776 bytes]","args":[{"enterText":"Material","selector":{"id":"application-manageresources-display-component---newResourceUnit--PLANNING_GROUP","interaction":{"idSuffix":"inner"}},"clearTextFirst":true,"interactionType":"ENTER_TEXT"}]}
RESULT: {}
RESULT: {"script":"<script> [776 bytes]","args":[{"enterText":"Material","selector":{"id":"application-manageresources-display-component---newResourceUnit--PLANNING_GROUP","interaction":{"idSuffix":"inner"}},"clearTextFirst":true,"interactionType":"ENTER_TEXT"}]}
COMMAND: POST /session/a9ef15c056c2e43ebaea63ed65e0d12a/execute/async - {"script":"<script> [1562 bytes]","args":[{"selector":{"id":"application-manageresources-display-component---newResourceUnit--PLANNING_INDICATOR","interaction":{"idSuffix":"inner"}},"wdio_ui5_key":"applicationmanageresources-display-component---newResourceUnit--PLANNING_INDICATOR"}]}
RESULT: {"script":"<script> [1562 bytes]","args":[{"selector":{"id":"application-manageresources-display-component---newResourceUnit--PLANNING_INDICATOR","interaction":{"idSuffix":"inner"}},"wdio_ui5_key":"applicationmanageresources-display-component---newResourceUnit--PLANNING_INDICATOR"}]}
RESULT: undefined
COMMAND: POST /session/a9ef15c056c2e43ebaea63ed65e0d12a/execute/async - {"script":"<script> [776 bytes]","args":[{"enterText":"10 - infinite","selector":{"id":"application-manageresources-display-component---newResourceUnit--PLANNING_INDICATOR","interaction":{"idSuffix":"inner"}},"clearTextFirst":true,"interactionType":"ENTER_TEXT"}]}
RESULT: {"script":"<script> [776 bytes]","args":[{"enterText":"10 - infinite","selector":{"id":"application-manageresources-display-component---newResourceUnit--PLANNING_INDICATOR","interaction":{"idSuffix":"inner"}},"clearTextFirst":true,"interactionType":"ENTER_TEXT"}]}
COMMAND: POST /session/a9ef15c056c2e43ebaea63ed65e0d12a/element - {"using":"css selector","value":"#application-manageresources-display-component---newResourceUnit--btnAddTimeSegment"}
RESULT: {"using":"css selector","value":"#application-manageresources-display-component---newResourceUnit--btnAddTimeSegment"}
COMMAND: GET /session/a9ef15c056c2e43ebaea63ed65e0d12a/element/f.5C1E112C024A7E7EDD35BD5D9BF8FD55.d.131E549B22A4CA4DD01A6EFA5881090A.e.6904/rect - {}
RESULT: {}
COMMAND: GET /session/a9ef15c056c2e43ebaea63ed65e0d12a/window/rect - {}
RESULT: {}
COMMAND: POST /session/a9ef15c056c2e43ebaea63ed65e0d12a/execute/sync - {"script":"<script> [92 bytes]","args":[]}
RESULT: {"script":"<script> [92 bytes]","args":[]}
COMMAND: POST /session/a9ef15c056c2e43ebaea63ed65e0d12a/actions - {"actions":[{"id":"action19","type":"wheel","parameters":{},"actions":[{"type":"scroll","x":-1888,"y":-32,"deltaX":0,"deltaY":0,"duration":0,"origin":{"element-6066-11e4-a52e-4f735466cecf":"f.5C1E112C024A7E7EDD35BD5D9BF8FD55.d.131E549B22A4CA4DD01A6EFA5881090A.e.6904"}}]}]}
COMMAND: GET /session/a9ef15c056c2e43ebaea63ed65e0d12a/screenshot - {}
RESULT: {}
COMMAND: POST /session/a9ef15c056c2e43ebaea63ed65e0d12a/execute/sync - {"script":"<script> [79 bytes]","args":[{"element-6066-11e4-a52e-4f735466cecf":"f.5C1E112C024A7E7EDD35BD5D9BF8FD55.d.131E549B22A4CA4DD01A6EFA5881090A.e.6904","ELEMENT":"f.5C1E112C024A7E7EDD35BD5D9BF8FD55.d.131E549B22A4CA4DD01A6EFA5881090A.e.6904"},{"block":"start","inline":"nearest"}]}
RESULT: {"script":"<script> [79 bytes]","args":[{"element-6066-11e4-a52e-4f735466cecf":"f.5C1E112C024A7E7EDD35BD5D9BF8FD55.d.131E549B22A4CA4DD01A6EFA5881090A.e.6904","ELEMENT":"f.5C1E112C024A7E7EDD35BD5D9BF8FD55.d.131E549B22A4CA4DD01A6EFA5881090A.e.6904"},{"block":"start","inline":"nearest"}]}
COMMAND: POST /session/a9ef15c056c2e43ebaea63ed65e0d12a/execute/async - {"script":"<script> [1562 bytes]","args":[{"selector":{"id":"application-manageresources-display-component---newResourceUnit--btnAddTimeSegment","interaction":{"idSuffix":"inner"}},"wdio_ui5_key":"applicationmanageresources-display-component---newResourceUnit--btnAddTimeSegment"}]}
COMMAND: GET /session/a9ef15c056c2e43ebaea63ed65e0d12a/screenshot - {}
RESULT: {"script":"<script> [1562 bytes]","args":[{"selector":{"id":"application-manageresources-display-component---newResourceUnit--btnAddTimeSegment","interaction":{"idSuffix":"inner"}},"wdio_ui5_key":"applicationmanageresources-display-component---newResourceUnit--btnAddTimeSegment"}]}
RESULT: undefined
COMMAND: POST /session/a9ef15c056c2e43ebaea63ed65e0d12a/element - {"using":"xpath","value":"//*[@id=\"application-manageresources-display-component---newResourceUnit--btnAddTimeSegment\"]"}
RESULT: {}
RESULT: {"using":"xpath","value":"//*[@id=\"application-manageresources-display-component---newResourceUnit--btnAddTimeSegment\"]"}
COMMAND: POST /session/a9ef15c056c2e43ebaea63ed65e0d12a/element/f.5C1E112C024A7E7EDD35BD5D9BF8FD55.d.131E549B22A4CA4DD01A6EFA5881090A.e.6904/click - {}
RESULT: {}
COMMAND: GET /session/a9ef15c056c2e43ebaea63ed65e0d12a/screenshot - {}
RESULT: {}
COMMAND: POST /session/a9ef15c056c2e43ebaea63ed65e0d12a/element - {"using":"xpath","value":"//input[@id=\"application-manageresources-display-component---newResourceUnit--idRuTSAdmin-application-manageresources-display-component---newResourceUnit--RUTimeSegment-0-inner\"]"}
RESULT: {"using":"xpath","value":"//input[@id=\"application-manageresources-display-component---newResourceUnit--idRuTSAdmin-application-manageresources-display-component---newResourceUnit--RUTimeSegment-0-inner\"]"}
COMMAND: POST /session/a9ef15c056c2e43ebaea63ed65e0d12a/element/f.5C1E112C024A7E7EDD35BD5D9BF8FD55.d.131E549B22A4CA4DD01A6EFA5881090A.e.6909/clear - {}
RESULT: {}
COMMAND: POST /session/a9ef15c056c2e43ebaea63ed65e0d12a/element/f.5C1E112C024A7E7EDD35BD5D9BF8FD55.d.131E549B22A4CA4DD01A6EFA5881090A.e.6909/value - {"text":"569"}
COMMAND: GET /session/a9ef15c056c2e43ebaea63ed65e0d12a/screenshot - {}
RESULT: {"text":"569"}
COMMAND: GET /session/a9ef15c056c2e43ebaea63ed65e0d12a/screenshot - {}
RESULT: {}
RESULT: {}
COMMAND: POST /session/a9ef15c056c2e43ebaea63ed65e0d12a/element - {"using":"xpath","value":"//li[.//span[text()='569']]"}
RESULT: {"using":"xpath","value":"//li[.//span[text()='569']]"}
COMMAND: POST /session/a9ef15c056c2e43ebaea63ed65e0d12a/element/f.5C1E112C024A7E7EDD35BD5D9BF8FD55.d.131E549B22A4CA4DD01A6EFA5881090A.e.6918/click - {}
RESULT: {}
COMMAND: GET /session/a9ef15c056c2e43ebaea63ed65e0d12a/screenshot - {}
RESULT: {}
COMMAND: POST /session/a9ef15c056c2e43ebaea63ed65e0d12a/element - {"using":"xpath","value":"(//span[contains(@id, \"-application-manageresources-display-component---newResourceUnit--RUTimeSegment-0-arrow\")])[2]"}
RESULT: {"using":"xpath","value":"(//span[contains(@id, \"-application-manageresources-display-component---newResourceUnit--RUTimeSegment-0-arrow\")])[2]"}
COMMAND: POST /session/a9ef15c056c2e43ebaea63ed65e0d12a/element/f.5C1E112C024A7E7EDD35BD5D9BF8FD55.d.131E549B22A4CA4DD01A6EFA5881090A.e.6919/click - {}
RESULT: {}
COMMAND: POST /session/a9ef15c056c2e43ebaea63ed65e0d12a/element - {"using":"xpath","value":"//span[contains(text(), \"PM Order\")]"}
COMMAND: GET /session/a9ef15c056c2e43ebaea63ed65e0d12a/screenshot - {}
RESULT: {"using":"xpath","value":"//span[contains(text(), \"PM Order\")]"}
COMMAND: POST /session/a9ef15c056c2e43ebaea63ed65e0d12a/element/f.5C1E112C024A7E7EDD35BD5D9BF8FD55.d.131E549B22A4CA4DD01A6EFA5881090A.e.6920/click - {}
RESULT: {}
RESULT: {}
COMMAND: GET /session/a9ef15c056c2e43ebaea63ed65e0d12a/screenshot - {}
RESULT: {}
COMMAND: POST /session/a9ef15c056c2e43ebaea63ed65e0d12a/element - {"using":"xpath","value":"//td/div/div/div/span[contains(@id, \"newResourceUnit--RUTimeSegment-0-vhi\")][1]"}
RESULT: {"using":"xpath","value":"//td/div/div/div/span[contains(@id, \"newResourceUnit--RUTimeSegment-0-vhi\")][1]"}
COMMAND: POST /session/a9ef15c056c2e43ebaea63ed65e0d12a/element/f.5C1E112C024A7E7EDD35BD5D9BF8FD55.d.131E549B22A4CA4DD01A6EFA5881090A.e.6923/click - {}
RESULT: {}
COMMAND: GET /session/a9ef15c056c2e43ebaea63ed65e0d12a/screenshot - {}
RESULT: {}
COMMAND: POST /session/a9ef15c056c2e43ebaea63ed65e0d12a/execute/async - {"script":"<script> [1562 bytes]","args":[{"selector":{"controlType":"sap.m.SearchField","properties":{"placeholder":"Search"},"searchOpenDialogs":true,"interaction":{"idSuffix":"I"}},"wdio_ui5_key":"sapm.SearchField{\"placeholder\":\"Search\"}"}]}
RESULT: {"script":"<script> [1562 bytes]","args":[{"selector":{"controlType":"sap.m.SearchField","properties":{"placeholder":"Search"},"searchOpenDialogs":true,"interaction":{"idSuffix":"I"}},"wdio_ui5_key":"sapm.SearchField{\"placeholder\":\"Search\"}"}]}
RESULT: undefined
COMMAND: POST /session/a9ef15c056c2e43ebaea63ed65e0d12a/execute/async - {"script":"<script> [776 bytes]","args":[{"enterText":"4000360","selector":{"controlType":"sap.m.SearchField","properties":{"placeholder":"Search"},"searchOpenDialogs":true,"interaction":{"idSuffix":"I"}},"clearTextFirst":true,"interactionType":"ENTER_TEXT"}]}
RESULT: {"script":"<script> [776 bytes]","args":[{"enterText":"4000360","selector":{"controlType":"sap.m.SearchField","properties":{"placeholder":"Search"},"searchOpenDialogs":true,"interaction":{"idSuffix":"I"}},"clearTextFirst":true,"interactionType":"ENTER_TEXT"}]}
COMMAND: POST /session/a9ef15c056c2e43ebaea63ed65e0d12a/actions - {"actions":[{"id":"action20","type":"key","parameters":{},"actions":[{"type":"keyDown","value":""},{"type":"pause","duration":10},{"type":"keyUp","value":""}]}]}
RESULT: {"actions":[{"id":"action20","type":"key","parameters":{},"actions":[{"type":"keyDown","value":""},{"type":"pause","duration":10},{"type":"keyUp","value":""}]}]}
COMMAND: GET /session/a9ef15c056c2e43ebaea63ed65e0d12a/screenshot - {}
RESULT: {}
COMMAND: POST /session/a9ef15c056c2e43ebaea63ed65e0d12a/element - {"using":"xpath","value":"//td/div/span[contains(text(), \"BGL Vehicles\")]"}
RESULT: {"using":"xpath","value":"//td/div/span[contains(text(), \"BGL Vehicles\")]"}
COMMAND: POST /session/a9ef15c056c2e43ebaea63ed65e0d12a/element/f.5C1E112C024A7E7EDD35BD5D9BF8FD55.d.131E549B22A4CA4DD01A6EFA5881090A.e.6942/click - {}
RESULT: {}
COMMAND: GET /session/a9ef15c056c2e43ebaea63ed65e0d12a/screenshot - {}
RESULT: {}
COMMAND: POST /session/a9ef15c056c2e43ebaea63ed65e0d12a/element - {"using":"xpath","value":"//bdi[contains(text(), \"OK\")]"}
RESULT: {"using":"xpath","value":"//bdi[contains(text(), \"OK\")]"}
COMMAND: POST /session/a9ef15c056c2e43ebaea63ed65e0d12a/element/f.5C1E112C024A7E7EDD35BD5D9BF8FD55.d.131E549B22A4CA4DD01A6EFA5881090A.e.6943/click - {}
RESULT: {}
COMMAND: GET /session/a9ef15c056c2e43ebaea63ed65e0d12a/screenshot - {}
RESULT: {}
COMMAND: POST /session/a9ef15c056c2e43ebaea63ed65e0d12a/element - {"using":"xpath","value":"//button[@data-kt=\"resourceUnitSaveButton\"]"}
RESULT: {"using":"xpath","value":"//button[@data-kt=\"resourceUnitSaveButton\"]"}
COMMAND: POST /session/a9ef15c056c2e43ebaea63ed65e0d12a/element/f.5C1E112C024A7E7EDD35BD5D9BF8FD55.d.131E549B22A4CA4DD01A6EFA5881090A.e.6845/click - {}
RESULT: {}
COMMAND: GET /session/a9ef15c056c2e43ebaea63ed65e0d12a/screenshot - {}
RESULT: {}
COMMAND: POST /session/a9ef15c056c2e43ebaea63ed65e0d12a/element - {"using":"xpath","value":"//bdi[contains(text(), \"Close\")]"}
RESULT: {"using":"xpath","value":"//bdi[contains(text(), \"Close\")]"}
COMMAND: POST /session/a9ef15c056c2e43ebaea63ed65e0d12a/element/f.5C1E112C024A7E7EDD35BD5D9BF8FD55.d.131E549B22A4CA4DD01A6EFA5881090A.e.6950/click - {}
RESULT: {}
COMMAND: GET /session/a9ef15c056c2e43ebaea63ed65e0d12a/screenshot - {}
RESULT: {}
COMMAND: POST /session/a9ef15c056c2e43ebaea63ed65e0d12a/element - {"using":"xpath","value":"//header[contains(@id, 'detailRruPage-headerTitle')]/div[1]/div[2]/div[2]/span[1]"}
RESULT: {"using":"xpath","value":"//header[contains(@id, 'detailRruPage-headerTitle')]/div[1]/div[2]/div[2]/span[1]"}
COMMAND: POST /session/a9ef15c056c2e43ebaea63ed65e0d12a/elements - {"using":"xpath","value":"//header[contains(@id, 'detailRruPage-headerTitle')]/div[1]/div[2]/div[2]/span[1]"}
RESULT: {"using":"xpath","value":"//header[contains(@id, 'detailRruPage-headerTitle')]/div[1]/div[2]/div[2]/span[1]"}
COMMAND: POST /session/a9ef15c056c2e43ebaea63ed65e0d12a/execute/sync - {"script":"<script> [56 bytes]","args":[{"element-6066-11e4-a52e-4f735466cecf":"f.5C1E112C024A7E7EDD35BD5D9BF8FD55.d.131E549B22A4CA4DD01A6EFA5881090A.e.6981","ELEMENT":"f.5C1E112C024A7E7EDD35BD5D9BF8FD55.d.131E549B22A4CA4DD01A6EFA5881090A.e.6981"}]}
RESULT: {"script":"<script> [56 bytes]","args":[{"element-6066-11e4-a52e-4f735466cecf":"f.5C1E112C024A7E7EDD35BD5D9BF8FD55.d.131E549B22A4CA4DD01A6EFA5881090A.e.6981","ELEMENT":"f.5C1E112C024A7E7EDD35BD5D9BF8FD55.d.131E549B22A4CA4DD01A6EFA5881090A.e.6981"}]}
COMMAND: GET /session/a9ef15c056c2e43ebaea63ed65e0d12a/screenshot - {}
]]></system-out>
    </testcase>
    <testcase classname="chrome.135_0_7049_42.windows.US134625_Set_up_price_condition_-_one_time" name="Should create new pricing rule one time" time="55.473">
      <system-out><![CDATA[
COMMAND: POST /session/a9ef15c056c2e43ebaea63ed65e0d12a/element - {"using":"xpath","value":"(//button[contains(@id ,\"actionsToolbar-overflowButton\")])[1]"}
RESULT: {}
RESULT: {"using":"xpath","value":"(//button[contains(@id ,\"actionsToolbar-overflowButton\")])[1]"}
COMMAND: POST /session/a9ef15c056c2e43ebaea63ed65e0d12a/element/f.5C1E112C024A7E7EDD35BD5D9BF8FD55.d.131E549B22A4CA4DD01A6EFA5881090A.e.6982/click - {}
RESULT: {}
COMMAND: GET /session/a9ef15c056c2e43ebaea63ed65e0d12a/screenshot - {}
RESULT: {}
COMMAND: POST /session/a9ef15c056c2e43ebaea63ed65e0d12a/element - {"using":"xpath","value":"//button[@data-kt=\"priceInfoButton\"]"}
RESULT: {"using":"xpath","value":"//button[@data-kt=\"priceInfoButton\"]"}
COMMAND: POST /session/a9ef15c056c2e43ebaea63ed65e0d12a/element/f.5C1E112C024A7E7EDD35BD5D9BF8FD55.d.131E549B22A4CA4DD01A6EFA5881090A.e.6984/click - {}
RESULT: {}
COMMAND: GET /session/a9ef15c056c2e43ebaea63ed65e0d12a/screenshot - {}
RESULT: {}
COMMAND: POST /session/a9ef15c056c2e43ebaea63ed65e0d12a/element - {"using":"xpath","value":"//button[@data-kt=\"addButton\"]"}
RESULT: {"using":"xpath","value":"//button[@data-kt=\"addButton\"]"}
COMMAND: POST /session/a9ef15c056c2e43ebaea63ed65e0d12a/elements - {"using":"xpath","value":"//button[@data-kt=\"addButton\"]"}
RESULT: {"using":"xpath","value":"//button[@data-kt=\"addButton\"]"}
COMMAND: POST /session/a9ef15c056c2e43ebaea63ed65e0d12a/execute/sync - {"script":"<script> [8489 bytes]","args":[{"element-6066-11e4-a52e-4f735466cecf":"f.5C1E112C024A7E7EDD35BD5D9BF8FD55.d.131E549B22A4CA4DD01A6EFA5881090A.e.7020","ELEMENT":"f.5C1E112C024A7E7EDD35BD5D9BF8FD55.d.131E549B22A4CA4DD01A6EFA5881090A.e.7020"}]}
RESULT: {"script":"<script> [8489 bytes]","args":[{"element-6066-11e4-a52e-4f735466cecf":"f.5C1E112C024A7E7EDD35BD5D9BF8FD55.d.131E549B22A4CA4DD01A6EFA5881090A.e.7020","ELEMENT":"f.5C1E112C024A7E7EDD35BD5D9BF8FD55.d.131E549B22A4CA4DD01A6EFA5881090A.e.7020"}]}
COMMAND: GET /session/a9ef15c056c2e43ebaea63ed65e0d12a/element/f.5C1E112C024A7E7EDD35BD5D9BF8FD55.d.131E549B22A4CA4DD01A6EFA5881090A.e.7020/enabled - {}
COMMAND: GET /session/a9ef15c056c2e43ebaea63ed65e0d12a/screenshot - {}
RESULT: {}
COMMAND: POST /session/a9ef15c056c2e43ebaea63ed65e0d12a/execute/sync - {"script":"<script> [8489 bytes]","args":[{"element-6066-11e4-a52e-4f735466cecf":"f.5C1E112C024A7E7EDD35BD5D9BF8FD55.d.131E549B22A4CA4DD01A6EFA5881090A.e.7020","ELEMENT":"f.5C1E112C024A7E7EDD35BD5D9BF8FD55.d.131E549B22A4CA4DD01A6EFA5881090A.e.7020"}]}
COMMAND: GET /session/a9ef15c056c2e43ebaea63ed65e0d12a/screenshot - {}
RESULT: {}
RESULT: {"script":"<script> [8489 bytes]","args":[{"element-6066-11e4-a52e-4f735466cecf":"f.5C1E112C024A7E7EDD35BD5D9BF8FD55.d.131E549B22A4CA4DD01A6EFA5881090A.e.7020","ELEMENT":"f.5C1E112C024A7E7EDD35BD5D9BF8FD55.d.131E549B22A4CA4DD01A6EFA5881090A.e.7020"}]}
COMMAND: POST /session/a9ef15c056c2e43ebaea63ed65e0d12a/execute/sync - {"script":"<script> [5351 bytes]","args":[{"element-6066-11e4-a52e-4f735466cecf":"f.5C1E112C024A7E7EDD35BD5D9BF8FD55.d.131E549B22A4CA4DD01A6EFA5881090A.e.7020","ELEMENT":"f.5C1E112C024A7E7EDD35BD5D9BF8FD55.d.131E549B22A4CA4DD01A6EFA5881090A.e.7020"}]}
COMMAND: GET /session/a9ef15c056c2e43ebaea63ed65e0d12a/screenshot - {}
RESULT: {}
RESULT: {"script":"<script> [5351 bytes]","args":[{"element-6066-11e4-a52e-4f735466cecf":"f.5C1E112C024A7E7EDD35BD5D9BF8FD55.d.131E549B22A4CA4DD01A6EFA5881090A.e.7020","ELEMENT":"f.5C1E112C024A7E7EDD35BD5D9BF8FD55.d.131E549B22A4CA4DD01A6EFA5881090A.e.7020"}]}
COMMAND: POST /session/a9ef15c056c2e43ebaea63ed65e0d12a/element/f.5C1E112C024A7E7EDD35BD5D9BF8FD55.d.131E549B22A4CA4DD01A6EFA5881090A.e.7020/click - {}
COMMAND: GET /session/a9ef15c056c2e43ebaea63ed65e0d12a/screenshot - {}
RESULT: {}
RESULT: {}
COMMAND: GET /session/a9ef15c056c2e43ebaea63ed65e0d12a/screenshot - {}
RESULT: {}
RESULT: {}
COMMAND: POST /session/a9ef15c056c2e43ebaea63ed65e0d12a/execute/async - {"script":"<script> [1562 bytes]","args":[{"selector":{"controlType":"sap.m.Title","viewName":"etm.portal.ui.managepricingrules.view.NewItem","viewId":"application-managepricingrules-display-component---newInfoPriceItem","properties":{"text":"New Pricing Rules - Item Level"}},"wdio_ui5_key":"etmportal.ui.managepricingrules.view.NewItemsap.m.Title{\"text\":\"New Pricing Rules - Item Level\"}"}]}
RESULT: {"script":"<script> [1562 bytes]","args":[{"selector":{"controlType":"sap.m.Title","viewName":"etm.portal.ui.managepricingrules.view.NewItem","viewId":"application-managepricingrules-display-component---newInfoPriceItem","properties":{"text":"New Pricing Rules - Item Level"}},"wdio_ui5_key":"etmportal.ui.managepricingrules.view.NewItemsap.m.Title{\"text\":\"New Pricing Rules - Item Level\"}"}]}
RESULT: undefined
COMMAND: POST /session/a9ef15c056c2e43ebaea63ed65e0d12a/execute/async - {"script":"<script> [6424 bytes]","args":[{"element-6066-11e4-a52e-4f735466cecf":"f.5C1E112C024A7E7EDD35BD5D9BF8FD55.d.131E549B22A4CA4DD01A6EFA5881090A.e.7189"},"getText",[]]}
RESULT: {"script":"<script> [6424 bytes]","args":[{"element-6066-11e4-a52e-4f735466cecf":"f.5C1E112C024A7E7EDD35BD5D9BF8FD55.d.131E549B22A4CA4DD01A6EFA5881090A.e.7189"},"getText",[]]}
COMMAND: POST /session/a9ef15c056c2e43ebaea63ed65e0d12a/execute/async - {"script":"<script> [1562 bytes]","args":[{"selector":{"id":"application-managepricingrules-display-component---newInfoPriceItem--condValidTo","interaction":{"idSuffix":"inner"}},"wdio_ui5_key":"applicationmanagepricingrules-display-component---newInfoPriceItem--condValidTo"}]}
RESULT: {"script":"<script> [1562 bytes]","args":[{"selector":{"id":"application-managepricingrules-display-component---newInfoPriceItem--condValidTo","interaction":{"idSuffix":"inner"}},"wdio_ui5_key":"applicationmanagepricingrules-display-component---newInfoPriceItem--condValidTo"}]}
RESULT: undefined
COMMAND: POST /session/a9ef15c056c2e43ebaea63ed65e0d12a/execute/async - {"script":"<script> [776 bytes]","args":[{"enterText":"12/18/25","selector":{"id":"application-managepricingrules-display-component---newInfoPriceItem--condValidTo","interaction":{"idSuffix":"inner"}},"clearTextFirst":true,"interactionType":"ENTER_TEXT"}]}
RESULT: {"script":"<script> [776 bytes]","args":[{"enterText":"12/18/25","selector":{"id":"application-managepricingrules-display-component---newInfoPriceItem--condValidTo","interaction":{"idSuffix":"inner"}},"clearTextFirst":true,"interactionType":"ENTER_TEXT"}]}
COMMAND: POST /session/a9ef15c056c2e43ebaea63ed65e0d12a/execute/async - {"script":"<script> [1562 bytes]","args":[{"selector":{"id":"application-managepricingrules-display-component---newInfoPriceItem--billType-arrow"},"wdio_ui5_key":"applicationmanagepricingrules-display-component---newInfoPriceItem--billType-arrow"}]}
RESULT: {"script":"<script> [1562 bytes]","args":[{"selector":{"id":"application-managepricingrules-display-component---newInfoPriceItem--billType-arrow"},"wdio_ui5_key":"applicationmanagepricingrules-display-component---newInfoPriceItem--billType-arrow"}]}
RESULT: undefined
COMMAND: POST /session/a9ef15c056c2e43ebaea63ed65e0d12a/element - {"using":"xpath","value":"//*[@id=\"application-managepricingrules-display-component---newInfoPriceItem--billType-arrow\"]"}
RESULT: {"using":"xpath","value":"//*[@id=\"application-managepricingrules-display-component---newInfoPriceItem--billType-arrow\"]"}
COMMAND: POST /session/a9ef15c056c2e43ebaea63ed65e0d12a/element/f.5C1E112C024A7E7EDD35BD5D9BF8FD55.d.131E549B22A4CA4DD01A6EFA5881090A.e.7149/click - {}
RESULT: {}
COMMAND: POST /session/a9ef15c056c2e43ebaea63ed65e0d12a/element - {"using":"xpath","value":"//span[contains(text(), \"OT - Sales (one-time)\")]"}
COMMAND: GET /session/a9ef15c056c2e43ebaea63ed65e0d12a/screenshot - {}
RESULT: {"using":"xpath","value":"//span[contains(text(), \"OT - Sales (one-time)\")]"}
COMMAND: POST /session/a9ef15c056c2e43ebaea63ed65e0d12a/element/f.5C1E112C024A7E7EDD35BD5D9BF8FD55.d.131E549B22A4CA4DD01A6EFA5881090A.e.7193/click - {}
RESULT: {}
RESULT: {}
COMMAND: POST /session/a9ef15c056c2e43ebaea63ed65e0d12a/execute/async - {"script":"<script> [1562 bytes]","args":[{"selector":{"id":"application-managepricingrules-display-component---newInfoPriceItem--priceProc-arrow"},"wdio_ui5_key":"applicationmanagepricingrules-display-component---newInfoPriceItem--priceProc-arrow"}]}
COMMAND: GET /session/a9ef15c056c2e43ebaea63ed65e0d12a/screenshot - {}
RESULT: {"script":"<script> [1562 bytes]","args":[{"selector":{"id":"application-managepricingrules-display-component---newInfoPriceItem--priceProc-arrow"},"wdio_ui5_key":"applicationmanagepricingrules-display-component---newInfoPriceItem--priceProc-arrow"}]}
RESULT: undefined
COMMAND: POST /session/a9ef15c056c2e43ebaea63ed65e0d12a/element - {"using":"xpath","value":"//*[@id=\"application-managepricingrules-display-component---newInfoPriceItem--priceProc-arrow\"]"}
RESULT: {}
RESULT: {"using":"xpath","value":"//*[@id=\"application-managepricingrules-display-component---newInfoPriceItem--priceProc-arrow\"]"}
COMMAND: POST /session/a9ef15c056c2e43ebaea63ed65e0d12a/element/f.5C1E112C024A7E7EDD35BD5D9BF8FD55.d.131E549B22A4CA4DD01A6EFA5881090A.e.7156/click - {}
RESULT: {}
COMMAND: POST /session/a9ef15c056c2e43ebaea63ed65e0d12a/element - {"using":"xpath","value":"//span[contains(text(), \"MAT - Material\")]"}
COMMAND: GET /session/a9ef15c056c2e43ebaea63ed65e0d12a/screenshot - {}
RESULT: {"using":"xpath","value":"//span[contains(text(), \"MAT - Material\")]"}
COMMAND: POST /session/a9ef15c056c2e43ebaea63ed65e0d12a/element/f.5C1E112C024A7E7EDD35BD5D9BF8FD55.d.131E549B22A4CA4DD01A6EFA5881090A.e.7194/click - {}
RESULT: {}
RESULT: {}
COMMAND: POST /session/a9ef15c056c2e43ebaea63ed65e0d12a/execute/async - {"script":"<script> [1562 bytes]","args":[{"selector":{"id":"application-managepricingrules-display-component---newInfoPriceItem--calcBase-arrow"},"wdio_ui5_key":"applicationmanagepricingrules-display-component---newInfoPriceItem--calcBase-arrow"}]}
COMMAND: GET /session/a9ef15c056c2e43ebaea63ed65e0d12a/screenshot - {}
RESULT: {"script":"<script> [1562 bytes]","args":[{"selector":{"id":"application-managepricingrules-display-component---newInfoPriceItem--calcBase-arrow"},"wdio_ui5_key":"applicationmanagepricingrules-display-component---newInfoPriceItem--calcBase-arrow"}]}
RESULT: undefined
COMMAND: POST /session/a9ef15c056c2e43ebaea63ed65e0d12a/element - {"using":"xpath","value":"//*[@id=\"application-managepricingrules-display-component---newInfoPriceItem--calcBase-arrow\"]"}
RESULT: {}
RESULT: {"using":"xpath","value":"//*[@id=\"application-managepricingrules-display-component---newInfoPriceItem--calcBase-arrow\"]"}
COMMAND: POST /session/a9ef15c056c2e43ebaea63ed65e0d12a/element/f.5C1E112C024A7E7EDD35BD5D9BF8FD55.d.131E549B22A4CA4DD01A6EFA5881090A.e.7163/click - {}
RESULT: {}
COMMAND: GET /session/a9ef15c056c2e43ebaea63ed65e0d12a/screenshot - {}
RESULT: {}
COMMAND: POST /session/a9ef15c056c2e43ebaea63ed65e0d12a/element - {"using":"xpath","value":"//span[contains(text(), \"0001 - TB(exact month + cal_days)\")]"}
RESULT: {"using":"xpath","value":"//span[contains(text(), \"0001 - TB(exact month + cal_days)\")]"}
COMMAND: POST /session/a9ef15c056c2e43ebaea63ed65e0d12a/element/f.5C1E112C024A7E7EDD35BD5D9BF8FD55.d.131E549B22A4CA4DD01A6EFA5881090A.e.7195/click - {}
RESULT: {}
COMMAND: GET /session/a9ef15c056c2e43ebaea63ed65e0d12a/screenshot - {}
RESULT: {}
COMMAND: POST /session/a9ef15c056c2e43ebaea63ed65e0d12a/element - {"using":"xpath","value":"//button[@data-kt=\"saveNewRuleButton\"]"}
RESULT: {"using":"xpath","value":"//button[@data-kt=\"saveNewRuleButton\"]"}
COMMAND: POST /session/a9ef15c056c2e43ebaea63ed65e0d12a/element/f.5C1E112C024A7E7EDD35BD5D9BF8FD55.d.131E549B22A4CA4DD01A6EFA5881090A.e.7183/click - {}
RESULT: {}
COMMAND: GET /session/a9ef15c056c2e43ebaea63ed65e0d12a/screenshot - {}
RESULT: {}
COMMAND: POST /session/a9ef15c056c2e43ebaea63ed65e0d12a/execute/async - {"script":"<script> [1562 bytes]","args":[{"selector":{"id":"application-managepricingrules-display-component---priceInfoItem--smartFilterBar-btnBasicSearch","interaction":{"idSuffix":"I"}},"wdio_ui5_key":"applicationmanagepricingrules-display-component---priceInfoItem--smartFilterBar-btnBasicSearch"}]}
RESULT: {"script":"<script> [1562 bytes]","args":[{"selector":{"id":"application-managepricingrules-display-component---priceInfoItem--smartFilterBar-btnBasicSearch","interaction":{"idSuffix":"I"}},"wdio_ui5_key":"applicationmanagepricingrules-display-component---priceInfoItem--smartFilterBar-btnBasicSearch"}]}
RESULT: undefined
COMMAND: POST /session/a9ef15c056c2e43ebaea63ed65e0d12a/execute/async - {"script":"<script> [776 bytes]","args":[{"enterText":"200347","selector":{"id":"application-managepricingrules-display-component---priceInfoItem--smartFilterBar-btnBasicSearch","interaction":{"idSuffix":"I"}},"clearTextFirst":true,"interactionType":"ENTER_TEXT"}]}
RESULT: {"script":"<script> [776 bytes]","args":[{"enterText":"200347","selector":{"id":"application-managepricingrules-display-component---priceInfoItem--smartFilterBar-btnBasicSearch","interaction":{"idSuffix":"I"}},"clearTextFirst":true,"interactionType":"ENTER_TEXT"}]}
COMMAND: POST /session/a9ef15c056c2e43ebaea63ed65e0d12a/actions - {"actions":[{"id":"action21","type":"key","parameters":{},"actions":[{"type":"keyDown","value":""},{"type":"pause","duration":10},{"type":"keyUp","value":""}]}]}
RESULT: {"actions":[{"id":"action21","type":"key","parameters":{},"actions":[{"type":"keyDown","value":""},{"type":"pause","duration":10},{"type":"keyUp","value":""}]}]}
COMMAND: GET /session/a9ef15c056c2e43ebaea63ed65e0d12a/screenshot - {}
RESULT: {}
COMMAND: POST /session/a9ef15c056c2e43ebaea63ed65e0d12a/element - {"using":"xpath","value":"//span[@id=\"application-managepricingrules-display-component---priceInfoItem--smartTable-header-inner\"]"}
RESULT: {"using":"xpath","value":"//span[@id=\"application-managepricingrules-display-component---priceInfoItem--smartTable-header-inner\"]"}
COMMAND: POST /session/a9ef15c056c2e43ebaea63ed65e0d12a/elements - {"using":"xpath","value":"//span[@id=\"application-managepricingrules-display-component---priceInfoItem--smartTable-header-inner\"]"}
RESULT: {"using":"xpath","value":"//span[@id=\"application-managepricingrules-display-component---priceInfoItem--smartTable-header-inner\"]"}
COMMAND: POST /session/a9ef15c056c2e43ebaea63ed65e0d12a/execute/sync - {"script":"<script> [56 bytes]","args":[{"element-6066-11e4-a52e-4f735466cecf":"f.5C1E112C024A7E7EDD35BD5D9BF8FD55.d.131E549B22A4CA4DD01A6EFA5881090A.e.7218","ELEMENT":"f.5C1E112C024A7E7EDD35BD5D9BF8FD55.d.131E549B22A4CA4DD01A6EFA5881090A.e.7218"}]}
RESULT: {"script":"<script> [56 bytes]","args":[{"element-6066-11e4-a52e-4f735466cecf":"f.5C1E112C024A7E7EDD35BD5D9BF8FD55.d.131E549B22A4CA4DD01A6EFA5881090A.e.7218","ELEMENT":"f.5C1E112C024A7E7EDD35BD5D9BF8FD55.d.131E549B22A4CA4DD01A6EFA5881090A.e.7218"}]}
COMMAND: POST /session/a9ef15c056c2e43ebaea63ed65e0d12a/element - {"using":"css selector","value":"#shell-header-logo"}
COMMAND: GET /session/a9ef15c056c2e43ebaea63ed65e0d12a/screenshot - {}
RESULT: {"using":"css selector","value":"#shell-header-logo"}
COMMAND: POST /session/a9ef15c056c2e43ebaea63ed65e0d12a/element/f.5C1E112C024A7E7EDD35BD5D9BF8FD55.d.131E549B22A4CA4DD01A6EFA5881090A.e.6428/click - {}
RESULT: {}
RESULT: {}
COMMAND: GET /session/a9ef15c056c2e43ebaea63ed65e0d12a/screenshot - {}
RESULT: {}
]]></system-out>
    </testcase>
    <testcase classname="chrome.135_0_7049_42.windows.US134625_Set_up_price_condition_-_one_time" name="Should create new condition one time" time="61.524">
      <system-out><![CDATA[
COMMAND: POST /session/a9ef15c056c2e43ebaea63ed65e0d12a/execute/async - {"script":"<script> [1562 bytes]","args":[{"selector":{"controlType":"sap.m.Text","properties":{"text":"Manage Conditions & Prices"},"interaction":{"idSuffix":"inner"}},"wdio_ui5_key":"sapm.Text{\"text\":\"Manage Conditions & Prices\"}"}]}
RESULT: {"script":"<script> [1562 bytes]","args":[{"selector":{"controlType":"sap.m.Text","properties":{"text":"Manage Conditions & Prices"},"interaction":{"idSuffix":"inner"}},"wdio_ui5_key":"sapm.Text{\"text\":\"Manage Conditions & Prices\"}"}]}
RESULT: undefined
COMMAND: POST /session/a9ef15c056c2e43ebaea63ed65e0d12a/element - {"using":"xpath","value":"//*[@id=\"__tile53-title\"]"}
RESULT: {"using":"xpath","value":"//*[@id=\"__tile53-title\"]"}
COMMAND: POST /session/a9ef15c056c2e43ebaea63ed65e0d12a/element/f.5C1E112C024A7E7EDD35BD5D9BF8FD55.d.131E549B22A4CA4DD01A6EFA5881090A.e.7221/click - {}
RESULT: {}
COMMAND: POST /session/a9ef15c056c2e43ebaea63ed65e0d12a/element - {"using":"xpath","value":"//button[@aria-label=\"Create\"]"}
COMMAND: GET /session/a9ef15c056c2e43ebaea63ed65e0d12a/screenshot - {}
RESULT: {"using":"xpath","value":"//button[@aria-label=\"Create\"]"}
COMMAND: POST /session/a9ef15c056c2e43ebaea63ed65e0d12a/elements - {"using":"xpath","value":"//button[@aria-label=\"Create\"]"}
RESULT: {}
RESULT: {"using":"xpath","value":"//button[@aria-label=\"Create\"]"}
COMMAND: POST /session/a9ef15c056c2e43ebaea63ed65e0d12a/element - {"using":"xpath","value":"//button[@aria-label=\"Create\"]"}
RESULT: {"using":"xpath","value":"//button[@aria-label=\"Create\"]"}
COMMAND: POST /session/a9ef15c056c2e43ebaea63ed65e0d12a/execute/sync - {"script":"<script> [8489 bytes]","args":[{"element-6066-11e4-a52e-4f735466cecf":"f.5C1E112C024A7E7EDD35BD5D9BF8FD55.d.131E549B22A4CA4DD01A6EFA5881090A.e.7255","ELEMENT":"f.5C1E112C024A7E7EDD35BD5D9BF8FD55.d.131E549B22A4CA4DD01A6EFA5881090A.e.7255"}]}
RESULT: {"script":"<script> [8489 bytes]","args":[{"element-6066-11e4-a52e-4f735466cecf":"f.5C1E112C024A7E7EDD35BD5D9BF8FD55.d.131E549B22A4CA4DD01A6EFA5881090A.e.7255","ELEMENT":"f.5C1E112C024A7E7EDD35BD5D9BF8FD55.d.131E549B22A4CA4DD01A6EFA5881090A.e.7255"}]}
COMMAND: GET /session/a9ef15c056c2e43ebaea63ed65e0d12a/element/f.5C1E112C024A7E7EDD35BD5D9BF8FD55.d.131E549B22A4CA4DD01A6EFA5881090A.e.7255/enabled - {}
COMMAND: GET /session/a9ef15c056c2e43ebaea63ed65e0d12a/screenshot - {}
RESULT: {}
COMMAND: POST /session/a9ef15c056c2e43ebaea63ed65e0d12a/execute/sync - {"script":"<script> [8489 bytes]","args":[{"element-6066-11e4-a52e-4f735466cecf":"f.5C1E112C024A7E7EDD35BD5D9BF8FD55.d.131E549B22A4CA4DD01A6EFA5881090A.e.7255","ELEMENT":"f.5C1E112C024A7E7EDD35BD5D9BF8FD55.d.131E549B22A4CA4DD01A6EFA5881090A.e.7255"}]}
COMMAND: GET /session/a9ef15c056c2e43ebaea63ed65e0d12a/screenshot - {}
RESULT: {}
RESULT: {"script":"<script> [8489 bytes]","args":[{"element-6066-11e4-a52e-4f735466cecf":"f.5C1E112C024A7E7EDD35BD5D9BF8FD55.d.131E549B22A4CA4DD01A6EFA5881090A.e.7255","ELEMENT":"f.5C1E112C024A7E7EDD35BD5D9BF8FD55.d.131E549B22A4CA4DD01A6EFA5881090A.e.7255"}]}
COMMAND: POST /session/a9ef15c056c2e43ebaea63ed65e0d12a/execute/sync - {"script":"<script> [5351 bytes]","args":[{"element-6066-11e4-a52e-4f735466cecf":"f.5C1E112C024A7E7EDD35BD5D9BF8FD55.d.131E549B22A4CA4DD01A6EFA5881090A.e.7255","ELEMENT":"f.5C1E112C024A7E7EDD35BD5D9BF8FD55.d.131E549B22A4CA4DD01A6EFA5881090A.e.7255"}]}
COMMAND: GET /session/a9ef15c056c2e43ebaea63ed65e0d12a/screenshot - {}
RESULT: {}
RESULT: {"script":"<script> [5351 bytes]","args":[{"element-6066-11e4-a52e-4f735466cecf":"f.5C1E112C024A7E7EDD35BD5D9BF8FD55.d.131E549B22A4CA4DD01A6EFA5881090A.e.7255","ELEMENT":"f.5C1E112C024A7E7EDD35BD5D9BF8FD55.d.131E549B22A4CA4DD01A6EFA5881090A.e.7255"}]}
COMMAND: POST /session/a9ef15c056c2e43ebaea63ed65e0d12a/element/f.5C1E112C024A7E7EDD35BD5D9BF8FD55.d.131E549B22A4CA4DD01A6EFA5881090A.e.7255/click - {}
COMMAND: GET /session/a9ef15c056c2e43ebaea63ed65e0d12a/screenshot - {}
RESULT: {}
RESULT: {}
COMMAND: GET /session/a9ef15c056c2e43ebaea63ed65e0d12a/screenshot - {}
RESULT: {}
RESULT: {}
COMMAND: POST /session/a9ef15c056c2e43ebaea63ed65e0d12a/actions - {"actions":[{"id":"action22","type":"key","parameters":{},"actions":[{"type":"keyDown","value":""},{"type":"pause","duration":10},{"type":"keyUp","value":""}]}]}
RESULT: {"actions":[{"id":"action22","type":"key","parameters":{},"actions":[{"type":"keyDown","value":""},{"type":"pause","duration":10},{"type":"keyUp","value":""}]}]}
COMMAND: GET /session/a9ef15c056c2e43ebaea63ed65e0d12a/screenshot - {}
RESULT: {}
COMMAND: POST /session/a9ef15c056c2e43ebaea63ed65e0d12a/execute/async - {"script":"<script> [1562 bytes]","args":[{"selector":{"id":"application-manageconditionprice-display-component---newCondition--condBillCond-arrow"},"wdio_ui5_key":"applicationmanageconditionprice-display-component---newCondition--condBillCond-arrow"}]}
RESULT: {"script":"<script> [1562 bytes]","args":[{"selector":{"id":"application-manageconditionprice-display-component---newCondition--condBillCond-arrow"},"wdio_ui5_key":"applicationmanageconditionprice-display-component---newCondition--condBillCond-arrow"}]}
RESULT: undefined
COMMAND: POST /session/a9ef15c056c2e43ebaea63ed65e0d12a/element - {"using":"xpath","value":"//*[@id=\"application-manageconditionprice-display-component---newCondition--condBillCond-arrow\"]"}
RESULT: {"using":"xpath","value":"//*[@id=\"application-manageconditionprice-display-component---newCondition--condBillCond-arrow\"]"}
COMMAND: POST /session/a9ef15c056c2e43ebaea63ed65e0d12a/element/f.5C1E112C024A7E7EDD35BD5D9BF8FD55.d.131E549B22A4CA4DD01A6EFA5881090A.e.7435/click - {}
RESULT: {}
COMMAND: GET /session/a9ef15c056c2e43ebaea63ed65e0d12a/screenshot - {}
RESULT: {}
COMMAND: POST /session/a9ef15c056c2e43ebaea63ed65e0d12a/element - {"using":"xpath","value":"//li[.//span[contains(text(), \"SAPR - Sales price\")]]"}
RESULT: {"using":"xpath","value":"//li[.//span[contains(text(), \"SAPR - Sales price\")]]"}
COMMAND: POST /session/a9ef15c056c2e43ebaea63ed65e0d12a/element/f.5C1E112C024A7E7EDD35BD5D9BF8FD55.d.131E549B22A4CA4DD01A6EFA5881090A.e.7438/click - {}
RESULT: {}
COMMAND: GET /session/a9ef15c056c2e43ebaea63ed65e0d12a/screenshot - {}
RESULT: {}
COMMAND: POST /session/a9ef15c056c2e43ebaea63ed65e0d12a/execute/async - {"script":"<script> [1562 bytes]","args":[{"selector":{"id":"application-manageconditionprice-display-component---newCondition--condValidTo","interaction":{"idSuffix":"inner"}},"wdio_ui5_key":"applicationmanageconditionprice-display-component---newCondition--condValidTo"}]}
RESULT: {"script":"<script> [1562 bytes]","args":[{"selector":{"id":"application-manageconditionprice-display-component---newCondition--condValidTo","interaction":{"idSuffix":"inner"}},"wdio_ui5_key":"applicationmanageconditionprice-display-component---newCondition--condValidTo"}]}
RESULT: undefined
COMMAND: POST /session/a9ef15c056c2e43ebaea63ed65e0d12a/execute/async - {"script":"<script> [776 bytes]","args":[{"enterText":"12/18/25","selector":{"id":"application-manageconditionprice-display-component---newCondition--condValidTo","interaction":{"idSuffix":"inner"}},"clearTextFirst":true,"interactionType":"ENTER_TEXT"}]}
RESULT: {"script":"<script> [776 bytes]","args":[{"enterText":"12/18/25","selector":{"id":"application-manageconditionprice-display-component---newCondition--condValidTo","interaction":{"idSuffix":"inner"}},"clearTextFirst":true,"interactionType":"ENTER_TEXT"}]}
COMMAND: POST /session/a9ef15c056c2e43ebaea63ed65e0d12a/element - {"using":"xpath","value":"//input[@id=\"application-manageconditionprice-display-component---newCondition--condRU-inner\"]"}
RESULT: {"using":"xpath","value":"//input[@id=\"application-manageconditionprice-display-component---newCondition--condRU-inner\"]"}
COMMAND: POST /session/a9ef15c056c2e43ebaea63ed65e0d12a/element/f.5C1E112C024A7E7EDD35BD5D9BF8FD55.d.131E549B22A4CA4DD01A6EFA5881090A.e.7301/clear - {}
RESULT: {}
COMMAND: POST /session/a9ef15c056c2e43ebaea63ed65e0d12a/element/f.5C1E112C024A7E7EDD35BD5D9BF8FD55.d.131E549B22A4CA4DD01A6EFA5881090A.e.7301/value - {"text":"200347"}
COMMAND: GET /session/a9ef15c056c2e43ebaea63ed65e0d12a/screenshot - {}
RESULT: {"text":"200347"}
COMMAND: GET /session/a9ef15c056c2e43ebaea63ed65e0d12a/screenshot - {}
RESULT: {}
RESULT: {}
COMMAND: POST /session/a9ef15c056c2e43ebaea63ed65e0d12a/actions - {"actions":[{"id":"action23","type":"key","parameters":{},"actions":[{"type":"keyDown","value":""},{"type":"pause","duration":10},{"type":"keyUp","value":""}]}]}
RESULT: {"actions":[{"id":"action23","type":"key","parameters":{},"actions":[{"type":"keyDown","value":""},{"type":"pause","duration":10},{"type":"keyUp","value":""}]}]}
COMMAND: POST /session/a9ef15c056c2e43ebaea63ed65e0d12a/execute/async - {"script":"<script> [1562 bytes]","args":[{"selector":{"id":"application-manageconditionprice-display-component---newCondition--condBaseQty","interaction":{"idSuffix":"inner"}},"wdio_ui5_key":"applicationmanageconditionprice-display-component---newCondition--condBaseQty"}]}
COMMAND: GET /session/a9ef15c056c2e43ebaea63ed65e0d12a/screenshot - {}
RESULT: {"script":"<script> [1562 bytes]","args":[{"selector":{"id":"application-manageconditionprice-display-component---newCondition--condBaseQty","interaction":{"idSuffix":"inner"}},"wdio_ui5_key":"applicationmanageconditionprice-display-component---newCondition--condBaseQty"}]}
RESULT: undefined
COMMAND: POST /session/a9ef15c056c2e43ebaea63ed65e0d12a/execute/async - {"script":"<script> [776 bytes]","args":[{"enterText":"1","selector":{"id":"application-manageconditionprice-display-component---newCondition--condBaseQty","interaction":{"idSuffix":"inner"}},"clearTextFirst":true,"interactionType":"ENTER_TEXT"}]}
RESULT: {}
RESULT: {"script":"<script> [776 bytes]","args":[{"enterText":"1","selector":{"id":"application-manageconditionprice-display-component---newCondition--condBaseQty","interaction":{"idSuffix":"inner"}},"clearTextFirst":true,"interactionType":"ENTER_TEXT"}]}
COMMAND: POST /session/a9ef15c056c2e43ebaea63ed65e0d12a/execute/async - {"script":"<script> [1562 bytes]","args":[{"selector":{"id":"application-manageconditionprice-display-component---newCondition--condValue","interaction":{"idSuffix":"inner"}},"wdio_ui5_key":"applicationmanageconditionprice-display-component---newCondition--condValue"}]}
RESULT: {"script":"<script> [1562 bytes]","args":[{"selector":{"id":"application-manageconditionprice-display-component---newCondition--condValue","interaction":{"idSuffix":"inner"}},"wdio_ui5_key":"applicationmanageconditionprice-display-component---newCondition--condValue"}]}
RESULT: undefined
COMMAND: POST /session/a9ef15c056c2e43ebaea63ed65e0d12a/execute/async - {"script":"<script> [776 bytes]","args":[{"enterText":"100.00","selector":{"id":"application-manageconditionprice-display-component---newCondition--condValue","interaction":{"idSuffix":"inner"}},"clearTextFirst":true,"interactionType":"ENTER_TEXT"}]}
RESULT: {"script":"<script> [776 bytes]","args":[{"enterText":"100.00","selector":{"id":"application-manageconditionprice-display-component---newCondition--condValue","interaction":{"idSuffix":"inner"}},"clearTextFirst":true,"interactionType":"ENTER_TEXT"}]}
COMMAND: POST /session/a9ef15c056c2e43ebaea63ed65e0d12a/execute/async - {"script":"<script> [1562 bytes]","args":[{"selector":{"id":"application-manageconditionprice-display-component---newCondition--condCurr-arrow"},"wdio_ui5_key":"applicationmanageconditionprice-display-component---newCondition--condCurr-arrow"}]}
RESULT: {"script":"<script> [1562 bytes]","args":[{"selector":{"id":"application-manageconditionprice-display-component---newCondition--condCurr-arrow"},"wdio_ui5_key":"applicationmanageconditionprice-display-component---newCondition--condCurr-arrow"}]}
RESULT: undefined
COMMAND: POST /session/a9ef15c056c2e43ebaea63ed65e0d12a/element - {"using":"xpath","value":"//*[@id=\"application-manageconditionprice-display-component---newCondition--condCurr-arrow\"]"}
RESULT: {"using":"xpath","value":"//*[@id=\"application-manageconditionprice-display-component---newCondition--condCurr-arrow\"]"}
COMMAND: POST /session/a9ef15c056c2e43ebaea63ed65e0d12a/element/f.5C1E112C024A7E7EDD35BD5D9BF8FD55.d.131E549B22A4CA4DD01A6EFA5881090A.e.7414/click - {}
RESULT: {}
COMMAND: POST /session/a9ef15c056c2e43ebaea63ed65e0d12a/element - {"using":"xpath","value":"//span[contains(text(), \"Euro\")]"}
COMMAND: GET /session/a9ef15c056c2e43ebaea63ed65e0d12a/screenshot - {}
RESULT: {"using":"xpath","value":"//span[contains(text(), \"Euro\")]"}
COMMAND: POST /session/a9ef15c056c2e43ebaea63ed65e0d12a/element/f.5C1E112C024A7E7EDD35BD5D9BF8FD55.d.131E549B22A4CA4DD01A6EFA5881090A.e.7476/click - {}
RESULT: {}
RESULT: {}
COMMAND: POST /session/a9ef15c056c2e43ebaea63ed65e0d12a/element - {"using":"xpath","value":"//button[@data-kt=\"saveButton\"]"}
COMMAND: GET /session/a9ef15c056c2e43ebaea63ed65e0d12a/screenshot - {}
RESULT: {"using":"xpath","value":"//button[@data-kt=\"saveButton\"]"}
COMMAND: POST /session/a9ef15c056c2e43ebaea63ed65e0d12a/element/f.5C1E112C024A7E7EDD35BD5D9BF8FD55.d.131E549B22A4CA4DD01A6EFA5881090A.e.7415/click - {}
RESULT: {}
RESULT: {}
COMMAND: GET /session/a9ef15c056c2e43ebaea63ed65e0d12a/screenshot - {}
RESULT: {}
COMMAND: POST /session/a9ef15c056c2e43ebaea63ed65e0d12a/execute/async - {"script":"<script> [1562 bytes]","args":[{"selector":{"id":"application-manageconditionprice-display-component---conditions--smartFilterBar-btnBasicSearch","interaction":{"idSuffix":"I"}},"wdio_ui5_key":"applicationmanageconditionprice-display-component---conditions--smartFilterBar-btnBasicSearch"}]}
RESULT: {"script":"<script> [1562 bytes]","args":[{"selector":{"id":"application-manageconditionprice-display-component---conditions--smartFilterBar-btnBasicSearch","interaction":{"idSuffix":"I"}},"wdio_ui5_key":"applicationmanageconditionprice-display-component---conditions--smartFilterBar-btnBasicSearch"}]}
RESULT: undefined
COMMAND: POST /session/a9ef15c056c2e43ebaea63ed65e0d12a/execute/async - {"script":"<script> [776 bytes]","args":[{"enterText":"200347","selector":{"id":"application-manageconditionprice-display-component---conditions--smartFilterBar-btnBasicSearch","interaction":{"idSuffix":"I"}},"clearTextFirst":true,"interactionType":"ENTER_TEXT"}]}
RESULT: {"script":"<script> [776 bytes]","args":[{"enterText":"200347","selector":{"id":"application-manageconditionprice-display-component---conditions--smartFilterBar-btnBasicSearch","interaction":{"idSuffix":"I"}},"clearTextFirst":true,"interactionType":"ENTER_TEXT"}]}
COMMAND: POST /session/a9ef15c056c2e43ebaea63ed65e0d12a/actions - {"actions":[{"id":"action24","type":"key","parameters":{},"actions":[{"type":"keyDown","value":""},{"type":"pause","duration":10},{"type":"keyUp","value":""}]}]}
RESULT: {"actions":[{"id":"action24","type":"key","parameters":{},"actions":[{"type":"keyDown","value":""},{"type":"pause","duration":10},{"type":"keyUp","value":""}]}]}
COMMAND: GET /session/a9ef15c056c2e43ebaea63ed65e0d12a/screenshot - {}
RESULT: {}
COMMAND: POST /session/a9ef15c056c2e43ebaea63ed65e0d12a/execute/async - {"script":"<script> [1562 bytes]","args":[{"selector":{"id":"application-manageconditionprice-display-component---conditions--smartFilterBar-filterItemControl_BASIC-BILL_TYPES-vhi"},"wdio_ui5_key":"applicationmanageconditionprice-display-component---conditions--smartFilterBar-filterItemControl_BASIC-BILL_TYPES-vhi"}]}
RESULT: {"script":"<script> [1562 bytes]","args":[{"selector":{"id":"application-manageconditionprice-display-component---conditions--smartFilterBar-filterItemControl_BASIC-BILL_TYPES-vhi"},"wdio_ui5_key":"applicationmanageconditionprice-display-component---conditions--smartFilterBar-filterItemControl_BASIC-BILL_TYPES-vhi"}]}
RESULT: undefined
COMMAND: POST /session/a9ef15c056c2e43ebaea63ed65e0d12a/element - {"using":"xpath","value":"//*[@id=\"application-manageconditionprice-display-component---conditions--smartFilterBar-filterItemControl_BASIC-BILL_TYPES-vhi\"]"}
RESULT: {"using":"xpath","value":"//*[@id=\"application-manageconditionprice-display-component---conditions--smartFilterBar-filterItemControl_BASIC-BILL_TYPES-vhi\"]"}
COMMAND: POST /session/a9ef15c056c2e43ebaea63ed65e0d12a/element/f.5C1E112C024A7E7EDD35BD5D9BF8FD55.d.131E549B22A4CA4DD01A6EFA5881090A.e.7582/click - {}
RESULT: {}
COMMAND: POST /session/a9ef15c056c2e43ebaea63ed65e0d12a/execute/async - {"script":"<script> [1562 bytes]","args":[{"selector":{"id":"application-manageconditionprice-display-component---conditions--smartFilterBar-filterItemControl_BASIC-BILL_TYPES-valueHelpDialog-smartFilterBar-btnBasicSearch","searchOpenDialogs":true,"interaction":{"idSuffix":"I"}},"wdio_ui5_key":"applicationmanageconditionprice-display-component---conditions--smartFilterBar-filterItemControl_BASIC-BILL_TYPES-valueHelpDialog-smartFilterBar-btnBasicSearch"}]}
COMMAND: GET /session/a9ef15c056c2e43ebaea63ed65e0d12a/screenshot - {}
RESULT: {"script":"<script> [1562 bytes]","args":[{"selector":{"id":"application-manageconditionprice-display-component---conditions--smartFilterBar-filterItemControl_BASIC-BILL_TYPES-valueHelpDialog-smartFilterBar-btnBasicSearch","searchOpenDialogs":true,"interaction":{"idSuffix":"I"}},"wdio_ui5_key":"applicationmanageconditionprice-display-component---conditions--smartFilterBar-filterItemControl_BASIC-BILL_TYPES-valueHelpDialog-smartFilterBar-btnBasicSearch"}]}
RESULT: undefined
COMMAND: POST /session/a9ef15c056c2e43ebaea63ed65e0d12a/execute/async - {"script":"<script> [776 bytes]","args":[{"enterText":"one","selector":{"id":"application-manageconditionprice-display-component---conditions--smartFilterBar-filterItemControl_BASIC-BILL_TYPES-valueHelpDialog-smartFilterBar-btnBasicSearch","searchOpenDialogs":true,"interaction":{"idSuffix":"I"}},"clearTextFirst":true,"interactionType":"ENTER_TEXT"}]}
RESULT: {}
RESULT: {"script":"<script> [776 bytes]","args":[{"enterText":"one","selector":{"id":"application-manageconditionprice-display-component---conditions--smartFilterBar-filterItemControl_BASIC-BILL_TYPES-valueHelpDialog-smartFilterBar-btnBasicSearch","searchOpenDialogs":true,"interaction":{"idSuffix":"I"}},"clearTextFirst":true,"interactionType":"ENTER_TEXT"}]}
COMMAND: POST /session/a9ef15c056c2e43ebaea63ed65e0d12a/actions - {"actions":[{"id":"action25","type":"key","parameters":{},"actions":[{"type":"keyDown","value":""},{"type":"pause","duration":10},{"type":"keyUp","value":""}]}]}
RESULT: {"actions":[{"id":"action25","type":"key","parameters":{},"actions":[{"type":"keyDown","value":""},{"type":"pause","duration":10},{"type":"keyUp","value":""}]}]}
COMMAND: GET /session/a9ef15c056c2e43ebaea63ed65e0d12a/screenshot - {}
RESULT: {}
COMMAND: POST /session/a9ef15c056c2e43ebaea63ed65e0d12a/element - {"using":"xpath","value":"//div[contains(@id, 'application-manageconditionprice-display-component---conditions--smartFilterBar-filterItemControl_BASIC-BILL_TYPES-valueHelpDialog-table-rowsel0')]"}
RESULT: {"using":"xpath","value":"//div[contains(@id, 'application-manageconditionprice-display-component---conditions--smartFilterBar-filterItemControl_BASIC-BILL_TYPES-valueHelpDialog-table-rowsel0')]"}
COMMAND: POST /session/a9ef15c056c2e43ebaea63ed65e0d12a/element/f.5C1E112C024A7E7EDD35BD5D9BF8FD55.d.131E549B22A4CA4DD01A6EFA5881090A.e.7592/click - {}
RESULT: {}
COMMAND: GET /session/a9ef15c056c2e43ebaea63ed65e0d12a/screenshot - {}
RESULT: {}
COMMAND: POST /session/a9ef15c056c2e43ebaea63ed65e0d12a/element - {"using":"xpath","value":"//bdi[contains(text(), \"OK\")]"}
RESULT: {"using":"xpath","value":"//bdi[contains(text(), \"OK\")]"}
COMMAND: POST /session/a9ef15c056c2e43ebaea63ed65e0d12a/element/f.5C1E112C024A7E7EDD35BD5D9BF8FD55.d.131E549B22A4CA4DD01A6EFA5881090A.e.7594/click - {}
RESULT: {}
COMMAND: GET /session/a9ef15c056c2e43ebaea63ed65e0d12a/screenshot - {}
RESULT: {}
COMMAND: POST /session/a9ef15c056c2e43ebaea63ed65e0d12a/element - {"using":"xpath","value":"//span[@id=\"application-manageconditionprice-display-component---conditions--smartTable-header-inner\"]"}
RESULT: {"using":"xpath","value":"//span[@id=\"application-manageconditionprice-display-component---conditions--smartTable-header-inner\"]"}
COMMAND: POST /session/a9ef15c056c2e43ebaea63ed65e0d12a/elements - {"using":"xpath","value":"//span[@id=\"application-manageconditionprice-display-component---conditions--smartTable-header-inner\"]"}
RESULT: {"using":"xpath","value":"//span[@id=\"application-manageconditionprice-display-component---conditions--smartTable-header-inner\"]"}
COMMAND: POST /session/a9ef15c056c2e43ebaea63ed65e0d12a/execute/sync - {"script":"<script> [56 bytes]","args":[{"element-6066-11e4-a52e-4f735466cecf":"f.5C1E112C024A7E7EDD35BD5D9BF8FD55.d.131E549B22A4CA4DD01A6EFA5881090A.e.7597","ELEMENT":"f.5C1E112C024A7E7EDD35BD5D9BF8FD55.d.131E549B22A4CA4DD01A6EFA5881090A.e.7597"}]}
RESULT: {"script":"<script> [56 bytes]","args":[{"element-6066-11e4-a52e-4f735466cecf":"f.5C1E112C024A7E7EDD35BD5D9BF8FD55.d.131E549B22A4CA4DD01A6EFA5881090A.e.7597","ELEMENT":"f.5C1E112C024A7E7EDD35BD5D9BF8FD55.d.131E549B22A4CA4DD01A6EFA5881090A.e.7597"}]}
COMMAND: POST /session/a9ef15c056c2e43ebaea63ed65e0d12a/element - {"using":"css selector","value":"#shell-header-logo"}
COMMAND: GET /session/a9ef15c056c2e43ebaea63ed65e0d12a/screenshot - {}
RESULT: {"using":"css selector","value":"#shell-header-logo"}
COMMAND: POST /session/a9ef15c056c2e43ebaea63ed65e0d12a/element/f.5C1E112C024A7E7EDD35BD5D9BF8FD55.d.131E549B22A4CA4DD01A6EFA5881090A.e.7223/click - {}
RESULT: {}
RESULT: {}
COMMAND: GET /session/a9ef15c056c2e43ebaea63ed65e0d12a/screenshot - {}
RESULT: {}
]]></system-out>
    </testcase>
    <testcase classname="chrome.135_0_7049_42.windows.US134625_Set_up_price_condition_-_one_time" name="Should create a new contract" time="50.577">
      <system-out><![CDATA[
COMMAND: POST /session/a9ef15c056c2e43ebaea63ed65e0d12a/execute/async - {"script":"<script> [1562 bytes]","args":[{"selector":{"controlType":"sap.m.Text","viewName":"etm.portal.ui.managecontractstile.view.Master","properties":{"text":"Manage Contracts"},"interaction":{"idSuffix":"inner"}},"wdio_ui5_key":"etmportal.ui.managecontractstile.view.Mastersap.m.Text{\"text\":\"Manage Contracts\"}"}]}
RESULT: {"script":"<script> [1562 bytes]","args":[{"selector":{"controlType":"sap.m.Text","viewName":"etm.portal.ui.managecontractstile.view.Master","properties":{"text":"Manage Contracts"},"interaction":{"idSuffix":"inner"}},"wdio_ui5_key":"etmportal.ui.managecontractstile.view.Mastersap.m.Text{\"text\":\"Manage Contracts\"}"}]}
RESULT: undefined
COMMAND: POST /session/a9ef15c056c2e43ebaea63ed65e0d12a/element - {"using":"xpath","value":"//*[@id=\"__tile130-title\"]"}
RESULT: {"using":"xpath","value":"//*[@id=\"__tile130-title\"]"}
COMMAND: POST /session/a9ef15c056c2e43ebaea63ed65e0d12a/element/f.5C1E112C024A7E7EDD35BD5D9BF8FD55.d.131E549B22A4CA4DD01A6EFA5881090A.e.7601/click - {}
RESULT: {}
COMMAND: GET /session/a9ef15c056c2e43ebaea63ed65e0d12a/screenshot - {}
RESULT: {}
COMMAND: POST /session/a9ef15c056c2e43ebaea63ed65e0d12a/element - {"using":"xpath","value":"//button[@data-kt=\"addButton\"]"}
RESULT: undefined
RESULT: undefined
RESULT: {"using":"xpath","value":"//button[@data-kt=\"addButton\"]"}
COMMAND: POST /session/a9ef15c056c2e43ebaea63ed65e0d12a/elements - {"using":"xpath","value":"//button[@data-kt=\"addButton\"]"}
RESULT: {"using":"xpath","value":"//button[@data-kt=\"addButton\"]"}
COMMAND: POST /session/a9ef15c056c2e43ebaea63ed65e0d12a/elements - {"using":"xpath","value":"//button[@data-kt=\"addButton\"]"}
RESULT: {"using":"xpath","value":"//button[@data-kt=\"addButton\"]"}
COMMAND: POST /session/a9ef15c056c2e43ebaea63ed65e0d12a/element - {"using":"xpath","value":"//button[@data-kt=\"addButton\"]"}
RESULT: {"using":"xpath","value":"//button[@data-kt=\"addButton\"]"}
COMMAND: POST /session/a9ef15c056c2e43ebaea63ed65e0d12a/execute/sync - {"script":"<script> [8489 bytes]","args":[{"element-6066-11e4-a52e-4f735466cecf":"f.5C1E112C024A7E7EDD35BD5D9BF8FD55.d.131E549B22A4CA4DD01A6EFA5881090A.e.7637","ELEMENT":"f.5C1E112C024A7E7EDD35BD5D9BF8FD55.d.131E549B22A4CA4DD01A6EFA5881090A.e.7637"}]}
RESULT: {"script":"<script> [8489 bytes]","args":[{"element-6066-11e4-a52e-4f735466cecf":"f.5C1E112C024A7E7EDD35BD5D9BF8FD55.d.131E549B22A4CA4DD01A6EFA5881090A.e.7637","ELEMENT":"f.5C1E112C024A7E7EDD35BD5D9BF8FD55.d.131E549B22A4CA4DD01A6EFA5881090A.e.7637"}]}
COMMAND: GET /session/a9ef15c056c2e43ebaea63ed65e0d12a/element/f.5C1E112C024A7E7EDD35BD5D9BF8FD55.d.131E549B22A4CA4DD01A6EFA5881090A.e.7637/enabled - {}
COMMAND: GET /session/a9ef15c056c2e43ebaea63ed65e0d12a/screenshot - {}
RESULT: {}
COMMAND: POST /session/a9ef15c056c2e43ebaea63ed65e0d12a/execute/sync - {"script":"<script> [8489 bytes]","args":[{"element-6066-11e4-a52e-4f735466cecf":"f.5C1E112C024A7E7EDD35BD5D9BF8FD55.d.131E549B22A4CA4DD01A6EFA5881090A.e.7637","ELEMENT":"f.5C1E112C024A7E7EDD35BD5D9BF8FD55.d.131E549B22A4CA4DD01A6EFA5881090A.e.7637"}]}
COMMAND: GET /session/a9ef15c056c2e43ebaea63ed65e0d12a/screenshot - {}
RESULT: {}
RESULT: {"script":"<script> [8489 bytes]","args":[{"element-6066-11e4-a52e-4f735466cecf":"f.5C1E112C024A7E7EDD35BD5D9BF8FD55.d.131E549B22A4CA4DD01A6EFA5881090A.e.7637","ELEMENT":"f.5C1E112C024A7E7EDD35BD5D9BF8FD55.d.131E549B22A4CA4DD01A6EFA5881090A.e.7637"}]}
COMMAND: POST /session/a9ef15c056c2e43ebaea63ed65e0d12a/execute/sync - {"script":"<script> [5351 bytes]","args":[{"element-6066-11e4-a52e-4f735466cecf":"f.5C1E112C024A7E7EDD35BD5D9BF8FD55.d.131E549B22A4CA4DD01A6EFA5881090A.e.7637","ELEMENT":"f.5C1E112C024A7E7EDD35BD5D9BF8FD55.d.131E549B22A4CA4DD01A6EFA5881090A.e.7637"}]}
COMMAND: GET /session/a9ef15c056c2e43ebaea63ed65e0d12a/screenshot - {}
RESULT: {}
RESULT: {"script":"<script> [5351 bytes]","args":[{"element-6066-11e4-a52e-4f735466cecf":"f.5C1E112C024A7E7EDD35BD5D9BF8FD55.d.131E549B22A4CA4DD01A6EFA5881090A.e.7637","ELEMENT":"f.5C1E112C024A7E7EDD35BD5D9BF8FD55.d.131E549B22A4CA4DD01A6EFA5881090A.e.7637"}]}
COMMAND: GET /session/a9ef15c056c2e43ebaea63ed65e0d12a/screenshot - {}
RESULT: {}
RESULT: {}
COMMAND: POST /session/a9ef15c056c2e43ebaea63ed65e0d12a/element/f.5C1E112C024A7E7EDD35BD5D9BF8FD55.d.131E549B22A4CA4DD01A6EFA5881090A.e.7637/click - {}
RESULT: {}
COMMAND: GET /session/a9ef15c056c2e43ebaea63ed65e0d12a/screenshot - {}
COMMAND: POST /session/a9ef15c056c2e43ebaea63ed65e0d12a/execute/async - {"script":"<script> [1562 bytes]","args":[{"selector":{"id":"application-managecontracts-display-component---AddNewContract--projectDescription","interaction":{"idSuffix":"inner"}},"wdio_ui5_key":"applicationmanagecontracts-display-component---AddNewContract--projectDescription"}]}
RESULT: {}
RESULT: {"script":"<script> [1562 bytes]","args":[{"selector":{"id":"application-managecontracts-display-component---AddNewContract--projectDescription","interaction":{"idSuffix":"inner"}},"wdio_ui5_key":"applicationmanagecontracts-display-component---AddNewContract--projectDescription"}]}
RESULT: undefined
COMMAND: POST /session/a9ef15c056c2e43ebaea63ed65e0d12a/execute/async - {"script":"<script> [776 bytes]","args":[{"enterText":"Intercompany Contract WDIO","selector":{"id":"application-managecontracts-display-component---AddNewContract--projectDescription","interaction":{"idSuffix":"inner"}},"clearTextFirst":true,"interactionType":"ENTER_TEXT"}]}
RESULT: {"script":"<script> [776 bytes]","args":[{"enterText":"Intercompany Contract WDIO","selector":{"id":"application-managecontracts-display-component---AddNewContract--projectDescription","interaction":{"idSuffix":"inner"}},"clearTextFirst":true,"interactionType":"ENTER_TEXT"}]}
COMMAND: POST /session/a9ef15c056c2e43ebaea63ed65e0d12a/element - {"using":"xpath","value":"//input[@id=\"application-managecontracts-display-component---AddNewContract--site-inner\"]"}
RESULT: {"using":"xpath","value":"//input[@id=\"application-managecontracts-display-component---AddNewContract--site-inner\"]"}
COMMAND: POST /session/a9ef15c056c2e43ebaea63ed65e0d12a/element/f.5C1E112C024A7E7EDD35BD5D9BF8FD55.d.131E549B22A4CA4DD01A6EFA5881090A.e.7982/clear - {}
RESULT: {}
COMMAND: POST /session/a9ef15c056c2e43ebaea63ed65e0d12a/element/f.5C1E112C024A7E7EDD35BD5D9BF8FD55.d.131E549B22A4CA4DD01A6EFA5881090A.e.7982/value - {"text":"2384"}
COMMAND: GET /session/a9ef15c056c2e43ebaea63ed65e0d12a/screenshot - {}
RESULT: {"text":"2384"}
COMMAND: GET /session/a9ef15c056c2e43ebaea63ed65e0d12a/screenshot - {}
RESULT: {}
RESULT: {}
COMMAND: POST /session/a9ef15c056c2e43ebaea63ed65e0d12a/element - {"using":"xpath","value":"//li[.//span[text()='2384']]"}
RESULT: {"using":"xpath","value":"//li[.//span[text()='2384']]"}
COMMAND: POST /session/a9ef15c056c2e43ebaea63ed65e0d12a/element/f.5C1E112C024A7E7EDD35BD5D9BF8FD55.d.131E549B22A4CA4DD01A6EFA5881090A.e.8005/click - {}
RESULT: {}
COMMAND: GET /session/a9ef15c056c2e43ebaea63ed65e0d12a/screenshot - {}
RESULT: {}
COMMAND: POST /session/a9ef15c056c2e43ebaea63ed65e0d12a/element - {"using":"xpath","value":"//input[@id=\"application-managecontracts-display-component---AddNewContract--yardId-inner\"]"}
RESULT: {"using":"xpath","value":"//input[@id=\"application-managecontracts-display-component---AddNewContract--yardId-inner\"]"}
COMMAND: GET /session/a9ef15c056c2e43ebaea63ed65e0d12a/element/f.5C1E112C024A7E7EDD35BD5D9BF8FD55.d.131E549B22A4CA4DD01A6EFA5881090A.e.7983/property/value - {}
RESULT: {}
COMMAND: POST /session/a9ef15c056c2e43ebaea63ed65e0d12a/element - {"using":"xpath","value":"//input[@id=\"application-managecontracts-display-component---AddNewContract--customerSelect-inner\"]"}
COMMAND: GET /session/a9ef15c056c2e43ebaea63ed65e0d12a/screenshot - {}
RESULT: {"using":"xpath","value":"//input[@id=\"application-managecontracts-display-component---AddNewContract--customerSelect-inner\"]"}
COMMAND: POST /session/a9ef15c056c2e43ebaea63ed65e0d12a/element/f.5C1E112C024A7E7EDD35BD5D9BF8FD55.d.131E549B22A4CA4DD01A6EFA5881090A.e.7981/clear - {}
RESULT: {}
RESULT: {}
COMMAND: POST /session/a9ef15c056c2e43ebaea63ed65e0d12a/element/f.5C1E112C024A7E7EDD35BD5D9BF8FD55.d.131E549B22A4CA4DD01A6EFA5881090A.e.7981/value - {"text":"1424"}
COMMAND: GET /session/a9ef15c056c2e43ebaea63ed65e0d12a/screenshot - {}
RESULT: {"text":"1424"}
COMMAND: GET /session/a9ef15c056c2e43ebaea63ed65e0d12a/screenshot - {}
RESULT: {}
RESULT: {}
COMMAND: POST /session/a9ef15c056c2e43ebaea63ed65e0d12a/element - {"using":"xpath","value":"//li[.//span[text()='1424']]"}
RESULT: {"using":"xpath","value":"//li[.//span[text()='1424']]"}
COMMAND: POST /session/a9ef15c056c2e43ebaea63ed65e0d12a/element/f.5C1E112C024A7E7EDD35BD5D9BF8FD55.d.131E549B22A4CA4DD01A6EFA5881090A.e.8008/click - {}
RESULT: {}
COMMAND: GET /session/a9ef15c056c2e43ebaea63ed65e0d12a/screenshot - {}
RESULT: {}
COMMAND: POST /session/a9ef15c056c2e43ebaea63ed65e0d12a/element - {"using":"xpath","value":"//button[@data-kt=\"saveButton\"]"}
RESULT: {"using":"xpath","value":"//button[@data-kt=\"saveButton\"]"}
COMMAND: POST /session/a9ef15c056c2e43ebaea63ed65e0d12a/element/f.5C1E112C024A7E7EDD35BD5D9BF8FD55.d.131E549B22A4CA4DD01A6EFA5881090A.e.7996/click - {}
RESULT: {}
COMMAND: GET /session/a9ef15c056c2e43ebaea63ed65e0d12a/screenshot - {}
RESULT: {}
COMMAND: POST /session/a9ef15c056c2e43ebaea63ed65e0d12a/element - {"using":"xpath","value":"//span[contains(@id ,\"contractDetailTitleNoExpanded\")]"}
RESULT: {"using":"xpath","value":"//span[contains(@id ,\"contractDetailTitleNoExpanded\")]"}
COMMAND: POST /session/a9ef15c056c2e43ebaea63ed65e0d12a/elements - {"using":"xpath","value":"//span[contains(@id ,\"contractDetailTitleNoExpanded\")]"}
RESULT: {"using":"xpath","value":"//span[contains(@id ,\"contractDetailTitleNoExpanded\")]"}
COMMAND: POST /session/a9ef15c056c2e43ebaea63ed65e0d12a/execute/sync - {"script":"<script> [56 bytes]","args":[{"element-6066-11e4-a52e-4f735466cecf":"f.5C1E112C024A7E7EDD35BD5D9BF8FD55.d.131E549B22A4CA4DD01A6EFA5881090A.e.8077","ELEMENT":"f.5C1E112C024A7E7EDD35BD5D9BF8FD55.d.131E549B22A4CA4DD01A6EFA5881090A.e.8077"}]}
RESULT: {"script":"<script> [56 bytes]","args":[{"element-6066-11e4-a52e-4f735466cecf":"f.5C1E112C024A7E7EDD35BD5D9BF8FD55.d.131E549B22A4CA4DD01A6EFA5881090A.e.8077","ELEMENT":"f.5C1E112C024A7E7EDD35BD5D9BF8FD55.d.131E549B22A4CA4DD01A6EFA5881090A.e.8077"}]}
COMMAND: GET /session/a9ef15c056c2e43ebaea63ed65e0d12a/screenshot - {}
RESULT: {}
]]></system-out>
    </testcase>
    <testcase classname="chrome.135_0_7049_42.windows.US134625_Set_up_price_condition_-_one_time" name="Should add the material to the contract" time="47.923">
      <system-out><![CDATA[
COMMAND: POST /session/a9ef15c056c2e43ebaea63ed65e0d12a/element - {"using":"xpath","value":"//button[@data-kt=\"contractDetailEditBtnButton\"]"}
RESULT: {"using":"xpath","value":"//button[@data-kt=\"contractDetailEditBtnButton\"]"}
COMMAND: POST /session/a9ef15c056c2e43ebaea63ed65e0d12a/element/f.5C1E112C024A7E7EDD35BD5D9BF8FD55.d.131E549B22A4CA4DD01A6EFA5881090A.e.8080/click - {}
RESULT: {}
COMMAND: GET /session/a9ef15c056c2e43ebaea63ed65e0d12a/screenshot - {}
RESULT: {}
COMMAND: POST /session/a9ef15c056c2e43ebaea63ed65e0d12a/element - {"using":"xpath","value":"(//span[contains(text(), \"Additional Addresses\")])[2]"}
RESULT: {"using":"xpath","value":"(//span[contains(text(), \"Additional Addresses\")])[2]"}
COMMAND: POST /session/a9ef15c056c2e43ebaea63ed65e0d12a/element/f.5C1E112C024A7E7EDD35BD5D9BF8FD55.d.131E549B22A4CA4DD01A6EFA5881090A.e.8134/click - {}
RESULT: {}
COMMAND: GET /session/a9ef15c056c2e43ebaea63ed65e0d12a/screenshot - {}
RESULT: {}
COMMAND: POST /session/a9ef15c056c2e43ebaea63ed65e0d12a/element - {"using":"xpath","value":"//button[@data-kt=\"btnAddTableRowOverflowToolbarButton\"]"}
RESULT: {"using":"xpath","value":"//button[@data-kt=\"btnAddTableRowOverflowToolbarButton\"]"}
COMMAND: POST /session/a9ef15c056c2e43ebaea63ed65e0d12a/element/f.5C1E112C024A7E7EDD35BD5D9BF8FD55.d.131E549B22A4CA4DD01A6EFA5881090A.e.8138/click - {}
RESULT: {}
COMMAND: GET /session/a9ef15c056c2e43ebaea63ed65e0d12a/screenshot - {}
RESULT: {}
COMMAND: POST /session/a9ef15c056c2e43ebaea63ed65e0d12a/element - {"using":"xpath","value":"//div[(text() = 'Standard Entry' or . = 'Standard Entry')]"}
RESULT: {"using":"xpath","value":"//div[(text() = 'Standard Entry' or . = 'Standard Entry')]"}
COMMAND: POST /session/a9ef15c056c2e43ebaea63ed65e0d12a/element/f.5C1E112C024A7E7EDD35BD5D9BF8FD55.d.131E549B22A4CA4DD01A6EFA5881090A.e.8140/click - {}
RESULT: {}
COMMAND: GET /session/a9ef15c056c2e43ebaea63ed65e0d12a/screenshot - {}
RESULT: {}
COMMAND: POST /session/a9ef15c056c2e43ebaea63ed65e0d12a/element - {"using":"xpath","value":"//td[6]/div/div/div/span"}
RESULT: {"using":"xpath","value":"//td[6]/div/div/div/span"}
COMMAND: POST /session/a9ef15c056c2e43ebaea63ed65e0d12a/element/f.5C1E112C024A7E7EDD35BD5D9BF8FD55.d.131E549B22A4CA4DD01A6EFA5881090A.e.8152/click - {}
RESULT: {}
COMMAND: GET /session/a9ef15c056c2e43ebaea63ed65e0d12a/screenshot - {}
RESULT: {}
COMMAND: POST /session/a9ef15c056c2e43ebaea63ed65e0d12a/element - {"using":"xpath","value":"(//span[contains(text(), \"Material\")])"}
RESULT: {"using":"xpath","value":"(//span[contains(text(), \"Material\")])"}
COMMAND: POST /session/a9ef15c056c2e43ebaea63ed65e0d12a/element/f.5C1E112C024A7E7EDD35BD5D9BF8FD55.d.131E549B22A4CA4DD01A6EFA5881090A.e.8153/click - {}
RESULT: {}
COMMAND: GET /session/a9ef15c056c2e43ebaea63ed65e0d12a/screenshot - {}
RESULT: {}
COMMAND: POST /session/a9ef15c056c2e43ebaea63ed65e0d12a/element - {"using":"xpath","value":"//td[7]/div/div/input"}
RESULT: {"using":"xpath","value":"//td[7]/div/div/input"}
COMMAND: POST /session/a9ef15c056c2e43ebaea63ed65e0d12a/element/f.5C1E112C024A7E7EDD35BD5D9BF8FD55.d.131E549B22A4CA4DD01A6EFA5881090A.e.8156/clear - {}
RESULT: {}
COMMAND: POST /session/a9ef15c056c2e43ebaea63ed65e0d12a/element/f.5C1E112C024A7E7EDD35BD5D9BF8FD55.d.131E549B22A4CA4DD01A6EFA5881090A.e.8156/value - {"text":"200347"}
COMMAND: GET /session/a9ef15c056c2e43ebaea63ed65e0d12a/screenshot - {}
RESULT: {"text":"200347"}
COMMAND: GET /session/a9ef15c056c2e43ebaea63ed65e0d12a/screenshot - {}
RESULT: {}
RESULT: {}
COMMAND: POST /session/a9ef15c056c2e43ebaea63ed65e0d12a/actions - {"actions":[{"id":"action26","type":"key","parameters":{},"actions":[{"type":"keyDown","value":""},{"type":"pause","duration":10},{"type":"keyUp","value":""}]}]}
RESULT: {"actions":[{"id":"action26","type":"key","parameters":{},"actions":[{"type":"keyDown","value":""},{"type":"pause","duration":10},{"type":"keyUp","value":""}]}]}
COMMAND: GET /session/a9ef15c056c2e43ebaea63ed65e0d12a/screenshot - {}
RESULT: {}
COMMAND: POST /session/a9ef15c056c2e43ebaea63ed65e0d12a/element - {"using":"xpath","value":"(//button[@data-kt=\"saveButton\"])[2]"}
RESULT: {"using":"xpath","value":"(//button[@data-kt=\"saveButton\"])[2]"}
COMMAND: POST /session/a9ef15c056c2e43ebaea63ed65e0d12a/element/f.5C1E112C024A7E7EDD35BD5D9BF8FD55.d.131E549B22A4CA4DD01A6EFA5881090A.e.8179/click - {}
RESULT: {}
COMMAND: GET /session/a9ef15c056c2e43ebaea63ed65e0d12a/screenshot - {}
RESULT: {}
COMMAND: POST /session/a9ef15c056c2e43ebaea63ed65e0d12a/element - {"using":"xpath","value":"//span[contains(@id ,\"contractItemsSmartTable-header-inner\")]"}
RESULT: {"using":"xpath","value":"//span[contains(@id ,\"contractItemsSmartTable-header-inner\")]"}
COMMAND: POST /session/a9ef15c056c2e43ebaea63ed65e0d12a/elements - {"using":"xpath","value":"//span[contains(@id ,\"contractItemsSmartTable-header-inner\")]"}
RESULT: {"using":"xpath","value":"//span[contains(@id ,\"contractItemsSmartTable-header-inner\")]"}
COMMAND: POST /session/a9ef15c056c2e43ebaea63ed65e0d12a/execute/sync - {"script":"<script> [56 bytes]","args":[{"element-6066-11e4-a52e-4f735466cecf":"f.5C1E112C024A7E7EDD35BD5D9BF8FD55.d.131E549B22A4CA4DD01A6EFA5881090A.e.8185","ELEMENT":"f.5C1E112C024A7E7EDD35BD5D9BF8FD55.d.131E549B22A4CA4DD01A6EFA5881090A.e.8185"}]}
RESULT: {"script":"<script> [56 bytes]","args":[{"element-6066-11e4-a52e-4f735466cecf":"f.5C1E112C024A7E7EDD35BD5D9BF8FD55.d.131E549B22A4CA4DD01A6EFA5881090A.e.8185","ELEMENT":"f.5C1E112C024A7E7EDD35BD5D9BF8FD55.d.131E549B22A4CA4DD01A6EFA5881090A.e.8185"}]}
]]></system-out>
    </testcase>
    <testcase classname="chrome.135_0_7049_42.windows.US134625_Set_up_price_condition_-_one_time" name="Should verify the bill item creation and pricing condition" time="10.859">
      <system-out><![CDATA[
COMMAND: GET /session/a9ef15c056c2e43ebaea63ed65e0d12a/screenshot - {}
COMMAND: POST /session/a9ef15c056c2e43ebaea63ed65e0d12a/execute/async - {"script":"<script> [1562 bytes]","args":[{"selector":{"controlType":"sap.ui.core.Icon","viewName":"etm.portal.ui.managecontracts.view.Detail","properties":{"src":{"regex":{"source":"slim\\-arrow\\-right"}}}},"wdio_ui5_key":"etmportal.ui.managecontracts.view.Detailsap.ui.core.Icon{\"src\":{\"regex\":{\"source\":\"slim\\\\-arrow\\\\-right\"}}}"}]}
RESULT: {}
RESULT: {"script":"<script> [1562 bytes]","args":[{"selector":{"controlType":"sap.ui.core.Icon","viewName":"etm.portal.ui.managecontracts.view.Detail","properties":{"src":{"regex":{"source":"slim\\-arrow\\-right"}}}},"wdio_ui5_key":"etmportal.ui.managecontracts.view.Detailsap.ui.core.Icon{\"src\":{\"regex\":{\"source\":\"slim\\\\-arrow\\\\-right\"}}}"}]}
RESULT: undefined
COMMAND: POST /session/a9ef15c056c2e43ebaea63ed65e0d12a/element - {"using":"xpath","value":"//*[@id=\"__item1892-__clone3734-imgNav\"]"}
RESULT: {"using":"xpath","value":"//*[@id=\"__item1892-__clone3734-imgNav\"]"}
COMMAND: POST /session/a9ef15c056c2e43ebaea63ed65e0d12a/element/f.5C1E112C024A7E7EDD35BD5D9BF8FD55.d.131E549B22A4CA4DD01A6EFA5881090A.e.8187/click - {}
RESULT: {}
COMMAND: GET /session/a9ef15c056c2e43ebaea63ed65e0d12a/screenshot - {}
RESULT: {}
COMMAND: POST /session/a9ef15c056c2e43ebaea63ed65e0d12a/execute/async - {"script":"<script> [1562 bytes]","args":[{"selector":{"controlType":"sap.m.Text","viewName":"etm.portal.ui.managecontracts.view.BillingItem","viewId":"application-managecontracts-display-component---BillingItem","bindingPath":{"propertyPath":"LINK_TO_C_BILL_TYPES/DESCRIPTION"}},"wdio_ui5_key":"etmportal.ui.managecontracts.view.BillingItemsap.m.Text{\"propertyPath\":\"LINK_TO_C_BILL_TYPES/DESCRIPTION\"}"}]}
RESULT: {"script":"<script> [1562 bytes]","args":[{"selector":{"controlType":"sap.m.Text","viewName":"etm.portal.ui.managecontracts.view.BillingItem","viewId":"application-managecontracts-display-component---BillingItem","bindingPath":{"propertyPath":"LINK_TO_C_BILL_TYPES/DESCRIPTION"}},"wdio_ui5_key":"etmportal.ui.managecontracts.view.BillingItemsap.m.Text{\"propertyPath\":\"LINK_TO_C_BILL_TYPES/DESCRIPTION\"}"}]}
RESULT: undefined
COMMAND: POST /session/a9ef15c056c2e43ebaea63ed65e0d12a/execute/async - {"script":"<script> [6424 bytes]","args":[{"element-6066-11e4-a52e-4f735466cecf":"f.5C1E112C024A7E7EDD35BD5D9BF8FD55.d.131E549B22A4CA4DD01A6EFA5881090A.e.8239"},"getText",[]]}
RESULT: {"script":"<script> [6424 bytes]","args":[{"element-6066-11e4-a52e-4f735466cecf":"f.5C1E112C024A7E7EDD35BD5D9BF8FD55.d.131E549B22A4CA4DD01A6EFA5881090A.e.8239"},"getText",[]]}
COMMAND: POST /session/a9ef15c056c2e43ebaea63ed65e0d12a/execute/async - {"script":"<script> [1562 bytes]","args":[{"selector":{"controlType":"sap.m.ObjectNumber","viewName":"etm.portal.ui.managecontracts.view.BillingItem","viewId":"application-managecontracts-display-component---BillingItem","bindingPath":{"propertyPath":"BASE_PRICE"}},"wdio_ui5_key":"etmportal.ui.managecontracts.view.BillingItemsap.m.ObjectNumber{\"propertyPath\":\"BASE_PRICE\"}"}]}
RESULT: {"script":"<script> [1562 bytes]","args":[{"selector":{"controlType":"sap.m.ObjectNumber","viewName":"etm.portal.ui.managecontracts.view.BillingItem","viewId":"application-managecontracts-display-component---BillingItem","bindingPath":{"propertyPath":"BASE_PRICE"}},"wdio_ui5_key":"etmportal.ui.managecontracts.view.BillingItemsap.m.ObjectNumber{\"propertyPath\":\"BASE_PRICE\"}"}]}
RESULT: undefined
COMMAND: POST /session/a9ef15c056c2e43ebaea63ed65e0d12a/execute/async - {"script":"<script> [6424 bytes]","args":[{"element-6066-11e4-a52e-4f735466cecf":"f.5C1E112C024A7E7EDD35BD5D9BF8FD55.d.131E549B22A4CA4DD01A6EFA5881090A.e.8240"},"getNumber",[]]}
RESULT: {"script":"<script> [6424 bytes]","args":[{"element-6066-11e4-a52e-4f735466cecf":"f.5C1E112C024A7E7EDD35BD5D9BF8FD55.d.131E549B22A4CA4DD01A6EFA5881090A.e.8240"},"getNumber",[]]}
COMMAND: POST /session/a9ef15c056c2e43ebaea63ed65e0d12a/execute/async - {"script":"<script> [1562 bytes]","args":[{"selector":{"controlType":"sap.m.ObjectNumber","viewName":"etm.portal.ui.managecontracts.view.BillingItem","viewId":"application-managecontracts-display-component---BillingItem","bindingPath":{"propertyPath":"BASE_QUANTITY"}},"wdio_ui5_key":"etmportal.ui.managecontracts.view.BillingItemsap.m.ObjectNumber{\"propertyPath\":\"BASE_QUANTITY\"}"}]}
RESULT: {"script":"<script> [1562 bytes]","args":[{"selector":{"controlType":"sap.m.ObjectNumber","viewName":"etm.portal.ui.managecontracts.view.BillingItem","viewId":"application-managecontracts-display-component---BillingItem","bindingPath":{"propertyPath":"BASE_QUANTITY"}},"wdio_ui5_key":"etmportal.ui.managecontracts.view.BillingItemsap.m.ObjectNumber{\"propertyPath\":\"BASE_QUANTITY\"}"}]}
RESULT: undefined
COMMAND: POST /session/a9ef15c056c2e43ebaea63ed65e0d12a/execute/async - {"script":"<script> [6424 bytes]","args":[{"element-6066-11e4-a52e-4f735466cecf":"f.5C1E112C024A7E7EDD35BD5D9BF8FD55.d.131E549B22A4CA4DD01A6EFA5881090A.e.8241"},"getNumber",[]]}
RESULT: {"script":"<script> [6424 bytes]","args":[{"element-6066-11e4-a52e-4f735466cecf":"f.5C1E112C024A7E7EDD35BD5D9BF8FD55.d.131E549B22A4CA4DD01A6EFA5881090A.e.8241"},"getNumber",[]]}
COMMAND: DELETE /session/a9ef15c056c2e43ebaea63ed65e0d12a - {}
RESULT: {}
]]></system-out>
    </testcase>
  </testsuite>
</testsuites>