<?xml version="1.0" encoding="UTF-8"?>
<testsuites tests="10" failures="0" errors="0" skipped="0">
  <testsuite timestamp="2025-06-14T16:35:58" time="269.355" tests="3" failures="0" errors="0" skipped="0">
    <properties>
      <property name="specId" value="0"/>
      <property name="suiteName" value="Create and verify Order without Template US127247"/>
      <property name="capabilities" value="chrome.137_0_7151_69.windows"/>
      <property name="file" value="file:///D:/a/1/s/test/specs/ISC/create-iscorder.spec.js"/>
    </properties>
    <testcase classname="chrome.137_0_7151_69.windows.Create_and_verify_Order_without_Template_US127247" name="Should create material" time="113.36">
      <system-out><![CDATA[
COMMAND: POST /session/f13a764c77baee3c52c4f0d7f7064bd2/window/maximize - {}
RESULT: {}
COMMAND: POST /session/f13a764c77baee3c52c4f0d7f7064bd2/execute/async - {"script":"<script> [1562 bytes]","args":[{"selector":{"controlType":"sap.m.GenericTile","properties":{"header":"Manage Resources"}},"wdio_ui5_key":"sapm.GenericTile{\"header\":\"Manage Resources\"}"}]}
COMMAND: GET /session/f13a764c77baee3c52c4f0d7f7064bd2/screenshot - {}
RESULT: {"script":"<script> [1562 bytes]","args":[{"selector":{"controlType":"sap.m.GenericTile","properties":{"header":"Manage Resources"}},"wdio_ui5_key":"sapm.GenericTile{\"header\":\"Manage Resources\"}"}]}
RESULT: undefined
COMMAND: POST /session/f13a764c77baee3c52c4f0d7f7064bd2/element - {"using":"xpath","value":"//*[@id=\"__tile40\"]"}
RESULT: {}
RESULT: {"using":"xpath","value":"//*[@id=\"__tile40\"]"}
COMMAND: POST /session/f13a764c77baee3c52c4f0d7f7064bd2/element/f.054B8102AA40F5557A008067B4ABF8EF.d.997FEF975FB95636B2392075050BF384.e.130/click - {}
RESULT: {}
COMMAND: GET /session/f13a764c77baee3c52c4f0d7f7064bd2/screenshot - {}
RESULT: {}
COMMAND: POST /session/f13a764c77baee3c52c4f0d7f7064bd2/elements - {"using":"xpath","value":"//span[text()='Error']"}
RESULT: {"using":"xpath","value":"//span[text()='Error']"}
COMMAND: POST /session/f13a764c77baee3c52c4f0d7f7064bd2/execute/async - {"script":"<script> [1562 bytes]","args":[{"selector":{"controlType":"sap.m.OverflowToolbarButton","viewName":"etm.portal.ui.manageresources.view.Master","viewId":"application-manageresources-display-component---masterRU","bindingPath":{"path":"","propertyPath":"/isLogbook","modelName":"minimumStockRPGModel"},"interaction":{"idSuffix":"inner"}},"wdio_ui5_key":"etmportal.ui.manageresources.view.Mastersap.m.OverflowToolbarButton{\"path\":\"\",\"propertyPath\":\"/isLogbook\",\"modelName\":\"minimumStockRPGModel\"}"}]}
RESULT: {"script":"<script> [1562 bytes]","args":[{"selector":{"controlType":"sap.m.OverflowToolbarButton","viewName":"etm.portal.ui.manageresources.view.Master","viewId":"application-manageresources-display-component---masterRU","bindingPath":{"path":"","propertyPath":"/isLogbook","modelName":"minimumStockRPGModel"},"interaction":{"idSuffix":"inner"}},"wdio_ui5_key":"etmportal.ui.manageresources.view.Mastersap.m.OverflowToolbarButton{\"path\":\"\",\"propertyPath\":\"/isLogbook\",\"modelName\":\"minimumStockRPGModel\"}"}]}
RESULT: undefined
COMMAND: POST /session/f13a764c77baee3c52c4f0d7f7064bd2/element - {"using":"xpath","value":"//*[@id=\"__button5\"]"}
RESULT: {"using":"xpath","value":"//*[@id=\"__button5\"]"}
COMMAND: POST /session/f13a764c77baee3c52c4f0d7f7064bd2/element/f.054B8102AA40F5557A008067B4ABF8EF.d.997FEF975FB95636B2392075050BF384.e.173/click - {}
RESULT: {}
COMMAND: POST /session/f13a764c77baee3c52c4f0d7f7064bd2/execute/async - {"script":"<script> [1562 bytes]","args":[{"selector":{"id":"application-manageresources-display-component---newResourceUnit--TYPE-arrow"},"wdio_ui5_key":"applicationmanageresources-display-component---newResourceUnit--TYPE-arrow"}]}
COMMAND: GET /session/f13a764c77baee3c52c4f0d7f7064bd2/screenshot - {}
RESULT: {"script":"<script> [1562 bytes]","args":[{"selector":{"id":"application-manageresources-display-component---newResourceUnit--TYPE-arrow"},"wdio_ui5_key":"applicationmanageresources-display-component---newResourceUnit--TYPE-arrow"}]}
RESULT: undefined
COMMAND: POST /session/f13a764c77baee3c52c4f0d7f7064bd2/element - {"using":"xpath","value":"//*[@id=\"application-manageresources-display-component---newResourceUnit--TYPE-arrow\"]"}
RESULT: {}
RESULT: {"using":"xpath","value":"//*[@id=\"application-manageresources-display-component---newResourceUnit--TYPE-arrow\"]"}
COMMAND: POST /session/f13a764c77baee3c52c4f0d7f7064bd2/element/f.054B8102AA40F5557A008067B4ABF8EF.d.997FEF975FB95636B2392075050BF384.e.491/click - {}
RESULT: {}
COMMAND: POST /session/f13a764c77baee3c52c4f0d7f7064bd2/execute/async - {"script":"<script> [1562 bytes]","args":[{"selector":{"controlType":"sap.m.StandardListItem","viewName":"reusables.view.manageresources.NewResourceUnit","viewId":"application-manageresources-display-component---newResourceUnit","properties":{"title":"Equipment"},"searchOpenDialogs":true},"wdio_ui5_key":"reusablesview.manageresources.NewResourceUnitsap.m.StandardListItem{\"title\":\"Equipment\"}"}]}
COMMAND: GET /session/f13a764c77baee3c52c4f0d7f7064bd2/screenshot - {}
RESULT: {"script":"<script> [1562 bytes]","args":[{"selector":{"controlType":"sap.m.StandardListItem","viewName":"reusables.view.manageresources.NewResourceUnit","viewId":"application-manageresources-display-component---newResourceUnit","properties":{"title":"Equipment"},"searchOpenDialogs":true},"wdio_ui5_key":"reusablesview.manageresources.NewResourceUnitsap.m.StandardListItem{\"title\":\"Equipment\"}"}]}
RESULT: undefined
COMMAND: POST /session/f13a764c77baee3c52c4f0d7f7064bd2/element - {"using":"xpath","value":"//*[@id=\"__item145\"]"}
RESULT: {}
RESULT: {"using":"xpath","value":"//*[@id=\"__item145\"]"}
COMMAND: POST /session/f13a764c77baee3c52c4f0d7f7064bd2/element/f.054B8102AA40F5557A008067B4ABF8EF.d.997FEF975FB95636B2392075050BF384.e.493/click - {}
RESULT: {}
COMMAND: POST /session/f13a764c77baee3c52c4f0d7f7064bd2/execute/async - {"script":"<script> [1562 bytes]","args":[{"selector":{"id":"application-manageresources-display-component---newResourceUnit--resourceId","interaction":{"idSuffix":"inner"}},"wdio_ui5_key":"applicationmanageresources-display-component---newResourceUnit--resourceId"}]}
COMMAND: GET /session/f13a764c77baee3c52c4f0d7f7064bd2/screenshot - {}
RESULT: {"script":"<script> [1562 bytes]","args":[{"selector":{"id":"application-manageresources-display-component---newResourceUnit--resourceId","interaction":{"idSuffix":"inner"}},"wdio_ui5_key":"applicationmanageresources-display-component---newResourceUnit--resourceId"}]}
RESULT: undefined
COMMAND: POST /session/f13a764c77baee3c52c4f0d7f7064bd2/execute/async - {"script":"<script> [776 bytes]","args":[{"enterText":"wdi5-1749918925868","selector":{"id":"application-manageresources-display-component---newResourceUnit--resourceId","interaction":{"idSuffix":"inner"}},"clearTextFirst":true,"interactionType":"ENTER_TEXT"}]}
RESULT: {}
RESULT: {"script":"<script> [776 bytes]","args":[{"enterText":"wdi5-1749918925868","selector":{"id":"application-manageresources-display-component---newResourceUnit--resourceId","interaction":{"idSuffix":"inner"}},"clearTextFirst":true,"interactionType":"ENTER_TEXT"}]}
COMMAND: POST /session/f13a764c77baee3c52c4f0d7f7064bd2/execute/async - {"script":"<script> [1562 bytes]","args":[{"selector":{"id":"application-manageresources-display-component---newResourceUnit--SHORT_TEXT","interaction":{"idSuffix":"inner"}},"wdio_ui5_key":"applicationmanageresources-display-component---newResourceUnit--SHORT_TEXT"}]}
RESULT: {"script":"<script> [1562 bytes]","args":[{"selector":{"id":"application-manageresources-display-component---newResourceUnit--SHORT_TEXT","interaction":{"idSuffix":"inner"}},"wdio_ui5_key":"applicationmanageresources-display-component---newResourceUnit--SHORT_TEXT"}]}
RESULT: undefined
COMMAND: POST /session/f13a764c77baee3c52c4f0d7f7064bd2/execute/async - {"script":"<script> [776 bytes]","args":[{"enterText":"WDI5Test","selector":{"id":"application-manageresources-display-component---newResourceUnit--SHORT_TEXT","interaction":{"idSuffix":"inner"}},"clearTextFirst":true,"interactionType":"ENTER_TEXT"}]}
RESULT: {"script":"<script> [776 bytes]","args":[{"enterText":"WDI5Test","selector":{"id":"application-manageresources-display-component---newResourceUnit--SHORT_TEXT","interaction":{"idSuffix":"inner"}},"clearTextFirst":true,"interactionType":"ENTER_TEXT"}]}
COMMAND: POST /session/f13a764c77baee3c52c4f0d7f7064bd2/execute/async - {"script":"<script> [1562 bytes]","args":[{"selector":{"id":"application-manageresources-display-component---newResourceUnit--BASE_UNIT_OF_MEASURE-arrow"},"wdio_ui5_key":"applicationmanageresources-display-component---newResourceUnit--BASE_UNIT_OF_MEASURE-arrow"}]}
RESULT: {"script":"<script> [1562 bytes]","args":[{"selector":{"id":"application-manageresources-display-component---newResourceUnit--BASE_UNIT_OF_MEASURE-arrow"},"wdio_ui5_key":"applicationmanageresources-display-component---newResourceUnit--BASE_UNIT_OF_MEASURE-arrow"}]}
RESULT: undefined
COMMAND: POST /session/f13a764c77baee3c52c4f0d7f7064bd2/element - {"using":"xpath","value":"//*[@id=\"application-manageresources-display-component---newResourceUnit--BASE_UNIT_OF_MEASURE-arrow\"]"}
RESULT: {"using":"xpath","value":"//*[@id=\"application-manageresources-display-component---newResourceUnit--BASE_UNIT_OF_MEASURE-arrow\"]"}
COMMAND: POST /session/f13a764c77baee3c52c4f0d7f7064bd2/element/f.054B8102AA40F5557A008067B4ABF8EF.d.997FEF975FB95636B2392075050BF384.e.643/click - {}
RESULT: {}
COMMAND: POST /session/f13a764c77baee3c52c4f0d7f7064bd2/execute/async - {"script":"<script> [1562 bytes]","args":[{"selector":{"controlType":"sap.m.StandardListItem","viewName":"reusables.view.manageresources.NewResourceUnit","viewId":"application-manageresources-display-component---newResourceUnit","properties":{"title":"Piece"},"searchOpenDialogs":true},"wdio_ui5_key":"reusablesview.manageresources.NewResourceUnitsap.m.StandardListItem{\"title\":\"Piece\"}"}]}
COMMAND: GET /session/f13a764c77baee3c52c4f0d7f7064bd2/screenshot - {}
RESULT: {"script":"<script> [1562 bytes]","args":[{"selector":{"controlType":"sap.m.StandardListItem","viewName":"reusables.view.manageresources.NewResourceUnit","viewId":"application-manageresources-display-component---newResourceUnit","properties":{"title":"Piece"},"searchOpenDialogs":true},"wdio_ui5_key":"reusablesview.manageresources.NewResourceUnitsap.m.StandardListItem{\"title\":\"Piece\"}"}]}
RESULT: undefined
COMMAND: POST /session/f13a764c77baee3c52c4f0d7f7064bd2/element - {"using":"xpath","value":"//*[@id=\"__item196\"]"}
RESULT: {}
RESULT: {"using":"xpath","value":"//*[@id=\"__item196\"]"}
COMMAND: POST /session/f13a764c77baee3c52c4f0d7f7064bd2/element/f.054B8102AA40F5557A008067B4ABF8EF.d.997FEF975FB95636B2392075050BF384.e.644/click - {}
RESULT: {}
COMMAND: POST /session/f13a764c77baee3c52c4f0d7f7064bd2/execute/async - {"script":"<script> [1562 bytes]","args":[{"selector":{"id":"application-manageresources-display-component---newResourceUnit--WEIGHT_UNIT-arrow"},"wdio_ui5_key":"applicationmanageresources-display-component---newResourceUnit--WEIGHT_UNIT-arrow"}]}
COMMAND: GET /session/f13a764c77baee3c52c4f0d7f7064bd2/screenshot - {}
RESULT: {"script":"<script> [1562 bytes]","args":[{"selector":{"id":"application-manageresources-display-component---newResourceUnit--WEIGHT_UNIT-arrow"},"wdio_ui5_key":"applicationmanageresources-display-component---newResourceUnit--WEIGHT_UNIT-arrow"}]}
RESULT: undefined
COMMAND: POST /session/f13a764c77baee3c52c4f0d7f7064bd2/element - {"using":"xpath","value":"//*[@id=\"application-manageresources-display-component---newResourceUnit--WEIGHT_UNIT-arrow\"]"}
RESULT: {}
RESULT: {"using":"xpath","value":"//*[@id=\"application-manageresources-display-component---newResourceUnit--WEIGHT_UNIT-arrow\"]"}
COMMAND: POST /session/f13a764c77baee3c52c4f0d7f7064bd2/element/f.054B8102AA40F5557A008067B4ABF8EF.d.997FEF975FB95636B2392075050BF384.e.645/click - {}
RESULT: {}
COMMAND: POST /session/f13a764c77baee3c52c4f0d7f7064bd2/execute/async - {"script":"<script> [1562 bytes]","args":[{"selector":{"controlType":"sap.m.StandardListItem","viewName":"reusables.view.manageresources.NewResourceUnit","viewId":"application-manageresources-display-component---newResourceUnit","properties":{"title":"Gram"},"searchOpenDialogs":true},"wdio_ui5_key":"reusablesview.manageresources.NewResourceUnitsap.m.StandardListItem{\"title\":\"Gram\"}"}]}
COMMAND: GET /session/f13a764c77baee3c52c4f0d7f7064bd2/screenshot - {}
RESULT: {"script":"<script> [1562 bytes]","args":[{"selector":{"controlType":"sap.m.StandardListItem","viewName":"reusables.view.manageresources.NewResourceUnit","viewId":"application-manageresources-display-component---newResourceUnit","properties":{"title":"Gram"},"searchOpenDialogs":true},"wdio_ui5_key":"reusablesview.manageresources.NewResourceUnitsap.m.StandardListItem{\"title\":\"Gram\"}"}]}
RESULT: undefined
COMMAND: POST /session/f13a764c77baee3c52c4f0d7f7064bd2/element - {"using":"xpath","value":"//*[@id=\"__item197\"]"}
RESULT: {}
RESULT: {"using":"xpath","value":"//*[@id=\"__item197\"]"}
COMMAND: POST /session/f13a764c77baee3c52c4f0d7f7064bd2/element/f.054B8102AA40F5557A008067B4ABF8EF.d.997FEF975FB95636B2392075050BF384.e.646/click - {}
RESULT: {}
COMMAND: GET /session/f13a764c77baee3c52c4f0d7f7064bd2/screenshot - {}
RESULT: {}
COMMAND: POST /session/f13a764c77baee3c52c4f0d7f7064bd2/execute/async - {"script":"<script> [1562 bytes]","args":[{"selector":{"controlType":"sap.m.Label","viewName":"reusables.view.manageresources.NewResourceUnit","viewId":"application-manageresources-display-component---newResourceUnit","i18NText":{"propertyName":"text","key":"weightUoM"},"interaction":{"idSuffix":"bdi"}},"wdio_ui5_key":"reusablesview.manageresources.NewResourceUnitsap.m.Label{\"propertyName\":\"text\",\"key\":\"weightUoM\"}"}]}
RESULT: {"script":"<script> [1562 bytes]","args":[{"selector":{"controlType":"sap.m.Label","viewName":"reusables.view.manageresources.NewResourceUnit","viewId":"application-manageresources-display-component---newResourceUnit","i18NText":{"propertyName":"text","key":"weightUoM"},"interaction":{"idSuffix":"bdi"}},"wdio_ui5_key":"reusablesview.manageresources.NewResourceUnitsap.m.Label{\"propertyName\":\"text\",\"key\":\"weightUoM\"}"}]}
RESULT: undefined
COMMAND: POST /session/f13a764c77baee3c52c4f0d7f7064bd2/element - {"using":"xpath","value":"//*[@id=\"__label21\"]"}
RESULT: {"using":"xpath","value":"//*[@id=\"__label21\"]"}
COMMAND: POST /session/f13a764c77baee3c52c4f0d7f7064bd2/element/f.054B8102AA40F5557A008067B4ABF8EF.d.997FEF975FB95636B2392075050BF384.e.648/click - {}
RESULT: {}
COMMAND: POST /session/f13a764c77baee3c52c4f0d7f7064bd2/actions - {"actions":[{"type":"key","id":"keyboard","actions":[{"type":"keyDown","value":""}]}]}
COMMAND: GET /session/f13a764c77baee3c52c4f0d7f7064bd2/screenshot - {}
RESULT: {"actions":[{"type":"key","id":"keyboard","actions":[{"type":"keyDown","value":""}]}]}
COMMAND: GET /session/f13a764c77baee3c52c4f0d7f7064bd2/screenshot - {}
COMMAND: POST /session/f13a764c77baee3c52c4f0d7f7064bd2/actions - {"actions":[{"type":"key","id":"keyboard","actions":[{"type":"keyDown","value":""}]}]}
RESULT: {}
RESULT: {}
RESULT: {"actions":[{"type":"key","id":"keyboard","actions":[{"type":"keyDown","value":""}]}]}
COMMAND: GET /session/f13a764c77baee3c52c4f0d7f7064bd2/screenshot - {}
RESULT: {}
COMMAND: POST /session/f13a764c77baee3c52c4f0d7f7064bd2/execute/async - {"script":"<script> [1562 bytes]","args":[{"selector":{"id":"application-manageresources-display-component---newResourceUnit--newRRUPage-OPHeaderContent-collapseBtn-img"},"wdio_ui5_key":"applicationmanageresources-display-component---newResourceUnit--newRRUPage-OPHeaderContent-collapseBtn-img"}]}
RESULT: {"script":"<script> [1562 bytes]","args":[{"selector":{"id":"application-manageresources-display-component---newResourceUnit--newRRUPage-OPHeaderContent-collapseBtn-img"},"wdio_ui5_key":"applicationmanageresources-display-component---newResourceUnit--newRRUPage-OPHeaderContent-collapseBtn-img"}]}
RESULT: undefined
COMMAND: POST /session/f13a764c77baee3c52c4f0d7f7064bd2/element - {"using":"xpath","value":"//*[@id=\"application-manageresources-display-component---newResourceUnit--newRRUPage-OPHeaderContent-collapseBtn-img\"]"}
RESULT: {"using":"xpath","value":"//*[@id=\"application-manageresources-display-component---newResourceUnit--newRRUPage-OPHeaderContent-collapseBtn-img\"]"}
COMMAND: POST /session/f13a764c77baee3c52c4f0d7f7064bd2/element/f.054B8102AA40F5557A008067B4ABF8EF.d.997FEF975FB95636B2392075050BF384.e.501/click - {}
RESULT: {}
COMMAND: GET /session/f13a764c77baee3c52c4f0d7f7064bd2/screenshot - {}
RESULT: {}
COMMAND: POST /session/f13a764c77baee3c52c4f0d7f7064bd2/element - {"using":"xpath","value":"(//span[contains(@id ,\"application-manageresources-display-component---newResourceUnit--DIMENSION_UNIT-arrow\")])[1]"}
RESULT: {"using":"xpath","value":"(//span[contains(@id ,\"application-manageresources-display-component---newResourceUnit--DIMENSION_UNIT-arrow\")])[1]"}
COMMAND: POST /session/f13a764c77baee3c52c4f0d7f7064bd2/element/f.054B8102AA40F5557A008067B4ABF8EF.d.997FEF975FB95636B2392075050BF384.e.656/click - {}
RESULT: {}
COMMAND: GET /session/f13a764c77baee3c52c4f0d7f7064bd2/screenshot - {}
RESULT: {}
COMMAND: POST /session/f13a764c77baee3c52c4f0d7f7064bd2/execute/async - {"script":"<script> [1562 bytes]","args":[{"selector":{"controlType":"sap.m.StandardListItem","viewName":"reusables.view.manageresources.NewResourceUnit","viewId":"application-manageresources-display-component---newResourceUnit","properties":{"title":"Centimeter"},"searchOpenDialogs":true},"wdio_ui5_key":"reusablesview.manageresources.NewResourceUnitsap.m.StandardListItem{\"title\":\"Centimeter\"}"}]}
RESULT: {"script":"<script> [1562 bytes]","args":[{"selector":{"controlType":"sap.m.StandardListItem","viewName":"reusables.view.manageresources.NewResourceUnit","viewId":"application-manageresources-display-component---newResourceUnit","properties":{"title":"Centimeter"},"searchOpenDialogs":true},"wdio_ui5_key":"reusablesview.manageresources.NewResourceUnitsap.m.StandardListItem{\"title\":\"Centimeter\"}"}]}
RESULT: undefined
COMMAND: POST /session/f13a764c77baee3c52c4f0d7f7064bd2/element - {"using":"xpath","value":"//*[@id=\"__item200\"]"}
RESULT: {"using":"xpath","value":"//*[@id=\"__item200\"]"}
COMMAND: POST /session/f13a764c77baee3c52c4f0d7f7064bd2/element/f.054B8102AA40F5557A008067B4ABF8EF.d.997FEF975FB95636B2392075050BF384.e.657/click - {}
RESULT: {}
COMMAND: GET /session/f13a764c77baee3c52c4f0d7f7064bd2/screenshot - {}
RESULT: {}
COMMAND: POST /session/f13a764c77baee3c52c4f0d7f7064bd2/execute/async - {"script":"<script> [1562 bytes]","args":[{"selector":{"id":"application-manageresources-display-component---newResourceUnit--newRRUPage-anchBar-application-manageresources-display-component---newResourceUnit--control-anchor","interaction":{"idSuffix":"BDI-content"}},"wdio_ui5_key":"applicationmanageresources-display-component---newResourceUnit--newRRUPage-anchBar-application-manageresources-display-component---newResourceUnit--control-anchor"}]}
RESULT: {"script":"<script> [1562 bytes]","args":[{"selector":{"id":"application-manageresources-display-component---newResourceUnit--newRRUPage-anchBar-application-manageresources-display-component---newResourceUnit--control-anchor","interaction":{"idSuffix":"BDI-content"}},"wdio_ui5_key":"applicationmanageresources-display-component---newResourceUnit--newRRUPage-anchBar-application-manageresources-display-component---newResourceUnit--control-anchor"}]}
RESULT: undefined
COMMAND: POST /session/f13a764c77baee3c52c4f0d7f7064bd2/element - {"using":"xpath","value":"//*[@id=\"application-manageresources-display-component---newResourceUnit--newRRUPage-anchBar-application-manageresources-display-component---newResourceUnit--control-anchor\"]"}
RESULT: {"using":"xpath","value":"//*[@id=\"application-manageresources-display-component---newResourceUnit--newRRUPage-anchBar-application-manageresources-display-component---newResourceUnit--control-anchor\"]"}
COMMAND: POST /session/f13a764c77baee3c52c4f0d7f7064bd2/element/f.054B8102AA40F5557A008067B4ABF8EF.d.997FEF975FB95636B2392075050BF384.e.659/click - {}
RESULT: {}
COMMAND: POST /session/f13a764c77baee3c52c4f0d7f7064bd2/execute/async - {"script":"<script> [1562 bytes]","args":[{"selector":{"id":"application-manageresources-display-component---newResourceUnit--PLANNING_GROUP-arrow"},"wdio_ui5_key":"applicationmanageresources-display-component---newResourceUnit--PLANNING_GROUP-arrow"}]}
COMMAND: GET /session/f13a764c77baee3c52c4f0d7f7064bd2/screenshot - {}
RESULT: {"script":"<script> [1562 bytes]","args":[{"selector":{"id":"application-manageresources-display-component---newResourceUnit--PLANNING_GROUP-arrow"},"wdio_ui5_key":"applicationmanageresources-display-component---newResourceUnit--PLANNING_GROUP-arrow"}]}
RESULT: undefined
COMMAND: POST /session/f13a764c77baee3c52c4f0d7f7064bd2/element - {"using":"xpath","value":"//*[@id=\"application-manageresources-display-component---newResourceUnit--PLANNING_GROUP-arrow\"]"}
RESULT: {}
RESULT: {"using":"xpath","value":"//*[@id=\"application-manageresources-display-component---newResourceUnit--PLANNING_GROUP-arrow\"]"}
COMMAND: POST /session/f13a764c77baee3c52c4f0d7f7064bd2/element/f.054B8102AA40F5557A008067B4ABF8EF.d.997FEF975FB95636B2392075050BF384.e.663/click - {}
RESULT: {}
COMMAND: GET /session/f13a764c77baee3c52c4f0d7f7064bd2/screenshot - {}
RESULT: {}
COMMAND: POST /session/f13a764c77baee3c52c4f0d7f7064bd2/execute/async - {"script":"<script> [1562 bytes]","args":[{"selector":{"controlType":"sap.m.StandardListItem","viewName":"reusables.view.manageresources.NewResourceUnit","viewId":"application-manageresources-display-component---newResourceUnit","properties":{"title":"Overplanning"},"searchOpenDialogs":true},"wdio_ui5_key":"reusablesview.manageresources.NewResourceUnitsap.m.StandardListItem{\"title\":\"Overplanning\"}"}]}
RESULT: {"script":"<script> [1562 bytes]","args":[{"selector":{"controlType":"sap.m.StandardListItem","viewName":"reusables.view.manageresources.NewResourceUnit","viewId":"application-manageresources-display-component---newResourceUnit","properties":{"title":"Overplanning"},"searchOpenDialogs":true},"wdio_ui5_key":"reusablesview.manageresources.NewResourceUnitsap.m.StandardListItem{\"title\":\"Overplanning\"}"}]}
RESULT: undefined
COMMAND: POST /session/f13a764c77baee3c52c4f0d7f7064bd2/element - {"using":"xpath","value":"//*[@id=\"__item206\"]"}
RESULT: {"using":"xpath","value":"//*[@id=\"__item206\"]"}
COMMAND: POST /session/f13a764c77baee3c52c4f0d7f7064bd2/element/f.054B8102AA40F5557A008067B4ABF8EF.d.997FEF975FB95636B2392075050BF384.e.664/click - {}
RESULT: {}
COMMAND: GET /session/f13a764c77baee3c52c4f0d7f7064bd2/screenshot - {}
RESULT: {}
COMMAND: POST /session/f13a764c77baee3c52c4f0d7f7064bd2/execute/async - {"script":"<script> [1562 bytes]","args":[{"selector":{"controlType":"sap.m.Label","viewName":"reusables.view.manageresources.NewResourceUnit","viewId":"application-manageresources-display-component---newResourceUnit","i18NText":{"propertyName":"text","key":"planningGroup"},"interaction":{"idSuffix":"bdi"}},"wdio_ui5_key":"reusablesview.manageresources.NewResourceUnitsap.m.Label{\"propertyName\":\"text\",\"key\":\"planningGroup\"}"}]}
RESULT: {"script":"<script> [1562 bytes]","args":[{"selector":{"controlType":"sap.m.Label","viewName":"reusables.view.manageresources.NewResourceUnit","viewId":"application-manageresources-display-component---newResourceUnit","i18NText":{"propertyName":"text","key":"planningGroup"},"interaction":{"idSuffix":"bdi"}},"wdio_ui5_key":"reusablesview.manageresources.NewResourceUnitsap.m.Label{\"propertyName\":\"text\",\"key\":\"planningGroup\"}"}]}
RESULT: undefined
COMMAND: POST /session/f13a764c77baee3c52c4f0d7f7064bd2/element - {"using":"xpath","value":"//*[@id=\"__label32\"]"}
RESULT: {"using":"xpath","value":"//*[@id=\"__label32\"]"}
COMMAND: POST /session/f13a764c77baee3c52c4f0d7f7064bd2/element/f.054B8102AA40F5557A008067B4ABF8EF.d.997FEF975FB95636B2392075050BF384.e.666/click - {}
RESULT: {}
COMMAND: GET /session/f13a764c77baee3c52c4f0d7f7064bd2/screenshot - {}
RESULT: {}
COMMAND: POST /session/f13a764c77baee3c52c4f0d7f7064bd2/actions - {"actions":[{"type":"key","id":"keyboard","actions":[{"type":"keyDown","value":""}]}]}
RESULT: {"actions":[{"type":"key","id":"keyboard","actions":[{"type":"keyDown","value":""}]}]}
COMMAND: GET /session/f13a764c77baee3c52c4f0d7f7064bd2/screenshot - {}
RESULT: {}
COMMAND: POST /session/f13a764c77baee3c52c4f0d7f7064bd2/actions - {"actions":[{"type":"key","id":"keyboard","actions":[{"type":"keyDown","value":""}]}]}
RESULT: {"actions":[{"type":"key","id":"keyboard","actions":[{"type":"keyDown","value":""}]}]}
COMMAND: GET /session/f13a764c77baee3c52c4f0d7f7064bd2/screenshot - {}
RESULT: {}
COMMAND: POST /session/f13a764c77baee3c52c4f0d7f7064bd2/actions - {"actions":[{"type":"key","id":"keyboard","actions":[{"type":"keyDown","value":""}]}]}
RESULT: {"actions":[{"type":"key","id":"keyboard","actions":[{"type":"keyDown","value":""}]}]}
COMMAND: GET /session/f13a764c77baee3c52c4f0d7f7064bd2/screenshot - {}
RESULT: {}
COMMAND: POST /session/f13a764c77baee3c52c4f0d7f7064bd2/actions - {"actions":[{"type":"key","id":"keyboard","actions":[{"type":"keyDown","value":""}]}]}
RESULT: {"actions":[{"type":"key","id":"keyboard","actions":[{"type":"keyDown","value":""}]}]}
COMMAND: GET /session/f13a764c77baee3c52c4f0d7f7064bd2/screenshot - {}
RESULT: {}
COMMAND: POST /session/f13a764c77baee3c52c4f0d7f7064bd2/actions - {"actions":[{"type":"key","id":"keyboard","actions":[{"type":"keyDown","value":""}]}]}
RESULT: {"actions":[{"type":"key","id":"keyboard","actions":[{"type":"keyDown","value":""}]}]}
COMMAND: GET /session/f13a764c77baee3c52c4f0d7f7064bd2/screenshot - {}
RESULT: {}
COMMAND: POST /session/f13a764c77baee3c52c4f0d7f7064bd2/actions - {"actions":[{"type":"key","id":"keyboard","actions":[{"type":"keyDown","value":""}]}]}
RESULT: {"actions":[{"type":"key","id":"keyboard","actions":[{"type":"keyDown","value":""}]}]}
COMMAND: GET /session/f13a764c77baee3c52c4f0d7f7064bd2/screenshot - {}
RESULT: {}
COMMAND: POST /session/f13a764c77baee3c52c4f0d7f7064bd2/execute/async - {"script":"<script> [1562 bytes]","args":[{"selector":{"id":"application-manageresources-display-component---newResourceUnit--btnAddTimeSegment-img","properties":{"src":"sap-icon://add"}},"wdio_ui5_key":"applicationmanageresources-display-component---newResourceUnit--btnAddTimeSegment-img{\"src\":\"sap-icon://add\"}"}]}
RESULT: {"script":"<script> [1562 bytes]","args":[{"selector":{"id":"application-manageresources-display-component---newResourceUnit--btnAddTimeSegment-img","properties":{"src":"sap-icon://add"}},"wdio_ui5_key":"applicationmanageresources-display-component---newResourceUnit--btnAddTimeSegment-img{\"src\":\"sap-icon://add\"}"}]}
RESULT: undefined
COMMAND: POST /session/f13a764c77baee3c52c4f0d7f7064bd2/element - {"using":"xpath","value":"//*[@id=\"application-manageresources-display-component---newResourceUnit--btnAddTimeSegment-img\"]"}
RESULT: {"using":"xpath","value":"//*[@id=\"application-manageresources-display-component---newResourceUnit--btnAddTimeSegment-img\"]"}
COMMAND: POST /session/f13a764c77baee3c52c4f0d7f7064bd2/element/f.054B8102AA40F5557A008067B4ABF8EF.d.997FEF975FB95636B2392075050BF384.e.667/click - {}
RESULT: {}
COMMAND: GET /session/f13a764c77baee3c52c4f0d7f7064bd2/screenshot - {}
RESULT: {}
COMMAND: POST /session/f13a764c77baee3c52c4f0d7f7064bd2/execute/async - {"script":"<script> [1562 bytes]","args":[{"selector":{"controlType":"sap.m.Input","viewName":"reusables.view.manageresources.NewResourceUnit","viewId":"application-manageresources-display-component---newResourceUnit","bindingPath":{"path":"/RESOURCE_UNIT_IDS/0","propertyPath":"ID","modelName":"oNewRruModel"}},"wdio_ui5_key":"reusablesview.manageresources.NewResourceUnitsap.m.Input{\"path\":\"/RESOURCE_UNIT_IDS/0\",\"propertyPath\":\"ID\",\"modelName\":\"oNewRruModel\"}"}]}
RESULT: {"script":"<script> [1562 bytes]","args":[{"selector":{"controlType":"sap.m.Input","viewName":"reusables.view.manageresources.NewResourceUnit","viewId":"application-manageresources-display-component---newResourceUnit","bindingPath":{"path":"/RESOURCE_UNIT_IDS/0","propertyPath":"ID","modelName":"oNewRruModel"}},"wdio_ui5_key":"reusablesview.manageresources.NewResourceUnitsap.m.Input{\"path\":\"/RESOURCE_UNIT_IDS/0\",\"propertyPath\":\"ID\",\"modelName\":\"oNewRruModel\"}"}]}
RESULT: undefined
COMMAND: POST /session/f13a764c77baee3c52c4f0d7f7064bd2/execute/async - {"script":"<script> [1562 bytes]","args":[{"selector":{"id":"application-manageresources-display-component---newResourceUnit--idRuTSAdmin-application-manageresources-display-component---newResourceUnit--RUTimeSegment-0","interaction":{"idSuffix":"inner"}},"wdio_ui5_key":"applicationmanageresources-display-component---newResourceUnit--idRuTSAdmin-application-manageresources-display-component---newResourceUnit--RUTimeSegment-0"}]}
RESULT: {"script":"<script> [1562 bytes]","args":[{"selector":{"id":"application-manageresources-display-component---newResourceUnit--idRuTSAdmin-application-manageresources-display-component---newResourceUnit--RUTimeSegment-0","interaction":{"idSuffix":"inner"}},"wdio_ui5_key":"applicationmanageresources-display-component---newResourceUnit--idRuTSAdmin-application-manageresources-display-component---newResourceUnit--RUTimeSegment-0"}]}
RESULT: undefined
COMMAND: POST /session/f13a764c77baee3c52c4f0d7f7064bd2/execute/async - {"script":"<script> [776 bytes]","args":[{"enterText":"101 - Test","selector":{"id":"application-manageresources-display-component---newResourceUnit--idRuTSAdmin-application-manageresources-display-component---newResourceUnit--RUTimeSegment-0","interaction":{"idSuffix":"inner"}},"clearTextFirst":true,"interactionType":"ENTER_TEXT"}]}
RESULT: {"script":"<script> [776 bytes]","args":[{"enterText":"101 - Test","selector":{"id":"application-manageresources-display-component---newResourceUnit--idRuTSAdmin-application-manageresources-display-component---newResourceUnit--RUTimeSegment-0","interaction":{"idSuffix":"inner"}},"clearTextFirst":true,"interactionType":"ENTER_TEXT"}]}
COMMAND: POST /session/f13a764c77baee3c52c4f0d7f7064bd2/execute/async - {"script":"<script> [1562 bytes]","args":[{"selector":{"id":"application-manageresources-display-component---newResourceUnit--newRRUPage-anchBar-application-manageresources-display-component---newResourceUnit--resource-anchor","interaction":{"idSuffix":"BDI-content"}},"wdio_ui5_key":"applicationmanageresources-display-component---newResourceUnit--newRRUPage-anchBar-application-manageresources-display-component---newResourceUnit--resource-anchor"}]}
RESULT: {"script":"<script> [1562 bytes]","args":[{"selector":{"id":"application-manageresources-display-component---newResourceUnit--newRRUPage-anchBar-application-manageresources-display-component---newResourceUnit--resource-anchor","interaction":{"idSuffix":"BDI-content"}},"wdio_ui5_key":"applicationmanageresources-display-component---newResourceUnit--newRRUPage-anchBar-application-manageresources-display-component---newResourceUnit--resource-anchor"}]}
RESULT: undefined
COMMAND: POST /session/f13a764c77baee3c52c4f0d7f7064bd2/element - {"using":"xpath","value":"//*[@id=\"application-manageresources-display-component---newResourceUnit--newRRUPage-anchBar-application-manageresources-display-component---newResourceUnit--resource-anchor\"]"}
RESULT: {"using":"xpath","value":"//*[@id=\"application-manageresources-display-component---newResourceUnit--newRRUPage-anchBar-application-manageresources-display-component---newResourceUnit--resource-anchor\"]"}
COMMAND: POST /session/f13a764c77baee3c52c4f0d7f7064bd2/element/f.054B8102AA40F5557A008067B4ABF8EF.d.997FEF975FB95636B2392075050BF384.e.686/click - {}
RESULT: {}
COMMAND: POST /session/f13a764c77baee3c52c4f0d7f7064bd2/execute/async - {"script":"<script> [1562 bytes]","args":[{"selector":{"id":"application-manageresources-display-component---newResourceUnit--PLANNED_DELIVERY_DATE","interaction":{"idSuffix":"inner"}},"wdio_ui5_key":"applicationmanageresources-display-component---newResourceUnit--PLANNED_DELIVERY_DATE"}]}
COMMAND: GET /session/f13a764c77baee3c52c4f0d7f7064bd2/screenshot - {}
RESULT: {"script":"<script> [1562 bytes]","args":[{"selector":{"id":"application-manageresources-display-component---newResourceUnit--PLANNED_DELIVERY_DATE","interaction":{"idSuffix":"inner"}},"wdio_ui5_key":"applicationmanageresources-display-component---newResourceUnit--PLANNED_DELIVERY_DATE"}]}
RESULT: undefined
COMMAND: POST /session/f13a764c77baee3c52c4f0d7f7064bd2/execute/async - {"script":"<script> [776 bytes]","args":[{"enterText":"6/26/24","selector":{"id":"application-manageresources-display-component---newResourceUnit--PLANNED_DELIVERY_DATE","interaction":{"idSuffix":"inner"}},"clearTextFirst":true,"interactionType":"ENTER_TEXT"}]}
RESULT: {}
RESULT: {"script":"<script> [776 bytes]","args":[{"enterText":"6/26/24","selector":{"id":"application-manageresources-display-component---newResourceUnit--PLANNED_DELIVERY_DATE","interaction":{"idSuffix":"inner"}},"clearTextFirst":true,"interactionType":"ENTER_TEXT"}]}
COMMAND: POST /session/f13a764c77baee3c52c4f0d7f7064bd2/execute/async - {"script":"<script> [1562 bytes]","args":[{"selector":{"id":"application-manageresources-display-component---newResourceUnit--newRRUPage-anchBar-application-manageresources-display-component---newResourceUnit--identifiers-anchor"},"wdio_ui5_key":"applicationmanageresources-display-component---newResourceUnit--newRRUPage-anchBar-application-manageresources-display-component---newResourceUnit--identifiers-anchor"}]}
RESULT: {"script":"<script> [1562 bytes]","args":[{"selector":{"id":"application-manageresources-display-component---newResourceUnit--newRRUPage-anchBar-application-manageresources-display-component---newResourceUnit--identifiers-anchor"},"wdio_ui5_key":"applicationmanageresources-display-component---newResourceUnit--newRRUPage-anchBar-application-manageresources-display-component---newResourceUnit--identifiers-anchor"}]}
RESULT: undefined
COMMAND: POST /session/f13a764c77baee3c52c4f0d7f7064bd2/element - {"using":"xpath","value":"//*[@id=\"application-manageresources-display-component---newResourceUnit--newRRUPage-anchBar-application-manageresources-display-component---newResourceUnit--identifiers-anchor\"]"}
RESULT: {"using":"xpath","value":"//*[@id=\"application-manageresources-display-component---newResourceUnit--newRRUPage-anchBar-application-manageresources-display-component---newResourceUnit--identifiers-anchor\"]"}
COMMAND: POST /session/f13a764c77baee3c52c4f0d7f7064bd2/element/f.054B8102AA40F5557A008067B4ABF8EF.d.997FEF975FB95636B2392075050BF384.e.691/click - {}
RESULT: {}
COMMAND: GET /session/f13a764c77baee3c52c4f0d7f7064bd2/screenshot - {}
RESULT: {}
COMMAND: POST /session/f13a764c77baee3c52c4f0d7f7064bd2/execute/async - {"script":"<script> [1562 bytes]","args":[{"selector":{"id":"application-manageresources-display-component---newResourceUnit--btnAddIdentifier-img","properties":{"src":"sap-icon://add"}},"wdio_ui5_key":"applicationmanageresources-display-component---newResourceUnit--btnAddIdentifier-img{\"src\":\"sap-icon://add\"}"}]}
RESULT: {"script":"<script> [1562 bytes]","args":[{"selector":{"id":"application-manageresources-display-component---newResourceUnit--btnAddIdentifier-img","properties":{"src":"sap-icon://add"}},"wdio_ui5_key":"applicationmanageresources-display-component---newResourceUnit--btnAddIdentifier-img{\"src\":\"sap-icon://add\"}"}]}
RESULT: undefined
COMMAND: POST /session/f13a764c77baee3c52c4f0d7f7064bd2/element - {"using":"xpath","value":"//*[@id=\"application-manageresources-display-component---newResourceUnit--btnAddIdentifier-img\"]"}
RESULT: {"using":"xpath","value":"//*[@id=\"application-manageresources-display-component---newResourceUnit--btnAddIdentifier-img\"]"}
COMMAND: POST /session/f13a764c77baee3c52c4f0d7f7064bd2/element/f.054B8102AA40F5557A008067B4ABF8EF.d.997FEF975FB95636B2392075050BF384.e.695/click - {}
RESULT: {}
COMMAND: POST /session/f13a764c77baee3c52c4f0d7f7064bd2/execute/async - {"script":"<script> [1562 bytes]","args":[{"selector":{"id":"application-manageresources-display-component---newResourceUnit--idRuIdTypeSelect-application-manageresources-display-component---newResourceUnit--RUIdentifiers-0-arrow"},"wdio_ui5_key":"applicationmanageresources-display-component---newResourceUnit--idRuIdTypeSelect-application-manageresources-display-component---newResourceUnit--RUIdentifiers-0-arrow"}]}
COMMAND: GET /session/f13a764c77baee3c52c4f0d7f7064bd2/screenshot - {}
RESULT: {"script":"<script> [1562 bytes]","args":[{"selector":{"id":"application-manageresources-display-component---newResourceUnit--idRuIdTypeSelect-application-manageresources-display-component---newResourceUnit--RUIdentifiers-0-arrow"},"wdio_ui5_key":"applicationmanageresources-display-component---newResourceUnit--idRuIdTypeSelect-application-manageresources-display-component---newResourceUnit--RUIdentifiers-0-arrow"}]}
RESULT: undefined
COMMAND: POST /session/f13a764c77baee3c52c4f0d7f7064bd2/element - {"using":"xpath","value":"//*[@id=\"application-manageresources-display-component---newResourceUnit--idRuIdTypeSelect-application-manageresources-display-component---newResourceUnit--RUIdentifiers-0-arrow\"]"}
RESULT: {}
RESULT: {"using":"xpath","value":"//*[@id=\"application-manageresources-display-component---newResourceUnit--idRuIdTypeSelect-application-manageresources-display-component---newResourceUnit--RUIdentifiers-0-arrow\"]"}
COMMAND: POST /session/f13a764c77baee3c52c4f0d7f7064bd2/element/f.054B8102AA40F5557A008067B4ABF8EF.d.997FEF975FB95636B2392075050BF384.e.701/click - {}
RESULT: {}
COMMAND: POST /session/f13a764c77baee3c52c4f0d7f7064bd2/execute/async - {"script":"<script> [1562 bytes]","args":[{"selector":{"controlType":"sap.m.StandardListItem","viewName":"reusables.view.manageresources.NewResourceUnit","viewId":"application-manageresources-display-component---newResourceUnit","properties":{"title":"Barcode"},"searchOpenDialogs":true},"wdio_ui5_key":"reusablesview.manageresources.NewResourceUnitsap.m.StandardListItem{\"title\":\"Barcode\"}"}]}
COMMAND: GET /session/f13a764c77baee3c52c4f0d7f7064bd2/screenshot - {}
RESULT: {"script":"<script> [1562 bytes]","args":[{"selector":{"controlType":"sap.m.StandardListItem","viewName":"reusables.view.manageresources.NewResourceUnit","viewId":"application-manageresources-display-component---newResourceUnit","properties":{"title":"Barcode"},"searchOpenDialogs":true},"wdio_ui5_key":"reusablesview.manageresources.NewResourceUnitsap.m.StandardListItem{\"title\":\"Barcode\"}"}]}
RESULT: undefined
COMMAND: POST /session/f13a764c77baee3c52c4f0d7f7064bd2/element - {"using":"xpath","value":"//*[@id=\"__item380\"]"}
RESULT: {}
RESULT: {"using":"xpath","value":"//*[@id=\"__item380\"]"}
COMMAND: POST /session/f13a764c77baee3c52c4f0d7f7064bd2/element/f.054B8102AA40F5557A008067B4ABF8EF.d.997FEF975FB95636B2392075050BF384.e.702/click - {}
RESULT: {}
COMMAND: GET /session/f13a764c77baee3c52c4f0d7f7064bd2/screenshot - {}
RESULT: {}
COMMAND: POST /session/f13a764c77baee3c52c4f0d7f7064bd2/execute/async - {"script":"<script> [1562 bytes]","args":[{"selector":{"controlType":"sap.m.Input","viewName":"reusables.view.manageresources.NewResourceUnit","viewId":"application-manageresources-display-component---newResourceUnit","bindingPath":{"path":"/RESOURCE_UNIT_IDS/0","propertyPath":"ID","modelName":"oNewRruModel"},"properties":{"type":"Text"},"interaction":{"idSuffix":"inner"}},"wdio_ui5_key":"reusablesview.manageresources.NewResourceUnitsap.m.Input{\"path\":\"/RESOURCE_UNIT_IDS/0\",\"propertyPath\":\"ID\",\"modelName\":\"oNewRruModel\"}{\"type\":\"Text\"}"}]}
RESULT: {"script":"<script> [1562 bytes]","args":[{"selector":{"controlType":"sap.m.Input","viewName":"reusables.view.manageresources.NewResourceUnit","viewId":"application-manageresources-display-component---newResourceUnit","bindingPath":{"path":"/RESOURCE_UNIT_IDS/0","propertyPath":"ID","modelName":"oNewRruModel"},"properties":{"type":"Text"},"interaction":{"idSuffix":"inner"}},"wdio_ui5_key":"reusablesview.manageresources.NewResourceUnitsap.m.Input{\"path\":\"/RESOURCE_UNIT_IDS/0\",\"propertyPath\":\"ID\",\"modelName\":\"oNewRruModel\"}{\"type\":\"Text\"}"}]}
RESULT: undefined
COMMAND: POST /session/f13a764c77baee3c52c4f0d7f7064bd2/execute/async - {"script":"<script> [776 bytes]","args":[{"enterText":"wdi5_test","selector":{"controlType":"sap.m.Input","viewName":"reusables.view.manageresources.NewResourceUnit","viewId":"application-manageresources-display-component---newResourceUnit","bindingPath":{"path":"/RESOURCE_UNIT_IDS/0","propertyPath":"ID","modelName":"oNewRruModel"},"properties":{"type":"Text"},"interaction":{"idSuffix":"inner"}},"clearTextFirst":true,"interactionType":"ENTER_TEXT"}]}
RESULT: {"script":"<script> [776 bytes]","args":[{"enterText":"wdi5_test","selector":{"controlType":"sap.m.Input","viewName":"reusables.view.manageresources.NewResourceUnit","viewId":"application-manageresources-display-component---newResourceUnit","bindingPath":{"path":"/RESOURCE_UNIT_IDS/0","propertyPath":"ID","modelName":"oNewRruModel"},"properties":{"type":"Text"},"interaction":{"idSuffix":"inner"}},"clearTextFirst":true,"interactionType":"ENTER_TEXT"}]}
COMMAND: POST /session/f13a764c77baee3c52c4f0d7f7064bd2/element - {"using":"xpath","value":"//button[@title = 'Save' and @class = 'sapMBtnBase sapMBtn sapMBtnInverted sapMBarChild']"}
RESULT: {"using":"xpath","value":"//button[@title = 'Save' and @class = 'sapMBtnBase sapMBtn sapMBtnInverted sapMBarChild']"}
COMMAND: POST /session/f13a764c77baee3c52c4f0d7f7064bd2/element/f.054B8102AA40F5557A008067B4ABF8EF.d.997FEF975FB95636B2392075050BF384.e.507/click - {}
RESULT: {}
COMMAND: GET /session/f13a764c77baee3c52c4f0d7f7064bd2/screenshot - {}
RESULT: {}
COMMAND: POST /session/f13a764c77baee3c52c4f0d7f7064bd2/execute/async - {"script":"<script> [1562 bytes]","args":[{"selector":{"controlType":"sap.m.Button","properties":{"text":"Close"},"searchOpenDialogs":true,"interaction":{"idSuffix":"BDI-content"}},"wdio_ui5_key":"sapm.Button{\"text\":\"Close\"}"}]}
RESULT: {"script":"<script> [1562 bytes]","args":[{"selector":{"controlType":"sap.m.Button","properties":{"text":"Close"},"searchOpenDialogs":true,"interaction":{"idSuffix":"BDI-content"}},"wdio_ui5_key":"sapm.Button{\"text\":\"Close\"}"}]}
RESULT: undefined
COMMAND: POST /session/f13a764c77baee3c52c4f0d7f7064bd2/element - {"using":"xpath","value":"//*[@id=\"__mbox-btn-0\"]"}
RESULT: {"using":"xpath","value":"//*[@id=\"__mbox-btn-0\"]"}
COMMAND: POST /session/f13a764c77baee3c52c4f0d7f7064bd2/element/f.054B8102AA40F5557A008067B4ABF8EF.d.997FEF975FB95636B2392075050BF384.e.704/click - {}
RESULT: {}
COMMAND: GET /session/f13a764c77baee3c52c4f0d7f7064bd2/screenshot - {}
RESULT: {}
COMMAND: POST /session/f13a764c77baee3c52c4f0d7f7064bd2/element - {"using":"css selector","value":"#shell-header-logo"}
RESULT: {"using":"css selector","value":"#shell-header-logo"}
COMMAND: POST /session/f13a764c77baee3c52c4f0d7f7064bd2/element/f.054B8102AA40F5557A008067B4ABF8EF.d.997FEF975FB95636B2392075050BF384.e.132/click - {}
RESULT: {}
COMMAND: GET /session/f13a764c77baee3c52c4f0d7f7064bd2/screenshot - {}
RESULT: {}
]]></system-out>
    </testcase>
    <testcase classname="chrome.137_0_7151_69.windows.Create_and_verify_Order_without_Template_US127247" name="Should create ISC order" time="64.836">
      <system-out><![CDATA[
COMMAND: POST /session/f13a764c77baee3c52c4f0d7f7064bd2/execute/async - {"script":"<script> [1562 bytes]","args":[{"selector":{"controlType":"sap.m.GenericTile","properties":{"header":"ISC Orders"}},"wdio_ui5_key":"sapm.GenericTile{\"header\":\"ISC Orders\"}"}]}
RESULT: {"script":"<script> [1562 bytes]","args":[{"selector":{"controlType":"sap.m.GenericTile","properties":{"header":"ISC Orders"}},"wdio_ui5_key":"sapm.GenericTile{\"header\":\"ISC Orders\"}"}]}
RESULT: undefined
COMMAND: POST /session/f13a764c77baee3c52c4f0d7f7064bd2/element - {"using":"xpath","value":"//*[@id=\"__tile109\"]"}
RESULT: {"using":"xpath","value":"//*[@id=\"__tile109\"]"}
COMMAND: POST /session/f13a764c77baee3c52c4f0d7f7064bd2/element/f.054B8102AA40F5557A008067B4ABF8EF.d.997FEF975FB95636B2392075050BF384.e.722/click - {}
RESULT: {}
COMMAND: GET /session/f13a764c77baee3c52c4f0d7f7064bd2/screenshot - {}
RESULT: {}
COMMAND: POST /session/f13a764c77baee3c52c4f0d7f7064bd2/elements - {"using":"xpath","value":"//span[text()='Error']"}
RESULT: {"using":"xpath","value":"//span[text()='Error']"}
COMMAND: POST /session/f13a764c77baee3c52c4f0d7f7064bd2/execute/async - {"script":"<script> [1562 bytes]","args":[{"selector":{"id":"application-iscorders-display-component---orderList--addOrder-img"},"wdio_ui5_key":"applicationiscorders-display-component---orderList--addOrder-img"}]}
RESULT: {"script":"<script> [1562 bytes]","args":[{"selector":{"id":"application-iscorders-display-component---orderList--addOrder-img"},"wdio_ui5_key":"applicationiscorders-display-component---orderList--addOrder-img"}]}
RESULT: undefined
COMMAND: POST /session/f13a764c77baee3c52c4f0d7f7064bd2/element - {"using":"xpath","value":"//*[@id=\"application-iscorders-display-component---orderList--addOrder-img\"]"}
RESULT: {"using":"xpath","value":"//*[@id=\"application-iscorders-display-component---orderList--addOrder-img\"]"}
COMMAND: POST /session/f13a764c77baee3c52c4f0d7f7064bd2/element/f.054B8102AA40F5557A008067B4ABF8EF.d.997FEF975FB95636B2392075050BF384.e.771/click - {}
RESULT: {}
COMMAND: POST /session/f13a764c77baee3c52c4f0d7f7064bd2/execute/async - {"script":"<script> [1562 bytes]","args":[{"selector":{"id":"application-iscorders-display-component---createOrder--orderTitle"},"wdio_ui5_key":"applicationiscorders-display-component---createOrder--orderTitle"}]}
COMMAND: GET /session/f13a764c77baee3c52c4f0d7f7064bd2/screenshot - {}
RESULT: {}
RESULT: {"script":"<script> [1562 bytes]","args":[{"selector":{"id":"application-iscorders-display-component---createOrder--orderTitle"},"wdio_ui5_key":"applicationiscorders-display-component---createOrder--orderTitle"}]}
RESULT: undefined
COMMAND: POST /session/f13a764c77baee3c52c4f0d7f7064bd2/execute/async - {"script":"<script> [776 bytes]","args":[{"enterText":"WDI5_test","selector":{"id":"application-iscorders-display-component---createOrder--orderTitle"},"clearTextFirst":true,"interactionType":"ENTER_TEXT"}]}
RESULT: {"script":"<script> [776 bytes]","args":[{"enterText":"WDI5_test","selector":{"id":"application-iscorders-display-component---createOrder--orderTitle"},"clearTextFirst":true,"interactionType":"ENTER_TEXT"}]}
COMMAND: POST /session/f13a764c77baee3c52c4f0d7f7064bd2/execute/async - {"script":"<script> [1562 bytes]","args":[{"selector":{"id":"application-iscorders-display-component---createOrder--orderDesc"},"wdio_ui5_key":"applicationiscorders-display-component---createOrder--orderDesc"}]}
RESULT: {"script":"<script> [1562 bytes]","args":[{"selector":{"id":"application-iscorders-display-component---createOrder--orderDesc"},"wdio_ui5_key":"applicationiscorders-display-component---createOrder--orderDesc"}]}
RESULT: undefined
COMMAND: POST /session/f13a764c77baee3c52c4f0d7f7064bd2/execute/async - {"script":"<script> [776 bytes]","args":[{"enterText":"WDI5_test","selector":{"id":"application-iscorders-display-component---createOrder--orderDesc"},"clearTextFirst":true,"interactionType":"ENTER_TEXT"}]}
RESULT: {"script":"<script> [776 bytes]","args":[{"enterText":"WDI5_test","selector":{"id":"application-iscorders-display-component---createOrder--orderDesc"},"clearTextFirst":true,"interactionType":"ENTER_TEXT"}]}
COMMAND: POST /session/f13a764c77baee3c52c4f0d7f7064bd2/execute/async - {"script":"<script> [1562 bytes]","args":[{"selector":{"controlType":"sap.m.Title","viewName":"etm.portal.ui.iscorders.view.New","viewId":"application-iscorders-display-component---createOrder","i18NText":{"propertyName":"text","key":"orderDetail"},"interaction":{"idSuffix":"inner"}},"wdio_ui5_key":"etmportal.ui.iscorders.view.Newsap.m.Title{\"propertyName\":\"text\",\"key\":\"orderDetail\"}"}]}
RESULT: {"script":"<script> [1562 bytes]","args":[{"selector":{"controlType":"sap.m.Title","viewName":"etm.portal.ui.iscorders.view.New","viewId":"application-iscorders-display-component---createOrder","i18NText":{"propertyName":"text","key":"orderDetail"},"interaction":{"idSuffix":"inner"}},"wdio_ui5_key":"etmportal.ui.iscorders.view.Newsap.m.Title{\"propertyName\":\"text\",\"key\":\"orderDetail\"}"}]}
RESULT: undefined
COMMAND: POST /session/f13a764c77baee3c52c4f0d7f7064bd2/element - {"using":"xpath","value":"//*[@id=\"__title24\"]"}
RESULT: {"using":"xpath","value":"//*[@id=\"__title24\"]"}
COMMAND: POST /session/f13a764c77baee3c52c4f0d7f7064bd2/element/f.054B8102AA40F5557A008067B4ABF8EF.d.997FEF975FB95636B2392075050BF384.e.1285/click - {}
RESULT: {}
COMMAND: POST /session/f13a764c77baee3c52c4f0d7f7064bd2/actions - {"actions":[{"type":"key","id":"keyboard","actions":[{"type":"keyDown","value":""}]}]}
COMMAND: GET /session/f13a764c77baee3c52c4f0d7f7064bd2/screenshot - {}
RESULT: {"actions":[{"type":"key","id":"keyboard","actions":[{"type":"keyDown","value":""}]}]}
COMMAND: GET /session/f13a764c77baee3c52c4f0d7f7064bd2/screenshot - {}
RESULT: {}
RESULT: {}
COMMAND: POST /session/f13a764c77baee3c52c4f0d7f7064bd2/actions - {"actions":[{"type":"key","id":"keyboard","actions":[{"type":"keyDown","value":""}]}]}
RESULT: {"actions":[{"type":"key","id":"keyboard","actions":[{"type":"keyDown","value":""}]}]}
COMMAND: GET /session/f13a764c77baee3c52c4f0d7f7064bd2/screenshot - {}
RESULT: {}
COMMAND: POST /session/f13a764c77baee3c52c4f0d7f7064bd2/actions - {"actions":[{"type":"key","id":"keyboard","actions":[{"type":"keyDown","value":""}]}]}
RESULT: {"actions":[{"type":"key","id":"keyboard","actions":[{"type":"keyDown","value":""}]}]}
COMMAND: GET /session/f13a764c77baee3c52c4f0d7f7064bd2/screenshot - {}
RESULT: {}
COMMAND: POST /session/f13a764c77baee3c52c4f0d7f7064bd2/actions - {"actions":[{"type":"key","id":"keyboard","actions":[{"type":"keyDown","value":""}]}]}
RESULT: {"actions":[{"type":"key","id":"keyboard","actions":[{"type":"keyDown","value":""}]}]}
COMMAND: GET /session/f13a764c77baee3c52c4f0d7f7064bd2/screenshot - {}
RESULT: {}
COMMAND: POST /session/f13a764c77baee3c52c4f0d7f7064bd2/actions - {"actions":[{"type":"key","id":"keyboard","actions":[{"type":"keyDown","value":""}]}]}
RESULT: {"actions":[{"type":"key","id":"keyboard","actions":[{"type":"keyDown","value":""}]}]}
COMMAND: GET /session/f13a764c77baee3c52c4f0d7f7064bd2/screenshot - {}
RESULT: {}
COMMAND: POST /session/f13a764c77baee3c52c4f0d7f7064bd2/actions - {"actions":[{"type":"key","id":"keyboard","actions":[{"type":"keyDown","value":""}]}]}
RESULT: {"actions":[{"type":"key","id":"keyboard","actions":[{"type":"keyDown","value":""}]}]}
COMMAND: GET /session/f13a764c77baee3c52c4f0d7f7064bd2/screenshot - {}
RESULT: {}
COMMAND: POST /session/f13a764c77baee3c52c4f0d7f7064bd2/execute/async - {"script":"<script> [1562 bytes]","args":[{"selector":{"id":"application-iscorders-display-component---createOrder--resourceValue-vhi"},"wdio_ui5_key":"applicationiscorders-display-component---createOrder--resourceValue-vhi"}]}
RESULT: {"script":"<script> [1562 bytes]","args":[{"selector":{"id":"application-iscorders-display-component---createOrder--resourceValue-vhi"},"wdio_ui5_key":"applicationiscorders-display-component---createOrder--resourceValue-vhi"}]}
RESULT: undefined
COMMAND: POST /session/f13a764c77baee3c52c4f0d7f7064bd2/element - {"using":"xpath","value":"//*[@id=\"application-iscorders-display-component---createOrder--resourceValue-vhi\"]"}
RESULT: {"using":"xpath","value":"//*[@id=\"application-iscorders-display-component---createOrder--resourceValue-vhi\"]"}
COMMAND: POST /session/f13a764c77baee3c52c4f0d7f7064bd2/element/f.054B8102AA40F5557A008067B4ABF8EF.d.997FEF975FB95636B2392075050BF384.e.1302/click - {}
RESULT: {}
COMMAND: POST /session/f13a764c77baee3c52c4f0d7f7064bd2/element - {"using":"xpath","value":"//input[contains(@id ,\"application-iscorders-display-component---createOrder--resourceValue-valueHelpDialog-smartFilterBar-btnBasicSearch-I\")]"}
COMMAND: GET /session/f13a764c77baee3c52c4f0d7f7064bd2/screenshot - {}
RESULT: {"using":"xpath","value":"//input[contains(@id ,\"application-iscorders-display-component---createOrder--resourceValue-valueHelpDialog-smartFilterBar-btnBasicSearch-I\")]"}
COMMAND: POST /session/f13a764c77baee3c52c4f0d7f7064bd2/element/f.054B8102AA40F5557A008067B4ABF8EF.d.997FEF975FB95636B2392075050BF384.e.1305/clear - {}
RESULT: {}
RESULT: {}
COMMAND: POST /session/f13a764c77baee3c52c4f0d7f7064bd2/element/f.054B8102AA40F5557A008067B4ABF8EF.d.997FEF975FB95636B2392075050BF384.e.1305/value - {"text":"wdi5-1749918925868"}
COMMAND: GET /session/f13a764c77baee3c52c4f0d7f7064bd2/screenshot - {}
RESULT: {"text":"wdi5-1749918925868"}
COMMAND: GET /session/f13a764c77baee3c52c4f0d7f7064bd2/screenshot - {}
RESULT: {}
RESULT: {}
COMMAND: POST /session/f13a764c77baee3c52c4f0d7f7064bd2/actions - {"actions":[{"id":"action1","type":"key","parameters":{},"actions":[{"type":"keyDown","value":""},{"type":"pause","duration":10},{"type":"keyUp","value":""}]}]}
RESULT: {"actions":[{"id":"action1","type":"key","parameters":{},"actions":[{"type":"keyDown","value":""},{"type":"pause","duration":10},{"type":"keyUp","value":""}]}]}
COMMAND: GET /session/f13a764c77baee3c52c4f0d7f7064bd2/screenshot - {}
RESULT: {}
COMMAND: POST /session/f13a764c77baee3c52c4f0d7f7064bd2/execute/async - {"script":"<script> [1562 bytes]","args":[{"selector":{"controlType":"sap.ui.table.Row","viewName":"etm.portal.ui.iscorders.view.New","viewId":"application-iscorders-display-component---createOrder","searchOpenDialogs":true,"descendant":{"controlType":"sap.m.Text","viewName":"etm.portal.ui.iscorders.view.New","viewId":"application-iscorders-display-component---createOrder","bindingPath":{"path":"/IscResourceUnits('wdi5-1749918925868')","propertyPath":"ID"},"searchOpenDialogs":true},"interaction":{"idSuffix":"col0"}},"wdio_ui5_key":"etmportal.ui.iscorders.view.Newsap.ui.table.Row{\"controlType\":\"sap.m.Text\",\"viewName\":\"etm.portal.ui.iscorders.view.New\",\"viewId\":\"application-iscorders-display-component---createOrder\",\"bindingPath\":{\"path\":\"/IscResourceUnits('wdi5-1749918925868')\",\"propertyPath\":\"ID\"},\"searchOpenDialogs\":true}"}]}
RESULT: {"script":"<script> [1562 bytes]","args":[{"selector":{"controlType":"sap.ui.table.Row","viewName":"etm.portal.ui.iscorders.view.New","viewId":"application-iscorders-display-component---createOrder","searchOpenDialogs":true,"descendant":{"controlType":"sap.m.Text","viewName":"etm.portal.ui.iscorders.view.New","viewId":"application-iscorders-display-component---createOrder","bindingPath":{"path":"/IscResourceUnits('wdi5-1749918925868')","propertyPath":"ID"},"searchOpenDialogs":true},"interaction":{"idSuffix":"col0"}},"wdio_ui5_key":"etmportal.ui.iscorders.view.Newsap.ui.table.Row{\"controlType\":\"sap.m.Text\",\"viewName\":\"etm.portal.ui.iscorders.view.New\",\"viewId\":\"application-iscorders-display-component---createOrder\",\"bindingPath\":{\"path\":\"/IscResourceUnits('wdi5-1749918925868')\",\"propertyPath\":\"ID\"},\"searchOpenDialogs\":true}"}]}
RESULT: undefined
COMMAND: POST /session/f13a764c77baee3c52c4f0d7f7064bd2/element - {"using":"xpath","value":"//*[@id=\"application-iscorders-display-component---createOrder--resourceValue-valueHelpDialog-innerTable-rows-row0\"]"}
RESULT: {"using":"xpath","value":"//*[@id=\"application-iscorders-display-component---createOrder--resourceValue-valueHelpDialog-innerTable-rows-row0\"]"}
COMMAND: POST /session/f13a764c77baee3c52c4f0d7f7064bd2/element/f.054B8102AA40F5557A008067B4ABF8EF.d.997FEF975FB95636B2392075050BF384.e.1332/click - {}
RESULT: {}
COMMAND: POST /session/f13a764c77baee3c52c4f0d7f7064bd2/execute/async - {"script":"<script> [1562 bytes]","args":[{"selector":{"controlType":"sap.m.Button","viewName":"etm.portal.ui.iscorders.view.New","viewId":"application-iscorders-display-component---createOrder","properties":{"text":"Scheduling"}},"wdio_ui5_key":"etmportal.ui.iscorders.view.Newsap.m.Button{\"text\":\"Scheduling\"}"}]}
COMMAND: GET /session/f13a764c77baee3c52c4f0d7f7064bd2/screenshot - {}
RESULT: {"script":"<script> [1562 bytes]","args":[{"selector":{"controlType":"sap.m.Button","viewName":"etm.portal.ui.iscorders.view.New","viewId":"application-iscorders-display-component---createOrder","properties":{"text":"Scheduling"}},"wdio_ui5_key":"etmportal.ui.iscorders.view.Newsap.m.Button{\"text\":\"Scheduling\"}"}]}
RESULT: undefined
COMMAND: POST /session/f13a764c77baee3c52c4f0d7f7064bd2/element - {"using":"xpath","value":"//*[@id=\"application-iscorders-display-component---createOrder--newOrderObjectPageLayout-anchBar-application-iscorders-display-component---createOrder--templateUnitSection-anchor\"]"}
RESULT: {}
RESULT: {"using":"xpath","value":"//*[@id=\"application-iscorders-display-component---createOrder--newOrderObjectPageLayout-anchBar-application-iscorders-display-component---createOrder--templateUnitSection-anchor\"]"}
COMMAND: POST /session/f13a764c77baee3c52c4f0d7f7064bd2/element/f.054B8102AA40F5557A008067B4ABF8EF.d.997FEF975FB95636B2392075050BF384.e.1343/click - {}
RESULT: {}
COMMAND: POST /session/f13a764c77baee3c52c4f0d7f7064bd2/execute/async - {"script":"<script> [1562 bytes]","args":[{"selector":{"id":"application-iscorders-display-component---createOrder--durationDimension-arrow"},"wdio_ui5_key":"applicationiscorders-display-component---createOrder--durationDimension-arrow"}]}
COMMAND: GET /session/f13a764c77baee3c52c4f0d7f7064bd2/screenshot - {}
RESULT: {"script":"<script> [1562 bytes]","args":[{"selector":{"id":"application-iscorders-display-component---createOrder--durationDimension-arrow"},"wdio_ui5_key":"applicationiscorders-display-component---createOrder--durationDimension-arrow"}]}
RESULT: undefined
COMMAND: POST /session/f13a764c77baee3c52c4f0d7f7064bd2/element - {"using":"xpath","value":"//*[@id=\"application-iscorders-display-component---createOrder--durationDimension-arrow\"]"}
RESULT: {}
RESULT: {"using":"xpath","value":"//*[@id=\"application-iscorders-display-component---createOrder--durationDimension-arrow\"]"}
COMMAND: POST /session/f13a764c77baee3c52c4f0d7f7064bd2/element/f.054B8102AA40F5557A008067B4ABF8EF.d.997FEF975FB95636B2392075050BF384.e.1347/click - {}
RESULT: {}
COMMAND: POST /session/f13a764c77baee3c52c4f0d7f7064bd2/execute/async - {"script":"<script> [1562 bytes]","args":[{"selector":{"controlType":"sap.m.StandardListItem","viewName":"etm.portal.ui.iscorders.view.New","viewId":"application-iscorders-display-component---createOrder","properties":{"title":"Hours"},"searchOpenDialogs":true},"wdio_ui5_key":"etmportal.ui.iscorders.view.Newsap.m.StandardListItem{\"title\":\"Hours\"}"}]}
COMMAND: GET /session/f13a764c77baee3c52c4f0d7f7064bd2/screenshot - {}
RESULT: {"script":"<script> [1562 bytes]","args":[{"selector":{"controlType":"sap.m.StandardListItem","viewName":"etm.portal.ui.iscorders.view.New","viewId":"application-iscorders-display-component---createOrder","properties":{"title":"Hours"},"searchOpenDialogs":true},"wdio_ui5_key":"etmportal.ui.iscorders.view.Newsap.m.StandardListItem{\"title\":\"Hours\"}"}]}
RESULT: undefined
COMMAND: POST /session/f13a764c77baee3c52c4f0d7f7064bd2/element - {"using":"xpath","value":"//*[@id=\"__item515\"]"}
RESULT: {}
RESULT: {"using":"xpath","value":"//*[@id=\"__item515\"]"}
COMMAND: POST /session/f13a764c77baee3c52c4f0d7f7064bd2/element/f.054B8102AA40F5557A008067B4ABF8EF.d.997FEF975FB95636B2392075050BF384.e.1348/click - {}
RESULT: {}
COMMAND: POST /session/f13a764c77baee3c52c4f0d7f7064bd2/execute/async - {"script":"<script> [1562 bytes]","args":[{"selector":{"id":"application-iscorders-display-component---createOrder--saveOrderButton"},"wdio_ui5_key":"applicationiscorders-display-component---createOrder--saveOrderButton"}]}
COMMAND: GET /session/f13a764c77baee3c52c4f0d7f7064bd2/screenshot - {}
RESULT: {"script":"<script> [1562 bytes]","args":[{"selector":{"id":"application-iscorders-display-component---createOrder--saveOrderButton"},"wdio_ui5_key":"applicationiscorders-display-component---createOrder--saveOrderButton"}]}
RESULT: undefined
COMMAND: POST /session/f13a764c77baee3c52c4f0d7f7064bd2/element - {"using":"xpath","value":"//*[@id=\"application-iscorders-display-component---createOrder--saveOrderButton\"]"}
RESULT: {}
RESULT: {"using":"xpath","value":"//*[@id=\"application-iscorders-display-component---createOrder--saveOrderButton\"]"}
COMMAND: POST /session/f13a764c77baee3c52c4f0d7f7064bd2/element/f.054B8102AA40F5557A008067B4ABF8EF.d.997FEF975FB95636B2392075050BF384.e.1276/click - {}
RESULT: {}
COMMAND: GET /session/f13a764c77baee3c52c4f0d7f7064bd2/screenshot - {}
RESULT: {}
COMMAND: POST /session/f13a764c77baee3c52c4f0d7f7064bd2/execute/async - {"script":"<script> [1562 bytes]","args":[{"selector":{"controlType":"sap.m.Link","viewName":"reusables.view.ISC.Orders.Detail","viewId":"application-iscorders-display-component---displayOrder","bindingPath":{"propertyPath":"RESOURCE_UNIT","modelName":"catalogModel"}},"wdio_ui5_key":"reusablesview.ISC.Orders.Detailsap.m.Link{\"propertyPath\":\"RESOURCE_UNIT\",\"modelName\":\"catalogModel\"}"}]}
RESULT: {"script":"<script> [1562 bytes]","args":[{"selector":{"controlType":"sap.m.Link","viewName":"reusables.view.ISC.Orders.Detail","viewId":"application-iscorders-display-component---displayOrder","bindingPath":{"propertyPath":"RESOURCE_UNIT","modelName":"catalogModel"}},"wdio_ui5_key":"reusablesview.ISC.Orders.Detailsap.m.Link{\"propertyPath\":\"RESOURCE_UNIT\",\"modelName\":\"catalogModel\"}"}]}
RESULT: undefined
COMMAND: POST /session/f13a764c77baee3c52c4f0d7f7064bd2/execute/async - {"script":"<script> [6424 bytes]","args":[{"element-6066-11e4-a52e-4f735466cecf":"f.054B8102AA40F5557A008067B4ABF8EF.d.997FEF975FB95636B2392075050BF384.e.1380"},"getText",[]]}
RESULT: {"script":"<script> [6424 bytes]","args":[{"element-6066-11e4-a52e-4f735466cecf":"f.054B8102AA40F5557A008067B4ABF8EF.d.997FEF975FB95636B2392075050BF384.e.1380"},"getText",[]]}
]]></system-out>
    </testcase>
    <testcase classname="chrome.137_0_7151_69.windows.Create_and_verify_Order_without_Template_US127247" name="Should edit and verify Order without Template" time="60.462">
      <system-out><![CDATA[
COMMAND: POST /session/f13a764c77baee3c52c4f0d7f7064bd2/execute/async - {"script":"<script> [1562 bytes]","args":[{"selector":{"id":"application-iscorders-display-component---displayOrder--editOrderButton","interaction":{"idSuffix":"BDI-content"}},"wdio_ui5_key":"applicationiscorders-display-component---displayOrder--editOrderButton"}]}
RESULT: {"script":"<script> [1562 bytes]","args":[{"selector":{"id":"application-iscorders-display-component---displayOrder--editOrderButton","interaction":{"idSuffix":"BDI-content"}},"wdio_ui5_key":"applicationiscorders-display-component---displayOrder--editOrderButton"}]}
RESULT: undefined
COMMAND: POST /session/f13a764c77baee3c52c4f0d7f7064bd2/element - {"using":"xpath","value":"//*[@id=\"application-iscorders-display-component---displayOrder--editOrderButton\"]"}
RESULT: {"using":"xpath","value":"//*[@id=\"application-iscorders-display-component---displayOrder--editOrderButton\"]"}
COMMAND: POST /session/f13a764c77baee3c52c4f0d7f7064bd2/element/f.054B8102AA40F5557A008067B4ABF8EF.d.997FEF975FB95636B2392075050BF384.e.1382/click - {}
RESULT: {}
COMMAND: POST /session/f13a764c77baee3c52c4f0d7f7064bd2/execute/async - {"script":"<script> [1562 bytes]","args":[{"selector":{"id":"application-iscorders-display-component---editOrder--tagInput","interaction":{"idSuffix":"inner"}},"wdio_ui5_key":"applicationiscorders-display-component---editOrder--tagInput"}]}
COMMAND: GET /session/f13a764c77baee3c52c4f0d7f7064bd2/screenshot - {}
RESULT: {"script":"<script> [1562 bytes]","args":[{"selector":{"id":"application-iscorders-display-component---editOrder--tagInput","interaction":{"idSuffix":"inner"}},"wdio_ui5_key":"applicationiscorders-display-component---editOrder--tagInput"}]}
RESULT: undefined
COMMAND: POST /session/f13a764c77baee3c52c4f0d7f7064bd2/execute/async - {"script":"<script> [776 bytes]","args":[{"enterText":"test-tag-1","selector":{"id":"application-iscorders-display-component---editOrder--tagInput","interaction":{"idSuffix":"inner"}},"clearTextFirst":true,"interactionType":"ENTER_TEXT"}]}
RESULT: {}
RESULT: {"script":"<script> [776 bytes]","args":[{"enterText":"test-tag-1","selector":{"id":"application-iscorders-display-component---editOrder--tagInput","interaction":{"idSuffix":"inner"}},"clearTextFirst":true,"interactionType":"ENTER_TEXT"}]}
COMMAND: POST /session/f13a764c77baee3c52c4f0d7f7064bd2/actions - {"actions":[{"id":"action2","type":"key","parameters":{},"actions":[{"type":"keyDown","value":""},{"type":"pause","duration":10},{"type":"keyUp","value":""}]}]}
RESULT: {"actions":[{"id":"action2","type":"key","parameters":{},"actions":[{"type":"keyDown","value":""},{"type":"pause","duration":10},{"type":"keyUp","value":""}]}]}
COMMAND: POST /session/f13a764c77baee3c52c4f0d7f7064bd2/execute/async - {"script":"<script> [1562 bytes]","args":[{"selector":{"id":"application-iscorders-display-component---editOrder--ObjectPageLayout-anchBar-application-iscorders-display-component---editOrder--templateUnitSection-anchor","interaction":{"idSuffix":"BDI-content"}},"wdio_ui5_key":"applicationiscorders-display-component---editOrder--ObjectPageLayout-anchBar-application-iscorders-display-component---editOrder--templateUnitSection-anchor"}]}
COMMAND: GET /session/f13a764c77baee3c52c4f0d7f7064bd2/screenshot - {}
RESULT: {"script":"<script> [1562 bytes]","args":[{"selector":{"id":"application-iscorders-display-component---editOrder--ObjectPageLayout-anchBar-application-iscorders-display-component---editOrder--templateUnitSection-anchor","interaction":{"idSuffix":"BDI-content"}},"wdio_ui5_key":"applicationiscorders-display-component---editOrder--ObjectPageLayout-anchBar-application-iscorders-display-component---editOrder--templateUnitSection-anchor"}]}
RESULT: undefined
COMMAND: POST /session/f13a764c77baee3c52c4f0d7f7064bd2/element - {"using":"xpath","value":"//*[@id=\"application-iscorders-display-component---editOrder--ObjectPageLayout-anchBar-application-iscorders-display-component---editOrder--templateUnitSection-anchor\"]"}
RESULT: {}
RESULT: {"using":"xpath","value":"//*[@id=\"application-iscorders-display-component---editOrder--ObjectPageLayout-anchBar-application-iscorders-display-component---editOrder--templateUnitSection-anchor\"]"}
COMMAND: POST /session/f13a764c77baee3c52c4f0d7f7064bd2/element/f.054B8102AA40F5557A008067B4ABF8EF.d.997FEF975FB95636B2392075050BF384.e.1474/click - {}
RESULT: {}
COMMAND: POST /session/f13a764c77baee3c52c4f0d7f7064bd2/execute/async - {"script":"<script> [1562 bytes]","args":[{"selector":{"id":"application-iscorders-display-component---editOrder--durationDimension-arrow"},"wdio_ui5_key":"applicationiscorders-display-component---editOrder--durationDimension-arrow"}]}
COMMAND: GET /session/f13a764c77baee3c52c4f0d7f7064bd2/screenshot - {}
RESULT: {"script":"<script> [1562 bytes]","args":[{"selector":{"id":"application-iscorders-display-component---editOrder--durationDimension-arrow"},"wdio_ui5_key":"applicationiscorders-display-component---editOrder--durationDimension-arrow"}]}
RESULT: undefined
COMMAND: POST /session/f13a764c77baee3c52c4f0d7f7064bd2/element - {"using":"xpath","value":"//*[@id=\"application-iscorders-display-component---editOrder--durationDimension-arrow\"]"}
RESULT: {}
RESULT: {"using":"xpath","value":"//*[@id=\"application-iscorders-display-component---editOrder--durationDimension-arrow\"]"}
COMMAND: POST /session/f13a764c77baee3c52c4f0d7f7064bd2/element/f.054B8102AA40F5557A008067B4ABF8EF.d.997FEF975FB95636B2392075050BF384.e.1480/click - {}
RESULT: {}
COMMAND: POST /session/f13a764c77baee3c52c4f0d7f7064bd2/execute/async - {"script":"<script> [1562 bytes]","args":[{"selector":{"controlType":"sap.m.StandardListItem","properties":{"title":"Days"},"searchOpenDialogs":true},"wdio_ui5_key":"sapm.StandardListItem{\"title\":\"Days\"}"}]}
COMMAND: GET /session/f13a764c77baee3c52c4f0d7f7064bd2/screenshot - {}
RESULT: {"script":"<script> [1562 bytes]","args":[{"selector":{"controlType":"sap.m.StandardListItem","properties":{"title":"Days"},"searchOpenDialogs":true},"wdio_ui5_key":"sapm.StandardListItem{\"title\":\"Days\"}"}]}
RESULT: undefined
COMMAND: POST /session/f13a764c77baee3c52c4f0d7f7064bd2/element - {"using":"xpath","value":"//*[@id=\"__item618\"]"}
RESULT: {}
RESULT: {"using":"xpath","value":"//*[@id=\"__item618\"]"}
COMMAND: POST /session/f13a764c77baee3c52c4f0d7f7064bd2/element/f.054B8102AA40F5557A008067B4ABF8EF.d.997FEF975FB95636B2392075050BF384.e.1483/click - {}
RESULT: {}
COMMAND: POST /session/f13a764c77baee3c52c4f0d7f7064bd2/execute/async - {"script":"<script> [1562 bytes]","args":[{"selector":{"id":"application-iscorders-display-component---editOrder--reminderDimension-arrow"},"wdio_ui5_key":"applicationiscorders-display-component---editOrder--reminderDimension-arrow"}]}
COMMAND: GET /session/f13a764c77baee3c52c4f0d7f7064bd2/screenshot - {}
RESULT: {"script":"<script> [1562 bytes]","args":[{"selector":{"id":"application-iscorders-display-component---editOrder--reminderDimension-arrow"},"wdio_ui5_key":"applicationiscorders-display-component---editOrder--reminderDimension-arrow"}]}
RESULT: undefined
COMMAND: POST /session/f13a764c77baee3c52c4f0d7f7064bd2/element - {"using":"xpath","value":"//*[@id=\"application-iscorders-display-component---editOrder--reminderDimension-arrow\"]"}
RESULT: {}
RESULT: {"using":"xpath","value":"//*[@id=\"application-iscorders-display-component---editOrder--reminderDimension-arrow\"]"}
COMMAND: POST /session/f13a764c77baee3c52c4f0d7f7064bd2/element/f.054B8102AA40F5557A008067B4ABF8EF.d.997FEF975FB95636B2392075050BF384.e.1484/click - {}
RESULT: {}
COMMAND: POST /session/f13a764c77baee3c52c4f0d7f7064bd2/execute/async - {"script":"<script> [1562 bytes]","args":[{"selector":{"controlType":"sap.m.StandardListItem","properties":{"title":"Weeks"},"searchOpenDialogs":true},"wdio_ui5_key":"sapm.StandardListItem{\"title\":\"Weeks\"}"}]}
COMMAND: GET /session/f13a764c77baee3c52c4f0d7f7064bd2/screenshot - {}
RESULT: {"script":"<script> [1562 bytes]","args":[{"selector":{"controlType":"sap.m.StandardListItem","properties":{"title":"Weeks"},"searchOpenDialogs":true},"wdio_ui5_key":"sapm.StandardListItem{\"title\":\"Weeks\"}"}]}
RESULT: undefined
COMMAND: POST /session/f13a764c77baee3c52c4f0d7f7064bd2/element - {"using":"xpath","value":"//*[@id=\"__item620\"]"}
RESULT: {}
RESULT: {"using":"xpath","value":"//*[@id=\"__item620\"]"}
COMMAND: POST /session/f13a764c77baee3c52c4f0d7f7064bd2/element/f.054B8102AA40F5557A008067B4ABF8EF.d.997FEF975FB95636B2392075050BF384.e.1485/click - {}
RESULT: {}
COMMAND: POST /session/f13a764c77baee3c52c4f0d7f7064bd2/execute/async - {"script":"<script> [1562 bytes]","args":[{"selector":{"id":"application-iscorders-display-component---editOrder--remindersInput","interaction":{"idSuffix":"inner"}},"wdio_ui5_key":"applicationiscorders-display-component---editOrder--remindersInput"}]}
COMMAND: GET /session/f13a764c77baee3c52c4f0d7f7064bd2/screenshot - {}
RESULT: {"script":"<script> [1562 bytes]","args":[{"selector":{"id":"application-iscorders-display-component---editOrder--remindersInput","interaction":{"idSuffix":"inner"}},"wdio_ui5_key":"applicationiscorders-display-component---editOrder--remindersInput"}]}
RESULT: undefined
COMMAND: POST /session/f13a764c77baee3c52c4f0d7f7064bd2/execute/async - {"script":"<script> [776 bytes]","args":[{"enterText":"1","selector":{"id":"application-iscorders-display-component---editOrder--remindersInput","interaction":{"idSuffix":"inner"}},"clearTextFirst":true,"interactionType":"ENTER_TEXT"}]}
RESULT: {}
RESULT: {"script":"<script> [776 bytes]","args":[{"enterText":"1","selector":{"id":"application-iscorders-display-component---editOrder--remindersInput","interaction":{"idSuffix":"inner"}},"clearTextFirst":true,"interactionType":"ENTER_TEXT"}]}
COMMAND: POST /session/f13a764c77baee3c52c4f0d7f7064bd2/execute/async - {"script":"<script> [1562 bytes]","args":[{"selector":{"id":"application-iscorders-display-component---editOrder--ObjectPageLayout-anchBar-application-iscorders-display-component---editOrder--personsUnitSection-anchor","interaction":{"idSuffix":"BDI-content"}},"wdio_ui5_key":"applicationiscorders-display-component---editOrder--ObjectPageLayout-anchBar-application-iscorders-display-component---editOrder--personsUnitSection-anchor"}]}
RESULT: {"script":"<script> [1562 bytes]","args":[{"selector":{"id":"application-iscorders-display-component---editOrder--ObjectPageLayout-anchBar-application-iscorders-display-component---editOrder--personsUnitSection-anchor","interaction":{"idSuffix":"BDI-content"}},"wdio_ui5_key":"applicationiscorders-display-component---editOrder--ObjectPageLayout-anchBar-application-iscorders-display-component---editOrder--personsUnitSection-anchor"}]}
RESULT: undefined
COMMAND: POST /session/f13a764c77baee3c52c4f0d7f7064bd2/element - {"using":"xpath","value":"//*[@id=\"application-iscorders-display-component---editOrder--ObjectPageLayout-anchBar-application-iscorders-display-component---editOrder--personsUnitSection-anchor\"]"}
RESULT: {"using":"xpath","value":"//*[@id=\"application-iscorders-display-component---editOrder--ObjectPageLayout-anchBar-application-iscorders-display-component---editOrder--personsUnitSection-anchor\"]"}
COMMAND: POST /session/f13a764c77baee3c52c4f0d7f7064bd2/element/f.054B8102AA40F5557A008067B4ABF8EF.d.997FEF975FB95636B2392075050BF384.e.1488/click - {}
RESULT: {}
COMMAND: POST /session/f13a764c77baee3c52c4f0d7f7064bd2/execute/async - {"script":"<script> [1562 bytes]","args":[{"selector":{"controlType":"sap.ui.core.Icon","viewName":"reusables.view.ISC.Orders.Edit","viewId":"application-iscorders-display-component---editOrder","properties":{"src":{"regex":{"source":"add"}}},"ancestor":{"controlType":"sap.m.OverflowToolbarButton","viewName":"reusables.view.ISC.Orders.Edit","viewId":"application-iscorders-display-component---editOrder","properties":{"icon":"sap-icon://add"}}},"wdio_ui5_key":"reusablesview.ISC.Orders.Editsap.ui.core.Icon{\"src\":{\"regex\":{\"source\":\"add\"}}}{\"controlType\":\"sap.m.OverflowToolbarButton\",\"viewName\":\"reusables.view.ISC.Orders.Edit\",\"viewId\":\"application-iscorders-display-component---editOrder\",\"properties\":{\"icon\":\"sap-icon://add\"}}"}]}
COMMAND: GET /session/f13a764c77baee3c52c4f0d7f7064bd2/screenshot - {}
RESULT: {"script":"<script> [1562 bytes]","args":[{"selector":{"controlType":"sap.ui.core.Icon","viewName":"reusables.view.ISC.Orders.Edit","viewId":"application-iscorders-display-component---editOrder","properties":{"src":{"regex":{"source":"add"}}},"ancestor":{"controlType":"sap.m.OverflowToolbarButton","viewName":"reusables.view.ISC.Orders.Edit","viewId":"application-iscorders-display-component---editOrder","properties":{"icon":"sap-icon://add"}}},"wdio_ui5_key":"reusablesview.ISC.Orders.Editsap.ui.core.Icon{\"src\":{\"regex\":{\"source\":\"add\"}}}{\"controlType\":\"sap.m.OverflowToolbarButton\",\"viewName\":\"reusables.view.ISC.Orders.Edit\",\"viewId\":\"application-iscorders-display-component---editOrder\",\"properties\":{\"icon\":\"sap-icon://add\"}}"}]}
RESULT: undefined
COMMAND: POST /session/f13a764c77baee3c52c4f0d7f7064bd2/element - {"using":"xpath","value":"//*[@id=\"__button157-img\"]"}
RESULT: {}
RESULT: {"using":"xpath","value":"//*[@id=\"__button157-img\"]"}
COMMAND: POST /session/f13a764c77baee3c52c4f0d7f7064bd2/element/f.054B8102AA40F5557A008067B4ABF8EF.d.997FEF975FB95636B2392075050BF384.e.1492/click - {}
RESULT: {}
COMMAND: POST /session/f13a764c77baee3c52c4f0d7f7064bd2/execute/async - {"script":"<script> [1562 bytes]","args":[{"selector":{"controlType":"sap.m.SearchField","searchOpenDialogs":true,"interaction":{"idSuffix":"I"}},"wdio_ui5_key":"sapm.SearchField"}]}
COMMAND: GET /session/f13a764c77baee3c52c4f0d7f7064bd2/screenshot - {}
RESULT: {"script":"<script> [1562 bytes]","args":[{"selector":{"controlType":"sap.m.SearchField","searchOpenDialogs":true,"interaction":{"idSuffix":"I"}},"wdio_ui5_key":"sapm.SearchField"}]}
RESULT: undefined
COMMAND: POST /session/f13a764c77baee3c52c4f0d7f7064bd2/execute/async - {"script":"<script> [776 bytes]","args":[{"enterText":"Dummy","selector":{"controlType":"sap.m.SearchField","searchOpenDialogs":true,"interaction":{"idSuffix":"I"}},"clearTextFirst":true,"interactionType":"ENTER_TEXT"}]}
RESULT: {}
RESULT: {"script":"<script> [776 bytes]","args":[{"enterText":"Dummy","selector":{"controlType":"sap.m.SearchField","searchOpenDialogs":true,"interaction":{"idSuffix":"I"}},"clearTextFirst":true,"interactionType":"ENTER_TEXT"}]}
COMMAND: POST /session/f13a764c77baee3c52c4f0d7f7064bd2/actions - {"actions":[{"id":"action3","type":"key","parameters":{},"actions":[{"type":"keyDown","value":""},{"type":"pause","duration":10},{"type":"keyUp","value":""}]}]}
RESULT: {"actions":[{"id":"action3","type":"key","parameters":{},"actions":[{"type":"keyDown","value":""},{"type":"pause","duration":10},{"type":"keyUp","value":""}]}]}
COMMAND: GET /session/f13a764c77baee3c52c4f0d7f7064bd2/screenshot - {}
RESULT: {}
COMMAND: POST /session/f13a764c77baee3c52c4f0d7f7064bd2/element - {"using":"xpath","value":"//span[contains(text(), \"Email: dummy@bearingpoint.com\")]"}
RESULT: {"using":"xpath","value":"//span[contains(text(), \"Email: dummy@bearingpoint.com\")]"}
COMMAND: POST /session/f13a764c77baee3c52c4f0d7f7064bd2/element/f.054B8102AA40F5557A008067B4ABF8EF.d.997FEF975FB95636B2392075050BF384.e.1503/click - {}
RESULT: {}
COMMAND: GET /session/f13a764c77baee3c52c4f0d7f7064bd2/screenshot - {}
RESULT: {}
COMMAND: POST /session/f13a764c77baee3c52c4f0d7f7064bd2/element - {"using":"xpath","value":"//button[contains(@id ,\"application-iscorders-display-component---editOrder--createTaskButton\")]"}
RESULT: {"using":"xpath","value":"//button[contains(@id ,\"application-iscorders-display-component---editOrder--createTaskButton\")]"}
COMMAND: POST /session/f13a764c77baee3c52c4f0d7f7064bd2/element/f.054B8102AA40F5557A008067B4ABF8EF.d.997FEF975FB95636B2392075050BF384.e.1506/click - {}
RESULT: {}
COMMAND: GET /session/f13a764c77baee3c52c4f0d7f7064bd2/screenshot - {}
RESULT: {}
COMMAND: POST /session/f13a764c77baee3c52c4f0d7f7064bd2/execute/async - {"script":"<script> [1562 bytes]","args":[{"selector":{"controlType":"sap.m.Input","viewName":"reusables.view.ISC.Orders.Edit","viewId":"application-iscorders-display-component---editOrder","bindingPath":{"path":"/0","propertyPath":"NAME","modelName":"tasksModel"},"interaction":{"idSuffix":"inner"}},"wdio_ui5_key":"reusablesview.ISC.Orders.Editsap.m.Input{\"path\":\"/0\",\"propertyPath\":\"NAME\",\"modelName\":\"tasksModel\"}"}]}
RESULT: {"script":"<script> [1562 bytes]","args":[{"selector":{"controlType":"sap.m.Input","viewName":"reusables.view.ISC.Orders.Edit","viewId":"application-iscorders-display-component---editOrder","bindingPath":{"path":"/0","propertyPath":"NAME","modelName":"tasksModel"},"interaction":{"idSuffix":"inner"}},"wdio_ui5_key":"reusablesview.ISC.Orders.Editsap.m.Input{\"path\":\"/0\",\"propertyPath\":\"NAME\",\"modelName\":\"tasksModel\"}"}]}
RESULT: undefined
COMMAND: POST /session/f13a764c77baee3c52c4f0d7f7064bd2/execute/async - {"script":"<script> [776 bytes]","args":[{"enterText":"Wdi5-task","selector":{"controlType":"sap.m.Input","viewName":"reusables.view.ISC.Orders.Edit","viewId":"application-iscorders-display-component---editOrder","bindingPath":{"path":"/0","propertyPath":"NAME","modelName":"tasksModel"},"interaction":{"idSuffix":"inner"}},"clearTextFirst":true,"interactionType":"ENTER_TEXT"}]}
RESULT: {"script":"<script> [776 bytes]","args":[{"enterText":"Wdi5-task","selector":{"controlType":"sap.m.Input","viewName":"reusables.view.ISC.Orders.Edit","viewId":"application-iscorders-display-component---editOrder","bindingPath":{"path":"/0","propertyPath":"NAME","modelName":"tasksModel"},"interaction":{"idSuffix":"inner"}},"clearTextFirst":true,"interactionType":"ENTER_TEXT"}]}
COMMAND: POST /session/f13a764c77baee3c52c4f0d7f7064bd2/element - {"using":"xpath","value":"//bdi[contains(@id ,\"application-iscorders-display-component---editOrder--saveOrderButton-BDI-content\")]"}
RESULT: {"using":"xpath","value":"//bdi[contains(@id ,\"application-iscorders-display-component---editOrder--saveOrderButton-BDI-content\")]"}
COMMAND: POST /session/f13a764c77baee3c52c4f0d7f7064bd2/element/f.054B8102AA40F5557A008067B4ABF8EF.d.997FEF975FB95636B2392075050BF384.e.1509/click - {}
RESULT: {}
COMMAND: GET /session/f13a764c77baee3c52c4f0d7f7064bd2/screenshot - {}
RESULT: {}
COMMAND: POST /session/f13a764c77baee3c52c4f0d7f7064bd2/execute/async - {"script":"<script> [1562 bytes]","args":[{"selector":{"controlType":"sap.m.Button","properties":{"text":"Stakeholders"},"interaction":{"idSuffix":"BDI-content"}},"wdio_ui5_key":"sapm.Button{\"text\":\"Stakeholders\"}"}]}
RESULT: {"script":"<script> [1562 bytes]","args":[{"selector":{"controlType":"sap.m.Button","properties":{"text":"Stakeholders"},"interaction":{"idSuffix":"BDI-content"}},"wdio_ui5_key":"sapm.Button{\"text\":\"Stakeholders\"}"}]}
RESULT: undefined
COMMAND: POST /session/f13a764c77baee3c52c4f0d7f7064bd2/element - {"using":"xpath","value":"//*[@id=\"__layout252-anchBar-application-iscorders-display-component---displayOrder--personsUnitSection-anchor\"]"}
RESULT: {"using":"xpath","value":"//*[@id=\"__layout252-anchBar-application-iscorders-display-component---displayOrder--personsUnitSection-anchor\"]"}
COMMAND: POST /session/f13a764c77baee3c52c4f0d7f7064bd2/element/f.054B8102AA40F5557A008067B4ABF8EF.d.997FEF975FB95636B2392075050BF384.e.1543/click - {}
RESULT: {}
COMMAND: POST /session/f13a764c77baee3c52c4f0d7f7064bd2/element - {"using":"xpath","value":"//span[contains(@id ,\"application-iscorders-display-component---displayOrder--orderPersonTable\")][contains(text(), \"dummy\")]"}
COMMAND: GET /session/f13a764c77baee3c52c4f0d7f7064bd2/screenshot - {}
RESULT: {"using":"xpath","value":"//span[contains(@id ,\"application-iscorders-display-component---displayOrder--orderPersonTable\")][contains(text(), \"dummy\")]"}
RESULT: {}
COMMAND: GET /session/f13a764c77baee3c52c4f0d7f7064bd2/element/f.054B8102AA40F5557A008067B4ABF8EF.d.997FEF975FB95636B2392075050BF384.e.1547/text - {}
RESULT: {}
COMMAND: POST /session/f13a764c77baee3c52c4f0d7f7064bd2/execute/async - {"script":"<script> [1562 bytes]","args":[{"selector":{"controlType":"sap.m.Text","viewName":"reusables.view.ISC.Orders.Detail","viewId":"application-iscorders-display-component---displayOrder","bindingPath":{"path":"/0","propertyPath":"NAME","modelName":"tasksModel"}},"wdio_ui5_key":"reusablesview.ISC.Orders.Detailsap.m.Text{\"path\":\"/0\",\"propertyPath\":\"NAME\",\"modelName\":\"tasksModel\"}"}]}
RESULT: {"script":"<script> [1562 bytes]","args":[{"selector":{"controlType":"sap.m.Text","viewName":"reusables.view.ISC.Orders.Detail","viewId":"application-iscorders-display-component---displayOrder","bindingPath":{"path":"/0","propertyPath":"NAME","modelName":"tasksModel"}},"wdio_ui5_key":"reusablesview.ISC.Orders.Detailsap.m.Text{\"path\":\"/0\",\"propertyPath\":\"NAME\",\"modelName\":\"tasksModel\"}"}]}
RESULT: undefined
COMMAND: POST /session/f13a764c77baee3c52c4f0d7f7064bd2/execute/async - {"script":"<script> [6424 bytes]","args":[{"element-6066-11e4-a52e-4f735466cecf":"f.054B8102AA40F5557A008067B4ABF8EF.d.997FEF975FB95636B2392075050BF384.e.1550"},"getText",[]]}
RESULT: {"script":"<script> [6424 bytes]","args":[{"element-6066-11e4-a52e-4f735466cecf":"f.054B8102AA40F5557A008067B4ABF8EF.d.997FEF975FB95636B2392075050BF384.e.1550"},"getText",[]]}
COMMAND: POST /session/f13a764c77baee3c52c4f0d7f7064bd2/refresh - {}
RESULT: {}
COMMAND: GET /session/f13a764c77baee3c52c4f0d7f7064bd2/screenshot - {}
RESULT: {}
COMMAND: POST /session/f13a764c77baee3c52c4f0d7f7064bd2/refresh - {}
RESULT: {}
COMMAND: GET /session/f13a764c77baee3c52c4f0d7f7064bd2/screenshot - {}
RESULT: {}
COMMAND: POST /session/f13a764c77baee3c52c4f0d7f7064bd2/window/fullscreen - {}
RESULT: {}
COMMAND: POST /session/f13a764c77baee3c52c4f0d7f7064bd2/execute/async - {"script":"<script> [189 bytes]","args":[]}
RESULT: {"script":"<script> [189 bytes]","args":[]}
COMMAND: POST /session/f13a764c77baee3c52c4f0d7f7064bd2/execute/async - {"script":"<script> [123 bytes]","args":[]}
RESULT: {"script":"<script> [123 bytes]","args":[]}
COMMAND: POST /session/f13a764c77baee3c52c4f0d7f7064bd2/timeouts - {"script":"<number>"}
RESULT: {"script":"<number>"}
COMMAND: GET /session/f13a764c77baee3c52c4f0d7f7064bd2/timeouts - {}
RESULT: {}
RESULT: undefined
COMMAND: POST /session/f13a764c77baee3c52c4f0d7f7064bd2/execute/async - {"script":"<script> [2676 bytes]","args":[]}
RESULT: {"script":"<script> [2676 bytes]","args":[]}
COMMAND: POST /session/f13a764c77baee3c52c4f0d7f7064bd2/execute/async - {"script":"<script> [2342 bytes]","args":[{"protocol":"http","hostname":"0.0.0.0","path":"/","capabilities":{"browserName":"chrome","goog:chromeOptions":{"binary":"C:\\Program Files\\Google\\Chrome\\Application\\chrome.exe","args":["--start-maximized"]}},"logLevel":"warn","connectionRetryTimeout":120000,"connectionRetryCount":3,"logLevels":{},"enableDirectConnect":true,"strictSSL":true,"_":"65 more keys: [\"cacheDir\",\"port\",\"requestedCapabilities\",\"automationProtocol\",\"baseUrl\",\"waitforInterval\",\"waitforTimeout\",\"onReload\",\"beforeCommand\",\"afterCommand\",\"rootDir\",\"specs\",\"suites\",\"exclude\",\"groupLogsByTestSpec\",\"excludeDriverLogs\",\"bail\",\"framework\",\"reporters\",\"services\",\"maxInstances\",\"maxInstancesPerCapability\",\"injectGlobals\",\"filesToWatch\",\"execArgv\",\"runnerEnv\",\"runner\",\"shard\",\"specFileRetries\",\"specFileRetriesDelay\",\"specFileRetriesDeferred\",\"reporterSyncInterval\",\"reporterSyncTimeout\",\"cucumberFeaturesWithLineNumbers\",\"autoCompileOpts\",\"mochaOpts\",\"jasmineOpts\",\"cucumberOpts\",\"onPrepare\",\"onWorkerStart\",\"onWorkerEnd\",\"before\",\"beforeSession\",\"beforeSuite\",\"beforeHook\",\"beforeTest\",\"afterTest\",\"afterHook\",\"afterSuite\",\"afterSession\",\"after\",\"onComplete\",\"beforeAssertion\",\"afterAssertion\",\"beforeFeature\",\"beforeScenario\",\"beforeStep\",\"afterStep\",\"afterScenario\",\"afterFeature\",\"_\",\"suite\",\"$0\",\"ignoredWorkerServices\",\"wdi5\"]"}]}
RESULT: {"script":"<script> [2342 bytes]","args":[{"protocol":"http","hostname":"0.0.0.0","path":"/","capabilities":{"browserName":"chrome","goog:chromeOptions":{"binary":"C:\\Program Files\\Google\\Chrome\\Application\\chrome.exe","args":["--start-maximized"]}},"logLevel":"warn","connectionRetryTimeout":120000,"connectionRetryCount":3,"logLevels":{},"enableDirectConnect":true,"strictSSL":true,"_":"65 more keys: [\"cacheDir\",\"port\",\"requestedCapabilities\",\"automationProtocol\",\"baseUrl\",\"waitforInterval\",\"waitforTimeout\",\"onReload\",\"beforeCommand\",\"afterCommand\",\"rootDir\",\"specs\",\"suites\",\"exclude\",\"groupLogsByTestSpec\",\"excludeDriverLogs\",\"bail\",\"framework\",\"reporters\",\"services\",\"maxInstances\",\"maxInstancesPerCapability\",\"injectGlobals\",\"filesToWatch\",\"execArgv\",\"runnerEnv\",\"runner\",\"shard\",\"specFileRetries\",\"specFileRetriesDelay\",\"specFileRetriesDeferred\",\"reporterSyncInterval\",\"reporterSyncTimeout\",\"cucumberFeaturesWithLineNumbers\",\"autoCompileOpts\",\"mochaOpts\",\"jasmineOpts\",\"cucumberOpts\",\"onPrepare\",\"onWorkerStart\",\"onWorkerEnd\",\"before\",\"beforeSession\",\"beforeSuite\",\"beforeHook\",\"beforeTest\",\"afterTest\",\"afterHook\",\"afterSuite\",\"afterSession\",\"after\",\"onComplete\",\"beforeAssertion\",\"afterAssertion\",\"beforeFeature\",\"beforeScenario\",\"beforeStep\",\"afterStep\",\"afterScenario\",\"afterFeature\",\"_\",\"suite\",\"$0\",\"ignoredWorkerServices\",\"wdi5\"]"}]}
COMMAND: POST /session/f13a764c77baee3c52c4f0d7f7064bd2/execute/async - {"script":"<script> [21126 bytes]","args":[35000]}
RESULT: {"script":"<script> [21126 bytes]","args":[35000]}
COMMAND: POST /session/f13a764c77baee3c52c4f0d7f7064bd2/element - {"using":"css selector","value":"#shell-header-logo"}
RESULT: {"using":"css selector","value":"#shell-header-logo"}
COMMAND: POST /session/f13a764c77baee3c52c4f0d7f7064bd2/element/f.054B8102AA40F5557A008067B4ABF8EF.d.D2ABF74D7F3570A18BA361C1F511394E.e.1682/click - {}
RESULT: {}
COMMAND: GET /session/f13a764c77baee3c52c4f0d7f7064bd2/screenshot - {}
RESULT: {}
COMMAND: POST /session/f13a764c77baee3c52c4f0d7f7064bd2/execute/async - {"script":"<script> [1562 bytes]","args":[{"selector":{"controlType":"sap.ushell.ui.launchpad.AnchorItem","bindingPath":{"path":"/groups/6","propertyPath":"index"},"interaction":{"idSuffix":"inner"}},"wdio_ui5_key":"sapushell.ui.launchpad.AnchorItem{\"path\":\"/groups/6\",\"propertyPath\":\"index\"}"}]}
RESULT: {"script":"<script> [1562 bytes]","args":[{"selector":{"controlType":"sap.ushell.ui.launchpad.AnchorItem","bindingPath":{"path":"/groups/6","propertyPath":"index"},"interaction":{"idSuffix":"inner"}},"wdio_ui5_key":"sapushell.ui.launchpad.AnchorItem{\"path\":\"/groups/6\",\"propertyPath\":\"index\"}"}]}
RESULT: undefined
COMMAND: POST /session/f13a764c77baee3c52c4f0d7f7064bd2/element - {"using":"xpath","value":"//*[@id=\"__item90-anchorNavigationBar-6\"]"}
RESULT: {"using":"xpath","value":"//*[@id=\"__item90-anchorNavigationBar-6\"]"}
COMMAND: POST /session/f13a764c77baee3c52c4f0d7f7064bd2/element/f.054B8102AA40F5557A008067B4ABF8EF.d.D2ABF74D7F3570A18BA361C1F511394E.e.1880/click - {}
RESULT: {}
COMMAND: GET /session/f13a764c77baee3c52c4f0d7f7064bd2/screenshot - {}
RESULT: {}
COMMAND: POST /session/f13a764c77baee3c52c4f0d7f7064bd2/execute/async - {"script":"<script> [1562 bytes]","args":[{"selector":{"controlType":"sap.m.GenericTile","properties":{"header":"ISC Orders"}},"wdio_ui5_key":"sapm.GenericTile{\"header\":\"ISC Orders\"}"}]}
RESULT: {"script":"<script> [1562 bytes]","args":[{"selector":{"controlType":"sap.m.GenericTile","properties":{"header":"ISC Orders"}},"wdio_ui5_key":"sapm.GenericTile{\"header\":\"ISC Orders\"}"}]}
RESULT: undefined
COMMAND: POST /session/f13a764c77baee3c52c4f0d7f7064bd2/element - {"using":"xpath","value":"//*[@id=\"__tile113\"]"}
RESULT: {"using":"xpath","value":"//*[@id=\"__tile113\"]"}
COMMAND: POST /session/f13a764c77baee3c52c4f0d7f7064bd2/element/f.054B8102AA40F5557A008067B4ABF8EF.d.D2ABF74D7F3570A18BA361C1F511394E.e.1883/click - {}
RESULT: {}
COMMAND: GET /session/f13a764c77baee3c52c4f0d7f7064bd2/screenshot - {}
RESULT: {}
COMMAND: POST /session/f13a764c77baee3c52c4f0d7f7064bd2/elements - {"using":"xpath","value":"//span[text()='Error']"}
RESULT: {"using":"xpath","value":"//span[text()='Error']"}
]]></system-out>
    </testcase>
  </testsuite>
  <testsuite timestamp="2025-06-14T16:40:27" time="368.956" tests="5" failures="0" errors="0" skipped="0">
    <properties>
      <property name="specId" value="0"/>
      <property name="suiteName" value="Verify smart filtering on ISC orders US116616"/>
      <property name="capabilities" value="chrome.137_0_7151_69.windows"/>
      <property name="file" value="file:///D:/a/1/s/test/specs/ISC/filter-iscorder.spec.js"/>
    </properties>
    <testcase classname="chrome.137_0_7151_69.windows.Verify_smart_filtering_on_ISC_orders_US116616" name="Should filter usign STATUS created" time="49.404">
      <system-out><![CDATA[
COMMAND: POST /session/f13a764c77baee3c52c4f0d7f7064bd2/execute/async - {"script":"<script> [1562 bytes]","args":[{"selector":{"controlType":"sap.ui.core.Icon","viewName":"etm.portal.ui.iscorders.view.Master","viewId":"application-iscorders-display-component---orderList","properties":{"src":{"regex":{"source":"slim\\-arrow\\-down"}}},"ancestor":{"controlType":"sap.m.MultiComboBox","viewName":"etm.portal.ui.iscorders.view.Master","viewId":"application-iscorders-display-component---orderList","labelFor":{"text":"Status"}}},"wdio_ui5_key":"etmportal.ui.iscorders.view.Mastersap.ui.core.Icon{\"src\":{\"regex\":{\"source\":\"slim\\\\-arrow\\\\-down\"}}}{\"controlType\":\"sap.m.MultiComboBox\",\"viewName\":\"etm.portal.ui.iscorders.view.Master\",\"viewId\":\"application-iscorders-display-component---orderList\",\"labelFor\":{\"text\":\"Status\"}}"}]}
RESULT: {"script":"<script> [1562 bytes]","args":[{"selector":{"controlType":"sap.ui.core.Icon","viewName":"etm.portal.ui.iscorders.view.Master","viewId":"application-iscorders-display-component---orderList","properties":{"src":{"regex":{"source":"slim\\-arrow\\-down"}}},"ancestor":{"controlType":"sap.m.MultiComboBox","viewName":"etm.portal.ui.iscorders.view.Master","viewId":"application-iscorders-display-component---orderList","labelFor":{"text":"Status"}}},"wdio_ui5_key":"etmportal.ui.iscorders.view.Mastersap.ui.core.Icon{\"src\":{\"regex\":{\"source\":\"slim\\\\-arrow\\\\-down\"}}}{\"controlType\":\"sap.m.MultiComboBox\",\"viewName\":\"etm.portal.ui.iscorders.view.Master\",\"viewId\":\"application-iscorders-display-component---orderList\",\"labelFor\":{\"text\":\"Status\"}}"}]}
RESULT: undefined
COMMAND: POST /session/f13a764c77baee3c52c4f0d7f7064bd2/element - {"using":"xpath","value":"//*[@id=\"__box23-arrow\"]"}
RESULT: {"using":"xpath","value":"//*[@id=\"__box23-arrow\"]"}
COMMAND: POST /session/f13a764c77baee3c52c4f0d7f7064bd2/element/f.054B8102AA40F5557A008067B4ABF8EF.d.D2ABF74D7F3570A18BA361C1F511394E.e.1995/click - {}
RESULT: {}
COMMAND: POST /session/f13a764c77baee3c52c4f0d7f7064bd2/execute/async - {"script":"<script> [1562 bytes]","args":[{"selector":{"controlType":"sap.m.StandardListItem","viewName":"etm.portal.ui.iscorders.view.Master","viewId":"application-iscorders-display-component---orderList","properties":{"title":"created"},"searchOpenDialogs":true,"interaction":{"idSuffix":"titleText"}},"wdio_ui5_key":"etmportal.ui.iscorders.view.Mastersap.m.StandardListItem{\"title\":\"created\"}"}]}
COMMAND: GET /session/f13a764c77baee3c52c4f0d7f7064bd2/screenshot - {}
RESULT: {"script":"<script> [1562 bytes]","args":[{"selector":{"controlType":"sap.m.StandardListItem","viewName":"etm.portal.ui.iscorders.view.Master","viewId":"application-iscorders-display-component---orderList","properties":{"title":"created"},"searchOpenDialogs":true,"interaction":{"idSuffix":"titleText"}},"wdio_ui5_key":"etmportal.ui.iscorders.view.Mastersap.m.StandardListItem{\"title\":\"created\"}"}]}
RESULT: undefined
COMMAND: POST /session/f13a764c77baee3c52c4f0d7f7064bd2/element - {"using":"xpath","value":"//*[@id=\"__item119\"]"}
RESULT: {}
RESULT: {"using":"xpath","value":"//*[@id=\"__item119\"]"}
COMMAND: POST /session/f13a764c77baee3c52c4f0d7f7064bd2/element/f.054B8102AA40F5557A008067B4ABF8EF.d.D2ABF74D7F3570A18BA361C1F511394E.e.2004/click - {}
RESULT: {}
COMMAND: GET /session/f13a764c77baee3c52c4f0d7f7064bd2/screenshot - {}
RESULT: {}
COMMAND: POST /session/f13a764c77baee3c52c4f0d7f7064bd2/execute/async - {"script":"<script> [1562 bytes]","args":[{"selector":{"controlType":"sap.m.Button","properties":{"text":"OK"},"searchOpenDialogs":true,"ancestor":{"controlType":"sap.m.Dialog","properties":{"icon":"sap-icon://alert"},"searchOpenDialogs":true},"interaction":{"idSuffix":"inner"}},"wdio_ui5_key":"sapm.Button{\"text\":\"OK\"}{\"controlType\":\"sap.m.Dialog\",\"properties\":{\"icon\":\"sap-icon://alert\"},\"searchOpenDialogs\":true}"}]}
RESULT: {"script":"<script> [1562 bytes]","args":[{"selector":{"controlType":"sap.m.Button","properties":{"text":"OK"},"searchOpenDialogs":true,"ancestor":{"controlType":"sap.m.Dialog","properties":{"icon":"sap-icon://alert"},"searchOpenDialogs":true},"interaction":{"idSuffix":"inner"}},"wdio_ui5_key":"sapm.Button{\"text\":\"OK\"}{\"controlType\":\"sap.m.Dialog\",\"properties\":{\"icon\":\"sap-icon://alert\"},\"searchOpenDialogs\":true}"}]}
RESULT: undefined
COMMAND: POST /session/f13a764c77baee3c52c4f0d7f7064bd2/execute/async - {"script":"<script> [1562 bytes]","args":[{"selector":{"controlType":"sap.ui.comp.smarttable.SmartTable","viewName":"etm.portal.ui.iscorders.view.Master","id":"application-iscorders-display-component---orderList--smartTable"},"wdio_ui5_key":"applicationiscorders-display-component---orderList--smartTableetm.portal.ui.iscorders.view.Mastersap.ui.comp.smarttable.SmartTable"}]}
RESULT: {"script":"<script> [1562 bytes]","args":[{"selector":{"controlType":"sap.ui.comp.smarttable.SmartTable","viewName":"etm.portal.ui.iscorders.view.Master","id":"application-iscorders-display-component---orderList--smartTable"},"wdio_ui5_key":"applicationiscorders-display-component---orderList--smartTableetm.portal.ui.iscorders.view.Mastersap.ui.comp.smarttable.SmartTable"}]}
RESULT: undefined
COMMAND: POST /session/f13a764c77baee3c52c4f0d7f7064bd2/execute/async - {"script":"<script> [6424 bytes]","args":[{"element-6066-11e4-a52e-4f735466cecf":"f.054B8102AA40F5557A008067B4ABF8EF.d.D2ABF74D7F3570A18BA361C1F511394E.e.2203"},"getItems",[]]}
RESULT: {"script":"<script> [6424 bytes]","args":[{"element-6066-11e4-a52e-4f735466cecf":"f.054B8102AA40F5557A008067B4ABF8EF.d.D2ABF74D7F3570A18BA361C1F511394E.e.2203"},"getItems",[]]}
COMMAND: POST /session/f13a764c77baee3c52c4f0d7f7064bd2/execute/async - {"script":"<script> [1562 bytes]","args":[{"wdio_ui5_key":"application-iscorders-display-component---orderList--customOrdersTable","selector":{"id":"application-iscorders-display-component---orderList--customOrdersTable"}}]}
RESULT: {"script":"<script> [1562 bytes]","args":[{"wdio_ui5_key":"application-iscorders-display-component---orderList--customOrdersTable","selector":{"id":"application-iscorders-display-component---orderList--customOrdersTable"}}]}
RESULT: undefined
COMMAND: POST /session/f13a764c77baee3c52c4f0d7f7064bd2/element - {"using":"css selector","value":"#shell-header-logo"}
RESULT: {"using":"css selector","value":"#shell-header-logo"}
COMMAND: POST /session/f13a764c77baee3c52c4f0d7f7064bd2/element/f.054B8102AA40F5557A008067B4ABF8EF.d.D2ABF74D7F3570A18BA361C1F511394E.e.1887/click - {}
RESULT: {}
COMMAND: GET /session/f13a764c77baee3c52c4f0d7f7064bd2/screenshot - {}
RESULT: {}
COMMAND: POST /session/f13a764c77baee3c52c4f0d7f7064bd2/refresh - {}
RESULT: undefined
RESULT: {}
COMMAND: GET /session/f13a764c77baee3c52c4f0d7f7064bd2/screenshot - {}
RESULT: {}
COMMAND: POST /session/f13a764c77baee3c52c4f0d7f7064bd2/refresh - {}
RESULT: {}
COMMAND: GET /session/f13a764c77baee3c52c4f0d7f7064bd2/screenshot - {}
RESULT: {}
COMMAND: POST /session/f13a764c77baee3c52c4f0d7f7064bd2/window/fullscreen - {}
RESULT: {}
COMMAND: POST /session/f13a764c77baee3c52c4f0d7f7064bd2/execute/async - {"script":"<script> [189 bytes]","args":[]}
RESULT: {"script":"<script> [189 bytes]","args":[]}
COMMAND: POST /session/f13a764c77baee3c52c4f0d7f7064bd2/execute/async - {"script":"<script> [123 bytes]","args":[]}
RESULT: {"script":"<script> [123 bytes]","args":[]}
COMMAND: POST /session/f13a764c77baee3c52c4f0d7f7064bd2/timeouts - {"script":"<number>"}
RESULT: {"script":"<number>"}
COMMAND: GET /session/f13a764c77baee3c52c4f0d7f7064bd2/timeouts - {}
RESULT: {}
RESULT: undefined
COMMAND: POST /session/f13a764c77baee3c52c4f0d7f7064bd2/execute/async - {"script":"<script> [2676 bytes]","args":[]}
RESULT: {"script":"<script> [2676 bytes]","args":[]}
COMMAND: POST /session/f13a764c77baee3c52c4f0d7f7064bd2/execute/async - {"script":"<script> [2342 bytes]","args":[{"protocol":"http","hostname":"0.0.0.0","path":"/","capabilities":{"browserName":"chrome","goog:chromeOptions":{"binary":"C:\\Program Files\\Google\\Chrome\\Application\\chrome.exe","args":["--start-maximized"]}},"logLevel":"warn","connectionRetryTimeout":120000,"connectionRetryCount":3,"logLevels":{},"enableDirectConnect":true,"strictSSL":true,"_":"65 more keys: [\"cacheDir\",\"port\",\"requestedCapabilities\",\"automationProtocol\",\"baseUrl\",\"waitforInterval\",\"waitforTimeout\",\"onReload\",\"beforeCommand\",\"afterCommand\",\"rootDir\",\"specs\",\"suites\",\"exclude\",\"groupLogsByTestSpec\",\"excludeDriverLogs\",\"bail\",\"framework\",\"reporters\",\"services\",\"maxInstances\",\"maxInstancesPerCapability\",\"injectGlobals\",\"filesToWatch\",\"execArgv\",\"runnerEnv\",\"runner\",\"shard\",\"specFileRetries\",\"specFileRetriesDelay\",\"specFileRetriesDeferred\",\"reporterSyncInterval\",\"reporterSyncTimeout\",\"cucumberFeaturesWithLineNumbers\",\"autoCompileOpts\",\"mochaOpts\",\"jasmineOpts\",\"cucumberOpts\",\"onPrepare\",\"onWorkerStart\",\"onWorkerEnd\",\"before\",\"beforeSession\",\"beforeSuite\",\"beforeHook\",\"beforeTest\",\"afterTest\",\"afterHook\",\"afterSuite\",\"afterSession\",\"after\",\"onComplete\",\"beforeAssertion\",\"afterAssertion\",\"beforeFeature\",\"beforeScenario\",\"beforeStep\",\"afterStep\",\"afterScenario\",\"afterFeature\",\"_\",\"suite\",\"$0\",\"ignoredWorkerServices\",\"wdi5\"]"}]}
RESULT: {"script":"<script> [2342 bytes]","args":[{"protocol":"http","hostname":"0.0.0.0","path":"/","capabilities":{"browserName":"chrome","goog:chromeOptions":{"binary":"C:\\Program Files\\Google\\Chrome\\Application\\chrome.exe","args":["--start-maximized"]}},"logLevel":"warn","connectionRetryTimeout":120000,"connectionRetryCount":3,"logLevels":{},"enableDirectConnect":true,"strictSSL":true,"_":"65 more keys: [\"cacheDir\",\"port\",\"requestedCapabilities\",\"automationProtocol\",\"baseUrl\",\"waitforInterval\",\"waitforTimeout\",\"onReload\",\"beforeCommand\",\"afterCommand\",\"rootDir\",\"specs\",\"suites\",\"exclude\",\"groupLogsByTestSpec\",\"excludeDriverLogs\",\"bail\",\"framework\",\"reporters\",\"services\",\"maxInstances\",\"maxInstancesPerCapability\",\"injectGlobals\",\"filesToWatch\",\"execArgv\",\"runnerEnv\",\"runner\",\"shard\",\"specFileRetries\",\"specFileRetriesDelay\",\"specFileRetriesDeferred\",\"reporterSyncInterval\",\"reporterSyncTimeout\",\"cucumberFeaturesWithLineNumbers\",\"autoCompileOpts\",\"mochaOpts\",\"jasmineOpts\",\"cucumberOpts\",\"onPrepare\",\"onWorkerStart\",\"onWorkerEnd\",\"before\",\"beforeSession\",\"beforeSuite\",\"beforeHook\",\"beforeTest\",\"afterTest\",\"afterHook\",\"afterSuite\",\"afterSession\",\"after\",\"onComplete\",\"beforeAssertion\",\"afterAssertion\",\"beforeFeature\",\"beforeScenario\",\"beforeStep\",\"afterStep\",\"afterScenario\",\"afterFeature\",\"_\",\"suite\",\"$0\",\"ignoredWorkerServices\",\"wdi5\"]"}]}
COMMAND: POST /session/f13a764c77baee3c52c4f0d7f7064bd2/execute/async - {"script":"<script> [21126 bytes]","args":[35000]}
RESULT: {"script":"<script> [21126 bytes]","args":[35000]}
]]></system-out>
    </testcase>
    <testcase classname="chrome.137_0_7151_69.windows.Verify_smart_filtering_on_ISC_orders_US116616" name="Should filter usign STATUS confirmed" time="64.394">
      <system-out><![CDATA[
COMMAND: POST /session/f13a764c77baee3c52c4f0d7f7064bd2/execute/async - {"script":"<script> [1562 bytes]","args":[{"selector":{"controlType":"sap.m.GenericTile","properties":{"header":"ISC Orders"}},"wdio_ui5_key":"sapm.GenericTile{\"header\":\"ISC Orders\"}"}]}
RESULT: {"script":"<script> [1562 bytes]","args":[{"selector":{"controlType":"sap.m.GenericTile","properties":{"header":"ISC Orders"}},"wdio_ui5_key":"sapm.GenericTile{\"header\":\"ISC Orders\"}"}]}
RESULT: undefined
COMMAND: POST /session/f13a764c77baee3c52c4f0d7f7064bd2/element - {"using":"xpath","value":"//*[@id=\"__tile109\"]"}
RESULT: {"using":"xpath","value":"//*[@id=\"__tile109\"]"}
COMMAND: POST /session/f13a764c77baee3c52c4f0d7f7064bd2/element/f.054B8102AA40F5557A008067B4ABF8EF.d.098E9ACA0D5F9886B204A3BCF9E9D030.e.2422/click - {}
RESULT: {}
COMMAND: GET /session/f13a764c77baee3c52c4f0d7f7064bd2/screenshot - {}
RESULT: {}
COMMAND: POST /session/f13a764c77baee3c52c4f0d7f7064bd2/elements - {"using":"xpath","value":"//span[text()='Error']"}
RESULT: {"using":"xpath","value":"//span[text()='Error']"}
COMMAND: POST /session/f13a764c77baee3c52c4f0d7f7064bd2/execute/async - {"script":"<script> [1562 bytes]","args":[{"selector":{"controlType":"sap.ui.core.Icon","viewName":"etm.portal.ui.iscorders.view.Master","viewId":"application-iscorders-display-component---orderList","properties":{"src":{"regex":{"source":"slim\\-arrow\\-down"}}},"ancestor":{"controlType":"sap.m.MultiComboBox","viewName":"etm.portal.ui.iscorders.view.Master","viewId":"application-iscorders-display-component---orderList","labelFor":{"text":"Status"}}},"wdio_ui5_key":"etmportal.ui.iscorders.view.Mastersap.ui.core.Icon{\"src\":{\"regex\":{\"source\":\"slim\\\\-arrow\\\\-down\"}}}{\"controlType\":\"sap.m.MultiComboBox\",\"viewName\":\"etm.portal.ui.iscorders.view.Master\",\"viewId\":\"application-iscorders-display-component---orderList\",\"labelFor\":{\"text\":\"Status\"}}"}]}
RESULT: {"script":"<script> [1562 bytes]","args":[{"selector":{"controlType":"sap.ui.core.Icon","viewName":"etm.portal.ui.iscorders.view.Master","viewId":"application-iscorders-display-component---orderList","properties":{"src":{"regex":{"source":"slim\\-arrow\\-down"}}},"ancestor":{"controlType":"sap.m.MultiComboBox","viewName":"etm.portal.ui.iscorders.view.Master","viewId":"application-iscorders-display-component---orderList","labelFor":{"text":"Status"}}},"wdio_ui5_key":"etmportal.ui.iscorders.view.Mastersap.ui.core.Icon{\"src\":{\"regex\":{\"source\":\"slim\\\\-arrow\\\\-down\"}}}{\"controlType\":\"sap.m.MultiComboBox\",\"viewName\":\"etm.portal.ui.iscorders.view.Master\",\"viewId\":\"application-iscorders-display-component---orderList\",\"labelFor\":{\"text\":\"Status\"}}"}]}
RESULT: undefined
COMMAND: POST /session/f13a764c77baee3c52c4f0d7f7064bd2/element - {"using":"xpath","value":"//*[@id=\"__box4-arrow\"]"}
RESULT: {"using":"xpath","value":"//*[@id=\"__box4-arrow\"]"}
COMMAND: POST /session/f13a764c77baee3c52c4f0d7f7064bd2/element/f.054B8102AA40F5557A008067B4ABF8EF.d.098E9ACA0D5F9886B204A3BCF9E9D030.e.2521/click - {}
RESULT: {}
COMMAND: POST /session/f13a764c77baee3c52c4f0d7f7064bd2/execute/async - {"script":"<script> [1562 bytes]","args":[{"selector":{"controlType":"sap.m.StandardListItem","viewName":"etm.portal.ui.iscorders.view.Master","viewId":"application-iscorders-display-component---orderList","properties":{"title":"confirmed"},"searchOpenDialogs":true,"interaction":{"idSuffix":"titleText"}},"wdio_ui5_key":"etmportal.ui.iscorders.view.Mastersap.m.StandardListItem{\"title\":\"confirmed\"}"}]}
COMMAND: GET /session/f13a764c77baee3c52c4f0d7f7064bd2/screenshot - {}
RESULT: {"script":"<script> [1562 bytes]","args":[{"selector":{"controlType":"sap.m.StandardListItem","viewName":"etm.portal.ui.iscorders.view.Master","viewId":"application-iscorders-display-component---orderList","properties":{"title":"confirmed"},"searchOpenDialogs":true,"interaction":{"idSuffix":"titleText"}},"wdio_ui5_key":"etmportal.ui.iscorders.view.Mastersap.m.StandardListItem{\"title\":\"confirmed\"}"}]}
RESULT: undefined
COMMAND: POST /session/f13a764c77baee3c52c4f0d7f7064bd2/element - {"using":"xpath","value":"//*[@id=\"__item45\"]"}
RESULT: {}
RESULT: {"using":"xpath","value":"//*[@id=\"__item45\"]"}
COMMAND: POST /session/f13a764c77baee3c52c4f0d7f7064bd2/element/f.054B8102AA40F5557A008067B4ABF8EF.d.098E9ACA0D5F9886B204A3BCF9E9D030.e.2530/click - {}
RESULT: {}
COMMAND: GET /session/f13a764c77baee3c52c4f0d7f7064bd2/screenshot - {}
RESULT: {}
COMMAND: POST /session/f13a764c77baee3c52c4f0d7f7064bd2/execute/async - {"script":"<script> [1562 bytes]","args":[{"selector":{"controlType":"sap.m.Button","properties":{"text":"OK"},"searchOpenDialogs":true,"ancestor":{"controlType":"sap.m.Dialog","properties":{"icon":"sap-icon://alert"},"searchOpenDialogs":true},"interaction":{"idSuffix":"inner"}},"wdio_ui5_key":"sapm.Button{\"text\":\"OK\"}{\"controlType\":\"sap.m.Dialog\",\"properties\":{\"icon\":\"sap-icon://alert\"},\"searchOpenDialogs\":true}"}]}
RESULT: {"script":"<script> [1562 bytes]","args":[{"selector":{"controlType":"sap.m.Button","properties":{"text":"OK"},"searchOpenDialogs":true,"ancestor":{"controlType":"sap.m.Dialog","properties":{"icon":"sap-icon://alert"},"searchOpenDialogs":true},"interaction":{"idSuffix":"inner"}},"wdio_ui5_key":"sapm.Button{\"text\":\"OK\"}{\"controlType\":\"sap.m.Dialog\",\"properties\":{\"icon\":\"sap-icon://alert\"},\"searchOpenDialogs\":true}"}]}
RESULT: undefined
COMMAND: POST /session/f13a764c77baee3c52c4f0d7f7064bd2/execute/async - {"script":"<script> [1562 bytes]","args":[{"selector":{"controlType":"sap.ui.comp.smarttable.SmartTable","viewName":"etm.portal.ui.iscorders.view.Master","id":"application-iscorders-display-component---orderList--smartTable"},"wdio_ui5_key":"applicationiscorders-display-component---orderList--smartTableetm.portal.ui.iscorders.view.Mastersap.ui.comp.smarttable.SmartTable"}]}
RESULT: {"script":"<script> [1562 bytes]","args":[{"selector":{"controlType":"sap.ui.comp.smarttable.SmartTable","viewName":"etm.portal.ui.iscorders.view.Master","id":"application-iscorders-display-component---orderList--smartTable"},"wdio_ui5_key":"applicationiscorders-display-component---orderList--smartTableetm.portal.ui.iscorders.view.Mastersap.ui.comp.smarttable.SmartTable"}]}
RESULT: undefined
COMMAND: POST /session/f13a764c77baee3c52c4f0d7f7064bd2/execute/async - {"script":"<script> [6424 bytes]","args":[{"element-6066-11e4-a52e-4f735466cecf":"f.054B8102AA40F5557A008067B4ABF8EF.d.098E9ACA0D5F9886B204A3BCF9E9D030.e.2715"},"getItems",[]]}
RESULT: {"script":"<script> [6424 bytes]","args":[{"element-6066-11e4-a52e-4f735466cecf":"f.054B8102AA40F5557A008067B4ABF8EF.d.098E9ACA0D5F9886B204A3BCF9E9D030.e.2715"},"getItems",[]]}
COMMAND: POST /session/f13a764c77baee3c52c4f0d7f7064bd2/execute/async - {"script":"<script> [1562 bytes]","args":[{"wdio_ui5_key":"application-iscorders-display-component---orderList--customOrdersTable","selector":{"id":"application-iscorders-display-component---orderList--customOrdersTable"}}]}
RESULT: {"script":"<script> [1562 bytes]","args":[{"wdio_ui5_key":"application-iscorders-display-component---orderList--customOrdersTable","selector":{"id":"application-iscorders-display-component---orderList--customOrdersTable"}}]}
RESULT: undefined
COMMAND: POST /session/f13a764c77baee3c52c4f0d7f7064bd2/element - {"using":"css selector","value":"#shell-header-logo"}
RESULT: {"using":"css selector","value":"#shell-header-logo"}
COMMAND: POST /session/f13a764c77baee3c52c4f0d7f7064bd2/element/f.054B8102AA40F5557A008067B4ABF8EF.d.098E9ACA0D5F9886B204A3BCF9E9D030.e.2425/click - {}
RESULT: {}
COMMAND: GET /session/f13a764c77baee3c52c4f0d7f7064bd2/screenshot - {}
RESULT: {}
COMMAND: POST /session/f13a764c77baee3c52c4f0d7f7064bd2/refresh - {}
RESULT: {}
COMMAND: GET /session/f13a764c77baee3c52c4f0d7f7064bd2/screenshot - {}
RESULT: {}
COMMAND: POST /session/f13a764c77baee3c52c4f0d7f7064bd2/refresh - {}
RESULT: {}
COMMAND: GET /session/f13a764c77baee3c52c4f0d7f7064bd2/screenshot - {}
RESULT: {}
COMMAND: POST /session/f13a764c77baee3c52c4f0d7f7064bd2/window/fullscreen - {}
RESULT: {}
COMMAND: POST /session/f13a764c77baee3c52c4f0d7f7064bd2/execute/async - {"script":"<script> [189 bytes]","args":[]}
RESULT: {"script":"<script> [189 bytes]","args":[]}
COMMAND: POST /session/f13a764c77baee3c52c4f0d7f7064bd2/execute/async - {"script":"<script> [123 bytes]","args":[]}
RESULT: {"script":"<script> [123 bytes]","args":[]}
COMMAND: POST /session/f13a764c77baee3c52c4f0d7f7064bd2/timeouts - {"script":"<number>"}
RESULT: {"script":"<number>"}
COMMAND: GET /session/f13a764c77baee3c52c4f0d7f7064bd2/timeouts - {}
RESULT: {}
RESULT: undefined
COMMAND: POST /session/f13a764c77baee3c52c4f0d7f7064bd2/execute/async - {"script":"<script> [2676 bytes]","args":[]}
RESULT: {"script":"<script> [2676 bytes]","args":[]}
COMMAND: POST /session/f13a764c77baee3c52c4f0d7f7064bd2/execute/async - {"script":"<script> [2342 bytes]","args":[{"protocol":"http","hostname":"0.0.0.0","path":"/","capabilities":{"browserName":"chrome","goog:chromeOptions":{"binary":"C:\\Program Files\\Google\\Chrome\\Application\\chrome.exe","args":["--start-maximized"]}},"logLevel":"warn","connectionRetryTimeout":120000,"connectionRetryCount":3,"logLevels":{},"enableDirectConnect":true,"strictSSL":true,"_":"65 more keys: [\"cacheDir\",\"port\",\"requestedCapabilities\",\"automationProtocol\",\"baseUrl\",\"waitforInterval\",\"waitforTimeout\",\"onReload\",\"beforeCommand\",\"afterCommand\",\"rootDir\",\"specs\",\"suites\",\"exclude\",\"groupLogsByTestSpec\",\"excludeDriverLogs\",\"bail\",\"framework\",\"reporters\",\"services\",\"maxInstances\",\"maxInstancesPerCapability\",\"injectGlobals\",\"filesToWatch\",\"execArgv\",\"runnerEnv\",\"runner\",\"shard\",\"specFileRetries\",\"specFileRetriesDelay\",\"specFileRetriesDeferred\",\"reporterSyncInterval\",\"reporterSyncTimeout\",\"cucumberFeaturesWithLineNumbers\",\"autoCompileOpts\",\"mochaOpts\",\"jasmineOpts\",\"cucumberOpts\",\"onPrepare\",\"onWorkerStart\",\"onWorkerEnd\",\"before\",\"beforeSession\",\"beforeSuite\",\"beforeHook\",\"beforeTest\",\"afterTest\",\"afterHook\",\"afterSuite\",\"afterSession\",\"after\",\"onComplete\",\"beforeAssertion\",\"afterAssertion\",\"beforeFeature\",\"beforeScenario\",\"beforeStep\",\"afterStep\",\"afterScenario\",\"afterFeature\",\"_\",\"suite\",\"$0\",\"ignoredWorkerServices\",\"wdi5\"]"}]}
RESULT: {"script":"<script> [2342 bytes]","args":[{"protocol":"http","hostname":"0.0.0.0","path":"/","capabilities":{"browserName":"chrome","goog:chromeOptions":{"binary":"C:\\Program Files\\Google\\Chrome\\Application\\chrome.exe","args":["--start-maximized"]}},"logLevel":"warn","connectionRetryTimeout":120000,"connectionRetryCount":3,"logLevels":{},"enableDirectConnect":true,"strictSSL":true,"_":"65 more keys: [\"cacheDir\",\"port\",\"requestedCapabilities\",\"automationProtocol\",\"baseUrl\",\"waitforInterval\",\"waitforTimeout\",\"onReload\",\"beforeCommand\",\"afterCommand\",\"rootDir\",\"specs\",\"suites\",\"exclude\",\"groupLogsByTestSpec\",\"excludeDriverLogs\",\"bail\",\"framework\",\"reporters\",\"services\",\"maxInstances\",\"maxInstancesPerCapability\",\"injectGlobals\",\"filesToWatch\",\"execArgv\",\"runnerEnv\",\"runner\",\"shard\",\"specFileRetries\",\"specFileRetriesDelay\",\"specFileRetriesDeferred\",\"reporterSyncInterval\",\"reporterSyncTimeout\",\"cucumberFeaturesWithLineNumbers\",\"autoCompileOpts\",\"mochaOpts\",\"jasmineOpts\",\"cucumberOpts\",\"onPrepare\",\"onWorkerStart\",\"onWorkerEnd\",\"before\",\"beforeSession\",\"beforeSuite\",\"beforeHook\",\"beforeTest\",\"afterTest\",\"afterHook\",\"afterSuite\",\"afterSession\",\"after\",\"onComplete\",\"beforeAssertion\",\"afterAssertion\",\"beforeFeature\",\"beforeScenario\",\"beforeStep\",\"afterStep\",\"afterScenario\",\"afterFeature\",\"_\",\"suite\",\"$0\",\"ignoredWorkerServices\",\"wdi5\"]"}]}
COMMAND: POST /session/f13a764c77baee3c52c4f0d7f7064bd2/execute/async - {"script":"<script> [21126 bytes]","args":[35000]}
RESULT: {"script":"<script> [21126 bytes]","args":[35000]}
]]></system-out>
    </testcase>
    <testcase classname="chrome.137_0_7151_69.windows.Verify_smart_filtering_on_ISC_orders_US116616" name="Should filter usign STATUS confirm not OK" time="64.432">
      <system-out><![CDATA[
COMMAND: POST /session/f13a764c77baee3c52c4f0d7f7064bd2/execute/async - {"script":"<script> [1562 bytes]","args":[{"selector":{"controlType":"sap.m.GenericTile","properties":{"header":"ISC Orders"}},"wdio_ui5_key":"sapm.GenericTile{\"header\":\"ISC Orders\"}"}]}
RESULT: {"script":"<script> [1562 bytes]","args":[{"selector":{"controlType":"sap.m.GenericTile","properties":{"header":"ISC Orders"}},"wdio_ui5_key":"sapm.GenericTile{\"header\":\"ISC Orders\"}"}]}
RESULT: undefined
COMMAND: POST /session/f13a764c77baee3c52c4f0d7f7064bd2/element - {"using":"xpath","value":"//*[@id=\"__tile109\"]"}
RESULT: {"using":"xpath","value":"//*[@id=\"__tile109\"]"}
COMMAND: POST /session/f13a764c77baee3c52c4f0d7f7064bd2/element/f.054B8102AA40F5557A008067B4ABF8EF.d.51E883209F78FA11EA9BFE41FA4A9333.e.2867/click - {}
RESULT: {}
COMMAND: GET /session/f13a764c77baee3c52c4f0d7f7064bd2/screenshot - {}
RESULT: {}
COMMAND: POST /session/f13a764c77baee3c52c4f0d7f7064bd2/elements - {"using":"xpath","value":"//span[text()='Error']"}
RESULT: {"using":"xpath","value":"//span[text()='Error']"}
COMMAND: POST /session/f13a764c77baee3c52c4f0d7f7064bd2/execute/async - {"script":"<script> [1562 bytes]","args":[{"selector":{"controlType":"sap.ui.core.Icon","viewName":"etm.portal.ui.iscorders.view.Master","viewId":"application-iscorders-display-component---orderList","properties":{"src":{"regex":{"source":"slim\\-arrow\\-down"}}},"ancestor":{"controlType":"sap.m.MultiComboBox","viewName":"etm.portal.ui.iscorders.view.Master","viewId":"application-iscorders-display-component---orderList","labelFor":{"text":"Status"}}},"wdio_ui5_key":"etmportal.ui.iscorders.view.Mastersap.ui.core.Icon{\"src\":{\"regex\":{\"source\":\"slim\\\\-arrow\\\\-down\"}}}{\"controlType\":\"sap.m.MultiComboBox\",\"viewName\":\"etm.portal.ui.iscorders.view.Master\",\"viewId\":\"application-iscorders-display-component---orderList\",\"labelFor\":{\"text\":\"Status\"}}"}]}
RESULT: {"script":"<script> [1562 bytes]","args":[{"selector":{"controlType":"sap.ui.core.Icon","viewName":"etm.portal.ui.iscorders.view.Master","viewId":"application-iscorders-display-component---orderList","properties":{"src":{"regex":{"source":"slim\\-arrow\\-down"}}},"ancestor":{"controlType":"sap.m.MultiComboBox","viewName":"etm.portal.ui.iscorders.view.Master","viewId":"application-iscorders-display-component---orderList","labelFor":{"text":"Status"}}},"wdio_ui5_key":"etmportal.ui.iscorders.view.Mastersap.ui.core.Icon{\"src\":{\"regex\":{\"source\":\"slim\\\\-arrow\\\\-down\"}}}{\"controlType\":\"sap.m.MultiComboBox\",\"viewName\":\"etm.portal.ui.iscorders.view.Master\",\"viewId\":\"application-iscorders-display-component---orderList\",\"labelFor\":{\"text\":\"Status\"}}"}]}
RESULT: undefined
COMMAND: POST /session/f13a764c77baee3c52c4f0d7f7064bd2/element - {"using":"xpath","value":"//*[@id=\"__box4-arrow\"]"}
RESULT: {"using":"xpath","value":"//*[@id=\"__box4-arrow\"]"}
COMMAND: POST /session/f13a764c77baee3c52c4f0d7f7064bd2/element/f.054B8102AA40F5557A008067B4ABF8EF.d.51E883209F78FA11EA9BFE41FA4A9333.e.2967/click - {}
RESULT: {}
COMMAND: POST /session/f13a764c77baee3c52c4f0d7f7064bd2/execute/async - {"script":"<script> [1562 bytes]","args":[{"selector":{"controlType":"sap.m.StandardListItem","viewName":"etm.portal.ui.iscorders.view.Master","viewId":"application-iscorders-display-component---orderList","properties":{"title":"confirm - not OK"},"searchOpenDialogs":true,"interaction":{"idSuffix":"titleText"}},"wdio_ui5_key":"etmportal.ui.iscorders.view.Mastersap.m.StandardListItem{\"title\":\"confirm - not OK\"}"}]}
COMMAND: GET /session/f13a764c77baee3c52c4f0d7f7064bd2/screenshot - {}
RESULT: {"script":"<script> [1562 bytes]","args":[{"selector":{"controlType":"sap.m.StandardListItem","viewName":"etm.portal.ui.iscorders.view.Master","viewId":"application-iscorders-display-component---orderList","properties":{"title":"confirm - not OK"},"searchOpenDialogs":true,"interaction":{"idSuffix":"titleText"}},"wdio_ui5_key":"etmportal.ui.iscorders.view.Mastersap.m.StandardListItem{\"title\":\"confirm - not OK\"}"}]}
RESULT: undefined
RESULT: {}
COMMAND: POST /session/f13a764c77baee3c52c4f0d7f7064bd2/execute/async - {"script":"<script> [1562 bytes]","args":[{"selector":{"controlType":"sap.m.Button","properties":{"text":"OK"},"searchOpenDialogs":true,"ancestor":{"controlType":"sap.m.Dialog","properties":{"icon":"sap-icon://alert"},"searchOpenDialogs":true},"interaction":{"idSuffix":"inner"}},"wdio_ui5_key":"sapm.Button{\"text\":\"OK\"}{\"controlType\":\"sap.m.Dialog\",\"properties\":{\"icon\":\"sap-icon://alert\"},\"searchOpenDialogs\":true}"}]}
RESULT: {"script":"<script> [1562 bytes]","args":[{"selector":{"controlType":"sap.m.Button","properties":{"text":"OK"},"searchOpenDialogs":true,"ancestor":{"controlType":"sap.m.Dialog","properties":{"icon":"sap-icon://alert"},"searchOpenDialogs":true},"interaction":{"idSuffix":"inner"}},"wdio_ui5_key":"sapm.Button{\"text\":\"OK\"}{\"controlType\":\"sap.m.Dialog\",\"properties\":{\"icon\":\"sap-icon://alert\"},\"searchOpenDialogs\":true}"}]}
RESULT: undefined
COMMAND: POST /session/f13a764c77baee3c52c4f0d7f7064bd2/execute/async - {"script":"<script> [1562 bytes]","args":[{"selector":{"controlType":"sap.ui.comp.smarttable.SmartTable","viewName":"etm.portal.ui.iscorders.view.Master","id":"application-iscorders-display-component---orderList--smartTable"},"wdio_ui5_key":"applicationiscorders-display-component---orderList--smartTableetm.portal.ui.iscorders.view.Mastersap.ui.comp.smarttable.SmartTable"}]}
RESULT: {"script":"<script> [1562 bytes]","args":[{"selector":{"controlType":"sap.ui.comp.smarttable.SmartTable","viewName":"etm.portal.ui.iscorders.view.Master","id":"application-iscorders-display-component---orderList--smartTable"},"wdio_ui5_key":"applicationiscorders-display-component---orderList--smartTableetm.portal.ui.iscorders.view.Mastersap.ui.comp.smarttable.SmartTable"}]}
RESULT: undefined
COMMAND: POST /session/f13a764c77baee3c52c4f0d7f7064bd2/execute/async - {"script":"<script> [6424 bytes]","args":[{"element-6066-11e4-a52e-4f735466cecf":"f.054B8102AA40F5557A008067B4ABF8EF.d.51E883209F78FA11EA9BFE41FA4A9333.e.2975"},"getItems",[]]}
RESULT: {"script":"<script> [6424 bytes]","args":[{"element-6066-11e4-a52e-4f735466cecf":"f.054B8102AA40F5557A008067B4ABF8EF.d.51E883209F78FA11EA9BFE41FA4A9333.e.2975"},"getItems",[]]}
COMMAND: POST /session/f13a764c77baee3c52c4f0d7f7064bd2/execute/async - {"script":"<script> [1562 bytes]","args":[{"wdio_ui5_key":"application-iscorders-display-component---orderList--customOrdersTable","selector":{"id":"application-iscorders-display-component---orderList--customOrdersTable"}}]}
RESULT: {"script":"<script> [1562 bytes]","args":[{"wdio_ui5_key":"application-iscorders-display-component---orderList--customOrdersTable","selector":{"id":"application-iscorders-display-component---orderList--customOrdersTable"}}]}
RESULT: undefined
COMMAND: POST /session/f13a764c77baee3c52c4f0d7f7064bd2/element - {"using":"css selector","value":"#shell-header-logo"}
RESULT: {"using":"css selector","value":"#shell-header-logo"}
COMMAND: POST /session/f13a764c77baee3c52c4f0d7f7064bd2/element/f.054B8102AA40F5557A008067B4ABF8EF.d.51E883209F78FA11EA9BFE41FA4A9333.e.2870/click - {}
RESULT: {}
COMMAND: GET /session/f13a764c77baee3c52c4f0d7f7064bd2/screenshot - {}
RESULT: {}
COMMAND: POST /session/f13a764c77baee3c52c4f0d7f7064bd2/refresh - {}
RESULT: {}
COMMAND: GET /session/f13a764c77baee3c52c4f0d7f7064bd2/screenshot - {}
RESULT: {}
COMMAND: POST /session/f13a764c77baee3c52c4f0d7f7064bd2/refresh - {}
RESULT: {}
COMMAND: GET /session/f13a764c77baee3c52c4f0d7f7064bd2/screenshot - {}
RESULT: {}
COMMAND: POST /session/f13a764c77baee3c52c4f0d7f7064bd2/window/fullscreen - {}
RESULT: {}
COMMAND: POST /session/f13a764c77baee3c52c4f0d7f7064bd2/execute/async - {"script":"<script> [189 bytes]","args":[]}
RESULT: {"script":"<script> [189 bytes]","args":[]}
COMMAND: POST /session/f13a764c77baee3c52c4f0d7f7064bd2/execute/async - {"script":"<script> [123 bytes]","args":[]}
RESULT: {"script":"<script> [123 bytes]","args":[]}
COMMAND: POST /session/f13a764c77baee3c52c4f0d7f7064bd2/timeouts - {"script":"<number>"}
RESULT: {"script":"<number>"}
COMMAND: GET /session/f13a764c77baee3c52c4f0d7f7064bd2/timeouts - {}
RESULT: {}
RESULT: undefined
COMMAND: POST /session/f13a764c77baee3c52c4f0d7f7064bd2/execute/async - {"script":"<script> [2676 bytes]","args":[]}
RESULT: {"script":"<script> [2676 bytes]","args":[]}
COMMAND: POST /session/f13a764c77baee3c52c4f0d7f7064bd2/execute/async - {"script":"<script> [2342 bytes]","args":[{"protocol":"http","hostname":"0.0.0.0","path":"/","capabilities":{"browserName":"chrome","goog:chromeOptions":{"binary":"C:\\Program Files\\Google\\Chrome\\Application\\chrome.exe","args":["--start-maximized"]}},"logLevel":"warn","connectionRetryTimeout":120000,"connectionRetryCount":3,"logLevels":{},"enableDirectConnect":true,"strictSSL":true,"_":"65 more keys: [\"cacheDir\",\"port\",\"requestedCapabilities\",\"automationProtocol\",\"baseUrl\",\"waitforInterval\",\"waitforTimeout\",\"onReload\",\"beforeCommand\",\"afterCommand\",\"rootDir\",\"specs\",\"suites\",\"exclude\",\"groupLogsByTestSpec\",\"excludeDriverLogs\",\"bail\",\"framework\",\"reporters\",\"services\",\"maxInstances\",\"maxInstancesPerCapability\",\"injectGlobals\",\"filesToWatch\",\"execArgv\",\"runnerEnv\",\"runner\",\"shard\",\"specFileRetries\",\"specFileRetriesDelay\",\"specFileRetriesDeferred\",\"reporterSyncInterval\",\"reporterSyncTimeout\",\"cucumberFeaturesWithLineNumbers\",\"autoCompileOpts\",\"mochaOpts\",\"jasmineOpts\",\"cucumberOpts\",\"onPrepare\",\"onWorkerStart\",\"onWorkerEnd\",\"before\",\"beforeSession\",\"beforeSuite\",\"beforeHook\",\"beforeTest\",\"afterTest\",\"afterHook\",\"afterSuite\",\"afterSession\",\"after\",\"onComplete\",\"beforeAssertion\",\"afterAssertion\",\"beforeFeature\",\"beforeScenario\",\"beforeStep\",\"afterStep\",\"afterScenario\",\"afterFeature\",\"_\",\"suite\",\"$0\",\"ignoredWorkerServices\",\"wdi5\"]"}]}
RESULT: {"script":"<script> [2342 bytes]","args":[{"protocol":"http","hostname":"0.0.0.0","path":"/","capabilities":{"browserName":"chrome","goog:chromeOptions":{"binary":"C:\\Program Files\\Google\\Chrome\\Application\\chrome.exe","args":["--start-maximized"]}},"logLevel":"warn","connectionRetryTimeout":120000,"connectionRetryCount":3,"logLevels":{},"enableDirectConnect":true,"strictSSL":true,"_":"65 more keys: [\"cacheDir\",\"port\",\"requestedCapabilities\",\"automationProtocol\",\"baseUrl\",\"waitforInterval\",\"waitforTimeout\",\"onReload\",\"beforeCommand\",\"afterCommand\",\"rootDir\",\"specs\",\"suites\",\"exclude\",\"groupLogsByTestSpec\",\"excludeDriverLogs\",\"bail\",\"framework\",\"reporters\",\"services\",\"maxInstances\",\"maxInstancesPerCapability\",\"injectGlobals\",\"filesToWatch\",\"execArgv\",\"runnerEnv\",\"runner\",\"shard\",\"specFileRetries\",\"specFileRetriesDelay\",\"specFileRetriesDeferred\",\"reporterSyncInterval\",\"reporterSyncTimeout\",\"cucumberFeaturesWithLineNumbers\",\"autoCompileOpts\",\"mochaOpts\",\"jasmineOpts\",\"cucumberOpts\",\"onPrepare\",\"onWorkerStart\",\"onWorkerEnd\",\"before\",\"beforeSession\",\"beforeSuite\",\"beforeHook\",\"beforeTest\",\"afterTest\",\"afterHook\",\"afterSuite\",\"afterSession\",\"after\",\"onComplete\",\"beforeAssertion\",\"afterAssertion\",\"beforeFeature\",\"beforeScenario\",\"beforeStep\",\"afterStep\",\"afterScenario\",\"afterFeature\",\"_\",\"suite\",\"$0\",\"ignoredWorkerServices\",\"wdi5\"]"}]}
COMMAND: POST /session/f13a764c77baee3c52c4f0d7f7064bd2/execute/async - {"script":"<script> [21126 bytes]","args":[35000]}
RESULT: {"script":"<script> [21126 bytes]","args":[35000]}
]]></system-out>
    </testcase>
    <testcase classname="chrome.137_0_7151_69.windows.Verify_smart_filtering_on_ISC_orders_US116616" name="Should filter usign STATUS canceled" time="69.084">
      <system-out><![CDATA[
COMMAND: POST /session/f13a764c77baee3c52c4f0d7f7064bd2/execute/async - {"script":"<script> [1562 bytes]","args":[{"selector":{"controlType":"sap.m.GenericTile","properties":{"header":"ISC Orders"}},"wdio_ui5_key":"sapm.GenericTile{\"header\":\"ISC Orders\"}"}]}
RESULT: {"script":"<script> [1562 bytes]","args":[{"selector":{"controlType":"sap.m.GenericTile","properties":{"header":"ISC Orders"}},"wdio_ui5_key":"sapm.GenericTile{\"header\":\"ISC Orders\"}"}]}
RESULT: undefined
COMMAND: POST /session/f13a764c77baee3c52c4f0d7f7064bd2/element - {"using":"xpath","value":"//*[@id=\"__tile109\"]"}
RESULT: {"using":"xpath","value":"//*[@id=\"__tile109\"]"}
COMMAND: POST /session/f13a764c77baee3c52c4f0d7f7064bd2/element/f.054B8102AA40F5557A008067B4ABF8EF.d.A7128476D048188D359A87A7D2905D2C.e.3124/click - {}
RESULT: {}
COMMAND: GET /session/f13a764c77baee3c52c4f0d7f7064bd2/screenshot - {}
RESULT: {}
COMMAND: POST /session/f13a764c77baee3c52c4f0d7f7064bd2/elements - {"using":"xpath","value":"//span[text()='Error']"}
RESULT: {"using":"xpath","value":"//span[text()='Error']"}
COMMAND: POST /session/f13a764c77baee3c52c4f0d7f7064bd2/execute/async - {"script":"<script> [1562 bytes]","args":[{"selector":{"controlType":"sap.ui.core.Icon","viewName":"etm.portal.ui.iscorders.view.Master","viewId":"application-iscorders-display-component---orderList","properties":{"src":{"regex":{"source":"slim\\-arrow\\-down"}}},"ancestor":{"controlType":"sap.m.MultiComboBox","viewName":"etm.portal.ui.iscorders.view.Master","viewId":"application-iscorders-display-component---orderList","labelFor":{"text":"Status"}}},"wdio_ui5_key":"etmportal.ui.iscorders.view.Mastersap.ui.core.Icon{\"src\":{\"regex\":{\"source\":\"slim\\\\-arrow\\\\-down\"}}}{\"controlType\":\"sap.m.MultiComboBox\",\"viewName\":\"etm.portal.ui.iscorders.view.Master\",\"viewId\":\"application-iscorders-display-component---orderList\",\"labelFor\":{\"text\":\"Status\"}}"}]}
RESULT: {"script":"<script> [1562 bytes]","args":[{"selector":{"controlType":"sap.ui.core.Icon","viewName":"etm.portal.ui.iscorders.view.Master","viewId":"application-iscorders-display-component---orderList","properties":{"src":{"regex":{"source":"slim\\-arrow\\-down"}}},"ancestor":{"controlType":"sap.m.MultiComboBox","viewName":"etm.portal.ui.iscorders.view.Master","viewId":"application-iscorders-display-component---orderList","labelFor":{"text":"Status"}}},"wdio_ui5_key":"etmportal.ui.iscorders.view.Mastersap.ui.core.Icon{\"src\":{\"regex\":{\"source\":\"slim\\\\-arrow\\\\-down\"}}}{\"controlType\":\"sap.m.MultiComboBox\",\"viewName\":\"etm.portal.ui.iscorders.view.Master\",\"viewId\":\"application-iscorders-display-component---orderList\",\"labelFor\":{\"text\":\"Status\"}}"}]}
RESULT: undefined
COMMAND: POST /session/f13a764c77baee3c52c4f0d7f7064bd2/element - {"using":"xpath","value":"//*[@id=\"__box4-arrow\"]"}
RESULT: {"using":"xpath","value":"//*[@id=\"__box4-arrow\"]"}
COMMAND: POST /session/f13a764c77baee3c52c4f0d7f7064bd2/element/f.054B8102AA40F5557A008067B4ABF8EF.d.A7128476D048188D359A87A7D2905D2C.e.3222/click - {}
RESULT: {}
COMMAND: POST /session/f13a764c77baee3c52c4f0d7f7064bd2/execute/async - {"script":"<script> [1562 bytes]","args":[{"selector":{"controlType":"sap.m.StandardListItem","viewName":"etm.portal.ui.iscorders.view.Master","viewId":"application-iscorders-display-component---orderList","properties":{"title":"canceled"},"searchOpenDialogs":true,"interaction":{"idSuffix":"titleText"}},"wdio_ui5_key":"etmportal.ui.iscorders.view.Mastersap.m.StandardListItem{\"title\":\"canceled\"}"}]}
COMMAND: GET /session/f13a764c77baee3c52c4f0d7f7064bd2/screenshot - {}
RESULT: {"script":"<script> [1562 bytes]","args":[{"selector":{"controlType":"sap.m.StandardListItem","viewName":"etm.portal.ui.iscorders.view.Master","viewId":"application-iscorders-display-component---orderList","properties":{"title":"canceled"},"searchOpenDialogs":true,"interaction":{"idSuffix":"titleText"}},"wdio_ui5_key":"etmportal.ui.iscorders.view.Mastersap.m.StandardListItem{\"title\":\"canceled\"}"}]}
RESULT: undefined
COMMAND: POST /session/f13a764c77baee3c52c4f0d7f7064bd2/element - {"using":"xpath","value":"//*[@id=\"__item47\"]"}
RESULT: {}
RESULT: {"using":"xpath","value":"//*[@id=\"__item47\"]"}
COMMAND: POST /session/f13a764c77baee3c52c4f0d7f7064bd2/element/f.054B8102AA40F5557A008067B4ABF8EF.d.A7128476D048188D359A87A7D2905D2C.e.3233/click - {}
RESULT: {}
COMMAND: GET /session/f13a764c77baee3c52c4f0d7f7064bd2/screenshot - {}
RESULT: {}
COMMAND: POST /session/f13a764c77baee3c52c4f0d7f7064bd2/execute/async - {"script":"<script> [1562 bytes]","args":[{"selector":{"controlType":"sap.m.Button","properties":{"text":"OK"},"searchOpenDialogs":true,"ancestor":{"controlType":"sap.m.Dialog","properties":{"icon":"sap-icon://alert"},"searchOpenDialogs":true},"interaction":{"idSuffix":"inner"}},"wdio_ui5_key":"sapm.Button{\"text\":\"OK\"}{\"controlType\":\"sap.m.Dialog\",\"properties\":{\"icon\":\"sap-icon://alert\"},\"searchOpenDialogs\":true}"}]}
RESULT: {"script":"<script> [1562 bytes]","args":[{"selector":{"controlType":"sap.m.Button","properties":{"text":"OK"},"searchOpenDialogs":true,"ancestor":{"controlType":"sap.m.Dialog","properties":{"icon":"sap-icon://alert"},"searchOpenDialogs":true},"interaction":{"idSuffix":"inner"}},"wdio_ui5_key":"sapm.Button{\"text\":\"OK\"}{\"controlType\":\"sap.m.Dialog\",\"properties\":{\"icon\":\"sap-icon://alert\"},\"searchOpenDialogs\":true}"}]}
RESULT: undefined
COMMAND: POST /session/f13a764c77baee3c52c4f0d7f7064bd2/execute/async - {"script":"<script> [1562 bytes]","args":[{"selector":{"controlType":"sap.ui.comp.smarttable.SmartTable","viewName":"etm.portal.ui.iscorders.view.Master","id":"application-iscorders-display-component---orderList--smartTable"},"wdio_ui5_key":"applicationiscorders-display-component---orderList--smartTableetm.portal.ui.iscorders.view.Mastersap.ui.comp.smarttable.SmartTable"}]}
RESULT: {"script":"<script> [1562 bytes]","args":[{"selector":{"controlType":"sap.ui.comp.smarttable.SmartTable","viewName":"etm.portal.ui.iscorders.view.Master","id":"application-iscorders-display-component---orderList--smartTable"},"wdio_ui5_key":"applicationiscorders-display-component---orderList--smartTableetm.portal.ui.iscorders.view.Mastersap.ui.comp.smarttable.SmartTable"}]}
RESULT: undefined
COMMAND: POST /session/f13a764c77baee3c52c4f0d7f7064bd2/execute/async - {"script":"<script> [6424 bytes]","args":[{"element-6066-11e4-a52e-4f735466cecf":"f.054B8102AA40F5557A008067B4ABF8EF.d.A7128476D048188D359A87A7D2905D2C.e.3274"},"getItems",[]]}
RESULT: {"script":"<script> [6424 bytes]","args":[{"element-6066-11e4-a52e-4f735466cecf":"f.054B8102AA40F5557A008067B4ABF8EF.d.A7128476D048188D359A87A7D2905D2C.e.3274"},"getItems",[]]}
COMMAND: POST /session/f13a764c77baee3c52c4f0d7f7064bd2/execute/async - {"script":"<script> [1562 bytes]","args":[{"wdio_ui5_key":"application-iscorders-display-component---orderList--customOrdersTable","selector":{"id":"application-iscorders-display-component---orderList--customOrdersTable"}}]}
RESULT: {"script":"<script> [1562 bytes]","args":[{"wdio_ui5_key":"application-iscorders-display-component---orderList--customOrdersTable","selector":{"id":"application-iscorders-display-component---orderList--customOrdersTable"}}]}
RESULT: undefined
COMMAND: POST /session/f13a764c77baee3c52c4f0d7f7064bd2/element - {"using":"css selector","value":"#shell-header-logo"}
RESULT: {"using":"css selector","value":"#shell-header-logo"}
COMMAND: POST /session/f13a764c77baee3c52c4f0d7f7064bd2/element/f.054B8102AA40F5557A008067B4ABF8EF.d.A7128476D048188D359A87A7D2905D2C.e.3127/click - {}
RESULT: {}
COMMAND: GET /session/f13a764c77baee3c52c4f0d7f7064bd2/screenshot - {}
RESULT: {}
COMMAND: POST /session/f13a764c77baee3c52c4f0d7f7064bd2/refresh - {}
RESULT: {}
COMMAND: GET /session/f13a764c77baee3c52c4f0d7f7064bd2/screenshot - {}
RESULT: {}
COMMAND: POST /session/f13a764c77baee3c52c4f0d7f7064bd2/refresh - {}
RESULT: {}
COMMAND: GET /session/f13a764c77baee3c52c4f0d7f7064bd2/screenshot - {}
RESULT: {}
COMMAND: POST /session/f13a764c77baee3c52c4f0d7f7064bd2/window/fullscreen - {}
RESULT: {}
COMMAND: POST /session/f13a764c77baee3c52c4f0d7f7064bd2/execute/async - {"script":"<script> [189 bytes]","args":[]}
RESULT: {"script":"<script> [189 bytes]","args":[]}
COMMAND: POST /session/f13a764c77baee3c52c4f0d7f7064bd2/execute/async - {"script":"<script> [123 bytes]","args":[]}
RESULT: {"script":"<script> [123 bytes]","args":[]}
COMMAND: POST /session/f13a764c77baee3c52c4f0d7f7064bd2/timeouts - {"script":"<number>"}
RESULT: {"script":"<number>"}
COMMAND: GET /session/f13a764c77baee3c52c4f0d7f7064bd2/timeouts - {}
RESULT: {}
RESULT: undefined
COMMAND: POST /session/f13a764c77baee3c52c4f0d7f7064bd2/execute/async - {"script":"<script> [2676 bytes]","args":[]}
RESULT: {"script":"<script> [2676 bytes]","args":[]}
COMMAND: POST /session/f13a764c77baee3c52c4f0d7f7064bd2/execute/async - {"script":"<script> [2342 bytes]","args":[{"protocol":"http","hostname":"0.0.0.0","path":"/","capabilities":{"browserName":"chrome","goog:chromeOptions":{"binary":"C:\\Program Files\\Google\\Chrome\\Application\\chrome.exe","args":["--start-maximized"]}},"logLevel":"warn","connectionRetryTimeout":120000,"connectionRetryCount":3,"logLevels":{},"enableDirectConnect":true,"strictSSL":true,"_":"65 more keys: [\"cacheDir\",\"port\",\"requestedCapabilities\",\"automationProtocol\",\"baseUrl\",\"waitforInterval\",\"waitforTimeout\",\"onReload\",\"beforeCommand\",\"afterCommand\",\"rootDir\",\"specs\",\"suites\",\"exclude\",\"groupLogsByTestSpec\",\"excludeDriverLogs\",\"bail\",\"framework\",\"reporters\",\"services\",\"maxInstances\",\"maxInstancesPerCapability\",\"injectGlobals\",\"filesToWatch\",\"execArgv\",\"runnerEnv\",\"runner\",\"shard\",\"specFileRetries\",\"specFileRetriesDelay\",\"specFileRetriesDeferred\",\"reporterSyncInterval\",\"reporterSyncTimeout\",\"cucumberFeaturesWithLineNumbers\",\"autoCompileOpts\",\"mochaOpts\",\"jasmineOpts\",\"cucumberOpts\",\"onPrepare\",\"onWorkerStart\",\"onWorkerEnd\",\"before\",\"beforeSession\",\"beforeSuite\",\"beforeHook\",\"beforeTest\",\"afterTest\",\"afterHook\",\"afterSuite\",\"afterSession\",\"after\",\"onComplete\",\"beforeAssertion\",\"afterAssertion\",\"beforeFeature\",\"beforeScenario\",\"beforeStep\",\"afterStep\",\"afterScenario\",\"afterFeature\",\"_\",\"suite\",\"$0\",\"ignoredWorkerServices\",\"wdi5\"]"}]}
RESULT: {"script":"<script> [2342 bytes]","args":[{"protocol":"http","hostname":"0.0.0.0","path":"/","capabilities":{"browserName":"chrome","goog:chromeOptions":{"binary":"C:\\Program Files\\Google\\Chrome\\Application\\chrome.exe","args":["--start-maximized"]}},"logLevel":"warn","connectionRetryTimeout":120000,"connectionRetryCount":3,"logLevels":{},"enableDirectConnect":true,"strictSSL":true,"_":"65 more keys: [\"cacheDir\",\"port\",\"requestedCapabilities\",\"automationProtocol\",\"baseUrl\",\"waitforInterval\",\"waitforTimeout\",\"onReload\",\"beforeCommand\",\"afterCommand\",\"rootDir\",\"specs\",\"suites\",\"exclude\",\"groupLogsByTestSpec\",\"excludeDriverLogs\",\"bail\",\"framework\",\"reporters\",\"services\",\"maxInstances\",\"maxInstancesPerCapability\",\"injectGlobals\",\"filesToWatch\",\"execArgv\",\"runnerEnv\",\"runner\",\"shard\",\"specFileRetries\",\"specFileRetriesDelay\",\"specFileRetriesDeferred\",\"reporterSyncInterval\",\"reporterSyncTimeout\",\"cucumberFeaturesWithLineNumbers\",\"autoCompileOpts\",\"mochaOpts\",\"jasmineOpts\",\"cucumberOpts\",\"onPrepare\",\"onWorkerStart\",\"onWorkerEnd\",\"before\",\"beforeSession\",\"beforeSuite\",\"beforeHook\",\"beforeTest\",\"afterTest\",\"afterHook\",\"afterSuite\",\"afterSession\",\"after\",\"onComplete\",\"beforeAssertion\",\"afterAssertion\",\"beforeFeature\",\"beforeScenario\",\"beforeStep\",\"afterStep\",\"afterScenario\",\"afterFeature\",\"_\",\"suite\",\"$0\",\"ignoredWorkerServices\",\"wdi5\"]"}]}
COMMAND: POST /session/f13a764c77baee3c52c4f0d7f7064bd2/execute/async - {"script":"<script> [21126 bytes]","args":[35000]}
RESULT: {"script":"<script> [21126 bytes]","args":[35000]}
]]></system-out>
    </testcase>
    <testcase classname="chrome.137_0_7151_69.windows.Verify_smart_filtering_on_ISC_orders_US116616" name="Should filter usign STATUS released" time="35.672">
      <system-out><![CDATA[
COMMAND: POST /session/f13a764c77baee3c52c4f0d7f7064bd2/execute/async - {"script":"<script> [1562 bytes]","args":[{"selector":{"controlType":"sap.m.GenericTile","properties":{"header":"ISC Orders"}},"wdio_ui5_key":"sapm.GenericTile{\"header\":\"ISC Orders\"}"}]}
RESULT: {"script":"<script> [1562 bytes]","args":[{"selector":{"controlType":"sap.m.GenericTile","properties":{"header":"ISC Orders"}},"wdio_ui5_key":"sapm.GenericTile{\"header\":\"ISC Orders\"}"}]}
RESULT: undefined
COMMAND: POST /session/f13a764c77baee3c52c4f0d7f7064bd2/element - {"using":"xpath","value":"//*[@id=\"__tile109\"]"}
RESULT: {"using":"xpath","value":"//*[@id=\"__tile109\"]"}
COMMAND: POST /session/f13a764c77baee3c52c4f0d7f7064bd2/element/f.054B8102AA40F5557A008067B4ABF8EF.d.0D54067A9BE9918FFD0EC52C50A78160.e.3430/click - {}
RESULT: {}
COMMAND: GET /session/f13a764c77baee3c52c4f0d7f7064bd2/screenshot - {}
RESULT: {}
COMMAND: POST /session/f13a764c77baee3c52c4f0d7f7064bd2/elements - {"using":"xpath","value":"//span[text()='Error']"}
RESULT: {"using":"xpath","value":"//span[text()='Error']"}
COMMAND: POST /session/f13a764c77baee3c52c4f0d7f7064bd2/execute/async - {"script":"<script> [1562 bytes]","args":[{"selector":{"controlType":"sap.ui.core.Icon","viewName":"etm.portal.ui.iscorders.view.Master","viewId":"application-iscorders-display-component---orderList","properties":{"src":{"regex":{"source":"slim\\-arrow\\-down"}}},"ancestor":{"controlType":"sap.m.MultiComboBox","viewName":"etm.portal.ui.iscorders.view.Master","viewId":"application-iscorders-display-component---orderList","labelFor":{"text":"Status"}}},"wdio_ui5_key":"etmportal.ui.iscorders.view.Mastersap.ui.core.Icon{\"src\":{\"regex\":{\"source\":\"slim\\\\-arrow\\\\-down\"}}}{\"controlType\":\"sap.m.MultiComboBox\",\"viewName\":\"etm.portal.ui.iscorders.view.Master\",\"viewId\":\"application-iscorders-display-component---orderList\",\"labelFor\":{\"text\":\"Status\"}}"}]}
RESULT: {"script":"<script> [1562 bytes]","args":[{"selector":{"controlType":"sap.ui.core.Icon","viewName":"etm.portal.ui.iscorders.view.Master","viewId":"application-iscorders-display-component---orderList","properties":{"src":{"regex":{"source":"slim\\-arrow\\-down"}}},"ancestor":{"controlType":"sap.m.MultiComboBox","viewName":"etm.portal.ui.iscorders.view.Master","viewId":"application-iscorders-display-component---orderList","labelFor":{"text":"Status"}}},"wdio_ui5_key":"etmportal.ui.iscorders.view.Mastersap.ui.core.Icon{\"src\":{\"regex\":{\"source\":\"slim\\\\-arrow\\\\-down\"}}}{\"controlType\":\"sap.m.MultiComboBox\",\"viewName\":\"etm.portal.ui.iscorders.view.Master\",\"viewId\":\"application-iscorders-display-component---orderList\",\"labelFor\":{\"text\":\"Status\"}}"}]}
RESULT: undefined
COMMAND: POST /session/f13a764c77baee3c52c4f0d7f7064bd2/element - {"using":"xpath","value":"//*[@id=\"__box4-arrow\"]"}
RESULT: {"using":"xpath","value":"//*[@id=\"__box4-arrow\"]"}
COMMAND: POST /session/f13a764c77baee3c52c4f0d7f7064bd2/element/f.054B8102AA40F5557A008067B4ABF8EF.d.0D54067A9BE9918FFD0EC52C50A78160.e.3530/click - {}
RESULT: {}
COMMAND: POST /session/f13a764c77baee3c52c4f0d7f7064bd2/execute/async - {"script":"<script> [1562 bytes]","args":[{"selector":{"controlType":"sap.m.StandardListItem","viewName":"etm.portal.ui.iscorders.view.Master","viewId":"application-iscorders-display-component---orderList","properties":{"title":"released"},"searchOpenDialogs":true,"interaction":{"idSuffix":"titleText"}},"wdio_ui5_key":"etmportal.ui.iscorders.view.Mastersap.m.StandardListItem{\"title\":\"released\"}"}]}
COMMAND: GET /session/f13a764c77baee3c52c4f0d7f7064bd2/screenshot - {}
RESULT: {"script":"<script> [1562 bytes]","args":[{"selector":{"controlType":"sap.m.StandardListItem","viewName":"etm.portal.ui.iscorders.view.Master","viewId":"application-iscorders-display-component---orderList","properties":{"title":"released"},"searchOpenDialogs":true,"interaction":{"idSuffix":"titleText"}},"wdio_ui5_key":"etmportal.ui.iscorders.view.Mastersap.m.StandardListItem{\"title\":\"released\"}"}]}
RESULT: undefined
COMMAND: POST /session/f13a764c77baee3c52c4f0d7f7064bd2/element - {"using":"xpath","value":"//*[@id=\"__item49\"]"}
RESULT: {}
RESULT: {"using":"xpath","value":"//*[@id=\"__item49\"]"}
COMMAND: POST /session/f13a764c77baee3c52c4f0d7f7064bd2/element/f.054B8102AA40F5557A008067B4ABF8EF.d.0D54067A9BE9918FFD0EC52C50A78160.e.3539/click - {}
RESULT: {}
COMMAND: GET /session/f13a764c77baee3c52c4f0d7f7064bd2/screenshot - {}
RESULT: {}
COMMAND: POST /session/f13a764c77baee3c52c4f0d7f7064bd2/execute/async - {"script":"<script> [1562 bytes]","args":[{"selector":{"controlType":"sap.m.Button","properties":{"text":"OK"},"searchOpenDialogs":true,"ancestor":{"controlType":"sap.m.Dialog","properties":{"icon":"sap-icon://alert"},"searchOpenDialogs":true},"interaction":{"idSuffix":"inner"}},"wdio_ui5_key":"sapm.Button{\"text\":\"OK\"}{\"controlType\":\"sap.m.Dialog\",\"properties\":{\"icon\":\"sap-icon://alert\"},\"searchOpenDialogs\":true}"}]}
RESULT: {"script":"<script> [1562 bytes]","args":[{"selector":{"controlType":"sap.m.Button","properties":{"text":"OK"},"searchOpenDialogs":true,"ancestor":{"controlType":"sap.m.Dialog","properties":{"icon":"sap-icon://alert"},"searchOpenDialogs":true},"interaction":{"idSuffix":"inner"}},"wdio_ui5_key":"sapm.Button{\"text\":\"OK\"}{\"controlType\":\"sap.m.Dialog\",\"properties\":{\"icon\":\"sap-icon://alert\"},\"searchOpenDialogs\":true}"}]}
RESULT: undefined
COMMAND: POST /session/f13a764c77baee3c52c4f0d7f7064bd2/execute/async - {"script":"<script> [1562 bytes]","args":[{"selector":{"controlType":"sap.ui.comp.smarttable.SmartTable","viewName":"etm.portal.ui.iscorders.view.Master","id":"application-iscorders-display-component---orderList--smartTable"},"wdio_ui5_key":"applicationiscorders-display-component---orderList--smartTableetm.portal.ui.iscorders.view.Mastersap.ui.comp.smarttable.SmartTable"}]}
RESULT: {"script":"<script> [1562 bytes]","args":[{"selector":{"controlType":"sap.ui.comp.smarttable.SmartTable","viewName":"etm.portal.ui.iscorders.view.Master","id":"application-iscorders-display-component---orderList--smartTable"},"wdio_ui5_key":"applicationiscorders-display-component---orderList--smartTableetm.portal.ui.iscorders.view.Mastersap.ui.comp.smarttable.SmartTable"}]}
RESULT: undefined
COMMAND: POST /session/f13a764c77baee3c52c4f0d7f7064bd2/execute/async - {"script":"<script> [6424 bytes]","args":[{"element-6066-11e4-a52e-4f735466cecf":"f.054B8102AA40F5557A008067B4ABF8EF.d.0D54067A9BE9918FFD0EC52C50A78160.e.3605"},"getItems",[]]}
RESULT: {"script":"<script> [6424 bytes]","args":[{"element-6066-11e4-a52e-4f735466cecf":"f.054B8102AA40F5557A008067B4ABF8EF.d.0D54067A9BE9918FFD0EC52C50A78160.e.3605"},"getItems",[]]}
COMMAND: POST /session/f13a764c77baee3c52c4f0d7f7064bd2/execute/async - {"script":"<script> [1562 bytes]","args":[{"wdio_ui5_key":"application-iscorders-display-component---orderList--customOrdersTable","selector":{"id":"application-iscorders-display-component---orderList--customOrdersTable"}}]}
RESULT: {"script":"<script> [1562 bytes]","args":[{"wdio_ui5_key":"application-iscorders-display-component---orderList--customOrdersTable","selector":{"id":"application-iscorders-display-component---orderList--customOrdersTable"}}]}
RESULT: undefined
COMMAND: POST /session/f13a764c77baee3c52c4f0d7f7064bd2/element - {"using":"css selector","value":"#shell-header-logo"}
RESULT: {"using":"css selector","value":"#shell-header-logo"}
COMMAND: POST /session/f13a764c77baee3c52c4f0d7f7064bd2/element/f.054B8102AA40F5557A008067B4ABF8EF.d.0D54067A9BE9918FFD0EC52C50A78160.e.3434/click - {}
RESULT: {}
COMMAND: GET /session/f13a764c77baee3c52c4f0d7f7064bd2/screenshot - {}
RESULT: {}
COMMAND: POST /session/f13a764c77baee3c52c4f0d7f7064bd2/element - {"using":"css selector","value":"#j_username"}
COMMAND: POST /session/f13a764c77baee3c52c4f0d7f7064bd2/url - {"url":"https://qa-testing-00-live-etm-ui.cfapps.eu10-004.hana.ondemand.com/"}
RESULT: {"using":"css selector","value":"#j_username"}
COMMAND: POST /session/f13a764c77baee3c52c4f0d7f7064bd2/element - {"using":"css selector","value":"#j_username"}
RESULT: {"url":"https://qa-testing-00-live-etm-ui.cfapps.eu10-004.hana.ondemand.com/"}
RESULT: undefined
COMMAND: GET /session/f13a764c77baee3c52c4f0d7f7064bd2/screenshot - {}
RESULT: {"using":"css selector","value":"#j_username"}
COMMAND: POST /session/f13a764c77baee3c52c4f0d7f7064bd2/element - {"using":"css selector","value":"#shell-header-logo"}
RESULT: {}
RESULT: {"using":"css selector","value":"#shell-header-logo"}
COMMAND: POST /session/f13a764c77baee3c52c4f0d7f7064bd2/execute/sync - {"script":"<script> [8489 bytes]","args":[{"element-6066-11e4-a52e-4f735466cecf":"f.054B8102AA40F5557A008067B4ABF8EF.d.4D5FF90719A1563F3E3F324900A56EE9.e.3620","ELEMENT":"f.054B8102AA40F5557A008067B4ABF8EF.d.4D5FF90719A1563F3E3F324900A56EE9.e.3620"}]}
RESULT: {"script":"<script> [8489 bytes]","args":[{"element-6066-11e4-a52e-4f735466cecf":"f.054B8102AA40F5557A008067B4ABF8EF.d.4D5FF90719A1563F3E3F324900A56EE9.e.3620","ELEMENT":"f.054B8102AA40F5557A008067B4ABF8EF.d.4D5FF90719A1563F3E3F324900A56EE9.e.3620"}]}
COMMAND: POST /session/f13a764c77baee3c52c4f0d7f7064bd2/element - {"using":"css selector","value":"#shell-header-logo"}
COMMAND: GET /session/f13a764c77baee3c52c4f0d7f7064bd2/screenshot - {}
RESULT: {"using":"css selector","value":"#shell-header-logo"}
COMMAND: POST /session/f13a764c77baee3c52c4f0d7f7064bd2/execute/sync - {"script":"<script> [8489 bytes]","args":[{"element-6066-11e4-a52e-4f735466cecf":"f.054B8102AA40F5557A008067B4ABF8EF.d.4D5FF90719A1563F3E3F324900A56EE9.e.3620","ELEMENT":"f.054B8102AA40F5557A008067B4ABF8EF.d.4D5FF90719A1563F3E3F324900A56EE9.e.3620"}]}
RESULT: {}
RESULT: {"script":"<script> [8489 bytes]","args":[{"element-6066-11e4-a52e-4f735466cecf":"f.054B8102AA40F5557A008067B4ABF8EF.d.4D5FF90719A1563F3E3F324900A56EE9.e.3620","ELEMENT":"f.054B8102AA40F5557A008067B4ABF8EF.d.4D5FF90719A1563F3E3F324900A56EE9.e.3620"}]}
COMMAND: POST /session/f13a764c77baee3c52c4f0d7f7064bd2/execute/sync - {"script":"<script> [5351 bytes]","args":[{"element-6066-11e4-a52e-4f735466cecf":"f.054B8102AA40F5557A008067B4ABF8EF.d.4D5FF90719A1563F3E3F324900A56EE9.e.3620","ELEMENT":"f.054B8102AA40F5557A008067B4ABF8EF.d.4D5FF90719A1563F3E3F324900A56EE9.e.3620"}]}
COMMAND: GET /session/f13a764c77baee3c52c4f0d7f7064bd2/screenshot - {}
RESULT: {"script":"<script> [5351 bytes]","args":[{"element-6066-11e4-a52e-4f735466cecf":"f.054B8102AA40F5557A008067B4ABF8EF.d.4D5FF90719A1563F3E3F324900A56EE9.e.3620","ELEMENT":"f.054B8102AA40F5557A008067B4ABF8EF.d.4D5FF90719A1563F3E3F324900A56EE9.e.3620"}]}
COMMAND: POST /session/f13a764c77baee3c52c4f0d7f7064bd2/element - {"using":"css selector","value":"#shell-header-logo"}
COMMAND: GET /session/f13a764c77baee3c52c4f0d7f7064bd2/screenshot - {}
RESULT: {}
RESULT: {"using":"css selector","value":"#shell-header-logo"}
COMMAND: POST /session/f13a764c77baee3c52c4f0d7f7064bd2/element/f.054B8102AA40F5557A008067B4ABF8EF.d.4D5FF90719A1563F3E3F324900A56EE9.e.3620/click - {}
RESULT: {}
RESULT: {}
COMMAND: GET /session/f13a764c77baee3c52c4f0d7f7064bd2/screenshot - {}
RESULT: {}
COMMAND: POST /session/f13a764c77baee3c52c4f0d7f7064bd2/execute/async - {"script":"<script> [189 bytes]","args":[]}
RESULT: {"script":"<script> [189 bytes]","args":[]}
COMMAND: POST /session/f13a764c77baee3c52c4f0d7f7064bd2/execute/async - {"script":"<script> [123 bytes]","args":[]}
RESULT: {"script":"<script> [123 bytes]","args":[]}
COMMAND: POST /session/f13a764c77baee3c52c4f0d7f7064bd2/timeouts - {"script":"<number>"}
RESULT: {"script":"<number>"}
COMMAND: GET /session/f13a764c77baee3c52c4f0d7f7064bd2/timeouts - {}
RESULT: {}
RESULT: undefined
COMMAND: POST /session/f13a764c77baee3c52c4f0d7f7064bd2/execute/async - {"script":"<script> [2676 bytes]","args":[]}
RESULT: {"script":"<script> [2676 bytes]","args":[]}
COMMAND: POST /session/f13a764c77baee3c52c4f0d7f7064bd2/execute/async - {"script":"<script> [2342 bytes]","args":[{"protocol":"http","hostname":"0.0.0.0","path":"/","capabilities":{"browserName":"chrome","goog:chromeOptions":{"binary":"C:\\Program Files\\Google\\Chrome\\Application\\chrome.exe","args":["--start-maximized"]}},"logLevel":"warn","connectionRetryTimeout":120000,"connectionRetryCount":3,"logLevels":{},"enableDirectConnect":true,"strictSSL":true,"_":"65 more keys: [\"cacheDir\",\"port\",\"requestedCapabilities\",\"automationProtocol\",\"baseUrl\",\"waitforInterval\",\"waitforTimeout\",\"onReload\",\"beforeCommand\",\"afterCommand\",\"rootDir\",\"specs\",\"suites\",\"exclude\",\"groupLogsByTestSpec\",\"excludeDriverLogs\",\"bail\",\"framework\",\"reporters\",\"services\",\"maxInstances\",\"maxInstancesPerCapability\",\"injectGlobals\",\"filesToWatch\",\"execArgv\",\"runnerEnv\",\"runner\",\"shard\",\"specFileRetries\",\"specFileRetriesDelay\",\"specFileRetriesDeferred\",\"reporterSyncInterval\",\"reporterSyncTimeout\",\"cucumberFeaturesWithLineNumbers\",\"autoCompileOpts\",\"mochaOpts\",\"jasmineOpts\",\"cucumberOpts\",\"onPrepare\",\"onWorkerStart\",\"onWorkerEnd\",\"before\",\"beforeSession\",\"beforeSuite\",\"beforeHook\",\"beforeTest\",\"afterTest\",\"afterHook\",\"afterSuite\",\"afterSession\",\"after\",\"onComplete\",\"beforeAssertion\",\"afterAssertion\",\"beforeFeature\",\"beforeScenario\",\"beforeStep\",\"afterStep\",\"afterScenario\",\"afterFeature\",\"_\",\"suite\",\"$0\",\"ignoredWorkerServices\",\"wdi5\"]"}]}
RESULT: {"script":"<script> [2342 bytes]","args":[{"protocol":"http","hostname":"0.0.0.0","path":"/","capabilities":{"browserName":"chrome","goog:chromeOptions":{"binary":"C:\\Program Files\\Google\\Chrome\\Application\\chrome.exe","args":["--start-maximized"]}},"logLevel":"warn","connectionRetryTimeout":120000,"connectionRetryCount":3,"logLevels":{},"enableDirectConnect":true,"strictSSL":true,"_":"65 more keys: [\"cacheDir\",\"port\",\"requestedCapabilities\",\"automationProtocol\",\"baseUrl\",\"waitforInterval\",\"waitforTimeout\",\"onReload\",\"beforeCommand\",\"afterCommand\",\"rootDir\",\"specs\",\"suites\",\"exclude\",\"groupLogsByTestSpec\",\"excludeDriverLogs\",\"bail\",\"framework\",\"reporters\",\"services\",\"maxInstances\",\"maxInstancesPerCapability\",\"injectGlobals\",\"filesToWatch\",\"execArgv\",\"runnerEnv\",\"runner\",\"shard\",\"specFileRetries\",\"specFileRetriesDelay\",\"specFileRetriesDeferred\",\"reporterSyncInterval\",\"reporterSyncTimeout\",\"cucumberFeaturesWithLineNumbers\",\"autoCompileOpts\",\"mochaOpts\",\"jasmineOpts\",\"cucumberOpts\",\"onPrepare\",\"onWorkerStart\",\"onWorkerEnd\",\"before\",\"beforeSession\",\"beforeSuite\",\"beforeHook\",\"beforeTest\",\"afterTest\",\"afterHook\",\"afterSuite\",\"afterSession\",\"after\",\"onComplete\",\"beforeAssertion\",\"afterAssertion\",\"beforeFeature\",\"beforeScenario\",\"beforeStep\",\"afterStep\",\"afterScenario\",\"afterFeature\",\"_\",\"suite\",\"$0\",\"ignoredWorkerServices\",\"wdi5\"]"}]}
COMMAND: POST /session/f13a764c77baee3c52c4f0d7f7064bd2/execute/async - {"script":"<script> [21126 bytes]","args":[35000]}
RESULT: {"script":"<script> [21126 bytes]","args":[35000]}
COMMAND: POST /session/f13a764c77baee3c52c4f0d7f7064bd2/window/maximize - {}
RESULT: {}
COMMAND: POST /session/f13a764c77baee3c52c4f0d7f7064bd2/execute/async - {"script":"<script> [1562 bytes]","args":[{"selector":{"id":"shell-header","interaction":{"idSuffix":"icon"}},"wdio_ui5_key":"shellheader"}]}
COMMAND: GET /session/f13a764c77baee3c52c4f0d7f7064bd2/screenshot - {}
RESULT: {"script":"<script> [1562 bytes]","args":[{"selector":{"id":"shell-header","interaction":{"idSuffix":"icon"}},"wdio_ui5_key":"shellheader"}]}
RESULT: undefined
RESULT: {}
COMMAND: POST /session/f13a764c77baee3c52c4f0d7f7064bd2/execute/async - {"script":"<script> [1562 bytes]","args":[{"selector":{"controlType":"sap.m.Title","i18NText":{"propertyName":"text","key":"dataCollectionAgreement"},"searchOpenDialogs":true},"wdio_ui5_key":"sapm.Title{\"propertyName\":\"text\",\"key\":\"dataCollectionAgreement\"}"}]}
RESULT: {"script":"<script> [1562 bytes]","args":[{"selector":{"controlType":"sap.m.Title","i18NText":{"propertyName":"text","key":"dataCollectionAgreement"},"searchOpenDialogs":true},"wdio_ui5_key":"sapm.Title{\"propertyName\":\"text\",\"key\":\"dataCollectionAgreement\"}"}]}
RESULT: undefined
]]></system-out>
    </testcase>
  </testsuite>
  <testsuite timestamp="2025-06-14T16:46:36" time="86.55" tests="2" failures="0" errors="0" skipped="0">
    <properties>
      <property name="specId" value="0"/>
      <property name="suiteName" value="Create and verify Order using template US151480"/>
      <property name="capabilities" value="chrome.137_0_7151_69.windows"/>
      <property name="file" value="file:///D:/a/1/s/test/specs/ISC/create-and-verify-order-using-template.spec.js"/>
    </properties>
    <testcase classname="chrome.137_0_7151_69.windows.Create_and_verify_Order_using_template_US151480" name="Should create a new equipment" time="35.481">
      <system-out><![CDATA[
COMMAND: POST /session/f13a764c77baee3c52c4f0d7f7064bd2/execute/async - {"script":"<script> [1562 bytes]","args":[{"selector":{"controlType":"sap.m.GenericTile","properties":{"header":"Manage Resources"}},"wdio_ui5_key":"sapm.GenericTile{\"header\":\"Manage Resources\"}"}]}
RESULT: {"script":"<script> [1562 bytes]","args":[{"selector":{"controlType":"sap.m.GenericTile","properties":{"header":"Manage Resources"}},"wdio_ui5_key":"sapm.GenericTile{\"header\":\"Manage Resources\"}"}]}
RESULT: undefined
COMMAND: POST /session/f13a764c77baee3c52c4f0d7f7064bd2/element - {"using":"xpath","value":"//*[@id=\"__tile32\"]"}
RESULT: {"using":"xpath","value":"//*[@id=\"__tile32\"]"}
COMMAND: POST /session/f13a764c77baee3c52c4f0d7f7064bd2/element/f.054B8102AA40F5557A008067B4ABF8EF.d.4D5FF90719A1563F3E3F324900A56EE9.e.3644/click - {}
RESULT: {}
COMMAND: GET /session/f13a764c77baee3c52c4f0d7f7064bd2/screenshot - {}
RESULT: {}
COMMAND: POST /session/f13a764c77baee3c52c4f0d7f7064bd2/elements - {"using":"xpath","value":"//span[text()='Error']"}
RESULT: {"using":"xpath","value":"//span[text()='Error']"}
COMMAND: POST /session/f13a764c77baee3c52c4f0d7f7064bd2/element - {"using":"css selector","value":"#shell-header-logo"}
RESULT: {"using":"css selector","value":"#shell-header-logo"}
COMMAND: POST /session/f13a764c77baee3c52c4f0d7f7064bd2/element/f.054B8102AA40F5557A008067B4ABF8EF.d.4D5FF90719A1563F3E3F324900A56EE9.e.3620/click - {}
RESULT: {}
COMMAND: GET /session/f13a764c77baee3c52c4f0d7f7064bd2/screenshot - {}
RESULT: {}
]]></system-out>
    </testcase>
    <testcase classname="chrome.137_0_7151_69.windows.Create_and_verify_Order_using_template_US151480" name="Should create a ISC order with template then verify the resource compliance status" time="24.503">
      <system-out><![CDATA[
COMMAND: POST /session/f13a764c77baee3c52c4f0d7f7064bd2/execute/async - {"script":"<script> [1562 bytes]","args":[{"selector":{"controlType":"sap.m.GenericTile","properties":{"header":"ISC Orders"}},"wdio_ui5_key":"sapm.GenericTile{\"header\":\"ISC Orders\"}"}]}
RESULT: {"script":"<script> [1562 bytes]","args":[{"selector":{"controlType":"sap.m.GenericTile","properties":{"header":"ISC Orders"}},"wdio_ui5_key":"sapm.GenericTile{\"header\":\"ISC Orders\"}"}]}
RESULT: undefined
COMMAND: POST /session/f13a764c77baee3c52c4f0d7f7064bd2/element - {"using":"xpath","value":"//*[@id=\"__tile109\"]"}
RESULT: {"using":"xpath","value":"//*[@id=\"__tile109\"]"}
COMMAND: POST /session/f13a764c77baee3c52c4f0d7f7064bd2/element/f.054B8102AA40F5557A008067B4ABF8EF.d.4D5FF90719A1563F3E3F324900A56EE9.e.3916/click - {}
RESULT: {}
COMMAND: GET /session/f13a764c77baee3c52c4f0d7f7064bd2/screenshot - {}
COMMAND: POST /session/f13a764c77baee3c52c4f0d7f7064bd2/elements - {"using":"xpath","value":"//span[text()='Error']"}
RESULT: {}
RESULT: {"using":"xpath","value":"//span[text()='Error']"}
COMMAND: DELETE /session/f13a764c77baee3c52c4f0d7f7064bd2 - {}
RESULT: {}
]]></system-out>
    </testcase>
  </testsuite>
</testsuites>