<?xml version="1.0" encoding="UTF-8"?>
<testsuites tests="58" failures="5" errors="5" skipped="0">
  <testsuite timestamp="2025-05-06T17:14:17" time="1144.469" tests="11" failures="0" errors="0" skipped="0">
    <properties>
      <property name="specId" value="0" />
      <property name="suiteName" value="Billing confirm US117289" />
      <property name="capabilities" value="chrome.135_0_7049_115.windows" />
      <property name="file" value="file:///D:/a/1/s/test/specs/BTS/billing-confirm.spec.js" />
    </properties>
    <testcase classname="chrome.135_0_7049_115.windows.Billing_confirm_US117289" name="Should create a new yard" time="147.143">
      <system-out><![CDATA[
COMMAND: POST /session/6eb241deac570073510706dc7280b28b/window/fullscreen - {}
RESULT: {}
COMMAND: POST /session/6eb241deac570073510706dc7280b28b/execute/async - {"script":"<script> [1562 bytes]","args":[{"selector":{"controlType":"sap.m.GenericTile","properties":{"header":"Manage Yards"}},"wdio_ui5_key":"sapm.GenericTile{\"header\":\"Manage Yards\"}"}]}
RESULT: {"script":"<script> [1562 bytes]","args":[{"selector":{"controlType":"sap.m.GenericTile","properties":{"header":"Manage Yards"}},"wdio_ui5_key":"sapm.GenericTile{\"header\":\"Manage Yards\"}"}]}
RESULT: undefined
COMMAND: POST /session/6eb241deac570073510706dc7280b28b/element - {"using":"xpath","value":"//*[@id=\"__tile41\"]"}
RESULT: {"using":"xpath","value":"//*[@id=\"__tile41\"]"}
COMMAND: POST /session/6eb241deac570073510706dc7280b28b/element/f.451C0D83FD0E10390ED4567275622C99.d.177323DAFC1D6C600FEC71AE8EEC9521.e.167/click - {}
RESULT: {}
COMMAND: POST /session/6eb241deac570073510706dc7280b28b/element - {"using":"xpath","value":"//button[@data-kt=\"addNewYardOverflowToolbarButton\"]"}
COMMAND: GET /session/6eb241deac570073510706dc7280b28b/screenshot - {}
RESULT: {"using":"xpath","value":"//button[@data-kt=\"addNewYardOverflowToolbarButton\"]"}
COMMAND: POST /session/6eb241deac570073510706dc7280b28b/elements - {"using":"xpath","value":"//button[@data-kt=\"addNewYardOverflowToolbarButton\"]"}
RESULT: {}
RESULT: {"using":"xpath","value":"//button[@data-kt=\"addNewYardOverflowToolbarButton\"]"}
COMMAND: POST /session/6eb241deac570073510706dc7280b28b/elements - {"using":"xpath","value":"//button[@data-kt=\"addNewYardOverflowToolbarButton\"]"}
RESULT: {"using":"xpath","value":"//button[@data-kt=\"addNewYardOverflowToolbarButton\"]"}
COMMAND: POST /session/6eb241deac570073510706dc7280b28b/elements - {"using":"xpath","value":"//button[@data-kt=\"addNewYardOverflowToolbarButton\"]"}
RESULT: {"using":"xpath","value":"//button[@data-kt=\"addNewYardOverflowToolbarButton\"]"}
COMMAND: POST /session/6eb241deac570073510706dc7280b28b/elements - {"using":"xpath","value":"//button[@data-kt=\"addNewYardOverflowToolbarButton\"]"}
RESULT: {"using":"xpath","value":"//button[@data-kt=\"addNewYardOverflowToolbarButton\"]"}
COMMAND: POST /session/6eb241deac570073510706dc7280b28b/elements - {"using":"xpath","value":"//button[@data-kt=\"addNewYardOverflowToolbarButton\"]"}
RESULT: {"using":"xpath","value":"//button[@data-kt=\"addNewYardOverflowToolbarButton\"]"}
COMMAND: POST /session/6eb241deac570073510706dc7280b28b/elements - {"using":"xpath","value":"//button[@data-kt=\"addNewYardOverflowToolbarButton\"]"}
RESULT: {"using":"xpath","value":"//button[@data-kt=\"addNewYardOverflowToolbarButton\"]"}
COMMAND: POST /session/6eb241deac570073510706dc7280b28b/elements - {"using":"xpath","value":"//button[@data-kt=\"addNewYardOverflowToolbarButton\"]"}
RESULT: {"using":"xpath","value":"//button[@data-kt=\"addNewYardOverflowToolbarButton\"]"}
COMMAND: POST /session/6eb241deac570073510706dc7280b28b/elements - {"using":"xpath","value":"//button[@data-kt=\"addNewYardOverflowToolbarButton\"]"}
RESULT: {"using":"xpath","value":"//button[@data-kt=\"addNewYardOverflowToolbarButton\"]"}
COMMAND: POST /session/6eb241deac570073510706dc7280b28b/elements - {"using":"xpath","value":"//button[@data-kt=\"addNewYardOverflowToolbarButton\"]"}
RESULT: {"using":"xpath","value":"//button[@data-kt=\"addNewYardOverflowToolbarButton\"]"}
COMMAND: POST /session/6eb241deac570073510706dc7280b28b/elements - {"using":"xpath","value":"//button[@data-kt=\"addNewYardOverflowToolbarButton\"]"}
RESULT: {"using":"xpath","value":"//button[@data-kt=\"addNewYardOverflowToolbarButton\"]"}
COMMAND: POST /session/6eb241deac570073510706dc7280b28b/elements - {"using":"xpath","value":"//button[@data-kt=\"addNewYardOverflowToolbarButton\"]"}
RESULT: {"using":"xpath","value":"//button[@data-kt=\"addNewYardOverflowToolbarButton\"]"}
COMMAND: POST /session/6eb241deac570073510706dc7280b28b/elements - {"using":"xpath","value":"//button[@data-kt=\"addNewYardOverflowToolbarButton\"]"}
RESULT: {"using":"xpath","value":"//button[@data-kt=\"addNewYardOverflowToolbarButton\"]"}
COMMAND: POST /session/6eb241deac570073510706dc7280b28b/elements - {"using":"xpath","value":"//button[@data-kt=\"addNewYardOverflowToolbarButton\"]"}
RESULT: {"using":"xpath","value":"//button[@data-kt=\"addNewYardOverflowToolbarButton\"]"}
COMMAND: POST /session/6eb241deac570073510706dc7280b28b/elements - {"using":"xpath","value":"//button[@data-kt=\"addNewYardOverflowToolbarButton\"]"}
RESULT: {"using":"xpath","value":"//button[@data-kt=\"addNewYardOverflowToolbarButton\"]"}
COMMAND: POST /session/6eb241deac570073510706dc7280b28b/elements - {"using":"xpath","value":"//button[@data-kt=\"addNewYardOverflowToolbarButton\"]"}
RESULT: {"using":"xpath","value":"//button[@data-kt=\"addNewYardOverflowToolbarButton\"]"}
COMMAND: POST /session/6eb241deac570073510706dc7280b28b/elements - {"using":"xpath","value":"//button[@data-kt=\"addNewYardOverflowToolbarButton\"]"}
RESULT: {"using":"xpath","value":"//button[@data-kt=\"addNewYardOverflowToolbarButton\"]"}
COMMAND: POST /session/6eb241deac570073510706dc7280b28b/elements - {"using":"xpath","value":"//button[@data-kt=\"addNewYardOverflowToolbarButton\"]"}
RESULT: {"using":"xpath","value":"//button[@data-kt=\"addNewYardOverflowToolbarButton\"]"}
COMMAND: POST /session/6eb241deac570073510706dc7280b28b/elements - {"using":"xpath","value":"//button[@data-kt=\"addNewYardOverflowToolbarButton\"]"}
RESULT: {"using":"xpath","value":"//button[@data-kt=\"addNewYardOverflowToolbarButton\"]"}
COMMAND: POST /session/6eb241deac570073510706dc7280b28b/elements - {"using":"xpath","value":"//button[@data-kt=\"addNewYardOverflowToolbarButton\"]"}
RESULT: {"using":"xpath","value":"//button[@data-kt=\"addNewYardOverflowToolbarButton\"]"}
COMMAND: POST /session/6eb241deac570073510706dc7280b28b/elements - {"using":"xpath","value":"//button[@data-kt=\"addNewYardOverflowToolbarButton\"]"}
RESULT: {"using":"xpath","value":"//button[@data-kt=\"addNewYardOverflowToolbarButton\"]"}
COMMAND: POST /session/6eb241deac570073510706dc7280b28b/elements - {"using":"xpath","value":"//button[@data-kt=\"addNewYardOverflowToolbarButton\"]"}
RESULT: {"using":"xpath","value":"//button[@data-kt=\"addNewYardOverflowToolbarButton\"]"}
COMMAND: POST /session/6eb241deac570073510706dc7280b28b/elements - {"using":"xpath","value":"//button[@data-kt=\"addNewYardOverflowToolbarButton\"]"}
RESULT: {"using":"xpath","value":"//button[@data-kt=\"addNewYardOverflowToolbarButton\"]"}
COMMAND: POST /session/6eb241deac570073510706dc7280b28b/elements - {"using":"xpath","value":"//button[@data-kt=\"addNewYardOverflowToolbarButton\"]"}
RESULT: {"using":"xpath","value":"//button[@data-kt=\"addNewYardOverflowToolbarButton\"]"}
COMMAND: POST /session/6eb241deac570073510706dc7280b28b/elements - {"using":"xpath","value":"//button[@data-kt=\"addNewYardOverflowToolbarButton\"]"}
RESULT: {"using":"xpath","value":"//button[@data-kt=\"addNewYardOverflowToolbarButton\"]"}
COMMAND: POST /session/6eb241deac570073510706dc7280b28b/elements - {"using":"xpath","value":"//button[@data-kt=\"addNewYardOverflowToolbarButton\"]"}
RESULT: {"using":"xpath","value":"//button[@data-kt=\"addNewYardOverflowToolbarButton\"]"}
COMMAND: POST /session/6eb241deac570073510706dc7280b28b/elements - {"using":"xpath","value":"//button[@data-kt=\"addNewYardOverflowToolbarButton\"]"}
RESULT: {"using":"xpath","value":"//button[@data-kt=\"addNewYardOverflowToolbarButton\"]"}
COMMAND: POST /session/6eb241deac570073510706dc7280b28b/elements - {"using":"xpath","value":"//button[@data-kt=\"addNewYardOverflowToolbarButton\"]"}
RESULT: {"using":"xpath","value":"//button[@data-kt=\"addNewYardOverflowToolbarButton\"]"}
COMMAND: POST /session/6eb241deac570073510706dc7280b28b/elements - {"using":"xpath","value":"//button[@data-kt=\"addNewYardOverflowToolbarButton\"]"}
RESULT: {"using":"xpath","value":"//button[@data-kt=\"addNewYardOverflowToolbarButton\"]"}
COMMAND: POST /session/6eb241deac570073510706dc7280b28b/elements - {"using":"xpath","value":"//button[@data-kt=\"addNewYardOverflowToolbarButton\"]"}
RESULT: {"using":"xpath","value":"//button[@data-kt=\"addNewYardOverflowToolbarButton\"]"}
COMMAND: POST /session/6eb241deac570073510706dc7280b28b/elements - {"using":"xpath","value":"//button[@data-kt=\"addNewYardOverflowToolbarButton\"]"}
RESULT: {"using":"xpath","value":"//button[@data-kt=\"addNewYardOverflowToolbarButton\"]"}
COMMAND: POST /session/6eb241deac570073510706dc7280b28b/elements - {"using":"xpath","value":"//button[@data-kt=\"addNewYardOverflowToolbarButton\"]"}
RESULT: {"using":"xpath","value":"//button[@data-kt=\"addNewYardOverflowToolbarButton\"]"}
COMMAND: POST /session/6eb241deac570073510706dc7280b28b/elements - {"using":"xpath","value":"//button[@data-kt=\"addNewYardOverflowToolbarButton\"]"}
RESULT: {"using":"xpath","value":"//button[@data-kt=\"addNewYardOverflowToolbarButton\"]"}
COMMAND: POST /session/6eb241deac570073510706dc7280b28b/elements - {"using":"xpath","value":"//button[@data-kt=\"addNewYardOverflowToolbarButton\"]"}
RESULT: {"using":"xpath","value":"//button[@data-kt=\"addNewYardOverflowToolbarButton\"]"}
COMMAND: POST /session/6eb241deac570073510706dc7280b28b/elements - {"using":"xpath","value":"//button[@data-kt=\"addNewYardOverflowToolbarButton\"]"}
RESULT: {"using":"xpath","value":"//button[@data-kt=\"addNewYardOverflowToolbarButton\"]"}
COMMAND: POST /session/6eb241deac570073510706dc7280b28b/elements - {"using":"xpath","value":"//button[@data-kt=\"addNewYardOverflowToolbarButton\"]"}
RESULT: {"using":"xpath","value":"//button[@data-kt=\"addNewYardOverflowToolbarButton\"]"}
COMMAND: POST /session/6eb241deac570073510706dc7280b28b/elements - {"using":"xpath","value":"//button[@data-kt=\"addNewYardOverflowToolbarButton\"]"}
RESULT: {"using":"xpath","value":"//button[@data-kt=\"addNewYardOverflowToolbarButton\"]"}
COMMAND: POST /session/6eb241deac570073510706dc7280b28b/elements - {"using":"xpath","value":"//button[@data-kt=\"addNewYardOverflowToolbarButton\"]"}
RESULT: {"using":"xpath","value":"//button[@data-kt=\"addNewYardOverflowToolbarButton\"]"}
COMMAND: POST /session/6eb241deac570073510706dc7280b28b/elements - {"using":"xpath","value":"//button[@data-kt=\"addNewYardOverflowToolbarButton\"]"}
RESULT: {"using":"xpath","value":"//button[@data-kt=\"addNewYardOverflowToolbarButton\"]"}
COMMAND: POST /session/6eb241deac570073510706dc7280b28b/elements - {"using":"xpath","value":"//button[@data-kt=\"addNewYardOverflowToolbarButton\"]"}
RESULT: {"using":"xpath","value":"//button[@data-kt=\"addNewYardOverflowToolbarButton\"]"}
COMMAND: POST /session/6eb241deac570073510706dc7280b28b/elements - {"using":"xpath","value":"//button[@data-kt=\"addNewYardOverflowToolbarButton\"]"}
RESULT: {"using":"xpath","value":"//button[@data-kt=\"addNewYardOverflowToolbarButton\"]"}
COMMAND: POST /session/6eb241deac570073510706dc7280b28b/elements - {"using":"xpath","value":"//button[@data-kt=\"addNewYardOverflowToolbarButton\"]"}
RESULT: {"using":"xpath","value":"//button[@data-kt=\"addNewYardOverflowToolbarButton\"]"}
COMMAND: POST /session/6eb241deac570073510706dc7280b28b/element - {"using":"xpath","value":"//button[@data-kt=\"addNewYardOverflowToolbarButton\"]"}
RESULT: {"using":"xpath","value":"//button[@data-kt=\"addNewYardOverflowToolbarButton\"]"}
COMMAND: POST /session/6eb241deac570073510706dc7280b28b/execute/sync - {"script":"<script> [8489 bytes]","args":[{"element-6066-11e4-a52e-4f735466cecf":"f.451C0D83FD0E10390ED4567275622C99.d.177323DAFC1D6C600FEC71AE8EEC9521.e.313","ELEMENT":"f.451C0D83FD0E10390ED4567275622C99.d.177323DAFC1D6C600FEC71AE8EEC9521.e.313"}]}
RESULT: {"script":"<script> [8489 bytes]","args":[{"element-6066-11e4-a52e-4f735466cecf":"f.451C0D83FD0E10390ED4567275622C99.d.177323DAFC1D6C600FEC71AE8EEC9521.e.313","ELEMENT":"f.451C0D83FD0E10390ED4567275622C99.d.177323DAFC1D6C600FEC71AE8EEC9521.e.313"}]}
COMMAND: GET /session/6eb241deac570073510706dc7280b28b/element/f.451C0D83FD0E10390ED4567275622C99.d.177323DAFC1D6C600FEC71AE8EEC9521.e.313/enabled - {}
COMMAND: GET /session/6eb241deac570073510706dc7280b28b/screenshot - {}
RESULT: {}
COMMAND: POST /session/6eb241deac570073510706dc7280b28b/execute/sync - {"script":"<script> [8489 bytes]","args":[{"element-6066-11e4-a52e-4f735466cecf":"f.451C0D83FD0E10390ED4567275622C99.d.177323DAFC1D6C600FEC71AE8EEC9521.e.313","ELEMENT":"f.451C0D83FD0E10390ED4567275622C99.d.177323DAFC1D6C600FEC71AE8EEC9521.e.313"}]}
COMMAND: GET /session/6eb241deac570073510706dc7280b28b/screenshot - {}
RESULT: {}
RESULT: {"script":"<script> [8489 bytes]","args":[{"element-6066-11e4-a52e-4f735466cecf":"f.451C0D83FD0E10390ED4567275622C99.d.177323DAFC1D6C600FEC71AE8EEC9521.e.313","ELEMENT":"f.451C0D83FD0E10390ED4567275622C99.d.177323DAFC1D6C600FEC71AE8EEC9521.e.313"}]}
COMMAND: POST /session/6eb241deac570073510706dc7280b28b/execute/sync - {"script":"<script> [5351 bytes]","args":[{"element-6066-11e4-a52e-4f735466cecf":"f.451C0D83FD0E10390ED4567275622C99.d.177323DAFC1D6C600FEC71AE8EEC9521.e.313","ELEMENT":"f.451C0D83FD0E10390ED4567275622C99.d.177323DAFC1D6C600FEC71AE8EEC9521.e.313"}]}
COMMAND: GET /session/6eb241deac570073510706dc7280b28b/screenshot - {}
RESULT: {}
RESULT: {"script":"<script> [5351 bytes]","args":[{"element-6066-11e4-a52e-4f735466cecf":"f.451C0D83FD0E10390ED4567275622C99.d.177323DAFC1D6C600FEC71AE8EEC9521.e.313","ELEMENT":"f.451C0D83FD0E10390ED4567275622C99.d.177323DAFC1D6C600FEC71AE8EEC9521.e.313"}]}
COMMAND: POST /session/6eb241deac570073510706dc7280b28b/element/f.451C0D83FD0E10390ED4567275622C99.d.177323DAFC1D6C600FEC71AE8EEC9521.e.313/click - {}
COMMAND: GET /session/6eb241deac570073510706dc7280b28b/screenshot - {}
RESULT: {}
RESULT: {}
COMMAND: GET /session/6eb241deac570073510706dc7280b28b/screenshot - {}
RESULT: {}
RESULT: {}
COMMAND: POST /session/6eb241deac570073510706dc7280b28b/element - {"using":"xpath","value":"//input[@id=\"application-manageyards-display-component---NewYard--yardId-inner\"]"}
RESULT: {"using":"xpath","value":"//input[@id=\"application-manageyards-display-component---NewYard--yardId-inner\"]"}
COMMAND: POST /session/6eb241deac570073510706dc7280b28b/element - {"using":"xpath","value":"//input[@id=\"application-manageyards-display-component---NewYard--yardId-inner\"]"}
RESULT: {"using":"xpath","value":"//input[@id=\"application-manageyards-display-component---NewYard--yardId-inner\"]"}
COMMAND: POST /session/6eb241deac570073510706dc7280b28b/execute/async - {"script":"<script> [1562 bytes]","args":[{"selector":{"id":"application-manageyards-display-component---NewYard--addressDetailDetailsName1","interaction":{"idSuffix":"inner"}},"wdio_ui5_key":"applicationmanageyards-display-component---NewYard--addressDetailDetailsName1"}]}
RESULT: {"script":"<script> [1562 bytes]","args":[{"selector":{"id":"application-manageyards-display-component---NewYard--addressDetailDetailsName1","interaction":{"idSuffix":"inner"}},"wdio_ui5_key":"applicationmanageyards-display-component---NewYard--addressDetailDetailsName1"}]}
RESULT: undefined
COMMAND: POST /session/6eb241deac570073510706dc7280b28b/execute/async - {"script":"<script> [776 bytes]","args":[{"enterText":"Intracompany Yard wdIO","selector":{"id":"application-manageyards-display-component---NewYard--addressDetailDetailsName1","interaction":{"idSuffix":"inner"}},"clearTextFirst":true,"interactionType":"ENTER_TEXT"}]}
RESULT: {"script":"<script> [776 bytes]","args":[{"enterText":"Intracompany Yard wdIO","selector":{"id":"application-manageyards-display-component---NewYard--addressDetailDetailsName1","interaction":{"idSuffix":"inner"}},"clearTextFirst":true,"interactionType":"ENTER_TEXT"}]}
COMMAND: POST /session/6eb241deac570073510706dc7280b28b/execute/async - {"script":"<script> [1562 bytes]","args":[{"selector":{"id":"application-manageyards-display-component---NewYard--addressDetailDetailsLanguage-arrow"},"wdio_ui5_key":"applicationmanageyards-display-component---NewYard--addressDetailDetailsLanguage-arrow"}]}
RESULT: {"script":"<script> [1562 bytes]","args":[{"selector":{"id":"application-manageyards-display-component---NewYard--addressDetailDetailsLanguage-arrow"},"wdio_ui5_key":"applicationmanageyards-display-component---NewYard--addressDetailDetailsLanguage-arrow"}]}
RESULT: undefined
COMMAND: POST /session/6eb241deac570073510706dc7280b28b/element - {"using":"xpath","value":"//*[@id=\"application-manageyards-display-component---NewYard--addressDetailDetailsLanguage-arrow\"]"}
RESULT: {"using":"xpath","value":"//*[@id=\"application-manageyards-display-component---NewYard--addressDetailDetailsLanguage-arrow\"]"}
COMMAND: POST /session/6eb241deac570073510706dc7280b28b/element/f.451C0D83FD0E10390ED4567275622C99.d.177323DAFC1D6C600FEC71AE8EEC9521.e.722/click - {}
RESULT: {}
COMMAND: POST /session/6eb241deac570073510706dc7280b28b/element - {"using":"xpath","value":"//span[contains(text(), \"English\")]"}
COMMAND: GET /session/6eb241deac570073510706dc7280b28b/screenshot - {}
RESULT: {"using":"xpath","value":"//span[contains(text(), \"English\")]"}
COMMAND: POST /session/6eb241deac570073510706dc7280b28b/element/f.451C0D83FD0E10390ED4567275622C99.d.177323DAFC1D6C600FEC71AE8EEC9521.e.723/click - {}
RESULT: {}
RESULT: {}
COMMAND: POST /session/6eb241deac570073510706dc7280b28b/execute/async - {"script":"<script> [1562 bytes]","args":[{"selector":{"id":"application-manageyards-display-component---NewYard--addressDetailDetailsCity1","interaction":{"idSuffix":"inner"}},"wdio_ui5_key":"applicationmanageyards-display-component---NewYard--addressDetailDetailsCity1"}]}
COMMAND: GET /session/6eb241deac570073510706dc7280b28b/screenshot - {}
RESULT: {"script":"<script> [1562 bytes]","args":[{"selector":{"id":"application-manageyards-display-component---NewYard--addressDetailDetailsCity1","interaction":{"idSuffix":"inner"}},"wdio_ui5_key":"applicationmanageyards-display-component---NewYard--addressDetailDetailsCity1"}]}
RESULT: undefined
COMMAND: POST /session/6eb241deac570073510706dc7280b28b/execute/async - {"script":"<script> [776 bytes]","args":[{"enterText":"Rosario","selector":{"id":"application-manageyards-display-component---NewYard--addressDetailDetailsCity1","interaction":{"idSuffix":"inner"}},"clearTextFirst":true,"interactionType":"ENTER_TEXT"}]}
RESULT: {}
RESULT: {"script":"<script> [776 bytes]","args":[{"enterText":"Rosario","selector":{"id":"application-manageyards-display-component---NewYard--addressDetailDetailsCity1","interaction":{"idSuffix":"inner"}},"clearTextFirst":true,"interactionType":"ENTER_TEXT"}]}
COMMAND: POST /session/6eb241deac570073510706dc7280b28b/execute/async - {"script":"<script> [1562 bytes]","args":[{"selector":{"id":"application-manageyards-display-component---NewYard--addressDetailDetailsCountry-arrow"},"wdio_ui5_key":"applicationmanageyards-display-component---NewYard--addressDetailDetailsCountry-arrow"}]}
RESULT: {"script":"<script> [1562 bytes]","args":[{"selector":{"id":"application-manageyards-display-component---NewYard--addressDetailDetailsCountry-arrow"},"wdio_ui5_key":"applicationmanageyards-display-component---NewYard--addressDetailDetailsCountry-arrow"}]}
RESULT: undefined
COMMAND: POST /session/6eb241deac570073510706dc7280b28b/element - {"using":"xpath","value":"//*[@id=\"application-manageyards-display-component---NewYard--addressDetailDetailsCountry-arrow\"]"}
RESULT: {"using":"xpath","value":"//*[@id=\"application-manageyards-display-component---NewYard--addressDetailDetailsCountry-arrow\"]"}
COMMAND: POST /session/6eb241deac570073510706dc7280b28b/element/f.451C0D83FD0E10390ED4567275622C99.d.177323DAFC1D6C600FEC71AE8EEC9521.e.725/click - {}
RESULT: {}
COMMAND: POST /session/6eb241deac570073510706dc7280b28b/element - {"using":"xpath","value":"//span[contains(text(), \"Argentina\")]"}
COMMAND: GET /session/6eb241deac570073510706dc7280b28b/screenshot - {}
RESULT: {"using":"xpath","value":"//span[contains(text(), \"Argentina\")]"}
COMMAND: POST /session/6eb241deac570073510706dc7280b28b/element/f.451C0D83FD0E10390ED4567275622C99.d.177323DAFC1D6C600FEC71AE8EEC9521.e.727/click - {}
RESULT: {}
RESULT: {}
COMMAND: POST /session/6eb241deac570073510706dc7280b28b/execute/async - {"script":"<script> [1562 bytes]","args":[{"selector":{"id":"application-manageyards-display-component---NewYard--addressEditDetailsCostObjectCstType-arrow"},"wdio_ui5_key":"applicationmanageyards-display-component---NewYard--addressEditDetailsCostObjectCstType-arrow"}]}
COMMAND: GET /session/6eb241deac570073510706dc7280b28b/screenshot - {}
RESULT: {"script":"<script> [1562 bytes]","args":[{"selector":{"id":"application-manageyards-display-component---NewYard--addressEditDetailsCostObjectCstType-arrow"},"wdio_ui5_key":"applicationmanageyards-display-component---NewYard--addressEditDetailsCostObjectCstType-arrow"}]}
RESULT: undefined
COMMAND: POST /session/6eb241deac570073510706dc7280b28b/element - {"using":"xpath","value":"//*[@id=\"application-manageyards-display-component---NewYard--addressEditDetailsCostObjectCstType-arrow\"]"}
RESULT: {}
RESULT: {"using":"xpath","value":"//*[@id=\"application-manageyards-display-component---NewYard--addressEditDetailsCostObjectCstType-arrow\"]"}
COMMAND: POST /session/6eb241deac570073510706dc7280b28b/element/f.451C0D83FD0E10390ED4567275622C99.d.177323DAFC1D6C600FEC71AE8EEC9521.e.728/click - {}
RESULT: {}
COMMAND: POST /session/6eb241deac570073510706dc7280b28b/element - {"using":"xpath","value":"//span[contains(text(), \"Cost Center\")]"}
COMMAND: GET /session/6eb241deac570073510706dc7280b28b/screenshot - {}
RESULT: {"using":"xpath","value":"//span[contains(text(), \"Cost Center\")]"}
COMMAND: POST /session/6eb241deac570073510706dc7280b28b/element/f.451C0D83FD0E10390ED4567275622C99.d.177323DAFC1D6C600FEC71AE8EEC9521.e.729/click - {}
RESULT: {}
RESULT: {}
COMMAND: GET /session/6eb241deac570073510706dc7280b28b/screenshot - {}
RESULT: {}
COMMAND: POST /session/6eb241deac570073510706dc7280b28b/element - {"using":"xpath","value":"//span[@id=\"application-manageyards-display-component---NewYard--addressNewCostObjectCstID-vhi\"]"}
RESULT: {"using":"xpath","value":"//span[@id=\"application-manageyards-display-component---NewYard--addressNewCostObjectCstID-vhi\"]"}
COMMAND: POST /session/6eb241deac570073510706dc7280b28b/execute/sync - {"script":"<script> [8489 bytes]","args":[{"element-6066-11e4-a52e-4f735466cecf":"f.451C0D83FD0E10390ED4567275622C99.d.177323DAFC1D6C600FEC71AE8EEC9521.e.733","ELEMENT":"f.451C0D83FD0E10390ED4567275622C99.d.177323DAFC1D6C600FEC71AE8EEC9521.e.733"}]}
RESULT: {"script":"<script> [8489 bytes]","args":[{"element-6066-11e4-a52e-4f735466cecf":"f.451C0D83FD0E10390ED4567275622C99.d.177323DAFC1D6C600FEC71AE8EEC9521.e.733","ELEMENT":"f.451C0D83FD0E10390ED4567275622C99.d.177323DAFC1D6C600FEC71AE8EEC9521.e.733"}]}
COMMAND: POST /session/6eb241deac570073510706dc7280b28b/execute/async - {"script":"<script> [1562 bytes]","args":[{"selector":{"id":"application-manageyards-display-component---NewYard--addressNewCostObjectCstID-vhi"},"wdio_ui5_key":"applicationmanageyards-display-component---NewYard--addressNewCostObjectCstID-vhi"}]}
COMMAND: GET /session/6eb241deac570073510706dc7280b28b/screenshot - {}
RESULT: {"script":"<script> [1562 bytes]","args":[{"selector":{"id":"application-manageyards-display-component---NewYard--addressNewCostObjectCstID-vhi"},"wdio_ui5_key":"applicationmanageyards-display-component---NewYard--addressNewCostObjectCstID-vhi"}]}
RESULT: undefined
COMMAND: POST /session/6eb241deac570073510706dc7280b28b/element - {"using":"xpath","value":"//*[@id=\"application-manageyards-display-component---NewYard--addressNewCostObjectCstID-vhi\"]"}
RESULT: {}
RESULT: {"using":"xpath","value":"//*[@id=\"application-manageyards-display-component---NewYard--addressNewCostObjectCstID-vhi\"]"}
COMMAND: POST /session/6eb241deac570073510706dc7280b28b/element/f.451C0D83FD0E10390ED4567275622C99.d.177323DAFC1D6C600FEC71AE8EEC9521.e.733/click - {}
RESULT: {}
COMMAND: GET /session/6eb241deac570073510706dc7280b28b/screenshot - {}
RESULT: {}
COMMAND: POST /session/6eb241deac570073510706dc7280b28b/execute/async - {"script":"<script> [1562 bytes]","args":[{"selector":{"controlType":"sap.m.SearchField","properties":{"placeholder":"Search"},"searchOpenDialogs":true,"interaction":{"idSuffix":"I"}},"wdio_ui5_key":"sapm.SearchField{\"placeholder\":\"Search\"}"}]}
RESULT: {"script":"<script> [1562 bytes]","args":[{"selector":{"controlType":"sap.m.SearchField","properties":{"placeholder":"Search"},"searchOpenDialogs":true,"interaction":{"idSuffix":"I"}},"wdio_ui5_key":"sapm.SearchField{\"placeholder\":\"Search\"}"}]}
RESULT: undefined
COMMAND: POST /session/6eb241deac570073510706dc7280b28b/execute/async - {"script":"<script> [776 bytes]","args":[{"enterText":"10001013","selector":{"controlType":"sap.m.SearchField","properties":{"placeholder":"Search"},"searchOpenDialogs":true,"interaction":{"idSuffix":"I"}},"clearTextFirst":true,"interactionType":"ENTER_TEXT"}]}
RESULT: {"script":"<script> [776 bytes]","args":[{"enterText":"10001013","selector":{"controlType":"sap.m.SearchField","properties":{"placeholder":"Search"},"searchOpenDialogs":true,"interaction":{"idSuffix":"I"}},"clearTextFirst":true,"interactionType":"ENTER_TEXT"}]}
COMMAND: POST /session/6eb241deac570073510706dc7280b28b/actions - {"actions":[{"id":"action1","type":"key","parameters":{},"actions":[{"type":"keyDown","value":"î€‡"},{"type":"pause","duration":10},{"type":"keyUp","value":"î€‡"}]}]}
RESULT: {"actions":[{"id":"action1","type":"key","parameters":{},"actions":[{"type":"keyDown","value":"î€‡"},{"type":"pause","duration":10},{"type":"keyUp","value":"î€‡"}]}]}
COMMAND: GET /session/6eb241deac570073510706dc7280b28b/screenshot - {}
RESULT: {}
COMMAND: POST /session/6eb241deac570073510706dc7280b28b/element - {"using":"xpath","value":"//span[contains(text(), \"General Management\")]"}
RESULT: {"using":"xpath","value":"//span[contains(text(), \"General Management\")]"}
COMMAND: POST /session/6eb241deac570073510706dc7280b28b/element/f.451C0D83FD0E10390ED4567275622C99.d.177323DAFC1D6C600FEC71AE8EEC9521.e.775/click - {}
RESULT: {}
COMMAND: GET /session/6eb241deac570073510706dc7280b28b/screenshot - {}
RESULT: {}
COMMAND: POST /session/6eb241deac570073510706dc7280b28b/element - {"using":"xpath","value":"//bdi[contains(text(), \"OK\")]"}
RESULT: {"using":"xpath","value":"//bdi[contains(text(), \"OK\")]"}
COMMAND: POST /session/6eb241deac570073510706dc7280b28b/element/f.451C0D83FD0E10390ED4567275622C99.d.177323DAFC1D6C600FEC71AE8EEC9521.e.776/click - {}
RESULT: {}
COMMAND: GET /session/6eb241deac570073510706dc7280b28b/screenshot - {}
RESULT: {}
COMMAND: POST /session/6eb241deac570073510706dc7280b28b/execute/async - {"script":"<script> [1562 bytes]","args":[{"selector":{"id":"application-manageyards-display-component---NewYard--addressEditDetailsCurrency-arrow"},"wdio_ui5_key":"applicationmanageyards-display-component---NewYard--addressEditDetailsCurrency-arrow"}]}
RESULT: {"script":"<script> [1562 bytes]","args":[{"selector":{"id":"application-manageyards-display-component---NewYard--addressEditDetailsCurrency-arrow"},"wdio_ui5_key":"applicationmanageyards-display-component---NewYard--addressEditDetailsCurrency-arrow"}]}
RESULT: undefined
COMMAND: POST /session/6eb241deac570073510706dc7280b28b/element - {"using":"xpath","value":"//*[@id=\"application-manageyards-display-component---NewYard--addressEditDetailsCurrency-arrow\"]"}
RESULT: {"using":"xpath","value":"//*[@id=\"application-manageyards-display-component---NewYard--addressEditDetailsCurrency-arrow\"]"}
COMMAND: POST /session/6eb241deac570073510706dc7280b28b/element/f.451C0D83FD0E10390ED4567275622C99.d.177323DAFC1D6C600FEC71AE8EEC9521.e.779/click - {}
RESULT: {}
COMMAND: POST /session/6eb241deac570073510706dc7280b28b/element - {"using":"xpath","value":"//span[contains(text(), \"Euro\")]"}
COMMAND: GET /session/6eb241deac570073510706dc7280b28b/screenshot - {}
RESULT: {"using":"xpath","value":"//span[contains(text(), \"Euro\")]"}
COMMAND: POST /session/6eb241deac570073510706dc7280b28b/element/f.451C0D83FD0E10390ED4567275622C99.d.177323DAFC1D6C600FEC71AE8EEC9521.e.780/click - {}
RESULT: {}
RESULT: {}
COMMAND: POST /session/6eb241deac570073510706dc7280b28b/execute/async - {"script":"<script> [1562 bytes]","args":[{"selector":{"controlType":"sap.m.Input","viewName":"etm.portal.ui.manageyards.view.New","viewId":"application-manageyards-display-component---NewYard","bindingPath":{"path":"","propertyPath":"/CONTROLLING_AREA","modelName":"NewYardModel"},"interaction":{"idSuffix":"inner"}},"wdio_ui5_key":"etmportal.ui.manageyards.view.Newsap.m.Input{\"path\":\"\",\"propertyPath\":\"/CONTROLLING_AREA\",\"modelName\":\"NewYardModel\"}"}]}
COMMAND: GET /session/6eb241deac570073510706dc7280b28b/screenshot - {}
RESULT: {"script":"<script> [1562 bytes]","args":[{"selector":{"controlType":"sap.m.Input","viewName":"etm.portal.ui.manageyards.view.New","viewId":"application-manageyards-display-component---NewYard","bindingPath":{"path":"","propertyPath":"/CONTROLLING_AREA","modelName":"NewYardModel"},"interaction":{"idSuffix":"inner"}},"wdio_ui5_key":"etmportal.ui.manageyards.view.Newsap.m.Input{\"path\":\"\",\"propertyPath\":\"/CONTROLLING_AREA\",\"modelName\":\"NewYardModel\"}"}]}
RESULT: undefined
COMMAND: POST /session/6eb241deac570073510706dc7280b28b/execute/async - {"script":"<script> [776 bytes]","args":[{"enterText":"Z001","selector":{"controlType":"sap.m.Input","viewName":"etm.portal.ui.manageyards.view.New","viewId":"application-manageyards-display-component---NewYard","bindingPath":{"path":"","propertyPath":"/CONTROLLING_AREA","modelName":"NewYardModel"},"interaction":{"idSuffix":"inner"}},"clearTextFirst":true,"interactionType":"ENTER_TEXT"}]}
RESULT: {}
RESULT: {"script":"<script> [776 bytes]","args":[{"enterText":"Z001","selector":{"controlType":"sap.m.Input","viewName":"etm.portal.ui.manageyards.view.New","viewId":"application-manageyards-display-component---NewYard","bindingPath":{"path":"","propertyPath":"/CONTROLLING_AREA","modelName":"NewYardModel"},"interaction":{"idSuffix":"inner"}},"clearTextFirst":true,"interactionType":"ENTER_TEXT"}]}
COMMAND: POST /session/6eb241deac570073510706dc7280b28b/execute/async - {"script":"<script> [1562 bytes]","args":[{"selector":{"id":"application-manageyards-display-component---NewYard--companyCodeComboBox","interaction":{"idSuffix":"inner"}},"wdio_ui5_key":"applicationmanageyards-display-component---NewYard--companyCodeComboBox"}]}
RESULT: {"script":"<script> [1562 bytes]","args":[{"selector":{"id":"application-manageyards-display-component---NewYard--companyCodeComboBox","interaction":{"idSuffix":"inner"}},"wdio_ui5_key":"applicationmanageyards-display-component---NewYard--companyCodeComboBox"}]}
RESULT: undefined
COMMAND: POST /session/6eb241deac570073510706dc7280b28b/execute/async - {"script":"<script> [776 bytes]","args":[{"enterText":"1000","selector":{"id":"application-manageyards-display-component---NewYard--companyCodeComboBox","interaction":{"idSuffix":"inner"}},"clearTextFirst":true,"interactionType":"ENTER_TEXT"}]}
RESULT: {"script":"<script> [776 bytes]","args":[{"enterText":"1000","selector":{"id":"application-manageyards-display-component---NewYard--companyCodeComboBox","interaction":{"idSuffix":"inner"}},"clearTextFirst":true,"interactionType":"ENTER_TEXT"}]}
COMMAND: POST /session/6eb241deac570073510706dc7280b28b/execute/async - {"script":"<script> [1562 bytes]","args":[{"selector":{"controlType":"sap.m.Input","viewName":"etm.portal.ui.manageyards.view.New","viewId":"application-manageyards-display-component---NewYard","bindingPath":{"path":"","propertyPath":"/PLANT","modelName":"NewYardModel"},"interaction":{"idSuffix":"inner"}},"wdio_ui5_key":"etmportal.ui.manageyards.view.Newsap.m.Input{\"path\":\"\",\"propertyPath\":\"/PLANT\",\"modelName\":\"NewYardModel\"}"}]}
RESULT: {"script":"<script> [1562 bytes]","args":[{"selector":{"controlType":"sap.m.Input","viewName":"etm.portal.ui.manageyards.view.New","viewId":"application-manageyards-display-component---NewYard","bindingPath":{"path":"","propertyPath":"/PLANT","modelName":"NewYardModel"},"interaction":{"idSuffix":"inner"}},"wdio_ui5_key":"etmportal.ui.manageyards.view.Newsap.m.Input{\"path\":\"\",\"propertyPath\":\"/PLANT\",\"modelName\":\"NewYardModel\"}"}]}
RESULT: undefined
COMMAND: POST /session/6eb241deac570073510706dc7280b28b/execute/async - {"script":"<script> [776 bytes]","args":[{"enterText":"1001","selector":{"controlType":"sap.m.Input","viewName":"etm.portal.ui.manageyards.view.New","viewId":"application-manageyards-display-component---NewYard","bindingPath":{"path":"","propertyPath":"/PLANT","modelName":"NewYardModel"},"interaction":{"idSuffix":"inner"}},"clearTextFirst":true,"interactionType":"ENTER_TEXT"}]}
RESULT: {"script":"<script> [776 bytes]","args":[{"enterText":"1001","selector":{"controlType":"sap.m.Input","viewName":"etm.portal.ui.manageyards.view.New","viewId":"application-manageyards-display-component---NewYard","bindingPath":{"path":"","propertyPath":"/PLANT","modelName":"NewYardModel"},"interaction":{"idSuffix":"inner"}},"clearTextFirst":true,"interactionType":"ENTER_TEXT"}]}
COMMAND: POST /session/6eb241deac570073510706dc7280b28b/execute/async - {"script":"<script> [1562 bytes]","args":[{"selector":{"controlType":"sap.m.Input","viewName":"etm.portal.ui.manageyards.view.New","viewId":"application-manageyards-display-component---NewYard","bindingPath":{"path":"","propertyPath":"/SALES_AREA_VKORG","modelName":"NewYardModel"},"interaction":{"idSuffix":"inner"}},"wdio_ui5_key":"etmportal.ui.manageyards.view.Newsap.m.Input{\"path\":\"\",\"propertyPath\":\"/SALES_AREA_VKORG\",\"modelName\":\"NewYardModel\"}"}]}
RESULT: {"script":"<script> [1562 bytes]","args":[{"selector":{"controlType":"sap.m.Input","viewName":"etm.portal.ui.manageyards.view.New","viewId":"application-manageyards-display-component---NewYard","bindingPath":{"path":"","propertyPath":"/SALES_AREA_VKORG","modelName":"NewYardModel"},"interaction":{"idSuffix":"inner"}},"wdio_ui5_key":"etmportal.ui.manageyards.view.Newsap.m.Input{\"path\":\"\",\"propertyPath\":\"/SALES_AREA_VKORG\",\"modelName\":\"NewYardModel\"}"}]}
RESULT: undefined
COMMAND: POST /session/6eb241deac570073510706dc7280b28b/execute/async - {"script":"<script> [776 bytes]","args":[{"enterText":"C002","selector":{"controlType":"sap.m.Input","viewName":"etm.portal.ui.manageyards.view.New","viewId":"application-manageyards-display-component---NewYard","bindingPath":{"path":"","propertyPath":"/SALES_AREA_VKORG","modelName":"NewYardModel"},"interaction":{"idSuffix":"inner"}},"clearTextFirst":true,"interactionType":"ENTER_TEXT"}]}
RESULT: {"script":"<script> [776 bytes]","args":[{"enterText":"C002","selector":{"controlType":"sap.m.Input","viewName":"etm.portal.ui.manageyards.view.New","viewId":"application-manageyards-display-component---NewYard","bindingPath":{"path":"","propertyPath":"/SALES_AREA_VKORG","modelName":"NewYardModel"},"interaction":{"idSuffix":"inner"}},"clearTextFirst":true,"interactionType":"ENTER_TEXT"}]}
COMMAND: POST /session/6eb241deac570073510706dc7280b28b/execute/async - {"script":"<script> [1562 bytes]","args":[{"selector":{"controlType":"sap.m.Input","viewName":"etm.portal.ui.manageyards.view.New","viewId":"application-manageyards-display-component---NewYard","bindingPath":{"path":"","propertyPath":"/SALES_AREA_VTWEG","modelName":"NewYardModel"},"interaction":{"idSuffix":"inner"}},"wdio_ui5_key":"etmportal.ui.manageyards.view.Newsap.m.Input{\"path\":\"\",\"propertyPath\":\"/SALES_AREA_VTWEG\",\"modelName\":\"NewYardModel\"}"}]}
RESULT: {"script":"<script> [1562 bytes]","args":[{"selector":{"controlType":"sap.m.Input","viewName":"etm.portal.ui.manageyards.view.New","viewId":"application-manageyards-display-component---NewYard","bindingPath":{"path":"","propertyPath":"/SALES_AREA_VTWEG","modelName":"NewYardModel"},"interaction":{"idSuffix":"inner"}},"wdio_ui5_key":"etmportal.ui.manageyards.view.Newsap.m.Input{\"path\":\"\",\"propertyPath\":\"/SALES_AREA_VTWEG\",\"modelName\":\"NewYardModel\"}"}]}
RESULT: undefined
COMMAND: POST /session/6eb241deac570073510706dc7280b28b/execute/async - {"script":"<script> [776 bytes]","args":[{"enterText":"C2","selector":{"controlType":"sap.m.Input","viewName":"etm.portal.ui.manageyards.view.New","viewId":"application-manageyards-display-component---NewYard","bindingPath":{"path":"","propertyPath":"/SALES_AREA_VTWEG","modelName":"NewYardModel"},"interaction":{"idSuffix":"inner"}},"clearTextFirst":true,"interactionType":"ENTER_TEXT"}]}
RESULT: {"script":"<script> [776 bytes]","args":[{"enterText":"C2","selector":{"controlType":"sap.m.Input","viewName":"etm.portal.ui.manageyards.view.New","viewId":"application-manageyards-display-component---NewYard","bindingPath":{"path":"","propertyPath":"/SALES_AREA_VTWEG","modelName":"NewYardModel"},"interaction":{"idSuffix":"inner"}},"clearTextFirst":true,"interactionType":"ENTER_TEXT"}]}
COMMAND: POST /session/6eb241deac570073510706dc7280b28b/execute/async - {"script":"<script> [1562 bytes]","args":[{"selector":{"controlType":"sap.m.Input","viewName":"etm.portal.ui.manageyards.view.New","viewId":"application-manageyards-display-component---NewYard","bindingPath":{"path":"","propertyPath":"/SALES_AREA_SPART","modelName":"NewYardModel"},"interaction":{"idSuffix":"inner"}},"wdio_ui5_key":"etmportal.ui.manageyards.view.Newsap.m.Input{\"path\":\"\",\"propertyPath\":\"/SALES_AREA_SPART\",\"modelName\":\"NewYardModel\"}"}]}
RESULT: {"script":"<script> [1562 bytes]","args":[{"selector":{"controlType":"sap.m.Input","viewName":"etm.portal.ui.manageyards.view.New","viewId":"application-manageyards-display-component---NewYard","bindingPath":{"path":"","propertyPath":"/SALES_AREA_SPART","modelName":"NewYardModel"},"interaction":{"idSuffix":"inner"}},"wdio_ui5_key":"etmportal.ui.manageyards.view.Newsap.m.Input{\"path\":\"\",\"propertyPath\":\"/SALES_AREA_SPART\",\"modelName\":\"NewYardModel\"}"}]}
RESULT: undefined
COMMAND: POST /session/6eb241deac570073510706dc7280b28b/execute/async - {"script":"<script> [776 bytes]","args":[{"enterText":"C2","selector":{"controlType":"sap.m.Input","viewName":"etm.portal.ui.manageyards.view.New","viewId":"application-manageyards-display-component---NewYard","bindingPath":{"path":"","propertyPath":"/SALES_AREA_SPART","modelName":"NewYardModel"},"interaction":{"idSuffix":"inner"}},"clearTextFirst":true,"interactionType":"ENTER_TEXT"}]}
RESULT: {"script":"<script> [776 bytes]","args":[{"enterText":"C2","selector":{"controlType":"sap.m.Input","viewName":"etm.portal.ui.manageyards.view.New","viewId":"application-manageyards-display-component---NewYard","bindingPath":{"path":"","propertyPath":"/SALES_AREA_SPART","modelName":"NewYardModel"},"interaction":{"idSuffix":"inner"}},"clearTextFirst":true,"interactionType":"ENTER_TEXT"}]}
COMMAND: POST /session/6eb241deac570073510706dc7280b28b/execute/async - {"script":"<script> [1562 bytes]","args":[{"selector":{"controlType":"sap.m.Input","viewName":"etm.portal.ui.manageyards.view.New","viewId":"application-manageyards-display-component---NewYard","bindingPath":{"path":"","propertyPath":"/SHIP_POINT","modelName":"NewYardModel"},"interaction":{"idSuffix":"inner"}},"wdio_ui5_key":"etmportal.ui.manageyards.view.Newsap.m.Input{\"path\":\"\",\"propertyPath\":\"/SHIP_POINT\",\"modelName\":\"NewYardModel\"}"}]}
RESULT: {"script":"<script> [1562 bytes]","args":[{"selector":{"controlType":"sap.m.Input","viewName":"etm.portal.ui.manageyards.view.New","viewId":"application-manageyards-display-component---NewYard","bindingPath":{"path":"","propertyPath":"/SHIP_POINT","modelName":"NewYardModel"},"interaction":{"idSuffix":"inner"}},"wdio_ui5_key":"etmportal.ui.manageyards.view.Newsap.m.Input{\"path\":\"\",\"propertyPath\":\"/SHIP_POINT\",\"modelName\":\"NewYardModel\"}"}]}
RESULT: undefined
COMMAND: POST /session/6eb241deac570073510706dc7280b28b/execute/async - {"script":"<script> [776 bytes]","args":[{"enterText":"1710","selector":{"controlType":"sap.m.Input","viewName":"etm.portal.ui.manageyards.view.New","viewId":"application-manageyards-display-component---NewYard","bindingPath":{"path":"","propertyPath":"/SHIP_POINT","modelName":"NewYardModel"},"interaction":{"idSuffix":"inner"}},"clearTextFirst":true,"interactionType":"ENTER_TEXT"}]}
RESULT: {"script":"<script> [776 bytes]","args":[{"enterText":"1710","selector":{"controlType":"sap.m.Input","viewName":"etm.portal.ui.manageyards.view.New","viewId":"application-manageyards-display-component---NewYard","bindingPath":{"path":"","propertyPath":"/SHIP_POINT","modelName":"NewYardModel"},"interaction":{"idSuffix":"inner"}},"clearTextFirst":true,"interactionType":"ENTER_TEXT"}]}
COMMAND: POST /session/6eb241deac570073510706dc7280b28b/execute/async - {"script":"<script> [1562 bytes]","args":[{"selector":{"controlType":"sap.m.Input","viewName":"etm.portal.ui.manageyards.view.New","viewId":"application-manageyards-display-component---NewYard","bindingPath":{"path":"","propertyPath":"/DELIVERY_TYPE","modelName":"NewYardModel"},"interaction":{"idSuffix":"inner"}},"wdio_ui5_key":"etmportal.ui.manageyards.view.Newsap.m.Input{\"path\":\"\",\"propertyPath\":\"/DELIVERY_TYPE\",\"modelName\":\"NewYardModel\"}"}]}
RESULT: {"script":"<script> [1562 bytes]","args":[{"selector":{"controlType":"sap.m.Input","viewName":"etm.portal.ui.manageyards.view.New","viewId":"application-manageyards-display-component---NewYard","bindingPath":{"path":"","propertyPath":"/DELIVERY_TYPE","modelName":"NewYardModel"},"interaction":{"idSuffix":"inner"}},"wdio_ui5_key":"etmportal.ui.manageyards.view.Newsap.m.Input{\"path\":\"\",\"propertyPath\":\"/DELIVERY_TYPE\",\"modelName\":\"NewYardModel\"}"}]}
RESULT: undefined
COMMAND: POST /session/6eb241deac570073510706dc7280b28b/execute/async - {"script":"<script> [776 bytes]","args":[{"enterText":"ZL01","selector":{"controlType":"sap.m.Input","viewName":"etm.portal.ui.manageyards.view.New","viewId":"application-manageyards-display-component---NewYard","bindingPath":{"path":"","propertyPath":"/DELIVERY_TYPE","modelName":"NewYardModel"},"interaction":{"idSuffix":"inner"}},"clearTextFirst":true,"interactionType":"ENTER_TEXT"}]}
RESULT: {"script":"<script> [776 bytes]","args":[{"enterText":"ZL01","selector":{"controlType":"sap.m.Input","viewName":"etm.portal.ui.manageyards.view.New","viewId":"application-manageyards-display-component---NewYard","bindingPath":{"path":"","propertyPath":"/DELIVERY_TYPE","modelName":"NewYardModel"},"interaction":{"idSuffix":"inner"}},"clearTextFirst":true,"interactionType":"ENTER_TEXT"}]}
COMMAND: POST /session/6eb241deac570073510706dc7280b28b/execute/async - {"script":"<script> [1562 bytes]","args":[{"selector":{"controlType":"sap.m.Input","viewName":"etm.portal.ui.manageyards.view.New","viewId":"application-manageyards-display-component---NewYard","bindingPath":{"path":"","propertyPath":"/AUART","modelName":"NewYardModel"},"interaction":{"idSuffix":"inner"}},"wdio_ui5_key":"etmportal.ui.manageyards.view.Newsap.m.Input{\"path\":\"\",\"propertyPath\":\"/AUART\",\"modelName\":\"NewYardModel\"}"}]}
RESULT: {"script":"<script> [1562 bytes]","args":[{"selector":{"controlType":"sap.m.Input","viewName":"etm.portal.ui.manageyards.view.New","viewId":"application-manageyards-display-component---NewYard","bindingPath":{"path":"","propertyPath":"/AUART","modelName":"NewYardModel"},"interaction":{"idSuffix":"inner"}},"wdio_ui5_key":"etmportal.ui.manageyards.view.Newsap.m.Input{\"path\":\"\",\"propertyPath\":\"/AUART\",\"modelName\":\"NewYardModel\"}"}]}
RESULT: undefined
COMMAND: POST /session/6eb241deac570073510706dc7280b28b/execute/async - {"script":"<script> [776 bytes]","args":[{"enterText":"TA","selector":{"controlType":"sap.m.Input","viewName":"etm.portal.ui.manageyards.view.New","viewId":"application-manageyards-display-component---NewYard","bindingPath":{"path":"","propertyPath":"/AUART","modelName":"NewYardModel"},"interaction":{"idSuffix":"inner"}},"clearTextFirst":true,"interactionType":"ENTER_TEXT"}]}
RESULT: {"script":"<script> [776 bytes]","args":[{"enterText":"TA","selector":{"controlType":"sap.m.Input","viewName":"etm.portal.ui.manageyards.view.New","viewId":"application-manageyards-display-component---NewYard","bindingPath":{"path":"","propertyPath":"/AUART","modelName":"NewYardModel"},"interaction":{"idSuffix":"inner"}},"clearTextFirst":true,"interactionType":"ENTER_TEXT"}]}
COMMAND: POST /session/6eb241deac570073510706dc7280b28b/element - {"using":"xpath","value":"//button[@data-kt=\"newYardSaveButton\"]"}
RESULT: {"using":"xpath","value":"//button[@data-kt=\"newYardSaveButton\"]"}
COMMAND: POST /session/6eb241deac570073510706dc7280b28b/element/f.451C0D83FD0E10390ED4567275622C99.d.177323DAFC1D6C600FEC71AE8EEC9521.e.706/click - {}
RESULT: {}
COMMAND: GET /session/6eb241deac570073510706dc7280b28b/screenshot - {}
RESULT: {}
COMMAND: POST /session/6eb241deac570073510706dc7280b28b/element - {"using":"xpath","value":"//header[contains(@id, 'ObjectPageLayout-headerTitle')]/div[1]/div[2]/div[1]/span[1]"}
RESULT: {"using":"xpath","value":"//header[contains(@id, 'ObjectPageLayout-headerTitle')]/div[1]/div[2]/div[1]/span[1]"}
COMMAND: POST /session/6eb241deac570073510706dc7280b28b/elements - {"using":"xpath","value":"//header[contains(@id, 'ObjectPageLayout-headerTitle')]/div[1]/div[2]/div[1]/span[1]"}
RESULT: {"using":"xpath","value":"//header[contains(@id, 'ObjectPageLayout-headerTitle')]/div[1]/div[2]/div[1]/span[1]"}
COMMAND: POST /session/6eb241deac570073510706dc7280b28b/execute/sync - {"script":"<script> [56 bytes]","args":[{"element-6066-11e4-a52e-4f735466cecf":"f.451C0D83FD0E10390ED4567275622C99.d.177323DAFC1D6C600FEC71AE8EEC9521.e.1011","ELEMENT":"f.451C0D83FD0E10390ED4567275622C99.d.177323DAFC1D6C600FEC71AE8EEC9521.e.1011"}]}
RESULT: {"script":"<script> [56 bytes]","args":[{"element-6066-11e4-a52e-4f735466cecf":"f.451C0D83FD0E10390ED4567275622C99.d.177323DAFC1D6C600FEC71AE8EEC9521.e.1011","ELEMENT":"f.451C0D83FD0E10390ED4567275622C99.d.177323DAFC1D6C600FEC71AE8EEC9521.e.1011"}]}
COMMAND: GET /session/6eb241deac570073510706dc7280b28b/screenshot - {}
RESULT: {}
COMMAND: POST /session/6eb241deac570073510706dc7280b28b/element - {"using":"css selector","value":"#shell-header-logo"}
RESULT: {"using":"css selector","value":"#shell-header-logo"}
COMMAND: POST /session/6eb241deac570073510706dc7280b28b/element/f.451C0D83FD0E10390ED4567275622C99.d.177323DAFC1D6C600FEC71AE8EEC9521.e.270/click - {}
RESULT: {}
COMMAND: GET /session/6eb241deac570073510706dc7280b28b/screenshot - {}
RESULT: {}
COMMAND: POST /session/6eb241deac570073510706dc7280b28b/execute/sync - {"script":"<script> [299 bytes]","args":[["getModel","getResource"]]}
RESULT: {"script":"<script> [299 bytes]","args":[["getModel","getResource"]]}
COMMAND: GET /session/6eb241deac570073510706dc7280b28b/screenshot - {}
]]></system-out>
    </testcase>
    <testcase classname="chrome.135_0_7049_115.windows.Billing_confirm_US117289" name="Should create a new partner" time="146.241">
      <system-out><![CDATA[
COMMAND: POST /session/6eb241deac570073510706dc7280b28b/window/fullscreen - {}
RESULT: {}
RESULT: {}
COMMAND: POST /session/6eb241deac570073510706dc7280b28b/execute/async - {"script":"<script> [1562 bytes]","args":[{"selector":{"controlType":"sap.m.GenericTile","properties":{"header":"Manage Partners"}},"wdio_ui5_key":"sapm.GenericTile{\"header\":\"Manage Partners\"}"}]}
RESULT: {"script":"<script> [1562 bytes]","args":[{"selector":{"controlType":"sap.m.GenericTile","properties":{"header":"Manage Partners"}},"wdio_ui5_key":"sapm.GenericTile{\"header\":\"Manage Partners\"}"}]}
RESULT: undefined
COMMAND: POST /session/6eb241deac570073510706dc7280b28b/element - {"using":"xpath","value":"//*[@id=\"__tile38\"]"}
RESULT: {"using":"xpath","value":"//*[@id=\"__tile38\"]"}
COMMAND: POST /session/6eb241deac570073510706dc7280b28b/element/f.451C0D83FD0E10390ED4567275622C99.d.177323DAFC1D6C600FEC71AE8EEC9521.e.158/click - {}
RESULT: {}
COMMAND: POST /session/6eb241deac570073510706dc7280b28b/element - {"using":"xpath","value":"//button[@data-kt=\"addButton\"]"}
COMMAND: GET /session/6eb241deac570073510706dc7280b28b/screenshot - {}
RESULT: {"using":"xpath","value":"//button[@data-kt=\"addButton\"]"}
COMMAND: POST /session/6eb241deac570073510706dc7280b28b/elements - {"using":"xpath","value":"//button[@data-kt=\"addButton\"]"}
RESULT: {}
RESULT: {"using":"xpath","value":"//button[@data-kt=\"addButton\"]"}
COMMAND: POST /session/6eb241deac570073510706dc7280b28b/elements - {"using":"xpath","value":"//button[@data-kt=\"addButton\"]"}
RESULT: {"using":"xpath","value":"//button[@data-kt=\"addButton\"]"}
COMMAND: POST /session/6eb241deac570073510706dc7280b28b/elements - {"using":"xpath","value":"//button[@data-kt=\"addButton\"]"}
RESULT: {"using":"xpath","value":"//button[@data-kt=\"addButton\"]"}
COMMAND: POST /session/6eb241deac570073510706dc7280b28b/elements - {"using":"xpath","value":"//button[@data-kt=\"addButton\"]"}
RESULT: {"using":"xpath","value":"//button[@data-kt=\"addButton\"]"}
COMMAND: POST /session/6eb241deac570073510706dc7280b28b/element - {"using":"xpath","value":"//button[@data-kt=\"addButton\"]"}
RESULT: {"using":"xpath","value":"//button[@data-kt=\"addButton\"]"}
COMMAND: POST /session/6eb241deac570073510706dc7280b28b/execute/sync - {"script":"<script> [8489 bytes]","args":[{"element-6066-11e4-a52e-4f735466cecf":"f.451C0D83FD0E10390ED4567275622C99.d.177323DAFC1D6C600FEC71AE8EEC9521.e.1045","ELEMENT":"f.451C0D83FD0E10390ED4567275622C99.d.177323DAFC1D6C600FEC71AE8EEC9521.e.1045"}]}
RESULT: {"script":"<script> [8489 bytes]","args":[{"element-6066-11e4-a52e-4f735466cecf":"f.451C0D83FD0E10390ED4567275622C99.d.177323DAFC1D6C600FEC71AE8EEC9521.e.1045","ELEMENT":"f.451C0D83FD0E10390ED4567275622C99.d.177323DAFC1D6C600FEC71AE8EEC9521.e.1045"}]}
COMMAND: GET /session/6eb241deac570073510706dc7280b28b/element/f.451C0D83FD0E10390ED4567275622C99.d.177323DAFC1D6C600FEC71AE8EEC9521.e.1045/enabled - {}
COMMAND: GET /session/6eb241deac570073510706dc7280b28b/screenshot - {}
RESULT: {}
COMMAND: POST /session/6eb241deac570073510706dc7280b28b/execute/sync - {"script":"<script> [8489 bytes]","args":[{"element-6066-11e4-a52e-4f735466cecf":"f.451C0D83FD0E10390ED4567275622C99.d.177323DAFC1D6C600FEC71AE8EEC9521.e.1045","ELEMENT":"f.451C0D83FD0E10390ED4567275622C99.d.177323DAFC1D6C600FEC71AE8EEC9521.e.1045"}]}
COMMAND: GET /session/6eb241deac570073510706dc7280b28b/screenshot - {}
RESULT: {}
RESULT: {"script":"<script> [8489 bytes]","args":[{"element-6066-11e4-a52e-4f735466cecf":"f.451C0D83FD0E10390ED4567275622C99.d.177323DAFC1D6C600FEC71AE8EEC9521.e.1045","ELEMENT":"f.451C0D83FD0E10390ED4567275622C99.d.177323DAFC1D6C600FEC71AE8EEC9521.e.1045"}]}
COMMAND: POST /session/6eb241deac570073510706dc7280b28b/execute/sync - {"script":"<script> [5351 bytes]","args":[{"element-6066-11e4-a52e-4f735466cecf":"f.451C0D83FD0E10390ED4567275622C99.d.177323DAFC1D6C600FEC71AE8EEC9521.e.1045","ELEMENT":"f.451C0D83FD0E10390ED4567275622C99.d.177323DAFC1D6C600FEC71AE8EEC9521.e.1045"}]}
RESULT: {}
RESULT: {"script":"<script> [5351 bytes]","args":[{"element-6066-11e4-a52e-4f735466cecf":"f.451C0D83FD0E10390ED4567275622C99.d.177323DAFC1D6C600FEC71AE8EEC9521.e.1045","ELEMENT":"f.451C0D83FD0E10390ED4567275622C99.d.177323DAFC1D6C600FEC71AE8EEC9521.e.1045"}]}
COMMAND: POST /session/6eb241deac570073510706dc7280b28b/element/f.451C0D83FD0E10390ED4567275622C99.d.177323DAFC1D6C600FEC71AE8EEC9521.e.1045/click - {}
COMMAND: GET /session/6eb241deac570073510706dc7280b28b/screenshot - {}
COMMAND: GET /session/6eb241deac570073510706dc7280b28b/screenshot - {}
RESULT: {}
COMMAND: GET /session/6eb241deac570073510706dc7280b28b/screenshot - {}
COMMAND: POST /session/6eb241deac570073510706dc7280b28b/execute/async - {"script":"<script> [1562 bytes]","args":[{"selector":{"id":"application-managepartners-display-component---NewPartner--addressDetailDetailsName1","interaction":{"idSuffix":"inner"}},"wdio_ui5_key":"applicationmanagepartners-display-component---NewPartner--addressDetailDetailsName1"}]}
RESULT: {}
RESULT: {}
RESULT: {}
RESULT: {"script":"<script> [1562 bytes]","args":[{"selector":{"id":"application-managepartners-display-component---NewPartner--addressDetailDetailsName1","interaction":{"idSuffix":"inner"}},"wdio_ui5_key":"applicationmanagepartners-display-component---NewPartner--addressDetailDetailsName1"}]}
RESULT: undefined
COMMAND: POST /session/6eb241deac570073510706dc7280b28b/execute/async - {"script":"<script> [776 bytes]","args":[{"enterText":"Intracompany Partner WDIO","selector":{"id":"application-managepartners-display-component---NewPartner--addressDetailDetailsName1","interaction":{"idSuffix":"inner"}},"clearTextFirst":true,"interactionType":"ENTER_TEXT"}]}
RESULT: {"script":"<script> [776 bytes]","args":[{"enterText":"Intracompany Partner WDIO","selector":{"id":"application-managepartners-display-component---NewPartner--addressDetailDetailsName1","interaction":{"idSuffix":"inner"}},"clearTextFirst":true,"interactionType":"ENTER_TEXT"}]}
COMMAND: POST /session/6eb241deac570073510706dc7280b28b/execute/async - {"script":"<script> [1562 bytes]","args":[{"selector":{"id":"application-managepartners-display-component---NewPartner--addressDetailDetailsLanguage-arrow"},"wdio_ui5_key":"applicationmanagepartners-display-component---NewPartner--addressDetailDetailsLanguage-arrow"}]}
RESULT: {"script":"<script> [1562 bytes]","args":[{"selector":{"id":"application-managepartners-display-component---NewPartner--addressDetailDetailsLanguage-arrow"},"wdio_ui5_key":"applicationmanagepartners-display-component---NewPartner--addressDetailDetailsLanguage-arrow"}]}
RESULT: undefined
COMMAND: POST /session/6eb241deac570073510706dc7280b28b/element - {"using":"xpath","value":"//*[@id=\"application-managepartners-display-component---NewPartner--addressDetailDetailsLanguage-arrow\"]"}
RESULT: {"using":"xpath","value":"//*[@id=\"application-managepartners-display-component---NewPartner--addressDetailDetailsLanguage-arrow\"]"}
COMMAND: POST /session/6eb241deac570073510706dc7280b28b/element/f.451C0D83FD0E10390ED4567275622C99.d.177323DAFC1D6C600FEC71AE8EEC9521.e.1496/click - {}
RESULT: {}
COMMAND: POST /session/6eb241deac570073510706dc7280b28b/element - {"using":"xpath","value":"//span[contains(text(), \"English\")]"}
COMMAND: GET /session/6eb241deac570073510706dc7280b28b/screenshot - {}
RESULT: {"using":"xpath","value":"//span[contains(text(), \"English\")]"}
COMMAND: POST /session/6eb241deac570073510706dc7280b28b/element/f.451C0D83FD0E10390ED4567275622C99.d.177323DAFC1D6C600FEC71AE8EEC9521.e.1497/click - {}
RESULT: {}
RESULT: {}
COMMAND: GET /session/6eb241deac570073510706dc7280b28b/screenshot - {}
RESULT: {}
COMMAND: POST /session/6eb241deac570073510706dc7280b28b/execute/async - {"script":"<script> [1562 bytes]","args":[{"selector":{"id":"application-managepartners-display-component---NewPartner--addressDetailDetailsCity1","interaction":{"idSuffix":"inner"}},"wdio_ui5_key":"applicationmanagepartners-display-component---NewPartner--addressDetailDetailsCity1"}]}
RESULT: {"script":"<script> [1562 bytes]","args":[{"selector":{"id":"application-managepartners-display-component---NewPartner--addressDetailDetailsCity1","interaction":{"idSuffix":"inner"}},"wdio_ui5_key":"applicationmanagepartners-display-component---NewPartner--addressDetailDetailsCity1"}]}
RESULT: undefined
COMMAND: POST /session/6eb241deac570073510706dc7280b28b/execute/async - {"script":"<script> [776 bytes]","args":[{"enterText":"Rosario","selector":{"id":"application-managepartners-display-component---NewPartner--addressDetailDetailsCity1","interaction":{"idSuffix":"inner"}},"clearTextFirst":true,"interactionType":"ENTER_TEXT"}]}
RESULT: {"script":"<script> [776 bytes]","args":[{"enterText":"Rosario","selector":{"id":"application-managepartners-display-component---NewPartner--addressDetailDetailsCity1","interaction":{"idSuffix":"inner"}},"clearTextFirst":true,"interactionType":"ENTER_TEXT"}]}
COMMAND: POST /session/6eb241deac570073510706dc7280b28b/execute/async - {"script":"<script> [1562 bytes]","args":[{"selector":{"id":"application-managepartners-display-component---NewPartner--addressDetailDetailsCountry-arrow"},"wdio_ui5_key":"applicationmanagepartners-display-component---NewPartner--addressDetailDetailsCountry-arrow"}]}
RESULT: {"script":"<script> [1562 bytes]","args":[{"selector":{"id":"application-managepartners-display-component---NewPartner--addressDetailDetailsCountry-arrow"},"wdio_ui5_key":"applicationmanagepartners-display-component---NewPartner--addressDetailDetailsCountry-arrow"}]}
RESULT: undefined
COMMAND: POST /session/6eb241deac570073510706dc7280b28b/element - {"using":"xpath","value":"//*[@id=\"application-managepartners-display-component---NewPartner--addressDetailDetailsCountry-arrow\"]"}
RESULT: {"using":"xpath","value":"//*[@id=\"application-managepartners-display-component---NewPartner--addressDetailDetailsCountry-arrow\"]"}
COMMAND: POST /session/6eb241deac570073510706dc7280b28b/element/f.451C0D83FD0E10390ED4567275622C99.d.177323DAFC1D6C600FEC71AE8EEC9521.e.1450/click - {}
RESULT: {}
COMMAND: POST /session/6eb241deac570073510706dc7280b28b/element - {"using":"xpath","value":"//span[contains(text(), \"Argentina\")]"}
COMMAND: GET /session/6eb241deac570073510706dc7280b28b/screenshot - {}
RESULT: {"using":"xpath","value":"//span[contains(text(), \"Argentina\")]"}
COMMAND: POST /session/6eb241deac570073510706dc7280b28b/element/f.451C0D83FD0E10390ED4567275622C99.d.177323DAFC1D6C600FEC71AE8EEC9521.e.1499/click - {}
RESULT: {}
RESULT: {}
COMMAND: GET /session/6eb241deac570073510706dc7280b28b/screenshot - {}
RESULT: {}
COMMAND: POST /session/6eb241deac570073510706dc7280b28b/element - {"using":"xpath","value":"//bdi[contains(text(), \"Commercial\")]"}
RESULT: {"using":"xpath","value":"//bdi[contains(text(), \"Commercial\")]"}
COMMAND: POST /session/6eb241deac570073510706dc7280b28b/element/f.451C0D83FD0E10390ED4567275622C99.d.177323DAFC1D6C600FEC71AE8EEC9521.e.1500/click - {}
RESULT: {}
COMMAND: GET /session/6eb241deac570073510706dc7280b28b/screenshot - {}
RESULT: {}
COMMAND: POST /session/6eb241deac570073510706dc7280b28b/execute/async - {"script":"<script> [1562 bytes]","args":[{"selector":{"id":"application-managepartners-display-component---NewPartner--partnerDetailInternal-arrow"},"wdio_ui5_key":"applicationmanagepartners-display-component---NewPartner--partnerDetailInternal-arrow"}]}
RESULT: {"script":"<script> [1562 bytes]","args":[{"selector":{"id":"application-managepartners-display-component---NewPartner--partnerDetailInternal-arrow"},"wdio_ui5_key":"applicationmanagepartners-display-component---NewPartner--partnerDetailInternal-arrow"}]}
RESULT: undefined
COMMAND: POST /session/6eb241deac570073510706dc7280b28b/element - {"using":"xpath","value":"//*[@id=\"application-managepartners-display-component---NewPartner--partnerDetailInternal-arrow\"]"}
RESULT: {"using":"xpath","value":"//*[@id=\"application-managepartners-display-component---NewPartner--partnerDetailInternal-arrow\"]"}
COMMAND: POST /session/6eb241deac570073510706dc7280b28b/element/f.451C0D83FD0E10390ED4567275622C99.d.177323DAFC1D6C600FEC71AE8EEC9521.e.1506/click - {}
RESULT: {}
COMMAND: POST /session/6eb241deac570073510706dc7280b28b/element - {"using":"xpath","value":"//span[contains(text(), \"Affiliated company\")]"}
COMMAND: GET /session/6eb241deac570073510706dc7280b28b/screenshot - {}
RESULT: {"using":"xpath","value":"//span[contains(text(), \"Affiliated company\")]"}
COMMAND: POST /session/6eb241deac570073510706dc7280b28b/element/f.451C0D83FD0E10390ED4567275622C99.d.177323DAFC1D6C600FEC71AE8EEC9521.e.1509/click - {}
RESULT: {}
RESULT: {}
COMMAND: POST /session/6eb241deac570073510706dc7280b28b/execute/async - {"script":"<script> [1562 bytes]","args":[{"selector":{"id":"application-managepartners-display-component---NewPartner--partnerDetailsCurrency-arrow"},"wdio_ui5_key":"applicationmanagepartners-display-component---NewPartner--partnerDetailsCurrency-arrow"}]}
COMMAND: GET /session/6eb241deac570073510706dc7280b28b/screenshot - {}
RESULT: {"script":"<script> [1562 bytes]","args":[{"selector":{"id":"application-managepartners-display-component---NewPartner--partnerDetailsCurrency-arrow"},"wdio_ui5_key":"applicationmanagepartners-display-component---NewPartner--partnerDetailsCurrency-arrow"}]}
RESULT: undefined
COMMAND: POST /session/6eb241deac570073510706dc7280b28b/element - {"using":"xpath","value":"//*[@id=\"application-managepartners-display-component---NewPartner--partnerDetailsCurrency-arrow\"]"}
RESULT: {}
RESULT: {"using":"xpath","value":"//*[@id=\"application-managepartners-display-component---NewPartner--partnerDetailsCurrency-arrow\"]"}
COMMAND: POST /session/6eb241deac570073510706dc7280b28b/element/f.451C0D83FD0E10390ED4567275622C99.d.177323DAFC1D6C600FEC71AE8EEC9521.e.1516/click - {}
RESULT: {}
COMMAND: POST /session/6eb241deac570073510706dc7280b28b/element - {"using":"xpath","value":"//span[contains(text(), \"Euro\")]"}
COMMAND: GET /session/6eb241deac570073510706dc7280b28b/screenshot - {}
RESULT: {"using":"xpath","value":"//span[contains(text(), \"Euro\")]"}
COMMAND: POST /session/6eb241deac570073510706dc7280b28b/element/f.451C0D83FD0E10390ED4567275622C99.d.177323DAFC1D6C600FEC71AE8EEC9521.e.1517/click - {}
RESULT: {}
RESULT: {}
COMMAND: POST /session/6eb241deac570073510706dc7280b28b/execute/async - {"script":"<script> [1562 bytes]","args":[{"selector":{"id":"application-managepartners-display-component---NewPartner--addressEditDetailsCostObjectCstType-arrow"},"wdio_ui5_key":"applicationmanagepartners-display-component---NewPartner--addressEditDetailsCostObjectCstType-arrow"}]}
COMMAND: GET /session/6eb241deac570073510706dc7280b28b/screenshot - {}
RESULT: {"script":"<script> [1562 bytes]","args":[{"selector":{"id":"application-managepartners-display-component---NewPartner--addressEditDetailsCostObjectCstType-arrow"},"wdio_ui5_key":"applicationmanagepartners-display-component---NewPartner--addressEditDetailsCostObjectCstType-arrow"}]}
RESULT: undefined
COMMAND: POST /session/6eb241deac570073510706dc7280b28b/element - {"using":"xpath","value":"//*[@id=\"application-managepartners-display-component---NewPartner--addressEditDetailsCostObjectCstType-arrow\"]"}
RESULT: {}
RESULT: {"using":"xpath","value":"//*[@id=\"application-managepartners-display-component---NewPartner--addressEditDetailsCostObjectCstType-arrow\"]"}
COMMAND: POST /session/6eb241deac570073510706dc7280b28b/element/f.451C0D83FD0E10390ED4567275622C99.d.177323DAFC1D6C600FEC71AE8EEC9521.e.1518/click - {}
RESULT: {}
COMMAND: POST /session/6eb241deac570073510706dc7280b28b/element - {"using":"xpath","value":"//span[contains(text(), \"Cost Center\")]"}
COMMAND: GET /session/6eb241deac570073510706dc7280b28b/screenshot - {}
RESULT: {"using":"xpath","value":"//span[contains(text(), \"Cost Center\")]"}
COMMAND: POST /session/6eb241deac570073510706dc7280b28b/element/f.451C0D83FD0E10390ED4567275622C99.d.177323DAFC1D6C600FEC71AE8EEC9521.e.1519/click - {}
RESULT: {}
RESULT: {}
COMMAND: GET /session/6eb241deac570073510706dc7280b28b/screenshot - {}
RESULT: {}
COMMAND: POST /session/6eb241deac570073510706dc7280b28b/element - {"using":"xpath","value":"//span[@id=\"application-managepartners-display-component---NewPartner--addressNewCostObjectCstID-vhi\"]"}
RESULT: {"using":"xpath","value":"//span[@id=\"application-managepartners-display-component---NewPartner--addressNewCostObjectCstID-vhi\"]"}
COMMAND: POST /session/6eb241deac570073510706dc7280b28b/execute/sync - {"script":"<script> [8489 bytes]","args":[{"element-6066-11e4-a52e-4f735466cecf":"f.451C0D83FD0E10390ED4567275622C99.d.177323DAFC1D6C600FEC71AE8EEC9521.e.1523","ELEMENT":"f.451C0D83FD0E10390ED4567275622C99.d.177323DAFC1D6C600FEC71AE8EEC9521.e.1523"}]}
RESULT: {"script":"<script> [8489 bytes]","args":[{"element-6066-11e4-a52e-4f735466cecf":"f.451C0D83FD0E10390ED4567275622C99.d.177323DAFC1D6C600FEC71AE8EEC9521.e.1523","ELEMENT":"f.451C0D83FD0E10390ED4567275622C99.d.177323DAFC1D6C600FEC71AE8EEC9521.e.1523"}]}
COMMAND: POST /session/6eb241deac570073510706dc7280b28b/execute/async - {"script":"<script> [1562 bytes]","args":[{"selector":{"id":"application-managepartners-display-component---NewPartner--addressNewCostObjectCstID-vhi"},"wdio_ui5_key":"applicationmanagepartners-display-component---NewPartner--addressNewCostObjectCstID-vhi"}]}
COMMAND: GET /session/6eb241deac570073510706dc7280b28b/screenshot - {}
RESULT: {"script":"<script> [1562 bytes]","args":[{"selector":{"id":"application-managepartners-display-component---NewPartner--addressNewCostObjectCstID-vhi"},"wdio_ui5_key":"applicationmanagepartners-display-component---NewPartner--addressNewCostObjectCstID-vhi"}]}
RESULT: undefined
COMMAND: POST /session/6eb241deac570073510706dc7280b28b/element - {"using":"xpath","value":"//*[@id=\"application-managepartners-display-component---NewPartner--addressNewCostObjectCstID-vhi\"]"}
RESULT: {}
RESULT: {"using":"xpath","value":"//*[@id=\"application-managepartners-display-component---NewPartner--addressNewCostObjectCstID-vhi\"]"}
COMMAND: POST /session/6eb241deac570073510706dc7280b28b/element/f.451C0D83FD0E10390ED4567275622C99.d.177323DAFC1D6C600FEC71AE8EEC9521.e.1523/click - {}
RESULT: {}
COMMAND: GET /session/6eb241deac570073510706dc7280b28b/screenshot - {}
RESULT: {}
RESULT: undefined
COMMAND: POST /session/6eb241deac570073510706dc7280b28b/execute/async - {"script":"<script> [776 bytes]","args":[{"enterText":"10001013","selector":{"controlType":"sap.m.SearchField","properties":{"placeholder":"Search"},"searchOpenDialogs":true,"interaction":{"idSuffix":"I"}},"clearTextFirst":true,"interactionType":"ENTER_TEXT"}]}
RESULT: {"script":"<script> [776 bytes]","args":[{"enterText":"10001013","selector":{"controlType":"sap.m.SearchField","properties":{"placeholder":"Search"},"searchOpenDialogs":true,"interaction":{"idSuffix":"I"}},"clearTextFirst":true,"interactionType":"ENTER_TEXT"}]}
COMMAND: POST /session/6eb241deac570073510706dc7280b28b/actions - {"actions":[{"id":"action2","type":"key","parameters":{},"actions":[{"type":"keyDown","value":"î€‡"},{"type":"pause","duration":10},{"type":"keyUp","value":"î€‡"}]}]}
RESULT: {"actions":[{"id":"action2","type":"key","parameters":{},"actions":[{"type":"keyDown","value":"î€‡"},{"type":"pause","duration":10},{"type":"keyUp","value":"î€‡"}]}]}
COMMAND: GET /session/6eb241deac570073510706dc7280b28b/screenshot - {}
RESULT: {}
COMMAND: POST /session/6eb241deac570073510706dc7280b28b/element - {"using":"xpath","value":"//span[contains(text(), \"General Management\")]"}
RESULT: {"using":"xpath","value":"//span[contains(text(), \"General Management\")]"}
COMMAND: POST /session/6eb241deac570073510706dc7280b28b/element/f.451C0D83FD0E10390ED4567275622C99.d.177323DAFC1D6C600FEC71AE8EEC9521.e.1562/click - {}
RESULT: {}
COMMAND: GET /session/6eb241deac570073510706dc7280b28b/screenshot - {}
RESULT: {}
COMMAND: POST /session/6eb241deac570073510706dc7280b28b/element - {"using":"xpath","value":"//bdi[contains(text(), \"OK\")]"}
RESULT: {"using":"xpath","value":"//bdi[contains(text(), \"OK\")]"}
COMMAND: POST /session/6eb241deac570073510706dc7280b28b/element/f.451C0D83FD0E10390ED4567275622C99.d.177323DAFC1D6C600FEC71AE8EEC9521.e.1563/click - {}
RESULT: {}
COMMAND: GET /session/6eb241deac570073510706dc7280b28b/screenshot - {}
RESULT: {}
COMMAND: POST /session/6eb241deac570073510706dc7280b28b/element - {"using":"xpath","value":"//input[@id=\"application-managepartners-display-component---NewPartner--companyCodeComboBox-inner\"]"}
RESULT: {"using":"xpath","value":"//input[@id=\"application-managepartners-display-component---NewPartner--companyCodeComboBox-inner\"]"}
COMMAND: POST /session/6eb241deac570073510706dc7280b28b/element/f.451C0D83FD0E10390ED4567275622C99.d.177323DAFC1D6C600FEC71AE8EEC9521.e.1364/clear - {}
RESULT: {}
COMMAND: POST /session/6eb241deac570073510706dc7280b28b/element/f.451C0D83FD0E10390ED4567275622C99.d.177323DAFC1D6C600FEC71AE8EEC9521.e.1364/value - {"text":"1000"}
COMMAND: GET /session/6eb241deac570073510706dc7280b28b/screenshot - {}
RESULT: {"text":"1000"}
COMMAND: GET /session/6eb241deac570073510706dc7280b28b/screenshot - {}
RESULT: {}
RESULT: {}
COMMAND: POST /session/6eb241deac570073510706dc7280b28b/element - {"using":"xpath","value":"//li[.//span[text()= \"1000\"]]"}
RESULT: {"using":"xpath","value":"//li[.//span[text()= \"1000\"]]"}
COMMAND: POST /session/6eb241deac570073510706dc7280b28b/element/f.451C0D83FD0E10390ED4567275622C99.d.177323DAFC1D6C600FEC71AE8EEC9521.e.1569/click - {}
RESULT: {}
COMMAND: GET /session/6eb241deac570073510706dc7280b28b/screenshot - {}
RESULT: {}
COMMAND: POST /session/6eb241deac570073510706dc7280b28b/execute/async - {"script":"<script> [1562 bytes]","args":[{"selector":{"id":"application-managepartners-display-component---NewPartner--btnAddTableRow-img"},"wdio_ui5_key":"applicationmanagepartners-display-component---NewPartner--btnAddTableRow-img"}]}
RESULT: {"script":"<script> [1562 bytes]","args":[{"selector":{"id":"application-managepartners-display-component---NewPartner--btnAddTableRow-img"},"wdio_ui5_key":"applicationmanagepartners-display-component---NewPartner--btnAddTableRow-img"}]}
RESULT: undefined
COMMAND: POST /session/6eb241deac570073510706dc7280b28b/element - {"using":"xpath","value":"//*[@id=\"application-managepartners-display-component---NewPartner--btnAddTableRow-img\"]"}
RESULT: {"using":"xpath","value":"//*[@id=\"application-managepartners-display-component---NewPartner--btnAddTableRow-img\"]"}
COMMAND: POST /session/6eb241deac570073510706dc7280b28b/element/f.451C0D83FD0E10390ED4567275622C99.d.177323DAFC1D6C600FEC71AE8EEC9521.e.1570/click - {}
RESULT: {}
COMMAND: GET /session/6eb241deac570073510706dc7280b28b/screenshot - {}
RESULT: {}
COMMAND: POST /session/6eb241deac570073510706dc7280b28b/element - {"using":"xpath","value":"//input[@id=\"application-managepartners-display-component---NewPartner--assignmentYard-application-managepartners-display-component---NewPartner--assignmentsTable-0-inner\"]"}
RESULT: {"using":"xpath","value":"//input[@id=\"application-managepartners-display-component---NewPartner--assignmentYard-application-managepartners-display-component---NewPartner--assignmentsTable-0-inner\"]"}
COMMAND: POST /session/6eb241deac570073510706dc7280b28b/element/f.451C0D83FD0E10390ED4567275622C99.d.177323DAFC1D6C600FEC71AE8EEC9521.e.1573/clear - {}
RESULT: {}
COMMAND: POST /session/6eb241deac570073510706dc7280b28b/element/f.451C0D83FD0E10390ED4567275622C99.d.177323DAFC1D6C600FEC71AE8EEC9521.e.1573/value - {"text":"640"}
COMMAND: GET /session/6eb241deac570073510706dc7280b28b/screenshot - {}
RESULT: {"text":"640"}
COMMAND: GET /session/6eb241deac570073510706dc7280b28b/screenshot - {}
RESULT: {}
RESULT: {}
COMMAND: POST /session/6eb241deac570073510706dc7280b28b/element - {"using":"xpath","value":"//li[.//span[text()='640']]"}
RESULT: {"using":"xpath","value":"//li[.//span[text()='640']]"}
COMMAND: POST /session/6eb241deac570073510706dc7280b28b/element/f.451C0D83FD0E10390ED4567275622C99.d.177323DAFC1D6C600FEC71AE8EEC9521.e.1582/click - {}
RESULT: {}
COMMAND: GET /session/6eb241deac570073510706dc7280b28b/screenshot - {}
RESULT: {}
COMMAND: POST /session/6eb241deac570073510706dc7280b28b/actions - {"actions":[{"id":"action3","type":"key","parameters":{},"actions":[{"type":"keyDown","value":"î€‡"},{"type":"pause","duration":10},{"type":"keyUp","value":"î€‡"}]}]}
RESULT: {"actions":[{"id":"action3","type":"key","parameters":{},"actions":[{"type":"keyDown","value":"î€‡"},{"type":"pause","duration":10},{"type":"keyUp","value":"î€‡"}]}]}
COMMAND: POST /session/6eb241deac570073510706dc7280b28b/execute/async - {"script":"<script> [1562 bytes]","args":[{"selector":{"id":"application-managepartners-display-component---NewPartner--externalCustomerComboBox-application-managepartners-display-component---NewPartner--assignmentsTable-0-vhi"},"wdio_ui5_key":"applicationmanagepartners-display-component---NewPartner--externalCustomerComboBox-application-managepartners-display-component---NewPartner--assignmentsTable-0-vhi"}]}
COMMAND: GET /session/6eb241deac570073510706dc7280b28b/screenshot - {}
RESULT: {"script":"<script> [1562 bytes]","args":[{"selector":{"id":"application-managepartners-display-component---NewPartner--externalCustomerComboBox-application-managepartners-display-component---NewPartner--assignmentsTable-0-vhi"},"wdio_ui5_key":"applicationmanagepartners-display-component---NewPartner--externalCustomerComboBox-application-managepartners-display-component---NewPartner--assignmentsTable-0-vhi"}]}
RESULT: undefined
COMMAND: POST /session/6eb241deac570073510706dc7280b28b/element - {"using":"xpath","value":"//*[@id=\"application-managepartners-display-component---NewPartner--externalCustomerComboBox-application-managepartners-display-component---NewPartner--assignmentsTable-0-vhi\"]"}
RESULT: {}
RESULT: {"using":"xpath","value":"//*[@id=\"application-managepartners-display-component---NewPartner--externalCustomerComboBox-application-managepartners-display-component---NewPartner--assignmentsTable-0-vhi\"]"}
COMMAND: POST /session/6eb241deac570073510706dc7280b28b/element/f.451C0D83FD0E10390ED4567275622C99.d.177323DAFC1D6C600FEC71AE8EEC9521.e.1586/click - {}
RESULT: {}
RESULT: undefined
COMMAND: POST /session/6eb241deac570073510706dc7280b28b/execute/async - {"script":"<script> [776 bytes]","args":[{"enterText":"300003","selector":{"controlType":"sap.m.SearchField","properties":{"placeholder":"Search"},"searchOpenDialogs":true,"interaction":{"idSuffix":"I"}},"clearTextFirst":true,"interactionType":"ENTER_TEXT"}]}
COMMAND: GET /session/6eb241deac570073510706dc7280b28b/screenshot - {}
RESULT: {"script":"<script> [776 bytes]","args":[{"enterText":"300003","selector":{"controlType":"sap.m.SearchField","properties":{"placeholder":"Search"},"searchOpenDialogs":true,"interaction":{"idSuffix":"I"}},"clearTextFirst":true,"interactionType":"ENTER_TEXT"}]}
COMMAND: POST /session/6eb241deac570073510706dc7280b28b/actions - {"actions":[{"id":"action4","type":"key","parameters":{},"actions":[{"type":"keyDown","value":"î€‡"},{"type":"pause","duration":10},{"type":"keyUp","value":"î€‡"}]}]}
RESULT: {}
RESULT: {"actions":[{"id":"action4","type":"key","parameters":{},"actions":[{"type":"keyDown","value":"î€‡"},{"type":"pause","duration":10},{"type":"keyUp","value":"î€‡"}]}]}
COMMAND: GET /session/6eb241deac570073510706dc7280b28b/screenshot - {}
RESULT: {}
COMMAND: POST /session/6eb241deac570073510706dc7280b28b/element - {"using":"xpath","value":"//span[contains(text(), \"300003\")]"}
RESULT: {"using":"xpath","value":"//span[contains(text(), \"300003\")]"}
COMMAND: POST /session/6eb241deac570073510706dc7280b28b/element/f.451C0D83FD0E10390ED4567275622C99.d.177323DAFC1D6C600FEC71AE8EEC9521.e.1604/click - {}
RESULT: {}
COMMAND: GET /session/6eb241deac570073510706dc7280b28b/screenshot - {}
RESULT: {}
COMMAND: POST /session/6eb241deac570073510706dc7280b28b/element - {"using":"xpath","value":"//bdi[contains(text(), \"OK\")]"}
RESULT: {"using":"xpath","value":"//bdi[contains(text(), \"OK\")]"}
COMMAND: POST /session/6eb241deac570073510706dc7280b28b/element/f.451C0D83FD0E10390ED4567275622C99.d.177323DAFC1D6C600FEC71AE8EEC9521.e.1606/click - {}
RESULT: {}
COMMAND: GET /session/6eb241deac570073510706dc7280b28b/screenshot - {}
RESULT: {}
COMMAND: POST /session/6eb241deac570073510706dc7280b28b/execute/async - {"script":"<script> [1562 bytes]","args":[{"selector":{"id":"application-managepartners-display-component---NewPartner--intercompVendorComboBox-application-managepartners-display-component---NewPartner--assignmentsTable-0-vhi"},"wdio_ui5_key":"applicationmanagepartners-display-component---NewPartner--intercompVendorComboBox-application-managepartners-display-component---NewPartner--assignmentsTable-0-vhi"}]}
RESULT: {"script":"<script> [1562 bytes]","args":[{"selector":{"id":"application-managepartners-display-component---NewPartner--intercompVendorComboBox-application-managepartners-display-component---NewPartner--assignmentsTable-0-vhi"},"wdio_ui5_key":"applicationmanagepartners-display-component---NewPartner--intercompVendorComboBox-application-managepartners-display-component---NewPartner--assignmentsTable-0-vhi"}]}
RESULT: undefined
COMMAND: POST /session/6eb241deac570073510706dc7280b28b/element - {"using":"xpath","value":"//*[@id=\"application-managepartners-display-component---NewPartner--intercompVendorComboBox-application-managepartners-display-component---NewPartner--assignmentsTable-0-vhi\"]"}
RESULT: {"using":"xpath","value":"//*[@id=\"application-managepartners-display-component---NewPartner--intercompVendorComboBox-application-managepartners-display-component---NewPartner--assignmentsTable-0-vhi\"]"}
COMMAND: POST /session/6eb241deac570073510706dc7280b28b/element/f.451C0D83FD0E10390ED4567275622C99.d.177323DAFC1D6C600FEC71AE8EEC9521.e.1609/click - {}
RESULT: {}
RESULT: undefined
COMMAND: POST /session/6eb241deac570073510706dc7280b28b/execute/async - {"script":"<script> [776 bytes]","args":[{"enterText":"100005","selector":{"controlType":"sap.m.SearchField","properties":{"placeholder":"Search"},"searchOpenDialogs":true,"interaction":{"idSuffix":"I"}},"clearTextFirst":true,"interactionType":"ENTER_TEXT"}]}
COMMAND: GET /session/6eb241deac570073510706dc7280b28b/screenshot - {}
RESULT: {"script":"<script> [776 bytes]","args":[{"enterText":"100005","selector":{"controlType":"sap.m.SearchField","properties":{"placeholder":"Search"},"searchOpenDialogs":true,"interaction":{"idSuffix":"I"}},"clearTextFirst":true,"interactionType":"ENTER_TEXT"}]}
COMMAND: POST /session/6eb241deac570073510706dc7280b28b/actions - {"actions":[{"id":"action5","type":"key","parameters":{},"actions":[{"type":"keyDown","value":"î€‡"},{"type":"pause","duration":10},{"type":"keyUp","value":"î€‡"}]}]}
RESULT: {}
RESULT: {"actions":[{"id":"action5","type":"key","parameters":{},"actions":[{"type":"keyDown","value":"î€‡"},{"type":"pause","duration":10},{"type":"keyUp","value":"î€‡"}]}]}
COMMAND: GET /session/6eb241deac570073510706dc7280b28b/screenshot - {}
RESULT: {}
COMMAND: POST /session/6eb241deac570073510706dc7280b28b/element - {"using":"xpath","value":"//span[contains(text(), \"Penguins - Field/12345 Berlin\")]"}
RESULT: {"using":"xpath","value":"//span[contains(text(), \"Penguins - Field/12345 Berlin\")]"}
COMMAND: POST /session/6eb241deac570073510706dc7280b28b/element/f.451C0D83FD0E10390ED4567275622C99.d.177323DAFC1D6C600FEC71AE8EEC9521.e.1626/click - {}
RESULT: {}
COMMAND: GET /session/6eb241deac570073510706dc7280b28b/screenshot - {}
RESULT: {}
COMMAND: POST /session/6eb241deac570073510706dc7280b28b/element - {"using":"xpath","value":"//bdi[contains(text(), \"OK\")]"}
RESULT: {"using":"xpath","value":"//bdi[contains(text(), \"OK\")]"}
COMMAND: POST /session/6eb241deac570073510706dc7280b28b/element/f.451C0D83FD0E10390ED4567275622C99.d.177323DAFC1D6C600FEC71AE8EEC9521.e.1627/click - {}
RESULT: {}
COMMAND: GET /session/6eb241deac570073510706dc7280b28b/screenshot - {}
RESULT: {}
COMMAND: POST /session/6eb241deac570073510706dc7280b28b/element - {"using":"xpath","value":"//button[@data-kt=\"saveButton\"]"}
RESULT: {"using":"xpath","value":"//button[@data-kt=\"saveButton\"]"}
COMMAND: POST /session/6eb241deac570073510706dc7280b28b/element/f.451C0D83FD0E10390ED4567275622C99.d.177323DAFC1D6C600FEC71AE8EEC9521.e.1481/click - {}
RESULT: {}
COMMAND: GET /session/6eb241deac570073510706dc7280b28b/screenshot - {}
RESULT: {}
COMMAND: POST /session/6eb241deac570073510706dc7280b28b/element - {"using":"xpath","value":"//header[contains(@id, 'ObjectPageLayout-headerTitle')]/div[1]/div[2]/div[2]/span[1]"}
RESULT: {"using":"xpath","value":"//header[contains(@id, 'ObjectPageLayout-headerTitle')]/div[1]/div[2]/div[2]/span[1]"}
COMMAND: POST /session/6eb241deac570073510706dc7280b28b/elements - {"using":"xpath","value":"//header[contains(@id, 'ObjectPageLayout-headerTitle')]/div[1]/div[2]/div[2]/span[1]"}
RESULT: {"using":"xpath","value":"//header[contains(@id, 'ObjectPageLayout-headerTitle')]/div[1]/div[2]/div[2]/span[1]"}
COMMAND: POST /session/6eb241deac570073510706dc7280b28b/execute/sync - {"script":"<script> [56 bytes]","args":[{"element-6066-11e4-a52e-4f735466cecf":"f.451C0D83FD0E10390ED4567275622C99.d.177323DAFC1D6C600FEC71AE8EEC9521.e.1792","ELEMENT":"f.451C0D83FD0E10390ED4567275622C99.d.177323DAFC1D6C600FEC71AE8EEC9521.e.1792"}]}
RESULT: {"script":"<script> [56 bytes]","args":[{"element-6066-11e4-a52e-4f735466cecf":"f.451C0D83FD0E10390ED4567275622C99.d.177323DAFC1D6C600FEC71AE8EEC9521.e.1792","ELEMENT":"f.451C0D83FD0E10390ED4567275622C99.d.177323DAFC1D6C600FEC71AE8EEC9521.e.1792"}]}
COMMAND: POST /session/6eb241deac570073510706dc7280b28b/element - {"using":"css selector","value":"#shell-header-logo"}
COMMAND: GET /session/6eb241deac570073510706dc7280b28b/screenshot - {}
RESULT: {"using":"css selector","value":"#shell-header-logo"}
COMMAND: POST /session/6eb241deac570073510706dc7280b28b/element/f.451C0D83FD0E10390ED4567275622C99.d.177323DAFC1D6C600FEC71AE8EEC9521.e.1015/click - {}
RESULT: {}
RESULT: {}
COMMAND: GET /session/6eb241deac570073510706dc7280b28b/screenshot - {}
RESULT: {}
COMMAND: POST /session/6eb241deac570073510706dc7280b28b/execute/sync - {"script":"<script> [299 bytes]","args":[["getModel","getResource"]]}
RESULT: {"script":"<script> [299 bytes]","args":[["getModel","getResource"]]}
]]></system-out>
    </testcase>
    <testcase classname="chrome.135_0_7049_115.windows.Billing_confirm_US117289" name="Should create a new site" time="125.499">
      <system-out><![CDATA[
COMMAND: GET /session/6eb241deac570073510706dc7280b28b/screenshot - {}
COMMAND: POST /session/6eb241deac570073510706dc7280b28b/execute/async - {"script":"<script> [1562 bytes]","args":[{"selector":{"controlType":"sap.m.TileContent","bindingPath":{"path":"","propertyPath":"/properties/info"},"ancestor":{"controlType":"sap.m.GenericTile","properties":{"header":"Manage Sites"}}},"wdio_ui5_key":"sapm.TileContent{\"path\":\"\",\"propertyPath\":\"/properties/info\"}{\"controlType\":\"sap.m.GenericTile\",\"properties\":{\"header\":\"Manage Sites\"}}"}]}
RESULT: {"script":"<script> [1562 bytes]","args":[{"selector":{"controlType":"sap.m.TileContent","bindingPath":{"path":"","propertyPath":"/properties/info"},"ancestor":{"controlType":"sap.m.GenericTile","properties":{"header":"Manage Sites"}}},"wdio_ui5_key":"sapm.TileContent{\"path\":\"\",\"propertyPath\":\"/properties/info\"}{\"controlType\":\"sap.m.GenericTile\",\"properties\":{\"header\":\"Manage Sites\"}}"}]}
RESULT: undefined
COMMAND: POST /session/6eb241deac570073510706dc7280b28b/element - {"using":"xpath","value":"//*[@id=\"__xmlview7--numericTileContent\"]"}
RESULT: {}
RESULT: {"using":"xpath","value":"//*[@id=\"__xmlview7--numericTileContent\"]"}
COMMAND: POST /session/6eb241deac570073510706dc7280b28b/element/f.451C0D83FD0E10390ED4567275622C99.d.177323DAFC1D6C600FEC71AE8EEC9521.e.1794/click - {}
RESULT: {}
COMMAND: POST /session/6eb241deac570073510706dc7280b28b/element - {"using":"xpath","value":"//button[@data-kt=\"addOverflowToolbarButton\"]"}
COMMAND: GET /session/6eb241deac570073510706dc7280b28b/screenshot - {}
RESULT: {"using":"xpath","value":"//button[@data-kt=\"addOverflowToolbarButton\"]"}
COMMAND: POST /session/6eb241deac570073510706dc7280b28b/elements - {"using":"xpath","value":"//button[@data-kt=\"addOverflowToolbarButton\"]"}
RESULT: {}
RESULT: {"using":"xpath","value":"//button[@data-kt=\"addOverflowToolbarButton\"]"}
COMMAND: POST /session/6eb241deac570073510706dc7280b28b/elements - {"using":"xpath","value":"//button[@data-kt=\"addOverflowToolbarButton\"]"}
RESULT: {"using":"xpath","value":"//button[@data-kt=\"addOverflowToolbarButton\"]"}
COMMAND: POST /session/6eb241deac570073510706dc7280b28b/element - {"using":"xpath","value":"//button[@data-kt=\"addOverflowToolbarButton\"]"}
RESULT: {"using":"xpath","value":"//button[@data-kt=\"addOverflowToolbarButton\"]"}
COMMAND: POST /session/6eb241deac570073510706dc7280b28b/execute/sync - {"script":"<script> [8489 bytes]","args":[{"element-6066-11e4-a52e-4f735466cecf":"f.451C0D83FD0E10390ED4567275622C99.d.177323DAFC1D6C600FEC71AE8EEC9521.e.1945","ELEMENT":"f.451C0D83FD0E10390ED4567275622C99.d.177323DAFC1D6C600FEC71AE8EEC9521.e.1945"}]}
RESULT: {"script":"<script> [8489 bytes]","args":[{"element-6066-11e4-a52e-4f735466cecf":"f.451C0D83FD0E10390ED4567275622C99.d.177323DAFC1D6C600FEC71AE8EEC9521.e.1945","ELEMENT":"f.451C0D83FD0E10390ED4567275622C99.d.177323DAFC1D6C600FEC71AE8EEC9521.e.1945"}]}
COMMAND: GET /session/6eb241deac570073510706dc7280b28b/element/f.451C0D83FD0E10390ED4567275622C99.d.177323DAFC1D6C600FEC71AE8EEC9521.e.1945/enabled - {}
COMMAND: GET /session/6eb241deac570073510706dc7280b28b/screenshot - {}
RESULT: {}
COMMAND: POST /session/6eb241deac570073510706dc7280b28b/execute/sync - {"script":"<script> [8489 bytes]","args":[{"element-6066-11e4-a52e-4f735466cecf":"f.451C0D83FD0E10390ED4567275622C99.d.177323DAFC1D6C600FEC71AE8EEC9521.e.1945","ELEMENT":"f.451C0D83FD0E10390ED4567275622C99.d.177323DAFC1D6C600FEC71AE8EEC9521.e.1945"}]}
COMMAND: GET /session/6eb241deac570073510706dc7280b28b/screenshot - {}
RESULT: {}
RESULT: {"script":"<script> [8489 bytes]","args":[{"element-6066-11e4-a52e-4f735466cecf":"f.451C0D83FD0E10390ED4567275622C99.d.177323DAFC1D6C600FEC71AE8EEC9521.e.1945","ELEMENT":"f.451C0D83FD0E10390ED4567275622C99.d.177323DAFC1D6C600FEC71AE8EEC9521.e.1945"}]}
COMMAND: POST /session/6eb241deac570073510706dc7280b28b/execute/sync - {"script":"<script> [5351 bytes]","args":[{"element-6066-11e4-a52e-4f735466cecf":"f.451C0D83FD0E10390ED4567275622C99.d.177323DAFC1D6C600FEC71AE8EEC9521.e.1945","ELEMENT":"f.451C0D83FD0E10390ED4567275622C99.d.177323DAFC1D6C600FEC71AE8EEC9521.e.1945"}]}
COMMAND: GET /session/6eb241deac570073510706dc7280b28b/screenshot - {}
RESULT: {}
RESULT: {"script":"<script> [5351 bytes]","args":[{"element-6066-11e4-a52e-4f735466cecf":"f.451C0D83FD0E10390ED4567275622C99.d.177323DAFC1D6C600FEC71AE8EEC9521.e.1945","ELEMENT":"f.451C0D83FD0E10390ED4567275622C99.d.177323DAFC1D6C600FEC71AE8EEC9521.e.1945"}]}
COMMAND: POST /session/6eb241deac570073510706dc7280b28b/element/f.451C0D83FD0E10390ED4567275622C99.d.177323DAFC1D6C600FEC71AE8EEC9521.e.1945/click - {}
COMMAND: GET /session/6eb241deac570073510706dc7280b28b/screenshot - {}
RESULT: {}
RESULT: {}
COMMAND: GET /session/6eb241deac570073510706dc7280b28b/screenshot - {}
COMMAND: POST /session/6eb241deac570073510706dc7280b28b/element - {"using":"xpath","value":"//input[@id=\"application-managesites-display-component---NewSite--siteId-inner\"]"}
RESULT: {}
RESULT: {}
RESULT: {"using":"xpath","value":"//input[@id=\"application-managesites-display-component---NewSite--siteId-inner\"]"}
COMMAND: POST /session/6eb241deac570073510706dc7280b28b/element - {"using":"xpath","value":"//input[@id=\"application-managesites-display-component---NewSite--siteId-inner\"]"}
RESULT: {"using":"xpath","value":"//input[@id=\"application-managesites-display-component---NewSite--siteId-inner\"]"}
COMMAND: POST /session/6eb241deac570073510706dc7280b28b/execute/async - {"script":"<script> [1562 bytes]","args":[{"selector":{"id":"application-managesites-display-component---NewSite--addressDetailDetailsName1","interaction":{"idSuffix":"inner"}},"wdio_ui5_key":"applicationmanagesites-display-component---NewSite--addressDetailDetailsName1"}]}
RESULT: {"script":"<script> [1562 bytes]","args":[{"selector":{"id":"application-managesites-display-component---NewSite--addressDetailDetailsName1","interaction":{"idSuffix":"inner"}},"wdio_ui5_key":"applicationmanagesites-display-component---NewSite--addressDetailDetailsName1"}]}
RESULT: undefined
COMMAND: POST /session/6eb241deac570073510706dc7280b28b/execute/async - {"script":"<script> [776 bytes]","args":[{"enterText":"Intracompany Site wdIO","selector":{"id":"application-managesites-display-component---NewSite--addressDetailDetailsName1","interaction":{"idSuffix":"inner"}},"clearTextFirst":true,"interactionType":"ENTER_TEXT"}]}
RESULT: {"script":"<script> [776 bytes]","args":[{"enterText":"Intracompany Site wdIO","selector":{"id":"application-managesites-display-component---NewSite--addressDetailDetailsName1","interaction":{"idSuffix":"inner"}},"clearTextFirst":true,"interactionType":"ENTER_TEXT"}]}
COMMAND: POST /session/6eb241deac570073510706dc7280b28b/execute/async - {"script":"<script> [1562 bytes]","args":[{"selector":{"id":"application-managesites-display-component---NewSite--addressDetailDetailsLanguage-arrow"},"wdio_ui5_key":"applicationmanagesites-display-component---NewSite--addressDetailDetailsLanguage-arrow"}]}
RESULT: {"script":"<script> [1562 bytes]","args":[{"selector":{"id":"application-managesites-display-component---NewSite--addressDetailDetailsLanguage-arrow"},"wdio_ui5_key":"applicationmanagesites-display-component---NewSite--addressDetailDetailsLanguage-arrow"}]}
RESULT: undefined
COMMAND: POST /session/6eb241deac570073510706dc7280b28b/element - {"using":"xpath","value":"//*[@id=\"application-managesites-display-component---NewSite--addressDetailDetailsLanguage-arrow\"]"}
RESULT: {"using":"xpath","value":"//*[@id=\"application-managesites-display-component---NewSite--addressDetailDetailsLanguage-arrow\"]"}
COMMAND: POST /session/6eb241deac570073510706dc7280b28b/element/f.451C0D83FD0E10390ED4567275622C99.d.177323DAFC1D6C600FEC71AE8EEC9521.e.2446/click - {}
RESULT: {}
COMMAND: POST /session/6eb241deac570073510706dc7280b28b/element - {"using":"xpath","value":"//span[contains(text(), \"English\")]"}
COMMAND: GET /session/6eb241deac570073510706dc7280b28b/screenshot - {}
RESULT: {"using":"xpath","value":"//span[contains(text(), \"English\")]"}
COMMAND: POST /session/6eb241deac570073510706dc7280b28b/element/f.451C0D83FD0E10390ED4567275622C99.d.177323DAFC1D6C600FEC71AE8EEC9521.e.2447/click - {}
RESULT: {}
RESULT: {}
COMMAND: POST /session/6eb241deac570073510706dc7280b28b/execute/async - {"script":"<script> [1562 bytes]","args":[{"selector":{"id":"application-managesites-display-component---NewSite--addressDetailDetailsCity1","interaction":{"idSuffix":"inner"}},"wdio_ui5_key":"applicationmanagesites-display-component---NewSite--addressDetailDetailsCity1"}]}
COMMAND: GET /session/6eb241deac570073510706dc7280b28b/screenshot - {}
RESULT: {"script":"<script> [1562 bytes]","args":[{"selector":{"id":"application-managesites-display-component---NewSite--addressDetailDetailsCity1","interaction":{"idSuffix":"inner"}},"wdio_ui5_key":"applicationmanagesites-display-component---NewSite--addressDetailDetailsCity1"}]}
RESULT: undefined
COMMAND: POST /session/6eb241deac570073510706dc7280b28b/execute/async - {"script":"<script> [776 bytes]","args":[{"enterText":"Rosario","selector":{"id":"application-managesites-display-component---NewSite--addressDetailDetailsCity1","interaction":{"idSuffix":"inner"}},"clearTextFirst":true,"interactionType":"ENTER_TEXT"}]}
RESULT: {}
RESULT: {"script":"<script> [776 bytes]","args":[{"enterText":"Rosario","selector":{"id":"application-managesites-display-component---NewSite--addressDetailDetailsCity1","interaction":{"idSuffix":"inner"}},"clearTextFirst":true,"interactionType":"ENTER_TEXT"}]}
COMMAND: POST /session/6eb241deac570073510706dc7280b28b/execute/async - {"script":"<script> [1562 bytes]","args":[{"selector":{"id":"application-managesites-display-component---NewSite--addressDetailDetailsCountry-arrow"},"wdio_ui5_key":"applicationmanagesites-display-component---NewSite--addressDetailDetailsCountry-arrow"}]}
RESULT: {"script":"<script> [1562 bytes]","args":[{"selector":{"id":"application-managesites-display-component---NewSite--addressDetailDetailsCountry-arrow"},"wdio_ui5_key":"applicationmanagesites-display-component---NewSite--addressDetailDetailsCountry-arrow"}]}
RESULT: undefined
COMMAND: POST /session/6eb241deac570073510706dc7280b28b/element - {"using":"xpath","value":"//*[@id=\"application-managesites-display-component---NewSite--addressDetailDetailsCountry-arrow\"]"}
RESULT: {"using":"xpath","value":"//*[@id=\"application-managesites-display-component---NewSite--addressDetailDetailsCountry-arrow\"]"}
COMMAND: POST /session/6eb241deac570073510706dc7280b28b/element/f.451C0D83FD0E10390ED4567275622C99.d.177323DAFC1D6C600FEC71AE8EEC9521.e.2449/click - {}
RESULT: {}
COMMAND: POST /session/6eb241deac570073510706dc7280b28b/element - {"using":"xpath","value":"//span[contains(text(), \"Argentina\")]"}
COMMAND: GET /session/6eb241deac570073510706dc7280b28b/screenshot - {}
RESULT: {"using":"xpath","value":"//span[contains(text(), \"Argentina\")]"}
COMMAND: POST /session/6eb241deac570073510706dc7280b28b/element/f.451C0D83FD0E10390ED4567275622C99.d.177323DAFC1D6C600FEC71AE8EEC9521.e.2450/click - {}
RESULT: {}
RESULT: {}
COMMAND: GET /session/6eb241deac570073510706dc7280b28b/screenshot - {}
RESULT: {}
COMMAND: POST /session/6eb241deac570073510706dc7280b28b/execute/async - {"script":"<script> [1562 bytes]","args":[{"selector":{"id":"application-managesites-display-component---NewSite--addressEditDetailsCostObjectCstType-arrow"},"wdio_ui5_key":"applicationmanagesites-display-component---NewSite--addressEditDetailsCostObjectCstType-arrow"}]}
RESULT: {"script":"<script> [1562 bytes]","args":[{"selector":{"id":"application-managesites-display-component---NewSite--addressEditDetailsCostObjectCstType-arrow"},"wdio_ui5_key":"applicationmanagesites-display-component---NewSite--addressEditDetailsCostObjectCstType-arrow"}]}
RESULT: undefined
COMMAND: POST /session/6eb241deac570073510706dc7280b28b/element - {"using":"xpath","value":"//*[@id=\"application-managesites-display-component---NewSite--addressEditDetailsCostObjectCstType-arrow\"]"}
RESULT: {"using":"xpath","value":"//*[@id=\"application-managesites-display-component---NewSite--addressEditDetailsCostObjectCstType-arrow\"]"}
COMMAND: POST /session/6eb241deac570073510706dc7280b28b/element/f.451C0D83FD0E10390ED4567275622C99.d.177323DAFC1D6C600FEC71AE8EEC9521.e.2452/click - {}
RESULT: {}
COMMAND: POST /session/6eb241deac570073510706dc7280b28b/element - {"using":"xpath","value":"//span[contains(text(), \"Cost Center\")]"}
COMMAND: GET /session/6eb241deac570073510706dc7280b28b/screenshot - {}
RESULT: {"using":"xpath","value":"//span[contains(text(), \"Cost Center\")]"}
COMMAND: POST /session/6eb241deac570073510706dc7280b28b/element/f.451C0D83FD0E10390ED4567275622C99.d.177323DAFC1D6C600FEC71AE8EEC9521.e.2453/click - {}
RESULT: {}
RESULT: {}
COMMAND: GET /session/6eb241deac570073510706dc7280b28b/screenshot - {}
RESULT: {}
COMMAND: POST /session/6eb241deac570073510706dc7280b28b/element - {"using":"xpath","value":"//span[@id=\"application-managesites-display-component---NewSite--addressNewCostObjectCstID-vhi\"]"}
RESULT: {"using":"xpath","value":"//span[@id=\"application-managesites-display-component---NewSite--addressNewCostObjectCstID-vhi\"]"}
COMMAND: POST /session/6eb241deac570073510706dc7280b28b/execute/sync - {"script":"<script> [8489 bytes]","args":[{"element-6066-11e4-a52e-4f735466cecf":"f.451C0D83FD0E10390ED4567275622C99.d.177323DAFC1D6C600FEC71AE8EEC9521.e.2458","ELEMENT":"f.451C0D83FD0E10390ED4567275622C99.d.177323DAFC1D6C600FEC71AE8EEC9521.e.2458"}]}
RESULT: {"script":"<script> [8489 bytes]","args":[{"element-6066-11e4-a52e-4f735466cecf":"f.451C0D83FD0E10390ED4567275622C99.d.177323DAFC1D6C600FEC71AE8EEC9521.e.2458","ELEMENT":"f.451C0D83FD0E10390ED4567275622C99.d.177323DAFC1D6C600FEC71AE8EEC9521.e.2458"}]}
COMMAND: POST /session/6eb241deac570073510706dc7280b28b/execute/async - {"script":"<script> [1562 bytes]","args":[{"selector":{"id":"application-managesites-display-component---NewSite--addressNewCostObjectCstID-vhi"},"wdio_ui5_key":"applicationmanagesites-display-component---NewSite--addressNewCostObjectCstID-vhi"}]}
COMMAND: GET /session/6eb241deac570073510706dc7280b28b/screenshot - {}
RESULT: {"script":"<script> [1562 bytes]","args":[{"selector":{"id":"application-managesites-display-component---NewSite--addressNewCostObjectCstID-vhi"},"wdio_ui5_key":"applicationmanagesites-display-component---NewSite--addressNewCostObjectCstID-vhi"}]}
RESULT: undefined
COMMAND: POST /session/6eb241deac570073510706dc7280b28b/element - {"using":"xpath","value":"//*[@id=\"application-managesites-display-component---NewSite--addressNewCostObjectCstID-vhi\"]"}
RESULT: {}
RESULT: {"using":"xpath","value":"//*[@id=\"application-managesites-display-component---NewSite--addressNewCostObjectCstID-vhi\"]"}
COMMAND: POST /session/6eb241deac570073510706dc7280b28b/element/f.451C0D83FD0E10390ED4567275622C99.d.177323DAFC1D6C600FEC71AE8EEC9521.e.2458/click - {}
RESULT: {}
COMMAND: GET /session/6eb241deac570073510706dc7280b28b/screenshot - {}
RESULT: {}
RESULT: undefined
COMMAND: POST /session/6eb241deac570073510706dc7280b28b/execute/async - {"script":"<script> [776 bytes]","args":[{"enterText":"10001013","selector":{"controlType":"sap.m.SearchField","properties":{"placeholder":"Search"},"searchOpenDialogs":true,"interaction":{"idSuffix":"I"}},"clearTextFirst":true,"interactionType":"ENTER_TEXT"}]}
RESULT: {"script":"<script> [776 bytes]","args":[{"enterText":"10001013","selector":{"controlType":"sap.m.SearchField","properties":{"placeholder":"Search"},"searchOpenDialogs":true,"interaction":{"idSuffix":"I"}},"clearTextFirst":true,"interactionType":"ENTER_TEXT"}]}
COMMAND: POST /session/6eb241deac570073510706dc7280b28b/actions - {"actions":[{"id":"action6","type":"key","parameters":{},"actions":[{"type":"keyDown","value":"î€‡"},{"type":"pause","duration":10},{"type":"keyUp","value":"î€‡"}]}]}
RESULT: {"actions":[{"id":"action6","type":"key","parameters":{},"actions":[{"type":"keyDown","value":"î€‡"},{"type":"pause","duration":10},{"type":"keyUp","value":"î€‡"}]}]}
COMMAND: GET /session/6eb241deac570073510706dc7280b28b/screenshot - {}
RESULT: {}
COMMAND: POST /session/6eb241deac570073510706dc7280b28b/element - {"using":"xpath","value":"//span[contains(text(), \"General Management\")]"}
RESULT: {"using":"xpath","value":"//span[contains(text(), \"General Management\")]"}
COMMAND: POST /session/6eb241deac570073510706dc7280b28b/element/f.451C0D83FD0E10390ED4567275622C99.d.177323DAFC1D6C600FEC71AE8EEC9521.e.2499/click - {}
RESULT: {}
COMMAND: GET /session/6eb241deac570073510706dc7280b28b/screenshot - {}
RESULT: {}
COMMAND: POST /session/6eb241deac570073510706dc7280b28b/element - {"using":"xpath","value":"//bdi[contains(text(), \"OK\")]"}
RESULT: {"using":"xpath","value":"//bdi[contains(text(), \"OK\")]"}
COMMAND: POST /session/6eb241deac570073510706dc7280b28b/element/f.451C0D83FD0E10390ED4567275622C99.d.177323DAFC1D6C600FEC71AE8EEC9521.e.2500/click - {}
RESULT: {}
COMMAND: GET /session/6eb241deac570073510706dc7280b28b/screenshot - {}
RESULT: {}
COMMAND: POST /session/6eb241deac570073510706dc7280b28b/element - {"using":"xpath","value":"//input[@id=\"application-managesites-display-component---NewSite--addressDetailDetailsCalendar-inner\"]"}
RESULT: {"using":"xpath","value":"//input[@id=\"application-managesites-display-component---NewSite--addressDetailDetailsCalendar-inner\"]"}
COMMAND: POST /session/6eb241deac570073510706dc7280b28b/element/f.451C0D83FD0E10390ED4567275622C99.d.177323DAFC1D6C600FEC71AE8EEC9521.e.2232/clear - {}
RESULT: {}
COMMAND: POST /session/6eb241deac570073510706dc7280b28b/element/f.451C0D83FD0E10390ED4567275622C99.d.177323DAFC1D6C600FEC71AE8EEC9521.e.2232/value - {"text":"Unit"}
COMMAND: GET /session/6eb241deac570073510706dc7280b28b/screenshot - {}
RESULT: {"text":"Unit"}
COMMAND: GET /session/6eb241deac570073510706dc7280b28b/screenshot - {}
RESULT: {}
RESULT: {}
COMMAND: POST /session/6eb241deac570073510706dc7280b28b/actions - {"actions":[{"id":"action7","type":"key","parameters":{},"actions":[{"type":"keyDown","value":"î€‡"},{"type":"pause","duration":10},{"type":"keyUp","value":"î€‡"}]}]}
RESULT: {"actions":[{"id":"action7","type":"key","parameters":{},"actions":[{"type":"keyDown","value":"î€‡"},{"type":"pause","duration":10},{"type":"keyUp","value":"î€‡"}]}]}
COMMAND: POST /session/6eb241deac570073510706dc7280b28b/element - {"using":"xpath","value":"//input[@id=\"application-managesites-display-component---NewSite--addressDetailDetailsYard-inner\"]"}
COMMAND: GET /session/6eb241deac570073510706dc7280b28b/screenshot - {}
RESULT: {"using":"xpath","value":"//input[@id=\"application-managesites-display-component---NewSite--addressDetailDetailsYard-inner\"]"}
COMMAND: POST /session/6eb241deac570073510706dc7280b28b/element/f.451C0D83FD0E10390ED4567275622C99.d.177323DAFC1D6C600FEC71AE8EEC9521.e.2233/clear - {}
RESULT: {}
RESULT: {}
COMMAND: POST /session/6eb241deac570073510706dc7280b28b/element/f.451C0D83FD0E10390ED4567275622C99.d.177323DAFC1D6C600FEC71AE8EEC9521.e.2233/value - {"text":"640"}
COMMAND: GET /session/6eb241deac570073510706dc7280b28b/screenshot - {}
RESULT: {"text":"640"}
COMMAND: GET /session/6eb241deac570073510706dc7280b28b/screenshot - {}
RESULT: {}
RESULT: {}
COMMAND: POST /session/6eb241deac570073510706dc7280b28b/element - {"using":"xpath","value":"//li[.//span[text()='640']]"}
RESULT: {"using":"xpath","value":"//li[.//span[text()='640']]"}
COMMAND: POST /session/6eb241deac570073510706dc7280b28b/element/f.451C0D83FD0E10390ED4567275622C99.d.177323DAFC1D6C600FEC71AE8EEC9521.e.2526/click - {}
RESULT: {}
COMMAND: GET /session/6eb241deac570073510706dc7280b28b/screenshot - {}
RESULT: {}
COMMAND: POST /session/6eb241deac570073510706dc7280b28b/element - {"using":"xpath","value":"//input[@id=\"application-managesites-display-component---NewSite--addressDetailDetailsPartner-inner\"]"}
RESULT: {"using":"xpath","value":"//input[@id=\"application-managesites-display-component---NewSite--addressDetailDetailsPartner-inner\"]"}
COMMAND: POST /session/6eb241deac570073510706dc7280b28b/element - {"using":"xpath","value":"//input[@id=\"application-managesites-display-component---NewSite--addressDetailDetailsPartner-inner\"]"}
RESULT: {"using":"xpath","value":"//input[@id=\"application-managesites-display-component---NewSite--addressDetailDetailsPartner-inner\"]"}
COMMAND: POST /session/6eb241deac570073510706dc7280b28b/element - {"using":"xpath","value":"//button[@data-kt=\"saveButton\"]"}
RESULT: {"using":"xpath","value":"//button[@data-kt=\"saveButton\"]"}
COMMAND: POST /session/6eb241deac570073510706dc7280b28b/element/f.451C0D83FD0E10390ED4567275622C99.d.177323DAFC1D6C600FEC71AE8EEC9521.e.2374/click - {}
RESULT: {}
COMMAND: GET /session/6eb241deac570073510706dc7280b28b/screenshot - {}
RESULT: {}
COMMAND: POST /session/6eb241deac570073510706dc7280b28b/element - {"using":"xpath","value":"//header[contains(@id, 'ObjectPageLayout-headerTitle')]/div[1]/div[2]/div[2]/span[1]"}
RESULT: {"using":"xpath","value":"//header[contains(@id, 'ObjectPageLayout-headerTitle')]/div[1]/div[2]/div[2]/span[1]"}
COMMAND: POST /session/6eb241deac570073510706dc7280b28b/elements - {"using":"xpath","value":"//header[contains(@id, 'ObjectPageLayout-headerTitle')]/div[1]/div[2]/div[2]/span[1]"}
RESULT: {"using":"xpath","value":"//header[contains(@id, 'ObjectPageLayout-headerTitle')]/div[1]/div[2]/div[2]/span[1]"}
COMMAND: POST /session/6eb241deac570073510706dc7280b28b/execute/sync - {"script":"<script> [56 bytes]","args":[{"element-6066-11e4-a52e-4f735466cecf":"f.451C0D83FD0E10390ED4567275622C99.d.177323DAFC1D6C600FEC71AE8EEC9521.e.2735","ELEMENT":"f.451C0D83FD0E10390ED4567275622C99.d.177323DAFC1D6C600FEC71AE8EEC9521.e.2735"}]}
RESULT: {"script":"<script> [56 bytes]","args":[{"element-6066-11e4-a52e-4f735466cecf":"f.451C0D83FD0E10390ED4567275622C99.d.177323DAFC1D6C600FEC71AE8EEC9521.e.2735","ELEMENT":"f.451C0D83FD0E10390ED4567275622C99.d.177323DAFC1D6C600FEC71AE8EEC9521.e.2735"}]}
COMMAND: POST /session/6eb241deac570073510706dc7280b28b/element - {"using":"css selector","value":"#shell-header-logo"}
COMMAND: GET /session/6eb241deac570073510706dc7280b28b/screenshot - {}
RESULT: {"using":"css selector","value":"#shell-header-logo"}
COMMAND: POST /session/6eb241deac570073510706dc7280b28b/element/f.451C0D83FD0E10390ED4567275622C99.d.177323DAFC1D6C600FEC71AE8EEC9521.e.1798/click - {}
RESULT: {}
RESULT: {}
COMMAND: GET /session/6eb241deac570073510706dc7280b28b/screenshot - {}
RESULT: {}
COMMAND: POST /session/6eb241deac570073510706dc7280b28b/execute/sync - {"script":"<script> [299 bytes]","args":[["getModel","getResource"]]}
RESULT: {"script":"<script> [299 bytes]","args":[["getModel","getResource"]]}
]]></system-out>
    </testcase>
    <testcase classname="chrome.135_0_7049_115.windows.Billing_confirm_US117289" name="Should create a new equipment" time="137.812">
      <system-out><![CDATA[
COMMAND: GET /session/6eb241deac570073510706dc7280b28b/screenshot - {}
COMMAND: POST /session/6eb241deac570073510706dc7280b28b/execute/async - {"script":"<script> [1562 bytes]","args":[{"selector":{"controlType":"sap.m.GenericTile","properties":{"header":"Manage Resources"}},"wdio_ui5_key":"sapm.GenericTile{\"header\":\"Manage Resources\"}"}]}
RESULT: {}
RESULT: {"script":"<script> [1562 bytes]","args":[{"selector":{"controlType":"sap.m.GenericTile","properties":{"header":"Manage Resources"}},"wdio_ui5_key":"sapm.GenericTile{\"header\":\"Manage Resources\"}"}]}
RESULT: undefined
COMMAND: POST /session/6eb241deac570073510706dc7280b28b/element - {"using":"xpath","value":"//*[@id=\"__tile39\"]"}
RESULT: {"using":"xpath","value":"//*[@id=\"__tile39\"]"}
COMMAND: POST /session/6eb241deac570073510706dc7280b28b/element/f.451C0D83FD0E10390ED4567275622C99.d.177323DAFC1D6C600FEC71AE8EEC9521.e.161/click - {}
RESULT: {}
COMMAND: POST /session/6eb241deac570073510706dc7280b28b/element - {"using":"xpath","value":"//button[@data-kt=\"addNewRUOverflowToolbarButton\"]"}
COMMAND: GET /session/6eb241deac570073510706dc7280b28b/screenshot - {}
RESULT: {"using":"xpath","value":"//button[@data-kt=\"addNewRUOverflowToolbarButton\"]"}
COMMAND: POST /session/6eb241deac570073510706dc7280b28b/elements - {"using":"xpath","value":"//button[@data-kt=\"addNewRUOverflowToolbarButton\"]"}
RESULT: {}
RESULT: {"using":"xpath","value":"//button[@data-kt=\"addNewRUOverflowToolbarButton\"]"}
COMMAND: POST /session/6eb241deac570073510706dc7280b28b/elements - {"using":"xpath","value":"//button[@data-kt=\"addNewRUOverflowToolbarButton\"]"}
RESULT: {"using":"xpath","value":"//button[@data-kt=\"addNewRUOverflowToolbarButton\"]"}
COMMAND: POST /session/6eb241deac570073510706dc7280b28b/element - {"using":"xpath","value":"//button[@data-kt=\"addNewRUOverflowToolbarButton\"]"}
RESULT: {"using":"xpath","value":"//button[@data-kt=\"addNewRUOverflowToolbarButton\"]"}
COMMAND: POST /session/6eb241deac570073510706dc7280b28b/execute/sync - {"script":"<script> [8489 bytes]","args":[{"element-6066-11e4-a52e-4f735466cecf":"f.451C0D83FD0E10390ED4567275622C99.d.177323DAFC1D6C600FEC71AE8EEC9521.e.2777","ELEMENT":"f.451C0D83FD0E10390ED4567275622C99.d.177323DAFC1D6C600FEC71AE8EEC9521.e.2777"}]}
RESULT: {"script":"<script> [8489 bytes]","args":[{"element-6066-11e4-a52e-4f735466cecf":"f.451C0D83FD0E10390ED4567275622C99.d.177323DAFC1D6C600FEC71AE8EEC9521.e.2777","ELEMENT":"f.451C0D83FD0E10390ED4567275622C99.d.177323DAFC1D6C600FEC71AE8EEC9521.e.2777"}]}
COMMAND: GET /session/6eb241deac570073510706dc7280b28b/element/f.451C0D83FD0E10390ED4567275622C99.d.177323DAFC1D6C600FEC71AE8EEC9521.e.2777/enabled - {}
COMMAND: GET /session/6eb241deac570073510706dc7280b28b/screenshot - {}
RESULT: {}
COMMAND: POST /session/6eb241deac570073510706dc7280b28b/execute/sync - {"script":"<script> [8489 bytes]","args":[{"element-6066-11e4-a52e-4f735466cecf":"f.451C0D83FD0E10390ED4567275622C99.d.177323DAFC1D6C600FEC71AE8EEC9521.e.2777","ELEMENT":"f.451C0D83FD0E10390ED4567275622C99.d.177323DAFC1D6C600FEC71AE8EEC9521.e.2777"}]}
COMMAND: GET /session/6eb241deac570073510706dc7280b28b/screenshot - {}
RESULT: {}
RESULT: {"script":"<script> [8489 bytes]","args":[{"element-6066-11e4-a52e-4f735466cecf":"f.451C0D83FD0E10390ED4567275622C99.d.177323DAFC1D6C600FEC71AE8EEC9521.e.2777","ELEMENT":"f.451C0D83FD0E10390ED4567275622C99.d.177323DAFC1D6C600FEC71AE8EEC9521.e.2777"}]}
COMMAND: POST /session/6eb241deac570073510706dc7280b28b/execute/sync - {"script":"<script> [5351 bytes]","args":[{"element-6066-11e4-a52e-4f735466cecf":"f.451C0D83FD0E10390ED4567275622C99.d.177323DAFC1D6C600FEC71AE8EEC9521.e.2777","ELEMENT":"f.451C0D83FD0E10390ED4567275622C99.d.177323DAFC1D6C600FEC71AE8EEC9521.e.2777"}]}
COMMAND: GET /session/6eb241deac570073510706dc7280b28b/screenshot - {}
RESULT: {}
RESULT: {"script":"<script> [5351 bytes]","args":[{"element-6066-11e4-a52e-4f735466cecf":"f.451C0D83FD0E10390ED4567275622C99.d.177323DAFC1D6C600FEC71AE8EEC9521.e.2777","ELEMENT":"f.451C0D83FD0E10390ED4567275622C99.d.177323DAFC1D6C600FEC71AE8EEC9521.e.2777"}]}
COMMAND: POST /session/6eb241deac570073510706dc7280b28b/element/f.451C0D83FD0E10390ED4567275622C99.d.177323DAFC1D6C600FEC71AE8EEC9521.e.2777/click - {}
COMMAND: GET /session/6eb241deac570073510706dc7280b28b/screenshot - {}
RESULT: {}
RESULT: {}
COMMAND: GET /session/6eb241deac570073510706dc7280b28b/screenshot - {}
COMMAND: POST /session/6eb241deac570073510706dc7280b28b/execute/async - {"script":"<script> [1562 bytes]","args":[{"selector":{"id":"application-manageresources-display-component---newResourceUnit--TYPE-arrow"},"wdio_ui5_key":"applicationmanageresources-display-component---newResourceUnit--TYPE-arrow"}]}
RESULT: {}
RESULT: {}
RESULT: {"script":"<script> [1562 bytes]","args":[{"selector":{"id":"application-manageresources-display-component---newResourceUnit--TYPE-arrow"},"wdio_ui5_key":"applicationmanageresources-display-component---newResourceUnit--TYPE-arrow"}]}
RESULT: undefined
COMMAND: POST /session/6eb241deac570073510706dc7280b28b/element - {"using":"xpath","value":"//*[@id=\"application-manageresources-display-component---newResourceUnit--TYPE-arrow\"]"}
RESULT: {"using":"xpath","value":"//*[@id=\"application-manageresources-display-component---newResourceUnit--TYPE-arrow\"]"}
COMMAND: POST /session/6eb241deac570073510706dc7280b28b/element/f.451C0D83FD0E10390ED4567275622C99.d.177323DAFC1D6C600FEC71AE8EEC9521.e.3124/click - {}
RESULT: {}
COMMAND: POST /session/6eb241deac570073510706dc7280b28b/element - {"using":"xpath","value":"//input[@id=\"application-manageresources-display-component---newResourceUnit--TYPE-inner\"]"}
COMMAND: GET /session/6eb241deac570073510706dc7280b28b/screenshot - {}
RESULT: {"using":"xpath","value":"//input[@id=\"application-manageresources-display-component---newResourceUnit--TYPE-inner\"]"}
COMMAND: POST /session/6eb241deac570073510706dc7280b28b/element/f.451C0D83FD0E10390ED4567275622C99.d.177323DAFC1D6C600FEC71AE8EEC9521.e.3119/clear - {}
RESULT: {}
RESULT: {}
COMMAND: POST /session/6eb241deac570073510706dc7280b28b/element/f.451C0D83FD0E10390ED4567275622C99.d.177323DAFC1D6C600FEC71AE8EEC9521.e.3119/value - {"text":"Equipment"}
COMMAND: GET /session/6eb241deac570073510706dc7280b28b/screenshot - {}
RESULT: {"text":"Equipment"}
COMMAND: GET /session/6eb241deac570073510706dc7280b28b/screenshot - {}
RESULT: {}
RESULT: {}
COMMAND: POST /session/6eb241deac570073510706dc7280b28b/actions - {"actions":[{"id":"action8","type":"key","parameters":{},"actions":[{"type":"keyDown","value":"î€‡"},{"type":"pause","duration":10},{"type":"keyUp","value":"î€‡"}]}]}
RESULT: {"actions":[{"id":"action8","type":"key","parameters":{},"actions":[{"type":"keyDown","value":"î€‡"},{"type":"pause","duration":10},{"type":"keyUp","value":"î€‡"}]}]}
COMMAND: POST /session/6eb241deac570073510706dc7280b28b/execute/async - {"script":"<script> [1562 bytes]","args":[{"selector":{"id":"application-manageresources-display-component---newResourceUnit--resourceId","interaction":{"idSuffix":"inner"}},"wdio_ui5_key":"applicationmanageresources-display-component---newResourceUnit--resourceId"}]}
COMMAND: GET /session/6eb241deac570073510706dc7280b28b/screenshot - {}
RESULT: {"script":"<script> [1562 bytes]","args":[{"selector":{"id":"application-manageresources-display-component---newResourceUnit--resourceId","interaction":{"idSuffix":"inner"}},"wdio_ui5_key":"applicationmanageresources-display-component---newResourceUnit--resourceId"}]}
RESULT: undefined
COMMAND: POST /session/6eb241deac570073510706dc7280b28b/execute/async - {"script":"<script> [776 bytes]","args":[{"enterText":"c902jYOd9X","selector":{"id":"application-manageresources-display-component---newResourceUnit--resourceId","interaction":{"idSuffix":"inner"}},"clearTextFirst":true,"interactionType":"ENTER_TEXT"}]}
RESULT: {}
RESULT: {"script":"<script> [776 bytes]","args":[{"enterText":"c902jYOd9X","selector":{"id":"application-manageresources-display-component---newResourceUnit--resourceId","interaction":{"idSuffix":"inner"}},"clearTextFirst":true,"interactionType":"ENTER_TEXT"}]}
COMMAND: POST /session/6eb241deac570073510706dc7280b28b/execute/async - {"script":"<script> [1562 bytes]","args":[{"selector":{"id":"application-manageresources-display-component---newResourceUnit--SHORT_TEXT","interaction":{"idSuffix":"inner"}},"wdio_ui5_key":"applicationmanageresources-display-component---newResourceUnit--SHORT_TEXT"}]}
RESULT: {"script":"<script> [1562 bytes]","args":[{"selector":{"id":"application-manageresources-display-component---newResourceUnit--SHORT_TEXT","interaction":{"idSuffix":"inner"}},"wdio_ui5_key":"applicationmanageresources-display-component---newResourceUnit--SHORT_TEXT"}]}
RESULT: undefined
COMMAND: POST /session/6eb241deac570073510706dc7280b28b/execute/async - {"script":"<script> [776 bytes]","args":[{"enterText":"Intercompany Equipment WDIO","selector":{"id":"application-manageresources-display-component---newResourceUnit--SHORT_TEXT","interaction":{"idSuffix":"inner"}},"clearTextFirst":true,"interactionType":"ENTER_TEXT"}]}
RESULT: {"script":"<script> [776 bytes]","args":[{"enterText":"Intercompany Equipment WDIO","selector":{"id":"application-manageresources-display-component---newResourceUnit--SHORT_TEXT","interaction":{"idSuffix":"inner"}},"clearTextFirst":true,"interactionType":"ENTER_TEXT"}]}
COMMAND: POST /session/6eb241deac570073510706dc7280b28b/execute/async - {"script":"<script> [1562 bytes]","args":[{"selector":{"id":"application-manageresources-display-component---newResourceUnit--BASE_UNIT_OF_MEASURE","interaction":{"idSuffix":"inner"}},"wdio_ui5_key":"applicationmanageresources-display-component---newResourceUnit--BASE_UNIT_OF_MEASURE"}]}
RESULT: {"script":"<script> [1562 bytes]","args":[{"selector":{"id":"application-manageresources-display-component---newResourceUnit--BASE_UNIT_OF_MEASURE","interaction":{"idSuffix":"inner"}},"wdio_ui5_key":"applicationmanageresources-display-component---newResourceUnit--BASE_UNIT_OF_MEASURE"}]}
RESULT: undefined
COMMAND: POST /session/6eb241deac570073510706dc7280b28b/execute/async - {"script":"<script> [776 bytes]","args":[{"enterText":"Piece","selector":{"id":"application-manageresources-display-component---newResourceUnit--BASE_UNIT_OF_MEASURE","interaction":{"idSuffix":"inner"}},"clearTextFirst":true,"interactionType":"ENTER_TEXT"}]}
RESULT: {"script":"<script> [776 bytes]","args":[{"enterText":"Piece","selector":{"id":"application-manageresources-display-component---newResourceUnit--BASE_UNIT_OF_MEASURE","interaction":{"idSuffix":"inner"}},"clearTextFirst":true,"interactionType":"ENTER_TEXT"}]}
COMMAND: POST /session/6eb241deac570073510706dc7280b28b/execute/async - {"script":"<script> [1562 bytes]","args":[{"selector":{"id":"application-manageresources-display-component---newResourceUnit--WEIGHT_UNIT","interaction":{"idSuffix":"inner"}},"wdio_ui5_key":"applicationmanageresources-display-component---newResourceUnit--WEIGHT_UNIT"}]}
RESULT: {"script":"<script> [1562 bytes]","args":[{"selector":{"id":"application-manageresources-display-component---newResourceUnit--WEIGHT_UNIT","interaction":{"idSuffix":"inner"}},"wdio_ui5_key":"applicationmanageresources-display-component---newResourceUnit--WEIGHT_UNIT"}]}
RESULT: undefined
COMMAND: POST /session/6eb241deac570073510706dc7280b28b/execute/async - {"script":"<script> [776 bytes]","args":[{"enterText":"Gram","selector":{"id":"application-manageresources-display-component---newResourceUnit--WEIGHT_UNIT","interaction":{"idSuffix":"inner"}},"clearTextFirst":true,"interactionType":"ENTER_TEXT"}]}
RESULT: {"script":"<script> [776 bytes]","args":[{"enterText":"Gram","selector":{"id":"application-manageresources-display-component---newResourceUnit--WEIGHT_UNIT","interaction":{"idSuffix":"inner"}},"clearTextFirst":true,"interactionType":"ENTER_TEXT"}]}
COMMAND: POST /session/6eb241deac570073510706dc7280b28b/execute/async - {"script":"<script> [1562 bytes]","args":[{"selector":{"id":"application-manageresources-display-component---newResourceUnit--DIMENSION_UNIT","interaction":{"idSuffix":"inner"}},"wdio_ui5_key":"applicationmanageresources-display-component---newResourceUnit--DIMENSION_UNIT"}]}
RESULT: {"script":"<script> [1562 bytes]","args":[{"selector":{"id":"application-manageresources-display-component---newResourceUnit--DIMENSION_UNIT","interaction":{"idSuffix":"inner"}},"wdio_ui5_key":"applicationmanageresources-display-component---newResourceUnit--DIMENSION_UNIT"}]}
RESULT: undefined
COMMAND: POST /session/6eb241deac570073510706dc7280b28b/execute/async - {"script":"<script> [776 bytes]","args":[{"enterText":"Meter","selector":{"id":"application-manageresources-display-component---newResourceUnit--DIMENSION_UNIT","interaction":{"idSuffix":"inner"}},"clearTextFirst":true,"interactionType":"ENTER_TEXT"}]}
RESULT: {"script":"<script> [776 bytes]","args":[{"enterText":"Meter","selector":{"id":"application-manageresources-display-component---newResourceUnit--DIMENSION_UNIT","interaction":{"idSuffix":"inner"}},"clearTextFirst":true,"interactionType":"ENTER_TEXT"}]}
COMMAND: POST /session/6eb241deac570073510706dc7280b28b/execute/async - {"script":"<script> [1562 bytes]","args":[{"selector":{"id":"application-manageresources-display-component---newResourceUnit--newRRUPage-anchBar-application-manageresources-display-component---newResourceUnit--control-anchor","interaction":{"idSuffix":"BDI-content"}},"wdio_ui5_key":"applicationmanageresources-display-component---newResourceUnit--newRRUPage-anchBar-application-manageresources-display-component---newResourceUnit--control-anchor"}]}
RESULT: {"script":"<script> [1562 bytes]","args":[{"selector":{"id":"application-manageresources-display-component---newResourceUnit--newRRUPage-anchBar-application-manageresources-display-component---newResourceUnit--control-anchor","interaction":{"idSuffix":"BDI-content"}},"wdio_ui5_key":"applicationmanageresources-display-component---newResourceUnit--newRRUPage-anchBar-application-manageresources-display-component---newResourceUnit--control-anchor"}]}
RESULT: undefined
COMMAND: POST /session/6eb241deac570073510706dc7280b28b/element - {"using":"xpath","value":"//*[@id=\"application-manageresources-display-component---newResourceUnit--newRRUPage-anchBar-application-manageresources-display-component---newResourceUnit--control-anchor\"]"}
RESULT: {"using":"xpath","value":"//*[@id=\"application-manageresources-display-component---newResourceUnit--newRRUPage-anchBar-application-manageresources-display-component---newResourceUnit--control-anchor\"]"}
COMMAND: POST /session/6eb241deac570073510706dc7280b28b/element/f.451C0D83FD0E10390ED4567275622C99.d.177323DAFC1D6C600FEC71AE8EEC9521.e.3257/click - {}
RESULT: {}
COMMAND: POST /session/6eb241deac570073510706dc7280b28b/execute/async - {"script":"<script> [1562 bytes]","args":[{"selector":{"id":"application-manageresources-display-component---newResourceUnit--PLANNING_GROUP","interaction":{"idSuffix":"inner"}},"wdio_ui5_key":"applicationmanageresources-display-component---newResourceUnit--PLANNING_GROUP"}]}
COMMAND: GET /session/6eb241deac570073510706dc7280b28b/screenshot - {}
RESULT: {"script":"<script> [1562 bytes]","args":[{"selector":{"id":"application-manageresources-display-component---newResourceUnit--PLANNING_GROUP","interaction":{"idSuffix":"inner"}},"wdio_ui5_key":"applicationmanageresources-display-component---newResourceUnit--PLANNING_GROUP"}]}
RESULT: undefined
COMMAND: POST /session/6eb241deac570073510706dc7280b28b/execute/async - {"script":"<script> [776 bytes]","args":[{"enterText":"Heavy Equi","selector":{"id":"application-manageresources-display-component---newResourceUnit--PLANNING_GROUP","interaction":{"idSuffix":"inner"}},"clearTextFirst":true,"interactionType":"ENTER_TEXT"}]}
RESULT: {}
RESULT: {"script":"<script> [776 bytes]","args":[{"enterText":"Heavy Equi","selector":{"id":"application-manageresources-display-component---newResourceUnit--PLANNING_GROUP","interaction":{"idSuffix":"inner"}},"clearTextFirst":true,"interactionType":"ENTER_TEXT"}]}
COMMAND: POST /session/6eb241deac570073510706dc7280b28b/execute/async - {"script":"<script> [1562 bytes]","args":[{"selector":{"id":"application-manageresources-display-component---newResourceUnit--ITEM_TYPE-arrow"},"wdio_ui5_key":"applicationmanageresources-display-component---newResourceUnit--ITEM_TYPE-arrow"}]}
RESULT: {"script":"<script> [1562 bytes]","args":[{"selector":{"id":"application-manageresources-display-component---newResourceUnit--ITEM_TYPE-arrow"},"wdio_ui5_key":"applicationmanageresources-display-component---newResourceUnit--ITEM_TYPE-arrow"}]}
RESULT: undefined
COMMAND: POST /session/6eb241deac570073510706dc7280b28b/element - {"using":"xpath","value":"//*[@id=\"application-manageresources-display-component---newResourceUnit--ITEM_TYPE-arrow\"]"}
RESULT: {"using":"xpath","value":"//*[@id=\"application-manageresources-display-component---newResourceUnit--ITEM_TYPE-arrow\"]"}
COMMAND: POST /session/6eb241deac570073510706dc7280b28b/element/f.451C0D83FD0E10390ED4567275622C99.d.177323DAFC1D6C600FEC71AE8EEC9521.e.3264/click - {}
RESULT: {}
COMMAND: POST /session/6eb241deac570073510706dc7280b28b/element - {"using":"xpath","value":"(//span[contains(text(), \"Resource Unit\")])[2]"}
COMMAND: GET /session/6eb241deac570073510706dc7280b28b/screenshot - {}
RESULT: {"using":"xpath","value":"(//span[contains(text(), \"Resource Unit\")])[2]"}
COMMAND: POST /session/6eb241deac570073510706dc7280b28b/element/f.451C0D83FD0E10390ED4567275622C99.d.177323DAFC1D6C600FEC71AE8EEC9521.e.3265/click - {}
RESULT: {}
RESULT: {}
COMMAND: GET /session/6eb241deac570073510706dc7280b28b/screenshot - {}
RESULT: {}
COMMAND: POST /session/6eb241deac570073510706dc7280b28b/element - {"using":"css selector","value":"#application-manageresources-display-component---newResourceUnit--btnAddTimeSegment"}
RESULT: {"using":"css selector","value":"#application-manageresources-display-component---newResourceUnit--btnAddTimeSegment"}
COMMAND: GET /session/6eb241deac570073510706dc7280b28b/element/f.451C0D83FD0E10390ED4567275622C99.d.177323DAFC1D6C600FEC71AE8EEC9521.e.3266/rect - {}
RESULT: {}
COMMAND: GET /session/6eb241deac570073510706dc7280b28b/window/rect - {}
RESULT: {}
COMMAND: POST /session/6eb241deac570073510706dc7280b28b/execute/sync - {"script":"<script> [92 bytes]","args":[]}
RESULT: {"script":"<script> [92 bytes]","args":[]}
COMMAND: POST /session/6eb241deac570073510706dc7280b28b/actions - {"actions":[{"id":"action9","type":"wheel","parameters":{},"actions":[{"type":"scroll","x":-1888,"y":-32,"deltaX":0,"deltaY":0,"duration":0,"origin":{"element-6066-11e4-a52e-4f735466cecf":"f.451C0D83FD0E10390ED4567275622C99.d.177323DAFC1D6C600FEC71AE8EEC9521.e.3266"}}]}]}
COMMAND: GET /session/6eb241deac570073510706dc7280b28b/screenshot - {}
RESULT: {}
COMMAND: POST /session/6eb241deac570073510706dc7280b28b/execute/sync - {"script":"<script> [79 bytes]","args":[{"element-6066-11e4-a52e-4f735466cecf":"f.451C0D83FD0E10390ED4567275622C99.d.177323DAFC1D6C600FEC71AE8EEC9521.e.3266","ELEMENT":"f.451C0D83FD0E10390ED4567275622C99.d.177323DAFC1D6C600FEC71AE8EEC9521.e.3266"},{"block":"start","inline":"nearest"}]}
RESULT: {"script":"<script> [79 bytes]","args":[{"element-6066-11e4-a52e-4f735466cecf":"f.451C0D83FD0E10390ED4567275622C99.d.177323DAFC1D6C600FEC71AE8EEC9521.e.3266","ELEMENT":"f.451C0D83FD0E10390ED4567275622C99.d.177323DAFC1D6C600FEC71AE8EEC9521.e.3266"},{"block":"start","inline":"nearest"}]}
COMMAND: POST /session/6eb241deac570073510706dc7280b28b/execute/async - {"script":"<script> [1562 bytes]","args":[{"selector":{"id":"application-manageresources-display-component---newResourceUnit--btnAddTimeSegment","interaction":{"idSuffix":"inner"}},"wdio_ui5_key":"applicationmanageresources-display-component---newResourceUnit--btnAddTimeSegment"}]}
COMMAND: GET /session/6eb241deac570073510706dc7280b28b/screenshot - {}
RESULT: {"script":"<script> [1562 bytes]","args":[{"selector":{"id":"application-manageresources-display-component---newResourceUnit--btnAddTimeSegment","interaction":{"idSuffix":"inner"}},"wdio_ui5_key":"applicationmanageresources-display-component---newResourceUnit--btnAddTimeSegment"}]}
RESULT: undefined
COMMAND: POST /session/6eb241deac570073510706dc7280b28b/element - {"using":"xpath","value":"//*[@id=\"application-manageresources-display-component---newResourceUnit--btnAddTimeSegment\"]"}
RESULT: {}
RESULT: {"using":"xpath","value":"//*[@id=\"application-manageresources-display-component---newResourceUnit--btnAddTimeSegment\"]"}
COMMAND: POST /session/6eb241deac570073510706dc7280b28b/element/f.451C0D83FD0E10390ED4567275622C99.d.177323DAFC1D6C600FEC71AE8EEC9521.e.3266/click - {}
RESULT: {}
COMMAND: GET /session/6eb241deac570073510706dc7280b28b/screenshot - {}
RESULT: {}
COMMAND: POST /session/6eb241deac570073510706dc7280b28b/element - {"using":"xpath","value":"//input[@id=\"application-manageresources-display-component---newResourceUnit--idRuTSAdmin-application-manageresources-display-component---newResourceUnit--RUTimeSegment-0-inner\"]"}
RESULT: {"using":"xpath","value":"//input[@id=\"application-manageresources-display-component---newResourceUnit--idRuTSAdmin-application-manageresources-display-component---newResourceUnit--RUTimeSegment-0-inner\"]"}
COMMAND: POST /session/6eb241deac570073510706dc7280b28b/element/f.451C0D83FD0E10390ED4567275622C99.d.177323DAFC1D6C600FEC71AE8EEC9521.e.3272/clear - {}
RESULT: {}
COMMAND: POST /session/6eb241deac570073510706dc7280b28b/element/f.451C0D83FD0E10390ED4567275622C99.d.177323DAFC1D6C600FEC71AE8EEC9521.e.3272/value - {"text":"640"}
COMMAND: GET /session/6eb241deac570073510706dc7280b28b/screenshot - {}
RESULT: {"text":"640"}
COMMAND: GET /session/6eb241deac570073510706dc7280b28b/screenshot - {}
RESULT: {}
RESULT: {}
COMMAND: POST /session/6eb241deac570073510706dc7280b28b/element - {"using":"xpath","value":"//li[.//span[text()='640']]"}
RESULT: {"using":"xpath","value":"//li[.//span[text()='640']]"}
COMMAND: POST /session/6eb241deac570073510706dc7280b28b/element/f.451C0D83FD0E10390ED4567275622C99.d.177323DAFC1D6C600FEC71AE8EEC9521.e.3286/click - {}
RESULT: {}
COMMAND: GET /session/6eb241deac570073510706dc7280b28b/screenshot - {}
RESULT: {}
COMMAND: POST /session/6eb241deac570073510706dc7280b28b/element - {"using":"xpath","value":"(//span[contains(@id, \"-application-manageresources-display-component---newResourceUnit--RUTimeSegment-0-arrow\")])[6]"}
RESULT: {"using":"xpath","value":"(//span[contains(@id, \"-application-manageresources-display-component---newResourceUnit--RUTimeSegment-0-arrow\")])[6]"}
COMMAND: POST /session/6eb241deac570073510706dc7280b28b/element/f.451C0D83FD0E10390ED4567275622C99.d.177323DAFC1D6C600FEC71AE8EEC9521.e.3287/click - {}
RESULT: {}
COMMAND: GET /session/6eb241deac570073510706dc7280b28b/screenshot - {}
RESULT: {}
COMMAND: POST /session/6eb241deac570073510706dc7280b28b/element - {"using":"xpath","value":"//span[contains(text(), \"PM Order\")]"}
RESULT: {"using":"xpath","value":"//span[contains(text(), \"PM Order\")]"}
COMMAND: POST /session/6eb241deac570073510706dc7280b28b/element/f.451C0D83FD0E10390ED4567275622C99.d.177323DAFC1D6C600FEC71AE8EEC9521.e.3290/click - {}
RESULT: {}
COMMAND: GET /session/6eb241deac570073510706dc7280b28b/screenshot - {}
RESULT: {}
COMMAND: POST /session/6eb241deac570073510706dc7280b28b/element - {"using":"xpath","value":"(//span[contains(@id ,\"manageresources-display-component---newResourceUnit--RUTimeSegment-0-vhi\")])[1]"}
RESULT: {"using":"xpath","value":"(//span[contains(@id ,\"manageresources-display-component---newResourceUnit--RUTimeSegment-0-vhi\")])[1]"}
COMMAND: GET /session/6eb241deac570073510706dc7280b28b/element/f.451C0D83FD0E10390ED4567275622C99.d.177323DAFC1D6C600FEC71AE8EEC9521.e.3294/rect - {}
RESULT: {}
COMMAND: GET /session/6eb241deac570073510706dc7280b28b/window/rect - {}
RESULT: {}
COMMAND: POST /session/6eb241deac570073510706dc7280b28b/execute/sync - {"script":"<script> [92 bytes]","args":[]}
RESULT: {"script":"<script> [92 bytes]","args":[]}
COMMAND: POST /session/6eb241deac570073510706dc7280b28b/actions - {"actions":[{"id":"action10","type":"wheel","parameters":{},"actions":[{"type":"scroll","x":-869,"y":-24,"deltaX":0,"deltaY":0,"duration":0,"origin":{"element-6066-11e4-a52e-4f735466cecf":"f.451C0D83FD0E10390ED4567275622C99.d.177323DAFC1D6C600FEC71AE8EEC9521.e.3294"}}]}]}
COMMAND: GET /session/6eb241deac570073510706dc7280b28b/screenshot - {}
RESULT: {"actions":[{"id":"action10","type":"wheel","parameters":{},"actions":[{"type":"scroll","x":-869,"y":-24,"deltaX":0,"deltaY":0,"duration":0,"origin":{"element-6066-11e4-a52e-4f735466cecf":"f.451C0D83FD0E10390ED4567275622C99.d.177323DAFC1D6C600FEC71AE8EEC9521.e.3294"}}]}]}
COMMAND: DELETE /session/6eb241deac570073510706dc7280b28b/actions - {}
COMMAND: GET /session/6eb241deac570073510706dc7280b28b/screenshot - {}
RESULT: {}
RESULT: {}
COMMAND: GET /session/6eb241deac570073510706dc7280b28b/screenshot - {}
RESULT: {}
RESULT: {}
COMMAND: POST /session/6eb241deac570073510706dc7280b28b/element/f.451C0D83FD0E10390ED4567275622C99.d.177323DAFC1D6C600FEC71AE8EEC9521.e.3294/click - {}
RESULT: {}
COMMAND: GET /session/6eb241deac570073510706dc7280b28b/screenshot - {}
RESULT: {}
RESULT: undefined
COMMAND: POST /session/6eb241deac570073510706dc7280b28b/execute/async - {"script":"<script> [776 bytes]","args":[{"enterText":"4000360","selector":{"controlType":"sap.m.SearchField","properties":{"placeholder":"Search"},"searchOpenDialogs":true,"interaction":{"idSuffix":"I"}},"clearTextFirst":true,"interactionType":"ENTER_TEXT"}]}
RESULT: {"script":"<script> [776 bytes]","args":[{"enterText":"4000360","selector":{"controlType":"sap.m.SearchField","properties":{"placeholder":"Search"},"searchOpenDialogs":true,"interaction":{"idSuffix":"I"}},"clearTextFirst":true,"interactionType":"ENTER_TEXT"}]}
COMMAND: POST /session/6eb241deac570073510706dc7280b28b/actions - {"actions":[{"id":"action11","type":"key","parameters":{},"actions":[{"type":"keyDown","value":"î€‡"},{"type":"pause","duration":10},{"type":"keyUp","value":"î€‡"}]}]}
RESULT: {"actions":[{"id":"action11","type":"key","parameters":{},"actions":[{"type":"keyDown","value":"î€‡"},{"type":"pause","duration":10},{"type":"keyUp","value":"î€‡"}]}]}
COMMAND: GET /session/6eb241deac570073510706dc7280b28b/screenshot - {}
RESULT: {}
COMMAND: POST /session/6eb241deac570073510706dc7280b28b/element - {"using":"xpath","value":"//td/div/span[contains(text(), \"BGL Vehicles\")]"}
RESULT: {"using":"xpath","value":"//td/div/span[contains(text(), \"BGL Vehicles\")]"}
COMMAND: POST /session/6eb241deac570073510706dc7280b28b/element/f.451C0D83FD0E10390ED4567275622C99.d.177323DAFC1D6C600FEC71AE8EEC9521.e.3314/click - {}
RESULT: {}
COMMAND: GET /session/6eb241deac570073510706dc7280b28b/screenshot - {}
RESULT: {}
COMMAND: POST /session/6eb241deac570073510706dc7280b28b/element - {"using":"xpath","value":"//bdi[contains(text(), \"OK\")]"}
RESULT: {"using":"xpath","value":"//bdi[contains(text(), \"OK\")]"}
COMMAND: POST /session/6eb241deac570073510706dc7280b28b/element/f.451C0D83FD0E10390ED4567275622C99.d.177323DAFC1D6C600FEC71AE8EEC9521.e.3315/click - {}
RESULT: {}
COMMAND: GET /session/6eb241deac570073510706dc7280b28b/screenshot - {}
RESULT: {}
COMMAND: POST /session/6eb241deac570073510706dc7280b28b/execute/async - {"script":"<script> [1562 bytes]","args":[{"selector":{"id":"application-manageresources-display-component---newResourceUnit--newRRUPage-anchBar-application-manageresources-display-component---newResourceUnit--resource-anchor","interaction":{"idSuffix":"BDI-content"}},"wdio_ui5_key":"applicationmanageresources-display-component---newResourceUnit--newRRUPage-anchBar-application-manageresources-display-component---newResourceUnit--resource-anchor"}]}
RESULT: {"script":"<script> [1562 bytes]","args":[{"selector":{"id":"application-manageresources-display-component---newResourceUnit--newRRUPage-anchBar-application-manageresources-display-component---newResourceUnit--resource-anchor","interaction":{"idSuffix":"BDI-content"}},"wdio_ui5_key":"applicationmanageresources-display-component---newResourceUnit--newRRUPage-anchBar-application-manageresources-display-component---newResourceUnit--resource-anchor"}]}
RESULT: undefined
COMMAND: POST /session/6eb241deac570073510706dc7280b28b/element - {"using":"xpath","value":"//*[@id=\"application-manageresources-display-component---newResourceUnit--newRRUPage-anchBar-application-manageresources-display-component---newResourceUnit--resource-anchor\"]"}
RESULT: {"using":"xpath","value":"//*[@id=\"application-manageresources-display-component---newResourceUnit--newRRUPage-anchBar-application-manageresources-display-component---newResourceUnit--resource-anchor\"]"}
COMMAND: POST /session/6eb241deac570073510706dc7280b28b/element/f.451C0D83FD0E10390ED4567275622C99.d.177323DAFC1D6C600FEC71AE8EEC9521.e.3319/click - {}
RESULT: {}
COMMAND: POST /session/6eb241deac570073510706dc7280b28b/execute/async - {"script":"<script> [1562 bytes]","args":[{"selector":{"id":"application-manageresources-display-component---newResourceUnit--PLANNED_DELIVERY_DATE","interaction":{"idSuffix":"inner"}},"wdio_ui5_key":"applicationmanageresources-display-component---newResourceUnit--PLANNED_DELIVERY_DATE"}]}
COMMAND: GET /session/6eb241deac570073510706dc7280b28b/screenshot - {}
RESULT: {"script":"<script> [1562 bytes]","args":[{"selector":{"id":"application-manageresources-display-component---newResourceUnit--PLANNED_DELIVERY_DATE","interaction":{"idSuffix":"inner"}},"wdio_ui5_key":"applicationmanageresources-display-component---newResourceUnit--PLANNED_DELIVERY_DATE"}]}
RESULT: undefined
COMMAND: POST /session/6eb241deac570073510706dc7280b28b/execute/async - {"script":"<script> [6424 bytes]","args":[{"element-6066-11e4-a52e-4f735466cecf":"f.451C0D83FD0E10390ED4567275622C99.d.177323DAFC1D6C600FEC71AE8EEC9521.e.3180"},"setValue",["5/6/25"]]}
RESULT: {}
RESULT: {"script":"<script> [6424 bytes]","args":[{"element-6066-11e4-a52e-4f735466cecf":"f.451C0D83FD0E10390ED4567275622C99.d.177323DAFC1D6C600FEC71AE8EEC9521.e.3180"},"setValue",["5/6/25"]]}
COMMAND: POST /session/6eb241deac570073510706dc7280b28b/element - {"using":"xpath","value":"//label[contains(@class, 'sapMLabelRequired') and .//bdi[contains(text(), 'Planned Retirement')]]"}
RESULT: {"using":"xpath","value":"//label[contains(@class, 'sapMLabelRequired') and .//bdi[contains(text(), 'Planned Retirement')]]"}
COMMAND: POST /session/6eb241deac570073510706dc7280b28b/elements - {"using":"xpath","value":"//label[contains(@class, 'sapMLabelRequired') and .//bdi[contains(text(), 'Planned Retirement')]]"}
RESULT: {"using":"xpath","value":"//label[contains(@class, 'sapMLabelRequired') and .//bdi[contains(text(), 'Planned Retirement')]]"}
COMMAND: POST /session/6eb241deac570073510706dc7280b28b/element - {"using":"xpath","value":"//button[@data-kt=\"resourceUnitSaveButton\"]"}
RESULT: {"using":"xpath","value":"//button[@data-kt=\"resourceUnitSaveButton\"]"}
COMMAND: POST /session/6eb241deac570073510706dc7280b28b/element/f.451C0D83FD0E10390ED4567275622C99.d.177323DAFC1D6C600FEC71AE8EEC9521.e.3141/click - {}
RESULT: {}
COMMAND: GET /session/6eb241deac570073510706dc7280b28b/screenshot - {}
RESULT: {}
COMMAND: POST /session/6eb241deac570073510706dc7280b28b/element - {"using":"xpath","value":"//bdi[contains(text(), \"Close\")]"}
RESULT: {"using":"xpath","value":"//bdi[contains(text(), \"Close\")]"}
COMMAND: POST /session/6eb241deac570073510706dc7280b28b/element/f.451C0D83FD0E10390ED4567275622C99.d.177323DAFC1D6C600FEC71AE8EEC9521.e.3327/click - {}
RESULT: {}
COMMAND: GET /session/6eb241deac570073510706dc7280b28b/screenshot - {}
RESULT: {}
COMMAND: POST /session/6eb241deac570073510706dc7280b28b/element - {"using":"xpath","value":"(//button[contains(@id ,\"actionsToolbar-overflowButton\")])[1]"}
RESULT: {"using":"xpath","value":"(//button[contains(@id ,\"actionsToolbar-overflowButton\")])[1]"}
COMMAND: POST /session/6eb241deac570073510706dc7280b28b/element/f.451C0D83FD0E10390ED4567275622C99.d.177323DAFC1D6C600FEC71AE8EEC9521.e.3382/click - {}
RESULT: {}
COMMAND: GET /session/6eb241deac570073510706dc7280b28b/screenshot - {}
RESULT: {}
COMMAND: POST /session/6eb241deac570073510706dc7280b28b/element - {"using":"xpath","value":"//button[@data-kt=\"priceInfoButton\"]"}
RESULT: {"using":"xpath","value":"//button[@data-kt=\"priceInfoButton\"]"}
COMMAND: POST /session/6eb241deac570073510706dc7280b28b/element/f.451C0D83FD0E10390ED4567275622C99.d.177323DAFC1D6C600FEC71AE8EEC9521.e.3384/click - {}
RESULT: {}
COMMAND: GET /session/6eb241deac570073510706dc7280b28b/screenshot - {}
RESULT: {}
]]></system-out>
    </testcase>
    <testcase classname="chrome.135_0_7049_115.windows.Billing_confirm_US117289" name="Should create new pricing rule" time="63.501">
      <system-out><![CDATA[
COMMAND: POST /session/6eb241deac570073510706dc7280b28b/element - {"using":"xpath","value":"//button[@data-kt=\"addButton\"]"}
RESULT: {"using":"xpath","value":"//button[@data-kt=\"addButton\"]"}
COMMAND: POST /session/6eb241deac570073510706dc7280b28b/elements - {"using":"xpath","value":"//button[@data-kt=\"addButton\"]"}
RESULT: {"using":"xpath","value":"//button[@data-kt=\"addButton\"]"}
COMMAND: POST /session/6eb241deac570073510706dc7280b28b/execute/sync - {"script":"<script> [8489 bytes]","args":[{"element-6066-11e4-a52e-4f735466cecf":"f.451C0D83FD0E10390ED4567275622C99.d.177323DAFC1D6C600FEC71AE8EEC9521.e.3421","ELEMENT":"f.451C0D83FD0E10390ED4567275622C99.d.177323DAFC1D6C600FEC71AE8EEC9521.e.3421"}]}
RESULT: {"script":"<script> [8489 bytes]","args":[{"element-6066-11e4-a52e-4f735466cecf":"f.451C0D83FD0E10390ED4567275622C99.d.177323DAFC1D6C600FEC71AE8EEC9521.e.3421","ELEMENT":"f.451C0D83FD0E10390ED4567275622C99.d.177323DAFC1D6C600FEC71AE8EEC9521.e.3421"}]}
COMMAND: GET /session/6eb241deac570073510706dc7280b28b/element/f.451C0D83FD0E10390ED4567275622C99.d.177323DAFC1D6C600FEC71AE8EEC9521.e.3421/enabled - {}
COMMAND: GET /session/6eb241deac570073510706dc7280b28b/screenshot - {}
RESULT: {}
COMMAND: POST /session/6eb241deac570073510706dc7280b28b/execute/sync - {"script":"<script> [8489 bytes]","args":[{"element-6066-11e4-a52e-4f735466cecf":"f.451C0D83FD0E10390ED4567275622C99.d.177323DAFC1D6C600FEC71AE8EEC9521.e.3421","ELEMENT":"f.451C0D83FD0E10390ED4567275622C99.d.177323DAFC1D6C600FEC71AE8EEC9521.e.3421"}]}
COMMAND: GET /session/6eb241deac570073510706dc7280b28b/screenshot - {}
RESULT: {}
RESULT: {"script":"<script> [8489 bytes]","args":[{"element-6066-11e4-a52e-4f735466cecf":"f.451C0D83FD0E10390ED4567275622C99.d.177323DAFC1D6C600FEC71AE8EEC9521.e.3421","ELEMENT":"f.451C0D83FD0E10390ED4567275622C99.d.177323DAFC1D6C600FEC71AE8EEC9521.e.3421"}]}
COMMAND: POST /session/6eb241deac570073510706dc7280b28b/execute/sync - {"script":"<script> [5351 bytes]","args":[{"element-6066-11e4-a52e-4f735466cecf":"f.451C0D83FD0E10390ED4567275622C99.d.177323DAFC1D6C600FEC71AE8EEC9521.e.3421","ELEMENT":"f.451C0D83FD0E10390ED4567275622C99.d.177323DAFC1D6C600FEC71AE8EEC9521.e.3421"}]}
COMMAND: GET /session/6eb241deac570073510706dc7280b28b/screenshot - {}
RESULT: {}
RESULT: {"script":"<script> [5351 bytes]","args":[{"element-6066-11e4-a52e-4f735466cecf":"f.451C0D83FD0E10390ED4567275622C99.d.177323DAFC1D6C600FEC71AE8EEC9521.e.3421","ELEMENT":"f.451C0D83FD0E10390ED4567275622C99.d.177323DAFC1D6C600FEC71AE8EEC9521.e.3421"}]}
COMMAND: POST /session/6eb241deac570073510706dc7280b28b/element/f.451C0D83FD0E10390ED4567275622C99.d.177323DAFC1D6C600FEC71AE8EEC9521.e.3421/click - {}
COMMAND: GET /session/6eb241deac570073510706dc7280b28b/screenshot - {}
RESULT: {}
RESULT: {}
COMMAND: GET /session/6eb241deac570073510706dc7280b28b/screenshot - {}
RESULT: {}
RESULT: {}
COMMAND: POST /session/6eb241deac570073510706dc7280b28b/execute/async - {"script":"<script> [1562 bytes]","args":[{"selector":{"controlType":"sap.m.Title","viewName":"etm.portal.ui.managepricingrules.view.NewItem","viewId":"application-managepricingrules-display-component---newInfoPriceItem","properties":{"text":"New Pricing Rules - Item Level"}},"wdio_ui5_key":"etmportal.ui.managepricingrules.view.NewItemsap.m.Title{\"text\":\"New Pricing Rules - Item Level\"}"}]}
RESULT: {"script":"<script> [1562 bytes]","args":[{"selector":{"controlType":"sap.m.Title","viewName":"etm.portal.ui.managepricingrules.view.NewItem","viewId":"application-managepricingrules-display-component---newInfoPriceItem","properties":{"text":"New Pricing Rules - Item Level"}},"wdio_ui5_key":"etmportal.ui.managepricingrules.view.NewItemsap.m.Title{\"text\":\"New Pricing Rules - Item Level\"}"}]}
RESULT: undefined
COMMAND: POST /session/6eb241deac570073510706dc7280b28b/execute/async - {"script":"<script> [6424 bytes]","args":[{"element-6066-11e4-a52e-4f735466cecf":"f.451C0D83FD0E10390ED4567275622C99.d.177323DAFC1D6C600FEC71AE8EEC9521.e.3579"},"getText",[]]}
RESULT: {"script":"<script> [6424 bytes]","args":[{"element-6066-11e4-a52e-4f735466cecf":"f.451C0D83FD0E10390ED4567275622C99.d.177323DAFC1D6C600FEC71AE8EEC9521.e.3579"},"getText",[]]}
COMMAND: POST /session/6eb241deac570073510706dc7280b28b/execute/async - {"script":"<script> [1562 bytes]","args":[{"selector":{"id":"application-managepricingrules-display-component---newInfoPriceItem--condValidTo","interaction":{"idSuffix":"inner"}},"wdio_ui5_key":"applicationmanagepricingrules-display-component---newInfoPriceItem--condValidTo"}]}
RESULT: {"script":"<script> [1562 bytes]","args":[{"selector":{"id":"application-managepricingrules-display-component---newInfoPriceItem--condValidTo","interaction":{"idSuffix":"inner"}},"wdio_ui5_key":"applicationmanagepricingrules-display-component---newInfoPriceItem--condValidTo"}]}
RESULT: undefined
COMMAND: POST /session/6eb241deac570073510706dc7280b28b/execute/async - {"script":"<script> [776 bytes]","args":[{"enterText":"01/06/26","selector":{"id":"application-managepricingrules-display-component---newInfoPriceItem--condValidTo","interaction":{"idSuffix":"inner"}},"clearTextFirst":true,"interactionType":"ENTER_TEXT"}]}
RESULT: {"script":"<script> [776 bytes]","args":[{"enterText":"01/06/26","selector":{"id":"application-managepricingrules-display-component---newInfoPriceItem--condValidTo","interaction":{"idSuffix":"inner"}},"clearTextFirst":true,"interactionType":"ENTER_TEXT"}]}
COMMAND: POST /session/6eb241deac570073510706dc7280b28b/execute/async - {"script":"<script> [1562 bytes]","args":[{"selector":{"id":"application-managepricingrules-display-component---newInfoPriceItem--billType-arrow"},"wdio_ui5_key":"applicationmanagepricingrules-display-component---newInfoPriceItem--billType-arrow"}]}
RESULT: {"script":"<script> [1562 bytes]","args":[{"selector":{"id":"application-managepricingrules-display-component---newInfoPriceItem--billType-arrow"},"wdio_ui5_key":"applicationmanagepricingrules-display-component---newInfoPriceItem--billType-arrow"}]}
RESULT: undefined
COMMAND: POST /session/6eb241deac570073510706dc7280b28b/element - {"using":"xpath","value":"//*[@id=\"application-managepricingrules-display-component---newInfoPriceItem--billType-arrow\"]"}
RESULT: {"using":"xpath","value":"//*[@id=\"application-managepricingrules-display-component---newInfoPriceItem--billType-arrow\"]"}
COMMAND: POST /session/6eb241deac570073510706dc7280b28b/element/f.451C0D83FD0E10390ED4567275622C99.d.177323DAFC1D6C600FEC71AE8EEC9521.e.3583/click - {}
RESULT: {}
COMMAND: POST /session/6eb241deac570073510706dc7280b28b/element - {"using":"xpath","value":"//span[contains(text(), \"TB - Time based\")]"}
COMMAND: GET /session/6eb241deac570073510706dc7280b28b/screenshot - {}
RESULT: {"using":"xpath","value":"//span[contains(text(), \"TB - Time based\")]"}
COMMAND: POST /session/6eb241deac570073510706dc7280b28b/element/f.451C0D83FD0E10390ED4567275622C99.d.177323DAFC1D6C600FEC71AE8EEC9521.e.3584/click - {}
RESULT: {}
RESULT: {}
COMMAND: POST /session/6eb241deac570073510706dc7280b28b/execute/async - {"script":"<script> [1562 bytes]","args":[{"selector":{"id":"application-managepricingrules-display-component---newInfoPriceItem--priceProc-arrow"},"wdio_ui5_key":"applicationmanagepricingrules-display-component---newInfoPriceItem--priceProc-arrow"}]}
COMMAND: GET /session/6eb241deac570073510706dc7280b28b/screenshot - {}
RESULT: {"script":"<script> [1562 bytes]","args":[{"selector":{"id":"application-managepricingrules-display-component---newInfoPriceItem--priceProc-arrow"},"wdio_ui5_key":"applicationmanagepricingrules-display-component---newInfoPriceItem--priceProc-arrow"}]}
RESULT: undefined
COMMAND: POST /session/6eb241deac570073510706dc7280b28b/element - {"using":"xpath","value":"//*[@id=\"application-managepricingrules-display-component---newInfoPriceItem--priceProc-arrow\"]"}
RESULT: {}
RESULT: {"using":"xpath","value":"//*[@id=\"application-managepricingrules-display-component---newInfoPriceItem--priceProc-arrow\"]"}
COMMAND: POST /session/6eb241deac570073510706dc7280b28b/element/f.451C0D83FD0E10390ED4567275622C99.d.177323DAFC1D6C600FEC71AE8EEC9521.e.3546/click - {}
RESULT: {}
COMMAND: POST /session/6eb241deac570073510706dc7280b28b/element - {"using":"xpath","value":"//span[contains(text(), \"TBS - Time based standard\")]"}
COMMAND: GET /session/6eb241deac570073510706dc7280b28b/screenshot - {}
RESULT: {"using":"xpath","value":"//span[contains(text(), \"TBS - Time based standard\")]"}
COMMAND: POST /session/6eb241deac570073510706dc7280b28b/element/f.451C0D83FD0E10390ED4567275622C99.d.177323DAFC1D6C600FEC71AE8EEC9521.e.3585/click - {}
RESULT: {}
RESULT: {}
COMMAND: POST /session/6eb241deac570073510706dc7280b28b/execute/async - {"script":"<script> [1562 bytes]","args":[{"selector":{"id":"application-managepricingrules-display-component---newInfoPriceItem--calcBase-arrow"},"wdio_ui5_key":"applicationmanagepricingrules-display-component---newInfoPriceItem--calcBase-arrow"}]}
COMMAND: GET /session/6eb241deac570073510706dc7280b28b/screenshot - {}
RESULT: {"script":"<script> [1562 bytes]","args":[{"selector":{"id":"application-managepricingrules-display-component---newInfoPriceItem--calcBase-arrow"},"wdio_ui5_key":"applicationmanagepricingrules-display-component---newInfoPriceItem--calcBase-arrow"}]}
RESULT: undefined
COMMAND: POST /session/6eb241deac570073510706dc7280b28b/element - {"using":"xpath","value":"//*[@id=\"application-managepricingrules-display-component---newInfoPriceItem--calcBase-arrow\"]"}
RESULT: {}
RESULT: {"using":"xpath","value":"//*[@id=\"application-managepricingrules-display-component---newInfoPriceItem--calcBase-arrow\"]"}
COMMAND: POST /session/6eb241deac570073510706dc7280b28b/element/f.451C0D83FD0E10390ED4567275622C99.d.177323DAFC1D6C600FEC71AE8EEC9521.e.3553/click - {}
RESULT: {}
COMMAND: GET /session/6eb241deac570073510706dc7280b28b/screenshot - {}
RESULT: {}
COMMAND: POST /session/6eb241deac570073510706dc7280b28b/element - {"using":"xpath","value":"//span[contains(text(), \"0006 - TB(calendar days)\")]"}
RESULT: {"using":"xpath","value":"//span[contains(text(), \"0006 - TB(calendar days)\")]"}
COMMAND: POST /session/6eb241deac570073510706dc7280b28b/element/f.451C0D83FD0E10390ED4567275622C99.d.177323DAFC1D6C600FEC71AE8EEC9521.e.3586/click - {}
RESULT: {}
COMMAND: GET /session/6eb241deac570073510706dc7280b28b/screenshot - {}
RESULT: {}
COMMAND: POST /session/6eb241deac570073510706dc7280b28b/execute/async - {"script":"<script> [1562 bytes]","args":[{"selector":{"id":"application-managepricingrules-display-component---newInfoPriceItem--daysMonth","interaction":{"idSuffix":"inner"}},"wdio_ui5_key":"applicationmanagepricingrules-display-component---newInfoPriceItem--daysMonth"}]}
RESULT: {"script":"<script> [1562 bytes]","args":[{"selector":{"id":"application-managepricingrules-display-component---newInfoPriceItem--daysMonth","interaction":{"idSuffix":"inner"}},"wdio_ui5_key":"applicationmanagepricingrules-display-component---newInfoPriceItem--daysMonth"}]}
RESULT: undefined
COMMAND: POST /session/6eb241deac570073510706dc7280b28b/execute/async - {"script":"<script> [776 bytes]","args":[{"enterText":"30","selector":{"id":"application-managepricingrules-display-component---newInfoPriceItem--daysMonth","interaction":{"idSuffix":"inner"}},"clearTextFirst":true,"interactionType":"ENTER_TEXT"}]}
RESULT: {"script":"<script> [776 bytes]","args":[{"enterText":"30","selector":{"id":"application-managepricingrules-display-component---newInfoPriceItem--daysMonth","interaction":{"idSuffix":"inner"}},"clearTextFirst":true,"interactionType":"ENTER_TEXT"}]}
COMMAND: POST /session/6eb241deac570073510706dc7280b28b/element - {"using":"xpath","value":"//button[@data-kt=\"saveNewRuleButton\"]"}
RESULT: {"using":"xpath","value":"//button[@data-kt=\"saveNewRuleButton\"]"}
COMMAND: POST /session/6eb241deac570073510706dc7280b28b/element/f.451C0D83FD0E10390ED4567275622C99.d.177323DAFC1D6C600FEC71AE8EEC9521.e.3570/click - {}
RESULT: {}
COMMAND: GET /session/6eb241deac570073510706dc7280b28b/screenshot - {}
RESULT: {}
COMMAND: POST /session/6eb241deac570073510706dc7280b28b/execute/async - {"script":"<script> [1562 bytes]","args":[{"selector":{"id":"application-managepricingrules-display-component---priceInfoItem--smartFilterBar-btnBasicSearch","interaction":{"idSuffix":"I"}},"wdio_ui5_key":"applicationmanagepricingrules-display-component---priceInfoItem--smartFilterBar-btnBasicSearch"}]}
RESULT: {"script":"<script> [1562 bytes]","args":[{"selector":{"id":"application-managepricingrules-display-component---priceInfoItem--smartFilterBar-btnBasicSearch","interaction":{"idSuffix":"I"}},"wdio_ui5_key":"applicationmanagepricingrules-display-component---priceInfoItem--smartFilterBar-btnBasicSearch"}]}
RESULT: undefined
COMMAND: POST /session/6eb241deac570073510706dc7280b28b/execute/async - {"script":"<script> [776 bytes]","args":[{"enterText":"c902jYOd9X","selector":{"id":"application-managepricingrules-display-component---priceInfoItem--smartFilterBar-btnBasicSearch","interaction":{"idSuffix":"I"}},"clearTextFirst":true,"interactionType":"ENTER_TEXT"}]}
RESULT: {"script":"<script> [776 bytes]","args":[{"enterText":"c902jYOd9X","selector":{"id":"application-managepricingrules-display-component---priceInfoItem--smartFilterBar-btnBasicSearch","interaction":{"idSuffix":"I"}},"clearTextFirst":true,"interactionType":"ENTER_TEXT"}]}
COMMAND: POST /session/6eb241deac570073510706dc7280b28b/actions - {"actions":[{"id":"action12","type":"key","parameters":{},"actions":[{"type":"keyDown","value":"î€‡"},{"type":"pause","duration":10},{"type":"keyUp","value":"î€‡"}]}]}
RESULT: {"actions":[{"id":"action12","type":"key","parameters":{},"actions":[{"type":"keyDown","value":"î€‡"},{"type":"pause","duration":10},{"type":"keyUp","value":"î€‡"}]}]}
COMMAND: GET /session/6eb241deac570073510706dc7280b28b/screenshot - {}
RESULT: {}
COMMAND: POST /session/6eb241deac570073510706dc7280b28b/element - {"using":"xpath","value":"//span[@id=\"application-managepricingrules-display-component---priceInfoItem--smartTable-header-inner\"]"}
RESULT: {"using":"xpath","value":"//span[@id=\"application-managepricingrules-display-component---priceInfoItem--smartTable-header-inner\"]"}
COMMAND: POST /session/6eb241deac570073510706dc7280b28b/elements - {"using":"xpath","value":"//span[@id=\"application-managepricingrules-display-component---priceInfoItem--smartTable-header-inner\"]"}
RESULT: {"using":"xpath","value":"//span[@id=\"application-managepricingrules-display-component---priceInfoItem--smartTable-header-inner\"]"}
COMMAND: POST /session/6eb241deac570073510706dc7280b28b/execute/sync - {"script":"<script> [56 bytes]","args":[{"element-6066-11e4-a52e-4f735466cecf":"f.451C0D83FD0E10390ED4567275622C99.d.177323DAFC1D6C600FEC71AE8EEC9521.e.3611","ELEMENT":"f.451C0D83FD0E10390ED4567275622C99.d.177323DAFC1D6C600FEC71AE8EEC9521.e.3611"}]}
RESULT: {"script":"<script> [56 bytes]","args":[{"element-6066-11e4-a52e-4f735466cecf":"f.451C0D83FD0E10390ED4567275622C99.d.177323DAFC1D6C600FEC71AE8EEC9521.e.3611","ELEMENT":"f.451C0D83FD0E10390ED4567275622C99.d.177323DAFC1D6C600FEC71AE8EEC9521.e.3611"}]}
COMMAND: POST /session/6eb241deac570073510706dc7280b28b/element - {"using":"css selector","value":"#shell-header-logo"}
COMMAND: GET /session/6eb241deac570073510706dc7280b28b/screenshot - {}
RESULT: {"using":"css selector","value":"#shell-header-logo"}
COMMAND: POST /session/6eb241deac570073510706dc7280b28b/element/f.451C0D83FD0E10390ED4567275622C99.d.177323DAFC1D6C600FEC71AE8EEC9521.e.2738/click - {}
RESULT: {}
RESULT: {}
COMMAND: GET /session/6eb241deac570073510706dc7280b28b/screenshot - {}
RESULT: {}
]]></system-out>
    </testcase>
    <testcase classname="chrome.135_0_7049_115.windows.Billing_confirm_US117289" name="Should create new condition for equipment" time="72.747">
      <system-out><![CDATA[
COMMAND: POST /session/6eb241deac570073510706dc7280b28b/execute/async - {"script":"<script> [1562 bytes]","args":[{"selector":{"controlType":"sap.m.Text","properties":{"text":"Manage Conditions & Prices"},"interaction":{"idSuffix":"inner"}},"wdio_ui5_key":"sapm.Text{\"text\":\"Manage Conditions & Prices\"}"}]}
RESULT: {"script":"<script> [1562 bytes]","args":[{"selector":{"controlType":"sap.m.Text","properties":{"text":"Manage Conditions & Prices"},"interaction":{"idSuffix":"inner"}},"wdio_ui5_key":"sapm.Text{\"text\":\"Manage Conditions & Prices\"}"}]}
RESULT: undefined
COMMAND: POST /session/6eb241deac570073510706dc7280b28b/element - {"using":"xpath","value":"//*[@id=\"__tile53-title\"]"}
RESULT: {"using":"xpath","value":"//*[@id=\"__tile53-title\"]"}
COMMAND: POST /session/6eb241deac570073510706dc7280b28b/element/f.451C0D83FD0E10390ED4567275622C99.d.177323DAFC1D6C600FEC71AE8EEC9521.e.3614/click - {}
RESULT: {}
COMMAND: POST /session/6eb241deac570073510706dc7280b28b/element - {"using":"xpath","value":"//button[@aria-label=\"Create\"]"}
COMMAND: GET /session/6eb241deac570073510706dc7280b28b/screenshot - {}
RESULT: {"using":"xpath","value":"//button[@aria-label=\"Create\"]"}
COMMAND: POST /session/6eb241deac570073510706dc7280b28b/elements - {"using":"xpath","value":"//button[@aria-label=\"Create\"]"}
RESULT: {}
RESULT: {"using":"xpath","value":"//button[@aria-label=\"Create\"]"}
COMMAND: POST /session/6eb241deac570073510706dc7280b28b/elements - {"using":"xpath","value":"//button[@aria-label=\"Create\"]"}
RESULT: {"using":"xpath","value":"//button[@aria-label=\"Create\"]"}
COMMAND: POST /session/6eb241deac570073510706dc7280b28b/elements - {"using":"xpath","value":"//button[@aria-label=\"Create\"]"}
RESULT: {"using":"xpath","value":"//button[@aria-label=\"Create\"]"}
COMMAND: POST /session/6eb241deac570073510706dc7280b28b/elements - {"using":"xpath","value":"//button[@aria-label=\"Create\"]"}
RESULT: {"using":"xpath","value":"//button[@aria-label=\"Create\"]"}
COMMAND: POST /session/6eb241deac570073510706dc7280b28b/element - {"using":"xpath","value":"//button[@aria-label=\"Create\"]"}
RESULT: {"using":"xpath","value":"//button[@aria-label=\"Create\"]"}
COMMAND: POST /session/6eb241deac570073510706dc7280b28b/execute/sync - {"script":"<script> [8489 bytes]","args":[{"element-6066-11e4-a52e-4f735466cecf":"f.451C0D83FD0E10390ED4567275622C99.d.177323DAFC1D6C600FEC71AE8EEC9521.e.3649","ELEMENT":"f.451C0D83FD0E10390ED4567275622C99.d.177323DAFC1D6C600FEC71AE8EEC9521.e.3649"}]}
RESULT: {"script":"<script> [8489 bytes]","args":[{"element-6066-11e4-a52e-4f735466cecf":"f.451C0D83FD0E10390ED4567275622C99.d.177323DAFC1D6C600FEC71AE8EEC9521.e.3649","ELEMENT":"f.451C0D83FD0E10390ED4567275622C99.d.177323DAFC1D6C600FEC71AE8EEC9521.e.3649"}]}
COMMAND: GET /session/6eb241deac570073510706dc7280b28b/element/f.451C0D83FD0E10390ED4567275622C99.d.177323DAFC1D6C600FEC71AE8EEC9521.e.3649/enabled - {}
COMMAND: GET /session/6eb241deac570073510706dc7280b28b/screenshot - {}
RESULT: {}
COMMAND: POST /session/6eb241deac570073510706dc7280b28b/execute/sync - {"script":"<script> [8489 bytes]","args":[{"element-6066-11e4-a52e-4f735466cecf":"f.451C0D83FD0E10390ED4567275622C99.d.177323DAFC1D6C600FEC71AE8EEC9521.e.3649","ELEMENT":"f.451C0D83FD0E10390ED4567275622C99.d.177323DAFC1D6C600FEC71AE8EEC9521.e.3649"}]}
COMMAND: GET /session/6eb241deac570073510706dc7280b28b/screenshot - {}
RESULT: {}
RESULT: {"script":"<script> [8489 bytes]","args":[{"element-6066-11e4-a52e-4f735466cecf":"f.451C0D83FD0E10390ED4567275622C99.d.177323DAFC1D6C600FEC71AE8EEC9521.e.3649","ELEMENT":"f.451C0D83FD0E10390ED4567275622C99.d.177323DAFC1D6C600FEC71AE8EEC9521.e.3649"}]}
COMMAND: POST /session/6eb241deac570073510706dc7280b28b/execute/sync - {"script":"<script> [5351 bytes]","args":[{"element-6066-11e4-a52e-4f735466cecf":"f.451C0D83FD0E10390ED4567275622C99.d.177323DAFC1D6C600FEC71AE8EEC9521.e.3649","ELEMENT":"f.451C0D83FD0E10390ED4567275622C99.d.177323DAFC1D6C600FEC71AE8EEC9521.e.3649"}]}
COMMAND: GET /session/6eb241deac570073510706dc7280b28b/screenshot - {}
RESULT: {}
RESULT: {"script":"<script> [5351 bytes]","args":[{"element-6066-11e4-a52e-4f735466cecf":"f.451C0D83FD0E10390ED4567275622C99.d.177323DAFC1D6C600FEC71AE8EEC9521.e.3649","ELEMENT":"f.451C0D83FD0E10390ED4567275622C99.d.177323DAFC1D6C600FEC71AE8EEC9521.e.3649"}]}
COMMAND: POST /session/6eb241deac570073510706dc7280b28b/element/f.451C0D83FD0E10390ED4567275622C99.d.177323DAFC1D6C600FEC71AE8EEC9521.e.3649/click - {}
COMMAND: GET /session/6eb241deac570073510706dc7280b28b/screenshot - {}
RESULT: {}
RESULT: {}
COMMAND: GET /session/6eb241deac570073510706dc7280b28b/screenshot - {}
RESULT: {}
RESULT: {}
COMMAND: POST /session/6eb241deac570073510706dc7280b28b/actions - {"actions":[{"id":"action13","type":"key","parameters":{},"actions":[{"type":"keyDown","value":"î€‡"},{"type":"pause","duration":10},{"type":"keyUp","value":"î€‡"}]}]}
RESULT: {"actions":[{"id":"action13","type":"key","parameters":{},"actions":[{"type":"keyDown","value":"î€‡"},{"type":"pause","duration":10},{"type":"keyUp","value":"î€‡"}]}]}
COMMAND: GET /session/6eb241deac570073510706dc7280b28b/screenshot - {}
COMMAND: POST /session/6eb241deac570073510706dc7280b28b/execute/async - {"script":"<script> [1562 bytes]","args":[{"selector":{"id":"application-manageconditionprice-display-component---newCondition--condBillCond-arrow"},"wdio_ui5_key":"applicationmanageconditionprice-display-component---newCondition--condBillCond-arrow"}]}
RESULT: {}
RESULT: {"script":"<script> [1562 bytes]","args":[{"selector":{"id":"application-manageconditionprice-display-component---newCondition--condBillCond-arrow"},"wdio_ui5_key":"applicationmanageconditionprice-display-component---newCondition--condBillCond-arrow"}]}
RESULT: undefined
COMMAND: POST /session/6eb241deac570073510706dc7280b28b/element - {"using":"xpath","value":"//*[@id=\"application-manageconditionprice-display-component---newCondition--condBillCond-arrow\"]"}
RESULT: {"using":"xpath","value":"//*[@id=\"application-manageconditionprice-display-component---newCondition--condBillCond-arrow\"]"}
COMMAND: POST /session/6eb241deac570073510706dc7280b28b/element/f.451C0D83FD0E10390ED4567275622C99.d.177323DAFC1D6C600FEC71AE8EEC9521.e.3829/click - {}
RESULT: {}
COMMAND: GET /session/6eb241deac570073510706dc7280b28b/screenshot - {}
RESULT: {}
COMMAND: POST /session/6eb241deac570073510706dc7280b28b/element - {"using":"xpath","value":"//li[.//span[contains(text(), \"DISP - D&I special price\")]]"}
RESULT: {"using":"xpath","value":"//li[.//span[contains(text(), \"DISP - D&I special price\")]]"}
COMMAND: POST /session/6eb241deac570073510706dc7280b28b/element/f.451C0D83FD0E10390ED4567275622C99.d.177323DAFC1D6C600FEC71AE8EEC9521.e.3832/click - {}
RESULT: {}
COMMAND: GET /session/6eb241deac570073510706dc7280b28b/screenshot - {}
RESULT: {}
COMMAND: POST /session/6eb241deac570073510706dc7280b28b/execute/async - {"script":"<script> [1562 bytes]","args":[{"selector":{"id":"application-manageconditionprice-display-component---newCondition--condValidTo","interaction":{"idSuffix":"inner"}},"wdio_ui5_key":"applicationmanageconditionprice-display-component---newCondition--condValidTo"}]}
RESULT: {"script":"<script> [1562 bytes]","args":[{"selector":{"id":"application-manageconditionprice-display-component---newCondition--condValidTo","interaction":{"idSuffix":"inner"}},"wdio_ui5_key":"applicationmanageconditionprice-display-component---newCondition--condValidTo"}]}
RESULT: undefined
COMMAND: POST /session/6eb241deac570073510706dc7280b28b/execute/async - {"script":"<script> [776 bytes]","args":[{"enterText":"01/06/26","selector":{"id":"application-manageconditionprice-display-component---newCondition--condValidTo","interaction":{"idSuffix":"inner"}},"clearTextFirst":true,"interactionType":"ENTER_TEXT"}]}
RESULT: {"script":"<script> [776 bytes]","args":[{"enterText":"01/06/26","selector":{"id":"application-manageconditionprice-display-component---newCondition--condValidTo","interaction":{"idSuffix":"inner"}},"clearTextFirst":true,"interactionType":"ENTER_TEXT"}]}
COMMAND: POST /session/6eb241deac570073510706dc7280b28b/element - {"using":"xpath","value":"//input[@id=\"application-manageconditionprice-display-component---newCondition--condRU-inner\"]"}
RESULT: {"using":"xpath","value":"//input[@id=\"application-manageconditionprice-display-component---newCondition--condRU-inner\"]"}
COMMAND: POST /session/6eb241deac570073510706dc7280b28b/element/f.451C0D83FD0E10390ED4567275622C99.d.177323DAFC1D6C600FEC71AE8EEC9521.e.3693/clear - {}
RESULT: {}
COMMAND: POST /session/6eb241deac570073510706dc7280b28b/element/f.451C0D83FD0E10390ED4567275622C99.d.177323DAFC1D6C600FEC71AE8EEC9521.e.3693/value - {"text":"c902jYOd9X"}
COMMAND: GET /session/6eb241deac570073510706dc7280b28b/screenshot - {}
RESULT: {"text":"c902jYOd9X"}
COMMAND: GET /session/6eb241deac570073510706dc7280b28b/screenshot - {}
RESULT: {}
RESULT: {}
COMMAND: POST /session/6eb241deac570073510706dc7280b28b/actions - {"actions":[{"id":"action14","type":"key","parameters":{},"actions":[{"type":"keyDown","value":"î€‡"},{"type":"pause","duration":10},{"type":"keyUp","value":"î€‡"}]}]}
RESULT: {"actions":[{"id":"action14","type":"key","parameters":{},"actions":[{"type":"keyDown","value":"î€‡"},{"type":"pause","duration":10},{"type":"keyUp","value":"î€‡"}]}]}
COMMAND: POST /session/6eb241deac570073510706dc7280b28b/execute/async - {"script":"<script> [1562 bytes]","args":[{"selector":{"id":"application-manageconditionprice-display-component---newCondition--condBaseQty","interaction":{"idSuffix":"inner"}},"wdio_ui5_key":"applicationmanageconditionprice-display-component---newCondition--condBaseQty"}]}
COMMAND: GET /session/6eb241deac570073510706dc7280b28b/screenshot - {}
RESULT: {"script":"<script> [1562 bytes]","args":[{"selector":{"id":"application-manageconditionprice-display-component---newCondition--condBaseQty","interaction":{"idSuffix":"inner"}},"wdio_ui5_key":"applicationmanageconditionprice-display-component---newCondition--condBaseQty"}]}
RESULT: undefined
COMMAND: POST /session/6eb241deac570073510706dc7280b28b/execute/async - {"script":"<script> [776 bytes]","args":[{"enterText":"1","selector":{"id":"application-manageconditionprice-display-component---newCondition--condBaseQty","interaction":{"idSuffix":"inner"}},"clearTextFirst":true,"interactionType":"ENTER_TEXT"}]}
RESULT: {}
RESULT: {"script":"<script> [776 bytes]","args":[{"enterText":"1","selector":{"id":"application-manageconditionprice-display-component---newCondition--condBaseQty","interaction":{"idSuffix":"inner"}},"clearTextFirst":true,"interactionType":"ENTER_TEXT"}]}
COMMAND: POST /session/6eb241deac570073510706dc7280b28b/execute/async - {"script":"<script> [1562 bytes]","args":[{"selector":{"id":"application-manageconditionprice-display-component---newCondition--condValue","interaction":{"idSuffix":"inner"}},"wdio_ui5_key":"applicationmanageconditionprice-display-component---newCondition--condValue"}]}
RESULT: {"script":"<script> [1562 bytes]","args":[{"selector":{"id":"application-manageconditionprice-display-component---newCondition--condValue","interaction":{"idSuffix":"inner"}},"wdio_ui5_key":"applicationmanageconditionprice-display-component---newCondition--condValue"}]}
RESULT: undefined
COMMAND: POST /session/6eb241deac570073510706dc7280b28b/execute/async - {"script":"<script> [776 bytes]","args":[{"enterText":"100","selector":{"id":"application-manageconditionprice-display-component---newCondition--condValue","interaction":{"idSuffix":"inner"}},"clearTextFirst":true,"interactionType":"ENTER_TEXT"}]}
RESULT: {"script":"<script> [776 bytes]","args":[{"enterText":"100","selector":{"id":"application-manageconditionprice-display-component---newCondition--condValue","interaction":{"idSuffix":"inner"}},"clearTextFirst":true,"interactionType":"ENTER_TEXT"}]}
COMMAND: POST /session/6eb241deac570073510706dc7280b28b/execute/async - {"script":"<script> [1562 bytes]","args":[{"selector":{"id":"application-manageconditionprice-display-component---newCondition--condCurr-arrow"},"wdio_ui5_key":"applicationmanageconditionprice-display-component---newCondition--condCurr-arrow"}]}
RESULT: {"script":"<script> [1562 bytes]","args":[{"selector":{"id":"application-manageconditionprice-display-component---newCondition--condCurr-arrow"},"wdio_ui5_key":"applicationmanageconditionprice-display-component---newCondition--condCurr-arrow"}]}
RESULT: undefined
COMMAND: POST /session/6eb241deac570073510706dc7280b28b/element - {"using":"xpath","value":"//*[@id=\"application-manageconditionprice-display-component---newCondition--condCurr-arrow\"]"}
RESULT: {"using":"xpath","value":"//*[@id=\"application-manageconditionprice-display-component---newCondition--condCurr-arrow\"]"}
COMMAND: POST /session/6eb241deac570073510706dc7280b28b/element/f.451C0D83FD0E10390ED4567275622C99.d.177323DAFC1D6C600FEC71AE8EEC9521.e.3786/click - {}
RESULT: {}
COMMAND: POST /session/6eb241deac570073510706dc7280b28b/element - {"using":"xpath","value":"//span[contains(text(), \"Euro\")]"}
COMMAND: GET /session/6eb241deac570073510706dc7280b28b/screenshot - {}
RESULT: {"using":"xpath","value":"//span[contains(text(), \"Euro\")]"}
COMMAND: POST /session/6eb241deac570073510706dc7280b28b/element/f.451C0D83FD0E10390ED4567275622C99.d.177323DAFC1D6C600FEC71AE8EEC9521.e.3865/click - {}
RESULT: {}
RESULT: {}
COMMAND: POST /session/6eb241deac570073510706dc7280b28b/element - {"using":"xpath","value":"//button[@data-kt=\"saveButton\"]"}
COMMAND: GET /session/6eb241deac570073510706dc7280b28b/screenshot - {}
RESULT: {"using":"xpath","value":"//button[@data-kt=\"saveButton\"]"}
COMMAND: POST /session/6eb241deac570073510706dc7280b28b/element/f.451C0D83FD0E10390ED4567275622C99.d.177323DAFC1D6C600FEC71AE8EEC9521.e.3787/click - {}
RESULT: {}
RESULT: {}
COMMAND: GET /session/6eb241deac570073510706dc7280b28b/screenshot - {}
RESULT: {}
COMMAND: POST /session/6eb241deac570073510706dc7280b28b/execute/async - {"script":"<script> [1562 bytes]","args":[{"selector":{"id":"application-manageconditionprice-display-component---conditions--smartFilterBar-btnBasicSearch","interaction":{"idSuffix":"I"}},"wdio_ui5_key":"applicationmanageconditionprice-display-component---conditions--smartFilterBar-btnBasicSearch"}]}
RESULT: {"script":"<script> [1562 bytes]","args":[{"selector":{"id":"application-manageconditionprice-display-component---conditions--smartFilterBar-btnBasicSearch","interaction":{"idSuffix":"I"}},"wdio_ui5_key":"applicationmanageconditionprice-display-component---conditions--smartFilterBar-btnBasicSearch"}]}
RESULT: undefined
COMMAND: POST /session/6eb241deac570073510706dc7280b28b/execute/async - {"script":"<script> [776 bytes]","args":[{"enterText":"c902jYOd9X","selector":{"id":"application-manageconditionprice-display-component---conditions--smartFilterBar-btnBasicSearch","interaction":{"idSuffix":"I"}},"clearTextFirst":true,"interactionType":"ENTER_TEXT"}]}
RESULT: {"script":"<script> [776 bytes]","args":[{"enterText":"c902jYOd9X","selector":{"id":"application-manageconditionprice-display-component---conditions--smartFilterBar-btnBasicSearch","interaction":{"idSuffix":"I"}},"clearTextFirst":true,"interactionType":"ENTER_TEXT"}]}
COMMAND: POST /session/6eb241deac570073510706dc7280b28b/actions - {"actions":[{"id":"action15","type":"key","parameters":{},"actions":[{"type":"keyDown","value":"î€‡"},{"type":"pause","duration":10},{"type":"keyUp","value":"î€‡"}]}]}
RESULT: {"actions":[{"id":"action15","type":"key","parameters":{},"actions":[{"type":"keyDown","value":"î€‡"},{"type":"pause","duration":10},{"type":"keyUp","value":"î€‡"}]}]}
COMMAND: GET /session/6eb241deac570073510706dc7280b28b/screenshot - {}
RESULT: {}
COMMAND: POST /session/6eb241deac570073510706dc7280b28b/execute/async - {"script":"<script> [1562 bytes]","args":[{"selector":{"id":"application-manageconditionprice-display-component---conditions--smartFilterBar-filterItemControl_BASIC-BILL_TYPES-vhi"},"wdio_ui5_key":"applicationmanageconditionprice-display-component---conditions--smartFilterBar-filterItemControl_BASIC-BILL_TYPES-vhi"}]}
RESULT: {"script":"<script> [1562 bytes]","args":[{"selector":{"id":"application-manageconditionprice-display-component---conditions--smartFilterBar-filterItemControl_BASIC-BILL_TYPES-vhi"},"wdio_ui5_key":"applicationmanageconditionprice-display-component---conditions--smartFilterBar-filterItemControl_BASIC-BILL_TYPES-vhi"}]}
RESULT: undefined
COMMAND: POST /session/6eb241deac570073510706dc7280b28b/element - {"using":"xpath","value":"//*[@id=\"application-manageconditionprice-display-component---conditions--smartFilterBar-filterItemControl_BASIC-BILL_TYPES-vhi\"]"}
RESULT: {"using":"xpath","value":"//*[@id=\"application-manageconditionprice-display-component---conditions--smartFilterBar-filterItemControl_BASIC-BILL_TYPES-vhi\"]"}
COMMAND: POST /session/6eb241deac570073510706dc7280b28b/element/f.451C0D83FD0E10390ED4567275622C99.d.177323DAFC1D6C600FEC71AE8EEC9521.e.3972/click - {}
RESULT: {}
COMMAND: POST /session/6eb241deac570073510706dc7280b28b/execute/async - {"script":"<script> [1562 bytes]","args":[{"selector":{"id":"application-manageconditionprice-display-component---conditions--smartFilterBar-filterItemControl_BASIC-BILL_TYPES-valueHelpDialog-smartFilterBar-btnBasicSearch","searchOpenDialogs":true,"interaction":{"idSuffix":"I"}},"wdio_ui5_key":"applicationmanageconditionprice-display-component---conditions--smartFilterBar-filterItemControl_BASIC-BILL_TYPES-valueHelpDialog-smartFilterBar-btnBasicSearch"}]}
COMMAND: GET /session/6eb241deac570073510706dc7280b28b/screenshot - {}
RESULT: {"script":"<script> [1562 bytes]","args":[{"selector":{"id":"application-manageconditionprice-display-component---conditions--smartFilterBar-filterItemControl_BASIC-BILL_TYPES-valueHelpDialog-smartFilterBar-btnBasicSearch","searchOpenDialogs":true,"interaction":{"idSuffix":"I"}},"wdio_ui5_key":"applicationmanageconditionprice-display-component---conditions--smartFilterBar-filterItemControl_BASIC-BILL_TYPES-valueHelpDialog-smartFilterBar-btnBasicSearch"}]}
RESULT: undefined
COMMAND: POST /session/6eb241deac570073510706dc7280b28b/execute/async - {"script":"<script> [776 bytes]","args":[{"enterText":"TB","selector":{"id":"application-manageconditionprice-display-component---conditions--smartFilterBar-filterItemControl_BASIC-BILL_TYPES-valueHelpDialog-smartFilterBar-btnBasicSearch","searchOpenDialogs":true,"interaction":{"idSuffix":"I"}},"clearTextFirst":true,"interactionType":"ENTER_TEXT"}]}
RESULT: {}
RESULT: {"script":"<script> [776 bytes]","args":[{"enterText":"TB","selector":{"id":"application-manageconditionprice-display-component---conditions--smartFilterBar-filterItemControl_BASIC-BILL_TYPES-valueHelpDialog-smartFilterBar-btnBasicSearch","searchOpenDialogs":true,"interaction":{"idSuffix":"I"}},"clearTextFirst":true,"interactionType":"ENTER_TEXT"}]}
COMMAND: POST /session/6eb241deac570073510706dc7280b28b/actions - {"actions":[{"id":"action16","type":"key","parameters":{},"actions":[{"type":"keyDown","value":"î€‡"},{"type":"pause","duration":10},{"type":"keyUp","value":"î€‡"}]}]}
RESULT: {"actions":[{"id":"action16","type":"key","parameters":{},"actions":[{"type":"keyDown","value":"î€‡"},{"type":"pause","duration":10},{"type":"keyUp","value":"î€‡"}]}]}
COMMAND: GET /session/6eb241deac570073510706dc7280b28b/screenshot - {}
RESULT: {}
COMMAND: POST /session/6eb241deac570073510706dc7280b28b/element - {"using":"xpath","value":"//div[contains(@id, 'application-manageconditionprice-display-component---conditions--smartFilterBar-filterItemControl_BASIC-BILL_TYPES-valueHelpDialog-table-rowsel0')]"}
RESULT: {"using":"xpath","value":"//div[contains(@id, 'application-manageconditionprice-display-component---conditions--smartFilterBar-filterItemControl_BASIC-BILL_TYPES-valueHelpDialog-table-rowsel0')]"}
COMMAND: POST /session/6eb241deac570073510706dc7280b28b/element/f.451C0D83FD0E10390ED4567275622C99.d.177323DAFC1D6C600FEC71AE8EEC9521.e.3982/click - {}
RESULT: {}
COMMAND: GET /session/6eb241deac570073510706dc7280b28b/screenshot - {}
RESULT: {}
COMMAND: POST /session/6eb241deac570073510706dc7280b28b/element - {"using":"xpath","value":"//bdi[contains(text(), \"OK\")]"}
RESULT: {"using":"xpath","value":"//bdi[contains(text(), \"OK\")]"}
COMMAND: POST /session/6eb241deac570073510706dc7280b28b/element/f.451C0D83FD0E10390ED4567275622C99.d.177323DAFC1D6C600FEC71AE8EEC9521.e.3984/click - {}
RESULT: {}
COMMAND: GET /session/6eb241deac570073510706dc7280b28b/screenshot - {}
RESULT: {}
COMMAND: POST /session/6eb241deac570073510706dc7280b28b/element - {"using":"xpath","value":"//span[@id=\"application-manageconditionprice-display-component---conditions--smartTable-header-inner\"]"}
RESULT: {"using":"xpath","value":"//span[@id=\"application-manageconditionprice-display-component---conditions--smartTable-header-inner\"]"}
COMMAND: POST /session/6eb241deac570073510706dc7280b28b/elements - {"using":"xpath","value":"//span[@id=\"application-manageconditionprice-display-component---conditions--smartTable-header-inner\"]"}
RESULT: {"using":"xpath","value":"//span[@id=\"application-manageconditionprice-display-component---conditions--smartTable-header-inner\"]"}
COMMAND: POST /session/6eb241deac570073510706dc7280b28b/execute/sync - {"script":"<script> [56 bytes]","args":[{"element-6066-11e4-a52e-4f735466cecf":"f.451C0D83FD0E10390ED4567275622C99.d.177323DAFC1D6C600FEC71AE8EEC9521.e.3987","ELEMENT":"f.451C0D83FD0E10390ED4567275622C99.d.177323DAFC1D6C600FEC71AE8EEC9521.e.3987"}]}
RESULT: {"script":"<script> [56 bytes]","args":[{"element-6066-11e4-a52e-4f735466cecf":"f.451C0D83FD0E10390ED4567275622C99.d.177323DAFC1D6C600FEC71AE8EEC9521.e.3987","ELEMENT":"f.451C0D83FD0E10390ED4567275622C99.d.177323DAFC1D6C600FEC71AE8EEC9521.e.3987"}]}
COMMAND: POST /session/6eb241deac570073510706dc7280b28b/element - {"using":"css selector","value":"#shell-header-logo"}
COMMAND: GET /session/6eb241deac570073510706dc7280b28b/screenshot - {}
RESULT: {"using":"css selector","value":"#shell-header-logo"}
COMMAND: POST /session/6eb241deac570073510706dc7280b28b/element/f.451C0D83FD0E10390ED4567275622C99.d.177323DAFC1D6C600FEC71AE8EEC9521.e.3617/click - {}
RESULT: {}
RESULT: {}
COMMAND: GET /session/6eb241deac570073510706dc7280b28b/screenshot - {}
RESULT: {}
]]></system-out>
    </testcase>
    <testcase classname="chrome.135_0_7049_115.windows.Billing_confirm_US117289" name="Should do a stock increase" time="98.619">
      <system-out><![CDATA[
COMMAND: POST /session/6eb241deac570073510706dc7280b28b/execute/async - {"script":"<script> [1562 bytes]","args":[{"selector":{"controlType":"sap.m.Text","viewName":"etm.portal.ui.managehandoverstile.view.Master","properties":{"text":"Manage Handovers"},"interaction":{"idSuffix":"inner"}},"wdio_ui5_key":"etmportal.ui.managehandoverstile.view.Mastersap.m.Text{\"text\":\"Manage Handovers\"}"}]}
RESULT: {"script":"<script> [1562 bytes]","args":[{"selector":{"controlType":"sap.m.Text","viewName":"etm.portal.ui.managehandoverstile.view.Master","properties":{"text":"Manage Handovers"},"interaction":{"idSuffix":"inner"}},"wdio_ui5_key":"etmportal.ui.managehandoverstile.view.Mastersap.m.Text{\"text\":\"Manage Handovers\"}"}]}
RESULT: undefined
COMMAND: POST /session/6eb241deac570073510706dc7280b28b/element - {"using":"xpath","value":"//*[@id=\"__tile132-title\"]"}
RESULT: {"using":"xpath","value":"//*[@id=\"__tile132-title\"]"}
COMMAND: POST /session/6eb241deac570073510706dc7280b28b/element/f.451C0D83FD0E10390ED4567275622C99.d.177323DAFC1D6C600FEC71AE8EEC9521.e.3992/click - {}
RESULT: {}
COMMAND: POST /session/6eb241deac570073510706dc7280b28b/element - {"using":"xpath","value":"//button[@data-kt=\"masterHOAddButton\"]"}
COMMAND: GET /session/6eb241deac570073510706dc7280b28b/screenshot - {}
RESULT: {"using":"xpath","value":"//button[@data-kt=\"masterHOAddButton\"]"}
COMMAND: POST /session/6eb241deac570073510706dc7280b28b/elements - {"using":"xpath","value":"//button[@data-kt=\"masterHOAddButton\"]"}
RESULT: {}
RESULT: {"using":"xpath","value":"//button[@data-kt=\"masterHOAddButton\"]"}
COMMAND: POST /session/6eb241deac570073510706dc7280b28b/elements - {"using":"xpath","value":"//button[@data-kt=\"masterHOAddButton\"]"}
RESULT: {"using":"xpath","value":"//button[@data-kt=\"masterHOAddButton\"]"}
COMMAND: POST /session/6eb241deac570073510706dc7280b28b/elements - {"using":"xpath","value":"//button[@data-kt=\"masterHOAddButton\"]"}
RESULT: {"using":"xpath","value":"//button[@data-kt=\"masterHOAddButton\"]"}
COMMAND: POST /session/6eb241deac570073510706dc7280b28b/elements - {"using":"xpath","value":"//button[@data-kt=\"masterHOAddButton\"]"}
RESULT: {"using":"xpath","value":"//button[@data-kt=\"masterHOAddButton\"]"}
COMMAND: POST /session/6eb241deac570073510706dc7280b28b/elements - {"using":"xpath","value":"//button[@data-kt=\"masterHOAddButton\"]"}
RESULT: {"using":"xpath","value":"//button[@data-kt=\"masterHOAddButton\"]"}
COMMAND: POST /session/6eb241deac570073510706dc7280b28b/elements - {"using":"xpath","value":"//button[@data-kt=\"masterHOAddButton\"]"}
RESULT: {"using":"xpath","value":"//button[@data-kt=\"masterHOAddButton\"]"}
COMMAND: POST /session/6eb241deac570073510706dc7280b28b/elements - {"using":"xpath","value":"//button[@data-kt=\"masterHOAddButton\"]"}
RESULT: {"using":"xpath","value":"//button[@data-kt=\"masterHOAddButton\"]"}
COMMAND: POST /session/6eb241deac570073510706dc7280b28b/elements - {"using":"xpath","value":"//button[@data-kt=\"masterHOAddButton\"]"}
RESULT: {"using":"xpath","value":"//button[@data-kt=\"masterHOAddButton\"]"}
COMMAND: POST /session/6eb241deac570073510706dc7280b28b/elements - {"using":"xpath","value":"//button[@data-kt=\"masterHOAddButton\"]"}
RESULT: {"using":"xpath","value":"//button[@data-kt=\"masterHOAddButton\"]"}
COMMAND: POST /session/6eb241deac570073510706dc7280b28b/elements - {"using":"xpath","value":"//button[@data-kt=\"masterHOAddButton\"]"}
RESULT: {"using":"xpath","value":"//button[@data-kt=\"masterHOAddButton\"]"}
COMMAND: POST /session/6eb241deac570073510706dc7280b28b/elements - {"using":"xpath","value":"//button[@data-kt=\"masterHOAddButton\"]"}
RESULT: {"using":"xpath","value":"//button[@data-kt=\"masterHOAddButton\"]"}
COMMAND: POST /session/6eb241deac570073510706dc7280b28b/elements - {"using":"xpath","value":"//button[@data-kt=\"masterHOAddButton\"]"}
RESULT: {"using":"xpath","value":"//button[@data-kt=\"masterHOAddButton\"]"}
COMMAND: POST /session/6eb241deac570073510706dc7280b28b/elements - {"using":"xpath","value":"//button[@data-kt=\"masterHOAddButton\"]"}
RESULT: {"using":"xpath","value":"//button[@data-kt=\"masterHOAddButton\"]"}
COMMAND: POST /session/6eb241deac570073510706dc7280b28b/element - {"using":"xpath","value":"//button[@data-kt=\"masterHOAddButton\"]"}
RESULT: {"using":"xpath","value":"//button[@data-kt=\"masterHOAddButton\"]"}
COMMAND: POST /session/6eb241deac570073510706dc7280b28b/execute/sync - {"script":"<script> [8489 bytes]","args":[{"element-6066-11e4-a52e-4f735466cecf":"f.451C0D83FD0E10390ED4567275622C99.d.177323DAFC1D6C600FEC71AE8EEC9521.e.4019","ELEMENT":"f.451C0D83FD0E10390ED4567275622C99.d.177323DAFC1D6C600FEC71AE8EEC9521.e.4019"}]}
RESULT: {"script":"<script> [8489 bytes]","args":[{"element-6066-11e4-a52e-4f735466cecf":"f.451C0D83FD0E10390ED4567275622C99.d.177323DAFC1D6C600FEC71AE8EEC9521.e.4019","ELEMENT":"f.451C0D83FD0E10390ED4567275622C99.d.177323DAFC1D6C600FEC71AE8EEC9521.e.4019"}]}
COMMAND: GET /session/6eb241deac570073510706dc7280b28b/element/f.451C0D83FD0E10390ED4567275622C99.d.177323DAFC1D6C600FEC71AE8EEC9521.e.4019/enabled - {}
COMMAND: GET /session/6eb241deac570073510706dc7280b28b/screenshot - {}
RESULT: {}
COMMAND: POST /session/6eb241deac570073510706dc7280b28b/execute/sync - {"script":"<script> [8489 bytes]","args":[{"element-6066-11e4-a52e-4f735466cecf":"f.451C0D83FD0E10390ED4567275622C99.d.177323DAFC1D6C600FEC71AE8EEC9521.e.4019","ELEMENT":"f.451C0D83FD0E10390ED4567275622C99.d.177323DAFC1D6C600FEC71AE8EEC9521.e.4019"}]}
COMMAND: GET /session/6eb241deac570073510706dc7280b28b/screenshot - {}
RESULT: {}
RESULT: {"script":"<script> [8489 bytes]","args":[{"element-6066-11e4-a52e-4f735466cecf":"f.451C0D83FD0E10390ED4567275622C99.d.177323DAFC1D6C600FEC71AE8EEC9521.e.4019","ELEMENT":"f.451C0D83FD0E10390ED4567275622C99.d.177323DAFC1D6C600FEC71AE8EEC9521.e.4019"}]}
COMMAND: POST /session/6eb241deac570073510706dc7280b28b/execute/sync - {"script":"<script> [5351 bytes]","args":[{"element-6066-11e4-a52e-4f735466cecf":"f.451C0D83FD0E10390ED4567275622C99.d.177323DAFC1D6C600FEC71AE8EEC9521.e.4019","ELEMENT":"f.451C0D83FD0E10390ED4567275622C99.d.177323DAFC1D6C600FEC71AE8EEC9521.e.4019"}]}
COMMAND: GET /session/6eb241deac570073510706dc7280b28b/screenshot - {}
RESULT: {}
RESULT: {"script":"<script> [5351 bytes]","args":[{"element-6066-11e4-a52e-4f735466cecf":"f.451C0D83FD0E10390ED4567275622C99.d.177323DAFC1D6C600FEC71AE8EEC9521.e.4019","ELEMENT":"f.451C0D83FD0E10390ED4567275622C99.d.177323DAFC1D6C600FEC71AE8EEC9521.e.4019"}]}
COMMAND: POST /session/6eb241deac570073510706dc7280b28b/element/f.451C0D83FD0E10390ED4567275622C99.d.177323DAFC1D6C600FEC71AE8EEC9521.e.4019/click - {}
COMMAND: GET /session/6eb241deac570073510706dc7280b28b/screenshot - {}
RESULT: {}
RESULT: {}
COMMAND: GET /session/6eb241deac570073510706dc7280b28b/screenshot - {}
RESULT: {}
COMMAND: POST /session/6eb241deac570073510706dc7280b28b/element - {"using":"xpath","value":"//span[contains(@id ,\"AddNewHO--typeSelect-arrow\")]"}
RESULT: {}
RESULT: {"using":"xpath","value":"//span[contains(@id ,\"AddNewHO--typeSelect-arrow\")]"}
COMMAND: POST /session/6eb241deac570073510706dc7280b28b/element/f.451C0D83FD0E10390ED4567275622C99.d.177323DAFC1D6C600FEC71AE8EEC9521.e.4331/click - {}
RESULT: {}
COMMAND: GET /session/6eb241deac570073510706dc7280b28b/screenshot - {}
RESULT: {}
COMMAND: POST /session/6eb241deac570073510706dc7280b28b/element - {"using":"xpath","value":"(//li[contains(text(), \"stock increase yard\")])[1]"}
RESULT: {"using":"xpath","value":"(//li[contains(text(), \"stock increase yard\")])[1]"}
COMMAND: POST /session/6eb241deac570073510706dc7280b28b/element/f.451C0D83FD0E10390ED4567275622C99.d.177323DAFC1D6C600FEC71AE8EEC9521.e.4332/click - {}
RESULT: {}
COMMAND: GET /session/6eb241deac570073510706dc7280b28b/screenshot - {}
RESULT: {}
COMMAND: POST /session/6eb241deac570073510706dc7280b28b/execute/async - {"script":"<script> [1562 bytes]","args":[{"selector":{"id":"application-managehandovers-display-component---AddNewHO--dueDate","interaction":{"idSuffix":"inner"}},"wdio_ui5_key":"applicationmanagehandovers-display-component---AddNewHO--dueDate"}]}
RESULT: {"script":"<script> [1562 bytes]","args":[{"selector":{"id":"application-managehandovers-display-component---AddNewHO--dueDate","interaction":{"idSuffix":"inner"}},"wdio_ui5_key":"applicationmanagehandovers-display-component---AddNewHO--dueDate"}]}
RESULT: undefined
COMMAND: POST /session/6eb241deac570073510706dc7280b28b/execute/async - {"script":"<script> [6424 bytes]","args":[{"element-6066-11e4-a52e-4f735466cecf":"f.451C0D83FD0E10390ED4567275622C99.d.177323DAFC1D6C600FEC71AE8EEC9521.e.4336"},"setValue",["05/06/2025"]]}
RESULT: {"script":"<script> [6424 bytes]","args":[{"element-6066-11e4-a52e-4f735466cecf":"f.451C0D83FD0E10390ED4567275622C99.d.177323DAFC1D6C600FEC71AE8EEC9521.e.4336"},"setValue",["05/06/2025"]]}
COMMAND: POST /session/6eb241deac570073510706dc7280b28b/element - {"using":"xpath","value":"//input[@id=\"generalSectionFrg--receiveYard-inner\"]"}
RESULT: {"using":"xpath","value":"//input[@id=\"generalSectionFrg--receiveYard-inner\"]"}
COMMAND: POST /session/6eb241deac570073510706dc7280b28b/element/f.451C0D83FD0E10390ED4567275622C99.d.177323DAFC1D6C600FEC71AE8EEC9521.e.4342/clear - {}
RESULT: {}
COMMAND: POST /session/6eb241deac570073510706dc7280b28b/element/f.451C0D83FD0E10390ED4567275622C99.d.177323DAFC1D6C600FEC71AE8EEC9521.e.4342/value - {"text":"640"}
COMMAND: GET /session/6eb241deac570073510706dc7280b28b/screenshot - {}
RESULT: {"text":"640"}
COMMAND: GET /session/6eb241deac570073510706dc7280b28b/screenshot - {}
RESULT: {}
RESULT: {}
COMMAND: POST /session/6eb241deac570073510706dc7280b28b/element - {"using":"xpath","value":"//li[.//span[text()='640']]"}
RESULT: {"using":"xpath","value":"//li[.//span[text()='640']]"}
COMMAND: POST /session/6eb241deac570073510706dc7280b28b/element/f.451C0D83FD0E10390ED4567275622C99.d.177323DAFC1D6C600FEC71AE8EEC9521.e.4358/click - {}
RESULT: {}
COMMAND: GET /session/6eb241deac570073510706dc7280b28b/screenshot - {}
RESULT: {}
COMMAND: POST /session/6eb241deac570073510706dc7280b28b/execute/async - {"script":"<script> [1562 bytes]","args":[{"selector":{"id":"application-managehandovers-display-component---AddNewHO--ObjectPageLayout-anchBar-application-managehandovers-display-component---AddNewHO--section4-anchor","interaction":{"idSuffix":"BDI-content"}},"wdio_ui5_key":"applicationmanagehandovers-display-component---AddNewHO--ObjectPageLayout-anchBar-application-managehandovers-display-component---AddNewHO--section4-anchor"}]}
RESULT: {"script":"<script> [1562 bytes]","args":[{"selector":{"id":"application-managehandovers-display-component---AddNewHO--ObjectPageLayout-anchBar-application-managehandovers-display-component---AddNewHO--section4-anchor","interaction":{"idSuffix":"BDI-content"}},"wdio_ui5_key":"applicationmanagehandovers-display-component---AddNewHO--ObjectPageLayout-anchBar-application-managehandovers-display-component---AddNewHO--section4-anchor"}]}
RESULT: undefined
COMMAND: POST /session/6eb241deac570073510706dc7280b28b/element - {"using":"xpath","value":"//*[@id=\"application-managehandovers-display-component---AddNewHO--ObjectPageLayout-anchBar-application-managehandovers-display-component---AddNewHO--section4-anchor\"]"}
RESULT: {"using":"xpath","value":"//*[@id=\"application-managehandovers-display-component---AddNewHO--ObjectPageLayout-anchBar-application-managehandovers-display-component---AddNewHO--section4-anchor\"]"}
COMMAND: POST /session/6eb241deac570073510706dc7280b28b/element/f.451C0D83FD0E10390ED4567275622C99.d.177323DAFC1D6C600FEC71AE8EEC9521.e.4360/click - {}
RESULT: {}
COMMAND: POST /session/6eb241deac570073510706dc7280b28b/element - {"using":"xpath","value":"//button[@aria-label=\"Add\"]"}
COMMAND: GET /session/6eb241deac570073510706dc7280b28b/screenshot - {}
RESULT: {"using":"xpath","value":"//button[@aria-label=\"Add\"]"}
COMMAND: POST /session/6eb241deac570073510706dc7280b28b/element/f.451C0D83FD0E10390ED4567275622C99.d.177323DAFC1D6C600FEC71AE8EEC9521.e.4362/click - {}
RESULT: {}
RESULT: {}
COMMAND: GET /session/6eb241deac570073510706dc7280b28b/screenshot - {}
RESULT: {}
COMMAND: POST /session/6eb241deac570073510706dc7280b28b/execute/async - {"script":"<script> [1562 bytes]","args":[{"selector":{"id":"application-managehandovers-display-component---AddNewHO--smartFilterBar-btnBasicSearch","searchOpenDialogs":true,"interaction":{"idSuffix":"I"}},"wdio_ui5_key":"applicationmanagehandovers-display-component---AddNewHO--smartFilterBar-btnBasicSearch"}]}
RESULT: {"script":"<script> [1562 bytes]","args":[{"selector":{"id":"application-managehandovers-display-component---AddNewHO--smartFilterBar-btnBasicSearch","searchOpenDialogs":true,"interaction":{"idSuffix":"I"}},"wdio_ui5_key":"applicationmanagehandovers-display-component---AddNewHO--smartFilterBar-btnBasicSearch"}]}
RESULT: undefined
COMMAND: POST /session/6eb241deac570073510706dc7280b28b/execute/async - {"script":"<script> [776 bytes]","args":[{"enterText":"c902jYOd9X","selector":{"id":"application-managehandovers-display-component---AddNewHO--smartFilterBar-btnBasicSearch","searchOpenDialogs":true,"interaction":{"idSuffix":"I"}},"clearTextFirst":true,"interactionType":"ENTER_TEXT"}]}
RESULT: {"script":"<script> [776 bytes]","args":[{"enterText":"c902jYOd9X","selector":{"id":"application-managehandovers-display-component---AddNewHO--smartFilterBar-btnBasicSearch","searchOpenDialogs":true,"interaction":{"idSuffix":"I"}},"clearTextFirst":true,"interactionType":"ENTER_TEXT"}]}
COMMAND: POST /session/6eb241deac570073510706dc7280b28b/actions - {"actions":[{"id":"action17","type":"key","parameters":{},"actions":[{"type":"keyDown","value":"î€‡"},{"type":"pause","duration":10},{"type":"keyUp","value":"î€‡"}]}]}
RESULT: {"actions":[{"id":"action17","type":"key","parameters":{},"actions":[{"type":"keyDown","value":"î€‡"},{"type":"pause","duration":10},{"type":"keyUp","value":"î€‡"}]}]}
COMMAND: GET /session/6eb241deac570073510706dc7280b28b/screenshot - {}
RESULT: {}
COMMAND: POST /session/6eb241deac570073510706dc7280b28b/execute/async - {"script":"<script> [1562 bytes]","args":[{"selector":{"id":"application-managehandovers-display-component---AddNewHO--popup-sa","searchOpenDialogs":true,"interaction":{"idSuffix":"CbBg"}},"wdio_ui5_key":"applicationmanagehandovers-display-component---AddNewHO--popup-sa"}]}
RESULT: {"script":"<script> [1562 bytes]","args":[{"selector":{"id":"application-managehandovers-display-component---AddNewHO--popup-sa","searchOpenDialogs":true,"interaction":{"idSuffix":"CbBg"}},"wdio_ui5_key":"applicationmanagehandovers-display-component---AddNewHO--popup-sa"}]}
RESULT: undefined
COMMAND: POST /session/6eb241deac570073510706dc7280b28b/element - {"using":"xpath","value":"//*[@id=\"application-managehandovers-display-component---AddNewHO--popup-sa\"]"}
RESULT: {"using":"xpath","value":"//*[@id=\"application-managehandovers-display-component---AddNewHO--popup-sa\"]"}
COMMAND: POST /session/6eb241deac570073510706dc7280b28b/element/f.451C0D83FD0E10390ED4567275622C99.d.177323DAFC1D6C600FEC71AE8EEC9521.e.4518/click - {}
RESULT: {}
COMMAND: GET /session/6eb241deac570073510706dc7280b28b/screenshot - {}
RESULT: {}
COMMAND: POST /session/6eb241deac570073510706dc7280b28b/element - {"using":"xpath","value":"//bdi[contains(text(), \"Select\")]"}
RESULT: {"using":"xpath","value":"//bdi[contains(text(), \"Select\")]"}
COMMAND: POST /session/6eb241deac570073510706dc7280b28b/element/f.451C0D83FD0E10390ED4567275622C99.d.177323DAFC1D6C600FEC71AE8EEC9521.e.4519/click - {}
RESULT: {}
COMMAND: GET /session/6eb241deac570073510706dc7280b28b/screenshot - {}
RESULT: {}
COMMAND: POST /session/6eb241deac570073510706dc7280b28b/element - {"using":"xpath","value":"//button[@data-kt=\"AddNewHOSaveButton\"]"}
RESULT: {"using":"xpath","value":"//button[@data-kt=\"AddNewHOSaveButton\"]"}
COMMAND: POST /session/6eb241deac570073510706dc7280b28b/element/f.451C0D83FD0E10390ED4567275622C99.d.177323DAFC1D6C600FEC71AE8EEC9521.e.4523/click - {}
RESULT: {}
COMMAND: GET /session/6eb241deac570073510706dc7280b28b/screenshot - {}
RESULT: {}
COMMAND: POST /session/6eb241deac570073510706dc7280b28b/execute/async - {"script":"<script> [1562 bytes]","args":[{"selector":{"id":"receiptDatePicker","viewName":"etm.portal.ui.managehandovers.view.DetailExecuteHO","interaction":{"idSuffix":"inner"}},"wdio_ui5_key":"receiptDatePickeretmportal.ui.managehandovers.view.DetailExecuteHO"}]}
RESULT: {"script":"<script> [1562 bytes]","args":[{"selector":{"id":"receiptDatePicker","viewName":"etm.portal.ui.managehandovers.view.DetailExecuteHO","interaction":{"idSuffix":"inner"}},"wdio_ui5_key":"receiptDatePickeretmportal.ui.managehandovers.view.DetailExecuteHO"}]}
RESULT: undefined
COMMAND: POST /session/6eb241deac570073510706dc7280b28b/execute/async - {"script":"<script> [6424 bytes]","args":[{"element-6066-11e4-a52e-4f735466cecf":"f.451C0D83FD0E10390ED4567275622C99.d.177323DAFC1D6C600FEC71AE8EEC9521.e.4552"},"setValue",["05/06/2025"]]}
RESULT: {"script":"<script> [6424 bytes]","args":[{"element-6066-11e4-a52e-4f735466cecf":"f.451C0D83FD0E10390ED4567275622C99.d.177323DAFC1D6C600FEC71AE8EEC9521.e.4552"},"setValue",["05/06/2025"]]}
COMMAND: POST /session/6eb241deac570073510706dc7280b28b/element - {"using":"xpath","value":"//button[@data-kt=\"PickingTableConfirmAllButton\"]"}
RESULT: {"using":"xpath","value":"//button[@data-kt=\"PickingTableConfirmAllButton\"]"}
COMMAND: POST /session/6eb241deac570073510706dc7280b28b/element/f.451C0D83FD0E10390ED4567275622C99.d.177323DAFC1D6C600FEC71AE8EEC9521.e.4567/click - {}
RESULT: {}
COMMAND: GET /session/6eb241deac570073510706dc7280b28b/screenshot - {}
RESULT: {}
COMMAND: POST /session/6eb241deac570073510706dc7280b28b/element - {"using":"xpath","value":"//bdi[contains(text(), \"OK\")]"}
RESULT: {"using":"xpath","value":"//bdi[contains(text(), \"OK\")]"}
COMMAND: POST /session/6eb241deac570073510706dc7280b28b/element/f.451C0D83FD0E10390ED4567275622C99.d.177323DAFC1D6C600FEC71AE8EEC9521.e.4569/click - {}
RESULT: {}
COMMAND: GET /session/6eb241deac570073510706dc7280b28b/screenshot - {}
RESULT: {}
COMMAND: POST /session/6eb241deac570073510706dc7280b28b/element - {"using":"xpath","value":"(//bdi[contains(text(), \"Receive\")])[2]"}
RESULT: {"using":"xpath","value":"(//bdi[contains(text(), \"Receive\")])[2]"}
COMMAND: POST /session/6eb241deac570073510706dc7280b28b/element/f.451C0D83FD0E10390ED4567275622C99.d.177323DAFC1D6C600FEC71AE8EEC9521.e.4571/click - {}
RESULT: {}
COMMAND: GET /session/6eb241deac570073510706dc7280b28b/screenshot - {}
RESULT: {}
COMMAND: POST /session/6eb241deac570073510706dc7280b28b/element - {"using":"css selector","value":"#shell-header-logo"}
RESULT: {"using":"css selector","value":"#shell-header-logo"}
COMMAND: POST /session/6eb241deac570073510706dc7280b28b/element/f.451C0D83FD0E10390ED4567275622C99.d.177323DAFC1D6C600FEC71AE8EEC9521.e.3995/click - {}
RESULT: {}
COMMAND: GET /session/6eb241deac570073510706dc7280b28b/screenshot - {}
RESULT: {}
]]></system-out>
    </testcase>
    <testcase classname="chrome.135_0_7049_115.windows.Billing_confirm_US117289" name="Should create a new contract" time="88.352">
      <system-out><![CDATA[
COMMAND: POST /session/6eb241deac570073510706dc7280b28b/execute/async - {"script":"<script> [1562 bytes]","args":[{"selector":{"controlType":"sap.m.Text","viewName":"etm.portal.ui.managecontractstile.view.Master","properties":{"text":"Manage Contracts"},"interaction":{"idSuffix":"inner"}},"wdio_ui5_key":"etmportal.ui.managecontractstile.view.Mastersap.m.Text{\"text\":\"Manage Contracts\"}"}]}
RESULT: {"script":"<script> [1562 bytes]","args":[{"selector":{"controlType":"sap.m.Text","viewName":"etm.portal.ui.managecontractstile.view.Master","properties":{"text":"Manage Contracts"},"interaction":{"idSuffix":"inner"}},"wdio_ui5_key":"etmportal.ui.managecontractstile.view.Mastersap.m.Text{\"text\":\"Manage Contracts\"}"}]}
RESULT: undefined
COMMAND: POST /session/6eb241deac570073510706dc7280b28b/element - {"using":"xpath","value":"//*[@id=\"__tile131-title\"]"}
RESULT: {"using":"xpath","value":"//*[@id=\"__tile131-title\"]"}
COMMAND: POST /session/6eb241deac570073510706dc7280b28b/element/f.451C0D83FD0E10390ED4567275622C99.d.177323DAFC1D6C600FEC71AE8EEC9521.e.4744/click - {}
RESULT: {}
COMMAND: GET /session/6eb241deac570073510706dc7280b28b/screenshot - {}
RESULT: {}
COMMAND: POST /session/6eb241deac570073510706dc7280b28b/element - {"using":"xpath","value":"//button[@data-kt=\"addButton\"]"}
RESULT: {"using":"xpath","value":"//button[@data-kt=\"addButton\"]"}
COMMAND: POST /session/6eb241deac570073510706dc7280b28b/elements - {"using":"xpath","value":"//button[@data-kt=\"addButton\"]"}
RESULT: {"using":"xpath","value":"//button[@data-kt=\"addButton\"]"}
COMMAND: POST /session/6eb241deac570073510706dc7280b28b/execute/sync - {"script":"<script> [8489 bytes]","args":[{"element-6066-11e4-a52e-4f735466cecf":"f.451C0D83FD0E10390ED4567275622C99.d.177323DAFC1D6C600FEC71AE8EEC9521.e.4817","ELEMENT":"f.451C0D83FD0E10390ED4567275622C99.d.177323DAFC1D6C600FEC71AE8EEC9521.e.4817"}]}
RESULT: {"script":"<script> [8489 bytes]","args":[{"element-6066-11e4-a52e-4f735466cecf":"f.451C0D83FD0E10390ED4567275622C99.d.177323DAFC1D6C600FEC71AE8EEC9521.e.4817","ELEMENT":"f.451C0D83FD0E10390ED4567275622C99.d.177323DAFC1D6C600FEC71AE8EEC9521.e.4817"}]}
COMMAND: GET /session/6eb241deac570073510706dc7280b28b/element/f.451C0D83FD0E10390ED4567275622C99.d.177323DAFC1D6C600FEC71AE8EEC9521.e.4817/enabled - {}
COMMAND: GET /session/6eb241deac570073510706dc7280b28b/screenshot - {}
RESULT: {}
COMMAND: POST /session/6eb241deac570073510706dc7280b28b/execute/sync - {"script":"<script> [8489 bytes]","args":[{"element-6066-11e4-a52e-4f735466cecf":"f.451C0D83FD0E10390ED4567275622C99.d.177323DAFC1D6C600FEC71AE8EEC9521.e.4817","ELEMENT":"f.451C0D83FD0E10390ED4567275622C99.d.177323DAFC1D6C600FEC71AE8EEC9521.e.4817"}]}
COMMAND: GET /session/6eb241deac570073510706dc7280b28b/screenshot - {}
RESULT: {}
RESULT: {"script":"<script> [8489 bytes]","args":[{"element-6066-11e4-a52e-4f735466cecf":"f.451C0D83FD0E10390ED4567275622C99.d.177323DAFC1D6C600FEC71AE8EEC9521.e.4817","ELEMENT":"f.451C0D83FD0E10390ED4567275622C99.d.177323DAFC1D6C600FEC71AE8EEC9521.e.4817"}]}
COMMAND: POST /session/6eb241deac570073510706dc7280b28b/execute/sync - {"script":"<script> [5351 bytes]","args":[{"element-6066-11e4-a52e-4f735466cecf":"f.451C0D83FD0E10390ED4567275622C99.d.177323DAFC1D6C600FEC71AE8EEC9521.e.4817","ELEMENT":"f.451C0D83FD0E10390ED4567275622C99.d.177323DAFC1D6C600FEC71AE8EEC9521.e.4817"}]}
COMMAND: GET /session/6eb241deac570073510706dc7280b28b/screenshot - {}
RESULT: {}
RESULT: {"script":"<script> [5351 bytes]","args":[{"element-6066-11e4-a52e-4f735466cecf":"f.451C0D83FD0E10390ED4567275622C99.d.177323DAFC1D6C600FEC71AE8EEC9521.e.4817","ELEMENT":"f.451C0D83FD0E10390ED4567275622C99.d.177323DAFC1D6C600FEC71AE8EEC9521.e.4817"}]}
COMMAND: GET /session/6eb241deac570073510706dc7280b28b/screenshot - {}
RESULT: {}
RESULT: {}
COMMAND: POST /session/6eb241deac570073510706dc7280b28b/element/f.451C0D83FD0E10390ED4567275622C99.d.177323DAFC1D6C600FEC71AE8EEC9521.e.4817/click - {}
RESULT: {}
COMMAND: GET /session/6eb241deac570073510706dc7280b28b/screenshot - {}
COMMAND: POST /session/6eb241deac570073510706dc7280b28b/execute/async - {"script":"<script> [1562 bytes]","args":[{"selector":{"id":"application-managecontracts-display-component---AddNewContract--projectDescription","interaction":{"idSuffix":"inner"}},"wdio_ui5_key":"applicationmanagecontracts-display-component---AddNewContract--projectDescription"}]}
RESULT: {}
RESULT: {"script":"<script> [1562 bytes]","args":[{"selector":{"id":"application-managecontracts-display-component---AddNewContract--projectDescription","interaction":{"idSuffix":"inner"}},"wdio_ui5_key":"applicationmanagecontracts-display-component---AddNewContract--projectDescription"}]}
RESULT: undefined
COMMAND: POST /session/6eb241deac570073510706dc7280b28b/execute/async - {"script":"<script> [776 bytes]","args":[{"enterText":"Contract WDIO","selector":{"id":"application-managecontracts-display-component---AddNewContract--projectDescription","interaction":{"idSuffix":"inner"}},"clearTextFirst":true,"interactionType":"ENTER_TEXT"}]}
RESULT: {"script":"<script> [776 bytes]","args":[{"enterText":"Contract WDIO","selector":{"id":"application-managecontracts-display-component---AddNewContract--projectDescription","interaction":{"idSuffix":"inner"}},"clearTextFirst":true,"interactionType":"ENTER_TEXT"}]}
COMMAND: POST /session/6eb241deac570073510706dc7280b28b/element - {"using":"xpath","value":"//input[@id=\"application-managecontracts-display-component---AddNewContract--site-inner\"]"}
RESULT: {"using":"xpath","value":"//input[@id=\"application-managecontracts-display-component---AddNewContract--site-inner\"]"}
COMMAND: POST /session/6eb241deac570073510706dc7280b28b/element/f.451C0D83FD0E10390ED4567275622C99.d.177323DAFC1D6C600FEC71AE8EEC9521.e.5116/clear - {}
RESULT: {}
COMMAND: POST /session/6eb241deac570073510706dc7280b28b/element/f.451C0D83FD0E10390ED4567275622C99.d.177323DAFC1D6C600FEC71AE8EEC9521.e.5116/value - {"text":"2473"}
COMMAND: GET /session/6eb241deac570073510706dc7280b28b/screenshot - {}
RESULT: {"text":"2473"}
COMMAND: GET /session/6eb241deac570073510706dc7280b28b/screenshot - {}
COMMAND: POST /session/6eb241deac570073510706dc7280b28b/element - {"using":"xpath","value":"//li[.//span[text()='2473']]"}
RESULT: {}
RESULT: {}
RESULT: {"using":"xpath","value":"//li[.//span[text()='2473']]"}
COMMAND: POST /session/6eb241deac570073510706dc7280b28b/element/f.451C0D83FD0E10390ED4567275622C99.d.177323DAFC1D6C600FEC71AE8EEC9521.e.5138/click - {}
RESULT: {}
COMMAND: GET /session/6eb241deac570073510706dc7280b28b/screenshot - {}
RESULT: {}
COMMAND: POST /session/6eb241deac570073510706dc7280b28b/element - {"using":"xpath","value":"//input[@id=\"application-managecontracts-display-component---AddNewContract--yardId-inner\"]"}
RESULT: {"using":"xpath","value":"//input[@id=\"application-managecontracts-display-component---AddNewContract--yardId-inner\"]"}
COMMAND: GET /session/6eb241deac570073510706dc7280b28b/element/f.451C0D83FD0E10390ED4567275622C99.d.177323DAFC1D6C600FEC71AE8EEC9521.e.5117/property/value - {}
RESULT: {}
COMMAND: POST /session/6eb241deac570073510706dc7280b28b/element - {"using":"xpath","value":"//input[@id=\"application-managecontracts-display-component---AddNewContract--customerSelect-inner\"]"}
COMMAND: GET /session/6eb241deac570073510706dc7280b28b/screenshot - {}
RESULT: {"using":"xpath","value":"//input[@id=\"application-managecontracts-display-component---AddNewContract--customerSelect-inner\"]"}
COMMAND: POST /session/6eb241deac570073510706dc7280b28b/element/f.451C0D83FD0E10390ED4567275622C99.d.177323DAFC1D6C600FEC71AE8EEC9521.e.5115/clear - {}
RESULT: {}
RESULT: {}
COMMAND: POST /session/6eb241deac570073510706dc7280b28b/element/f.451C0D83FD0E10390ED4567275622C99.d.177323DAFC1D6C600FEC71AE8EEC9521.e.5115/value - {"text":"1514"}
COMMAND: GET /session/6eb241deac570073510706dc7280b28b/screenshot - {}
RESULT: {"text":"1514"}
RESULT: {}
COMMAND: GET /session/6eb241deac570073510706dc7280b28b/screenshot - {}
RESULT: {}
COMMAND: POST /session/6eb241deac570073510706dc7280b28b/element - {"using":"xpath","value":"//li[.//span[text()='1514']]"}
RESULT: {"using":"xpath","value":"//li[.//span[text()='1514']]"}
COMMAND: POST /session/6eb241deac570073510706dc7280b28b/element/f.451C0D83FD0E10390ED4567275622C99.d.177323DAFC1D6C600FEC71AE8EEC9521.e.5141/click - {}
RESULT: {}
COMMAND: GET /session/6eb241deac570073510706dc7280b28b/screenshot - {}
RESULT: {}
COMMAND: POST /session/6eb241deac570073510706dc7280b28b/element - {"using":"xpath","value":"//button[@data-kt=\"saveButton\"]"}
RESULT: {"using":"xpath","value":"//button[@data-kt=\"saveButton\"]"}
COMMAND: POST /session/6eb241deac570073510706dc7280b28b/element/f.451C0D83FD0E10390ED4567275622C99.d.177323DAFC1D6C600FEC71AE8EEC9521.e.5131/click - {}
RESULT: {}
COMMAND: GET /session/6eb241deac570073510706dc7280b28b/screenshot - {}
RESULT: {}
COMMAND: POST /session/6eb241deac570073510706dc7280b28b/element - {"using":"xpath","value":"//span[contains(@id ,\"contractDetailTitleNoExpanded\")]"}
RESULT: {"using":"xpath","value":"//span[contains(@id ,\"contractDetailTitleNoExpanded\")]"}
COMMAND: POST /session/6eb241deac570073510706dc7280b28b/elements - {"using":"xpath","value":"//span[contains(@id ,\"contractDetailTitleNoExpanded\")]"}
RESULT: {"using":"xpath","value":"//span[contains(@id ,\"contractDetailTitleNoExpanded\")]"}
COMMAND: POST /session/6eb241deac570073510706dc7280b28b/execute/sync - {"script":"<script> [56 bytes]","args":[{"element-6066-11e4-a52e-4f735466cecf":"f.451C0D83FD0E10390ED4567275622C99.d.177323DAFC1D6C600FEC71AE8EEC9521.e.5214","ELEMENT":"f.451C0D83FD0E10390ED4567275622C99.d.177323DAFC1D6C600FEC71AE8EEC9521.e.5214"}]}
RESULT: {"script":"<script> [56 bytes]","args":[{"element-6066-11e4-a52e-4f735466cecf":"f.451C0D83FD0E10390ED4567275622C99.d.177323DAFC1D6C600FEC71AE8EEC9521.e.5214","ELEMENT":"f.451C0D83FD0E10390ED4567275622C99.d.177323DAFC1D6C600FEC71AE8EEC9521.e.5214"}]}
COMMAND: GET /session/6eb241deac570073510706dc7280b28b/screenshot - {}
RESULT: {}
]]></system-out>
    </testcase>
    <testcase classname="chrome.135_0_7049_115.windows.Billing_confirm_US117289" name="Should add created equipment to contract" time="47.161">
      <system-out><![CDATA[
COMMAND: POST /session/6eb241deac570073510706dc7280b28b/element - {"using":"xpath","value":"//button[@data-kt=\"contractDetailEditBtnButton\"]"}
RESULT: {"using":"xpath","value":"//button[@data-kt=\"contractDetailEditBtnButton\"]"}
COMMAND: POST /session/6eb241deac570073510706dc7280b28b/element/f.451C0D83FD0E10390ED4567275622C99.d.177323DAFC1D6C600FEC71AE8EEC9521.e.5215/click - {}
RESULT: {}
COMMAND: GET /session/6eb241deac570073510706dc7280b28b/screenshot - {}
RESULT: {}
COMMAND: POST /session/6eb241deac570073510706dc7280b28b/element - {"using":"xpath","value":"(//span[contains(text(), \"Additional Addresses\")])[2]"}
RESULT: {"using":"xpath","value":"(//span[contains(text(), \"Additional Addresses\")])[2]"}
COMMAND: POST /session/6eb241deac570073510706dc7280b28b/element/f.451C0D83FD0E10390ED4567275622C99.d.177323DAFC1D6C600FEC71AE8EEC9521.e.5271/click - {}
RESULT: {}
COMMAND: GET /session/6eb241deac570073510706dc7280b28b/screenshot - {}
RESULT: {}
COMMAND: POST /session/6eb241deac570073510706dc7280b28b/element - {"using":"xpath","value":"//button[@data-kt=\"btnAddTableRowOverflowToolbarButton\"]"}
RESULT: {"using":"xpath","value":"//button[@data-kt=\"btnAddTableRowOverflowToolbarButton\"]"}
COMMAND: POST /session/6eb241deac570073510706dc7280b28b/element/f.451C0D83FD0E10390ED4567275622C99.d.177323DAFC1D6C600FEC71AE8EEC9521.e.5276/click - {}
RESULT: {}
COMMAND: GET /session/6eb241deac570073510706dc7280b28b/screenshot - {}
RESULT: {}
COMMAND: POST /session/6eb241deac570073510706dc7280b28b/element - {"using":"xpath","value":"//div[(text() = 'Standard Entry' or . = 'Standard Entry')]"}
RESULT: {"using":"xpath","value":"//div[(text() = 'Standard Entry' or . = 'Standard Entry')]"}
COMMAND: POST /session/6eb241deac570073510706dc7280b28b/element/f.451C0D83FD0E10390ED4567275622C99.d.177323DAFC1D6C600FEC71AE8EEC9521.e.5277/click - {}
RESULT: {}
COMMAND: GET /session/6eb241deac570073510706dc7280b28b/screenshot - {}
RESULT: {}
COMMAND: POST /session/6eb241deac570073510706dc7280b28b/element - {"using":"xpath","value":"//td[7]/div/div/input"}
RESULT: {"using":"xpath","value":"//td[7]/div/div/input"}
COMMAND: POST /session/6eb241deac570073510706dc7280b28b/element/f.451C0D83FD0E10390ED4567275622C99.d.177323DAFC1D6C600FEC71AE8EEC9521.e.5286/clear - {}
RESULT: {}
COMMAND: POST /session/6eb241deac570073510706dc7280b28b/element/f.451C0D83FD0E10390ED4567275622C99.d.177323DAFC1D6C600FEC71AE8EEC9521.e.5286/value - {"text":"c902jYOd9X"}
COMMAND: GET /session/6eb241deac570073510706dc7280b28b/screenshot - {}
RESULT: {"text":"c902jYOd9X"}
COMMAND: GET /session/6eb241deac570073510706dc7280b28b/screenshot - {}
RESULT: {}
RESULT: {}
COMMAND: POST /session/6eb241deac570073510706dc7280b28b/actions - {"actions":[{"id":"action18","type":"key","parameters":{},"actions":[{"type":"keyDown","value":"î€‡"},{"type":"pause","duration":10},{"type":"keyUp","value":"î€‡"}]}]}
RESULT: {"actions":[{"id":"action18","type":"key","parameters":{},"actions":[{"type":"keyDown","value":"î€‡"},{"type":"pause","duration":10},{"type":"keyUp","value":"î€‡"}]}]}
COMMAND: GET /session/6eb241deac570073510706dc7280b28b/screenshot - {}
RESULT: {}
COMMAND: POST /session/6eb241deac570073510706dc7280b28b/execute/sync - {"script":"<script> [276 bytes]","args":["No pricing information was found"]}
RESULT: {"script":"<script> [276 bytes]","args":["No pricing information was found"]}
COMMAND: POST /session/6eb241deac570073510706dc7280b28b/element - {"using":"xpath","value":"(//button[@data-kt=\"saveButton\"])[2]"}
COMMAND: GET /session/6eb241deac570073510706dc7280b28b/screenshot - {}
RESULT: {"using":"xpath","value":"(//button[@data-kt=\"saveButton\"])[2]"}
COMMAND: POST /session/6eb241deac570073510706dc7280b28b/element/f.451C0D83FD0E10390ED4567275622C99.d.177323DAFC1D6C600FEC71AE8EEC9521.e.5301/click - {}
RESULT: {}
RESULT: {}
COMMAND: GET /session/6eb241deac570073510706dc7280b28b/screenshot - {}
RESULT: {}
COMMAND: POST /session/6eb241deac570073510706dc7280b28b/execute/sync - {"script":"<script> [276 bytes]","args":["Some contract items are having rental validity exceeding header rental validity"]}
RESULT: {"script":"<script> [276 bytes]","args":["Some contract items are having rental validity exceeding header rental validity"]}
COMMAND: GET /session/6eb241deac570073510706dc7280b28b/screenshot - {}
RESULT: {}
COMMAND: POST /session/6eb241deac570073510706dc7280b28b/element - {"using":"xpath","value":"//span[contains(@id ,\"contractItemsSmartTable-header-inner\")]"}
RESULT: {"using":"xpath","value":"//span[contains(@id ,\"contractItemsSmartTable-header-inner\")]"}
COMMAND: POST /session/6eb241deac570073510706dc7280b28b/elements - {"using":"xpath","value":"//span[contains(@id ,\"contractItemsSmartTable-header-inner\")]"}
RESULT: {"using":"xpath","value":"//span[contains(@id ,\"contractItemsSmartTable-header-inner\")]"}
COMMAND: POST /session/6eb241deac570073510706dc7280b28b/execute/sync - {"script":"<script> [56 bytes]","args":[{"element-6066-11e4-a52e-4f735466cecf":"f.451C0D83FD0E10390ED4567275622C99.d.177323DAFC1D6C600FEC71AE8EEC9521.e.5307","ELEMENT":"f.451C0D83FD0E10390ED4567275622C99.d.177323DAFC1D6C600FEC71AE8EEC9521.e.5307"}]}
RESULT: {"script":"<script> [56 bytes]","args":[{"element-6066-11e4-a52e-4f735466cecf":"f.451C0D83FD0E10390ED4567275622C99.d.177323DAFC1D6C600FEC71AE8EEC9521.e.5307","ELEMENT":"f.451C0D83FD0E10390ED4567275622C99.d.177323DAFC1D6C600FEC71AE8EEC9521.e.5307"}]}
COMMAND: GET /session/6eb241deac570073510706dc7280b28b/screenshot - {}
]]></system-out>
    </testcase>
    <testcase classname="chrome.135_0_7049_115.windows.Billing_confirm_US117289" name="Should do a provide to site handover" time="63.699">
      <system-out><![CDATA[
COMMAND: POST /session/6eb241deac570073510706dc7280b28b/element - {"using":"xpath","value":"//button[@data-kt=\"provideButton\"]"}
RESULT: {}
RESULT: {"using":"xpath","value":"//button[@data-kt=\"provideButton\"]"}
COMMAND: POST /session/6eb241deac570073510706dc7280b28b/element/f.451C0D83FD0E10390ED4567275622C99.d.177323DAFC1D6C600FEC71AE8EEC9521.e.5308/click - {}
RESULT: {}
COMMAND: GET /session/6eb241deac570073510706dc7280b28b/screenshot - {}
RESULT: undefined
COMMAND: POST /session/6eb241deac570073510706dc7280b28b/execute/async - {"script":"<script> [6424 bytes]","args":[{"element-6066-11e4-a52e-4f735466cecf":"f.451C0D83FD0E10390ED4567275622C99.d.177323DAFC1D6C600FEC71AE8EEC9521.e.4336"},"setValue",["05/06/2025"]]}
RESULT: {}
COMMAND: POST /session/6eb241deac570073510706dc7280b28b/execute/async - {"script":"<script> [1562 bytes]","args":[{"selector":{"id":"application-managehandovers-display-component---AddNewHO--dueDate","interaction":{"idSuffix":"inner"}},"wdio_ui5_key":"applicationmanagehandovers-display-component---AddNewHO--dueDate"}]}
RESULT: {"script":"<script> [1562 bytes]","args":[{"selector":{"id":"application-managehandovers-display-component---AddNewHO--dueDate","interaction":{"idSuffix":"inner"}},"wdio_ui5_key":"applicationmanagehandovers-display-component---AddNewHO--dueDate"}]}
COMMAND: POST /session/6eb241deac570073510706dc7280b28b/execute/async - {"script":"<script> [6424 bytes]","args":[{"element-6066-11e4-a52e-4f735466cecf":"f.451C0D83FD0E10390ED4567275622C99.d.177323DAFC1D6C600FEC71AE8EEC9521.e.5371"},"setValue",["05/06/2025"]]}
RESULT: {"script":"<script> [6424 bytes]","args":[{"element-6066-11e4-a52e-4f735466cecf":"f.451C0D83FD0E10390ED4567275622C99.d.177323DAFC1D6C600FEC71AE8EEC9521.e.5371"},"setValue",["05/06/2025"]]}
COMMAND: POST /session/6eb241deac570073510706dc7280b28b/element - {"using":"xpath","value":"//bdi[contains(text(), \"Instructions\")]"}
RESULT: {"using":"xpath","value":"//bdi[contains(text(), \"Instructions\")]"}
COMMAND: POST /session/6eb241deac570073510706dc7280b28b/element/f.451C0D83FD0E10390ED4567275622C99.d.177323DAFC1D6C600FEC71AE8EEC9521.e.5590/click - {}
RESULT: {}
COMMAND: GET /session/6eb241deac570073510706dc7280b28b/screenshot - {}
RESULT: {}
COMMAND: POST /session/6eb241deac570073510706dc7280b28b/element - {"using":"xpath","value":"//button[@data-kt=\"AddNewHOProvideAddItemsButton\"]"}
RESULT: {"using":"xpath","value":"//button[@data-kt=\"AddNewHOProvideAddItemsButton\"]"}
COMMAND: POST /session/6eb241deac570073510706dc7280b28b/element/f.451C0D83FD0E10390ED4567275622C99.d.177323DAFC1D6C600FEC71AE8EEC9521.e.5594/click - {}
RESULT: {}
COMMAND: GET /session/6eb241deac570073510706dc7280b28b/screenshot - {}
RESULT: {}
RESULT: undefined
COMMAND: POST /session/6eb241deac570073510706dc7280b28b/element - {"using":"xpath","value":"//*[@id=\"application-managehandovers-display-component---AddNewHO--popup-sa\"]"}
RESULT: {"using":"xpath","value":"//*[@id=\"application-managehandovers-display-component---AddNewHO--popup-sa\"]"}
COMMAND: POST /session/6eb241deac570073510706dc7280b28b/element/f.451C0D83FD0E10390ED4567275622C99.d.177323DAFC1D6C600FEC71AE8EEC9521.e.5604/click - {}
RESULT: {}
COMMAND: GET /session/6eb241deac570073510706dc7280b28b/screenshot - {}
RESULT: {}
COMMAND: POST /session/6eb241deac570073510706dc7280b28b/element - {"using":"xpath","value":"//*[contains(@id ,\"BDI-content\")][contains(text(), \"Select\")]"}
RESULT: {"using":"xpath","value":"//*[contains(@id ,\"BDI-content\")][contains(text(), \"Select\")]"}
COMMAND: POST /session/6eb241deac570073510706dc7280b28b/element/f.451C0D83FD0E10390ED4567275622C99.d.177323DAFC1D6C600FEC71AE8EEC9521.e.5605/click - {}
RESULT: {}
COMMAND: GET /session/6eb241deac570073510706dc7280b28b/screenshot - {}
RESULT: {}
COMMAND: POST /session/6eb241deac570073510706dc7280b28b/execute/async - {"script":"<script> [1562 bytes]","args":[{"selector":{"id":"application-managehandovers-display-component---AddNewHO--confirmCreationButton","interaction":{"idSuffix":"BDI-content"}},"wdio_ui5_key":"applicationmanagehandovers-display-component---AddNewHO--confirmCreationButton"}]}
RESULT: {"script":"<script> [1562 bytes]","args":[{"selector":{"id":"application-managehandovers-display-component---AddNewHO--confirmCreationButton","interaction":{"idSuffix":"BDI-content"}},"wdio_ui5_key":"applicationmanagehandovers-display-component---AddNewHO--confirmCreationButton"}]}
RESULT: undefined
COMMAND: POST /session/6eb241deac570073510706dc7280b28b/element - {"using":"xpath","value":"//*[@id=\"application-managehandovers-display-component---AddNewHO--confirmCreationButton\"]"}
RESULT: {"using":"xpath","value":"//*[@id=\"application-managehandovers-display-component---AddNewHO--confirmCreationButton\"]"}
COMMAND: POST /session/6eb241deac570073510706dc7280b28b/element/f.451C0D83FD0E10390ED4567275622C99.d.177323DAFC1D6C600FEC71AE8EEC9521.e.5397/click - {}
RESULT: {}
COMMAND: GET /session/6eb241deac570073510706dc7280b28b/screenshot - {}
COMMAND: POST /session/6eb241deac570073510706dc7280b28b/element - {"using":"xpath","value":"//button[@data-kt=\"PickingTableConfirmAllButton\"]"}
RESULT: {}
RESULT: {"using":"xpath","value":"//button[@data-kt=\"PickingTableConfirmAllButton\"]"}
COMMAND: POST /session/6eb241deac570073510706dc7280b28b/elements - {"using":"xpath","value":"//button[@data-kt=\"PickingTableConfirmAllButton\"]"}
RESULT: {"using":"xpath","value":"//button[@data-kt=\"PickingTableConfirmAllButton\"]"}
COMMAND: POST /session/6eb241deac570073510706dc7280b28b/elements - {"using":"xpath","value":"//button[@data-kt=\"PickingTableConfirmAllButton\"]"}
RESULT: {"using":"xpath","value":"//button[@data-kt=\"PickingTableConfirmAllButton\"]"}
COMMAND: POST /session/6eb241deac570073510706dc7280b28b/element - {"using":"xpath","value":"//button[@data-kt=\"PickingTableConfirmAllButton\"]"}
RESULT: {"using":"xpath","value":"//button[@data-kt=\"PickingTableConfirmAllButton\"]"}
COMMAND: POST /session/6eb241deac570073510706dc7280b28b/element/f.451C0D83FD0E10390ED4567275622C99.d.177323DAFC1D6C600FEC71AE8EEC9521.e.5660/click - {}
COMMAND: POST /session/6eb241deac570073510706dc7280b28b/element - {"using":"xpath","value":"//button[@data-kt=\"PickingTableConfirmAllButton\"]"}
RESULT: {"using":"xpath","value":"//button[@data-kt=\"PickingTableConfirmAllButton\"]"}
COMMAND: POST /session/6eb241deac570073510706dc7280b28b/element/f.451C0D83FD0E10390ED4567275622C99.d.177323DAFC1D6C600FEC71AE8EEC9521.e.5660/click - {}
COMMAND: POST /session/6eb241deac570073510706dc7280b28b/element - {"using":"xpath","value":"//button[@data-kt=\"PickingTableConfirmAllButton\"]"}
RESULT: {"using":"xpath","value":"//button[@data-kt=\"PickingTableConfirmAllButton\"]"}
COMMAND: POST /session/6eb241deac570073510706dc7280b28b/element/f.451C0D83FD0E10390ED4567275622C99.d.177323DAFC1D6C600FEC71AE8EEC9521.e.5682/click - {}
RESULT: {}
COMMAND: GET /session/6eb241deac570073510706dc7280b28b/screenshot - {}
RESULT: {}
COMMAND: POST /session/6eb241deac570073510706dc7280b28b/element - {"using":"xpath","value":"//bdi[contains(text(), \"OK\")]"}
RESULT: {"using":"xpath","value":"//bdi[contains(text(), \"OK\")]"}
COMMAND: POST /session/6eb241deac570073510706dc7280b28b/element/f.451C0D83FD0E10390ED4567275622C99.d.177323DAFC1D6C600FEC71AE8EEC9521.e.5685/click - {}
RESULT: {}
COMMAND: GET /session/6eb241deac570073510706dc7280b28b/screenshot - {}
RESULT: {}
COMMAND: POST /session/6eb241deac570073510706dc7280b28b/element - {"using":"xpath","value":"//bdi[contains(text(), \"Issue\")]"}
RESULT: {"using":"xpath","value":"//bdi[contains(text(), \"Issue\")]"}
COMMAND: POST /session/6eb241deac570073510706dc7280b28b/element/f.451C0D83FD0E10390ED4567275622C99.d.177323DAFC1D6C600FEC71AE8EEC9521.e.5686/click - {}
RESULT: {}
COMMAND: GET /session/6eb241deac570073510706dc7280b28b/screenshot - {}
RESULT: {}
COMMAND: POST /session/6eb241deac570073510706dc7280b28b/element - {"using":"css selector","value":"#shell-header-logo"}
RESULT: {"using":"css selector","value":"#shell-header-logo"}
COMMAND: POST /session/6eb241deac570073510706dc7280b28b/element/f.451C0D83FD0E10390ED4567275622C99.d.177323DAFC1D6C600FEC71AE8EEC9521.e.4747/click - {}
RESULT: {}
COMMAND: GET /session/6eb241deac570073510706dc7280b28b/screenshot - {}
RESULT: {}
]]></system-out>
    </testcase>
    <testcase classname="chrome.135_0_7049_115.windows.Billing_confirm_US117289" name="Should trigger calculation" time="83.321">
      <system-out><![CDATA[
COMMAND: POST /session/6eb241deac570073510706dc7280b28b/execute/async - {"script":"<script> [1562 bytes]","args":[{"selector":{"controlType":"sap.m.GenericTile","properties":{"header":"Manage Billings"}},"wdio_ui5_key":"sapm.GenericTile{\"header\":\"Manage Billings\"}"}]}
RESULT: {"script":"<script> [1562 bytes]","args":[{"selector":{"controlType":"sap.m.GenericTile","properties":{"header":"Manage Billings"}},"wdio_ui5_key":"sapm.GenericTile{\"header\":\"Manage Billings\"}"}]}
RESULT: undefined
COMMAND: POST /session/6eb241deac570073510706dc7280b28b/element - {"using":"xpath","value":"//*[@id=\"__tile51\"]"}
RESULT: {"using":"xpath","value":"//*[@id=\"__tile51\"]"}
COMMAND: POST /session/6eb241deac570073510706dc7280b28b/element/f.451C0D83FD0E10390ED4567275622C99.d.177323DAFC1D6C600FEC71AE8EEC9521.e.204/click - {}
RESULT: {}
COMMAND: GET /session/6eb241deac570073510706dc7280b28b/screenshot - {}
RESULT: {}
COMMAND: POST /session/6eb241deac570073510706dc7280b28b/execute/async - {"script":"<script> [1562 bytes]","args":[{"selector":{"id":"application-managebillings-display-component---billRunCalcResult--smartFilterBar-btnBasicSearch","interaction":{"idSuffix":"I"}},"wdio_ui5_key":"applicationmanagebillings-display-component---billRunCalcResult--smartFilterBar-btnBasicSearch"}]}
RESULT: {"script":"<script> [1562 bytes]","args":[{"selector":{"id":"application-managebillings-display-component---billRunCalcResult--smartFilterBar-btnBasicSearch","interaction":{"idSuffix":"I"}},"wdio_ui5_key":"applicationmanagebillings-display-component---billRunCalcResult--smartFilterBar-btnBasicSearch"}]}
RESULT: undefined
COMMAND: POST /session/6eb241deac570073510706dc7280b28b/execute/async - {"script":"<script> [776 bytes]","args":[{"enterText":"10591","selector":{"id":"application-managebillings-display-component---billRunCalcResult--smartFilterBar-btnBasicSearch","interaction":{"idSuffix":"I"}},"clearTextFirst":true,"interactionType":"ENTER_TEXT"}]}
RESULT: {"script":"<script> [776 bytes]","args":[{"enterText":"10591","selector":{"id":"application-managebillings-display-component---billRunCalcResult--smartFilterBar-btnBasicSearch","interaction":{"idSuffix":"I"}},"clearTextFirst":true,"interactionType":"ENTER_TEXT"}]}
COMMAND: POST /session/6eb241deac570073510706dc7280b28b/actions - {"actions":[{"id":"action19","type":"key","parameters":{},"actions":[{"type":"keyDown","value":"î€‡"},{"type":"pause","duration":10},{"type":"keyUp","value":"î€‡"}]}]}
RESULT: {"actions":[{"id":"action19","type":"key","parameters":{},"actions":[{"type":"keyDown","value":"î€‡"},{"type":"pause","duration":10},{"type":"keyUp","value":"î€‡"}]}]}
COMMAND: GET /session/6eb241deac570073510706dc7280b28b/screenshot - {}
RESULT: {}
COMMAND: POST /session/6eb241deac570073510706dc7280b28b/element - {"using":"xpath","value":"//td[@aria-colindex=\"1\"]/div/div[contains(@class, \"sapMCbBg\")]"}
RESULT: {"using":"xpath","value":"//td[@aria-colindex=\"1\"]/div/div[contains(@class, \"sapMCbBg\")]"}
COMMAND: POST /session/6eb241deac570073510706dc7280b28b/element/f.451C0D83FD0E10390ED4567275622C99.d.177323DAFC1D6C600FEC71AE8EEC9521.e.6263/click - {}
RESULT: {}
COMMAND: GET /session/6eb241deac570073510706dc7280b28b/screenshot - {}
RESULT: {}
COMMAND: POST /session/6eb241deac570073510706dc7280b28b/execute/async - {"script":"<script> [1562 bytes]","args":[{"selector":{"id":"application-managebillings-display-component---billRunCalcResult--contractBillRunDate","interaction":{"idSuffix":"inner"}},"wdio_ui5_key":"applicationmanagebillings-display-component---billRunCalcResult--contractBillRunDate"}]}
RESULT: {"script":"<script> [1562 bytes]","args":[{"selector":{"id":"application-managebillings-display-component---billRunCalcResult--contractBillRunDate","interaction":{"idSuffix":"inner"}},"wdio_ui5_key":"applicationmanagebillings-display-component---billRunCalcResult--contractBillRunDate"}]}
RESULT: undefined
COMMAND: POST /session/6eb241deac570073510706dc7280b28b/execute/async - {"script":"<script> [776 bytes]","args":[{"enterText":"06/06/25","selector":{"id":"application-managebillings-display-component---billRunCalcResult--contractBillRunDate","interaction":{"idSuffix":"inner"}},"clearTextFirst":true,"interactionType":"ENTER_TEXT"}]}
RESULT: {"script":"<script> [776 bytes]","args":[{"enterText":"06/06/25","selector":{"id":"application-managebillings-display-component---billRunCalcResult--contractBillRunDate","interaction":{"idSuffix":"inner"}},"clearTextFirst":true,"interactionType":"ENTER_TEXT"}]}
COMMAND: POST /session/6eb241deac570073510706dc7280b28b/element - {"using":"xpath","value":"//bdi[contains(text(), \"Trigger Calculation\")]"}
RESULT: {"using":"xpath","value":"//bdi[contains(text(), \"Trigger Calculation\")]"}
COMMAND: POST /session/6eb241deac570073510706dc7280b28b/element/f.451C0D83FD0E10390ED4567275622C99.d.177323DAFC1D6C600FEC71AE8EEC9521.e.6315/click - {}
RESULT: {}
COMMAND: GET /session/6eb241deac570073510706dc7280b28b/screenshot - {}
RESULT: {}
COMMAND: POST /session/6eb241deac570073510706dc7280b28b/element - {"using":"xpath","value":"(//span[contains(@id, \"imgNav\")])[1]"}
RESULT: {"using":"xpath","value":"(//span[contains(@id, \"imgNav\")])[1]"}
COMMAND: POST /session/6eb241deac570073510706dc7280b28b/element/f.451C0D83FD0E10390ED4567275622C99.d.177323DAFC1D6C600FEC71AE8EEC9521.e.6264/click - {}
RESULT: {}
COMMAND: GET /session/6eb241deac570073510706dc7280b28b/screenshot - {}
RESULT: {}
COMMAND: POST /session/6eb241deac570073510706dc7280b28b/element - {"using":"xpath","value":"//tr/td[6]/div[1]/span[1]/span[1]"}
RESULT: {"using":"xpath","value":"//tr/td[6]/div[1]/span[1]/span[1]"}
COMMAND: GET /session/6eb241deac570073510706dc7280b28b/element/f.451C0D83FD0E10390ED4567275622C99.d.177323DAFC1D6C600FEC71AE8EEC9521.e.6321/text - {}
RESULT: {}
COMMAND: POST /session/6eb241deac570073510706dc7280b28b/element - {"using":"xpath","value":"(//span[contains(@id, \"imgNav\")])[2]"}
RESULT: {"using":"xpath","value":"(//span[contains(@id, \"imgNav\")])[2]"}
COMMAND: POST /session/6eb241deac570073510706dc7280b28b/element/f.451C0D83FD0E10390ED4567275622C99.d.177323DAFC1D6C600FEC71AE8EEC9521.e.6322/click - {}
RESULT: {}
COMMAND: GET /session/6eb241deac570073510706dc7280b28b/screenshot - {}
RESULT: {}
COMMAND: POST /session/6eb241deac570073510706dc7280b28b/element - {"using":"xpath","value":"//bdi[contains(text(), \"Business Confirm\")]"}
RESULT: {"using":"xpath","value":"//bdi[contains(text(), \"Business Confirm\")]"}
COMMAND: POST /session/6eb241deac570073510706dc7280b28b/element/f.451C0D83FD0E10390ED4567275622C99.d.177323DAFC1D6C600FEC71AE8EEC9521.e.6374/click - {}
RESULT: {}
COMMAND: GET /session/6eb241deac570073510706dc7280b28b/screenshot - {}
RESULT: {}
COMMAND: POST /session/6eb241deac570073510706dc7280b28b/element - {"using":"xpath","value":"//bdi[contains(text(), \"Business Confirmed\")]"}
RESULT: {"using":"xpath","value":"//bdi[contains(text(), \"Business Confirmed\")]"}
COMMAND: POST /session/6eb241deac570073510706dc7280b28b/execute/sync - {"script":"<script> [56 bytes]","args":[{"element-6066-11e4-a52e-4f735466cecf":"f.451C0D83FD0E10390ED4567275622C99.d.177323DAFC1D6C600FEC71AE8EEC9521.e.6374","ELEMENT":"f.451C0D83FD0E10390ED4567275622C99.d.177323DAFC1D6C600FEC71AE8EEC9521.e.6374"}]}
RESULT: {"script":"<script> [56 bytes]","args":[{"element-6066-11e4-a52e-4f735466cecf":"f.451C0D83FD0E10390ED4567275622C99.d.177323DAFC1D6C600FEC71AE8EEC9521.e.6374","ELEMENT":"f.451C0D83FD0E10390ED4567275622C99.d.177323DAFC1D6C600FEC71AE8EEC9521.e.6374"}]}
COMMAND: POST /session/6eb241deac570073510706dc7280b28b/element - {"using":"css selector","value":"#shell-header-logo"}
COMMAND: GET /session/6eb241deac570073510706dc7280b28b/screenshot - {}
RESULT: {"using":"css selector","value":"#shell-header-logo"}
COMMAND: POST /session/6eb241deac570073510706dc7280b28b/element/f.451C0D83FD0E10390ED4567275622C99.d.177323DAFC1D6C600FEC71AE8EEC9521.e.6047/click - {}
RESULT: {}
RESULT: {}
COMMAND: GET /session/6eb241deac570073510706dc7280b28b/screenshot - {}
RESULT: {}
COMMAND: POST /session/6eb241deac570073510706dc7280b28b/element - {"using":"css selector","value":"#j_username"}
COMMAND: POST /session/6eb241deac570073510706dc7280b28b/url - {"url":"https://qa-testing-00-live-etm-ui.cfapps.eu10-004.hana.ondemand.com/"}
RESULT: {"using":"css selector","value":"#j_username"}
COMMAND: POST /session/6eb241deac570073510706dc7280b28b/element - {"using":"css selector","value":"#j_username"}
RESULT: {"url":"https://qa-testing-00-live-etm-ui.cfapps.eu10-004.hana.ondemand.com/"}
RESULT: undefined
COMMAND: GET /session/6eb241deac570073510706dc7280b28b/screenshot - {}
RESULT: {"using":"css selector","value":"#j_username"}
COMMAND: POST /session/6eb241deac570073510706dc7280b28b/element - {"using":"css selector","value":"#shell-header-logo"}
RESULT: {}
RESULT: {"using":"css selector","value":"#shell-header-logo"}
COMMAND: POST /session/6eb241deac570073510706dc7280b28b/execute/sync - {"script":"<script> [8489 bytes]","args":[{"element-6066-11e4-a52e-4f735466cecf":"f.451C0D83FD0E10390ED4567275622C99.d.2DFE9B96A5324A872B9DFB22007CDE4C.e.6397","ELEMENT":"f.451C0D83FD0E10390ED4567275622C99.d.2DFE9B96A5324A872B9DFB22007CDE4C.e.6397"}]}
RESULT: {"script":"<script> [8489 bytes]","args":[{"element-6066-11e4-a52e-4f735466cecf":"f.451C0D83FD0E10390ED4567275622C99.d.2DFE9B96A5324A872B9DFB22007CDE4C.e.6397","ELEMENT":"f.451C0D83FD0E10390ED4567275622C99.d.2DFE9B96A5324A872B9DFB22007CDE4C.e.6397"}]}
COMMAND: POST /session/6eb241deac570073510706dc7280b28b/element - {"using":"css selector","value":"#shell-header-logo"}
COMMAND: GET /session/6eb241deac570073510706dc7280b28b/screenshot - {}
RESULT: {"using":"css selector","value":"#shell-header-logo"}
COMMAND: POST /session/6eb241deac570073510706dc7280b28b/execute/sync - {"script":"<script> [8489 bytes]","args":[{"element-6066-11e4-a52e-4f735466cecf":"f.451C0D83FD0E10390ED4567275622C99.d.2DFE9B96A5324A872B9DFB22007CDE4C.e.6397","ELEMENT":"f.451C0D83FD0E10390ED4567275622C99.d.2DFE9B96A5324A872B9DFB22007CDE4C.e.6397"}]}
RESULT: {}
RESULT: {"script":"<script> [8489 bytes]","args":[{"element-6066-11e4-a52e-4f735466cecf":"f.451C0D83FD0E10390ED4567275622C99.d.2DFE9B96A5324A872B9DFB22007CDE4C.e.6397","ELEMENT":"f.451C0D83FD0E10390ED4567275622C99.d.2DFE9B96A5324A872B9DFB22007CDE4C.e.6397"}]}
COMMAND: POST /session/6eb241deac570073510706dc7280b28b/execute/sync - {"script":"<script> [5351 bytes]","args":[{"element-6066-11e4-a52e-4f735466cecf":"f.451C0D83FD0E10390ED4567275622C99.d.2DFE9B96A5324A872B9DFB22007CDE4C.e.6397","ELEMENT":"f.451C0D83FD0E10390ED4567275622C99.d.2DFE9B96A5324A872B9DFB22007CDE4C.e.6397"}]}
COMMAND: GET /session/6eb241deac570073510706dc7280b28b/screenshot - {}
RESULT: {"script":"<script> [5351 bytes]","args":[{"element-6066-11e4-a52e-4f735466cecf":"f.451C0D83FD0E10390ED4567275622C99.d.2DFE9B96A5324A872B9DFB22007CDE4C.e.6397","ELEMENT":"f.451C0D83FD0E10390ED4567275622C99.d.2DFE9B96A5324A872B9DFB22007CDE4C.e.6397"}]}
COMMAND: POST /session/6eb241deac570073510706dc7280b28b/element - {"using":"css selector","value":"#shell-header-logo"}
COMMAND: GET /session/6eb241deac570073510706dc7280b28b/screenshot - {}
RESULT: {}
RESULT: {"using":"css selector","value":"#shell-header-logo"}
COMMAND: POST /session/6eb241deac570073510706dc7280b28b/element/f.451C0D83FD0E10390ED4567275622C99.d.2DFE9B96A5324A872B9DFB22007CDE4C.e.6397/click - {}
RESULT: {}
RESULT: {}
COMMAND: GET /session/6eb241deac570073510706dc7280b28b/screenshot - {}
RESULT: {}
COMMAND: POST /session/6eb241deac570073510706dc7280b28b/execute/async - {"script":"<script> [189 bytes]","args":[]}
RESULT: {"script":"<script> [189 bytes]","args":[]}
COMMAND: POST /session/6eb241deac570073510706dc7280b28b/execute/async - {"script":"<script> [123 bytes]","args":[]}
RESULT: {"script":"<script> [123 bytes]","args":[]}
COMMAND: POST /session/6eb241deac570073510706dc7280b28b/timeouts - {"script":"<number>"}
RESULT: {"script":"<number>"}
COMMAND: GET /session/6eb241deac570073510706dc7280b28b/timeouts - {}
RESULT: {}
RESULT: undefined
COMMAND: POST /session/6eb241deac570073510706dc7280b28b/execute/async - {"script":"<script> [2676 bytes]","args":[]}
RESULT: {"script":"<script> [2676 bytes]","args":[]}
COMMAND: POST /session/6eb241deac570073510706dc7280b28b/execute/async - {"script":"<script> [2342 bytes]","args":[{"protocol":"http","hostname":"0.0.0.0","path":"/","capabilities":{"browserName":"chrome","goog:chromeOptions":{"binary":"C:\\Program Files\\Google\\Chrome\\Application\\chrome.exe","args":["--start-maximized"]}},"logLevel":"warn","connectionRetryTimeout":120000,"connectionRetryCount":3,"logLevels":{},"enableDirectConnect":true,"strictSSL":true,"_":"65 more keys: [\"cacheDir\",\"port\",\"requestedCapabilities\",\"automationProtocol\",\"baseUrl\",\"waitforInterval\",\"waitforTimeout\",\"onReload\",\"beforeCommand\",\"afterCommand\",\"rootDir\",\"specs\",\"suites\",\"exclude\",\"groupLogsByTestSpec\",\"excludeDriverLogs\",\"bail\",\"framework\",\"reporters\",\"services\",\"maxInstances\",\"maxInstancesPerCapability\",\"injectGlobals\",\"filesToWatch\",\"execArgv\",\"runnerEnv\",\"runner\",\"shard\",\"specFileRetries\",\"specFileRetriesDelay\",\"specFileRetriesDeferred\",\"reporterSyncInterval\",\"reporterSyncTimeout\",\"cucumberFeaturesWithLineNumbers\",\"autoCompileOpts\",\"mochaOpts\",\"jasmineOpts\",\"cucumberOpts\",\"onPrepare\",\"onWorkerStart\",\"onWorkerEnd\",\"before\",\"beforeSession\",\"beforeSuite\",\"beforeHook\",\"beforeTest\",\"afterTest\",\"afterHook\",\"afterSuite\",\"afterSession\",\"after\",\"onComplete\",\"beforeAssertion\",\"afterAssertion\",\"beforeFeature\",\"beforeScenario\",\"beforeStep\",\"afterStep\",\"afterScenario\",\"afterFeature\",\"_\",\"suite\",\"$0\",\"ignoredWorkerServices\",\"wdi5\"]"}]}
RESULT: {"script":"<script> [2342 bytes]","args":[{"protocol":"http","hostname":"0.0.0.0","path":"/","capabilities":{"browserName":"chrome","goog:chromeOptions":{"binary":"C:\\Program Files\\Google\\Chrome\\Application\\chrome.exe","args":["--start-maximized"]}},"logLevel":"warn","connectionRetryTimeout":120000,"connectionRetryCount":3,"logLevels":{},"enableDirectConnect":true,"strictSSL":true,"_":"65 more keys: [\"cacheDir\",\"port\",\"requestedCapabilities\",\"automationProtocol\",\"baseUrl\",\"waitforInterval\",\"waitforTimeout\",\"onReload\",\"beforeCommand\",\"afterCommand\",\"rootDir\",\"specs\",\"suites\",\"exclude\",\"groupLogsByTestSpec\",\"excludeDriverLogs\",\"bail\",\"framework\",\"reporters\",\"services\",\"maxInstances\",\"maxInstancesPerCapability\",\"injectGlobals\",\"filesToWatch\",\"execArgv\",\"runnerEnv\",\"runner\",\"shard\",\"specFileRetries\",\"specFileRetriesDelay\",\"specFileRetriesDeferred\",\"reporterSyncInterval\",\"reporterSyncTimeout\",\"cucumberFeaturesWithLineNumbers\",\"autoCompileOpts\",\"mochaOpts\",\"jasmineOpts\",\"cucumberOpts\",\"onPrepare\",\"onWorkerStart\",\"onWorkerEnd\",\"before\",\"beforeSession\",\"beforeSuite\",\"beforeHook\",\"beforeTest\",\"afterTest\",\"afterHook\",\"afterSuite\",\"afterSession\",\"after\",\"onComplete\",\"beforeAssertion\",\"afterAssertion\",\"beforeFeature\",\"beforeScenario\",\"beforeStep\",\"afterStep\",\"afterScenario\",\"afterFeature\",\"_\",\"suite\",\"$0\",\"ignoredWorkerServices\",\"wdi5\"]"}]}
COMMAND: POST /session/6eb241deac570073510706dc7280b28b/execute/async - {"script":"<script> [21126 bytes]","args":[35000]}
RESULT: {"script":"<script> [21126 bytes]","args":[35000]}
COMMAND: POST /session/6eb241deac570073510706dc7280b28b/window/maximize - {}
RESULT: {}
COMMAND: POST /session/6eb241deac570073510706dc7280b28b/execute/async - {"script":"<script> [1562 bytes]","args":[{"selector":{"id":"shell-header","interaction":{"idSuffix":"icon"}},"wdio_ui5_key":"shellheader"}]}
COMMAND: GET /session/6eb241deac570073510706dc7280b28b/screenshot - {}
RESULT: {"script":"<script> [1562 bytes]","args":[{"selector":{"id":"shell-header","interaction":{"idSuffix":"icon"}},"wdio_ui5_key":"shellheader"}]}
RESULT: undefined
COMMAND: POST /session/6eb241deac570073510706dc7280b28b/refresh - {}
RESULT: {}
RESULT: {}
COMMAND: GET /session/6eb241deac570073510706dc7280b28b/screenshot - {}
RESULT: {}
COMMAND: POST /session/6eb241deac570073510706dc7280b28b/refresh - {}
RESULT: {}
COMMAND: GET /session/6eb241deac570073510706dc7280b28b/screenshot - {}
RESULT: {}
COMMAND: POST /session/6eb241deac570073510706dc7280b28b/window/fullscreen - {}
RESULT: {}
COMMAND: POST /session/6eb241deac570073510706dc7280b28b/execute/async - {"script":"<script> [189 bytes]","args":[]}
RESULT: {"script":"<script> [189 bytes]","args":[]}
COMMAND: POST /session/6eb241deac570073510706dc7280b28b/execute/async - {"script":"<script> [123 bytes]","args":[]}
RESULT: {"script":"<script> [123 bytes]","args":[]}
COMMAND: POST /session/6eb241deac570073510706dc7280b28b/timeouts - {"script":"<number>"}
RESULT: {"script":"<number>"}
COMMAND: GET /session/6eb241deac570073510706dc7280b28b/timeouts - {}
RESULT: {}
RESULT: undefined
COMMAND: POST /session/6eb241deac570073510706dc7280b28b/execute/async - {"script":"<script> [2676 bytes]","args":[]}
RESULT: {"script":"<script> [2676 bytes]","args":[]}
COMMAND: POST /session/6eb241deac570073510706dc7280b28b/execute/async - {"script":"<script> [2342 bytes]","args":[{"protocol":"http","hostname":"0.0.0.0","path":"/","capabilities":{"browserName":"chrome","goog:chromeOptions":{"binary":"C:\\Program Files\\Google\\Chrome\\Application\\chrome.exe","args":["--start-maximized"]}},"logLevel":"warn","connectionRetryTimeout":120000,"connectionRetryCount":3,"logLevels":{},"enableDirectConnect":true,"strictSSL":true,"_":"65 more keys: [\"cacheDir\",\"port\",\"requestedCapabilities\",\"automationProtocol\",\"baseUrl\",\"waitforInterval\",\"waitforTimeout\",\"onReload\",\"beforeCommand\",\"afterCommand\",\"rootDir\",\"specs\",\"suites\",\"exclude\",\"groupLogsByTestSpec\",\"excludeDriverLogs\",\"bail\",\"framework\",\"reporters\",\"services\",\"maxInstances\",\"maxInstancesPerCapability\",\"injectGlobals\",\"filesToWatch\",\"execArgv\",\"runnerEnv\",\"runner\",\"shard\",\"specFileRetries\",\"specFileRetriesDelay\",\"specFileRetriesDeferred\",\"reporterSyncInterval\",\"reporterSyncTimeout\",\"cucumberFeaturesWithLineNumbers\",\"autoCompileOpts\",\"mochaOpts\",\"jasmineOpts\",\"cucumberOpts\",\"onPrepare\",\"onWorkerStart\",\"onWorkerEnd\",\"before\",\"beforeSession\",\"beforeSuite\",\"beforeHook\",\"beforeTest\",\"afterTest\",\"afterHook\",\"afterSuite\",\"afterSession\",\"after\",\"onComplete\",\"beforeAssertion\",\"afterAssertion\",\"beforeFeature\",\"beforeScenario\",\"beforeStep\",\"afterStep\",\"afterScenario\",\"afterFeature\",\"_\",\"suite\",\"$0\",\"ignoredWorkerServices\",\"wdi5\"]"}]}
RESULT: {"script":"<script> [2342 bytes]","args":[{"protocol":"http","hostname":"0.0.0.0","path":"/","capabilities":{"browserName":"chrome","goog:chromeOptions":{"binary":"C:\\Program Files\\Google\\Chrome\\Application\\chrome.exe","args":["--start-maximized"]}},"logLevel":"warn","connectionRetryTimeout":120000,"connectionRetryCount":3,"logLevels":{},"enableDirectConnect":true,"strictSSL":true,"_":"65 more keys: [\"cacheDir\",\"port\",\"requestedCapabilities\",\"automationProtocol\",\"baseUrl\",\"waitforInterval\",\"waitforTimeout\",\"onReload\",\"beforeCommand\",\"afterCommand\",\"rootDir\",\"specs\",\"suites\",\"exclude\",\"groupLogsByTestSpec\",\"excludeDriverLogs\",\"bail\",\"framework\",\"reporters\",\"services\",\"maxInstances\",\"maxInstancesPerCapability\",\"injectGlobals\",\"filesToWatch\",\"execArgv\",\"runnerEnv\",\"runner\",\"shard\",\"specFileRetries\",\"specFileRetriesDelay\",\"specFileRetriesDeferred\",\"reporterSyncInterval\",\"reporterSyncTimeout\",\"cucumberFeaturesWithLineNumbers\",\"autoCompileOpts\",\"mochaOpts\",\"jasmineOpts\",\"cucumberOpts\",\"onPrepare\",\"onWorkerStart\",\"onWorkerEnd\",\"before\",\"beforeSession\",\"beforeSuite\",\"beforeHook\",\"beforeTest\",\"afterTest\",\"afterHook\",\"afterSuite\",\"afterSession\",\"after\",\"onComplete\",\"beforeAssertion\",\"afterAssertion\",\"beforeFeature\",\"beforeScenario\",\"beforeStep\",\"afterStep\",\"afterScenario\",\"afterFeature\",\"_\",\"suite\",\"$0\",\"ignoredWorkerServices\",\"wdi5\"]"}]}
COMMAND: POST /session/6eb241deac570073510706dc7280b28b/execute/async - {"script":"<script> [21126 bytes]","args":[35000]}
RESULT: {"script":"<script> [21126 bytes]","args":[35000]}
]]></system-out>
    </testcase>
  </testsuite>
  <testsuite timestamp="2025-05-06T17:33:22" time="1469.885" tests="14" failures="1" errors="1" skipped="0">
    <properties>
      <property name="specId" value="0" />
      <property name="suiteName" value="Create master data for mixed billing &amp; do billing calculation US151661" />
      <property name="capabilities" value="chrome.135_0_7049_115.windows" />
      <property name="file" value="file:///D:/a/1/s/test/specs/BTS/billing-calculation-mixed.spec.js" />
    </properties>
    <testcase classname="chrome.135_0_7049_115.windows.Create_master_data_for_mixed_billing_&amp;_do_billing_calculation_US151661" name="Should create a new yard" time="141.864">
      <system-out><![CDATA[
COMMAND: POST /session/6eb241deac570073510706dc7280b28b/window/fullscreen - {}
RESULT: {}
COMMAND: POST /session/6eb241deac570073510706dc7280b28b/execute/async - {"script":"<script> [1562 bytes]","args":[{"selector":{"controlType":"sap.m.GenericTile","properties":{"header":"Manage Yards"}},"wdio_ui5_key":"sapm.GenericTile{\"header\":\"Manage Yards\"}"}]}
RESULT: {"script":"<script> [1562 bytes]","args":[{"selector":{"controlType":"sap.m.GenericTile","properties":{"header":"Manage Yards"}},"wdio_ui5_key":"sapm.GenericTile{\"header\":\"Manage Yards\"}"}]}
RESULT: undefined
COMMAND: POST /session/6eb241deac570073510706dc7280b28b/element - {"using":"xpath","value":"//*[@id=\"__tile41\"]"}
RESULT: {"using":"xpath","value":"//*[@id=\"__tile41\"]"}
COMMAND: POST /session/6eb241deac570073510706dc7280b28b/element/f.451C0D83FD0E10390ED4567275622C99.d.0647AD9C0CA8D671E7FCB57FD03AFABF.e.6555/click - {}
RESULT: {}
COMMAND: POST /session/6eb241deac570073510706dc7280b28b/element - {"using":"xpath","value":"//button[@data-kt=\"addNewYardOverflowToolbarButton\"]"}
COMMAND: GET /session/6eb241deac570073510706dc7280b28b/screenshot - {}
RESULT: {"using":"xpath","value":"//button[@data-kt=\"addNewYardOverflowToolbarButton\"]"}
COMMAND: POST /session/6eb241deac570073510706dc7280b28b/elements - {"using":"xpath","value":"//button[@data-kt=\"addNewYardOverflowToolbarButton\"]"}
RESULT: {}
RESULT: {"using":"xpath","value":"//button[@data-kt=\"addNewYardOverflowToolbarButton\"]"}
COMMAND: POST /session/6eb241deac570073510706dc7280b28b/elements - {"using":"xpath","value":"//button[@data-kt=\"addNewYardOverflowToolbarButton\"]"}
RESULT: {"using":"xpath","value":"//button[@data-kt=\"addNewYardOverflowToolbarButton\"]"}
COMMAND: POST /session/6eb241deac570073510706dc7280b28b/elements - {"using":"xpath","value":"//button[@data-kt=\"addNewYardOverflowToolbarButton\"]"}
RESULT: {"using":"xpath","value":"//button[@data-kt=\"addNewYardOverflowToolbarButton\"]"}
COMMAND: POST /session/6eb241deac570073510706dc7280b28b/elements - {"using":"xpath","value":"//button[@data-kt=\"addNewYardOverflowToolbarButton\"]"}
RESULT: {"using":"xpath","value":"//button[@data-kt=\"addNewYardOverflowToolbarButton\"]"}
COMMAND: POST /session/6eb241deac570073510706dc7280b28b/elements - {"using":"xpath","value":"//button[@data-kt=\"addNewYardOverflowToolbarButton\"]"}
RESULT: {"using":"xpath","value":"//button[@data-kt=\"addNewYardOverflowToolbarButton\"]"}
COMMAND: POST /session/6eb241deac570073510706dc7280b28b/element - {"using":"xpath","value":"//button[@data-kt=\"addNewYardOverflowToolbarButton\"]"}
RESULT: {"using":"xpath","value":"//button[@data-kt=\"addNewYardOverflowToolbarButton\"]"}
COMMAND: POST /session/6eb241deac570073510706dc7280b28b/execute/sync - {"script":"<script> [8489 bytes]","args":[{"element-6066-11e4-a52e-4f735466cecf":"f.451C0D83FD0E10390ED4567275622C99.d.0647AD9C0CA8D671E7FCB57FD03AFABF.e.6704","ELEMENT":"f.451C0D83FD0E10390ED4567275622C99.d.0647AD9C0CA8D671E7FCB57FD03AFABF.e.6704"}]}
RESULT: {"script":"<script> [8489 bytes]","args":[{"element-6066-11e4-a52e-4f735466cecf":"f.451C0D83FD0E10390ED4567275622C99.d.0647AD9C0CA8D671E7FCB57FD03AFABF.e.6704","ELEMENT":"f.451C0D83FD0E10390ED4567275622C99.d.0647AD9C0CA8D671E7FCB57FD03AFABF.e.6704"}]}
COMMAND: GET /session/6eb241deac570073510706dc7280b28b/element/f.451C0D83FD0E10390ED4567275622C99.d.0647AD9C0CA8D671E7FCB57FD03AFABF.e.6704/enabled - {}
COMMAND: GET /session/6eb241deac570073510706dc7280b28b/screenshot - {}
RESULT: {}
COMMAND: POST /session/6eb241deac570073510706dc7280b28b/execute/sync - {"script":"<script> [8489 bytes]","args":[{"element-6066-11e4-a52e-4f735466cecf":"f.451C0D83FD0E10390ED4567275622C99.d.0647AD9C0CA8D671E7FCB57FD03AFABF.e.6704","ELEMENT":"f.451C0D83FD0E10390ED4567275622C99.d.0647AD9C0CA8D671E7FCB57FD03AFABF.e.6704"}]}
COMMAND: GET /session/6eb241deac570073510706dc7280b28b/screenshot - {}
RESULT: {}
RESULT: {"script":"<script> [8489 bytes]","args":[{"element-6066-11e4-a52e-4f735466cecf":"f.451C0D83FD0E10390ED4567275622C99.d.0647AD9C0CA8D671E7FCB57FD03AFABF.e.6704","ELEMENT":"f.451C0D83FD0E10390ED4567275622C99.d.0647AD9C0CA8D671E7FCB57FD03AFABF.e.6704"}]}
COMMAND: POST /session/6eb241deac570073510706dc7280b28b/execute/sync - {"script":"<script> [5351 bytes]","args":[{"element-6066-11e4-a52e-4f735466cecf":"f.451C0D83FD0E10390ED4567275622C99.d.0647AD9C0CA8D671E7FCB57FD03AFABF.e.6704","ELEMENT":"f.451C0D83FD0E10390ED4567275622C99.d.0647AD9C0CA8D671E7FCB57FD03AFABF.e.6704"}]}
RESULT: {}
COMMAND: GET /session/6eb241deac570073510706dc7280b28b/screenshot - {}
RESULT: {"script":"<script> [5351 bytes]","args":[{"element-6066-11e4-a52e-4f735466cecf":"f.451C0D83FD0E10390ED4567275622C99.d.0647AD9C0CA8D671E7FCB57FD03AFABF.e.6704","ELEMENT":"f.451C0D83FD0E10390ED4567275622C99.d.0647AD9C0CA8D671E7FCB57FD03AFABF.e.6704"}]}
COMMAND: POST /session/6eb241deac570073510706dc7280b28b/element/f.451C0D83FD0E10390ED4567275622C99.d.0647AD9C0CA8D671E7FCB57FD03AFABF.e.6704/click - {}
COMMAND: GET /session/6eb241deac570073510706dc7280b28b/screenshot - {}
RESULT: {}
RESULT: {}
COMMAND: GET /session/6eb241deac570073510706dc7280b28b/screenshot - {}
RESULT: {}
COMMAND: POST /session/6eb241deac570073510706dc7280b28b/element - {"using":"xpath","value":"//input[@id=\"application-manageyards-display-component---NewYard--yardId-inner\"]"}
RESULT: {}
RESULT: {"using":"xpath","value":"//input[@id=\"application-manageyards-display-component---NewYard--yardId-inner\"]"}
COMMAND: POST /session/6eb241deac570073510706dc7280b28b/element - {"using":"xpath","value":"//input[@id=\"application-manageyards-display-component---NewYard--yardId-inner\"]"}
RESULT: {"using":"xpath","value":"//input[@id=\"application-manageyards-display-component---NewYard--yardId-inner\"]"}
COMMAND: POST /session/6eb241deac570073510706dc7280b28b/execute/async - {"script":"<script> [1562 bytes]","args":[{"selector":{"id":"application-manageyards-display-component---NewYard--addressDetailDetailsName1","interaction":{"idSuffix":"inner"}},"wdio_ui5_key":"applicationmanageyards-display-component---NewYard--addressDetailDetailsName1"}]}
RESULT: {"script":"<script> [1562 bytes]","args":[{"selector":{"id":"application-manageyards-display-component---NewYard--addressDetailDetailsName1","interaction":{"idSuffix":"inner"}},"wdio_ui5_key":"applicationmanageyards-display-component---NewYard--addressDetailDetailsName1"}]}
RESULT: undefined
COMMAND: POST /session/6eb241deac570073510706dc7280b28b/execute/async - {"script":"<script> [776 bytes]","args":[{"enterText":"Intercompany Yard wdIO","selector":{"id":"application-manageyards-display-component---NewYard--addressDetailDetailsName1","interaction":{"idSuffix":"inner"}},"clearTextFirst":true,"interactionType":"ENTER_TEXT"}]}
RESULT: {"script":"<script> [776 bytes]","args":[{"enterText":"Intercompany Yard wdIO","selector":{"id":"application-manageyards-display-component---NewYard--addressDetailDetailsName1","interaction":{"idSuffix":"inner"}},"clearTextFirst":true,"interactionType":"ENTER_TEXT"}]}
COMMAND: POST /session/6eb241deac570073510706dc7280b28b/execute/async - {"script":"<script> [1562 bytes]","args":[{"selector":{"id":"application-manageyards-display-component---NewYard--addressDetailDetailsLanguage-arrow"},"wdio_ui5_key":"applicationmanageyards-display-component---NewYard--addressDetailDetailsLanguage-arrow"}]}
RESULT: {"script":"<script> [1562 bytes]","args":[{"selector":{"id":"application-manageyards-display-component---NewYard--addressDetailDetailsLanguage-arrow"},"wdio_ui5_key":"applicationmanageyards-display-component---NewYard--addressDetailDetailsLanguage-arrow"}]}
RESULT: undefined
COMMAND: POST /session/6eb241deac570073510706dc7280b28b/element - {"using":"xpath","value":"//*[@id=\"application-manageyards-display-component---NewYard--addressDetailDetailsLanguage-arrow\"]"}
RESULT: {"using":"xpath","value":"//*[@id=\"application-manageyards-display-component---NewYard--addressDetailDetailsLanguage-arrow\"]"}
COMMAND: POST /session/6eb241deac570073510706dc7280b28b/element/f.451C0D83FD0E10390ED4567275622C99.d.0647AD9C0CA8D671E7FCB57FD03AFABF.e.7116/click - {}
RESULT: {}
COMMAND: POST /session/6eb241deac570073510706dc7280b28b/element - {"using":"xpath","value":"//span[contains(text(), \"English\")]"}
COMMAND: GET /session/6eb241deac570073510706dc7280b28b/screenshot - {}
RESULT: {"using":"xpath","value":"//span[contains(text(), \"English\")]"}
COMMAND: POST /session/6eb241deac570073510706dc7280b28b/element/f.451C0D83FD0E10390ED4567275622C99.d.0647AD9C0CA8D671E7FCB57FD03AFABF.e.7117/click - {}
RESULT: {}
RESULT: {}
COMMAND: POST /session/6eb241deac570073510706dc7280b28b/execute/async - {"script":"<script> [1562 bytes]","args":[{"selector":{"id":"application-manageyards-display-component---NewYard--addressDetailDetailsCity1","interaction":{"idSuffix":"inner"}},"wdio_ui5_key":"applicationmanageyards-display-component---NewYard--addressDetailDetailsCity1"}]}
COMMAND: GET /session/6eb241deac570073510706dc7280b28b/screenshot - {}
RESULT: {"script":"<script> [1562 bytes]","args":[{"selector":{"id":"application-manageyards-display-component---NewYard--addressDetailDetailsCity1","interaction":{"idSuffix":"inner"}},"wdio_ui5_key":"applicationmanageyards-display-component---NewYard--addressDetailDetailsCity1"}]}
RESULT: undefined
COMMAND: POST /session/6eb241deac570073510706dc7280b28b/execute/async - {"script":"<script> [776 bytes]","args":[{"enterText":"Rosario","selector":{"id":"application-manageyards-display-component---NewYard--addressDetailDetailsCity1","interaction":{"idSuffix":"inner"}},"clearTextFirst":true,"interactionType":"ENTER_TEXT"}]}
RESULT: {}
RESULT: {"script":"<script> [776 bytes]","args":[{"enterText":"Rosario","selector":{"id":"application-manageyards-display-component---NewYard--addressDetailDetailsCity1","interaction":{"idSuffix":"inner"}},"clearTextFirst":true,"interactionType":"ENTER_TEXT"}]}
COMMAND: POST /session/6eb241deac570073510706dc7280b28b/execute/async - {"script":"<script> [1562 bytes]","args":[{"selector":{"id":"application-manageyards-display-component---NewYard--addressDetailDetailsCountry-arrow"},"wdio_ui5_key":"applicationmanageyards-display-component---NewYard--addressDetailDetailsCountry-arrow"}]}
RESULT: {"script":"<script> [1562 bytes]","args":[{"selector":{"id":"application-manageyards-display-component---NewYard--addressDetailDetailsCountry-arrow"},"wdio_ui5_key":"applicationmanageyards-display-component---NewYard--addressDetailDetailsCountry-arrow"}]}
RESULT: undefined
COMMAND: POST /session/6eb241deac570073510706dc7280b28b/element - {"using":"xpath","value":"//*[@id=\"application-manageyards-display-component---NewYard--addressDetailDetailsCountry-arrow\"]"}
RESULT: {"using":"xpath","value":"//*[@id=\"application-manageyards-display-component---NewYard--addressDetailDetailsCountry-arrow\"]"}
COMMAND: POST /session/6eb241deac570073510706dc7280b28b/element/f.451C0D83FD0E10390ED4567275622C99.d.0647AD9C0CA8D671E7FCB57FD03AFABF.e.7119/click - {}
RESULT: {}
COMMAND: POST /session/6eb241deac570073510706dc7280b28b/element - {"using":"xpath","value":"//span[contains(text(), \"Argentina\")]"}
COMMAND: GET /session/6eb241deac570073510706dc7280b28b/screenshot - {}
RESULT: {"using":"xpath","value":"//span[contains(text(), \"Argentina\")]"}
COMMAND: POST /session/6eb241deac570073510706dc7280b28b/element/f.451C0D83FD0E10390ED4567275622C99.d.0647AD9C0CA8D671E7FCB57FD03AFABF.e.7121/click - {}
RESULT: {}
RESULT: {}
COMMAND: POST /session/6eb241deac570073510706dc7280b28b/execute/async - {"script":"<script> [1562 bytes]","args":[{"selector":{"id":"application-manageyards-display-component---NewYard--addressEditDetailsCostObjectCstType-arrow"},"wdio_ui5_key":"applicationmanageyards-display-component---NewYard--addressEditDetailsCostObjectCstType-arrow"}]}
COMMAND: GET /session/6eb241deac570073510706dc7280b28b/screenshot - {}
RESULT: {"script":"<script> [1562 bytes]","args":[{"selector":{"id":"application-manageyards-display-component---NewYard--addressEditDetailsCostObjectCstType-arrow"},"wdio_ui5_key":"applicationmanageyards-display-component---NewYard--addressEditDetailsCostObjectCstType-arrow"}]}
RESULT: undefined
COMMAND: POST /session/6eb241deac570073510706dc7280b28b/element - {"using":"xpath","value":"//*[@id=\"application-manageyards-display-component---NewYard--addressEditDetailsCostObjectCstType-arrow\"]"}
RESULT: {}
RESULT: {"using":"xpath","value":"//*[@id=\"application-manageyards-display-component---NewYard--addressEditDetailsCostObjectCstType-arrow\"]"}
COMMAND: POST /session/6eb241deac570073510706dc7280b28b/element/f.451C0D83FD0E10390ED4567275622C99.d.0647AD9C0CA8D671E7FCB57FD03AFABF.e.7122/click - {}
RESULT: {}
COMMAND: POST /session/6eb241deac570073510706dc7280b28b/element - {"using":"xpath","value":"//span[contains(text(), \"Cost Center\")]"}
COMMAND: GET /session/6eb241deac570073510706dc7280b28b/screenshot - {}
RESULT: {"using":"xpath","value":"//span[contains(text(), \"Cost Center\")]"}
COMMAND: POST /session/6eb241deac570073510706dc7280b28b/element/f.451C0D83FD0E10390ED4567275622C99.d.0647AD9C0CA8D671E7FCB57FD03AFABF.e.7123/click - {}
RESULT: {}
RESULT: {}
COMMAND: GET /session/6eb241deac570073510706dc7280b28b/screenshot - {}
RESULT: {}
COMMAND: POST /session/6eb241deac570073510706dc7280b28b/element - {"using":"xpath","value":"//span[@id=\"application-manageyards-display-component---NewYard--addressNewCostObjectCstID-vhi\"]"}
RESULT: {"using":"xpath","value":"//span[@id=\"application-manageyards-display-component---NewYard--addressNewCostObjectCstID-vhi\"]"}
COMMAND: POST /session/6eb241deac570073510706dc7280b28b/execute/sync - {"script":"<script> [8489 bytes]","args":[{"element-6066-11e4-a52e-4f735466cecf":"f.451C0D83FD0E10390ED4567275622C99.d.0647AD9C0CA8D671E7FCB57FD03AFABF.e.7127","ELEMENT":"f.451C0D83FD0E10390ED4567275622C99.d.0647AD9C0CA8D671E7FCB57FD03AFABF.e.7127"}]}
RESULT: {"script":"<script> [8489 bytes]","args":[{"element-6066-11e4-a52e-4f735466cecf":"f.451C0D83FD0E10390ED4567275622C99.d.0647AD9C0CA8D671E7FCB57FD03AFABF.e.7127","ELEMENT":"f.451C0D83FD0E10390ED4567275622C99.d.0647AD9C0CA8D671E7FCB57FD03AFABF.e.7127"}]}
COMMAND: POST /session/6eb241deac570073510706dc7280b28b/execute/async - {"script":"<script> [1562 bytes]","args":[{"selector":{"id":"application-manageyards-display-component---NewYard--addressNewCostObjectCstID-vhi"},"wdio_ui5_key":"applicationmanageyards-display-component---NewYard--addressNewCostObjectCstID-vhi"}]}
COMMAND: GET /session/6eb241deac570073510706dc7280b28b/screenshot - {}
RESULT: {"script":"<script> [1562 bytes]","args":[{"selector":{"id":"application-manageyards-display-component---NewYard--addressNewCostObjectCstID-vhi"},"wdio_ui5_key":"applicationmanageyards-display-component---NewYard--addressNewCostObjectCstID-vhi"}]}
RESULT: undefined
COMMAND: POST /session/6eb241deac570073510706dc7280b28b/element - {"using":"xpath","value":"//*[@id=\"application-manageyards-display-component---NewYard--addressNewCostObjectCstID-vhi\"]"}
RESULT: {}
RESULT: {"using":"xpath","value":"//*[@id=\"application-manageyards-display-component---NewYard--addressNewCostObjectCstID-vhi\"]"}
COMMAND: POST /session/6eb241deac570073510706dc7280b28b/element/f.451C0D83FD0E10390ED4567275622C99.d.0647AD9C0CA8D671E7FCB57FD03AFABF.e.7127/click - {}
RESULT: {}
COMMAND: GET /session/6eb241deac570073510706dc7280b28b/screenshot - {}
RESULT: {}
COMMAND: POST /session/6eb241deac570073510706dc7280b28b/execute/async - {"script":"<script> [1562 bytes]","args":[{"selector":{"controlType":"sap.m.SearchField","properties":{"placeholder":"Search"},"searchOpenDialogs":true,"interaction":{"idSuffix":"I"}},"wdio_ui5_key":"sapm.SearchField{\"placeholder\":\"Search\"}"}]}
RESULT: {"script":"<script> [1562 bytes]","args":[{"selector":{"controlType":"sap.m.SearchField","properties":{"placeholder":"Search"},"searchOpenDialogs":true,"interaction":{"idSuffix":"I"}},"wdio_ui5_key":"sapm.SearchField{\"placeholder\":\"Search\"}"}]}
RESULT: undefined
COMMAND: POST /session/6eb241deac570073510706dc7280b28b/execute/async - {"script":"<script> [776 bytes]","args":[{"enterText":"10001013","selector":{"controlType":"sap.m.SearchField","properties":{"placeholder":"Search"},"searchOpenDialogs":true,"interaction":{"idSuffix":"I"}},"clearTextFirst":true,"interactionType":"ENTER_TEXT"}]}
RESULT: {"script":"<script> [776 bytes]","args":[{"enterText":"10001013","selector":{"controlType":"sap.m.SearchField","properties":{"placeholder":"Search"},"searchOpenDialogs":true,"interaction":{"idSuffix":"I"}},"clearTextFirst":true,"interactionType":"ENTER_TEXT"}]}
COMMAND: POST /session/6eb241deac570073510706dc7280b28b/actions - {"actions":[{"id":"action20","type":"key","parameters":{},"actions":[{"type":"keyDown","value":"î€‡"},{"type":"pause","duration":10},{"type":"keyUp","value":"î€‡"}]}]}
RESULT: {"actions":[{"id":"action20","type":"key","parameters":{},"actions":[{"type":"keyDown","value":"î€‡"},{"type":"pause","duration":10},{"type":"keyUp","value":"î€‡"}]}]}
COMMAND: GET /session/6eb241deac570073510706dc7280b28b/screenshot - {}
RESULT: {}
COMMAND: POST /session/6eb241deac570073510706dc7280b28b/element - {"using":"xpath","value":"//span[contains(text(), \"General Management\")]"}
RESULT: {"using":"xpath","value":"//span[contains(text(), \"General Management\")]"}
COMMAND: POST /session/6eb241deac570073510706dc7280b28b/element/f.451C0D83FD0E10390ED4567275622C99.d.0647AD9C0CA8D671E7FCB57FD03AFABF.e.7167/click - {}
RESULT: {}
COMMAND: GET /session/6eb241deac570073510706dc7280b28b/screenshot - {}
RESULT: {}
COMMAND: POST /session/6eb241deac570073510706dc7280b28b/element - {"using":"xpath","value":"//bdi[contains(text(), \"OK\")]"}
RESULT: {"using":"xpath","value":"//bdi[contains(text(), \"OK\")]"}
COMMAND: POST /session/6eb241deac570073510706dc7280b28b/element/f.451C0D83FD0E10390ED4567275622C99.d.0647AD9C0CA8D671E7FCB57FD03AFABF.e.7168/click - {}
RESULT: {}
COMMAND: GET /session/6eb241deac570073510706dc7280b28b/screenshot - {}
RESULT: {}
COMMAND: POST /session/6eb241deac570073510706dc7280b28b/execute/async - {"script":"<script> [1562 bytes]","args":[{"selector":{"id":"application-manageyards-display-component---NewYard--addressEditDetailsCurrency-arrow"},"wdio_ui5_key":"applicationmanageyards-display-component---NewYard--addressEditDetailsCurrency-arrow"}]}
RESULT: {"script":"<script> [1562 bytes]","args":[{"selector":{"id":"application-manageyards-display-component---NewYard--addressEditDetailsCurrency-arrow"},"wdio_ui5_key":"applicationmanageyards-display-component---NewYard--addressEditDetailsCurrency-arrow"}]}
RESULT: undefined
COMMAND: POST /session/6eb241deac570073510706dc7280b28b/element - {"using":"xpath","value":"//*[@id=\"application-manageyards-display-component---NewYard--addressEditDetailsCurrency-arrow\"]"}
RESULT: {"using":"xpath","value":"//*[@id=\"application-manageyards-display-component---NewYard--addressEditDetailsCurrency-arrow\"]"}
COMMAND: POST /session/6eb241deac570073510706dc7280b28b/element/f.451C0D83FD0E10390ED4567275622C99.d.0647AD9C0CA8D671E7FCB57FD03AFABF.e.7171/click - {}
RESULT: {}
COMMAND: POST /session/6eb241deac570073510706dc7280b28b/element - {"using":"xpath","value":"//span[contains(text(), \"Euro\")]"}
COMMAND: GET /session/6eb241deac570073510706dc7280b28b/screenshot - {}
RESULT: {}
RESULT: {"using":"xpath","value":"//span[contains(text(), \"Euro\")]"}
COMMAND: POST /session/6eb241deac570073510706dc7280b28b/element/f.451C0D83FD0E10390ED4567275622C99.d.0647AD9C0CA8D671E7FCB57FD03AFABF.e.7172/click - {}
RESULT: {}
COMMAND: POST /session/6eb241deac570073510706dc7280b28b/execute/async - {"script":"<script> [1562 bytes]","args":[{"selector":{"controlType":"sap.m.Input","viewName":"etm.portal.ui.manageyards.view.New","viewId":"application-manageyards-display-component---NewYard","bindingPath":{"path":"","propertyPath":"/CONTROLLING_AREA","modelName":"NewYardModel"},"interaction":{"idSuffix":"inner"}},"wdio_ui5_key":"etmportal.ui.manageyards.view.Newsap.m.Input{\"path\":\"\",\"propertyPath\":\"/CONTROLLING_AREA\",\"modelName\":\"NewYardModel\"}"}]}
COMMAND: GET /session/6eb241deac570073510706dc7280b28b/screenshot - {}
RESULT: {"script":"<script> [1562 bytes]","args":[{"selector":{"controlType":"sap.m.Input","viewName":"etm.portal.ui.manageyards.view.New","viewId":"application-manageyards-display-component---NewYard","bindingPath":{"path":"","propertyPath":"/CONTROLLING_AREA","modelName":"NewYardModel"},"interaction":{"idSuffix":"inner"}},"wdio_ui5_key":"etmportal.ui.manageyards.view.Newsap.m.Input{\"path\":\"\",\"propertyPath\":\"/CONTROLLING_AREA\",\"modelName\":\"NewYardModel\"}"}]}
RESULT: undefined
COMMAND: POST /session/6eb241deac570073510706dc7280b28b/execute/async - {"script":"<script> [776 bytes]","args":[{"enterText":"Z001","selector":{"controlType":"sap.m.Input","viewName":"etm.portal.ui.manageyards.view.New","viewId":"application-manageyards-display-component---NewYard","bindingPath":{"path":"","propertyPath":"/CONTROLLING_AREA","modelName":"NewYardModel"},"interaction":{"idSuffix":"inner"}},"clearTextFirst":true,"interactionType":"ENTER_TEXT"}]}
RESULT: {}
RESULT: {"script":"<script> [776 bytes]","args":[{"enterText":"Z001","selector":{"controlType":"sap.m.Input","viewName":"etm.portal.ui.manageyards.view.New","viewId":"application-manageyards-display-component---NewYard","bindingPath":{"path":"","propertyPath":"/CONTROLLING_AREA","modelName":"NewYardModel"},"interaction":{"idSuffix":"inner"}},"clearTextFirst":true,"interactionType":"ENTER_TEXT"}]}
COMMAND: POST /session/6eb241deac570073510706dc7280b28b/execute/async - {"script":"<script> [1562 bytes]","args":[{"selector":{"id":"application-manageyards-display-component---NewYard--companyCodeComboBox","interaction":{"idSuffix":"inner"}},"wdio_ui5_key":"applicationmanageyards-display-component---NewYard--companyCodeComboBox"}]}
RESULT: {"script":"<script> [1562 bytes]","args":[{"selector":{"id":"application-manageyards-display-component---NewYard--companyCodeComboBox","interaction":{"idSuffix":"inner"}},"wdio_ui5_key":"applicationmanageyards-display-component---NewYard--companyCodeComboBox"}]}
RESULT: undefined
COMMAND: POST /session/6eb241deac570073510706dc7280b28b/execute/async - {"script":"<script> [776 bytes]","args":[{"enterText":"1000","selector":{"id":"application-manageyards-display-component---NewYard--companyCodeComboBox","interaction":{"idSuffix":"inner"}},"clearTextFirst":true,"interactionType":"ENTER_TEXT"}]}
RESULT: {"script":"<script> [776 bytes]","args":[{"enterText":"1000","selector":{"id":"application-manageyards-display-component---NewYard--companyCodeComboBox","interaction":{"idSuffix":"inner"}},"clearTextFirst":true,"interactionType":"ENTER_TEXT"}]}
COMMAND: POST /session/6eb241deac570073510706dc7280b28b/execute/async - {"script":"<script> [1562 bytes]","args":[{"selector":{"controlType":"sap.m.Input","viewName":"etm.portal.ui.manageyards.view.New","viewId":"application-manageyards-display-component---NewYard","bindingPath":{"path":"","propertyPath":"/PLANT","modelName":"NewYardModel"},"interaction":{"idSuffix":"inner"}},"wdio_ui5_key":"etmportal.ui.manageyards.view.Newsap.m.Input{\"path\":\"\",\"propertyPath\":\"/PLANT\",\"modelName\":\"NewYardModel\"}"}]}
RESULT: {"script":"<script> [1562 bytes]","args":[{"selector":{"controlType":"sap.m.Input","viewName":"etm.portal.ui.manageyards.view.New","viewId":"application-manageyards-display-component---NewYard","bindingPath":{"path":"","propertyPath":"/PLANT","modelName":"NewYardModel"},"interaction":{"idSuffix":"inner"}},"wdio_ui5_key":"etmportal.ui.manageyards.view.Newsap.m.Input{\"path\":\"\",\"propertyPath\":\"/PLANT\",\"modelName\":\"NewYardModel\"}"}]}
RESULT: undefined
COMMAND: POST /session/6eb241deac570073510706dc7280b28b/execute/async - {"script":"<script> [776 bytes]","args":[{"enterText":"1001","selector":{"controlType":"sap.m.Input","viewName":"etm.portal.ui.manageyards.view.New","viewId":"application-manageyards-display-component---NewYard","bindingPath":{"path":"","propertyPath":"/PLANT","modelName":"NewYardModel"},"interaction":{"idSuffix":"inner"}},"clearTextFirst":true,"interactionType":"ENTER_TEXT"}]}
RESULT: {"script":"<script> [776 bytes]","args":[{"enterText":"1001","selector":{"controlType":"sap.m.Input","viewName":"etm.portal.ui.manageyards.view.New","viewId":"application-manageyards-display-component---NewYard","bindingPath":{"path":"","propertyPath":"/PLANT","modelName":"NewYardModel"},"interaction":{"idSuffix":"inner"}},"clearTextFirst":true,"interactionType":"ENTER_TEXT"}]}
COMMAND: POST /session/6eb241deac570073510706dc7280b28b/execute/async - {"script":"<script> [1562 bytes]","args":[{"selector":{"controlType":"sap.m.Input","viewName":"etm.portal.ui.manageyards.view.New","viewId":"application-manageyards-display-component---NewYard","bindingPath":{"path":"","propertyPath":"/SALES_AREA_VKORG","modelName":"NewYardModel"},"interaction":{"idSuffix":"inner"}},"wdio_ui5_key":"etmportal.ui.manageyards.view.Newsap.m.Input{\"path\":\"\",\"propertyPath\":\"/SALES_AREA_VKORG\",\"modelName\":\"NewYardModel\"}"}]}
RESULT: {"script":"<script> [1562 bytes]","args":[{"selector":{"controlType":"sap.m.Input","viewName":"etm.portal.ui.manageyards.view.New","viewId":"application-manageyards-display-component---NewYard","bindingPath":{"path":"","propertyPath":"/SALES_AREA_VKORG","modelName":"NewYardModel"},"interaction":{"idSuffix":"inner"}},"wdio_ui5_key":"etmportal.ui.manageyards.view.Newsap.m.Input{\"path\":\"\",\"propertyPath\":\"/SALES_AREA_VKORG\",\"modelName\":\"NewYardModel\"}"}]}
RESULT: undefined
COMMAND: POST /session/6eb241deac570073510706dc7280b28b/execute/async - {"script":"<script> [776 bytes]","args":[{"enterText":"C002","selector":{"controlType":"sap.m.Input","viewName":"etm.portal.ui.manageyards.view.New","viewId":"application-manageyards-display-component---NewYard","bindingPath":{"path":"","propertyPath":"/SALES_AREA_VKORG","modelName":"NewYardModel"},"interaction":{"idSuffix":"inner"}},"clearTextFirst":true,"interactionType":"ENTER_TEXT"}]}
RESULT: {"script":"<script> [776 bytes]","args":[{"enterText":"C002","selector":{"controlType":"sap.m.Input","viewName":"etm.portal.ui.manageyards.view.New","viewId":"application-manageyards-display-component---NewYard","bindingPath":{"path":"","propertyPath":"/SALES_AREA_VKORG","modelName":"NewYardModel"},"interaction":{"idSuffix":"inner"}},"clearTextFirst":true,"interactionType":"ENTER_TEXT"}]}
COMMAND: POST /session/6eb241deac570073510706dc7280b28b/execute/async - {"script":"<script> [1562 bytes]","args":[{"selector":{"controlType":"sap.m.Input","viewName":"etm.portal.ui.manageyards.view.New","viewId":"application-manageyards-display-component---NewYard","bindingPath":{"path":"","propertyPath":"/SALES_AREA_VTWEG","modelName":"NewYardModel"},"interaction":{"idSuffix":"inner"}},"wdio_ui5_key":"etmportal.ui.manageyards.view.Newsap.m.Input{\"path\":\"\",\"propertyPath\":\"/SALES_AREA_VTWEG\",\"modelName\":\"NewYardModel\"}"}]}
RESULT: {"script":"<script> [1562 bytes]","args":[{"selector":{"controlType":"sap.m.Input","viewName":"etm.portal.ui.manageyards.view.New","viewId":"application-manageyards-display-component---NewYard","bindingPath":{"path":"","propertyPath":"/SALES_AREA_VTWEG","modelName":"NewYardModel"},"interaction":{"idSuffix":"inner"}},"wdio_ui5_key":"etmportal.ui.manageyards.view.Newsap.m.Input{\"path\":\"\",\"propertyPath\":\"/SALES_AREA_VTWEG\",\"modelName\":\"NewYardModel\"}"}]}
RESULT: undefined
COMMAND: POST /session/6eb241deac570073510706dc7280b28b/execute/async - {"script":"<script> [776 bytes]","args":[{"enterText":"C2","selector":{"controlType":"sap.m.Input","viewName":"etm.portal.ui.manageyards.view.New","viewId":"application-manageyards-display-component---NewYard","bindingPath":{"path":"","propertyPath":"/SALES_AREA_VTWEG","modelName":"NewYardModel"},"interaction":{"idSuffix":"inner"}},"clearTextFirst":true,"interactionType":"ENTER_TEXT"}]}
RESULT: {"script":"<script> [776 bytes]","args":[{"enterText":"C2","selector":{"controlType":"sap.m.Input","viewName":"etm.portal.ui.manageyards.view.New","viewId":"application-manageyards-display-component---NewYard","bindingPath":{"path":"","propertyPath":"/SALES_AREA_VTWEG","modelName":"NewYardModel"},"interaction":{"idSuffix":"inner"}},"clearTextFirst":true,"interactionType":"ENTER_TEXT"}]}
COMMAND: POST /session/6eb241deac570073510706dc7280b28b/execute/async - {"script":"<script> [1562 bytes]","args":[{"selector":{"controlType":"sap.m.Input","viewName":"etm.portal.ui.manageyards.view.New","viewId":"application-manageyards-display-component---NewYard","bindingPath":{"path":"","propertyPath":"/SALES_AREA_SPART","modelName":"NewYardModel"},"interaction":{"idSuffix":"inner"}},"wdio_ui5_key":"etmportal.ui.manageyards.view.Newsap.m.Input{\"path\":\"\",\"propertyPath\":\"/SALES_AREA_SPART\",\"modelName\":\"NewYardModel\"}"}]}
RESULT: {"script":"<script> [1562 bytes]","args":[{"selector":{"controlType":"sap.m.Input","viewName":"etm.portal.ui.manageyards.view.New","viewId":"application-manageyards-display-component---NewYard","bindingPath":{"path":"","propertyPath":"/SALES_AREA_SPART","modelName":"NewYardModel"},"interaction":{"idSuffix":"inner"}},"wdio_ui5_key":"etmportal.ui.manageyards.view.Newsap.m.Input{\"path\":\"\",\"propertyPath\":\"/SALES_AREA_SPART\",\"modelName\":\"NewYardModel\"}"}]}
RESULT: undefined
COMMAND: POST /session/6eb241deac570073510706dc7280b28b/execute/async - {"script":"<script> [776 bytes]","args":[{"enterText":"C2","selector":{"controlType":"sap.m.Input","viewName":"etm.portal.ui.manageyards.view.New","viewId":"application-manageyards-display-component---NewYard","bindingPath":{"path":"","propertyPath":"/SALES_AREA_SPART","modelName":"NewYardModel"},"interaction":{"idSuffix":"inner"}},"clearTextFirst":true,"interactionType":"ENTER_TEXT"}]}
RESULT: {"script":"<script> [776 bytes]","args":[{"enterText":"C2","selector":{"controlType":"sap.m.Input","viewName":"etm.portal.ui.manageyards.view.New","viewId":"application-manageyards-display-component---NewYard","bindingPath":{"path":"","propertyPath":"/SALES_AREA_SPART","modelName":"NewYardModel"},"interaction":{"idSuffix":"inner"}},"clearTextFirst":true,"interactionType":"ENTER_TEXT"}]}
COMMAND: POST /session/6eb241deac570073510706dc7280b28b/execute/async - {"script":"<script> [1562 bytes]","args":[{"selector":{"controlType":"sap.m.Input","viewName":"etm.portal.ui.manageyards.view.New","viewId":"application-manageyards-display-component---NewYard","bindingPath":{"path":"","propertyPath":"/SHIP_POINT","modelName":"NewYardModel"},"interaction":{"idSuffix":"inner"}},"wdio_ui5_key":"etmportal.ui.manageyards.view.Newsap.m.Input{\"path\":\"\",\"propertyPath\":\"/SHIP_POINT\",\"modelName\":\"NewYardModel\"}"}]}
RESULT: {"script":"<script> [1562 bytes]","args":[{"selector":{"controlType":"sap.m.Input","viewName":"etm.portal.ui.manageyards.view.New","viewId":"application-manageyards-display-component---NewYard","bindingPath":{"path":"","propertyPath":"/SHIP_POINT","modelName":"NewYardModel"},"interaction":{"idSuffix":"inner"}},"wdio_ui5_key":"etmportal.ui.manageyards.view.Newsap.m.Input{\"path\":\"\",\"propertyPath\":\"/SHIP_POINT\",\"modelName\":\"NewYardModel\"}"}]}
RESULT: undefined
COMMAND: POST /session/6eb241deac570073510706dc7280b28b/execute/async - {"script":"<script> [776 bytes]","args":[{"enterText":"1710","selector":{"controlType":"sap.m.Input","viewName":"etm.portal.ui.manageyards.view.New","viewId":"application-manageyards-display-component---NewYard","bindingPath":{"path":"","propertyPath":"/SHIP_POINT","modelName":"NewYardModel"},"interaction":{"idSuffix":"inner"}},"clearTextFirst":true,"interactionType":"ENTER_TEXT"}]}
RESULT: {"script":"<script> [776 bytes]","args":[{"enterText":"1710","selector":{"controlType":"sap.m.Input","viewName":"etm.portal.ui.manageyards.view.New","viewId":"application-manageyards-display-component---NewYard","bindingPath":{"path":"","propertyPath":"/SHIP_POINT","modelName":"NewYardModel"},"interaction":{"idSuffix":"inner"}},"clearTextFirst":true,"interactionType":"ENTER_TEXT"}]}
COMMAND: POST /session/6eb241deac570073510706dc7280b28b/execute/async - {"script":"<script> [1562 bytes]","args":[{"selector":{"controlType":"sap.m.Input","viewName":"etm.portal.ui.manageyards.view.New","viewId":"application-manageyards-display-component---NewYard","bindingPath":{"path":"","propertyPath":"/DELIVERY_TYPE","modelName":"NewYardModel"},"interaction":{"idSuffix":"inner"}},"wdio_ui5_key":"etmportal.ui.manageyards.view.Newsap.m.Input{\"path\":\"\",\"propertyPath\":\"/DELIVERY_TYPE\",\"modelName\":\"NewYardModel\"}"}]}
RESULT: {"script":"<script> [1562 bytes]","args":[{"selector":{"controlType":"sap.m.Input","viewName":"etm.portal.ui.manageyards.view.New","viewId":"application-manageyards-display-component---NewYard","bindingPath":{"path":"","propertyPath":"/DELIVERY_TYPE","modelName":"NewYardModel"},"interaction":{"idSuffix":"inner"}},"wdio_ui5_key":"etmportal.ui.manageyards.view.Newsap.m.Input{\"path\":\"\",\"propertyPath\":\"/DELIVERY_TYPE\",\"modelName\":\"NewYardModel\"}"}]}
RESULT: undefined
COMMAND: POST /session/6eb241deac570073510706dc7280b28b/execute/async - {"script":"<script> [776 bytes]","args":[{"enterText":"ZL01","selector":{"controlType":"sap.m.Input","viewName":"etm.portal.ui.manageyards.view.New","viewId":"application-manageyards-display-component---NewYard","bindingPath":{"path":"","propertyPath":"/DELIVERY_TYPE","modelName":"NewYardModel"},"interaction":{"idSuffix":"inner"}},"clearTextFirst":true,"interactionType":"ENTER_TEXT"}]}
RESULT: {"script":"<script> [776 bytes]","args":[{"enterText":"ZL01","selector":{"controlType":"sap.m.Input","viewName":"etm.portal.ui.manageyards.view.New","viewId":"application-manageyards-display-component---NewYard","bindingPath":{"path":"","propertyPath":"/DELIVERY_TYPE","modelName":"NewYardModel"},"interaction":{"idSuffix":"inner"}},"clearTextFirst":true,"interactionType":"ENTER_TEXT"}]}
COMMAND: POST /session/6eb241deac570073510706dc7280b28b/execute/async - {"script":"<script> [1562 bytes]","args":[{"selector":{"controlType":"sap.m.Input","viewName":"etm.portal.ui.manageyards.view.New","viewId":"application-manageyards-display-component---NewYard","bindingPath":{"path":"","propertyPath":"/AUART","modelName":"NewYardModel"},"interaction":{"idSuffix":"inner"}},"wdio_ui5_key":"etmportal.ui.manageyards.view.Newsap.m.Input{\"path\":\"\",\"propertyPath\":\"/AUART\",\"modelName\":\"NewYardModel\"}"}]}
RESULT: {"script":"<script> [1562 bytes]","args":[{"selector":{"controlType":"sap.m.Input","viewName":"etm.portal.ui.manageyards.view.New","viewId":"application-manageyards-display-component---NewYard","bindingPath":{"path":"","propertyPath":"/AUART","modelName":"NewYardModel"},"interaction":{"idSuffix":"inner"}},"wdio_ui5_key":"etmportal.ui.manageyards.view.Newsap.m.Input{\"path\":\"\",\"propertyPath\":\"/AUART\",\"modelName\":\"NewYardModel\"}"}]}
RESULT: undefined
COMMAND: POST /session/6eb241deac570073510706dc7280b28b/execute/async - {"script":"<script> [776 bytes]","args":[{"enterText":"TA","selector":{"controlType":"sap.m.Input","viewName":"etm.portal.ui.manageyards.view.New","viewId":"application-manageyards-display-component---NewYard","bindingPath":{"path":"","propertyPath":"/AUART","modelName":"NewYardModel"},"interaction":{"idSuffix":"inner"}},"clearTextFirst":true,"interactionType":"ENTER_TEXT"}]}
RESULT: {"script":"<script> [776 bytes]","args":[{"enterText":"TA","selector":{"controlType":"sap.m.Input","viewName":"etm.portal.ui.manageyards.view.New","viewId":"application-manageyards-display-component---NewYard","bindingPath":{"path":"","propertyPath":"/AUART","modelName":"NewYardModel"},"interaction":{"idSuffix":"inner"}},"clearTextFirst":true,"interactionType":"ENTER_TEXT"}]}
COMMAND: POST /session/6eb241deac570073510706dc7280b28b/element - {"using":"xpath","value":"//button[@data-kt=\"newYardSaveButton\"]"}
RESULT: {"using":"xpath","value":"//button[@data-kt=\"newYardSaveButton\"]"}
COMMAND: POST /session/6eb241deac570073510706dc7280b28b/element/f.451C0D83FD0E10390ED4567275622C99.d.0647AD9C0CA8D671E7FCB57FD03AFABF.e.7099/click - {}
RESULT: {}
COMMAND: GET /session/6eb241deac570073510706dc7280b28b/screenshot - {}
COMMAND: POST /session/6eb241deac570073510706dc7280b28b/element - {"using":"xpath","value":"//header[contains(@id, 'ObjectPageLayout-headerTitle')]/div[1]/div[2]/div[1]/span[1]"}
RESULT: {}
RESULT: {"using":"xpath","value":"//header[contains(@id, 'ObjectPageLayout-headerTitle')]/div[1]/div[2]/div[1]/span[1]"}
COMMAND: POST /session/6eb241deac570073510706dc7280b28b/elements - {"using":"xpath","value":"//header[contains(@id, 'ObjectPageLayout-headerTitle')]/div[1]/div[2]/div[1]/span[1]"}
RESULT: {"using":"xpath","value":"//header[contains(@id, 'ObjectPageLayout-headerTitle')]/div[1]/div[2]/div[1]/span[1]"}
COMMAND: POST /session/6eb241deac570073510706dc7280b28b/execute/sync - {"script":"<script> [56 bytes]","args":[{"element-6066-11e4-a52e-4f735466cecf":"f.451C0D83FD0E10390ED4567275622C99.d.0647AD9C0CA8D671E7FCB57FD03AFABF.e.7395","ELEMENT":"f.451C0D83FD0E10390ED4567275622C99.d.0647AD9C0CA8D671E7FCB57FD03AFABF.e.7395"}]}
RESULT: {"script":"<script> [56 bytes]","args":[{"element-6066-11e4-a52e-4f735466cecf":"f.451C0D83FD0E10390ED4567275622C99.d.0647AD9C0CA8D671E7FCB57FD03AFABF.e.7395","ELEMENT":"f.451C0D83FD0E10390ED4567275622C99.d.0647AD9C0CA8D671E7FCB57FD03AFABF.e.7395"}]}
COMMAND: GET /session/6eb241deac570073510706dc7280b28b/screenshot - {}
RESULT: {}
COMMAND: POST /session/6eb241deac570073510706dc7280b28b/element - {"using":"css selector","value":"#shell-header-logo"}
RESULT: {"using":"css selector","value":"#shell-header-logo"}
COMMAND: POST /session/6eb241deac570073510706dc7280b28b/element/f.451C0D83FD0E10390ED4567275622C99.d.0647AD9C0CA8D671E7FCB57FD03AFABF.e.6661/click - {}
RESULT: {}
COMMAND: GET /session/6eb241deac570073510706dc7280b28b/screenshot - {}
RESULT: {}
COMMAND: POST /session/6eb241deac570073510706dc7280b28b/execute/sync - {"script":"<script> [299 bytes]","args":[["getModel","getResource"]]}
RESULT: {"script":"<script> [299 bytes]","args":[["getModel","getResource"]]}
COMMAND: GET /session/6eb241deac570073510706dc7280b28b/screenshot - {}
]]></system-out>
    </testcase>
    <testcase classname="chrome.135_0_7049_115.windows.Create_master_data_for_mixed_billing_&amp;_do_billing_calculation_US151661" name="Should create a new partner" time="132.909">
      <system-out><![CDATA[
COMMAND: POST /session/6eb241deac570073510706dc7280b28b/window/fullscreen - {}
RESULT: {}
COMMAND: POST /session/6eb241deac570073510706dc7280b28b/execute/async - {"script":"<script> [1562 bytes]","args":[{"selector":{"controlType":"sap.m.GenericTile","properties":{"header":"Manage Partners"}},"wdio_ui5_key":"sapm.GenericTile{\"header\":\"Manage Partners\"}"}]}
RESULT: {}
RESULT: {"script":"<script> [1562 bytes]","args":[{"selector":{"controlType":"sap.m.GenericTile","properties":{"header":"Manage Partners"}},"wdio_ui5_key":"sapm.GenericTile{\"header\":\"Manage Partners\"}"}]}
RESULT: undefined
COMMAND: POST /session/6eb241deac570073510706dc7280b28b/element - {"using":"xpath","value":"//*[@id=\"__tile38\"]"}
RESULT: {"using":"xpath","value":"//*[@id=\"__tile38\"]"}
COMMAND: POST /session/6eb241deac570073510706dc7280b28b/element/f.451C0D83FD0E10390ED4567275622C99.d.0647AD9C0CA8D671E7FCB57FD03AFABF.e.6546/click - {}
RESULT: {}
COMMAND: POST /session/6eb241deac570073510706dc7280b28b/element - {"using":"xpath","value":"//button[@data-kt=\"addButton\"]"}
COMMAND: GET /session/6eb241deac570073510706dc7280b28b/screenshot - {}
RESULT: {"using":"xpath","value":"//button[@data-kt=\"addButton\"]"}
COMMAND: POST /session/6eb241deac570073510706dc7280b28b/elements - {"using":"xpath","value":"//button[@data-kt=\"addButton\"]"}
RESULT: {}
RESULT: {"using":"xpath","value":"//button[@data-kt=\"addButton\"]"}
COMMAND: POST /session/6eb241deac570073510706dc7280b28b/elements - {"using":"xpath","value":"//button[@data-kt=\"addButton\"]"}
RESULT: {"using":"xpath","value":"//button[@data-kt=\"addButton\"]"}
COMMAND: POST /session/6eb241deac570073510706dc7280b28b/elements - {"using":"xpath","value":"//button[@data-kt=\"addButton\"]"}
RESULT: {"using":"xpath","value":"//button[@data-kt=\"addButton\"]"}
COMMAND: POST /session/6eb241deac570073510706dc7280b28b/elements - {"using":"xpath","value":"//button[@data-kt=\"addButton\"]"}
RESULT: {"using":"xpath","value":"//button[@data-kt=\"addButton\"]"}
COMMAND: POST /session/6eb241deac570073510706dc7280b28b/elements - {"using":"xpath","value":"//button[@data-kt=\"addButton\"]"}
RESULT: {"using":"xpath","value":"//button[@data-kt=\"addButton\"]"}
COMMAND: POST /session/6eb241deac570073510706dc7280b28b/elements - {"using":"xpath","value":"//button[@data-kt=\"addButton\"]"}
RESULT: {"using":"xpath","value":"//button[@data-kt=\"addButton\"]"}
COMMAND: POST /session/6eb241deac570073510706dc7280b28b/elements - {"using":"xpath","value":"//button[@data-kt=\"addButton\"]"}
RESULT: {"using":"xpath","value":"//button[@data-kt=\"addButton\"]"}
COMMAND: POST /session/6eb241deac570073510706dc7280b28b/elements - {"using":"xpath","value":"//button[@data-kt=\"addButton\"]"}
RESULT: {"using":"xpath","value":"//button[@data-kt=\"addButton\"]"}
COMMAND: POST /session/6eb241deac570073510706dc7280b28b/elements - {"using":"xpath","value":"//button[@data-kt=\"addButton\"]"}
RESULT: {"using":"xpath","value":"//button[@data-kt=\"addButton\"]"}
COMMAND: POST /session/6eb241deac570073510706dc7280b28b/elements - {"using":"xpath","value":"//button[@data-kt=\"addButton\"]"}
RESULT: {"using":"xpath","value":"//button[@data-kt=\"addButton\"]"}
COMMAND: POST /session/6eb241deac570073510706dc7280b28b/element - {"using":"xpath","value":"//button[@data-kt=\"addButton\"]"}
RESULT: {"using":"xpath","value":"//button[@data-kt=\"addButton\"]"}
COMMAND: POST /session/6eb241deac570073510706dc7280b28b/execute/sync - {"script":"<script> [8489 bytes]","args":[{"element-6066-11e4-a52e-4f735466cecf":"f.451C0D83FD0E10390ED4567275622C99.d.0647AD9C0CA8D671E7FCB57FD03AFABF.e.7434","ELEMENT":"f.451C0D83FD0E10390ED4567275622C99.d.0647AD9C0CA8D671E7FCB57FD03AFABF.e.7434"}]}
RESULT: {"script":"<script> [8489 bytes]","args":[{"element-6066-11e4-a52e-4f735466cecf":"f.451C0D83FD0E10390ED4567275622C99.d.0647AD9C0CA8D671E7FCB57FD03AFABF.e.7434","ELEMENT":"f.451C0D83FD0E10390ED4567275622C99.d.0647AD9C0CA8D671E7FCB57FD03AFABF.e.7434"}]}
COMMAND: GET /session/6eb241deac570073510706dc7280b28b/element/f.451C0D83FD0E10390ED4567275622C99.d.0647AD9C0CA8D671E7FCB57FD03AFABF.e.7434/enabled - {}
COMMAND: GET /session/6eb241deac570073510706dc7280b28b/screenshot - {}
RESULT: {}
COMMAND: POST /session/6eb241deac570073510706dc7280b28b/execute/sync - {"script":"<script> [8489 bytes]","args":[{"element-6066-11e4-a52e-4f735466cecf":"f.451C0D83FD0E10390ED4567275622C99.d.0647AD9C0CA8D671E7FCB57FD03AFABF.e.7434","ELEMENT":"f.451C0D83FD0E10390ED4567275622C99.d.0647AD9C0CA8D671E7FCB57FD03AFABF.e.7434"}]}
COMMAND: GET /session/6eb241deac570073510706dc7280b28b/screenshot - {}
RESULT: {}
RESULT: {"script":"<script> [8489 bytes]","args":[{"element-6066-11e4-a52e-4f735466cecf":"f.451C0D83FD0E10390ED4567275622C99.d.0647AD9C0CA8D671E7FCB57FD03AFABF.e.7434","ELEMENT":"f.451C0D83FD0E10390ED4567275622C99.d.0647AD9C0CA8D671E7FCB57FD03AFABF.e.7434"}]}
COMMAND: POST /session/6eb241deac570073510706dc7280b28b/execute/sync - {"script":"<script> [5351 bytes]","args":[{"element-6066-11e4-a52e-4f735466cecf":"f.451C0D83FD0E10390ED4567275622C99.d.0647AD9C0CA8D671E7FCB57FD03AFABF.e.7434","ELEMENT":"f.451C0D83FD0E10390ED4567275622C99.d.0647AD9C0CA8D671E7FCB57FD03AFABF.e.7434"}]}
COMMAND: GET /session/6eb241deac570073510706dc7280b28b/screenshot - {}
RESULT: {}
RESULT: {"script":"<script> [5351 bytes]","args":[{"element-6066-11e4-a52e-4f735466cecf":"f.451C0D83FD0E10390ED4567275622C99.d.0647AD9C0CA8D671E7FCB57FD03AFABF.e.7434","ELEMENT":"f.451C0D83FD0E10390ED4567275622C99.d.0647AD9C0CA8D671E7FCB57FD03AFABF.e.7434"}]}
COMMAND: POST /session/6eb241deac570073510706dc7280b28b/element/f.451C0D83FD0E10390ED4567275622C99.d.0647AD9C0CA8D671E7FCB57FD03AFABF.e.7434/click - {}
COMMAND: GET /session/6eb241deac570073510706dc7280b28b/screenshot - {}
RESULT: {}
RESULT: {}
COMMAND: GET /session/6eb241deac570073510706dc7280b28b/screenshot - {}
COMMAND: POST /session/6eb241deac570073510706dc7280b28b/execute/async - {"script":"<script> [1562 bytes]","args":[{"selector":{"id":"application-managepartners-display-component---NewPartner--addressDetailDetailsName1","interaction":{"idSuffix":"inner"}},"wdio_ui5_key":"applicationmanagepartners-display-component---NewPartner--addressDetailDetailsName1"}]}
RESULT: {}
RESULT: {}
RESULT: {"script":"<script> [1562 bytes]","args":[{"selector":{"id":"application-managepartners-display-component---NewPartner--addressDetailDetailsName1","interaction":{"idSuffix":"inner"}},"wdio_ui5_key":"applicationmanagepartners-display-component---NewPartner--addressDetailDetailsName1"}]}
RESULT: undefined
COMMAND: POST /session/6eb241deac570073510706dc7280b28b/execute/async - {"script":"<script> [776 bytes]","args":[{"enterText":"Intercompany Partner WDIO","selector":{"id":"application-managepartners-display-component---NewPartner--addressDetailDetailsName1","interaction":{"idSuffix":"inner"}},"clearTextFirst":true,"interactionType":"ENTER_TEXT"}]}
RESULT: {"script":"<script> [776 bytes]","args":[{"enterText":"Intercompany Partner WDIO","selector":{"id":"application-managepartners-display-component---NewPartner--addressDetailDetailsName1","interaction":{"idSuffix":"inner"}},"clearTextFirst":true,"interactionType":"ENTER_TEXT"}]}
COMMAND: POST /session/6eb241deac570073510706dc7280b28b/execute/async - {"script":"<script> [1562 bytes]","args":[{"selector":{"id":"application-managepartners-display-component---NewPartner--addressDetailDetailsLanguage-arrow"},"wdio_ui5_key":"applicationmanagepartners-display-component---NewPartner--addressDetailDetailsLanguage-arrow"}]}
RESULT: {"script":"<script> [1562 bytes]","args":[{"selector":{"id":"application-managepartners-display-component---NewPartner--addressDetailDetailsLanguage-arrow"},"wdio_ui5_key":"applicationmanagepartners-display-component---NewPartner--addressDetailDetailsLanguage-arrow"}]}
RESULT: undefined
COMMAND: POST /session/6eb241deac570073510706dc7280b28b/element - {"using":"xpath","value":"//*[@id=\"application-managepartners-display-component---NewPartner--addressDetailDetailsLanguage-arrow\"]"}
RESULT: {"using":"xpath","value":"//*[@id=\"application-managepartners-display-component---NewPartner--addressDetailDetailsLanguage-arrow\"]"}
COMMAND: POST /session/6eb241deac570073510706dc7280b28b/element/f.451C0D83FD0E10390ED4567275622C99.d.0647AD9C0CA8D671E7FCB57FD03AFABF.e.7878/click - {}
RESULT: {}
COMMAND: POST /session/6eb241deac570073510706dc7280b28b/element - {"using":"xpath","value":"//span[contains(text(), \"English\")]"}
COMMAND: GET /session/6eb241deac570073510706dc7280b28b/screenshot - {}
RESULT: {"using":"xpath","value":"//span[contains(text(), \"English\")]"}
COMMAND: POST /session/6eb241deac570073510706dc7280b28b/element/f.451C0D83FD0E10390ED4567275622C99.d.0647AD9C0CA8D671E7FCB57FD03AFABF.e.7879/click - {}
RESULT: {}
RESULT: {}
COMMAND: GET /session/6eb241deac570073510706dc7280b28b/screenshot - {}
RESULT: {}
COMMAND: POST /session/6eb241deac570073510706dc7280b28b/execute/async - {"script":"<script> [1562 bytes]","args":[{"selector":{"id":"application-managepartners-display-component---NewPartner--addressDetailDetailsCity1","interaction":{"idSuffix":"inner"}},"wdio_ui5_key":"applicationmanagepartners-display-component---NewPartner--addressDetailDetailsCity1"}]}
RESULT: {"script":"<script> [1562 bytes]","args":[{"selector":{"id":"application-managepartners-display-component---NewPartner--addressDetailDetailsCity1","interaction":{"idSuffix":"inner"}},"wdio_ui5_key":"applicationmanagepartners-display-component---NewPartner--addressDetailDetailsCity1"}]}
RESULT: undefined
COMMAND: POST /session/6eb241deac570073510706dc7280b28b/execute/async - {"script":"<script> [776 bytes]","args":[{"enterText":"Rosario","selector":{"id":"application-managepartners-display-component---NewPartner--addressDetailDetailsCity1","interaction":{"idSuffix":"inner"}},"clearTextFirst":true,"interactionType":"ENTER_TEXT"}]}
RESULT: {"script":"<script> [776 bytes]","args":[{"enterText":"Rosario","selector":{"id":"application-managepartners-display-component---NewPartner--addressDetailDetailsCity1","interaction":{"idSuffix":"inner"}},"clearTextFirst":true,"interactionType":"ENTER_TEXT"}]}
COMMAND: POST /session/6eb241deac570073510706dc7280b28b/execute/async - {"script":"<script> [1562 bytes]","args":[{"selector":{"id":"application-managepartners-display-component---NewPartner--addressDetailDetailsCountry-arrow"},"wdio_ui5_key":"applicationmanagepartners-display-component---NewPartner--addressDetailDetailsCountry-arrow"}]}
RESULT: {"script":"<script> [1562 bytes]","args":[{"selector":{"id":"application-managepartners-display-component---NewPartner--addressDetailDetailsCountry-arrow"},"wdio_ui5_key":"applicationmanagepartners-display-component---NewPartner--addressDetailDetailsCountry-arrow"}]}
RESULT: undefined
COMMAND: POST /session/6eb241deac570073510706dc7280b28b/element - {"using":"xpath","value":"//*[@id=\"application-managepartners-display-component---NewPartner--addressDetailDetailsCountry-arrow\"]"}
RESULT: {"using":"xpath","value":"//*[@id=\"application-managepartners-display-component---NewPartner--addressDetailDetailsCountry-arrow\"]"}
COMMAND: POST /session/6eb241deac570073510706dc7280b28b/element/f.451C0D83FD0E10390ED4567275622C99.d.0647AD9C0CA8D671E7FCB57FD03AFABF.e.7832/click - {}
RESULT: {}
COMMAND: POST /session/6eb241deac570073510706dc7280b28b/element - {"using":"xpath","value":"//span[contains(text(), \"Argentina\")]"}
COMMAND: GET /session/6eb241deac570073510706dc7280b28b/screenshot - {}
RESULT: {}
RESULT: {"using":"xpath","value":"//span[contains(text(), \"Argentina\")]"}
COMMAND: POST /session/6eb241deac570073510706dc7280b28b/element/f.451C0D83FD0E10390ED4567275622C99.d.0647AD9C0CA8D671E7FCB57FD03AFABF.e.7881/click - {}
RESULT: {}
COMMAND: GET /session/6eb241deac570073510706dc7280b28b/screenshot - {}
RESULT: {}
COMMAND: POST /session/6eb241deac570073510706dc7280b28b/element - {"using":"xpath","value":"//bdi[contains(text(), \"Commercial\")]"}
RESULT: {"using":"xpath","value":"//bdi[contains(text(), \"Commercial\")]"}
COMMAND: POST /session/6eb241deac570073510706dc7280b28b/element/f.451C0D83FD0E10390ED4567275622C99.d.0647AD9C0CA8D671E7FCB57FD03AFABF.e.7882/click - {}
RESULT: {}
COMMAND: GET /session/6eb241deac570073510706dc7280b28b/screenshot - {}
RESULT: {}
COMMAND: POST /session/6eb241deac570073510706dc7280b28b/execute/async - {"script":"<script> [1562 bytes]","args":[{"selector":{"id":"application-managepartners-display-component---NewPartner--partnerDetailInternal-arrow"},"wdio_ui5_key":"applicationmanagepartners-display-component---NewPartner--partnerDetailInternal-arrow"}]}
RESULT: {"script":"<script> [1562 bytes]","args":[{"selector":{"id":"application-managepartners-display-component---NewPartner--partnerDetailInternal-arrow"},"wdio_ui5_key":"applicationmanagepartners-display-component---NewPartner--partnerDetailInternal-arrow"}]}
RESULT: undefined
COMMAND: POST /session/6eb241deac570073510706dc7280b28b/element - {"using":"xpath","value":"//*[@id=\"application-managepartners-display-component---NewPartner--partnerDetailInternal-arrow\"]"}
RESULT: {"using":"xpath","value":"//*[@id=\"application-managepartners-display-component---NewPartner--partnerDetailInternal-arrow\"]"}
COMMAND: POST /session/6eb241deac570073510706dc7280b28b/element/f.451C0D83FD0E10390ED4567275622C99.d.0647AD9C0CA8D671E7FCB57FD03AFABF.e.7890/click - {}
RESULT: {}
COMMAND: POST /session/6eb241deac570073510706dc7280b28b/element - {"using":"xpath","value":"//span[contains(text(), \"Affiliated company\")]"}
COMMAND: GET /session/6eb241deac570073510706dc7280b28b/screenshot - {}
RESULT: {"using":"xpath","value":"//span[contains(text(), \"Affiliated company\")]"}
COMMAND: POST /session/6eb241deac570073510706dc7280b28b/element/f.451C0D83FD0E10390ED4567275622C99.d.0647AD9C0CA8D671E7FCB57FD03AFABF.e.7891/click - {}
RESULT: {}
RESULT: {}
COMMAND: POST /session/6eb241deac570073510706dc7280b28b/execute/async - {"script":"<script> [1562 bytes]","args":[{"selector":{"id":"application-managepartners-display-component---NewPartner--partnerDetailsCurrency-arrow"},"wdio_ui5_key":"applicationmanagepartners-display-component---NewPartner--partnerDetailsCurrency-arrow"}]}
COMMAND: GET /session/6eb241deac570073510706dc7280b28b/screenshot - {}
RESULT: {"script":"<script> [1562 bytes]","args":[{"selector":{"id":"application-managepartners-display-component---NewPartner--partnerDetailsCurrency-arrow"},"wdio_ui5_key":"applicationmanagepartners-display-component---NewPartner--partnerDetailsCurrency-arrow"}]}
RESULT: undefined
COMMAND: POST /session/6eb241deac570073510706dc7280b28b/element - {"using":"xpath","value":"//*[@id=\"application-managepartners-display-component---NewPartner--partnerDetailsCurrency-arrow\"]"}
RESULT: {}
RESULT: {"using":"xpath","value":"//*[@id=\"application-managepartners-display-component---NewPartner--partnerDetailsCurrency-arrow\"]"}
COMMAND: POST /session/6eb241deac570073510706dc7280b28b/element/f.451C0D83FD0E10390ED4567275622C99.d.0647AD9C0CA8D671E7FCB57FD03AFABF.e.7898/click - {}
RESULT: {}
COMMAND: POST /session/6eb241deac570073510706dc7280b28b/element - {"using":"xpath","value":"//span[contains(text(), \"Euro\")]"}
COMMAND: GET /session/6eb241deac570073510706dc7280b28b/screenshot - {}
RESULT: {"using":"xpath","value":"//span[contains(text(), \"Euro\")]"}
COMMAND: POST /session/6eb241deac570073510706dc7280b28b/element/f.451C0D83FD0E10390ED4567275622C99.d.0647AD9C0CA8D671E7FCB57FD03AFABF.e.7899/click - {}
RESULT: {}
RESULT: {}
COMMAND: POST /session/6eb241deac570073510706dc7280b28b/execute/async - {"script":"<script> [1562 bytes]","args":[{"selector":{"id":"application-managepartners-display-component---NewPartner--addressEditDetailsCostObjectCstType-arrow"},"wdio_ui5_key":"applicationmanagepartners-display-component---NewPartner--addressEditDetailsCostObjectCstType-arrow"}]}
COMMAND: GET /session/6eb241deac570073510706dc7280b28b/screenshot - {}
RESULT: {"script":"<script> [1562 bytes]","args":[{"selector":{"id":"application-managepartners-display-component---NewPartner--addressEditDetailsCostObjectCstType-arrow"},"wdio_ui5_key":"applicationmanagepartners-display-component---NewPartner--addressEditDetailsCostObjectCstType-arrow"}]}
RESULT: undefined
COMMAND: POST /session/6eb241deac570073510706dc7280b28b/element - {"using":"xpath","value":"//*[@id=\"application-managepartners-display-component---NewPartner--addressEditDetailsCostObjectCstType-arrow\"]"}
RESULT: {}
RESULT: {"using":"xpath","value":"//*[@id=\"application-managepartners-display-component---NewPartner--addressEditDetailsCostObjectCstType-arrow\"]"}
COMMAND: POST /session/6eb241deac570073510706dc7280b28b/element/f.451C0D83FD0E10390ED4567275622C99.d.0647AD9C0CA8D671E7FCB57FD03AFABF.e.7900/click - {}
RESULT: {}
COMMAND: POST /session/6eb241deac570073510706dc7280b28b/element - {"using":"xpath","value":"//span[contains(text(), \"Cost Center\")]"}
COMMAND: GET /session/6eb241deac570073510706dc7280b28b/screenshot - {}
RESULT: {"using":"xpath","value":"//span[contains(text(), \"Cost Center\")]"}
COMMAND: POST /session/6eb241deac570073510706dc7280b28b/element/f.451C0D83FD0E10390ED4567275622C99.d.0647AD9C0CA8D671E7FCB57FD03AFABF.e.7901/click - {}
RESULT: {}
RESULT: {}
COMMAND: GET /session/6eb241deac570073510706dc7280b28b/screenshot - {}
RESULT: {}
COMMAND: POST /session/6eb241deac570073510706dc7280b28b/element - {"using":"xpath","value":"//span[@id=\"application-managepartners-display-component---NewPartner--addressNewCostObjectCstID-vhi\"]"}
RESULT: {"using":"xpath","value":"//span[@id=\"application-managepartners-display-component---NewPartner--addressNewCostObjectCstID-vhi\"]"}
COMMAND: POST /session/6eb241deac570073510706dc7280b28b/element - {"using":"xpath","value":"//span[@id=\"application-managepartners-display-component---NewPartner--addressNewCostObjectCstID-vhi\"]"}
RESULT: {"using":"xpath","value":"//span[@id=\"application-managepartners-display-component---NewPartner--addressNewCostObjectCstID-vhi\"]"}
COMMAND: POST /session/6eb241deac570073510706dc7280b28b/element - {"using":"xpath","value":"//input[@id=\"application-managepartners-display-component---NewPartner--addressNewCostObjectCstID-inner\"]"}
RESULT: {"using":"xpath","value":"//input[@id=\"application-managepartners-display-component---NewPartner--addressNewCostObjectCstID-inner\"]"}
COMMAND: POST /session/6eb241deac570073510706dc7280b28b/execute/sync - {"script":"<script> [8489 bytes]","args":[{"element-6066-11e4-a52e-4f735466cecf":"f.451C0D83FD0E10390ED4567275622C99.d.0647AD9C0CA8D671E7FCB57FD03AFABF.e.7903","ELEMENT":"f.451C0D83FD0E10390ED4567275622C99.d.0647AD9C0CA8D671E7FCB57FD03AFABF.e.7903"}]}
RESULT: {"script":"<script> [8489 bytes]","args":[{"element-6066-11e4-a52e-4f735466cecf":"f.451C0D83FD0E10390ED4567275622C99.d.0647AD9C0CA8D671E7FCB57FD03AFABF.e.7903","ELEMENT":"f.451C0D83FD0E10390ED4567275622C99.d.0647AD9C0CA8D671E7FCB57FD03AFABF.e.7903"}]}
COMMAND: POST /session/6eb241deac570073510706dc7280b28b/element/f.451C0D83FD0E10390ED4567275622C99.d.0647AD9C0CA8D671E7FCB57FD03AFABF.e.7903/clear - {}
COMMAND: GET /session/6eb241deac570073510706dc7280b28b/screenshot - {}
COMMAND: POST /session/6eb241deac570073510706dc7280b28b/element - {"using":"xpath","value":"//input[@id=\"application-managepartners-display-component---NewPartner--addressNewCostObjectCstID-inner\"]"}
RESULT: {}
RESULT: {"using":"xpath","value":"//input[@id=\"application-managepartners-display-component---NewPartner--addressNewCostObjectCstID-inner\"]"}
COMMAND: POST /session/6eb241deac570073510706dc7280b28b/element/f.451C0D83FD0E10390ED4567275622C99.d.0647AD9C0CA8D671E7FCB57FD03AFABF.e.7903/clear - {}
COMMAND: POST /session/6eb241deac570073510706dc7280b28b/element - {"using":"xpath","value":"//input[@id=\"application-managepartners-display-component---NewPartner--addressNewCostObjectCstID-inner\"]"}
RESULT: {"using":"xpath","value":"//input[@id=\"application-managepartners-display-component---NewPartner--addressNewCostObjectCstID-inner\"]"}
COMMAND: POST /session/6eb241deac570073510706dc7280b28b/element/f.451C0D83FD0E10390ED4567275622C99.d.0647AD9C0CA8D671E7FCB57FD03AFABF.e.7905/clear - {}
RESULT: {}
COMMAND: POST /session/6eb241deac570073510706dc7280b28b/element/f.451C0D83FD0E10390ED4567275622C99.d.0647AD9C0CA8D671E7FCB57FD03AFABF.e.7905/value - {"text":"10001013"}
COMMAND: GET /session/6eb241deac570073510706dc7280b28b/screenshot - {}
RESULT: {"text":"10001013"}
COMMAND: GET /session/6eb241deac570073510706dc7280b28b/screenshot - {}
RESULT: {}
RESULT: {}
COMMAND: POST /session/6eb241deac570073510706dc7280b28b/element - {"using":"xpath","value":"//input[@id=\"application-managepartners-display-component---NewPartner--companyCodeComboBox-inner\"]"}
RESULT: {"using":"xpath","value":"//input[@id=\"application-managepartners-display-component---NewPartner--companyCodeComboBox-inner\"]"}
COMMAND: POST /session/6eb241deac570073510706dc7280b28b/element/f.451C0D83FD0E10390ED4567275622C99.d.0647AD9C0CA8D671E7FCB57FD03AFABF.e.7746/clear - {}
RESULT: {}
COMMAND: POST /session/6eb241deac570073510706dc7280b28b/element/f.451C0D83FD0E10390ED4567275622C99.d.0647AD9C0CA8D671E7FCB57FD03AFABF.e.7746/value - {"text":"C002"}
COMMAND: GET /session/6eb241deac570073510706dc7280b28b/screenshot - {}
RESULT: {}
RESULT: {"text":"C002"}
COMMAND: GET /session/6eb241deac570073510706dc7280b28b/screenshot - {}
RESULT: {}
COMMAND: POST /session/6eb241deac570073510706dc7280b28b/element - {"using":"xpath","value":"//li[.//span[text()= \"C002\"]]"}
RESULT: {"using":"xpath","value":"//li[.//span[text()= \"C002\"]]"}
COMMAND: POST /session/6eb241deac570073510706dc7280b28b/element/f.451C0D83FD0E10390ED4567275622C99.d.0647AD9C0CA8D671E7FCB57FD03AFABF.e.7912/click - {}
RESULT: {}
COMMAND: GET /session/6eb241deac570073510706dc7280b28b/screenshot - {}
RESULT: {}
COMMAND: POST /session/6eb241deac570073510706dc7280b28b/execute/async - {"script":"<script> [1562 bytes]","args":[{"selector":{"id":"application-managepartners-display-component---NewPartner--btnAddTableRow-img"},"wdio_ui5_key":"applicationmanagepartners-display-component---NewPartner--btnAddTableRow-img"}]}
RESULT: {"script":"<script> [1562 bytes]","args":[{"selector":{"id":"application-managepartners-display-component---NewPartner--btnAddTableRow-img"},"wdio_ui5_key":"applicationmanagepartners-display-component---NewPartner--btnAddTableRow-img"}]}
RESULT: undefined
COMMAND: POST /session/6eb241deac570073510706dc7280b28b/element - {"using":"xpath","value":"//*[@id=\"application-managepartners-display-component---NewPartner--btnAddTableRow-img\"]"}
RESULT: {"using":"xpath","value":"//*[@id=\"application-managepartners-display-component---NewPartner--btnAddTableRow-img\"]"}
COMMAND: POST /session/6eb241deac570073510706dc7280b28b/element/f.451C0D83FD0E10390ED4567275622C99.d.0647AD9C0CA8D671E7FCB57FD03AFABF.e.7913/click - {}
RESULT: {}
COMMAND: GET /session/6eb241deac570073510706dc7280b28b/screenshot - {}
RESULT: {}
COMMAND: POST /session/6eb241deac570073510706dc7280b28b/element - {"using":"xpath","value":"//input[@id=\"application-managepartners-display-component---NewPartner--assignmentYard-application-managepartners-display-component---NewPartner--assignmentsTable-0-inner\"]"}
RESULT: {"using":"xpath","value":"//input[@id=\"application-managepartners-display-component---NewPartner--assignmentYard-application-managepartners-display-component---NewPartner--assignmentsTable-0-inner\"]"}
COMMAND: POST /session/6eb241deac570073510706dc7280b28b/element/f.451C0D83FD0E10390ED4567275622C99.d.0647AD9C0CA8D671E7FCB57FD03AFABF.e.7916/clear - {}
RESULT: {}
COMMAND: POST /session/6eb241deac570073510706dc7280b28b/element/f.451C0D83FD0E10390ED4567275622C99.d.0647AD9C0CA8D671E7FCB57FD03AFABF.e.7916/value - {"text":"642"}
COMMAND: GET /session/6eb241deac570073510706dc7280b28b/screenshot - {}
RESULT: {"text":"642"}
COMMAND: GET /session/6eb241deac570073510706dc7280b28b/screenshot - {}
RESULT: {}
RESULT: {}
COMMAND: POST /session/6eb241deac570073510706dc7280b28b/element - {"using":"xpath","value":"//li[.//span[text()='642']]"}
RESULT: {"using":"xpath","value":"//li[.//span[text()='642']]"}
COMMAND: POST /session/6eb241deac570073510706dc7280b28b/element/f.451C0D83FD0E10390ED4567275622C99.d.0647AD9C0CA8D671E7FCB57FD03AFABF.e.7925/click - {}
RESULT: {}
COMMAND: GET /session/6eb241deac570073510706dc7280b28b/screenshot - {}
RESULT: {}
COMMAND: POST /session/6eb241deac570073510706dc7280b28b/actions - {"actions":[{"id":"action21","type":"key","parameters":{},"actions":[{"type":"keyDown","value":"î€‡"},{"type":"pause","duration":10},{"type":"keyUp","value":"î€‡"}]}]}
RESULT: {"actions":[{"id":"action21","type":"key","parameters":{},"actions":[{"type":"keyDown","value":"î€‡"},{"type":"pause","duration":10},{"type":"keyUp","value":"î€‡"}]}]}
COMMAND: POST /session/6eb241deac570073510706dc7280b28b/execute/async - {"script":"<script> [1562 bytes]","args":[{"selector":{"id":"application-managepartners-display-component---NewPartner--externalCustomerComboBox-application-managepartners-display-component---NewPartner--assignmentsTable-0-vhi"},"wdio_ui5_key":"applicationmanagepartners-display-component---NewPartner--externalCustomerComboBox-application-managepartners-display-component---NewPartner--assignmentsTable-0-vhi"}]}
COMMAND: GET /session/6eb241deac570073510706dc7280b28b/screenshot - {}
RESULT: {"script":"<script> [1562 bytes]","args":[{"selector":{"id":"application-managepartners-display-component---NewPartner--externalCustomerComboBox-application-managepartners-display-component---NewPartner--assignmentsTable-0-vhi"},"wdio_ui5_key":"applicationmanagepartners-display-component---NewPartner--externalCustomerComboBox-application-managepartners-display-component---NewPartner--assignmentsTable-0-vhi"}]}
RESULT: undefined
COMMAND: POST /session/6eb241deac570073510706dc7280b28b/element - {"using":"xpath","value":"//*[@id=\"application-managepartners-display-component---NewPartner--externalCustomerComboBox-application-managepartners-display-component---NewPartner--assignmentsTable-0-vhi\"]"}
RESULT: {}
RESULT: {"using":"xpath","value":"//*[@id=\"application-managepartners-display-component---NewPartner--externalCustomerComboBox-application-managepartners-display-component---NewPartner--assignmentsTable-0-vhi\"]"}
COMMAND: POST /session/6eb241deac570073510706dc7280b28b/element/f.451C0D83FD0E10390ED4567275622C99.d.0647AD9C0CA8D671E7FCB57FD03AFABF.e.7929/click - {}
RESULT: {}
RESULT: undefined
COMMAND: POST /session/6eb241deac570073510706dc7280b28b/execute/async - {"script":"<script> [776 bytes]","args":[{"enterText":"300003","selector":{"controlType":"sap.m.SearchField","properties":{"placeholder":"Search"},"searchOpenDialogs":true,"interaction":{"idSuffix":"I"}},"clearTextFirst":true,"interactionType":"ENTER_TEXT"}]}
COMMAND: GET /session/6eb241deac570073510706dc7280b28b/screenshot - {}
RESULT: {"script":"<script> [776 bytes]","args":[{"enterText":"300003","selector":{"controlType":"sap.m.SearchField","properties":{"placeholder":"Search"},"searchOpenDialogs":true,"interaction":{"idSuffix":"I"}},"clearTextFirst":true,"interactionType":"ENTER_TEXT"}]}
COMMAND: POST /session/6eb241deac570073510706dc7280b28b/actions - {"actions":[{"id":"action22","type":"key","parameters":{},"actions":[{"type":"keyDown","value":"î€‡"},{"type":"pause","duration":10},{"type":"keyUp","value":"î€‡"}]}]}
RESULT: {}
RESULT: {"actions":[{"id":"action22","type":"key","parameters":{},"actions":[{"type":"keyDown","value":"î€‡"},{"type":"pause","duration":10},{"type":"keyUp","value":"î€‡"}]}]}
COMMAND: GET /session/6eb241deac570073510706dc7280b28b/screenshot - {}
RESULT: {}
COMMAND: POST /session/6eb241deac570073510706dc7280b28b/element - {"using":"xpath","value":"//span[contains(text(), \"300003\")]"}
RESULT: {"using":"xpath","value":"//span[contains(text(), \"300003\")]"}
COMMAND: POST /session/6eb241deac570073510706dc7280b28b/element/f.451C0D83FD0E10390ED4567275622C99.d.0647AD9C0CA8D671E7FCB57FD03AFABF.e.7948/click - {}
RESULT: {}
COMMAND: GET /session/6eb241deac570073510706dc7280b28b/screenshot - {}
RESULT: {}
COMMAND: POST /session/6eb241deac570073510706dc7280b28b/element - {"using":"xpath","value":"//bdi[contains(text(), \"OK\")]"}
RESULT: {"using":"xpath","value":"//bdi[contains(text(), \"OK\")]"}
COMMAND: POST /session/6eb241deac570073510706dc7280b28b/element/f.451C0D83FD0E10390ED4567275622C99.d.0647AD9C0CA8D671E7FCB57FD03AFABF.e.7950/click - {}
RESULT: {}
COMMAND: GET /session/6eb241deac570073510706dc7280b28b/screenshot - {}
RESULT: {}
COMMAND: POST /session/6eb241deac570073510706dc7280b28b/execute/async - {"script":"<script> [1562 bytes]","args":[{"selector":{"id":"application-managepartners-display-component---NewPartner--intercompVendorComboBox-application-managepartners-display-component---NewPartner--assignmentsTable-0-vhi"},"wdio_ui5_key":"applicationmanagepartners-display-component---NewPartner--intercompVendorComboBox-application-managepartners-display-component---NewPartner--assignmentsTable-0-vhi"}]}
RESULT: {"script":"<script> [1562 bytes]","args":[{"selector":{"id":"application-managepartners-display-component---NewPartner--intercompVendorComboBox-application-managepartners-display-component---NewPartner--assignmentsTable-0-vhi"},"wdio_ui5_key":"applicationmanagepartners-display-component---NewPartner--intercompVendorComboBox-application-managepartners-display-component---NewPartner--assignmentsTable-0-vhi"}]}
RESULT: undefined
COMMAND: POST /session/6eb241deac570073510706dc7280b28b/element - {"using":"xpath","value":"//*[@id=\"application-managepartners-display-component---NewPartner--intercompVendorComboBox-application-managepartners-display-component---NewPartner--assignmentsTable-0-vhi\"]"}
RESULT: {"using":"xpath","value":"//*[@id=\"application-managepartners-display-component---NewPartner--intercompVendorComboBox-application-managepartners-display-component---NewPartner--assignmentsTable-0-vhi\"]"}
COMMAND: POST /session/6eb241deac570073510706dc7280b28b/element/f.451C0D83FD0E10390ED4567275622C99.d.0647AD9C0CA8D671E7FCB57FD03AFABF.e.7953/click - {}
RESULT: {}
RESULT: undefined
COMMAND: POST /session/6eb241deac570073510706dc7280b28b/execute/async - {"script":"<script> [776 bytes]","args":[{"enterText":"100005","selector":{"controlType":"sap.m.SearchField","properties":{"placeholder":"Search"},"searchOpenDialogs":true,"interaction":{"idSuffix":"I"}},"clearTextFirst":true,"interactionType":"ENTER_TEXT"}]}
COMMAND: GET /session/6eb241deac570073510706dc7280b28b/screenshot - {}
RESULT: {"script":"<script> [776 bytes]","args":[{"enterText":"100005","selector":{"controlType":"sap.m.SearchField","properties":{"placeholder":"Search"},"searchOpenDialogs":true,"interaction":{"idSuffix":"I"}},"clearTextFirst":true,"interactionType":"ENTER_TEXT"}]}
COMMAND: POST /session/6eb241deac570073510706dc7280b28b/actions - {"actions":[{"id":"action23","type":"key","parameters":{},"actions":[{"type":"keyDown","value":"î€‡"},{"type":"pause","duration":10},{"type":"keyUp","value":"î€‡"}]}]}
RESULT: {}
RESULT: {"actions":[{"id":"action23","type":"key","parameters":{},"actions":[{"type":"keyDown","value":"î€‡"},{"type":"pause","duration":10},{"type":"keyUp","value":"î€‡"}]}]}
COMMAND: GET /session/6eb241deac570073510706dc7280b28b/screenshot - {}
RESULT: {}
COMMAND: POST /session/6eb241deac570073510706dc7280b28b/element - {"using":"xpath","value":"//span[contains(text(), \"Penguins - Field/12345 Berlin\")]"}
RESULT: {"using":"xpath","value":"//span[contains(text(), \"Penguins - Field/12345 Berlin\")]"}
COMMAND: POST /session/6eb241deac570073510706dc7280b28b/element/f.451C0D83FD0E10390ED4567275622C99.d.0647AD9C0CA8D671E7FCB57FD03AFABF.e.7971/click - {}
RESULT: {}
COMMAND: GET /session/6eb241deac570073510706dc7280b28b/screenshot - {}
RESULT: {}
COMMAND: POST /session/6eb241deac570073510706dc7280b28b/element - {"using":"xpath","value":"//bdi[contains(text(), \"OK\")]"}
RESULT: {"using":"xpath","value":"//bdi[contains(text(), \"OK\")]"}
COMMAND: POST /session/6eb241deac570073510706dc7280b28b/element/f.451C0D83FD0E10390ED4567275622C99.d.0647AD9C0CA8D671E7FCB57FD03AFABF.e.7972/click - {}
RESULT: {}
COMMAND: GET /session/6eb241deac570073510706dc7280b28b/screenshot - {}
RESULT: {}
COMMAND: POST /session/6eb241deac570073510706dc7280b28b/element - {"using":"xpath","value":"//button[@data-kt=\"saveButton\"]"}
RESULT: {"using":"xpath","value":"//button[@data-kt=\"saveButton\"]"}
COMMAND: POST /session/6eb241deac570073510706dc7280b28b/element/f.451C0D83FD0E10390ED4567275622C99.d.0647AD9C0CA8D671E7FCB57FD03AFABF.e.7870/click - {}
RESULT: {}
COMMAND: GET /session/6eb241deac570073510706dc7280b28b/screenshot - {}
RESULT: {}
COMMAND: POST /session/6eb241deac570073510706dc7280b28b/element - {"using":"xpath","value":"//header[contains(@id, 'ObjectPageLayout-headerTitle')]/div[1]/div[2]/div[2]/span[1]"}
RESULT: {"using":"xpath","value":"//header[contains(@id, 'ObjectPageLayout-headerTitle')]/div[1]/div[2]/div[2]/span[1]"}
COMMAND: POST /session/6eb241deac570073510706dc7280b28b/elements - {"using":"xpath","value":"//header[contains(@id, 'ObjectPageLayout-headerTitle')]/div[1]/div[2]/div[2]/span[1]"}
RESULT: {"using":"xpath","value":"//header[contains(@id, 'ObjectPageLayout-headerTitle')]/div[1]/div[2]/div[2]/span[1]"}
COMMAND: POST /session/6eb241deac570073510706dc7280b28b/execute/sync - {"script":"<script> [56 bytes]","args":[{"element-6066-11e4-a52e-4f735466cecf":"f.451C0D83FD0E10390ED4567275622C99.d.0647AD9C0CA8D671E7FCB57FD03AFABF.e.8138","ELEMENT":"f.451C0D83FD0E10390ED4567275622C99.d.0647AD9C0CA8D671E7FCB57FD03AFABF.e.8138"}]}
RESULT: {"script":"<script> [56 bytes]","args":[{"element-6066-11e4-a52e-4f735466cecf":"f.451C0D83FD0E10390ED4567275622C99.d.0647AD9C0CA8D671E7FCB57FD03AFABF.e.8138","ELEMENT":"f.451C0D83FD0E10390ED4567275622C99.d.0647AD9C0CA8D671E7FCB57FD03AFABF.e.8138"}]}
COMMAND: POST /session/6eb241deac570073510706dc7280b28b/element - {"using":"css selector","value":"#shell-header-logo"}
COMMAND: GET /session/6eb241deac570073510706dc7280b28b/screenshot - {}
RESULT: {"using":"css selector","value":"#shell-header-logo"}
COMMAND: POST /session/6eb241deac570073510706dc7280b28b/element/f.451C0D83FD0E10390ED4567275622C99.d.0647AD9C0CA8D671E7FCB57FD03AFABF.e.7400/click - {}
RESULT: {}
RESULT: {}
COMMAND: GET /session/6eb241deac570073510706dc7280b28b/screenshot - {}
RESULT: {}
COMMAND: POST /session/6eb241deac570073510706dc7280b28b/execute/sync - {"script":"<script> [299 bytes]","args":[["getModel","getResource"]]}
RESULT: {"script":"<script> [299 bytes]","args":[["getModel","getResource"]]}
]]></system-out>
    </testcase>
    <testcase classname="chrome.135_0_7049_115.windows.Create_master_data_for_mixed_billing_&amp;_do_billing_calculation_US151661" name="Should create a new site" time="180.866">
      <system-out><![CDATA[
COMMAND: GET /session/6eb241deac570073510706dc7280b28b/screenshot - {}
COMMAND: POST /session/6eb241deac570073510706dc7280b28b/execute/async - {"script":"<script> [1562 bytes]","args":[{"selector":{"controlType":"sap.m.TileContent","bindingPath":{"path":"","propertyPath":"/properties/info"},"ancestor":{"controlType":"sap.m.GenericTile","properties":{"header":"Manage Sites"}}},"wdio_ui5_key":"sapm.TileContent{\"path\":\"\",\"propertyPath\":\"/properties/info\"}{\"controlType\":\"sap.m.GenericTile\",\"properties\":{\"header\":\"Manage Sites\"}}"}]}
RESULT: {}
RESULT: {"script":"<script> [1562 bytes]","args":[{"selector":{"controlType":"sap.m.TileContent","bindingPath":{"path":"","propertyPath":"/properties/info"},"ancestor":{"controlType":"sap.m.GenericTile","properties":{"header":"Manage Sites"}}},"wdio_ui5_key":"sapm.TileContent{\"path\":\"\",\"propertyPath\":\"/properties/info\"}{\"controlType\":\"sap.m.GenericTile\",\"properties\":{\"header\":\"Manage Sites\"}}"}]}
RESULT: undefined
COMMAND: POST /session/6eb241deac570073510706dc7280b28b/element - {"using":"xpath","value":"//*[@id=\"__xmlview7--numericTileContent\"]"}
RESULT: {"using":"xpath","value":"//*[@id=\"__xmlview7--numericTileContent\"]"}
COMMAND: POST /session/6eb241deac570073510706dc7280b28b/element/f.451C0D83FD0E10390ED4567275622C99.d.0647AD9C0CA8D671E7FCB57FD03AFABF.e.8140/click - {}
RESULT: {}
COMMAND: POST /session/6eb241deac570073510706dc7280b28b/element - {"using":"xpath","value":"//button[@data-kt=\"addOverflowToolbarButton\"]"}
COMMAND: GET /session/6eb241deac570073510706dc7280b28b/screenshot - {}
RESULT: {"using":"xpath","value":"//button[@data-kt=\"addOverflowToolbarButton\"]"}
COMMAND: POST /session/6eb241deac570073510706dc7280b28b/elements - {"using":"xpath","value":"//button[@data-kt=\"addOverflowToolbarButton\"]"}
RESULT: {}
RESULT: {"using":"xpath","value":"//button[@data-kt=\"addOverflowToolbarButton\"]"}
COMMAND: POST /session/6eb241deac570073510706dc7280b28b/element - {"using":"xpath","value":"//button[@data-kt=\"addOverflowToolbarButton\"]"}
RESULT: {"using":"xpath","value":"//button[@data-kt=\"addOverflowToolbarButton\"]"}
COMMAND: POST /session/6eb241deac570073510706dc7280b28b/execute/sync - {"script":"<script> [8489 bytes]","args":[{"element-6066-11e4-a52e-4f735466cecf":"f.451C0D83FD0E10390ED4567275622C99.d.0647AD9C0CA8D671E7FCB57FD03AFABF.e.8185","ELEMENT":"f.451C0D83FD0E10390ED4567275622C99.d.0647AD9C0CA8D671E7FCB57FD03AFABF.e.8185"}]}
RESULT: {"script":"<script> [8489 bytes]","args":[{"element-6066-11e4-a52e-4f735466cecf":"f.451C0D83FD0E10390ED4567275622C99.d.0647AD9C0CA8D671E7FCB57FD03AFABF.e.8185","ELEMENT":"f.451C0D83FD0E10390ED4567275622C99.d.0647AD9C0CA8D671E7FCB57FD03AFABF.e.8185"}]}
COMMAND: GET /session/6eb241deac570073510706dc7280b28b/element/f.451C0D83FD0E10390ED4567275622C99.d.0647AD9C0CA8D671E7FCB57FD03AFABF.e.8185/enabled - {}
COMMAND: GET /session/6eb241deac570073510706dc7280b28b/screenshot - {}
RESULT: {}
COMMAND: POST /session/6eb241deac570073510706dc7280b28b/execute/sync - {"script":"<script> [8489 bytes]","args":[{"element-6066-11e4-a52e-4f735466cecf":"f.451C0D83FD0E10390ED4567275622C99.d.0647AD9C0CA8D671E7FCB57FD03AFABF.e.8185","ELEMENT":"f.451C0D83FD0E10390ED4567275622C99.d.0647AD9C0CA8D671E7FCB57FD03AFABF.e.8185"}]}
COMMAND: GET /session/6eb241deac570073510706dc7280b28b/screenshot - {}
RESULT: {}
RESULT: {"script":"<script> [8489 bytes]","args":[{"element-6066-11e4-a52e-4f735466cecf":"f.451C0D83FD0E10390ED4567275622C99.d.0647AD9C0CA8D671E7FCB57FD03AFABF.e.8185","ELEMENT":"f.451C0D83FD0E10390ED4567275622C99.d.0647AD9C0CA8D671E7FCB57FD03AFABF.e.8185"}]}
COMMAND: POST /session/6eb241deac570073510706dc7280b28b/execute/sync - {"script":"<script> [5351 bytes]","args":[{"element-6066-11e4-a52e-4f735466cecf":"f.451C0D83FD0E10390ED4567275622C99.d.0647AD9C0CA8D671E7FCB57FD03AFABF.e.8185","ELEMENT":"f.451C0D83FD0E10390ED4567275622C99.d.0647AD9C0CA8D671E7FCB57FD03AFABF.e.8185"}]}
COMMAND: GET /session/6eb241deac570073510706dc7280b28b/screenshot - {}
RESULT: {}
RESULT: {"script":"<script> [5351 bytes]","args":[{"element-6066-11e4-a52e-4f735466cecf":"f.451C0D83FD0E10390ED4567275622C99.d.0647AD9C0CA8D671E7FCB57FD03AFABF.e.8185","ELEMENT":"f.451C0D83FD0E10390ED4567275622C99.d.0647AD9C0CA8D671E7FCB57FD03AFABF.e.8185"}]}
COMMAND: POST /session/6eb241deac570073510706dc7280b28b/element/f.451C0D83FD0E10390ED4567275622C99.d.0647AD9C0CA8D671E7FCB57FD03AFABF.e.8185/click - {}
COMMAND: GET /session/6eb241deac570073510706dc7280b28b/screenshot - {}
RESULT: {}
RESULT: {}
COMMAND: GET /session/6eb241deac570073510706dc7280b28b/screenshot - {}
RESULT: {}
RESULT: {}
COMMAND: POST /session/6eb241deac570073510706dc7280b28b/element - {"using":"xpath","value":"//input[@id=\"application-managesites-display-component---NewSite--siteId-inner\"]"}
RESULT: {"using":"xpath","value":"//input[@id=\"application-managesites-display-component---NewSite--siteId-inner\"]"}
COMMAND: POST /session/6eb241deac570073510706dc7280b28b/element - {"using":"xpath","value":"//input[@id=\"application-managesites-display-component---NewSite--siteId-inner\"]"}
RESULT: {"using":"xpath","value":"//input[@id=\"application-managesites-display-component---NewSite--siteId-inner\"]"}
COMMAND: POST /session/6eb241deac570073510706dc7280b28b/execute/async - {"script":"<script> [1562 bytes]","args":[{"selector":{"id":"application-managesites-display-component---NewSite--addressDetailDetailsName1","interaction":{"idSuffix":"inner"}},"wdio_ui5_key":"applicationmanagesites-display-component---NewSite--addressDetailDetailsName1"}]}
RESULT: {"script":"<script> [1562 bytes]","args":[{"selector":{"id":"application-managesites-display-component---NewSite--addressDetailDetailsName1","interaction":{"idSuffix":"inner"}},"wdio_ui5_key":"applicationmanagesites-display-component---NewSite--addressDetailDetailsName1"}]}
RESULT: undefined
COMMAND: POST /session/6eb241deac570073510706dc7280b28b/execute/async - {"script":"<script> [776 bytes]","args":[{"enterText":"Intercompany Site wdIO","selector":{"id":"application-managesites-display-component---NewSite--addressDetailDetailsName1","interaction":{"idSuffix":"inner"}},"clearTextFirst":true,"interactionType":"ENTER_TEXT"}]}
RESULT: {"script":"<script> [776 bytes]","args":[{"enterText":"Intercompany Site wdIO","selector":{"id":"application-managesites-display-component---NewSite--addressDetailDetailsName1","interaction":{"idSuffix":"inner"}},"clearTextFirst":true,"interactionType":"ENTER_TEXT"}]}
COMMAND: POST /session/6eb241deac570073510706dc7280b28b/execute/async - {"script":"<script> [1562 bytes]","args":[{"selector":{"id":"application-managesites-display-component---NewSite--addressDetailDetailsLanguage-arrow"},"wdio_ui5_key":"applicationmanagesites-display-component---NewSite--addressDetailDetailsLanguage-arrow"}]}
RESULT: {"script":"<script> [1562 bytes]","args":[{"selector":{"id":"application-managesites-display-component---NewSite--addressDetailDetailsLanguage-arrow"},"wdio_ui5_key":"applicationmanagesites-display-component---NewSite--addressDetailDetailsLanguage-arrow"}]}
RESULT: undefined
COMMAND: POST /session/6eb241deac570073510706dc7280b28b/element - {"using":"xpath","value":"//*[@id=\"application-managesites-display-component---NewSite--addressDetailDetailsLanguage-arrow\"]"}
RESULT: {"using":"xpath","value":"//*[@id=\"application-managesites-display-component---NewSite--addressDetailDetailsLanguage-arrow\"]"}
COMMAND: POST /session/6eb241deac570073510706dc7280b28b/element/f.451C0D83FD0E10390ED4567275622C99.d.0647AD9C0CA8D671E7FCB57FD03AFABF.e.8581/click - {}
RESULT: {}
COMMAND: POST /session/6eb241deac570073510706dc7280b28b/element - {"using":"xpath","value":"//span[contains(text(), \"English\")]"}
COMMAND: GET /session/6eb241deac570073510706dc7280b28b/screenshot - {}
RESULT: {"using":"xpath","value":"//span[contains(text(), \"English\")]"}
COMMAND: POST /session/6eb241deac570073510706dc7280b28b/element/f.451C0D83FD0E10390ED4567275622C99.d.0647AD9C0CA8D671E7FCB57FD03AFABF.e.8582/click - {}
RESULT: {}
RESULT: {}
COMMAND: POST /session/6eb241deac570073510706dc7280b28b/execute/async - {"script":"<script> [1562 bytes]","args":[{"selector":{"id":"application-managesites-display-component---NewSite--addressDetailDetailsCity1","interaction":{"idSuffix":"inner"}},"wdio_ui5_key":"applicationmanagesites-display-component---NewSite--addressDetailDetailsCity1"}]}
COMMAND: GET /session/6eb241deac570073510706dc7280b28b/screenshot - {}
RESULT: {"script":"<script> [1562 bytes]","args":[{"selector":{"id":"application-managesites-display-component---NewSite--addressDetailDetailsCity1","interaction":{"idSuffix":"inner"}},"wdio_ui5_key":"applicationmanagesites-display-component---NewSite--addressDetailDetailsCity1"}]}
RESULT: undefined
COMMAND: POST /session/6eb241deac570073510706dc7280b28b/execute/async - {"script":"<script> [776 bytes]","args":[{"enterText":"Rosario","selector":{"id":"application-managesites-display-component---NewSite--addressDetailDetailsCity1","interaction":{"idSuffix":"inner"}},"clearTextFirst":true,"interactionType":"ENTER_TEXT"}]}
RESULT: {}
RESULT: {"script":"<script> [776 bytes]","args":[{"enterText":"Rosario","selector":{"id":"application-managesites-display-component---NewSite--addressDetailDetailsCity1","interaction":{"idSuffix":"inner"}},"clearTextFirst":true,"interactionType":"ENTER_TEXT"}]}
COMMAND: POST /session/6eb241deac570073510706dc7280b28b/execute/async - {"script":"<script> [1562 bytes]","args":[{"selector":{"id":"application-managesites-display-component---NewSite--addressDetailDetailsCountry-arrow"},"wdio_ui5_key":"applicationmanagesites-display-component---NewSite--addressDetailDetailsCountry-arrow"}]}
RESULT: {"script":"<script> [1562 bytes]","args":[{"selector":{"id":"application-managesites-display-component---NewSite--addressDetailDetailsCountry-arrow"},"wdio_ui5_key":"applicationmanagesites-display-component---NewSite--addressDetailDetailsCountry-arrow"}]}
RESULT: undefined
COMMAND: POST /session/6eb241deac570073510706dc7280b28b/element - {"using":"xpath","value":"//*[@id=\"application-managesites-display-component---NewSite--addressDetailDetailsCountry-arrow\"]"}
RESULT: {"using":"xpath","value":"//*[@id=\"application-managesites-display-component---NewSite--addressDetailDetailsCountry-arrow\"]"}
COMMAND: POST /session/6eb241deac570073510706dc7280b28b/element/f.451C0D83FD0E10390ED4567275622C99.d.0647AD9C0CA8D671E7FCB57FD03AFABF.e.8584/click - {}
RESULT: {}
COMMAND: POST /session/6eb241deac570073510706dc7280b28b/element - {"using":"xpath","value":"//span[contains(text(), \"Argentina\")]"}
COMMAND: GET /session/6eb241deac570073510706dc7280b28b/screenshot - {}
RESULT: {"using":"xpath","value":"//span[contains(text(), \"Argentina\")]"}
COMMAND: POST /session/6eb241deac570073510706dc7280b28b/element/f.451C0D83FD0E10390ED4567275622C99.d.0647AD9C0CA8D671E7FCB57FD03AFABF.e.8585/click - {}
RESULT: {}
RESULT: {}
COMMAND: GET /session/6eb241deac570073510706dc7280b28b/screenshot - {}
RESULT: {}
COMMAND: POST /session/6eb241deac570073510706dc7280b28b/execute/async - {"script":"<script> [1562 bytes]","args":[{"selector":{"id":"application-managesites-display-component---NewSite--addressEditDetailsCostObjectCstType-arrow"},"wdio_ui5_key":"applicationmanagesites-display-component---NewSite--addressEditDetailsCostObjectCstType-arrow"}]}
RESULT: {"script":"<script> [1562 bytes]","args":[{"selector":{"id":"application-managesites-display-component---NewSite--addressEditDetailsCostObjectCstType-arrow"},"wdio_ui5_key":"applicationmanagesites-display-component---NewSite--addressEditDetailsCostObjectCstType-arrow"}]}
RESULT: undefined
COMMAND: POST /session/6eb241deac570073510706dc7280b28b/element - {"using":"xpath","value":"//*[@id=\"application-managesites-display-component---NewSite--addressEditDetailsCostObjectCstType-arrow\"]"}
RESULT: {"using":"xpath","value":"//*[@id=\"application-managesites-display-component---NewSite--addressEditDetailsCostObjectCstType-arrow\"]"}
COMMAND: POST /session/6eb241deac570073510706dc7280b28b/element/f.451C0D83FD0E10390ED4567275622C99.d.0647AD9C0CA8D671E7FCB57FD03AFABF.e.8587/click - {}
RESULT: {}
COMMAND: POST /session/6eb241deac570073510706dc7280b28b/element - {"using":"xpath","value":"//span[contains(text(), \"Cost Center\")]"}
COMMAND: GET /session/6eb241deac570073510706dc7280b28b/screenshot - {}
RESULT: {"using":"xpath","value":"//span[contains(text(), \"Cost Center\")]"}
COMMAND: POST /session/6eb241deac570073510706dc7280b28b/element/f.451C0D83FD0E10390ED4567275622C99.d.0647AD9C0CA8D671E7FCB57FD03AFABF.e.8588/click - {}
RESULT: {}
RESULT: {}
COMMAND: GET /session/6eb241deac570073510706dc7280b28b/screenshot - {}
RESULT: {}
COMMAND: POST /session/6eb241deac570073510706dc7280b28b/element - {"using":"xpath","value":"//span[@id=\"application-managesites-display-component---NewSite--addressNewCostObjectCstID-vhi\"]"}
RESULT: {"using":"xpath","value":"//span[@id=\"application-managesites-display-component---NewSite--addressNewCostObjectCstID-vhi\"]"}
COMMAND: POST /session/6eb241deac570073510706dc7280b28b/execute/sync - {"script":"<script> [8489 bytes]","args":[{"element-6066-11e4-a52e-4f735466cecf":"f.451C0D83FD0E10390ED4567275622C99.d.0647AD9C0CA8D671E7FCB57FD03AFABF.e.8593","ELEMENT":"f.451C0D83FD0E10390ED4567275622C99.d.0647AD9C0CA8D671E7FCB57FD03AFABF.e.8593"}]}
RESULT: {"script":"<script> [8489 bytes]","args":[{"element-6066-11e4-a52e-4f735466cecf":"f.451C0D83FD0E10390ED4567275622C99.d.0647AD9C0CA8D671E7FCB57FD03AFABF.e.8593","ELEMENT":"f.451C0D83FD0E10390ED4567275622C99.d.0647AD9C0CA8D671E7FCB57FD03AFABF.e.8593"}]}
COMMAND: POST /session/6eb241deac570073510706dc7280b28b/execute/async - {"script":"<script> [1562 bytes]","args":[{"selector":{"id":"application-managesites-display-component---NewSite--addressNewCostObjectCstID-vhi"},"wdio_ui5_key":"applicationmanagesites-display-component---NewSite--addressNewCostObjectCstID-vhi"}]}
COMMAND: GET /session/6eb241deac570073510706dc7280b28b/screenshot - {}
RESULT: {"script":"<script> [1562 bytes]","args":[{"selector":{"id":"application-managesites-display-component---NewSite--addressNewCostObjectCstID-vhi"},"wdio_ui5_key":"applicationmanagesites-display-component---NewSite--addressNewCostObjectCstID-vhi"}]}
RESULT: undefined
COMMAND: POST /session/6eb241deac570073510706dc7280b28b/element - {"using":"xpath","value":"//*[@id=\"application-managesites-display-component---NewSite--addressNewCostObjectCstID-vhi\"]"}
RESULT: {}
RESULT: {"using":"xpath","value":"//*[@id=\"application-managesites-display-component---NewSite--addressNewCostObjectCstID-vhi\"]"}
COMMAND: POST /session/6eb241deac570073510706dc7280b28b/element/f.451C0D83FD0E10390ED4567275622C99.d.0647AD9C0CA8D671E7FCB57FD03AFABF.e.8593/click - {}
RESULT: {}
COMMAND: GET /session/6eb241deac570073510706dc7280b28b/screenshot - {}
RESULT: {}
RESULT: undefined
COMMAND: POST /session/6eb241deac570073510706dc7280b28b/execute/async - {"script":"<script> [776 bytes]","args":[{"enterText":"10001013","selector":{"controlType":"sap.m.SearchField","properties":{"placeholder":"Search"},"searchOpenDialogs":true,"interaction":{"idSuffix":"I"}},"clearTextFirst":true,"interactionType":"ENTER_TEXT"}]}
RESULT: {"script":"<script> [776 bytes]","args":[{"enterText":"10001013","selector":{"controlType":"sap.m.SearchField","properties":{"placeholder":"Search"},"searchOpenDialogs":true,"interaction":{"idSuffix":"I"}},"clearTextFirst":true,"interactionType":"ENTER_TEXT"}]}
COMMAND: POST /session/6eb241deac570073510706dc7280b28b/actions - {"actions":[{"id":"action24","type":"key","parameters":{},"actions":[{"type":"keyDown","value":"î€‡"},{"type":"pause","duration":10},{"type":"keyUp","value":"î€‡"}]}]}
RESULT: {"actions":[{"id":"action24","type":"key","parameters":{},"actions":[{"type":"keyDown","value":"î€‡"},{"type":"pause","duration":10},{"type":"keyUp","value":"î€‡"}]}]}
COMMAND: GET /session/6eb241deac570073510706dc7280b28b/screenshot - {}
RESULT: {}
COMMAND: POST /session/6eb241deac570073510706dc7280b28b/element - {"using":"xpath","value":"//span[contains(text(), \"General Management\")]"}
RESULT: {"using":"xpath","value":"//span[contains(text(), \"General Management\")]"}
COMMAND: POST /session/6eb241deac570073510706dc7280b28b/element/f.451C0D83FD0E10390ED4567275622C99.d.0647AD9C0CA8D671E7FCB57FD03AFABF.e.8631/click - {}
RESULT: {}
COMMAND: GET /session/6eb241deac570073510706dc7280b28b/screenshot - {}
RESULT: {}
COMMAND: POST /session/6eb241deac570073510706dc7280b28b/element - {"using":"xpath","value":"//bdi[contains(text(), \"OK\")]"}
RESULT: {"using":"xpath","value":"//bdi[contains(text(), \"OK\")]"}
COMMAND: POST /session/6eb241deac570073510706dc7280b28b/element/f.451C0D83FD0E10390ED4567275622C99.d.0647AD9C0CA8D671E7FCB57FD03AFABF.e.8632/click - {}
RESULT: {}
COMMAND: GET /session/6eb241deac570073510706dc7280b28b/screenshot - {}
RESULT: {}
COMMAND: POST /session/6eb241deac570073510706dc7280b28b/element - {"using":"xpath","value":"//input[@id=\"application-managesites-display-component---NewSite--addressDetailDetailsCalendar-inner\"]"}
RESULT: {"using":"xpath","value":"//input[@id=\"application-managesites-display-component---NewSite--addressDetailDetailsCalendar-inner\"]"}
COMMAND: POST /session/6eb241deac570073510706dc7280b28b/element/f.451C0D83FD0E10390ED4567275622C99.d.0647AD9C0CA8D671E7FCB57FD03AFABF.e.8378/clear - {}
RESULT: {}
COMMAND: POST /session/6eb241deac570073510706dc7280b28b/element/f.451C0D83FD0E10390ED4567275622C99.d.0647AD9C0CA8D671E7FCB57FD03AFABF.e.8378/value - {"text":"Unit"}
COMMAND: GET /session/6eb241deac570073510706dc7280b28b/screenshot - {}
RESULT: {"text":"Unit"}
COMMAND: GET /session/6eb241deac570073510706dc7280b28b/screenshot - {}
RESULT: {}
RESULT: {}
COMMAND: POST /session/6eb241deac570073510706dc7280b28b/actions - {"actions":[{"id":"action25","type":"key","parameters":{},"actions":[{"type":"keyDown","value":"î€‡"},{"type":"pause","duration":10},{"type":"keyUp","value":"î€‡"}]}]}
RESULT: {"actions":[{"id":"action25","type":"key","parameters":{},"actions":[{"type":"keyDown","value":"î€‡"},{"type":"pause","duration":10},{"type":"keyUp","value":"î€‡"}]}]}
COMMAND: POST /session/6eb241deac570073510706dc7280b28b/element - {"using":"xpath","value":"//input[@id=\"application-managesites-display-component---NewSite--addressDetailDetailsYard-inner\"]"}
COMMAND: GET /session/6eb241deac570073510706dc7280b28b/screenshot - {}
RESULT: {"using":"xpath","value":"//input[@id=\"application-managesites-display-component---NewSite--addressDetailDetailsYard-inner\"]"}
COMMAND: POST /session/6eb241deac570073510706dc7280b28b/element/f.451C0D83FD0E10390ED4567275622C99.d.0647AD9C0CA8D671E7FCB57FD03AFABF.e.8379/clear - {}
RESULT: {}
RESULT: {}
COMMAND: POST /session/6eb241deac570073510706dc7280b28b/element/f.451C0D83FD0E10390ED4567275622C99.d.0647AD9C0CA8D671E7FCB57FD03AFABF.e.8379/value - {"text":"642"}
COMMAND: GET /session/6eb241deac570073510706dc7280b28b/screenshot - {}
RESULT: {"text":"642"}
COMMAND: GET /session/6eb241deac570073510706dc7280b28b/screenshot - {}
RESULT: {}
RESULT: {}
COMMAND: POST /session/6eb241deac570073510706dc7280b28b/element - {"using":"xpath","value":"//li[.//span[text()='642']]"}
RESULT: {"using":"xpath","value":"//li[.//span[text()='642']]"}
COMMAND: POST /session/6eb241deac570073510706dc7280b28b/element/f.451C0D83FD0E10390ED4567275622C99.d.0647AD9C0CA8D671E7FCB57FD03AFABF.e.8640/click - {}
RESULT: {}
COMMAND: GET /session/6eb241deac570073510706dc7280b28b/screenshot - {}
RESULT: {}
COMMAND: POST /session/6eb241deac570073510706dc7280b28b/element - {"using":"xpath","value":"//input[@id=\"application-managesites-display-component---NewSite--addressDetailDetailsPartner-inner\"]"}
RESULT: {"using":"xpath","value":"//input[@id=\"application-managesites-display-component---NewSite--addressDetailDetailsPartner-inner\"]"}
COMMAND: POST /session/6eb241deac570073510706dc7280b28b/element - {"using":"xpath","value":"//input[@id=\"application-managesites-display-component---NewSite--addressDetailDetailsPartner-inner\"]"}
RESULT: {"using":"xpath","value":"//input[@id=\"application-managesites-display-component---NewSite--addressDetailDetailsPartner-inner\"]"}
COMMAND: POST /session/6eb241deac570073510706dc7280b28b/element - {"using":"xpath","value":"//button[@data-kt=\"saveButton\"]"}
RESULT: {"using":"xpath","value":"//button[@data-kt=\"saveButton\"]"}
COMMAND: POST /session/6eb241deac570073510706dc7280b28b/element/f.451C0D83FD0E10390ED4567275622C99.d.0647AD9C0CA8D671E7FCB57FD03AFABF.e.8574/click - {}
RESULT: {}
COMMAND: GET /session/6eb241deac570073510706dc7280b28b/screenshot - {}
RESULT: {}
COMMAND: POST /session/6eb241deac570073510706dc7280b28b/element - {"using":"xpath","value":"//header[contains(@id, 'ObjectPageLayout-headerTitle')]/div[1]/div[2]/div[2]/span[1]"}
RESULT: {"using":"xpath","value":"//header[contains(@id, 'ObjectPageLayout-headerTitle')]/div[1]/div[2]/div[2]/span[1]"}
COMMAND: POST /session/6eb241deac570073510706dc7280b28b/elements - {"using":"xpath","value":"//header[contains(@id, 'ObjectPageLayout-headerTitle')]/div[1]/div[2]/div[2]/span[1]"}
RESULT: {"using":"xpath","value":"//header[contains(@id, 'ObjectPageLayout-headerTitle')]/div[1]/div[2]/div[2]/span[1]"}
COMMAND: POST /session/6eb241deac570073510706dc7280b28b/execute/sync - {"script":"<script> [56 bytes]","args":[{"element-6066-11e4-a52e-4f735466cecf":"f.451C0D83FD0E10390ED4567275622C99.d.0647AD9C0CA8D671E7FCB57FD03AFABF.e.8845","ELEMENT":"f.451C0D83FD0E10390ED4567275622C99.d.0647AD9C0CA8D671E7FCB57FD03AFABF.e.8845"}]}
RESULT: {"script":"<script> [56 bytes]","args":[{"element-6066-11e4-a52e-4f735466cecf":"f.451C0D83FD0E10390ED4567275622C99.d.0647AD9C0CA8D671E7FCB57FD03AFABF.e.8845","ELEMENT":"f.451C0D83FD0E10390ED4567275622C99.d.0647AD9C0CA8D671E7FCB57FD03AFABF.e.8845"}]}
COMMAND: POST /session/6eb241deac570073510706dc7280b28b/element - {"using":"css selector","value":"#shell-header-logo"}
COMMAND: GET /session/6eb241deac570073510706dc7280b28b/screenshot - {}
RESULT: {"using":"css selector","value":"#shell-header-logo"}
COMMAND: POST /session/6eb241deac570073510706dc7280b28b/element/f.451C0D83FD0E10390ED4567275622C99.d.0647AD9C0CA8D671E7FCB57FD03AFABF.e.8143/click - {}
RESULT: {}
RESULT: {}
COMMAND: GET /session/6eb241deac570073510706dc7280b28b/screenshot - {}
RESULT: {}
COMMAND: POST /session/6eb241deac570073510706dc7280b28b/execute/sync - {"script":"<script> [299 bytes]","args":[["getModel","getResource"]]}
RESULT: {"script":"<script> [299 bytes]","args":[["getModel","getResource"]]}
COMMAND: POST /session/6eb241deac570073510706dc7280b28b/actions - {"actions":[{"id":"action26","type":"key","parameters":{},"actions":[{"type":"keyDown","value":"î€‡"},{"type":"pause","duration":10},{"type":"keyUp","value":"î€‡"}]}]}
COMMAND: GET /session/6eb241deac570073510706dc7280b28b/screenshot - {}
RESULT: {"actions":[{"id":"action26","type":"key","parameters":{},"actions":[{"type":"keyDown","value":"î€‡"},{"type":"pause","duration":10},{"type":"keyUp","value":"î€‡"}]}]}
COMMAND: GET /session/6eb241deac570073510706dc7280b28b/screenshot - {}
RESULT: {}
RESULT: {}
COMMAND: POST /session/6eb241deac570073510706dc7280b28b/refresh - {}
RESULT: {}
COMMAND: GET /session/6eb241deac570073510706dc7280b28b/screenshot - {}
RESULT: {}
COMMAND: POST /session/6eb241deac570073510706dc7280b28b/refresh - {}
RESULT: {}
COMMAND: GET /session/6eb241deac570073510706dc7280b28b/screenshot - {}
RESULT: {}
COMMAND: POST /session/6eb241deac570073510706dc7280b28b/window/fullscreen - {}
RESULT: {}
COMMAND: POST /session/6eb241deac570073510706dc7280b28b/execute/async - {"script":"<script> [189 bytes]","args":[]}
RESULT: {"script":"<script> [189 bytes]","args":[]}
COMMAND: POST /session/6eb241deac570073510706dc7280b28b/execute/async - {"script":"<script> [123 bytes]","args":[]}
RESULT: {"script":"<script> [123 bytes]","args":[]}
COMMAND: POST /session/6eb241deac570073510706dc7280b28b/timeouts - {"script":"<number>"}
RESULT: {"script":"<number>"}
COMMAND: GET /session/6eb241deac570073510706dc7280b28b/timeouts - {}
RESULT: {}
RESULT: undefined
COMMAND: POST /session/6eb241deac570073510706dc7280b28b/execute/async - {"script":"<script> [2676 bytes]","args":[]}
RESULT: {"script":"<script> [2676 bytes]","args":[]}
COMMAND: POST /session/6eb241deac570073510706dc7280b28b/execute/async - {"script":"<script> [2342 bytes]","args":[{"protocol":"http","hostname":"0.0.0.0","path":"/","capabilities":{"browserName":"chrome","goog:chromeOptions":{"binary":"C:\\Program Files\\Google\\Chrome\\Application\\chrome.exe","args":["--start-maximized"]}},"logLevel":"warn","connectionRetryTimeout":120000,"connectionRetryCount":3,"logLevels":{},"enableDirectConnect":true,"strictSSL":true,"_":"65 more keys: [\"cacheDir\",\"port\",\"requestedCapabilities\",\"automationProtocol\",\"baseUrl\",\"waitforInterval\",\"waitforTimeout\",\"onReload\",\"beforeCommand\",\"afterCommand\",\"rootDir\",\"specs\",\"suites\",\"exclude\",\"groupLogsByTestSpec\",\"excludeDriverLogs\",\"bail\",\"framework\",\"reporters\",\"services\",\"maxInstances\",\"maxInstancesPerCapability\",\"injectGlobals\",\"filesToWatch\",\"execArgv\",\"runnerEnv\",\"runner\",\"shard\",\"specFileRetries\",\"specFileRetriesDelay\",\"specFileRetriesDeferred\",\"reporterSyncInterval\",\"reporterSyncTimeout\",\"cucumberFeaturesWithLineNumbers\",\"autoCompileOpts\",\"mochaOpts\",\"jasmineOpts\",\"cucumberOpts\",\"onPrepare\",\"onWorkerStart\",\"onWorkerEnd\",\"before\",\"beforeSession\",\"beforeSuite\",\"beforeHook\",\"beforeTest\",\"afterTest\",\"afterHook\",\"afterSuite\",\"afterSession\",\"after\",\"onComplete\",\"beforeAssertion\",\"afterAssertion\",\"beforeFeature\",\"beforeScenario\",\"beforeStep\",\"afterStep\",\"afterScenario\",\"afterFeature\",\"_\",\"suite\",\"$0\",\"ignoredWorkerServices\",\"wdi5\"]"}]}
RESULT: {"script":"<script> [2342 bytes]","args":[{"protocol":"http","hostname":"0.0.0.0","path":"/","capabilities":{"browserName":"chrome","goog:chromeOptions":{"binary":"C:\\Program Files\\Google\\Chrome\\Application\\chrome.exe","args":["--start-maximized"]}},"logLevel":"warn","connectionRetryTimeout":120000,"connectionRetryCount":3,"logLevels":{},"enableDirectConnect":true,"strictSSL":true,"_":"65 more keys: [\"cacheDir\",\"port\",\"requestedCapabilities\",\"automationProtocol\",\"baseUrl\",\"waitforInterval\",\"waitforTimeout\",\"onReload\",\"beforeCommand\",\"afterCommand\",\"rootDir\",\"specs\",\"suites\",\"exclude\",\"groupLogsByTestSpec\",\"excludeDriverLogs\",\"bail\",\"framework\",\"reporters\",\"services\",\"maxInstances\",\"maxInstancesPerCapability\",\"injectGlobals\",\"filesToWatch\",\"execArgv\",\"runnerEnv\",\"runner\",\"shard\",\"specFileRetries\",\"specFileRetriesDelay\",\"specFileRetriesDeferred\",\"reporterSyncInterval\",\"reporterSyncTimeout\",\"cucumberFeaturesWithLineNumbers\",\"autoCompileOpts\",\"mochaOpts\",\"jasmineOpts\",\"cucumberOpts\",\"onPrepare\",\"onWorkerStart\",\"onWorkerEnd\",\"before\",\"beforeSession\",\"beforeSuite\",\"beforeHook\",\"beforeTest\",\"afterTest\",\"afterHook\",\"afterSuite\",\"afterSession\",\"after\",\"onComplete\",\"beforeAssertion\",\"afterAssertion\",\"beforeFeature\",\"beforeScenario\",\"beforeStep\",\"afterStep\",\"afterScenario\",\"afterFeature\",\"_\",\"suite\",\"$0\",\"ignoredWorkerServices\",\"wdi5\"]"}]}
COMMAND: POST /session/6eb241deac570073510706dc7280b28b/execute/async - {"script":"<script> [21126 bytes]","args":[35000]}
RESULT: {"script":"<script> [21126 bytes]","args":[35000]}
COMMAND: POST /session/6eb241deac570073510706dc7280b28b/window/fullscreen - {}
RESULT: {}
]]></system-out>
    </testcase>
    <testcase classname="chrome.135_0_7049_115.windows.Create_master_data_for_mixed_billing_&amp;_do_billing_calculation_US151661" name="Should create a new equipment and add a counter to it" time="176.294">
      <system-out><![CDATA[
COMMAND: POST /session/6eb241deac570073510706dc7280b28b/execute/async - {"script":"<script> [1562 bytes]","args":[{"selector":{"controlType":"sap.m.GenericTile","properties":{"header":"Manage Resources"}},"wdio_ui5_key":"sapm.GenericTile{\"header\":\"Manage Resources\"}"}]}
RESULT: {"script":"<script> [1562 bytes]","args":[{"selector":{"controlType":"sap.m.GenericTile","properties":{"header":"Manage Resources"}},"wdio_ui5_key":"sapm.GenericTile{\"header\":\"Manage Resources\"}"}]}
RESULT: undefined
COMMAND: POST /session/6eb241deac570073510706dc7280b28b/element - {"using":"xpath","value":"//*[@id=\"__tile31\"]"}
RESULT: {"using":"xpath","value":"//*[@id=\"__tile31\"]"}
COMMAND: POST /session/6eb241deac570073510706dc7280b28b/element/f.451C0D83FD0E10390ED4567275622C99.d.8BCACACEE0486510DA091FF4234B7F11.e.8920/click - {}
RESULT: {}
COMMAND: POST /session/6eb241deac570073510706dc7280b28b/element - {"using":"xpath","value":"//button[@data-kt=\"addNewRUOverflowToolbarButton\"]"}
COMMAND: GET /session/6eb241deac570073510706dc7280b28b/screenshot - {}
RESULT: {"using":"xpath","value":"//button[@data-kt=\"addNewRUOverflowToolbarButton\"]"}
COMMAND: POST /session/6eb241deac570073510706dc7280b28b/elements - {"using":"xpath","value":"//button[@data-kt=\"addNewRUOverflowToolbarButton\"]"}
RESULT: {}
RESULT: {"using":"xpath","value":"//button[@data-kt=\"addNewRUOverflowToolbarButton\"]"}
COMMAND: POST /session/6eb241deac570073510706dc7280b28b/elements - {"using":"xpath","value":"//button[@data-kt=\"addNewRUOverflowToolbarButton\"]"}
RESULT: {"using":"xpath","value":"//button[@data-kt=\"addNewRUOverflowToolbarButton\"]"}
COMMAND: POST /session/6eb241deac570073510706dc7280b28b/elements - {"using":"xpath","value":"//button[@data-kt=\"addNewRUOverflowToolbarButton\"]"}
RESULT: {"using":"xpath","value":"//button[@data-kt=\"addNewRUOverflowToolbarButton\"]"}
COMMAND: POST /session/6eb241deac570073510706dc7280b28b/elements - {"using":"xpath","value":"//button[@data-kt=\"addNewRUOverflowToolbarButton\"]"}
RESULT: {"using":"xpath","value":"//button[@data-kt=\"addNewRUOverflowToolbarButton\"]"}
COMMAND: POST /session/6eb241deac570073510706dc7280b28b/elements - {"using":"xpath","value":"//button[@data-kt=\"addNewRUOverflowToolbarButton\"]"}
RESULT: {"using":"xpath","value":"//button[@data-kt=\"addNewRUOverflowToolbarButton\"]"}
COMMAND: POST /session/6eb241deac570073510706dc7280b28b/elements - {"using":"xpath","value":"//button[@data-kt=\"addNewRUOverflowToolbarButton\"]"}
RESULT: {"using":"xpath","value":"//button[@data-kt=\"addNewRUOverflowToolbarButton\"]"}
COMMAND: POST /session/6eb241deac570073510706dc7280b28b/element - {"using":"xpath","value":"//button[@data-kt=\"addNewRUOverflowToolbarButton\"]"}
RESULT: {"using":"xpath","value":"//button[@data-kt=\"addNewRUOverflowToolbarButton\"]"}
COMMAND: POST /session/6eb241deac570073510706dc7280b28b/execute/sync - {"script":"<script> [8489 bytes]","args":[{"element-6066-11e4-a52e-4f735466cecf":"f.451C0D83FD0E10390ED4567275622C99.d.8BCACACEE0486510DA091FF4234B7F11.e.9029","ELEMENT":"f.451C0D83FD0E10390ED4567275622C99.d.8BCACACEE0486510DA091FF4234B7F11.e.9029"}]}
RESULT: {"script":"<script> [8489 bytes]","args":[{"element-6066-11e4-a52e-4f735466cecf":"f.451C0D83FD0E10390ED4567275622C99.d.8BCACACEE0486510DA091FF4234B7F11.e.9029","ELEMENT":"f.451C0D83FD0E10390ED4567275622C99.d.8BCACACEE0486510DA091FF4234B7F11.e.9029"}]}
COMMAND: GET /session/6eb241deac570073510706dc7280b28b/element/f.451C0D83FD0E10390ED4567275622C99.d.8BCACACEE0486510DA091FF4234B7F11.e.9029/enabled - {}
COMMAND: GET /session/6eb241deac570073510706dc7280b28b/screenshot - {}
RESULT: {}
COMMAND: POST /session/6eb241deac570073510706dc7280b28b/execute/sync - {"script":"<script> [8489 bytes]","args":[{"element-6066-11e4-a52e-4f735466cecf":"f.451C0D83FD0E10390ED4567275622C99.d.8BCACACEE0486510DA091FF4234B7F11.e.9029","ELEMENT":"f.451C0D83FD0E10390ED4567275622C99.d.8BCACACEE0486510DA091FF4234B7F11.e.9029"}]}
COMMAND: GET /session/6eb241deac570073510706dc7280b28b/screenshot - {}
RESULT: {}
RESULT: {"script":"<script> [8489 bytes]","args":[{"element-6066-11e4-a52e-4f735466cecf":"f.451C0D83FD0E10390ED4567275622C99.d.8BCACACEE0486510DA091FF4234B7F11.e.9029","ELEMENT":"f.451C0D83FD0E10390ED4567275622C99.d.8BCACACEE0486510DA091FF4234B7F11.e.9029"}]}
COMMAND: POST /session/6eb241deac570073510706dc7280b28b/execute/sync - {"script":"<script> [5351 bytes]","args":[{"element-6066-11e4-a52e-4f735466cecf":"f.451C0D83FD0E10390ED4567275622C99.d.8BCACACEE0486510DA091FF4234B7F11.e.9029","ELEMENT":"f.451C0D83FD0E10390ED4567275622C99.d.8BCACACEE0486510DA091FF4234B7F11.e.9029"}]}
COMMAND: GET /session/6eb241deac570073510706dc7280b28b/screenshot - {}
RESULT: {}
RESULT: {"script":"<script> [5351 bytes]","args":[{"element-6066-11e4-a52e-4f735466cecf":"f.451C0D83FD0E10390ED4567275622C99.d.8BCACACEE0486510DA091FF4234B7F11.e.9029","ELEMENT":"f.451C0D83FD0E10390ED4567275622C99.d.8BCACACEE0486510DA091FF4234B7F11.e.9029"}]}
COMMAND: POST /session/6eb241deac570073510706dc7280b28b/element/f.451C0D83FD0E10390ED4567275622C99.d.8BCACACEE0486510DA091FF4234B7F11.e.9029/click - {}
COMMAND: GET /session/6eb241deac570073510706dc7280b28b/screenshot - {}
RESULT: {}
RESULT: {}
COMMAND: GET /session/6eb241deac570073510706dc7280b28b/screenshot - {}
COMMAND: POST /session/6eb241deac570073510706dc7280b28b/execute/async - {"script":"<script> [1562 bytes]","args":[{"selector":{"id":"application-manageresources-display-component---newResourceUnit--TYPE-arrow"},"wdio_ui5_key":"applicationmanageresources-display-component---newResourceUnit--TYPE-arrow"}]}
RESULT: {}
RESULT: {}
RESULT: {"script":"<script> [1562 bytes]","args":[{"selector":{"id":"application-manageresources-display-component---newResourceUnit--TYPE-arrow"},"wdio_ui5_key":"applicationmanageresources-display-component---newResourceUnit--TYPE-arrow"}]}
RESULT: undefined
COMMAND: POST /session/6eb241deac570073510706dc7280b28b/element - {"using":"xpath","value":"//*[@id=\"application-manageresources-display-component---newResourceUnit--TYPE-arrow\"]"}
RESULT: {"using":"xpath","value":"//*[@id=\"application-manageresources-display-component---newResourceUnit--TYPE-arrow\"]"}
COMMAND: POST /session/6eb241deac570073510706dc7280b28b/element/f.451C0D83FD0E10390ED4567275622C99.d.8BCACACEE0486510DA091FF4234B7F11.e.9197/click - {}
RESULT: {}
COMMAND: POST /session/6eb241deac570073510706dc7280b28b/element - {"using":"xpath","value":"//input[@id=\"application-manageresources-display-component---newResourceUnit--TYPE-inner\"]"}
COMMAND: GET /session/6eb241deac570073510706dc7280b28b/screenshot - {}
RESULT: {"using":"xpath","value":"//input[@id=\"application-manageresources-display-component---newResourceUnit--TYPE-inner\"]"}
COMMAND: POST /session/6eb241deac570073510706dc7280b28b/element/f.451C0D83FD0E10390ED4567275622C99.d.8BCACACEE0486510DA091FF4234B7F11.e.9083/clear - {}
RESULT: {}
RESULT: {}
COMMAND: POST /session/6eb241deac570073510706dc7280b28b/element/f.451C0D83FD0E10390ED4567275622C99.d.8BCACACEE0486510DA091FF4234B7F11.e.9083/value - {"text":"Equipment"}
COMMAND: GET /session/6eb241deac570073510706dc7280b28b/screenshot - {}
RESULT: {"text":"Equipment"}
COMMAND: GET /session/6eb241deac570073510706dc7280b28b/screenshot - {}
RESULT: {}
RESULT: {}
COMMAND: POST /session/6eb241deac570073510706dc7280b28b/actions - {"actions":[{"id":"action27","type":"key","parameters":{},"actions":[{"type":"keyDown","value":"î€‡"},{"type":"pause","duration":10},{"type":"keyUp","value":"î€‡"}]}]}
RESULT: {"actions":[{"id":"action27","type":"key","parameters":{},"actions":[{"type":"keyDown","value":"î€‡"},{"type":"pause","duration":10},{"type":"keyUp","value":"î€‡"}]}]}
COMMAND: POST /session/6eb241deac570073510706dc7280b28b/execute/async - {"script":"<script> [1562 bytes]","args":[{"selector":{"id":"application-manageresources-display-component---newResourceUnit--resourceId","interaction":{"idSuffix":"inner"}},"wdio_ui5_key":"applicationmanageresources-display-component---newResourceUnit--resourceId"}]}
COMMAND: GET /session/6eb241deac570073510706dc7280b28b/screenshot - {}
RESULT: {"script":"<script> [1562 bytes]","args":[{"selector":{"id":"application-manageresources-display-component---newResourceUnit--resourceId","interaction":{"idSuffix":"inner"}},"wdio_ui5_key":"applicationmanageresources-display-component---newResourceUnit--resourceId"}]}
RESULT: undefined
COMMAND: POST /session/6eb241deac570073510706dc7280b28b/execute/async - {"script":"<script> [776 bytes]","args":[{"enterText":"WykgKEWDpZ","selector":{"id":"application-manageresources-display-component---newResourceUnit--resourceId","interaction":{"idSuffix":"inner"}},"clearTextFirst":true,"interactionType":"ENTER_TEXT"}]}
RESULT: {}
RESULT: {"script":"<script> [776 bytes]","args":[{"enterText":"WykgKEWDpZ","selector":{"id":"application-manageresources-display-component---newResourceUnit--resourceId","interaction":{"idSuffix":"inner"}},"clearTextFirst":true,"interactionType":"ENTER_TEXT"}]}
COMMAND: POST /session/6eb241deac570073510706dc7280b28b/execute/async - {"script":"<script> [1562 bytes]","args":[{"selector":{"id":"application-manageresources-display-component---newResourceUnit--SHORT_TEXT","interaction":{"idSuffix":"inner"}},"wdio_ui5_key":"applicationmanageresources-display-component---newResourceUnit--SHORT_TEXT"}]}
RESULT: {"script":"<script> [1562 bytes]","args":[{"selector":{"id":"application-manageresources-display-component---newResourceUnit--SHORT_TEXT","interaction":{"idSuffix":"inner"}},"wdio_ui5_key":"applicationmanageresources-display-component---newResourceUnit--SHORT_TEXT"}]}
RESULT: undefined
COMMAND: POST /session/6eb241deac570073510706dc7280b28b/execute/async - {"script":"<script> [776 bytes]","args":[{"enterText":"Intercompany Equipment WDIO","selector":{"id":"application-manageresources-display-component---newResourceUnit--SHORT_TEXT","interaction":{"idSuffix":"inner"}},"clearTextFirst":true,"interactionType":"ENTER_TEXT"}]}
RESULT: {"script":"<script> [776 bytes]","args":[{"enterText":"Intercompany Equipment WDIO","selector":{"id":"application-manageresources-display-component---newResourceUnit--SHORT_TEXT","interaction":{"idSuffix":"inner"}},"clearTextFirst":true,"interactionType":"ENTER_TEXT"}]}
COMMAND: POST /session/6eb241deac570073510706dc7280b28b/execute/async - {"script":"<script> [1562 bytes]","args":[{"selector":{"id":"application-manageresources-display-component---newResourceUnit--BASE_UNIT_OF_MEASURE","interaction":{"idSuffix":"inner"}},"wdio_ui5_key":"applicationmanageresources-display-component---newResourceUnit--BASE_UNIT_OF_MEASURE"}]}
RESULT: {"script":"<script> [1562 bytes]","args":[{"selector":{"id":"application-manageresources-display-component---newResourceUnit--BASE_UNIT_OF_MEASURE","interaction":{"idSuffix":"inner"}},"wdio_ui5_key":"applicationmanageresources-display-component---newResourceUnit--BASE_UNIT_OF_MEASURE"}]}
RESULT: undefined
COMMAND: POST /session/6eb241deac570073510706dc7280b28b/execute/async - {"script":"<script> [776 bytes]","args":[{"enterText":"Piece","selector":{"id":"application-manageresources-display-component---newResourceUnit--BASE_UNIT_OF_MEASURE","interaction":{"idSuffix":"inner"}},"clearTextFirst":true,"interactionType":"ENTER_TEXT"}]}
RESULT: {"script":"<script> [776 bytes]","args":[{"enterText":"Piece","selector":{"id":"application-manageresources-display-component---newResourceUnit--BASE_UNIT_OF_MEASURE","interaction":{"idSuffix":"inner"}},"clearTextFirst":true,"interactionType":"ENTER_TEXT"}]}
COMMAND: POST /session/6eb241deac570073510706dc7280b28b/execute/async - {"script":"<script> [1562 bytes]","args":[{"selector":{"id":"application-manageresources-display-component---newResourceUnit--WEIGHT_UNIT","interaction":{"idSuffix":"inner"}},"wdio_ui5_key":"applicationmanageresources-display-component---newResourceUnit--WEIGHT_UNIT"}]}
RESULT: {"script":"<script> [1562 bytes]","args":[{"selector":{"id":"application-manageresources-display-component---newResourceUnit--WEIGHT_UNIT","interaction":{"idSuffix":"inner"}},"wdio_ui5_key":"applicationmanageresources-display-component---newResourceUnit--WEIGHT_UNIT"}]}
RESULT: undefined
COMMAND: POST /session/6eb241deac570073510706dc7280b28b/execute/async - {"script":"<script> [776 bytes]","args":[{"enterText":"Gram","selector":{"id":"application-manageresources-display-component---newResourceUnit--WEIGHT_UNIT","interaction":{"idSuffix":"inner"}},"clearTextFirst":true,"interactionType":"ENTER_TEXT"}]}
RESULT: {"script":"<script> [776 bytes]","args":[{"enterText":"Gram","selector":{"id":"application-manageresources-display-component---newResourceUnit--WEIGHT_UNIT","interaction":{"idSuffix":"inner"}},"clearTextFirst":true,"interactionType":"ENTER_TEXT"}]}
COMMAND: POST /session/6eb241deac570073510706dc7280b28b/execute/async - {"script":"<script> [1562 bytes]","args":[{"selector":{"id":"application-manageresources-display-component---newResourceUnit--DIMENSION_UNIT","interaction":{"idSuffix":"inner"}},"wdio_ui5_key":"applicationmanageresources-display-component---newResourceUnit--DIMENSION_UNIT"}]}
RESULT: {"script":"<script> [1562 bytes]","args":[{"selector":{"id":"application-manageresources-display-component---newResourceUnit--DIMENSION_UNIT","interaction":{"idSuffix":"inner"}},"wdio_ui5_key":"applicationmanageresources-display-component---newResourceUnit--DIMENSION_UNIT"}]}
RESULT: undefined
COMMAND: POST /session/6eb241deac570073510706dc7280b28b/execute/async - {"script":"<script> [776 bytes]","args":[{"enterText":"Meter","selector":{"id":"application-manageresources-display-component---newResourceUnit--DIMENSION_UNIT","interaction":{"idSuffix":"inner"}},"clearTextFirst":true,"interactionType":"ENTER_TEXT"}]}
RESULT: {"script":"<script> [776 bytes]","args":[{"enterText":"Meter","selector":{"id":"application-manageresources-display-component---newResourceUnit--DIMENSION_UNIT","interaction":{"idSuffix":"inner"}},"clearTextFirst":true,"interactionType":"ENTER_TEXT"}]}
COMMAND: POST /session/6eb241deac570073510706dc7280b28b/execute/async - {"script":"<script> [1562 bytes]","args":[{"selector":{"id":"application-manageresources-display-component---newResourceUnit--newRRUPage-anchBar-application-manageresources-display-component---newResourceUnit--control-anchor","interaction":{"idSuffix":"BDI-content"}},"wdio_ui5_key":"applicationmanageresources-display-component---newResourceUnit--newRRUPage-anchBar-application-manageresources-display-component---newResourceUnit--control-anchor"}]}
RESULT: {"script":"<script> [1562 bytes]","args":[{"selector":{"id":"application-manageresources-display-component---newResourceUnit--newRRUPage-anchBar-application-manageresources-display-component---newResourceUnit--control-anchor","interaction":{"idSuffix":"BDI-content"}},"wdio_ui5_key":"applicationmanageresources-display-component---newResourceUnit--newRRUPage-anchBar-application-manageresources-display-component---newResourceUnit--control-anchor"}]}
RESULT: undefined
COMMAND: POST /session/6eb241deac570073510706dc7280b28b/element - {"using":"xpath","value":"//*[@id=\"application-manageresources-display-component---newResourceUnit--newRRUPage-anchBar-application-manageresources-display-component---newResourceUnit--control-anchor\"]"}
RESULT: {"using":"xpath","value":"//*[@id=\"application-manageresources-display-component---newResourceUnit--newRRUPage-anchBar-application-manageresources-display-component---newResourceUnit--control-anchor\"]"}
COMMAND: POST /session/6eb241deac570073510706dc7280b28b/element/f.451C0D83FD0E10390ED4567275622C99.d.8BCACACEE0486510DA091FF4234B7F11.e.9332/click - {}
RESULT: {}
COMMAND: POST /session/6eb241deac570073510706dc7280b28b/execute/async - {"script":"<script> [1562 bytes]","args":[{"selector":{"id":"application-manageresources-display-component---newResourceUnit--PLANNING_GROUP","interaction":{"idSuffix":"inner"}},"wdio_ui5_key":"applicationmanageresources-display-component---newResourceUnit--PLANNING_GROUP"}]}
COMMAND: GET /session/6eb241deac570073510706dc7280b28b/screenshot - {}
RESULT: {"script":"<script> [1562 bytes]","args":[{"selector":{"id":"application-manageresources-display-component---newResourceUnit--PLANNING_GROUP","interaction":{"idSuffix":"inner"}},"wdio_ui5_key":"applicationmanageresources-display-component---newResourceUnit--PLANNING_GROUP"}]}
RESULT: undefined
COMMAND: POST /session/6eb241deac570073510706dc7280b28b/execute/async - {"script":"<script> [776 bytes]","args":[{"enterText":"Heavy Equi","selector":{"id":"application-manageresources-display-component---newResourceUnit--PLANNING_GROUP","interaction":{"idSuffix":"inner"}},"clearTextFirst":true,"interactionType":"ENTER_TEXT"}]}
RESULT: {}
RESULT: {"script":"<script> [776 bytes]","args":[{"enterText":"Heavy Equi","selector":{"id":"application-manageresources-display-component---newResourceUnit--PLANNING_GROUP","interaction":{"idSuffix":"inner"}},"clearTextFirst":true,"interactionType":"ENTER_TEXT"}]}
COMMAND: POST /session/6eb241deac570073510706dc7280b28b/execute/async - {"script":"<script> [1562 bytes]","args":[{"selector":{"id":"application-manageresources-display-component---newResourceUnit--ITEM_TYPE-arrow"},"wdio_ui5_key":"applicationmanageresources-display-component---newResourceUnit--ITEM_TYPE-arrow"}]}
RESULT: {"script":"<script> [1562 bytes]","args":[{"selector":{"id":"application-manageresources-display-component---newResourceUnit--ITEM_TYPE-arrow"},"wdio_ui5_key":"applicationmanageresources-display-component---newResourceUnit--ITEM_TYPE-arrow"}]}
RESULT: undefined
COMMAND: POST /session/6eb241deac570073510706dc7280b28b/element - {"using":"xpath","value":"//*[@id=\"application-manageresources-display-component---newResourceUnit--ITEM_TYPE-arrow\"]"}
RESULT: {"using":"xpath","value":"//*[@id=\"application-manageresources-display-component---newResourceUnit--ITEM_TYPE-arrow\"]"}
COMMAND: POST /session/6eb241deac570073510706dc7280b28b/element/f.451C0D83FD0E10390ED4567275622C99.d.8BCACACEE0486510DA091FF4234B7F11.e.9341/click - {}
RESULT: {}
COMMAND: POST /session/6eb241deac570073510706dc7280b28b/element - {"using":"xpath","value":"(//span[contains(text(), \"Resource Unit\")])[2]"}
COMMAND: GET /session/6eb241deac570073510706dc7280b28b/screenshot - {}
RESULT: {"using":"xpath","value":"(//span[contains(text(), \"Resource Unit\")])[2]"}
COMMAND: POST /session/6eb241deac570073510706dc7280b28b/element/f.451C0D83FD0E10390ED4567275622C99.d.8BCACACEE0486510DA091FF4234B7F11.e.9342/click - {}
RESULT: {}
RESULT: {}
COMMAND: GET /session/6eb241deac570073510706dc7280b28b/screenshot - {}
RESULT: {}
COMMAND: POST /session/6eb241deac570073510706dc7280b28b/element - {"using":"css selector","value":"#application-manageresources-display-component---newResourceUnit--btnAddTimeSegment"}
RESULT: {"using":"css selector","value":"#application-manageresources-display-component---newResourceUnit--btnAddTimeSegment"}
COMMAND: GET /session/6eb241deac570073510706dc7280b28b/element/f.451C0D83FD0E10390ED4567275622C99.d.8BCACACEE0486510DA091FF4234B7F11.e.9343/rect - {}
RESULT: {}
COMMAND: GET /session/6eb241deac570073510706dc7280b28b/window/rect - {}
RESULT: {}
COMMAND: POST /session/6eb241deac570073510706dc7280b28b/execute/sync - {"script":"<script> [92 bytes]","args":[]}
RESULT: {"script":"<script> [92 bytes]","args":[]}
COMMAND: POST /session/6eb241deac570073510706dc7280b28b/actions - {"actions":[{"id":"action28","type":"wheel","parameters":{},"actions":[{"type":"scroll","x":-1888,"y":-32,"deltaX":0,"deltaY":0,"duration":0,"origin":{"element-6066-11e4-a52e-4f735466cecf":"f.451C0D83FD0E10390ED4567275622C99.d.8BCACACEE0486510DA091FF4234B7F11.e.9343"}}]}]}
COMMAND: GET /session/6eb241deac570073510706dc7280b28b/screenshot - {}
RESULT: {}
COMMAND: POST /session/6eb241deac570073510706dc7280b28b/execute/sync - {"script":"<script> [79 bytes]","args":[{"element-6066-11e4-a52e-4f735466cecf":"f.451C0D83FD0E10390ED4567275622C99.d.8BCACACEE0486510DA091FF4234B7F11.e.9343","ELEMENT":"f.451C0D83FD0E10390ED4567275622C99.d.8BCACACEE0486510DA091FF4234B7F11.e.9343"},{"block":"start","inline":"nearest"}]}
RESULT: {"script":"<script> [79 bytes]","args":[{"element-6066-11e4-a52e-4f735466cecf":"f.451C0D83FD0E10390ED4567275622C99.d.8BCACACEE0486510DA091FF4234B7F11.e.9343","ELEMENT":"f.451C0D83FD0E10390ED4567275622C99.d.8BCACACEE0486510DA091FF4234B7F11.e.9343"},{"block":"start","inline":"nearest"}]}
COMMAND: POST /session/6eb241deac570073510706dc7280b28b/execute/async - {"script":"<script> [1562 bytes]","args":[{"selector":{"id":"application-manageresources-display-component---newResourceUnit--btnAddTimeSegment","interaction":{"idSuffix":"inner"}},"wdio_ui5_key":"applicationmanageresources-display-component---newResourceUnit--btnAddTimeSegment"}]}
COMMAND: GET /session/6eb241deac570073510706dc7280b28b/screenshot - {}
RESULT: {"script":"<script> [1562 bytes]","args":[{"selector":{"id":"application-manageresources-display-component---newResourceUnit--btnAddTimeSegment","interaction":{"idSuffix":"inner"}},"wdio_ui5_key":"applicationmanageresources-display-component---newResourceUnit--btnAddTimeSegment"}]}
RESULT: undefined
COMMAND: POST /session/6eb241deac570073510706dc7280b28b/element - {"using":"xpath","value":"//*[@id=\"application-manageresources-display-component---newResourceUnit--btnAddTimeSegment\"]"}
RESULT: {}
RESULT: {"using":"xpath","value":"//*[@id=\"application-manageresources-display-component---newResourceUnit--btnAddTimeSegment\"]"}
COMMAND: POST /session/6eb241deac570073510706dc7280b28b/element/f.451C0D83FD0E10390ED4567275622C99.d.8BCACACEE0486510DA091FF4234B7F11.e.9343/click - {}
RESULT: {}
COMMAND: GET /session/6eb241deac570073510706dc7280b28b/screenshot - {}
RESULT: {}
COMMAND: POST /session/6eb241deac570073510706dc7280b28b/element - {"using":"xpath","value":"//input[@id=\"application-manageresources-display-component---newResourceUnit--idRuTSAdmin-application-manageresources-display-component---newResourceUnit--RUTimeSegment-0-inner\"]"}
RESULT: {"using":"xpath","value":"//input[@id=\"application-manageresources-display-component---newResourceUnit--idRuTSAdmin-application-manageresources-display-component---newResourceUnit--RUTimeSegment-0-inner\"]"}
COMMAND: POST /session/6eb241deac570073510706dc7280b28b/element/f.451C0D83FD0E10390ED4567275622C99.d.8BCACACEE0486510DA091FF4234B7F11.e.9349/clear - {}
RESULT: {}
COMMAND: POST /session/6eb241deac570073510706dc7280b28b/element/f.451C0D83FD0E10390ED4567275622C99.d.8BCACACEE0486510DA091FF4234B7F11.e.9349/value - {"text":"642"}
COMMAND: GET /session/6eb241deac570073510706dc7280b28b/screenshot - {}
RESULT: {"text":"642"}
COMMAND: GET /session/6eb241deac570073510706dc7280b28b/screenshot - {}
RESULT: {}
RESULT: {}
COMMAND: POST /session/6eb241deac570073510706dc7280b28b/element - {"using":"xpath","value":"//li[.//span[text()='642']]"}
RESULT: {"using":"xpath","value":"//li[.//span[text()='642']]"}
COMMAND: POST /session/6eb241deac570073510706dc7280b28b/element/f.451C0D83FD0E10390ED4567275622C99.d.8BCACACEE0486510DA091FF4234B7F11.e.9363/click - {}
RESULT: {}
COMMAND: GET /session/6eb241deac570073510706dc7280b28b/screenshot - {}
RESULT: {}
COMMAND: POST /session/6eb241deac570073510706dc7280b28b/element - {"using":"xpath","value":"(//span[contains(@id, \"-application-manageresources-display-component---newResourceUnit--RUTimeSegment-0-arrow\")])[6]"}
RESULT: {"using":"xpath","value":"(//span[contains(@id, \"-application-manageresources-display-component---newResourceUnit--RUTimeSegment-0-arrow\")])[6]"}
COMMAND: POST /session/6eb241deac570073510706dc7280b28b/element/f.451C0D83FD0E10390ED4567275622C99.d.8BCACACEE0486510DA091FF4234B7F11.e.9364/click - {}
RESULT: {}
COMMAND: GET /session/6eb241deac570073510706dc7280b28b/screenshot - {}
RESULT: {}
COMMAND: POST /session/6eb241deac570073510706dc7280b28b/element - {"using":"xpath","value":"//span[contains(text(), \"PM Order\")]"}
RESULT: {"using":"xpath","value":"//span[contains(text(), \"PM Order\")]"}
COMMAND: POST /session/6eb241deac570073510706dc7280b28b/element/f.451C0D83FD0E10390ED4567275622C99.d.8BCACACEE0486510DA091FF4234B7F11.e.9367/click - {}
RESULT: {}
COMMAND: GET /session/6eb241deac570073510706dc7280b28b/screenshot - {}
RESULT: {}
COMMAND: POST /session/6eb241deac570073510706dc7280b28b/element - {"using":"xpath","value":"(//span[contains(@id ,\"manageresources-display-component---newResourceUnit--RUTimeSegment-0-vhi\")])[1]"}
RESULT: {"using":"xpath","value":"(//span[contains(@id ,\"manageresources-display-component---newResourceUnit--RUTimeSegment-0-vhi\")])[1]"}
COMMAND: GET /session/6eb241deac570073510706dc7280b28b/element/f.451C0D83FD0E10390ED4567275622C99.d.8BCACACEE0486510DA091FF4234B7F11.e.9371/rect - {}
RESULT: {}
COMMAND: GET /session/6eb241deac570073510706dc7280b28b/window/rect - {}
RESULT: {}
COMMAND: POST /session/6eb241deac570073510706dc7280b28b/execute/sync - {"script":"<script> [92 bytes]","args":[]}
RESULT: {"script":"<script> [92 bytes]","args":[]}
COMMAND: POST /session/6eb241deac570073510706dc7280b28b/actions - {"actions":[{"id":"action29","type":"wheel","parameters":{},"actions":[{"type":"scroll","x":-869,"y":-24,"deltaX":0,"deltaY":0,"duration":0,"origin":{"element-6066-11e4-a52e-4f735466cecf":"f.451C0D83FD0E10390ED4567275622C99.d.8BCACACEE0486510DA091FF4234B7F11.e.9371"}}]}]}
COMMAND: GET /session/6eb241deac570073510706dc7280b28b/screenshot - {}
RESULT: {"actions":[{"id":"action29","type":"wheel","parameters":{},"actions":[{"type":"scroll","x":-869,"y":-24,"deltaX":0,"deltaY":0,"duration":0,"origin":{"element-6066-11e4-a52e-4f735466cecf":"f.451C0D83FD0E10390ED4567275622C99.d.8BCACACEE0486510DA091FF4234B7F11.e.9371"}}]}]}
COMMAND: DELETE /session/6eb241deac570073510706dc7280b28b/actions - {}
COMMAND: GET /session/6eb241deac570073510706dc7280b28b/screenshot - {}
RESULT: {}
RESULT: {}
COMMAND: GET /session/6eb241deac570073510706dc7280b28b/screenshot - {}
RESULT: {}
RESULT: {}
COMMAND: POST /session/6eb241deac570073510706dc7280b28b/element/f.451C0D83FD0E10390ED4567275622C99.d.8BCACACEE0486510DA091FF4234B7F11.e.9371/click - {}
RESULT: {}
COMMAND: GET /session/6eb241deac570073510706dc7280b28b/screenshot - {}
RESULT: {}
COMMAND: POST /session/6eb241deac570073510706dc7280b28b/execute/async - {"script":"<script> [1562 bytes]","args":[{"selector":{"controlType":"sap.m.SearchField","properties":{"placeholder":"Search"},"searchOpenDialogs":true,"interaction":{"idSuffix":"I"}},"wdio_ui5_key":"sapm.SearchField{\"placeholder\":\"Search\"}"}]}
RESULT: {"script":"<script> [1562 bytes]","args":[{"selector":{"controlType":"sap.m.SearchField","properties":{"placeholder":"Search"},"searchOpenDialogs":true,"interaction":{"idSuffix":"I"}},"wdio_ui5_key":"sapm.SearchField{\"placeholder\":\"Search\"}"}]}
RESULT: undefined
COMMAND: POST /session/6eb241deac570073510706dc7280b28b/execute/async - {"script":"<script> [776 bytes]","args":[{"enterText":"4000360","selector":{"controlType":"sap.m.SearchField","properties":{"placeholder":"Search"},"searchOpenDialogs":true,"interaction":{"idSuffix":"I"}},"clearTextFirst":true,"interactionType":"ENTER_TEXT"}]}
RESULT: {"script":"<script> [776 bytes]","args":[{"enterText":"4000360","selector":{"controlType":"sap.m.SearchField","properties":{"placeholder":"Search"},"searchOpenDialogs":true,"interaction":{"idSuffix":"I"}},"clearTextFirst":true,"interactionType":"ENTER_TEXT"}]}
COMMAND: POST /session/6eb241deac570073510706dc7280b28b/actions - {"actions":[{"id":"action30","type":"key","parameters":{},"actions":[{"type":"keyDown","value":"î€‡"},{"type":"pause","duration":10},{"type":"keyUp","value":"î€‡"}]}]}
RESULT: {"actions":[{"id":"action30","type":"key","parameters":{},"actions":[{"type":"keyDown","value":"î€‡"},{"type":"pause","duration":10},{"type":"keyUp","value":"î€‡"}]}]}
COMMAND: GET /session/6eb241deac570073510706dc7280b28b/screenshot - {}
RESULT: {}
COMMAND: POST /session/6eb241deac570073510706dc7280b28b/element - {"using":"xpath","value":"//td/div/span[contains(text(), \"BGL Vehicles\")]"}
RESULT: {"using":"xpath","value":"//td/div/span[contains(text(), \"BGL Vehicles\")]"}
COMMAND: POST /session/6eb241deac570073510706dc7280b28b/element/f.451C0D83FD0E10390ED4567275622C99.d.8BCACACEE0486510DA091FF4234B7F11.e.9393/click - {}
RESULT: {}
COMMAND: GET /session/6eb241deac570073510706dc7280b28b/screenshot - {}
RESULT: {}
COMMAND: POST /session/6eb241deac570073510706dc7280b28b/element - {"using":"xpath","value":"//bdi[contains(text(), \"OK\")]"}
RESULT: {"using":"xpath","value":"//bdi[contains(text(), \"OK\")]"}
COMMAND: POST /session/6eb241deac570073510706dc7280b28b/element/f.451C0D83FD0E10390ED4567275622C99.d.8BCACACEE0486510DA091FF4234B7F11.e.9394/click - {}
RESULT: {}
COMMAND: GET /session/6eb241deac570073510706dc7280b28b/screenshot - {}
RESULT: {}
COMMAND: POST /session/6eb241deac570073510706dc7280b28b/execute/async - {"script":"<script> [1562 bytes]","args":[{"selector":{"id":"application-manageresources-display-component---newResourceUnit--newRRUPage-anchBar-application-manageresources-display-component---newResourceUnit--resource-anchor","interaction":{"idSuffix":"BDI-content"}},"wdio_ui5_key":"applicationmanageresources-display-component---newResourceUnit--newRRUPage-anchBar-application-manageresources-display-component---newResourceUnit--resource-anchor"}]}
RESULT: {"script":"<script> [1562 bytes]","args":[{"selector":{"id":"application-manageresources-display-component---newResourceUnit--newRRUPage-anchBar-application-manageresources-display-component---newResourceUnit--resource-anchor","interaction":{"idSuffix":"BDI-content"}},"wdio_ui5_key":"applicationmanageresources-display-component---newResourceUnit--newRRUPage-anchBar-application-manageresources-display-component---newResourceUnit--resource-anchor"}]}
RESULT: undefined
COMMAND: POST /session/6eb241deac570073510706dc7280b28b/element - {"using":"xpath","value":"//*[@id=\"application-manageresources-display-component---newResourceUnit--newRRUPage-anchBar-application-manageresources-display-component---newResourceUnit--resource-anchor\"]"}
RESULT: {"using":"xpath","value":"//*[@id=\"application-manageresources-display-component---newResourceUnit--newRRUPage-anchBar-application-manageresources-display-component---newResourceUnit--resource-anchor\"]"}
COMMAND: POST /session/6eb241deac570073510706dc7280b28b/element/f.451C0D83FD0E10390ED4567275622C99.d.8BCACACEE0486510DA091FF4234B7F11.e.9398/click - {}
RESULT: {}
COMMAND: POST /session/6eb241deac570073510706dc7280b28b/execute/async - {"script":"<script> [1562 bytes]","args":[{"selector":{"id":"application-manageresources-display-component---newResourceUnit--PLANNED_DELIVERY_DATE","interaction":{"idSuffix":"inner"}},"wdio_ui5_key":"applicationmanageresources-display-component---newResourceUnit--PLANNED_DELIVERY_DATE"}]}
COMMAND: GET /session/6eb241deac570073510706dc7280b28b/screenshot - {}
RESULT: {"script":"<script> [1562 bytes]","args":[{"selector":{"id":"application-manageresources-display-component---newResourceUnit--PLANNED_DELIVERY_DATE","interaction":{"idSuffix":"inner"}},"wdio_ui5_key":"applicationmanageresources-display-component---newResourceUnit--PLANNED_DELIVERY_DATE"}]}
RESULT: undefined
COMMAND: POST /session/6eb241deac570073510706dc7280b28b/execute/async - {"script":"<script> [6424 bytes]","args":[{"element-6066-11e4-a52e-4f735466cecf":"f.451C0D83FD0E10390ED4567275622C99.d.8BCACACEE0486510DA091FF4234B7F11.e.9255"},"setValue",["5/6/25"]]}
RESULT: {}
RESULT: {"script":"<script> [6424 bytes]","args":[{"element-6066-11e4-a52e-4f735466cecf":"f.451C0D83FD0E10390ED4567275622C99.d.8BCACACEE0486510DA091FF4234B7F11.e.9255"},"setValue",["5/6/25"]]}
COMMAND: POST /session/6eb241deac570073510706dc7280b28b/element - {"using":"xpath","value":"//label[contains(@class, 'sapMLabelRequired') and .//bdi[contains(text(), 'Planned Retirement')]]"}
RESULT: {"using":"xpath","value":"//label[contains(@class, 'sapMLabelRequired') and .//bdi[contains(text(), 'Planned Retirement')]]"}
COMMAND: POST /session/6eb241deac570073510706dc7280b28b/elements - {"using":"xpath","value":"//label[contains(@class, 'sapMLabelRequired') and .//bdi[contains(text(), 'Planned Retirement')]]"}
RESULT: {"using":"xpath","value":"//label[contains(@class, 'sapMLabelRequired') and .//bdi[contains(text(), 'Planned Retirement')]]"}
COMMAND: POST /session/6eb241deac570073510706dc7280b28b/element - {"using":"xpath","value":"//button[@data-kt=\"resourceUnitSaveButton\"]"}
RESULT: {"using":"xpath","value":"//button[@data-kt=\"resourceUnitSaveButton\"]"}
COMMAND: POST /session/6eb241deac570073510706dc7280b28b/element/f.451C0D83FD0E10390ED4567275622C99.d.8BCACACEE0486510DA091FF4234B7F11.e.9215/click - {}
RESULT: {}
COMMAND: GET /session/6eb241deac570073510706dc7280b28b/screenshot - {}
RESULT: {}
COMMAND: POST /session/6eb241deac570073510706dc7280b28b/element - {"using":"xpath","value":"//bdi[contains(text(), \"Close\")]"}
RESULT: {"using":"xpath","value":"//bdi[contains(text(), \"Close\")]"}
COMMAND: POST /session/6eb241deac570073510706dc7280b28b/element/f.451C0D83FD0E10390ED4567275622C99.d.8BCACACEE0486510DA091FF4234B7F11.e.9406/click - {}
RESULT: {}
COMMAND: GET /session/6eb241deac570073510706dc7280b28b/screenshot - {}
RESULT: {}
COMMAND: POST /session/6eb241deac570073510706dc7280b28b/element - {"using":"xpath","value":"//bdi[contains(text(), \"Edit\")]"}
RESULT: {"using":"xpath","value":"//bdi[contains(text(), \"Edit\")]"}
COMMAND: POST /session/6eb241deac570073510706dc7280b28b/execute/sync - {"script":"<script> [8489 bytes]","args":[{"element-6066-11e4-a52e-4f735466cecf":"f.451C0D83FD0E10390ED4567275622C99.d.8BCACACEE0486510DA091FF4234B7F11.e.9464","ELEMENT":"f.451C0D83FD0E10390ED4567275622C99.d.8BCACACEE0486510DA091FF4234B7F11.e.9464"}]}
RESULT: {"script":"<script> [8489 bytes]","args":[{"element-6066-11e4-a52e-4f735466cecf":"f.451C0D83FD0E10390ED4567275622C99.d.8BCACACEE0486510DA091FF4234B7F11.e.9464","ELEMENT":"f.451C0D83FD0E10390ED4567275622C99.d.8BCACACEE0486510DA091FF4234B7F11.e.9464"}]}
COMMAND: POST /session/6eb241deac570073510706dc7280b28b/element/f.451C0D83FD0E10390ED4567275622C99.d.8BCACACEE0486510DA091FF4234B7F11.e.9464/click - {}
COMMAND: GET /session/6eb241deac570073510706dc7280b28b/screenshot - {}
RESULT: {}
COMMAND: GET /session/6eb241deac570073510706dc7280b28b/screenshot - {}
RESULT: {}
RESULT: {}
COMMAND: POST /session/6eb241deac570073510706dc7280b28b/execute/async - {"script":"<script> [1562 bytes]","args":[{"selector":{"id":"application-manageresources-display-component---editResource--editRruPage-anchBar-application-manageresources-display-component---editResource--counters-anchor","interaction":{"idSuffix":"BDI-content"}},"wdio_ui5_key":"applicationmanageresources-display-component---editResource--editRruPage-anchBar-application-manageresources-display-component---editResource--counters-anchor"}]}
RESULT: {"script":"<script> [1562 bytes]","args":[{"selector":{"id":"application-manageresources-display-component---editResource--editRruPage-anchBar-application-manageresources-display-component---editResource--counters-anchor","interaction":{"idSuffix":"BDI-content"}},"wdio_ui5_key":"applicationmanageresources-display-component---editResource--editRruPage-anchBar-application-manageresources-display-component---editResource--counters-anchor"}]}
RESULT: undefined
COMMAND: POST /session/6eb241deac570073510706dc7280b28b/element - {"using":"xpath","value":"//*[@id=\"application-manageresources-display-component---editResource--editRruPage-anchBar-application-manageresources-display-component---editResource--counters-anchor\"]"}
RESULT: {"using":"xpath","value":"//*[@id=\"application-manageresources-display-component---editResource--editRruPage-anchBar-application-manageresources-display-component---editResource--counters-anchor\"]"}
COMMAND: POST /session/6eb241deac570073510706dc7280b28b/element/f.451C0D83FD0E10390ED4567275622C99.d.8BCACACEE0486510DA091FF4234B7F11.e.9577/click - {}
RESULT: {}
COMMAND: GET /session/6eb241deac570073510706dc7280b28b/screenshot - {}
RESULT: {}
COMMAND: POST /session/6eb241deac570073510706dc7280b28b/execute/async - {"script":"<script> [1562 bytes]","args":[{"selector":{"id":"application-manageresources-display-component---editResource--btnAddCounter-img"},"wdio_ui5_key":"applicationmanageresources-display-component---editResource--btnAddCounter-img"}]}
RESULT: {"script":"<script> [1562 bytes]","args":[{"selector":{"id":"application-manageresources-display-component---editResource--btnAddCounter-img"},"wdio_ui5_key":"applicationmanageresources-display-component---editResource--btnAddCounter-img"}]}
RESULT: undefined
COMMAND: POST /session/6eb241deac570073510706dc7280b28b/element - {"using":"xpath","value":"//*[@id=\"application-manageresources-display-component---editResource--btnAddCounter-img\"]"}
RESULT: {"using":"xpath","value":"//*[@id=\"application-manageresources-display-component---editResource--btnAddCounter-img\"]"}
COMMAND: POST /session/6eb241deac570073510706dc7280b28b/element/f.451C0D83FD0E10390ED4567275622C99.d.8BCACACEE0486510DA091FF4234B7F11.e.9611/click - {}
RESULT: {}
COMMAND: POST /session/6eb241deac570073510706dc7280b28b/execute/async - {"script":"<script> [1562 bytes]","args":[{"selector":{"id":"application-manageresources-display-component---editResource--COUNTER_ID-application-manageresources-display-component---editResource--RUCounters-0-arrow"},"wdio_ui5_key":"applicationmanageresources-display-component---editResource--COUNTER_ID-application-manageresources-display-component---editResource--RUCounters-0-arrow"}]}
COMMAND: GET /session/6eb241deac570073510706dc7280b28b/screenshot - {}
RESULT: {"script":"<script> [1562 bytes]","args":[{"selector":{"id":"application-manageresources-display-component---editResource--COUNTER_ID-application-manageresources-display-component---editResource--RUCounters-0-arrow"},"wdio_ui5_key":"applicationmanageresources-display-component---editResource--COUNTER_ID-application-manageresources-display-component---editResource--RUCounters-0-arrow"}]}
RESULT: undefined
COMMAND: POST /session/6eb241deac570073510706dc7280b28b/element - {"using":"xpath","value":"//*[@id=\"application-manageresources-display-component---editResource--COUNTER_ID-application-manageresources-display-component---editResource--RUCounters-0-arrow\"]"}
RESULT: {}
RESULT: {"using":"xpath","value":"//*[@id=\"application-manageresources-display-component---editResource--COUNTER_ID-application-manageresources-display-component---editResource--RUCounters-0-arrow\"]"}
COMMAND: POST /session/6eb241deac570073510706dc7280b28b/element/f.451C0D83FD0E10390ED4567275622C99.d.8BCACACEE0486510DA091FF4234B7F11.e.9618/click - {}
RESULT: {}
COMMAND: POST /session/6eb241deac570073510706dc7280b28b/execute/async - {"script":"<script> [1562 bytes]","args":[{"selector":{"controlType":"sap.m.StandardListItem","viewName":"etm.portal.ui.manageresources.view.EditResource","viewId":"application-manageresources-display-component---editResource","properties":{"title":"fuel"},"searchOpenDialogs":true,"interaction":{"idSuffix":"content"}},"wdio_ui5_key":"etmportal.ui.manageresources.view.EditResourcesap.m.StandardListItem{\"title\":\"fuel\"}"}]}
COMMAND: GET /session/6eb241deac570073510706dc7280b28b/screenshot - {}
RESULT: {"script":"<script> [1562 bytes]","args":[{"selector":{"controlType":"sap.m.StandardListItem","viewName":"etm.portal.ui.manageresources.view.EditResource","viewId":"application-manageresources-display-component---editResource","properties":{"title":"fuel"},"searchOpenDialogs":true,"interaction":{"idSuffix":"content"}},"wdio_ui5_key":"etmportal.ui.manageresources.view.EditResourcesap.m.StandardListItem{\"title\":\"fuel\"}"}]}
RESULT: undefined
COMMAND: POST /session/6eb241deac570073510706dc7280b28b/element - {"using":"xpath","value":"//*[@id=\"__item1256\"]"}
RESULT: {}
RESULT: {"using":"xpath","value":"//*[@id=\"__item1256\"]"}
COMMAND: POST /session/6eb241deac570073510706dc7280b28b/element/f.451C0D83FD0E10390ED4567275622C99.d.8BCACACEE0486510DA091FF4234B7F11.e.9620/click - {}
RESULT: {}
COMMAND: GET /session/6eb241deac570073510706dc7280b28b/screenshot - {}
RESULT: {}
COMMAND: POST /session/6eb241deac570073510706dc7280b28b/element - {"using":"xpath","value":"//button[@data-kt=\"saveButton\"]"}
RESULT: {"using":"xpath","value":"//button[@data-kt=\"saveButton\"]"}
COMMAND: POST /session/6eb241deac570073510706dc7280b28b/element/f.451C0D83FD0E10390ED4567275622C99.d.8BCACACEE0486510DA091FF4234B7F11.e.9621/click - {}
RESULT: {}
COMMAND: GET /session/6eb241deac570073510706dc7280b28b/screenshot - {}
RESULT: {}
COMMAND: POST /session/6eb241deac570073510706dc7280b28b/element - {"using":"xpath","value":"(//button[contains(@id ,\"actionsToolbar-overflowButton\")])[1]"}
RESULT: {"using":"xpath","value":"(//button[contains(@id ,\"actionsToolbar-overflowButton\")])[1]"}
COMMAND: POST /session/6eb241deac570073510706dc7280b28b/element/f.451C0D83FD0E10390ED4567275622C99.d.8BCACACEE0486510DA091FF4234B7F11.e.9633/click - {}
RESULT: {}
COMMAND: GET /session/6eb241deac570073510706dc7280b28b/screenshot - {}
RESULT: {}
COMMAND: POST /session/6eb241deac570073510706dc7280b28b/element - {"using":"xpath","value":"//button[@data-kt=\"priceInfoButton\"]"}
RESULT: {"using":"xpath","value":"//button[@data-kt=\"priceInfoButton\"]"}
COMMAND: POST /session/6eb241deac570073510706dc7280b28b/element/f.451C0D83FD0E10390ED4567275622C99.d.8BCACACEE0486510DA091FF4234B7F11.e.9635/click - {}
RESULT: {}
COMMAND: GET /session/6eb241deac570073510706dc7280b28b/screenshot - {}
RESULT: {}
]]></system-out>
    </testcase>
    <testcase classname="chrome.135_0_7049_115.windows.Create_master_data_for_mixed_billing_&amp;_do_billing_calculation_US151661" name="Should create a TB pricing procedure" time="63.582">
      <system-out><![CDATA[
COMMAND: POST /session/6eb241deac570073510706dc7280b28b/element - {"using":"xpath","value":"//button[@data-kt=\"addButton\"]"}
RESULT: {"using":"xpath","value":"//button[@data-kt=\"addButton\"]"}
COMMAND: POST /session/6eb241deac570073510706dc7280b28b/elements - {"using":"xpath","value":"//button[@data-kt=\"addButton\"]"}
RESULT: {"using":"xpath","value":"//button[@data-kt=\"addButton\"]"}
COMMAND: POST /session/6eb241deac570073510706dc7280b28b/element - {"using":"xpath","value":"//button[@data-kt=\"addButton\"]"}
RESULT: {"using":"xpath","value":"//button[@data-kt=\"addButton\"]"}
COMMAND: POST /session/6eb241deac570073510706dc7280b28b/execute/sync - {"script":"<script> [8489 bytes]","args":[{"element-6066-11e4-a52e-4f735466cecf":"f.451C0D83FD0E10390ED4567275622C99.d.8BCACACEE0486510DA091FF4234B7F11.e.9671","ELEMENT":"f.451C0D83FD0E10390ED4567275622C99.d.8BCACACEE0486510DA091FF4234B7F11.e.9671"}]}
RESULT: {"script":"<script> [8489 bytes]","args":[{"element-6066-11e4-a52e-4f735466cecf":"f.451C0D83FD0E10390ED4567275622C99.d.8BCACACEE0486510DA091FF4234B7F11.e.9671","ELEMENT":"f.451C0D83FD0E10390ED4567275622C99.d.8BCACACEE0486510DA091FF4234B7F11.e.9671"}]}
COMMAND: GET /session/6eb241deac570073510706dc7280b28b/element/f.451C0D83FD0E10390ED4567275622C99.d.8BCACACEE0486510DA091FF4234B7F11.e.9671/enabled - {}
COMMAND: GET /session/6eb241deac570073510706dc7280b28b/screenshot - {}
RESULT: {}
COMMAND: POST /session/6eb241deac570073510706dc7280b28b/execute/sync - {"script":"<script> [8489 bytes]","args":[{"element-6066-11e4-a52e-4f735466cecf":"f.451C0D83FD0E10390ED4567275622C99.d.8BCACACEE0486510DA091FF4234B7F11.e.9671","ELEMENT":"f.451C0D83FD0E10390ED4567275622C99.d.8BCACACEE0486510DA091FF4234B7F11.e.9671"}]}
COMMAND: GET /session/6eb241deac570073510706dc7280b28b/screenshot - {}
RESULT: {}
RESULT: {"script":"<script> [8489 bytes]","args":[{"element-6066-11e4-a52e-4f735466cecf":"f.451C0D83FD0E10390ED4567275622C99.d.8BCACACEE0486510DA091FF4234B7F11.e.9671","ELEMENT":"f.451C0D83FD0E10390ED4567275622C99.d.8BCACACEE0486510DA091FF4234B7F11.e.9671"}]}
COMMAND: POST /session/6eb241deac570073510706dc7280b28b/execute/sync - {"script":"<script> [5351 bytes]","args":[{"element-6066-11e4-a52e-4f735466cecf":"f.451C0D83FD0E10390ED4567275622C99.d.8BCACACEE0486510DA091FF4234B7F11.e.9671","ELEMENT":"f.451C0D83FD0E10390ED4567275622C99.d.8BCACACEE0486510DA091FF4234B7F11.e.9671"}]}
COMMAND: GET /session/6eb241deac570073510706dc7280b28b/screenshot - {}
RESULT: {}
RESULT: {"script":"<script> [5351 bytes]","args":[{"element-6066-11e4-a52e-4f735466cecf":"f.451C0D83FD0E10390ED4567275622C99.d.8BCACACEE0486510DA091FF4234B7F11.e.9671","ELEMENT":"f.451C0D83FD0E10390ED4567275622C99.d.8BCACACEE0486510DA091FF4234B7F11.e.9671"}]}
COMMAND: POST /session/6eb241deac570073510706dc7280b28b/element/f.451C0D83FD0E10390ED4567275622C99.d.8BCACACEE0486510DA091FF4234B7F11.e.9671/click - {}
COMMAND: GET /session/6eb241deac570073510706dc7280b28b/screenshot - {}
RESULT: {}
RESULT: {}
COMMAND: GET /session/6eb241deac570073510706dc7280b28b/screenshot - {}
RESULT: {}
RESULT: {}
COMMAND: POST /session/6eb241deac570073510706dc7280b28b/execute/async - {"script":"<script> [1562 bytes]","args":[{"selector":{"controlType":"sap.m.Title","viewName":"etm.portal.ui.managepricingrules.view.NewItem","viewId":"application-managepricingrules-display-component---newInfoPriceItem","properties":{"text":"New Pricing Rules - Item Level"}},"wdio_ui5_key":"etmportal.ui.managepricingrules.view.NewItemsap.m.Title{\"text\":\"New Pricing Rules - Item Level\"}"}]}
RESULT: {"script":"<script> [1562 bytes]","args":[{"selector":{"controlType":"sap.m.Title","viewName":"etm.portal.ui.managepricingrules.view.NewItem","viewId":"application-managepricingrules-display-component---newInfoPriceItem","properties":{"text":"New Pricing Rules - Item Level"}},"wdio_ui5_key":"etmportal.ui.managepricingrules.view.NewItemsap.m.Title{\"text\":\"New Pricing Rules - Item Level\"}"}]}
RESULT: undefined
COMMAND: POST /session/6eb241deac570073510706dc7280b28b/execute/async - {"script":"<script> [6424 bytes]","args":[{"element-6066-11e4-a52e-4f735466cecf":"f.451C0D83FD0E10390ED4567275622C99.d.8BCACACEE0486510DA091FF4234B7F11.e.9737"},"getText",[]]}
RESULT: {"script":"<script> [6424 bytes]","args":[{"element-6066-11e4-a52e-4f735466cecf":"f.451C0D83FD0E10390ED4567275622C99.d.8BCACACEE0486510DA091FF4234B7F11.e.9737"},"getText",[]]}
COMMAND: POST /session/6eb241deac570073510706dc7280b28b/execute/async - {"script":"<script> [1562 bytes]","args":[{"selector":{"id":"application-managepricingrules-display-component---newInfoPriceItem--condValidTo","interaction":{"idSuffix":"inner"}},"wdio_ui5_key":"applicationmanagepricingrules-display-component---newInfoPriceItem--condValidTo"}]}
RESULT: {"script":"<script> [1562 bytes]","args":[{"selector":{"id":"application-managepricingrules-display-component---newInfoPriceItem--condValidTo","interaction":{"idSuffix":"inner"}},"wdio_ui5_key":"applicationmanagepricingrules-display-component---newInfoPriceItem--condValidTo"}]}
RESULT: undefined
COMMAND: POST /session/6eb241deac570073510706dc7280b28b/execute/async - {"script":"<script> [776 bytes]","args":[{"enterText":"01/06/26","selector":{"id":"application-managepricingrules-display-component---newInfoPriceItem--condValidTo","interaction":{"idSuffix":"inner"}},"clearTextFirst":true,"interactionType":"ENTER_TEXT"}]}
RESULT: {"script":"<script> [776 bytes]","args":[{"enterText":"01/06/26","selector":{"id":"application-managepricingrules-display-component---newInfoPriceItem--condValidTo","interaction":{"idSuffix":"inner"}},"clearTextFirst":true,"interactionType":"ENTER_TEXT"}]}
COMMAND: POST /session/6eb241deac570073510706dc7280b28b/execute/async - {"script":"<script> [1562 bytes]","args":[{"selector":{"id":"application-managepricingrules-display-component---newInfoPriceItem--billType-arrow"},"wdio_ui5_key":"applicationmanagepricingrules-display-component---newInfoPriceItem--billType-arrow"}]}
RESULT: {"script":"<script> [1562 bytes]","args":[{"selector":{"id":"application-managepricingrules-display-component---newInfoPriceItem--billType-arrow"},"wdio_ui5_key":"applicationmanagepricingrules-display-component---newInfoPriceItem--billType-arrow"}]}
RESULT: undefined
COMMAND: POST /session/6eb241deac570073510706dc7280b28b/element - {"using":"xpath","value":"//*[@id=\"application-managepricingrules-display-component---newInfoPriceItem--billType-arrow\"]"}
RESULT: {"using":"xpath","value":"//*[@id=\"application-managepricingrules-display-component---newInfoPriceItem--billType-arrow\"]"}
COMMAND: POST /session/6eb241deac570073510706dc7280b28b/element/f.451C0D83FD0E10390ED4567275622C99.d.8BCACACEE0486510DA091FF4234B7F11.e.9752/click - {}
RESULT: {}
COMMAND: POST /session/6eb241deac570073510706dc7280b28b/element - {"using":"xpath","value":"//span[contains(text(), \"TB - Time based\")]"}
COMMAND: GET /session/6eb241deac570073510706dc7280b28b/screenshot - {}
RESULT: {"using":"xpath","value":"//span[contains(text(), \"TB - Time based\")]"}
COMMAND: POST /session/6eb241deac570073510706dc7280b28b/element/f.451C0D83FD0E10390ED4567275622C99.d.8BCACACEE0486510DA091FF4234B7F11.e.9753/click - {}
RESULT: {}
RESULT: {}
COMMAND: POST /session/6eb241deac570073510706dc7280b28b/execute/async - {"script":"<script> [1562 bytes]","args":[{"selector":{"id":"application-managepricingrules-display-component---newInfoPriceItem--priceProc-arrow"},"wdio_ui5_key":"applicationmanagepricingrules-display-component---newInfoPriceItem--priceProc-arrow"}]}
COMMAND: GET /session/6eb241deac570073510706dc7280b28b/screenshot - {}
RESULT: {"script":"<script> [1562 bytes]","args":[{"selector":{"id":"application-managepricingrules-display-component---newInfoPriceItem--priceProc-arrow"},"wdio_ui5_key":"applicationmanagepricingrules-display-component---newInfoPriceItem--priceProc-arrow"}]}
RESULT: undefined
COMMAND: POST /session/6eb241deac570073510706dc7280b28b/element - {"using":"xpath","value":"//*[@id=\"application-managepricingrules-display-component---newInfoPriceItem--priceProc-arrow\"]"}
RESULT: {}
RESULT: {"using":"xpath","value":"//*[@id=\"application-managepricingrules-display-component---newInfoPriceItem--priceProc-arrow\"]"}
COMMAND: POST /session/6eb241deac570073510706dc7280b28b/element/f.451C0D83FD0E10390ED4567275622C99.d.8BCACACEE0486510DA091FF4234B7F11.e.9754/click - {}
RESULT: {}
COMMAND: POST /session/6eb241deac570073510706dc7280b28b/element - {"using":"xpath","value":"//span[contains(text(), \"TB - Time based BGL\")]"}
COMMAND: GET /session/6eb241deac570073510706dc7280b28b/screenshot - {}
RESULT: {"using":"xpath","value":"//span[contains(text(), \"TB - Time based BGL\")]"}
COMMAND: POST /session/6eb241deac570073510706dc7280b28b/element/f.451C0D83FD0E10390ED4567275622C99.d.8BCACACEE0486510DA091FF4234B7F11.e.9755/click - {}
RESULT: {}
RESULT: {}
COMMAND: POST /session/6eb241deac570073510706dc7280b28b/execute/async - {"script":"<script> [1562 bytes]","args":[{"selector":{"id":"application-managepricingrules-display-component---newInfoPriceItem--calcBase-arrow"},"wdio_ui5_key":"applicationmanagepricingrules-display-component---newInfoPriceItem--calcBase-arrow"}]}
COMMAND: GET /session/6eb241deac570073510706dc7280b28b/screenshot - {}
RESULT: {"script":"<script> [1562 bytes]","args":[{"selector":{"id":"application-managepricingrules-display-component---newInfoPriceItem--calcBase-arrow"},"wdio_ui5_key":"applicationmanagepricingrules-display-component---newInfoPriceItem--calcBase-arrow"}]}
RESULT: undefined
COMMAND: POST /session/6eb241deac570073510706dc7280b28b/element - {"using":"xpath","value":"//*[@id=\"application-managepricingrules-display-component---newInfoPriceItem--calcBase-arrow\"]"}
RESULT: {}
RESULT: {"using":"xpath","value":"//*[@id=\"application-managepricingrules-display-component---newInfoPriceItem--calcBase-arrow\"]"}
COMMAND: POST /session/6eb241deac570073510706dc7280b28b/element/f.451C0D83FD0E10390ED4567275622C99.d.8BCACACEE0486510DA091FF4234B7F11.e.9756/click - {}
RESULT: {}
COMMAND: GET /session/6eb241deac570073510706dc7280b28b/screenshot - {}
RESULT: {}
COMMAND: POST /session/6eb241deac570073510706dc7280b28b/element - {"using":"xpath","value":"//span[contains(text(), \"0006 - TB(calendar days)\")]"}
RESULT: {"using":"xpath","value":"//span[contains(text(), \"0006 - TB(calendar days)\")]"}
COMMAND: POST /session/6eb241deac570073510706dc7280b28b/element/f.451C0D83FD0E10390ED4567275622C99.d.8BCACACEE0486510DA091FF4234B7F11.e.9757/click - {}
RESULT: {}
COMMAND: GET /session/6eb241deac570073510706dc7280b28b/screenshot - {}
RESULT: {}
COMMAND: POST /session/6eb241deac570073510706dc7280b28b/execute/async - {"script":"<script> [1562 bytes]","args":[{"selector":{"id":"application-managepricingrules-display-component---newInfoPriceItem--hoursMonth","interaction":{"idSuffix":"inner"}},"wdio_ui5_key":"applicationmanagepricingrules-display-component---newInfoPriceItem--hoursMonth"}]}
RESULT: {"script":"<script> [1562 bytes]","args":[{"selector":{"id":"application-managepricingrules-display-component---newInfoPriceItem--hoursMonth","interaction":{"idSuffix":"inner"}},"wdio_ui5_key":"applicationmanagepricingrules-display-component---newInfoPriceItem--hoursMonth"}]}
RESULT: undefined
COMMAND: POST /session/6eb241deac570073510706dc7280b28b/execute/async - {"script":"<script> [776 bytes]","args":[{"enterText":"160","selector":{"id":"application-managepricingrules-display-component---newInfoPriceItem--hoursMonth","interaction":{"idSuffix":"inner"}},"clearTextFirst":true,"interactionType":"ENTER_TEXT"}]}
RESULT: {"script":"<script> [776 bytes]","args":[{"enterText":"160","selector":{"id":"application-managepricingrules-display-component---newInfoPriceItem--hoursMonth","interaction":{"idSuffix":"inner"}},"clearTextFirst":true,"interactionType":"ENTER_TEXT"}]}
COMMAND: POST /session/6eb241deac570073510706dc7280b28b/execute/async - {"script":"<script> [1562 bytes]","args":[{"selector":{"id":"application-managepricingrules-display-component---newInfoPriceItem--daysMonth","interaction":{"idSuffix":"inner"}},"wdio_ui5_key":"applicationmanagepricingrules-display-component---newInfoPriceItem--daysMonth"}]}
RESULT: {"script":"<script> [1562 bytes]","args":[{"selector":{"id":"application-managepricingrules-display-component---newInfoPriceItem--daysMonth","interaction":{"idSuffix":"inner"}},"wdio_ui5_key":"applicationmanagepricingrules-display-component---newInfoPriceItem--daysMonth"}]}
RESULT: undefined
COMMAND: POST /session/6eb241deac570073510706dc7280b28b/execute/async - {"script":"<script> [776 bytes]","args":[{"enterText":"30","selector":{"id":"application-managepricingrules-display-component---newInfoPriceItem--daysMonth","interaction":{"idSuffix":"inner"}},"clearTextFirst":true,"interactionType":"ENTER_TEXT"}]}
RESULT: {"script":"<script> [776 bytes]","args":[{"enterText":"30","selector":{"id":"application-managepricingrules-display-component---newInfoPriceItem--daysMonth","interaction":{"idSuffix":"inner"}},"clearTextFirst":true,"interactionType":"ENTER_TEXT"}]}
COMMAND: POST /session/6eb241deac570073510706dc7280b28b/element - {"using":"xpath","value":"//button[@data-kt=\"saveNewRuleButton\"]"}
RESULT: {"using":"xpath","value":"//button[@data-kt=\"saveNewRuleButton\"]"}
COMMAND: POST /session/6eb241deac570073510706dc7280b28b/element/f.451C0D83FD0E10390ED4567275622C99.d.8BCACACEE0486510DA091FF4234B7F11.e.9760/click - {}
RESULT: {}
COMMAND: GET /session/6eb241deac570073510706dc7280b28b/screenshot - {}
RESULT: {}
COMMAND: POST /session/6eb241deac570073510706dc7280b28b/execute/async - {"script":"<script> [1562 bytes]","args":[{"selector":{"id":"application-managepricingrules-display-component---priceInfoItem--smartFilterBar-btnBasicSearch","interaction":{"idSuffix":"I"}},"wdio_ui5_key":"applicationmanagepricingrules-display-component---priceInfoItem--smartFilterBar-btnBasicSearch"}]}
RESULT: {"script":"<script> [1562 bytes]","args":[{"selector":{"id":"application-managepricingrules-display-component---priceInfoItem--smartFilterBar-btnBasicSearch","interaction":{"idSuffix":"I"}},"wdio_ui5_key":"applicationmanagepricingrules-display-component---priceInfoItem--smartFilterBar-btnBasicSearch"}]}
RESULT: undefined
COMMAND: POST /session/6eb241deac570073510706dc7280b28b/execute/async - {"script":"<script> [776 bytes]","args":[{"enterText":"WykgKEWDpZ","selector":{"id":"application-managepricingrules-display-component---priceInfoItem--smartFilterBar-btnBasicSearch","interaction":{"idSuffix":"I"}},"clearTextFirst":true,"interactionType":"ENTER_TEXT"}]}
RESULT: {"script":"<script> [776 bytes]","args":[{"enterText":"WykgKEWDpZ","selector":{"id":"application-managepricingrules-display-component---priceInfoItem--smartFilterBar-btnBasicSearch","interaction":{"idSuffix":"I"}},"clearTextFirst":true,"interactionType":"ENTER_TEXT"}]}
COMMAND: POST /session/6eb241deac570073510706dc7280b28b/actions - {"actions":[{"id":"action31","type":"key","parameters":{},"actions":[{"type":"keyDown","value":"î€‡"},{"type":"pause","duration":10},{"type":"keyUp","value":"î€‡"}]}]}
RESULT: {"actions":[{"id":"action31","type":"key","parameters":{},"actions":[{"type":"keyDown","value":"î€‡"},{"type":"pause","duration":10},{"type":"keyUp","value":"î€‡"}]}]}
COMMAND: GET /session/6eb241deac570073510706dc7280b28b/screenshot - {}
RESULT: {}
COMMAND: POST /session/6eb241deac570073510706dc7280b28b/element - {"using":"xpath","value":"//span[@id=\"application-managepricingrules-display-component---priceInfoItem--smartTable-header-inner\"]"}
RESULT: {"using":"xpath","value":"//span[@id=\"application-managepricingrules-display-component---priceInfoItem--smartTable-header-inner\"]"}
COMMAND: POST /session/6eb241deac570073510706dc7280b28b/elements - {"using":"xpath","value":"//span[@id=\"application-managepricingrules-display-component---priceInfoItem--smartTable-header-inner\"]"}
RESULT: {"using":"xpath","value":"//span[@id=\"application-managepricingrules-display-component---priceInfoItem--smartTable-header-inner\"]"}
COMMAND: POST /session/6eb241deac570073510706dc7280b28b/execute/sync - {"script":"<script> [56 bytes]","args":[{"element-6066-11e4-a52e-4f735466cecf":"f.451C0D83FD0E10390ED4567275622C99.d.8BCACACEE0486510DA091FF4234B7F11.e.9783","ELEMENT":"f.451C0D83FD0E10390ED4567275622C99.d.8BCACACEE0486510DA091FF4234B7F11.e.9783"}]}
RESULT: {"script":"<script> [56 bytes]","args":[{"element-6066-11e4-a52e-4f735466cecf":"f.451C0D83FD0E10390ED4567275622C99.d.8BCACACEE0486510DA091FF4234B7F11.e.9783","ELEMENT":"f.451C0D83FD0E10390ED4567275622C99.d.8BCACACEE0486510DA091FF4234B7F11.e.9783"}]}
COMMAND: POST /session/6eb241deac570073510706dc7280b28b/element - {"using":"css selector","value":"#shell-header-logo"}
COMMAND: GET /session/6eb241deac570073510706dc7280b28b/screenshot - {}
RESULT: {}
RESULT: {"using":"css selector","value":"#shell-header-logo"}
COMMAND: POST /session/6eb241deac570073510706dc7280b28b/element/f.451C0D83FD0E10390ED4567275622C99.d.8BCACACEE0486510DA091FF4234B7F11.e.8998/click - {}
RESULT: {}
COMMAND: GET /session/6eb241deac570073510706dc7280b28b/screenshot - {}
RESULT: {}
]]></system-out>
    </testcase>
    <testcase classname="chrome.135_0_7049_115.windows.Create_master_data_for_mixed_billing_&amp;_do_billing_calculation_US151661" name="Should add one time condition" time="72.07">
      <system-out><![CDATA[
COMMAND: POST /session/6eb241deac570073510706dc7280b28b/execute/async - {"script":"<script> [1562 bytes]","args":[{"selector":{"controlType":"sap.m.Text","properties":{"text":"Manage Conditions & Prices"},"interaction":{"idSuffix":"inner"}},"wdio_ui5_key":"sapm.Text{\"text\":\"Manage Conditions & Prices\"}"}]}
RESULT: {"script":"<script> [1562 bytes]","args":[{"selector":{"controlType":"sap.m.Text","properties":{"text":"Manage Conditions & Prices"},"interaction":{"idSuffix":"inner"}},"wdio_ui5_key":"sapm.Text{\"text\":\"Manage Conditions & Prices\"}"}]}
RESULT: undefined
COMMAND: POST /session/6eb241deac570073510706dc7280b28b/element - {"using":"xpath","value":"//*[@id=\"__tile93-title\"]"}
RESULT: {"using":"xpath","value":"//*[@id=\"__tile93-title\"]"}
COMMAND: POST /session/6eb241deac570073510706dc7280b28b/element/f.451C0D83FD0E10390ED4567275622C99.d.8BCACACEE0486510DA091FF4234B7F11.e.9786/click - {}
RESULT: {}
COMMAND: POST /session/6eb241deac570073510706dc7280b28b/element - {"using":"xpath","value":"//button[@aria-label=\"Create\"]"}
COMMAND: GET /session/6eb241deac570073510706dc7280b28b/screenshot - {}
RESULT: {"using":"xpath","value":"//button[@aria-label=\"Create\"]"}
COMMAND: POST /session/6eb241deac570073510706dc7280b28b/elements - {"using":"xpath","value":"//button[@aria-label=\"Create\"]"}
RESULT: {}
RESULT: {"using":"xpath","value":"//button[@aria-label=\"Create\"]"}
COMMAND: POST /session/6eb241deac570073510706dc7280b28b/element - {"using":"xpath","value":"//button[@aria-label=\"Create\"]"}
RESULT: {"using":"xpath","value":"//button[@aria-label=\"Create\"]"}
COMMAND: POST /session/6eb241deac570073510706dc7280b28b/execute/sync - {"script":"<script> [8489 bytes]","args":[{"element-6066-11e4-a52e-4f735466cecf":"f.451C0D83FD0E10390ED4567275622C99.d.8BCACACEE0486510DA091FF4234B7F11.e.9820","ELEMENT":"f.451C0D83FD0E10390ED4567275622C99.d.8BCACACEE0486510DA091FF4234B7F11.e.9820"}]}
RESULT: {"script":"<script> [8489 bytes]","args":[{"element-6066-11e4-a52e-4f735466cecf":"f.451C0D83FD0E10390ED4567275622C99.d.8BCACACEE0486510DA091FF4234B7F11.e.9820","ELEMENT":"f.451C0D83FD0E10390ED4567275622C99.d.8BCACACEE0486510DA091FF4234B7F11.e.9820"}]}
COMMAND: GET /session/6eb241deac570073510706dc7280b28b/element/f.451C0D83FD0E10390ED4567275622C99.d.8BCACACEE0486510DA091FF4234B7F11.e.9820/enabled - {}
COMMAND: GET /session/6eb241deac570073510706dc7280b28b/screenshot - {}
RESULT: {}
RESULT: {}
COMMAND: POST /session/6eb241deac570073510706dc7280b28b/execute/sync - {"script":"<script> [8489 bytes]","args":[{"element-6066-11e4-a52e-4f735466cecf":"f.451C0D83FD0E10390ED4567275622C99.d.8BCACACEE0486510DA091FF4234B7F11.e.9820","ELEMENT":"f.451C0D83FD0E10390ED4567275622C99.d.8BCACACEE0486510DA091FF4234B7F11.e.9820"}]}
COMMAND: GET /session/6eb241deac570073510706dc7280b28b/screenshot - {}
RESULT: {"script":"<script> [8489 bytes]","args":[{"element-6066-11e4-a52e-4f735466cecf":"f.451C0D83FD0E10390ED4567275622C99.d.8BCACACEE0486510DA091FF4234B7F11.e.9820","ELEMENT":"f.451C0D83FD0E10390ED4567275622C99.d.8BCACACEE0486510DA091FF4234B7F11.e.9820"}]}
COMMAND: POST /session/6eb241deac570073510706dc7280b28b/execute/sync - {"script":"<script> [5351 bytes]","args":[{"element-6066-11e4-a52e-4f735466cecf":"f.451C0D83FD0E10390ED4567275622C99.d.8BCACACEE0486510DA091FF4234B7F11.e.9820","ELEMENT":"f.451C0D83FD0E10390ED4567275622C99.d.8BCACACEE0486510DA091FF4234B7F11.e.9820"}]}
COMMAND: GET /session/6eb241deac570073510706dc7280b28b/screenshot - {}
RESULT: {}
RESULT: {"script":"<script> [5351 bytes]","args":[{"element-6066-11e4-a52e-4f735466cecf":"f.451C0D83FD0E10390ED4567275622C99.d.8BCACACEE0486510DA091FF4234B7F11.e.9820","ELEMENT":"f.451C0D83FD0E10390ED4567275622C99.d.8BCACACEE0486510DA091FF4234B7F11.e.9820"}]}
COMMAND: POST /session/6eb241deac570073510706dc7280b28b/element/f.451C0D83FD0E10390ED4567275622C99.d.8BCACACEE0486510DA091FF4234B7F11.e.9820/click - {}
COMMAND: GET /session/6eb241deac570073510706dc7280b28b/screenshot - {}
RESULT: {}
RESULT: {}
COMMAND: GET /session/6eb241deac570073510706dc7280b28b/screenshot - {}
RESULT: {}
RESULT: {}
COMMAND: POST /session/6eb241deac570073510706dc7280b28b/actions - {"actions":[{"id":"action32","type":"key","parameters":{},"actions":[{"type":"keyDown","value":"î€‡"},{"type":"pause","duration":10},{"type":"keyUp","value":"î€‡"}]}]}
RESULT: {"actions":[{"id":"action32","type":"key","parameters":{},"actions":[{"type":"keyDown","value":"î€‡"},{"type":"pause","duration":10},{"type":"keyUp","value":"î€‡"}]}]}
COMMAND: GET /session/6eb241deac570073510706dc7280b28b/screenshot - {}
RESULT: {}
COMMAND: POST /session/6eb241deac570073510706dc7280b28b/execute/async - {"script":"<script> [1562 bytes]","args":[{"selector":{"id":"application-manageconditionprice-display-component---newCondition--condBillCond-arrow"},"wdio_ui5_key":"applicationmanageconditionprice-display-component---newCondition--condBillCond-arrow"}]}
RESULT: {"script":"<script> [1562 bytes]","args":[{"selector":{"id":"application-manageconditionprice-display-component---newCondition--condBillCond-arrow"},"wdio_ui5_key":"applicationmanageconditionprice-display-component---newCondition--condBillCond-arrow"}]}
RESULT: undefined
COMMAND: POST /session/6eb241deac570073510706dc7280b28b/element - {"using":"xpath","value":"//*[@id=\"application-manageconditionprice-display-component---newCondition--condBillCond-arrow\"]"}
RESULT: {"using":"xpath","value":"//*[@id=\"application-manageconditionprice-display-component---newCondition--condBillCond-arrow\"]"}
COMMAND: POST /session/6eb241deac570073510706dc7280b28b/element/f.451C0D83FD0E10390ED4567275622C99.d.8BCACACEE0486510DA091FF4234B7F11.e.10000/click - {}
RESULT: {}
COMMAND: GET /session/6eb241deac570073510706dc7280b28b/screenshot - {}
RESULT: {}
COMMAND: POST /session/6eb241deac570073510706dc7280b28b/element - {"using":"xpath","value":"//li[.//span[contains(text(), \"SAPR - Sales price\")]]"}
RESULT: {"using":"xpath","value":"//li[.//span[contains(text(), \"SAPR - Sales price\")]]"}
COMMAND: POST /session/6eb241deac570073510706dc7280b28b/element/f.451C0D83FD0E10390ED4567275622C99.d.8BCACACEE0486510DA091FF4234B7F11.e.10003/click - {}
RESULT: {}
COMMAND: GET /session/6eb241deac570073510706dc7280b28b/screenshot - {}
RESULT: {}
COMMAND: POST /session/6eb241deac570073510706dc7280b28b/execute/async - {"script":"<script> [1562 bytes]","args":[{"selector":{"id":"application-manageconditionprice-display-component---newCondition--condValidTo","interaction":{"idSuffix":"inner"}},"wdio_ui5_key":"applicationmanageconditionprice-display-component---newCondition--condValidTo"}]}
RESULT: {"script":"<script> [1562 bytes]","args":[{"selector":{"id":"application-manageconditionprice-display-component---newCondition--condValidTo","interaction":{"idSuffix":"inner"}},"wdio_ui5_key":"applicationmanageconditionprice-display-component---newCondition--condValidTo"}]}
RESULT: undefined
COMMAND: POST /session/6eb241deac570073510706dc7280b28b/execute/async - {"script":"<script> [776 bytes]","args":[{"enterText":"01/06/26","selector":{"id":"application-manageconditionprice-display-component---newCondition--condValidTo","interaction":{"idSuffix":"inner"}},"clearTextFirst":true,"interactionType":"ENTER_TEXT"}]}
RESULT: {"script":"<script> [776 bytes]","args":[{"enterText":"01/06/26","selector":{"id":"application-manageconditionprice-display-component---newCondition--condValidTo","interaction":{"idSuffix":"inner"}},"clearTextFirst":true,"interactionType":"ENTER_TEXT"}]}
COMMAND: POST /session/6eb241deac570073510706dc7280b28b/element - {"using":"xpath","value":"//input[@id=\"application-manageconditionprice-display-component---newCondition--condRU-inner\"]"}
RESULT: {"using":"xpath","value":"//input[@id=\"application-manageconditionprice-display-component---newCondition--condRU-inner\"]"}
COMMAND: POST /session/6eb241deac570073510706dc7280b28b/element/f.451C0D83FD0E10390ED4567275622C99.d.8BCACACEE0486510DA091FF4234B7F11.e.9864/clear - {}
RESULT: {}
COMMAND: POST /session/6eb241deac570073510706dc7280b28b/element/f.451C0D83FD0E10390ED4567275622C99.d.8BCACACEE0486510DA091FF4234B7F11.e.9864/value - {"text":"WykgKEWDpZ"}
COMMAND: GET /session/6eb241deac570073510706dc7280b28b/screenshot - {}
RESULT: {"text":"WykgKEWDpZ"}
COMMAND: GET /session/6eb241deac570073510706dc7280b28b/screenshot - {}
RESULT: {}
RESULT: {}
COMMAND: POST /session/6eb241deac570073510706dc7280b28b/actions - {"actions":[{"id":"action33","type":"key","parameters":{},"actions":[{"type":"keyDown","value":"î€‡"},{"type":"pause","duration":10},{"type":"keyUp","value":"î€‡"}]}]}
RESULT: {"actions":[{"id":"action33","type":"key","parameters":{},"actions":[{"type":"keyDown","value":"î€‡"},{"type":"pause","duration":10},{"type":"keyUp","value":"î€‡"}]}]}
COMMAND: POST /session/6eb241deac570073510706dc7280b28b/execute/async - {"script":"<script> [1562 bytes]","args":[{"selector":{"id":"application-manageconditionprice-display-component---newCondition--condBaseQty","interaction":{"idSuffix":"inner"}},"wdio_ui5_key":"applicationmanageconditionprice-display-component---newCondition--condBaseQty"}]}
COMMAND: GET /session/6eb241deac570073510706dc7280b28b/screenshot - {}
RESULT: {"script":"<script> [1562 bytes]","args":[{"selector":{"id":"application-manageconditionprice-display-component---newCondition--condBaseQty","interaction":{"idSuffix":"inner"}},"wdio_ui5_key":"applicationmanageconditionprice-display-component---newCondition--condBaseQty"}]}
RESULT: undefined
COMMAND: POST /session/6eb241deac570073510706dc7280b28b/execute/async - {"script":"<script> [776 bytes]","args":[{"enterText":"1","selector":{"id":"application-manageconditionprice-display-component---newCondition--condBaseQty","interaction":{"idSuffix":"inner"}},"clearTextFirst":true,"interactionType":"ENTER_TEXT"}]}
RESULT: {}
RESULT: {"script":"<script> [776 bytes]","args":[{"enterText":"1","selector":{"id":"application-manageconditionprice-display-component---newCondition--condBaseQty","interaction":{"idSuffix":"inner"}},"clearTextFirst":true,"interactionType":"ENTER_TEXT"}]}
COMMAND: POST /session/6eb241deac570073510706dc7280b28b/execute/async - {"script":"<script> [1562 bytes]","args":[{"selector":{"id":"application-manageconditionprice-display-component---newCondition--condValue","interaction":{"idSuffix":"inner"}},"wdio_ui5_key":"applicationmanageconditionprice-display-component---newCondition--condValue"}]}
RESULT: {"script":"<script> [1562 bytes]","args":[{"selector":{"id":"application-manageconditionprice-display-component---newCondition--condValue","interaction":{"idSuffix":"inner"}},"wdio_ui5_key":"applicationmanageconditionprice-display-component---newCondition--condValue"}]}
RESULT: undefined
COMMAND: POST /session/6eb241deac570073510706dc7280b28b/execute/async - {"script":"<script> [776 bytes]","args":[{"enterText":"200","selector":{"id":"application-manageconditionprice-display-component---newCondition--condValue","interaction":{"idSuffix":"inner"}},"clearTextFirst":true,"interactionType":"ENTER_TEXT"}]}
RESULT: {"script":"<script> [776 bytes]","args":[{"enterText":"200","selector":{"id":"application-manageconditionprice-display-component---newCondition--condValue","interaction":{"idSuffix":"inner"}},"clearTextFirst":true,"interactionType":"ENTER_TEXT"}]}
COMMAND: POST /session/6eb241deac570073510706dc7280b28b/execute/async - {"script":"<script> [1562 bytes]","args":[{"selector":{"id":"application-manageconditionprice-display-component---newCondition--condCurr-arrow"},"wdio_ui5_key":"applicationmanageconditionprice-display-component---newCondition--condCurr-arrow"}]}
RESULT: {"script":"<script> [1562 bytes]","args":[{"selector":{"id":"application-manageconditionprice-display-component---newCondition--condCurr-arrow"},"wdio_ui5_key":"applicationmanageconditionprice-display-component---newCondition--condCurr-arrow"}]}
RESULT: undefined
COMMAND: POST /session/6eb241deac570073510706dc7280b28b/element - {"using":"xpath","value":"//*[@id=\"application-manageconditionprice-display-component---newCondition--condCurr-arrow\"]"}
RESULT: {"using":"xpath","value":"//*[@id=\"application-manageconditionprice-display-component---newCondition--condCurr-arrow\"]"}
COMMAND: POST /session/6eb241deac570073510706dc7280b28b/element/f.451C0D83FD0E10390ED4567275622C99.d.8BCACACEE0486510DA091FF4234B7F11.e.9964/click - {}
RESULT: {}
COMMAND: POST /session/6eb241deac570073510706dc7280b28b/element - {"using":"xpath","value":"//span[contains(text(), \"Euro\")]"}
COMMAND: GET /session/6eb241deac570073510706dc7280b28b/screenshot - {}
RESULT: {"using":"xpath","value":"//span[contains(text(), \"Euro\")]"}
COMMAND: POST /session/6eb241deac570073510706dc7280b28b/element/f.451C0D83FD0E10390ED4567275622C99.d.8BCACACEE0486510DA091FF4234B7F11.e.10045/click - {}
RESULT: {}
RESULT: {}
COMMAND: POST /session/6eb241deac570073510706dc7280b28b/element - {"using":"xpath","value":"//button[@data-kt=\"saveButton\"]"}
COMMAND: GET /session/6eb241deac570073510706dc7280b28b/screenshot - {}
RESULT: {"using":"xpath","value":"//button[@data-kt=\"saveButton\"]"}
COMMAND: POST /session/6eb241deac570073510706dc7280b28b/element/f.451C0D83FD0E10390ED4567275622C99.d.8BCACACEE0486510DA091FF4234B7F11.e.9965/click - {}
RESULT: {}
RESULT: {}
COMMAND: GET /session/6eb241deac570073510706dc7280b28b/screenshot - {}
RESULT: {}
COMMAND: POST /session/6eb241deac570073510706dc7280b28b/execute/async - {"script":"<script> [1562 bytes]","args":[{"selector":{"id":"application-manageconditionprice-display-component---conditions--smartFilterBar-btnBasicSearch","interaction":{"idSuffix":"I"}},"wdio_ui5_key":"applicationmanageconditionprice-display-component---conditions--smartFilterBar-btnBasicSearch"}]}
RESULT: {"script":"<script> [1562 bytes]","args":[{"selector":{"id":"application-manageconditionprice-display-component---conditions--smartFilterBar-btnBasicSearch","interaction":{"idSuffix":"I"}},"wdio_ui5_key":"applicationmanageconditionprice-display-component---conditions--smartFilterBar-btnBasicSearch"}]}
RESULT: undefined
COMMAND: POST /session/6eb241deac570073510706dc7280b28b/execute/async - {"script":"<script> [776 bytes]","args":[{"enterText":"WykgKEWDpZ","selector":{"id":"application-manageconditionprice-display-component---conditions--smartFilterBar-btnBasicSearch","interaction":{"idSuffix":"I"}},"clearTextFirst":true,"interactionType":"ENTER_TEXT"}]}
RESULT: {"script":"<script> [776 bytes]","args":[{"enterText":"WykgKEWDpZ","selector":{"id":"application-manageconditionprice-display-component---conditions--smartFilterBar-btnBasicSearch","interaction":{"idSuffix":"I"}},"clearTextFirst":true,"interactionType":"ENTER_TEXT"}]}
COMMAND: POST /session/6eb241deac570073510706dc7280b28b/actions - {"actions":[{"id":"action34","type":"key","parameters":{},"actions":[{"type":"keyDown","value":"î€‡"},{"type":"pause","duration":10},{"type":"keyUp","value":"î€‡"}]}]}
RESULT: {"actions":[{"id":"action34","type":"key","parameters":{},"actions":[{"type":"keyDown","value":"î€‡"},{"type":"pause","duration":10},{"type":"keyUp","value":"î€‡"}]}]}
COMMAND: GET /session/6eb241deac570073510706dc7280b28b/screenshot - {}
RESULT: {}
COMMAND: POST /session/6eb241deac570073510706dc7280b28b/execute/async - {"script":"<script> [1562 bytes]","args":[{"selector":{"id":"application-manageconditionprice-display-component---conditions--smartFilterBar-filterItemControl_BASIC-BILL_TYPES-vhi"},"wdio_ui5_key":"applicationmanageconditionprice-display-component---conditions--smartFilterBar-filterItemControl_BASIC-BILL_TYPES-vhi"}]}
RESULT: {"script":"<script> [1562 bytes]","args":[{"selector":{"id":"application-manageconditionprice-display-component---conditions--smartFilterBar-filterItemControl_BASIC-BILL_TYPES-vhi"},"wdio_ui5_key":"applicationmanageconditionprice-display-component---conditions--smartFilterBar-filterItemControl_BASIC-BILL_TYPES-vhi"}]}
RESULT: undefined
COMMAND: POST /session/6eb241deac570073510706dc7280b28b/element - {"using":"xpath","value":"//*[@id=\"application-manageconditionprice-display-component---conditions--smartFilterBar-filterItemControl_BASIC-BILL_TYPES-vhi\"]"}
RESULT: {"using":"xpath","value":"//*[@id=\"application-manageconditionprice-display-component---conditions--smartFilterBar-filterItemControl_BASIC-BILL_TYPES-vhi\"]"}
COMMAND: POST /session/6eb241deac570073510706dc7280b28b/element/f.451C0D83FD0E10390ED4567275622C99.d.8BCACACEE0486510DA091FF4234B7F11.e.10151/click - {}
RESULT: {}
COMMAND: POST /session/6eb241deac570073510706dc7280b28b/execute/async - {"script":"<script> [1562 bytes]","args":[{"selector":{"id":"application-manageconditionprice-display-component---conditions--smartFilterBar-filterItemControl_BASIC-BILL_TYPES-valueHelpDialog-smartFilterBar-btnBasicSearch","searchOpenDialogs":true,"interaction":{"idSuffix":"I"}},"wdio_ui5_key":"applicationmanageconditionprice-display-component---conditions--smartFilterBar-filterItemControl_BASIC-BILL_TYPES-valueHelpDialog-smartFilterBar-btnBasicSearch"}]}
COMMAND: GET /session/6eb241deac570073510706dc7280b28b/screenshot - {}
RESULT: {"script":"<script> [1562 bytes]","args":[{"selector":{"id":"application-manageconditionprice-display-component---conditions--smartFilterBar-filterItemControl_BASIC-BILL_TYPES-valueHelpDialog-smartFilterBar-btnBasicSearch","searchOpenDialogs":true,"interaction":{"idSuffix":"I"}},"wdio_ui5_key":"applicationmanageconditionprice-display-component---conditions--smartFilterBar-filterItemControl_BASIC-BILL_TYPES-valueHelpDialog-smartFilterBar-btnBasicSearch"}]}
RESULT: undefined
COMMAND: POST /session/6eb241deac570073510706dc7280b28b/execute/async - {"script":"<script> [776 bytes]","args":[{"enterText":"one","selector":{"id":"application-manageconditionprice-display-component---conditions--smartFilterBar-filterItemControl_BASIC-BILL_TYPES-valueHelpDialog-smartFilterBar-btnBasicSearch","searchOpenDialogs":true,"interaction":{"idSuffix":"I"}},"clearTextFirst":true,"interactionType":"ENTER_TEXT"}]}
RESULT: {}
RESULT: {"script":"<script> [776 bytes]","args":[{"enterText":"one","selector":{"id":"application-manageconditionprice-display-component---conditions--smartFilterBar-filterItemControl_BASIC-BILL_TYPES-valueHelpDialog-smartFilterBar-btnBasicSearch","searchOpenDialogs":true,"interaction":{"idSuffix":"I"}},"clearTextFirst":true,"interactionType":"ENTER_TEXT"}]}
COMMAND: POST /session/6eb241deac570073510706dc7280b28b/actions - {"actions":[{"id":"action35","type":"key","parameters":{},"actions":[{"type":"keyDown","value":"î€‡"},{"type":"pause","duration":10},{"type":"keyUp","value":"î€‡"}]}]}
RESULT: {"actions":[{"id":"action35","type":"key","parameters":{},"actions":[{"type":"keyDown","value":"î€‡"},{"type":"pause","duration":10},{"type":"keyUp","value":"î€‡"}]}]}
COMMAND: GET /session/6eb241deac570073510706dc7280b28b/screenshot - {}
RESULT: {}
COMMAND: POST /session/6eb241deac570073510706dc7280b28b/element - {"using":"xpath","value":"//div[contains(@id, 'application-manageconditionprice-display-component---conditions--smartFilterBar-filterItemControl_BASIC-BILL_TYPES-valueHelpDialog-table-rowsel0')]"}
RESULT: {"using":"xpath","value":"//div[contains(@id, 'application-manageconditionprice-display-component---conditions--smartFilterBar-filterItemControl_BASIC-BILL_TYPES-valueHelpDialog-table-rowsel0')]"}
COMMAND: POST /session/6eb241deac570073510706dc7280b28b/element/f.451C0D83FD0E10390ED4567275622C99.d.8BCACACEE0486510DA091FF4234B7F11.e.10161/click - {}
RESULT: {}
COMMAND: GET /session/6eb241deac570073510706dc7280b28b/screenshot - {}
RESULT: {}
COMMAND: POST /session/6eb241deac570073510706dc7280b28b/element - {"using":"xpath","value":"//bdi[contains(text(), \"OK\")]"}
RESULT: {"using":"xpath","value":"//bdi[contains(text(), \"OK\")]"}
COMMAND: POST /session/6eb241deac570073510706dc7280b28b/element/f.451C0D83FD0E10390ED4567275622C99.d.8BCACACEE0486510DA091FF4234B7F11.e.10163/click - {}
RESULT: {}
COMMAND: GET /session/6eb241deac570073510706dc7280b28b/screenshot - {}
RESULT: {}
COMMAND: POST /session/6eb241deac570073510706dc7280b28b/element - {"using":"xpath","value":"//span[@id=\"application-manageconditionprice-display-component---conditions--smartTable-header-inner\"]"}
RESULT: {"using":"xpath","value":"//span[@id=\"application-manageconditionprice-display-component---conditions--smartTable-header-inner\"]"}
COMMAND: POST /session/6eb241deac570073510706dc7280b28b/elements - {"using":"xpath","value":"//span[@id=\"application-manageconditionprice-display-component---conditions--smartTable-header-inner\"]"}
RESULT: {"using":"xpath","value":"//span[@id=\"application-manageconditionprice-display-component---conditions--smartTable-header-inner\"]"}
COMMAND: POST /session/6eb241deac570073510706dc7280b28b/execute/sync - {"script":"<script> [56 bytes]","args":[{"element-6066-11e4-a52e-4f735466cecf":"f.451C0D83FD0E10390ED4567275622C99.d.8BCACACEE0486510DA091FF4234B7F11.e.10166","ELEMENT":"f.451C0D83FD0E10390ED4567275622C99.d.8BCACACEE0486510DA091FF4234B7F11.e.10166"}]}
RESULT: {"script":"<script> [56 bytes]","args":[{"element-6066-11e4-a52e-4f735466cecf":"f.451C0D83FD0E10390ED4567275622C99.d.8BCACACEE0486510DA091FF4234B7F11.e.10166","ELEMENT":"f.451C0D83FD0E10390ED4567275622C99.d.8BCACACEE0486510DA091FF4234B7F11.e.10166"}]}
COMMAND: POST /session/6eb241deac570073510706dc7280b28b/element - {"using":"css selector","value":"#shell-header-logo"}
COMMAND: GET /session/6eb241deac570073510706dc7280b28b/screenshot - {}
RESULT: {"using":"css selector","value":"#shell-header-logo"}
COMMAND: POST /session/6eb241deac570073510706dc7280b28b/element/f.451C0D83FD0E10390ED4567275622C99.d.8BCACACEE0486510DA091FF4234B7F11.e.9788/click - {}
RESULT: {}
RESULT: {}
COMMAND: GET /session/6eb241deac570073510706dc7280b28b/screenshot - {}
RESULT: {}
]]></system-out>
    </testcase>
    <testcase classname="chrome.135_0_7049_115.windows.Create_master_data_for_mixed_billing_&amp;_do_billing_calculation_US151661" name="Should add performance based condition" time="79.703">
      <system-out><![CDATA[
RESULT: undefined
COMMAND: POST /session/6eb241deac570073510706dc7280b28b/element - {"using":"xpath","value":"//*[@id=\"__tile93-title\"]"}
RESULT: {"using":"xpath","value":"//*[@id=\"__tile93-title\"]"}
COMMAND: POST /session/6eb241deac570073510706dc7280b28b/element/f.451C0D83FD0E10390ED4567275622C99.d.8BCACACEE0486510DA091FF4234B7F11.e.9786/click - {}
RESULT: {}
COMMAND: POST /session/6eb241deac570073510706dc7280b28b/element - {"using":"xpath","value":"//button[@aria-label=\"Create\"]"}
COMMAND: GET /session/6eb241deac570073510706dc7280b28b/screenshot - {}
RESULT: {}
RESULT: {"using":"xpath","value":"//button[@aria-label=\"Create\"]"}
COMMAND: POST /session/6eb241deac570073510706dc7280b28b/elements - {"using":"xpath","value":"//button[@aria-label=\"Create\"]"}
RESULT: {"using":"xpath","value":"//button[@aria-label=\"Create\"]"}
COMMAND: POST /session/6eb241deac570073510706dc7280b28b/execute/sync - {"script":"<script> [8489 bytes]","args":[{"element-6066-11e4-a52e-4f735466cecf":"f.451C0D83FD0E10390ED4567275622C99.d.8BCACACEE0486510DA091FF4234B7F11.e.10208","ELEMENT":"f.451C0D83FD0E10390ED4567275622C99.d.8BCACACEE0486510DA091FF4234B7F11.e.10208"}]}
RESULT: {"script":"<script> [8489 bytes]","args":[{"element-6066-11e4-a52e-4f735466cecf":"f.451C0D83FD0E10390ED4567275622C99.d.8BCACACEE0486510DA091FF4234B7F11.e.10208","ELEMENT":"f.451C0D83FD0E10390ED4567275622C99.d.8BCACACEE0486510DA091FF4234B7F11.e.10208"}]}
COMMAND: GET /session/6eb241deac570073510706dc7280b28b/element/f.451C0D83FD0E10390ED4567275622C99.d.8BCACACEE0486510DA091FF4234B7F11.e.10208/enabled - {}
COMMAND: GET /session/6eb241deac570073510706dc7280b28b/screenshot - {}
RESULT: {}
COMMAND: POST /session/6eb241deac570073510706dc7280b28b/execute/sync - {"script":"<script> [8489 bytes]","args":[{"element-6066-11e4-a52e-4f735466cecf":"f.451C0D83FD0E10390ED4567275622C99.d.8BCACACEE0486510DA091FF4234B7F11.e.10208","ELEMENT":"f.451C0D83FD0E10390ED4567275622C99.d.8BCACACEE0486510DA091FF4234B7F11.e.10208"}]}
COMMAND: GET /session/6eb241deac570073510706dc7280b28b/screenshot - {}
RESULT: {}
RESULT: {"script":"<script> [8489 bytes]","args":[{"element-6066-11e4-a52e-4f735466cecf":"f.451C0D83FD0E10390ED4567275622C99.d.8BCACACEE0486510DA091FF4234B7F11.e.10208","ELEMENT":"f.451C0D83FD0E10390ED4567275622C99.d.8BCACACEE0486510DA091FF4234B7F11.e.10208"}]}
COMMAND: POST /session/6eb241deac570073510706dc7280b28b/execute/sync - {"script":"<script> [5351 bytes]","args":[{"element-6066-11e4-a52e-4f735466cecf":"f.451C0D83FD0E10390ED4567275622C99.d.8BCACACEE0486510DA091FF4234B7F11.e.10208","ELEMENT":"f.451C0D83FD0E10390ED4567275622C99.d.8BCACACEE0486510DA091FF4234B7F11.e.10208"}]}
COMMAND: GET /session/6eb241deac570073510706dc7280b28b/screenshot - {}
RESULT: {}
RESULT: {"script":"<script> [5351 bytes]","args":[{"element-6066-11e4-a52e-4f735466cecf":"f.451C0D83FD0E10390ED4567275622C99.d.8BCACACEE0486510DA091FF4234B7F11.e.10208","ELEMENT":"f.451C0D83FD0E10390ED4567275622C99.d.8BCACACEE0486510DA091FF4234B7F11.e.10208"}]}
COMMAND: POST /session/6eb241deac570073510706dc7280b28b/element/f.451C0D83FD0E10390ED4567275622C99.d.8BCACACEE0486510DA091FF4234B7F11.e.10208/click - {}
COMMAND: GET /session/6eb241deac570073510706dc7280b28b/screenshot - {}
RESULT: {}
RESULT: {}
COMMAND: GET /session/6eb241deac570073510706dc7280b28b/screenshot - {}
RESULT: {}
RESULT: {}
COMMAND: POST /session/6eb241deac570073510706dc7280b28b/actions - {"actions":[{"id":"action36","type":"key","parameters":{},"actions":[{"type":"keyDown","value":"î€‡"},{"type":"pause","duration":10},{"type":"keyUp","value":"î€‡"}]}]}
RESULT: {"actions":[{"id":"action36","type":"key","parameters":{},"actions":[{"type":"keyDown","value":"î€‡"},{"type":"pause","duration":10},{"type":"keyUp","value":"î€‡"}]}]}
COMMAND: GET /session/6eb241deac570073510706dc7280b28b/screenshot - {}
RESULT: undefined
COMMAND: POST /session/6eb241deac570073510706dc7280b28b/element - {"using":"xpath","value":"//*[@id=\"application-manageconditionprice-display-component---newCondition--condBillCond-arrow\"]"}
RESULT: {}
RESULT: {"using":"xpath","value":"//*[@id=\"application-manageconditionprice-display-component---newCondition--condBillCond-arrow\"]"}
COMMAND: POST /session/6eb241deac570073510706dc7280b28b/element/f.451C0D83FD0E10390ED4567275622C99.d.8BCACACEE0486510DA091FF4234B7F11.e.10686/click - {}
RESULT: {}
COMMAND: GET /session/6eb241deac570073510706dc7280b28b/screenshot - {}
RESULT: {}
COMMAND: POST /session/6eb241deac570073510706dc7280b28b/element - {"using":"xpath","value":"//li[.//span[contains(text(), \"PC06 - Performance Price - fuel\")]]"}
RESULT: {"using":"xpath","value":"//li[.//span[contains(text(), \"PC06 - Performance Price - fuel\")]]"}
COMMAND: POST /session/6eb241deac570073510706dc7280b28b/element/f.451C0D83FD0E10390ED4567275622C99.d.8BCACACEE0486510DA091FF4234B7F11.e.10689/click - {}
RESULT: {}
COMMAND: GET /session/6eb241deac570073510706dc7280b28b/screenshot - {}
RESULT: {}
RESULT: undefined
COMMAND: POST /session/6eb241deac570073510706dc7280b28b/execute/async - {"script":"<script> [776 bytes]","args":[{"enterText":"01/06/26","selector":{"id":"application-manageconditionprice-display-component---newCondition--condValidTo","interaction":{"idSuffix":"inner"}},"clearTextFirst":true,"interactionType":"ENTER_TEXT"}]}
RESULT: {"script":"<script> [776 bytes]","args":[{"enterText":"01/06/26","selector":{"id":"application-manageconditionprice-display-component---newCondition--condValidTo","interaction":{"idSuffix":"inner"}},"clearTextFirst":true,"interactionType":"ENTER_TEXT"}]}
COMMAND: POST /session/6eb241deac570073510706dc7280b28b/element - {"using":"xpath","value":"//input[@id=\"application-manageconditionprice-display-component---newCondition--condRU-inner\"]"}
RESULT: {"using":"xpath","value":"//input[@id=\"application-manageconditionprice-display-component---newCondition--condRU-inner\"]"}
COMMAND: POST /session/6eb241deac570073510706dc7280b28b/element/f.451C0D83FD0E10390ED4567275622C99.d.8BCACACEE0486510DA091FF4234B7F11.e.10411/clear - {}
RESULT: {}
COMMAND: POST /session/6eb241deac570073510706dc7280b28b/element/f.451C0D83FD0E10390ED4567275622C99.d.8BCACACEE0486510DA091FF4234B7F11.e.10411/value - {"text":"WykgKEWDpZ"}
COMMAND: GET /session/6eb241deac570073510706dc7280b28b/screenshot - {}
RESULT: {"text":"WykgKEWDpZ"}
COMMAND: GET /session/6eb241deac570073510706dc7280b28b/screenshot - {}
RESULT: {}
RESULT: {}
COMMAND: POST /session/6eb241deac570073510706dc7280b28b/actions - {"actions":[{"id":"action37","type":"key","parameters":{},"actions":[{"type":"keyDown","value":"î€‡"},{"type":"pause","duration":10},{"type":"keyUp","value":"î€‡"}]}]}
RESULT: {"actions":[{"id":"action37","type":"key","parameters":{},"actions":[{"type":"keyDown","value":"î€‡"},{"type":"pause","duration":10},{"type":"keyUp","value":"î€‡"}]}]}
RESULT: undefined
COMMAND: POST /session/6eb241deac570073510706dc7280b28b/execute/async - {"script":"<script> [776 bytes]","args":[{"enterText":"1","selector":{"id":"application-manageconditionprice-display-component---newCondition--condBaseQty","interaction":{"idSuffix":"inner"}},"clearTextFirst":true,"interactionType":"ENTER_TEXT"}]}
COMMAND: GET /session/6eb241deac570073510706dc7280b28b/screenshot - {}
RESULT: {"script":"<script> [776 bytes]","args":[{"enterText":"1","selector":{"id":"application-manageconditionprice-display-component---newCondition--condBaseQty","interaction":{"idSuffix":"inner"}},"clearTextFirst":true,"interactionType":"ENTER_TEXT"}]}
RESULT: undefined
COMMAND: POST /session/6eb241deac570073510706dc7280b28b/execute/async - {"script":"<script> [776 bytes]","args":[{"enterText":"10","selector":{"id":"application-manageconditionprice-display-component---newCondition--condValue","interaction":{"idSuffix":"inner"}},"clearTextFirst":true,"interactionType":"ENTER_TEXT"}]}
RESULT: {}
RESULT: {"script":"<script> [776 bytes]","args":[{"enterText":"10","selector":{"id":"application-manageconditionprice-display-component---newCondition--condValue","interaction":{"idSuffix":"inner"}},"clearTextFirst":true,"interactionType":"ENTER_TEXT"}]}
RESULT: undefined
COMMAND: POST /session/6eb241deac570073510706dc7280b28b/element - {"using":"xpath","value":"//*[@id=\"application-manageconditionprice-display-component---newCondition--condCurr-arrow\"]"}
RESULT: {"using":"xpath","value":"//*[@id=\"application-manageconditionprice-display-component---newCondition--condCurr-arrow\"]"}
COMMAND: POST /session/6eb241deac570073510706dc7280b28b/element/f.451C0D83FD0E10390ED4567275622C99.d.8BCACACEE0486510DA091FF4234B7F11.e.10659/click - {}
RESULT: {}
COMMAND: POST /session/6eb241deac570073510706dc7280b28b/element - {"using":"xpath","value":"//span[contains(text(), \"Euro\")]"}
COMMAND: GET /session/6eb241deac570073510706dc7280b28b/screenshot - {}
RESULT: {"using":"xpath","value":"//span[contains(text(), \"Euro\")]"}
COMMAND: POST /session/6eb241deac570073510706dc7280b28b/element/f.451C0D83FD0E10390ED4567275622C99.d.8BCACACEE0486510DA091FF4234B7F11.e.10722/click - {}
RESULT: {}
RESULT: {}
COMMAND: POST /session/6eb241deac570073510706dc7280b28b/element - {"using":"xpath","value":"//button[@data-kt=\"saveButton\"]"}
COMMAND: GET /session/6eb241deac570073510706dc7280b28b/screenshot - {}
RESULT: {"using":"xpath","value":"//button[@data-kt=\"saveButton\"]"}
COMMAND: POST /session/6eb241deac570073510706dc7280b28b/element/f.451C0D83FD0E10390ED4567275622C99.d.8BCACACEE0486510DA091FF4234B7F11.e.10660/click - {}
RESULT: {}
RESULT: {}
COMMAND: GET /session/6eb241deac570073510706dc7280b28b/screenshot - {}
RESULT: {}
RESULT: undefined
COMMAND: POST /session/6eb241deac570073510706dc7280b28b/execute/async - {"script":"<script> [776 bytes]","args":[{"enterText":"WykgKEWDpZ","selector":{"id":"application-manageconditionprice-display-component---conditions--smartFilterBar-btnBasicSearch","interaction":{"idSuffix":"I"}},"clearTextFirst":true,"interactionType":"ENTER_TEXT"}]}
RESULT: {"script":"<script> [776 bytes]","args":[{"enterText":"WykgKEWDpZ","selector":{"id":"application-manageconditionprice-display-component---conditions--smartFilterBar-btnBasicSearch","interaction":{"idSuffix":"I"}},"clearTextFirst":true,"interactionType":"ENTER_TEXT"}]}
COMMAND: POST /session/6eb241deac570073510706dc7280b28b/actions - {"actions":[{"id":"action38","type":"key","parameters":{},"actions":[{"type":"keyDown","value":"î€‡"},{"type":"pause","duration":10},{"type":"keyUp","value":"î€‡"}]}]}
RESULT: {"actions":[{"id":"action38","type":"key","parameters":{},"actions":[{"type":"keyDown","value":"î€‡"},{"type":"pause","duration":10},{"type":"keyUp","value":"î€‡"}]}]}
COMMAND: GET /session/6eb241deac570073510706dc7280b28b/screenshot - {}
RESULT: {}
RESULT: undefined
COMMAND: POST /session/6eb241deac570073510706dc7280b28b/element - {"using":"xpath","value":"//*[@id=\"application-manageconditionprice-display-component---conditions--smartFilterBar-filterItemControl_BASIC-BILL_TYPES-vhi\"]"}
RESULT: {"using":"xpath","value":"//*[@id=\"application-manageconditionprice-display-component---conditions--smartFilterBar-filterItemControl_BASIC-BILL_TYPES-vhi\"]"}
COMMAND: POST /session/6eb241deac570073510706dc7280b28b/element/f.451C0D83FD0E10390ED4567275622C99.d.8BCACACEE0486510DA091FF4234B7F11.e.10973/click - {}
RESULT: {}
RESULT: undefined
COMMAND: POST /session/6eb241deac570073510706dc7280b28b/execute/async - {"script":"<script> [776 bytes]","args":[{"enterText":"PB","selector":{"id":"application-manageconditionprice-display-component---conditions--smartFilterBar-filterItemControl_BASIC-BILL_TYPES-valueHelpDialog-smartFilterBar-btnBasicSearch","searchOpenDialogs":true,"interaction":{"idSuffix":"I"}},"clearTextFirst":true,"interactionType":"ENTER_TEXT"}]}
COMMAND: GET /session/6eb241deac570073510706dc7280b28b/screenshot - {}
RESULT: {"script":"<script> [776 bytes]","args":[{"enterText":"PB","selector":{"id":"application-manageconditionprice-display-component---conditions--smartFilterBar-filterItemControl_BASIC-BILL_TYPES-valueHelpDialog-smartFilterBar-btnBasicSearch","searchOpenDialogs":true,"interaction":{"idSuffix":"I"}},"clearTextFirst":true,"interactionType":"ENTER_TEXT"}]}
COMMAND: POST /session/6eb241deac570073510706dc7280b28b/actions - {"actions":[{"id":"action39","type":"key","parameters":{},"actions":[{"type":"keyDown","value":"î€‡"},{"type":"pause","duration":10},{"type":"keyUp","value":"î€‡"}]}]}
RESULT: {}
RESULT: {"actions":[{"id":"action39","type":"key","parameters":{},"actions":[{"type":"keyDown","value":"î€‡"},{"type":"pause","duration":10},{"type":"keyUp","value":"î€‡"}]}]}
COMMAND: GET /session/6eb241deac570073510706dc7280b28b/screenshot - {}
RESULT: {}
COMMAND: POST /session/6eb241deac570073510706dc7280b28b/element - {"using":"xpath","value":"//div[contains(@id, 'application-manageconditionprice-display-component---conditions--smartFilterBar-filterItemControl_BASIC-BILL_TYPES-valueHelpDialog-table-rowsel0')]"}
RESULT: {"using":"xpath","value":"//div[contains(@id, 'application-manageconditionprice-display-component---conditions--smartFilterBar-filterItemControl_BASIC-BILL_TYPES-valueHelpDialog-table-rowsel0')]"}
COMMAND: POST /session/6eb241deac570073510706dc7280b28b/element/f.451C0D83FD0E10390ED4567275622C99.d.8BCACACEE0486510DA091FF4234B7F11.e.10982/click - {}
RESULT: {}
COMMAND: GET /session/6eb241deac570073510706dc7280b28b/screenshot - {}
RESULT: {}
COMMAND: POST /session/6eb241deac570073510706dc7280b28b/element - {"using":"xpath","value":"//bdi[contains(text(), \"OK\")]"}
RESULT: {"using":"xpath","value":"//bdi[contains(text(), \"OK\")]"}
COMMAND: POST /session/6eb241deac570073510706dc7280b28b/element/f.451C0D83FD0E10390ED4567275622C99.d.8BCACACEE0486510DA091FF4234B7F11.e.10984/click - {}
RESULT: {}
COMMAND: GET /session/6eb241deac570073510706dc7280b28b/screenshot - {}
RESULT: {}
COMMAND: POST /session/6eb241deac570073510706dc7280b28b/element - {"using":"xpath","value":"//span[@id=\"application-manageconditionprice-display-component---conditions--smartTable-header-inner\"]"}
RESULT: {"using":"xpath","value":"//span[@id=\"application-manageconditionprice-display-component---conditions--smartTable-header-inner\"]"}
COMMAND: POST /session/6eb241deac570073510706dc7280b28b/elements - {"using":"xpath","value":"//span[@id=\"application-manageconditionprice-display-component---conditions--smartTable-header-inner\"]"}
RESULT: {"using":"xpath","value":"//span[@id=\"application-manageconditionprice-display-component---conditions--smartTable-header-inner\"]"}
COMMAND: POST /session/6eb241deac570073510706dc7280b28b/execute/sync - {"script":"<script> [56 bytes]","args":[{"element-6066-11e4-a52e-4f735466cecf":"f.451C0D83FD0E10390ED4567275622C99.d.8BCACACEE0486510DA091FF4234B7F11.e.10987","ELEMENT":"f.451C0D83FD0E10390ED4567275622C99.d.8BCACACEE0486510DA091FF4234B7F11.e.10987"}]}
RESULT: {"script":"<script> [56 bytes]","args":[{"element-6066-11e4-a52e-4f735466cecf":"f.451C0D83FD0E10390ED4567275622C99.d.8BCACACEE0486510DA091FF4234B7F11.e.10987","ELEMENT":"f.451C0D83FD0E10390ED4567275622C99.d.8BCACACEE0486510DA091FF4234B7F11.e.10987"}]}
COMMAND: POST /session/6eb241deac570073510706dc7280b28b/element - {"using":"css selector","value":"#shell-header-logo"}
COMMAND: GET /session/6eb241deac570073510706dc7280b28b/screenshot - {}
RESULT: {"using":"css selector","value":"#shell-header-logo"}
COMMAND: POST /session/6eb241deac570073510706dc7280b28b/element/f.451C0D83FD0E10390ED4567275622C99.d.8BCACACEE0486510DA091FF4234B7F11.e.10174/click - {}
RESULT: {}
RESULT: {}
COMMAND: GET /session/6eb241deac570073510706dc7280b28b/screenshot - {}
RESULT: {}
]]></system-out>
    </testcase>
    <testcase classname="chrome.135_0_7049_115.windows.Create_master_data_for_mixed_billing_&amp;_do_billing_calculation_US151661" name="Should add time based condition" time="75.974">
      <system-out><![CDATA[
RESULT: undefined
COMMAND: POST /session/6eb241deac570073510706dc7280b28b/element - {"using":"xpath","value":"//*[@id=\"__tile93-title\"]"}
RESULT: {"using":"xpath","value":"//*[@id=\"__tile93-title\"]"}
COMMAND: POST /session/6eb241deac570073510706dc7280b28b/element/f.451C0D83FD0E10390ED4567275622C99.d.8BCACACEE0486510DA091FF4234B7F11.e.9786/click - {}
RESULT: {}
COMMAND: POST /session/6eb241deac570073510706dc7280b28b/element - {"using":"xpath","value":"//button[@aria-label=\"Create\"]"}
COMMAND: GET /session/6eb241deac570073510706dc7280b28b/screenshot - {}
RESULT: {"using":"xpath","value":"//button[@aria-label=\"Create\"]"}
COMMAND: POST /session/6eb241deac570073510706dc7280b28b/elements - {"using":"xpath","value":"//button[@aria-label=\"Create\"]"}
RESULT: {}
RESULT: {"using":"xpath","value":"//button[@aria-label=\"Create\"]"}
COMMAND: POST /session/6eb241deac570073510706dc7280b28b/execute/sync - {"script":"<script> [8489 bytes]","args":[{"element-6066-11e4-a52e-4f735466cecf":"f.451C0D83FD0E10390ED4567275622C99.d.8BCACACEE0486510DA091FF4234B7F11.e.11024","ELEMENT":"f.451C0D83FD0E10390ED4567275622C99.d.8BCACACEE0486510DA091FF4234B7F11.e.11024"}]}
RESULT: {"script":"<script> [8489 bytes]","args":[{"element-6066-11e4-a52e-4f735466cecf":"f.451C0D83FD0E10390ED4567275622C99.d.8BCACACEE0486510DA091FF4234B7F11.e.11024","ELEMENT":"f.451C0D83FD0E10390ED4567275622C99.d.8BCACACEE0486510DA091FF4234B7F11.e.11024"}]}
COMMAND: GET /session/6eb241deac570073510706dc7280b28b/element/f.451C0D83FD0E10390ED4567275622C99.d.8BCACACEE0486510DA091FF4234B7F11.e.11024/enabled - {}
COMMAND: GET /session/6eb241deac570073510706dc7280b28b/screenshot - {}
RESULT: {}
COMMAND: POST /session/6eb241deac570073510706dc7280b28b/execute/sync - {"script":"<script> [8489 bytes]","args":[{"element-6066-11e4-a52e-4f735466cecf":"f.451C0D83FD0E10390ED4567275622C99.d.8BCACACEE0486510DA091FF4234B7F11.e.11024","ELEMENT":"f.451C0D83FD0E10390ED4567275622C99.d.8BCACACEE0486510DA091FF4234B7F11.e.11024"}]}
COMMAND: GET /session/6eb241deac570073510706dc7280b28b/screenshot - {}
RESULT: {}
RESULT: {"script":"<script> [8489 bytes]","args":[{"element-6066-11e4-a52e-4f735466cecf":"f.451C0D83FD0E10390ED4567275622C99.d.8BCACACEE0486510DA091FF4234B7F11.e.11024","ELEMENT":"f.451C0D83FD0E10390ED4567275622C99.d.8BCACACEE0486510DA091FF4234B7F11.e.11024"}]}
COMMAND: POST /session/6eb241deac570073510706dc7280b28b/execute/sync - {"script":"<script> [5351 bytes]","args":[{"element-6066-11e4-a52e-4f735466cecf":"f.451C0D83FD0E10390ED4567275622C99.d.8BCACACEE0486510DA091FF4234B7F11.e.11024","ELEMENT":"f.451C0D83FD0E10390ED4567275622C99.d.8BCACACEE0486510DA091FF4234B7F11.e.11024"}]}
COMMAND: GET /session/6eb241deac570073510706dc7280b28b/screenshot - {}
RESULT: {}
RESULT: {"script":"<script> [5351 bytes]","args":[{"element-6066-11e4-a52e-4f735466cecf":"f.451C0D83FD0E10390ED4567275622C99.d.8BCACACEE0486510DA091FF4234B7F11.e.11024","ELEMENT":"f.451C0D83FD0E10390ED4567275622C99.d.8BCACACEE0486510DA091FF4234B7F11.e.11024"}]}
COMMAND: POST /session/6eb241deac570073510706dc7280b28b/element/f.451C0D83FD0E10390ED4567275622C99.d.8BCACACEE0486510DA091FF4234B7F11.e.11024/click - {}
COMMAND: GET /session/6eb241deac570073510706dc7280b28b/screenshot - {}
RESULT: {}
RESULT: {}
RESULT: {}
COMMAND: GET /session/6eb241deac570073510706dc7280b28b/screenshot - {}
RESULT: {}
COMMAND: POST /session/6eb241deac570073510706dc7280b28b/actions - {"actions":[{"id":"action40","type":"key","parameters":{},"actions":[{"type":"keyDown","value":"î€‡"},{"type":"pause","duration":10},{"type":"keyUp","value":"î€‡"}]}]}
RESULT: {"actions":[{"id":"action40","type":"key","parameters":{},"actions":[{"type":"keyDown","value":"î€‡"},{"type":"pause","duration":10},{"type":"keyUp","value":"î€‡"}]}]}
COMMAND: GET /session/6eb241deac570073510706dc7280b28b/screenshot - {}
RESULT: {}
RESULT: undefined
COMMAND: POST /session/6eb241deac570073510706dc7280b28b/element - {"using":"xpath","value":"//*[@id=\"application-manageconditionprice-display-component---newCondition--condBillCond-arrow\"]"}
RESULT: {"using":"xpath","value":"//*[@id=\"application-manageconditionprice-display-component---newCondition--condBillCond-arrow\"]"}
COMMAND: POST /session/6eb241deac570073510706dc7280b28b/element/f.451C0D83FD0E10390ED4567275622C99.d.8BCACACEE0486510DA091FF4234B7F11.e.11513/click - {}
RESULT: {}
COMMAND: GET /session/6eb241deac570073510706dc7280b28b/screenshot - {}
RESULT: {}
COMMAND: POST /session/6eb241deac570073510706dc7280b28b/element - {"using":"xpath","value":"//li[.//span[contains(text(), \"DISP - D&I special price\")]]"}
RESULT: {"using":"xpath","value":"//li[.//span[contains(text(), \"DISP - D&I special price\")]]"}
COMMAND: POST /session/6eb241deac570073510706dc7280b28b/element/f.451C0D83FD0E10390ED4567275622C99.d.8BCACACEE0486510DA091FF4234B7F11.e.11516/click - {}
RESULT: {}
COMMAND: GET /session/6eb241deac570073510706dc7280b28b/screenshot - {}
RESULT: {}
RESULT: undefined
COMMAND: POST /session/6eb241deac570073510706dc7280b28b/execute/async - {"script":"<script> [776 bytes]","args":[{"enterText":"01/06/26","selector":{"id":"application-manageconditionprice-display-component---newCondition--condValidTo","interaction":{"idSuffix":"inner"}},"clearTextFirst":true,"interactionType":"ENTER_TEXT"}]}
RESULT: {"script":"<script> [776 bytes]","args":[{"enterText":"01/06/26","selector":{"id":"application-manageconditionprice-display-component---newCondition--condValidTo","interaction":{"idSuffix":"inner"}},"clearTextFirst":true,"interactionType":"ENTER_TEXT"}]}
COMMAND: POST /session/6eb241deac570073510706dc7280b28b/element - {"using":"xpath","value":"//input[@id=\"application-manageconditionprice-display-component---newCondition--condRU-inner\"]"}
RESULT: {"using":"xpath","value":"//input[@id=\"application-manageconditionprice-display-component---newCondition--condRU-inner\"]"}
COMMAND: POST /session/6eb241deac570073510706dc7280b28b/element/f.451C0D83FD0E10390ED4567275622C99.d.8BCACACEE0486510DA091FF4234B7F11.e.11231/clear - {}
RESULT: {}
COMMAND: POST /session/6eb241deac570073510706dc7280b28b/element/f.451C0D83FD0E10390ED4567275622C99.d.8BCACACEE0486510DA091FF4234B7F11.e.11231/value - {"text":"WykgKEWDpZ"}
COMMAND: GET /session/6eb241deac570073510706dc7280b28b/screenshot - {}
RESULT: {"text":"WykgKEWDpZ"}
COMMAND: GET /session/6eb241deac570073510706dc7280b28b/screenshot - {}
RESULT: {}
RESULT: {}
COMMAND: POST /session/6eb241deac570073510706dc7280b28b/actions - {"actions":[{"id":"action41","type":"key","parameters":{},"actions":[{"type":"keyDown","value":"î€‡"},{"type":"pause","duration":10},{"type":"keyUp","value":"î€‡"}]}]}
RESULT: {"actions":[{"id":"action41","type":"key","parameters":{},"actions":[{"type":"keyDown","value":"î€‡"},{"type":"pause","duration":10},{"type":"keyUp","value":"î€‡"}]}]}
RESULT: undefined
COMMAND: POST /session/6eb241deac570073510706dc7280b28b/execute/async - {"script":"<script> [776 bytes]","args":[{"enterText":"1","selector":{"id":"application-manageconditionprice-display-component---newCondition--condBaseQty","interaction":{"idSuffix":"inner"}},"clearTextFirst":true,"interactionType":"ENTER_TEXT"}]}
COMMAND: GET /session/6eb241deac570073510706dc7280b28b/screenshot - {}
RESULT: {"script":"<script> [776 bytes]","args":[{"enterText":"1","selector":{"id":"application-manageconditionprice-display-component---newCondition--condBaseQty","interaction":{"idSuffix":"inner"}},"clearTextFirst":true,"interactionType":"ENTER_TEXT"}]}
RESULT: undefined
COMMAND: POST /session/6eb241deac570073510706dc7280b28b/execute/async - {"script":"<script> [776 bytes]","args":[{"enterText":"100","selector":{"id":"application-manageconditionprice-display-component---newCondition--condValue","interaction":{"idSuffix":"inner"}},"clearTextFirst":true,"interactionType":"ENTER_TEXT"}]}
RESULT: {}
RESULT: {"script":"<script> [776 bytes]","args":[{"enterText":"100","selector":{"id":"application-manageconditionprice-display-component---newCondition--condValue","interaction":{"idSuffix":"inner"}},"clearTextFirst":true,"interactionType":"ENTER_TEXT"}]}
RESULT: undefined
COMMAND: POST /session/6eb241deac570073510706dc7280b28b/element - {"using":"xpath","value":"//*[@id=\"application-manageconditionprice-display-component---newCondition--condCurr-arrow\"]"}
RESULT: {"using":"xpath","value":"//*[@id=\"application-manageconditionprice-display-component---newCondition--condCurr-arrow\"]"}
COMMAND: POST /session/6eb241deac570073510706dc7280b28b/element/f.451C0D83FD0E10390ED4567275622C99.d.8BCACACEE0486510DA091FF4234B7F11.e.11473/click - {}
RESULT: {}
COMMAND: POST /session/6eb241deac570073510706dc7280b28b/element - {"using":"xpath","value":"//span[contains(text(), \"Euro\")]"}
COMMAND: GET /session/6eb241deac570073510706dc7280b28b/screenshot - {}
RESULT: {"using":"xpath","value":"//span[contains(text(), \"Euro\")]"}
COMMAND: POST /session/6eb241deac570073510706dc7280b28b/element/f.451C0D83FD0E10390ED4567275622C99.d.8BCACACEE0486510DA091FF4234B7F11.e.11551/click - {}
RESULT: {}
RESULT: {}
COMMAND: POST /session/6eb241deac570073510706dc7280b28b/element - {"using":"xpath","value":"//button[@data-kt=\"saveButton\"]"}
COMMAND: GET /session/6eb241deac570073510706dc7280b28b/screenshot - {}
RESULT: {"using":"xpath","value":"//button[@data-kt=\"saveButton\"]"}
COMMAND: POST /session/6eb241deac570073510706dc7280b28b/element/f.451C0D83FD0E10390ED4567275622C99.d.8BCACACEE0486510DA091FF4234B7F11.e.11474/click - {}
RESULT: {}
RESULT: {}
COMMAND: GET /session/6eb241deac570073510706dc7280b28b/screenshot - {}
RESULT: {}
RESULT: undefined
COMMAND: POST /session/6eb241deac570073510706dc7280b28b/execute/async - {"script":"<script> [776 bytes]","args":[{"enterText":"WykgKEWDpZ","selector":{"id":"application-manageconditionprice-display-component---conditions--smartFilterBar-btnBasicSearch","interaction":{"idSuffix":"I"}},"clearTextFirst":true,"interactionType":"ENTER_TEXT"}]}
RESULT: {"script":"<script> [776 bytes]","args":[{"enterText":"WykgKEWDpZ","selector":{"id":"application-manageconditionprice-display-component---conditions--smartFilterBar-btnBasicSearch","interaction":{"idSuffix":"I"}},"clearTextFirst":true,"interactionType":"ENTER_TEXT"}]}
COMMAND: POST /session/6eb241deac570073510706dc7280b28b/actions - {"actions":[{"id":"action42","type":"key","parameters":{},"actions":[{"type":"keyDown","value":"î€‡"},{"type":"pause","duration":10},{"type":"keyUp","value":"î€‡"}]}]}
RESULT: {"actions":[{"id":"action42","type":"key","parameters":{},"actions":[{"type":"keyDown","value":"î€‡"},{"type":"pause","duration":10},{"type":"keyUp","value":"î€‡"}]}]}
COMMAND: GET /session/6eb241deac570073510706dc7280b28b/screenshot - {}
RESULT: {}
RESULT: undefined
COMMAND: POST /session/6eb241deac570073510706dc7280b28b/element - {"using":"xpath","value":"//*[@id=\"application-manageconditionprice-display-component---conditions--smartFilterBar-filterItemControl_BASIC-BILL_TYPES-vhi\"]"}
RESULT: {"using":"xpath","value":"//*[@id=\"application-manageconditionprice-display-component---conditions--smartFilterBar-filterItemControl_BASIC-BILL_TYPES-vhi\"]"}
COMMAND: POST /session/6eb241deac570073510706dc7280b28b/element/f.451C0D83FD0E10390ED4567275622C99.d.8BCACACEE0486510DA091FF4234B7F11.e.11589/click - {}
RESULT: {}
RESULT: undefined
COMMAND: POST /session/6eb241deac570073510706dc7280b28b/execute/async - {"script":"<script> [776 bytes]","args":[{"enterText":"TB","selector":{"id":"application-manageconditionprice-display-component---conditions--smartFilterBar-filterItemControl_BASIC-BILL_TYPES-valueHelpDialog-smartFilterBar-btnBasicSearch","searchOpenDialogs":true,"interaction":{"idSuffix":"I"}},"clearTextFirst":true,"interactionType":"ENTER_TEXT"}]}
COMMAND: GET /session/6eb241deac570073510706dc7280b28b/screenshot - {}
RESULT: {"script":"<script> [776 bytes]","args":[{"enterText":"TB","selector":{"id":"application-manageconditionprice-display-component---conditions--smartFilterBar-filterItemControl_BASIC-BILL_TYPES-valueHelpDialog-smartFilterBar-btnBasicSearch","searchOpenDialogs":true,"interaction":{"idSuffix":"I"}},"clearTextFirst":true,"interactionType":"ENTER_TEXT"}]}
COMMAND: POST /session/6eb241deac570073510706dc7280b28b/actions - {"actions":[{"id":"action43","type":"key","parameters":{},"actions":[{"type":"keyDown","value":"î€‡"},{"type":"pause","duration":10},{"type":"keyUp","value":"î€‡"}]}]}
RESULT: {}
RESULT: {"actions":[{"id":"action43","type":"key","parameters":{},"actions":[{"type":"keyDown","value":"î€‡"},{"type":"pause","duration":10},{"type":"keyUp","value":"î€‡"}]}]}
COMMAND: GET /session/6eb241deac570073510706dc7280b28b/screenshot - {}
RESULT: {}
COMMAND: POST /session/6eb241deac570073510706dc7280b28b/element - {"using":"xpath","value":"//div[contains(@id, 'application-manageconditionprice-display-component---conditions--smartFilterBar-filterItemControl_BASIC-BILL_TYPES-valueHelpDialog-table-rowsel0')]"}
RESULT: {"using":"xpath","value":"//div[contains(@id, 'application-manageconditionprice-display-component---conditions--smartFilterBar-filterItemControl_BASIC-BILL_TYPES-valueHelpDialog-table-rowsel0')]"}
COMMAND: POST /session/6eb241deac570073510706dc7280b28b/element/f.451C0D83FD0E10390ED4567275622C99.d.8BCACACEE0486510DA091FF4234B7F11.e.11596/click - {}
RESULT: {}
COMMAND: GET /session/6eb241deac570073510706dc7280b28b/screenshot - {}
RESULT: {}
COMMAND: POST /session/6eb241deac570073510706dc7280b28b/element - {"using":"xpath","value":"//bdi[contains(text(), \"OK\")]"}
RESULT: {"using":"xpath","value":"//bdi[contains(text(), \"OK\")]"}
COMMAND: POST /session/6eb241deac570073510706dc7280b28b/element/f.451C0D83FD0E10390ED4567275622C99.d.8BCACACEE0486510DA091FF4234B7F11.e.11598/click - {}
RESULT: {}
COMMAND: GET /session/6eb241deac570073510706dc7280b28b/screenshot - {}
RESULT: {}
COMMAND: POST /session/6eb241deac570073510706dc7280b28b/element - {"using":"xpath","value":"//span[@id=\"application-manageconditionprice-display-component---conditions--smartTable-header-inner\"]"}
RESULT: {"using":"xpath","value":"//span[@id=\"application-manageconditionprice-display-component---conditions--smartTable-header-inner\"]"}
COMMAND: POST /session/6eb241deac570073510706dc7280b28b/elements - {"using":"xpath","value":"//span[@id=\"application-manageconditionprice-display-component---conditions--smartTable-header-inner\"]"}
RESULT: {"using":"xpath","value":"//span[@id=\"application-manageconditionprice-display-component---conditions--smartTable-header-inner\"]"}
COMMAND: POST /session/6eb241deac570073510706dc7280b28b/execute/sync - {"script":"<script> [56 bytes]","args":[{"element-6066-11e4-a52e-4f735466cecf":"f.451C0D83FD0E10390ED4567275622C99.d.8BCACACEE0486510DA091FF4234B7F11.e.11607","ELEMENT":"f.451C0D83FD0E10390ED4567275622C99.d.8BCACACEE0486510DA091FF4234B7F11.e.11607"}]}
RESULT: {"script":"<script> [56 bytes]","args":[{"element-6066-11e4-a52e-4f735466cecf":"f.451C0D83FD0E10390ED4567275622C99.d.8BCACACEE0486510DA091FF4234B7F11.e.11607","ELEMENT":"f.451C0D83FD0E10390ED4567275622C99.d.8BCACACEE0486510DA091FF4234B7F11.e.11607"}]}
COMMAND: POST /session/6eb241deac570073510706dc7280b28b/element - {"using":"css selector","value":"#shell-header-logo"}
COMMAND: GET /session/6eb241deac570073510706dc7280b28b/screenshot - {}
RESULT: {"using":"css selector","value":"#shell-header-logo"}
COMMAND: POST /session/6eb241deac570073510706dc7280b28b/element/f.451C0D83FD0E10390ED4567275622C99.d.8BCACACEE0486510DA091FF4234B7F11.e.10992/click - {}
RESULT: {}
RESULT: {}
COMMAND: GET /session/6eb241deac570073510706dc7280b28b/screenshot - {}
RESULT: {}
]]></system-out>
    </testcase>
    <testcase classname="chrome.135_0_7049_115.windows.Create_master_data_for_mixed_billing_&amp;_do_billing_calculation_US151661" name="Should do a stock increase handover" time="85.563">
      <system-out><![CDATA[
COMMAND: POST /session/6eb241deac570073510706dc7280b28b/execute/async - {"script":"<script> [1562 bytes]","args":[{"selector":{"controlType":"sap.m.Text","viewName":"etm.portal.ui.managehandoverstile.view.Master","properties":{"text":"Manage Handovers"},"interaction":{"idSuffix":"inner"}},"wdio_ui5_key":"etmportal.ui.managehandoverstile.view.Mastersap.m.Text{\"text\":\"Manage Handovers\"}"}]}
RESULT: {"script":"<script> [1562 bytes]","args":[{"selector":{"controlType":"sap.m.Text","viewName":"etm.portal.ui.managehandoverstile.view.Master","properties":{"text":"Manage Handovers"},"interaction":{"idSuffix":"inner"}},"wdio_ui5_key":"etmportal.ui.managehandoverstile.view.Mastersap.m.Text{\"text\":\"Manage Handovers\"}"}]}
RESULT: undefined
COMMAND: POST /session/6eb241deac570073510706dc7280b28b/element - {"using":"xpath","value":"//*[@id=\"__tile132-title\"]"}
RESULT: {"using":"xpath","value":"//*[@id=\"__tile132-title\"]"}
COMMAND: POST /session/6eb241deac570073510706dc7280b28b/element/f.451C0D83FD0E10390ED4567275622C99.d.8BCACACEE0486510DA091FF4234B7F11.e.11610/click - {}
RESULT: {}
COMMAND: POST /session/6eb241deac570073510706dc7280b28b/element - {"using":"xpath","value":"//button[@data-kt=\"masterHOAddButton\"]"}
COMMAND: GET /session/6eb241deac570073510706dc7280b28b/screenshot - {}
RESULT: {"using":"xpath","value":"//button[@data-kt=\"masterHOAddButton\"]"}
COMMAND: POST /session/6eb241deac570073510706dc7280b28b/elements - {"using":"xpath","value":"//button[@data-kt=\"masterHOAddButton\"]"}
RESULT: {}
RESULT: {"using":"xpath","value":"//button[@data-kt=\"masterHOAddButton\"]"}
COMMAND: POST /session/6eb241deac570073510706dc7280b28b/elements - {"using":"xpath","value":"//button[@data-kt=\"masterHOAddButton\"]"}
RESULT: {"using":"xpath","value":"//button[@data-kt=\"masterHOAddButton\"]"}
COMMAND: POST /session/6eb241deac570073510706dc7280b28b/elements - {"using":"xpath","value":"//button[@data-kt=\"masterHOAddButton\"]"}
RESULT: {"using":"xpath","value":"//button[@data-kt=\"masterHOAddButton\"]"}
COMMAND: POST /session/6eb241deac570073510706dc7280b28b/elements - {"using":"xpath","value":"//button[@data-kt=\"masterHOAddButton\"]"}
RESULT: {"using":"xpath","value":"//button[@data-kt=\"masterHOAddButton\"]"}
COMMAND: POST /session/6eb241deac570073510706dc7280b28b/element - {"using":"xpath","value":"//button[@data-kt=\"masterHOAddButton\"]"}
RESULT: {"using":"xpath","value":"//button[@data-kt=\"masterHOAddButton\"]"}
COMMAND: POST /session/6eb241deac570073510706dc7280b28b/execute/sync - {"script":"<script> [8489 bytes]","args":[{"element-6066-11e4-a52e-4f735466cecf":"f.451C0D83FD0E10390ED4567275622C99.d.8BCACACEE0486510DA091FF4234B7F11.e.11649","ELEMENT":"f.451C0D83FD0E10390ED4567275622C99.d.8BCACACEE0486510DA091FF4234B7F11.e.11649"}]}
RESULT: {"script":"<script> [8489 bytes]","args":[{"element-6066-11e4-a52e-4f735466cecf":"f.451C0D83FD0E10390ED4567275622C99.d.8BCACACEE0486510DA091FF4234B7F11.e.11649","ELEMENT":"f.451C0D83FD0E10390ED4567275622C99.d.8BCACACEE0486510DA091FF4234B7F11.e.11649"}]}
COMMAND: GET /session/6eb241deac570073510706dc7280b28b/element/f.451C0D83FD0E10390ED4567275622C99.d.8BCACACEE0486510DA091FF4234B7F11.e.11649/enabled - {}
COMMAND: GET /session/6eb241deac570073510706dc7280b28b/screenshot - {}
RESULT: {}
COMMAND: POST /session/6eb241deac570073510706dc7280b28b/execute/sync - {"script":"<script> [8489 bytes]","args":[{"element-6066-11e4-a52e-4f735466cecf":"f.451C0D83FD0E10390ED4567275622C99.d.8BCACACEE0486510DA091FF4234B7F11.e.11649","ELEMENT":"f.451C0D83FD0E10390ED4567275622C99.d.8BCACACEE0486510DA091FF4234B7F11.e.11649"}]}
COMMAND: GET /session/6eb241deac570073510706dc7280b28b/screenshot - {}
RESULT: {}
RESULT: {"script":"<script> [8489 bytes]","args":[{"element-6066-11e4-a52e-4f735466cecf":"f.451C0D83FD0E10390ED4567275622C99.d.8BCACACEE0486510DA091FF4234B7F11.e.11649","ELEMENT":"f.451C0D83FD0E10390ED4567275622C99.d.8BCACACEE0486510DA091FF4234B7F11.e.11649"}]}
COMMAND: POST /session/6eb241deac570073510706dc7280b28b/execute/sync - {"script":"<script> [5351 bytes]","args":[{"element-6066-11e4-a52e-4f735466cecf":"f.451C0D83FD0E10390ED4567275622C99.d.8BCACACEE0486510DA091FF4234B7F11.e.11649","ELEMENT":"f.451C0D83FD0E10390ED4567275622C99.d.8BCACACEE0486510DA091FF4234B7F11.e.11649"}]}
COMMAND: GET /session/6eb241deac570073510706dc7280b28b/screenshot - {}
RESULT: {}
RESULT: {"script":"<script> [5351 bytes]","args":[{"element-6066-11e4-a52e-4f735466cecf":"f.451C0D83FD0E10390ED4567275622C99.d.8BCACACEE0486510DA091FF4234B7F11.e.11649","ELEMENT":"f.451C0D83FD0E10390ED4567275622C99.d.8BCACACEE0486510DA091FF4234B7F11.e.11649"}]}
COMMAND: POST /session/6eb241deac570073510706dc7280b28b/element/f.451C0D83FD0E10390ED4567275622C99.d.8BCACACEE0486510DA091FF4234B7F11.e.11649/click - {}
COMMAND: GET /session/6eb241deac570073510706dc7280b28b/screenshot - {}
RESULT: {}
RESULT: {}
COMMAND: GET /session/6eb241deac570073510706dc7280b28b/screenshot - {}
COMMAND: POST /session/6eb241deac570073510706dc7280b28b/element - {"using":"xpath","value":"//span[contains(@id ,\"AddNewHO--typeSelect-arrow\")]"}
RESULT: {}
RESULT: {}
RESULT: {"using":"xpath","value":"//span[contains(@id ,\"AddNewHO--typeSelect-arrow\")]"}
COMMAND: POST /session/6eb241deac570073510706dc7280b28b/element/f.451C0D83FD0E10390ED4567275622C99.d.8BCACACEE0486510DA091FF4234B7F11.e.11984/click - {}
RESULT: {}
COMMAND: GET /session/6eb241deac570073510706dc7280b28b/screenshot - {}
RESULT: {}
COMMAND: POST /session/6eb241deac570073510706dc7280b28b/element - {"using":"xpath","value":"(//li[contains(text(), \"stock increase yard\")])[1]"}
RESULT: {"using":"xpath","value":"(//li[contains(text(), \"stock increase yard\")])[1]"}
COMMAND: POST /session/6eb241deac570073510706dc7280b28b/element/f.451C0D83FD0E10390ED4567275622C99.d.8BCACACEE0486510DA091FF4234B7F11.e.11985/click - {}
RESULT: {}
COMMAND: GET /session/6eb241deac570073510706dc7280b28b/screenshot - {}
RESULT: {}
COMMAND: POST /session/6eb241deac570073510706dc7280b28b/execute/async - {"script":"<script> [1562 bytes]","args":[{"selector":{"id":"application-managehandovers-display-component---AddNewHO--dueDate","interaction":{"idSuffix":"inner"}},"wdio_ui5_key":"applicationmanagehandovers-display-component---AddNewHO--dueDate"}]}
RESULT: {"script":"<script> [1562 bytes]","args":[{"selector":{"id":"application-managehandovers-display-component---AddNewHO--dueDate","interaction":{"idSuffix":"inner"}},"wdio_ui5_key":"applicationmanagehandovers-display-component---AddNewHO--dueDate"}]}
RESULT: undefined
COMMAND: POST /session/6eb241deac570073510706dc7280b28b/execute/async - {"script":"<script> [6424 bytes]","args":[{"element-6066-11e4-a52e-4f735466cecf":"f.451C0D83FD0E10390ED4567275622C99.d.8BCACACEE0486510DA091FF4234B7F11.e.11989"},"setValue",["05/06/2025"]]}
RESULT: {"script":"<script> [6424 bytes]","args":[{"element-6066-11e4-a52e-4f735466cecf":"f.451C0D83FD0E10390ED4567275622C99.d.8BCACACEE0486510DA091FF4234B7F11.e.11989"},"setValue",["05/06/2025"]]}
COMMAND: POST /session/6eb241deac570073510706dc7280b28b/element - {"using":"xpath","value":"//input[@id=\"generalSectionFrg--receiveYard-inner\"]"}
RESULT: {"using":"xpath","value":"//input[@id=\"generalSectionFrg--receiveYard-inner\"]"}
COMMAND: POST /session/6eb241deac570073510706dc7280b28b/element/f.451C0D83FD0E10390ED4567275622C99.d.8BCACACEE0486510DA091FF4234B7F11.e.11995/clear - {}
RESULT: {}
COMMAND: POST /session/6eb241deac570073510706dc7280b28b/element/f.451C0D83FD0E10390ED4567275622C99.d.8BCACACEE0486510DA091FF4234B7F11.e.11995/value - {"text":"642"}
COMMAND: GET /session/6eb241deac570073510706dc7280b28b/screenshot - {}
RESULT: {"text":"642"}
COMMAND: GET /session/6eb241deac570073510706dc7280b28b/screenshot - {}
RESULT: {}
RESULT: {}
COMMAND: POST /session/6eb241deac570073510706dc7280b28b/element - {"using":"xpath","value":"//li[.//span[text()='642']]"}
RESULT: {"using":"xpath","value":"//li[.//span[text()='642']]"}
COMMAND: POST /session/6eb241deac570073510706dc7280b28b/element/f.451C0D83FD0E10390ED4567275622C99.d.8BCACACEE0486510DA091FF4234B7F11.e.12009/click - {}
RESULT: {}
COMMAND: GET /session/6eb241deac570073510706dc7280b28b/screenshot - {}
RESULT: {}
COMMAND: POST /session/6eb241deac570073510706dc7280b28b/execute/async - {"script":"<script> [1562 bytes]","args":[{"selector":{"id":"application-managehandovers-display-component---AddNewHO--ObjectPageLayout-anchBar-application-managehandovers-display-component---AddNewHO--section4-anchor","interaction":{"idSuffix":"BDI-content"}},"wdio_ui5_key":"applicationmanagehandovers-display-component---AddNewHO--ObjectPageLayout-anchBar-application-managehandovers-display-component---AddNewHO--section4-anchor"}]}
RESULT: {"script":"<script> [1562 bytes]","args":[{"selector":{"id":"application-managehandovers-display-component---AddNewHO--ObjectPageLayout-anchBar-application-managehandovers-display-component---AddNewHO--section4-anchor","interaction":{"idSuffix":"BDI-content"}},"wdio_ui5_key":"applicationmanagehandovers-display-component---AddNewHO--ObjectPageLayout-anchBar-application-managehandovers-display-component---AddNewHO--section4-anchor"}]}
RESULT: undefined
COMMAND: POST /session/6eb241deac570073510706dc7280b28b/element - {"using":"xpath","value":"//*[@id=\"application-managehandovers-display-component---AddNewHO--ObjectPageLayout-anchBar-application-managehandovers-display-component---AddNewHO--section4-anchor\"]"}
RESULT: {"using":"xpath","value":"//*[@id=\"application-managehandovers-display-component---AddNewHO--ObjectPageLayout-anchBar-application-managehandovers-display-component---AddNewHO--section4-anchor\"]"}
COMMAND: POST /session/6eb241deac570073510706dc7280b28b/element/f.451C0D83FD0E10390ED4567275622C99.d.8BCACACEE0486510DA091FF4234B7F11.e.12011/click - {}
RESULT: {}
COMMAND: POST /session/6eb241deac570073510706dc7280b28b/element - {"using":"xpath","value":"//button[@aria-label=\"Add\"]"}
COMMAND: GET /session/6eb241deac570073510706dc7280b28b/screenshot - {}
RESULT: {"using":"xpath","value":"//button[@aria-label=\"Add\"]"}
COMMAND: POST /session/6eb241deac570073510706dc7280b28b/element/f.451C0D83FD0E10390ED4567275622C99.d.8BCACACEE0486510DA091FF4234B7F11.e.12013/click - {}
RESULT: {}
RESULT: {}
COMMAND: GET /session/6eb241deac570073510706dc7280b28b/screenshot - {}
RESULT: {}
COMMAND: POST /session/6eb241deac570073510706dc7280b28b/execute/async - {"script":"<script> [1562 bytes]","args":[{"selector":{"id":"application-managehandovers-display-component---AddNewHO--smartFilterBar-btnBasicSearch","searchOpenDialogs":true,"interaction":{"idSuffix":"I"}},"wdio_ui5_key":"applicationmanagehandovers-display-component---AddNewHO--smartFilterBar-btnBasicSearch"}]}
RESULT: {"script":"<script> [1562 bytes]","args":[{"selector":{"id":"application-managehandovers-display-component---AddNewHO--smartFilterBar-btnBasicSearch","searchOpenDialogs":true,"interaction":{"idSuffix":"I"}},"wdio_ui5_key":"applicationmanagehandovers-display-component---AddNewHO--smartFilterBar-btnBasicSearch"}]}
RESULT: undefined
COMMAND: POST /session/6eb241deac570073510706dc7280b28b/execute/async - {"script":"<script> [776 bytes]","args":[{"enterText":"WykgKEWDpZ","selector":{"id":"application-managehandovers-display-component---AddNewHO--smartFilterBar-btnBasicSearch","searchOpenDialogs":true,"interaction":{"idSuffix":"I"}},"clearTextFirst":true,"interactionType":"ENTER_TEXT"}]}
RESULT: {"script":"<script> [776 bytes]","args":[{"enterText":"WykgKEWDpZ","selector":{"id":"application-managehandovers-display-component---AddNewHO--smartFilterBar-btnBasicSearch","searchOpenDialogs":true,"interaction":{"idSuffix":"I"}},"clearTextFirst":true,"interactionType":"ENTER_TEXT"}]}
COMMAND: POST /session/6eb241deac570073510706dc7280b28b/actions - {"actions":[{"id":"action44","type":"key","parameters":{},"actions":[{"type":"keyDown","value":"î€‡"},{"type":"pause","duration":10},{"type":"keyUp","value":"î€‡"}]}]}
RESULT: {"actions":[{"id":"action44","type":"key","parameters":{},"actions":[{"type":"keyDown","value":"î€‡"},{"type":"pause","duration":10},{"type":"keyUp","value":"î€‡"}]}]}
COMMAND: GET /session/6eb241deac570073510706dc7280b28b/screenshot - {}
RESULT: {}
COMMAND: POST /session/6eb241deac570073510706dc7280b28b/execute/async - {"script":"<script> [1562 bytes]","args":[{"selector":{"id":"application-managehandovers-display-component---AddNewHO--popup-sa","searchOpenDialogs":true,"interaction":{"idSuffix":"CbBg"}},"wdio_ui5_key":"applicationmanagehandovers-display-component---AddNewHO--popup-sa"}]}
RESULT: {"script":"<script> [1562 bytes]","args":[{"selector":{"id":"application-managehandovers-display-component---AddNewHO--popup-sa","searchOpenDialogs":true,"interaction":{"idSuffix":"CbBg"}},"wdio_ui5_key":"applicationmanagehandovers-display-component---AddNewHO--popup-sa"}]}
RESULT: undefined
COMMAND: POST /session/6eb241deac570073510706dc7280b28b/element - {"using":"xpath","value":"//*[@id=\"application-managehandovers-display-component---AddNewHO--popup-sa\"]"}
RESULT: {"using":"xpath","value":"//*[@id=\"application-managehandovers-display-component---AddNewHO--popup-sa\"]"}
COMMAND: POST /session/6eb241deac570073510706dc7280b28b/element/f.451C0D83FD0E10390ED4567275622C99.d.8BCACACEE0486510DA091FF4234B7F11.e.12168/click - {}
RESULT: {}
COMMAND: GET /session/6eb241deac570073510706dc7280b28b/screenshot - {}
RESULT: {}
COMMAND: POST /session/6eb241deac570073510706dc7280b28b/element - {"using":"xpath","value":"//bdi[contains(text(), \"Select\")]"}
RESULT: {"using":"xpath","value":"//bdi[contains(text(), \"Select\")]"}
COMMAND: POST /session/6eb241deac570073510706dc7280b28b/element/f.451C0D83FD0E10390ED4567275622C99.d.8BCACACEE0486510DA091FF4234B7F11.e.12169/click - {}
RESULT: {}
COMMAND: GET /session/6eb241deac570073510706dc7280b28b/screenshot - {}
RESULT: {}
COMMAND: POST /session/6eb241deac570073510706dc7280b28b/element - {"using":"xpath","value":"//button[@data-kt=\"AddNewHOSaveButton\"]"}
RESULT: {"using":"xpath","value":"//button[@data-kt=\"AddNewHOSaveButton\"]"}
COMMAND: POST /session/6eb241deac570073510706dc7280b28b/element/f.451C0D83FD0E10390ED4567275622C99.d.8BCACACEE0486510DA091FF4234B7F11.e.12173/click - {}
RESULT: {}
COMMAND: GET /session/6eb241deac570073510706dc7280b28b/screenshot - {}
RESULT: {}
COMMAND: POST /session/6eb241deac570073510706dc7280b28b/execute/async - {"script":"<script> [1562 bytes]","args":[{"selector":{"id":"receiptDatePicker","viewName":"etm.portal.ui.managehandovers.view.DetailExecuteHO","interaction":{"idSuffix":"inner"}},"wdio_ui5_key":"receiptDatePickeretmportal.ui.managehandovers.view.DetailExecuteHO"}]}
RESULT: {"script":"<script> [1562 bytes]","args":[{"selector":{"id":"receiptDatePicker","viewName":"etm.portal.ui.managehandovers.view.DetailExecuteHO","interaction":{"idSuffix":"inner"}},"wdio_ui5_key":"receiptDatePickeretmportal.ui.managehandovers.view.DetailExecuteHO"}]}
RESULT: undefined
COMMAND: POST /session/6eb241deac570073510706dc7280b28b/execute/async - {"script":"<script> [6424 bytes]","args":[{"element-6066-11e4-a52e-4f735466cecf":"f.451C0D83FD0E10390ED4567275622C99.d.8BCACACEE0486510DA091FF4234B7F11.e.12205"},"setValue",["05/06/2025"]]}
RESULT: {"script":"<script> [6424 bytes]","args":[{"element-6066-11e4-a52e-4f735466cecf":"f.451C0D83FD0E10390ED4567275622C99.d.8BCACACEE0486510DA091FF4234B7F11.e.12205"},"setValue",["05/06/2025"]]}
COMMAND: POST /session/6eb241deac570073510706dc7280b28b/element - {"using":"xpath","value":"//button[@data-kt=\"PickingTableConfirmAllButton\"]"}
RESULT: {"using":"xpath","value":"//button[@data-kt=\"PickingTableConfirmAllButton\"]"}
COMMAND: POST /session/6eb241deac570073510706dc7280b28b/element/f.451C0D83FD0E10390ED4567275622C99.d.8BCACACEE0486510DA091FF4234B7F11.e.12220/click - {}
RESULT: {}
COMMAND: GET /session/6eb241deac570073510706dc7280b28b/screenshot - {}
RESULT: {}
COMMAND: POST /session/6eb241deac570073510706dc7280b28b/element - {"using":"xpath","value":"//bdi[contains(text(), \"OK\")]"}
RESULT: {"using":"xpath","value":"//bdi[contains(text(), \"OK\")]"}
COMMAND: POST /session/6eb241deac570073510706dc7280b28b/element/f.451C0D83FD0E10390ED4567275622C99.d.8BCACACEE0486510DA091FF4234B7F11.e.12222/click - {}
RESULT: {}
COMMAND: GET /session/6eb241deac570073510706dc7280b28b/screenshot - {}
RESULT: {}
COMMAND: POST /session/6eb241deac570073510706dc7280b28b/element - {"using":"xpath","value":"(//bdi[contains(text(), \"Receive\")])[2]"}
RESULT: {"using":"xpath","value":"(//bdi[contains(text(), \"Receive\")])[2]"}
COMMAND: POST /session/6eb241deac570073510706dc7280b28b/element/f.451C0D83FD0E10390ED4567275622C99.d.8BCACACEE0486510DA091FF4234B7F11.e.12224/click - {}
RESULT: {}
COMMAND: GET /session/6eb241deac570073510706dc7280b28b/screenshot - {}
RESULT: {}
COMMAND: POST /session/6eb241deac570073510706dc7280b28b/element - {"using":"css selector","value":"#shell-header-logo"}
RESULT: {"using":"css selector","value":"#shell-header-logo"}
COMMAND: POST /session/6eb241deac570073510706dc7280b28b/element/f.451C0D83FD0E10390ED4567275622C99.d.8BCACACEE0486510DA091FF4234B7F11.e.11612/click - {}
RESULT: {}
COMMAND: GET /session/6eb241deac570073510706dc7280b28b/screenshot - {}
RESULT: {}
]]></system-out>
    </testcase>
    <testcase classname="chrome.135_0_7049_115.windows.Create_master_data_for_mixed_billing_&amp;_do_billing_calculation_US151661" name="Should create a new contract" time="83.502">
      <system-out><![CDATA[
COMMAND: POST /session/6eb241deac570073510706dc7280b28b/execute/async - {"script":"<script> [1562 bytes]","args":[{"selector":{"controlType":"sap.m.Text","viewName":"etm.portal.ui.managecontractstile.view.Master","properties":{"text":"Manage Contracts"},"interaction":{"idSuffix":"inner"}},"wdio_ui5_key":"etmportal.ui.managecontractstile.view.Mastersap.m.Text{\"text\":\"Manage Contracts\"}"}]}
RESULT: {"script":"<script> [1562 bytes]","args":[{"selector":{"controlType":"sap.m.Text","viewName":"etm.portal.ui.managecontractstile.view.Master","properties":{"text":"Manage Contracts"},"interaction":{"idSuffix":"inner"}},"wdio_ui5_key":"etmportal.ui.managecontractstile.view.Mastersap.m.Text{\"text\":\"Manage Contracts\"}"}]}
RESULT: undefined
COMMAND: POST /session/6eb241deac570073510706dc7280b28b/element - {"using":"xpath","value":"//*[@id=\"__tile130-title\"]"}
RESULT: {"using":"xpath","value":"//*[@id=\"__tile130-title\"]"}
COMMAND: POST /session/6eb241deac570073510706dc7280b28b/element/f.451C0D83FD0E10390ED4567275622C99.d.8BCACACEE0486510DA091FF4234B7F11.e.12510/click - {}
RESULT: {}
COMMAND: GET /session/6eb241deac570073510706dc7280b28b/screenshot - {}
RESULT: {}
COMMAND: POST /session/6eb241deac570073510706dc7280b28b/element - {"using":"xpath","value":"//button[@data-kt=\"addButton\"]"}
RESULT: {"using":"xpath","value":"//button[@data-kt=\"addButton\"]"}
COMMAND: POST /session/6eb241deac570073510706dc7280b28b/elements - {"using":"xpath","value":"//button[@data-kt=\"addButton\"]"}
RESULT: {"using":"xpath","value":"//button[@data-kt=\"addButton\"]"}
COMMAND: POST /session/6eb241deac570073510706dc7280b28b/execute/sync - {"script":"<script> [8489 bytes]","args":[{"element-6066-11e4-a52e-4f735466cecf":"f.451C0D83FD0E10390ED4567275622C99.d.8BCACACEE0486510DA091FF4234B7F11.e.12582","ELEMENT":"f.451C0D83FD0E10390ED4567275622C99.d.8BCACACEE0486510DA091FF4234B7F11.e.12582"}]}
RESULT: {"script":"<script> [8489 bytes]","args":[{"element-6066-11e4-a52e-4f735466cecf":"f.451C0D83FD0E10390ED4567275622C99.d.8BCACACEE0486510DA091FF4234B7F11.e.12582","ELEMENT":"f.451C0D83FD0E10390ED4567275622C99.d.8BCACACEE0486510DA091FF4234B7F11.e.12582"}]}
COMMAND: GET /session/6eb241deac570073510706dc7280b28b/element/f.451C0D83FD0E10390ED4567275622C99.d.8BCACACEE0486510DA091FF4234B7F11.e.12582/enabled - {}
COMMAND: GET /session/6eb241deac570073510706dc7280b28b/screenshot - {}
RESULT: {}
COMMAND: POST /session/6eb241deac570073510706dc7280b28b/execute/sync - {"script":"<script> [8489 bytes]","args":[{"element-6066-11e4-a52e-4f735466cecf":"f.451C0D83FD0E10390ED4567275622C99.d.8BCACACEE0486510DA091FF4234B7F11.e.12582","ELEMENT":"f.451C0D83FD0E10390ED4567275622C99.d.8BCACACEE0486510DA091FF4234B7F11.e.12582"}]}
COMMAND: GET /session/6eb241deac570073510706dc7280b28b/screenshot - {}
RESULT: {}
RESULT: {"script":"<script> [8489 bytes]","args":[{"element-6066-11e4-a52e-4f735466cecf":"f.451C0D83FD0E10390ED4567275622C99.d.8BCACACEE0486510DA091FF4234B7F11.e.12582","ELEMENT":"f.451C0D83FD0E10390ED4567275622C99.d.8BCACACEE0486510DA091FF4234B7F11.e.12582"}]}
COMMAND: POST /session/6eb241deac570073510706dc7280b28b/execute/sync - {"script":"<script> [5351 bytes]","args":[{"element-6066-11e4-a52e-4f735466cecf":"f.451C0D83FD0E10390ED4567275622C99.d.8BCACACEE0486510DA091FF4234B7F11.e.12582","ELEMENT":"f.451C0D83FD0E10390ED4567275622C99.d.8BCACACEE0486510DA091FF4234B7F11.e.12582"}]}
COMMAND: GET /session/6eb241deac570073510706dc7280b28b/screenshot - {}
RESULT: {}
RESULT: {"script":"<script> [5351 bytes]","args":[{"element-6066-11e4-a52e-4f735466cecf":"f.451C0D83FD0E10390ED4567275622C99.d.8BCACACEE0486510DA091FF4234B7F11.e.12582","ELEMENT":"f.451C0D83FD0E10390ED4567275622C99.d.8BCACACEE0486510DA091FF4234B7F11.e.12582"}]}
COMMAND: GET /session/6eb241deac570073510706dc7280b28b/screenshot - {}
RESULT: {}
RESULT: {}
COMMAND: POST /session/6eb241deac570073510706dc7280b28b/element/f.451C0D83FD0E10390ED4567275622C99.d.8BCACACEE0486510DA091FF4234B7F11.e.12582/click - {}
RESULT: {}
COMMAND: GET /session/6eb241deac570073510706dc7280b28b/screenshot - {}
RESULT: {}
COMMAND: POST /session/6eb241deac570073510706dc7280b28b/execute/async - {"script":"<script> [1562 bytes]","args":[{"selector":{"id":"application-managecontracts-display-component---AddNewContract--projectDescription","interaction":{"idSuffix":"inner"}},"wdio_ui5_key":"applicationmanagecontracts-display-component---AddNewContract--projectDescription"}]}
RESULT: {"script":"<script> [1562 bytes]","args":[{"selector":{"id":"application-managecontracts-display-component---AddNewContract--projectDescription","interaction":{"idSuffix":"inner"}},"wdio_ui5_key":"applicationmanagecontracts-display-component---AddNewContract--projectDescription"}]}
RESULT: undefined
COMMAND: POST /session/6eb241deac570073510706dc7280b28b/execute/async - {"script":"<script> [776 bytes]","args":[{"enterText":"Mixed Contract WDIO","selector":{"id":"application-managecontracts-display-component---AddNewContract--projectDescription","interaction":{"idSuffix":"inner"}},"clearTextFirst":true,"interactionType":"ENTER_TEXT"}]}
RESULT: {"script":"<script> [776 bytes]","args":[{"enterText":"Mixed Contract WDIO","selector":{"id":"application-managecontracts-display-component---AddNewContract--projectDescription","interaction":{"idSuffix":"inner"}},"clearTextFirst":true,"interactionType":"ENTER_TEXT"}]}
COMMAND: POST /session/6eb241deac570073510706dc7280b28b/element - {"using":"xpath","value":"//input[@id=\"application-managecontracts-display-component---AddNewContract--site-inner\"]"}
RESULT: {"using":"xpath","value":"//input[@id=\"application-managecontracts-display-component---AddNewContract--site-inner\"]"}
COMMAND: POST /session/6eb241deac570073510706dc7280b28b/element/f.451C0D83FD0E10390ED4567275622C99.d.8BCACACEE0486510DA091FF4234B7F11.e.12879/clear - {}
RESULT: {}
COMMAND: POST /session/6eb241deac570073510706dc7280b28b/element/f.451C0D83FD0E10390ED4567275622C99.d.8BCACACEE0486510DA091FF4234B7F11.e.12879/value - {"text":"2474"}
COMMAND: GET /session/6eb241deac570073510706dc7280b28b/screenshot - {}
RESULT: {"text":"2474"}
COMMAND: GET /session/6eb241deac570073510706dc7280b28b/screenshot - {}
RESULT: {}
RESULT: {}
COMMAND: POST /session/6eb241deac570073510706dc7280b28b/element - {"using":"xpath","value":"//li[.//span[text()='2474']]"}
RESULT: {"using":"xpath","value":"//li[.//span[text()='2474']]"}
COMMAND: POST /session/6eb241deac570073510706dc7280b28b/element/f.451C0D83FD0E10390ED4567275622C99.d.8BCACACEE0486510DA091FF4234B7F11.e.12902/click - {}
RESULT: {}
COMMAND: GET /session/6eb241deac570073510706dc7280b28b/screenshot - {}
RESULT: {}
COMMAND: POST /session/6eb241deac570073510706dc7280b28b/element - {"using":"xpath","value":"//input[@id=\"application-managecontracts-display-component---AddNewContract--yardId-inner\"]"}
RESULT: {"using":"xpath","value":"//input[@id=\"application-managecontracts-display-component---AddNewContract--yardId-inner\"]"}
COMMAND: GET /session/6eb241deac570073510706dc7280b28b/element/f.451C0D83FD0E10390ED4567275622C99.d.8BCACACEE0486510DA091FF4234B7F11.e.12880/property/value - {}
RESULT: {}
COMMAND: POST /session/6eb241deac570073510706dc7280b28b/element - {"using":"xpath","value":"//input[@id=\"application-managecontracts-display-component---AddNewContract--customerSelect-inner\"]"}
COMMAND: GET /session/6eb241deac570073510706dc7280b28b/screenshot - {}
RESULT: {"using":"xpath","value":"//input[@id=\"application-managecontracts-display-component---AddNewContract--customerSelect-inner\"]"}
COMMAND: POST /session/6eb241deac570073510706dc7280b28b/element/f.451C0D83FD0E10390ED4567275622C99.d.8BCACACEE0486510DA091FF4234B7F11.e.12878/clear - {}
RESULT: {}
RESULT: {}
COMMAND: POST /session/6eb241deac570073510706dc7280b28b/element/f.451C0D83FD0E10390ED4567275622C99.d.8BCACACEE0486510DA091FF4234B7F11.e.12878/value - {"text":"1516"}
COMMAND: GET /session/6eb241deac570073510706dc7280b28b/screenshot - {}
RESULT: {"text":"1516"}
COMMAND: GET /session/6eb241deac570073510706dc7280b28b/screenshot - {}
COMMAND: POST /session/6eb241deac570073510706dc7280b28b/element - {"using":"xpath","value":"//li[.//span[text()='1516']]"}
RESULT: {}
RESULT: {}
RESULT: {"using":"xpath","value":"//li[.//span[text()='1516']]"}
COMMAND: POST /session/6eb241deac570073510706dc7280b28b/element/f.451C0D83FD0E10390ED4567275622C99.d.8BCACACEE0486510DA091FF4234B7F11.e.12905/click - {}
RESULT: {}
COMMAND: GET /session/6eb241deac570073510706dc7280b28b/screenshot - {}
RESULT: {}
COMMAND: POST /session/6eb241deac570073510706dc7280b28b/element - {"using":"xpath","value":"//button[@data-kt=\"saveButton\"]"}
RESULT: {"using":"xpath","value":"//button[@data-kt=\"saveButton\"]"}
COMMAND: POST /session/6eb241deac570073510706dc7280b28b/element/f.451C0D83FD0E10390ED4567275622C99.d.8BCACACEE0486510DA091FF4234B7F11.e.12893/click - {}
RESULT: {}
COMMAND: GET /session/6eb241deac570073510706dc7280b28b/screenshot - {}
RESULT: {}
COMMAND: POST /session/6eb241deac570073510706dc7280b28b/element - {"using":"xpath","value":"//span[contains(@id ,\"contractDetailTitleNoExpanded\")]"}
RESULT: {"using":"xpath","value":"//span[contains(@id ,\"contractDetailTitleNoExpanded\")]"}
COMMAND: POST /session/6eb241deac570073510706dc7280b28b/elements - {"using":"xpath","value":"//span[contains(@id ,\"contractDetailTitleNoExpanded\")]"}
RESULT: {"using":"xpath","value":"//span[contains(@id ,\"contractDetailTitleNoExpanded\")]"}
COMMAND: POST /session/6eb241deac570073510706dc7280b28b/execute/sync - {"script":"<script> [56 bytes]","args":[{"element-6066-11e4-a52e-4f735466cecf":"f.451C0D83FD0E10390ED4567275622C99.d.8BCACACEE0486510DA091FF4234B7F11.e.12977","ELEMENT":"f.451C0D83FD0E10390ED4567275622C99.d.8BCACACEE0486510DA091FF4234B7F11.e.12977"}]}
RESULT: {"script":"<script> [56 bytes]","args":[{"element-6066-11e4-a52e-4f735466cecf":"f.451C0D83FD0E10390ED4567275622C99.d.8BCACACEE0486510DA091FF4234B7F11.e.12977","ELEMENT":"f.451C0D83FD0E10390ED4567275622C99.d.8BCACACEE0486510DA091FF4234B7F11.e.12977"}]}
COMMAND: GET /session/6eb241deac570073510706dc7280b28b/screenshot - {}
RESULT: {}
]]></system-out>
    </testcase>
    <testcase classname="chrome.135_0_7049_115.windows.Create_master_data_for_mixed_billing_&amp;_do_billing_calculation_US151661" name="Should do a provide to site handover" time="70.667">
      <system-out><![CDATA[
COMMAND: POST /session/6eb241deac570073510706dc7280b28b/element - {"using":"xpath","value":"//button[@data-kt=\"provideButton\"]"}
COMMAND: GET /session/6eb241deac570073510706dc7280b28b/screenshot - {}
RESULT: {}
RESULT: {"using":"xpath","value":"//button[@data-kt=\"provideButton\"]"}
COMMAND: POST /session/6eb241deac570073510706dc7280b28b/element/f.451C0D83FD0E10390ED4567275622C99.d.8BCACACEE0486510DA091FF4234B7F11.e.13069/click - {}
RESULT: {}
RESULT: {}
COMMAND: GET /session/6eb241deac570073510706dc7280b28b/screenshot - {}
RESULT: undefined
COMMAND: POST /session/6eb241deac570073510706dc7280b28b/execute/async - {"script":"<script> [6424 bytes]","args":[{"element-6066-11e4-a52e-4f735466cecf":"f.451C0D83FD0E10390ED4567275622C99.d.8BCACACEE0486510DA091FF4234B7F11.e.11989"},"setValue",["05/06/2025"]]}
RESULT: {}
COMMAND: POST /session/6eb241deac570073510706dc7280b28b/execute/async - {"script":"<script> [1562 bytes]","args":[{"selector":{"id":"application-managehandovers-display-component---AddNewHO--dueDate","interaction":{"idSuffix":"inner"}},"wdio_ui5_key":"applicationmanagehandovers-display-component---AddNewHO--dueDate"}]}
RESULT: {"script":"<script> [1562 bytes]","args":[{"selector":{"id":"application-managehandovers-display-component---AddNewHO--dueDate","interaction":{"idSuffix":"inner"}},"wdio_ui5_key":"applicationmanagehandovers-display-component---AddNewHO--dueDate"}]}
COMMAND: POST /session/6eb241deac570073510706dc7280b28b/execute/async - {"script":"<script> [6424 bytes]","args":[{"element-6066-11e4-a52e-4f735466cecf":"f.451C0D83FD0E10390ED4567275622C99.d.8BCACACEE0486510DA091FF4234B7F11.e.13145"},"setValue",["05/06/2025"]]}
RESULT: {"script":"<script> [6424 bytes]","args":[{"element-6066-11e4-a52e-4f735466cecf":"f.451C0D83FD0E10390ED4567275622C99.d.8BCACACEE0486510DA091FF4234B7F11.e.13145"},"setValue",["05/06/2025"]]}
COMMAND: POST /session/6eb241deac570073510706dc7280b28b/element - {"using":"xpath","value":"//bdi[contains(text(), \"Instructions\")]"}
RESULT: {"using":"xpath","value":"//bdi[contains(text(), \"Instructions\")]"}
COMMAND: POST /session/6eb241deac570073510706dc7280b28b/element/f.451C0D83FD0E10390ED4567275622C99.d.8BCACACEE0486510DA091FF4234B7F11.e.13413/click - {}
RESULT: {}
COMMAND: GET /session/6eb241deac570073510706dc7280b28b/screenshot - {}
RESULT: {}
COMMAND: POST /session/6eb241deac570073510706dc7280b28b/element - {"using":"xpath","value":"//button[@data-kt=\"AddNewHOProvideAddItemsButton\"]"}
RESULT: {"using":"xpath","value":"//button[@data-kt=\"AddNewHOProvideAddItemsButton\"]"}
COMMAND: POST /session/6eb241deac570073510706dc7280b28b/element/f.451C0D83FD0E10390ED4567275622C99.d.8BCACACEE0486510DA091FF4234B7F11.e.13417/click - {}
RESULT: {}
COMMAND: GET /session/6eb241deac570073510706dc7280b28b/screenshot - {}
RESULT: {}
RESULT: undefined
COMMAND: POST /session/6eb241deac570073510706dc7280b28b/element - {"using":"xpath","value":"//*[@id=\"application-managehandovers-display-component---AddNewHO--popup-sa\"]"}
RESULT: {"using":"xpath","value":"//*[@id=\"application-managehandovers-display-component---AddNewHO--popup-sa\"]"}
COMMAND: POST /session/6eb241deac570073510706dc7280b28b/element/f.451C0D83FD0E10390ED4567275622C99.d.8BCACACEE0486510DA091FF4234B7F11.e.13427/click - {}
RESULT: {}
COMMAND: GET /session/6eb241deac570073510706dc7280b28b/screenshot - {}
RESULT: {}
COMMAND: POST /session/6eb241deac570073510706dc7280b28b/element - {"using":"xpath","value":"//*[contains(@id ,\"BDI-content\")][contains(text(), \"Select\")]"}
RESULT: {"using":"xpath","value":"//*[contains(@id ,\"BDI-content\")][contains(text(), \"Select\")]"}
COMMAND: POST /session/6eb241deac570073510706dc7280b28b/element/f.451C0D83FD0E10390ED4567275622C99.d.8BCACACEE0486510DA091FF4234B7F11.e.13428/click - {}
RESULT: {}
COMMAND: GET /session/6eb241deac570073510706dc7280b28b/screenshot - {}
RESULT: {}
COMMAND: POST /session/6eb241deac570073510706dc7280b28b/execute/async - {"script":"<script> [1562 bytes]","args":[{"selector":{"id":"application-managehandovers-display-component---AddNewHO--confirmCreationButton","interaction":{"idSuffix":"BDI-content"}},"wdio_ui5_key":"applicationmanagehandovers-display-component---AddNewHO--confirmCreationButton"}]}
RESULT: {"script":"<script> [1562 bytes]","args":[{"selector":{"id":"application-managehandovers-display-component---AddNewHO--confirmCreationButton","interaction":{"idSuffix":"BDI-content"}},"wdio_ui5_key":"applicationmanagehandovers-display-component---AddNewHO--confirmCreationButton"}]}
RESULT: undefined
COMMAND: POST /session/6eb241deac570073510706dc7280b28b/element - {"using":"xpath","value":"//*[@id=\"application-managehandovers-display-component---AddNewHO--confirmCreationButton\"]"}
RESULT: {"using":"xpath","value":"//*[@id=\"application-managehandovers-display-component---AddNewHO--confirmCreationButton\"]"}
COMMAND: POST /session/6eb241deac570073510706dc7280b28b/element/f.451C0D83FD0E10390ED4567275622C99.d.8BCACACEE0486510DA091FF4234B7F11.e.13190/click - {}
RESULT: {}
COMMAND: GET /session/6eb241deac570073510706dc7280b28b/screenshot - {}
RESULT: {}
COMMAND: POST /session/6eb241deac570073510706dc7280b28b/element - {"using":"xpath","value":"//button[@data-kt=\"PickingTableConfirmAllButton\"]"}
RESULT: {"using":"xpath","value":"//button[@data-kt=\"PickingTableConfirmAllButton\"]"}
COMMAND: POST /session/6eb241deac570073510706dc7280b28b/element/f.451C0D83FD0E10390ED4567275622C99.d.8BCACACEE0486510DA091FF4234B7F11.e.13466/click - {}
COMMAND: POST /session/6eb241deac570073510706dc7280b28b/element - {"using":"xpath","value":"//button[@data-kt=\"PickingTableConfirmAllButton\"]"}
RESULT: {"using":"xpath","value":"//button[@data-kt=\"PickingTableConfirmAllButton\"]"}
COMMAND: POST /session/6eb241deac570073510706dc7280b28b/element/f.451C0D83FD0E10390ED4567275622C99.d.8BCACACEE0486510DA091FF4234B7F11.e.13466/click - {}
COMMAND: POST /session/6eb241deac570073510706dc7280b28b/element - {"using":"xpath","value":"//button[@data-kt=\"PickingTableConfirmAllButton\"]"}
RESULT: {"using":"xpath","value":"//button[@data-kt=\"PickingTableConfirmAllButton\"]"}
COMMAND: POST /session/6eb241deac570073510706dc7280b28b/element/f.451C0D83FD0E10390ED4567275622C99.d.8BCACACEE0486510DA091FF4234B7F11.e.13487/click - {}
RESULT: {}
COMMAND: GET /session/6eb241deac570073510706dc7280b28b/screenshot - {}
RESULT: {}
COMMAND: POST /session/6eb241deac570073510706dc7280b28b/element - {"using":"xpath","value":"//bdi[contains(text(), \"OK\")]"}
RESULT: {"using":"xpath","value":"//bdi[contains(text(), \"OK\")]"}
COMMAND: POST /session/6eb241deac570073510706dc7280b28b/element/f.451C0D83FD0E10390ED4567275622C99.d.8BCACACEE0486510DA091FF4234B7F11.e.13491/click - {}
RESULT: {}
COMMAND: GET /session/6eb241deac570073510706dc7280b28b/screenshot - {}
RESULT: {}
COMMAND: POST /session/6eb241deac570073510706dc7280b28b/element - {"using":"xpath","value":"//bdi[contains(text(), \"Ok\")]"}
RESULT: {"using":"xpath","value":"//bdi[contains(text(), \"Ok\")]"}
COMMAND: POST /session/6eb241deac570073510706dc7280b28b/element/f.451C0D83FD0E10390ED4567275622C99.d.8BCACACEE0486510DA091FF4234B7F11.e.13500/click - {}
RESULT: {}
COMMAND: GET /session/6eb241deac570073510706dc7280b28b/screenshot - {}
RESULT: {}
COMMAND: POST /session/6eb241deac570073510706dc7280b28b/element - {"using":"xpath","value":"//bdi[contains(text(), \"Issue\")]"}
RESULT: {"using":"xpath","value":"//bdi[contains(text(), \"Issue\")]"}
COMMAND: POST /session/6eb241deac570073510706dc7280b28b/element/f.451C0D83FD0E10390ED4567275622C99.d.8BCACACEE0486510DA091FF4234B7F11.e.13502/click - {}
RESULT: {}
COMMAND: GET /session/6eb241deac570073510706dc7280b28b/screenshot - {}
RESULT: {}
COMMAND: POST /session/6eb241deac570073510706dc7280b28b/element - {"using":"css selector","value":"#shell-header-logo"}
RESULT: {"using":"css selector","value":"#shell-header-logo"}
COMMAND: POST /session/6eb241deac570073510706dc7280b28b/element/f.451C0D83FD0E10390ED4567275622C99.d.8BCACACEE0486510DA091FF4234B7F11.e.12513/click - {}
RESULT: {}
COMMAND: GET /session/6eb241deac570073510706dc7280b28b/screenshot - {}
RESULT: {}
]]></system-out>
    </testcase>
    <testcase classname="chrome.135_0_7049_115.windows.Create_master_data_for_mixed_billing_&amp;_do_billing_calculation_US151661" name="Should create a few performance documents" time="108.817">
      <system-out><![CDATA[
COMMAND: POST /session/6eb241deac570073510706dc7280b28b/window/fullscreen - {}
RESULT: {}
COMMAND: POST /session/6eb241deac570073510706dc7280b28b/execute/async - {"script":"<script> [1562 bytes]","args":[{"selector":{"controlType":"sap.m.GenericTile","properties":{"header":"Manage States & Performance"}},"wdio_ui5_key":"sapm.GenericTile{\"header\":\"Manage States & Performance\"}"}]}
RESULT: {"script":"<script> [1562 bytes]","args":[{"selector":{"controlType":"sap.m.GenericTile","properties":{"header":"Manage States & Performance"}},"wdio_ui5_key":"sapm.GenericTile{\"header\":\"Manage States & Performance\"}"}]}
RESULT: undefined
COMMAND: POST /session/6eb241deac570073510706dc7280b28b/element - {"using":"xpath","value":"//*[@id=\"__tile96\"]"}
RESULT: {"using":"xpath","value":"//*[@id=\"__tile96\"]"}
COMMAND: POST /session/6eb241deac570073510706dc7280b28b/element/f.451C0D83FD0E10390ED4567275622C99.d.8BCACACEE0486510DA091FF4234B7F11.e.8992/click - {}
RESULT: {}
COMMAND: POST /session/6eb241deac570073510706dc7280b28b/execute/async - {"script":"<script> [1562 bytes]","args":[{"selector":{"id":"application-managestatesandperformance-display-component---stateAndPerform--smartFilterBarResources-btnBasicSearch","interaction":{"idSuffix":"I"}},"wdio_ui5_key":"applicationmanagestatesandperformance-display-component---stateAndPerform--smartFilterBarResources-btnBasicSearch"}]}
COMMAND: GET /session/6eb241deac570073510706dc7280b28b/screenshot - {}
RESULT: {"script":"<script> [1562 bytes]","args":[{"selector":{"id":"application-managestatesandperformance-display-component---stateAndPerform--smartFilterBarResources-btnBasicSearch","interaction":{"idSuffix":"I"}},"wdio_ui5_key":"applicationmanagestatesandperformance-display-component---stateAndPerform--smartFilterBarResources-btnBasicSearch"}]}
RESULT: undefined
COMMAND: POST /session/6eb241deac570073510706dc7280b28b/execute/async - {"script":"<script> [776 bytes]","args":[{"enterText":"WykgKEWDpZ","selector":{"id":"application-managestatesandperformance-display-component---stateAndPerform--smartFilterBarResources-btnBasicSearch","interaction":{"idSuffix":"I"}},"clearTextFirst":true,"interactionType":"ENTER_TEXT"}]}
RESULT: {}
RESULT: {"script":"<script> [776 bytes]","args":[{"enterText":"WykgKEWDpZ","selector":{"id":"application-managestatesandperformance-display-component---stateAndPerform--smartFilterBarResources-btnBasicSearch","interaction":{"idSuffix":"I"}},"clearTextFirst":true,"interactionType":"ENTER_TEXT"}]}
COMMAND: POST /session/6eb241deac570073510706dc7280b28b/actions - {"actions":[{"id":"action46","type":"key","parameters":{},"actions":[{"type":"keyDown","value":"î€‡"},{"type":"pause","duration":10},{"type":"keyUp","value":"î€‡"}]}]}
RESULT: {"actions":[{"id":"action46","type":"key","parameters":{},"actions":[{"type":"keyDown","value":"î€‡"},{"type":"pause","duration":10},{"type":"keyUp","value":"î€‡"}]}]}
COMMAND: GET /session/6eb241deac570073510706dc7280b28b/screenshot - {}
RESULT: {}
COMMAND: POST /session/6eb241deac570073510706dc7280b28b/execute/async - {"script":"<script> [1562 bytes]","args":[{"selector":{"id":"application-managestatesandperformance-display-component---stateAndPerform--stateAndPerformResourcesSmartTable-header"},"wdio_ui5_key":"applicationmanagestatesandperformance-display-component---stateAndPerform--stateAndPerformResourcesSmartTable-header"}]}
RESULT: {"script":"<script> [1562 bytes]","args":[{"selector":{"id":"application-managestatesandperformance-display-component---stateAndPerform--stateAndPerformResourcesSmartTable-header"},"wdio_ui5_key":"applicationmanagestatesandperformance-display-component---stateAndPerform--stateAndPerformResourcesSmartTable-header"}]}
RESULT: undefined
COMMAND: POST /session/6eb241deac570073510706dc7280b28b/execute/async - {"script":"<script> [6424 bytes]","args":[{"element-6066-11e4-a52e-4f735466cecf":"f.451C0D83FD0E10390ED4567275622C99.d.8BCACACEE0486510DA091FF4234B7F11.e.13794"},"getText",[]]}
RESULT: {"script":"<script> [6424 bytes]","args":[{"element-6066-11e4-a52e-4f735466cecf":"f.451C0D83FD0E10390ED4567275622C99.d.8BCACACEE0486510DA091FF4234B7F11.e.13794"},"getText",[]]}
COMMAND: POST /session/6eb241deac570073510706dc7280b28b/execute/async - {"script":"<script> [1562 bytes]","args":[{"selector":{"controlType":"sap.ui.core.Icon","viewName":"etm.portal.ui.managestatesandperformance.view.Master","viewId":"application-managestatesandperformance-display-component---stateAndPerform","properties":{"src":{"regex":{"source":"slim\\-arrow\\-right"}}}},"wdio_ui5_key":"etmportal.ui.managestatesandperformance.view.Mastersap.ui.core.Icon{\"src\":{\"regex\":{\"source\":\"slim\\\\-arrow\\\\-right\"}}}"}]}
RESULT: {"script":"<script> [1562 bytes]","args":[{"selector":{"controlType":"sap.ui.core.Icon","viewName":"etm.portal.ui.managestatesandperformance.view.Master","viewId":"application-managestatesandperformance-display-component---stateAndPerform","properties":{"src":{"regex":{"source":"slim\\-arrow\\-right"}}}},"wdio_ui5_key":"etmportal.ui.managestatesandperformance.view.Mastersap.ui.core.Icon{\"src\":{\"regex\":{\"source\":\"slim\\\\-arrow\\\\-right\"}}}"}]}
RESULT: undefined
COMMAND: POST /session/6eb241deac570073510706dc7280b28b/element - {"using":"xpath","value":"//*[@id=\"__item3936-__clone12540-imgNav\"]"}
RESULT: {"using":"xpath","value":"//*[@id=\"__item3936-__clone12540-imgNav\"]"}
COMMAND: POST /session/6eb241deac570073510706dc7280b28b/element/f.451C0D83FD0E10390ED4567275622C99.d.8BCACACEE0486510DA091FF4234B7F11.e.13793/click - {}
RESULT: {}
COMMAND: GET /session/6eb241deac570073510706dc7280b28b/screenshot - {}
COMMAND: POST /session/6eb241deac570073510706dc7280b28b/execute/async - {"script":"<script> [1562 bytes]","args":[{"selector":{"controlType":"sap.m.Button","viewName":"etm.portal.ui.managestatesandperformance.view.Detail","viewId":"application-managestatesandperformance-display-component---detailStateAndPerform","properties":{"text":"Performance Documents"}},"wdio_ui5_key":"etmportal.ui.managestatesandperformance.view.Detailsap.m.Button{\"text\":\"Performance Documents\"}"}]}
RESULT: {}
RESULT: {"script":"<script> [1562 bytes]","args":[{"selector":{"controlType":"sap.m.Button","viewName":"etm.portal.ui.managestatesandperformance.view.Detail","viewId":"application-managestatesandperformance-display-component---detailStateAndPerform","properties":{"text":"Performance Documents"}},"wdio_ui5_key":"etmportal.ui.managestatesandperformance.view.Detailsap.m.Button{\"text\":\"Performance Documents\"}"}]}
RESULT: undefined
COMMAND: POST /session/6eb241deac570073510706dc7280b28b/element - {"using":"xpath","value":"//*[@id=\"__item3959-button\"]"}
RESULT: {"using":"xpath","value":"//*[@id=\"__item3959-button\"]"}
COMMAND: POST /session/6eb241deac570073510706dc7280b28b/element/f.451C0D83FD0E10390ED4567275622C99.d.8BCACACEE0486510DA091FF4234B7F11.e.13836/click - {}
RESULT: {}
COMMAND: POST /session/6eb241deac570073510706dc7280b28b/execute/async - {"script":"<script> [1562 bytes]","args":[{"selector":{"controlType":"sap.m.Button","viewName":"etm.portal.ui.managestatesandperformance.view.Detail","viewId":"application-managestatesandperformance-display-component---detailStateAndPerform","i18NText":{"propertyName":"text","key":"createPerformanceDoc"},"interaction":{"idSuffix":"BDI-content"}},"wdio_ui5_key":"etmportal.ui.managestatesandperformance.view.Detailsap.m.Button{\"propertyName\":\"text\",\"key\":\"createPerformanceDoc\"}"}]}
COMMAND: GET /session/6eb241deac570073510706dc7280b28b/screenshot - {}
RESULT: {"script":"<script> [1562 bytes]","args":[{"selector":{"controlType":"sap.m.Button","viewName":"etm.portal.ui.managestatesandperformance.view.Detail","viewId":"application-managestatesandperformance-display-component---detailStateAndPerform","i18NText":{"propertyName":"text","key":"createPerformanceDoc"},"interaction":{"idSuffix":"BDI-content"}},"wdio_ui5_key":"etmportal.ui.managestatesandperformance.view.Detailsap.m.Button{\"propertyName\":\"text\",\"key\":\"createPerformanceDoc\"}"}]}
RESULT: undefined
COMMAND: POST /session/6eb241deac570073510706dc7280b28b/element - {"using":"xpath","value":"//*[@id=\"__button378\"]"}
RESULT: {}
RESULT: {"using":"xpath","value":"//*[@id=\"__button378\"]"}
COMMAND: POST /session/6eb241deac570073510706dc7280b28b/element/f.451C0D83FD0E10390ED4567275622C99.d.8BCACACEE0486510DA091FF4234B7F11.e.13841/click - {}
RESULT: {}
COMMAND: POST /session/6eb241deac570073510706dc7280b28b/execute/async - {"script":"<script> [1562 bytes]","args":[{"selector":{"id":"application-managestatesandperformance-display-component---detailStateAndPerform--perfDocDatePicker","searchOpenDialogs":true,"interaction":{"idSuffix":"inner"}},"wdio_ui5_key":"applicationmanagestatesandperformance-display-component---detailStateAndPerform--perfDocDatePicker"}]}
COMMAND: GET /session/6eb241deac570073510706dc7280b28b/screenshot - {}
RESULT: {"script":"<script> [1562 bytes]","args":[{"selector":{"id":"application-managestatesandperformance-display-component---detailStateAndPerform--perfDocDatePicker","searchOpenDialogs":true,"interaction":{"idSuffix":"inner"}},"wdio_ui5_key":"applicationmanagestatesandperformance-display-component---detailStateAndPerform--perfDocDatePicker"}]}
RESULT: undefined
COMMAND: POST /session/6eb241deac570073510706dc7280b28b/execute/async - {"script":"<script> [776 bytes]","args":[{"enterText":"05/08/25","selector":{"id":"application-managestatesandperformance-display-component---detailStateAndPerform--perfDocDatePicker","searchOpenDialogs":true,"interaction":{"idSuffix":"inner"}},"clearTextFirst":true,"interactionType":"ENTER_TEXT"}]}
RESULT: {}
RESULT: {"script":"<script> [776 bytes]","args":[{"enterText":"05/08/25","selector":{"id":"application-managestatesandperformance-display-component---detailStateAndPerform--perfDocDatePicker","searchOpenDialogs":true,"interaction":{"idSuffix":"inner"}},"clearTextFirst":true,"interactionType":"ENTER_TEXT"}]}
COMMAND: POST /session/6eb241deac570073510706dc7280b28b/execute/async - {"script":"<script> [1562 bytes]","args":[{"selector":{"id":"application-managestatesandperformance-display-component---detailStateAndPerform--counterValue-input","searchOpenDialogs":true,"interaction":{"idSuffix":"inner"}},"wdio_ui5_key":"applicationmanagestatesandperformance-display-component---detailStateAndPerform--counterValue-input"}]}
RESULT: {"script":"<script> [1562 bytes]","args":[{"selector":{"id":"application-managestatesandperformance-display-component---detailStateAndPerform--counterValue-input","searchOpenDialogs":true,"interaction":{"idSuffix":"inner"}},"wdio_ui5_key":"applicationmanagestatesandperformance-display-component---detailStateAndPerform--counterValue-input"}]}
RESULT: undefined
COMMAND: POST /session/6eb241deac570073510706dc7280b28b/execute/async - {"script":"<script> [776 bytes]","args":[{"enterText":"15.00","selector":{"id":"application-managestatesandperformance-display-component---detailStateAndPerform--counterValue-input","searchOpenDialogs":true,"interaction":{"idSuffix":"inner"}},"clearTextFirst":true,"interactionType":"ENTER_TEXT"}]}
RESULT: {"script":"<script> [776 bytes]","args":[{"enterText":"15.00","selector":{"id":"application-managestatesandperformance-display-component---detailStateAndPerform--counterValue-input","searchOpenDialogs":true,"interaction":{"idSuffix":"inner"}},"clearTextFirst":true,"interactionType":"ENTER_TEXT"}]}
COMMAND: POST /session/6eb241deac570073510706dc7280b28b/execute/async - {"script":"<script> [1562 bytes]","args":[{"selector":{"controlType":"sap.m.Button","viewName":"etm.portal.ui.managestatesandperformance.view.Detail","viewId":"application-managestatesandperformance-display-component---detailStateAndPerform","bindingPath":{"path":"","propertyPath":"/allowAddEdit","modelName":"oScreenModel"},"searchOpenDialogs":true,"interaction":{"idSuffix":"BDI-content"}},"wdio_ui5_key":"etmportal.ui.managestatesandperformance.view.Detailsap.m.Button{\"path\":\"\",\"propertyPath\":\"/allowAddEdit\",\"modelName\":\"oScreenModel\"}"}]}
RESULT: {"script":"<script> [1562 bytes]","args":[{"selector":{"controlType":"sap.m.Button","viewName":"etm.portal.ui.managestatesandperformance.view.Detail","viewId":"application-managestatesandperformance-display-component---detailStateAndPerform","bindingPath":{"path":"","propertyPath":"/allowAddEdit","modelName":"oScreenModel"},"searchOpenDialogs":true,"interaction":{"idSuffix":"BDI-content"}},"wdio_ui5_key":"etmportal.ui.managestatesandperformance.view.Detailsap.m.Button{\"path\":\"\",\"propertyPath\":\"/allowAddEdit\",\"modelName\":\"oScreenModel\"}"}]}
RESULT: undefined
COMMAND: POST /session/6eb241deac570073510706dc7280b28b/element - {"using":"xpath","value":"//*[@id=\"__button385\"]"}
RESULT: {"using":"xpath","value":"//*[@id=\"__button385\"]"}
COMMAND: POST /session/6eb241deac570073510706dc7280b28b/element/f.451C0D83FD0E10390ED4567275622C99.d.8BCACACEE0486510DA091FF4234B7F11.e.13862/click - {}
RESULT: {}
RESULT: undefined
COMMAND: POST /session/6eb241deac570073510706dc7280b28b/element - {"using":"xpath","value":"//*[@id=\"__button378\"]"}
COMMAND: GET /session/6eb241deac570073510706dc7280b28b/screenshot - {}
RESULT: {"using":"xpath","value":"//*[@id=\"__button378\"]"}
COMMAND: POST /session/6eb241deac570073510706dc7280b28b/element/f.451C0D83FD0E10390ED4567275622C99.d.8BCACACEE0486510DA091FF4234B7F11.e.13841/click - {}
RESULT: {}
RESULT: {}
RESULT: undefined
COMMAND: POST /session/6eb241deac570073510706dc7280b28b/execute/async - {"script":"<script> [776 bytes]","args":[{"enterText":"05/12/25","selector":{"id":"application-managestatesandperformance-display-component---detailStateAndPerform--perfDocDatePicker","searchOpenDialogs":true,"interaction":{"idSuffix":"inner"}},"clearTextFirst":true,"interactionType":"ENTER_TEXT"}]}
COMMAND: GET /session/6eb241deac570073510706dc7280b28b/screenshot - {}
RESULT: {"script":"<script> [776 bytes]","args":[{"enterText":"05/12/25","selector":{"id":"application-managestatesandperformance-display-component---detailStateAndPerform--perfDocDatePicker","searchOpenDialogs":true,"interaction":{"idSuffix":"inner"}},"clearTextFirst":true,"interactionType":"ENTER_TEXT"}]}
RESULT: undefined
COMMAND: POST /session/6eb241deac570073510706dc7280b28b/execute/async - {"script":"<script> [776 bytes]","args":[{"enterText":"20.00","selector":{"id":"application-managestatesandperformance-display-component---detailStateAndPerform--counterValue-input","searchOpenDialogs":true,"interaction":{"idSuffix":"inner"}},"clearTextFirst":true,"interactionType":"ENTER_TEXT"}]}
RESULT: {}
RESULT: {"script":"<script> [776 bytes]","args":[{"enterText":"20.00","selector":{"id":"application-managestatesandperformance-display-component---detailStateAndPerform--counterValue-input","searchOpenDialogs":true,"interaction":{"idSuffix":"inner"}},"clearTextFirst":true,"interactionType":"ENTER_TEXT"}]}
COMMAND: POST /session/6eb241deac570073510706dc7280b28b/actions - {"actions":[{"id":"action47","type":"key","parameters":{},"actions":[{"type":"keyDown","value":"î€„"},{"type":"keyDown","value":"î€„"},{"type":"pause","duration":10},{"type":"keyUp","value":"î€„"},{"type":"keyUp","value":"î€„"}]}]}
RESULT: {"actions":[{"id":"action47","type":"key","parameters":{},"actions":[{"type":"keyDown","value":"î€„"},{"type":"keyDown","value":"î€„"},{"type":"pause","duration":10},{"type":"keyUp","value":"î€„"},{"type":"keyUp","value":"î€„"}]}]}
COMMAND: POST /session/6eb241deac570073510706dc7280b28b/actions - {"actions":[{"id":"action48","type":"key","parameters":{},"actions":[{"type":"keyDown","value":"î€‡"},{"type":"pause","duration":10},{"type":"keyUp","value":"î€‡"}]}]}
COMMAND: GET /session/6eb241deac570073510706dc7280b28b/screenshot - {}
RESULT: {"actions":[{"id":"action48","type":"key","parameters":{},"actions":[{"type":"keyDown","value":"î€‡"},{"type":"pause","duration":10},{"type":"keyUp","value":"î€‡"}]}]}
RESULT: undefined
COMMAND: POST /session/6eb241deac570073510706dc7280b28b/element - {"using":"xpath","value":"//*[@id=\"__button385\"]"}
COMMAND: GET /session/6eb241deac570073510706dc7280b28b/screenshot - {}
RESULT: {}
RESULT: {"using":"xpath","value":"//*[@id=\"__button385\"]"}
COMMAND: POST /session/6eb241deac570073510706dc7280b28b/elements - {"using":"xpath","value":"//*[@id=\"__button385\"]"}
RESULT: {}
RESULT: {"using":"xpath","value":"//*[@id=\"__button385\"]"}
COMMAND: POST /session/6eb241deac570073510706dc7280b28b/elements - {"using":"xpath","value":"//*[@id=\"__button385\"]"}
RESULT: {"using":"xpath","value":"//*[@id=\"__button385\"]"}
COMMAND: POST /session/6eb241deac570073510706dc7280b28b/elements - {"using":"xpath","value":"//*[@id=\"__button385\"]"}
RESULT: {"using":"xpath","value":"//*[@id=\"__button385\"]"}
COMMAND: POST /session/6eb241deac570073510706dc7280b28b/elements - {"using":"xpath","value":"//*[@id=\"__button385\"]"}
RESULT: {"using":"xpath","value":"//*[@id=\"__button385\"]"}
COMMAND: POST /session/6eb241deac570073510706dc7280b28b/elements - {"using":"xpath","value":"//*[@id=\"__button385\"]"}
RESULT: {"using":"xpath","value":"//*[@id=\"__button385\"]"}
COMMAND: POST /session/6eb241deac570073510706dc7280b28b/elements - {"using":"xpath","value":"//*[@id=\"__button385\"]"}
RESULT: {"using":"xpath","value":"//*[@id=\"__button385\"]"}
COMMAND: POST /session/6eb241deac570073510706dc7280b28b/elements - {"using":"xpath","value":"//*[@id=\"__button385\"]"}
RESULT: {"using":"xpath","value":"//*[@id=\"__button385\"]"}
COMMAND: POST /session/6eb241deac570073510706dc7280b28b/elements - {"using":"xpath","value":"//*[@id=\"__button385\"]"}
RESULT: {"using":"xpath","value":"//*[@id=\"__button385\"]"}
COMMAND: POST /session/6eb241deac570073510706dc7280b28b/elements - {"using":"xpath","value":"//*[@id=\"__button385\"]"}
RESULT: {"using":"xpath","value":"//*[@id=\"__button385\"]"}
COMMAND: POST /session/6eb241deac570073510706dc7280b28b/elements - {"using":"xpath","value":"//*[@id=\"__button385\"]"}
RESULT: {"using":"xpath","value":"//*[@id=\"__button385\"]"}
COMMAND: POST /session/6eb241deac570073510706dc7280b28b/elements - {"using":"xpath","value":"//*[@id=\"__button385\"]"}
RESULT: {"using":"xpath","value":"//*[@id=\"__button385\"]"}
COMMAND: POST /session/6eb241deac570073510706dc7280b28b/elements - {"using":"xpath","value":"//*[@id=\"__button385\"]"}
RESULT: {"using":"xpath","value":"//*[@id=\"__button385\"]"}
COMMAND: POST /session/6eb241deac570073510706dc7280b28b/elements - {"using":"xpath","value":"//*[@id=\"__button385\"]"}
RESULT: {"using":"xpath","value":"//*[@id=\"__button385\"]"}
COMMAND: POST /session/6eb241deac570073510706dc7280b28b/elements - {"using":"xpath","value":"//*[@id=\"__button385\"]"}
RESULT: {"using":"xpath","value":"//*[@id=\"__button385\"]"}
COMMAND: POST /session/6eb241deac570073510706dc7280b28b/elements - {"using":"xpath","value":"//*[@id=\"__button385\"]"}
RESULT: {"using":"xpath","value":"//*[@id=\"__button385\"]"}
COMMAND: POST /session/6eb241deac570073510706dc7280b28b/elements - {"using":"xpath","value":"//*[@id=\"__button385\"]"}
RESULT: {"using":"xpath","value":"//*[@id=\"__button385\"]"}
COMMAND: POST /session/6eb241deac570073510706dc7280b28b/elements - {"using":"xpath","value":"//*[@id=\"__button385\"]"}
RESULT: {"using":"xpath","value":"//*[@id=\"__button385\"]"}
COMMAND: POST /session/6eb241deac570073510706dc7280b28b/elements - {"using":"xpath","value":"//*[@id=\"__button385\"]"}
RESULT: {"using":"xpath","value":"//*[@id=\"__button385\"]"}
COMMAND: POST /session/6eb241deac570073510706dc7280b28b/elements - {"using":"xpath","value":"//*[@id=\"__button385\"]"}
RESULT: {"using":"xpath","value":"//*[@id=\"__button385\"]"}
COMMAND: POST /session/6eb241deac570073510706dc7280b28b/elements - {"using":"xpath","value":"//*[@id=\"__button385\"]"}
RESULT: {"using":"xpath","value":"//*[@id=\"__button385\"]"}
COMMAND: POST /session/6eb241deac570073510706dc7280b28b/elements - {"using":"xpath","value":"//*[@id=\"__button385\"]"}
RESULT: {"using":"xpath","value":"//*[@id=\"__button385\"]"}
COMMAND: POST /session/6eb241deac570073510706dc7280b28b/elements - {"using":"xpath","value":"//*[@id=\"__button385\"]"}
RESULT: {"using":"xpath","value":"//*[@id=\"__button385\"]"}
COMMAND: POST /session/6eb241deac570073510706dc7280b28b/elements - {"using":"xpath","value":"//*[@id=\"__button385\"]"}
RESULT: {"using":"xpath","value":"//*[@id=\"__button385\"]"}
COMMAND: POST /session/6eb241deac570073510706dc7280b28b/elements - {"using":"xpath","value":"//*[@id=\"__button385\"]"}
RESULT: {"using":"xpath","value":"//*[@id=\"__button385\"]"}
COMMAND: POST /session/6eb241deac570073510706dc7280b28b/elements - {"using":"xpath","value":"//*[@id=\"__button385\"]"}
RESULT: {"using":"xpath","value":"//*[@id=\"__button385\"]"}
COMMAND: POST /session/6eb241deac570073510706dc7280b28b/elements - {"using":"xpath","value":"//*[@id=\"__button385\"]"}
RESULT: {"using":"xpath","value":"//*[@id=\"__button385\"]"}
COMMAND: POST /session/6eb241deac570073510706dc7280b28b/elements - {"using":"xpath","value":"//*[@id=\"__button385\"]"}
RESULT: {"using":"xpath","value":"//*[@id=\"__button385\"]"}
COMMAND: POST /session/6eb241deac570073510706dc7280b28b/elements - {"using":"xpath","value":"//*[@id=\"__button385\"]"}
RESULT: {"using":"xpath","value":"//*[@id=\"__button385\"]"}
COMMAND: POST /session/6eb241deac570073510706dc7280b28b/elements - {"using":"xpath","value":"//*[@id=\"__button385\"]"}
RESULT: {"using":"xpath","value":"//*[@id=\"__button385\"]"}
COMMAND: POST /session/6eb241deac570073510706dc7280b28b/elements - {"using":"xpath","value":"//*[@id=\"__button385\"]"}
RESULT: {"using":"xpath","value":"//*[@id=\"__button385\"]"}
COMMAND: POST /session/6eb241deac570073510706dc7280b28b/elements - {"using":"xpath","value":"//*[@id=\"__button385\"]"}
RESULT: {"using":"xpath","value":"//*[@id=\"__button385\"]"}
COMMAND: POST /session/6eb241deac570073510706dc7280b28b/elements - {"using":"xpath","value":"//*[@id=\"__button385\"]"}
RESULT: {"using":"xpath","value":"//*[@id=\"__button385\"]"}
COMMAND: POST /session/6eb241deac570073510706dc7280b28b/elements - {"using":"xpath","value":"//*[@id=\"__button385\"]"}
RESULT: {"using":"xpath","value":"//*[@id=\"__button385\"]"}
COMMAND: POST /session/6eb241deac570073510706dc7280b28b/elements - {"using":"xpath","value":"//*[@id=\"__button385\"]"}
RESULT: {"using":"xpath","value":"//*[@id=\"__button385\"]"}
COMMAND: POST /session/6eb241deac570073510706dc7280b28b/elements - {"using":"xpath","value":"//*[@id=\"__button385\"]"}
RESULT: {"using":"xpath","value":"//*[@id=\"__button385\"]"}
COMMAND: POST /session/6eb241deac570073510706dc7280b28b/elements - {"using":"xpath","value":"//*[@id=\"__button385\"]"}
RESULT: {"using":"xpath","value":"//*[@id=\"__button385\"]"}
COMMAND: POST /session/6eb241deac570073510706dc7280b28b/elements - {"using":"xpath","value":"//*[@id=\"__button385\"]"}
RESULT: {"using":"xpath","value":"//*[@id=\"__button385\"]"}
COMMAND: POST /session/6eb241deac570073510706dc7280b28b/elements - {"using":"xpath","value":"//*[@id=\"__button385\"]"}
RESULT: {"using":"xpath","value":"//*[@id=\"__button385\"]"}
COMMAND: POST /session/6eb241deac570073510706dc7280b28b/elements - {"using":"xpath","value":"//*[@id=\"__button385\"]"}
RESULT: {"using":"xpath","value":"//*[@id=\"__button385\"]"}
COMMAND: POST /session/6eb241deac570073510706dc7280b28b/elements - {"using":"xpath","value":"//*[@id=\"__button385\"]"}
RESULT: {"using":"xpath","value":"//*[@id=\"__button385\"]"}
COMMAND: POST /session/6eb241deac570073510706dc7280b28b/elements - {"using":"xpath","value":"//*[@id=\"__button385\"]"}
RESULT: {"using":"xpath","value":"//*[@id=\"__button385\"]"}
COMMAND: POST /session/6eb241deac570073510706dc7280b28b/elements - {"using":"xpath","value":"//*[@id=\"__button385\"]"}
RESULT: {"using":"xpath","value":"//*[@id=\"__button385\"]"}
COMMAND: POST /session/6eb241deac570073510706dc7280b28b/elements - {"using":"xpath","value":"//*[@id=\"__button385\"]"}
RESULT: {"using":"xpath","value":"//*[@id=\"__button385\"]"}
COMMAND: POST /session/6eb241deac570073510706dc7280b28b/elements - {"using":"xpath","value":"//*[@id=\"__button385\"]"}
RESULT: {"using":"xpath","value":"//*[@id=\"__button385\"]"}
COMMAND: POST /session/6eb241deac570073510706dc7280b28b/elements - {"using":"xpath","value":"//*[@id=\"__button385\"]"}
RESULT: {"using":"xpath","value":"//*[@id=\"__button385\"]"}
COMMAND: POST /session/6eb241deac570073510706dc7280b28b/elements - {"using":"xpath","value":"//*[@id=\"__button385\"]"}
RESULT: {"using":"xpath","value":"//*[@id=\"__button385\"]"}
COMMAND: POST /session/6eb241deac570073510706dc7280b28b/elements - {"using":"xpath","value":"//*[@id=\"__button385\"]"}
RESULT: {"using":"xpath","value":"//*[@id=\"__button385\"]"}
COMMAND: POST /session/6eb241deac570073510706dc7280b28b/elements - {"using":"xpath","value":"//*[@id=\"__button385\"]"}
RESULT: {"using":"xpath","value":"//*[@id=\"__button385\"]"}
COMMAND: POST /session/6eb241deac570073510706dc7280b28b/elements - {"using":"xpath","value":"//*[@id=\"__button385\"]"}
RESULT: {"using":"xpath","value":"//*[@id=\"__button385\"]"}
COMMAND: POST /session/6eb241deac570073510706dc7280b28b/elements - {"using":"xpath","value":"//*[@id=\"__button385\"]"}
RESULT: {"using":"xpath","value":"//*[@id=\"__button385\"]"}
COMMAND: POST /session/6eb241deac570073510706dc7280b28b/elements - {"using":"xpath","value":"//*[@id=\"__button385\"]"}
RESULT: {"using":"xpath","value":"//*[@id=\"__button385\"]"}
COMMAND: POST /session/6eb241deac570073510706dc7280b28b/elements - {"using":"xpath","value":"//*[@id=\"__button385\"]"}
RESULT: {"using":"xpath","value":"//*[@id=\"__button385\"]"}
COMMAND: POST /session/6eb241deac570073510706dc7280b28b/elements - {"using":"xpath","value":"//*[@id=\"__button385\"]"}
RESULT: {"using":"xpath","value":"//*[@id=\"__button385\"]"}
COMMAND: POST /session/6eb241deac570073510706dc7280b28b/elements - {"using":"xpath","value":"//*[@id=\"__button385\"]"}
RESULT: {"using":"xpath","value":"//*[@id=\"__button385\"]"}
COMMAND: POST /session/6eb241deac570073510706dc7280b28b/elements - {"using":"xpath","value":"//*[@id=\"__button385\"]"}
RESULT: {"using":"xpath","value":"//*[@id=\"__button385\"]"}
COMMAND: POST /session/6eb241deac570073510706dc7280b28b/elements - {"using":"xpath","value":"//*[@id=\"__button385\"]"}
RESULT: {"using":"xpath","value":"//*[@id=\"__button385\"]"}
COMMAND: POST /session/6eb241deac570073510706dc7280b28b/elements - {"using":"xpath","value":"//*[@id=\"__button385\"]"}
RESULT: {"using":"xpath","value":"//*[@id=\"__button385\"]"}
COMMAND: POST /session/6eb241deac570073510706dc7280b28b/elements - {"using":"xpath","value":"//*[@id=\"__button385\"]"}
RESULT: {"using":"xpath","value":"//*[@id=\"__button385\"]"}
COMMAND: POST /session/6eb241deac570073510706dc7280b28b/elements - {"using":"xpath","value":"//*[@id=\"__button385\"]"}
RESULT: {"using":"xpath","value":"//*[@id=\"__button385\"]"}
COMMAND: POST /session/6eb241deac570073510706dc7280b28b/elements - {"using":"xpath","value":"//*[@id=\"__button385\"]"}
RESULT: {"using":"xpath","value":"//*[@id=\"__button385\"]"}
COMMAND: POST /session/6eb241deac570073510706dc7280b28b/elements - {"using":"xpath","value":"//*[@id=\"__button385\"]"}
RESULT: {"using":"xpath","value":"//*[@id=\"__button385\"]"}
COMMAND: POST /session/6eb241deac570073510706dc7280b28b/elements - {"using":"xpath","value":"//*[@id=\"__button385\"]"}
RESULT: {"using":"xpath","value":"//*[@id=\"__button385\"]"}
COMMAND: POST /session/6eb241deac570073510706dc7280b28b/elements - {"using":"xpath","value":"//*[@id=\"__button385\"]"}
RESULT: {"using":"xpath","value":"//*[@id=\"__button385\"]"}
COMMAND: POST /session/6eb241deac570073510706dc7280b28b/elements - {"using":"xpath","value":"//*[@id=\"__button385\"]"}
RESULT: {"using":"xpath","value":"//*[@id=\"__button385\"]"}
COMMAND: POST /session/6eb241deac570073510706dc7280b28b/elements - {"using":"xpath","value":"//*[@id=\"__button385\"]"}
RESULT: {"using":"xpath","value":"//*[@id=\"__button385\"]"}
COMMAND: POST /session/6eb241deac570073510706dc7280b28b/elements - {"using":"xpath","value":"//*[@id=\"__button385\"]"}
RESULT: {"using":"xpath","value":"//*[@id=\"__button385\"]"}
COMMAND: POST /session/6eb241deac570073510706dc7280b28b/elements - {"using":"xpath","value":"//*[@id=\"__button385\"]"}
RESULT: {"using":"xpath","value":"//*[@id=\"__button385\"]"}
COMMAND: POST /session/6eb241deac570073510706dc7280b28b/elements - {"using":"xpath","value":"//*[@id=\"__button385\"]"}
RESULT: {"using":"xpath","value":"//*[@id=\"__button385\"]"}
COMMAND: POST /session/6eb241deac570073510706dc7280b28b/elements - {"using":"xpath","value":"//*[@id=\"__button385\"]"}
RESULT: {"using":"xpath","value":"//*[@id=\"__button385\"]"}
COMMAND: POST /session/6eb241deac570073510706dc7280b28b/elements - {"using":"xpath","value":"//*[@id=\"__button385\"]"}
RESULT: {"using":"xpath","value":"//*[@id=\"__button385\"]"}
COMMAND: POST /session/6eb241deac570073510706dc7280b28b/elements - {"using":"xpath","value":"//*[@id=\"__button385\"]"}
RESULT: {"using":"xpath","value":"//*[@id=\"__button385\"]"}
COMMAND: POST /session/6eb241deac570073510706dc7280b28b/elements - {"using":"xpath","value":"//*[@id=\"__button385\"]"}
RESULT: {"using":"xpath","value":"//*[@id=\"__button385\"]"}
COMMAND: POST /session/6eb241deac570073510706dc7280b28b/elements - {"using":"xpath","value":"//*[@id=\"__button385\"]"}
RESULT: {"using":"xpath","value":"//*[@id=\"__button385\"]"}
COMMAND: POST /session/6eb241deac570073510706dc7280b28b/elements - {"using":"xpath","value":"//*[@id=\"__button385\"]"}
RESULT: {"using":"xpath","value":"//*[@id=\"__button385\"]"}
COMMAND: POST /session/6eb241deac570073510706dc7280b28b/elements - {"using":"xpath","value":"//*[@id=\"__button385\"]"}
RESULT: {"using":"xpath","value":"//*[@id=\"__button385\"]"}
COMMAND: POST /session/6eb241deac570073510706dc7280b28b/elements - {"using":"xpath","value":"//*[@id=\"__button385\"]"}
RESULT: {"using":"xpath","value":"//*[@id=\"__button385\"]"}
COMMAND: POST /session/6eb241deac570073510706dc7280b28b/elements - {"using":"xpath","value":"//*[@id=\"__button385\"]"}
RESULT: {"using":"xpath","value":"//*[@id=\"__button385\"]"}
COMMAND: POST /session/6eb241deac570073510706dc7280b28b/elements - {"using":"xpath","value":"//*[@id=\"__button385\"]"}
RESULT: {"using":"xpath","value":"//*[@id=\"__button385\"]"}
COMMAND: POST /session/6eb241deac570073510706dc7280b28b/elements - {"using":"xpath","value":"//*[@id=\"__button385\"]"}
RESULT: {"using":"xpath","value":"//*[@id=\"__button385\"]"}
COMMAND: POST /session/6eb241deac570073510706dc7280b28b/elements - {"using":"xpath","value":"//*[@id=\"__button385\"]"}
RESULT: {"using":"xpath","value":"//*[@id=\"__button385\"]"}
COMMAND: POST /session/6eb241deac570073510706dc7280b28b/elements - {"using":"xpath","value":"//*[@id=\"__button385\"]"}
RESULT: {"using":"xpath","value":"//*[@id=\"__button385\"]"}
COMMAND: POST /session/6eb241deac570073510706dc7280b28b/elements - {"using":"xpath","value":"//*[@id=\"__button385\"]"}
RESULT: {"using":"xpath","value":"//*[@id=\"__button385\"]"}
COMMAND: POST /session/6eb241deac570073510706dc7280b28b/elements - {"using":"xpath","value":"//*[@id=\"__button385\"]"}
RESULT: {"using":"xpath","value":"//*[@id=\"__button385\"]"}
COMMAND: POST /session/6eb241deac570073510706dc7280b28b/elements - {"using":"xpath","value":"//*[@id=\"__button385\"]"}
RESULT: {"using":"xpath","value":"//*[@id=\"__button385\"]"}
COMMAND: POST /session/6eb241deac570073510706dc7280b28b/elements - {"using":"xpath","value":"//*[@id=\"__button385\"]"}
RESULT: {"using":"xpath","value":"//*[@id=\"__button385\"]"}
COMMAND: POST /session/6eb241deac570073510706dc7280b28b/elements - {"using":"xpath","value":"//*[@id=\"__button385\"]"}
RESULT: {"using":"xpath","value":"//*[@id=\"__button385\"]"}
COMMAND: POST /session/6eb241deac570073510706dc7280b28b/elements - {"using":"xpath","value":"//*[@id=\"__button385\"]"}
RESULT: {"using":"xpath","value":"//*[@id=\"__button385\"]"}
COMMAND: POST /session/6eb241deac570073510706dc7280b28b/elements - {"using":"xpath","value":"//*[@id=\"__button385\"]"}
RESULT: {"using":"xpath","value":"//*[@id=\"__button385\"]"}
COMMAND: POST /session/6eb241deac570073510706dc7280b28b/elements - {"using":"xpath","value":"//*[@id=\"__button385\"]"}
RESULT: {"using":"xpath","value":"//*[@id=\"__button385\"]"}
COMMAND: POST /session/6eb241deac570073510706dc7280b28b/elements - {"using":"xpath","value":"//*[@id=\"__button385\"]"}
RESULT: {"using":"xpath","value":"//*[@id=\"__button385\"]"}
COMMAND: POST /session/6eb241deac570073510706dc7280b28b/elements - {"using":"xpath","value":"//*[@id=\"__button385\"]"}
RESULT: {"using":"xpath","value":"//*[@id=\"__button385\"]"}
COMMAND: POST /session/6eb241deac570073510706dc7280b28b/elements - {"using":"xpath","value":"//*[@id=\"__button385\"]"}
RESULT: {"using":"xpath","value":"//*[@id=\"__button385\"]"}
COMMAND: POST /session/6eb241deac570073510706dc7280b28b/elements - {"using":"xpath","value":"//*[@id=\"__button385\"]"}
RESULT: {"using":"xpath","value":"//*[@id=\"__button385\"]"}
COMMAND: POST /session/6eb241deac570073510706dc7280b28b/elements - {"using":"xpath","value":"//*[@id=\"__button385\"]"}
RESULT: {"using":"xpath","value":"//*[@id=\"__button385\"]"}
COMMAND: POST /session/6eb241deac570073510706dc7280b28b/elements - {"using":"xpath","value":"//*[@id=\"__button385\"]"}
RESULT: {"using":"xpath","value":"//*[@id=\"__button385\"]"}
COMMAND: POST /session/6eb241deac570073510706dc7280b28b/elements - {"using":"xpath","value":"//*[@id=\"__button385\"]"}
RESULT: {"using":"xpath","value":"//*[@id=\"__button385\"]"}
COMMAND: POST /session/6eb241deac570073510706dc7280b28b/elements - {"using":"xpath","value":"//*[@id=\"__button385\"]"}
RESULT: {"using":"xpath","value":"//*[@id=\"__button385\"]"}
COMMAND: POST /session/6eb241deac570073510706dc7280b28b/elements - {"using":"xpath","value":"//*[@id=\"__button385\"]"}
RESULT: {"using":"xpath","value":"//*[@id=\"__button385\"]"}
COMMAND: POST /session/6eb241deac570073510706dc7280b28b/elements - {"using":"xpath","value":"//*[@id=\"__button385\"]"}
RESULT: {"using":"xpath","value":"//*[@id=\"__button385\"]"}
COMMAND: POST /session/6eb241deac570073510706dc7280b28b/elements - {"using":"xpath","value":"//*[@id=\"__button385\"]"}
RESULT: {"using":"xpath","value":"//*[@id=\"__button385\"]"}
COMMAND: POST /session/6eb241deac570073510706dc7280b28b/elements - {"using":"xpath","value":"//*[@id=\"__button385\"]"}
RESULT: {"using":"xpath","value":"//*[@id=\"__button385\"]"}
COMMAND: POST /session/6eb241deac570073510706dc7280b28b/elements - {"using":"xpath","value":"//*[@id=\"__button385\"]"}
RESULT: {"using":"xpath","value":"//*[@id=\"__button385\"]"}
COMMAND: POST /session/6eb241deac570073510706dc7280b28b/elements - {"using":"xpath","value":"//*[@id=\"__button385\"]"}
RESULT: {"using":"xpath","value":"//*[@id=\"__button385\"]"}
COMMAND: POST /session/6eb241deac570073510706dc7280b28b/elements - {"using":"xpath","value":"//*[@id=\"__button385\"]"}
RESULT: {"using":"xpath","value":"//*[@id=\"__button385\"]"}
COMMAND: POST /session/6eb241deac570073510706dc7280b28b/elements - {"using":"xpath","value":"//*[@id=\"__button385\"]"}
RESULT: {"using":"xpath","value":"//*[@id=\"__button385\"]"}
COMMAND: POST /session/6eb241deac570073510706dc7280b28b/elements - {"using":"xpath","value":"//*[@id=\"__button385\"]"}
RESULT: {"using":"xpath","value":"//*[@id=\"__button385\"]"}
COMMAND: POST /session/6eb241deac570073510706dc7280b28b/elements - {"using":"xpath","value":"//*[@id=\"__button385\"]"}
RESULT: {"using":"xpath","value":"//*[@id=\"__button385\"]"}
COMMAND: POST /session/6eb241deac570073510706dc7280b28b/elements - {"using":"xpath","value":"//*[@id=\"__button385\"]"}
RESULT: {"using":"xpath","value":"//*[@id=\"__button385\"]"}
COMMAND: POST /session/6eb241deac570073510706dc7280b28b/elements - {"using":"xpath","value":"//*[@id=\"__button385\"]"}
RESULT: {"using":"xpath","value":"//*[@id=\"__button385\"]"}
COMMAND: POST /session/6eb241deac570073510706dc7280b28b/elements - {"using":"xpath","value":"//*[@id=\"__button385\"]"}
RESULT: {"using":"xpath","value":"//*[@id=\"__button385\"]"}
COMMAND: POST /session/6eb241deac570073510706dc7280b28b/elements - {"using":"xpath","value":"//*[@id=\"__button385\"]"}
RESULT: {"using":"xpath","value":"//*[@id=\"__button385\"]"}
COMMAND: POST /session/6eb241deac570073510706dc7280b28b/elements - {"using":"xpath","value":"//*[@id=\"__button385\"]"}
RESULT: {"using":"xpath","value":"//*[@id=\"__button385\"]"}
COMMAND: POST /session/6eb241deac570073510706dc7280b28b/elements - {"using":"xpath","value":"//*[@id=\"__button385\"]"}
RESULT: {"using":"xpath","value":"//*[@id=\"__button385\"]"}
COMMAND: POST /session/6eb241deac570073510706dc7280b28b/elements - {"using":"xpath","value":"//*[@id=\"__button385\"]"}
RESULT: {"using":"xpath","value":"//*[@id=\"__button385\"]"}
COMMAND: POST /session/6eb241deac570073510706dc7280b28b/elements - {"using":"xpath","value":"//*[@id=\"__button385\"]"}
RESULT: {"using":"xpath","value":"//*[@id=\"__button385\"]"}
COMMAND: POST /session/6eb241deac570073510706dc7280b28b/elements - {"using":"xpath","value":"//*[@id=\"__button385\"]"}
RESULT: {"using":"xpath","value":"//*[@id=\"__button385\"]"}
COMMAND: POST /session/6eb241deac570073510706dc7280b28b/elements - {"using":"xpath","value":"//*[@id=\"__button385\"]"}
RESULT: {"using":"xpath","value":"//*[@id=\"__button385\"]"}
COMMAND: POST /session/6eb241deac570073510706dc7280b28b/elements - {"using":"xpath","value":"//*[@id=\"__button385\"]"}
RESULT: {"using":"xpath","value":"//*[@id=\"__button385\"]"}
COMMAND: POST /session/6eb241deac570073510706dc7280b28b/elements - {"using":"xpath","value":"//*[@id=\"__button385\"]"}
RESULT: {"using":"xpath","value":"//*[@id=\"__button385\"]"}
COMMAND: POST /session/6eb241deac570073510706dc7280b28b/elements - {"using":"xpath","value":"//*[@id=\"__button385\"]"}
RESULT: {"using":"xpath","value":"//*[@id=\"__button385\"]"}
COMMAND: POST /session/6eb241deac570073510706dc7280b28b/element - {"using":"css selector","value":"#shell-header-logo"}
RESULT: {"using":"css selector","value":"#shell-header-logo"}
COMMAND: POST /session/6eb241deac570073510706dc7280b28b/execute/sync - {"script":"<script> [8489 bytes]","args":[{"element-6066-11e4-a52e-4f735466cecf":"f.451C0D83FD0E10390ED4567275622C99.d.8BCACACEE0486510DA091FF4234B7F11.e.13681","ELEMENT":"f.451C0D83FD0E10390ED4567275622C99.d.8BCACACEE0486510DA091FF4234B7F11.e.13681"}]}
RESULT: {"script":"<script> [8489 bytes]","args":[{"element-6066-11e4-a52e-4f735466cecf":"f.451C0D83FD0E10390ED4567275622C99.d.8BCACACEE0486510DA091FF4234B7F11.e.13681","ELEMENT":"f.451C0D83FD0E10390ED4567275622C99.d.8BCACACEE0486510DA091FF4234B7F11.e.13681"}]}
COMMAND: POST /session/6eb241deac570073510706dc7280b28b/execute/sync - {"script":"<script> [5351 bytes]","args":[{"element-6066-11e4-a52e-4f735466cecf":"f.451C0D83FD0E10390ED4567275622C99.d.8BCACACEE0486510DA091FF4234B7F11.e.13681","ELEMENT":"f.451C0D83FD0E10390ED4567275622C99.d.8BCACACEE0486510DA091FF4234B7F11.e.13681"}]}
COMMAND: GET /session/6eb241deac570073510706dc7280b28b/screenshot - {}
RESULT: {"script":"<script> [5351 bytes]","args":[{"element-6066-11e4-a52e-4f735466cecf":"f.451C0D83FD0E10390ED4567275622C99.d.8BCACACEE0486510DA091FF4234B7F11.e.13681","ELEMENT":"f.451C0D83FD0E10390ED4567275622C99.d.8BCACACEE0486510DA091FF4234B7F11.e.13681"}]}
COMMAND: POST /session/6eb241deac570073510706dc7280b28b/element/f.451C0D83FD0E10390ED4567275622C99.d.8BCACACEE0486510DA091FF4234B7F11.e.13681/click - {}
COMMAND: GET /session/6eb241deac570073510706dc7280b28b/screenshot - {}
RESULT: {}
RESULT: {}
]]></system-out>
    </testcase>
    <testcase classname="chrome.135_0_7049_115.windows.Create_master_data_for_mixed_billing_&amp;_do_billing_calculation_US151661" name="Should go to Manage Billings and trigger calculation check the conditions applied" time="65.72">
      <system-out><![CDATA[
COMMAND: POST /session/6eb241deac570073510706dc7280b28b/execute/async - {"script":"<script> [1562 bytes]","args":[{"selector":{"controlType":"sap.m.GenericTile","properties":{"header":"Manage Billings"}},"wdio_ui5_key":"sapm.GenericTile{\"header\":\"Manage Billings\"}"}]}
COMMAND: GET /session/6eb241deac570073510706dc7280b28b/screenshot - {}
RESULT: {}
RESULT: {"script":"<script> [1562 bytes]","args":[{"selector":{"controlType":"sap.m.GenericTile","properties":{"header":"Manage Billings"}},"wdio_ui5_key":"sapm.GenericTile{\"header\":\"Manage Billings\"}"}]}
RESULT: undefined
COMMAND: POST /session/6eb241deac570073510706dc7280b28b/element - {"using":"xpath","value":"//*[@id=\"__tile91\"]"}
RESULT: {}
RESULT: {"using":"xpath","value":"//*[@id=\"__tile91\"]"}
COMMAND: POST /session/6eb241deac570073510706dc7280b28b/element/f.451C0D83FD0E10390ED4567275622C99.d.8BCACACEE0486510DA091FF4234B7F11.e.8977/click - {}
RESULT: {}
COMMAND: GET /session/6eb241deac570073510706dc7280b28b/screenshot - {}
RESULT: {}
COMMAND: POST /session/6eb241deac570073510706dc7280b28b/execute/async - {"script":"<script> [1562 bytes]","args":[{"selector":{"id":"application-managebillings-display-component---billRunCalcResult--smartFilterBar-btnBasicSearch","interaction":{"idSuffix":"I"}},"wdio_ui5_key":"applicationmanagebillings-display-component---billRunCalcResult--smartFilterBar-btnBasicSearch"}]}
RESULT: {"script":"<script> [1562 bytes]","args":[{"selector":{"id":"application-managebillings-display-component---billRunCalcResult--smartFilterBar-btnBasicSearch","interaction":{"idSuffix":"I"}},"wdio_ui5_key":"applicationmanagebillings-display-component---billRunCalcResult--smartFilterBar-btnBasicSearch"}]}
RESULT: undefined
COMMAND: POST /session/6eb241deac570073510706dc7280b28b/execute/async - {"script":"<script> [776 bytes]","args":[{"enterText":"10592","selector":{"id":"application-managebillings-display-component---billRunCalcResult--smartFilterBar-btnBasicSearch","interaction":{"idSuffix":"I"}},"clearTextFirst":true,"interactionType":"ENTER_TEXT"}]}
RESULT: {"script":"<script> [776 bytes]","args":[{"enterText":"10592","selector":{"id":"application-managebillings-display-component---billRunCalcResult--smartFilterBar-btnBasicSearch","interaction":{"idSuffix":"I"}},"clearTextFirst":true,"interactionType":"ENTER_TEXT"}]}
COMMAND: POST /session/6eb241deac570073510706dc7280b28b/actions - {"actions":[{"id":"action49","type":"key","parameters":{},"actions":[{"type":"keyDown","value":"î€‡"},{"type":"pause","duration":10},{"type":"keyUp","value":"î€‡"}]}]}
RESULT: {"actions":[{"id":"action49","type":"key","parameters":{},"actions":[{"type":"keyDown","value":"î€‡"},{"type":"pause","duration":10},{"type":"keyUp","value":"î€‡"}]}]}
COMMAND: GET /session/6eb241deac570073510706dc7280b28b/screenshot - {}
RESULT: {}
COMMAND: POST /session/6eb241deac570073510706dc7280b28b/element - {"using":"xpath","value":"//td[@aria-colindex=\"1\"]/div/div[contains(@class, \"sapMCbBg\")]"}
RESULT: {"using":"xpath","value":"//td[@aria-colindex=\"1\"]/div/div[contains(@class, \"sapMCbBg\")]"}
COMMAND: POST /session/6eb241deac570073510706dc7280b28b/element/f.451C0D83FD0E10390ED4567275622C99.d.8BCACACEE0486510DA091FF4234B7F11.e.14089/click - {}
RESULT: {}
COMMAND: GET /session/6eb241deac570073510706dc7280b28b/screenshot - {}
RESULT: {}
COMMAND: POST /session/6eb241deac570073510706dc7280b28b/execute/async - {"script":"<script> [1562 bytes]","args":[{"selector":{"id":"application-managebillings-display-component---billRunCalcResult--contractBillRunDate","interaction":{"idSuffix":"inner"}},"wdio_ui5_key":"applicationmanagebillings-display-component---billRunCalcResult--contractBillRunDate"}]}
RESULT: {"script":"<script> [1562 bytes]","args":[{"selector":{"id":"application-managebillings-display-component---billRunCalcResult--contractBillRunDate","interaction":{"idSuffix":"inner"}},"wdio_ui5_key":"applicationmanagebillings-display-component---billRunCalcResult--contractBillRunDate"}]}
RESULT: undefined
COMMAND: POST /session/6eb241deac570073510706dc7280b28b/execute/async - {"script":"<script> [776 bytes]","args":[{"enterText":"06/06/25","selector":{"id":"application-managebillings-display-component---billRunCalcResult--contractBillRunDate","interaction":{"idSuffix":"inner"}},"clearTextFirst":true,"interactionType":"ENTER_TEXT"}]}
RESULT: {"script":"<script> [776 bytes]","args":[{"enterText":"06/06/25","selector":{"id":"application-managebillings-display-component---billRunCalcResult--contractBillRunDate","interaction":{"idSuffix":"inner"}},"clearTextFirst":true,"interactionType":"ENTER_TEXT"}]}
COMMAND: POST /session/6eb241deac570073510706dc7280b28b/element - {"using":"xpath","value":"//bdi[contains(text(), \"Trigger Calculation\")]"}
RESULT: {"using":"xpath","value":"//bdi[contains(text(), \"Trigger Calculation\")]"}
COMMAND: POST /session/6eb241deac570073510706dc7280b28b/element/f.451C0D83FD0E10390ED4567275622C99.d.8BCACACEE0486510DA091FF4234B7F11.e.14140/click - {}
RESULT: {}
COMMAND: GET /session/6eb241deac570073510706dc7280b28b/screenshot - {}
RESULT: {}
COMMAND: POST /session/6eb241deac570073510706dc7280b28b/element - {"using":"xpath","value":"(//span[contains(@id, \"imgNav\")])[1]"}
RESULT: {"using":"xpath","value":"(//span[contains(@id, \"imgNav\")])[1]"}
COMMAND: POST /session/6eb241deac570073510706dc7280b28b/element/f.451C0D83FD0E10390ED4567275622C99.d.8BCACACEE0486510DA091FF4234B7F11.e.14090/click - {}
RESULT: {}
COMMAND: GET /session/6eb241deac570073510706dc7280b28b/screenshot - {}
RESULT: {}
COMMAND: POST /session/6eb241deac570073510706dc7280b28b/element - {"using":"xpath","value":"//tr/td[6]/div[1]/span[1]/span[1]"}
RESULT: {"using":"xpath","value":"//tr/td[6]/div[1]/span[1]/span[1]"}
COMMAND: GET /session/6eb241deac570073510706dc7280b28b/element/f.451C0D83FD0E10390ED4567275622C99.d.8BCACACEE0486510DA091FF4234B7F11.e.14146/text - {}
RESULT: {}
COMMAND: POST /session/6eb241deac570073510706dc7280b28b/element - {"using":"xpath","value":"(//span[contains(@id, \"imgNav\")])[2]"}
RESULT: {"using":"xpath","value":"(//span[contains(@id, \"imgNav\")])[2]"}
COMMAND: POST /session/6eb241deac570073510706dc7280b28b/element/f.451C0D83FD0E10390ED4567275622C99.d.8BCACACEE0486510DA091FF4234B7F11.e.14147/click - {}
RESULT: {}
COMMAND: POST /session/6eb241deac570073510706dc7280b28b/element - {"using":"xpath","value":"//bdi[contains(text(), \"Business Confirm\")]"}
COMMAND: GET /session/6eb241deac570073510706dc7280b28b/screenshot - {}
RESULT: {"using":"xpath","value":"//bdi[contains(text(), \"Business Confirm\")]"}
COMMAND: POST /session/6eb241deac570073510706dc7280b28b/elements - {"using":"xpath","value":"//bdi[contains(text(), \"Business Confirm\")]"}
RESULT: {}
RESULT: {"using":"xpath","value":"//bdi[contains(text(), \"Business Confirm\")]"}
COMMAND: POST /session/6eb241deac570073510706dc7280b28b/elements - {"using":"xpath","value":"//bdi[contains(text(), \"Business Confirm\")]"}
RESULT: {"using":"xpath","value":"//bdi[contains(text(), \"Business Confirm\")]"}
COMMAND: POST /session/6eb241deac570073510706dc7280b28b/element - {"using":"xpath","value":"//bdi[contains(text(), \"Business Confirm\")]"}
RESULT: {"using":"xpath","value":"//bdi[contains(text(), \"Business Confirm\")]"}
COMMAND: POST /session/6eb241deac570073510706dc7280b28b/element/f.451C0D83FD0E10390ED4567275622C99.d.8BCACACEE0486510DA091FF4234B7F11.e.14150/click - {}
RESULT: {}
COMMAND: POST /session/6eb241deac570073510706dc7280b28b/element - {"using":"css selector","value":"#shell-header-logo"}
COMMAND: GET /session/6eb241deac570073510706dc7280b28b/screenshot - {}
RESULT: {"using":"css selector","value":"#shell-header-logo"}
COMMAND: POST /session/6eb241deac570073510706dc7280b28b/element/f.451C0D83FD0E10390ED4567275622C99.d.8BCACACEE0486510DA091FF4234B7F11.e.13879/click - {}
RESULT: {}
RESULT: {}
COMMAND: GET /session/6eb241deac570073510706dc7280b28b/screenshot - {}
RESULT: {}
COMMAND: POST /session/6eb241deac570073510706dc7280b28b/element - {"using":"css selector","value":"#j_username"}
COMMAND: POST /session/6eb241deac570073510706dc7280b28b/url - {"url":"https://qa-testing-00-live-etm-ui.cfapps.eu10-004.hana.ondemand.com/"}
COMMAND: GET /session/6eb241deac570073510706dc7280b28b/screenshot - {}
RESULT: {"using":"css selector","value":"#j_username"}
COMMAND: POST /session/6eb241deac570073510706dc7280b28b/element - {"using":"css selector","value":"#j_username"}
RESULT: {"url":"https://qa-testing-00-live-etm-ui.cfapps.eu10-004.hana.ondemand.com/"}
RESULT: undefined
COMMAND: GET /session/6eb241deac570073510706dc7280b28b/screenshot - {}
RESULT: {}
RESULT: {"using":"css selector","value":"#j_username"}
COMMAND: POST /session/6eb241deac570073510706dc7280b28b/element - {"using":"css selector","value":"#shell-header-logo"}
RESULT: {}
RESULT: {"using":"css selector","value":"#shell-header-logo"}
COMMAND: POST /session/6eb241deac570073510706dc7280b28b/execute/sync - {"script":"<script> [8489 bytes]","args":[{"element-6066-11e4-a52e-4f735466cecf":"f.451C0D83FD0E10390ED4567275622C99.d.1652AC7D4D10B0C9F04F74DD62D10140.e.14234","ELEMENT":"f.451C0D83FD0E10390ED4567275622C99.d.1652AC7D4D10B0C9F04F74DD62D10140.e.14234"}]}
RESULT: {"script":"<script> [8489 bytes]","args":[{"element-6066-11e4-a52e-4f735466cecf":"f.451C0D83FD0E10390ED4567275622C99.d.1652AC7D4D10B0C9F04F74DD62D10140.e.14234","ELEMENT":"f.451C0D83FD0E10390ED4567275622C99.d.1652AC7D4D10B0C9F04F74DD62D10140.e.14234"}]}
COMMAND: POST /session/6eb241deac570073510706dc7280b28b/element - {"using":"css selector","value":"#shell-header-logo"}
RESULT: {"using":"css selector","value":"#shell-header-logo"}
COMMAND: POST /session/6eb241deac570073510706dc7280b28b/execute/sync - {"script":"<script> [8489 bytes]","args":[{"element-6066-11e4-a52e-4f735466cecf":"f.451C0D83FD0E10390ED4567275622C99.d.1652AC7D4D10B0C9F04F74DD62D10140.e.14234","ELEMENT":"f.451C0D83FD0E10390ED4567275622C99.d.1652AC7D4D10B0C9F04F74DD62D10140.e.14234"}]}
RESULT: {"script":"<script> [8489 bytes]","args":[{"element-6066-11e4-a52e-4f735466cecf":"f.451C0D83FD0E10390ED4567275622C99.d.1652AC7D4D10B0C9F04F74DD62D10140.e.14234","ELEMENT":"f.451C0D83FD0E10390ED4567275622C99.d.1652AC7D4D10B0C9F04F74DD62D10140.e.14234"}]}
COMMAND: POST /session/6eb241deac570073510706dc7280b28b/execute/sync - {"script":"<script> [5351 bytes]","args":[{"element-6066-11e4-a52e-4f735466cecf":"f.451C0D83FD0E10390ED4567275622C99.d.1652AC7D4D10B0C9F04F74DD62D10140.e.14234","ELEMENT":"f.451C0D83FD0E10390ED4567275622C99.d.1652AC7D4D10B0C9F04F74DD62D10140.e.14234"}]}
RESULT: {"script":"<script> [5351 bytes]","args":[{"element-6066-11e4-a52e-4f735466cecf":"f.451C0D83FD0E10390ED4567275622C99.d.1652AC7D4D10B0C9F04F74DD62D10140.e.14234","ELEMENT":"f.451C0D83FD0E10390ED4567275622C99.d.1652AC7D4D10B0C9F04F74DD62D10140.e.14234"}]}
COMMAND: POST /session/6eb241deac570073510706dc7280b28b/element - {"using":"css selector","value":"#shell-header-logo"}
RESULT: {"using":"css selector","value":"#shell-header-logo"}
COMMAND: POST /session/6eb241deac570073510706dc7280b28b/element/f.451C0D83FD0E10390ED4567275622C99.d.1652AC7D4D10B0C9F04F74DD62D10140.e.14234/click - {}
COMMAND: GET /session/6eb241deac570073510706dc7280b28b/screenshot - {}
COMMAND: GET /session/6eb241deac570073510706dc7280b28b/screenshot - {}
COMMAND: GET /session/6eb241deac570073510706dc7280b28b/screenshot - {}
RESULT: {}
COMMAND: GET /session/6eb241deac570073510706dc7280b28b/screenshot - {}
RESULT: {}
RESULT: {}
RESULT: {}
RESULT: {}
COMMAND: POST /session/6eb241deac570073510706dc7280b28b/execute/async - {"script":"<script> [189 bytes]","args":[]}
RESULT: {"script":"<script> [189 bytes]","args":[]}
COMMAND: POST /session/6eb241deac570073510706dc7280b28b/execute/async - {"script":"<script> [123 bytes]","args":[]}
RESULT: {"script":"<script> [123 bytes]","args":[]}
COMMAND: POST /session/6eb241deac570073510706dc7280b28b/timeouts - {"script":"<number>"}
RESULT: {"script":"<number>"}
COMMAND: GET /session/6eb241deac570073510706dc7280b28b/timeouts - {}
RESULT: {}
RESULT: undefined
COMMAND: POST /session/6eb241deac570073510706dc7280b28b/execute/async - {"script":"<script> [2676 bytes]","args":[]}
RESULT: {"script":"<script> [2676 bytes]","args":[]}
COMMAND: POST /session/6eb241deac570073510706dc7280b28b/execute/async - {"script":"<script> [2342 bytes]","args":[{"protocol":"http","hostname":"0.0.0.0","path":"/","capabilities":{"browserName":"chrome","goog:chromeOptions":{"binary":"C:\\Program Files\\Google\\Chrome\\Application\\chrome.exe","args":["--start-maximized"]}},"logLevel":"warn","connectionRetryTimeout":120000,"connectionRetryCount":3,"logLevels":{},"enableDirectConnect":true,"strictSSL":true,"_":"65 more keys: [\"cacheDir\",\"port\",\"requestedCapabilities\",\"automationProtocol\",\"baseUrl\",\"waitforInterval\",\"waitforTimeout\",\"onReload\",\"beforeCommand\",\"afterCommand\",\"rootDir\",\"specs\",\"suites\",\"exclude\",\"groupLogsByTestSpec\",\"excludeDriverLogs\",\"bail\",\"framework\",\"reporters\",\"services\",\"maxInstances\",\"maxInstancesPerCapability\",\"injectGlobals\",\"filesToWatch\",\"execArgv\",\"runnerEnv\",\"runner\",\"shard\",\"specFileRetries\",\"specFileRetriesDelay\",\"specFileRetriesDeferred\",\"reporterSyncInterval\",\"reporterSyncTimeout\",\"cucumberFeaturesWithLineNumbers\",\"autoCompileOpts\",\"mochaOpts\",\"jasmineOpts\",\"cucumberOpts\",\"onPrepare\",\"onWorkerStart\",\"onWorkerEnd\",\"before\",\"beforeSession\",\"beforeSuite\",\"beforeHook\",\"beforeTest\",\"afterTest\",\"afterHook\",\"afterSuite\",\"afterSession\",\"after\",\"onComplete\",\"beforeAssertion\",\"afterAssertion\",\"beforeFeature\",\"beforeScenario\",\"beforeStep\",\"afterStep\",\"afterScenario\",\"afterFeature\",\"_\",\"suite\",\"$0\",\"ignoredWorkerServices\",\"wdi5\"]"}]}
RESULT: {"script":"<script> [2342 bytes]","args":[{"protocol":"http","hostname":"0.0.0.0","path":"/","capabilities":{"browserName":"chrome","goog:chromeOptions":{"binary":"C:\\Program Files\\Google\\Chrome\\Application\\chrome.exe","args":["--start-maximized"]}},"logLevel":"warn","connectionRetryTimeout":120000,"connectionRetryCount":3,"logLevels":{},"enableDirectConnect":true,"strictSSL":true,"_":"65 more keys: [\"cacheDir\",\"port\",\"requestedCapabilities\",\"automationProtocol\",\"baseUrl\",\"waitforInterval\",\"waitforTimeout\",\"onReload\",\"beforeCommand\",\"afterCommand\",\"rootDir\",\"specs\",\"suites\",\"exclude\",\"groupLogsByTestSpec\",\"excludeDriverLogs\",\"bail\",\"framework\",\"reporters\",\"services\",\"maxInstances\",\"maxInstancesPerCapability\",\"injectGlobals\",\"filesToWatch\",\"execArgv\",\"runnerEnv\",\"runner\",\"shard\",\"specFileRetries\",\"specFileRetriesDelay\",\"specFileRetriesDeferred\",\"reporterSyncInterval\",\"reporterSyncTimeout\",\"cucumberFeaturesWithLineNumbers\",\"autoCompileOpts\",\"mochaOpts\",\"jasmineOpts\",\"cucumberOpts\",\"onPrepare\",\"onWorkerStart\",\"onWorkerEnd\",\"before\",\"beforeSession\",\"beforeSuite\",\"beforeHook\",\"beforeTest\",\"afterTest\",\"afterHook\",\"afterSuite\",\"afterSession\",\"after\",\"onComplete\",\"beforeAssertion\",\"afterAssertion\",\"beforeFeature\",\"beforeScenario\",\"beforeStep\",\"afterStep\",\"afterScenario\",\"afterFeature\",\"_\",\"suite\",\"$0\",\"ignoredWorkerServices\",\"wdi5\"]"}]}
COMMAND: POST /session/6eb241deac570073510706dc7280b28b/execute/async - {"script":"<script> [21126 bytes]","args":[35000]}
RESULT: {"script":"<script> [21126 bytes]","args":[35000]}
COMMAND: POST /session/6eb241deac570073510706dc7280b28b/window/maximize - {}
RESULT: {}
COMMAND: POST /session/6eb241deac570073510706dc7280b28b/execute/async - {"script":"<script> [1562 bytes]","args":[{"selector":{"id":"shell-header","interaction":{"idSuffix":"icon"}},"wdio_ui5_key":"shellheader"}]}
COMMAND: GET /session/6eb241deac570073510706dc7280b28b/screenshot - {}
RESULT: {"script":"<script> [1562 bytes]","args":[{"selector":{"id":"shell-header","interaction":{"idSuffix":"icon"}},"wdio_ui5_key":"shellheader"}]}
RESULT: undefined
COMMAND: POST /session/6eb241deac570073510706dc7280b28b/refresh - {}
RESULT: {}
RESULT: {}
COMMAND: GET /session/6eb241deac570073510706dc7280b28b/screenshot - {}
RESULT: {}
COMMAND: POST /session/6eb241deac570073510706dc7280b28b/refresh - {}
RESULT: {}
COMMAND: GET /session/6eb241deac570073510706dc7280b28b/screenshot - {}
RESULT: {}
COMMAND: POST /session/6eb241deac570073510706dc7280b28b/window/fullscreen - {}
RESULT: {}
COMMAND: POST /session/6eb241deac570073510706dc7280b28b/execute/async - {"script":"<script> [189 bytes]","args":[]}
RESULT: {"script":"<script> [189 bytes]","args":[]}
COMMAND: POST /session/6eb241deac570073510706dc7280b28b/execute/async - {"script":"<script> [123 bytes]","args":[]}
RESULT: {"script":"<script> [123 bytes]","args":[]}
COMMAND: POST /session/6eb241deac570073510706dc7280b28b/timeouts - {"script":"<number>"}
RESULT: {"script":"<number>"}
COMMAND: GET /session/6eb241deac570073510706dc7280b28b/timeouts - {}
RESULT: {}
RESULT: undefined
COMMAND: POST /session/6eb241deac570073510706dc7280b28b/execute/async - {"script":"<script> [2676 bytes]","args":[]}
RESULT: {"script":"<script> [2676 bytes]","args":[]}
COMMAND: POST /session/6eb241deac570073510706dc7280b28b/execute/async - {"script":"<script> [2342 bytes]","args":[{"protocol":"http","hostname":"0.0.0.0","path":"/","capabilities":{"browserName":"chrome","goog:chromeOptions":{"binary":"C:\\Program Files\\Google\\Chrome\\Application\\chrome.exe","args":["--start-maximized"]}},"logLevel":"warn","connectionRetryTimeout":120000,"connectionRetryCount":3,"logLevels":{},"enableDirectConnect":true,"strictSSL":true,"_":"65 more keys: [\"cacheDir\",\"port\",\"requestedCapabilities\",\"automationProtocol\",\"baseUrl\",\"waitforInterval\",\"waitforTimeout\",\"onReload\",\"beforeCommand\",\"afterCommand\",\"rootDir\",\"specs\",\"suites\",\"exclude\",\"groupLogsByTestSpec\",\"excludeDriverLogs\",\"bail\",\"framework\",\"reporters\",\"services\",\"maxInstances\",\"maxInstancesPerCapability\",\"injectGlobals\",\"filesToWatch\",\"execArgv\",\"runnerEnv\",\"runner\",\"shard\",\"specFileRetries\",\"specFileRetriesDelay\",\"specFileRetriesDeferred\",\"reporterSyncInterval\",\"reporterSyncTimeout\",\"cucumberFeaturesWithLineNumbers\",\"autoCompileOpts\",\"mochaOpts\",\"jasmineOpts\",\"cucumberOpts\",\"onPrepare\",\"onWorkerStart\",\"onWorkerEnd\",\"before\",\"beforeSession\",\"beforeSuite\",\"beforeHook\",\"beforeTest\",\"afterTest\",\"afterHook\",\"afterSuite\",\"afterSession\",\"after\",\"onComplete\",\"beforeAssertion\",\"afterAssertion\",\"beforeFeature\",\"beforeScenario\",\"beforeStep\",\"afterStep\",\"afterScenario\",\"afterFeature\",\"_\",\"suite\",\"$0\",\"ignoredWorkerServices\",\"wdi5\"]"}]}
RESULT: {"script":"<script> [2342 bytes]","args":[{"protocol":"http","hostname":"0.0.0.0","path":"/","capabilities":{"browserName":"chrome","goog:chromeOptions":{"binary":"C:\\Program Files\\Google\\Chrome\\Application\\chrome.exe","args":["--start-maximized"]}},"logLevel":"warn","connectionRetryTimeout":120000,"connectionRetryCount":3,"logLevels":{},"enableDirectConnect":true,"strictSSL":true,"_":"65 more keys: [\"cacheDir\",\"port\",\"requestedCapabilities\",\"automationProtocol\",\"baseUrl\",\"waitforInterval\",\"waitforTimeout\",\"onReload\",\"beforeCommand\",\"afterCommand\",\"rootDir\",\"specs\",\"suites\",\"exclude\",\"groupLogsByTestSpec\",\"excludeDriverLogs\",\"bail\",\"framework\",\"reporters\",\"services\",\"maxInstances\",\"maxInstancesPerCapability\",\"injectGlobals\",\"filesToWatch\",\"execArgv\",\"runnerEnv\",\"runner\",\"shard\",\"specFileRetries\",\"specFileRetriesDelay\",\"specFileRetriesDeferred\",\"reporterSyncInterval\",\"reporterSyncTimeout\",\"cucumberFeaturesWithLineNumbers\",\"autoCompileOpts\",\"mochaOpts\",\"jasmineOpts\",\"cucumberOpts\",\"onPrepare\",\"onWorkerStart\",\"onWorkerEnd\",\"before\",\"beforeSession\",\"beforeSuite\",\"beforeHook\",\"beforeTest\",\"afterTest\",\"afterHook\",\"afterSuite\",\"afterSession\",\"after\",\"onComplete\",\"beforeAssertion\",\"afterAssertion\",\"beforeFeature\",\"beforeScenario\",\"beforeStep\",\"afterStep\",\"afterScenario\",\"afterFeature\",\"_\",\"suite\",\"$0\",\"ignoredWorkerServices\",\"wdi5\"]"}]}
COMMAND: POST /session/6eb241deac570073510706dc7280b28b/execute/async - {"script":"<script> [21126 bytes]","args":[35000]}
RESULT: {"script":"<script> [21126 bytes]","args":[35000]}
]]></system-out>
    </testcase>
  </testsuite>
  <testsuite timestamp="2025-05-06T17:57:52" time="869.499" tests="13" failures="0" errors="0" skipped="0">
    <properties>
      <property name="specId" value="0" />
      <property name="suiteName" value="Performance based billing (work days) US139742" />
      <property name="capabilities" value="chrome.135_0_7049_115.windows" />
      <property name="file" value="file:///D:/a/1/s/test/specs/BTS/billing-performance-workdays.spec.js" />
    </properties>
    <testcase classname="chrome.135_0_7049_115.windows.Performance_based_billing_(work_days)_US139742" name="Should create a new yard" time="0.024">
      <system-out><![CDATA[
COMMAND: POST /session/6eb241deac570073510706dc7280b28b/window/fullscreen - {}
RESULT: {}
]]></system-out>
    </testcase>
    <testcase classname="chrome.135_0_7049_115.windows.Performance_based_billing_(work_days)_US139742" name="Should create a new partner" time="0.004" />
    <testcase classname="chrome.135_0_7049_115.windows.Performance_based_billing_(work_days)_US139742" name="Should create a new site" time="0.003" />
    <testcase classname="chrome.135_0_7049_115.windows.Performance_based_billing_(work_days)_US139742" name="Should do prerequisite steps add equipment" time="139.657">
      <system-out><![CDATA[
COMMAND: POST /session/6eb241deac570073510706dc7280b28b/execute/async - {"script":"<script> [1562 bytes]","args":[{"selector":{"controlType":"sap.m.GenericTile","properties":{"header":"Manage Resources"}},"wdio_ui5_key":"sapm.GenericTile{\"header\":\"Manage Resources\"}"}]}
RESULT: {"script":"<script> [1562 bytes]","args":[{"selector":{"controlType":"sap.m.GenericTile","properties":{"header":"Manage Resources"}},"wdio_ui5_key":"sapm.GenericTile{\"header\":\"Manage Resources\"}"}]}
RESULT: undefined
COMMAND: POST /session/6eb241deac570073510706dc7280b28b/element - {"using":"xpath","value":"//*[@id=\"__tile39\"]"}
RESULT: {"using":"xpath","value":"//*[@id=\"__tile39\"]"}
COMMAND: POST /session/6eb241deac570073510706dc7280b28b/element/f.451C0D83FD0E10390ED4567275622C99.d.B2FEA33D959471116F751086D5EB9D3B.e.14381/click - {}
RESULT: {}
COMMAND: POST /session/6eb241deac570073510706dc7280b28b/element - {"using":"xpath","value":"//button[@data-kt=\"addNewRUOverflowToolbarButton\"]"}
COMMAND: GET /session/6eb241deac570073510706dc7280b28b/screenshot - {}
RESULT: {"using":"xpath","value":"//button[@data-kt=\"addNewRUOverflowToolbarButton\"]"}
COMMAND: POST /session/6eb241deac570073510706dc7280b28b/elements - {"using":"xpath","value":"//button[@data-kt=\"addNewRUOverflowToolbarButton\"]"}
RESULT: {}
RESULT: {"using":"xpath","value":"//button[@data-kt=\"addNewRUOverflowToolbarButton\"]"}
COMMAND: POST /session/6eb241deac570073510706dc7280b28b/elements - {"using":"xpath","value":"//button[@data-kt=\"addNewRUOverflowToolbarButton\"]"}
RESULT: {"using":"xpath","value":"//button[@data-kt=\"addNewRUOverflowToolbarButton\"]"}
COMMAND: POST /session/6eb241deac570073510706dc7280b28b/elements - {"using":"xpath","value":"//button[@data-kt=\"addNewRUOverflowToolbarButton\"]"}
RESULT: {"using":"xpath","value":"//button[@data-kt=\"addNewRUOverflowToolbarButton\"]"}
COMMAND: POST /session/6eb241deac570073510706dc7280b28b/elements - {"using":"xpath","value":"//button[@data-kt=\"addNewRUOverflowToolbarButton\"]"}
RESULT: {"using":"xpath","value":"//button[@data-kt=\"addNewRUOverflowToolbarButton\"]"}
COMMAND: POST /session/6eb241deac570073510706dc7280b28b/elements - {"using":"xpath","value":"//button[@data-kt=\"addNewRUOverflowToolbarButton\"]"}
RESULT: {"using":"xpath","value":"//button[@data-kt=\"addNewRUOverflowToolbarButton\"]"}
COMMAND: POST /session/6eb241deac570073510706dc7280b28b/elements - {"using":"xpath","value":"//button[@data-kt=\"addNewRUOverflowToolbarButton\"]"}
RESULT: {"using":"xpath","value":"//button[@data-kt=\"addNewRUOverflowToolbarButton\"]"}
COMMAND: POST /session/6eb241deac570073510706dc7280b28b/elements - {"using":"xpath","value":"//button[@data-kt=\"addNewRUOverflowToolbarButton\"]"}
RESULT: {"using":"xpath","value":"//button[@data-kt=\"addNewRUOverflowToolbarButton\"]"}
COMMAND: POST /session/6eb241deac570073510706dc7280b28b/elements - {"using":"xpath","value":"//button[@data-kt=\"addNewRUOverflowToolbarButton\"]"}
RESULT: {"using":"xpath","value":"//button[@data-kt=\"addNewRUOverflowToolbarButton\"]"}
COMMAND: POST /session/6eb241deac570073510706dc7280b28b/element - {"using":"xpath","value":"//button[@data-kt=\"addNewRUOverflowToolbarButton\"]"}
RESULT: {"using":"xpath","value":"//button[@data-kt=\"addNewRUOverflowToolbarButton\"]"}
COMMAND: POST /session/6eb241deac570073510706dc7280b28b/execute/sync - {"script":"<script> [8489 bytes]","args":[{"element-6066-11e4-a52e-4f735466cecf":"f.451C0D83FD0E10390ED4567275622C99.d.B2FEA33D959471116F751086D5EB9D3B.e.14508","ELEMENT":"f.451C0D83FD0E10390ED4567275622C99.d.B2FEA33D959471116F751086D5EB9D3B.e.14508"}]}
RESULT: {"script":"<script> [8489 bytes]","args":[{"element-6066-11e4-a52e-4f735466cecf":"f.451C0D83FD0E10390ED4567275622C99.d.B2FEA33D959471116F751086D5EB9D3B.e.14508","ELEMENT":"f.451C0D83FD0E10390ED4567275622C99.d.B2FEA33D959471116F751086D5EB9D3B.e.14508"}]}
COMMAND: GET /session/6eb241deac570073510706dc7280b28b/element/f.451C0D83FD0E10390ED4567275622C99.d.B2FEA33D959471116F751086D5EB9D3B.e.14508/enabled - {}
COMMAND: GET /session/6eb241deac570073510706dc7280b28b/screenshot - {}
RESULT: {}
COMMAND: POST /session/6eb241deac570073510706dc7280b28b/execute/sync - {"script":"<script> [8489 bytes]","args":[{"element-6066-11e4-a52e-4f735466cecf":"f.451C0D83FD0E10390ED4567275622C99.d.B2FEA33D959471116F751086D5EB9D3B.e.14508","ELEMENT":"f.451C0D83FD0E10390ED4567275622C99.d.B2FEA33D959471116F751086D5EB9D3B.e.14508"}]}
COMMAND: GET /session/6eb241deac570073510706dc7280b28b/screenshot - {}
RESULT: {}
RESULT: {"script":"<script> [8489 bytes]","args":[{"element-6066-11e4-a52e-4f735466cecf":"f.451C0D83FD0E10390ED4567275622C99.d.B2FEA33D959471116F751086D5EB9D3B.e.14508","ELEMENT":"f.451C0D83FD0E10390ED4567275622C99.d.B2FEA33D959471116F751086D5EB9D3B.e.14508"}]}
COMMAND: POST /session/6eb241deac570073510706dc7280b28b/execute/sync - {"script":"<script> [5351 bytes]","args":[{"element-6066-11e4-a52e-4f735466cecf":"f.451C0D83FD0E10390ED4567275622C99.d.B2FEA33D959471116F751086D5EB9D3B.e.14508","ELEMENT":"f.451C0D83FD0E10390ED4567275622C99.d.B2FEA33D959471116F751086D5EB9D3B.e.14508"}]}
COMMAND: GET /session/6eb241deac570073510706dc7280b28b/screenshot - {}
RESULT: {}
RESULT: {"script":"<script> [5351 bytes]","args":[{"element-6066-11e4-a52e-4f735466cecf":"f.451C0D83FD0E10390ED4567275622C99.d.B2FEA33D959471116F751086D5EB9D3B.e.14508","ELEMENT":"f.451C0D83FD0E10390ED4567275622C99.d.B2FEA33D959471116F751086D5EB9D3B.e.14508"}]}
COMMAND: POST /session/6eb241deac570073510706dc7280b28b/element/f.451C0D83FD0E10390ED4567275622C99.d.B2FEA33D959471116F751086D5EB9D3B.e.14508/click - {}
COMMAND: GET /session/6eb241deac570073510706dc7280b28b/screenshot - {}
RESULT: {}
RESULT: {}
COMMAND: GET /session/6eb241deac570073510706dc7280b28b/screenshot - {}
COMMAND: POST /session/6eb241deac570073510706dc7280b28b/execute/async - {"script":"<script> [1562 bytes]","args":[{"selector":{"id":"application-manageresources-display-component---newResourceUnit--TYPE-arrow"},"wdio_ui5_key":"applicationmanageresources-display-component---newResourceUnit--TYPE-arrow"}]}
RESULT: {}
RESULT: {}
RESULT: {"script":"<script> [1562 bytes]","args":[{"selector":{"id":"application-manageresources-display-component---newResourceUnit--TYPE-arrow"},"wdio_ui5_key":"applicationmanageresources-display-component---newResourceUnit--TYPE-arrow"}]}
RESULT: undefined
COMMAND: POST /session/6eb241deac570073510706dc7280b28b/element - {"using":"xpath","value":"//*[@id=\"application-manageresources-display-component---newResourceUnit--TYPE-arrow\"]"}
RESULT: {"using":"xpath","value":"//*[@id=\"application-manageresources-display-component---newResourceUnit--TYPE-arrow\"]"}
COMMAND: POST /session/6eb241deac570073510706dc7280b28b/element/f.451C0D83FD0E10390ED4567275622C99.d.B2FEA33D959471116F751086D5EB9D3B.e.14867/click - {}
RESULT: {}
COMMAND: POST /session/6eb241deac570073510706dc7280b28b/element - {"using":"xpath","value":"//input[@id=\"application-manageresources-display-component---newResourceUnit--TYPE-inner\"]"}
COMMAND: GET /session/6eb241deac570073510706dc7280b28b/screenshot - {}
RESULT: {"using":"xpath","value":"//input[@id=\"application-manageresources-display-component---newResourceUnit--TYPE-inner\"]"}
COMMAND: POST /session/6eb241deac570073510706dc7280b28b/element/f.451C0D83FD0E10390ED4567275622C99.d.B2FEA33D959471116F751086D5EB9D3B.e.14863/clear - {}
RESULT: {}
RESULT: {}
COMMAND: POST /session/6eb241deac570073510706dc7280b28b/element/f.451C0D83FD0E10390ED4567275622C99.d.B2FEA33D959471116F751086D5EB9D3B.e.14863/value - {"text":"Equipment"}
COMMAND: GET /session/6eb241deac570073510706dc7280b28b/screenshot - {}
RESULT: {"text":"Equipment"}
COMMAND: GET /session/6eb241deac570073510706dc7280b28b/screenshot - {}
RESULT: {}
RESULT: {}
COMMAND: POST /session/6eb241deac570073510706dc7280b28b/actions - {"actions":[{"id":"action50","type":"key","parameters":{},"actions":[{"type":"keyDown","value":"î€‡"},{"type":"pause","duration":10},{"type":"keyUp","value":"î€‡"}]}]}
RESULT: {"actions":[{"id":"action50","type":"key","parameters":{},"actions":[{"type":"keyDown","value":"î€‡"},{"type":"pause","duration":10},{"type":"keyUp","value":"î€‡"}]}]}
COMMAND: POST /session/6eb241deac570073510706dc7280b28b/execute/async - {"script":"<script> [1562 bytes]","args":[{"selector":{"id":"application-manageresources-display-component---newResourceUnit--resourceId","interaction":{"idSuffix":"inner"}},"wdio_ui5_key":"applicationmanageresources-display-component---newResourceUnit--resourceId"}]}
COMMAND: GET /session/6eb241deac570073510706dc7280b28b/screenshot - {}
RESULT: {"script":"<script> [1562 bytes]","args":[{"selector":{"id":"application-manageresources-display-component---newResourceUnit--resourceId","interaction":{"idSuffix":"inner"}},"wdio_ui5_key":"applicationmanageresources-display-component---newResourceUnit--resourceId"}]}
RESULT: undefined
COMMAND: POST /session/6eb241deac570073510706dc7280b28b/execute/async - {"script":"<script> [776 bytes]","args":[{"enterText":"3jmRsoQJFA","selector":{"id":"application-manageresources-display-component---newResourceUnit--resourceId","interaction":{"idSuffix":"inner"}},"clearTextFirst":true,"interactionType":"ENTER_TEXT"}]}
RESULT: {}
RESULT: {"script":"<script> [776 bytes]","args":[{"enterText":"3jmRsoQJFA","selector":{"id":"application-manageresources-display-component---newResourceUnit--resourceId","interaction":{"idSuffix":"inner"}},"clearTextFirst":true,"interactionType":"ENTER_TEXT"}]}
COMMAND: POST /session/6eb241deac570073510706dc7280b28b/execute/async - {"script":"<script> [1562 bytes]","args":[{"selector":{"id":"application-manageresources-display-component---newResourceUnit--SHORT_TEXT","interaction":{"idSuffix":"inner"}},"wdio_ui5_key":"applicationmanageresources-display-component---newResourceUnit--SHORT_TEXT"}]}
RESULT: {"script":"<script> [1562 bytes]","args":[{"selector":{"id":"application-manageresources-display-component---newResourceUnit--SHORT_TEXT","interaction":{"idSuffix":"inner"}},"wdio_ui5_key":"applicationmanageresources-display-component---newResourceUnit--SHORT_TEXT"}]}
RESULT: undefined
COMMAND: POST /session/6eb241deac570073510706dc7280b28b/execute/async - {"script":"<script> [776 bytes]","args":[{"enterText":"Intercompany Equipment WDIO","selector":{"id":"application-manageresources-display-component---newResourceUnit--SHORT_TEXT","interaction":{"idSuffix":"inner"}},"clearTextFirst":true,"interactionType":"ENTER_TEXT"}]}
RESULT: {"script":"<script> [776 bytes]","args":[{"enterText":"Intercompany Equipment WDIO","selector":{"id":"application-manageresources-display-component---newResourceUnit--SHORT_TEXT","interaction":{"idSuffix":"inner"}},"clearTextFirst":true,"interactionType":"ENTER_TEXT"}]}
COMMAND: POST /session/6eb241deac570073510706dc7280b28b/execute/async - {"script":"<script> [1562 bytes]","args":[{"selector":{"id":"application-manageresources-display-component---newResourceUnit--BASE_UNIT_OF_MEASURE","interaction":{"idSuffix":"inner"}},"wdio_ui5_key":"applicationmanageresources-display-component---newResourceUnit--BASE_UNIT_OF_MEASURE"}]}
RESULT: {"script":"<script> [1562 bytes]","args":[{"selector":{"id":"application-manageresources-display-component---newResourceUnit--BASE_UNIT_OF_MEASURE","interaction":{"idSuffix":"inner"}},"wdio_ui5_key":"applicationmanageresources-display-component---newResourceUnit--BASE_UNIT_OF_MEASURE"}]}
RESULT: undefined
COMMAND: POST /session/6eb241deac570073510706dc7280b28b/execute/async - {"script":"<script> [776 bytes]","args":[{"enterText":"Piece","selector":{"id":"application-manageresources-display-component---newResourceUnit--BASE_UNIT_OF_MEASURE","interaction":{"idSuffix":"inner"}},"clearTextFirst":true,"interactionType":"ENTER_TEXT"}]}
RESULT: {"script":"<script> [776 bytes]","args":[{"enterText":"Piece","selector":{"id":"application-manageresources-display-component---newResourceUnit--BASE_UNIT_OF_MEASURE","interaction":{"idSuffix":"inner"}},"clearTextFirst":true,"interactionType":"ENTER_TEXT"}]}
COMMAND: POST /session/6eb241deac570073510706dc7280b28b/execute/async - {"script":"<script> [1562 bytes]","args":[{"selector":{"id":"application-manageresources-display-component---newResourceUnit--WEIGHT_UNIT","interaction":{"idSuffix":"inner"}},"wdio_ui5_key":"applicationmanageresources-display-component---newResourceUnit--WEIGHT_UNIT"}]}
RESULT: {"script":"<script> [1562 bytes]","args":[{"selector":{"id":"application-manageresources-display-component---newResourceUnit--WEIGHT_UNIT","interaction":{"idSuffix":"inner"}},"wdio_ui5_key":"applicationmanageresources-display-component---newResourceUnit--WEIGHT_UNIT"}]}
RESULT: undefined
COMMAND: POST /session/6eb241deac570073510706dc7280b28b/execute/async - {"script":"<script> [776 bytes]","args":[{"enterText":"Gram","selector":{"id":"application-manageresources-display-component---newResourceUnit--WEIGHT_UNIT","interaction":{"idSuffix":"inner"}},"clearTextFirst":true,"interactionType":"ENTER_TEXT"}]}
RESULT: {"script":"<script> [776 bytes]","args":[{"enterText":"Gram","selector":{"id":"application-manageresources-display-component---newResourceUnit--WEIGHT_UNIT","interaction":{"idSuffix":"inner"}},"clearTextFirst":true,"interactionType":"ENTER_TEXT"}]}
COMMAND: POST /session/6eb241deac570073510706dc7280b28b/execute/async - {"script":"<script> [1562 bytes]","args":[{"selector":{"id":"application-manageresources-display-component---newResourceUnit--DIMENSION_UNIT","interaction":{"idSuffix":"inner"}},"wdio_ui5_key":"applicationmanageresources-display-component---newResourceUnit--DIMENSION_UNIT"}]}
RESULT: {"script":"<script> [1562 bytes]","args":[{"selector":{"id":"application-manageresources-display-component---newResourceUnit--DIMENSION_UNIT","interaction":{"idSuffix":"inner"}},"wdio_ui5_key":"applicationmanageresources-display-component---newResourceUnit--DIMENSION_UNIT"}]}
RESULT: undefined
COMMAND: POST /session/6eb241deac570073510706dc7280b28b/execute/async - {"script":"<script> [776 bytes]","args":[{"enterText":"Meter","selector":{"id":"application-manageresources-display-component---newResourceUnit--DIMENSION_UNIT","interaction":{"idSuffix":"inner"}},"clearTextFirst":true,"interactionType":"ENTER_TEXT"}]}
RESULT: {"script":"<script> [776 bytes]","args":[{"enterText":"Meter","selector":{"id":"application-manageresources-display-component---newResourceUnit--DIMENSION_UNIT","interaction":{"idSuffix":"inner"}},"clearTextFirst":true,"interactionType":"ENTER_TEXT"}]}
COMMAND: POST /session/6eb241deac570073510706dc7280b28b/execute/async - {"script":"<script> [1562 bytes]","args":[{"selector":{"id":"application-manageresources-display-component---newResourceUnit--newRRUPage-anchBar-application-manageresources-display-component---newResourceUnit--control-anchor","interaction":{"idSuffix":"BDI-content"}},"wdio_ui5_key":"applicationmanageresources-display-component---newResourceUnit--newRRUPage-anchBar-application-manageresources-display-component---newResourceUnit--control-anchor"}]}
RESULT: {"script":"<script> [1562 bytes]","args":[{"selector":{"id":"application-manageresources-display-component---newResourceUnit--newRRUPage-anchBar-application-manageresources-display-component---newResourceUnit--control-anchor","interaction":{"idSuffix":"BDI-content"}},"wdio_ui5_key":"applicationmanageresources-display-component---newResourceUnit--newRRUPage-anchBar-application-manageresources-display-component---newResourceUnit--control-anchor"}]}
RESULT: undefined
COMMAND: POST /session/6eb241deac570073510706dc7280b28b/element - {"using":"xpath","value":"//*[@id=\"application-manageresources-display-component---newResourceUnit--newRRUPage-anchBar-application-manageresources-display-component---newResourceUnit--control-anchor\"]"}
RESULT: {"using":"xpath","value":"//*[@id=\"application-manageresources-display-component---newResourceUnit--newRRUPage-anchBar-application-manageresources-display-component---newResourceUnit--control-anchor\"]"}
COMMAND: POST /session/6eb241deac570073510706dc7280b28b/element/f.451C0D83FD0E10390ED4567275622C99.d.B2FEA33D959471116F751086D5EB9D3B.e.15000/click - {}
RESULT: {}
COMMAND: POST /session/6eb241deac570073510706dc7280b28b/execute/async - {"script":"<script> [1562 bytes]","args":[{"selector":{"id":"application-manageresources-display-component---newResourceUnit--PLANNING_GROUP","interaction":{"idSuffix":"inner"}},"wdio_ui5_key":"applicationmanageresources-display-component---newResourceUnit--PLANNING_GROUP"}]}
COMMAND: GET /session/6eb241deac570073510706dc7280b28b/screenshot - {}
RESULT: {"script":"<script> [1562 bytes]","args":[{"selector":{"id":"application-manageresources-display-component---newResourceUnit--PLANNING_GROUP","interaction":{"idSuffix":"inner"}},"wdio_ui5_key":"applicationmanageresources-display-component---newResourceUnit--PLANNING_GROUP"}]}
RESULT: undefined
COMMAND: POST /session/6eb241deac570073510706dc7280b28b/execute/async - {"script":"<script> [776 bytes]","args":[{"enterText":"Heavy Equi","selector":{"id":"application-manageresources-display-component---newResourceUnit--PLANNING_GROUP","interaction":{"idSuffix":"inner"}},"clearTextFirst":true,"interactionType":"ENTER_TEXT"}]}
RESULT: {}
RESULT: {"script":"<script> [776 bytes]","args":[{"enterText":"Heavy Equi","selector":{"id":"application-manageresources-display-component---newResourceUnit--PLANNING_GROUP","interaction":{"idSuffix":"inner"}},"clearTextFirst":true,"interactionType":"ENTER_TEXT"}]}
COMMAND: POST /session/6eb241deac570073510706dc7280b28b/execute/async - {"script":"<script> [1562 bytes]","args":[{"selector":{"id":"application-manageresources-display-component---newResourceUnit--ITEM_TYPE-arrow"},"wdio_ui5_key":"applicationmanageresources-display-component---newResourceUnit--ITEM_TYPE-arrow"}]}
RESULT: {"script":"<script> [1562 bytes]","args":[{"selector":{"id":"application-manageresources-display-component---newResourceUnit--ITEM_TYPE-arrow"},"wdio_ui5_key":"applicationmanageresources-display-component---newResourceUnit--ITEM_TYPE-arrow"}]}
RESULT: undefined
COMMAND: POST /session/6eb241deac570073510706dc7280b28b/element - {"using":"xpath","value":"//*[@id=\"application-manageresources-display-component---newResourceUnit--ITEM_TYPE-arrow\"]"}
RESULT: {"using":"xpath","value":"//*[@id=\"application-manageresources-display-component---newResourceUnit--ITEM_TYPE-arrow\"]"}
COMMAND: POST /session/6eb241deac570073510706dc7280b28b/element/f.451C0D83FD0E10390ED4567275622C99.d.B2FEA33D959471116F751086D5EB9D3B.e.15007/click - {}
RESULT: {}
COMMAND: POST /session/6eb241deac570073510706dc7280b28b/element - {"using":"xpath","value":"(//span[contains(text(), \"Resource Unit\")])[2]"}
COMMAND: GET /session/6eb241deac570073510706dc7280b28b/screenshot - {}
RESULT: {"using":"xpath","value":"(//span[contains(text(), \"Resource Unit\")])[2]"}
COMMAND: POST /session/6eb241deac570073510706dc7280b28b/element/f.451C0D83FD0E10390ED4567275622C99.d.B2FEA33D959471116F751086D5EB9D3B.e.15008/click - {}
RESULT: {}
RESULT: {}
COMMAND: GET /session/6eb241deac570073510706dc7280b28b/screenshot - {}
RESULT: {}
COMMAND: POST /session/6eb241deac570073510706dc7280b28b/element - {"using":"css selector","value":"#application-manageresources-display-component---newResourceUnit--btnAddTimeSegment"}
RESULT: {"using":"css selector","value":"#application-manageresources-display-component---newResourceUnit--btnAddTimeSegment"}
COMMAND: GET /session/6eb241deac570073510706dc7280b28b/element/f.451C0D83FD0E10390ED4567275622C99.d.B2FEA33D959471116F751086D5EB9D3B.e.15009/rect - {}
RESULT: {}
COMMAND: GET /session/6eb241deac570073510706dc7280b28b/window/rect - {}
RESULT: {}
COMMAND: POST /session/6eb241deac570073510706dc7280b28b/execute/sync - {"script":"<script> [92 bytes]","args":[]}
RESULT: {"script":"<script> [92 bytes]","args":[]}
COMMAND: POST /session/6eb241deac570073510706dc7280b28b/actions - {"actions":[{"id":"action51","type":"wheel","parameters":{},"actions":[{"type":"scroll","x":-1888,"y":-32,"deltaX":0,"deltaY":0,"duration":0,"origin":{"element-6066-11e4-a52e-4f735466cecf":"f.451C0D83FD0E10390ED4567275622C99.d.B2FEA33D959471116F751086D5EB9D3B.e.15009"}}]}]}
COMMAND: GET /session/6eb241deac570073510706dc7280b28b/screenshot - {}
RESULT: {}
COMMAND: POST /session/6eb241deac570073510706dc7280b28b/execute/sync - {"script":"<script> [79 bytes]","args":[{"element-6066-11e4-a52e-4f735466cecf":"f.451C0D83FD0E10390ED4567275622C99.d.B2FEA33D959471116F751086D5EB9D3B.e.15009","ELEMENT":"f.451C0D83FD0E10390ED4567275622C99.d.B2FEA33D959471116F751086D5EB9D3B.e.15009"},{"block":"start","inline":"nearest"}]}
RESULT: {"script":"<script> [79 bytes]","args":[{"element-6066-11e4-a52e-4f735466cecf":"f.451C0D83FD0E10390ED4567275622C99.d.B2FEA33D959471116F751086D5EB9D3B.e.15009","ELEMENT":"f.451C0D83FD0E10390ED4567275622C99.d.B2FEA33D959471116F751086D5EB9D3B.e.15009"},{"block":"start","inline":"nearest"}]}
COMMAND: POST /session/6eb241deac570073510706dc7280b28b/execute/async - {"script":"<script> [1562 bytes]","args":[{"selector":{"id":"application-manageresources-display-component---newResourceUnit--btnAddTimeSegment","interaction":{"idSuffix":"inner"}},"wdio_ui5_key":"applicationmanageresources-display-component---newResourceUnit--btnAddTimeSegment"}]}
COMMAND: GET /session/6eb241deac570073510706dc7280b28b/screenshot - {}
RESULT: {"script":"<script> [1562 bytes]","args":[{"selector":{"id":"application-manageresources-display-component---newResourceUnit--btnAddTimeSegment","interaction":{"idSuffix":"inner"}},"wdio_ui5_key":"applicationmanageresources-display-component---newResourceUnit--btnAddTimeSegment"}]}
RESULT: undefined
COMMAND: POST /session/6eb241deac570073510706dc7280b28b/element - {"using":"xpath","value":"//*[@id=\"application-manageresources-display-component---newResourceUnit--btnAddTimeSegment\"]"}
RESULT: {}
RESULT: {"using":"xpath","value":"//*[@id=\"application-manageresources-display-component---newResourceUnit--btnAddTimeSegment\"]"}
COMMAND: POST /session/6eb241deac570073510706dc7280b28b/element/f.451C0D83FD0E10390ED4567275622C99.d.B2FEA33D959471116F751086D5EB9D3B.e.15009/click - {}
RESULT: {}
COMMAND: GET /session/6eb241deac570073510706dc7280b28b/screenshot - {}
RESULT: {}
COMMAND: POST /session/6eb241deac570073510706dc7280b28b/element - {"using":"xpath","value":"//input[@id=\"application-manageresources-display-component---newResourceUnit--idRuTSAdmin-application-manageresources-display-component---newResourceUnit--RUTimeSegment-0-inner\"]"}
RESULT: {"using":"xpath","value":"//input[@id=\"application-manageresources-display-component---newResourceUnit--idRuTSAdmin-application-manageresources-display-component---newResourceUnit--RUTimeSegment-0-inner\"]"}
COMMAND: POST /session/6eb241deac570073510706dc7280b28b/element/f.451C0D83FD0E10390ED4567275622C99.d.B2FEA33D959471116F751086D5EB9D3B.e.15015/clear - {}
RESULT: {}
COMMAND: POST /session/6eb241deac570073510706dc7280b28b/element/f.451C0D83FD0E10390ED4567275622C99.d.B2FEA33D959471116F751086D5EB9D3B.e.15015/value - {"text":"642"}
COMMAND: GET /session/6eb241deac570073510706dc7280b28b/screenshot - {}
RESULT: {"text":"642"}
COMMAND: GET /session/6eb241deac570073510706dc7280b28b/screenshot - {}
RESULT: {}
RESULT: {}
COMMAND: POST /session/6eb241deac570073510706dc7280b28b/element - {"using":"xpath","value":"//li[.//span[text()='642']]"}
RESULT: {"using":"xpath","value":"//li[.//span[text()='642']]"}
COMMAND: POST /session/6eb241deac570073510706dc7280b28b/element/f.451C0D83FD0E10390ED4567275622C99.d.B2FEA33D959471116F751086D5EB9D3B.e.15029/click - {}
RESULT: {}
COMMAND: GET /session/6eb241deac570073510706dc7280b28b/screenshot - {}
RESULT: {}
COMMAND: POST /session/6eb241deac570073510706dc7280b28b/element - {"using":"xpath","value":"(//span[contains(@id, \"-application-manageresources-display-component---newResourceUnit--RUTimeSegment-0-arrow\")])[6]"}
RESULT: {"using":"xpath","value":"(//span[contains(@id, \"-application-manageresources-display-component---newResourceUnit--RUTimeSegment-0-arrow\")])[6]"}
COMMAND: POST /session/6eb241deac570073510706dc7280b28b/element/f.451C0D83FD0E10390ED4567275622C99.d.B2FEA33D959471116F751086D5EB9D3B.e.15030/click - {}
RESULT: {}
COMMAND: GET /session/6eb241deac570073510706dc7280b28b/screenshot - {}
RESULT: {}
COMMAND: POST /session/6eb241deac570073510706dc7280b28b/element - {"using":"xpath","value":"//span[contains(text(), \"PM Order\")]"}
RESULT: {"using":"xpath","value":"//span[contains(text(), \"PM Order\")]"}
COMMAND: POST /session/6eb241deac570073510706dc7280b28b/element/f.451C0D83FD0E10390ED4567275622C99.d.B2FEA33D959471116F751086D5EB9D3B.e.15033/click - {}
RESULT: {}
COMMAND: GET /session/6eb241deac570073510706dc7280b28b/screenshot - {}
RESULT: {}
COMMAND: POST /session/6eb241deac570073510706dc7280b28b/element - {"using":"xpath","value":"(//span[contains(@id ,\"manageresources-display-component---newResourceUnit--RUTimeSegment-0-vhi\")])[1]"}
RESULT: {"using":"xpath","value":"(//span[contains(@id ,\"manageresources-display-component---newResourceUnit--RUTimeSegment-0-vhi\")])[1]"}
COMMAND: GET /session/6eb241deac570073510706dc7280b28b/element/f.451C0D83FD0E10390ED4567275622C99.d.B2FEA33D959471116F751086D5EB9D3B.e.15037/rect - {}
RESULT: {}
COMMAND: GET /session/6eb241deac570073510706dc7280b28b/window/rect - {}
RESULT: {}
COMMAND: POST /session/6eb241deac570073510706dc7280b28b/execute/sync - {"script":"<script> [92 bytes]","args":[]}
RESULT: {"script":"<script> [92 bytes]","args":[]}
COMMAND: POST /session/6eb241deac570073510706dc7280b28b/actions - {"actions":[{"id":"action52","type":"wheel","parameters":{},"actions":[{"type":"scroll","x":-869,"y":-24,"deltaX":0,"deltaY":0,"duration":0,"origin":{"element-6066-11e4-a52e-4f735466cecf":"f.451C0D83FD0E10390ED4567275622C99.d.B2FEA33D959471116F751086D5EB9D3B.e.15037"}}]}]}
COMMAND: GET /session/6eb241deac570073510706dc7280b28b/screenshot - {}
RESULT: {"actions":[{"id":"action52","type":"wheel","parameters":{},"actions":[{"type":"scroll","x":-869,"y":-24,"deltaX":0,"deltaY":0,"duration":0,"origin":{"element-6066-11e4-a52e-4f735466cecf":"f.451C0D83FD0E10390ED4567275622C99.d.B2FEA33D959471116F751086D5EB9D3B.e.15037"}}]}]}
COMMAND: DELETE /session/6eb241deac570073510706dc7280b28b/actions - {}
COMMAND: GET /session/6eb241deac570073510706dc7280b28b/screenshot - {}
RESULT: {}
RESULT: {}
COMMAND: GET /session/6eb241deac570073510706dc7280b28b/screenshot - {}
RESULT: {}
RESULT: {}
COMMAND: POST /session/6eb241deac570073510706dc7280b28b/element/f.451C0D83FD0E10390ED4567275622C99.d.B2FEA33D959471116F751086D5EB9D3B.e.15037/click - {}
RESULT: {}
COMMAND: GET /session/6eb241deac570073510706dc7280b28b/screenshot - {}
RESULT: {}
COMMAND: POST /session/6eb241deac570073510706dc7280b28b/execute/async - {"script":"<script> [1562 bytes]","args":[{"selector":{"controlType":"sap.m.SearchField","properties":{"placeholder":"Search"},"searchOpenDialogs":true,"interaction":{"idSuffix":"I"}},"wdio_ui5_key":"sapm.SearchField{\"placeholder\":\"Search\"}"}]}
RESULT: {"script":"<script> [1562 bytes]","args":[{"selector":{"controlType":"sap.m.SearchField","properties":{"placeholder":"Search"},"searchOpenDialogs":true,"interaction":{"idSuffix":"I"}},"wdio_ui5_key":"sapm.SearchField{\"placeholder\":\"Search\"}"}]}
RESULT: undefined
COMMAND: POST /session/6eb241deac570073510706dc7280b28b/execute/async - {"script":"<script> [776 bytes]","args":[{"enterText":"4000360","selector":{"controlType":"sap.m.SearchField","properties":{"placeholder":"Search"},"searchOpenDialogs":true,"interaction":{"idSuffix":"I"}},"clearTextFirst":true,"interactionType":"ENTER_TEXT"}]}
RESULT: {"script":"<script> [776 bytes]","args":[{"enterText":"4000360","selector":{"controlType":"sap.m.SearchField","properties":{"placeholder":"Search"},"searchOpenDialogs":true,"interaction":{"idSuffix":"I"}},"clearTextFirst":true,"interactionType":"ENTER_TEXT"}]}
COMMAND: POST /session/6eb241deac570073510706dc7280b28b/actions - {"actions":[{"id":"action53","type":"key","parameters":{},"actions":[{"type":"keyDown","value":"î€‡"},{"type":"pause","duration":10},{"type":"keyUp","value":"î€‡"}]}]}
RESULT: {"actions":[{"id":"action53","type":"key","parameters":{},"actions":[{"type":"keyDown","value":"î€‡"},{"type":"pause","duration":10},{"type":"keyUp","value":"î€‡"}]}]}
COMMAND: GET /session/6eb241deac570073510706dc7280b28b/screenshot - {}
RESULT: {}
COMMAND: POST /session/6eb241deac570073510706dc7280b28b/element - {"using":"xpath","value":"//td/div/span[contains(text(), \"BGL Vehicles\")]"}
RESULT: {"using":"xpath","value":"//td/div/span[contains(text(), \"BGL Vehicles\")]"}
COMMAND: POST /session/6eb241deac570073510706dc7280b28b/element/f.451C0D83FD0E10390ED4567275622C99.d.B2FEA33D959471116F751086D5EB9D3B.e.15060/click - {}
RESULT: {}
COMMAND: GET /session/6eb241deac570073510706dc7280b28b/screenshot - {}
RESULT: {}
COMMAND: POST /session/6eb241deac570073510706dc7280b28b/element - {"using":"xpath","value":"//bdi[contains(text(), \"OK\")]"}
RESULT: {"using":"xpath","value":"//bdi[contains(text(), \"OK\")]"}
COMMAND: POST /session/6eb241deac570073510706dc7280b28b/element/f.451C0D83FD0E10390ED4567275622C99.d.B2FEA33D959471116F751086D5EB9D3B.e.15061/click - {}
RESULT: {}
COMMAND: GET /session/6eb241deac570073510706dc7280b28b/screenshot - {}
RESULT: {}
COMMAND: POST /session/6eb241deac570073510706dc7280b28b/execute/async - {"script":"<script> [1562 bytes]","args":[{"selector":{"id":"application-manageresources-display-component---newResourceUnit--newRRUPage-anchBar-application-manageresources-display-component---newResourceUnit--resource-anchor","interaction":{"idSuffix":"BDI-content"}},"wdio_ui5_key":"applicationmanageresources-display-component---newResourceUnit--newRRUPage-anchBar-application-manageresources-display-component---newResourceUnit--resource-anchor"}]}
RESULT: {"script":"<script> [1562 bytes]","args":[{"selector":{"id":"application-manageresources-display-component---newResourceUnit--newRRUPage-anchBar-application-manageresources-display-component---newResourceUnit--resource-anchor","interaction":{"idSuffix":"BDI-content"}},"wdio_ui5_key":"applicationmanageresources-display-component---newResourceUnit--newRRUPage-anchBar-application-manageresources-display-component---newResourceUnit--resource-anchor"}]}
RESULT: undefined
COMMAND: POST /session/6eb241deac570073510706dc7280b28b/element - {"using":"xpath","value":"//*[@id=\"application-manageresources-display-component---newResourceUnit--newRRUPage-anchBar-application-manageresources-display-component---newResourceUnit--resource-anchor\"]"}
RESULT: {"using":"xpath","value":"//*[@id=\"application-manageresources-display-component---newResourceUnit--newRRUPage-anchBar-application-manageresources-display-component---newResourceUnit--resource-anchor\"]"}
COMMAND: POST /session/6eb241deac570073510706dc7280b28b/element/f.451C0D83FD0E10390ED4567275622C99.d.B2FEA33D959471116F751086D5EB9D3B.e.15065/click - {}
RESULT: {}
COMMAND: POST /session/6eb241deac570073510706dc7280b28b/execute/async - {"script":"<script> [1562 bytes]","args":[{"selector":{"id":"application-manageresources-display-component---newResourceUnit--PLANNED_DELIVERY_DATE","interaction":{"idSuffix":"inner"}},"wdio_ui5_key":"applicationmanageresources-display-component---newResourceUnit--PLANNED_DELIVERY_DATE"}]}
COMMAND: GET /session/6eb241deac570073510706dc7280b28b/screenshot - {}
RESULT: {"script":"<script> [1562 bytes]","args":[{"selector":{"id":"application-manageresources-display-component---newResourceUnit--PLANNED_DELIVERY_DATE","interaction":{"idSuffix":"inner"}},"wdio_ui5_key":"applicationmanageresources-display-component---newResourceUnit--PLANNED_DELIVERY_DATE"}]}
RESULT: undefined
COMMAND: POST /session/6eb241deac570073510706dc7280b28b/execute/async - {"script":"<script> [6424 bytes]","args":[{"element-6066-11e4-a52e-4f735466cecf":"f.451C0D83FD0E10390ED4567275622C99.d.B2FEA33D959471116F751086D5EB9D3B.e.14923"},"setValue",["5/6/25"]]}
RESULT: {}
RESULT: {"script":"<script> [6424 bytes]","args":[{"element-6066-11e4-a52e-4f735466cecf":"f.451C0D83FD0E10390ED4567275622C99.d.B2FEA33D959471116F751086D5EB9D3B.e.14923"},"setValue",["5/6/25"]]}
COMMAND: POST /session/6eb241deac570073510706dc7280b28b/element - {"using":"xpath","value":"//label[contains(@class, 'sapMLabelRequired') and .//bdi[contains(text(), 'Planned Retirement')]]"}
RESULT: {"using":"xpath","value":"//label[contains(@class, 'sapMLabelRequired') and .//bdi[contains(text(), 'Planned Retirement')]]"}
COMMAND: POST /session/6eb241deac570073510706dc7280b28b/elements - {"using":"xpath","value":"//label[contains(@class, 'sapMLabelRequired') and .//bdi[contains(text(), 'Planned Retirement')]]"}
RESULT: {"using":"xpath","value":"//label[contains(@class, 'sapMLabelRequired') and .//bdi[contains(text(), 'Planned Retirement')]]"}
COMMAND: POST /session/6eb241deac570073510706dc7280b28b/element - {"using":"xpath","value":"//button[@data-kt=\"resourceUnitSaveButton\"]"}
RESULT: {"using":"xpath","value":"//button[@data-kt=\"resourceUnitSaveButton\"]"}
COMMAND: POST /session/6eb241deac570073510706dc7280b28b/element/f.451C0D83FD0E10390ED4567275622C99.d.B2FEA33D959471116F751086D5EB9D3B.e.14883/click - {}
RESULT: {}
COMMAND: GET /session/6eb241deac570073510706dc7280b28b/screenshot - {}
RESULT: {}
COMMAND: POST /session/6eb241deac570073510706dc7280b28b/element - {"using":"xpath","value":"//bdi[contains(text(), \"Close\")]"}
RESULT: {"using":"xpath","value":"//bdi[contains(text(), \"Close\")]"}
COMMAND: POST /session/6eb241deac570073510706dc7280b28b/element/f.451C0D83FD0E10390ED4567275622C99.d.B2FEA33D959471116F751086D5EB9D3B.e.15074/click - {}
RESULT: {}
COMMAND: GET /session/6eb241deac570073510706dc7280b28b/screenshot - {}
RESULT: {}
COMMAND: POST /session/6eb241deac570073510706dc7280b28b/element - {"using":"xpath","value":"(//button[contains(@id ,\"actionsToolbar-overflowButton\")])[1]"}
RESULT: {"using":"xpath","value":"(//button[contains(@id ,\"actionsToolbar-overflowButton\")])[1]"}
COMMAND: POST /session/6eb241deac570073510706dc7280b28b/element/f.451C0D83FD0E10390ED4567275622C99.d.B2FEA33D959471116F751086D5EB9D3B.e.15104/click - {}
RESULT: {}
COMMAND: GET /session/6eb241deac570073510706dc7280b28b/screenshot - {}
RESULT: {}
COMMAND: POST /session/6eb241deac570073510706dc7280b28b/element - {"using":"xpath","value":"//button[@data-kt=\"priceInfoButton\"]"}
RESULT: {"using":"xpath","value":"//button[@data-kt=\"priceInfoButton\"]"}
COMMAND: POST /session/6eb241deac570073510706dc7280b28b/element/f.451C0D83FD0E10390ED4567275622C99.d.B2FEA33D959471116F751086D5EB9D3B.e.15106/click - {}
RESULT: {}
COMMAND: GET /session/6eb241deac570073510706dc7280b28b/screenshot - {}
]]></system-out>
    </testcase>
    <testcase classname="chrome.135_0_7049_115.windows.Performance_based_billing_(work_days)_US139742" name="Should create a pricing rule perf based on the equipment" time="54.153">
      <system-out><![CDATA[
COMMAND: POST /session/6eb241deac570073510706dc7280b28b/element - {"using":"xpath","value":"//button[@data-kt=\"addButton\"]"}
RESULT: {}
RESULT: {"using":"xpath","value":"//button[@data-kt=\"addButton\"]"}
COMMAND: POST /session/6eb241deac570073510706dc7280b28b/elements - {"using":"xpath","value":"//button[@data-kt=\"addButton\"]"}
RESULT: {"using":"xpath","value":"//button[@data-kt=\"addButton\"]"}
COMMAND: POST /session/6eb241deac570073510706dc7280b28b/execute/sync - {"script":"<script> [8489 bytes]","args":[{"element-6066-11e4-a52e-4f735466cecf":"f.451C0D83FD0E10390ED4567275622C99.d.B2FEA33D959471116F751086D5EB9D3B.e.15138","ELEMENT":"f.451C0D83FD0E10390ED4567275622C99.d.B2FEA33D959471116F751086D5EB9D3B.e.15138"}]}
RESULT: {"script":"<script> [8489 bytes]","args":[{"element-6066-11e4-a52e-4f735466cecf":"f.451C0D83FD0E10390ED4567275622C99.d.B2FEA33D959471116F751086D5EB9D3B.e.15138","ELEMENT":"f.451C0D83FD0E10390ED4567275622C99.d.B2FEA33D959471116F751086D5EB9D3B.e.15138"}]}
COMMAND: GET /session/6eb241deac570073510706dc7280b28b/element/f.451C0D83FD0E10390ED4567275622C99.d.B2FEA33D959471116F751086D5EB9D3B.e.15138/enabled - {}
COMMAND: GET /session/6eb241deac570073510706dc7280b28b/screenshot - {}
RESULT: {}
COMMAND: POST /session/6eb241deac570073510706dc7280b28b/execute/sync - {"script":"<script> [8489 bytes]","args":[{"element-6066-11e4-a52e-4f735466cecf":"f.451C0D83FD0E10390ED4567275622C99.d.B2FEA33D959471116F751086D5EB9D3B.e.15138","ELEMENT":"f.451C0D83FD0E10390ED4567275622C99.d.B2FEA33D959471116F751086D5EB9D3B.e.15138"}]}
COMMAND: GET /session/6eb241deac570073510706dc7280b28b/screenshot - {}
RESULT: {}
RESULT: {"script":"<script> [8489 bytes]","args":[{"element-6066-11e4-a52e-4f735466cecf":"f.451C0D83FD0E10390ED4567275622C99.d.B2FEA33D959471116F751086D5EB9D3B.e.15138","ELEMENT":"f.451C0D83FD0E10390ED4567275622C99.d.B2FEA33D959471116F751086D5EB9D3B.e.15138"}]}
COMMAND: POST /session/6eb241deac570073510706dc7280b28b/execute/sync - {"script":"<script> [5351 bytes]","args":[{"element-6066-11e4-a52e-4f735466cecf":"f.451C0D83FD0E10390ED4567275622C99.d.B2FEA33D959471116F751086D5EB9D3B.e.15138","ELEMENT":"f.451C0D83FD0E10390ED4567275622C99.d.B2FEA33D959471116F751086D5EB9D3B.e.15138"}]}
COMMAND: GET /session/6eb241deac570073510706dc7280b28b/screenshot - {}
RESULT: {}
RESULT: {"script":"<script> [5351 bytes]","args":[{"element-6066-11e4-a52e-4f735466cecf":"f.451C0D83FD0E10390ED4567275622C99.d.B2FEA33D959471116F751086D5EB9D3B.e.15138","ELEMENT":"f.451C0D83FD0E10390ED4567275622C99.d.B2FEA33D959471116F751086D5EB9D3B.e.15138"}]}
COMMAND: POST /session/6eb241deac570073510706dc7280b28b/element/f.451C0D83FD0E10390ED4567275622C99.d.B2FEA33D959471116F751086D5EB9D3B.e.15138/click - {}
COMMAND: GET /session/6eb241deac570073510706dc7280b28b/screenshot - {}
RESULT: {}
RESULT: {}
COMMAND: GET /session/6eb241deac570073510706dc7280b28b/screenshot - {}
RESULT: {}
RESULT: {}
COMMAND: POST /session/6eb241deac570073510706dc7280b28b/execute/async - {"script":"<script> [1562 bytes]","args":[{"selector":{"controlType":"sap.m.Title","viewName":"etm.portal.ui.managepricingrules.view.NewItem","viewId":"application-managepricingrules-display-component---newInfoPriceItem","properties":{"text":"New Pricing Rules - Item Level"}},"wdio_ui5_key":"etmportal.ui.managepricingrules.view.NewItemsap.m.Title{\"text\":\"New Pricing Rules - Item Level\"}"}]}
RESULT: {"script":"<script> [1562 bytes]","args":[{"selector":{"controlType":"sap.m.Title","viewName":"etm.portal.ui.managepricingrules.view.NewItem","viewId":"application-managepricingrules-display-component---newInfoPriceItem","properties":{"text":"New Pricing Rules - Item Level"}},"wdio_ui5_key":"etmportal.ui.managepricingrules.view.NewItemsap.m.Title{\"text\":\"New Pricing Rules - Item Level\"}"}]}
RESULT: undefined
COMMAND: POST /session/6eb241deac570073510706dc7280b28b/execute/async - {"script":"<script> [6424 bytes]","args":[{"element-6066-11e4-a52e-4f735466cecf":"f.451C0D83FD0E10390ED4567275622C99.d.B2FEA33D959471116F751086D5EB9D3B.e.15216"},"getText",[]]}
RESULT: {"script":"<script> [6424 bytes]","args":[{"element-6066-11e4-a52e-4f735466cecf":"f.451C0D83FD0E10390ED4567275622C99.d.B2FEA33D959471116F751086D5EB9D3B.e.15216"},"getText",[]]}
COMMAND: POST /session/6eb241deac570073510706dc7280b28b/execute/async - {"script":"<script> [1562 bytes]","args":[{"selector":{"id":"application-managepricingrules-display-component---newInfoPriceItem--condValidTo","interaction":{"idSuffix":"inner"}},"wdio_ui5_key":"applicationmanagepricingrules-display-component---newInfoPriceItem--condValidTo"}]}
RESULT: {"script":"<script> [1562 bytes]","args":[{"selector":{"id":"application-managepricingrules-display-component---newInfoPriceItem--condValidTo","interaction":{"idSuffix":"inner"}},"wdio_ui5_key":"applicationmanagepricingrules-display-component---newInfoPriceItem--condValidTo"}]}
RESULT: undefined
COMMAND: POST /session/6eb241deac570073510706dc7280b28b/execute/async - {"script":"<script> [776 bytes]","args":[{"enterText":"01/06/26","selector":{"id":"application-managepricingrules-display-component---newInfoPriceItem--condValidTo","interaction":{"idSuffix":"inner"}},"clearTextFirst":true,"interactionType":"ENTER_TEXT"}]}
RESULT: {"script":"<script> [776 bytes]","args":[{"enterText":"01/06/26","selector":{"id":"application-managepricingrules-display-component---newInfoPriceItem--condValidTo","interaction":{"idSuffix":"inner"}},"clearTextFirst":true,"interactionType":"ENTER_TEXT"}]}
COMMAND: POST /session/6eb241deac570073510706dc7280b28b/execute/async - {"script":"<script> [1562 bytes]","args":[{"selector":{"id":"application-managepricingrules-display-component---newInfoPriceItem--billType-arrow"},"wdio_ui5_key":"applicationmanagepricingrules-display-component---newInfoPriceItem--billType-arrow"}]}
RESULT: {"script":"<script> [1562 bytes]","args":[{"selector":{"id":"application-managepricingrules-display-component---newInfoPriceItem--billType-arrow"},"wdio_ui5_key":"applicationmanagepricingrules-display-component---newInfoPriceItem--billType-arrow"}]}
RESULT: undefined
COMMAND: POST /session/6eb241deac570073510706dc7280b28b/element - {"using":"xpath","value":"//*[@id=\"application-managepricingrules-display-component---newInfoPriceItem--billType-arrow\"]"}
RESULT: {"using":"xpath","value":"//*[@id=\"application-managepricingrules-display-component---newInfoPriceItem--billType-arrow\"]"}
COMMAND: POST /session/6eb241deac570073510706dc7280b28b/element/f.451C0D83FD0E10390ED4567275622C99.d.B2FEA33D959471116F751086D5EB9D3B.e.15273/click - {}
RESULT: {}
COMMAND: POST /session/6eb241deac570073510706dc7280b28b/element - {"using":"xpath","value":"//span[contains(text(), \"PB - Performance based\")]"}
COMMAND: GET /session/6eb241deac570073510706dc7280b28b/screenshot - {}
RESULT: {"using":"xpath","value":"//span[contains(text(), \"PB - Performance based\")]"}
COMMAND: POST /session/6eb241deac570073510706dc7280b28b/element/f.451C0D83FD0E10390ED4567275622C99.d.B2FEA33D959471116F751086D5EB9D3B.e.15315/click - {}
RESULT: {}
RESULT: {}
COMMAND: POST /session/6eb241deac570073510706dc7280b28b/execute/async - {"script":"<script> [1562 bytes]","args":[{"selector":{"id":"application-managepricingrules-display-component---newInfoPriceItem--priceProc-arrow"},"wdio_ui5_key":"applicationmanagepricingrules-display-component---newInfoPriceItem--priceProc-arrow"}]}
COMMAND: GET /session/6eb241deac570073510706dc7280b28b/screenshot - {}
RESULT: {"script":"<script> [1562 bytes]","args":[{"selector":{"id":"application-managepricingrules-display-component---newInfoPriceItem--priceProc-arrow"},"wdio_ui5_key":"applicationmanagepricingrules-display-component---newInfoPriceItem--priceProc-arrow"}]}
RESULT: undefined
COMMAND: POST /session/6eb241deac570073510706dc7280b28b/element - {"using":"xpath","value":"//*[@id=\"application-managepricingrules-display-component---newInfoPriceItem--priceProc-arrow\"]"}
RESULT: {}
RESULT: {"using":"xpath","value":"//*[@id=\"application-managepricingrules-display-component---newInfoPriceItem--priceProc-arrow\"]"}
COMMAND: POST /session/6eb241deac570073510706dc7280b28b/element/f.451C0D83FD0E10390ED4567275622C99.d.B2FEA33D959471116F751086D5EB9D3B.e.15280/click - {}
RESULT: {}
COMMAND: POST /session/6eb241deac570073510706dc7280b28b/element - {"using":"xpath","value":"//span[contains(text(), \"PRF - Performance based\")]"}
COMMAND: GET /session/6eb241deac570073510706dc7280b28b/screenshot - {}
RESULT: {"using":"xpath","value":"//span[contains(text(), \"PRF - Performance based\")]"}
COMMAND: POST /session/6eb241deac570073510706dc7280b28b/element/f.451C0D83FD0E10390ED4567275622C99.d.B2FEA33D959471116F751086D5EB9D3B.e.15316/click - {}
RESULT: {}
RESULT: {}
COMMAND: POST /session/6eb241deac570073510706dc7280b28b/execute/async - {"script":"<script> [1562 bytes]","args":[{"selector":{"id":"application-managepricingrules-display-component---newInfoPriceItem--calcBase-arrow"},"wdio_ui5_key":"applicationmanagepricingrules-display-component---newInfoPriceItem--calcBase-arrow"}]}
COMMAND: GET /session/6eb241deac570073510706dc7280b28b/screenshot - {}
RESULT: {"script":"<script> [1562 bytes]","args":[{"selector":{"id":"application-managepricingrules-display-component---newInfoPriceItem--calcBase-arrow"},"wdio_ui5_key":"applicationmanagepricingrules-display-component---newInfoPriceItem--calcBase-arrow"}]}
RESULT: undefined
COMMAND: POST /session/6eb241deac570073510706dc7280b28b/element - {"using":"xpath","value":"//*[@id=\"application-managepricingrules-display-component---newInfoPriceItem--calcBase-arrow\"]"}
RESULT: {}
RESULT: {"using":"xpath","value":"//*[@id=\"application-managepricingrules-display-component---newInfoPriceItem--calcBase-arrow\"]"}
COMMAND: POST /session/6eb241deac570073510706dc7280b28b/element/f.451C0D83FD0E10390ED4567275622C99.d.B2FEA33D959471116F751086D5EB9D3B.e.15287/click - {}
RESULT: {}
COMMAND: GET /session/6eb241deac570073510706dc7280b28b/screenshot - {}
RESULT: {}
COMMAND: POST /session/6eb241deac570073510706dc7280b28b/element - {"using":"xpath","value":"//span[contains(text(), \"0007 - PB(work days)\")]"}
RESULT: {"using":"xpath","value":"//span[contains(text(), \"0007 - PB(work days)\")]"}
COMMAND: POST /session/6eb241deac570073510706dc7280b28b/element/f.451C0D83FD0E10390ED4567275622C99.d.B2FEA33D959471116F751086D5EB9D3B.e.15317/click - {}
RESULT: {}
COMMAND: GET /session/6eb241deac570073510706dc7280b28b/screenshot - {}
RESULT: {}
COMMAND: POST /session/6eb241deac570073510706dc7280b28b/execute/async - {"script":"<script> [1562 bytes]","args":[{"selector":{"id":"application-managepricingrules-display-component---newInfoPriceItem--hoursMonth","interaction":{"idSuffix":"inner"}},"wdio_ui5_key":"applicationmanagepricingrules-display-component---newInfoPriceItem--hoursMonth"}]}
RESULT: {"script":"<script> [1562 bytes]","args":[{"selector":{"id":"application-managepricingrules-display-component---newInfoPriceItem--hoursMonth","interaction":{"idSuffix":"inner"}},"wdio_ui5_key":"applicationmanagepricingrules-display-component---newInfoPriceItem--hoursMonth"}]}
RESULT: undefined
COMMAND: POST /session/6eb241deac570073510706dc7280b28b/execute/async - {"script":"<script> [776 bytes]","args":[{"enterText":"160","selector":{"id":"application-managepricingrules-display-component---newInfoPriceItem--hoursMonth","interaction":{"idSuffix":"inner"}},"clearTextFirst":true,"interactionType":"ENTER_TEXT"}]}
RESULT: {"script":"<script> [776 bytes]","args":[{"enterText":"160","selector":{"id":"application-managepricingrules-display-component---newInfoPriceItem--hoursMonth","interaction":{"idSuffix":"inner"}},"clearTextFirst":true,"interactionType":"ENTER_TEXT"}]}
COMMAND: POST /session/6eb241deac570073510706dc7280b28b/element - {"using":"xpath","value":"//button[@data-kt=\"saveNewRuleButton\"]"}
RESULT: {"using":"xpath","value":"//button[@data-kt=\"saveNewRuleButton\"]"}
COMMAND: POST /session/6eb241deac570073510706dc7280b28b/element/f.451C0D83FD0E10390ED4567275622C99.d.B2FEA33D959471116F751086D5EB9D3B.e.15308/click - {}
RESULT: {}
COMMAND: GET /session/6eb241deac570073510706dc7280b28b/screenshot - {}
RESULT: {}
COMMAND: POST /session/6eb241deac570073510706dc7280b28b/execute/async - {"script":"<script> [1562 bytes]","args":[{"selector":{"id":"application-managepricingrules-display-component---priceInfoItem--smartFilterBar-btnBasicSearch","interaction":{"idSuffix":"I"}},"wdio_ui5_key":"applicationmanagepricingrules-display-component---priceInfoItem--smartFilterBar-btnBasicSearch"}]}
RESULT: {"script":"<script> [1562 bytes]","args":[{"selector":{"id":"application-managepricingrules-display-component---priceInfoItem--smartFilterBar-btnBasicSearch","interaction":{"idSuffix":"I"}},"wdio_ui5_key":"applicationmanagepricingrules-display-component---priceInfoItem--smartFilterBar-btnBasicSearch"}]}
RESULT: undefined
COMMAND: POST /session/6eb241deac570073510706dc7280b28b/execute/async - {"script":"<script> [776 bytes]","args":[{"enterText":"3jmRsoQJFA","selector":{"id":"application-managepricingrules-display-component---priceInfoItem--smartFilterBar-btnBasicSearch","interaction":{"idSuffix":"I"}},"clearTextFirst":true,"interactionType":"ENTER_TEXT"}]}
RESULT: {"script":"<script> [776 bytes]","args":[{"enterText":"3jmRsoQJFA","selector":{"id":"application-managepricingrules-display-component---priceInfoItem--smartFilterBar-btnBasicSearch","interaction":{"idSuffix":"I"}},"clearTextFirst":true,"interactionType":"ENTER_TEXT"}]}
COMMAND: POST /session/6eb241deac570073510706dc7280b28b/actions - {"actions":[{"id":"action54","type":"key","parameters":{},"actions":[{"type":"keyDown","value":"î€‡"},{"type":"pause","duration":10},{"type":"keyUp","value":"î€‡"}]}]}
RESULT: {"actions":[{"id":"action54","type":"key","parameters":{},"actions":[{"type":"keyDown","value":"î€‡"},{"type":"pause","duration":10},{"type":"keyUp","value":"î€‡"}]}]}
COMMAND: GET /session/6eb241deac570073510706dc7280b28b/screenshot - {}
RESULT: {}
COMMAND: POST /session/6eb241deac570073510706dc7280b28b/element - {"using":"xpath","value":"//span[@id=\"application-managepricingrules-display-component---priceInfoItem--smartTable-header-inner\"]"}
RESULT: {"using":"xpath","value":"//span[@id=\"application-managepricingrules-display-component---priceInfoItem--smartTable-header-inner\"]"}
COMMAND: POST /session/6eb241deac570073510706dc7280b28b/elements - {"using":"xpath","value":"//span[@id=\"application-managepricingrules-display-component---priceInfoItem--smartTable-header-inner\"]"}
RESULT: {"using":"xpath","value":"//span[@id=\"application-managepricingrules-display-component---priceInfoItem--smartTable-header-inner\"]"}
COMMAND: POST /session/6eb241deac570073510706dc7280b28b/execute/sync - {"script":"<script> [56 bytes]","args":[{"element-6066-11e4-a52e-4f735466cecf":"f.451C0D83FD0E10390ED4567275622C99.d.B2FEA33D959471116F751086D5EB9D3B.e.15342","ELEMENT":"f.451C0D83FD0E10390ED4567275622C99.d.B2FEA33D959471116F751086D5EB9D3B.e.15342"}]}
RESULT: {"script":"<script> [56 bytes]","args":[{"element-6066-11e4-a52e-4f735466cecf":"f.451C0D83FD0E10390ED4567275622C99.d.B2FEA33D959471116F751086D5EB9D3B.e.15342","ELEMENT":"f.451C0D83FD0E10390ED4567275622C99.d.B2FEA33D959471116F751086D5EB9D3B.e.15342"}]}
COMMAND: POST /session/6eb241deac570073510706dc7280b28b/element - {"using":"css selector","value":"#shell-header-logo"}
COMMAND: GET /session/6eb241deac570073510706dc7280b28b/screenshot - {}
RESULT: {"using":"css selector","value":"#shell-header-logo"}
COMMAND: POST /session/6eb241deac570073510706dc7280b28b/element/f.451C0D83FD0E10390ED4567275622C99.d.B2FEA33D959471116F751086D5EB9D3B.e.14476/click - {}
RESULT: {}
RESULT: {}
COMMAND: GET /session/6eb241deac570073510706dc7280b28b/screenshot - {}
RESULT: {}
]]></system-out>
    </testcase>
    <testcase classname="chrome.135_0_7049_115.windows.Performance_based_billing_(work_days)_US139742" name="Should create a performance based billing condition on the equipment" time="73.854">
      <system-out><![CDATA[
COMMAND: POST /session/6eb241deac570073510706dc7280b28b/execute/async - {"script":"<script> [1562 bytes]","args":[{"selector":{"controlType":"sap.m.Text","properties":{"text":"Manage Conditions & Prices"},"interaction":{"idSuffix":"inner"}},"wdio_ui5_key":"sapm.Text{\"text\":\"Manage Conditions & Prices\"}"}]}
RESULT: {"script":"<script> [1562 bytes]","args":[{"selector":{"controlType":"sap.m.Text","properties":{"text":"Manage Conditions & Prices"},"interaction":{"idSuffix":"inner"}},"wdio_ui5_key":"sapm.Text{\"text\":\"Manage Conditions & Prices\"}"}]}
RESULT: undefined
COMMAND: POST /session/6eb241deac570073510706dc7280b28b/element - {"using":"xpath","value":"//*[@id=\"__tile53-title\"]"}
RESULT: {"using":"xpath","value":"//*[@id=\"__tile53-title\"]"}
COMMAND: POST /session/6eb241deac570073510706dc7280b28b/element/f.451C0D83FD0E10390ED4567275622C99.d.B2FEA33D959471116F751086D5EB9D3B.e.15345/click - {}
RESULT: {}
COMMAND: POST /session/6eb241deac570073510706dc7280b28b/element - {"using":"xpath","value":"//button[@aria-label=\"Create\"]"}
COMMAND: GET /session/6eb241deac570073510706dc7280b28b/screenshot - {}
RESULT: {}
RESULT: {"using":"xpath","value":"//button[@aria-label=\"Create\"]"}
COMMAND: POST /session/6eb241deac570073510706dc7280b28b/elements - {"using":"xpath","value":"//button[@aria-label=\"Create\"]"}
RESULT: {"using":"xpath","value":"//button[@aria-label=\"Create\"]"}
COMMAND: POST /session/6eb241deac570073510706dc7280b28b/elements - {"using":"xpath","value":"//button[@aria-label=\"Create\"]"}
RESULT: {"using":"xpath","value":"//button[@aria-label=\"Create\"]"}
COMMAND: POST /session/6eb241deac570073510706dc7280b28b/element - {"using":"xpath","value":"//button[@aria-label=\"Create\"]"}
RESULT: {"using":"xpath","value":"//button[@aria-label=\"Create\"]"}
COMMAND: POST /session/6eb241deac570073510706dc7280b28b/execute/sync - {"script":"<script> [8489 bytes]","args":[{"element-6066-11e4-a52e-4f735466cecf":"f.451C0D83FD0E10390ED4567275622C99.d.B2FEA33D959471116F751086D5EB9D3B.e.15380","ELEMENT":"f.451C0D83FD0E10390ED4567275622C99.d.B2FEA33D959471116F751086D5EB9D3B.e.15380"}]}
RESULT: {"script":"<script> [8489 bytes]","args":[{"element-6066-11e4-a52e-4f735466cecf":"f.451C0D83FD0E10390ED4567275622C99.d.B2FEA33D959471116F751086D5EB9D3B.e.15380","ELEMENT":"f.451C0D83FD0E10390ED4567275622C99.d.B2FEA33D959471116F751086D5EB9D3B.e.15380"}]}
COMMAND: GET /session/6eb241deac570073510706dc7280b28b/element/f.451C0D83FD0E10390ED4567275622C99.d.B2FEA33D959471116F751086D5EB9D3B.e.15380/enabled - {}
COMMAND: GET /session/6eb241deac570073510706dc7280b28b/screenshot - {}
RESULT: {}
COMMAND: POST /session/6eb241deac570073510706dc7280b28b/execute/sync - {"script":"<script> [8489 bytes]","args":[{"element-6066-11e4-a52e-4f735466cecf":"f.451C0D83FD0E10390ED4567275622C99.d.B2FEA33D959471116F751086D5EB9D3B.e.15380","ELEMENT":"f.451C0D83FD0E10390ED4567275622C99.d.B2FEA33D959471116F751086D5EB9D3B.e.15380"}]}
COMMAND: GET /session/6eb241deac570073510706dc7280b28b/screenshot - {}
RESULT: {}
RESULT: {"script":"<script> [8489 bytes]","args":[{"element-6066-11e4-a52e-4f735466cecf":"f.451C0D83FD0E10390ED4567275622C99.d.B2FEA33D959471116F751086D5EB9D3B.e.15380","ELEMENT":"f.451C0D83FD0E10390ED4567275622C99.d.B2FEA33D959471116F751086D5EB9D3B.e.15380"}]}
COMMAND: POST /session/6eb241deac570073510706dc7280b28b/execute/sync - {"script":"<script> [5351 bytes]","args":[{"element-6066-11e4-a52e-4f735466cecf":"f.451C0D83FD0E10390ED4567275622C99.d.B2FEA33D959471116F751086D5EB9D3B.e.15380","ELEMENT":"f.451C0D83FD0E10390ED4567275622C99.d.B2FEA33D959471116F751086D5EB9D3B.e.15380"}]}
COMMAND: GET /session/6eb241deac570073510706dc7280b28b/screenshot - {}
RESULT: {}
RESULT: {"script":"<script> [5351 bytes]","args":[{"element-6066-11e4-a52e-4f735466cecf":"f.451C0D83FD0E10390ED4567275622C99.d.B2FEA33D959471116F751086D5EB9D3B.e.15380","ELEMENT":"f.451C0D83FD0E10390ED4567275622C99.d.B2FEA33D959471116F751086D5EB9D3B.e.15380"}]}
COMMAND: POST /session/6eb241deac570073510706dc7280b28b/element/f.451C0D83FD0E10390ED4567275622C99.d.B2FEA33D959471116F751086D5EB9D3B.e.15380/click - {}
COMMAND: GET /session/6eb241deac570073510706dc7280b28b/screenshot - {}
RESULT: {}
RESULT: {}
COMMAND: GET /session/6eb241deac570073510706dc7280b28b/screenshot - {}
RESULT: {}
RESULT: {}
COMMAND: POST /session/6eb241deac570073510706dc7280b28b/actions - {"actions":[{"id":"action55","type":"key","parameters":{},"actions":[{"type":"keyDown","value":"î€‡"},{"type":"pause","duration":10},{"type":"keyUp","value":"î€‡"}]}]}
RESULT: {"actions":[{"id":"action55","type":"key","parameters":{},"actions":[{"type":"keyDown","value":"î€‡"},{"type":"pause","duration":10},{"type":"keyUp","value":"î€‡"}]}]}
COMMAND: GET /session/6eb241deac570073510706dc7280b28b/screenshot - {}
RESULT: {}
COMMAND: POST /session/6eb241deac570073510706dc7280b28b/execute/async - {"script":"<script> [1562 bytes]","args":[{"selector":{"id":"application-manageconditionprice-display-component---newCondition--condBillCond-arrow"},"wdio_ui5_key":"applicationmanageconditionprice-display-component---newCondition--condBillCond-arrow"}]}
RESULT: {"script":"<script> [1562 bytes]","args":[{"selector":{"id":"application-manageconditionprice-display-component---newCondition--condBillCond-arrow"},"wdio_ui5_key":"applicationmanageconditionprice-display-component---newCondition--condBillCond-arrow"}]}
RESULT: undefined
COMMAND: POST /session/6eb241deac570073510706dc7280b28b/element - {"using":"xpath","value":"//*[@id=\"application-manageconditionprice-display-component---newCondition--condBillCond-arrow\"]"}
RESULT: {"using":"xpath","value":"//*[@id=\"application-manageconditionprice-display-component---newCondition--condBillCond-arrow\"]"}
COMMAND: POST /session/6eb241deac570073510706dc7280b28b/element/f.451C0D83FD0E10390ED4567275622C99.d.B2FEA33D959471116F751086D5EB9D3B.e.15555/click - {}
RESULT: {}
COMMAND: GET /session/6eb241deac570073510706dc7280b28b/screenshot - {}
RESULT: {}
COMMAND: POST /session/6eb241deac570073510706dc7280b28b/element - {"using":"xpath","value":"//li[.//span[contains(text(), \"PC06 - Performance Price - fuel\")]]"}
RESULT: {"using":"xpath","value":"//li[.//span[contains(text(), \"PC06 - Performance Price - fuel\")]]"}
COMMAND: POST /session/6eb241deac570073510706dc7280b28b/element/f.451C0D83FD0E10390ED4567275622C99.d.B2FEA33D959471116F751086D5EB9D3B.e.15558/click - {}
RESULT: {}
COMMAND: GET /session/6eb241deac570073510706dc7280b28b/screenshot - {}
RESULT: {}
COMMAND: POST /session/6eb241deac570073510706dc7280b28b/execute/async - {"script":"<script> [1562 bytes]","args":[{"selector":{"id":"application-manageconditionprice-display-component---newCondition--condValidTo","interaction":{"idSuffix":"inner"}},"wdio_ui5_key":"applicationmanageconditionprice-display-component---newCondition--condValidTo"}]}
RESULT: {"script":"<script> [1562 bytes]","args":[{"selector":{"id":"application-manageconditionprice-display-component---newCondition--condValidTo","interaction":{"idSuffix":"inner"}},"wdio_ui5_key":"applicationmanageconditionprice-display-component---newCondition--condValidTo"}]}
RESULT: undefined
COMMAND: POST /session/6eb241deac570073510706dc7280b28b/execute/async - {"script":"<script> [776 bytes]","args":[{"enterText":"01/06/26","selector":{"id":"application-manageconditionprice-display-component---newCondition--condValidTo","interaction":{"idSuffix":"inner"}},"clearTextFirst":true,"interactionType":"ENTER_TEXT"}]}
RESULT: {"script":"<script> [776 bytes]","args":[{"enterText":"01/06/26","selector":{"id":"application-manageconditionprice-display-component---newCondition--condValidTo","interaction":{"idSuffix":"inner"}},"clearTextFirst":true,"interactionType":"ENTER_TEXT"}]}
COMMAND: POST /session/6eb241deac570073510706dc7280b28b/element - {"using":"xpath","value":"//input[@id=\"application-manageconditionprice-display-component---newCondition--condRU-inner\"]"}
RESULT: {"using":"xpath","value":"//input[@id=\"application-manageconditionprice-display-component---newCondition--condRU-inner\"]"}
COMMAND: POST /session/6eb241deac570073510706dc7280b28b/element/f.451C0D83FD0E10390ED4567275622C99.d.B2FEA33D959471116F751086D5EB9D3B.e.15425/clear - {}
RESULT: {}
COMMAND: POST /session/6eb241deac570073510706dc7280b28b/element/f.451C0D83FD0E10390ED4567275622C99.d.B2FEA33D959471116F751086D5EB9D3B.e.15425/value - {"text":"3jmRsoQJFA"}
COMMAND: GET /session/6eb241deac570073510706dc7280b28b/screenshot - {}
RESULT: {"text":"3jmRsoQJFA"}
COMMAND: GET /session/6eb241deac570073510706dc7280b28b/screenshot - {}
RESULT: {}
RESULT: {}
COMMAND: POST /session/6eb241deac570073510706dc7280b28b/actions - {"actions":[{"id":"action56","type":"key","parameters":{},"actions":[{"type":"keyDown","value":"î€‡"},{"type":"pause","duration":10},{"type":"keyUp","value":"î€‡"}]}]}
RESULT: {"actions":[{"id":"action56","type":"key","parameters":{},"actions":[{"type":"keyDown","value":"î€‡"},{"type":"pause","duration":10},{"type":"keyUp","value":"î€‡"}]}]}
COMMAND: POST /session/6eb241deac570073510706dc7280b28b/execute/async - {"script":"<script> [1562 bytes]","args":[{"selector":{"id":"application-manageconditionprice-display-component---newCondition--condBaseQty","interaction":{"idSuffix":"inner"}},"wdio_ui5_key":"applicationmanageconditionprice-display-component---newCondition--condBaseQty"}]}
COMMAND: GET /session/6eb241deac570073510706dc7280b28b/screenshot - {}
RESULT: {"script":"<script> [1562 bytes]","args":[{"selector":{"id":"application-manageconditionprice-display-component---newCondition--condBaseQty","interaction":{"idSuffix":"inner"}},"wdio_ui5_key":"applicationmanageconditionprice-display-component---newCondition--condBaseQty"}]}
RESULT: undefined
COMMAND: POST /session/6eb241deac570073510706dc7280b28b/execute/async - {"script":"<script> [776 bytes]","args":[{"enterText":"1","selector":{"id":"application-manageconditionprice-display-component---newCondition--condBaseQty","interaction":{"idSuffix":"inner"}},"clearTextFirst":true,"interactionType":"ENTER_TEXT"}]}
RESULT: {}
RESULT: {"script":"<script> [776 bytes]","args":[{"enterText":"1","selector":{"id":"application-manageconditionprice-display-component---newCondition--condBaseQty","interaction":{"idSuffix":"inner"}},"clearTextFirst":true,"interactionType":"ENTER_TEXT"}]}
COMMAND: POST /session/6eb241deac570073510706dc7280b28b/execute/async - {"script":"<script> [1562 bytes]","args":[{"selector":{"id":"application-manageconditionprice-display-component---newCondition--condValue","interaction":{"idSuffix":"inner"}},"wdio_ui5_key":"applicationmanageconditionprice-display-component---newCondition--condValue"}]}
RESULT: {"script":"<script> [1562 bytes]","args":[{"selector":{"id":"application-manageconditionprice-display-component---newCondition--condValue","interaction":{"idSuffix":"inner"}},"wdio_ui5_key":"applicationmanageconditionprice-display-component---newCondition--condValue"}]}
RESULT: undefined
COMMAND: POST /session/6eb241deac570073510706dc7280b28b/execute/async - {"script":"<script> [776 bytes]","args":[{"enterText":"10","selector":{"id":"application-manageconditionprice-display-component---newCondition--condValue","interaction":{"idSuffix":"inner"}},"clearTextFirst":true,"interactionType":"ENTER_TEXT"}]}
RESULT: {"script":"<script> [776 bytes]","args":[{"enterText":"10","selector":{"id":"application-manageconditionprice-display-component---newCondition--condValue","interaction":{"idSuffix":"inner"}},"clearTextFirst":true,"interactionType":"ENTER_TEXT"}]}
COMMAND: POST /session/6eb241deac570073510706dc7280b28b/execute/async - {"script":"<script> [1562 bytes]","args":[{"selector":{"id":"application-manageconditionprice-display-component---newCondition--condCurr-arrow"},"wdio_ui5_key":"applicationmanageconditionprice-display-component---newCondition--condCurr-arrow"}]}
RESULT: {"script":"<script> [1562 bytes]","args":[{"selector":{"id":"application-manageconditionprice-display-component---newCondition--condCurr-arrow"},"wdio_ui5_key":"applicationmanageconditionprice-display-component---newCondition--condCurr-arrow"}]}
RESULT: undefined
COMMAND: POST /session/6eb241deac570073510706dc7280b28b/element - {"using":"xpath","value":"//*[@id=\"application-manageconditionprice-display-component---newCondition--condCurr-arrow\"]"}
RESULT: {"using":"xpath","value":"//*[@id=\"application-manageconditionprice-display-component---newCondition--condCurr-arrow\"]"}
COMMAND: POST /session/6eb241deac570073510706dc7280b28b/element/f.451C0D83FD0E10390ED4567275622C99.d.B2FEA33D959471116F751086D5EB9D3B.e.15517/click - {}
RESULT: {}
COMMAND: POST /session/6eb241deac570073510706dc7280b28b/element - {"using":"xpath","value":"//span[contains(text(), \"Euro\")]"}
COMMAND: GET /session/6eb241deac570073510706dc7280b28b/screenshot - {}
RESULT: {"using":"xpath","value":"//span[contains(text(), \"Euro\")]"}
COMMAND: POST /session/6eb241deac570073510706dc7280b28b/element/f.451C0D83FD0E10390ED4567275622C99.d.B2FEA33D959471116F751086D5EB9D3B.e.15593/click - {}
RESULT: {}
RESULT: {}
COMMAND: POST /session/6eb241deac570073510706dc7280b28b/element - {"using":"xpath","value":"//button[@data-kt=\"saveButton\"]"}
COMMAND: GET /session/6eb241deac570073510706dc7280b28b/screenshot - {}
RESULT: {"using":"xpath","value":"//button[@data-kt=\"saveButton\"]"}
COMMAND: POST /session/6eb241deac570073510706dc7280b28b/element/f.451C0D83FD0E10390ED4567275622C99.d.B2FEA33D959471116F751086D5EB9D3B.e.15518/click - {}
RESULT: {}
RESULT: {}
COMMAND: GET /session/6eb241deac570073510706dc7280b28b/screenshot - {}
RESULT: {}
COMMAND: POST /session/6eb241deac570073510706dc7280b28b/execute/async - {"script":"<script> [1562 bytes]","args":[{"selector":{"id":"application-manageconditionprice-display-component---conditions--smartFilterBar-btnBasicSearch","interaction":{"idSuffix":"I"}},"wdio_ui5_key":"applicationmanageconditionprice-display-component---conditions--smartFilterBar-btnBasicSearch"}]}
RESULT: {"script":"<script> [1562 bytes]","args":[{"selector":{"id":"application-manageconditionprice-display-component---conditions--smartFilterBar-btnBasicSearch","interaction":{"idSuffix":"I"}},"wdio_ui5_key":"applicationmanageconditionprice-display-component---conditions--smartFilterBar-btnBasicSearch"}]}
RESULT: undefined
COMMAND: POST /session/6eb241deac570073510706dc7280b28b/execute/async - {"script":"<script> [776 bytes]","args":[{"enterText":"3jmRsoQJFA","selector":{"id":"application-manageconditionprice-display-component---conditions--smartFilterBar-btnBasicSearch","interaction":{"idSuffix":"I"}},"clearTextFirst":true,"interactionType":"ENTER_TEXT"}]}
RESULT: {"script":"<script> [776 bytes]","args":[{"enterText":"3jmRsoQJFA","selector":{"id":"application-manageconditionprice-display-component---conditions--smartFilterBar-btnBasicSearch","interaction":{"idSuffix":"I"}},"clearTextFirst":true,"interactionType":"ENTER_TEXT"}]}
COMMAND: POST /session/6eb241deac570073510706dc7280b28b/actions - {"actions":[{"id":"action57","type":"key","parameters":{},"actions":[{"type":"keyDown","value":"î€‡"},{"type":"pause","duration":10},{"type":"keyUp","value":"î€‡"}]}]}
RESULT: {"actions":[{"id":"action57","type":"key","parameters":{},"actions":[{"type":"keyDown","value":"î€‡"},{"type":"pause","duration":10},{"type":"keyUp","value":"î€‡"}]}]}
COMMAND: GET /session/6eb241deac570073510706dc7280b28b/screenshot - {}
RESULT: {}
COMMAND: POST /session/6eb241deac570073510706dc7280b28b/execute/async - {"script":"<script> [1562 bytes]","args":[{"selector":{"id":"application-manageconditionprice-display-component---conditions--smartFilterBar-filterItemControl_BASIC-BILL_TYPES-vhi"},"wdio_ui5_key":"applicationmanageconditionprice-display-component---conditions--smartFilterBar-filterItemControl_BASIC-BILL_TYPES-vhi"}]}
RESULT: {"script":"<script> [1562 bytes]","args":[{"selector":{"id":"application-manageconditionprice-display-component---conditions--smartFilterBar-filterItemControl_BASIC-BILL_TYPES-vhi"},"wdio_ui5_key":"applicationmanageconditionprice-display-component---conditions--smartFilterBar-filterItemControl_BASIC-BILL_TYPES-vhi"}]}
RESULT: undefined
COMMAND: POST /session/6eb241deac570073510706dc7280b28b/element - {"using":"xpath","value":"//*[@id=\"application-manageconditionprice-display-component---conditions--smartFilterBar-filterItemControl_BASIC-BILL_TYPES-vhi\"]"}
RESULT: {"using":"xpath","value":"//*[@id=\"application-manageconditionprice-display-component---conditions--smartFilterBar-filterItemControl_BASIC-BILL_TYPES-vhi\"]"}
COMMAND: POST /session/6eb241deac570073510706dc7280b28b/element/f.451C0D83FD0E10390ED4567275622C99.d.B2FEA33D959471116F751086D5EB9D3B.e.15610/click - {}
RESULT: {}
COMMAND: POST /session/6eb241deac570073510706dc7280b28b/execute/async - {"script":"<script> [1562 bytes]","args":[{"selector":{"id":"application-manageconditionprice-display-component---conditions--smartFilterBar-filterItemControl_BASIC-BILL_TYPES-valueHelpDialog-smartFilterBar-btnBasicSearch","searchOpenDialogs":true,"interaction":{"idSuffix":"I"}},"wdio_ui5_key":"applicationmanageconditionprice-display-component---conditions--smartFilterBar-filterItemControl_BASIC-BILL_TYPES-valueHelpDialog-smartFilterBar-btnBasicSearch"}]}
COMMAND: GET /session/6eb241deac570073510706dc7280b28b/screenshot - {}
RESULT: {"script":"<script> [1562 bytes]","args":[{"selector":{"id":"application-manageconditionprice-display-component---conditions--smartFilterBar-filterItemControl_BASIC-BILL_TYPES-valueHelpDialog-smartFilterBar-btnBasicSearch","searchOpenDialogs":true,"interaction":{"idSuffix":"I"}},"wdio_ui5_key":"applicationmanageconditionprice-display-component---conditions--smartFilterBar-filterItemControl_BASIC-BILL_TYPES-valueHelpDialog-smartFilterBar-btnBasicSearch"}]}
RESULT: undefined
COMMAND: POST /session/6eb241deac570073510706dc7280b28b/execute/async - {"script":"<script> [776 bytes]","args":[{"enterText":"PB","selector":{"id":"application-manageconditionprice-display-component---conditions--smartFilterBar-filterItemControl_BASIC-BILL_TYPES-valueHelpDialog-smartFilterBar-btnBasicSearch","searchOpenDialogs":true,"interaction":{"idSuffix":"I"}},"clearTextFirst":true,"interactionType":"ENTER_TEXT"}]}
RESULT: {}
RESULT: {"script":"<script> [776 bytes]","args":[{"enterText":"PB","selector":{"id":"application-manageconditionprice-display-component---conditions--smartFilterBar-filterItemControl_BASIC-BILL_TYPES-valueHelpDialog-smartFilterBar-btnBasicSearch","searchOpenDialogs":true,"interaction":{"idSuffix":"I"}},"clearTextFirst":true,"interactionType":"ENTER_TEXT"}]}
COMMAND: POST /session/6eb241deac570073510706dc7280b28b/actions - {"actions":[{"id":"action58","type":"key","parameters":{},"actions":[{"type":"keyDown","value":"î€‡"},{"type":"pause","duration":10},{"type":"keyUp","value":"î€‡"}]}]}
RESULT: {"actions":[{"id":"action58","type":"key","parameters":{},"actions":[{"type":"keyDown","value":"î€‡"},{"type":"pause","duration":10},{"type":"keyUp","value":"î€‡"}]}]}
COMMAND: GET /session/6eb241deac570073510706dc7280b28b/screenshot - {}
RESULT: {}
COMMAND: POST /session/6eb241deac570073510706dc7280b28b/element - {"using":"xpath","value":"//div[contains(@id, 'application-manageconditionprice-display-component---conditions--smartFilterBar-filterItemControl_BASIC-BILL_TYPES-valueHelpDialog-table-rowsel0')]"}
RESULT: {"using":"xpath","value":"//div[contains(@id, 'application-manageconditionprice-display-component---conditions--smartFilterBar-filterItemControl_BASIC-BILL_TYPES-valueHelpDialog-table-rowsel0')]"}
COMMAND: POST /session/6eb241deac570073510706dc7280b28b/element/f.451C0D83FD0E10390ED4567275622C99.d.B2FEA33D959471116F751086D5EB9D3B.e.15619/click - {}
RESULT: {}
COMMAND: GET /session/6eb241deac570073510706dc7280b28b/screenshot - {}
RESULT: {}
COMMAND: POST /session/6eb241deac570073510706dc7280b28b/element - {"using":"xpath","value":"//bdi[contains(text(), \"OK\")]"}
RESULT: {"using":"xpath","value":"//bdi[contains(text(), \"OK\")]"}
COMMAND: POST /session/6eb241deac570073510706dc7280b28b/element/f.451C0D83FD0E10390ED4567275622C99.d.B2FEA33D959471116F751086D5EB9D3B.e.15621/click - {}
RESULT: {}
COMMAND: GET /session/6eb241deac570073510706dc7280b28b/screenshot - {}
RESULT: {}
COMMAND: POST /session/6eb241deac570073510706dc7280b28b/element - {"using":"xpath","value":"//span[@id=\"application-manageconditionprice-display-component---conditions--smartTable-header-inner\"]"}
RESULT: {"using":"xpath","value":"//span[@id=\"application-manageconditionprice-display-component---conditions--smartTable-header-inner\"]"}
COMMAND: POST /session/6eb241deac570073510706dc7280b28b/elements - {"using":"xpath","value":"//span[@id=\"application-manageconditionprice-display-component---conditions--smartTable-header-inner\"]"}
RESULT: {"using":"xpath","value":"//span[@id=\"application-manageconditionprice-display-component---conditions--smartTable-header-inner\"]"}
COMMAND: POST /session/6eb241deac570073510706dc7280b28b/execute/sync - {"script":"<script> [56 bytes]","args":[{"element-6066-11e4-a52e-4f735466cecf":"f.451C0D83FD0E10390ED4567275622C99.d.B2FEA33D959471116F751086D5EB9D3B.e.15624","ELEMENT":"f.451C0D83FD0E10390ED4567275622C99.d.B2FEA33D959471116F751086D5EB9D3B.e.15624"}]}
RESULT: {"script":"<script> [56 bytes]","args":[{"element-6066-11e4-a52e-4f735466cecf":"f.451C0D83FD0E10390ED4567275622C99.d.B2FEA33D959471116F751086D5EB9D3B.e.15624","ELEMENT":"f.451C0D83FD0E10390ED4567275622C99.d.B2FEA33D959471116F751086D5EB9D3B.e.15624"}]}
COMMAND: POST /session/6eb241deac570073510706dc7280b28b/element - {"using":"css selector","value":"#shell-header-logo"}
COMMAND: GET /session/6eb241deac570073510706dc7280b28b/screenshot - {}
RESULT: {"using":"css selector","value":"#shell-header-logo"}
COMMAND: POST /session/6eb241deac570073510706dc7280b28b/element/f.451C0D83FD0E10390ED4567275622C99.d.B2FEA33D959471116F751086D5EB9D3B.e.15347/click - {}
RESULT: {}
RESULT: {}
COMMAND: GET /session/6eb241deac570073510706dc7280b28b/screenshot - {}
RESULT: {}
]]></system-out>
    </testcase>
    <testcase classname="chrome.135_0_7049_115.windows.Performance_based_billing_(work_days)_US139742" name="Should add a counter to the equipment" time="69.825">
      <system-out><![CDATA[
RESULT: undefined
COMMAND: POST /session/6eb241deac570073510706dc7280b28b/element - {"using":"xpath","value":"//*[@id=\"__tile39\"]"}
RESULT: {"using":"xpath","value":"//*[@id=\"__tile39\"]"}
COMMAND: POST /session/6eb241deac570073510706dc7280b28b/element/f.451C0D83FD0E10390ED4567275622C99.d.B2FEA33D959471116F751086D5EB9D3B.e.14381/click - {}
RESULT: {}
COMMAND: POST /session/6eb241deac570073510706dc7280b28b/execute/async - {"script":"<script> [1562 bytes]","args":[{"selector":{"id":"application-manageresources-display-component---masterRU--smartFilterBar-btnBasicSearch","interaction":{"idSuffix":"I"}},"wdio_ui5_key":"applicationmanageresources-display-component---masterRU--smartFilterBar-btnBasicSearch"}]}
COMMAND: GET /session/6eb241deac570073510706dc7280b28b/screenshot - {}
RESULT: {"script":"<script> [1562 bytes]","args":[{"selector":{"id":"application-manageresources-display-component---masterRU--smartFilterBar-btnBasicSearch","interaction":{"idSuffix":"I"}},"wdio_ui5_key":"applicationmanageresources-display-component---masterRU--smartFilterBar-btnBasicSearch"}]}
RESULT: undefined
COMMAND: POST /session/6eb241deac570073510706dc7280b28b/execute/async - {"script":"<script> [776 bytes]","args":[{"enterText":"3jmRsoQJFA","selector":{"id":"application-manageresources-display-component---masterRU--smartFilterBar-btnBasicSearch","interaction":{"idSuffix":"I"}},"clearTextFirst":true,"interactionType":"ENTER_TEXT"}]}
RESULT: {}
RESULT: {"script":"<script> [776 bytes]","args":[{"enterText":"3jmRsoQJFA","selector":{"id":"application-manageresources-display-component---masterRU--smartFilterBar-btnBasicSearch","interaction":{"idSuffix":"I"}},"clearTextFirst":true,"interactionType":"ENTER_TEXT"}]}
COMMAND: POST /session/6eb241deac570073510706dc7280b28b/actions - {"actions":[{"id":"action59","type":"key","parameters":{},"actions":[{"type":"keyDown","value":"î€‡"},{"type":"pause","duration":10},{"type":"keyUp","value":"î€‡"}]}]}
RESULT: {"actions":[{"id":"action59","type":"key","parameters":{},"actions":[{"type":"keyDown","value":"î€‡"},{"type":"pause","duration":10},{"type":"keyUp","value":"î€‡"}]}]}
COMMAND: GET /session/6eb241deac570073510706dc7280b28b/screenshot - {}
RESULT: {}
COMMAND: POST /session/6eb241deac570073510706dc7280b28b/execute/async - {"script":"<script> [1562 bytes]","args":[{"selector":{"id":"application-manageresources-display-component---masterRU--smartTable-header"},"wdio_ui5_key":"applicationmanageresources-display-component---masterRU--smartTable-header"}]}
RESULT: {"script":"<script> [1562 bytes]","args":[{"selector":{"id":"application-manageresources-display-component---masterRU--smartTable-header"},"wdio_ui5_key":"applicationmanageresources-display-component---masterRU--smartTable-header"}]}
RESULT: undefined
COMMAND: POST /session/6eb241deac570073510706dc7280b28b/execute/async - {"script":"<script> [6424 bytes]","args":[{"element-6066-11e4-a52e-4f735466cecf":"f.451C0D83FD0E10390ED4567275622C99.d.B2FEA33D959471116F751086D5EB9D3B.e.15827"},"getText",[]]}
RESULT: {"script":"<script> [6424 bytes]","args":[{"element-6066-11e4-a52e-4f735466cecf":"f.451C0D83FD0E10390ED4567275622C99.d.B2FEA33D959471116F751086D5EB9D3B.e.15827"},"getText",[]]}
COMMAND: POST /session/6eb241deac570073510706dc7280b28b/execute/async - {"script":"<script> [1562 bytes]","args":[{"selector":{"controlType":"sap.ui.core.Icon","viewName":"etm.portal.ui.manageresources.view.Master","viewId":"application-manageresources-display-component---masterRU","properties":{"src":{"regex":{"source":"slim\\-arrow\\-right"}}}},"wdio_ui5_key":"etmportal.ui.manageresources.view.Mastersap.ui.core.Icon{\"src\":{\"regex\":{\"source\":\"slim\\\\-arrow\\\\-right\"}}}"}]}
RESULT: {"script":"<script> [1562 bytes]","args":[{"selector":{"controlType":"sap.ui.core.Icon","viewName":"etm.portal.ui.manageresources.view.Master","viewId":"application-manageresources-display-component---masterRU","properties":{"src":{"regex":{"source":"slim\\-arrow\\-right"}}}},"wdio_ui5_key":"etmportal.ui.manageresources.view.Mastersap.ui.core.Icon{\"src\":{\"regex\":{\"source\":\"slim\\\\-arrow\\\\-right\"}}}"}]}
RESULT: undefined
COMMAND: POST /session/6eb241deac570073510706dc7280b28b/element - {"using":"xpath","value":"//*[@id=\"__item1298-__clone3483-imgNav\"]"}
RESULT: {"using":"xpath","value":"//*[@id=\"__item1298-__clone3483-imgNav\"]"}
COMMAND: POST /session/6eb241deac570073510706dc7280b28b/element/f.451C0D83FD0E10390ED4567275622C99.d.B2FEA33D959471116F751086D5EB9D3B.e.15826/click - {}
RESULT: {}
COMMAND: GET /session/6eb241deac570073510706dc7280b28b/screenshot - {}
RESULT: {}
COMMAND: POST /session/6eb241deac570073510706dc7280b28b/element - {"using":"xpath","value":"//bdi[contains(text(), \"Edit\")]"}
RESULT: {"using":"xpath","value":"//bdi[contains(text(), \"Edit\")]"}
COMMAND: POST /session/6eb241deac570073510706dc7280b28b/execute/sync - {"script":"<script> [8489 bytes]","args":[{"element-6066-11e4-a52e-4f735466cecf":"f.451C0D83FD0E10390ED4567275622C99.d.B2FEA33D959471116F751086D5EB9D3B.e.15933","ELEMENT":"f.451C0D83FD0E10390ED4567275622C99.d.B2FEA33D959471116F751086D5EB9D3B.e.15933"}]}
RESULT: {"script":"<script> [8489 bytes]","args":[{"element-6066-11e4-a52e-4f735466cecf":"f.451C0D83FD0E10390ED4567275622C99.d.B2FEA33D959471116F751086D5EB9D3B.e.15933","ELEMENT":"f.451C0D83FD0E10390ED4567275622C99.d.B2FEA33D959471116F751086D5EB9D3B.e.15933"}]}
COMMAND: POST /session/6eb241deac570073510706dc7280b28b/element/f.451C0D83FD0E10390ED4567275622C99.d.B2FEA33D959471116F751086D5EB9D3B.e.15933/click - {}
COMMAND: GET /session/6eb241deac570073510706dc7280b28b/screenshot - {}
RESULT: {}
RESULT: {}
COMMAND: GET /session/6eb241deac570073510706dc7280b28b/screenshot - {}
RESULT: {}
COMMAND: POST /session/6eb241deac570073510706dc7280b28b/execute/async - {"script":"<script> [1562 bytes]","args":[{"selector":{"id":"application-manageresources-display-component---editResource--editRruPage-anchBar-application-manageresources-display-component---editResource--counters-anchor","interaction":{"idSuffix":"BDI-content"}},"wdio_ui5_key":"applicationmanageresources-display-component---editResource--editRruPage-anchBar-application-manageresources-display-component---editResource--counters-anchor"}]}
RESULT: {"script":"<script> [1562 bytes]","args":[{"selector":{"id":"application-manageresources-display-component---editResource--editRruPage-anchBar-application-manageresources-display-component---editResource--counters-anchor","interaction":{"idSuffix":"BDI-content"}},"wdio_ui5_key":"applicationmanageresources-display-component---editResource--editRruPage-anchBar-application-manageresources-display-component---editResource--counters-anchor"}]}
RESULT: undefined
COMMAND: POST /session/6eb241deac570073510706dc7280b28b/element - {"using":"xpath","value":"//*[@id=\"application-manageresources-display-component---editResource--editRruPage-anchBar-application-manageresources-display-component---editResource--counters-anchor\"]"}
RESULT: {"using":"xpath","value":"//*[@id=\"application-manageresources-display-component---editResource--editRruPage-anchBar-application-manageresources-display-component---editResource--counters-anchor\"]"}
COMMAND: POST /session/6eb241deac570073510706dc7280b28b/element/f.451C0D83FD0E10390ED4567275622C99.d.B2FEA33D959471116F751086D5EB9D3B.e.16083/click - {}
RESULT: {}
COMMAND: GET /session/6eb241deac570073510706dc7280b28b/screenshot - {}
RESULT: {}
COMMAND: POST /session/6eb241deac570073510706dc7280b28b/execute/async - {"script":"<script> [1562 bytes]","args":[{"selector":{"id":"application-manageresources-display-component---editResource--btnAddCounter-img"},"wdio_ui5_key":"applicationmanageresources-display-component---editResource--btnAddCounter-img"}]}
RESULT: {"script":"<script> [1562 bytes]","args":[{"selector":{"id":"application-manageresources-display-component---editResource--btnAddCounter-img"},"wdio_ui5_key":"applicationmanageresources-display-component---editResource--btnAddCounter-img"}]}
RESULT: undefined
COMMAND: POST /session/6eb241deac570073510706dc7280b28b/element - {"using":"xpath","value":"//*[@id=\"application-manageresources-display-component---editResource--btnAddCounter-img\"]"}
RESULT: {"using":"xpath","value":"//*[@id=\"application-manageresources-display-component---editResource--btnAddCounter-img\"]"}
COMMAND: POST /session/6eb241deac570073510706dc7280b28b/element/f.451C0D83FD0E10390ED4567275622C99.d.B2FEA33D959471116F751086D5EB9D3B.e.16091/click - {}
RESULT: {}
COMMAND: POST /session/6eb241deac570073510706dc7280b28b/execute/async - {"script":"<script> [1562 bytes]","args":[{"selector":{"id":"application-manageresources-display-component---editResource--COUNTER_ID-application-manageresources-display-component---editResource--RUCounters-0-arrow"},"wdio_ui5_key":"applicationmanageresources-display-component---editResource--COUNTER_ID-application-manageresources-display-component---editResource--RUCounters-0-arrow"}]}
COMMAND: GET /session/6eb241deac570073510706dc7280b28b/screenshot - {}
RESULT: {"script":"<script> [1562 bytes]","args":[{"selector":{"id":"application-manageresources-display-component---editResource--COUNTER_ID-application-manageresources-display-component---editResource--RUCounters-0-arrow"},"wdio_ui5_key":"applicationmanageresources-display-component---editResource--COUNTER_ID-application-manageresources-display-component---editResource--RUCounters-0-arrow"}]}
RESULT: undefined
COMMAND: POST /session/6eb241deac570073510706dc7280b28b/element - {"using":"xpath","value":"//*[@id=\"application-manageresources-display-component---editResource--COUNTER_ID-application-manageresources-display-component---editResource--RUCounters-0-arrow\"]"}
RESULT: {}
RESULT: {"using":"xpath","value":"//*[@id=\"application-manageresources-display-component---editResource--COUNTER_ID-application-manageresources-display-component---editResource--RUCounters-0-arrow\"]"}
COMMAND: POST /session/6eb241deac570073510706dc7280b28b/element/f.451C0D83FD0E10390ED4567275622C99.d.B2FEA33D959471116F751086D5EB9D3B.e.16104/click - {}
RESULT: {}
COMMAND: POST /session/6eb241deac570073510706dc7280b28b/execute/async - {"script":"<script> [1562 bytes]","args":[{"selector":{"controlType":"sap.m.StandardListItem","viewName":"etm.portal.ui.manageresources.view.EditResource","viewId":"application-manageresources-display-component---editResource","properties":{"title":"fuel"},"searchOpenDialogs":true,"interaction":{"idSuffix":"content"}},"wdio_ui5_key":"etmportal.ui.manageresources.view.EditResourcesap.m.StandardListItem{\"title\":\"fuel\"}"}]}
COMMAND: GET /session/6eb241deac570073510706dc7280b28b/screenshot - {}
RESULT: {"script":"<script> [1562 bytes]","args":[{"selector":{"controlType":"sap.m.StandardListItem","viewName":"etm.portal.ui.manageresources.view.EditResource","viewId":"application-manageresources-display-component---editResource","properties":{"title":"fuel"},"searchOpenDialogs":true,"interaction":{"idSuffix":"content"}},"wdio_ui5_key":"etmportal.ui.manageresources.view.EditResourcesap.m.StandardListItem{\"title\":\"fuel\"}"}]}
RESULT: undefined
COMMAND: POST /session/6eb241deac570073510706dc7280b28b/element - {"using":"xpath","value":"//*[@id=\"__item1603\"]"}
RESULT: {}
RESULT: {"using":"xpath","value":"//*[@id=\"__item1603\"]"}
COMMAND: POST /session/6eb241deac570073510706dc7280b28b/element/f.451C0D83FD0E10390ED4567275622C99.d.B2FEA33D959471116F751086D5EB9D3B.e.16106/click - {}
RESULT: {}
COMMAND: POST /session/6eb241deac570073510706dc7280b28b/execute/async - {"script":"<script> [1562 bytes]","args":[{"selector":{"controlType":"sap.m.Button","viewName":"etm.portal.ui.manageresources.view.EditResource","viewId":"application-manageresources-display-component---editResource","i18NText":{"propertyName":"text","key":"save"},"interaction":{"idSuffix":"BDI-content"}},"wdio_ui5_key":"etmportal.ui.manageresources.view.EditResourcesap.m.Button{\"propertyName\":\"text\",\"key\":\"save\"}"}]}
COMMAND: GET /session/6eb241deac570073510706dc7280b28b/screenshot - {}
RESULT: {"script":"<script> [1562 bytes]","args":[{"selector":{"controlType":"sap.m.Button","viewName":"etm.portal.ui.manageresources.view.EditResource","viewId":"application-manageresources-display-component---editResource","i18NText":{"propertyName":"text","key":"save"},"interaction":{"idSuffix":"BDI-content"}},"wdio_ui5_key":"etmportal.ui.manageresources.view.EditResourcesap.m.Button{\"propertyName\":\"text\",\"key\":\"save\"}"}]}
RESULT: undefined
COMMAND: POST /session/6eb241deac570073510706dc7280b28b/element - {"using":"xpath","value":"//*[@id=\"__button181\"]"}
RESULT: {}
RESULT: {"using":"xpath","value":"//*[@id=\"__button181\"]"}
COMMAND: POST /session/6eb241deac570073510706dc7280b28b/element/f.451C0D83FD0E10390ED4567275622C99.d.B2FEA33D959471116F751086D5EB9D3B.e.16108/click - {}
RESULT: {}
COMMAND: GET /session/6eb241deac570073510706dc7280b28b/screenshot - {}
RESULT: {}
COMMAND: POST /session/6eb241deac570073510706dc7280b28b/element - {"using":"css selector","value":"#shell-header-logo"}
RESULT: {"using":"css selector","value":"#shell-header-logo"}
COMMAND: POST /session/6eb241deac570073510706dc7280b28b/element/f.451C0D83FD0E10390ED4567275622C99.d.B2FEA33D959471116F751086D5EB9D3B.e.15630/click - {}
RESULT: {}
COMMAND: GET /session/6eb241deac570073510706dc7280b28b/screenshot - {}
RESULT: {}
]]></system-out>
    </testcase>
    <testcase classname="chrome.135_0_7049_115.windows.Performance_based_billing_(work_days)_US139742" name="Should do a stock increase on the yard for the equipment" time="91.439">
      <system-out><![CDATA[
COMMAND: POST /session/6eb241deac570073510706dc7280b28b/execute/async - {"script":"<script> [1562 bytes]","args":[{"selector":{"controlType":"sap.m.Text","viewName":"etm.portal.ui.managehandoverstile.view.Master","properties":{"text":"Manage Handovers"},"interaction":{"idSuffix":"inner"}},"wdio_ui5_key":"etmportal.ui.managehandoverstile.view.Mastersap.m.Text{\"text\":\"Manage Handovers\"}"}]}
RESULT: {"script":"<script> [1562 bytes]","args":[{"selector":{"controlType":"sap.m.Text","viewName":"etm.portal.ui.managehandoverstile.view.Master","properties":{"text":"Manage Handovers"},"interaction":{"idSuffix":"inner"}},"wdio_ui5_key":"etmportal.ui.managehandoverstile.view.Mastersap.m.Text{\"text\":\"Manage Handovers\"}"}]}
RESULT: undefined
COMMAND: POST /session/6eb241deac570073510706dc7280b28b/element - {"using":"xpath","value":"//*[@id=\"__tile133-title\"]"}
RESULT: {"using":"xpath","value":"//*[@id=\"__tile133-title\"]"}
COMMAND: POST /session/6eb241deac570073510706dc7280b28b/element/f.451C0D83FD0E10390ED4567275622C99.d.B2FEA33D959471116F751086D5EB9D3B.e.16123/click - {}
RESULT: {}
COMMAND: POST /session/6eb241deac570073510706dc7280b28b/element - {"using":"xpath","value":"//button[@data-kt=\"masterHOAddButton\"]"}
COMMAND: GET /session/6eb241deac570073510706dc7280b28b/screenshot - {}
RESULT: {"using":"xpath","value":"//button[@data-kt=\"masterHOAddButton\"]"}
COMMAND: POST /session/6eb241deac570073510706dc7280b28b/elements - {"using":"xpath","value":"//button[@data-kt=\"masterHOAddButton\"]"}
RESULT: {}
RESULT: {"using":"xpath","value":"//button[@data-kt=\"masterHOAddButton\"]"}
COMMAND: POST /session/6eb241deac570073510706dc7280b28b/elements - {"using":"xpath","value":"//button[@data-kt=\"masterHOAddButton\"]"}
RESULT: {"using":"xpath","value":"//button[@data-kt=\"masterHOAddButton\"]"}
COMMAND: POST /session/6eb241deac570073510706dc7280b28b/elements - {"using":"xpath","value":"//button[@data-kt=\"masterHOAddButton\"]"}
RESULT: {"using":"xpath","value":"//button[@data-kt=\"masterHOAddButton\"]"}
COMMAND: POST /session/6eb241deac570073510706dc7280b28b/element - {"using":"xpath","value":"//button[@data-kt=\"masterHOAddButton\"]"}
RESULT: {"using":"xpath","value":"//button[@data-kt=\"masterHOAddButton\"]"}
COMMAND: POST /session/6eb241deac570073510706dc7280b28b/execute/sync - {"script":"<script> [8489 bytes]","args":[{"element-6066-11e4-a52e-4f735466cecf":"f.451C0D83FD0E10390ED4567275622C99.d.B2FEA33D959471116F751086D5EB9D3B.e.16162","ELEMENT":"f.451C0D83FD0E10390ED4567275622C99.d.B2FEA33D959471116F751086D5EB9D3B.e.16162"}]}
RESULT: {"script":"<script> [8489 bytes]","args":[{"element-6066-11e4-a52e-4f735466cecf":"f.451C0D83FD0E10390ED4567275622C99.d.B2FEA33D959471116F751086D5EB9D3B.e.16162","ELEMENT":"f.451C0D83FD0E10390ED4567275622C99.d.B2FEA33D959471116F751086D5EB9D3B.e.16162"}]}
COMMAND: GET /session/6eb241deac570073510706dc7280b28b/element/f.451C0D83FD0E10390ED4567275622C99.d.B2FEA33D959471116F751086D5EB9D3B.e.16162/enabled - {}
COMMAND: GET /session/6eb241deac570073510706dc7280b28b/screenshot - {}
RESULT: {}
COMMAND: POST /session/6eb241deac570073510706dc7280b28b/execute/sync - {"script":"<script> [8489 bytes]","args":[{"element-6066-11e4-a52e-4f735466cecf":"f.451C0D83FD0E10390ED4567275622C99.d.B2FEA33D959471116F751086D5EB9D3B.e.16162","ELEMENT":"f.451C0D83FD0E10390ED4567275622C99.d.B2FEA33D959471116F751086D5EB9D3B.e.16162"}]}
COMMAND: GET /session/6eb241deac570073510706dc7280b28b/screenshot - {}
RESULT: {}
RESULT: {"script":"<script> [8489 bytes]","args":[{"element-6066-11e4-a52e-4f735466cecf":"f.451C0D83FD0E10390ED4567275622C99.d.B2FEA33D959471116F751086D5EB9D3B.e.16162","ELEMENT":"f.451C0D83FD0E10390ED4567275622C99.d.B2FEA33D959471116F751086D5EB9D3B.e.16162"}]}
COMMAND: POST /session/6eb241deac570073510706dc7280b28b/execute/sync - {"script":"<script> [5351 bytes]","args":[{"element-6066-11e4-a52e-4f735466cecf":"f.451C0D83FD0E10390ED4567275622C99.d.B2FEA33D959471116F751086D5EB9D3B.e.16162","ELEMENT":"f.451C0D83FD0E10390ED4567275622C99.d.B2FEA33D959471116F751086D5EB9D3B.e.16162"}]}
COMMAND: GET /session/6eb241deac570073510706dc7280b28b/screenshot - {}
RESULT: {}
RESULT: {"script":"<script> [5351 bytes]","args":[{"element-6066-11e4-a52e-4f735466cecf":"f.451C0D83FD0E10390ED4567275622C99.d.B2FEA33D959471116F751086D5EB9D3B.e.16162","ELEMENT":"f.451C0D83FD0E10390ED4567275622C99.d.B2FEA33D959471116F751086D5EB9D3B.e.16162"}]}
COMMAND: POST /session/6eb241deac570073510706dc7280b28b/element/f.451C0D83FD0E10390ED4567275622C99.d.B2FEA33D959471116F751086D5EB9D3B.e.16162/click - {}
COMMAND: GET /session/6eb241deac570073510706dc7280b28b/screenshot - {}
RESULT: {}
RESULT: {}
COMMAND: GET /session/6eb241deac570073510706dc7280b28b/screenshot - {}
COMMAND: POST /session/6eb241deac570073510706dc7280b28b/element - {"using":"xpath","value":"//span[contains(@id ,\"AddNewHO--typeSelect-arrow\")]"}
RESULT: {}
RESULT: {}
RESULT: {"using":"xpath","value":"//span[contains(@id ,\"AddNewHO--typeSelect-arrow\")]"}
COMMAND: POST /session/6eb241deac570073510706dc7280b28b/element/f.451C0D83FD0E10390ED4567275622C99.d.B2FEA33D959471116F751086D5EB9D3B.e.16499/click - {}
RESULT: {}
COMMAND: GET /session/6eb241deac570073510706dc7280b28b/screenshot - {}
RESULT: {}
COMMAND: POST /session/6eb241deac570073510706dc7280b28b/element - {"using":"xpath","value":"(//li[contains(text(), \"stock increase yard\")])[1]"}
RESULT: {"using":"xpath","value":"(//li[contains(text(), \"stock increase yard\")])[1]"}
COMMAND: POST /session/6eb241deac570073510706dc7280b28b/element/f.451C0D83FD0E10390ED4567275622C99.d.B2FEA33D959471116F751086D5EB9D3B.e.16500/click - {}
RESULT: {}
COMMAND: GET /session/6eb241deac570073510706dc7280b28b/screenshot - {}
RESULT: {}
COMMAND: POST /session/6eb241deac570073510706dc7280b28b/execute/async - {"script":"<script> [1562 bytes]","args":[{"selector":{"id":"application-managehandovers-display-component---AddNewHO--dueDate","interaction":{"idSuffix":"inner"}},"wdio_ui5_key":"applicationmanagehandovers-display-component---AddNewHO--dueDate"}]}
RESULT: {"script":"<script> [1562 bytes]","args":[{"selector":{"id":"application-managehandovers-display-component---AddNewHO--dueDate","interaction":{"idSuffix":"inner"}},"wdio_ui5_key":"applicationmanagehandovers-display-component---AddNewHO--dueDate"}]}
RESULT: undefined
COMMAND: POST /session/6eb241deac570073510706dc7280b28b/execute/async - {"script":"<script> [6424 bytes]","args":[{"element-6066-11e4-a52e-4f735466cecf":"f.451C0D83FD0E10390ED4567275622C99.d.B2FEA33D959471116F751086D5EB9D3B.e.16504"},"setValue",["05/06/2025"]]}
RESULT: {"script":"<script> [6424 bytes]","args":[{"element-6066-11e4-a52e-4f735466cecf":"f.451C0D83FD0E10390ED4567275622C99.d.B2FEA33D959471116F751086D5EB9D3B.e.16504"},"setValue",["05/06/2025"]]}
COMMAND: POST /session/6eb241deac570073510706dc7280b28b/element - {"using":"xpath","value":"//input[@id=\"generalSectionFrg--receiveYard-inner\"]"}
RESULT: {"using":"xpath","value":"//input[@id=\"generalSectionFrg--receiveYard-inner\"]"}
COMMAND: POST /session/6eb241deac570073510706dc7280b28b/element/f.451C0D83FD0E10390ED4567275622C99.d.B2FEA33D959471116F751086D5EB9D3B.e.16510/clear - {}
RESULT: {}
COMMAND: POST /session/6eb241deac570073510706dc7280b28b/element/f.451C0D83FD0E10390ED4567275622C99.d.B2FEA33D959471116F751086D5EB9D3B.e.16510/value - {"text":"642"}
COMMAND: GET /session/6eb241deac570073510706dc7280b28b/screenshot - {}
RESULT: {"text":"642"}
COMMAND: GET /session/6eb241deac570073510706dc7280b28b/screenshot - {}
RESULT: {}
RESULT: {}
COMMAND: POST /session/6eb241deac570073510706dc7280b28b/element - {"using":"xpath","value":"//li[.//span[text()='642']]"}
RESULT: {"using":"xpath","value":"//li[.//span[text()='642']]"}
COMMAND: POST /session/6eb241deac570073510706dc7280b28b/element/f.451C0D83FD0E10390ED4567275622C99.d.B2FEA33D959471116F751086D5EB9D3B.e.16526/click - {}
RESULT: {}
COMMAND: GET /session/6eb241deac570073510706dc7280b28b/screenshot - {}
RESULT: {}
COMMAND: POST /session/6eb241deac570073510706dc7280b28b/execute/async - {"script":"<script> [1562 bytes]","args":[{"selector":{"id":"application-managehandovers-display-component---AddNewHO--ObjectPageLayout-anchBar-application-managehandovers-display-component---AddNewHO--section4-anchor","interaction":{"idSuffix":"BDI-content"}},"wdio_ui5_key":"applicationmanagehandovers-display-component---AddNewHO--ObjectPageLayout-anchBar-application-managehandovers-display-component---AddNewHO--section4-anchor"}]}
RESULT: {"script":"<script> [1562 bytes]","args":[{"selector":{"id":"application-managehandovers-display-component---AddNewHO--ObjectPageLayout-anchBar-application-managehandovers-display-component---AddNewHO--section4-anchor","interaction":{"idSuffix":"BDI-content"}},"wdio_ui5_key":"applicationmanagehandovers-display-component---AddNewHO--ObjectPageLayout-anchBar-application-managehandovers-display-component---AddNewHO--section4-anchor"}]}
RESULT: undefined
COMMAND: POST /session/6eb241deac570073510706dc7280b28b/element - {"using":"xpath","value":"//*[@id=\"application-managehandovers-display-component---AddNewHO--ObjectPageLayout-anchBar-application-managehandovers-display-component---AddNewHO--section4-anchor\"]"}
RESULT: {"using":"xpath","value":"//*[@id=\"application-managehandovers-display-component---AddNewHO--ObjectPageLayout-anchBar-application-managehandovers-display-component---AddNewHO--section4-anchor\"]"}
COMMAND: POST /session/6eb241deac570073510706dc7280b28b/element/f.451C0D83FD0E10390ED4567275622C99.d.B2FEA33D959471116F751086D5EB9D3B.e.16528/click - {}
RESULT: {}
COMMAND: POST /session/6eb241deac570073510706dc7280b28b/element - {"using":"xpath","value":"//button[@aria-label=\"Add\"]"}
COMMAND: GET /session/6eb241deac570073510706dc7280b28b/screenshot - {}
RESULT: {"using":"xpath","value":"//button[@aria-label=\"Add\"]"}
COMMAND: POST /session/6eb241deac570073510706dc7280b28b/element/f.451C0D83FD0E10390ED4567275622C99.d.B2FEA33D959471116F751086D5EB9D3B.e.16531/click - {}
RESULT: {}
RESULT: {}
COMMAND: GET /session/6eb241deac570073510706dc7280b28b/screenshot - {}
RESULT: {}
COMMAND: POST /session/6eb241deac570073510706dc7280b28b/execute/async - {"script":"<script> [1562 bytes]","args":[{"selector":{"id":"application-managehandovers-display-component---AddNewHO--smartFilterBar-btnBasicSearch","searchOpenDialogs":true,"interaction":{"idSuffix":"I"}},"wdio_ui5_key":"applicationmanagehandovers-display-component---AddNewHO--smartFilterBar-btnBasicSearch"}]}
RESULT: {"script":"<script> [1562 bytes]","args":[{"selector":{"id":"application-managehandovers-display-component---AddNewHO--smartFilterBar-btnBasicSearch","searchOpenDialogs":true,"interaction":{"idSuffix":"I"}},"wdio_ui5_key":"applicationmanagehandovers-display-component---AddNewHO--smartFilterBar-btnBasicSearch"}]}
RESULT: undefined
COMMAND: POST /session/6eb241deac570073510706dc7280b28b/execute/async - {"script":"<script> [776 bytes]","args":[{"enterText":"3jmRsoQJFA","selector":{"id":"application-managehandovers-display-component---AddNewHO--smartFilterBar-btnBasicSearch","searchOpenDialogs":true,"interaction":{"idSuffix":"I"}},"clearTextFirst":true,"interactionType":"ENTER_TEXT"}]}
RESULT: {"script":"<script> [776 bytes]","args":[{"enterText":"3jmRsoQJFA","selector":{"id":"application-managehandovers-display-component---AddNewHO--smartFilterBar-btnBasicSearch","searchOpenDialogs":true,"interaction":{"idSuffix":"I"}},"clearTextFirst":true,"interactionType":"ENTER_TEXT"}]}
COMMAND: POST /session/6eb241deac570073510706dc7280b28b/actions - {"actions":[{"id":"action60","type":"key","parameters":{},"actions":[{"type":"keyDown","value":"î€‡"},{"type":"pause","duration":10},{"type":"keyUp","value":"î€‡"}]}]}
RESULT: {"actions":[{"id":"action60","type":"key","parameters":{},"actions":[{"type":"keyDown","value":"î€‡"},{"type":"pause","duration":10},{"type":"keyUp","value":"î€‡"}]}]}
COMMAND: GET /session/6eb241deac570073510706dc7280b28b/screenshot - {}
RESULT: {}
COMMAND: POST /session/6eb241deac570073510706dc7280b28b/execute/async - {"script":"<script> [1562 bytes]","args":[{"selector":{"id":"application-managehandovers-display-component---AddNewHO--popup-sa","searchOpenDialogs":true,"interaction":{"idSuffix":"CbBg"}},"wdio_ui5_key":"applicationmanagehandovers-display-component---AddNewHO--popup-sa"}]}
RESULT: {"script":"<script> [1562 bytes]","args":[{"selector":{"id":"application-managehandovers-display-component---AddNewHO--popup-sa","searchOpenDialogs":true,"interaction":{"idSuffix":"CbBg"}},"wdio_ui5_key":"applicationmanagehandovers-display-component---AddNewHO--popup-sa"}]}
RESULT: undefined
COMMAND: POST /session/6eb241deac570073510706dc7280b28b/element - {"using":"xpath","value":"//*[@id=\"application-managehandovers-display-component---AddNewHO--popup-sa\"]"}
RESULT: {"using":"xpath","value":"//*[@id=\"application-managehandovers-display-component---AddNewHO--popup-sa\"]"}
COMMAND: POST /session/6eb241deac570073510706dc7280b28b/element/f.451C0D83FD0E10390ED4567275622C99.d.B2FEA33D959471116F751086D5EB9D3B.e.16684/click - {}
RESULT: {}
COMMAND: GET /session/6eb241deac570073510706dc7280b28b/screenshot - {}
RESULT: {}
COMMAND: POST /session/6eb241deac570073510706dc7280b28b/element - {"using":"xpath","value":"//bdi[contains(text(), \"Select\")]"}
RESULT: {"using":"xpath","value":"//bdi[contains(text(), \"Select\")]"}
COMMAND: POST /session/6eb241deac570073510706dc7280b28b/element/f.451C0D83FD0E10390ED4567275622C99.d.B2FEA33D959471116F751086D5EB9D3B.e.16685/click - {}
RESULT: {}
COMMAND: GET /session/6eb241deac570073510706dc7280b28b/screenshot - {}
RESULT: {}
COMMAND: POST /session/6eb241deac570073510706dc7280b28b/element - {"using":"xpath","value":"//button[@data-kt=\"AddNewHOSaveButton\"]"}
RESULT: {"using":"xpath","value":"//button[@data-kt=\"AddNewHOSaveButton\"]"}
COMMAND: POST /session/6eb241deac570073510706dc7280b28b/element/f.451C0D83FD0E10390ED4567275622C99.d.B2FEA33D959471116F751086D5EB9D3B.e.16690/click - {}
RESULT: {}
COMMAND: GET /session/6eb241deac570073510706dc7280b28b/screenshot - {}
COMMAND: POST /session/6eb241deac570073510706dc7280b28b/execute/async - {"script":"<script> [1562 bytes]","args":[{"selector":{"id":"receiptDatePicker","viewName":"etm.portal.ui.managehandovers.view.DetailExecuteHO","interaction":{"idSuffix":"inner"}},"wdio_ui5_key":"receiptDatePickeretmportal.ui.managehandovers.view.DetailExecuteHO"}]}
RESULT: {}
RESULT: {"script":"<script> [1562 bytes]","args":[{"selector":{"id":"receiptDatePicker","viewName":"etm.portal.ui.managehandovers.view.DetailExecuteHO","interaction":{"idSuffix":"inner"}},"wdio_ui5_key":"receiptDatePickeretmportal.ui.managehandovers.view.DetailExecuteHO"}]}
RESULT: undefined
COMMAND: POST /session/6eb241deac570073510706dc7280b28b/execute/async - {"script":"<script> [6424 bytes]","args":[{"element-6066-11e4-a52e-4f735466cecf":"f.451C0D83FD0E10390ED4567275622C99.d.B2FEA33D959471116F751086D5EB9D3B.e.16718"},"setValue",["05/06/2025"]]}
RESULT: {"script":"<script> [6424 bytes]","args":[{"element-6066-11e4-a52e-4f735466cecf":"f.451C0D83FD0E10390ED4567275622C99.d.B2FEA33D959471116F751086D5EB9D3B.e.16718"},"setValue",["05/06/2025"]]}
COMMAND: POST /session/6eb241deac570073510706dc7280b28b/element - {"using":"xpath","value":"//button[@data-kt=\"PickingTableConfirmAllButton\"]"}
RESULT: {"using":"xpath","value":"//button[@data-kt=\"PickingTableConfirmAllButton\"]"}
COMMAND: POST /session/6eb241deac570073510706dc7280b28b/element/f.451C0D83FD0E10390ED4567275622C99.d.B2FEA33D959471116F751086D5EB9D3B.e.16733/click - {}
RESULT: {}
COMMAND: GET /session/6eb241deac570073510706dc7280b28b/screenshot - {}
RESULT: {}
COMMAND: POST /session/6eb241deac570073510706dc7280b28b/element - {"using":"xpath","value":"//bdi[contains(text(), \"OK\")]"}
RESULT: {"using":"xpath","value":"//bdi[contains(text(), \"OK\")]"}
COMMAND: POST /session/6eb241deac570073510706dc7280b28b/element/f.451C0D83FD0E10390ED4567275622C99.d.B2FEA33D959471116F751086D5EB9D3B.e.16735/click - {}
RESULT: {}
COMMAND: GET /session/6eb241deac570073510706dc7280b28b/screenshot - {}
RESULT: {}
COMMAND: POST /session/6eb241deac570073510706dc7280b28b/element - {"using":"xpath","value":"(//bdi[contains(text(), \"Receive\")])[2]"}
RESULT: {"using":"xpath","value":"(//bdi[contains(text(), \"Receive\")])[2]"}
COMMAND: POST /session/6eb241deac570073510706dc7280b28b/element/f.451C0D83FD0E10390ED4567275622C99.d.B2FEA33D959471116F751086D5EB9D3B.e.16737/click - {}
RESULT: {}
COMMAND: GET /session/6eb241deac570073510706dc7280b28b/screenshot - {}
RESULT: {}
COMMAND: POST /session/6eb241deac570073510706dc7280b28b/element - {"using":"css selector","value":"#shell-header-logo"}
RESULT: {"using":"css selector","value":"#shell-header-logo"}
COMMAND: POST /session/6eb241deac570073510706dc7280b28b/element/f.451C0D83FD0E10390ED4567275622C99.d.B2FEA33D959471116F751086D5EB9D3B.e.16125/click - {}
RESULT: {}
COMMAND: GET /session/6eb241deac570073510706dc7280b28b/screenshot - {}
RESULT: {}
]]></system-out>
    </testcase>
    <testcase classname="chrome.135_0_7049_115.windows.Performance_based_billing_(work_days)_US139742" name="Should create a new contract" time="95.639">
      <system-out><![CDATA[
COMMAND: POST /session/6eb241deac570073510706dc7280b28b/execute/async - {"script":"<script> [1562 bytes]","args":[{"selector":{"controlType":"sap.m.Text","viewName":"etm.portal.ui.managecontractstile.view.Master","properties":{"text":"Manage Contracts"},"interaction":{"idSuffix":"inner"}},"wdio_ui5_key":"etmportal.ui.managecontractstile.view.Mastersap.m.Text{\"text\":\"Manage Contracts\"}"}]}
RESULT: {"script":"<script> [1562 bytes]","args":[{"selector":{"controlType":"sap.m.Text","viewName":"etm.portal.ui.managecontractstile.view.Master","properties":{"text":"Manage Contracts"},"interaction":{"idSuffix":"inner"}},"wdio_ui5_key":"etmportal.ui.managecontractstile.view.Mastersap.m.Text{\"text\":\"Manage Contracts\"}"}]}
RESULT: undefined
COMMAND: POST /session/6eb241deac570073510706dc7280b28b/element - {"using":"xpath","value":"//*[@id=\"__tile130-title\"]"}
RESULT: {"using":"xpath","value":"//*[@id=\"__tile130-title\"]"}
COMMAND: POST /session/6eb241deac570073510706dc7280b28b/element/f.451C0D83FD0E10390ED4567275622C99.d.B2FEA33D959471116F751086D5EB9D3B.e.17021/click - {}
RESULT: {}
COMMAND: GET /session/6eb241deac570073510706dc7280b28b/screenshot - {}
RESULT: {}
COMMAND: POST /session/6eb241deac570073510706dc7280b28b/element - {"using":"xpath","value":"//button[@data-kt=\"addButton\"]"}
RESULT: {"using":"xpath","value":"//button[@data-kt=\"addButton\"]"}
COMMAND: POST /session/6eb241deac570073510706dc7280b28b/elements - {"using":"xpath","value":"//button[@data-kt=\"addButton\"]"}
RESULT: {"using":"xpath","value":"//button[@data-kt=\"addButton\"]"}
COMMAND: POST /session/6eb241deac570073510706dc7280b28b/execute/sync - {"script":"<script> [8489 bytes]","args":[{"element-6066-11e4-a52e-4f735466cecf":"f.451C0D83FD0E10390ED4567275622C99.d.B2FEA33D959471116F751086D5EB9D3B.e.17090","ELEMENT":"f.451C0D83FD0E10390ED4567275622C99.d.B2FEA33D959471116F751086D5EB9D3B.e.17090"}]}
RESULT: {"script":"<script> [8489 bytes]","args":[{"element-6066-11e4-a52e-4f735466cecf":"f.451C0D83FD0E10390ED4567275622C99.d.B2FEA33D959471116F751086D5EB9D3B.e.17090","ELEMENT":"f.451C0D83FD0E10390ED4567275622C99.d.B2FEA33D959471116F751086D5EB9D3B.e.17090"}]}
COMMAND: GET /session/6eb241deac570073510706dc7280b28b/element/f.451C0D83FD0E10390ED4567275622C99.d.B2FEA33D959471116F751086D5EB9D3B.e.17090/enabled - {}
COMMAND: GET /session/6eb241deac570073510706dc7280b28b/screenshot - {}
RESULT: {}
COMMAND: POST /session/6eb241deac570073510706dc7280b28b/execute/sync - {"script":"<script> [8489 bytes]","args":[{"element-6066-11e4-a52e-4f735466cecf":"f.451C0D83FD0E10390ED4567275622C99.d.B2FEA33D959471116F751086D5EB9D3B.e.17090","ELEMENT":"f.451C0D83FD0E10390ED4567275622C99.d.B2FEA33D959471116F751086D5EB9D3B.e.17090"}]}
COMMAND: GET /session/6eb241deac570073510706dc7280b28b/screenshot - {}
RESULT: {}
RESULT: {"script":"<script> [8489 bytes]","args":[{"element-6066-11e4-a52e-4f735466cecf":"f.451C0D83FD0E10390ED4567275622C99.d.B2FEA33D959471116F751086D5EB9D3B.e.17090","ELEMENT":"f.451C0D83FD0E10390ED4567275622C99.d.B2FEA33D959471116F751086D5EB9D3B.e.17090"}]}
COMMAND: POST /session/6eb241deac570073510706dc7280b28b/execute/sync - {"script":"<script> [5351 bytes]","args":[{"element-6066-11e4-a52e-4f735466cecf":"f.451C0D83FD0E10390ED4567275622C99.d.B2FEA33D959471116F751086D5EB9D3B.e.17090","ELEMENT":"f.451C0D83FD0E10390ED4567275622C99.d.B2FEA33D959471116F751086D5EB9D3B.e.17090"}]}
COMMAND: GET /session/6eb241deac570073510706dc7280b28b/screenshot - {}
RESULT: {}
RESULT: {"script":"<script> [5351 bytes]","args":[{"element-6066-11e4-a52e-4f735466cecf":"f.451C0D83FD0E10390ED4567275622C99.d.B2FEA33D959471116F751086D5EB9D3B.e.17090","ELEMENT":"f.451C0D83FD0E10390ED4567275622C99.d.B2FEA33D959471116F751086D5EB9D3B.e.17090"}]}
COMMAND: GET /session/6eb241deac570073510706dc7280b28b/screenshot - {}
RESULT: {}
RESULT: {}
COMMAND: POST /session/6eb241deac570073510706dc7280b28b/element/f.451C0D83FD0E10390ED4567275622C99.d.B2FEA33D959471116F751086D5EB9D3B.e.17090/click - {}
RESULT: {}
COMMAND: GET /session/6eb241deac570073510706dc7280b28b/screenshot - {}
COMMAND: POST /session/6eb241deac570073510706dc7280b28b/execute/async - {"script":"<script> [1562 bytes]","args":[{"selector":{"id":"application-managecontracts-display-component---AddNewContract--projectDescription","interaction":{"idSuffix":"inner"}},"wdio_ui5_key":"applicationmanagecontracts-display-component---AddNewContract--projectDescription"}]}
RESULT: {}
RESULT: {"script":"<script> [1562 bytes]","args":[{"selector":{"id":"application-managecontracts-display-component---AddNewContract--projectDescription","interaction":{"idSuffix":"inner"}},"wdio_ui5_key":"applicationmanagecontracts-display-component---AddNewContract--projectDescription"}]}
RESULT: undefined
COMMAND: POST /session/6eb241deac570073510706dc7280b28b/execute/async - {"script":"<script> [776 bytes]","args":[{"enterText":"Performance Contract WDIO","selector":{"id":"application-managecontracts-display-component---AddNewContract--projectDescription","interaction":{"idSuffix":"inner"}},"clearTextFirst":true,"interactionType":"ENTER_TEXT"}]}
RESULT: {"script":"<script> [776 bytes]","args":[{"enterText":"Performance Contract WDIO","selector":{"id":"application-managecontracts-display-component---AddNewContract--projectDescription","interaction":{"idSuffix":"inner"}},"clearTextFirst":true,"interactionType":"ENTER_TEXT"}]}
COMMAND: POST /session/6eb241deac570073510706dc7280b28b/element - {"using":"xpath","value":"//input[@id=\"application-managecontracts-display-component---AddNewContract--site-inner\"]"}
RESULT: {"using":"xpath","value":"//input[@id=\"application-managecontracts-display-component---AddNewContract--site-inner\"]"}
COMMAND: POST /session/6eb241deac570073510706dc7280b28b/element/f.451C0D83FD0E10390ED4567275622C99.d.B2FEA33D959471116F751086D5EB9D3B.e.17387/clear - {}
RESULT: {}
COMMAND: POST /session/6eb241deac570073510706dc7280b28b/element/f.451C0D83FD0E10390ED4567275622C99.d.B2FEA33D959471116F751086D5EB9D3B.e.17387/value - {"text":"2474"}
COMMAND: GET /session/6eb241deac570073510706dc7280b28b/screenshot - {}
RESULT: {"text":"2474"}
COMMAND: GET /session/6eb241deac570073510706dc7280b28b/screenshot - {}
RESULT: {}
RESULT: {}
COMMAND: POST /session/6eb241deac570073510706dc7280b28b/element - {"using":"xpath","value":"//li[.//span[text()='2474']]"}
RESULT: {"using":"xpath","value":"//li[.//span[text()='2474']]"}
COMMAND: POST /session/6eb241deac570073510706dc7280b28b/element/f.451C0D83FD0E10390ED4567275622C99.d.B2FEA33D959471116F751086D5EB9D3B.e.17410/click - {}
RESULT: {}
COMMAND: GET /session/6eb241deac570073510706dc7280b28b/screenshot - {}
RESULT: {}
COMMAND: POST /session/6eb241deac570073510706dc7280b28b/element - {"using":"xpath","value":"//input[@id=\"application-managecontracts-display-component---AddNewContract--yardId-inner\"]"}
RESULT: {"using":"xpath","value":"//input[@id=\"application-managecontracts-display-component---AddNewContract--yardId-inner\"]"}
COMMAND: GET /session/6eb241deac570073510706dc7280b28b/element/f.451C0D83FD0E10390ED4567275622C99.d.B2FEA33D959471116F751086D5EB9D3B.e.17388/property/value - {}
RESULT: {}
COMMAND: POST /session/6eb241deac570073510706dc7280b28b/element - {"using":"xpath","value":"//input[@id=\"application-managecontracts-display-component---AddNewContract--customerSelect-inner\"]"}
COMMAND: GET /session/6eb241deac570073510706dc7280b28b/screenshot - {}
RESULT: {"using":"xpath","value":"//input[@id=\"application-managecontracts-display-component---AddNewContract--customerSelect-inner\"]"}
COMMAND: POST /session/6eb241deac570073510706dc7280b28b/element/f.451C0D83FD0E10390ED4567275622C99.d.B2FEA33D959471116F751086D5EB9D3B.e.17386/clear - {}
RESULT: {}
RESULT: {}
COMMAND: POST /session/6eb241deac570073510706dc7280b28b/element/f.451C0D83FD0E10390ED4567275622C99.d.B2FEA33D959471116F751086D5EB9D3B.e.17386/value - {"text":"1516"}
COMMAND: GET /session/6eb241deac570073510706dc7280b28b/screenshot - {}
RESULT: {"text":"1516"}
COMMAND: GET /session/6eb241deac570073510706dc7280b28b/screenshot - {}
COMMAND: POST /session/6eb241deac570073510706dc7280b28b/element - {"using":"xpath","value":"//li[.//span[text()='1516']]"}
RESULT: {}
RESULT: {}
RESULT: {"using":"xpath","value":"//li[.//span[text()='1516']]"}
COMMAND: POST /session/6eb241deac570073510706dc7280b28b/element/f.451C0D83FD0E10390ED4567275622C99.d.B2FEA33D959471116F751086D5EB9D3B.e.17413/click - {}
RESULT: {}
COMMAND: GET /session/6eb241deac570073510706dc7280b28b/screenshot - {}
RESULT: {}
COMMAND: POST /session/6eb241deac570073510706dc7280b28b/element - {"using":"xpath","value":"//button[@data-kt=\"saveButton\"]"}
RESULT: {"using":"xpath","value":"//button[@data-kt=\"saveButton\"]"}
COMMAND: POST /session/6eb241deac570073510706dc7280b28b/element/f.451C0D83FD0E10390ED4567275622C99.d.B2FEA33D959471116F751086D5EB9D3B.e.17403/click - {}
RESULT: {}
COMMAND: GET /session/6eb241deac570073510706dc7280b28b/screenshot - {}
RESULT: {}
COMMAND: POST /session/6eb241deac570073510706dc7280b28b/element - {"using":"xpath","value":"//span[contains(@id ,\"contractDetailTitleNoExpanded\")]"}
RESULT: {"using":"xpath","value":"//span[contains(@id ,\"contractDetailTitleNoExpanded\")]"}
COMMAND: POST /session/6eb241deac570073510706dc7280b28b/elements - {"using":"xpath","value":"//span[contains(@id ,\"contractDetailTitleNoExpanded\")]"}
RESULT: {"using":"xpath","value":"//span[contains(@id ,\"contractDetailTitleNoExpanded\")]"}
COMMAND: POST /session/6eb241deac570073510706dc7280b28b/execute/sync - {"script":"<script> [56 bytes]","args":[{"element-6066-11e4-a52e-4f735466cecf":"f.451C0D83FD0E10390ED4567275622C99.d.B2FEA33D959471116F751086D5EB9D3B.e.17423","ELEMENT":"f.451C0D83FD0E10390ED4567275622C99.d.B2FEA33D959471116F751086D5EB9D3B.e.17423"}]}
RESULT: {"script":"<script> [56 bytes]","args":[{"element-6066-11e4-a52e-4f735466cecf":"f.451C0D83FD0E10390ED4567275622C99.d.B2FEA33D959471116F751086D5EB9D3B.e.17423","ELEMENT":"f.451C0D83FD0E10390ED4567275622C99.d.B2FEA33D959471116F751086D5EB9D3B.e.17423"}]}
COMMAND: GET /session/6eb241deac570073510706dc7280b28b/screenshot - {}
RESULT: {}
]]></system-out>
    </testcase>
    <testcase classname="chrome.135_0_7049_115.windows.Performance_based_billing_(work_days)_US139742" name="Should add equipment to the contract" time="52.559">
      <system-out><![CDATA[
COMMAND: POST /session/6eb241deac570073510706dc7280b28b/element - {"using":"xpath","value":"//button[@data-kt=\"contractDetailEditBtnButton\"]"}
RESULT: {"using":"xpath","value":"//button[@data-kt=\"contractDetailEditBtnButton\"]"}
COMMAND: POST /session/6eb241deac570073510706dc7280b28b/element/f.451C0D83FD0E10390ED4567275622C99.d.B2FEA33D959471116F751086D5EB9D3B.e.17425/click - {}
RESULT: {}
COMMAND: GET /session/6eb241deac570073510706dc7280b28b/screenshot - {}
RESULT: {}
COMMAND: POST /session/6eb241deac570073510706dc7280b28b/element - {"using":"xpath","value":"(//span[contains(text(), \"Additional Addresses\")])[2]"}
RESULT: {"using":"xpath","value":"(//span[contains(text(), \"Additional Addresses\")])[2]"}
COMMAND: POST /session/6eb241deac570073510706dc7280b28b/element/f.451C0D83FD0E10390ED4567275622C99.d.B2FEA33D959471116F751086D5EB9D3B.e.17480/click - {}
RESULT: {}
COMMAND: GET /session/6eb241deac570073510706dc7280b28b/screenshot - {}
RESULT: {}
COMMAND: POST /session/6eb241deac570073510706dc7280b28b/element - {"using":"xpath","value":"//button[@data-kt=\"btnAddTableRowOverflowToolbarButton\"]"}
RESULT: {"using":"xpath","value":"//button[@data-kt=\"btnAddTableRowOverflowToolbarButton\"]"}
COMMAND: POST /session/6eb241deac570073510706dc7280b28b/element/f.451C0D83FD0E10390ED4567275622C99.d.B2FEA33D959471116F751086D5EB9D3B.e.17482/click - {}
RESULT: {}
COMMAND: GET /session/6eb241deac570073510706dc7280b28b/screenshot - {}
RESULT: {}
COMMAND: POST /session/6eb241deac570073510706dc7280b28b/element - {"using":"xpath","value":"//div[(text() = 'Standard Entry' or . = 'Standard Entry')]"}
RESULT: {"using":"xpath","value":"//div[(text() = 'Standard Entry' or . = 'Standard Entry')]"}
COMMAND: POST /session/6eb241deac570073510706dc7280b28b/element/f.451C0D83FD0E10390ED4567275622C99.d.B2FEA33D959471116F751086D5EB9D3B.e.17484/click - {}
RESULT: {}
COMMAND: GET /session/6eb241deac570073510706dc7280b28b/screenshot - {}
RESULT: {}
COMMAND: POST /session/6eb241deac570073510706dc7280b28b/element - {"using":"xpath","value":"//td[7]/div/div/input"}
RESULT: {"using":"xpath","value":"//td[7]/div/div/input"}
COMMAND: POST /session/6eb241deac570073510706dc7280b28b/element/f.451C0D83FD0E10390ED4567275622C99.d.B2FEA33D959471116F751086D5EB9D3B.e.17493/clear - {}
RESULT: {}
COMMAND: POST /session/6eb241deac570073510706dc7280b28b/element/f.451C0D83FD0E10390ED4567275622C99.d.B2FEA33D959471116F751086D5EB9D3B.e.17493/value - {"text":"3jmRsoQJFA"}
COMMAND: GET /session/6eb241deac570073510706dc7280b28b/screenshot - {}
RESULT: {"text":"3jmRsoQJFA"}
COMMAND: GET /session/6eb241deac570073510706dc7280b28b/screenshot - {}
RESULT: {}
RESULT: {}
COMMAND: POST /session/6eb241deac570073510706dc7280b28b/actions - {"actions":[{"id":"action61","type":"key","parameters":{},"actions":[{"type":"keyDown","value":"î€‡"},{"type":"pause","duration":10},{"type":"keyUp","value":"î€‡"}]}]}
RESULT: {"actions":[{"id":"action61","type":"key","parameters":{},"actions":[{"type":"keyDown","value":"î€‡"},{"type":"pause","duration":10},{"type":"keyUp","value":"î€‡"}]}]}
COMMAND: GET /session/6eb241deac570073510706dc7280b28b/screenshot - {}
RESULT: {}
COMMAND: POST /session/6eb241deac570073510706dc7280b28b/execute/sync - {"script":"<script> [276 bytes]","args":["No pricing information was found"]}
RESULT: {"script":"<script> [276 bytes]","args":["No pricing information was found"]}
COMMAND: POST /session/6eb241deac570073510706dc7280b28b/element - {"using":"xpath","value":"(//button[@data-kt=\"saveButton\"])[2]"}
COMMAND: GET /session/6eb241deac570073510706dc7280b28b/screenshot - {}
RESULT: {"using":"xpath","value":"(//button[@data-kt=\"saveButton\"])[2]"}
COMMAND: POST /session/6eb241deac570073510706dc7280b28b/element/f.451C0D83FD0E10390ED4567275622C99.d.B2FEA33D959471116F751086D5EB9D3B.e.17508/click - {}
RESULT: {}
RESULT: {}
COMMAND: GET /session/6eb241deac570073510706dc7280b28b/screenshot - {}
RESULT: {}
COMMAND: POST /session/6eb241deac570073510706dc7280b28b/execute/sync - {"script":"<script> [276 bytes]","args":["Some contract items are having rental validity exceeding header rental validity"]}
RESULT: {"script":"<script> [276 bytes]","args":["Some contract items are having rental validity exceeding header rental validity"]}
COMMAND: GET /session/6eb241deac570073510706dc7280b28b/screenshot - {}
RESULT: {}
COMMAND: POST /session/6eb241deac570073510706dc7280b28b/element - {"using":"xpath","value":"//span[contains(@id ,\"contractItemsSmartTable-header-inner\")]"}
RESULT: {"using":"xpath","value":"//span[contains(@id ,\"contractItemsSmartTable-header-inner\")]"}
COMMAND: POST /session/6eb241deac570073510706dc7280b28b/elements - {"using":"xpath","value":"//span[contains(@id ,\"contractItemsSmartTable-header-inner\")]"}
RESULT: {"using":"xpath","value":"//span[contains(@id ,\"contractItemsSmartTable-header-inner\")]"}
COMMAND: POST /session/6eb241deac570073510706dc7280b28b/execute/sync - {"script":"<script> [56 bytes]","args":[{"element-6066-11e4-a52e-4f735466cecf":"f.451C0D83FD0E10390ED4567275622C99.d.B2FEA33D959471116F751086D5EB9D3B.e.17514","ELEMENT":"f.451C0D83FD0E10390ED4567275622C99.d.B2FEA33D959471116F751086D5EB9D3B.e.17514"}]}
RESULT: {"script":"<script> [56 bytes]","args":[{"element-6066-11e4-a52e-4f735466cecf":"f.451C0D83FD0E10390ED4567275622C99.d.B2FEA33D959471116F751086D5EB9D3B.e.17514","ELEMENT":"f.451C0D83FD0E10390ED4567275622C99.d.B2FEA33D959471116F751086D5EB9D3B.e.17514"}]}
COMMAND: GET /session/6eb241deac570073510706dc7280b28b/screenshot - {}
]]></system-out>
    </testcase>
    <testcase classname="chrome.135_0_7049_115.windows.Performance_based_billing_(work_days)_US139742" name="Should do a provide to site handover" time="69.703">
      <system-out><![CDATA[
COMMAND: POST /session/6eb241deac570073510706dc7280b28b/element - {"using":"xpath","value":"//button[@data-kt=\"provideButton\"]"}
RESULT: {}
RESULT: {"using":"xpath","value":"//button[@data-kt=\"provideButton\"]"}
COMMAND: POST /session/6eb241deac570073510706dc7280b28b/element/f.451C0D83FD0E10390ED4567275622C99.d.B2FEA33D959471116F751086D5EB9D3B.e.17516/click - {}
RESULT: {}
COMMAND: GET /session/6eb241deac570073510706dc7280b28b/screenshot - {}
RESULT: undefined
COMMAND: POST /session/6eb241deac570073510706dc7280b28b/execute/async - {"script":"<script> [6424 bytes]","args":[{"element-6066-11e4-a52e-4f735466cecf":"f.451C0D83FD0E10390ED4567275622C99.d.B2FEA33D959471116F751086D5EB9D3B.e.16504"},"setValue",["05/06/2025"]]}
RESULT: {}
COMMAND: POST /session/6eb241deac570073510706dc7280b28b/execute/async - {"script":"<script> [1562 bytes]","args":[{"selector":{"id":"application-managehandovers-display-component---AddNewHO--dueDate","interaction":{"idSuffix":"inner"}},"wdio_ui5_key":"applicationmanagehandovers-display-component---AddNewHO--dueDate"}]}
RESULT: {"script":"<script> [1562 bytes]","args":[{"selector":{"id":"application-managehandovers-display-component---AddNewHO--dueDate","interaction":{"idSuffix":"inner"}},"wdio_ui5_key":"applicationmanagehandovers-display-component---AddNewHO--dueDate"}]}
COMMAND: POST /session/6eb241deac570073510706dc7280b28b/execute/async - {"script":"<script> [6424 bytes]","args":[{"element-6066-11e4-a52e-4f735466cecf":"f.451C0D83FD0E10390ED4567275622C99.d.B2FEA33D959471116F751086D5EB9D3B.e.17581"},"setValue",["05/06/2025"]]}
RESULT: {"script":"<script> [6424 bytes]","args":[{"element-6066-11e4-a52e-4f735466cecf":"f.451C0D83FD0E10390ED4567275622C99.d.B2FEA33D959471116F751086D5EB9D3B.e.17581"},"setValue",["05/06/2025"]]}
COMMAND: POST /session/6eb241deac570073510706dc7280b28b/element - {"using":"xpath","value":"//bdi[contains(text(), \"Instructions\")]"}
RESULT: {"using":"xpath","value":"//bdi[contains(text(), \"Instructions\")]"}
COMMAND: POST /session/6eb241deac570073510706dc7280b28b/element/f.451C0D83FD0E10390ED4567275622C99.d.B2FEA33D959471116F751086D5EB9D3B.e.17796/click - {}
RESULT: {}
COMMAND: GET /session/6eb241deac570073510706dc7280b28b/screenshot - {}
RESULT: {}
COMMAND: POST /session/6eb241deac570073510706dc7280b28b/element - {"using":"xpath","value":"//button[@data-kt=\"AddNewHOProvideAddItemsButton\"]"}
RESULT: {"using":"xpath","value":"//button[@data-kt=\"AddNewHOProvideAddItemsButton\"]"}
COMMAND: POST /session/6eb241deac570073510706dc7280b28b/element/f.451C0D83FD0E10390ED4567275622C99.d.B2FEA33D959471116F751086D5EB9D3B.e.17800/click - {}
RESULT: {}
COMMAND: GET /session/6eb241deac570073510706dc7280b28b/screenshot - {}
RESULT: {}
RESULT: undefined
COMMAND: POST /session/6eb241deac570073510706dc7280b28b/element - {"using":"xpath","value":"//*[@id=\"application-managehandovers-display-component---AddNewHO--popup-sa\"]"}
RESULT: {"using":"xpath","value":"//*[@id=\"application-managehandovers-display-component---AddNewHO--popup-sa\"]"}
COMMAND: POST /session/6eb241deac570073510706dc7280b28b/element/f.451C0D83FD0E10390ED4567275622C99.d.B2FEA33D959471116F751086D5EB9D3B.e.17811/click - {}
RESULT: {}
COMMAND: GET /session/6eb241deac570073510706dc7280b28b/screenshot - {}
RESULT: {}
COMMAND: POST /session/6eb241deac570073510706dc7280b28b/element - {"using":"xpath","value":"//*[contains(@id ,\"BDI-content\")][contains(text(), \"Select\")]"}
RESULT: {"using":"xpath","value":"//*[contains(@id ,\"BDI-content\")][contains(text(), \"Select\")]"}
COMMAND: POST /session/6eb241deac570073510706dc7280b28b/element/f.451C0D83FD0E10390ED4567275622C99.d.B2FEA33D959471116F751086D5EB9D3B.e.17813/click - {}
RESULT: {}
COMMAND: GET /session/6eb241deac570073510706dc7280b28b/screenshot - {}
RESULT: {}
COMMAND: POST /session/6eb241deac570073510706dc7280b28b/execute/async - {"script":"<script> [1562 bytes]","args":[{"selector":{"id":"application-managehandovers-display-component---AddNewHO--confirmCreationButton","interaction":{"idSuffix":"BDI-content"}},"wdio_ui5_key":"applicationmanagehandovers-display-component---AddNewHO--confirmCreationButton"}]}
RESULT: {"script":"<script> [1562 bytes]","args":[{"selector":{"id":"application-managehandovers-display-component---AddNewHO--confirmCreationButton","interaction":{"idSuffix":"BDI-content"}},"wdio_ui5_key":"applicationmanagehandovers-display-component---AddNewHO--confirmCreationButton"}]}
RESULT: undefined
COMMAND: POST /session/6eb241deac570073510706dc7280b28b/element - {"using":"xpath","value":"//*[@id=\"application-managehandovers-display-component---AddNewHO--confirmCreationButton\"]"}
RESULT: {"using":"xpath","value":"//*[@id=\"application-managehandovers-display-component---AddNewHO--confirmCreationButton\"]"}
COMMAND: POST /session/6eb241deac570073510706dc7280b28b/element/f.451C0D83FD0E10390ED4567275622C99.d.B2FEA33D959471116F751086D5EB9D3B.e.17603/click - {}
RESULT: {}
COMMAND: GET /session/6eb241deac570073510706dc7280b28b/screenshot - {}
RESULT: {}
COMMAND: POST /session/6eb241deac570073510706dc7280b28b/element - {"using":"xpath","value":"//button[@data-kt=\"PickingTableConfirmAllButton\"]"}
RESULT: {"using":"xpath","value":"//button[@data-kt=\"PickingTableConfirmAllButton\"]"}
COMMAND: POST /session/6eb241deac570073510706dc7280b28b/elements - {"using":"xpath","value":"//button[@data-kt=\"PickingTableConfirmAllButton\"]"}
RESULT: {"using":"xpath","value":"//button[@data-kt=\"PickingTableConfirmAllButton\"]"}
COMMAND: POST /session/6eb241deac570073510706dc7280b28b/element - {"using":"xpath","value":"//button[@data-kt=\"PickingTableConfirmAllButton\"]"}
RESULT: {"using":"xpath","value":"//button[@data-kt=\"PickingTableConfirmAllButton\"]"}
COMMAND: POST /session/6eb241deac570073510706dc7280b28b/element/f.451C0D83FD0E10390ED4567275622C99.d.B2FEA33D959471116F751086D5EB9D3B.e.17850/click - {}
COMMAND: POST /session/6eb241deac570073510706dc7280b28b/element - {"using":"xpath","value":"//button[@data-kt=\"PickingTableConfirmAllButton\"]"}
RESULT: {"using":"xpath","value":"//button[@data-kt=\"PickingTableConfirmAllButton\"]"}
COMMAND: POST /session/6eb241deac570073510706dc7280b28b/element/f.451C0D83FD0E10390ED4567275622C99.d.B2FEA33D959471116F751086D5EB9D3B.e.17850/click - {}
COMMAND: POST /session/6eb241deac570073510706dc7280b28b/element - {"using":"xpath","value":"//button[@data-kt=\"PickingTableConfirmAllButton\"]"}
RESULT: {"using":"xpath","value":"//button[@data-kt=\"PickingTableConfirmAllButton\"]"}
COMMAND: POST /session/6eb241deac570073510706dc7280b28b/element/f.451C0D83FD0E10390ED4567275622C99.d.B2FEA33D959471116F751086D5EB9D3B.e.17873/click - {}
RESULT: {}
COMMAND: GET /session/6eb241deac570073510706dc7280b28b/screenshot - {}
RESULT: {}
COMMAND: POST /session/6eb241deac570073510706dc7280b28b/element - {"using":"xpath","value":"//bdi[contains(text(), \"OK\")]"}
RESULT: {"using":"xpath","value":"//bdi[contains(text(), \"OK\")]"}
COMMAND: POST /session/6eb241deac570073510706dc7280b28b/element/f.451C0D83FD0E10390ED4567275622C99.d.B2FEA33D959471116F751086D5EB9D3B.e.17875/click - {}
RESULT: {}
COMMAND: GET /session/6eb241deac570073510706dc7280b28b/screenshot - {}
RESULT: {}
COMMAND: POST /session/6eb241deac570073510706dc7280b28b/element - {"using":"xpath","value":"//bdi[contains(text(), \"Ok\")]"}
RESULT: {"using":"xpath","value":"//bdi[contains(text(), \"Ok\")]"}
COMMAND: POST /session/6eb241deac570073510706dc7280b28b/element/f.451C0D83FD0E10390ED4567275622C99.d.B2FEA33D959471116F751086D5EB9D3B.e.17884/click - {}
RESULT: {}
COMMAND: GET /session/6eb241deac570073510706dc7280b28b/screenshot - {}
RESULT: {}
COMMAND: POST /session/6eb241deac570073510706dc7280b28b/element - {"using":"xpath","value":"//bdi[contains(text(), \"Issue\")]"}
RESULT: {"using":"xpath","value":"//bdi[contains(text(), \"Issue\")]"}
COMMAND: POST /session/6eb241deac570073510706dc7280b28b/element/f.451C0D83FD0E10390ED4567275622C99.d.B2FEA33D959471116F751086D5EB9D3B.e.17886/click - {}
RESULT: {}
COMMAND: GET /session/6eb241deac570073510706dc7280b28b/screenshot - {}
RESULT: {}
COMMAND: POST /session/6eb241deac570073510706dc7280b28b/element - {"using":"css selector","value":"#shell-header-logo"}
RESULT: {"using":"css selector","value":"#shell-header-logo"}
COMMAND: POST /session/6eb241deac570073510706dc7280b28b/element/f.451C0D83FD0E10390ED4567275622C99.d.B2FEA33D959471116F751086D5EB9D3B.e.17024/click - {}
RESULT: {}
COMMAND: GET /session/6eb241deac570073510706dc7280b28b/screenshot - {}
RESULT: {}
]]></system-out>
    </testcase>
    <testcase classname="chrome.135_0_7049_115.windows.Performance_based_billing_(work_days)_US139742" name="Should create a few performance documents" time="101.316">
      <system-out><![CDATA[
COMMAND: POST /session/6eb241deac570073510706dc7280b28b/window/fullscreen - {}
RESULT: {}
COMMAND: POST /session/6eb241deac570073510706dc7280b28b/execute/async - {"script":"<script> [1562 bytes]","args":[{"selector":{"controlType":"sap.m.GenericTile","properties":{"header":"Manage States & Performance"}},"wdio_ui5_key":"sapm.GenericTile{\"header\":\"Manage States & Performance\"}"}]}
RESULT: {"script":"<script> [1562 bytes]","args":[{"selector":{"controlType":"sap.m.GenericTile","properties":{"header":"Manage States & Performance"}},"wdio_ui5_key":"sapm.GenericTile{\"header\":\"Manage States & Performance\"}"}]}
RESULT: undefined
COMMAND: POST /session/6eb241deac570073510706dc7280b28b/element - {"using":"xpath","value":"//*[@id=\"__tile56\"]"}
RESULT: {"using":"xpath","value":"//*[@id=\"__tile56\"]"}
COMMAND: POST /session/6eb241deac570073510706dc7280b28b/element/f.451C0D83FD0E10390ED4567275622C99.d.B2FEA33D959471116F751086D5EB9D3B.e.14467/click - {}
RESULT: {}
COMMAND: POST /session/6eb241deac570073510706dc7280b28b/element - {"using":"xpath","value":"//div[@id=\"application-managestatesandperformance-display-component---stateAndPerform--smartFilterBarResources-btnBasicSearch\"]"}
COMMAND: GET /session/6eb241deac570073510706dc7280b28b/screenshot - {}
RESULT: {"using":"xpath","value":"//div[@id=\"application-managestatesandperformance-display-component---stateAndPerform--smartFilterBarResources-btnBasicSearch\"]"}
COMMAND: POST /session/6eb241deac570073510706dc7280b28b/elements - {"using":"xpath","value":"//div[@id=\"application-managestatesandperformance-display-component---stateAndPerform--smartFilterBarResources-btnBasicSearch\"]"}
RESULT: {}
RESULT: {"using":"xpath","value":"//div[@id=\"application-managestatesandperformance-display-component---stateAndPerform--smartFilterBarResources-btnBasicSearch\"]"}
COMMAND: POST /session/6eb241deac570073510706dc7280b28b/element - {"using":"xpath","value":"//div[@id=\"application-managestatesandperformance-display-component---stateAndPerform--smartFilterBarResources-btnBasicSearch\"]"}
RESULT: {"using":"xpath","value":"//div[@id=\"application-managestatesandperformance-display-component---stateAndPerform--smartFilterBarResources-btnBasicSearch\"]"}
COMMAND: POST /session/6eb241deac570073510706dc7280b28b/execute/sync - {"script":"<script> [8489 bytes]","args":[{"element-6066-11e4-a52e-4f735466cecf":"f.451C0D83FD0E10390ED4567275622C99.d.B2FEA33D959471116F751086D5EB9D3B.e.18144","ELEMENT":"f.451C0D83FD0E10390ED4567275622C99.d.B2FEA33D959471116F751086D5EB9D3B.e.18144"}]}
RESULT: {"script":"<script> [8489 bytes]","args":[{"element-6066-11e4-a52e-4f735466cecf":"f.451C0D83FD0E10390ED4567275622C99.d.B2FEA33D959471116F751086D5EB9D3B.e.18144","ELEMENT":"f.451C0D83FD0E10390ED4567275622C99.d.B2FEA33D959471116F751086D5EB9D3B.e.18144"}]}
COMMAND: GET /session/6eb241deac570073510706dc7280b28b/element/f.451C0D83FD0E10390ED4567275622C99.d.B2FEA33D959471116F751086D5EB9D3B.e.18144/enabled - {}
COMMAND: GET /session/6eb241deac570073510706dc7280b28b/screenshot - {}
RESULT: {}
COMMAND: POST /session/6eb241deac570073510706dc7280b28b/execute/sync - {"script":"<script> [8489 bytes]","args":[{"element-6066-11e4-a52e-4f735466cecf":"f.451C0D83FD0E10390ED4567275622C99.d.B2FEA33D959471116F751086D5EB9D3B.e.18144","ELEMENT":"f.451C0D83FD0E10390ED4567275622C99.d.B2FEA33D959471116F751086D5EB9D3B.e.18144"}]}
COMMAND: GET /session/6eb241deac570073510706dc7280b28b/screenshot - {}
RESULT: {}
RESULT: {"script":"<script> [8489 bytes]","args":[{"element-6066-11e4-a52e-4f735466cecf":"f.451C0D83FD0E10390ED4567275622C99.d.B2FEA33D959471116F751086D5EB9D3B.e.18144","ELEMENT":"f.451C0D83FD0E10390ED4567275622C99.d.B2FEA33D959471116F751086D5EB9D3B.e.18144"}]}
COMMAND: POST /session/6eb241deac570073510706dc7280b28b/execute/sync - {"script":"<script> [5351 bytes]","args":[{"element-6066-11e4-a52e-4f735466cecf":"f.451C0D83FD0E10390ED4567275622C99.d.B2FEA33D959471116F751086D5EB9D3B.e.18144","ELEMENT":"f.451C0D83FD0E10390ED4567275622C99.d.B2FEA33D959471116F751086D5EB9D3B.e.18144"}]}
COMMAND: GET /session/6eb241deac570073510706dc7280b28b/screenshot - {}
RESULT: {}
RESULT: {"script":"<script> [5351 bytes]","args":[{"element-6066-11e4-a52e-4f735466cecf":"f.451C0D83FD0E10390ED4567275622C99.d.B2FEA33D959471116F751086D5EB9D3B.e.18144","ELEMENT":"f.451C0D83FD0E10390ED4567275622C99.d.B2FEA33D959471116F751086D5EB9D3B.e.18144"}]}
COMMAND: POST /session/6eb241deac570073510706dc7280b28b/execute/async - {"script":"<script> [1562 bytes]","args":[{"selector":{"id":"application-managestatesandperformance-display-component---stateAndPerform--smartFilterBarResources-btnBasicSearch","interaction":{"idSuffix":"I"}},"wdio_ui5_key":"applicationmanagestatesandperformance-display-component---stateAndPerform--smartFilterBarResources-btnBasicSearch"}]}
COMMAND: GET /session/6eb241deac570073510706dc7280b28b/screenshot - {}
RESULT: {}
RESULT: {"script":"<script> [1562 bytes]","args":[{"selector":{"id":"application-managestatesandperformance-display-component---stateAndPerform--smartFilterBarResources-btnBasicSearch","interaction":{"idSuffix":"I"}},"wdio_ui5_key":"applicationmanagestatesandperformance-display-component---stateAndPerform--smartFilterBarResources-btnBasicSearch"}]}
RESULT: undefined
COMMAND: POST /session/6eb241deac570073510706dc7280b28b/execute/async - {"script":"<script> [776 bytes]","args":[{"enterText":"3jmRsoQJFA","selector":{"id":"application-managestatesandperformance-display-component---stateAndPerform--smartFilterBarResources-btnBasicSearch","interaction":{"idSuffix":"I"}},"clearTextFirst":true,"interactionType":"ENTER_TEXT"}]}
RESULT: {}
RESULT: {"script":"<script> [776 bytes]","args":[{"enterText":"3jmRsoQJFA","selector":{"id":"application-managestatesandperformance-display-component---stateAndPerform--smartFilterBarResources-btnBasicSearch","interaction":{"idSuffix":"I"}},"clearTextFirst":true,"interactionType":"ENTER_TEXT"}]}
COMMAND: POST /session/6eb241deac570073510706dc7280b28b/actions - {"actions":[{"id":"action62","type":"key","parameters":{},"actions":[{"type":"keyDown","value":"î€‡"},{"type":"pause","duration":10},{"type":"keyUp","value":"î€‡"}]}]}
RESULT: {"actions":[{"id":"action62","type":"key","parameters":{},"actions":[{"type":"keyDown","value":"î€‡"},{"type":"pause","duration":10},{"type":"keyUp","value":"î€‡"}]}]}
COMMAND: GET /session/6eb241deac570073510706dc7280b28b/screenshot - {}
RESULT: {}
COMMAND: POST /session/6eb241deac570073510706dc7280b28b/execute/async - {"script":"<script> [1562 bytes]","args":[{"selector":{"id":"application-managestatesandperformance-display-component---stateAndPerform--stateAndPerformResourcesSmartTable-header"},"wdio_ui5_key":"applicationmanagestatesandperformance-display-component---stateAndPerform--stateAndPerformResourcesSmartTable-header"}]}
RESULT: {"script":"<script> [1562 bytes]","args":[{"selector":{"id":"application-managestatesandperformance-display-component---stateAndPerform--stateAndPerformResourcesSmartTable-header"},"wdio_ui5_key":"applicationmanagestatesandperformance-display-component---stateAndPerform--stateAndPerformResourcesSmartTable-header"}]}
RESULT: undefined
COMMAND: POST /session/6eb241deac570073510706dc7280b28b/execute/async - {"script":"<script> [6424 bytes]","args":[{"element-6066-11e4-a52e-4f735466cecf":"f.451C0D83FD0E10390ED4567275622C99.d.B2FEA33D959471116F751086D5EB9D3B.e.18162"},"getText",[]]}
RESULT: {"script":"<script> [6424 bytes]","args":[{"element-6066-11e4-a52e-4f735466cecf":"f.451C0D83FD0E10390ED4567275622C99.d.B2FEA33D959471116F751086D5EB9D3B.e.18162"},"getText",[]]}
COMMAND: POST /session/6eb241deac570073510706dc7280b28b/execute/async - {"script":"<script> [1562 bytes]","args":[{"selector":{"controlType":"sap.ui.core.Icon","viewName":"etm.portal.ui.managestatesandperformance.view.Master","viewId":"application-managestatesandperformance-display-component---stateAndPerform","properties":{"src":{"regex":{"source":"slim\\-arrow\\-right"}}}},"wdio_ui5_key":"etmportal.ui.managestatesandperformance.view.Mastersap.ui.core.Icon{\"src\":{\"regex\":{\"source\":\"slim\\\\-arrow\\\\-right\"}}}"}]}
RESULT: {"script":"<script> [1562 bytes]","args":[{"selector":{"controlType":"sap.ui.core.Icon","viewName":"etm.portal.ui.managestatesandperformance.view.Master","viewId":"application-managestatesandperformance-display-component---stateAndPerform","properties":{"src":{"regex":{"source":"slim\\-arrow\\-right"}}}},"wdio_ui5_key":"etmportal.ui.managestatesandperformance.view.Mastersap.ui.core.Icon{\"src\":{\"regex\":{\"source\":\"slim\\\\-arrow\\\\-right\"}}}"}]}
RESULT: undefined
COMMAND: POST /session/6eb241deac570073510706dc7280b28b/element - {"using":"xpath","value":"//*[@id=\"__item3990-__clone6574-imgNav\"]"}
RESULT: {"using":"xpath","value":"//*[@id=\"__item3990-__clone6574-imgNav\"]"}
COMMAND: POST /session/6eb241deac570073510706dc7280b28b/element/f.451C0D83FD0E10390ED4567275622C99.d.B2FEA33D959471116F751086D5EB9D3B.e.18160/click - {}
RESULT: {}
COMMAND: GET /session/6eb241deac570073510706dc7280b28b/screenshot - {}
RESULT: {}
COMMAND: POST /session/6eb241deac570073510706dc7280b28b/execute/async - {"script":"<script> [1562 bytes]","args":[{"selector":{"controlType":"sap.m.Button","viewName":"etm.portal.ui.managestatesandperformance.view.Detail","viewId":"application-managestatesandperformance-display-component---detailStateAndPerform","properties":{"text":"Performance Documents"}},"wdio_ui5_key":"etmportal.ui.managestatesandperformance.view.Detailsap.m.Button{\"text\":\"Performance Documents\"}"}]}
RESULT: {"script":"<script> [1562 bytes]","args":[{"selector":{"controlType":"sap.m.Button","viewName":"etm.portal.ui.managestatesandperformance.view.Detail","viewId":"application-managestatesandperformance-display-component---detailStateAndPerform","properties":{"text":"Performance Documents"}},"wdio_ui5_key":"etmportal.ui.managestatesandperformance.view.Detailsap.m.Button{\"text\":\"Performance Documents\"}"}]}
RESULT: undefined
COMMAND: POST /session/6eb241deac570073510706dc7280b28b/element - {"using":"xpath","value":"//*[@id=\"__item4013-button\"]"}
RESULT: {"using":"xpath","value":"//*[@id=\"__item4013-button\"]"}
COMMAND: POST /session/6eb241deac570073510706dc7280b28b/element/f.451C0D83FD0E10390ED4567275622C99.d.B2FEA33D959471116F751086D5EB9D3B.e.18208/click - {}
RESULT: {}
COMMAND: POST /session/6eb241deac570073510706dc7280b28b/execute/async - {"script":"<script> [1562 bytes]","args":[{"selector":{"controlType":"sap.m.Button","viewName":"etm.portal.ui.managestatesandperformance.view.Detail","viewId":"application-managestatesandperformance-display-component---detailStateAndPerform","i18NText":{"propertyName":"text","key":"createPerformanceDoc"},"interaction":{"idSuffix":"BDI-content"}},"wdio_ui5_key":"etmportal.ui.managestatesandperformance.view.Detailsap.m.Button{\"propertyName\":\"text\",\"key\":\"createPerformanceDoc\"}"}]}
COMMAND: GET /session/6eb241deac570073510706dc7280b28b/screenshot - {}
RESULT: {"script":"<script> [1562 bytes]","args":[{"selector":{"controlType":"sap.m.Button","viewName":"etm.portal.ui.managestatesandperformance.view.Detail","viewId":"application-managestatesandperformance-display-component---detailStateAndPerform","i18NText":{"propertyName":"text","key":"createPerformanceDoc"},"interaction":{"idSuffix":"BDI-content"}},"wdio_ui5_key":"etmportal.ui.managestatesandperformance.view.Detailsap.m.Button{\"propertyName\":\"text\",\"key\":\"createPerformanceDoc\"}"}]}
RESULT: undefined
COMMAND: POST /session/6eb241deac570073510706dc7280b28b/element - {"using":"xpath","value":"//*[@id=\"__button378\"]"}
RESULT: {}
RESULT: {"using":"xpath","value":"//*[@id=\"__button378\"]"}
COMMAND: POST /session/6eb241deac570073510706dc7280b28b/element/f.451C0D83FD0E10390ED4567275622C99.d.B2FEA33D959471116F751086D5EB9D3B.e.18212/click - {}
RESULT: {}
COMMAND: POST /session/6eb241deac570073510706dc7280b28b/execute/async - {"script":"<script> [1562 bytes]","args":[{"selector":{"id":"application-managestatesandperformance-display-component---detailStateAndPerform--perfDocDatePicker","searchOpenDialogs":true,"interaction":{"idSuffix":"inner"}},"wdio_ui5_key":"applicationmanagestatesandperformance-display-component---detailStateAndPerform--perfDocDatePicker"}]}
COMMAND: GET /session/6eb241deac570073510706dc7280b28b/screenshot - {}
RESULT: {"script":"<script> [1562 bytes]","args":[{"selector":{"id":"application-managestatesandperformance-display-component---detailStateAndPerform--perfDocDatePicker","searchOpenDialogs":true,"interaction":{"idSuffix":"inner"}},"wdio_ui5_key":"applicationmanagestatesandperformance-display-component---detailStateAndPerform--perfDocDatePicker"}]}
RESULT: undefined
COMMAND: POST /session/6eb241deac570073510706dc7280b28b/execute/async - {"script":"<script> [776 bytes]","args":[{"enterText":"05/08/25","selector":{"id":"application-managestatesandperformance-display-component---detailStateAndPerform--perfDocDatePicker","searchOpenDialogs":true,"interaction":{"idSuffix":"inner"}},"clearTextFirst":true,"interactionType":"ENTER_TEXT"}]}
RESULT: {}
RESULT: {"script":"<script> [776 bytes]","args":[{"enterText":"05/08/25","selector":{"id":"application-managestatesandperformance-display-component---detailStateAndPerform--perfDocDatePicker","searchOpenDialogs":true,"interaction":{"idSuffix":"inner"}},"clearTextFirst":true,"interactionType":"ENTER_TEXT"}]}
COMMAND: POST /session/6eb241deac570073510706dc7280b28b/execute/async - {"script":"<script> [1562 bytes]","args":[{"selector":{"id":"application-managestatesandperformance-display-component---detailStateAndPerform--counterValue-input","searchOpenDialogs":true,"interaction":{"idSuffix":"inner"}},"wdio_ui5_key":"applicationmanagestatesandperformance-display-component---detailStateAndPerform--counterValue-input"}]}
RESULT: {"script":"<script> [1562 bytes]","args":[{"selector":{"id":"application-managestatesandperformance-display-component---detailStateAndPerform--counterValue-input","searchOpenDialogs":true,"interaction":{"idSuffix":"inner"}},"wdio_ui5_key":"applicationmanagestatesandperformance-display-component---detailStateAndPerform--counterValue-input"}]}
RESULT: undefined
COMMAND: POST /session/6eb241deac570073510706dc7280b28b/execute/async - {"script":"<script> [776 bytes]","args":[{"enterText":"15.00","selector":{"id":"application-managestatesandperformance-display-component---detailStateAndPerform--counterValue-input","searchOpenDialogs":true,"interaction":{"idSuffix":"inner"}},"clearTextFirst":true,"interactionType":"ENTER_TEXT"}]}
RESULT: {"script":"<script> [776 bytes]","args":[{"enterText":"15.00","selector":{"id":"application-managestatesandperformance-display-component---detailStateAndPerform--counterValue-input","searchOpenDialogs":true,"interaction":{"idSuffix":"inner"}},"clearTextFirst":true,"interactionType":"ENTER_TEXT"}]}
COMMAND: POST /session/6eb241deac570073510706dc7280b28b/execute/async - {"script":"<script> [1562 bytes]","args":[{"selector":{"controlType":"sap.m.Button","viewName":"etm.portal.ui.managestatesandperformance.view.Detail","viewId":"application-managestatesandperformance-display-component---detailStateAndPerform","bindingPath":{"path":"","propertyPath":"/allowAddEdit","modelName":"oScreenModel"},"searchOpenDialogs":true,"interaction":{"idSuffix":"BDI-content"}},"wdio_ui5_key":"etmportal.ui.managestatesandperformance.view.Detailsap.m.Button{\"path\":\"\",\"propertyPath\":\"/allowAddEdit\",\"modelName\":\"oScreenModel\"}"}]}
RESULT: {"script":"<script> [1562 bytes]","args":[{"selector":{"controlType":"sap.m.Button","viewName":"etm.portal.ui.managestatesandperformance.view.Detail","viewId":"application-managestatesandperformance-display-component---detailStateAndPerform","bindingPath":{"path":"","propertyPath":"/allowAddEdit","modelName":"oScreenModel"},"searchOpenDialogs":true,"interaction":{"idSuffix":"BDI-content"}},"wdio_ui5_key":"etmportal.ui.managestatesandperformance.view.Detailsap.m.Button{\"path\":\"\",\"propertyPath\":\"/allowAddEdit\",\"modelName\":\"oScreenModel\"}"}]}
RESULT: undefined
COMMAND: POST /session/6eb241deac570073510706dc7280b28b/element - {"using":"xpath","value":"//*[@id=\"__button385\"]"}
RESULT: {"using":"xpath","value":"//*[@id=\"__button385\"]"}
COMMAND: POST /session/6eb241deac570073510706dc7280b28b/element/f.451C0D83FD0E10390ED4567275622C99.d.B2FEA33D959471116F751086D5EB9D3B.e.18228/click - {}
RESULT: {}
RESULT: undefined
COMMAND: POST /session/6eb241deac570073510706dc7280b28b/element - {"using":"xpath","value":"//*[@id=\"__button378\"]"}
COMMAND: GET /session/6eb241deac570073510706dc7280b28b/screenshot - {}
RESULT: {"using":"xpath","value":"//*[@id=\"__button378\"]"}
COMMAND: POST /session/6eb241deac570073510706dc7280b28b/element/f.451C0D83FD0E10390ED4567275622C99.d.B2FEA33D959471116F751086D5EB9D3B.e.18212/click - {}
RESULT: {}
RESULT: {}
RESULT: undefined
COMMAND: POST /session/6eb241deac570073510706dc7280b28b/execute/async - {"script":"<script> [776 bytes]","args":[{"enterText":"05/12/25","selector":{"id":"application-managestatesandperformance-display-component---detailStateAndPerform--perfDocDatePicker","searchOpenDialogs":true,"interaction":{"idSuffix":"inner"}},"clearTextFirst":true,"interactionType":"ENTER_TEXT"}]}
COMMAND: GET /session/6eb241deac570073510706dc7280b28b/screenshot - {}
RESULT: {"script":"<script> [776 bytes]","args":[{"enterText":"05/12/25","selector":{"id":"application-managestatesandperformance-display-component---detailStateAndPerform--perfDocDatePicker","searchOpenDialogs":true,"interaction":{"idSuffix":"inner"}},"clearTextFirst":true,"interactionType":"ENTER_TEXT"}]}
RESULT: undefined
COMMAND: POST /session/6eb241deac570073510706dc7280b28b/execute/async - {"script":"<script> [776 bytes]","args":[{"enterText":"20.00","selector":{"id":"application-managestatesandperformance-display-component---detailStateAndPerform--counterValue-input","searchOpenDialogs":true,"interaction":{"idSuffix":"inner"}},"clearTextFirst":true,"interactionType":"ENTER_TEXT"}]}
RESULT: {}
RESULT: {"script":"<script> [776 bytes]","args":[{"enterText":"20.00","selector":{"id":"application-managestatesandperformance-display-component---detailStateAndPerform--counterValue-input","searchOpenDialogs":true,"interaction":{"idSuffix":"inner"}},"clearTextFirst":true,"interactionType":"ENTER_TEXT"}]}
COMMAND: POST /session/6eb241deac570073510706dc7280b28b/actions - {"actions":[{"id":"action63","type":"key","parameters":{},"actions":[{"type":"keyDown","value":"î€„"},{"type":"keyDown","value":"î€„"},{"type":"pause","duration":10},{"type":"keyUp","value":"î€„"},{"type":"keyUp","value":"î€„"}]}]}
RESULT: {"actions":[{"id":"action63","type":"key","parameters":{},"actions":[{"type":"keyDown","value":"î€„"},{"type":"keyDown","value":"î€„"},{"type":"pause","duration":10},{"type":"keyUp","value":"î€„"},{"type":"keyUp","value":"î€„"}]}]}
COMMAND: POST /session/6eb241deac570073510706dc7280b28b/actions - {"actions":[{"id":"action64","type":"key","parameters":{},"actions":[{"type":"keyDown","value":"î€‡"},{"type":"pause","duration":10},{"type":"keyUp","value":"î€‡"}]}]}
COMMAND: GET /session/6eb241deac570073510706dc7280b28b/screenshot - {}
RESULT: {"actions":[{"id":"action64","type":"key","parameters":{},"actions":[{"type":"keyDown","value":"î€‡"},{"type":"pause","duration":10},{"type":"keyUp","value":"î€‡"}]}]}
RESULT: undefined
COMMAND: POST /session/6eb241deac570073510706dc7280b28b/element - {"using":"xpath","value":"//*[@id=\"__button385\"]"}
COMMAND: GET /session/6eb241deac570073510706dc7280b28b/screenshot - {}
RESULT: {}
RESULT: {"using":"xpath","value":"//*[@id=\"__button385\"]"}
COMMAND: POST /session/6eb241deac570073510706dc7280b28b/elements - {"using":"xpath","value":"//*[@id=\"__button385\"]"}
RESULT: {}
RESULT: {"using":"xpath","value":"//*[@id=\"__button385\"]"}
COMMAND: POST /session/6eb241deac570073510706dc7280b28b/elements - {"using":"xpath","value":"//*[@id=\"__button385\"]"}
RESULT: {"using":"xpath","value":"//*[@id=\"__button385\"]"}
COMMAND: POST /session/6eb241deac570073510706dc7280b28b/elements - {"using":"xpath","value":"//*[@id=\"__button385\"]"}
RESULT: {"using":"xpath","value":"//*[@id=\"__button385\"]"}
COMMAND: POST /session/6eb241deac570073510706dc7280b28b/elements - {"using":"xpath","value":"//*[@id=\"__button385\"]"}
RESULT: {"using":"xpath","value":"//*[@id=\"__button385\"]"}
COMMAND: POST /session/6eb241deac570073510706dc7280b28b/elements - {"using":"xpath","value":"//*[@id=\"__button385\"]"}
RESULT: {"using":"xpath","value":"//*[@id=\"__button385\"]"}
COMMAND: POST /session/6eb241deac570073510706dc7280b28b/elements - {"using":"xpath","value":"//*[@id=\"__button385\"]"}
RESULT: {"using":"xpath","value":"//*[@id=\"__button385\"]"}
COMMAND: POST /session/6eb241deac570073510706dc7280b28b/elements - {"using":"xpath","value":"//*[@id=\"__button385\"]"}
RESULT: {"using":"xpath","value":"//*[@id=\"__button385\"]"}
COMMAND: POST /session/6eb241deac570073510706dc7280b28b/elements - {"using":"xpath","value":"//*[@id=\"__button385\"]"}
RESULT: {"using":"xpath","value":"//*[@id=\"__button385\"]"}
COMMAND: POST /session/6eb241deac570073510706dc7280b28b/elements - {"using":"xpath","value":"//*[@id=\"__button385\"]"}
RESULT: {"using":"xpath","value":"//*[@id=\"__button385\"]"}
COMMAND: POST /session/6eb241deac570073510706dc7280b28b/elements - {"using":"xpath","value":"//*[@id=\"__button385\"]"}
RESULT: {"using":"xpath","value":"//*[@id=\"__button385\"]"}
COMMAND: POST /session/6eb241deac570073510706dc7280b28b/elements - {"using":"xpath","value":"//*[@id=\"__button385\"]"}
RESULT: {"using":"xpath","value":"//*[@id=\"__button385\"]"}
COMMAND: POST /session/6eb241deac570073510706dc7280b28b/elements - {"using":"xpath","value":"//*[@id=\"__button385\"]"}
RESULT: {"using":"xpath","value":"//*[@id=\"__button385\"]"}
COMMAND: POST /session/6eb241deac570073510706dc7280b28b/elements - {"using":"xpath","value":"//*[@id=\"__button385\"]"}
RESULT: {"using":"xpath","value":"//*[@id=\"__button385\"]"}
COMMAND: POST /session/6eb241deac570073510706dc7280b28b/elements - {"using":"xpath","value":"//*[@id=\"__button385\"]"}
RESULT: {"using":"xpath","value":"//*[@id=\"__button385\"]"}
COMMAND: POST /session/6eb241deac570073510706dc7280b28b/elements - {"using":"xpath","value":"//*[@id=\"__button385\"]"}
RESULT: {"using":"xpath","value":"//*[@id=\"__button385\"]"}
COMMAND: POST /session/6eb241deac570073510706dc7280b28b/elements - {"using":"xpath","value":"//*[@id=\"__button385\"]"}
RESULT: {"using":"xpath","value":"//*[@id=\"__button385\"]"}
COMMAND: POST /session/6eb241deac570073510706dc7280b28b/elements - {"using":"xpath","value":"//*[@id=\"__button385\"]"}
RESULT: {"using":"xpath","value":"//*[@id=\"__button385\"]"}
COMMAND: POST /session/6eb241deac570073510706dc7280b28b/elements - {"using":"xpath","value":"//*[@id=\"__button385\"]"}
RESULT: {"using":"xpath","value":"//*[@id=\"__button385\"]"}
COMMAND: POST /session/6eb241deac570073510706dc7280b28b/elements - {"using":"xpath","value":"//*[@id=\"__button385\"]"}
RESULT: {"using":"xpath","value":"//*[@id=\"__button385\"]"}
COMMAND: POST /session/6eb241deac570073510706dc7280b28b/elements - {"using":"xpath","value":"//*[@id=\"__button385\"]"}
RESULT: {"using":"xpath","value":"//*[@id=\"__button385\"]"}
COMMAND: POST /session/6eb241deac570073510706dc7280b28b/elements - {"using":"xpath","value":"//*[@id=\"__button385\"]"}
RESULT: {"using":"xpath","value":"//*[@id=\"__button385\"]"}
COMMAND: POST /session/6eb241deac570073510706dc7280b28b/elements - {"using":"xpath","value":"//*[@id=\"__button385\"]"}
RESULT: {"using":"xpath","value":"//*[@id=\"__button385\"]"}
COMMAND: POST /session/6eb241deac570073510706dc7280b28b/elements - {"using":"xpath","value":"//*[@id=\"__button385\"]"}
RESULT: {"using":"xpath","value":"//*[@id=\"__button385\"]"}
COMMAND: POST /session/6eb241deac570073510706dc7280b28b/elements - {"using":"xpath","value":"//*[@id=\"__button385\"]"}
RESULT: {"using":"xpath","value":"//*[@id=\"__button385\"]"}
COMMAND: POST /session/6eb241deac570073510706dc7280b28b/elements - {"using":"xpath","value":"//*[@id=\"__button385\"]"}
RESULT: {"using":"xpath","value":"//*[@id=\"__button385\"]"}
COMMAND: POST /session/6eb241deac570073510706dc7280b28b/elements - {"using":"xpath","value":"//*[@id=\"__button385\"]"}
RESULT: {"using":"xpath","value":"//*[@id=\"__button385\"]"}
COMMAND: POST /session/6eb241deac570073510706dc7280b28b/elements - {"using":"xpath","value":"//*[@id=\"__button385\"]"}
RESULT: {"using":"xpath","value":"//*[@id=\"__button385\"]"}
COMMAND: POST /session/6eb241deac570073510706dc7280b28b/elements - {"using":"xpath","value":"//*[@id=\"__button385\"]"}
RESULT: {"using":"xpath","value":"//*[@id=\"__button385\"]"}
COMMAND: POST /session/6eb241deac570073510706dc7280b28b/elements - {"using":"xpath","value":"//*[@id=\"__button385\"]"}
RESULT: {"using":"xpath","value":"//*[@id=\"__button385\"]"}
COMMAND: POST /session/6eb241deac570073510706dc7280b28b/elements - {"using":"xpath","value":"//*[@id=\"__button385\"]"}
RESULT: {"using":"xpath","value":"//*[@id=\"__button385\"]"}
COMMAND: POST /session/6eb241deac570073510706dc7280b28b/elements - {"using":"xpath","value":"//*[@id=\"__button385\"]"}
RESULT: {"using":"xpath","value":"//*[@id=\"__button385\"]"}
COMMAND: POST /session/6eb241deac570073510706dc7280b28b/elements - {"using":"xpath","value":"//*[@id=\"__button385\"]"}
RESULT: {"using":"xpath","value":"//*[@id=\"__button385\"]"}
COMMAND: POST /session/6eb241deac570073510706dc7280b28b/elements - {"using":"xpath","value":"//*[@id=\"__button385\"]"}
RESULT: {"using":"xpath","value":"//*[@id=\"__button385\"]"}
COMMAND: POST /session/6eb241deac570073510706dc7280b28b/elements - {"using":"xpath","value":"//*[@id=\"__button385\"]"}
RESULT: {"using":"xpath","value":"//*[@id=\"__button385\"]"}
COMMAND: POST /session/6eb241deac570073510706dc7280b28b/elements - {"using":"xpath","value":"//*[@id=\"__button385\"]"}
RESULT: {"using":"xpath","value":"//*[@id=\"__button385\"]"}
COMMAND: POST /session/6eb241deac570073510706dc7280b28b/elements - {"using":"xpath","value":"//*[@id=\"__button385\"]"}
RESULT: {"using":"xpath","value":"//*[@id=\"__button385\"]"}
COMMAND: POST /session/6eb241deac570073510706dc7280b28b/elements - {"using":"xpath","value":"//*[@id=\"__button385\"]"}
RESULT: {"using":"xpath","value":"//*[@id=\"__button385\"]"}
COMMAND: POST /session/6eb241deac570073510706dc7280b28b/elements - {"using":"xpath","value":"//*[@id=\"__button385\"]"}
RESULT: {"using":"xpath","value":"//*[@id=\"__button385\"]"}
COMMAND: POST /session/6eb241deac570073510706dc7280b28b/elements - {"using":"xpath","value":"//*[@id=\"__button385\"]"}
RESULT: {"using":"xpath","value":"//*[@id=\"__button385\"]"}
COMMAND: POST /session/6eb241deac570073510706dc7280b28b/elements - {"using":"xpath","value":"//*[@id=\"__button385\"]"}
RESULT: {"using":"xpath","value":"//*[@id=\"__button385\"]"}
COMMAND: POST /session/6eb241deac570073510706dc7280b28b/elements - {"using":"xpath","value":"//*[@id=\"__button385\"]"}
RESULT: {"using":"xpath","value":"//*[@id=\"__button385\"]"}
COMMAND: POST /session/6eb241deac570073510706dc7280b28b/elements - {"using":"xpath","value":"//*[@id=\"__button385\"]"}
RESULT: {"using":"xpath","value":"//*[@id=\"__button385\"]"}
COMMAND: POST /session/6eb241deac570073510706dc7280b28b/elements - {"using":"xpath","value":"//*[@id=\"__button385\"]"}
RESULT: {"using":"xpath","value":"//*[@id=\"__button385\"]"}
COMMAND: POST /session/6eb241deac570073510706dc7280b28b/elements - {"using":"xpath","value":"//*[@id=\"__button385\"]"}
RESULT: {"using":"xpath","value":"//*[@id=\"__button385\"]"}
COMMAND: POST /session/6eb241deac570073510706dc7280b28b/elements - {"using":"xpath","value":"//*[@id=\"__button385\"]"}
RESULT: {"using":"xpath","value":"//*[@id=\"__button385\"]"}
COMMAND: POST /session/6eb241deac570073510706dc7280b28b/elements - {"using":"xpath","value":"//*[@id=\"__button385\"]"}
RESULT: {"using":"xpath","value":"//*[@id=\"__button385\"]"}
COMMAND: POST /session/6eb241deac570073510706dc7280b28b/elements - {"using":"xpath","value":"//*[@id=\"__button385\"]"}
RESULT: {"using":"xpath","value":"//*[@id=\"__button385\"]"}
COMMAND: POST /session/6eb241deac570073510706dc7280b28b/elements - {"using":"xpath","value":"//*[@id=\"__button385\"]"}
RESULT: {"using":"xpath","value":"//*[@id=\"__button385\"]"}
COMMAND: POST /session/6eb241deac570073510706dc7280b28b/elements - {"using":"xpath","value":"//*[@id=\"__button385\"]"}
RESULT: {"using":"xpath","value":"//*[@id=\"__button385\"]"}
COMMAND: POST /session/6eb241deac570073510706dc7280b28b/elements - {"using":"xpath","value":"//*[@id=\"__button385\"]"}
RESULT: {"using":"xpath","value":"//*[@id=\"__button385\"]"}
COMMAND: POST /session/6eb241deac570073510706dc7280b28b/elements - {"using":"xpath","value":"//*[@id=\"__button385\"]"}
RESULT: {"using":"xpath","value":"//*[@id=\"__button385\"]"}
COMMAND: POST /session/6eb241deac570073510706dc7280b28b/elements - {"using":"xpath","value":"//*[@id=\"__button385\"]"}
RESULT: {"using":"xpath","value":"//*[@id=\"__button385\"]"}
COMMAND: POST /session/6eb241deac570073510706dc7280b28b/elements - {"using":"xpath","value":"//*[@id=\"__button385\"]"}
RESULT: {"using":"xpath","value":"//*[@id=\"__button385\"]"}
COMMAND: POST /session/6eb241deac570073510706dc7280b28b/elements - {"using":"xpath","value":"//*[@id=\"__button385\"]"}
RESULT: {"using":"xpath","value":"//*[@id=\"__button385\"]"}
COMMAND: POST /session/6eb241deac570073510706dc7280b28b/elements - {"using":"xpath","value":"//*[@id=\"__button385\"]"}
RESULT: {"using":"xpath","value":"//*[@id=\"__button385\"]"}
COMMAND: POST /session/6eb241deac570073510706dc7280b28b/elements - {"using":"xpath","value":"//*[@id=\"__button385\"]"}
RESULT: {"using":"xpath","value":"//*[@id=\"__button385\"]"}
COMMAND: POST /session/6eb241deac570073510706dc7280b28b/elements - {"using":"xpath","value":"//*[@id=\"__button385\"]"}
RESULT: {"using":"xpath","value":"//*[@id=\"__button385\"]"}
COMMAND: POST /session/6eb241deac570073510706dc7280b28b/elements - {"using":"xpath","value":"//*[@id=\"__button385\"]"}
RESULT: {"using":"xpath","value":"//*[@id=\"__button385\"]"}
COMMAND: POST /session/6eb241deac570073510706dc7280b28b/elements - {"using":"xpath","value":"//*[@id=\"__button385\"]"}
RESULT: {"using":"xpath","value":"//*[@id=\"__button385\"]"}
COMMAND: POST /session/6eb241deac570073510706dc7280b28b/elements - {"using":"xpath","value":"//*[@id=\"__button385\"]"}
RESULT: {"using":"xpath","value":"//*[@id=\"__button385\"]"}
COMMAND: POST /session/6eb241deac570073510706dc7280b28b/elements - {"using":"xpath","value":"//*[@id=\"__button385\"]"}
RESULT: {"using":"xpath","value":"//*[@id=\"__button385\"]"}
COMMAND: POST /session/6eb241deac570073510706dc7280b28b/elements - {"using":"xpath","value":"//*[@id=\"__button385\"]"}
RESULT: {"using":"xpath","value":"//*[@id=\"__button385\"]"}
COMMAND: POST /session/6eb241deac570073510706dc7280b28b/elements - {"using":"xpath","value":"//*[@id=\"__button385\"]"}
RESULT: {"using":"xpath","value":"//*[@id=\"__button385\"]"}
COMMAND: POST /session/6eb241deac570073510706dc7280b28b/elements - {"using":"xpath","value":"//*[@id=\"__button385\"]"}
RESULT: {"using":"xpath","value":"//*[@id=\"__button385\"]"}
COMMAND: POST /session/6eb241deac570073510706dc7280b28b/elements - {"using":"xpath","value":"//*[@id=\"__button385\"]"}
RESULT: {"using":"xpath","value":"//*[@id=\"__button385\"]"}
COMMAND: POST /session/6eb241deac570073510706dc7280b28b/elements - {"using":"xpath","value":"//*[@id=\"__button385\"]"}
RESULT: {"using":"xpath","value":"//*[@id=\"__button385\"]"}
COMMAND: POST /session/6eb241deac570073510706dc7280b28b/elements - {"using":"xpath","value":"//*[@id=\"__button385\"]"}
RESULT: {"using":"xpath","value":"//*[@id=\"__button385\"]"}
COMMAND: POST /session/6eb241deac570073510706dc7280b28b/elements - {"using":"xpath","value":"//*[@id=\"__button385\"]"}
RESULT: {"using":"xpath","value":"//*[@id=\"__button385\"]"}
COMMAND: POST /session/6eb241deac570073510706dc7280b28b/elements - {"using":"xpath","value":"//*[@id=\"__button385\"]"}
RESULT: {"using":"xpath","value":"//*[@id=\"__button385\"]"}
COMMAND: POST /session/6eb241deac570073510706dc7280b28b/elements - {"using":"xpath","value":"//*[@id=\"__button385\"]"}
RESULT: {"using":"xpath","value":"//*[@id=\"__button385\"]"}
COMMAND: POST /session/6eb241deac570073510706dc7280b28b/elements - {"using":"xpath","value":"//*[@id=\"__button385\"]"}
RESULT: {"using":"xpath","value":"//*[@id=\"__button385\"]"}
COMMAND: POST /session/6eb241deac570073510706dc7280b28b/elements - {"using":"xpath","value":"//*[@id=\"__button385\"]"}
RESULT: {"using":"xpath","value":"//*[@id=\"__button385\"]"}
COMMAND: POST /session/6eb241deac570073510706dc7280b28b/elements - {"using":"xpath","value":"//*[@id=\"__button385\"]"}
RESULT: {"using":"xpath","value":"//*[@id=\"__button385\"]"}
COMMAND: POST /session/6eb241deac570073510706dc7280b28b/elements - {"using":"xpath","value":"//*[@id=\"__button385\"]"}
RESULT: {"using":"xpath","value":"//*[@id=\"__button385\"]"}
COMMAND: POST /session/6eb241deac570073510706dc7280b28b/elements - {"using":"xpath","value":"//*[@id=\"__button385\"]"}
RESULT: {"using":"xpath","value":"//*[@id=\"__button385\"]"}
COMMAND: POST /session/6eb241deac570073510706dc7280b28b/elements - {"using":"xpath","value":"//*[@id=\"__button385\"]"}
RESULT: {"using":"xpath","value":"//*[@id=\"__button385\"]"}
COMMAND: POST /session/6eb241deac570073510706dc7280b28b/elements - {"using":"xpath","value":"//*[@id=\"__button385\"]"}
RESULT: {"using":"xpath","value":"//*[@id=\"__button385\"]"}
COMMAND: POST /session/6eb241deac570073510706dc7280b28b/elements - {"using":"xpath","value":"//*[@id=\"__button385\"]"}
RESULT: {"using":"xpath","value":"//*[@id=\"__button385\"]"}
COMMAND: POST /session/6eb241deac570073510706dc7280b28b/elements - {"using":"xpath","value":"//*[@id=\"__button385\"]"}
RESULT: {"using":"xpath","value":"//*[@id=\"__button385\"]"}
COMMAND: POST /session/6eb241deac570073510706dc7280b28b/elements - {"using":"xpath","value":"//*[@id=\"__button385\"]"}
RESULT: {"using":"xpath","value":"//*[@id=\"__button385\"]"}
COMMAND: POST /session/6eb241deac570073510706dc7280b28b/elements - {"using":"xpath","value":"//*[@id=\"__button385\"]"}
RESULT: {"using":"xpath","value":"//*[@id=\"__button385\"]"}
COMMAND: POST /session/6eb241deac570073510706dc7280b28b/elements - {"using":"xpath","value":"//*[@id=\"__button385\"]"}
RESULT: {"using":"xpath","value":"//*[@id=\"__button385\"]"}
COMMAND: POST /session/6eb241deac570073510706dc7280b28b/elements - {"using":"xpath","value":"//*[@id=\"__button385\"]"}
RESULT: {"using":"xpath","value":"//*[@id=\"__button385\"]"}
COMMAND: POST /session/6eb241deac570073510706dc7280b28b/elements - {"using":"xpath","value":"//*[@id=\"__button385\"]"}
RESULT: {"using":"xpath","value":"//*[@id=\"__button385\"]"}
COMMAND: POST /session/6eb241deac570073510706dc7280b28b/elements - {"using":"xpath","value":"//*[@id=\"__button385\"]"}
RESULT: {"using":"xpath","value":"//*[@id=\"__button385\"]"}
COMMAND: POST /session/6eb241deac570073510706dc7280b28b/elements - {"using":"xpath","value":"//*[@id=\"__button385\"]"}
RESULT: {"using":"xpath","value":"//*[@id=\"__button385\"]"}
COMMAND: POST /session/6eb241deac570073510706dc7280b28b/elements - {"using":"xpath","value":"//*[@id=\"__button385\"]"}
RESULT: {"using":"xpath","value":"//*[@id=\"__button385\"]"}
COMMAND: POST /session/6eb241deac570073510706dc7280b28b/elements - {"using":"xpath","value":"//*[@id=\"__button385\"]"}
RESULT: {"using":"xpath","value":"//*[@id=\"__button385\"]"}
COMMAND: POST /session/6eb241deac570073510706dc7280b28b/elements - {"using":"xpath","value":"//*[@id=\"__button385\"]"}
RESULT: {"using":"xpath","value":"//*[@id=\"__button385\"]"}
COMMAND: POST /session/6eb241deac570073510706dc7280b28b/elements - {"using":"xpath","value":"//*[@id=\"__button385\"]"}
RESULT: {"using":"xpath","value":"//*[@id=\"__button385\"]"}
COMMAND: POST /session/6eb241deac570073510706dc7280b28b/elements - {"using":"xpath","value":"//*[@id=\"__button385\"]"}
RESULT: {"using":"xpath","value":"//*[@id=\"__button385\"]"}
COMMAND: POST /session/6eb241deac570073510706dc7280b28b/elements - {"using":"xpath","value":"//*[@id=\"__button385\"]"}
RESULT: {"using":"xpath","value":"//*[@id=\"__button385\"]"}
COMMAND: POST /session/6eb241deac570073510706dc7280b28b/elements - {"using":"xpath","value":"//*[@id=\"__button385\"]"}
RESULT: {"using":"xpath","value":"//*[@id=\"__button385\"]"}
COMMAND: POST /session/6eb241deac570073510706dc7280b28b/elements - {"using":"xpath","value":"//*[@id=\"__button385\"]"}
RESULT: {"using":"xpath","value":"//*[@id=\"__button385\"]"}
COMMAND: POST /session/6eb241deac570073510706dc7280b28b/elements - {"using":"xpath","value":"//*[@id=\"__button385\"]"}
RESULT: {"using":"xpath","value":"//*[@id=\"__button385\"]"}
COMMAND: POST /session/6eb241deac570073510706dc7280b28b/elements - {"using":"xpath","value":"//*[@id=\"__button385\"]"}
RESULT: {"using":"xpath","value":"//*[@id=\"__button385\"]"}
COMMAND: POST /session/6eb241deac570073510706dc7280b28b/elements - {"using":"xpath","value":"//*[@id=\"__button385\"]"}
RESULT: {"using":"xpath","value":"//*[@id=\"__button385\"]"}
COMMAND: POST /session/6eb241deac570073510706dc7280b28b/elements - {"using":"xpath","value":"//*[@id=\"__button385\"]"}
RESULT: {"using":"xpath","value":"//*[@id=\"__button385\"]"}
COMMAND: POST /session/6eb241deac570073510706dc7280b28b/elements - {"using":"xpath","value":"//*[@id=\"__button385\"]"}
RESULT: {"using":"xpath","value":"//*[@id=\"__button385\"]"}
COMMAND: POST /session/6eb241deac570073510706dc7280b28b/elements - {"using":"xpath","value":"//*[@id=\"__button385\"]"}
RESULT: {"using":"xpath","value":"//*[@id=\"__button385\"]"}
COMMAND: POST /session/6eb241deac570073510706dc7280b28b/elements - {"using":"xpath","value":"//*[@id=\"__button385\"]"}
RESULT: {"using":"xpath","value":"//*[@id=\"__button385\"]"}
COMMAND: POST /session/6eb241deac570073510706dc7280b28b/elements - {"using":"xpath","value":"//*[@id=\"__button385\"]"}
RESULT: {"using":"xpath","value":"//*[@id=\"__button385\"]"}
COMMAND: POST /session/6eb241deac570073510706dc7280b28b/elements - {"using":"xpath","value":"//*[@id=\"__button385\"]"}
RESULT: {"using":"xpath","value":"//*[@id=\"__button385\"]"}
COMMAND: POST /session/6eb241deac570073510706dc7280b28b/elements - {"using":"xpath","value":"//*[@id=\"__button385\"]"}
RESULT: {"using":"xpath","value":"//*[@id=\"__button385\"]"}
COMMAND: POST /session/6eb241deac570073510706dc7280b28b/elements - {"using":"xpath","value":"//*[@id=\"__button385\"]"}
RESULT: {"using":"xpath","value":"//*[@id=\"__button385\"]"}
COMMAND: POST /session/6eb241deac570073510706dc7280b28b/elements - {"using":"xpath","value":"//*[@id=\"__button385\"]"}
RESULT: {"using":"xpath","value":"//*[@id=\"__button385\"]"}
COMMAND: POST /session/6eb241deac570073510706dc7280b28b/elements - {"using":"xpath","value":"//*[@id=\"__button385\"]"}
RESULT: {"using":"xpath","value":"//*[@id=\"__button385\"]"}
COMMAND: POST /session/6eb241deac570073510706dc7280b28b/elements - {"using":"xpath","value":"//*[@id=\"__button385\"]"}
RESULT: {"using":"xpath","value":"//*[@id=\"__button385\"]"}
COMMAND: POST /session/6eb241deac570073510706dc7280b28b/elements - {"using":"xpath","value":"//*[@id=\"__button385\"]"}
RESULT: {"using":"xpath","value":"//*[@id=\"__button385\"]"}
COMMAND: POST /session/6eb241deac570073510706dc7280b28b/elements - {"using":"xpath","value":"//*[@id=\"__button385\"]"}
RESULT: {"using":"xpath","value":"//*[@id=\"__button385\"]"}
COMMAND: POST /session/6eb241deac570073510706dc7280b28b/elements - {"using":"xpath","value":"//*[@id=\"__button385\"]"}
RESULT: {"using":"xpath","value":"//*[@id=\"__button385\"]"}
COMMAND: POST /session/6eb241deac570073510706dc7280b28b/elements - {"using":"xpath","value":"//*[@id=\"__button385\"]"}
RESULT: {"using":"xpath","value":"//*[@id=\"__button385\"]"}
COMMAND: POST /session/6eb241deac570073510706dc7280b28b/elements - {"using":"xpath","value":"//*[@id=\"__button385\"]"}
RESULT: {"using":"xpath","value":"//*[@id=\"__button385\"]"}
COMMAND: POST /session/6eb241deac570073510706dc7280b28b/elements - {"using":"xpath","value":"//*[@id=\"__button385\"]"}
RESULT: {"using":"xpath","value":"//*[@id=\"__button385\"]"}
COMMAND: POST /session/6eb241deac570073510706dc7280b28b/elements - {"using":"xpath","value":"//*[@id=\"__button385\"]"}
RESULT: {"using":"xpath","value":"//*[@id=\"__button385\"]"}
COMMAND: POST /session/6eb241deac570073510706dc7280b28b/elements - {"using":"xpath","value":"//*[@id=\"__button385\"]"}
RESULT: {"using":"xpath","value":"//*[@id=\"__button385\"]"}
COMMAND: POST /session/6eb241deac570073510706dc7280b28b/elements - {"using":"xpath","value":"//*[@id=\"__button385\"]"}
RESULT: {"using":"xpath","value":"//*[@id=\"__button385\"]"}
COMMAND: POST /session/6eb241deac570073510706dc7280b28b/elements - {"using":"xpath","value":"//*[@id=\"__button385\"]"}
RESULT: {"using":"xpath","value":"//*[@id=\"__button385\"]"}
COMMAND: POST /session/6eb241deac570073510706dc7280b28b/elements - {"using":"xpath","value":"//*[@id=\"__button385\"]"}
RESULT: {"using":"xpath","value":"//*[@id=\"__button385\"]"}
COMMAND: POST /session/6eb241deac570073510706dc7280b28b/elements - {"using":"xpath","value":"//*[@id=\"__button385\"]"}
RESULT: {"using":"xpath","value":"//*[@id=\"__button385\"]"}
COMMAND: POST /session/6eb241deac570073510706dc7280b28b/elements - {"using":"xpath","value":"//*[@id=\"__button385\"]"}
COMMAND: POST /session/6eb241deac570073510706dc7280b28b/element - {"using":"css selector","value":"#shell-header-logo"}
RESULT: {"using":"xpath","value":"//*[@id=\"__button385\"]"}
RESULT: {"using":"css selector","value":"#shell-header-logo"}
COMMAND: POST /session/6eb241deac570073510706dc7280b28b/execute/sync - {"script":"<script> [8489 bytes]","args":[{"element-6066-11e4-a52e-4f735466cecf":"f.451C0D83FD0E10390ED4567275622C99.d.B2FEA33D959471116F751086D5EB9D3B.e.18060","ELEMENT":"f.451C0D83FD0E10390ED4567275622C99.d.B2FEA33D959471116F751086D5EB9D3B.e.18060"}]}
RESULT: {"script":"<script> [8489 bytes]","args":[{"element-6066-11e4-a52e-4f735466cecf":"f.451C0D83FD0E10390ED4567275622C99.d.B2FEA33D959471116F751086D5EB9D3B.e.18060","ELEMENT":"f.451C0D83FD0E10390ED4567275622C99.d.B2FEA33D959471116F751086D5EB9D3B.e.18060"}]}
COMMAND: POST /session/6eb241deac570073510706dc7280b28b/execute/sync - {"script":"<script> [5351 bytes]","args":[{"element-6066-11e4-a52e-4f735466cecf":"f.451C0D83FD0E10390ED4567275622C99.d.B2FEA33D959471116F751086D5EB9D3B.e.18060","ELEMENT":"f.451C0D83FD0E10390ED4567275622C99.d.B2FEA33D959471116F751086D5EB9D3B.e.18060"}]}
COMMAND: GET /session/6eb241deac570073510706dc7280b28b/screenshot - {}
RESULT: {"script":"<script> [5351 bytes]","args":[{"element-6066-11e4-a52e-4f735466cecf":"f.451C0D83FD0E10390ED4567275622C99.d.B2FEA33D959471116F751086D5EB9D3B.e.18060","ELEMENT":"f.451C0D83FD0E10390ED4567275622C99.d.B2FEA33D959471116F751086D5EB9D3B.e.18060"}]}
COMMAND: POST /session/6eb241deac570073510706dc7280b28b/element/f.451C0D83FD0E10390ED4567275622C99.d.B2FEA33D959471116F751086D5EB9D3B.e.18060/click - {}
COMMAND: GET /session/6eb241deac570073510706dc7280b28b/screenshot - {}
RESULT: {}
RESULT: {}
COMMAND: GET /session/6eb241deac570073510706dc7280b28b/screenshot - {}
]]></system-out>
    </testcase>
    <testcase classname="chrome.135_0_7049_115.windows.Performance_based_billing_(work_days)_US139742" name="Should go to Manage Billings and trigger calculation check the conditions applied" time="71.76">
      <system-out><![CDATA[
COMMAND: POST /session/6eb241deac570073510706dc7280b28b/execute/async - {"script":"<script> [1562 bytes]","args":[{"selector":{"controlType":"sap.m.GenericTile","properties":{"header":"Manage Billings"}},"wdio_ui5_key":"sapm.GenericTile{\"header\":\"Manage Billings\"}"}]}
RESULT: {}
RESULT: {}
RESULT: {"script":"<script> [1562 bytes]","args":[{"selector":{"controlType":"sap.m.GenericTile","properties":{"header":"Manage Billings"}},"wdio_ui5_key":"sapm.GenericTile{\"header\":\"Manage Billings\"}"}]}
RESULT: undefined
COMMAND: POST /session/6eb241deac570073510706dc7280b28b/element - {"using":"xpath","value":"//*[@id=\"__tile51\"]"}
RESULT: {"using":"xpath","value":"//*[@id=\"__tile51\"]"}
COMMAND: POST /session/6eb241deac570073510706dc7280b28b/element/f.451C0D83FD0E10390ED4567275622C99.d.B2FEA33D959471116F751086D5EB9D3B.e.14414/click - {}
RESULT: {}
COMMAND: GET /session/6eb241deac570073510706dc7280b28b/screenshot - {}
RESULT: {}
COMMAND: POST /session/6eb241deac570073510706dc7280b28b/execute/async - {"script":"<script> [1562 bytes]","args":[{"selector":{"id":"application-managebillings-display-component---billRunCalcResult--smartFilterBar-btnBasicSearch","interaction":{"idSuffix":"I"}},"wdio_ui5_key":"applicationmanagebillings-display-component---billRunCalcResult--smartFilterBar-btnBasicSearch"}]}
RESULT: {"script":"<script> [1562 bytes]","args":[{"selector":{"id":"application-managebillings-display-component---billRunCalcResult--smartFilterBar-btnBasicSearch","interaction":{"idSuffix":"I"}},"wdio_ui5_key":"applicationmanagebillings-display-component---billRunCalcResult--smartFilterBar-btnBasicSearch"}]}
RESULT: undefined
COMMAND: POST /session/6eb241deac570073510706dc7280b28b/execute/async - {"script":"<script> [776 bytes]","args":[{"enterText":"10594","selector":{"id":"application-managebillings-display-component---billRunCalcResult--smartFilterBar-btnBasicSearch","interaction":{"idSuffix":"I"}},"clearTextFirst":true,"interactionType":"ENTER_TEXT"}]}
RESULT: {"script":"<script> [776 bytes]","args":[{"enterText":"10594","selector":{"id":"application-managebillings-display-component---billRunCalcResult--smartFilterBar-btnBasicSearch","interaction":{"idSuffix":"I"}},"clearTextFirst":true,"interactionType":"ENTER_TEXT"}]}
COMMAND: POST /session/6eb241deac570073510706dc7280b28b/actions - {"actions":[{"id":"action65","type":"key","parameters":{},"actions":[{"type":"keyDown","value":"î€‡"},{"type":"pause","duration":10},{"type":"keyUp","value":"î€‡"}]}]}
RESULT: {"actions":[{"id":"action65","type":"key","parameters":{},"actions":[{"type":"keyDown","value":"î€‡"},{"type":"pause","duration":10},{"type":"keyUp","value":"î€‡"}]}]}
COMMAND: GET /session/6eb241deac570073510706dc7280b28b/screenshot - {}
RESULT: {}
COMMAND: POST /session/6eb241deac570073510706dc7280b28b/element - {"using":"xpath","value":"//td[@aria-colindex=\"1\"]/div/div[contains(@class, \"sapMCbBg\")]"}
RESULT: {"using":"xpath","value":"//td[@aria-colindex=\"1\"]/div/div[contains(@class, \"sapMCbBg\")]"}
COMMAND: POST /session/6eb241deac570073510706dc7280b28b/element/f.451C0D83FD0E10390ED4567275622C99.d.B2FEA33D959471116F751086D5EB9D3B.e.18329/click - {}
RESULT: {}
COMMAND: GET /session/6eb241deac570073510706dc7280b28b/screenshot - {}
RESULT: {}
COMMAND: POST /session/6eb241deac570073510706dc7280b28b/execute/async - {"script":"<script> [1562 bytes]","args":[{"selector":{"id":"application-managebillings-display-component---billRunCalcResult--contractBillRunDate","interaction":{"idSuffix":"inner"}},"wdio_ui5_key":"applicationmanagebillings-display-component---billRunCalcResult--contractBillRunDate"}]}
RESULT: {"script":"<script> [1562 bytes]","args":[{"selector":{"id":"application-managebillings-display-component---billRunCalcResult--contractBillRunDate","interaction":{"idSuffix":"inner"}},"wdio_ui5_key":"applicationmanagebillings-display-component---billRunCalcResult--contractBillRunDate"}]}
RESULT: undefined
COMMAND: POST /session/6eb241deac570073510706dc7280b28b/execute/async - {"script":"<script> [776 bytes]","args":[{"enterText":"06/06/25","selector":{"id":"application-managebillings-display-component---billRunCalcResult--contractBillRunDate","interaction":{"idSuffix":"inner"}},"clearTextFirst":true,"interactionType":"ENTER_TEXT"}]}
RESULT: {"script":"<script> [776 bytes]","args":[{"enterText":"06/06/25","selector":{"id":"application-managebillings-display-component---billRunCalcResult--contractBillRunDate","interaction":{"idSuffix":"inner"}},"clearTextFirst":true,"interactionType":"ENTER_TEXT"}]}
COMMAND: POST /session/6eb241deac570073510706dc7280b28b/element - {"using":"xpath","value":"//bdi[contains(text(), \"Trigger Calculation\")]"}
RESULT: {"using":"xpath","value":"//bdi[contains(text(), \"Trigger Calculation\")]"}
COMMAND: POST /session/6eb241deac570073510706dc7280b28b/element/f.451C0D83FD0E10390ED4567275622C99.d.B2FEA33D959471116F751086D5EB9D3B.e.18577/click - {}
RESULT: {}
COMMAND: GET /session/6eb241deac570073510706dc7280b28b/screenshot - {}
RESULT: {}
COMMAND: POST /session/6eb241deac570073510706dc7280b28b/element - {"using":"xpath","value":"(//span[contains(@id, \"imgNav\")])[1]"}
RESULT: {"using":"xpath","value":"(//span[contains(@id, \"imgNav\")])[1]"}
COMMAND: POST /session/6eb241deac570073510706dc7280b28b/element/f.451C0D83FD0E10390ED4567275622C99.d.B2FEA33D959471116F751086D5EB9D3B.e.18330/click - {}
RESULT: {}
COMMAND: GET /session/6eb241deac570073510706dc7280b28b/screenshot - {}
RESULT: {}
COMMAND: POST /session/6eb241deac570073510706dc7280b28b/element - {"using":"xpath","value":"//tr/td[6]/div[1]/span[1]/span[1]"}
RESULT: {"using":"xpath","value":"//tr/td[6]/div[1]/span[1]/span[1]"}
COMMAND: GET /session/6eb241deac570073510706dc7280b28b/element/f.451C0D83FD0E10390ED4567275622C99.d.B2FEA33D959471116F751086D5EB9D3B.e.18582/text - {}
RESULT: {}
COMMAND: POST /session/6eb241deac570073510706dc7280b28b/element - {"using":"xpath","value":"(//span[contains(@id, \"imgNav\")])[2]"}
RESULT: {"using":"xpath","value":"(//span[contains(@id, \"imgNav\")])[2]"}
COMMAND: POST /session/6eb241deac570073510706dc7280b28b/element/f.451C0D83FD0E10390ED4567275622C99.d.B2FEA33D959471116F751086D5EB9D3B.e.18583/click - {}
RESULT: {}
COMMAND: POST /session/6eb241deac570073510706dc7280b28b/element - {"using":"xpath","value":"//bdi[contains(text(), \"Business Confirm\")]"}
COMMAND: GET /session/6eb241deac570073510706dc7280b28b/screenshot - {}
RESULT: {"using":"xpath","value":"//bdi[contains(text(), \"Business Confirm\")]"}
COMMAND: POST /session/6eb241deac570073510706dc7280b28b/elements - {"using":"xpath","value":"//bdi[contains(text(), \"Business Confirm\")]"}
RESULT: {}
RESULT: {"using":"xpath","value":"//bdi[contains(text(), \"Business Confirm\")]"}
COMMAND: POST /session/6eb241deac570073510706dc7280b28b/element - {"using":"xpath","value":"//bdi[contains(text(), \"Business Confirm\")]"}
RESULT: {"using":"xpath","value":"//bdi[contains(text(), \"Business Confirm\")]"}
COMMAND: POST /session/6eb241deac570073510706dc7280b28b/element/f.451C0D83FD0E10390ED4567275622C99.d.B2FEA33D959471116F751086D5EB9D3B.e.18651/click - {}
RESULT: {}
COMMAND: POST /session/6eb241deac570073510706dc7280b28b/element - {"using":"css selector","value":"#shell-header-logo"}
COMMAND: GET /session/6eb241deac570073510706dc7280b28b/screenshot - {}
RESULT: {"using":"css selector","value":"#shell-header-logo"}
COMMAND: POST /session/6eb241deac570073510706dc7280b28b/element/f.451C0D83FD0E10390ED4567275622C99.d.B2FEA33D959471116F751086D5EB9D3B.e.18250/click - {}
RESULT: {}
RESULT: {}
COMMAND: GET /session/6eb241deac570073510706dc7280b28b/screenshot - {}
RESULT: {}
COMMAND: POST /session/6eb241deac570073510706dc7280b28b/element - {"using":"css selector","value":"#j_username"}
COMMAND: POST /session/6eb241deac570073510706dc7280b28b/url - {"url":"https://qa-testing-00-live-etm-ui.cfapps.eu10-004.hana.ondemand.com/"}
RESULT: {"using":"css selector","value":"#j_username"}
COMMAND: POST /session/6eb241deac570073510706dc7280b28b/element - {"using":"css selector","value":"#j_username"}
RESULT: {"url":"https://qa-testing-00-live-etm-ui.cfapps.eu10-004.hana.ondemand.com/"}
RESULT: undefined
COMMAND: GET /session/6eb241deac570073510706dc7280b28b/screenshot - {}
RESULT: {"using":"css selector","value":"#j_username"}
COMMAND: POST /session/6eb241deac570073510706dc7280b28b/element - {"using":"css selector","value":"#shell-header-logo"}
RESULT: {}
RESULT: {"using":"css selector","value":"#shell-header-logo"}
COMMAND: POST /session/6eb241deac570073510706dc7280b28b/execute/sync - {"script":"<script> [8489 bytes]","args":[{"element-6066-11e4-a52e-4f735466cecf":"f.451C0D83FD0E10390ED4567275622C99.d.8C6E384D57ECC62FF1E135C8005B5B5C.e.18669","ELEMENT":"f.451C0D83FD0E10390ED4567275622C99.d.8C6E384D57ECC62FF1E135C8005B5B5C.e.18669"}]}
RESULT: {"script":"<script> [8489 bytes]","args":[{"element-6066-11e4-a52e-4f735466cecf":"f.451C0D83FD0E10390ED4567275622C99.d.8C6E384D57ECC62FF1E135C8005B5B5C.e.18669","ELEMENT":"f.451C0D83FD0E10390ED4567275622C99.d.8C6E384D57ECC62FF1E135C8005B5B5C.e.18669"}]}
COMMAND: POST /session/6eb241deac570073510706dc7280b28b/element - {"using":"css selector","value":"#shell-header-logo"}
COMMAND: GET /session/6eb241deac570073510706dc7280b28b/screenshot - {}
RESULT: {"using":"css selector","value":"#shell-header-logo"}
COMMAND: POST /session/6eb241deac570073510706dc7280b28b/execute/sync - {"script":"<script> [8489 bytes]","args":[{"element-6066-11e4-a52e-4f735466cecf":"f.451C0D83FD0E10390ED4567275622C99.d.8C6E384D57ECC62FF1E135C8005B5B5C.e.18669","ELEMENT":"f.451C0D83FD0E10390ED4567275622C99.d.8C6E384D57ECC62FF1E135C8005B5B5C.e.18669"}]}
RESULT: {}
RESULT: {"script":"<script> [8489 bytes]","args":[{"element-6066-11e4-a52e-4f735466cecf":"f.451C0D83FD0E10390ED4567275622C99.d.8C6E384D57ECC62FF1E135C8005B5B5C.e.18669","ELEMENT":"f.451C0D83FD0E10390ED4567275622C99.d.8C6E384D57ECC62FF1E135C8005B5B5C.e.18669"}]}
COMMAND: POST /session/6eb241deac570073510706dc7280b28b/execute/sync - {"script":"<script> [5351 bytes]","args":[{"element-6066-11e4-a52e-4f735466cecf":"f.451C0D83FD0E10390ED4567275622C99.d.8C6E384D57ECC62FF1E135C8005B5B5C.e.18669","ELEMENT":"f.451C0D83FD0E10390ED4567275622C99.d.8C6E384D57ECC62FF1E135C8005B5B5C.e.18669"}]}
COMMAND: GET /session/6eb241deac570073510706dc7280b28b/screenshot - {}
RESULT: {"script":"<script> [5351 bytes]","args":[{"element-6066-11e4-a52e-4f735466cecf":"f.451C0D83FD0E10390ED4567275622C99.d.8C6E384D57ECC62FF1E135C8005B5B5C.e.18669","ELEMENT":"f.451C0D83FD0E10390ED4567275622C99.d.8C6E384D57ECC62FF1E135C8005B5B5C.e.18669"}]}
COMMAND: POST /session/6eb241deac570073510706dc7280b28b/element - {"using":"css selector","value":"#shell-header-logo"}
COMMAND: GET /session/6eb241deac570073510706dc7280b28b/screenshot - {}
RESULT: {}
RESULT: {"using":"css selector","value":"#shell-header-logo"}
COMMAND: POST /session/6eb241deac570073510706dc7280b28b/element/f.451C0D83FD0E10390ED4567275622C99.d.8C6E384D57ECC62FF1E135C8005B5B5C.e.18669/click - {}
RESULT: {}
RESULT: {}
COMMAND: GET /session/6eb241deac570073510706dc7280b28b/screenshot - {}
RESULT: {}
COMMAND: POST /session/6eb241deac570073510706dc7280b28b/execute/async - {"script":"<script> [189 bytes]","args":[]}
RESULT: {"script":"<script> [189 bytes]","args":[]}
COMMAND: POST /session/6eb241deac570073510706dc7280b28b/execute/async - {"script":"<script> [123 bytes]","args":[]}
RESULT: {"script":"<script> [123 bytes]","args":[]}
COMMAND: POST /session/6eb241deac570073510706dc7280b28b/timeouts - {"script":"<number>"}
RESULT: {"script":"<number>"}
COMMAND: GET /session/6eb241deac570073510706dc7280b28b/timeouts - {}
RESULT: {}
RESULT: undefined
COMMAND: POST /session/6eb241deac570073510706dc7280b28b/execute/async - {"script":"<script> [2676 bytes]","args":[]}
RESULT: {"script":"<script> [2676 bytes]","args":[]}
COMMAND: POST /session/6eb241deac570073510706dc7280b28b/execute/async - {"script":"<script> [2342 bytes]","args":[{"protocol":"http","hostname":"0.0.0.0","path":"/","capabilities":{"browserName":"chrome","goog:chromeOptions":{"binary":"C:\\Program Files\\Google\\Chrome\\Application\\chrome.exe","args":["--start-maximized"]}},"logLevel":"warn","connectionRetryTimeout":120000,"connectionRetryCount":3,"logLevels":{},"enableDirectConnect":true,"strictSSL":true,"_":"65 more keys: [\"cacheDir\",\"port\",\"requestedCapabilities\",\"automationProtocol\",\"baseUrl\",\"waitforInterval\",\"waitforTimeout\",\"onReload\",\"beforeCommand\",\"afterCommand\",\"rootDir\",\"specs\",\"suites\",\"exclude\",\"groupLogsByTestSpec\",\"excludeDriverLogs\",\"bail\",\"framework\",\"reporters\",\"services\",\"maxInstances\",\"maxInstancesPerCapability\",\"injectGlobals\",\"filesToWatch\",\"execArgv\",\"runnerEnv\",\"runner\",\"shard\",\"specFileRetries\",\"specFileRetriesDelay\",\"specFileRetriesDeferred\",\"reporterSyncInterval\",\"reporterSyncTimeout\",\"cucumberFeaturesWithLineNumbers\",\"autoCompileOpts\",\"mochaOpts\",\"jasmineOpts\",\"cucumberOpts\",\"onPrepare\",\"onWorkerStart\",\"onWorkerEnd\",\"before\",\"beforeSession\",\"beforeSuite\",\"beforeHook\",\"beforeTest\",\"afterTest\",\"afterHook\",\"afterSuite\",\"afterSession\",\"after\",\"onComplete\",\"beforeAssertion\",\"afterAssertion\",\"beforeFeature\",\"beforeScenario\",\"beforeStep\",\"afterStep\",\"afterScenario\",\"afterFeature\",\"_\",\"suite\",\"$0\",\"ignoredWorkerServices\",\"wdi5\"]"}]}
RESULT: {"script":"<script> [2342 bytes]","args":[{"protocol":"http","hostname":"0.0.0.0","path":"/","capabilities":{"browserName":"chrome","goog:chromeOptions":{"binary":"C:\\Program Files\\Google\\Chrome\\Application\\chrome.exe","args":["--start-maximized"]}},"logLevel":"warn","connectionRetryTimeout":120000,"connectionRetryCount":3,"logLevels":{},"enableDirectConnect":true,"strictSSL":true,"_":"65 more keys: [\"cacheDir\",\"port\",\"requestedCapabilities\",\"automationProtocol\",\"baseUrl\",\"waitforInterval\",\"waitforTimeout\",\"onReload\",\"beforeCommand\",\"afterCommand\",\"rootDir\",\"specs\",\"suites\",\"exclude\",\"groupLogsByTestSpec\",\"excludeDriverLogs\",\"bail\",\"framework\",\"reporters\",\"services\",\"maxInstances\",\"maxInstancesPerCapability\",\"injectGlobals\",\"filesToWatch\",\"execArgv\",\"runnerEnv\",\"runner\",\"shard\",\"specFileRetries\",\"specFileRetriesDelay\",\"specFileRetriesDeferred\",\"reporterSyncInterval\",\"reporterSyncTimeout\",\"cucumberFeaturesWithLineNumbers\",\"autoCompileOpts\",\"mochaOpts\",\"jasmineOpts\",\"cucumberOpts\",\"onPrepare\",\"onWorkerStart\",\"onWorkerEnd\",\"before\",\"beforeSession\",\"beforeSuite\",\"beforeHook\",\"beforeTest\",\"afterTest\",\"afterHook\",\"afterSuite\",\"afterSession\",\"after\",\"onComplete\",\"beforeAssertion\",\"afterAssertion\",\"beforeFeature\",\"beforeScenario\",\"beforeStep\",\"afterStep\",\"afterScenario\",\"afterFeature\",\"_\",\"suite\",\"$0\",\"ignoredWorkerServices\",\"wdi5\"]"}]}
COMMAND: POST /session/6eb241deac570073510706dc7280b28b/execute/async - {"script":"<script> [21126 bytes]","args":[35000]}
RESULT: {"script":"<script> [21126 bytes]","args":[35000]}
COMMAND: POST /session/6eb241deac570073510706dc7280b28b/window/maximize - {}
RESULT: {}
COMMAND: POST /session/6eb241deac570073510706dc7280b28b/execute/async - {"script":"<script> [1562 bytes]","args":[{"selector":{"id":"shell-header","interaction":{"idSuffix":"icon"}},"wdio_ui5_key":"shellheader"}]}
COMMAND: GET /session/6eb241deac570073510706dc7280b28b/screenshot - {}
RESULT: {"script":"<script> [1562 bytes]","args":[{"selector":{"id":"shell-header","interaction":{"idSuffix":"icon"}},"wdio_ui5_key":"shellheader"}]}
RESULT: undefined
COMMAND: POST /session/6eb241deac570073510706dc7280b28b/refresh - {}
RESULT: {}
RESULT: {}
COMMAND: GET /session/6eb241deac570073510706dc7280b28b/screenshot - {}
RESULT: {}
COMMAND: POST /session/6eb241deac570073510706dc7280b28b/refresh - {}
RESULT: {}
COMMAND: GET /session/6eb241deac570073510706dc7280b28b/screenshot - {}
RESULT: {}
COMMAND: POST /session/6eb241deac570073510706dc7280b28b/window/fullscreen - {}
RESULT: {}
COMMAND: POST /session/6eb241deac570073510706dc7280b28b/execute/async - {"script":"<script> [189 bytes]","args":[]}
RESULT: {"script":"<script> [189 bytes]","args":[]}
COMMAND: POST /session/6eb241deac570073510706dc7280b28b/execute/async - {"script":"<script> [123 bytes]","args":[]}
RESULT: {"script":"<script> [123 bytes]","args":[]}
COMMAND: POST /session/6eb241deac570073510706dc7280b28b/timeouts - {"script":"<number>"}
RESULT: {"script":"<number>"}
COMMAND: GET /session/6eb241deac570073510706dc7280b28b/timeouts - {}
RESULT: {}
RESULT: undefined
COMMAND: POST /session/6eb241deac570073510706dc7280b28b/execute/async - {"script":"<script> [2676 bytes]","args":[]}
RESULT: {"script":"<script> [2676 bytes]","args":[]}
COMMAND: POST /session/6eb241deac570073510706dc7280b28b/execute/async - {"script":"<script> [2342 bytes]","args":[{"protocol":"http","hostname":"0.0.0.0","path":"/","capabilities":{"browserName":"chrome","goog:chromeOptions":{"binary":"C:\\Program Files\\Google\\Chrome\\Application\\chrome.exe","args":["--start-maximized"]}},"logLevel":"warn","connectionRetryTimeout":120000,"connectionRetryCount":3,"logLevels":{},"enableDirectConnect":true,"strictSSL":true,"_":"65 more keys: [\"cacheDir\",\"port\",\"requestedCapabilities\",\"automationProtocol\",\"baseUrl\",\"waitforInterval\",\"waitforTimeout\",\"onReload\",\"beforeCommand\",\"afterCommand\",\"rootDir\",\"specs\",\"suites\",\"exclude\",\"groupLogsByTestSpec\",\"excludeDriverLogs\",\"bail\",\"framework\",\"reporters\",\"services\",\"maxInstances\",\"maxInstancesPerCapability\",\"injectGlobals\",\"filesToWatch\",\"execArgv\",\"runnerEnv\",\"runner\",\"shard\",\"specFileRetries\",\"specFileRetriesDelay\",\"specFileRetriesDeferred\",\"reporterSyncInterval\",\"reporterSyncTimeout\",\"cucumberFeaturesWithLineNumbers\",\"autoCompileOpts\",\"mochaOpts\",\"jasmineOpts\",\"cucumberOpts\",\"onPrepare\",\"onWorkerStart\",\"onWorkerEnd\",\"before\",\"beforeSession\",\"beforeSuite\",\"beforeHook\",\"beforeTest\",\"afterTest\",\"afterHook\",\"afterSuite\",\"afterSession\",\"after\",\"onComplete\",\"beforeAssertion\",\"afterAssertion\",\"beforeFeature\",\"beforeScenario\",\"beforeStep\",\"afterStep\",\"afterScenario\",\"afterFeature\",\"_\",\"suite\",\"$0\",\"ignoredWorkerServices\",\"wdi5\"]"}]}
RESULT: {"script":"<script> [2342 bytes]","args":[{"protocol":"http","hostname":"0.0.0.0","path":"/","capabilities":{"browserName":"chrome","goog:chromeOptions":{"binary":"C:\\Program Files\\Google\\Chrome\\Application\\chrome.exe","args":["--start-maximized"]}},"logLevel":"warn","connectionRetryTimeout":120000,"connectionRetryCount":3,"logLevels":{},"enableDirectConnect":true,"strictSSL":true,"_":"65 more keys: [\"cacheDir\",\"port\",\"requestedCapabilities\",\"automationProtocol\",\"baseUrl\",\"waitforInterval\",\"waitforTimeout\",\"onReload\",\"beforeCommand\",\"afterCommand\",\"rootDir\",\"specs\",\"suites\",\"exclude\",\"groupLogsByTestSpec\",\"excludeDriverLogs\",\"bail\",\"framework\",\"reporters\",\"services\",\"maxInstances\",\"maxInstancesPerCapability\",\"injectGlobals\",\"filesToWatch\",\"execArgv\",\"runnerEnv\",\"runner\",\"shard\",\"specFileRetries\",\"specFileRetriesDelay\",\"specFileRetriesDeferred\",\"reporterSyncInterval\",\"reporterSyncTimeout\",\"cucumberFeaturesWithLineNumbers\",\"autoCompileOpts\",\"mochaOpts\",\"jasmineOpts\",\"cucumberOpts\",\"onPrepare\",\"onWorkerStart\",\"onWorkerEnd\",\"before\",\"beforeSession\",\"beforeSuite\",\"beforeHook\",\"beforeTest\",\"afterTest\",\"afterHook\",\"afterSuite\",\"afterSession\",\"after\",\"onComplete\",\"beforeAssertion\",\"afterAssertion\",\"beforeFeature\",\"beforeScenario\",\"beforeStep\",\"afterStep\",\"afterScenario\",\"afterFeature\",\"_\",\"suite\",\"$0\",\"ignoredWorkerServices\",\"wdi5\"]"}]}
COMMAND: POST /session/6eb241deac570073510706dc7280b28b/execute/async - {"script":"<script> [21126 bytes]","args":[35000]}
RESULT: {"script":"<script> [21126 bytes]","args":[35000]}
]]></system-out>
    </testcase>
  </testsuite>
  <testsuite timestamp="2025-05-06T18:12:21" time="1511.482" tests="20" failures="4" errors="4" skipped="0">
    <properties>
      <property name="specId" value="0" />
      <property name="suiteName" value="Billing Calculation - Time based (considering transport times) US139738" />
      <property name="capabilities" value="chrome.135_0_7049_115.windows" />
      <property name="file" value="file:///D:/a/1/s/test/specs/BTS/billing-calculation-transp-times.spec.js" />
    </properties>
    <testcase classname="chrome.135_0_7049_115.windows.Billing_Calculation_-_Time_based_(considering_transport_times)_US139738" name="Should create a new yard" time="0.02">
      <system-out><![CDATA[
COMMAND: POST /session/6eb241deac570073510706dc7280b28b/window/fullscreen - {}
RESULT: {}
]]></system-out>
    </testcase>
    <testcase classname="chrome.135_0_7049_115.windows.Billing_Calculation_-_Time_based_(considering_transport_times)_US139738" name="Should create a new partner" time="0.005" />
    <testcase classname="chrome.135_0_7049_115.windows.Billing_Calculation_-_Time_based_(considering_transport_times)_US139738" name="Should create a new site" time="0.004" />
    <testcase classname="chrome.135_0_7049_115.windows.Billing_Calculation_-_Time_based_(considering_transport_times)_US139738" name="Should create the equipment" time="156.386">
      <system-out><![CDATA[
COMMAND: POST /session/6eb241deac570073510706dc7280b28b/execute/async - {"script":"<script> [1562 bytes]","args":[{"selector":{"controlType":"sap.m.GenericTile","properties":{"header":"Manage Resources"}},"wdio_ui5_key":"sapm.GenericTile{\"header\":\"Manage Resources\"}"}]}
RESULT: {"script":"<script> [1562 bytes]","args":[{"selector":{"controlType":"sap.m.GenericTile","properties":{"header":"Manage Resources"}},"wdio_ui5_key":"sapm.GenericTile{\"header\":\"Manage Resources\"}"}]}
RESULT: undefined
COMMAND: POST /session/6eb241deac570073510706dc7280b28b/element - {"using":"xpath","value":"//*[@id=\"__tile39\"]"}
RESULT: {"using":"xpath","value":"//*[@id=\"__tile39\"]"}
COMMAND: POST /session/6eb241deac570073510706dc7280b28b/element/f.451C0D83FD0E10390ED4567275622C99.d.638F8166E99CB989FC8765758909E82E.e.18822/click - {}
RESULT: {}
COMMAND: POST /session/6eb241deac570073510706dc7280b28b/element - {"using":"xpath","value":"//button[@data-kt=\"addNewRUOverflowToolbarButton\"]"}
COMMAND: GET /session/6eb241deac570073510706dc7280b28b/screenshot - {}
RESULT: {"using":"xpath","value":"//button[@data-kt=\"addNewRUOverflowToolbarButton\"]"}
COMMAND: POST /session/6eb241deac570073510706dc7280b28b/elements - {"using":"xpath","value":"//button[@data-kt=\"addNewRUOverflowToolbarButton\"]"}
RESULT: {}
RESULT: {"using":"xpath","value":"//button[@data-kt=\"addNewRUOverflowToolbarButton\"]"}
COMMAND: POST /session/6eb241deac570073510706dc7280b28b/elements - {"using":"xpath","value":"//button[@data-kt=\"addNewRUOverflowToolbarButton\"]"}
RESULT: {"using":"xpath","value":"//button[@data-kt=\"addNewRUOverflowToolbarButton\"]"}
COMMAND: POST /session/6eb241deac570073510706dc7280b28b/elements - {"using":"xpath","value":"//button[@data-kt=\"addNewRUOverflowToolbarButton\"]"}
RESULT: {"using":"xpath","value":"//button[@data-kt=\"addNewRUOverflowToolbarButton\"]"}
COMMAND: POST /session/6eb241deac570073510706dc7280b28b/elements - {"using":"xpath","value":"//button[@data-kt=\"addNewRUOverflowToolbarButton\"]"}
RESULT: {"using":"xpath","value":"//button[@data-kt=\"addNewRUOverflowToolbarButton\"]"}
COMMAND: POST /session/6eb241deac570073510706dc7280b28b/elements - {"using":"xpath","value":"//button[@data-kt=\"addNewRUOverflowToolbarButton\"]"}
RESULT: {"using":"xpath","value":"//button[@data-kt=\"addNewRUOverflowToolbarButton\"]"}
COMMAND: POST /session/6eb241deac570073510706dc7280b28b/elements - {"using":"xpath","value":"//button[@data-kt=\"addNewRUOverflowToolbarButton\"]"}
RESULT: {"using":"xpath","value":"//button[@data-kt=\"addNewRUOverflowToolbarButton\"]"}
COMMAND: POST /session/6eb241deac570073510706dc7280b28b/elements - {"using":"xpath","value":"//button[@data-kt=\"addNewRUOverflowToolbarButton\"]"}
RESULT: {"using":"xpath","value":"//button[@data-kt=\"addNewRUOverflowToolbarButton\"]"}
COMMAND: POST /session/6eb241deac570073510706dc7280b28b/elements - {"using":"xpath","value":"//button[@data-kt=\"addNewRUOverflowToolbarButton\"]"}
RESULT: {"using":"xpath","value":"//button[@data-kt=\"addNewRUOverflowToolbarButton\"]"}
COMMAND: POST /session/6eb241deac570073510706dc7280b28b/elements - {"using":"xpath","value":"//button[@data-kt=\"addNewRUOverflowToolbarButton\"]"}
RESULT: {"using":"xpath","value":"//button[@data-kt=\"addNewRUOverflowToolbarButton\"]"}
COMMAND: POST /session/6eb241deac570073510706dc7280b28b/elements - {"using":"xpath","value":"//button[@data-kt=\"addNewRUOverflowToolbarButton\"]"}
RESULT: {"using":"xpath","value":"//button[@data-kt=\"addNewRUOverflowToolbarButton\"]"}
COMMAND: POST /session/6eb241deac570073510706dc7280b28b/elements - {"using":"xpath","value":"//button[@data-kt=\"addNewRUOverflowToolbarButton\"]"}
RESULT: {"using":"xpath","value":"//button[@data-kt=\"addNewRUOverflowToolbarButton\"]"}
COMMAND: POST /session/6eb241deac570073510706dc7280b28b/elements - {"using":"xpath","value":"//button[@data-kt=\"addNewRUOverflowToolbarButton\"]"}
RESULT: {"using":"xpath","value":"//button[@data-kt=\"addNewRUOverflowToolbarButton\"]"}
COMMAND: POST /session/6eb241deac570073510706dc7280b28b/elements - {"using":"xpath","value":"//button[@data-kt=\"addNewRUOverflowToolbarButton\"]"}
RESULT: {"using":"xpath","value":"//button[@data-kt=\"addNewRUOverflowToolbarButton\"]"}
COMMAND: POST /session/6eb241deac570073510706dc7280b28b/elements - {"using":"xpath","value":"//button[@data-kt=\"addNewRUOverflowToolbarButton\"]"}
RESULT: {"using":"xpath","value":"//button[@data-kt=\"addNewRUOverflowToolbarButton\"]"}
COMMAND: POST /session/6eb241deac570073510706dc7280b28b/elements - {"using":"xpath","value":"//button[@data-kt=\"addNewRUOverflowToolbarButton\"]"}
RESULT: {"using":"xpath","value":"//button[@data-kt=\"addNewRUOverflowToolbarButton\"]"}
COMMAND: POST /session/6eb241deac570073510706dc7280b28b/elements - {"using":"xpath","value":"//button[@data-kt=\"addNewRUOverflowToolbarButton\"]"}
RESULT: {"using":"xpath","value":"//button[@data-kt=\"addNewRUOverflowToolbarButton\"]"}
COMMAND: POST /session/6eb241deac570073510706dc7280b28b/elements - {"using":"xpath","value":"//button[@data-kt=\"addNewRUOverflowToolbarButton\"]"}
RESULT: {"using":"xpath","value":"//button[@data-kt=\"addNewRUOverflowToolbarButton\"]"}
COMMAND: POST /session/6eb241deac570073510706dc7280b28b/elements - {"using":"xpath","value":"//button[@data-kt=\"addNewRUOverflowToolbarButton\"]"}
RESULT: {"using":"xpath","value":"//button[@data-kt=\"addNewRUOverflowToolbarButton\"]"}
COMMAND: POST /session/6eb241deac570073510706dc7280b28b/elements - {"using":"xpath","value":"//button[@data-kt=\"addNewRUOverflowToolbarButton\"]"}
RESULT: {"using":"xpath","value":"//button[@data-kt=\"addNewRUOverflowToolbarButton\"]"}
COMMAND: POST /session/6eb241deac570073510706dc7280b28b/elements - {"using":"xpath","value":"//button[@data-kt=\"addNewRUOverflowToolbarButton\"]"}
RESULT: {"using":"xpath","value":"//button[@data-kt=\"addNewRUOverflowToolbarButton\"]"}
COMMAND: POST /session/6eb241deac570073510706dc7280b28b/elements - {"using":"xpath","value":"//button[@data-kt=\"addNewRUOverflowToolbarButton\"]"}
RESULT: {"using":"xpath","value":"//button[@data-kt=\"addNewRUOverflowToolbarButton\"]"}
COMMAND: POST /session/6eb241deac570073510706dc7280b28b/elements - {"using":"xpath","value":"//button[@data-kt=\"addNewRUOverflowToolbarButton\"]"}
RESULT: {"using":"xpath","value":"//button[@data-kt=\"addNewRUOverflowToolbarButton\"]"}
COMMAND: POST /session/6eb241deac570073510706dc7280b28b/elements - {"using":"xpath","value":"//button[@data-kt=\"addNewRUOverflowToolbarButton\"]"}
RESULT: {"using":"xpath","value":"//button[@data-kt=\"addNewRUOverflowToolbarButton\"]"}
COMMAND: POST /session/6eb241deac570073510706dc7280b28b/elements - {"using":"xpath","value":"//button[@data-kt=\"addNewRUOverflowToolbarButton\"]"}
RESULT: {"using":"xpath","value":"//button[@data-kt=\"addNewRUOverflowToolbarButton\"]"}
COMMAND: POST /session/6eb241deac570073510706dc7280b28b/elements - {"using":"xpath","value":"//button[@data-kt=\"addNewRUOverflowToolbarButton\"]"}
RESULT: {"using":"xpath","value":"//button[@data-kt=\"addNewRUOverflowToolbarButton\"]"}
COMMAND: POST /session/6eb241deac570073510706dc7280b28b/elements - {"using":"xpath","value":"//button[@data-kt=\"addNewRUOverflowToolbarButton\"]"}
RESULT: {"using":"xpath","value":"//button[@data-kt=\"addNewRUOverflowToolbarButton\"]"}
COMMAND: POST /session/6eb241deac570073510706dc7280b28b/elements - {"using":"xpath","value":"//button[@data-kt=\"addNewRUOverflowToolbarButton\"]"}
RESULT: {"using":"xpath","value":"//button[@data-kt=\"addNewRUOverflowToolbarButton\"]"}
COMMAND: POST /session/6eb241deac570073510706dc7280b28b/elements - {"using":"xpath","value":"//button[@data-kt=\"addNewRUOverflowToolbarButton\"]"}
RESULT: {"using":"xpath","value":"//button[@data-kt=\"addNewRUOverflowToolbarButton\"]"}
COMMAND: POST /session/6eb241deac570073510706dc7280b28b/elements - {"using":"xpath","value":"//button[@data-kt=\"addNewRUOverflowToolbarButton\"]"}
RESULT: {"using":"xpath","value":"//button[@data-kt=\"addNewRUOverflowToolbarButton\"]"}
COMMAND: POST /session/6eb241deac570073510706dc7280b28b/elements - {"using":"xpath","value":"//button[@data-kt=\"addNewRUOverflowToolbarButton\"]"}
RESULT: {"using":"xpath","value":"//button[@data-kt=\"addNewRUOverflowToolbarButton\"]"}
COMMAND: POST /session/6eb241deac570073510706dc7280b28b/elements - {"using":"xpath","value":"//button[@data-kt=\"addNewRUOverflowToolbarButton\"]"}
RESULT: {"using":"xpath","value":"//button[@data-kt=\"addNewRUOverflowToolbarButton\"]"}
COMMAND: POST /session/6eb241deac570073510706dc7280b28b/elements - {"using":"xpath","value":"//button[@data-kt=\"addNewRUOverflowToolbarButton\"]"}
RESULT: {"using":"xpath","value":"//button[@data-kt=\"addNewRUOverflowToolbarButton\"]"}
COMMAND: POST /session/6eb241deac570073510706dc7280b28b/elements - {"using":"xpath","value":"//button[@data-kt=\"addNewRUOverflowToolbarButton\"]"}
RESULT: {"using":"xpath","value":"//button[@data-kt=\"addNewRUOverflowToolbarButton\"]"}
COMMAND: POST /session/6eb241deac570073510706dc7280b28b/elements - {"using":"xpath","value":"//button[@data-kt=\"addNewRUOverflowToolbarButton\"]"}
RESULT: {"using":"xpath","value":"//button[@data-kt=\"addNewRUOverflowToolbarButton\"]"}
COMMAND: POST /session/6eb241deac570073510706dc7280b28b/elements - {"using":"xpath","value":"//button[@data-kt=\"addNewRUOverflowToolbarButton\"]"}
RESULT: {"using":"xpath","value":"//button[@data-kt=\"addNewRUOverflowToolbarButton\"]"}
COMMAND: POST /session/6eb241deac570073510706dc7280b28b/elements - {"using":"xpath","value":"//button[@data-kt=\"addNewRUOverflowToolbarButton\"]"}
RESULT: {"using":"xpath","value":"//button[@data-kt=\"addNewRUOverflowToolbarButton\"]"}
COMMAND: POST /session/6eb241deac570073510706dc7280b28b/elements - {"using":"xpath","value":"//button[@data-kt=\"addNewRUOverflowToolbarButton\"]"}
RESULT: {"using":"xpath","value":"//button[@data-kt=\"addNewRUOverflowToolbarButton\"]"}
COMMAND: POST /session/6eb241deac570073510706dc7280b28b/elements - {"using":"xpath","value":"//button[@data-kt=\"addNewRUOverflowToolbarButton\"]"}
RESULT: {"using":"xpath","value":"//button[@data-kt=\"addNewRUOverflowToolbarButton\"]"}
COMMAND: POST /session/6eb241deac570073510706dc7280b28b/elements - {"using":"xpath","value":"//button[@data-kt=\"addNewRUOverflowToolbarButton\"]"}
RESULT: {"using":"xpath","value":"//button[@data-kt=\"addNewRUOverflowToolbarButton\"]"}
COMMAND: POST /session/6eb241deac570073510706dc7280b28b/elements - {"using":"xpath","value":"//button[@data-kt=\"addNewRUOverflowToolbarButton\"]"}
RESULT: {"using":"xpath","value":"//button[@data-kt=\"addNewRUOverflowToolbarButton\"]"}
COMMAND: POST /session/6eb241deac570073510706dc7280b28b/elements - {"using":"xpath","value":"//button[@data-kt=\"addNewRUOverflowToolbarButton\"]"}
RESULT: {"using":"xpath","value":"//button[@data-kt=\"addNewRUOverflowToolbarButton\"]"}
COMMAND: POST /session/6eb241deac570073510706dc7280b28b/elements - {"using":"xpath","value":"//button[@data-kt=\"addNewRUOverflowToolbarButton\"]"}
RESULT: {"using":"xpath","value":"//button[@data-kt=\"addNewRUOverflowToolbarButton\"]"}
COMMAND: POST /session/6eb241deac570073510706dc7280b28b/elements - {"using":"xpath","value":"//button[@data-kt=\"addNewRUOverflowToolbarButton\"]"}
RESULT: {"using":"xpath","value":"//button[@data-kt=\"addNewRUOverflowToolbarButton\"]"}
COMMAND: POST /session/6eb241deac570073510706dc7280b28b/elements - {"using":"xpath","value":"//button[@data-kt=\"addNewRUOverflowToolbarButton\"]"}
RESULT: {"using":"xpath","value":"//button[@data-kt=\"addNewRUOverflowToolbarButton\"]"}
COMMAND: POST /session/6eb241deac570073510706dc7280b28b/elements - {"using":"xpath","value":"//button[@data-kt=\"addNewRUOverflowToolbarButton\"]"}
RESULT: {"using":"xpath","value":"//button[@data-kt=\"addNewRUOverflowToolbarButton\"]"}
COMMAND: POST /session/6eb241deac570073510706dc7280b28b/elements - {"using":"xpath","value":"//button[@data-kt=\"addNewRUOverflowToolbarButton\"]"}
RESULT: {"using":"xpath","value":"//button[@data-kt=\"addNewRUOverflowToolbarButton\"]"}
COMMAND: POST /session/6eb241deac570073510706dc7280b28b/elements - {"using":"xpath","value":"//button[@data-kt=\"addNewRUOverflowToolbarButton\"]"}
RESULT: {"using":"xpath","value":"//button[@data-kt=\"addNewRUOverflowToolbarButton\"]"}
COMMAND: POST /session/6eb241deac570073510706dc7280b28b/elements - {"using":"xpath","value":"//button[@data-kt=\"addNewRUOverflowToolbarButton\"]"}
RESULT: {"using":"xpath","value":"//button[@data-kt=\"addNewRUOverflowToolbarButton\"]"}
COMMAND: POST /session/6eb241deac570073510706dc7280b28b/elements - {"using":"xpath","value":"//button[@data-kt=\"addNewRUOverflowToolbarButton\"]"}
RESULT: {"using":"xpath","value":"//button[@data-kt=\"addNewRUOverflowToolbarButton\"]"}
COMMAND: POST /session/6eb241deac570073510706dc7280b28b/elements - {"using":"xpath","value":"//button[@data-kt=\"addNewRUOverflowToolbarButton\"]"}
RESULT: {"using":"xpath","value":"//button[@data-kt=\"addNewRUOverflowToolbarButton\"]"}
COMMAND: POST /session/6eb241deac570073510706dc7280b28b/element - {"using":"xpath","value":"//button[@data-kt=\"addNewRUOverflowToolbarButton\"]"}
RESULT: {"using":"xpath","value":"//button[@data-kt=\"addNewRUOverflowToolbarButton\"]"}
COMMAND: POST /session/6eb241deac570073510706dc7280b28b/execute/sync - {"script":"<script> [8489 bytes]","args":[{"element-6066-11e4-a52e-4f735466cecf":"f.451C0D83FD0E10390ED4567275622C99.d.638F8166E99CB989FC8765758909E82E.e.18973","ELEMENT":"f.451C0D83FD0E10390ED4567275622C99.d.638F8166E99CB989FC8765758909E82E.e.18973"}]}
RESULT: {"script":"<script> [8489 bytes]","args":[{"element-6066-11e4-a52e-4f735466cecf":"f.451C0D83FD0E10390ED4567275622C99.d.638F8166E99CB989FC8765758909E82E.e.18973","ELEMENT":"f.451C0D83FD0E10390ED4567275622C99.d.638F8166E99CB989FC8765758909E82E.e.18973"}]}
COMMAND: GET /session/6eb241deac570073510706dc7280b28b/element/f.451C0D83FD0E10390ED4567275622C99.d.638F8166E99CB989FC8765758909E82E.e.18973/enabled - {}
COMMAND: GET /session/6eb241deac570073510706dc7280b28b/screenshot - {}
RESULT: {}
COMMAND: POST /session/6eb241deac570073510706dc7280b28b/execute/sync - {"script":"<script> [8489 bytes]","args":[{"element-6066-11e4-a52e-4f735466cecf":"f.451C0D83FD0E10390ED4567275622C99.d.638F8166E99CB989FC8765758909E82E.e.18973","ELEMENT":"f.451C0D83FD0E10390ED4567275622C99.d.638F8166E99CB989FC8765758909E82E.e.18973"}]}
COMMAND: GET /session/6eb241deac570073510706dc7280b28b/screenshot - {}
RESULT: {}
RESULT: {"script":"<script> [8489 bytes]","args":[{"element-6066-11e4-a52e-4f735466cecf":"f.451C0D83FD0E10390ED4567275622C99.d.638F8166E99CB989FC8765758909E82E.e.18973","ELEMENT":"f.451C0D83FD0E10390ED4567275622C99.d.638F8166E99CB989FC8765758909E82E.e.18973"}]}
COMMAND: POST /session/6eb241deac570073510706dc7280b28b/execute/sync - {"script":"<script> [5351 bytes]","args":[{"element-6066-11e4-a52e-4f735466cecf":"f.451C0D83FD0E10390ED4567275622C99.d.638F8166E99CB989FC8765758909E82E.e.18973","ELEMENT":"f.451C0D83FD0E10390ED4567275622C99.d.638F8166E99CB989FC8765758909E82E.e.18973"}]}
COMMAND: GET /session/6eb241deac570073510706dc7280b28b/screenshot - {}
RESULT: {}
RESULT: {"script":"<script> [5351 bytes]","args":[{"element-6066-11e4-a52e-4f735466cecf":"f.451C0D83FD0E10390ED4567275622C99.d.638F8166E99CB989FC8765758909E82E.e.18973","ELEMENT":"f.451C0D83FD0E10390ED4567275622C99.d.638F8166E99CB989FC8765758909E82E.e.18973"}]}
COMMAND: POST /session/6eb241deac570073510706dc7280b28b/element/f.451C0D83FD0E10390ED4567275622C99.d.638F8166E99CB989FC8765758909E82E.e.18973/click - {}
COMMAND: GET /session/6eb241deac570073510706dc7280b28b/screenshot - {}
RESULT: {}
RESULT: {}
COMMAND: GET /session/6eb241deac570073510706dc7280b28b/screenshot - {}
RESULT: {}
RESULT: {}
COMMAND: POST /session/6eb241deac570073510706dc7280b28b/execute/async - {"script":"<script> [1562 bytes]","args":[{"selector":{"id":"application-manageresources-display-component---newResourceUnit--TYPE-arrow"},"wdio_ui5_key":"applicationmanageresources-display-component---newResourceUnit--TYPE-arrow"}]}
RESULT: {"script":"<script> [1562 bytes]","args":[{"selector":{"id":"application-manageresources-display-component---newResourceUnit--TYPE-arrow"},"wdio_ui5_key":"applicationmanageresources-display-component---newResourceUnit--TYPE-arrow"}]}
RESULT: undefined
COMMAND: POST /session/6eb241deac570073510706dc7280b28b/element - {"using":"xpath","value":"//*[@id=\"application-manageresources-display-component---newResourceUnit--TYPE-arrow\"]"}
RESULT: {"using":"xpath","value":"//*[@id=\"application-manageresources-display-component---newResourceUnit--TYPE-arrow\"]"}
COMMAND: POST /session/6eb241deac570073510706dc7280b28b/element/f.451C0D83FD0E10390ED4567275622C99.d.638F8166E99CB989FC8765758909E82E.e.19320/click - {}
RESULT: {}
COMMAND: POST /session/6eb241deac570073510706dc7280b28b/element - {"using":"xpath","value":"//input[@id=\"application-manageresources-display-component---newResourceUnit--TYPE-inner\"]"}
COMMAND: GET /session/6eb241deac570073510706dc7280b28b/screenshot - {}
RESULT: {"using":"xpath","value":"//input[@id=\"application-manageresources-display-component---newResourceUnit--TYPE-inner\"]"}
COMMAND: POST /session/6eb241deac570073510706dc7280b28b/element/f.451C0D83FD0E10390ED4567275622C99.d.638F8166E99CB989FC8765758909E82E.e.19316/clear - {}
RESULT: {}
RESULT: {}
COMMAND: POST /session/6eb241deac570073510706dc7280b28b/element/f.451C0D83FD0E10390ED4567275622C99.d.638F8166E99CB989FC8765758909E82E.e.19316/value - {"text":"Equipment"}
COMMAND: GET /session/6eb241deac570073510706dc7280b28b/screenshot - {}
RESULT: {"text":"Equipment"}
COMMAND: GET /session/6eb241deac570073510706dc7280b28b/screenshot - {}
RESULT: {}
RESULT: {}
COMMAND: POST /session/6eb241deac570073510706dc7280b28b/actions - {"actions":[{"id":"action66","type":"key","parameters":{},"actions":[{"type":"keyDown","value":"î€‡"},{"type":"pause","duration":10},{"type":"keyUp","value":"î€‡"}]}]}
RESULT: {"actions":[{"id":"action66","type":"key","parameters":{},"actions":[{"type":"keyDown","value":"î€‡"},{"type":"pause","duration":10},{"type":"keyUp","value":"î€‡"}]}]}
COMMAND: POST /session/6eb241deac570073510706dc7280b28b/execute/async - {"script":"<script> [1562 bytes]","args":[{"selector":{"id":"application-manageresources-display-component---newResourceUnit--resourceId","interaction":{"idSuffix":"inner"}},"wdio_ui5_key":"applicationmanageresources-display-component---newResourceUnit--resourceId"}]}
COMMAND: GET /session/6eb241deac570073510706dc7280b28b/screenshot - {}
RESULT: {"script":"<script> [1562 bytes]","args":[{"selector":{"id":"application-manageresources-display-component---newResourceUnit--resourceId","interaction":{"idSuffix":"inner"}},"wdio_ui5_key":"applicationmanageresources-display-component---newResourceUnit--resourceId"}]}
RESULT: undefined
COMMAND: POST /session/6eb241deac570073510706dc7280b28b/execute/async - {"script":"<script> [776 bytes]","args":[{"enterText":"bPwd59DXAT","selector":{"id":"application-manageresources-display-component---newResourceUnit--resourceId","interaction":{"idSuffix":"inner"}},"clearTextFirst":true,"interactionType":"ENTER_TEXT"}]}
RESULT: {}
RESULT: {"script":"<script> [776 bytes]","args":[{"enterText":"bPwd59DXAT","selector":{"id":"application-manageresources-display-component---newResourceUnit--resourceId","interaction":{"idSuffix":"inner"}},"clearTextFirst":true,"interactionType":"ENTER_TEXT"}]}
COMMAND: POST /session/6eb241deac570073510706dc7280b28b/execute/async - {"script":"<script> [1562 bytes]","args":[{"selector":{"id":"application-manageresources-display-component---newResourceUnit--SHORT_TEXT","interaction":{"idSuffix":"inner"}},"wdio_ui5_key":"applicationmanageresources-display-component---newResourceUnit--SHORT_TEXT"}]}
RESULT: {"script":"<script> [1562 bytes]","args":[{"selector":{"id":"application-manageresources-display-component---newResourceUnit--SHORT_TEXT","interaction":{"idSuffix":"inner"}},"wdio_ui5_key":"applicationmanageresources-display-component---newResourceUnit--SHORT_TEXT"}]}
RESULT: undefined
COMMAND: POST /session/6eb241deac570073510706dc7280b28b/execute/async - {"script":"<script> [776 bytes]","args":[{"enterText":"Intercompany Equipment WDIO","selector":{"id":"application-manageresources-display-component---newResourceUnit--SHORT_TEXT","interaction":{"idSuffix":"inner"}},"clearTextFirst":true,"interactionType":"ENTER_TEXT"}]}
RESULT: {"script":"<script> [776 bytes]","args":[{"enterText":"Intercompany Equipment WDIO","selector":{"id":"application-manageresources-display-component---newResourceUnit--SHORT_TEXT","interaction":{"idSuffix":"inner"}},"clearTextFirst":true,"interactionType":"ENTER_TEXT"}]}
COMMAND: POST /session/6eb241deac570073510706dc7280b28b/execute/async - {"script":"<script> [1562 bytes]","args":[{"selector":{"id":"application-manageresources-display-component---newResourceUnit--BASE_UNIT_OF_MEASURE","interaction":{"idSuffix":"inner"}},"wdio_ui5_key":"applicationmanageresources-display-component---newResourceUnit--BASE_UNIT_OF_MEASURE"}]}
RESULT: {"script":"<script> [1562 bytes]","args":[{"selector":{"id":"application-manageresources-display-component---newResourceUnit--BASE_UNIT_OF_MEASURE","interaction":{"idSuffix":"inner"}},"wdio_ui5_key":"applicationmanageresources-display-component---newResourceUnit--BASE_UNIT_OF_MEASURE"}]}
RESULT: undefined
COMMAND: POST /session/6eb241deac570073510706dc7280b28b/execute/async - {"script":"<script> [776 bytes]","args":[{"enterText":"Piece","selector":{"id":"application-manageresources-display-component---newResourceUnit--BASE_UNIT_OF_MEASURE","interaction":{"idSuffix":"inner"}},"clearTextFirst":true,"interactionType":"ENTER_TEXT"}]}
RESULT: {"script":"<script> [776 bytes]","args":[{"enterText":"Piece","selector":{"id":"application-manageresources-display-component---newResourceUnit--BASE_UNIT_OF_MEASURE","interaction":{"idSuffix":"inner"}},"clearTextFirst":true,"interactionType":"ENTER_TEXT"}]}
COMMAND: POST /session/6eb241deac570073510706dc7280b28b/execute/async - {"script":"<script> [1562 bytes]","args":[{"selector":{"id":"application-manageresources-display-component---newResourceUnit--WEIGHT_UNIT","interaction":{"idSuffix":"inner"}},"wdio_ui5_key":"applicationmanageresources-display-component---newResourceUnit--WEIGHT_UNIT"}]}
RESULT: {"script":"<script> [1562 bytes]","args":[{"selector":{"id":"application-manageresources-display-component---newResourceUnit--WEIGHT_UNIT","interaction":{"idSuffix":"inner"}},"wdio_ui5_key":"applicationmanageresources-display-component---newResourceUnit--WEIGHT_UNIT"}]}
RESULT: undefined
COMMAND: POST /session/6eb241deac570073510706dc7280b28b/execute/async - {"script":"<script> [776 bytes]","args":[{"enterText":"Gram","selector":{"id":"application-manageresources-display-component---newResourceUnit--WEIGHT_UNIT","interaction":{"idSuffix":"inner"}},"clearTextFirst":true,"interactionType":"ENTER_TEXT"}]}
RESULT: {"script":"<script> [776 bytes]","args":[{"enterText":"Gram","selector":{"id":"application-manageresources-display-component---newResourceUnit--WEIGHT_UNIT","interaction":{"idSuffix":"inner"}},"clearTextFirst":true,"interactionType":"ENTER_TEXT"}]}
COMMAND: POST /session/6eb241deac570073510706dc7280b28b/execute/async - {"script":"<script> [1562 bytes]","args":[{"selector":{"id":"application-manageresources-display-component---newResourceUnit--DIMENSION_UNIT","interaction":{"idSuffix":"inner"}},"wdio_ui5_key":"applicationmanageresources-display-component---newResourceUnit--DIMENSION_UNIT"}]}
RESULT: {"script":"<script> [1562 bytes]","args":[{"selector":{"id":"application-manageresources-display-component---newResourceUnit--DIMENSION_UNIT","interaction":{"idSuffix":"inner"}},"wdio_ui5_key":"applicationmanageresources-display-component---newResourceUnit--DIMENSION_UNIT"}]}
RESULT: undefined
COMMAND: POST /session/6eb241deac570073510706dc7280b28b/execute/async - {"script":"<script> [776 bytes]","args":[{"enterText":"Meter","selector":{"id":"application-manageresources-display-component---newResourceUnit--DIMENSION_UNIT","interaction":{"idSuffix":"inner"}},"clearTextFirst":true,"interactionType":"ENTER_TEXT"}]}
RESULT: {"script":"<script> [776 bytes]","args":[{"enterText":"Meter","selector":{"id":"application-manageresources-display-component---newResourceUnit--DIMENSION_UNIT","interaction":{"idSuffix":"inner"}},"clearTextFirst":true,"interactionType":"ENTER_TEXT"}]}
COMMAND: POST /session/6eb241deac570073510706dc7280b28b/execute/async - {"script":"<script> [1562 bytes]","args":[{"selector":{"id":"application-manageresources-display-component---newResourceUnit--newRRUPage-anchBar-application-manageresources-display-component---newResourceUnit--control-anchor","interaction":{"idSuffix":"BDI-content"}},"wdio_ui5_key":"applicationmanageresources-display-component---newResourceUnit--newRRUPage-anchBar-application-manageresources-display-component---newResourceUnit--control-anchor"}]}
RESULT: {"script":"<script> [1562 bytes]","args":[{"selector":{"id":"application-manageresources-display-component---newResourceUnit--newRRUPage-anchBar-application-manageresources-display-component---newResourceUnit--control-anchor","interaction":{"idSuffix":"BDI-content"}},"wdio_ui5_key":"applicationmanageresources-display-component---newResourceUnit--newRRUPage-anchBar-application-manageresources-display-component---newResourceUnit--control-anchor"}]}
RESULT: undefined
COMMAND: POST /session/6eb241deac570073510706dc7280b28b/element - {"using":"xpath","value":"//*[@id=\"application-manageresources-display-component---newResourceUnit--newRRUPage-anchBar-application-manageresources-display-component---newResourceUnit--control-anchor\"]"}
RESULT: {"using":"xpath","value":"//*[@id=\"application-manageresources-display-component---newResourceUnit--newRRUPage-anchBar-application-manageresources-display-component---newResourceUnit--control-anchor\"]"}
COMMAND: POST /session/6eb241deac570073510706dc7280b28b/element/f.451C0D83FD0E10390ED4567275622C99.d.638F8166E99CB989FC8765758909E82E.e.19454/click - {}
RESULT: {}
COMMAND: POST /session/6eb241deac570073510706dc7280b28b/execute/async - {"script":"<script> [1562 bytes]","args":[{"selector":{"id":"application-manageresources-display-component---newResourceUnit--PLANNING_GROUP","interaction":{"idSuffix":"inner"}},"wdio_ui5_key":"applicationmanageresources-display-component---newResourceUnit--PLANNING_GROUP"}]}
COMMAND: GET /session/6eb241deac570073510706dc7280b28b/screenshot - {}
RESULT: {"script":"<script> [1562 bytes]","args":[{"selector":{"id":"application-manageresources-display-component---newResourceUnit--PLANNING_GROUP","interaction":{"idSuffix":"inner"}},"wdio_ui5_key":"applicationmanageresources-display-component---newResourceUnit--PLANNING_GROUP"}]}
RESULT: undefined
COMMAND: POST /session/6eb241deac570073510706dc7280b28b/execute/async - {"script":"<script> [776 bytes]","args":[{"enterText":"Heavy Equi","selector":{"id":"application-manageresources-display-component---newResourceUnit--PLANNING_GROUP","interaction":{"idSuffix":"inner"}},"clearTextFirst":true,"interactionType":"ENTER_TEXT"}]}
RESULT: {}
RESULT: {"script":"<script> [776 bytes]","args":[{"enterText":"Heavy Equi","selector":{"id":"application-manageresources-display-component---newResourceUnit--PLANNING_GROUP","interaction":{"idSuffix":"inner"}},"clearTextFirst":true,"interactionType":"ENTER_TEXT"}]}
COMMAND: POST /session/6eb241deac570073510706dc7280b28b/execute/async - {"script":"<script> [1562 bytes]","args":[{"selector":{"id":"application-manageresources-display-component---newResourceUnit--ITEM_TYPE-arrow"},"wdio_ui5_key":"applicationmanageresources-display-component---newResourceUnit--ITEM_TYPE-arrow"}]}
RESULT: {"script":"<script> [1562 bytes]","args":[{"selector":{"id":"application-manageresources-display-component---newResourceUnit--ITEM_TYPE-arrow"},"wdio_ui5_key":"applicationmanageresources-display-component---newResourceUnit--ITEM_TYPE-arrow"}]}
RESULT: undefined
COMMAND: POST /session/6eb241deac570073510706dc7280b28b/element - {"using":"xpath","value":"//*[@id=\"application-manageresources-display-component---newResourceUnit--ITEM_TYPE-arrow\"]"}
RESULT: {"using":"xpath","value":"//*[@id=\"application-manageresources-display-component---newResourceUnit--ITEM_TYPE-arrow\"]"}
COMMAND: POST /session/6eb241deac570073510706dc7280b28b/element/f.451C0D83FD0E10390ED4567275622C99.d.638F8166E99CB989FC8765758909E82E.e.19462/click - {}
RESULT: {}
COMMAND: POST /session/6eb241deac570073510706dc7280b28b/element - {"using":"xpath","value":"(//span[contains(text(), \"Resource Unit\")])[2]"}
COMMAND: GET /session/6eb241deac570073510706dc7280b28b/screenshot - {}
RESULT: {"using":"xpath","value":"(//span[contains(text(), \"Resource Unit\")])[2]"}
COMMAND: POST /session/6eb241deac570073510706dc7280b28b/element/f.451C0D83FD0E10390ED4567275622C99.d.638F8166E99CB989FC8765758909E82E.e.19463/click - {}
RESULT: {}
RESULT: {}
COMMAND: GET /session/6eb241deac570073510706dc7280b28b/screenshot - {}
RESULT: {}
COMMAND: POST /session/6eb241deac570073510706dc7280b28b/element - {"using":"css selector","value":"#application-manageresources-display-component---newResourceUnit--btnAddTimeSegment"}
RESULT: {"using":"css selector","value":"#application-manageresources-display-component---newResourceUnit--btnAddTimeSegment"}
COMMAND: GET /session/6eb241deac570073510706dc7280b28b/element/f.451C0D83FD0E10390ED4567275622C99.d.638F8166E99CB989FC8765758909E82E.e.19464/rect - {}
RESULT: {}
COMMAND: GET /session/6eb241deac570073510706dc7280b28b/window/rect - {}
RESULT: {}
COMMAND: POST /session/6eb241deac570073510706dc7280b28b/execute/sync - {"script":"<script> [92 bytes]","args":[]}
RESULT: {"script":"<script> [92 bytes]","args":[]}
COMMAND: POST /session/6eb241deac570073510706dc7280b28b/actions - {"actions":[{"id":"action67","type":"wheel","parameters":{},"actions":[{"type":"scroll","x":-1888,"y":-32,"deltaX":0,"deltaY":0,"duration":0,"origin":{"element-6066-11e4-a52e-4f735466cecf":"f.451C0D83FD0E10390ED4567275622C99.d.638F8166E99CB989FC8765758909E82E.e.19464"}}]}]}
COMMAND: GET /session/6eb241deac570073510706dc7280b28b/screenshot - {}
RESULT: {}
COMMAND: POST /session/6eb241deac570073510706dc7280b28b/execute/sync - {"script":"<script> [79 bytes]","args":[{"element-6066-11e4-a52e-4f735466cecf":"f.451C0D83FD0E10390ED4567275622C99.d.638F8166E99CB989FC8765758909E82E.e.19464","ELEMENT":"f.451C0D83FD0E10390ED4567275622C99.d.638F8166E99CB989FC8765758909E82E.e.19464"},{"block":"start","inline":"nearest"}]}
RESULT: {"script":"<script> [79 bytes]","args":[{"element-6066-11e4-a52e-4f735466cecf":"f.451C0D83FD0E10390ED4567275622C99.d.638F8166E99CB989FC8765758909E82E.e.19464","ELEMENT":"f.451C0D83FD0E10390ED4567275622C99.d.638F8166E99CB989FC8765758909E82E.e.19464"},{"block":"start","inline":"nearest"}]}
COMMAND: POST /session/6eb241deac570073510706dc7280b28b/execute/async - {"script":"<script> [1562 bytes]","args":[{"selector":{"id":"application-manageresources-display-component---newResourceUnit--btnAddTimeSegment","interaction":{"idSuffix":"inner"}},"wdio_ui5_key":"applicationmanageresources-display-component---newResourceUnit--btnAddTimeSegment"}]}
COMMAND: GET /session/6eb241deac570073510706dc7280b28b/screenshot - {}
RESULT: {"script":"<script> [1562 bytes]","args":[{"selector":{"id":"application-manageresources-display-component---newResourceUnit--btnAddTimeSegment","interaction":{"idSuffix":"inner"}},"wdio_ui5_key":"applicationmanageresources-display-component---newResourceUnit--btnAddTimeSegment"}]}
RESULT: undefined
COMMAND: POST /session/6eb241deac570073510706dc7280b28b/element - {"using":"xpath","value":"//*[@id=\"application-manageresources-display-component---newResourceUnit--btnAddTimeSegment\"]"}
RESULT: {}
RESULT: {"using":"xpath","value":"//*[@id=\"application-manageresources-display-component---newResourceUnit--btnAddTimeSegment\"]"}
COMMAND: POST /session/6eb241deac570073510706dc7280b28b/element/f.451C0D83FD0E10390ED4567275622C99.d.638F8166E99CB989FC8765758909E82E.e.19464/click - {}
RESULT: {}
COMMAND: GET /session/6eb241deac570073510706dc7280b28b/screenshot - {}
RESULT: {}
COMMAND: POST /session/6eb241deac570073510706dc7280b28b/element - {"using":"xpath","value":"//input[@id=\"application-manageresources-display-component---newResourceUnit--idRuTSAdmin-application-manageresources-display-component---newResourceUnit--RUTimeSegment-0-inner\"]"}
RESULT: {"using":"xpath","value":"//input[@id=\"application-manageresources-display-component---newResourceUnit--idRuTSAdmin-application-manageresources-display-component---newResourceUnit--RUTimeSegment-0-inner\"]"}
COMMAND: POST /session/6eb241deac570073510706dc7280b28b/element/f.451C0D83FD0E10390ED4567275622C99.d.638F8166E99CB989FC8765758909E82E.e.19470/clear - {}
RESULT: {}
COMMAND: POST /session/6eb241deac570073510706dc7280b28b/element/f.451C0D83FD0E10390ED4567275622C99.d.638F8166E99CB989FC8765758909E82E.e.19470/value - {"text":"640"}
COMMAND: GET /session/6eb241deac570073510706dc7280b28b/screenshot - {}
RESULT: {"text":"640"}
COMMAND: GET /session/6eb241deac570073510706dc7280b28b/screenshot - {}
RESULT: {}
RESULT: {}
COMMAND: POST /session/6eb241deac570073510706dc7280b28b/element - {"using":"xpath","value":"//li[.//span[text()='640']]"}
RESULT: {"using":"xpath","value":"//li[.//span[text()='640']]"}
COMMAND: POST /session/6eb241deac570073510706dc7280b28b/element/f.451C0D83FD0E10390ED4567275622C99.d.638F8166E99CB989FC8765758909E82E.e.19484/click - {}
RESULT: {}
COMMAND: GET /session/6eb241deac570073510706dc7280b28b/screenshot - {}
RESULT: {}
COMMAND: POST /session/6eb241deac570073510706dc7280b28b/element - {"using":"xpath","value":"(//span[contains(@id, \"-application-manageresources-display-component---newResourceUnit--RUTimeSegment-0-arrow\")])[6]"}
RESULT: {"using":"xpath","value":"(//span[contains(@id, \"-application-manageresources-display-component---newResourceUnit--RUTimeSegment-0-arrow\")])[6]"}
COMMAND: POST /session/6eb241deac570073510706dc7280b28b/element/f.451C0D83FD0E10390ED4567275622C99.d.638F8166E99CB989FC8765758909E82E.e.19485/click - {}
RESULT: {}
COMMAND: GET /session/6eb241deac570073510706dc7280b28b/screenshot - {}
RESULT: {}
COMMAND: POST /session/6eb241deac570073510706dc7280b28b/element - {"using":"xpath","value":"//span[contains(text(), \"PM Order\")]"}
RESULT: {"using":"xpath","value":"//span[contains(text(), \"PM Order\")]"}
COMMAND: POST /session/6eb241deac570073510706dc7280b28b/element/f.451C0D83FD0E10390ED4567275622C99.d.638F8166E99CB989FC8765758909E82E.e.19488/click - {}
RESULT: {}
COMMAND: GET /session/6eb241deac570073510706dc7280b28b/screenshot - {}
RESULT: {}
COMMAND: POST /session/6eb241deac570073510706dc7280b28b/element - {"using":"xpath","value":"(//span[contains(@id ,\"manageresources-display-component---newResourceUnit--RUTimeSegment-0-vhi\")])[1]"}
RESULT: {"using":"xpath","value":"(//span[contains(@id ,\"manageresources-display-component---newResourceUnit--RUTimeSegment-0-vhi\")])[1]"}
COMMAND: GET /session/6eb241deac570073510706dc7280b28b/element/f.451C0D83FD0E10390ED4567275622C99.d.638F8166E99CB989FC8765758909E82E.e.19492/rect - {}
RESULT: {}
COMMAND: GET /session/6eb241deac570073510706dc7280b28b/window/rect - {}
RESULT: {}
COMMAND: POST /session/6eb241deac570073510706dc7280b28b/execute/sync - {"script":"<script> [92 bytes]","args":[]}
RESULT: {"script":"<script> [92 bytes]","args":[]}
COMMAND: POST /session/6eb241deac570073510706dc7280b28b/actions - {"actions":[{"id":"action68","type":"wheel","parameters":{},"actions":[{"type":"scroll","x":-869,"y":-24,"deltaX":0,"deltaY":0,"duration":0,"origin":{"element-6066-11e4-a52e-4f735466cecf":"f.451C0D83FD0E10390ED4567275622C99.d.638F8166E99CB989FC8765758909E82E.e.19492"}}]}]}
COMMAND: GET /session/6eb241deac570073510706dc7280b28b/screenshot - {}
RESULT: {"actions":[{"id":"action68","type":"wheel","parameters":{},"actions":[{"type":"scroll","x":-869,"y":-24,"deltaX":0,"deltaY":0,"duration":0,"origin":{"element-6066-11e4-a52e-4f735466cecf":"f.451C0D83FD0E10390ED4567275622C99.d.638F8166E99CB989FC8765758909E82E.e.19492"}}]}]}
COMMAND: DELETE /session/6eb241deac570073510706dc7280b28b/actions - {}
COMMAND: GET /session/6eb241deac570073510706dc7280b28b/screenshot - {}
RESULT: {}
RESULT: {}
COMMAND: GET /session/6eb241deac570073510706dc7280b28b/screenshot - {}
RESULT: {}
RESULT: {}
COMMAND: POST /session/6eb241deac570073510706dc7280b28b/element/f.451C0D83FD0E10390ED4567275622C99.d.638F8166E99CB989FC8765758909E82E.e.19492/click - {}
RESULT: {}
COMMAND: GET /session/6eb241deac570073510706dc7280b28b/screenshot - {}
RESULT: {}
COMMAND: POST /session/6eb241deac570073510706dc7280b28b/execute/async - {"script":"<script> [1562 bytes]","args":[{"selector":{"controlType":"sap.m.SearchField","properties":{"placeholder":"Search"},"searchOpenDialogs":true,"interaction":{"idSuffix":"I"}},"wdio_ui5_key":"sapm.SearchField{\"placeholder\":\"Search\"}"}]}
RESULT: {"script":"<script> [1562 bytes]","args":[{"selector":{"controlType":"sap.m.SearchField","properties":{"placeholder":"Search"},"searchOpenDialogs":true,"interaction":{"idSuffix":"I"}},"wdio_ui5_key":"sapm.SearchField{\"placeholder\":\"Search\"}"}]}
RESULT: undefined
COMMAND: POST /session/6eb241deac570073510706dc7280b28b/execute/async - {"script":"<script> [776 bytes]","args":[{"enterText":"4000360","selector":{"controlType":"sap.m.SearchField","properties":{"placeholder":"Search"},"searchOpenDialogs":true,"interaction":{"idSuffix":"I"}},"clearTextFirst":true,"interactionType":"ENTER_TEXT"}]}
RESULT: {"script":"<script> [776 bytes]","args":[{"enterText":"4000360","selector":{"controlType":"sap.m.SearchField","properties":{"placeholder":"Search"},"searchOpenDialogs":true,"interaction":{"idSuffix":"I"}},"clearTextFirst":true,"interactionType":"ENTER_TEXT"}]}
COMMAND: POST /session/6eb241deac570073510706dc7280b28b/actions - {"actions":[{"id":"action69","type":"key","parameters":{},"actions":[{"type":"keyDown","value":"î€‡"},{"type":"pause","duration":10},{"type":"keyUp","value":"î€‡"}]}]}
RESULT: {"actions":[{"id":"action69","type":"key","parameters":{},"actions":[{"type":"keyDown","value":"î€‡"},{"type":"pause","duration":10},{"type":"keyUp","value":"î€‡"}]}]}
COMMAND: GET /session/6eb241deac570073510706dc7280b28b/screenshot - {}
RESULT: {}
COMMAND: POST /session/6eb241deac570073510706dc7280b28b/element - {"using":"xpath","value":"//td/div/span[contains(text(), \"BGL Vehicles\")]"}
RESULT: {"using":"xpath","value":"//td/div/span[contains(text(), \"BGL Vehicles\")]"}
COMMAND: POST /session/6eb241deac570073510706dc7280b28b/element/f.451C0D83FD0E10390ED4567275622C99.d.638F8166E99CB989FC8765758909E82E.e.19513/click - {}
RESULT: {}
COMMAND: GET /session/6eb241deac570073510706dc7280b28b/screenshot - {}
RESULT: {}
COMMAND: POST /session/6eb241deac570073510706dc7280b28b/element - {"using":"xpath","value":"//bdi[contains(text(), \"OK\")]"}
RESULT: {"using":"xpath","value":"//bdi[contains(text(), \"OK\")]"}
COMMAND: POST /session/6eb241deac570073510706dc7280b28b/element/f.451C0D83FD0E10390ED4567275622C99.d.638F8166E99CB989FC8765758909E82E.e.19514/click - {}
RESULT: {}
COMMAND: GET /session/6eb241deac570073510706dc7280b28b/screenshot - {}
RESULT: {}
COMMAND: POST /session/6eb241deac570073510706dc7280b28b/execute/async - {"script":"<script> [1562 bytes]","args":[{"selector":{"id":"application-manageresources-display-component---newResourceUnit--newRRUPage-anchBar-application-manageresources-display-component---newResourceUnit--resource-anchor","interaction":{"idSuffix":"BDI-content"}},"wdio_ui5_key":"applicationmanageresources-display-component---newResourceUnit--newRRUPage-anchBar-application-manageresources-display-component---newResourceUnit--resource-anchor"}]}
RESULT: {"script":"<script> [1562 bytes]","args":[{"selector":{"id":"application-manageresources-display-component---newResourceUnit--newRRUPage-anchBar-application-manageresources-display-component---newResourceUnit--resource-anchor","interaction":{"idSuffix":"BDI-content"}},"wdio_ui5_key":"applicationmanageresources-display-component---newResourceUnit--newRRUPage-anchBar-application-manageresources-display-component---newResourceUnit--resource-anchor"}]}
RESULT: undefined
COMMAND: POST /session/6eb241deac570073510706dc7280b28b/element - {"using":"xpath","value":"//*[@id=\"application-manageresources-display-component---newResourceUnit--newRRUPage-anchBar-application-manageresources-display-component---newResourceUnit--resource-anchor\"]"}
RESULT: {"using":"xpath","value":"//*[@id=\"application-manageresources-display-component---newResourceUnit--newRRUPage-anchBar-application-manageresources-display-component---newResourceUnit--resource-anchor\"]"}
COMMAND: POST /session/6eb241deac570073510706dc7280b28b/element/f.451C0D83FD0E10390ED4567275622C99.d.638F8166E99CB989FC8765758909E82E.e.19518/click - {}
RESULT: {}
COMMAND: POST /session/6eb241deac570073510706dc7280b28b/execute/async - {"script":"<script> [1562 bytes]","args":[{"selector":{"id":"application-manageresources-display-component---newResourceUnit--PLANNED_DELIVERY_DATE","interaction":{"idSuffix":"inner"}},"wdio_ui5_key":"applicationmanageresources-display-component---newResourceUnit--PLANNED_DELIVERY_DATE"}]}
COMMAND: GET /session/6eb241deac570073510706dc7280b28b/screenshot - {}
RESULT: {}
RESULT: {"script":"<script> [1562 bytes]","args":[{"selector":{"id":"application-manageresources-display-component---newResourceUnit--PLANNED_DELIVERY_DATE","interaction":{"idSuffix":"inner"}},"wdio_ui5_key":"applicationmanageresources-display-component---newResourceUnit--PLANNED_DELIVERY_DATE"}]}
RESULT: undefined
COMMAND: POST /session/6eb241deac570073510706dc7280b28b/execute/async - {"script":"<script> [6424 bytes]","args":[{"element-6066-11e4-a52e-4f735466cecf":"f.451C0D83FD0E10390ED4567275622C99.d.638F8166E99CB989FC8765758909E82E.e.19377"},"setValue",["5/6/25"]]}
RESULT: {"script":"<script> [6424 bytes]","args":[{"element-6066-11e4-a52e-4f735466cecf":"f.451C0D83FD0E10390ED4567275622C99.d.638F8166E99CB989FC8765758909E82E.e.19377"},"setValue",["5/6/25"]]}
COMMAND: POST /session/6eb241deac570073510706dc7280b28b/element - {"using":"xpath","value":"//label[contains(@class, 'sapMLabelRequired') and .//bdi[contains(text(), 'Planned Retirement')]]"}
RESULT: {"using":"xpath","value":"//label[contains(@class, 'sapMLabelRequired') and .//bdi[contains(text(), 'Planned Retirement')]]"}
COMMAND: POST /session/6eb241deac570073510706dc7280b28b/elements - {"using":"xpath","value":"//label[contains(@class, 'sapMLabelRequired') and .//bdi[contains(text(), 'Planned Retirement')]]"}
RESULT: {"using":"xpath","value":"//label[contains(@class, 'sapMLabelRequired') and .//bdi[contains(text(), 'Planned Retirement')]]"}
COMMAND: POST /session/6eb241deac570073510706dc7280b28b/element - {"using":"xpath","value":"//button[@data-kt=\"resourceUnitSaveButton\"]"}
RESULT: {"using":"xpath","value":"//button[@data-kt=\"resourceUnitSaveButton\"]"}
COMMAND: POST /session/6eb241deac570073510706dc7280b28b/element/f.451C0D83FD0E10390ED4567275622C99.d.638F8166E99CB989FC8765758909E82E.e.19337/click - {}
RESULT: {}
COMMAND: GET /session/6eb241deac570073510706dc7280b28b/screenshot - {}
RESULT: {}
COMMAND: POST /session/6eb241deac570073510706dc7280b28b/element - {"using":"xpath","value":"//bdi[contains(text(), \"Close\")]"}
RESULT: {"using":"xpath","value":"//bdi[contains(text(), \"Close\")]"}
COMMAND: POST /session/6eb241deac570073510706dc7280b28b/element/f.451C0D83FD0E10390ED4567275622C99.d.638F8166E99CB989FC8765758909E82E.e.19528/click - {}
RESULT: {}
COMMAND: GET /session/6eb241deac570073510706dc7280b28b/screenshot - {}
RESULT: {}
COMMAND: POST /session/6eb241deac570073510706dc7280b28b/element - {"using":"xpath","value":"(//button[contains(@id ,\"actionsToolbar-overflowButton\")])[1]"}
RESULT: {"using":"xpath","value":"(//button[contains(@id ,\"actionsToolbar-overflowButton\")])[1]"}
COMMAND: POST /session/6eb241deac570073510706dc7280b28b/element/f.451C0D83FD0E10390ED4567275622C99.d.638F8166E99CB989FC8765758909E82E.e.19583/click - {}
RESULT: {}
COMMAND: GET /session/6eb241deac570073510706dc7280b28b/screenshot - {}
RESULT: {}
COMMAND: POST /session/6eb241deac570073510706dc7280b28b/element - {"using":"xpath","value":"//button[@data-kt=\"priceInfoButton\"]"}
RESULT: {"using":"xpath","value":"//button[@data-kt=\"priceInfoButton\"]"}
COMMAND: POST /session/6eb241deac570073510706dc7280b28b/element/f.451C0D83FD0E10390ED4567275622C99.d.638F8166E99CB989FC8765758909E82E.e.19585/click - {}
RESULT: {}
COMMAND: GET /session/6eb241deac570073510706dc7280b28b/screenshot - {}
]]></system-out>
    </testcase>
    <testcase classname="chrome.135_0_7049_115.windows.Billing_Calculation_-_Time_based_(considering_transport_times)_US139738" name="Should create new pricing rule for the equipment" time="52.584">
      <system-out><![CDATA[
COMMAND: POST /session/6eb241deac570073510706dc7280b28b/element - {"using":"xpath","value":"//button[@data-kt=\"addButton\"]"}
RESULT: {}
RESULT: {"using":"xpath","value":"//button[@data-kt=\"addButton\"]"}
COMMAND: POST /session/6eb241deac570073510706dc7280b28b/elements - {"using":"xpath","value":"//button[@data-kt=\"addButton\"]"}
RESULT: {"using":"xpath","value":"//button[@data-kt=\"addButton\"]"}
COMMAND: POST /session/6eb241deac570073510706dc7280b28b/execute/sync - {"script":"<script> [8489 bytes]","args":[{"element-6066-11e4-a52e-4f735466cecf":"f.451C0D83FD0E10390ED4567275622C99.d.638F8166E99CB989FC8765758909E82E.e.19622","ELEMENT":"f.451C0D83FD0E10390ED4567275622C99.d.638F8166E99CB989FC8765758909E82E.e.19622"}]}
RESULT: {"script":"<script> [8489 bytes]","args":[{"element-6066-11e4-a52e-4f735466cecf":"f.451C0D83FD0E10390ED4567275622C99.d.638F8166E99CB989FC8765758909E82E.e.19622","ELEMENT":"f.451C0D83FD0E10390ED4567275622C99.d.638F8166E99CB989FC8765758909E82E.e.19622"}]}
COMMAND: GET /session/6eb241deac570073510706dc7280b28b/element/f.451C0D83FD0E10390ED4567275622C99.d.638F8166E99CB989FC8765758909E82E.e.19622/enabled - {}
COMMAND: GET /session/6eb241deac570073510706dc7280b28b/screenshot - {}
RESULT: {}
COMMAND: POST /session/6eb241deac570073510706dc7280b28b/execute/sync - {"script":"<script> [8489 bytes]","args":[{"element-6066-11e4-a52e-4f735466cecf":"f.451C0D83FD0E10390ED4567275622C99.d.638F8166E99CB989FC8765758909E82E.e.19622","ELEMENT":"f.451C0D83FD0E10390ED4567275622C99.d.638F8166E99CB989FC8765758909E82E.e.19622"}]}
COMMAND: GET /session/6eb241deac570073510706dc7280b28b/screenshot - {}
RESULT: {}
RESULT: {"script":"<script> [8489 bytes]","args":[{"element-6066-11e4-a52e-4f735466cecf":"f.451C0D83FD0E10390ED4567275622C99.d.638F8166E99CB989FC8765758909E82E.e.19622","ELEMENT":"f.451C0D83FD0E10390ED4567275622C99.d.638F8166E99CB989FC8765758909E82E.e.19622"}]}
COMMAND: POST /session/6eb241deac570073510706dc7280b28b/execute/sync - {"script":"<script> [5351 bytes]","args":[{"element-6066-11e4-a52e-4f735466cecf":"f.451C0D83FD0E10390ED4567275622C99.d.638F8166E99CB989FC8765758909E82E.e.19622","ELEMENT":"f.451C0D83FD0E10390ED4567275622C99.d.638F8166E99CB989FC8765758909E82E.e.19622"}]}
COMMAND: GET /session/6eb241deac570073510706dc7280b28b/screenshot - {}
RESULT: {}
RESULT: {"script":"<script> [5351 bytes]","args":[{"element-6066-11e4-a52e-4f735466cecf":"f.451C0D83FD0E10390ED4567275622C99.d.638F8166E99CB989FC8765758909E82E.e.19622","ELEMENT":"f.451C0D83FD0E10390ED4567275622C99.d.638F8166E99CB989FC8765758909E82E.e.19622"}]}
COMMAND: POST /session/6eb241deac570073510706dc7280b28b/element/f.451C0D83FD0E10390ED4567275622C99.d.638F8166E99CB989FC8765758909E82E.e.19622/click - {}
COMMAND: GET /session/6eb241deac570073510706dc7280b28b/screenshot - {}
RESULT: {}
RESULT: {}
COMMAND: GET /session/6eb241deac570073510706dc7280b28b/screenshot - {}
RESULT: {}
RESULT: {}
COMMAND: POST /session/6eb241deac570073510706dc7280b28b/execute/async - {"script":"<script> [1562 bytes]","args":[{"selector":{"controlType":"sap.m.Title","viewName":"etm.portal.ui.managepricingrules.view.NewItem","viewId":"application-managepricingrules-display-component---newInfoPriceItem","properties":{"text":"New Pricing Rules - Item Level"}},"wdio_ui5_key":"etmportal.ui.managepricingrules.view.NewItemsap.m.Title{\"text\":\"New Pricing Rules - Item Level\"}"}]}
RESULT: {"script":"<script> [1562 bytes]","args":[{"selector":{"controlType":"sap.m.Title","viewName":"etm.portal.ui.managepricingrules.view.NewItem","viewId":"application-managepricingrules-display-component---newInfoPriceItem","properties":{"text":"New Pricing Rules - Item Level"}},"wdio_ui5_key":"etmportal.ui.managepricingrules.view.NewItemsap.m.Title{\"text\":\"New Pricing Rules - Item Level\"}"}]}
RESULT: undefined
COMMAND: POST /session/6eb241deac570073510706dc7280b28b/execute/async - {"script":"<script> [6424 bytes]","args":[{"element-6066-11e4-a52e-4f735466cecf":"f.451C0D83FD0E10390ED4567275622C99.d.638F8166E99CB989FC8765758909E82E.e.19783"},"getText",[]]}
RESULT: {"script":"<script> [6424 bytes]","args":[{"element-6066-11e4-a52e-4f735466cecf":"f.451C0D83FD0E10390ED4567275622C99.d.638F8166E99CB989FC8765758909E82E.e.19783"},"getText",[]]}
COMMAND: POST /session/6eb241deac570073510706dc7280b28b/execute/async - {"script":"<script> [1562 bytes]","args":[{"selector":{"id":"application-managepricingrules-display-component---newInfoPriceItem--condValidTo","interaction":{"idSuffix":"inner"}},"wdio_ui5_key":"applicationmanagepricingrules-display-component---newInfoPriceItem--condValidTo"}]}
RESULT: {"script":"<script> [1562 bytes]","args":[{"selector":{"id":"application-managepricingrules-display-component---newInfoPriceItem--condValidTo","interaction":{"idSuffix":"inner"}},"wdio_ui5_key":"applicationmanagepricingrules-display-component---newInfoPriceItem--condValidTo"}]}
RESULT: undefined
COMMAND: POST /session/6eb241deac570073510706dc7280b28b/execute/async - {"script":"<script> [776 bytes]","args":[{"enterText":"01/06/26","selector":{"id":"application-managepricingrules-display-component---newInfoPriceItem--condValidTo","interaction":{"idSuffix":"inner"}},"clearTextFirst":true,"interactionType":"ENTER_TEXT"}]}
RESULT: {"script":"<script> [776 bytes]","args":[{"enterText":"01/06/26","selector":{"id":"application-managepricingrules-display-component---newInfoPriceItem--condValidTo","interaction":{"idSuffix":"inner"}},"clearTextFirst":true,"interactionType":"ENTER_TEXT"}]}
COMMAND: POST /session/6eb241deac570073510706dc7280b28b/execute/async - {"script":"<script> [1562 bytes]","args":[{"selector":{"id":"application-managepricingrules-display-component---newInfoPriceItem--billType-arrow"},"wdio_ui5_key":"applicationmanagepricingrules-display-component---newInfoPriceItem--billType-arrow"}]}
RESULT: {"script":"<script> [1562 bytes]","args":[{"selector":{"id":"application-managepricingrules-display-component---newInfoPriceItem--billType-arrow"},"wdio_ui5_key":"applicationmanagepricingrules-display-component---newInfoPriceItem--billType-arrow"}]}
RESULT: undefined
COMMAND: POST /session/6eb241deac570073510706dc7280b28b/element - {"using":"xpath","value":"//*[@id=\"application-managepricingrules-display-component---newInfoPriceItem--billType-arrow\"]"}
RESULT: {"using":"xpath","value":"//*[@id=\"application-managepricingrules-display-component---newInfoPriceItem--billType-arrow\"]"}
COMMAND: POST /session/6eb241deac570073510706dc7280b28b/element/f.451C0D83FD0E10390ED4567275622C99.d.638F8166E99CB989FC8765758909E82E.e.19785/click - {}
RESULT: {}
COMMAND: POST /session/6eb241deac570073510706dc7280b28b/element - {"using":"xpath","value":"//span[contains(text(), \"TB - Time based\")]"}
COMMAND: GET /session/6eb241deac570073510706dc7280b28b/screenshot - {}
RESULT: {"using":"xpath","value":"//span[contains(text(), \"TB - Time based\")]"}
COMMAND: POST /session/6eb241deac570073510706dc7280b28b/element/f.451C0D83FD0E10390ED4567275622C99.d.638F8166E99CB989FC8765758909E82E.e.19786/click - {}
RESULT: {}
RESULT: {}
COMMAND: POST /session/6eb241deac570073510706dc7280b28b/execute/async - {"script":"<script> [1562 bytes]","args":[{"selector":{"id":"application-managepricingrules-display-component---newInfoPriceItem--priceProc-arrow"},"wdio_ui5_key":"applicationmanagepricingrules-display-component---newInfoPriceItem--priceProc-arrow"}]}
COMMAND: GET /session/6eb241deac570073510706dc7280b28b/screenshot - {}
RESULT: {"script":"<script> [1562 bytes]","args":[{"selector":{"id":"application-managepricingrules-display-component---newInfoPriceItem--priceProc-arrow"},"wdio_ui5_key":"applicationmanagepricingrules-display-component---newInfoPriceItem--priceProc-arrow"}]}
RESULT: undefined
COMMAND: POST /session/6eb241deac570073510706dc7280b28b/element - {"using":"xpath","value":"//*[@id=\"application-managepricingrules-display-component---newInfoPriceItem--priceProc-arrow\"]"}
RESULT: {}
RESULT: {"using":"xpath","value":"//*[@id=\"application-managepricingrules-display-component---newInfoPriceItem--priceProc-arrow\"]"}
COMMAND: POST /session/6eb241deac570073510706dc7280b28b/element/f.451C0D83FD0E10390ED4567275622C99.d.638F8166E99CB989FC8765758909E82E.e.19748/click - {}
RESULT: {}
COMMAND: POST /session/6eb241deac570073510706dc7280b28b/element - {"using":"xpath","value":"//span[contains(text(), \"TBS - Time based standard\")]"}
COMMAND: GET /session/6eb241deac570073510706dc7280b28b/screenshot - {}
RESULT: {"using":"xpath","value":"//span[contains(text(), \"TBS - Time based standard\")]"}
COMMAND: POST /session/6eb241deac570073510706dc7280b28b/element/f.451C0D83FD0E10390ED4567275622C99.d.638F8166E99CB989FC8765758909E82E.e.19787/click - {}
RESULT: {}
RESULT: {}
COMMAND: POST /session/6eb241deac570073510706dc7280b28b/execute/async - {"script":"<script> [1562 bytes]","args":[{"selector":{"id":"application-managepricingrules-display-component---newInfoPriceItem--calcBase-arrow"},"wdio_ui5_key":"applicationmanagepricingrules-display-component---newInfoPriceItem--calcBase-arrow"}]}
COMMAND: GET /session/6eb241deac570073510706dc7280b28b/screenshot - {}
RESULT: {"script":"<script> [1562 bytes]","args":[{"selector":{"id":"application-managepricingrules-display-component---newInfoPriceItem--calcBase-arrow"},"wdio_ui5_key":"applicationmanagepricingrules-display-component---newInfoPriceItem--calcBase-arrow"}]}
RESULT: undefined
COMMAND: POST /session/6eb241deac570073510706dc7280b28b/element - {"using":"xpath","value":"//*[@id=\"application-managepricingrules-display-component---newInfoPriceItem--calcBase-arrow\"]"}
RESULT: {}
RESULT: {"using":"xpath","value":"//*[@id=\"application-managepricingrules-display-component---newInfoPriceItem--calcBase-arrow\"]"}
COMMAND: POST /session/6eb241deac570073510706dc7280b28b/element/f.451C0D83FD0E10390ED4567275622C99.d.638F8166E99CB989FC8765758909E82E.e.19755/click - {}
RESULT: {}
COMMAND: GET /session/6eb241deac570073510706dc7280b28b/screenshot - {}
RESULT: {}
COMMAND: POST /session/6eb241deac570073510706dc7280b28b/element - {"using":"xpath","value":"//span[contains(text(), \"0006 - TB(calendar days)\")]"}
RESULT: {"using":"xpath","value":"//span[contains(text(), \"0006 - TB(calendar days)\")]"}
COMMAND: POST /session/6eb241deac570073510706dc7280b28b/element/f.451C0D83FD0E10390ED4567275622C99.d.638F8166E99CB989FC8765758909E82E.e.19788/click - {}
RESULT: {}
COMMAND: GET /session/6eb241deac570073510706dc7280b28b/screenshot - {}
RESULT: {}
COMMAND: POST /session/6eb241deac570073510706dc7280b28b/execute/async - {"script":"<script> [1562 bytes]","args":[{"selector":{"id":"application-managepricingrules-display-component---newInfoPriceItem--daysMonth","interaction":{"idSuffix":"inner"}},"wdio_ui5_key":"applicationmanagepricingrules-display-component---newInfoPriceItem--daysMonth"}]}
RESULT: {"script":"<script> [1562 bytes]","args":[{"selector":{"id":"application-managepricingrules-display-component---newInfoPriceItem--daysMonth","interaction":{"idSuffix":"inner"}},"wdio_ui5_key":"applicationmanagepricingrules-display-component---newInfoPriceItem--daysMonth"}]}
RESULT: undefined
COMMAND: POST /session/6eb241deac570073510706dc7280b28b/execute/async - {"script":"<script> [776 bytes]","args":[{"enterText":"30","selector":{"id":"application-managepricingrules-display-component---newInfoPriceItem--daysMonth","interaction":{"idSuffix":"inner"}},"clearTextFirst":true,"interactionType":"ENTER_TEXT"}]}
RESULT: {"script":"<script> [776 bytes]","args":[{"enterText":"30","selector":{"id":"application-managepricingrules-display-component---newInfoPriceItem--daysMonth","interaction":{"idSuffix":"inner"}},"clearTextFirst":true,"interactionType":"ENTER_TEXT"}]}
COMMAND: POST /session/6eb241deac570073510706dc7280b28b/element - {"using":"xpath","value":"//button[@data-kt=\"saveNewRuleButton\"]"}
RESULT: {"using":"xpath","value":"//button[@data-kt=\"saveNewRuleButton\"]"}
COMMAND: POST /session/6eb241deac570073510706dc7280b28b/element/f.451C0D83FD0E10390ED4567275622C99.d.638F8166E99CB989FC8765758909E82E.e.19772/click - {}
RESULT: {}
COMMAND: GET /session/6eb241deac570073510706dc7280b28b/screenshot - {}
RESULT: {}
COMMAND: POST /session/6eb241deac570073510706dc7280b28b/execute/async - {"script":"<script> [1562 bytes]","args":[{"selector":{"id":"application-managepricingrules-display-component---priceInfoItem--smartFilterBar-btnBasicSearch","interaction":{"idSuffix":"I"}},"wdio_ui5_key":"applicationmanagepricingrules-display-component---priceInfoItem--smartFilterBar-btnBasicSearch"}]}
RESULT: {"script":"<script> [1562 bytes]","args":[{"selector":{"id":"application-managepricingrules-display-component---priceInfoItem--smartFilterBar-btnBasicSearch","interaction":{"idSuffix":"I"}},"wdio_ui5_key":"applicationmanagepricingrules-display-component---priceInfoItem--smartFilterBar-btnBasicSearch"}]}
RESULT: undefined
COMMAND: POST /session/6eb241deac570073510706dc7280b28b/execute/async - {"script":"<script> [776 bytes]","args":[{"enterText":"bPwd59DXAT","selector":{"id":"application-managepricingrules-display-component---priceInfoItem--smartFilterBar-btnBasicSearch","interaction":{"idSuffix":"I"}},"clearTextFirst":true,"interactionType":"ENTER_TEXT"}]}
RESULT: {"script":"<script> [776 bytes]","args":[{"enterText":"bPwd59DXAT","selector":{"id":"application-managepricingrules-display-component---priceInfoItem--smartFilterBar-btnBasicSearch","interaction":{"idSuffix":"I"}},"clearTextFirst":true,"interactionType":"ENTER_TEXT"}]}
COMMAND: POST /session/6eb241deac570073510706dc7280b28b/actions - {"actions":[{"id":"action70","type":"key","parameters":{},"actions":[{"type":"keyDown","value":"î€‡"},{"type":"pause","duration":10},{"type":"keyUp","value":"î€‡"}]}]}
RESULT: {"actions":[{"id":"action70","type":"key","parameters":{},"actions":[{"type":"keyDown","value":"î€‡"},{"type":"pause","duration":10},{"type":"keyUp","value":"î€‡"}]}]}
COMMAND: GET /session/6eb241deac570073510706dc7280b28b/screenshot - {}
RESULT: {}
COMMAND: POST /session/6eb241deac570073510706dc7280b28b/element - {"using":"xpath","value":"//span[@id=\"application-managepricingrules-display-component---priceInfoItem--smartTable-header-inner\"]"}
RESULT: {"using":"xpath","value":"//span[@id=\"application-managepricingrules-display-component---priceInfoItem--smartTable-header-inner\"]"}
COMMAND: POST /session/6eb241deac570073510706dc7280b28b/elements - {"using":"xpath","value":"//span[@id=\"application-managepricingrules-display-component---priceInfoItem--smartTable-header-inner\"]"}
RESULT: {"using":"xpath","value":"//span[@id=\"application-managepricingrules-display-component---priceInfoItem--smartTable-header-inner\"]"}
COMMAND: POST /session/6eb241deac570073510706dc7280b28b/execute/sync - {"script":"<script> [56 bytes]","args":[{"element-6066-11e4-a52e-4f735466cecf":"f.451C0D83FD0E10390ED4567275622C99.d.638F8166E99CB989FC8765758909E82E.e.19812","ELEMENT":"f.451C0D83FD0E10390ED4567275622C99.d.638F8166E99CB989FC8765758909E82E.e.19812"}]}
RESULT: {"script":"<script> [56 bytes]","args":[{"element-6066-11e4-a52e-4f735466cecf":"f.451C0D83FD0E10390ED4567275622C99.d.638F8166E99CB989FC8765758909E82E.e.19812","ELEMENT":"f.451C0D83FD0E10390ED4567275622C99.d.638F8166E99CB989FC8765758909E82E.e.19812"}]}
COMMAND: POST /session/6eb241deac570073510706dc7280b28b/element - {"using":"css selector","value":"#shell-header-logo"}
COMMAND: GET /session/6eb241deac570073510706dc7280b28b/screenshot - {}
RESULT: {"using":"css selector","value":"#shell-header-logo"}
COMMAND: POST /session/6eb241deac570073510706dc7280b28b/element/f.451C0D83FD0E10390ED4567275622C99.d.638F8166E99CB989FC8765758909E82E.e.18931/click - {}
RESULT: {}
RESULT: {}
COMMAND: GET /session/6eb241deac570073510706dc7280b28b/screenshot - {}
RESULT: {}
]]></system-out>
    </testcase>
    <testcase classname="chrome.135_0_7049_115.windows.Billing_Calculation_-_Time_based_(considering_transport_times)_US139738" name="Should create new pricing condition for the equipment" time="75.606">
      <system-out><![CDATA[
COMMAND: POST /session/6eb241deac570073510706dc7280b28b/execute/async - {"script":"<script> [1562 bytes]","args":[{"selector":{"controlType":"sap.m.Text","properties":{"text":"Manage Conditions & Prices"},"interaction":{"idSuffix":"inner"}},"wdio_ui5_key":"sapm.Text{\"text\":\"Manage Conditions & Prices\"}"}]}
RESULT: {"script":"<script> [1562 bytes]","args":[{"selector":{"controlType":"sap.m.Text","properties":{"text":"Manage Conditions & Prices"},"interaction":{"idSuffix":"inner"}},"wdio_ui5_key":"sapm.Text{\"text\":\"Manage Conditions & Prices\"}"}]}
RESULT: undefined
COMMAND: POST /session/6eb241deac570073510706dc7280b28b/element - {"using":"xpath","value":"//*[@id=\"__tile53-title\"]"}
RESULT: {"using":"xpath","value":"//*[@id=\"__tile53-title\"]"}
COMMAND: POST /session/6eb241deac570073510706dc7280b28b/element/f.451C0D83FD0E10390ED4567275622C99.d.638F8166E99CB989FC8765758909E82E.e.19815/click - {}
RESULT: {}
COMMAND: POST /session/6eb241deac570073510706dc7280b28b/element - {"using":"xpath","value":"//button[@aria-label=\"Create\"]"}
COMMAND: GET /session/6eb241deac570073510706dc7280b28b/screenshot - {}
RESULT: {}
RESULT: {"using":"xpath","value":"//button[@aria-label=\"Create\"]"}
COMMAND: POST /session/6eb241deac570073510706dc7280b28b/elements - {"using":"xpath","value":"//button[@aria-label=\"Create\"]"}
RESULT: {"using":"xpath","value":"//button[@aria-label=\"Create\"]"}
COMMAND: POST /session/6eb241deac570073510706dc7280b28b/element - {"using":"xpath","value":"//button[@aria-label=\"Create\"]"}
RESULT: {"using":"xpath","value":"//button[@aria-label=\"Create\"]"}
COMMAND: POST /session/6eb241deac570073510706dc7280b28b/execute/sync - {"script":"<script> [8489 bytes]","args":[{"element-6066-11e4-a52e-4f735466cecf":"f.451C0D83FD0E10390ED4567275622C99.d.638F8166E99CB989FC8765758909E82E.e.19849","ELEMENT":"f.451C0D83FD0E10390ED4567275622C99.d.638F8166E99CB989FC8765758909E82E.e.19849"}]}
RESULT: {"script":"<script> [8489 bytes]","args":[{"element-6066-11e4-a52e-4f735466cecf":"f.451C0D83FD0E10390ED4567275622C99.d.638F8166E99CB989FC8765758909E82E.e.19849","ELEMENT":"f.451C0D83FD0E10390ED4567275622C99.d.638F8166E99CB989FC8765758909E82E.e.19849"}]}
COMMAND: GET /session/6eb241deac570073510706dc7280b28b/element/f.451C0D83FD0E10390ED4567275622C99.d.638F8166E99CB989FC8765758909E82E.e.19849/enabled - {}
COMMAND: GET /session/6eb241deac570073510706dc7280b28b/screenshot - {}
RESULT: {}
COMMAND: POST /session/6eb241deac570073510706dc7280b28b/execute/sync - {"script":"<script> [8489 bytes]","args":[{"element-6066-11e4-a52e-4f735466cecf":"f.451C0D83FD0E10390ED4567275622C99.d.638F8166E99CB989FC8765758909E82E.e.19849","ELEMENT":"f.451C0D83FD0E10390ED4567275622C99.d.638F8166E99CB989FC8765758909E82E.e.19849"}]}
COMMAND: GET /session/6eb241deac570073510706dc7280b28b/screenshot - {}
RESULT: {}
RESULT: {"script":"<script> [8489 bytes]","args":[{"element-6066-11e4-a52e-4f735466cecf":"f.451C0D83FD0E10390ED4567275622C99.d.638F8166E99CB989FC8765758909E82E.e.19849","ELEMENT":"f.451C0D83FD0E10390ED4567275622C99.d.638F8166E99CB989FC8765758909E82E.e.19849"}]}
COMMAND: POST /session/6eb241deac570073510706dc7280b28b/execute/sync - {"script":"<script> [5351 bytes]","args":[{"element-6066-11e4-a52e-4f735466cecf":"f.451C0D83FD0E10390ED4567275622C99.d.638F8166E99CB989FC8765758909E82E.e.19849","ELEMENT":"f.451C0D83FD0E10390ED4567275622C99.d.638F8166E99CB989FC8765758909E82E.e.19849"}]}
COMMAND: GET /session/6eb241deac570073510706dc7280b28b/screenshot - {}
RESULT: {}
RESULT: {"script":"<script> [5351 bytes]","args":[{"element-6066-11e4-a52e-4f735466cecf":"f.451C0D83FD0E10390ED4567275622C99.d.638F8166E99CB989FC8765758909E82E.e.19849","ELEMENT":"f.451C0D83FD0E10390ED4567275622C99.d.638F8166E99CB989FC8765758909E82E.e.19849"}]}
COMMAND: POST /session/6eb241deac570073510706dc7280b28b/element/f.451C0D83FD0E10390ED4567275622C99.d.638F8166E99CB989FC8765758909E82E.e.19849/click - {}
COMMAND: GET /session/6eb241deac570073510706dc7280b28b/screenshot - {}
RESULT: {}
RESULT: {}
COMMAND: GET /session/6eb241deac570073510706dc7280b28b/screenshot - {}
RESULT: {}
RESULT: {}
COMMAND: POST /session/6eb241deac570073510706dc7280b28b/actions - {"actions":[{"id":"action71","type":"key","parameters":{},"actions":[{"type":"keyDown","value":"î€‡"},{"type":"pause","duration":10},{"type":"keyUp","value":"î€‡"}]}]}
RESULT: {"actions":[{"id":"action71","type":"key","parameters":{},"actions":[{"type":"keyDown","value":"î€‡"},{"type":"pause","duration":10},{"type":"keyUp","value":"î€‡"}]}]}
COMMAND: GET /session/6eb241deac570073510706dc7280b28b/screenshot - {}
RESULT: {}
COMMAND: POST /session/6eb241deac570073510706dc7280b28b/execute/async - {"script":"<script> [1562 bytes]","args":[{"selector":{"id":"application-manageconditionprice-display-component---newCondition--condBillCond-arrow"},"wdio_ui5_key":"applicationmanageconditionprice-display-component---newCondition--condBillCond-arrow"}]}
RESULT: {"script":"<script> [1562 bytes]","args":[{"selector":{"id":"application-manageconditionprice-display-component---newCondition--condBillCond-arrow"},"wdio_ui5_key":"applicationmanageconditionprice-display-component---newCondition--condBillCond-arrow"}]}
RESULT: undefined
COMMAND: POST /session/6eb241deac570073510706dc7280b28b/element - {"using":"xpath","value":"//*[@id=\"application-manageconditionprice-display-component---newCondition--condBillCond-arrow\"]"}
RESULT: {"using":"xpath","value":"//*[@id=\"application-manageconditionprice-display-component---newCondition--condBillCond-arrow\"]"}
COMMAND: POST /session/6eb241deac570073510706dc7280b28b/element/f.451C0D83FD0E10390ED4567275622C99.d.638F8166E99CB989FC8765758909E82E.e.20029/click - {}
RESULT: {}
COMMAND: GET /session/6eb241deac570073510706dc7280b28b/screenshot - {}
RESULT: {}
COMMAND: POST /session/6eb241deac570073510706dc7280b28b/element - {"using":"xpath","value":"//li[.//span[contains(text(), \"DISP - D&I special price\")]]"}
RESULT: {"using":"xpath","value":"//li[.//span[contains(text(), \"DISP - D&I special price\")]]"}
COMMAND: POST /session/6eb241deac570073510706dc7280b28b/element/f.451C0D83FD0E10390ED4567275622C99.d.638F8166E99CB989FC8765758909E82E.e.20032/click - {}
RESULT: {}
COMMAND: GET /session/6eb241deac570073510706dc7280b28b/screenshot - {}
RESULT: {}
COMMAND: POST /session/6eb241deac570073510706dc7280b28b/execute/async - {"script":"<script> [1562 bytes]","args":[{"selector":{"id":"application-manageconditionprice-display-component---newCondition--condValidTo","interaction":{"idSuffix":"inner"}},"wdio_ui5_key":"applicationmanageconditionprice-display-component---newCondition--condValidTo"}]}
RESULT: {"script":"<script> [1562 bytes]","args":[{"selector":{"id":"application-manageconditionprice-display-component---newCondition--condValidTo","interaction":{"idSuffix":"inner"}},"wdio_ui5_key":"applicationmanageconditionprice-display-component---newCondition--condValidTo"}]}
RESULT: undefined
COMMAND: POST /session/6eb241deac570073510706dc7280b28b/execute/async - {"script":"<script> [776 bytes]","args":[{"enterText":"01/06/26","selector":{"id":"application-manageconditionprice-display-component---newCondition--condValidTo","interaction":{"idSuffix":"inner"}},"clearTextFirst":true,"interactionType":"ENTER_TEXT"}]}
RESULT: {"script":"<script> [776 bytes]","args":[{"enterText":"01/06/26","selector":{"id":"application-manageconditionprice-display-component---newCondition--condValidTo","interaction":{"idSuffix":"inner"}},"clearTextFirst":true,"interactionType":"ENTER_TEXT"}]}
COMMAND: POST /session/6eb241deac570073510706dc7280b28b/element - {"using":"xpath","value":"//input[@id=\"application-manageconditionprice-display-component---newCondition--condRU-inner\"]"}
RESULT: {"using":"xpath","value":"//input[@id=\"application-manageconditionprice-display-component---newCondition--condRU-inner\"]"}
COMMAND: POST /session/6eb241deac570073510706dc7280b28b/element/f.451C0D83FD0E10390ED4567275622C99.d.638F8166E99CB989FC8765758909E82E.e.19894/clear - {}
RESULT: {}
COMMAND: POST /session/6eb241deac570073510706dc7280b28b/element/f.451C0D83FD0E10390ED4567275622C99.d.638F8166E99CB989FC8765758909E82E.e.19894/value - {"text":"bPwd59DXAT"}
COMMAND: GET /session/6eb241deac570073510706dc7280b28b/screenshot - {}
RESULT: {"text":"bPwd59DXAT"}
COMMAND: GET /session/6eb241deac570073510706dc7280b28b/screenshot - {}
RESULT: {}
RESULT: {}
COMMAND: POST /session/6eb241deac570073510706dc7280b28b/actions - {"actions":[{"id":"action72","type":"key","parameters":{},"actions":[{"type":"keyDown","value":"î€‡"},{"type":"pause","duration":10},{"type":"keyUp","value":"î€‡"}]}]}
RESULT: {"actions":[{"id":"action72","type":"key","parameters":{},"actions":[{"type":"keyDown","value":"î€‡"},{"type":"pause","duration":10},{"type":"keyUp","value":"î€‡"}]}]}
COMMAND: POST /session/6eb241deac570073510706dc7280b28b/execute/async - {"script":"<script> [1562 bytes]","args":[{"selector":{"id":"application-manageconditionprice-display-component---newCondition--condBaseQty","interaction":{"idSuffix":"inner"}},"wdio_ui5_key":"applicationmanageconditionprice-display-component---newCondition--condBaseQty"}]}
COMMAND: GET /session/6eb241deac570073510706dc7280b28b/screenshot - {}
RESULT: {"script":"<script> [1562 bytes]","args":[{"selector":{"id":"application-manageconditionprice-display-component---newCondition--condBaseQty","interaction":{"idSuffix":"inner"}},"wdio_ui5_key":"applicationmanageconditionprice-display-component---newCondition--condBaseQty"}]}
RESULT: undefined
COMMAND: POST /session/6eb241deac570073510706dc7280b28b/execute/async - {"script":"<script> [776 bytes]","args":[{"enterText":"1","selector":{"id":"application-manageconditionprice-display-component---newCondition--condBaseQty","interaction":{"idSuffix":"inner"}},"clearTextFirst":true,"interactionType":"ENTER_TEXT"}]}
RESULT: {}
RESULT: {"script":"<script> [776 bytes]","args":[{"enterText":"1","selector":{"id":"application-manageconditionprice-display-component---newCondition--condBaseQty","interaction":{"idSuffix":"inner"}},"clearTextFirst":true,"interactionType":"ENTER_TEXT"}]}
COMMAND: POST /session/6eb241deac570073510706dc7280b28b/execute/async - {"script":"<script> [1562 bytes]","args":[{"selector":{"id":"application-manageconditionprice-display-component---newCondition--condValue","interaction":{"idSuffix":"inner"}},"wdio_ui5_key":"applicationmanageconditionprice-display-component---newCondition--condValue"}]}
RESULT: {"script":"<script> [1562 bytes]","args":[{"selector":{"id":"application-manageconditionprice-display-component---newCondition--condValue","interaction":{"idSuffix":"inner"}},"wdio_ui5_key":"applicationmanageconditionprice-display-component---newCondition--condValue"}]}
RESULT: undefined
COMMAND: POST /session/6eb241deac570073510706dc7280b28b/execute/async - {"script":"<script> [776 bytes]","args":[{"enterText":"100","selector":{"id":"application-manageconditionprice-display-component---newCondition--condValue","interaction":{"idSuffix":"inner"}},"clearTextFirst":true,"interactionType":"ENTER_TEXT"}]}
RESULT: {"script":"<script> [776 bytes]","args":[{"enterText":"100","selector":{"id":"application-manageconditionprice-display-component---newCondition--condValue","interaction":{"idSuffix":"inner"}},"clearTextFirst":true,"interactionType":"ENTER_TEXT"}]}
COMMAND: POST /session/6eb241deac570073510706dc7280b28b/execute/async - {"script":"<script> [1562 bytes]","args":[{"selector":{"id":"application-manageconditionprice-display-component---newCondition--condCurr-arrow"},"wdio_ui5_key":"applicationmanageconditionprice-display-component---newCondition--condCurr-arrow"}]}
RESULT: {"script":"<script> [1562 bytes]","args":[{"selector":{"id":"application-manageconditionprice-display-component---newCondition--condCurr-arrow"},"wdio_ui5_key":"applicationmanageconditionprice-display-component---newCondition--condCurr-arrow"}]}
RESULT: undefined
COMMAND: POST /session/6eb241deac570073510706dc7280b28b/element - {"using":"xpath","value":"//*[@id=\"application-manageconditionprice-display-component---newCondition--condCurr-arrow\"]"}
RESULT: {"using":"xpath","value":"//*[@id=\"application-manageconditionprice-display-component---newCondition--condCurr-arrow\"]"}
COMMAND: POST /session/6eb241deac570073510706dc7280b28b/element/f.451C0D83FD0E10390ED4567275622C99.d.638F8166E99CB989FC8765758909E82E.e.19986/click - {}
RESULT: {}
COMMAND: POST /session/6eb241deac570073510706dc7280b28b/element - {"using":"xpath","value":"//span[contains(text(), \"Euro\")]"}
COMMAND: GET /session/6eb241deac570073510706dc7280b28b/screenshot - {}
RESULT: {"using":"xpath","value":"//span[contains(text(), \"Euro\")]"}
COMMAND: POST /session/6eb241deac570073510706dc7280b28b/element/f.451C0D83FD0E10390ED4567275622C99.d.638F8166E99CB989FC8765758909E82E.e.20065/click - {}
RESULT: {}
RESULT: {}
COMMAND: POST /session/6eb241deac570073510706dc7280b28b/element - {"using":"xpath","value":"//button[@data-kt=\"saveButton\"]"}
COMMAND: GET /session/6eb241deac570073510706dc7280b28b/screenshot - {}
RESULT: {"using":"xpath","value":"//button[@data-kt=\"saveButton\"]"}
COMMAND: POST /session/6eb241deac570073510706dc7280b28b/element/f.451C0D83FD0E10390ED4567275622C99.d.638F8166E99CB989FC8765758909E82E.e.19987/click - {}
RESULT: {}
RESULT: {}
COMMAND: GET /session/6eb241deac570073510706dc7280b28b/screenshot - {}
RESULT: {}
COMMAND: POST /session/6eb241deac570073510706dc7280b28b/execute/async - {"script":"<script> [1562 bytes]","args":[{"selector":{"id":"application-manageconditionprice-display-component---conditions--smartFilterBar-btnBasicSearch","interaction":{"idSuffix":"I"}},"wdio_ui5_key":"applicationmanageconditionprice-display-component---conditions--smartFilterBar-btnBasicSearch"}]}
RESULT: {"script":"<script> [1562 bytes]","args":[{"selector":{"id":"application-manageconditionprice-display-component---conditions--smartFilterBar-btnBasicSearch","interaction":{"idSuffix":"I"}},"wdio_ui5_key":"applicationmanageconditionprice-display-component---conditions--smartFilterBar-btnBasicSearch"}]}
RESULT: undefined
COMMAND: POST /session/6eb241deac570073510706dc7280b28b/execute/async - {"script":"<script> [776 bytes]","args":[{"enterText":"bPwd59DXAT","selector":{"id":"application-manageconditionprice-display-component---conditions--smartFilterBar-btnBasicSearch","interaction":{"idSuffix":"I"}},"clearTextFirst":true,"interactionType":"ENTER_TEXT"}]}
RESULT: {"script":"<script> [776 bytes]","args":[{"enterText":"bPwd59DXAT","selector":{"id":"application-manageconditionprice-display-component---conditions--smartFilterBar-btnBasicSearch","interaction":{"idSuffix":"I"}},"clearTextFirst":true,"interactionType":"ENTER_TEXT"}]}
COMMAND: POST /session/6eb241deac570073510706dc7280b28b/actions - {"actions":[{"id":"action73","type":"key","parameters":{},"actions":[{"type":"keyDown","value":"î€‡"},{"type":"pause","duration":10},{"type":"keyUp","value":"î€‡"}]}]}
RESULT: {"actions":[{"id":"action73","type":"key","parameters":{},"actions":[{"type":"keyDown","value":"î€‡"},{"type":"pause","duration":10},{"type":"keyUp","value":"î€‡"}]}]}
COMMAND: GET /session/6eb241deac570073510706dc7280b28b/screenshot - {}
RESULT: {}
COMMAND: POST /session/6eb241deac570073510706dc7280b28b/execute/async - {"script":"<script> [1562 bytes]","args":[{"selector":{"id":"application-manageconditionprice-display-component---conditions--smartFilterBar-filterItemControl_BASIC-BILL_TYPES-vhi"},"wdio_ui5_key":"applicationmanageconditionprice-display-component---conditions--smartFilterBar-filterItemControl_BASIC-BILL_TYPES-vhi"}]}
RESULT: {"script":"<script> [1562 bytes]","args":[{"selector":{"id":"application-manageconditionprice-display-component---conditions--smartFilterBar-filterItemControl_BASIC-BILL_TYPES-vhi"},"wdio_ui5_key":"applicationmanageconditionprice-display-component---conditions--smartFilterBar-filterItemControl_BASIC-BILL_TYPES-vhi"}]}
RESULT: undefined
COMMAND: POST /session/6eb241deac570073510706dc7280b28b/element - {"using":"xpath","value":"//*[@id=\"application-manageconditionprice-display-component---conditions--smartFilterBar-filterItemControl_BASIC-BILL_TYPES-vhi\"]"}
RESULT: {"using":"xpath","value":"//*[@id=\"application-manageconditionprice-display-component---conditions--smartFilterBar-filterItemControl_BASIC-BILL_TYPES-vhi\"]"}
COMMAND: POST /session/6eb241deac570073510706dc7280b28b/element/f.451C0D83FD0E10390ED4567275622C99.d.638F8166E99CB989FC8765758909E82E.e.20172/click - {}
RESULT: {}
COMMAND: POST /session/6eb241deac570073510706dc7280b28b/execute/async - {"script":"<script> [1562 bytes]","args":[{"selector":{"id":"application-manageconditionprice-display-component---conditions--smartFilterBar-filterItemControl_BASIC-BILL_TYPES-valueHelpDialog-smartFilterBar-btnBasicSearch","searchOpenDialogs":true,"interaction":{"idSuffix":"I"}},"wdio_ui5_key":"applicationmanageconditionprice-display-component---conditions--smartFilterBar-filterItemControl_BASIC-BILL_TYPES-valueHelpDialog-smartFilterBar-btnBasicSearch"}]}
COMMAND: GET /session/6eb241deac570073510706dc7280b28b/screenshot - {}
RESULT: {"script":"<script> [1562 bytes]","args":[{"selector":{"id":"application-manageconditionprice-display-component---conditions--smartFilterBar-filterItemControl_BASIC-BILL_TYPES-valueHelpDialog-smartFilterBar-btnBasicSearch","searchOpenDialogs":true,"interaction":{"idSuffix":"I"}},"wdio_ui5_key":"applicationmanageconditionprice-display-component---conditions--smartFilterBar-filterItemControl_BASIC-BILL_TYPES-valueHelpDialog-smartFilterBar-btnBasicSearch"}]}
RESULT: undefined
COMMAND: POST /session/6eb241deac570073510706dc7280b28b/execute/async - {"script":"<script> [776 bytes]","args":[{"enterText":"TB","selector":{"id":"application-manageconditionprice-display-component---conditions--smartFilterBar-filterItemControl_BASIC-BILL_TYPES-valueHelpDialog-smartFilterBar-btnBasicSearch","searchOpenDialogs":true,"interaction":{"idSuffix":"I"}},"clearTextFirst":true,"interactionType":"ENTER_TEXT"}]}
RESULT: {}
RESULT: {"script":"<script> [776 bytes]","args":[{"enterText":"TB","selector":{"id":"application-manageconditionprice-display-component---conditions--smartFilterBar-filterItemControl_BASIC-BILL_TYPES-valueHelpDialog-smartFilterBar-btnBasicSearch","searchOpenDialogs":true,"interaction":{"idSuffix":"I"}},"clearTextFirst":true,"interactionType":"ENTER_TEXT"}]}
COMMAND: POST /session/6eb241deac570073510706dc7280b28b/actions - {"actions":[{"id":"action74","type":"key","parameters":{},"actions":[{"type":"keyDown","value":"î€‡"},{"type":"pause","duration":10},{"type":"keyUp","value":"î€‡"}]}]}
RESULT: {"actions":[{"id":"action74","type":"key","parameters":{},"actions":[{"type":"keyDown","value":"î€‡"},{"type":"pause","duration":10},{"type":"keyUp","value":"î€‡"}]}]}
COMMAND: GET /session/6eb241deac570073510706dc7280b28b/screenshot - {}
RESULT: {}
COMMAND: POST /session/6eb241deac570073510706dc7280b28b/element - {"using":"xpath","value":"//div[contains(@id, 'application-manageconditionprice-display-component---conditions--smartFilterBar-filterItemControl_BASIC-BILL_TYPES-valueHelpDialog-table-rowsel0')]"}
RESULT: {"using":"xpath","value":"//div[contains(@id, 'application-manageconditionprice-display-component---conditions--smartFilterBar-filterItemControl_BASIC-BILL_TYPES-valueHelpDialog-table-rowsel0')]"}
COMMAND: POST /session/6eb241deac570073510706dc7280b28b/element/f.451C0D83FD0E10390ED4567275622C99.d.638F8166E99CB989FC8765758909E82E.e.20181/click - {}
RESULT: {}
COMMAND: GET /session/6eb241deac570073510706dc7280b28b/screenshot - {}
RESULT: {}
COMMAND: POST /session/6eb241deac570073510706dc7280b28b/element - {"using":"xpath","value":"//bdi[contains(text(), \"OK\")]"}
RESULT: {"using":"xpath","value":"//bdi[contains(text(), \"OK\")]"}
COMMAND: POST /session/6eb241deac570073510706dc7280b28b/element/f.451C0D83FD0E10390ED4567275622C99.d.638F8166E99CB989FC8765758909E82E.e.20183/click - {}
RESULT: {}
COMMAND: GET /session/6eb241deac570073510706dc7280b28b/screenshot - {}
RESULT: {}
COMMAND: POST /session/6eb241deac570073510706dc7280b28b/element - {"using":"xpath","value":"//span[@id=\"application-manageconditionprice-display-component---conditions--smartTable-header-inner\"]"}
RESULT: {"using":"xpath","value":"//span[@id=\"application-manageconditionprice-display-component---conditions--smartTable-header-inner\"]"}
COMMAND: POST /session/6eb241deac570073510706dc7280b28b/elements - {"using":"xpath","value":"//span[@id=\"application-manageconditionprice-display-component---conditions--smartTable-header-inner\"]"}
RESULT: {"using":"xpath","value":"//span[@id=\"application-manageconditionprice-display-component---conditions--smartTable-header-inner\"]"}
COMMAND: POST /session/6eb241deac570073510706dc7280b28b/execute/sync - {"script":"<script> [56 bytes]","args":[{"element-6066-11e4-a52e-4f735466cecf":"f.451C0D83FD0E10390ED4567275622C99.d.638F8166E99CB989FC8765758909E82E.e.20186","ELEMENT":"f.451C0D83FD0E10390ED4567275622C99.d.638F8166E99CB989FC8765758909E82E.e.20186"}]}
RESULT: {"script":"<script> [56 bytes]","args":[{"element-6066-11e4-a52e-4f735466cecf":"f.451C0D83FD0E10390ED4567275622C99.d.638F8166E99CB989FC8765758909E82E.e.20186","ELEMENT":"f.451C0D83FD0E10390ED4567275622C99.d.638F8166E99CB989FC8765758909E82E.e.20186"}]}
COMMAND: POST /session/6eb241deac570073510706dc7280b28b/element - {"using":"css selector","value":"#shell-header-logo"}
COMMAND: GET /session/6eb241deac570073510706dc7280b28b/screenshot - {}
RESULT: {"using":"css selector","value":"#shell-header-logo"}
COMMAND: POST /session/6eb241deac570073510706dc7280b28b/element/f.451C0D83FD0E10390ED4567275622C99.d.638F8166E99CB989FC8765758909E82E.e.19817/click - {}
RESULT: {}
RESULT: {}
COMMAND: GET /session/6eb241deac570073510706dc7280b28b/screenshot - {}
RESULT: {}
]]></system-out>
    </testcase>
    <testcase classname="chrome.135_0_7049_115.windows.Billing_Calculation_-_Time_based_(considering_transport_times)_US139738" name="Should do a stock increase for the equipment" time="108.518">
      <system-out><![CDATA[
COMMAND: POST /session/6eb241deac570073510706dc7280b28b/execute/async - {"script":"<script> [1562 bytes]","args":[{"selector":{"controlType":"sap.m.Text","viewName":"etm.portal.ui.managehandoverstile.view.Master","properties":{"text":"Manage Handovers"},"interaction":{"idSuffix":"inner"}},"wdio_ui5_key":"etmportal.ui.managehandoverstile.view.Mastersap.m.Text{\"text\":\"Manage Handovers\"}"}]}
RESULT: {"script":"<script> [1562 bytes]","args":[{"selector":{"controlType":"sap.m.Text","viewName":"etm.portal.ui.managehandoverstile.view.Master","properties":{"text":"Manage Handovers"},"interaction":{"idSuffix":"inner"}},"wdio_ui5_key":"etmportal.ui.managehandoverstile.view.Mastersap.m.Text{\"text\":\"Manage Handovers\"}"}]}
RESULT: undefined
COMMAND: POST /session/6eb241deac570073510706dc7280b28b/element - {"using":"xpath","value":"//*[@id=\"__tile132-title\"]"}
RESULT: {"using":"xpath","value":"//*[@id=\"__tile132-title\"]"}
COMMAND: POST /session/6eb241deac570073510706dc7280b28b/element/f.451C0D83FD0E10390ED4567275622C99.d.638F8166E99CB989FC8765758909E82E.e.20191/click - {}
RESULT: {}
COMMAND: POST /session/6eb241deac570073510706dc7280b28b/element - {"using":"xpath","value":"//button[@data-kt=\"masterHOAddButton\"]"}
COMMAND: GET /session/6eb241deac570073510706dc7280b28b/screenshot - {}
RESULT: {"using":"xpath","value":"//button[@data-kt=\"masterHOAddButton\"]"}
COMMAND: POST /session/6eb241deac570073510706dc7280b28b/elements - {"using":"xpath","value":"//button[@data-kt=\"masterHOAddButton\"]"}
RESULT: {}
RESULT: {"using":"xpath","value":"//button[@data-kt=\"masterHOAddButton\"]"}
COMMAND: POST /session/6eb241deac570073510706dc7280b28b/elements - {"using":"xpath","value":"//button[@data-kt=\"masterHOAddButton\"]"}
RESULT: {"using":"xpath","value":"//button[@data-kt=\"masterHOAddButton\"]"}
COMMAND: POST /session/6eb241deac570073510706dc7280b28b/elements - {"using":"xpath","value":"//button[@data-kt=\"masterHOAddButton\"]"}
RESULT: {"using":"xpath","value":"//button[@data-kt=\"masterHOAddButton\"]"}
COMMAND: POST /session/6eb241deac570073510706dc7280b28b/elements - {"using":"xpath","value":"//button[@data-kt=\"masterHOAddButton\"]"}
RESULT: {"using":"xpath","value":"//button[@data-kt=\"masterHOAddButton\"]"}
COMMAND: POST /session/6eb241deac570073510706dc7280b28b/elements - {"using":"xpath","value":"//button[@data-kt=\"masterHOAddButton\"]"}
RESULT: {"using":"xpath","value":"//button[@data-kt=\"masterHOAddButton\"]"}
COMMAND: POST /session/6eb241deac570073510706dc7280b28b/elements - {"using":"xpath","value":"//button[@data-kt=\"masterHOAddButton\"]"}
RESULT: {"using":"xpath","value":"//button[@data-kt=\"masterHOAddButton\"]"}
COMMAND: POST /session/6eb241deac570073510706dc7280b28b/elements - {"using":"xpath","value":"//button[@data-kt=\"masterHOAddButton\"]"}
RESULT: {"using":"xpath","value":"//button[@data-kt=\"masterHOAddButton\"]"}
COMMAND: POST /session/6eb241deac570073510706dc7280b28b/elements - {"using":"xpath","value":"//button[@data-kt=\"masterHOAddButton\"]"}
RESULT: {"using":"xpath","value":"//button[@data-kt=\"masterHOAddButton\"]"}
COMMAND: POST /session/6eb241deac570073510706dc7280b28b/elements - {"using":"xpath","value":"//button[@data-kt=\"masterHOAddButton\"]"}
RESULT: {"using":"xpath","value":"//button[@data-kt=\"masterHOAddButton\"]"}
COMMAND: POST /session/6eb241deac570073510706dc7280b28b/elements - {"using":"xpath","value":"//button[@data-kt=\"masterHOAddButton\"]"}
RESULT: {"using":"xpath","value":"//button[@data-kt=\"masterHOAddButton\"]"}
COMMAND: POST /session/6eb241deac570073510706dc7280b28b/elements - {"using":"xpath","value":"//button[@data-kt=\"masterHOAddButton\"]"}
RESULT: {"using":"xpath","value":"//button[@data-kt=\"masterHOAddButton\"]"}
COMMAND: POST /session/6eb241deac570073510706dc7280b28b/elements - {"using":"xpath","value":"//button[@data-kt=\"masterHOAddButton\"]"}
RESULT: {"using":"xpath","value":"//button[@data-kt=\"masterHOAddButton\"]"}
COMMAND: POST /session/6eb241deac570073510706dc7280b28b/elements - {"using":"xpath","value":"//button[@data-kt=\"masterHOAddButton\"]"}
RESULT: {"using":"xpath","value":"//button[@data-kt=\"masterHOAddButton\"]"}
COMMAND: POST /session/6eb241deac570073510706dc7280b28b/elements - {"using":"xpath","value":"//button[@data-kt=\"masterHOAddButton\"]"}
RESULT: {"using":"xpath","value":"//button[@data-kt=\"masterHOAddButton\"]"}
COMMAND: POST /session/6eb241deac570073510706dc7280b28b/elements - {"using":"xpath","value":"//button[@data-kt=\"masterHOAddButton\"]"}
RESULT: {"using":"xpath","value":"//button[@data-kt=\"masterHOAddButton\"]"}
COMMAND: POST /session/6eb241deac570073510706dc7280b28b/elements - {"using":"xpath","value":"//button[@data-kt=\"masterHOAddButton\"]"}
RESULT: {"using":"xpath","value":"//button[@data-kt=\"masterHOAddButton\"]"}
COMMAND: POST /session/6eb241deac570073510706dc7280b28b/elements - {"using":"xpath","value":"//button[@data-kt=\"masterHOAddButton\"]"}
RESULT: {"using":"xpath","value":"//button[@data-kt=\"masterHOAddButton\"]"}
COMMAND: POST /session/6eb241deac570073510706dc7280b28b/elements - {"using":"xpath","value":"//button[@data-kt=\"masterHOAddButton\"]"}
RESULT: {"using":"xpath","value":"//button[@data-kt=\"masterHOAddButton\"]"}
COMMAND: POST /session/6eb241deac570073510706dc7280b28b/elements - {"using":"xpath","value":"//button[@data-kt=\"masterHOAddButton\"]"}
RESULT: {"using":"xpath","value":"//button[@data-kt=\"masterHOAddButton\"]"}
COMMAND: POST /session/6eb241deac570073510706dc7280b28b/elements - {"using":"xpath","value":"//button[@data-kt=\"masterHOAddButton\"]"}
RESULT: {"using":"xpath","value":"//button[@data-kt=\"masterHOAddButton\"]"}
COMMAND: POST /session/6eb241deac570073510706dc7280b28b/elements - {"using":"xpath","value":"//button[@data-kt=\"masterHOAddButton\"]"}
RESULT: {"using":"xpath","value":"//button[@data-kt=\"masterHOAddButton\"]"}
COMMAND: POST /session/6eb241deac570073510706dc7280b28b/element - {"using":"xpath","value":"//button[@data-kt=\"masterHOAddButton\"]"}
RESULT: {"using":"xpath","value":"//button[@data-kt=\"masterHOAddButton\"]"}
COMMAND: POST /session/6eb241deac570073510706dc7280b28b/execute/sync - {"script":"<script> [8489 bytes]","args":[{"element-6066-11e4-a52e-4f735466cecf":"f.451C0D83FD0E10390ED4567275622C99.d.638F8166E99CB989FC8765758909E82E.e.20231","ELEMENT":"f.451C0D83FD0E10390ED4567275622C99.d.638F8166E99CB989FC8765758909E82E.e.20231"}]}
RESULT: {"script":"<script> [8489 bytes]","args":[{"element-6066-11e4-a52e-4f735466cecf":"f.451C0D83FD0E10390ED4567275622C99.d.638F8166E99CB989FC8765758909E82E.e.20231","ELEMENT":"f.451C0D83FD0E10390ED4567275622C99.d.638F8166E99CB989FC8765758909E82E.e.20231"}]}
COMMAND: GET /session/6eb241deac570073510706dc7280b28b/element/f.451C0D83FD0E10390ED4567275622C99.d.638F8166E99CB989FC8765758909E82E.e.20231/enabled - {}
COMMAND: GET /session/6eb241deac570073510706dc7280b28b/screenshot - {}
RESULT: {}
RESULT: {}
COMMAND: POST /session/6eb241deac570073510706dc7280b28b/execute/sync - {"script":"<script> [8489 bytes]","args":[{"element-6066-11e4-a52e-4f735466cecf":"f.451C0D83FD0E10390ED4567275622C99.d.638F8166E99CB989FC8765758909E82E.e.20231","ELEMENT":"f.451C0D83FD0E10390ED4567275622C99.d.638F8166E99CB989FC8765758909E82E.e.20231"}]}
COMMAND: GET /session/6eb241deac570073510706dc7280b28b/screenshot - {}
RESULT: {"script":"<script> [8489 bytes]","args":[{"element-6066-11e4-a52e-4f735466cecf":"f.451C0D83FD0E10390ED4567275622C99.d.638F8166E99CB989FC8765758909E82E.e.20231","ELEMENT":"f.451C0D83FD0E10390ED4567275622C99.d.638F8166E99CB989FC8765758909E82E.e.20231"}]}
COMMAND: POST /session/6eb241deac570073510706dc7280b28b/execute/sync - {"script":"<script> [5351 bytes]","args":[{"element-6066-11e4-a52e-4f735466cecf":"f.451C0D83FD0E10390ED4567275622C99.d.638F8166E99CB989FC8765758909E82E.e.20231","ELEMENT":"f.451C0D83FD0E10390ED4567275622C99.d.638F8166E99CB989FC8765758909E82E.e.20231"}]}
COMMAND: GET /session/6eb241deac570073510706dc7280b28b/screenshot - {}
RESULT: {}
RESULT: {"script":"<script> [5351 bytes]","args":[{"element-6066-11e4-a52e-4f735466cecf":"f.451C0D83FD0E10390ED4567275622C99.d.638F8166E99CB989FC8765758909E82E.e.20231","ELEMENT":"f.451C0D83FD0E10390ED4567275622C99.d.638F8166E99CB989FC8765758909E82E.e.20231"}]}
COMMAND: POST /session/6eb241deac570073510706dc7280b28b/element/f.451C0D83FD0E10390ED4567275622C99.d.638F8166E99CB989FC8765758909E82E.e.20231/click - {}
COMMAND: GET /session/6eb241deac570073510706dc7280b28b/screenshot - {}
RESULT: {}
RESULT: {}
COMMAND: GET /session/6eb241deac570073510706dc7280b28b/screenshot - {}
RESULT: {}
RESULT: {}
COMMAND: POST /session/6eb241deac570073510706dc7280b28b/element - {"using":"xpath","value":"//span[contains(@id ,\"AddNewHO--typeSelect-arrow\")]"}
RESULT: {"using":"xpath","value":"//span[contains(@id ,\"AddNewHO--typeSelect-arrow\")]"}
COMMAND: POST /session/6eb241deac570073510706dc7280b28b/element/f.451C0D83FD0E10390ED4567275622C99.d.638F8166E99CB989FC8765758909E82E.e.20570/click - {}
RESULT: {}
COMMAND: GET /session/6eb241deac570073510706dc7280b28b/screenshot - {}
RESULT: {}
COMMAND: POST /session/6eb241deac570073510706dc7280b28b/element - {"using":"xpath","value":"(//li[contains(text(), \"stock increase yard\")])[1]"}
RESULT: {"using":"xpath","value":"(//li[contains(text(), \"stock increase yard\")])[1]"}
COMMAND: POST /session/6eb241deac570073510706dc7280b28b/element/f.451C0D83FD0E10390ED4567275622C99.d.638F8166E99CB989FC8765758909E82E.e.20571/click - {}
RESULT: {}
COMMAND: GET /session/6eb241deac570073510706dc7280b28b/screenshot - {}
RESULT: {}
COMMAND: POST /session/6eb241deac570073510706dc7280b28b/execute/async - {"script":"<script> [1562 bytes]","args":[{"selector":{"id":"application-managehandovers-display-component---AddNewHO--dueDate","interaction":{"idSuffix":"inner"}},"wdio_ui5_key":"applicationmanagehandovers-display-component---AddNewHO--dueDate"}]}
RESULT: {"script":"<script> [1562 bytes]","args":[{"selector":{"id":"application-managehandovers-display-component---AddNewHO--dueDate","interaction":{"idSuffix":"inner"}},"wdio_ui5_key":"applicationmanagehandovers-display-component---AddNewHO--dueDate"}]}
RESULT: undefined
COMMAND: POST /session/6eb241deac570073510706dc7280b28b/execute/async - {"script":"<script> [6424 bytes]","args":[{"element-6066-11e4-a52e-4f735466cecf":"f.451C0D83FD0E10390ED4567275622C99.d.638F8166E99CB989FC8765758909E82E.e.20575"},"setValue",["05/06/2025"]]}
RESULT: {"script":"<script> [6424 bytes]","args":[{"element-6066-11e4-a52e-4f735466cecf":"f.451C0D83FD0E10390ED4567275622C99.d.638F8166E99CB989FC8765758909E82E.e.20575"},"setValue",["05/06/2025"]]}
COMMAND: POST /session/6eb241deac570073510706dc7280b28b/element - {"using":"xpath","value":"//input[@id=\"generalSectionFrg--receiveYard-inner\"]"}
RESULT: {"using":"xpath","value":"//input[@id=\"generalSectionFrg--receiveYard-inner\"]"}
COMMAND: POST /session/6eb241deac570073510706dc7280b28b/element/f.451C0D83FD0E10390ED4567275622C99.d.638F8166E99CB989FC8765758909E82E.e.20581/clear - {}
RESULT: {}
COMMAND: POST /session/6eb241deac570073510706dc7280b28b/element/f.451C0D83FD0E10390ED4567275622C99.d.638F8166E99CB989FC8765758909E82E.e.20581/value - {"text":"640"}
COMMAND: GET /session/6eb241deac570073510706dc7280b28b/screenshot - {}
RESULT: {"text":"640"}
COMMAND: GET /session/6eb241deac570073510706dc7280b28b/screenshot - {}
RESULT: {}
RESULT: {}
COMMAND: POST /session/6eb241deac570073510706dc7280b28b/element - {"using":"xpath","value":"//li[.//span[text()='640']]"}
RESULT: {"using":"xpath","value":"//li[.//span[text()='640']]"}
COMMAND: POST /session/6eb241deac570073510706dc7280b28b/element/f.451C0D83FD0E10390ED4567275622C99.d.638F8166E99CB989FC8765758909E82E.e.20597/click - {}
RESULT: {}
COMMAND: GET /session/6eb241deac570073510706dc7280b28b/screenshot - {}
RESULT: {}
COMMAND: POST /session/6eb241deac570073510706dc7280b28b/execute/async - {"script":"<script> [1562 bytes]","args":[{"selector":{"id":"application-managehandovers-display-component---AddNewHO--ObjectPageLayout-anchBar-application-managehandovers-display-component---AddNewHO--section4-anchor","interaction":{"idSuffix":"BDI-content"}},"wdio_ui5_key":"applicationmanagehandovers-display-component---AddNewHO--ObjectPageLayout-anchBar-application-managehandovers-display-component---AddNewHO--section4-anchor"}]}
RESULT: {"script":"<script> [1562 bytes]","args":[{"selector":{"id":"application-managehandovers-display-component---AddNewHO--ObjectPageLayout-anchBar-application-managehandovers-display-component---AddNewHO--section4-anchor","interaction":{"idSuffix":"BDI-content"}},"wdio_ui5_key":"applicationmanagehandovers-display-component---AddNewHO--ObjectPageLayout-anchBar-application-managehandovers-display-component---AddNewHO--section4-anchor"}]}
RESULT: undefined
COMMAND: POST /session/6eb241deac570073510706dc7280b28b/element - {"using":"xpath","value":"//*[@id=\"application-managehandovers-display-component---AddNewHO--ObjectPageLayout-anchBar-application-managehandovers-display-component---AddNewHO--section4-anchor\"]"}
RESULT: {"using":"xpath","value":"//*[@id=\"application-managehandovers-display-component---AddNewHO--ObjectPageLayout-anchBar-application-managehandovers-display-component---AddNewHO--section4-anchor\"]"}
COMMAND: POST /session/6eb241deac570073510706dc7280b28b/element/f.451C0D83FD0E10390ED4567275622C99.d.638F8166E99CB989FC8765758909E82E.e.20599/click - {}
RESULT: {}
COMMAND: POST /session/6eb241deac570073510706dc7280b28b/element - {"using":"xpath","value":"//button[@aria-label=\"Add\"]"}
COMMAND: GET /session/6eb241deac570073510706dc7280b28b/screenshot - {}
RESULT: {"using":"xpath","value":"//button[@aria-label=\"Add\"]"}
COMMAND: POST /session/6eb241deac570073510706dc7280b28b/element/f.451C0D83FD0E10390ED4567275622C99.d.638F8166E99CB989FC8765758909E82E.e.20603/click - {}
RESULT: {}
RESULT: {}
COMMAND: GET /session/6eb241deac570073510706dc7280b28b/screenshot - {}
RESULT: {}
COMMAND: POST /session/6eb241deac570073510706dc7280b28b/execute/async - {"script":"<script> [1562 bytes]","args":[{"selector":{"id":"application-managehandovers-display-component---AddNewHO--smartFilterBar-btnBasicSearch","searchOpenDialogs":true,"interaction":{"idSuffix":"I"}},"wdio_ui5_key":"applicationmanagehandovers-display-component---AddNewHO--smartFilterBar-btnBasicSearch"}]}
RESULT: {"script":"<script> [1562 bytes]","args":[{"selector":{"id":"application-managehandovers-display-component---AddNewHO--smartFilterBar-btnBasicSearch","searchOpenDialogs":true,"interaction":{"idSuffix":"I"}},"wdio_ui5_key":"applicationmanagehandovers-display-component---AddNewHO--smartFilterBar-btnBasicSearch"}]}
RESULT: undefined
COMMAND: POST /session/6eb241deac570073510706dc7280b28b/execute/async - {"script":"<script> [776 bytes]","args":[{"enterText":"bPwd59DXAT","selector":{"id":"application-managehandovers-display-component---AddNewHO--smartFilterBar-btnBasicSearch","searchOpenDialogs":true,"interaction":{"idSuffix":"I"}},"clearTextFirst":true,"interactionType":"ENTER_TEXT"}]}
RESULT: {"script":"<script> [776 bytes]","args":[{"enterText":"bPwd59DXAT","selector":{"id":"application-managehandovers-display-component---AddNewHO--smartFilterBar-btnBasicSearch","searchOpenDialogs":true,"interaction":{"idSuffix":"I"}},"clearTextFirst":true,"interactionType":"ENTER_TEXT"}]}
COMMAND: POST /session/6eb241deac570073510706dc7280b28b/actions - {"actions":[{"id":"action75","type":"key","parameters":{},"actions":[{"type":"keyDown","value":"î€‡"},{"type":"pause","duration":10},{"type":"keyUp","value":"î€‡"}]}]}
RESULT: {"actions":[{"id":"action75","type":"key","parameters":{},"actions":[{"type":"keyDown","value":"î€‡"},{"type":"pause","duration":10},{"type":"keyUp","value":"î€‡"}]}]}
COMMAND: GET /session/6eb241deac570073510706dc7280b28b/screenshot - {}
RESULT: {}
COMMAND: POST /session/6eb241deac570073510706dc7280b28b/execute/async - {"script":"<script> [1562 bytes]","args":[{"selector":{"id":"application-managehandovers-display-component---AddNewHO--popup-sa","searchOpenDialogs":true,"interaction":{"idSuffix":"CbBg"}},"wdio_ui5_key":"applicationmanagehandovers-display-component---AddNewHO--popup-sa"}]}
RESULT: {"script":"<script> [1562 bytes]","args":[{"selector":{"id":"application-managehandovers-display-component---AddNewHO--popup-sa","searchOpenDialogs":true,"interaction":{"idSuffix":"CbBg"}},"wdio_ui5_key":"applicationmanagehandovers-display-component---AddNewHO--popup-sa"}]}
RESULT: undefined
COMMAND: POST /session/6eb241deac570073510706dc7280b28b/element - {"using":"xpath","value":"//*[@id=\"application-managehandovers-display-component---AddNewHO--popup-sa\"]"}
RESULT: {"using":"xpath","value":"//*[@id=\"application-managehandovers-display-component---AddNewHO--popup-sa\"]"}
COMMAND: POST /session/6eb241deac570073510706dc7280b28b/element/f.451C0D83FD0E10390ED4567275622C99.d.638F8166E99CB989FC8765758909E82E.e.20757/click - {}
RESULT: {}
COMMAND: GET /session/6eb241deac570073510706dc7280b28b/screenshot - {}
RESULT: {}
COMMAND: POST /session/6eb241deac570073510706dc7280b28b/element - {"using":"xpath","value":"//bdi[contains(text(), \"Select\")]"}
RESULT: {"using":"xpath","value":"//bdi[contains(text(), \"Select\")]"}
COMMAND: POST /session/6eb241deac570073510706dc7280b28b/element/f.451C0D83FD0E10390ED4567275622C99.d.638F8166E99CB989FC8765758909E82E.e.20758/click - {}
RESULT: {}
COMMAND: GET /session/6eb241deac570073510706dc7280b28b/screenshot - {}
RESULT: {}
COMMAND: POST /session/6eb241deac570073510706dc7280b28b/element - {"using":"xpath","value":"//button[@data-kt=\"AddNewHOSaveButton\"]"}
RESULT: {"using":"xpath","value":"//button[@data-kt=\"AddNewHOSaveButton\"]"}
COMMAND: POST /session/6eb241deac570073510706dc7280b28b/element/f.451C0D83FD0E10390ED4567275622C99.d.638F8166E99CB989FC8765758909E82E.e.20762/click - {}
RESULT: {}
COMMAND: GET /session/6eb241deac570073510706dc7280b28b/screenshot - {}
RESULT: {}
COMMAND: POST /session/6eb241deac570073510706dc7280b28b/execute/async - {"script":"<script> [1562 bytes]","args":[{"selector":{"id":"receiptDatePicker","viewName":"etm.portal.ui.managehandovers.view.DetailExecuteHO","interaction":{"idSuffix":"inner"}},"wdio_ui5_key":"receiptDatePickeretmportal.ui.managehandovers.view.DetailExecuteHO"}]}
RESULT: {"script":"<script> [1562 bytes]","args":[{"selector":{"id":"receiptDatePicker","viewName":"etm.portal.ui.managehandovers.view.DetailExecuteHO","interaction":{"idSuffix":"inner"}},"wdio_ui5_key":"receiptDatePickeretmportal.ui.managehandovers.view.DetailExecuteHO"}]}
RESULT: undefined
COMMAND: POST /session/6eb241deac570073510706dc7280b28b/execute/async - {"script":"<script> [6424 bytes]","args":[{"element-6066-11e4-a52e-4f735466cecf":"f.451C0D83FD0E10390ED4567275622C99.d.638F8166E99CB989FC8765758909E82E.e.20794"},"setValue",["05/06/2025"]]}
RESULT: {"script":"<script> [6424 bytes]","args":[{"element-6066-11e4-a52e-4f735466cecf":"f.451C0D83FD0E10390ED4567275622C99.d.638F8166E99CB989FC8765758909E82E.e.20794"},"setValue",["05/06/2025"]]}
COMMAND: POST /session/6eb241deac570073510706dc7280b28b/element - {"using":"xpath","value":"//button[@data-kt=\"PickingTableConfirmAllButton\"]"}
RESULT: {"using":"xpath","value":"//button[@data-kt=\"PickingTableConfirmAllButton\"]"}
COMMAND: POST /session/6eb241deac570073510706dc7280b28b/element/f.451C0D83FD0E10390ED4567275622C99.d.638F8166E99CB989FC8765758909E82E.e.20809/click - {}
RESULT: {}
COMMAND: GET /session/6eb241deac570073510706dc7280b28b/screenshot - {}
RESULT: {}
COMMAND: POST /session/6eb241deac570073510706dc7280b28b/element - {"using":"xpath","value":"//bdi[contains(text(), \"OK\")]"}
RESULT: {"using":"xpath","value":"//bdi[contains(text(), \"OK\")]"}
COMMAND: POST /session/6eb241deac570073510706dc7280b28b/element/f.451C0D83FD0E10390ED4567275622C99.d.638F8166E99CB989FC8765758909E82E.e.20811/click - {}
RESULT: {}
COMMAND: GET /session/6eb241deac570073510706dc7280b28b/screenshot - {}
RESULT: {}
COMMAND: POST /session/6eb241deac570073510706dc7280b28b/element - {"using":"xpath","value":"(//bdi[contains(text(), \"Receive\")])[2]"}
RESULT: {"using":"xpath","value":"(//bdi[contains(text(), \"Receive\")])[2]"}
COMMAND: POST /session/6eb241deac570073510706dc7280b28b/element/f.451C0D83FD0E10390ED4567275622C99.d.638F8166E99CB989FC8765758909E82E.e.20813/click - {}
RESULT: {}
COMMAND: GET /session/6eb241deac570073510706dc7280b28b/screenshot - {}
RESULT: {}
COMMAND: POST /session/6eb241deac570073510706dc7280b28b/element - {"using":"css selector","value":"#shell-header-logo"}
RESULT: {"using":"css selector","value":"#shell-header-logo"}
COMMAND: POST /session/6eb241deac570073510706dc7280b28b/element/f.451C0D83FD0E10390ED4567275622C99.d.638F8166E99CB989FC8765758909E82E.e.20193/click - {}
RESULT: {}
COMMAND: GET /session/6eb241deac570073510706dc7280b28b/screenshot - {}
RESULT: {}
]]></system-out>
    </testcase>
    <testcase classname="chrome.135_0_7049_115.windows.Billing_Calculation_-_Time_based_(considering_transport_times)_US139738" name="Should create a new contract" time="74.96">
      <system-out><![CDATA[
COMMAND: POST /session/6eb241deac570073510706dc7280b28b/execute/async - {"script":"<script> [1562 bytes]","args":[{"selector":{"controlType":"sap.m.Text","viewName":"etm.portal.ui.managecontractstile.view.Master","properties":{"text":"Manage Contracts"},"interaction":{"idSuffix":"inner"}},"wdio_ui5_key":"etmportal.ui.managecontractstile.view.Mastersap.m.Text{\"text\":\"Manage Contracts\"}"}]}
RESULT: {"script":"<script> [1562 bytes]","args":[{"selector":{"controlType":"sap.m.Text","viewName":"etm.portal.ui.managecontractstile.view.Master","properties":{"text":"Manage Contracts"},"interaction":{"idSuffix":"inner"}},"wdio_ui5_key":"etmportal.ui.managecontractstile.view.Mastersap.m.Text{\"text\":\"Manage Contracts\"}"}]}
RESULT: undefined
COMMAND: POST /session/6eb241deac570073510706dc7280b28b/element - {"using":"xpath","value":"//*[@id=\"__tile130-title\"]"}
RESULT: {"using":"xpath","value":"//*[@id=\"__tile130-title\"]"}
COMMAND: POST /session/6eb241deac570073510706dc7280b28b/element/f.451C0D83FD0E10390ED4567275622C99.d.638F8166E99CB989FC8765758909E82E.e.20982/click - {}
RESULT: {}
COMMAND: GET /session/6eb241deac570073510706dc7280b28b/screenshot - {}
COMMAND: POST /session/6eb241deac570073510706dc7280b28b/element - {"using":"xpath","value":"//button[@data-kt=\"addButton\"]"}
RESULT: {}
RESULT: {"using":"xpath","value":"//button[@data-kt=\"addButton\"]"}
COMMAND: POST /session/6eb241deac570073510706dc7280b28b/elements - {"using":"xpath","value":"//button[@data-kt=\"addButton\"]"}
RESULT: {"using":"xpath","value":"//button[@data-kt=\"addButton\"]"}
COMMAND: POST /session/6eb241deac570073510706dc7280b28b/element - {"using":"xpath","value":"//button[@data-kt=\"addButton\"]"}
RESULT: {"using":"xpath","value":"//button[@data-kt=\"addButton\"]"}
COMMAND: POST /session/6eb241deac570073510706dc7280b28b/execute/sync - {"script":"<script> [8489 bytes]","args":[{"element-6066-11e4-a52e-4f735466cecf":"f.451C0D83FD0E10390ED4567275622C99.d.638F8166E99CB989FC8765758909E82E.e.21365","ELEMENT":"f.451C0D83FD0E10390ED4567275622C99.d.638F8166E99CB989FC8765758909E82E.e.21365"}]}
RESULT: {"script":"<script> [8489 bytes]","args":[{"element-6066-11e4-a52e-4f735466cecf":"f.451C0D83FD0E10390ED4567275622C99.d.638F8166E99CB989FC8765758909E82E.e.21365","ELEMENT":"f.451C0D83FD0E10390ED4567275622C99.d.638F8166E99CB989FC8765758909E82E.e.21365"}]}
COMMAND: GET /session/6eb241deac570073510706dc7280b28b/element/f.451C0D83FD0E10390ED4567275622C99.d.638F8166E99CB989FC8765758909E82E.e.21365/enabled - {}
COMMAND: GET /session/6eb241deac570073510706dc7280b28b/screenshot - {}
RESULT: {}
COMMAND: POST /session/6eb241deac570073510706dc7280b28b/execute/sync - {"script":"<script> [8489 bytes]","args":[{"element-6066-11e4-a52e-4f735466cecf":"f.451C0D83FD0E10390ED4567275622C99.d.638F8166E99CB989FC8765758909E82E.e.21365","ELEMENT":"f.451C0D83FD0E10390ED4567275622C99.d.638F8166E99CB989FC8765758909E82E.e.21365"}]}
COMMAND: GET /session/6eb241deac570073510706dc7280b28b/screenshot - {}
RESULT: {}
RESULT: {"script":"<script> [8489 bytes]","args":[{"element-6066-11e4-a52e-4f735466cecf":"f.451C0D83FD0E10390ED4567275622C99.d.638F8166E99CB989FC8765758909E82E.e.21365","ELEMENT":"f.451C0D83FD0E10390ED4567275622C99.d.638F8166E99CB989FC8765758909E82E.e.21365"}]}
COMMAND: POST /session/6eb241deac570073510706dc7280b28b/execute/sync - {"script":"<script> [5351 bytes]","args":[{"element-6066-11e4-a52e-4f735466cecf":"f.451C0D83FD0E10390ED4567275622C99.d.638F8166E99CB989FC8765758909E82E.e.21365","ELEMENT":"f.451C0D83FD0E10390ED4567275622C99.d.638F8166E99CB989FC8765758909E82E.e.21365"}]}
COMMAND: GET /session/6eb241deac570073510706dc7280b28b/screenshot - {}
RESULT: {}
RESULT: {"script":"<script> [5351 bytes]","args":[{"element-6066-11e4-a52e-4f735466cecf":"f.451C0D83FD0E10390ED4567275622C99.d.638F8166E99CB989FC8765758909E82E.e.21365","ELEMENT":"f.451C0D83FD0E10390ED4567275622C99.d.638F8166E99CB989FC8765758909E82E.e.21365"}]}
COMMAND: GET /session/6eb241deac570073510706dc7280b28b/screenshot - {}
RESULT: {}
RESULT: {}
COMMAND: POST /session/6eb241deac570073510706dc7280b28b/element/f.451C0D83FD0E10390ED4567275622C99.d.638F8166E99CB989FC8765758909E82E.e.21365/click - {}
RESULT: {}
COMMAND: GET /session/6eb241deac570073510706dc7280b28b/screenshot - {}
COMMAND: POST /session/6eb241deac570073510706dc7280b28b/execute/async - {"script":"<script> [1562 bytes]","args":[{"selector":{"id":"application-managecontracts-display-component---AddNewContract--projectDescription","interaction":{"idSuffix":"inner"}},"wdio_ui5_key":"applicationmanagecontracts-display-component---AddNewContract--projectDescription"}]}
RESULT: {}
RESULT: {"script":"<script> [1562 bytes]","args":[{"selector":{"id":"application-managecontracts-display-component---AddNewContract--projectDescription","interaction":{"idSuffix":"inner"}},"wdio_ui5_key":"applicationmanagecontracts-display-component---AddNewContract--projectDescription"}]}
RESULT: undefined
COMMAND: POST /session/6eb241deac570073510706dc7280b28b/execute/async - {"script":"<script> [776 bytes]","args":[{"enterText":"Contract WDIO","selector":{"id":"application-managecontracts-display-component---AddNewContract--projectDescription","interaction":{"idSuffix":"inner"}},"clearTextFirst":true,"interactionType":"ENTER_TEXT"}]}
RESULT: {"script":"<script> [776 bytes]","args":[{"enterText":"Contract WDIO","selector":{"id":"application-managecontracts-display-component---AddNewContract--projectDescription","interaction":{"idSuffix":"inner"}},"clearTextFirst":true,"interactionType":"ENTER_TEXT"}]}
COMMAND: POST /session/6eb241deac570073510706dc7280b28b/element - {"using":"xpath","value":"//input[@id=\"application-managecontracts-display-component---AddNewContract--site-inner\"]"}
RESULT: {"using":"xpath","value":"//input[@id=\"application-managecontracts-display-component---AddNewContract--site-inner\"]"}
COMMAND: POST /session/6eb241deac570073510706dc7280b28b/element/f.451C0D83FD0E10390ED4567275622C99.d.638F8166E99CB989FC8765758909E82E.e.21483/clear - {}
RESULT: {}
COMMAND: POST /session/6eb241deac570073510706dc7280b28b/element/f.451C0D83FD0E10390ED4567275622C99.d.638F8166E99CB989FC8765758909E82E.e.21483/value - {"text":"2473"}
COMMAND: GET /session/6eb241deac570073510706dc7280b28b/screenshot - {}
RESULT: {"text":"2473"}
COMMAND: GET /session/6eb241deac570073510706dc7280b28b/screenshot - {}
RESULT: {}
RESULT: {}
COMMAND: POST /session/6eb241deac570073510706dc7280b28b/element - {"using":"xpath","value":"//li[.//span[text()='2473']]"}
RESULT: {"using":"xpath","value":"//li[.//span[text()='2473']]"}
COMMAND: POST /session/6eb241deac570073510706dc7280b28b/element/f.451C0D83FD0E10390ED4567275622C99.d.638F8166E99CB989FC8765758909E82E.e.21505/click - {}
RESULT: {}
COMMAND: GET /session/6eb241deac570073510706dc7280b28b/screenshot - {}
RESULT: {}
COMMAND: POST /session/6eb241deac570073510706dc7280b28b/element - {"using":"xpath","value":"//input[@id=\"application-managecontracts-display-component---AddNewContract--yardId-inner\"]"}
RESULT: {"using":"xpath","value":"//input[@id=\"application-managecontracts-display-component---AddNewContract--yardId-inner\"]"}
COMMAND: GET /session/6eb241deac570073510706dc7280b28b/element/f.451C0D83FD0E10390ED4567275622C99.d.638F8166E99CB989FC8765758909E82E.e.21484/property/value - {}
RESULT: {}
COMMAND: POST /session/6eb241deac570073510706dc7280b28b/element - {"using":"xpath","value":"//input[@id=\"application-managecontracts-display-component---AddNewContract--customerSelect-inner\"]"}
COMMAND: GET /session/6eb241deac570073510706dc7280b28b/screenshot - {}
RESULT: {"using":"xpath","value":"//input[@id=\"application-managecontracts-display-component---AddNewContract--customerSelect-inner\"]"}
COMMAND: POST /session/6eb241deac570073510706dc7280b28b/element/f.451C0D83FD0E10390ED4567275622C99.d.638F8166E99CB989FC8765758909E82E.e.21482/clear - {}
RESULT: {}
RESULT: {}
COMMAND: POST /session/6eb241deac570073510706dc7280b28b/element/f.451C0D83FD0E10390ED4567275622C99.d.638F8166E99CB989FC8765758909E82E.e.21482/value - {"text":"1514"}
COMMAND: GET /session/6eb241deac570073510706dc7280b28b/screenshot - {}
RESULT: {"text":"1514"}
COMMAND: GET /session/6eb241deac570073510706dc7280b28b/screenshot - {}
RESULT: {}
RESULT: {}
COMMAND: POST /session/6eb241deac570073510706dc7280b28b/element - {"using":"xpath","value":"//li[.//span[text()='1514']]"}
RESULT: {"using":"xpath","value":"//li[.//span[text()='1514']]"}
COMMAND: POST /session/6eb241deac570073510706dc7280b28b/element/f.451C0D83FD0E10390ED4567275622C99.d.638F8166E99CB989FC8765758909E82E.e.21508/click - {}
RESULT: {}
COMMAND: GET /session/6eb241deac570073510706dc7280b28b/screenshot - {}
RESULT: {}
COMMAND: POST /session/6eb241deac570073510706dc7280b28b/element - {"using":"xpath","value":"//button[@data-kt=\"saveButton\"]"}
RESULT: {"using":"xpath","value":"//button[@data-kt=\"saveButton\"]"}
COMMAND: POST /session/6eb241deac570073510706dc7280b28b/element/f.451C0D83FD0E10390ED4567275622C99.d.638F8166E99CB989FC8765758909E82E.e.21498/click - {}
RESULT: {}
COMMAND: GET /session/6eb241deac570073510706dc7280b28b/screenshot - {}
RESULT: {}
COMMAND: POST /session/6eb241deac570073510706dc7280b28b/element - {"using":"xpath","value":"//span[contains(@id ,\"contractDetailTitleNoExpanded\")]"}
RESULT: {"using":"xpath","value":"//span[contains(@id ,\"contractDetailTitleNoExpanded\")]"}
COMMAND: POST /session/6eb241deac570073510706dc7280b28b/elements - {"using":"xpath","value":"//span[contains(@id ,\"contractDetailTitleNoExpanded\")]"}
RESULT: {"using":"xpath","value":"//span[contains(@id ,\"contractDetailTitleNoExpanded\")]"}
COMMAND: POST /session/6eb241deac570073510706dc7280b28b/execute/sync - {"script":"<script> [56 bytes]","args":[{"element-6066-11e4-a52e-4f735466cecf":"f.451C0D83FD0E10390ED4567275622C99.d.638F8166E99CB989FC8765758909E82E.e.21579","ELEMENT":"f.451C0D83FD0E10390ED4567275622C99.d.638F8166E99CB989FC8765758909E82E.e.21579"}]}
RESULT: {"script":"<script> [56 bytes]","args":[{"element-6066-11e4-a52e-4f735466cecf":"f.451C0D83FD0E10390ED4567275622C99.d.638F8166E99CB989FC8765758909E82E.e.21579","ELEMENT":"f.451C0D83FD0E10390ED4567275622C99.d.638F8166E99CB989FC8765758909E82E.e.21579"}]}
COMMAND: GET /session/6eb241deac570073510706dc7280b28b/screenshot - {}
RESULT: {}
]]></system-out>
    </testcase>
    <testcase classname="chrome.135_0_7049_115.windows.Billing_Calculation_-_Time_based_(considering_transport_times)_US139738" name="Should add transport time checkbox on contract details" time="16.711">
      <system-out><![CDATA[
COMMAND: POST /session/6eb241deac570073510706dc7280b28b/element - {"using":"xpath","value":"//button[@data-kt=\"contractDetailEditBtnButton\"]"}
RESULT: {"using":"xpath","value":"//button[@data-kt=\"contractDetailEditBtnButton\"]"}
COMMAND: POST /session/6eb241deac570073510706dc7280b28b/element/f.451C0D83FD0E10390ED4567275622C99.d.638F8166E99CB989FC8765758909E82E.e.21581/click - {}
RESULT: {}
COMMAND: GET /session/6eb241deac570073510706dc7280b28b/screenshot - {}
RESULT: {}
COMMAND: POST /session/6eb241deac570073510706dc7280b28b/element - {"using":"xpath","value":"(//span[contains(text(), \"Contract Billing\")])[2]"}
RESULT: {"using":"xpath","value":"(//span[contains(text(), \"Contract Billing\")])[2]"}
COMMAND: POST /session/6eb241deac570073510706dc7280b28b/element/f.451C0D83FD0E10390ED4567275622C99.d.638F8166E99CB989FC8765758909E82E.e.21638/click - {}
RESULT: {}
COMMAND: GET /session/6eb241deac570073510706dc7280b28b/screenshot - {}
RESULT: {}
COMMAND: POST /session/6eb241deac570073510706dc7280b28b/element - {"using":"xpath","value":"(//div[contains(@id, \"transportTimesBilled-CbBg\")])"}
RESULT: {"using":"xpath","value":"(//div[contains(@id, \"transportTimesBilled-CbBg\")])"}
COMMAND: POST /session/6eb241deac570073510706dc7280b28b/element/f.451C0D83FD0E10390ED4567275622C99.d.638F8166E99CB989FC8765758909E82E.e.21669/click - {}
RESULT: {}
COMMAND: GET /session/6eb241deac570073510706dc7280b28b/screenshot - {}
RESULT: {}
COMMAND: POST /session/6eb241deac570073510706dc7280b28b/element - {"using":"xpath","value":"(//button[@data-kt=\"saveButton\"])[2]"}
RESULT: {"using":"xpath","value":"(//button[@data-kt=\"saveButton\"])[2]"}
COMMAND: POST /session/6eb241deac570073510706dc7280b28b/element/f.451C0D83FD0E10390ED4567275622C99.d.638F8166E99CB989FC8765758909E82E.e.21670/click - {}
RESULT: {}
COMMAND: GET /session/6eb241deac570073510706dc7280b28b/screenshot - {}
RESULT: {}
]]></system-out>
    </testcase>
    <testcase classname="chrome.135_0_7049_115.windows.Billing_Calculation_-_Time_based_(considering_transport_times)_US139738" name="Should add created equipment to contract" time="53.466">
      <system-out><![CDATA[
COMMAND: POST /session/6eb241deac570073510706dc7280b28b/element - {"using":"xpath","value":"//button[@data-kt=\"contractDetailEditBtnButton\"]"}
RESULT: {"using":"xpath","value":"//button[@data-kt=\"contractDetailEditBtnButton\"]"}
COMMAND: POST /session/6eb241deac570073510706dc7280b28b/element/f.451C0D83FD0E10390ED4567275622C99.d.638F8166E99CB989FC8765758909E82E.e.21581/click - {}
RESULT: {}
COMMAND: GET /session/6eb241deac570073510706dc7280b28b/screenshot - {}
RESULT: {}
COMMAND: POST /session/6eb241deac570073510706dc7280b28b/element - {"using":"xpath","value":"(//span[contains(text(), \"Additional Addresses\")])[2]"}
RESULT: {"using":"xpath","value":"(//span[contains(text(), \"Additional Addresses\")])[2]"}
COMMAND: POST /session/6eb241deac570073510706dc7280b28b/element/f.451C0D83FD0E10390ED4567275622C99.d.638F8166E99CB989FC8765758909E82E.e.21691/click - {}
RESULT: {}
COMMAND: GET /session/6eb241deac570073510706dc7280b28b/screenshot - {}
RESULT: {}
COMMAND: POST /session/6eb241deac570073510706dc7280b28b/element - {"using":"xpath","value":"//button[@data-kt=\"btnAddTableRowOverflowToolbarButton\"]"}
RESULT: {"using":"xpath","value":"//button[@data-kt=\"btnAddTableRowOverflowToolbarButton\"]"}
COMMAND: POST /session/6eb241deac570073510706dc7280b28b/element/f.451C0D83FD0E10390ED4567275622C99.d.638F8166E99CB989FC8765758909E82E.e.21693/click - {}
RESULT: {}
COMMAND: GET /session/6eb241deac570073510706dc7280b28b/screenshot - {}
RESULT: {}
COMMAND: POST /session/6eb241deac570073510706dc7280b28b/element - {"using":"xpath","value":"//div[(text() = 'Standard Entry' or . = 'Standard Entry')]"}
RESULT: {"using":"xpath","value":"//div[(text() = 'Standard Entry' or . = 'Standard Entry')]"}
COMMAND: POST /session/6eb241deac570073510706dc7280b28b/element/f.451C0D83FD0E10390ED4567275622C99.d.638F8166E99CB989FC8765758909E82E.e.21695/click - {}
RESULT: {}
COMMAND: GET /session/6eb241deac570073510706dc7280b28b/screenshot - {}
RESULT: {}
COMMAND: POST /session/6eb241deac570073510706dc7280b28b/element - {"using":"xpath","value":"//td[7]/div/div/input"}
RESULT: {"using":"xpath","value":"//td[7]/div/div/input"}
COMMAND: POST /session/6eb241deac570073510706dc7280b28b/element/f.451C0D83FD0E10390ED4567275622C99.d.638F8166E99CB989FC8765758909E82E.e.21704/clear - {}
RESULT: {}
COMMAND: POST /session/6eb241deac570073510706dc7280b28b/element/f.451C0D83FD0E10390ED4567275622C99.d.638F8166E99CB989FC8765758909E82E.e.21704/value - {"text":"bPwd59DXAT"}
COMMAND: GET /session/6eb241deac570073510706dc7280b28b/screenshot - {}
RESULT: {"text":"bPwd59DXAT"}
COMMAND: GET /session/6eb241deac570073510706dc7280b28b/screenshot - {}
RESULT: {}
RESULT: {}
COMMAND: POST /session/6eb241deac570073510706dc7280b28b/actions - {"actions":[{"id":"action76","type":"key","parameters":{},"actions":[{"type":"keyDown","value":"î€‡"},{"type":"pause","duration":10},{"type":"keyUp","value":"î€‡"}]}]}
RESULT: {"actions":[{"id":"action76","type":"key","parameters":{},"actions":[{"type":"keyDown","value":"î€‡"},{"type":"pause","duration":10},{"type":"keyUp","value":"î€‡"}]}]}
COMMAND: GET /session/6eb241deac570073510706dc7280b28b/screenshot - {}
RESULT: {}
COMMAND: POST /session/6eb241deac570073510706dc7280b28b/execute/sync - {"script":"<script> [276 bytes]","args":["No pricing information was found"]}
RESULT: {"script":"<script> [276 bytes]","args":["No pricing information was found"]}
COMMAND: POST /session/6eb241deac570073510706dc7280b28b/element - {"using":"xpath","value":"(//button[@data-kt=\"saveButton\"])[2]"}
COMMAND: GET /session/6eb241deac570073510706dc7280b28b/screenshot - {}
RESULT: {"using":"xpath","value":"(//button[@data-kt=\"saveButton\"])[2]"}
COMMAND: POST /session/6eb241deac570073510706dc7280b28b/element/f.451C0D83FD0E10390ED4567275622C99.d.638F8166E99CB989FC8765758909E82E.e.21670/click - {}
RESULT: {}
RESULT: {}
COMMAND: GET /session/6eb241deac570073510706dc7280b28b/screenshot - {}
RESULT: {}
COMMAND: POST /session/6eb241deac570073510706dc7280b28b/execute/sync - {"script":"<script> [276 bytes]","args":["Some contract items are having rental validity exceeding header rental validity"]}
RESULT: {"script":"<script> [276 bytes]","args":["Some contract items are having rental validity exceeding header rental validity"]}
COMMAND: GET /session/6eb241deac570073510706dc7280b28b/screenshot - {}
RESULT: {}
COMMAND: POST /session/6eb241deac570073510706dc7280b28b/element - {"using":"xpath","value":"//span[contains(@id ,\"contractItemsSmartTable-header-inner\")]"}
RESULT: {"using":"xpath","value":"//span[contains(@id ,\"contractItemsSmartTable-header-inner\")]"}
COMMAND: POST /session/6eb241deac570073510706dc7280b28b/elements - {"using":"xpath","value":"//span[contains(@id ,\"contractItemsSmartTable-header-inner\")]"}
RESULT: {"using":"xpath","value":"//span[contains(@id ,\"contractItemsSmartTable-header-inner\")]"}
COMMAND: POST /session/6eb241deac570073510706dc7280b28b/execute/sync - {"script":"<script> [56 bytes]","args":[{"element-6066-11e4-a52e-4f735466cecf":"f.451C0D83FD0E10390ED4567275622C99.d.638F8166E99CB989FC8765758909E82E.e.21724","ELEMENT":"f.451C0D83FD0E10390ED4567275622C99.d.638F8166E99CB989FC8765758909E82E.e.21724"}]}
RESULT: {"script":"<script> [56 bytes]","args":[{"element-6066-11e4-a52e-4f735466cecf":"f.451C0D83FD0E10390ED4567275622C99.d.638F8166E99CB989FC8765758909E82E.e.21724","ELEMENT":"f.451C0D83FD0E10390ED4567275622C99.d.638F8166E99CB989FC8765758909E82E.e.21724"}]}
COMMAND: GET /session/6eb241deac570073510706dc7280b28b/screenshot - {}
]]></system-out>
    </testcase>
    <testcase classname="chrome.135_0_7049_115.windows.Billing_Calculation_-_Time_based_(considering_transport_times)_US139738" name="Should do a provide to site 2 step" time="150.7">
      <system-out><![CDATA[
COMMAND: POST /session/6eb241deac570073510706dc7280b28b/element - {"using":"xpath","value":"//button[@data-kt=\"provideButton\"]"}
RESULT: {}
RESULT: {"using":"xpath","value":"//button[@data-kt=\"provideButton\"]"}
COMMAND: POST /session/6eb241deac570073510706dc7280b28b/element/f.451C0D83FD0E10390ED4567275622C99.d.638F8166E99CB989FC8765758909E82E.e.21725/click - {}
RESULT: {}
COMMAND: GET /session/6eb241deac570073510706dc7280b28b/screenshot - {}
RESULT: {}
COMMAND: POST /session/6eb241deac570073510706dc7280b28b/element - {"using":"xpath","value":"(//div[contains(@id, \"application-managehandovers-display-component---AddNewHO--oneStep-CbBg\")])"}
RESULT: {"using":"xpath","value":"(//div[contains(@id, \"application-managehandovers-display-component---AddNewHO--oneStep-CbBg\")])"}
COMMAND: POST /session/6eb241deac570073510706dc7280b28b/element - {"using":"xpath","value":"(//div[contains(@id, \"application-managehandovers-display-component---AddNewHO--oneStep-CbBg\")])/input"}
RESULT: {"using":"xpath","value":"(//div[contains(@id, \"application-managehandovers-display-component---AddNewHO--oneStep-CbBg\")])/input"}
COMMAND: GET /session/6eb241deac570073510706dc7280b28b/element/f.451C0D83FD0E10390ED4567275622C99.d.638F8166E99CB989FC8765758909E82E.e.21805/attribute/checked - {}
RESULT: {}
RESULT: undefined
COMMAND: POST /session/6eb241deac570073510706dc7280b28b/execute/async - {"script":"<script> [6424 bytes]","args":[{"element-6066-11e4-a52e-4f735466cecf":"f.451C0D83FD0E10390ED4567275622C99.d.638F8166E99CB989FC8765758909E82E.e.20575"},"setValue",["05/06/2025"]]}
COMMAND: POST /session/6eb241deac570073510706dc7280b28b/element/f.451C0D83FD0E10390ED4567275622C99.d.638F8166E99CB989FC8765758909E82E.e.22040/click - {}
COMMAND: POST /session/6eb241deac570073510706dc7280b28b/execute/async - {"script":"<script> [1562 bytes]","args":[{"selector":{"id":"application-managehandovers-display-component---AddNewHO--dueDate","interaction":{"idSuffix":"inner"}},"wdio_ui5_key":"applicationmanagehandovers-display-component---AddNewHO--dueDate"}]}
RESULT: {}
COMMAND: GET /session/6eb241deac570073510706dc7280b28b/screenshot - {}
RESULT: {"script":"<script> [1562 bytes]","args":[{"selector":{"id":"application-managehandovers-display-component---AddNewHO--dueDate","interaction":{"idSuffix":"inner"}},"wdio_ui5_key":"applicationmanagehandovers-display-component---AddNewHO--dueDate"}]}
COMMAND: POST /session/6eb241deac570073510706dc7280b28b/execute/async - {"script":"<script> [6424 bytes]","args":[{"element-6066-11e4-a52e-4f735466cecf":"f.451C0D83FD0E10390ED4567275622C99.d.638F8166E99CB989FC8765758909E82E.e.21801"},"setValue",["05/06/2025"]]}
RESULT: {}
RESULT: {"script":"<script> [6424 bytes]","args":[{"element-6066-11e4-a52e-4f735466cecf":"f.451C0D83FD0E10390ED4567275622C99.d.638F8166E99CB989FC8765758909E82E.e.21801"},"setValue",["05/06/2025"]]}
COMMAND: POST /session/6eb241deac570073510706dc7280b28b/element - {"using":"xpath","value":"//bdi[contains(text(), \"Instructions\")]"}
RESULT: {"using":"xpath","value":"//bdi[contains(text(), \"Instructions\")]"}
COMMAND: POST /session/6eb241deac570073510706dc7280b28b/element/f.451C0D83FD0E10390ED4567275622C99.d.638F8166E99CB989FC8765758909E82E.e.22042/click - {}
RESULT: {}
COMMAND: GET /session/6eb241deac570073510706dc7280b28b/screenshot - {}
RESULT: {}
COMMAND: POST /session/6eb241deac570073510706dc7280b28b/element - {"using":"xpath","value":"//button[@data-kt=\"AddNewHOProvideAddItemsButton\"]"}
RESULT: {"using":"xpath","value":"//button[@data-kt=\"AddNewHOProvideAddItemsButton\"]"}
COMMAND: POST /session/6eb241deac570073510706dc7280b28b/element/f.451C0D83FD0E10390ED4567275622C99.d.638F8166E99CB989FC8765758909E82E.e.22046/click - {}
RESULT: {}
COMMAND: GET /session/6eb241deac570073510706dc7280b28b/screenshot - {}
RESULT: {}
RESULT: undefined
COMMAND: POST /session/6eb241deac570073510706dc7280b28b/element - {"using":"xpath","value":"//*[@id=\"application-managehandovers-display-component---AddNewHO--popup-sa\"]"}
RESULT: {"using":"xpath","value":"//*[@id=\"application-managehandovers-display-component---AddNewHO--popup-sa\"]"}
COMMAND: POST /session/6eb241deac570073510706dc7280b28b/element/f.451C0D83FD0E10390ED4567275622C99.d.638F8166E99CB989FC8765758909E82E.e.22056/click - {}
RESULT: {}
COMMAND: GET /session/6eb241deac570073510706dc7280b28b/screenshot - {}
RESULT: {}
COMMAND: POST /session/6eb241deac570073510706dc7280b28b/element - {"using":"xpath","value":"//*[contains(@id ,\"BDI-content\")][contains(text(), \"Select\")]"}
RESULT: {"using":"xpath","value":"//*[contains(@id ,\"BDI-content\")][contains(text(), \"Select\")]"}
COMMAND: POST /session/6eb241deac570073510706dc7280b28b/element/f.451C0D83FD0E10390ED4567275622C99.d.638F8166E99CB989FC8765758909E82E.e.22057/click - {}
RESULT: {}
COMMAND: GET /session/6eb241deac570073510706dc7280b28b/screenshot - {}
RESULT: {}
COMMAND: POST /session/6eb241deac570073510706dc7280b28b/execute/async - {"script":"<script> [1562 bytes]","args":[{"selector":{"id":"application-managehandovers-display-component---AddNewHO--confirmCreationButton","interaction":{"idSuffix":"BDI-content"}},"wdio_ui5_key":"applicationmanagehandovers-display-component---AddNewHO--confirmCreationButton"}]}
RESULT: {"script":"<script> [1562 bytes]","args":[{"selector":{"id":"application-managehandovers-display-component---AddNewHO--confirmCreationButton","interaction":{"idSuffix":"BDI-content"}},"wdio_ui5_key":"applicationmanagehandovers-display-component---AddNewHO--confirmCreationButton"}]}
RESULT: undefined
COMMAND: POST /session/6eb241deac570073510706dc7280b28b/element - {"using":"xpath","value":"//*[@id=\"application-managehandovers-display-component---AddNewHO--confirmCreationButton\"]"}
RESULT: {"using":"xpath","value":"//*[@id=\"application-managehandovers-display-component---AddNewHO--confirmCreationButton\"]"}
COMMAND: POST /session/6eb241deac570073510706dc7280b28b/element/f.451C0D83FD0E10390ED4567275622C99.d.638F8166E99CB989FC8765758909E82E.e.21848/click - {}
RESULT: {}
COMMAND: GET /session/6eb241deac570073510706dc7280b28b/screenshot - {}
COMMAND: POST /session/6eb241deac570073510706dc7280b28b/element - {"using":"xpath","value":"//button[@data-kt=\"PickingTableConfirmAllButton\"]"}
RESULT: {}
RESULT: {"using":"xpath","value":"//button[@data-kt=\"PickingTableConfirmAllButton\"]"}
COMMAND: POST /session/6eb241deac570073510706dc7280b28b/elements - {"using":"xpath","value":"//button[@data-kt=\"PickingTableConfirmAllButton\"]"}
RESULT: {"using":"xpath","value":"//button[@data-kt=\"PickingTableConfirmAllButton\"]"}
COMMAND: POST /session/6eb241deac570073510706dc7280b28b/elements - {"using":"xpath","value":"//button[@data-kt=\"PickingTableConfirmAllButton\"]"}
RESULT: {"using":"xpath","value":"//button[@data-kt=\"PickingTableConfirmAllButton\"]"}
COMMAND: POST /session/6eb241deac570073510706dc7280b28b/elements - {"using":"xpath","value":"//button[@data-kt=\"PickingTableConfirmAllButton\"]"}
RESULT: {"using":"xpath","value":"//button[@data-kt=\"PickingTableConfirmAllButton\"]"}
COMMAND: POST /session/6eb241deac570073510706dc7280b28b/element - {"using":"xpath","value":"//button[@data-kt=\"PickingTableConfirmAllButton\"]"}
RESULT: {"using":"xpath","value":"//button[@data-kt=\"PickingTableConfirmAllButton\"]"}
COMMAND: POST /session/6eb241deac570073510706dc7280b28b/element/f.451C0D83FD0E10390ED4567275622C99.d.638F8166E99CB989FC8765758909E82E.e.22095/click - {}
COMMAND: POST /session/6eb241deac570073510706dc7280b28b/element - {"using":"xpath","value":"//button[@data-kt=\"PickingTableConfirmAllButton\"]"}
RESULT: {"using":"xpath","value":"//button[@data-kt=\"PickingTableConfirmAllButton\"]"}
COMMAND: POST /session/6eb241deac570073510706dc7280b28b/element/f.451C0D83FD0E10390ED4567275622C99.d.638F8166E99CB989FC8765758909E82E.e.22095/click - {}
COMMAND: POST /session/6eb241deac570073510706dc7280b28b/element - {"using":"xpath","value":"//button[@data-kt=\"PickingTableConfirmAllButton\"]"}
RESULT: {"using":"xpath","value":"//button[@data-kt=\"PickingTableConfirmAllButton\"]"}
COMMAND: POST /session/6eb241deac570073510706dc7280b28b/element/f.451C0D83FD0E10390ED4567275622C99.d.638F8166E99CB989FC8765758909E82E.e.22119/click - {}
RESULT: {}
COMMAND: GET /session/6eb241deac570073510706dc7280b28b/screenshot - {}
RESULT: {}
COMMAND: POST /session/6eb241deac570073510706dc7280b28b/element - {"using":"xpath","value":"//bdi[contains(text(), \"OK\")]"}
RESULT: {"using":"xpath","value":"//bdi[contains(text(), \"OK\")]"}
COMMAND: POST /session/6eb241deac570073510706dc7280b28b/element/f.451C0D83FD0E10390ED4567275622C99.d.638F8166E99CB989FC8765758909E82E.e.22122/click - {}
RESULT: {}
COMMAND: GET /session/6eb241deac570073510706dc7280b28b/screenshot - {}
RESULT: {}
COMMAND: POST /session/6eb241deac570073510706dc7280b28b/element - {"using":"xpath","value":"//button[@data-kt=\"execHoPickButton\"]"}
RESULT: {"using":"xpath","value":"//button[@data-kt=\"execHoPickButton\"]"}
COMMAND: POST /session/6eb241deac570073510706dc7280b28b/element/f.451C0D83FD0E10390ED4567275622C99.d.638F8166E99CB989FC8765758909E82E.e.22124/click - {}
RESULT: {}
COMMAND: GET /session/6eb241deac570073510706dc7280b28b/screenshot - {}
RESULT: {}
COMMAND: POST /session/6eb241deac570073510706dc7280b28b/element - {"using":"xpath","value":"//span[contains(@id ,\"filterItemControl_BASIC-RECEIVE_CONTRACT-vhi\")]"}
RESULT: {"using":"xpath","value":"//span[contains(@id ,\"filterItemControl_BASIC-RECEIVE_CONTRACT-vhi\")]"}
COMMAND: POST /session/6eb241deac570073510706dc7280b28b/element/f.451C0D83FD0E10390ED4567275622C99.d.638F8166E99CB989FC8765758909E82E.e.22300/click - {}
RESULT: {}
COMMAND: GET /session/6eb241deac570073510706dc7280b28b/screenshot - {}
RESULT: {}
COMMAND: POST /session/6eb241deac570073510706dc7280b28b/execute/async - {"script":"<script> [1562 bytes]","args":[{"selector":{"controlType":"sap.m.SearchField","viewName":"etm.portal.ui.managehandovers.view.MasterHO","bindingPath":{"path":"","propertyPath":"/_BASIC_SEARCH_FIELD","modelName":"fi1t3rM0d31"},"searchOpenDialogs":true,"interaction":{"idSuffix":"I"}},"wdio_ui5_key":"etmportal.ui.managehandovers.view.MasterHOsap.m.SearchField{\"path\":\"\",\"propertyPath\":\"/_BASIC_SEARCH_FIELD\",\"modelName\":\"fi1t3rM0d31\"}"}]}
RESULT: {"script":"<script> [1562 bytes]","args":[{"selector":{"controlType":"sap.m.SearchField","viewName":"etm.portal.ui.managehandovers.view.MasterHO","bindingPath":{"path":"","propertyPath":"/_BASIC_SEARCH_FIELD","modelName":"fi1t3rM0d31"},"searchOpenDialogs":true,"interaction":{"idSuffix":"I"}},"wdio_ui5_key":"etmportal.ui.managehandovers.view.MasterHOsap.m.SearchField{\"path\":\"\",\"propertyPath\":\"/_BASIC_SEARCH_FIELD\",\"modelName\":\"fi1t3rM0d31\"}"}]}
RESULT: undefined
COMMAND: POST /session/6eb241deac570073510706dc7280b28b/execute/async - {"script":"<script> [776 bytes]","args":[{"enterText":"10599","selector":{"controlType":"sap.m.SearchField","viewName":"etm.portal.ui.managehandovers.view.MasterHO","bindingPath":{"path":"","propertyPath":"/_BASIC_SEARCH_FIELD","modelName":"fi1t3rM0d31"},"searchOpenDialogs":true,"interaction":{"idSuffix":"I"}},"clearTextFirst":true,"interactionType":"ENTER_TEXT"}]}
RESULT: {"script":"<script> [776 bytes]","args":[{"enterText":"10599","selector":{"controlType":"sap.m.SearchField","viewName":"etm.portal.ui.managehandovers.view.MasterHO","bindingPath":{"path":"","propertyPath":"/_BASIC_SEARCH_FIELD","modelName":"fi1t3rM0d31"},"searchOpenDialogs":true,"interaction":{"idSuffix":"I"}},"clearTextFirst":true,"interactionType":"ENTER_TEXT"}]}
COMMAND: POST /session/6eb241deac570073510706dc7280b28b/actions - {"actions":[{"id":"action77","type":"key","parameters":{},"actions":[{"type":"keyDown","value":"î€‡"},{"type":"pause","duration":10},{"type":"keyUp","value":"î€‡"}]}]}
RESULT: {"actions":[{"id":"action77","type":"key","parameters":{},"actions":[{"type":"keyDown","value":"î€‡"},{"type":"pause","duration":10},{"type":"keyUp","value":"î€‡"}]}]}
COMMAND: GET /session/6eb241deac570073510706dc7280b28b/screenshot - {}
RESULT: {}
COMMAND: POST /session/6eb241deac570073510706dc7280b28b/element - {"using":"xpath","value":"//div[contains(@id, 'filterItemControl_BASIC-RECEIVE_CONTRACT-valueHelpDialog-table-rowsel0')]"}
RESULT: {"using":"xpath","value":"//div[contains(@id, 'filterItemControl_BASIC-RECEIVE_CONTRACT-valueHelpDialog-table-rowsel0')]"}
COMMAND: POST /session/6eb241deac570073510706dc7280b28b/element/f.451C0D83FD0E10390ED4567275622C99.d.638F8166E99CB989FC8765758909E82E.e.22310/click - {}
RESULT: {}
COMMAND: GET /session/6eb241deac570073510706dc7280b28b/screenshot - {}
RESULT: {}
COMMAND: POST /session/6eb241deac570073510706dc7280b28b/element - {"using":"xpath","value":"//bdi[contains(text(), \"OK\")]"}
RESULT: {"using":"xpath","value":"//bdi[contains(text(), \"OK\")]"}
COMMAND: POST /session/6eb241deac570073510706dc7280b28b/element/f.451C0D83FD0E10390ED4567275622C99.d.638F8166E99CB989FC8765758909E82E.e.22312/click - {}
RESULT: {}
COMMAND: GET /session/6eb241deac570073510706dc7280b28b/screenshot - {}
RESULT: {}
COMMAND: POST /session/6eb241deac570073510706dc7280b28b/element - {"using":"xpath","value":"//span[contains(@id, \"smartTable-header-inner\")]"}
RESULT: {"using":"xpath","value":"//span[contains(@id, \"smartTable-header-inner\")]"}
COMMAND: POST /session/6eb241deac570073510706dc7280b28b/elements - {"using":"xpath","value":"//span[contains(@id, \"smartTable-header-inner\")]"}
RESULT: {"using":"xpath","value":"//span[contains(@id, \"smartTable-header-inner\")]"}
COMMAND: POST /session/6eb241deac570073510706dc7280b28b/execute/sync - {"script":"<script> [56 bytes]","args":[{"element-6066-11e4-a52e-4f735466cecf":"f.451C0D83FD0E10390ED4567275622C99.d.638F8166E99CB989FC8765758909E82E.e.22341","ELEMENT":"f.451C0D83FD0E10390ED4567275622C99.d.638F8166E99CB989FC8765758909E82E.e.22341"}]}
RESULT: {"script":"<script> [56 bytes]","args":[{"element-6066-11e4-a52e-4f735466cecf":"f.451C0D83FD0E10390ED4567275622C99.d.638F8166E99CB989FC8765758909E82E.e.22341","ELEMENT":"f.451C0D83FD0E10390ED4567275622C99.d.638F8166E99CB989FC8765758909E82E.e.22341"}]}
COMMAND: POST /session/6eb241deac570073510706dc7280b28b/element - {"using":"xpath","value":"//table[contains(@id, \"customHandovers\")]//tbody/tr[1]/td[2]/span"}
COMMAND: GET /session/6eb241deac570073510706dc7280b28b/screenshot - {}
RESULT: {"using":"xpath","value":"//table[contains(@id, \"customHandovers\")]//tbody/tr[1]/td[2]/span"}
COMMAND: POST /session/6eb241deac570073510706dc7280b28b/execute/sync - {"script":"<script> [56 bytes]","args":[{"element-6066-11e4-a52e-4f735466cecf":"f.451C0D83FD0E10390ED4567275622C99.d.638F8166E99CB989FC8765758909E82E.e.22342","ELEMENT":"f.451C0D83FD0E10390ED4567275622C99.d.638F8166E99CB989FC8765758909E82E.e.22342"}]}
RESULT: {}
RESULT: {"script":"<script> [56 bytes]","args":[{"element-6066-11e4-a52e-4f735466cecf":"f.451C0D83FD0E10390ED4567275622C99.d.638F8166E99CB989FC8765758909E82E.e.22342","ELEMENT":"f.451C0D83FD0E10390ED4567275622C99.d.638F8166E99CB989FC8765758909E82E.e.22342"}]}
COMMAND: POST /session/6eb241deac570073510706dc7280b28b/element - {"using":"xpath","value":"(//span[contains(@id, \"imgNav\")])[1]"}
COMMAND: GET /session/6eb241deac570073510706dc7280b28b/screenshot - {}
RESULT: {"using":"xpath","value":"(//span[contains(@id, \"imgNav\")])[1]"}
COMMAND: POST /session/6eb241deac570073510706dc7280b28b/element/f.451C0D83FD0E10390ED4567275622C99.d.638F8166E99CB989FC8765758909E82E.e.22339/click - {}
RESULT: {}
RESULT: {}
COMMAND: GET /session/6eb241deac570073510706dc7280b28b/screenshot - {}
RESULT: {}
COMMAND: POST /session/6eb241deac570073510706dc7280b28b/element - {"using":"xpath","value":"//button[@data-kt=\"PickingTableConfirmAllButton\"]"}
RESULT: {"using":"xpath","value":"//button[@data-kt=\"PickingTableConfirmAllButton\"]"}
COMMAND: POST /session/6eb241deac570073510706dc7280b28b/element/f.451C0D83FD0E10390ED4567275622C99.d.638F8166E99CB989FC8765758909E82E.e.22382/click - {}
RESULT: {}
COMMAND: GET /session/6eb241deac570073510706dc7280b28b/screenshot - {}
RESULT: {}
COMMAND: POST /session/6eb241deac570073510706dc7280b28b/element - {"using":"xpath","value":"//bdi[contains(text(), \"OK\")]"}
RESULT: {"using":"xpath","value":"//bdi[contains(text(), \"OK\")]"}
COMMAND: POST /session/6eb241deac570073510706dc7280b28b/element/f.451C0D83FD0E10390ED4567275622C99.d.638F8166E99CB989FC8765758909E82E.e.22394/click - {}
RESULT: {}
COMMAND: GET /session/6eb241deac570073510706dc7280b28b/screenshot - {}
RESULT: {}
COMMAND: POST /session/6eb241deac570073510706dc7280b28b/element - {"using":"xpath","value":"//button[@data-kt=\"execHoIssueButton\"]"}
RESULT: {"using":"xpath","value":"//button[@data-kt=\"execHoIssueButton\"]"}
COMMAND: POST /session/6eb241deac570073510706dc7280b28b/element/f.451C0D83FD0E10390ED4567275622C99.d.638F8166E99CB989FC8765758909E82E.e.22396/click - {}
RESULT: {}
COMMAND: GET /session/6eb241deac570073510706dc7280b28b/screenshot - {}
RESULT: {}
COMMAND: POST /session/6eb241deac570073510706dc7280b28b/element - {"using":"xpath","value":"//input[contains(@id ,\"smartFilterBar-btnBasicSearch-I\")]"}
RESULT: {"using":"xpath","value":"//input[contains(@id ,\"smartFilterBar-btnBasicSearch-I\")]"}
COMMAND: POST /session/6eb241deac570073510706dc7280b28b/elements - {"using":"xpath","value":"//input[contains(@id ,\"smartFilterBar-btnBasicSearch-I\")]"}
RESULT: {"using":"xpath","value":"//input[contains(@id ,\"smartFilterBar-btnBasicSearch-I\")]"}
COMMAND: POST /session/6eb241deac570073510706dc7280b28b/execute/sync - {"script":"<script> [8489 bytes]","args":[{"element-6066-11e4-a52e-4f735466cecf":"f.451C0D83FD0E10390ED4567275622C99.d.638F8166E99CB989FC8765758909E82E.e.21800","ELEMENT":"f.451C0D83FD0E10390ED4567275622C99.d.638F8166E99CB989FC8765758909E82E.e.21800"}]}
RESULT: {"script":"<script> [8489 bytes]","args":[{"element-6066-11e4-a52e-4f735466cecf":"f.451C0D83FD0E10390ED4567275622C99.d.638F8166E99CB989FC8765758909E82E.e.21800","ELEMENT":"f.451C0D83FD0E10390ED4567275622C99.d.638F8166E99CB989FC8765758909E82E.e.21800"}]}
COMMAND: GET /session/6eb241deac570073510706dc7280b28b/element/f.451C0D83FD0E10390ED4567275622C99.d.638F8166E99CB989FC8765758909E82E.e.21800/enabled - {}
COMMAND: GET /session/6eb241deac570073510706dc7280b28b/screenshot - {}
RESULT: {}
COMMAND: POST /session/6eb241deac570073510706dc7280b28b/element/f.451C0D83FD0E10390ED4567275622C99.d.638F8166E99CB989FC8765758909E82E.e.21800/clear - {}
COMMAND: GET /session/6eb241deac570073510706dc7280b28b/screenshot - {}
RESULT: {}
RESULT: {}
COMMAND: POST /session/6eb241deac570073510706dc7280b28b/element/f.451C0D83FD0E10390ED4567275622C99.d.638F8166E99CB989FC8765758909E82E.e.21800/value - {"text":"30906"}
COMMAND: GET /session/6eb241deac570073510706dc7280b28b/screenshot - {}
RESULT: {}
RESULT: {"text":"30906"}
COMMAND: GET /session/6eb241deac570073510706dc7280b28b/screenshot - {}
RESULT: {}
RESULT: {}
COMMAND: POST /session/6eb241deac570073510706dc7280b28b/actions - {"actions":[{"id":"action78","type":"key","parameters":{},"actions":[{"type":"keyDown","value":"î€‡"},{"type":"pause","duration":10},{"type":"keyUp","value":"î€‡"}]}]}
RESULT: {"actions":[{"id":"action78","type":"key","parameters":{},"actions":[{"type":"keyDown","value":"î€‡"},{"type":"pause","duration":10},{"type":"keyUp","value":"î€‡"}]}]}
COMMAND: GET /session/6eb241deac570073510706dc7280b28b/screenshot - {}
RESULT: {}
COMMAND: POST /session/6eb241deac570073510706dc7280b28b/element - {"using":"xpath","value":"//span[contains(@id, \"smartTable-header-inner\")]"}
RESULT: {"using":"xpath","value":"//span[contains(@id, \"smartTable-header-inner\")]"}
COMMAND: POST /session/6eb241deac570073510706dc7280b28b/elements - {"using":"xpath","value":"//span[contains(@id, \"smartTable-header-inner\")]"}
RESULT: {"using":"xpath","value":"//span[contains(@id, \"smartTable-header-inner\")]"}
COMMAND: POST /session/6eb241deac570073510706dc7280b28b/execute/sync - {"script":"<script> [56 bytes]","args":[{"element-6066-11e4-a52e-4f735466cecf":"f.451C0D83FD0E10390ED4567275622C99.d.638F8166E99CB989FC8765758909E82E.e.22341","ELEMENT":"f.451C0D83FD0E10390ED4567275622C99.d.638F8166E99CB989FC8765758909E82E.e.22341"}]}
RESULT: {"script":"<script> [56 bytes]","args":[{"element-6066-11e4-a52e-4f735466cecf":"f.451C0D83FD0E10390ED4567275622C99.d.638F8166E99CB989FC8765758909E82E.e.22341","ELEMENT":"f.451C0D83FD0E10390ED4567275622C99.d.638F8166E99CB989FC8765758909E82E.e.22341"}]}
COMMAND: POST /session/6eb241deac570073510706dc7280b28b/elements - {"using":"xpath","value":"//thead[contains(@class, \"sapMTableTH\")]/tr/th"}
COMMAND: GET /session/6eb241deac570073510706dc7280b28b/screenshot - {}
RESULT: {"using":"xpath","value":"//thead[contains(@class, \"sapMTableTH\")]/tr/th"}
COMMAND: GET /session/6eb241deac570073510706dc7280b28b/element/f.451C0D83FD0E10390ED4567275622C99.d.638F8166E99CB989FC8765758909E82E.e.22430/text - {}
RESULT: {}
RESULT: {}
COMMAND: GET /session/6eb241deac570073510706dc7280b28b/element/f.451C0D83FD0E10390ED4567275622C99.d.638F8166E99CB989FC8765758909E82E.e.22431/text - {}
RESULT: {}
COMMAND: GET /session/6eb241deac570073510706dc7280b28b/element/f.451C0D83FD0E10390ED4567275622C99.d.638F8166E99CB989FC8765758909E82E.e.21794/text - {}
RESULT: {}
COMMAND: GET /session/6eb241deac570073510706dc7280b28b/element/f.451C0D83FD0E10390ED4567275622C99.d.638F8166E99CB989FC8765758909E82E.e.21796/text - {}
RESULT: {}
COMMAND: GET /session/6eb241deac570073510706dc7280b28b/element/f.451C0D83FD0E10390ED4567275622C99.d.638F8166E99CB989FC8765758909E82E.e.22399/text - {}
RESULT: {}
COMMAND: GET /session/6eb241deac570073510706dc7280b28b/element/f.451C0D83FD0E10390ED4567275622C99.d.638F8166E99CB989FC8765758909E82E.e.22400/text - {}
RESULT: {}
COMMAND: GET /session/6eb241deac570073510706dc7280b28b/element/f.451C0D83FD0E10390ED4567275622C99.d.638F8166E99CB989FC8765758909E82E.e.22401/text - {}
RESULT: {}
COMMAND: GET /session/6eb241deac570073510706dc7280b28b/element/f.451C0D83FD0E10390ED4567275622C99.d.638F8166E99CB989FC8765758909E82E.e.22402/text - {}
RESULT: {}
COMMAND: GET /session/6eb241deac570073510706dc7280b28b/element/f.451C0D83FD0E10390ED4567275622C99.d.638F8166E99CB989FC8765758909E82E.e.22403/text - {}
RESULT: {}
COMMAND: GET /session/6eb241deac570073510706dc7280b28b/element/f.451C0D83FD0E10390ED4567275622C99.d.638F8166E99CB989FC8765758909E82E.e.22404/text - {}
RESULT: {}
COMMAND: GET /session/6eb241deac570073510706dc7280b28b/element/f.451C0D83FD0E10390ED4567275622C99.d.638F8166E99CB989FC8765758909E82E.e.22405/text - {}
RESULT: {}
COMMAND: GET /session/6eb241deac570073510706dc7280b28b/element/f.451C0D83FD0E10390ED4567275622C99.d.638F8166E99CB989FC8765758909E82E.e.22406/text - {}
RESULT: {}
COMMAND: GET /session/6eb241deac570073510706dc7280b28b/element/f.451C0D83FD0E10390ED4567275622C99.d.638F8166E99CB989FC8765758909E82E.e.22407/text - {}
RESULT: {}
COMMAND: GET /session/6eb241deac570073510706dc7280b28b/element/f.451C0D83FD0E10390ED4567275622C99.d.638F8166E99CB989FC8765758909E82E.e.21797/text - {}
RESULT: {}
COMMAND: POST /session/6eb241deac570073510706dc7280b28b/element - {"using":"xpath","value":"//tbody[contains(@id, \"customHandoversTable-tblBody\")]/tr[1]/td[14]/div/span"}
RESULT: {"using":"xpath","value":"//tbody[contains(@id, \"customHandoversTable-tblBody\")]/tr[1]/td[14]/div/span"}
COMMAND: POST /session/6eb241deac570073510706dc7280b28b/execute/sync - {"script":"<script> [56 bytes]","args":[{"element-6066-11e4-a52e-4f735466cecf":"f.451C0D83FD0E10390ED4567275622C99.d.638F8166E99CB989FC8765758909E82E.e.22483","ELEMENT":"f.451C0D83FD0E10390ED4567275622C99.d.638F8166E99CB989FC8765758909E82E.e.22483"}]}
RESULT: {"script":"<script> [56 bytes]","args":[{"element-6066-11e4-a52e-4f735466cecf":"f.451C0D83FD0E10390ED4567275622C99.d.638F8166E99CB989FC8765758909E82E.e.22483","ELEMENT":"f.451C0D83FD0E10390ED4567275622C99.d.638F8166E99CB989FC8765758909E82E.e.22483"}]}
COMMAND: POST /session/6eb241deac570073510706dc7280b28b/element - {"using":"xpath","value":"(//span[contains(@id, \"imgNav\")])[1]"}
COMMAND: GET /session/6eb241deac570073510706dc7280b28b/screenshot - {}
RESULT: {"using":"xpath","value":"(//span[contains(@id, \"imgNav\")])[1]"}
COMMAND: POST /session/6eb241deac570073510706dc7280b28b/element/f.451C0D83FD0E10390ED4567275622C99.d.638F8166E99CB989FC8765758909E82E.e.22484/click - {}
RESULT: {}
RESULT: {}
COMMAND: GET /session/6eb241deac570073510706dc7280b28b/screenshot - {}
RESULT: {}
RESULT: undefined
COMMAND: POST /session/6eb241deac570073510706dc7280b28b/execute/async - {"script":"<script> [776 bytes]","args":[{"enterText":"05/13/25","selector":{"id":"receiptDatePicker","viewName":"etm.portal.ui.managehandovers.view.DetailExecuteHO","interaction":{"idSuffix":"inner"}},"clearTextFirst":true,"interactionType":"ENTER_TEXT"}]}
RESULT: {"script":"<script> [776 bytes]","args":[{"enterText":"05/13/25","selector":{"id":"receiptDatePicker","viewName":"etm.portal.ui.managehandovers.view.DetailExecuteHO","interaction":{"idSuffix":"inner"}},"clearTextFirst":true,"interactionType":"ENTER_TEXT"}]}
COMMAND: POST /session/6eb241deac570073510706dc7280b28b/element - {"using":"xpath","value":"//button[@data-kt=\"PickingTableConfirmAllButton\"]"}
RESULT: {"using":"xpath","value":"//button[@data-kt=\"PickingTableConfirmAllButton\"]"}
COMMAND: POST /session/6eb241deac570073510706dc7280b28b/element/f.451C0D83FD0E10390ED4567275622C99.d.638F8166E99CB989FC8765758909E82E.e.22507/click - {}
RESULT: {}
COMMAND: GET /session/6eb241deac570073510706dc7280b28b/screenshot - {}
RESULT: {}
COMMAND: POST /session/6eb241deac570073510706dc7280b28b/element - {"using":"xpath","value":"//bdi[contains(text(), \"OK\")]"}
RESULT: {"using":"xpath","value":"//bdi[contains(text(), \"OK\")]"}
COMMAND: POST /session/6eb241deac570073510706dc7280b28b/element/f.451C0D83FD0E10390ED4567275622C99.d.638F8166E99CB989FC8765758909E82E.e.22522/click - {}
RESULT: {}
COMMAND: GET /session/6eb241deac570073510706dc7280b28b/screenshot - {}
RESULT: {}
COMMAND: POST /session/6eb241deac570073510706dc7280b28b/element - {"using":"xpath","value":"//button[@data-kt= \"execHoReceiveButton\"]"}
RESULT: {"using":"xpath","value":"//button[@data-kt= \"execHoReceiveButton\"]"}
COMMAND: POST /session/6eb241deac570073510706dc7280b28b/element/f.451C0D83FD0E10390ED4567275622C99.d.638F8166E99CB989FC8765758909E82E.e.22524/click - {}
RESULT: {}
COMMAND: GET /session/6eb241deac570073510706dc7280b28b/screenshot - {}
RESULT: {}
COMMAND: POST /session/6eb241deac570073510706dc7280b28b/element - {"using":"xpath","value":"//input[contains(@id ,\"smartFilterBar-btnBasicSearch-I\")]"}
RESULT: {"using":"xpath","value":"//input[contains(@id ,\"smartFilterBar-btnBasicSearch-I\")]"}
COMMAND: POST /session/6eb241deac570073510706dc7280b28b/elements - {"using":"xpath","value":"//input[contains(@id ,\"smartFilterBar-btnBasicSearch-I\")]"}
RESULT: {"using":"xpath","value":"//input[contains(@id ,\"smartFilterBar-btnBasicSearch-I\")]"}
COMMAND: POST /session/6eb241deac570073510706dc7280b28b/execute/sync - {"script":"<script> [8489 bytes]","args":[{"element-6066-11e4-a52e-4f735466cecf":"f.451C0D83FD0E10390ED4567275622C99.d.638F8166E99CB989FC8765758909E82E.e.21800","ELEMENT":"f.451C0D83FD0E10390ED4567275622C99.d.638F8166E99CB989FC8765758909E82E.e.21800"}]}
RESULT: {"script":"<script> [8489 bytes]","args":[{"element-6066-11e4-a52e-4f735466cecf":"f.451C0D83FD0E10390ED4567275622C99.d.638F8166E99CB989FC8765758909E82E.e.21800","ELEMENT":"f.451C0D83FD0E10390ED4567275622C99.d.638F8166E99CB989FC8765758909E82E.e.21800"}]}
COMMAND: GET /session/6eb241deac570073510706dc7280b28b/element/f.451C0D83FD0E10390ED4567275622C99.d.638F8166E99CB989FC8765758909E82E.e.21800/enabled - {}
COMMAND: GET /session/6eb241deac570073510706dc7280b28b/screenshot - {}
RESULT: {}
COMMAND: POST /session/6eb241deac570073510706dc7280b28b/element/f.451C0D83FD0E10390ED4567275622C99.d.638F8166E99CB989FC8765758909E82E.e.21800/clear - {}
COMMAND: GET /session/6eb241deac570073510706dc7280b28b/screenshot - {}
RESULT: {}
RESULT: {}
COMMAND: POST /session/6eb241deac570073510706dc7280b28b/element/f.451C0D83FD0E10390ED4567275622C99.d.638F8166E99CB989FC8765758909E82E.e.21800/value - {"text":"30906"}
COMMAND: GET /session/6eb241deac570073510706dc7280b28b/screenshot - {}
RESULT: {}
RESULT: {"text":"30906"}
COMMAND: GET /session/6eb241deac570073510706dc7280b28b/screenshot - {}
RESULT: {}
RESULT: {}
COMMAND: POST /session/6eb241deac570073510706dc7280b28b/actions - {"actions":[{"id":"action79","type":"key","parameters":{},"actions":[{"type":"keyDown","value":"î€‡"},{"type":"pause","duration":10},{"type":"keyUp","value":"î€‡"}]}]}
RESULT: {"actions":[{"id":"action79","type":"key","parameters":{},"actions":[{"type":"keyDown","value":"î€‡"},{"type":"pause","duration":10},{"type":"keyUp","value":"î€‡"}]}]}
COMMAND: GET /session/6eb241deac570073510706dc7280b28b/screenshot - {}
RESULT: {}
COMMAND: POST /session/6eb241deac570073510706dc7280b28b/element - {"using":"xpath","value":"//span[contains(@id, \"smartTable-header-inner\")]"}
RESULT: {"using":"xpath","value":"//span[contains(@id, \"smartTable-header-inner\")]"}
COMMAND: POST /session/6eb241deac570073510706dc7280b28b/elements - {"using":"xpath","value":"//span[contains(@id, \"smartTable-header-inner\")]"}
RESULT: {"using":"xpath","value":"//span[contains(@id, \"smartTable-header-inner\")]"}
COMMAND: POST /session/6eb241deac570073510706dc7280b28b/execute/sync - {"script":"<script> [56 bytes]","args":[{"element-6066-11e4-a52e-4f735466cecf":"f.451C0D83FD0E10390ED4567275622C99.d.638F8166E99CB989FC8765758909E82E.e.22341","ELEMENT":"f.451C0D83FD0E10390ED4567275622C99.d.638F8166E99CB989FC8765758909E82E.e.22341"}]}
RESULT: {"script":"<script> [56 bytes]","args":[{"element-6066-11e4-a52e-4f735466cecf":"f.451C0D83FD0E10390ED4567275622C99.d.638F8166E99CB989FC8765758909E82E.e.22341","ELEMENT":"f.451C0D83FD0E10390ED4567275622C99.d.638F8166E99CB989FC8765758909E82E.e.22341"}]}
COMMAND: POST /session/6eb241deac570073510706dc7280b28b/elements - {"using":"xpath","value":"//thead[contains(@class, \"sapMTableTH\")]/tr/th"}
COMMAND: GET /session/6eb241deac570073510706dc7280b28b/screenshot - {}
RESULT: {"using":"xpath","value":"//thead[contains(@class, \"sapMTableTH\")]/tr/th"}
COMMAND: GET /session/6eb241deac570073510706dc7280b28b/element/f.451C0D83FD0E10390ED4567275622C99.d.638F8166E99CB989FC8765758909E82E.e.22430/text - {}
RESULT: {}
RESULT: {}
COMMAND: GET /session/6eb241deac570073510706dc7280b28b/element/f.451C0D83FD0E10390ED4567275622C99.d.638F8166E99CB989FC8765758909E82E.e.22431/text - {}
RESULT: {}
COMMAND: GET /session/6eb241deac570073510706dc7280b28b/element/f.451C0D83FD0E10390ED4567275622C99.d.638F8166E99CB989FC8765758909E82E.e.21794/text - {}
RESULT: {}
COMMAND: GET /session/6eb241deac570073510706dc7280b28b/element/f.451C0D83FD0E10390ED4567275622C99.d.638F8166E99CB989FC8765758909E82E.e.21796/text - {}
RESULT: {}
COMMAND: GET /session/6eb241deac570073510706dc7280b28b/element/f.451C0D83FD0E10390ED4567275622C99.d.638F8166E99CB989FC8765758909E82E.e.22528/text - {}
RESULT: {}
COMMAND: GET /session/6eb241deac570073510706dc7280b28b/element/f.451C0D83FD0E10390ED4567275622C99.d.638F8166E99CB989FC8765758909E82E.e.22529/text - {}
RESULT: {}
COMMAND: GET /session/6eb241deac570073510706dc7280b28b/element/f.451C0D83FD0E10390ED4567275622C99.d.638F8166E99CB989FC8765758909E82E.e.22530/text - {}
RESULT: {}
COMMAND: GET /session/6eb241deac570073510706dc7280b28b/element/f.451C0D83FD0E10390ED4567275622C99.d.638F8166E99CB989FC8765758909E82E.e.22531/text - {}
RESULT: {}
COMMAND: GET /session/6eb241deac570073510706dc7280b28b/element/f.451C0D83FD0E10390ED4567275622C99.d.638F8166E99CB989FC8765758909E82E.e.22532/text - {}
RESULT: {}
COMMAND: GET /session/6eb241deac570073510706dc7280b28b/element/f.451C0D83FD0E10390ED4567275622C99.d.638F8166E99CB989FC8765758909E82E.e.22533/text - {}
RESULT: {}
COMMAND: GET /session/6eb241deac570073510706dc7280b28b/element/f.451C0D83FD0E10390ED4567275622C99.d.638F8166E99CB989FC8765758909E82E.e.22534/text - {}
RESULT: {}
COMMAND: GET /session/6eb241deac570073510706dc7280b28b/element/f.451C0D83FD0E10390ED4567275622C99.d.638F8166E99CB989FC8765758909E82E.e.22535/text - {}
RESULT: {}
COMMAND: GET /session/6eb241deac570073510706dc7280b28b/element/f.451C0D83FD0E10390ED4567275622C99.d.638F8166E99CB989FC8765758909E82E.e.22536/text - {}
RESULT: {}
COMMAND: GET /session/6eb241deac570073510706dc7280b28b/element/f.451C0D83FD0E10390ED4567275622C99.d.638F8166E99CB989FC8765758909E82E.e.21797/text - {}
RESULT: {}
COMMAND: POST /session/6eb241deac570073510706dc7280b28b/element - {"using":"xpath","value":"//tbody[contains(@id, \"customHandoversTable-tblBody\")]/tr[1]/td[14]/div/span"}
RESULT: {"using":"xpath","value":"//tbody[contains(@id, \"customHandoversTable-tblBody\")]/tr[1]/td[14]/div/span"}
COMMAND: POST /session/6eb241deac570073510706dc7280b28b/execute/sync - {"script":"<script> [56 bytes]","args":[{"element-6066-11e4-a52e-4f735466cecf":"f.451C0D83FD0E10390ED4567275622C99.d.638F8166E99CB989FC8765758909E82E.e.22575","ELEMENT":"f.451C0D83FD0E10390ED4567275622C99.d.638F8166E99CB989FC8765758909E82E.e.22575"}]}
RESULT: {"script":"<script> [56 bytes]","args":[{"element-6066-11e4-a52e-4f735466cecf":"f.451C0D83FD0E10390ED4567275622C99.d.638F8166E99CB989FC8765758909E82E.e.22575","ELEMENT":"f.451C0D83FD0E10390ED4567275622C99.d.638F8166E99CB989FC8765758909E82E.e.22575"}]}
COMMAND: POST /session/6eb241deac570073510706dc7280b28b/element - {"using":"css selector","value":"#shell-header-logo"}
COMMAND: GET /session/6eb241deac570073510706dc7280b28b/screenshot - {}
RESULT: {"using":"css selector","value":"#shell-header-logo"}
COMMAND: POST /session/6eb241deac570073510706dc7280b28b/element/f.451C0D83FD0E10390ED4567275622C99.d.638F8166E99CB989FC8765758909E82E.e.20999/click - {}
RESULT: {}
RESULT: {}
COMMAND: GET /session/6eb241deac570073510706dc7280b28b/screenshot - {}
]]></system-out>
    </testcase>
    <testcase classname="chrome.135_0_7049_115.windows.Billing_Calculation_-_Time_based_(considering_transport_times)_US139738" name="Should navigate to Manage Billings and trigger contract calculation business confirm it" time="65.291">
      <system-out><![CDATA[
COMMAND: POST /session/6eb241deac570073510706dc7280b28b/execute/async - {"script":"<script> [1562 bytes]","args":[{"selector":{"controlType":"sap.m.GenericTile","properties":{"header":"Manage Billings"}},"wdio_ui5_key":"sapm.GenericTile{\"header\":\"Manage Billings\"}"}]}
RESULT: {}
RESULT: {"script":"<script> [1562 bytes]","args":[{"selector":{"controlType":"sap.m.GenericTile","properties":{"header":"Manage Billings"}},"wdio_ui5_key":"sapm.GenericTile{\"header\":\"Manage Billings\"}"}]}
RESULT: undefined
COMMAND: POST /session/6eb241deac570073510706dc7280b28b/element - {"using":"xpath","value":"//*[@id=\"__tile51\"]"}
RESULT: {"using":"xpath","value":"//*[@id=\"__tile51\"]"}
COMMAND: POST /session/6eb241deac570073510706dc7280b28b/element/f.451C0D83FD0E10390ED4567275622C99.d.638F8166E99CB989FC8765758909E82E.e.18864/click - {}
RESULT: {}
COMMAND: GET /session/6eb241deac570073510706dc7280b28b/screenshot - {}
RESULT: {}
COMMAND: POST /session/6eb241deac570073510706dc7280b28b/execute/async - {"script":"<script> [1562 bytes]","args":[{"selector":{"id":"application-managebillings-display-component---billRunCalcResult--smartFilterBar-btnBasicSearch","interaction":{"idSuffix":"I"}},"wdio_ui5_key":"applicationmanagebillings-display-component---billRunCalcResult--smartFilterBar-btnBasicSearch"}]}
RESULT: {"script":"<script> [1562 bytes]","args":[{"selector":{"id":"application-managebillings-display-component---billRunCalcResult--smartFilterBar-btnBasicSearch","interaction":{"idSuffix":"I"}},"wdio_ui5_key":"applicationmanagebillings-display-component---billRunCalcResult--smartFilterBar-btnBasicSearch"}]}
RESULT: undefined
COMMAND: POST /session/6eb241deac570073510706dc7280b28b/execute/async - {"script":"<script> [776 bytes]","args":[{"enterText":"10599","selector":{"id":"application-managebillings-display-component---billRunCalcResult--smartFilterBar-btnBasicSearch","interaction":{"idSuffix":"I"}},"clearTextFirst":true,"interactionType":"ENTER_TEXT"}]}
RESULT: {"script":"<script> [776 bytes]","args":[{"enterText":"10599","selector":{"id":"application-managebillings-display-component---billRunCalcResult--smartFilterBar-btnBasicSearch","interaction":{"idSuffix":"I"}},"clearTextFirst":true,"interactionType":"ENTER_TEXT"}]}
COMMAND: POST /session/6eb241deac570073510706dc7280b28b/actions - {"actions":[{"id":"action80","type":"key","parameters":{},"actions":[{"type":"keyDown","value":"î€‡"},{"type":"pause","duration":10},{"type":"keyUp","value":"î€‡"}]}]}
RESULT: {"actions":[{"id":"action80","type":"key","parameters":{},"actions":[{"type":"keyDown","value":"î€‡"},{"type":"pause","duration":10},{"type":"keyUp","value":"î€‡"}]}]}
COMMAND: GET /session/6eb241deac570073510706dc7280b28b/screenshot - {}
RESULT: {}
COMMAND: POST /session/6eb241deac570073510706dc7280b28b/element - {"using":"xpath","value":"//td[@aria-colindex=\"1\"]/div/div[contains(@class, \"sapMCbBg\")]"}
RESULT: {"using":"xpath","value":"//td[@aria-colindex=\"1\"]/div/div[contains(@class, \"sapMCbBg\")]"}
COMMAND: POST /session/6eb241deac570073510706dc7280b28b/element/f.451C0D83FD0E10390ED4567275622C99.d.638F8166E99CB989FC8765758909E82E.e.22790/click - {}
RESULT: {}
COMMAND: GET /session/6eb241deac570073510706dc7280b28b/screenshot - {}
RESULT: {}
COMMAND: POST /session/6eb241deac570073510706dc7280b28b/execute/async - {"script":"<script> [1562 bytes]","args":[{"selector":{"id":"application-managebillings-display-component---billRunCalcResult--contractBillRunDate","interaction":{"idSuffix":"inner"}},"wdio_ui5_key":"applicationmanagebillings-display-component---billRunCalcResult--contractBillRunDate"}]}
RESULT: {"script":"<script> [1562 bytes]","args":[{"selector":{"id":"application-managebillings-display-component---billRunCalcResult--contractBillRunDate","interaction":{"idSuffix":"inner"}},"wdio_ui5_key":"applicationmanagebillings-display-component---billRunCalcResult--contractBillRunDate"}]}
RESULT: undefined
COMMAND: POST /session/6eb241deac570073510706dc7280b28b/execute/async - {"script":"<script> [776 bytes]","args":[{"enterText":"05/06/25","selector":{"id":"application-managebillings-display-component---billRunCalcResult--contractBillRunDate","interaction":{"idSuffix":"inner"}},"clearTextFirst":true,"interactionType":"ENTER_TEXT"}]}
RESULT: {"script":"<script> [776 bytes]","args":[{"enterText":"05/06/25","selector":{"id":"application-managebillings-display-component---billRunCalcResult--contractBillRunDate","interaction":{"idSuffix":"inner"}},"clearTextFirst":true,"interactionType":"ENTER_TEXT"}]}
COMMAND: POST /session/6eb241deac570073510706dc7280b28b/element - {"using":"xpath","value":"//bdi[contains(text(), \"Trigger Calculation\")]"}
RESULT: {"using":"xpath","value":"//bdi[contains(text(), \"Trigger Calculation\")]"}
COMMAND: POST /session/6eb241deac570073510706dc7280b28b/element/f.451C0D83FD0E10390ED4567275622C99.d.638F8166E99CB989FC8765758909E82E.e.22842/click - {}
RESULT: {}
COMMAND: GET /session/6eb241deac570073510706dc7280b28b/screenshot - {}
RESULT: {}
COMMAND: POST /session/6eb241deac570073510706dc7280b28b/element - {"using":"xpath","value":"(//span[contains(@id, \"imgNav\")])[1]"}
RESULT: {"using":"xpath","value":"(//span[contains(@id, \"imgNav\")])[1]"}
COMMAND: POST /session/6eb241deac570073510706dc7280b28b/element/f.451C0D83FD0E10390ED4567275622C99.d.638F8166E99CB989FC8765758909E82E.e.22791/click - {}
RESULT: {}
COMMAND: GET /session/6eb241deac570073510706dc7280b28b/screenshot - {}
RESULT: {}
COMMAND: POST /session/6eb241deac570073510706dc7280b28b/element - {"using":"xpath","value":"//tr/td[6]/div[1]/span[1]/span[1]"}
RESULT: {"using":"xpath","value":"//tr/td[6]/div[1]/span[1]/span[1]"}
COMMAND: GET /session/6eb241deac570073510706dc7280b28b/element/f.451C0D83FD0E10390ED4567275622C99.d.638F8166E99CB989FC8765758909E82E.e.22847/text - {}
RESULT: {}
COMMAND: POST /session/6eb241deac570073510706dc7280b28b/element - {"using":"xpath","value":"(//span[contains(@id, \"imgNav\")])[2]"}
RESULT: {"using":"xpath","value":"(//span[contains(@id, \"imgNav\")])[2]"}
COMMAND: POST /session/6eb241deac570073510706dc7280b28b/element/f.451C0D83FD0E10390ED4567275622C99.d.638F8166E99CB989FC8765758909E82E.e.22848/click - {}
RESULT: {}
COMMAND: POST /session/6eb241deac570073510706dc7280b28b/element - {"using":"xpath","value":"//bdi[contains(text(), \"Business Confirm\")]"}
COMMAND: GET /session/6eb241deac570073510706dc7280b28b/screenshot - {}
RESULT: {"using":"xpath","value":"//bdi[contains(text(), \"Business Confirm\")]"}
COMMAND: POST /session/6eb241deac570073510706dc7280b28b/elements - {"using":"xpath","value":"//bdi[contains(text(), \"Business Confirm\")]"}
RESULT: {}
RESULT: {"using":"xpath","value":"//bdi[contains(text(), \"Business Confirm\")]"}
COMMAND: POST /session/6eb241deac570073510706dc7280b28b/elements - {"using":"xpath","value":"//bdi[contains(text(), \"Business Confirm\")]"}
RESULT: {"using":"xpath","value":"//bdi[contains(text(), \"Business Confirm\")]"}
COMMAND: POST /session/6eb241deac570073510706dc7280b28b/elements - {"using":"xpath","value":"//bdi[contains(text(), \"Business Confirm\")]"}
RESULT: {"using":"xpath","value":"//bdi[contains(text(), \"Business Confirm\")]"}
COMMAND: POST /session/6eb241deac570073510706dc7280b28b/element - {"using":"xpath","value":"//bdi[contains(text(), \"Business Confirm\")]"}
RESULT: {"using":"xpath","value":"//bdi[contains(text(), \"Business Confirm\")]"}
COMMAND: POST /session/6eb241deac570073510706dc7280b28b/element/f.451C0D83FD0E10390ED4567275622C99.d.638F8166E99CB989FC8765758909E82E.e.22851/click - {}
RESULT: {}
COMMAND: POST /session/6eb241deac570073510706dc7280b28b/element - {"using":"css selector","value":"#shell-header-logo"}
COMMAND: GET /session/6eb241deac570073510706dc7280b28b/screenshot - {}
RESULT: {"using":"css selector","value":"#shell-header-logo"}
COMMAND: POST /session/6eb241deac570073510706dc7280b28b/element/f.451C0D83FD0E10390ED4567275622C99.d.638F8166E99CB989FC8765758909E82E.e.22581/click - {}
RESULT: {}
RESULT: {}
COMMAND: GET /session/6eb241deac570073510706dc7280b28b/screenshot - {}
RESULT: {}
]]></system-out>
    </testcase>
    <testcase classname="chrome.135_0_7049_115.windows.Billing_Calculation_-_Time_based_(considering_transport_times)_US139738" name="Should transfer the billing all the way to completion" time="78.241">
      <system-out><![CDATA[
COMMAND: POST /session/6eb241deac570073510706dc7280b28b/execute/async - {"script":"<script> [1562 bytes]","args":[{"selector":{"controlType":"sap.m.GenericTile","properties":{"header":"Billing Transfer"}},"wdio_ui5_key":"sapm.GenericTile{\"header\":\"Billing Transfer\"}"}]}
RESULT: {"script":"<script> [1562 bytes]","args":[{"selector":{"controlType":"sap.m.GenericTile","properties":{"header":"Billing Transfer"}},"wdio_ui5_key":"sapm.GenericTile{\"header\":\"Billing Transfer\"}"}]}
RESULT: undefined
COMMAND: POST /session/6eb241deac570073510706dc7280b28b/element - {"using":"xpath","value":"//*[@id=\"__tile50\"]"}
RESULT: {"using":"xpath","value":"//*[@id=\"__tile50\"]"}
COMMAND: POST /session/6eb241deac570073510706dc7280b28b/element/f.451C0D83FD0E10390ED4567275622C99.d.638F8166E99CB989FC8765758909E82E.e.18862/click - {}
RESULT: {}
COMMAND: POST /session/6eb241deac570073510706dc7280b28b/element - {"using":"xpath","value":"//input[contains(@id ,\"application-billingtransfer-display-component---billingWorkbench--smartFilterBar-btnBasicSearch\")]"}
COMMAND: GET /session/6eb241deac570073510706dc7280b28b/screenshot - {}
RESULT: {"using":"xpath","value":"//input[contains(@id ,\"application-billingtransfer-display-component---billingWorkbench--smartFilterBar-btnBasicSearch\")]"}
COMMAND: POST /session/6eb241deac570073510706dc7280b28b/elements - {"using":"xpath","value":"//input[contains(@id ,\"application-billingtransfer-display-component---billingWorkbench--smartFilterBar-btnBasicSearch\")]"}
RESULT: {}
RESULT: {"using":"xpath","value":"//input[contains(@id ,\"application-billingtransfer-display-component---billingWorkbench--smartFilterBar-btnBasicSearch\")]"}
COMMAND: POST /session/6eb241deac570073510706dc7280b28b/elements - {"using":"xpath","value":"//input[contains(@id ,\"application-billingtransfer-display-component---billingWorkbench--smartFilterBar-btnBasicSearch\")]"}
RESULT: {"using":"xpath","value":"//input[contains(@id ,\"application-billingtransfer-display-component---billingWorkbench--smartFilterBar-btnBasicSearch\")]"}
COMMAND: POST /session/6eb241deac570073510706dc7280b28b/elements - {"using":"xpath","value":"//input[contains(@id ,\"application-billingtransfer-display-component---billingWorkbench--smartFilterBar-btnBasicSearch\")]"}
RESULT: {"using":"xpath","value":"//input[contains(@id ,\"application-billingtransfer-display-component---billingWorkbench--smartFilterBar-btnBasicSearch\")]"}
COMMAND: POST /session/6eb241deac570073510706dc7280b28b/elements - {"using":"xpath","value":"//input[contains(@id ,\"application-billingtransfer-display-component---billingWorkbench--smartFilterBar-btnBasicSearch\")]"}
RESULT: {"using":"xpath","value":"//input[contains(@id ,\"application-billingtransfer-display-component---billingWorkbench--smartFilterBar-btnBasicSearch\")]"}
COMMAND: POST /session/6eb241deac570073510706dc7280b28b/element - {"using":"xpath","value":"//input[contains(@id ,\"application-billingtransfer-display-component---billingWorkbench--smartFilterBar-btnBasicSearch\")]"}
RESULT: {"using":"xpath","value":"//input[contains(@id ,\"application-billingtransfer-display-component---billingWorkbench--smartFilterBar-btnBasicSearch\")]"}
COMMAND: POST /session/6eb241deac570073510706dc7280b28b/execute/sync - {"script":"<script> [8489 bytes]","args":[{"element-6066-11e4-a52e-4f735466cecf":"f.451C0D83FD0E10390ED4567275622C99.d.638F8166E99CB989FC8765758909E82E.e.22931","ELEMENT":"f.451C0D83FD0E10390ED4567275622C99.d.638F8166E99CB989FC8765758909E82E.e.22931"}]}
RESULT: {"script":"<script> [8489 bytes]","args":[{"element-6066-11e4-a52e-4f735466cecf":"f.451C0D83FD0E10390ED4567275622C99.d.638F8166E99CB989FC8765758909E82E.e.22931","ELEMENT":"f.451C0D83FD0E10390ED4567275622C99.d.638F8166E99CB989FC8765758909E82E.e.22931"}]}
COMMAND: GET /session/6eb241deac570073510706dc7280b28b/element/f.451C0D83FD0E10390ED4567275622C99.d.638F8166E99CB989FC8765758909E82E.e.22931/enabled - {}
COMMAND: GET /session/6eb241deac570073510706dc7280b28b/screenshot - {}
RESULT: {}
COMMAND: POST /session/6eb241deac570073510706dc7280b28b/element/f.451C0D83FD0E10390ED4567275622C99.d.638F8166E99CB989FC8765758909E82E.e.22931/click - {}
COMMAND: GET /session/6eb241deac570073510706dc7280b28b/screenshot - {}
RESULT: {}
RESULT: {}
COMMAND: GET /session/6eb241deac570073510706dc7280b28b/screenshot - {}
RESULT: {}
RESULT: {}
COMMAND: POST /session/6eb241deac570073510706dc7280b28b/element/f.451C0D83FD0E10390ED4567275622C99.d.638F8166E99CB989FC8765758909E82E.e.22931/clear - {}
RESULT: {}
COMMAND: POST /session/6eb241deac570073510706dc7280b28b/element/f.451C0D83FD0E10390ED4567275622C99.d.638F8166E99CB989FC8765758909E82E.e.22931/value - {"text":"10599"}
COMMAND: GET /session/6eb241deac570073510706dc7280b28b/screenshot - {}
RESULT: {"text":"10599"}
COMMAND: POST /session/6eb241deac570073510706dc7280b28b/actions - {"actions":[{"id":"action81","type":"key","parameters":{},"actions":[{"type":"keyDown","value":"î€‡"},{"type":"pause","duration":10},{"type":"keyUp","value":"î€‡"}]}]}
COMMAND: GET /session/6eb241deac570073510706dc7280b28b/screenshot - {}
RESULT: {}
RESULT: {"actions":[{"id":"action81","type":"key","parameters":{},"actions":[{"type":"keyDown","value":"î€‡"},{"type":"pause","duration":10},{"type":"keyUp","value":"î€‡"}]}]}
COMMAND: GET /session/6eb241deac570073510706dc7280b28b/screenshot - {}
RESULT: {}
RESULT: {}
COMMAND: POST /session/6eb241deac570073510706dc7280b28b/element - {"using":"xpath","value":"//span[contains(@id ,\"application-billingtransfer-display-component---billingWorkbench--smartTableBillingRuns-header-inner\")]"}
RESULT: {"using":"xpath","value":"//span[contains(@id ,\"application-billingtransfer-display-component---billingWorkbench--smartTableBillingRuns-header-inner\")]"}
COMMAND: POST /session/6eb241deac570073510706dc7280b28b/elements - {"using":"xpath","value":"//span[contains(@id ,\"application-billingtransfer-display-component---billingWorkbench--smartTableBillingRuns-header-inner\")]"}
RESULT: {"using":"xpath","value":"//span[contains(@id ,\"application-billingtransfer-display-component---billingWorkbench--smartTableBillingRuns-header-inner\")]"}
COMMAND: POST /session/6eb241deac570073510706dc7280b28b/execute/sync - {"script":"<script> [56 bytes]","args":[{"element-6066-11e4-a52e-4f735466cecf":"f.451C0D83FD0E10390ED4567275622C99.d.638F8166E99CB989FC8765758909E82E.e.23105","ELEMENT":"f.451C0D83FD0E10390ED4567275622C99.d.638F8166E99CB989FC8765758909E82E.e.23105"}]}
RESULT: {"script":"<script> [56 bytes]","args":[{"element-6066-11e4-a52e-4f735466cecf":"f.451C0D83FD0E10390ED4567275622C99.d.638F8166E99CB989FC8765758909E82E.e.23105","ELEMENT":"f.451C0D83FD0E10390ED4567275622C99.d.638F8166E99CB989FC8765758909E82E.e.23105"}]}
COMMAND: POST /session/6eb241deac570073510706dc7280b28b/element - {"using":"xpath","value":"//td[@aria-colindex=\"1\"]/div/div[contains(@class, \"sapMCbBg\")]"}
COMMAND: GET /session/6eb241deac570073510706dc7280b28b/screenshot - {}
RESULT: {"using":"xpath","value":"//td[@aria-colindex=\"1\"]/div/div[contains(@class, \"sapMCbBg\")]"}
COMMAND: POST /session/6eb241deac570073510706dc7280b28b/element/f.451C0D83FD0E10390ED4567275622C99.d.638F8166E99CB989FC8765758909E82E.e.23060/click - {}
RESULT: {}
RESULT: {}
COMMAND: GET /session/6eb241deac570073510706dc7280b28b/screenshot - {}
RESULT: {}
COMMAND: POST /session/6eb241deac570073510706dc7280b28b/element - {"using":"xpath","value":"//bdi[contains(text(), \"Check\")]"}
RESULT: {"using":"xpath","value":"//bdi[contains(text(), \"Check\")]"}
COMMAND: POST /session/6eb241deac570073510706dc7280b28b/element/f.451C0D83FD0E10390ED4567275622C99.d.638F8166E99CB989FC8765758909E82E.e.23106/click - {}
RESULT: {}
COMMAND: GET /session/6eb241deac570073510706dc7280b28b/screenshot - {}
RESULT: {}
COMMAND: POST /session/6eb241deac570073510706dc7280b28b/element - {"using":"xpath","value":"//bdi[contains(text(), \"OK\")]"}
RESULT: {"using":"xpath","value":"//bdi[contains(text(), \"OK\")]"}
COMMAND: POST /session/6eb241deac570073510706dc7280b28b/element/f.451C0D83FD0E10390ED4567275622C99.d.638F8166E99CB989FC8765758909E82E.e.23109/click - {}
RESULT: {}
COMMAND: GET /session/6eb241deac570073510706dc7280b28b/screenshot - {}
RESULT: {}
COMMAND: POST /session/6eb241deac570073510706dc7280b28b/element - {"using":"xpath","value":"(//span[contains(text(), \"CO/SD checked\")]/parent::div/preceding-sibling::div/span)[1]"}
RESULT: {"using":"xpath","value":"(//span[contains(text(), \"CO/SD checked\")]/parent::div/preceding-sibling::div/span)[1]"}
COMMAND: POST /session/6eb241deac570073510706dc7280b28b/element/f.451C0D83FD0E10390ED4567275622C99.d.638F8166E99CB989FC8765758909E82E.e.23111/click - {}
RESULT: {}
COMMAND: GET /session/6eb241deac570073510706dc7280b28b/screenshot - {}
RESULT: {}
COMMAND: POST /session/6eb241deac570073510706dc7280b28b/element - {"using":"xpath","value":"//input[contains(@id ,\"application-billingtransfer-display-component---billingWorkbench--smartFilterBar-btnBasicSearch\")]"}
RESULT: {"using":"xpath","value":"//input[contains(@id ,\"application-billingtransfer-display-component---billingWorkbench--smartFilterBar-btnBasicSearch\")]"}
COMMAND: POST /session/6eb241deac570073510706dc7280b28b/elements - {"using":"xpath","value":"//input[contains(@id ,\"application-billingtransfer-display-component---billingWorkbench--smartFilterBar-btnBasicSearch\")]"}
RESULT: {"using":"xpath","value":"//input[contains(@id ,\"application-billingtransfer-display-component---billingWorkbench--smartFilterBar-btnBasicSearch\")]"}
COMMAND: POST /session/6eb241deac570073510706dc7280b28b/execute/sync - {"script":"<script> [8489 bytes]","args":[{"element-6066-11e4-a52e-4f735466cecf":"f.451C0D83FD0E10390ED4567275622C99.d.638F8166E99CB989FC8765758909E82E.e.22931","ELEMENT":"f.451C0D83FD0E10390ED4567275622C99.d.638F8166E99CB989FC8765758909E82E.e.22931"}]}
RESULT: {"script":"<script> [8489 bytes]","args":[{"element-6066-11e4-a52e-4f735466cecf":"f.451C0D83FD0E10390ED4567275622C99.d.638F8166E99CB989FC8765758909E82E.e.22931","ELEMENT":"f.451C0D83FD0E10390ED4567275622C99.d.638F8166E99CB989FC8765758909E82E.e.22931"}]}
COMMAND: GET /session/6eb241deac570073510706dc7280b28b/element/f.451C0D83FD0E10390ED4567275622C99.d.638F8166E99CB989FC8765758909E82E.e.22931/enabled - {}
COMMAND: GET /session/6eb241deac570073510706dc7280b28b/screenshot - {}
RESULT: {}
COMMAND: POST /session/6eb241deac570073510706dc7280b28b/element/f.451C0D83FD0E10390ED4567275622C99.d.638F8166E99CB989FC8765758909E82E.e.22931/click - {}
COMMAND: GET /session/6eb241deac570073510706dc7280b28b/screenshot - {}
RESULT: {}
RESULT: {}
COMMAND: GET /session/6eb241deac570073510706dc7280b28b/screenshot - {}
RESULT: {}
RESULT: {}
COMMAND: POST /session/6eb241deac570073510706dc7280b28b/element/f.451C0D83FD0E10390ED4567275622C99.d.638F8166E99CB989FC8765758909E82E.e.22931/clear - {}
RESULT: {}
COMMAND: POST /session/6eb241deac570073510706dc7280b28b/element/f.451C0D83FD0E10390ED4567275622C99.d.638F8166E99CB989FC8765758909E82E.e.22931/value - {"text":"10599"}
COMMAND: GET /session/6eb241deac570073510706dc7280b28b/screenshot - {}
RESULT: {"text":"10599"}
COMMAND: POST /session/6eb241deac570073510706dc7280b28b/actions - {"actions":[{"id":"action82","type":"key","parameters":{},"actions":[{"type":"keyDown","value":"î€‡"},{"type":"pause","duration":10},{"type":"keyUp","value":"î€‡"}]}]}
COMMAND: GET /session/6eb241deac570073510706dc7280b28b/screenshot - {}
RESULT: {}
RESULT: {"actions":[{"id":"action82","type":"key","parameters":{},"actions":[{"type":"keyDown","value":"î€‡"},{"type":"pause","duration":10},{"type":"keyUp","value":"î€‡"}]}]}
COMMAND: GET /session/6eb241deac570073510706dc7280b28b/screenshot - {}
RESULT: {}
RESULT: {}
COMMAND: POST /session/6eb241deac570073510706dc7280b28b/element - {"using":"xpath","value":"//span[contains(@id ,\"application-billingtransfer-display-component---billingWorkbench--smartTableBillingRuns-header-inner\")]"}
RESULT: {"using":"xpath","value":"//span[contains(@id ,\"application-billingtransfer-display-component---billingWorkbench--smartTableBillingRuns-header-inner\")]"}
COMMAND: POST /session/6eb241deac570073510706dc7280b28b/elements - {"using":"xpath","value":"//span[contains(@id ,\"application-billingtransfer-display-component---billingWorkbench--smartTableBillingRuns-header-inner\")]"}
RESULT: {"using":"xpath","value":"//span[contains(@id ,\"application-billingtransfer-display-component---billingWorkbench--smartTableBillingRuns-header-inner\")]"}
COMMAND: POST /session/6eb241deac570073510706dc7280b28b/execute/sync - {"script":"<script> [56 bytes]","args":[{"element-6066-11e4-a52e-4f735466cecf":"f.451C0D83FD0E10390ED4567275622C99.d.638F8166E99CB989FC8765758909E82E.e.23105","ELEMENT":"f.451C0D83FD0E10390ED4567275622C99.d.638F8166E99CB989FC8765758909E82E.e.23105"}]}
RESULT: {"script":"<script> [56 bytes]","args":[{"element-6066-11e4-a52e-4f735466cecf":"f.451C0D83FD0E10390ED4567275622C99.d.638F8166E99CB989FC8765758909E82E.e.23105","ELEMENT":"f.451C0D83FD0E10390ED4567275622C99.d.638F8166E99CB989FC8765758909E82E.e.23105"}]}
COMMAND: POST /session/6eb241deac570073510706dc7280b28b/element - {"using":"xpath","value":"//td[@aria-colindex=\"1\"]/div/div[contains(@class, \"sapMCbBg\")]"}
RESULT: {"using":"xpath","value":"//td[@aria-colindex=\"1\"]/div/div[contains(@class, \"sapMCbBg\")]"}
COMMAND: POST /session/6eb241deac570073510706dc7280b28b/element/f.451C0D83FD0E10390ED4567275622C99.d.638F8166E99CB989FC8765758909E82E.e.23115/click - {}
COMMAND: GET /session/6eb241deac570073510706dc7280b28b/screenshot - {}
RESULT: {}
COMMAND: GET /session/6eb241deac570073510706dc7280b28b/screenshot - {}
RESULT: {}
RESULT: {}
COMMAND: POST /session/6eb241deac570073510706dc7280b28b/element - {"using":"xpath","value":"//bdi[text()=\"Transfer\"]"}
RESULT: {"using":"xpath","value":"//bdi[text()=\"Transfer\"]"}
COMMAND: POST /session/6eb241deac570073510706dc7280b28b/element/f.451C0D83FD0E10390ED4567275622C99.d.638F8166E99CB989FC8765758909E82E.e.23116/click - {}
RESULT: {}
COMMAND: GET /session/6eb241deac570073510706dc7280b28b/screenshot - {}
RESULT: {}
COMMAND: POST /session/6eb241deac570073510706dc7280b28b/element - {"using":"xpath","value":"//bdi[contains(text(), \"OK\")]"}
RESULT: {"using":"xpath","value":"//bdi[contains(text(), \"OK\")]"}
COMMAND: POST /session/6eb241deac570073510706dc7280b28b/element/f.451C0D83FD0E10390ED4567275622C99.d.638F8166E99CB989FC8765758909E82E.e.23119/click - {}
RESULT: {}
COMMAND: GET /session/6eb241deac570073510706dc7280b28b/screenshot - {}
RESULT: {}
COMMAND: POST /session/6eb241deac570073510706dc7280b28b/element - {"using":"xpath","value":"(//span[contains(text(), \"Completed\")]/parent::div/preceding-sibling::div/span)[1]"}
RESULT: {"using":"xpath","value":"(//span[contains(text(), \"Completed\")]/parent::div/preceding-sibling::div/span)[1]"}
COMMAND: POST /session/6eb241deac570073510706dc7280b28b/element/f.451C0D83FD0E10390ED4567275622C99.d.638F8166E99CB989FC8765758909E82E.e.23127/click - {}
RESULT: {}
COMMAND: POST /session/6eb241deac570073510706dc7280b28b/element - {"using":"xpath","value":"//input[contains(@id ,\"application-billingtransfer-display-component---billingWorkbench--smartFilterBar-btnBasicSearch\")]"}
COMMAND: GET /session/6eb241deac570073510706dc7280b28b/screenshot - {}
RESULT: {"using":"xpath","value":"//input[contains(@id ,\"application-billingtransfer-display-component---billingWorkbench--smartFilterBar-btnBasicSearch\")]"}
COMMAND: POST /session/6eb241deac570073510706dc7280b28b/elements - {"using":"xpath","value":"//input[contains(@id ,\"application-billingtransfer-display-component---billingWorkbench--smartFilterBar-btnBasicSearch\")]"}
RESULT: {}
RESULT: {"using":"xpath","value":"//input[contains(@id ,\"application-billingtransfer-display-component---billingWorkbench--smartFilterBar-btnBasicSearch\")]"}
COMMAND: POST /session/6eb241deac570073510706dc7280b28b/execute/sync - {"script":"<script> [8489 bytes]","args":[{"element-6066-11e4-a52e-4f735466cecf":"f.451C0D83FD0E10390ED4567275622C99.d.638F8166E99CB989FC8765758909E82E.e.22931","ELEMENT":"f.451C0D83FD0E10390ED4567275622C99.d.638F8166E99CB989FC8765758909E82E.e.22931"}]}
RESULT: {"script":"<script> [8489 bytes]","args":[{"element-6066-11e4-a52e-4f735466cecf":"f.451C0D83FD0E10390ED4567275622C99.d.638F8166E99CB989FC8765758909E82E.e.22931","ELEMENT":"f.451C0D83FD0E10390ED4567275622C99.d.638F8166E99CB989FC8765758909E82E.e.22931"}]}
COMMAND: GET /session/6eb241deac570073510706dc7280b28b/element/f.451C0D83FD0E10390ED4567275622C99.d.638F8166E99CB989FC8765758909E82E.e.22931/enabled - {}
COMMAND: GET /session/6eb241deac570073510706dc7280b28b/screenshot - {}
RESULT: {}
COMMAND: POST /session/6eb241deac570073510706dc7280b28b/element/f.451C0D83FD0E10390ED4567275622C99.d.638F8166E99CB989FC8765758909E82E.e.22931/click - {}
COMMAND: GET /session/6eb241deac570073510706dc7280b28b/screenshot - {}
RESULT: {}
RESULT: {}
COMMAND: GET /session/6eb241deac570073510706dc7280b28b/screenshot - {}
RESULT: {}
RESULT: {}
COMMAND: POST /session/6eb241deac570073510706dc7280b28b/element/f.451C0D83FD0E10390ED4567275622C99.d.638F8166E99CB989FC8765758909E82E.e.22931/clear - {}
RESULT: {}
COMMAND: POST /session/6eb241deac570073510706dc7280b28b/element/f.451C0D83FD0E10390ED4567275622C99.d.638F8166E99CB989FC8765758909E82E.e.22931/value - {"text":"10599"}
COMMAND: GET /session/6eb241deac570073510706dc7280b28b/screenshot - {}
RESULT: {"text":"10599"}
COMMAND: POST /session/6eb241deac570073510706dc7280b28b/actions - {"actions":[{"id":"action83","type":"key","parameters":{},"actions":[{"type":"keyDown","value":"î€‡"},{"type":"pause","duration":10},{"type":"keyUp","value":"î€‡"}]}]}
COMMAND: GET /session/6eb241deac570073510706dc7280b28b/screenshot - {}
RESULT: {}
RESULT: {"actions":[{"id":"action83","type":"key","parameters":{},"actions":[{"type":"keyDown","value":"î€‡"},{"type":"pause","duration":10},{"type":"keyUp","value":"î€‡"}]}]}
COMMAND: GET /session/6eb241deac570073510706dc7280b28b/screenshot - {}
RESULT: {}
RESULT: {}
COMMAND: POST /session/6eb241deac570073510706dc7280b28b/element - {"using":"xpath","value":"//span[contains(@id ,\"application-billingtransfer-display-component---billingWorkbench--smartTableBillingRuns-header-inner\")]"}
RESULT: {"using":"xpath","value":"//span[contains(@id ,\"application-billingtransfer-display-component---billingWorkbench--smartTableBillingRuns-header-inner\")]"}
COMMAND: POST /session/6eb241deac570073510706dc7280b28b/elements - {"using":"xpath","value":"//span[contains(@id ,\"application-billingtransfer-display-component---billingWorkbench--smartTableBillingRuns-header-inner\")]"}
RESULT: {"using":"xpath","value":"//span[contains(@id ,\"application-billingtransfer-display-component---billingWorkbench--smartTableBillingRuns-header-inner\")]"}
COMMAND: POST /session/6eb241deac570073510706dc7280b28b/execute/sync - {"script":"<script> [56 bytes]","args":[{"element-6066-11e4-a52e-4f735466cecf":"f.451C0D83FD0E10390ED4567275622C99.d.638F8166E99CB989FC8765758909E82E.e.23105","ELEMENT":"f.451C0D83FD0E10390ED4567275622C99.d.638F8166E99CB989FC8765758909E82E.e.23105"}]}
RESULT: {"script":"<script> [56 bytes]","args":[{"element-6066-11e4-a52e-4f735466cecf":"f.451C0D83FD0E10390ED4567275622C99.d.638F8166E99CB989FC8765758909E82E.e.23105","ELEMENT":"f.451C0D83FD0E10390ED4567275622C99.d.638F8166E99CB989FC8765758909E82E.e.23105"}]}
COMMAND: POST /session/6eb241deac570073510706dc7280b28b/element - {"using":"css selector","value":"#shell-header-logo"}
COMMAND: GET /session/6eb241deac570073510706dc7280b28b/screenshot - {}
RESULT: {"using":"css selector","value":"#shell-header-logo"}
COMMAND: POST /session/6eb241deac570073510706dc7280b28b/element/f.451C0D83FD0E10390ED4567275622C99.d.638F8166E99CB989FC8765758909E82E.e.22929/click - {}
RESULT: {}
RESULT: {}
COMMAND: GET /session/6eb241deac570073510706dc7280b28b/screenshot - {}
RESULT: {}
]]></system-out>
    </testcase>
    <testcase classname="chrome.135_0_7049_115.windows.Billing_Calculation_-_Time_based_(considering_transport_times)_US139738" name="Should navigate to the contract item check the billed until field value" time="52.8">
      <system-out><![CDATA[
RESULT: undefined
COMMAND: POST /session/6eb241deac570073510706dc7280b28b/element - {"using":"xpath","value":"//*[@id=\"__tile130-title\"]"}
RESULT: {"using":"xpath","value":"//*[@id=\"__tile130-title\"]"}
COMMAND: POST /session/6eb241deac570073510706dc7280b28b/element/f.451C0D83FD0E10390ED4567275622C99.d.638F8166E99CB989FC8765758909E82E.e.20982/click - {}
RESULT: {}
COMMAND: GET /session/6eb241deac570073510706dc7280b28b/screenshot - {}
RESULT: {}
COMMAND: POST /session/6eb241deac570073510706dc7280b28b/element - {"using":"xpath","value":"//button[@data-kt=\"addButton\"]"}
RESULT: {"using":"xpath","value":"//button[@data-kt=\"addButton\"]"}
COMMAND: POST /session/6eb241deac570073510706dc7280b28b/elements - {"using":"xpath","value":"//button[@data-kt=\"addButton\"]"}
RESULT: {"using":"xpath","value":"//button[@data-kt=\"addButton\"]"}
COMMAND: POST /session/6eb241deac570073510706dc7280b28b/execute/sync - {"script":"<script> [8489 bytes]","args":[{"element-6066-11e4-a52e-4f735466cecf":"f.451C0D83FD0E10390ED4567275622C99.d.638F8166E99CB989FC8765758909E82E.e.23197","ELEMENT":"f.451C0D83FD0E10390ED4567275622C99.d.638F8166E99CB989FC8765758909E82E.e.23197"}]}
RESULT: {"script":"<script> [8489 bytes]","args":[{"element-6066-11e4-a52e-4f735466cecf":"f.451C0D83FD0E10390ED4567275622C99.d.638F8166E99CB989FC8765758909E82E.e.23197","ELEMENT":"f.451C0D83FD0E10390ED4567275622C99.d.638F8166E99CB989FC8765758909E82E.e.23197"}]}
COMMAND: GET /session/6eb241deac570073510706dc7280b28b/element/f.451C0D83FD0E10390ED4567275622C99.d.638F8166E99CB989FC8765758909E82E.e.23197/enabled - {}
COMMAND: GET /session/6eb241deac570073510706dc7280b28b/screenshot - {}
RESULT: {}
COMMAND: POST /session/6eb241deac570073510706dc7280b28b/execute/sync - {"script":"<script> [8489 bytes]","args":[{"element-6066-11e4-a52e-4f735466cecf":"f.451C0D83FD0E10390ED4567275622C99.d.638F8166E99CB989FC8765758909E82E.e.23197","ELEMENT":"f.451C0D83FD0E10390ED4567275622C99.d.638F8166E99CB989FC8765758909E82E.e.23197"}]}
COMMAND: GET /session/6eb241deac570073510706dc7280b28b/screenshot - {}
RESULT: {}
RESULT: {"script":"<script> [8489 bytes]","args":[{"element-6066-11e4-a52e-4f735466cecf":"f.451C0D83FD0E10390ED4567275622C99.d.638F8166E99CB989FC8765758909E82E.e.23197","ELEMENT":"f.451C0D83FD0E10390ED4567275622C99.d.638F8166E99CB989FC8765758909E82E.e.23197"}]}
COMMAND: POST /session/6eb241deac570073510706dc7280b28b/execute/sync - {"script":"<script> [5351 bytes]","args":[{"element-6066-11e4-a52e-4f735466cecf":"f.451C0D83FD0E10390ED4567275622C99.d.638F8166E99CB989FC8765758909E82E.e.23197","ELEMENT":"f.451C0D83FD0E10390ED4567275622C99.d.638F8166E99CB989FC8765758909E82E.e.23197"}]}
COMMAND: GET /session/6eb241deac570073510706dc7280b28b/screenshot - {}
RESULT: {}
RESULT: {"script":"<script> [5351 bytes]","args":[{"element-6066-11e4-a52e-4f735466cecf":"f.451C0D83FD0E10390ED4567275622C99.d.638F8166E99CB989FC8765758909E82E.e.23197","ELEMENT":"f.451C0D83FD0E10390ED4567275622C99.d.638F8166E99CB989FC8765758909E82E.e.23197"}]}
COMMAND: POST /session/6eb241deac570073510706dc7280b28b/element - {"using":"xpath","value":"//input[contains(@id ,\"smartContractFilterBar-btnBasicSearch-I\")]"}
COMMAND: GET /session/6eb241deac570073510706dc7280b28b/screenshot - {}
RESULT: {}
RESULT: {"using":"xpath","value":"//input[contains(@id ,\"smartContractFilterBar-btnBasicSearch-I\")]"}
COMMAND: POST /session/6eb241deac570073510706dc7280b28b/elements - {"using":"xpath","value":"//input[contains(@id ,\"smartContractFilterBar-btnBasicSearch-I\")]"}
RESULT: {}
RESULT: {"using":"xpath","value":"//input[contains(@id ,\"smartContractFilterBar-btnBasicSearch-I\")]"}
COMMAND: POST /session/6eb241deac570073510706dc7280b28b/execute/sync - {"script":"<script> [8489 bytes]","args":[{"element-6066-11e4-a52e-4f735466cecf":"f.451C0D83FD0E10390ED4567275622C99.d.638F8166E99CB989FC8765758909E82E.e.23134","ELEMENT":"f.451C0D83FD0E10390ED4567275622C99.d.638F8166E99CB989FC8765758909E82E.e.23134"}]}
RESULT: {"script":"<script> [8489 bytes]","args":[{"element-6066-11e4-a52e-4f735466cecf":"f.451C0D83FD0E10390ED4567275622C99.d.638F8166E99CB989FC8765758909E82E.e.23134","ELEMENT":"f.451C0D83FD0E10390ED4567275622C99.d.638F8166E99CB989FC8765758909E82E.e.23134"}]}
COMMAND: GET /session/6eb241deac570073510706dc7280b28b/element/f.451C0D83FD0E10390ED4567275622C99.d.638F8166E99CB989FC8765758909E82E.e.23134/enabled - {}
COMMAND: GET /session/6eb241deac570073510706dc7280b28b/screenshot - {}
RESULT: {}
COMMAND: POST /session/6eb241deac570073510706dc7280b28b/element/f.451C0D83FD0E10390ED4567275622C99.d.638F8166E99CB989FC8765758909E82E.e.23134/clear - {}
COMMAND: GET /session/6eb241deac570073510706dc7280b28b/screenshot - {}
RESULT: {}
RESULT: {}
COMMAND: POST /session/6eb241deac570073510706dc7280b28b/element/f.451C0D83FD0E10390ED4567275622C99.d.638F8166E99CB989FC8765758909E82E.e.23134/value - {"text":"10599"}
COMMAND: GET /session/6eb241deac570073510706dc7280b28b/screenshot - {}
RESULT: {}
RESULT: {"text":"10599"}
COMMAND: GET /session/6eb241deac570073510706dc7280b28b/screenshot - {}
RESULT: {}
RESULT: {}
COMMAND: POST /session/6eb241deac570073510706dc7280b28b/actions - {"actions":[{"id":"action84","type":"key","parameters":{},"actions":[{"type":"keyDown","value":"î€‡"},{"type":"pause","duration":10},{"type":"keyUp","value":"î€‡"}]}]}
RESULT: {"actions":[{"id":"action84","type":"key","parameters":{},"actions":[{"type":"keyDown","value":"î€‡"},{"type":"pause","duration":10},{"type":"keyUp","value":"î€‡"}]}]}
COMMAND: GET /session/6eb241deac570073510706dc7280b28b/screenshot - {}
RESULT: {}
COMMAND: POST /session/6eb241deac570073510706dc7280b28b/element - {"using":"xpath","value":"//span[contains(@id, \"masterListContractsSmartTable-header-inner\")]"}
RESULT: {"using":"xpath","value":"//span[contains(@id, \"masterListContractsSmartTable-header-inner\")]"}
COMMAND: POST /session/6eb241deac570073510706dc7280b28b/elements - {"using":"xpath","value":"//span[contains(@id, \"masterListContractsSmartTable-header-inner\")]"}
RESULT: {"using":"xpath","value":"//span[contains(@id, \"masterListContractsSmartTable-header-inner\")]"}
COMMAND: POST /session/6eb241deac570073510706dc7280b28b/execute/sync - {"script":"<script> [56 bytes]","args":[{"element-6066-11e4-a52e-4f735466cecf":"f.451C0D83FD0E10390ED4567275622C99.d.638F8166E99CB989FC8765758909E82E.e.23259","ELEMENT":"f.451C0D83FD0E10390ED4567275622C99.d.638F8166E99CB989FC8765758909E82E.e.23259"}]}
RESULT: {"script":"<script> [56 bytes]","args":[{"element-6066-11e4-a52e-4f735466cecf":"f.451C0D83FD0E10390ED4567275622C99.d.638F8166E99CB989FC8765758909E82E.e.23259","ELEMENT":"f.451C0D83FD0E10390ED4567275622C99.d.638F8166E99CB989FC8765758909E82E.e.23259"}]}
COMMAND: POST /session/6eb241deac570073510706dc7280b28b/element - {"using":"xpath","value":"(//span[contains(@id, \"imgNav\")])[1]"}
COMMAND: GET /session/6eb241deac570073510706dc7280b28b/screenshot - {}
RESULT: {"using":"xpath","value":"(//span[contains(@id, \"imgNav\")])[1]"}
COMMAND: POST /session/6eb241deac570073510706dc7280b28b/element/f.451C0D83FD0E10390ED4567275622C99.d.638F8166E99CB989FC8765758909E82E.e.23220/click - {}
RESULT: {}
RESULT: {}
COMMAND: GET /session/6eb241deac570073510706dc7280b28b/screenshot - {}
RESULT: {}
COMMAND: POST /session/6eb241deac570073510706dc7280b28b/element - {"using":"xpath","value":"//tr[@data-kt=\"productsColumnListItem\"]//td//span[contains(@id, \"imgNav\")][1]"}
RESULT: {"using":"xpath","value":"//tr[@data-kt=\"productsColumnListItem\"]//td//span[contains(@id, \"imgNav\")][1]"}
COMMAND: POST /session/6eb241deac570073510706dc7280b28b/element/f.451C0D83FD0E10390ED4567275622C99.d.638F8166E99CB989FC8765758909E82E.e.23424/click - {}
RESULT: {}
COMMAND: GET /session/6eb241deac570073510706dc7280b28b/screenshot - {}
RESULT: {}
COMMAND: POST /session/6eb241deac570073510706dc7280b28b/element - {"using":"xpath","value":"//section[contains(@id, \"application-managecontracts-display-component---BillingItem--ObjectPageLayout-OPHeaderContent\")]/div/div/div/div/div[2]/div/div[2]/span"}
RESULT: {"using":"xpath","value":"//section[contains(@id, \"application-managecontracts-display-component---BillingItem--ObjectPageLayout-OPHeaderContent\")]/div/div/div/div/div[2]/div/div[2]/span"}
COMMAND: POST /session/6eb241deac570073510706dc7280b28b/execute/sync - {"script":"<script> [56 bytes]","args":[{"element-6066-11e4-a52e-4f735466cecf":"f.451C0D83FD0E10390ED4567275622C99.d.638F8166E99CB989FC8765758909E82E.e.23561","ELEMENT":"f.451C0D83FD0E10390ED4567275622C99.d.638F8166E99CB989FC8765758909E82E.e.23561"}]}
RESULT: {"script":"<script> [56 bytes]","args":[{"element-6066-11e4-a52e-4f735466cecf":"f.451C0D83FD0E10390ED4567275622C99.d.638F8166E99CB989FC8765758909E82E.e.23561","ELEMENT":"f.451C0D83FD0E10390ED4567275622C99.d.638F8166E99CB989FC8765758909E82E.e.23561"}]}
COMMAND: POST /session/6eb241deac570073510706dc7280b28b/element - {"using":"xpath","value":"//table[contains(@id, \"application-managecontracts-display-component---BillingItem--billingList-listUl\")]//td//*[contains(text(), \"partial billed\")]"}
COMMAND: GET /session/6eb241deac570073510706dc7280b28b/screenshot - {}
RESULT: {"using":"xpath","value":"//table[contains(@id, \"application-managecontracts-display-component---BillingItem--billingList-listUl\")]//td//*[contains(text(), \"partial billed\")]"}
COMMAND: POST /session/6eb241deac570073510706dc7280b28b/execute/sync - {"script":"<script> [56 bytes]","args":[{"element-6066-11e4-a52e-4f735466cecf":"f.451C0D83FD0E10390ED4567275622C99.d.638F8166E99CB989FC8765758909E82E.e.23562","ELEMENT":"f.451C0D83FD0E10390ED4567275622C99.d.638F8166E99CB989FC8765758909E82E.e.23562"}]}
RESULT: {}
RESULT: {"script":"<script> [56 bytes]","args":[{"element-6066-11e4-a52e-4f735466cecf":"f.451C0D83FD0E10390ED4567275622C99.d.638F8166E99CB989FC8765758909E82E.e.23562","ELEMENT":"f.451C0D83FD0E10390ED4567275622C99.d.638F8166E99CB989FC8765758909E82E.e.23562"}]}
COMMAND: POST /session/6eb241deac570073510706dc7280b28b/element - {"using":"css selector","value":"#shell-header-logo"}
COMMAND: GET /session/6eb241deac570073510706dc7280b28b/screenshot - {}
RESULT: {"using":"css selector","value":"#shell-header-logo"}
COMMAND: POST /session/6eb241deac570073510706dc7280b28b/element/f.451C0D83FD0E10390ED4567275622C99.d.638F8166E99CB989FC8765758909E82E.e.23132/click - {}
RESULT: {}
RESULT: {}
COMMAND: GET /session/6eb241deac570073510706dc7280b28b/screenshot - {}
RESULT: {}
]]></system-out>
    </testcase>
    <testcase classname="chrome.135_0_7049_115.windows.Billing_Calculation_-_Time_based_(considering_transport_times)_US139738" name="Should do a handover return 2 step 7 days after provide or 14 days from today receive it in 21 days" time="178.313">
      <system-out><![CDATA[
RESULT: undefined
COMMAND: POST /session/6eb241deac570073510706dc7280b28b/element - {"using":"xpath","value":"//*[@id=\"__tile130-title\"]"}
RESULT: {"using":"xpath","value":"//*[@id=\"__tile130-title\"]"}
COMMAND: POST /session/6eb241deac570073510706dc7280b28b/element/f.451C0D83FD0E10390ED4567275622C99.d.638F8166E99CB989FC8765758909E82E.e.20982/click - {}
RESULT: {}
COMMAND: GET /session/6eb241deac570073510706dc7280b28b/screenshot - {}
COMMAND: POST /session/6eb241deac570073510706dc7280b28b/element - {"using":"xpath","value":"//button[@data-kt=\"addButton\"]"}
RESULT: {}
RESULT: {"using":"xpath","value":"//button[@data-kt=\"addButton\"]"}
COMMAND: POST /session/6eb241deac570073510706dc7280b28b/elements - {"using":"xpath","value":"//button[@data-kt=\"addButton\"]"}
RESULT: {"using":"xpath","value":"//button[@data-kt=\"addButton\"]"}
COMMAND: POST /session/6eb241deac570073510706dc7280b28b/execute/sync - {"script":"<script> [8489 bytes]","args":[{"element-6066-11e4-a52e-4f735466cecf":"f.451C0D83FD0E10390ED4567275622C99.d.638F8166E99CB989FC8765758909E82E.e.23634","ELEMENT":"f.451C0D83FD0E10390ED4567275622C99.d.638F8166E99CB989FC8765758909E82E.e.23634"}]}
RESULT: {"script":"<script> [8489 bytes]","args":[{"element-6066-11e4-a52e-4f735466cecf":"f.451C0D83FD0E10390ED4567275622C99.d.638F8166E99CB989FC8765758909E82E.e.23634","ELEMENT":"f.451C0D83FD0E10390ED4567275622C99.d.638F8166E99CB989FC8765758909E82E.e.23634"}]}
COMMAND: GET /session/6eb241deac570073510706dc7280b28b/element/f.451C0D83FD0E10390ED4567275622C99.d.638F8166E99CB989FC8765758909E82E.e.23634/enabled - {}
COMMAND: GET /session/6eb241deac570073510706dc7280b28b/screenshot - {}
RESULT: {}
COMMAND: POST /session/6eb241deac570073510706dc7280b28b/execute/sync - {"script":"<script> [8489 bytes]","args":[{"element-6066-11e4-a52e-4f735466cecf":"f.451C0D83FD0E10390ED4567275622C99.d.638F8166E99CB989FC8765758909E82E.e.23634","ELEMENT":"f.451C0D83FD0E10390ED4567275622C99.d.638F8166E99CB989FC8765758909E82E.e.23634"}]}
COMMAND: GET /session/6eb241deac570073510706dc7280b28b/screenshot - {}
RESULT: {}
RESULT: {"script":"<script> [8489 bytes]","args":[{"element-6066-11e4-a52e-4f735466cecf":"f.451C0D83FD0E10390ED4567275622C99.d.638F8166E99CB989FC8765758909E82E.e.23634","ELEMENT":"f.451C0D83FD0E10390ED4567275622C99.d.638F8166E99CB989FC8765758909E82E.e.23634"}]}
COMMAND: POST /session/6eb241deac570073510706dc7280b28b/execute/sync - {"script":"<script> [5351 bytes]","args":[{"element-6066-11e4-a52e-4f735466cecf":"f.451C0D83FD0E10390ED4567275622C99.d.638F8166E99CB989FC8765758909E82E.e.23634","ELEMENT":"f.451C0D83FD0E10390ED4567275622C99.d.638F8166E99CB989FC8765758909E82E.e.23634"}]}
COMMAND: GET /session/6eb241deac570073510706dc7280b28b/screenshot - {}
RESULT: {}
RESULT: {"script":"<script> [5351 bytes]","args":[{"element-6066-11e4-a52e-4f735466cecf":"f.451C0D83FD0E10390ED4567275622C99.d.638F8166E99CB989FC8765758909E82E.e.23634","ELEMENT":"f.451C0D83FD0E10390ED4567275622C99.d.638F8166E99CB989FC8765758909E82E.e.23634"}]}
COMMAND: GET /session/6eb241deac570073510706dc7280b28b/screenshot - {}
RESULT: {}
RESULT: {}
COMMAND: POST /session/6eb241deac570073510706dc7280b28b/element - {"using":"xpath","value":"//input[contains(@id ,\"smartContractFilterBar-btnBasicSearch-I\")]"}
RESULT: {"using":"xpath","value":"//input[contains(@id ,\"smartContractFilterBar-btnBasicSearch-I\")]"}
COMMAND: POST /session/6eb241deac570073510706dc7280b28b/elements - {"using":"xpath","value":"//input[contains(@id ,\"smartContractFilterBar-btnBasicSearch-I\")]"}
RESULT: {"using":"xpath","value":"//input[contains(@id ,\"smartContractFilterBar-btnBasicSearch-I\")]"}
COMMAND: POST /session/6eb241deac570073510706dc7280b28b/execute/sync - {"script":"<script> [8489 bytes]","args":[{"element-6066-11e4-a52e-4f735466cecf":"f.451C0D83FD0E10390ED4567275622C99.d.638F8166E99CB989FC8765758909E82E.e.23568","ELEMENT":"f.451C0D83FD0E10390ED4567275622C99.d.638F8166E99CB989FC8765758909E82E.e.23568"}]}
RESULT: {"script":"<script> [8489 bytes]","args":[{"element-6066-11e4-a52e-4f735466cecf":"f.451C0D83FD0E10390ED4567275622C99.d.638F8166E99CB989FC8765758909E82E.e.23568","ELEMENT":"f.451C0D83FD0E10390ED4567275622C99.d.638F8166E99CB989FC8765758909E82E.e.23568"}]}
COMMAND: GET /session/6eb241deac570073510706dc7280b28b/element/f.451C0D83FD0E10390ED4567275622C99.d.638F8166E99CB989FC8765758909E82E.e.23568/enabled - {}
COMMAND: GET /session/6eb241deac570073510706dc7280b28b/screenshot - {}
RESULT: {}
COMMAND: POST /session/6eb241deac570073510706dc7280b28b/element/f.451C0D83FD0E10390ED4567275622C99.d.638F8166E99CB989FC8765758909E82E.e.23568/clear - {}
COMMAND: GET /session/6eb241deac570073510706dc7280b28b/screenshot - {}
RESULT: {}
RESULT: {}
COMMAND: POST /session/6eb241deac570073510706dc7280b28b/element/f.451C0D83FD0E10390ED4567275622C99.d.638F8166E99CB989FC8765758909E82E.e.23568/value - {"text":"10599"}
COMMAND: GET /session/6eb241deac570073510706dc7280b28b/screenshot - {}
RESULT: {}
RESULT: {"text":"10599"}
COMMAND: GET /session/6eb241deac570073510706dc7280b28b/screenshot - {}
RESULT: {}
RESULT: {}
COMMAND: POST /session/6eb241deac570073510706dc7280b28b/actions - {"actions":[{"id":"action85","type":"key","parameters":{},"actions":[{"type":"keyDown","value":"î€‡"},{"type":"pause","duration":10},{"type":"keyUp","value":"î€‡"}]}]}
RESULT: {"actions":[{"id":"action85","type":"key","parameters":{},"actions":[{"type":"keyDown","value":"î€‡"},{"type":"pause","duration":10},{"type":"keyUp","value":"î€‡"}]}]}
COMMAND: GET /session/6eb241deac570073510706dc7280b28b/screenshot - {}
RESULT: {}
COMMAND: POST /session/6eb241deac570073510706dc7280b28b/element - {"using":"xpath","value":"//span[contains(@id, \"masterListContractsSmartTable-header-inner\")]"}
RESULT: {"using":"xpath","value":"//span[contains(@id, \"masterListContractsSmartTable-header-inner\")]"}
COMMAND: POST /session/6eb241deac570073510706dc7280b28b/elements - {"using":"xpath","value":"//span[contains(@id, \"masterListContractsSmartTable-header-inner\")]"}
RESULT: {"using":"xpath","value":"//span[contains(@id, \"masterListContractsSmartTable-header-inner\")]"}
COMMAND: POST /session/6eb241deac570073510706dc7280b28b/execute/sync - {"script":"<script> [56 bytes]","args":[{"element-6066-11e4-a52e-4f735466cecf":"f.451C0D83FD0E10390ED4567275622C99.d.638F8166E99CB989FC8765758909E82E.e.23693","ELEMENT":"f.451C0D83FD0E10390ED4567275622C99.d.638F8166E99CB989FC8765758909E82E.e.23693"}]}
RESULT: {"script":"<script> [56 bytes]","args":[{"element-6066-11e4-a52e-4f735466cecf":"f.451C0D83FD0E10390ED4567275622C99.d.638F8166E99CB989FC8765758909E82E.e.23693","ELEMENT":"f.451C0D83FD0E10390ED4567275622C99.d.638F8166E99CB989FC8765758909E82E.e.23693"}]}
COMMAND: POST /session/6eb241deac570073510706dc7280b28b/element - {"using":"xpath","value":"(//span[contains(@id, \"imgNav\")])[1]"}
COMMAND: GET /session/6eb241deac570073510706dc7280b28b/screenshot - {}
RESULT: {"using":"xpath","value":"(//span[contains(@id, \"imgNav\")])[1]"}
COMMAND: POST /session/6eb241deac570073510706dc7280b28b/element/f.451C0D83FD0E10390ED4567275622C99.d.638F8166E99CB989FC8765758909E82E.e.23659/click - {}
RESULT: {}
RESULT: {}
COMMAND: GET /session/6eb241deac570073510706dc7280b28b/screenshot - {}
RESULT: {}
COMMAND: POST /session/6eb241deac570073510706dc7280b28b/element - {"using":"xpath","value":"//button[contains(@id, \"contractDetailReturnButton\")]"}
RESULT: {"using":"xpath","value":"//button[contains(@id, \"contractDetailReturnButton\")]"}
COMMAND: POST /session/6eb241deac570073510706dc7280b28b/element/f.451C0D83FD0E10390ED4567275622C99.d.638F8166E99CB989FC8765758909E82E.e.23763/click - {}
RESULT: {}
COMMAND: GET /session/6eb241deac570073510706dc7280b28b/screenshot - {}
RESULT: undefined
COMMAND: POST /session/6eb241deac570073510706dc7280b28b/execute/async - {"script":"<script> [776 bytes]","args":[{"enterText":"05/20/25","selector":{"id":"application-managehandovers-display-component---AddNewHO--dueDate","interaction":{"idSuffix":"inner"}},"clearTextFirst":true,"interactionType":"ENTER_TEXT"}]}
RESULT: {}
RESULT: {"script":"<script> [776 bytes]","args":[{"enterText":"05/20/25","selector":{"id":"application-managehandovers-display-component---AddNewHO--dueDate","interaction":{"idSuffix":"inner"}},"clearTextFirst":true,"interactionType":"ENTER_TEXT"}]}
COMMAND: POST /session/6eb241deac570073510706dc7280b28b/element - {"using":"xpath","value":"//bdi[contains(text(), \"Instructions\")]"}
RESULT: {"using":"xpath","value":"//bdi[contains(text(), \"Instructions\")]"}
COMMAND: POST /session/6eb241deac570073510706dc7280b28b/element/f.451C0D83FD0E10390ED4567275622C99.d.638F8166E99CB989FC8765758909E82E.e.24153/click - {}
RESULT: {}
COMMAND: GET /session/6eb241deac570073510706dc7280b28b/screenshot - {}
RESULT: {}
COMMAND: POST /session/6eb241deac570073510706dc7280b28b/element - {"using":"xpath","value":"//button[@data-kt=\"AddNewHOProvideAddItemsButton\"]"}
RESULT: {"using":"xpath","value":"//button[@data-kt=\"AddNewHOProvideAddItemsButton\"]"}
COMMAND: POST /session/6eb241deac570073510706dc7280b28b/element/f.451C0D83FD0E10390ED4567275622C99.d.638F8166E99CB989FC8765758909E82E.e.23949/click - {}
RESULT: {}
COMMAND: GET /session/6eb241deac570073510706dc7280b28b/screenshot - {}
RESULT: {}
RESULT: undefined
COMMAND: POST /session/6eb241deac570073510706dc7280b28b/element - {"using":"xpath","value":"//*[@id=\"application-managehandovers-display-component---AddNewHO--popup-sa\"]"}
RESULT: {"using":"xpath","value":"//*[@id=\"application-managehandovers-display-component---AddNewHO--popup-sa\"]"}
COMMAND: POST /session/6eb241deac570073510706dc7280b28b/element/f.451C0D83FD0E10390ED4567275622C99.d.638F8166E99CB989FC8765758909E82E.e.24172/click - {}
RESULT: {}
COMMAND: GET /session/6eb241deac570073510706dc7280b28b/screenshot - {}
RESULT: {}
COMMAND: POST /session/6eb241deac570073510706dc7280b28b/element - {"using":"xpath","value":"//*[contains(@id ,\"BDI-content\")][contains(text(), \"Select\")]"}
RESULT: {"using":"xpath","value":"//*[contains(@id ,\"BDI-content\")][contains(text(), \"Select\")]"}
COMMAND: POST /session/6eb241deac570073510706dc7280b28b/element/f.451C0D83FD0E10390ED4567275622C99.d.638F8166E99CB989FC8765758909E82E.e.24173/click - {}
RESULT: {}
COMMAND: GET /session/6eb241deac570073510706dc7280b28b/screenshot - {}
RESULT: {}
COMMAND: POST /session/6eb241deac570073510706dc7280b28b/element - {"using":"xpath","value":"(//div[contains(@id, \"application-managehandovers-display-component---AddNewHO--oneStep-CbBg\")])"}
RESULT: {"using":"xpath","value":"(//div[contains(@id, \"application-managehandovers-display-component---AddNewHO--oneStep-CbBg\")])"}
COMMAND: POST /session/6eb241deac570073510706dc7280b28b/element/f.451C0D83FD0E10390ED4567275622C99.d.638F8166E99CB989FC8765758909E82E.e.24181/click - {}
RESULT: {}
RESULT: undefined
COMMAND: POST /session/6eb241deac570073510706dc7280b28b/element - {"using":"xpath","value":"//*[@id=\"application-managehandovers-display-component---AddNewHO--confirmCreationButton\"]"}
COMMAND: GET /session/6eb241deac570073510706dc7280b28b/screenshot - {}
RESULT: {"using":"xpath","value":"//*[@id=\"application-managehandovers-display-component---AddNewHO--confirmCreationButton\"]"}
COMMAND: POST /session/6eb241deac570073510706dc7280b28b/element/f.451C0D83FD0E10390ED4567275622C99.d.638F8166E99CB989FC8765758909E82E.e.23956/click - {}
RESULT: {}
RESULT: {}
COMMAND: GET /session/6eb241deac570073510706dc7280b28b/screenshot - {}
RESULT: {}
COMMAND: POST /session/6eb241deac570073510706dc7280b28b/element - {"using":"xpath","value":"//button[@data-kt=\"PickingTableConfirmAllButton\"]"}
RESULT: {"using":"xpath","value":"//button[@data-kt=\"PickingTableConfirmAllButton\"]"}
COMMAND: POST /session/6eb241deac570073510706dc7280b28b/element/f.451C0D83FD0E10390ED4567275622C99.d.638F8166E99CB989FC8765758909E82E.e.24220/click - {}
COMMAND: POST /session/6eb241deac570073510706dc7280b28b/element - {"using":"xpath","value":"//button[@data-kt=\"PickingTableConfirmAllButton\"]"}
RESULT: {"using":"xpath","value":"//button[@data-kt=\"PickingTableConfirmAllButton\"]"}
COMMAND: POST /session/6eb241deac570073510706dc7280b28b/element/f.451C0D83FD0E10390ED4567275622C99.d.638F8166E99CB989FC8765758909E82E.e.24220/click - {}
COMMAND: POST /session/6eb241deac570073510706dc7280b28b/element - {"using":"xpath","value":"//button[@data-kt=\"PickingTableConfirmAllButton\"]"}
RESULT: {"using":"xpath","value":"//button[@data-kt=\"PickingTableConfirmAllButton\"]"}
COMMAND: POST /session/6eb241deac570073510706dc7280b28b/element/f.451C0D83FD0E10390ED4567275622C99.d.638F8166E99CB989FC8765758909E82E.e.24232/click - {}
RESULT: {}
COMMAND: GET /session/6eb241deac570073510706dc7280b28b/screenshot - {}
RESULT: {}
COMMAND: POST /session/6eb241deac570073510706dc7280b28b/element - {"using":"xpath","value":"//bdi[contains(text(), \"OK\")]"}
RESULT: {"using":"xpath","value":"//bdi[contains(text(), \"OK\")]"}
COMMAND: POST /session/6eb241deac570073510706dc7280b28b/element/f.451C0D83FD0E10390ED4567275622C99.d.638F8166E99CB989FC8765758909E82E.e.24235/click - {}
RESULT: {}
COMMAND: GET /session/6eb241deac570073510706dc7280b28b/screenshot - {}
RESULT: {}
COMMAND: POST /session/6eb241deac570073510706dc7280b28b/element - {"using":"xpath","value":"//button[@data-kt=\"execHoPickButton\"]"}
RESULT: {"using":"xpath","value":"//button[@data-kt=\"execHoPickButton\"]"}
COMMAND: POST /session/6eb241deac570073510706dc7280b28b/element/f.451C0D83FD0E10390ED4567275622C99.d.638F8166E99CB989FC8765758909E82E.e.24236/click - {}
RESULT: {}
COMMAND: GET /session/6eb241deac570073510706dc7280b28b/screenshot - {}
RESULT: {}
COMMAND: POST /session/6eb241deac570073510706dc7280b28b/element - {"using":"xpath","value":"//span[contains(@id ,\"filterItemControl_BASIC-SEND_CONTRACT-vhi\")]"}
RESULT: {"using":"xpath","value":"//span[contains(@id ,\"filterItemControl_BASIC-SEND_CONTRACT-vhi\")]"}
COMMAND: POST /session/6eb241deac570073510706dc7280b28b/element/f.451C0D83FD0E10390ED4567275622C99.d.638F8166E99CB989FC8765758909E82E.e.24415/click - {}
RESULT: {}
COMMAND: GET /session/6eb241deac570073510706dc7280b28b/screenshot - {}
RESULT: {}
RESULT: undefined
COMMAND: POST /session/6eb241deac570073510706dc7280b28b/execute/async - {"script":"<script> [776 bytes]","args":[{"enterText":"10599","selector":{"controlType":"sap.m.SearchField","viewName":"etm.portal.ui.managehandovers.view.MasterHO","bindingPath":{"path":"","propertyPath":"/_BASIC_SEARCH_FIELD","modelName":"fi1t3rM0d31"},"searchOpenDialogs":true,"interaction":{"idSuffix":"I"}},"clearTextFirst":true,"interactionType":"ENTER_TEXT"}]}
RESULT: {"script":"<script> [776 bytes]","args":[{"enterText":"10599","selector":{"controlType":"sap.m.SearchField","viewName":"etm.portal.ui.managehandovers.view.MasterHO","bindingPath":{"path":"","propertyPath":"/_BASIC_SEARCH_FIELD","modelName":"fi1t3rM0d31"},"searchOpenDialogs":true,"interaction":{"idSuffix":"I"}},"clearTextFirst":true,"interactionType":"ENTER_TEXT"}]}
COMMAND: POST /session/6eb241deac570073510706dc7280b28b/actions - {"actions":[{"id":"action86","type":"key","parameters":{},"actions":[{"type":"keyDown","value":"î€‡"},{"type":"pause","duration":10},{"type":"keyUp","value":"î€‡"}]}]}
RESULT: {"actions":[{"id":"action86","type":"key","parameters":{},"actions":[{"type":"keyDown","value":"î€‡"},{"type":"pause","duration":10},{"type":"keyUp","value":"î€‡"}]}]}
COMMAND: GET /session/6eb241deac570073510706dc7280b28b/screenshot - {}
RESULT: {}
COMMAND: POST /session/6eb241deac570073510706dc7280b28b/element - {"using":"xpath","value":"//div[contains(@id, 'filterItemControl_BASIC-SEND_CONTRACT-valueHelpDialog-table-rowsel0')]"}
RESULT: {"using":"xpath","value":"//div[contains(@id, 'filterItemControl_BASIC-SEND_CONTRACT-valueHelpDialog-table-rowsel0')]"}
COMMAND: POST /session/6eb241deac570073510706dc7280b28b/element/f.451C0D83FD0E10390ED4567275622C99.d.638F8166E99CB989FC8765758909E82E.e.24423/click - {}
RESULT: {}
COMMAND: GET /session/6eb241deac570073510706dc7280b28b/screenshot - {}
RESULT: {}
COMMAND: POST /session/6eb241deac570073510706dc7280b28b/element - {"using":"xpath","value":"//bdi[contains(text(), \"OK\")]"}
RESULT: {"using":"xpath","value":"//bdi[contains(text(), \"OK\")]"}
COMMAND: POST /session/6eb241deac570073510706dc7280b28b/element/f.451C0D83FD0E10390ED4567275622C99.d.638F8166E99CB989FC8765758909E82E.e.24425/click - {}
RESULT: {}
COMMAND: GET /session/6eb241deac570073510706dc7280b28b/screenshot - {}
RESULT: {}
COMMAND: POST /session/6eb241deac570073510706dc7280b28b/element - {"using":"xpath","value":"//span[contains(@id, \"smartTable-header-inner\")]"}
RESULT: {"using":"xpath","value":"//span[contains(@id, \"smartTable-header-inner\")]"}
COMMAND: POST /session/6eb241deac570073510706dc7280b28b/elements - {"using":"xpath","value":"//span[contains(@id, \"smartTable-header-inner\")]"}
RESULT: {"using":"xpath","value":"//span[contains(@id, \"smartTable-header-inner\")]"}
COMMAND: POST /session/6eb241deac570073510706dc7280b28b/execute/sync - {"script":"<script> [56 bytes]","args":[{"element-6066-11e4-a52e-4f735466cecf":"f.451C0D83FD0E10390ED4567275622C99.d.638F8166E99CB989FC8765758909E82E.e.24454","ELEMENT":"f.451C0D83FD0E10390ED4567275622C99.d.638F8166E99CB989FC8765758909E82E.e.24454"}]}
RESULT: {"script":"<script> [56 bytes]","args":[{"element-6066-11e4-a52e-4f735466cecf":"f.451C0D83FD0E10390ED4567275622C99.d.638F8166E99CB989FC8765758909E82E.e.24454","ELEMENT":"f.451C0D83FD0E10390ED4567275622C99.d.638F8166E99CB989FC8765758909E82E.e.24454"}]}
COMMAND: POST /session/6eb241deac570073510706dc7280b28b/element - {"using":"xpath","value":"//table[contains(@id, \"customHandovers\")]//tbody/tr[1]/td[2]/span"}
COMMAND: GET /session/6eb241deac570073510706dc7280b28b/screenshot - {}
RESULT: {"using":"xpath","value":"//table[contains(@id, \"customHandovers\")]//tbody/tr[1]/td[2]/span"}
COMMAND: POST /session/6eb241deac570073510706dc7280b28b/execute/sync - {"script":"<script> [56 bytes]","args":[{"element-6066-11e4-a52e-4f735466cecf":"f.451C0D83FD0E10390ED4567275622C99.d.638F8166E99CB989FC8765758909E82E.e.24455","ELEMENT":"f.451C0D83FD0E10390ED4567275622C99.d.638F8166E99CB989FC8765758909E82E.e.24455"}]}
RESULT: {}
RESULT: {"script":"<script> [56 bytes]","args":[{"element-6066-11e4-a52e-4f735466cecf":"f.451C0D83FD0E10390ED4567275622C99.d.638F8166E99CB989FC8765758909E82E.e.24455","ELEMENT":"f.451C0D83FD0E10390ED4567275622C99.d.638F8166E99CB989FC8765758909E82E.e.24455"}]}
COMMAND: POST /session/6eb241deac570073510706dc7280b28b/element - {"using":"xpath","value":"(//span[contains(@id, \"imgNav\")])[1]"}
COMMAND: GET /session/6eb241deac570073510706dc7280b28b/screenshot - {}
RESULT: {"using":"xpath","value":"(//span[contains(@id, \"imgNav\")])[1]"}
COMMAND: POST /session/6eb241deac570073510706dc7280b28b/element/f.451C0D83FD0E10390ED4567275622C99.d.638F8166E99CB989FC8765758909E82E.e.24452/click - {}
RESULT: {}
RESULT: {}
COMMAND: GET /session/6eb241deac570073510706dc7280b28b/screenshot - {}
RESULT: {}
COMMAND: POST /session/6eb241deac570073510706dc7280b28b/element - {"using":"xpath","value":"//button[@data-kt=\"PickingTableConfirmAllButton\"]"}
RESULT: {"using":"xpath","value":"//button[@data-kt=\"PickingTableConfirmAllButton\"]"}
COMMAND: POST /session/6eb241deac570073510706dc7280b28b/element/f.451C0D83FD0E10390ED4567275622C99.d.638F8166E99CB989FC8765758909E82E.e.24496/click - {}
RESULT: {}
COMMAND: GET /session/6eb241deac570073510706dc7280b28b/screenshot - {}
RESULT: {}
COMMAND: POST /session/6eb241deac570073510706dc7280b28b/element - {"using":"xpath","value":"//bdi[contains(text(), \"OK\")]"}
RESULT: {"using":"xpath","value":"//bdi[contains(text(), \"OK\")]"}
COMMAND: POST /session/6eb241deac570073510706dc7280b28b/element/f.451C0D83FD0E10390ED4567275622C99.d.638F8166E99CB989FC8765758909E82E.e.24507/click - {}
RESULT: {}
COMMAND: GET /session/6eb241deac570073510706dc7280b28b/screenshot - {}
RESULT: {}
COMMAND: POST /session/6eb241deac570073510706dc7280b28b/element - {"using":"xpath","value":"//button[@data-kt=\"execHoIssueButton\"]"}
RESULT: {"using":"xpath","value":"//button[@data-kt=\"execHoIssueButton\"]"}
COMMAND: POST /session/6eb241deac570073510706dc7280b28b/element/f.451C0D83FD0E10390ED4567275622C99.d.638F8166E99CB989FC8765758909E82E.e.24509/click - {}
RESULT: {}
COMMAND: GET /session/6eb241deac570073510706dc7280b28b/screenshot - {}
RESULT: {}
COMMAND: POST /session/6eb241deac570073510706dc7280b28b/element - {"using":"xpath","value":"//input[contains(@id ,\"smartFilterBar-btnBasicSearch-I\")]"}
RESULT: {"using":"xpath","value":"//input[contains(@id ,\"smartFilterBar-btnBasicSearch-I\")]"}
COMMAND: POST /session/6eb241deac570073510706dc7280b28b/elements - {"using":"xpath","value":"//input[contains(@id ,\"smartFilterBar-btnBasicSearch-I\")]"}
RESULT: {"using":"xpath","value":"//input[contains(@id ,\"smartFilterBar-btnBasicSearch-I\")]"}
COMMAND: POST /session/6eb241deac570073510706dc7280b28b/execute/sync - {"script":"<script> [8489 bytes]","args":[{"element-6066-11e4-a52e-4f735466cecf":"f.451C0D83FD0E10390ED4567275622C99.d.638F8166E99CB989FC8765758909E82E.e.23911","ELEMENT":"f.451C0D83FD0E10390ED4567275622C99.d.638F8166E99CB989FC8765758909E82E.e.23911"}]}
RESULT: {"script":"<script> [8489 bytes]","args":[{"element-6066-11e4-a52e-4f735466cecf":"f.451C0D83FD0E10390ED4567275622C99.d.638F8166E99CB989FC8765758909E82E.e.23911","ELEMENT":"f.451C0D83FD0E10390ED4567275622C99.d.638F8166E99CB989FC8765758909E82E.e.23911"}]}
COMMAND: GET /session/6eb241deac570073510706dc7280b28b/element/f.451C0D83FD0E10390ED4567275622C99.d.638F8166E99CB989FC8765758909E82E.e.23911/enabled - {}
COMMAND: GET /session/6eb241deac570073510706dc7280b28b/screenshot - {}
RESULT: {}
COMMAND: POST /session/6eb241deac570073510706dc7280b28b/element/f.451C0D83FD0E10390ED4567275622C99.d.638F8166E99CB989FC8765758909E82E.e.23911/clear - {}
COMMAND: GET /session/6eb241deac570073510706dc7280b28b/screenshot - {}
RESULT: {}
RESULT: {}
COMMAND: POST /session/6eb241deac570073510706dc7280b28b/element/f.451C0D83FD0E10390ED4567275622C99.d.638F8166E99CB989FC8765758909E82E.e.23911/value - {"text":"30907"}
COMMAND: GET /session/6eb241deac570073510706dc7280b28b/screenshot - {}
RESULT: {}
RESULT: {"text":"30907"}
COMMAND: GET /session/6eb241deac570073510706dc7280b28b/screenshot - {}
RESULT: {}
RESULT: {}
COMMAND: POST /session/6eb241deac570073510706dc7280b28b/actions - {"actions":[{"id":"action87","type":"key","parameters":{},"actions":[{"type":"keyDown","value":"î€‡"},{"type":"pause","duration":10},{"type":"keyUp","value":"î€‡"}]}]}
RESULT: {"actions":[{"id":"action87","type":"key","parameters":{},"actions":[{"type":"keyDown","value":"î€‡"},{"type":"pause","duration":10},{"type":"keyUp","value":"î€‡"}]}]}
COMMAND: GET /session/6eb241deac570073510706dc7280b28b/screenshot - {}
RESULT: {}
COMMAND: POST /session/6eb241deac570073510706dc7280b28b/element - {"using":"xpath","value":"//span[contains(@id, \"smartTable-header-inner\")]"}
RESULT: {"using":"xpath","value":"//span[contains(@id, \"smartTable-header-inner\")]"}
COMMAND: POST /session/6eb241deac570073510706dc7280b28b/elements - {"using":"xpath","value":"//span[contains(@id, \"smartTable-header-inner\")]"}
RESULT: {"using":"xpath","value":"//span[contains(@id, \"smartTable-header-inner\")]"}
COMMAND: POST /session/6eb241deac570073510706dc7280b28b/execute/sync - {"script":"<script> [56 bytes]","args":[{"element-6066-11e4-a52e-4f735466cecf":"f.451C0D83FD0E10390ED4567275622C99.d.638F8166E99CB989FC8765758909E82E.e.24454","ELEMENT":"f.451C0D83FD0E10390ED4567275622C99.d.638F8166E99CB989FC8765758909E82E.e.24454"}]}
RESULT: {"script":"<script> [56 bytes]","args":[{"element-6066-11e4-a52e-4f735466cecf":"f.451C0D83FD0E10390ED4567275622C99.d.638F8166E99CB989FC8765758909E82E.e.24454","ELEMENT":"f.451C0D83FD0E10390ED4567275622C99.d.638F8166E99CB989FC8765758909E82E.e.24454"}]}
COMMAND: POST /session/6eb241deac570073510706dc7280b28b/elements - {"using":"xpath","value":"//thead[contains(@class, \"sapMTableTH\")]/tr/th"}
COMMAND: GET /session/6eb241deac570073510706dc7280b28b/screenshot - {}
RESULT: {"using":"xpath","value":"//thead[contains(@class, \"sapMTableTH\")]/tr/th"}
COMMAND: GET /session/6eb241deac570073510706dc7280b28b/element/f.451C0D83FD0E10390ED4567275622C99.d.638F8166E99CB989FC8765758909E82E.e.24544/text - {}
RESULT: {}
RESULT: {}
COMMAND: GET /session/6eb241deac570073510706dc7280b28b/element/f.451C0D83FD0E10390ED4567275622C99.d.638F8166E99CB989FC8765758909E82E.e.24545/text - {}
RESULT: {}
COMMAND: GET /session/6eb241deac570073510706dc7280b28b/element/f.451C0D83FD0E10390ED4567275622C99.d.638F8166E99CB989FC8765758909E82E.e.23905/text - {}
RESULT: {}
COMMAND: GET /session/6eb241deac570073510706dc7280b28b/element/f.451C0D83FD0E10390ED4567275622C99.d.638F8166E99CB989FC8765758909E82E.e.23907/text - {}
RESULT: {}
COMMAND: GET /session/6eb241deac570073510706dc7280b28b/element/f.451C0D83FD0E10390ED4567275622C99.d.638F8166E99CB989FC8765758909E82E.e.24512/text - {}
RESULT: {}
COMMAND: GET /session/6eb241deac570073510706dc7280b28b/element/f.451C0D83FD0E10390ED4567275622C99.d.638F8166E99CB989FC8765758909E82E.e.24513/text - {}
RESULT: {}
COMMAND: GET /session/6eb241deac570073510706dc7280b28b/element/f.451C0D83FD0E10390ED4567275622C99.d.638F8166E99CB989FC8765758909E82E.e.24514/text - {}
RESULT: {}
COMMAND: GET /session/6eb241deac570073510706dc7280b28b/element/f.451C0D83FD0E10390ED4567275622C99.d.638F8166E99CB989FC8765758909E82E.e.24515/text - {}
RESULT: {}
COMMAND: GET /session/6eb241deac570073510706dc7280b28b/element/f.451C0D83FD0E10390ED4567275622C99.d.638F8166E99CB989FC8765758909E82E.e.24516/text - {}
RESULT: {}
COMMAND: GET /session/6eb241deac570073510706dc7280b28b/element/f.451C0D83FD0E10390ED4567275622C99.d.638F8166E99CB989FC8765758909E82E.e.24517/text - {}
RESULT: {}
COMMAND: GET /session/6eb241deac570073510706dc7280b28b/element/f.451C0D83FD0E10390ED4567275622C99.d.638F8166E99CB989FC8765758909E82E.e.24518/text - {}
RESULT: {}
COMMAND: GET /session/6eb241deac570073510706dc7280b28b/element/f.451C0D83FD0E10390ED4567275622C99.d.638F8166E99CB989FC8765758909E82E.e.24519/text - {}
RESULT: {}
COMMAND: GET /session/6eb241deac570073510706dc7280b28b/element/f.451C0D83FD0E10390ED4567275622C99.d.638F8166E99CB989FC8765758909E82E.e.24520/text - {}
RESULT: {}
COMMAND: GET /session/6eb241deac570073510706dc7280b28b/element/f.451C0D83FD0E10390ED4567275622C99.d.638F8166E99CB989FC8765758909E82E.e.23908/text - {}
RESULT: {}
COMMAND: POST /session/6eb241deac570073510706dc7280b28b/element - {"using":"xpath","value":"//tbody[contains(@id, \"customHandoversTable-tblBody\")]/tr[1]/td[14]/div/span"}
RESULT: {"using":"xpath","value":"//tbody[contains(@id, \"customHandoversTable-tblBody\")]/tr[1]/td[14]/div/span"}
COMMAND: POST /session/6eb241deac570073510706dc7280b28b/execute/sync - {"script":"<script> [56 bytes]","args":[{"element-6066-11e4-a52e-4f735466cecf":"f.451C0D83FD0E10390ED4567275622C99.d.638F8166E99CB989FC8765758909E82E.e.24598","ELEMENT":"f.451C0D83FD0E10390ED4567275622C99.d.638F8166E99CB989FC8765758909E82E.e.24598"}]}
RESULT: {"script":"<script> [56 bytes]","args":[{"element-6066-11e4-a52e-4f735466cecf":"f.451C0D83FD0E10390ED4567275622C99.d.638F8166E99CB989FC8765758909E82E.e.24598","ELEMENT":"f.451C0D83FD0E10390ED4567275622C99.d.638F8166E99CB989FC8765758909E82E.e.24598"}]}
COMMAND: POST /session/6eb241deac570073510706dc7280b28b/element - {"using":"xpath","value":"(//span[contains(@id, \"imgNav\")])[1]"}
COMMAND: GET /session/6eb241deac570073510706dc7280b28b/screenshot - {}
RESULT: {"using":"xpath","value":"(//span[contains(@id, \"imgNav\")])[1]"}
COMMAND: POST /session/6eb241deac570073510706dc7280b28b/element/f.451C0D83FD0E10390ED4567275622C99.d.638F8166E99CB989FC8765758909E82E.e.24599/click - {}
RESULT: {}
RESULT: {}
COMMAND: GET /session/6eb241deac570073510706dc7280b28b/screenshot - {}
RESULT: undefined
COMMAND: POST /session/6eb241deac570073510706dc7280b28b/execute/async - {"script":"<script> [776 bytes]","args":[{"enterText":"05/27/25","selector":{"id":"receiptDatePicker","viewName":"etm.portal.ui.managehandovers.view.DetailExecuteHO","interaction":{"idSuffix":"inner"}},"clearTextFirst":true,"interactionType":"ENTER_TEXT"}]}
RESULT: {}
RESULT: {"script":"<script> [776 bytes]","args":[{"enterText":"05/27/25","selector":{"id":"receiptDatePicker","viewName":"etm.portal.ui.managehandovers.view.DetailExecuteHO","interaction":{"idSuffix":"inner"}},"clearTextFirst":true,"interactionType":"ENTER_TEXT"}]}
COMMAND: POST /session/6eb241deac570073510706dc7280b28b/element - {"using":"xpath","value":"//bdi[contains(text(), \"OK\")]"}
RESULT: {"using":"xpath","value":"//bdi[contains(text(), \"OK\")]"}
COMMAND: POST /session/6eb241deac570073510706dc7280b28b/element/f.451C0D83FD0E10390ED4567275622C99.d.638F8166E99CB989FC8765758909E82E.e.24636/click - {}
RESULT: {}
COMMAND: GET /session/6eb241deac570073510706dc7280b28b/screenshot - {}
RESULT: {}
COMMAND: POST /session/6eb241deac570073510706dc7280b28b/element - {"using":"xpath","value":"//button[@data-kt=\"PickingTableConfirmAllButton\"]"}
RESULT: {"using":"xpath","value":"//button[@data-kt=\"PickingTableConfirmAllButton\"]"}
COMMAND: POST /session/6eb241deac570073510706dc7280b28b/element/f.451C0D83FD0E10390ED4567275622C99.d.638F8166E99CB989FC8765758909E82E.e.24622/click - {}
RESULT: {}
COMMAND: GET /session/6eb241deac570073510706dc7280b28b/screenshot - {}
RESULT: {}
COMMAND: POST /session/6eb241deac570073510706dc7280b28b/element - {"using":"xpath","value":"//bdi[contains(text(), \"OK\")]"}
RESULT: {"using":"xpath","value":"//bdi[contains(text(), \"OK\")]"}
COMMAND: POST /session/6eb241deac570073510706dc7280b28b/element/f.451C0D83FD0E10390ED4567275622C99.d.638F8166E99CB989FC8765758909E82E.e.24651/click - {}
RESULT: {}
COMMAND: GET /session/6eb241deac570073510706dc7280b28b/screenshot - {}
RESULT: {}
COMMAND: POST /session/6eb241deac570073510706dc7280b28b/element - {"using":"xpath","value":"//button[@data-kt= \"execHoReceiveButton\"]"}
RESULT: {"using":"xpath","value":"//button[@data-kt= \"execHoReceiveButton\"]"}
COMMAND: POST /session/6eb241deac570073510706dc7280b28b/element/f.451C0D83FD0E10390ED4567275622C99.d.638F8166E99CB989FC8765758909E82E.e.24652/click - {}
RESULT: {}
COMMAND: GET /session/6eb241deac570073510706dc7280b28b/screenshot - {}
RESULT: {}
COMMAND: POST /session/6eb241deac570073510706dc7280b28b/element - {"using":"xpath","value":"//input[contains(@id ,\"smartFilterBar-btnBasicSearch-I\")]"}
RESULT: {"using":"xpath","value":"//input[contains(@id ,\"smartFilterBar-btnBasicSearch-I\")]"}
COMMAND: POST /session/6eb241deac570073510706dc7280b28b/elements - {"using":"xpath","value":"//input[contains(@id ,\"smartFilterBar-btnBasicSearch-I\")]"}
RESULT: {"using":"xpath","value":"//input[contains(@id ,\"smartFilterBar-btnBasicSearch-I\")]"}
COMMAND: POST /session/6eb241deac570073510706dc7280b28b/execute/sync - {"script":"<script> [8489 bytes]","args":[{"element-6066-11e4-a52e-4f735466cecf":"f.451C0D83FD0E10390ED4567275622C99.d.638F8166E99CB989FC8765758909E82E.e.23911","ELEMENT":"f.451C0D83FD0E10390ED4567275622C99.d.638F8166E99CB989FC8765758909E82E.e.23911"}]}
RESULT: {"script":"<script> [8489 bytes]","args":[{"element-6066-11e4-a52e-4f735466cecf":"f.451C0D83FD0E10390ED4567275622C99.d.638F8166E99CB989FC8765758909E82E.e.23911","ELEMENT":"f.451C0D83FD0E10390ED4567275622C99.d.638F8166E99CB989FC8765758909E82E.e.23911"}]}
COMMAND: GET /session/6eb241deac570073510706dc7280b28b/element/f.451C0D83FD0E10390ED4567275622C99.d.638F8166E99CB989FC8765758909E82E.e.23911/enabled - {}
COMMAND: GET /session/6eb241deac570073510706dc7280b28b/screenshot - {}
RESULT: {}
COMMAND: POST /session/6eb241deac570073510706dc7280b28b/element/f.451C0D83FD0E10390ED4567275622C99.d.638F8166E99CB989FC8765758909E82E.e.23911/clear - {}
COMMAND: GET /session/6eb241deac570073510706dc7280b28b/screenshot - {}
RESULT: {}
RESULT: {}
COMMAND: POST /session/6eb241deac570073510706dc7280b28b/element/f.451C0D83FD0E10390ED4567275622C99.d.638F8166E99CB989FC8765758909E82E.e.23911/value - {"text":"30907"}
COMMAND: GET /session/6eb241deac570073510706dc7280b28b/screenshot - {}
RESULT: {}
RESULT: {"text":"30907"}
COMMAND: GET /session/6eb241deac570073510706dc7280b28b/screenshot - {}
RESULT: {}
RESULT: {}
COMMAND: POST /session/6eb241deac570073510706dc7280b28b/actions - {"actions":[{"id":"action88","type":"key","parameters":{},"actions":[{"type":"keyDown","value":"î€‡"},{"type":"pause","duration":10},{"type":"keyUp","value":"î€‡"}]}]}
RESULT: {"actions":[{"id":"action88","type":"key","parameters":{},"actions":[{"type":"keyDown","value":"î€‡"},{"type":"pause","duration":10},{"type":"keyUp","value":"î€‡"}]}]}
COMMAND: GET /session/6eb241deac570073510706dc7280b28b/screenshot - {}
RESULT: {}
COMMAND: POST /session/6eb241deac570073510706dc7280b28b/element - {"using":"xpath","value":"//span[contains(@id, \"smartTable-header-inner\")]"}
RESULT: {"using":"xpath","value":"//span[contains(@id, \"smartTable-header-inner\")]"}
COMMAND: POST /session/6eb241deac570073510706dc7280b28b/elements - {"using":"xpath","value":"//span[contains(@id, \"smartTable-header-inner\")]"}
RESULT: {"using":"xpath","value":"//span[contains(@id, \"smartTable-header-inner\")]"}
COMMAND: POST /session/6eb241deac570073510706dc7280b28b/execute/sync - {"script":"<script> [56 bytes]","args":[{"element-6066-11e4-a52e-4f735466cecf":"f.451C0D83FD0E10390ED4567275622C99.d.638F8166E99CB989FC8765758909E82E.e.24454","ELEMENT":"f.451C0D83FD0E10390ED4567275622C99.d.638F8166E99CB989FC8765758909E82E.e.24454"}]}
RESULT: {"script":"<script> [56 bytes]","args":[{"element-6066-11e4-a52e-4f735466cecf":"f.451C0D83FD0E10390ED4567275622C99.d.638F8166E99CB989FC8765758909E82E.e.24454","ELEMENT":"f.451C0D83FD0E10390ED4567275622C99.d.638F8166E99CB989FC8765758909E82E.e.24454"}]}
COMMAND: POST /session/6eb241deac570073510706dc7280b28b/elements - {"using":"xpath","value":"//thead[contains(@class, \"sapMTableTH\")]/tr/th"}
COMMAND: GET /session/6eb241deac570073510706dc7280b28b/screenshot - {}
RESULT: {"using":"xpath","value":"//thead[contains(@class, \"sapMTableTH\")]/tr/th"}
COMMAND: GET /session/6eb241deac570073510706dc7280b28b/element/f.451C0D83FD0E10390ED4567275622C99.d.638F8166E99CB989FC8765758909E82E.e.24544/text - {}
RESULT: {}
RESULT: {}
COMMAND: GET /session/6eb241deac570073510706dc7280b28b/element/f.451C0D83FD0E10390ED4567275622C99.d.638F8166E99CB989FC8765758909E82E.e.24545/text - {}
RESULT: {}
COMMAND: GET /session/6eb241deac570073510706dc7280b28b/element/f.451C0D83FD0E10390ED4567275622C99.d.638F8166E99CB989FC8765758909E82E.e.23905/text - {}
RESULT: {}
COMMAND: GET /session/6eb241deac570073510706dc7280b28b/element/f.451C0D83FD0E10390ED4567275622C99.d.638F8166E99CB989FC8765758909E82E.e.23907/text - {}
RESULT: {}
COMMAND: GET /session/6eb241deac570073510706dc7280b28b/element/f.451C0D83FD0E10390ED4567275622C99.d.638F8166E99CB989FC8765758909E82E.e.24656/text - {}
RESULT: {}
COMMAND: GET /session/6eb241deac570073510706dc7280b28b/element/f.451C0D83FD0E10390ED4567275622C99.d.638F8166E99CB989FC8765758909E82E.e.24657/text - {}
RESULT: {}
COMMAND: GET /session/6eb241deac570073510706dc7280b28b/element/f.451C0D83FD0E10390ED4567275622C99.d.638F8166E99CB989FC8765758909E82E.e.24658/text - {}
RESULT: {}
COMMAND: GET /session/6eb241deac570073510706dc7280b28b/element/f.451C0D83FD0E10390ED4567275622C99.d.638F8166E99CB989FC8765758909E82E.e.24659/text - {}
RESULT: {}
COMMAND: GET /session/6eb241deac570073510706dc7280b28b/element/f.451C0D83FD0E10390ED4567275622C99.d.638F8166E99CB989FC8765758909E82E.e.24660/text - {}
RESULT: {}
COMMAND: GET /session/6eb241deac570073510706dc7280b28b/element/f.451C0D83FD0E10390ED4567275622C99.d.638F8166E99CB989FC8765758909E82E.e.24661/text - {}
RESULT: {}
COMMAND: GET /session/6eb241deac570073510706dc7280b28b/element/f.451C0D83FD0E10390ED4567275622C99.d.638F8166E99CB989FC8765758909E82E.e.24662/text - {}
RESULT: {}
COMMAND: GET /session/6eb241deac570073510706dc7280b28b/element/f.451C0D83FD0E10390ED4567275622C99.d.638F8166E99CB989FC8765758909E82E.e.24663/text - {}
RESULT: {}
COMMAND: GET /session/6eb241deac570073510706dc7280b28b/element/f.451C0D83FD0E10390ED4567275622C99.d.638F8166E99CB989FC8765758909E82E.e.24664/text - {}
RESULT: {}
COMMAND: GET /session/6eb241deac570073510706dc7280b28b/element/f.451C0D83FD0E10390ED4567275622C99.d.638F8166E99CB989FC8765758909E82E.e.23908/text - {}
RESULT: {}
COMMAND: POST /session/6eb241deac570073510706dc7280b28b/element - {"using":"xpath","value":"//tbody[contains(@id, \"customHandoversTable-tblBody\")]/tr[1]/td[14]/div/span"}
RESULT: {"using":"xpath","value":"//tbody[contains(@id, \"customHandoversTable-tblBody\")]/tr[1]/td[14]/div/span"}
COMMAND: POST /session/6eb241deac570073510706dc7280b28b/execute/sync - {"script":"<script> [56 bytes]","args":[{"element-6066-11e4-a52e-4f735466cecf":"f.451C0D83FD0E10390ED4567275622C99.d.638F8166E99CB989FC8765758909E82E.e.24708","ELEMENT":"f.451C0D83FD0E10390ED4567275622C99.d.638F8166E99CB989FC8765758909E82E.e.24708"}]}
RESULT: {"script":"<script> [56 bytes]","args":[{"element-6066-11e4-a52e-4f735466cecf":"f.451C0D83FD0E10390ED4567275622C99.d.638F8166E99CB989FC8765758909E82E.e.24708","ELEMENT":"f.451C0D83FD0E10390ED4567275622C99.d.638F8166E99CB989FC8765758909E82E.e.24708"}]}
COMMAND: POST /session/6eb241deac570073510706dc7280b28b/element - {"using":"css selector","value":"#shell-header-logo"}
COMMAND: GET /session/6eb241deac570073510706dc7280b28b/screenshot - {}
RESULT: {"using":"css selector","value":"#shell-header-logo"}
COMMAND: POST /session/6eb241deac570073510706dc7280b28b/element/f.451C0D83FD0E10390ED4567275622C99.d.638F8166E99CB989FC8765758909E82E.e.23566/click - {}
RESULT: {}
RESULT: {}
COMMAND: GET /session/6eb241deac570073510706dc7280b28b/screenshot - {}
RESULT: {}
]]></system-out>
    </testcase>
    <testcase classname="chrome.135_0_7049_115.windows.Billing_Calculation_-_Time_based_(considering_transport_times)_US139738" name="Should do another billing run but in around 17 days from today" time="63.778">
      <system-out><![CDATA[
RESULT: undefined
COMMAND: POST /session/6eb241deac570073510706dc7280b28b/element - {"using":"xpath","value":"//*[@id=\"__tile51\"]"}
RESULT: {"using":"xpath","value":"//*[@id=\"__tile51\"]"}
COMMAND: POST /session/6eb241deac570073510706dc7280b28b/element/f.451C0D83FD0E10390ED4567275622C99.d.638F8166E99CB989FC8765758909E82E.e.18864/click - {}
RESULT: {}
COMMAND: GET /session/6eb241deac570073510706dc7280b28b/screenshot - {}
RESULT: undefined
COMMAND: POST /session/6eb241deac570073510706dc7280b28b/execute/async - {"script":"<script> [776 bytes]","args":[{"enterText":"10599","selector":{"id":"application-managebillings-display-component---billRunCalcResult--smartFilterBar-btnBasicSearch","interaction":{"idSuffix":"I"}},"clearTextFirst":true,"interactionType":"ENTER_TEXT"}]}
RESULT: {}
RESULT: {"script":"<script> [776 bytes]","args":[{"enterText":"10599","selector":{"id":"application-managebillings-display-component---billRunCalcResult--smartFilterBar-btnBasicSearch","interaction":{"idSuffix":"I"}},"clearTextFirst":true,"interactionType":"ENTER_TEXT"}]}
COMMAND: POST /session/6eb241deac570073510706dc7280b28b/actions - {"actions":[{"id":"action89","type":"key","parameters":{},"actions":[{"type":"keyDown","value":"î€‡"},{"type":"pause","duration":10},{"type":"keyUp","value":"î€‡"}]}]}
RESULT: {"actions":[{"id":"action89","type":"key","parameters":{},"actions":[{"type":"keyDown","value":"î€‡"},{"type":"pause","duration":10},{"type":"keyUp","value":"î€‡"}]}]}
COMMAND: GET /session/6eb241deac570073510706dc7280b28b/screenshot - {}
RESULT: {}
COMMAND: POST /session/6eb241deac570073510706dc7280b28b/element - {"using":"xpath","value":"//td[@aria-colindex=\"1\"]/div/div[contains(@class, \"sapMCbBg\")]"}
RESULT: {"using":"xpath","value":"//td[@aria-colindex=\"1\"]/div/div[contains(@class, \"sapMCbBg\")]"}
COMMAND: POST /session/6eb241deac570073510706dc7280b28b/element/f.451C0D83FD0E10390ED4567275622C99.d.638F8166E99CB989FC8765758909E82E.e.24929/click - {}
RESULT: {}
COMMAND: GET /session/6eb241deac570073510706dc7280b28b/screenshot - {}
RESULT: {}
RESULT: undefined
COMMAND: POST /session/6eb241deac570073510706dc7280b28b/execute/async - {"script":"<script> [776 bytes]","args":[{"enterText":"05/23/25","selector":{"id":"application-managebillings-display-component---billRunCalcResult--contractBillRunDate","interaction":{"idSuffix":"inner"}},"clearTextFirst":true,"interactionType":"ENTER_TEXT"}]}
RESULT: {"script":"<script> [776 bytes]","args":[{"enterText":"05/23/25","selector":{"id":"application-managebillings-display-component---billRunCalcResult--contractBillRunDate","interaction":{"idSuffix":"inner"}},"clearTextFirst":true,"interactionType":"ENTER_TEXT"}]}
COMMAND: POST /session/6eb241deac570073510706dc7280b28b/element - {"using":"xpath","value":"//bdi[contains(text(), \"Trigger Calculation\")]"}
RESULT: {"using":"xpath","value":"//bdi[contains(text(), \"Trigger Calculation\")]"}
COMMAND: POST /session/6eb241deac570073510706dc7280b28b/element/f.451C0D83FD0E10390ED4567275622C99.d.638F8166E99CB989FC8765758909E82E.e.24980/click - {}
RESULT: {}
COMMAND: GET /session/6eb241deac570073510706dc7280b28b/screenshot - {}
RESULT: {}
COMMAND: POST /session/6eb241deac570073510706dc7280b28b/element - {"using":"xpath","value":"(//span[contains(@id, \"imgNav\")])[1]"}
RESULT: {"using":"xpath","value":"(//span[contains(@id, \"imgNav\")])[1]"}
COMMAND: POST /session/6eb241deac570073510706dc7280b28b/element/f.451C0D83FD0E10390ED4567275622C99.d.638F8166E99CB989FC8765758909E82E.e.24930/click - {}
RESULT: {}
COMMAND: GET /session/6eb241deac570073510706dc7280b28b/screenshot - {}
RESULT: {}
COMMAND: POST /session/6eb241deac570073510706dc7280b28b/element - {"using":"xpath","value":"//tr/td[6]/div[1]/span[1]/span[1]"}
RESULT: {"using":"xpath","value":"//tr/td[6]/div[1]/span[1]/span[1]"}
COMMAND: GET /session/6eb241deac570073510706dc7280b28b/element/f.451C0D83FD0E10390ED4567275622C99.d.638F8166E99CB989FC8765758909E82E.e.24985/text - {}
RESULT: {}
COMMAND: POST /session/6eb241deac570073510706dc7280b28b/element - {"using":"xpath","value":"(//span[contains(@id, \"imgNav\")])[2]"}
RESULT: {"using":"xpath","value":"(//span[contains(@id, \"imgNav\")])[2]"}
COMMAND: POST /session/6eb241deac570073510706dc7280b28b/element/f.451C0D83FD0E10390ED4567275622C99.d.638F8166E99CB989FC8765758909E82E.e.24986/click - {}
RESULT: {}
COMMAND: POST /session/6eb241deac570073510706dc7280b28b/element - {"using":"xpath","value":"//bdi[contains(text(), \"Business Confirm\")]"}
COMMAND: GET /session/6eb241deac570073510706dc7280b28b/screenshot - {}
RESULT: {"using":"xpath","value":"//bdi[contains(text(), \"Business Confirm\")]"}
COMMAND: POST /session/6eb241deac570073510706dc7280b28b/elements - {"using":"xpath","value":"//bdi[contains(text(), \"Business Confirm\")]"}
RESULT: {}
RESULT: {"using":"xpath","value":"//bdi[contains(text(), \"Business Confirm\")]"}
COMMAND: POST /session/6eb241deac570073510706dc7280b28b/elements - {"using":"xpath","value":"//bdi[contains(text(), \"Business Confirm\")]"}
RESULT: {"using":"xpath","value":"//bdi[contains(text(), \"Business Confirm\")]"}
COMMAND: POST /session/6eb241deac570073510706dc7280b28b/element - {"using":"xpath","value":"//bdi[contains(text(), \"Business Confirm\")]"}
RESULT: {"using":"xpath","value":"//bdi[contains(text(), \"Business Confirm\")]"}
COMMAND: POST /session/6eb241deac570073510706dc7280b28b/element/f.451C0D83FD0E10390ED4567275622C99.d.638F8166E99CB989FC8765758909E82E.e.24988/click - {}
RESULT: {}
COMMAND: POST /session/6eb241deac570073510706dc7280b28b/element - {"using":"css selector","value":"#shell-header-logo"}
COMMAND: GET /session/6eb241deac570073510706dc7280b28b/screenshot - {}
RESULT: {"using":"css selector","value":"#shell-header-logo"}
COMMAND: POST /session/6eb241deac570073510706dc7280b28b/element/f.451C0D83FD0E10390ED4567275622C99.d.638F8166E99CB989FC8765758909E82E.e.24712/click - {}
RESULT: {}
RESULT: {}
COMMAND: GET /session/6eb241deac570073510706dc7280b28b/screenshot - {}
RESULT: {}
]]></system-out>
    </testcase>
  </testsuite>
</testsuites>