<?xml version="1.0" encoding="UTF-8"?>
<testsuites tests="8" failures="0" errors="0" skipped="0">
  <testsuite timestamp="2025-05-18T16:08:36" time="934.616" tests="4" failures="0" errors="0" skipped="0">
    <properties>
      <property name="specId" value="0" />
      <property name="suiteName" value="Webshop - Hyperlinks visible and working properly  US139085" />
      <property name="capabilities" value="chrome.136_0_7103_93.windows" />
      <property name="file" value="file:///D:/a/1/s/test/specs/R2C/webshop-hyperlinks-yard-site.spec.js" />
    </properties>
    <testcase classname="chrome.136_0_7103_93.windows.Webshop_-_Hyperlinks_visible_and_working_properly__US139085" name="Should create prerequisites for webshop suite" time="322.164">
      <system-out><![CDATA[
COMMAND: POST /session/1ab6045712b508067b9d9e1a4add95fa/execute/async - {"script":"<script> [1562 bytes]","args":[{"selector":{"controlType":"sap.m.GenericTile","properties":{"header":"Manage Yards"}},"wdio_ui5_key":"sapm.GenericTile{\"header\":\"Manage Yards\"}"}]}
RESULT: {"script":"<script> [1562 bytes]","args":[{"selector":{"controlType":"sap.m.GenericTile","properties":{"header":"Manage Yards"}},"wdio_ui5_key":"sapm.GenericTile{\"header\":\"Manage Yards\"}"}]}
RESULT: undefined
COMMAND: POST /session/1ab6045712b508067b9d9e1a4add95fa/element - {"using":"xpath","value":"//*[@id=\"__tile41\"]"}
RESULT: {"using":"xpath","value":"//*[@id=\"__tile41\"]"}
COMMAND: POST /session/1ab6045712b508067b9d9e1a4add95fa/element/f.F3E041632107C0123BDAF370CBA4DD43.d.2DB378B8FB03606343452E7C8608AB64.e.110/click - {}
RESULT: {}
COMMAND: GET /session/1ab6045712b508067b9d9e1a4add95fa/screenshot - {}
RESULT: {}
COMMAND: POST /session/1ab6045712b508067b9d9e1a4add95fa/elements - {"using":"xpath","value":"//span[text()='Error']"}
RESULT: {"using":"xpath","value":"//span[text()='Error']"}
COMMAND: POST /session/1ab6045712b508067b9d9e1a4add95fa/execute/async - {"script":"<script> [1562 bytes]","args":[{"selector":{"controlType":"sap.ui.core.Icon","viewName":"etm.portal.ui.manageyards.view.Master","viewId":"application-manageyards-display-component---masterYard","properties":{"src":{"regex":{"source":"add"}}}},"wdio_ui5_key":"etmportal.ui.manageyards.view.Mastersap.ui.core.Icon{\"src\":{\"regex\":{\"source\":\"add\"}}}"}]}
RESULT: {"script":"<script> [1562 bytes]","args":[{"selector":{"controlType":"sap.ui.core.Icon","viewName":"etm.portal.ui.manageyards.view.Master","viewId":"application-manageyards-display-component---masterYard","properties":{"src":{"regex":{"source":"add"}}}},"wdio_ui5_key":"etmportal.ui.manageyards.view.Mastersap.ui.core.Icon{\"src\":{\"regex\":{\"source\":\"add\"}}}"}]}
RESULT: undefined
COMMAND: POST /session/1ab6045712b508067b9d9e1a4add95fa/element - {"using":"xpath","value":"//*[@id=\"__button4-img\"]"}
RESULT: {"using":"xpath","value":"//*[@id=\"__button4-img\"]"}
COMMAND: POST /session/1ab6045712b508067b9d9e1a4add95fa/element/f.F3E041632107C0123BDAF370CBA4DD43.d.2DB378B8FB03606343452E7C8608AB64.e.158/click - {}
RESULT: {}
COMMAND: GET /session/1ab6045712b508067b9d9e1a4add95fa/screenshot - {}
RESULT: {}
COMMAND: POST /session/1ab6045712b508067b9d9e1a4add95fa/execute/async - {"script":"<script> [1562 bytes]","args":[{"selector":{"id":"application-manageyards-display-component---NewYard--yardId","interaction":{"idSuffix":"inner"}},"wdio_ui5_key":"applicationmanageyards-display-component---NewYard--yardId"}]}
RESULT: {"script":"<script> [1562 bytes]","args":[{"selector":{"id":"application-manageyards-display-component---NewYard--yardId","interaction":{"idSuffix":"inner"}},"wdio_ui5_key":"applicationmanageyards-display-component---NewYard--yardId"}]}
RESULT: undefined
COMMAND: POST /session/1ab6045712b508067b9d9e1a4add95fa/element - {"using":"xpath","value":"//*[@id=\"application-manageyards-display-component---NewYard--addressDetailDetailsName1-inner\"]"}
RESULT: {"using":"xpath","value":"//*[@id=\"application-manageyards-display-component---NewYard--addressDetailDetailsName1-inner\"]"}
COMMAND: POST /session/1ab6045712b508067b9d9e1a4add95fa/element/f.F3E041632107C0123BDAF370CBA4DD43.d.2DB378B8FB03606343452E7C8608AB64.e.325/clear - {}
RESULT: {}
COMMAND: POST /session/1ab6045712b508067b9d9e1a4add95fa/element/f.F3E041632107C0123BDAF370CBA4DD43.d.2DB378B8FB03606343452E7C8608AB64.e.325/value - {"text":"WebdriverYardzznwm"}
COMMAND: GET /session/1ab6045712b508067b9d9e1a4add95fa/screenshot - {}
RESULT: {"text":"WebdriverYardzznwm"}
COMMAND: POST /session/1ab6045712b508067b9d9e1a4add95fa/element - {"using":"xpath","value":"//*[@id=\"application-manageyards-display-component---NewYard--addressDetailDetailsLanguage-inner\"]"}
COMMAND: GET /session/1ab6045712b508067b9d9e1a4add95fa/screenshot - {}
RESULT: {}
RESULT: {"using":"xpath","value":"//*[@id=\"application-manageyards-display-component---NewYard--addressDetailDetailsLanguage-inner\"]"}
COMMAND: POST /session/1ab6045712b508067b9d9e1a4add95fa/element/f.F3E041632107C0123BDAF370CBA4DD43.d.2DB378B8FB03606343452E7C8608AB64.e.326/clear - {}
RESULT: {}
RESULT: {}
COMMAND: POST /session/1ab6045712b508067b9d9e1a4add95fa/element/f.F3E041632107C0123BDAF370CBA4DD43.d.2DB378B8FB03606343452E7C8608AB64.e.326/value - {"text":"Romanian"}
COMMAND: GET /session/1ab6045712b508067b9d9e1a4add95fa/screenshot - {}
RESULT: {"text":"Romanian"}
COMMAND: POST /session/1ab6045712b508067b9d9e1a4add95fa/element - {"using":"xpath","value":"//input[contains(@id ,\"application-manageyards-display-component---NewYard--addressDetailDetailsName1-inner\")]"}
COMMAND: GET /session/1ab6045712b508067b9d9e1a4add95fa/screenshot - {}
RESULT: {}
RESULT: {"using":"xpath","value":"//input[contains(@id ,\"application-manageyards-display-component---NewYard--addressDetailDetailsName1-inner\")]"}
COMMAND: GET /session/1ab6045712b508067b9d9e1a4add95fa/element/f.F3E041632107C0123BDAF370CBA4DD43.d.2DB378B8FB03606343452E7C8608AB64.e.325/property/value - {}
RESULT: {}
RESULT: {}
COMMAND: GET /session/1ab6045712b508067b9d9e1a4add95fa/screenshot - {}
RESULT: {}
COMMAND: POST /session/1ab6045712b508067b9d9e1a4add95fa/element - {"using":"xpath","value":"//*[@id=\"application-manageyards-display-component---NewYard--addressDetailDetailsCity1-inner\"]"}
RESULT: {"using":"xpath","value":"//*[@id=\"application-manageyards-display-component---NewYard--addressDetailDetailsCity1-inner\"]"}
COMMAND: POST /session/1ab6045712b508067b9d9e1a4add95fa/element/f.F3E041632107C0123BDAF370CBA4DD43.d.2DB378B8FB03606343452E7C8608AB64.e.328/clear - {}
RESULT: {}
COMMAND: POST /session/1ab6045712b508067b9d9e1a4add95fa/element/f.F3E041632107C0123BDAF370CBA4DD43.d.2DB378B8FB03606343452E7C8608AB64.e.328/value - {"text":"Bucuresti"}
COMMAND: GET /session/1ab6045712b508067b9d9e1a4add95fa/screenshot - {}
RESULT: {"text":"Bucuresti"}
COMMAND: GET /session/1ab6045712b508067b9d9e1a4add95fa/screenshot - {}
RESULT: {}
RESULT: {}
COMMAND: POST /session/1ab6045712b508067b9d9e1a4add95fa/element - {"using":"xpath","value":"//*[@id=\"application-manageyards-display-component---NewYard--addressDetailDetailsCountry-inner\"]"}
RESULT: {"using":"xpath","value":"//*[@id=\"application-manageyards-display-component---NewYard--addressDetailDetailsCountry-inner\"]"}
COMMAND: POST /session/1ab6045712b508067b9d9e1a4add95fa/element/f.F3E041632107C0123BDAF370CBA4DD43.d.2DB378B8FB03606343452E7C8608AB64.e.332/clear - {}
RESULT: {}
COMMAND: POST /session/1ab6045712b508067b9d9e1a4add95fa/element/f.F3E041632107C0123BDAF370CBA4DD43.d.2DB378B8FB03606343452E7C8608AB64.e.332/value - {"text":"Romania"}
COMMAND: GET /session/1ab6045712b508067b9d9e1a4add95fa/screenshot - {}
RESULT: {"text":"Romania"}
COMMAND: GET /session/1ab6045712b508067b9d9e1a4add95fa/screenshot - {}
RESULT: {}
RESULT: {}
COMMAND: POST /session/1ab6045712b508067b9d9e1a4add95fa/element - {"using":"xpath","value":"//div[contains(text(), \"Commercial\")]"}
RESULT: {"using":"xpath","value":"//div[contains(text(), \"Commercial\")]"}
COMMAND: GET /session/1ab6045712b508067b9d9e1a4add95fa/element/f.F3E041632107C0123BDAF370CBA4DD43.d.2DB378B8FB03606343452E7C8608AB64.e.570/rect - {}
RESULT: {}
COMMAND: GET /session/1ab6045712b508067b9d9e1a4add95fa/window/rect - {}
RESULT: {}
COMMAND: POST /session/1ab6045712b508067b9d9e1a4add95fa/execute/sync - {"script":"<script> [92 bytes]","args":[]}
RESULT: {"script":"<script> [92 bytes]","args":[]}
COMMAND: POST /session/1ab6045712b508067b9d9e1a4add95fa/actions - {"actions":[{"id":"action1","type":"wheel","parameters":{},"actions":[{"type":"scroll","x":-1841,"y":-44,"deltaX":0,"deltaY":0,"duration":0,"origin":{"element-6066-11e4-a52e-4f735466cecf":"f.F3E041632107C0123BDAF370CBA4DD43.d.2DB378B8FB03606343452E7C8608AB64.e.570"}}]}]}
COMMAND: GET /session/1ab6045712b508067b9d9e1a4add95fa/screenshot - {}
RESULT: {}
COMMAND: POST /session/1ab6045712b508067b9d9e1a4add95fa/execute/sync - {"script":"<script> [79 bytes]","args":[{"element-6066-11e4-a52e-4f735466cecf":"f.F3E041632107C0123BDAF370CBA4DD43.d.2DB378B8FB03606343452E7C8608AB64.e.570","ELEMENT":"f.F3E041632107C0123BDAF370CBA4DD43.d.2DB378B8FB03606343452E7C8608AB64.e.570"},{"block":"start","inline":"nearest"}]}
RESULT: {"script":"<script> [79 bytes]","args":[{"element-6066-11e4-a52e-4f735466cecf":"f.F3E041632107C0123BDAF370CBA4DD43.d.2DB378B8FB03606343452E7C8608AB64.e.570","ELEMENT":"f.F3E041632107C0123BDAF370CBA4DD43.d.2DB378B8FB03606343452E7C8608AB64.e.570"},{"block":"start","inline":"nearest"}]}
COMMAND: GET /session/1ab6045712b508067b9d9e1a4add95fa/screenshot - {}
RESULT: {}
COMMAND: POST /session/1ab6045712b508067b9d9e1a4add95fa/execute/async - {"script":"<script> [1562 bytes]","args":[{"selector":{"id":"application-manageyards-display-component---NewYard--addressEditDetailsCostObjectCstType-arrow"},"wdio_ui5_key":"applicationmanageyards-display-component---NewYard--addressEditDetailsCostObjectCstType-arrow"}]}
RESULT: {"script":"<script> [1562 bytes]","args":[{"selector":{"id":"application-manageyards-display-component---NewYard--addressEditDetailsCostObjectCstType-arrow"},"wdio_ui5_key":"applicationmanageyards-display-component---NewYard--addressEditDetailsCostObjectCstType-arrow"}]}
RESULT: undefined
COMMAND: POST /session/1ab6045712b508067b9d9e1a4add95fa/element - {"using":"xpath","value":"//*[@id=\"application-manageyards-display-component---NewYard--addressEditDetailsCostObjectCstType-arrow\"]"}
RESULT: {"using":"xpath","value":"//*[@id=\"application-manageyards-display-component---NewYard--addressEditDetailsCostObjectCstType-arrow\"]"}
COMMAND: POST /session/1ab6045712b508067b9d9e1a4add95fa/element/f.F3E041632107C0123BDAF370CBA4DD43.d.2DB378B8FB03606343452E7C8608AB64.e.578/click - {}
RESULT: {}
COMMAND: POST /session/1ab6045712b508067b9d9e1a4add95fa/element - {"using":"xpath","value":"//span[contains(text(), \"Cost Center\")]"}
COMMAND: GET /session/1ab6045712b508067b9d9e1a4add95fa/screenshot - {}
RESULT: {"using":"xpath","value":"//span[contains(text(), \"Cost Center\")]"}
COMMAND: POST /session/1ab6045712b508067b9d9e1a4add95fa/element/f.F3E041632107C0123BDAF370CBA4DD43.d.2DB378B8FB03606343452E7C8608AB64.e.579/click - {}
RESULT: {}
RESULT: {}
COMMAND: GET /session/1ab6045712b508067b9d9e1a4add95fa/screenshot - {}
RESULT: {}
COMMAND: POST /session/1ab6045712b508067b9d9e1a4add95fa/execute/async - {"script":"<script> [1562 bytes]","args":[{"selector":{"id":"application-manageyards-display-component---NewYard--addressNewCostObjectCstID-vhi"},"wdio_ui5_key":"applicationmanageyards-display-component---NewYard--addressNewCostObjectCstID-vhi"}]}
RESULT: {"script":"<script> [1562 bytes]","args":[{"selector":{"id":"application-manageyards-display-component---NewYard--addressNewCostObjectCstID-vhi"},"wdio_ui5_key":"applicationmanageyards-display-component---NewYard--addressNewCostObjectCstID-vhi"}]}
RESULT: undefined
COMMAND: POST /session/1ab6045712b508067b9d9e1a4add95fa/element - {"using":"xpath","value":"//*[@id=\"application-manageyards-display-component---NewYard--addressNewCostObjectCstID-vhi\"]"}
RESULT: {"using":"xpath","value":"//*[@id=\"application-manageyards-display-component---NewYard--addressNewCostObjectCstID-vhi\"]"}
COMMAND: POST /session/1ab6045712b508067b9d9e1a4add95fa/element/f.F3E041632107C0123BDAF370CBA4DD43.d.2DB378B8FB03606343452E7C8608AB64.e.594/click - {}
RESULT: {}
COMMAND: GET /session/1ab6045712b508067b9d9e1a4add95fa/screenshot - {}
RESULT: {}
COMMAND: POST /session/1ab6045712b508067b9d9e1a4add95fa/execute/async - {"script":"<script> [1562 bytes]","args":[{"selector":{"controlType":"sap.m.SearchField","properties":{"placeholder":"Search"},"searchOpenDialogs":true,"interaction":{"idSuffix":"I"}},"wdio_ui5_key":"sapm.SearchField{\"placeholder\":\"Search\"}"}]}
RESULT: {"script":"<script> [1562 bytes]","args":[{"selector":{"controlType":"sap.m.SearchField","properties":{"placeholder":"Search"},"searchOpenDialogs":true,"interaction":{"idSuffix":"I"}},"wdio_ui5_key":"sapm.SearchField{\"placeholder\":\"Search\"}"}]}
RESULT: undefined
COMMAND: POST /session/1ab6045712b508067b9d9e1a4add95fa/execute/async - {"script":"<script> [776 bytes]","args":[{"enterText":"10001013","selector":{"controlType":"sap.m.SearchField","properties":{"placeholder":"Search"},"searchOpenDialogs":true,"interaction":{"idSuffix":"I"}},"clearTextFirst":true,"interactionType":"ENTER_TEXT"}]}
RESULT: {"script":"<script> [776 bytes]","args":[{"enterText":"10001013","selector":{"controlType":"sap.m.SearchField","properties":{"placeholder":"Search"},"searchOpenDialogs":true,"interaction":{"idSuffix":"I"}},"clearTextFirst":true,"interactionType":"ENTER_TEXT"}]}
COMMAND: POST /session/1ab6045712b508067b9d9e1a4add95fa/actions - {"actions":[{"id":"action2","type":"key","parameters":{},"actions":[{"type":"keyDown","value":"î€‡"},{"type":"pause","duration":10},{"type":"keyUp","value":"î€‡"}]}]}
RESULT: {"actions":[{"id":"action2","type":"key","parameters":{},"actions":[{"type":"keyDown","value":"î€‡"},{"type":"pause","duration":10},{"type":"keyUp","value":"î€‡"}]}]}
COMMAND: GET /session/1ab6045712b508067b9d9e1a4add95fa/screenshot - {}
RESULT: {}
COMMAND: POST /session/1ab6045712b508067b9d9e1a4add95fa/element - {"using":"xpath","value":"//span[contains(text(), \"General Management\")]"}
RESULT: {"using":"xpath","value":"//span[contains(text(), \"General Management\")]"}
COMMAND: POST /session/1ab6045712b508067b9d9e1a4add95fa/element/f.F3E041632107C0123BDAF370CBA4DD43.d.2DB378B8FB03606343452E7C8608AB64.e.637/click - {}
RESULT: {}
COMMAND: GET /session/1ab6045712b508067b9d9e1a4add95fa/screenshot - {}
RESULT: {}
COMMAND: POST /session/1ab6045712b508067b9d9e1a4add95fa/element - {"using":"xpath","value":"//bdi[contains(text(), \"OK\")]"}
RESULT: {"using":"xpath","value":"//bdi[contains(text(), \"OK\")]"}
COMMAND: POST /session/1ab6045712b508067b9d9e1a4add95fa/element/f.F3E041632107C0123BDAF370CBA4DD43.d.2DB378B8FB03606343452E7C8608AB64.e.638/click - {}
RESULT: {}
COMMAND: GET /session/1ab6045712b508067b9d9e1a4add95fa/screenshot - {}
RESULT: {}
COMMAND: POST /session/1ab6045712b508067b9d9e1a4add95fa/execute/async - {"script":"<script> [1562 bytes]","args":[{"selector":{"controlType":"sap.m.Button","viewName":"etm.portal.ui.manageyards.view.New","viewId":"application-manageyards-display-component---NewYard","i18NText":{"propertyName":"text","key":"save"},"interaction":{"idSuffix":"inner"}},"wdio_ui5_key":"etmportal.ui.manageyards.view.Newsap.m.Button{\"propertyName\":\"text\",\"key\":\"save\"}"}]}
RESULT: {"script":"<script> [1562 bytes]","args":[{"selector":{"controlType":"sap.m.Button","viewName":"etm.portal.ui.manageyards.view.New","viewId":"application-manageyards-display-component---NewYard","i18NText":{"propertyName":"text","key":"save"},"interaction":{"idSuffix":"inner"}},"wdio_ui5_key":"etmportal.ui.manageyards.view.Newsap.m.Button{\"propertyName\":\"text\",\"key\":\"save\"}"}]}
RESULT: undefined
COMMAND: POST /session/1ab6045712b508067b9d9e1a4add95fa/element - {"using":"xpath","value":"//*[@id=\"__button18\"]"}
RESULT: {"using":"xpath","value":"//*[@id=\"__button18\"]"}
COMMAND: POST /session/1ab6045712b508067b9d9e1a4add95fa/element/f.F3E041632107C0123BDAF370CBA4DD43.d.2DB378B8FB03606343452E7C8608AB64.e.531/click - {}
RESULT: {}
COMMAND: GET /session/1ab6045712b508067b9d9e1a4add95fa/screenshot - {}
RESULT: {}
COMMAND: POST /session/1ab6045712b508067b9d9e1a4add95fa/element - {"using":"xpath","value":"//header/div/div[2]/div[2]/span"}
RESULT: {"using":"xpath","value":"//header/div/div[2]/div[2]/span"}
COMMAND: GET /session/1ab6045712b508067b9d9e1a4add95fa/element/f.F3E041632107C0123BDAF370CBA4DD43.d.2DB378B8FB03606343452E7C8608AB64.e.836/text - {}
RESULT: {}
COMMAND: POST /session/1ab6045712b508067b9d9e1a4add95fa/execute/async - {"script":"<script> [1562 bytes]","args":[{"selector":{"controlType":"sap.m.OverflowToolbarButton","viewName":"etm.portal.ui.manageyards.view.Detail","viewId":"application-manageyards-display-component---detailYard","i18NText":{"propertyName":"tooltip","key":"closeColumn"},"interaction":{"idSuffix":"inner"}},"wdio_ui5_key":"etmportal.ui.manageyards.view.Detailsap.m.OverflowToolbarButton{\"propertyName\":\"tooltip\",\"key\":\"closeColumn\"}"}]}
RESULT: {"script":"<script> [1562 bytes]","args":[{"selector":{"controlType":"sap.m.OverflowToolbarButton","viewName":"etm.portal.ui.manageyards.view.Detail","viewId":"application-manageyards-display-component---detailYard","i18NText":{"propertyName":"tooltip","key":"closeColumn"},"interaction":{"idSuffix":"inner"}},"wdio_ui5_key":"etmportal.ui.manageyards.view.Detailsap.m.OverflowToolbarButton{\"propertyName\":\"tooltip\",\"key\":\"closeColumn\"}"}]}
RESULT: undefined
COMMAND: POST /session/1ab6045712b508067b9d9e1a4add95fa/element - {"using":"xpath","value":"//*[@id=\"__button40\"]"}
RESULT: {"using":"xpath","value":"//*[@id=\"__button40\"]"}
COMMAND: POST /session/1ab6045712b508067b9d9e1a4add95fa/element/f.F3E041632107C0123BDAF370CBA4DD43.d.2DB378B8FB03606343452E7C8608AB64.e.838/click - {}
RESULT: {}
COMMAND: GET /session/1ab6045712b508067b9d9e1a4add95fa/screenshot - {}
RESULT: {}
COMMAND: POST /session/1ab6045712b508067b9d9e1a4add95fa/element - {"using":"css selector","value":"#shell-header-logo"}
RESULT: {"using":"css selector","value":"#shell-header-logo"}
COMMAND: POST /session/1ab6045712b508067b9d9e1a4add95fa/element/f.F3E041632107C0123BDAF370CBA4DD43.d.2DB378B8FB03606343452E7C8608AB64.e.112/click - {}
RESULT: {}
COMMAND: GET /session/1ab6045712b508067b9d9e1a4add95fa/screenshot - {}
RESULT: {}
COMMAND: POST /session/1ab6045712b508067b9d9e1a4add95fa/refresh - {}
RESULT: {}
COMMAND: GET /session/1ab6045712b508067b9d9e1a4add95fa/screenshot - {}
RESULT: {}
COMMAND: POST /session/1ab6045712b508067b9d9e1a4add95fa/execute/async - {"script":"<script> [189 bytes]","args":[]}
RESULT: {"script":"<script> [189 bytes]","args":[]}
COMMAND: POST /session/1ab6045712b508067b9d9e1a4add95fa/execute/async - {"script":"<script> [123 bytes]","args":[]}
RESULT: {"script":"<script> [123 bytes]","args":[]}
COMMAND: POST /session/1ab6045712b508067b9d9e1a4add95fa/timeouts - {"script":"<number>"}
RESULT: {"script":"<number>"}
COMMAND: GET /session/1ab6045712b508067b9d9e1a4add95fa/timeouts - {}
RESULT: {}
RESULT: undefined
COMMAND: POST /session/1ab6045712b508067b9d9e1a4add95fa/execute/async - {"script":"<script> [2676 bytes]","args":[]}
RESULT: {"script":"<script> [2676 bytes]","args":[]}
COMMAND: POST /session/1ab6045712b508067b9d9e1a4add95fa/execute/async - {"script":"<script> [2342 bytes]","args":[{"protocol":"http","hostname":"0.0.0.0","path":"/","capabilities":{"browserName":"chrome","goog:chromeOptions":{"binary":"C:\\Program Files\\Google\\Chrome\\Application\\chrome.exe","args":["--start-maximized"]}},"logLevel":"warn","connectionRetryTimeout":120000,"connectionRetryCount":3,"logLevels":{},"enableDirectConnect":true,"strictSSL":true,"_":"65 more keys: [\"cacheDir\",\"port\",\"requestedCapabilities\",\"automationProtocol\",\"baseUrl\",\"waitforInterval\",\"waitforTimeout\",\"onReload\",\"beforeCommand\",\"afterCommand\",\"rootDir\",\"specs\",\"suites\",\"exclude\",\"groupLogsByTestSpec\",\"excludeDriverLogs\",\"bail\",\"framework\",\"reporters\",\"services\",\"maxInstances\",\"maxInstancesPerCapability\",\"injectGlobals\",\"filesToWatch\",\"execArgv\",\"runnerEnv\",\"runner\",\"shard\",\"specFileRetries\",\"specFileRetriesDelay\",\"specFileRetriesDeferred\",\"reporterSyncInterval\",\"reporterSyncTimeout\",\"cucumberFeaturesWithLineNumbers\",\"autoCompileOpts\",\"mochaOpts\",\"jasmineOpts\",\"cucumberOpts\",\"onPrepare\",\"onWorkerStart\",\"onWorkerEnd\",\"before\",\"beforeSession\",\"beforeSuite\",\"beforeHook\",\"beforeTest\",\"afterTest\",\"afterHook\",\"afterSuite\",\"afterSession\",\"after\",\"onComplete\",\"beforeAssertion\",\"afterAssertion\",\"beforeFeature\",\"beforeScenario\",\"beforeStep\",\"afterStep\",\"afterScenario\",\"afterFeature\",\"_\",\"suite\",\"$0\",\"ignoredWorkerServices\",\"wdi5\"]"}]}
RESULT: {"script":"<script> [2342 bytes]","args":[{"protocol":"http","hostname":"0.0.0.0","path":"/","capabilities":{"browserName":"chrome","goog:chromeOptions":{"binary":"C:\\Program Files\\Google\\Chrome\\Application\\chrome.exe","args":["--start-maximized"]}},"logLevel":"warn","connectionRetryTimeout":120000,"connectionRetryCount":3,"logLevels":{},"enableDirectConnect":true,"strictSSL":true,"_":"65 more keys: [\"cacheDir\",\"port\",\"requestedCapabilities\",\"automationProtocol\",\"baseUrl\",\"waitforInterval\",\"waitforTimeout\",\"onReload\",\"beforeCommand\",\"afterCommand\",\"rootDir\",\"specs\",\"suites\",\"exclude\",\"groupLogsByTestSpec\",\"excludeDriverLogs\",\"bail\",\"framework\",\"reporters\",\"services\",\"maxInstances\",\"maxInstancesPerCapability\",\"injectGlobals\",\"filesToWatch\",\"execArgv\",\"runnerEnv\",\"runner\",\"shard\",\"specFileRetries\",\"specFileRetriesDelay\",\"specFileRetriesDeferred\",\"reporterSyncInterval\",\"reporterSyncTimeout\",\"cucumberFeaturesWithLineNumbers\",\"autoCompileOpts\",\"mochaOpts\",\"jasmineOpts\",\"cucumberOpts\",\"onPrepare\",\"onWorkerStart\",\"onWorkerEnd\",\"before\",\"beforeSession\",\"beforeSuite\",\"beforeHook\",\"beforeTest\",\"afterTest\",\"afterHook\",\"afterSuite\",\"afterSession\",\"after\",\"onComplete\",\"beforeAssertion\",\"afterAssertion\",\"beforeFeature\",\"beforeScenario\",\"beforeStep\",\"afterStep\",\"afterScenario\",\"afterFeature\",\"_\",\"suite\",\"$0\",\"ignoredWorkerServices\",\"wdi5\"]"}]}
COMMAND: POST /session/1ab6045712b508067b9d9e1a4add95fa/execute/async - {"script":"<script> [21126 bytes]","args":[35000]}
RESULT: {"script":"<script> [21126 bytes]","args":[35000]}
COMMAND: POST /session/1ab6045712b508067b9d9e1a4add95fa/execute/async - {"script":"<script> [1562 bytes]","args":[{"selector":{"controlType":"sap.m.GenericTile","properties":{"header":"Manage Sites"}},"wdio_ui5_key":"sapm.GenericTile{\"header\":\"Manage Sites\"}"}]}
RESULT: {"script":"<script> [1562 bytes]","args":[{"selector":{"controlType":"sap.m.GenericTile","properties":{"header":"Manage Sites"}},"wdio_ui5_key":"sapm.GenericTile{\"header\":\"Manage Sites\"}"}]}
RESULT: undefined
COMMAND: POST /session/1ab6045712b508067b9d9e1a4add95fa/element - {"using":"xpath","value":"//*[@id=\"__tile40\"]"}
RESULT: {"using":"xpath","value":"//*[@id=\"__tile40\"]"}
COMMAND: POST /session/1ab6045712b508067b9d9e1a4add95fa/element/f.F3E041632107C0123BDAF370CBA4DD43.d.AEFDD28EEAFBD84261E34B10A3D0F1E5.e.1185/click - {}
RESULT: {}
COMMAND: GET /session/1ab6045712b508067b9d9e1a4add95fa/screenshot - {}
RESULT: {}
COMMAND: POST /session/1ab6045712b508067b9d9e1a4add95fa/elements - {"using":"xpath","value":"//span[text()='Error']"}
RESULT: {"using":"xpath","value":"//span[text()='Error']"}
COMMAND: POST /session/1ab6045712b508067b9d9e1a4add95fa/execute/async - {"script":"<script> [1562 bytes]","args":[{"selector":{"controlType":"sap.ui.core.Icon","viewName":"etm.portal.ui.managesites.view.Master","viewId":"application-managesites-display-component---masterSite","properties":{"src":{"regex":{"source":"add"}}}},"wdio_ui5_key":"etmportal.ui.managesites.view.Mastersap.ui.core.Icon{\"src\":{\"regex\":{\"source\":\"add\"}}}"}]}
RESULT: {"script":"<script> [1562 bytes]","args":[{"selector":{"controlType":"sap.ui.core.Icon","viewName":"etm.portal.ui.managesites.view.Master","viewId":"application-managesites-display-component---masterSite","properties":{"src":{"regex":{"source":"add"}}}},"wdio_ui5_key":"etmportal.ui.managesites.view.Mastersap.ui.core.Icon{\"src\":{\"regex\":{\"source\":\"add\"}}}"}]}
RESULT: undefined
COMMAND: POST /session/1ab6045712b508067b9d9e1a4add95fa/element - {"using":"xpath","value":"//*[@id=\"__button4-img\"]"}
RESULT: {"using":"xpath","value":"//*[@id=\"__button4-img\"]"}
COMMAND: POST /session/1ab6045712b508067b9d9e1a4add95fa/element/f.F3E041632107C0123BDAF370CBA4DD43.d.AEFDD28EEAFBD84261E34B10A3D0F1E5.e.1234/click - {}
RESULT: {}
COMMAND: POST /session/1ab6045712b508067b9d9e1a4add95fa/execute/async - {"script":"<script> [1562 bytes]","args":[{"selector":{"id":"application-managesites-display-component---NewSite--siteId","interaction":{"idSuffix":"inner"}},"wdio_ui5_key":"applicationmanagesites-display-component---NewSite--siteId"}]}
COMMAND: GET /session/1ab6045712b508067b9d9e1a4add95fa/screenshot - {}
RESULT: {"script":"<script> [1562 bytes]","args":[{"selector":{"id":"application-managesites-display-component---NewSite--siteId","interaction":{"idSuffix":"inner"}},"wdio_ui5_key":"applicationmanagesites-display-component---NewSite--siteId"}]}
RESULT: undefined
COMMAND: POST /session/1ab6045712b508067b9d9e1a4add95fa/execute/async - {"script":"<script> [1562 bytes]","args":[{"selector":{"id":"application-managesites-display-component---NewSite--addressDetailDetailsName1","interaction":{"idSuffix":"inner"}},"wdio_ui5_key":"applicationmanagesites-display-component---NewSite--addressDetailDetailsName1"}]}
RESULT: {}
RESULT: {"script":"<script> [1562 bytes]","args":[{"selector":{"id":"application-managesites-display-component---NewSite--addressDetailDetailsName1","interaction":{"idSuffix":"inner"}},"wdio_ui5_key":"applicationmanagesites-display-component---NewSite--addressDetailDetailsName1"}]}
RESULT: undefined
COMMAND: POST /session/1ab6045712b508067b9d9e1a4add95fa/execute/async - {"script":"<script> [776 bytes]","args":[{"enterText":"WebdriverSite51lk6","selector":{"id":"application-managesites-display-component---NewSite--addressDetailDetailsName1","interaction":{"idSuffix":"inner"}},"clearTextFirst":true,"interactionType":"ENTER_TEXT"}]}
RESULT: {"script":"<script> [776 bytes]","args":[{"enterText":"WebdriverSite51lk6","selector":{"id":"application-managesites-display-component---NewSite--addressDetailDetailsName1","interaction":{"idSuffix":"inner"}},"clearTextFirst":true,"interactionType":"ENTER_TEXT"}]}
COMMAND: POST /session/1ab6045712b508067b9d9e1a4add95fa/execute/async - {"script":"<script> [1562 bytes]","args":[{"selector":{"id":"application-managesites-display-component---NewSite--addressDetailDetailsLanguage","interaction":{"idSuffix":"inner"}},"wdio_ui5_key":"applicationmanagesites-display-component---NewSite--addressDetailDetailsLanguage"}]}
RESULT: {"script":"<script> [1562 bytes]","args":[{"selector":{"id":"application-managesites-display-component---NewSite--addressDetailDetailsLanguage","interaction":{"idSuffix":"inner"}},"wdio_ui5_key":"applicationmanagesites-display-component---NewSite--addressDetailDetailsLanguage"}]}
RESULT: undefined
COMMAND: POST /session/1ab6045712b508067b9d9e1a4add95fa/execute/async - {"script":"<script> [776 bytes]","args":[{"enterText":"Romanian","selector":{"id":"application-managesites-display-component---NewSite--addressDetailDetailsLanguage","interaction":{"idSuffix":"inner"}},"clearTextFirst":true,"interactionType":"ENTER_TEXT"}]}
RESULT: {"script":"<script> [776 bytes]","args":[{"enterText":"Romanian","selector":{"id":"application-managesites-display-component---NewSite--addressDetailDetailsLanguage","interaction":{"idSuffix":"inner"}},"clearTextFirst":true,"interactionType":"ENTER_TEXT"}]}
COMMAND: POST /session/1ab6045712b508067b9d9e1a4add95fa/execute/async - {"script":"<script> [1562 bytes]","args":[{"selector":{"id":"application-managesites-display-component---NewSite--addressDetailDetailsCity1","interaction":{"idSuffix":"inner"}},"wdio_ui5_key":"applicationmanagesites-display-component---NewSite--addressDetailDetailsCity1"}]}
RESULT: {"script":"<script> [1562 bytes]","args":[{"selector":{"id":"application-managesites-display-component---NewSite--addressDetailDetailsCity1","interaction":{"idSuffix":"inner"}},"wdio_ui5_key":"applicationmanagesites-display-component---NewSite--addressDetailDetailsCity1"}]}
RESULT: undefined
COMMAND: POST /session/1ab6045712b508067b9d9e1a4add95fa/execute/async - {"script":"<script> [776 bytes]","args":[{"enterText":"Bucharest","selector":{"id":"application-managesites-display-component---NewSite--addressDetailDetailsCity1","interaction":{"idSuffix":"inner"}},"clearTextFirst":true,"interactionType":"ENTER_TEXT"}]}
RESULT: {"script":"<script> [776 bytes]","args":[{"enterText":"Bucharest","selector":{"id":"application-managesites-display-component---NewSite--addressDetailDetailsCity1","interaction":{"idSuffix":"inner"}},"clearTextFirst":true,"interactionType":"ENTER_TEXT"}]}
COMMAND: POST /session/1ab6045712b508067b9d9e1a4add95fa/execute/async - {"script":"<script> [1562 bytes]","args":[{"selector":{"id":"application-managesites-display-component---NewSite--addressDetailDetailsCountry","interaction":{"idSuffix":"inner"}},"wdio_ui5_key":"applicationmanagesites-display-component---NewSite--addressDetailDetailsCountry"}]}
RESULT: {"script":"<script> [1562 bytes]","args":[{"selector":{"id":"application-managesites-display-component---NewSite--addressDetailDetailsCountry","interaction":{"idSuffix":"inner"}},"wdio_ui5_key":"applicationmanagesites-display-component---NewSite--addressDetailDetailsCountry"}]}
RESULT: undefined
COMMAND: POST /session/1ab6045712b508067b9d9e1a4add95fa/execute/async - {"script":"<script> [776 bytes]","args":[{"enterText":"Romania","selector":{"id":"application-managesites-display-component---NewSite--addressDetailDetailsCountry","interaction":{"idSuffix":"inner"}},"clearTextFirst":true,"interactionType":"ENTER_TEXT"}]}
RESULT: {"script":"<script> [776 bytes]","args":[{"enterText":"Romania","selector":{"id":"application-managesites-display-component---NewSite--addressDetailDetailsCountry","interaction":{"idSuffix":"inner"}},"clearTextFirst":true,"interactionType":"ENTER_TEXT"}]}
COMMAND: POST /session/1ab6045712b508067b9d9e1a4add95fa/element - {"using":"css selector","value":"#application-managesites-display-component---NewSite--addressDetailDetailsCalendar-inner"}
RESULT: {"using":"css selector","value":"#application-managesites-display-component---NewSite--addressDetailDetailsCalendar-inner"}
COMMAND: POST /session/1ab6045712b508067b9d9e1a4add95fa/element/f.F3E041632107C0123BDAF370CBA4DD43.d.AEFDD28EEAFBD84261E34B10A3D0F1E5.e.1420/clear - {}
RESULT: {}
COMMAND: POST /session/1ab6045712b508067b9d9e1a4add95fa/element/f.F3E041632107C0123BDAF370CBA4DD43.d.AEFDD28EEAFBD84261E34B10A3D0F1E5.e.1420/value - {"text":"Germany"}
COMMAND: GET /session/1ab6045712b508067b9d9e1a4add95fa/screenshot - {}
RESULT: {"text":"Germany"}
COMMAND: POST /session/1ab6045712b508067b9d9e1a4add95fa/execute/async - {"script":"<script> [1562 bytes]","args":[{"selector":{"id":"application-managesites-display-component---NewSite--addressEditDetailsCostObjectCstType-arrow"},"wdio_ui5_key":"applicationmanagesites-display-component---NewSite--addressEditDetailsCostObjectCstType-arrow"}]}
COMMAND: GET /session/1ab6045712b508067b9d9e1a4add95fa/screenshot - {}
RESULT: {}
RESULT: {"script":"<script> [1562 bytes]","args":[{"selector":{"id":"application-managesites-display-component---NewSite--addressEditDetailsCostObjectCstType-arrow"},"wdio_ui5_key":"applicationmanagesites-display-component---NewSite--addressEditDetailsCostObjectCstType-arrow"}]}
RESULT: undefined
COMMAND: POST /session/1ab6045712b508067b9d9e1a4add95fa/element - {"using":"xpath","value":"//*[@id=\"application-managesites-display-component---NewSite--addressEditDetailsCostObjectCstType-arrow\"]"}
RESULT: {}
RESULT: {"using":"xpath","value":"//*[@id=\"application-managesites-display-component---NewSite--addressEditDetailsCostObjectCstType-arrow\"]"}
COMMAND: POST /session/1ab6045712b508067b9d9e1a4add95fa/element/f.F3E041632107C0123BDAF370CBA4DD43.d.AEFDD28EEAFBD84261E34B10A3D0F1E5.e.1621/click - {}
RESULT: {}
COMMAND: POST /session/1ab6045712b508067b9d9e1a4add95fa/element - {"using":"xpath","value":"//span[contains(text(), \"Work Breakdown Structure\")]"}
COMMAND: GET /session/1ab6045712b508067b9d9e1a4add95fa/screenshot - {}
RESULT: {"using":"xpath","value":"//span[contains(text(), \"Work Breakdown Structure\")]"}
COMMAND: POST /session/1ab6045712b508067b9d9e1a4add95fa/element/f.F3E041632107C0123BDAF370CBA4DD43.d.AEFDD28EEAFBD84261E34B10A3D0F1E5.e.1622/click - {}
RESULT: {}
RESULT: {}
COMMAND: GET /session/1ab6045712b508067b9d9e1a4add95fa/screenshot - {}
RESULT: {}
COMMAND: POST /session/1ab6045712b508067b9d9e1a4add95fa/execute/async - {"script":"<script> [1562 bytes]","args":[{"selector":{"id":"application-managesites-display-component---NewSite--addressNewCostObjectCstID-vhi"},"wdio_ui5_key":"applicationmanagesites-display-component---NewSite--addressNewCostObjectCstID-vhi"}]}
RESULT: {"script":"<script> [1562 bytes]","args":[{"selector":{"id":"application-managesites-display-component---NewSite--addressNewCostObjectCstID-vhi"},"wdio_ui5_key":"applicationmanagesites-display-component---NewSite--addressNewCostObjectCstID-vhi"}]}
RESULT: undefined
COMMAND: POST /session/1ab6045712b508067b9d9e1a4add95fa/element - {"using":"xpath","value":"//*[@id=\"application-managesites-display-component---NewSite--addressNewCostObjectCstID-vhi\"]"}
RESULT: {"using":"xpath","value":"//*[@id=\"application-managesites-display-component---NewSite--addressNewCostObjectCstID-vhi\"]"}
COMMAND: POST /session/1ab6045712b508067b9d9e1a4add95fa/element/f.F3E041632107C0123BDAF370CBA4DD43.d.AEFDD28EEAFBD84261E34B10A3D0F1E5.e.1626/click - {}
RESULT: {}
COMMAND: GET /session/1ab6045712b508067b9d9e1a4add95fa/screenshot - {}
RESULT: {}
COMMAND: POST /session/1ab6045712b508067b9d9e1a4add95fa/execute/async - {"script":"<script> [1562 bytes]","args":[{"selector":{"controlType":"sap.m.SearchField","properties":{"placeholder":"Search"},"searchOpenDialogs":true,"interaction":{"idSuffix":"I"}},"wdio_ui5_key":"sapm.SearchField{\"placeholder\":\"Search\"}"}]}
RESULT: {"script":"<script> [1562 bytes]","args":[{"selector":{"controlType":"sap.m.SearchField","properties":{"placeholder":"Search"},"searchOpenDialogs":true,"interaction":{"idSuffix":"I"}},"wdio_ui5_key":"sapm.SearchField{\"placeholder\":\"Search\"}"}]}
RESULT: undefined
COMMAND: POST /session/1ab6045712b508067b9d9e1a4add95fa/execute/async - {"script":"<script> [776 bytes]","args":[{"enterText":"A1-000100-01","selector":{"controlType":"sap.m.SearchField","properties":{"placeholder":"Search"},"searchOpenDialogs":true,"interaction":{"idSuffix":"I"}},"clearTextFirst":true,"interactionType":"ENTER_TEXT"}]}
RESULT: {"script":"<script> [776 bytes]","args":[{"enterText":"A1-000100-01","selector":{"controlType":"sap.m.SearchField","properties":{"placeholder":"Search"},"searchOpenDialogs":true,"interaction":{"idSuffix":"I"}},"clearTextFirst":true,"interactionType":"ENTER_TEXT"}]}
COMMAND: POST /session/1ab6045712b508067b9d9e1a4add95fa/actions - {"actions":[{"id":"action3","type":"key","parameters":{},"actions":[{"type":"keyDown","value":"î€‡"},{"type":"pause","duration":10},{"type":"keyUp","value":"î€‡"}]}]}
RESULT: {"actions":[{"id":"action3","type":"key","parameters":{},"actions":[{"type":"keyDown","value":"î€‡"},{"type":"pause","duration":10},{"type":"keyUp","value":"î€‡"}]}]}
COMMAND: GET /session/1ab6045712b508067b9d9e1a4add95fa/screenshot - {}
RESULT: {}
COMMAND: POST /session/1ab6045712b508067b9d9e1a4add95fa/element - {"using":"xpath","value":"//span[contains(text(), \"Template for ETO-Process\")]"}
RESULT: {"using":"xpath","value":"//span[contains(text(), \"Template for ETO-Process\")]"}
COMMAND: POST /session/1ab6045712b508067b9d9e1a4add95fa/element/f.F3E041632107C0123BDAF370CBA4DD43.d.AEFDD28EEAFBD84261E34B10A3D0F1E5.e.1635/click - {}
RESULT: {}
COMMAND: GET /session/1ab6045712b508067b9d9e1a4add95fa/screenshot - {}
RESULT: {}
COMMAND: POST /session/1ab6045712b508067b9d9e1a4add95fa/element - {"using":"xpath","value":"//bdi[contains(text(), \"OK\")]"}
RESULT: {"using":"xpath","value":"//bdi[contains(text(), \"OK\")]"}
COMMAND: POST /session/1ab6045712b508067b9d9e1a4add95fa/element/f.F3E041632107C0123BDAF370CBA4DD43.d.AEFDD28EEAFBD84261E34B10A3D0F1E5.e.1637/click - {}
RESULT: {}
COMMAND: GET /session/1ab6045712b508067b9d9e1a4add95fa/screenshot - {}
RESULT: {}
COMMAND: POST /session/1ab6045712b508067b9d9e1a4add95fa/element - {"using":"xpath","value":"//input[@id=\"application-managesites-display-component---NewSite--addressDetailDetailsYard-inner\"]"}
RESULT: {"using":"xpath","value":"//input[@id=\"application-managesites-display-component---NewSite--addressDetailDetailsYard-inner\"]"}
COMMAND: POST /session/1ab6045712b508067b9d9e1a4add95fa/element/f.F3E041632107C0123BDAF370CBA4DD43.d.AEFDD28EEAFBD84261E34B10A3D0F1E5.e.1421/value - {"text":"WebdriverYardzznwm"}
RESULT: {"text":"WebdriverYardzznwm"}
COMMAND: GET /session/1ab6045712b508067b9d9e1a4add95fa/screenshot - {}
RESULT: {}
COMMAND: POST /session/1ab6045712b508067b9d9e1a4add95fa/actions - {"actions":[{"id":"action4","type":"key","parameters":{},"actions":[{"type":"keyDown","value":"î€‡"},{"type":"pause","duration":10},{"type":"keyUp","value":"î€‡"}]}]}
RESULT: {"actions":[{"id":"action4","type":"key","parameters":{},"actions":[{"type":"keyDown","value":"î€‡"},{"type":"pause","duration":10},{"type":"keyUp","value":"î€‡"}]}]}
COMMAND: GET /session/1ab6045712b508067b9d9e1a4add95fa/screenshot - {}
RESULT: {}
COMMAND: POST /session/1ab6045712b508067b9d9e1a4add95fa/element - {"using":"xpath","value":"//input[@id=\"application-managesites-display-component---NewSite--addressDetailDetailsPartner-inner\"]"}
RESULT: {"using":"xpath","value":"//input[@id=\"application-managesites-display-component---NewSite--addressDetailDetailsPartner-inner\"]"}
COMMAND: POST /session/1ab6045712b508067b9d9e1a4add95fa/elements - {"using":"xpath","value":"//input[@id=\"application-managesites-display-component---NewSite--addressDetailDetailsPartner-inner\"]"}
RESULT: {"using":"xpath","value":"//input[@id=\"application-managesites-display-component---NewSite--addressDetailDetailsPartner-inner\"]"}
COMMAND: POST /session/1ab6045712b508067b9d9e1a4add95fa/execute/async - {"script":"<script> [1562 bytes]","args":[{"selector":{"controlType":"sap.m.Button","viewName":"etm.portal.ui.managesites.view.NewSmartSite","viewId":"application-managesites-display-component---NewSite","properties":{"text":"Commercial"},"interaction":{"idSuffix":"BDI-content"}},"wdio_ui5_key":"etmportal.ui.managesites.view.NewSmartSitesap.m.Button{\"text\":\"Commercial\"}"}]}
RESULT: {"script":"<script> [1562 bytes]","args":[{"selector":{"controlType":"sap.m.Button","viewName":"etm.portal.ui.managesites.view.NewSmartSite","viewId":"application-managesites-display-component---NewSite","properties":{"text":"Commercial"},"interaction":{"idSuffix":"BDI-content"}},"wdio_ui5_key":"etmportal.ui.managesites.view.NewSmartSitesap.m.Button{\"text\":\"Commercial\"}"}]}
RESULT: undefined
COMMAND: POST /session/1ab6045712b508067b9d9e1a4add95fa/element - {"using":"xpath","value":"//*[@id=\"application-managesites-display-component---NewSite--ObjectPageLayout-anchBar-__section5-anchor\"]"}
RESULT: {"using":"xpath","value":"//*[@id=\"application-managesites-display-component---NewSite--ObjectPageLayout-anchBar-__section5-anchor\"]"}
COMMAND: POST /session/1ab6045712b508067b9d9e1a4add95fa/element/f.F3E041632107C0123BDAF370CBA4DD43.d.AEFDD28EEAFBD84261E34B10A3D0F1E5.e.1644/click - {}
RESULT: {}
COMMAND: POST /session/1ab6045712b508067b9d9e1a4add95fa/execute/async - {"script":"<script> [1562 bytes]","args":[{"selector":{"controlType":"sap.m.Button","viewName":"etm.portal.ui.managesites.view.NewSmartSite","viewId":"application-managesites-display-component---NewSite","i18NText":{"propertyName":"text","key":"save"},"interaction":{"idSuffix":"BDI-content"}},"wdio_ui5_key":"etmportal.ui.managesites.view.NewSmartSitesap.m.Button{\"propertyName\":\"text\",\"key\":\"save\"}"}]}
COMMAND: GET /session/1ab6045712b508067b9d9e1a4add95fa/screenshot - {}
RESULT: {"script":"<script> [1562 bytes]","args":[{"selector":{"controlType":"sap.m.Button","viewName":"etm.portal.ui.managesites.view.NewSmartSite","viewId":"application-managesites-display-component---NewSite","i18NText":{"propertyName":"text","key":"save"},"interaction":{"idSuffix":"BDI-content"}},"wdio_ui5_key":"etmportal.ui.managesites.view.NewSmartSitesap.m.Button{\"propertyName\":\"text\",\"key\":\"save\"}"}]}
RESULT: undefined
COMMAND: POST /session/1ab6045712b508067b9d9e1a4add95fa/element - {"using":"xpath","value":"//*[@id=\"__button16\"]"}
RESULT: {}
RESULT: {"using":"xpath","value":"//*[@id=\"__button16\"]"}
COMMAND: POST /session/1ab6045712b508067b9d9e1a4add95fa/element/f.F3E041632107C0123BDAF370CBA4DD43.d.AEFDD28EEAFBD84261E34B10A3D0F1E5.e.1568/click - {}
RESULT: {}
COMMAND: GET /session/1ab6045712b508067b9d9e1a4add95fa/screenshot - {}
RESULT: {}
COMMAND: POST /session/1ab6045712b508067b9d9e1a4add95fa/execute/async - {"script":"<script> [1562 bytes]","args":[{"selector":{"id":"application-managesites-display-component---detailSite--addressDetailDetailsYardText"},"wdio_ui5_key":"applicationmanagesites-display-component---detailSite--addressDetailDetailsYardText"}]}
RESULT: {"script":"<script> [1562 bytes]","args":[{"selector":{"id":"application-managesites-display-component---detailSite--addressDetailDetailsYardText"},"wdio_ui5_key":"applicationmanagesites-display-component---detailSite--addressDetailDetailsYardText"}]}
RESULT: undefined
COMMAND: POST /session/1ab6045712b508067b9d9e1a4add95fa/element - {"using":"xpath","value":"//header/div/div[2]/div[2]/span"}
RESULT: {"using":"xpath","value":"//header/div/div[2]/div[2]/span"}
COMMAND: GET /session/1ab6045712b508067b9d9e1a4add95fa/element/f.F3E041632107C0123BDAF370CBA4DD43.d.AEFDD28EEAFBD84261E34B10A3D0F1E5.e.1846/text - {}
RESULT: {}
COMMAND: POST /session/1ab6045712b508067b9d9e1a4add95fa/element - {"using":"xpath","value":"//header/div/div/div/div/div/div[2]/div/span"}
RESULT: {"using":"xpath","value":"//header/div/div/div/div/div/div[2]/div/span"}
COMMAND: GET /session/1ab6045712b508067b9d9e1a4add95fa/element/f.F3E041632107C0123BDAF370CBA4DD43.d.AEFDD28EEAFBD84261E34B10A3D0F1E5.e.1847/text - {}
RESULT: {}
COMMAND: POST /session/1ab6045712b508067b9d9e1a4add95fa/element - {"using":"css selector","value":"#shell-header-logo"}
RESULT: {"using":"css selector","value":"#shell-header-logo"}
COMMAND: POST /session/1ab6045712b508067b9d9e1a4add95fa/element/f.F3E041632107C0123BDAF370CBA4DD43.d.AEFDD28EEAFBD84261E34B10A3D0F1E5.e.1188/click - {}
RESULT: {}
COMMAND: GET /session/1ab6045712b508067b9d9e1a4add95fa/screenshot - {}
RESULT: {}
COMMAND: POST /session/1ab6045712b508067b9d9e1a4add95fa/execute/async - {"script":"<script> [1562 bytes]","args":[{"selector":{"controlType":"sap.m.GenericTile","properties":{"header":"Manage Partners"}},"wdio_ui5_key":"sapm.GenericTile{\"header\":\"Manage Partners\"}"}]}
RESULT: {"script":"<script> [1562 bytes]","args":[{"selector":{"controlType":"sap.m.GenericTile","properties":{"header":"Manage Partners"}},"wdio_ui5_key":"sapm.GenericTile{\"header\":\"Manage Partners\"}"}]}
RESULT: undefined
COMMAND: POST /session/1ab6045712b508067b9d9e1a4add95fa/element - {"using":"xpath","value":"//*[@id=\"__tile38\"]"}
RESULT: {"using":"xpath","value":"//*[@id=\"__tile38\"]"}
COMMAND: POST /session/1ab6045712b508067b9d9e1a4add95fa/element/f.F3E041632107C0123BDAF370CBA4DD43.d.AEFDD28EEAFBD84261E34B10A3D0F1E5.e.1849/click - {}
RESULT: {}
COMMAND: GET /session/1ab6045712b508067b9d9e1a4add95fa/screenshot - {}
RESULT: {}
COMMAND: POST /session/1ab6045712b508067b9d9e1a4add95fa/elements - {"using":"xpath","value":"//span[text()='Error']"}
RESULT: {"using":"xpath","value":"//span[text()='Error']"}
COMMAND: POST /session/1ab6045712b508067b9d9e1a4add95fa/execute/async - {"script":"<script> [1562 bytes]","args":[{"selector":{"controlType":"sap.ui.core.Icon","viewName":"etm.portal.ui.managepartners.view.Master","viewId":"application-managepartners-display-component---masterPtm","properties":{"src":{"regex":{"source":"add"}}}},"wdio_ui5_key":"etmportal.ui.managepartners.view.Mastersap.ui.core.Icon{\"src\":{\"regex\":{\"source\":\"add\"}}}"}]}
RESULT: {"script":"<script> [1562 bytes]","args":[{"selector":{"controlType":"sap.ui.core.Icon","viewName":"etm.portal.ui.managepartners.view.Master","viewId":"application-managepartners-display-component---masterPtm","properties":{"src":{"regex":{"source":"add"}}}},"wdio_ui5_key":"etmportal.ui.managepartners.view.Mastersap.ui.core.Icon{\"src\":{\"regex\":{\"source\":\"add\"}}}"}]}
RESULT: undefined
COMMAND: POST /session/1ab6045712b508067b9d9e1a4add95fa/element - {"using":"xpath","value":"//*[@id=\"__button56-img\"]"}
RESULT: {"using":"xpath","value":"//*[@id=\"__button56-img\"]"}
COMMAND: POST /session/1ab6045712b508067b9d9e1a4add95fa/element/f.F3E041632107C0123BDAF370CBA4DD43.d.AEFDD28EEAFBD84261E34B10A3D0F1E5.e.1900/click - {}
RESULT: {}
COMMAND: GET /session/1ab6045712b508067b9d9e1a4add95fa/screenshot - {}
RESULT: {}
COMMAND: POST /session/1ab6045712b508067b9d9e1a4add95fa/execute/async - {"script":"<script> [1562 bytes]","args":[{"selector":{"id":"application-managepartners-display-component---NewPartner--partnerId","interaction":{"idSuffix":"inner"}},"wdio_ui5_key":"applicationmanagepartners-display-component---NewPartner--partnerId"}]}
RESULT: {"script":"<script> [1562 bytes]","args":[{"selector":{"id":"application-managepartners-display-component---NewPartner--partnerId","interaction":{"idSuffix":"inner"}},"wdio_ui5_key":"applicationmanagepartners-display-component---NewPartner--partnerId"}]}
RESULT: undefined
COMMAND: POST /session/1ab6045712b508067b9d9e1a4add95fa/execute/async - {"script":"<script> [1562 bytes]","args":[{"selector":{"id":"application-managepartners-display-component---NewPartner--addressDetailDetailsName1","interaction":{"idSuffix":"inner"}},"wdio_ui5_key":"applicationmanagepartners-display-component---NewPartner--addressDetailDetailsName1"}]}
RESULT: {"script":"<script> [1562 bytes]","args":[{"selector":{"id":"application-managepartners-display-component---NewPartner--addressDetailDetailsName1","interaction":{"idSuffix":"inner"}},"wdio_ui5_key":"applicationmanagepartners-display-component---NewPartner--addressDetailDetailsName1"}]}
RESULT: undefined
COMMAND: POST /session/1ab6045712b508067b9d9e1a4add95fa/execute/async - {"script":"<script> [776 bytes]","args":[{"enterText":"WebdriverPartnerge6i6f","selector":{"id":"application-managepartners-display-component---NewPartner--addressDetailDetailsName1","interaction":{"idSuffix":"inner"}},"clearTextFirst":true,"interactionType":"ENTER_TEXT"}]}
RESULT: {"script":"<script> [776 bytes]","args":[{"enterText":"WebdriverPartnerge6i6f","selector":{"id":"application-managepartners-display-component---NewPartner--addressDetailDetailsName1","interaction":{"idSuffix":"inner"}},"clearTextFirst":true,"interactionType":"ENTER_TEXT"}]}
COMMAND: POST /session/1ab6045712b508067b9d9e1a4add95fa/execute/async - {"script":"<script> [1562 bytes]","args":[{"selector":{"id":"application-managepartners-display-component---NewPartner--addressDetailDetailsLanguage","interaction":{"idSuffix":"inner"}},"wdio_ui5_key":"applicationmanagepartners-display-component---NewPartner--addressDetailDetailsLanguage"}]}
RESULT: {"script":"<script> [1562 bytes]","args":[{"selector":{"id":"application-managepartners-display-component---NewPartner--addressDetailDetailsLanguage","interaction":{"idSuffix":"inner"}},"wdio_ui5_key":"applicationmanagepartners-display-component---NewPartner--addressDetailDetailsLanguage"}]}
RESULT: undefined
COMMAND: POST /session/1ab6045712b508067b9d9e1a4add95fa/execute/async - {"script":"<script> [776 bytes]","args":[{"enterText":"Romanian","selector":{"id":"application-managepartners-display-component---NewPartner--addressDetailDetailsLanguage","interaction":{"idSuffix":"inner"}},"clearTextFirst":true,"interactionType":"ENTER_TEXT"}]}
RESULT: {"script":"<script> [776 bytes]","args":[{"enterText":"Romanian","selector":{"id":"application-managepartners-display-component---NewPartner--addressDetailDetailsLanguage","interaction":{"idSuffix":"inner"}},"clearTextFirst":true,"interactionType":"ENTER_TEXT"}]}
COMMAND: POST /session/1ab6045712b508067b9d9e1a4add95fa/element - {"using":"xpath","value":"//input[contains(@id ,\"application-managepartners-display-component---NewPartner--addressDetailDetailsName1-inner\")]"}
RESULT: {"using":"xpath","value":"//input[contains(@id ,\"application-managepartners-display-component---NewPartner--addressDetailDetailsName1-inner\")]"}
COMMAND: GET /session/1ab6045712b508067b9d9e1a4add95fa/element/f.F3E041632107C0123BDAF370CBA4DD43.d.AEFDD28EEAFBD84261E34B10A3D0F1E5.e.2086/property/value - {}
RESULT: {}
COMMAND: POST /session/1ab6045712b508067b9d9e1a4add95fa/execute/async - {"script":"<script> [1562 bytes]","args":[{"selector":{"id":"application-managepartners-display-component---NewPartner--addressDetailDetailsCity1","interaction":{"idSuffix":"inner"}},"wdio_ui5_key":"applicationmanagepartners-display-component---NewPartner--addressDetailDetailsCity1"}]}
COMMAND: GET /session/1ab6045712b508067b9d9e1a4add95fa/screenshot - {}
RESULT: {"script":"<script> [1562 bytes]","args":[{"selector":{"id":"application-managepartners-display-component---NewPartner--addressDetailDetailsCity1","interaction":{"idSuffix":"inner"}},"wdio_ui5_key":"applicationmanagepartners-display-component---NewPartner--addressDetailDetailsCity1"}]}
RESULT: undefined
COMMAND: POST /session/1ab6045712b508067b9d9e1a4add95fa/execute/async - {"script":"<script> [776 bytes]","args":[{"enterText":"Bucharest","selector":{"id":"application-managepartners-display-component---NewPartner--addressDetailDetailsCity1","interaction":{"idSuffix":"inner"}},"clearTextFirst":true,"interactionType":"ENTER_TEXT"}]}
RESULT: {}
RESULT: {"script":"<script> [776 bytes]","args":[{"enterText":"Bucharest","selector":{"id":"application-managepartners-display-component---NewPartner--addressDetailDetailsCity1","interaction":{"idSuffix":"inner"}},"clearTextFirst":true,"interactionType":"ENTER_TEXT"}]}
COMMAND: POST /session/1ab6045712b508067b9d9e1a4add95fa/execute/async - {"script":"<script> [1562 bytes]","args":[{"selector":{"id":"application-managepartners-display-component---NewPartner--addressDetailDetailsCountry","interaction":{"idSuffix":"inner"}},"wdio_ui5_key":"applicationmanagepartners-display-component---NewPartner--addressDetailDetailsCountry"}]}
RESULT: {"script":"<script> [1562 bytes]","args":[{"selector":{"id":"application-managepartners-display-component---NewPartner--addressDetailDetailsCountry","interaction":{"idSuffix":"inner"}},"wdio_ui5_key":"applicationmanagepartners-display-component---NewPartner--addressDetailDetailsCountry"}]}
RESULT: undefined
COMMAND: POST /session/1ab6045712b508067b9d9e1a4add95fa/execute/async - {"script":"<script> [6424 bytes]","args":[{"element-6066-11e4-a52e-4f735466cecf":"f.F3E041632107C0123BDAF370CBA4DD43.d.AEFDD28EEAFBD84261E34B10A3D0F1E5.e.2093"},"setValue",["Romania"]]}
RESULT: {"script":"<script> [6424 bytes]","args":[{"element-6066-11e4-a52e-4f735466cecf":"f.F3E041632107C0123BDAF370CBA4DD43.d.AEFDD28EEAFBD84261E34B10A3D0F1E5.e.2093"},"setValue",["Romania"]]}
COMMAND: POST /session/1ab6045712b508067b9d9e1a4add95fa/execute/async - {"script":"<script> [1562 bytes]","args":[{"selector":{"id":"application-managepartners-display-component---NewPartner--partnerDetailInternal","interaction":{"idSuffix":"inner"}},"wdio_ui5_key":"applicationmanagepartners-display-component---NewPartner--partnerDetailInternal"}]}
RESULT: {"script":"<script> [1562 bytes]","args":[{"selector":{"id":"application-managepartners-display-component---NewPartner--partnerDetailInternal","interaction":{"idSuffix":"inner"}},"wdio_ui5_key":"applicationmanagepartners-display-component---NewPartner--partnerDetailInternal"}]}
RESULT: undefined
COMMAND: POST /session/1ab6045712b508067b9d9e1a4add95fa/execute/async - {"script":"<script> [776 bytes]","args":[{"enterText":"External partner","selector":{"id":"application-managepartners-display-component---NewPartner--partnerDetailInternal","interaction":{"idSuffix":"inner"}},"clearTextFirst":true,"interactionType":"ENTER_TEXT"}]}
RESULT: {"script":"<script> [776 bytes]","args":[{"enterText":"External partner","selector":{"id":"application-managepartners-display-component---NewPartner--partnerDetailInternal","interaction":{"idSuffix":"inner"}},"clearTextFirst":true,"interactionType":"ENTER_TEXT"}]}
COMMAND: POST /session/1ab6045712b508067b9d9e1a4add95fa/execute/async - {"script":"<script> [1562 bytes]","args":[{"selector":{"id":"application-managepartners-display-component---NewPartner--partnerDetailsCurrency","interaction":{"idSuffix":"inner"}},"wdio_ui5_key":"applicationmanagepartners-display-component---NewPartner--partnerDetailsCurrency"}]}
RESULT: {"script":"<script> [1562 bytes]","args":[{"selector":{"id":"application-managepartners-display-component---NewPartner--partnerDetailsCurrency","interaction":{"idSuffix":"inner"}},"wdio_ui5_key":"applicationmanagepartners-display-component---NewPartner--partnerDetailsCurrency"}]}
RESULT: undefined
COMMAND: POST /session/1ab6045712b508067b9d9e1a4add95fa/execute/async - {"script":"<script> [776 bytes]","args":[{"enterText":"Euro","selector":{"id":"application-managepartners-display-component---NewPartner--partnerDetailsCurrency","interaction":{"idSuffix":"inner"}},"clearTextFirst":true,"interactionType":"ENTER_TEXT"}]}
RESULT: {"script":"<script> [776 bytes]","args":[{"enterText":"Euro","selector":{"id":"application-managepartners-display-component---NewPartner--partnerDetailsCurrency","interaction":{"idSuffix":"inner"}},"clearTextFirst":true,"interactionType":"ENTER_TEXT"}]}
COMMAND: POST /session/1ab6045712b508067b9d9e1a4add95fa/execute/async - {"script":"<script> [1562 bytes]","args":[{"selector":{"controlType":"sap.m.Button","viewName":"etm.portal.ui.managepartners.view.NewPartner","viewId":"application-managepartners-display-component---NewPartner","properties":{"text":"Commercial"},"interaction":{"idSuffix":"BDI-content"}},"wdio_ui5_key":"etmportal.ui.managepartners.view.NewPartnersap.m.Button{\"text\":\"Commercial\"}"}]}
RESULT: {"script":"<script> [1562 bytes]","args":[{"selector":{"controlType":"sap.m.Button","viewName":"etm.portal.ui.managepartners.view.NewPartner","viewId":"application-managepartners-display-component---NewPartner","properties":{"text":"Commercial"},"interaction":{"idSuffix":"BDI-content"}},"wdio_ui5_key":"etmportal.ui.managepartners.view.NewPartnersap.m.Button{\"text\":\"Commercial\"}"}]}
RESULT: undefined
COMMAND: POST /session/1ab6045712b508067b9d9e1a4add95fa/element - {"using":"xpath","value":"//*[@id=\"application-managepartners-display-component---NewPartner--ObjectPageLayout-anchBar-__section27-anchor\"]"}
RESULT: {"using":"xpath","value":"//*[@id=\"application-managepartners-display-component---NewPartner--ObjectPageLayout-anchBar-__section27-anchor\"]"}
COMMAND: POST /session/1ab6045712b508067b9d9e1a4add95fa/element/f.F3E041632107C0123BDAF370CBA4DD43.d.AEFDD28EEAFBD84261E34B10A3D0F1E5.e.2330/click - {}
RESULT: {}
COMMAND: GET /session/1ab6045712b508067b9d9e1a4add95fa/screenshot - {}
RESULT: {}
COMMAND: POST /session/1ab6045712b508067b9d9e1a4add95fa/execute/async - {"script":"<script> [1562 bytes]","args":[{"selector":{"id":"application-managepartners-display-component---NewPartner--btnAddTableRow-img"},"wdio_ui5_key":"applicationmanagepartners-display-component---NewPartner--btnAddTableRow-img"}]}
RESULT: {"script":"<script> [1562 bytes]","args":[{"selector":{"id":"application-managepartners-display-component---NewPartner--btnAddTableRow-img"},"wdio_ui5_key":"applicationmanagepartners-display-component---NewPartner--btnAddTableRow-img"}]}
RESULT: undefined
COMMAND: POST /session/1ab6045712b508067b9d9e1a4add95fa/element - {"using":"xpath","value":"//*[@id=\"application-managepartners-display-component---NewPartner--btnAddTableRow-img\"]"}
RESULT: {"using":"xpath","value":"//*[@id=\"application-managepartners-display-component---NewPartner--btnAddTableRow-img\"]"}
COMMAND: POST /session/1ab6045712b508067b9d9e1a4add95fa/element/f.F3E041632107C0123BDAF370CBA4DD43.d.AEFDD28EEAFBD84261E34B10A3D0F1E5.e.2336/click - {}
RESULT: {}
COMMAND: POST /session/1ab6045712b508067b9d9e1a4add95fa/element - {"using":"xpath","value":"//input[contains(@id ,\"application-managepartners-display-component---NewPartner--assignmentYard-application-managepartners-display-component---NewPartner\")]"}
COMMAND: GET /session/1ab6045712b508067b9d9e1a4add95fa/screenshot - {}
RESULT: {"using":"xpath","value":"//input[contains(@id ,\"application-managepartners-display-component---NewPartner--assignmentYard-application-managepartners-display-component---NewPartner\")]"}
COMMAND: POST /session/1ab6045712b508067b9d9e1a4add95fa/element/f.F3E041632107C0123BDAF370CBA4DD43.d.AEFDD28EEAFBD84261E34B10A3D0F1E5.e.2339/clear - {}
RESULT: {}
RESULT: {}
COMMAND: POST /session/1ab6045712b508067b9d9e1a4add95fa/element/f.F3E041632107C0123BDAF370CBA4DD43.d.AEFDD28EEAFBD84261E34B10A3D0F1E5.e.2339/value - {"text":"WebdriverYardzznwm"}
COMMAND: GET /session/1ab6045712b508067b9d9e1a4add95fa/screenshot - {}
RESULT: {"text":"WebdriverYardzznwm"}
COMMAND: GET /session/1ab6045712b508067b9d9e1a4add95fa/screenshot - {}
RESULT: {}
RESULT: {}
COMMAND: POST /session/1ab6045712b508067b9d9e1a4add95fa/execute/async - {"script":"<script> [1562 bytes]","args":[{"selector":{"controlType":"sap.m.Button","viewName":"etm.portal.ui.managepartners.view.NewPartner","viewId":"application-managepartners-display-component---NewPartner","i18NText":{"propertyName":"text","key":"save"},"interaction":{"idSuffix":"BDI-content"}},"wdio_ui5_key":"etmportal.ui.managepartners.view.NewPartnersap.m.Button{\"propertyName\":\"text\",\"key\":\"save\"}"}]}
RESULT: {"script":"<script> [1562 bytes]","args":[{"selector":{"controlType":"sap.m.Button","viewName":"etm.portal.ui.managepartners.view.NewPartner","viewId":"application-managepartners-display-component---NewPartner","i18NText":{"propertyName":"text","key":"save"},"interaction":{"idSuffix":"BDI-content"}},"wdio_ui5_key":"etmportal.ui.managepartners.view.NewPartnersap.m.Button{\"propertyName\":\"text\",\"key\":\"save\"}"}]}
RESULT: undefined
COMMAND: POST /session/1ab6045712b508067b9d9e1a4add95fa/element - {"using":"xpath","value":"//*[@id=\"__button64\"]"}
RESULT: {"using":"xpath","value":"//*[@id=\"__button64\"]"}
COMMAND: POST /session/1ab6045712b508067b9d9e1a4add95fa/element/f.F3E041632107C0123BDAF370CBA4DD43.d.AEFDD28EEAFBD84261E34B10A3D0F1E5.e.2217/click - {}
RESULT: {}
COMMAND: GET /session/1ab6045712b508067b9d9e1a4add95fa/screenshot - {}
RESULT: {}
COMMAND: POST /session/1ab6045712b508067b9d9e1a4add95fa/element - {"using":"xpath","value":"//header/div/div[2]/div[2]/span"}
RESULT: {"using":"xpath","value":"//header/div/div[2]/div[2]/span"}
COMMAND: GET /session/1ab6045712b508067b9d9e1a4add95fa/element/f.F3E041632107C0123BDAF370CBA4DD43.d.AEFDD28EEAFBD84261E34B10A3D0F1E5.e.2512/text - {}
RESULT: {}
COMMAND: POST /session/1ab6045712b508067b9d9e1a4add95fa/element - {"using":"xpath","value":"//header/div/div/div/div/div/div[2]/div/span"}
RESULT: {"using":"xpath","value":"//header/div/div/div/div/div/div[2]/div/span"}
COMMAND: GET /session/1ab6045712b508067b9d9e1a4add95fa/element/f.F3E041632107C0123BDAF370CBA4DD43.d.AEFDD28EEAFBD84261E34B10A3D0F1E5.e.2513/text - {}
RESULT: {}
COMMAND: POST /session/1ab6045712b508067b9d9e1a4add95fa/execute/async - {"script":"<script> [1562 bytes]","args":[{"selector":{"id":"application-managepartners-display-component---detailPtm--partnerType"},"wdio_ui5_key":"applicationmanagepartners-display-component---detailPtm--partnerType"}]}
RESULT: {"script":"<script> [1562 bytes]","args":[{"selector":{"id":"application-managepartners-display-component---detailPtm--partnerType"},"wdio_ui5_key":"applicationmanagepartners-display-component---detailPtm--partnerType"}]}
RESULT: undefined
COMMAND: POST /session/1ab6045712b508067b9d9e1a4add95fa/execute/async - {"script":"<script> [6424 bytes]","args":[{"element-6066-11e4-a52e-4f735466cecf":"f.F3E041632107C0123BDAF370CBA4DD43.d.AEFDD28EEAFBD84261E34B10A3D0F1E5.e.2514"},"getText",[]]}
RESULT: {"script":"<script> [6424 bytes]","args":[{"element-6066-11e4-a52e-4f735466cecf":"f.F3E041632107C0123BDAF370CBA4DD43.d.AEFDD28EEAFBD84261E34B10A3D0F1E5.e.2514"},"getText",[]]}
COMMAND: POST /session/1ab6045712b508067b9d9e1a4add95fa/element - {"using":"css selector","value":"#shell-header-logo"}
RESULT: {"using":"css selector","value":"#shell-header-logo"}
COMMAND: POST /session/1ab6045712b508067b9d9e1a4add95fa/element/f.F3E041632107C0123BDAF370CBA4DD43.d.AEFDD28EEAFBD84261E34B10A3D0F1E5.e.1852/click - {}
RESULT: {}
COMMAND: GET /session/1ab6045712b508067b9d9e1a4add95fa/screenshot - {}
RESULT: {}
]]></system-out>
    </testcase>
    <testcase classname="chrome.136_0_7103_93.windows.Webshop_-_Hyperlinks_visible_and_working_properly__US139085" name="Should create a new contract" time="110.161">
      <system-out><![CDATA[
COMMAND: POST /session/1ab6045712b508067b9d9e1a4add95fa/execute/async - {"script":"<script> [1562 bytes]","args":[{"selector":{"controlType":"sap.m.GenericTile","properties":{"header":"Manage Contracts"}},"wdio_ui5_key":"sapm.GenericTile{\"header\":\"Manage Contracts\"}"}]}
RESULT: {"script":"<script> [1562 bytes]","args":[{"selector":{"controlType":"sap.m.GenericTile","properties":{"header":"Manage Contracts"}},"wdio_ui5_key":"sapm.GenericTile{\"header\":\"Manage Contracts\"}"}]}
RESULT: undefined
COMMAND: POST /session/1ab6045712b508067b9d9e1a4add95fa/element - {"using":"xpath","value":"//*[@id=\"__tile130\"]"}
RESULT: {"using":"xpath","value":"//*[@id=\"__tile130\"]"}
COMMAND: POST /session/1ab6045712b508067b9d9e1a4add95fa/element/f.F3E041632107C0123BDAF370CBA4DD43.d.AEFDD28EEAFBD84261E34B10A3D0F1E5.e.2516/click - {}
RESULT: {}
COMMAND: GET /session/1ab6045712b508067b9d9e1a4add95fa/screenshot - {}
RESULT: {}
COMMAND: POST /session/1ab6045712b508067b9d9e1a4add95fa/elements - {"using":"xpath","value":"//span[text()='Error']"}
RESULT: {"using":"xpath","value":"//span[text()='Error']"}
COMMAND: POST /session/1ab6045712b508067b9d9e1a4add95fa/element - {"using":"xpath","value":"//button[@data-kt=\"addButton\"]"}
RESULT: {"using":"xpath","value":"//button[@data-kt=\"addButton\"]"}
COMMAND: POST /session/1ab6045712b508067b9d9e1a4add95fa/element/f.F3E041632107C0123BDAF370CBA4DD43.d.AEFDD28EEAFBD84261E34B10A3D0F1E5.e.2562/click - {}
RESULT: {}
COMMAND: GET /session/1ab6045712b508067b9d9e1a4add95fa/screenshot - {}
COMMAND: POST /session/1ab6045712b508067b9d9e1a4add95fa/execute/async - {"script":"<script> [1562 bytes]","args":[{"selector":{"id":"application-managecontracts-display-component---AddNewContract--projectDescription","interaction":{"idSuffix":"inner"}},"wdio_ui5_key":"applicationmanagecontracts-display-component---AddNewContract--projectDescription"}]}
RESULT: {}
RESULT: {"script":"<script> [1562 bytes]","args":[{"selector":{"id":"application-managecontracts-display-component---AddNewContract--projectDescription","interaction":{"idSuffix":"inner"}},"wdio_ui5_key":"applicationmanagecontracts-display-component---AddNewContract--projectDescription"}]}
RESULT: undefined
COMMAND: POST /session/1ab6045712b508067b9d9e1a4add95fa/execute/async - {"script":"<script> [776 bytes]","args":[{"enterText":"WdIOR2cr3prj","selector":{"id":"application-managecontracts-display-component---AddNewContract--projectDescription","interaction":{"idSuffix":"inner"}},"clearTextFirst":true,"interactionType":"ENTER_TEXT"}]}
RESULT: {"script":"<script> [776 bytes]","args":[{"enterText":"WdIOR2cr3prj","selector":{"id":"application-managecontracts-display-component---AddNewContract--projectDescription","interaction":{"idSuffix":"inner"}},"clearTextFirst":true,"interactionType":"ENTER_TEXT"}]}
COMMAND: POST /session/1ab6045712b508067b9d9e1a4add95fa/element - {"using":"xpath","value":"//input[@id=\"application-managecontracts-display-component---AddNewContract--yardId-inner\"]"}
RESULT: {"using":"xpath","value":"//input[@id=\"application-managecontracts-display-component---AddNewContract--yardId-inner\"]"}
COMMAND: POST /session/1ab6045712b508067b9d9e1a4add95fa/element/f.F3E041632107C0123BDAF370CBA4DD43.d.AEFDD28EEAFBD84261E34B10A3D0F1E5.e.2870/clear - {}
RESULT: {}
COMMAND: POST /session/1ab6045712b508067b9d9e1a4add95fa/element/f.F3E041632107C0123BDAF370CBA4DD43.d.AEFDD28EEAFBD84261E34B10A3D0F1E5.e.2870/value - {"text":"WebdriverYardzznwm"}
COMMAND: GET /session/1ab6045712b508067b9d9e1a4add95fa/screenshot - {}
RESULT: {"text":"WebdriverYardzznwm"}
COMMAND: GET /session/1ab6045712b508067b9d9e1a4add95fa/screenshot - {}
RESULT: {}
RESULT: {}
COMMAND: POST /session/1ab6045712b508067b9d9e1a4add95fa/actions - {"actions":[{"id":"action5","type":"key","parameters":{},"actions":[{"type":"keyDown","value":"î€‡"},{"type":"pause","duration":10},{"type":"keyUp","value":"î€‡"}]}]}
RESULT: {"actions":[{"id":"action5","type":"key","parameters":{},"actions":[{"type":"keyDown","value":"î€‡"},{"type":"pause","duration":10},{"type":"keyUp","value":"î€‡"}]}]}
COMMAND: GET /session/1ab6045712b508067b9d9e1a4add95fa/screenshot - {}
RESULT: {}
COMMAND: POST /session/1ab6045712b508067b9d9e1a4add95fa/element - {"using":"xpath","value":"//input[@id=\"application-managecontracts-display-component---AddNewContract--customerSelect-inner\"]"}
RESULT: {"using":"xpath","value":"//input[@id=\"application-managecontracts-display-component---AddNewContract--customerSelect-inner\"]"}
COMMAND: POST /session/1ab6045712b508067b9d9e1a4add95fa/element/f.F3E041632107C0123BDAF370CBA4DD43.d.AEFDD28EEAFBD84261E34B10A3D0F1E5.e.2868/clear - {}
RESULT: {}
COMMAND: POST /session/1ab6045712b508067b9d9e1a4add95fa/element/f.F3E041632107C0123BDAF370CBA4DD43.d.AEFDD28EEAFBD84261E34B10A3D0F1E5.e.2868/value - {"text":"WebdriverPartnerge6i6f"}
COMMAND: GET /session/1ab6045712b508067b9d9e1a4add95fa/screenshot - {}
RESULT: {"text":"WebdriverPartnerge6i6f"}
COMMAND: GET /session/1ab6045712b508067b9d9e1a4add95fa/screenshot - {}
RESULT: {}
RESULT: {}
COMMAND: POST /session/1ab6045712b508067b9d9e1a4add95fa/actions - {"actions":[{"id":"action6","type":"key","parameters":{},"actions":[{"type":"keyDown","value":"î€‡"},{"type":"pause","duration":10},{"type":"keyUp","value":"î€‡"}]}]}
RESULT: {"actions":[{"id":"action6","type":"key","parameters":{},"actions":[{"type":"keyDown","value":"î€‡"},{"type":"pause","duration":10},{"type":"keyUp","value":"î€‡"}]}]}
COMMAND: GET /session/1ab6045712b508067b9d9e1a4add95fa/screenshot - {}
RESULT: {}
COMMAND: POST /session/1ab6045712b508067b9d9e1a4add95fa/element - {"using":"xpath","value":"//input[@id=\"application-managecontracts-display-component---AddNewContract--site-inner\"]"}
RESULT: {"using":"xpath","value":"//input[@id=\"application-managecontracts-display-component---AddNewContract--site-inner\"]"}
COMMAND: POST /session/1ab6045712b508067b9d9e1a4add95fa/element/f.F3E041632107C0123BDAF370CBA4DD43.d.AEFDD28EEAFBD84261E34B10A3D0F1E5.e.2869/clear - {}
RESULT: {}
COMMAND: POST /session/1ab6045712b508067b9d9e1a4add95fa/element/f.F3E041632107C0123BDAF370CBA4DD43.d.AEFDD28EEAFBD84261E34B10A3D0F1E5.e.2869/value - {"text":"WebdriverSite51lk6"}
COMMAND: GET /session/1ab6045712b508067b9d9e1a4add95fa/screenshot - {}
RESULT: {"text":"WebdriverSite51lk6"}
COMMAND: GET /session/1ab6045712b508067b9d9e1a4add95fa/screenshot - {}
RESULT: {}
RESULT: {}
COMMAND: POST /session/1ab6045712b508067b9d9e1a4add95fa/actions - {"actions":[{"id":"action7","type":"key","parameters":{},"actions":[{"type":"keyDown","value":"î€‡"},{"type":"pause","duration":10},{"type":"keyUp","value":"î€‡"}]}]}
RESULT: {"actions":[{"id":"action7","type":"key","parameters":{},"actions":[{"type":"keyDown","value":"î€‡"},{"type":"pause","duration":10},{"type":"keyUp","value":"î€‡"}]}]}
COMMAND: GET /session/1ab6045712b508067b9d9e1a4add95fa/screenshot - {}
COMMAND: POST /session/1ab6045712b508067b9d9e1a4add95fa/element - {"using":"xpath","value":"//button[@data-kt=\"saveButton\"]"}
RESULT: {}
RESULT: {"using":"xpath","value":"//button[@data-kt=\"saveButton\"]"}
COMMAND: POST /session/1ab6045712b508067b9d9e1a4add95fa/element/f.F3E041632107C0123BDAF370CBA4DD43.d.AEFDD28EEAFBD84261E34B10A3D0F1E5.e.2908/click - {}
RESULT: {}
COMMAND: GET /session/1ab6045712b508067b9d9e1a4add95fa/screenshot - {}
RESULT: {}
COMMAND: POST /session/1ab6045712b508067b9d9e1a4add95fa/execute/async - {"script":"<script> [1562 bytes]","args":[{"selector":{"id":"contractDetailTitleNoExpanded","viewName":"etm.portal.ui.managecontracts.view.Detail"},"wdio_ui5_key":"contractDetailTitleNoExpandedetmportal.ui.managecontracts.view.Detail"}]}
RESULT: {"script":"<script> [1562 bytes]","args":[{"selector":{"id":"contractDetailTitleNoExpanded","viewName":"etm.portal.ui.managecontracts.view.Detail"},"wdio_ui5_key":"contractDetailTitleNoExpandedetmportal.ui.managecontracts.view.Detail"}]}
RESULT: undefined
COMMAND: POST /session/1ab6045712b508067b9d9e1a4add95fa/execute/async - {"script":"<script> [6424 bytes]","args":[{"element-6066-11e4-a52e-4f735466cecf":"f.F3E041632107C0123BDAF370CBA4DD43.d.AEFDD28EEAFBD84261E34B10A3D0F1E5.e.2918"},"getText",[]]}
RESULT: {"script":"<script> [6424 bytes]","args":[{"element-6066-11e4-a52e-4f735466cecf":"f.F3E041632107C0123BDAF370CBA4DD43.d.AEFDD28EEAFBD84261E34B10A3D0F1E5.e.2918"},"getText",[]]}
COMMAND: POST /session/1ab6045712b508067b9d9e1a4add95fa/element - {"using":"css selector","value":"#shell-header-logo"}
RESULT: {"using":"css selector","value":"#shell-header-logo"}
COMMAND: POST /session/1ab6045712b508067b9d9e1a4add95fa/element/f.F3E041632107C0123BDAF370CBA4DD43.d.AEFDD28EEAFBD84261E34B10A3D0F1E5.e.2518/click - {}
RESULT: {}
COMMAND: GET /session/1ab6045712b508067b9d9e1a4add95fa/screenshot - {}
RESULT: {}
]]></system-out>
    </testcase>
    <testcase classname="chrome.136_0_7103_93.windows.Webshop_-_Hyperlinks_visible_and_working_properly__US139085" name="Should create a new webshop request and verify yard hyperlinks" time="241.216">
      <system-out><![CDATA[
COMMAND: POST /session/1ab6045712b508067b9d9e1a4add95fa/execute/async - {"script":"<script> [1562 bytes]","args":[{"selector":{"controlType":"sap.m.GenericTile","properties":{"header":"Webshop"}},"wdio_ui5_key":"sapm.GenericTile{\"header\":\"Webshop\"}"}]}
RESULT: {"script":"<script> [1562 bytes]","args":[{"selector":{"controlType":"sap.m.GenericTile","properties":{"header":"Webshop"}},"wdio_ui5_key":"sapm.GenericTile{\"header\":\"Webshop\"}"}]}
RESULT: undefined
COMMAND: POST /session/1ab6045712b508067b9d9e1a4add95fa/element - {"using":"xpath","value":"//*[@id=\"__tile49\"]"}
RESULT: {"using":"xpath","value":"//*[@id=\"__tile49\"]"}
COMMAND: POST /session/1ab6045712b508067b9d9e1a4add95fa/element/f.F3E041632107C0123BDAF370CBA4DD43.d.AEFDD28EEAFBD84261E34B10A3D0F1E5.e.2921/click - {}
RESULT: {}
COMMAND: GET /session/1ab6045712b508067b9d9e1a4add95fa/screenshot - {}
RESULT: {}
COMMAND: POST /session/1ab6045712b508067b9d9e1a4add95fa/elements - {"using":"xpath","value":"//span[text()='Error']"}
RESULT: {"using":"xpath","value":"//span[text()='Error']"}
COMMAND: POST /session/1ab6045712b508067b9d9e1a4add95fa/element - {"using":"css selector","value":"#requestCreationDialog--createRequestPopUp-title-inner"}
RESULT: {"using":"css selector","value":"#requestCreationDialog--createRequestPopUp-title-inner"}
COMMAND: POST /session/1ab6045712b508067b9d9e1a4add95fa/execute/sync - {"script":"<script> [8489 bytes]","args":[{"element-6066-11e4-a52e-4f735466cecf":"f.F3E041632107C0123BDAF370CBA4DD43.d.AEFDD28EEAFBD84261E34B10A3D0F1E5.e.2949","ELEMENT":"f.F3E041632107C0123BDAF370CBA4DD43.d.AEFDD28EEAFBD84261E34B10A3D0F1E5.e.2949"}]}
RESULT: {"script":"<script> [8489 bytes]","args":[{"element-6066-11e4-a52e-4f735466cecf":"f.F3E041632107C0123BDAF370CBA4DD43.d.AEFDD28EEAFBD84261E34B10A3D0F1E5.e.2949","ELEMENT":"f.F3E041632107C0123BDAF370CBA4DD43.d.AEFDD28EEAFBD84261E34B10A3D0F1E5.e.2949"}]}
COMMAND: GET /session/1ab6045712b508067b9d9e1a4add95fa/element/f.F3E041632107C0123BDAF370CBA4DD43.d.AEFDD28EEAFBD84261E34B10A3D0F1E5.e.2949/enabled - {}
COMMAND: GET /session/1ab6045712b508067b9d9e1a4add95fa/screenshot - {}
RESULT: {}
COMMAND: POST /session/1ab6045712b508067b9d9e1a4add95fa/execute/async - {"script":"<script> [1562 bytes]","args":[{"selector":{"id":"requestCreationDialog--requestName","searchOpenDialogs":true,"interaction":{"idSuffix":"inner"}},"wdio_ui5_key":"requestCreationDialogrequestName"}]}
COMMAND: GET /session/1ab6045712b508067b9d9e1a4add95fa/screenshot - {}
RESULT: {}
RESULT: {"script":"<script> [1562 bytes]","args":[{"selector":{"id":"requestCreationDialog--requestName","searchOpenDialogs":true,"interaction":{"idSuffix":"inner"}},"wdio_ui5_key":"requestCreationDialogrequestName"}]}
RESULT: undefined
COMMAND: POST /session/1ab6045712b508067b9d9e1a4add95fa/execute/async - {"script":"<script> [776 bytes]","args":[{"enterText":"WebdriverTest","selector":{"id":"requestCreationDialog--requestName","searchOpenDialogs":true,"interaction":{"idSuffix":"inner"}},"clearTextFirst":true,"interactionType":"ENTER_TEXT"}]}
RESULT: {}
RESULT: {"script":"<script> [776 bytes]","args":[{"enterText":"WebdriverTest","selector":{"id":"requestCreationDialog--requestName","searchOpenDialogs":true,"interaction":{"idSuffix":"inner"}},"clearTextFirst":true,"interactionType":"ENTER_TEXT"}]}
COMMAND: POST /session/1ab6045712b508067b9d9e1a4add95fa/element - {"using":"xpath","value":"//input[contains(@id ,\"requestCreationDialog--contract-inner\")]"}
RESULT: {"using":"xpath","value":"//input[contains(@id ,\"requestCreationDialog--contract-inner\")]"}
COMMAND: POST /session/1ab6045712b508067b9d9e1a4add95fa/element/f.F3E041632107C0123BDAF370CBA4DD43.d.AEFDD28EEAFBD84261E34B10A3D0F1E5.e.2934/clear - {}
RESULT: {}
COMMAND: POST /session/1ab6045712b508067b9d9e1a4add95fa/element/f.F3E041632107C0123BDAF370CBA4DD43.d.AEFDD28EEAFBD84261E34B10A3D0F1E5.e.2934/value - {"text":"10352"}
COMMAND: GET /session/1ab6045712b508067b9d9e1a4add95fa/screenshot - {}
RESULT: {"text":"10352"}
COMMAND: GET /session/1ab6045712b508067b9d9e1a4add95fa/screenshot - {}
RESULT: {}
RESULT: {}
COMMAND: POST /session/1ab6045712b508067b9d9e1a4add95fa/actions - {"actions":[{"id":"action8","type":"key","parameters":{},"actions":[{"type":"keyDown","value":"î€‡"},{"type":"pause","duration":10},{"type":"keyUp","value":"î€‡"}]}]}
RESULT: {"actions":[{"id":"action8","type":"key","parameters":{},"actions":[{"type":"keyDown","value":"î€‡"},{"type":"pause","duration":10},{"type":"keyUp","value":"î€‡"}]}]}
COMMAND: GET /session/1ab6045712b508067b9d9e1a4add95fa/screenshot - {}
RESULT: {}
COMMAND: POST /session/1ab6045712b508067b9d9e1a4add95fa/element - {"using":"xpath","value":"//input[contains(@id ,\"requestCreationDialog--contract-inner\")]"}
RESULT: {"using":"xpath","value":"//input[contains(@id ,\"requestCreationDialog--contract-inner\")]"}
COMMAND: GET /session/1ab6045712b508067b9d9e1a4add95fa/element/f.F3E041632107C0123BDAF370CBA4DD43.d.AEFDD28EEAFBD84261E34B10A3D0F1E5.e.2934/property/value - {}
RESULT: {}
COMMAND: POST /session/1ab6045712b508067b9d9e1a4add95fa/element - {"using":"xpath","value":"//input[contains(@id ,\"requestCreationDialog--contract-inner\")]"}
COMMAND: GET /session/1ab6045712b508067b9d9e1a4add95fa/screenshot - {}
RESULT: {"using":"xpath","value":"//input[contains(@id ,\"requestCreationDialog--contract-inner\")]"}
COMMAND: POST /session/1ab6045712b508067b9d9e1a4add95fa/execute/async - {"script":"<script> [1562 bytes]","args":[{"selector":{"id":"requestCreationDialog--okButton","searchOpenDialogs":true,"interaction":{"idSuffix":"BDI-content"}},"wdio_ui5_key":"requestCreationDialogokButton"}]}
RESULT: {}
RESULT: {"script":"<script> [1562 bytes]","args":[{"selector":{"id":"requestCreationDialog--okButton","searchOpenDialogs":true,"interaction":{"idSuffix":"BDI-content"}},"wdio_ui5_key":"requestCreationDialogokButton"}]}
RESULT: undefined
COMMAND: POST /session/1ab6045712b508067b9d9e1a4add95fa/element - {"using":"xpath","value":"//*[@id=\"requestCreationDialog--okButton\"]"}
RESULT: {"using":"xpath","value":"//*[@id=\"requestCreationDialog--okButton\"]"}
COMMAND: POST /session/1ab6045712b508067b9d9e1a4add95fa/element/f.F3E041632107C0123BDAF370CBA4DD43.d.AEFDD28EEAFBD84261E34B10A3D0F1E5.e.2957/click - {}
RESULT: {}
COMMAND: GET /session/1ab6045712b508067b9d9e1a4add95fa/screenshot - {}
RESULT: {}
COMMAND: POST /session/1ab6045712b508067b9d9e1a4add95fa/element - {"using":"xpath","value":"//input[contains(@id ,\"searchFiledId-I\")]"}
RESULT: {"using":"xpath","value":"//input[contains(@id ,\"searchFiledId-I\")]"}
COMMAND: POST /session/1ab6045712b508067b9d9e1a4add95fa/element/f.F3E041632107C0123BDAF370CBA4DD43.d.AEFDD28EEAFBD84261E34B10A3D0F1E5.e.2926/value - {"text":"Dri-Prime CD150M Diesel Pump"}
RESULT: {"text":"Dri-Prime CD150M Diesel Pump"}
COMMAND: POST /session/1ab6045712b508067b9d9e1a4add95fa/actions - {"actions":[{"id":"action9","type":"key","parameters":{},"actions":[{"type":"keyDown","value":"î€‡"},{"type":"pause","duration":10},{"type":"keyUp","value":"î€‡"}]}]}
COMMAND: GET /session/1ab6045712b508067b9d9e1a4add95fa/screenshot - {}
RESULT: {"actions":[{"id":"action9","type":"key","parameters":{},"actions":[{"type":"keyDown","value":"î€‡"},{"type":"pause","duration":10},{"type":"keyUp","value":"î€‡"}]}]}
COMMAND: GET /session/1ab6045712b508067b9d9e1a4add95fa/screenshot - {}
RESULT: {}
RESULT: {}
COMMAND: POST /session/1ab6045712b508067b9d9e1a4add95fa/element - {"using":"xpath","value":"//span[contains(@id ,\"subTitle\")][contains(text(), \"Dri-Prime CD150M Diesel Pump\")]"}
RESULT: {"using":"xpath","value":"//span[contains(@id ,\"subTitle\")][contains(text(), \"Dri-Prime CD150M Diesel Pump\")]"}
COMMAND: POST /session/1ab6045712b508067b9d9e1a4add95fa/element/f.F3E041632107C0123BDAF370CBA4DD43.d.AEFDD28EEAFBD84261E34B10A3D0F1E5.e.2963/click - {}
RESULT: {}
COMMAND: GET /session/1ab6045712b508067b9d9e1a4add95fa/screenshot - {}
RESULT: {}
COMMAND: POST /session/1ab6045712b508067b9d9e1a4add95fa/execute/async - {"script":"<script> [1562 bytes]","args":[{"selector":{"controlType":"sap.m.Button","viewName":"etm.portal.ui.webshop.view.Homepage","i18NText":{"propertyName":"text","key":"addToRequest"},"interaction":{"idSuffix":"BDI-content"}},"wdio_ui5_key":"etmportal.ui.webshop.view.Homepagesap.m.Button{\"propertyName\":\"text\",\"key\":\"addToRequest\"}"}]}
RESULT: {"script":"<script> [1562 bytes]","args":[{"selector":{"controlType":"sap.m.Button","viewName":"etm.portal.ui.webshop.view.Homepage","i18NText":{"propertyName":"text","key":"addToRequest"},"interaction":{"idSuffix":"BDI-content"}},"wdio_ui5_key":"etmportal.ui.webshop.view.Homepagesap.m.Button{\"propertyName\":\"text\",\"key\":\"addToRequest\"}"}]}
RESULT: undefined
COMMAND: POST /session/1ab6045712b508067b9d9e1a4add95fa/element - {"using":"xpath","value":"//*[@id=\"__button122\"]"}
RESULT: {"using":"xpath","value":"//*[@id=\"__button122\"]"}
COMMAND: POST /session/1ab6045712b508067b9d9e1a4add95fa/element/f.F3E041632107C0123BDAF370CBA4DD43.d.AEFDD28EEAFBD84261E34B10A3D0F1E5.e.2977/click - {}
RESULT: {}
COMMAND: GET /session/1ab6045712b508067b9d9e1a4add95fa/screenshot - {}
RESULT: {}
COMMAND: POST /session/1ab6045712b508067b9d9e1a4add95fa/element - {"using":"xpath","value":"//*[contains(@id ,\"activeCartId-BDI-content\")]"}
RESULT: {"using":"xpath","value":"//*[contains(@id ,\"activeCartId-BDI-content\")]"}
COMMAND: POST /session/1ab6045712b508067b9d9e1a4add95fa/element/f.F3E041632107C0123BDAF370CBA4DD43.d.AEFDD28EEAFBD84261E34B10A3D0F1E5.e.2985/click - {}
RESULT: {}
COMMAND: GET /session/1ab6045712b508067b9d9e1a4add95fa/screenshot - {}
RESULT: {}
COMMAND: POST /session/1ab6045712b508067b9d9e1a4add95fa/element - {"using":"xpath","value":"//bdi[contains(text(), \"Check out my request\")]"}
RESULT: {"using":"xpath","value":"//bdi[contains(text(), \"Check out my request\")]"}
COMMAND: POST /session/1ab6045712b508067b9d9e1a4add95fa/element/f.F3E041632107C0123BDAF370CBA4DD43.d.AEFDD28EEAFBD84261E34B10A3D0F1E5.e.2987/click - {}
RESULT: {}
COMMAND: GET /session/1ab6045712b508067b9d9e1a4add95fa/screenshot - {}
RESULT: {}
COMMAND: POST /session/1ab6045712b508067b9d9e1a4add95fa/element - {"using":"xpath","value":"//*[contains(@data-kt ,\"webshopDetailYardLink\")]"}
RESULT: {"using":"xpath","value":"//*[contains(@data-kt ,\"webshopDetailYardLink\")]"}
COMMAND: POST /session/1ab6045712b508067b9d9e1a4add95fa/element/f.F3E041632107C0123BDAF370CBA4DD43.d.AEFDD28EEAFBD84261E34B10A3D0F1E5.e.3046/click - {}
RESULT: {}
COMMAND: POST /session/1ab6045712b508067b9d9e1a4add95fa/element - {"using":"xpath","value":"//*[contains(@data-kt ,\"ContextMenuId2Link\")][contains(text(), \"Yard Overview\")]"}
COMMAND: GET /session/1ab6045712b508067b9d9e1a4add95fa/screenshot - {}
RESULT: {"using":"xpath","value":"//*[contains(@data-kt ,\"ContextMenuId2Link\")][contains(text(), \"Yard Overview\")]"}
COMMAND: POST /session/1ab6045712b508067b9d9e1a4add95fa/execute/sync - {"script":"<script> [8489 bytes]","args":[{"element-6066-11e4-a52e-4f735466cecf":"f.F3E041632107C0123BDAF370CBA4DD43.d.AEFDD28EEAFBD84261E34B10A3D0F1E5.e.3056","ELEMENT":"f.F3E041632107C0123BDAF370CBA4DD43.d.AEFDD28EEAFBD84261E34B10A3D0F1E5.e.3056"}]}
COMMAND: POST /session/1ab6045712b508067b9d9e1a4add95fa/element - {"using":"xpath","value":"//*[contains(@data-kt ,\"ContextMenuId3Link\")][contains(text(), \"Yard Main Address\")]"}
RESULT: {}
RESULT: {"using":"xpath","value":"//*[contains(@data-kt ,\"ContextMenuId3Link\")][contains(text(), \"Yard Main Address\")]"}
COMMAND: POST /session/1ab6045712b508067b9d9e1a4add95fa/execute/sync - {"script":"<script> [8489 bytes]","args":[{"element-6066-11e4-a52e-4f735466cecf":"f.F3E041632107C0123BDAF370CBA4DD43.d.AEFDD28EEAFBD84261E34B10A3D0F1E5.e.3057","ELEMENT":"f.F3E041632107C0123BDAF370CBA4DD43.d.AEFDD28EEAFBD84261E34B10A3D0F1E5.e.3057"}]}
COMMAND: POST /session/1ab6045712b508067b9d9e1a4add95fa/element - {"using":"xpath","value":"//*[contains(@data-kt ,\"ContextMenuId2Link\")][contains(text(), \"Yard Overview\")]"}
RESULT: {"script":"<script> [8489 bytes]","args":[{"element-6066-11e4-a52e-4f735466cecf":"f.F3E041632107C0123BDAF370CBA4DD43.d.AEFDD28EEAFBD84261E34B10A3D0F1E5.e.3056","ELEMENT":"f.F3E041632107C0123BDAF370CBA4DD43.d.AEFDD28EEAFBD84261E34B10A3D0F1E5.e.3056"}]}
COMMAND: GET /session/1ab6045712b508067b9d9e1a4add95fa/screenshot - {}
RESULT: {"script":"<script> [8489 bytes]","args":[{"element-6066-11e4-a52e-4f735466cecf":"f.F3E041632107C0123BDAF370CBA4DD43.d.AEFDD28EEAFBD84261E34B10A3D0F1E5.e.3057","ELEMENT":"f.F3E041632107C0123BDAF370CBA4DD43.d.AEFDD28EEAFBD84261E34B10A3D0F1E5.e.3057"}]}
COMMAND: GET /session/1ab6045712b508067b9d9e1a4add95fa/screenshot - {}
RESULT: {"using":"xpath","value":"//*[contains(@data-kt ,\"ContextMenuId2Link\")][contains(text(), \"Yard Overview\")]"}
COMMAND: POST /session/1ab6045712b508067b9d9e1a4add95fa/element/f.F3E041632107C0123BDAF370CBA4DD43.d.AEFDD28EEAFBD84261E34B10A3D0F1E5.e.3056/click - {}
RESULT: {}
RESULT: {}
RESULT: {}
COMMAND: GET /session/1ab6045712b508067b9d9e1a4add95fa/screenshot - {}
RESULT: {}
COMMAND: POST /session/1ab6045712b508067b9d9e1a4add95fa/execute/async - {"script":"<script> [1562 bytes]","args":[{"selector":{"id":"shellAppTitle"},"wdio_ui5_key":"shellAppTitle"}]}
RESULT: {"script":"<script> [1562 bytes]","args":[{"selector":{"id":"shellAppTitle"},"wdio_ui5_key":"shellAppTitle"}]}
RESULT: undefined
COMMAND: POST /session/1ab6045712b508067b9d9e1a4add95fa/execute/async - {"script":"<script> [6424 bytes]","args":[{"element-6066-11e4-a52e-4f735466cecf":"f.F3E041632107C0123BDAF370CBA4DD43.d.AEFDD28EEAFBD84261E34B10A3D0F1E5.e.3188"},"getTitle",[]]}
RESULT: {"script":"<script> [6424 bytes]","args":[{"element-6066-11e4-a52e-4f735466cecf":"f.F3E041632107C0123BDAF370CBA4DD43.d.AEFDD28EEAFBD84261E34B10A3D0F1E5.e.3188"},"getTitle",[]]}
COMMAND: POST /session/1ab6045712b508067b9d9e1a4add95fa/element - {"using":"xpath","value":"//span[contains(@id ,\"title\")][contains(text(), \"WebdriverYardzznwm\")]"}
RESULT: {"using":"xpath","value":"//span[contains(@id ,\"title\")][contains(text(), \"WebdriverYardzznwm\")]"}
COMMAND: POST /session/1ab6045712b508067b9d9e1a4add95fa/execute/sync - {"script":"<script> [8489 bytes]","args":[{"element-6066-11e4-a52e-4f735466cecf":"f.F3E041632107C0123BDAF370CBA4DD43.d.AEFDD28EEAFBD84261E34B10A3D0F1E5.e.3189","ELEMENT":"f.F3E041632107C0123BDAF370CBA4DD43.d.AEFDD28EEAFBD84261E34B10A3D0F1E5.e.3189"}]}
COMMAND: POST /session/1ab6045712b508067b9d9e1a4add95fa/execute/async - {"script":"<script> [1562 bytes]","args":[{"selector":{"id":"backBtn"},"wdio_ui5_key":"backBtn"}]}
RESULT: {"script":"<script> [8489 bytes]","args":[{"element-6066-11e4-a52e-4f735466cecf":"f.F3E041632107C0123BDAF370CBA4DD43.d.AEFDD28EEAFBD84261E34B10A3D0F1E5.e.3189","ELEMENT":"f.F3E041632107C0123BDAF370CBA4DD43.d.AEFDD28EEAFBD84261E34B10A3D0F1E5.e.3189"}]}
COMMAND: GET /session/1ab6045712b508067b9d9e1a4add95fa/screenshot - {}
RESULT: {"script":"<script> [1562 bytes]","args":[{"selector":{"id":"backBtn"},"wdio_ui5_key":"backBtn"}]}
RESULT: undefined
COMMAND: POST /session/1ab6045712b508067b9d9e1a4add95fa/element - {"using":"xpath","value":"//*[@id=\"backBtn\"]"}
COMMAND: POST /session/1ab6045712b508067b9d9e1a4add95fa/execute/sync - {"script":"<script> [8489 bytes]","args":[{"element-6066-11e4-a52e-4f735466cecf":"f.F3E041632107C0123BDAF370CBA4DD43.d.AEFDD28EEAFBD84261E34B10A3D0F1E5.e.3189","ELEMENT":"f.F3E041632107C0123BDAF370CBA4DD43.d.AEFDD28EEAFBD84261E34B10A3D0F1E5.e.3189"}]}
RESULT: {}
RESULT: {"using":"xpath","value":"//*[@id=\"backBtn\"]"}
COMMAND: POST /session/1ab6045712b508067b9d9e1a4add95fa/element/f.F3E041632107C0123BDAF370CBA4DD43.d.AEFDD28EEAFBD84261E34B10A3D0F1E5.e.3190/click - {}
RESULT: {"script":"<script> [8489 bytes]","args":[{"element-6066-11e4-a52e-4f735466cecf":"f.F3E041632107C0123BDAF370CBA4DD43.d.AEFDD28EEAFBD84261E34B10A3D0F1E5.e.3189","ELEMENT":"f.F3E041632107C0123BDAF370CBA4DD43.d.AEFDD28EEAFBD84261E34B10A3D0F1E5.e.3189"}]}
COMMAND: GET /session/1ab6045712b508067b9d9e1a4add95fa/screenshot - {}
RESULT: {}
COMMAND: GET /session/1ab6045712b508067b9d9e1a4add95fa/screenshot - {}
COMMAND: POST /session/1ab6045712b508067b9d9e1a4add95fa/execute/sync - {"script":"<script> [8489 bytes]","args":[{"element-6066-11e4-a52e-4f735466cecf":"f.F3E041632107C0123BDAF370CBA4DD43.d.AEFDD28EEAFBD84261E34B10A3D0F1E5.e.3189","ELEMENT":"f.F3E041632107C0123BDAF370CBA4DD43.d.AEFDD28EEAFBD84261E34B10A3D0F1E5.e.3189"}]}
RESULT: {}
RESULT: {}
COMMAND: POST /session/1ab6045712b508067b9d9e1a4add95fa/element - {"using":"xpath","value":"//span[contains(@id ,\"title\")][contains(text(), \"WebdriverYardzznwm\")]"}
RESULT: {"using":"xpath","value":"//span[contains(@id ,\"title\")][contains(text(), \"WebdriverYardzznwm\")]"}
COMMAND: POST /session/1ab6045712b508067b9d9e1a4add95fa/element - {"using":"xpath","value":"//span[contains(@id ,\"title\")][contains(text(), \"WebdriverYardzznwm\")]"}
RESULT: {"using":"xpath","value":"//span[contains(@id ,\"title\")][contains(text(), \"WebdriverYardzznwm\")]"}
COMMAND: POST /session/1ab6045712b508067b9d9e1a4add95fa/element - {"using":"xpath","value":"//span[contains(@id ,\"title\")][contains(text(), \"WebdriverYardzznwm\")]"}
RESULT: {"using":"xpath","value":"//span[contains(@id ,\"title\")][contains(text(), \"WebdriverYardzznwm\")]"}
COMMAND: POST /session/1ab6045712b508067b9d9e1a4add95fa/element - {"using":"xpath","value":"//span[contains(@id ,\"title\")][contains(text(), \"WebdriverYardzznwm\")]"}
RESULT: {"using":"xpath","value":"//span[contains(@id ,\"title\")][contains(text(), \"WebdriverYardzznwm\")]"}
COMMAND: POST /session/1ab6045712b508067b9d9e1a4add95fa/element - {"using":"xpath","value":"//span[contains(@id ,\"title\")][contains(text(), \"WebdriverYardzznwm\")]"}
RESULT: {"using":"xpath","value":"//span[contains(@id ,\"title\")][contains(text(), \"WebdriverYardzznwm\")]"}
COMMAND: POST /session/1ab6045712b508067b9d9e1a4add95fa/element - {"using":"xpath","value":"//span[contains(@id ,\"title\")][contains(text(), \"WebdriverYardzznwm\")]"}
RESULT: {"using":"xpath","value":"//span[contains(@id ,\"title\")][contains(text(), \"WebdriverYardzznwm\")]"}
COMMAND: POST /session/1ab6045712b508067b9d9e1a4add95fa/element - {"using":"xpath","value":"//span[contains(@id ,\"title\")][contains(text(), \"WebdriverYardzznwm\")]"}
RESULT: {"using":"xpath","value":"//span[contains(@id ,\"title\")][contains(text(), \"WebdriverYardzznwm\")]"}
COMMAND: POST /session/1ab6045712b508067b9d9e1a4add95fa/element - {"using":"xpath","value":"//*[contains(@data-kt ,\"webshopDetailYardLink\")]"}
COMMAND: POST /session/1ab6045712b508067b9d9e1a4add95fa/element - {"using":"xpath","value":"//span[contains(@id ,\"title\")][contains(text(), \"WebdriverYardzznwm\")]"}
RESULT: {"using":"xpath","value":"//*[contains(@data-kt ,\"webshopDetailYardLink\")]"}
COMMAND: POST /session/1ab6045712b508067b9d9e1a4add95fa/execute/sync - {"script":"<script> [8489 bytes]","args":[{"element-6066-11e4-a52e-4f735466cecf":"f.F3E041632107C0123BDAF370CBA4DD43.d.AEFDD28EEAFBD84261E34B10A3D0F1E5.e.3369","ELEMENT":"f.F3E041632107C0123BDAF370CBA4DD43.d.AEFDD28EEAFBD84261E34B10A3D0F1E5.e.3369"}]}
RESULT: {"using":"xpath","value":"//span[contains(@id ,\"title\")][contains(text(), \"WebdriverYardzznwm\")]"}
RESULT: {"script":"<script> [8489 bytes]","args":[{"element-6066-11e4-a52e-4f735466cecf":"f.F3E041632107C0123BDAF370CBA4DD43.d.AEFDD28EEAFBD84261E34B10A3D0F1E5.e.3369","ELEMENT":"f.F3E041632107C0123BDAF370CBA4DD43.d.AEFDD28EEAFBD84261E34B10A3D0F1E5.e.3369"}]}
COMMAND: POST /session/1ab6045712b508067b9d9e1a4add95fa/execute/sync - {"script":"<script> [5351 bytes]","args":[{"element-6066-11e4-a52e-4f735466cecf":"f.F3E041632107C0123BDAF370CBA4DD43.d.AEFDD28EEAFBD84261E34B10A3D0F1E5.e.3369","ELEMENT":"f.F3E041632107C0123BDAF370CBA4DD43.d.AEFDD28EEAFBD84261E34B10A3D0F1E5.e.3369"}]}
COMMAND: GET /session/1ab6045712b508067b9d9e1a4add95fa/screenshot - {}
RESULT: {"script":"<script> [5351 bytes]","args":[{"element-6066-11e4-a52e-4f735466cecf":"f.F3E041632107C0123BDAF370CBA4DD43.d.AEFDD28EEAFBD84261E34B10A3D0F1E5.e.3369","ELEMENT":"f.F3E041632107C0123BDAF370CBA4DD43.d.AEFDD28EEAFBD84261E34B10A3D0F1E5.e.3369"}]}
COMMAND: POST /session/1ab6045712b508067b9d9e1a4add95fa/element - {"using":"xpath","value":"//*[contains(@data-kt ,\"webshopDetailYardLink\")]"}
COMMAND: GET /session/1ab6045712b508067b9d9e1a4add95fa/screenshot - {}
RESULT: {}
RESULT: {"using":"xpath","value":"//*[contains(@data-kt ,\"webshopDetailYardLink\")]"}
COMMAND: POST /session/1ab6045712b508067b9d9e1a4add95fa/element/f.F3E041632107C0123BDAF370CBA4DD43.d.AEFDD28EEAFBD84261E34B10A3D0F1E5.e.3369/click - {}
COMMAND: POST /session/1ab6045712b508067b9d9e1a4add95fa/element - {"using":"xpath","value":"//span[contains(@id ,\"title\")][contains(text(), \"WebdriverYardzznwm\")]"}
RESULT: {}
RESULT: {}
RESULT: {"using":"xpath","value":"//span[contains(@id ,\"title\")][contains(text(), \"WebdriverYardzznwm\")]"}
COMMAND: POST /session/1ab6045712b508067b9d9e1a4add95fa/execute/sync - {"script":"<script> [8489 bytes]","args":[{"element-6066-11e4-a52e-4f735466cecf":"f.F3E041632107C0123BDAF370CBA4DD43.d.AEFDD28EEAFBD84261E34B10A3D0F1E5.e.3372","ELEMENT":"f.F3E041632107C0123BDAF370CBA4DD43.d.AEFDD28EEAFBD84261E34B10A3D0F1E5.e.3372"}]}
COMMAND: GET /session/1ab6045712b508067b9d9e1a4add95fa/screenshot - {}
RESULT: {"script":"<script> [8489 bytes]","args":[{"element-6066-11e4-a52e-4f735466cecf":"f.F3E041632107C0123BDAF370CBA4DD43.d.AEFDD28EEAFBD84261E34B10A3D0F1E5.e.3372","ELEMENT":"f.F3E041632107C0123BDAF370CBA4DD43.d.AEFDD28EEAFBD84261E34B10A3D0F1E5.e.3372"}]}
COMMAND: GET /session/1ab6045712b508067b9d9e1a4add95fa/screenshot - {}
RESULT: {}
RESULT: {}
COMMAND: POST /session/1ab6045712b508067b9d9e1a4add95fa/element - {"using":"xpath","value":"//*[contains(@data-kt ,\"ContextMenuId3Link\")][contains(text(), \"Yard Main Address\")]"}
RESULT: {"using":"xpath","value":"//*[contains(@data-kt ,\"ContextMenuId3Link\")][contains(text(), \"Yard Main Address\")]"}
COMMAND: POST /session/1ab6045712b508067b9d9e1a4add95fa/element/f.F3E041632107C0123BDAF370CBA4DD43.d.AEFDD28EEAFBD84261E34B10A3D0F1E5.e.3373/click - {}
RESULT: {}
COMMAND: GET /session/1ab6045712b508067b9d9e1a4add95fa/screenshot - {}
RESULT: {}
COMMAND: POST /session/1ab6045712b508067b9d9e1a4add95fa/execute/async - {"script":"<script> [1562 bytes]","args":[{"selector":{"id":"application-addressmanagement-display-component---masterAdm--title1"},"wdio_ui5_key":"applicationaddressmanagement-display-component---masterAdm--title1"}]}
RESULT: {"script":"<script> [1562 bytes]","args":[{"selector":{"id":"application-addressmanagement-display-component---masterAdm--title1"},"wdio_ui5_key":"applicationaddressmanagement-display-component---masterAdm--title1"}]}
RESULT: undefined
COMMAND: POST /session/1ab6045712b508067b9d9e1a4add95fa/execute/async - {"script":"<script> [6424 bytes]","args":[{"element-6066-11e4-a52e-4f735466cecf":"f.F3E041632107C0123BDAF370CBA4DD43.d.AEFDD28EEAFBD84261E34B10A3D0F1E5.e.3590"},"getText",[]]}
RESULT: {"script":"<script> [6424 bytes]","args":[{"element-6066-11e4-a52e-4f735466cecf":"f.F3E041632107C0123BDAF370CBA4DD43.d.AEFDD28EEAFBD84261E34B10A3D0F1E5.e.3590"},"getText",[]]}
COMMAND: POST /session/1ab6045712b508067b9d9e1a4add95fa/element - {"using":"xpath","value":"//span[contains(text(), \"WebdriverYardjjtihg\")][contains(@id ,\"application-addressmanagement-display-component---detailAdm--addressDetailDetailsName1\")]"}
RESULT: {"using":"xpath","value":"//span[contains(text(), \"WebdriverYardjjtihg\")][contains(@id ,\"application-addressmanagement-display-component---detailAdm--addressDetailDetailsName1\")]"}
COMMAND: POST /session/1ab6045712b508067b9d9e1a4add95fa/element - {"using":"xpath","value":"//span[contains(text(), \"WebdriverYardjjtihg\")][contains(@id ,\"application-addressmanagement-display-component---detailAdm--addressDetailDetailsName1\")]"}
RESULT: undefined
COMMAND: POST /session/1ab6045712b508067b9d9e1a4add95fa/element - {"using":"xpath","value":"//*[@id=\"backBtn\"]"}
RESULT: {"using":"xpath","value":"//*[@id=\"backBtn\"]"}
COMMAND: POST /session/1ab6045712b508067b9d9e1a4add95fa/element/f.F3E041632107C0123BDAF370CBA4DD43.d.AEFDD28EEAFBD84261E34B10A3D0F1E5.e.3190/click - {}
RESULT: {"using":"xpath","value":"//span[contains(text(), \"WebdriverYardjjtihg\")][contains(@id ,\"application-addressmanagement-display-component---detailAdm--addressDetailDetailsName1\")]"}
RESULT: {}
COMMAND: GET /session/1ab6045712b508067b9d9e1a4add95fa/screenshot - {}
COMMAND: POST /session/1ab6045712b508067b9d9e1a4add95fa/element - {"using":"xpath","value":"//span[contains(text(), \"WebdriverYardjjtihg\")][contains(@id ,\"application-addressmanagement-display-component---detailAdm--addressDetailDetailsName1\")]"}
RESULT: {}
RESULT: {"using":"xpath","value":"//span[contains(text(), \"WebdriverYardjjtihg\")][contains(@id ,\"application-addressmanagement-display-component---detailAdm--addressDetailDetailsName1\")]"}
COMMAND: POST /session/1ab6045712b508067b9d9e1a4add95fa/execute/sync - {"script":"<script> [8489 bytes]","args":[{"element-6066-11e4-a52e-4f735466cecf":"f.F3E041632107C0123BDAF370CBA4DD43.d.AEFDD28EEAFBD84261E34B10A3D0F1E5.e.3369","ELEMENT":"f.F3E041632107C0123BDAF370CBA4DD43.d.AEFDD28EEAFBD84261E34B10A3D0F1E5.e.3369"}]}
COMMAND: POST /session/1ab6045712b508067b9d9e1a4add95fa/element - {"using":"xpath","value":"//*[contains(@data-kt ,\"webshopDetailYardLink\")]"}
RESULT: {"using":"xpath","value":"//*[contains(@data-kt ,\"webshopDetailYardLink\")]"}
COMMAND: POST /session/1ab6045712b508067b9d9e1a4add95fa/execute/sync - {"script":"<script> [8489 bytes]","args":[{"element-6066-11e4-a52e-4f735466cecf":"f.F3E041632107C0123BDAF370CBA4DD43.d.AEFDD28EEAFBD84261E34B10A3D0F1E5.e.3779","ELEMENT":"f.F3E041632107C0123BDAF370CBA4DD43.d.AEFDD28EEAFBD84261E34B10A3D0F1E5.e.3779"}]}
RESULT: {"script":"<script> [8489 bytes]","args":[{"element-6066-11e4-a52e-4f735466cecf":"f.F3E041632107C0123BDAF370CBA4DD43.d.AEFDD28EEAFBD84261E34B10A3D0F1E5.e.3779","ELEMENT":"f.F3E041632107C0123BDAF370CBA4DD43.d.AEFDD28EEAFBD84261E34B10A3D0F1E5.e.3779"}]}
COMMAND: POST /session/1ab6045712b508067b9d9e1a4add95fa/execute/sync - {"script":"<script> [5351 bytes]","args":[{"element-6066-11e4-a52e-4f735466cecf":"f.F3E041632107C0123BDAF370CBA4DD43.d.AEFDD28EEAFBD84261E34B10A3D0F1E5.e.3779","ELEMENT":"f.F3E041632107C0123BDAF370CBA4DD43.d.AEFDD28EEAFBD84261E34B10A3D0F1E5.e.3779"}]}
COMMAND: GET /session/1ab6045712b508067b9d9e1a4add95fa/screenshot - {}
RESULT: {"script":"<script> [5351 bytes]","args":[{"element-6066-11e4-a52e-4f735466cecf":"f.F3E041632107C0123BDAF370CBA4DD43.d.AEFDD28EEAFBD84261E34B10A3D0F1E5.e.3779","ELEMENT":"f.F3E041632107C0123BDAF370CBA4DD43.d.AEFDD28EEAFBD84261E34B10A3D0F1E5.e.3779"}]}
COMMAND: POST /session/1ab6045712b508067b9d9e1a4add95fa/element - {"using":"xpath","value":"//*[contains(@data-kt ,\"webshopDetailYardLink\")]"}
COMMAND: GET /session/1ab6045712b508067b9d9e1a4add95fa/screenshot - {}
COMMAND: POST /session/1ab6045712b508067b9d9e1a4add95fa/element - {"using":"xpath","value":"//span[contains(text(), \"WebdriverYardjjtihg\")][contains(@id ,\"application-addressmanagement-display-component---detailAdm--addressDetailDetailsName1\")]"}
RESULT: {}
RESULT: {"using":"xpath","value":"//*[contains(@data-kt ,\"webshopDetailYardLink\")]"}
COMMAND: POST /session/1ab6045712b508067b9d9e1a4add95fa/element/f.F3E041632107C0123BDAF370CBA4DD43.d.AEFDD28EEAFBD84261E34B10A3D0F1E5.e.3779/click - {}
RESULT: {}
RESULT: {"using":"xpath","value":"//span[contains(text(), \"WebdriverYardjjtihg\")][contains(@id ,\"application-addressmanagement-display-component---detailAdm--addressDetailDetailsName1\")]"}
RESULT: {}
COMMAND: GET /session/1ab6045712b508067b9d9e1a4add95fa/screenshot - {}
COMMAND: POST /session/1ab6045712b508067b9d9e1a4add95fa/element - {"using":"xpath","value":"//span[contains(text(), \"WebdriverYardjjtihg\")][contains(@id ,\"application-addressmanagement-display-component---detailAdm--addressDetailDetailsName1\")]"}
RESULT: {}
RESULT: {"using":"xpath","value":"//span[contains(text(), \"WebdriverYardjjtihg\")][contains(@id ,\"application-addressmanagement-display-component---detailAdm--addressDetailDetailsName1\")]"}
COMMAND: POST /session/1ab6045712b508067b9d9e1a4add95fa/element - {"using":"xpath","value":"//span[contains(text(), \"WebdriverYardjjtihg\")][contains(@id ,\"application-addressmanagement-display-component---detailAdm--addressDetailDetailsName1\")]"}
RESULT: {"using":"xpath","value":"//span[contains(text(), \"WebdriverYardjjtihg\")][contains(@id ,\"application-addressmanagement-display-component---detailAdm--addressDetailDetailsName1\")]"}
COMMAND: POST /session/1ab6045712b508067b9d9e1a4add95fa/element - {"using":"xpath","value":"//span[contains(text(), \"WebdriverYardjjtihg\")][contains(@id ,\"application-addressmanagement-display-component---detailAdm--addressDetailDetailsName1\")]"}
RESULT: {"using":"xpath","value":"//span[contains(text(), \"WebdriverYardjjtihg\")][contains(@id ,\"application-addressmanagement-display-component---detailAdm--addressDetailDetailsName1\")]"}
COMMAND: POST /session/1ab6045712b508067b9d9e1a4add95fa/element - {"using":"xpath","value":"//span[contains(text(), \"WebdriverYardjjtihg\")][contains(@id ,\"application-addressmanagement-display-component---detailAdm--addressDetailDetailsName1\")]"}
RESULT: {"using":"xpath","value":"//span[contains(text(), \"WebdriverYardjjtihg\")][contains(@id ,\"application-addressmanagement-display-component---detailAdm--addressDetailDetailsName1\")]"}
COMMAND: POST /session/1ab6045712b508067b9d9e1a4add95fa/element - {"using":"xpath","value":"//button[contains(@data-kt ,\"ContextMenuExternalId2Link\")]"}
RESULT: {"using":"xpath","value":"//button[contains(@data-kt ,\"ContextMenuExternalId2Link\")]"}
COMMAND: POST /session/1ab6045712b508067b9d9e1a4add95fa/element/f.F3E041632107C0123BDAF370CBA4DD43.d.AEFDD28EEAFBD84261E34B10A3D0F1E5.e.3780/click - {}
RESULT: {}
COMMAND: GET /session/1ab6045712b508067b9d9e1a4add95fa/screenshot - {}
COMMAND: POST /session/1ab6045712b508067b9d9e1a4add95fa/element - {"using":"xpath","value":"//span[contains(text(), \"WebdriverYardjjtihg\")][contains(@id ,\"application-addressmanagement-display-component---detailAdm--addressDetailDetailsName1\")]"}
RESULT: {}
RESULT: {"using":"xpath","value":"//span[contains(text(), \"WebdriverYardjjtihg\")][contains(@id ,\"application-addressmanagement-display-component---detailAdm--addressDetailDetailsName1\")]"}
COMMAND: POST /session/1ab6045712b508067b9d9e1a4add95fa/element - {"using":"xpath","value":"//span[contains(text(), \"WebdriverYardjjtihg\")][contains(@id ,\"application-addressmanagement-display-component---detailAdm--addressDetailDetailsName1\")]"}
RESULT: {"using":"xpath","value":"//span[contains(text(), \"WebdriverYardjjtihg\")][contains(@id ,\"application-addressmanagement-display-component---detailAdm--addressDetailDetailsName1\")]"}
COMMAND: POST /session/1ab6045712b508067b9d9e1a4add95fa/element - {"using":"xpath","value":"//span[contains(text(), \"WebdriverYardjjtihg\")][contains(@id ,\"application-addressmanagement-display-component---detailAdm--addressDetailDetailsName1\")]"}
RESULT: {"using":"xpath","value":"//span[contains(text(), \"WebdriverYardjjtihg\")][contains(@id ,\"application-addressmanagement-display-component---detailAdm--addressDetailDetailsName1\")]"}
COMMAND: POST /session/1ab6045712b508067b9d9e1a4add95fa/element - {"using":"xpath","value":"//span[contains(text(), \"WebdriverYardjjtihg\")][contains(@id ,\"application-addressmanagement-display-component---detailAdm--addressDetailDetailsName1\")]"}
RESULT: {"using":"xpath","value":"//span[contains(text(), \"WebdriverYardjjtihg\")][contains(@id ,\"application-addressmanagement-display-component---detailAdm--addressDetailDetailsName1\")]"}
COMMAND: POST /session/1ab6045712b508067b9d9e1a4add95fa/element - {"using":"xpath","value":"//span[contains(text(), \"WebdriverYardjjtihg\")][contains(@id ,\"application-addressmanagement-display-component---detailAdm--addressDetailDetailsName1\")]"}
RESULT: {"using":"xpath","value":"//span[contains(text(), \"WebdriverYardjjtihg\")][contains(@id ,\"application-addressmanagement-display-component---detailAdm--addressDetailDetailsName1\")]"}
COMMAND: POST /session/1ab6045712b508067b9d9e1a4add95fa/element - {"using":"xpath","value":"//span[contains(text(), \"WebdriverYardjjtihg\")][contains(@id ,\"application-addressmanagement-display-component---detailAdm--addressDetailDetailsName1\")]"}
RESULT: {"using":"xpath","value":"//span[contains(text(), \"WebdriverYardjjtihg\")][contains(@id ,\"application-addressmanagement-display-component---detailAdm--addressDetailDetailsName1\")]"}
COMMAND: POST /session/1ab6045712b508067b9d9e1a4add95fa/element - {"using":"xpath","value":"//span[contains(text(), \"WebdriverYardjjtihg\")][contains(@id ,\"application-addressmanagement-display-component---detailAdm--addressDetailDetailsName1\")]"}
COMMAND: GET /session/1ab6045712b508067b9d9e1a4add95fa/window/handles - {}
RESULT: {"using":"xpath","value":"//span[contains(text(), \"WebdriverYardjjtihg\")][contains(@id ,\"application-addressmanagement-display-component---detailAdm--addressDetailDetailsName1\")]"}
RESULT: {}
COMMAND: POST /session/1ab6045712b508067b9d9e1a4add95fa/window - {"handle":"B1E68535F7C867D9D174582DBFC23594"}
RESULT: {"handle":"B1E68535F7C867D9D174582DBFC23594"}
COMMAND: GET /session/1ab6045712b508067b9d9e1a4add95fa/url - {}
COMMAND: POST /session/1ab6045712b508067b9d9e1a4add95fa/element - {"using":"xpath","value":"//span[contains(text(), \"WebdriverYardjjtihg\")][contains(@id ,\"application-addressmanagement-display-component---detailAdm--addressDetailDetailsName1\")]"}
RESULT: {}
COMMAND: GET /session/1ab6045712b508067b9d9e1a4add95fa/screenshot - {}
RESULT: {"using":"xpath","value":"//span[contains(text(), \"WebdriverYardjjtihg\")][contains(@id ,\"application-addressmanagement-display-component---detailAdm--addressDetailDetailsName1\")]"}
COMMAND: POST /session/1ab6045712b508067b9d9e1a4add95fa/element - {"using":"xpath","value":"//span[contains(text(), \"WebdriverYardjjtihg\")][contains(@id ,\"application-addressmanagement-display-component---detailAdm--addressDetailDetailsName1\")]"}
RESULT: {}
RESULT: {"using":"xpath","value":"//span[contains(text(), \"WebdriverYardjjtihg\")][contains(@id ,\"application-addressmanagement-display-component---detailAdm--addressDetailDetailsName1\")]"}
COMMAND: POST /session/1ab6045712b508067b9d9e1a4add95fa/element - {"using":"xpath","value":"//span[contains(text(), \"WebdriverYardjjtihg\")][contains(@id ,\"application-addressmanagement-display-component---detailAdm--addressDetailDetailsName1\")]"}
RESULT: {"using":"xpath","value":"//span[contains(text(), \"WebdriverYardjjtihg\")][contains(@id ,\"application-addressmanagement-display-component---detailAdm--addressDetailDetailsName1\")]"}
COMMAND: POST /session/1ab6045712b508067b9d9e1a4add95fa/element - {"using":"xpath","value":"//span[contains(text(), \"WebdriverYardjjtihg\")][contains(@id ,\"application-addressmanagement-display-component---detailAdm--addressDetailDetailsName1\")]"}
RESULT: {"using":"xpath","value":"//span[contains(text(), \"WebdriverYardjjtihg\")][contains(@id ,\"application-addressmanagement-display-component---detailAdm--addressDetailDetailsName1\")]"}
COMMAND: POST /session/1ab6045712b508067b9d9e1a4add95fa/element - {"using":"xpath","value":"//span[contains(text(), \"WebdriverYardjjtihg\")][contains(@id ,\"application-addressmanagement-display-component---detailAdm--addressDetailDetailsName1\")]"}
RESULT: {"using":"xpath","value":"//span[contains(text(), \"WebdriverYardjjtihg\")][contains(@id ,\"application-addressmanagement-display-component---detailAdm--addressDetailDetailsName1\")]"}
COMMAND: POST /session/1ab6045712b508067b9d9e1a4add95fa/element - {"using":"xpath","value":"//span[contains(text(), \"WebdriverYardjjtihg\")][contains(@id ,\"application-addressmanagement-display-component---detailAdm--addressDetailDetailsName1\")]"}
RESULT: {"using":"xpath","value":"//span[contains(text(), \"WebdriverYardjjtihg\")][contains(@id ,\"application-addressmanagement-display-component---detailAdm--addressDetailDetailsName1\")]"}
COMMAND: POST /session/1ab6045712b508067b9d9e1a4add95fa/element - {"using":"xpath","value":"//span[contains(text(), \"WebdriverYardjjtihg\")][contains(@id ,\"application-addressmanagement-display-component---detailAdm--addressDetailDetailsName1\")]"}
RESULT: {"using":"xpath","value":"//span[contains(text(), \"WebdriverYardjjtihg\")][contains(@id ,\"application-addressmanagement-display-component---detailAdm--addressDetailDetailsName1\")]"}
COMMAND: POST /session/1ab6045712b508067b9d9e1a4add95fa/element - {"using":"xpath","value":"//span[contains(text(), \"WebdriverYardjjtihg\")][contains(@id ,\"application-addressmanagement-display-component---detailAdm--addressDetailDetailsName1\")]"}
RESULT: {"using":"xpath","value":"//span[contains(text(), \"WebdriverYardjjtihg\")][contains(@id ,\"application-addressmanagement-display-component---detailAdm--addressDetailDetailsName1\")]"}
COMMAND: POST /session/1ab6045712b508067b9d9e1a4add95fa/element - {"using":"xpath","value":"//span[contains(text(), \"WebdriverYardjjtihg\")][contains(@id ,\"application-addressmanagement-display-component---detailAdm--addressDetailDetailsName1\")]"}
RESULT: {"using":"xpath","value":"//span[contains(text(), \"WebdriverYardjjtihg\")][contains(@id ,\"application-addressmanagement-display-component---detailAdm--addressDetailDetailsName1\")]"}
COMMAND: POST /session/1ab6045712b508067b9d9e1a4add95fa/execute/sync - {"script":"<script> [8489 bytes]","args":[{"element-6066-11e4-a52e-4f735466cecf":"f.F3E041632107C0123BDAF370CBA4DD43.d.AEFDD28EEAFBD84261E34B10A3D0F1E5.e.3372","ELEMENT":"f.F3E041632107C0123BDAF370CBA4DD43.d.AEFDD28EEAFBD84261E34B10A3D0F1E5.e.3372"}]}
COMMAND: DELETE /session/1ab6045712b508067b9d9e1a4add95fa/window - {}
RESULT: {}
COMMAND: POST /session/1ab6045712b508067b9d9e1a4add95fa/window - {"handle":"F3E041632107C0123BDAF370CBA4DD43"}
RESULT: {"handle":"F3E041632107C0123BDAF370CBA4DD43"}
COMMAND: GET /session/1ab6045712b508067b9d9e1a4add95fa/url - {}
COMMAND: POST /session/1ab6045712b508067b9d9e1a4add95fa/element - {"using":"xpath","value":"//span[contains(@id ,\"title\")][contains(text(), \"WebdriverYardzznwm\")]"}
COMMAND: POST /session/1ab6045712b508067b9d9e1a4add95fa/element - {"using":"xpath","value":"//span[contains(text(), \"WebdriverYardjjtihg\")][contains(@id ,\"application-addressmanagement-display-component---detailAdm--addressDetailDetailsName1\")]"}
RESULT: {}
COMMAND: GET /session/1ab6045712b508067b9d9e1a4add95fa/screenshot - {}
RESULT: {"using":"xpath","value":"//span[contains(@id ,\"title\")][contains(text(), \"WebdriverYardzznwm\")]"}
COMMAND: POST /session/1ab6045712b508067b9d9e1a4add95fa/execute/sync - {"script":"<script> [8489 bytes]","args":[{"element-6066-11e4-a52e-4f735466cecf":"f.F3E041632107C0123BDAF370CBA4DD43.d.AEFDD28EEAFBD84261E34B10A3D0F1E5.e.3829","ELEMENT":"f.F3E041632107C0123BDAF370CBA4DD43.d.AEFDD28EEAFBD84261E34B10A3D0F1E5.e.3829"}]}
RESULT: {"using":"xpath","value":"//span[contains(text(), \"WebdriverYardjjtihg\")][contains(@id ,\"application-addressmanagement-display-component---detailAdm--addressDetailDetailsName1\")]"}
RESULT: {}
RESULT: {"script":"<script> [8489 bytes]","args":[{"element-6066-11e4-a52e-4f735466cecf":"f.F3E041632107C0123BDAF370CBA4DD43.d.AEFDD28EEAFBD84261E34B10A3D0F1E5.e.3829","ELEMENT":"f.F3E041632107C0123BDAF370CBA4DD43.d.AEFDD28EEAFBD84261E34B10A3D0F1E5.e.3829"}]}
COMMAND: GET /session/1ab6045712b508067b9d9e1a4add95fa/screenshot - {}
COMMAND: POST /session/1ab6045712b508067b9d9e1a4add95fa/element - {"using":"xpath","value":"//span[contains(text(), \"WebdriverYardjjtihg\")][contains(@id ,\"application-addressmanagement-display-component---detailAdm--addressDetailDetailsName1\")]"}
RESULT: {}
RESULT: {"using":"xpath","value":"//span[contains(text(), \"WebdriverYardjjtihg\")][contains(@id ,\"application-addressmanagement-display-component---detailAdm--addressDetailDetailsName1\")]"}
COMMAND: POST /session/1ab6045712b508067b9d9e1a4add95fa/element - {"using":"xpath","value":"//span[contains(text(), \"WebdriverYardjjtihg\")][contains(@id ,\"application-addressmanagement-display-component---detailAdm--addressDetailDetailsName1\")]"}
RESULT: {"using":"xpath","value":"//span[contains(text(), \"WebdriverYardjjtihg\")][contains(@id ,\"application-addressmanagement-display-component---detailAdm--addressDetailDetailsName1\")]"}
COMMAND: POST /session/1ab6045712b508067b9d9e1a4add95fa/element - {"using":"xpath","value":"//span[contains(text(), \"WebdriverYardjjtihg\")][contains(@id ,\"application-addressmanagement-display-component---detailAdm--addressDetailDetailsName1\")]"}
RESULT: {"using":"xpath","value":"//span[contains(text(), \"WebdriverYardjjtihg\")][contains(@id ,\"application-addressmanagement-display-component---detailAdm--addressDetailDetailsName1\")]"}
COMMAND: POST /session/1ab6045712b508067b9d9e1a4add95fa/element - {"using":"xpath","value":"//span[contains(text(), \"WebdriverYardjjtihg\")][contains(@id ,\"application-addressmanagement-display-component---detailAdm--addressDetailDetailsName1\")]"}
RESULT: {"using":"xpath","value":"//span[contains(text(), \"WebdriverYardjjtihg\")][contains(@id ,\"application-addressmanagement-display-component---detailAdm--addressDetailDetailsName1\")]"}
COMMAND: POST /session/1ab6045712b508067b9d9e1a4add95fa/element - {"using":"xpath","value":"//span[contains(text(), \"WebdriverYardjjtihg\")][contains(@id ,\"application-addressmanagement-display-component---detailAdm--addressDetailDetailsName1\")]"}
RESULT: {"using":"xpath","value":"//span[contains(text(), \"WebdriverYardjjtihg\")][contains(@id ,\"application-addressmanagement-display-component---detailAdm--addressDetailDetailsName1\")]"}
COMMAND: POST /session/1ab6045712b508067b9d9e1a4add95fa/element - {"using":"xpath","value":"//span[contains(text(), \"WebdriverYardjjtihg\")][contains(@id ,\"application-addressmanagement-display-component---detailAdm--addressDetailDetailsName1\")]"}
RESULT: {"using":"xpath","value":"//span[contains(text(), \"WebdriverYardjjtihg\")][contains(@id ,\"application-addressmanagement-display-component---detailAdm--addressDetailDetailsName1\")]"}
COMMAND: POST /session/1ab6045712b508067b9d9e1a4add95fa/element - {"using":"xpath","value":"//span[contains(text(), \"WebdriverYardjjtihg\")][contains(@id ,\"application-addressmanagement-display-component---detailAdm--addressDetailDetailsName1\")]"}
RESULT: {"using":"xpath","value":"//span[contains(text(), \"WebdriverYardjjtihg\")][contains(@id ,\"application-addressmanagement-display-component---detailAdm--addressDetailDetailsName1\")]"}
COMMAND: POST /session/1ab6045712b508067b9d9e1a4add95fa/element - {"using":"xpath","value":"//span[contains(text(), \"WebdriverYardjjtihg\")][contains(@id ,\"application-addressmanagement-display-component---detailAdm--addressDetailDetailsName1\")]"}
RESULT: {"using":"xpath","value":"//span[contains(text(), \"WebdriverYardjjtihg\")][contains(@id ,\"application-addressmanagement-display-component---detailAdm--addressDetailDetailsName1\")]"}
COMMAND: POST /session/1ab6045712b508067b9d9e1a4add95fa/element - {"using":"xpath","value":"//button[contains(@data-kt ,\"ContextMenuExternalId3Link\")]"}
COMMAND: POST /session/1ab6045712b508067b9d9e1a4add95fa/element - {"using":"xpath","value":"//span[contains(text(), \"WebdriverYardjjtihg\")][contains(@id ,\"application-addressmanagement-display-component---detailAdm--addressDetailDetailsName1\")]"}
RESULT: {"using":"xpath","value":"//button[contains(@data-kt ,\"ContextMenuExternalId3Link\")]"}
COMMAND: POST /session/1ab6045712b508067b9d9e1a4add95fa/element/f.F3E041632107C0123BDAF370CBA4DD43.d.AEFDD28EEAFBD84261E34B10A3D0F1E5.e.3830/click - {}
RESULT: {"using":"xpath","value":"//span[contains(text(), \"WebdriverYardjjtihg\")][contains(@id ,\"application-addressmanagement-display-component---detailAdm--addressDetailDetailsName1\")]"}
COMMAND: POST /session/1ab6045712b508067b9d9e1a4add95fa/element - {"using":"xpath","value":"//span[contains(text(), \"WebdriverYardjjtihg\")][contains(@id ,\"application-addressmanagement-display-component---detailAdm--addressDetailDetailsName1\")]"}
RESULT: {}
COMMAND: GET /session/1ab6045712b508067b9d9e1a4add95fa/screenshot - {}
RESULT: {"using":"xpath","value":"//span[contains(text(), \"WebdriverYardjjtihg\")][contains(@id ,\"application-addressmanagement-display-component---detailAdm--addressDetailDetailsName1\")]"}
COMMAND: POST /session/1ab6045712b508067b9d9e1a4add95fa/element - {"using":"xpath","value":"//span[contains(text(), \"WebdriverYardjjtihg\")][contains(@id ,\"application-addressmanagement-display-component---detailAdm--addressDetailDetailsName1\")]"}
RESULT: {}
RESULT: {"using":"xpath","value":"//span[contains(text(), \"WebdriverYardjjtihg\")][contains(@id ,\"application-addressmanagement-display-component---detailAdm--addressDetailDetailsName1\")]"}
COMMAND: POST /session/1ab6045712b508067b9d9e1a4add95fa/element - {"using":"xpath","value":"//span[contains(text(), \"WebdriverYardjjtihg\")][contains(@id ,\"application-addressmanagement-display-component---detailAdm--addressDetailDetailsName1\")]"}
RESULT: {"using":"xpath","value":"//span[contains(text(), \"WebdriverYardjjtihg\")][contains(@id ,\"application-addressmanagement-display-component---detailAdm--addressDetailDetailsName1\")]"}
COMMAND: POST /session/1ab6045712b508067b9d9e1a4add95fa/element - {"using":"xpath","value":"//span[contains(text(), \"WebdriverYardjjtihg\")][contains(@id ,\"application-addressmanagement-display-component---detailAdm--addressDetailDetailsName1\")]"}
RESULT: {"using":"xpath","value":"//span[contains(text(), \"WebdriverYardjjtihg\")][contains(@id ,\"application-addressmanagement-display-component---detailAdm--addressDetailDetailsName1\")]"}
COMMAND: GET /session/1ab6045712b508067b9d9e1a4add95fa/window/handles - {}
RESULT: {}
COMMAND: POST /session/1ab6045712b508067b9d9e1a4add95fa/window - {"handle":"9143FC09C9337998C3C47C2781880D5C"}
RESULT: {"handle":"9143FC09C9337998C3C47C2781880D5C"}
COMMAND: GET /session/1ab6045712b508067b9d9e1a4add95fa/url - {}
RESULT: {}
COMMAND: GET /session/1ab6045712b508067b9d9e1a4add95fa/screenshot - {}
RESULT: {}
COMMAND: POST /session/1ab6045712b508067b9d9e1a4add95fa/element - {"using":"xpath","value":"//span[contains(text(), \"WebdriverYardjjtihg\")][contains(@id ,\"application-addressmanagement-display-component---detailAdm--addressDetailDetailsName1\")]"}
COMMAND: DELETE /session/1ab6045712b508067b9d9e1a4add95fa/window - {}
RESULT: {}
COMMAND: POST /session/1ab6045712b508067b9d9e1a4add95fa/window - {"handle":"F3E041632107C0123BDAF370CBA4DD43"}
RESULT: {"handle":"F3E041632107C0123BDAF370CBA4DD43"}
COMMAND: GET /session/1ab6045712b508067b9d9e1a4add95fa/url - {}
RESULT: {"using":"xpath","value":"//span[contains(text(), \"WebdriverYardjjtihg\")][contains(@id ,\"application-addressmanagement-display-component---detailAdm--addressDetailDetailsName1\")]"}
RESULT: {}
COMMAND: GET /session/1ab6045712b508067b9d9e1a4add95fa/screenshot - {}
COMMAND: POST /session/1ab6045712b508067b9d9e1a4add95fa/element - {"using":"xpath","value":"//span[contains(text(), \"WebdriverYardjjtihg\")][contains(@id ,\"application-addressmanagement-display-component---detailAdm--addressDetailDetailsName1\")]"}
RESULT: {}
RESULT: {"using":"xpath","value":"//span[contains(text(), \"WebdriverYardjjtihg\")][contains(@id ,\"application-addressmanagement-display-component---detailAdm--addressDetailDetailsName1\")]"}
COMMAND: POST /session/1ab6045712b508067b9d9e1a4add95fa/element - {"using":"xpath","value":"//span[contains(text(), \"WebdriverYardjjtihg\")][contains(@id ,\"application-addressmanagement-display-component---detailAdm--addressDetailDetailsName1\")]"}
RESULT: {"using":"xpath","value":"//span[contains(text(), \"WebdriverYardjjtihg\")][contains(@id ,\"application-addressmanagement-display-component---detailAdm--addressDetailDetailsName1\")]"}
COMMAND: POST /session/1ab6045712b508067b9d9e1a4add95fa/element - {"using":"xpath","value":"//span[contains(text(), \"WebdriverYardjjtihg\")][contains(@id ,\"application-addressmanagement-display-component---detailAdm--addressDetailDetailsName1\")]"}
RESULT: {"using":"xpath","value":"//span[contains(text(), \"WebdriverYardjjtihg\")][contains(@id ,\"application-addressmanagement-display-component---detailAdm--addressDetailDetailsName1\")]"}
COMMAND: POST /session/1ab6045712b508067b9d9e1a4add95fa/element - {"using":"xpath","value":"//span[contains(text(), \"WebdriverYardjjtihg\")][contains(@id ,\"application-addressmanagement-display-component---detailAdm--addressDetailDetailsName1\")]"}
RESULT: {"using":"xpath","value":"//span[contains(text(), \"WebdriverYardjjtihg\")][contains(@id ,\"application-addressmanagement-display-component---detailAdm--addressDetailDetailsName1\")]"}
COMMAND: POST /session/1ab6045712b508067b9d9e1a4add95fa/element - {"using":"xpath","value":"//span[contains(text(), \"WebdriverYardjjtihg\")][contains(@id ,\"application-addressmanagement-display-component---detailAdm--addressDetailDetailsName1\")]"}
RESULT: {"using":"xpath","value":"//span[contains(text(), \"WebdriverYardjjtihg\")][contains(@id ,\"application-addressmanagement-display-component---detailAdm--addressDetailDetailsName1\")]"}
COMMAND: POST /session/1ab6045712b508067b9d9e1a4add95fa/element - {"using":"xpath","value":"//span[contains(text(), \"WebdriverYardjjtihg\")][contains(@id ,\"application-addressmanagement-display-component---detailAdm--addressDetailDetailsName1\")]"}
RESULT: {"using":"xpath","value":"//span[contains(text(), \"WebdriverYardjjtihg\")][contains(@id ,\"application-addressmanagement-display-component---detailAdm--addressDetailDetailsName1\")]"}
COMMAND: POST /session/1ab6045712b508067b9d9e1a4add95fa/element - {"using":"xpath","value":"//span[contains(text(), \"WebdriverYardjjtihg\")][contains(@id ,\"application-addressmanagement-display-component---detailAdm--addressDetailDetailsName1\")]"}
RESULT: {"using":"xpath","value":"//span[contains(text(), \"WebdriverYardjjtihg\")][contains(@id ,\"application-addressmanagement-display-component---detailAdm--addressDetailDetailsName1\")]"}
COMMAND: POST /session/1ab6045712b508067b9d9e1a4add95fa/element - {"using":"xpath","value":"//span[contains(text(), \"WebdriverYardjjtihg\")][contains(@id ,\"application-addressmanagement-display-component---detailAdm--addressDetailDetailsName1\")]"}
RESULT: {"using":"xpath","value":"//span[contains(text(), \"WebdriverYardjjtihg\")][contains(@id ,\"application-addressmanagement-display-component---detailAdm--addressDetailDetailsName1\")]"}
COMMAND: POST /session/1ab6045712b508067b9d9e1a4add95fa/element - {"using":"xpath","value":"//span[contains(text(), \"WebdriverYardjjtihg\")][contains(@id ,\"application-addressmanagement-display-component---detailAdm--addressDetailDetailsName1\")]"}
RESULT: {"using":"xpath","value":"//span[contains(text(), \"WebdriverYardjjtihg\")][contains(@id ,\"application-addressmanagement-display-component---detailAdm--addressDetailDetailsName1\")]"}
]]></system-out>
    </testcase>
    <testcase classname="chrome.136_0_7103_93.windows.Webshop_-_Hyperlinks_visible_and_working_properly__US139085" name="Shpuld verify site hyperlinks" time="226.063">
      <system-out><![CDATA[
COMMAND: POST /session/1ab6045712b508067b9d9e1a4add95fa/element - {"using":"xpath","value":"//*[contains(@data-kt ,\"webshopDetailSiteLink\")]"}
RESULT: {"using":"xpath","value":"//*[contains(@data-kt ,\"webshopDetailSiteLink\")]"}
COMMAND: POST /session/1ab6045712b508067b9d9e1a4add95fa/execute/sync - {"script":"<script> [8489 bytes]","args":[{"element-6066-11e4-a52e-4f735466cecf":"f.F3E041632107C0123BDAF370CBA4DD43.d.AEFDD28EEAFBD84261E34B10A3D0F1E5.e.4037","ELEMENT":"f.F3E041632107C0123BDAF370CBA4DD43.d.AEFDD28EEAFBD84261E34B10A3D0F1E5.e.4037"}]}
RESULT: {"script":"<script> [8489 bytes]","args":[{"element-6066-11e4-a52e-4f735466cecf":"f.F3E041632107C0123BDAF370CBA4DD43.d.AEFDD28EEAFBD84261E34B10A3D0F1E5.e.4037","ELEMENT":"f.F3E041632107C0123BDAF370CBA4DD43.d.AEFDD28EEAFBD84261E34B10A3D0F1E5.e.4037"}]}
COMMAND: POST /session/1ab6045712b508067b9d9e1a4add95fa/execute/sync - {"script":"<script> [5351 bytes]","args":[{"element-6066-11e4-a52e-4f735466cecf":"f.F3E041632107C0123BDAF370CBA4DD43.d.AEFDD28EEAFBD84261E34B10A3D0F1E5.e.4037","ELEMENT":"f.F3E041632107C0123BDAF370CBA4DD43.d.AEFDD28EEAFBD84261E34B10A3D0F1E5.e.4037"}]}
COMMAND: GET /session/1ab6045712b508067b9d9e1a4add95fa/screenshot - {}
RESULT: {"script":"<script> [5351 bytes]","args":[{"element-6066-11e4-a52e-4f735466cecf":"f.F3E041632107C0123BDAF370CBA4DD43.d.AEFDD28EEAFBD84261E34B10A3D0F1E5.e.4037","ELEMENT":"f.F3E041632107C0123BDAF370CBA4DD43.d.AEFDD28EEAFBD84261E34B10A3D0F1E5.e.4037"}]}
COMMAND: POST /session/1ab6045712b508067b9d9e1a4add95fa/element - {"using":"xpath","value":"//*[contains(@data-kt ,\"webshopDetailSiteLink\")]"}
COMMAND: GET /session/1ab6045712b508067b9d9e1a4add95fa/screenshot - {}
COMMAND: POST /session/1ab6045712b508067b9d9e1a4add95fa/element - {"using":"xpath","value":"//span[contains(text(), \"WebdriverYardjjtihg\")][contains(@id ,\"application-addressmanagement-display-component---detailAdm--addressDetailDetailsName1\")]"}
RESULT: {}
RESULT: {"using":"xpath","value":"//*[contains(@data-kt ,\"webshopDetailSiteLink\")]"}
COMMAND: POST /session/1ab6045712b508067b9d9e1a4add95fa/element/f.F3E041632107C0123BDAF370CBA4DD43.d.AEFDD28EEAFBD84261E34B10A3D0F1E5.e.4037/click - {}
RESULT: {}
RESULT: {"using":"xpath","value":"//span[contains(text(), \"WebdriverYardjjtihg\")][contains(@id ,\"application-addressmanagement-display-component---detailAdm--addressDetailDetailsName1\")]"}
RESULT: {}
COMMAND: GET /session/1ab6045712b508067b9d9e1a4add95fa/screenshot - {}
COMMAND: POST /session/1ab6045712b508067b9d9e1a4add95fa/element - {"using":"xpath","value":"//span[contains(text(), \"WebdriverYardjjtihg\")][contains(@id ,\"application-addressmanagement-display-component---detailAdm--addressDetailDetailsName1\")]"}
RESULT: {}
RESULT: {"using":"xpath","value":"//span[contains(text(), \"WebdriverYardjjtihg\")][contains(@id ,\"application-addressmanagement-display-component---detailAdm--addressDetailDetailsName1\")]"}
COMMAND: POST /session/1ab6045712b508067b9d9e1a4add95fa/element - {"using":"xpath","value":"//span[contains(text(), \"WebdriverYardjjtihg\")][contains(@id ,\"application-addressmanagement-display-component---detailAdm--addressDetailDetailsName1\")]"}
RESULT: {"using":"xpath","value":"//span[contains(text(), \"WebdriverYardjjtihg\")][contains(@id ,\"application-addressmanagement-display-component---detailAdm--addressDetailDetailsName1\")]"}
COMMAND: POST /session/1ab6045712b508067b9d9e1a4add95fa/element - {"using":"xpath","value":"//span[contains(text(), \"WebdriverYardjjtihg\")][contains(@id ,\"application-addressmanagement-display-component---detailAdm--addressDetailDetailsName1\")]"}
RESULT: {"using":"xpath","value":"//span[contains(text(), \"WebdriverYardjjtihg\")][contains(@id ,\"application-addressmanagement-display-component---detailAdm--addressDetailDetailsName1\")]"}
COMMAND: POST /session/1ab6045712b508067b9d9e1a4add95fa/element - {"using":"xpath","value":"//span[contains(text(), \"WebdriverYardjjtihg\")][contains(@id ,\"application-addressmanagement-display-component---detailAdm--addressDetailDetailsName1\")]"}
RESULT: {"using":"xpath","value":"//span[contains(text(), \"WebdriverYardjjtihg\")][contains(@id ,\"application-addressmanagement-display-component---detailAdm--addressDetailDetailsName1\")]"}
COMMAND: POST /session/1ab6045712b508067b9d9e1a4add95fa/element - {"using":"xpath","value":"//*[contains(@data-kt ,\"ContextMenuIdLink\")][contains(text(), \"Manage Site\")]"}
RESULT: {"using":"xpath","value":"//*[contains(@data-kt ,\"ContextMenuIdLink\")][contains(text(), \"Manage Site\")]"}
COMMAND: POST /session/1ab6045712b508067b9d9e1a4add95fa/execute/sync - {"script":"<script> [8489 bytes]","args":[{"element-6066-11e4-a52e-4f735466cecf":"f.F3E041632107C0123BDAF370CBA4DD43.d.AEFDD28EEAFBD84261E34B10A3D0F1E5.e.4039","ELEMENT":"f.F3E041632107C0123BDAF370CBA4DD43.d.AEFDD28EEAFBD84261E34B10A3D0F1E5.e.4039"}]}
COMMAND: POST /session/1ab6045712b508067b9d9e1a4add95fa/element - {"using":"xpath","value":"//*[contains(@data-kt ,\"ContextMenuId2Link\")][contains(text(), \"Site Overview\")]"}
RESULT: {"script":"<script> [8489 bytes]","args":[{"element-6066-11e4-a52e-4f735466cecf":"f.F3E041632107C0123BDAF370CBA4DD43.d.AEFDD28EEAFBD84261E34B10A3D0F1E5.e.4039","ELEMENT":"f.F3E041632107C0123BDAF370CBA4DD43.d.AEFDD28EEAFBD84261E34B10A3D0F1E5.e.4039"}]}
COMMAND: GET /session/1ab6045712b508067b9d9e1a4add95fa/screenshot - {}
RESULT: {"using":"xpath","value":"//*[contains(@data-kt ,\"ContextMenuId2Link\")][contains(text(), \"Site Overview\")]"}
COMMAND: POST /session/1ab6045712b508067b9d9e1a4add95fa/execute/sync - {"script":"<script> [8489 bytes]","args":[{"element-6066-11e4-a52e-4f735466cecf":"f.F3E041632107C0123BDAF370CBA4DD43.d.AEFDD28EEAFBD84261E34B10A3D0F1E5.e.4040","ELEMENT":"f.F3E041632107C0123BDAF370CBA4DD43.d.AEFDD28EEAFBD84261E34B10A3D0F1E5.e.4040"}]}
COMMAND: POST /session/1ab6045712b508067b9d9e1a4add95fa/element - {"using":"xpath","value":"//*[contains(@data-kt ,\"ContextMenuId3Link\")][contains(text(), \"Site Main Address\")]"}
RESULT: {}
COMMAND: POST /session/1ab6045712b508067b9d9e1a4add95fa/element - {"using":"xpath","value":"//span[contains(text(), \"WebdriverYardjjtihg\")][contains(@id ,\"application-addressmanagement-display-component---detailAdm--addressDetailDetailsName1\")]"}
RESULT: {"script":"<script> [8489 bytes]","args":[{"element-6066-11e4-a52e-4f735466cecf":"f.F3E041632107C0123BDAF370CBA4DD43.d.AEFDD28EEAFBD84261E34B10A3D0F1E5.e.4040","ELEMENT":"f.F3E041632107C0123BDAF370CBA4DD43.d.AEFDD28EEAFBD84261E34B10A3D0F1E5.e.4040"}]}
COMMAND: GET /session/1ab6045712b508067b9d9e1a4add95fa/screenshot - {}
RESULT: {"using":"xpath","value":"//*[contains(@data-kt ,\"ContextMenuId3Link\")][contains(text(), \"Site Main Address\")]"}
COMMAND: POST /session/1ab6045712b508067b9d9e1a4add95fa/execute/sync - {"script":"<script> [8489 bytes]","args":[{"element-6066-11e4-a52e-4f735466cecf":"f.F3E041632107C0123BDAF370CBA4DD43.d.AEFDD28EEAFBD84261E34B10A3D0F1E5.e.4041","ELEMENT":"f.F3E041632107C0123BDAF370CBA4DD43.d.AEFDD28EEAFBD84261E34B10A3D0F1E5.e.4041"}]}
COMMAND: POST /session/1ab6045712b508067b9d9e1a4add95fa/element/f.F3E041632107C0123BDAF370CBA4DD43.d.AEFDD28EEAFBD84261E34B10A3D0F1E5.e.4039/click - {}
RESULT: {"using":"xpath","value":"//span[contains(text(), \"WebdriverYardjjtihg\")][contains(@id ,\"application-addressmanagement-display-component---detailAdm--addressDetailDetailsName1\")]"}
RESULT: {}
RESULT: {"script":"<script> [8489 bytes]","args":[{"element-6066-11e4-a52e-4f735466cecf":"f.F3E041632107C0123BDAF370CBA4DD43.d.AEFDD28EEAFBD84261E34B10A3D0F1E5.e.4041","ELEMENT":"f.F3E041632107C0123BDAF370CBA4DD43.d.AEFDD28EEAFBD84261E34B10A3D0F1E5.e.4041"}]}
COMMAND: GET /session/1ab6045712b508067b9d9e1a4add95fa/screenshot - {}
COMMAND: POST /session/1ab6045712b508067b9d9e1a4add95fa/element - {"using":"xpath","value":"//span[contains(text(), \"WebdriverYardjjtihg\")][contains(@id ,\"application-addressmanagement-display-component---detailAdm--addressDetailDetailsName1\")]"}
RESULT: {}
COMMAND: GET /session/1ab6045712b508067b9d9e1a4add95fa/screenshot - {}
COMMAND: POST /session/1ab6045712b508067b9d9e1a4add95fa/execute/async - {"script":"<script> [1562 bytes]","args":[{"selector":{"controlType":"sap.m.Title","viewName":"etm.portal.ui.managesites.view.Master","viewId":"application-managesites-display-component---masterSite","i18NText":{"propertyName":"text","key":"sites"}},"wdio_ui5_key":"etmportal.ui.managesites.view.Mastersap.m.Title{\"propertyName\":\"text\",\"key\":\"sites\"}"}]}
RESULT: {}
RESULT: {"using":"xpath","value":"//span[contains(text(), \"WebdriverYardjjtihg\")][contains(@id ,\"application-addressmanagement-display-component---detailAdm--addressDetailDetailsName1\")]"}
COMMAND: POST /session/1ab6045712b508067b9d9e1a4add95fa/element - {"using":"xpath","value":"//span[contains(text(), \"WebdriverYardjjtihg\")][contains(@id ,\"application-addressmanagement-display-component---detailAdm--addressDetailDetailsName1\")]"}
RESULT: {}
RESULT: {"script":"<script> [1562 bytes]","args":[{"selector":{"controlType":"sap.m.Title","viewName":"etm.portal.ui.managesites.view.Master","viewId":"application-managesites-display-component---masterSite","i18NText":{"propertyName":"text","key":"sites"}},"wdio_ui5_key":"etmportal.ui.managesites.view.Mastersap.m.Title{\"propertyName\":\"text\",\"key\":\"sites\"}"}]}
RESULT: undefined
COMMAND: POST /session/1ab6045712b508067b9d9e1a4add95fa/execute/async - {"script":"<script> [6424 bytes]","args":[{"element-6066-11e4-a52e-4f735466cecf":"f.F3E041632107C0123BDAF370CBA4DD43.d.AEFDD28EEAFBD84261E34B10A3D0F1E5.e.4346"},"getText",[]]}
RESULT: {"using":"xpath","value":"//span[contains(text(), \"WebdriverYardjjtihg\")][contains(@id ,\"application-addressmanagement-display-component---detailAdm--addressDetailDetailsName1\")]"}
RESULT: {"script":"<script> [6424 bytes]","args":[{"element-6066-11e4-a52e-4f735466cecf":"f.F3E041632107C0123BDAF370CBA4DD43.d.AEFDD28EEAFBD84261E34B10A3D0F1E5.e.4346"},"getText",[]]}
COMMAND: POST /session/1ab6045712b508067b9d9e1a4add95fa/execute/async - {"script":"<script> [1562 bytes]","args":[{"selector":{"id":"application-managesites-display-component---detailSite--addressDetailDetailsName1"},"wdio_ui5_key":"applicationmanagesites-display-component---detailSite--addressDetailDetailsName1"}]}
COMMAND: POST /session/1ab6045712b508067b9d9e1a4add95fa/element - {"using":"xpath","value":"//span[contains(text(), \"WebdriverYardjjtihg\")][contains(@id ,\"application-addressmanagement-display-component---detailAdm--addressDetailDetailsName1\")]"}
RESULT: {"script":"<script> [1562 bytes]","args":[{"selector":{"id":"application-managesites-display-component---detailSite--addressDetailDetailsName1"},"wdio_ui5_key":"applicationmanagesites-display-component---detailSite--addressDetailDetailsName1"}]}
RESULT: undefined
COMMAND: POST /session/1ab6045712b508067b9d9e1a4add95fa/execute/async - {"script":"<script> [6424 bytes]","args":[{"element-6066-11e4-a52e-4f735466cecf":"f.F3E041632107C0123BDAF370CBA4DD43.d.AEFDD28EEAFBD84261E34B10A3D0F1E5.e.4087"},"getValue",[]]}
RESULT: {"using":"xpath","value":"//span[contains(text(), \"WebdriverYardjjtihg\")][contains(@id ,\"application-addressmanagement-display-component---detailAdm--addressDetailDetailsName1\")]"}
RESULT: {"script":"<script> [6424 bytes]","args":[{"element-6066-11e4-a52e-4f735466cecf":"f.F3E041632107C0123BDAF370CBA4DD43.d.AEFDD28EEAFBD84261E34B10A3D0F1E5.e.4087"},"getValue",[]]}
RESULT: undefined
COMMAND: POST /session/1ab6045712b508067b9d9e1a4add95fa/element - {"using":"xpath","value":"//*[@id=\"backBtn\"]"}
RESULT: {"using":"xpath","value":"//*[@id=\"backBtn\"]"}
COMMAND: POST /session/1ab6045712b508067b9d9e1a4add95fa/element/f.F3E041632107C0123BDAF370CBA4DD43.d.AEFDD28EEAFBD84261E34B10A3D0F1E5.e.3190/click - {}
COMMAND: POST /session/1ab6045712b508067b9d9e1a4add95fa/element - {"using":"xpath","value":"//span[contains(text(), \"WebdriverYardjjtihg\")][contains(@id ,\"application-addressmanagement-display-component---detailAdm--addressDetailDetailsName1\")]"}
RESULT: {}
COMMAND: GET /session/1ab6045712b508067b9d9e1a4add95fa/screenshot - {}
RESULT: {"using":"xpath","value":"//span[contains(text(), \"WebdriverYardjjtihg\")][contains(@id ,\"application-addressmanagement-display-component---detailAdm--addressDetailDetailsName1\")]"}
COMMAND: POST /session/1ab6045712b508067b9d9e1a4add95fa/element - {"using":"xpath","value":"//span[contains(text(), \"WebdriverYardjjtihg\")][contains(@id ,\"application-addressmanagement-display-component---detailAdm--addressDetailDetailsName1\")]"}
RESULT: {}
RESULT: {"using":"xpath","value":"//span[contains(text(), \"WebdriverYardjjtihg\")][contains(@id ,\"application-addressmanagement-display-component---detailAdm--addressDetailDetailsName1\")]"}
COMMAND: POST /session/1ab6045712b508067b9d9e1a4add95fa/element - {"using":"xpath","value":"//span[contains(text(), \"WebdriverYardjjtihg\")][contains(@id ,\"application-addressmanagement-display-component---detailAdm--addressDetailDetailsName1\")]"}
RESULT: {"using":"xpath","value":"//span[contains(text(), \"WebdriverYardjjtihg\")][contains(@id ,\"application-addressmanagement-display-component---detailAdm--addressDetailDetailsName1\")]"}
COMMAND: POST /session/1ab6045712b508067b9d9e1a4add95fa/element - {"using":"xpath","value":"//span[contains(text(), \"WebdriverYardjjtihg\")][contains(@id ,\"application-addressmanagement-display-component---detailAdm--addressDetailDetailsName1\")]"}
RESULT: {"using":"xpath","value":"//span[contains(text(), \"WebdriverYardjjtihg\")][contains(@id ,\"application-addressmanagement-display-component---detailAdm--addressDetailDetailsName1\")]"}
COMMAND: POST /session/1ab6045712b508067b9d9e1a4add95fa/element - {"using":"xpath","value":"//span[contains(text(), \"WebdriverYardjjtihg\")][contains(@id ,\"application-addressmanagement-display-component---detailAdm--addressDetailDetailsName1\")]"}
RESULT: {"using":"xpath","value":"//span[contains(text(), \"WebdriverYardjjtihg\")][contains(@id ,\"application-addressmanagement-display-component---detailAdm--addressDetailDetailsName1\")]"}
COMMAND: POST /session/1ab6045712b508067b9d9e1a4add95fa/element - {"using":"xpath","value":"//span[contains(text(), \"WebdriverYardjjtihg\")][contains(@id ,\"application-addressmanagement-display-component---detailAdm--addressDetailDetailsName1\")]"}
RESULT: {"using":"xpath","value":"//span[contains(text(), \"WebdriverYardjjtihg\")][contains(@id ,\"application-addressmanagement-display-component---detailAdm--addressDetailDetailsName1\")]"}
COMMAND: POST /session/1ab6045712b508067b9d9e1a4add95fa/element - {"using":"xpath","value":"//span[contains(text(), \"WebdriverYardjjtihg\")][contains(@id ,\"application-addressmanagement-display-component---detailAdm--addressDetailDetailsName1\")]"}
RESULT: {"using":"xpath","value":"//span[contains(text(), \"WebdriverYardjjtihg\")][contains(@id ,\"application-addressmanagement-display-component---detailAdm--addressDetailDetailsName1\")]"}
COMMAND: POST /session/1ab6045712b508067b9d9e1a4add95fa/element - {"using":"xpath","value":"//span[contains(text(), \"WebdriverYardjjtihg\")][contains(@id ,\"application-addressmanagement-display-component---detailAdm--addressDetailDetailsName1\")]"}
RESULT: {"using":"xpath","value":"//span[contains(text(), \"WebdriverYardjjtihg\")][contains(@id ,\"application-addressmanagement-display-component---detailAdm--addressDetailDetailsName1\")]"}
COMMAND: POST /session/1ab6045712b508067b9d9e1a4add95fa/element - {"using":"xpath","value":"//span[contains(text(), \"WebdriverYardjjtihg\")][contains(@id ,\"application-addressmanagement-display-component---detailAdm--addressDetailDetailsName1\")]"}
RESULT: {"using":"xpath","value":"//span[contains(text(), \"WebdriverYardjjtihg\")][contains(@id ,\"application-addressmanagement-display-component---detailAdm--addressDetailDetailsName1\")]"}
COMMAND: POST /session/1ab6045712b508067b9d9e1a4add95fa/element - {"using":"xpath","value":"//span[contains(text(), \"WebdriverYardjjtihg\")][contains(@id ,\"application-addressmanagement-display-component---detailAdm--addressDetailDetailsName1\")]"}
RESULT: {"using":"xpath","value":"//span[contains(text(), \"WebdriverYardjjtihg\")][contains(@id ,\"application-addressmanagement-display-component---detailAdm--addressDetailDetailsName1\")]"}
COMMAND: POST /session/1ab6045712b508067b9d9e1a4add95fa/element - {"using":"xpath","value":"//span[contains(text(), \"WebdriverYardjjtihg\")][contains(@id ,\"application-addressmanagement-display-component---detailAdm--addressDetailDetailsName1\")]"}
RESULT: {"using":"xpath","value":"//span[contains(text(), \"WebdriverYardjjtihg\")][contains(@id ,\"application-addressmanagement-display-component---detailAdm--addressDetailDetailsName1\")]"}
COMMAND: POST /session/1ab6045712b508067b9d9e1a4add95fa/element - {"using":"xpath","value":"//span[contains(text(), \"WebdriverYardjjtihg\")][contains(@id ,\"application-addressmanagement-display-component---detailAdm--addressDetailDetailsName1\")]"}
RESULT: {"using":"xpath","value":"//span[contains(text(), \"WebdriverYardjjtihg\")][contains(@id ,\"application-addressmanagement-display-component---detailAdm--addressDetailDetailsName1\")]"}
COMMAND: POST /session/1ab6045712b508067b9d9e1a4add95fa/execute/sync - {"script":"<script> [8489 bytes]","args":[{"element-6066-11e4-a52e-4f735466cecf":"f.F3E041632107C0123BDAF370CBA4DD43.d.AEFDD28EEAFBD84261E34B10A3D0F1E5.e.4037","ELEMENT":"f.F3E041632107C0123BDAF370CBA4DD43.d.AEFDD28EEAFBD84261E34B10A3D0F1E5.e.4037"}]}
COMMAND: POST /session/1ab6045712b508067b9d9e1a4add95fa/element - {"using":"xpath","value":"//*[contains(@data-kt ,\"webshopDetailSiteLink\")]"}
COMMAND: POST /session/1ab6045712b508067b9d9e1a4add95fa/element - {"using":"xpath","value":"//span[contains(text(), \"WebdriverYardjjtihg\")][contains(@id ,\"application-addressmanagement-display-component---detailAdm--addressDetailDetailsName1\")]"}
RESULT: {"using":"xpath","value":"//*[contains(@data-kt ,\"webshopDetailSiteLink\")]"}
COMMAND: POST /session/1ab6045712b508067b9d9e1a4add95fa/execute/sync - {"script":"<script> [8489 bytes]","args":[{"element-6066-11e4-a52e-4f735466cecf":"f.F3E041632107C0123BDAF370CBA4DD43.d.AEFDD28EEAFBD84261E34B10A3D0F1E5.e.4517","ELEMENT":"f.F3E041632107C0123BDAF370CBA4DD43.d.AEFDD28EEAFBD84261E34B10A3D0F1E5.e.4517"}]}
RESULT: {"using":"xpath","value":"//span[contains(text(), \"WebdriverYardjjtihg\")][contains(@id ,\"application-addressmanagement-display-component---detailAdm--addressDetailDetailsName1\")]"}
RESULT: {"script":"<script> [8489 bytes]","args":[{"element-6066-11e4-a52e-4f735466cecf":"f.F3E041632107C0123BDAF370CBA4DD43.d.AEFDD28EEAFBD84261E34B10A3D0F1E5.e.4517","ELEMENT":"f.F3E041632107C0123BDAF370CBA4DD43.d.AEFDD28EEAFBD84261E34B10A3D0F1E5.e.4517"}]}
COMMAND: POST /session/1ab6045712b508067b9d9e1a4add95fa/execute/sync - {"script":"<script> [5351 bytes]","args":[{"element-6066-11e4-a52e-4f735466cecf":"f.F3E041632107C0123BDAF370CBA4DD43.d.AEFDD28EEAFBD84261E34B10A3D0F1E5.e.4517","ELEMENT":"f.F3E041632107C0123BDAF370CBA4DD43.d.AEFDD28EEAFBD84261E34B10A3D0F1E5.e.4517"}]}
COMMAND: GET /session/1ab6045712b508067b9d9e1a4add95fa/screenshot - {}
RESULT: {"script":"<script> [5351 bytes]","args":[{"element-6066-11e4-a52e-4f735466cecf":"f.F3E041632107C0123BDAF370CBA4DD43.d.AEFDD28EEAFBD84261E34B10A3D0F1E5.e.4517","ELEMENT":"f.F3E041632107C0123BDAF370CBA4DD43.d.AEFDD28EEAFBD84261E34B10A3D0F1E5.e.4517"}]}
COMMAND: POST /session/1ab6045712b508067b9d9e1a4add95fa/element - {"using":"xpath","value":"//*[contains(@data-kt ,\"webshopDetailSiteLink\")]"}
COMMAND: GET /session/1ab6045712b508067b9d9e1a4add95fa/screenshot - {}
RESULT: {}
COMMAND: POST /session/1ab6045712b508067b9d9e1a4add95fa/element - {"using":"xpath","value":"//span[contains(text(), \"WebdriverYardjjtihg\")][contains(@id ,\"application-addressmanagement-display-component---detailAdm--addressDetailDetailsName1\")]"}
RESULT: {"using":"xpath","value":"//*[contains(@data-kt ,\"webshopDetailSiteLink\")]"}
COMMAND: POST /session/1ab6045712b508067b9d9e1a4add95fa/element/f.F3E041632107C0123BDAF370CBA4DD43.d.AEFDD28EEAFBD84261E34B10A3D0F1E5.e.4517/click - {}
RESULT: {}
RESULT: {"using":"xpath","value":"//span[contains(text(), \"WebdriverYardjjtihg\")][contains(@id ,\"application-addressmanagement-display-component---detailAdm--addressDetailDetailsName1\")]"}
RESULT: {}
COMMAND: GET /session/1ab6045712b508067b9d9e1a4add95fa/screenshot - {}
RESULT: {}
COMMAND: POST /session/1ab6045712b508067b9d9e1a4add95fa/element - {"using":"xpath","value":"//span[contains(text(), \"WebdriverYardjjtihg\")][contains(@id ,\"application-addressmanagement-display-component---detailAdm--addressDetailDetailsName1\")]"}
RESULT: {"using":"xpath","value":"//span[contains(text(), \"WebdriverYardjjtihg\")][contains(@id ,\"application-addressmanagement-display-component---detailAdm--addressDetailDetailsName1\")]"}
COMMAND: POST /session/1ab6045712b508067b9d9e1a4add95fa/element - {"using":"xpath","value":"//span[contains(text(), \"WebdriverYardjjtihg\")][contains(@id ,\"application-addressmanagement-display-component---detailAdm--addressDetailDetailsName1\")]"}
RESULT: {"using":"xpath","value":"//span[contains(text(), \"WebdriverYardjjtihg\")][contains(@id ,\"application-addressmanagement-display-component---detailAdm--addressDetailDetailsName1\")]"}
COMMAND: POST /session/1ab6045712b508067b9d9e1a4add95fa/element - {"using":"xpath","value":"//span[contains(text(), \"WebdriverYardjjtihg\")][contains(@id ,\"application-addressmanagement-display-component---detailAdm--addressDetailDetailsName1\")]"}
RESULT: {"using":"xpath","value":"//span[contains(text(), \"WebdriverYardjjtihg\")][contains(@id ,\"application-addressmanagement-display-component---detailAdm--addressDetailDetailsName1\")]"}
COMMAND: POST /session/1ab6045712b508067b9d9e1a4add95fa/element - {"using":"xpath","value":"//span[contains(text(), \"WebdriverYardjjtihg\")][contains(@id ,\"application-addressmanagement-display-component---detailAdm--addressDetailDetailsName1\")]"}
RESULT: {"using":"xpath","value":"//span[contains(text(), \"WebdriverYardjjtihg\")][contains(@id ,\"application-addressmanagement-display-component---detailAdm--addressDetailDetailsName1\")]"}
COMMAND: POST /session/1ab6045712b508067b9d9e1a4add95fa/element/f.F3E041632107C0123BDAF370CBA4DD43.d.AEFDD28EEAFBD84261E34B10A3D0F1E5.e.4040/click - {}
COMMAND: POST /session/1ab6045712b508067b9d9e1a4add95fa/element - {"using":"xpath","value":"//*[contains(@data-kt ,\"ContextMenuId2Link\")][contains(text(), \"Site Overview\")]"}
RESULT: {"using":"xpath","value":"//*[contains(@data-kt ,\"ContextMenuId2Link\")][contains(text(), \"Site Overview\")]"}
COMMAND: POST /session/1ab6045712b508067b9d9e1a4add95fa/element/f.F3E041632107C0123BDAF370CBA4DD43.d.AEFDD28EEAFBD84261E34B10A3D0F1E5.e.4040/click - {}
COMMAND: POST /session/1ab6045712b508067b9d9e1a4add95fa/element - {"using":"xpath","value":"//*[contains(@data-kt ,\"ContextMenuId2Link\")][contains(text(), \"Site Overview\")]"}
RESULT: {"using":"xpath","value":"//*[contains(@data-kt ,\"ContextMenuId2Link\")][contains(text(), \"Site Overview\")]"}
COMMAND: POST /session/1ab6045712b508067b9d9e1a4add95fa/element/f.F3E041632107C0123BDAF370CBA4DD43.d.AEFDD28EEAFBD84261E34B10A3D0F1E5.e.4520/click - {}
RESULT: {}
COMMAND: GET /session/1ab6045712b508067b9d9e1a4add95fa/screenshot - {}
COMMAND: POST /session/1ab6045712b508067b9d9e1a4add95fa/element - {"using":"xpath","value":"//span[contains(text(), \"WebdriverYardjjtihg\")][contains(@id ,\"application-addressmanagement-display-component---detailAdm--addressDetailDetailsName1\")]"}
RESULT: {}
RESULT: {"using":"xpath","value":"//span[contains(text(), \"WebdriverYardjjtihg\")][contains(@id ,\"application-addressmanagement-display-component---detailAdm--addressDetailDetailsName1\")]"}
COMMAND: POST /session/1ab6045712b508067b9d9e1a4add95fa/element - {"using":"xpath","value":"//span[contains(text(), \"WebdriverYardjjtihg\")][contains(@id ,\"application-addressmanagement-display-component---detailAdm--addressDetailDetailsName1\")]"}
RESULT: {"using":"xpath","value":"//span[contains(text(), \"WebdriverYardjjtihg\")][contains(@id ,\"application-addressmanagement-display-component---detailAdm--addressDetailDetailsName1\")]"}
COMMAND: POST /session/1ab6045712b508067b9d9e1a4add95fa/element - {"using":"xpath","value":"//span[contains(text(), \"WebdriverYardjjtihg\")][contains(@id ,\"application-addressmanagement-display-component---detailAdm--addressDetailDetailsName1\")]"}
RESULT: {"using":"xpath","value":"//span[contains(text(), \"WebdriverYardjjtihg\")][contains(@id ,\"application-addressmanagement-display-component---detailAdm--addressDetailDetailsName1\")]"}
RESULT: undefined
COMMAND: POST /session/1ab6045712b508067b9d9e1a4add95fa/execute/async - {"script":"<script> [6424 bytes]","args":[{"element-6066-11e4-a52e-4f735466cecf":"f.F3E041632107C0123BDAF370CBA4DD43.d.AEFDD28EEAFBD84261E34B10A3D0F1E5.e.3188"},"getTitle",[]]}
COMMAND: POST /session/1ab6045712b508067b9d9e1a4add95fa/execute/async - {"script":"<script> [1562 bytes]","args":[{"selector":{"id":"shellAppTitle"},"wdio_ui5_key":"shellAppTitle"}]}
RESULT: {"script":"<script> [1562 bytes]","args":[{"selector":{"id":"shellAppTitle"},"wdio_ui5_key":"shellAppTitle"}]}
COMMAND: POST /session/1ab6045712b508067b9d9e1a4add95fa/execute/async - {"script":"<script> [6424 bytes]","args":[{"element-6066-11e4-a52e-4f735466cecf":"f.F3E041632107C0123BDAF370CBA4DD43.d.AEFDD28EEAFBD84261E34B10A3D0F1E5.e.4601"},"getTitle",[]]}
RESULT: {"script":"<script> [6424 bytes]","args":[{"element-6066-11e4-a52e-4f735466cecf":"f.F3E041632107C0123BDAF370CBA4DD43.d.AEFDD28EEAFBD84261E34B10A3D0F1E5.e.4601"},"getTitle",[]]}
COMMAND: POST /session/1ab6045712b508067b9d9e1a4add95fa/element - {"using":"xpath","value":"(//span[contains(text(), \"WebdriverSite51lk6\")])[2]"}
RESULT: {"using":"xpath","value":"(//span[contains(text(), \"WebdriverSite51lk6\")])[2]"}
COMMAND: POST /session/1ab6045712b508067b9d9e1a4add95fa/execute/sync - {"script":"<script> [8489 bytes]","args":[{"element-6066-11e4-a52e-4f735466cecf":"f.F3E041632107C0123BDAF370CBA4DD43.d.AEFDD28EEAFBD84261E34B10A3D0F1E5.e.4602","ELEMENT":"f.F3E041632107C0123BDAF370CBA4DD43.d.AEFDD28EEAFBD84261E34B10A3D0F1E5.e.4602"}]}
RESULT: undefined
COMMAND: POST /session/1ab6045712b508067b9d9e1a4add95fa/element - {"using":"xpath","value":"//*[@id=\"backBtn\"]"}
RESULT: {"script":"<script> [8489 bytes]","args":[{"element-6066-11e4-a52e-4f735466cecf":"f.F3E041632107C0123BDAF370CBA4DD43.d.AEFDD28EEAFBD84261E34B10A3D0F1E5.e.4602","ELEMENT":"f.F3E041632107C0123BDAF370CBA4DD43.d.AEFDD28EEAFBD84261E34B10A3D0F1E5.e.4602"}]}
COMMAND: GET /session/1ab6045712b508067b9d9e1a4add95fa/screenshot - {}
RESULT: {"using":"xpath","value":"//*[@id=\"backBtn\"]"}
COMMAND: POST /session/1ab6045712b508067b9d9e1a4add95fa/element/f.F3E041632107C0123BDAF370CBA4DD43.d.AEFDD28EEAFBD84261E34B10A3D0F1E5.e.3190/click - {}
RESULT: {}
RESULT: {}
COMMAND: GET /session/1ab6045712b508067b9d9e1a4add95fa/screenshot - {}
RESULT: {}
COMMAND: POST /session/1ab6045712b508067b9d9e1a4add95fa/execute/sync - {"script":"<script> [8489 bytes]","args":[{"element-6066-11e4-a52e-4f735466cecf":"f.F3E041632107C0123BDAF370CBA4DD43.d.AEFDD28EEAFBD84261E34B10A3D0F1E5.e.4517","ELEMENT":"f.F3E041632107C0123BDAF370CBA4DD43.d.AEFDD28EEAFBD84261E34B10A3D0F1E5.e.4517"}]}
COMMAND: POST /session/1ab6045712b508067b9d9e1a4add95fa/element - {"using":"xpath","value":"//*[contains(@data-kt ,\"webshopDetailSiteLink\")]"}
RESULT: {"using":"xpath","value":"//*[contains(@data-kt ,\"webshopDetailSiteLink\")]"}
COMMAND: POST /session/1ab6045712b508067b9d9e1a4add95fa/execute/sync - {"script":"<script> [8489 bytes]","args":[{"element-6066-11e4-a52e-4f735466cecf":"f.F3E041632107C0123BDAF370CBA4DD43.d.AEFDD28EEAFBD84261E34B10A3D0F1E5.e.4789","ELEMENT":"f.F3E041632107C0123BDAF370CBA4DD43.d.AEFDD28EEAFBD84261E34B10A3D0F1E5.e.4789"}]}
RESULT: {"script":"<script> [8489 bytes]","args":[{"element-6066-11e4-a52e-4f735466cecf":"f.F3E041632107C0123BDAF370CBA4DD43.d.AEFDD28EEAFBD84261E34B10A3D0F1E5.e.4789","ELEMENT":"f.F3E041632107C0123BDAF370CBA4DD43.d.AEFDD28EEAFBD84261E34B10A3D0F1E5.e.4789"}]}
COMMAND: POST /session/1ab6045712b508067b9d9e1a4add95fa/execute/sync - {"script":"<script> [5351 bytes]","args":[{"element-6066-11e4-a52e-4f735466cecf":"f.F3E041632107C0123BDAF370CBA4DD43.d.AEFDD28EEAFBD84261E34B10A3D0F1E5.e.4789","ELEMENT":"f.F3E041632107C0123BDAF370CBA4DD43.d.AEFDD28EEAFBD84261E34B10A3D0F1E5.e.4789"}]}
COMMAND: GET /session/1ab6045712b508067b9d9e1a4add95fa/screenshot - {}
RESULT: {"script":"<script> [5351 bytes]","args":[{"element-6066-11e4-a52e-4f735466cecf":"f.F3E041632107C0123BDAF370CBA4DD43.d.AEFDD28EEAFBD84261E34B10A3D0F1E5.e.4789","ELEMENT":"f.F3E041632107C0123BDAF370CBA4DD43.d.AEFDD28EEAFBD84261E34B10A3D0F1E5.e.4789"}]}
COMMAND: POST /session/1ab6045712b508067b9d9e1a4add95fa/element - {"using":"xpath","value":"//*[contains(@data-kt ,\"webshopDetailSiteLink\")]"}
COMMAND: GET /session/1ab6045712b508067b9d9e1a4add95fa/screenshot - {}
RESULT: {}
RESULT: {"using":"xpath","value":"//*[contains(@data-kt ,\"webshopDetailSiteLink\")]"}
COMMAND: POST /session/1ab6045712b508067b9d9e1a4add95fa/element/f.F3E041632107C0123BDAF370CBA4DD43.d.AEFDD28EEAFBD84261E34B10A3D0F1E5.e.4789/click - {}
RESULT: {}
RESULT: {}
COMMAND: GET /session/1ab6045712b508067b9d9e1a4add95fa/screenshot - {}
RESULT: {}
COMMAND: POST /session/1ab6045712b508067b9d9e1a4add95fa/element/f.F3E041632107C0123BDAF370CBA4DD43.d.AEFDD28EEAFBD84261E34B10A3D0F1E5.e.4041/click - {}
COMMAND: POST /session/1ab6045712b508067b9d9e1a4add95fa/element - {"using":"xpath","value":"//*[contains(@data-kt ,\"ContextMenuId3Link\")][contains(text(), \"Site Main Address\")]"}
RESULT: {"using":"xpath","value":"//*[contains(@data-kt ,\"ContextMenuId3Link\")][contains(text(), \"Site Main Address\")]"}
COMMAND: POST /session/1ab6045712b508067b9d9e1a4add95fa/element/f.F3E041632107C0123BDAF370CBA4DD43.d.AEFDD28EEAFBD84261E34B10A3D0F1E5.e.4041/click - {}
COMMAND: POST /session/1ab6045712b508067b9d9e1a4add95fa/element - {"using":"xpath","value":"//*[contains(@data-kt ,\"ContextMenuId3Link\")][contains(text(), \"Site Main Address\")]"}
RESULT: {"using":"xpath","value":"//*[contains(@data-kt ,\"ContextMenuId3Link\")][contains(text(), \"Site Main Address\")]"}
COMMAND: POST /session/1ab6045712b508067b9d9e1a4add95fa/element/f.F3E041632107C0123BDAF370CBA4DD43.d.AEFDD28EEAFBD84261E34B10A3D0F1E5.e.4792/click - {}
RESULT: {}
COMMAND: GET /session/1ab6045712b508067b9d9e1a4add95fa/screenshot - {}
RESULT: {}
COMMAND: POST /session/1ab6045712b508067b9d9e1a4add95fa/element - {"using":"xpath","value":"//span[contains(@id ,\"application-addressmanagement-display-component---masterAdm--title1-inner\")]"}
RESULT: {"using":"xpath","value":"//span[contains(@id ,\"application-addressmanagement-display-component---masterAdm--title1-inner\")]"}
COMMAND: GET /session/1ab6045712b508067b9d9e1a4add95fa/element/f.F3E041632107C0123BDAF370CBA4DD43.d.AEFDD28EEAFBD84261E34B10A3D0F1E5.e.5007/text - {}
RESULT: {}
COMMAND: POST /session/1ab6045712b508067b9d9e1a4add95fa/element - {"using":"xpath","value":"//span[contains(@id ,\"application-addressmanagement-display-component---detailAdm--addressDetailDetailsName1\")][contains(text(), \"WebdriverSite51lk6\")]"}
RESULT: {"using":"xpath","value":"//span[contains(@id ,\"application-addressmanagement-display-component---detailAdm--addressDetailDetailsName1\")][contains(text(), \"WebdriverSite51lk6\")]"}
COMMAND: POST /session/1ab6045712b508067b9d9e1a4add95fa/execute/sync - {"script":"<script> [8489 bytes]","args":[{"element-6066-11e4-a52e-4f735466cecf":"f.F3E041632107C0123BDAF370CBA4DD43.d.AEFDD28EEAFBD84261E34B10A3D0F1E5.e.5008","ELEMENT":"f.F3E041632107C0123BDAF370CBA4DD43.d.AEFDD28EEAFBD84261E34B10A3D0F1E5.e.5008"}]}
RESULT: undefined
COMMAND: POST /session/1ab6045712b508067b9d9e1a4add95fa/element - {"using":"xpath","value":"//*[@id=\"backBtn\"]"}
RESULT: {"script":"<script> [8489 bytes]","args":[{"element-6066-11e4-a52e-4f735466cecf":"f.F3E041632107C0123BDAF370CBA4DD43.d.AEFDD28EEAFBD84261E34B10A3D0F1E5.e.5008","ELEMENT":"f.F3E041632107C0123BDAF370CBA4DD43.d.AEFDD28EEAFBD84261E34B10A3D0F1E5.e.5008"}]}
COMMAND: GET /session/1ab6045712b508067b9d9e1a4add95fa/screenshot - {}
RESULT: {"using":"xpath","value":"//*[@id=\"backBtn\"]"}
COMMAND: POST /session/1ab6045712b508067b9d9e1a4add95fa/element/f.F3E041632107C0123BDAF370CBA4DD43.d.AEFDD28EEAFBD84261E34B10A3D0F1E5.e.3190/click - {}
RESULT: {}
RESULT: {}
COMMAND: GET /session/1ab6045712b508067b9d9e1a4add95fa/screenshot - {}
RESULT: {}
COMMAND: POST /session/1ab6045712b508067b9d9e1a4add95fa/execute/sync - {"script":"<script> [8489 bytes]","args":[{"element-6066-11e4-a52e-4f735466cecf":"f.F3E041632107C0123BDAF370CBA4DD43.d.AEFDD28EEAFBD84261E34B10A3D0F1E5.e.4789","ELEMENT":"f.F3E041632107C0123BDAF370CBA4DD43.d.AEFDD28EEAFBD84261E34B10A3D0F1E5.e.4789"}]}
COMMAND: POST /session/1ab6045712b508067b9d9e1a4add95fa/element - {"using":"xpath","value":"//*[contains(@data-kt ,\"webshopDetailSiteLink\")]"}
RESULT: {"using":"xpath","value":"//*[contains(@data-kt ,\"webshopDetailSiteLink\")]"}
COMMAND: POST /session/1ab6045712b508067b9d9e1a4add95fa/execute/sync - {"script":"<script> [8489 bytes]","args":[{"element-6066-11e4-a52e-4f735466cecf":"f.F3E041632107C0123BDAF370CBA4DD43.d.AEFDD28EEAFBD84261E34B10A3D0F1E5.e.5187","ELEMENT":"f.F3E041632107C0123BDAF370CBA4DD43.d.AEFDD28EEAFBD84261E34B10A3D0F1E5.e.5187"}]}
RESULT: {"script":"<script> [8489 bytes]","args":[{"element-6066-11e4-a52e-4f735466cecf":"f.F3E041632107C0123BDAF370CBA4DD43.d.AEFDD28EEAFBD84261E34B10A3D0F1E5.e.5187","ELEMENT":"f.F3E041632107C0123BDAF370CBA4DD43.d.AEFDD28EEAFBD84261E34B10A3D0F1E5.e.5187"}]}
COMMAND: POST /session/1ab6045712b508067b9d9e1a4add95fa/execute/sync - {"script":"<script> [5351 bytes]","args":[{"element-6066-11e4-a52e-4f735466cecf":"f.F3E041632107C0123BDAF370CBA4DD43.d.AEFDD28EEAFBD84261E34B10A3D0F1E5.e.5187","ELEMENT":"f.F3E041632107C0123BDAF370CBA4DD43.d.AEFDD28EEAFBD84261E34B10A3D0F1E5.e.5187"}]}
COMMAND: GET /session/1ab6045712b508067b9d9e1a4add95fa/screenshot - {}
RESULT: {"script":"<script> [5351 bytes]","args":[{"element-6066-11e4-a52e-4f735466cecf":"f.F3E041632107C0123BDAF370CBA4DD43.d.AEFDD28EEAFBD84261E34B10A3D0F1E5.e.5187","ELEMENT":"f.F3E041632107C0123BDAF370CBA4DD43.d.AEFDD28EEAFBD84261E34B10A3D0F1E5.e.5187"}]}
COMMAND: POST /session/1ab6045712b508067b9d9e1a4add95fa/element - {"using":"xpath","value":"//*[contains(@data-kt ,\"webshopDetailSiteLink\")]"}
COMMAND: GET /session/1ab6045712b508067b9d9e1a4add95fa/screenshot - {}
RESULT: {}
RESULT: {"using":"xpath","value":"//*[contains(@data-kt ,\"webshopDetailSiteLink\")]"}
COMMAND: POST /session/1ab6045712b508067b9d9e1a4add95fa/element/f.F3E041632107C0123BDAF370CBA4DD43.d.AEFDD28EEAFBD84261E34B10A3D0F1E5.e.5187/click - {}
RESULT: {}
RESULT: {}
COMMAND: GET /session/1ab6045712b508067b9d9e1a4add95fa/screenshot - {}
RESULT: {}
COMMAND: POST /session/1ab6045712b508067b9d9e1a4add95fa/element - {"using":"xpath","value":"//button[contains(@data-kt ,\"ContextMenuIdExternalLink\")]"}
RESULT: {"using":"xpath","value":"//button[contains(@data-kt ,\"ContextMenuIdExternalLink\")]"}
COMMAND: POST /session/1ab6045712b508067b9d9e1a4add95fa/element/f.F3E041632107C0123BDAF370CBA4DD43.d.AEFDD28EEAFBD84261E34B10A3D0F1E5.e.5188/click - {}
RESULT: {}
COMMAND: GET /session/1ab6045712b508067b9d9e1a4add95fa/screenshot - {}
RESULT: {}
COMMAND: GET /session/1ab6045712b508067b9d9e1a4add95fa/window/handles - {}
RESULT: {}
COMMAND: POST /session/1ab6045712b508067b9d9e1a4add95fa/window - {"handle":"286C8A602A0EE281DA74A026B1DFE12A"}
RESULT: {"handle":"286C8A602A0EE281DA74A026B1DFE12A"}
COMMAND: GET /session/1ab6045712b508067b9d9e1a4add95fa/url - {}
RESULT: {}
COMMAND: GET /session/1ab6045712b508067b9d9e1a4add95fa/screenshot - {}
COMMAND: DELETE /session/1ab6045712b508067b9d9e1a4add95fa/window - {}
RESULT: {}
RESULT: {}
COMMAND: POST /session/1ab6045712b508067b9d9e1a4add95fa/window - {"handle":"F3E041632107C0123BDAF370CBA4DD43"}
RESULT: {"handle":"F3E041632107C0123BDAF370CBA4DD43"}
COMMAND: GET /session/1ab6045712b508067b9d9e1a4add95fa/url - {}
RESULT: {}
COMMAND: GET /session/1ab6045712b508067b9d9e1a4add95fa/screenshot - {}
RESULT: {}
COMMAND: POST /session/1ab6045712b508067b9d9e1a4add95fa/element - {"using":"xpath","value":"//button[contains(@data-kt ,\"ContextMenuExternalId2Link\")]"}
RESULT: {"using":"xpath","value":"//button[contains(@data-kt ,\"ContextMenuExternalId2Link\")]"}
COMMAND: POST /session/1ab6045712b508067b9d9e1a4add95fa/element/f.F3E041632107C0123BDAF370CBA4DD43.d.AEFDD28EEAFBD84261E34B10A3D0F1E5.e.5440/click - {}
RESULT: {}
COMMAND: GET /session/1ab6045712b508067b9d9e1a4add95fa/screenshot - {}
RESULT: {}
COMMAND: GET /session/1ab6045712b508067b9d9e1a4add95fa/window/handles - {}
RESULT: {}
COMMAND: POST /session/1ab6045712b508067b9d9e1a4add95fa/window - {"handle":"270766B5942F66CBEE9C2176B1D101F2"}
RESULT: {"handle":"270766B5942F66CBEE9C2176B1D101F2"}
COMMAND: GET /session/1ab6045712b508067b9d9e1a4add95fa/url - {}
RESULT: {}
COMMAND: GET /session/1ab6045712b508067b9d9e1a4add95fa/screenshot - {}
RESULT: {}
COMMAND: POST /session/1ab6045712b508067b9d9e1a4add95fa/execute/sync - {"script":"<script> [8489 bytes]","args":[{"element-6066-11e4-a52e-4f735466cecf":"f.F3E041632107C0123BDAF370CBA4DD43.d.AEFDD28EEAFBD84261E34B10A3D0F1E5.e.4602","ELEMENT":"f.F3E041632107C0123BDAF370CBA4DD43.d.AEFDD28EEAFBD84261E34B10A3D0F1E5.e.4602"}]}
COMMAND: DELETE /session/1ab6045712b508067b9d9e1a4add95fa/window - {}
RESULT: {}
COMMAND: POST /session/1ab6045712b508067b9d9e1a4add95fa/window - {"handle":"F3E041632107C0123BDAF370CBA4DD43"}
RESULT: {"handle":"F3E041632107C0123BDAF370CBA4DD43"}
COMMAND: GET /session/1ab6045712b508067b9d9e1a4add95fa/url - {}
COMMAND: POST /session/1ab6045712b508067b9d9e1a4add95fa/element - {"using":"xpath","value":"(//span[contains(text(), \"WebdriverSite51lk6\")])[2]"}
RESULT: {}
COMMAND: GET /session/1ab6045712b508067b9d9e1a4add95fa/screenshot - {}
RESULT: {"using":"xpath","value":"(//span[contains(text(), \"WebdriverSite51lk6\")])[2]"}
COMMAND: POST /session/1ab6045712b508067b9d9e1a4add95fa/element - {"using":"xpath","value":"(//span[contains(text(), \"WebdriverSite51lk6\")])[2]"}
RESULT: {}
RESULT: {"using":"xpath","value":"(//span[contains(text(), \"WebdriverSite51lk6\")])[2]"}
COMMAND: POST /session/1ab6045712b508067b9d9e1a4add95fa/element - {"using":"xpath","value":"(//span[contains(text(), \"WebdriverSite51lk6\")])[2]"}
RESULT: {"using":"xpath","value":"(//span[contains(text(), \"WebdriverSite51lk6\")])[2]"}
COMMAND: POST /session/1ab6045712b508067b9d9e1a4add95fa/element - {"using":"xpath","value":"(//span[contains(text(), \"WebdriverSite51lk6\")])[2]"}
RESULT: {"using":"xpath","value":"(//span[contains(text(), \"WebdriverSite51lk6\")])[2]"}
COMMAND: POST /session/1ab6045712b508067b9d9e1a4add95fa/element - {"using":"xpath","value":"(//span[contains(text(), \"WebdriverSite51lk6\")])[2]"}
RESULT: {"using":"xpath","value":"(//span[contains(text(), \"WebdriverSite51lk6\")])[2]"}
COMMAND: POST /session/1ab6045712b508067b9d9e1a4add95fa/element - {"using":"xpath","value":"(//span[contains(text(), \"WebdriverSite51lk6\")])[2]"}
RESULT: {"using":"xpath","value":"(//span[contains(text(), \"WebdriverSite51lk6\")])[2]"}
COMMAND: POST /session/1ab6045712b508067b9d9e1a4add95fa/element - {"using":"xpath","value":"(//span[contains(text(), \"WebdriverSite51lk6\")])[2]"}
RESULT: {"using":"xpath","value":"(//span[contains(text(), \"WebdriverSite51lk6\")])[2]"}
COMMAND: POST /session/1ab6045712b508067b9d9e1a4add95fa/element - {"using":"xpath","value":"(//span[contains(text(), \"WebdriverSite51lk6\")])[2]"}
RESULT: {"using":"xpath","value":"(//span[contains(text(), \"WebdriverSite51lk6\")])[2]"}
COMMAND: POST /session/1ab6045712b508067b9d9e1a4add95fa/element - {"using":"xpath","value":"(//span[contains(text(), \"WebdriverSite51lk6\")])[2]"}
RESULT: {"using":"xpath","value":"(//span[contains(text(), \"WebdriverSite51lk6\")])[2]"}
COMMAND: POST /session/1ab6045712b508067b9d9e1a4add95fa/element - {"using":"xpath","value":"(//span[contains(text(), \"WebdriverSite51lk6\")])[2]"}
RESULT: {"using":"xpath","value":"(//span[contains(text(), \"WebdriverSite51lk6\")])[2]"}
COMMAND: POST /session/1ab6045712b508067b9d9e1a4add95fa/execute/sync - {"script":"<script> [8489 bytes]","args":[{"element-6066-11e4-a52e-4f735466cecf":"f.F3E041632107C0123BDAF370CBA4DD43.d.AEFDD28EEAFBD84261E34B10A3D0F1E5.e.5187","ELEMENT":"f.F3E041632107C0123BDAF370CBA4DD43.d.AEFDD28EEAFBD84261E34B10A3D0F1E5.e.5187"}]}
RESULT: {"script":"<script> [8489 bytes]","args":[{"element-6066-11e4-a52e-4f735466cecf":"f.F3E041632107C0123BDAF370CBA4DD43.d.AEFDD28EEAFBD84261E34B10A3D0F1E5.e.5187","ELEMENT":"f.F3E041632107C0123BDAF370CBA4DD43.d.AEFDD28EEAFBD84261E34B10A3D0F1E5.e.5187"}]}
COMMAND: POST /session/1ab6045712b508067b9d9e1a4add95fa/execute/sync - {"script":"<script> [5351 bytes]","args":[{"element-6066-11e4-a52e-4f735466cecf":"f.F3E041632107C0123BDAF370CBA4DD43.d.AEFDD28EEAFBD84261E34B10A3D0F1E5.e.5187","ELEMENT":"f.F3E041632107C0123BDAF370CBA4DD43.d.AEFDD28EEAFBD84261E34B10A3D0F1E5.e.5187"}]}
COMMAND: GET /session/1ab6045712b508067b9d9e1a4add95fa/screenshot - {}
RESULT: {"script":"<script> [5351 bytes]","args":[{"element-6066-11e4-a52e-4f735466cecf":"f.F3E041632107C0123BDAF370CBA4DD43.d.AEFDD28EEAFBD84261E34B10A3D0F1E5.e.5187","ELEMENT":"f.F3E041632107C0123BDAF370CBA4DD43.d.AEFDD28EEAFBD84261E34B10A3D0F1E5.e.5187"}]}
COMMAND: POST /session/1ab6045712b508067b9d9e1a4add95fa/element - {"using":"xpath","value":"//*[contains(@data-kt ,\"webshopDetailSiteLink\")]"}
COMMAND: GET /session/1ab6045712b508067b9d9e1a4add95fa/screenshot - {}
RESULT: {}
RESULT: {"using":"xpath","value":"//*[contains(@data-kt ,\"webshopDetailSiteLink\")]"}
COMMAND: POST /session/1ab6045712b508067b9d9e1a4add95fa/element/f.F3E041632107C0123BDAF370CBA4DD43.d.AEFDD28EEAFBD84261E34B10A3D0F1E5.e.5187/click - {}
COMMAND: POST /session/1ab6045712b508067b9d9e1a4add95fa/element - {"using":"xpath","value":"(//span[contains(text(), \"WebdriverSite51lk6\")])[2]"}
RESULT: {}
RESULT: {}
COMMAND: GET /session/1ab6045712b508067b9d9e1a4add95fa/screenshot - {}
RESULT: {"using":"xpath","value":"(//span[contains(text(), \"WebdriverSite51lk6\")])[2]"}
COMMAND: POST /session/1ab6045712b508067b9d9e1a4add95fa/execute/sync - {"script":"<script> [8489 bytes]","args":[{"element-6066-11e4-a52e-4f735466cecf":"f.F3E041632107C0123BDAF370CBA4DD43.d.AEFDD28EEAFBD84261E34B10A3D0F1E5.e.5519","ELEMENT":"f.F3E041632107C0123BDAF370CBA4DD43.d.AEFDD28EEAFBD84261E34B10A3D0F1E5.e.5519"}]}
RESULT: {}
RESULT: {"script":"<script> [8489 bytes]","args":[{"element-6066-11e4-a52e-4f735466cecf":"f.F3E041632107C0123BDAF370CBA4DD43.d.AEFDD28EEAFBD84261E34B10A3D0F1E5.e.5519","ELEMENT":"f.F3E041632107C0123BDAF370CBA4DD43.d.AEFDD28EEAFBD84261E34B10A3D0F1E5.e.5519"}]}
COMMAND: GET /session/1ab6045712b508067b9d9e1a4add95fa/screenshot - {}
RESULT: {}
COMMAND: POST /session/1ab6045712b508067b9d9e1a4add95fa/element - {"using":"xpath","value":"(//button[contains(@data-kt ,\"ContextMenuExternalId3Link\")])[2]"}
RESULT: {"using":"xpath","value":"(//button[contains(@data-kt ,\"ContextMenuExternalId3Link\")])[2]"}
COMMAND: POST /session/1ab6045712b508067b9d9e1a4add95fa/element/f.F3E041632107C0123BDAF370CBA4DD43.d.AEFDD28EEAFBD84261E34B10A3D0F1E5.e.5520/click - {}
RESULT: {}
COMMAND: GET /session/1ab6045712b508067b9d9e1a4add95fa/screenshot - {}
RESULT: {}
COMMAND: GET /session/1ab6045712b508067b9d9e1a4add95fa/window/handles - {}
RESULT: {}
COMMAND: POST /session/1ab6045712b508067b9d9e1a4add95fa/window - {"handle":"F00AFF76153C7933A5504F47C447599E"}
RESULT: {"handle":"F00AFF76153C7933A5504F47C447599E"}
COMMAND: GET /session/1ab6045712b508067b9d9e1a4add95fa/url - {}
RESULT: {}
COMMAND: GET /session/1ab6045712b508067b9d9e1a4add95fa/screenshot - {}
COMMAND: POST /session/1ab6045712b508067b9d9e1a4add95fa/execute/sync - {"script":"<script> [8489 bytes]","args":[{"element-6066-11e4-a52e-4f735466cecf":"f.F3E041632107C0123BDAF370CBA4DD43.d.AEFDD28EEAFBD84261E34B10A3D0F1E5.e.5008","ELEMENT":"f.F3E041632107C0123BDAF370CBA4DD43.d.AEFDD28EEAFBD84261E34B10A3D0F1E5.e.5008"}]}
RESULT: {}
RESULT: {"script":"<script> [8489 bytes]","args":[{"element-6066-11e4-a52e-4f735466cecf":"f.F3E041632107C0123BDAF370CBA4DD43.d.AEFDD28EEAFBD84261E34B10A3D0F1E5.e.5008","ELEMENT":"f.F3E041632107C0123BDAF370CBA4DD43.d.AEFDD28EEAFBD84261E34B10A3D0F1E5.e.5008"}]}
COMMAND: GET /session/1ab6045712b508067b9d9e1a4add95fa/screenshot - {}
RESULT: {}
COMMAND: POST /session/1ab6045712b508067b9d9e1a4add95fa/execute/sync - {"script":"<script> [8489 bytes]","args":[{"element-6066-11e4-a52e-4f735466cecf":"f.F3E041632107C0123BDAF370CBA4DD43.d.AEFDD28EEAFBD84261E34B10A3D0F1E5.e.5008","ELEMENT":"f.F3E041632107C0123BDAF370CBA4DD43.d.AEFDD28EEAFBD84261E34B10A3D0F1E5.e.5008"}]}
RESULT: {"script":"<script> [8489 bytes]","args":[{"element-6066-11e4-a52e-4f735466cecf":"f.F3E041632107C0123BDAF370CBA4DD43.d.AEFDD28EEAFBD84261E34B10A3D0F1E5.e.5008","ELEMENT":"f.F3E041632107C0123BDAF370CBA4DD43.d.AEFDD28EEAFBD84261E34B10A3D0F1E5.e.5008"}]}
COMMAND: GET /session/1ab6045712b508067b9d9e1a4add95fa/screenshot - {}
RESULT: {}
COMMAND: POST /session/1ab6045712b508067b9d9e1a4add95fa/execute/sync - {"script":"<script> [8489 bytes]","args":[{"element-6066-11e4-a52e-4f735466cecf":"f.F3E041632107C0123BDAF370CBA4DD43.d.AEFDD28EEAFBD84261E34B10A3D0F1E5.e.5008","ELEMENT":"f.F3E041632107C0123BDAF370CBA4DD43.d.AEFDD28EEAFBD84261E34B10A3D0F1E5.e.5008"}]}
RESULT: {"script":"<script> [8489 bytes]","args":[{"element-6066-11e4-a52e-4f735466cecf":"f.F3E041632107C0123BDAF370CBA4DD43.d.AEFDD28EEAFBD84261E34B10A3D0F1E5.e.5008","ELEMENT":"f.F3E041632107C0123BDAF370CBA4DD43.d.AEFDD28EEAFBD84261E34B10A3D0F1E5.e.5008"}]}
COMMAND: GET /session/1ab6045712b508067b9d9e1a4add95fa/screenshot - {}
RESULT: {}
COMMAND: POST /session/1ab6045712b508067b9d9e1a4add95fa/execute/sync - {"script":"<script> [8489 bytes]","args":[{"element-6066-11e4-a52e-4f735466cecf":"f.F3E041632107C0123BDAF370CBA4DD43.d.AEFDD28EEAFBD84261E34B10A3D0F1E5.e.5008","ELEMENT":"f.F3E041632107C0123BDAF370CBA4DD43.d.AEFDD28EEAFBD84261E34B10A3D0F1E5.e.5008"}]}
RESULT: {"script":"<script> [8489 bytes]","args":[{"element-6066-11e4-a52e-4f735466cecf":"f.F3E041632107C0123BDAF370CBA4DD43.d.AEFDD28EEAFBD84261E34B10A3D0F1E5.e.5008","ELEMENT":"f.F3E041632107C0123BDAF370CBA4DD43.d.AEFDD28EEAFBD84261E34B10A3D0F1E5.e.5008"}]}
COMMAND: GET /session/1ab6045712b508067b9d9e1a4add95fa/screenshot - {}
RESULT: {}
COMMAND: POST /session/1ab6045712b508067b9d9e1a4add95fa/execute/sync - {"script":"<script> [8489 bytes]","args":[{"element-6066-11e4-a52e-4f735466cecf":"f.F3E041632107C0123BDAF370CBA4DD43.d.AEFDD28EEAFBD84261E34B10A3D0F1E5.e.5008","ELEMENT":"f.F3E041632107C0123BDAF370CBA4DD43.d.AEFDD28EEAFBD84261E34B10A3D0F1E5.e.5008"}]}
RESULT: {"script":"<script> [8489 bytes]","args":[{"element-6066-11e4-a52e-4f735466cecf":"f.F3E041632107C0123BDAF370CBA4DD43.d.AEFDD28EEAFBD84261E34B10A3D0F1E5.e.5008","ELEMENT":"f.F3E041632107C0123BDAF370CBA4DD43.d.AEFDD28EEAFBD84261E34B10A3D0F1E5.e.5008"}]}
COMMAND: GET /session/1ab6045712b508067b9d9e1a4add95fa/screenshot - {}
RESULT: {}
COMMAND: POST /session/1ab6045712b508067b9d9e1a4add95fa/execute/sync - {"script":"<script> [8489 bytes]","args":[{"element-6066-11e4-a52e-4f735466cecf":"f.F3E041632107C0123BDAF370CBA4DD43.d.AEFDD28EEAFBD84261E34B10A3D0F1E5.e.5008","ELEMENT":"f.F3E041632107C0123BDAF370CBA4DD43.d.AEFDD28EEAFBD84261E34B10A3D0F1E5.e.5008"}]}
RESULT: {"script":"<script> [8489 bytes]","args":[{"element-6066-11e4-a52e-4f735466cecf":"f.F3E041632107C0123BDAF370CBA4DD43.d.AEFDD28EEAFBD84261E34B10A3D0F1E5.e.5008","ELEMENT":"f.F3E041632107C0123BDAF370CBA4DD43.d.AEFDD28EEAFBD84261E34B10A3D0F1E5.e.5008"}]}
COMMAND: GET /session/1ab6045712b508067b9d9e1a4add95fa/screenshot - {}
RESULT: {}
COMMAND: POST /session/1ab6045712b508067b9d9e1a4add95fa/execute/sync - {"script":"<script> [8489 bytes]","args":[{"element-6066-11e4-a52e-4f735466cecf":"f.F3E041632107C0123BDAF370CBA4DD43.d.AEFDD28EEAFBD84261E34B10A3D0F1E5.e.5008","ELEMENT":"f.F3E041632107C0123BDAF370CBA4DD43.d.AEFDD28EEAFBD84261E34B10A3D0F1E5.e.5008"}]}
RESULT: {"script":"<script> [8489 bytes]","args":[{"element-6066-11e4-a52e-4f735466cecf":"f.F3E041632107C0123BDAF370CBA4DD43.d.AEFDD28EEAFBD84261E34B10A3D0F1E5.e.5008","ELEMENT":"f.F3E041632107C0123BDAF370CBA4DD43.d.AEFDD28EEAFBD84261E34B10A3D0F1E5.e.5008"}]}
COMMAND: GET /session/1ab6045712b508067b9d9e1a4add95fa/screenshot - {}
RESULT: {}
COMMAND: POST /session/1ab6045712b508067b9d9e1a4add95fa/execute/sync - {"script":"<script> [8489 bytes]","args":[{"element-6066-11e4-a52e-4f735466cecf":"f.F3E041632107C0123BDAF370CBA4DD43.d.AEFDD28EEAFBD84261E34B10A3D0F1E5.e.5008","ELEMENT":"f.F3E041632107C0123BDAF370CBA4DD43.d.AEFDD28EEAFBD84261E34B10A3D0F1E5.e.5008"}]}
RESULT: {"script":"<script> [8489 bytes]","args":[{"element-6066-11e4-a52e-4f735466cecf":"f.F3E041632107C0123BDAF370CBA4DD43.d.AEFDD28EEAFBD84261E34B10A3D0F1E5.e.5008","ELEMENT":"f.F3E041632107C0123BDAF370CBA4DD43.d.AEFDD28EEAFBD84261E34B10A3D0F1E5.e.5008"}]}
COMMAND: GET /session/1ab6045712b508067b9d9e1a4add95fa/screenshot - {}
COMMAND: DELETE /session/1ab6045712b508067b9d9e1a4add95fa/window - {}
RESULT: {}
RESULT: {}
COMMAND: POST /session/1ab6045712b508067b9d9e1a4add95fa/window - {"handle":"F3E041632107C0123BDAF370CBA4DD43"}
RESULT: {"handle":"F3E041632107C0123BDAF370CBA4DD43"}
COMMAND: GET /session/1ab6045712b508067b9d9e1a4add95fa/url - {}
RESULT: {}
COMMAND: GET /session/1ab6045712b508067b9d9e1a4add95fa/screenshot - {}
COMMAND: POST /session/1ab6045712b508067b9d9e1a4add95fa/execute/sync - {"script":"<script> [8489 bytes]","args":[{"element-6066-11e4-a52e-4f735466cecf":"f.F3E041632107C0123BDAF370CBA4DD43.d.AEFDD28EEAFBD84261E34B10A3D0F1E5.e.5008","ELEMENT":"f.F3E041632107C0123BDAF370CBA4DD43.d.AEFDD28EEAFBD84261E34B10A3D0F1E5.e.5008"}]}
RESULT: {}
COMMAND: POST /session/1ab6045712b508067b9d9e1a4add95fa/element - {"using":"xpath","value":"//span[contains(@id ,\"application-addressmanagement-display-component---detailAdm--addressDetailDetailsName1\")][contains(text(), \"WebdriverSite51lk6\")]"}
RESULT: {"using":"xpath","value":"//span[contains(@id ,\"application-addressmanagement-display-component---detailAdm--addressDetailDetailsName1\")][contains(text(), \"WebdriverSite51lk6\")]"}
COMMAND: POST /session/1ab6045712b508067b9d9e1a4add95fa/element - {"using":"xpath","value":"//span[contains(@id ,\"application-addressmanagement-display-component---detailAdm--addressDetailDetailsName1\")][contains(text(), \"WebdriverSite51lk6\")]"}
RESULT: {"using":"xpath","value":"//span[contains(@id ,\"application-addressmanagement-display-component---detailAdm--addressDetailDetailsName1\")][contains(text(), \"WebdriverSite51lk6\")]"}
COMMAND: POST /session/1ab6045712b508067b9d9e1a4add95fa/element - {"using":"xpath","value":"//span[contains(@id ,\"application-addressmanagement-display-component---detailAdm--addressDetailDetailsName1\")][contains(text(), \"WebdriverSite51lk6\")]"}
RESULT: {"using":"xpath","value":"//span[contains(@id ,\"application-addressmanagement-display-component---detailAdm--addressDetailDetailsName1\")][contains(text(), \"WebdriverSite51lk6\")]"}
COMMAND: POST /session/1ab6045712b508067b9d9e1a4add95fa/element - {"using":"xpath","value":"//span[contains(@id ,\"application-addressmanagement-display-component---detailAdm--addressDetailDetailsName1\")][contains(text(), \"WebdriverSite51lk6\")]"}
RESULT: {"using":"xpath","value":"//span[contains(@id ,\"application-addressmanagement-display-component---detailAdm--addressDetailDetailsName1\")][contains(text(), \"WebdriverSite51lk6\")]"}
COMMAND: POST /session/1ab6045712b508067b9d9e1a4add95fa/element - {"using":"xpath","value":"//span[contains(@id ,\"application-addressmanagement-display-component---detailAdm--addressDetailDetailsName1\")][contains(text(), \"WebdriverSite51lk6\")]"}
RESULT: {"using":"xpath","value":"//span[contains(@id ,\"application-addressmanagement-display-component---detailAdm--addressDetailDetailsName1\")][contains(text(), \"WebdriverSite51lk6\")]"}
COMMAND: POST /session/1ab6045712b508067b9d9e1a4add95fa/element - {"using":"xpath","value":"//span[contains(@id ,\"application-addressmanagement-display-component---detailAdm--addressDetailDetailsName1\")][contains(text(), \"WebdriverSite51lk6\")]"}
RESULT: {"using":"xpath","value":"//span[contains(@id ,\"application-addressmanagement-display-component---detailAdm--addressDetailDetailsName1\")][contains(text(), \"WebdriverSite51lk6\")]"}
COMMAND: POST /session/1ab6045712b508067b9d9e1a4add95fa/element - {"using":"xpath","value":"//span[contains(@id ,\"application-addressmanagement-display-component---detailAdm--addressDetailDetailsName1\")][contains(text(), \"WebdriverSite51lk6\")]"}
RESULT: {"using":"xpath","value":"//span[contains(@id ,\"application-addressmanagement-display-component---detailAdm--addressDetailDetailsName1\")][contains(text(), \"WebdriverSite51lk6\")]"}
COMMAND: POST /session/1ab6045712b508067b9d9e1a4add95fa/element - {"using":"xpath","value":"//span[contains(@id ,\"application-addressmanagement-display-component---detailAdm--addressDetailDetailsName1\")][contains(text(), \"WebdriverSite51lk6\")]"}
RESULT: {"using":"xpath","value":"//span[contains(@id ,\"application-addressmanagement-display-component---detailAdm--addressDetailDetailsName1\")][contains(text(), \"WebdriverSite51lk6\")]"}
COMMAND: POST /session/1ab6045712b508067b9d9e1a4add95fa/element - {"using":"xpath","value":"//span[contains(@id ,\"application-addressmanagement-display-component---detailAdm--addressDetailDetailsName1\")][contains(text(), \"WebdriverSite51lk6\")]"}
RESULT: {"using":"xpath","value":"//span[contains(@id ,\"application-addressmanagement-display-component---detailAdm--addressDetailDetailsName1\")][contains(text(), \"WebdriverSite51lk6\")]"}
COMMAND: POST /session/1ab6045712b508067b9d9e1a4add95fa/element - {"using":"xpath","value":"//span[contains(@id ,\"application-addressmanagement-display-component---detailAdm--addressDetailDetailsName1\")][contains(text(), \"WebdriverSite51lk6\")]"}
RESULT: {"using":"xpath","value":"//span[contains(@id ,\"application-addressmanagement-display-component---detailAdm--addressDetailDetailsName1\")][contains(text(), \"WebdriverSite51lk6\")]"}
COMMAND: POST /session/1ab6045712b508067b9d9e1a4add95fa/element - {"using":"xpath","value":"//span[contains(@id ,\"application-addressmanagement-display-component---detailAdm--addressDetailDetailsName1\")][contains(text(), \"WebdriverSite51lk6\")]"}
RESULT: {"using":"xpath","value":"//span[contains(@id ,\"application-addressmanagement-display-component---detailAdm--addressDetailDetailsName1\")][contains(text(), \"WebdriverSite51lk6\")]"}
]]></system-out>
    </testcase>
  </testsuite>
  <testsuite timestamp="2025-05-18T16:24:11" time="267.228" tests="2" failures="0" errors="0" skipped="0">
    <properties>
      <property name="specId" value="0" />
      <property name="suiteName" value="Webshop - Hyperlinks visible and working properly  US139085" />
      <property name="capabilities" value="chrome.136_0_7103_93.windows" />
      <property name="file" value="file:///D:/a/1/s/test/specs/R2C/webshop-hyperlinks-partner-address-contract-item.spec.js" />
    </properties>
    <testcase classname="chrome.136_0_7103_93.windows.Webshop_-_Hyperlinks_visible_and_working_properly__US139085" name="Should verify the customer and address hyperlinks" time="172.79">
      <system-out><![CDATA[
COMMAND: POST /session/1ab6045712b508067b9d9e1a4add95fa/element - {"using":"xpath","value":"//*[contains(@data-kt ,\"webshopDetailAddressLink\")]"}
RESULT: {"using":"xpath","value":"//*[contains(@data-kt ,\"webshopDetailAddressLink\")]"}
COMMAND: POST /session/1ab6045712b508067b9d9e1a4add95fa/execute/sync - {"script":"<script> [8489 bytes]","args":[{"element-6066-11e4-a52e-4f735466cecf":"f.F3E041632107C0123BDAF370CBA4DD43.d.AEFDD28EEAFBD84261E34B10A3D0F1E5.e.5526","ELEMENT":"f.F3E041632107C0123BDAF370CBA4DD43.d.AEFDD28EEAFBD84261E34B10A3D0F1E5.e.5526"}]}
RESULT: {"script":"<script> [8489 bytes]","args":[{"element-6066-11e4-a52e-4f735466cecf":"f.F3E041632107C0123BDAF370CBA4DD43.d.AEFDD28EEAFBD84261E34B10A3D0F1E5.e.5526","ELEMENT":"f.F3E041632107C0123BDAF370CBA4DD43.d.AEFDD28EEAFBD84261E34B10A3D0F1E5.e.5526"}]}
COMMAND: POST /session/1ab6045712b508067b9d9e1a4add95fa/execute/sync - {"script":"<script> [5351 bytes]","args":[{"element-6066-11e4-a52e-4f735466cecf":"f.F3E041632107C0123BDAF370CBA4DD43.d.AEFDD28EEAFBD84261E34B10A3D0F1E5.e.5526","ELEMENT":"f.F3E041632107C0123BDAF370CBA4DD43.d.AEFDD28EEAFBD84261E34B10A3D0F1E5.e.5526"}]}
RESULT: {"script":"<script> [5351 bytes]","args":[{"element-6066-11e4-a52e-4f735466cecf":"f.F3E041632107C0123BDAF370CBA4DD43.d.AEFDD28EEAFBD84261E34B10A3D0F1E5.e.5526","ELEMENT":"f.F3E041632107C0123BDAF370CBA4DD43.d.AEFDD28EEAFBD84261E34B10A3D0F1E5.e.5526"}]}
COMMAND: GET /session/1ab6045712b508067b9d9e1a4add95fa/screenshot - {}
COMMAND: GET /session/1ab6045712b508067b9d9e1a4add95fa/screenshot - {}
COMMAND: POST /session/1ab6045712b508067b9d9e1a4add95fa/element - {"using":"xpath","value":"//span[contains(@id ,\"application-addressmanagement-display-component---detailAdm--addressDetailDetailsName1\")][contains(text(), \"WebdriverSite51lk6\")]"}
RESULT: {}
RESULT: {}
RESULT: {"using":"xpath","value":"//span[contains(@id ,\"application-addressmanagement-display-component---detailAdm--addressDetailDetailsName1\")][contains(text(), \"WebdriverSite51lk6\")]"}
COMMAND: POST /session/1ab6045712b508067b9d9e1a4add95fa/element - {"using":"xpath","value":"//span[contains(@id ,\"application-addressmanagement-display-component---detailAdm--addressDetailDetailsName1\")][contains(text(), \"WebdriverSite51lk6\")]"}
RESULT: {"using":"xpath","value":"//span[contains(@id ,\"application-addressmanagement-display-component---detailAdm--addressDetailDetailsName1\")][contains(text(), \"WebdriverSite51lk6\")]"}
COMMAND: POST /session/1ab6045712b508067b9d9e1a4add95fa/element - {"using":"xpath","value":"//span[contains(@id ,\"application-addressmanagement-display-component---detailAdm--addressDetailDetailsName1\")][contains(text(), \"WebdriverSite51lk6\")]"}
RESULT: {"using":"xpath","value":"//span[contains(@id ,\"application-addressmanagement-display-component---detailAdm--addressDetailDetailsName1\")][contains(text(), \"WebdriverSite51lk6\")]"}
COMMAND: POST /session/1ab6045712b508067b9d9e1a4add95fa/element - {"using":"xpath","value":"//span[contains(@id ,\"application-addressmanagement-display-component---detailAdm--addressDetailDetailsName1\")][contains(text(), \"WebdriverSite51lk6\")]"}
RESULT: {"using":"xpath","value":"//span[contains(@id ,\"application-addressmanagement-display-component---detailAdm--addressDetailDetailsName1\")][contains(text(), \"WebdriverSite51lk6\")]"}
COMMAND: POST /session/1ab6045712b508067b9d9e1a4add95fa/element - {"using":"xpath","value":"//span[contains(@id ,\"application-addressmanagement-display-component---detailAdm--addressDetailDetailsName1\")][contains(text(), \"WebdriverSite51lk6\")]"}
RESULT: {"using":"xpath","value":"//span[contains(@id ,\"application-addressmanagement-display-component---detailAdm--addressDetailDetailsName1\")][contains(text(), \"WebdriverSite51lk6\")]"}
COMMAND: POST /session/1ab6045712b508067b9d9e1a4add95fa/element - {"using":"xpath","value":"//span[contains(@id ,\"application-addressmanagement-display-component---detailAdm--addressDetailDetailsName1\")][contains(text(), \"WebdriverSite51lk6\")]"}
RESULT: {"using":"xpath","value":"//span[contains(@id ,\"application-addressmanagement-display-component---detailAdm--addressDetailDetailsName1\")][contains(text(), \"WebdriverSite51lk6\")]"}
COMMAND: POST /session/1ab6045712b508067b9d9e1a4add95fa/element - {"using":"xpath","value":"//span[contains(@id ,\"application-addressmanagement-display-component---detailAdm--addressDetailDetailsName1\")][contains(text(), \"WebdriverSite51lk6\")]"}
RESULT: {"using":"xpath","value":"//span[contains(@id ,\"application-addressmanagement-display-component---detailAdm--addressDetailDetailsName1\")][contains(text(), \"WebdriverSite51lk6\")]"}
COMMAND: POST /session/1ab6045712b508067b9d9e1a4add95fa/element - {"using":"xpath","value":"//span[contains(@id ,\"application-addressmanagement-display-component---detailAdm--addressDetailDetailsName1\")][contains(text(), \"WebdriverSite51lk6\")]"}
RESULT: {"using":"xpath","value":"//span[contains(@id ,\"application-addressmanagement-display-component---detailAdm--addressDetailDetailsName1\")][contains(text(), \"WebdriverSite51lk6\")]"}
COMMAND: POST /session/1ab6045712b508067b9d9e1a4add95fa/element - {"using":"xpath","value":"//span[contains(@id ,\"application-addressmanagement-display-component---detailAdm--addressDetailDetailsName1\")][contains(text(), \"WebdriverSite51lk6\")]"}
RESULT: {"using":"xpath","value":"//span[contains(@id ,\"application-addressmanagement-display-component---detailAdm--addressDetailDetailsName1\")][contains(text(), \"WebdriverSite51lk6\")]"}
COMMAND: POST /session/1ab6045712b508067b9d9e1a4add95fa/element - {"using":"xpath","value":"//*[contains(@data-kt ,\"webshopDetailAddressLink\")]"}
RESULT: {"using":"xpath","value":"//*[contains(@data-kt ,\"webshopDetailAddressLink\")]"}
COMMAND: POST /session/1ab6045712b508067b9d9e1a4add95fa/element/f.F3E041632107C0123BDAF370CBA4DD43.d.AEFDD28EEAFBD84261E34B10A3D0F1E5.e.5526/click - {}
RESULT: {}
COMMAND: GET /session/1ab6045712b508067b9d9e1a4add95fa/screenshot - {}
COMMAND: POST /session/1ab6045712b508067b9d9e1a4add95fa/element - {"using":"xpath","value":"//span[contains(@id ,\"application-addressmanagement-display-component---detailAdm--addressDetailDetailsName1\")][contains(text(), \"WebdriverSite51lk6\")]"}
RESULT: {}
RESULT: {"using":"xpath","value":"//span[contains(@id ,\"application-addressmanagement-display-component---detailAdm--addressDetailDetailsName1\")][contains(text(), \"WebdriverSite51lk6\")]"}
COMMAND: POST /session/1ab6045712b508067b9d9e1a4add95fa/element - {"using":"xpath","value":"//span[contains(@id ,\"application-addressmanagement-display-component---detailAdm--addressDetailDetailsName1\")][contains(text(), \"WebdriverSite51lk6\")]"}
RESULT: {"using":"xpath","value":"//span[contains(@id ,\"application-addressmanagement-display-component---detailAdm--addressDetailDetailsName1\")][contains(text(), \"WebdriverSite51lk6\")]"}
COMMAND: POST /session/1ab6045712b508067b9d9e1a4add95fa/element - {"using":"xpath","value":"//span[contains(@id ,\"application-addressmanagement-display-component---detailAdm--addressDetailDetailsName1\")][contains(text(), \"WebdriverSite51lk6\")]"}
RESULT: {"using":"xpath","value":"//span[contains(@id ,\"application-addressmanagement-display-component---detailAdm--addressDetailDetailsName1\")][contains(text(), \"WebdriverSite51lk6\")]"}
COMMAND: POST /session/1ab6045712b508067b9d9e1a4add95fa/element - {"using":"xpath","value":"//span[contains(@id ,\"application-addressmanagement-display-component---detailAdm--addressDetailDetailsName1\")][contains(text(), \"WebdriverSite51lk6\")]"}
RESULT: {"using":"xpath","value":"//span[contains(@id ,\"application-addressmanagement-display-component---detailAdm--addressDetailDetailsName1\")][contains(text(), \"WebdriverSite51lk6\")]"}
COMMAND: POST /session/1ab6045712b508067b9d9e1a4add95fa/element - {"using":"xpath","value":"//*[contains(@data-kt ,\"ContextMenuId2Link\")][contains(text(), \"Address Overview\")]"}
RESULT: {"using":"xpath","value":"//*[contains(@data-kt ,\"ContextMenuId2Link\")][contains(text(), \"Address Overview\")]"}
COMMAND: POST /session/1ab6045712b508067b9d9e1a4add95fa/execute/sync - {"script":"<script> [8489 bytes]","args":[{"element-6066-11e4-a52e-4f735466cecf":"f.F3E041632107C0123BDAF370CBA4DD43.d.AEFDD28EEAFBD84261E34B10A3D0F1E5.e.5528","ELEMENT":"f.F3E041632107C0123BDAF370CBA4DD43.d.AEFDD28EEAFBD84261E34B10A3D0F1E5.e.5528"}]}
COMMAND: POST /session/1ab6045712b508067b9d9e1a4add95fa/element - {"using":"xpath","value":"//*[contains(@data-kt ,\"ContextMenuId2Link\")][contains(text(), \"Address Overview\")]"}
RESULT: {"using":"xpath","value":"//*[contains(@data-kt ,\"ContextMenuId2Link\")][contains(text(), \"Address Overview\")]"}
COMMAND: POST /session/1ab6045712b508067b9d9e1a4add95fa/element/f.F3E041632107C0123BDAF370CBA4DD43.d.AEFDD28EEAFBD84261E34B10A3D0F1E5.e.5528/click - {}
RESULT: {"script":"<script> [8489 bytes]","args":[{"element-6066-11e4-a52e-4f735466cecf":"f.F3E041632107C0123BDAF370CBA4DD43.d.AEFDD28EEAFBD84261E34B10A3D0F1E5.e.5528","ELEMENT":"f.F3E041632107C0123BDAF370CBA4DD43.d.AEFDD28EEAFBD84261E34B10A3D0F1E5.e.5528"}]}
COMMAND: GET /session/1ab6045712b508067b9d9e1a4add95fa/screenshot - {}
RESULT: {}
COMMAND: GET /session/1ab6045712b508067b9d9e1a4add95fa/screenshot - {}
COMMAND: POST /session/1ab6045712b508067b9d9e1a4add95fa/element - {"using":"xpath","value":"//span[contains(@id ,\"application-addressmanagement-display-component---detailAdm--addressDetailDetailsName1\")][contains(text(), \"WebdriverSite51lk6\")]"}
RESULT: {}
RESULT: {}
RESULT: {"using":"xpath","value":"//span[contains(@id ,\"application-addressmanagement-display-component---detailAdm--addressDetailDetailsName1\")][contains(text(), \"WebdriverSite51lk6\")]"}
COMMAND: POST /session/1ab6045712b508067b9d9e1a4add95fa/execute/sync - {"script":"<script> [8489 bytes]","args":[{"element-6066-11e4-a52e-4f735466cecf":"f.F3E041632107C0123BDAF370CBA4DD43.d.AEFDD28EEAFBD84261E34B10A3D0F1E5.e.5743","ELEMENT":"f.F3E041632107C0123BDAF370CBA4DD43.d.AEFDD28EEAFBD84261E34B10A3D0F1E5.e.5743"}]}
RESULT: {"script":"<script> [8489 bytes]","args":[{"element-6066-11e4-a52e-4f735466cecf":"f.F3E041632107C0123BDAF370CBA4DD43.d.AEFDD28EEAFBD84261E34B10A3D0F1E5.e.5743","ELEMENT":"f.F3E041632107C0123BDAF370CBA4DD43.d.AEFDD28EEAFBD84261E34B10A3D0F1E5.e.5743"}]}
COMMAND: GET /session/1ab6045712b508067b9d9e1a4add95fa/screenshot - {}
RESULT: undefined
COMMAND: POST /session/1ab6045712b508067b9d9e1a4add95fa/execute/async - {"script":"<script> [6424 bytes]","args":[{"element-6066-11e4-a52e-4f735466cecf":"f.F3E041632107C0123BDAF370CBA4DD43.d.AEFDD28EEAFBD84261E34B10A3D0F1E5.e.3188"},"getTitle",[]]}
RESULT: {}
COMMAND: POST /session/1ab6045712b508067b9d9e1a4add95fa/execute/async - {"script":"<script> [1562 bytes]","args":[{"selector":{"id":"shellAppTitle"},"wdio_ui5_key":"shellAppTitle"}]}
RESULT: {"script":"<script> [1562 bytes]","args":[{"selector":{"id":"shellAppTitle"},"wdio_ui5_key":"shellAppTitle"}]}
COMMAND: POST /session/1ab6045712b508067b9d9e1a4add95fa/execute/async - {"script":"<script> [6424 bytes]","args":[{"element-6066-11e4-a52e-4f735466cecf":"f.F3E041632107C0123BDAF370CBA4DD43.d.AEFDD28EEAFBD84261E34B10A3D0F1E5.e.5744"},"getTitle",[]]}
RESULT: {"script":"<script> [6424 bytes]","args":[{"element-6066-11e4-a52e-4f735466cecf":"f.F3E041632107C0123BDAF370CBA4DD43.d.AEFDD28EEAFBD84261E34B10A3D0F1E5.e.5744"},"getTitle",[]]}
COMMAND: POST /session/1ab6045712b508067b9d9e1a4add95fa/element - {"using":"xpath","value":"//span[contains(@id ,\"application-addressmanagement-display-component---detailAdm--addressDetailDetailsName1\")][contains(text(), \"WebdriverSite51lk6\")]"}
RESULT: {"using":"xpath","value":"//span[contains(@id ,\"application-addressmanagement-display-component---detailAdm--addressDetailDetailsName1\")][contains(text(), \"WebdriverSite51lk6\")]"}
COMMAND: POST /session/1ab6045712b508067b9d9e1a4add95fa/execute/sync - {"script":"<script> [8489 bytes]","args":[{"element-6066-11e4-a52e-4f735466cecf":"f.F3E041632107C0123BDAF370CBA4DD43.d.AEFDD28EEAFBD84261E34B10A3D0F1E5.e.5743","ELEMENT":"f.F3E041632107C0123BDAF370CBA4DD43.d.AEFDD28EEAFBD84261E34B10A3D0F1E5.e.5743"}]}
RESULT: undefined
COMMAND: POST /session/1ab6045712b508067b9d9e1a4add95fa/element - {"using":"xpath","value":"//*[@id=\"backBtn\"]"}
RESULT: {"script":"<script> [8489 bytes]","args":[{"element-6066-11e4-a52e-4f735466cecf":"f.F3E041632107C0123BDAF370CBA4DD43.d.AEFDD28EEAFBD84261E34B10A3D0F1E5.e.5743","ELEMENT":"f.F3E041632107C0123BDAF370CBA4DD43.d.AEFDD28EEAFBD84261E34B10A3D0F1E5.e.5743"}]}
COMMAND: GET /session/1ab6045712b508067b9d9e1a4add95fa/screenshot - {}
RESULT: {"using":"xpath","value":"//*[@id=\"backBtn\"]"}
COMMAND: POST /session/1ab6045712b508067b9d9e1a4add95fa/element/f.F3E041632107C0123BDAF370CBA4DD43.d.AEFDD28EEAFBD84261E34B10A3D0F1E5.e.3190/click - {}
RESULT: {}
RESULT: {}
COMMAND: GET /session/1ab6045712b508067b9d9e1a4add95fa/screenshot - {}
RESULT: {}
COMMAND: POST /session/1ab6045712b508067b9d9e1a4add95fa/execute/sync - {"script":"<script> [8489 bytes]","args":[{"element-6066-11e4-a52e-4f735466cecf":"f.F3E041632107C0123BDAF370CBA4DD43.d.AEFDD28EEAFBD84261E34B10A3D0F1E5.e.5526","ELEMENT":"f.F3E041632107C0123BDAF370CBA4DD43.d.AEFDD28EEAFBD84261E34B10A3D0F1E5.e.5526"}]}
COMMAND: POST /session/1ab6045712b508067b9d9e1a4add95fa/element - {"using":"xpath","value":"//*[contains(@data-kt ,\"webshopDetailAddressLink\")]"}
RESULT: {"using":"xpath","value":"//*[contains(@data-kt ,\"webshopDetailAddressLink\")]"}
COMMAND: POST /session/1ab6045712b508067b9d9e1a4add95fa/execute/sync - {"script":"<script> [8489 bytes]","args":[{"element-6066-11e4-a52e-4f735466cecf":"f.F3E041632107C0123BDAF370CBA4DD43.d.AEFDD28EEAFBD84261E34B10A3D0F1E5.e.5933","ELEMENT":"f.F3E041632107C0123BDAF370CBA4DD43.d.AEFDD28EEAFBD84261E34B10A3D0F1E5.e.5933"}]}
RESULT: {"script":"<script> [8489 bytes]","args":[{"element-6066-11e4-a52e-4f735466cecf":"f.F3E041632107C0123BDAF370CBA4DD43.d.AEFDD28EEAFBD84261E34B10A3D0F1E5.e.5933","ELEMENT":"f.F3E041632107C0123BDAF370CBA4DD43.d.AEFDD28EEAFBD84261E34B10A3D0F1E5.e.5933"}]}
COMMAND: POST /session/1ab6045712b508067b9d9e1a4add95fa/execute/sync - {"script":"<script> [5351 bytes]","args":[{"element-6066-11e4-a52e-4f735466cecf":"f.F3E041632107C0123BDAF370CBA4DD43.d.AEFDD28EEAFBD84261E34B10A3D0F1E5.e.5933","ELEMENT":"f.F3E041632107C0123BDAF370CBA4DD43.d.AEFDD28EEAFBD84261E34B10A3D0F1E5.e.5933"}]}
COMMAND: GET /session/1ab6045712b508067b9d9e1a4add95fa/screenshot - {}
RESULT: {"script":"<script> [5351 bytes]","args":[{"element-6066-11e4-a52e-4f735466cecf":"f.F3E041632107C0123BDAF370CBA4DD43.d.AEFDD28EEAFBD84261E34B10A3D0F1E5.e.5933","ELEMENT":"f.F3E041632107C0123BDAF370CBA4DD43.d.AEFDD28EEAFBD84261E34B10A3D0F1E5.e.5933"}]}
COMMAND: POST /session/1ab6045712b508067b9d9e1a4add95fa/element - {"using":"xpath","value":"//*[contains(@data-kt ,\"webshopDetailAddressLink\")]"}
COMMAND: GET /session/1ab6045712b508067b9d9e1a4add95fa/screenshot - {}
RESULT: {}
RESULT: {"using":"xpath","value":"//*[contains(@data-kt ,\"webshopDetailAddressLink\")]"}
COMMAND: POST /session/1ab6045712b508067b9d9e1a4add95fa/element/f.F3E041632107C0123BDAF370CBA4DD43.d.AEFDD28EEAFBD84261E34B10A3D0F1E5.e.5933/click - {}
RESULT: {}
RESULT: {}
COMMAND: GET /session/1ab6045712b508067b9d9e1a4add95fa/screenshot - {}
RESULT: {}
COMMAND: POST /session/1ab6045712b508067b9d9e1a4add95fa/element - {"using":"xpath","value":"//button[contains(@data-kt ,\"ContextMenuExternalId2Link\")]"}
RESULT: {"using":"xpath","value":"//button[contains(@data-kt ,\"ContextMenuExternalId2Link\")]"}
COMMAND: POST /session/1ab6045712b508067b9d9e1a4add95fa/element/f.F3E041632107C0123BDAF370CBA4DD43.d.AEFDD28EEAFBD84261E34B10A3D0F1E5.e.5934/click - {}
RESULT: {}
COMMAND: GET /session/1ab6045712b508067b9d9e1a4add95fa/screenshot - {}
RESULT: {}
COMMAND: GET /session/1ab6045712b508067b9d9e1a4add95fa/window/handles - {}
RESULT: {}
COMMAND: POST /session/1ab6045712b508067b9d9e1a4add95fa/window - {"handle":"95AD5596F10728DBA07ED6753841C7E5"}
RESULT: {"handle":"95AD5596F10728DBA07ED6753841C7E5"}
COMMAND: GET /session/1ab6045712b508067b9d9e1a4add95fa/url - {}
RESULT: {}
COMMAND: GET /session/1ab6045712b508067b9d9e1a4add95fa/screenshot - {}
RESULT: {}
COMMAND: POST /session/1ab6045712b508067b9d9e1a4add95fa/execute/sync - {"script":"<script> [8489 bytes]","args":[{"element-6066-11e4-a52e-4f735466cecf":"f.F3E041632107C0123BDAF370CBA4DD43.d.AEFDD28EEAFBD84261E34B10A3D0F1E5.e.5743","ELEMENT":"f.F3E041632107C0123BDAF370CBA4DD43.d.AEFDD28EEAFBD84261E34B10A3D0F1E5.e.5743"}]}
COMMAND: DELETE /session/1ab6045712b508067b9d9e1a4add95fa/window - {}
RESULT: {}
COMMAND: POST /session/1ab6045712b508067b9d9e1a4add95fa/window - {"handle":"F3E041632107C0123BDAF370CBA4DD43"}
RESULT: {"handle":"F3E041632107C0123BDAF370CBA4DD43"}
COMMAND: GET /session/1ab6045712b508067b9d9e1a4add95fa/url - {}
COMMAND: POST /session/1ab6045712b508067b9d9e1a4add95fa/element - {"using":"xpath","value":"//span[contains(@id ,\"application-addressmanagement-display-component---detailAdm--addressDetailDetailsName1\")][contains(text(), \"WebdriverSite51lk6\")]"}
RESULT: {}
COMMAND: GET /session/1ab6045712b508067b9d9e1a4add95fa/screenshot - {}
RESULT: {"using":"xpath","value":"//span[contains(@id ,\"application-addressmanagement-display-component---detailAdm--addressDetailDetailsName1\")][contains(text(), \"WebdriverSite51lk6\")]"}
COMMAND: POST /session/1ab6045712b508067b9d9e1a4add95fa/element - {"using":"xpath","value":"//span[contains(@id ,\"application-addressmanagement-display-component---detailAdm--addressDetailDetailsName1\")][contains(text(), \"WebdriverSite51lk6\")]"}
RESULT: {}
RESULT: {"using":"xpath","value":"//span[contains(@id ,\"application-addressmanagement-display-component---detailAdm--addressDetailDetailsName1\")][contains(text(), \"WebdriverSite51lk6\")]"}
COMMAND: POST /session/1ab6045712b508067b9d9e1a4add95fa/element - {"using":"xpath","value":"//span[contains(@id ,\"application-addressmanagement-display-component---detailAdm--addressDetailDetailsName1\")][contains(text(), \"WebdriverSite51lk6\")]"}
RESULT: {"using":"xpath","value":"//span[contains(@id ,\"application-addressmanagement-display-component---detailAdm--addressDetailDetailsName1\")][contains(text(), \"WebdriverSite51lk6\")]"}
COMMAND: POST /session/1ab6045712b508067b9d9e1a4add95fa/element - {"using":"xpath","value":"//span[contains(@id ,\"application-addressmanagement-display-component---detailAdm--addressDetailDetailsName1\")][contains(text(), \"WebdriverSite51lk6\")]"}
RESULT: {"using":"xpath","value":"//span[contains(@id ,\"application-addressmanagement-display-component---detailAdm--addressDetailDetailsName1\")][contains(text(), \"WebdriverSite51lk6\")]"}
COMMAND: POST /session/1ab6045712b508067b9d9e1a4add95fa/element - {"using":"xpath","value":"//*[contains(@data-kt ,\"webshopDetailCustomerLink\")]"}
RESULT: {"using":"xpath","value":"//*[contains(@data-kt ,\"webshopDetailCustomerLink\")]"}
COMMAND: POST /session/1ab6045712b508067b9d9e1a4add95fa/execute/sync - {"script":"<script> [8489 bytes]","args":[{"element-6066-11e4-a52e-4f735466cecf":"f.F3E041632107C0123BDAF370CBA4DD43.d.AEFDD28EEAFBD84261E34B10A3D0F1E5.e.5940","ELEMENT":"f.F3E041632107C0123BDAF370CBA4DD43.d.AEFDD28EEAFBD84261E34B10A3D0F1E5.e.5940"}]}
RESULT: {"script":"<script> [8489 bytes]","args":[{"element-6066-11e4-a52e-4f735466cecf":"f.F3E041632107C0123BDAF370CBA4DD43.d.AEFDD28EEAFBD84261E34B10A3D0F1E5.e.5940","ELEMENT":"f.F3E041632107C0123BDAF370CBA4DD43.d.AEFDD28EEAFBD84261E34B10A3D0F1E5.e.5940"}]}
COMMAND: POST /session/1ab6045712b508067b9d9e1a4add95fa/execute/sync - {"script":"<script> [5351 bytes]","args":[{"element-6066-11e4-a52e-4f735466cecf":"f.F3E041632107C0123BDAF370CBA4DD43.d.AEFDD28EEAFBD84261E34B10A3D0F1E5.e.5940","ELEMENT":"f.F3E041632107C0123BDAF370CBA4DD43.d.AEFDD28EEAFBD84261E34B10A3D0F1E5.e.5940"}]}
COMMAND: GET /session/1ab6045712b508067b9d9e1a4add95fa/screenshot - {}
RESULT: {"script":"<script> [5351 bytes]","args":[{"element-6066-11e4-a52e-4f735466cecf":"f.F3E041632107C0123BDAF370CBA4DD43.d.AEFDD28EEAFBD84261E34B10A3D0F1E5.e.5940","ELEMENT":"f.F3E041632107C0123BDAF370CBA4DD43.d.AEFDD28EEAFBD84261E34B10A3D0F1E5.e.5940"}]}
COMMAND: POST /session/1ab6045712b508067b9d9e1a4add95fa/element - {"using":"xpath","value":"//*[contains(@data-kt ,\"webshopDetailCustomerLink\")]"}
COMMAND: POST /session/1ab6045712b508067b9d9e1a4add95fa/element - {"using":"xpath","value":"//span[contains(@id ,\"application-addressmanagement-display-component---detailAdm--addressDetailDetailsName1\")][contains(text(), \"WebdriverSite51lk6\")]"}
COMMAND: GET /session/1ab6045712b508067b9d9e1a4add95fa/screenshot - {}
RESULT: {}
RESULT: {"using":"xpath","value":"//*[contains(@data-kt ,\"webshopDetailCustomerLink\")]"}
COMMAND: POST /session/1ab6045712b508067b9d9e1a4add95fa/element/f.F3E041632107C0123BDAF370CBA4DD43.d.AEFDD28EEAFBD84261E34B10A3D0F1E5.e.5940/click - {}
RESULT: {"using":"xpath","value":"//span[contains(@id ,\"application-addressmanagement-display-component---detailAdm--addressDetailDetailsName1\")][contains(text(), \"WebdriverSite51lk6\")]"}
COMMAND: POST /session/1ab6045712b508067b9d9e1a4add95fa/element - {"using":"xpath","value":"//span[contains(@id ,\"application-addressmanagement-display-component---detailAdm--addressDetailDetailsName1\")][contains(text(), \"WebdriverSite51lk6\")]"}
RESULT: {}
RESULT: {}
RESULT: {"using":"xpath","value":"//span[contains(@id ,\"application-addressmanagement-display-component---detailAdm--addressDetailDetailsName1\")][contains(text(), \"WebdriverSite51lk6\")]"}
COMMAND: GET /session/1ab6045712b508067b9d9e1a4add95fa/screenshot - {}
RESULT: {}
COMMAND: POST /session/1ab6045712b508067b9d9e1a4add95fa/element - {"using":"xpath","value":"//span[contains(@id ,\"application-addressmanagement-display-component---detailAdm--addressDetailDetailsName1\")][contains(text(), \"WebdriverSite51lk6\")]"}
RESULT: {"using":"xpath","value":"//span[contains(@id ,\"application-addressmanagement-display-component---detailAdm--addressDetailDetailsName1\")][contains(text(), \"WebdriverSite51lk6\")]"}
COMMAND: POST /session/1ab6045712b508067b9d9e1a4add95fa/element - {"using":"xpath","value":"//span[contains(@id ,\"application-addressmanagement-display-component---detailAdm--addressDetailDetailsName1\")][contains(text(), \"WebdriverSite51lk6\")]"}
RESULT: {"using":"xpath","value":"//span[contains(@id ,\"application-addressmanagement-display-component---detailAdm--addressDetailDetailsName1\")][contains(text(), \"WebdriverSite51lk6\")]"}
COMMAND: POST /session/1ab6045712b508067b9d9e1a4add95fa/element - {"using":"xpath","value":"//span[contains(@id ,\"application-addressmanagement-display-component---detailAdm--addressDetailDetailsName1\")][contains(text(), \"WebdriverSite51lk6\")]"}
RESULT: {"using":"xpath","value":"//span[contains(@id ,\"application-addressmanagement-display-component---detailAdm--addressDetailDetailsName1\")][contains(text(), \"WebdriverSite51lk6\")]"}
COMMAND: POST /session/1ab6045712b508067b9d9e1a4add95fa/element - {"using":"xpath","value":"//*[contains(@data-kt ,\"ContextMenuId2Link\")][contains(text(), \"Partner Overview\")]"}
RESULT: {"using":"xpath","value":"//*[contains(@data-kt ,\"ContextMenuId2Link\")][contains(text(), \"Partner Overview\")]"}
COMMAND: POST /session/1ab6045712b508067b9d9e1a4add95fa/execute/sync - {"script":"<script> [8489 bytes]","args":[{"element-6066-11e4-a52e-4f735466cecf":"f.F3E041632107C0123BDAF370CBA4DD43.d.AEFDD28EEAFBD84261E34B10A3D0F1E5.e.5942","ELEMENT":"f.F3E041632107C0123BDAF370CBA4DD43.d.AEFDD28EEAFBD84261E34B10A3D0F1E5.e.5942"}]}
COMMAND: POST /session/1ab6045712b508067b9d9e1a4add95fa/element - {"using":"xpath","value":"//*[contains(@data-kt ,\"ContextMenuId2Link\")][contains(text(), \"Partner Overview\")]"}
RESULT: {"using":"xpath","value":"//*[contains(@data-kt ,\"ContextMenuId2Link\")][contains(text(), \"Partner Overview\")]"}
COMMAND: POST /session/1ab6045712b508067b9d9e1a4add95fa/element/f.F3E041632107C0123BDAF370CBA4DD43.d.AEFDD28EEAFBD84261E34B10A3D0F1E5.e.5942/click - {}
RESULT: {"script":"<script> [8489 bytes]","args":[{"element-6066-11e4-a52e-4f735466cecf":"f.F3E041632107C0123BDAF370CBA4DD43.d.AEFDD28EEAFBD84261E34B10A3D0F1E5.e.5942","ELEMENT":"f.F3E041632107C0123BDAF370CBA4DD43.d.AEFDD28EEAFBD84261E34B10A3D0F1E5.e.5942"}]}
COMMAND: GET /session/1ab6045712b508067b9d9e1a4add95fa/screenshot - {}
COMMAND: POST /session/1ab6045712b508067b9d9e1a4add95fa/element - {"using":"xpath","value":"//span[contains(@id ,\"application-addressmanagement-display-component---detailAdm--addressDetailDetailsName1\")][contains(text(), \"WebdriverSite51lk6\")]"}
RESULT: {}
COMMAND: GET /session/1ab6045712b508067b9d9e1a4add95fa/screenshot - {}
RESULT: {}
RESULT: {"using":"xpath","value":"//span[contains(@id ,\"application-addressmanagement-display-component---detailAdm--addressDetailDetailsName1\")][contains(text(), \"WebdriverSite51lk6\")]"}
RESULT: {}
COMMAND: POST /session/1ab6045712b508067b9d9e1a4add95fa/element - {"using":"xpath","value":"//span[contains(@id ,\"application-addressmanagement-display-component---detailAdm--addressDetailDetailsName1\")][contains(text(), \"WebdriverSite51lk6\")]"}
RESULT: {"using":"xpath","value":"//span[contains(@id ,\"application-addressmanagement-display-component---detailAdm--addressDetailDetailsName1\")][contains(text(), \"WebdriverSite51lk6\")]"}
COMMAND: POST /session/1ab6045712b508067b9d9e1a4add95fa/element - {"using":"xpath","value":"//span[contains(@id ,\"application-addressmanagement-display-component---detailAdm--addressDetailDetailsName1\")][contains(text(), \"WebdriverSite51lk6\")]"}
RESULT: {"using":"xpath","value":"//span[contains(@id ,\"application-addressmanagement-display-component---detailAdm--addressDetailDetailsName1\")][contains(text(), \"WebdriverSite51lk6\")]"}
COMMAND: POST /session/1ab6045712b508067b9d9e1a4add95fa/element - {"using":"xpath","value":"//span[contains(@id ,\"application-addressmanagement-display-component---detailAdm--addressDetailDetailsName1\")][contains(text(), \"WebdriverSite51lk6\")]"}
RESULT: {"using":"xpath","value":"//span[contains(@id ,\"application-addressmanagement-display-component---detailAdm--addressDetailDetailsName1\")][contains(text(), \"WebdriverSite51lk6\")]"}
COMMAND: POST /session/1ab6045712b508067b9d9e1a4add95fa/element - {"using":"xpath","value":"//span[contains(@id ,\"application-addressmanagement-display-component---detailAdm--addressDetailDetailsName1\")][contains(text(), \"WebdriverSite51lk6\")]"}
RESULT: {"using":"xpath","value":"//span[contains(@id ,\"application-addressmanagement-display-component---detailAdm--addressDetailDetailsName1\")][contains(text(), \"WebdriverSite51lk6\")]"}
COMMAND: POST /session/1ab6045712b508067b9d9e1a4add95fa/element - {"using":"xpath","value":"//span[contains(@id ,\"application-addressmanagement-display-component---detailAdm--addressDetailDetailsName1\")][contains(text(), \"WebdriverSite51lk6\")]"}
RESULT: {"using":"xpath","value":"//span[contains(@id ,\"application-addressmanagement-display-component---detailAdm--addressDetailDetailsName1\")][contains(text(), \"WebdriverSite51lk6\")]"}
RESULT: undefined
COMMAND: POST /session/1ab6045712b508067b9d9e1a4add95fa/execute/async - {"script":"<script> [6424 bytes]","args":[{"element-6066-11e4-a52e-4f735466cecf":"f.F3E041632107C0123BDAF370CBA4DD43.d.AEFDD28EEAFBD84261E34B10A3D0F1E5.e.3188"},"getTitle",[]]}
COMMAND: POST /session/1ab6045712b508067b9d9e1a4add95fa/execute/async - {"script":"<script> [1562 bytes]","args":[{"selector":{"id":"shellAppTitle"},"wdio_ui5_key":"shellAppTitle"}]}
COMMAND: POST /session/1ab6045712b508067b9d9e1a4add95fa/element - {"using":"xpath","value":"//span[contains(@id ,\"application-addressmanagement-display-component---detailAdm--addressDetailDetailsName1\")][contains(text(), \"WebdriverSite51lk6\")]"}
RESULT: {"script":"<script> [1562 bytes]","args":[{"selector":{"id":"shellAppTitle"},"wdio_ui5_key":"shellAppTitle"}]}
COMMAND: POST /session/1ab6045712b508067b9d9e1a4add95fa/execute/async - {"script":"<script> [6424 bytes]","args":[{"element-6066-11e4-a52e-4f735466cecf":"f.F3E041632107C0123BDAF370CBA4DD43.d.AEFDD28EEAFBD84261E34B10A3D0F1E5.e.6187"},"getTitle",[]]}
RESULT: {"using":"xpath","value":"//span[contains(@id ,\"application-addressmanagement-display-component---detailAdm--addressDetailDetailsName1\")][contains(text(), \"WebdriverSite51lk6\")]"}
RESULT: {"script":"<script> [6424 bytes]","args":[{"element-6066-11e4-a52e-4f735466cecf":"f.F3E041632107C0123BDAF370CBA4DD43.d.AEFDD28EEAFBD84261E34B10A3D0F1E5.e.6187"},"getTitle",[]]}
COMMAND: POST /session/1ab6045712b508067b9d9e1a4add95fa/element - {"using":"xpath","value":"//span[contains(@id ,\"title\")][contains(text(), \"WebdriverPartnerge6i6f\")]"}
RESULT: {"using":"xpath","value":"//span[contains(@id ,\"title\")][contains(text(), \"WebdriverPartnerge6i6f\")]"}
COMMAND: POST /session/1ab6045712b508067b9d9e1a4add95fa/execute/sync - {"script":"<script> [8489 bytes]","args":[{"element-6066-11e4-a52e-4f735466cecf":"f.F3E041632107C0123BDAF370CBA4DD43.d.AEFDD28EEAFBD84261E34B10A3D0F1E5.e.6188","ELEMENT":"f.F3E041632107C0123BDAF370CBA4DD43.d.AEFDD28EEAFBD84261E34B10A3D0F1E5.e.6188"}]}
RESULT: undefined
COMMAND: POST /session/1ab6045712b508067b9d9e1a4add95fa/element - {"using":"xpath","value":"//*[@id=\"backBtn\"]"}
COMMAND: POST /session/1ab6045712b508067b9d9e1a4add95fa/element - {"using":"xpath","value":"//span[contains(@id ,\"application-addressmanagement-display-component---detailAdm--addressDetailDetailsName1\")][contains(text(), \"WebdriverSite51lk6\")]"}
RESULT: {"script":"<script> [8489 bytes]","args":[{"element-6066-11e4-a52e-4f735466cecf":"f.F3E041632107C0123BDAF370CBA4DD43.d.AEFDD28EEAFBD84261E34B10A3D0F1E5.e.6188","ELEMENT":"f.F3E041632107C0123BDAF370CBA4DD43.d.AEFDD28EEAFBD84261E34B10A3D0F1E5.e.6188"}]}
RESULT: {"using":"xpath","value":"//*[@id=\"backBtn\"]"}
COMMAND: POST /session/1ab6045712b508067b9d9e1a4add95fa/element/f.F3E041632107C0123BDAF370CBA4DD43.d.AEFDD28EEAFBD84261E34B10A3D0F1E5.e.3190/click - {}
COMMAND: GET /session/1ab6045712b508067b9d9e1a4add95fa/screenshot - {}
RESULT: {"using":"xpath","value":"//span[contains(@id ,\"application-addressmanagement-display-component---detailAdm--addressDetailDetailsName1\")][contains(text(), \"WebdriverSite51lk6\")]"}
RESULT: {}
COMMAND: GET /session/1ab6045712b508067b9d9e1a4add95fa/screenshot - {}
COMMAND: POST /session/1ab6045712b508067b9d9e1a4add95fa/execute/sync - {"script":"<script> [8489 bytes]","args":[{"element-6066-11e4-a52e-4f735466cecf":"f.F3E041632107C0123BDAF370CBA4DD43.d.AEFDD28EEAFBD84261E34B10A3D0F1E5.e.6188","ELEMENT":"f.F3E041632107C0123BDAF370CBA4DD43.d.AEFDD28EEAFBD84261E34B10A3D0F1E5.e.6188"}]}
COMMAND: POST /session/1ab6045712b508067b9d9e1a4add95fa/element - {"using":"xpath","value":"//span[contains(@id ,\"application-addressmanagement-display-component---detailAdm--addressDetailDetailsName1\")][contains(text(), \"WebdriverSite51lk6\")]"}
RESULT: {}
RESULT: {}
COMMAND: POST /session/1ab6045712b508067b9d9e1a4add95fa/element - {"using":"xpath","value":"//span[contains(@id ,\"title\")][contains(text(), \"WebdriverPartnerge6i6f\")]"}
RESULT: {"using":"xpath","value":"//span[contains(@id ,\"application-addressmanagement-display-component---detailAdm--addressDetailDetailsName1\")][contains(text(), \"WebdriverSite51lk6\")]"}
COMMAND: POST /session/1ab6045712b508067b9d9e1a4add95fa/execute/sync - {"script":"<script> [8489 bytes]","args":[{"element-6066-11e4-a52e-4f735466cecf":"f.F3E041632107C0123BDAF370CBA4DD43.d.AEFDD28EEAFBD84261E34B10A3D0F1E5.e.5940","ELEMENT":"f.F3E041632107C0123BDAF370CBA4DD43.d.AEFDD28EEAFBD84261E34B10A3D0F1E5.e.5940"}]}
COMMAND: POST /session/1ab6045712b508067b9d9e1a4add95fa/element - {"using":"xpath","value":"//span[contains(@id ,\"application-addressmanagement-display-component---detailAdm--addressDetailDetailsName1\")][contains(text(), \"WebdriverSite51lk6\")]"}
RESULT: {"using":"xpath","value":"//span[contains(@id ,\"title\")][contains(text(), \"WebdriverPartnerge6i6f\")]"}
COMMAND: POST /session/1ab6045712b508067b9d9e1a4add95fa/element - {"using":"xpath","value":"//span[contains(@id ,\"title\")][contains(text(), \"WebdriverPartnerge6i6f\")]"}
COMMAND: POST /session/1ab6045712b508067b9d9e1a4add95fa/element - {"using":"xpath","value":"//*[contains(@data-kt ,\"webshopDetailCustomerLink\")]"}
RESULT: {"using":"xpath","value":"//span[contains(@id ,\"application-addressmanagement-display-component---detailAdm--addressDetailDetailsName1\")][contains(text(), \"WebdriverSite51lk6\")]"}
RESULT: {"using":"xpath","value":"//span[contains(@id ,\"title\")][contains(text(), \"WebdriverPartnerge6i6f\")]"}
RESULT: {"using":"xpath","value":"//*[contains(@data-kt ,\"webshopDetailCustomerLink\")]"}
COMMAND: POST /session/1ab6045712b508067b9d9e1a4add95fa/execute/sync - {"script":"<script> [8489 bytes]","args":[{"element-6066-11e4-a52e-4f735466cecf":"f.F3E041632107C0123BDAF370CBA4DD43.d.AEFDD28EEAFBD84261E34B10A3D0F1E5.e.6329","ELEMENT":"f.F3E041632107C0123BDAF370CBA4DD43.d.AEFDD28EEAFBD84261E34B10A3D0F1E5.e.6329"}]}
RESULT: {"script":"<script> [8489 bytes]","args":[{"element-6066-11e4-a52e-4f735466cecf":"f.F3E041632107C0123BDAF370CBA4DD43.d.AEFDD28EEAFBD84261E34B10A3D0F1E5.e.6329","ELEMENT":"f.F3E041632107C0123BDAF370CBA4DD43.d.AEFDD28EEAFBD84261E34B10A3D0F1E5.e.6329"}]}
COMMAND: POST /session/1ab6045712b508067b9d9e1a4add95fa/execute/sync - {"script":"<script> [5351 bytes]","args":[{"element-6066-11e4-a52e-4f735466cecf":"f.F3E041632107C0123BDAF370CBA4DD43.d.AEFDD28EEAFBD84261E34B10A3D0F1E5.e.6329","ELEMENT":"f.F3E041632107C0123BDAF370CBA4DD43.d.AEFDD28EEAFBD84261E34B10A3D0F1E5.e.6329"}]}
COMMAND: GET /session/1ab6045712b508067b9d9e1a4add95fa/screenshot - {}
RESULT: {"script":"<script> [5351 bytes]","args":[{"element-6066-11e4-a52e-4f735466cecf":"f.F3E041632107C0123BDAF370CBA4DD43.d.AEFDD28EEAFBD84261E34B10A3D0F1E5.e.6329","ELEMENT":"f.F3E041632107C0123BDAF370CBA4DD43.d.AEFDD28EEAFBD84261E34B10A3D0F1E5.e.6329"}]}
COMMAND: POST /session/1ab6045712b508067b9d9e1a4add95fa/execute/sync - {"script":"<script> [8489 bytes]","args":[{"element-6066-11e4-a52e-4f735466cecf":"f.F3E041632107C0123BDAF370CBA4DD43.d.AEFDD28EEAFBD84261E34B10A3D0F1E5.e.6329","ELEMENT":"f.F3E041632107C0123BDAF370CBA4DD43.d.AEFDD28EEAFBD84261E34B10A3D0F1E5.e.6329"}]}
COMMAND: GET /session/1ab6045712b508067b9d9e1a4add95fa/screenshot - {}
COMMAND: POST /session/1ab6045712b508067b9d9e1a4add95fa/element - {"using":"xpath","value":"//span[contains(@id ,\"application-addressmanagement-display-component---detailAdm--addressDetailDetailsName1\")][contains(text(), \"WebdriverSite51lk6\")]"}
COMMAND: POST /session/1ab6045712b508067b9d9e1a4add95fa/element - {"using":"xpath","value":"//span[contains(@id ,\"title\")][contains(text(), \"WebdriverPartnerge6i6f\")]"}
RESULT: {}
RESULT: {"script":"<script> [8489 bytes]","args":[{"element-6066-11e4-a52e-4f735466cecf":"f.F3E041632107C0123BDAF370CBA4DD43.d.AEFDD28EEAFBD84261E34B10A3D0F1E5.e.6329","ELEMENT":"f.F3E041632107C0123BDAF370CBA4DD43.d.AEFDD28EEAFBD84261E34B10A3D0F1E5.e.6329"}]}
COMMAND: POST /session/1ab6045712b508067b9d9e1a4add95fa/execute/sync - {"script":"<script> [5351 bytes]","args":[{"element-6066-11e4-a52e-4f735466cecf":"f.F3E041632107C0123BDAF370CBA4DD43.d.AEFDD28EEAFBD84261E34B10A3D0F1E5.e.6329","ELEMENT":"f.F3E041632107C0123BDAF370CBA4DD43.d.AEFDD28EEAFBD84261E34B10A3D0F1E5.e.6329"}]}
COMMAND: GET /session/1ab6045712b508067b9d9e1a4add95fa/screenshot - {}
RESULT: {}
RESULT: {"using":"xpath","value":"//span[contains(@id ,\"application-addressmanagement-display-component---detailAdm--addressDetailDetailsName1\")][contains(text(), \"WebdriverSite51lk6\")]"}
RESULT: {"using":"xpath","value":"//span[contains(@id ,\"title\")][contains(text(), \"WebdriverPartnerge6i6f\")]"}
RESULT: {"script":"<script> [5351 bytes]","args":[{"element-6066-11e4-a52e-4f735466cecf":"f.F3E041632107C0123BDAF370CBA4DD43.d.AEFDD28EEAFBD84261E34B10A3D0F1E5.e.6329","ELEMENT":"f.F3E041632107C0123BDAF370CBA4DD43.d.AEFDD28EEAFBD84261E34B10A3D0F1E5.e.6329"}]}
COMMAND: POST /session/1ab6045712b508067b9d9e1a4add95fa/element - {"using":"xpath","value":"//*[contains(@data-kt ,\"webshopDetailCustomerLink\")]"}
COMMAND: GET /session/1ab6045712b508067b9d9e1a4add95fa/screenshot - {}
RESULT: {}
RESULT: {"using":"xpath","value":"//*[contains(@data-kt ,\"webshopDetailCustomerLink\")]"}
COMMAND: POST /session/1ab6045712b508067b9d9e1a4add95fa/element/f.F3E041632107C0123BDAF370CBA4DD43.d.AEFDD28EEAFBD84261E34B10A3D0F1E5.e.6329/click - {}
COMMAND: POST /session/1ab6045712b508067b9d9e1a4add95fa/element - {"using":"xpath","value":"//span[contains(@id ,\"application-addressmanagement-display-component---detailAdm--addressDetailDetailsName1\")][contains(text(), \"WebdriverSite51lk6\")]"}
COMMAND: POST /session/1ab6045712b508067b9d9e1a4add95fa/element - {"using":"xpath","value":"//span[contains(@id ,\"title\")][contains(text(), \"WebdriverPartnerge6i6f\")]"}
RESULT: {}
RESULT: {}
RESULT: {"using":"xpath","value":"//span[contains(@id ,\"application-addressmanagement-display-component---detailAdm--addressDetailDetailsName1\")][contains(text(), \"WebdriverSite51lk6\")]"}
RESULT: {"using":"xpath","value":"//span[contains(@id ,\"title\")][contains(text(), \"WebdriverPartnerge6i6f\")]"}
COMMAND: POST /session/1ab6045712b508067b9d9e1a4add95fa/execute/sync - {"script":"<script> [8489 bytes]","args":[{"element-6066-11e4-a52e-4f735466cecf":"f.F3E041632107C0123BDAF370CBA4DD43.d.AEFDD28EEAFBD84261E34B10A3D0F1E5.e.6334","ELEMENT":"f.F3E041632107C0123BDAF370CBA4DD43.d.AEFDD28EEAFBD84261E34B10A3D0F1E5.e.6334"}]}
COMMAND: GET /session/1ab6045712b508067b9d9e1a4add95fa/screenshot - {}
RESULT: {"script":"<script> [8489 bytes]","args":[{"element-6066-11e4-a52e-4f735466cecf":"f.F3E041632107C0123BDAF370CBA4DD43.d.AEFDD28EEAFBD84261E34B10A3D0F1E5.e.6334","ELEMENT":"f.F3E041632107C0123BDAF370CBA4DD43.d.AEFDD28EEAFBD84261E34B10A3D0F1E5.e.6334"}]}
COMMAND: GET /session/1ab6045712b508067b9d9e1a4add95fa/screenshot - {}
RESULT: {}
COMMAND: POST /session/1ab6045712b508067b9d9e1a4add95fa/element - {"using":"xpath","value":"//span[contains(@id ,\"application-addressmanagement-display-component---detailAdm--addressDetailDetailsName1\")][contains(text(), \"WebdriverSite51lk6\")]"}
RESULT: {}
RESULT: {"using":"xpath","value":"//span[contains(@id ,\"application-addressmanagement-display-component---detailAdm--addressDetailDetailsName1\")][contains(text(), \"WebdriverSite51lk6\")]"}
COMMAND: POST /session/1ab6045712b508067b9d9e1a4add95fa/element - {"using":"xpath","value":"//span[contains(@id ,\"application-addressmanagement-display-component---detailAdm--addressDetailDetailsName1\")][contains(text(), \"WebdriverSite51lk6\")]"}
RESULT: {"using":"xpath","value":"//span[contains(@id ,\"application-addressmanagement-display-component---detailAdm--addressDetailDetailsName1\")][contains(text(), \"WebdriverSite51lk6\")]"}
COMMAND: POST /session/1ab6045712b508067b9d9e1a4add95fa/element - {"using":"xpath","value":"//span[contains(@id ,\"application-addressmanagement-display-component---detailAdm--addressDetailDetailsName1\")][contains(text(), \"WebdriverSite51lk6\")]"}
RESULT: {"using":"xpath","value":"//span[contains(@id ,\"application-addressmanagement-display-component---detailAdm--addressDetailDetailsName1\")][contains(text(), \"WebdriverSite51lk6\")]"}
COMMAND: POST /session/1ab6045712b508067b9d9e1a4add95fa/element - {"using":"xpath","value":"//button[contains(@data-kt ,\"ContextMenuExternalId2Link\")]"}
RESULT: {"using":"xpath","value":"//button[contains(@data-kt ,\"ContextMenuExternalId2Link\")]"}
COMMAND: POST /session/1ab6045712b508067b9d9e1a4add95fa/element/f.F3E041632107C0123BDAF370CBA4DD43.d.AEFDD28EEAFBD84261E34B10A3D0F1E5.e.6332/click - {}
RESULT: {}
COMMAND: GET /session/1ab6045712b508067b9d9e1a4add95fa/screenshot - {}
COMMAND: POST /session/1ab6045712b508067b9d9e1a4add95fa/element - {"using":"xpath","value":"//span[contains(@id ,\"application-addressmanagement-display-component---detailAdm--addressDetailDetailsName1\")][contains(text(), \"WebdriverSite51lk6\")]"}
RESULT: {}
RESULT: {"using":"xpath","value":"//span[contains(@id ,\"application-addressmanagement-display-component---detailAdm--addressDetailDetailsName1\")][contains(text(), \"WebdriverSite51lk6\")]"}
COMMAND: POST /session/1ab6045712b508067b9d9e1a4add95fa/element - {"using":"xpath","value":"//span[contains(@id ,\"application-addressmanagement-display-component---detailAdm--addressDetailDetailsName1\")][contains(text(), \"WebdriverSite51lk6\")]"}
RESULT: {"using":"xpath","value":"//span[contains(@id ,\"application-addressmanagement-display-component---detailAdm--addressDetailDetailsName1\")][contains(text(), \"WebdriverSite51lk6\")]"}
COMMAND: POST /session/1ab6045712b508067b9d9e1a4add95fa/element - {"using":"xpath","value":"//span[contains(@id ,\"application-addressmanagement-display-component---detailAdm--addressDetailDetailsName1\")][contains(text(), \"WebdriverSite51lk6\")]"}
RESULT: {"using":"xpath","value":"//span[contains(@id ,\"application-addressmanagement-display-component---detailAdm--addressDetailDetailsName1\")][contains(text(), \"WebdriverSite51lk6\")]"}
COMMAND: POST /session/1ab6045712b508067b9d9e1a4add95fa/element - {"using":"xpath","value":"//span[contains(@id ,\"application-addressmanagement-display-component---detailAdm--addressDetailDetailsName1\")][contains(text(), \"WebdriverSite51lk6\")]"}
RESULT: {"using":"xpath","value":"//span[contains(@id ,\"application-addressmanagement-display-component---detailAdm--addressDetailDetailsName1\")][contains(text(), \"WebdriverSite51lk6\")]"}
COMMAND: GET /session/1ab6045712b508067b9d9e1a4add95fa/window/handles - {}
RESULT: {}
COMMAND: POST /session/1ab6045712b508067b9d9e1a4add95fa/window - {"handle":"029D4A993FFF1B14183EBA4575AC5E3D"}
RESULT: {"handle":"029D4A993FFF1B14183EBA4575AC5E3D"}
COMMAND: GET /session/1ab6045712b508067b9d9e1a4add95fa/url - {}
RESULT: {}
COMMAND: GET /session/1ab6045712b508067b9d9e1a4add95fa/screenshot - {}
RESULT: {}
COMMAND: POST /session/1ab6045712b508067b9d9e1a4add95fa/execute/sync - {"script":"<script> [8489 bytes]","args":[{"element-6066-11e4-a52e-4f735466cecf":"f.F3E041632107C0123BDAF370CBA4DD43.d.AEFDD28EEAFBD84261E34B10A3D0F1E5.e.6334","ELEMENT":"f.F3E041632107C0123BDAF370CBA4DD43.d.AEFDD28EEAFBD84261E34B10A3D0F1E5.e.6334"}]}
COMMAND: DELETE /session/1ab6045712b508067b9d9e1a4add95fa/window - {}
RESULT: {}
COMMAND: POST /session/1ab6045712b508067b9d9e1a4add95fa/window - {"handle":"F3E041632107C0123BDAF370CBA4DD43"}
RESULT: {"handle":"F3E041632107C0123BDAF370CBA4DD43"}
COMMAND: GET /session/1ab6045712b508067b9d9e1a4add95fa/url - {}
RESULT: {"script":"<script> [8489 bytes]","args":[{"element-6066-11e4-a52e-4f735466cecf":"f.F3E041632107C0123BDAF370CBA4DD43.d.AEFDD28EEAFBD84261E34B10A3D0F1E5.e.6334","ELEMENT":"f.F3E041632107C0123BDAF370CBA4DD43.d.AEFDD28EEAFBD84261E34B10A3D0F1E5.e.6334"}]}
COMMAND: GET /session/1ab6045712b508067b9d9e1a4add95fa/screenshot - {}
RESULT: {}
COMMAND: GET /session/1ab6045712b508067b9d9e1a4add95fa/screenshot - {}
RESULT: {}
RESULT: {}
]]></system-out>
    </testcase>
    <testcase classname="chrome.136_0_7103_93.windows.Webshop_-_Hyperlinks_visible_and_working_properly__US139085" name="Should verify the contract and catalog item hyperlinks" time="94.407">
      <system-out><![CDATA[
COMMAND: POST /session/1ab6045712b508067b9d9e1a4add95fa/element - {"using":"xpath","value":"//*[contains(@data-kt ,\"webshopDetailContractLink\")]"}
RESULT: {"using":"xpath","value":"//*[contains(@data-kt ,\"webshopDetailContractLink\")]"}
COMMAND: POST /session/1ab6045712b508067b9d9e1a4add95fa/execute/sync - {"script":"<script> [8489 bytes]","args":[{"element-6066-11e4-a52e-4f735466cecf":"f.F3E041632107C0123BDAF370CBA4DD43.d.AEFDD28EEAFBD84261E34B10A3D0F1E5.e.6575","ELEMENT":"f.F3E041632107C0123BDAF370CBA4DD43.d.AEFDD28EEAFBD84261E34B10A3D0F1E5.e.6575"}]}
RESULT: {"script":"<script> [8489 bytes]","args":[{"element-6066-11e4-a52e-4f735466cecf":"f.F3E041632107C0123BDAF370CBA4DD43.d.AEFDD28EEAFBD84261E34B10A3D0F1E5.e.6575","ELEMENT":"f.F3E041632107C0123BDAF370CBA4DD43.d.AEFDD28EEAFBD84261E34B10A3D0F1E5.e.6575"}]}
COMMAND: POST /session/1ab6045712b508067b9d9e1a4add95fa/execute/sync - {"script":"<script> [5351 bytes]","args":[{"element-6066-11e4-a52e-4f735466cecf":"f.F3E041632107C0123BDAF370CBA4DD43.d.AEFDD28EEAFBD84261E34B10A3D0F1E5.e.6575","ELEMENT":"f.F3E041632107C0123BDAF370CBA4DD43.d.AEFDD28EEAFBD84261E34B10A3D0F1E5.e.6575"}]}
COMMAND: GET /session/1ab6045712b508067b9d9e1a4add95fa/screenshot - {}
RESULT: {"script":"<script> [5351 bytes]","args":[{"element-6066-11e4-a52e-4f735466cecf":"f.F3E041632107C0123BDAF370CBA4DD43.d.AEFDD28EEAFBD84261E34B10A3D0F1E5.e.6575","ELEMENT":"f.F3E041632107C0123BDAF370CBA4DD43.d.AEFDD28EEAFBD84261E34B10A3D0F1E5.e.6575"}]}
COMMAND: POST /session/1ab6045712b508067b9d9e1a4add95fa/element - {"using":"xpath","value":"//*[contains(@data-kt ,\"webshopDetailContractLink\")]"}
RESULT: {"using":"xpath","value":"//*[contains(@data-kt ,\"webshopDetailContractLink\")]"}
COMMAND: POST /session/1ab6045712b508067b9d9e1a4add95fa/element/f.F3E041632107C0123BDAF370CBA4DD43.d.AEFDD28EEAFBD84261E34B10A3D0F1E5.e.6575/click - {}
RESULT: {}
RESULT: {}
COMMAND: GET /session/1ab6045712b508067b9d9e1a4add95fa/screenshot - {}
COMMAND: GET /session/1ab6045712b508067b9d9e1a4add95fa/screenshot - {}
RESULT: {}
RESULT: {}
COMMAND: POST /session/1ab6045712b508067b9d9e1a4add95fa/element - {"using":"xpath","value":"//*[contains(@data-kt ,\"ContextMenuId2Link\")][contains(text(), \"Contract Overview\")]"}
RESULT: {"using":"xpath","value":"//*[contains(@data-kt ,\"ContextMenuId2Link\")][contains(text(), \"Contract Overview\")]"}
COMMAND: POST /session/1ab6045712b508067b9d9e1a4add95fa/execute/sync - {"script":"<script> [8489 bytes]","args":[{"element-6066-11e4-a52e-4f735466cecf":"f.F3E041632107C0123BDAF370CBA4DD43.d.AEFDD28EEAFBD84261E34B10A3D0F1E5.e.6577","ELEMENT":"f.F3E041632107C0123BDAF370CBA4DD43.d.AEFDD28EEAFBD84261E34B10A3D0F1E5.e.6577"}]}
COMMAND: POST /session/1ab6045712b508067b9d9e1a4add95fa/element - {"using":"xpath","value":"//*[contains(@data-kt ,\"ContextMenuId2Link\")][contains(text(), \"Contract Overview\")]"}
RESULT: {"script":"<script> [8489 bytes]","args":[{"element-6066-11e4-a52e-4f735466cecf":"f.F3E041632107C0123BDAF370CBA4DD43.d.AEFDD28EEAFBD84261E34B10A3D0F1E5.e.6577","ELEMENT":"f.F3E041632107C0123BDAF370CBA4DD43.d.AEFDD28EEAFBD84261E34B10A3D0F1E5.e.6577"}]}
RESULT: {"using":"xpath","value":"//*[contains(@data-kt ,\"ContextMenuId2Link\")][contains(text(), \"Contract Overview\")]"}
COMMAND: POST /session/1ab6045712b508067b9d9e1a4add95fa/element/f.F3E041632107C0123BDAF370CBA4DD43.d.AEFDD28EEAFBD84261E34B10A3D0F1E5.e.6577/click - {}
COMMAND: GET /session/1ab6045712b508067b9d9e1a4add95fa/screenshot - {}
RESULT: {}
COMMAND: GET /session/1ab6045712b508067b9d9e1a4add95fa/screenshot - {}
RESULT: {}
RESULT: {}
RESULT: undefined
COMMAND: POST /session/1ab6045712b508067b9d9e1a4add95fa/execute/async - {"script":"<script> [6424 bytes]","args":[{"element-6066-11e4-a52e-4f735466cecf":"f.F3E041632107C0123BDAF370CBA4DD43.d.AEFDD28EEAFBD84261E34B10A3D0F1E5.e.3188"},"getTitle",[]]}
COMMAND: POST /session/1ab6045712b508067b9d9e1a4add95fa/execute/async - {"script":"<script> [1562 bytes]","args":[{"selector":{"id":"shellAppTitle"},"wdio_ui5_key":"shellAppTitle"}]}
RESULT: {"script":"<script> [1562 bytes]","args":[{"selector":{"id":"shellAppTitle"},"wdio_ui5_key":"shellAppTitle"}]}
COMMAND: POST /session/1ab6045712b508067b9d9e1a4add95fa/execute/async - {"script":"<script> [6424 bytes]","args":[{"element-6066-11e4-a52e-4f735466cecf":"f.F3E041632107C0123BDAF370CBA4DD43.d.AEFDD28EEAFBD84261E34B10A3D0F1E5.e.6816"},"getTitle",[]]}
RESULT: {"script":"<script> [6424 bytes]","args":[{"element-6066-11e4-a52e-4f735466cecf":"f.F3E041632107C0123BDAF370CBA4DD43.d.AEFDD28EEAFBD84261E34B10A3D0F1E5.e.6816"},"getTitle",[]]}
COMMAND: POST /session/1ab6045712b508067b9d9e1a4add95fa/element - {"using":"xpath","value":"//span[contains(@id ,\"contractDetailTitleNoExpanded\")][contains(text(), \"10352\")]"}
RESULT: {"using":"xpath","value":"//span[contains(@id ,\"contractDetailTitleNoExpanded\")][contains(text(), \"10352\")]"}
COMMAND: POST /session/1ab6045712b508067b9d9e1a4add95fa/execute/sync - {"script":"<script> [8489 bytes]","args":[{"element-6066-11e4-a52e-4f735466cecf":"f.F3E041632107C0123BDAF370CBA4DD43.d.AEFDD28EEAFBD84261E34B10A3D0F1E5.e.6817","ELEMENT":"f.F3E041632107C0123BDAF370CBA4DD43.d.AEFDD28EEAFBD84261E34B10A3D0F1E5.e.6817"}]}
RESULT: undefined
COMMAND: POST /session/1ab6045712b508067b9d9e1a4add95fa/element - {"using":"xpath","value":"//*[@id=\"backBtn\"]"}
RESULT: {"script":"<script> [8489 bytes]","args":[{"element-6066-11e4-a52e-4f735466cecf":"f.F3E041632107C0123BDAF370CBA4DD43.d.AEFDD28EEAFBD84261E34B10A3D0F1E5.e.6817","ELEMENT":"f.F3E041632107C0123BDAF370CBA4DD43.d.AEFDD28EEAFBD84261E34B10A3D0F1E5.e.6817"}]}
RESULT: {"using":"xpath","value":"//*[@id=\"backBtn\"]"}
COMMAND: POST /session/1ab6045712b508067b9d9e1a4add95fa/element/f.F3E041632107C0123BDAF370CBA4DD43.d.AEFDD28EEAFBD84261E34B10A3D0F1E5.e.3190/click - {}
COMMAND: GET /session/1ab6045712b508067b9d9e1a4add95fa/screenshot - {}
RESULT: {}
COMMAND: GET /session/1ab6045712b508067b9d9e1a4add95fa/screenshot - {}
RESULT: {}
RESULT: {}
COMMAND: POST /session/1ab6045712b508067b9d9e1a4add95fa/execute/sync - {"script":"<script> [8489 bytes]","args":[{"element-6066-11e4-a52e-4f735466cecf":"f.F3E041632107C0123BDAF370CBA4DD43.d.AEFDD28EEAFBD84261E34B10A3D0F1E5.e.6575","ELEMENT":"f.F3E041632107C0123BDAF370CBA4DD43.d.AEFDD28EEAFBD84261E34B10A3D0F1E5.e.6575"}]}
COMMAND: POST /session/1ab6045712b508067b9d9e1a4add95fa/element - {"using":"xpath","value":"//*[contains(@data-kt ,\"webshopDetailContractLink\")]"}
RESULT: {"using":"xpath","value":"//*[contains(@data-kt ,\"webshopDetailContractLink\")]"}
COMMAND: POST /session/1ab6045712b508067b9d9e1a4add95fa/execute/sync - {"script":"<script> [8489 bytes]","args":[{"element-6066-11e4-a52e-4f735466cecf":"f.F3E041632107C0123BDAF370CBA4DD43.d.AEFDD28EEAFBD84261E34B10A3D0F1E5.e.6969","ELEMENT":"f.F3E041632107C0123BDAF370CBA4DD43.d.AEFDD28EEAFBD84261E34B10A3D0F1E5.e.6969"}]}
RESULT: {"script":"<script> [8489 bytes]","args":[{"element-6066-11e4-a52e-4f735466cecf":"f.F3E041632107C0123BDAF370CBA4DD43.d.AEFDD28EEAFBD84261E34B10A3D0F1E5.e.6969","ELEMENT":"f.F3E041632107C0123BDAF370CBA4DD43.d.AEFDD28EEAFBD84261E34B10A3D0F1E5.e.6969"}]}
COMMAND: POST /session/1ab6045712b508067b9d9e1a4add95fa/execute/sync - {"script":"<script> [5351 bytes]","args":[{"element-6066-11e4-a52e-4f735466cecf":"f.F3E041632107C0123BDAF370CBA4DD43.d.AEFDD28EEAFBD84261E34B10A3D0F1E5.e.6969","ELEMENT":"f.F3E041632107C0123BDAF370CBA4DD43.d.AEFDD28EEAFBD84261E34B10A3D0F1E5.e.6969"}]}
COMMAND: GET /session/1ab6045712b508067b9d9e1a4add95fa/screenshot - {}
RESULT: {"script":"<script> [5351 bytes]","args":[{"element-6066-11e4-a52e-4f735466cecf":"f.F3E041632107C0123BDAF370CBA4DD43.d.AEFDD28EEAFBD84261E34B10A3D0F1E5.e.6969","ELEMENT":"f.F3E041632107C0123BDAF370CBA4DD43.d.AEFDD28EEAFBD84261E34B10A3D0F1E5.e.6969"}]}
COMMAND: POST /session/1ab6045712b508067b9d9e1a4add95fa/element - {"using":"xpath","value":"//*[contains(@data-kt ,\"webshopDetailContractLink\")]"}
COMMAND: GET /session/1ab6045712b508067b9d9e1a4add95fa/screenshot - {}
RESULT: {}
RESULT: {"using":"xpath","value":"//*[contains(@data-kt ,\"webshopDetailContractLink\")]"}
COMMAND: POST /session/1ab6045712b508067b9d9e1a4add95fa/element/f.F3E041632107C0123BDAF370CBA4DD43.d.AEFDD28EEAFBD84261E34B10A3D0F1E5.e.6969/click - {}
RESULT: {}
RESULT: {}
COMMAND: GET /session/1ab6045712b508067b9d9e1a4add95fa/screenshot - {}
RESULT: {}
COMMAND: POST /session/1ab6045712b508067b9d9e1a4add95fa/element - {"using":"xpath","value":"//button[contains(@data-kt ,\"ContextMenuExternalId2Link\")]"}
RESULT: {"using":"xpath","value":"//button[contains(@data-kt ,\"ContextMenuExternalId2Link\")]"}
COMMAND: POST /session/1ab6045712b508067b9d9e1a4add95fa/element/f.F3E041632107C0123BDAF370CBA4DD43.d.AEFDD28EEAFBD84261E34B10A3D0F1E5.e.6970/click - {}
RESULT: {}
COMMAND: GET /session/1ab6045712b508067b9d9e1a4add95fa/screenshot - {}
RESULT: {}
COMMAND: GET /session/1ab6045712b508067b9d9e1a4add95fa/window/handles - {}
RESULT: {}
COMMAND: POST /session/1ab6045712b508067b9d9e1a4add95fa/window - {"handle":"1FA32A7B4DB53BD87D884E9ECB588CA0"}
RESULT: {"handle":"1FA32A7B4DB53BD87D884E9ECB588CA0"}
COMMAND: GET /session/1ab6045712b508067b9d9e1a4add95fa/url - {}
RESULT: {}
COMMAND: GET /session/1ab6045712b508067b9d9e1a4add95fa/screenshot - {}
RESULT: {}
COMMAND: POST /session/1ab6045712b508067b9d9e1a4add95fa/execute/sync - {"script":"<script> [8489 bytes]","args":[{"element-6066-11e4-a52e-4f735466cecf":"f.F3E041632107C0123BDAF370CBA4DD43.d.AEFDD28EEAFBD84261E34B10A3D0F1E5.e.6817","ELEMENT":"f.F3E041632107C0123BDAF370CBA4DD43.d.AEFDD28EEAFBD84261E34B10A3D0F1E5.e.6817"}]}
COMMAND: DELETE /session/1ab6045712b508067b9d9e1a4add95fa/window - {}
RESULT: {}
COMMAND: POST /session/1ab6045712b508067b9d9e1a4add95fa/window - {"handle":"F3E041632107C0123BDAF370CBA4DD43"}
RESULT: {"handle":"F3E041632107C0123BDAF370CBA4DD43"}
COMMAND: GET /session/1ab6045712b508067b9d9e1a4add95fa/url - {}
COMMAND: POST /session/1ab6045712b508067b9d9e1a4add95fa/element - {"using":"xpath","value":"//span[contains(@id ,\"contractDetailTitleNoExpanded\")][contains(text(), \"10352\")]"}
RESULT: {}
COMMAND: GET /session/1ab6045712b508067b9d9e1a4add95fa/screenshot - {}
RESULT: {"using":"xpath","value":"//span[contains(@id ,\"contractDetailTitleNoExpanded\")][contains(text(), \"10352\")]"}
COMMAND: POST /session/1ab6045712b508067b9d9e1a4add95fa/element - {"using":"xpath","value":"//span[contains(@id ,\"contractDetailTitleNoExpanded\")][contains(text(), \"10352\")]"}
RESULT: {}
RESULT: {"using":"xpath","value":"//span[contains(@id ,\"contractDetailTitleNoExpanded\")][contains(text(), \"10352\")]"}
COMMAND: POST /session/1ab6045712b508067b9d9e1a4add95fa/element - {"using":"xpath","value":"//span[contains(@id ,\"contractDetailTitleNoExpanded\")][contains(text(), \"10352\")]"}
RESULT: {"using":"xpath","value":"//span[contains(@id ,\"contractDetailTitleNoExpanded\")][contains(text(), \"10352\")]"}
COMMAND: POST /session/1ab6045712b508067b9d9e1a4add95fa/element - {"using":"xpath","value":"//span[contains(@id ,\"contractDetailTitleNoExpanded\")][contains(text(), \"10352\")]"}
RESULT: {"using":"xpath","value":"//span[contains(@id ,\"contractDetailTitleNoExpanded\")][contains(text(), \"10352\")]"}
COMMAND: POST /session/1ab6045712b508067b9d9e1a4add95fa/element - {"using":"xpath","value":"//span[contains(@id ,\"contractDetailTitleNoExpanded\")][contains(text(), \"10352\")]"}
RESULT: {"using":"xpath","value":"//span[contains(@id ,\"contractDetailTitleNoExpanded\")][contains(text(), \"10352\")]"}
COMMAND: POST /session/1ab6045712b508067b9d9e1a4add95fa/element - {"using":"xpath","value":"//span[contains(@id ,\"contractDetailTitleNoExpanded\")][contains(text(), \"10352\")]"}
RESULT: {"using":"xpath","value":"//span[contains(@id ,\"contractDetailTitleNoExpanded\")][contains(text(), \"10352\")]"}
COMMAND: POST /session/1ab6045712b508067b9d9e1a4add95fa/element - {"using":"xpath","value":"//span[contains(@id ,\"contractDetailTitleNoExpanded\")][contains(text(), \"10352\")]"}
RESULT: {"using":"xpath","value":"//span[contains(@id ,\"contractDetailTitleNoExpanded\")][contains(text(), \"10352\")]"}
COMMAND: POST /session/1ab6045712b508067b9d9e1a4add95fa/element - {"using":"xpath","value":"//span[contains(@id ,\"contractDetailTitleNoExpanded\")][contains(text(), \"10352\")]"}
RESULT: {"using":"xpath","value":"//span[contains(@id ,\"contractDetailTitleNoExpanded\")][contains(text(), \"10352\")]"}
COMMAND: POST /session/1ab6045712b508067b9d9e1a4add95fa/element - {"using":"xpath","value":"//span[contains(@id ,\"contractDetailTitleNoExpanded\")][contains(text(), \"10352\")]"}
RESULT: {"using":"xpath","value":"//span[contains(@id ,\"contractDetailTitleNoExpanded\")][contains(text(), \"10352\")]"}
COMMAND: POST /session/1ab6045712b508067b9d9e1a4add95fa/element - {"using":"xpath","value":"//*[contains(@data-kt ,\"webshopDetailCatalogItemLink\")]"}
RESULT: {"using":"xpath","value":"//*[contains(@data-kt ,\"webshopDetailCatalogItemLink\")]"}
COMMAND: POST /session/1ab6045712b508067b9d9e1a4add95fa/execute/sync - {"script":"<script> [8489 bytes]","args":[{"element-6066-11e4-a52e-4f735466cecf":"f.F3E041632107C0123BDAF370CBA4DD43.d.AEFDD28EEAFBD84261E34B10A3D0F1E5.e.6976","ELEMENT":"f.F3E041632107C0123BDAF370CBA4DD43.d.AEFDD28EEAFBD84261E34B10A3D0F1E5.e.6976"}]}
RESULT: {"script":"<script> [8489 bytes]","args":[{"element-6066-11e4-a52e-4f735466cecf":"f.F3E041632107C0123BDAF370CBA4DD43.d.AEFDD28EEAFBD84261E34B10A3D0F1E5.e.6976","ELEMENT":"f.F3E041632107C0123BDAF370CBA4DD43.d.AEFDD28EEAFBD84261E34B10A3D0F1E5.e.6976"}]}
COMMAND: POST /session/1ab6045712b508067b9d9e1a4add95fa/execute/sync - {"script":"<script> [5351 bytes]","args":[{"element-6066-11e4-a52e-4f735466cecf":"f.F3E041632107C0123BDAF370CBA4DD43.d.AEFDD28EEAFBD84261E34B10A3D0F1E5.e.6976","ELEMENT":"f.F3E041632107C0123BDAF370CBA4DD43.d.AEFDD28EEAFBD84261E34B10A3D0F1E5.e.6976"}]}
COMMAND: POST /session/1ab6045712b508067b9d9e1a4add95fa/element - {"using":"xpath","value":"//span[contains(@id ,\"contractDetailTitleNoExpanded\")][contains(text(), \"10352\")]"}
COMMAND: GET /session/1ab6045712b508067b9d9e1a4add95fa/screenshot - {}
RESULT: {"using":"xpath","value":"//span[contains(@id ,\"contractDetailTitleNoExpanded\")][contains(text(), \"10352\")]"}
RESULT: {"script":"<script> [5351 bytes]","args":[{"element-6066-11e4-a52e-4f735466cecf":"f.F3E041632107C0123BDAF370CBA4DD43.d.AEFDD28EEAFBD84261E34B10A3D0F1E5.e.6976","ELEMENT":"f.F3E041632107C0123BDAF370CBA4DD43.d.AEFDD28EEAFBD84261E34B10A3D0F1E5.e.6976"}]}
COMMAND: POST /session/1ab6045712b508067b9d9e1a4add95fa/element - {"using":"xpath","value":"//*[contains(@data-kt ,\"webshopDetailCatalogItemLink\")]"}
COMMAND: GET /session/1ab6045712b508067b9d9e1a4add95fa/screenshot - {}
RESULT: {}
RESULT: {"using":"xpath","value":"//*[contains(@data-kt ,\"webshopDetailCatalogItemLink\")]"}
COMMAND: POST /session/1ab6045712b508067b9d9e1a4add95fa/element/f.F3E041632107C0123BDAF370CBA4DD43.d.AEFDD28EEAFBD84261E34B10A3D0F1E5.e.6976/click - {}
RESULT: {}
COMMAND: POST /session/1ab6045712b508067b9d9e1a4add95fa/element - {"using":"xpath","value":"//span[contains(@id ,\"contractDetailTitleNoExpanded\")][contains(text(), \"10352\")]"}
RESULT: {}
RESULT: {"using":"xpath","value":"//span[contains(@id ,\"contractDetailTitleNoExpanded\")][contains(text(), \"10352\")]"}
COMMAND: GET /session/1ab6045712b508067b9d9e1a4add95fa/screenshot - {}
RESULT: {}
COMMAND: POST /session/1ab6045712b508067b9d9e1a4add95fa/element - {"using":"xpath","value":"//span[contains(@id ,\"contractDetailTitleNoExpanded\")][contains(text(), \"10352\")]"}
RESULT: {"using":"xpath","value":"//span[contains(@id ,\"contractDetailTitleNoExpanded\")][contains(text(), \"10352\")]"}
COMMAND: POST /session/1ab6045712b508067b9d9e1a4add95fa/element - {"using":"xpath","value":"//span[contains(@id ,\"contractDetailTitleNoExpanded\")][contains(text(), \"10352\")]"}
RESULT: {"using":"xpath","value":"//span[contains(@id ,\"contractDetailTitleNoExpanded\")][contains(text(), \"10352\")]"}
COMMAND: POST /session/1ab6045712b508067b9d9e1a4add95fa/element - {"using":"xpath","value":"//span[contains(@id ,\"contractDetailTitleNoExpanded\")][contains(text(), \"10352\")]"}
RESULT: {"using":"xpath","value":"//span[contains(@id ,\"contractDetailTitleNoExpanded\")][contains(text(), \"10352\")]"}
COMMAND: POST /session/1ab6045712b508067b9d9e1a4add95fa/element - {"using":"xpath","value":"//span[contains(@id ,\"contractDetailTitleNoExpanded\")][contains(text(), \"10352\")]"}
RESULT: {"using":"xpath","value":"//span[contains(@id ,\"contractDetailTitleNoExpanded\")][contains(text(), \"10352\")]"}
COMMAND: POST /session/1ab6045712b508067b9d9e1a4add95fa/element - {"using":"xpath","value":"//span[contains(@id ,\"contractDetailTitleNoExpanded\")][contains(text(), \"10352\")]"}
RESULT: {"using":"xpath","value":"//span[contains(@id ,\"contractDetailTitleNoExpanded\")][contains(text(), \"10352\")]"}
COMMAND: POST /session/1ab6045712b508067b9d9e1a4add95fa/element - {"using":"xpath","value":"//span[contains(@id ,\"contractDetailTitleNoExpanded\")][contains(text(), \"10352\")]"}
RESULT: {"using":"xpath","value":"//span[contains(@id ,\"contractDetailTitleNoExpanded\")][contains(text(), \"10352\")]"}
COMMAND: POST /session/1ab6045712b508067b9d9e1a4add95fa/element - {"using":"xpath","value":"//span[contains(@id ,\"contractDetailTitleNoExpanded\")][contains(text(), \"10352\")]"}
RESULT: {"using":"xpath","value":"//span[contains(@id ,\"contractDetailTitleNoExpanded\")][contains(text(), \"10352\")]"}
COMMAND: POST /session/1ab6045712b508067b9d9e1a4add95fa/element - {"using":"xpath","value":"(//span[contains(text(), \"Dri-Prime CD150M Diesel Pump\")])[2]"}
RESULT: {"using":"xpath","value":"(//span[contains(text(), \"Dri-Prime CD150M Diesel Pump\")])[2]"}
COMMAND: POST /session/1ab6045712b508067b9d9e1a4add95fa/execute/sync - {"script":"<script> [8489 bytes]","args":[{"element-6066-11e4-a52e-4f735466cecf":"f.F3E041632107C0123BDAF370CBA4DD43.d.AEFDD28EEAFBD84261E34B10A3D0F1E5.e.6980","ELEMENT":"f.F3E041632107C0123BDAF370CBA4DD43.d.AEFDD28EEAFBD84261E34B10A3D0F1E5.e.6980"}]}
COMMAND: POST /session/1ab6045712b508067b9d9e1a4add95fa/element - {"using":"xpath","value":"(//span[contains(text(), \"Description\")])[1]"}
RESULT: {"script":"<script> [8489 bytes]","args":[{"element-6066-11e4-a52e-4f735466cecf":"f.F3E041632107C0123BDAF370CBA4DD43.d.AEFDD28EEAFBD84261E34B10A3D0F1E5.e.6980","ELEMENT":"f.F3E041632107C0123BDAF370CBA4DD43.d.AEFDD28EEAFBD84261E34B10A3D0F1E5.e.6980"}]}
COMMAND: GET /session/1ab6045712b508067b9d9e1a4add95fa/screenshot - {}
RESULT: {"using":"xpath","value":"(//span[contains(text(), \"Description\")])[1]"}
COMMAND: GET /session/1ab6045712b508067b9d9e1a4add95fa/element/f.F3E041632107C0123BDAF370CBA4DD43.d.AEFDD28EEAFBD84261E34B10A3D0F1E5.e.6981/rect - {}
RESULT: {}
RESULT: {}
COMMAND: GET /session/1ab6045712b508067b9d9e1a4add95fa/window/rect - {}
RESULT: {}
COMMAND: POST /session/1ab6045712b508067b9d9e1a4add95fa/execute/sync - {"script":"<script> [92 bytes]","args":[]}
RESULT: {"script":"<script> [92 bytes]","args":[]}
COMMAND: POST /session/1ab6045712b508067b9d9e1a4add95fa/actions - {"actions":[{"id":"action10","type":"wheel","parameters":{},"actions":[{"type":"scroll","x":-1833,"y":-23,"deltaX":0,"deltaY":0,"duration":0,"origin":{"element-6066-11e4-a52e-4f735466cecf":"f.F3E041632107C0123BDAF370CBA4DD43.d.AEFDD28EEAFBD84261E34B10A3D0F1E5.e.6981"}}]}]}
COMMAND: GET /session/1ab6045712b508067b9d9e1a4add95fa/screenshot - {}
COMMAND: POST /session/1ab6045712b508067b9d9e1a4add95fa/element - {"using":"xpath","value":"//span[contains(@id ,\"contractDetailTitleNoExpanded\")][contains(text(), \"10352\")]"}
RESULT: {}
RESULT: {"using":"xpath","value":"//span[contains(@id ,\"contractDetailTitleNoExpanded\")][contains(text(), \"10352\")]"}
COMMAND: POST /session/1ab6045712b508067b9d9e1a4add95fa/execute/sync - {"script":"<script> [79 bytes]","args":[{"element-6066-11e4-a52e-4f735466cecf":"f.F3E041632107C0123BDAF370CBA4DD43.d.AEFDD28EEAFBD84261E34B10A3D0F1E5.e.6981","ELEMENT":"f.F3E041632107C0123BDAF370CBA4DD43.d.AEFDD28EEAFBD84261E34B10A3D0F1E5.e.6981"},{"block":"start","inline":"nearest"}]}
RESULT: {"script":"<script> [79 bytes]","args":[{"element-6066-11e4-a52e-4f735466cecf":"f.F3E041632107C0123BDAF370CBA4DD43.d.AEFDD28EEAFBD84261E34B10A3D0F1E5.e.6981","ELEMENT":"f.F3E041632107C0123BDAF370CBA4DD43.d.AEFDD28EEAFBD84261E34B10A3D0F1E5.e.6981"},{"block":"start","inline":"nearest"}]}
COMMAND: GET /session/1ab6045712b508067b9d9e1a4add95fa/screenshot - {}
RESULT: {}
COMMAND: POST /session/1ab6045712b508067b9d9e1a4add95fa/element - {"using":"xpath","value":"//span[contains(@id ,\"contractDetailTitleNoExpanded\")][contains(text(), \"10352\")]"}
RESULT: {"using":"xpath","value":"//span[contains(@id ,\"contractDetailTitleNoExpanded\")][contains(text(), \"10352\")]"}
COMMAND: POST /session/1ab6045712b508067b9d9e1a4add95fa/element - {"using":"xpath","value":"//span[contains(@id ,\"contractDetailTitleNoExpanded\")][contains(text(), \"10352\")]"}
RESULT: {"using":"xpath","value":"//span[contains(@id ,\"contractDetailTitleNoExpanded\")][contains(text(), \"10352\")]"}
COMMAND: POST /session/1ab6045712b508067b9d9e1a4add95fa/element - {"using":"xpath","value":"//span[contains(@id ,\"contractDetailTitleNoExpanded\")][contains(text(), \"10352\")]"}
RESULT: {"using":"xpath","value":"//span[contains(@id ,\"contractDetailTitleNoExpanded\")][contains(text(), \"10352\")]"}
COMMAND: POST /session/1ab6045712b508067b9d9e1a4add95fa/element - {"using":"xpath","value":"//span[contains(@id ,\"contractDetailTitleNoExpanded\")][contains(text(), \"10352\")]"}
RESULT: {"using":"xpath","value":"//span[contains(@id ,\"contractDetailTitleNoExpanded\")][contains(text(), \"10352\")]"}
COMMAND: POST /session/1ab6045712b508067b9d9e1a4add95fa/element - {"using":"xpath","value":"//span[contains(@id ,\"contractDetailTitleNoExpanded\")][contains(text(), \"10352\")]"}
RESULT: {"using":"xpath","value":"//span[contains(@id ,\"contractDetailTitleNoExpanded\")][contains(text(), \"10352\")]"}
COMMAND: POST /session/1ab6045712b508067b9d9e1a4add95fa/element - {"using":"xpath","value":"(//textarea[@rows=\"15\"])[1]"}
COMMAND: POST /session/1ab6045712b508067b9d9e1a4add95fa/element - {"using":"xpath","value":"//span[contains(@id ,\"contractDetailTitleNoExpanded\")][contains(text(), \"10352\")]"}
RESULT: {"using":"xpath","value":"(//textarea[@rows=\"15\"])[1]"}
COMMAND: POST /session/1ab6045712b508067b9d9e1a4add95fa/execute/sync - {"script":"<script> [8489 bytes]","args":[{"element-6066-11e4-a52e-4f735466cecf":"f.F3E041632107C0123BDAF370CBA4DD43.d.AEFDD28EEAFBD84261E34B10A3D0F1E5.e.6979","ELEMENT":"f.F3E041632107C0123BDAF370CBA4DD43.d.AEFDD28EEAFBD84261E34B10A3D0F1E5.e.6979"}]}
RESULT: {"using":"xpath","value":"//span[contains(@id ,\"contractDetailTitleNoExpanded\")][contains(text(), \"10352\")]"}
RESULT: {"script":"<script> [8489 bytes]","args":[{"element-6066-11e4-a52e-4f735466cecf":"f.F3E041632107C0123BDAF370CBA4DD43.d.AEFDD28EEAFBD84261E34B10A3D0F1E5.e.6979","ELEMENT":"f.F3E041632107C0123BDAF370CBA4DD43.d.AEFDD28EEAFBD84261E34B10A3D0F1E5.e.6979"}]}
COMMAND: GET /session/1ab6045712b508067b9d9e1a4add95fa/screenshot - {}
RESULT: {}
COMMAND: POST /session/1ab6045712b508067b9d9e1a4add95fa/element - {"using":"xpath","value":"//span[contains(@id ,\"contractDetailTitleNoExpanded\")][contains(text(), \"10352\")]"}
RESULT: {"using":"xpath","value":"//span[contains(@id ,\"contractDetailTitleNoExpanded\")][contains(text(), \"10352\")]"}
COMMAND: POST /session/1ab6045712b508067b9d9e1a4add95fa/element - {"using":"xpath","value":"//span[contains(@id ,\"contractDetailTitleNoExpanded\")][contains(text(), \"10352\")]"}
RESULT: {"using":"xpath","value":"//span[contains(@id ,\"contractDetailTitleNoExpanded\")][contains(text(), \"10352\")]"}
COMMAND: POST /session/1ab6045712b508067b9d9e1a4add95fa/element - {"using":"xpath","value":"//span[contains(@id ,\"contractDetailTitleNoExpanded\")][contains(text(), \"10352\")]"}
RESULT: {"using":"xpath","value":"//span[contains(@id ,\"contractDetailTitleNoExpanded\")][contains(text(), \"10352\")]"}
COMMAND: POST /session/1ab6045712b508067b9d9e1a4add95fa/element - {"using":"xpath","value":"//span[contains(@id ,\"contractDetailTitleNoExpanded\")][contains(text(), \"10352\")]"}
RESULT: {"using":"xpath","value":"//span[contains(@id ,\"contractDetailTitleNoExpanded\")][contains(text(), \"10352\")]"}
COMMAND: POST /session/1ab6045712b508067b9d9e1a4add95fa/element - {"using":"xpath","value":"//span[contains(@id ,\"contractDetailTitleNoExpanded\")][contains(text(), \"10352\")]"}
RESULT: {"using":"xpath","value":"//span[contains(@id ,\"contractDetailTitleNoExpanded\")][contains(text(), \"10352\")]"}
COMMAND: POST /session/1ab6045712b508067b9d9e1a4add95fa/element - {"using":"xpath","value":"//span[contains(@id ,\"contractDetailTitleNoExpanded\")][contains(text(), \"10352\")]"}
RESULT: {"using":"xpath","value":"//span[contains(@id ,\"contractDetailTitleNoExpanded\")][contains(text(), \"10352\")]"}
COMMAND: POST /session/1ab6045712b508067b9d9e1a4add95fa/element - {"using":"xpath","value":"//span[contains(@id ,\"contractDetailTitleNoExpanded\")][contains(text(), \"10352\")]"}
RESULT: {"using":"xpath","value":"//span[contains(@id ,\"contractDetailTitleNoExpanded\")][contains(text(), \"10352\")]"}
COMMAND: POST /session/1ab6045712b508067b9d9e1a4add95fa/execute/async - {"script":"<script> [1562 bytes]","args":[{"selector":{"controlType":"sap.tnt.NavigationListItem","viewName":"etm.portal.ui.webshop.view.RequestDetail","i18NText":{"propertyName":"text","key":"exit"},"interaction":{"idSuffix":"a"}},"wdio_ui5_key":"etmportal.ui.webshop.view.RequestDetailsap.tnt.NavigationListItem{\"propertyName\":\"text\",\"key\":\"exit\"}"}]}
COMMAND: POST /session/1ab6045712b508067b9d9e1a4add95fa/element - {"using":"xpath","value":"//span[contains(@id ,\"contractDetailTitleNoExpanded\")][contains(text(), \"10352\")]"}
RESULT: {"script":"<script> [1562 bytes]","args":[{"selector":{"controlType":"sap.tnt.NavigationListItem","viewName":"etm.portal.ui.webshop.view.RequestDetail","i18NText":{"propertyName":"text","key":"exit"},"interaction":{"idSuffix":"a"}},"wdio_ui5_key":"etmportal.ui.webshop.view.RequestDetailsap.tnt.NavigationListItem{\"propertyName\":\"text\",\"key\":\"exit\"}"}]}
RESULT: undefined
COMMAND: POST /session/1ab6045712b508067b9d9e1a4add95fa/element - {"using":"xpath","value":"//*[@id=\"__item3331\"]"}
RESULT: {"using":"xpath","value":"//span[contains(@id ,\"contractDetailTitleNoExpanded\")][contains(text(), \"10352\")]"}
RESULT: {"using":"xpath","value":"//*[@id=\"__item3331\"]"}
COMMAND: POST /session/1ab6045712b508067b9d9e1a4add95fa/element/f.F3E041632107C0123BDAF370CBA4DD43.d.AEFDD28EEAFBD84261E34B10A3D0F1E5.e.6987/click - {}
COMMAND: POST /session/1ab6045712b508067b9d9e1a4add95fa/element - {"using":"xpath","value":"//span[contains(@id ,\"contractDetailTitleNoExpanded\")][contains(text(), \"10352\")]"}
RESULT: {}
COMMAND: GET /session/1ab6045712b508067b9d9e1a4add95fa/screenshot - {}
RESULT: {"using":"xpath","value":"//span[contains(@id ,\"contractDetailTitleNoExpanded\")][contains(text(), \"10352\")]"}
RESULT: {}
COMMAND: POST /session/1ab6045712b508067b9d9e1a4add95fa/element - {"using":"xpath","value":"//span[contains(@id ,\"contractDetailTitleNoExpanded\")][contains(text(), \"10352\")]"}
RESULT: {"using":"xpath","value":"//span[contains(@id ,\"contractDetailTitleNoExpanded\")][contains(text(), \"10352\")]"}
COMMAND: POST /session/1ab6045712b508067b9d9e1a4add95fa/element - {"using":"xpath","value":"//span[contains(@id ,\"contractDetailTitleNoExpanded\")][contains(text(), \"10352\")]"}
RESULT: {"using":"xpath","value":"//span[contains(@id ,\"contractDetailTitleNoExpanded\")][contains(text(), \"10352\")]"}
COMMAND: POST /session/1ab6045712b508067b9d9e1a4add95fa/element - {"using":"xpath","value":"//span[contains(@id ,\"contractDetailTitleNoExpanded\")][contains(text(), \"10352\")]"}
RESULT: {"using":"xpath","value":"//span[contains(@id ,\"contractDetailTitleNoExpanded\")][contains(text(), \"10352\")]"}
COMMAND: POST /session/1ab6045712b508067b9d9e1a4add95fa/element - {"using":"xpath","value":"//span[contains(@id ,\"contractDetailTitleNoExpanded\")][contains(text(), \"10352\")]"}
RESULT: {"using":"xpath","value":"//span[contains(@id ,\"contractDetailTitleNoExpanded\")][contains(text(), \"10352\")]"}
COMMAND: POST /session/1ab6045712b508067b9d9e1a4add95fa/element - {"using":"xpath","value":"//span[contains(@id ,\"contractDetailTitleNoExpanded\")][contains(text(), \"10352\")]"}
RESULT: {"using":"xpath","value":"//span[contains(@id ,\"contractDetailTitleNoExpanded\")][contains(text(), \"10352\")]"}
COMMAND: POST /session/1ab6045712b508067b9d9e1a4add95fa/element - {"using":"xpath","value":"//span[contains(@id ,\"contractDetailTitleNoExpanded\")][contains(text(), \"10352\")]"}
RESULT: {"using":"xpath","value":"//span[contains(@id ,\"contractDetailTitleNoExpanded\")][contains(text(), \"10352\")]"}
COMMAND: POST /session/1ab6045712b508067b9d9e1a4add95fa/element - {"using":"xpath","value":"//span[contains(@id ,\"contractDetailTitleNoExpanded\")][contains(text(), \"10352\")]"}
RESULT: {"using":"xpath","value":"//span[contains(@id ,\"contractDetailTitleNoExpanded\")][contains(text(), \"10352\")]"}
COMMAND: POST /session/1ab6045712b508067b9d9e1a4add95fa/element - {"using":"css selector","value":"#shell-header-logo"}
RESULT: {"using":"css selector","value":"#shell-header-logo"}
COMMAND: POST /session/1ab6045712b508067b9d9e1a4add95fa/element/f.F3E041632107C0123BDAF370CBA4DD43.d.AEFDD28EEAFBD84261E34B10A3D0F1E5.e.3190/click - {}
RESULT: {}
COMMAND: GET /session/1ab6045712b508067b9d9e1a4add95fa/screenshot - {}
COMMAND: POST /session/1ab6045712b508067b9d9e1a4add95fa/element - {"using":"xpath","value":"//span[contains(@id ,\"contractDetailTitleNoExpanded\")][contains(text(), \"10352\")]"}
RESULT: {}
RESULT: {"using":"xpath","value":"//span[contains(@id ,\"contractDetailTitleNoExpanded\")][contains(text(), \"10352\")]"}
COMMAND: POST /session/1ab6045712b508067b9d9e1a4add95fa/element - {"using":"xpath","value":"//span[contains(@id ,\"contractDetailTitleNoExpanded\")][contains(text(), \"10352\")]"}
RESULT: {"using":"xpath","value":"//span[contains(@id ,\"contractDetailTitleNoExpanded\")][contains(text(), \"10352\")]"}
COMMAND: POST /session/1ab6045712b508067b9d9e1a4add95fa/element - {"using":"xpath","value":"//span[contains(@id ,\"contractDetailTitleNoExpanded\")][contains(text(), \"10352\")]"}
RESULT: {"using":"xpath","value":"//span[contains(@id ,\"contractDetailTitleNoExpanded\")][contains(text(), \"10352\")]"}
COMMAND: POST /session/1ab6045712b508067b9d9e1a4add95fa/element - {"using":"xpath","value":"//span[contains(@id ,\"contractDetailTitleNoExpanded\")][contains(text(), \"10352\")]"}
RESULT: {"using":"xpath","value":"//span[contains(@id ,\"contractDetailTitleNoExpanded\")][contains(text(), \"10352\")]"}
COMMAND: POST /session/1ab6045712b508067b9d9e1a4add95fa/element - {"using":"xpath","value":"//span[contains(@id ,\"contractDetailTitleNoExpanded\")][contains(text(), \"10352\")]"}
RESULT: {"using":"xpath","value":"//span[contains(@id ,\"contractDetailTitleNoExpanded\")][contains(text(), \"10352\")]"}
COMMAND: POST /session/1ab6045712b508067b9d9e1a4add95fa/element - {"using":"xpath","value":"//span[contains(@id ,\"contractDetailTitleNoExpanded\")][contains(text(), \"10352\")]"}
RESULT: {"using":"xpath","value":"//span[contains(@id ,\"contractDetailTitleNoExpanded\")][contains(text(), \"10352\")]"}
]]></system-out>
    </testcase>
  </testsuite>
  <testsuite timestamp="2025-05-18T16:28:38" time="91.396" tests="1" failures="0" errors="0" skipped="0">
    <properties>
      <property name="specId" value="0" />
      <property name="suiteName" value="Add items into the basket without creating a request US151315" />
      <property name="capabilities" value="chrome.136_0_7103_93.windows" />
      <property name="file" value="file:///D:/a/1/s/test/specs/R2C/add-items-into-basket-wo-creating-a-request.spec.js" />
    </properties>
    <testcase classname="chrome.136_0_7103_93.windows.Add_items_into_the_basket_without_creating_a_request_US151315" name="Should verify if a catalog item can be added without creating a request" time="88.143">
      <system-out><![CDATA[
RESULT: undefined
COMMAND: POST /session/1ab6045712b508067b9d9e1a4add95fa/element - {"using":"xpath","value":"//*[@id=\"__tile49\"]"}
RESULT: {"using":"xpath","value":"//*[@id=\"__tile49\"]"}
COMMAND: POST /session/1ab6045712b508067b9d9e1a4add95fa/element/f.F3E041632107C0123BDAF370CBA4DD43.d.AEFDD28EEAFBD84261E34B10A3D0F1E5.e.2921/click - {}
COMMAND: POST /session/1ab6045712b508067b9d9e1a4add95fa/element - {"using":"xpath","value":"//span[contains(@id ,\"contractDetailTitleNoExpanded\")][contains(text(), \"10352\")]"}
RESULT: {}
COMMAND: GET /session/1ab6045712b508067b9d9e1a4add95fa/screenshot - {}
RESULT: {"using":"xpath","value":"//span[contains(@id ,\"contractDetailTitleNoExpanded\")][contains(text(), \"10352\")]"}
RESULT: {}
COMMAND: POST /session/1ab6045712b508067b9d9e1a4add95fa/element - {"using":"xpath","value":"//span[contains(@id ,\"contractDetailTitleNoExpanded\")][contains(text(), \"10352\")]"}
COMMAND: POST /session/1ab6045712b508067b9d9e1a4add95fa/elements - {"using":"xpath","value":"//span[text()='Error']"}
RESULT: {"using":"xpath","value":"//span[contains(@id ,\"contractDetailTitleNoExpanded\")][contains(text(), \"10352\")]"}
RESULT: {"using":"xpath","value":"//span[text()='Error']"}
COMMAND: POST /session/1ab6045712b508067b9d9e1a4add95fa/element - {"using":"css selector","value":"#requestCreationDialog--createRequestPopUp-title-inner"}
RESULT: {"using":"css selector","value":"#requestCreationDialog--createRequestPopUp-title-inner"}
COMMAND: POST /session/1ab6045712b508067b9d9e1a4add95fa/execute/sync - {"script":"<script> [8489 bytes]","args":[{"element-6066-11e4-a52e-4f735466cecf":"f.F3E041632107C0123BDAF370CBA4DD43.d.AEFDD28EEAFBD84261E34B10A3D0F1E5.e.7035","ELEMENT":"f.F3E041632107C0123BDAF370CBA4DD43.d.AEFDD28EEAFBD84261E34B10A3D0F1E5.e.7035"}]}
RESULT: {"script":"<script> [8489 bytes]","args":[{"element-6066-11e4-a52e-4f735466cecf":"f.F3E041632107C0123BDAF370CBA4DD43.d.AEFDD28EEAFBD84261E34B10A3D0F1E5.e.7035","ELEMENT":"f.F3E041632107C0123BDAF370CBA4DD43.d.AEFDD28EEAFBD84261E34B10A3D0F1E5.e.7035"}]}
COMMAND: GET /session/1ab6045712b508067b9d9e1a4add95fa/element/f.F3E041632107C0123BDAF370CBA4DD43.d.AEFDD28EEAFBD84261E34B10A3D0F1E5.e.7035/enabled - {}
COMMAND: GET /session/1ab6045712b508067b9d9e1a4add95fa/screenshot - {}
RESULT: {}
COMMAND: POST /session/1ab6045712b508067b9d9e1a4add95fa/element - {"using":"xpath","value":"//span[contains(@id ,\"requestCreationDialog--cancelButton-content\")]"}
COMMAND: GET /session/1ab6045712b508067b9d9e1a4add95fa/screenshot - {}
RESULT: {}
RESULT: {"using":"xpath","value":"//span[contains(@id ,\"requestCreationDialog--cancelButton-content\")]"}
COMMAND: POST /session/1ab6045712b508067b9d9e1a4add95fa/element/f.F3E041632107C0123BDAF370CBA4DD43.d.AEFDD28EEAFBD84261E34B10A3D0F1E5.e.7036/click - {}
RESULT: {}
RESULT: {}
COMMAND: GET /session/1ab6045712b508067b9d9e1a4add95fa/screenshot - {}
RESULT: {}
COMMAND: POST /session/1ab6045712b508067b9d9e1a4add95fa/element - {"using":"xpath","value":"//input[contains(@id ,\"searchFiledId-I\")]"}
RESULT: {"using":"xpath","value":"//input[contains(@id ,\"searchFiledId-I\")]"}
COMMAND: POST /session/1ab6045712b508067b9d9e1a4add95fa/element/f.F3E041632107C0123BDAF370CBA4DD43.d.AEFDD28EEAFBD84261E34B10A3D0F1E5.e.6990/value - {"text":"Dri-Prime CD150M Diesel Pump"}
RESULT: {"text":"Dri-Prime CD150M Diesel Pump"}
COMMAND: POST /session/1ab6045712b508067b9d9e1a4add95fa/actions - {"actions":[{"id":"action11","type":"key","parameters":{},"actions":[{"type":"keyDown","value":"î€‡"},{"type":"pause","duration":10},{"type":"keyUp","value":"î€‡"}]}]}
COMMAND: GET /session/1ab6045712b508067b9d9e1a4add95fa/screenshot - {}
RESULT: {"actions":[{"id":"action11","type":"key","parameters":{},"actions":[{"type":"keyDown","value":"î€‡"},{"type":"pause","duration":10},{"type":"keyUp","value":"î€‡"}]}]}
COMMAND: GET /session/1ab6045712b508067b9d9e1a4add95fa/screenshot - {}
RESULT: {}
RESULT: {}
COMMAND: POST /session/1ab6045712b508067b9d9e1a4add95fa/element - {"using":"xpath","value":"//span[contains(@id ,\"subTitle\")][contains(text(), \"Dri-Prime CD150M Diesel Pump\")]"}
RESULT: {"using":"xpath","value":"//span[contains(@id ,\"subTitle\")][contains(text(), \"Dri-Prime CD150M Diesel Pump\")]"}
COMMAND: POST /session/1ab6045712b508067b9d9e1a4add95fa/element/f.F3E041632107C0123BDAF370CBA4DD43.d.AEFDD28EEAFBD84261E34B10A3D0F1E5.e.7043/click - {}
RESULT: {}
COMMAND: GET /session/1ab6045712b508067b9d9e1a4add95fa/screenshot - {}
RESULT: {}
COMMAND: POST /session/1ab6045712b508067b9d9e1a4add95fa/element - {"using":"xpath","value":"//bdi[contains(text(), \"Add to Request\")]"}
RESULT: {"using":"xpath","value":"//bdi[contains(text(), \"Add to Request\")]"}
COMMAND: POST /session/1ab6045712b508067b9d9e1a4add95fa/element/f.F3E041632107C0123BDAF370CBA4DD43.d.AEFDD28EEAFBD84261E34B10A3D0F1E5.e.7055/click - {}
RESULT: {}
COMMAND: POST /session/1ab6045712b508067b9d9e1a4add95fa/element - {"using":"xpath","value":"//div[contains(@class ,\"sapMMessageToast sapUiSelectable sapContrast sapContrastPlus sapUiUserSelectable\")]"}
COMMAND: GET /session/1ab6045712b508067b9d9e1a4add95fa/screenshot - {}
RESULT: {"using":"xpath","value":"//div[contains(@class ,\"sapMMessageToast sapUiSelectable sapContrast sapContrastPlus sapUiUserSelectable\")]"}
COMMAND: POST /session/1ab6045712b508067b9d9e1a4add95fa/execute/sync - {"script":"<script> [8489 bytes]","args":[{"element-6066-11e4-a52e-4f735466cecf":"f.F3E041632107C0123BDAF370CBA4DD43.d.AEFDD28EEAFBD84261E34B10A3D0F1E5.e.7059","ELEMENT":"f.F3E041632107C0123BDAF370CBA4DD43.d.AEFDD28EEAFBD84261E34B10A3D0F1E5.e.7059"}]}
RESULT: {}
RESULT: {"script":"<script> [8489 bytes]","args":[{"element-6066-11e4-a52e-4f735466cecf":"f.F3E041632107C0123BDAF370CBA4DD43.d.AEFDD28EEAFBD84261E34B10A3D0F1E5.e.7059","ELEMENT":"f.F3E041632107C0123BDAF370CBA4DD43.d.AEFDD28EEAFBD84261E34B10A3D0F1E5.e.7059"}]}
COMMAND: GET /session/1ab6045712b508067b9d9e1a4add95fa/element/f.F3E041632107C0123BDAF370CBA4DD43.d.AEFDD28EEAFBD84261E34B10A3D0F1E5.e.7059/text - {}
COMMAND: GET /session/1ab6045712b508067b9d9e1a4add95fa/screenshot - {}
RESULT: {}
RESULT: {}
COMMAND: POST /session/1ab6045712b508067b9d9e1a4add95fa/element - {"using":"xpath","value":"//bdi[contains(@id ,\"activeCartId-BDI-content\")]"}
RESULT: {"using":"xpath","value":"//bdi[contains(@id ,\"activeCartId-BDI-content\")]"}
COMMAND: GET /session/1ab6045712b508067b9d9e1a4add95fa/element/f.F3E041632107C0123BDAF370CBA4DD43.d.AEFDD28EEAFBD84261E34B10A3D0F1E5.e.7060/text - {}
RESULT: {}
COMMAND: POST /session/1ab6045712b508067b9d9e1a4add95fa/element - {"using":"xpath","value":"//li[@title=\"Exit\"]"}
RESULT: {"using":"xpath","value":"//li[@title=\"Exit\"]"}
COMMAND: POST /session/1ab6045712b508067b9d9e1a4add95fa/element/f.F3E041632107C0123BDAF370CBA4DD43.d.AEFDD28EEAFBD84261E34B10A3D0F1E5.e.7061/click - {}
RESULT: {}
COMMAND: GET /session/1ab6045712b508067b9d9e1a4add95fa/screenshot - {}
RESULT: {}
COMMAND: POST /session/1ab6045712b508067b9d9e1a4add95fa/element - {"using":"css selector","value":"#shell-header-logo"}
RESULT: {"using":"css selector","value":"#shell-header-logo"}
COMMAND: POST /session/1ab6045712b508067b9d9e1a4add95fa/element/f.F3E041632107C0123BDAF370CBA4DD43.d.AEFDD28EEAFBD84261E34B10A3D0F1E5.e.7071/click - {}
RESULT: {}
COMMAND: GET /session/1ab6045712b508067b9d9e1a4add95fa/screenshot - {}
RESULT: {}
]]></system-out>
    </testcase>
  </testsuite>
  <testsuite timestamp="2025-05-18T16:30:09" time="163.521" tests="1" failures="0" errors="0" skipped="0">
    <properties>
      <property name="specId" value="0" />
      <property name="suiteName" value=" Webshop - Request management - Verifying the Master List - Filtering /Sorting - Deleting - Creating US151314" />
      <property name="capabilities" value="chrome.136_0_7103_93.windows" />
      <property name="file" value="file:///D:/a/1/s/test/specs/R2C/webshop-request-management-verify-master-list.spec.js" />
    </properties>
    <testcase classname="chrome.136_0_7103_93.windows._Webshop_-_Request_management_-_Verifying_the_Master_List_-_Filtering_/Sorting_-_Deleting_-_Creating_US151314" name="Should navigate to request management in webshop and verify the filters" time="160.315">
      <system-out><![CDATA[
RESULT: undefined
COMMAND: POST /session/1ab6045712b508067b9d9e1a4add95fa/element - {"using":"xpath","value":"//*[@id=\"__tile49\"]"}
RESULT: {"using":"xpath","value":"//*[@id=\"__tile49\"]"}
COMMAND: POST /session/1ab6045712b508067b9d9e1a4add95fa/element/f.F3E041632107C0123BDAF370CBA4DD43.d.AEFDD28EEAFBD84261E34B10A3D0F1E5.e.2921/click - {}
RESULT: {}
COMMAND: GET /session/1ab6045712b508067b9d9e1a4add95fa/screenshot - {}
COMMAND: POST /session/1ab6045712b508067b9d9e1a4add95fa/elements - {"using":"xpath","value":"//span[text()='Error']"}
RESULT: {}
RESULT: {"using":"xpath","value":"//span[text()='Error']"}
COMMAND: POST /session/1ab6045712b508067b9d9e1a4add95fa/execute/async - {"script":"<script> [1562 bytes]","args":[{"selector":{"id":"requestCreationDialog--cancelButton","searchOpenDialogs":true,"interaction":{"idSuffix":"BDI-content"}},"wdio_ui5_key":"requestCreationDialogcancelButton"}]}
RESULT: {"script":"<script> [1562 bytes]","args":[{"selector":{"id":"requestCreationDialog--cancelButton","searchOpenDialogs":true,"interaction":{"idSuffix":"BDI-content"}},"wdio_ui5_key":"requestCreationDialogcancelButton"}]}
RESULT: undefined
COMMAND: POST /session/1ab6045712b508067b9d9e1a4add95fa/element - {"using":"xpath","value":"//*[@id=\"requestCreationDialog--cancelButton\"]"}
RESULT: {"using":"xpath","value":"//*[@id=\"requestCreationDialog--cancelButton\"]"}
COMMAND: POST /session/1ab6045712b508067b9d9e1a4add95fa/element/f.F3E041632107C0123BDAF370CBA4DD43.d.AEFDD28EEAFBD84261E34B10A3D0F1E5.e.7124/click - {}
RESULT: {}
COMMAND: GET /session/1ab6045712b508067b9d9e1a4add95fa/screenshot - {}
RESULT: {}
COMMAND: POST /session/1ab6045712b508067b9d9e1a4add95fa/execute/async - {"script":"<script> [1562 bytes]","args":[{"selector":{"controlType":"sap.tnt.NavigationListItem","viewName":"etm.portal.ui.webshop.view.Homepage","i18NText":{"propertyName":"text","key":"requestsManagement"},"interaction":{"idSuffix":"a"}},"wdio_ui5_key":"etmportal.ui.webshop.view.Homepagesap.tnt.NavigationListItem{\"propertyName\":\"text\",\"key\":\"requestsManagement\"}"}]}
RESULT: {"script":"<script> [1562 bytes]","args":[{"selector":{"controlType":"sap.tnt.NavigationListItem","viewName":"etm.portal.ui.webshop.view.Homepage","i18NText":{"propertyName":"text","key":"requestsManagement"},"interaction":{"idSuffix":"a"}},"wdio_ui5_key":"etmportal.ui.webshop.view.Homepagesap.tnt.NavigationListItem{\"propertyName\":\"text\",\"key\":\"requestsManagement\"}"}]}
RESULT: undefined
COMMAND: POST /session/1ab6045712b508067b9d9e1a4add95fa/element - {"using":"xpath","value":"//*[@id=\"__item3398\"]"}
RESULT: {"using":"xpath","value":"//*[@id=\"__item3398\"]"}
COMMAND: POST /session/1ab6045712b508067b9d9e1a4add95fa/element/f.F3E041632107C0123BDAF370CBA4DD43.d.AEFDD28EEAFBD84261E34B10A3D0F1E5.e.7126/click - {}
RESULT: {}
COMMAND: GET /session/1ab6045712b508067b9d9e1a4add95fa/screenshot - {}
RESULT: {}
COMMAND: POST /session/1ab6045712b508067b9d9e1a4add95fa/element - {"using":"xpath","value":"//input[contains(@id ,\"smartFilterBar-btnBasicSearch-I\")]"}
RESULT: {"using":"xpath","value":"//input[contains(@id ,\"smartFilterBar-btnBasicSearch-I\")]"}
COMMAND: POST /session/1ab6045712b508067b9d9e1a4add95fa/element/f.F3E041632107C0123BDAF370CBA4DD43.d.AEFDD28EEAFBD84261E34B10A3D0F1E5.e.7131/clear - {}
RESULT: {}
COMMAND: POST /session/1ab6045712b508067b9d9e1a4add95fa/element/f.F3E041632107C0123BDAF370CBA4DD43.d.AEFDD28EEAFBD84261E34B10A3D0F1E5.e.7131/value - {"text":"20001"}
COMMAND: GET /session/1ab6045712b508067b9d9e1a4add95fa/screenshot - {}
RESULT: {"text":"20001"}
COMMAND: GET /session/1ab6045712b508067b9d9e1a4add95fa/screenshot - {}
RESULT: {}
RESULT: {}
COMMAND: POST /session/1ab6045712b508067b9d9e1a4add95fa/actions - {"actions":[{"id":"action12","type":"key","parameters":{},"actions":[{"type":"keyDown","value":"î€‡"},{"type":"pause","duration":10},{"type":"keyUp","value":"î€‡"}]}]}
RESULT: {"actions":[{"id":"action12","type":"key","parameters":{},"actions":[{"type":"keyDown","value":"î€‡"},{"type":"pause","duration":10},{"type":"keyUp","value":"î€‡"}]}]}
COMMAND: GET /session/1ab6045712b508067b9d9e1a4add95fa/screenshot - {}
RESULT: {}
COMMAND: POST /session/1ab6045712b508067b9d9e1a4add95fa/execute/async - {"script":"<script> [1562 bytes]","args":[{"selector":{"controlType":"sap.m.Title","viewName":"etm.portal.ui.webshop.view.RequestMaster","properties":{"text":"Records (1)"}},"wdio_ui5_key":"etmportal.ui.webshop.view.RequestMastersap.m.Title{\"text\":\"Records (1)\"}"}]}
RESULT: {"script":"<script> [1562 bytes]","args":[{"selector":{"controlType":"sap.m.Title","viewName":"etm.portal.ui.webshop.view.RequestMaster","properties":{"text":"Records (1)"}},"wdio_ui5_key":"etmportal.ui.webshop.view.RequestMastersap.m.Title{\"text\":\"Records (1)\"}"}]}
RESULT: undefined
COMMAND: POST /session/1ab6045712b508067b9d9e1a4add95fa/execute/async - {"script":"<script> [6424 bytes]","args":[{"element-6066-11e4-a52e-4f735466cecf":"f.F3E041632107C0123BDAF370CBA4DD43.d.AEFDD28EEAFBD84261E34B10A3D0F1E5.e.7220"},"getText",[]]}
RESULT: {"script":"<script> [6424 bytes]","args":[{"element-6066-11e4-a52e-4f735466cecf":"f.F3E041632107C0123BDAF370CBA4DD43.d.AEFDD28EEAFBD84261E34B10A3D0F1E5.e.7220"},"getText",[]]}
COMMAND: POST /session/1ab6045712b508067b9d9e1a4add95fa/element - {"using":"xpath","value":"//div[contains(@id ,\"smartFilterBar-btnBasicSearch-reset\")]"}
RESULT: {"using":"xpath","value":"//div[contains(@id ,\"smartFilterBar-btnBasicSearch-reset\")]"}
COMMAND: POST /session/1ab6045712b508067b9d9e1a4add95fa/element/f.F3E041632107C0123BDAF370CBA4DD43.d.AEFDD28EEAFBD84261E34B10A3D0F1E5.e.7221/click - {}
RESULT: {}
COMMAND: GET /session/1ab6045712b508067b9d9e1a4add95fa/screenshot - {}
RESULT: {}
COMMAND: POST /session/1ab6045712b508067b9d9e1a4add95fa/element - {"using":"xpath","value":"//input[contains(@id ,\"smartStatusFilter-inner\")]"}
RESULT: {"using":"xpath","value":"//input[contains(@id ,\"smartStatusFilter-inner\")]"}
COMMAND: POST /session/1ab6045712b508067b9d9e1a4add95fa/element/f.F3E041632107C0123BDAF370CBA4DD43.d.AEFDD28EEAFBD84261E34B10A3D0F1E5.e.7136/clear - {}
RESULT: {}
COMMAND: POST /session/1ab6045712b508067b9d9e1a4add95fa/element/f.F3E041632107C0123BDAF370CBA4DD43.d.AEFDD28EEAFBD84261E34B10A3D0F1E5.e.7136/value - {"text":"draft"}
COMMAND: GET /session/1ab6045712b508067b9d9e1a4add95fa/screenshot - {}
RESULT: {"text":"draft"}
COMMAND: GET /session/1ab6045712b508067b9d9e1a4add95fa/screenshot - {}
RESULT: {}
RESULT: {}
COMMAND: POST /session/1ab6045712b508067b9d9e1a4add95fa/actions - {"actions":[{"id":"action13","type":"key","parameters":{},"actions":[{"type":"keyDown","value":"î€‡"},{"type":"pause","duration":10},{"type":"keyUp","value":"î€‡"}]}]}
RESULT: {"actions":[{"id":"action13","type":"key","parameters":{},"actions":[{"type":"keyDown","value":"î€‡"},{"type":"pause","duration":10},{"type":"keyUp","value":"î€‡"}]}]}
COMMAND: GET /session/1ab6045712b508067b9d9e1a4add95fa/screenshot - {}
RESULT: {}
COMMAND: POST /session/1ab6045712b508067b9d9e1a4add95fa/execute/async - {"script":"<script> [1562 bytes]","args":[{"selector":{"controlType":"sap.m.ObjectStatus","viewName":"etm.portal.ui.webshop.view.RequestMaster","bindingPath":{"propertyPath":"STATUS_DESCRIPTION"}},"wdio_ui5_key":"etmportal.ui.webshop.view.RequestMastersap.m.ObjectStatus{\"propertyPath\":\"STATUS_DESCRIPTION\"}"}]}
RESULT: {"script":"<script> [1562 bytes]","args":[{"selector":{"controlType":"sap.m.ObjectStatus","viewName":"etm.portal.ui.webshop.view.RequestMaster","bindingPath":{"propertyPath":"STATUS_DESCRIPTION"}},"wdio_ui5_key":"etmportal.ui.webshop.view.RequestMastersap.m.ObjectStatus{\"propertyPath\":\"STATUS_DESCRIPTION\"}"}]}
RESULT: undefined
COMMAND: POST /session/1ab6045712b508067b9d9e1a4add95fa/execute/async - {"script":"<script> [6424 bytes]","args":[{"element-6066-11e4-a52e-4f735466cecf":"f.F3E041632107C0123BDAF370CBA4DD43.d.AEFDD28EEAFBD84261E34B10A3D0F1E5.e.7262"},"getText",[]]}
RESULT: {"script":"<script> [6424 bytes]","args":[{"element-6066-11e4-a52e-4f735466cecf":"f.F3E041632107C0123BDAF370CBA4DD43.d.AEFDD28EEAFBD84261E34B10A3D0F1E5.e.7262"},"getText",[]]}
COMMAND: POST /session/1ab6045712b508067b9d9e1a4add95fa/element - {"using":"xpath","value":"//span[contains(@title ,\"Remove\")]"}
RESULT: {"using":"xpath","value":"//span[contains(@title ,\"Remove\")]"}
COMMAND: POST /session/1ab6045712b508067b9d9e1a4add95fa/element/f.F3E041632107C0123BDAF370CBA4DD43.d.AEFDD28EEAFBD84261E34B10A3D0F1E5.e.7263/click - {}
RESULT: {}
COMMAND: GET /session/1ab6045712b508067b9d9e1a4add95fa/screenshot - {}
RESULT: {}
COMMAND: POST /session/1ab6045712b508067b9d9e1a4add95fa/element - {"using":"xpath","value":"//input[contains(@id ,\"smartStatusFilter-inner\")]"}
RESULT: {"using":"xpath","value":"//input[contains(@id ,\"smartStatusFilter-inner\")]"}
COMMAND: POST /session/1ab6045712b508067b9d9e1a4add95fa/element/f.F3E041632107C0123BDAF370CBA4DD43.d.AEFDD28EEAFBD84261E34B10A3D0F1E5.e.7136/clear - {}
RESULT: {}
COMMAND: POST /session/1ab6045712b508067b9d9e1a4add95fa/element/f.F3E041632107C0123BDAF370CBA4DD43.d.AEFDD28EEAFBD84261E34B10A3D0F1E5.e.7136/value - {"text":"created"}
COMMAND: GET /session/1ab6045712b508067b9d9e1a4add95fa/screenshot - {}
RESULT: {"text":"created"}
COMMAND: GET /session/1ab6045712b508067b9d9e1a4add95fa/screenshot - {}
RESULT: {}
RESULT: {}
COMMAND: POST /session/1ab6045712b508067b9d9e1a4add95fa/actions - {"actions":[{"id":"action14","type":"key","parameters":{},"actions":[{"type":"keyDown","value":"î€‡"},{"type":"pause","duration":10},{"type":"keyUp","value":"î€‡"}]}]}
RESULT: {"actions":[{"id":"action14","type":"key","parameters":{},"actions":[{"type":"keyDown","value":"î€‡"},{"type":"pause","duration":10},{"type":"keyUp","value":"î€‡"}]}]}
COMMAND: GET /session/1ab6045712b508067b9d9e1a4add95fa/screenshot - {}
RESULT: {}
RESULT: undefined
COMMAND: POST /session/1ab6045712b508067b9d9e1a4add95fa/execute/async - {"script":"<script> [6424 bytes]","args":[{"element-6066-11e4-a52e-4f735466cecf":"f.F3E041632107C0123BDAF370CBA4DD43.d.AEFDD28EEAFBD84261E34B10A3D0F1E5.e.7262"},"getText",[]]}
COMMAND: POST /session/1ab6045712b508067b9d9e1a4add95fa/execute/async - {"script":"<script> [1562 bytes]","args":[{"selector":{"controlType":"sap.m.ObjectStatus","viewName":"etm.portal.ui.webshop.view.RequestMaster","bindingPath":{"propertyPath":"STATUS_DESCRIPTION"}},"wdio_ui5_key":"etmportal.ui.webshop.view.RequestMastersap.m.ObjectStatus{\"propertyPath\":\"STATUS_DESCRIPTION\"}"}]}
RESULT: {"script":"<script> [1562 bytes]","args":[{"selector":{"controlType":"sap.m.ObjectStatus","viewName":"etm.portal.ui.webshop.view.RequestMaster","bindingPath":{"propertyPath":"STATUS_DESCRIPTION"}},"wdio_ui5_key":"etmportal.ui.webshop.view.RequestMastersap.m.ObjectStatus{\"propertyPath\":\"STATUS_DESCRIPTION\"}"}]}
COMMAND: POST /session/1ab6045712b508067b9d9e1a4add95fa/execute/async - {"script":"<script> [6424 bytes]","args":[{"element-6066-11e4-a52e-4f735466cecf":"f.F3E041632107C0123BDAF370CBA4DD43.d.AEFDD28EEAFBD84261E34B10A3D0F1E5.e.7320"},"getText",[]]}
RESULT: {"script":"<script> [6424 bytes]","args":[{"element-6066-11e4-a52e-4f735466cecf":"f.F3E041632107C0123BDAF370CBA4DD43.d.AEFDD28EEAFBD84261E34B10A3D0F1E5.e.7320"},"getText",[]]}
COMMAND: POST /session/1ab6045712b508067b9d9e1a4add95fa/element - {"using":"xpath","value":"//span[contains(@title ,\"Remove\")]"}
RESULT: {"using":"xpath","value":"//span[contains(@title ,\"Remove\")]"}
COMMAND: POST /session/1ab6045712b508067b9d9e1a4add95fa/element/f.F3E041632107C0123BDAF370CBA4DD43.d.AEFDD28EEAFBD84261E34B10A3D0F1E5.e.7321/click - {}
RESULT: {}
COMMAND: GET /session/1ab6045712b508067b9d9e1a4add95fa/screenshot - {}
COMMAND: POST /session/1ab6045712b508067b9d9e1a4add95fa/execute/async - {"script":"<script> [1562 bytes]","args":[{"selector":{"controlType":"sap.m.Button","viewName":"etm.portal.ui.webshop.view.RequestMaster","properties":{"text":"Filters (1)"},"interaction":{"idSuffix":"BDI-content"}},"wdio_ui5_key":"etmportal.ui.webshop.view.RequestMastersap.m.Button{\"text\":\"Filters (1)\"}"}]}
RESULT: {}
RESULT: {"script":"<script> [1562 bytes]","args":[{"selector":{"controlType":"sap.m.Button","viewName":"etm.portal.ui.webshop.view.RequestMaster","properties":{"text":"Filters (1)"},"interaction":{"idSuffix":"BDI-content"}},"wdio_ui5_key":"etmportal.ui.webshop.view.RequestMastersap.m.Button{\"text\":\"Filters (1)\"}"}]}
RESULT: undefined
COMMAND: POST /session/1ab6045712b508067b9d9e1a4add95fa/element - {"using":"xpath","value":"//*[@id=\"__xmlview74--smartFilterBar-btnFilters\"]"}
RESULT: {"using":"xpath","value":"//*[@id=\"__xmlview74--smartFilterBar-btnFilters\"]"}
COMMAND: POST /session/1ab6045712b508067b9d9e1a4add95fa/element/f.F3E041632107C0123BDAF370CBA4DD43.d.AEFDD28EEAFBD84261E34B10A3D0F1E5.e.7158/click - {}
RESULT: {}
COMMAND: GET /session/1ab6045712b508067b9d9e1a4add95fa/screenshot - {}
RESULT: {}
COMMAND: POST /session/1ab6045712b508067b9d9e1a4add95fa/element - {"using":"xpath","value":"//input[contains(@id ,\"searchField-I\")]"}
RESULT: {"using":"xpath","value":"//input[contains(@id ,\"searchField-I\")]"}
COMMAND: POST /session/1ab6045712b508067b9d9e1a4add95fa/element/f.F3E041632107C0123BDAF370CBA4DD43.d.AEFDD28EEAFBD84261E34B10A3D0F1E5.e.7372/clear - {}
RESULT: {}
COMMAND: POST /session/1ab6045712b508067b9d9e1a4add95fa/element/f.F3E041632107C0123BDAF370CBA4DD43.d.AEFDD28EEAFBD84261E34B10A3D0F1E5.e.7372/value - {"text":"tags"}
COMMAND: GET /session/1ab6045712b508067b9d9e1a4add95fa/screenshot - {}
RESULT: {"text":"tags"}
COMMAND: GET /session/1ab6045712b508067b9d9e1a4add95fa/screenshot - {}
RESULT: {}
RESULT: {}
COMMAND: POST /session/1ab6045712b508067b9d9e1a4add95fa/element - {"using":"xpath","value":"(//div[contains(@id ,\"selectMulti\")][@role=\"checkbox\"])[8]"}
RESULT: {"using":"xpath","value":"(//div[contains(@id ,\"selectMulti\")][@role=\"checkbox\"])[8]"}
COMMAND: POST /session/1ab6045712b508067b9d9e1a4add95fa/element/f.F3E041632107C0123BDAF370CBA4DD43.d.AEFDD28EEAFBD84261E34B10A3D0F1E5.e.7393/click - {}
RESULT: {}
COMMAND: GET /session/1ab6045712b508067b9d9e1a4add95fa/screenshot - {}
RESULT: {}
COMMAND: POST /session/1ab6045712b508067b9d9e1a4add95fa/execute/async - {"script":"<script> [1562 bytes]","args":[{"selector":{"controlType":"sap.m.Button","viewName":"etm.portal.ui.webshop.view.RequestMaster","properties":{"text":"OK"},"searchOpenDialogs":true,"interaction":{"idSuffix":"BDI-content"}},"wdio_ui5_key":"etmportal.ui.webshop.view.RequestMastersap.m.Button{\"text\":\"OK\"}"}]}
RESULT: {"script":"<script> [1562 bytes]","args":[{"selector":{"controlType":"sap.m.Button","viewName":"etm.portal.ui.webshop.view.RequestMaster","properties":{"text":"OK"},"searchOpenDialogs":true,"interaction":{"idSuffix":"BDI-content"}},"wdio_ui5_key":"etmportal.ui.webshop.view.RequestMastersap.m.Button{\"text\":\"OK\"}"}]}
RESULT: undefined
COMMAND: POST /session/1ab6045712b508067b9d9e1a4add95fa/element - {"using":"xpath","value":"//*[@id=\"__xmlview74--smartFilterBar-adapt-filters-dialog-confirmBtn\"]"}
RESULT: {"using":"xpath","value":"//*[@id=\"__xmlview74--smartFilterBar-adapt-filters-dialog-confirmBtn\"]"}
COMMAND: POST /session/1ab6045712b508067b9d9e1a4add95fa/element/f.F3E041632107C0123BDAF370CBA4DD43.d.AEFDD28EEAFBD84261E34B10A3D0F1E5.e.7397/click - {}
RESULT: {}
COMMAND: GET /session/1ab6045712b508067b9d9e1a4add95fa/screenshot - {}
RESULT: {}
COMMAND: POST /session/1ab6045712b508067b9d9e1a4add95fa/element - {"using":"xpath","value":"//input[contains(@id ,\"smartFilterBar-filterItemControlA_-ALL_TAGS-inner\")]"}
RESULT: {"using":"xpath","value":"//input[contains(@id ,\"smartFilterBar-filterItemControlA_-ALL_TAGS-inner\")]"}
COMMAND: POST /session/1ab6045712b508067b9d9e1a4add95fa/element/f.F3E041632107C0123BDAF370CBA4DD43.d.AEFDD28EEAFBD84261E34B10A3D0F1E5.e.7405/clear - {}
RESULT: {}
COMMAND: POST /session/1ab6045712b508067b9d9e1a4add95fa/element/f.F3E041632107C0123BDAF370CBA4DD43.d.AEFDD28EEAFBD84261E34B10A3D0F1E5.e.7405/value - {"text":"tag1"}
COMMAND: GET /session/1ab6045712b508067b9d9e1a4add95fa/screenshot - {}
RESULT: {"text":"tag1"}
COMMAND: GET /session/1ab6045712b508067b9d9e1a4add95fa/screenshot - {}
RESULT: {}
RESULT: {}
COMMAND: POST /session/1ab6045712b508067b9d9e1a4add95fa/actions - {"actions":[{"id":"action15","type":"key","parameters":{},"actions":[{"type":"keyDown","value":"î€‡"},{"type":"pause","duration":10},{"type":"keyUp","value":"î€‡"}]}]}
RESULT: {"actions":[{"id":"action15","type":"key","parameters":{},"actions":[{"type":"keyDown","value":"î€‡"},{"type":"pause","duration":10},{"type":"keyUp","value":"î€‡"}]}]}
COMMAND: GET /session/1ab6045712b508067b9d9e1a4add95fa/screenshot - {}
RESULT: {}
RESULT: undefined
COMMAND: POST /session/1ab6045712b508067b9d9e1a4add95fa/execute/async - {"script":"<script> [6424 bytes]","args":[{"element-6066-11e4-a52e-4f735466cecf":"f.F3E041632107C0123BDAF370CBA4DD43.d.AEFDD28EEAFBD84261E34B10A3D0F1E5.e.7220"},"getText",[]]}
RESULT: {"script":"<script> [6424 bytes]","args":[{"element-6066-11e4-a52e-4f735466cecf":"f.F3E041632107C0123BDAF370CBA4DD43.d.AEFDD28EEAFBD84261E34B10A3D0F1E5.e.7220"},"getText",[]]}
COMMAND: POST /session/1ab6045712b508067b9d9e1a4add95fa/execute/async - {"script":"<script> [1562 bytes]","args":[{"selector":{"controlType":"sap.ui.core.Icon","viewName":"etm.portal.ui.webshop.view.RequestMaster","properties":{"src":{"regex":{"source":"action\\-settings"}}}},"wdio_ui5_key":"etmportal.ui.webshop.view.RequestMastersap.ui.core.Icon{\"src\":{\"regex\":{\"source\":\"action\\\\-settings\"}}}"}]}
RESULT: {"script":"<script> [1562 bytes]","args":[{"selector":{"controlType":"sap.ui.core.Icon","viewName":"etm.portal.ui.webshop.view.RequestMaster","properties":{"src":{"regex":{"source":"action\\-settings"}}}},"wdio_ui5_key":"etmportal.ui.webshop.view.RequestMastersap.ui.core.Icon{\"src\":{\"regex\":{\"source\":\"action\\\\-settings\"}}}"}]}
RESULT: undefined
COMMAND: POST /session/1ab6045712b508067b9d9e1a4add95fa/element - {"using":"xpath","value":"//*[@id=\"__xmlview74--smartTable-btnPersonalisation-img\"]"}
RESULT: {"using":"xpath","value":"//*[@id=\"__xmlview74--smartTable-btnPersonalisation-img\"]"}
COMMAND: POST /session/1ab6045712b508067b9d9e1a4add95fa/element/f.F3E041632107C0123BDAF370CBA4DD43.d.AEFDD28EEAFBD84261E34B10A3D0F1E5.e.7181/click - {}
RESULT: {}
COMMAND: GET /session/1ab6045712b508067b9d9e1a4add95fa/screenshot - {}
RESULT: {}
COMMAND: POST /session/1ab6045712b508067b9d9e1a4add95fa/element - {"using":"xpath","value":"//input[contains(@id ,\"searchField-I\")]"}
RESULT: {"using":"xpath","value":"//input[contains(@id ,\"searchField-I\")]"}
COMMAND: POST /session/1ab6045712b508067b9d9e1a4add95fa/element/f.F3E041632107C0123BDAF370CBA4DD43.d.AEFDD28EEAFBD84261E34B10A3D0F1E5.e.7436/clear - {}
RESULT: {}
COMMAND: POST /session/1ab6045712b508067b9d9e1a4add95fa/element/f.F3E041632107C0123BDAF370CBA4DD43.d.AEFDD28EEAFBD84261E34B10A3D0F1E5.e.7436/value - {"text":"tags"}
COMMAND: GET /session/1ab6045712b508067b9d9e1a4add95fa/screenshot - {}
RESULT: {"text":"tags"}
COMMAND: GET /session/1ab6045712b508067b9d9e1a4add95fa/screenshot - {}
RESULT: {}
RESULT: {}
COMMAND: POST /session/1ab6045712b508067b9d9e1a4add95fa/element - {"using":"xpath","value":"(//div[contains(@id ,\"selectMulti\")][@role=\"checkbox\"])[8]"}
RESULT: {"using":"xpath","value":"(//div[contains(@id ,\"selectMulti\")][@role=\"checkbox\"])[8]"}
COMMAND: POST /session/1ab6045712b508067b9d9e1a4add95fa/element/f.F3E041632107C0123BDAF370CBA4DD43.d.AEFDD28EEAFBD84261E34B10A3D0F1E5.e.7502/click - {}
RESULT: {}
COMMAND: GET /session/1ab6045712b508067b9d9e1a4add95fa/screenshot - {}
RESULT: {}
COMMAND: POST /session/1ab6045712b508067b9d9e1a4add95fa/element - {"using":"xpath","value":"//div[contains(@id ,\"searchField-reset\")]"}
RESULT: {"using":"xpath","value":"//div[contains(@id ,\"searchField-reset\")]"}
COMMAND: POST /session/1ab6045712b508067b9d9e1a4add95fa/element - {"using":"xpath","value":"//input[contains(@id ,\"searchField-I\")]"}
RESULT: {"using":"xpath","value":"//input[contains(@id ,\"searchField-I\")]"}
COMMAND: POST /session/1ab6045712b508067b9d9e1a4add95fa/element/f.F3E041632107C0123BDAF370CBA4DD43.d.AEFDD28EEAFBD84261E34B10A3D0F1E5.e.7436/clear - {}
RESULT: {}
COMMAND: POST /session/1ab6045712b508067b9d9e1a4add95fa/element/f.F3E041632107C0123BDAF370CBA4DD43.d.AEFDD28EEAFBD84261E34B10A3D0F1E5.e.7436/value - {"text":"status"}
COMMAND: GET /session/1ab6045712b508067b9d9e1a4add95fa/screenshot - {}
RESULT: {"text":"status"}
COMMAND: GET /session/1ab6045712b508067b9d9e1a4add95fa/screenshot - {}
RESULT: {}
RESULT: {}
COMMAND: POST /session/1ab6045712b508067b9d9e1a4add95fa/element - {"using":"xpath","value":"(//div[contains(@id ,\"selectMulti\")][@role=\"checkbox\"])[8]"}
RESULT: {"using":"xpath","value":"(//div[contains(@id ,\"selectMulti\")][@role=\"checkbox\"])[8]"}
COMMAND: POST /session/1ab6045712b508067b9d9e1a4add95fa/element/f.F3E041632107C0123BDAF370CBA4DD43.d.AEFDD28EEAFBD84261E34B10A3D0F1E5.e.7502/click - {}
RESULT: {}
COMMAND: GET /session/1ab6045712b508067b9d9e1a4add95fa/screenshot - {}
RESULT: {}
COMMAND: POST /session/1ab6045712b508067b9d9e1a4add95fa/element - {"using":"xpath","value":"//bdi[contains(@id ,\"confirmBtn-BDI-content\")]"}
RESULT: {"using":"xpath","value":"//bdi[contains(@id ,\"confirmBtn-BDI-content\")]"}
COMMAND: POST /session/1ab6045712b508067b9d9e1a4add95fa/element/f.F3E041632107C0123BDAF370CBA4DD43.d.AEFDD28EEAFBD84261E34B10A3D0F1E5.e.7510/click - {}
RESULT: {}
COMMAND: GET /session/1ab6045712b508067b9d9e1a4add95fa/screenshot - {}
RESULT: {}
COMMAND: POST /session/1ab6045712b508067b9d9e1a4add95fa/element - {"using":"xpath","value":"(//span[contains(text(), \"Status\")])[2]"}
RESULT: {"using":"xpath","value":"(//span[contains(text(), \"Status\")])[2]"}
COMMAND: POST /session/1ab6045712b508067b9d9e1a4add95fa/element - {"using":"xpath","value":"(//span[contains(text(), \"Status\")])[2]"}
RESULT: {"using":"xpath","value":"(//span[contains(text(), \"Status\")])[2]"}
COMMAND: POST /session/1ab6045712b508067b9d9e1a4add95fa/element - {"using":"xpath","value":"(//bdi[contains(text(), \"Tags\")])[2]"}
RESULT: {"using":"xpath","value":"(//bdi[contains(text(), \"Tags\")])[2]"}
COMMAND: POST /session/1ab6045712b508067b9d9e1a4add95fa/execute/sync - {"script":"<script> [8489 bytes]","args":[{"element-6066-11e4-a52e-4f735466cecf":"f.F3E041632107C0123BDAF370CBA4DD43.d.AEFDD28EEAFBD84261E34B10A3D0F1E5.e.7517","ELEMENT":"f.F3E041632107C0123BDAF370CBA4DD43.d.AEFDD28EEAFBD84261E34B10A3D0F1E5.e.7517"}]}
RESULT: {"script":"<script> [8489 bytes]","args":[{"element-6066-11e4-a52e-4f735466cecf":"f.F3E041632107C0123BDAF370CBA4DD43.d.AEFDD28EEAFBD84261E34B10A3D0F1E5.e.7517","ELEMENT":"f.F3E041632107C0123BDAF370CBA4DD43.d.AEFDD28EEAFBD84261E34B10A3D0F1E5.e.7517"}]}
COMMAND: POST /session/1ab6045712b508067b9d9e1a4add95fa/element - {"using":"xpath","value":"//span[contains(@title ,\"Remove\")]"}
COMMAND: GET /session/1ab6045712b508067b9d9e1a4add95fa/screenshot - {}
RESULT: {"using":"xpath","value":"//span[contains(@title ,\"Remove\")]"}
COMMAND: POST /session/1ab6045712b508067b9d9e1a4add95fa/element/f.F3E041632107C0123BDAF370CBA4DD43.d.AEFDD28EEAFBD84261E34B10A3D0F1E5.e.7518/click - {}
RESULT: {}
RESULT: {}
COMMAND: GET /session/1ab6045712b508067b9d9e1a4add95fa/screenshot - {}
RESULT: {}
COMMAND: POST /session/1ab6045712b508067b9d9e1a4add95fa/element - {"using":"xpath","value":"//button[contains(@id ,\"btnDeleteRequest\")]"}
RESULT: {"using":"xpath","value":"//button[contains(@id ,\"btnDeleteRequest\")]"}
COMMAND: POST /session/1ab6045712b508067b9d9e1a4add95fa/element - {"using":"xpath","value":"//button[contains(@id ,\"btnDeleteRequest\")]"}
RESULT: {"using":"xpath","value":"//button[contains(@id ,\"btnDeleteRequest\")]"}
COMMAND: POST /session/1ab6045712b508067b9d9e1a4add95fa/element - {"using":"xpath","value":"(//span[contains(text(), \"Draft\")])[1]"}
RESULT: {"using":"xpath","value":"(//span[contains(text(), \"Draft\")])[1]"}
COMMAND: POST /session/1ab6045712b508067b9d9e1a4add95fa/element/f.F3E041632107C0123BDAF370CBA4DD43.d.AEFDD28EEAFBD84261E34B10A3D0F1E5.e.7542/click - {}
RESULT: {}
COMMAND: GET /session/1ab6045712b508067b9d9e1a4add95fa/screenshot - {}
RESULT: {}
COMMAND: POST /session/1ab6045712b508067b9d9e1a4add95fa/element - {"using":"xpath","value":"//button[contains(@id ,\"btnDeleteRequest\")]"}
RESULT: {"using":"xpath","value":"//button[contains(@id ,\"btnDeleteRequest\")]"}
COMMAND: POST /session/1ab6045712b508067b9d9e1a4add95fa/execute/sync - {"script":"<script> [8489 bytes]","args":[{"element-6066-11e4-a52e-4f735466cecf":"f.F3E041632107C0123BDAF370CBA4DD43.d.AEFDD28EEAFBD84261E34B10A3D0F1E5.e.7573","ELEMENT":"f.F3E041632107C0123BDAF370CBA4DD43.d.AEFDD28EEAFBD84261E34B10A3D0F1E5.e.7573"}]}
RESULT: {"script":"<script> [8489 bytes]","args":[{"element-6066-11e4-a52e-4f735466cecf":"f.F3E041632107C0123BDAF370CBA4DD43.d.AEFDD28EEAFBD84261E34B10A3D0F1E5.e.7573","ELEMENT":"f.F3E041632107C0123BDAF370CBA4DD43.d.AEFDD28EEAFBD84261E34B10A3D0F1E5.e.7573"}]}
COMMAND: POST /session/1ab6045712b508067b9d9e1a4add95fa/element - {"using":"xpath","value":"(//span[contains(text(), \"Proposal\")])[1]"}
COMMAND: GET /session/1ab6045712b508067b9d9e1a4add95fa/screenshot - {}
RESULT: {"using":"xpath","value":"(//span[contains(text(), \"Proposal\")])[1]"}
COMMAND: POST /session/1ab6045712b508067b9d9e1a4add95fa/element/f.F3E041632107C0123BDAF370CBA4DD43.d.AEFDD28EEAFBD84261E34B10A3D0F1E5.e.7614/click - {}
RESULT: {}
RESULT: {}
COMMAND: GET /session/1ab6045712b508067b9d9e1a4add95fa/screenshot - {}
RESULT: {}
COMMAND: POST /session/1ab6045712b508067b9d9e1a4add95fa/execute/sync - {"script":"<script> [8489 bytes]","args":[{"element-6066-11e4-a52e-4f735466cecf":"f.F3E041632107C0123BDAF370CBA4DD43.d.AEFDD28EEAFBD84261E34B10A3D0F1E5.e.7573","ELEMENT":"f.F3E041632107C0123BDAF370CBA4DD43.d.AEFDD28EEAFBD84261E34B10A3D0F1E5.e.7573"}]}
RESULT: {"script":"<script> [8489 bytes]","args":[{"element-6066-11e4-a52e-4f735466cecf":"f.F3E041632107C0123BDAF370CBA4DD43.d.AEFDD28EEAFBD84261E34B10A3D0F1E5.e.7573","ELEMENT":"f.F3E041632107C0123BDAF370CBA4DD43.d.AEFDD28EEAFBD84261E34B10A3D0F1E5.e.7573"}]}
COMMAND: GET /session/1ab6045712b508067b9d9e1a4add95fa/screenshot - {}
RESULT: {}
COMMAND: DELETE /session/1ab6045712b508067b9d9e1a4add95fa - {}
RESULT: {}
]]></system-out>
    </testcase>
  </testsuite>
</testsuites>