<?xml version="1.0" encoding="UTF-8"?>
<testsuites tests="16" failures="0" errors="0" skipped="0">
  <testsuite timestamp="2025-05-26T17:29:49" time="1579.186" tests="12" failures="0" errors="0" skipped="0">
    <properties>
      <property name="specId" value="0"/>
      <property name="suiteName" value="Partner specific tests US150819 US151080 US151654 US151176 US103444 US151078 US151079 US151109 US151174 US151175 US151189"/>
      <property name="capabilities" value="chrome.136_0_7103_93.windows"/>
      <property name="file" value="file:///D:/a/1/s/test/specs/BTS/manage-partners.spec.js"/>
    </properties>
    <testcase classname="chrome.136_0_7103_93.windows.Partner_specific_tests_US150819_US151080_US151654_US151176_US103444_US151078_US151079_US151109_US151174_US151175_US151189" name="Should create a new yard prerequisite" time="136.969">
      <system-out><![CDATA[
COMMAND: POST /session/8695070d5a47df2563e3bdc8364ee49b/window/fullscreen - {}
RESULT: {}
COMMAND: POST /session/8695070d5a47df2563e3bdc8364ee49b/element - {"using":"xpath","value":"//li[.//span[text()=\"Manage Partners\"]]"}
RESULT: {"using":"xpath","value":"//li[.//span[text()=\"Manage Partners\"]]"}
COMMAND: POST /session/8695070d5a47df2563e3bdc8364ee49b/element - {"using":"xpath","value":"//li[.//span[text()=\"Manage Partners\"]]"}
RESULT: {"using":"xpath","value":"//li[.//span[text()=\"Manage Partners\"]]"}
COMMAND: POST /session/8695070d5a47df2563e3bdc8364ee49b/element - {"using":"css selector","value":"#shell-header-logo"}
RESULT: {"using":"css selector","value":"#shell-header-logo"}
COMMAND: POST /session/8695070d5a47df2563e3bdc8364ee49b/element/f.C2FBE1F9D69D7A7D8F7D3E73BC2E8356.d.F59E9627E13C9801F442D58AAAEA3001.e.254/click - {}
COMMAND: POST /session/8695070d5a47df2563e3bdc8364ee49b/execute/sync - {"script":"<script> [8489 bytes]","args":[{"element-6066-11e4-a52e-4f735466cecf":"f.C2FBE1F9D69D7A7D8F7D3E73BC2E8356.d.F59E9627E13C9801F442D58AAAEA3001.e.254","ELEMENT":"f.C2FBE1F9D69D7A7D8F7D3E73BC2E8356.d.F59E9627E13C9801F442D58AAAEA3001.e.254"}]}
RESULT: {}
COMMAND: GET /session/8695070d5a47df2563e3bdc8364ee49b/screenshot - {}
RESULT: {"script":"<script> [8489 bytes]","args":[{"element-6066-11e4-a52e-4f735466cecf":"f.C2FBE1F9D69D7A7D8F7D3E73BC2E8356.d.F59E9627E13C9801F442D58AAAEA3001.e.254","ELEMENT":"f.C2FBE1F9D69D7A7D8F7D3E73BC2E8356.d.F59E9627E13C9801F442D58AAAEA3001.e.254"}]}
COMMAND: POST /session/8695070d5a47df2563e3bdc8364ee49b/execute/sync - {"script":"<script> [5351 bytes]","args":[{"element-6066-11e4-a52e-4f735466cecf":"f.C2FBE1F9D69D7A7D8F7D3E73BC2E8356.d.F59E9627E13C9801F442D58AAAEA3001.e.254","ELEMENT":"f.C2FBE1F9D69D7A7D8F7D3E73BC2E8356.d.F59E9627E13C9801F442D58AAAEA3001.e.254"}]}
COMMAND: GET /session/8695070d5a47df2563e3bdc8364ee49b/screenshot - {}
RESULT: {}
RESULT: {"script":"<script> [5351 bytes]","args":[{"element-6066-11e4-a52e-4f735466cecf":"f.C2FBE1F9D69D7A7D8F7D3E73BC2E8356.d.F59E9627E13C9801F442D58AAAEA3001.e.254","ELEMENT":"f.C2FBE1F9D69D7A7D8F7D3E73BC2E8356.d.F59E9627E13C9801F442D58AAAEA3001.e.254"}]}
COMMAND: GET /session/8695070d5a47df2563e3bdc8364ee49b/screenshot - {}
RESULT: {}
RESULT: {}
COMMAND: POST /session/8695070d5a47df2563e3bdc8364ee49b/execute/async - {"script":"<script> [1562 bytes]","args":[{"selector":{"controlType":"sap.m.GenericTile","properties":{"header":"Manage Yards"}},"wdio_ui5_key":"sapm.GenericTile{\"header\":\"Manage Yards\"}"}]}
RESULT: {"script":"<script> [1562 bytes]","args":[{"selector":{"controlType":"sap.m.GenericTile","properties":{"header":"Manage Yards"}},"wdio_ui5_key":"sapm.GenericTile{\"header\":\"Manage Yards\"}"}]}
RESULT: undefined
COMMAND: POST /session/8695070d5a47df2563e3bdc8364ee49b/element - {"using":"xpath","value":"//*[@id=\"__tile41\"]"}
RESULT: {"using":"xpath","value":"//*[@id=\"__tile41\"]"}
COMMAND: POST /session/8695070d5a47df2563e3bdc8364ee49b/element/f.C2FBE1F9D69D7A7D8F7D3E73BC2E8356.d.F59E9627E13C9801F442D58AAAEA3001.e.148/click - {}
RESULT: {}
COMMAND: GET /session/8695070d5a47df2563e3bdc8364ee49b/screenshot - {}
RESULT: {}
COMMAND: POST /session/8695070d5a47df2563e3bdc8364ee49b/elements - {"using":"xpath","value":"//span[text()='Error']"}
RESULT: {"using":"xpath","value":"//span[text()='Error']"}
COMMAND: POST /session/8695070d5a47df2563e3bdc8364ee49b/element - {"using":"xpath","value":"//button[@data-kt=\"addNewYardOverflowToolbarButton\"]"}
RESULT: {"using":"xpath","value":"//button[@data-kt=\"addNewYardOverflowToolbarButton\"]"}
COMMAND: POST /session/8695070d5a47df2563e3bdc8364ee49b/elements - {"using":"xpath","value":"//button[@data-kt=\"addNewYardOverflowToolbarButton\"]"}
RESULT: {"using":"xpath","value":"//button[@data-kt=\"addNewYardOverflowToolbarButton\"]"}
COMMAND: POST /session/8695070d5a47df2563e3bdc8364ee49b/elements - {"using":"xpath","value":"//button[@data-kt=\"addNewYardOverflowToolbarButton\"]"}
RESULT: {"using":"xpath","value":"//button[@data-kt=\"addNewYardOverflowToolbarButton\"]"}
COMMAND: POST /session/8695070d5a47df2563e3bdc8364ee49b/elements - {"using":"xpath","value":"//button[@data-kt=\"addNewYardOverflowToolbarButton\"]"}
RESULT: {"using":"xpath","value":"//button[@data-kt=\"addNewYardOverflowToolbarButton\"]"}
COMMAND: POST /session/8695070d5a47df2563e3bdc8364ee49b/elements - {"using":"xpath","value":"//button[@data-kt=\"addNewYardOverflowToolbarButton\"]"}
RESULT: {"using":"xpath","value":"//button[@data-kt=\"addNewYardOverflowToolbarButton\"]"}
COMMAND: POST /session/8695070d5a47df2563e3bdc8364ee49b/elements - {"using":"xpath","value":"//button[@data-kt=\"addNewYardOverflowToolbarButton\"]"}
RESULT: {"using":"xpath","value":"//button[@data-kt=\"addNewYardOverflowToolbarButton\"]"}
COMMAND: POST /session/8695070d5a47df2563e3bdc8364ee49b/elements - {"using":"xpath","value":"//button[@data-kt=\"addNewYardOverflowToolbarButton\"]"}
RESULT: {"using":"xpath","value":"//button[@data-kt=\"addNewYardOverflowToolbarButton\"]"}
COMMAND: POST /session/8695070d5a47df2563e3bdc8364ee49b/elements - {"using":"xpath","value":"//button[@data-kt=\"addNewYardOverflowToolbarButton\"]"}
RESULT: {"using":"xpath","value":"//button[@data-kt=\"addNewYardOverflowToolbarButton\"]"}
COMMAND: POST /session/8695070d5a47df2563e3bdc8364ee49b/elements - {"using":"xpath","value":"//button[@data-kt=\"addNewYardOverflowToolbarButton\"]"}
RESULT: {"using":"xpath","value":"//button[@data-kt=\"addNewYardOverflowToolbarButton\"]"}
COMMAND: POST /session/8695070d5a47df2563e3bdc8364ee49b/elements - {"using":"xpath","value":"//button[@data-kt=\"addNewYardOverflowToolbarButton\"]"}
RESULT: {"using":"xpath","value":"//button[@data-kt=\"addNewYardOverflowToolbarButton\"]"}
COMMAND: POST /session/8695070d5a47df2563e3bdc8364ee49b/elements - {"using":"xpath","value":"//button[@data-kt=\"addNewYardOverflowToolbarButton\"]"}
RESULT: {"using":"xpath","value":"//button[@data-kt=\"addNewYardOverflowToolbarButton\"]"}
COMMAND: POST /session/8695070d5a47df2563e3bdc8364ee49b/element - {"using":"xpath","value":"//button[@data-kt=\"addNewYardOverflowToolbarButton\"]"}
RESULT: {"using":"xpath","value":"//button[@data-kt=\"addNewYardOverflowToolbarButton\"]"}
COMMAND: POST /session/8695070d5a47df2563e3bdc8364ee49b/execute/sync - {"script":"<script> [8489 bytes]","args":[{"element-6066-11e4-a52e-4f735466cecf":"f.C2FBE1F9D69D7A7D8F7D3E73BC2E8356.d.F59E9627E13C9801F442D58AAAEA3001.e.287","ELEMENT":"f.C2FBE1F9D69D7A7D8F7D3E73BC2E8356.d.F59E9627E13C9801F442D58AAAEA3001.e.287"}]}
RESULT: {"script":"<script> [8489 bytes]","args":[{"element-6066-11e4-a52e-4f735466cecf":"f.C2FBE1F9D69D7A7D8F7D3E73BC2E8356.d.F59E9627E13C9801F442D58AAAEA3001.e.287","ELEMENT":"f.C2FBE1F9D69D7A7D8F7D3E73BC2E8356.d.F59E9627E13C9801F442D58AAAEA3001.e.287"}]}
COMMAND: GET /session/8695070d5a47df2563e3bdc8364ee49b/element/f.C2FBE1F9D69D7A7D8F7D3E73BC2E8356.d.F59E9627E13C9801F442D58AAAEA3001.e.287/enabled - {}
COMMAND: GET /session/8695070d5a47df2563e3bdc8364ee49b/screenshot - {}
RESULT: {}
COMMAND: POST /session/8695070d5a47df2563e3bdc8364ee49b/execute/sync - {"script":"<script> [8489 bytes]","args":[{"element-6066-11e4-a52e-4f735466cecf":"f.C2FBE1F9D69D7A7D8F7D3E73BC2E8356.d.F59E9627E13C9801F442D58AAAEA3001.e.287","ELEMENT":"f.C2FBE1F9D69D7A7D8F7D3E73BC2E8356.d.F59E9627E13C9801F442D58AAAEA3001.e.287"}]}
COMMAND: GET /session/8695070d5a47df2563e3bdc8364ee49b/screenshot - {}
RESULT: {}
RESULT: {"script":"<script> [8489 bytes]","args":[{"element-6066-11e4-a52e-4f735466cecf":"f.C2FBE1F9D69D7A7D8F7D3E73BC2E8356.d.F59E9627E13C9801F442D58AAAEA3001.e.287","ELEMENT":"f.C2FBE1F9D69D7A7D8F7D3E73BC2E8356.d.F59E9627E13C9801F442D58AAAEA3001.e.287"}]}
COMMAND: POST /session/8695070d5a47df2563e3bdc8364ee49b/execute/sync - {"script":"<script> [5351 bytes]","args":[{"element-6066-11e4-a52e-4f735466cecf":"f.C2FBE1F9D69D7A7D8F7D3E73BC2E8356.d.F59E9627E13C9801F442D58AAAEA3001.e.287","ELEMENT":"f.C2FBE1F9D69D7A7D8F7D3E73BC2E8356.d.F59E9627E13C9801F442D58AAAEA3001.e.287"}]}
COMMAND: GET /session/8695070d5a47df2563e3bdc8364ee49b/screenshot - {}
RESULT: {}
RESULT: {"script":"<script> [5351 bytes]","args":[{"element-6066-11e4-a52e-4f735466cecf":"f.C2FBE1F9D69D7A7D8F7D3E73BC2E8356.d.F59E9627E13C9801F442D58AAAEA3001.e.287","ELEMENT":"f.C2FBE1F9D69D7A7D8F7D3E73BC2E8356.d.F59E9627E13C9801F442D58AAAEA3001.e.287"}]}
COMMAND: POST /session/8695070d5a47df2563e3bdc8364ee49b/element/f.C2FBE1F9D69D7A7D8F7D3E73BC2E8356.d.F59E9627E13C9801F442D58AAAEA3001.e.287/click - {}
COMMAND: GET /session/8695070d5a47df2563e3bdc8364ee49b/screenshot - {}
RESULT: {}
RESULT: {}
COMMAND: GET /session/8695070d5a47df2563e3bdc8364ee49b/screenshot - {}
COMMAND: POST /session/8695070d5a47df2563e3bdc8364ee49b/element - {"using":"xpath","value":"//input[@id=\"application-manageyards-display-component---NewYard--yardId-inner\"]"}
RESULT: {}
RESULT: {}
RESULT: {"using":"xpath","value":"//input[@id=\"application-manageyards-display-component---NewYard--yardId-inner\"]"}
COMMAND: POST /session/8695070d5a47df2563e3bdc8364ee49b/element - {"using":"xpath","value":"//input[@id=\"application-manageyards-display-component---NewYard--yardId-inner\"]"}
RESULT: {"using":"xpath","value":"//input[@id=\"application-manageyards-display-component---NewYard--yardId-inner\"]"}
COMMAND: POST /session/8695070d5a47df2563e3bdc8364ee49b/execute/async - {"script":"<script> [1562 bytes]","args":[{"selector":{"id":"application-manageyards-display-component---NewYard--addressDetailDetailsName1","interaction":{"idSuffix":"inner"}},"wdio_ui5_key":"applicationmanageyards-display-component---NewYard--addressDetailDetailsName1"}]}
RESULT: {"script":"<script> [1562 bytes]","args":[{"selector":{"id":"application-manageyards-display-component---NewYard--addressDetailDetailsName1","interaction":{"idSuffix":"inner"}},"wdio_ui5_key":"applicationmanageyards-display-component---NewYard--addressDetailDetailsName1"}]}
RESULT: undefined
COMMAND: POST /session/8695070d5a47df2563e3bdc8364ee49b/execute/async - {"script":"<script> [776 bytes]","args":[{"enterText":"Intracompany Yard wdIO","selector":{"id":"application-manageyards-display-component---NewYard--addressDetailDetailsName1","interaction":{"idSuffix":"inner"}},"clearTextFirst":true,"interactionType":"ENTER_TEXT"}]}
RESULT: {"script":"<script> [776 bytes]","args":[{"enterText":"Intracompany Yard wdIO","selector":{"id":"application-manageyards-display-component---NewYard--addressDetailDetailsName1","interaction":{"idSuffix":"inner"}},"clearTextFirst":true,"interactionType":"ENTER_TEXT"}]}
COMMAND: POST /session/8695070d5a47df2563e3bdc8364ee49b/execute/async - {"script":"<script> [1562 bytes]","args":[{"selector":{"id":"application-manageyards-display-component---NewYard--addressDetailDetailsLanguage-arrow"},"wdio_ui5_key":"applicationmanageyards-display-component---NewYard--addressDetailDetailsLanguage-arrow"}]}
RESULT: {"script":"<script> [1562 bytes]","args":[{"selector":{"id":"application-manageyards-display-component---NewYard--addressDetailDetailsLanguage-arrow"},"wdio_ui5_key":"applicationmanageyards-display-component---NewYard--addressDetailDetailsLanguage-arrow"}]}
RESULT: undefined
COMMAND: POST /session/8695070d5a47df2563e3bdc8364ee49b/element - {"using":"xpath","value":"//*[@id=\"application-manageyards-display-component---NewYard--addressDetailDetailsLanguage-arrow\"]"}
RESULT: {"using":"xpath","value":"//*[@id=\"application-manageyards-display-component---NewYard--addressDetailDetailsLanguage-arrow\"]"}
COMMAND: POST /session/8695070d5a47df2563e3bdc8364ee49b/element/f.C2FBE1F9D69D7A7D8F7D3E73BC2E8356.d.F59E9627E13C9801F442D58AAAEA3001.e.720/click - {}
RESULT: {}
COMMAND: POST /session/8695070d5a47df2563e3bdc8364ee49b/element - {"using":"xpath","value":"//span[contains(text(), \"English\")]"}
COMMAND: GET /session/8695070d5a47df2563e3bdc8364ee49b/screenshot - {}
RESULT: {"using":"xpath","value":"//span[contains(text(), \"English\")]"}
COMMAND: POST /session/8695070d5a47df2563e3bdc8364ee49b/element/f.C2FBE1F9D69D7A7D8F7D3E73BC2E8356.d.F59E9627E13C9801F442D58AAAEA3001.e.721/click - {}
RESULT: {}
RESULT: {}
COMMAND: POST /session/8695070d5a47df2563e3bdc8364ee49b/execute/async - {"script":"<script> [1562 bytes]","args":[{"selector":{"id":"application-manageyards-display-component---NewYard--addressDetailDetailsCity1","interaction":{"idSuffix":"inner"}},"wdio_ui5_key":"applicationmanageyards-display-component---NewYard--addressDetailDetailsCity1"}]}
COMMAND: GET /session/8695070d5a47df2563e3bdc8364ee49b/screenshot - {}
RESULT: {"script":"<script> [1562 bytes]","args":[{"selector":{"id":"application-manageyards-display-component---NewYard--addressDetailDetailsCity1","interaction":{"idSuffix":"inner"}},"wdio_ui5_key":"applicationmanageyards-display-component---NewYard--addressDetailDetailsCity1"}]}
RESULT: undefined
COMMAND: POST /session/8695070d5a47df2563e3bdc8364ee49b/execute/async - {"script":"<script> [776 bytes]","args":[{"enterText":"Rosario","selector":{"id":"application-manageyards-display-component---NewYard--addressDetailDetailsCity1","interaction":{"idSuffix":"inner"}},"clearTextFirst":true,"interactionType":"ENTER_TEXT"}]}
RESULT: {}
RESULT: {"script":"<script> [776 bytes]","args":[{"enterText":"Rosario","selector":{"id":"application-manageyards-display-component---NewYard--addressDetailDetailsCity1","interaction":{"idSuffix":"inner"}},"clearTextFirst":true,"interactionType":"ENTER_TEXT"}]}
COMMAND: POST /session/8695070d5a47df2563e3bdc8364ee49b/execute/async - {"script":"<script> [1562 bytes]","args":[{"selector":{"id":"application-manageyards-display-component---NewYard--addressDetailDetailsCountry-arrow"},"wdio_ui5_key":"applicationmanageyards-display-component---NewYard--addressDetailDetailsCountry-arrow"}]}
RESULT: {"script":"<script> [1562 bytes]","args":[{"selector":{"id":"application-manageyards-display-component---NewYard--addressDetailDetailsCountry-arrow"},"wdio_ui5_key":"applicationmanageyards-display-component---NewYard--addressDetailDetailsCountry-arrow"}]}
RESULT: undefined
COMMAND: POST /session/8695070d5a47df2563e3bdc8364ee49b/element - {"using":"xpath","value":"//*[@id=\"application-manageyards-display-component---NewYard--addressDetailDetailsCountry-arrow\"]"}
RESULT: {"using":"xpath","value":"//*[@id=\"application-manageyards-display-component---NewYard--addressDetailDetailsCountry-arrow\"]"}
COMMAND: POST /session/8695070d5a47df2563e3bdc8364ee49b/element/f.C2FBE1F9D69D7A7D8F7D3E73BC2E8356.d.F59E9627E13C9801F442D58AAAEA3001.e.723/click - {}
RESULT: {}
COMMAND: POST /session/8695070d5a47df2563e3bdc8364ee49b/element - {"using":"xpath","value":"//span[contains(text(), \"Argentina\")]"}
COMMAND: GET /session/8695070d5a47df2563e3bdc8364ee49b/screenshot - {}
RESULT: {"using":"xpath","value":"//span[contains(text(), \"Argentina\")]"}
COMMAND: POST /session/8695070d5a47df2563e3bdc8364ee49b/element/f.C2FBE1F9D69D7A7D8F7D3E73BC2E8356.d.F59E9627E13C9801F442D58AAAEA3001.e.724/click - {}
RESULT: {}
RESULT: {}
COMMAND: POST /session/8695070d5a47df2563e3bdc8364ee49b/execute/async - {"script":"<script> [1562 bytes]","args":[{"selector":{"id":"application-manageyards-display-component---NewYard--addressEditDetailsCostObjectCstType-arrow"},"wdio_ui5_key":"applicationmanageyards-display-component---NewYard--addressEditDetailsCostObjectCstType-arrow"}]}
COMMAND: GET /session/8695070d5a47df2563e3bdc8364ee49b/screenshot - {}
RESULT: {"script":"<script> [1562 bytes]","args":[{"selector":{"id":"application-manageyards-display-component---NewYard--addressEditDetailsCostObjectCstType-arrow"},"wdio_ui5_key":"applicationmanageyards-display-component---NewYard--addressEditDetailsCostObjectCstType-arrow"}]}
RESULT: undefined
COMMAND: POST /session/8695070d5a47df2563e3bdc8364ee49b/element - {"using":"xpath","value":"//*[@id=\"application-manageyards-display-component---NewYard--addressEditDetailsCostObjectCstType-arrow\"]"}
RESULT: {}
RESULT: {"using":"xpath","value":"//*[@id=\"application-manageyards-display-component---NewYard--addressEditDetailsCostObjectCstType-arrow\"]"}
COMMAND: POST /session/8695070d5a47df2563e3bdc8364ee49b/element/f.C2FBE1F9D69D7A7D8F7D3E73BC2E8356.d.F59E9627E13C9801F442D58AAAEA3001.e.726/click - {}
RESULT: {}
COMMAND: POST /session/8695070d5a47df2563e3bdc8364ee49b/element - {"using":"xpath","value":"//span[contains(text(), \"Cost Center\")]"}
COMMAND: GET /session/8695070d5a47df2563e3bdc8364ee49b/screenshot - {}
RESULT: {"using":"xpath","value":"//span[contains(text(), \"Cost Center\")]"}
COMMAND: POST /session/8695070d5a47df2563e3bdc8364ee49b/element/f.C2FBE1F9D69D7A7D8F7D3E73BC2E8356.d.F59E9627E13C9801F442D58AAAEA3001.e.727/click - {}
RESULT: {}
RESULT: {}
COMMAND: GET /session/8695070d5a47df2563e3bdc8364ee49b/screenshot - {}
RESULT: {}
COMMAND: POST /session/8695070d5a47df2563e3bdc8364ee49b/element - {"using":"xpath","value":"//span[@id=\"application-manageyards-display-component---NewYard--addressNewCostObjectCstID-vhi\"]"}
RESULT: {"using":"xpath","value":"//span[@id=\"application-manageyards-display-component---NewYard--addressNewCostObjectCstID-vhi\"]"}
COMMAND: POST /session/8695070d5a47df2563e3bdc8364ee49b/execute/sync - {"script":"<script> [8489 bytes]","args":[{"element-6066-11e4-a52e-4f735466cecf":"f.C2FBE1F9D69D7A7D8F7D3E73BC2E8356.d.F59E9627E13C9801F442D58AAAEA3001.e.731","ELEMENT":"f.C2FBE1F9D69D7A7D8F7D3E73BC2E8356.d.F59E9627E13C9801F442D58AAAEA3001.e.731"}]}
RESULT: {"script":"<script> [8489 bytes]","args":[{"element-6066-11e4-a52e-4f735466cecf":"f.C2FBE1F9D69D7A7D8F7D3E73BC2E8356.d.F59E9627E13C9801F442D58AAAEA3001.e.731","ELEMENT":"f.C2FBE1F9D69D7A7D8F7D3E73BC2E8356.d.F59E9627E13C9801F442D58AAAEA3001.e.731"}]}
COMMAND: POST /session/8695070d5a47df2563e3bdc8364ee49b/execute/async - {"script":"<script> [1562 bytes]","args":[{"selector":{"id":"application-manageyards-display-component---NewYard--addressNewCostObjectCstID-vhi"},"wdio_ui5_key":"applicationmanageyards-display-component---NewYard--addressNewCostObjectCstID-vhi"}]}
COMMAND: GET /session/8695070d5a47df2563e3bdc8364ee49b/screenshot - {}
RESULT: {"script":"<script> [1562 bytes]","args":[{"selector":{"id":"application-manageyards-display-component---NewYard--addressNewCostObjectCstID-vhi"},"wdio_ui5_key":"applicationmanageyards-display-component---NewYard--addressNewCostObjectCstID-vhi"}]}
RESULT: undefined
COMMAND: POST /session/8695070d5a47df2563e3bdc8364ee49b/element - {"using":"xpath","value":"//*[@id=\"application-manageyards-display-component---NewYard--addressNewCostObjectCstID-vhi\"]"}
RESULT: {}
RESULT: {"using":"xpath","value":"//*[@id=\"application-manageyards-display-component---NewYard--addressNewCostObjectCstID-vhi\"]"}
COMMAND: POST /session/8695070d5a47df2563e3bdc8364ee49b/element/f.C2FBE1F9D69D7A7D8F7D3E73BC2E8356.d.F59E9627E13C9801F442D58AAAEA3001.e.731/click - {}
RESULT: {}
COMMAND: GET /session/8695070d5a47df2563e3bdc8364ee49b/screenshot - {}
RESULT: {}
COMMAND: POST /session/8695070d5a47df2563e3bdc8364ee49b/execute/async - {"script":"<script> [1562 bytes]","args":[{"selector":{"controlType":"sap.m.SearchField","properties":{"placeholder":"Search"},"searchOpenDialogs":true,"interaction":{"idSuffix":"I"}},"wdio_ui5_key":"sapm.SearchField{\"placeholder\":\"Search\"}"}]}
RESULT: {"script":"<script> [1562 bytes]","args":[{"selector":{"controlType":"sap.m.SearchField","properties":{"placeholder":"Search"},"searchOpenDialogs":true,"interaction":{"idSuffix":"I"}},"wdio_ui5_key":"sapm.SearchField{\"placeholder\":\"Search\"}"}]}
RESULT: undefined
COMMAND: POST /session/8695070d5a47df2563e3bdc8364ee49b/execute/async - {"script":"<script> [776 bytes]","args":[{"enterText":"bauh_b","selector":{"controlType":"sap.m.SearchField","properties":{"placeholder":"Search"},"searchOpenDialogs":true,"interaction":{"idSuffix":"I"}},"clearTextFirst":true,"interactionType":"ENTER_TEXT"}]}
RESULT: {"script":"<script> [776 bytes]","args":[{"enterText":"bauh_b","selector":{"controlType":"sap.m.SearchField","properties":{"placeholder":"Search"},"searchOpenDialogs":true,"interaction":{"idSuffix":"I"}},"clearTextFirst":true,"interactionType":"ENTER_TEXT"}]}
COMMAND: POST /session/8695070d5a47df2563e3bdc8364ee49b/actions - {"actions":[{"id":"action1","type":"key","parameters":{},"actions":[{"type":"keyDown","value":""},{"type":"pause","duration":10},{"type":"keyUp","value":""}]}]}
RESULT: {"actions":[{"id":"action1","type":"key","parameters":{},"actions":[{"type":"keyDown","value":""},{"type":"pause","duration":10},{"type":"keyUp","value":""}]}]}
COMMAND: GET /session/8695070d5a47df2563e3bdc8364ee49b/screenshot - {}
RESULT: {}
COMMAND: POST /session/8695070d5a47df2563e3bdc8364ee49b/element - {"using":"xpath","value":"//span[contains(text(), \"Demo Yard\")]"}
RESULT: {"using":"xpath","value":"//span[contains(text(), \"Demo Yard\")]"}
COMMAND: POST /session/8695070d5a47df2563e3bdc8364ee49b/element/f.C2FBE1F9D69D7A7D8F7D3E73BC2E8356.d.F59E9627E13C9801F442D58AAAEA3001.e.772/click - {}
RESULT: {}
COMMAND: GET /session/8695070d5a47df2563e3bdc8364ee49b/screenshot - {}
RESULT: {}
COMMAND: POST /session/8695070d5a47df2563e3bdc8364ee49b/element - {"using":"xpath","value":"//bdi[contains(text(), \"OK\")]"}
RESULT: {"using":"xpath","value":"//bdi[contains(text(), \"OK\")]"}
COMMAND: POST /session/8695070d5a47df2563e3bdc8364ee49b/element/f.C2FBE1F9D69D7A7D8F7D3E73BC2E8356.d.F59E9627E13C9801F442D58AAAEA3001.e.773/click - {}
RESULT: {}
COMMAND: GET /session/8695070d5a47df2563e3bdc8364ee49b/screenshot - {}
RESULT: {}
COMMAND: POST /session/8695070d5a47df2563e3bdc8364ee49b/execute/async - {"script":"<script> [1562 bytes]","args":[{"selector":{"id":"application-manageyards-display-component---NewYard--addressEditDetailsCurrency-arrow"},"wdio_ui5_key":"applicationmanageyards-display-component---NewYard--addressEditDetailsCurrency-arrow"}]}
RESULT: {"script":"<script> [1562 bytes]","args":[{"selector":{"id":"application-manageyards-display-component---NewYard--addressEditDetailsCurrency-arrow"},"wdio_ui5_key":"applicationmanageyards-display-component---NewYard--addressEditDetailsCurrency-arrow"}]}
RESULT: undefined
COMMAND: POST /session/8695070d5a47df2563e3bdc8364ee49b/element - {"using":"xpath","value":"//*[@id=\"application-manageyards-display-component---NewYard--addressEditDetailsCurrency-arrow\"]"}
RESULT: {"using":"xpath","value":"//*[@id=\"application-manageyards-display-component---NewYard--addressEditDetailsCurrency-arrow\"]"}
COMMAND: POST /session/8695070d5a47df2563e3bdc8364ee49b/element/f.C2FBE1F9D69D7A7D8F7D3E73BC2E8356.d.F59E9627E13C9801F442D58AAAEA3001.e.776/click - {}
RESULT: {}
COMMAND: POST /session/8695070d5a47df2563e3bdc8364ee49b/element - {"using":"xpath","value":"//span[contains(text(), \"Euro\")]"}
COMMAND: GET /session/8695070d5a47df2563e3bdc8364ee49b/screenshot - {}
RESULT: {"using":"xpath","value":"//span[contains(text(), \"Euro\")]"}
COMMAND: POST /session/8695070d5a47df2563e3bdc8364ee49b/element/f.C2FBE1F9D69D7A7D8F7D3E73BC2E8356.d.F59E9627E13C9801F442D58AAAEA3001.e.777/click - {}
RESULT: {}
RESULT: {}
COMMAND: POST /session/8695070d5a47df2563e3bdc8364ee49b/execute/async - {"script":"<script> [1562 bytes]","args":[{"selector":{"controlType":"sap.m.Input","viewName":"etm.portal.ui.manageyards.view.New","viewId":"application-manageyards-display-component---NewYard","bindingPath":{"path":"","propertyPath":"/CONTROLLING_AREA","modelName":"NewYardModel"},"interaction":{"idSuffix":"inner"}},"wdio_ui5_key":"etmportal.ui.manageyards.view.Newsap.m.Input{\"path\":\"\",\"propertyPath\":\"/CONTROLLING_AREA\",\"modelName\":\"NewYardModel\"}"}]}
COMMAND: GET /session/8695070d5a47df2563e3bdc8364ee49b/screenshot - {}
RESULT: {"script":"<script> [1562 bytes]","args":[{"selector":{"controlType":"sap.m.Input","viewName":"etm.portal.ui.manageyards.view.New","viewId":"application-manageyards-display-component---NewYard","bindingPath":{"path":"","propertyPath":"/CONTROLLING_AREA","modelName":"NewYardModel"},"interaction":{"idSuffix":"inner"}},"wdio_ui5_key":"etmportal.ui.manageyards.view.Newsap.m.Input{\"path\":\"\",\"propertyPath\":\"/CONTROLLING_AREA\",\"modelName\":\"NewYardModel\"}"}]}
RESULT: undefined
COMMAND: POST /session/8695070d5a47df2563e3bdc8364ee49b/execute/async - {"script":"<script> [776 bytes]","args":[{"enterText":"Z001","selector":{"controlType":"sap.m.Input","viewName":"etm.portal.ui.manageyards.view.New","viewId":"application-manageyards-display-component---NewYard","bindingPath":{"path":"","propertyPath":"/CONTROLLING_AREA","modelName":"NewYardModel"},"interaction":{"idSuffix":"inner"}},"clearTextFirst":true,"interactionType":"ENTER_TEXT"}]}
RESULT: {}
RESULT: {"script":"<script> [776 bytes]","args":[{"enterText":"Z001","selector":{"controlType":"sap.m.Input","viewName":"etm.portal.ui.manageyards.view.New","viewId":"application-manageyards-display-component---NewYard","bindingPath":{"path":"","propertyPath":"/CONTROLLING_AREA","modelName":"NewYardModel"},"interaction":{"idSuffix":"inner"}},"clearTextFirst":true,"interactionType":"ENTER_TEXT"}]}
COMMAND: POST /session/8695070d5a47df2563e3bdc8364ee49b/execute/async - {"script":"<script> [1562 bytes]","args":[{"selector":{"id":"application-manageyards-display-component---NewYard--companyCodeComboBox","interaction":{"idSuffix":"inner"}},"wdio_ui5_key":"applicationmanageyards-display-component---NewYard--companyCodeComboBox"}]}
RESULT: {"script":"<script> [1562 bytes]","args":[{"selector":{"id":"application-manageyards-display-component---NewYard--companyCodeComboBox","interaction":{"idSuffix":"inner"}},"wdio_ui5_key":"applicationmanageyards-display-component---NewYard--companyCodeComboBox"}]}
RESULT: undefined
COMMAND: POST /session/8695070d5a47df2563e3bdc8364ee49b/execute/async - {"script":"<script> [776 bytes]","args":[{"enterText":"1000","selector":{"id":"application-manageyards-display-component---NewYard--companyCodeComboBox","interaction":{"idSuffix":"inner"}},"clearTextFirst":true,"interactionType":"ENTER_TEXT"}]}
RESULT: {"script":"<script> [776 bytes]","args":[{"enterText":"1000","selector":{"id":"application-manageyards-display-component---NewYard--companyCodeComboBox","interaction":{"idSuffix":"inner"}},"clearTextFirst":true,"interactionType":"ENTER_TEXT"}]}
COMMAND: POST /session/8695070d5a47df2563e3bdc8364ee49b/execute/async - {"script":"<script> [1562 bytes]","args":[{"selector":{"controlType":"sap.m.Input","viewName":"etm.portal.ui.manageyards.view.New","viewId":"application-manageyards-display-component---NewYard","bindingPath":{"path":"","propertyPath":"/PLANT","modelName":"NewYardModel"},"interaction":{"idSuffix":"inner"}},"wdio_ui5_key":"etmportal.ui.manageyards.view.Newsap.m.Input{\"path\":\"\",\"propertyPath\":\"/PLANT\",\"modelName\":\"NewYardModel\"}"}]}
RESULT: {"script":"<script> [1562 bytes]","args":[{"selector":{"controlType":"sap.m.Input","viewName":"etm.portal.ui.manageyards.view.New","viewId":"application-manageyards-display-component---NewYard","bindingPath":{"path":"","propertyPath":"/PLANT","modelName":"NewYardModel"},"interaction":{"idSuffix":"inner"}},"wdio_ui5_key":"etmportal.ui.manageyards.view.Newsap.m.Input{\"path\":\"\",\"propertyPath\":\"/PLANT\",\"modelName\":\"NewYardModel\"}"}]}
RESULT: undefined
COMMAND: POST /session/8695070d5a47df2563e3bdc8364ee49b/execute/async - {"script":"<script> [776 bytes]","args":[{"enterText":"1001","selector":{"controlType":"sap.m.Input","viewName":"etm.portal.ui.manageyards.view.New","viewId":"application-manageyards-display-component---NewYard","bindingPath":{"path":"","propertyPath":"/PLANT","modelName":"NewYardModel"},"interaction":{"idSuffix":"inner"}},"clearTextFirst":true,"interactionType":"ENTER_TEXT"}]}
RESULT: {"script":"<script> [776 bytes]","args":[{"enterText":"1001","selector":{"controlType":"sap.m.Input","viewName":"etm.portal.ui.manageyards.view.New","viewId":"application-manageyards-display-component---NewYard","bindingPath":{"path":"","propertyPath":"/PLANT","modelName":"NewYardModel"},"interaction":{"idSuffix":"inner"}},"clearTextFirst":true,"interactionType":"ENTER_TEXT"}]}
COMMAND: POST /session/8695070d5a47df2563e3bdc8364ee49b/execute/async - {"script":"<script> [1562 bytes]","args":[{"selector":{"controlType":"sap.m.Input","viewName":"etm.portal.ui.manageyards.view.New","viewId":"application-manageyards-display-component---NewYard","bindingPath":{"path":"","propertyPath":"/SALES_AREA_VKORG","modelName":"NewYardModel"},"interaction":{"idSuffix":"inner"}},"wdio_ui5_key":"etmportal.ui.manageyards.view.Newsap.m.Input{\"path\":\"\",\"propertyPath\":\"/SALES_AREA_VKORG\",\"modelName\":\"NewYardModel\"}"}]}
RESULT: {"script":"<script> [1562 bytes]","args":[{"selector":{"controlType":"sap.m.Input","viewName":"etm.portal.ui.manageyards.view.New","viewId":"application-manageyards-display-component---NewYard","bindingPath":{"path":"","propertyPath":"/SALES_AREA_VKORG","modelName":"NewYardModel"},"interaction":{"idSuffix":"inner"}},"wdio_ui5_key":"etmportal.ui.manageyards.view.Newsap.m.Input{\"path\":\"\",\"propertyPath\":\"/SALES_AREA_VKORG\",\"modelName\":\"NewYardModel\"}"}]}
RESULT: undefined
COMMAND: POST /session/8695070d5a47df2563e3bdc8364ee49b/execute/async - {"script":"<script> [776 bytes]","args":[{"enterText":"C002","selector":{"controlType":"sap.m.Input","viewName":"etm.portal.ui.manageyards.view.New","viewId":"application-manageyards-display-component---NewYard","bindingPath":{"path":"","propertyPath":"/SALES_AREA_VKORG","modelName":"NewYardModel"},"interaction":{"idSuffix":"inner"}},"clearTextFirst":true,"interactionType":"ENTER_TEXT"}]}
RESULT: {"script":"<script> [776 bytes]","args":[{"enterText":"C002","selector":{"controlType":"sap.m.Input","viewName":"etm.portal.ui.manageyards.view.New","viewId":"application-manageyards-display-component---NewYard","bindingPath":{"path":"","propertyPath":"/SALES_AREA_VKORG","modelName":"NewYardModel"},"interaction":{"idSuffix":"inner"}},"clearTextFirst":true,"interactionType":"ENTER_TEXT"}]}
COMMAND: POST /session/8695070d5a47df2563e3bdc8364ee49b/execute/async - {"script":"<script> [1562 bytes]","args":[{"selector":{"controlType":"sap.m.Input","viewName":"etm.portal.ui.manageyards.view.New","viewId":"application-manageyards-display-component---NewYard","bindingPath":{"path":"","propertyPath":"/SALES_AREA_VTWEG","modelName":"NewYardModel"},"interaction":{"idSuffix":"inner"}},"wdio_ui5_key":"etmportal.ui.manageyards.view.Newsap.m.Input{\"path\":\"\",\"propertyPath\":\"/SALES_AREA_VTWEG\",\"modelName\":\"NewYardModel\"}"}]}
RESULT: {"script":"<script> [1562 bytes]","args":[{"selector":{"controlType":"sap.m.Input","viewName":"etm.portal.ui.manageyards.view.New","viewId":"application-manageyards-display-component---NewYard","bindingPath":{"path":"","propertyPath":"/SALES_AREA_VTWEG","modelName":"NewYardModel"},"interaction":{"idSuffix":"inner"}},"wdio_ui5_key":"etmportal.ui.manageyards.view.Newsap.m.Input{\"path\":\"\",\"propertyPath\":\"/SALES_AREA_VTWEG\",\"modelName\":\"NewYardModel\"}"}]}
RESULT: undefined
COMMAND: POST /session/8695070d5a47df2563e3bdc8364ee49b/execute/async - {"script":"<script> [776 bytes]","args":[{"enterText":"C2","selector":{"controlType":"sap.m.Input","viewName":"etm.portal.ui.manageyards.view.New","viewId":"application-manageyards-display-component---NewYard","bindingPath":{"path":"","propertyPath":"/SALES_AREA_VTWEG","modelName":"NewYardModel"},"interaction":{"idSuffix":"inner"}},"clearTextFirst":true,"interactionType":"ENTER_TEXT"}]}
RESULT: {"script":"<script> [776 bytes]","args":[{"enterText":"C2","selector":{"controlType":"sap.m.Input","viewName":"etm.portal.ui.manageyards.view.New","viewId":"application-manageyards-display-component---NewYard","bindingPath":{"path":"","propertyPath":"/SALES_AREA_VTWEG","modelName":"NewYardModel"},"interaction":{"idSuffix":"inner"}},"clearTextFirst":true,"interactionType":"ENTER_TEXT"}]}
COMMAND: POST /session/8695070d5a47df2563e3bdc8364ee49b/execute/async - {"script":"<script> [1562 bytes]","args":[{"selector":{"controlType":"sap.m.Input","viewName":"etm.portal.ui.manageyards.view.New","viewId":"application-manageyards-display-component---NewYard","bindingPath":{"path":"","propertyPath":"/SALES_AREA_SPART","modelName":"NewYardModel"},"interaction":{"idSuffix":"inner"}},"wdio_ui5_key":"etmportal.ui.manageyards.view.Newsap.m.Input{\"path\":\"\",\"propertyPath\":\"/SALES_AREA_SPART\",\"modelName\":\"NewYardModel\"}"}]}
RESULT: {"script":"<script> [1562 bytes]","args":[{"selector":{"controlType":"sap.m.Input","viewName":"etm.portal.ui.manageyards.view.New","viewId":"application-manageyards-display-component---NewYard","bindingPath":{"path":"","propertyPath":"/SALES_AREA_SPART","modelName":"NewYardModel"},"interaction":{"idSuffix":"inner"}},"wdio_ui5_key":"etmportal.ui.manageyards.view.Newsap.m.Input{\"path\":\"\",\"propertyPath\":\"/SALES_AREA_SPART\",\"modelName\":\"NewYardModel\"}"}]}
RESULT: undefined
COMMAND: POST /session/8695070d5a47df2563e3bdc8364ee49b/execute/async - {"script":"<script> [776 bytes]","args":[{"enterText":"C2","selector":{"controlType":"sap.m.Input","viewName":"etm.portal.ui.manageyards.view.New","viewId":"application-manageyards-display-component---NewYard","bindingPath":{"path":"","propertyPath":"/SALES_AREA_SPART","modelName":"NewYardModel"},"interaction":{"idSuffix":"inner"}},"clearTextFirst":true,"interactionType":"ENTER_TEXT"}]}
RESULT: {"script":"<script> [776 bytes]","args":[{"enterText":"C2","selector":{"controlType":"sap.m.Input","viewName":"etm.portal.ui.manageyards.view.New","viewId":"application-manageyards-display-component---NewYard","bindingPath":{"path":"","propertyPath":"/SALES_AREA_SPART","modelName":"NewYardModel"},"interaction":{"idSuffix":"inner"}},"clearTextFirst":true,"interactionType":"ENTER_TEXT"}]}
COMMAND: POST /session/8695070d5a47df2563e3bdc8364ee49b/execute/async - {"script":"<script> [1562 bytes]","args":[{"selector":{"controlType":"sap.m.Input","viewName":"etm.portal.ui.manageyards.view.New","viewId":"application-manageyards-display-component---NewYard","bindingPath":{"path":"","propertyPath":"/SHIP_POINT","modelName":"NewYardModel"},"interaction":{"idSuffix":"inner"}},"wdio_ui5_key":"etmportal.ui.manageyards.view.Newsap.m.Input{\"path\":\"\",\"propertyPath\":\"/SHIP_POINT\",\"modelName\":\"NewYardModel\"}"}]}
RESULT: {"script":"<script> [1562 bytes]","args":[{"selector":{"controlType":"sap.m.Input","viewName":"etm.portal.ui.manageyards.view.New","viewId":"application-manageyards-display-component---NewYard","bindingPath":{"path":"","propertyPath":"/SHIP_POINT","modelName":"NewYardModel"},"interaction":{"idSuffix":"inner"}},"wdio_ui5_key":"etmportal.ui.manageyards.view.Newsap.m.Input{\"path\":\"\",\"propertyPath\":\"/SHIP_POINT\",\"modelName\":\"NewYardModel\"}"}]}
RESULT: undefined
COMMAND: POST /session/8695070d5a47df2563e3bdc8364ee49b/execute/async - {"script":"<script> [776 bytes]","args":[{"enterText":"1710","selector":{"controlType":"sap.m.Input","viewName":"etm.portal.ui.manageyards.view.New","viewId":"application-manageyards-display-component---NewYard","bindingPath":{"path":"","propertyPath":"/SHIP_POINT","modelName":"NewYardModel"},"interaction":{"idSuffix":"inner"}},"clearTextFirst":true,"interactionType":"ENTER_TEXT"}]}
RESULT: {"script":"<script> [776 bytes]","args":[{"enterText":"1710","selector":{"controlType":"sap.m.Input","viewName":"etm.portal.ui.manageyards.view.New","viewId":"application-manageyards-display-component---NewYard","bindingPath":{"path":"","propertyPath":"/SHIP_POINT","modelName":"NewYardModel"},"interaction":{"idSuffix":"inner"}},"clearTextFirst":true,"interactionType":"ENTER_TEXT"}]}
COMMAND: POST /session/8695070d5a47df2563e3bdc8364ee49b/execute/async - {"script":"<script> [1562 bytes]","args":[{"selector":{"controlType":"sap.m.Input","viewName":"etm.portal.ui.manageyards.view.New","viewId":"application-manageyards-display-component---NewYard","bindingPath":{"path":"","propertyPath":"/DELIVERY_TYPE","modelName":"NewYardModel"},"interaction":{"idSuffix":"inner"}},"wdio_ui5_key":"etmportal.ui.manageyards.view.Newsap.m.Input{\"path\":\"\",\"propertyPath\":\"/DELIVERY_TYPE\",\"modelName\":\"NewYardModel\"}"}]}
RESULT: {"script":"<script> [1562 bytes]","args":[{"selector":{"controlType":"sap.m.Input","viewName":"etm.portal.ui.manageyards.view.New","viewId":"application-manageyards-display-component---NewYard","bindingPath":{"path":"","propertyPath":"/DELIVERY_TYPE","modelName":"NewYardModel"},"interaction":{"idSuffix":"inner"}},"wdio_ui5_key":"etmportal.ui.manageyards.view.Newsap.m.Input{\"path\":\"\",\"propertyPath\":\"/DELIVERY_TYPE\",\"modelName\":\"NewYardModel\"}"}]}
RESULT: undefined
COMMAND: POST /session/8695070d5a47df2563e3bdc8364ee49b/execute/async - {"script":"<script> [776 bytes]","args":[{"enterText":"ZL01","selector":{"controlType":"sap.m.Input","viewName":"etm.portal.ui.manageyards.view.New","viewId":"application-manageyards-display-component---NewYard","bindingPath":{"path":"","propertyPath":"/DELIVERY_TYPE","modelName":"NewYardModel"},"interaction":{"idSuffix":"inner"}},"clearTextFirst":true,"interactionType":"ENTER_TEXT"}]}
RESULT: {"script":"<script> [776 bytes]","args":[{"enterText":"ZL01","selector":{"controlType":"sap.m.Input","viewName":"etm.portal.ui.manageyards.view.New","viewId":"application-manageyards-display-component---NewYard","bindingPath":{"path":"","propertyPath":"/DELIVERY_TYPE","modelName":"NewYardModel"},"interaction":{"idSuffix":"inner"}},"clearTextFirst":true,"interactionType":"ENTER_TEXT"}]}
COMMAND: POST /session/8695070d5a47df2563e3bdc8364ee49b/execute/async - {"script":"<script> [1562 bytes]","args":[{"selector":{"controlType":"sap.m.Input","viewName":"etm.portal.ui.manageyards.view.New","viewId":"application-manageyards-display-component---NewYard","bindingPath":{"path":"","propertyPath":"/AUART","modelName":"NewYardModel"},"interaction":{"idSuffix":"inner"}},"wdio_ui5_key":"etmportal.ui.manageyards.view.Newsap.m.Input{\"path\":\"\",\"propertyPath\":\"/AUART\",\"modelName\":\"NewYardModel\"}"}]}
RESULT: {"script":"<script> [1562 bytes]","args":[{"selector":{"controlType":"sap.m.Input","viewName":"etm.portal.ui.manageyards.view.New","viewId":"application-manageyards-display-component---NewYard","bindingPath":{"path":"","propertyPath":"/AUART","modelName":"NewYardModel"},"interaction":{"idSuffix":"inner"}},"wdio_ui5_key":"etmportal.ui.manageyards.view.Newsap.m.Input{\"path\":\"\",\"propertyPath\":\"/AUART\",\"modelName\":\"NewYardModel\"}"}]}
RESULT: undefined
COMMAND: POST /session/8695070d5a47df2563e3bdc8364ee49b/execute/async - {"script":"<script> [776 bytes]","args":[{"enterText":"TA","selector":{"controlType":"sap.m.Input","viewName":"etm.portal.ui.manageyards.view.New","viewId":"application-manageyards-display-component---NewYard","bindingPath":{"path":"","propertyPath":"/AUART","modelName":"NewYardModel"},"interaction":{"idSuffix":"inner"}},"clearTextFirst":true,"interactionType":"ENTER_TEXT"}]}
RESULT: {"script":"<script> [776 bytes]","args":[{"enterText":"TA","selector":{"controlType":"sap.m.Input","viewName":"etm.portal.ui.manageyards.view.New","viewId":"application-manageyards-display-component---NewYard","bindingPath":{"path":"","propertyPath":"/AUART","modelName":"NewYardModel"},"interaction":{"idSuffix":"inner"}},"clearTextFirst":true,"interactionType":"ENTER_TEXT"}]}
COMMAND: POST /session/8695070d5a47df2563e3bdc8364ee49b/element - {"using":"xpath","value":"//button[@data-kt=\"newYardSaveButton\"]"}
RESULT: {"using":"xpath","value":"//button[@data-kt=\"newYardSaveButton\"]"}
COMMAND: POST /session/8695070d5a47df2563e3bdc8364ee49b/element/f.C2FBE1F9D69D7A7D8F7D3E73BC2E8356.d.F59E9627E13C9801F442D58AAAEA3001.e.705/click - {}
RESULT: {}
COMMAND: GET /session/8695070d5a47df2563e3bdc8364ee49b/screenshot - {}
RESULT: {}
COMMAND: POST /session/8695070d5a47df2563e3bdc8364ee49b/element - {"using":"xpath","value":"//header[contains(@id, 'ObjectPageLayout-headerTitle')]/div[1]/div[2]/div[1]/span[1]"}
RESULT: {"using":"xpath","value":"//header[contains(@id, 'ObjectPageLayout-headerTitle')]/div[1]/div[2]/div[1]/span[1]"}
COMMAND: POST /session/8695070d5a47df2563e3bdc8364ee49b/elements - {"using":"xpath","value":"//header[contains(@id, 'ObjectPageLayout-headerTitle')]/div[1]/div[2]/div[1]/span[1]"}
RESULT: {"using":"xpath","value":"//header[contains(@id, 'ObjectPageLayout-headerTitle')]/div[1]/div[2]/div[1]/span[1]"}
COMMAND: POST /session/8695070d5a47df2563e3bdc8364ee49b/execute/sync - {"script":"<script> [56 bytes]","args":[{"element-6066-11e4-a52e-4f735466cecf":"f.C2FBE1F9D69D7A7D8F7D3E73BC2E8356.d.F59E9627E13C9801F442D58AAAEA3001.e.997","ELEMENT":"f.C2FBE1F9D69D7A7D8F7D3E73BC2E8356.d.F59E9627E13C9801F442D58AAAEA3001.e.997"}]}
RESULT: {"script":"<script> [56 bytes]","args":[{"element-6066-11e4-a52e-4f735466cecf":"f.C2FBE1F9D69D7A7D8F7D3E73BC2E8356.d.F59E9627E13C9801F442D58AAAEA3001.e.997","ELEMENT":"f.C2FBE1F9D69D7A7D8F7D3E73BC2E8356.d.F59E9627E13C9801F442D58AAAEA3001.e.997"}]}
COMMAND: GET /session/8695070d5a47df2563e3bdc8364ee49b/screenshot - {}
RESULT: {}
COMMAND: POST /session/8695070d5a47df2563e3bdc8364ee49b/element - {"using":"css selector","value":"#shell-header-logo"}
RESULT: {"using":"css selector","value":"#shell-header-logo"}
COMMAND: POST /session/8695070d5a47df2563e3bdc8364ee49b/element/f.C2FBE1F9D69D7A7D8F7D3E73BC2E8356.d.F59E9627E13C9801F442D58AAAEA3001.e.254/click - {}
RESULT: {}
COMMAND: GET /session/8695070d5a47df2563e3bdc8364ee49b/screenshot - {}
RESULT: {}
COMMAND: POST /session/8695070d5a47df2563e3bdc8364ee49b/execute/sync - {"script":"<script> [299 bytes]","args":[["getModel","getResource"]]}
RESULT: {"script":"<script> [299 bytes]","args":[["getModel","getResource"]]}
COMMAND: GET /session/8695070d5a47df2563e3bdc8364ee49b/screenshot - {}
]]></system-out>
    </testcase>
    <testcase classname="chrome.136_0_7103_93.windows.Partner_specific_tests_US150819_US151080_US151654_US151176_US103444_US151078_US151079_US151109_US151174_US151175_US151189" name="Should create new external partner US150819" time="120.209">
      <system-out><![CDATA[
COMMAND: POST /session/8695070d5a47df2563e3bdc8364ee49b/element - {"using":"xpath","value":"//li[.//span[text()=\"Manage Partners\"]]"}
RESULT: {"using":"xpath","value":"//li[.//span[text()=\"Manage Partners\"]]"}
COMMAND: POST /session/8695070d5a47df2563e3bdc8364ee49b/element - {"using":"xpath","value":"//li[.//span[text()=\"Manage Partners\"]]"}
RESULT: {}
RESULT: {"using":"xpath","value":"//li[.//span[text()=\"Manage Partners\"]]"}
COMMAND: POST /session/8695070d5a47df2563e3bdc8364ee49b/element - {"using":"css selector","value":"#shell-header-logo"}
RESULT: {"using":"css selector","value":"#shell-header-logo"}
COMMAND: POST /session/8695070d5a47df2563e3bdc8364ee49b/element/f.C2FBE1F9D69D7A7D8F7D3E73BC2E8356.d.F59E9627E13C9801F442D58AAAEA3001.e.999/click - {}
COMMAND: POST /session/8695070d5a47df2563e3bdc8364ee49b/execute/sync - {"script":"<script> [8489 bytes]","args":[{"element-6066-11e4-a52e-4f735466cecf":"f.C2FBE1F9D69D7A7D8F7D3E73BC2E8356.d.F59E9627E13C9801F442D58AAAEA3001.e.999","ELEMENT":"f.C2FBE1F9D69D7A7D8F7D3E73BC2E8356.d.F59E9627E13C9801F442D58AAAEA3001.e.999"}]}
RESULT: {}
COMMAND: GET /session/8695070d5a47df2563e3bdc8364ee49b/screenshot - {}
RESULT: {"script":"<script> [8489 bytes]","args":[{"element-6066-11e4-a52e-4f735466cecf":"f.C2FBE1F9D69D7A7D8F7D3E73BC2E8356.d.F59E9627E13C9801F442D58AAAEA3001.e.999","ELEMENT":"f.C2FBE1F9D69D7A7D8F7D3E73BC2E8356.d.F59E9627E13C9801F442D58AAAEA3001.e.999"}]}
COMMAND: POST /session/8695070d5a47df2563e3bdc8364ee49b/execute/sync - {"script":"<script> [5351 bytes]","args":[{"element-6066-11e4-a52e-4f735466cecf":"f.C2FBE1F9D69D7A7D8F7D3E73BC2E8356.d.F59E9627E13C9801F442D58AAAEA3001.e.999","ELEMENT":"f.C2FBE1F9D69D7A7D8F7D3E73BC2E8356.d.F59E9627E13C9801F442D58AAAEA3001.e.999"}]}
COMMAND: GET /session/8695070d5a47df2563e3bdc8364ee49b/screenshot - {}
RESULT: {}
RESULT: {"script":"<script> [5351 bytes]","args":[{"element-6066-11e4-a52e-4f735466cecf":"f.C2FBE1F9D69D7A7D8F7D3E73BC2E8356.d.F59E9627E13C9801F442D58AAAEA3001.e.999","ELEMENT":"f.C2FBE1F9D69D7A7D8F7D3E73BC2E8356.d.F59E9627E13C9801F442D58AAAEA3001.e.999"}]}
COMMAND: GET /session/8695070d5a47df2563e3bdc8364ee49b/screenshot - {}
RESULT: {}
RESULT: {}
COMMAND: POST /session/8695070d5a47df2563e3bdc8364ee49b/window/fullscreen - {}
RESULT: {}
COMMAND: POST /session/8695070d5a47df2563e3bdc8364ee49b/execute/async - {"script":"<script> [1562 bytes]","args":[{"selector":{"controlType":"sap.m.GenericTile","properties":{"header":"Manage Partners"}},"wdio_ui5_key":"sapm.GenericTile{\"header\":\"Manage Partners\"}"}]}
RESULT: {"script":"<script> [1562 bytes]","args":[{"selector":{"controlType":"sap.m.GenericTile","properties":{"header":"Manage Partners"}},"wdio_ui5_key":"sapm.GenericTile{\"header\":\"Manage Partners\"}"}]}
RESULT: undefined
COMMAND: POST /session/8695070d5a47df2563e3bdc8364ee49b/element - {"using":"xpath","value":"//*[@id=\"__tile38\"]"}
RESULT: {"using":"xpath","value":"//*[@id=\"__tile38\"]"}
COMMAND: POST /session/8695070d5a47df2563e3bdc8364ee49b/element/f.C2FBE1F9D69D7A7D8F7D3E73BC2E8356.d.F59E9627E13C9801F442D58AAAEA3001.e.139/click - {}
RESULT: {}
COMMAND: GET /session/8695070d5a47df2563e3bdc8364ee49b/screenshot - {}
RESULT: {}
COMMAND: POST /session/8695070d5a47df2563e3bdc8364ee49b/elements - {"using":"xpath","value":"//span[text()='Error']"}
RESULT: {"using":"xpath","value":"//span[text()='Error']"}
COMMAND: POST /session/8695070d5a47df2563e3bdc8364ee49b/element - {"using":"xpath","value":"//button[@data-kt=\"addButton\"]"}
RESULT: {"using":"xpath","value":"//button[@data-kt=\"addButton\"]"}
COMMAND: POST /session/8695070d5a47df2563e3bdc8364ee49b/elements - {"using":"xpath","value":"//button[@data-kt=\"addButton\"]"}
RESULT: {"using":"xpath","value":"//button[@data-kt=\"addButton\"]"}
COMMAND: POST /session/8695070d5a47df2563e3bdc8364ee49b/execute/sync - {"script":"<script> [8489 bytes]","args":[{"element-6066-11e4-a52e-4f735466cecf":"f.C2FBE1F9D69D7A7D8F7D3E73BC2E8356.d.F59E9627E13C9801F442D58AAAEA3001.e.1045","ELEMENT":"f.C2FBE1F9D69D7A7D8F7D3E73BC2E8356.d.F59E9627E13C9801F442D58AAAEA3001.e.1045"}]}
RESULT: {"script":"<script> [8489 bytes]","args":[{"element-6066-11e4-a52e-4f735466cecf":"f.C2FBE1F9D69D7A7D8F7D3E73BC2E8356.d.F59E9627E13C9801F442D58AAAEA3001.e.1045","ELEMENT":"f.C2FBE1F9D69D7A7D8F7D3E73BC2E8356.d.F59E9627E13C9801F442D58AAAEA3001.e.1045"}]}
COMMAND: GET /session/8695070d5a47df2563e3bdc8364ee49b/element/f.C2FBE1F9D69D7A7D8F7D3E73BC2E8356.d.F59E9627E13C9801F442D58AAAEA3001.e.1045/enabled - {}
COMMAND: GET /session/8695070d5a47df2563e3bdc8364ee49b/screenshot - {}
RESULT: {}
COMMAND: POST /session/8695070d5a47df2563e3bdc8364ee49b/execute/sync - {"script":"<script> [8489 bytes]","args":[{"element-6066-11e4-a52e-4f735466cecf":"f.C2FBE1F9D69D7A7D8F7D3E73BC2E8356.d.F59E9627E13C9801F442D58AAAEA3001.e.1045","ELEMENT":"f.C2FBE1F9D69D7A7D8F7D3E73BC2E8356.d.F59E9627E13C9801F442D58AAAEA3001.e.1045"}]}
COMMAND: GET /session/8695070d5a47df2563e3bdc8364ee49b/screenshot - {}
RESULT: {}
RESULT: {"script":"<script> [8489 bytes]","args":[{"element-6066-11e4-a52e-4f735466cecf":"f.C2FBE1F9D69D7A7D8F7D3E73BC2E8356.d.F59E9627E13C9801F442D58AAAEA3001.e.1045","ELEMENT":"f.C2FBE1F9D69D7A7D8F7D3E73BC2E8356.d.F59E9627E13C9801F442D58AAAEA3001.e.1045"}]}
COMMAND: POST /session/8695070d5a47df2563e3bdc8364ee49b/execute/sync - {"script":"<script> [5351 bytes]","args":[{"element-6066-11e4-a52e-4f735466cecf":"f.C2FBE1F9D69D7A7D8F7D3E73BC2E8356.d.F59E9627E13C9801F442D58AAAEA3001.e.1045","ELEMENT":"f.C2FBE1F9D69D7A7D8F7D3E73BC2E8356.d.F59E9627E13C9801F442D58AAAEA3001.e.1045"}]}
COMMAND: GET /session/8695070d5a47df2563e3bdc8364ee49b/screenshot - {}
RESULT: {}
RESULT: {"script":"<script> [5351 bytes]","args":[{"element-6066-11e4-a52e-4f735466cecf":"f.C2FBE1F9D69D7A7D8F7D3E73BC2E8356.d.F59E9627E13C9801F442D58AAAEA3001.e.1045","ELEMENT":"f.C2FBE1F9D69D7A7D8F7D3E73BC2E8356.d.F59E9627E13C9801F442D58AAAEA3001.e.1045"}]}
COMMAND: POST /session/8695070d5a47df2563e3bdc8364ee49b/element/f.C2FBE1F9D69D7A7D8F7D3E73BC2E8356.d.F59E9627E13C9801F442D58AAAEA3001.e.1045/click - {}
COMMAND: GET /session/8695070d5a47df2563e3bdc8364ee49b/screenshot - {}
RESULT: {}
RESULT: {}
COMMAND: GET /session/8695070d5a47df2563e3bdc8364ee49b/screenshot - {}
COMMAND: POST /session/8695070d5a47df2563e3bdc8364ee49b/execute/async - {"script":"<script> [1562 bytes]","args":[{"selector":{"id":"application-managepartners-display-component---NewPartner--addressDetailDetailsName1","interaction":{"idSuffix":"inner"}},"wdio_ui5_key":"applicationmanagepartners-display-component---NewPartner--addressDetailDetailsName1"}]}
RESULT: {}
RESULT: {}
RESULT: {"script":"<script> [1562 bytes]","args":[{"selector":{"id":"application-managepartners-display-component---NewPartner--addressDetailDetailsName1","interaction":{"idSuffix":"inner"}},"wdio_ui5_key":"applicationmanagepartners-display-component---NewPartner--addressDetailDetailsName1"}]}
RESULT: undefined
COMMAND: POST /session/8695070d5a47df2563e3bdc8364ee49b/execute/async - {"script":"<script> [776 bytes]","args":[{"enterText":"External Partner WDIO","selector":{"id":"application-managepartners-display-component---NewPartner--addressDetailDetailsName1","interaction":{"idSuffix":"inner"}},"clearTextFirst":true,"interactionType":"ENTER_TEXT"}]}
RESULT: {"script":"<script> [776 bytes]","args":[{"enterText":"External Partner WDIO","selector":{"id":"application-managepartners-display-component---NewPartner--addressDetailDetailsName1","interaction":{"idSuffix":"inner"}},"clearTextFirst":true,"interactionType":"ENTER_TEXT"}]}
COMMAND: POST /session/8695070d5a47df2563e3bdc8364ee49b/execute/async - {"script":"<script> [1562 bytes]","args":[{"selector":{"id":"application-managepartners-display-component---NewPartner--addressDetailDetailsLanguage-arrow"},"wdio_ui5_key":"applicationmanagepartners-display-component---NewPartner--addressDetailDetailsLanguage-arrow"}]}
RESULT: {"script":"<script> [1562 bytes]","args":[{"selector":{"id":"application-managepartners-display-component---NewPartner--addressDetailDetailsLanguage-arrow"},"wdio_ui5_key":"applicationmanagepartners-display-component---NewPartner--addressDetailDetailsLanguage-arrow"}]}
RESULT: undefined
COMMAND: POST /session/8695070d5a47df2563e3bdc8364ee49b/element - {"using":"xpath","value":"//*[@id=\"application-managepartners-display-component---NewPartner--addressDetailDetailsLanguage-arrow\"]"}
RESULT: {"using":"xpath","value":"//*[@id=\"application-managepartners-display-component---NewPartner--addressDetailDetailsLanguage-arrow\"]"}
COMMAND: POST /session/8695070d5a47df2563e3bdc8364ee49b/element/f.C2FBE1F9D69D7A7D8F7D3E73BC2E8356.d.F59E9627E13C9801F442D58AAAEA3001.e.1480/click - {}
RESULT: {}
COMMAND: POST /session/8695070d5a47df2563e3bdc8364ee49b/element - {"using":"xpath","value":"//span[contains(text(), \"English\")]"}
COMMAND: GET /session/8695070d5a47df2563e3bdc8364ee49b/screenshot - {}
RESULT: {"using":"xpath","value":"//span[contains(text(), \"English\")]"}
COMMAND: POST /session/8695070d5a47df2563e3bdc8364ee49b/element/f.C2FBE1F9D69D7A7D8F7D3E73BC2E8356.d.F59E9627E13C9801F442D58AAAEA3001.e.1481/click - {}
RESULT: {}
RESULT: {}
COMMAND: GET /session/8695070d5a47df2563e3bdc8364ee49b/screenshot - {}
RESULT: {}
COMMAND: POST /session/8695070d5a47df2563e3bdc8364ee49b/execute/async - {"script":"<script> [1562 bytes]","args":[{"selector":{"id":"application-managepartners-display-component---NewPartner--addressDetailDetailsCity1","interaction":{"idSuffix":"inner"}},"wdio_ui5_key":"applicationmanagepartners-display-component---NewPartner--addressDetailDetailsCity1"}]}
RESULT: {"script":"<script> [1562 bytes]","args":[{"selector":{"id":"application-managepartners-display-component---NewPartner--addressDetailDetailsCity1","interaction":{"idSuffix":"inner"}},"wdio_ui5_key":"applicationmanagepartners-display-component---NewPartner--addressDetailDetailsCity1"}]}
RESULT: undefined
COMMAND: POST /session/8695070d5a47df2563e3bdc8364ee49b/execute/async - {"script":"<script> [776 bytes]","args":[{"enterText":"Rosario","selector":{"id":"application-managepartners-display-component---NewPartner--addressDetailDetailsCity1","interaction":{"idSuffix":"inner"}},"clearTextFirst":true,"interactionType":"ENTER_TEXT"}]}
RESULT: {"script":"<script> [776 bytes]","args":[{"enterText":"Rosario","selector":{"id":"application-managepartners-display-component---NewPartner--addressDetailDetailsCity1","interaction":{"idSuffix":"inner"}},"clearTextFirst":true,"interactionType":"ENTER_TEXT"}]}
COMMAND: POST /session/8695070d5a47df2563e3bdc8364ee49b/execute/async - {"script":"<script> [1562 bytes]","args":[{"selector":{"id":"application-managepartners-display-component---NewPartner--addressDetailDetailsCountry-arrow"},"wdio_ui5_key":"applicationmanagepartners-display-component---NewPartner--addressDetailDetailsCountry-arrow"}]}
RESULT: {"script":"<script> [1562 bytes]","args":[{"selector":{"id":"application-managepartners-display-component---NewPartner--addressDetailDetailsCountry-arrow"},"wdio_ui5_key":"applicationmanagepartners-display-component---NewPartner--addressDetailDetailsCountry-arrow"}]}
RESULT: undefined
COMMAND: POST /session/8695070d5a47df2563e3bdc8364ee49b/element - {"using":"xpath","value":"//*[@id=\"application-managepartners-display-component---NewPartner--addressDetailDetailsCountry-arrow\"]"}
RESULT: {"using":"xpath","value":"//*[@id=\"application-managepartners-display-component---NewPartner--addressDetailDetailsCountry-arrow\"]"}
COMMAND: POST /session/8695070d5a47df2563e3bdc8364ee49b/element/f.C2FBE1F9D69D7A7D8F7D3E73BC2E8356.d.F59E9627E13C9801F442D58AAAEA3001.e.1459/click - {}
RESULT: {}
COMMAND: POST /session/8695070d5a47df2563e3bdc8364ee49b/element - {"using":"xpath","value":"//span[contains(text(), \"Argentina\")]"}
COMMAND: GET /session/8695070d5a47df2563e3bdc8364ee49b/screenshot - {}
RESULT: {"using":"xpath","value":"//span[contains(text(), \"Argentina\")]"}
COMMAND: POST /session/8695070d5a47df2563e3bdc8364ee49b/element/f.C2FBE1F9D69D7A7D8F7D3E73BC2E8356.d.F59E9627E13C9801F442D58AAAEA3001.e.1483/click - {}
RESULT: {}
RESULT: {}
COMMAND: GET /session/8695070d5a47df2563e3bdc8364ee49b/screenshot - {}
RESULT: {}
COMMAND: POST /session/8695070d5a47df2563e3bdc8364ee49b/element - {"using":"xpath","value":"//bdi[contains(text(), \"Commercial\")]"}
RESULT: {"using":"xpath","value":"//bdi[contains(text(), \"Commercial\")]"}
COMMAND: POST /session/8695070d5a47df2563e3bdc8364ee49b/element/f.C2FBE1F9D69D7A7D8F7D3E73BC2E8356.d.F59E9627E13C9801F442D58AAAEA3001.e.1484/click - {}
RESULT: {}
COMMAND: GET /session/8695070d5a47df2563e3bdc8364ee49b/screenshot - {}
RESULT: {}
COMMAND: POST /session/8695070d5a47df2563e3bdc8364ee49b/execute/async - {"script":"<script> [1562 bytes]","args":[{"selector":{"id":"application-managepartners-display-component---NewPartner--partnerDetailInternal-arrow"},"wdio_ui5_key":"applicationmanagepartners-display-component---NewPartner--partnerDetailInternal-arrow"}]}
RESULT: {"script":"<script> [1562 bytes]","args":[{"selector":{"id":"application-managepartners-display-component---NewPartner--partnerDetailInternal-arrow"},"wdio_ui5_key":"applicationmanagepartners-display-component---NewPartner--partnerDetailInternal-arrow"}]}
RESULT: undefined
COMMAND: POST /session/8695070d5a47df2563e3bdc8364ee49b/element - {"using":"xpath","value":"//*[@id=\"application-managepartners-display-component---NewPartner--partnerDetailInternal-arrow\"]"}
RESULT: {"using":"xpath","value":"//*[@id=\"application-managepartners-display-component---NewPartner--partnerDetailInternal-arrow\"]"}
COMMAND: POST /session/8695070d5a47df2563e3bdc8364ee49b/element/f.C2FBE1F9D69D7A7D8F7D3E73BC2E8356.d.F59E9627E13C9801F442D58AAAEA3001.e.1490/click - {}
RESULT: {}
COMMAND: POST /session/8695070d5a47df2563e3bdc8364ee49b/element - {"using":"xpath","value":"//span[contains(text(), \"External partner\")]"}
COMMAND: GET /session/8695070d5a47df2563e3bdc8364ee49b/screenshot - {}
RESULT: {"using":"xpath","value":"//span[contains(text(), \"External partner\")]"}
COMMAND: POST /session/8695070d5a47df2563e3bdc8364ee49b/element/f.C2FBE1F9D69D7A7D8F7D3E73BC2E8356.d.F59E9627E13C9801F442D58AAAEA3001.e.1493/click - {}
RESULT: {}
RESULT: {}
COMMAND: POST /session/8695070d5a47df2563e3bdc8364ee49b/execute/async - {"script":"<script> [1562 bytes]","args":[{"selector":{"id":"application-managepartners-display-component---NewPartner--partnerDetailsCurrency-arrow"},"wdio_ui5_key":"applicationmanagepartners-display-component---NewPartner--partnerDetailsCurrency-arrow"}]}
COMMAND: GET /session/8695070d5a47df2563e3bdc8364ee49b/screenshot - {}
RESULT: {"script":"<script> [1562 bytes]","args":[{"selector":{"id":"application-managepartners-display-component---NewPartner--partnerDetailsCurrency-arrow"},"wdio_ui5_key":"applicationmanagepartners-display-component---NewPartner--partnerDetailsCurrency-arrow"}]}
RESULT: undefined
COMMAND: POST /session/8695070d5a47df2563e3bdc8364ee49b/element - {"using":"xpath","value":"//*[@id=\"application-managepartners-display-component---NewPartner--partnerDetailsCurrency-arrow\"]"}
RESULT: {}
RESULT: {"using":"xpath","value":"//*[@id=\"application-managepartners-display-component---NewPartner--partnerDetailsCurrency-arrow\"]"}
COMMAND: POST /session/8695070d5a47df2563e3bdc8364ee49b/element/f.C2FBE1F9D69D7A7D8F7D3E73BC2E8356.d.F59E9627E13C9801F442D58AAAEA3001.e.1498/click - {}
RESULT: {}
COMMAND: POST /session/8695070d5a47df2563e3bdc8364ee49b/element - {"using":"xpath","value":"//span[contains(text(), \"US Dollar\")]"}
COMMAND: GET /session/8695070d5a47df2563e3bdc8364ee49b/screenshot - {}
RESULT: {"using":"xpath","value":"//span[contains(text(), \"US Dollar\")]"}
COMMAND: POST /session/8695070d5a47df2563e3bdc8364ee49b/element/f.C2FBE1F9D69D7A7D8F7D3E73BC2E8356.d.F59E9627E13C9801F442D58AAAEA3001.e.1499/click - {}
RESULT: {}
RESULT: {}
COMMAND: GET /session/8695070d5a47df2563e3bdc8364ee49b/screenshot - {}
RESULT: {}
COMMAND: POST /session/8695070d5a47df2563e3bdc8364ee49b/element - {"using":"xpath","value":"//input[@id=\"application-managepartners-display-component---NewPartner--companyCodeComboBox-inner\"]"}
RESULT: {"using":"xpath","value":"//input[@id=\"application-managepartners-display-component---NewPartner--companyCodeComboBox-inner\"]"}
COMMAND: POST /session/8695070d5a47df2563e3bdc8364ee49b/element/f.C2FBE1F9D69D7A7D8F7D3E73BC2E8356.d.F59E9627E13C9801F442D58AAAEA3001.e.1393/clear - {}
RESULT: {}
COMMAND: POST /session/8695070d5a47df2563e3bdc8364ee49b/element/f.C2FBE1F9D69D7A7D8F7D3E73BC2E8356.d.F59E9627E13C9801F442D58AAAEA3001.e.1393/value - {"text":"C002"}
COMMAND: GET /session/8695070d5a47df2563e3bdc8364ee49b/screenshot - {}
RESULT: {"text":"C002"}
COMMAND: GET /session/8695070d5a47df2563e3bdc8364ee49b/screenshot - {}
RESULT: {}
RESULT: {}
COMMAND: POST /session/8695070d5a47df2563e3bdc8364ee49b/element - {"using":"xpath","value":"//li[.//span[text()= \"C002\"]]"}
RESULT: {"using":"xpath","value":"//li[.//span[text()= \"C002\"]]"}
COMMAND: POST /session/8695070d5a47df2563e3bdc8364ee49b/element/f.C2FBE1F9D69D7A7D8F7D3E73BC2E8356.d.F59E9627E13C9801F442D58AAAEA3001.e.1503/click - {}
RESULT: {}
COMMAND: GET /session/8695070d5a47df2563e3bdc8364ee49b/screenshot - {}
RESULT: {}
COMMAND: POST /session/8695070d5a47df2563e3bdc8364ee49b/execute/async - {"script":"<script> [1562 bytes]","args":[{"selector":{"id":"application-managepartners-display-component---NewPartner--btnAddTableRow-img"},"wdio_ui5_key":"applicationmanagepartners-display-component---NewPartner--btnAddTableRow-img"}]}
RESULT: {"script":"<script> [1562 bytes]","args":[{"selector":{"id":"application-managepartners-display-component---NewPartner--btnAddTableRow-img"},"wdio_ui5_key":"applicationmanagepartners-display-component---NewPartner--btnAddTableRow-img"}]}
RESULT: undefined
COMMAND: POST /session/8695070d5a47df2563e3bdc8364ee49b/element - {"using":"xpath","value":"//*[@id=\"application-managepartners-display-component---NewPartner--btnAddTableRow-img\"]"}
RESULT: {"using":"xpath","value":"//*[@id=\"application-managepartners-display-component---NewPartner--btnAddTableRow-img\"]"}
COMMAND: POST /session/8695070d5a47df2563e3bdc8364ee49b/element/f.C2FBE1F9D69D7A7D8F7D3E73BC2E8356.d.F59E9627E13C9801F442D58AAAEA3001.e.1504/click - {}
RESULT: {}
COMMAND: GET /session/8695070d5a47df2563e3bdc8364ee49b/screenshot - {}
RESULT: {}
COMMAND: POST /session/8695070d5a47df2563e3bdc8364ee49b/element - {"using":"xpath","value":"//input[@id=\"application-managepartners-display-component---NewPartner--assignmentYard-application-managepartners-display-component---NewPartner--assignmentsTable-0-inner\"]"}
RESULT: {"using":"xpath","value":"//input[@id=\"application-managepartners-display-component---NewPartner--assignmentYard-application-managepartners-display-component---NewPartner--assignmentsTable-0-inner\"]"}
COMMAND: POST /session/8695070d5a47df2563e3bdc8364ee49b/element/f.C2FBE1F9D69D7A7D8F7D3E73BC2E8356.d.F59E9627E13C9801F442D58AAAEA3001.e.1507/clear - {}
RESULT: {}
COMMAND: POST /session/8695070d5a47df2563e3bdc8364ee49b/element/f.C2FBE1F9D69D7A7D8F7D3E73BC2E8356.d.F59E9627E13C9801F442D58AAAEA3001.e.1507/value - {"text":"345"}
COMMAND: GET /session/8695070d5a47df2563e3bdc8364ee49b/screenshot - {}
RESULT: {"text":"345"}
COMMAND: GET /session/8695070d5a47df2563e3bdc8364ee49b/screenshot - {}
RESULT: {}
RESULT: {}
COMMAND: POST /session/8695070d5a47df2563e3bdc8364ee49b/element - {"using":"xpath","value":"//li[.//span[text()='345']]"}
RESULT: {"using":"xpath","value":"//li[.//span[text()='345']]"}
COMMAND: POST /session/8695070d5a47df2563e3bdc8364ee49b/element/f.C2FBE1F9D69D7A7D8F7D3E73BC2E8356.d.F59E9627E13C9801F442D58AAAEA3001.e.1514/click - {}
RESULT: {}
COMMAND: GET /session/8695070d5a47df2563e3bdc8364ee49b/screenshot - {}
RESULT: {}
COMMAND: POST /session/8695070d5a47df2563e3bdc8364ee49b/actions - {"actions":[{"id":"action2","type":"key","parameters":{},"actions":[{"type":"keyDown","value":""},{"type":"pause","duration":10},{"type":"keyUp","value":""}]}]}
RESULT: {"actions":[{"id":"action2","type":"key","parameters":{},"actions":[{"type":"keyDown","value":""},{"type":"pause","duration":10},{"type":"keyUp","value":""}]}]}
COMMAND: POST /session/8695070d5a47df2563e3bdc8364ee49b/element - {"using":"xpath","value":"//td[contains(@id, \"assignmentsTable-0-cell2\")]/div/div"}
COMMAND: GET /session/8695070d5a47df2563e3bdc8364ee49b/screenshot - {}
RESULT: {"using":"xpath","value":"//td[contains(@id, \"assignmentsTable-0-cell2\")]/div/div"}
COMMAND: POST /session/8695070d5a47df2563e3bdc8364ee49b/element/f.C2FBE1F9D69D7A7D8F7D3E73BC2E8356.d.F59E9627E13C9801F442D58AAAEA3001.e.1517/click - {}
RESULT: {}
RESULT: {}
COMMAND: GET /session/8695070d5a47df2563e3bdc8364ee49b/screenshot - {}
RESULT: {}
COMMAND: POST /session/8695070d5a47df2563e3bdc8364ee49b/element - {"using":"xpath","value":"//button[@data-kt=\"saveButton\"]"}
RESULT: {"using":"xpath","value":"//button[@data-kt=\"saveButton\"]"}
COMMAND: POST /session/8695070d5a47df2563e3bdc8364ee49b/element/f.C2FBE1F9D69D7A7D8F7D3E73BC2E8356.d.F59E9627E13C9801F442D58AAAEA3001.e.1399/click - {}
RESULT: {}
COMMAND: GET /session/8695070d5a47df2563e3bdc8364ee49b/screenshot - {}
RESULT: {}
COMMAND: POST /session/8695070d5a47df2563e3bdc8364ee49b/element - {"using":"xpath","value":"//header[contains(@id, 'ObjectPageLayout-headerTitle')]/div[1]/div[2]/div[2]/span[1]"}
RESULT: {"using":"xpath","value":"//header[contains(@id, 'ObjectPageLayout-headerTitle')]/div[1]/div[2]/div[2]/span[1]"}
COMMAND: POST /session/8695070d5a47df2563e3bdc8364ee49b/elements - {"using":"xpath","value":"//header[contains(@id, 'ObjectPageLayout-headerTitle')]/div[1]/div[2]/div[2]/span[1]"}
RESULT: {"using":"xpath","value":"//header[contains(@id, 'ObjectPageLayout-headerTitle')]/div[1]/div[2]/div[2]/span[1]"}
COMMAND: POST /session/8695070d5a47df2563e3bdc8364ee49b/execute/sync - {"script":"<script> [56 bytes]","args":[{"element-6066-11e4-a52e-4f735466cecf":"f.C2FBE1F9D69D7A7D8F7D3E73BC2E8356.d.F59E9627E13C9801F442D58AAAEA3001.e.1677","ELEMENT":"f.C2FBE1F9D69D7A7D8F7D3E73BC2E8356.d.F59E9627E13C9801F442D58AAAEA3001.e.1677"}]}
RESULT: {"script":"<script> [56 bytes]","args":[{"element-6066-11e4-a52e-4f735466cecf":"f.C2FBE1F9D69D7A7D8F7D3E73BC2E8356.d.F59E9627E13C9801F442D58AAAEA3001.e.1677","ELEMENT":"f.C2FBE1F9D69D7A7D8F7D3E73BC2E8356.d.F59E9627E13C9801F442D58AAAEA3001.e.1677"}]}
COMMAND: POST /session/8695070d5a47df2563e3bdc8364ee49b/element - {"using":"css selector","value":"#shell-header-logo"}
COMMAND: GET /session/8695070d5a47df2563e3bdc8364ee49b/screenshot - {}
RESULT: {"using":"css selector","value":"#shell-header-logo"}
COMMAND: POST /session/8695070d5a47df2563e3bdc8364ee49b/element/f.C2FBE1F9D69D7A7D8F7D3E73BC2E8356.d.F59E9627E13C9801F442D58AAAEA3001.e.999/click - {}
RESULT: {}
RESULT: {}
COMMAND: GET /session/8695070d5a47df2563e3bdc8364ee49b/screenshot - {}
RESULT: {}
COMMAND: POST /session/8695070d5a47df2563e3bdc8364ee49b/execute/sync - {"script":"<script> [299 bytes]","args":[["getModel","getResource"]]}
RESULT: {"script":"<script> [299 bytes]","args":[["getModel","getResource"]]}
]]></system-out>
    </testcase>
    <testcase classname="chrome.136_0_7103_93.windows.Partner_specific_tests_US150819_US151080_US151654_US151176_US103444_US151078_US151079_US151109_US151174_US151175_US151189" name="Should filter and search partners US151080" time="102.017">
      <system-out><![CDATA[
COMMAND: POST /session/8695070d5a47df2563e3bdc8364ee49b/element - {"using":"xpath","value":"//li[.//span[text()=\"Manage Partners\"]]"}
COMMAND: GET /session/8695070d5a47df2563e3bdc8364ee49b/screenshot - {}
RESULT: {"using":"xpath","value":"//li[.//span[text()=\"Manage Partners\"]]"}
COMMAND: POST /session/8695070d5a47df2563e3bdc8364ee49b/element - {"using":"xpath","value":"//li[.//span[text()=\"Manage Partners\"]]"}
RESULT: {}
RESULT: {"using":"xpath","value":"//li[.//span[text()=\"Manage Partners\"]]"}
COMMAND: POST /session/8695070d5a47df2563e3bdc8364ee49b/element - {"using":"css selector","value":"#shell-header-logo"}
RESULT: {"using":"css selector","value":"#shell-header-logo"}
COMMAND: POST /session/8695070d5a47df2563e3bdc8364ee49b/element/f.C2FBE1F9D69D7A7D8F7D3E73BC2E8356.d.F59E9627E13C9801F442D58AAAEA3001.e.1679/click - {}
COMMAND: POST /session/8695070d5a47df2563e3bdc8364ee49b/execute/sync - {"script":"<script> [8489 bytes]","args":[{"element-6066-11e4-a52e-4f735466cecf":"f.C2FBE1F9D69D7A7D8F7D3E73BC2E8356.d.F59E9627E13C9801F442D58AAAEA3001.e.1679","ELEMENT":"f.C2FBE1F9D69D7A7D8F7D3E73BC2E8356.d.F59E9627E13C9801F442D58AAAEA3001.e.1679"}]}
RESULT: {"script":"<script> [8489 bytes]","args":[{"element-6066-11e4-a52e-4f735466cecf":"f.C2FBE1F9D69D7A7D8F7D3E73BC2E8356.d.F59E9627E13C9801F442D58AAAEA3001.e.1679","ELEMENT":"f.C2FBE1F9D69D7A7D8F7D3E73BC2E8356.d.F59E9627E13C9801F442D58AAAEA3001.e.1679"}]}
COMMAND: POST /session/8695070d5a47df2563e3bdc8364ee49b/execute/sync - {"script":"<script> [5351 bytes]","args":[{"element-6066-11e4-a52e-4f735466cecf":"f.C2FBE1F9D69D7A7D8F7D3E73BC2E8356.d.F59E9627E13C9801F442D58AAAEA3001.e.1679","ELEMENT":"f.C2FBE1F9D69D7A7D8F7D3E73BC2E8356.d.F59E9627E13C9801F442D58AAAEA3001.e.1679"}]}
COMMAND: GET /session/8695070d5a47df2563e3bdc8364ee49b/screenshot - {}
RESULT: {}
COMMAND: GET /session/8695070d5a47df2563e3bdc8364ee49b/screenshot - {}
RESULT: {"script":"<script> [5351 bytes]","args":[{"element-6066-11e4-a52e-4f735466cecf":"f.C2FBE1F9D69D7A7D8F7D3E73BC2E8356.d.F59E9627E13C9801F442D58AAAEA3001.e.1679","ELEMENT":"f.C2FBE1F9D69D7A7D8F7D3E73BC2E8356.d.F59E9627E13C9801F442D58AAAEA3001.e.1679"}]}
COMMAND: GET /session/8695070d5a47df2563e3bdc8364ee49b/screenshot - {}
RESULT: {}
RESULT: {}
RESULT: {}
RESULT: undefined
COMMAND: POST /session/8695070d5a47df2563e3bdc8364ee49b/element - {"using":"xpath","value":"//*[@id=\"__tile38\"]"}
RESULT: {"using":"xpath","value":"//*[@id=\"__tile38\"]"}
COMMAND: POST /session/8695070d5a47df2563e3bdc8364ee49b/element/f.C2FBE1F9D69D7A7D8F7D3E73BC2E8356.d.F59E9627E13C9801F442D58AAAEA3001.e.139/click - {}
RESULT: {}
COMMAND: GET /session/8695070d5a47df2563e3bdc8364ee49b/screenshot - {}
RESULT: {}
COMMAND: POST /session/8695070d5a47df2563e3bdc8364ee49b/elements - {"using":"xpath","value":"//span[text()='Error']"}
RESULT: {"using":"xpath","value":"//span[text()='Error']"}
COMMAND: POST /session/8695070d5a47df2563e3bdc8364ee49b/element - {"using":"xpath","value":"//button[@data-kt=\"addButton\"]"}
RESULT: {"using":"xpath","value":"//button[@data-kt=\"addButton\"]"}
COMMAND: POST /session/8695070d5a47df2563e3bdc8364ee49b/elements - {"using":"xpath","value":"//button[@data-kt=\"addButton\"]"}
RESULT: {"using":"xpath","value":"//button[@data-kt=\"addButton\"]"}
COMMAND: POST /session/8695070d5a47df2563e3bdc8364ee49b/execute/sync - {"script":"<script> [8489 bytes]","args":[{"element-6066-11e4-a52e-4f735466cecf":"f.C2FBE1F9D69D7A7D8F7D3E73BC2E8356.d.F59E9627E13C9801F442D58AAAEA3001.e.1725","ELEMENT":"f.C2FBE1F9D69D7A7D8F7D3E73BC2E8356.d.F59E9627E13C9801F442D58AAAEA3001.e.1725"}]}
RESULT: {"script":"<script> [8489 bytes]","args":[{"element-6066-11e4-a52e-4f735466cecf":"f.C2FBE1F9D69D7A7D8F7D3E73BC2E8356.d.F59E9627E13C9801F442D58AAAEA3001.e.1725","ELEMENT":"f.C2FBE1F9D69D7A7D8F7D3E73BC2E8356.d.F59E9627E13C9801F442D58AAAEA3001.e.1725"}]}
COMMAND: GET /session/8695070d5a47df2563e3bdc8364ee49b/element/f.C2FBE1F9D69D7A7D8F7D3E73BC2E8356.d.F59E9627E13C9801F442D58AAAEA3001.e.1725/enabled - {}
COMMAND: GET /session/8695070d5a47df2563e3bdc8364ee49b/screenshot - {}
RESULT: {}
COMMAND: POST /session/8695070d5a47df2563e3bdc8364ee49b/execute/sync - {"script":"<script> [8489 bytes]","args":[{"element-6066-11e4-a52e-4f735466cecf":"f.C2FBE1F9D69D7A7D8F7D3E73BC2E8356.d.F59E9627E13C9801F442D58AAAEA3001.e.1725","ELEMENT":"f.C2FBE1F9D69D7A7D8F7D3E73BC2E8356.d.F59E9627E13C9801F442D58AAAEA3001.e.1725"}]}
COMMAND: GET /session/8695070d5a47df2563e3bdc8364ee49b/screenshot - {}
RESULT: {}
RESULT: {"script":"<script> [8489 bytes]","args":[{"element-6066-11e4-a52e-4f735466cecf":"f.C2FBE1F9D69D7A7D8F7D3E73BC2E8356.d.F59E9627E13C9801F442D58AAAEA3001.e.1725","ELEMENT":"f.C2FBE1F9D69D7A7D8F7D3E73BC2E8356.d.F59E9627E13C9801F442D58AAAEA3001.e.1725"}]}
COMMAND: POST /session/8695070d5a47df2563e3bdc8364ee49b/execute/sync - {"script":"<script> [5351 bytes]","args":[{"element-6066-11e4-a52e-4f735466cecf":"f.C2FBE1F9D69D7A7D8F7D3E73BC2E8356.d.F59E9627E13C9801F442D58AAAEA3001.e.1725","ELEMENT":"f.C2FBE1F9D69D7A7D8F7D3E73BC2E8356.d.F59E9627E13C9801F442D58AAAEA3001.e.1725"}]}
COMMAND: GET /session/8695070d5a47df2563e3bdc8364ee49b/screenshot - {}
RESULT: {}
RESULT: {"script":"<script> [5351 bytes]","args":[{"element-6066-11e4-a52e-4f735466cecf":"f.C2FBE1F9D69D7A7D8F7D3E73BC2E8356.d.F59E9627E13C9801F442D58AAAEA3001.e.1725","ELEMENT":"f.C2FBE1F9D69D7A7D8F7D3E73BC2E8356.d.F59E9627E13C9801F442D58AAAEA3001.e.1725"}]}
COMMAND: GET /session/8695070d5a47df2563e3bdc8364ee49b/screenshot - {}
RESULT: {}
RESULT: {}
COMMAND: POST /session/8695070d5a47df2563e3bdc8364ee49b/execute/async - {"script":"<script> [1562 bytes]","args":[{"selector":{"id":"application-managepartners-display-component---masterPtm--smartTable-btnPersonalisation-img"},"wdio_ui5_key":"applicationmanagepartners-display-component---masterPtm--smartTable-btnPersonalisation-img"}]}
RESULT: {"script":"<script> [1562 bytes]","args":[{"selector":{"id":"application-managepartners-display-component---masterPtm--smartTable-btnPersonalisation-img"},"wdio_ui5_key":"applicationmanagepartners-display-component---masterPtm--smartTable-btnPersonalisation-img"}]}
RESULT: undefined
COMMAND: POST /session/8695070d5a47df2563e3bdc8364ee49b/element - {"using":"xpath","value":"//*[@id=\"application-managepartners-display-component---masterPtm--smartTable-btnPersonalisation-img\"]"}
RESULT: {"using":"xpath","value":"//*[@id=\"application-managepartners-display-component---masterPtm--smartTable-btnPersonalisation-img\"]"}
COMMAND: POST /session/8695070d5a47df2563e3bdc8364ee49b/element/f.C2FBE1F9D69D7A7D8F7D3E73BC2E8356.d.F59E9627E13C9801F442D58AAAEA3001.e.1730/click - {}
RESULT: {}
COMMAND: GET /session/8695070d5a47df2563e3bdc8364ee49b/screenshot - {}
RESULT: {}
COMMAND: POST /session/8695070d5a47df2563e3bdc8364ee49b/execute/async - {"script":"<script> [1562 bytes]","args":[{"selector":{"controlType":"sap.m.IconTabFilter","viewName":"etm.portal.ui.managepartners.view.Master","viewId":"application-managepartners-display-component---masterPtm","properties":{"text":"Sort"},"searchOpenDialogs":true,"interaction":{"idSuffix":"text"}},"wdio_ui5_key":"etmportal.ui.managepartners.view.Mastersap.m.IconTabFilter{\"text\":\"Sort\"}"}]}
RESULT: {"script":"<script> [1562 bytes]","args":[{"selector":{"controlType":"sap.m.IconTabFilter","viewName":"etm.portal.ui.managepartners.view.Master","viewId":"application-managepartners-display-component---masterPtm","properties":{"text":"Sort"},"searchOpenDialogs":true,"interaction":{"idSuffix":"text"}},"wdio_ui5_key":"etmportal.ui.managepartners.view.Mastersap.m.IconTabFilter{\"text\":\"Sort\"}"}]}
RESULT: undefined
COMMAND: POST /session/8695070d5a47df2563e3bdc8364ee49b/element - {"using":"xpath","value":"//*[@id=\"__filter1\"]"}
RESULT: {"using":"xpath","value":"//*[@id=\"__filter1\"]"}
COMMAND: POST /session/8695070d5a47df2563e3bdc8364ee49b/element/f.C2FBE1F9D69D7A7D8F7D3E73BC2E8356.d.F59E9627E13C9801F442D58AAAEA3001.e.1870/click - {}
RESULT: {}
COMMAND: GET /session/8695070d5a47df2563e3bdc8364ee49b/screenshot - {}
RESULT: {}
COMMAND: POST /session/8695070d5a47df2563e3bdc8364ee49b/element - {"using":"xpath","value":"//input[@placeholder=\"Sort by\"]/following-sibling::div//span"}
RESULT: {"using":"xpath","value":"//input[@placeholder=\"Sort by\"]/following-sibling::div//span"}
COMMAND: POST /session/8695070d5a47df2563e3bdc8364ee49b/element/f.C2FBE1F9D69D7A7D8F7D3E73BC2E8356.d.F59E9627E13C9801F442D58AAAEA3001.e.1872/click - {}
RESULT: {}
COMMAND: GET /session/8695070d5a47df2563e3bdc8364ee49b/screenshot - {}
RESULT: {}
COMMAND: POST /session/8695070d5a47df2563e3bdc8364ee49b/element - {"using":"xpath","value":"//li[.//span[text()=\"Language\"]]"}
RESULT: {"using":"xpath","value":"//li[.//span[text()=\"Language\"]]"}
COMMAND: POST /session/8695070d5a47df2563e3bdc8364ee49b/element/f.C2FBE1F9D69D7A7D8F7D3E73BC2E8356.d.F59E9627E13C9801F442D58AAAEA3001.e.1873/click - {}
RESULT: {}
COMMAND: GET /session/8695070d5a47df2563e3bdc8364ee49b/screenshot - {}
RESULT: {}
COMMAND: POST /session/8695070d5a47df2563e3bdc8364ee49b/element - {"using":"xpath","value":"//bdi[contains(text(), \"OK\")]"}
RESULT: {"using":"xpath","value":"//bdi[contains(text(), \"OK\")]"}
COMMAND: POST /session/8695070d5a47df2563e3bdc8364ee49b/element/f.C2FBE1F9D69D7A7D8F7D3E73BC2E8356.d.F59E9627E13C9801F442D58AAAEA3001.e.1877/click - {}
RESULT: {}
COMMAND: GET /session/8695070d5a47df2563e3bdc8364ee49b/screenshot - {}
RESULT: {}
COMMAND: POST /session/8695070d5a47df2563e3bdc8364ee49b/element - {"using":"xpath","value":"//table[contains(@id, \"customPartnersTable\")]//tbody/tr[1]/td[3]/span"}
RESULT: {"using":"xpath","value":"//table[contains(@id, \"customPartnersTable\")]//tbody/tr[1]/td[3]/span"}
COMMAND: POST /session/8695070d5a47df2563e3bdc8364ee49b/execute/sync - {"script":"<script> [56 bytes]","args":[{"element-6066-11e4-a52e-4f735466cecf":"f.C2FBE1F9D69D7A7D8F7D3E73BC2E8356.d.F59E9627E13C9801F442D58AAAEA3001.e.2000","ELEMENT":"f.C2FBE1F9D69D7A7D8F7D3E73BC2E8356.d.F59E9627E13C9801F442D58AAAEA3001.e.2000"}]}
RESULT: {"script":"<script> [56 bytes]","args":[{"element-6066-11e4-a52e-4f735466cecf":"f.C2FBE1F9D69D7A7D8F7D3E73BC2E8356.d.F59E9627E13C9801F442D58AAAEA3001.e.2000","ELEMENT":"f.C2FBE1F9D69D7A7D8F7D3E73BC2E8356.d.F59E9627E13C9801F442D58AAAEA3001.e.2000"}]}
RESULT: undefined
COMMAND: POST /session/8695070d5a47df2563e3bdc8364ee49b/element - {"using":"xpath","value":"//*[@id=\"application-managepartners-display-component---masterPtm--smartTable-btnPersonalisation-img\"]"}
COMMAND: GET /session/8695070d5a47df2563e3bdc8364ee49b/screenshot - {}
RESULT: {"using":"xpath","value":"//*[@id=\"application-managepartners-display-component---masterPtm--smartTable-btnPersonalisation-img\"]"}
COMMAND: POST /session/8695070d5a47df2563e3bdc8364ee49b/element/f.C2FBE1F9D69D7A7D8F7D3E73BC2E8356.d.F59E9627E13C9801F442D58AAAEA3001.e.1730/click - {}
RESULT: {}
RESULT: {}
COMMAND: GET /session/8695070d5a47df2563e3bdc8364ee49b/screenshot - {}
RESULT: {}
COMMAND: POST /session/8695070d5a47df2563e3bdc8364ee49b/element - {"using":"xpath","value":"//bdi[contains(text(), \"Reset\")]"}
RESULT: {"using":"xpath","value":"//bdi[contains(text(), \"Reset\")]"}
COMMAND: POST /session/8695070d5a47df2563e3bdc8364ee49b/element/f.C2FBE1F9D69D7A7D8F7D3E73BC2E8356.d.F59E9627E13C9801F442D58AAAEA3001.e.2005/click - {}
RESULT: {}
COMMAND: GET /session/8695070d5a47df2563e3bdc8364ee49b/screenshot - {}
RESULT: {}
COMMAND: POST /session/8695070d5a47df2563e3bdc8364ee49b/element - {"using":"xpath","value":"(//bdi[contains(text(), \"OK\")])[2]"}
RESULT: {"using":"xpath","value":"(//bdi[contains(text(), \"OK\")])[2]"}
COMMAND: POST /session/8695070d5a47df2563e3bdc8364ee49b/element/f.C2FBE1F9D69D7A7D8F7D3E73BC2E8356.d.F59E9627E13C9801F442D58AAAEA3001.e.2007/click - {}
RESULT: {}
COMMAND: GET /session/8695070d5a47df2563e3bdc8364ee49b/screenshot - {}
COMMAND: POST /session/8695070d5a47df2563e3bdc8364ee49b/element - {"using":"xpath","value":"//bdi[contains(text(), \"OK\")]"}
RESULT: {}
RESULT: {"using":"xpath","value":"//bdi[contains(text(), \"OK\")]"}
COMMAND: POST /session/8695070d5a47df2563e3bdc8364ee49b/element/f.C2FBE1F9D69D7A7D8F7D3E73BC2E8356.d.F59E9627E13C9801F442D58AAAEA3001.e.2057/click - {}
RESULT: {}
COMMAND: GET /session/8695070d5a47df2563e3bdc8364ee49b/screenshot - {}
RESULT: {}
COMMAND: POST /session/8695070d5a47df2563e3bdc8364ee49b/element - {"using":"xpath","value":"//table[contains(@id, \"customPartnersTable\")]//tbody/tr[1]/td[3]/span"}
RESULT: {"using":"xpath","value":"//table[contains(@id, \"customPartnersTable\")]//tbody/tr[1]/td[3]/span"}
COMMAND: POST /session/8695070d5a47df2563e3bdc8364ee49b/execute/sync - {"script":"<script> [56 bytes]","args":[{"element-6066-11e4-a52e-4f735466cecf":"f.C2FBE1F9D69D7A7D8F7D3E73BC2E8356.d.F59E9627E13C9801F442D58AAAEA3001.e.2059","ELEMENT":"f.C2FBE1F9D69D7A7D8F7D3E73BC2E8356.d.F59E9627E13C9801F442D58AAAEA3001.e.2059"}]}
RESULT: {"script":"<script> [56 bytes]","args":[{"element-6066-11e4-a52e-4f735466cecf":"f.C2FBE1F9D69D7A7D8F7D3E73BC2E8356.d.F59E9627E13C9801F442D58AAAEA3001.e.2059","ELEMENT":"f.C2FBE1F9D69D7A7D8F7D3E73BC2E8356.d.F59E9627E13C9801F442D58AAAEA3001.e.2059"}]}
RESULT: undefined
COMMAND: POST /session/8695070d5a47df2563e3bdc8364ee49b/element - {"using":"xpath","value":"//*[@id=\"application-managepartners-display-component---masterPtm--smartTable-btnPersonalisation-img\"]"}
COMMAND: GET /session/8695070d5a47df2563e3bdc8364ee49b/screenshot - {}
RESULT: {"using":"xpath","value":"//*[@id=\"application-managepartners-display-component---masterPtm--smartTable-btnPersonalisation-img\"]"}
COMMAND: POST /session/8695070d5a47df2563e3bdc8364ee49b/element/f.C2FBE1F9D69D7A7D8F7D3E73BC2E8356.d.F59E9627E13C9801F442D58AAAEA3001.e.1730/click - {}
RESULT: {}
RESULT: {}
COMMAND: GET /session/8695070d5a47df2563e3bdc8364ee49b/screenshot - {}
RESULT: {}
COMMAND: POST /session/8695070d5a47df2563e3bdc8364ee49b/execute/async - {"script":"<script> [1562 bytes]","args":[{"selector":{"controlType":"sap.m.IconTabFilter","viewName":"etm.portal.ui.managepartners.view.Master","viewId":"application-managepartners-display-component---masterPtm","properties":{"text":"Filter"},"searchOpenDialogs":true,"interaction":{"idSuffix":"text"}},"wdio_ui5_key":"etmportal.ui.managepartners.view.Mastersap.m.IconTabFilter{\"text\":\"Filter\"}"}]}
RESULT: {"script":"<script> [1562 bytes]","args":[{"selector":{"controlType":"sap.m.IconTabFilter","viewName":"etm.portal.ui.managepartners.view.Master","viewId":"application-managepartners-display-component---masterPtm","properties":{"text":"Filter"},"searchOpenDialogs":true,"interaction":{"idSuffix":"text"}},"wdio_ui5_key":"etmportal.ui.managepartners.view.Mastersap.m.IconTabFilter{\"text\":\"Filter\"}"}]}
RESULT: undefined
COMMAND: POST /session/8695070d5a47df2563e3bdc8364ee49b/element - {"using":"xpath","value":"//*[@id=\"__filter10\"]"}
RESULT: {"using":"xpath","value":"//*[@id=\"__filter10\"]"}
COMMAND: POST /session/8695070d5a47df2563e3bdc8364ee49b/element/f.C2FBE1F9D69D7A7D8F7D3E73BC2E8356.d.F59E9627E13C9801F442D58AAAEA3001.e.2064/click - {}
RESULT: {}
COMMAND: GET /session/8695070d5a47df2563e3bdc8364ee49b/screenshot - {}
RESULT: {}
COMMAND: POST /session/8695070d5a47df2563e3bdc8364ee49b/element - {"using":"xpath","value":"//input[@placeholder=\"Filter by\"]/following-sibling::div//span"}
RESULT: {"using":"xpath","value":"//input[@placeholder=\"Filter by\"]/following-sibling::div//span"}
COMMAND: POST /session/8695070d5a47df2563e3bdc8364ee49b/element/f.C2FBE1F9D69D7A7D8F7D3E73BC2E8356.d.F59E9627E13C9801F442D58AAAEA3001.e.2066/click - {}
RESULT: {}
COMMAND: GET /session/8695070d5a47df2563e3bdc8364ee49b/screenshot - {}
RESULT: {}
COMMAND: POST /session/8695070d5a47df2563e3bdc8364ee49b/element - {"using":"xpath","value":"//li[.//span[text()=\"Preferred Yard\"]]"}
RESULT: {"using":"xpath","value":"//li[.//span[text()=\"Preferred Yard\"]]"}
COMMAND: POST /session/8695070d5a47df2563e3bdc8364ee49b/element/f.C2FBE1F9D69D7A7D8F7D3E73BC2E8356.d.F59E9627E13C9801F442D58AAAEA3001.e.2067/click - {}
RESULT: {}
COMMAND: GET /session/8695070d5a47df2563e3bdc8364ee49b/screenshot - {}
RESULT: {}
COMMAND: POST /session/8695070d5a47df2563e3bdc8364ee49b/execute/async - {"script":"<script> [1562 bytes]","args":[{"selector":{"id":"FilterPanel-filterItemControl_BASIC-application-managepartners-display-component---masterPtm--smartTable-YARDYARD-vhi","searchOpenDialogs":true},"wdio_ui5_key":"FilterPanelfilterItemControl_BASIC-application-managepartners-display-component---masterPtm--smartTable-YARDYARD-vhi"}]}
RESULT: {"script":"<script> [1562 bytes]","args":[{"selector":{"id":"FilterPanel-filterItemControl_BASIC-application-managepartners-display-component---masterPtm--smartTable-YARDYARD-vhi","searchOpenDialogs":true},"wdio_ui5_key":"FilterPanelfilterItemControl_BASIC-application-managepartners-display-component---masterPtm--smartTable-YARDYARD-vhi"}]}
RESULT: undefined
COMMAND: POST /session/8695070d5a47df2563e3bdc8364ee49b/element - {"using":"xpath","value":"//*[@id=\"FilterPanel-filterItemControl_BASIC-application-managepartners-display-component---masterPtm--smartTable-YARDYARD-vhi\"]"}
RESULT: {"using":"xpath","value":"//*[@id=\"FilterPanel-filterItemControl_BASIC-application-managepartners-display-component---masterPtm--smartTable-YARDYARD-vhi\"]"}
COMMAND: POST /session/8695070d5a47df2563e3bdc8364ee49b/element/f.C2FBE1F9D69D7A7D8F7D3E73BC2E8356.d.F59E9627E13C9801F442D58AAAEA3001.e.2070/click - {}
RESULT: {}
COMMAND: GET /session/8695070d5a47df2563e3bdc8364ee49b/screenshot - {}
RESULT: {}
COMMAND: POST /session/8695070d5a47df2563e3bdc8364ee49b/execute/async - {"script":"<script> [1562 bytes]","args":[{"selector":{"id":"FilterPanel-filterItemControl_BASIC-application-managepartners-display-component---masterPtm--smartTable-YARDYARD-valueHelpDialog-smartFilterBar-btnBasicSearch","searchOpenDialogs":true,"interaction":{"idSuffix":"I"}},"wdio_ui5_key":"FilterPanelfilterItemControl_BASIC-application-managepartners-display-component---masterPtm--smartTable-YARDYARD-valueHelpDialog-smartFilterBar-btnBasicSearch"}]}
RESULT: {"script":"<script> [1562 bytes]","args":[{"selector":{"id":"FilterPanel-filterItemControl_BASIC-application-managepartners-display-component---masterPtm--smartTable-YARDYARD-valueHelpDialog-smartFilterBar-btnBasicSearch","searchOpenDialogs":true,"interaction":{"idSuffix":"I"}},"wdio_ui5_key":"FilterPanelfilterItemControl_BASIC-application-managepartners-display-component---masterPtm--smartTable-YARDYARD-valueHelpDialog-smartFilterBar-btnBasicSearch"}]}
RESULT: undefined
COMMAND: POST /session/8695070d5a47df2563e3bdc8364ee49b/execute/async - {"script":"<script> [776 bytes]","args":[{"enterText":"345","selector":{"id":"FilterPanel-filterItemControl_BASIC-application-managepartners-display-component---masterPtm--smartTable-YARDYARD-valueHelpDialog-smartFilterBar-btnBasicSearch","searchOpenDialogs":true,"interaction":{"idSuffix":"I"}},"clearTextFirst":true,"interactionType":"ENTER_TEXT"}]}
RESULT: {"script":"<script> [776 bytes]","args":[{"enterText":"345","selector":{"id":"FilterPanel-filterItemControl_BASIC-application-managepartners-display-component---masterPtm--smartTable-YARDYARD-valueHelpDialog-smartFilterBar-btnBasicSearch","searchOpenDialogs":true,"interaction":{"idSuffix":"I"}},"clearTextFirst":true,"interactionType":"ENTER_TEXT"}]}
COMMAND: POST /session/8695070d5a47df2563e3bdc8364ee49b/actions - {"actions":[{"id":"action3","type":"key","parameters":{},"actions":[{"type":"keyDown","value":""},{"type":"pause","duration":10},{"type":"keyUp","value":""}]}]}
RESULT: {"actions":[{"id":"action3","type":"key","parameters":{},"actions":[{"type":"keyDown","value":""},{"type":"pause","duration":10},{"type":"keyUp","value":""}]}]}
COMMAND: GET /session/8695070d5a47df2563e3bdc8364ee49b/screenshot - {}
RESULT: {}
COMMAND: POST /session/8695070d5a47df2563e3bdc8364ee49b/elements - {"using":"xpath","value":"//table[contains(@id, \"smartTable-YARDYARD-valueHelpDialog-table-table\")]/tbody/tr"}
RESULT: {"using":"xpath","value":"//table[contains(@id, \"smartTable-YARDYARD-valueHelpDialog-table-table\")]/tbody/tr"}
COMMAND: POST /session/8695070d5a47df2563e3bdc8364ee49b/element - {"using":"xpath","value":"//table[contains(@id, \"smartTable-YARDYARD-valueHelpDialog-table-table\")]/tbody/tr[1]/td[1]/div/span"}
RESULT: {"using":"xpath","value":"//table[contains(@id, \"smartTable-YARDYARD-valueHelpDialog-table-table\")]/tbody/tr[1]/td[1]/div/span"}
COMMAND: POST /session/8695070d5a47df2563e3bdc8364ee49b/elements - {"using":"xpath","value":"//table[contains(@id, \"smartTable-YARDYARD-valueHelpDialog-table-table\")]/tbody/tr[1]/td[1]/div/span"}
RESULT: {"using":"xpath","value":"//table[contains(@id, \"smartTable-YARDYARD-valueHelpDialog-table-table\")]/tbody/tr[1]/td[1]/div/span"}
COMMAND: POST /session/8695070d5a47df2563e3bdc8364ee49b/execute/sync - {"script":"<script> [56 bytes]","args":[{"element-6066-11e4-a52e-4f735466cecf":"f.C2FBE1F9D69D7A7D8F7D3E73BC2E8356.d.F59E9627E13C9801F442D58AAAEA3001.e.2089","ELEMENT":"f.C2FBE1F9D69D7A7D8F7D3E73BC2E8356.d.F59E9627E13C9801F442D58AAAEA3001.e.2089"}]}
RESULT: {"script":"<script> [56 bytes]","args":[{"element-6066-11e4-a52e-4f735466cecf":"f.C2FBE1F9D69D7A7D8F7D3E73BC2E8356.d.F59E9627E13C9801F442D58AAAEA3001.e.2089","ELEMENT":"f.C2FBE1F9D69D7A7D8F7D3E73BC2E8356.d.F59E9627E13C9801F442D58AAAEA3001.e.2089"}]}
COMMAND: POST /session/8695070d5a47df2563e3bdc8364ee49b/element - {"using":"xpath","value":"//table[contains(@id, \"smartTable-YARDYARD-valueHelpDialog-table-table\")]/tbody/tr[2]/td[1]/div/span"}
COMMAND: GET /session/8695070d5a47df2563e3bdc8364ee49b/screenshot - {}
RESULT: {"using":"xpath","value":"//table[contains(@id, \"smartTable-YARDYARD-valueHelpDialog-table-table\")]/tbody/tr[2]/td[1]/div/span"}
COMMAND: POST /session/8695070d5a47df2563e3bdc8364ee49b/elements - {"using":"xpath","value":"//table[contains(@id, \"smartTable-YARDYARD-valueHelpDialog-table-table\")]/tbody/tr[2]/td[1]/div/span"}
RESULT: {}
RESULT: {"using":"xpath","value":"//table[contains(@id, \"smartTable-YARDYARD-valueHelpDialog-table-table\")]/tbody/tr[2]/td[1]/div/span"}
COMMAND: POST /session/8695070d5a47df2563e3bdc8364ee49b/execute/sync - {"script":"<script> [56 bytes]","args":[{"element-6066-11e4-a52e-4f735466cecf":"f.C2FBE1F9D69D7A7D8F7D3E73BC2E8356.d.F59E9627E13C9801F442D58AAAEA3001.e.2090","ELEMENT":"f.C2FBE1F9D69D7A7D8F7D3E73BC2E8356.d.F59E9627E13C9801F442D58AAAEA3001.e.2090"}]}
RESULT: {"script":"<script> [56 bytes]","args":[{"element-6066-11e4-a52e-4f735466cecf":"f.C2FBE1F9D69D7A7D8F7D3E73BC2E8356.d.F59E9627E13C9801F442D58AAAEA3001.e.2090","ELEMENT":"f.C2FBE1F9D69D7A7D8F7D3E73BC2E8356.d.F59E9627E13C9801F442D58AAAEA3001.e.2090"}]}
COMMAND: POST /session/8695070d5a47df2563e3bdc8364ee49b/element - {"using":"xpath","value":"//div[contains(@id, \"YARDYARD-valueHelpDialog-table-rowsel1\")]"}
COMMAND: GET /session/8695070d5a47df2563e3bdc8364ee49b/screenshot - {}
RESULT: {"using":"xpath","value":"//div[contains(@id, \"YARDYARD-valueHelpDialog-table-rowsel1\")]"}
COMMAND: POST /session/8695070d5a47df2563e3bdc8364ee49b/element/f.C2FBE1F9D69D7A7D8F7D3E73BC2E8356.d.F59E9627E13C9801F442D58AAAEA3001.e.2091/click - {}
RESULT: {}
RESULT: {}
COMMAND: GET /session/8695070d5a47df2563e3bdc8364ee49b/screenshot - {}
RESULT: {}
COMMAND: POST /session/8695070d5a47df2563e3bdc8364ee49b/element - {"using":"xpath","value":"(//bdi[contains(text(), \"OK\")])[2]"}
RESULT: {"using":"xpath","value":"(//bdi[contains(text(), \"OK\")])[2]"}
COMMAND: POST /session/8695070d5a47df2563e3bdc8364ee49b/element/f.C2FBE1F9D69D7A7D8F7D3E73BC2E8356.d.F59E9627E13C9801F442D58AAAEA3001.e.2093/click - {}
RESULT: {}
COMMAND: GET /session/8695070d5a47df2563e3bdc8364ee49b/screenshot - {}
RESULT: {}
COMMAND: POST /session/8695070d5a47df2563e3bdc8364ee49b/element - {"using":"xpath","value":"//bdi[contains(text(), \"OK\")]"}
RESULT: {"using":"xpath","value":"//bdi[contains(text(), \"OK\")]"}
COMMAND: POST /session/8695070d5a47df2563e3bdc8364ee49b/element/f.C2FBE1F9D69D7A7D8F7D3E73BC2E8356.d.F59E9627E13C9801F442D58AAAEA3001.e.2096/click - {}
RESULT: {}
COMMAND: GET /session/8695070d5a47df2563e3bdc8364ee49b/screenshot - {}
RESULT: {}
COMMAND: POST /session/8695070d5a47df2563e3bdc8364ee49b/element - {"using":"xpath","value":"//table[contains(@id, \"customPartnersTable\")]//tbody/tr[1]/td[3]/span"}
RESULT: {"using":"xpath","value":"//table[contains(@id, \"customPartnersTable\")]//tbody/tr[1]/td[3]/span"}
COMMAND: POST /session/8695070d5a47df2563e3bdc8364ee49b/execute/sync - {"script":"<script> [56 bytes]","args":[{"element-6066-11e4-a52e-4f735466cecf":"f.C2FBE1F9D69D7A7D8F7D3E73BC2E8356.d.F59E9627E13C9801F442D58AAAEA3001.e.2059","ELEMENT":"f.C2FBE1F9D69D7A7D8F7D3E73BC2E8356.d.F59E9627E13C9801F442D58AAAEA3001.e.2059"}]}
RESULT: {"script":"<script> [56 bytes]","args":[{"element-6066-11e4-a52e-4f735466cecf":"f.C2FBE1F9D69D7A7D8F7D3E73BC2E8356.d.F59E9627E13C9801F442D58AAAEA3001.e.2059","ELEMENT":"f.C2FBE1F9D69D7A7D8F7D3E73BC2E8356.d.F59E9627E13C9801F442D58AAAEA3001.e.2059"}]}
COMMAND: POST /session/8695070d5a47df2563e3bdc8364ee49b/element - {"using":"css selector","value":"#shell-header-logo"}
COMMAND: GET /session/8695070d5a47df2563e3bdc8364ee49b/screenshot - {}
RESULT: {"using":"css selector","value":"#shell-header-logo"}
COMMAND: POST /session/8695070d5a47df2563e3bdc8364ee49b/element/f.C2FBE1F9D69D7A7D8F7D3E73BC2E8356.d.F59E9627E13C9801F442D58AAAEA3001.e.1679/click - {}
RESULT: {}
RESULT: {}
COMMAND: GET /session/8695070d5a47df2563e3bdc8364ee49b/screenshot - {}
RESULT: {}
]]></system-out>
    </testcase>
    <testcase classname="chrome.136_0_7103_93.windows.Partner_specific_tests_US150819_US151080_US151654_US151176_US103444_US151078_US151079_US151109_US151174_US151175_US151189" name="Should deactivate the created partner in earlier step US151654" time="66.282">
      <system-out><![CDATA[
COMMAND: POST /session/8695070d5a47df2563e3bdc8364ee49b/element - {"using":"xpath","value":"//li[.//span[text()=\"Manage Partners\"]]"}
RESULT: {"using":"xpath","value":"//li[.//span[text()=\"Manage Partners\"]]"}
COMMAND: POST /session/8695070d5a47df2563e3bdc8364ee49b/element - {"using":"xpath","value":"//li[.//span[text()=\"Manage Partners\"]]"}
RESULT: {"using":"xpath","value":"//li[.//span[text()=\"Manage Partners\"]]"}
COMMAND: POST /session/8695070d5a47df2563e3bdc8364ee49b/element - {"using":"css selector","value":"#shell-header-logo"}
RESULT: {"using":"css selector","value":"#shell-header-logo"}
COMMAND: POST /session/8695070d5a47df2563e3bdc8364ee49b/element/f.C2FBE1F9D69D7A7D8F7D3E73BC2E8356.d.F59E9627E13C9801F442D58AAAEA3001.e.2146/click - {}
COMMAND: POST /session/8695070d5a47df2563e3bdc8364ee49b/execute/sync - {"script":"<script> [8489 bytes]","args":[{"element-6066-11e4-a52e-4f735466cecf":"f.C2FBE1F9D69D7A7D8F7D3E73BC2E8356.d.F59E9627E13C9801F442D58AAAEA3001.e.2146","ELEMENT":"f.C2FBE1F9D69D7A7D8F7D3E73BC2E8356.d.F59E9627E13C9801F442D58AAAEA3001.e.2146"}]}
RESULT: {}
COMMAND: GET /session/8695070d5a47df2563e3bdc8364ee49b/screenshot - {}
RESULT: {"script":"<script> [8489 bytes]","args":[{"element-6066-11e4-a52e-4f735466cecf":"f.C2FBE1F9D69D7A7D8F7D3E73BC2E8356.d.F59E9627E13C9801F442D58AAAEA3001.e.2146","ELEMENT":"f.C2FBE1F9D69D7A7D8F7D3E73BC2E8356.d.F59E9627E13C9801F442D58AAAEA3001.e.2146"}]}
COMMAND: POST /session/8695070d5a47df2563e3bdc8364ee49b/execute/sync - {"script":"<script> [5351 bytes]","args":[{"element-6066-11e4-a52e-4f735466cecf":"f.C2FBE1F9D69D7A7D8F7D3E73BC2E8356.d.F59E9627E13C9801F442D58AAAEA3001.e.2146","ELEMENT":"f.C2FBE1F9D69D7A7D8F7D3E73BC2E8356.d.F59E9627E13C9801F442D58AAAEA3001.e.2146"}]}
COMMAND: GET /session/8695070d5a47df2563e3bdc8364ee49b/screenshot - {}
RESULT: {}
RESULT: {"script":"<script> [5351 bytes]","args":[{"element-6066-11e4-a52e-4f735466cecf":"f.C2FBE1F9D69D7A7D8F7D3E73BC2E8356.d.F59E9627E13C9801F442D58AAAEA3001.e.2146","ELEMENT":"f.C2FBE1F9D69D7A7D8F7D3E73BC2E8356.d.F59E9627E13C9801F442D58AAAEA3001.e.2146"}]}
COMMAND: GET /session/8695070d5a47df2563e3bdc8364ee49b/screenshot - {}
RESULT: {}
RESULT: {}
RESULT: undefined
COMMAND: POST /session/8695070d5a47df2563e3bdc8364ee49b/element - {"using":"xpath","value":"//*[@id=\"__tile38\"]"}
RESULT: {"using":"xpath","value":"//*[@id=\"__tile38\"]"}
COMMAND: POST /session/8695070d5a47df2563e3bdc8364ee49b/element/f.C2FBE1F9D69D7A7D8F7D3E73BC2E8356.d.F59E9627E13C9801F442D58AAAEA3001.e.139/click - {}
RESULT: {}
COMMAND: GET /session/8695070d5a47df2563e3bdc8364ee49b/screenshot - {}
RESULT: {}
COMMAND: POST /session/8695070d5a47df2563e3bdc8364ee49b/elements - {"using":"xpath","value":"//span[text()='Error']"}
RESULT: {"using":"xpath","value":"//span[text()='Error']"}
COMMAND: POST /session/8695070d5a47df2563e3bdc8364ee49b/element - {"using":"xpath","value":"//button[@data-kt=\"addButton\"]"}
RESULT: {"using":"xpath","value":"//button[@data-kt=\"addButton\"]"}
COMMAND: POST /session/8695070d5a47df2563e3bdc8364ee49b/elements - {"using":"xpath","value":"//button[@data-kt=\"addButton\"]"}
RESULT: {"using":"xpath","value":"//button[@data-kt=\"addButton\"]"}
COMMAND: POST /session/8695070d5a47df2563e3bdc8364ee49b/execute/sync - {"script":"<script> [8489 bytes]","args":[{"element-6066-11e4-a52e-4f735466cecf":"f.C2FBE1F9D69D7A7D8F7D3E73BC2E8356.d.F59E9627E13C9801F442D58AAAEA3001.e.2191","ELEMENT":"f.C2FBE1F9D69D7A7D8F7D3E73BC2E8356.d.F59E9627E13C9801F442D58AAAEA3001.e.2191"}]}
RESULT: {"script":"<script> [8489 bytes]","args":[{"element-6066-11e4-a52e-4f735466cecf":"f.C2FBE1F9D69D7A7D8F7D3E73BC2E8356.d.F59E9627E13C9801F442D58AAAEA3001.e.2191","ELEMENT":"f.C2FBE1F9D69D7A7D8F7D3E73BC2E8356.d.F59E9627E13C9801F442D58AAAEA3001.e.2191"}]}
COMMAND: GET /session/8695070d5a47df2563e3bdc8364ee49b/element/f.C2FBE1F9D69D7A7D8F7D3E73BC2E8356.d.F59E9627E13C9801F442D58AAAEA3001.e.2191/enabled - {}
COMMAND: GET /session/8695070d5a47df2563e3bdc8364ee49b/screenshot - {}
RESULT: {}
COMMAND: POST /session/8695070d5a47df2563e3bdc8364ee49b/execute/sync - {"script":"<script> [8489 bytes]","args":[{"element-6066-11e4-a52e-4f735466cecf":"f.C2FBE1F9D69D7A7D8F7D3E73BC2E8356.d.F59E9627E13C9801F442D58AAAEA3001.e.2191","ELEMENT":"f.C2FBE1F9D69D7A7D8F7D3E73BC2E8356.d.F59E9627E13C9801F442D58AAAEA3001.e.2191"}]}
COMMAND: GET /session/8695070d5a47df2563e3bdc8364ee49b/screenshot - {}
RESULT: {}
RESULT: {"script":"<script> [8489 bytes]","args":[{"element-6066-11e4-a52e-4f735466cecf":"f.C2FBE1F9D69D7A7D8F7D3E73BC2E8356.d.F59E9627E13C9801F442D58AAAEA3001.e.2191","ELEMENT":"f.C2FBE1F9D69D7A7D8F7D3E73BC2E8356.d.F59E9627E13C9801F442D58AAAEA3001.e.2191"}]}
COMMAND: POST /session/8695070d5a47df2563e3bdc8364ee49b/execute/sync - {"script":"<script> [5351 bytes]","args":[{"element-6066-11e4-a52e-4f735466cecf":"f.C2FBE1F9D69D7A7D8F7D3E73BC2E8356.d.F59E9627E13C9801F442D58AAAEA3001.e.2191","ELEMENT":"f.C2FBE1F9D69D7A7D8F7D3E73BC2E8356.d.F59E9627E13C9801F442D58AAAEA3001.e.2191"}]}
COMMAND: GET /session/8695070d5a47df2563e3bdc8364ee49b/screenshot - {}
RESULT: {}
RESULT: {"script":"<script> [5351 bytes]","args":[{"element-6066-11e4-a52e-4f735466cecf":"f.C2FBE1F9D69D7A7D8F7D3E73BC2E8356.d.F59E9627E13C9801F442D58AAAEA3001.e.2191","ELEMENT":"f.C2FBE1F9D69D7A7D8F7D3E73BC2E8356.d.F59E9627E13C9801F442D58AAAEA3001.e.2191"}]}
COMMAND: GET /session/8695070d5a47df2563e3bdc8364ee49b/screenshot - {}
RESULT: {}
RESULT: {}
COMMAND: POST /session/8695070d5a47df2563e3bdc8364ee49b/execute/async - {"script":"<script> [1562 bytes]","args":[{"selector":{"id":"application-managepartners-display-component---masterPtm--smartFilterBar-btnBasicSearch","interaction":{"idSuffix":"I"}},"wdio_ui5_key":"applicationmanagepartners-display-component---masterPtm--smartFilterBar-btnBasicSearch"}]}
RESULT: {"script":"<script> [1562 bytes]","args":[{"selector":{"id":"application-managepartners-display-component---masterPtm--smartFilterBar-btnBasicSearch","interaction":{"idSuffix":"I"}},"wdio_ui5_key":"applicationmanagepartners-display-component---masterPtm--smartFilterBar-btnBasicSearch"}]}
RESULT: undefined
COMMAND: POST /session/8695070d5a47df2563e3bdc8364ee49b/execute/async - {"script":"<script> [776 bytes]","args":[{"enterText":"1175","selector":{"id":"application-managepartners-display-component---masterPtm--smartFilterBar-btnBasicSearch","interaction":{"idSuffix":"I"}},"clearTextFirst":true,"interactionType":"ENTER_TEXT"}]}
RESULT: {"script":"<script> [776 bytes]","args":[{"enterText":"1175","selector":{"id":"application-managepartners-display-component---masterPtm--smartFilterBar-btnBasicSearch","interaction":{"idSuffix":"I"}},"clearTextFirst":true,"interactionType":"ENTER_TEXT"}]}
COMMAND: POST /session/8695070d5a47df2563e3bdc8364ee49b/actions - {"actions":[{"id":"action4","type":"key","parameters":{},"actions":[{"type":"keyDown","value":""},{"type":"pause","duration":10},{"type":"keyUp","value":""}]}]}
RESULT: {"actions":[{"id":"action4","type":"key","parameters":{},"actions":[{"type":"keyDown","value":""},{"type":"pause","duration":10},{"type":"keyUp","value":""}]}]}
COMMAND: GET /session/8695070d5a47df2563e3bdc8364ee49b/screenshot - {}
RESULT: {}
COMMAND: POST /session/8695070d5a47df2563e3bdc8364ee49b/elements - {"using":"xpath","value":"//table[contains(@id, \"customPartnersTable-listUl\")]/tbody/tr"}
RESULT: {"using":"xpath","value":"//table[contains(@id, \"customPartnersTable-listUl\")]/tbody/tr"}
COMMAND: POST /session/8695070d5a47df2563e3bdc8364ee49b/element - {"using":"xpath","value":"//table[contains(@id, \"customPartnersTable-listUl\")]/tbody/tr[1]/td[3]/span"}
RESULT: {"using":"xpath","value":"//table[contains(@id, \"customPartnersTable-listUl\")]/tbody/tr[1]/td[3]/span"}
COMMAND: POST /session/8695070d5a47df2563e3bdc8364ee49b/elements - {"using":"xpath","value":"//table[contains(@id, \"customPartnersTable-listUl\")]/tbody/tr[1]/td[3]/span"}
RESULT: {"using":"xpath","value":"//table[contains(@id, \"customPartnersTable-listUl\")]/tbody/tr[1]/td[3]/span"}
COMMAND: POST /session/8695070d5a47df2563e3bdc8364ee49b/execute/sync - {"script":"<script> [56 bytes]","args":[{"element-6066-11e4-a52e-4f735466cecf":"f.C2FBE1F9D69D7A7D8F7D3E73BC2E8356.d.F59E9627E13C9801F442D58AAAEA3001.e.2329","ELEMENT":"f.C2FBE1F9D69D7A7D8F7D3E73BC2E8356.d.F59E9627E13C9801F442D58AAAEA3001.e.2329"}]}
RESULT: {"script":"<script> [56 bytes]","args":[{"element-6066-11e4-a52e-4f735466cecf":"f.C2FBE1F9D69D7A7D8F7D3E73BC2E8356.d.F59E9627E13C9801F442D58AAAEA3001.e.2329","ELEMENT":"f.C2FBE1F9D69D7A7D8F7D3E73BC2E8356.d.F59E9627E13C9801F442D58AAAEA3001.e.2329"}]}
COMMAND: POST /session/8695070d5a47df2563e3bdc8364ee49b/element - {"using":"xpath","value":"//table[contains(@id, \"customPartnersTable-listUl\")]/tbody/tr[1]/td[7]/div/span"}
COMMAND: GET /session/8695070d5a47df2563e3bdc8364ee49b/screenshot - {}
RESULT: {"using":"xpath","value":"//table[contains(@id, \"customPartnersTable-listUl\")]/tbody/tr[1]/td[7]/div/span"}
COMMAND: POST /session/8695070d5a47df2563e3bdc8364ee49b/execute/sync - {"script":"<script> [56 bytes]","args":[{"element-6066-11e4-a52e-4f735466cecf":"f.C2FBE1F9D69D7A7D8F7D3E73BC2E8356.d.F59E9627E13C9801F442D58AAAEA3001.e.2330","ELEMENT":"f.C2FBE1F9D69D7A7D8F7D3E73BC2E8356.d.F59E9627E13C9801F442D58AAAEA3001.e.2330"}]}
RESULT: {}
RESULT: {"script":"<script> [56 bytes]","args":[{"element-6066-11e4-a52e-4f735466cecf":"f.C2FBE1F9D69D7A7D8F7D3E73BC2E8356.d.F59E9627E13C9801F442D58AAAEA3001.e.2330","ELEMENT":"f.C2FBE1F9D69D7A7D8F7D3E73BC2E8356.d.F59E9627E13C9801F442D58AAAEA3001.e.2330"}]}
COMMAND: POST /session/8695070d5a47df2563e3bdc8364ee49b/element - {"using":"xpath","value":"//table[contains(@id, \"customPartnersTable-listUl\")]/tbody/tr[1]/td[2]/div/div"}
COMMAND: GET /session/8695070d5a47df2563e3bdc8364ee49b/screenshot - {}
RESULT: {"using":"xpath","value":"//table[contains(@id, \"customPartnersTable-listUl\")]/tbody/tr[1]/td[2]/div/div"}
COMMAND: POST /session/8695070d5a47df2563e3bdc8364ee49b/element/f.C2FBE1F9D69D7A7D8F7D3E73BC2E8356.d.F59E9627E13C9801F442D58AAAEA3001.e.2331/click - {}
RESULT: {}
RESULT: {}
COMMAND: GET /session/8695070d5a47df2563e3bdc8364ee49b/screenshot - {}
RESULT: {}
COMMAND: POST /session/8695070d5a47df2563e3bdc8364ee49b/element - {"using":"xpath","value":"//bdi[contains(text(), \"Deactivate\")]"}
RESULT: {"using":"xpath","value":"//bdi[contains(text(), \"Deactivate\")]"}
COMMAND: POST /session/8695070d5a47df2563e3bdc8364ee49b/element/f.C2FBE1F9D69D7A7D8F7D3E73BC2E8356.d.F59E9627E13C9801F442D58AAAEA3001.e.2332/click - {}
RESULT: {}
COMMAND: GET /session/8695070d5a47df2563e3bdc8364ee49b/screenshot - {}
RESULT: {}
COMMAND: POST /session/8695070d5a47df2563e3bdc8364ee49b/element - {"using":"xpath","value":"//bdi[contains(text(), \"Yes\")]"}
RESULT: {"using":"xpath","value":"//bdi[contains(text(), \"Yes\")]"}
COMMAND: POST /session/8695070d5a47df2563e3bdc8364ee49b/element/f.C2FBE1F9D69D7A7D8F7D3E73BC2E8356.d.F59E9627E13C9801F442D58AAAEA3001.e.2334/click - {}
RESULT: {}
COMMAND: GET /session/8695070d5a47df2563e3bdc8364ee49b/screenshot - {}
RESULT: {}
COMMAND: POST /session/8695070d5a47df2563e3bdc8364ee49b/element - {"using":"xpath","value":"//table[contains(@id, \"customPartnersTable-listUl\")]/tbody/tr[1]/td[7]/div/span"}
RESULT: {"using":"xpath","value":"//table[contains(@id, \"customPartnersTable-listUl\")]/tbody/tr[1]/td[7]/div/span"}
COMMAND: POST /session/8695070d5a47df2563e3bdc8364ee49b/execute/sync - {"script":"<script> [56 bytes]","args":[{"element-6066-11e4-a52e-4f735466cecf":"f.C2FBE1F9D69D7A7D8F7D3E73BC2E8356.d.F59E9627E13C9801F442D58AAAEA3001.e.2330","ELEMENT":"f.C2FBE1F9D69D7A7D8F7D3E73BC2E8356.d.F59E9627E13C9801F442D58AAAEA3001.e.2330"}]}
RESULT: {"script":"<script> [56 bytes]","args":[{"element-6066-11e4-a52e-4f735466cecf":"f.C2FBE1F9D69D7A7D8F7D3E73BC2E8356.d.F59E9627E13C9801F442D58AAAEA3001.e.2330","ELEMENT":"f.C2FBE1F9D69D7A7D8F7D3E73BC2E8356.d.F59E9627E13C9801F442D58AAAEA3001.e.2330"}]}
COMMAND: GET /session/8695070d5a47df2563e3bdc8364ee49b/screenshot - {}
RESULT: {}
COMMAND: POST /session/8695070d5a47df2563e3bdc8364ee49b/element - {"using":"css selector","value":"#shell-header-logo"}
RESULT: {"using":"css selector","value":"#shell-header-logo"}
COMMAND: POST /session/8695070d5a47df2563e3bdc8364ee49b/element/f.C2FBE1F9D69D7A7D8F7D3E73BC2E8356.d.F59E9627E13C9801F442D58AAAEA3001.e.2146/click - {}
RESULT: {}
COMMAND: GET /session/8695070d5a47df2563e3bdc8364ee49b/screenshot - {}
RESULT: {}
]]></system-out>
    </testcase>
    <testcase classname="chrome.136_0_7103_93.windows.Partner_specific_tests_US150819_US151080_US151654_US151176_US103444_US151078_US151079_US151109_US151174_US151175_US151189" name="Should activate the created partner again US151176" time="58.724">
      <system-out><![CDATA[
COMMAND: POST /session/8695070d5a47df2563e3bdc8364ee49b/element - {"using":"xpath","value":"//li[.//span[text()=\"Manage Partners\"]]"}
RESULT: {"using":"xpath","value":"//li[.//span[text()=\"Manage Partners\"]]"}
COMMAND: POST /session/8695070d5a47df2563e3bdc8364ee49b/element - {"using":"xpath","value":"//li[.//span[text()=\"Manage Partners\"]]"}
RESULT: {"using":"xpath","value":"//li[.//span[text()=\"Manage Partners\"]]"}
COMMAND: POST /session/8695070d5a47df2563e3bdc8364ee49b/element - {"using":"css selector","value":"#shell-header-logo"}
RESULT: {"using":"css selector","value":"#shell-header-logo"}
COMMAND: POST /session/8695070d5a47df2563e3bdc8364ee49b/element/f.C2FBE1F9D69D7A7D8F7D3E73BC2E8356.d.F59E9627E13C9801F442D58AAAEA3001.e.2338/click - {}
COMMAND: POST /session/8695070d5a47df2563e3bdc8364ee49b/execute/sync - {"script":"<script> [8489 bytes]","args":[{"element-6066-11e4-a52e-4f735466cecf":"f.C2FBE1F9D69D7A7D8F7D3E73BC2E8356.d.F59E9627E13C9801F442D58AAAEA3001.e.2338","ELEMENT":"f.C2FBE1F9D69D7A7D8F7D3E73BC2E8356.d.F59E9627E13C9801F442D58AAAEA3001.e.2338"}]}
RESULT: {"script":"<script> [8489 bytes]","args":[{"element-6066-11e4-a52e-4f735466cecf":"f.C2FBE1F9D69D7A7D8F7D3E73BC2E8356.d.F59E9627E13C9801F442D58AAAEA3001.e.2338","ELEMENT":"f.C2FBE1F9D69D7A7D8F7D3E73BC2E8356.d.F59E9627E13C9801F442D58AAAEA3001.e.2338"}]}
COMMAND: POST /session/8695070d5a47df2563e3bdc8364ee49b/execute/sync - {"script":"<script> [5351 bytes]","args":[{"element-6066-11e4-a52e-4f735466cecf":"f.C2FBE1F9D69D7A7D8F7D3E73BC2E8356.d.F59E9627E13C9801F442D58AAAEA3001.e.2338","ELEMENT":"f.C2FBE1F9D69D7A7D8F7D3E73BC2E8356.d.F59E9627E13C9801F442D58AAAEA3001.e.2338"}]}
COMMAND: GET /session/8695070d5a47df2563e3bdc8364ee49b/screenshot - {}
RESULT: {}
RESULT: {"script":"<script> [5351 bytes]","args":[{"element-6066-11e4-a52e-4f735466cecf":"f.C2FBE1F9D69D7A7D8F7D3E73BC2E8356.d.F59E9627E13C9801F442D58AAAEA3001.e.2338","ELEMENT":"f.C2FBE1F9D69D7A7D8F7D3E73BC2E8356.d.F59E9627E13C9801F442D58AAAEA3001.e.2338"}]}
COMMAND: GET /session/8695070d5a47df2563e3bdc8364ee49b/screenshot - {}
COMMAND: GET /session/8695070d5a47df2563e3bdc8364ee49b/screenshot - {}
RESULT: {}
RESULT: {}
RESULT: {}
RESULT: undefined
COMMAND: POST /session/8695070d5a47df2563e3bdc8364ee49b/element - {"using":"xpath","value":"//*[@id=\"__tile38\"]"}
RESULT: {"using":"xpath","value":"//*[@id=\"__tile38\"]"}
COMMAND: POST /session/8695070d5a47df2563e3bdc8364ee49b/element/f.C2FBE1F9D69D7A7D8F7D3E73BC2E8356.d.F59E9627E13C9801F442D58AAAEA3001.e.139/click - {}
RESULT: {}
COMMAND: GET /session/8695070d5a47df2563e3bdc8364ee49b/screenshot - {}
RESULT: {}
COMMAND: POST /session/8695070d5a47df2563e3bdc8364ee49b/elements - {"using":"xpath","value":"//span[text()='Error']"}
RESULT: {"using":"xpath","value":"//span[text()='Error']"}
COMMAND: POST /session/8695070d5a47df2563e3bdc8364ee49b/element - {"using":"xpath","value":"//button[@data-kt=\"addButton\"]"}
RESULT: {"using":"xpath","value":"//button[@data-kt=\"addButton\"]"}
COMMAND: POST /session/8695070d5a47df2563e3bdc8364ee49b/elements - {"using":"xpath","value":"//button[@data-kt=\"addButton\"]"}
RESULT: {"using":"xpath","value":"//button[@data-kt=\"addButton\"]"}
COMMAND: POST /session/8695070d5a47df2563e3bdc8364ee49b/execute/sync - {"script":"<script> [8489 bytes]","args":[{"element-6066-11e4-a52e-4f735466cecf":"f.C2FBE1F9D69D7A7D8F7D3E73BC2E8356.d.F59E9627E13C9801F442D58AAAEA3001.e.2383","ELEMENT":"f.C2FBE1F9D69D7A7D8F7D3E73BC2E8356.d.F59E9627E13C9801F442D58AAAEA3001.e.2383"}]}
RESULT: {"script":"<script> [8489 bytes]","args":[{"element-6066-11e4-a52e-4f735466cecf":"f.C2FBE1F9D69D7A7D8F7D3E73BC2E8356.d.F59E9627E13C9801F442D58AAAEA3001.e.2383","ELEMENT":"f.C2FBE1F9D69D7A7D8F7D3E73BC2E8356.d.F59E9627E13C9801F442D58AAAEA3001.e.2383"}]}
COMMAND: GET /session/8695070d5a47df2563e3bdc8364ee49b/element/f.C2FBE1F9D69D7A7D8F7D3E73BC2E8356.d.F59E9627E13C9801F442D58AAAEA3001.e.2383/enabled - {}
COMMAND: GET /session/8695070d5a47df2563e3bdc8364ee49b/screenshot - {}
RESULT: {}
COMMAND: POST /session/8695070d5a47df2563e3bdc8364ee49b/execute/sync - {"script":"<script> [8489 bytes]","args":[{"element-6066-11e4-a52e-4f735466cecf":"f.C2FBE1F9D69D7A7D8F7D3E73BC2E8356.d.F59E9627E13C9801F442D58AAAEA3001.e.2383","ELEMENT":"f.C2FBE1F9D69D7A7D8F7D3E73BC2E8356.d.F59E9627E13C9801F442D58AAAEA3001.e.2383"}]}
COMMAND: GET /session/8695070d5a47df2563e3bdc8364ee49b/screenshot - {}
RESULT: {}
RESULT: {"script":"<script> [8489 bytes]","args":[{"element-6066-11e4-a52e-4f735466cecf":"f.C2FBE1F9D69D7A7D8F7D3E73BC2E8356.d.F59E9627E13C9801F442D58AAAEA3001.e.2383","ELEMENT":"f.C2FBE1F9D69D7A7D8F7D3E73BC2E8356.d.F59E9627E13C9801F442D58AAAEA3001.e.2383"}]}
COMMAND: POST /session/8695070d5a47df2563e3bdc8364ee49b/execute/sync - {"script":"<script> [5351 bytes]","args":[{"element-6066-11e4-a52e-4f735466cecf":"f.C2FBE1F9D69D7A7D8F7D3E73BC2E8356.d.F59E9627E13C9801F442D58AAAEA3001.e.2383","ELEMENT":"f.C2FBE1F9D69D7A7D8F7D3E73BC2E8356.d.F59E9627E13C9801F442D58AAAEA3001.e.2383"}]}
COMMAND: GET /session/8695070d5a47df2563e3bdc8364ee49b/screenshot - {}
RESULT: {}
RESULT: {"script":"<script> [5351 bytes]","args":[{"element-6066-11e4-a52e-4f735466cecf":"f.C2FBE1F9D69D7A7D8F7D3E73BC2E8356.d.F59E9627E13C9801F442D58AAAEA3001.e.2383","ELEMENT":"f.C2FBE1F9D69D7A7D8F7D3E73BC2E8356.d.F59E9627E13C9801F442D58AAAEA3001.e.2383"}]}
COMMAND: GET /session/8695070d5a47df2563e3bdc8364ee49b/screenshot - {}
RESULT: {}
RESULT: {}
RESULT: undefined
COMMAND: POST /session/8695070d5a47df2563e3bdc8364ee49b/execute/async - {"script":"<script> [776 bytes]","args":[{"enterText":"1175","selector":{"id":"application-managepartners-display-component---masterPtm--smartFilterBar-btnBasicSearch","interaction":{"idSuffix":"I"}},"clearTextFirst":true,"interactionType":"ENTER_TEXT"}]}
RESULT: {"script":"<script> [776 bytes]","args":[{"enterText":"1175","selector":{"id":"application-managepartners-display-component---masterPtm--smartFilterBar-btnBasicSearch","interaction":{"idSuffix":"I"}},"clearTextFirst":true,"interactionType":"ENTER_TEXT"}]}
COMMAND: POST /session/8695070d5a47df2563e3bdc8364ee49b/actions - {"actions":[{"id":"action5","type":"key","parameters":{},"actions":[{"type":"keyDown","value":""},{"type":"pause","duration":10},{"type":"keyUp","value":""}]}]}
RESULT: {"actions":[{"id":"action5","type":"key","parameters":{},"actions":[{"type":"keyDown","value":""},{"type":"pause","duration":10},{"type":"keyUp","value":""}]}]}
COMMAND: GET /session/8695070d5a47df2563e3bdc8364ee49b/screenshot - {}
RESULT: {}
COMMAND: POST /session/8695070d5a47df2563e3bdc8364ee49b/elements - {"using":"xpath","value":"//table[contains(@id, \"customPartnersTable-listUl\")]/tbody/tr"}
RESULT: {"using":"xpath","value":"//table[contains(@id, \"customPartnersTable-listUl\")]/tbody/tr"}
COMMAND: POST /session/8695070d5a47df2563e3bdc8364ee49b/element - {"using":"xpath","value":"//table[contains(@id, \"customPartnersTable-listUl\")]/tbody/tr[1]/td[3]/span"}
RESULT: {"using":"xpath","value":"//table[contains(@id, \"customPartnersTable-listUl\")]/tbody/tr[1]/td[3]/span"}
COMMAND: POST /session/8695070d5a47df2563e3bdc8364ee49b/elements - {"using":"xpath","value":"//table[contains(@id, \"customPartnersTable-listUl\")]/tbody/tr[1]/td[3]/span"}
RESULT: {"using":"xpath","value":"//table[contains(@id, \"customPartnersTable-listUl\")]/tbody/tr[1]/td[3]/span"}
COMMAND: POST /session/8695070d5a47df2563e3bdc8364ee49b/execute/sync - {"script":"<script> [56 bytes]","args":[{"element-6066-11e4-a52e-4f735466cecf":"f.C2FBE1F9D69D7A7D8F7D3E73BC2E8356.d.F59E9627E13C9801F442D58AAAEA3001.e.2518","ELEMENT":"f.C2FBE1F9D69D7A7D8F7D3E73BC2E8356.d.F59E9627E13C9801F442D58AAAEA3001.e.2518"}]}
RESULT: {"script":"<script> [56 bytes]","args":[{"element-6066-11e4-a52e-4f735466cecf":"f.C2FBE1F9D69D7A7D8F7D3E73BC2E8356.d.F59E9627E13C9801F442D58AAAEA3001.e.2518","ELEMENT":"f.C2FBE1F9D69D7A7D8F7D3E73BC2E8356.d.F59E9627E13C9801F442D58AAAEA3001.e.2518"}]}
COMMAND: POST /session/8695070d5a47df2563e3bdc8364ee49b/element - {"using":"xpath","value":"//table[contains(@id, \"customPartnersTable-listUl\")]/tbody/tr[1]/td[7]/div/span"}
COMMAND: GET /session/8695070d5a47df2563e3bdc8364ee49b/screenshot - {}
RESULT: {"using":"xpath","value":"//table[contains(@id, \"customPartnersTable-listUl\")]/tbody/tr[1]/td[7]/div/span"}
COMMAND: POST /session/8695070d5a47df2563e3bdc8364ee49b/execute/sync - {"script":"<script> [56 bytes]","args":[{"element-6066-11e4-a52e-4f735466cecf":"f.C2FBE1F9D69D7A7D8F7D3E73BC2E8356.d.F59E9627E13C9801F442D58AAAEA3001.e.2519","ELEMENT":"f.C2FBE1F9D69D7A7D8F7D3E73BC2E8356.d.F59E9627E13C9801F442D58AAAEA3001.e.2519"}]}
RESULT: {}
RESULT: {"script":"<script> [56 bytes]","args":[{"element-6066-11e4-a52e-4f735466cecf":"f.C2FBE1F9D69D7A7D8F7D3E73BC2E8356.d.F59E9627E13C9801F442D58AAAEA3001.e.2519","ELEMENT":"f.C2FBE1F9D69D7A7D8F7D3E73BC2E8356.d.F59E9627E13C9801F442D58AAAEA3001.e.2519"}]}
COMMAND: POST /session/8695070d5a47df2563e3bdc8364ee49b/element - {"using":"xpath","value":"//table[contains(@id, \"customPartnersTable-listUl\")]/tbody/tr[1]/td[2]/div/div"}
COMMAND: GET /session/8695070d5a47df2563e3bdc8364ee49b/screenshot - {}
RESULT: {"using":"xpath","value":"//table[contains(@id, \"customPartnersTable-listUl\")]/tbody/tr[1]/td[2]/div/div"}
COMMAND: POST /session/8695070d5a47df2563e3bdc8364ee49b/element/f.C2FBE1F9D69D7A7D8F7D3E73BC2E8356.d.F59E9627E13C9801F442D58AAAEA3001.e.2520/click - {}
RESULT: {}
RESULT: {}
COMMAND: GET /session/8695070d5a47df2563e3bdc8364ee49b/screenshot - {}
RESULT: {}
COMMAND: POST /session/8695070d5a47df2563e3bdc8364ee49b/element - {"using":"xpath","value":"//bdi[contains(text(), \"Activate\")]"}
RESULT: {"using":"xpath","value":"//bdi[contains(text(), \"Activate\")]"}
COMMAND: POST /session/8695070d5a47df2563e3bdc8364ee49b/element/f.C2FBE1F9D69D7A7D8F7D3E73BC2E8356.d.F59E9627E13C9801F442D58AAAEA3001.e.2521/click - {}
RESULT: {}
COMMAND: GET /session/8695070d5a47df2563e3bdc8364ee49b/screenshot - {}
RESULT: {}
COMMAND: POST /session/8695070d5a47df2563e3bdc8364ee49b/element - {"using":"xpath","value":"//bdi[contains(text(), \"Yes\")]"}
RESULT: {"using":"xpath","value":"//bdi[contains(text(), \"Yes\")]"}
COMMAND: POST /session/8695070d5a47df2563e3bdc8364ee49b/element/f.C2FBE1F9D69D7A7D8F7D3E73BC2E8356.d.F59E9627E13C9801F442D58AAAEA3001.e.2523/click - {}
RESULT: {}
COMMAND: GET /session/8695070d5a47df2563e3bdc8364ee49b/screenshot - {}
RESULT: {}
COMMAND: POST /session/8695070d5a47df2563e3bdc8364ee49b/element - {"using":"xpath","value":"//table[contains(@id, \"customPartnersTable-listUl\")]/tbody/tr[1]/td[7]/div/span"}
RESULT: {"using":"xpath","value":"//table[contains(@id, \"customPartnersTable-listUl\")]/tbody/tr[1]/td[7]/div/span"}
COMMAND: POST /session/8695070d5a47df2563e3bdc8364ee49b/execute/sync - {"script":"<script> [56 bytes]","args":[{"element-6066-11e4-a52e-4f735466cecf":"f.C2FBE1F9D69D7A7D8F7D3E73BC2E8356.d.F59E9627E13C9801F442D58AAAEA3001.e.2519","ELEMENT":"f.C2FBE1F9D69D7A7D8F7D3E73BC2E8356.d.F59E9627E13C9801F442D58AAAEA3001.e.2519"}]}
RESULT: {"script":"<script> [56 bytes]","args":[{"element-6066-11e4-a52e-4f735466cecf":"f.C2FBE1F9D69D7A7D8F7D3E73BC2E8356.d.F59E9627E13C9801F442D58AAAEA3001.e.2519","ELEMENT":"f.C2FBE1F9D69D7A7D8F7D3E73BC2E8356.d.F59E9627E13C9801F442D58AAAEA3001.e.2519"}]}
COMMAND: GET /session/8695070d5a47df2563e3bdc8364ee49b/screenshot - {}
RESULT: {}
COMMAND: POST /session/8695070d5a47df2563e3bdc8364ee49b/element - {"using":"css selector","value":"#shell-header-logo"}
RESULT: {"using":"css selector","value":"#shell-header-logo"}
COMMAND: POST /session/8695070d5a47df2563e3bdc8364ee49b/element/f.C2FBE1F9D69D7A7D8F7D3E73BC2E8356.d.F59E9627E13C9801F442D58AAAEA3001.e.2338/click - {}
RESULT: {}
COMMAND: GET /session/8695070d5a47df2563e3bdc8364ee49b/screenshot - {}
RESULT: {}
]]></system-out>
    </testcase>
    <testcase classname="chrome.136_0_7103_93.windows.Partner_specific_tests_US150819_US151080_US151654_US151176_US103444_US151078_US151079_US151109_US151174_US151175_US151189" name="Should edit the created external partner and save it and check its content US103444" time="68.127">
      <system-out><![CDATA[
COMMAND: POST /session/8695070d5a47df2563e3bdc8364ee49b/element - {"using":"xpath","value":"//li[.//span[text()=\"Manage Partners\"]]"}
RESULT: {"using":"xpath","value":"//li[.//span[text()=\"Manage Partners\"]]"}
COMMAND: POST /session/8695070d5a47df2563e3bdc8364ee49b/element - {"using":"xpath","value":"//li[.//span[text()=\"Manage Partners\"]]"}
RESULT: {"using":"xpath","value":"//li[.//span[text()=\"Manage Partners\"]]"}
COMMAND: POST /session/8695070d5a47df2563e3bdc8364ee49b/element - {"using":"css selector","value":"#shell-header-logo"}
RESULT: {"using":"css selector","value":"#shell-header-logo"}
COMMAND: POST /session/8695070d5a47df2563e3bdc8364ee49b/element/f.C2FBE1F9D69D7A7D8F7D3E73BC2E8356.d.F59E9627E13C9801F442D58AAAEA3001.e.2527/click - {}
COMMAND: POST /session/8695070d5a47df2563e3bdc8364ee49b/execute/sync - {"script":"<script> [8489 bytes]","args":[{"element-6066-11e4-a52e-4f735466cecf":"f.C2FBE1F9D69D7A7D8F7D3E73BC2E8356.d.F59E9627E13C9801F442D58AAAEA3001.e.2527","ELEMENT":"f.C2FBE1F9D69D7A7D8F7D3E73BC2E8356.d.F59E9627E13C9801F442D58AAAEA3001.e.2527"}]}
RESULT: {}
COMMAND: GET /session/8695070d5a47df2563e3bdc8364ee49b/screenshot - {}
RESULT: {"script":"<script> [8489 bytes]","args":[{"element-6066-11e4-a52e-4f735466cecf":"f.C2FBE1F9D69D7A7D8F7D3E73BC2E8356.d.F59E9627E13C9801F442D58AAAEA3001.e.2527","ELEMENT":"f.C2FBE1F9D69D7A7D8F7D3E73BC2E8356.d.F59E9627E13C9801F442D58AAAEA3001.e.2527"}]}
COMMAND: POST /session/8695070d5a47df2563e3bdc8364ee49b/execute/sync - {"script":"<script> [5351 bytes]","args":[{"element-6066-11e4-a52e-4f735466cecf":"f.C2FBE1F9D69D7A7D8F7D3E73BC2E8356.d.F59E9627E13C9801F442D58AAAEA3001.e.2527","ELEMENT":"f.C2FBE1F9D69D7A7D8F7D3E73BC2E8356.d.F59E9627E13C9801F442D58AAAEA3001.e.2527"}]}
COMMAND: GET /session/8695070d5a47df2563e3bdc8364ee49b/screenshot - {}
RESULT: {}
RESULT: {"script":"<script> [5351 bytes]","args":[{"element-6066-11e4-a52e-4f735466cecf":"f.C2FBE1F9D69D7A7D8F7D3E73BC2E8356.d.F59E9627E13C9801F442D58AAAEA3001.e.2527","ELEMENT":"f.C2FBE1F9D69D7A7D8F7D3E73BC2E8356.d.F59E9627E13C9801F442D58AAAEA3001.e.2527"}]}
COMMAND: GET /session/8695070d5a47df2563e3bdc8364ee49b/screenshot - {}
RESULT: {}
RESULT: {}
RESULT: undefined
COMMAND: POST /session/8695070d5a47df2563e3bdc8364ee49b/element - {"using":"xpath","value":"//*[@id=\"__tile38\"]"}
RESULT: {"using":"xpath","value":"//*[@id=\"__tile38\"]"}
COMMAND: POST /session/8695070d5a47df2563e3bdc8364ee49b/element/f.C2FBE1F9D69D7A7D8F7D3E73BC2E8356.d.F59E9627E13C9801F442D58AAAEA3001.e.139/click - {}
RESULT: {}
COMMAND: GET /session/8695070d5a47df2563e3bdc8364ee49b/screenshot - {}
RESULT: {}
COMMAND: POST /session/8695070d5a47df2563e3bdc8364ee49b/elements - {"using":"xpath","value":"//span[text()='Error']"}
RESULT: {"using":"xpath","value":"//span[text()='Error']"}
COMMAND: POST /session/8695070d5a47df2563e3bdc8364ee49b/element - {"using":"xpath","value":"//button[@data-kt=\"addButton\"]"}
RESULT: {"using":"xpath","value":"//button[@data-kt=\"addButton\"]"}
COMMAND: POST /session/8695070d5a47df2563e3bdc8364ee49b/elements - {"using":"xpath","value":"//button[@data-kt=\"addButton\"]"}
RESULT: {"using":"xpath","value":"//button[@data-kt=\"addButton\"]"}
COMMAND: POST /session/8695070d5a47df2563e3bdc8364ee49b/execute/sync - {"script":"<script> [8489 bytes]","args":[{"element-6066-11e4-a52e-4f735466cecf":"f.C2FBE1F9D69D7A7D8F7D3E73BC2E8356.d.F59E9627E13C9801F442D58AAAEA3001.e.2573","ELEMENT":"f.C2FBE1F9D69D7A7D8F7D3E73BC2E8356.d.F59E9627E13C9801F442D58AAAEA3001.e.2573"}]}
RESULT: {"script":"<script> [8489 bytes]","args":[{"element-6066-11e4-a52e-4f735466cecf":"f.C2FBE1F9D69D7A7D8F7D3E73BC2E8356.d.F59E9627E13C9801F442D58AAAEA3001.e.2573","ELEMENT":"f.C2FBE1F9D69D7A7D8F7D3E73BC2E8356.d.F59E9627E13C9801F442D58AAAEA3001.e.2573"}]}
COMMAND: GET /session/8695070d5a47df2563e3bdc8364ee49b/element/f.C2FBE1F9D69D7A7D8F7D3E73BC2E8356.d.F59E9627E13C9801F442D58AAAEA3001.e.2573/enabled - {}
COMMAND: GET /session/8695070d5a47df2563e3bdc8364ee49b/screenshot - {}
RESULT: {}
COMMAND: POST /session/8695070d5a47df2563e3bdc8364ee49b/execute/sync - {"script":"<script> [8489 bytes]","args":[{"element-6066-11e4-a52e-4f735466cecf":"f.C2FBE1F9D69D7A7D8F7D3E73BC2E8356.d.F59E9627E13C9801F442D58AAAEA3001.e.2573","ELEMENT":"f.C2FBE1F9D69D7A7D8F7D3E73BC2E8356.d.F59E9627E13C9801F442D58AAAEA3001.e.2573"}]}
COMMAND: GET /session/8695070d5a47df2563e3bdc8364ee49b/screenshot - {}
RESULT: {}
RESULT: {"script":"<script> [8489 bytes]","args":[{"element-6066-11e4-a52e-4f735466cecf":"f.C2FBE1F9D69D7A7D8F7D3E73BC2E8356.d.F59E9627E13C9801F442D58AAAEA3001.e.2573","ELEMENT":"f.C2FBE1F9D69D7A7D8F7D3E73BC2E8356.d.F59E9627E13C9801F442D58AAAEA3001.e.2573"}]}
COMMAND: POST /session/8695070d5a47df2563e3bdc8364ee49b/execute/sync - {"script":"<script> [5351 bytes]","args":[{"element-6066-11e4-a52e-4f735466cecf":"f.C2FBE1F9D69D7A7D8F7D3E73BC2E8356.d.F59E9627E13C9801F442D58AAAEA3001.e.2573","ELEMENT":"f.C2FBE1F9D69D7A7D8F7D3E73BC2E8356.d.F59E9627E13C9801F442D58AAAEA3001.e.2573"}]}
COMMAND: GET /session/8695070d5a47df2563e3bdc8364ee49b/screenshot - {}
RESULT: {}
RESULT: {"script":"<script> [5351 bytes]","args":[{"element-6066-11e4-a52e-4f735466cecf":"f.C2FBE1F9D69D7A7D8F7D3E73BC2E8356.d.F59E9627E13C9801F442D58AAAEA3001.e.2573","ELEMENT":"f.C2FBE1F9D69D7A7D8F7D3E73BC2E8356.d.F59E9627E13C9801F442D58AAAEA3001.e.2573"}]}
COMMAND: GET /session/8695070d5a47df2563e3bdc8364ee49b/screenshot - {}
RESULT: {}
RESULT: {}
RESULT: undefined
COMMAND: POST /session/8695070d5a47df2563e3bdc8364ee49b/execute/async - {"script":"<script> [776 bytes]","args":[{"enterText":"1175","selector":{"id":"application-managepartners-display-component---masterPtm--smartFilterBar-btnBasicSearch","interaction":{"idSuffix":"I"}},"clearTextFirst":true,"interactionType":"ENTER_TEXT"}]}
RESULT: {"script":"<script> [776 bytes]","args":[{"enterText":"1175","selector":{"id":"application-managepartners-display-component---masterPtm--smartFilterBar-btnBasicSearch","interaction":{"idSuffix":"I"}},"clearTextFirst":true,"interactionType":"ENTER_TEXT"}]}
COMMAND: POST /session/8695070d5a47df2563e3bdc8364ee49b/actions - {"actions":[{"id":"action6","type":"key","parameters":{},"actions":[{"type":"keyDown","value":""},{"type":"pause","duration":10},{"type":"keyUp","value":""}]}]}
RESULT: {"actions":[{"id":"action6","type":"key","parameters":{},"actions":[{"type":"keyDown","value":""},{"type":"pause","duration":10},{"type":"keyUp","value":""}]}]}
COMMAND: GET /session/8695070d5a47df2563e3bdc8364ee49b/screenshot - {}
RESULT: {}
COMMAND: POST /session/8695070d5a47df2563e3bdc8364ee49b/elements - {"using":"xpath","value":"//table[contains(@id, \"customPartnersTable-listUl\")]/tbody/tr"}
RESULT: {"using":"xpath","value":"//table[contains(@id, \"customPartnersTable-listUl\")]/tbody/tr"}
COMMAND: POST /session/8695070d5a47df2563e3bdc8364ee49b/element - {"using":"xpath","value":"//table[contains(@id, \"customPartnersTable-listUl\")]/tbody/tr[1]/td[3]/span"}
RESULT: {"using":"xpath","value":"//table[contains(@id, \"customPartnersTable-listUl\")]/tbody/tr[1]/td[3]/span"}
COMMAND: POST /session/8695070d5a47df2563e3bdc8364ee49b/elements - {"using":"xpath","value":"//table[contains(@id, \"customPartnersTable-listUl\")]/tbody/tr[1]/td[3]/span"}
RESULT: {"using":"xpath","value":"//table[contains(@id, \"customPartnersTable-listUl\")]/tbody/tr[1]/td[3]/span"}
COMMAND: POST /session/8695070d5a47df2563e3bdc8364ee49b/execute/sync - {"script":"<script> [56 bytes]","args":[{"element-6066-11e4-a52e-4f735466cecf":"f.C2FBE1F9D69D7A7D8F7D3E73BC2E8356.d.F59E9627E13C9801F442D58AAAEA3001.e.2707","ELEMENT":"f.C2FBE1F9D69D7A7D8F7D3E73BC2E8356.d.F59E9627E13C9801F442D58AAAEA3001.e.2707"}]}
RESULT: {"script":"<script> [56 bytes]","args":[{"element-6066-11e4-a52e-4f735466cecf":"f.C2FBE1F9D69D7A7D8F7D3E73BC2E8356.d.F59E9627E13C9801F442D58AAAEA3001.e.2707","ELEMENT":"f.C2FBE1F9D69D7A7D8F7D3E73BC2E8356.d.F59E9627E13C9801F442D58AAAEA3001.e.2707"}]}
COMMAND: POST /session/8695070d5a47df2563e3bdc8364ee49b/element - {"using":"xpath","value":"(//span[contains(@id, \"imgNav\")])[1]"}
COMMAND: GET /session/8695070d5a47df2563e3bdc8364ee49b/screenshot - {}
RESULT: {"using":"xpath","value":"(//span[contains(@id, \"imgNav\")])[1]"}
COMMAND: POST /session/8695070d5a47df2563e3bdc8364ee49b/element/f.C2FBE1F9D69D7A7D8F7D3E73BC2E8356.d.F59E9627E13C9801F442D58AAAEA3001.e.2705/click - {}
RESULT: {}
RESULT: {}
COMMAND: GET /session/8695070d5a47df2563e3bdc8364ee49b/screenshot - {}
RESULT: {}
COMMAND: POST /session/8695070d5a47df2563e3bdc8364ee49b/element - {"using":"xpath","value":"//bdi[contains(text(), \"Edit\")]"}
RESULT: {"using":"xpath","value":"//bdi[contains(text(), \"Edit\")]"}
COMMAND: POST /session/8695070d5a47df2563e3bdc8364ee49b/element/f.C2FBE1F9D69D7A7D8F7D3E73BC2E8356.d.F59E9627E13C9801F442D58AAAEA3001.e.2848/click - {}
RESULT: {}
COMMAND: GET /session/8695070d5a47df2563e3bdc8364ee49b/screenshot - {}
RESULT: {}
COMMAND: POST /session/8695070d5a47df2563e3bdc8364ee49b/execute/async - {"script":"<script> [1562 bytes]","args":[{"selector":{"controlType":"sap.m.Input","viewName":"etm.portal.ui.managepartners.view.EditDetail","labelFor":{"text":"Name"},"interaction":{"idSuffix":"inner"}},"wdio_ui5_key":"etmportal.ui.managepartners.view.EditDetailsap.m.Input{\"text\":\"Name\"}"}]}
RESULT: {"script":"<script> [1562 bytes]","args":[{"selector":{"controlType":"sap.m.Input","viewName":"etm.portal.ui.managepartners.view.EditDetail","labelFor":{"text":"Name"},"interaction":{"idSuffix":"inner"}},"wdio_ui5_key":"etmportal.ui.managepartners.view.EditDetailsap.m.Input{\"text\":\"Name\"}"}]}
RESULT: undefined
COMMAND: POST /session/8695070d5a47df2563e3bdc8364ee49b/execute/async - {"script":"<script> [776 bytes]","args":[{"enterText":"External EDIT","selector":{"controlType":"sap.m.Input","viewName":"etm.portal.ui.managepartners.view.EditDetail","labelFor":{"text":"Name"},"interaction":{"idSuffix":"inner"}},"clearTextFirst":true,"interactionType":"ENTER_TEXT"}]}
RESULT: {"script":"<script> [776 bytes]","args":[{"enterText":"External EDIT","selector":{"controlType":"sap.m.Input","viewName":"etm.portal.ui.managepartners.view.EditDetail","labelFor":{"text":"Name"},"interaction":{"idSuffix":"inner"}},"clearTextFirst":true,"interactionType":"ENTER_TEXT"}]}
COMMAND: POST /session/8695070d5a47df2563e3bdc8364ee49b/element - {"using":"xpath","value":"(//span[contains(@id,\"addressDetailDetailsLanguage-arrow\")])[1]"}
RESULT: {"using":"xpath","value":"(//span[contains(@id,\"addressDetailDetailsLanguage-arrow\")])[1]"}
COMMAND: POST /session/8695070d5a47df2563e3bdc8364ee49b/element/f.C2FBE1F9D69D7A7D8F7D3E73BC2E8356.d.F59E9627E13C9801F442D58AAAEA3001.e.2926/click - {}
RESULT: {}
COMMAND: POST /session/8695070d5a47df2563e3bdc8364ee49b/element - {"using":"xpath","value":"//span[contains(text(), \"Chinese\")]"}
COMMAND: GET /session/8695070d5a47df2563e3bdc8364ee49b/screenshot - {}
RESULT: {"using":"xpath","value":"//span[contains(text(), \"Chinese\")]"}
COMMAND: POST /session/8695070d5a47df2563e3bdc8364ee49b/element/f.C2FBE1F9D69D7A7D8F7D3E73BC2E8356.d.F59E9627E13C9801F442D58AAAEA3001.e.2927/click - {}
RESULT: {}
RESULT: {}
COMMAND: GET /session/8695070d5a47df2563e3bdc8364ee49b/screenshot - {}
RESULT: {}
COMMAND: POST /session/8695070d5a47df2563e3bdc8364ee49b/execute/async - {"script":"<script> [1562 bytes]","args":[{"selector":{"controlType":"sap.m.Input","viewName":"etm.portal.ui.managepartners.view.EditDetail","labelFor":{"text":"City"},"interaction":{"idSuffix":"inner"}},"wdio_ui5_key":"etmportal.ui.managepartners.view.EditDetailsap.m.Input{\"text\":\"City\"}"}]}
RESULT: {"script":"<script> [1562 bytes]","args":[{"selector":{"controlType":"sap.m.Input","viewName":"etm.portal.ui.managepartners.view.EditDetail","labelFor":{"text":"City"},"interaction":{"idSuffix":"inner"}},"wdio_ui5_key":"etmportal.ui.managepartners.view.EditDetailsap.m.Input{\"text\":\"City\"}"}]}
RESULT: undefined
COMMAND: POST /session/8695070d5a47df2563e3bdc8364ee49b/execute/async - {"script":"<script> [776 bytes]","args":[{"enterText":"Clooj-Napoca","selector":{"controlType":"sap.m.Input","viewName":"etm.portal.ui.managepartners.view.EditDetail","labelFor":{"text":"City"},"interaction":{"idSuffix":"inner"}},"clearTextFirst":true,"interactionType":"ENTER_TEXT"}]}
RESULT: {"script":"<script> [776 bytes]","args":[{"enterText":"Clooj-Napoca","selector":{"controlType":"sap.m.Input","viewName":"etm.portal.ui.managepartners.view.EditDetail","labelFor":{"text":"City"},"interaction":{"idSuffix":"inner"}},"clearTextFirst":true,"interactionType":"ENTER_TEXT"}]}
COMMAND: POST /session/8695070d5a47df2563e3bdc8364ee49b/element - {"using":"xpath","value":"//button[@data-kt=\"saveButton\"]"}
RESULT: {"using":"xpath","value":"//button[@data-kt=\"saveButton\"]"}
COMMAND: POST /session/8695070d5a47df2563e3bdc8364ee49b/element/f.C2FBE1F9D69D7A7D8F7D3E73BC2E8356.d.F59E9627E13C9801F442D58AAAEA3001.e.2911/click - {}
RESULT: {}
COMMAND: GET /session/8695070d5a47df2563e3bdc8364ee49b/screenshot - {}
RESULT: {}
COMMAND: POST /session/8695070d5a47df2563e3bdc8364ee49b/execute/async - {"script":"<script> [1562 bytes]","args":[{"selector":{"id":"application-managepartners-display-component---detailPtm--addressDetailDetailsName1"},"wdio_ui5_key":"applicationmanagepartners-display-component---detailPtm--addressDetailDetailsName1"}]}
RESULT: {"script":"<script> [1562 bytes]","args":[{"selector":{"id":"application-managepartners-display-component---detailPtm--addressDetailDetailsName1"},"wdio_ui5_key":"applicationmanagepartners-display-component---detailPtm--addressDetailDetailsName1"}]}
RESULT: undefined
COMMAND: POST /session/8695070d5a47df2563e3bdc8364ee49b/execute/async - {"script":"<script> [6424 bytes]","args":[{"element-6066-11e4-a52e-4f735466cecf":"f.C2FBE1F9D69D7A7D8F7D3E73BC2E8356.d.F59E9627E13C9801F442D58AAAEA3001.e.2958"},"getValue",[]]}
RESULT: {"script":"<script> [6424 bytes]","args":[{"element-6066-11e4-a52e-4f735466cecf":"f.C2FBE1F9D69D7A7D8F7D3E73BC2E8356.d.F59E9627E13C9801F442D58AAAEA3001.e.2958"},"getValue",[]]}
COMMAND: POST /session/8695070d5a47df2563e3bdc8364ee49b/element - {"using":"xpath","value":"//input[@id = \"application-managepartners-display-component---detailPtm--addressDetailDetailsLanguage-inner\"]"}
RESULT: {"using":"xpath","value":"//input[@id = \"application-managepartners-display-component---detailPtm--addressDetailDetailsLanguage-inner\"]"}
COMMAND: GET /session/8695070d5a47df2563e3bdc8364ee49b/element/f.C2FBE1F9D69D7A7D8F7D3E73BC2E8356.d.F59E9627E13C9801F442D58AAAEA3001.e.2959/property/value - {}
RESULT: {}
COMMAND: POST /session/8695070d5a47df2563e3bdc8364ee49b/execute/async - {"script":"<script> [1562 bytes]","args":[{"selector":{"id":"application-managepartners-display-component---detailPtm--addressDetailDetailsCity1"},"wdio_ui5_key":"applicationmanagepartners-display-component---detailPtm--addressDetailDetailsCity1"}]}
COMMAND: GET /session/8695070d5a47df2563e3bdc8364ee49b/screenshot - {}
RESULT: {"script":"<script> [1562 bytes]","args":[{"selector":{"id":"application-managepartners-display-component---detailPtm--addressDetailDetailsCity1"},"wdio_ui5_key":"applicationmanagepartners-display-component---detailPtm--addressDetailDetailsCity1"}]}
RESULT: undefined
COMMAND: POST /session/8695070d5a47df2563e3bdc8364ee49b/execute/async - {"script":"<script> [6424 bytes]","args":[{"element-6066-11e4-a52e-4f735466cecf":"f.C2FBE1F9D69D7A7D8F7D3E73BC2E8356.d.F59E9627E13C9801F442D58AAAEA3001.e.2960"},"getValue",[]]}
RESULT: {}
RESULT: {"script":"<script> [6424 bytes]","args":[{"element-6066-11e4-a52e-4f735466cecf":"f.C2FBE1F9D69D7A7D8F7D3E73BC2E8356.d.F59E9627E13C9801F442D58AAAEA3001.e.2960"},"getValue",[]]}
COMMAND: POST /session/8695070d5a47df2563e3bdc8364ee49b/element - {"using":"css selector","value":"#shell-header-logo"}
RESULT: {"using":"css selector","value":"#shell-header-logo"}
COMMAND: POST /session/8695070d5a47df2563e3bdc8364ee49b/element/f.C2FBE1F9D69D7A7D8F7D3E73BC2E8356.d.F59E9627E13C9801F442D58AAAEA3001.e.2527/click - {}
RESULT: {}
COMMAND: GET /session/8695070d5a47df2563e3bdc8364ee49b/screenshot - {}
RESULT: {}
]]></system-out>
    </testcase>
    <testcase classname="chrome.136_0_7103_93.windows.Partner_specific_tests_US150819_US151080_US151654_US151176_US103444_US151078_US151079_US151109_US151174_US151175_US151189" name="Should create a new intercompany partner edit some of its fields US151078" time="251.154">
      <system-out><![CDATA[
COMMAND: POST /session/8695070d5a47df2563e3bdc8364ee49b/element - {"using":"xpath","value":"//li[.//span[text()=\"Manage Partners\"]]"}
RESULT: {"using":"xpath","value":"//li[.//span[text()=\"Manage Partners\"]]"}
COMMAND: POST /session/8695070d5a47df2563e3bdc8364ee49b/element - {"using":"xpath","value":"//li[.//span[text()=\"Manage Partners\"]]"}
RESULT: {"using":"xpath","value":"//li[.//span[text()=\"Manage Partners\"]]"}
COMMAND: POST /session/8695070d5a47df2563e3bdc8364ee49b/element - {"using":"css selector","value":"#shell-header-logo"}
RESULT: {"using":"css selector","value":"#shell-header-logo"}
COMMAND: POST /session/8695070d5a47df2563e3bdc8364ee49b/element/f.C2FBE1F9D69D7A7D8F7D3E73BC2E8356.d.F59E9627E13C9801F442D58AAAEA3001.e.2990/click - {}
COMMAND: POST /session/8695070d5a47df2563e3bdc8364ee49b/execute/sync - {"script":"<script> [8489 bytes]","args":[{"element-6066-11e4-a52e-4f735466cecf":"f.C2FBE1F9D69D7A7D8F7D3E73BC2E8356.d.F59E9627E13C9801F442D58AAAEA3001.e.2990","ELEMENT":"f.C2FBE1F9D69D7A7D8F7D3E73BC2E8356.d.F59E9627E13C9801F442D58AAAEA3001.e.2990"}]}
RESULT: {}
COMMAND: GET /session/8695070d5a47df2563e3bdc8364ee49b/screenshot - {}
RESULT: {"script":"<script> [8489 bytes]","args":[{"element-6066-11e4-a52e-4f735466cecf":"f.C2FBE1F9D69D7A7D8F7D3E73BC2E8356.d.F59E9627E13C9801F442D58AAAEA3001.e.2990","ELEMENT":"f.C2FBE1F9D69D7A7D8F7D3E73BC2E8356.d.F59E9627E13C9801F442D58AAAEA3001.e.2990"}]}
COMMAND: POST /session/8695070d5a47df2563e3bdc8364ee49b/execute/sync - {"script":"<script> [5351 bytes]","args":[{"element-6066-11e4-a52e-4f735466cecf":"f.C2FBE1F9D69D7A7D8F7D3E73BC2E8356.d.F59E9627E13C9801F442D58AAAEA3001.e.2990","ELEMENT":"f.C2FBE1F9D69D7A7D8F7D3E73BC2E8356.d.F59E9627E13C9801F442D58AAAEA3001.e.2990"}]}
COMMAND: GET /session/8695070d5a47df2563e3bdc8364ee49b/screenshot - {}
RESULT: {}
RESULT: {"script":"<script> [5351 bytes]","args":[{"element-6066-11e4-a52e-4f735466cecf":"f.C2FBE1F9D69D7A7D8F7D3E73BC2E8356.d.F59E9627E13C9801F442D58AAAEA3001.e.2990","ELEMENT":"f.C2FBE1F9D69D7A7D8F7D3E73BC2E8356.d.F59E9627E13C9801F442D58AAAEA3001.e.2990"}]}
COMMAND: GET /session/8695070d5a47df2563e3bdc8364ee49b/screenshot - {}
RESULT: {}
RESULT: {}
COMMAND: POST /session/8695070d5a47df2563e3bdc8364ee49b/refresh - {}
RESULT: {}
COMMAND: GET /session/8695070d5a47df2563e3bdc8364ee49b/screenshot - {}
RESULT: {}
COMMAND: POST /session/8695070d5a47df2563e3bdc8364ee49b/refresh - {}
RESULT: {}
COMMAND: GET /session/8695070d5a47df2563e3bdc8364ee49b/screenshot - {}
RESULT: {}
COMMAND: POST /session/8695070d5a47df2563e3bdc8364ee49b/window/fullscreen - {}
RESULT: {}
COMMAND: POST /session/8695070d5a47df2563e3bdc8364ee49b/execute/async - {"script":"<script> [189 bytes]","args":[]}
RESULT: {"script":"<script> [189 bytes]","args":[]}
COMMAND: POST /session/8695070d5a47df2563e3bdc8364ee49b/execute/async - {"script":"<script> [123 bytes]","args":[]}
RESULT: {"script":"<script> [123 bytes]","args":[]}
COMMAND: POST /session/8695070d5a47df2563e3bdc8364ee49b/timeouts - {"script":"<number>"}
RESULT: {"script":"<number>"}
COMMAND: GET /session/8695070d5a47df2563e3bdc8364ee49b/timeouts - {}
RESULT: {}
RESULT: undefined
COMMAND: POST /session/8695070d5a47df2563e3bdc8364ee49b/execute/async - {"script":"<script> [2676 bytes]","args":[]}
RESULT: {"script":"<script> [2676 bytes]","args":[]}
COMMAND: POST /session/8695070d5a47df2563e3bdc8364ee49b/execute/async - {"script":"<script> [2342 bytes]","args":[{"protocol":"http","hostname":"0.0.0.0","path":"/","capabilities":{"browserName":"chrome","goog:chromeOptions":{"binary":"C:\\Program Files\\Google\\Chrome\\Application\\chrome.exe","args":["--start-maximized"]}},"logLevel":"warn","connectionRetryTimeout":120000,"connectionRetryCount":3,"logLevels":{},"enableDirectConnect":true,"strictSSL":true,"_":"65 more keys: [\"cacheDir\",\"port\",\"requestedCapabilities\",\"automationProtocol\",\"baseUrl\",\"waitforInterval\",\"waitforTimeout\",\"onReload\",\"beforeCommand\",\"afterCommand\",\"rootDir\",\"specs\",\"suites\",\"exclude\",\"groupLogsByTestSpec\",\"excludeDriverLogs\",\"bail\",\"framework\",\"reporters\",\"services\",\"maxInstances\",\"maxInstancesPerCapability\",\"injectGlobals\",\"filesToWatch\",\"execArgv\",\"runnerEnv\",\"runner\",\"shard\",\"specFileRetries\",\"specFileRetriesDelay\",\"specFileRetriesDeferred\",\"reporterSyncInterval\",\"reporterSyncTimeout\",\"cucumberFeaturesWithLineNumbers\",\"autoCompileOpts\",\"mochaOpts\",\"jasmineOpts\",\"cucumberOpts\",\"onPrepare\",\"onWorkerStart\",\"onWorkerEnd\",\"before\",\"beforeSession\",\"beforeSuite\",\"beforeHook\",\"beforeTest\",\"afterTest\",\"afterHook\",\"afterSuite\",\"afterSession\",\"after\",\"onComplete\",\"beforeAssertion\",\"afterAssertion\",\"beforeFeature\",\"beforeScenario\",\"beforeStep\",\"afterStep\",\"afterScenario\",\"afterFeature\",\"_\",\"suite\",\"$0\",\"ignoredWorkerServices\",\"wdi5\"]"}]}
RESULT: {"script":"<script> [2342 bytes]","args":[{"protocol":"http","hostname":"0.0.0.0","path":"/","capabilities":{"browserName":"chrome","goog:chromeOptions":{"binary":"C:\\Program Files\\Google\\Chrome\\Application\\chrome.exe","args":["--start-maximized"]}},"logLevel":"warn","connectionRetryTimeout":120000,"connectionRetryCount":3,"logLevels":{},"enableDirectConnect":true,"strictSSL":true,"_":"65 more keys: [\"cacheDir\",\"port\",\"requestedCapabilities\",\"automationProtocol\",\"baseUrl\",\"waitforInterval\",\"waitforTimeout\",\"onReload\",\"beforeCommand\",\"afterCommand\",\"rootDir\",\"specs\",\"suites\",\"exclude\",\"groupLogsByTestSpec\",\"excludeDriverLogs\",\"bail\",\"framework\",\"reporters\",\"services\",\"maxInstances\",\"maxInstancesPerCapability\",\"injectGlobals\",\"filesToWatch\",\"execArgv\",\"runnerEnv\",\"runner\",\"shard\",\"specFileRetries\",\"specFileRetriesDelay\",\"specFileRetriesDeferred\",\"reporterSyncInterval\",\"reporterSyncTimeout\",\"cucumberFeaturesWithLineNumbers\",\"autoCompileOpts\",\"mochaOpts\",\"jasmineOpts\",\"cucumberOpts\",\"onPrepare\",\"onWorkerStart\",\"onWorkerEnd\",\"before\",\"beforeSession\",\"beforeSuite\",\"beforeHook\",\"beforeTest\",\"afterTest\",\"afterHook\",\"afterSuite\",\"afterSession\",\"after\",\"onComplete\",\"beforeAssertion\",\"afterAssertion\",\"beforeFeature\",\"beforeScenario\",\"beforeStep\",\"afterStep\",\"afterScenario\",\"afterFeature\",\"_\",\"suite\",\"$0\",\"ignoredWorkerServices\",\"wdi5\"]"}]}
COMMAND: POST /session/8695070d5a47df2563e3bdc8364ee49b/execute/async - {"script":"<script> [21126 bytes]","args":[35000]}
RESULT: {"script":"<script> [21126 bytes]","args":[35000]}
COMMAND: POST /session/8695070d5a47df2563e3bdc8364ee49b/window/fullscreen - {}
RESULT: {}
COMMAND: POST /session/8695070d5a47df2563e3bdc8364ee49b/window/fullscreen - {}
RESULT: {}
COMMAND: POST /session/8695070d5a47df2563e3bdc8364ee49b/execute/async - {"script":"<script> [1562 bytes]","args":[{"selector":{"controlType":"sap.m.GenericTile","properties":{"header":"Manage Partners"}},"wdio_ui5_key":"sapm.GenericTile{\"header\":\"Manage Partners\"}"}]}
RESULT: {"script":"<script> [1562 bytes]","args":[{"selector":{"controlType":"sap.m.GenericTile","properties":{"header":"Manage Partners"}},"wdio_ui5_key":"sapm.GenericTile{\"header\":\"Manage Partners\"}"}]}
RESULT: undefined
COMMAND: POST /session/8695070d5a47df2563e3bdc8364ee49b/element - {"using":"xpath","value":"//*[@id=\"__tile30\"]"}
RESULT: {"using":"xpath","value":"//*[@id=\"__tile30\"]"}
COMMAND: POST /session/8695070d5a47df2563e3bdc8364ee49b/element/f.C2FBE1F9D69D7A7D8F7D3E73BC2E8356.d.A387FB03AB4236F8A3B0B74432D539D2.e.3053/click - {}
RESULT: {}
COMMAND: GET /session/8695070d5a47df2563e3bdc8364ee49b/screenshot - {}
RESULT: {}
COMMAND: POST /session/8695070d5a47df2563e3bdc8364ee49b/elements - {"using":"xpath","value":"//span[text()='Error']"}
RESULT: {"using":"xpath","value":"//span[text()='Error']"}
COMMAND: POST /session/8695070d5a47df2563e3bdc8364ee49b/element - {"using":"xpath","value":"//button[@data-kt=\"addButton\"]"}
RESULT: {"using":"xpath","value":"//button[@data-kt=\"addButton\"]"}
COMMAND: POST /session/8695070d5a47df2563e3bdc8364ee49b/elements - {"using":"xpath","value":"//button[@data-kt=\"addButton\"]"}
RESULT: {"using":"xpath","value":"//button[@data-kt=\"addButton\"]"}
COMMAND: POST /session/8695070d5a47df2563e3bdc8364ee49b/execute/sync - {"script":"<script> [8489 bytes]","args":[{"element-6066-11e4-a52e-4f735466cecf":"f.C2FBE1F9D69D7A7D8F7D3E73BC2E8356.d.A387FB03AB4236F8A3B0B74432D539D2.e.3168","ELEMENT":"f.C2FBE1F9D69D7A7D8F7D3E73BC2E8356.d.A387FB03AB4236F8A3B0B74432D539D2.e.3168"}]}
RESULT: {"script":"<script> [8489 bytes]","args":[{"element-6066-11e4-a52e-4f735466cecf":"f.C2FBE1F9D69D7A7D8F7D3E73BC2E8356.d.A387FB03AB4236F8A3B0B74432D539D2.e.3168","ELEMENT":"f.C2FBE1F9D69D7A7D8F7D3E73BC2E8356.d.A387FB03AB4236F8A3B0B74432D539D2.e.3168"}]}
COMMAND: GET /session/8695070d5a47df2563e3bdc8364ee49b/element/f.C2FBE1F9D69D7A7D8F7D3E73BC2E8356.d.A387FB03AB4236F8A3B0B74432D539D2.e.3168/enabled - {}
COMMAND: GET /session/8695070d5a47df2563e3bdc8364ee49b/screenshot - {}
RESULT: {}
COMMAND: POST /session/8695070d5a47df2563e3bdc8364ee49b/execute/sync - {"script":"<script> [8489 bytes]","args":[{"element-6066-11e4-a52e-4f735466cecf":"f.C2FBE1F9D69D7A7D8F7D3E73BC2E8356.d.A387FB03AB4236F8A3B0B74432D539D2.e.3168","ELEMENT":"f.C2FBE1F9D69D7A7D8F7D3E73BC2E8356.d.A387FB03AB4236F8A3B0B74432D539D2.e.3168"}]}
COMMAND: GET /session/8695070d5a47df2563e3bdc8364ee49b/screenshot - {}
RESULT: {}
RESULT: {"script":"<script> [8489 bytes]","args":[{"element-6066-11e4-a52e-4f735466cecf":"f.C2FBE1F9D69D7A7D8F7D3E73BC2E8356.d.A387FB03AB4236F8A3B0B74432D539D2.e.3168","ELEMENT":"f.C2FBE1F9D69D7A7D8F7D3E73BC2E8356.d.A387FB03AB4236F8A3B0B74432D539D2.e.3168"}]}
COMMAND: POST /session/8695070d5a47df2563e3bdc8364ee49b/execute/sync - {"script":"<script> [5351 bytes]","args":[{"element-6066-11e4-a52e-4f735466cecf":"f.C2FBE1F9D69D7A7D8F7D3E73BC2E8356.d.A387FB03AB4236F8A3B0B74432D539D2.e.3168","ELEMENT":"f.C2FBE1F9D69D7A7D8F7D3E73BC2E8356.d.A387FB03AB4236F8A3B0B74432D539D2.e.3168"}]}
COMMAND: GET /session/8695070d5a47df2563e3bdc8364ee49b/screenshot - {}
RESULT: {}
RESULT: {"script":"<script> [5351 bytes]","args":[{"element-6066-11e4-a52e-4f735466cecf":"f.C2FBE1F9D69D7A7D8F7D3E73BC2E8356.d.A387FB03AB4236F8A3B0B74432D539D2.e.3168","ELEMENT":"f.C2FBE1F9D69D7A7D8F7D3E73BC2E8356.d.A387FB03AB4236F8A3B0B74432D539D2.e.3168"}]}
COMMAND: POST /session/8695070d5a47df2563e3bdc8364ee49b/element/f.C2FBE1F9D69D7A7D8F7D3E73BC2E8356.d.A387FB03AB4236F8A3B0B74432D539D2.e.3168/click - {}
COMMAND: GET /session/8695070d5a47df2563e3bdc8364ee49b/screenshot - {}
RESULT: {}
RESULT: {}
COMMAND: GET /session/8695070d5a47df2563e3bdc8364ee49b/screenshot - {}
COMMAND: POST /session/8695070d5a47df2563e3bdc8364ee49b/execute/async - {"script":"<script> [1562 bytes]","args":[{"selector":{"id":"application-managepartners-display-component---NewPartner--addressDetailDetailsName1","interaction":{"idSuffix":"inner"}},"wdio_ui5_key":"applicationmanagepartners-display-component---NewPartner--addressDetailDetailsName1"}]}
RESULT: {}
RESULT: {}
RESULT: {"script":"<script> [1562 bytes]","args":[{"selector":{"id":"application-managepartners-display-component---NewPartner--addressDetailDetailsName1","interaction":{"idSuffix":"inner"}},"wdio_ui5_key":"applicationmanagepartners-display-component---NewPartner--addressDetailDetailsName1"}]}
RESULT: undefined
COMMAND: POST /session/8695070d5a47df2563e3bdc8364ee49b/execute/async - {"script":"<script> [776 bytes]","args":[{"enterText":"Intercompany Partner WDIO","selector":{"id":"application-managepartners-display-component---NewPartner--addressDetailDetailsName1","interaction":{"idSuffix":"inner"}},"clearTextFirst":true,"interactionType":"ENTER_TEXT"}]}
RESULT: {"script":"<script> [776 bytes]","args":[{"enterText":"Intercompany Partner WDIO","selector":{"id":"application-managepartners-display-component---NewPartner--addressDetailDetailsName1","interaction":{"idSuffix":"inner"}},"clearTextFirst":true,"interactionType":"ENTER_TEXT"}]}
COMMAND: POST /session/8695070d5a47df2563e3bdc8364ee49b/execute/async - {"script":"<script> [1562 bytes]","args":[{"selector":{"id":"application-managepartners-display-component---NewPartner--addressDetailDetailsLanguage-arrow"},"wdio_ui5_key":"applicationmanagepartners-display-component---NewPartner--addressDetailDetailsLanguage-arrow"}]}
RESULT: {"script":"<script> [1562 bytes]","args":[{"selector":{"id":"application-managepartners-display-component---NewPartner--addressDetailDetailsLanguage-arrow"},"wdio_ui5_key":"applicationmanagepartners-display-component---NewPartner--addressDetailDetailsLanguage-arrow"}]}
RESULT: undefined
COMMAND: POST /session/8695070d5a47df2563e3bdc8364ee49b/element - {"using":"xpath","value":"//*[@id=\"application-managepartners-display-component---NewPartner--addressDetailDetailsLanguage-arrow\"]"}
RESULT: {"using":"xpath","value":"//*[@id=\"application-managepartners-display-component---NewPartner--addressDetailDetailsLanguage-arrow\"]"}
COMMAND: POST /session/8695070d5a47df2563e3bdc8364ee49b/element/f.C2FBE1F9D69D7A7D8F7D3E73BC2E8356.d.A387FB03AB4236F8A3B0B74432D539D2.e.3609/click - {}
RESULT: {}
COMMAND: POST /session/8695070d5a47df2563e3bdc8364ee49b/element - {"using":"xpath","value":"//span[contains(text(), \"English\")]"}
COMMAND: GET /session/8695070d5a47df2563e3bdc8364ee49b/screenshot - {}
RESULT: {"using":"xpath","value":"//span[contains(text(), \"English\")]"}
COMMAND: POST /session/8695070d5a47df2563e3bdc8364ee49b/element/f.C2FBE1F9D69D7A7D8F7D3E73BC2E8356.d.A387FB03AB4236F8A3B0B74432D539D2.e.3610/click - {}
RESULT: {}
RESULT: {}
COMMAND: GET /session/8695070d5a47df2563e3bdc8364ee49b/screenshot - {}
RESULT: {}
COMMAND: POST /session/8695070d5a47df2563e3bdc8364ee49b/execute/async - {"script":"<script> [1562 bytes]","args":[{"selector":{"id":"application-managepartners-display-component---NewPartner--addressDetailDetailsCity1","interaction":{"idSuffix":"inner"}},"wdio_ui5_key":"applicationmanagepartners-display-component---NewPartner--addressDetailDetailsCity1"}]}
RESULT: {"script":"<script> [1562 bytes]","args":[{"selector":{"id":"application-managepartners-display-component---NewPartner--addressDetailDetailsCity1","interaction":{"idSuffix":"inner"}},"wdio_ui5_key":"applicationmanagepartners-display-component---NewPartner--addressDetailDetailsCity1"}]}
RESULT: undefined
COMMAND: POST /session/8695070d5a47df2563e3bdc8364ee49b/execute/async - {"script":"<script> [776 bytes]","args":[{"enterText":"Rosario","selector":{"id":"application-managepartners-display-component---NewPartner--addressDetailDetailsCity1","interaction":{"idSuffix":"inner"}},"clearTextFirst":true,"interactionType":"ENTER_TEXT"}]}
RESULT: {"script":"<script> [776 bytes]","args":[{"enterText":"Rosario","selector":{"id":"application-managepartners-display-component---NewPartner--addressDetailDetailsCity1","interaction":{"idSuffix":"inner"}},"clearTextFirst":true,"interactionType":"ENTER_TEXT"}]}
COMMAND: POST /session/8695070d5a47df2563e3bdc8364ee49b/execute/async - {"script":"<script> [1562 bytes]","args":[{"selector":{"id":"application-managepartners-display-component---NewPartner--addressDetailDetailsCountry-arrow"},"wdio_ui5_key":"applicationmanagepartners-display-component---NewPartner--addressDetailDetailsCountry-arrow"}]}
RESULT: {"script":"<script> [1562 bytes]","args":[{"selector":{"id":"application-managepartners-display-component---NewPartner--addressDetailDetailsCountry-arrow"},"wdio_ui5_key":"applicationmanagepartners-display-component---NewPartner--addressDetailDetailsCountry-arrow"}]}
RESULT: undefined
COMMAND: POST /session/8695070d5a47df2563e3bdc8364ee49b/element - {"using":"xpath","value":"//*[@id=\"application-managepartners-display-component---NewPartner--addressDetailDetailsCountry-arrow\"]"}
RESULT: {"using":"xpath","value":"//*[@id=\"application-managepartners-display-component---NewPartner--addressDetailDetailsCountry-arrow\"]"}
COMMAND: POST /session/8695070d5a47df2563e3bdc8364ee49b/element/f.C2FBE1F9D69D7A7D8F7D3E73BC2E8356.d.A387FB03AB4236F8A3B0B74432D539D2.e.3584/click - {}
RESULT: {}
COMMAND: POST /session/8695070d5a47df2563e3bdc8364ee49b/element - {"using":"xpath","value":"//span[contains(text(), \"Argentina\")]"}
COMMAND: GET /session/8695070d5a47df2563e3bdc8364ee49b/screenshot - {}
RESULT: {"using":"xpath","value":"//span[contains(text(), \"Argentina\")]"}
COMMAND: POST /session/8695070d5a47df2563e3bdc8364ee49b/element/f.C2FBE1F9D69D7A7D8F7D3E73BC2E8356.d.A387FB03AB4236F8A3B0B74432D539D2.e.3612/click - {}
RESULT: {}
RESULT: {}
COMMAND: GET /session/8695070d5a47df2563e3bdc8364ee49b/screenshot - {}
RESULT: {}
COMMAND: POST /session/8695070d5a47df2563e3bdc8364ee49b/element - {"using":"xpath","value":"//bdi[contains(text(), \"Commercial\")]"}
RESULT: {"using":"xpath","value":"//bdi[contains(text(), \"Commercial\")]"}
COMMAND: POST /session/8695070d5a47df2563e3bdc8364ee49b/element/f.C2FBE1F9D69D7A7D8F7D3E73BC2E8356.d.A387FB03AB4236F8A3B0B74432D539D2.e.3613/click - {}
RESULT: {}
COMMAND: GET /session/8695070d5a47df2563e3bdc8364ee49b/screenshot - {}
RESULT: {}
COMMAND: POST /session/8695070d5a47df2563e3bdc8364ee49b/execute/async - {"script":"<script> [1562 bytes]","args":[{"selector":{"id":"application-managepartners-display-component---NewPartner--partnerDetailInternal-arrow"},"wdio_ui5_key":"applicationmanagepartners-display-component---NewPartner--partnerDetailInternal-arrow"}]}
RESULT: {"script":"<script> [1562 bytes]","args":[{"selector":{"id":"application-managepartners-display-component---NewPartner--partnerDetailInternal-arrow"},"wdio_ui5_key":"applicationmanagepartners-display-component---NewPartner--partnerDetailInternal-arrow"}]}
RESULT: undefined
COMMAND: POST /session/8695070d5a47df2563e3bdc8364ee49b/element - {"using":"xpath","value":"//*[@id=\"application-managepartners-display-component---NewPartner--partnerDetailInternal-arrow\"]"}
RESULT: {"using":"xpath","value":"//*[@id=\"application-managepartners-display-component---NewPartner--partnerDetailInternal-arrow\"]"}
COMMAND: POST /session/8695070d5a47df2563e3bdc8364ee49b/element/f.C2FBE1F9D69D7A7D8F7D3E73BC2E8356.d.A387FB03AB4236F8A3B0B74432D539D2.e.3619/click - {}
RESULT: {}
COMMAND: POST /session/8695070d5a47df2563e3bdc8364ee49b/element - {"using":"xpath","value":"//span[contains(text(), \"Affiliated company\")]"}
COMMAND: GET /session/8695070d5a47df2563e3bdc8364ee49b/screenshot - {}
RESULT: {"using":"xpath","value":"//span[contains(text(), \"Affiliated company\")]"}
COMMAND: POST /session/8695070d5a47df2563e3bdc8364ee49b/element/f.C2FBE1F9D69D7A7D8F7D3E73BC2E8356.d.A387FB03AB4236F8A3B0B74432D539D2.e.3620/click - {}
RESULT: {}
RESULT: {}
COMMAND: POST /session/8695070d5a47df2563e3bdc8364ee49b/execute/async - {"script":"<script> [1562 bytes]","args":[{"selector":{"id":"application-managepartners-display-component---NewPartner--partnerDetailsCurrency-arrow"},"wdio_ui5_key":"applicationmanagepartners-display-component---NewPartner--partnerDetailsCurrency-arrow"}]}
COMMAND: GET /session/8695070d5a47df2563e3bdc8364ee49b/screenshot - {}
RESULT: {"script":"<script> [1562 bytes]","args":[{"selector":{"id":"application-managepartners-display-component---NewPartner--partnerDetailsCurrency-arrow"},"wdio_ui5_key":"applicationmanagepartners-display-component---NewPartner--partnerDetailsCurrency-arrow"}]}
RESULT: undefined
COMMAND: POST /session/8695070d5a47df2563e3bdc8364ee49b/element - {"using":"xpath","value":"//*[@id=\"application-managepartners-display-component---NewPartner--partnerDetailsCurrency-arrow\"]"}
RESULT: {}
RESULT: {"using":"xpath","value":"//*[@id=\"application-managepartners-display-component---NewPartner--partnerDetailsCurrency-arrow\"]"}
COMMAND: POST /session/8695070d5a47df2563e3bdc8364ee49b/element/f.C2FBE1F9D69D7A7D8F7D3E73BC2E8356.d.A387FB03AB4236F8A3B0B74432D539D2.e.3627/click - {}
RESULT: {}
COMMAND: POST /session/8695070d5a47df2563e3bdc8364ee49b/element - {"using":"xpath","value":"//span[contains(text(), \"Euro\")]"}
COMMAND: GET /session/8695070d5a47df2563e3bdc8364ee49b/screenshot - {}
RESULT: {"using":"xpath","value":"//span[contains(text(), \"Euro\")]"}
COMMAND: POST /session/8695070d5a47df2563e3bdc8364ee49b/element/f.C2FBE1F9D69D7A7D8F7D3E73BC2E8356.d.A387FB03AB4236F8A3B0B74432D539D2.e.3628/click - {}
RESULT: {}
RESULT: {}
COMMAND: POST /session/8695070d5a47df2563e3bdc8364ee49b/execute/async - {"script":"<script> [1562 bytes]","args":[{"selector":{"id":"application-managepartners-display-component---NewPartner--addressEditDetailsCostObjectCstType-arrow"},"wdio_ui5_key":"applicationmanagepartners-display-component---NewPartner--addressEditDetailsCostObjectCstType-arrow"}]}
COMMAND: GET /session/8695070d5a47df2563e3bdc8364ee49b/screenshot - {}
RESULT: {"script":"<script> [1562 bytes]","args":[{"selector":{"id":"application-managepartners-display-component---NewPartner--addressEditDetailsCostObjectCstType-arrow"},"wdio_ui5_key":"applicationmanagepartners-display-component---NewPartner--addressEditDetailsCostObjectCstType-arrow"}]}
RESULT: undefined
COMMAND: POST /session/8695070d5a47df2563e3bdc8364ee49b/element - {"using":"xpath","value":"//*[@id=\"application-managepartners-display-component---NewPartner--addressEditDetailsCostObjectCstType-arrow\"]"}
RESULT: {}
RESULT: {"using":"xpath","value":"//*[@id=\"application-managepartners-display-component---NewPartner--addressEditDetailsCostObjectCstType-arrow\"]"}
COMMAND: POST /session/8695070d5a47df2563e3bdc8364ee49b/element/f.C2FBE1F9D69D7A7D8F7D3E73BC2E8356.d.A387FB03AB4236F8A3B0B74432D539D2.e.3629/click - {}
RESULT: {}
COMMAND: POST /session/8695070d5a47df2563e3bdc8364ee49b/element - {"using":"xpath","value":"//span[contains(text(), \"Cost Center\")]"}
COMMAND: GET /session/8695070d5a47df2563e3bdc8364ee49b/screenshot - {}
RESULT: {"using":"xpath","value":"//span[contains(text(), \"Cost Center\")]"}
COMMAND: POST /session/8695070d5a47df2563e3bdc8364ee49b/element/f.C2FBE1F9D69D7A7D8F7D3E73BC2E8356.d.A387FB03AB4236F8A3B0B74432D539D2.e.3630/click - {}
RESULT: {}
RESULT: {}
COMMAND: GET /session/8695070d5a47df2563e3bdc8364ee49b/screenshot - {}
RESULT: {}
COMMAND: POST /session/8695070d5a47df2563e3bdc8364ee49b/element - {"using":"xpath","value":"//span[@id=\"application-managepartners-display-component---NewPartner--addressNewCostObjectCstID-vhi\"]"}
RESULT: {"using":"xpath","value":"//span[@id=\"application-managepartners-display-component---NewPartner--addressNewCostObjectCstID-vhi\"]"}
COMMAND: POST /session/8695070d5a47df2563e3bdc8364ee49b/execute/sync - {"script":"<script> [8489 bytes]","args":[{"element-6066-11e4-a52e-4f735466cecf":"f.C2FBE1F9D69D7A7D8F7D3E73BC2E8356.d.A387FB03AB4236F8A3B0B74432D539D2.e.3634","ELEMENT":"f.C2FBE1F9D69D7A7D8F7D3E73BC2E8356.d.A387FB03AB4236F8A3B0B74432D539D2.e.3634"}]}
RESULT: {"script":"<script> [8489 bytes]","args":[{"element-6066-11e4-a52e-4f735466cecf":"f.C2FBE1F9D69D7A7D8F7D3E73BC2E8356.d.A387FB03AB4236F8A3B0B74432D539D2.e.3634","ELEMENT":"f.C2FBE1F9D69D7A7D8F7D3E73BC2E8356.d.A387FB03AB4236F8A3B0B74432D539D2.e.3634"}]}
COMMAND: POST /session/8695070d5a47df2563e3bdc8364ee49b/execute/async - {"script":"<script> [1562 bytes]","args":[{"selector":{"id":"application-managepartners-display-component---NewPartner--addressNewCostObjectCstID-vhi"},"wdio_ui5_key":"applicationmanagepartners-display-component---NewPartner--addressNewCostObjectCstID-vhi"}]}
COMMAND: GET /session/8695070d5a47df2563e3bdc8364ee49b/screenshot - {}
RESULT: {"script":"<script> [1562 bytes]","args":[{"selector":{"id":"application-managepartners-display-component---NewPartner--addressNewCostObjectCstID-vhi"},"wdio_ui5_key":"applicationmanagepartners-display-component---NewPartner--addressNewCostObjectCstID-vhi"}]}
RESULT: undefined
COMMAND: POST /session/8695070d5a47df2563e3bdc8364ee49b/element - {"using":"xpath","value":"//*[@id=\"application-managepartners-display-component---NewPartner--addressNewCostObjectCstID-vhi\"]"}
RESULT: {}
RESULT: {"using":"xpath","value":"//*[@id=\"application-managepartners-display-component---NewPartner--addressNewCostObjectCstID-vhi\"]"}
COMMAND: POST /session/8695070d5a47df2563e3bdc8364ee49b/element/f.C2FBE1F9D69D7A7D8F7D3E73BC2E8356.d.A387FB03AB4236F8A3B0B74432D539D2.e.3634/click - {}
RESULT: {}
COMMAND: GET /session/8695070d5a47df2563e3bdc8364ee49b/screenshot - {}
RESULT: {}
COMMAND: POST /session/8695070d5a47df2563e3bdc8364ee49b/execute/async - {"script":"<script> [1562 bytes]","args":[{"selector":{"controlType":"sap.m.SearchField","properties":{"placeholder":"Search"},"searchOpenDialogs":true,"interaction":{"idSuffix":"I"}},"wdio_ui5_key":"sapm.SearchField{\"placeholder\":\"Search\"}"}]}
RESULT: {"script":"<script> [1562 bytes]","args":[{"selector":{"controlType":"sap.m.SearchField","properties":{"placeholder":"Search"},"searchOpenDialogs":true,"interaction":{"idSuffix":"I"}},"wdio_ui5_key":"sapm.SearchField{\"placeholder\":\"Search\"}"}]}
RESULT: undefined
COMMAND: POST /session/8695070d5a47df2563e3bdc8364ee49b/execute/async - {"script":"<script> [776 bytes]","args":[{"enterText":"10001013","selector":{"controlType":"sap.m.SearchField","properties":{"placeholder":"Search"},"searchOpenDialogs":true,"interaction":{"idSuffix":"I"}},"clearTextFirst":true,"interactionType":"ENTER_TEXT"}]}
RESULT: {"script":"<script> [776 bytes]","args":[{"enterText":"10001013","selector":{"controlType":"sap.m.SearchField","properties":{"placeholder":"Search"},"searchOpenDialogs":true,"interaction":{"idSuffix":"I"}},"clearTextFirst":true,"interactionType":"ENTER_TEXT"}]}
COMMAND: POST /session/8695070d5a47df2563e3bdc8364ee49b/actions - {"actions":[{"id":"action7","type":"key","parameters":{},"actions":[{"type":"keyDown","value":""},{"type":"pause","duration":10},{"type":"keyUp","value":""}]}]}
RESULT: {"actions":[{"id":"action7","type":"key","parameters":{},"actions":[{"type":"keyDown","value":""},{"type":"pause","duration":10},{"type":"keyUp","value":""}]}]}
COMMAND: GET /session/8695070d5a47df2563e3bdc8364ee49b/screenshot - {}
RESULT: {}
COMMAND: POST /session/8695070d5a47df2563e3bdc8364ee49b/element - {"using":"xpath","value":"//span[contains(text(), \"General Management\")]"}
RESULT: {"using":"xpath","value":"//span[contains(text(), \"General Management\")]"}
COMMAND: POST /session/8695070d5a47df2563e3bdc8364ee49b/element/f.C2FBE1F9D69D7A7D8F7D3E73BC2E8356.d.A387FB03AB4236F8A3B0B74432D539D2.e.3677/click - {}
RESULT: {}
COMMAND: GET /session/8695070d5a47df2563e3bdc8364ee49b/screenshot - {}
RESULT: {}
COMMAND: POST /session/8695070d5a47df2563e3bdc8364ee49b/element - {"using":"xpath","value":"//bdi[contains(text(), \"OK\")]"}
RESULT: {"using":"xpath","value":"//bdi[contains(text(), \"OK\")]"}
COMMAND: POST /session/8695070d5a47df2563e3bdc8364ee49b/element/f.C2FBE1F9D69D7A7D8F7D3E73BC2E8356.d.A387FB03AB4236F8A3B0B74432D539D2.e.3678/click - {}
RESULT: {}
COMMAND: GET /session/8695070d5a47df2563e3bdc8364ee49b/screenshot - {}
RESULT: {}
COMMAND: POST /session/8695070d5a47df2563e3bdc8364ee49b/element - {"using":"xpath","value":"//input[@id=\"application-managepartners-display-component---NewPartner--companyCodeComboBox-inner\"]"}
RESULT: {"using":"xpath","value":"//input[@id=\"application-managepartners-display-component---NewPartner--companyCodeComboBox-inner\"]"}
COMMAND: POST /session/8695070d5a47df2563e3bdc8364ee49b/element/f.C2FBE1F9D69D7A7D8F7D3E73BC2E8356.d.A387FB03AB4236F8A3B0B74432D539D2.e.3479/clear - {}
RESULT: {}
COMMAND: POST /session/8695070d5a47df2563e3bdc8364ee49b/element/f.C2FBE1F9D69D7A7D8F7D3E73BC2E8356.d.A387FB03AB4236F8A3B0B74432D539D2.e.3479/value - {"text":"C002"}
COMMAND: GET /session/8695070d5a47df2563e3bdc8364ee49b/screenshot - {}
RESULT: {"text":"C002"}
COMMAND: GET /session/8695070d5a47df2563e3bdc8364ee49b/screenshot - {}
RESULT: {}
RESULT: {}
COMMAND: POST /session/8695070d5a47df2563e3bdc8364ee49b/element - {"using":"xpath","value":"//li[.//span[text()= \"C002\"]]"}
RESULT: {"using":"xpath","value":"//li[.//span[text()= \"C002\"]]"}
COMMAND: POST /session/8695070d5a47df2563e3bdc8364ee49b/element/f.C2FBE1F9D69D7A7D8F7D3E73BC2E8356.d.A387FB03AB4236F8A3B0B74432D539D2.e.3684/click - {}
RESULT: {}
COMMAND: GET /session/8695070d5a47df2563e3bdc8364ee49b/screenshot - {}
RESULT: {}
COMMAND: POST /session/8695070d5a47df2563e3bdc8364ee49b/execute/async - {"script":"<script> [1562 bytes]","args":[{"selector":{"id":"application-managepartners-display-component---NewPartner--btnAddTableRow-img"},"wdio_ui5_key":"applicationmanagepartners-display-component---NewPartner--btnAddTableRow-img"}]}
RESULT: {"script":"<script> [1562 bytes]","args":[{"selector":{"id":"application-managepartners-display-component---NewPartner--btnAddTableRow-img"},"wdio_ui5_key":"applicationmanagepartners-display-component---NewPartner--btnAddTableRow-img"}]}
RESULT: undefined
COMMAND: POST /session/8695070d5a47df2563e3bdc8364ee49b/element - {"using":"xpath","value":"//*[@id=\"application-managepartners-display-component---NewPartner--btnAddTableRow-img\"]"}
RESULT: {"using":"xpath","value":"//*[@id=\"application-managepartners-display-component---NewPartner--btnAddTableRow-img\"]"}
COMMAND: POST /session/8695070d5a47df2563e3bdc8364ee49b/element/f.C2FBE1F9D69D7A7D8F7D3E73BC2E8356.d.A387FB03AB4236F8A3B0B74432D539D2.e.3685/click - {}
RESULT: {}
COMMAND: GET /session/8695070d5a47df2563e3bdc8364ee49b/screenshot - {}
RESULT: {}
COMMAND: POST /session/8695070d5a47df2563e3bdc8364ee49b/element - {"using":"xpath","value":"//input[@id=\"application-managepartners-display-component---NewPartner--assignmentYard-application-managepartners-display-component---NewPartner--assignmentsTable-0-inner\"]"}
RESULT: {"using":"xpath","value":"//input[@id=\"application-managepartners-display-component---NewPartner--assignmentYard-application-managepartners-display-component---NewPartner--assignmentsTable-0-inner\"]"}
COMMAND: POST /session/8695070d5a47df2563e3bdc8364ee49b/element/f.C2FBE1F9D69D7A7D8F7D3E73BC2E8356.d.A387FB03AB4236F8A3B0B74432D539D2.e.3688/clear - {}
RESULT: {}
COMMAND: POST /session/8695070d5a47df2563e3bdc8364ee49b/element/f.C2FBE1F9D69D7A7D8F7D3E73BC2E8356.d.A387FB03AB4236F8A3B0B74432D539D2.e.3688/value - {"text":"345"}
COMMAND: GET /session/8695070d5a47df2563e3bdc8364ee49b/screenshot - {}
RESULT: {"text":"345"}
COMMAND: GET /session/8695070d5a47df2563e3bdc8364ee49b/screenshot - {}
RESULT: {}
RESULT: {}
COMMAND: POST /session/8695070d5a47df2563e3bdc8364ee49b/element - {"using":"xpath","value":"//li[.//span[text()='345']]"}
RESULT: {"using":"xpath","value":"//li[.//span[text()='345']]"}
COMMAND: POST /session/8695070d5a47df2563e3bdc8364ee49b/element/f.C2FBE1F9D69D7A7D8F7D3E73BC2E8356.d.A387FB03AB4236F8A3B0B74432D539D2.e.3697/click - {}
RESULT: {}
COMMAND: GET /session/8695070d5a47df2563e3bdc8364ee49b/screenshot - {}
RESULT: {}
COMMAND: POST /session/8695070d5a47df2563e3bdc8364ee49b/actions - {"actions":[{"id":"action8","type":"key","parameters":{},"actions":[{"type":"keyDown","value":""},{"type":"pause","duration":10},{"type":"keyUp","value":""}]}]}
RESULT: {"actions":[{"id":"action8","type":"key","parameters":{},"actions":[{"type":"keyDown","value":""},{"type":"pause","duration":10},{"type":"keyUp","value":""}]}]}
COMMAND: POST /session/8695070d5a47df2563e3bdc8364ee49b/execute/async - {"script":"<script> [1562 bytes]","args":[{"selector":{"id":"application-managepartners-display-component---NewPartner--externalCustomerComboBox-application-managepartners-display-component---NewPartner--assignmentsTable-0-vhi"},"wdio_ui5_key":"applicationmanagepartners-display-component---NewPartner--externalCustomerComboBox-application-managepartners-display-component---NewPartner--assignmentsTable-0-vhi"}]}
COMMAND: GET /session/8695070d5a47df2563e3bdc8364ee49b/screenshot - {}
RESULT: {"script":"<script> [1562 bytes]","args":[{"selector":{"id":"application-managepartners-display-component---NewPartner--externalCustomerComboBox-application-managepartners-display-component---NewPartner--assignmentsTable-0-vhi"},"wdio_ui5_key":"applicationmanagepartners-display-component---NewPartner--externalCustomerComboBox-application-managepartners-display-component---NewPartner--assignmentsTable-0-vhi"}]}
RESULT: undefined
COMMAND: POST /session/8695070d5a47df2563e3bdc8364ee49b/element - {"using":"xpath","value":"//*[@id=\"application-managepartners-display-component---NewPartner--externalCustomerComboBox-application-managepartners-display-component---NewPartner--assignmentsTable-0-vhi\"]"}
RESULT: {}
RESULT: {"using":"xpath","value":"//*[@id=\"application-managepartners-display-component---NewPartner--externalCustomerComboBox-application-managepartners-display-component---NewPartner--assignmentsTable-0-vhi\"]"}
COMMAND: POST /session/8695070d5a47df2563e3bdc8364ee49b/element/f.C2FBE1F9D69D7A7D8F7D3E73BC2E8356.d.A387FB03AB4236F8A3B0B74432D539D2.e.3701/click - {}
RESULT: {}
RESULT: undefined
COMMAND: POST /session/8695070d5a47df2563e3bdc8364ee49b/execute/async - {"script":"<script> [776 bytes]","args":[{"enterText":"300003","selector":{"controlType":"sap.m.SearchField","properties":{"placeholder":"Search"},"searchOpenDialogs":true,"interaction":{"idSuffix":"I"}},"clearTextFirst":true,"interactionType":"ENTER_TEXT"}]}
COMMAND: GET /session/8695070d5a47df2563e3bdc8364ee49b/screenshot - {}
RESULT: {"script":"<script> [776 bytes]","args":[{"enterText":"300003","selector":{"controlType":"sap.m.SearchField","properties":{"placeholder":"Search"},"searchOpenDialogs":true,"interaction":{"idSuffix":"I"}},"clearTextFirst":true,"interactionType":"ENTER_TEXT"}]}
COMMAND: POST /session/8695070d5a47df2563e3bdc8364ee49b/actions - {"actions":[{"id":"action9","type":"key","parameters":{},"actions":[{"type":"keyDown","value":""},{"type":"pause","duration":10},{"type":"keyUp","value":""}]}]}
RESULT: {}
RESULT: {"actions":[{"id":"action9","type":"key","parameters":{},"actions":[{"type":"keyDown","value":""},{"type":"pause","duration":10},{"type":"keyUp","value":""}]}]}
COMMAND: GET /session/8695070d5a47df2563e3bdc8364ee49b/screenshot - {}
RESULT: {}
COMMAND: POST /session/8695070d5a47df2563e3bdc8364ee49b/element - {"using":"xpath","value":"//span[contains(text(), \"300003\")]"}
RESULT: {"using":"xpath","value":"//span[contains(text(), \"300003\")]"}
COMMAND: POST /session/8695070d5a47df2563e3bdc8364ee49b/element/f.C2FBE1F9D69D7A7D8F7D3E73BC2E8356.d.A387FB03AB4236F8A3B0B74432D539D2.e.3719/click - {}
RESULT: {}
COMMAND: GET /session/8695070d5a47df2563e3bdc8364ee49b/screenshot - {}
RESULT: {}
COMMAND: POST /session/8695070d5a47df2563e3bdc8364ee49b/element - {"using":"xpath","value":"//bdi[contains(text(), \"OK\")]"}
RESULT: {"using":"xpath","value":"//bdi[contains(text(), \"OK\")]"}
COMMAND: POST /session/8695070d5a47df2563e3bdc8364ee49b/element/f.C2FBE1F9D69D7A7D8F7D3E73BC2E8356.d.A387FB03AB4236F8A3B0B74432D539D2.e.3721/click - {}
RESULT: {}
COMMAND: GET /session/8695070d5a47df2563e3bdc8364ee49b/screenshot - {}
RESULT: {}
COMMAND: POST /session/8695070d5a47df2563e3bdc8364ee49b/execute/async - {"script":"<script> [1562 bytes]","args":[{"selector":{"id":"application-managepartners-display-component---NewPartner--intercompVendorComboBox-application-managepartners-display-component---NewPartner--assignmentsTable-0-vhi"},"wdio_ui5_key":"applicationmanagepartners-display-component---NewPartner--intercompVendorComboBox-application-managepartners-display-component---NewPartner--assignmentsTable-0-vhi"}]}
RESULT: {"script":"<script> [1562 bytes]","args":[{"selector":{"id":"application-managepartners-display-component---NewPartner--intercompVendorComboBox-application-managepartners-display-component---NewPartner--assignmentsTable-0-vhi"},"wdio_ui5_key":"applicationmanagepartners-display-component---NewPartner--intercompVendorComboBox-application-managepartners-display-component---NewPartner--assignmentsTable-0-vhi"}]}
RESULT: undefined
COMMAND: POST /session/8695070d5a47df2563e3bdc8364ee49b/element - {"using":"xpath","value":"//*[@id=\"application-managepartners-display-component---NewPartner--intercompVendorComboBox-application-managepartners-display-component---NewPartner--assignmentsTable-0-vhi\"]"}
RESULT: {"using":"xpath","value":"//*[@id=\"application-managepartners-display-component---NewPartner--intercompVendorComboBox-application-managepartners-display-component---NewPartner--assignmentsTable-0-vhi\"]"}
COMMAND: POST /session/8695070d5a47df2563e3bdc8364ee49b/element/f.C2FBE1F9D69D7A7D8F7D3E73BC2E8356.d.A387FB03AB4236F8A3B0B74432D539D2.e.3724/click - {}
RESULT: {}
RESULT: undefined
COMMAND: POST /session/8695070d5a47df2563e3bdc8364ee49b/execute/async - {"script":"<script> [776 bytes]","args":[{"enterText":"100005","selector":{"controlType":"sap.m.SearchField","properties":{"placeholder":"Search"},"searchOpenDialogs":true,"interaction":{"idSuffix":"I"}},"clearTextFirst":true,"interactionType":"ENTER_TEXT"}]}
COMMAND: GET /session/8695070d5a47df2563e3bdc8364ee49b/screenshot - {}
RESULT: {}
RESULT: {"script":"<script> [776 bytes]","args":[{"enterText":"100005","selector":{"controlType":"sap.m.SearchField","properties":{"placeholder":"Search"},"searchOpenDialogs":true,"interaction":{"idSuffix":"I"}},"clearTextFirst":true,"interactionType":"ENTER_TEXT"}]}
COMMAND: POST /session/8695070d5a47df2563e3bdc8364ee49b/actions - {"actions":[{"id":"action10","type":"key","parameters":{},"actions":[{"type":"keyDown","value":""},{"type":"pause","duration":10},{"type":"keyUp","value":""}]}]}
RESULT: {"actions":[{"id":"action10","type":"key","parameters":{},"actions":[{"type":"keyDown","value":""},{"type":"pause","duration":10},{"type":"keyUp","value":""}]}]}
COMMAND: GET /session/8695070d5a47df2563e3bdc8364ee49b/screenshot - {}
RESULT: {}
COMMAND: POST /session/8695070d5a47df2563e3bdc8364ee49b/element - {"using":"xpath","value":"//span[contains(text(), \"Penguins - Field/12345 Berlin\")]"}
RESULT: {"using":"xpath","value":"//span[contains(text(), \"Penguins - Field/12345 Berlin\")]"}
COMMAND: POST /session/8695070d5a47df2563e3bdc8364ee49b/element/f.C2FBE1F9D69D7A7D8F7D3E73BC2E8356.d.A387FB03AB4236F8A3B0B74432D539D2.e.3743/click - {}
RESULT: {}
COMMAND: GET /session/8695070d5a47df2563e3bdc8364ee49b/screenshot - {}
RESULT: {}
COMMAND: POST /session/8695070d5a47df2563e3bdc8364ee49b/element - {"using":"xpath","value":"//bdi[contains(text(), \"OK\")]"}
RESULT: {"using":"xpath","value":"//bdi[contains(text(), \"OK\")]"}
COMMAND: POST /session/8695070d5a47df2563e3bdc8364ee49b/element/f.C2FBE1F9D69D7A7D8F7D3E73BC2E8356.d.A387FB03AB4236F8A3B0B74432D539D2.e.3744/click - {}
RESULT: {}
COMMAND: GET /session/8695070d5a47df2563e3bdc8364ee49b/screenshot - {}
RESULT: {}
COMMAND: POST /session/8695070d5a47df2563e3bdc8364ee49b/element - {"using":"xpath","value":"//button[@data-kt=\"saveButton\"]"}
RESULT: {"using":"xpath","value":"//button[@data-kt=\"saveButton\"]"}
COMMAND: POST /session/8695070d5a47df2563e3bdc8364ee49b/element/f.C2FBE1F9D69D7A7D8F7D3E73BC2E8356.d.A387FB03AB4236F8A3B0B74432D539D2.e.3586/click - {}
RESULT: {}
COMMAND: GET /session/8695070d5a47df2563e3bdc8364ee49b/screenshot - {}
RESULT: {}
COMMAND: POST /session/8695070d5a47df2563e3bdc8364ee49b/element - {"using":"xpath","value":"//header[contains(@id, 'ObjectPageLayout-headerTitle')]/div[1]/div[2]/div[2]/span[1]"}
RESULT: {"using":"xpath","value":"//header[contains(@id, 'ObjectPageLayout-headerTitle')]/div[1]/div[2]/div[2]/span[1]"}
COMMAND: POST /session/8695070d5a47df2563e3bdc8364ee49b/elements - {"using":"xpath","value":"//header[contains(@id, 'ObjectPageLayout-headerTitle')]/div[1]/div[2]/div[2]/span[1]"}
RESULT: {"using":"xpath","value":"//header[contains(@id, 'ObjectPageLayout-headerTitle')]/div[1]/div[2]/div[2]/span[1]"}
COMMAND: POST /session/8695070d5a47df2563e3bdc8364ee49b/execute/sync - {"script":"<script> [56 bytes]","args":[{"element-6066-11e4-a52e-4f735466cecf":"f.C2FBE1F9D69D7A7D8F7D3E73BC2E8356.d.A387FB03AB4236F8A3B0B74432D539D2.e.3915","ELEMENT":"f.C2FBE1F9D69D7A7D8F7D3E73BC2E8356.d.A387FB03AB4236F8A3B0B74432D539D2.e.3915"}]}
RESULT: {"script":"<script> [56 bytes]","args":[{"element-6066-11e4-a52e-4f735466cecf":"f.C2FBE1F9D69D7A7D8F7D3E73BC2E8356.d.A387FB03AB4236F8A3B0B74432D539D2.e.3915","ELEMENT":"f.C2FBE1F9D69D7A7D8F7D3E73BC2E8356.d.A387FB03AB4236F8A3B0B74432D539D2.e.3915"}]}
COMMAND: POST /session/8695070d5a47df2563e3bdc8364ee49b/element - {"using":"css selector","value":"#shell-header-logo"}
COMMAND: GET /session/8695070d5a47df2563e3bdc8364ee49b/screenshot - {}
RESULT: {"using":"css selector","value":"#shell-header-logo"}
COMMAND: POST /session/8695070d5a47df2563e3bdc8364ee49b/element/f.C2FBE1F9D69D7A7D8F7D3E73BC2E8356.d.A387FB03AB4236F8A3B0B74432D539D2.e.3133/click - {}
RESULT: {}
RESULT: {}
COMMAND: GET /session/8695070d5a47df2563e3bdc8364ee49b/screenshot - {}
RESULT: {}
COMMAND: POST /session/8695070d5a47df2563e3bdc8364ee49b/execute/sync - {"script":"<script> [299 bytes]","args":[["getModel","getResource"]]}
RESULT: {"script":"<script> [299 bytes]","args":[["getModel","getResource"]]}
RESULT: undefined
COMMAND: POST /session/8695070d5a47df2563e3bdc8364ee49b/element - {"using":"xpath","value":"//*[@id=\"__tile30\"]"}
COMMAND: GET /session/8695070d5a47df2563e3bdc8364ee49b/screenshot - {}
RESULT: {"using":"xpath","value":"//*[@id=\"__tile30\"]"}
COMMAND: POST /session/8695070d5a47df2563e3bdc8364ee49b/element/f.C2FBE1F9D69D7A7D8F7D3E73BC2E8356.d.A387FB03AB4236F8A3B0B74432D539D2.e.3053/click - {}
RESULT: {}
RESULT: {}
COMMAND: GET /session/8695070d5a47df2563e3bdc8364ee49b/screenshot - {}
RESULT: {}
COMMAND: POST /session/8695070d5a47df2563e3bdc8364ee49b/elements - {"using":"xpath","value":"//span[text()='Error']"}
RESULT: {"using":"xpath","value":"//span[text()='Error']"}
COMMAND: POST /session/8695070d5a47df2563e3bdc8364ee49b/element - {"using":"xpath","value":"//button[@data-kt=\"addButton\"]"}
RESULT: {"using":"xpath","value":"//button[@data-kt=\"addButton\"]"}
COMMAND: POST /session/8695070d5a47df2563e3bdc8364ee49b/elements - {"using":"xpath","value":"//button[@data-kt=\"addButton\"]"}
RESULT: {"using":"xpath","value":"//button[@data-kt=\"addButton\"]"}
COMMAND: POST /session/8695070d5a47df2563e3bdc8364ee49b/execute/sync - {"script":"<script> [8489 bytes]","args":[{"element-6066-11e4-a52e-4f735466cecf":"f.C2FBE1F9D69D7A7D8F7D3E73BC2E8356.d.A387FB03AB4236F8A3B0B74432D539D2.e.3962","ELEMENT":"f.C2FBE1F9D69D7A7D8F7D3E73BC2E8356.d.A387FB03AB4236F8A3B0B74432D539D2.e.3962"}]}
RESULT: {"script":"<script> [8489 bytes]","args":[{"element-6066-11e4-a52e-4f735466cecf":"f.C2FBE1F9D69D7A7D8F7D3E73BC2E8356.d.A387FB03AB4236F8A3B0B74432D539D2.e.3962","ELEMENT":"f.C2FBE1F9D69D7A7D8F7D3E73BC2E8356.d.A387FB03AB4236F8A3B0B74432D539D2.e.3962"}]}
COMMAND: GET /session/8695070d5a47df2563e3bdc8364ee49b/element/f.C2FBE1F9D69D7A7D8F7D3E73BC2E8356.d.A387FB03AB4236F8A3B0B74432D539D2.e.3962/enabled - {}
COMMAND: GET /session/8695070d5a47df2563e3bdc8364ee49b/screenshot - {}
RESULT: {}
COMMAND: POST /session/8695070d5a47df2563e3bdc8364ee49b/execute/sync - {"script":"<script> [8489 bytes]","args":[{"element-6066-11e4-a52e-4f735466cecf":"f.C2FBE1F9D69D7A7D8F7D3E73BC2E8356.d.A387FB03AB4236F8A3B0B74432D539D2.e.3962","ELEMENT":"f.C2FBE1F9D69D7A7D8F7D3E73BC2E8356.d.A387FB03AB4236F8A3B0B74432D539D2.e.3962"}]}
COMMAND: GET /session/8695070d5a47df2563e3bdc8364ee49b/screenshot - {}
RESULT: {}
RESULT: {"script":"<script> [8489 bytes]","args":[{"element-6066-11e4-a52e-4f735466cecf":"f.C2FBE1F9D69D7A7D8F7D3E73BC2E8356.d.A387FB03AB4236F8A3B0B74432D539D2.e.3962","ELEMENT":"f.C2FBE1F9D69D7A7D8F7D3E73BC2E8356.d.A387FB03AB4236F8A3B0B74432D539D2.e.3962"}]}
COMMAND: POST /session/8695070d5a47df2563e3bdc8364ee49b/execute/sync - {"script":"<script> [5351 bytes]","args":[{"element-6066-11e4-a52e-4f735466cecf":"f.C2FBE1F9D69D7A7D8F7D3E73BC2E8356.d.A387FB03AB4236F8A3B0B74432D539D2.e.3962","ELEMENT":"f.C2FBE1F9D69D7A7D8F7D3E73BC2E8356.d.A387FB03AB4236F8A3B0B74432D539D2.e.3962"}]}
COMMAND: GET /session/8695070d5a47df2563e3bdc8364ee49b/screenshot - {}
RESULT: {}
RESULT: {"script":"<script> [5351 bytes]","args":[{"element-6066-11e4-a52e-4f735466cecf":"f.C2FBE1F9D69D7A7D8F7D3E73BC2E8356.d.A387FB03AB4236F8A3B0B74432D539D2.e.3962","ELEMENT":"f.C2FBE1F9D69D7A7D8F7D3E73BC2E8356.d.A387FB03AB4236F8A3B0B74432D539D2.e.3962"}]}
COMMAND: GET /session/8695070d5a47df2563e3bdc8364ee49b/screenshot - {}
RESULT: {}
RESULT: {}
COMMAND: POST /session/8695070d5a47df2563e3bdc8364ee49b/execute/async - {"script":"<script> [1562 bytes]","args":[{"selector":{"id":"application-managepartners-display-component---masterPtm--smartFilterBar-btnBasicSearch","interaction":{"idSuffix":"I"}},"wdio_ui5_key":"applicationmanagepartners-display-component---masterPtm--smartFilterBar-btnBasicSearch"}]}
RESULT: {"script":"<script> [1562 bytes]","args":[{"selector":{"id":"application-managepartners-display-component---masterPtm--smartFilterBar-btnBasicSearch","interaction":{"idSuffix":"I"}},"wdio_ui5_key":"applicationmanagepartners-display-component---masterPtm--smartFilterBar-btnBasicSearch"}]}
RESULT: undefined
COMMAND: POST /session/8695070d5a47df2563e3bdc8364ee49b/execute/async - {"script":"<script> [776 bytes]","args":[{"enterText":"1177","selector":{"id":"application-managepartners-display-component---masterPtm--smartFilterBar-btnBasicSearch","interaction":{"idSuffix":"I"}},"clearTextFirst":true,"interactionType":"ENTER_TEXT"}]}
RESULT: {"script":"<script> [776 bytes]","args":[{"enterText":"1177","selector":{"id":"application-managepartners-display-component---masterPtm--smartFilterBar-btnBasicSearch","interaction":{"idSuffix":"I"}},"clearTextFirst":true,"interactionType":"ENTER_TEXT"}]}
COMMAND: POST /session/8695070d5a47df2563e3bdc8364ee49b/actions - {"actions":[{"id":"action11","type":"key","parameters":{},"actions":[{"type":"keyDown","value":""},{"type":"pause","duration":10},{"type":"keyUp","value":""}]}]}
RESULT: {"actions":[{"id":"action11","type":"key","parameters":{},"actions":[{"type":"keyDown","value":""},{"type":"pause","duration":10},{"type":"keyUp","value":""}]}]}
COMMAND: GET /session/8695070d5a47df2563e3bdc8364ee49b/screenshot - {}
RESULT: {}
COMMAND: POST /session/8695070d5a47df2563e3bdc8364ee49b/elements - {"using":"xpath","value":"//table[contains(@id, \"customPartnersTable-listUl\")]/tbody/tr"}
RESULT: {"using":"xpath","value":"//table[contains(@id, \"customPartnersTable-listUl\")]/tbody/tr"}
COMMAND: POST /session/8695070d5a47df2563e3bdc8364ee49b/element - {"using":"xpath","value":"//table[contains(@id, \"customPartnersTable-listUl\")]/tbody/tr[1]/td[3]/span"}
RESULT: {"using":"xpath","value":"//table[contains(@id, \"customPartnersTable-listUl\")]/tbody/tr[1]/td[3]/span"}
COMMAND: POST /session/8695070d5a47df2563e3bdc8364ee49b/elements - {"using":"xpath","value":"//table[contains(@id, \"customPartnersTable-listUl\")]/tbody/tr[1]/td[3]/span"}
RESULT: {"using":"xpath","value":"//table[contains(@id, \"customPartnersTable-listUl\")]/tbody/tr[1]/td[3]/span"}
COMMAND: POST /session/8695070d5a47df2563e3bdc8364ee49b/execute/sync - {"script":"<script> [56 bytes]","args":[{"element-6066-11e4-a52e-4f735466cecf":"f.C2FBE1F9D69D7A7D8F7D3E73BC2E8356.d.A387FB03AB4236F8A3B0B74432D539D2.e.4098","ELEMENT":"f.C2FBE1F9D69D7A7D8F7D3E73BC2E8356.d.A387FB03AB4236F8A3B0B74432D539D2.e.4098"}]}
RESULT: {"script":"<script> [56 bytes]","args":[{"element-6066-11e4-a52e-4f735466cecf":"f.C2FBE1F9D69D7A7D8F7D3E73BC2E8356.d.A387FB03AB4236F8A3B0B74432D539D2.e.4098","ELEMENT":"f.C2FBE1F9D69D7A7D8F7D3E73BC2E8356.d.A387FB03AB4236F8A3B0B74432D539D2.e.4098"}]}
COMMAND: POST /session/8695070d5a47df2563e3bdc8364ee49b/element - {"using":"xpath","value":"(//span[contains(@id, \"imgNav\")])[1]"}
COMMAND: GET /session/8695070d5a47df2563e3bdc8364ee49b/screenshot - {}
RESULT: {"using":"xpath","value":"(//span[contains(@id, \"imgNav\")])[1]"}
COMMAND: POST /session/8695070d5a47df2563e3bdc8364ee49b/element/f.C2FBE1F9D69D7A7D8F7D3E73BC2E8356.d.A387FB03AB4236F8A3B0B74432D539D2.e.4096/click - {}
RESULT: {}
RESULT: {}
COMMAND: GET /session/8695070d5a47df2563e3bdc8364ee49b/screenshot - {}
RESULT: {}
COMMAND: POST /session/8695070d5a47df2563e3bdc8364ee49b/element - {"using":"xpath","value":"//bdi[contains(text(), \"Edit\")]"}
RESULT: {"using":"xpath","value":"//bdi[contains(text(), \"Edit\")]"}
COMMAND: POST /session/8695070d5a47df2563e3bdc8364ee49b/element/f.C2FBE1F9D69D7A7D8F7D3E73BC2E8356.d.A387FB03AB4236F8A3B0B74432D539D2.e.4235/click - {}
RESULT: {}
COMMAND: GET /session/8695070d5a47df2563e3bdc8364ee49b/screenshot - {}
RESULT: {}
COMMAND: POST /session/8695070d5a47df2563e3bdc8364ee49b/execute/async - {"script":"<script> [1562 bytes]","args":[{"selector":{"controlType":"sap.m.Input","viewName":"etm.portal.ui.managepartners.view.EditDetail","labelFor":{"text":"Name"},"interaction":{"idSuffix":"inner"}},"wdio_ui5_key":"etmportal.ui.managepartners.view.EditDetailsap.m.Input{\"text\":\"Name\"}"}]}
RESULT: {"script":"<script> [1562 bytes]","args":[{"selector":{"controlType":"sap.m.Input","viewName":"etm.portal.ui.managepartners.view.EditDetail","labelFor":{"text":"Name"},"interaction":{"idSuffix":"inner"}},"wdio_ui5_key":"etmportal.ui.managepartners.view.EditDetailsap.m.Input{\"text\":\"Name\"}"}]}
RESULT: undefined
COMMAND: POST /session/8695070d5a47df2563e3bdc8364ee49b/execute/async - {"script":"<script> [776 bytes]","args":[{"enterText":"Intercompany EDIT","selector":{"controlType":"sap.m.Input","viewName":"etm.portal.ui.managepartners.view.EditDetail","labelFor":{"text":"Name"},"interaction":{"idSuffix":"inner"}},"clearTextFirst":true,"interactionType":"ENTER_TEXT"}]}
RESULT: {"script":"<script> [776 bytes]","args":[{"enterText":"Intercompany EDIT","selector":{"controlType":"sap.m.Input","viewName":"etm.portal.ui.managepartners.view.EditDetail","labelFor":{"text":"Name"},"interaction":{"idSuffix":"inner"}},"clearTextFirst":true,"interactionType":"ENTER_TEXT"}]}
COMMAND: POST /session/8695070d5a47df2563e3bdc8364ee49b/element - {"using":"xpath","value":"(//span[contains(@id,\"addressDetailDetailsLanguage-arrow\")])[1]"}
RESULT: {"using":"xpath","value":"(//span[contains(@id,\"addressDetailDetailsLanguage-arrow\")])[1]"}
COMMAND: POST /session/8695070d5a47df2563e3bdc8364ee49b/element/f.C2FBE1F9D69D7A7D8F7D3E73BC2E8356.d.A387FB03AB4236F8A3B0B74432D539D2.e.4319/click - {}
RESULT: {}
COMMAND: POST /session/8695070d5a47df2563e3bdc8364ee49b/element - {"using":"xpath","value":"//span[contains(text(), \"Chinese\")]"}
COMMAND: GET /session/8695070d5a47df2563e3bdc8364ee49b/screenshot - {}
RESULT: {"using":"xpath","value":"//span[contains(text(), \"Chinese\")]"}
COMMAND: POST /session/8695070d5a47df2563e3bdc8364ee49b/element/f.C2FBE1F9D69D7A7D8F7D3E73BC2E8356.d.A387FB03AB4236F8A3B0B74432D539D2.e.4320/click - {}
RESULT: {}
RESULT: {}
COMMAND: GET /session/8695070d5a47df2563e3bdc8364ee49b/screenshot - {}
RESULT: {}
COMMAND: POST /session/8695070d5a47df2563e3bdc8364ee49b/execute/async - {"script":"<script> [1562 bytes]","args":[{"selector":{"controlType":"sap.m.Input","viewName":"etm.portal.ui.managepartners.view.EditDetail","labelFor":{"text":"City"},"interaction":{"idSuffix":"inner"}},"wdio_ui5_key":"etmportal.ui.managepartners.view.EditDetailsap.m.Input{\"text\":\"City\"}"}]}
RESULT: {"script":"<script> [1562 bytes]","args":[{"selector":{"controlType":"sap.m.Input","viewName":"etm.portal.ui.managepartners.view.EditDetail","labelFor":{"text":"City"},"interaction":{"idSuffix":"inner"}},"wdio_ui5_key":"etmportal.ui.managepartners.view.EditDetailsap.m.Input{\"text\":\"City\"}"}]}
RESULT: undefined
COMMAND: POST /session/8695070d5a47df2563e3bdc8364ee49b/execute/async - {"script":"<script> [776 bytes]","args":[{"enterText":"Clooj-Napoca","selector":{"controlType":"sap.m.Input","viewName":"etm.portal.ui.managepartners.view.EditDetail","labelFor":{"text":"City"},"interaction":{"idSuffix":"inner"}},"clearTextFirst":true,"interactionType":"ENTER_TEXT"}]}
RESULT: {"script":"<script> [776 bytes]","args":[{"enterText":"Clooj-Napoca","selector":{"controlType":"sap.m.Input","viewName":"etm.portal.ui.managepartners.view.EditDetail","labelFor":{"text":"City"},"interaction":{"idSuffix":"inner"}},"clearTextFirst":true,"interactionType":"ENTER_TEXT"}]}
COMMAND: POST /session/8695070d5a47df2563e3bdc8364ee49b/element - {"using":"xpath","value":"//button[@data-kt=\"saveButton\"]"}
RESULT: {"using":"xpath","value":"//button[@data-kt=\"saveButton\"]"}
COMMAND: POST /session/8695070d5a47df2563e3bdc8364ee49b/element/f.C2FBE1F9D69D7A7D8F7D3E73BC2E8356.d.A387FB03AB4236F8A3B0B74432D539D2.e.4298/click - {}
RESULT: {}
COMMAND: GET /session/8695070d5a47df2563e3bdc8364ee49b/screenshot - {}
RESULT: {}
COMMAND: POST /session/8695070d5a47df2563e3bdc8364ee49b/execute/async - {"script":"<script> [1562 bytes]","args":[{"selector":{"id":"application-managepartners-display-component---detailPtm--addressDetailDetailsName1"},"wdio_ui5_key":"applicationmanagepartners-display-component---detailPtm--addressDetailDetailsName1"}]}
RESULT: {"script":"<script> [1562 bytes]","args":[{"selector":{"id":"application-managepartners-display-component---detailPtm--addressDetailDetailsName1"},"wdio_ui5_key":"applicationmanagepartners-display-component---detailPtm--addressDetailDetailsName1"}]}
RESULT: undefined
COMMAND: POST /session/8695070d5a47df2563e3bdc8364ee49b/execute/async - {"script":"<script> [6424 bytes]","args":[{"element-6066-11e4-a52e-4f735466cecf":"f.C2FBE1F9D69D7A7D8F7D3E73BC2E8356.d.A387FB03AB4236F8A3B0B74432D539D2.e.4351"},"getValue",[]]}
RESULT: {"script":"<script> [6424 bytes]","args":[{"element-6066-11e4-a52e-4f735466cecf":"f.C2FBE1F9D69D7A7D8F7D3E73BC2E8356.d.A387FB03AB4236F8A3B0B74432D539D2.e.4351"},"getValue",[]]}
COMMAND: POST /session/8695070d5a47df2563e3bdc8364ee49b/element - {"using":"xpath","value":"//input[@id = \"application-managepartners-display-component---detailPtm--addressDetailDetailsLanguage-inner\"]"}
RESULT: {"using":"xpath","value":"//input[@id = \"application-managepartners-display-component---detailPtm--addressDetailDetailsLanguage-inner\"]"}
COMMAND: GET /session/8695070d5a47df2563e3bdc8364ee49b/element/f.C2FBE1F9D69D7A7D8F7D3E73BC2E8356.d.A387FB03AB4236F8A3B0B74432D539D2.e.4352/property/value - {}
RESULT: {}
COMMAND: POST /session/8695070d5a47df2563e3bdc8364ee49b/execute/async - {"script":"<script> [1562 bytes]","args":[{"selector":{"id":"application-managepartners-display-component---detailPtm--addressDetailDetailsCity1"},"wdio_ui5_key":"applicationmanagepartners-display-component---detailPtm--addressDetailDetailsCity1"}]}
COMMAND: GET /session/8695070d5a47df2563e3bdc8364ee49b/screenshot - {}
RESULT: {"script":"<script> [1562 bytes]","args":[{"selector":{"id":"application-managepartners-display-component---detailPtm--addressDetailDetailsCity1"},"wdio_ui5_key":"applicationmanagepartners-display-component---detailPtm--addressDetailDetailsCity1"}]}
RESULT: undefined
COMMAND: POST /session/8695070d5a47df2563e3bdc8364ee49b/execute/async - {"script":"<script> [6424 bytes]","args":[{"element-6066-11e4-a52e-4f735466cecf":"f.C2FBE1F9D69D7A7D8F7D3E73BC2E8356.d.A387FB03AB4236F8A3B0B74432D539D2.e.4353"},"getValue",[]]}
RESULT: {}
RESULT: {"script":"<script> [6424 bytes]","args":[{"element-6066-11e4-a52e-4f735466cecf":"f.C2FBE1F9D69D7A7D8F7D3E73BC2E8356.d.A387FB03AB4236F8A3B0B74432D539D2.e.4353"},"getValue",[]]}
COMMAND: POST /session/8695070d5a47df2563e3bdc8364ee49b/element - {"using":"css selector","value":"#shell-header-logo"}
RESULT: {"using":"css selector","value":"#shell-header-logo"}
COMMAND: POST /session/8695070d5a47df2563e3bdc8364ee49b/element/f.C2FBE1F9D69D7A7D8F7D3E73BC2E8356.d.A387FB03AB4236F8A3B0B74432D539D2.e.3918/click - {}
RESULT: {}
COMMAND: GET /session/8695070d5a47df2563e3bdc8364ee49b/screenshot - {}
RESULT: {}
]]></system-out>
    </testcase>
    <testcase classname="chrome.136_0_7103_93.windows.Partner_specific_tests_US150819_US151080_US151654_US151176_US103444_US151078_US151079_US151109_US151174_US151175_US151189" name="Should create a new intracompany partner edit some of its fields US151079" time="254.193">
      <system-out><![CDATA[
COMMAND: POST /session/8695070d5a47df2563e3bdc8364ee49b/element - {"using":"xpath","value":"//li[.//span[text()=\"Manage Partners\"]]"}
RESULT: {"using":"xpath","value":"//li[.//span[text()=\"Manage Partners\"]]"}
COMMAND: POST /session/8695070d5a47df2563e3bdc8364ee49b/element - {"using":"xpath","value":"//li[.//span[text()=\"Manage Partners\"]]"}
RESULT: {"using":"xpath","value":"//li[.//span[text()=\"Manage Partners\"]]"}
COMMAND: POST /session/8695070d5a47df2563e3bdc8364ee49b/element - {"using":"css selector","value":"#shell-header-logo"}
RESULT: {"using":"css selector","value":"#shell-header-logo"}
COMMAND: POST /session/8695070d5a47df2563e3bdc8364ee49b/element/f.C2FBE1F9D69D7A7D8F7D3E73BC2E8356.d.A387FB03AB4236F8A3B0B74432D539D2.e.4383/click - {}
COMMAND: POST /session/8695070d5a47df2563e3bdc8364ee49b/execute/sync - {"script":"<script> [8489 bytes]","args":[{"element-6066-11e4-a52e-4f735466cecf":"f.C2FBE1F9D69D7A7D8F7D3E73BC2E8356.d.A387FB03AB4236F8A3B0B74432D539D2.e.4383","ELEMENT":"f.C2FBE1F9D69D7A7D8F7D3E73BC2E8356.d.A387FB03AB4236F8A3B0B74432D539D2.e.4383"}]}
RESULT: {"script":"<script> [8489 bytes]","args":[{"element-6066-11e4-a52e-4f735466cecf":"f.C2FBE1F9D69D7A7D8F7D3E73BC2E8356.d.A387FB03AB4236F8A3B0B74432D539D2.e.4383","ELEMENT":"f.C2FBE1F9D69D7A7D8F7D3E73BC2E8356.d.A387FB03AB4236F8A3B0B74432D539D2.e.4383"}]}
COMMAND: POST /session/8695070d5a47df2563e3bdc8364ee49b/execute/sync - {"script":"<script> [5351 bytes]","args":[{"element-6066-11e4-a52e-4f735466cecf":"f.C2FBE1F9D69D7A7D8F7D3E73BC2E8356.d.A387FB03AB4236F8A3B0B74432D539D2.e.4383","ELEMENT":"f.C2FBE1F9D69D7A7D8F7D3E73BC2E8356.d.A387FB03AB4236F8A3B0B74432D539D2.e.4383"}]}
COMMAND: GET /session/8695070d5a47df2563e3bdc8364ee49b/screenshot - {}
RESULT: {}
COMMAND: GET /session/8695070d5a47df2563e3bdc8364ee49b/screenshot - {}
RESULT: {"script":"<script> [5351 bytes]","args":[{"element-6066-11e4-a52e-4f735466cecf":"f.C2FBE1F9D69D7A7D8F7D3E73BC2E8356.d.A387FB03AB4236F8A3B0B74432D539D2.e.4383","ELEMENT":"f.C2FBE1F9D69D7A7D8F7D3E73BC2E8356.d.A387FB03AB4236F8A3B0B74432D539D2.e.4383"}]}
COMMAND: GET /session/8695070d5a47df2563e3bdc8364ee49b/screenshot - {}
RESULT: {}
RESULT: {}
RESULT: {}
COMMAND: POST /session/8695070d5a47df2563e3bdc8364ee49b/refresh - {}
RESULT: {}
COMMAND: GET /session/8695070d5a47df2563e3bdc8364ee49b/screenshot - {}
RESULT: {}
COMMAND: POST /session/8695070d5a47df2563e3bdc8364ee49b/refresh - {}
RESULT: {}
COMMAND: GET /session/8695070d5a47df2563e3bdc8364ee49b/screenshot - {}
RESULT: {}
COMMAND: POST /session/8695070d5a47df2563e3bdc8364ee49b/window/fullscreen - {}
RESULT: {}
COMMAND: POST /session/8695070d5a47df2563e3bdc8364ee49b/execute/async - {"script":"<script> [189 bytes]","args":[]}
RESULT: {"script":"<script> [189 bytes]","args":[]}
COMMAND: POST /session/8695070d5a47df2563e3bdc8364ee49b/execute/async - {"script":"<script> [123 bytes]","args":[]}
RESULT: {"script":"<script> [123 bytes]","args":[]}
COMMAND: POST /session/8695070d5a47df2563e3bdc8364ee49b/timeouts - {"script":"<number>"}
RESULT: {"script":"<number>"}
COMMAND: GET /session/8695070d5a47df2563e3bdc8364ee49b/timeouts - {}
RESULT: {}
RESULT: undefined
COMMAND: POST /session/8695070d5a47df2563e3bdc8364ee49b/execute/async - {"script":"<script> [2676 bytes]","args":[]}
RESULT: {"script":"<script> [2676 bytes]","args":[]}
COMMAND: POST /session/8695070d5a47df2563e3bdc8364ee49b/execute/async - {"script":"<script> [2342 bytes]","args":[{"protocol":"http","hostname":"0.0.0.0","path":"/","capabilities":{"browserName":"chrome","goog:chromeOptions":{"binary":"C:\\Program Files\\Google\\Chrome\\Application\\chrome.exe","args":["--start-maximized"]}},"logLevel":"warn","connectionRetryTimeout":120000,"connectionRetryCount":3,"logLevels":{},"enableDirectConnect":true,"strictSSL":true,"_":"65 more keys: [\"cacheDir\",\"port\",\"requestedCapabilities\",\"automationProtocol\",\"baseUrl\",\"waitforInterval\",\"waitforTimeout\",\"onReload\",\"beforeCommand\",\"afterCommand\",\"rootDir\",\"specs\",\"suites\",\"exclude\",\"groupLogsByTestSpec\",\"excludeDriverLogs\",\"bail\",\"framework\",\"reporters\",\"services\",\"maxInstances\",\"maxInstancesPerCapability\",\"injectGlobals\",\"filesToWatch\",\"execArgv\",\"runnerEnv\",\"runner\",\"shard\",\"specFileRetries\",\"specFileRetriesDelay\",\"specFileRetriesDeferred\",\"reporterSyncInterval\",\"reporterSyncTimeout\",\"cucumberFeaturesWithLineNumbers\",\"autoCompileOpts\",\"mochaOpts\",\"jasmineOpts\",\"cucumberOpts\",\"onPrepare\",\"onWorkerStart\",\"onWorkerEnd\",\"before\",\"beforeSession\",\"beforeSuite\",\"beforeHook\",\"beforeTest\",\"afterTest\",\"afterHook\",\"afterSuite\",\"afterSession\",\"after\",\"onComplete\",\"beforeAssertion\",\"afterAssertion\",\"beforeFeature\",\"beforeScenario\",\"beforeStep\",\"afterStep\",\"afterScenario\",\"afterFeature\",\"_\",\"suite\",\"$0\",\"ignoredWorkerServices\",\"wdi5\"]"}]}
RESULT: {"script":"<script> [2342 bytes]","args":[{"protocol":"http","hostname":"0.0.0.0","path":"/","capabilities":{"browserName":"chrome","goog:chromeOptions":{"binary":"C:\\Program Files\\Google\\Chrome\\Application\\chrome.exe","args":["--start-maximized"]}},"logLevel":"warn","connectionRetryTimeout":120000,"connectionRetryCount":3,"logLevels":{},"enableDirectConnect":true,"strictSSL":true,"_":"65 more keys: [\"cacheDir\",\"port\",\"requestedCapabilities\",\"automationProtocol\",\"baseUrl\",\"waitforInterval\",\"waitforTimeout\",\"onReload\",\"beforeCommand\",\"afterCommand\",\"rootDir\",\"specs\",\"suites\",\"exclude\",\"groupLogsByTestSpec\",\"excludeDriverLogs\",\"bail\",\"framework\",\"reporters\",\"services\",\"maxInstances\",\"maxInstancesPerCapability\",\"injectGlobals\",\"filesToWatch\",\"execArgv\",\"runnerEnv\",\"runner\",\"shard\",\"specFileRetries\",\"specFileRetriesDelay\",\"specFileRetriesDeferred\",\"reporterSyncInterval\",\"reporterSyncTimeout\",\"cucumberFeaturesWithLineNumbers\",\"autoCompileOpts\",\"mochaOpts\",\"jasmineOpts\",\"cucumberOpts\",\"onPrepare\",\"onWorkerStart\",\"onWorkerEnd\",\"before\",\"beforeSession\",\"beforeSuite\",\"beforeHook\",\"beforeTest\",\"afterTest\",\"afterHook\",\"afterSuite\",\"afterSession\",\"after\",\"onComplete\",\"beforeAssertion\",\"afterAssertion\",\"beforeFeature\",\"beforeScenario\",\"beforeStep\",\"afterStep\",\"afterScenario\",\"afterFeature\",\"_\",\"suite\",\"$0\",\"ignoredWorkerServices\",\"wdi5\"]"}]}
COMMAND: POST /session/8695070d5a47df2563e3bdc8364ee49b/execute/async - {"script":"<script> [21126 bytes]","args":[35000]}
RESULT: {"script":"<script> [21126 bytes]","args":[35000]}
COMMAND: POST /session/8695070d5a47df2563e3bdc8364ee49b/window/fullscreen - {}
RESULT: {}
COMMAND: POST /session/8695070d5a47df2563e3bdc8364ee49b/window/fullscreen - {}
RESULT: {}
COMMAND: POST /session/8695070d5a47df2563e3bdc8364ee49b/execute/async - {"script":"<script> [1562 bytes]","args":[{"selector":{"controlType":"sap.m.GenericTile","properties":{"header":"Manage Partners"}},"wdio_ui5_key":"sapm.GenericTile{\"header\":\"Manage Partners\"}"}]}
RESULT: {"script":"<script> [1562 bytes]","args":[{"selector":{"controlType":"sap.m.GenericTile","properties":{"header":"Manage Partners"}},"wdio_ui5_key":"sapm.GenericTile{\"header\":\"Manage Partners\"}"}]}
RESULT: undefined
COMMAND: POST /session/8695070d5a47df2563e3bdc8364ee49b/element - {"using":"xpath","value":"//*[@id=\"__tile30\"]"}
RESULT: {"using":"xpath","value":"//*[@id=\"__tile30\"]"}
COMMAND: POST /session/8695070d5a47df2563e3bdc8364ee49b/element/f.C2FBE1F9D69D7A7D8F7D3E73BC2E8356.d.837B383E7EFFD415A8A5C02C8BCA7C40.e.4448/click - {}
RESULT: {}
COMMAND: GET /session/8695070d5a47df2563e3bdc8364ee49b/screenshot - {}
RESULT: {}
COMMAND: POST /session/8695070d5a47df2563e3bdc8364ee49b/elements - {"using":"xpath","value":"//span[text()='Error']"}
RESULT: {"using":"xpath","value":"//span[text()='Error']"}
COMMAND: POST /session/8695070d5a47df2563e3bdc8364ee49b/element - {"using":"xpath","value":"//button[@data-kt=\"addButton\"]"}
RESULT: {"using":"xpath","value":"//button[@data-kt=\"addButton\"]"}
COMMAND: POST /session/8695070d5a47df2563e3bdc8364ee49b/elements - {"using":"xpath","value":"//button[@data-kt=\"addButton\"]"}
RESULT: {"using":"xpath","value":"//button[@data-kt=\"addButton\"]"}
COMMAND: POST /session/8695070d5a47df2563e3bdc8364ee49b/elements - {"using":"xpath","value":"//button[@data-kt=\"addButton\"]"}
RESULT: {"using":"xpath","value":"//button[@data-kt=\"addButton\"]"}
COMMAND: POST /session/8695070d5a47df2563e3bdc8364ee49b/elements - {"using":"xpath","value":"//button[@data-kt=\"addButton\"]"}
RESULT: {"using":"xpath","value":"//button[@data-kt=\"addButton\"]"}
COMMAND: POST /session/8695070d5a47df2563e3bdc8364ee49b/elements - {"using":"xpath","value":"//button[@data-kt=\"addButton\"]"}
RESULT: {"using":"xpath","value":"//button[@data-kt=\"addButton\"]"}
COMMAND: POST /session/8695070d5a47df2563e3bdc8364ee49b/elements - {"using":"xpath","value":"//button[@data-kt=\"addButton\"]"}
RESULT: {"using":"xpath","value":"//button[@data-kt=\"addButton\"]"}
COMMAND: POST /session/8695070d5a47df2563e3bdc8364ee49b/element - {"using":"xpath","value":"//button[@data-kt=\"addButton\"]"}
RESULT: {"using":"xpath","value":"//button[@data-kt=\"addButton\"]"}
COMMAND: POST /session/8695070d5a47df2563e3bdc8364ee49b/execute/sync - {"script":"<script> [8489 bytes]","args":[{"element-6066-11e4-a52e-4f735466cecf":"f.C2FBE1F9D69D7A7D8F7D3E73BC2E8356.d.837B383E7EFFD415A8A5C02C8BCA7C40.e.4563","ELEMENT":"f.C2FBE1F9D69D7A7D8F7D3E73BC2E8356.d.837B383E7EFFD415A8A5C02C8BCA7C40.e.4563"}]}
RESULT: {"script":"<script> [8489 bytes]","args":[{"element-6066-11e4-a52e-4f735466cecf":"f.C2FBE1F9D69D7A7D8F7D3E73BC2E8356.d.837B383E7EFFD415A8A5C02C8BCA7C40.e.4563","ELEMENT":"f.C2FBE1F9D69D7A7D8F7D3E73BC2E8356.d.837B383E7EFFD415A8A5C02C8BCA7C40.e.4563"}]}
COMMAND: GET /session/8695070d5a47df2563e3bdc8364ee49b/element/f.C2FBE1F9D69D7A7D8F7D3E73BC2E8356.d.837B383E7EFFD415A8A5C02C8BCA7C40.e.4563/enabled - {}
COMMAND: GET /session/8695070d5a47df2563e3bdc8364ee49b/screenshot - {}
RESULT: {}
COMMAND: POST /session/8695070d5a47df2563e3bdc8364ee49b/execute/sync - {"script":"<script> [8489 bytes]","args":[{"element-6066-11e4-a52e-4f735466cecf":"f.C2FBE1F9D69D7A7D8F7D3E73BC2E8356.d.837B383E7EFFD415A8A5C02C8BCA7C40.e.4563","ELEMENT":"f.C2FBE1F9D69D7A7D8F7D3E73BC2E8356.d.837B383E7EFFD415A8A5C02C8BCA7C40.e.4563"}]}
COMMAND: GET /session/8695070d5a47df2563e3bdc8364ee49b/screenshot - {}
RESULT: {}
RESULT: {"script":"<script> [8489 bytes]","args":[{"element-6066-11e4-a52e-4f735466cecf":"f.C2FBE1F9D69D7A7D8F7D3E73BC2E8356.d.837B383E7EFFD415A8A5C02C8BCA7C40.e.4563","ELEMENT":"f.C2FBE1F9D69D7A7D8F7D3E73BC2E8356.d.837B383E7EFFD415A8A5C02C8BCA7C40.e.4563"}]}
COMMAND: POST /session/8695070d5a47df2563e3bdc8364ee49b/execute/sync - {"script":"<script> [5351 bytes]","args":[{"element-6066-11e4-a52e-4f735466cecf":"f.C2FBE1F9D69D7A7D8F7D3E73BC2E8356.d.837B383E7EFFD415A8A5C02C8BCA7C40.e.4563","ELEMENT":"f.C2FBE1F9D69D7A7D8F7D3E73BC2E8356.d.837B383E7EFFD415A8A5C02C8BCA7C40.e.4563"}]}
COMMAND: GET /session/8695070d5a47df2563e3bdc8364ee49b/screenshot - {}
RESULT: {}
RESULT: {"script":"<script> [5351 bytes]","args":[{"element-6066-11e4-a52e-4f735466cecf":"f.C2FBE1F9D69D7A7D8F7D3E73BC2E8356.d.837B383E7EFFD415A8A5C02C8BCA7C40.e.4563","ELEMENT":"f.C2FBE1F9D69D7A7D8F7D3E73BC2E8356.d.837B383E7EFFD415A8A5C02C8BCA7C40.e.4563"}]}
COMMAND: POST /session/8695070d5a47df2563e3bdc8364ee49b/element/f.C2FBE1F9D69D7A7D8F7D3E73BC2E8356.d.837B383E7EFFD415A8A5C02C8BCA7C40.e.4563/click - {}
COMMAND: GET /session/8695070d5a47df2563e3bdc8364ee49b/screenshot - {}
RESULT: {}
RESULT: {}
COMMAND: GET /session/8695070d5a47df2563e3bdc8364ee49b/screenshot - {}
COMMAND: POST /session/8695070d5a47df2563e3bdc8364ee49b/execute/async - {"script":"<script> [1562 bytes]","args":[{"selector":{"id":"application-managepartners-display-component---NewPartner--addressDetailDetailsName1","interaction":{"idSuffix":"inner"}},"wdio_ui5_key":"applicationmanagepartners-display-component---NewPartner--addressDetailDetailsName1"}]}
RESULT: {}
RESULT: {}
RESULT: {"script":"<script> [1562 bytes]","args":[{"selector":{"id":"application-managepartners-display-component---NewPartner--addressDetailDetailsName1","interaction":{"idSuffix":"inner"}},"wdio_ui5_key":"applicationmanagepartners-display-component---NewPartner--addressDetailDetailsName1"}]}
RESULT: undefined
COMMAND: POST /session/8695070d5a47df2563e3bdc8364ee49b/execute/async - {"script":"<script> [776 bytes]","args":[{"enterText":"Intracompany Partner WDIO","selector":{"id":"application-managepartners-display-component---NewPartner--addressDetailDetailsName1","interaction":{"idSuffix":"inner"}},"clearTextFirst":true,"interactionType":"ENTER_TEXT"}]}
RESULT: {"script":"<script> [776 bytes]","args":[{"enterText":"Intracompany Partner WDIO","selector":{"id":"application-managepartners-display-component---NewPartner--addressDetailDetailsName1","interaction":{"idSuffix":"inner"}},"clearTextFirst":true,"interactionType":"ENTER_TEXT"}]}
COMMAND: POST /session/8695070d5a47df2563e3bdc8364ee49b/execute/async - {"script":"<script> [1562 bytes]","args":[{"selector":{"id":"application-managepartners-display-component---NewPartner--addressDetailDetailsLanguage-arrow"},"wdio_ui5_key":"applicationmanagepartners-display-component---NewPartner--addressDetailDetailsLanguage-arrow"}]}
RESULT: {"script":"<script> [1562 bytes]","args":[{"selector":{"id":"application-managepartners-display-component---NewPartner--addressDetailDetailsLanguage-arrow"},"wdio_ui5_key":"applicationmanagepartners-display-component---NewPartner--addressDetailDetailsLanguage-arrow"}]}
RESULT: undefined
COMMAND: POST /session/8695070d5a47df2563e3bdc8364ee49b/element - {"using":"xpath","value":"//*[@id=\"application-managepartners-display-component---NewPartner--addressDetailDetailsLanguage-arrow\"]"}
RESULT: {"using":"xpath","value":"//*[@id=\"application-managepartners-display-component---NewPartner--addressDetailDetailsLanguage-arrow\"]"}
COMMAND: POST /session/8695070d5a47df2563e3bdc8364ee49b/element/f.C2FBE1F9D69D7A7D8F7D3E73BC2E8356.d.837B383E7EFFD415A8A5C02C8BCA7C40.e.5003/click - {}
RESULT: {}
COMMAND: POST /session/8695070d5a47df2563e3bdc8364ee49b/element - {"using":"xpath","value":"//span[contains(text(), \"English\")]"}
COMMAND: GET /session/8695070d5a47df2563e3bdc8364ee49b/screenshot - {}
RESULT: {"using":"xpath","value":"//span[contains(text(), \"English\")]"}
COMMAND: POST /session/8695070d5a47df2563e3bdc8364ee49b/element/f.C2FBE1F9D69D7A7D8F7D3E73BC2E8356.d.837B383E7EFFD415A8A5C02C8BCA7C40.e.5004/click - {}
RESULT: {}
RESULT: {}
COMMAND: GET /session/8695070d5a47df2563e3bdc8364ee49b/screenshot - {}
RESULT: {}
COMMAND: POST /session/8695070d5a47df2563e3bdc8364ee49b/execute/async - {"script":"<script> [1562 bytes]","args":[{"selector":{"id":"application-managepartners-display-component---NewPartner--addressDetailDetailsCity1","interaction":{"idSuffix":"inner"}},"wdio_ui5_key":"applicationmanagepartners-display-component---NewPartner--addressDetailDetailsCity1"}]}
RESULT: {"script":"<script> [1562 bytes]","args":[{"selector":{"id":"application-managepartners-display-component---NewPartner--addressDetailDetailsCity1","interaction":{"idSuffix":"inner"}},"wdio_ui5_key":"applicationmanagepartners-display-component---NewPartner--addressDetailDetailsCity1"}]}
RESULT: undefined
COMMAND: POST /session/8695070d5a47df2563e3bdc8364ee49b/execute/async - {"script":"<script> [776 bytes]","args":[{"enterText":"Rosario","selector":{"id":"application-managepartners-display-component---NewPartner--addressDetailDetailsCity1","interaction":{"idSuffix":"inner"}},"clearTextFirst":true,"interactionType":"ENTER_TEXT"}]}
RESULT: {"script":"<script> [776 bytes]","args":[{"enterText":"Rosario","selector":{"id":"application-managepartners-display-component---NewPartner--addressDetailDetailsCity1","interaction":{"idSuffix":"inner"}},"clearTextFirst":true,"interactionType":"ENTER_TEXT"}]}
COMMAND: POST /session/8695070d5a47df2563e3bdc8364ee49b/execute/async - {"script":"<script> [1562 bytes]","args":[{"selector":{"id":"application-managepartners-display-component---NewPartner--addressDetailDetailsCountry-arrow"},"wdio_ui5_key":"applicationmanagepartners-display-component---NewPartner--addressDetailDetailsCountry-arrow"}]}
RESULT: {"script":"<script> [1562 bytes]","args":[{"selector":{"id":"application-managepartners-display-component---NewPartner--addressDetailDetailsCountry-arrow"},"wdio_ui5_key":"applicationmanagepartners-display-component---NewPartner--addressDetailDetailsCountry-arrow"}]}
RESULT: undefined
COMMAND: POST /session/8695070d5a47df2563e3bdc8364ee49b/element - {"using":"xpath","value":"//*[@id=\"application-managepartners-display-component---NewPartner--addressDetailDetailsCountry-arrow\"]"}
RESULT: {"using":"xpath","value":"//*[@id=\"application-managepartners-display-component---NewPartner--addressDetailDetailsCountry-arrow\"]"}
COMMAND: POST /session/8695070d5a47df2563e3bdc8364ee49b/element/f.C2FBE1F9D69D7A7D8F7D3E73BC2E8356.d.837B383E7EFFD415A8A5C02C8BCA7C40.e.4978/click - {}
RESULT: {}
COMMAND: POST /session/8695070d5a47df2563e3bdc8364ee49b/element - {"using":"xpath","value":"//span[contains(text(), \"Argentina\")]"}
COMMAND: GET /session/8695070d5a47df2563e3bdc8364ee49b/screenshot - {}
RESULT: {"using":"xpath","value":"//span[contains(text(), \"Argentina\")]"}
COMMAND: POST /session/8695070d5a47df2563e3bdc8364ee49b/element/f.C2FBE1F9D69D7A7D8F7D3E73BC2E8356.d.837B383E7EFFD415A8A5C02C8BCA7C40.e.5006/click - {}
RESULT: {}
RESULT: {}
COMMAND: GET /session/8695070d5a47df2563e3bdc8364ee49b/screenshot - {}
RESULT: {}
COMMAND: POST /session/8695070d5a47df2563e3bdc8364ee49b/element - {"using":"xpath","value":"//bdi[contains(text(), \"Commercial\")]"}
RESULT: {"using":"xpath","value":"//bdi[contains(text(), \"Commercial\")]"}
COMMAND: POST /session/8695070d5a47df2563e3bdc8364ee49b/element/f.C2FBE1F9D69D7A7D8F7D3E73BC2E8356.d.837B383E7EFFD415A8A5C02C8BCA7C40.e.5007/click - {}
RESULT: {}
COMMAND: GET /session/8695070d5a47df2563e3bdc8364ee49b/screenshot - {}
RESULT: {}
COMMAND: POST /session/8695070d5a47df2563e3bdc8364ee49b/execute/async - {"script":"<script> [1562 bytes]","args":[{"selector":{"id":"application-managepartners-display-component---NewPartner--partnerDetailInternal-arrow"},"wdio_ui5_key":"applicationmanagepartners-display-component---NewPartner--partnerDetailInternal-arrow"}]}
RESULT: {"script":"<script> [1562 bytes]","args":[{"selector":{"id":"application-managepartners-display-component---NewPartner--partnerDetailInternal-arrow"},"wdio_ui5_key":"applicationmanagepartners-display-component---NewPartner--partnerDetailInternal-arrow"}]}
RESULT: undefined
COMMAND: POST /session/8695070d5a47df2563e3bdc8364ee49b/element - {"using":"xpath","value":"//*[@id=\"application-managepartners-display-component---NewPartner--partnerDetailInternal-arrow\"]"}
RESULT: {"using":"xpath","value":"//*[@id=\"application-managepartners-display-component---NewPartner--partnerDetailInternal-arrow\"]"}
COMMAND: POST /session/8695070d5a47df2563e3bdc8364ee49b/element/f.C2FBE1F9D69D7A7D8F7D3E73BC2E8356.d.837B383E7EFFD415A8A5C02C8BCA7C40.e.5011/click - {}
RESULT: {}
COMMAND: POST /session/8695070d5a47df2563e3bdc8364ee49b/element - {"using":"xpath","value":"//span[contains(text(), \"Affiliated company\")]"}
COMMAND: GET /session/8695070d5a47df2563e3bdc8364ee49b/screenshot - {}
RESULT: {"using":"xpath","value":"//span[contains(text(), \"Affiliated company\")]"}
COMMAND: POST /session/8695070d5a47df2563e3bdc8364ee49b/element/f.C2FBE1F9D69D7A7D8F7D3E73BC2E8356.d.837B383E7EFFD415A8A5C02C8BCA7C40.e.5015/click - {}
RESULT: {}
RESULT: {}
COMMAND: POST /session/8695070d5a47df2563e3bdc8364ee49b/execute/async - {"script":"<script> [1562 bytes]","args":[{"selector":{"id":"application-managepartners-display-component---NewPartner--partnerDetailsCurrency-arrow"},"wdio_ui5_key":"applicationmanagepartners-display-component---NewPartner--partnerDetailsCurrency-arrow"}]}
COMMAND: GET /session/8695070d5a47df2563e3bdc8364ee49b/screenshot - {}
RESULT: {"script":"<script> [1562 bytes]","args":[{"selector":{"id":"application-managepartners-display-component---NewPartner--partnerDetailsCurrency-arrow"},"wdio_ui5_key":"applicationmanagepartners-display-component---NewPartner--partnerDetailsCurrency-arrow"}]}
RESULT: undefined
COMMAND: POST /session/8695070d5a47df2563e3bdc8364ee49b/element - {"using":"xpath","value":"//*[@id=\"application-managepartners-display-component---NewPartner--partnerDetailsCurrency-arrow\"]"}
RESULT: {}
RESULT: {"using":"xpath","value":"//*[@id=\"application-managepartners-display-component---NewPartner--partnerDetailsCurrency-arrow\"]"}
COMMAND: POST /session/8695070d5a47df2563e3bdc8364ee49b/element/f.C2FBE1F9D69D7A7D8F7D3E73BC2E8356.d.837B383E7EFFD415A8A5C02C8BCA7C40.e.5022/click - {}
RESULT: {}
COMMAND: POST /session/8695070d5a47df2563e3bdc8364ee49b/element - {"using":"xpath","value":"//span[contains(text(), \"Euro\")]"}
COMMAND: GET /session/8695070d5a47df2563e3bdc8364ee49b/screenshot - {}
RESULT: {"using":"xpath","value":"//span[contains(text(), \"Euro\")]"}
COMMAND: POST /session/8695070d5a47df2563e3bdc8364ee49b/element/f.C2FBE1F9D69D7A7D8F7D3E73BC2E8356.d.837B383E7EFFD415A8A5C02C8BCA7C40.e.5023/click - {}
RESULT: {}
RESULT: {}
COMMAND: POST /session/8695070d5a47df2563e3bdc8364ee49b/execute/async - {"script":"<script> [1562 bytes]","args":[{"selector":{"id":"application-managepartners-display-component---NewPartner--addressEditDetailsCostObjectCstType-arrow"},"wdio_ui5_key":"applicationmanagepartners-display-component---NewPartner--addressEditDetailsCostObjectCstType-arrow"}]}
COMMAND: GET /session/8695070d5a47df2563e3bdc8364ee49b/screenshot - {}
RESULT: {"script":"<script> [1562 bytes]","args":[{"selector":{"id":"application-managepartners-display-component---NewPartner--addressEditDetailsCostObjectCstType-arrow"},"wdio_ui5_key":"applicationmanagepartners-display-component---NewPartner--addressEditDetailsCostObjectCstType-arrow"}]}
RESULT: undefined
COMMAND: POST /session/8695070d5a47df2563e3bdc8364ee49b/element - {"using":"xpath","value":"//*[@id=\"application-managepartners-display-component---NewPartner--addressEditDetailsCostObjectCstType-arrow\"]"}
RESULT: {}
RESULT: {"using":"xpath","value":"//*[@id=\"application-managepartners-display-component---NewPartner--addressEditDetailsCostObjectCstType-arrow\"]"}
COMMAND: POST /session/8695070d5a47df2563e3bdc8364ee49b/element/f.C2FBE1F9D69D7A7D8F7D3E73BC2E8356.d.837B383E7EFFD415A8A5C02C8BCA7C40.e.5024/click - {}
RESULT: {}
COMMAND: POST /session/8695070d5a47df2563e3bdc8364ee49b/element - {"using":"xpath","value":"//span[contains(text(), \"Cost Center\")]"}
COMMAND: GET /session/8695070d5a47df2563e3bdc8364ee49b/screenshot - {}
RESULT: {"using":"xpath","value":"//span[contains(text(), \"Cost Center\")]"}
COMMAND: POST /session/8695070d5a47df2563e3bdc8364ee49b/element/f.C2FBE1F9D69D7A7D8F7D3E73BC2E8356.d.837B383E7EFFD415A8A5C02C8BCA7C40.e.5025/click - {}
RESULT: {}
RESULT: {}
COMMAND: GET /session/8695070d5a47df2563e3bdc8364ee49b/screenshot - {}
RESULT: {}
COMMAND: POST /session/8695070d5a47df2563e3bdc8364ee49b/element - {"using":"xpath","value":"//span[@id=\"application-managepartners-display-component---NewPartner--addressNewCostObjectCstID-vhi\"]"}
RESULT: {"using":"xpath","value":"//span[@id=\"application-managepartners-display-component---NewPartner--addressNewCostObjectCstID-vhi\"]"}
COMMAND: POST /session/8695070d5a47df2563e3bdc8364ee49b/execute/sync - {"script":"<script> [8489 bytes]","args":[{"element-6066-11e4-a52e-4f735466cecf":"f.C2FBE1F9D69D7A7D8F7D3E73BC2E8356.d.837B383E7EFFD415A8A5C02C8BCA7C40.e.5029","ELEMENT":"f.C2FBE1F9D69D7A7D8F7D3E73BC2E8356.d.837B383E7EFFD415A8A5C02C8BCA7C40.e.5029"}]}
RESULT: {"script":"<script> [8489 bytes]","args":[{"element-6066-11e4-a52e-4f735466cecf":"f.C2FBE1F9D69D7A7D8F7D3E73BC2E8356.d.837B383E7EFFD415A8A5C02C8BCA7C40.e.5029","ELEMENT":"f.C2FBE1F9D69D7A7D8F7D3E73BC2E8356.d.837B383E7EFFD415A8A5C02C8BCA7C40.e.5029"}]}
COMMAND: POST /session/8695070d5a47df2563e3bdc8364ee49b/execute/async - {"script":"<script> [1562 bytes]","args":[{"selector":{"id":"application-managepartners-display-component---NewPartner--addressNewCostObjectCstID-vhi"},"wdio_ui5_key":"applicationmanagepartners-display-component---NewPartner--addressNewCostObjectCstID-vhi"}]}
COMMAND: GET /session/8695070d5a47df2563e3bdc8364ee49b/screenshot - {}
RESULT: {"script":"<script> [1562 bytes]","args":[{"selector":{"id":"application-managepartners-display-component---NewPartner--addressNewCostObjectCstID-vhi"},"wdio_ui5_key":"applicationmanagepartners-display-component---NewPartner--addressNewCostObjectCstID-vhi"}]}
RESULT: undefined
COMMAND: POST /session/8695070d5a47df2563e3bdc8364ee49b/element - {"using":"xpath","value":"//*[@id=\"application-managepartners-display-component---NewPartner--addressNewCostObjectCstID-vhi\"]"}
RESULT: {}
RESULT: {"using":"xpath","value":"//*[@id=\"application-managepartners-display-component---NewPartner--addressNewCostObjectCstID-vhi\"]"}
COMMAND: POST /session/8695070d5a47df2563e3bdc8364ee49b/element/f.C2FBE1F9D69D7A7D8F7D3E73BC2E8356.d.837B383E7EFFD415A8A5C02C8BCA7C40.e.5029/click - {}
RESULT: {}
COMMAND: GET /session/8695070d5a47df2563e3bdc8364ee49b/screenshot - {}
RESULT: {}
COMMAND: POST /session/8695070d5a47df2563e3bdc8364ee49b/execute/async - {"script":"<script> [1562 bytes]","args":[{"selector":{"controlType":"sap.m.SearchField","properties":{"placeholder":"Search"},"searchOpenDialogs":true,"interaction":{"idSuffix":"I"}},"wdio_ui5_key":"sapm.SearchField{\"placeholder\":\"Search\"}"}]}
RESULT: {"script":"<script> [1562 bytes]","args":[{"selector":{"controlType":"sap.m.SearchField","properties":{"placeholder":"Search"},"searchOpenDialogs":true,"interaction":{"idSuffix":"I"}},"wdio_ui5_key":"sapm.SearchField{\"placeholder\":\"Search\"}"}]}
RESULT: undefined
COMMAND: POST /session/8695070d5a47df2563e3bdc8364ee49b/execute/async - {"script":"<script> [776 bytes]","args":[{"enterText":"10001013","selector":{"controlType":"sap.m.SearchField","properties":{"placeholder":"Search"},"searchOpenDialogs":true,"interaction":{"idSuffix":"I"}},"clearTextFirst":true,"interactionType":"ENTER_TEXT"}]}
RESULT: {"script":"<script> [776 bytes]","args":[{"enterText":"10001013","selector":{"controlType":"sap.m.SearchField","properties":{"placeholder":"Search"},"searchOpenDialogs":true,"interaction":{"idSuffix":"I"}},"clearTextFirst":true,"interactionType":"ENTER_TEXT"}]}
COMMAND: POST /session/8695070d5a47df2563e3bdc8364ee49b/actions - {"actions":[{"id":"action12","type":"key","parameters":{},"actions":[{"type":"keyDown","value":""},{"type":"pause","duration":10},{"type":"keyUp","value":""}]}]}
RESULT: {"actions":[{"id":"action12","type":"key","parameters":{},"actions":[{"type":"keyDown","value":""},{"type":"pause","duration":10},{"type":"keyUp","value":""}]}]}
COMMAND: GET /session/8695070d5a47df2563e3bdc8364ee49b/screenshot - {}
RESULT: {}
COMMAND: POST /session/8695070d5a47df2563e3bdc8364ee49b/element - {"using":"xpath","value":"//span[contains(text(), \"General Management\")]"}
RESULT: {"using":"xpath","value":"//span[contains(text(), \"General Management\")]"}
COMMAND: POST /session/8695070d5a47df2563e3bdc8364ee49b/element/f.C2FBE1F9D69D7A7D8F7D3E73BC2E8356.d.837B383E7EFFD415A8A5C02C8BCA7C40.e.5071/click - {}
RESULT: {}
COMMAND: GET /session/8695070d5a47df2563e3bdc8364ee49b/screenshot - {}
RESULT: {}
COMMAND: POST /session/8695070d5a47df2563e3bdc8364ee49b/element - {"using":"xpath","value":"//bdi[contains(text(), \"OK\")]"}
RESULT: {"using":"xpath","value":"//bdi[contains(text(), \"OK\")]"}
COMMAND: POST /session/8695070d5a47df2563e3bdc8364ee49b/element/f.C2FBE1F9D69D7A7D8F7D3E73BC2E8356.d.837B383E7EFFD415A8A5C02C8BCA7C40.e.5072/click - {}
RESULT: {}
COMMAND: GET /session/8695070d5a47df2563e3bdc8364ee49b/screenshot - {}
RESULT: {}
COMMAND: POST /session/8695070d5a47df2563e3bdc8364ee49b/element - {"using":"xpath","value":"//input[@id=\"application-managepartners-display-component---NewPartner--companyCodeComboBox-inner\"]"}
RESULT: {"using":"xpath","value":"//input[@id=\"application-managepartners-display-component---NewPartner--companyCodeComboBox-inner\"]"}
COMMAND: POST /session/8695070d5a47df2563e3bdc8364ee49b/element/f.C2FBE1F9D69D7A7D8F7D3E73BC2E8356.d.837B383E7EFFD415A8A5C02C8BCA7C40.e.4877/clear - {}
RESULT: {}
COMMAND: POST /session/8695070d5a47df2563e3bdc8364ee49b/element/f.C2FBE1F9D69D7A7D8F7D3E73BC2E8356.d.837B383E7EFFD415A8A5C02C8BCA7C40.e.4877/value - {"text":"1000"}
COMMAND: GET /session/8695070d5a47df2563e3bdc8364ee49b/screenshot - {}
RESULT: {"text":"1000"}
COMMAND: GET /session/8695070d5a47df2563e3bdc8364ee49b/screenshot - {}
RESULT: {}
RESULT: {}
COMMAND: POST /session/8695070d5a47df2563e3bdc8364ee49b/element - {"using":"xpath","value":"//li[.//span[text()= \"1000\"]]"}
RESULT: {"using":"xpath","value":"//li[.//span[text()= \"1000\"]]"}
COMMAND: POST /session/8695070d5a47df2563e3bdc8364ee49b/element/f.C2FBE1F9D69D7A7D8F7D3E73BC2E8356.d.837B383E7EFFD415A8A5C02C8BCA7C40.e.5078/click - {}
RESULT: {}
COMMAND: GET /session/8695070d5a47df2563e3bdc8364ee49b/screenshot - {}
RESULT: {}
COMMAND: POST /session/8695070d5a47df2563e3bdc8364ee49b/execute/async - {"script":"<script> [1562 bytes]","args":[{"selector":{"id":"application-managepartners-display-component---NewPartner--btnAddTableRow-img"},"wdio_ui5_key":"applicationmanagepartners-display-component---NewPartner--btnAddTableRow-img"}]}
RESULT: {"script":"<script> [1562 bytes]","args":[{"selector":{"id":"application-managepartners-display-component---NewPartner--btnAddTableRow-img"},"wdio_ui5_key":"applicationmanagepartners-display-component---NewPartner--btnAddTableRow-img"}]}
RESULT: undefined
COMMAND: POST /session/8695070d5a47df2563e3bdc8364ee49b/element - {"using":"xpath","value":"//*[@id=\"application-managepartners-display-component---NewPartner--btnAddTableRow-img\"]"}
RESULT: {"using":"xpath","value":"//*[@id=\"application-managepartners-display-component---NewPartner--btnAddTableRow-img\"]"}
COMMAND: POST /session/8695070d5a47df2563e3bdc8364ee49b/element/f.C2FBE1F9D69D7A7D8F7D3E73BC2E8356.d.837B383E7EFFD415A8A5C02C8BCA7C40.e.5079/click - {}
RESULT: {}
COMMAND: GET /session/8695070d5a47df2563e3bdc8364ee49b/screenshot - {}
RESULT: {}
COMMAND: POST /session/8695070d5a47df2563e3bdc8364ee49b/element - {"using":"xpath","value":"//input[@id=\"application-managepartners-display-component---NewPartner--assignmentYard-application-managepartners-display-component---NewPartner--assignmentsTable-0-inner\"]"}
RESULT: {"using":"xpath","value":"//input[@id=\"application-managepartners-display-component---NewPartner--assignmentYard-application-managepartners-display-component---NewPartner--assignmentsTable-0-inner\"]"}
COMMAND: POST /session/8695070d5a47df2563e3bdc8364ee49b/element/f.C2FBE1F9D69D7A7D8F7D3E73BC2E8356.d.837B383E7EFFD415A8A5C02C8BCA7C40.e.5082/clear - {}
RESULT: {}
COMMAND: POST /session/8695070d5a47df2563e3bdc8364ee49b/element/f.C2FBE1F9D69D7A7D8F7D3E73BC2E8356.d.837B383E7EFFD415A8A5C02C8BCA7C40.e.5082/value - {"text":"345"}
COMMAND: GET /session/8695070d5a47df2563e3bdc8364ee49b/screenshot - {}
RESULT: {"text":"345"}
COMMAND: GET /session/8695070d5a47df2563e3bdc8364ee49b/screenshot - {}
RESULT: {}
RESULT: {}
COMMAND: POST /session/8695070d5a47df2563e3bdc8364ee49b/element - {"using":"xpath","value":"//li[.//span[text()='345']]"}
RESULT: {"using":"xpath","value":"//li[.//span[text()='345']]"}
COMMAND: POST /session/8695070d5a47df2563e3bdc8364ee49b/element/f.C2FBE1F9D69D7A7D8F7D3E73BC2E8356.d.837B383E7EFFD415A8A5C02C8BCA7C40.e.5091/click - {}
RESULT: {}
COMMAND: GET /session/8695070d5a47df2563e3bdc8364ee49b/screenshot - {}
RESULT: {}
COMMAND: POST /session/8695070d5a47df2563e3bdc8364ee49b/actions - {"actions":[{"id":"action13","type":"key","parameters":{},"actions":[{"type":"keyDown","value":""},{"type":"pause","duration":10},{"type":"keyUp","value":""}]}]}
RESULT: {"actions":[{"id":"action13","type":"key","parameters":{},"actions":[{"type":"keyDown","value":""},{"type":"pause","duration":10},{"type":"keyUp","value":""}]}]}
COMMAND: POST /session/8695070d5a47df2563e3bdc8364ee49b/execute/async - {"script":"<script> [1562 bytes]","args":[{"selector":{"id":"application-managepartners-display-component---NewPartner--externalCustomerComboBox-application-managepartners-display-component---NewPartner--assignmentsTable-0-vhi"},"wdio_ui5_key":"applicationmanagepartners-display-component---NewPartner--externalCustomerComboBox-application-managepartners-display-component---NewPartner--assignmentsTable-0-vhi"}]}
COMMAND: GET /session/8695070d5a47df2563e3bdc8364ee49b/screenshot - {}
RESULT: {"script":"<script> [1562 bytes]","args":[{"selector":{"id":"application-managepartners-display-component---NewPartner--externalCustomerComboBox-application-managepartners-display-component---NewPartner--assignmentsTable-0-vhi"},"wdio_ui5_key":"applicationmanagepartners-display-component---NewPartner--externalCustomerComboBox-application-managepartners-display-component---NewPartner--assignmentsTable-0-vhi"}]}
RESULT: undefined
COMMAND: POST /session/8695070d5a47df2563e3bdc8364ee49b/element - {"using":"xpath","value":"//*[@id=\"application-managepartners-display-component---NewPartner--externalCustomerComboBox-application-managepartners-display-component---NewPartner--assignmentsTable-0-vhi\"]"}
RESULT: {}
RESULT: {"using":"xpath","value":"//*[@id=\"application-managepartners-display-component---NewPartner--externalCustomerComboBox-application-managepartners-display-component---NewPartner--assignmentsTable-0-vhi\"]"}
COMMAND: POST /session/8695070d5a47df2563e3bdc8364ee49b/element/f.C2FBE1F9D69D7A7D8F7D3E73BC2E8356.d.837B383E7EFFD415A8A5C02C8BCA7C40.e.5095/click - {}
RESULT: {}
RESULT: undefined
COMMAND: POST /session/8695070d5a47df2563e3bdc8364ee49b/execute/async - {"script":"<script> [776 bytes]","args":[{"enterText":"300003","selector":{"controlType":"sap.m.SearchField","properties":{"placeholder":"Search"},"searchOpenDialogs":true,"interaction":{"idSuffix":"I"}},"clearTextFirst":true,"interactionType":"ENTER_TEXT"}]}
COMMAND: GET /session/8695070d5a47df2563e3bdc8364ee49b/screenshot - {}
RESULT: {"script":"<script> [776 bytes]","args":[{"enterText":"300003","selector":{"controlType":"sap.m.SearchField","properties":{"placeholder":"Search"},"searchOpenDialogs":true,"interaction":{"idSuffix":"I"}},"clearTextFirst":true,"interactionType":"ENTER_TEXT"}]}
COMMAND: POST /session/8695070d5a47df2563e3bdc8364ee49b/actions - {"actions":[{"id":"action14","type":"key","parameters":{},"actions":[{"type":"keyDown","value":""},{"type":"pause","duration":10},{"type":"keyUp","value":""}]}]}
RESULT: {}
RESULT: {"actions":[{"id":"action14","type":"key","parameters":{},"actions":[{"type":"keyDown","value":""},{"type":"pause","duration":10},{"type":"keyUp","value":""}]}]}
COMMAND: GET /session/8695070d5a47df2563e3bdc8364ee49b/screenshot - {}
RESULT: {}
COMMAND: POST /session/8695070d5a47df2563e3bdc8364ee49b/element - {"using":"xpath","value":"//span[contains(text(), \"300003\")]"}
RESULT: {"using":"xpath","value":"//span[contains(text(), \"300003\")]"}
COMMAND: POST /session/8695070d5a47df2563e3bdc8364ee49b/element/f.C2FBE1F9D69D7A7D8F7D3E73BC2E8356.d.837B383E7EFFD415A8A5C02C8BCA7C40.e.5114/click - {}
RESULT: {}
COMMAND: GET /session/8695070d5a47df2563e3bdc8364ee49b/screenshot - {}
RESULT: {}
COMMAND: POST /session/8695070d5a47df2563e3bdc8364ee49b/element - {"using":"xpath","value":"//bdi[contains(text(), \"OK\")]"}
RESULT: {"using":"xpath","value":"//bdi[contains(text(), \"OK\")]"}
COMMAND: POST /session/8695070d5a47df2563e3bdc8364ee49b/element/f.C2FBE1F9D69D7A7D8F7D3E73BC2E8356.d.837B383E7EFFD415A8A5C02C8BCA7C40.e.5116/click - {}
RESULT: {}
COMMAND: GET /session/8695070d5a47df2563e3bdc8364ee49b/screenshot - {}
RESULT: {}
COMMAND: POST /session/8695070d5a47df2563e3bdc8364ee49b/execute/async - {"script":"<script> [1562 bytes]","args":[{"selector":{"id":"application-managepartners-display-component---NewPartner--intercompVendorComboBox-application-managepartners-display-component---NewPartner--assignmentsTable-0-vhi"},"wdio_ui5_key":"applicationmanagepartners-display-component---NewPartner--intercompVendorComboBox-application-managepartners-display-component---NewPartner--assignmentsTable-0-vhi"}]}
RESULT: {"script":"<script> [1562 bytes]","args":[{"selector":{"id":"application-managepartners-display-component---NewPartner--intercompVendorComboBox-application-managepartners-display-component---NewPartner--assignmentsTable-0-vhi"},"wdio_ui5_key":"applicationmanagepartners-display-component---NewPartner--intercompVendorComboBox-application-managepartners-display-component---NewPartner--assignmentsTable-0-vhi"}]}
RESULT: undefined
COMMAND: POST /session/8695070d5a47df2563e3bdc8364ee49b/element - {"using":"xpath","value":"//*[@id=\"application-managepartners-display-component---NewPartner--intercompVendorComboBox-application-managepartners-display-component---NewPartner--assignmentsTable-0-vhi\"]"}
RESULT: {"using":"xpath","value":"//*[@id=\"application-managepartners-display-component---NewPartner--intercompVendorComboBox-application-managepartners-display-component---NewPartner--assignmentsTable-0-vhi\"]"}
COMMAND: POST /session/8695070d5a47df2563e3bdc8364ee49b/element/f.C2FBE1F9D69D7A7D8F7D3E73BC2E8356.d.837B383E7EFFD415A8A5C02C8BCA7C40.e.5119/click - {}
RESULT: {}
RESULT: undefined
COMMAND: POST /session/8695070d5a47df2563e3bdc8364ee49b/execute/async - {"script":"<script> [776 bytes]","args":[{"enterText":"100005","selector":{"controlType":"sap.m.SearchField","properties":{"placeholder":"Search"},"searchOpenDialogs":true,"interaction":{"idSuffix":"I"}},"clearTextFirst":true,"interactionType":"ENTER_TEXT"}]}
COMMAND: GET /session/8695070d5a47df2563e3bdc8364ee49b/screenshot - {}
RESULT: {"script":"<script> [776 bytes]","args":[{"enterText":"100005","selector":{"controlType":"sap.m.SearchField","properties":{"placeholder":"Search"},"searchOpenDialogs":true,"interaction":{"idSuffix":"I"}},"clearTextFirst":true,"interactionType":"ENTER_TEXT"}]}
COMMAND: POST /session/8695070d5a47df2563e3bdc8364ee49b/actions - {"actions":[{"id":"action15","type":"key","parameters":{},"actions":[{"type":"keyDown","value":""},{"type":"pause","duration":10},{"type":"keyUp","value":""}]}]}
RESULT: {}
RESULT: {"actions":[{"id":"action15","type":"key","parameters":{},"actions":[{"type":"keyDown","value":""},{"type":"pause","duration":10},{"type":"keyUp","value":""}]}]}
COMMAND: GET /session/8695070d5a47df2563e3bdc8364ee49b/screenshot - {}
RESULT: {}
COMMAND: POST /session/8695070d5a47df2563e3bdc8364ee49b/element - {"using":"xpath","value":"//span[contains(text(), \"Penguins - Field/12345 Berlin\")]"}
RESULT: {"using":"xpath","value":"//span[contains(text(), \"Penguins - Field/12345 Berlin\")]"}
COMMAND: POST /session/8695070d5a47df2563e3bdc8364ee49b/element/f.C2FBE1F9D69D7A7D8F7D3E73BC2E8356.d.837B383E7EFFD415A8A5C02C8BCA7C40.e.5137/click - {}
RESULT: {}
COMMAND: GET /session/8695070d5a47df2563e3bdc8364ee49b/screenshot - {}
RESULT: {}
COMMAND: POST /session/8695070d5a47df2563e3bdc8364ee49b/element - {"using":"xpath","value":"//bdi[contains(text(), \"OK\")]"}
RESULT: {"using":"xpath","value":"//bdi[contains(text(), \"OK\")]"}
COMMAND: POST /session/8695070d5a47df2563e3bdc8364ee49b/element/f.C2FBE1F9D69D7A7D8F7D3E73BC2E8356.d.837B383E7EFFD415A8A5C02C8BCA7C40.e.5138/click - {}
RESULT: {}
COMMAND: GET /session/8695070d5a47df2563e3bdc8364ee49b/screenshot - {}
RESULT: {}
COMMAND: POST /session/8695070d5a47df2563e3bdc8364ee49b/element - {"using":"xpath","value":"//button[@data-kt=\"saveButton\"]"}
RESULT: {"using":"xpath","value":"//button[@data-kt=\"saveButton\"]"}
COMMAND: POST /session/8695070d5a47df2563e3bdc8364ee49b/element/f.C2FBE1F9D69D7A7D8F7D3E73BC2E8356.d.837B383E7EFFD415A8A5C02C8BCA7C40.e.4980/click - {}
RESULT: {}
COMMAND: GET /session/8695070d5a47df2563e3bdc8364ee49b/screenshot - {}
RESULT: {}
COMMAND: POST /session/8695070d5a47df2563e3bdc8364ee49b/element - {"using":"xpath","value":"//header[contains(@id, 'ObjectPageLayout-headerTitle')]/div[1]/div[2]/div[2]/span[1]"}
RESULT: {"using":"xpath","value":"//header[contains(@id, 'ObjectPageLayout-headerTitle')]/div[1]/div[2]/div[2]/span[1]"}
COMMAND: POST /session/8695070d5a47df2563e3bdc8364ee49b/elements - {"using":"xpath","value":"//header[contains(@id, 'ObjectPageLayout-headerTitle')]/div[1]/div[2]/div[2]/span[1]"}
RESULT: {"using":"xpath","value":"//header[contains(@id, 'ObjectPageLayout-headerTitle')]/div[1]/div[2]/div[2]/span[1]"}
COMMAND: POST /session/8695070d5a47df2563e3bdc8364ee49b/execute/sync - {"script":"<script> [56 bytes]","args":[{"element-6066-11e4-a52e-4f735466cecf":"f.C2FBE1F9D69D7A7D8F7D3E73BC2E8356.d.837B383E7EFFD415A8A5C02C8BCA7C40.e.5302","ELEMENT":"f.C2FBE1F9D69D7A7D8F7D3E73BC2E8356.d.837B383E7EFFD415A8A5C02C8BCA7C40.e.5302"}]}
RESULT: {"script":"<script> [56 bytes]","args":[{"element-6066-11e4-a52e-4f735466cecf":"f.C2FBE1F9D69D7A7D8F7D3E73BC2E8356.d.837B383E7EFFD415A8A5C02C8BCA7C40.e.5302","ELEMENT":"f.C2FBE1F9D69D7A7D8F7D3E73BC2E8356.d.837B383E7EFFD415A8A5C02C8BCA7C40.e.5302"}]}
COMMAND: POST /session/8695070d5a47df2563e3bdc8364ee49b/element - {"using":"css selector","value":"#shell-header-logo"}
COMMAND: GET /session/8695070d5a47df2563e3bdc8364ee49b/screenshot - {}
RESULT: {"using":"css selector","value":"#shell-header-logo"}
COMMAND: POST /session/8695070d5a47df2563e3bdc8364ee49b/element/f.C2FBE1F9D69D7A7D8F7D3E73BC2E8356.d.837B383E7EFFD415A8A5C02C8BCA7C40.e.4528/click - {}
RESULT: {}
RESULT: {}
COMMAND: GET /session/8695070d5a47df2563e3bdc8364ee49b/screenshot - {}
RESULT: {}
COMMAND: POST /session/8695070d5a47df2563e3bdc8364ee49b/execute/sync - {"script":"<script> [299 bytes]","args":[["getModel","getResource"]]}
RESULT: {"script":"<script> [299 bytes]","args":[["getModel","getResource"]]}
RESULT: undefined
COMMAND: POST /session/8695070d5a47df2563e3bdc8364ee49b/element - {"using":"xpath","value":"//*[@id=\"__tile30\"]"}
COMMAND: GET /session/8695070d5a47df2563e3bdc8364ee49b/screenshot - {}
RESULT: {"using":"xpath","value":"//*[@id=\"__tile30\"]"}
COMMAND: POST /session/8695070d5a47df2563e3bdc8364ee49b/element/f.C2FBE1F9D69D7A7D8F7D3E73BC2E8356.d.837B383E7EFFD415A8A5C02C8BCA7C40.e.4448/click - {}
RESULT: {}
RESULT: {}
COMMAND: GET /session/8695070d5a47df2563e3bdc8364ee49b/screenshot - {}
RESULT: {}
COMMAND: POST /session/8695070d5a47df2563e3bdc8364ee49b/elements - {"using":"xpath","value":"//span[text()='Error']"}
RESULT: {"using":"xpath","value":"//span[text()='Error']"}
COMMAND: POST /session/8695070d5a47df2563e3bdc8364ee49b/element - {"using":"xpath","value":"//button[@data-kt=\"addButton\"]"}
RESULT: {"using":"xpath","value":"//button[@data-kt=\"addButton\"]"}
COMMAND: POST /session/8695070d5a47df2563e3bdc8364ee49b/elements - {"using":"xpath","value":"//button[@data-kt=\"addButton\"]"}
RESULT: {"using":"xpath","value":"//button[@data-kt=\"addButton\"]"}
COMMAND: POST /session/8695070d5a47df2563e3bdc8364ee49b/execute/sync - {"script":"<script> [8489 bytes]","args":[{"element-6066-11e4-a52e-4f735466cecf":"f.C2FBE1F9D69D7A7D8F7D3E73BC2E8356.d.837B383E7EFFD415A8A5C02C8BCA7C40.e.5349","ELEMENT":"f.C2FBE1F9D69D7A7D8F7D3E73BC2E8356.d.837B383E7EFFD415A8A5C02C8BCA7C40.e.5349"}]}
RESULT: {"script":"<script> [8489 bytes]","args":[{"element-6066-11e4-a52e-4f735466cecf":"f.C2FBE1F9D69D7A7D8F7D3E73BC2E8356.d.837B383E7EFFD415A8A5C02C8BCA7C40.e.5349","ELEMENT":"f.C2FBE1F9D69D7A7D8F7D3E73BC2E8356.d.837B383E7EFFD415A8A5C02C8BCA7C40.e.5349"}]}
COMMAND: GET /session/8695070d5a47df2563e3bdc8364ee49b/element/f.C2FBE1F9D69D7A7D8F7D3E73BC2E8356.d.837B383E7EFFD415A8A5C02C8BCA7C40.e.5349/enabled - {}
COMMAND: GET /session/8695070d5a47df2563e3bdc8364ee49b/screenshot - {}
RESULT: {}
COMMAND: POST /session/8695070d5a47df2563e3bdc8364ee49b/execute/sync - {"script":"<script> [8489 bytes]","args":[{"element-6066-11e4-a52e-4f735466cecf":"f.C2FBE1F9D69D7A7D8F7D3E73BC2E8356.d.837B383E7EFFD415A8A5C02C8BCA7C40.e.5349","ELEMENT":"f.C2FBE1F9D69D7A7D8F7D3E73BC2E8356.d.837B383E7EFFD415A8A5C02C8BCA7C40.e.5349"}]}
COMMAND: GET /session/8695070d5a47df2563e3bdc8364ee49b/screenshot - {}
RESULT: {}
RESULT: {"script":"<script> [8489 bytes]","args":[{"element-6066-11e4-a52e-4f735466cecf":"f.C2FBE1F9D69D7A7D8F7D3E73BC2E8356.d.837B383E7EFFD415A8A5C02C8BCA7C40.e.5349","ELEMENT":"f.C2FBE1F9D69D7A7D8F7D3E73BC2E8356.d.837B383E7EFFD415A8A5C02C8BCA7C40.e.5349"}]}
COMMAND: POST /session/8695070d5a47df2563e3bdc8364ee49b/execute/sync - {"script":"<script> [5351 bytes]","args":[{"element-6066-11e4-a52e-4f735466cecf":"f.C2FBE1F9D69D7A7D8F7D3E73BC2E8356.d.837B383E7EFFD415A8A5C02C8BCA7C40.e.5349","ELEMENT":"f.C2FBE1F9D69D7A7D8F7D3E73BC2E8356.d.837B383E7EFFD415A8A5C02C8BCA7C40.e.5349"}]}
COMMAND: GET /session/8695070d5a47df2563e3bdc8364ee49b/screenshot - {}
RESULT: {}
RESULT: {"script":"<script> [5351 bytes]","args":[{"element-6066-11e4-a52e-4f735466cecf":"f.C2FBE1F9D69D7A7D8F7D3E73BC2E8356.d.837B383E7EFFD415A8A5C02C8BCA7C40.e.5349","ELEMENT":"f.C2FBE1F9D69D7A7D8F7D3E73BC2E8356.d.837B383E7EFFD415A8A5C02C8BCA7C40.e.5349"}]}
COMMAND: GET /session/8695070d5a47df2563e3bdc8364ee49b/screenshot - {}
RESULT: {}
RESULT: {}
COMMAND: POST /session/8695070d5a47df2563e3bdc8364ee49b/execute/async - {"script":"<script> [1562 bytes]","args":[{"selector":{"id":"application-managepartners-display-component---masterPtm--smartFilterBar-btnBasicSearch","interaction":{"idSuffix":"I"}},"wdio_ui5_key":"applicationmanagepartners-display-component---masterPtm--smartFilterBar-btnBasicSearch"}]}
RESULT: {"script":"<script> [1562 bytes]","args":[{"selector":{"id":"application-managepartners-display-component---masterPtm--smartFilterBar-btnBasicSearch","interaction":{"idSuffix":"I"}},"wdio_ui5_key":"applicationmanagepartners-display-component---masterPtm--smartFilterBar-btnBasicSearch"}]}
RESULT: undefined
COMMAND: POST /session/8695070d5a47df2563e3bdc8364ee49b/execute/async - {"script":"<script> [776 bytes]","args":[{"enterText":"1178","selector":{"id":"application-managepartners-display-component---masterPtm--smartFilterBar-btnBasicSearch","interaction":{"idSuffix":"I"}},"clearTextFirst":true,"interactionType":"ENTER_TEXT"}]}
RESULT: {"script":"<script> [776 bytes]","args":[{"enterText":"1178","selector":{"id":"application-managepartners-display-component---masterPtm--smartFilterBar-btnBasicSearch","interaction":{"idSuffix":"I"}},"clearTextFirst":true,"interactionType":"ENTER_TEXT"}]}
COMMAND: POST /session/8695070d5a47df2563e3bdc8364ee49b/actions - {"actions":[{"id":"action16","type":"key","parameters":{},"actions":[{"type":"keyDown","value":""},{"type":"pause","duration":10},{"type":"keyUp","value":""}]}]}
RESULT: {"actions":[{"id":"action16","type":"key","parameters":{},"actions":[{"type":"keyDown","value":""},{"type":"pause","duration":10},{"type":"keyUp","value":""}]}]}
COMMAND: GET /session/8695070d5a47df2563e3bdc8364ee49b/screenshot - {}
RESULT: {}
COMMAND: POST /session/8695070d5a47df2563e3bdc8364ee49b/elements - {"using":"xpath","value":"//table[contains(@id, \"customPartnersTable-listUl\")]/tbody/tr"}
RESULT: {"using":"xpath","value":"//table[contains(@id, \"customPartnersTable-listUl\")]/tbody/tr"}
COMMAND: POST /session/8695070d5a47df2563e3bdc8364ee49b/element - {"using":"xpath","value":"//table[contains(@id, \"customPartnersTable-listUl\")]/tbody/tr[1]/td[3]/span"}
RESULT: {"using":"xpath","value":"//table[contains(@id, \"customPartnersTable-listUl\")]/tbody/tr[1]/td[3]/span"}
COMMAND: POST /session/8695070d5a47df2563e3bdc8364ee49b/elements - {"using":"xpath","value":"//table[contains(@id, \"customPartnersTable-listUl\")]/tbody/tr[1]/td[3]/span"}
RESULT: {"using":"xpath","value":"//table[contains(@id, \"customPartnersTable-listUl\")]/tbody/tr[1]/td[3]/span"}
COMMAND: POST /session/8695070d5a47df2563e3bdc8364ee49b/execute/sync - {"script":"<script> [56 bytes]","args":[{"element-6066-11e4-a52e-4f735466cecf":"f.C2FBE1F9D69D7A7D8F7D3E73BC2E8356.d.837B383E7EFFD415A8A5C02C8BCA7C40.e.5485","ELEMENT":"f.C2FBE1F9D69D7A7D8F7D3E73BC2E8356.d.837B383E7EFFD415A8A5C02C8BCA7C40.e.5485"}]}
RESULT: {"script":"<script> [56 bytes]","args":[{"element-6066-11e4-a52e-4f735466cecf":"f.C2FBE1F9D69D7A7D8F7D3E73BC2E8356.d.837B383E7EFFD415A8A5C02C8BCA7C40.e.5485","ELEMENT":"f.C2FBE1F9D69D7A7D8F7D3E73BC2E8356.d.837B383E7EFFD415A8A5C02C8BCA7C40.e.5485"}]}
COMMAND: POST /session/8695070d5a47df2563e3bdc8364ee49b/element - {"using":"xpath","value":"(//span[contains(@id, \"imgNav\")])[1]"}
COMMAND: GET /session/8695070d5a47df2563e3bdc8364ee49b/screenshot - {}
RESULT: {"using":"xpath","value":"(//span[contains(@id, \"imgNav\")])[1]"}
COMMAND: POST /session/8695070d5a47df2563e3bdc8364ee49b/element/f.C2FBE1F9D69D7A7D8F7D3E73BC2E8356.d.837B383E7EFFD415A8A5C02C8BCA7C40.e.5483/click - {}
RESULT: {}
RESULT: {}
COMMAND: GET /session/8695070d5a47df2563e3bdc8364ee49b/screenshot - {}
RESULT: {}
COMMAND: POST /session/8695070d5a47df2563e3bdc8364ee49b/element - {"using":"xpath","value":"//bdi[contains(text(), \"Edit\")]"}
RESULT: {"using":"xpath","value":"//bdi[contains(text(), \"Edit\")]"}
COMMAND: POST /session/8695070d5a47df2563e3bdc8364ee49b/element/f.C2FBE1F9D69D7A7D8F7D3E73BC2E8356.d.837B383E7EFFD415A8A5C02C8BCA7C40.e.5629/click - {}
RESULT: {}
COMMAND: GET /session/8695070d5a47df2563e3bdc8364ee49b/screenshot - {}
RESULT: {}
COMMAND: POST /session/8695070d5a47df2563e3bdc8364ee49b/execute/async - {"script":"<script> [1562 bytes]","args":[{"selector":{"controlType":"sap.m.Input","viewName":"etm.portal.ui.managepartners.view.EditDetail","labelFor":{"text":"Name"},"interaction":{"idSuffix":"inner"}},"wdio_ui5_key":"etmportal.ui.managepartners.view.EditDetailsap.m.Input{\"text\":\"Name\"}"}]}
RESULT: {"script":"<script> [1562 bytes]","args":[{"selector":{"controlType":"sap.m.Input","viewName":"etm.portal.ui.managepartners.view.EditDetail","labelFor":{"text":"Name"},"interaction":{"idSuffix":"inner"}},"wdio_ui5_key":"etmportal.ui.managepartners.view.EditDetailsap.m.Input{\"text\":\"Name\"}"}]}
RESULT: undefined
COMMAND: POST /session/8695070d5a47df2563e3bdc8364ee49b/execute/async - {"script":"<script> [776 bytes]","args":[{"enterText":"Intracompany EDIT","selector":{"controlType":"sap.m.Input","viewName":"etm.portal.ui.managepartners.view.EditDetail","labelFor":{"text":"Name"},"interaction":{"idSuffix":"inner"}},"clearTextFirst":true,"interactionType":"ENTER_TEXT"}]}
RESULT: {"script":"<script> [776 bytes]","args":[{"enterText":"Intracompany EDIT","selector":{"controlType":"sap.m.Input","viewName":"etm.portal.ui.managepartners.view.EditDetail","labelFor":{"text":"Name"},"interaction":{"idSuffix":"inner"}},"clearTextFirst":true,"interactionType":"ENTER_TEXT"}]}
COMMAND: POST /session/8695070d5a47df2563e3bdc8364ee49b/element - {"using":"xpath","value":"(//span[contains(@id,\"addressDetailDetailsLanguage-arrow\")])[1]"}
RESULT: {"using":"xpath","value":"(//span[contains(@id,\"addressDetailDetailsLanguage-arrow\")])[1]"}
COMMAND: POST /session/8695070d5a47df2563e3bdc8364ee49b/element/f.C2FBE1F9D69D7A7D8F7D3E73BC2E8356.d.837B383E7EFFD415A8A5C02C8BCA7C40.e.5714/click - {}
RESULT: {}
COMMAND: POST /session/8695070d5a47df2563e3bdc8364ee49b/element - {"using":"xpath","value":"//span[contains(text(), \"Chinese\")]"}
COMMAND: GET /session/8695070d5a47df2563e3bdc8364ee49b/screenshot - {}
RESULT: {"using":"xpath","value":"//span[contains(text(), \"Chinese\")]"}
COMMAND: POST /session/8695070d5a47df2563e3bdc8364ee49b/element/f.C2FBE1F9D69D7A7D8F7D3E73BC2E8356.d.837B383E7EFFD415A8A5C02C8BCA7C40.e.5715/click - {}
RESULT: {}
RESULT: {}
COMMAND: GET /session/8695070d5a47df2563e3bdc8364ee49b/screenshot - {}
RESULT: {}
COMMAND: POST /session/8695070d5a47df2563e3bdc8364ee49b/execute/async - {"script":"<script> [1562 bytes]","args":[{"selector":{"controlType":"sap.m.Input","viewName":"etm.portal.ui.managepartners.view.EditDetail","labelFor":{"text":"City"},"interaction":{"idSuffix":"inner"}},"wdio_ui5_key":"etmportal.ui.managepartners.view.EditDetailsap.m.Input{\"text\":\"City\"}"}]}
RESULT: {"script":"<script> [1562 bytes]","args":[{"selector":{"controlType":"sap.m.Input","viewName":"etm.portal.ui.managepartners.view.EditDetail","labelFor":{"text":"City"},"interaction":{"idSuffix":"inner"}},"wdio_ui5_key":"etmportal.ui.managepartners.view.EditDetailsap.m.Input{\"text\":\"City\"}"}]}
RESULT: undefined
COMMAND: POST /session/8695070d5a47df2563e3bdc8364ee49b/execute/async - {"script":"<script> [776 bytes]","args":[{"enterText":"Clooj-Napoca","selector":{"controlType":"sap.m.Input","viewName":"etm.portal.ui.managepartners.view.EditDetail","labelFor":{"text":"City"},"interaction":{"idSuffix":"inner"}},"clearTextFirst":true,"interactionType":"ENTER_TEXT"}]}
RESULT: {"script":"<script> [776 bytes]","args":[{"enterText":"Clooj-Napoca","selector":{"controlType":"sap.m.Input","viewName":"etm.portal.ui.managepartners.view.EditDetail","labelFor":{"text":"City"},"interaction":{"idSuffix":"inner"}},"clearTextFirst":true,"interactionType":"ENTER_TEXT"}]}
COMMAND: POST /session/8695070d5a47df2563e3bdc8364ee49b/element - {"using":"xpath","value":"//button[@data-kt=\"saveButton\"]"}
RESULT: {"using":"xpath","value":"//button[@data-kt=\"saveButton\"]"}
COMMAND: POST /session/8695070d5a47df2563e3bdc8364ee49b/element/f.C2FBE1F9D69D7A7D8F7D3E73BC2E8356.d.837B383E7EFFD415A8A5C02C8BCA7C40.e.5691/click - {}
RESULT: {}
COMMAND: GET /session/8695070d5a47df2563e3bdc8364ee49b/screenshot - {}
RESULT: {}
COMMAND: POST /session/8695070d5a47df2563e3bdc8364ee49b/execute/async - {"script":"<script> [1562 bytes]","args":[{"selector":{"id":"application-managepartners-display-component---detailPtm--addressDetailDetailsName1"},"wdio_ui5_key":"applicationmanagepartners-display-component---detailPtm--addressDetailDetailsName1"}]}
RESULT: {"script":"<script> [1562 bytes]","args":[{"selector":{"id":"application-managepartners-display-component---detailPtm--addressDetailDetailsName1"},"wdio_ui5_key":"applicationmanagepartners-display-component---detailPtm--addressDetailDetailsName1"}]}
RESULT: undefined
COMMAND: POST /session/8695070d5a47df2563e3bdc8364ee49b/execute/async - {"script":"<script> [6424 bytes]","args":[{"element-6066-11e4-a52e-4f735466cecf":"f.C2FBE1F9D69D7A7D8F7D3E73BC2E8356.d.837B383E7EFFD415A8A5C02C8BCA7C40.e.5746"},"getValue",[]]}
RESULT: {"script":"<script> [6424 bytes]","args":[{"element-6066-11e4-a52e-4f735466cecf":"f.C2FBE1F9D69D7A7D8F7D3E73BC2E8356.d.837B383E7EFFD415A8A5C02C8BCA7C40.e.5746"},"getValue",[]]}
COMMAND: POST /session/8695070d5a47df2563e3bdc8364ee49b/element - {"using":"xpath","value":"//input[@id = \"application-managepartners-display-component---detailPtm--addressDetailDetailsLanguage-inner\"]"}
RESULT: {"using":"xpath","value":"//input[@id = \"application-managepartners-display-component---detailPtm--addressDetailDetailsLanguage-inner\"]"}
COMMAND: GET /session/8695070d5a47df2563e3bdc8364ee49b/element/f.C2FBE1F9D69D7A7D8F7D3E73BC2E8356.d.837B383E7EFFD415A8A5C02C8BCA7C40.e.5747/property/value - {}
RESULT: {}
COMMAND: POST /session/8695070d5a47df2563e3bdc8364ee49b/execute/async - {"script":"<script> [1562 bytes]","args":[{"selector":{"id":"application-managepartners-display-component---detailPtm--addressDetailDetailsCity1"},"wdio_ui5_key":"applicationmanagepartners-display-component---detailPtm--addressDetailDetailsCity1"}]}
COMMAND: GET /session/8695070d5a47df2563e3bdc8364ee49b/screenshot - {}
RESULT: {"script":"<script> [1562 bytes]","args":[{"selector":{"id":"application-managepartners-display-component---detailPtm--addressDetailDetailsCity1"},"wdio_ui5_key":"applicationmanagepartners-display-component---detailPtm--addressDetailDetailsCity1"}]}
RESULT: undefined
COMMAND: POST /session/8695070d5a47df2563e3bdc8364ee49b/execute/async - {"script":"<script> [6424 bytes]","args":[{"element-6066-11e4-a52e-4f735466cecf":"f.C2FBE1F9D69D7A7D8F7D3E73BC2E8356.d.837B383E7EFFD415A8A5C02C8BCA7C40.e.5748"},"getValue",[]]}
RESULT: {}
RESULT: {"script":"<script> [6424 bytes]","args":[{"element-6066-11e4-a52e-4f735466cecf":"f.C2FBE1F9D69D7A7D8F7D3E73BC2E8356.d.837B383E7EFFD415A8A5C02C8BCA7C40.e.5748"},"getValue",[]]}
COMMAND: POST /session/8695070d5a47df2563e3bdc8364ee49b/element - {"using":"css selector","value":"#shell-header-logo"}
RESULT: {"using":"css selector","value":"#shell-header-logo"}
COMMAND: POST /session/8695070d5a47df2563e3bdc8364ee49b/element/f.C2FBE1F9D69D7A7D8F7D3E73BC2E8356.d.837B383E7EFFD415A8A5C02C8BCA7C40.e.5305/click - {}
RESULT: {}
COMMAND: GET /session/8695070d5a47df2563e3bdc8364ee49b/screenshot - {}
RESULT: {}
]]></system-out>
    </testcase>
    <testcase classname="chrome.136_0_7103_93.windows.Partner_specific_tests_US150819_US151080_US151654_US151176_US103444_US151078_US151079_US151109_US151174_US151175_US151189" name="Should do filtering and navigation tests US151109" time="167.963">
      <system-out><![CDATA[
COMMAND: POST /session/8695070d5a47df2563e3bdc8364ee49b/element - {"using":"xpath","value":"//li[.//span[text()=\"Manage Partners\"]]"}
RESULT: {"using":"xpath","value":"//li[.//span[text()=\"Manage Partners\"]]"}
COMMAND: POST /session/8695070d5a47df2563e3bdc8364ee49b/element - {"using":"xpath","value":"//li[.//span[text()=\"Manage Partners\"]]"}
RESULT: {"using":"xpath","value":"//li[.//span[text()=\"Manage Partners\"]]"}
COMMAND: POST /session/8695070d5a47df2563e3bdc8364ee49b/element - {"using":"css selector","value":"#shell-header-logo"}
RESULT: {"using":"css selector","value":"#shell-header-logo"}
COMMAND: POST /session/8695070d5a47df2563e3bdc8364ee49b/element/f.C2FBE1F9D69D7A7D8F7D3E73BC2E8356.d.837B383E7EFFD415A8A5C02C8BCA7C40.e.5778/click - {}
COMMAND: POST /session/8695070d5a47df2563e3bdc8364ee49b/execute/sync - {"script":"<script> [8489 bytes]","args":[{"element-6066-11e4-a52e-4f735466cecf":"f.C2FBE1F9D69D7A7D8F7D3E73BC2E8356.d.837B383E7EFFD415A8A5C02C8BCA7C40.e.5778","ELEMENT":"f.C2FBE1F9D69D7A7D8F7D3E73BC2E8356.d.837B383E7EFFD415A8A5C02C8BCA7C40.e.5778"}]}
RESULT: {}
COMMAND: GET /session/8695070d5a47df2563e3bdc8364ee49b/screenshot - {}
RESULT: {"script":"<script> [8489 bytes]","args":[{"element-6066-11e4-a52e-4f735466cecf":"f.C2FBE1F9D69D7A7D8F7D3E73BC2E8356.d.837B383E7EFFD415A8A5C02C8BCA7C40.e.5778","ELEMENT":"f.C2FBE1F9D69D7A7D8F7D3E73BC2E8356.d.837B383E7EFFD415A8A5C02C8BCA7C40.e.5778"}]}
COMMAND: POST /session/8695070d5a47df2563e3bdc8364ee49b/execute/sync - {"script":"<script> [5351 bytes]","args":[{"element-6066-11e4-a52e-4f735466cecf":"f.C2FBE1F9D69D7A7D8F7D3E73BC2E8356.d.837B383E7EFFD415A8A5C02C8BCA7C40.e.5778","ELEMENT":"f.C2FBE1F9D69D7A7D8F7D3E73BC2E8356.d.837B383E7EFFD415A8A5C02C8BCA7C40.e.5778"}]}
COMMAND: GET /session/8695070d5a47df2563e3bdc8364ee49b/screenshot - {}
RESULT: {}
RESULT: {"script":"<script> [5351 bytes]","args":[{"element-6066-11e4-a52e-4f735466cecf":"f.C2FBE1F9D69D7A7D8F7D3E73BC2E8356.d.837B383E7EFFD415A8A5C02C8BCA7C40.e.5778","ELEMENT":"f.C2FBE1F9D69D7A7D8F7D3E73BC2E8356.d.837B383E7EFFD415A8A5C02C8BCA7C40.e.5778"}]}
COMMAND: GET /session/8695070d5a47df2563e3bdc8364ee49b/screenshot - {}
RESULT: {}
RESULT: {}
RESULT: undefined
COMMAND: POST /session/8695070d5a47df2563e3bdc8364ee49b/element - {"using":"xpath","value":"//*[@id=\"__tile30\"]"}
RESULT: {"using":"xpath","value":"//*[@id=\"__tile30\"]"}
COMMAND: POST /session/8695070d5a47df2563e3bdc8364ee49b/element/f.C2FBE1F9D69D7A7D8F7D3E73BC2E8356.d.837B383E7EFFD415A8A5C02C8BCA7C40.e.4448/click - {}
RESULT: {}
COMMAND: GET /session/8695070d5a47df2563e3bdc8364ee49b/screenshot - {}
RESULT: {}
COMMAND: POST /session/8695070d5a47df2563e3bdc8364ee49b/elements - {"using":"xpath","value":"//span[text()='Error']"}
RESULT: {"using":"xpath","value":"//span[text()='Error']"}
COMMAND: POST /session/8695070d5a47df2563e3bdc8364ee49b/element - {"using":"xpath","value":"//button[@data-kt=\"addButton\"]"}
RESULT: {"using":"xpath","value":"//button[@data-kt=\"addButton\"]"}
COMMAND: POST /session/8695070d5a47df2563e3bdc8364ee49b/elements - {"using":"xpath","value":"//button[@data-kt=\"addButton\"]"}
RESULT: {"using":"xpath","value":"//button[@data-kt=\"addButton\"]"}
COMMAND: POST /session/8695070d5a47df2563e3bdc8364ee49b/execute/sync - {"script":"<script> [8489 bytes]","args":[{"element-6066-11e4-a52e-4f735466cecf":"f.C2FBE1F9D69D7A7D8F7D3E73BC2E8356.d.837B383E7EFFD415A8A5C02C8BCA7C40.e.5823","ELEMENT":"f.C2FBE1F9D69D7A7D8F7D3E73BC2E8356.d.837B383E7EFFD415A8A5C02C8BCA7C40.e.5823"}]}
RESULT: {"script":"<script> [8489 bytes]","args":[{"element-6066-11e4-a52e-4f735466cecf":"f.C2FBE1F9D69D7A7D8F7D3E73BC2E8356.d.837B383E7EFFD415A8A5C02C8BCA7C40.e.5823","ELEMENT":"f.C2FBE1F9D69D7A7D8F7D3E73BC2E8356.d.837B383E7EFFD415A8A5C02C8BCA7C40.e.5823"}]}
COMMAND: GET /session/8695070d5a47df2563e3bdc8364ee49b/element/f.C2FBE1F9D69D7A7D8F7D3E73BC2E8356.d.837B383E7EFFD415A8A5C02C8BCA7C40.e.5823/enabled - {}
COMMAND: GET /session/8695070d5a47df2563e3bdc8364ee49b/screenshot - {}
RESULT: {}
COMMAND: POST /session/8695070d5a47df2563e3bdc8364ee49b/execute/sync - {"script":"<script> [8489 bytes]","args":[{"element-6066-11e4-a52e-4f735466cecf":"f.C2FBE1F9D69D7A7D8F7D3E73BC2E8356.d.837B383E7EFFD415A8A5C02C8BCA7C40.e.5823","ELEMENT":"f.C2FBE1F9D69D7A7D8F7D3E73BC2E8356.d.837B383E7EFFD415A8A5C02C8BCA7C40.e.5823"}]}
COMMAND: GET /session/8695070d5a47df2563e3bdc8364ee49b/screenshot - {}
RESULT: {}
RESULT: {"script":"<script> [8489 bytes]","args":[{"element-6066-11e4-a52e-4f735466cecf":"f.C2FBE1F9D69D7A7D8F7D3E73BC2E8356.d.837B383E7EFFD415A8A5C02C8BCA7C40.e.5823","ELEMENT":"f.C2FBE1F9D69D7A7D8F7D3E73BC2E8356.d.837B383E7EFFD415A8A5C02C8BCA7C40.e.5823"}]}
COMMAND: POST /session/8695070d5a47df2563e3bdc8364ee49b/execute/sync - {"script":"<script> [5351 bytes]","args":[{"element-6066-11e4-a52e-4f735466cecf":"f.C2FBE1F9D69D7A7D8F7D3E73BC2E8356.d.837B383E7EFFD415A8A5C02C8BCA7C40.e.5823","ELEMENT":"f.C2FBE1F9D69D7A7D8F7D3E73BC2E8356.d.837B383E7EFFD415A8A5C02C8BCA7C40.e.5823"}]}
COMMAND: GET /session/8695070d5a47df2563e3bdc8364ee49b/screenshot - {}
RESULT: {}
RESULT: {"script":"<script> [5351 bytes]","args":[{"element-6066-11e4-a52e-4f735466cecf":"f.C2FBE1F9D69D7A7D8F7D3E73BC2E8356.d.837B383E7EFFD415A8A5C02C8BCA7C40.e.5823","ELEMENT":"f.C2FBE1F9D69D7A7D8F7D3E73BC2E8356.d.837B383E7EFFD415A8A5C02C8BCA7C40.e.5823"}]}
COMMAND: GET /session/8695070d5a47df2563e3bdc8364ee49b/screenshot - {}
RESULT: {}
RESULT: {}
COMMAND: POST /session/8695070d5a47df2563e3bdc8364ee49b/element - {"using":"xpath","value":"//span[@id=\"application-managepartners-display-component---masterPtm--smartTable-header-inner\"]"}
RESULT: {"using":"xpath","value":"//span[@id=\"application-managepartners-display-component---masterPtm--smartTable-header-inner\"]"}
COMMAND: POST /session/8695070d5a47df2563e3bdc8364ee49b/elements - {"using":"xpath","value":"//span[@id=\"application-managepartners-display-component---masterPtm--smartTable-header-inner\"]"}
RESULT: {"using":"xpath","value":"//span[@id=\"application-managepartners-display-component---masterPtm--smartTable-header-inner\"]"}
COMMAND: POST /session/8695070d5a47df2563e3bdc8364ee49b/execute/sync - {"script":"<script> [56 bytes]","args":[{"element-6066-11e4-a52e-4f735466cecf":"f.C2FBE1F9D69D7A7D8F7D3E73BC2E8356.d.837B383E7EFFD415A8A5C02C8BCA7C40.e.5950","ELEMENT":"f.C2FBE1F9D69D7A7D8F7D3E73BC2E8356.d.837B383E7EFFD415A8A5C02C8BCA7C40.e.5950"}]}
RESULT: {"script":"<script> [56 bytes]","args":[{"element-6066-11e4-a52e-4f735466cecf":"f.C2FBE1F9D69D7A7D8F7D3E73BC2E8356.d.837B383E7EFFD415A8A5C02C8BCA7C40.e.5950","ELEMENT":"f.C2FBE1F9D69D7A7D8F7D3E73BC2E8356.d.837B383E7EFFD415A8A5C02C8BCA7C40.e.5950"}]}
RESULT: undefined
COMMAND: POST /session/8695070d5a47df2563e3bdc8364ee49b/execute/async - {"script":"<script> [776 bytes]","args":[{"enterText":"External Partner WDIO","selector":{"id":"application-managepartners-display-component---masterPtm--smartFilterBar-btnBasicSearch","interaction":{"idSuffix":"I"}},"clearTextFirst":true,"interactionType":"ENTER_TEXT"}]}
COMMAND: GET /session/8695070d5a47df2563e3bdc8364ee49b/screenshot - {}
RESULT: {"script":"<script> [776 bytes]","args":[{"enterText":"External Partner WDIO","selector":{"id":"application-managepartners-display-component---masterPtm--smartFilterBar-btnBasicSearch","interaction":{"idSuffix":"I"}},"clearTextFirst":true,"interactionType":"ENTER_TEXT"}]}
RESULT: {}
COMMAND: POST /session/8695070d5a47df2563e3bdc8364ee49b/actions - {"actions":[{"id":"action17","type":"key","parameters":{},"actions":[{"type":"keyDown","value":""},{"type":"pause","duration":10},{"type":"keyUp","value":""}]}]}
RESULT: {"actions":[{"id":"action17","type":"key","parameters":{},"actions":[{"type":"keyDown","value":""},{"type":"pause","duration":10},{"type":"keyUp","value":""}]}]}
COMMAND: GET /session/8695070d5a47df2563e3bdc8364ee49b/screenshot - {}
RESULT: {}
COMMAND: POST /session/8695070d5a47df2563e3bdc8364ee49b/element - {"using":"xpath","value":"//span[@id=\"application-managepartners-display-component---masterPtm--smartTable-header-inner\"]"}
RESULT: {"using":"xpath","value":"//span[@id=\"application-managepartners-display-component---masterPtm--smartTable-header-inner\"]"}
COMMAND: POST /session/8695070d5a47df2563e3bdc8364ee49b/elements - {"using":"xpath","value":"//span[@id=\"application-managepartners-display-component---masterPtm--smartTable-header-inner\"]"}
RESULT: {"using":"xpath","value":"//span[@id=\"application-managepartners-display-component---masterPtm--smartTable-header-inner\"]"}
COMMAND: POST /session/8695070d5a47df2563e3bdc8364ee49b/execute/sync - {"script":"<script> [56 bytes]","args":[{"element-6066-11e4-a52e-4f735466cecf":"f.C2FBE1F9D69D7A7D8F7D3E73BC2E8356.d.837B383E7EFFD415A8A5C02C8BCA7C40.e.5950","ELEMENT":"f.C2FBE1F9D69D7A7D8F7D3E73BC2E8356.d.837B383E7EFFD415A8A5C02C8BCA7C40.e.5950"}]}
RESULT: {"script":"<script> [56 bytes]","args":[{"element-6066-11e4-a52e-4f735466cecf":"f.C2FBE1F9D69D7A7D8F7D3E73BC2E8356.d.837B383E7EFFD415A8A5C02C8BCA7C40.e.5950","ELEMENT":"f.C2FBE1F9D69D7A7D8F7D3E73BC2E8356.d.837B383E7EFFD415A8A5C02C8BCA7C40.e.5950"}]}
COMMAND: POST /session/8695070d5a47df2563e3bdc8364ee49b/element - {"using":"xpath","value":"//div[contains(@id, \"managepartners-display-component---masterPtm--smartFilterBar-btnBasicSearch-reset\")]"}
COMMAND: GET /session/8695070d5a47df2563e3bdc8364ee49b/screenshot - {}
RESULT: {"using":"xpath","value":"//div[contains(@id, \"managepartners-display-component---masterPtm--smartFilterBar-btnBasicSearch-reset\")]"}
COMMAND: POST /session/8695070d5a47df2563e3bdc8364ee49b/element/f.C2FBE1F9D69D7A7D8F7D3E73BC2E8356.d.837B383E7EFFD415A8A5C02C8BCA7C40.e.6062/click - {}
RESULT: {}
RESULT: {}
COMMAND: GET /session/8695070d5a47df2563e3bdc8364ee49b/screenshot - {}
RESULT: {}
COMMAND: POST /session/8695070d5a47df2563e3bdc8364ee49b/execute/async - {"script":"<script> [1562 bytes]","args":[{"selector":{"id":"application-managepartners-display-component---masterPtm--smartFilterBar-filterItemControl_BASIC-MAIN_ADDRESS-vhi"},"wdio_ui5_key":"applicationmanagepartners-display-component---masterPtm--smartFilterBar-filterItemControl_BASIC-MAIN_ADDRESS-vhi"}]}
RESULT: {"script":"<script> [1562 bytes]","args":[{"selector":{"id":"application-managepartners-display-component---masterPtm--smartFilterBar-filterItemControl_BASIC-MAIN_ADDRESS-vhi"},"wdio_ui5_key":"applicationmanagepartners-display-component---masterPtm--smartFilterBar-filterItemControl_BASIC-MAIN_ADDRESS-vhi"}]}
RESULT: undefined
COMMAND: POST /session/8695070d5a47df2563e3bdc8364ee49b/element - {"using":"xpath","value":"//*[@id=\"application-managepartners-display-component---masterPtm--smartFilterBar-filterItemControl_BASIC-MAIN_ADDRESS-vhi\"]"}
RESULT: {"using":"xpath","value":"//*[@id=\"application-managepartners-display-component---masterPtm--smartFilterBar-filterItemControl_BASIC-MAIN_ADDRESS-vhi\"]"}
COMMAND: POST /session/8695070d5a47df2563e3bdc8364ee49b/element/f.C2FBE1F9D69D7A7D8F7D3E73BC2E8356.d.837B383E7EFFD415A8A5C02C8BCA7C40.e.6143/click - {}
RESULT: {}
COMMAND: GET /session/8695070d5a47df2563e3bdc8364ee49b/screenshot - {}
RESULT: {}
COMMAND: POST /session/8695070d5a47df2563e3bdc8364ee49b/execute/async - {"script":"<script> [1562 bytes]","args":[{"selector":{"id":"application-managepartners-display-component---masterPtm--smartFilterBar-filterItemControl_BASIC-MAIN_ADDRESS-valueHelpDialog-smartFilterBar-btnBasicSearch","searchOpenDialogs":true,"interaction":{"idSuffix":"I"}},"wdio_ui5_key":"applicationmanagepartners-display-component---masterPtm--smartFilterBar-filterItemControl_BASIC-MAIN_ADDRESS-valueHelpDialog-smartFilterBar-btnBasicSearch"}]}
RESULT: {"script":"<script> [1562 bytes]","args":[{"selector":{"id":"application-managepartners-display-component---masterPtm--smartFilterBar-filterItemControl_BASIC-MAIN_ADDRESS-valueHelpDialog-smartFilterBar-btnBasicSearch","searchOpenDialogs":true,"interaction":{"idSuffix":"I"}},"wdio_ui5_key":"applicationmanagepartners-display-component---masterPtm--smartFilterBar-filterItemControl_BASIC-MAIN_ADDRESS-valueHelpDialog-smartFilterBar-btnBasicSearch"}]}
RESULT: undefined
COMMAND: POST /session/8695070d5a47df2563e3bdc8364ee49b/execute/async - {"script":"<script> [776 bytes]","args":[{"enterText":"Romania","selector":{"id":"application-managepartners-display-component---masterPtm--smartFilterBar-filterItemControl_BASIC-MAIN_ADDRESS-valueHelpDialog-smartFilterBar-btnBasicSearch","searchOpenDialogs":true,"interaction":{"idSuffix":"I"}},"clearTextFirst":true,"interactionType":"ENTER_TEXT"}]}
RESULT: {"script":"<script> [776 bytes]","args":[{"enterText":"Romania","selector":{"id":"application-managepartners-display-component---masterPtm--smartFilterBar-filterItemControl_BASIC-MAIN_ADDRESS-valueHelpDialog-smartFilterBar-btnBasicSearch","searchOpenDialogs":true,"interaction":{"idSuffix":"I"}},"clearTextFirst":true,"interactionType":"ENTER_TEXT"}]}
COMMAND: POST /session/8695070d5a47df2563e3bdc8364ee49b/actions - {"actions":[{"id":"action18","type":"key","parameters":{},"actions":[{"type":"keyDown","value":""},{"type":"pause","duration":10},{"type":"keyUp","value":""}]}]}
RESULT: {"actions":[{"id":"action18","type":"key","parameters":{},"actions":[{"type":"keyDown","value":""},{"type":"pause","duration":10},{"type":"keyUp","value":""}]}]}
COMMAND: POST /session/8695070d5a47df2563e3bdc8364ee49b/elements - {"using":"xpath","value":"//table[contains(@id, \"smartFilterBar-filterItemControl_BASIC-MAIN_ADDRESS-valueHelpDialog-table-table\")]/tbody/tr"}
COMMAND: GET /session/8695070d5a47df2563e3bdc8364ee49b/screenshot - {}
RESULT: {"using":"xpath","value":"//table[contains(@id, \"smartFilterBar-filterItemControl_BASIC-MAIN_ADDRESS-valueHelpDialog-table-table\")]/tbody/tr"}
COMMAND: POST /session/8695070d5a47df2563e3bdc8364ee49b/element - {"using":"xpath","value":"//table[contains(@id, \"smartFilterBar-filterItemControl_BASIC-MAIN_ADDRESS-valueHelpDialog-table-table\")]/tbody/tr[1]/td[1]/div/span"}
RESULT: {}
RESULT: {"using":"xpath","value":"//table[contains(@id, \"smartFilterBar-filterItemControl_BASIC-MAIN_ADDRESS-valueHelpDialog-table-table\")]/tbody/tr[1]/td[1]/div/span"}
COMMAND: POST /session/8695070d5a47df2563e3bdc8364ee49b/elements - {"using":"xpath","value":"//table[contains(@id, \"smartFilterBar-filterItemControl_BASIC-MAIN_ADDRESS-valueHelpDialog-table-table\")]/tbody/tr[1]/td[1]/div/span"}
RESULT: {"using":"xpath","value":"//table[contains(@id, \"smartFilterBar-filterItemControl_BASIC-MAIN_ADDRESS-valueHelpDialog-table-table\")]/tbody/tr[1]/td[1]/div/span"}
COMMAND: POST /session/8695070d5a47df2563e3bdc8364ee49b/execute/sync - {"script":"<script> [56 bytes]","args":[{"element-6066-11e4-a52e-4f735466cecf":"f.C2FBE1F9D69D7A7D8F7D3E73BC2E8356.d.837B383E7EFFD415A8A5C02C8BCA7C40.e.6163","ELEMENT":"f.C2FBE1F9D69D7A7D8F7D3E73BC2E8356.d.837B383E7EFFD415A8A5C02C8BCA7C40.e.6163"}]}
RESULT: {"script":"<script> [56 bytes]","args":[{"element-6066-11e4-a52e-4f735466cecf":"f.C2FBE1F9D69D7A7D8F7D3E73BC2E8356.d.837B383E7EFFD415A8A5C02C8BCA7C40.e.6163","ELEMENT":"f.C2FBE1F9D69D7A7D8F7D3E73BC2E8356.d.837B383E7EFFD415A8A5C02C8BCA7C40.e.6163"}]}
COMMAND: POST /session/8695070d5a47df2563e3bdc8364ee49b/element - {"using":"xpath","value":"//div[contains(@id, \"filterItemControl_BASIC-MAIN_ADDRESS-valueHelpDialog-table-rowsel0\")]"}
COMMAND: GET /session/8695070d5a47df2563e3bdc8364ee49b/screenshot - {}
RESULT: {"using":"xpath","value":"//div[contains(@id, \"filterItemControl_BASIC-MAIN_ADDRESS-valueHelpDialog-table-rowsel0\")]"}
COMMAND: POST /session/8695070d5a47df2563e3bdc8364ee49b/element/f.C2FBE1F9D69D7A7D8F7D3E73BC2E8356.d.837B383E7EFFD415A8A5C02C8BCA7C40.e.6164/click - {}
RESULT: {}
RESULT: {}
COMMAND: GET /session/8695070d5a47df2563e3bdc8364ee49b/screenshot - {}
RESULT: {}
COMMAND: POST /session/8695070d5a47df2563e3bdc8364ee49b/element - {"using":"xpath","value":"(//bdi[contains(text(), \"OK\")])[1]"}
RESULT: {"using":"xpath","value":"(//bdi[contains(text(), \"OK\")])[1]"}
COMMAND: POST /session/8695070d5a47df2563e3bdc8364ee49b/element/f.C2FBE1F9D69D7A7D8F7D3E73BC2E8356.d.837B383E7EFFD415A8A5C02C8BCA7C40.e.6166/click - {}
RESULT: {}
COMMAND: GET /session/8695070d5a47df2563e3bdc8364ee49b/screenshot - {}
RESULT: {}
COMMAND: POST /session/8695070d5a47df2563e3bdc8364ee49b/element - {"using":"xpath","value":"//span[@id=\"application-managepartners-display-component---masterPtm--smartTable-header-inner\"]"}
RESULT: {"using":"xpath","value":"//span[@id=\"application-managepartners-display-component---masterPtm--smartTable-header-inner\"]"}
COMMAND: POST /session/8695070d5a47df2563e3bdc8364ee49b/elements - {"using":"xpath","value":"//span[@id=\"application-managepartners-display-component---masterPtm--smartTable-header-inner\"]"}
RESULT: {"using":"xpath","value":"//span[@id=\"application-managepartners-display-component---masterPtm--smartTable-header-inner\"]"}
COMMAND: POST /session/8695070d5a47df2563e3bdc8364ee49b/execute/sync - {"script":"<script> [56 bytes]","args":[{"element-6066-11e4-a52e-4f735466cecf":"f.C2FBE1F9D69D7A7D8F7D3E73BC2E8356.d.837B383E7EFFD415A8A5C02C8BCA7C40.e.5950","ELEMENT":"f.C2FBE1F9D69D7A7D8F7D3E73BC2E8356.d.837B383E7EFFD415A8A5C02C8BCA7C40.e.5950"}]}
RESULT: {"script":"<script> [56 bytes]","args":[{"element-6066-11e4-a52e-4f735466cecf":"f.C2FBE1F9D69D7A7D8F7D3E73BC2E8356.d.837B383E7EFFD415A8A5C02C8BCA7C40.e.5950","ELEMENT":"f.C2FBE1F9D69D7A7D8F7D3E73BC2E8356.d.837B383E7EFFD415A8A5C02C8BCA7C40.e.5950"}]}
COMMAND: POST /session/8695070d5a47df2563e3bdc8364ee49b/element - {"using":"xpath","value":"//span[contains(@title, \"Remove\")]"}
COMMAND: GET /session/8695070d5a47df2563e3bdc8364ee49b/screenshot - {}
RESULT: {"using":"xpath","value":"//span[contains(@title, \"Remove\")]"}
COMMAND: POST /session/8695070d5a47df2563e3bdc8364ee49b/element/f.C2FBE1F9D69D7A7D8F7D3E73BC2E8356.d.837B383E7EFFD415A8A5C02C8BCA7C40.e.6180/click - {}
RESULT: {}
RESULT: {}
COMMAND: GET /session/8695070d5a47df2563e3bdc8364ee49b/screenshot - {}
RESULT: {}
COMMAND: POST /session/8695070d5a47df2563e3bdc8364ee49b/element - {"using":"xpath","value":"//span[@id=\"application-managepartners-display-component---masterPtm--smartTable-header-inner\"]"}
RESULT: {"using":"xpath","value":"//span[@id=\"application-managepartners-display-component---masterPtm--smartTable-header-inner\"]"}
COMMAND: POST /session/8695070d5a47df2563e3bdc8364ee49b/elements - {"using":"xpath","value":"//span[@id=\"application-managepartners-display-component---masterPtm--smartTable-header-inner\"]"}
RESULT: {"using":"xpath","value":"//span[@id=\"application-managepartners-display-component---masterPtm--smartTable-header-inner\"]"}
COMMAND: POST /session/8695070d5a47df2563e3bdc8364ee49b/execute/sync - {"script":"<script> [56 bytes]","args":[{"element-6066-11e4-a52e-4f735466cecf":"f.C2FBE1F9D69D7A7D8F7D3E73BC2E8356.d.837B383E7EFFD415A8A5C02C8BCA7C40.e.5950","ELEMENT":"f.C2FBE1F9D69D7A7D8F7D3E73BC2E8356.d.837B383E7EFFD415A8A5C02C8BCA7C40.e.5950"}]}
RESULT: {"script":"<script> [56 bytes]","args":[{"element-6066-11e4-a52e-4f735466cecf":"f.C2FBE1F9D69D7A7D8F7D3E73BC2E8356.d.837B383E7EFFD415A8A5C02C8BCA7C40.e.5950","ELEMENT":"f.C2FBE1F9D69D7A7D8F7D3E73BC2E8356.d.837B383E7EFFD415A8A5C02C8BCA7C40.e.5950"}]}
COMMAND: POST /session/8695070d5a47df2563e3bdc8364ee49b/execute/async - {"script":"<script> [1562 bytes]","args":[{"selector":{"id":"application-managepartners-display-component---masterPtm--smartFilterBar-filterItemControl_BASIC-YARD-vhi"},"wdio_ui5_key":"applicationmanagepartners-display-component---masterPtm--smartFilterBar-filterItemControl_BASIC-YARD-vhi"}]}
COMMAND: GET /session/8695070d5a47df2563e3bdc8364ee49b/screenshot - {}
RESULT: {"script":"<script> [1562 bytes]","args":[{"selector":{"id":"application-managepartners-display-component---masterPtm--smartFilterBar-filterItemControl_BASIC-YARD-vhi"},"wdio_ui5_key":"applicationmanagepartners-display-component---masterPtm--smartFilterBar-filterItemControl_BASIC-YARD-vhi"}]}
RESULT: undefined
COMMAND: POST /session/8695070d5a47df2563e3bdc8364ee49b/element - {"using":"xpath","value":"//*[@id=\"application-managepartners-display-component---masterPtm--smartFilterBar-filterItemControl_BASIC-YARD-vhi\"]"}
RESULT: {}
RESULT: {"using":"xpath","value":"//*[@id=\"application-managepartners-display-component---masterPtm--smartFilterBar-filterItemControl_BASIC-YARD-vhi\"]"}
COMMAND: POST /session/8695070d5a47df2563e3bdc8364ee49b/element/f.C2FBE1F9D69D7A7D8F7D3E73BC2E8356.d.837B383E7EFFD415A8A5C02C8BCA7C40.e.6284/click - {}
RESULT: {}
COMMAND: GET /session/8695070d5a47df2563e3bdc8364ee49b/screenshot - {}
RESULT: {}
COMMAND: POST /session/8695070d5a47df2563e3bdc8364ee49b/execute/async - {"script":"<script> [1562 bytes]","args":[{"selector":{"id":"application-managepartners-display-component---masterPtm--smartFilterBar-filterItemControl_BASIC-YARD-valueHelpDialog-smartFilterBar-btnBasicSearch","searchOpenDialogs":true,"interaction":{"idSuffix":"I"}},"wdio_ui5_key":"applicationmanagepartners-display-component---masterPtm--smartFilterBar-filterItemControl_BASIC-YARD-valueHelpDialog-smartFilterBar-btnBasicSearch"}]}
RESULT: {"script":"<script> [1562 bytes]","args":[{"selector":{"id":"application-managepartners-display-component---masterPtm--smartFilterBar-filterItemControl_BASIC-YARD-valueHelpDialog-smartFilterBar-btnBasicSearch","searchOpenDialogs":true,"interaction":{"idSuffix":"I"}},"wdio_ui5_key":"applicationmanagepartners-display-component---masterPtm--smartFilterBar-filterItemControl_BASIC-YARD-valueHelpDialog-smartFilterBar-btnBasicSearch"}]}
RESULT: undefined
COMMAND: POST /session/8695070d5a47df2563e3bdc8364ee49b/execute/async - {"script":"<script> [776 bytes]","args":[{"enterText":"Test","selector":{"id":"application-managepartners-display-component---masterPtm--smartFilterBar-filterItemControl_BASIC-YARD-valueHelpDialog-smartFilterBar-btnBasicSearch","searchOpenDialogs":true,"interaction":{"idSuffix":"I"}},"clearTextFirst":true,"interactionType":"ENTER_TEXT"}]}
RESULT: {"script":"<script> [776 bytes]","args":[{"enterText":"Test","selector":{"id":"application-managepartners-display-component---masterPtm--smartFilterBar-filterItemControl_BASIC-YARD-valueHelpDialog-smartFilterBar-btnBasicSearch","searchOpenDialogs":true,"interaction":{"idSuffix":"I"}},"clearTextFirst":true,"interactionType":"ENTER_TEXT"}]}
COMMAND: POST /session/8695070d5a47df2563e3bdc8364ee49b/actions - {"actions":[{"id":"action19","type":"key","parameters":{},"actions":[{"type":"keyDown","value":""},{"type":"pause","duration":10},{"type":"keyUp","value":""}]}]}
RESULT: {"actions":[{"id":"action19","type":"key","parameters":{},"actions":[{"type":"keyDown","value":""},{"type":"pause","duration":10},{"type":"keyUp","value":""}]}]}
COMMAND: POST /session/8695070d5a47df2563e3bdc8364ee49b/elements - {"using":"xpath","value":"//table[contains(@id, \"smartFilterBar-filterItemControl_BASIC-YARD-valueHelpDialog-table-table\")]/tbody/tr"}
COMMAND: GET /session/8695070d5a47df2563e3bdc8364ee49b/screenshot - {}
RESULT: {"using":"xpath","value":"//table[contains(@id, \"smartFilterBar-filterItemControl_BASIC-YARD-valueHelpDialog-table-table\")]/tbody/tr"}
COMMAND: POST /session/8695070d5a47df2563e3bdc8364ee49b/element - {"using":"xpath","value":"//table[contains(@id, \"smartFilterBar-filterItemControl_BASIC-YARD-valueHelpDialog-table-table\")]/tbody/tr[1]/td[1]/div/span"}
RESULT: {}
RESULT: {"using":"xpath","value":"//table[contains(@id, \"smartFilterBar-filterItemControl_BASIC-YARD-valueHelpDialog-table-table\")]/tbody/tr[1]/td[1]/div/span"}
COMMAND: POST /session/8695070d5a47df2563e3bdc8364ee49b/elements - {"using":"xpath","value":"//table[contains(@id, \"smartFilterBar-filterItemControl_BASIC-YARD-valueHelpDialog-table-table\")]/tbody/tr[1]/td[1]/div/span"}
RESULT: {"using":"xpath","value":"//table[contains(@id, \"smartFilterBar-filterItemControl_BASIC-YARD-valueHelpDialog-table-table\")]/tbody/tr[1]/td[1]/div/span"}
COMMAND: POST /session/8695070d5a47df2563e3bdc8364ee49b/execute/sync - {"script":"<script> [56 bytes]","args":[{"element-6066-11e4-a52e-4f735466cecf":"f.C2FBE1F9D69D7A7D8F7D3E73BC2E8356.d.837B383E7EFFD415A8A5C02C8BCA7C40.e.6307","ELEMENT":"f.C2FBE1F9D69D7A7D8F7D3E73BC2E8356.d.837B383E7EFFD415A8A5C02C8BCA7C40.e.6307"}]}
RESULT: {"script":"<script> [56 bytes]","args":[{"element-6066-11e4-a52e-4f735466cecf":"f.C2FBE1F9D69D7A7D8F7D3E73BC2E8356.d.837B383E7EFFD415A8A5C02C8BCA7C40.e.6307","ELEMENT":"f.C2FBE1F9D69D7A7D8F7D3E73BC2E8356.d.837B383E7EFFD415A8A5C02C8BCA7C40.e.6307"}]}
COMMAND: POST /session/8695070d5a47df2563e3bdc8364ee49b/element - {"using":"xpath","value":"//table[contains(@id, \"smartFilterBar-filterItemControl_BASIC-YARD-valueHelpDialog-table-table\")]/tbody/tr[2]/td[1]/div/span"}
COMMAND: GET /session/8695070d5a47df2563e3bdc8364ee49b/screenshot - {}
RESULT: {"using":"xpath","value":"//table[contains(@id, \"smartFilterBar-filterItemControl_BASIC-YARD-valueHelpDialog-table-table\")]/tbody/tr[2]/td[1]/div/span"}
COMMAND: POST /session/8695070d5a47df2563e3bdc8364ee49b/elements - {"using":"xpath","value":"//table[contains(@id, \"smartFilterBar-filterItemControl_BASIC-YARD-valueHelpDialog-table-table\")]/tbody/tr[2]/td[1]/div/span"}
RESULT: {}
RESULT: {"using":"xpath","value":"//table[contains(@id, \"smartFilterBar-filterItemControl_BASIC-YARD-valueHelpDialog-table-table\")]/tbody/tr[2]/td[1]/div/span"}
COMMAND: POST /session/8695070d5a47df2563e3bdc8364ee49b/execute/sync - {"script":"<script> [56 bytes]","args":[{"element-6066-11e4-a52e-4f735466cecf":"f.C2FBE1F9D69D7A7D8F7D3E73BC2E8356.d.837B383E7EFFD415A8A5C02C8BCA7C40.e.6308","ELEMENT":"f.C2FBE1F9D69D7A7D8F7D3E73BC2E8356.d.837B383E7EFFD415A8A5C02C8BCA7C40.e.6308"}]}
RESULT: {"script":"<script> [56 bytes]","args":[{"element-6066-11e4-a52e-4f735466cecf":"f.C2FBE1F9D69D7A7D8F7D3E73BC2E8356.d.837B383E7EFFD415A8A5C02C8BCA7C40.e.6308","ELEMENT":"f.C2FBE1F9D69D7A7D8F7D3E73BC2E8356.d.837B383E7EFFD415A8A5C02C8BCA7C40.e.6308"}]}
COMMAND: POST /session/8695070d5a47df2563e3bdc8364ee49b/element - {"using":"xpath","value":"//table[contains(@id, \"smartFilterBar-filterItemControl_BASIC-YARD-valueHelpDialog-table-table\")]/tbody/tr[3]/td[1]/div/span"}
COMMAND: GET /session/8695070d5a47df2563e3bdc8364ee49b/screenshot - {}
RESULT: {"using":"xpath","value":"//table[contains(@id, \"smartFilterBar-filterItemControl_BASIC-YARD-valueHelpDialog-table-table\")]/tbody/tr[3]/td[1]/div/span"}
COMMAND: POST /session/8695070d5a47df2563e3bdc8364ee49b/elements - {"using":"xpath","value":"//table[contains(@id, \"smartFilterBar-filterItemControl_BASIC-YARD-valueHelpDialog-table-table\")]/tbody/tr[3]/td[1]/div/span"}
RESULT: {}
RESULT: {"using":"xpath","value":"//table[contains(@id, \"smartFilterBar-filterItemControl_BASIC-YARD-valueHelpDialog-table-table\")]/tbody/tr[3]/td[1]/div/span"}
COMMAND: POST /session/8695070d5a47df2563e3bdc8364ee49b/execute/sync - {"script":"<script> [56 bytes]","args":[{"element-6066-11e4-a52e-4f735466cecf":"f.C2FBE1F9D69D7A7D8F7D3E73BC2E8356.d.837B383E7EFFD415A8A5C02C8BCA7C40.e.6309","ELEMENT":"f.C2FBE1F9D69D7A7D8F7D3E73BC2E8356.d.837B383E7EFFD415A8A5C02C8BCA7C40.e.6309"}]}
RESULT: {"script":"<script> [56 bytes]","args":[{"element-6066-11e4-a52e-4f735466cecf":"f.C2FBE1F9D69D7A7D8F7D3E73BC2E8356.d.837B383E7EFFD415A8A5C02C8BCA7C40.e.6309","ELEMENT":"f.C2FBE1F9D69D7A7D8F7D3E73BC2E8356.d.837B383E7EFFD415A8A5C02C8BCA7C40.e.6309"}]}
COMMAND: POST /session/8695070d5a47df2563e3bdc8364ee49b/element - {"using":"xpath","value":"//div[contains(@id, \"filterItemControl_BASIC-YARD-valueHelpDialog-table-rowsel2\")]"}
COMMAND: GET /session/8695070d5a47df2563e3bdc8364ee49b/screenshot - {}
RESULT: {}
RESULT: {"using":"xpath","value":"//div[contains(@id, \"filterItemControl_BASIC-YARD-valueHelpDialog-table-rowsel2\")]"}
COMMAND: POST /session/8695070d5a47df2563e3bdc8364ee49b/element/f.C2FBE1F9D69D7A7D8F7D3E73BC2E8356.d.837B383E7EFFD415A8A5C02C8BCA7C40.e.6310/click - {}
RESULT: {}
COMMAND: GET /session/8695070d5a47df2563e3bdc8364ee49b/screenshot - {}
RESULT: {}
COMMAND: POST /session/8695070d5a47df2563e3bdc8364ee49b/element - {"using":"xpath","value":"(//bdi[contains(text(), \"OK\")])[1]"}
RESULT: {"using":"xpath","value":"(//bdi[contains(text(), \"OK\")])[1]"}
COMMAND: POST /session/8695070d5a47df2563e3bdc8364ee49b/element/f.C2FBE1F9D69D7A7D8F7D3E73BC2E8356.d.837B383E7EFFD415A8A5C02C8BCA7C40.e.6312/click - {}
RESULT: {}
COMMAND: GET /session/8695070d5a47df2563e3bdc8364ee49b/screenshot - {}
RESULT: {}
COMMAND: POST /session/8695070d5a47df2563e3bdc8364ee49b/element - {"using":"xpath","value":"//span[@id=\"application-managepartners-display-component---masterPtm--smartTable-header-inner\"]"}
RESULT: {"using":"xpath","value":"//span[@id=\"application-managepartners-display-component---masterPtm--smartTable-header-inner\"]"}
COMMAND: POST /session/8695070d5a47df2563e3bdc8364ee49b/elements - {"using":"xpath","value":"//span[@id=\"application-managepartners-display-component---masterPtm--smartTable-header-inner\"]"}
RESULT: {"using":"xpath","value":"//span[@id=\"application-managepartners-display-component---masterPtm--smartTable-header-inner\"]"}
COMMAND: POST /session/8695070d5a47df2563e3bdc8364ee49b/execute/sync - {"script":"<script> [56 bytes]","args":[{"element-6066-11e4-a52e-4f735466cecf":"f.C2FBE1F9D69D7A7D8F7D3E73BC2E8356.d.837B383E7EFFD415A8A5C02C8BCA7C40.e.5950","ELEMENT":"f.C2FBE1F9D69D7A7D8F7D3E73BC2E8356.d.837B383E7EFFD415A8A5C02C8BCA7C40.e.5950"}]}
RESULT: {"script":"<script> [56 bytes]","args":[{"element-6066-11e4-a52e-4f735466cecf":"f.C2FBE1F9D69D7A7D8F7D3E73BC2E8356.d.837B383E7EFFD415A8A5C02C8BCA7C40.e.5950","ELEMENT":"f.C2FBE1F9D69D7A7D8F7D3E73BC2E8356.d.837B383E7EFFD415A8A5C02C8BCA7C40.e.5950"}]}
COMMAND: POST /session/8695070d5a47df2563e3bdc8364ee49b/element - {"using":"xpath","value":"//span[contains(@title, \"Remove\")]"}
COMMAND: GET /session/8695070d5a47df2563e3bdc8364ee49b/screenshot - {}
RESULT: {"using":"xpath","value":"//span[contains(@title, \"Remove\")]"}
COMMAND: POST /session/8695070d5a47df2563e3bdc8364ee49b/element/f.C2FBE1F9D69D7A7D8F7D3E73BC2E8356.d.837B383E7EFFD415A8A5C02C8BCA7C40.e.6325/click - {}
RESULT: {}
RESULT: {}
COMMAND: GET /session/8695070d5a47df2563e3bdc8364ee49b/screenshot - {}
RESULT: {}
COMMAND: POST /session/8695070d5a47df2563e3bdc8364ee49b/element - {"using":"xpath","value":"//span[@id=\"application-managepartners-display-component---masterPtm--smartTable-header-inner\"]"}
RESULT: {"using":"xpath","value":"//span[@id=\"application-managepartners-display-component---masterPtm--smartTable-header-inner\"]"}
COMMAND: POST /session/8695070d5a47df2563e3bdc8364ee49b/elements - {"using":"xpath","value":"//span[@id=\"application-managepartners-display-component---masterPtm--smartTable-header-inner\"]"}
RESULT: {"using":"xpath","value":"//span[@id=\"application-managepartners-display-component---masterPtm--smartTable-header-inner\"]"}
COMMAND: POST /session/8695070d5a47df2563e3bdc8364ee49b/execute/sync - {"script":"<script> [56 bytes]","args":[{"element-6066-11e4-a52e-4f735466cecf":"f.C2FBE1F9D69D7A7D8F7D3E73BC2E8356.d.837B383E7EFFD415A8A5C02C8BCA7C40.e.5950","ELEMENT":"f.C2FBE1F9D69D7A7D8F7D3E73BC2E8356.d.837B383E7EFFD415A8A5C02C8BCA7C40.e.5950"}]}
RESULT: {"script":"<script> [56 bytes]","args":[{"element-6066-11e4-a52e-4f735466cecf":"f.C2FBE1F9D69D7A7D8F7D3E73BC2E8356.d.837B383E7EFFD415A8A5C02C8BCA7C40.e.5950","ELEMENT":"f.C2FBE1F9D69D7A7D8F7D3E73BC2E8356.d.837B383E7EFFD415A8A5C02C8BCA7C40.e.5950"}]}
COMMAND: POST /session/8695070d5a47df2563e3bdc8364ee49b/execute/async - {"script":"<script> [1562 bytes]","args":[{"selector":{"id":"application-managepartners-display-component---masterPtm--smartFilterBar-filterItemControl_BASIC-ALL_TAGS-vhi"},"wdio_ui5_key":"applicationmanagepartners-display-component---masterPtm--smartFilterBar-filterItemControl_BASIC-ALL_TAGS-vhi"}]}
COMMAND: GET /session/8695070d5a47df2563e3bdc8364ee49b/screenshot - {}
RESULT: {"script":"<script> [1562 bytes]","args":[{"selector":{"id":"application-managepartners-display-component---masterPtm--smartFilterBar-filterItemControl_BASIC-ALL_TAGS-vhi"},"wdio_ui5_key":"applicationmanagepartners-display-component---masterPtm--smartFilterBar-filterItemControl_BASIC-ALL_TAGS-vhi"}]}
RESULT: undefined
COMMAND: POST /session/8695070d5a47df2563e3bdc8364ee49b/element - {"using":"xpath","value":"//*[@id=\"application-managepartners-display-component---masterPtm--smartFilterBar-filterItemControl_BASIC-ALL_TAGS-vhi\"]"}
RESULT: {}
RESULT: {"using":"xpath","value":"//*[@id=\"application-managepartners-display-component---masterPtm--smartFilterBar-filterItemControl_BASIC-ALL_TAGS-vhi\"]"}
COMMAND: POST /session/8695070d5a47df2563e3bdc8364ee49b/element/f.C2FBE1F9D69D7A7D8F7D3E73BC2E8356.d.837B383E7EFFD415A8A5C02C8BCA7C40.e.6433/click - {}
RESULT: {}
COMMAND: GET /session/8695070d5a47df2563e3bdc8364ee49b/screenshot - {}
RESULT: {}
COMMAND: POST /session/8695070d5a47df2563e3bdc8364ee49b/execute/async - {"script":"<script> [1562 bytes]","args":[{"selector":{"id":"application-managepartners-display-component---masterPtm--smartFilterBar-filterItemControl_BASIC-ALL_TAGS-valueHelpDialog-smartFilterBar-btnBasicSearch","searchOpenDialogs":true,"interaction":{"idSuffix":"I"}},"wdio_ui5_key":"applicationmanagepartners-display-component---masterPtm--smartFilterBar-filterItemControl_BASIC-ALL_TAGS-valueHelpDialog-smartFilterBar-btnBasicSearch"}]}
RESULT: {"script":"<script> [1562 bytes]","args":[{"selector":{"id":"application-managepartners-display-component---masterPtm--smartFilterBar-filterItemControl_BASIC-ALL_TAGS-valueHelpDialog-smartFilterBar-btnBasicSearch","searchOpenDialogs":true,"interaction":{"idSuffix":"I"}},"wdio_ui5_key":"applicationmanagepartners-display-component---masterPtm--smartFilterBar-filterItemControl_BASIC-ALL_TAGS-valueHelpDialog-smartFilterBar-btnBasicSearch"}]}
RESULT: undefined
COMMAND: POST /session/8695070d5a47df2563e3bdc8364ee49b/execute/async - {"script":"<script> [776 bytes]","args":[{"enterText":"test-tag-1","selector":{"id":"application-managepartners-display-component---masterPtm--smartFilterBar-filterItemControl_BASIC-ALL_TAGS-valueHelpDialog-smartFilterBar-btnBasicSearch","searchOpenDialogs":true,"interaction":{"idSuffix":"I"}},"clearTextFirst":true,"interactionType":"ENTER_TEXT"}]}
RESULT: {"script":"<script> [776 bytes]","args":[{"enterText":"test-tag-1","selector":{"id":"application-managepartners-display-component---masterPtm--smartFilterBar-filterItemControl_BASIC-ALL_TAGS-valueHelpDialog-smartFilterBar-btnBasicSearch","searchOpenDialogs":true,"interaction":{"idSuffix":"I"}},"clearTextFirst":true,"interactionType":"ENTER_TEXT"}]}
COMMAND: POST /session/8695070d5a47df2563e3bdc8364ee49b/actions - {"actions":[{"id":"action20","type":"key","parameters":{},"actions":[{"type":"keyDown","value":""},{"type":"pause","duration":10},{"type":"keyUp","value":""}]}]}
RESULT: {"actions":[{"id":"action20","type":"key","parameters":{},"actions":[{"type":"keyDown","value":""},{"type":"pause","duration":10},{"type":"keyUp","value":""}]}]}
COMMAND: POST /session/8695070d5a47df2563e3bdc8364ee49b/elements - {"using":"xpath","value":"//table[contains(@id, \"smartFilterBar-filterItemControl_BASIC-ALL_TAGS-valueHelpDialog-table-table\")]/tbody/tr"}
COMMAND: GET /session/8695070d5a47df2563e3bdc8364ee49b/screenshot - {}
RESULT: {"using":"xpath","value":"//table[contains(@id, \"smartFilterBar-filterItemControl_BASIC-ALL_TAGS-valueHelpDialog-table-table\")]/tbody/tr"}
COMMAND: POST /session/8695070d5a47df2563e3bdc8364ee49b/element - {"using":"xpath","value":"//table[contains(@id, \"smartFilterBar-filterItemControl_BASIC-ALL_TAGS-valueHelpDialog-table-table\")]/tbody/tr[1]/td[1]/div/span"}
RESULT: {}
RESULT: {"using":"xpath","value":"//table[contains(@id, \"smartFilterBar-filterItemControl_BASIC-ALL_TAGS-valueHelpDialog-table-table\")]/tbody/tr[1]/td[1]/div/span"}
COMMAND: POST /session/8695070d5a47df2563e3bdc8364ee49b/elements - {"using":"xpath","value":"//table[contains(@id, \"smartFilterBar-filterItemControl_BASIC-ALL_TAGS-valueHelpDialog-table-table\")]/tbody/tr[1]/td[1]/div/span"}
RESULT: {"using":"xpath","value":"//table[contains(@id, \"smartFilterBar-filterItemControl_BASIC-ALL_TAGS-valueHelpDialog-table-table\")]/tbody/tr[1]/td[1]/div/span"}
COMMAND: POST /session/8695070d5a47df2563e3bdc8364ee49b/execute/sync - {"script":"<script> [56 bytes]","args":[{"element-6066-11e4-a52e-4f735466cecf":"f.C2FBE1F9D69D7A7D8F7D3E73BC2E8356.d.837B383E7EFFD415A8A5C02C8BCA7C40.e.6455","ELEMENT":"f.C2FBE1F9D69D7A7D8F7D3E73BC2E8356.d.837B383E7EFFD415A8A5C02C8BCA7C40.e.6455"}]}
RESULT: {"script":"<script> [56 bytes]","args":[{"element-6066-11e4-a52e-4f735466cecf":"f.C2FBE1F9D69D7A7D8F7D3E73BC2E8356.d.837B383E7EFFD415A8A5C02C8BCA7C40.e.6455","ELEMENT":"f.C2FBE1F9D69D7A7D8F7D3E73BC2E8356.d.837B383E7EFFD415A8A5C02C8BCA7C40.e.6455"}]}
COMMAND: POST /session/8695070d5a47df2563e3bdc8364ee49b/element - {"using":"xpath","value":"//div[contains(@id, \"filterItemControl_BASIC-ALL_TAGS-valueHelpDialog-table-rowsel0\")]"}
COMMAND: GET /session/8695070d5a47df2563e3bdc8364ee49b/screenshot - {}
RESULT: {"using":"xpath","value":"//div[contains(@id, \"filterItemControl_BASIC-ALL_TAGS-valueHelpDialog-table-rowsel0\")]"}
COMMAND: POST /session/8695070d5a47df2563e3bdc8364ee49b/element/f.C2FBE1F9D69D7A7D8F7D3E73BC2E8356.d.837B383E7EFFD415A8A5C02C8BCA7C40.e.6456/click - {}
RESULT: {}
RESULT: {}
COMMAND: GET /session/8695070d5a47df2563e3bdc8364ee49b/screenshot - {}
RESULT: {}
COMMAND: POST /session/8695070d5a47df2563e3bdc8364ee49b/element - {"using":"xpath","value":"(//bdi[contains(text(), \"OK\")])[1]"}
RESULT: {"using":"xpath","value":"(//bdi[contains(text(), \"OK\")])[1]"}
COMMAND: POST /session/8695070d5a47df2563e3bdc8364ee49b/element/f.C2FBE1F9D69D7A7D8F7D3E73BC2E8356.d.837B383E7EFFD415A8A5C02C8BCA7C40.e.6458/click - {}
RESULT: {}
COMMAND: GET /session/8695070d5a47df2563e3bdc8364ee49b/screenshot - {}
RESULT: {}
COMMAND: POST /session/8695070d5a47df2563e3bdc8364ee49b/element - {"using":"xpath","value":"//span[@id=\"application-managepartners-display-component---masterPtm--smartTable-header-inner\"]"}
RESULT: {"using":"xpath","value":"//span[@id=\"application-managepartners-display-component---masterPtm--smartTable-header-inner\"]"}
COMMAND: POST /session/8695070d5a47df2563e3bdc8364ee49b/elements - {"using":"xpath","value":"//span[@id=\"application-managepartners-display-component---masterPtm--smartTable-header-inner\"]"}
RESULT: {"using":"xpath","value":"//span[@id=\"application-managepartners-display-component---masterPtm--smartTable-header-inner\"]"}
COMMAND: POST /session/8695070d5a47df2563e3bdc8364ee49b/execute/sync - {"script":"<script> [56 bytes]","args":[{"element-6066-11e4-a52e-4f735466cecf":"f.C2FBE1F9D69D7A7D8F7D3E73BC2E8356.d.837B383E7EFFD415A8A5C02C8BCA7C40.e.5950","ELEMENT":"f.C2FBE1F9D69D7A7D8F7D3E73BC2E8356.d.837B383E7EFFD415A8A5C02C8BCA7C40.e.5950"}]}
RESULT: {"script":"<script> [56 bytes]","args":[{"element-6066-11e4-a52e-4f735466cecf":"f.C2FBE1F9D69D7A7D8F7D3E73BC2E8356.d.837B383E7EFFD415A8A5C02C8BCA7C40.e.5950","ELEMENT":"f.C2FBE1F9D69D7A7D8F7D3E73BC2E8356.d.837B383E7EFFD415A8A5C02C8BCA7C40.e.5950"}]}
COMMAND: POST /session/8695070d5a47df2563e3bdc8364ee49b/element - {"using":"xpath","value":"//span[contains(@title, \"Remove\")]"}
COMMAND: GET /session/8695070d5a47df2563e3bdc8364ee49b/screenshot - {}
RESULT: {"using":"xpath","value":"//span[contains(@title, \"Remove\")]"}
COMMAND: POST /session/8695070d5a47df2563e3bdc8364ee49b/element/f.C2FBE1F9D69D7A7D8F7D3E73BC2E8356.d.837B383E7EFFD415A8A5C02C8BCA7C40.e.6480/click - {}
RESULT: {}
RESULT: {}
COMMAND: GET /session/8695070d5a47df2563e3bdc8364ee49b/screenshot - {}
COMMAND: POST /session/8695070d5a47df2563e3bdc8364ee49b/execute/async - {"script":"<script> [1562 bytes]","args":[{"selector":{"id":"application-managepartners-display-component---masterPtm--partnerTypes-arrow"},"wdio_ui5_key":"applicationmanagepartners-display-component---masterPtm--partnerTypes-arrow"}]}
RESULT: {}
RESULT: {"script":"<script> [1562 bytes]","args":[{"selector":{"id":"application-managepartners-display-component---masterPtm--partnerTypes-arrow"},"wdio_ui5_key":"applicationmanagepartners-display-component---masterPtm--partnerTypes-arrow"}]}
RESULT: undefined
COMMAND: POST /session/8695070d5a47df2563e3bdc8364ee49b/element - {"using":"xpath","value":"//*[@id=\"application-managepartners-display-component---masterPtm--partnerTypes-arrow\"]"}
RESULT: {"using":"xpath","value":"//*[@id=\"application-managepartners-display-component---masterPtm--partnerTypes-arrow\"]"}
COMMAND: POST /session/8695070d5a47df2563e3bdc8364ee49b/element/f.C2FBE1F9D69D7A7D8F7D3E73BC2E8356.d.837B383E7EFFD415A8A5C02C8BCA7C40.e.6587/click - {}
RESULT: {}
COMMAND: GET /session/8695070d5a47df2563e3bdc8364ee49b/screenshot - {}
RESULT: {}
COMMAND: POST /session/8695070d5a47df2563e3bdc8364ee49b/element - {"using":"xpath","value":"//li[.//span[text()=\"External partner\"]]//div[contains(@class,\"sapMCbBg\")]"}
RESULT: {"using":"xpath","value":"//li[.//span[text()=\"External partner\"]]//div[contains(@class,\"sapMCbBg\")]"}
COMMAND: POST /session/8695070d5a47df2563e3bdc8364ee49b/element/f.C2FBE1F9D69D7A7D8F7D3E73BC2E8356.d.837B383E7EFFD415A8A5C02C8BCA7C40.e.6590/click - {}
RESULT: {}
COMMAND: GET /session/8695070d5a47df2563e3bdc8364ee49b/screenshot - {}
RESULT: {}
COMMAND: POST /session/8695070d5a47df2563e3bdc8364ee49b/element - {"using":"xpath","value":"//div[contains(@id,\"application-managepartners-display-component---masterPtm--smartFilterBar-btnBasicSearch-search\")]"}
RESULT: {"using":"xpath","value":"//div[contains(@id,\"application-managepartners-display-component---masterPtm--smartFilterBar-btnBasicSearch-search\")]"}
COMMAND: POST /session/8695070d5a47df2563e3bdc8364ee49b/element/f.C2FBE1F9D69D7A7D8F7D3E73BC2E8356.d.837B383E7EFFD415A8A5C02C8BCA7C40.e.6666/click - {}
RESULT: {}
COMMAND: GET /session/8695070d5a47df2563e3bdc8364ee49b/screenshot - {}
RESULT: {}
COMMAND: POST /session/8695070d5a47df2563e3bdc8364ee49b/element - {"using":"xpath","value":"//span[@id=\"application-managepartners-display-component---masterPtm--smartTable-header-inner\"]"}
RESULT: {"using":"xpath","value":"//span[@id=\"application-managepartners-display-component---masterPtm--smartTable-header-inner\"]"}
COMMAND: POST /session/8695070d5a47df2563e3bdc8364ee49b/elements - {"using":"xpath","value":"//span[@id=\"application-managepartners-display-component---masterPtm--smartTable-header-inner\"]"}
RESULT: {"using":"xpath","value":"//span[@id=\"application-managepartners-display-component---masterPtm--smartTable-header-inner\"]"}
COMMAND: POST /session/8695070d5a47df2563e3bdc8364ee49b/execute/sync - {"script":"<script> [56 bytes]","args":[{"element-6066-11e4-a52e-4f735466cecf":"f.C2FBE1F9D69D7A7D8F7D3E73BC2E8356.d.837B383E7EFFD415A8A5C02C8BCA7C40.e.5950","ELEMENT":"f.C2FBE1F9D69D7A7D8F7D3E73BC2E8356.d.837B383E7EFFD415A8A5C02C8BCA7C40.e.5950"}]}
RESULT: {"script":"<script> [56 bytes]","args":[{"element-6066-11e4-a52e-4f735466cecf":"f.C2FBE1F9D69D7A7D8F7D3E73BC2E8356.d.837B383E7EFFD415A8A5C02C8BCA7C40.e.5950","ELEMENT":"f.C2FBE1F9D69D7A7D8F7D3E73BC2E8356.d.837B383E7EFFD415A8A5C02C8BCA7C40.e.5950"}]}
COMMAND: POST /session/8695070d5a47df2563e3bdc8364ee49b/element - {"using":"xpath","value":"//span[contains(@title, \"Remove\")]"}
COMMAND: GET /session/8695070d5a47df2563e3bdc8364ee49b/screenshot - {}
RESULT: {"using":"xpath","value":"//span[contains(@title, \"Remove\")]"}
COMMAND: POST /session/8695070d5a47df2563e3bdc8364ee49b/element/f.C2FBE1F9D69D7A7D8F7D3E73BC2E8356.d.837B383E7EFFD415A8A5C02C8BCA7C40.e.6669/click - {}
RESULT: {}
RESULT: {}
COMMAND: GET /session/8695070d5a47df2563e3bdc8364ee49b/screenshot - {}
RESULT: {}
COMMAND: POST /session/8695070d5a47df2563e3bdc8364ee49b/execute/async - {"script":"<script> [1562 bytes]","args":[{"selector":{"id":"application-managepartners-display-component---masterPtm--smartFilterBar-btnFilters","interaction":{"idSuffix":"BDI-content"}},"wdio_ui5_key":"applicationmanagepartners-display-component---masterPtm--smartFilterBar-btnFilters"}]}
RESULT: {"script":"<script> [1562 bytes]","args":[{"selector":{"id":"application-managepartners-display-component---masterPtm--smartFilterBar-btnFilters","interaction":{"idSuffix":"BDI-content"}},"wdio_ui5_key":"applicationmanagepartners-display-component---masterPtm--smartFilterBar-btnFilters"}]}
RESULT: undefined
COMMAND: POST /session/8695070d5a47df2563e3bdc8364ee49b/element - {"using":"xpath","value":"//*[@id=\"application-managepartners-display-component---masterPtm--smartFilterBar-btnFilters\"]"}
RESULT: {"using":"xpath","value":"//*[@id=\"application-managepartners-display-component---masterPtm--smartFilterBar-btnFilters\"]"}
COMMAND: POST /session/8695070d5a47df2563e3bdc8364ee49b/element/f.C2FBE1F9D69D7A7D8F7D3E73BC2E8356.d.837B383E7EFFD415A8A5C02C8BCA7C40.e.5788/click - {}
RESULT: {}
COMMAND: GET /session/8695070d5a47df2563e3bdc8364ee49b/screenshot - {}
RESULT: {}
COMMAND: POST /session/8695070d5a47df2563e3bdc8364ee49b/elements - {"using":"xpath","value":"//table[contains(@id, \"listView-innerSelectionPanelTable-listUl\")]/tbody/tr"}
RESULT: {"using":"xpath","value":"//table[contains(@id, \"listView-innerSelectionPanelTable-listUl\")]/tbody/tr"}
COMMAND: POST /session/8695070d5a47df2563e3bdc8364ee49b/element - {"using":"xpath","value":"//table[contains(@id, \"listView-innerSelectionPanelTable-listUl\")]/tbody/tr[2]/td[2]/div/div"}
RESULT: {"using":"xpath","value":"//table[contains(@id, \"listView-innerSelectionPanelTable-listUl\")]/tbody/tr[2]/td[2]/div/div"}
COMMAND: POST /session/8695070d5a47df2563e3bdc8364ee49b/element - {"using":"xpath","value":"//table[contains(@id, \"listView-innerSelectionPanelTable-listUl\")]/tbody/tr[2]/td[2]/div"}
RESULT: {"using":"xpath","value":"//table[contains(@id, \"listView-innerSelectionPanelTable-listUl\")]/tbody/tr[2]/td[2]/div"}
COMMAND: POST /session/8695070d5a47df2563e3bdc8364ee49b/element - {"using":"xpath","value":"//table[contains(@id, \"listView-innerSelectionPanelTable-listUl\")]/tbody/tr[2]/td[3]/div/div/span/span[1]/bdi"}
RESULT: {"using":"xpath","value":"//table[contains(@id, \"listView-innerSelectionPanelTable-listUl\")]/tbody/tr[2]/td[3]/div/div/span/span[1]/bdi"}
COMMAND: POST /session/8695070d5a47df2563e3bdc8364ee49b/execute/sync - {"script":"<script> [56 bytes]","args":[{"element-6066-11e4-a52e-4f735466cecf":"f.C2FBE1F9D69D7A7D8F7D3E73BC2E8356.d.837B383E7EFFD415A8A5C02C8BCA7C40.e.6775","ELEMENT":"f.C2FBE1F9D69D7A7D8F7D3E73BC2E8356.d.837B383E7EFFD415A8A5C02C8BCA7C40.e.6775"}]}
RESULT: {"script":"<script> [56 bytes]","args":[{"element-6066-11e4-a52e-4f735466cecf":"f.C2FBE1F9D69D7A7D8F7D3E73BC2E8356.d.837B383E7EFFD415A8A5C02C8BCA7C40.e.6775","ELEMENT":"f.C2FBE1F9D69D7A7D8F7D3E73BC2E8356.d.837B383E7EFFD415A8A5C02C8BCA7C40.e.6775"}]}
COMMAND: GET /session/8695070d5a47df2563e3bdc8364ee49b/element/f.C2FBE1F9D69D7A7D8F7D3E73BC2E8356.d.837B383E7EFFD415A8A5C02C8BCA7C40.e.6774/attribute/aria-checked - {}
COMMAND: GET /session/8695070d5a47df2563e3bdc8364ee49b/screenshot - {}
RESULT: {}
COMMAND: POST /session/8695070d5a47df2563e3bdc8364ee49b/element - {"using":"xpath","value":"//table[contains(@id, \"listView-innerSelectionPanelTable-listUl\")]/tbody/tr[3]/td[2]/div/div"}
RESULT: {}
RESULT: {"using":"xpath","value":"//table[contains(@id, \"listView-innerSelectionPanelTable-listUl\")]/tbody/tr[3]/td[2]/div/div"}
COMMAND: POST /session/8695070d5a47df2563e3bdc8364ee49b/element - {"using":"xpath","value":"//table[contains(@id, \"listView-innerSelectionPanelTable-listUl\")]/tbody/tr[3]/td[2]/div"}
RESULT: {"using":"xpath","value":"//table[contains(@id, \"listView-innerSelectionPanelTable-listUl\")]/tbody/tr[3]/td[2]/div"}
COMMAND: POST /session/8695070d5a47df2563e3bdc8364ee49b/element - {"using":"xpath","value":"//table[contains(@id, \"listView-innerSelectionPanelTable-listUl\")]/tbody/tr[3]/td[3]/div/div/span/span[1]/bdi"}
RESULT: {"using":"xpath","value":"//table[contains(@id, \"listView-innerSelectionPanelTable-listUl\")]/tbody/tr[3]/td[3]/div/div/span/span[1]/bdi"}
COMMAND: POST /session/8695070d5a47df2563e3bdc8364ee49b/execute/sync - {"script":"<script> [56 bytes]","args":[{"element-6066-11e4-a52e-4f735466cecf":"f.C2FBE1F9D69D7A7D8F7D3E73BC2E8356.d.837B383E7EFFD415A8A5C02C8BCA7C40.e.6778","ELEMENT":"f.C2FBE1F9D69D7A7D8F7D3E73BC2E8356.d.837B383E7EFFD415A8A5C02C8BCA7C40.e.6778"}]}
RESULT: {"script":"<script> [56 bytes]","args":[{"element-6066-11e4-a52e-4f735466cecf":"f.C2FBE1F9D69D7A7D8F7D3E73BC2E8356.d.837B383E7EFFD415A8A5C02C8BCA7C40.e.6778","ELEMENT":"f.C2FBE1F9D69D7A7D8F7D3E73BC2E8356.d.837B383E7EFFD415A8A5C02C8BCA7C40.e.6778"}]}
COMMAND: GET /session/8695070d5a47df2563e3bdc8364ee49b/element/f.C2FBE1F9D69D7A7D8F7D3E73BC2E8356.d.837B383E7EFFD415A8A5C02C8BCA7C40.e.6777/attribute/aria-checked - {}
COMMAND: GET /session/8695070d5a47df2563e3bdc8364ee49b/screenshot - {}
RESULT: {}
COMMAND: POST /session/8695070d5a47df2563e3bdc8364ee49b/element - {"using":"xpath","value":"//table[contains(@id, \"listView-innerSelectionPanelTable-listUl\")]/tbody/tr[4]/td[2]/div/div"}
RESULT: {}
RESULT: {"using":"xpath","value":"//table[contains(@id, \"listView-innerSelectionPanelTable-listUl\")]/tbody/tr[4]/td[2]/div/div"}
COMMAND: POST /session/8695070d5a47df2563e3bdc8364ee49b/element - {"using":"xpath","value":"//table[contains(@id, \"listView-innerSelectionPanelTable-listUl\")]/tbody/tr[4]/td[2]/div"}
RESULT: {"using":"xpath","value":"//table[contains(@id, \"listView-innerSelectionPanelTable-listUl\")]/tbody/tr[4]/td[2]/div"}
COMMAND: POST /session/8695070d5a47df2563e3bdc8364ee49b/element - {"using":"xpath","value":"//table[contains(@id, \"listView-innerSelectionPanelTable-listUl\")]/tbody/tr[4]/td[3]/div/div/span/span[1]/bdi"}
RESULT: {"using":"xpath","value":"//table[contains(@id, \"listView-innerSelectionPanelTable-listUl\")]/tbody/tr[4]/td[3]/div/div/span/span[1]/bdi"}
COMMAND: POST /session/8695070d5a47df2563e3bdc8364ee49b/execute/sync - {"script":"<script> [56 bytes]","args":[{"element-6066-11e4-a52e-4f735466cecf":"f.C2FBE1F9D69D7A7D8F7D3E73BC2E8356.d.837B383E7EFFD415A8A5C02C8BCA7C40.e.6781","ELEMENT":"f.C2FBE1F9D69D7A7D8F7D3E73BC2E8356.d.837B383E7EFFD415A8A5C02C8BCA7C40.e.6781"}]}
RESULT: {"script":"<script> [56 bytes]","args":[{"element-6066-11e4-a52e-4f735466cecf":"f.C2FBE1F9D69D7A7D8F7D3E73BC2E8356.d.837B383E7EFFD415A8A5C02C8BCA7C40.e.6781","ELEMENT":"f.C2FBE1F9D69D7A7D8F7D3E73BC2E8356.d.837B383E7EFFD415A8A5C02C8BCA7C40.e.6781"}]}
COMMAND: GET /session/8695070d5a47df2563e3bdc8364ee49b/element/f.C2FBE1F9D69D7A7D8F7D3E73BC2E8356.d.837B383E7EFFD415A8A5C02C8BCA7C40.e.6780/attribute/aria-checked - {}
COMMAND: GET /session/8695070d5a47df2563e3bdc8364ee49b/screenshot - {}
RESULT: {}
COMMAND: POST /session/8695070d5a47df2563e3bdc8364ee49b/element - {"using":"xpath","value":"//table[contains(@id, \"listView-innerSelectionPanelTable-listUl\")]/tbody/tr[5]/td[2]/div/div"}
RESULT: {}
RESULT: {"using":"xpath","value":"//table[contains(@id, \"listView-innerSelectionPanelTable-listUl\")]/tbody/tr[5]/td[2]/div/div"}
COMMAND: POST /session/8695070d5a47df2563e3bdc8364ee49b/element - {"using":"xpath","value":"//table[contains(@id, \"listView-innerSelectionPanelTable-listUl\")]/tbody/tr[5]/td[2]/div"}
RESULT: {"using":"xpath","value":"//table[contains(@id, \"listView-innerSelectionPanelTable-listUl\")]/tbody/tr[5]/td[2]/div"}
COMMAND: POST /session/8695070d5a47df2563e3bdc8364ee49b/element - {"using":"xpath","value":"//table[contains(@id, \"listView-innerSelectionPanelTable-listUl\")]/tbody/tr[5]/td[3]/div/div/span/span[1]/bdi"}
RESULT: {"using":"xpath","value":"//table[contains(@id, \"listView-innerSelectionPanelTable-listUl\")]/tbody/tr[5]/td[3]/div/div/span/span[1]/bdi"}
COMMAND: POST /session/8695070d5a47df2563e3bdc8364ee49b/execute/sync - {"script":"<script> [56 bytes]","args":[{"element-6066-11e4-a52e-4f735466cecf":"f.C2FBE1F9D69D7A7D8F7D3E73BC2E8356.d.837B383E7EFFD415A8A5C02C8BCA7C40.e.6784","ELEMENT":"f.C2FBE1F9D69D7A7D8F7D3E73BC2E8356.d.837B383E7EFFD415A8A5C02C8BCA7C40.e.6784"}]}
RESULT: {"script":"<script> [56 bytes]","args":[{"element-6066-11e4-a52e-4f735466cecf":"f.C2FBE1F9D69D7A7D8F7D3E73BC2E8356.d.837B383E7EFFD415A8A5C02C8BCA7C40.e.6784","ELEMENT":"f.C2FBE1F9D69D7A7D8F7D3E73BC2E8356.d.837B383E7EFFD415A8A5C02C8BCA7C40.e.6784"}]}
COMMAND: GET /session/8695070d5a47df2563e3bdc8364ee49b/element/f.C2FBE1F9D69D7A7D8F7D3E73BC2E8356.d.837B383E7EFFD415A8A5C02C8BCA7C40.e.6783/attribute/aria-checked - {}
COMMAND: GET /session/8695070d5a47df2563e3bdc8364ee49b/screenshot - {}
RESULT: {}
COMMAND: POST /session/8695070d5a47df2563e3bdc8364ee49b/element - {"using":"xpath","value":"//table[contains(@id, \"listView-innerSelectionPanelTable-listUl\")]/tbody/tr[6]/td[2]/div/div"}
RESULT: {}
RESULT: {"using":"xpath","value":"//table[contains(@id, \"listView-innerSelectionPanelTable-listUl\")]/tbody/tr[6]/td[2]/div/div"}
COMMAND: POST /session/8695070d5a47df2563e3bdc8364ee49b/element - {"using":"xpath","value":"//table[contains(@id, \"listView-innerSelectionPanelTable-listUl\")]/tbody/tr[6]/td[2]/div"}
RESULT: {"using":"xpath","value":"//table[contains(@id, \"listView-innerSelectionPanelTable-listUl\")]/tbody/tr[6]/td[2]/div"}
COMMAND: POST /session/8695070d5a47df2563e3bdc8364ee49b/element - {"using":"xpath","value":"//table[contains(@id, \"listView-innerSelectionPanelTable-listUl\")]/tbody/tr[6]/td[3]/div/div/span/span[1]/bdi"}
RESULT: {"using":"xpath","value":"//table[contains(@id, \"listView-innerSelectionPanelTable-listUl\")]/tbody/tr[6]/td[3]/div/div/span/span[1]/bdi"}
COMMAND: POST /session/8695070d5a47df2563e3bdc8364ee49b/execute/sync - {"script":"<script> [56 bytes]","args":[{"element-6066-11e4-a52e-4f735466cecf":"f.C2FBE1F9D69D7A7D8F7D3E73BC2E8356.d.837B383E7EFFD415A8A5C02C8BCA7C40.e.6787","ELEMENT":"f.C2FBE1F9D69D7A7D8F7D3E73BC2E8356.d.837B383E7EFFD415A8A5C02C8BCA7C40.e.6787"}]}
RESULT: {"script":"<script> [56 bytes]","args":[{"element-6066-11e4-a52e-4f735466cecf":"f.C2FBE1F9D69D7A7D8F7D3E73BC2E8356.d.837B383E7EFFD415A8A5C02C8BCA7C40.e.6787","ELEMENT":"f.C2FBE1F9D69D7A7D8F7D3E73BC2E8356.d.837B383E7EFFD415A8A5C02C8BCA7C40.e.6787"}]}
COMMAND: GET /session/8695070d5a47df2563e3bdc8364ee49b/element/f.C2FBE1F9D69D7A7D8F7D3E73BC2E8356.d.837B383E7EFFD415A8A5C02C8BCA7C40.e.6786/attribute/aria-checked - {}
COMMAND: GET /session/8695070d5a47df2563e3bdc8364ee49b/screenshot - {}
RESULT: {}
COMMAND: POST /session/8695070d5a47df2563e3bdc8364ee49b/element - {"using":"xpath","value":"//table[contains(@id, \"listView-innerSelectionPanelTable-listUl\")]/tbody/tr[7]/td[2]/div/div"}
RESULT: {}
RESULT: {"using":"xpath","value":"//table[contains(@id, \"listView-innerSelectionPanelTable-listUl\")]/tbody/tr[7]/td[2]/div/div"}
COMMAND: POST /session/8695070d5a47df2563e3bdc8364ee49b/element - {"using":"xpath","value":"//table[contains(@id, \"listView-innerSelectionPanelTable-listUl\")]/tbody/tr[7]/td[2]/div"}
RESULT: {"using":"xpath","value":"//table[contains(@id, \"listView-innerSelectionPanelTable-listUl\")]/tbody/tr[7]/td[2]/div"}
COMMAND: POST /session/8695070d5a47df2563e3bdc8364ee49b/element - {"using":"xpath","value":"//table[contains(@id, \"listView-innerSelectionPanelTable-listUl\")]/tbody/tr[7]/td[3]/div/div/span/span[1]/bdi"}
RESULT: {"using":"xpath","value":"//table[contains(@id, \"listView-innerSelectionPanelTable-listUl\")]/tbody/tr[7]/td[3]/div/div/span/span[1]/bdi"}
COMMAND: POST /session/8695070d5a47df2563e3bdc8364ee49b/execute/sync - {"script":"<script> [56 bytes]","args":[{"element-6066-11e4-a52e-4f735466cecf":"f.C2FBE1F9D69D7A7D8F7D3E73BC2E8356.d.837B383E7EFFD415A8A5C02C8BCA7C40.e.6790","ELEMENT":"f.C2FBE1F9D69D7A7D8F7D3E73BC2E8356.d.837B383E7EFFD415A8A5C02C8BCA7C40.e.6790"}]}
RESULT: {"script":"<script> [56 bytes]","args":[{"element-6066-11e4-a52e-4f735466cecf":"f.C2FBE1F9D69D7A7D8F7D3E73BC2E8356.d.837B383E7EFFD415A8A5C02C8BCA7C40.e.6790","ELEMENT":"f.C2FBE1F9D69D7A7D8F7D3E73BC2E8356.d.837B383E7EFFD415A8A5C02C8BCA7C40.e.6790"}]}
COMMAND: GET /session/8695070d5a47df2563e3bdc8364ee49b/element/f.C2FBE1F9D69D7A7D8F7D3E73BC2E8356.d.837B383E7EFFD415A8A5C02C8BCA7C40.e.6789/attribute/aria-checked - {}
COMMAND: GET /session/8695070d5a47df2563e3bdc8364ee49b/screenshot - {}
RESULT: {}
COMMAND: POST /session/8695070d5a47df2563e3bdc8364ee49b/element - {"using":"xpath","value":"//table[contains(@id, \"listView-innerSelectionPanelTable-listUl\")]/tbody/tr[8]/td[2]/div/div"}
RESULT: {}
RESULT: {"using":"xpath","value":"//table[contains(@id, \"listView-innerSelectionPanelTable-listUl\")]/tbody/tr[8]/td[2]/div/div"}
COMMAND: POST /session/8695070d5a47df2563e3bdc8364ee49b/element - {"using":"xpath","value":"//table[contains(@id, \"listView-innerSelectionPanelTable-listUl\")]/tbody/tr[8]/td[2]/div"}
RESULT: {"using":"xpath","value":"//table[contains(@id, \"listView-innerSelectionPanelTable-listUl\")]/tbody/tr[8]/td[2]/div"}
COMMAND: POST /session/8695070d5a47df2563e3bdc8364ee49b/element - {"using":"xpath","value":"//table[contains(@id, \"listView-innerSelectionPanelTable-listUl\")]/tbody/tr[8]/td[3]/div/div/span/span[1]/bdi"}
RESULT: {"using":"xpath","value":"//table[contains(@id, \"listView-innerSelectionPanelTable-listUl\")]/tbody/tr[8]/td[3]/div/div/span/span[1]/bdi"}
COMMAND: POST /session/8695070d5a47df2563e3bdc8364ee49b/execute/sync - {"script":"<script> [56 bytes]","args":[{"element-6066-11e4-a52e-4f735466cecf":"f.C2FBE1F9D69D7A7D8F7D3E73BC2E8356.d.837B383E7EFFD415A8A5C02C8BCA7C40.e.6793","ELEMENT":"f.C2FBE1F9D69D7A7D8F7D3E73BC2E8356.d.837B383E7EFFD415A8A5C02C8BCA7C40.e.6793"}]}
RESULT: {"script":"<script> [56 bytes]","args":[{"element-6066-11e4-a52e-4f735466cecf":"f.C2FBE1F9D69D7A7D8F7D3E73BC2E8356.d.837B383E7EFFD415A8A5C02C8BCA7C40.e.6793","ELEMENT":"f.C2FBE1F9D69D7A7D8F7D3E73BC2E8356.d.837B383E7EFFD415A8A5C02C8BCA7C40.e.6793"}]}
COMMAND: GET /session/8695070d5a47df2563e3bdc8364ee49b/element/f.C2FBE1F9D69D7A7D8F7D3E73BC2E8356.d.837B383E7EFFD415A8A5C02C8BCA7C40.e.6792/attribute/aria-checked - {}
COMMAND: GET /session/8695070d5a47df2563e3bdc8364ee49b/screenshot - {}
RESULT: {}
COMMAND: POST /session/8695070d5a47df2563e3bdc8364ee49b/element - {"using":"xpath","value":"//table[contains(@id, \"listView-innerSelectionPanelTable-listUl\")]/tbody/tr[9]/td[2]/div/div"}
RESULT: {}
RESULT: {"using":"xpath","value":"//table[contains(@id, \"listView-innerSelectionPanelTable-listUl\")]/tbody/tr[9]/td[2]/div/div"}
COMMAND: POST /session/8695070d5a47df2563e3bdc8364ee49b/element - {"using":"xpath","value":"//table[contains(@id, \"listView-innerSelectionPanelTable-listUl\")]/tbody/tr[9]/td[2]/div"}
RESULT: {"using":"xpath","value":"//table[contains(@id, \"listView-innerSelectionPanelTable-listUl\")]/tbody/tr[9]/td[2]/div"}
COMMAND: POST /session/8695070d5a47df2563e3bdc8364ee49b/element - {"using":"xpath","value":"//table[contains(@id, \"listView-innerSelectionPanelTable-listUl\")]/tbody/tr[9]/td[3]/div/div/span/span[1]/bdi"}
RESULT: {"using":"xpath","value":"//table[contains(@id, \"listView-innerSelectionPanelTable-listUl\")]/tbody/tr[9]/td[3]/div/div/span/span[1]/bdi"}
COMMAND: POST /session/8695070d5a47df2563e3bdc8364ee49b/execute/sync - {"script":"<script> [56 bytes]","args":[{"element-6066-11e4-a52e-4f735466cecf":"f.C2FBE1F9D69D7A7D8F7D3E73BC2E8356.d.837B383E7EFFD415A8A5C02C8BCA7C40.e.6796","ELEMENT":"f.C2FBE1F9D69D7A7D8F7D3E73BC2E8356.d.837B383E7EFFD415A8A5C02C8BCA7C40.e.6796"}]}
RESULT: {"script":"<script> [56 bytes]","args":[{"element-6066-11e4-a52e-4f735466cecf":"f.C2FBE1F9D69D7A7D8F7D3E73BC2E8356.d.837B383E7EFFD415A8A5C02C8BCA7C40.e.6796","ELEMENT":"f.C2FBE1F9D69D7A7D8F7D3E73BC2E8356.d.837B383E7EFFD415A8A5C02C8BCA7C40.e.6796"}]}
COMMAND: GET /session/8695070d5a47df2563e3bdc8364ee49b/element/f.C2FBE1F9D69D7A7D8F7D3E73BC2E8356.d.837B383E7EFFD415A8A5C02C8BCA7C40.e.6795/attribute/aria-checked - {}
COMMAND: GET /session/8695070d5a47df2563e3bdc8364ee49b/screenshot - {}
RESULT: {}
COMMAND: POST /session/8695070d5a47df2563e3bdc8364ee49b/element - {"using":"xpath","value":"//table[contains(@id, \"listView-innerSelectionPanelTable-listUl\")]/tbody/tr[10]/td[2]/div/div"}
RESULT: {}
RESULT: {"using":"xpath","value":"//table[contains(@id, \"listView-innerSelectionPanelTable-listUl\")]/tbody/tr[10]/td[2]/div/div"}
COMMAND: POST /session/8695070d5a47df2563e3bdc8364ee49b/element - {"using":"xpath","value":"//table[contains(@id, \"listView-innerSelectionPanelTable-listUl\")]/tbody/tr[10]/td[2]/div"}
RESULT: {"using":"xpath","value":"//table[contains(@id, \"listView-innerSelectionPanelTable-listUl\")]/tbody/tr[10]/td[2]/div"}
COMMAND: POST /session/8695070d5a47df2563e3bdc8364ee49b/element - {"using":"xpath","value":"//table[contains(@id, \"listView-innerSelectionPanelTable-listUl\")]/tbody/tr[10]/td[3]/div/div/span/span[1]/bdi"}
RESULT: {"using":"xpath","value":"//table[contains(@id, \"listView-innerSelectionPanelTable-listUl\")]/tbody/tr[10]/td[3]/div/div/span/span[1]/bdi"}
COMMAND: POST /session/8695070d5a47df2563e3bdc8364ee49b/execute/sync - {"script":"<script> [56 bytes]","args":[{"element-6066-11e4-a52e-4f735466cecf":"f.C2FBE1F9D69D7A7D8F7D3E73BC2E8356.d.837B383E7EFFD415A8A5C02C8BCA7C40.e.6799","ELEMENT":"f.C2FBE1F9D69D7A7D8F7D3E73BC2E8356.d.837B383E7EFFD415A8A5C02C8BCA7C40.e.6799"}]}
RESULT: {"script":"<script> [56 bytes]","args":[{"element-6066-11e4-a52e-4f735466cecf":"f.C2FBE1F9D69D7A7D8F7D3E73BC2E8356.d.837B383E7EFFD415A8A5C02C8BCA7C40.e.6799","ELEMENT":"f.C2FBE1F9D69D7A7D8F7D3E73BC2E8356.d.837B383E7EFFD415A8A5C02C8BCA7C40.e.6799"}]}
COMMAND: GET /session/8695070d5a47df2563e3bdc8364ee49b/element/f.C2FBE1F9D69D7A7D8F7D3E73BC2E8356.d.837B383E7EFFD415A8A5C02C8BCA7C40.e.6798/attribute/aria-checked - {}
COMMAND: GET /session/8695070d5a47df2563e3bdc8364ee49b/screenshot - {}
RESULT: {}
COMMAND: POST /session/8695070d5a47df2563e3bdc8364ee49b/element - {"using":"xpath","value":"//table[contains(@id, \"listView-innerSelectionPanelTable-listUl\")]/tbody/tr[11]/td[2]/div/div"}
RESULT: {}
RESULT: {"using":"xpath","value":"//table[contains(@id, \"listView-innerSelectionPanelTable-listUl\")]/tbody/tr[11]/td[2]/div/div"}
COMMAND: POST /session/8695070d5a47df2563e3bdc8364ee49b/element - {"using":"xpath","value":"//table[contains(@id, \"listView-innerSelectionPanelTable-listUl\")]/tbody/tr[11]/td[2]/div"}
RESULT: {"using":"xpath","value":"//table[contains(@id, \"listView-innerSelectionPanelTable-listUl\")]/tbody/tr[11]/td[2]/div"}
COMMAND: POST /session/8695070d5a47df2563e3bdc8364ee49b/element - {"using":"xpath","value":"//table[contains(@id, \"listView-innerSelectionPanelTable-listUl\")]/tbody/tr[11]/td[3]/div/div/span/span[1]/bdi"}
RESULT: {"using":"xpath","value":"//table[contains(@id, \"listView-innerSelectionPanelTable-listUl\")]/tbody/tr[11]/td[3]/div/div/span/span[1]/bdi"}
COMMAND: POST /session/8695070d5a47df2563e3bdc8364ee49b/execute/sync - {"script":"<script> [56 bytes]","args":[{"element-6066-11e4-a52e-4f735466cecf":"f.C2FBE1F9D69D7A7D8F7D3E73BC2E8356.d.837B383E7EFFD415A8A5C02C8BCA7C40.e.6802","ELEMENT":"f.C2FBE1F9D69D7A7D8F7D3E73BC2E8356.d.837B383E7EFFD415A8A5C02C8BCA7C40.e.6802"}]}
RESULT: {"script":"<script> [56 bytes]","args":[{"element-6066-11e4-a52e-4f735466cecf":"f.C2FBE1F9D69D7A7D8F7D3E73BC2E8356.d.837B383E7EFFD415A8A5C02C8BCA7C40.e.6802","ELEMENT":"f.C2FBE1F9D69D7A7D8F7D3E73BC2E8356.d.837B383E7EFFD415A8A5C02C8BCA7C40.e.6802"}]}
COMMAND: GET /session/8695070d5a47df2563e3bdc8364ee49b/element/f.C2FBE1F9D69D7A7D8F7D3E73BC2E8356.d.837B383E7EFFD415A8A5C02C8BCA7C40.e.6801/attribute/aria-checked - {}
COMMAND: GET /session/8695070d5a47df2563e3bdc8364ee49b/screenshot - {}
RESULT: {}
COMMAND: POST /session/8695070d5a47df2563e3bdc8364ee49b/element - {"using":"xpath","value":"//table[contains(@id, \"listView-innerSelectionPanelTable-listUl\")]/tbody/tr[12]/td[2]/div/div"}
RESULT: {}
RESULT: {"using":"xpath","value":"//table[contains(@id, \"listView-innerSelectionPanelTable-listUl\")]/tbody/tr[12]/td[2]/div/div"}
COMMAND: POST /session/8695070d5a47df2563e3bdc8364ee49b/element - {"using":"xpath","value":"//table[contains(@id, \"listView-innerSelectionPanelTable-listUl\")]/tbody/tr[12]/td[2]/div"}
RESULT: {"using":"xpath","value":"//table[contains(@id, \"listView-innerSelectionPanelTable-listUl\")]/tbody/tr[12]/td[2]/div"}
COMMAND: POST /session/8695070d5a47df2563e3bdc8364ee49b/element - {"using":"xpath","value":"//table[contains(@id, \"listView-innerSelectionPanelTable-listUl\")]/tbody/tr[12]/td[3]/div/div/span/span[1]/bdi"}
RESULT: {"using":"xpath","value":"//table[contains(@id, \"listView-innerSelectionPanelTable-listUl\")]/tbody/tr[12]/td[3]/div/div/span/span[1]/bdi"}
COMMAND: POST /session/8695070d5a47df2563e3bdc8364ee49b/execute/sync - {"script":"<script> [56 bytes]","args":[{"element-6066-11e4-a52e-4f735466cecf":"f.C2FBE1F9D69D7A7D8F7D3E73BC2E8356.d.837B383E7EFFD415A8A5C02C8BCA7C40.e.6805","ELEMENT":"f.C2FBE1F9D69D7A7D8F7D3E73BC2E8356.d.837B383E7EFFD415A8A5C02C8BCA7C40.e.6805"}]}
RESULT: {"script":"<script> [56 bytes]","args":[{"element-6066-11e4-a52e-4f735466cecf":"f.C2FBE1F9D69D7A7D8F7D3E73BC2E8356.d.837B383E7EFFD415A8A5C02C8BCA7C40.e.6805","ELEMENT":"f.C2FBE1F9D69D7A7D8F7D3E73BC2E8356.d.837B383E7EFFD415A8A5C02C8BCA7C40.e.6805"}]}
COMMAND: GET /session/8695070d5a47df2563e3bdc8364ee49b/element/f.C2FBE1F9D69D7A7D8F7D3E73BC2E8356.d.837B383E7EFFD415A8A5C02C8BCA7C40.e.6804/attribute/aria-checked - {}
COMMAND: GET /session/8695070d5a47df2563e3bdc8364ee49b/screenshot - {}
RESULT: {}
COMMAND: POST /session/8695070d5a47df2563e3bdc8364ee49b/element - {"using":"xpath","value":"//table[contains(@id, \"listView-innerSelectionPanelTable-listUl\")]/tbody/tr[13]/td[2]/div/div"}
RESULT: {}
RESULT: {"using":"xpath","value":"//table[contains(@id, \"listView-innerSelectionPanelTable-listUl\")]/tbody/tr[13]/td[2]/div/div"}
COMMAND: POST /session/8695070d5a47df2563e3bdc8364ee49b/element - {"using":"xpath","value":"//table[contains(@id, \"listView-innerSelectionPanelTable-listUl\")]/tbody/tr[13]/td[2]/div"}
RESULT: {"using":"xpath","value":"//table[contains(@id, \"listView-innerSelectionPanelTable-listUl\")]/tbody/tr[13]/td[2]/div"}
COMMAND: POST /session/8695070d5a47df2563e3bdc8364ee49b/element - {"using":"xpath","value":"//table[contains(@id, \"listView-innerSelectionPanelTable-listUl\")]/tbody/tr[13]/td[3]/div/div/span/span[1]/bdi"}
RESULT: {"using":"xpath","value":"//table[contains(@id, \"listView-innerSelectionPanelTable-listUl\")]/tbody/tr[13]/td[3]/div/div/span/span[1]/bdi"}
COMMAND: POST /session/8695070d5a47df2563e3bdc8364ee49b/execute/sync - {"script":"<script> [56 bytes]","args":[{"element-6066-11e4-a52e-4f735466cecf":"f.C2FBE1F9D69D7A7D8F7D3E73BC2E8356.d.837B383E7EFFD415A8A5C02C8BCA7C40.e.6808","ELEMENT":"f.C2FBE1F9D69D7A7D8F7D3E73BC2E8356.d.837B383E7EFFD415A8A5C02C8BCA7C40.e.6808"}]}
RESULT: {"script":"<script> [56 bytes]","args":[{"element-6066-11e4-a52e-4f735466cecf":"f.C2FBE1F9D69D7A7D8F7D3E73BC2E8356.d.837B383E7EFFD415A8A5C02C8BCA7C40.e.6808","ELEMENT":"f.C2FBE1F9D69D7A7D8F7D3E73BC2E8356.d.837B383E7EFFD415A8A5C02C8BCA7C40.e.6808"}]}
COMMAND: GET /session/8695070d5a47df2563e3bdc8364ee49b/element/f.C2FBE1F9D69D7A7D8F7D3E73BC2E8356.d.837B383E7EFFD415A8A5C02C8BCA7C40.e.6807/attribute/aria-checked - {}
COMMAND: GET /session/8695070d5a47df2563e3bdc8364ee49b/screenshot - {}
RESULT: {}
COMMAND: POST /session/8695070d5a47df2563e3bdc8364ee49b/element - {"using":"xpath","value":"//table[contains(@id, \"listView-innerSelectionPanelTable-listUl\")]/tbody/tr[14]/td[2]/div/div"}
COMMAND: POST /session/8695070d5a47df2563e3bdc8364ee49b/element/f.C2FBE1F9D69D7A7D8F7D3E73BC2E8356.d.837B383E7EFFD415A8A5C02C8BCA7C40.e.6806/click - {}
RESULT: {}
RESULT: {"using":"xpath","value":"//table[contains(@id, \"listView-innerSelectionPanelTable-listUl\")]/tbody/tr[14]/td[2]/div/div"}
COMMAND: POST /session/8695070d5a47df2563e3bdc8364ee49b/element - {"using":"xpath","value":"//table[contains(@id, \"listView-innerSelectionPanelTable-listUl\")]/tbody/tr[14]/td[2]/div"}
RESULT: {}
RESULT: {"using":"xpath","value":"//table[contains(@id, \"listView-innerSelectionPanelTable-listUl\")]/tbody/tr[14]/td[2]/div"}
COMMAND: POST /session/8695070d5a47df2563e3bdc8364ee49b/element - {"using":"xpath","value":"//table[contains(@id, \"listView-innerSelectionPanelTable-listUl\")]/tbody/tr[14]/td[3]/div/div/span/span[1]/bdi"}
COMMAND: GET /session/8695070d5a47df2563e3bdc8364ee49b/screenshot - {}
RESULT: {"using":"xpath","value":"//table[contains(@id, \"listView-innerSelectionPanelTable-listUl\")]/tbody/tr[14]/td[3]/div/div/span/span[1]/bdi"}
COMMAND: POST /session/8695070d5a47df2563e3bdc8364ee49b/execute/sync - {"script":"<script> [56 bytes]","args":[{"element-6066-11e4-a52e-4f735466cecf":"f.C2FBE1F9D69D7A7D8F7D3E73BC2E8356.d.837B383E7EFFD415A8A5C02C8BCA7C40.e.6812","ELEMENT":"f.C2FBE1F9D69D7A7D8F7D3E73BC2E8356.d.837B383E7EFFD415A8A5C02C8BCA7C40.e.6812"}]}
RESULT: {}
RESULT: {"script":"<script> [56 bytes]","args":[{"element-6066-11e4-a52e-4f735466cecf":"f.C2FBE1F9D69D7A7D8F7D3E73BC2E8356.d.837B383E7EFFD415A8A5C02C8BCA7C40.e.6812","ELEMENT":"f.C2FBE1F9D69D7A7D8F7D3E73BC2E8356.d.837B383E7EFFD415A8A5C02C8BCA7C40.e.6812"}]}
COMMAND: GET /session/8695070d5a47df2563e3bdc8364ee49b/element/f.C2FBE1F9D69D7A7D8F7D3E73BC2E8356.d.837B383E7EFFD415A8A5C02C8BCA7C40.e.6811/attribute/aria-checked - {}
COMMAND: GET /session/8695070d5a47df2563e3bdc8364ee49b/screenshot - {}
RESULT: {}
COMMAND: POST /session/8695070d5a47df2563e3bdc8364ee49b/element - {"using":"xpath","value":"//table[contains(@id, \"listView-innerSelectionPanelTable-listUl\")]/tbody/tr[15]/td[2]/div/div"}
RESULT: {}
RESULT: {"using":"xpath","value":"//table[contains(@id, \"listView-innerSelectionPanelTable-listUl\")]/tbody/tr[15]/td[2]/div/div"}
COMMAND: POST /session/8695070d5a47df2563e3bdc8364ee49b/element - {"using":"xpath","value":"//table[contains(@id, \"listView-innerSelectionPanelTable-listUl\")]/tbody/tr[15]/td[2]/div"}
RESULT: {"using":"xpath","value":"//table[contains(@id, \"listView-innerSelectionPanelTable-listUl\")]/tbody/tr[15]/td[2]/div"}
COMMAND: POST /session/8695070d5a47df2563e3bdc8364ee49b/element - {"using":"xpath","value":"//table[contains(@id, \"listView-innerSelectionPanelTable-listUl\")]/tbody/tr[15]/td[3]/div/div/span/span[1]/bdi"}
RESULT: {"using":"xpath","value":"//table[contains(@id, \"listView-innerSelectionPanelTable-listUl\")]/tbody/tr[15]/td[3]/div/div/span/span[1]/bdi"}
COMMAND: POST /session/8695070d5a47df2563e3bdc8364ee49b/execute/sync - {"script":"<script> [56 bytes]","args":[{"element-6066-11e4-a52e-4f735466cecf":"f.C2FBE1F9D69D7A7D8F7D3E73BC2E8356.d.837B383E7EFFD415A8A5C02C8BCA7C40.e.6815","ELEMENT":"f.C2FBE1F9D69D7A7D8F7D3E73BC2E8356.d.837B383E7EFFD415A8A5C02C8BCA7C40.e.6815"}]}
RESULT: {"script":"<script> [56 bytes]","args":[{"element-6066-11e4-a52e-4f735466cecf":"f.C2FBE1F9D69D7A7D8F7D3E73BC2E8356.d.837B383E7EFFD415A8A5C02C8BCA7C40.e.6815","ELEMENT":"f.C2FBE1F9D69D7A7D8F7D3E73BC2E8356.d.837B383E7EFFD415A8A5C02C8BCA7C40.e.6815"}]}
COMMAND: GET /session/8695070d5a47df2563e3bdc8364ee49b/element/f.C2FBE1F9D69D7A7D8F7D3E73BC2E8356.d.837B383E7EFFD415A8A5C02C8BCA7C40.e.6814/attribute/aria-checked - {}
COMMAND: GET /session/8695070d5a47df2563e3bdc8364ee49b/screenshot - {}
RESULT: {}
COMMAND: POST /session/8695070d5a47df2563e3bdc8364ee49b/element - {"using":"xpath","value":"//table[contains(@id, \"listView-innerSelectionPanelTable-listUl\")]/tbody/tr[16]/td[2]/div/div"}
RESULT: {}
RESULT: {"using":"xpath","value":"//table[contains(@id, \"listView-innerSelectionPanelTable-listUl\")]/tbody/tr[16]/td[2]/div/div"}
COMMAND: POST /session/8695070d5a47df2563e3bdc8364ee49b/element - {"using":"xpath","value":"//table[contains(@id, \"listView-innerSelectionPanelTable-listUl\")]/tbody/tr[16]/td[2]/div"}
RESULT: {"using":"xpath","value":"//table[contains(@id, \"listView-innerSelectionPanelTable-listUl\")]/tbody/tr[16]/td[2]/div"}
COMMAND: POST /session/8695070d5a47df2563e3bdc8364ee49b/element - {"using":"xpath","value":"//table[contains(@id, \"listView-innerSelectionPanelTable-listUl\")]/tbody/tr[16]/td[3]/div/div/span/span[1]/bdi"}
RESULT: {"using":"xpath","value":"//table[contains(@id, \"listView-innerSelectionPanelTable-listUl\")]/tbody/tr[16]/td[3]/div/div/span/span[1]/bdi"}
COMMAND: POST /session/8695070d5a47df2563e3bdc8364ee49b/execute/sync - {"script":"<script> [56 bytes]","args":[{"element-6066-11e4-a52e-4f735466cecf":"f.C2FBE1F9D69D7A7D8F7D3E73BC2E8356.d.837B383E7EFFD415A8A5C02C8BCA7C40.e.6818","ELEMENT":"f.C2FBE1F9D69D7A7D8F7D3E73BC2E8356.d.837B383E7EFFD415A8A5C02C8BCA7C40.e.6818"}]}
RESULT: {"script":"<script> [56 bytes]","args":[{"element-6066-11e4-a52e-4f735466cecf":"f.C2FBE1F9D69D7A7D8F7D3E73BC2E8356.d.837B383E7EFFD415A8A5C02C8BCA7C40.e.6818","ELEMENT":"f.C2FBE1F9D69D7A7D8F7D3E73BC2E8356.d.837B383E7EFFD415A8A5C02C8BCA7C40.e.6818"}]}
COMMAND: GET /session/8695070d5a47df2563e3bdc8364ee49b/element/f.C2FBE1F9D69D7A7D8F7D3E73BC2E8356.d.837B383E7EFFD415A8A5C02C8BCA7C40.e.6817/attribute/aria-checked - {}
COMMAND: GET /session/8695070d5a47df2563e3bdc8364ee49b/screenshot - {}
RESULT: {}
COMMAND: POST /session/8695070d5a47df2563e3bdc8364ee49b/element - {"using":"xpath","value":"//table[contains(@id, \"listView-innerSelectionPanelTable-listUl\")]/tbody/tr[17]/td[2]/div/div"}
RESULT: {}
RESULT: {"using":"xpath","value":"//table[contains(@id, \"listView-innerSelectionPanelTable-listUl\")]/tbody/tr[17]/td[2]/div/div"}
COMMAND: POST /session/8695070d5a47df2563e3bdc8364ee49b/element - {"using":"xpath","value":"//table[contains(@id, \"listView-innerSelectionPanelTable-listUl\")]/tbody/tr[17]/td[2]/div"}
RESULT: {"using":"xpath","value":"//table[contains(@id, \"listView-innerSelectionPanelTable-listUl\")]/tbody/tr[17]/td[2]/div"}
COMMAND: POST /session/8695070d5a47df2563e3bdc8364ee49b/element - {"using":"xpath","value":"//table[contains(@id, \"listView-innerSelectionPanelTable-listUl\")]/tbody/tr[17]/td[3]/div/div/span/span[1]/bdi"}
RESULT: {"using":"xpath","value":"//table[contains(@id, \"listView-innerSelectionPanelTable-listUl\")]/tbody/tr[17]/td[3]/div/div/span/span[1]/bdi"}
COMMAND: POST /session/8695070d5a47df2563e3bdc8364ee49b/execute/sync - {"script":"<script> [56 bytes]","args":[{"element-6066-11e4-a52e-4f735466cecf":"f.C2FBE1F9D69D7A7D8F7D3E73BC2E8356.d.837B383E7EFFD415A8A5C02C8BCA7C40.e.6821","ELEMENT":"f.C2FBE1F9D69D7A7D8F7D3E73BC2E8356.d.837B383E7EFFD415A8A5C02C8BCA7C40.e.6821"}]}
RESULT: {"script":"<script> [56 bytes]","args":[{"element-6066-11e4-a52e-4f735466cecf":"f.C2FBE1F9D69D7A7D8F7D3E73BC2E8356.d.837B383E7EFFD415A8A5C02C8BCA7C40.e.6821","ELEMENT":"f.C2FBE1F9D69D7A7D8F7D3E73BC2E8356.d.837B383E7EFFD415A8A5C02C8BCA7C40.e.6821"}]}
COMMAND: GET /session/8695070d5a47df2563e3bdc8364ee49b/element/f.C2FBE1F9D69D7A7D8F7D3E73BC2E8356.d.837B383E7EFFD415A8A5C02C8BCA7C40.e.6820/attribute/aria-checked - {}
COMMAND: GET /session/8695070d5a47df2563e3bdc8364ee49b/screenshot - {}
RESULT: {}
COMMAND: POST /session/8695070d5a47df2563e3bdc8364ee49b/element - {"using":"xpath","value":"//table[contains(@id, \"listView-innerSelectionPanelTable-listUl\")]/tbody/tr[18]/td[2]/div/div"}
RESULT: {}
RESULT: {"using":"xpath","value":"//table[contains(@id, \"listView-innerSelectionPanelTable-listUl\")]/tbody/tr[18]/td[2]/div/div"}
COMMAND: POST /session/8695070d5a47df2563e3bdc8364ee49b/element - {"using":"xpath","value":"//table[contains(@id, \"listView-innerSelectionPanelTable-listUl\")]/tbody/tr[18]/td[2]/div"}
RESULT: {"using":"xpath","value":"//table[contains(@id, \"listView-innerSelectionPanelTable-listUl\")]/tbody/tr[18]/td[2]/div"}
COMMAND: POST /session/8695070d5a47df2563e3bdc8364ee49b/element - {"using":"xpath","value":"//table[contains(@id, \"listView-innerSelectionPanelTable-listUl\")]/tbody/tr[18]/td[3]/div/div/span/span[1]/bdi"}
RESULT: {"using":"xpath","value":"//table[contains(@id, \"listView-innerSelectionPanelTable-listUl\")]/tbody/tr[18]/td[3]/div/div/span/span[1]/bdi"}
COMMAND: POST /session/8695070d5a47df2563e3bdc8364ee49b/execute/sync - {"script":"<script> [56 bytes]","args":[{"element-6066-11e4-a52e-4f735466cecf":"f.C2FBE1F9D69D7A7D8F7D3E73BC2E8356.d.837B383E7EFFD415A8A5C02C8BCA7C40.e.6824","ELEMENT":"f.C2FBE1F9D69D7A7D8F7D3E73BC2E8356.d.837B383E7EFFD415A8A5C02C8BCA7C40.e.6824"}]}
RESULT: {"script":"<script> [56 bytes]","args":[{"element-6066-11e4-a52e-4f735466cecf":"f.C2FBE1F9D69D7A7D8F7D3E73BC2E8356.d.837B383E7EFFD415A8A5C02C8BCA7C40.e.6824","ELEMENT":"f.C2FBE1F9D69D7A7D8F7D3E73BC2E8356.d.837B383E7EFFD415A8A5C02C8BCA7C40.e.6824"}]}
COMMAND: GET /session/8695070d5a47df2563e3bdc8364ee49b/element/f.C2FBE1F9D69D7A7D8F7D3E73BC2E8356.d.837B383E7EFFD415A8A5C02C8BCA7C40.e.6823/attribute/aria-checked - {}
COMMAND: GET /session/8695070d5a47df2563e3bdc8364ee49b/screenshot - {}
RESULT: {}
COMMAND: POST /session/8695070d5a47df2563e3bdc8364ee49b/element - {"using":"xpath","value":"//table[contains(@id, \"listView-innerSelectionPanelTable-listUl\")]/tbody/tr[19]/td[2]/div/div"}
RESULT: {}
RESULT: {"using":"xpath","value":"//table[contains(@id, \"listView-innerSelectionPanelTable-listUl\")]/tbody/tr[19]/td[2]/div/div"}
COMMAND: POST /session/8695070d5a47df2563e3bdc8364ee49b/element - {"using":"xpath","value":"//table[contains(@id, \"listView-innerSelectionPanelTable-listUl\")]/tbody/tr[19]/td[2]/div"}
RESULT: {"using":"xpath","value":"//table[contains(@id, \"listView-innerSelectionPanelTable-listUl\")]/tbody/tr[19]/td[2]/div"}
COMMAND: POST /session/8695070d5a47df2563e3bdc8364ee49b/element - {"using":"xpath","value":"//table[contains(@id, \"listView-innerSelectionPanelTable-listUl\")]/tbody/tr[19]/td[3]/div/div/span/span[1]/bdi"}
RESULT: {"using":"xpath","value":"//table[contains(@id, \"listView-innerSelectionPanelTable-listUl\")]/tbody/tr[19]/td[3]/div/div/span/span[1]/bdi"}
COMMAND: POST /session/8695070d5a47df2563e3bdc8364ee49b/execute/sync - {"script":"<script> [56 bytes]","args":[{"element-6066-11e4-a52e-4f735466cecf":"f.C2FBE1F9D69D7A7D8F7D3E73BC2E8356.d.837B383E7EFFD415A8A5C02C8BCA7C40.e.6827","ELEMENT":"f.C2FBE1F9D69D7A7D8F7D3E73BC2E8356.d.837B383E7EFFD415A8A5C02C8BCA7C40.e.6827"}]}
RESULT: {"script":"<script> [56 bytes]","args":[{"element-6066-11e4-a52e-4f735466cecf":"f.C2FBE1F9D69D7A7D8F7D3E73BC2E8356.d.837B383E7EFFD415A8A5C02C8BCA7C40.e.6827","ELEMENT":"f.C2FBE1F9D69D7A7D8F7D3E73BC2E8356.d.837B383E7EFFD415A8A5C02C8BCA7C40.e.6827"}]}
COMMAND: GET /session/8695070d5a47df2563e3bdc8364ee49b/element/f.C2FBE1F9D69D7A7D8F7D3E73BC2E8356.d.837B383E7EFFD415A8A5C02C8BCA7C40.e.6826/attribute/aria-checked - {}
COMMAND: GET /session/8695070d5a47df2563e3bdc8364ee49b/screenshot - {}
RESULT: {}
COMMAND: POST /session/8695070d5a47df2563e3bdc8364ee49b/element - {"using":"xpath","value":"//table[contains(@id, \"listView-innerSelectionPanelTable-listUl\")]/tbody/tr[20]/td[2]/div/div"}
RESULT: {}
RESULT: {"using":"xpath","value":"//table[contains(@id, \"listView-innerSelectionPanelTable-listUl\")]/tbody/tr[20]/td[2]/div/div"}
COMMAND: POST /session/8695070d5a47df2563e3bdc8364ee49b/element - {"using":"xpath","value":"//table[contains(@id, \"listView-innerSelectionPanelTable-listUl\")]/tbody/tr[20]/td[2]/div"}
RESULT: {"using":"xpath","value":"//table[contains(@id, \"listView-innerSelectionPanelTable-listUl\")]/tbody/tr[20]/td[2]/div"}
COMMAND: POST /session/8695070d5a47df2563e3bdc8364ee49b/element - {"using":"xpath","value":"//table[contains(@id, \"listView-innerSelectionPanelTable-listUl\")]/tbody/tr[20]/td[3]/div/div/span/span[1]/bdi"}
RESULT: {"using":"xpath","value":"//table[contains(@id, \"listView-innerSelectionPanelTable-listUl\")]/tbody/tr[20]/td[3]/div/div/span/span[1]/bdi"}
COMMAND: POST /session/8695070d5a47df2563e3bdc8364ee49b/execute/sync - {"script":"<script> [56 bytes]","args":[{"element-6066-11e4-a52e-4f735466cecf":"f.C2FBE1F9D69D7A7D8F7D3E73BC2E8356.d.837B383E7EFFD415A8A5C02C8BCA7C40.e.6830","ELEMENT":"f.C2FBE1F9D69D7A7D8F7D3E73BC2E8356.d.837B383E7EFFD415A8A5C02C8BCA7C40.e.6830"}]}
RESULT: {"script":"<script> [56 bytes]","args":[{"element-6066-11e4-a52e-4f735466cecf":"f.C2FBE1F9D69D7A7D8F7D3E73BC2E8356.d.837B383E7EFFD415A8A5C02C8BCA7C40.e.6830","ELEMENT":"f.C2FBE1F9D69D7A7D8F7D3E73BC2E8356.d.837B383E7EFFD415A8A5C02C8BCA7C40.e.6830"}]}
COMMAND: GET /session/8695070d5a47df2563e3bdc8364ee49b/element/f.C2FBE1F9D69D7A7D8F7D3E73BC2E8356.d.837B383E7EFFD415A8A5C02C8BCA7C40.e.6829/attribute/aria-checked - {}
COMMAND: GET /session/8695070d5a47df2563e3bdc8364ee49b/screenshot - {}
RESULT: {}
COMMAND: POST /session/8695070d5a47df2563e3bdc8364ee49b/element - {"using":"xpath","value":"//table[contains(@id, \"listView-innerSelectionPanelTable-listUl\")]/tbody/tr[21]/td[2]/div/div"}
RESULT: {}
RESULT: {"using":"xpath","value":"//table[contains(@id, \"listView-innerSelectionPanelTable-listUl\")]/tbody/tr[21]/td[2]/div/div"}
COMMAND: POST /session/8695070d5a47df2563e3bdc8364ee49b/element - {"using":"xpath","value":"//table[contains(@id, \"listView-innerSelectionPanelTable-listUl\")]/tbody/tr[21]/td[2]/div"}
RESULT: {"using":"xpath","value":"//table[contains(@id, \"listView-innerSelectionPanelTable-listUl\")]/tbody/tr[21]/td[2]/div"}
COMMAND: POST /session/8695070d5a47df2563e3bdc8364ee49b/element - {"using":"xpath","value":"//table[contains(@id, \"listView-innerSelectionPanelTable-listUl\")]/tbody/tr[21]/td[3]/div/div/span/span[1]/bdi"}
RESULT: {"using":"xpath","value":"//table[contains(@id, \"listView-innerSelectionPanelTable-listUl\")]/tbody/tr[21]/td[3]/div/div/span/span[1]/bdi"}
COMMAND: POST /session/8695070d5a47df2563e3bdc8364ee49b/execute/sync - {"script":"<script> [56 bytes]","args":[{"element-6066-11e4-a52e-4f735466cecf":"f.C2FBE1F9D69D7A7D8F7D3E73BC2E8356.d.837B383E7EFFD415A8A5C02C8BCA7C40.e.6833","ELEMENT":"f.C2FBE1F9D69D7A7D8F7D3E73BC2E8356.d.837B383E7EFFD415A8A5C02C8BCA7C40.e.6833"}]}
RESULT: {"script":"<script> [56 bytes]","args":[{"element-6066-11e4-a52e-4f735466cecf":"f.C2FBE1F9D69D7A7D8F7D3E73BC2E8356.d.837B383E7EFFD415A8A5C02C8BCA7C40.e.6833","ELEMENT":"f.C2FBE1F9D69D7A7D8F7D3E73BC2E8356.d.837B383E7EFFD415A8A5C02C8BCA7C40.e.6833"}]}
COMMAND: GET /session/8695070d5a47df2563e3bdc8364ee49b/element/f.C2FBE1F9D69D7A7D8F7D3E73BC2E8356.d.837B383E7EFFD415A8A5C02C8BCA7C40.e.6832/attribute/aria-checked - {}
COMMAND: GET /session/8695070d5a47df2563e3bdc8364ee49b/screenshot - {}
RESULT: {}
COMMAND: POST /session/8695070d5a47df2563e3bdc8364ee49b/element - {"using":"xpath","value":"//table[contains(@id, \"listView-innerSelectionPanelTable-listUl\")]/tbody/tr[22]/td[2]/div/div"}
RESULT: {}
RESULT: {"using":"xpath","value":"//table[contains(@id, \"listView-innerSelectionPanelTable-listUl\")]/tbody/tr[22]/td[2]/div/div"}
COMMAND: POST /session/8695070d5a47df2563e3bdc8364ee49b/element - {"using":"xpath","value":"//table[contains(@id, \"listView-innerSelectionPanelTable-listUl\")]/tbody/tr[22]/td[2]/div"}
RESULT: {"using":"xpath","value":"//table[contains(@id, \"listView-innerSelectionPanelTable-listUl\")]/tbody/tr[22]/td[2]/div"}
COMMAND: POST /session/8695070d5a47df2563e3bdc8364ee49b/element - {"using":"xpath","value":"//table[contains(@id, \"listView-innerSelectionPanelTable-listUl\")]/tbody/tr[22]/td[3]/div/div/span/span[1]/bdi"}
RESULT: {"using":"xpath","value":"//table[contains(@id, \"listView-innerSelectionPanelTable-listUl\")]/tbody/tr[22]/td[3]/div/div/span/span[1]/bdi"}
COMMAND: POST /session/8695070d5a47df2563e3bdc8364ee49b/execute/sync - {"script":"<script> [56 bytes]","args":[{"element-6066-11e4-a52e-4f735466cecf":"f.C2FBE1F9D69D7A7D8F7D3E73BC2E8356.d.837B383E7EFFD415A8A5C02C8BCA7C40.e.6836","ELEMENT":"f.C2FBE1F9D69D7A7D8F7D3E73BC2E8356.d.837B383E7EFFD415A8A5C02C8BCA7C40.e.6836"}]}
RESULT: {"script":"<script> [56 bytes]","args":[{"element-6066-11e4-a52e-4f735466cecf":"f.C2FBE1F9D69D7A7D8F7D3E73BC2E8356.d.837B383E7EFFD415A8A5C02C8BCA7C40.e.6836","ELEMENT":"f.C2FBE1F9D69D7A7D8F7D3E73BC2E8356.d.837B383E7EFFD415A8A5C02C8BCA7C40.e.6836"}]}
COMMAND: GET /session/8695070d5a47df2563e3bdc8364ee49b/element/f.C2FBE1F9D69D7A7D8F7D3E73BC2E8356.d.837B383E7EFFD415A8A5C02C8BCA7C40.e.6835/attribute/aria-checked - {}
COMMAND: GET /session/8695070d5a47df2563e3bdc8364ee49b/screenshot - {}
RESULT: {}
COMMAND: POST /session/8695070d5a47df2563e3bdc8364ee49b/element - {"using":"xpath","value":"//table[contains(@id, \"listView-innerSelectionPanelTable-listUl\")]/tbody/tr[23]/td[2]/div/div"}
RESULT: {}
RESULT: {"using":"xpath","value":"//table[contains(@id, \"listView-innerSelectionPanelTable-listUl\")]/tbody/tr[23]/td[2]/div/div"}
COMMAND: POST /session/8695070d5a47df2563e3bdc8364ee49b/element - {"using":"xpath","value":"//table[contains(@id, \"listView-innerSelectionPanelTable-listUl\")]/tbody/tr[23]/td[2]/div"}
RESULT: {"using":"xpath","value":"//table[contains(@id, \"listView-innerSelectionPanelTable-listUl\")]/tbody/tr[23]/td[2]/div"}
COMMAND: POST /session/8695070d5a47df2563e3bdc8364ee49b/element - {"using":"xpath","value":"//table[contains(@id, \"listView-innerSelectionPanelTable-listUl\")]/tbody/tr[23]/td[3]/div/div/span/span[1]/bdi"}
RESULT: {"using":"xpath","value":"//table[contains(@id, \"listView-innerSelectionPanelTable-listUl\")]/tbody/tr[23]/td[3]/div/div/span/span[1]/bdi"}
COMMAND: POST /session/8695070d5a47df2563e3bdc8364ee49b/execute/sync - {"script":"<script> [56 bytes]","args":[{"element-6066-11e4-a52e-4f735466cecf":"f.C2FBE1F9D69D7A7D8F7D3E73BC2E8356.d.837B383E7EFFD415A8A5C02C8BCA7C40.e.6839","ELEMENT":"f.C2FBE1F9D69D7A7D8F7D3E73BC2E8356.d.837B383E7EFFD415A8A5C02C8BCA7C40.e.6839"}]}
RESULT: {"script":"<script> [56 bytes]","args":[{"element-6066-11e4-a52e-4f735466cecf":"f.C2FBE1F9D69D7A7D8F7D3E73BC2E8356.d.837B383E7EFFD415A8A5C02C8BCA7C40.e.6839","ELEMENT":"f.C2FBE1F9D69D7A7D8F7D3E73BC2E8356.d.837B383E7EFFD415A8A5C02C8BCA7C40.e.6839"}]}
COMMAND: GET /session/8695070d5a47df2563e3bdc8364ee49b/element/f.C2FBE1F9D69D7A7D8F7D3E73BC2E8356.d.837B383E7EFFD415A8A5C02C8BCA7C40.e.6838/attribute/aria-checked - {}
COMMAND: GET /session/8695070d5a47df2563e3bdc8364ee49b/screenshot - {}
RESULT: {}
COMMAND: POST /session/8695070d5a47df2563e3bdc8364ee49b/element - {"using":"xpath","value":"//table[contains(@id, \"listView-innerSelectionPanelTable-listUl\")]/tbody/tr[24]/td[2]/div/div"}
RESULT: {}
RESULT: {"using":"xpath","value":"//table[contains(@id, \"listView-innerSelectionPanelTable-listUl\")]/tbody/tr[24]/td[2]/div/div"}
COMMAND: POST /session/8695070d5a47df2563e3bdc8364ee49b/element - {"using":"xpath","value":"//table[contains(@id, \"listView-innerSelectionPanelTable-listUl\")]/tbody/tr[24]/td[2]/div"}
RESULT: {"using":"xpath","value":"//table[contains(@id, \"listView-innerSelectionPanelTable-listUl\")]/tbody/tr[24]/td[2]/div"}
COMMAND: POST /session/8695070d5a47df2563e3bdc8364ee49b/element - {"using":"xpath","value":"//table[contains(@id, \"listView-innerSelectionPanelTable-listUl\")]/tbody/tr[24]/td[3]/div/div/span/span[1]/bdi"}
RESULT: {"using":"xpath","value":"//table[contains(@id, \"listView-innerSelectionPanelTable-listUl\")]/tbody/tr[24]/td[3]/div/div/span/span[1]/bdi"}
COMMAND: POST /session/8695070d5a47df2563e3bdc8364ee49b/execute/sync - {"script":"<script> [56 bytes]","args":[{"element-6066-11e4-a52e-4f735466cecf":"f.C2FBE1F9D69D7A7D8F7D3E73BC2E8356.d.837B383E7EFFD415A8A5C02C8BCA7C40.e.6842","ELEMENT":"f.C2FBE1F9D69D7A7D8F7D3E73BC2E8356.d.837B383E7EFFD415A8A5C02C8BCA7C40.e.6842"}]}
RESULT: {"script":"<script> [56 bytes]","args":[{"element-6066-11e4-a52e-4f735466cecf":"f.C2FBE1F9D69D7A7D8F7D3E73BC2E8356.d.837B383E7EFFD415A8A5C02C8BCA7C40.e.6842","ELEMENT":"f.C2FBE1F9D69D7A7D8F7D3E73BC2E8356.d.837B383E7EFFD415A8A5C02C8BCA7C40.e.6842"}]}
COMMAND: GET /session/8695070d5a47df2563e3bdc8364ee49b/element/f.C2FBE1F9D69D7A7D8F7D3E73BC2E8356.d.837B383E7EFFD415A8A5C02C8BCA7C40.e.6841/attribute/aria-checked - {}
COMMAND: GET /session/8695070d5a47df2563e3bdc8364ee49b/screenshot - {}
RESULT: {}
COMMAND: POST /session/8695070d5a47df2563e3bdc8364ee49b/element - {"using":"xpath","value":"//table[contains(@id, \"listView-innerSelectionPanelTable-listUl\")]/tbody/tr[25]/td[2]/div/div"}
RESULT: {}
RESULT: {"using":"xpath","value":"//table[contains(@id, \"listView-innerSelectionPanelTable-listUl\")]/tbody/tr[25]/td[2]/div/div"}
COMMAND: POST /session/8695070d5a47df2563e3bdc8364ee49b/element - {"using":"xpath","value":"//table[contains(@id, \"listView-innerSelectionPanelTable-listUl\")]/tbody/tr[25]/td[2]/div"}
RESULT: {"using":"xpath","value":"//table[contains(@id, \"listView-innerSelectionPanelTable-listUl\")]/tbody/tr[25]/td[2]/div"}
COMMAND: POST /session/8695070d5a47df2563e3bdc8364ee49b/element - {"using":"xpath","value":"//table[contains(@id, \"listView-innerSelectionPanelTable-listUl\")]/tbody/tr[25]/td[3]/div/div/span/span[1]/bdi"}
RESULT: {"using":"xpath","value":"//table[contains(@id, \"listView-innerSelectionPanelTable-listUl\")]/tbody/tr[25]/td[3]/div/div/span/span[1]/bdi"}
COMMAND: POST /session/8695070d5a47df2563e3bdc8364ee49b/execute/sync - {"script":"<script> [56 bytes]","args":[{"element-6066-11e4-a52e-4f735466cecf":"f.C2FBE1F9D69D7A7D8F7D3E73BC2E8356.d.837B383E7EFFD415A8A5C02C8BCA7C40.e.6845","ELEMENT":"f.C2FBE1F9D69D7A7D8F7D3E73BC2E8356.d.837B383E7EFFD415A8A5C02C8BCA7C40.e.6845"}]}
RESULT: {"script":"<script> [56 bytes]","args":[{"element-6066-11e4-a52e-4f735466cecf":"f.C2FBE1F9D69D7A7D8F7D3E73BC2E8356.d.837B383E7EFFD415A8A5C02C8BCA7C40.e.6845","ELEMENT":"f.C2FBE1F9D69D7A7D8F7D3E73BC2E8356.d.837B383E7EFFD415A8A5C02C8BCA7C40.e.6845"}]}
COMMAND: GET /session/8695070d5a47df2563e3bdc8364ee49b/element/f.C2FBE1F9D69D7A7D8F7D3E73BC2E8356.d.837B383E7EFFD415A8A5C02C8BCA7C40.e.6844/attribute/aria-checked - {}
COMMAND: GET /session/8695070d5a47df2563e3bdc8364ee49b/screenshot - {}
RESULT: {}
COMMAND: POST /session/8695070d5a47df2563e3bdc8364ee49b/element - {"using":"xpath","value":"//bdi[contains(text(), \"OK\")]"}
RESULT: {}
RESULT: {"using":"xpath","value":"//bdi[contains(text(), \"OK\")]"}
COMMAND: POST /session/8695070d5a47df2563e3bdc8364ee49b/element/f.C2FBE1F9D69D7A7D8F7D3E73BC2E8356.d.837B383E7EFFD415A8A5C02C8BCA7C40.e.6846/click - {}
RESULT: {}
COMMAND: GET /session/8695070d5a47df2563e3bdc8364ee49b/screenshot - {}
RESULT: {}
COMMAND: POST /session/8695070d5a47df2563e3bdc8364ee49b/execute/async - {"script":"<script> [1562 bytes]","args":[{"selector":{"id":"application-managepartners-display-component---masterPtm--smartFilterBar-filterItemControlA_-LINK_TO_ADDRESSES_MAIN.CITY1-vhi"},"wdio_ui5_key":"applicationmanagepartners-display-component---masterPtm--smartFilterBar-filterItemControlA_-LINK_TO_ADDRESSES_MAIN.CITY1-vhi"}]}
RESULT: {"script":"<script> [1562 bytes]","args":[{"selector":{"id":"application-managepartners-display-component---masterPtm--smartFilterBar-filterItemControlA_-LINK_TO_ADDRESSES_MAIN.CITY1-vhi"},"wdio_ui5_key":"applicationmanagepartners-display-component---masterPtm--smartFilterBar-filterItemControlA_-LINK_TO_ADDRESSES_MAIN.CITY1-vhi"}]}
RESULT: undefined
COMMAND: POST /session/8695070d5a47df2563e3bdc8364ee49b/element - {"using":"xpath","value":"//*[@id=\"application-managepartners-display-component---masterPtm--smartFilterBar-filterItemControlA_-LINK_TO_ADDRESSES_MAIN.CITY1-vhi\"]"}
RESULT: {"using":"xpath","value":"//*[@id=\"application-managepartners-display-component---masterPtm--smartFilterBar-filterItemControlA_-LINK_TO_ADDRESSES_MAIN.CITY1-vhi\"]"}
COMMAND: POST /session/8695070d5a47df2563e3bdc8364ee49b/element/f.C2FBE1F9D69D7A7D8F7D3E73BC2E8356.d.837B383E7EFFD415A8A5C02C8BCA7C40.e.6860/click - {}
RESULT: {}
COMMAND: GET /session/8695070d5a47df2563e3bdc8364ee49b/screenshot - {}
RESULT: {}
COMMAND: POST /session/8695070d5a47df2563e3bdc8364ee49b/execute/async - {"script":"<script> [1562 bytes]","args":[{"selector":{"controlType":"sap.m.Input","viewName":"etm.portal.ui.managepartners.view.Master","viewId":"application-managepartners-display-component---masterPtm","properties":{"valueState":"None"},"searchOpenDialogs":true,"interaction":{"idSuffix":"inner"}},"wdio_ui5_key":"etmportal.ui.managepartners.view.Mastersap.m.Input{\"valueState\":\"None\"}"}]}
RESULT: {"script":"<script> [1562 bytes]","args":[{"selector":{"controlType":"sap.m.Input","viewName":"etm.portal.ui.managepartners.view.Master","viewId":"application-managepartners-display-component---masterPtm","properties":{"valueState":"None"},"searchOpenDialogs":true,"interaction":{"idSuffix":"inner"}},"wdio_ui5_key":"etmportal.ui.managepartners.view.Mastersap.m.Input{\"valueState\":\"None\"}"}]}
RESULT: undefined
COMMAND: POST /session/8695070d5a47df2563e3bdc8364ee49b/execute/async - {"script":"<script> [776 bytes]","args":[{"enterText":"Bucure","selector":{"controlType":"sap.m.Input","viewName":"etm.portal.ui.managepartners.view.Master","viewId":"application-managepartners-display-component---masterPtm","properties":{"valueState":"None"},"searchOpenDialogs":true,"interaction":{"idSuffix":"inner"}},"clearTextFirst":true,"interactionType":"ENTER_TEXT"}]}
RESULT: {"script":"<script> [776 bytes]","args":[{"enterText":"Bucure","selector":{"controlType":"sap.m.Input","viewName":"etm.portal.ui.managepartners.view.Master","viewId":"application-managepartners-display-component---masterPtm","properties":{"valueState":"None"},"searchOpenDialogs":true,"interaction":{"idSuffix":"inner"}},"clearTextFirst":true,"interactionType":"ENTER_TEXT"}]}
COMMAND: POST /session/8695070d5a47df2563e3bdc8364ee49b/actions - {"actions":[{"id":"action21","type":"key","parameters":{},"actions":[{"type":"keyDown","value":""},{"type":"pause","duration":10},{"type":"keyUp","value":""}]}]}
RESULT: {"actions":[{"id":"action21","type":"key","parameters":{},"actions":[{"type":"keyDown","value":""},{"type":"pause","duration":10},{"type":"keyUp","value":""}]}]}
COMMAND: GET /session/8695070d5a47df2563e3bdc8364ee49b/screenshot - {}
RESULT: {}
COMMAND: POST /session/8695070d5a47df2563e3bdc8364ee49b/element - {"using":"xpath","value":"(//bdi[contains(text(), \"OK\")])[1]"}
RESULT: {"using":"xpath","value":"(//bdi[contains(text(), \"OK\")])[1]"}
COMMAND: POST /session/8695070d5a47df2563e3bdc8364ee49b/element/f.C2FBE1F9D69D7A7D8F7D3E73BC2E8356.d.837B383E7EFFD415A8A5C02C8BCA7C40.e.6866/click - {}
RESULT: {}
COMMAND: GET /session/8695070d5a47df2563e3bdc8364ee49b/screenshot - {}
RESULT: {}
COMMAND: POST /session/8695070d5a47df2563e3bdc8364ee49b/element - {"using":"xpath","value":"//span[@id=\"application-managepartners-display-component---masterPtm--smartTable-header-inner\"]"}
RESULT: {"using":"xpath","value":"//span[@id=\"application-managepartners-display-component---masterPtm--smartTable-header-inner\"]"}
COMMAND: POST /session/8695070d5a47df2563e3bdc8364ee49b/elements - {"using":"xpath","value":"//span[@id=\"application-managepartners-display-component---masterPtm--smartTable-header-inner\"]"}
RESULT: {"using":"xpath","value":"//span[@id=\"application-managepartners-display-component---masterPtm--smartTable-header-inner\"]"}
COMMAND: POST /session/8695070d5a47df2563e3bdc8364ee49b/execute/sync - {"script":"<script> [56 bytes]","args":[{"element-6066-11e4-a52e-4f735466cecf":"f.C2FBE1F9D69D7A7D8F7D3E73BC2E8356.d.837B383E7EFFD415A8A5C02C8BCA7C40.e.5950","ELEMENT":"f.C2FBE1F9D69D7A7D8F7D3E73BC2E8356.d.837B383E7EFFD415A8A5C02C8BCA7C40.e.5950"}]}
RESULT: {"script":"<script> [56 bytes]","args":[{"element-6066-11e4-a52e-4f735466cecf":"f.C2FBE1F9D69D7A7D8F7D3E73BC2E8356.d.837B383E7EFFD415A8A5C02C8BCA7C40.e.5950","ELEMENT":"f.C2FBE1F9D69D7A7D8F7D3E73BC2E8356.d.837B383E7EFFD415A8A5C02C8BCA7C40.e.5950"}]}
COMMAND: POST /session/8695070d5a47df2563e3bdc8364ee49b/element - {"using":"xpath","value":"//span[contains(@title, \"Remove\")]"}
COMMAND: GET /session/8695070d5a47df2563e3bdc8364ee49b/screenshot - {}
RESULT: {"using":"xpath","value":"//span[contains(@title, \"Remove\")]"}
COMMAND: POST /session/8695070d5a47df2563e3bdc8364ee49b/element/f.C2FBE1F9D69D7A7D8F7D3E73BC2E8356.d.837B383E7EFFD415A8A5C02C8BCA7C40.e.6941/click - {}
RESULT: {}
RESULT: {}
COMMAND: GET /session/8695070d5a47df2563e3bdc8364ee49b/screenshot - {}
RESULT: {}
COMMAND: POST /session/8695070d5a47df2563e3bdc8364ee49b/element - {"using":"xpath","value":"//span[@id=\"application-managepartners-display-component---masterPtm--smartTable-header-inner\"]"}
RESULT: {"using":"xpath","value":"//span[@id=\"application-managepartners-display-component---masterPtm--smartTable-header-inner\"]"}
COMMAND: POST /session/8695070d5a47df2563e3bdc8364ee49b/elements - {"using":"xpath","value":"//span[@id=\"application-managepartners-display-component---masterPtm--smartTable-header-inner\"]"}
RESULT: {"using":"xpath","value":"//span[@id=\"application-managepartners-display-component---masterPtm--smartTable-header-inner\"]"}
COMMAND: POST /session/8695070d5a47df2563e3bdc8364ee49b/execute/sync - {"script":"<script> [56 bytes]","args":[{"element-6066-11e4-a52e-4f735466cecf":"f.C2FBE1F9D69D7A7D8F7D3E73BC2E8356.d.837B383E7EFFD415A8A5C02C8BCA7C40.e.5950","ELEMENT":"f.C2FBE1F9D69D7A7D8F7D3E73BC2E8356.d.837B383E7EFFD415A8A5C02C8BCA7C40.e.5950"}]}
RESULT: {"script":"<script> [56 bytes]","args":[{"element-6066-11e4-a52e-4f735466cecf":"f.C2FBE1F9D69D7A7D8F7D3E73BC2E8356.d.837B383E7EFFD415A8A5C02C8BCA7C40.e.5950","ELEMENT":"f.C2FBE1F9D69D7A7D8F7D3E73BC2E8356.d.837B383E7EFFD415A8A5C02C8BCA7C40.e.5950"}]}
COMMAND: POST /session/8695070d5a47df2563e3bdc8364ee49b/element - {"using":"css selector","value":"#shell-header-logo"}
COMMAND: GET /session/8695070d5a47df2563e3bdc8364ee49b/screenshot - {}
RESULT: {"using":"css selector","value":"#shell-header-logo"}
COMMAND: POST /session/8695070d5a47df2563e3bdc8364ee49b/element/f.C2FBE1F9D69D7A7D8F7D3E73BC2E8356.d.837B383E7EFFD415A8A5C02C8BCA7C40.e.5778/click - {}
RESULT: {}
RESULT: {}
COMMAND: GET /session/8695070d5a47df2563e3bdc8364ee49b/screenshot - {}
RESULT: {}
]]></system-out>
    </testcase>
    <testcase classname="chrome.136_0_7103_93.windows.Partner_specific_tests_US150819_US151080_US151654_US151176_US103444_US151078_US151079_US151109_US151174_US151175_US151189" name="Should try to save empty partner US151174" time="51.536">
      <system-out><![CDATA[
COMMAND: POST /session/8695070d5a47df2563e3bdc8364ee49b/element - {"using":"xpath","value":"//li[.//span[text()=\"Manage Partners\"]]"}
RESULT: {"using":"xpath","value":"//li[.//span[text()=\"Manage Partners\"]]"}
COMMAND: POST /session/8695070d5a47df2563e3bdc8364ee49b/element - {"using":"xpath","value":"//li[.//span[text()=\"Manage Partners\"]]"}
RESULT: {"using":"xpath","value":"//li[.//span[text()=\"Manage Partners\"]]"}
COMMAND: POST /session/8695070d5a47df2563e3bdc8364ee49b/element - {"using":"css selector","value":"#shell-header-logo"}
RESULT: {"using":"css selector","value":"#shell-header-logo"}
COMMAND: POST /session/8695070d5a47df2563e3bdc8364ee49b/element/f.C2FBE1F9D69D7A7D8F7D3E73BC2E8356.d.837B383E7EFFD415A8A5C02C8BCA7C40.e.7037/click - {}
COMMAND: POST /session/8695070d5a47df2563e3bdc8364ee49b/execute/sync - {"script":"<script> [8489 bytes]","args":[{"element-6066-11e4-a52e-4f735466cecf":"f.C2FBE1F9D69D7A7D8F7D3E73BC2E8356.d.837B383E7EFFD415A8A5C02C8BCA7C40.e.7037","ELEMENT":"f.C2FBE1F9D69D7A7D8F7D3E73BC2E8356.d.837B383E7EFFD415A8A5C02C8BCA7C40.e.7037"}]}
RESULT: {"script":"<script> [8489 bytes]","args":[{"element-6066-11e4-a52e-4f735466cecf":"f.C2FBE1F9D69D7A7D8F7D3E73BC2E8356.d.837B383E7EFFD415A8A5C02C8BCA7C40.e.7037","ELEMENT":"f.C2FBE1F9D69D7A7D8F7D3E73BC2E8356.d.837B383E7EFFD415A8A5C02C8BCA7C40.e.7037"}]}
COMMAND: POST /session/8695070d5a47df2563e3bdc8364ee49b/execute/sync - {"script":"<script> [5351 bytes]","args":[{"element-6066-11e4-a52e-4f735466cecf":"f.C2FBE1F9D69D7A7D8F7D3E73BC2E8356.d.837B383E7EFFD415A8A5C02C8BCA7C40.e.7037","ELEMENT":"f.C2FBE1F9D69D7A7D8F7D3E73BC2E8356.d.837B383E7EFFD415A8A5C02C8BCA7C40.e.7037"}]}
COMMAND: GET /session/8695070d5a47df2563e3bdc8364ee49b/screenshot - {}
RESULT: {}
COMMAND: GET /session/8695070d5a47df2563e3bdc8364ee49b/screenshot - {}
RESULT: {"script":"<script> [5351 bytes]","args":[{"element-6066-11e4-a52e-4f735466cecf":"f.C2FBE1F9D69D7A7D8F7D3E73BC2E8356.d.837B383E7EFFD415A8A5C02C8BCA7C40.e.7037","ELEMENT":"f.C2FBE1F9D69D7A7D8F7D3E73BC2E8356.d.837B383E7EFFD415A8A5C02C8BCA7C40.e.7037"}]}
COMMAND: GET /session/8695070d5a47df2563e3bdc8364ee49b/screenshot - {}
RESULT: {}
RESULT: {}
RESULT: {}
RESULT: undefined
COMMAND: POST /session/8695070d5a47df2563e3bdc8364ee49b/element - {"using":"xpath","value":"//*[@id=\"__tile30\"]"}
RESULT: {"using":"xpath","value":"//*[@id=\"__tile30\"]"}
COMMAND: POST /session/8695070d5a47df2563e3bdc8364ee49b/element/f.C2FBE1F9D69D7A7D8F7D3E73BC2E8356.d.837B383E7EFFD415A8A5C02C8BCA7C40.e.4448/click - {}
RESULT: {}
COMMAND: GET /session/8695070d5a47df2563e3bdc8364ee49b/screenshot - {}
RESULT: {}
COMMAND: POST /session/8695070d5a47df2563e3bdc8364ee49b/elements - {"using":"xpath","value":"//span[text()='Error']"}
RESULT: {"using":"xpath","value":"//span[text()='Error']"}
COMMAND: POST /session/8695070d5a47df2563e3bdc8364ee49b/element - {"using":"xpath","value":"//button[@data-kt=\"addButton\"]"}
RESULT: {"using":"xpath","value":"//button[@data-kt=\"addButton\"]"}
COMMAND: POST /session/8695070d5a47df2563e3bdc8364ee49b/elements - {"using":"xpath","value":"//button[@data-kt=\"addButton\"]"}
RESULT: {"using":"xpath","value":"//button[@data-kt=\"addButton\"]"}
COMMAND: POST /session/8695070d5a47df2563e3bdc8364ee49b/execute/sync - {"script":"<script> [8489 bytes]","args":[{"element-6066-11e4-a52e-4f735466cecf":"f.C2FBE1F9D69D7A7D8F7D3E73BC2E8356.d.837B383E7EFFD415A8A5C02C8BCA7C40.e.7083","ELEMENT":"f.C2FBE1F9D69D7A7D8F7D3E73BC2E8356.d.837B383E7EFFD415A8A5C02C8BCA7C40.e.7083"}]}
RESULT: {"script":"<script> [8489 bytes]","args":[{"element-6066-11e4-a52e-4f735466cecf":"f.C2FBE1F9D69D7A7D8F7D3E73BC2E8356.d.837B383E7EFFD415A8A5C02C8BCA7C40.e.7083","ELEMENT":"f.C2FBE1F9D69D7A7D8F7D3E73BC2E8356.d.837B383E7EFFD415A8A5C02C8BCA7C40.e.7083"}]}
COMMAND: GET /session/8695070d5a47df2563e3bdc8364ee49b/element/f.C2FBE1F9D69D7A7D8F7D3E73BC2E8356.d.837B383E7EFFD415A8A5C02C8BCA7C40.e.7083/enabled - {}
COMMAND: GET /session/8695070d5a47df2563e3bdc8364ee49b/screenshot - {}
RESULT: {}
COMMAND: POST /session/8695070d5a47df2563e3bdc8364ee49b/execute/sync - {"script":"<script> [8489 bytes]","args":[{"element-6066-11e4-a52e-4f735466cecf":"f.C2FBE1F9D69D7A7D8F7D3E73BC2E8356.d.837B383E7EFFD415A8A5C02C8BCA7C40.e.7083","ELEMENT":"f.C2FBE1F9D69D7A7D8F7D3E73BC2E8356.d.837B383E7EFFD415A8A5C02C8BCA7C40.e.7083"}]}
COMMAND: GET /session/8695070d5a47df2563e3bdc8364ee49b/screenshot - {}
RESULT: {}
RESULT: {"script":"<script> [8489 bytes]","args":[{"element-6066-11e4-a52e-4f735466cecf":"f.C2FBE1F9D69D7A7D8F7D3E73BC2E8356.d.837B383E7EFFD415A8A5C02C8BCA7C40.e.7083","ELEMENT":"f.C2FBE1F9D69D7A7D8F7D3E73BC2E8356.d.837B383E7EFFD415A8A5C02C8BCA7C40.e.7083"}]}
COMMAND: POST /session/8695070d5a47df2563e3bdc8364ee49b/execute/sync - {"script":"<script> [5351 bytes]","args":[{"element-6066-11e4-a52e-4f735466cecf":"f.C2FBE1F9D69D7A7D8F7D3E73BC2E8356.d.837B383E7EFFD415A8A5C02C8BCA7C40.e.7083","ELEMENT":"f.C2FBE1F9D69D7A7D8F7D3E73BC2E8356.d.837B383E7EFFD415A8A5C02C8BCA7C40.e.7083"}]}
COMMAND: GET /session/8695070d5a47df2563e3bdc8364ee49b/screenshot - {}
RESULT: {}
RESULT: {"script":"<script> [5351 bytes]","args":[{"element-6066-11e4-a52e-4f735466cecf":"f.C2FBE1F9D69D7A7D8F7D3E73BC2E8356.d.837B383E7EFFD415A8A5C02C8BCA7C40.e.7083","ELEMENT":"f.C2FBE1F9D69D7A7D8F7D3E73BC2E8356.d.837B383E7EFFD415A8A5C02C8BCA7C40.e.7083"}]}
COMMAND: POST /session/8695070d5a47df2563e3bdc8364ee49b/element/f.C2FBE1F9D69D7A7D8F7D3E73BC2E8356.d.837B383E7EFFD415A8A5C02C8BCA7C40.e.7083/click - {}
COMMAND: GET /session/8695070d5a47df2563e3bdc8364ee49b/screenshot - {}
RESULT: {}
RESULT: {}
COMMAND: GET /session/8695070d5a47df2563e3bdc8364ee49b/screenshot - {}
COMMAND: POST /session/8695070d5a47df2563e3bdc8364ee49b/element - {"using":"xpath","value":"//button[@data-kt=\"saveButton\"]"}
RESULT: {}
RESULT: {}
RESULT: {"using":"xpath","value":"//button[@data-kt=\"saveButton\"]"}
COMMAND: POST /session/8695070d5a47df2563e3bdc8364ee49b/element/f.C2FBE1F9D69D7A7D8F7D3E73BC2E8356.d.837B383E7EFFD415A8A5C02C8BCA7C40.e.7497/click - {}
RESULT: {}
COMMAND: GET /session/8695070d5a47df2563e3bdc8364ee49b/screenshot - {}
RESULT: {}
COMMAND: POST /session/8695070d5a47df2563e3bdc8364ee49b/element - {"using":"xpath","value":"//span[contains(@class, \"sapMMsgBoxText\")]"}
RESULT: {"using":"xpath","value":"//span[contains(@class, \"sapMMsgBoxText\")]"}
COMMAND: POST /session/8695070d5a47df2563e3bdc8364ee49b/execute/sync - {"script":"<script> [56 bytes]","args":[{"element-6066-11e4-a52e-4f735466cecf":"f.C2FBE1F9D69D7A7D8F7D3E73BC2E8356.d.837B383E7EFFD415A8A5C02C8BCA7C40.e.7520","ELEMENT":"f.C2FBE1F9D69D7A7D8F7D3E73BC2E8356.d.837B383E7EFFD415A8A5C02C8BCA7C40.e.7520"}]}
RESULT: {"script":"<script> [56 bytes]","args":[{"element-6066-11e4-a52e-4f735466cecf":"f.C2FBE1F9D69D7A7D8F7D3E73BC2E8356.d.837B383E7EFFD415A8A5C02C8BCA7C40.e.7520","ELEMENT":"f.C2FBE1F9D69D7A7D8F7D3E73BC2E8356.d.837B383E7EFFD415A8A5C02C8BCA7C40.e.7520"}]}
COMMAND: POST /session/8695070d5a47df2563e3bdc8364ee49b/element - {"using":"xpath","value":"(//bdi[contains(text(), \"Close\")])[1]"}
COMMAND: POST /session/8695070d5a47df2563e3bdc8364ee49b/elements - {"using":"xpath","value":"//span[contains(@class, \"sapMMsgBoxText\")]"}
COMMAND: GET /session/8695070d5a47df2563e3bdc8364ee49b/screenshot - {}
RESULT: {"using":"xpath","value":"//span[contains(@class, \"sapMMsgBoxText\")]"}
RESULT: {"using":"xpath","value":"(//bdi[contains(text(), \"Close\")])[1]"}
COMMAND: POST /session/8695070d5a47df2563e3bdc8364ee49b/element/f.C2FBE1F9D69D7A7D8F7D3E73BC2E8356.d.837B383E7EFFD415A8A5C02C8BCA7C40.e.7521/click - {}
RESULT: {}
RESULT: {}
COMMAND: GET /session/8695070d5a47df2563e3bdc8364ee49b/screenshot - {}
RESULT: {}
COMMAND: POST /session/8695070d5a47df2563e3bdc8364ee49b/element - {"using":"css selector","value":"#shell-header-logo"}
RESULT: {"using":"css selector","value":"#shell-header-logo"}
COMMAND: POST /session/8695070d5a47df2563e3bdc8364ee49b/element/f.C2FBE1F9D69D7A7D8F7D3E73BC2E8356.d.837B383E7EFFD415A8A5C02C8BCA7C40.e.7037/click - {}
RESULT: {}
COMMAND: GET /session/8695070d5a47df2563e3bdc8364ee49b/screenshot - {}
RESULT: {}
]]></system-out>
    </testcase>
    <testcase classname="chrome.136_0_7103_93.windows.Partner_specific_tests_US150819_US151080_US151654_US151176_US103444_US151078_US151079_US151109_US151174_US151175_US151189" name="Should do various searches US151175" time="159.63">
      <system-out><![CDATA[
COMMAND: POST /session/8695070d5a47df2563e3bdc8364ee49b/element - {"using":"xpath","value":"//li[.//span[text()=\"Manage Partners\"]]"}
RESULT: {"using":"xpath","value":"//li[.//span[text()=\"Manage Partners\"]]"}
COMMAND: POST /session/8695070d5a47df2563e3bdc8364ee49b/element - {"using":"xpath","value":"//li[.//span[text()=\"Manage Partners\"]]"}
RESULT: {"using":"xpath","value":"//li[.//span[text()=\"Manage Partners\"]]"}
COMMAND: POST /session/8695070d5a47df2563e3bdc8364ee49b/element - {"using":"css selector","value":"#shell-header-logo"}
RESULT: {"using":"css selector","value":"#shell-header-logo"}
COMMAND: POST /session/8695070d5a47df2563e3bdc8364ee49b/element/f.C2FBE1F9D69D7A7D8F7D3E73BC2E8356.d.837B383E7EFFD415A8A5C02C8BCA7C40.e.7523/click - {}
COMMAND: POST /session/8695070d5a47df2563e3bdc8364ee49b/execute/sync - {"script":"<script> [8489 bytes]","args":[{"element-6066-11e4-a52e-4f735466cecf":"f.C2FBE1F9D69D7A7D8F7D3E73BC2E8356.d.837B383E7EFFD415A8A5C02C8BCA7C40.e.7523","ELEMENT":"f.C2FBE1F9D69D7A7D8F7D3E73BC2E8356.d.837B383E7EFFD415A8A5C02C8BCA7C40.e.7523"}]}
RESULT: {}
COMMAND: GET /session/8695070d5a47df2563e3bdc8364ee49b/screenshot - {}
RESULT: {"script":"<script> [8489 bytes]","args":[{"element-6066-11e4-a52e-4f735466cecf":"f.C2FBE1F9D69D7A7D8F7D3E73BC2E8356.d.837B383E7EFFD415A8A5C02C8BCA7C40.e.7523","ELEMENT":"f.C2FBE1F9D69D7A7D8F7D3E73BC2E8356.d.837B383E7EFFD415A8A5C02C8BCA7C40.e.7523"}]}
COMMAND: POST /session/8695070d5a47df2563e3bdc8364ee49b/execute/sync - {"script":"<script> [5351 bytes]","args":[{"element-6066-11e4-a52e-4f735466cecf":"f.C2FBE1F9D69D7A7D8F7D3E73BC2E8356.d.837B383E7EFFD415A8A5C02C8BCA7C40.e.7523","ELEMENT":"f.C2FBE1F9D69D7A7D8F7D3E73BC2E8356.d.837B383E7EFFD415A8A5C02C8BCA7C40.e.7523"}]}
COMMAND: GET /session/8695070d5a47df2563e3bdc8364ee49b/screenshot - {}
RESULT: {}
RESULT: {"script":"<script> [5351 bytes]","args":[{"element-6066-11e4-a52e-4f735466cecf":"f.C2FBE1F9D69D7A7D8F7D3E73BC2E8356.d.837B383E7EFFD415A8A5C02C8BCA7C40.e.7523","ELEMENT":"f.C2FBE1F9D69D7A7D8F7D3E73BC2E8356.d.837B383E7EFFD415A8A5C02C8BCA7C40.e.7523"}]}
COMMAND: GET /session/8695070d5a47df2563e3bdc8364ee49b/screenshot - {}
RESULT: {}
RESULT: {}
RESULT: undefined
COMMAND: POST /session/8695070d5a47df2563e3bdc8364ee49b/element - {"using":"xpath","value":"//*[@id=\"__tile30\"]"}
RESULT: {"using":"xpath","value":"//*[@id=\"__tile30\"]"}
COMMAND: POST /session/8695070d5a47df2563e3bdc8364ee49b/element/f.C2FBE1F9D69D7A7D8F7D3E73BC2E8356.d.837B383E7EFFD415A8A5C02C8BCA7C40.e.4448/click - {}
RESULT: {}
COMMAND: GET /session/8695070d5a47df2563e3bdc8364ee49b/screenshot - {}
RESULT: {}
COMMAND: POST /session/8695070d5a47df2563e3bdc8364ee49b/elements - {"using":"xpath","value":"//span[text()='Error']"}
RESULT: {"using":"xpath","value":"//span[text()='Error']"}
COMMAND: POST /session/8695070d5a47df2563e3bdc8364ee49b/element - {"using":"xpath","value":"//button[@data-kt=\"addButton\"]"}
RESULT: {"using":"xpath","value":"//button[@data-kt=\"addButton\"]"}
COMMAND: POST /session/8695070d5a47df2563e3bdc8364ee49b/elements - {"using":"xpath","value":"//button[@data-kt=\"addButton\"]"}
RESULT: {"using":"xpath","value":"//button[@data-kt=\"addButton\"]"}
COMMAND: POST /session/8695070d5a47df2563e3bdc8364ee49b/execute/sync - {"script":"<script> [8489 bytes]","args":[{"element-6066-11e4-a52e-4f735466cecf":"f.C2FBE1F9D69D7A7D8F7D3E73BC2E8356.d.837B383E7EFFD415A8A5C02C8BCA7C40.e.7568","ELEMENT":"f.C2FBE1F9D69D7A7D8F7D3E73BC2E8356.d.837B383E7EFFD415A8A5C02C8BCA7C40.e.7568"}]}
RESULT: {"script":"<script> [8489 bytes]","args":[{"element-6066-11e4-a52e-4f735466cecf":"f.C2FBE1F9D69D7A7D8F7D3E73BC2E8356.d.837B383E7EFFD415A8A5C02C8BCA7C40.e.7568","ELEMENT":"f.C2FBE1F9D69D7A7D8F7D3E73BC2E8356.d.837B383E7EFFD415A8A5C02C8BCA7C40.e.7568"}]}
COMMAND: GET /session/8695070d5a47df2563e3bdc8364ee49b/element/f.C2FBE1F9D69D7A7D8F7D3E73BC2E8356.d.837B383E7EFFD415A8A5C02C8BCA7C40.e.7568/enabled - {}
COMMAND: GET /session/8695070d5a47df2563e3bdc8364ee49b/screenshot - {}
RESULT: {}
COMMAND: POST /session/8695070d5a47df2563e3bdc8364ee49b/execute/sync - {"script":"<script> [8489 bytes]","args":[{"element-6066-11e4-a52e-4f735466cecf":"f.C2FBE1F9D69D7A7D8F7D3E73BC2E8356.d.837B383E7EFFD415A8A5C02C8BCA7C40.e.7568","ELEMENT":"f.C2FBE1F9D69D7A7D8F7D3E73BC2E8356.d.837B383E7EFFD415A8A5C02C8BCA7C40.e.7568"}]}
COMMAND: GET /session/8695070d5a47df2563e3bdc8364ee49b/screenshot - {}
RESULT: {}
RESULT: {"script":"<script> [8489 bytes]","args":[{"element-6066-11e4-a52e-4f735466cecf":"f.C2FBE1F9D69D7A7D8F7D3E73BC2E8356.d.837B383E7EFFD415A8A5C02C8BCA7C40.e.7568","ELEMENT":"f.C2FBE1F9D69D7A7D8F7D3E73BC2E8356.d.837B383E7EFFD415A8A5C02C8BCA7C40.e.7568"}]}
COMMAND: POST /session/8695070d5a47df2563e3bdc8364ee49b/execute/sync - {"script":"<script> [5351 bytes]","args":[{"element-6066-11e4-a52e-4f735466cecf":"f.C2FBE1F9D69D7A7D8F7D3E73BC2E8356.d.837B383E7EFFD415A8A5C02C8BCA7C40.e.7568","ELEMENT":"f.C2FBE1F9D69D7A7D8F7D3E73BC2E8356.d.837B383E7EFFD415A8A5C02C8BCA7C40.e.7568"}]}
COMMAND: GET /session/8695070d5a47df2563e3bdc8364ee49b/screenshot - {}
RESULT: {}
RESULT: {"script":"<script> [5351 bytes]","args":[{"element-6066-11e4-a52e-4f735466cecf":"f.C2FBE1F9D69D7A7D8F7D3E73BC2E8356.d.837B383E7EFFD415A8A5C02C8BCA7C40.e.7568","ELEMENT":"f.C2FBE1F9D69D7A7D8F7D3E73BC2E8356.d.837B383E7EFFD415A8A5C02C8BCA7C40.e.7568"}]}
COMMAND: GET /session/8695070d5a47df2563e3bdc8364ee49b/screenshot - {}
RESULT: {}
RESULT: {}
COMMAND: POST /session/8695070d5a47df2563e3bdc8364ee49b/element - {"using":"xpath","value":"//span[@id=\"application-managepartners-display-component---masterPtm--smartTable-header-inner\"]"}
RESULT: {"using":"xpath","value":"//span[@id=\"application-managepartners-display-component---masterPtm--smartTable-header-inner\"]"}
COMMAND: POST /session/8695070d5a47df2563e3bdc8364ee49b/elements - {"using":"xpath","value":"//span[@id=\"application-managepartners-display-component---masterPtm--smartTable-header-inner\"]"}
RESULT: {"using":"xpath","value":"//span[@id=\"application-managepartners-display-component---masterPtm--smartTable-header-inner\"]"}
COMMAND: POST /session/8695070d5a47df2563e3bdc8364ee49b/execute/sync - {"script":"<script> [56 bytes]","args":[{"element-6066-11e4-a52e-4f735466cecf":"f.C2FBE1F9D69D7A7D8F7D3E73BC2E8356.d.837B383E7EFFD415A8A5C02C8BCA7C40.e.7692","ELEMENT":"f.C2FBE1F9D69D7A7D8F7D3E73BC2E8356.d.837B383E7EFFD415A8A5C02C8BCA7C40.e.7692"}]}
RESULT: {"script":"<script> [56 bytes]","args":[{"element-6066-11e4-a52e-4f735466cecf":"f.C2FBE1F9D69D7A7D8F7D3E73BC2E8356.d.837B383E7EFFD415A8A5C02C8BCA7C40.e.7692","ELEMENT":"f.C2FBE1F9D69D7A7D8F7D3E73BC2E8356.d.837B383E7EFFD415A8A5C02C8BCA7C40.e.7692"}]}
RESULT: undefined
COMMAND: POST /session/8695070d5a47df2563e3bdc8364ee49b/element - {"using":"xpath","value":"//*[@id=\"application-managepartners-display-component---masterPtm--smartFilterBar-btnFilters\"]"}
COMMAND: GET /session/8695070d5a47df2563e3bdc8364ee49b/screenshot - {}
RESULT: {"using":"xpath","value":"//*[@id=\"application-managepartners-display-component---masterPtm--smartFilterBar-btnFilters\"]"}
COMMAND: POST /session/8695070d5a47df2563e3bdc8364ee49b/element/f.C2FBE1F9D69D7A7D8F7D3E73BC2E8356.d.837B383E7EFFD415A8A5C02C8BCA7C40.e.7533/click - {}
RESULT: {}
RESULT: {}
COMMAND: GET /session/8695070d5a47df2563e3bdc8364ee49b/screenshot - {}
RESULT: {}
COMMAND: POST /session/8695070d5a47df2563e3bdc8364ee49b/elements - {"using":"xpath","value":"//table[contains(@id, \"listView-innerSelectionPanelTable-listUl\")]/tbody/tr"}
RESULT: {"using":"xpath","value":"//table[contains(@id, \"listView-innerSelectionPanelTable-listUl\")]/tbody/tr"}
COMMAND: POST /session/8695070d5a47df2563e3bdc8364ee49b/element - {"using":"xpath","value":"//table[contains(@id, \"listView-innerSelectionPanelTable-listUl\")]/tbody/tr[2]/td[2]/div/div"}
RESULT: {"using":"xpath","value":"//table[contains(@id, \"listView-innerSelectionPanelTable-listUl\")]/tbody/tr[2]/td[2]/div/div"}
COMMAND: POST /session/8695070d5a47df2563e3bdc8364ee49b/element - {"using":"xpath","value":"//table[contains(@id, \"listView-innerSelectionPanelTable-listUl\")]/tbody/tr[2]/td[2]/div"}
RESULT: {"using":"xpath","value":"//table[contains(@id, \"listView-innerSelectionPanelTable-listUl\")]/tbody/tr[2]/td[2]/div"}
COMMAND: POST /session/8695070d5a47df2563e3bdc8364ee49b/element - {"using":"xpath","value":"//table[contains(@id, \"listView-innerSelectionPanelTable-listUl\")]/tbody/tr[2]/td[3]/div/div/span/span[1]/bdi"}
RESULT: {"using":"xpath","value":"//table[contains(@id, \"listView-innerSelectionPanelTable-listUl\")]/tbody/tr[2]/td[3]/div/div/span/span[1]/bdi"}
COMMAND: POST /session/8695070d5a47df2563e3bdc8364ee49b/execute/sync - {"script":"<script> [56 bytes]","args":[{"element-6066-11e4-a52e-4f735466cecf":"f.C2FBE1F9D69D7A7D8F7D3E73BC2E8356.d.837B383E7EFFD415A8A5C02C8BCA7C40.e.7760","ELEMENT":"f.C2FBE1F9D69D7A7D8F7D3E73BC2E8356.d.837B383E7EFFD415A8A5C02C8BCA7C40.e.7760"}]}
RESULT: {"script":"<script> [56 bytes]","args":[{"element-6066-11e4-a52e-4f735466cecf":"f.C2FBE1F9D69D7A7D8F7D3E73BC2E8356.d.837B383E7EFFD415A8A5C02C8BCA7C40.e.7760","ELEMENT":"f.C2FBE1F9D69D7A7D8F7D3E73BC2E8356.d.837B383E7EFFD415A8A5C02C8BCA7C40.e.7760"}]}
COMMAND: GET /session/8695070d5a47df2563e3bdc8364ee49b/element/f.C2FBE1F9D69D7A7D8F7D3E73BC2E8356.d.837B383E7EFFD415A8A5C02C8BCA7C40.e.7759/attribute/aria-checked - {}
COMMAND: GET /session/8695070d5a47df2563e3bdc8364ee49b/screenshot - {}
RESULT: {}
COMMAND: POST /session/8695070d5a47df2563e3bdc8364ee49b/element - {"using":"xpath","value":"//table[contains(@id, \"listView-innerSelectionPanelTable-listUl\")]/tbody/tr[3]/td[2]/div/div"}
RESULT: {}
RESULT: {"using":"xpath","value":"//table[contains(@id, \"listView-innerSelectionPanelTable-listUl\")]/tbody/tr[3]/td[2]/div/div"}
COMMAND: POST /session/8695070d5a47df2563e3bdc8364ee49b/element - {"using":"xpath","value":"//table[contains(@id, \"listView-innerSelectionPanelTable-listUl\")]/tbody/tr[3]/td[2]/div"}
RESULT: {"using":"xpath","value":"//table[contains(@id, \"listView-innerSelectionPanelTable-listUl\")]/tbody/tr[3]/td[2]/div"}
COMMAND: POST /session/8695070d5a47df2563e3bdc8364ee49b/element - {"using":"xpath","value":"//table[contains(@id, \"listView-innerSelectionPanelTable-listUl\")]/tbody/tr[3]/td[3]/div/div/span/span[1]/bdi"}
RESULT: {"using":"xpath","value":"//table[contains(@id, \"listView-innerSelectionPanelTable-listUl\")]/tbody/tr[3]/td[3]/div/div/span/span[1]/bdi"}
COMMAND: POST /session/8695070d5a47df2563e3bdc8364ee49b/execute/sync - {"script":"<script> [56 bytes]","args":[{"element-6066-11e4-a52e-4f735466cecf":"f.C2FBE1F9D69D7A7D8F7D3E73BC2E8356.d.837B383E7EFFD415A8A5C02C8BCA7C40.e.7763","ELEMENT":"f.C2FBE1F9D69D7A7D8F7D3E73BC2E8356.d.837B383E7EFFD415A8A5C02C8BCA7C40.e.7763"}]}
RESULT: {"script":"<script> [56 bytes]","args":[{"element-6066-11e4-a52e-4f735466cecf":"f.C2FBE1F9D69D7A7D8F7D3E73BC2E8356.d.837B383E7EFFD415A8A5C02C8BCA7C40.e.7763","ELEMENT":"f.C2FBE1F9D69D7A7D8F7D3E73BC2E8356.d.837B383E7EFFD415A8A5C02C8BCA7C40.e.7763"}]}
COMMAND: GET /session/8695070d5a47df2563e3bdc8364ee49b/element/f.C2FBE1F9D69D7A7D8F7D3E73BC2E8356.d.837B383E7EFFD415A8A5C02C8BCA7C40.e.7762/attribute/aria-checked - {}
COMMAND: GET /session/8695070d5a47df2563e3bdc8364ee49b/screenshot - {}
RESULT: {}
COMMAND: POST /session/8695070d5a47df2563e3bdc8364ee49b/element - {"using":"xpath","value":"//table[contains(@id, \"listView-innerSelectionPanelTable-listUl\")]/tbody/tr[4]/td[2]/div/div"}
RESULT: {}
RESULT: {"using":"xpath","value":"//table[contains(@id, \"listView-innerSelectionPanelTable-listUl\")]/tbody/tr[4]/td[2]/div/div"}
COMMAND: POST /session/8695070d5a47df2563e3bdc8364ee49b/element - {"using":"xpath","value":"//table[contains(@id, \"listView-innerSelectionPanelTable-listUl\")]/tbody/tr[4]/td[2]/div"}
RESULT: {"using":"xpath","value":"//table[contains(@id, \"listView-innerSelectionPanelTable-listUl\")]/tbody/tr[4]/td[2]/div"}
COMMAND: POST /session/8695070d5a47df2563e3bdc8364ee49b/element - {"using":"xpath","value":"//table[contains(@id, \"listView-innerSelectionPanelTable-listUl\")]/tbody/tr[4]/td[3]/div/div/span/span[1]/bdi"}
RESULT: {"using":"xpath","value":"//table[contains(@id, \"listView-innerSelectionPanelTable-listUl\")]/tbody/tr[4]/td[3]/div/div/span/span[1]/bdi"}
COMMAND: POST /session/8695070d5a47df2563e3bdc8364ee49b/execute/sync - {"script":"<script> [56 bytes]","args":[{"element-6066-11e4-a52e-4f735466cecf":"f.C2FBE1F9D69D7A7D8F7D3E73BC2E8356.d.837B383E7EFFD415A8A5C02C8BCA7C40.e.7766","ELEMENT":"f.C2FBE1F9D69D7A7D8F7D3E73BC2E8356.d.837B383E7EFFD415A8A5C02C8BCA7C40.e.7766"}]}
RESULT: {"script":"<script> [56 bytes]","args":[{"element-6066-11e4-a52e-4f735466cecf":"f.C2FBE1F9D69D7A7D8F7D3E73BC2E8356.d.837B383E7EFFD415A8A5C02C8BCA7C40.e.7766","ELEMENT":"f.C2FBE1F9D69D7A7D8F7D3E73BC2E8356.d.837B383E7EFFD415A8A5C02C8BCA7C40.e.7766"}]}
COMMAND: GET /session/8695070d5a47df2563e3bdc8364ee49b/element/f.C2FBE1F9D69D7A7D8F7D3E73BC2E8356.d.837B383E7EFFD415A8A5C02C8BCA7C40.e.7765/attribute/aria-checked - {}
COMMAND: GET /session/8695070d5a47df2563e3bdc8364ee49b/screenshot - {}
RESULT: {}
COMMAND: POST /session/8695070d5a47df2563e3bdc8364ee49b/element - {"using":"xpath","value":"//table[contains(@id, \"listView-innerSelectionPanelTable-listUl\")]/tbody/tr[5]/td[2]/div/div"}
RESULT: {}
RESULT: {"using":"xpath","value":"//table[contains(@id, \"listView-innerSelectionPanelTable-listUl\")]/tbody/tr[5]/td[2]/div/div"}
COMMAND: POST /session/8695070d5a47df2563e3bdc8364ee49b/element - {"using":"xpath","value":"//table[contains(@id, \"listView-innerSelectionPanelTable-listUl\")]/tbody/tr[5]/td[2]/div"}
RESULT: {"using":"xpath","value":"//table[contains(@id, \"listView-innerSelectionPanelTable-listUl\")]/tbody/tr[5]/td[2]/div"}
COMMAND: POST /session/8695070d5a47df2563e3bdc8364ee49b/element - {"using":"xpath","value":"//table[contains(@id, \"listView-innerSelectionPanelTable-listUl\")]/tbody/tr[5]/td[3]/div/div/span/span[1]/bdi"}
RESULT: {"using":"xpath","value":"//table[contains(@id, \"listView-innerSelectionPanelTable-listUl\")]/tbody/tr[5]/td[3]/div/div/span/span[1]/bdi"}
COMMAND: POST /session/8695070d5a47df2563e3bdc8364ee49b/execute/sync - {"script":"<script> [56 bytes]","args":[{"element-6066-11e4-a52e-4f735466cecf":"f.C2FBE1F9D69D7A7D8F7D3E73BC2E8356.d.837B383E7EFFD415A8A5C02C8BCA7C40.e.7769","ELEMENT":"f.C2FBE1F9D69D7A7D8F7D3E73BC2E8356.d.837B383E7EFFD415A8A5C02C8BCA7C40.e.7769"}]}
RESULT: {"script":"<script> [56 bytes]","args":[{"element-6066-11e4-a52e-4f735466cecf":"f.C2FBE1F9D69D7A7D8F7D3E73BC2E8356.d.837B383E7EFFD415A8A5C02C8BCA7C40.e.7769","ELEMENT":"f.C2FBE1F9D69D7A7D8F7D3E73BC2E8356.d.837B383E7EFFD415A8A5C02C8BCA7C40.e.7769"}]}
COMMAND: GET /session/8695070d5a47df2563e3bdc8364ee49b/element/f.C2FBE1F9D69D7A7D8F7D3E73BC2E8356.d.837B383E7EFFD415A8A5C02C8BCA7C40.e.7768/attribute/aria-checked - {}
COMMAND: GET /session/8695070d5a47df2563e3bdc8364ee49b/screenshot - {}
RESULT: {}
COMMAND: POST /session/8695070d5a47df2563e3bdc8364ee49b/element - {"using":"xpath","value":"//table[contains(@id, \"listView-innerSelectionPanelTable-listUl\")]/tbody/tr[6]/td[2]/div/div"}
RESULT: {}
RESULT: {"using":"xpath","value":"//table[contains(@id, \"listView-innerSelectionPanelTable-listUl\")]/tbody/tr[6]/td[2]/div/div"}
COMMAND: POST /session/8695070d5a47df2563e3bdc8364ee49b/element - {"using":"xpath","value":"//table[contains(@id, \"listView-innerSelectionPanelTable-listUl\")]/tbody/tr[6]/td[2]/div"}
RESULT: {"using":"xpath","value":"//table[contains(@id, \"listView-innerSelectionPanelTable-listUl\")]/tbody/tr[6]/td[2]/div"}
COMMAND: POST /session/8695070d5a47df2563e3bdc8364ee49b/element - {"using":"xpath","value":"//table[contains(@id, \"listView-innerSelectionPanelTable-listUl\")]/tbody/tr[6]/td[3]/div/div/span/span[1]/bdi"}
RESULT: {"using":"xpath","value":"//table[contains(@id, \"listView-innerSelectionPanelTable-listUl\")]/tbody/tr[6]/td[3]/div/div/span/span[1]/bdi"}
COMMAND: POST /session/8695070d5a47df2563e3bdc8364ee49b/execute/sync - {"script":"<script> [56 bytes]","args":[{"element-6066-11e4-a52e-4f735466cecf":"f.C2FBE1F9D69D7A7D8F7D3E73BC2E8356.d.837B383E7EFFD415A8A5C02C8BCA7C40.e.7772","ELEMENT":"f.C2FBE1F9D69D7A7D8F7D3E73BC2E8356.d.837B383E7EFFD415A8A5C02C8BCA7C40.e.7772"}]}
RESULT: {"script":"<script> [56 bytes]","args":[{"element-6066-11e4-a52e-4f735466cecf":"f.C2FBE1F9D69D7A7D8F7D3E73BC2E8356.d.837B383E7EFFD415A8A5C02C8BCA7C40.e.7772","ELEMENT":"f.C2FBE1F9D69D7A7D8F7D3E73BC2E8356.d.837B383E7EFFD415A8A5C02C8BCA7C40.e.7772"}]}
COMMAND: GET /session/8695070d5a47df2563e3bdc8364ee49b/element/f.C2FBE1F9D69D7A7D8F7D3E73BC2E8356.d.837B383E7EFFD415A8A5C02C8BCA7C40.e.7771/attribute/aria-checked - {}
COMMAND: GET /session/8695070d5a47df2563e3bdc8364ee49b/screenshot - {}
RESULT: {}
COMMAND: POST /session/8695070d5a47df2563e3bdc8364ee49b/element - {"using":"xpath","value":"//table[contains(@id, \"listView-innerSelectionPanelTable-listUl\")]/tbody/tr[7]/td[2]/div/div"}
RESULT: {}
RESULT: {"using":"xpath","value":"//table[contains(@id, \"listView-innerSelectionPanelTable-listUl\")]/tbody/tr[7]/td[2]/div/div"}
COMMAND: POST /session/8695070d5a47df2563e3bdc8364ee49b/element - {"using":"xpath","value":"//table[contains(@id, \"listView-innerSelectionPanelTable-listUl\")]/tbody/tr[7]/td[2]/div"}
RESULT: {"using":"xpath","value":"//table[contains(@id, \"listView-innerSelectionPanelTable-listUl\")]/tbody/tr[7]/td[2]/div"}
COMMAND: POST /session/8695070d5a47df2563e3bdc8364ee49b/element - {"using":"xpath","value":"//table[contains(@id, \"listView-innerSelectionPanelTable-listUl\")]/tbody/tr[7]/td[3]/div/div/span/span[1]/bdi"}
RESULT: {"using":"xpath","value":"//table[contains(@id, \"listView-innerSelectionPanelTable-listUl\")]/tbody/tr[7]/td[3]/div/div/span/span[1]/bdi"}
COMMAND: POST /session/8695070d5a47df2563e3bdc8364ee49b/execute/sync - {"script":"<script> [56 bytes]","args":[{"element-6066-11e4-a52e-4f735466cecf":"f.C2FBE1F9D69D7A7D8F7D3E73BC2E8356.d.837B383E7EFFD415A8A5C02C8BCA7C40.e.7775","ELEMENT":"f.C2FBE1F9D69D7A7D8F7D3E73BC2E8356.d.837B383E7EFFD415A8A5C02C8BCA7C40.e.7775"}]}
RESULT: {"script":"<script> [56 bytes]","args":[{"element-6066-11e4-a52e-4f735466cecf":"f.C2FBE1F9D69D7A7D8F7D3E73BC2E8356.d.837B383E7EFFD415A8A5C02C8BCA7C40.e.7775","ELEMENT":"f.C2FBE1F9D69D7A7D8F7D3E73BC2E8356.d.837B383E7EFFD415A8A5C02C8BCA7C40.e.7775"}]}
COMMAND: GET /session/8695070d5a47df2563e3bdc8364ee49b/element/f.C2FBE1F9D69D7A7D8F7D3E73BC2E8356.d.837B383E7EFFD415A8A5C02C8BCA7C40.e.7774/attribute/aria-checked - {}
COMMAND: GET /session/8695070d5a47df2563e3bdc8364ee49b/screenshot - {}
RESULT: {}
COMMAND: POST /session/8695070d5a47df2563e3bdc8364ee49b/element - {"using":"xpath","value":"//table[contains(@id, \"listView-innerSelectionPanelTable-listUl\")]/tbody/tr[8]/td[2]/div/div"}
RESULT: {}
RESULT: {"using":"xpath","value":"//table[contains(@id, \"listView-innerSelectionPanelTable-listUl\")]/tbody/tr[8]/td[2]/div/div"}
COMMAND: POST /session/8695070d5a47df2563e3bdc8364ee49b/element - {"using":"xpath","value":"//table[contains(@id, \"listView-innerSelectionPanelTable-listUl\")]/tbody/tr[8]/td[2]/div"}
RESULT: {"using":"xpath","value":"//table[contains(@id, \"listView-innerSelectionPanelTable-listUl\")]/tbody/tr[8]/td[2]/div"}
COMMAND: POST /session/8695070d5a47df2563e3bdc8364ee49b/element - {"using":"xpath","value":"//table[contains(@id, \"listView-innerSelectionPanelTable-listUl\")]/tbody/tr[8]/td[3]/div/div/span/span[1]/bdi"}
RESULT: {"using":"xpath","value":"//table[contains(@id, \"listView-innerSelectionPanelTable-listUl\")]/tbody/tr[8]/td[3]/div/div/span/span[1]/bdi"}
COMMAND: POST /session/8695070d5a47df2563e3bdc8364ee49b/execute/sync - {"script":"<script> [56 bytes]","args":[{"element-6066-11e4-a52e-4f735466cecf":"f.C2FBE1F9D69D7A7D8F7D3E73BC2E8356.d.837B383E7EFFD415A8A5C02C8BCA7C40.e.7778","ELEMENT":"f.C2FBE1F9D69D7A7D8F7D3E73BC2E8356.d.837B383E7EFFD415A8A5C02C8BCA7C40.e.7778"}]}
RESULT: {"script":"<script> [56 bytes]","args":[{"element-6066-11e4-a52e-4f735466cecf":"f.C2FBE1F9D69D7A7D8F7D3E73BC2E8356.d.837B383E7EFFD415A8A5C02C8BCA7C40.e.7778","ELEMENT":"f.C2FBE1F9D69D7A7D8F7D3E73BC2E8356.d.837B383E7EFFD415A8A5C02C8BCA7C40.e.7778"}]}
COMMAND: GET /session/8695070d5a47df2563e3bdc8364ee49b/element/f.C2FBE1F9D69D7A7D8F7D3E73BC2E8356.d.837B383E7EFFD415A8A5C02C8BCA7C40.e.7777/attribute/aria-checked - {}
COMMAND: GET /session/8695070d5a47df2563e3bdc8364ee49b/screenshot - {}
RESULT: {}
COMMAND: POST /session/8695070d5a47df2563e3bdc8364ee49b/element - {"using":"xpath","value":"//table[contains(@id, \"listView-innerSelectionPanelTable-listUl\")]/tbody/tr[9]/td[2]/div/div"}
RESULT: {}
RESULT: {"using":"xpath","value":"//table[contains(@id, \"listView-innerSelectionPanelTable-listUl\")]/tbody/tr[9]/td[2]/div/div"}
COMMAND: POST /session/8695070d5a47df2563e3bdc8364ee49b/element - {"using":"xpath","value":"//table[contains(@id, \"listView-innerSelectionPanelTable-listUl\")]/tbody/tr[9]/td[2]/div"}
RESULT: {"using":"xpath","value":"//table[contains(@id, \"listView-innerSelectionPanelTable-listUl\")]/tbody/tr[9]/td[2]/div"}
COMMAND: POST /session/8695070d5a47df2563e3bdc8364ee49b/element - {"using":"xpath","value":"//table[contains(@id, \"listView-innerSelectionPanelTable-listUl\")]/tbody/tr[9]/td[3]/div/div/span/span[1]/bdi"}
RESULT: {"using":"xpath","value":"//table[contains(@id, \"listView-innerSelectionPanelTable-listUl\")]/tbody/tr[9]/td[3]/div/div/span/span[1]/bdi"}
COMMAND: POST /session/8695070d5a47df2563e3bdc8364ee49b/execute/sync - {"script":"<script> [56 bytes]","args":[{"element-6066-11e4-a52e-4f735466cecf":"f.C2FBE1F9D69D7A7D8F7D3E73BC2E8356.d.837B383E7EFFD415A8A5C02C8BCA7C40.e.7781","ELEMENT":"f.C2FBE1F9D69D7A7D8F7D3E73BC2E8356.d.837B383E7EFFD415A8A5C02C8BCA7C40.e.7781"}]}
RESULT: {"script":"<script> [56 bytes]","args":[{"element-6066-11e4-a52e-4f735466cecf":"f.C2FBE1F9D69D7A7D8F7D3E73BC2E8356.d.837B383E7EFFD415A8A5C02C8BCA7C40.e.7781","ELEMENT":"f.C2FBE1F9D69D7A7D8F7D3E73BC2E8356.d.837B383E7EFFD415A8A5C02C8BCA7C40.e.7781"}]}
COMMAND: GET /session/8695070d5a47df2563e3bdc8364ee49b/element/f.C2FBE1F9D69D7A7D8F7D3E73BC2E8356.d.837B383E7EFFD415A8A5C02C8BCA7C40.e.7780/attribute/aria-checked - {}
COMMAND: GET /session/8695070d5a47df2563e3bdc8364ee49b/screenshot - {}
RESULT: {}
COMMAND: POST /session/8695070d5a47df2563e3bdc8364ee49b/element - {"using":"xpath","value":"//table[contains(@id, \"listView-innerSelectionPanelTable-listUl\")]/tbody/tr[10]/td[2]/div/div"}
RESULT: {}
RESULT: {"using":"xpath","value":"//table[contains(@id, \"listView-innerSelectionPanelTable-listUl\")]/tbody/tr[10]/td[2]/div/div"}
COMMAND: POST /session/8695070d5a47df2563e3bdc8364ee49b/element - {"using":"xpath","value":"//table[contains(@id, \"listView-innerSelectionPanelTable-listUl\")]/tbody/tr[10]/td[2]/div"}
RESULT: {"using":"xpath","value":"//table[contains(@id, \"listView-innerSelectionPanelTable-listUl\")]/tbody/tr[10]/td[2]/div"}
COMMAND: POST /session/8695070d5a47df2563e3bdc8364ee49b/element - {"using":"xpath","value":"//table[contains(@id, \"listView-innerSelectionPanelTable-listUl\")]/tbody/tr[10]/td[3]/div/div/span/span[1]/bdi"}
RESULT: {"using":"xpath","value":"//table[contains(@id, \"listView-innerSelectionPanelTable-listUl\")]/tbody/tr[10]/td[3]/div/div/span/span[1]/bdi"}
COMMAND: POST /session/8695070d5a47df2563e3bdc8364ee49b/execute/sync - {"script":"<script> [56 bytes]","args":[{"element-6066-11e4-a52e-4f735466cecf":"f.C2FBE1F9D69D7A7D8F7D3E73BC2E8356.d.837B383E7EFFD415A8A5C02C8BCA7C40.e.7784","ELEMENT":"f.C2FBE1F9D69D7A7D8F7D3E73BC2E8356.d.837B383E7EFFD415A8A5C02C8BCA7C40.e.7784"}]}
RESULT: {"script":"<script> [56 bytes]","args":[{"element-6066-11e4-a52e-4f735466cecf":"f.C2FBE1F9D69D7A7D8F7D3E73BC2E8356.d.837B383E7EFFD415A8A5C02C8BCA7C40.e.7784","ELEMENT":"f.C2FBE1F9D69D7A7D8F7D3E73BC2E8356.d.837B383E7EFFD415A8A5C02C8BCA7C40.e.7784"}]}
COMMAND: GET /session/8695070d5a47df2563e3bdc8364ee49b/element/f.C2FBE1F9D69D7A7D8F7D3E73BC2E8356.d.837B383E7EFFD415A8A5C02C8BCA7C40.e.7783/attribute/aria-checked - {}
COMMAND: GET /session/8695070d5a47df2563e3bdc8364ee49b/screenshot - {}
RESULT: {}
COMMAND: POST /session/8695070d5a47df2563e3bdc8364ee49b/element - {"using":"xpath","value":"//table[contains(@id, \"listView-innerSelectionPanelTable-listUl\")]/tbody/tr[11]/td[2]/div/div"}
RESULT: {}
RESULT: {"using":"xpath","value":"//table[contains(@id, \"listView-innerSelectionPanelTable-listUl\")]/tbody/tr[11]/td[2]/div/div"}
COMMAND: POST /session/8695070d5a47df2563e3bdc8364ee49b/element - {"using":"xpath","value":"//table[contains(@id, \"listView-innerSelectionPanelTable-listUl\")]/tbody/tr[11]/td[2]/div"}
RESULT: {"using":"xpath","value":"//table[contains(@id, \"listView-innerSelectionPanelTable-listUl\")]/tbody/tr[11]/td[2]/div"}
COMMAND: POST /session/8695070d5a47df2563e3bdc8364ee49b/element - {"using":"xpath","value":"//table[contains(@id, \"listView-innerSelectionPanelTable-listUl\")]/tbody/tr[11]/td[3]/div/div/span/span[1]/bdi"}
RESULT: {"using":"xpath","value":"//table[contains(@id, \"listView-innerSelectionPanelTable-listUl\")]/tbody/tr[11]/td[3]/div/div/span/span[1]/bdi"}
COMMAND: POST /session/8695070d5a47df2563e3bdc8364ee49b/execute/sync - {"script":"<script> [56 bytes]","args":[{"element-6066-11e4-a52e-4f735466cecf":"f.C2FBE1F9D69D7A7D8F7D3E73BC2E8356.d.837B383E7EFFD415A8A5C02C8BCA7C40.e.7787","ELEMENT":"f.C2FBE1F9D69D7A7D8F7D3E73BC2E8356.d.837B383E7EFFD415A8A5C02C8BCA7C40.e.7787"}]}
RESULT: {"script":"<script> [56 bytes]","args":[{"element-6066-11e4-a52e-4f735466cecf":"f.C2FBE1F9D69D7A7D8F7D3E73BC2E8356.d.837B383E7EFFD415A8A5C02C8BCA7C40.e.7787","ELEMENT":"f.C2FBE1F9D69D7A7D8F7D3E73BC2E8356.d.837B383E7EFFD415A8A5C02C8BCA7C40.e.7787"}]}
COMMAND: GET /session/8695070d5a47df2563e3bdc8364ee49b/element/f.C2FBE1F9D69D7A7D8F7D3E73BC2E8356.d.837B383E7EFFD415A8A5C02C8BCA7C40.e.7786/attribute/aria-checked - {}
COMMAND: GET /session/8695070d5a47df2563e3bdc8364ee49b/screenshot - {}
RESULT: {}
COMMAND: POST /session/8695070d5a47df2563e3bdc8364ee49b/element - {"using":"xpath","value":"//table[contains(@id, \"listView-innerSelectionPanelTable-listUl\")]/tbody/tr[12]/td[2]/div/div"}
RESULT: {}
RESULT: {"using":"xpath","value":"//table[contains(@id, \"listView-innerSelectionPanelTable-listUl\")]/tbody/tr[12]/td[2]/div/div"}
COMMAND: POST /session/8695070d5a47df2563e3bdc8364ee49b/element - {"using":"xpath","value":"//table[contains(@id, \"listView-innerSelectionPanelTable-listUl\")]/tbody/tr[12]/td[2]/div"}
RESULT: {"using":"xpath","value":"//table[contains(@id, \"listView-innerSelectionPanelTable-listUl\")]/tbody/tr[12]/td[2]/div"}
COMMAND: POST /session/8695070d5a47df2563e3bdc8364ee49b/element - {"using":"xpath","value":"//table[contains(@id, \"listView-innerSelectionPanelTable-listUl\")]/tbody/tr[12]/td[3]/div/div/span/span[1]/bdi"}
RESULT: {"using":"xpath","value":"//table[contains(@id, \"listView-innerSelectionPanelTable-listUl\")]/tbody/tr[12]/td[3]/div/div/span/span[1]/bdi"}
COMMAND: POST /session/8695070d5a47df2563e3bdc8364ee49b/execute/sync - {"script":"<script> [56 bytes]","args":[{"element-6066-11e4-a52e-4f735466cecf":"f.C2FBE1F9D69D7A7D8F7D3E73BC2E8356.d.837B383E7EFFD415A8A5C02C8BCA7C40.e.7790","ELEMENT":"f.C2FBE1F9D69D7A7D8F7D3E73BC2E8356.d.837B383E7EFFD415A8A5C02C8BCA7C40.e.7790"}]}
RESULT: {"script":"<script> [56 bytes]","args":[{"element-6066-11e4-a52e-4f735466cecf":"f.C2FBE1F9D69D7A7D8F7D3E73BC2E8356.d.837B383E7EFFD415A8A5C02C8BCA7C40.e.7790","ELEMENT":"f.C2FBE1F9D69D7A7D8F7D3E73BC2E8356.d.837B383E7EFFD415A8A5C02C8BCA7C40.e.7790"}]}
COMMAND: GET /session/8695070d5a47df2563e3bdc8364ee49b/element/f.C2FBE1F9D69D7A7D8F7D3E73BC2E8356.d.837B383E7EFFD415A8A5C02C8BCA7C40.e.7789/attribute/aria-checked - {}
COMMAND: GET /session/8695070d5a47df2563e3bdc8364ee49b/screenshot - {}
RESULT: {}
COMMAND: POST /session/8695070d5a47df2563e3bdc8364ee49b/element - {"using":"xpath","value":"//table[contains(@id, \"listView-innerSelectionPanelTable-listUl\")]/tbody/tr[13]/td[2]/div/div"}
RESULT: {}
RESULT: {"using":"xpath","value":"//table[contains(@id, \"listView-innerSelectionPanelTable-listUl\")]/tbody/tr[13]/td[2]/div/div"}
COMMAND: POST /session/8695070d5a47df2563e3bdc8364ee49b/element - {"using":"xpath","value":"//table[contains(@id, \"listView-innerSelectionPanelTable-listUl\")]/tbody/tr[13]/td[2]/div"}
RESULT: {"using":"xpath","value":"//table[contains(@id, \"listView-innerSelectionPanelTable-listUl\")]/tbody/tr[13]/td[2]/div"}
COMMAND: POST /session/8695070d5a47df2563e3bdc8364ee49b/element - {"using":"xpath","value":"//table[contains(@id, \"listView-innerSelectionPanelTable-listUl\")]/tbody/tr[13]/td[3]/div/div/span/span[1]/bdi"}
RESULT: {"using":"xpath","value":"//table[contains(@id, \"listView-innerSelectionPanelTable-listUl\")]/tbody/tr[13]/td[3]/div/div/span/span[1]/bdi"}
COMMAND: POST /session/8695070d5a47df2563e3bdc8364ee49b/execute/sync - {"script":"<script> [56 bytes]","args":[{"element-6066-11e4-a52e-4f735466cecf":"f.C2FBE1F9D69D7A7D8F7D3E73BC2E8356.d.837B383E7EFFD415A8A5C02C8BCA7C40.e.7793","ELEMENT":"f.C2FBE1F9D69D7A7D8F7D3E73BC2E8356.d.837B383E7EFFD415A8A5C02C8BCA7C40.e.7793"}]}
RESULT: {"script":"<script> [56 bytes]","args":[{"element-6066-11e4-a52e-4f735466cecf":"f.C2FBE1F9D69D7A7D8F7D3E73BC2E8356.d.837B383E7EFFD415A8A5C02C8BCA7C40.e.7793","ELEMENT":"f.C2FBE1F9D69D7A7D8F7D3E73BC2E8356.d.837B383E7EFFD415A8A5C02C8BCA7C40.e.7793"}]}
COMMAND: GET /session/8695070d5a47df2563e3bdc8364ee49b/element/f.C2FBE1F9D69D7A7D8F7D3E73BC2E8356.d.837B383E7EFFD415A8A5C02C8BCA7C40.e.7792/attribute/aria-checked - {}
COMMAND: GET /session/8695070d5a47df2563e3bdc8364ee49b/screenshot - {}
RESULT: {}
COMMAND: POST /session/8695070d5a47df2563e3bdc8364ee49b/element - {"using":"xpath","value":"//table[contains(@id, \"listView-innerSelectionPanelTable-listUl\")]/tbody/tr[14]/td[2]/div/div"}
RESULT: {}
RESULT: {"using":"xpath","value":"//table[contains(@id, \"listView-innerSelectionPanelTable-listUl\")]/tbody/tr[14]/td[2]/div/div"}
COMMAND: POST /session/8695070d5a47df2563e3bdc8364ee49b/element - {"using":"xpath","value":"//table[contains(@id, \"listView-innerSelectionPanelTable-listUl\")]/tbody/tr[14]/td[2]/div"}
RESULT: {"using":"xpath","value":"//table[contains(@id, \"listView-innerSelectionPanelTable-listUl\")]/tbody/tr[14]/td[2]/div"}
COMMAND: POST /session/8695070d5a47df2563e3bdc8364ee49b/element - {"using":"xpath","value":"//table[contains(@id, \"listView-innerSelectionPanelTable-listUl\")]/tbody/tr[14]/td[3]/div/div/span/span[1]/bdi"}
RESULT: {"using":"xpath","value":"//table[contains(@id, \"listView-innerSelectionPanelTable-listUl\")]/tbody/tr[14]/td[3]/div/div/span/span[1]/bdi"}
COMMAND: POST /session/8695070d5a47df2563e3bdc8364ee49b/execute/sync - {"script":"<script> [56 bytes]","args":[{"element-6066-11e4-a52e-4f735466cecf":"f.C2FBE1F9D69D7A7D8F7D3E73BC2E8356.d.837B383E7EFFD415A8A5C02C8BCA7C40.e.7796","ELEMENT":"f.C2FBE1F9D69D7A7D8F7D3E73BC2E8356.d.837B383E7EFFD415A8A5C02C8BCA7C40.e.7796"}]}
RESULT: {"script":"<script> [56 bytes]","args":[{"element-6066-11e4-a52e-4f735466cecf":"f.C2FBE1F9D69D7A7D8F7D3E73BC2E8356.d.837B383E7EFFD415A8A5C02C8BCA7C40.e.7796","ELEMENT":"f.C2FBE1F9D69D7A7D8F7D3E73BC2E8356.d.837B383E7EFFD415A8A5C02C8BCA7C40.e.7796"}]}
COMMAND: GET /session/8695070d5a47df2563e3bdc8364ee49b/element/f.C2FBE1F9D69D7A7D8F7D3E73BC2E8356.d.837B383E7EFFD415A8A5C02C8BCA7C40.e.7795/attribute/aria-checked - {}
COMMAND: GET /session/8695070d5a47df2563e3bdc8364ee49b/screenshot - {}
RESULT: {}
COMMAND: POST /session/8695070d5a47df2563e3bdc8364ee49b/element - {"using":"xpath","value":"//table[contains(@id, \"listView-innerSelectionPanelTable-listUl\")]/tbody/tr[15]/td[2]/div/div"}
RESULT: {}
RESULT: {"using":"xpath","value":"//table[contains(@id, \"listView-innerSelectionPanelTable-listUl\")]/tbody/tr[15]/td[2]/div/div"}
COMMAND: POST /session/8695070d5a47df2563e3bdc8364ee49b/element - {"using":"xpath","value":"//table[contains(@id, \"listView-innerSelectionPanelTable-listUl\")]/tbody/tr[15]/td[2]/div"}
RESULT: {"using":"xpath","value":"//table[contains(@id, \"listView-innerSelectionPanelTable-listUl\")]/tbody/tr[15]/td[2]/div"}
COMMAND: POST /session/8695070d5a47df2563e3bdc8364ee49b/element - {"using":"xpath","value":"//table[contains(@id, \"listView-innerSelectionPanelTable-listUl\")]/tbody/tr[15]/td[3]/div/div/span/span[1]/bdi"}
RESULT: {"using":"xpath","value":"//table[contains(@id, \"listView-innerSelectionPanelTable-listUl\")]/tbody/tr[15]/td[3]/div/div/span/span[1]/bdi"}
COMMAND: POST /session/8695070d5a47df2563e3bdc8364ee49b/execute/sync - {"script":"<script> [56 bytes]","args":[{"element-6066-11e4-a52e-4f735466cecf":"f.C2FBE1F9D69D7A7D8F7D3E73BC2E8356.d.837B383E7EFFD415A8A5C02C8BCA7C40.e.7799","ELEMENT":"f.C2FBE1F9D69D7A7D8F7D3E73BC2E8356.d.837B383E7EFFD415A8A5C02C8BCA7C40.e.7799"}]}
RESULT: {"script":"<script> [56 bytes]","args":[{"element-6066-11e4-a52e-4f735466cecf":"f.C2FBE1F9D69D7A7D8F7D3E73BC2E8356.d.837B383E7EFFD415A8A5C02C8BCA7C40.e.7799","ELEMENT":"f.C2FBE1F9D69D7A7D8F7D3E73BC2E8356.d.837B383E7EFFD415A8A5C02C8BCA7C40.e.7799"}]}
COMMAND: GET /session/8695070d5a47df2563e3bdc8364ee49b/element/f.C2FBE1F9D69D7A7D8F7D3E73BC2E8356.d.837B383E7EFFD415A8A5C02C8BCA7C40.e.7798/attribute/aria-checked - {}
COMMAND: GET /session/8695070d5a47df2563e3bdc8364ee49b/screenshot - {}
RESULT: {}
COMMAND: POST /session/8695070d5a47df2563e3bdc8364ee49b/element - {"using":"xpath","value":"//table[contains(@id, \"listView-innerSelectionPanelTable-listUl\")]/tbody/tr[16]/td[2]/div/div"}
RESULT: {}
RESULT: {"using":"xpath","value":"//table[contains(@id, \"listView-innerSelectionPanelTable-listUl\")]/tbody/tr[16]/td[2]/div/div"}
COMMAND: POST /session/8695070d5a47df2563e3bdc8364ee49b/element - {"using":"xpath","value":"//table[contains(@id, \"listView-innerSelectionPanelTable-listUl\")]/tbody/tr[16]/td[2]/div"}
RESULT: {"using":"xpath","value":"//table[contains(@id, \"listView-innerSelectionPanelTable-listUl\")]/tbody/tr[16]/td[2]/div"}
COMMAND: POST /session/8695070d5a47df2563e3bdc8364ee49b/element - {"using":"xpath","value":"//table[contains(@id, \"listView-innerSelectionPanelTable-listUl\")]/tbody/tr[16]/td[3]/div/div/span/span[1]/bdi"}
RESULT: {"using":"xpath","value":"//table[contains(@id, \"listView-innerSelectionPanelTable-listUl\")]/tbody/tr[16]/td[3]/div/div/span/span[1]/bdi"}
COMMAND: POST /session/8695070d5a47df2563e3bdc8364ee49b/execute/sync - {"script":"<script> [56 bytes]","args":[{"element-6066-11e4-a52e-4f735466cecf":"f.C2FBE1F9D69D7A7D8F7D3E73BC2E8356.d.837B383E7EFFD415A8A5C02C8BCA7C40.e.7802","ELEMENT":"f.C2FBE1F9D69D7A7D8F7D3E73BC2E8356.d.837B383E7EFFD415A8A5C02C8BCA7C40.e.7802"}]}
RESULT: {"script":"<script> [56 bytes]","args":[{"element-6066-11e4-a52e-4f735466cecf":"f.C2FBE1F9D69D7A7D8F7D3E73BC2E8356.d.837B383E7EFFD415A8A5C02C8BCA7C40.e.7802","ELEMENT":"f.C2FBE1F9D69D7A7D8F7D3E73BC2E8356.d.837B383E7EFFD415A8A5C02C8BCA7C40.e.7802"}]}
COMMAND: GET /session/8695070d5a47df2563e3bdc8364ee49b/element/f.C2FBE1F9D69D7A7D8F7D3E73BC2E8356.d.837B383E7EFFD415A8A5C02C8BCA7C40.e.7801/attribute/aria-checked - {}
COMMAND: GET /session/8695070d5a47df2563e3bdc8364ee49b/screenshot - {}
RESULT: {}
COMMAND: POST /session/8695070d5a47df2563e3bdc8364ee49b/element - {"using":"xpath","value":"//table[contains(@id, \"listView-innerSelectionPanelTable-listUl\")]/tbody/tr[17]/td[2]/div/div"}
RESULT: {}
RESULT: {"using":"xpath","value":"//table[contains(@id, \"listView-innerSelectionPanelTable-listUl\")]/tbody/tr[17]/td[2]/div/div"}
COMMAND: POST /session/8695070d5a47df2563e3bdc8364ee49b/element - {"using":"xpath","value":"//table[contains(@id, \"listView-innerSelectionPanelTable-listUl\")]/tbody/tr[17]/td[2]/div"}
RESULT: {"using":"xpath","value":"//table[contains(@id, \"listView-innerSelectionPanelTable-listUl\")]/tbody/tr[17]/td[2]/div"}
COMMAND: POST /session/8695070d5a47df2563e3bdc8364ee49b/element - {"using":"xpath","value":"//table[contains(@id, \"listView-innerSelectionPanelTable-listUl\")]/tbody/tr[17]/td[3]/div/div/span/span[1]/bdi"}
RESULT: {"using":"xpath","value":"//table[contains(@id, \"listView-innerSelectionPanelTable-listUl\")]/tbody/tr[17]/td[3]/div/div/span/span[1]/bdi"}
COMMAND: POST /session/8695070d5a47df2563e3bdc8364ee49b/execute/sync - {"script":"<script> [56 bytes]","args":[{"element-6066-11e4-a52e-4f735466cecf":"f.C2FBE1F9D69D7A7D8F7D3E73BC2E8356.d.837B383E7EFFD415A8A5C02C8BCA7C40.e.7805","ELEMENT":"f.C2FBE1F9D69D7A7D8F7D3E73BC2E8356.d.837B383E7EFFD415A8A5C02C8BCA7C40.e.7805"}]}
RESULT: {"script":"<script> [56 bytes]","args":[{"element-6066-11e4-a52e-4f735466cecf":"f.C2FBE1F9D69D7A7D8F7D3E73BC2E8356.d.837B383E7EFFD415A8A5C02C8BCA7C40.e.7805","ELEMENT":"f.C2FBE1F9D69D7A7D8F7D3E73BC2E8356.d.837B383E7EFFD415A8A5C02C8BCA7C40.e.7805"}]}
COMMAND: GET /session/8695070d5a47df2563e3bdc8364ee49b/element/f.C2FBE1F9D69D7A7D8F7D3E73BC2E8356.d.837B383E7EFFD415A8A5C02C8BCA7C40.e.7804/attribute/aria-checked - {}
COMMAND: GET /session/8695070d5a47df2563e3bdc8364ee49b/screenshot - {}
RESULT: {}
COMMAND: POST /session/8695070d5a47df2563e3bdc8364ee49b/element - {"using":"xpath","value":"//table[contains(@id, \"listView-innerSelectionPanelTable-listUl\")]/tbody/tr[18]/td[2]/div/div"}
RESULT: {}
RESULT: {"using":"xpath","value":"//table[contains(@id, \"listView-innerSelectionPanelTable-listUl\")]/tbody/tr[18]/td[2]/div/div"}
COMMAND: POST /session/8695070d5a47df2563e3bdc8364ee49b/element - {"using":"xpath","value":"//table[contains(@id, \"listView-innerSelectionPanelTable-listUl\")]/tbody/tr[18]/td[2]/div"}
RESULT: {"using":"xpath","value":"//table[contains(@id, \"listView-innerSelectionPanelTable-listUl\")]/tbody/tr[18]/td[2]/div"}
COMMAND: POST /session/8695070d5a47df2563e3bdc8364ee49b/element - {"using":"xpath","value":"//table[contains(@id, \"listView-innerSelectionPanelTable-listUl\")]/tbody/tr[18]/td[3]/div/div/span/span[1]/bdi"}
RESULT: {"using":"xpath","value":"//table[contains(@id, \"listView-innerSelectionPanelTable-listUl\")]/tbody/tr[18]/td[3]/div/div/span/span[1]/bdi"}
COMMAND: POST /session/8695070d5a47df2563e3bdc8364ee49b/execute/sync - {"script":"<script> [56 bytes]","args":[{"element-6066-11e4-a52e-4f735466cecf":"f.C2FBE1F9D69D7A7D8F7D3E73BC2E8356.d.837B383E7EFFD415A8A5C02C8BCA7C40.e.7808","ELEMENT":"f.C2FBE1F9D69D7A7D8F7D3E73BC2E8356.d.837B383E7EFFD415A8A5C02C8BCA7C40.e.7808"}]}
RESULT: {"script":"<script> [56 bytes]","args":[{"element-6066-11e4-a52e-4f735466cecf":"f.C2FBE1F9D69D7A7D8F7D3E73BC2E8356.d.837B383E7EFFD415A8A5C02C8BCA7C40.e.7808","ELEMENT":"f.C2FBE1F9D69D7A7D8F7D3E73BC2E8356.d.837B383E7EFFD415A8A5C02C8BCA7C40.e.7808"}]}
COMMAND: GET /session/8695070d5a47df2563e3bdc8364ee49b/element/f.C2FBE1F9D69D7A7D8F7D3E73BC2E8356.d.837B383E7EFFD415A8A5C02C8BCA7C40.e.7807/attribute/aria-checked - {}
COMMAND: GET /session/8695070d5a47df2563e3bdc8364ee49b/screenshot - {}
RESULT: {}
COMMAND: POST /session/8695070d5a47df2563e3bdc8364ee49b/element - {"using":"xpath","value":"//table[contains(@id, \"listView-innerSelectionPanelTable-listUl\")]/tbody/tr[19]/td[2]/div/div"}
RESULT: {}
RESULT: {"using":"xpath","value":"//table[contains(@id, \"listView-innerSelectionPanelTable-listUl\")]/tbody/tr[19]/td[2]/div/div"}
COMMAND: POST /session/8695070d5a47df2563e3bdc8364ee49b/element - {"using":"xpath","value":"//table[contains(@id, \"listView-innerSelectionPanelTable-listUl\")]/tbody/tr[19]/td[2]/div"}
RESULT: {"using":"xpath","value":"//table[contains(@id, \"listView-innerSelectionPanelTable-listUl\")]/tbody/tr[19]/td[2]/div"}
COMMAND: POST /session/8695070d5a47df2563e3bdc8364ee49b/element - {"using":"xpath","value":"//table[contains(@id, \"listView-innerSelectionPanelTable-listUl\")]/tbody/tr[19]/td[3]/div/div/span/span[1]/bdi"}
RESULT: {"using":"xpath","value":"//table[contains(@id, \"listView-innerSelectionPanelTable-listUl\")]/tbody/tr[19]/td[3]/div/div/span/span[1]/bdi"}
COMMAND: POST /session/8695070d5a47df2563e3bdc8364ee49b/execute/sync - {"script":"<script> [56 bytes]","args":[{"element-6066-11e4-a52e-4f735466cecf":"f.C2FBE1F9D69D7A7D8F7D3E73BC2E8356.d.837B383E7EFFD415A8A5C02C8BCA7C40.e.7811","ELEMENT":"f.C2FBE1F9D69D7A7D8F7D3E73BC2E8356.d.837B383E7EFFD415A8A5C02C8BCA7C40.e.7811"}]}
RESULT: {"script":"<script> [56 bytes]","args":[{"element-6066-11e4-a52e-4f735466cecf":"f.C2FBE1F9D69D7A7D8F7D3E73BC2E8356.d.837B383E7EFFD415A8A5C02C8BCA7C40.e.7811","ELEMENT":"f.C2FBE1F9D69D7A7D8F7D3E73BC2E8356.d.837B383E7EFFD415A8A5C02C8BCA7C40.e.7811"}]}
COMMAND: GET /session/8695070d5a47df2563e3bdc8364ee49b/element/f.C2FBE1F9D69D7A7D8F7D3E73BC2E8356.d.837B383E7EFFD415A8A5C02C8BCA7C40.e.7810/attribute/aria-checked - {}
COMMAND: GET /session/8695070d5a47df2563e3bdc8364ee49b/screenshot - {}
RESULT: {}
COMMAND: POST /session/8695070d5a47df2563e3bdc8364ee49b/element - {"using":"xpath","value":"//table[contains(@id, \"listView-innerSelectionPanelTable-listUl\")]/tbody/tr[20]/td[2]/div/div"}
RESULT: {}
RESULT: {"using":"xpath","value":"//table[contains(@id, \"listView-innerSelectionPanelTable-listUl\")]/tbody/tr[20]/td[2]/div/div"}
COMMAND: POST /session/8695070d5a47df2563e3bdc8364ee49b/element - {"using":"xpath","value":"//table[contains(@id, \"listView-innerSelectionPanelTable-listUl\")]/tbody/tr[20]/td[2]/div"}
RESULT: {"using":"xpath","value":"//table[contains(@id, \"listView-innerSelectionPanelTable-listUl\")]/tbody/tr[20]/td[2]/div"}
COMMAND: POST /session/8695070d5a47df2563e3bdc8364ee49b/element - {"using":"xpath","value":"//table[contains(@id, \"listView-innerSelectionPanelTable-listUl\")]/tbody/tr[20]/td[3]/div/div/span/span[1]/bdi"}
RESULT: {"using":"xpath","value":"//table[contains(@id, \"listView-innerSelectionPanelTable-listUl\")]/tbody/tr[20]/td[3]/div/div/span/span[1]/bdi"}
COMMAND: POST /session/8695070d5a47df2563e3bdc8364ee49b/execute/sync - {"script":"<script> [56 bytes]","args":[{"element-6066-11e4-a52e-4f735466cecf":"f.C2FBE1F9D69D7A7D8F7D3E73BC2E8356.d.837B383E7EFFD415A8A5C02C8BCA7C40.e.7814","ELEMENT":"f.C2FBE1F9D69D7A7D8F7D3E73BC2E8356.d.837B383E7EFFD415A8A5C02C8BCA7C40.e.7814"}]}
RESULT: {"script":"<script> [56 bytes]","args":[{"element-6066-11e4-a52e-4f735466cecf":"f.C2FBE1F9D69D7A7D8F7D3E73BC2E8356.d.837B383E7EFFD415A8A5C02C8BCA7C40.e.7814","ELEMENT":"f.C2FBE1F9D69D7A7D8F7D3E73BC2E8356.d.837B383E7EFFD415A8A5C02C8BCA7C40.e.7814"}]}
COMMAND: GET /session/8695070d5a47df2563e3bdc8364ee49b/element/f.C2FBE1F9D69D7A7D8F7D3E73BC2E8356.d.837B383E7EFFD415A8A5C02C8BCA7C40.e.7813/attribute/aria-checked - {}
COMMAND: GET /session/8695070d5a47df2563e3bdc8364ee49b/screenshot - {}
RESULT: {}
COMMAND: POST /session/8695070d5a47df2563e3bdc8364ee49b/element - {"using":"xpath","value":"//table[contains(@id, \"listView-innerSelectionPanelTable-listUl\")]/tbody/tr[21]/td[2]/div/div"}
COMMAND: POST /session/8695070d5a47df2563e3bdc8364ee49b/element/f.C2FBE1F9D69D7A7D8F7D3E73BC2E8356.d.837B383E7EFFD415A8A5C02C8BCA7C40.e.7812/click - {}
RESULT: {}
RESULT: {}
COMMAND: GET /session/8695070d5a47df2563e3bdc8364ee49b/screenshot - {}
RESULT: {"using":"xpath","value":"//table[contains(@id, \"listView-innerSelectionPanelTable-listUl\")]/tbody/tr[21]/td[2]/div/div"}
COMMAND: POST /session/8695070d5a47df2563e3bdc8364ee49b/element - {"using":"xpath","value":"//table[contains(@id, \"listView-innerSelectionPanelTable-listUl\")]/tbody/tr[21]/td[2]/div"}
RESULT: {}
RESULT: {"using":"xpath","value":"//table[contains(@id, \"listView-innerSelectionPanelTable-listUl\")]/tbody/tr[21]/td[2]/div"}
COMMAND: POST /session/8695070d5a47df2563e3bdc8364ee49b/element - {"using":"xpath","value":"//table[contains(@id, \"listView-innerSelectionPanelTable-listUl\")]/tbody/tr[21]/td[3]/div/div/span/span[1]/bdi"}
RESULT: {"using":"xpath","value":"//table[contains(@id, \"listView-innerSelectionPanelTable-listUl\")]/tbody/tr[21]/td[3]/div/div/span/span[1]/bdi"}
COMMAND: POST /session/8695070d5a47df2563e3bdc8364ee49b/execute/sync - {"script":"<script> [56 bytes]","args":[{"element-6066-11e4-a52e-4f735466cecf":"f.C2FBE1F9D69D7A7D8F7D3E73BC2E8356.d.837B383E7EFFD415A8A5C02C8BCA7C40.e.7820","ELEMENT":"f.C2FBE1F9D69D7A7D8F7D3E73BC2E8356.d.837B383E7EFFD415A8A5C02C8BCA7C40.e.7820"}]}
RESULT: {"script":"<script> [56 bytes]","args":[{"element-6066-11e4-a52e-4f735466cecf":"f.C2FBE1F9D69D7A7D8F7D3E73BC2E8356.d.837B383E7EFFD415A8A5C02C8BCA7C40.e.7820","ELEMENT":"f.C2FBE1F9D69D7A7D8F7D3E73BC2E8356.d.837B383E7EFFD415A8A5C02C8BCA7C40.e.7820"}]}
COMMAND: GET /session/8695070d5a47df2563e3bdc8364ee49b/element/f.C2FBE1F9D69D7A7D8F7D3E73BC2E8356.d.837B383E7EFFD415A8A5C02C8BCA7C40.e.7819/attribute/aria-checked - {}
COMMAND: GET /session/8695070d5a47df2563e3bdc8364ee49b/screenshot - {}
RESULT: {}
COMMAND: POST /session/8695070d5a47df2563e3bdc8364ee49b/element - {"using":"xpath","value":"//table[contains(@id, \"listView-innerSelectionPanelTable-listUl\")]/tbody/tr[22]/td[2]/div/div"}
COMMAND: POST /session/8695070d5a47df2563e3bdc8364ee49b/element/f.C2FBE1F9D69D7A7D8F7D3E73BC2E8356.d.837B383E7EFFD415A8A5C02C8BCA7C40.e.7818/click - {}
RESULT: {}
RESULT: {}
COMMAND: GET /session/8695070d5a47df2563e3bdc8364ee49b/screenshot - {}
RESULT: {"using":"xpath","value":"//table[contains(@id, \"listView-innerSelectionPanelTable-listUl\")]/tbody/tr[22]/td[2]/div/div"}
COMMAND: POST /session/8695070d5a47df2563e3bdc8364ee49b/element - {"using":"xpath","value":"//table[contains(@id, \"listView-innerSelectionPanelTable-listUl\")]/tbody/tr[22]/td[2]/div"}
RESULT: {}
RESULT: {"using":"xpath","value":"//table[contains(@id, \"listView-innerSelectionPanelTable-listUl\")]/tbody/tr[22]/td[2]/div"}
COMMAND: POST /session/8695070d5a47df2563e3bdc8364ee49b/element - {"using":"xpath","value":"//table[contains(@id, \"listView-innerSelectionPanelTable-listUl\")]/tbody/tr[22]/td[3]/div/div/span/span[1]/bdi"}
RESULT: {"using":"xpath","value":"//table[contains(@id, \"listView-innerSelectionPanelTable-listUl\")]/tbody/tr[22]/td[3]/div/div/span/span[1]/bdi"}
COMMAND: POST /session/8695070d5a47df2563e3bdc8364ee49b/execute/sync - {"script":"<script> [56 bytes]","args":[{"element-6066-11e4-a52e-4f735466cecf":"f.C2FBE1F9D69D7A7D8F7D3E73BC2E8356.d.837B383E7EFFD415A8A5C02C8BCA7C40.e.7824","ELEMENT":"f.C2FBE1F9D69D7A7D8F7D3E73BC2E8356.d.837B383E7EFFD415A8A5C02C8BCA7C40.e.7824"}]}
RESULT: {"script":"<script> [56 bytes]","args":[{"element-6066-11e4-a52e-4f735466cecf":"f.C2FBE1F9D69D7A7D8F7D3E73BC2E8356.d.837B383E7EFFD415A8A5C02C8BCA7C40.e.7824","ELEMENT":"f.C2FBE1F9D69D7A7D8F7D3E73BC2E8356.d.837B383E7EFFD415A8A5C02C8BCA7C40.e.7824"}]}
COMMAND: GET /session/8695070d5a47df2563e3bdc8364ee49b/element/f.C2FBE1F9D69D7A7D8F7D3E73BC2E8356.d.837B383E7EFFD415A8A5C02C8BCA7C40.e.7823/attribute/aria-checked - {}
COMMAND: GET /session/8695070d5a47df2563e3bdc8364ee49b/screenshot - {}
RESULT: {}
COMMAND: POST /session/8695070d5a47df2563e3bdc8364ee49b/element - {"using":"xpath","value":"//table[contains(@id, \"listView-innerSelectionPanelTable-listUl\")]/tbody/tr[23]/td[2]/div/div"}
RESULT: {}
RESULT: {"using":"xpath","value":"//table[contains(@id, \"listView-innerSelectionPanelTable-listUl\")]/tbody/tr[23]/td[2]/div/div"}
COMMAND: POST /session/8695070d5a47df2563e3bdc8364ee49b/element - {"using":"xpath","value":"//table[contains(@id, \"listView-innerSelectionPanelTable-listUl\")]/tbody/tr[23]/td[2]/div"}
RESULT: {"using":"xpath","value":"//table[contains(@id, \"listView-innerSelectionPanelTable-listUl\")]/tbody/tr[23]/td[2]/div"}
COMMAND: POST /session/8695070d5a47df2563e3bdc8364ee49b/element - {"using":"xpath","value":"//table[contains(@id, \"listView-innerSelectionPanelTable-listUl\")]/tbody/tr[23]/td[3]/div/div/span/span[1]/bdi"}
RESULT: {"using":"xpath","value":"//table[contains(@id, \"listView-innerSelectionPanelTable-listUl\")]/tbody/tr[23]/td[3]/div/div/span/span[1]/bdi"}
COMMAND: POST /session/8695070d5a47df2563e3bdc8364ee49b/execute/sync - {"script":"<script> [56 bytes]","args":[{"element-6066-11e4-a52e-4f735466cecf":"f.C2FBE1F9D69D7A7D8F7D3E73BC2E8356.d.837B383E7EFFD415A8A5C02C8BCA7C40.e.7827","ELEMENT":"f.C2FBE1F9D69D7A7D8F7D3E73BC2E8356.d.837B383E7EFFD415A8A5C02C8BCA7C40.e.7827"}]}
RESULT: {"script":"<script> [56 bytes]","args":[{"element-6066-11e4-a52e-4f735466cecf":"f.C2FBE1F9D69D7A7D8F7D3E73BC2E8356.d.837B383E7EFFD415A8A5C02C8BCA7C40.e.7827","ELEMENT":"f.C2FBE1F9D69D7A7D8F7D3E73BC2E8356.d.837B383E7EFFD415A8A5C02C8BCA7C40.e.7827"}]}
COMMAND: GET /session/8695070d5a47df2563e3bdc8364ee49b/element/f.C2FBE1F9D69D7A7D8F7D3E73BC2E8356.d.837B383E7EFFD415A8A5C02C8BCA7C40.e.7826/attribute/aria-checked - {}
COMMAND: GET /session/8695070d5a47df2563e3bdc8364ee49b/screenshot - {}
RESULT: {}
COMMAND: POST /session/8695070d5a47df2563e3bdc8364ee49b/element - {"using":"xpath","value":"//table[contains(@id, \"listView-innerSelectionPanelTable-listUl\")]/tbody/tr[24]/td[2]/div/div"}
RESULT: {}
RESULT: {"using":"xpath","value":"//table[contains(@id, \"listView-innerSelectionPanelTable-listUl\")]/tbody/tr[24]/td[2]/div/div"}
COMMAND: POST /session/8695070d5a47df2563e3bdc8364ee49b/element - {"using":"xpath","value":"//table[contains(@id, \"listView-innerSelectionPanelTable-listUl\")]/tbody/tr[24]/td[2]/div"}
RESULT: {"using":"xpath","value":"//table[contains(@id, \"listView-innerSelectionPanelTable-listUl\")]/tbody/tr[24]/td[2]/div"}
COMMAND: POST /session/8695070d5a47df2563e3bdc8364ee49b/element - {"using":"xpath","value":"//table[contains(@id, \"listView-innerSelectionPanelTable-listUl\")]/tbody/tr[24]/td[3]/div/div/span/span[1]/bdi"}
RESULT: {"using":"xpath","value":"//table[contains(@id, \"listView-innerSelectionPanelTable-listUl\")]/tbody/tr[24]/td[3]/div/div/span/span[1]/bdi"}
COMMAND: POST /session/8695070d5a47df2563e3bdc8364ee49b/execute/sync - {"script":"<script> [56 bytes]","args":[{"element-6066-11e4-a52e-4f735466cecf":"f.C2FBE1F9D69D7A7D8F7D3E73BC2E8356.d.837B383E7EFFD415A8A5C02C8BCA7C40.e.7830","ELEMENT":"f.C2FBE1F9D69D7A7D8F7D3E73BC2E8356.d.837B383E7EFFD415A8A5C02C8BCA7C40.e.7830"}]}
RESULT: {"script":"<script> [56 bytes]","args":[{"element-6066-11e4-a52e-4f735466cecf":"f.C2FBE1F9D69D7A7D8F7D3E73BC2E8356.d.837B383E7EFFD415A8A5C02C8BCA7C40.e.7830","ELEMENT":"f.C2FBE1F9D69D7A7D8F7D3E73BC2E8356.d.837B383E7EFFD415A8A5C02C8BCA7C40.e.7830"}]}
COMMAND: GET /session/8695070d5a47df2563e3bdc8364ee49b/element/f.C2FBE1F9D69D7A7D8F7D3E73BC2E8356.d.837B383E7EFFD415A8A5C02C8BCA7C40.e.7829/attribute/aria-checked - {}
COMMAND: GET /session/8695070d5a47df2563e3bdc8364ee49b/screenshot - {}
RESULT: {}
COMMAND: POST /session/8695070d5a47df2563e3bdc8364ee49b/element - {"using":"xpath","value":"//table[contains(@id, \"listView-innerSelectionPanelTable-listUl\")]/tbody/tr[25]/td[2]/div/div"}
RESULT: {}
RESULT: {"using":"xpath","value":"//table[contains(@id, \"listView-innerSelectionPanelTable-listUl\")]/tbody/tr[25]/td[2]/div/div"}
COMMAND: POST /session/8695070d5a47df2563e3bdc8364ee49b/element - {"using":"xpath","value":"//table[contains(@id, \"listView-innerSelectionPanelTable-listUl\")]/tbody/tr[25]/td[2]/div"}
RESULT: {"using":"xpath","value":"//table[contains(@id, \"listView-innerSelectionPanelTable-listUl\")]/tbody/tr[25]/td[2]/div"}
COMMAND: POST /session/8695070d5a47df2563e3bdc8364ee49b/element - {"using":"xpath","value":"//table[contains(@id, \"listView-innerSelectionPanelTable-listUl\")]/tbody/tr[25]/td[3]/div/div/span/span[1]/bdi"}
RESULT: {"using":"xpath","value":"//table[contains(@id, \"listView-innerSelectionPanelTable-listUl\")]/tbody/tr[25]/td[3]/div/div/span/span[1]/bdi"}
COMMAND: POST /session/8695070d5a47df2563e3bdc8364ee49b/execute/sync - {"script":"<script> [56 bytes]","args":[{"element-6066-11e4-a52e-4f735466cecf":"f.C2FBE1F9D69D7A7D8F7D3E73BC2E8356.d.837B383E7EFFD415A8A5C02C8BCA7C40.e.7833","ELEMENT":"f.C2FBE1F9D69D7A7D8F7D3E73BC2E8356.d.837B383E7EFFD415A8A5C02C8BCA7C40.e.7833"}]}
RESULT: {"script":"<script> [56 bytes]","args":[{"element-6066-11e4-a52e-4f735466cecf":"f.C2FBE1F9D69D7A7D8F7D3E73BC2E8356.d.837B383E7EFFD415A8A5C02C8BCA7C40.e.7833","ELEMENT":"f.C2FBE1F9D69D7A7D8F7D3E73BC2E8356.d.837B383E7EFFD415A8A5C02C8BCA7C40.e.7833"}]}
COMMAND: GET /session/8695070d5a47df2563e3bdc8364ee49b/element/f.C2FBE1F9D69D7A7D8F7D3E73BC2E8356.d.837B383E7EFFD415A8A5C02C8BCA7C40.e.7832/attribute/aria-checked - {}
COMMAND: GET /session/8695070d5a47df2563e3bdc8364ee49b/screenshot - {}
RESULT: {}
COMMAND: POST /session/8695070d5a47df2563e3bdc8364ee49b/element - {"using":"xpath","value":"//bdi[contains(text(), \"OK\")]"}
RESULT: {}
RESULT: {"using":"xpath","value":"//bdi[contains(text(), \"OK\")]"}
COMMAND: POST /session/8695070d5a47df2563e3bdc8364ee49b/element/f.C2FBE1F9D69D7A7D8F7D3E73BC2E8356.d.837B383E7EFFD415A8A5C02C8BCA7C40.e.7834/click - {}
RESULT: {}
COMMAND: GET /session/8695070d5a47df2563e3bdc8364ee49b/screenshot - {}
RESULT: {}
COMMAND: POST /session/8695070d5a47df2563e3bdc8364ee49b/execute/async - {"script":"<script> [1562 bytes]","args":[{"selector":{"id":"application-managepartners-display-component---masterPtm--smartFilterBar-filterItemControlA_-LINK_TO_ADDRESSES_MAIN.ID-vhi"},"wdio_ui5_key":"applicationmanagepartners-display-component---masterPtm--smartFilterBar-filterItemControlA_-LINK_TO_ADDRESSES_MAIN.ID-vhi"}]}
RESULT: {"script":"<script> [1562 bytes]","args":[{"selector":{"id":"application-managepartners-display-component---masterPtm--smartFilterBar-filterItemControlA_-LINK_TO_ADDRESSES_MAIN.ID-vhi"},"wdio_ui5_key":"applicationmanagepartners-display-component---masterPtm--smartFilterBar-filterItemControlA_-LINK_TO_ADDRESSES_MAIN.ID-vhi"}]}
RESULT: undefined
COMMAND: POST /session/8695070d5a47df2563e3bdc8364ee49b/element - {"using":"xpath","value":"//*[@id=\"application-managepartners-display-component---masterPtm--smartFilterBar-filterItemControlA_-LINK_TO_ADDRESSES_MAIN.ID-vhi\"]"}
RESULT: {"using":"xpath","value":"//*[@id=\"application-managepartners-display-component---masterPtm--smartFilterBar-filterItemControlA_-LINK_TO_ADDRESSES_MAIN.ID-vhi\"]"}
COMMAND: POST /session/8695070d5a47df2563e3bdc8364ee49b/element/f.C2FBE1F9D69D7A7D8F7D3E73BC2E8356.d.837B383E7EFFD415A8A5C02C8BCA7C40.e.7847/click - {}
RESULT: {}
COMMAND: GET /session/8695070d5a47df2563e3bdc8364ee49b/screenshot - {}
RESULT: {}
COMMAND: POST /session/8695070d5a47df2563e3bdc8364ee49b/element - {"using":"xpath","value":"//div[input[@value=\"contains\"]]//span[contains(@id, \"arrow\")]"}
RESULT: {"using":"xpath","value":"//div[input[@value=\"contains\"]]//span[contains(@id, \"arrow\")]"}
COMMAND: POST /session/8695070d5a47df2563e3bdc8364ee49b/element/f.C2FBE1F9D69D7A7D8F7D3E73BC2E8356.d.837B383E7EFFD415A8A5C02C8BCA7C40.e.7852/click - {}
RESULT: {}
COMMAND: GET /session/8695070d5a47df2563e3bdc8364ee49b/screenshot - {}
RESULT: {}
COMMAND: POST /session/8695070d5a47df2563e3bdc8364ee49b/element - {"using":"xpath","value":"//li[.//span[text()='equal to']]"}
RESULT: {"using":"xpath","value":"//li[.//span[text()='equal to']]"}
COMMAND: POST /session/8695070d5a47df2563e3bdc8364ee49b/element/f.C2FBE1F9D69D7A7D8F7D3E73BC2E8356.d.837B383E7EFFD415A8A5C02C8BCA7C40.e.7853/click - {}
RESULT: {}
COMMAND: GET /session/8695070d5a47df2563e3bdc8364ee49b/screenshot - {}
RESULT: {}
RESULT: undefined
COMMAND: POST /session/8695070d5a47df2563e3bdc8364ee49b/execute/async - {"script":"<script> [776 bytes]","args":[{"enterText":"1006","selector":{"controlType":"sap.m.Input","viewName":"etm.portal.ui.managepartners.view.Master","viewId":"application-managepartners-display-component---masterPtm","properties":{"valueState":"None"},"searchOpenDialogs":true,"interaction":{"idSuffix":"inner"}},"clearTextFirst":true,"interactionType":"ENTER_TEXT"}]}
RESULT: {"script":"<script> [776 bytes]","args":[{"enterText":"1006","selector":{"controlType":"sap.m.Input","viewName":"etm.portal.ui.managepartners.view.Master","viewId":"application-managepartners-display-component---masterPtm","properties":{"valueState":"None"},"searchOpenDialogs":true,"interaction":{"idSuffix":"inner"}},"clearTextFirst":true,"interactionType":"ENTER_TEXT"}]}
COMMAND: POST /session/8695070d5a47df2563e3bdc8364ee49b/actions - {"actions":[{"id":"action22","type":"key","parameters":{},"actions":[{"type":"keyDown","value":""},{"type":"pause","duration":10},{"type":"keyUp","value":""}]}]}
RESULT: {"actions":[{"id":"action22","type":"key","parameters":{},"actions":[{"type":"keyDown","value":""},{"type":"pause","duration":10},{"type":"keyUp","value":""}]}]}
COMMAND: GET /session/8695070d5a47df2563e3bdc8364ee49b/screenshot - {}
RESULT: {}
COMMAND: POST /session/8695070d5a47df2563e3bdc8364ee49b/element - {"using":"xpath","value":"(//bdi[contains(text(), \"OK\")])[1]"}
RESULT: {"using":"xpath","value":"(//bdi[contains(text(), \"OK\")])[1]"}
COMMAND: POST /session/8695070d5a47df2563e3bdc8364ee49b/element/f.C2FBE1F9D69D7A7D8F7D3E73BC2E8356.d.837B383E7EFFD415A8A5C02C8BCA7C40.e.7854/click - {}
RESULT: {}
COMMAND: GET /session/8695070d5a47df2563e3bdc8364ee49b/screenshot - {}
RESULT: {}
COMMAND: POST /session/8695070d5a47df2563e3bdc8364ee49b/element - {"using":"xpath","value":"//span[@id=\"application-managepartners-display-component---masterPtm--smartTable-header-inner\"]"}
RESULT: {"using":"xpath","value":"//span[@id=\"application-managepartners-display-component---masterPtm--smartTable-header-inner\"]"}
COMMAND: POST /session/8695070d5a47df2563e3bdc8364ee49b/elements - {"using":"xpath","value":"//span[@id=\"application-managepartners-display-component---masterPtm--smartTable-header-inner\"]"}
RESULT: {"using":"xpath","value":"//span[@id=\"application-managepartners-display-component---masterPtm--smartTable-header-inner\"]"}
COMMAND: POST /session/8695070d5a47df2563e3bdc8364ee49b/execute/sync - {"script":"<script> [56 bytes]","args":[{"element-6066-11e4-a52e-4f735466cecf":"f.C2FBE1F9D69D7A7D8F7D3E73BC2E8356.d.837B383E7EFFD415A8A5C02C8BCA7C40.e.7692","ELEMENT":"f.C2FBE1F9D69D7A7D8F7D3E73BC2E8356.d.837B383E7EFFD415A8A5C02C8BCA7C40.e.7692"}]}
RESULT: {"script":"<script> [56 bytes]","args":[{"element-6066-11e4-a52e-4f735466cecf":"f.C2FBE1F9D69D7A7D8F7D3E73BC2E8356.d.837B383E7EFFD415A8A5C02C8BCA7C40.e.7692","ELEMENT":"f.C2FBE1F9D69D7A7D8F7D3E73BC2E8356.d.837B383E7EFFD415A8A5C02C8BCA7C40.e.7692"}]}
COMMAND: POST /session/8695070d5a47df2563e3bdc8364ee49b/element - {"using":"xpath","value":"//span[contains(@title, \"Remove\")]"}
COMMAND: GET /session/8695070d5a47df2563e3bdc8364ee49b/screenshot - {}
RESULT: {"using":"xpath","value":"//span[contains(@title, \"Remove\")]"}
COMMAND: POST /session/8695070d5a47df2563e3bdc8364ee49b/element/f.C2FBE1F9D69D7A7D8F7D3E73BC2E8356.d.837B383E7EFFD415A8A5C02C8BCA7C40.e.7858/click - {}
RESULT: {}
RESULT: {}
COMMAND: GET /session/8695070d5a47df2563e3bdc8364ee49b/screenshot - {}
RESULT: {}
RESULT: undefined
COMMAND: POST /session/8695070d5a47df2563e3bdc8364ee49b/element - {"using":"xpath","value":"//*[@id=\"application-managepartners-display-component---masterPtm--smartFilterBar-filterItemControl_BASIC-YARD-vhi\"]"}
RESULT: {"using":"xpath","value":"//*[@id=\"application-managepartners-display-component---masterPtm--smartFilterBar-filterItemControl_BASIC-YARD-vhi\"]"}
COMMAND: POST /session/8695070d5a47df2563e3bdc8364ee49b/element/f.C2FBE1F9D69D7A7D8F7D3E73BC2E8356.d.837B383E7EFFD415A8A5C02C8BCA7C40.e.7964/click - {}
RESULT: {}
COMMAND: GET /session/8695070d5a47df2563e3bdc8364ee49b/screenshot - {}
RESULT: {}
RESULT: undefined
COMMAND: POST /session/8695070d5a47df2563e3bdc8364ee49b/execute/async - {"script":"<script> [776 bytes]","args":[{"enterText":"Test","selector":{"id":"application-managepartners-display-component---masterPtm--smartFilterBar-filterItemControl_BASIC-YARD-valueHelpDialog-smartFilterBar-btnBasicSearch","searchOpenDialogs":true,"interaction":{"idSuffix":"I"}},"clearTextFirst":true,"interactionType":"ENTER_TEXT"}]}
RESULT: {"script":"<script> [776 bytes]","args":[{"enterText":"Test","selector":{"id":"application-managepartners-display-component---masterPtm--smartFilterBar-filterItemControl_BASIC-YARD-valueHelpDialog-smartFilterBar-btnBasicSearch","searchOpenDialogs":true,"interaction":{"idSuffix":"I"}},"clearTextFirst":true,"interactionType":"ENTER_TEXT"}]}
COMMAND: POST /session/8695070d5a47df2563e3bdc8364ee49b/actions - {"actions":[{"id":"action23","type":"key","parameters":{},"actions":[{"type":"keyDown","value":""},{"type":"pause","duration":10},{"type":"keyUp","value":""}]}]}
RESULT: {"actions":[{"id":"action23","type":"key","parameters":{},"actions":[{"type":"keyDown","value":""},{"type":"pause","duration":10},{"type":"keyUp","value":""}]}]}
COMMAND: POST /session/8695070d5a47df2563e3bdc8364ee49b/elements - {"using":"xpath","value":"//table[contains(@id, \"smartFilterBar-filterItemControl_BASIC-YARD-valueHelpDialog-table-table\")]/tbody/tr"}
COMMAND: GET /session/8695070d5a47df2563e3bdc8364ee49b/screenshot - {}
RESULT: {"using":"xpath","value":"//table[contains(@id, \"smartFilterBar-filterItemControl_BASIC-YARD-valueHelpDialog-table-table\")]/tbody/tr"}
COMMAND: POST /session/8695070d5a47df2563e3bdc8364ee49b/element - {"using":"xpath","value":"//table[contains(@id, \"smartFilterBar-filterItemControl_BASIC-YARD-valueHelpDialog-table-table\")]/tbody/tr[1]/td[1]/div/span"}
RESULT: {}
RESULT: {"using":"xpath","value":"//table[contains(@id, \"smartFilterBar-filterItemControl_BASIC-YARD-valueHelpDialog-table-table\")]/tbody/tr[1]/td[1]/div/span"}
COMMAND: POST /session/8695070d5a47df2563e3bdc8364ee49b/elements - {"using":"xpath","value":"//table[contains(@id, \"smartFilterBar-filterItemControl_BASIC-YARD-valueHelpDialog-table-table\")]/tbody/tr[1]/td[1]/div/span"}
RESULT: {"using":"xpath","value":"//table[contains(@id, \"smartFilterBar-filterItemControl_BASIC-YARD-valueHelpDialog-table-table\")]/tbody/tr[1]/td[1]/div/span"}
COMMAND: POST /session/8695070d5a47df2563e3bdc8364ee49b/execute/sync - {"script":"<script> [56 bytes]","args":[{"element-6066-11e4-a52e-4f735466cecf":"f.C2FBE1F9D69D7A7D8F7D3E73BC2E8356.d.837B383E7EFFD415A8A5C02C8BCA7C40.e.7984","ELEMENT":"f.C2FBE1F9D69D7A7D8F7D3E73BC2E8356.d.837B383E7EFFD415A8A5C02C8BCA7C40.e.7984"}]}
RESULT: {"script":"<script> [56 bytes]","args":[{"element-6066-11e4-a52e-4f735466cecf":"f.C2FBE1F9D69D7A7D8F7D3E73BC2E8356.d.837B383E7EFFD415A8A5C02C8BCA7C40.e.7984","ELEMENT":"f.C2FBE1F9D69D7A7D8F7D3E73BC2E8356.d.837B383E7EFFD415A8A5C02C8BCA7C40.e.7984"}]}
COMMAND: POST /session/8695070d5a47df2563e3bdc8364ee49b/element - {"using":"xpath","value":"//table[contains(@id, \"smartFilterBar-filterItemControl_BASIC-YARD-valueHelpDialog-table-table\")]/tbody/tr[2]/td[1]/div/span"}
COMMAND: GET /session/8695070d5a47df2563e3bdc8364ee49b/screenshot - {}
RESULT: {"using":"xpath","value":"//table[contains(@id, \"smartFilterBar-filterItemControl_BASIC-YARD-valueHelpDialog-table-table\")]/tbody/tr[2]/td[1]/div/span"}
COMMAND: POST /session/8695070d5a47df2563e3bdc8364ee49b/elements - {"using":"xpath","value":"//table[contains(@id, \"smartFilterBar-filterItemControl_BASIC-YARD-valueHelpDialog-table-table\")]/tbody/tr[2]/td[1]/div/span"}
RESULT: {}
RESULT: {"using":"xpath","value":"//table[contains(@id, \"smartFilterBar-filterItemControl_BASIC-YARD-valueHelpDialog-table-table\")]/tbody/tr[2]/td[1]/div/span"}
COMMAND: POST /session/8695070d5a47df2563e3bdc8364ee49b/execute/sync - {"script":"<script> [56 bytes]","args":[{"element-6066-11e4-a52e-4f735466cecf":"f.C2FBE1F9D69D7A7D8F7D3E73BC2E8356.d.837B383E7EFFD415A8A5C02C8BCA7C40.e.7985","ELEMENT":"f.C2FBE1F9D69D7A7D8F7D3E73BC2E8356.d.837B383E7EFFD415A8A5C02C8BCA7C40.e.7985"}]}
RESULT: {"script":"<script> [56 bytes]","args":[{"element-6066-11e4-a52e-4f735466cecf":"f.C2FBE1F9D69D7A7D8F7D3E73BC2E8356.d.837B383E7EFFD415A8A5C02C8BCA7C40.e.7985","ELEMENT":"f.C2FBE1F9D69D7A7D8F7D3E73BC2E8356.d.837B383E7EFFD415A8A5C02C8BCA7C40.e.7985"}]}
COMMAND: POST /session/8695070d5a47df2563e3bdc8364ee49b/element - {"using":"xpath","value":"//table[contains(@id, \"smartFilterBar-filterItemControl_BASIC-YARD-valueHelpDialog-table-table\")]/tbody/tr[3]/td[1]/div/span"}
COMMAND: GET /session/8695070d5a47df2563e3bdc8364ee49b/screenshot - {}
RESULT: {"using":"xpath","value":"//table[contains(@id, \"smartFilterBar-filterItemControl_BASIC-YARD-valueHelpDialog-table-table\")]/tbody/tr[3]/td[1]/div/span"}
COMMAND: POST /session/8695070d5a47df2563e3bdc8364ee49b/elements - {"using":"xpath","value":"//table[contains(@id, \"smartFilterBar-filterItemControl_BASIC-YARD-valueHelpDialog-table-table\")]/tbody/tr[3]/td[1]/div/span"}
RESULT: {}
RESULT: {"using":"xpath","value":"//table[contains(@id, \"smartFilterBar-filterItemControl_BASIC-YARD-valueHelpDialog-table-table\")]/tbody/tr[3]/td[1]/div/span"}
COMMAND: POST /session/8695070d5a47df2563e3bdc8364ee49b/execute/sync - {"script":"<script> [56 bytes]","args":[{"element-6066-11e4-a52e-4f735466cecf":"f.C2FBE1F9D69D7A7D8F7D3E73BC2E8356.d.837B383E7EFFD415A8A5C02C8BCA7C40.e.7986","ELEMENT":"f.C2FBE1F9D69D7A7D8F7D3E73BC2E8356.d.837B383E7EFFD415A8A5C02C8BCA7C40.e.7986"}]}
RESULT: {"script":"<script> [56 bytes]","args":[{"element-6066-11e4-a52e-4f735466cecf":"f.C2FBE1F9D69D7A7D8F7D3E73BC2E8356.d.837B383E7EFFD415A8A5C02C8BCA7C40.e.7986","ELEMENT":"f.C2FBE1F9D69D7A7D8F7D3E73BC2E8356.d.837B383E7EFFD415A8A5C02C8BCA7C40.e.7986"}]}
COMMAND: POST /session/8695070d5a47df2563e3bdc8364ee49b/element - {"using":"xpath","value":"//div[contains(@id, \"filterItemControl_BASIC-YARD-valueHelpDialog-table-rowsel2\")]"}
COMMAND: GET /session/8695070d5a47df2563e3bdc8364ee49b/screenshot - {}
RESULT: {"using":"xpath","value":"//div[contains(@id, \"filterItemControl_BASIC-YARD-valueHelpDialog-table-rowsel2\")]"}
COMMAND: POST /session/8695070d5a47df2563e3bdc8364ee49b/element/f.C2FBE1F9D69D7A7D8F7D3E73BC2E8356.d.837B383E7EFFD415A8A5C02C8BCA7C40.e.7987/click - {}
RESULT: {}
RESULT: {}
COMMAND: GET /session/8695070d5a47df2563e3bdc8364ee49b/screenshot - {}
RESULT: {}
COMMAND: POST /session/8695070d5a47df2563e3bdc8364ee49b/element - {"using":"xpath","value":"(//bdi[contains(text(), \"OK\")])[1]"}
RESULT: {"using":"xpath","value":"(//bdi[contains(text(), \"OK\")])[1]"}
COMMAND: POST /session/8695070d5a47df2563e3bdc8364ee49b/element/f.C2FBE1F9D69D7A7D8F7D3E73BC2E8356.d.837B383E7EFFD415A8A5C02C8BCA7C40.e.7989/click - {}
RESULT: {}
COMMAND: GET /session/8695070d5a47df2563e3bdc8364ee49b/screenshot - {}
RESULT: {}
COMMAND: POST /session/8695070d5a47df2563e3bdc8364ee49b/element - {"using":"xpath","value":"//span[@id=\"application-managepartners-display-component---masterPtm--smartTable-header-inner\"]"}
RESULT: {"using":"xpath","value":"//span[@id=\"application-managepartners-display-component---masterPtm--smartTable-header-inner\"]"}
COMMAND: POST /session/8695070d5a47df2563e3bdc8364ee49b/elements - {"using":"xpath","value":"//span[@id=\"application-managepartners-display-component---masterPtm--smartTable-header-inner\"]"}
RESULT: {"using":"xpath","value":"//span[@id=\"application-managepartners-display-component---masterPtm--smartTable-header-inner\"]"}
COMMAND: POST /session/8695070d5a47df2563e3bdc8364ee49b/execute/sync - {"script":"<script> [56 bytes]","args":[{"element-6066-11e4-a52e-4f735466cecf":"f.C2FBE1F9D69D7A7D8F7D3E73BC2E8356.d.837B383E7EFFD415A8A5C02C8BCA7C40.e.7692","ELEMENT":"f.C2FBE1F9D69D7A7D8F7D3E73BC2E8356.d.837B383E7EFFD415A8A5C02C8BCA7C40.e.7692"}]}
RESULT: {"script":"<script> [56 bytes]","args":[{"element-6066-11e4-a52e-4f735466cecf":"f.C2FBE1F9D69D7A7D8F7D3E73BC2E8356.d.837B383E7EFFD415A8A5C02C8BCA7C40.e.7692","ELEMENT":"f.C2FBE1F9D69D7A7D8F7D3E73BC2E8356.d.837B383E7EFFD415A8A5C02C8BCA7C40.e.7692"}]}
COMMAND: POST /session/8695070d5a47df2563e3bdc8364ee49b/element - {"using":"xpath","value":"//span[contains(@title, \"Remove\")]"}
COMMAND: GET /session/8695070d5a47df2563e3bdc8364ee49b/screenshot - {}
RESULT: {"using":"xpath","value":"//span[contains(@title, \"Remove\")]"}
COMMAND: POST /session/8695070d5a47df2563e3bdc8364ee49b/element/f.C2FBE1F9D69D7A7D8F7D3E73BC2E8356.d.837B383E7EFFD415A8A5C02C8BCA7C40.e.8002/click - {}
RESULT: {}
RESULT: {}
COMMAND: GET /session/8695070d5a47df2563e3bdc8364ee49b/screenshot - {}
RESULT: {}
RESULT: undefined
COMMAND: POST /session/8695070d5a47df2563e3bdc8364ee49b/element - {"using":"xpath","value":"//*[@id=\"application-managepartners-display-component---masterPtm--smartFilterBar-filterItemControl_BASIC-MAIN_ADDRESS-vhi\"]"}
RESULT: {"using":"xpath","value":"//*[@id=\"application-managepartners-display-component---masterPtm--smartFilterBar-filterItemControl_BASIC-MAIN_ADDRESS-vhi\"]"}
COMMAND: POST /session/8695070d5a47df2563e3bdc8364ee49b/element/f.C2FBE1F9D69D7A7D8F7D3E73BC2E8356.d.837B383E7EFFD415A8A5C02C8BCA7C40.e.8105/click - {}
RESULT: {}
COMMAND: GET /session/8695070d5a47df2563e3bdc8364ee49b/screenshot - {}
RESULT: {}
RESULT: undefined
COMMAND: POST /session/8695070d5a47df2563e3bdc8364ee49b/execute/async - {"script":"<script> [776 bytes]","args":[{"enterText":"Romania","selector":{"id":"application-managepartners-display-component---masterPtm--smartFilterBar-filterItemControl_BASIC-MAIN_ADDRESS-valueHelpDialog-smartFilterBar-btnBasicSearch","searchOpenDialogs":true,"interaction":{"idSuffix":"I"}},"clearTextFirst":true,"interactionType":"ENTER_TEXT"}]}
RESULT: {"script":"<script> [776 bytes]","args":[{"enterText":"Romania","selector":{"id":"application-managepartners-display-component---masterPtm--smartFilterBar-filterItemControl_BASIC-MAIN_ADDRESS-valueHelpDialog-smartFilterBar-btnBasicSearch","searchOpenDialogs":true,"interaction":{"idSuffix":"I"}},"clearTextFirst":true,"interactionType":"ENTER_TEXT"}]}
COMMAND: POST /session/8695070d5a47df2563e3bdc8364ee49b/actions - {"actions":[{"id":"action24","type":"key","parameters":{},"actions":[{"type":"keyDown","value":""},{"type":"pause","duration":10},{"type":"keyUp","value":""}]}]}
RESULT: {"actions":[{"id":"action24","type":"key","parameters":{},"actions":[{"type":"keyDown","value":""},{"type":"pause","duration":10},{"type":"keyUp","value":""}]}]}
COMMAND: POST /session/8695070d5a47df2563e3bdc8364ee49b/elements - {"using":"xpath","value":"//table[contains(@id, \"smartFilterBar-filterItemControl_BASIC-MAIN_ADDRESS-valueHelpDialog-table-table\")]/tbody/tr"}
COMMAND: GET /session/8695070d5a47df2563e3bdc8364ee49b/screenshot - {}
RESULT: {"using":"xpath","value":"//table[contains(@id, \"smartFilterBar-filterItemControl_BASIC-MAIN_ADDRESS-valueHelpDialog-table-table\")]/tbody/tr"}
COMMAND: POST /session/8695070d5a47df2563e3bdc8364ee49b/element - {"using":"xpath","value":"//table[contains(@id, \"smartFilterBar-filterItemControl_BASIC-MAIN_ADDRESS-valueHelpDialog-table-table\")]/tbody/tr[1]/td[1]/div/span"}
RESULT: {}
RESULT: {"using":"xpath","value":"//table[contains(@id, \"smartFilterBar-filterItemControl_BASIC-MAIN_ADDRESS-valueHelpDialog-table-table\")]/tbody/tr[1]/td[1]/div/span"}
COMMAND: POST /session/8695070d5a47df2563e3bdc8364ee49b/elements - {"using":"xpath","value":"//table[contains(@id, \"smartFilterBar-filterItemControl_BASIC-MAIN_ADDRESS-valueHelpDialog-table-table\")]/tbody/tr[1]/td[1]/div/span"}
RESULT: {"using":"xpath","value":"//table[contains(@id, \"smartFilterBar-filterItemControl_BASIC-MAIN_ADDRESS-valueHelpDialog-table-table\")]/tbody/tr[1]/td[1]/div/span"}
COMMAND: POST /session/8695070d5a47df2563e3bdc8364ee49b/execute/sync - {"script":"<script> [56 bytes]","args":[{"element-6066-11e4-a52e-4f735466cecf":"f.C2FBE1F9D69D7A7D8F7D3E73BC2E8356.d.837B383E7EFFD415A8A5C02C8BCA7C40.e.8126","ELEMENT":"f.C2FBE1F9D69D7A7D8F7D3E73BC2E8356.d.837B383E7EFFD415A8A5C02C8BCA7C40.e.8126"}]}
RESULT: {"script":"<script> [56 bytes]","args":[{"element-6066-11e4-a52e-4f735466cecf":"f.C2FBE1F9D69D7A7D8F7D3E73BC2E8356.d.837B383E7EFFD415A8A5C02C8BCA7C40.e.8126","ELEMENT":"f.C2FBE1F9D69D7A7D8F7D3E73BC2E8356.d.837B383E7EFFD415A8A5C02C8BCA7C40.e.8126"}]}
COMMAND: POST /session/8695070d5a47df2563e3bdc8364ee49b/element - {"using":"xpath","value":"//div[contains(@id, \"filterItemControl_BASIC-MAIN_ADDRESS-valueHelpDialog-table-rowsel0\")]"}
COMMAND: GET /session/8695070d5a47df2563e3bdc8364ee49b/screenshot - {}
RESULT: {"using":"xpath","value":"//div[contains(@id, \"filterItemControl_BASIC-MAIN_ADDRESS-valueHelpDialog-table-rowsel0\")]"}
COMMAND: POST /session/8695070d5a47df2563e3bdc8364ee49b/element/f.C2FBE1F9D69D7A7D8F7D3E73BC2E8356.d.837B383E7EFFD415A8A5C02C8BCA7C40.e.8127/click - {}
RESULT: {}
RESULT: {}
COMMAND: GET /session/8695070d5a47df2563e3bdc8364ee49b/screenshot - {}
RESULT: {}
COMMAND: POST /session/8695070d5a47df2563e3bdc8364ee49b/element - {"using":"xpath","value":"(//bdi[contains(text(), \"OK\")])[1]"}
RESULT: {"using":"xpath","value":"(//bdi[contains(text(), \"OK\")])[1]"}
COMMAND: POST /session/8695070d5a47df2563e3bdc8364ee49b/element/f.C2FBE1F9D69D7A7D8F7D3E73BC2E8356.d.837B383E7EFFD415A8A5C02C8BCA7C40.e.8129/click - {}
RESULT: {}
COMMAND: GET /session/8695070d5a47df2563e3bdc8364ee49b/screenshot - {}
RESULT: {}
COMMAND: POST /session/8695070d5a47df2563e3bdc8364ee49b/element - {"using":"xpath","value":"//span[@id=\"application-managepartners-display-component---masterPtm--smartTable-header-inner\"]"}
RESULT: {"using":"xpath","value":"//span[@id=\"application-managepartners-display-component---masterPtm--smartTable-header-inner\"]"}
COMMAND: POST /session/8695070d5a47df2563e3bdc8364ee49b/elements - {"using":"xpath","value":"//span[@id=\"application-managepartners-display-component---masterPtm--smartTable-header-inner\"]"}
RESULT: {"using":"xpath","value":"//span[@id=\"application-managepartners-display-component---masterPtm--smartTable-header-inner\"]"}
COMMAND: POST /session/8695070d5a47df2563e3bdc8364ee49b/execute/sync - {"script":"<script> [56 bytes]","args":[{"element-6066-11e4-a52e-4f735466cecf":"f.C2FBE1F9D69D7A7D8F7D3E73BC2E8356.d.837B383E7EFFD415A8A5C02C8BCA7C40.e.7692","ELEMENT":"f.C2FBE1F9D69D7A7D8F7D3E73BC2E8356.d.837B383E7EFFD415A8A5C02C8BCA7C40.e.7692"}]}
RESULT: {"script":"<script> [56 bytes]","args":[{"element-6066-11e4-a52e-4f735466cecf":"f.C2FBE1F9D69D7A7D8F7D3E73BC2E8356.d.837B383E7EFFD415A8A5C02C8BCA7C40.e.7692","ELEMENT":"f.C2FBE1F9D69D7A7D8F7D3E73BC2E8356.d.837B383E7EFFD415A8A5C02C8BCA7C40.e.7692"}]}
COMMAND: POST /session/8695070d5a47df2563e3bdc8364ee49b/element - {"using":"xpath","value":"//span[contains(@title, \"Remove\")]"}
COMMAND: GET /session/8695070d5a47df2563e3bdc8364ee49b/screenshot - {}
RESULT: {"using":"xpath","value":"//span[contains(@title, \"Remove\")]"}
COMMAND: POST /session/8695070d5a47df2563e3bdc8364ee49b/element/f.C2FBE1F9D69D7A7D8F7D3E73BC2E8356.d.837B383E7EFFD415A8A5C02C8BCA7C40.e.8142/click - {}
RESULT: {}
RESULT: {}
COMMAND: GET /session/8695070d5a47df2563e3bdc8364ee49b/screenshot - {}
RESULT: {}
COMMAND: POST /session/8695070d5a47df2563e3bdc8364ee49b/execute/async - {"script":"<script> [1562 bytes]","args":[{"selector":{"id":"application-managepartners-display-component---masterPtm--catalogs-arrow"},"wdio_ui5_key":"applicationmanagepartners-display-component---masterPtm--catalogs-arrow"}]}
RESULT: {"script":"<script> [1562 bytes]","args":[{"selector":{"id":"application-managepartners-display-component---masterPtm--catalogs-arrow"},"wdio_ui5_key":"applicationmanagepartners-display-component---masterPtm--catalogs-arrow"}]}
RESULT: undefined
COMMAND: POST /session/8695070d5a47df2563e3bdc8364ee49b/element - {"using":"xpath","value":"//*[@id=\"application-managepartners-display-component---masterPtm--catalogs-arrow\"]"}
RESULT: {"using":"xpath","value":"//*[@id=\"application-managepartners-display-component---masterPtm--catalogs-arrow\"]"}
COMMAND: POST /session/8695070d5a47df2563e3bdc8364ee49b/element/f.C2FBE1F9D69D7A7D8F7D3E73BC2E8356.d.837B383E7EFFD415A8A5C02C8BCA7C40.e.8248/click - {}
RESULT: {}
COMMAND: GET /session/8695070d5a47df2563e3bdc8364ee49b/screenshot - {}
RESULT: {}
COMMAND: POST /session/8695070d5a47df2563e3bdc8364ee49b/element - {"using":"xpath","value":"//li[.//span[text()=\"Webshop Catalog\"]]//div[contains(@class,\"sapMCbBg\")]"}
RESULT: {"using":"xpath","value":"//li[.//span[text()=\"Webshop Catalog\"]]//div[contains(@class,\"sapMCbBg\")]"}
COMMAND: POST /session/8695070d5a47df2563e3bdc8364ee49b/element/f.C2FBE1F9D69D7A7D8F7D3E73BC2E8356.d.837B383E7EFFD415A8A5C02C8BCA7C40.e.8260/click - {}
RESULT: {}
COMMAND: GET /session/8695070d5a47df2563e3bdc8364ee49b/screenshot - {}
RESULT: {}
RESULT: undefined
COMMAND: POST /session/8695070d5a47df2563e3bdc8364ee49b/element - {"using":"xpath","value":"//*[@id=\"application-managepartners-display-component---masterPtm--catalogs-arrow\"]"}
RESULT: {"using":"xpath","value":"//*[@id=\"application-managepartners-display-component---masterPtm--catalogs-arrow\"]"}
COMMAND: POST /session/8695070d5a47df2563e3bdc8364ee49b/element/f.C2FBE1F9D69D7A7D8F7D3E73BC2E8356.d.837B383E7EFFD415A8A5C02C8BCA7C40.e.8248/click - {}
RESULT: {}
COMMAND: POST /session/8695070d5a47df2563e3bdc8364ee49b/element - {"using":"xpath","value":"//span[@id=\"application-managepartners-display-component---masterPtm--smartTable-header-inner\"]"}
COMMAND: GET /session/8695070d5a47df2563e3bdc8364ee49b/screenshot - {}
RESULT: {"using":"xpath","value":"//span[@id=\"application-managepartners-display-component---masterPtm--smartTable-header-inner\"]"}
COMMAND: POST /session/8695070d5a47df2563e3bdc8364ee49b/elements - {"using":"xpath","value":"//span[@id=\"application-managepartners-display-component---masterPtm--smartTable-header-inner\"]"}
RESULT: {}
RESULT: {"using":"xpath","value":"//span[@id=\"application-managepartners-display-component---masterPtm--smartTable-header-inner\"]"}
COMMAND: POST /session/8695070d5a47df2563e3bdc8364ee49b/execute/sync - {"script":"<script> [56 bytes]","args":[{"element-6066-11e4-a52e-4f735466cecf":"f.C2FBE1F9D69D7A7D8F7D3E73BC2E8356.d.837B383E7EFFD415A8A5C02C8BCA7C40.e.7692","ELEMENT":"f.C2FBE1F9D69D7A7D8F7D3E73BC2E8356.d.837B383E7EFFD415A8A5C02C8BCA7C40.e.7692"}]}
RESULT: {"script":"<script> [56 bytes]","args":[{"element-6066-11e4-a52e-4f735466cecf":"f.C2FBE1F9D69D7A7D8F7D3E73BC2E8356.d.837B383E7EFFD415A8A5C02C8BCA7C40.e.7692","ELEMENT":"f.C2FBE1F9D69D7A7D8F7D3E73BC2E8356.d.837B383E7EFFD415A8A5C02C8BCA7C40.e.7692"}]}
COMMAND: POST /session/8695070d5a47df2563e3bdc8364ee49b/element - {"using":"xpath","value":"//span[contains(@title, \"Remove\")]"}
COMMAND: GET /session/8695070d5a47df2563e3bdc8364ee49b/screenshot - {}
RESULT: {"using":"xpath","value":"//span[contains(@title, \"Remove\")]"}
COMMAND: POST /session/8695070d5a47df2563e3bdc8364ee49b/element/f.C2FBE1F9D69D7A7D8F7D3E73BC2E8356.d.837B383E7EFFD415A8A5C02C8BCA7C40.e.8275/click - {}
RESULT: {}
RESULT: {}
COMMAND: GET /session/8695070d5a47df2563e3bdc8364ee49b/screenshot - {}
RESULT: {}
COMMAND: POST /session/8695070d5a47df2563e3bdc8364ee49b/execute/async - {"script":"<script> [1562 bytes]","args":[{"selector":{"id":"application-managepartners-display-component---masterPtm--currencies-arrow"},"wdio_ui5_key":"applicationmanagepartners-display-component---masterPtm--currencies-arrow"}]}
RESULT: {"script":"<script> [1562 bytes]","args":[{"selector":{"id":"application-managepartners-display-component---masterPtm--currencies-arrow"},"wdio_ui5_key":"applicationmanagepartners-display-component---masterPtm--currencies-arrow"}]}
RESULT: undefined
COMMAND: POST /session/8695070d5a47df2563e3bdc8364ee49b/element - {"using":"xpath","value":"//*[@id=\"application-managepartners-display-component---masterPtm--currencies-arrow\"]"}
RESULT: {"using":"xpath","value":"//*[@id=\"application-managepartners-display-component---masterPtm--currencies-arrow\"]"}
COMMAND: POST /session/8695070d5a47df2563e3bdc8364ee49b/element/f.C2FBE1F9D69D7A7D8F7D3E73BC2E8356.d.837B383E7EFFD415A8A5C02C8BCA7C40.e.8391/click - {}
RESULT: {}
COMMAND: GET /session/8695070d5a47df2563e3bdc8364ee49b/screenshot - {}
RESULT: {}
COMMAND: POST /session/8695070d5a47df2563e3bdc8364ee49b/element - {"using":"xpath","value":"//li[.//span[text()=\"US Dollar\"]]//div[contains(@class,\"sapMCbBg\")]"}
RESULT: {"using":"xpath","value":"//li[.//span[text()=\"US Dollar\"]]//div[contains(@class,\"sapMCbBg\")]"}
COMMAND: POST /session/8695070d5a47df2563e3bdc8364ee49b/element/f.C2FBE1F9D69D7A7D8F7D3E73BC2E8356.d.837B383E7EFFD415A8A5C02C8BCA7C40.e.8394/click - {}
RESULT: {}
COMMAND: GET /session/8695070d5a47df2563e3bdc8364ee49b/screenshot - {}
RESULT: {}
RESULT: undefined
COMMAND: POST /session/8695070d5a47df2563e3bdc8364ee49b/element - {"using":"xpath","value":"//*[@id=\"application-managepartners-display-component---masterPtm--currencies-arrow\"]"}
RESULT: {"using":"xpath","value":"//*[@id=\"application-managepartners-display-component---masterPtm--currencies-arrow\"]"}
COMMAND: POST /session/8695070d5a47df2563e3bdc8364ee49b/element/f.C2FBE1F9D69D7A7D8F7D3E73BC2E8356.d.837B383E7EFFD415A8A5C02C8BCA7C40.e.8391/click - {}
RESULT: {}
COMMAND: POST /session/8695070d5a47df2563e3bdc8364ee49b/element - {"using":"xpath","value":"//span[@id=\"application-managepartners-display-component---masterPtm--smartTable-header-inner\"]"}
COMMAND: GET /session/8695070d5a47df2563e3bdc8364ee49b/screenshot - {}
RESULT: {"using":"xpath","value":"//span[@id=\"application-managepartners-display-component---masterPtm--smartTable-header-inner\"]"}
COMMAND: POST /session/8695070d5a47df2563e3bdc8364ee49b/elements - {"using":"xpath","value":"//span[@id=\"application-managepartners-display-component---masterPtm--smartTable-header-inner\"]"}
RESULT: {}
RESULT: {"using":"xpath","value":"//span[@id=\"application-managepartners-display-component---masterPtm--smartTable-header-inner\"]"}
COMMAND: POST /session/8695070d5a47df2563e3bdc8364ee49b/execute/sync - {"script":"<script> [56 bytes]","args":[{"element-6066-11e4-a52e-4f735466cecf":"f.C2FBE1F9D69D7A7D8F7D3E73BC2E8356.d.837B383E7EFFD415A8A5C02C8BCA7C40.e.7692","ELEMENT":"f.C2FBE1F9D69D7A7D8F7D3E73BC2E8356.d.837B383E7EFFD415A8A5C02C8BCA7C40.e.7692"}]}
RESULT: {"script":"<script> [56 bytes]","args":[{"element-6066-11e4-a52e-4f735466cecf":"f.C2FBE1F9D69D7A7D8F7D3E73BC2E8356.d.837B383E7EFFD415A8A5C02C8BCA7C40.e.7692","ELEMENT":"f.C2FBE1F9D69D7A7D8F7D3E73BC2E8356.d.837B383E7EFFD415A8A5C02C8BCA7C40.e.7692"}]}
COMMAND: POST /session/8695070d5a47df2563e3bdc8364ee49b/element - {"using":"xpath","value":"//span[contains(@title, \"Remove\")]"}
COMMAND: GET /session/8695070d5a47df2563e3bdc8364ee49b/screenshot - {}
RESULT: {"using":"xpath","value":"//span[contains(@title, \"Remove\")]"}
COMMAND: POST /session/8695070d5a47df2563e3bdc8364ee49b/element/f.C2FBE1F9D69D7A7D8F7D3E73BC2E8356.d.837B383E7EFFD415A8A5C02C8BCA7C40.e.8509/click - {}
RESULT: {}
RESULT: {}
COMMAND: GET /session/8695070d5a47df2563e3bdc8364ee49b/screenshot - {}
RESULT: {}
COMMAND: POST /session/8695070d5a47df2563e3bdc8364ee49b/execute/async - {"script":"<script> [1562 bytes]","args":[{"selector":{"id":"application-managepartners-display-component---masterPtm--languages-arrow"},"wdio_ui5_key":"applicationmanagepartners-display-component---masterPtm--languages-arrow"}]}
RESULT: {"script":"<script> [1562 bytes]","args":[{"selector":{"id":"application-managepartners-display-component---masterPtm--languages-arrow"},"wdio_ui5_key":"applicationmanagepartners-display-component---masterPtm--languages-arrow"}]}
RESULT: undefined
COMMAND: POST /session/8695070d5a47df2563e3bdc8364ee49b/element - {"using":"xpath","value":"//*[@id=\"application-managepartners-display-component---masterPtm--languages-arrow\"]"}
RESULT: {"using":"xpath","value":"//*[@id=\"application-managepartners-display-component---masterPtm--languages-arrow\"]"}
COMMAND: POST /session/8695070d5a47df2563e3bdc8364ee49b/element/f.C2FBE1F9D69D7A7D8F7D3E73BC2E8356.d.837B383E7EFFD415A8A5C02C8BCA7C40.e.8592/click - {}
RESULT: {}
COMMAND: GET /session/8695070d5a47df2563e3bdc8364ee49b/screenshot - {}
RESULT: {}
COMMAND: POST /session/8695070d5a47df2563e3bdc8364ee49b/element - {"using":"xpath","value":"//li[.//span[text()=\"German\"]]//div[contains(@class,\"sapMCbBg\")]"}
RESULT: {"using":"xpath","value":"//li[.//span[text()=\"German\"]]//div[contains(@class,\"sapMCbBg\")]"}
COMMAND: POST /session/8695070d5a47df2563e3bdc8364ee49b/element/f.C2FBE1F9D69D7A7D8F7D3E73BC2E8356.d.837B383E7EFFD415A8A5C02C8BCA7C40.e.8636/click - {}
RESULT: {}
COMMAND: GET /session/8695070d5a47df2563e3bdc8364ee49b/screenshot - {}
RESULT: {}
RESULT: undefined
COMMAND: POST /session/8695070d5a47df2563e3bdc8364ee49b/element - {"using":"xpath","value":"//*[@id=\"application-managepartners-display-component---masterPtm--languages-arrow\"]"}
RESULT: {"using":"xpath","value":"//*[@id=\"application-managepartners-display-component---masterPtm--languages-arrow\"]"}
COMMAND: POST /session/8695070d5a47df2563e3bdc8364ee49b/element/f.C2FBE1F9D69D7A7D8F7D3E73BC2E8356.d.837B383E7EFFD415A8A5C02C8BCA7C40.e.8592/click - {}
RESULT: {}
COMMAND: POST /session/8695070d5a47df2563e3bdc8364ee49b/element - {"using":"xpath","value":"//span[@id=\"application-managepartners-display-component---masterPtm--smartTable-header-inner\"]"}
COMMAND: GET /session/8695070d5a47df2563e3bdc8364ee49b/screenshot - {}
RESULT: {"using":"xpath","value":"//span[@id=\"application-managepartners-display-component---masterPtm--smartTable-header-inner\"]"}
COMMAND: POST /session/8695070d5a47df2563e3bdc8364ee49b/elements - {"using":"xpath","value":"//span[@id=\"application-managepartners-display-component---masterPtm--smartTable-header-inner\"]"}
RESULT: {}
RESULT: {"using":"xpath","value":"//span[@id=\"application-managepartners-display-component---masterPtm--smartTable-header-inner\"]"}
COMMAND: POST /session/8695070d5a47df2563e3bdc8364ee49b/execute/sync - {"script":"<script> [56 bytes]","args":[{"element-6066-11e4-a52e-4f735466cecf":"f.C2FBE1F9D69D7A7D8F7D3E73BC2E8356.d.837B383E7EFFD415A8A5C02C8BCA7C40.e.7692","ELEMENT":"f.C2FBE1F9D69D7A7D8F7D3E73BC2E8356.d.837B383E7EFFD415A8A5C02C8BCA7C40.e.7692"}]}
RESULT: {"script":"<script> [56 bytes]","args":[{"element-6066-11e4-a52e-4f735466cecf":"f.C2FBE1F9D69D7A7D8F7D3E73BC2E8356.d.837B383E7EFFD415A8A5C02C8BCA7C40.e.7692","ELEMENT":"f.C2FBE1F9D69D7A7D8F7D3E73BC2E8356.d.837B383E7EFFD415A8A5C02C8BCA7C40.e.7692"}]}
COMMAND: POST /session/8695070d5a47df2563e3bdc8364ee49b/element - {"using":"css selector","value":"#shell-header-logo"}
COMMAND: GET /session/8695070d5a47df2563e3bdc8364ee49b/screenshot - {}
RESULT: {"using":"css selector","value":"#shell-header-logo"}
COMMAND: POST /session/8695070d5a47df2563e3bdc8364ee49b/element/f.C2FBE1F9D69D7A7D8F7D3E73BC2E8356.d.837B383E7EFFD415A8A5C02C8BCA7C40.e.7523/click - {}
RESULT: {}
RESULT: {}
COMMAND: GET /session/8695070d5a47df2563e3bdc8364ee49b/screenshot - {}
RESULT: {}
]]></system-out>
    </testcase>
    <testcase classname="chrome.136_0_7103_93.windows.Partner_specific_tests_US150819_US151080_US151654_US151176_US103444_US151078_US151079_US151109_US151174_US151175_US151189" name="Should add a new Business Partner role same role US151541" time="82.729">
      <system-out><![CDATA[
COMMAND: POST /session/8695070d5a47df2563e3bdc8364ee49b/execute/async - {"script":"<script> [1562 bytes]","args":[{"selector":{"controlType":"sap.m.GenericTile","properties":{"header":"Data Explorer"}},"wdio_ui5_key":"sapm.GenericTile{\"header\":\"Data Explorer\"}"}]}
RESULT: {"script":"<script> [1562 bytes]","args":[{"selector":{"controlType":"sap.m.GenericTile","properties":{"header":"Data Explorer"}},"wdio_ui5_key":"sapm.GenericTile{\"header\":\"Data Explorer\"}"}]}
RESULT: undefined
COMMAND: POST /session/8695070d5a47df2563e3bdc8364ee49b/element - {"using":"xpath","value":"//*[@id=\"__tile117\"]"}
RESULT: {"using":"xpath","value":"//*[@id=\"__tile117\"]"}
COMMAND: POST /session/8695070d5a47df2563e3bdc8364ee49b/element/f.C2FBE1F9D69D7A7D8F7D3E73BC2E8356.d.837B383E7EFFD415A8A5C02C8BCA7C40.e.8701/click - {}
RESULT: {}
COMMAND: GET /session/8695070d5a47df2563e3bdc8364ee49b/screenshot - {}
RESULT: {}
COMMAND: POST /session/8695070d5a47df2563e3bdc8364ee49b/elements - {"using":"xpath","value":"//span[text()='Error']"}
RESULT: {"using":"xpath","value":"//span[text()='Error']"}
COMMAND: POST /session/8695070d5a47df2563e3bdc8364ee49b/window/fullscreen - {}
RESULT: {}
COMMAND: POST /session/8695070d5a47df2563e3bdc8364ee49b/element - {"using":"xpath","value":"//input[@id=\"application-businessconfigurations-display-component---masterBusinessConfigurations--smartFilterBar-btnBasicSearch-I\"]"}
RESULT: {"using":"xpath","value":"//input[@id=\"application-businessconfigurations-display-component---masterBusinessConfigurations--smartFilterBar-btnBasicSearch-I\"]"}
COMMAND: POST /session/8695070d5a47df2563e3bdc8364ee49b/elements - {"using":"xpath","value":"//input[@id=\"application-businessconfigurations-display-component---masterBusinessConfigurations--smartFilterBar-btnBasicSearch-I\"]"}
RESULT: {"using":"xpath","value":"//input[@id=\"application-businessconfigurations-display-component---masterBusinessConfigurations--smartFilterBar-btnBasicSearch-I\"]"}
COMMAND: POST /session/8695070d5a47df2563e3bdc8364ee49b/execute/sync - {"script":"<script> [8489 bytes]","args":[{"element-6066-11e4-a52e-4f735466cecf":"f.C2FBE1F9D69D7A7D8F7D3E73BC2E8356.d.837B383E7EFFD415A8A5C02C8BCA7C40.e.8725","ELEMENT":"f.C2FBE1F9D69D7A7D8F7D3E73BC2E8356.d.837B383E7EFFD415A8A5C02C8BCA7C40.e.8725"}]}
RESULT: {"script":"<script> [8489 bytes]","args":[{"element-6066-11e4-a52e-4f735466cecf":"f.C2FBE1F9D69D7A7D8F7D3E73BC2E8356.d.837B383E7EFFD415A8A5C02C8BCA7C40.e.8725","ELEMENT":"f.C2FBE1F9D69D7A7D8F7D3E73BC2E8356.d.837B383E7EFFD415A8A5C02C8BCA7C40.e.8725"}]}
COMMAND: GET /session/8695070d5a47df2563e3bdc8364ee49b/element/f.C2FBE1F9D69D7A7D8F7D3E73BC2E8356.d.837B383E7EFFD415A8A5C02C8BCA7C40.e.8725/enabled - {}
COMMAND: GET /session/8695070d5a47df2563e3bdc8364ee49b/screenshot - {}
RESULT: {}
COMMAND: POST /session/8695070d5a47df2563e3bdc8364ee49b/execute/sync - {"script":"<script> [8489 bytes]","args":[{"element-6066-11e4-a52e-4f735466cecf":"f.C2FBE1F9D69D7A7D8F7D3E73BC2E8356.d.837B383E7EFFD415A8A5C02C8BCA7C40.e.8725","ELEMENT":"f.C2FBE1F9D69D7A7D8F7D3E73BC2E8356.d.837B383E7EFFD415A8A5C02C8BCA7C40.e.8725"}]}
COMMAND: GET /session/8695070d5a47df2563e3bdc8364ee49b/screenshot - {}
RESULT: {}
RESULT: {"script":"<script> [8489 bytes]","args":[{"element-6066-11e4-a52e-4f735466cecf":"f.C2FBE1F9D69D7A7D8F7D3E73BC2E8356.d.837B383E7EFFD415A8A5C02C8BCA7C40.e.8725","ELEMENT":"f.C2FBE1F9D69D7A7D8F7D3E73BC2E8356.d.837B383E7EFFD415A8A5C02C8BCA7C40.e.8725"}]}
COMMAND: POST /session/8695070d5a47df2563e3bdc8364ee49b/execute/sync - {"script":"<script> [5351 bytes]","args":[{"element-6066-11e4-a52e-4f735466cecf":"f.C2FBE1F9D69D7A7D8F7D3E73BC2E8356.d.837B383E7EFFD415A8A5C02C8BCA7C40.e.8725","ELEMENT":"f.C2FBE1F9D69D7A7D8F7D3E73BC2E8356.d.837B383E7EFFD415A8A5C02C8BCA7C40.e.8725"}]}
COMMAND: GET /session/8695070d5a47df2563e3bdc8364ee49b/screenshot - {}
RESULT: {}
RESULT: {"script":"<script> [5351 bytes]","args":[{"element-6066-11e4-a52e-4f735466cecf":"f.C2FBE1F9D69D7A7D8F7D3E73BC2E8356.d.837B383E7EFFD415A8A5C02C8BCA7C40.e.8725","ELEMENT":"f.C2FBE1F9D69D7A7D8F7D3E73BC2E8356.d.837B383E7EFFD415A8A5C02C8BCA7C40.e.8725"}]}
COMMAND: GET /session/8695070d5a47df2563e3bdc8364ee49b/screenshot - {}
RESULT: {}
RESULT: {}
COMMAND: POST /session/8695070d5a47df2563e3bdc8364ee49b/element - {"using":"xpath","value":"//span[@id=\"application-businessconfigurations-display-component---masterBusinessConfigurations--masterListDataExplorerSmartTable-header-inner\"]"}
RESULT: {"using":"xpath","value":"//span[@id=\"application-businessconfigurations-display-component---masterBusinessConfigurations--masterListDataExplorerSmartTable-header-inner\"]"}
COMMAND: POST /session/8695070d5a47df2563e3bdc8364ee49b/elements - {"using":"xpath","value":"//span[@id=\"application-businessconfigurations-display-component---masterBusinessConfigurations--masterListDataExplorerSmartTable-header-inner\"]"}
RESULT: {"using":"xpath","value":"//span[@id=\"application-businessconfigurations-display-component---masterBusinessConfigurations--masterListDataExplorerSmartTable-header-inner\"]"}
COMMAND: POST /session/8695070d5a47df2563e3bdc8364ee49b/execute/sync - {"script":"<script> [56 bytes]","args":[{"element-6066-11e4-a52e-4f735466cecf":"f.C2FBE1F9D69D7A7D8F7D3E73BC2E8356.d.837B383E7EFFD415A8A5C02C8BCA7C40.e.9074","ELEMENT":"f.C2FBE1F9D69D7A7D8F7D3E73BC2E8356.d.837B383E7EFFD415A8A5C02C8BCA7C40.e.9074"}]}
RESULT: {"script":"<script> [56 bytes]","args":[{"element-6066-11e4-a52e-4f735466cecf":"f.C2FBE1F9D69D7A7D8F7D3E73BC2E8356.d.837B383E7EFFD415A8A5C02C8BCA7C40.e.9074","ELEMENT":"f.C2FBE1F9D69D7A7D8F7D3E73BC2E8356.d.837B383E7EFFD415A8A5C02C8BCA7C40.e.9074"}]}
COMMAND: POST /session/8695070d5a47df2563e3bdc8364ee49b/element/f.C2FBE1F9D69D7A7D8F7D3E73BC2E8356.d.837B383E7EFFD415A8A5C02C8BCA7C40.e.8725/clear - {}
COMMAND: GET /session/8695070d5a47df2563e3bdc8364ee49b/screenshot - {}
RESULT: {}
COMMAND: POST /session/8695070d5a47df2563e3bdc8364ee49b/element/f.C2FBE1F9D69D7A7D8F7D3E73BC2E8356.d.837B383E7EFFD415A8A5C02C8BCA7C40.e.8725/value - {"text":"NETM_C_BUSINESS_PARTNER_ROLES"}
COMMAND: GET /session/8695070d5a47df2563e3bdc8364ee49b/screenshot - {}
RESULT: {}
RESULT: {"text":"NETM_C_BUSINESS_PARTNER_ROLES"}
COMMAND: GET /session/8695070d5a47df2563e3bdc8364ee49b/screenshot - {}
RESULT: {}
RESULT: {}
COMMAND: POST /session/8695070d5a47df2563e3bdc8364ee49b/actions - {"actions":[{"id":"action25","type":"key","parameters":{},"actions":[{"type":"keyDown","value":""},{"type":"pause","duration":10},{"type":"keyUp","value":""}]}]}
RESULT: {"actions":[{"id":"action25","type":"key","parameters":{},"actions":[{"type":"keyDown","value":""},{"type":"pause","duration":10},{"type":"keyUp","value":""}]}]}
COMMAND: GET /session/8695070d5a47df2563e3bdc8364ee49b/screenshot - {}
RESULT: {}
COMMAND: POST /session/8695070d5a47df2563e3bdc8364ee49b/elements - {"using":"xpath","value":"//table[contains(@id, \"masterListDataExplorerTable-listUl\")]/tbody/tr"}
RESULT: {"using":"xpath","value":"//table[contains(@id, \"masterListDataExplorerTable-listUl\")]/tbody/tr"}
COMMAND: POST /session/8695070d5a47df2563e3bdc8364ee49b/element - {"using":"xpath","value":"//table[contains(@id, \"masterListDataExplorerTable-listUl\")]/tbody/tr[2]/td[4]/span"}
RESULT: {"using":"xpath","value":"//table[contains(@id, \"masterListDataExplorerTable-listUl\")]/tbody/tr[2]/td[4]/span"}
COMMAND: POST /session/8695070d5a47df2563e3bdc8364ee49b/elements - {"using":"xpath","value":"//table[contains(@id, \"masterListDataExplorerTable-listUl\")]/tbody/tr[2]/td[4]/span"}
RESULT: {"using":"xpath","value":"//table[contains(@id, \"masterListDataExplorerTable-listUl\")]/tbody/tr[2]/td[4]/span"}
COMMAND: POST /session/8695070d5a47df2563e3bdc8364ee49b/execute/sync - {"script":"<script> [56 bytes]","args":[{"element-6066-11e4-a52e-4f735466cecf":"f.C2FBE1F9D69D7A7D8F7D3E73BC2E8356.d.837B383E7EFFD415A8A5C02C8BCA7C40.e.9083","ELEMENT":"f.C2FBE1F9D69D7A7D8F7D3E73BC2E8356.d.837B383E7EFFD415A8A5C02C8BCA7C40.e.9083"}]}
RESULT: {"script":"<script> [56 bytes]","args":[{"element-6066-11e4-a52e-4f735466cecf":"f.C2FBE1F9D69D7A7D8F7D3E73BC2E8356.d.837B383E7EFFD415A8A5C02C8BCA7C40.e.9083","ELEMENT":"f.C2FBE1F9D69D7A7D8F7D3E73BC2E8356.d.837B383E7EFFD415A8A5C02C8BCA7C40.e.9083"}]}
COMMAND: POST /session/8695070d5a47df2563e3bdc8364ee49b/element - {"using":"xpath","value":"(//span[contains(@id, \"imgNav\")])[1]"}
COMMAND: GET /session/8695070d5a47df2563e3bdc8364ee49b/screenshot - {}
RESULT: {"using":"xpath","value":"(//span[contains(@id, \"imgNav\")])[1]"}
COMMAND: POST /session/8695070d5a47df2563e3bdc8364ee49b/element/f.C2FBE1F9D69D7A7D8F7D3E73BC2E8356.d.837B383E7EFFD415A8A5C02C8BCA7C40.e.9084/click - {}
RESULT: {}
RESULT: {}
COMMAND: GET /session/8695070d5a47df2563e3bdc8364ee49b/screenshot - {}
RESULT: {}
COMMAND: POST /session/8695070d5a47df2563e3bdc8364ee49b/element - {"using":"xpath","value":"//bdi[contains(text(), \"Edit\")]"}
RESULT: {"using":"xpath","value":"//bdi[contains(text(), \"Edit\")]"}
COMMAND: POST /session/8695070d5a47df2563e3bdc8364ee49b/element/f.C2FBE1F9D69D7A7D8F7D3E73BC2E8356.d.837B383E7EFFD415A8A5C02C8BCA7C40.e.9224/click - {}
RESULT: {}
COMMAND: GET /session/8695070d5a47df2563e3bdc8364ee49b/screenshot - {}
RESULT: {}
COMMAND: POST /session/8695070d5a47df2563e3bdc8364ee49b/element - {"using":"xpath","value":"//button[contains(@id, \"detailBusinessConfigurations--addButton\")]"}
RESULT: {"using":"xpath","value":"//button[contains(@id, \"detailBusinessConfigurations--addButton\")]"}
COMMAND: POST /session/8695070d5a47df2563e3bdc8364ee49b/element/f.C2FBE1F9D69D7A7D8F7D3E73BC2E8356.d.837B383E7EFFD415A8A5C02C8BCA7C40.e.9234/click - {}
RESULT: {}
COMMAND: GET /session/8695070d5a47df2563e3bdc8364ee49b/screenshot - {}
RESULT: {}
COMMAND: POST /session/8695070d5a47df2563e3bdc8364ee49b/elements - {"using":"xpath","value":"//table[contains(@id, \"detailBusinessConfigurations--detailsTable-listUl\")]/tbody/tr"}
RESULT: {"using":"xpath","value":"//table[contains(@id, \"detailBusinessConfigurations--detailsTable-listUl\")]/tbody/tr"}
COMMAND: POST /session/8695070d5a47df2563e3bdc8364ee49b/element - {"using":"xpath","value":"//table[contains(@id, \"detailBusinessConfigurations--detailsTable-listUl\")]/tbody/tr[1]/td[3]/div/div/div/div/input"}
RESULT: {"using":"xpath","value":"//table[contains(@id, \"detailBusinessConfigurations--detailsTable-listUl\")]/tbody/tr[1]/td[3]/div/div/div/div/input"}
COMMAND: POST /session/8695070d5a47df2563e3bdc8364ee49b/element/f.C2FBE1F9D69D7A7D8F7D3E73BC2E8356.d.837B383E7EFFD415A8A5C02C8BCA7C40.e.9237/clear - {}
RESULT: {}
COMMAND: POST /session/8695070d5a47df2563e3bdc8364ee49b/element/f.C2FBE1F9D69D7A7D8F7D3E73BC2E8356.d.837B383E7EFFD415A8A5C02C8BCA7C40.e.9237/value - {"text":"WebDriver Testy"}
COMMAND: GET /session/8695070d5a47df2563e3bdc8364ee49b/screenshot - {}
RESULT: {"text":"WebDriver Testy"}
COMMAND: GET /session/8695070d5a47df2563e3bdc8364ee49b/screenshot - {}
RESULT: {}
RESULT: {}
COMMAND: POST /session/8695070d5a47df2563e3bdc8364ee49b/element - {"using":"xpath","value":"//button[contains(@id, \"detailBusinessConfigurations--addButton\")]"}
RESULT: {"using":"xpath","value":"//button[contains(@id, \"detailBusinessConfigurations--addButton\")]"}
COMMAND: POST /session/8695070d5a47df2563e3bdc8364ee49b/element/f.C2FBE1F9D69D7A7D8F7D3E73BC2E8356.d.837B383E7EFFD415A8A5C02C8BCA7C40.e.9234/click - {}
RESULT: {}
COMMAND: GET /session/8695070d5a47df2563e3bdc8364ee49b/screenshot - {}
RESULT: {}
COMMAND: POST /session/8695070d5a47df2563e3bdc8364ee49b/element - {"using":"xpath","value":"//table[contains(@id, \"detailBusinessConfigurations--detailsTable-listUl\")]/tbody/tr[1]/td[3]/div/div/div/div/input"}
RESULT: {"using":"xpath","value":"//table[contains(@id, \"detailBusinessConfigurations--detailsTable-listUl\")]/tbody/tr[1]/td[3]/div/div/div/div/input"}
COMMAND: POST /session/8695070d5a47df2563e3bdc8364ee49b/element/f.C2FBE1F9D69D7A7D8F7D3E73BC2E8356.d.837B383E7EFFD415A8A5C02C8BCA7C40.e.9250/clear - {}
RESULT: {}
COMMAND: POST /session/8695070d5a47df2563e3bdc8364ee49b/element/f.C2FBE1F9D69D7A7D8F7D3E73BC2E8356.d.837B383E7EFFD415A8A5C02C8BCA7C40.e.9250/value - {"text":"WebDriver Testy"}
COMMAND: GET /session/8695070d5a47df2563e3bdc8364ee49b/screenshot - {}
RESULT: {"text":"WebDriver Testy"}
COMMAND: GET /session/8695070d5a47df2563e3bdc8364ee49b/screenshot - {}
RESULT: {}
RESULT: {}
COMMAND: POST /session/8695070d5a47df2563e3bdc8364ee49b/element - {"using":"xpath","value":"//bdi[text()=\"Save\"]"}
RESULT: {"using":"xpath","value":"//bdi[text()=\"Save\"]"}
COMMAND: POST /session/8695070d5a47df2563e3bdc8364ee49b/element/f.C2FBE1F9D69D7A7D8F7D3E73BC2E8356.d.837B383E7EFFD415A8A5C02C8BCA7C40.e.9257/click - {}
RESULT: {}
COMMAND: GET /session/8695070d5a47df2563e3bdc8364ee49b/screenshot - {}
RESULT: {}
COMMAND: POST /session/8695070d5a47df2563e3bdc8364ee49b/element - {"using":"xpath","value":"//span[contains(@class, \"sapMMsgBoxText\")]"}
RESULT: {"using":"xpath","value":"//span[contains(@class, \"sapMMsgBoxText\")]"}
COMMAND: POST /session/8695070d5a47df2563e3bdc8364ee49b/elements - {"using":"xpath","value":"//span[contains(@class, \"sapMMsgBoxText\")]"}
RESULT: {"using":"xpath","value":"//span[contains(@class, \"sapMMsgBoxText\")]"}
COMMAND: POST /session/8695070d5a47df2563e3bdc8364ee49b/execute/sync - {"script":"<script> [56 bytes]","args":[{"element-6066-11e4-a52e-4f735466cecf":"f.C2FBE1F9D69D7A7D8F7D3E73BC2E8356.d.837B383E7EFFD415A8A5C02C8BCA7C40.e.9260","ELEMENT":"f.C2FBE1F9D69D7A7D8F7D3E73BC2E8356.d.837B383E7EFFD415A8A5C02C8BCA7C40.e.9260"}]}
RESULT: {"script":"<script> [56 bytes]","args":[{"element-6066-11e4-a52e-4f735466cecf":"f.C2FBE1F9D69D7A7D8F7D3E73BC2E8356.d.837B383E7EFFD415A8A5C02C8BCA7C40.e.9260","ELEMENT":"f.C2FBE1F9D69D7A7D8F7D3E73BC2E8356.d.837B383E7EFFD415A8A5C02C8BCA7C40.e.9260"}]}
COMMAND: POST /session/8695070d5a47df2563e3bdc8364ee49b/element - {"using":"xpath","value":"//bdi[text()=\"Close\"]"}
COMMAND: GET /session/8695070d5a47df2563e3bdc8364ee49b/screenshot - {}
RESULT: {"using":"xpath","value":"//bdi[text()=\"Close\"]"}
COMMAND: POST /session/8695070d5a47df2563e3bdc8364ee49b/element/f.C2FBE1F9D69D7A7D8F7D3E73BC2E8356.d.837B383E7EFFD415A8A5C02C8BCA7C40.e.9277/click - {}
RESULT: {}
RESULT: {}
COMMAND: GET /session/8695070d5a47df2563e3bdc8364ee49b/screenshot - {}
RESULT: {}
COMMAND: POST /session/8695070d5a47df2563e3bdc8364ee49b/element - {"using":"css selector","value":"#shell-header-logo"}
RESULT: {"using":"css selector","value":"#shell-header-logo"}
COMMAND: POST /session/8695070d5a47df2563e3bdc8364ee49b/element/f.C2FBE1F9D69D7A7D8F7D3E73BC2E8356.d.837B383E7EFFD415A8A5C02C8BCA7C40.e.8708/click - {}
RESULT: {}
COMMAND: GET /session/8695070d5a47df2563e3bdc8364ee49b/screenshot - {}
RESULT: {}
COMMAND: POST /session/8695070d5a47df2563e3bdc8364ee49b/element - {"using":"css selector","value":"#j_username"}
COMMAND: POST /session/8695070d5a47df2563e3bdc8364ee49b/url - {"url":"https://qa-testing-00-live-etm-ui.cfapps.eu10-004.hana.ondemand.com/"}
RESULT: {"using":"css selector","value":"#j_username"}
COMMAND: POST /session/8695070d5a47df2563e3bdc8364ee49b/element - {"using":"css selector","value":"#j_username"}
RESULT: {"url":"https://qa-testing-00-live-etm-ui.cfapps.eu10-004.hana.ondemand.com/"}
RESULT: undefined
COMMAND: GET /session/8695070d5a47df2563e3bdc8364ee49b/screenshot - {}
RESULT: {"using":"css selector","value":"#j_username"}
COMMAND: POST /session/8695070d5a47df2563e3bdc8364ee49b/element - {"using":"css selector","value":"#shell-header-logo"}
RESULT: {}
RESULT: {"using":"css selector","value":"#shell-header-logo"}
COMMAND: POST /session/8695070d5a47df2563e3bdc8364ee49b/execute/sync - {"script":"<script> [8489 bytes]","args":[{"element-6066-11e4-a52e-4f735466cecf":"f.C2FBE1F9D69D7A7D8F7D3E73BC2E8356.d.86AAEF507A7BFCDE79970F81E9F254D7.e.9294","ELEMENT":"f.C2FBE1F9D69D7A7D8F7D3E73BC2E8356.d.86AAEF507A7BFCDE79970F81E9F254D7.e.9294"}]}
RESULT: {"script":"<script> [8489 bytes]","args":[{"element-6066-11e4-a52e-4f735466cecf":"f.C2FBE1F9D69D7A7D8F7D3E73BC2E8356.d.86AAEF507A7BFCDE79970F81E9F254D7.e.9294","ELEMENT":"f.C2FBE1F9D69D7A7D8F7D3E73BC2E8356.d.86AAEF507A7BFCDE79970F81E9F254D7.e.9294"}]}
COMMAND: POST /session/8695070d5a47df2563e3bdc8364ee49b/element - {"using":"css selector","value":"#shell-header-logo"}
COMMAND: GET /session/8695070d5a47df2563e3bdc8364ee49b/screenshot - {}
RESULT: {"using":"css selector","value":"#shell-header-logo"}
COMMAND: POST /session/8695070d5a47df2563e3bdc8364ee49b/execute/sync - {"script":"<script> [8489 bytes]","args":[{"element-6066-11e4-a52e-4f735466cecf":"f.C2FBE1F9D69D7A7D8F7D3E73BC2E8356.d.86AAEF507A7BFCDE79970F81E9F254D7.e.9294","ELEMENT":"f.C2FBE1F9D69D7A7D8F7D3E73BC2E8356.d.86AAEF507A7BFCDE79970F81E9F254D7.e.9294"}]}
RESULT: {}
RESULT: {"script":"<script> [8489 bytes]","args":[{"element-6066-11e4-a52e-4f735466cecf":"f.C2FBE1F9D69D7A7D8F7D3E73BC2E8356.d.86AAEF507A7BFCDE79970F81E9F254D7.e.9294","ELEMENT":"f.C2FBE1F9D69D7A7D8F7D3E73BC2E8356.d.86AAEF507A7BFCDE79970F81E9F254D7.e.9294"}]}
COMMAND: POST /session/8695070d5a47df2563e3bdc8364ee49b/execute/sync - {"script":"<script> [5351 bytes]","args":[{"element-6066-11e4-a52e-4f735466cecf":"f.C2FBE1F9D69D7A7D8F7D3E73BC2E8356.d.86AAEF507A7BFCDE79970F81E9F254D7.e.9294","ELEMENT":"f.C2FBE1F9D69D7A7D8F7D3E73BC2E8356.d.86AAEF507A7BFCDE79970F81E9F254D7.e.9294"}]}
COMMAND: GET /session/8695070d5a47df2563e3bdc8364ee49b/screenshot - {}
RESULT: {"script":"<script> [5351 bytes]","args":[{"element-6066-11e4-a52e-4f735466cecf":"f.C2FBE1F9D69D7A7D8F7D3E73BC2E8356.d.86AAEF507A7BFCDE79970F81E9F254D7.e.9294","ELEMENT":"f.C2FBE1F9D69D7A7D8F7D3E73BC2E8356.d.86AAEF507A7BFCDE79970F81E9F254D7.e.9294"}]}
COMMAND: POST /session/8695070d5a47df2563e3bdc8364ee49b/element - {"using":"css selector","value":"#shell-header-logo"}
COMMAND: GET /session/8695070d5a47df2563e3bdc8364ee49b/screenshot - {}
RESULT: {}
RESULT: {"using":"css selector","value":"#shell-header-logo"}
COMMAND: POST /session/8695070d5a47df2563e3bdc8364ee49b/element/f.C2FBE1F9D69D7A7D8F7D3E73BC2E8356.d.86AAEF507A7BFCDE79970F81E9F254D7.e.9294/click - {}
RESULT: {}
RESULT: {}
COMMAND: GET /session/8695070d5a47df2563e3bdc8364ee49b/screenshot - {}
RESULT: {}
COMMAND: POST /session/8695070d5a47df2563e3bdc8364ee49b/execute/async - {"script":"<script> [189 bytes]","args":[]}
RESULT: {"script":"<script> [189 bytes]","args":[]}
COMMAND: POST /session/8695070d5a47df2563e3bdc8364ee49b/execute/async - {"script":"<script> [123 bytes]","args":[]}
RESULT: {"script":"<script> [123 bytes]","args":[]}
COMMAND: POST /session/8695070d5a47df2563e3bdc8364ee49b/timeouts - {"script":"<number>"}
RESULT: {"script":"<number>"}
COMMAND: GET /session/8695070d5a47df2563e3bdc8364ee49b/timeouts - {}
RESULT: {}
RESULT: undefined
COMMAND: POST /session/8695070d5a47df2563e3bdc8364ee49b/execute/async - {"script":"<script> [2676 bytes]","args":[]}
RESULT: {"script":"<script> [2676 bytes]","args":[]}
COMMAND: POST /session/8695070d5a47df2563e3bdc8364ee49b/execute/async - {"script":"<script> [2342 bytes]","args":[{"protocol":"http","hostname":"0.0.0.0","path":"/","capabilities":{"browserName":"chrome","goog:chromeOptions":{"binary":"C:\\Program Files\\Google\\Chrome\\Application\\chrome.exe","args":["--start-maximized"]}},"logLevel":"warn","connectionRetryTimeout":120000,"connectionRetryCount":3,"logLevels":{},"enableDirectConnect":true,"strictSSL":true,"_":"65 more keys: [\"cacheDir\",\"port\",\"requestedCapabilities\",\"automationProtocol\",\"baseUrl\",\"waitforInterval\",\"waitforTimeout\",\"onReload\",\"beforeCommand\",\"afterCommand\",\"rootDir\",\"specs\",\"suites\",\"exclude\",\"groupLogsByTestSpec\",\"excludeDriverLogs\",\"bail\",\"framework\",\"reporters\",\"services\",\"maxInstances\",\"maxInstancesPerCapability\",\"injectGlobals\",\"filesToWatch\",\"execArgv\",\"runnerEnv\",\"runner\",\"shard\",\"specFileRetries\",\"specFileRetriesDelay\",\"specFileRetriesDeferred\",\"reporterSyncInterval\",\"reporterSyncTimeout\",\"cucumberFeaturesWithLineNumbers\",\"autoCompileOpts\",\"mochaOpts\",\"jasmineOpts\",\"cucumberOpts\",\"onPrepare\",\"onWorkerStart\",\"onWorkerEnd\",\"before\",\"beforeSession\",\"beforeSuite\",\"beforeHook\",\"beforeTest\",\"afterTest\",\"afterHook\",\"afterSuite\",\"afterSession\",\"after\",\"onComplete\",\"beforeAssertion\",\"afterAssertion\",\"beforeFeature\",\"beforeScenario\",\"beforeStep\",\"afterStep\",\"afterScenario\",\"afterFeature\",\"_\",\"suite\",\"$0\",\"ignoredWorkerServices\",\"wdi5\"]"}]}
RESULT: {"script":"<script> [2342 bytes]","args":[{"protocol":"http","hostname":"0.0.0.0","path":"/","capabilities":{"browserName":"chrome","goog:chromeOptions":{"binary":"C:\\Program Files\\Google\\Chrome\\Application\\chrome.exe","args":["--start-maximized"]}},"logLevel":"warn","connectionRetryTimeout":120000,"connectionRetryCount":3,"logLevels":{},"enableDirectConnect":true,"strictSSL":true,"_":"65 more keys: [\"cacheDir\",\"port\",\"requestedCapabilities\",\"automationProtocol\",\"baseUrl\",\"waitforInterval\",\"waitforTimeout\",\"onReload\",\"beforeCommand\",\"afterCommand\",\"rootDir\",\"specs\",\"suites\",\"exclude\",\"groupLogsByTestSpec\",\"excludeDriverLogs\",\"bail\",\"framework\",\"reporters\",\"services\",\"maxInstances\",\"maxInstancesPerCapability\",\"injectGlobals\",\"filesToWatch\",\"execArgv\",\"runnerEnv\",\"runner\",\"shard\",\"specFileRetries\",\"specFileRetriesDelay\",\"specFileRetriesDeferred\",\"reporterSyncInterval\",\"reporterSyncTimeout\",\"cucumberFeaturesWithLineNumbers\",\"autoCompileOpts\",\"mochaOpts\",\"jasmineOpts\",\"cucumberOpts\",\"onPrepare\",\"onWorkerStart\",\"onWorkerEnd\",\"before\",\"beforeSession\",\"beforeSuite\",\"beforeHook\",\"beforeTest\",\"afterTest\",\"afterHook\",\"afterSuite\",\"afterSession\",\"after\",\"onComplete\",\"beforeAssertion\",\"afterAssertion\",\"beforeFeature\",\"beforeScenario\",\"beforeStep\",\"afterStep\",\"afterScenario\",\"afterFeature\",\"_\",\"suite\",\"$0\",\"ignoredWorkerServices\",\"wdi5\"]"}]}
COMMAND: POST /session/8695070d5a47df2563e3bdc8364ee49b/execute/async - {"script":"<script> [21126 bytes]","args":[35000]}
RESULT: {"script":"<script> [21126 bytes]","args":[35000]}
COMMAND: POST /session/8695070d5a47df2563e3bdc8364ee49b/window/maximize - {}
RESULT: {}
COMMAND: POST /session/8695070d5a47df2563e3bdc8364ee49b/execute/async - {"script":"<script> [1562 bytes]","args":[{"selector":{"id":"shell-header","interaction":{"idSuffix":"icon"}},"wdio_ui5_key":"shellheader"}]}
COMMAND: GET /session/8695070d5a47df2563e3bdc8364ee49b/screenshot - {}
RESULT: {"script":"<script> [1562 bytes]","args":[{"selector":{"id":"shell-header","interaction":{"idSuffix":"icon"}},"wdio_ui5_key":"shellheader"}]}
RESULT: undefined
COMMAND: POST /session/8695070d5a47df2563e3bdc8364ee49b/refresh - {}
RESULT: {}
RESULT: {}
COMMAND: GET /session/8695070d5a47df2563e3bdc8364ee49b/screenshot - {}
RESULT: {}
COMMAND: POST /session/8695070d5a47df2563e3bdc8364ee49b/refresh - {}
RESULT: {}
COMMAND: GET /session/8695070d5a47df2563e3bdc8364ee49b/screenshot - {}
RESULT: {}
COMMAND: POST /session/8695070d5a47df2563e3bdc8364ee49b/window/fullscreen - {}
RESULT: {}
COMMAND: POST /session/8695070d5a47df2563e3bdc8364ee49b/execute/async - {"script":"<script> [189 bytes]","args":[]}
RESULT: {"script":"<script> [189 bytes]","args":[]}
COMMAND: POST /session/8695070d5a47df2563e3bdc8364ee49b/execute/async - {"script":"<script> [123 bytes]","args":[]}
RESULT: {"script":"<script> [123 bytes]","args":[]}
COMMAND: POST /session/8695070d5a47df2563e3bdc8364ee49b/timeouts - {"script":"<number>"}
RESULT: {"script":"<number>"}
COMMAND: GET /session/8695070d5a47df2563e3bdc8364ee49b/timeouts - {}
RESULT: {}
RESULT: undefined
COMMAND: POST /session/8695070d5a47df2563e3bdc8364ee49b/execute/async - {"script":"<script> [2676 bytes]","args":[]}
RESULT: {"script":"<script> [2676 bytes]","args":[]}
COMMAND: POST /session/8695070d5a47df2563e3bdc8364ee49b/execute/async - {"script":"<script> [2342 bytes]","args":[{"protocol":"http","hostname":"0.0.0.0","path":"/","capabilities":{"browserName":"chrome","goog:chromeOptions":{"binary":"C:\\Program Files\\Google\\Chrome\\Application\\chrome.exe","args":["--start-maximized"]}},"logLevel":"warn","connectionRetryTimeout":120000,"connectionRetryCount":3,"logLevels":{},"enableDirectConnect":true,"strictSSL":true,"_":"65 more keys: [\"cacheDir\",\"port\",\"requestedCapabilities\",\"automationProtocol\",\"baseUrl\",\"waitforInterval\",\"waitforTimeout\",\"onReload\",\"beforeCommand\",\"afterCommand\",\"rootDir\",\"specs\",\"suites\",\"exclude\",\"groupLogsByTestSpec\",\"excludeDriverLogs\",\"bail\",\"framework\",\"reporters\",\"services\",\"maxInstances\",\"maxInstancesPerCapability\",\"injectGlobals\",\"filesToWatch\",\"execArgv\",\"runnerEnv\",\"runner\",\"shard\",\"specFileRetries\",\"specFileRetriesDelay\",\"specFileRetriesDeferred\",\"reporterSyncInterval\",\"reporterSyncTimeout\",\"cucumberFeaturesWithLineNumbers\",\"autoCompileOpts\",\"mochaOpts\",\"jasmineOpts\",\"cucumberOpts\",\"onPrepare\",\"onWorkerStart\",\"onWorkerEnd\",\"before\",\"beforeSession\",\"beforeSuite\",\"beforeHook\",\"beforeTest\",\"afterTest\",\"afterHook\",\"afterSuite\",\"afterSession\",\"after\",\"onComplete\",\"beforeAssertion\",\"afterAssertion\",\"beforeFeature\",\"beforeScenario\",\"beforeStep\",\"afterStep\",\"afterScenario\",\"afterFeature\",\"_\",\"suite\",\"$0\",\"ignoredWorkerServices\",\"wdi5\"]"}]}
RESULT: {"script":"<script> [2342 bytes]","args":[{"protocol":"http","hostname":"0.0.0.0","path":"/","capabilities":{"browserName":"chrome","goog:chromeOptions":{"binary":"C:\\Program Files\\Google\\Chrome\\Application\\chrome.exe","args":["--start-maximized"]}},"logLevel":"warn","connectionRetryTimeout":120000,"connectionRetryCount":3,"logLevels":{},"enableDirectConnect":true,"strictSSL":true,"_":"65 more keys: [\"cacheDir\",\"port\",\"requestedCapabilities\",\"automationProtocol\",\"baseUrl\",\"waitforInterval\",\"waitforTimeout\",\"onReload\",\"beforeCommand\",\"afterCommand\",\"rootDir\",\"specs\",\"suites\",\"exclude\",\"groupLogsByTestSpec\",\"excludeDriverLogs\",\"bail\",\"framework\",\"reporters\",\"services\",\"maxInstances\",\"maxInstancesPerCapability\",\"injectGlobals\",\"filesToWatch\",\"execArgv\",\"runnerEnv\",\"runner\",\"shard\",\"specFileRetries\",\"specFileRetriesDelay\",\"specFileRetriesDeferred\",\"reporterSyncInterval\",\"reporterSyncTimeout\",\"cucumberFeaturesWithLineNumbers\",\"autoCompileOpts\",\"mochaOpts\",\"jasmineOpts\",\"cucumberOpts\",\"onPrepare\",\"onWorkerStart\",\"onWorkerEnd\",\"before\",\"beforeSession\",\"beforeSuite\",\"beforeHook\",\"beforeTest\",\"afterTest\",\"afterHook\",\"afterSuite\",\"afterSession\",\"after\",\"onComplete\",\"beforeAssertion\",\"afterAssertion\",\"beforeFeature\",\"beforeScenario\",\"beforeStep\",\"afterStep\",\"afterScenario\",\"afterFeature\",\"_\",\"suite\",\"$0\",\"ignoredWorkerServices\",\"wdi5\"]"}]}
COMMAND: POST /session/8695070d5a47df2563e3bdc8364ee49b/execute/async - {"script":"<script> [21126 bytes]","args":[35000]}
RESULT: {"script":"<script> [21126 bytes]","args":[35000]}
]]></system-out>
    </testcase>
  </testsuite>
  <testsuite timestamp="2025-05-26T17:56:08" time="500.725" tests="4" failures="0" errors="0" skipped="0">
    <properties>
      <property name="specId" value="0"/>
      <property name="suiteName" value="Create partner US118246"/>
      <property name="capabilities" value="chrome.136_0_7103_93.windows"/>
      <property name="file" value="file:///D:/a/1/s/test/specs/BTS/create-partner.spec.js"/>
    </properties>
    <testcase classname="chrome.136_0_7103_93.windows.Create_partner_US118246" name="Should create a new yard in case create yard failed" time="136.751">
      <system-out><![CDATA[
COMMAND: POST /session/8695070d5a47df2563e3bdc8364ee49b/window/fullscreen - {}
RESULT: {}
COMMAND: POST /session/8695070d5a47df2563e3bdc8364ee49b/execute/async - {"script":"<script> [1562 bytes]","args":[{"selector":{"controlType":"sap.m.GenericTile","properties":{"header":"Manage Yards"}},"wdio_ui5_key":"sapm.GenericTile{\"header\":\"Manage Yards\"}"}]}
RESULT: {"script":"<script> [1562 bytes]","args":[{"selector":{"controlType":"sap.m.GenericTile","properties":{"header":"Manage Yards"}},"wdio_ui5_key":"sapm.GenericTile{\"header\":\"Manage Yards\"}"}]}
RESULT: undefined
COMMAND: POST /session/8695070d5a47df2563e3bdc8364ee49b/element - {"using":"xpath","value":"//*[@id=\"__tile41\"]"}
RESULT: {"using":"xpath","value":"//*[@id=\"__tile41\"]"}
COMMAND: POST /session/8695070d5a47df2563e3bdc8364ee49b/element/f.C2FBE1F9D69D7A7D8F7D3E73BC2E8356.d.D1F6DE04B295AB2B1676B6B33BEF6F73.e.9456/click - {}
RESULT: {}
COMMAND: GET /session/8695070d5a47df2563e3bdc8364ee49b/screenshot - {}
RESULT: {}
COMMAND: POST /session/8695070d5a47df2563e3bdc8364ee49b/elements - {"using":"xpath","value":"//span[text()='Error']"}
RESULT: {"using":"xpath","value":"//span[text()='Error']"}
COMMAND: POST /session/8695070d5a47df2563e3bdc8364ee49b/element - {"using":"xpath","value":"//button[@data-kt=\"addNewYardOverflowToolbarButton\"]"}
RESULT: {"using":"xpath","value":"//button[@data-kt=\"addNewYardOverflowToolbarButton\"]"}
COMMAND: POST /session/8695070d5a47df2563e3bdc8364ee49b/elements - {"using":"xpath","value":"//button[@data-kt=\"addNewYardOverflowToolbarButton\"]"}
RESULT: {"using":"xpath","value":"//button[@data-kt=\"addNewYardOverflowToolbarButton\"]"}
COMMAND: POST /session/8695070d5a47df2563e3bdc8364ee49b/execute/sync - {"script":"<script> [8489 bytes]","args":[{"element-6066-11e4-a52e-4f735466cecf":"f.C2FBE1F9D69D7A7D8F7D3E73BC2E8356.d.D1F6DE04B295AB2B1676B6B33BEF6F73.e.9602","ELEMENT":"f.C2FBE1F9D69D7A7D8F7D3E73BC2E8356.d.D1F6DE04B295AB2B1676B6B33BEF6F73.e.9602"}]}
RESULT: {"script":"<script> [8489 bytes]","args":[{"element-6066-11e4-a52e-4f735466cecf":"f.C2FBE1F9D69D7A7D8F7D3E73BC2E8356.d.D1F6DE04B295AB2B1676B6B33BEF6F73.e.9602","ELEMENT":"f.C2FBE1F9D69D7A7D8F7D3E73BC2E8356.d.D1F6DE04B295AB2B1676B6B33BEF6F73.e.9602"}]}
COMMAND: GET /session/8695070d5a47df2563e3bdc8364ee49b/element/f.C2FBE1F9D69D7A7D8F7D3E73BC2E8356.d.D1F6DE04B295AB2B1676B6B33BEF6F73.e.9602/enabled - {}
COMMAND: GET /session/8695070d5a47df2563e3bdc8364ee49b/screenshot - {}
RESULT: {}
COMMAND: POST /session/8695070d5a47df2563e3bdc8364ee49b/execute/sync - {"script":"<script> [8489 bytes]","args":[{"element-6066-11e4-a52e-4f735466cecf":"f.C2FBE1F9D69D7A7D8F7D3E73BC2E8356.d.D1F6DE04B295AB2B1676B6B33BEF6F73.e.9602","ELEMENT":"f.C2FBE1F9D69D7A7D8F7D3E73BC2E8356.d.D1F6DE04B295AB2B1676B6B33BEF6F73.e.9602"}]}
COMMAND: GET /session/8695070d5a47df2563e3bdc8364ee49b/screenshot - {}
RESULT: {}
RESULT: {"script":"<script> [8489 bytes]","args":[{"element-6066-11e4-a52e-4f735466cecf":"f.C2FBE1F9D69D7A7D8F7D3E73BC2E8356.d.D1F6DE04B295AB2B1676B6B33BEF6F73.e.9602","ELEMENT":"f.C2FBE1F9D69D7A7D8F7D3E73BC2E8356.d.D1F6DE04B295AB2B1676B6B33BEF6F73.e.9602"}]}
COMMAND: POST /session/8695070d5a47df2563e3bdc8364ee49b/execute/sync - {"script":"<script> [5351 bytes]","args":[{"element-6066-11e4-a52e-4f735466cecf":"f.C2FBE1F9D69D7A7D8F7D3E73BC2E8356.d.D1F6DE04B295AB2B1676B6B33BEF6F73.e.9602","ELEMENT":"f.C2FBE1F9D69D7A7D8F7D3E73BC2E8356.d.D1F6DE04B295AB2B1676B6B33BEF6F73.e.9602"}]}
COMMAND: GET /session/8695070d5a47df2563e3bdc8364ee49b/screenshot - {}
RESULT: {}
RESULT: {"script":"<script> [5351 bytes]","args":[{"element-6066-11e4-a52e-4f735466cecf":"f.C2FBE1F9D69D7A7D8F7D3E73BC2E8356.d.D1F6DE04B295AB2B1676B6B33BEF6F73.e.9602","ELEMENT":"f.C2FBE1F9D69D7A7D8F7D3E73BC2E8356.d.D1F6DE04B295AB2B1676B6B33BEF6F73.e.9602"}]}
COMMAND: POST /session/8695070d5a47df2563e3bdc8364ee49b/element/f.C2FBE1F9D69D7A7D8F7D3E73BC2E8356.d.D1F6DE04B295AB2B1676B6B33BEF6F73.e.9602/click - {}
COMMAND: GET /session/8695070d5a47df2563e3bdc8364ee49b/screenshot - {}
RESULT: {}
RESULT: {}
COMMAND: GET /session/8695070d5a47df2563e3bdc8364ee49b/screenshot - {}
COMMAND: POST /session/8695070d5a47df2563e3bdc8364ee49b/element - {"using":"xpath","value":"//input[@id=\"application-manageyards-display-component---NewYard--yardId-inner\"]"}
RESULT: {}
RESULT: {}
RESULT: {"using":"xpath","value":"//input[@id=\"application-manageyards-display-component---NewYard--yardId-inner\"]"}
COMMAND: POST /session/8695070d5a47df2563e3bdc8364ee49b/element - {"using":"xpath","value":"//input[@id=\"application-manageyards-display-component---NewYard--yardId-inner\"]"}
RESULT: {"using":"xpath","value":"//input[@id=\"application-manageyards-display-component---NewYard--yardId-inner\"]"}
COMMAND: POST /session/8695070d5a47df2563e3bdc8364ee49b/execute/async - {"script":"<script> [1562 bytes]","args":[{"selector":{"id":"application-manageyards-display-component---NewYard--addressDetailDetailsName1","interaction":{"idSuffix":"inner"}},"wdio_ui5_key":"applicationmanageyards-display-component---NewYard--addressDetailDetailsName1"}]}
RESULT: {"script":"<script> [1562 bytes]","args":[{"selector":{"id":"application-manageyards-display-component---NewYard--addressDetailDetailsName1","interaction":{"idSuffix":"inner"}},"wdio_ui5_key":"applicationmanageyards-display-component---NewYard--addressDetailDetailsName1"}]}
RESULT: undefined
COMMAND: POST /session/8695070d5a47df2563e3bdc8364ee49b/execute/async - {"script":"<script> [776 bytes]","args":[{"enterText":"Intracompany Yard wdIO","selector":{"id":"application-manageyards-display-component---NewYard--addressDetailDetailsName1","interaction":{"idSuffix":"inner"}},"clearTextFirst":true,"interactionType":"ENTER_TEXT"}]}
RESULT: {"script":"<script> [776 bytes]","args":[{"enterText":"Intracompany Yard wdIO","selector":{"id":"application-manageyards-display-component---NewYard--addressDetailDetailsName1","interaction":{"idSuffix":"inner"}},"clearTextFirst":true,"interactionType":"ENTER_TEXT"}]}
COMMAND: POST /session/8695070d5a47df2563e3bdc8364ee49b/execute/async - {"script":"<script> [1562 bytes]","args":[{"selector":{"id":"application-manageyards-display-component---NewYard--addressDetailDetailsLanguage-arrow"},"wdio_ui5_key":"applicationmanageyards-display-component---NewYard--addressDetailDetailsLanguage-arrow"}]}
RESULT: {"script":"<script> [1562 bytes]","args":[{"selector":{"id":"application-manageyards-display-component---NewYard--addressDetailDetailsLanguage-arrow"},"wdio_ui5_key":"applicationmanageyards-display-component---NewYard--addressDetailDetailsLanguage-arrow"}]}
RESULT: undefined
COMMAND: POST /session/8695070d5a47df2563e3bdc8364ee49b/element - {"using":"xpath","value":"//*[@id=\"application-manageyards-display-component---NewYard--addressDetailDetailsLanguage-arrow\"]"}
RESULT: {"using":"xpath","value":"//*[@id=\"application-manageyards-display-component---NewYard--addressDetailDetailsLanguage-arrow\"]"}
COMMAND: POST /session/8695070d5a47df2563e3bdc8364ee49b/element/f.C2FBE1F9D69D7A7D8F7D3E73BC2E8356.d.D1F6DE04B295AB2B1676B6B33BEF6F73.e.10013/click - {}
RESULT: {}
COMMAND: POST /session/8695070d5a47df2563e3bdc8364ee49b/element - {"using":"xpath","value":"//span[contains(text(), \"English\")]"}
COMMAND: GET /session/8695070d5a47df2563e3bdc8364ee49b/screenshot - {}
RESULT: {"using":"xpath","value":"//span[contains(text(), \"English\")]"}
COMMAND: POST /session/8695070d5a47df2563e3bdc8364ee49b/element/f.C2FBE1F9D69D7A7D8F7D3E73BC2E8356.d.D1F6DE04B295AB2B1676B6B33BEF6F73.e.10014/click - {}
RESULT: {}
RESULT: {}
COMMAND: POST /session/8695070d5a47df2563e3bdc8364ee49b/execute/async - {"script":"<script> [1562 bytes]","args":[{"selector":{"id":"application-manageyards-display-component---NewYard--addressDetailDetailsCity1","interaction":{"idSuffix":"inner"}},"wdio_ui5_key":"applicationmanageyards-display-component---NewYard--addressDetailDetailsCity1"}]}
COMMAND: GET /session/8695070d5a47df2563e3bdc8364ee49b/screenshot - {}
RESULT: {}
RESULT: {"script":"<script> [1562 bytes]","args":[{"selector":{"id":"application-manageyards-display-component---NewYard--addressDetailDetailsCity1","interaction":{"idSuffix":"inner"}},"wdio_ui5_key":"applicationmanageyards-display-component---NewYard--addressDetailDetailsCity1"}]}
RESULT: undefined
COMMAND: POST /session/8695070d5a47df2563e3bdc8364ee49b/execute/async - {"script":"<script> [776 bytes]","args":[{"enterText":"Rosario","selector":{"id":"application-manageyards-display-component---NewYard--addressDetailDetailsCity1","interaction":{"idSuffix":"inner"}},"clearTextFirst":true,"interactionType":"ENTER_TEXT"}]}
RESULT: {"script":"<script> [776 bytes]","args":[{"enterText":"Rosario","selector":{"id":"application-manageyards-display-component---NewYard--addressDetailDetailsCity1","interaction":{"idSuffix":"inner"}},"clearTextFirst":true,"interactionType":"ENTER_TEXT"}]}
COMMAND: POST /session/8695070d5a47df2563e3bdc8364ee49b/execute/async - {"script":"<script> [1562 bytes]","args":[{"selector":{"id":"application-manageyards-display-component---NewYard--addressDetailDetailsCountry-arrow"},"wdio_ui5_key":"applicationmanageyards-display-component---NewYard--addressDetailDetailsCountry-arrow"}]}
RESULT: {"script":"<script> [1562 bytes]","args":[{"selector":{"id":"application-manageyards-display-component---NewYard--addressDetailDetailsCountry-arrow"},"wdio_ui5_key":"applicationmanageyards-display-component---NewYard--addressDetailDetailsCountry-arrow"}]}
RESULT: undefined
COMMAND: POST /session/8695070d5a47df2563e3bdc8364ee49b/element - {"using":"xpath","value":"//*[@id=\"application-manageyards-display-component---NewYard--addressDetailDetailsCountry-arrow\"]"}
RESULT: {"using":"xpath","value":"//*[@id=\"application-manageyards-display-component---NewYard--addressDetailDetailsCountry-arrow\"]"}
COMMAND: POST /session/8695070d5a47df2563e3bdc8364ee49b/element/f.C2FBE1F9D69D7A7D8F7D3E73BC2E8356.d.D1F6DE04B295AB2B1676B6B33BEF6F73.e.10016/click - {}
RESULT: {}
COMMAND: POST /session/8695070d5a47df2563e3bdc8364ee49b/element - {"using":"xpath","value":"//span[contains(text(), \"Argentina\")]"}
COMMAND: GET /session/8695070d5a47df2563e3bdc8364ee49b/screenshot - {}
RESULT: {"using":"xpath","value":"//span[contains(text(), \"Argentina\")]"}
COMMAND: POST /session/8695070d5a47df2563e3bdc8364ee49b/element/f.C2FBE1F9D69D7A7D8F7D3E73BC2E8356.d.D1F6DE04B295AB2B1676B6B33BEF6F73.e.10018/click - {}
RESULT: {}
RESULT: {}
COMMAND: POST /session/8695070d5a47df2563e3bdc8364ee49b/execute/async - {"script":"<script> [1562 bytes]","args":[{"selector":{"id":"application-manageyards-display-component---NewYard--addressEditDetailsCostObjectCstType-arrow"},"wdio_ui5_key":"applicationmanageyards-display-component---NewYard--addressEditDetailsCostObjectCstType-arrow"}]}
COMMAND: GET /session/8695070d5a47df2563e3bdc8364ee49b/screenshot - {}
RESULT: {"script":"<script> [1562 bytes]","args":[{"selector":{"id":"application-manageyards-display-component---NewYard--addressEditDetailsCostObjectCstType-arrow"},"wdio_ui5_key":"applicationmanageyards-display-component---NewYard--addressEditDetailsCostObjectCstType-arrow"}]}
RESULT: undefined
COMMAND: POST /session/8695070d5a47df2563e3bdc8364ee49b/element - {"using":"xpath","value":"//*[@id=\"application-manageyards-display-component---NewYard--addressEditDetailsCostObjectCstType-arrow\"]"}
RESULT: {}
RESULT: {"using":"xpath","value":"//*[@id=\"application-manageyards-display-component---NewYard--addressEditDetailsCostObjectCstType-arrow\"]"}
COMMAND: POST /session/8695070d5a47df2563e3bdc8364ee49b/element/f.C2FBE1F9D69D7A7D8F7D3E73BC2E8356.d.D1F6DE04B295AB2B1676B6B33BEF6F73.e.10019/click - {}
RESULT: {}
COMMAND: POST /session/8695070d5a47df2563e3bdc8364ee49b/element - {"using":"xpath","value":"//span[contains(text(), \"Cost Center\")]"}
COMMAND: GET /session/8695070d5a47df2563e3bdc8364ee49b/screenshot - {}
RESULT: {"using":"xpath","value":"//span[contains(text(), \"Cost Center\")]"}
COMMAND: POST /session/8695070d5a47df2563e3bdc8364ee49b/element/f.C2FBE1F9D69D7A7D8F7D3E73BC2E8356.d.D1F6DE04B295AB2B1676B6B33BEF6F73.e.10020/click - {}
RESULT: {}
RESULT: {}
COMMAND: GET /session/8695070d5a47df2563e3bdc8364ee49b/screenshot - {}
RESULT: {}
COMMAND: POST /session/8695070d5a47df2563e3bdc8364ee49b/element - {"using":"xpath","value":"//span[@id=\"application-manageyards-display-component---NewYard--addressNewCostObjectCstID-vhi\"]"}
RESULT: {"using":"xpath","value":"//span[@id=\"application-manageyards-display-component---NewYard--addressNewCostObjectCstID-vhi\"]"}
COMMAND: POST /session/8695070d5a47df2563e3bdc8364ee49b/execute/sync - {"script":"<script> [8489 bytes]","args":[{"element-6066-11e4-a52e-4f735466cecf":"f.C2FBE1F9D69D7A7D8F7D3E73BC2E8356.d.D1F6DE04B295AB2B1676B6B33BEF6F73.e.10024","ELEMENT":"f.C2FBE1F9D69D7A7D8F7D3E73BC2E8356.d.D1F6DE04B295AB2B1676B6B33BEF6F73.e.10024"}]}
RESULT: {"script":"<script> [8489 bytes]","args":[{"element-6066-11e4-a52e-4f735466cecf":"f.C2FBE1F9D69D7A7D8F7D3E73BC2E8356.d.D1F6DE04B295AB2B1676B6B33BEF6F73.e.10024","ELEMENT":"f.C2FBE1F9D69D7A7D8F7D3E73BC2E8356.d.D1F6DE04B295AB2B1676B6B33BEF6F73.e.10024"}]}
COMMAND: POST /session/8695070d5a47df2563e3bdc8364ee49b/execute/async - {"script":"<script> [1562 bytes]","args":[{"selector":{"id":"application-manageyards-display-component---NewYard--addressNewCostObjectCstID-vhi"},"wdio_ui5_key":"applicationmanageyards-display-component---NewYard--addressNewCostObjectCstID-vhi"}]}
COMMAND: GET /session/8695070d5a47df2563e3bdc8364ee49b/screenshot - {}
RESULT: {"script":"<script> [1562 bytes]","args":[{"selector":{"id":"application-manageyards-display-component---NewYard--addressNewCostObjectCstID-vhi"},"wdio_ui5_key":"applicationmanageyards-display-component---NewYard--addressNewCostObjectCstID-vhi"}]}
RESULT: undefined
COMMAND: POST /session/8695070d5a47df2563e3bdc8364ee49b/element - {"using":"xpath","value":"//*[@id=\"application-manageyards-display-component---NewYard--addressNewCostObjectCstID-vhi\"]"}
RESULT: {}
RESULT: {"using":"xpath","value":"//*[@id=\"application-manageyards-display-component---NewYard--addressNewCostObjectCstID-vhi\"]"}
COMMAND: POST /session/8695070d5a47df2563e3bdc8364ee49b/element/f.C2FBE1F9D69D7A7D8F7D3E73BC2E8356.d.D1F6DE04B295AB2B1676B6B33BEF6F73.e.10024/click - {}
RESULT: {}
COMMAND: GET /session/8695070d5a47df2563e3bdc8364ee49b/screenshot - {}
RESULT: {}
COMMAND: POST /session/8695070d5a47df2563e3bdc8364ee49b/execute/async - {"script":"<script> [1562 bytes]","args":[{"selector":{"controlType":"sap.m.SearchField","properties":{"placeholder":"Search"},"searchOpenDialogs":true,"interaction":{"idSuffix":"I"}},"wdio_ui5_key":"sapm.SearchField{\"placeholder\":\"Search\"}"}]}
RESULT: {"script":"<script> [1562 bytes]","args":[{"selector":{"controlType":"sap.m.SearchField","properties":{"placeholder":"Search"},"searchOpenDialogs":true,"interaction":{"idSuffix":"I"}},"wdio_ui5_key":"sapm.SearchField{\"placeholder\":\"Search\"}"}]}
RESULT: undefined
COMMAND: POST /session/8695070d5a47df2563e3bdc8364ee49b/execute/async - {"script":"<script> [776 bytes]","args":[{"enterText":"bauh_b","selector":{"controlType":"sap.m.SearchField","properties":{"placeholder":"Search"},"searchOpenDialogs":true,"interaction":{"idSuffix":"I"}},"clearTextFirst":true,"interactionType":"ENTER_TEXT"}]}
RESULT: {"script":"<script> [776 bytes]","args":[{"enterText":"bauh_b","selector":{"controlType":"sap.m.SearchField","properties":{"placeholder":"Search"},"searchOpenDialogs":true,"interaction":{"idSuffix":"I"}},"clearTextFirst":true,"interactionType":"ENTER_TEXT"}]}
COMMAND: POST /session/8695070d5a47df2563e3bdc8364ee49b/actions - {"actions":[{"id":"action26","type":"key","parameters":{},"actions":[{"type":"keyDown","value":""},{"type":"pause","duration":10},{"type":"keyUp","value":""}]}]}
RESULT: {"actions":[{"id":"action26","type":"key","parameters":{},"actions":[{"type":"keyDown","value":""},{"type":"pause","duration":10},{"type":"keyUp","value":""}]}]}
COMMAND: GET /session/8695070d5a47df2563e3bdc8364ee49b/screenshot - {}
RESULT: {}
COMMAND: POST /session/8695070d5a47df2563e3bdc8364ee49b/element - {"using":"xpath","value":"//span[contains(text(), \"Demo Yard\")]"}
RESULT: {"using":"xpath","value":"//span[contains(text(), \"Demo Yard\")]"}
COMMAND: POST /session/8695070d5a47df2563e3bdc8364ee49b/element/f.C2FBE1F9D69D7A7D8F7D3E73BC2E8356.d.D1F6DE04B295AB2B1676B6B33BEF6F73.e.10066/click - {}
RESULT: {}
COMMAND: GET /session/8695070d5a47df2563e3bdc8364ee49b/screenshot - {}
RESULT: {}
COMMAND: POST /session/8695070d5a47df2563e3bdc8364ee49b/element - {"using":"xpath","value":"//bdi[contains(text(), \"OK\")]"}
RESULT: {"using":"xpath","value":"//bdi[contains(text(), \"OK\")]"}
COMMAND: POST /session/8695070d5a47df2563e3bdc8364ee49b/element/f.C2FBE1F9D69D7A7D8F7D3E73BC2E8356.d.D1F6DE04B295AB2B1676B6B33BEF6F73.e.10067/click - {}
RESULT: {}
COMMAND: GET /session/8695070d5a47df2563e3bdc8364ee49b/screenshot - {}
RESULT: {}
COMMAND: POST /session/8695070d5a47df2563e3bdc8364ee49b/execute/async - {"script":"<script> [1562 bytes]","args":[{"selector":{"id":"application-manageyards-display-component---NewYard--addressEditDetailsCurrency-arrow"},"wdio_ui5_key":"applicationmanageyards-display-component---NewYard--addressEditDetailsCurrency-arrow"}]}
RESULT: {"script":"<script> [1562 bytes]","args":[{"selector":{"id":"application-manageyards-display-component---NewYard--addressEditDetailsCurrency-arrow"},"wdio_ui5_key":"applicationmanageyards-display-component---NewYard--addressEditDetailsCurrency-arrow"}]}
RESULT: undefined
COMMAND: POST /session/8695070d5a47df2563e3bdc8364ee49b/element - {"using":"xpath","value":"//*[@id=\"application-manageyards-display-component---NewYard--addressEditDetailsCurrency-arrow\"]"}
RESULT: {"using":"xpath","value":"//*[@id=\"application-manageyards-display-component---NewYard--addressEditDetailsCurrency-arrow\"]"}
COMMAND: POST /session/8695070d5a47df2563e3bdc8364ee49b/element/f.C2FBE1F9D69D7A7D8F7D3E73BC2E8356.d.D1F6DE04B295AB2B1676B6B33BEF6F73.e.10070/click - {}
RESULT: {}
COMMAND: POST /session/8695070d5a47df2563e3bdc8364ee49b/element - {"using":"xpath","value":"//span[contains(text(), \"Euro\")]"}
COMMAND: GET /session/8695070d5a47df2563e3bdc8364ee49b/screenshot - {}
RESULT: {"using":"xpath","value":"//span[contains(text(), \"Euro\")]"}
COMMAND: POST /session/8695070d5a47df2563e3bdc8364ee49b/element/f.C2FBE1F9D69D7A7D8F7D3E73BC2E8356.d.D1F6DE04B295AB2B1676B6B33BEF6F73.e.10071/click - {}
RESULT: {}
RESULT: {}
COMMAND: POST /session/8695070d5a47df2563e3bdc8364ee49b/execute/async - {"script":"<script> [1562 bytes]","args":[{"selector":{"controlType":"sap.m.Input","viewName":"etm.portal.ui.manageyards.view.New","viewId":"application-manageyards-display-component---NewYard","bindingPath":{"path":"","propertyPath":"/CONTROLLING_AREA","modelName":"NewYardModel"},"interaction":{"idSuffix":"inner"}},"wdio_ui5_key":"etmportal.ui.manageyards.view.Newsap.m.Input{\"path\":\"\",\"propertyPath\":\"/CONTROLLING_AREA\",\"modelName\":\"NewYardModel\"}"}]}
COMMAND: GET /session/8695070d5a47df2563e3bdc8364ee49b/screenshot - {}
RESULT: {"script":"<script> [1562 bytes]","args":[{"selector":{"controlType":"sap.m.Input","viewName":"etm.portal.ui.manageyards.view.New","viewId":"application-manageyards-display-component---NewYard","bindingPath":{"path":"","propertyPath":"/CONTROLLING_AREA","modelName":"NewYardModel"},"interaction":{"idSuffix":"inner"}},"wdio_ui5_key":"etmportal.ui.manageyards.view.Newsap.m.Input{\"path\":\"\",\"propertyPath\":\"/CONTROLLING_AREA\",\"modelName\":\"NewYardModel\"}"}]}
RESULT: undefined
COMMAND: POST /session/8695070d5a47df2563e3bdc8364ee49b/execute/async - {"script":"<script> [776 bytes]","args":[{"enterText":"Z001","selector":{"controlType":"sap.m.Input","viewName":"etm.portal.ui.manageyards.view.New","viewId":"application-manageyards-display-component---NewYard","bindingPath":{"path":"","propertyPath":"/CONTROLLING_AREA","modelName":"NewYardModel"},"interaction":{"idSuffix":"inner"}},"clearTextFirst":true,"interactionType":"ENTER_TEXT"}]}
RESULT: {}
RESULT: {"script":"<script> [776 bytes]","args":[{"enterText":"Z001","selector":{"controlType":"sap.m.Input","viewName":"etm.portal.ui.manageyards.view.New","viewId":"application-manageyards-display-component---NewYard","bindingPath":{"path":"","propertyPath":"/CONTROLLING_AREA","modelName":"NewYardModel"},"interaction":{"idSuffix":"inner"}},"clearTextFirst":true,"interactionType":"ENTER_TEXT"}]}
COMMAND: POST /session/8695070d5a47df2563e3bdc8364ee49b/execute/async - {"script":"<script> [1562 bytes]","args":[{"selector":{"id":"application-manageyards-display-component---NewYard--companyCodeComboBox","interaction":{"idSuffix":"inner"}},"wdio_ui5_key":"applicationmanageyards-display-component---NewYard--companyCodeComboBox"}]}
RESULT: {"script":"<script> [1562 bytes]","args":[{"selector":{"id":"application-manageyards-display-component---NewYard--companyCodeComboBox","interaction":{"idSuffix":"inner"}},"wdio_ui5_key":"applicationmanageyards-display-component---NewYard--companyCodeComboBox"}]}
RESULT: undefined
COMMAND: POST /session/8695070d5a47df2563e3bdc8364ee49b/execute/async - {"script":"<script> [776 bytes]","args":[{"enterText":"1000","selector":{"id":"application-manageyards-display-component---NewYard--companyCodeComboBox","interaction":{"idSuffix":"inner"}},"clearTextFirst":true,"interactionType":"ENTER_TEXT"}]}
RESULT: {"script":"<script> [776 bytes]","args":[{"enterText":"1000","selector":{"id":"application-manageyards-display-component---NewYard--companyCodeComboBox","interaction":{"idSuffix":"inner"}},"clearTextFirst":true,"interactionType":"ENTER_TEXT"}]}
COMMAND: POST /session/8695070d5a47df2563e3bdc8364ee49b/execute/async - {"script":"<script> [1562 bytes]","args":[{"selector":{"controlType":"sap.m.Input","viewName":"etm.portal.ui.manageyards.view.New","viewId":"application-manageyards-display-component---NewYard","bindingPath":{"path":"","propertyPath":"/PLANT","modelName":"NewYardModel"},"interaction":{"idSuffix":"inner"}},"wdio_ui5_key":"etmportal.ui.manageyards.view.Newsap.m.Input{\"path\":\"\",\"propertyPath\":\"/PLANT\",\"modelName\":\"NewYardModel\"}"}]}
RESULT: {"script":"<script> [1562 bytes]","args":[{"selector":{"controlType":"sap.m.Input","viewName":"etm.portal.ui.manageyards.view.New","viewId":"application-manageyards-display-component---NewYard","bindingPath":{"path":"","propertyPath":"/PLANT","modelName":"NewYardModel"},"interaction":{"idSuffix":"inner"}},"wdio_ui5_key":"etmportal.ui.manageyards.view.Newsap.m.Input{\"path\":\"\",\"propertyPath\":\"/PLANT\",\"modelName\":\"NewYardModel\"}"}]}
RESULT: undefined
COMMAND: POST /session/8695070d5a47df2563e3bdc8364ee49b/execute/async - {"script":"<script> [776 bytes]","args":[{"enterText":"1001","selector":{"controlType":"sap.m.Input","viewName":"etm.portal.ui.manageyards.view.New","viewId":"application-manageyards-display-component---NewYard","bindingPath":{"path":"","propertyPath":"/PLANT","modelName":"NewYardModel"},"interaction":{"idSuffix":"inner"}},"clearTextFirst":true,"interactionType":"ENTER_TEXT"}]}
RESULT: {"script":"<script> [776 bytes]","args":[{"enterText":"1001","selector":{"controlType":"sap.m.Input","viewName":"etm.portal.ui.manageyards.view.New","viewId":"application-manageyards-display-component---NewYard","bindingPath":{"path":"","propertyPath":"/PLANT","modelName":"NewYardModel"},"interaction":{"idSuffix":"inner"}},"clearTextFirst":true,"interactionType":"ENTER_TEXT"}]}
COMMAND: POST /session/8695070d5a47df2563e3bdc8364ee49b/execute/async - {"script":"<script> [1562 bytes]","args":[{"selector":{"controlType":"sap.m.Input","viewName":"etm.portal.ui.manageyards.view.New","viewId":"application-manageyards-display-component---NewYard","bindingPath":{"path":"","propertyPath":"/SALES_AREA_VKORG","modelName":"NewYardModel"},"interaction":{"idSuffix":"inner"}},"wdio_ui5_key":"etmportal.ui.manageyards.view.Newsap.m.Input{\"path\":\"\",\"propertyPath\":\"/SALES_AREA_VKORG\",\"modelName\":\"NewYardModel\"}"}]}
RESULT: {"script":"<script> [1562 bytes]","args":[{"selector":{"controlType":"sap.m.Input","viewName":"etm.portal.ui.manageyards.view.New","viewId":"application-manageyards-display-component---NewYard","bindingPath":{"path":"","propertyPath":"/SALES_AREA_VKORG","modelName":"NewYardModel"},"interaction":{"idSuffix":"inner"}},"wdio_ui5_key":"etmportal.ui.manageyards.view.Newsap.m.Input{\"path\":\"\",\"propertyPath\":\"/SALES_AREA_VKORG\",\"modelName\":\"NewYardModel\"}"}]}
RESULT: undefined
COMMAND: POST /session/8695070d5a47df2563e3bdc8364ee49b/execute/async - {"script":"<script> [776 bytes]","args":[{"enterText":"C002","selector":{"controlType":"sap.m.Input","viewName":"etm.portal.ui.manageyards.view.New","viewId":"application-manageyards-display-component---NewYard","bindingPath":{"path":"","propertyPath":"/SALES_AREA_VKORG","modelName":"NewYardModel"},"interaction":{"idSuffix":"inner"}},"clearTextFirst":true,"interactionType":"ENTER_TEXT"}]}
RESULT: {"script":"<script> [776 bytes]","args":[{"enterText":"C002","selector":{"controlType":"sap.m.Input","viewName":"etm.portal.ui.manageyards.view.New","viewId":"application-manageyards-display-component---NewYard","bindingPath":{"path":"","propertyPath":"/SALES_AREA_VKORG","modelName":"NewYardModel"},"interaction":{"idSuffix":"inner"}},"clearTextFirst":true,"interactionType":"ENTER_TEXT"}]}
COMMAND: POST /session/8695070d5a47df2563e3bdc8364ee49b/execute/async - {"script":"<script> [1562 bytes]","args":[{"selector":{"controlType":"sap.m.Input","viewName":"etm.portal.ui.manageyards.view.New","viewId":"application-manageyards-display-component---NewYard","bindingPath":{"path":"","propertyPath":"/SALES_AREA_VTWEG","modelName":"NewYardModel"},"interaction":{"idSuffix":"inner"}},"wdio_ui5_key":"etmportal.ui.manageyards.view.Newsap.m.Input{\"path\":\"\",\"propertyPath\":\"/SALES_AREA_VTWEG\",\"modelName\":\"NewYardModel\"}"}]}
RESULT: {"script":"<script> [1562 bytes]","args":[{"selector":{"controlType":"sap.m.Input","viewName":"etm.portal.ui.manageyards.view.New","viewId":"application-manageyards-display-component---NewYard","bindingPath":{"path":"","propertyPath":"/SALES_AREA_VTWEG","modelName":"NewYardModel"},"interaction":{"idSuffix":"inner"}},"wdio_ui5_key":"etmportal.ui.manageyards.view.Newsap.m.Input{\"path\":\"\",\"propertyPath\":\"/SALES_AREA_VTWEG\",\"modelName\":\"NewYardModel\"}"}]}
RESULT: undefined
COMMAND: POST /session/8695070d5a47df2563e3bdc8364ee49b/execute/async - {"script":"<script> [776 bytes]","args":[{"enterText":"C2","selector":{"controlType":"sap.m.Input","viewName":"etm.portal.ui.manageyards.view.New","viewId":"application-manageyards-display-component---NewYard","bindingPath":{"path":"","propertyPath":"/SALES_AREA_VTWEG","modelName":"NewYardModel"},"interaction":{"idSuffix":"inner"}},"clearTextFirst":true,"interactionType":"ENTER_TEXT"}]}
RESULT: {"script":"<script> [776 bytes]","args":[{"enterText":"C2","selector":{"controlType":"sap.m.Input","viewName":"etm.portal.ui.manageyards.view.New","viewId":"application-manageyards-display-component---NewYard","bindingPath":{"path":"","propertyPath":"/SALES_AREA_VTWEG","modelName":"NewYardModel"},"interaction":{"idSuffix":"inner"}},"clearTextFirst":true,"interactionType":"ENTER_TEXT"}]}
COMMAND: POST /session/8695070d5a47df2563e3bdc8364ee49b/execute/async - {"script":"<script> [1562 bytes]","args":[{"selector":{"controlType":"sap.m.Input","viewName":"etm.portal.ui.manageyards.view.New","viewId":"application-manageyards-display-component---NewYard","bindingPath":{"path":"","propertyPath":"/SALES_AREA_SPART","modelName":"NewYardModel"},"interaction":{"idSuffix":"inner"}},"wdio_ui5_key":"etmportal.ui.manageyards.view.Newsap.m.Input{\"path\":\"\",\"propertyPath\":\"/SALES_AREA_SPART\",\"modelName\":\"NewYardModel\"}"}]}
RESULT: {"script":"<script> [1562 bytes]","args":[{"selector":{"controlType":"sap.m.Input","viewName":"etm.portal.ui.manageyards.view.New","viewId":"application-manageyards-display-component---NewYard","bindingPath":{"path":"","propertyPath":"/SALES_AREA_SPART","modelName":"NewYardModel"},"interaction":{"idSuffix":"inner"}},"wdio_ui5_key":"etmportal.ui.manageyards.view.Newsap.m.Input{\"path\":\"\",\"propertyPath\":\"/SALES_AREA_SPART\",\"modelName\":\"NewYardModel\"}"}]}
RESULT: undefined
COMMAND: POST /session/8695070d5a47df2563e3bdc8364ee49b/execute/async - {"script":"<script> [776 bytes]","args":[{"enterText":"C2","selector":{"controlType":"sap.m.Input","viewName":"etm.portal.ui.manageyards.view.New","viewId":"application-manageyards-display-component---NewYard","bindingPath":{"path":"","propertyPath":"/SALES_AREA_SPART","modelName":"NewYardModel"},"interaction":{"idSuffix":"inner"}},"clearTextFirst":true,"interactionType":"ENTER_TEXT"}]}
RESULT: {"script":"<script> [776 bytes]","args":[{"enterText":"C2","selector":{"controlType":"sap.m.Input","viewName":"etm.portal.ui.manageyards.view.New","viewId":"application-manageyards-display-component---NewYard","bindingPath":{"path":"","propertyPath":"/SALES_AREA_SPART","modelName":"NewYardModel"},"interaction":{"idSuffix":"inner"}},"clearTextFirst":true,"interactionType":"ENTER_TEXT"}]}
COMMAND: POST /session/8695070d5a47df2563e3bdc8364ee49b/execute/async - {"script":"<script> [1562 bytes]","args":[{"selector":{"controlType":"sap.m.Input","viewName":"etm.portal.ui.manageyards.view.New","viewId":"application-manageyards-display-component---NewYard","bindingPath":{"path":"","propertyPath":"/SHIP_POINT","modelName":"NewYardModel"},"interaction":{"idSuffix":"inner"}},"wdio_ui5_key":"etmportal.ui.manageyards.view.Newsap.m.Input{\"path\":\"\",\"propertyPath\":\"/SHIP_POINT\",\"modelName\":\"NewYardModel\"}"}]}
RESULT: {"script":"<script> [1562 bytes]","args":[{"selector":{"controlType":"sap.m.Input","viewName":"etm.portal.ui.manageyards.view.New","viewId":"application-manageyards-display-component---NewYard","bindingPath":{"path":"","propertyPath":"/SHIP_POINT","modelName":"NewYardModel"},"interaction":{"idSuffix":"inner"}},"wdio_ui5_key":"etmportal.ui.manageyards.view.Newsap.m.Input{\"path\":\"\",\"propertyPath\":\"/SHIP_POINT\",\"modelName\":\"NewYardModel\"}"}]}
RESULT: undefined
COMMAND: POST /session/8695070d5a47df2563e3bdc8364ee49b/execute/async - {"script":"<script> [776 bytes]","args":[{"enterText":"1710","selector":{"controlType":"sap.m.Input","viewName":"etm.portal.ui.manageyards.view.New","viewId":"application-manageyards-display-component---NewYard","bindingPath":{"path":"","propertyPath":"/SHIP_POINT","modelName":"NewYardModel"},"interaction":{"idSuffix":"inner"}},"clearTextFirst":true,"interactionType":"ENTER_TEXT"}]}
RESULT: {"script":"<script> [776 bytes]","args":[{"enterText":"1710","selector":{"controlType":"sap.m.Input","viewName":"etm.portal.ui.manageyards.view.New","viewId":"application-manageyards-display-component---NewYard","bindingPath":{"path":"","propertyPath":"/SHIP_POINT","modelName":"NewYardModel"},"interaction":{"idSuffix":"inner"}},"clearTextFirst":true,"interactionType":"ENTER_TEXT"}]}
COMMAND: POST /session/8695070d5a47df2563e3bdc8364ee49b/execute/async - {"script":"<script> [1562 bytes]","args":[{"selector":{"controlType":"sap.m.Input","viewName":"etm.portal.ui.manageyards.view.New","viewId":"application-manageyards-display-component---NewYard","bindingPath":{"path":"","propertyPath":"/DELIVERY_TYPE","modelName":"NewYardModel"},"interaction":{"idSuffix":"inner"}},"wdio_ui5_key":"etmportal.ui.manageyards.view.Newsap.m.Input{\"path\":\"\",\"propertyPath\":\"/DELIVERY_TYPE\",\"modelName\":\"NewYardModel\"}"}]}
RESULT: {"script":"<script> [1562 bytes]","args":[{"selector":{"controlType":"sap.m.Input","viewName":"etm.portal.ui.manageyards.view.New","viewId":"application-manageyards-display-component---NewYard","bindingPath":{"path":"","propertyPath":"/DELIVERY_TYPE","modelName":"NewYardModel"},"interaction":{"idSuffix":"inner"}},"wdio_ui5_key":"etmportal.ui.manageyards.view.Newsap.m.Input{\"path\":\"\",\"propertyPath\":\"/DELIVERY_TYPE\",\"modelName\":\"NewYardModel\"}"}]}
RESULT: undefined
COMMAND: POST /session/8695070d5a47df2563e3bdc8364ee49b/execute/async - {"script":"<script> [776 bytes]","args":[{"enterText":"ZL01","selector":{"controlType":"sap.m.Input","viewName":"etm.portal.ui.manageyards.view.New","viewId":"application-manageyards-display-component---NewYard","bindingPath":{"path":"","propertyPath":"/DELIVERY_TYPE","modelName":"NewYardModel"},"interaction":{"idSuffix":"inner"}},"clearTextFirst":true,"interactionType":"ENTER_TEXT"}]}
RESULT: {"script":"<script> [776 bytes]","args":[{"enterText":"ZL01","selector":{"controlType":"sap.m.Input","viewName":"etm.portal.ui.manageyards.view.New","viewId":"application-manageyards-display-component---NewYard","bindingPath":{"path":"","propertyPath":"/DELIVERY_TYPE","modelName":"NewYardModel"},"interaction":{"idSuffix":"inner"}},"clearTextFirst":true,"interactionType":"ENTER_TEXT"}]}
COMMAND: POST /session/8695070d5a47df2563e3bdc8364ee49b/execute/async - {"script":"<script> [1562 bytes]","args":[{"selector":{"controlType":"sap.m.Input","viewName":"etm.portal.ui.manageyards.view.New","viewId":"application-manageyards-display-component---NewYard","bindingPath":{"path":"","propertyPath":"/AUART","modelName":"NewYardModel"},"interaction":{"idSuffix":"inner"}},"wdio_ui5_key":"etmportal.ui.manageyards.view.Newsap.m.Input{\"path\":\"\",\"propertyPath\":\"/AUART\",\"modelName\":\"NewYardModel\"}"}]}
RESULT: {"script":"<script> [1562 bytes]","args":[{"selector":{"controlType":"sap.m.Input","viewName":"etm.portal.ui.manageyards.view.New","viewId":"application-manageyards-display-component---NewYard","bindingPath":{"path":"","propertyPath":"/AUART","modelName":"NewYardModel"},"interaction":{"idSuffix":"inner"}},"wdio_ui5_key":"etmportal.ui.manageyards.view.Newsap.m.Input{\"path\":\"\",\"propertyPath\":\"/AUART\",\"modelName\":\"NewYardModel\"}"}]}
RESULT: undefined
COMMAND: POST /session/8695070d5a47df2563e3bdc8364ee49b/execute/async - {"script":"<script> [776 bytes]","args":[{"enterText":"TA","selector":{"controlType":"sap.m.Input","viewName":"etm.portal.ui.manageyards.view.New","viewId":"application-manageyards-display-component---NewYard","bindingPath":{"path":"","propertyPath":"/AUART","modelName":"NewYardModel"},"interaction":{"idSuffix":"inner"}},"clearTextFirst":true,"interactionType":"ENTER_TEXT"}]}
RESULT: {"script":"<script> [776 bytes]","args":[{"enterText":"TA","selector":{"controlType":"sap.m.Input","viewName":"etm.portal.ui.manageyards.view.New","viewId":"application-manageyards-display-component---NewYard","bindingPath":{"path":"","propertyPath":"/AUART","modelName":"NewYardModel"},"interaction":{"idSuffix":"inner"}},"clearTextFirst":true,"interactionType":"ENTER_TEXT"}]}
COMMAND: POST /session/8695070d5a47df2563e3bdc8364ee49b/element - {"using":"xpath","value":"//button[@data-kt=\"newYardSaveButton\"]"}
RESULT: {"using":"xpath","value":"//button[@data-kt=\"newYardSaveButton\"]"}
COMMAND: POST /session/8695070d5a47df2563e3bdc8364ee49b/element/f.C2FBE1F9D69D7A7D8F7D3E73BC2E8356.d.D1F6DE04B295AB2B1676B6B33BEF6F73.e.9969/click - {}
RESULT: {}
COMMAND: GET /session/8695070d5a47df2563e3bdc8364ee49b/screenshot - {}
RESULT: {}
COMMAND: POST /session/8695070d5a47df2563e3bdc8364ee49b/element - {"using":"xpath","value":"//header[contains(@id, 'ObjectPageLayout-headerTitle')]/div[1]/div[2]/div[1]/span[1]"}
RESULT: {"using":"xpath","value":"//header[contains(@id, 'ObjectPageLayout-headerTitle')]/div[1]/div[2]/div[1]/span[1]"}
COMMAND: POST /session/8695070d5a47df2563e3bdc8364ee49b/elements - {"using":"xpath","value":"//header[contains(@id, 'ObjectPageLayout-headerTitle')]/div[1]/div[2]/div[1]/span[1]"}
RESULT: {"using":"xpath","value":"//header[contains(@id, 'ObjectPageLayout-headerTitle')]/div[1]/div[2]/div[1]/span[1]"}
COMMAND: POST /session/8695070d5a47df2563e3bdc8364ee49b/execute/sync - {"script":"<script> [56 bytes]","args":[{"element-6066-11e4-a52e-4f735466cecf":"f.C2FBE1F9D69D7A7D8F7D3E73BC2E8356.d.D1F6DE04B295AB2B1676B6B33BEF6F73.e.10290","ELEMENT":"f.C2FBE1F9D69D7A7D8F7D3E73BC2E8356.d.D1F6DE04B295AB2B1676B6B33BEF6F73.e.10290"}]}
RESULT: {"script":"<script> [56 bytes]","args":[{"element-6066-11e4-a52e-4f735466cecf":"f.C2FBE1F9D69D7A7D8F7D3E73BC2E8356.d.D1F6DE04B295AB2B1676B6B33BEF6F73.e.10290","ELEMENT":"f.C2FBE1F9D69D7A7D8F7D3E73BC2E8356.d.D1F6DE04B295AB2B1676B6B33BEF6F73.e.10290"}]}
COMMAND: GET /session/8695070d5a47df2563e3bdc8364ee49b/screenshot - {}
RESULT: {}
COMMAND: POST /session/8695070d5a47df2563e3bdc8364ee49b/element - {"using":"css selector","value":"#shell-header-logo"}
RESULT: {"using":"css selector","value":"#shell-header-logo"}
COMMAND: POST /session/8695070d5a47df2563e3bdc8364ee49b/element/f.C2FBE1F9D69D7A7D8F7D3E73BC2E8356.d.D1F6DE04B295AB2B1676B6B33BEF6F73.e.9559/click - {}
RESULT: {}
COMMAND: GET /session/8695070d5a47df2563e3bdc8364ee49b/screenshot - {}
RESULT: {}
COMMAND: POST /session/8695070d5a47df2563e3bdc8364ee49b/execute/sync - {"script":"<script> [299 bytes]","args":[["getModel","getResource"]]}
RESULT: {"script":"<script> [299 bytes]","args":[["getModel","getResource"]]}
]]></system-out>
    </testcase>
    <testcase classname="chrome.136_0_7103_93.windows.Create_partner_US118246" name="Should create new external partner" time="99.212">
      <system-out><![CDATA[
COMMAND: GET /session/8695070d5a47df2563e3bdc8364ee49b/screenshot - {}
COMMAND: POST /session/8695070d5a47df2563e3bdc8364ee49b/window/fullscreen - {}
RESULT: {}
COMMAND: POST /session/8695070d5a47df2563e3bdc8364ee49b/execute/async - {"script":"<script> [1562 bytes]","args":[{"selector":{"controlType":"sap.m.GenericTile","properties":{"header":"Manage Partners"}},"wdio_ui5_key":"sapm.GenericTile{\"header\":\"Manage Partners\"}"}]}
RESULT: {}
RESULT: {"script":"<script> [1562 bytes]","args":[{"selector":{"controlType":"sap.m.GenericTile","properties":{"header":"Manage Partners"}},"wdio_ui5_key":"sapm.GenericTile{\"header\":\"Manage Partners\"}"}]}
RESULT: undefined
COMMAND: POST /session/8695070d5a47df2563e3bdc8364ee49b/element - {"using":"xpath","value":"//*[@id=\"__tile38\"]"}
RESULT: {"using":"xpath","value":"//*[@id=\"__tile38\"]"}
COMMAND: POST /session/8695070d5a47df2563e3bdc8364ee49b/element/f.C2FBE1F9D69D7A7D8F7D3E73BC2E8356.d.D1F6DE04B295AB2B1676B6B33BEF6F73.e.9447/click - {}
RESULT: {}
COMMAND: GET /session/8695070d5a47df2563e3bdc8364ee49b/screenshot - {}
RESULT: {}
COMMAND: POST /session/8695070d5a47df2563e3bdc8364ee49b/elements - {"using":"xpath","value":"//span[text()='Error']"}
RESULT: {"using":"xpath","value":"//span[text()='Error']"}
COMMAND: POST /session/8695070d5a47df2563e3bdc8364ee49b/element - {"using":"xpath","value":"//button[@data-kt=\"addButton\"]"}
RESULT: {"using":"xpath","value":"//button[@data-kt=\"addButton\"]"}
COMMAND: POST /session/8695070d5a47df2563e3bdc8364ee49b/elements - {"using":"xpath","value":"//button[@data-kt=\"addButton\"]"}
RESULT: {"using":"xpath","value":"//button[@data-kt=\"addButton\"]"}
COMMAND: POST /session/8695070d5a47df2563e3bdc8364ee49b/execute/sync - {"script":"<script> [8489 bytes]","args":[{"element-6066-11e4-a52e-4f735466cecf":"f.C2FBE1F9D69D7A7D8F7D3E73BC2E8356.d.D1F6DE04B295AB2B1676B6B33BEF6F73.e.10338","ELEMENT":"f.C2FBE1F9D69D7A7D8F7D3E73BC2E8356.d.D1F6DE04B295AB2B1676B6B33BEF6F73.e.10338"}]}
RESULT: {"script":"<script> [8489 bytes]","args":[{"element-6066-11e4-a52e-4f735466cecf":"f.C2FBE1F9D69D7A7D8F7D3E73BC2E8356.d.D1F6DE04B295AB2B1676B6B33BEF6F73.e.10338","ELEMENT":"f.C2FBE1F9D69D7A7D8F7D3E73BC2E8356.d.D1F6DE04B295AB2B1676B6B33BEF6F73.e.10338"}]}
COMMAND: GET /session/8695070d5a47df2563e3bdc8364ee49b/element/f.C2FBE1F9D69D7A7D8F7D3E73BC2E8356.d.D1F6DE04B295AB2B1676B6B33BEF6F73.e.10338/enabled - {}
COMMAND: GET /session/8695070d5a47df2563e3bdc8364ee49b/screenshot - {}
RESULT: {}
COMMAND: POST /session/8695070d5a47df2563e3bdc8364ee49b/execute/sync - {"script":"<script> [8489 bytes]","args":[{"element-6066-11e4-a52e-4f735466cecf":"f.C2FBE1F9D69D7A7D8F7D3E73BC2E8356.d.D1F6DE04B295AB2B1676B6B33BEF6F73.e.10338","ELEMENT":"f.C2FBE1F9D69D7A7D8F7D3E73BC2E8356.d.D1F6DE04B295AB2B1676B6B33BEF6F73.e.10338"}]}
COMMAND: GET /session/8695070d5a47df2563e3bdc8364ee49b/screenshot - {}
RESULT: {}
RESULT: {"script":"<script> [8489 bytes]","args":[{"element-6066-11e4-a52e-4f735466cecf":"f.C2FBE1F9D69D7A7D8F7D3E73BC2E8356.d.D1F6DE04B295AB2B1676B6B33BEF6F73.e.10338","ELEMENT":"f.C2FBE1F9D69D7A7D8F7D3E73BC2E8356.d.D1F6DE04B295AB2B1676B6B33BEF6F73.e.10338"}]}
COMMAND: POST /session/8695070d5a47df2563e3bdc8364ee49b/execute/sync - {"script":"<script> [5351 bytes]","args":[{"element-6066-11e4-a52e-4f735466cecf":"f.C2FBE1F9D69D7A7D8F7D3E73BC2E8356.d.D1F6DE04B295AB2B1676B6B33BEF6F73.e.10338","ELEMENT":"f.C2FBE1F9D69D7A7D8F7D3E73BC2E8356.d.D1F6DE04B295AB2B1676B6B33BEF6F73.e.10338"}]}
COMMAND: GET /session/8695070d5a47df2563e3bdc8364ee49b/screenshot - {}
RESULT: {}
RESULT: {"script":"<script> [5351 bytes]","args":[{"element-6066-11e4-a52e-4f735466cecf":"f.C2FBE1F9D69D7A7D8F7D3E73BC2E8356.d.D1F6DE04B295AB2B1676B6B33BEF6F73.e.10338","ELEMENT":"f.C2FBE1F9D69D7A7D8F7D3E73BC2E8356.d.D1F6DE04B295AB2B1676B6B33BEF6F73.e.10338"}]}
COMMAND: POST /session/8695070d5a47df2563e3bdc8364ee49b/element/f.C2FBE1F9D69D7A7D8F7D3E73BC2E8356.d.D1F6DE04B295AB2B1676B6B33BEF6F73.e.10338/click - {}
COMMAND: GET /session/8695070d5a47df2563e3bdc8364ee49b/screenshot - {}
RESULT: {}
RESULT: {}
COMMAND: GET /session/8695070d5a47df2563e3bdc8364ee49b/screenshot - {}
COMMAND: POST /session/8695070d5a47df2563e3bdc8364ee49b/execute/async - {"script":"<script> [1562 bytes]","args":[{"selector":{"id":"application-managepartners-display-component---NewPartner--addressDetailDetailsName1","interaction":{"idSuffix":"inner"}},"wdio_ui5_key":"applicationmanagepartners-display-component---NewPartner--addressDetailDetailsName1"}]}
RESULT: {}
RESULT: {}
RESULT: {"script":"<script> [1562 bytes]","args":[{"selector":{"id":"application-managepartners-display-component---NewPartner--addressDetailDetailsName1","interaction":{"idSuffix":"inner"}},"wdio_ui5_key":"applicationmanagepartners-display-component---NewPartner--addressDetailDetailsName1"}]}
RESULT: undefined
COMMAND: POST /session/8695070d5a47df2563e3bdc8364ee49b/execute/async - {"script":"<script> [776 bytes]","args":[{"enterText":"External Partner WDIO","selector":{"id":"application-managepartners-display-component---NewPartner--addressDetailDetailsName1","interaction":{"idSuffix":"inner"}},"clearTextFirst":true,"interactionType":"ENTER_TEXT"}]}
RESULT: {"script":"<script> [776 bytes]","args":[{"enterText":"External Partner WDIO","selector":{"id":"application-managepartners-display-component---NewPartner--addressDetailDetailsName1","interaction":{"idSuffix":"inner"}},"clearTextFirst":true,"interactionType":"ENTER_TEXT"}]}
COMMAND: POST /session/8695070d5a47df2563e3bdc8364ee49b/execute/async - {"script":"<script> [1562 bytes]","args":[{"selector":{"id":"application-managepartners-display-component---NewPartner--addressDetailDetailsLanguage-arrow"},"wdio_ui5_key":"applicationmanagepartners-display-component---NewPartner--addressDetailDetailsLanguage-arrow"}]}
RESULT: {"script":"<script> [1562 bytes]","args":[{"selector":{"id":"application-managepartners-display-component---NewPartner--addressDetailDetailsLanguage-arrow"},"wdio_ui5_key":"applicationmanagepartners-display-component---NewPartner--addressDetailDetailsLanguage-arrow"}]}
RESULT: undefined
COMMAND: POST /session/8695070d5a47df2563e3bdc8364ee49b/element - {"using":"xpath","value":"//*[@id=\"application-managepartners-display-component---NewPartner--addressDetailDetailsLanguage-arrow\"]"}
RESULT: {"using":"xpath","value":"//*[@id=\"application-managepartners-display-component---NewPartner--addressDetailDetailsLanguage-arrow\"]"}
COMMAND: POST /session/8695070d5a47df2563e3bdc8364ee49b/element/f.C2FBE1F9D69D7A7D8F7D3E73BC2E8356.d.D1F6DE04B295AB2B1676B6B33BEF6F73.e.10779/click - {}
RESULT: {}
COMMAND: POST /session/8695070d5a47df2563e3bdc8364ee49b/element - {"using":"xpath","value":"//span[contains(text(), \"English\")]"}
COMMAND: GET /session/8695070d5a47df2563e3bdc8364ee49b/screenshot - {}
RESULT: {"using":"xpath","value":"//span[contains(text(), \"English\")]"}
COMMAND: POST /session/8695070d5a47df2563e3bdc8364ee49b/element/f.C2FBE1F9D69D7A7D8F7D3E73BC2E8356.d.D1F6DE04B295AB2B1676B6B33BEF6F73.e.10780/click - {}
RESULT: {}
RESULT: {}
COMMAND: GET /session/8695070d5a47df2563e3bdc8364ee49b/screenshot - {}
RESULT: {}
COMMAND: POST /session/8695070d5a47df2563e3bdc8364ee49b/execute/async - {"script":"<script> [1562 bytes]","args":[{"selector":{"id":"application-managepartners-display-component---NewPartner--addressDetailDetailsCity1","interaction":{"idSuffix":"inner"}},"wdio_ui5_key":"applicationmanagepartners-display-component---NewPartner--addressDetailDetailsCity1"}]}
RESULT: {"script":"<script> [1562 bytes]","args":[{"selector":{"id":"application-managepartners-display-component---NewPartner--addressDetailDetailsCity1","interaction":{"idSuffix":"inner"}},"wdio_ui5_key":"applicationmanagepartners-display-component---NewPartner--addressDetailDetailsCity1"}]}
RESULT: undefined
COMMAND: POST /session/8695070d5a47df2563e3bdc8364ee49b/execute/async - {"script":"<script> [776 bytes]","args":[{"enterText":"Rosario","selector":{"id":"application-managepartners-display-component---NewPartner--addressDetailDetailsCity1","interaction":{"idSuffix":"inner"}},"clearTextFirst":true,"interactionType":"ENTER_TEXT"}]}
RESULT: {"script":"<script> [776 bytes]","args":[{"enterText":"Rosario","selector":{"id":"application-managepartners-display-component---NewPartner--addressDetailDetailsCity1","interaction":{"idSuffix":"inner"}},"clearTextFirst":true,"interactionType":"ENTER_TEXT"}]}
COMMAND: POST /session/8695070d5a47df2563e3bdc8364ee49b/execute/async - {"script":"<script> [1562 bytes]","args":[{"selector":{"id":"application-managepartners-display-component---NewPartner--addressDetailDetailsCountry-arrow"},"wdio_ui5_key":"applicationmanagepartners-display-component---NewPartner--addressDetailDetailsCountry-arrow"}]}
RESULT: {"script":"<script> [1562 bytes]","args":[{"selector":{"id":"application-managepartners-display-component---NewPartner--addressDetailDetailsCountry-arrow"},"wdio_ui5_key":"applicationmanagepartners-display-component---NewPartner--addressDetailDetailsCountry-arrow"}]}
RESULT: undefined
COMMAND: POST /session/8695070d5a47df2563e3bdc8364ee49b/element - {"using":"xpath","value":"//*[@id=\"application-managepartners-display-component---NewPartner--addressDetailDetailsCountry-arrow\"]"}
RESULT: {"using":"xpath","value":"//*[@id=\"application-managepartners-display-component---NewPartner--addressDetailDetailsCountry-arrow\"]"}
COMMAND: POST /session/8695070d5a47df2563e3bdc8364ee49b/element/f.C2FBE1F9D69D7A7D8F7D3E73BC2E8356.d.D1F6DE04B295AB2B1676B6B33BEF6F73.e.10742/click - {}
RESULT: {}
COMMAND: POST /session/8695070d5a47df2563e3bdc8364ee49b/element - {"using":"xpath","value":"//span[contains(text(), \"Argentina\")]"}
COMMAND: GET /session/8695070d5a47df2563e3bdc8364ee49b/screenshot - {}
RESULT: {"using":"xpath","value":"//span[contains(text(), \"Argentina\")]"}
COMMAND: POST /session/8695070d5a47df2563e3bdc8364ee49b/element/f.C2FBE1F9D69D7A7D8F7D3E73BC2E8356.d.D1F6DE04B295AB2B1676B6B33BEF6F73.e.10782/click - {}
RESULT: {}
RESULT: {}
COMMAND: GET /session/8695070d5a47df2563e3bdc8364ee49b/screenshot - {}
RESULT: {}
COMMAND: POST /session/8695070d5a47df2563e3bdc8364ee49b/element - {"using":"xpath","value":"//bdi[contains(text(), \"Commercial\")]"}
RESULT: {"using":"xpath","value":"//bdi[contains(text(), \"Commercial\")]"}
COMMAND: POST /session/8695070d5a47df2563e3bdc8364ee49b/element/f.C2FBE1F9D69D7A7D8F7D3E73BC2E8356.d.D1F6DE04B295AB2B1676B6B33BEF6F73.e.10783/click - {}
RESULT: {}
COMMAND: GET /session/8695070d5a47df2563e3bdc8364ee49b/screenshot - {}
RESULT: {}
COMMAND: POST /session/8695070d5a47df2563e3bdc8364ee49b/execute/async - {"script":"<script> [1562 bytes]","args":[{"selector":{"id":"application-managepartners-display-component---NewPartner--partnerDetailInternal-arrow"},"wdio_ui5_key":"applicationmanagepartners-display-component---NewPartner--partnerDetailInternal-arrow"}]}
RESULT: {"script":"<script> [1562 bytes]","args":[{"selector":{"id":"application-managepartners-display-component---NewPartner--partnerDetailInternal-arrow"},"wdio_ui5_key":"applicationmanagepartners-display-component---NewPartner--partnerDetailInternal-arrow"}]}
RESULT: undefined
COMMAND: POST /session/8695070d5a47df2563e3bdc8364ee49b/element - {"using":"xpath","value":"//*[@id=\"application-managepartners-display-component---NewPartner--partnerDetailInternal-arrow\"]"}
RESULT: {"using":"xpath","value":"//*[@id=\"application-managepartners-display-component---NewPartner--partnerDetailInternal-arrow\"]"}
COMMAND: POST /session/8695070d5a47df2563e3bdc8364ee49b/element/f.C2FBE1F9D69D7A7D8F7D3E73BC2E8356.d.D1F6DE04B295AB2B1676B6B33BEF6F73.e.10791/click - {}
RESULT: {}
COMMAND: POST /session/8695070d5a47df2563e3bdc8364ee49b/element - {"using":"xpath","value":"//span[contains(text(), \"External partner\")]"}
COMMAND: GET /session/8695070d5a47df2563e3bdc8364ee49b/screenshot - {}
RESULT: {"using":"xpath","value":"//span[contains(text(), \"External partner\")]"}
COMMAND: POST /session/8695070d5a47df2563e3bdc8364ee49b/element/f.C2FBE1F9D69D7A7D8F7D3E73BC2E8356.d.D1F6DE04B295AB2B1676B6B33BEF6F73.e.10792/click - {}
RESULT: {}
RESULT: {}
COMMAND: POST /session/8695070d5a47df2563e3bdc8364ee49b/execute/async - {"script":"<script> [1562 bytes]","args":[{"selector":{"id":"application-managepartners-display-component---NewPartner--partnerDetailsCurrency-arrow"},"wdio_ui5_key":"applicationmanagepartners-display-component---NewPartner--partnerDetailsCurrency-arrow"}]}
COMMAND: GET /session/8695070d5a47df2563e3bdc8364ee49b/screenshot - {}
RESULT: {"script":"<script> [1562 bytes]","args":[{"selector":{"id":"application-managepartners-display-component---NewPartner--partnerDetailsCurrency-arrow"},"wdio_ui5_key":"applicationmanagepartners-display-component---NewPartner--partnerDetailsCurrency-arrow"}]}
RESULT: undefined
COMMAND: POST /session/8695070d5a47df2563e3bdc8364ee49b/element - {"using":"xpath","value":"//*[@id=\"application-managepartners-display-component---NewPartner--partnerDetailsCurrency-arrow\"]"}
RESULT: {}
RESULT: {"using":"xpath","value":"//*[@id=\"application-managepartners-display-component---NewPartner--partnerDetailsCurrency-arrow\"]"}
COMMAND: POST /session/8695070d5a47df2563e3bdc8364ee49b/element/f.C2FBE1F9D69D7A7D8F7D3E73BC2E8356.d.D1F6DE04B295AB2B1676B6B33BEF6F73.e.10797/click - {}
RESULT: {}
COMMAND: POST /session/8695070d5a47df2563e3bdc8364ee49b/element - {"using":"xpath","value":"//span[contains(text(), \"US Dollar\")]"}
COMMAND: GET /session/8695070d5a47df2563e3bdc8364ee49b/screenshot - {}
RESULT: {"using":"xpath","value":"//span[contains(text(), \"US Dollar\")]"}
COMMAND: POST /session/8695070d5a47df2563e3bdc8364ee49b/element/f.C2FBE1F9D69D7A7D8F7D3E73BC2E8356.d.D1F6DE04B295AB2B1676B6B33BEF6F73.e.10798/click - {}
RESULT: {}
RESULT: {}
COMMAND: GET /session/8695070d5a47df2563e3bdc8364ee49b/screenshot - {}
RESULT: {}
COMMAND: POST /session/8695070d5a47df2563e3bdc8364ee49b/element - {"using":"xpath","value":"//input[@id=\"application-managepartners-display-component---NewPartner--companyCodeComboBox-inner\"]"}
RESULT: {"using":"xpath","value":"//input[@id=\"application-managepartners-display-component---NewPartner--companyCodeComboBox-inner\"]"}
COMMAND: POST /session/8695070d5a47df2563e3bdc8364ee49b/element/f.C2FBE1F9D69D7A7D8F7D3E73BC2E8356.d.D1F6DE04B295AB2B1676B6B33BEF6F73.e.10684/clear - {}
RESULT: {}
COMMAND: POST /session/8695070d5a47df2563e3bdc8364ee49b/element/f.C2FBE1F9D69D7A7D8F7D3E73BC2E8356.d.D1F6DE04B295AB2B1676B6B33BEF6F73.e.10684/value - {"text":"C002"}
COMMAND: GET /session/8695070d5a47df2563e3bdc8364ee49b/screenshot - {}
RESULT: {}
RESULT: {"text":"C002"}
COMMAND: GET /session/8695070d5a47df2563e3bdc8364ee49b/screenshot - {}
RESULT: {}
COMMAND: POST /session/8695070d5a47df2563e3bdc8364ee49b/element - {"using":"xpath","value":"//li[.//span[text()= \"C002\"]]"}
RESULT: {"using":"xpath","value":"//li[.//span[text()= \"C002\"]]"}
COMMAND: POST /session/8695070d5a47df2563e3bdc8364ee49b/element/f.C2FBE1F9D69D7A7D8F7D3E73BC2E8356.d.D1F6DE04B295AB2B1676B6B33BEF6F73.e.10802/click - {}
RESULT: {}
COMMAND: GET /session/8695070d5a47df2563e3bdc8364ee49b/screenshot - {}
RESULT: {}
COMMAND: POST /session/8695070d5a47df2563e3bdc8364ee49b/execute/async - {"script":"<script> [1562 bytes]","args":[{"selector":{"id":"application-managepartners-display-component---NewPartner--btnAddTableRow-img"},"wdio_ui5_key":"applicationmanagepartners-display-component---NewPartner--btnAddTableRow-img"}]}
RESULT: {"script":"<script> [1562 bytes]","args":[{"selector":{"id":"application-managepartners-display-component---NewPartner--btnAddTableRow-img"},"wdio_ui5_key":"applicationmanagepartners-display-component---NewPartner--btnAddTableRow-img"}]}
RESULT: undefined
COMMAND: POST /session/8695070d5a47df2563e3bdc8364ee49b/element - {"using":"xpath","value":"//*[@id=\"application-managepartners-display-component---NewPartner--btnAddTableRow-img\"]"}
RESULT: {"using":"xpath","value":"//*[@id=\"application-managepartners-display-component---NewPartner--btnAddTableRow-img\"]"}
COMMAND: POST /session/8695070d5a47df2563e3bdc8364ee49b/element/f.C2FBE1F9D69D7A7D8F7D3E73BC2E8356.d.D1F6DE04B295AB2B1676B6B33BEF6F73.e.10803/click - {}
RESULT: {}
COMMAND: GET /session/8695070d5a47df2563e3bdc8364ee49b/screenshot - {}
RESULT: {}
COMMAND: POST /session/8695070d5a47df2563e3bdc8364ee49b/element - {"using":"xpath","value":"//input[@id=\"application-managepartners-display-component---NewPartner--assignmentYard-application-managepartners-display-component---NewPartner--assignmentsTable-0-inner\"]"}
RESULT: {"using":"xpath","value":"//input[@id=\"application-managepartners-display-component---NewPartner--assignmentYard-application-managepartners-display-component---NewPartner--assignmentsTable-0-inner\"]"}
COMMAND: POST /session/8695070d5a47df2563e3bdc8364ee49b/element/f.C2FBE1F9D69D7A7D8F7D3E73BC2E8356.d.D1F6DE04B295AB2B1676B6B33BEF6F73.e.10806/clear - {}
RESULT: {}
COMMAND: POST /session/8695070d5a47df2563e3bdc8364ee49b/element/f.C2FBE1F9D69D7A7D8F7D3E73BC2E8356.d.D1F6DE04B295AB2B1676B6B33BEF6F73.e.10806/value - {"text":"350"}
COMMAND: GET /session/8695070d5a47df2563e3bdc8364ee49b/screenshot - {}
RESULT: {"text":"350"}
COMMAND: GET /session/8695070d5a47df2563e3bdc8364ee49b/screenshot - {}
RESULT: {}
RESULT: {}
COMMAND: POST /session/8695070d5a47df2563e3bdc8364ee49b/element - {"using":"xpath","value":"//li[.//span[text()='350']]"}
RESULT: {"using":"xpath","value":"//li[.//span[text()='350']]"}
COMMAND: POST /session/8695070d5a47df2563e3bdc8364ee49b/element/f.C2FBE1F9D69D7A7D8F7D3E73BC2E8356.d.D1F6DE04B295AB2B1676B6B33BEF6F73.e.10814/click - {}
RESULT: {}
COMMAND: GET /session/8695070d5a47df2563e3bdc8364ee49b/screenshot - {}
RESULT: {}
COMMAND: POST /session/8695070d5a47df2563e3bdc8364ee49b/actions - {"actions":[{"id":"action27","type":"key","parameters":{},"actions":[{"type":"keyDown","value":""},{"type":"pause","duration":10},{"type":"keyUp","value":""}]}]}
RESULT: {"actions":[{"id":"action27","type":"key","parameters":{},"actions":[{"type":"keyDown","value":""},{"type":"pause","duration":10},{"type":"keyUp","value":""}]}]}
COMMAND: POST /session/8695070d5a47df2563e3bdc8364ee49b/element - {"using":"xpath","value":"//td[contains(@id, \"assignmentsTable-0-cell2\")]/div/div"}
COMMAND: GET /session/8695070d5a47df2563e3bdc8364ee49b/screenshot - {}
RESULT: {"using":"xpath","value":"//td[contains(@id, \"assignmentsTable-0-cell2\")]/div/div"}
COMMAND: POST /session/8695070d5a47df2563e3bdc8364ee49b/element/f.C2FBE1F9D69D7A7D8F7D3E73BC2E8356.d.D1F6DE04B295AB2B1676B6B33BEF6F73.e.10817/click - {}
RESULT: {}
RESULT: {}
COMMAND: GET /session/8695070d5a47df2563e3bdc8364ee49b/screenshot - {}
RESULT: {}
COMMAND: POST /session/8695070d5a47df2563e3bdc8364ee49b/element - {"using":"xpath","value":"//button[@data-kt=\"saveButton\"]"}
RESULT: {"using":"xpath","value":"//button[@data-kt=\"saveButton\"]"}
COMMAND: POST /session/8695070d5a47df2563e3bdc8364ee49b/element/f.C2FBE1F9D69D7A7D8F7D3E73BC2E8356.d.D1F6DE04B295AB2B1676B6B33BEF6F73.e.10763/click - {}
RESULT: {}
COMMAND: GET /session/8695070d5a47df2563e3bdc8364ee49b/screenshot - {}
RESULT: {}
COMMAND: POST /session/8695070d5a47df2563e3bdc8364ee49b/element - {"using":"xpath","value":"//header[contains(@id, 'ObjectPageLayout-headerTitle')]/div[1]/div[2]/div[2]/span[1]"}
RESULT: {"using":"xpath","value":"//header[contains(@id, 'ObjectPageLayout-headerTitle')]/div[1]/div[2]/div[2]/span[1]"}
COMMAND: POST /session/8695070d5a47df2563e3bdc8364ee49b/elements - {"using":"xpath","value":"//header[contains(@id, 'ObjectPageLayout-headerTitle')]/div[1]/div[2]/div[2]/span[1]"}
RESULT: {"using":"xpath","value":"//header[contains(@id, 'ObjectPageLayout-headerTitle')]/div[1]/div[2]/div[2]/span[1]"}
COMMAND: POST /session/8695070d5a47df2563e3bdc8364ee49b/execute/sync - {"script":"<script> [56 bytes]","args":[{"element-6066-11e4-a52e-4f735466cecf":"f.C2FBE1F9D69D7A7D8F7D3E73BC2E8356.d.D1F6DE04B295AB2B1676B6B33BEF6F73.e.10979","ELEMENT":"f.C2FBE1F9D69D7A7D8F7D3E73BC2E8356.d.D1F6DE04B295AB2B1676B6B33BEF6F73.e.10979"}]}
RESULT: {"script":"<script> [56 bytes]","args":[{"element-6066-11e4-a52e-4f735466cecf":"f.C2FBE1F9D69D7A7D8F7D3E73BC2E8356.d.D1F6DE04B295AB2B1676B6B33BEF6F73.e.10979","ELEMENT":"f.C2FBE1F9D69D7A7D8F7D3E73BC2E8356.d.D1F6DE04B295AB2B1676B6B33BEF6F73.e.10979"}]}
COMMAND: POST /session/8695070d5a47df2563e3bdc8364ee49b/element - {"using":"css selector","value":"#shell-header-logo"}
COMMAND: GET /session/8695070d5a47df2563e3bdc8364ee49b/screenshot - {}
RESULT: {"using":"css selector","value":"#shell-header-logo"}
COMMAND: POST /session/8695070d5a47df2563e3bdc8364ee49b/element/f.C2FBE1F9D69D7A7D8F7D3E73BC2E8356.d.D1F6DE04B295AB2B1676B6B33BEF6F73.e.10293/click - {}
RESULT: {}
RESULT: {}
COMMAND: GET /session/8695070d5a47df2563e3bdc8364ee49b/screenshot - {}
RESULT: {}
COMMAND: POST /session/8695070d5a47df2563e3bdc8364ee49b/execute/sync - {"script":"<script> [299 bytes]","args":[["getModel","getResource"]]}
RESULT: {"script":"<script> [299 bytes]","args":[["getModel","getResource"]]}
]]></system-out>
    </testcase>
    <testcase classname="chrome.136_0_7103_93.windows.Create_partner_US118246" name="Should create a new yard in case create yard failed" time="108.752">
      <system-out><![CDATA[
COMMAND: GET /session/8695070d5a47df2563e3bdc8364ee49b/screenshot - {}
RESULT: undefined
COMMAND: POST /session/8695070d5a47df2563e3bdc8364ee49b/element - {"using":"xpath","value":"//*[@id=\"__tile41\"]"}
RESULT: {}
RESULT: {"using":"xpath","value":"//*[@id=\"__tile41\"]"}
COMMAND: POST /session/8695070d5a47df2563e3bdc8364ee49b/element/f.C2FBE1F9D69D7A7D8F7D3E73BC2E8356.d.D1F6DE04B295AB2B1676B6B33BEF6F73.e.9456/click - {}
RESULT: {}
COMMAND: GET /session/8695070d5a47df2563e3bdc8364ee49b/screenshot - {}
COMMAND: POST /session/8695070d5a47df2563e3bdc8364ee49b/elements - {"using":"xpath","value":"//span[text()='Error']"}
RESULT: {}
RESULT: {"using":"xpath","value":"//span[text()='Error']"}
COMMAND: POST /session/8695070d5a47df2563e3bdc8364ee49b/element - {"using":"xpath","value":"//button[@data-kt=\"addNewYardOverflowToolbarButton\"]"}
RESULT: {"using":"xpath","value":"//button[@data-kt=\"addNewYardOverflowToolbarButton\"]"}
COMMAND: POST /session/8695070d5a47df2563e3bdc8364ee49b/elements - {"using":"xpath","value":"//button[@data-kt=\"addNewYardOverflowToolbarButton\"]"}
RESULT: {"using":"xpath","value":"//button[@data-kt=\"addNewYardOverflowToolbarButton\"]"}
COMMAND: POST /session/8695070d5a47df2563e3bdc8364ee49b/execute/sync - {"script":"<script> [8489 bytes]","args":[{"element-6066-11e4-a52e-4f735466cecf":"f.C2FBE1F9D69D7A7D8F7D3E73BC2E8356.d.D1F6DE04B295AB2B1676B6B33BEF6F73.e.11015","ELEMENT":"f.C2FBE1F9D69D7A7D8F7D3E73BC2E8356.d.D1F6DE04B295AB2B1676B6B33BEF6F73.e.11015"}]}
RESULT: {"script":"<script> [8489 bytes]","args":[{"element-6066-11e4-a52e-4f735466cecf":"f.C2FBE1F9D69D7A7D8F7D3E73BC2E8356.d.D1F6DE04B295AB2B1676B6B33BEF6F73.e.11015","ELEMENT":"f.C2FBE1F9D69D7A7D8F7D3E73BC2E8356.d.D1F6DE04B295AB2B1676B6B33BEF6F73.e.11015"}]}
COMMAND: GET /session/8695070d5a47df2563e3bdc8364ee49b/element/f.C2FBE1F9D69D7A7D8F7D3E73BC2E8356.d.D1F6DE04B295AB2B1676B6B33BEF6F73.e.11015/enabled - {}
COMMAND: GET /session/8695070d5a47df2563e3bdc8364ee49b/screenshot - {}
RESULT: {}
COMMAND: POST /session/8695070d5a47df2563e3bdc8364ee49b/execute/sync - {"script":"<script> [8489 bytes]","args":[{"element-6066-11e4-a52e-4f735466cecf":"f.C2FBE1F9D69D7A7D8F7D3E73BC2E8356.d.D1F6DE04B295AB2B1676B6B33BEF6F73.e.11015","ELEMENT":"f.C2FBE1F9D69D7A7D8F7D3E73BC2E8356.d.D1F6DE04B295AB2B1676B6B33BEF6F73.e.11015"}]}
COMMAND: GET /session/8695070d5a47df2563e3bdc8364ee49b/screenshot - {}
RESULT: {}
RESULT: {"script":"<script> [8489 bytes]","args":[{"element-6066-11e4-a52e-4f735466cecf":"f.C2FBE1F9D69D7A7D8F7D3E73BC2E8356.d.D1F6DE04B295AB2B1676B6B33BEF6F73.e.11015","ELEMENT":"f.C2FBE1F9D69D7A7D8F7D3E73BC2E8356.d.D1F6DE04B295AB2B1676B6B33BEF6F73.e.11015"}]}
COMMAND: POST /session/8695070d5a47df2563e3bdc8364ee49b/execute/sync - {"script":"<script> [5351 bytes]","args":[{"element-6066-11e4-a52e-4f735466cecf":"f.C2FBE1F9D69D7A7D8F7D3E73BC2E8356.d.D1F6DE04B295AB2B1676B6B33BEF6F73.e.11015","ELEMENT":"f.C2FBE1F9D69D7A7D8F7D3E73BC2E8356.d.D1F6DE04B295AB2B1676B6B33BEF6F73.e.11015"}]}
COMMAND: GET /session/8695070d5a47df2563e3bdc8364ee49b/screenshot - {}
RESULT: {}
RESULT: {"script":"<script> [5351 bytes]","args":[{"element-6066-11e4-a52e-4f735466cecf":"f.C2FBE1F9D69D7A7D8F7D3E73BC2E8356.d.D1F6DE04B295AB2B1676B6B33BEF6F73.e.11015","ELEMENT":"f.C2FBE1F9D69D7A7D8F7D3E73BC2E8356.d.D1F6DE04B295AB2B1676B6B33BEF6F73.e.11015"}]}
COMMAND: POST /session/8695070d5a47df2563e3bdc8364ee49b/element/f.C2FBE1F9D69D7A7D8F7D3E73BC2E8356.d.D1F6DE04B295AB2B1676B6B33BEF6F73.e.11015/click - {}
COMMAND: GET /session/8695070d5a47df2563e3bdc8364ee49b/screenshot - {}
RESULT: {}
RESULT: {}
COMMAND: GET /session/8695070d5a47df2563e3bdc8364ee49b/screenshot - {}
COMMAND: POST /session/8695070d5a47df2563e3bdc8364ee49b/element - {"using":"xpath","value":"//input[@id=\"application-manageyards-display-component---NewYard--yardId-inner\"]"}
RESULT: {}
RESULT: {}
RESULT: {"using":"xpath","value":"//input[@id=\"application-manageyards-display-component---NewYard--yardId-inner\"]"}
COMMAND: POST /session/8695070d5a47df2563e3bdc8364ee49b/element - {"using":"xpath","value":"//input[@id=\"application-manageyards-display-component---NewYard--yardId-inner\"]"}
RESULT: {"using":"xpath","value":"//input[@id=\"application-manageyards-display-component---NewYard--yardId-inner\"]"}
RESULT: undefined
COMMAND: POST /session/8695070d5a47df2563e3bdc8364ee49b/execute/async - {"script":"<script> [776 bytes]","args":[{"enterText":"Warehouse Managed WDIO","selector":{"id":"application-manageyards-display-component---NewYard--addressDetailDetailsName1","interaction":{"idSuffix":"inner"}},"clearTextFirst":true,"interactionType":"ENTER_TEXT"}]}
RESULT: {"script":"<script> [776 bytes]","args":[{"enterText":"Warehouse Managed WDIO","selector":{"id":"application-manageyards-display-component---NewYard--addressDetailDetailsName1","interaction":{"idSuffix":"inner"}},"clearTextFirst":true,"interactionType":"ENTER_TEXT"}]}
RESULT: undefined
COMMAND: POST /session/8695070d5a47df2563e3bdc8364ee49b/element - {"using":"xpath","value":"//*[@id=\"application-manageyards-display-component---NewYard--addressDetailDetailsLanguage-arrow\"]"}
RESULT: {"using":"xpath","value":"//*[@id=\"application-manageyards-display-component---NewYard--addressDetailDetailsLanguage-arrow\"]"}
COMMAND: POST /session/8695070d5a47df2563e3bdc8364ee49b/element/f.C2FBE1F9D69D7A7D8F7D3E73BC2E8356.d.D1F6DE04B295AB2B1676B6B33BEF6F73.e.11451/click - {}
RESULT: {}
COMMAND: POST /session/8695070d5a47df2563e3bdc8364ee49b/element - {"using":"xpath","value":"//span[contains(text(), \"English\")]"}
COMMAND: GET /session/8695070d5a47df2563e3bdc8364ee49b/screenshot - {}
RESULT: {"using":"xpath","value":"//span[contains(text(), \"English\")]"}
COMMAND: POST /session/8695070d5a47df2563e3bdc8364ee49b/element/f.C2FBE1F9D69D7A7D8F7D3E73BC2E8356.d.D1F6DE04B295AB2B1676B6B33BEF6F73.e.11452/click - {}
RESULT: {}
RESULT: {}
RESULT: undefined
COMMAND: POST /session/8695070d5a47df2563e3bdc8364ee49b/execute/async - {"script":"<script> [776 bytes]","args":[{"enterText":"Rosario","selector":{"id":"application-manageyards-display-component---NewYard--addressDetailDetailsCity1","interaction":{"idSuffix":"inner"}},"clearTextFirst":true,"interactionType":"ENTER_TEXT"}]}
COMMAND: GET /session/8695070d5a47df2563e3bdc8364ee49b/screenshot - {}
RESULT: {"script":"<script> [776 bytes]","args":[{"enterText":"Rosario","selector":{"id":"application-manageyards-display-component---NewYard--addressDetailDetailsCity1","interaction":{"idSuffix":"inner"}},"clearTextFirst":true,"interactionType":"ENTER_TEXT"}]}
RESULT: undefined
COMMAND: POST /session/8695070d5a47df2563e3bdc8364ee49b/element - {"using":"xpath","value":"//*[@id=\"application-manageyards-display-component---NewYard--addressDetailDetailsCountry-arrow\"]"}
RESULT: {}
RESULT: {"using":"xpath","value":"//*[@id=\"application-manageyards-display-component---NewYard--addressDetailDetailsCountry-arrow\"]"}
COMMAND: POST /session/8695070d5a47df2563e3bdc8364ee49b/element/f.C2FBE1F9D69D7A7D8F7D3E73BC2E8356.d.D1F6DE04B295AB2B1676B6B33BEF6F73.e.11453/click - {}
RESULT: {}
COMMAND: POST /session/8695070d5a47df2563e3bdc8364ee49b/element - {"using":"xpath","value":"//span[contains(text(), \"Argentina\")]"}
COMMAND: GET /session/8695070d5a47df2563e3bdc8364ee49b/screenshot - {}
RESULT: {"using":"xpath","value":"//span[contains(text(), \"Argentina\")]"}
COMMAND: POST /session/8695070d5a47df2563e3bdc8364ee49b/element/f.C2FBE1F9D69D7A7D8F7D3E73BC2E8356.d.D1F6DE04B295AB2B1676B6B33BEF6F73.e.11455/click - {}
RESULT: {}
RESULT: {}
RESULT: undefined
COMMAND: POST /session/8695070d5a47df2563e3bdc8364ee49b/element - {"using":"xpath","value":"//*[@id=\"application-manageyards-display-component---NewYard--addressEditDetailsCostObjectCstType-arrow\"]"}
COMMAND: GET /session/8695070d5a47df2563e3bdc8364ee49b/screenshot - {}
RESULT: {"using":"xpath","value":"//*[@id=\"application-manageyards-display-component---NewYard--addressEditDetailsCostObjectCstType-arrow\"]"}
COMMAND: POST /session/8695070d5a47df2563e3bdc8364ee49b/element/f.C2FBE1F9D69D7A7D8F7D3E73BC2E8356.d.D1F6DE04B295AB2B1676B6B33BEF6F73.e.11456/click - {}
RESULT: {}
RESULT: {}
COMMAND: POST /session/8695070d5a47df2563e3bdc8364ee49b/element - {"using":"xpath","value":"//span[contains(text(), \"Cost Center\")]"}
COMMAND: GET /session/8695070d5a47df2563e3bdc8364ee49b/screenshot - {}
RESULT: {"using":"xpath","value":"//span[contains(text(), \"Cost Center\")]"}
COMMAND: POST /session/8695070d5a47df2563e3bdc8364ee49b/element/f.C2FBE1F9D69D7A7D8F7D3E73BC2E8356.d.D1F6DE04B295AB2B1676B6B33BEF6F73.e.11457/click - {}
RESULT: {}
RESULT: {}
COMMAND: GET /session/8695070d5a47df2563e3bdc8364ee49b/screenshot - {}
RESULT: {}
COMMAND: POST /session/8695070d5a47df2563e3bdc8364ee49b/element - {"using":"xpath","value":"//span[@id=\"application-manageyards-display-component---NewYard--addressNewCostObjectCstID-vhi\"]"}
RESULT: {"using":"xpath","value":"//span[@id=\"application-manageyards-display-component---NewYard--addressNewCostObjectCstID-vhi\"]"}
COMMAND: POST /session/8695070d5a47df2563e3bdc8364ee49b/execute/sync - {"script":"<script> [8489 bytes]","args":[{"element-6066-11e4-a52e-4f735466cecf":"f.C2FBE1F9D69D7A7D8F7D3E73BC2E8356.d.D1F6DE04B295AB2B1676B6B33BEF6F73.e.11461","ELEMENT":"f.C2FBE1F9D69D7A7D8F7D3E73BC2E8356.d.D1F6DE04B295AB2B1676B6B33BEF6F73.e.11461"}]}
RESULT: {"script":"<script> [8489 bytes]","args":[{"element-6066-11e4-a52e-4f735466cecf":"f.C2FBE1F9D69D7A7D8F7D3E73BC2E8356.d.D1F6DE04B295AB2B1676B6B33BEF6F73.e.11461","ELEMENT":"f.C2FBE1F9D69D7A7D8F7D3E73BC2E8356.d.D1F6DE04B295AB2B1676B6B33BEF6F73.e.11461"}]}
RESULT: undefined
COMMAND: POST /session/8695070d5a47df2563e3bdc8364ee49b/element - {"using":"xpath","value":"//*[@id=\"application-manageyards-display-component---NewYard--addressNewCostObjectCstID-vhi\"]"}
COMMAND: GET /session/8695070d5a47df2563e3bdc8364ee49b/screenshot - {}
RESULT: {"using":"xpath","value":"//*[@id=\"application-manageyards-display-component---NewYard--addressNewCostObjectCstID-vhi\"]"}
COMMAND: POST /session/8695070d5a47df2563e3bdc8364ee49b/element/f.C2FBE1F9D69D7A7D8F7D3E73BC2E8356.d.D1F6DE04B295AB2B1676B6B33BEF6F73.e.11461/click - {}
RESULT: {}
RESULT: {}
COMMAND: GET /session/8695070d5a47df2563e3bdc8364ee49b/screenshot - {}
RESULT: {}
RESULT: undefined
COMMAND: POST /session/8695070d5a47df2563e3bdc8364ee49b/execute/async - {"script":"<script> [776 bytes]","args":[{"enterText":"bauh_b","selector":{"controlType":"sap.m.SearchField","properties":{"placeholder":"Search"},"searchOpenDialogs":true,"interaction":{"idSuffix":"I"}},"clearTextFirst":true,"interactionType":"ENTER_TEXT"}]}
RESULT: {"script":"<script> [776 bytes]","args":[{"enterText":"bauh_b","selector":{"controlType":"sap.m.SearchField","properties":{"placeholder":"Search"},"searchOpenDialogs":true,"interaction":{"idSuffix":"I"}},"clearTextFirst":true,"interactionType":"ENTER_TEXT"}]}
COMMAND: POST /session/8695070d5a47df2563e3bdc8364ee49b/actions - {"actions":[{"id":"action28","type":"key","parameters":{},"actions":[{"type":"keyDown","value":""},{"type":"pause","duration":10},{"type":"keyUp","value":""}]}]}
RESULT: {"actions":[{"id":"action28","type":"key","parameters":{},"actions":[{"type":"keyDown","value":""},{"type":"pause","duration":10},{"type":"keyUp","value":""}]}]}
COMMAND: GET /session/8695070d5a47df2563e3bdc8364ee49b/screenshot - {}
RESULT: {}
COMMAND: POST /session/8695070d5a47df2563e3bdc8364ee49b/element - {"using":"xpath","value":"//span[contains(text(), \"Demo Yard\")]"}
RESULT: {"using":"xpath","value":"//span[contains(text(), \"Demo Yard\")]"}
COMMAND: POST /session/8695070d5a47df2563e3bdc8364ee49b/element/f.C2FBE1F9D69D7A7D8F7D3E73BC2E8356.d.D1F6DE04B295AB2B1676B6B33BEF6F73.e.11501/click - {}
RESULT: {}
COMMAND: GET /session/8695070d5a47df2563e3bdc8364ee49b/screenshot - {}
RESULT: {}
COMMAND: POST /session/8695070d5a47df2563e3bdc8364ee49b/element - {"using":"xpath","value":"//bdi[contains(text(), \"OK\")]"}
RESULT: {"using":"xpath","value":"//bdi[contains(text(), \"OK\")]"}
COMMAND: POST /session/8695070d5a47df2563e3bdc8364ee49b/element/f.C2FBE1F9D69D7A7D8F7D3E73BC2E8356.d.D1F6DE04B295AB2B1676B6B33BEF6F73.e.11502/click - {}
RESULT: {}
COMMAND: GET /session/8695070d5a47df2563e3bdc8364ee49b/screenshot - {}
RESULT: {}
RESULT: undefined
COMMAND: POST /session/8695070d5a47df2563e3bdc8364ee49b/element - {"using":"xpath","value":"//*[@id=\"application-manageyards-display-component---NewYard--addressEditDetailsCurrency-arrow\"]"}
RESULT: {"using":"xpath","value":"//*[@id=\"application-manageyards-display-component---NewYard--addressEditDetailsCurrency-arrow\"]"}
COMMAND: POST /session/8695070d5a47df2563e3bdc8364ee49b/element/f.C2FBE1F9D69D7A7D8F7D3E73BC2E8356.d.D1F6DE04B295AB2B1676B6B33BEF6F73.e.11505/click - {}
RESULT: {}
COMMAND: POST /session/8695070d5a47df2563e3bdc8364ee49b/element - {"using":"xpath","value":"//span[contains(text(), \"Euro\")]"}
COMMAND: GET /session/8695070d5a47df2563e3bdc8364ee49b/screenshot - {}
RESULT: {"using":"xpath","value":"//span[contains(text(), \"Euro\")]"}
COMMAND: POST /session/8695070d5a47df2563e3bdc8364ee49b/element/f.C2FBE1F9D69D7A7D8F7D3E73BC2E8356.d.D1F6DE04B295AB2B1676B6B33BEF6F73.e.11506/click - {}
RESULT: {}
RESULT: {}
RESULT: undefined
COMMAND: POST /session/8695070d5a47df2563e3bdc8364ee49b/execute/async - {"script":"<script> [776 bytes]","args":[{"enterText":"Z001","selector":{"controlType":"sap.m.Input","viewName":"etm.portal.ui.manageyards.view.New","viewId":"application-manageyards-display-component---NewYard","bindingPath":{"path":"","propertyPath":"/CONTROLLING_AREA","modelName":"NewYardModel"},"interaction":{"idSuffix":"inner"}},"clearTextFirst":true,"interactionType":"ENTER_TEXT"}]}
COMMAND: GET /session/8695070d5a47df2563e3bdc8364ee49b/screenshot - {}
RESULT: {}
RESULT: {"script":"<script> [776 bytes]","args":[{"enterText":"Z001","selector":{"controlType":"sap.m.Input","viewName":"etm.portal.ui.manageyards.view.New","viewId":"application-manageyards-display-component---NewYard","bindingPath":{"path":"","propertyPath":"/CONTROLLING_AREA","modelName":"NewYardModel"},"interaction":{"idSuffix":"inner"}},"clearTextFirst":true,"interactionType":"ENTER_TEXT"}]}
RESULT: undefined
COMMAND: POST /session/8695070d5a47df2563e3bdc8364ee49b/execute/async - {"script":"<script> [776 bytes]","args":[{"enterText":"1000","selector":{"id":"application-manageyards-display-component---NewYard--companyCodeComboBox","interaction":{"idSuffix":"inner"}},"clearTextFirst":true,"interactionType":"ENTER_TEXT"}]}
RESULT: {"script":"<script> [776 bytes]","args":[{"enterText":"1000","selector":{"id":"application-manageyards-display-component---NewYard--companyCodeComboBox","interaction":{"idSuffix":"inner"}},"clearTextFirst":true,"interactionType":"ENTER_TEXT"}]}
RESULT: undefined
COMMAND: POST /session/8695070d5a47df2563e3bdc8364ee49b/execute/async - {"script":"<script> [776 bytes]","args":[{"enterText":"1001","selector":{"controlType":"sap.m.Input","viewName":"etm.portal.ui.manageyards.view.New","viewId":"application-manageyards-display-component---NewYard","bindingPath":{"path":"","propertyPath":"/PLANT","modelName":"NewYardModel"},"interaction":{"idSuffix":"inner"}},"clearTextFirst":true,"interactionType":"ENTER_TEXT"}]}
RESULT: {"script":"<script> [776 bytes]","args":[{"enterText":"1001","selector":{"controlType":"sap.m.Input","viewName":"etm.portal.ui.manageyards.view.New","viewId":"application-manageyards-display-component---NewYard","bindingPath":{"path":"","propertyPath":"/PLANT","modelName":"NewYardModel"},"interaction":{"idSuffix":"inner"}},"clearTextFirst":true,"interactionType":"ENTER_TEXT"}]}
RESULT: undefined
COMMAND: POST /session/8695070d5a47df2563e3bdc8364ee49b/execute/async - {"script":"<script> [776 bytes]","args":[{"enterText":"C002","selector":{"controlType":"sap.m.Input","viewName":"etm.portal.ui.manageyards.view.New","viewId":"application-manageyards-display-component---NewYard","bindingPath":{"path":"","propertyPath":"/SALES_AREA_VKORG","modelName":"NewYardModel"},"interaction":{"idSuffix":"inner"}},"clearTextFirst":true,"interactionType":"ENTER_TEXT"}]}
RESULT: {"script":"<script> [776 bytes]","args":[{"enterText":"C002","selector":{"controlType":"sap.m.Input","viewName":"etm.portal.ui.manageyards.view.New","viewId":"application-manageyards-display-component---NewYard","bindingPath":{"path":"","propertyPath":"/SALES_AREA_VKORG","modelName":"NewYardModel"},"interaction":{"idSuffix":"inner"}},"clearTextFirst":true,"interactionType":"ENTER_TEXT"}]}
RESULT: undefined
COMMAND: POST /session/8695070d5a47df2563e3bdc8364ee49b/execute/async - {"script":"<script> [776 bytes]","args":[{"enterText":"C2","selector":{"controlType":"sap.m.Input","viewName":"etm.portal.ui.manageyards.view.New","viewId":"application-manageyards-display-component---NewYard","bindingPath":{"path":"","propertyPath":"/SALES_AREA_VTWEG","modelName":"NewYardModel"},"interaction":{"idSuffix":"inner"}},"clearTextFirst":true,"interactionType":"ENTER_TEXT"}]}
RESULT: {"script":"<script> [776 bytes]","args":[{"enterText":"C2","selector":{"controlType":"sap.m.Input","viewName":"etm.portal.ui.manageyards.view.New","viewId":"application-manageyards-display-component---NewYard","bindingPath":{"path":"","propertyPath":"/SALES_AREA_VTWEG","modelName":"NewYardModel"},"interaction":{"idSuffix":"inner"}},"clearTextFirst":true,"interactionType":"ENTER_TEXT"}]}
RESULT: undefined
COMMAND: POST /session/8695070d5a47df2563e3bdc8364ee49b/execute/async - {"script":"<script> [776 bytes]","args":[{"enterText":"C2","selector":{"controlType":"sap.m.Input","viewName":"etm.portal.ui.manageyards.view.New","viewId":"application-manageyards-display-component---NewYard","bindingPath":{"path":"","propertyPath":"/SALES_AREA_SPART","modelName":"NewYardModel"},"interaction":{"idSuffix":"inner"}},"clearTextFirst":true,"interactionType":"ENTER_TEXT"}]}
RESULT: {"script":"<script> [776 bytes]","args":[{"enterText":"C2","selector":{"controlType":"sap.m.Input","viewName":"etm.portal.ui.manageyards.view.New","viewId":"application-manageyards-display-component---NewYard","bindingPath":{"path":"","propertyPath":"/SALES_AREA_SPART","modelName":"NewYardModel"},"interaction":{"idSuffix":"inner"}},"clearTextFirst":true,"interactionType":"ENTER_TEXT"}]}
RESULT: undefined
COMMAND: POST /session/8695070d5a47df2563e3bdc8364ee49b/execute/async - {"script":"<script> [776 bytes]","args":[{"enterText":"1710","selector":{"controlType":"sap.m.Input","viewName":"etm.portal.ui.manageyards.view.New","viewId":"application-manageyards-display-component---NewYard","bindingPath":{"path":"","propertyPath":"/SHIP_POINT","modelName":"NewYardModel"},"interaction":{"idSuffix":"inner"}},"clearTextFirst":true,"interactionType":"ENTER_TEXT"}]}
RESULT: {"script":"<script> [776 bytes]","args":[{"enterText":"1710","selector":{"controlType":"sap.m.Input","viewName":"etm.portal.ui.manageyards.view.New","viewId":"application-manageyards-display-component---NewYard","bindingPath":{"path":"","propertyPath":"/SHIP_POINT","modelName":"NewYardModel"},"interaction":{"idSuffix":"inner"}},"clearTextFirst":true,"interactionType":"ENTER_TEXT"}]}
RESULT: undefined
COMMAND: POST /session/8695070d5a47df2563e3bdc8364ee49b/execute/async - {"script":"<script> [776 bytes]","args":[{"enterText":"ZL01","selector":{"controlType":"sap.m.Input","viewName":"etm.portal.ui.manageyards.view.New","viewId":"application-manageyards-display-component---NewYard","bindingPath":{"path":"","propertyPath":"/DELIVERY_TYPE","modelName":"NewYardModel"},"interaction":{"idSuffix":"inner"}},"clearTextFirst":true,"interactionType":"ENTER_TEXT"}]}
RESULT: {"script":"<script> [776 bytes]","args":[{"enterText":"ZL01","selector":{"controlType":"sap.m.Input","viewName":"etm.portal.ui.manageyards.view.New","viewId":"application-manageyards-display-component---NewYard","bindingPath":{"path":"","propertyPath":"/DELIVERY_TYPE","modelName":"NewYardModel"},"interaction":{"idSuffix":"inner"}},"clearTextFirst":true,"interactionType":"ENTER_TEXT"}]}
RESULT: undefined
COMMAND: POST /session/8695070d5a47df2563e3bdc8364ee49b/execute/async - {"script":"<script> [776 bytes]","args":[{"enterText":"TA","selector":{"controlType":"sap.m.Input","viewName":"etm.portal.ui.manageyards.view.New","viewId":"application-manageyards-display-component---NewYard","bindingPath":{"path":"","propertyPath":"/AUART","modelName":"NewYardModel"},"interaction":{"idSuffix":"inner"}},"clearTextFirst":true,"interactionType":"ENTER_TEXT"}]}
RESULT: {"script":"<script> [776 bytes]","args":[{"enterText":"TA","selector":{"controlType":"sap.m.Input","viewName":"etm.portal.ui.manageyards.view.New","viewId":"application-manageyards-display-component---NewYard","bindingPath":{"path":"","propertyPath":"/AUART","modelName":"NewYardModel"},"interaction":{"idSuffix":"inner"}},"clearTextFirst":true,"interactionType":"ENTER_TEXT"}]}
COMMAND: POST /session/8695070d5a47df2563e3bdc8364ee49b/execute/async - {"script":"<script> [1562 bytes]","args":[{"selector":{"id":"application-manageyards-display-component---NewYard--whmCheckBox","interaction":{"idSuffix":"CbBg"}},"wdio_ui5_key":"applicationmanageyards-display-component---NewYard--whmCheckBox"}]}
RESULT: {"script":"<script> [1562 bytes]","args":[{"selector":{"id":"application-manageyards-display-component---NewYard--whmCheckBox","interaction":{"idSuffix":"CbBg"}},"wdio_ui5_key":"applicationmanageyards-display-component---NewYard--whmCheckBox"}]}
RESULT: undefined
COMMAND: POST /session/8695070d5a47df2563e3bdc8364ee49b/element - {"using":"xpath","value":"//*[@id=\"application-manageyards-display-component---NewYard--whmCheckBox\"]"}
RESULT: {"using":"xpath","value":"//*[@id=\"application-manageyards-display-component---NewYard--whmCheckBox\"]"}
COMMAND: POST /session/8695070d5a47df2563e3bdc8364ee49b/element/f.C2FBE1F9D69D7A7D8F7D3E73BC2E8356.d.D1F6DE04B295AB2B1676B6B33BEF6F73.e.11516/click - {}
RESULT: {}
COMMAND: GET /session/8695070d5a47df2563e3bdc8364ee49b/screenshot - {}
RESULT: {}
COMMAND: POST /session/8695070d5a47df2563e3bdc8364ee49b/element - {"using":"xpath","value":"//button[@data-kt=\"newYardSaveButton\"]"}
RESULT: {"using":"xpath","value":"//button[@data-kt=\"newYardSaveButton\"]"}
COMMAND: POST /session/8695070d5a47df2563e3bdc8364ee49b/element/f.C2FBE1F9D69D7A7D8F7D3E73BC2E8356.d.D1F6DE04B295AB2B1676B6B33BEF6F73.e.11438/click - {}
RESULT: {}
COMMAND: GET /session/8695070d5a47df2563e3bdc8364ee49b/screenshot - {}
RESULT: {}
COMMAND: POST /session/8695070d5a47df2563e3bdc8364ee49b/element - {"using":"xpath","value":"//header[contains(@id, 'ObjectPageLayout-headerTitle')]/div[1]/div[2]/div[1]/span[1]"}
RESULT: {"using":"xpath","value":"//header[contains(@id, 'ObjectPageLayout-headerTitle')]/div[1]/div[2]/div[1]/span[1]"}
COMMAND: POST /session/8695070d5a47df2563e3bdc8364ee49b/elements - {"using":"xpath","value":"//header[contains(@id, 'ObjectPageLayout-headerTitle')]/div[1]/div[2]/div[1]/span[1]"}
RESULT: {"using":"xpath","value":"//header[contains(@id, 'ObjectPageLayout-headerTitle')]/div[1]/div[2]/div[1]/span[1]"}
COMMAND: POST /session/8695070d5a47df2563e3bdc8364ee49b/execute/sync - {"script":"<script> [56 bytes]","args":[{"element-6066-11e4-a52e-4f735466cecf":"f.C2FBE1F9D69D7A7D8F7D3E73BC2E8356.d.D1F6DE04B295AB2B1676B6B33BEF6F73.e.11716","ELEMENT":"f.C2FBE1F9D69D7A7D8F7D3E73BC2E8356.d.D1F6DE04B295AB2B1676B6B33BEF6F73.e.11716"}]}
RESULT: {"script":"<script> [56 bytes]","args":[{"element-6066-11e4-a52e-4f735466cecf":"f.C2FBE1F9D69D7A7D8F7D3E73BC2E8356.d.D1F6DE04B295AB2B1676B6B33BEF6F73.e.11716","ELEMENT":"f.C2FBE1F9D69D7A7D8F7D3E73BC2E8356.d.D1F6DE04B295AB2B1676B6B33BEF6F73.e.11716"}]}
COMMAND: GET /session/8695070d5a47df2563e3bdc8364ee49b/screenshot - {}
RESULT: {}
COMMAND: POST /session/8695070d5a47df2563e3bdc8364ee49b/element - {"using":"css selector","value":"#shell-header-logo"}
RESULT: {"using":"css selector","value":"#shell-header-logo"}
COMMAND: POST /session/8695070d5a47df2563e3bdc8364ee49b/element/f.C2FBE1F9D69D7A7D8F7D3E73BC2E8356.d.D1F6DE04B295AB2B1676B6B33BEF6F73.e.10983/click - {}
RESULT: {}
COMMAND: GET /session/8695070d5a47df2563e3bdc8364ee49b/screenshot - {}
RESULT: {}
COMMAND: POST /session/8695070d5a47df2563e3bdc8364ee49b/execute/sync - {"script":"<script> [299 bytes]","args":[["getModel","getResource"]]}
RESULT: {"script":"<script> [299 bytes]","args":[["getModel","getResource"]]}
]]></system-out>
    </testcase>
    <testcase classname="chrome.136_0_7103_93.windows.Create_partner_US118246" name="Should create new external WHM partner" time="95.651">
      <system-out><![CDATA[
COMMAND: POST /session/8695070d5a47df2563e3bdc8364ee49b/window/fullscreen - {}
COMMAND: GET /session/8695070d5a47df2563e3bdc8364ee49b/screenshot - {}
RESULT: {}
RESULT: undefined
COMMAND: POST /session/8695070d5a47df2563e3bdc8364ee49b/element - {"using":"xpath","value":"//*[@id=\"__tile38\"]"}
RESULT: {}
RESULT: {"using":"xpath","value":"//*[@id=\"__tile38\"]"}
COMMAND: POST /session/8695070d5a47df2563e3bdc8364ee49b/element/f.C2FBE1F9D69D7A7D8F7D3E73BC2E8356.d.D1F6DE04B295AB2B1676B6B33BEF6F73.e.9447/click - {}
RESULT: {}
COMMAND: GET /session/8695070d5a47df2563e3bdc8364ee49b/screenshot - {}
RESULT: {}
COMMAND: POST /session/8695070d5a47df2563e3bdc8364ee49b/elements - {"using":"xpath","value":"//span[text()='Error']"}
RESULT: {"using":"xpath","value":"//span[text()='Error']"}
COMMAND: POST /session/8695070d5a47df2563e3bdc8364ee49b/element - {"using":"xpath","value":"//button[@data-kt=\"addButton\"]"}
RESULT: {"using":"xpath","value":"//button[@data-kt=\"addButton\"]"}
COMMAND: POST /session/8695070d5a47df2563e3bdc8364ee49b/elements - {"using":"xpath","value":"//button[@data-kt=\"addButton\"]"}
RESULT: {"using":"xpath","value":"//button[@data-kt=\"addButton\"]"}
COMMAND: POST /session/8695070d5a47df2563e3bdc8364ee49b/execute/sync - {"script":"<script> [8489 bytes]","args":[{"element-6066-11e4-a52e-4f735466cecf":"f.C2FBE1F9D69D7A7D8F7D3E73BC2E8356.d.D1F6DE04B295AB2B1676B6B33BEF6F73.e.11764","ELEMENT":"f.C2FBE1F9D69D7A7D8F7D3E73BC2E8356.d.D1F6DE04B295AB2B1676B6B33BEF6F73.e.11764"}]}
RESULT: {"script":"<script> [8489 bytes]","args":[{"element-6066-11e4-a52e-4f735466cecf":"f.C2FBE1F9D69D7A7D8F7D3E73BC2E8356.d.D1F6DE04B295AB2B1676B6B33BEF6F73.e.11764","ELEMENT":"f.C2FBE1F9D69D7A7D8F7D3E73BC2E8356.d.D1F6DE04B295AB2B1676B6B33BEF6F73.e.11764"}]}
COMMAND: GET /session/8695070d5a47df2563e3bdc8364ee49b/element/f.C2FBE1F9D69D7A7D8F7D3E73BC2E8356.d.D1F6DE04B295AB2B1676B6B33BEF6F73.e.11764/enabled - {}
COMMAND: GET /session/8695070d5a47df2563e3bdc8364ee49b/screenshot - {}
RESULT: {}
COMMAND: POST /session/8695070d5a47df2563e3bdc8364ee49b/execute/sync - {"script":"<script> [8489 bytes]","args":[{"element-6066-11e4-a52e-4f735466cecf":"f.C2FBE1F9D69D7A7D8F7D3E73BC2E8356.d.D1F6DE04B295AB2B1676B6B33BEF6F73.e.11764","ELEMENT":"f.C2FBE1F9D69D7A7D8F7D3E73BC2E8356.d.D1F6DE04B295AB2B1676B6B33BEF6F73.e.11764"}]}
COMMAND: GET /session/8695070d5a47df2563e3bdc8364ee49b/screenshot - {}
RESULT: {}
RESULT: {"script":"<script> [8489 bytes]","args":[{"element-6066-11e4-a52e-4f735466cecf":"f.C2FBE1F9D69D7A7D8F7D3E73BC2E8356.d.D1F6DE04B295AB2B1676B6B33BEF6F73.e.11764","ELEMENT":"f.C2FBE1F9D69D7A7D8F7D3E73BC2E8356.d.D1F6DE04B295AB2B1676B6B33BEF6F73.e.11764"}]}
COMMAND: POST /session/8695070d5a47df2563e3bdc8364ee49b/execute/sync - {"script":"<script> [5351 bytes]","args":[{"element-6066-11e4-a52e-4f735466cecf":"f.C2FBE1F9D69D7A7D8F7D3E73BC2E8356.d.D1F6DE04B295AB2B1676B6B33BEF6F73.e.11764","ELEMENT":"f.C2FBE1F9D69D7A7D8F7D3E73BC2E8356.d.D1F6DE04B295AB2B1676B6B33BEF6F73.e.11764"}]}
COMMAND: GET /session/8695070d5a47df2563e3bdc8364ee49b/screenshot - {}
RESULT: {}
RESULT: {"script":"<script> [5351 bytes]","args":[{"element-6066-11e4-a52e-4f735466cecf":"f.C2FBE1F9D69D7A7D8F7D3E73BC2E8356.d.D1F6DE04B295AB2B1676B6B33BEF6F73.e.11764","ELEMENT":"f.C2FBE1F9D69D7A7D8F7D3E73BC2E8356.d.D1F6DE04B295AB2B1676B6B33BEF6F73.e.11764"}]}
COMMAND: POST /session/8695070d5a47df2563e3bdc8364ee49b/element/f.C2FBE1F9D69D7A7D8F7D3E73BC2E8356.d.D1F6DE04B295AB2B1676B6B33BEF6F73.e.11764/click - {}
COMMAND: GET /session/8695070d5a47df2563e3bdc8364ee49b/screenshot - {}
RESULT: {}
RESULT: {}
RESULT: {}
COMMAND: GET /session/8695070d5a47df2563e3bdc8364ee49b/screenshot - {}
RESULT: {}
RESULT: undefined
COMMAND: POST /session/8695070d5a47df2563e3bdc8364ee49b/execute/async - {"script":"<script> [776 bytes]","args":[{"enterText":"External Partner WDIO","selector":{"id":"application-managepartners-display-component---NewPartner--addressDetailDetailsName1","interaction":{"idSuffix":"inner"}},"clearTextFirst":true,"interactionType":"ENTER_TEXT"}]}
RESULT: {"script":"<script> [776 bytes]","args":[{"enterText":"External Partner WDIO","selector":{"id":"application-managepartners-display-component---NewPartner--addressDetailDetailsName1","interaction":{"idSuffix":"inner"}},"clearTextFirst":true,"interactionType":"ENTER_TEXT"}]}
RESULT: undefined
COMMAND: POST /session/8695070d5a47df2563e3bdc8364ee49b/element - {"using":"xpath","value":"//*[@id=\"application-managepartners-display-component---NewPartner--addressDetailDetailsLanguage-arrow\"]"}
RESULT: {"using":"xpath","value":"//*[@id=\"application-managepartners-display-component---NewPartner--addressDetailDetailsLanguage-arrow\"]"}
COMMAND: POST /session/8695070d5a47df2563e3bdc8364ee49b/element/f.C2FBE1F9D69D7A7D8F7D3E73BC2E8356.d.D1F6DE04B295AB2B1676B6B33BEF6F73.e.12210/click - {}
RESULT: {}
COMMAND: POST /session/8695070d5a47df2563e3bdc8364ee49b/element - {"using":"xpath","value":"//span[contains(text(), \"English\")]"}
COMMAND: GET /session/8695070d5a47df2563e3bdc8364ee49b/screenshot - {}
RESULT: {"using":"xpath","value":"//span[contains(text(), \"English\")]"}
COMMAND: POST /session/8695070d5a47df2563e3bdc8364ee49b/element/f.C2FBE1F9D69D7A7D8F7D3E73BC2E8356.d.D1F6DE04B295AB2B1676B6B33BEF6F73.e.12211/click - {}
RESULT: {}
RESULT: {}
COMMAND: GET /session/8695070d5a47df2563e3bdc8364ee49b/screenshot - {}
RESULT: {}
RESULT: undefined
COMMAND: POST /session/8695070d5a47df2563e3bdc8364ee49b/execute/async - {"script":"<script> [776 bytes]","args":[{"enterText":"Rosario","selector":{"id":"application-managepartners-display-component---NewPartner--addressDetailDetailsCity1","interaction":{"idSuffix":"inner"}},"clearTextFirst":true,"interactionType":"ENTER_TEXT"}]}
RESULT: {"script":"<script> [776 bytes]","args":[{"enterText":"Rosario","selector":{"id":"application-managepartners-display-component---NewPartner--addressDetailDetailsCity1","interaction":{"idSuffix":"inner"}},"clearTextFirst":true,"interactionType":"ENTER_TEXT"}]}
RESULT: undefined
COMMAND: POST /session/8695070d5a47df2563e3bdc8364ee49b/element - {"using":"xpath","value":"//*[@id=\"application-managepartners-display-component---NewPartner--addressDetailDetailsCountry-arrow\"]"}
RESULT: {"using":"xpath","value":"//*[@id=\"application-managepartners-display-component---NewPartner--addressDetailDetailsCountry-arrow\"]"}
COMMAND: POST /session/8695070d5a47df2563e3bdc8364ee49b/element/f.C2FBE1F9D69D7A7D8F7D3E73BC2E8356.d.D1F6DE04B295AB2B1676B6B33BEF6F73.e.12197/click - {}
RESULT: {}
COMMAND: POST /session/8695070d5a47df2563e3bdc8364ee49b/element - {"using":"xpath","value":"//span[contains(text(), \"Argentina\")]"}
COMMAND: GET /session/8695070d5a47df2563e3bdc8364ee49b/screenshot - {}
RESULT: {"using":"xpath","value":"//span[contains(text(), \"Argentina\")]"}
COMMAND: POST /session/8695070d5a47df2563e3bdc8364ee49b/element/f.C2FBE1F9D69D7A7D8F7D3E73BC2E8356.d.D1F6DE04B295AB2B1676B6B33BEF6F73.e.12212/click - {}
RESULT: {}
RESULT: {}
COMMAND: GET /session/8695070d5a47df2563e3bdc8364ee49b/screenshot - {}
RESULT: {}
COMMAND: POST /session/8695070d5a47df2563e3bdc8364ee49b/element - {"using":"xpath","value":"//bdi[contains(text(), \"Commercial\")]"}
RESULT: {"using":"xpath","value":"//bdi[contains(text(), \"Commercial\")]"}
COMMAND: POST /session/8695070d5a47df2563e3bdc8364ee49b/element/f.C2FBE1F9D69D7A7D8F7D3E73BC2E8356.d.D1F6DE04B295AB2B1676B6B33BEF6F73.e.12213/click - {}
RESULT: {}
COMMAND: GET /session/8695070d5a47df2563e3bdc8364ee49b/screenshot - {}
RESULT: {}
RESULT: undefined
COMMAND: POST /session/8695070d5a47df2563e3bdc8364ee49b/element - {"using":"xpath","value":"//*[@id=\"application-managepartners-display-component---NewPartner--partnerDetailInternal-arrow\"]"}
RESULT: {"using":"xpath","value":"//*[@id=\"application-managepartners-display-component---NewPartner--partnerDetailInternal-arrow\"]"}
COMMAND: POST /session/8695070d5a47df2563e3bdc8364ee49b/element/f.C2FBE1F9D69D7A7D8F7D3E73BC2E8356.d.D1F6DE04B295AB2B1676B6B33BEF6F73.e.12219/click - {}
RESULT: {}
COMMAND: POST /session/8695070d5a47df2563e3bdc8364ee49b/element - {"using":"xpath","value":"//span[contains(text(), \"External partner\")]"}
COMMAND: GET /session/8695070d5a47df2563e3bdc8364ee49b/screenshot - {}
RESULT: {"using":"xpath","value":"//span[contains(text(), \"External partner\")]"}
COMMAND: POST /session/8695070d5a47df2563e3bdc8364ee49b/element/f.C2FBE1F9D69D7A7D8F7D3E73BC2E8356.d.D1F6DE04B295AB2B1676B6B33BEF6F73.e.12222/click - {}
RESULT: {}
RESULT: {}
RESULT: undefined
COMMAND: POST /session/8695070d5a47df2563e3bdc8364ee49b/element - {"using":"xpath","value":"//*[@id=\"application-managepartners-display-component---NewPartner--partnerDetailsCurrency-arrow\"]"}
COMMAND: GET /session/8695070d5a47df2563e3bdc8364ee49b/screenshot - {}
RESULT: {"using":"xpath","value":"//*[@id=\"application-managepartners-display-component---NewPartner--partnerDetailsCurrency-arrow\"]"}
COMMAND: POST /session/8695070d5a47df2563e3bdc8364ee49b/element/f.C2FBE1F9D69D7A7D8F7D3E73BC2E8356.d.D1F6DE04B295AB2B1676B6B33BEF6F73.e.12227/click - {}
RESULT: {}
RESULT: {}
COMMAND: POST /session/8695070d5a47df2563e3bdc8364ee49b/element - {"using":"xpath","value":"//span[contains(text(), \"US Dollar\")]"}
RESULT: {"using":"xpath","value":"//span[contains(text(), \"US Dollar\")]"}
COMMAND: POST /session/8695070d5a47df2563e3bdc8364ee49b/element/f.C2FBE1F9D69D7A7D8F7D3E73BC2E8356.d.D1F6DE04B295AB2B1676B6B33BEF6F73.e.12228/click - {}
COMMAND: GET /session/8695070d5a47df2563e3bdc8364ee49b/screenshot - {}
RESULT: {}
COMMAND: GET /session/8695070d5a47df2563e3bdc8364ee49b/screenshot - {}
RESULT: {}
RESULT: {}
COMMAND: POST /session/8695070d5a47df2563e3bdc8364ee49b/element - {"using":"xpath","value":"//input[@id=\"application-managepartners-display-component---NewPartner--companyCodeComboBox-inner\"]"}
RESULT: {"using":"xpath","value":"//input[@id=\"application-managepartners-display-component---NewPartner--companyCodeComboBox-inner\"]"}
COMMAND: POST /session/8695070d5a47df2563e3bdc8364ee49b/element/f.C2FBE1F9D69D7A7D8F7D3E73BC2E8356.d.D1F6DE04B295AB2B1676B6B33BEF6F73.e.12072/clear - {}
RESULT: {}
COMMAND: POST /session/8695070d5a47df2563e3bdc8364ee49b/element/f.C2FBE1F9D69D7A7D8F7D3E73BC2E8356.d.D1F6DE04B295AB2B1676B6B33BEF6F73.e.12072/value - {"text":"C002"}
COMMAND: GET /session/8695070d5a47df2563e3bdc8364ee49b/screenshot - {}
RESULT: {"text":"C002"}
COMMAND: GET /session/8695070d5a47df2563e3bdc8364ee49b/screenshot - {}
RESULT: {}
RESULT: {}
COMMAND: POST /session/8695070d5a47df2563e3bdc8364ee49b/element - {"using":"xpath","value":"//li[.//span[text()= \"C002\"]]"}
RESULT: {"using":"xpath","value":"//li[.//span[text()= \"C002\"]]"}
COMMAND: POST /session/8695070d5a47df2563e3bdc8364ee49b/element/f.C2FBE1F9D69D7A7D8F7D3E73BC2E8356.d.D1F6DE04B295AB2B1676B6B33BEF6F73.e.12232/click - {}
RESULT: {}
COMMAND: GET /session/8695070d5a47df2563e3bdc8364ee49b/screenshot - {}
RESULT: {}
RESULT: undefined
COMMAND: POST /session/8695070d5a47df2563e3bdc8364ee49b/element - {"using":"xpath","value":"//*[@id=\"application-managepartners-display-component---NewPartner--btnAddTableRow-img\"]"}
RESULT: {"using":"xpath","value":"//*[@id=\"application-managepartners-display-component---NewPartner--btnAddTableRow-img\"]"}
COMMAND: POST /session/8695070d5a47df2563e3bdc8364ee49b/element/f.C2FBE1F9D69D7A7D8F7D3E73BC2E8356.d.D1F6DE04B295AB2B1676B6B33BEF6F73.e.12233/click - {}
RESULT: {}
COMMAND: GET /session/8695070d5a47df2563e3bdc8364ee49b/screenshot - {}
RESULT: {}
COMMAND: POST /session/8695070d5a47df2563e3bdc8364ee49b/element - {"using":"xpath","value":"//input[@id=\"application-managepartners-display-component---NewPartner--assignmentYard-application-managepartners-display-component---NewPartner--assignmentsTable-0-inner\"]"}
RESULT: {"using":"xpath","value":"//input[@id=\"application-managepartners-display-component---NewPartner--assignmentYard-application-managepartners-display-component---NewPartner--assignmentsTable-0-inner\"]"}
COMMAND: POST /session/8695070d5a47df2563e3bdc8364ee49b/element/f.C2FBE1F9D69D7A7D8F7D3E73BC2E8356.d.D1F6DE04B295AB2B1676B6B33BEF6F73.e.12236/clear - {}
RESULT: {}
COMMAND: POST /session/8695070d5a47df2563e3bdc8364ee49b/element/f.C2FBE1F9D69D7A7D8F7D3E73BC2E8356.d.D1F6DE04B295AB2B1676B6B33BEF6F73.e.12236/value - {"text":"351"}
COMMAND: GET /session/8695070d5a47df2563e3bdc8364ee49b/screenshot - {}
RESULT: {"text":"351"}
COMMAND: GET /session/8695070d5a47df2563e3bdc8364ee49b/screenshot - {}
RESULT: {}
RESULT: {}
COMMAND: POST /session/8695070d5a47df2563e3bdc8364ee49b/element - {"using":"xpath","value":"//li[.//span[text()='351']]"}
RESULT: {"using":"xpath","value":"//li[.//span[text()='351']]"}
COMMAND: POST /session/8695070d5a47df2563e3bdc8364ee49b/element/f.C2FBE1F9D69D7A7D8F7D3E73BC2E8356.d.D1F6DE04B295AB2B1676B6B33BEF6F73.e.12244/click - {}
RESULT: {}
COMMAND: GET /session/8695070d5a47df2563e3bdc8364ee49b/screenshot - {}
RESULT: {}
COMMAND: POST /session/8695070d5a47df2563e3bdc8364ee49b/actions - {"actions":[{"id":"action29","type":"key","parameters":{},"actions":[{"type":"keyDown","value":""},{"type":"pause","duration":10},{"type":"keyUp","value":""}]}]}
RESULT: {"actions":[{"id":"action29","type":"key","parameters":{},"actions":[{"type":"keyDown","value":""},{"type":"pause","duration":10},{"type":"keyUp","value":""}]}]}
COMMAND: POST /session/8695070d5a47df2563e3bdc8364ee49b/element - {"using":"xpath","value":"//td[contains(@id, \"assignmentsTable-0-cell2\")]/div/div"}
COMMAND: GET /session/8695070d5a47df2563e3bdc8364ee49b/screenshot - {}
RESULT: {"using":"xpath","value":"//td[contains(@id, \"assignmentsTable-0-cell2\")]/div/div"}
COMMAND: POST /session/8695070d5a47df2563e3bdc8364ee49b/element/f.C2FBE1F9D69D7A7D8F7D3E73BC2E8356.d.D1F6DE04B295AB2B1676B6B33BEF6F73.e.12247/click - {}
RESULT: {}
RESULT: {}
COMMAND: GET /session/8695070d5a47df2563e3bdc8364ee49b/screenshot - {}
RESULT: {}
COMMAND: POST /session/8695070d5a47df2563e3bdc8364ee49b/element - {"using":"xpath","value":"//button[@data-kt=\"saveButton\"]"}
RESULT: {"using":"xpath","value":"//button[@data-kt=\"saveButton\"]"}
COMMAND: POST /session/8695070d5a47df2563e3bdc8364ee49b/element/f.C2FBE1F9D69D7A7D8F7D3E73BC2E8356.d.D1F6DE04B295AB2B1676B6B33BEF6F73.e.12148/click - {}
RESULT: {}
COMMAND: GET /session/8695070d5a47df2563e3bdc8364ee49b/screenshot - {}
RESULT: {}
COMMAND: POST /session/8695070d5a47df2563e3bdc8364ee49b/element - {"using":"xpath","value":"//header[contains(@id, 'ObjectPageLayout-headerTitle')]/div[1]/div[2]/div[2]/span[1]"}
RESULT: {"using":"xpath","value":"//header[contains(@id, 'ObjectPageLayout-headerTitle')]/div[1]/div[2]/div[2]/span[1]"}
COMMAND: POST /session/8695070d5a47df2563e3bdc8364ee49b/elements - {"using":"xpath","value":"//header[contains(@id, 'ObjectPageLayout-headerTitle')]/div[1]/div[2]/div[2]/span[1]"}
RESULT: {"using":"xpath","value":"//header[contains(@id, 'ObjectPageLayout-headerTitle')]/div[1]/div[2]/div[2]/span[1]"}
COMMAND: POST /session/8695070d5a47df2563e3bdc8364ee49b/execute/sync - {"script":"<script> [56 bytes]","args":[{"element-6066-11e4-a52e-4f735466cecf":"f.C2FBE1F9D69D7A7D8F7D3E73BC2E8356.d.D1F6DE04B295AB2B1676B6B33BEF6F73.e.12409","ELEMENT":"f.C2FBE1F9D69D7A7D8F7D3E73BC2E8356.d.D1F6DE04B295AB2B1676B6B33BEF6F73.e.12409"}]}
RESULT: {"script":"<script> [56 bytes]","args":[{"element-6066-11e4-a52e-4f735466cecf":"f.C2FBE1F9D69D7A7D8F7D3E73BC2E8356.d.D1F6DE04B295AB2B1676B6B33BEF6F73.e.12409","ELEMENT":"f.C2FBE1F9D69D7A7D8F7D3E73BC2E8356.d.D1F6DE04B295AB2B1676B6B33BEF6F73.e.12409"}]}
COMMAND: POST /session/8695070d5a47df2563e3bdc8364ee49b/element - {"using":"css selector","value":"#shell-header-logo"}
COMMAND: GET /session/8695070d5a47df2563e3bdc8364ee49b/screenshot - {}
RESULT: {"using":"css selector","value":"#shell-header-logo"}
COMMAND: POST /session/8695070d5a47df2563e3bdc8364ee49b/element/f.C2FBE1F9D69D7A7D8F7D3E73BC2E8356.d.D1F6DE04B295AB2B1676B6B33BEF6F73.e.11719/click - {}
RESULT: {}
RESULT: {}
COMMAND: GET /session/8695070d5a47df2563e3bdc8364ee49b/screenshot - {}
RESULT: {}
COMMAND: POST /session/8695070d5a47df2563e3bdc8364ee49b/execute/sync - {"script":"<script> [299 bytes]","args":[["getModel","getResource"]]}
RESULT: {"script":"<script> [299 bytes]","args":[["getModel","getResource"]]}
COMMAND: GET /session/8695070d5a47df2563e3bdc8364ee49b/screenshot - {}
RESULT: {}
COMMAND: DELETE /session/8695070d5a47df2563e3bdc8364ee49b - {}
RESULT: {}
]]></system-out>
    </testcase>
  </testsuite>
</testsuites>