<?xml version="1.0" encoding="UTF-8"?>
<testsuites tests="48" failures="1" errors="1" skipped="0">
  <testsuite timestamp="2025-05-02T17:17:01" time="999.371" tests="12" failures="1" errors="1" skipped="0">
    <properties>
      <property name="specId" value="0" />
      <property name="suiteName" value="Billing Transfer - Master data &amp; Intercompany US127250" />
      <property name="capabilities" value="chrome.135_0_7049_96.windows" />
      <property name="file" value="file:///D:/a/1/s/test/specs/BTS/billing-transfer-intercompany.spec.js" />
    </properties>
    <testcase classname="chrome.135_0_7049_96.windows.Billing_Transfer_-_Master_data_&amp;_Intercompany_US127250" name="Should create a new yard" time="107.935">
      <system-out><![CDATA[
COMMAND: POST /session/371b8fcef450a364efde700f21fc0eae/window/fullscreen - {}
RESULT: {}
COMMAND: POST /session/371b8fcef450a364efde700f21fc0eae/execute/async - {"script":"<script> [1562 bytes]","args":[{"selector":{"controlType":"sap.m.GenericTile","properties":{"header":"Manage Yards"}},"wdio_ui5_key":"sapm.GenericTile{\"header\":\"Manage Yards\"}"}]}
RESULT: {"script":"<script> [1562 bytes]","args":[{"selector":{"controlType":"sap.m.GenericTile","properties":{"header":"Manage Yards"}},"wdio_ui5_key":"sapm.GenericTile{\"header\":\"Manage Yards\"}"}]}
RESULT: undefined
COMMAND: POST /session/371b8fcef450a364efde700f21fc0eae/element - {"using":"xpath","value":"//*[@id=\"__tile41\"]"}
RESULT: {"using":"xpath","value":"//*[@id=\"__tile41\"]"}
COMMAND: POST /session/371b8fcef450a364efde700f21fc0eae/element/f.FFD2F70B7356459FE22D1016ABDF7B9E.d.65DA2315AD593AECE29B9D74FCC1A812.e.150/click - {}
RESULT: {}
COMMAND: POST /session/371b8fcef450a364efde700f21fc0eae/element - {"using":"xpath","value":"//button[@data-kt=\"addNewYardOverflowToolbarButton\"]"}
COMMAND: GET /session/371b8fcef450a364efde700f21fc0eae/screenshot - {}
RESULT: {"using":"xpath","value":"//button[@data-kt=\"addNewYardOverflowToolbarButton\"]"}
COMMAND: POST /session/371b8fcef450a364efde700f21fc0eae/elements - {"using":"xpath","value":"//button[@data-kt=\"addNewYardOverflowToolbarButton\"]"}
RESULT: {}
RESULT: {"using":"xpath","value":"//button[@data-kt=\"addNewYardOverflowToolbarButton\"]"}
COMMAND: POST /session/371b8fcef450a364efde700f21fc0eae/elements - {"using":"xpath","value":"//button[@data-kt=\"addNewYardOverflowToolbarButton\"]"}
RESULT: {"using":"xpath","value":"//button[@data-kt=\"addNewYardOverflowToolbarButton\"]"}
COMMAND: POST /session/371b8fcef450a364efde700f21fc0eae/elements - {"using":"xpath","value":"//button[@data-kt=\"addNewYardOverflowToolbarButton\"]"}
RESULT: {"using":"xpath","value":"//button[@data-kt=\"addNewYardOverflowToolbarButton\"]"}
COMMAND: POST /session/371b8fcef450a364efde700f21fc0eae/elements - {"using":"xpath","value":"//button[@data-kt=\"addNewYardOverflowToolbarButton\"]"}
RESULT: {"using":"xpath","value":"//button[@data-kt=\"addNewYardOverflowToolbarButton\"]"}
COMMAND: POST /session/371b8fcef450a364efde700f21fc0eae/elements - {"using":"xpath","value":"//button[@data-kt=\"addNewYardOverflowToolbarButton\"]"}
RESULT: {"using":"xpath","value":"//button[@data-kt=\"addNewYardOverflowToolbarButton\"]"}
COMMAND: POST /session/371b8fcef450a364efde700f21fc0eae/elements - {"using":"xpath","value":"//button[@data-kt=\"addNewYardOverflowToolbarButton\"]"}
RESULT: {"using":"xpath","value":"//button[@data-kt=\"addNewYardOverflowToolbarButton\"]"}
COMMAND: POST /session/371b8fcef450a364efde700f21fc0eae/elements - {"using":"xpath","value":"//button[@data-kt=\"addNewYardOverflowToolbarButton\"]"}
RESULT: {"using":"xpath","value":"//button[@data-kt=\"addNewYardOverflowToolbarButton\"]"}
COMMAND: POST /session/371b8fcef450a364efde700f21fc0eae/elements - {"using":"xpath","value":"//button[@data-kt=\"addNewYardOverflowToolbarButton\"]"}
RESULT: {"using":"xpath","value":"//button[@data-kt=\"addNewYardOverflowToolbarButton\"]"}
COMMAND: POST /session/371b8fcef450a364efde700f21fc0eae/elements - {"using":"xpath","value":"//button[@data-kt=\"addNewYardOverflowToolbarButton\"]"}
RESULT: {"using":"xpath","value":"//button[@data-kt=\"addNewYardOverflowToolbarButton\"]"}
COMMAND: POST /session/371b8fcef450a364efde700f21fc0eae/elements - {"using":"xpath","value":"//button[@data-kt=\"addNewYardOverflowToolbarButton\"]"}
RESULT: {"using":"xpath","value":"//button[@data-kt=\"addNewYardOverflowToolbarButton\"]"}
COMMAND: POST /session/371b8fcef450a364efde700f21fc0eae/elements - {"using":"xpath","value":"//button[@data-kt=\"addNewYardOverflowToolbarButton\"]"}
RESULT: {"using":"xpath","value":"//button[@data-kt=\"addNewYardOverflowToolbarButton\"]"}
COMMAND: POST /session/371b8fcef450a364efde700f21fc0eae/elements - {"using":"xpath","value":"//button[@data-kt=\"addNewYardOverflowToolbarButton\"]"}
RESULT: {"using":"xpath","value":"//button[@data-kt=\"addNewYardOverflowToolbarButton\"]"}
COMMAND: POST /session/371b8fcef450a364efde700f21fc0eae/elements - {"using":"xpath","value":"//button[@data-kt=\"addNewYardOverflowToolbarButton\"]"}
RESULT: {"using":"xpath","value":"//button[@data-kt=\"addNewYardOverflowToolbarButton\"]"}
COMMAND: POST /session/371b8fcef450a364efde700f21fc0eae/elements - {"using":"xpath","value":"//button[@data-kt=\"addNewYardOverflowToolbarButton\"]"}
RESULT: {"using":"xpath","value":"//button[@data-kt=\"addNewYardOverflowToolbarButton\"]"}
COMMAND: POST /session/371b8fcef450a364efde700f21fc0eae/elements - {"using":"xpath","value":"//button[@data-kt=\"addNewYardOverflowToolbarButton\"]"}
RESULT: {"using":"xpath","value":"//button[@data-kt=\"addNewYardOverflowToolbarButton\"]"}
COMMAND: POST /session/371b8fcef450a364efde700f21fc0eae/elements - {"using":"xpath","value":"//button[@data-kt=\"addNewYardOverflowToolbarButton\"]"}
RESULT: {"using":"xpath","value":"//button[@data-kt=\"addNewYardOverflowToolbarButton\"]"}
COMMAND: POST /session/371b8fcef450a364efde700f21fc0eae/elements - {"using":"xpath","value":"//button[@data-kt=\"addNewYardOverflowToolbarButton\"]"}
RESULT: {"using":"xpath","value":"//button[@data-kt=\"addNewYardOverflowToolbarButton\"]"}
COMMAND: POST /session/371b8fcef450a364efde700f21fc0eae/elements - {"using":"xpath","value":"//button[@data-kt=\"addNewYardOverflowToolbarButton\"]"}
RESULT: {"using":"xpath","value":"//button[@data-kt=\"addNewYardOverflowToolbarButton\"]"}
COMMAND: POST /session/371b8fcef450a364efde700f21fc0eae/elements - {"using":"xpath","value":"//button[@data-kt=\"addNewYardOverflowToolbarButton\"]"}
RESULT: {"using":"xpath","value":"//button[@data-kt=\"addNewYardOverflowToolbarButton\"]"}
COMMAND: POST /session/371b8fcef450a364efde700f21fc0eae/elements - {"using":"xpath","value":"//button[@data-kt=\"addNewYardOverflowToolbarButton\"]"}
RESULT: {"using":"xpath","value":"//button[@data-kt=\"addNewYardOverflowToolbarButton\"]"}
COMMAND: POST /session/371b8fcef450a364efde700f21fc0eae/elements - {"using":"xpath","value":"//button[@data-kt=\"addNewYardOverflowToolbarButton\"]"}
RESULT: {"using":"xpath","value":"//button[@data-kt=\"addNewYardOverflowToolbarButton\"]"}
COMMAND: POST /session/371b8fcef450a364efde700f21fc0eae/elements - {"using":"xpath","value":"//button[@data-kt=\"addNewYardOverflowToolbarButton\"]"}
RESULT: {"using":"xpath","value":"//button[@data-kt=\"addNewYardOverflowToolbarButton\"]"}
COMMAND: POST /session/371b8fcef450a364efde700f21fc0eae/elements - {"using":"xpath","value":"//button[@data-kt=\"addNewYardOverflowToolbarButton\"]"}
RESULT: {"using":"xpath","value":"//button[@data-kt=\"addNewYardOverflowToolbarButton\"]"}
COMMAND: POST /session/371b8fcef450a364efde700f21fc0eae/elements - {"using":"xpath","value":"//button[@data-kt=\"addNewYardOverflowToolbarButton\"]"}
RESULT: {"using":"xpath","value":"//button[@data-kt=\"addNewYardOverflowToolbarButton\"]"}
COMMAND: POST /session/371b8fcef450a364efde700f21fc0eae/elements - {"using":"xpath","value":"//button[@data-kt=\"addNewYardOverflowToolbarButton\"]"}
RESULT: {"using":"xpath","value":"//button[@data-kt=\"addNewYardOverflowToolbarButton\"]"}
COMMAND: POST /session/371b8fcef450a364efde700f21fc0eae/elements - {"using":"xpath","value":"//button[@data-kt=\"addNewYardOverflowToolbarButton\"]"}
RESULT: {"using":"xpath","value":"//button[@data-kt=\"addNewYardOverflowToolbarButton\"]"}
COMMAND: POST /session/371b8fcef450a364efde700f21fc0eae/elements - {"using":"xpath","value":"//button[@data-kt=\"addNewYardOverflowToolbarButton\"]"}
RESULT: {"using":"xpath","value":"//button[@data-kt=\"addNewYardOverflowToolbarButton\"]"}
COMMAND: POST /session/371b8fcef450a364efde700f21fc0eae/elements - {"using":"xpath","value":"//button[@data-kt=\"addNewYardOverflowToolbarButton\"]"}
RESULT: {"using":"xpath","value":"//button[@data-kt=\"addNewYardOverflowToolbarButton\"]"}
COMMAND: POST /session/371b8fcef450a364efde700f21fc0eae/elements - {"using":"xpath","value":"//button[@data-kt=\"addNewYardOverflowToolbarButton\"]"}
RESULT: {"using":"xpath","value":"//button[@data-kt=\"addNewYardOverflowToolbarButton\"]"}
COMMAND: POST /session/371b8fcef450a364efde700f21fc0eae/elements - {"using":"xpath","value":"//button[@data-kt=\"addNewYardOverflowToolbarButton\"]"}
RESULT: {"using":"xpath","value":"//button[@data-kt=\"addNewYardOverflowToolbarButton\"]"}
COMMAND: POST /session/371b8fcef450a364efde700f21fc0eae/elements - {"using":"xpath","value":"//button[@data-kt=\"addNewYardOverflowToolbarButton\"]"}
RESULT: {"using":"xpath","value":"//button[@data-kt=\"addNewYardOverflowToolbarButton\"]"}
COMMAND: POST /session/371b8fcef450a364efde700f21fc0eae/elements - {"using":"xpath","value":"//button[@data-kt=\"addNewYardOverflowToolbarButton\"]"}
RESULT: {"using":"xpath","value":"//button[@data-kt=\"addNewYardOverflowToolbarButton\"]"}
COMMAND: POST /session/371b8fcef450a364efde700f21fc0eae/elements - {"using":"xpath","value":"//button[@data-kt=\"addNewYardOverflowToolbarButton\"]"}
RESULT: {"using":"xpath","value":"//button[@data-kt=\"addNewYardOverflowToolbarButton\"]"}
COMMAND: POST /session/371b8fcef450a364efde700f21fc0eae/elements - {"using":"xpath","value":"//button[@data-kt=\"addNewYardOverflowToolbarButton\"]"}
RESULT: {"using":"xpath","value":"//button[@data-kt=\"addNewYardOverflowToolbarButton\"]"}
COMMAND: POST /session/371b8fcef450a364efde700f21fc0eae/elements - {"using":"xpath","value":"//button[@data-kt=\"addNewYardOverflowToolbarButton\"]"}
RESULT: {"using":"xpath","value":"//button[@data-kt=\"addNewYardOverflowToolbarButton\"]"}
COMMAND: POST /session/371b8fcef450a364efde700f21fc0eae/elements - {"using":"xpath","value":"//button[@data-kt=\"addNewYardOverflowToolbarButton\"]"}
RESULT: {"using":"xpath","value":"//button[@data-kt=\"addNewYardOverflowToolbarButton\"]"}
COMMAND: POST /session/371b8fcef450a364efde700f21fc0eae/elements - {"using":"xpath","value":"//button[@data-kt=\"addNewYardOverflowToolbarButton\"]"}
RESULT: {"using":"xpath","value":"//button[@data-kt=\"addNewYardOverflowToolbarButton\"]"}
COMMAND: POST /session/371b8fcef450a364efde700f21fc0eae/element - {"using":"xpath","value":"//button[@data-kt=\"addNewYardOverflowToolbarButton\"]"}
RESULT: {"using":"xpath","value":"//button[@data-kt=\"addNewYardOverflowToolbarButton\"]"}
COMMAND: POST /session/371b8fcef450a364efde700f21fc0eae/execute/sync - {"script":"<script> [8489 bytes]","args":[{"element-6066-11e4-a52e-4f735466cecf":"f.FFD2F70B7356459FE22D1016ABDF7B9E.d.65DA2315AD593AECE29B9D74FCC1A812.e.282","ELEMENT":"f.FFD2F70B7356459FE22D1016ABDF7B9E.d.65DA2315AD593AECE29B9D74FCC1A812.e.282"}]}
RESULT: {"script":"<script> [8489 bytes]","args":[{"element-6066-11e4-a52e-4f735466cecf":"f.FFD2F70B7356459FE22D1016ABDF7B9E.d.65DA2315AD593AECE29B9D74FCC1A812.e.282","ELEMENT":"f.FFD2F70B7356459FE22D1016ABDF7B9E.d.65DA2315AD593AECE29B9D74FCC1A812.e.282"}]}
COMMAND: GET /session/371b8fcef450a364efde700f21fc0eae/element/f.FFD2F70B7356459FE22D1016ABDF7B9E.d.65DA2315AD593AECE29B9D74FCC1A812.e.282/enabled - {}
COMMAND: GET /session/371b8fcef450a364efde700f21fc0eae/screenshot - {}
RESULT: {}
COMMAND: POST /session/371b8fcef450a364efde700f21fc0eae/execute/sync - {"script":"<script> [8489 bytes]","args":[{"element-6066-11e4-a52e-4f735466cecf":"f.FFD2F70B7356459FE22D1016ABDF7B9E.d.65DA2315AD593AECE29B9D74FCC1A812.e.282","ELEMENT":"f.FFD2F70B7356459FE22D1016ABDF7B9E.d.65DA2315AD593AECE29B9D74FCC1A812.e.282"}]}
COMMAND: GET /session/371b8fcef450a364efde700f21fc0eae/screenshot - {}
RESULT: {}
RESULT: {"script":"<script> [8489 bytes]","args":[{"element-6066-11e4-a52e-4f735466cecf":"f.FFD2F70B7356459FE22D1016ABDF7B9E.d.65DA2315AD593AECE29B9D74FCC1A812.e.282","ELEMENT":"f.FFD2F70B7356459FE22D1016ABDF7B9E.d.65DA2315AD593AECE29B9D74FCC1A812.e.282"}]}
COMMAND: POST /session/371b8fcef450a364efde700f21fc0eae/execute/sync - {"script":"<script> [5351 bytes]","args":[{"element-6066-11e4-a52e-4f735466cecf":"f.FFD2F70B7356459FE22D1016ABDF7B9E.d.65DA2315AD593AECE29B9D74FCC1A812.e.282","ELEMENT":"f.FFD2F70B7356459FE22D1016ABDF7B9E.d.65DA2315AD593AECE29B9D74FCC1A812.e.282"}]}
COMMAND: GET /session/371b8fcef450a364efde700f21fc0eae/screenshot - {}
RESULT: {}
RESULT: {"script":"<script> [5351 bytes]","args":[{"element-6066-11e4-a52e-4f735466cecf":"f.FFD2F70B7356459FE22D1016ABDF7B9E.d.65DA2315AD593AECE29B9D74FCC1A812.e.282","ELEMENT":"f.FFD2F70B7356459FE22D1016ABDF7B9E.d.65DA2315AD593AECE29B9D74FCC1A812.e.282"}]}
COMMAND: POST /session/371b8fcef450a364efde700f21fc0eae/element/f.FFD2F70B7356459FE22D1016ABDF7B9E.d.65DA2315AD593AECE29B9D74FCC1A812.e.282/click - {}
COMMAND: GET /session/371b8fcef450a364efde700f21fc0eae/screenshot - {}
RESULT: {}
RESULT: {}
COMMAND: GET /session/371b8fcef450a364efde700f21fc0eae/screenshot - {}
RESULT: {}
RESULT: {}
COMMAND: POST /session/371b8fcef450a364efde700f21fc0eae/element - {"using":"xpath","value":"//input[@id=\"application-manageyards-display-component---NewYard--yardId-inner\"]"}
RESULT: {"using":"xpath","value":"//input[@id=\"application-manageyards-display-component---NewYard--yardId-inner\"]"}
COMMAND: POST /session/371b8fcef450a364efde700f21fc0eae/element - {"using":"xpath","value":"//input[@id=\"application-manageyards-display-component---NewYard--yardId-inner\"]"}
RESULT: {"using":"xpath","value":"//input[@id=\"application-manageyards-display-component---NewYard--yardId-inner\"]"}
COMMAND: POST /session/371b8fcef450a364efde700f21fc0eae/execute/async - {"script":"<script> [1562 bytes]","args":[{"selector":{"id":"application-manageyards-display-component---NewYard--addressDetailDetailsName1","interaction":{"idSuffix":"inner"}},"wdio_ui5_key":"applicationmanageyards-display-component---NewYard--addressDetailDetailsName1"}]}
RESULT: {"script":"<script> [1562 bytes]","args":[{"selector":{"id":"application-manageyards-display-component---NewYard--addressDetailDetailsName1","interaction":{"idSuffix":"inner"}},"wdio_ui5_key":"applicationmanageyards-display-component---NewYard--addressDetailDetailsName1"}]}
RESULT: undefined
COMMAND: POST /session/371b8fcef450a364efde700f21fc0eae/execute/async - {"script":"<script> [776 bytes]","args":[{"enterText":"Intercompany Yard wdIO","selector":{"id":"application-manageyards-display-component---NewYard--addressDetailDetailsName1","interaction":{"idSuffix":"inner"}},"clearTextFirst":true,"interactionType":"ENTER_TEXT"}]}
RESULT: {"script":"<script> [776 bytes]","args":[{"enterText":"Intercompany Yard wdIO","selector":{"id":"application-manageyards-display-component---NewYard--addressDetailDetailsName1","interaction":{"idSuffix":"inner"}},"clearTextFirst":true,"interactionType":"ENTER_TEXT"}]}
COMMAND: POST /session/371b8fcef450a364efde700f21fc0eae/execute/async - {"script":"<script> [1562 bytes]","args":[{"selector":{"id":"application-manageyards-display-component---NewYard--addressDetailDetailsLanguage-arrow"},"wdio_ui5_key":"applicationmanageyards-display-component---NewYard--addressDetailDetailsLanguage-arrow"}]}
RESULT: {"script":"<script> [1562 bytes]","args":[{"selector":{"id":"application-manageyards-display-component---NewYard--addressDetailDetailsLanguage-arrow"},"wdio_ui5_key":"applicationmanageyards-display-component---NewYard--addressDetailDetailsLanguage-arrow"}]}
RESULT: undefined
COMMAND: POST /session/371b8fcef450a364efde700f21fc0eae/element - {"using":"xpath","value":"//*[@id=\"application-manageyards-display-component---NewYard--addressDetailDetailsLanguage-arrow\"]"}
RESULT: {"using":"xpath","value":"//*[@id=\"application-manageyards-display-component---NewYard--addressDetailDetailsLanguage-arrow\"]"}
COMMAND: POST /session/371b8fcef450a364efde700f21fc0eae/element/f.FFD2F70B7356459FE22D1016ABDF7B9E.d.65DA2315AD593AECE29B9D74FCC1A812.e.713/click - {}
RESULT: {}
COMMAND: POST /session/371b8fcef450a364efde700f21fc0eae/element - {"using":"xpath","value":"//span[contains(text(), \"English\")]"}
COMMAND: GET /session/371b8fcef450a364efde700f21fc0eae/screenshot - {}
RESULT: {"using":"xpath","value":"//span[contains(text(), \"English\")]"}
COMMAND: POST /session/371b8fcef450a364efde700f21fc0eae/element/f.FFD2F70B7356459FE22D1016ABDF7B9E.d.65DA2315AD593AECE29B9D74FCC1A812.e.714/click - {}
RESULT: {}
RESULT: {}
COMMAND: POST /session/371b8fcef450a364efde700f21fc0eae/execute/async - {"script":"<script> [1562 bytes]","args":[{"selector":{"id":"application-manageyards-display-component---NewYard--addressDetailDetailsCity1","interaction":{"idSuffix":"inner"}},"wdio_ui5_key":"applicationmanageyards-display-component---NewYard--addressDetailDetailsCity1"}]}
COMMAND: GET /session/371b8fcef450a364efde700f21fc0eae/screenshot - {}
RESULT: {"script":"<script> [1562 bytes]","args":[{"selector":{"id":"application-manageyards-display-component---NewYard--addressDetailDetailsCity1","interaction":{"idSuffix":"inner"}},"wdio_ui5_key":"applicationmanageyards-display-component---NewYard--addressDetailDetailsCity1"}]}
RESULT: undefined
COMMAND: POST /session/371b8fcef450a364efde700f21fc0eae/execute/async - {"script":"<script> [776 bytes]","args":[{"enterText":"Rosario","selector":{"id":"application-manageyards-display-component---NewYard--addressDetailDetailsCity1","interaction":{"idSuffix":"inner"}},"clearTextFirst":true,"interactionType":"ENTER_TEXT"}]}
RESULT: {}
RESULT: {"script":"<script> [776 bytes]","args":[{"enterText":"Rosario","selector":{"id":"application-manageyards-display-component---NewYard--addressDetailDetailsCity1","interaction":{"idSuffix":"inner"}},"clearTextFirst":true,"interactionType":"ENTER_TEXT"}]}
COMMAND: POST /session/371b8fcef450a364efde700f21fc0eae/execute/async - {"script":"<script> [1562 bytes]","args":[{"selector":{"id":"application-manageyards-display-component---NewYard--addressDetailDetailsCountry-arrow"},"wdio_ui5_key":"applicationmanageyards-display-component---NewYard--addressDetailDetailsCountry-arrow"}]}
RESULT: {"script":"<script> [1562 bytes]","args":[{"selector":{"id":"application-manageyards-display-component---NewYard--addressDetailDetailsCountry-arrow"},"wdio_ui5_key":"applicationmanageyards-display-component---NewYard--addressDetailDetailsCountry-arrow"}]}
RESULT: undefined
COMMAND: POST /session/371b8fcef450a364efde700f21fc0eae/element - {"using":"xpath","value":"//*[@id=\"application-manageyards-display-component---NewYard--addressDetailDetailsCountry-arrow\"]"}
RESULT: {"using":"xpath","value":"//*[@id=\"application-manageyards-display-component---NewYard--addressDetailDetailsCountry-arrow\"]"}
COMMAND: POST /session/371b8fcef450a364efde700f21fc0eae/element/f.FFD2F70B7356459FE22D1016ABDF7B9E.d.65DA2315AD593AECE29B9D74FCC1A812.e.716/click - {}
RESULT: {}
COMMAND: POST /session/371b8fcef450a364efde700f21fc0eae/element - {"using":"xpath","value":"//span[contains(text(), \"Argentina\")]"}
COMMAND: GET /session/371b8fcef450a364efde700f21fc0eae/screenshot - {}
RESULT: {"using":"xpath","value":"//span[contains(text(), \"Argentina\")]"}
COMMAND: POST /session/371b8fcef450a364efde700f21fc0eae/element/f.FFD2F70B7356459FE22D1016ABDF7B9E.d.65DA2315AD593AECE29B9D74FCC1A812.e.717/click - {}
RESULT: {}
RESULT: {}
COMMAND: POST /session/371b8fcef450a364efde700f21fc0eae/execute/async - {"script":"<script> [1562 bytes]","args":[{"selector":{"id":"application-manageyards-display-component---NewYard--addressEditDetailsCostObjectCstType-arrow"},"wdio_ui5_key":"applicationmanageyards-display-component---NewYard--addressEditDetailsCostObjectCstType-arrow"}]}
COMMAND: GET /session/371b8fcef450a364efde700f21fc0eae/screenshot - {}
RESULT: {"script":"<script> [1562 bytes]","args":[{"selector":{"id":"application-manageyards-display-component---NewYard--addressEditDetailsCostObjectCstType-arrow"},"wdio_ui5_key":"applicationmanageyards-display-component---NewYard--addressEditDetailsCostObjectCstType-arrow"}]}
RESULT: undefined
COMMAND: POST /session/371b8fcef450a364efde700f21fc0eae/element - {"using":"xpath","value":"//*[@id=\"application-manageyards-display-component---NewYard--addressEditDetailsCostObjectCstType-arrow\"]"}
RESULT: {}
RESULT: {"using":"xpath","value":"//*[@id=\"application-manageyards-display-component---NewYard--addressEditDetailsCostObjectCstType-arrow\"]"}
COMMAND: POST /session/371b8fcef450a364efde700f21fc0eae/element/f.FFD2F70B7356459FE22D1016ABDF7B9E.d.65DA2315AD593AECE29B9D74FCC1A812.e.719/click - {}
RESULT: {}
COMMAND: POST /session/371b8fcef450a364efde700f21fc0eae/element - {"using":"xpath","value":"//span[contains(text(), \"Cost Center\")]"}
COMMAND: GET /session/371b8fcef450a364efde700f21fc0eae/screenshot - {}
RESULT: {"using":"xpath","value":"//span[contains(text(), \"Cost Center\")]"}
COMMAND: POST /session/371b8fcef450a364efde700f21fc0eae/element/f.FFD2F70B7356459FE22D1016ABDF7B9E.d.65DA2315AD593AECE29B9D74FCC1A812.e.720/click - {}
RESULT: {}
RESULT: {}
COMMAND: GET /session/371b8fcef450a364efde700f21fc0eae/screenshot - {}
RESULT: {}
COMMAND: POST /session/371b8fcef450a364efde700f21fc0eae/element - {"using":"xpath","value":"//span[@id=\"application-manageyards-display-component---NewYard--addressNewCostObjectCstID-vhi\"]"}
RESULT: {"using":"xpath","value":"//span[@id=\"application-manageyards-display-component---NewYard--addressNewCostObjectCstID-vhi\"]"}
COMMAND: POST /session/371b8fcef450a364efde700f21fc0eae/execute/sync - {"script":"<script> [8489 bytes]","args":[{"element-6066-11e4-a52e-4f735466cecf":"f.FFD2F70B7356459FE22D1016ABDF7B9E.d.65DA2315AD593AECE29B9D74FCC1A812.e.724","ELEMENT":"f.FFD2F70B7356459FE22D1016ABDF7B9E.d.65DA2315AD593AECE29B9D74FCC1A812.e.724"}]}
RESULT: {"script":"<script> [8489 bytes]","args":[{"element-6066-11e4-a52e-4f735466cecf":"f.FFD2F70B7356459FE22D1016ABDF7B9E.d.65DA2315AD593AECE29B9D74FCC1A812.e.724","ELEMENT":"f.FFD2F70B7356459FE22D1016ABDF7B9E.d.65DA2315AD593AECE29B9D74FCC1A812.e.724"}]}
COMMAND: POST /session/371b8fcef450a364efde700f21fc0eae/execute/async - {"script":"<script> [1562 bytes]","args":[{"selector":{"id":"application-manageyards-display-component---NewYard--addressNewCostObjectCstID-vhi"},"wdio_ui5_key":"applicationmanageyards-display-component---NewYard--addressNewCostObjectCstID-vhi"}]}
COMMAND: GET /session/371b8fcef450a364efde700f21fc0eae/screenshot - {}
RESULT: {"script":"<script> [1562 bytes]","args":[{"selector":{"id":"application-manageyards-display-component---NewYard--addressNewCostObjectCstID-vhi"},"wdio_ui5_key":"applicationmanageyards-display-component---NewYard--addressNewCostObjectCstID-vhi"}]}
RESULT: undefined
COMMAND: POST /session/371b8fcef450a364efde700f21fc0eae/element - {"using":"xpath","value":"//*[@id=\"application-manageyards-display-component---NewYard--addressNewCostObjectCstID-vhi\"]"}
RESULT: {}
RESULT: {"using":"xpath","value":"//*[@id=\"application-manageyards-display-component---NewYard--addressNewCostObjectCstID-vhi\"]"}
COMMAND: POST /session/371b8fcef450a364efde700f21fc0eae/element/f.FFD2F70B7356459FE22D1016ABDF7B9E.d.65DA2315AD593AECE29B9D74FCC1A812.e.724/click - {}
RESULT: {}
COMMAND: GET /session/371b8fcef450a364efde700f21fc0eae/screenshot - {}
RESULT: {}
COMMAND: POST /session/371b8fcef450a364efde700f21fc0eae/execute/async - {"script":"<script> [1562 bytes]","args":[{"selector":{"controlType":"sap.m.SearchField","properties":{"placeholder":"Search"},"searchOpenDialogs":true,"interaction":{"idSuffix":"I"}},"wdio_ui5_key":"sapm.SearchField{\"placeholder\":\"Search\"}"}]}
RESULT: {"script":"<script> [1562 bytes]","args":[{"selector":{"controlType":"sap.m.SearchField","properties":{"placeholder":"Search"},"searchOpenDialogs":true,"interaction":{"idSuffix":"I"}},"wdio_ui5_key":"sapm.SearchField{\"placeholder\":\"Search\"}"}]}
RESULT: undefined
COMMAND: POST /session/371b8fcef450a364efde700f21fc0eae/execute/async - {"script":"<script> [776 bytes]","args":[{"enterText":"10001013","selector":{"controlType":"sap.m.SearchField","properties":{"placeholder":"Search"},"searchOpenDialogs":true,"interaction":{"idSuffix":"I"}},"clearTextFirst":true,"interactionType":"ENTER_TEXT"}]}
RESULT: {"script":"<script> [776 bytes]","args":[{"enterText":"10001013","selector":{"controlType":"sap.m.SearchField","properties":{"placeholder":"Search"},"searchOpenDialogs":true,"interaction":{"idSuffix":"I"}},"clearTextFirst":true,"interactionType":"ENTER_TEXT"}]}
COMMAND: POST /session/371b8fcef450a364efde700f21fc0eae/actions - {"actions":[{"id":"action1","type":"key","parameters":{},"actions":[{"type":"keyDown","value":"î€‡"},{"type":"pause","duration":10},{"type":"keyUp","value":"î€‡"}]}]}
RESULT: {"actions":[{"id":"action1","type":"key","parameters":{},"actions":[{"type":"keyDown","value":"î€‡"},{"type":"pause","duration":10},{"type":"keyUp","value":"î€‡"}]}]}
COMMAND: GET /session/371b8fcef450a364efde700f21fc0eae/screenshot - {}
RESULT: {}
COMMAND: POST /session/371b8fcef450a364efde700f21fc0eae/element - {"using":"xpath","value":"//span[contains(text(), \"General Management\")]"}
RESULT: {"using":"xpath","value":"//span[contains(text(), \"General Management\")]"}
COMMAND: POST /session/371b8fcef450a364efde700f21fc0eae/element/f.FFD2F70B7356459FE22D1016ABDF7B9E.d.65DA2315AD593AECE29B9D74FCC1A812.e.765/click - {}
RESULT: {}
COMMAND: GET /session/371b8fcef450a364efde700f21fc0eae/screenshot - {}
RESULT: {}
COMMAND: POST /session/371b8fcef450a364efde700f21fc0eae/element - {"using":"xpath","value":"//bdi[contains(text(), \"OK\")]"}
RESULT: {"using":"xpath","value":"//bdi[contains(text(), \"OK\")]"}
COMMAND: POST /session/371b8fcef450a364efde700f21fc0eae/element/f.FFD2F70B7356459FE22D1016ABDF7B9E.d.65DA2315AD593AECE29B9D74FCC1A812.e.766/click - {}
RESULT: {}
COMMAND: GET /session/371b8fcef450a364efde700f21fc0eae/screenshot - {}
RESULT: {}
COMMAND: POST /session/371b8fcef450a364efde700f21fc0eae/execute/async - {"script":"<script> [1562 bytes]","args":[{"selector":{"id":"application-manageyards-display-component---NewYard--addressEditDetailsCurrency-arrow"},"wdio_ui5_key":"applicationmanageyards-display-component---NewYard--addressEditDetailsCurrency-arrow"}]}
RESULT: {"script":"<script> [1562 bytes]","args":[{"selector":{"id":"application-manageyards-display-component---NewYard--addressEditDetailsCurrency-arrow"},"wdio_ui5_key":"applicationmanageyards-display-component---NewYard--addressEditDetailsCurrency-arrow"}]}
RESULT: undefined
COMMAND: POST /session/371b8fcef450a364efde700f21fc0eae/element - {"using":"xpath","value":"//*[@id=\"application-manageyards-display-component---NewYard--addressEditDetailsCurrency-arrow\"]"}
RESULT: {"using":"xpath","value":"//*[@id=\"application-manageyards-display-component---NewYard--addressEditDetailsCurrency-arrow\"]"}
COMMAND: POST /session/371b8fcef450a364efde700f21fc0eae/element/f.FFD2F70B7356459FE22D1016ABDF7B9E.d.65DA2315AD593AECE29B9D74FCC1A812.e.769/click - {}
RESULT: {}
COMMAND: POST /session/371b8fcef450a364efde700f21fc0eae/element - {"using":"xpath","value":"//span[contains(text(), \"Euro\")]"}
COMMAND: GET /session/371b8fcef450a364efde700f21fc0eae/screenshot - {}
RESULT: {"using":"xpath","value":"//span[contains(text(), \"Euro\")]"}
COMMAND: POST /session/371b8fcef450a364efde700f21fc0eae/element/f.FFD2F70B7356459FE22D1016ABDF7B9E.d.65DA2315AD593AECE29B9D74FCC1A812.e.770/click - {}
RESULT: {}
RESULT: {}
COMMAND: POST /session/371b8fcef450a364efde700f21fc0eae/execute/async - {"script":"<script> [1562 bytes]","args":[{"selector":{"controlType":"sap.m.Input","viewName":"etm.portal.ui.manageyards.view.New","viewId":"application-manageyards-display-component---NewYard","bindingPath":{"path":"","propertyPath":"/CONTROLLING_AREA","modelName":"NewYardModel"},"interaction":{"idSuffix":"inner"}},"wdio_ui5_key":"etmportal.ui.manageyards.view.Newsap.m.Input{\"path\":\"\",\"propertyPath\":\"/CONTROLLING_AREA\",\"modelName\":\"NewYardModel\"}"}]}
COMMAND: GET /session/371b8fcef450a364efde700f21fc0eae/screenshot - {}
RESULT: {"script":"<script> [1562 bytes]","args":[{"selector":{"controlType":"sap.m.Input","viewName":"etm.portal.ui.manageyards.view.New","viewId":"application-manageyards-display-component---NewYard","bindingPath":{"path":"","propertyPath":"/CONTROLLING_AREA","modelName":"NewYardModel"},"interaction":{"idSuffix":"inner"}},"wdio_ui5_key":"etmportal.ui.manageyards.view.Newsap.m.Input{\"path\":\"\",\"propertyPath\":\"/CONTROLLING_AREA\",\"modelName\":\"NewYardModel\"}"}]}
RESULT: undefined
COMMAND: POST /session/371b8fcef450a364efde700f21fc0eae/execute/async - {"script":"<script> [776 bytes]","args":[{"enterText":"Z001","selector":{"controlType":"sap.m.Input","viewName":"etm.portal.ui.manageyards.view.New","viewId":"application-manageyards-display-component---NewYard","bindingPath":{"path":"","propertyPath":"/CONTROLLING_AREA","modelName":"NewYardModel"},"interaction":{"idSuffix":"inner"}},"clearTextFirst":true,"interactionType":"ENTER_TEXT"}]}
RESULT: {}
RESULT: {"script":"<script> [776 bytes]","args":[{"enterText":"Z001","selector":{"controlType":"sap.m.Input","viewName":"etm.portal.ui.manageyards.view.New","viewId":"application-manageyards-display-component---NewYard","bindingPath":{"path":"","propertyPath":"/CONTROLLING_AREA","modelName":"NewYardModel"},"interaction":{"idSuffix":"inner"}},"clearTextFirst":true,"interactionType":"ENTER_TEXT"}]}
COMMAND: POST /session/371b8fcef450a364efde700f21fc0eae/execute/async - {"script":"<script> [1562 bytes]","args":[{"selector":{"id":"application-manageyards-display-component---NewYard--companyCodeComboBox","interaction":{"idSuffix":"inner"}},"wdio_ui5_key":"applicationmanageyards-display-component---NewYard--companyCodeComboBox"}]}
RESULT: {"script":"<script> [1562 bytes]","args":[{"selector":{"id":"application-manageyards-display-component---NewYard--companyCodeComboBox","interaction":{"idSuffix":"inner"}},"wdio_ui5_key":"applicationmanageyards-display-component---NewYard--companyCodeComboBox"}]}
RESULT: undefined
COMMAND: POST /session/371b8fcef450a364efde700f21fc0eae/execute/async - {"script":"<script> [776 bytes]","args":[{"enterText":"1000","selector":{"id":"application-manageyards-display-component---NewYard--companyCodeComboBox","interaction":{"idSuffix":"inner"}},"clearTextFirst":true,"interactionType":"ENTER_TEXT"}]}
RESULT: {"script":"<script> [776 bytes]","args":[{"enterText":"1000","selector":{"id":"application-manageyards-display-component---NewYard--companyCodeComboBox","interaction":{"idSuffix":"inner"}},"clearTextFirst":true,"interactionType":"ENTER_TEXT"}]}
COMMAND: POST /session/371b8fcef450a364efde700f21fc0eae/execute/async - {"script":"<script> [1562 bytes]","args":[{"selector":{"controlType":"sap.m.Input","viewName":"etm.portal.ui.manageyards.view.New","viewId":"application-manageyards-display-component---NewYard","bindingPath":{"path":"","propertyPath":"/PLANT","modelName":"NewYardModel"},"interaction":{"idSuffix":"inner"}},"wdio_ui5_key":"etmportal.ui.manageyards.view.Newsap.m.Input{\"path\":\"\",\"propertyPath\":\"/PLANT\",\"modelName\":\"NewYardModel\"}"}]}
RESULT: {"script":"<script> [1562 bytes]","args":[{"selector":{"controlType":"sap.m.Input","viewName":"etm.portal.ui.manageyards.view.New","viewId":"application-manageyards-display-component---NewYard","bindingPath":{"path":"","propertyPath":"/PLANT","modelName":"NewYardModel"},"interaction":{"idSuffix":"inner"}},"wdio_ui5_key":"etmportal.ui.manageyards.view.Newsap.m.Input{\"path\":\"\",\"propertyPath\":\"/PLANT\",\"modelName\":\"NewYardModel\"}"}]}
RESULT: undefined
COMMAND: POST /session/371b8fcef450a364efde700f21fc0eae/execute/async - {"script":"<script> [776 bytes]","args":[{"enterText":"1001","selector":{"controlType":"sap.m.Input","viewName":"etm.portal.ui.manageyards.view.New","viewId":"application-manageyards-display-component---NewYard","bindingPath":{"path":"","propertyPath":"/PLANT","modelName":"NewYardModel"},"interaction":{"idSuffix":"inner"}},"clearTextFirst":true,"interactionType":"ENTER_TEXT"}]}
RESULT: {"script":"<script> [776 bytes]","args":[{"enterText":"1001","selector":{"controlType":"sap.m.Input","viewName":"etm.portal.ui.manageyards.view.New","viewId":"application-manageyards-display-component---NewYard","bindingPath":{"path":"","propertyPath":"/PLANT","modelName":"NewYardModel"},"interaction":{"idSuffix":"inner"}},"clearTextFirst":true,"interactionType":"ENTER_TEXT"}]}
COMMAND: POST /session/371b8fcef450a364efde700f21fc0eae/execute/async - {"script":"<script> [1562 bytes]","args":[{"selector":{"controlType":"sap.m.Input","viewName":"etm.portal.ui.manageyards.view.New","viewId":"application-manageyards-display-component---NewYard","bindingPath":{"path":"","propertyPath":"/SALES_AREA_VKORG","modelName":"NewYardModel"},"interaction":{"idSuffix":"inner"}},"wdio_ui5_key":"etmportal.ui.manageyards.view.Newsap.m.Input{\"path\":\"\",\"propertyPath\":\"/SALES_AREA_VKORG\",\"modelName\":\"NewYardModel\"}"}]}
RESULT: {"script":"<script> [1562 bytes]","args":[{"selector":{"controlType":"sap.m.Input","viewName":"etm.portal.ui.manageyards.view.New","viewId":"application-manageyards-display-component---NewYard","bindingPath":{"path":"","propertyPath":"/SALES_AREA_VKORG","modelName":"NewYardModel"},"interaction":{"idSuffix":"inner"}},"wdio_ui5_key":"etmportal.ui.manageyards.view.Newsap.m.Input{\"path\":\"\",\"propertyPath\":\"/SALES_AREA_VKORG\",\"modelName\":\"NewYardModel\"}"}]}
RESULT: undefined
COMMAND: POST /session/371b8fcef450a364efde700f21fc0eae/execute/async - {"script":"<script> [776 bytes]","args":[{"enterText":"C002","selector":{"controlType":"sap.m.Input","viewName":"etm.portal.ui.manageyards.view.New","viewId":"application-manageyards-display-component---NewYard","bindingPath":{"path":"","propertyPath":"/SALES_AREA_VKORG","modelName":"NewYardModel"},"interaction":{"idSuffix":"inner"}},"clearTextFirst":true,"interactionType":"ENTER_TEXT"}]}
RESULT: {"script":"<script> [776 bytes]","args":[{"enterText":"C002","selector":{"controlType":"sap.m.Input","viewName":"etm.portal.ui.manageyards.view.New","viewId":"application-manageyards-display-component---NewYard","bindingPath":{"path":"","propertyPath":"/SALES_AREA_VKORG","modelName":"NewYardModel"},"interaction":{"idSuffix":"inner"}},"clearTextFirst":true,"interactionType":"ENTER_TEXT"}]}
COMMAND: POST /session/371b8fcef450a364efde700f21fc0eae/execute/async - {"script":"<script> [1562 bytes]","args":[{"selector":{"controlType":"sap.m.Input","viewName":"etm.portal.ui.manageyards.view.New","viewId":"application-manageyards-display-component---NewYard","bindingPath":{"path":"","propertyPath":"/SALES_AREA_VTWEG","modelName":"NewYardModel"},"interaction":{"idSuffix":"inner"}},"wdio_ui5_key":"etmportal.ui.manageyards.view.Newsap.m.Input{\"path\":\"\",\"propertyPath\":\"/SALES_AREA_VTWEG\",\"modelName\":\"NewYardModel\"}"}]}
RESULT: {"script":"<script> [1562 bytes]","args":[{"selector":{"controlType":"sap.m.Input","viewName":"etm.portal.ui.manageyards.view.New","viewId":"application-manageyards-display-component---NewYard","bindingPath":{"path":"","propertyPath":"/SALES_AREA_VTWEG","modelName":"NewYardModel"},"interaction":{"idSuffix":"inner"}},"wdio_ui5_key":"etmportal.ui.manageyards.view.Newsap.m.Input{\"path\":\"\",\"propertyPath\":\"/SALES_AREA_VTWEG\",\"modelName\":\"NewYardModel\"}"}]}
RESULT: undefined
COMMAND: POST /session/371b8fcef450a364efde700f21fc0eae/execute/async - {"script":"<script> [776 bytes]","args":[{"enterText":"C2","selector":{"controlType":"sap.m.Input","viewName":"etm.portal.ui.manageyards.view.New","viewId":"application-manageyards-display-component---NewYard","bindingPath":{"path":"","propertyPath":"/SALES_AREA_VTWEG","modelName":"NewYardModel"},"interaction":{"idSuffix":"inner"}},"clearTextFirst":true,"interactionType":"ENTER_TEXT"}]}
RESULT: {"script":"<script> [776 bytes]","args":[{"enterText":"C2","selector":{"controlType":"sap.m.Input","viewName":"etm.portal.ui.manageyards.view.New","viewId":"application-manageyards-display-component---NewYard","bindingPath":{"path":"","propertyPath":"/SALES_AREA_VTWEG","modelName":"NewYardModel"},"interaction":{"idSuffix":"inner"}},"clearTextFirst":true,"interactionType":"ENTER_TEXT"}]}
COMMAND: POST /session/371b8fcef450a364efde700f21fc0eae/execute/async - {"script":"<script> [1562 bytes]","args":[{"selector":{"controlType":"sap.m.Input","viewName":"etm.portal.ui.manageyards.view.New","viewId":"application-manageyards-display-component---NewYard","bindingPath":{"path":"","propertyPath":"/SALES_AREA_SPART","modelName":"NewYardModel"},"interaction":{"idSuffix":"inner"}},"wdio_ui5_key":"etmportal.ui.manageyards.view.Newsap.m.Input{\"path\":\"\",\"propertyPath\":\"/SALES_AREA_SPART\",\"modelName\":\"NewYardModel\"}"}]}
RESULT: {"script":"<script> [1562 bytes]","args":[{"selector":{"controlType":"sap.m.Input","viewName":"etm.portal.ui.manageyards.view.New","viewId":"application-manageyards-display-component---NewYard","bindingPath":{"path":"","propertyPath":"/SALES_AREA_SPART","modelName":"NewYardModel"},"interaction":{"idSuffix":"inner"}},"wdio_ui5_key":"etmportal.ui.manageyards.view.Newsap.m.Input{\"path\":\"\",\"propertyPath\":\"/SALES_AREA_SPART\",\"modelName\":\"NewYardModel\"}"}]}
RESULT: undefined
COMMAND: POST /session/371b8fcef450a364efde700f21fc0eae/execute/async - {"script":"<script> [776 bytes]","args":[{"enterText":"C2","selector":{"controlType":"sap.m.Input","viewName":"etm.portal.ui.manageyards.view.New","viewId":"application-manageyards-display-component---NewYard","bindingPath":{"path":"","propertyPath":"/SALES_AREA_SPART","modelName":"NewYardModel"},"interaction":{"idSuffix":"inner"}},"clearTextFirst":true,"interactionType":"ENTER_TEXT"}]}
RESULT: {"script":"<script> [776 bytes]","args":[{"enterText":"C2","selector":{"controlType":"sap.m.Input","viewName":"etm.portal.ui.manageyards.view.New","viewId":"application-manageyards-display-component---NewYard","bindingPath":{"path":"","propertyPath":"/SALES_AREA_SPART","modelName":"NewYardModel"},"interaction":{"idSuffix":"inner"}},"clearTextFirst":true,"interactionType":"ENTER_TEXT"}]}
COMMAND: POST /session/371b8fcef450a364efde700f21fc0eae/execute/async - {"script":"<script> [1562 bytes]","args":[{"selector":{"controlType":"sap.m.Input","viewName":"etm.portal.ui.manageyards.view.New","viewId":"application-manageyards-display-component---NewYard","bindingPath":{"path":"","propertyPath":"/SHIP_POINT","modelName":"NewYardModel"},"interaction":{"idSuffix":"inner"}},"wdio_ui5_key":"etmportal.ui.manageyards.view.Newsap.m.Input{\"path\":\"\",\"propertyPath\":\"/SHIP_POINT\",\"modelName\":\"NewYardModel\"}"}]}
RESULT: {"script":"<script> [1562 bytes]","args":[{"selector":{"controlType":"sap.m.Input","viewName":"etm.portal.ui.manageyards.view.New","viewId":"application-manageyards-display-component---NewYard","bindingPath":{"path":"","propertyPath":"/SHIP_POINT","modelName":"NewYardModel"},"interaction":{"idSuffix":"inner"}},"wdio_ui5_key":"etmportal.ui.manageyards.view.Newsap.m.Input{\"path\":\"\",\"propertyPath\":\"/SHIP_POINT\",\"modelName\":\"NewYardModel\"}"}]}
RESULT: undefined
COMMAND: POST /session/371b8fcef450a364efde700f21fc0eae/execute/async - {"script":"<script> [776 bytes]","args":[{"enterText":"1710","selector":{"controlType":"sap.m.Input","viewName":"etm.portal.ui.manageyards.view.New","viewId":"application-manageyards-display-component---NewYard","bindingPath":{"path":"","propertyPath":"/SHIP_POINT","modelName":"NewYardModel"},"interaction":{"idSuffix":"inner"}},"clearTextFirst":true,"interactionType":"ENTER_TEXT"}]}
RESULT: {"script":"<script> [776 bytes]","args":[{"enterText":"1710","selector":{"controlType":"sap.m.Input","viewName":"etm.portal.ui.manageyards.view.New","viewId":"application-manageyards-display-component---NewYard","bindingPath":{"path":"","propertyPath":"/SHIP_POINT","modelName":"NewYardModel"},"interaction":{"idSuffix":"inner"}},"clearTextFirst":true,"interactionType":"ENTER_TEXT"}]}
COMMAND: POST /session/371b8fcef450a364efde700f21fc0eae/execute/async - {"script":"<script> [1562 bytes]","args":[{"selector":{"controlType":"sap.m.Input","viewName":"etm.portal.ui.manageyards.view.New","viewId":"application-manageyards-display-component---NewYard","bindingPath":{"path":"","propertyPath":"/DELIVERY_TYPE","modelName":"NewYardModel"},"interaction":{"idSuffix":"inner"}},"wdio_ui5_key":"etmportal.ui.manageyards.view.Newsap.m.Input{\"path\":\"\",\"propertyPath\":\"/DELIVERY_TYPE\",\"modelName\":\"NewYardModel\"}"}]}
RESULT: {"script":"<script> [1562 bytes]","args":[{"selector":{"controlType":"sap.m.Input","viewName":"etm.portal.ui.manageyards.view.New","viewId":"application-manageyards-display-component---NewYard","bindingPath":{"path":"","propertyPath":"/DELIVERY_TYPE","modelName":"NewYardModel"},"interaction":{"idSuffix":"inner"}},"wdio_ui5_key":"etmportal.ui.manageyards.view.Newsap.m.Input{\"path\":\"\",\"propertyPath\":\"/DELIVERY_TYPE\",\"modelName\":\"NewYardModel\"}"}]}
RESULT: undefined
COMMAND: POST /session/371b8fcef450a364efde700f21fc0eae/execute/async - {"script":"<script> [776 bytes]","args":[{"enterText":"ZL01","selector":{"controlType":"sap.m.Input","viewName":"etm.portal.ui.manageyards.view.New","viewId":"application-manageyards-display-component---NewYard","bindingPath":{"path":"","propertyPath":"/DELIVERY_TYPE","modelName":"NewYardModel"},"interaction":{"idSuffix":"inner"}},"clearTextFirst":true,"interactionType":"ENTER_TEXT"}]}
RESULT: {"script":"<script> [776 bytes]","args":[{"enterText":"ZL01","selector":{"controlType":"sap.m.Input","viewName":"etm.portal.ui.manageyards.view.New","viewId":"application-manageyards-display-component---NewYard","bindingPath":{"path":"","propertyPath":"/DELIVERY_TYPE","modelName":"NewYardModel"},"interaction":{"idSuffix":"inner"}},"clearTextFirst":true,"interactionType":"ENTER_TEXT"}]}
COMMAND: POST /session/371b8fcef450a364efde700f21fc0eae/execute/async - {"script":"<script> [1562 bytes]","args":[{"selector":{"controlType":"sap.m.Input","viewName":"etm.portal.ui.manageyards.view.New","viewId":"application-manageyards-display-component---NewYard","bindingPath":{"path":"","propertyPath":"/AUART","modelName":"NewYardModel"},"interaction":{"idSuffix":"inner"}},"wdio_ui5_key":"etmportal.ui.manageyards.view.Newsap.m.Input{\"path\":\"\",\"propertyPath\":\"/AUART\",\"modelName\":\"NewYardModel\"}"}]}
RESULT: {"script":"<script> [1562 bytes]","args":[{"selector":{"controlType":"sap.m.Input","viewName":"etm.portal.ui.manageyards.view.New","viewId":"application-manageyards-display-component---NewYard","bindingPath":{"path":"","propertyPath":"/AUART","modelName":"NewYardModel"},"interaction":{"idSuffix":"inner"}},"wdio_ui5_key":"etmportal.ui.manageyards.view.Newsap.m.Input{\"path\":\"\",\"propertyPath\":\"/AUART\",\"modelName\":\"NewYardModel\"}"}]}
RESULT: undefined
COMMAND: POST /session/371b8fcef450a364efde700f21fc0eae/execute/async - {"script":"<script> [776 bytes]","args":[{"enterText":"TA","selector":{"controlType":"sap.m.Input","viewName":"etm.portal.ui.manageyards.view.New","viewId":"application-manageyards-display-component---NewYard","bindingPath":{"path":"","propertyPath":"/AUART","modelName":"NewYardModel"},"interaction":{"idSuffix":"inner"}},"clearTextFirst":true,"interactionType":"ENTER_TEXT"}]}
RESULT: {"script":"<script> [776 bytes]","args":[{"enterText":"TA","selector":{"controlType":"sap.m.Input","viewName":"etm.portal.ui.manageyards.view.New","viewId":"application-manageyards-display-component---NewYard","bindingPath":{"path":"","propertyPath":"/AUART","modelName":"NewYardModel"},"interaction":{"idSuffix":"inner"}},"clearTextFirst":true,"interactionType":"ENTER_TEXT"}]}
COMMAND: POST /session/371b8fcef450a364efde700f21fc0eae/element - {"using":"xpath","value":"//button[@data-kt=\"newYardSaveButton\"]"}
RESULT: {"using":"xpath","value":"//button[@data-kt=\"newYardSaveButton\"]"}
COMMAND: POST /session/371b8fcef450a364efde700f21fc0eae/element/f.FFD2F70B7356459FE22D1016ABDF7B9E.d.65DA2315AD593AECE29B9D74FCC1A812.e.680/click - {}
RESULT: {}
COMMAND: GET /session/371b8fcef450a364efde700f21fc0eae/screenshot - {}
COMMAND: POST /session/371b8fcef450a364efde700f21fc0eae/element - {"using":"xpath","value":"//header[contains(@id, 'ObjectPageLayout-headerTitle')]/div[1]/div[2]/div[1]/span[1]"}
RESULT: {}
RESULT: {"using":"xpath","value":"//header[contains(@id, 'ObjectPageLayout-headerTitle')]/div[1]/div[2]/div[1]/span[1]"}
COMMAND: POST /session/371b8fcef450a364efde700f21fc0eae/elements - {"using":"xpath","value":"//header[contains(@id, 'ObjectPageLayout-headerTitle')]/div[1]/div[2]/div[1]/span[1]"}
RESULT: {"using":"xpath","value":"//header[contains(@id, 'ObjectPageLayout-headerTitle')]/div[1]/div[2]/div[1]/span[1]"}
COMMAND: POST /session/371b8fcef450a364efde700f21fc0eae/execute/sync - {"script":"<script> [56 bytes]","args":[{"element-6066-11e4-a52e-4f735466cecf":"f.FFD2F70B7356459FE22D1016ABDF7B9E.d.65DA2315AD593AECE29B9D74FCC1A812.e.992","ELEMENT":"f.FFD2F70B7356459FE22D1016ABDF7B9E.d.65DA2315AD593AECE29B9D74FCC1A812.e.992"}]}
RESULT: {"script":"<script> [56 bytes]","args":[{"element-6066-11e4-a52e-4f735466cecf":"f.FFD2F70B7356459FE22D1016ABDF7B9E.d.65DA2315AD593AECE29B9D74FCC1A812.e.992","ELEMENT":"f.FFD2F70B7356459FE22D1016ABDF7B9E.d.65DA2315AD593AECE29B9D74FCC1A812.e.992"}]}
COMMAND: GET /session/371b8fcef450a364efde700f21fc0eae/screenshot - {}
COMMAND: POST /session/371b8fcef450a364efde700f21fc0eae/execute/sync - {"script":"<script> [56 bytes]","args":[{"element-6066-11e4-a52e-4f735466cecf":"f.FFD2F70B7356459FE22D1016ABDF7B9E.d.65DA2315AD593AECE29B9D74FCC1A812.e.992","ELEMENT":"f.FFD2F70B7356459FE22D1016ABDF7B9E.d.65DA2315AD593AECE29B9D74FCC1A812.e.992"}]}
RESULT: {}
RESULT: {"script":"<script> [56 bytes]","args":[{"element-6066-11e4-a52e-4f735466cecf":"f.FFD2F70B7356459FE22D1016ABDF7B9E.d.65DA2315AD593AECE29B9D74FCC1A812.e.992","ELEMENT":"f.FFD2F70B7356459FE22D1016ABDF7B9E.d.65DA2315AD593AECE29B9D74FCC1A812.e.992"}]}
COMMAND: GET /session/371b8fcef450a364efde700f21fc0eae/screenshot - {}
RESULT: {}
COMMAND: POST /session/371b8fcef450a364efde700f21fc0eae/element - {"using":"css selector","value":"#shell-header-logo"}
RESULT: {"using":"css selector","value":"#shell-header-logo"}
COMMAND: POST /session/371b8fcef450a364efde700f21fc0eae/element/f.FFD2F70B7356459FE22D1016ABDF7B9E.d.65DA2315AD593AECE29B9D74FCC1A812.e.251/click - {}
RESULT: {}
COMMAND: GET /session/371b8fcef450a364efde700f21fc0eae/screenshot - {}
RESULT: {}
COMMAND: POST /session/371b8fcef450a364efde700f21fc0eae/execute/sync - {"script":"<script> [299 bytes]","args":[["getModel","getResource"]]}
RESULT: {"script":"<script> [299 bytes]","args":[["getModel","getResource"]]}
]]></system-out>
    </testcase>
    <testcase classname="chrome.135_0_7049_96.windows.Billing_Transfer_-_Master_data_&amp;_Intercompany_US127250" name="Should create a new partner" time="117.961">
      <system-out><![CDATA[
COMMAND: GET /session/371b8fcef450a364efde700f21fc0eae/screenshot - {}
COMMAND: POST /session/371b8fcef450a364efde700f21fc0eae/window/fullscreen - {}
RESULT: {}
RESULT: {}
COMMAND: POST /session/371b8fcef450a364efde700f21fc0eae/execute/async - {"script":"<script> [1562 bytes]","args":[{"selector":{"controlType":"sap.m.GenericTile","properties":{"header":"Manage Partners"}},"wdio_ui5_key":"sapm.GenericTile{\"header\":\"Manage Partners\"}"}]}
RESULT: {"script":"<script> [1562 bytes]","args":[{"selector":{"controlType":"sap.m.GenericTile","properties":{"header":"Manage Partners"}},"wdio_ui5_key":"sapm.GenericTile{\"header\":\"Manage Partners\"}"}]}
RESULT: undefined
COMMAND: POST /session/371b8fcef450a364efde700f21fc0eae/element - {"using":"xpath","value":"//*[@id=\"__tile38\"]"}
RESULT: {"using":"xpath","value":"//*[@id=\"__tile38\"]"}
COMMAND: POST /session/371b8fcef450a364efde700f21fc0eae/element/f.FFD2F70B7356459FE22D1016ABDF7B9E.d.65DA2315AD593AECE29B9D74FCC1A812.e.141/click - {}
RESULT: {}
COMMAND: POST /session/371b8fcef450a364efde700f21fc0eae/element - {"using":"xpath","value":"//button[@data-kt=\"addButton\"]"}
COMMAND: GET /session/371b8fcef450a364efde700f21fc0eae/screenshot - {}
RESULT: {"using":"xpath","value":"//button[@data-kt=\"addButton\"]"}
COMMAND: POST /session/371b8fcef450a364efde700f21fc0eae/elements - {"using":"xpath","value":"//button[@data-kt=\"addButton\"]"}
RESULT: {}
RESULT: {"using":"xpath","value":"//button[@data-kt=\"addButton\"]"}
COMMAND: POST /session/371b8fcef450a364efde700f21fc0eae/elements - {"using":"xpath","value":"//button[@data-kt=\"addButton\"]"}
RESULT: {"using":"xpath","value":"//button[@data-kt=\"addButton\"]"}
COMMAND: POST /session/371b8fcef450a364efde700f21fc0eae/elements - {"using":"xpath","value":"//button[@data-kt=\"addButton\"]"}
RESULT: {"using":"xpath","value":"//button[@data-kt=\"addButton\"]"}
COMMAND: POST /session/371b8fcef450a364efde700f21fc0eae/elements - {"using":"xpath","value":"//button[@data-kt=\"addButton\"]"}
RESULT: {"using":"xpath","value":"//button[@data-kt=\"addButton\"]"}
COMMAND: POST /session/371b8fcef450a364efde700f21fc0eae/elements - {"using":"xpath","value":"//button[@data-kt=\"addButton\"]"}
RESULT: {"using":"xpath","value":"//button[@data-kt=\"addButton\"]"}
COMMAND: POST /session/371b8fcef450a364efde700f21fc0eae/elements - {"using":"xpath","value":"//button[@data-kt=\"addButton\"]"}
RESULT: {"using":"xpath","value":"//button[@data-kt=\"addButton\"]"}
COMMAND: POST /session/371b8fcef450a364efde700f21fc0eae/elements - {"using":"xpath","value":"//button[@data-kt=\"addButton\"]"}
RESULT: {"using":"xpath","value":"//button[@data-kt=\"addButton\"]"}
COMMAND: POST /session/371b8fcef450a364efde700f21fc0eae/elements - {"using":"xpath","value":"//button[@data-kt=\"addButton\"]"}
RESULT: {"using":"xpath","value":"//button[@data-kt=\"addButton\"]"}
COMMAND: POST /session/371b8fcef450a364efde700f21fc0eae/elements - {"using":"xpath","value":"//button[@data-kt=\"addButton\"]"}
RESULT: {"using":"xpath","value":"//button[@data-kt=\"addButton\"]"}
COMMAND: POST /session/371b8fcef450a364efde700f21fc0eae/elements - {"using":"xpath","value":"//button[@data-kt=\"addButton\"]"}
RESULT: {"using":"xpath","value":"//button[@data-kt=\"addButton\"]"}
COMMAND: POST /session/371b8fcef450a364efde700f21fc0eae/elements - {"using":"xpath","value":"//button[@data-kt=\"addButton\"]"}
RESULT: {"using":"xpath","value":"//button[@data-kt=\"addButton\"]"}
COMMAND: POST /session/371b8fcef450a364efde700f21fc0eae/elements - {"using":"xpath","value":"//button[@data-kt=\"addButton\"]"}
RESULT: {"using":"xpath","value":"//button[@data-kt=\"addButton\"]"}
COMMAND: POST /session/371b8fcef450a364efde700f21fc0eae/elements - {"using":"xpath","value":"//button[@data-kt=\"addButton\"]"}
RESULT: {"using":"xpath","value":"//button[@data-kt=\"addButton\"]"}
COMMAND: POST /session/371b8fcef450a364efde700f21fc0eae/elements - {"using":"xpath","value":"//button[@data-kt=\"addButton\"]"}
RESULT: {"using":"xpath","value":"//button[@data-kt=\"addButton\"]"}
COMMAND: POST /session/371b8fcef450a364efde700f21fc0eae/elements - {"using":"xpath","value":"//button[@data-kt=\"addButton\"]"}
RESULT: {"using":"xpath","value":"//button[@data-kt=\"addButton\"]"}
COMMAND: POST /session/371b8fcef450a364efde700f21fc0eae/elements - {"using":"xpath","value":"//button[@data-kt=\"addButton\"]"}
RESULT: {"using":"xpath","value":"//button[@data-kt=\"addButton\"]"}
COMMAND: POST /session/371b8fcef450a364efde700f21fc0eae/elements - {"using":"xpath","value":"//button[@data-kt=\"addButton\"]"}
RESULT: {"using":"xpath","value":"//button[@data-kt=\"addButton\"]"}
COMMAND: POST /session/371b8fcef450a364efde700f21fc0eae/elements - {"using":"xpath","value":"//button[@data-kt=\"addButton\"]"}
RESULT: {"using":"xpath","value":"//button[@data-kt=\"addButton\"]"}
COMMAND: POST /session/371b8fcef450a364efde700f21fc0eae/elements - {"using":"xpath","value":"//button[@data-kt=\"addButton\"]"}
RESULT: {"using":"xpath","value":"//button[@data-kt=\"addButton\"]"}
COMMAND: POST /session/371b8fcef450a364efde700f21fc0eae/element - {"using":"xpath","value":"//button[@data-kt=\"addButton\"]"}
RESULT: {"using":"xpath","value":"//button[@data-kt=\"addButton\"]"}
COMMAND: POST /session/371b8fcef450a364efde700f21fc0eae/execute/sync - {"script":"<script> [8489 bytes]","args":[{"element-6066-11e4-a52e-4f735466cecf":"f.FFD2F70B7356459FE22D1016ABDF7B9E.d.65DA2315AD593AECE29B9D74FCC1A812.e.1034","ELEMENT":"f.FFD2F70B7356459FE22D1016ABDF7B9E.d.65DA2315AD593AECE29B9D74FCC1A812.e.1034"}]}
RESULT: {"script":"<script> [8489 bytes]","args":[{"element-6066-11e4-a52e-4f735466cecf":"f.FFD2F70B7356459FE22D1016ABDF7B9E.d.65DA2315AD593AECE29B9D74FCC1A812.e.1034","ELEMENT":"f.FFD2F70B7356459FE22D1016ABDF7B9E.d.65DA2315AD593AECE29B9D74FCC1A812.e.1034"}]}
COMMAND: GET /session/371b8fcef450a364efde700f21fc0eae/element/f.FFD2F70B7356459FE22D1016ABDF7B9E.d.65DA2315AD593AECE29B9D74FCC1A812.e.1034/enabled - {}
COMMAND: GET /session/371b8fcef450a364efde700f21fc0eae/screenshot - {}
RESULT: {}
COMMAND: POST /session/371b8fcef450a364efde700f21fc0eae/execute/sync - {"script":"<script> [8489 bytes]","args":[{"element-6066-11e4-a52e-4f735466cecf":"f.FFD2F70B7356459FE22D1016ABDF7B9E.d.65DA2315AD593AECE29B9D74FCC1A812.e.1034","ELEMENT":"f.FFD2F70B7356459FE22D1016ABDF7B9E.d.65DA2315AD593AECE29B9D74FCC1A812.e.1034"}]}
COMMAND: GET /session/371b8fcef450a364efde700f21fc0eae/screenshot - {}
RESULT: {}
RESULT: {}
RESULT: {"script":"<script> [8489 bytes]","args":[{"element-6066-11e4-a52e-4f735466cecf":"f.FFD2F70B7356459FE22D1016ABDF7B9E.d.65DA2315AD593AECE29B9D74FCC1A812.e.1034","ELEMENT":"f.FFD2F70B7356459FE22D1016ABDF7B9E.d.65DA2315AD593AECE29B9D74FCC1A812.e.1034"}]}
COMMAND: POST /session/371b8fcef450a364efde700f21fc0eae/execute/sync - {"script":"<script> [5351 bytes]","args":[{"element-6066-11e4-a52e-4f735466cecf":"f.FFD2F70B7356459FE22D1016ABDF7B9E.d.65DA2315AD593AECE29B9D74FCC1A812.e.1034","ELEMENT":"f.FFD2F70B7356459FE22D1016ABDF7B9E.d.65DA2315AD593AECE29B9D74FCC1A812.e.1034"}]}
COMMAND: GET /session/371b8fcef450a364efde700f21fc0eae/screenshot - {}
RESULT: {"script":"<script> [5351 bytes]","args":[{"element-6066-11e4-a52e-4f735466cecf":"f.FFD2F70B7356459FE22D1016ABDF7B9E.d.65DA2315AD593AECE29B9D74FCC1A812.e.1034","ELEMENT":"f.FFD2F70B7356459FE22D1016ABDF7B9E.d.65DA2315AD593AECE29B9D74FCC1A812.e.1034"}]}
COMMAND: POST /session/371b8fcef450a364efde700f21fc0eae/element/f.FFD2F70B7356459FE22D1016ABDF7B9E.d.65DA2315AD593AECE29B9D74FCC1A812.e.1034/click - {}
COMMAND: GET /session/371b8fcef450a364efde700f21fc0eae/screenshot - {}
RESULT: {}
RESULT: {}
COMMAND: GET /session/371b8fcef450a364efde700f21fc0eae/screenshot - {}
COMMAND: POST /session/371b8fcef450a364efde700f21fc0eae/execute/async - {"script":"<script> [1562 bytes]","args":[{"selector":{"id":"application-managepartners-display-component---NewPartner--addressDetailDetailsName1","interaction":{"idSuffix":"inner"}},"wdio_ui5_key":"applicationmanagepartners-display-component---NewPartner--addressDetailDetailsName1"}]}
RESULT: {}
RESULT: {}
RESULT: {"script":"<script> [1562 bytes]","args":[{"selector":{"id":"application-managepartners-display-component---NewPartner--addressDetailDetailsName1","interaction":{"idSuffix":"inner"}},"wdio_ui5_key":"applicationmanagepartners-display-component---NewPartner--addressDetailDetailsName1"}]}
RESULT: undefined
COMMAND: POST /session/371b8fcef450a364efde700f21fc0eae/execute/async - {"script":"<script> [776 bytes]","args":[{"enterText":"Intercompany Partner WDIO","selector":{"id":"application-managepartners-display-component---NewPartner--addressDetailDetailsName1","interaction":{"idSuffix":"inner"}},"clearTextFirst":true,"interactionType":"ENTER_TEXT"}]}
RESULT: {"script":"<script> [776 bytes]","args":[{"enterText":"Intercompany Partner WDIO","selector":{"id":"application-managepartners-display-component---NewPartner--addressDetailDetailsName1","interaction":{"idSuffix":"inner"}},"clearTextFirst":true,"interactionType":"ENTER_TEXT"}]}
COMMAND: POST /session/371b8fcef450a364efde700f21fc0eae/execute/async - {"script":"<script> [1562 bytes]","args":[{"selector":{"id":"application-managepartners-display-component---NewPartner--addressDetailDetailsLanguage-arrow"},"wdio_ui5_key":"applicationmanagepartners-display-component---NewPartner--addressDetailDetailsLanguage-arrow"}]}
RESULT: {"script":"<script> [1562 bytes]","args":[{"selector":{"id":"application-managepartners-display-component---NewPartner--addressDetailDetailsLanguage-arrow"},"wdio_ui5_key":"applicationmanagepartners-display-component---NewPartner--addressDetailDetailsLanguage-arrow"}]}
RESULT: undefined
COMMAND: POST /session/371b8fcef450a364efde700f21fc0eae/element - {"using":"xpath","value":"//*[@id=\"application-managepartners-display-component---NewPartner--addressDetailDetailsLanguage-arrow\"]"}
RESULT: {"using":"xpath","value":"//*[@id=\"application-managepartners-display-component---NewPartner--addressDetailDetailsLanguage-arrow\"]"}
COMMAND: POST /session/371b8fcef450a364efde700f21fc0eae/element/f.FFD2F70B7356459FE22D1016ABDF7B9E.d.65DA2315AD593AECE29B9D74FCC1A812.e.1491/click - {}
RESULT: {}
COMMAND: POST /session/371b8fcef450a364efde700f21fc0eae/element - {"using":"xpath","value":"//span[contains(text(), \"English\")]"}
COMMAND: GET /session/371b8fcef450a364efde700f21fc0eae/screenshot - {}
RESULT: {"using":"xpath","value":"//span[contains(text(), \"English\")]"}
COMMAND: POST /session/371b8fcef450a364efde700f21fc0eae/element/f.FFD2F70B7356459FE22D1016ABDF7B9E.d.65DA2315AD593AECE29B9D74FCC1A812.e.1492/click - {}
RESULT: {}
RESULT: {}
COMMAND: GET /session/371b8fcef450a364efde700f21fc0eae/screenshot - {}
RESULT: {}
COMMAND: POST /session/371b8fcef450a364efde700f21fc0eae/execute/async - {"script":"<script> [1562 bytes]","args":[{"selector":{"id":"application-managepartners-display-component---NewPartner--addressDetailDetailsCity1","interaction":{"idSuffix":"inner"}},"wdio_ui5_key":"applicationmanagepartners-display-component---NewPartner--addressDetailDetailsCity1"}]}
RESULT: {"script":"<script> [1562 bytes]","args":[{"selector":{"id":"application-managepartners-display-component---NewPartner--addressDetailDetailsCity1","interaction":{"idSuffix":"inner"}},"wdio_ui5_key":"applicationmanagepartners-display-component---NewPartner--addressDetailDetailsCity1"}]}
RESULT: undefined
COMMAND: POST /session/371b8fcef450a364efde700f21fc0eae/execute/async - {"script":"<script> [776 bytes]","args":[{"enterText":"Rosario","selector":{"id":"application-managepartners-display-component---NewPartner--addressDetailDetailsCity1","interaction":{"idSuffix":"inner"}},"clearTextFirst":true,"interactionType":"ENTER_TEXT"}]}
RESULT: {"script":"<script> [776 bytes]","args":[{"enterText":"Rosario","selector":{"id":"application-managepartners-display-component---NewPartner--addressDetailDetailsCity1","interaction":{"idSuffix":"inner"}},"clearTextFirst":true,"interactionType":"ENTER_TEXT"}]}
COMMAND: POST /session/371b8fcef450a364efde700f21fc0eae/execute/async - {"script":"<script> [1562 bytes]","args":[{"selector":{"id":"application-managepartners-display-component---NewPartner--addressDetailDetailsCountry-arrow"},"wdio_ui5_key":"applicationmanagepartners-display-component---NewPartner--addressDetailDetailsCountry-arrow"}]}
RESULT: {"script":"<script> [1562 bytes]","args":[{"selector":{"id":"application-managepartners-display-component---NewPartner--addressDetailDetailsCountry-arrow"},"wdio_ui5_key":"applicationmanagepartners-display-component---NewPartner--addressDetailDetailsCountry-arrow"}]}
RESULT: undefined
COMMAND: POST /session/371b8fcef450a364efde700f21fc0eae/element - {"using":"xpath","value":"//*[@id=\"application-managepartners-display-component---NewPartner--addressDetailDetailsCountry-arrow\"]"}
RESULT: {"using":"xpath","value":"//*[@id=\"application-managepartners-display-component---NewPartner--addressDetailDetailsCountry-arrow\"]"}
COMMAND: POST /session/371b8fcef450a364efde700f21fc0eae/element/f.FFD2F70B7356459FE22D1016ABDF7B9E.d.65DA2315AD593AECE29B9D74FCC1A812.e.1478/click - {}
RESULT: {}
COMMAND: POST /session/371b8fcef450a364efde700f21fc0eae/element - {"using":"xpath","value":"//span[contains(text(), \"Argentina\")]"}
COMMAND: GET /session/371b8fcef450a364efde700f21fc0eae/screenshot - {}
RESULT: {"using":"xpath","value":"//span[contains(text(), \"Argentina\")]"}
COMMAND: POST /session/371b8fcef450a364efde700f21fc0eae/element/f.FFD2F70B7356459FE22D1016ABDF7B9E.d.65DA2315AD593AECE29B9D74FCC1A812.e.1494/click - {}
RESULT: {}
RESULT: {}
COMMAND: GET /session/371b8fcef450a364efde700f21fc0eae/screenshot - {}
RESULT: {}
COMMAND: POST /session/371b8fcef450a364efde700f21fc0eae/element - {"using":"xpath","value":"//bdi[contains(text(), \"Commercial\")]"}
RESULT: {"using":"xpath","value":"//bdi[contains(text(), \"Commercial\")]"}
COMMAND: POST /session/371b8fcef450a364efde700f21fc0eae/element/f.FFD2F70B7356459FE22D1016ABDF7B9E.d.65DA2315AD593AECE29B9D74FCC1A812.e.1495/click - {}
RESULT: {}
COMMAND: GET /session/371b8fcef450a364efde700f21fc0eae/screenshot - {}
RESULT: {}
COMMAND: POST /session/371b8fcef450a364efde700f21fc0eae/execute/async - {"script":"<script> [1562 bytes]","args":[{"selector":{"id":"application-managepartners-display-component---NewPartner--partnerDetailInternal-arrow"},"wdio_ui5_key":"applicationmanagepartners-display-component---NewPartner--partnerDetailInternal-arrow"}]}
RESULT: {"script":"<script> [1562 bytes]","args":[{"selector":{"id":"application-managepartners-display-component---NewPartner--partnerDetailInternal-arrow"},"wdio_ui5_key":"applicationmanagepartners-display-component---NewPartner--partnerDetailInternal-arrow"}]}
RESULT: undefined
COMMAND: POST /session/371b8fcef450a364efde700f21fc0eae/element - {"using":"xpath","value":"//*[@id=\"application-managepartners-display-component---NewPartner--partnerDetailInternal-arrow\"]"}
RESULT: {"using":"xpath","value":"//*[@id=\"application-managepartners-display-component---NewPartner--partnerDetailInternal-arrow\"]"}
COMMAND: POST /session/371b8fcef450a364efde700f21fc0eae/element/f.FFD2F70B7356459FE22D1016ABDF7B9E.d.65DA2315AD593AECE29B9D74FCC1A812.e.1501/click - {}
RESULT: {}
COMMAND: POST /session/371b8fcef450a364efde700f21fc0eae/element - {"using":"xpath","value":"//span[contains(text(), \"Affiliated company\")]"}
COMMAND: GET /session/371b8fcef450a364efde700f21fc0eae/screenshot - {}
RESULT: {"using":"xpath","value":"//span[contains(text(), \"Affiliated company\")]"}
COMMAND: POST /session/371b8fcef450a364efde700f21fc0eae/element/f.FFD2F70B7356459FE22D1016ABDF7B9E.d.65DA2315AD593AECE29B9D74FCC1A812.e.1504/click - {}
RESULT: {}
RESULT: {}
COMMAND: POST /session/371b8fcef450a364efde700f21fc0eae/execute/async - {"script":"<script> [1562 bytes]","args":[{"selector":{"id":"application-managepartners-display-component---NewPartner--partnerDetailsCurrency-arrow"},"wdio_ui5_key":"applicationmanagepartners-display-component---NewPartner--partnerDetailsCurrency-arrow"}]}
COMMAND: GET /session/371b8fcef450a364efde700f21fc0eae/screenshot - {}
RESULT: {"script":"<script> [1562 bytes]","args":[{"selector":{"id":"application-managepartners-display-component---NewPartner--partnerDetailsCurrency-arrow"},"wdio_ui5_key":"applicationmanagepartners-display-component---NewPartner--partnerDetailsCurrency-arrow"}]}
RESULT: undefined
COMMAND: POST /session/371b8fcef450a364efde700f21fc0eae/element - {"using":"xpath","value":"//*[@id=\"application-managepartners-display-component---NewPartner--partnerDetailsCurrency-arrow\"]"}
RESULT: {}
RESULT: {"using":"xpath","value":"//*[@id=\"application-managepartners-display-component---NewPartner--partnerDetailsCurrency-arrow\"]"}
COMMAND: POST /session/371b8fcef450a364efde700f21fc0eae/element/f.FFD2F70B7356459FE22D1016ABDF7B9E.d.65DA2315AD593AECE29B9D74FCC1A812.e.1511/click - {}
RESULT: {}
COMMAND: POST /session/371b8fcef450a364efde700f21fc0eae/element - {"using":"xpath","value":"//span[contains(text(), \"Euro\")]"}
COMMAND: GET /session/371b8fcef450a364efde700f21fc0eae/screenshot - {}
RESULT: {"using":"xpath","value":"//span[contains(text(), \"Euro\")]"}
COMMAND: POST /session/371b8fcef450a364efde700f21fc0eae/element/f.FFD2F70B7356459FE22D1016ABDF7B9E.d.65DA2315AD593AECE29B9D74FCC1A812.e.1512/click - {}
RESULT: {}
RESULT: {}
COMMAND: POST /session/371b8fcef450a364efde700f21fc0eae/execute/async - {"script":"<script> [1562 bytes]","args":[{"selector":{"id":"application-managepartners-display-component---NewPartner--addressEditDetailsCostObjectCstType-arrow"},"wdio_ui5_key":"applicationmanagepartners-display-component---NewPartner--addressEditDetailsCostObjectCstType-arrow"}]}
COMMAND: GET /session/371b8fcef450a364efde700f21fc0eae/screenshot - {}
RESULT: {"script":"<script> [1562 bytes]","args":[{"selector":{"id":"application-managepartners-display-component---NewPartner--addressEditDetailsCostObjectCstType-arrow"},"wdio_ui5_key":"applicationmanagepartners-display-component---NewPartner--addressEditDetailsCostObjectCstType-arrow"}]}
RESULT: undefined
COMMAND: POST /session/371b8fcef450a364efde700f21fc0eae/element - {"using":"xpath","value":"//*[@id=\"application-managepartners-display-component---NewPartner--addressEditDetailsCostObjectCstType-arrow\"]"}
RESULT: {}
RESULT: {"using":"xpath","value":"//*[@id=\"application-managepartners-display-component---NewPartner--addressEditDetailsCostObjectCstType-arrow\"]"}
COMMAND: POST /session/371b8fcef450a364efde700f21fc0eae/element/f.FFD2F70B7356459FE22D1016ABDF7B9E.d.65DA2315AD593AECE29B9D74FCC1A812.e.1513/click - {}
RESULT: {}
COMMAND: POST /session/371b8fcef450a364efde700f21fc0eae/element - {"using":"xpath","value":"//span[contains(text(), \"Cost Center\")]"}
COMMAND: GET /session/371b8fcef450a364efde700f21fc0eae/screenshot - {}
RESULT: {"using":"xpath","value":"//span[contains(text(), \"Cost Center\")]"}
COMMAND: POST /session/371b8fcef450a364efde700f21fc0eae/element/f.FFD2F70B7356459FE22D1016ABDF7B9E.d.65DA2315AD593AECE29B9D74FCC1A812.e.1514/click - {}
RESULT: {}
RESULT: {}
COMMAND: GET /session/371b8fcef450a364efde700f21fc0eae/screenshot - {}
RESULT: {}
COMMAND: POST /session/371b8fcef450a364efde700f21fc0eae/element - {"using":"xpath","value":"//span[@id=\"application-managepartners-display-component---NewPartner--addressNewCostObjectCstID-vhi\"]"}
RESULT: {"using":"xpath","value":"//span[@id=\"application-managepartners-display-component---NewPartner--addressNewCostObjectCstID-vhi\"]"}
COMMAND: POST /session/371b8fcef450a364efde700f21fc0eae/execute/sync - {"script":"<script> [8489 bytes]","args":[{"element-6066-11e4-a52e-4f735466cecf":"f.FFD2F70B7356459FE22D1016ABDF7B9E.d.65DA2315AD593AECE29B9D74FCC1A812.e.1518","ELEMENT":"f.FFD2F70B7356459FE22D1016ABDF7B9E.d.65DA2315AD593AECE29B9D74FCC1A812.e.1518"}]}
RESULT: {"script":"<script> [8489 bytes]","args":[{"element-6066-11e4-a52e-4f735466cecf":"f.FFD2F70B7356459FE22D1016ABDF7B9E.d.65DA2315AD593AECE29B9D74FCC1A812.e.1518","ELEMENT":"f.FFD2F70B7356459FE22D1016ABDF7B9E.d.65DA2315AD593AECE29B9D74FCC1A812.e.1518"}]}
COMMAND: POST /session/371b8fcef450a364efde700f21fc0eae/execute/async - {"script":"<script> [1562 bytes]","args":[{"selector":{"id":"application-managepartners-display-component---NewPartner--addressNewCostObjectCstID-vhi"},"wdio_ui5_key":"applicationmanagepartners-display-component---NewPartner--addressNewCostObjectCstID-vhi"}]}
COMMAND: GET /session/371b8fcef450a364efde700f21fc0eae/screenshot - {}
RESULT: {"script":"<script> [1562 bytes]","args":[{"selector":{"id":"application-managepartners-display-component---NewPartner--addressNewCostObjectCstID-vhi"},"wdio_ui5_key":"applicationmanagepartners-display-component---NewPartner--addressNewCostObjectCstID-vhi"}]}
RESULT: undefined
COMMAND: POST /session/371b8fcef450a364efde700f21fc0eae/element - {"using":"xpath","value":"//*[@id=\"application-managepartners-display-component---NewPartner--addressNewCostObjectCstID-vhi\"]"}
RESULT: {}
RESULT: {"using":"xpath","value":"//*[@id=\"application-managepartners-display-component---NewPartner--addressNewCostObjectCstID-vhi\"]"}
COMMAND: POST /session/371b8fcef450a364efde700f21fc0eae/element/f.FFD2F70B7356459FE22D1016ABDF7B9E.d.65DA2315AD593AECE29B9D74FCC1A812.e.1518/click - {}
RESULT: {}
COMMAND: GET /session/371b8fcef450a364efde700f21fc0eae/screenshot - {}
RESULT: {}
RESULT: undefined
COMMAND: POST /session/371b8fcef450a364efde700f21fc0eae/execute/async - {"script":"<script> [776 bytes]","args":[{"enterText":"10001013","selector":{"controlType":"sap.m.SearchField","properties":{"placeholder":"Search"},"searchOpenDialogs":true,"interaction":{"idSuffix":"I"}},"clearTextFirst":true,"interactionType":"ENTER_TEXT"}]}
RESULT: {"script":"<script> [776 bytes]","args":[{"enterText":"10001013","selector":{"controlType":"sap.m.SearchField","properties":{"placeholder":"Search"},"searchOpenDialogs":true,"interaction":{"idSuffix":"I"}},"clearTextFirst":true,"interactionType":"ENTER_TEXT"}]}
COMMAND: POST /session/371b8fcef450a364efde700f21fc0eae/actions - {"actions":[{"id":"action2","type":"key","parameters":{},"actions":[{"type":"keyDown","value":"î€‡"},{"type":"pause","duration":10},{"type":"keyUp","value":"î€‡"}]}]}
RESULT: {"actions":[{"id":"action2","type":"key","parameters":{},"actions":[{"type":"keyDown","value":"î€‡"},{"type":"pause","duration":10},{"type":"keyUp","value":"î€‡"}]}]}
COMMAND: GET /session/371b8fcef450a364efde700f21fc0eae/screenshot - {}
RESULT: {}
COMMAND: POST /session/371b8fcef450a364efde700f21fc0eae/element - {"using":"xpath","value":"//span[contains(text(), \"General Management\")]"}
RESULT: {"using":"xpath","value":"//span[contains(text(), \"General Management\")]"}
COMMAND: POST /session/371b8fcef450a364efde700f21fc0eae/element/f.FFD2F70B7356459FE22D1016ABDF7B9E.d.65DA2315AD593AECE29B9D74FCC1A812.e.1557/click - {}
RESULT: {}
COMMAND: GET /session/371b8fcef450a364efde700f21fc0eae/screenshot - {}
RESULT: {}
COMMAND: POST /session/371b8fcef450a364efde700f21fc0eae/element - {"using":"xpath","value":"//bdi[contains(text(), \"OK\")]"}
RESULT: {"using":"xpath","value":"//bdi[contains(text(), \"OK\")]"}
COMMAND: POST /session/371b8fcef450a364efde700f21fc0eae/element/f.FFD2F70B7356459FE22D1016ABDF7B9E.d.65DA2315AD593AECE29B9D74FCC1A812.e.1558/click - {}
RESULT: {}
COMMAND: GET /session/371b8fcef450a364efde700f21fc0eae/screenshot - {}
RESULT: {}
COMMAND: POST /session/371b8fcef450a364efde700f21fc0eae/element - {"using":"xpath","value":"//input[@id=\"application-managepartners-display-component---NewPartner--companyCodeComboBox-inner\"]"}
RESULT: {"using":"xpath","value":"//input[@id=\"application-managepartners-display-component---NewPartner--companyCodeComboBox-inner\"]"}
COMMAND: POST /session/371b8fcef450a364efde700f21fc0eae/element/f.FFD2F70B7356459FE22D1016ABDF7B9E.d.65DA2315AD593AECE29B9D74FCC1A812.e.1349/clear - {}
RESULT: {}
COMMAND: POST /session/371b8fcef450a364efde700f21fc0eae/element/f.FFD2F70B7356459FE22D1016ABDF7B9E.d.65DA2315AD593AECE29B9D74FCC1A812.e.1349/value - {"text":"C002"}
COMMAND: GET /session/371b8fcef450a364efde700f21fc0eae/screenshot - {}
RESULT: {"text":"C002"}
COMMAND: GET /session/371b8fcef450a364efde700f21fc0eae/screenshot - {}
RESULT: {}
RESULT: {}
COMMAND: POST /session/371b8fcef450a364efde700f21fc0eae/element - {"using":"xpath","value":"//span[contains(text(), \"C002\")]"}
RESULT: {"using":"xpath","value":"//span[contains(text(), \"C002\")]"}
COMMAND: POST /session/371b8fcef450a364efde700f21fc0eae/element/f.FFD2F70B7356459FE22D1016ABDF7B9E.d.65DA2315AD593AECE29B9D74FCC1A812.e.1564/click - {}
RESULT: {}
COMMAND: GET /session/371b8fcef450a364efde700f21fc0eae/screenshot - {}
RESULT: {}
COMMAND: POST /session/371b8fcef450a364efde700f21fc0eae/execute/async - {"script":"<script> [1562 bytes]","args":[{"selector":{"id":"application-managepartners-display-component---NewPartner--btnAddTableRow-img"},"wdio_ui5_key":"applicationmanagepartners-display-component---NewPartner--btnAddTableRow-img"}]}
RESULT: {"script":"<script> [1562 bytes]","args":[{"selector":{"id":"application-managepartners-display-component---NewPartner--btnAddTableRow-img"},"wdio_ui5_key":"applicationmanagepartners-display-component---NewPartner--btnAddTableRow-img"}]}
RESULT: undefined
COMMAND: POST /session/371b8fcef450a364efde700f21fc0eae/element - {"using":"xpath","value":"//*[@id=\"application-managepartners-display-component---NewPartner--btnAddTableRow-img\"]"}
RESULT: {"using":"xpath","value":"//*[@id=\"application-managepartners-display-component---NewPartner--btnAddTableRow-img\"]"}
COMMAND: POST /session/371b8fcef450a364efde700f21fc0eae/element/f.FFD2F70B7356459FE22D1016ABDF7B9E.d.65DA2315AD593AECE29B9D74FCC1A812.e.1565/click - {}
RESULT: {}
COMMAND: GET /session/371b8fcef450a364efde700f21fc0eae/screenshot - {}
RESULT: {}
COMMAND: POST /session/371b8fcef450a364efde700f21fc0eae/element - {"using":"xpath","value":"//input[@id=\"application-managepartners-display-component---NewPartner--assignmentYard-application-managepartners-display-component---NewPartner--assignmentsTable-0-inner\"]"}
RESULT: {"using":"xpath","value":"//input[@id=\"application-managepartners-display-component---NewPartner--assignmentYard-application-managepartners-display-component---NewPartner--assignmentsTable-0-inner\"]"}
COMMAND: POST /session/371b8fcef450a364efde700f21fc0eae/element/f.FFD2F70B7356459FE22D1016ABDF7B9E.d.65DA2315AD593AECE29B9D74FCC1A812.e.1568/clear - {}
RESULT: {}
COMMAND: POST /session/371b8fcef450a364efde700f21fc0eae/element/f.FFD2F70B7356459FE22D1016ABDF7B9E.d.65DA2315AD593AECE29B9D74FCC1A812.e.1568/value - {"text":"511"}
COMMAND: GET /session/371b8fcef450a364efde700f21fc0eae/screenshot - {}
RESULT: {"text":"511"}
COMMAND: GET /session/371b8fcef450a364efde700f21fc0eae/screenshot - {}
RESULT: {}
RESULT: {}
COMMAND: POST /session/371b8fcef450a364efde700f21fc0eae/element - {"using":"xpath","value":"//li[.//span[text()='511']]"}
RESULT: {"using":"xpath","value":"//li[.//span[text()='511']]"}
COMMAND: POST /session/371b8fcef450a364efde700f21fc0eae/element/f.FFD2F70B7356459FE22D1016ABDF7B9E.d.65DA2315AD593AECE29B9D74FCC1A812.e.1577/click - {}
RESULT: {}
COMMAND: GET /session/371b8fcef450a364efde700f21fc0eae/screenshot - {}
RESULT: {}
COMMAND: POST /session/371b8fcef450a364efde700f21fc0eae/actions - {"actions":[{"id":"action3","type":"key","parameters":{},"actions":[{"type":"keyDown","value":"î€‡"},{"type":"pause","duration":10},{"type":"keyUp","value":"î€‡"}]}]}
RESULT: {"actions":[{"id":"action3","type":"key","parameters":{},"actions":[{"type":"keyDown","value":"î€‡"},{"type":"pause","duration":10},{"type":"keyUp","value":"î€‡"}]}]}
COMMAND: POST /session/371b8fcef450a364efde700f21fc0eae/execute/async - {"script":"<script> [1562 bytes]","args":[{"selector":{"id":"application-managepartners-display-component---NewPartner--externalCustomerComboBox-application-managepartners-display-component---NewPartner--assignmentsTable-0-vhi"},"wdio_ui5_key":"applicationmanagepartners-display-component---NewPartner--externalCustomerComboBox-application-managepartners-display-component---NewPartner--assignmentsTable-0-vhi"}]}
COMMAND: GET /session/371b8fcef450a364efde700f21fc0eae/screenshot - {}
RESULT: {"script":"<script> [1562 bytes]","args":[{"selector":{"id":"application-managepartners-display-component---NewPartner--externalCustomerComboBox-application-managepartners-display-component---NewPartner--assignmentsTable-0-vhi"},"wdio_ui5_key":"applicationmanagepartners-display-component---NewPartner--externalCustomerComboBox-application-managepartners-display-component---NewPartner--assignmentsTable-0-vhi"}]}
RESULT: undefined
COMMAND: POST /session/371b8fcef450a364efde700f21fc0eae/element - {"using":"xpath","value":"//*[@id=\"application-managepartners-display-component---NewPartner--externalCustomerComboBox-application-managepartners-display-component---NewPartner--assignmentsTable-0-vhi\"]"}
RESULT: {}
RESULT: {"using":"xpath","value":"//*[@id=\"application-managepartners-display-component---NewPartner--externalCustomerComboBox-application-managepartners-display-component---NewPartner--assignmentsTable-0-vhi\"]"}
COMMAND: POST /session/371b8fcef450a364efde700f21fc0eae/element/f.FFD2F70B7356459FE22D1016ABDF7B9E.d.65DA2315AD593AECE29B9D74FCC1A812.e.1581/click - {}
RESULT: {}
RESULT: undefined
COMMAND: POST /session/371b8fcef450a364efde700f21fc0eae/execute/async - {"script":"<script> [776 bytes]","args":[{"enterText":"300003","selector":{"controlType":"sap.m.SearchField","properties":{"placeholder":"Search"},"searchOpenDialogs":true,"interaction":{"idSuffix":"I"}},"clearTextFirst":true,"interactionType":"ENTER_TEXT"}]}
COMMAND: GET /session/371b8fcef450a364efde700f21fc0eae/screenshot - {}
RESULT: {"script":"<script> [776 bytes]","args":[{"enterText":"300003","selector":{"controlType":"sap.m.SearchField","properties":{"placeholder":"Search"},"searchOpenDialogs":true,"interaction":{"idSuffix":"I"}},"clearTextFirst":true,"interactionType":"ENTER_TEXT"}]}
COMMAND: POST /session/371b8fcef450a364efde700f21fc0eae/actions - {"actions":[{"id":"action4","type":"key","parameters":{},"actions":[{"type":"keyDown","value":"î€‡"},{"type":"pause","duration":10},{"type":"keyUp","value":"î€‡"}]}]}
RESULT: {}
RESULT: {"actions":[{"id":"action4","type":"key","parameters":{},"actions":[{"type":"keyDown","value":"î€‡"},{"type":"pause","duration":10},{"type":"keyUp","value":"î€‡"}]}]}
COMMAND: GET /session/371b8fcef450a364efde700f21fc0eae/screenshot - {}
RESULT: {}
COMMAND: POST /session/371b8fcef450a364efde700f21fc0eae/element - {"using":"xpath","value":"//span[contains(text(), \"300003\")]"}
RESULT: {"using":"xpath","value":"//span[contains(text(), \"300003\")]"}
COMMAND: POST /session/371b8fcef450a364efde700f21fc0eae/element/f.FFD2F70B7356459FE22D1016ABDF7B9E.d.65DA2315AD593AECE29B9D74FCC1A812.e.1599/click - {}
RESULT: {}
COMMAND: GET /session/371b8fcef450a364efde700f21fc0eae/screenshot - {}
RESULT: {}
COMMAND: POST /session/371b8fcef450a364efde700f21fc0eae/element - {"using":"xpath","value":"//bdi[contains(text(), \"OK\")]"}
RESULT: {"using":"xpath","value":"//bdi[contains(text(), \"OK\")]"}
COMMAND: POST /session/371b8fcef450a364efde700f21fc0eae/element/f.FFD2F70B7356459FE22D1016ABDF7B9E.d.65DA2315AD593AECE29B9D74FCC1A812.e.1601/click - {}
RESULT: {}
COMMAND: GET /session/371b8fcef450a364efde700f21fc0eae/screenshot - {}
RESULT: {}
COMMAND: POST /session/371b8fcef450a364efde700f21fc0eae/execute/async - {"script":"<script> [1562 bytes]","args":[{"selector":{"id":"application-managepartners-display-component---NewPartner--intercompVendorComboBox-application-managepartners-display-component---NewPartner--assignmentsTable-0-vhi"},"wdio_ui5_key":"applicationmanagepartners-display-component---NewPartner--intercompVendorComboBox-application-managepartners-display-component---NewPartner--assignmentsTable-0-vhi"}]}
RESULT: {"script":"<script> [1562 bytes]","args":[{"selector":{"id":"application-managepartners-display-component---NewPartner--intercompVendorComboBox-application-managepartners-display-component---NewPartner--assignmentsTable-0-vhi"},"wdio_ui5_key":"applicationmanagepartners-display-component---NewPartner--intercompVendorComboBox-application-managepartners-display-component---NewPartner--assignmentsTable-0-vhi"}]}
RESULT: undefined
COMMAND: POST /session/371b8fcef450a364efde700f21fc0eae/element - {"using":"xpath","value":"//*[@id=\"application-managepartners-display-component---NewPartner--intercompVendorComboBox-application-managepartners-display-component---NewPartner--assignmentsTable-0-vhi\"]"}
RESULT: {"using":"xpath","value":"//*[@id=\"application-managepartners-display-component---NewPartner--intercompVendorComboBox-application-managepartners-display-component---NewPartner--assignmentsTable-0-vhi\"]"}
COMMAND: POST /session/371b8fcef450a364efde700f21fc0eae/element/f.FFD2F70B7356459FE22D1016ABDF7B9E.d.65DA2315AD593AECE29B9D74FCC1A812.e.1605/click - {}
RESULT: {}
RESULT: undefined
COMMAND: POST /session/371b8fcef450a364efde700f21fc0eae/execute/async - {"script":"<script> [776 bytes]","args":[{"enterText":"100005","selector":{"controlType":"sap.m.SearchField","properties":{"placeholder":"Search"},"searchOpenDialogs":true,"interaction":{"idSuffix":"I"}},"clearTextFirst":true,"interactionType":"ENTER_TEXT"}]}
COMMAND: GET /session/371b8fcef450a364efde700f21fc0eae/screenshot - {}
RESULT: {"script":"<script> [776 bytes]","args":[{"enterText":"100005","selector":{"controlType":"sap.m.SearchField","properties":{"placeholder":"Search"},"searchOpenDialogs":true,"interaction":{"idSuffix":"I"}},"clearTextFirst":true,"interactionType":"ENTER_TEXT"}]}
COMMAND: POST /session/371b8fcef450a364efde700f21fc0eae/actions - {"actions":[{"id":"action5","type":"key","parameters":{},"actions":[{"type":"keyDown","value":"î€‡"},{"type":"pause","duration":10},{"type":"keyUp","value":"î€‡"}]}]}
RESULT: {}
RESULT: {"actions":[{"id":"action5","type":"key","parameters":{},"actions":[{"type":"keyDown","value":"î€‡"},{"type":"pause","duration":10},{"type":"keyUp","value":"î€‡"}]}]}
COMMAND: GET /session/371b8fcef450a364efde700f21fc0eae/screenshot - {}
RESULT: {}
COMMAND: POST /session/371b8fcef450a364efde700f21fc0eae/element - {"using":"xpath","value":"//span[contains(text(), \"Penguins - Field/12345 Berlin\")]"}
RESULT: {"using":"xpath","value":"//span[contains(text(), \"Penguins - Field/12345 Berlin\")]"}
COMMAND: POST /session/371b8fcef450a364efde700f21fc0eae/element/f.FFD2F70B7356459FE22D1016ABDF7B9E.d.65DA2315AD593AECE29B9D74FCC1A812.e.1622/click - {}
RESULT: {}
COMMAND: GET /session/371b8fcef450a364efde700f21fc0eae/screenshot - {}
RESULT: {}
COMMAND: POST /session/371b8fcef450a364efde700f21fc0eae/element - {"using":"xpath","value":"//bdi[contains(text(), \"OK\")]"}
RESULT: {"using":"xpath","value":"//bdi[contains(text(), \"OK\")]"}
COMMAND: POST /session/371b8fcef450a364efde700f21fc0eae/element/f.FFD2F70B7356459FE22D1016ABDF7B9E.d.65DA2315AD593AECE29B9D74FCC1A812.e.1623/click - {}
RESULT: {}
COMMAND: GET /session/371b8fcef450a364efde700f21fc0eae/screenshot - {}
RESULT: {}
COMMAND: POST /session/371b8fcef450a364efde700f21fc0eae/element - {"using":"xpath","value":"//button[@data-kt=\"saveButton\"]"}
RESULT: {"using":"xpath","value":"//button[@data-kt=\"saveButton\"]"}
COMMAND: POST /session/371b8fcef450a364efde700f21fc0eae/element/f.FFD2F70B7356459FE22D1016ABDF7B9E.d.65DA2315AD593AECE29B9D74FCC1A812.e.1427/click - {}
RESULT: {}
COMMAND: GET /session/371b8fcef450a364efde700f21fc0eae/screenshot - {}
RESULT: {}
COMMAND: POST /session/371b8fcef450a364efde700f21fc0eae/element - {"using":"xpath","value":"//header[contains(@id, 'ObjectPageLayout-headerTitle')]/div[1]/div[2]/div[2]/span[1]"}
RESULT: {"using":"xpath","value":"//header[contains(@id, 'ObjectPageLayout-headerTitle')]/div[1]/div[2]/div[2]/span[1]"}
COMMAND: POST /session/371b8fcef450a364efde700f21fc0eae/elements - {"using":"xpath","value":"//header[contains(@id, 'ObjectPageLayout-headerTitle')]/div[1]/div[2]/div[2]/span[1]"}
RESULT: {"using":"xpath","value":"//header[contains(@id, 'ObjectPageLayout-headerTitle')]/div[1]/div[2]/div[2]/span[1]"}
COMMAND: POST /session/371b8fcef450a364efde700f21fc0eae/execute/sync - {"script":"<script> [56 bytes]","args":[{"element-6066-11e4-a52e-4f735466cecf":"f.FFD2F70B7356459FE22D1016ABDF7B9E.d.65DA2315AD593AECE29B9D74FCC1A812.e.1787","ELEMENT":"f.FFD2F70B7356459FE22D1016ABDF7B9E.d.65DA2315AD593AECE29B9D74FCC1A812.e.1787"}]}
RESULT: {"script":"<script> [56 bytes]","args":[{"element-6066-11e4-a52e-4f735466cecf":"f.FFD2F70B7356459FE22D1016ABDF7B9E.d.65DA2315AD593AECE29B9D74FCC1A812.e.1787","ELEMENT":"f.FFD2F70B7356459FE22D1016ABDF7B9E.d.65DA2315AD593AECE29B9D74FCC1A812.e.1787"}]}
COMMAND: POST /session/371b8fcef450a364efde700f21fc0eae/element - {"using":"css selector","value":"#shell-header-logo"}
COMMAND: GET /session/371b8fcef450a364efde700f21fc0eae/screenshot - {}
RESULT: {"using":"css selector","value":"#shell-header-logo"}
COMMAND: POST /session/371b8fcef450a364efde700f21fc0eae/element/f.FFD2F70B7356459FE22D1016ABDF7B9E.d.65DA2315AD593AECE29B9D74FCC1A812.e.1000/click - {}
RESULT: {}
RESULT: {}
COMMAND: GET /session/371b8fcef450a364efde700f21fc0eae/screenshot - {}
RESULT: {}
COMMAND: POST /session/371b8fcef450a364efde700f21fc0eae/execute/sync - {"script":"<script> [299 bytes]","args":[["getModel","getResource"]]}
RESULT: {"script":"<script> [299 bytes]","args":[["getModel","getResource"]]}
COMMAND: GET /session/371b8fcef450a364efde700f21fc0eae/screenshot - {}
]]></system-out>
    </testcase>
    <testcase classname="chrome.135_0_7049_96.windows.Billing_Transfer_-_Master_data_&amp;_Intercompany_US127250" name="Should create a new site" time="139.576">
      <system-out><![CDATA[
COMMAND: POST /session/371b8fcef450a364efde700f21fc0eae/execute/async - {"script":"<script> [1562 bytes]","args":[{"selector":{"controlType":"sap.m.TileContent","bindingPath":{"path":"","propertyPath":"/properties/info"},"ancestor":{"controlType":"sap.m.GenericTile","properties":{"header":"Manage Sites"}}},"wdio_ui5_key":"sapm.TileContent{\"path\":\"\",\"propertyPath\":\"/properties/info\"}{\"controlType\":\"sap.m.GenericTile\",\"properties\":{\"header\":\"Manage Sites\"}}"}]}
RESULT: {}
RESULT: {"script":"<script> [1562 bytes]","args":[{"selector":{"controlType":"sap.m.TileContent","bindingPath":{"path":"","propertyPath":"/properties/info"},"ancestor":{"controlType":"sap.m.GenericTile","properties":{"header":"Manage Sites"}}},"wdio_ui5_key":"sapm.TileContent{\"path\":\"\",\"propertyPath\":\"/properties/info\"}{\"controlType\":\"sap.m.GenericTile\",\"properties\":{\"header\":\"Manage Sites\"}}"}]}
RESULT: undefined
COMMAND: POST /session/371b8fcef450a364efde700f21fc0eae/element - {"using":"xpath","value":"//*[@id=\"__xmlview7--numericTileContent\"]"}
RESULT: {"using":"xpath","value":"//*[@id=\"__xmlview7--numericTileContent\"]"}
COMMAND: POST /session/371b8fcef450a364efde700f21fc0eae/element/f.FFD2F70B7356459FE22D1016ABDF7B9E.d.65DA2315AD593AECE29B9D74FCC1A812.e.1789/click - {}
RESULT: {}
COMMAND: POST /session/371b8fcef450a364efde700f21fc0eae/element - {"using":"xpath","value":"//button[@data-kt=\"addOverflowToolbarButton\"]"}
COMMAND: GET /session/371b8fcef450a364efde700f21fc0eae/screenshot - {}
RESULT: {"using":"xpath","value":"//button[@data-kt=\"addOverflowToolbarButton\"]"}
COMMAND: POST /session/371b8fcef450a364efde700f21fc0eae/elements - {"using":"xpath","value":"//button[@data-kt=\"addOverflowToolbarButton\"]"}
RESULT: {}
RESULT: {"using":"xpath","value":"//button[@data-kt=\"addOverflowToolbarButton\"]"}
COMMAND: POST /session/371b8fcef450a364efde700f21fc0eae/elements - {"using":"xpath","value":"//button[@data-kt=\"addOverflowToolbarButton\"]"}
RESULT: {"using":"xpath","value":"//button[@data-kt=\"addOverflowToolbarButton\"]"}
COMMAND: POST /session/371b8fcef450a364efde700f21fc0eae/elements - {"using":"xpath","value":"//button[@data-kt=\"addOverflowToolbarButton\"]"}
RESULT: {"using":"xpath","value":"//button[@data-kt=\"addOverflowToolbarButton\"]"}
COMMAND: POST /session/371b8fcef450a364efde700f21fc0eae/elements - {"using":"xpath","value":"//button[@data-kt=\"addOverflowToolbarButton\"]"}
RESULT: {"using":"xpath","value":"//button[@data-kt=\"addOverflowToolbarButton\"]"}
COMMAND: POST /session/371b8fcef450a364efde700f21fc0eae/element - {"using":"xpath","value":"//button[@data-kt=\"addOverflowToolbarButton\"]"}
RESULT: {"using":"xpath","value":"//button[@data-kt=\"addOverflowToolbarButton\"]"}
COMMAND: POST /session/371b8fcef450a364efde700f21fc0eae/execute/sync - {"script":"<script> [8489 bytes]","args":[{"element-6066-11e4-a52e-4f735466cecf":"f.FFD2F70B7356459FE22D1016ABDF7B9E.d.65DA2315AD593AECE29B9D74FCC1A812.e.1836","ELEMENT":"f.FFD2F70B7356459FE22D1016ABDF7B9E.d.65DA2315AD593AECE29B9D74FCC1A812.e.1836"}]}
RESULT: {"script":"<script> [8489 bytes]","args":[{"element-6066-11e4-a52e-4f735466cecf":"f.FFD2F70B7356459FE22D1016ABDF7B9E.d.65DA2315AD593AECE29B9D74FCC1A812.e.1836","ELEMENT":"f.FFD2F70B7356459FE22D1016ABDF7B9E.d.65DA2315AD593AECE29B9D74FCC1A812.e.1836"}]}
COMMAND: GET /session/371b8fcef450a364efde700f21fc0eae/element/f.FFD2F70B7356459FE22D1016ABDF7B9E.d.65DA2315AD593AECE29B9D74FCC1A812.e.1836/enabled - {}
COMMAND: GET /session/371b8fcef450a364efde700f21fc0eae/screenshot - {}
RESULT: {}
COMMAND: POST /session/371b8fcef450a364efde700f21fc0eae/execute/sync - {"script":"<script> [8489 bytes]","args":[{"element-6066-11e4-a52e-4f735466cecf":"f.FFD2F70B7356459FE22D1016ABDF7B9E.d.65DA2315AD593AECE29B9D74FCC1A812.e.1836","ELEMENT":"f.FFD2F70B7356459FE22D1016ABDF7B9E.d.65DA2315AD593AECE29B9D74FCC1A812.e.1836"}]}
COMMAND: GET /session/371b8fcef450a364efde700f21fc0eae/screenshot - {}
RESULT: {}
RESULT: {"script":"<script> [8489 bytes]","args":[{"element-6066-11e4-a52e-4f735466cecf":"f.FFD2F70B7356459FE22D1016ABDF7B9E.d.65DA2315AD593AECE29B9D74FCC1A812.e.1836","ELEMENT":"f.FFD2F70B7356459FE22D1016ABDF7B9E.d.65DA2315AD593AECE29B9D74FCC1A812.e.1836"}]}
COMMAND: POST /session/371b8fcef450a364efde700f21fc0eae/execute/sync - {"script":"<script> [5351 bytes]","args":[{"element-6066-11e4-a52e-4f735466cecf":"f.FFD2F70B7356459FE22D1016ABDF7B9E.d.65DA2315AD593AECE29B9D74FCC1A812.e.1836","ELEMENT":"f.FFD2F70B7356459FE22D1016ABDF7B9E.d.65DA2315AD593AECE29B9D74FCC1A812.e.1836"}]}
COMMAND: GET /session/371b8fcef450a364efde700f21fc0eae/screenshot - {}
RESULT: {}
RESULT: {"script":"<script> [5351 bytes]","args":[{"element-6066-11e4-a52e-4f735466cecf":"f.FFD2F70B7356459FE22D1016ABDF7B9E.d.65DA2315AD593AECE29B9D74FCC1A812.e.1836","ELEMENT":"f.FFD2F70B7356459FE22D1016ABDF7B9E.d.65DA2315AD593AECE29B9D74FCC1A812.e.1836"}]}
COMMAND: POST /session/371b8fcef450a364efde700f21fc0eae/element/f.FFD2F70B7356459FE22D1016ABDF7B9E.d.65DA2315AD593AECE29B9D74FCC1A812.e.1836/click - {}
COMMAND: GET /session/371b8fcef450a364efde700f21fc0eae/screenshot - {}
RESULT: {}
RESULT: {}
COMMAND: GET /session/371b8fcef450a364efde700f21fc0eae/screenshot - {}
COMMAND: POST /session/371b8fcef450a364efde700f21fc0eae/execute/async - {"script":"<script> [1562 bytes]","args":[{"selector":{"id":"application-managesites-display-component---NewSite--addressDetailDetailsName1","interaction":{"idSuffix":"inner"}},"wdio_ui5_key":"applicationmanagesites-display-component---NewSite--addressDetailDetailsName1"}]}
RESULT: {}
RESULT: {}
RESULT: {"script":"<script> [1562 bytes]","args":[{"selector":{"id":"application-managesites-display-component---NewSite--addressDetailDetailsName1","interaction":{"idSuffix":"inner"}},"wdio_ui5_key":"applicationmanagesites-display-component---NewSite--addressDetailDetailsName1"}]}
RESULT: undefined
COMMAND: POST /session/371b8fcef450a364efde700f21fc0eae/execute/async - {"script":"<script> [776 bytes]","args":[{"enterText":"Intercompany Site wdIO","selector":{"id":"application-managesites-display-component---NewSite--addressDetailDetailsName1","interaction":{"idSuffix":"inner"}},"clearTextFirst":true,"interactionType":"ENTER_TEXT"}]}
RESULT: {"script":"<script> [776 bytes]","args":[{"enterText":"Intercompany Site wdIO","selector":{"id":"application-managesites-display-component---NewSite--addressDetailDetailsName1","interaction":{"idSuffix":"inner"}},"clearTextFirst":true,"interactionType":"ENTER_TEXT"}]}
COMMAND: POST /session/371b8fcef450a364efde700f21fc0eae/execute/async - {"script":"<script> [1562 bytes]","args":[{"selector":{"id":"application-managesites-display-component---NewSite--addressDetailDetailsLanguage-arrow"},"wdio_ui5_key":"applicationmanagesites-display-component---NewSite--addressDetailDetailsLanguage-arrow"}]}
RESULT: {"script":"<script> [1562 bytes]","args":[{"selector":{"id":"application-managesites-display-component---NewSite--addressDetailDetailsLanguage-arrow"},"wdio_ui5_key":"applicationmanagesites-display-component---NewSite--addressDetailDetailsLanguage-arrow"}]}
RESULT: undefined
COMMAND: POST /session/371b8fcef450a364efde700f21fc0eae/element - {"using":"xpath","value":"//*[@id=\"application-managesites-display-component---NewSite--addressDetailDetailsLanguage-arrow\"]"}
RESULT: {"using":"xpath","value":"//*[@id=\"application-managesites-display-component---NewSite--addressDetailDetailsLanguage-arrow\"]"}
COMMAND: POST /session/371b8fcef450a364efde700f21fc0eae/element/f.FFD2F70B7356459FE22D1016ABDF7B9E.d.65DA2315AD593AECE29B9D74FCC1A812.e.2468/click - {}
RESULT: {}
COMMAND: POST /session/371b8fcef450a364efde700f21fc0eae/element - {"using":"xpath","value":"//span[contains(text(), \"English\")]"}
COMMAND: GET /session/371b8fcef450a364efde700f21fc0eae/screenshot - {}
RESULT: {"using":"xpath","value":"//span[contains(text(), \"English\")]"}
COMMAND: POST /session/371b8fcef450a364efde700f21fc0eae/element/f.FFD2F70B7356459FE22D1016ABDF7B9E.d.65DA2315AD593AECE29B9D74FCC1A812.e.2469/click - {}
RESULT: {}
RESULT: {}
COMMAND: POST /session/371b8fcef450a364efde700f21fc0eae/execute/async - {"script":"<script> [1562 bytes]","args":[{"selector":{"id":"application-managesites-display-component---NewSite--addressDetailDetailsCity1","interaction":{"idSuffix":"inner"}},"wdio_ui5_key":"applicationmanagesites-display-component---NewSite--addressDetailDetailsCity1"}]}
COMMAND: GET /session/371b8fcef450a364efde700f21fc0eae/screenshot - {}
RESULT: {"script":"<script> [1562 bytes]","args":[{"selector":{"id":"application-managesites-display-component---NewSite--addressDetailDetailsCity1","interaction":{"idSuffix":"inner"}},"wdio_ui5_key":"applicationmanagesites-display-component---NewSite--addressDetailDetailsCity1"}]}
RESULT: undefined
COMMAND: POST /session/371b8fcef450a364efde700f21fc0eae/execute/async - {"script":"<script> [776 bytes]","args":[{"enterText":"Rosario","selector":{"id":"application-managesites-display-component---NewSite--addressDetailDetailsCity1","interaction":{"idSuffix":"inner"}},"clearTextFirst":true,"interactionType":"ENTER_TEXT"}]}
RESULT: {}
RESULT: {"script":"<script> [776 bytes]","args":[{"enterText":"Rosario","selector":{"id":"application-managesites-display-component---NewSite--addressDetailDetailsCity1","interaction":{"idSuffix":"inner"}},"clearTextFirst":true,"interactionType":"ENTER_TEXT"}]}
COMMAND: POST /session/371b8fcef450a364efde700f21fc0eae/execute/async - {"script":"<script> [1562 bytes]","args":[{"selector":{"id":"application-managesites-display-component---NewSite--addressDetailDetailsCountry-arrow"},"wdio_ui5_key":"applicationmanagesites-display-component---NewSite--addressDetailDetailsCountry-arrow"}]}
RESULT: {"script":"<script> [1562 bytes]","args":[{"selector":{"id":"application-managesites-display-component---NewSite--addressDetailDetailsCountry-arrow"},"wdio_ui5_key":"applicationmanagesites-display-component---NewSite--addressDetailDetailsCountry-arrow"}]}
RESULT: undefined
COMMAND: POST /session/371b8fcef450a364efde700f21fc0eae/element - {"using":"xpath","value":"//*[@id=\"application-managesites-display-component---NewSite--addressDetailDetailsCountry-arrow\"]"}
RESULT: {"using":"xpath","value":"//*[@id=\"application-managesites-display-component---NewSite--addressDetailDetailsCountry-arrow\"]"}
COMMAND: POST /session/371b8fcef450a364efde700f21fc0eae/element/f.FFD2F70B7356459FE22D1016ABDF7B9E.d.65DA2315AD593AECE29B9D74FCC1A812.e.2471/click - {}
RESULT: {}
COMMAND: POST /session/371b8fcef450a364efde700f21fc0eae/element - {"using":"xpath","value":"//span[contains(text(), \"Argentina\")]"}
COMMAND: GET /session/371b8fcef450a364efde700f21fc0eae/screenshot - {}
RESULT: {"using":"xpath","value":"//span[contains(text(), \"Argentina\")]"}
COMMAND: POST /session/371b8fcef450a364efde700f21fc0eae/element/f.FFD2F70B7356459FE22D1016ABDF7B9E.d.65DA2315AD593AECE29B9D74FCC1A812.e.2472/click - {}
RESULT: {}
RESULT: {}
COMMAND: GET /session/371b8fcef450a364efde700f21fc0eae/screenshot - {}
RESULT: {}
COMMAND: POST /session/371b8fcef450a364efde700f21fc0eae/execute/async - {"script":"<script> [1562 bytes]","args":[{"selector":{"id":"application-managesites-display-component---NewSite--addressEditDetailsCostObjectCstType-arrow"},"wdio_ui5_key":"applicationmanagesites-display-component---NewSite--addressEditDetailsCostObjectCstType-arrow"}]}
RESULT: {"script":"<script> [1562 bytes]","args":[{"selector":{"id":"application-managesites-display-component---NewSite--addressEditDetailsCostObjectCstType-arrow"},"wdio_ui5_key":"applicationmanagesites-display-component---NewSite--addressEditDetailsCostObjectCstType-arrow"}]}
RESULT: undefined
COMMAND: POST /session/371b8fcef450a364efde700f21fc0eae/element - {"using":"xpath","value":"//*[@id=\"application-managesites-display-component---NewSite--addressEditDetailsCostObjectCstType-arrow\"]"}
RESULT: {"using":"xpath","value":"//*[@id=\"application-managesites-display-component---NewSite--addressEditDetailsCostObjectCstType-arrow\"]"}
COMMAND: POST /session/371b8fcef450a364efde700f21fc0eae/element/f.FFD2F70B7356459FE22D1016ABDF7B9E.d.65DA2315AD593AECE29B9D74FCC1A812.e.2474/click - {}
RESULT: {}
COMMAND: POST /session/371b8fcef450a364efde700f21fc0eae/element - {"using":"xpath","value":"//span[contains(text(), \"Cost Center\")]"}
COMMAND: GET /session/371b8fcef450a364efde700f21fc0eae/screenshot - {}
RESULT: {"using":"xpath","value":"//span[contains(text(), \"Cost Center\")]"}
COMMAND: POST /session/371b8fcef450a364efde700f21fc0eae/element/f.FFD2F70B7356459FE22D1016ABDF7B9E.d.65DA2315AD593AECE29B9D74FCC1A812.e.2475/click - {}
RESULT: {}
RESULT: {}
COMMAND: GET /session/371b8fcef450a364efde700f21fc0eae/screenshot - {}
RESULT: {}
COMMAND: POST /session/371b8fcef450a364efde700f21fc0eae/element - {"using":"xpath","value":"//span[@id=\"application-managesites-display-component---NewSite--addressNewCostObjectCstID-vhi\"]"}
RESULT: {"using":"xpath","value":"//span[@id=\"application-managesites-display-component---NewSite--addressNewCostObjectCstID-vhi\"]"}
COMMAND: POST /session/371b8fcef450a364efde700f21fc0eae/execute/sync - {"script":"<script> [8489 bytes]","args":[{"element-6066-11e4-a52e-4f735466cecf":"f.FFD2F70B7356459FE22D1016ABDF7B9E.d.65DA2315AD593AECE29B9D74FCC1A812.e.2480","ELEMENT":"f.FFD2F70B7356459FE22D1016ABDF7B9E.d.65DA2315AD593AECE29B9D74FCC1A812.e.2480"}]}
RESULT: {"script":"<script> [8489 bytes]","args":[{"element-6066-11e4-a52e-4f735466cecf":"f.FFD2F70B7356459FE22D1016ABDF7B9E.d.65DA2315AD593AECE29B9D74FCC1A812.e.2480","ELEMENT":"f.FFD2F70B7356459FE22D1016ABDF7B9E.d.65DA2315AD593AECE29B9D74FCC1A812.e.2480"}]}
COMMAND: POST /session/371b8fcef450a364efde700f21fc0eae/execute/async - {"script":"<script> [1562 bytes]","args":[{"selector":{"id":"application-managesites-display-component---NewSite--addressNewCostObjectCstID-vhi"},"wdio_ui5_key":"applicationmanagesites-display-component---NewSite--addressNewCostObjectCstID-vhi"}]}
COMMAND: GET /session/371b8fcef450a364efde700f21fc0eae/screenshot - {}
RESULT: {"script":"<script> [1562 bytes]","args":[{"selector":{"id":"application-managesites-display-component---NewSite--addressNewCostObjectCstID-vhi"},"wdio_ui5_key":"applicationmanagesites-display-component---NewSite--addressNewCostObjectCstID-vhi"}]}
RESULT: undefined
COMMAND: POST /session/371b8fcef450a364efde700f21fc0eae/element - {"using":"xpath","value":"//*[@id=\"application-managesites-display-component---NewSite--addressNewCostObjectCstID-vhi\"]"}
RESULT: {}
RESULT: {"using":"xpath","value":"//*[@id=\"application-managesites-display-component---NewSite--addressNewCostObjectCstID-vhi\"]"}
COMMAND: POST /session/371b8fcef450a364efde700f21fc0eae/element/f.FFD2F70B7356459FE22D1016ABDF7B9E.d.65DA2315AD593AECE29B9D74FCC1A812.e.2480/click - {}
RESULT: {}
COMMAND: GET /session/371b8fcef450a364efde700f21fc0eae/screenshot - {}
RESULT: {}
RESULT: undefined
COMMAND: POST /session/371b8fcef450a364efde700f21fc0eae/execute/async - {"script":"<script> [776 bytes]","args":[{"enterText":"10001013","selector":{"controlType":"sap.m.SearchField","properties":{"placeholder":"Search"},"searchOpenDialogs":true,"interaction":{"idSuffix":"I"}},"clearTextFirst":true,"interactionType":"ENTER_TEXT"}]}
RESULT: {"script":"<script> [776 bytes]","args":[{"enterText":"10001013","selector":{"controlType":"sap.m.SearchField","properties":{"placeholder":"Search"},"searchOpenDialogs":true,"interaction":{"idSuffix":"I"}},"clearTextFirst":true,"interactionType":"ENTER_TEXT"}]}
COMMAND: POST /session/371b8fcef450a364efde700f21fc0eae/actions - {"actions":[{"id":"action6","type":"key","parameters":{},"actions":[{"type":"keyDown","value":"î€‡"},{"type":"pause","duration":10},{"type":"keyUp","value":"î€‡"}]}]}
RESULT: {"actions":[{"id":"action6","type":"key","parameters":{},"actions":[{"type":"keyDown","value":"î€‡"},{"type":"pause","duration":10},{"type":"keyUp","value":"î€‡"}]}]}
COMMAND: GET /session/371b8fcef450a364efde700f21fc0eae/screenshot - {}
RESULT: {}
COMMAND: POST /session/371b8fcef450a364efde700f21fc0eae/element - {"using":"xpath","value":"//span[contains(text(), \"General Management\")]"}
RESULT: {"using":"xpath","value":"//span[contains(text(), \"General Management\")]"}
COMMAND: POST /session/371b8fcef450a364efde700f21fc0eae/element/f.FFD2F70B7356459FE22D1016ABDF7B9E.d.65DA2315AD593AECE29B9D74FCC1A812.e.2518/click - {}
RESULT: {}
COMMAND: GET /session/371b8fcef450a364efde700f21fc0eae/screenshot - {}
RESULT: {}
COMMAND: POST /session/371b8fcef450a364efde700f21fc0eae/element - {"using":"xpath","value":"//bdi[contains(text(), \"OK\")]"}
RESULT: {"using":"xpath","value":"//bdi[contains(text(), \"OK\")]"}
COMMAND: POST /session/371b8fcef450a364efde700f21fc0eae/element/f.FFD2F70B7356459FE22D1016ABDF7B9E.d.65DA2315AD593AECE29B9D74FCC1A812.e.2519/click - {}
RESULT: {}
COMMAND: GET /session/371b8fcef450a364efde700f21fc0eae/screenshot - {}
RESULT: {}
COMMAND: POST /session/371b8fcef450a364efde700f21fc0eae/element - {"using":"xpath","value":"//input[@id=\"application-managesites-display-component---NewSite--addressDetailDetailsCalendar-inner\"]"}
RESULT: {"using":"xpath","value":"//input[@id=\"application-managesites-display-component---NewSite--addressDetailDetailsCalendar-inner\"]"}
COMMAND: POST /session/371b8fcef450a364efde700f21fc0eae/element/f.FFD2F70B7356459FE22D1016ABDF7B9E.d.65DA2315AD593AECE29B9D74FCC1A812.e.2266/clear - {}
RESULT: {}
COMMAND: POST /session/371b8fcef450a364efde700f21fc0eae/element/f.FFD2F70B7356459FE22D1016ABDF7B9E.d.65DA2315AD593AECE29B9D74FCC1A812.e.2266/value - {"text":"Unit"}
COMMAND: GET /session/371b8fcef450a364efde700f21fc0eae/screenshot - {}
RESULT: {"text":"Unit"}
COMMAND: GET /session/371b8fcef450a364efde700f21fc0eae/screenshot - {}
RESULT: {}
RESULT: {}
COMMAND: POST /session/371b8fcef450a364efde700f21fc0eae/actions - {"actions":[{"id":"action7","type":"key","parameters":{},"actions":[{"type":"keyDown","value":"î€‡"},{"type":"pause","duration":10},{"type":"keyUp","value":"î€‡"}]}]}
RESULT: {"actions":[{"id":"action7","type":"key","parameters":{},"actions":[{"type":"keyDown","value":"î€‡"},{"type":"pause","duration":10},{"type":"keyUp","value":"î€‡"}]}]}
COMMAND: POST /session/371b8fcef450a364efde700f21fc0eae/element - {"using":"xpath","value":"//input[@id=\"application-managesites-display-component---NewSite--addressDetailDetailsYard-inner\"]"}
COMMAND: GET /session/371b8fcef450a364efde700f21fc0eae/screenshot - {}
RESULT: {"using":"xpath","value":"//input[@id=\"application-managesites-display-component---NewSite--addressDetailDetailsYard-inner\"]"}
COMMAND: POST /session/371b8fcef450a364efde700f21fc0eae/element/f.FFD2F70B7356459FE22D1016ABDF7B9E.d.65DA2315AD593AECE29B9D74FCC1A812.e.2267/clear - {}
RESULT: {}
RESULT: {}
COMMAND: POST /session/371b8fcef450a364efde700f21fc0eae/element/f.FFD2F70B7356459FE22D1016ABDF7B9E.d.65DA2315AD593AECE29B9D74FCC1A812.e.2267/value - {"text":"511"}
COMMAND: GET /session/371b8fcef450a364efde700f21fc0eae/screenshot - {}
RESULT: {"text":"511"}
COMMAND: GET /session/371b8fcef450a364efde700f21fc0eae/screenshot - {}
RESULT: {}
RESULT: {}
COMMAND: POST /session/371b8fcef450a364efde700f21fc0eae/element - {"using":"xpath","value":"//li[.//span[text()='511']]"}
RESULT: {"using":"xpath","value":"//li[.//span[text()='511']]"}
COMMAND: POST /session/371b8fcef450a364efde700f21fc0eae/element/f.FFD2F70B7356459FE22D1016ABDF7B9E.d.65DA2315AD593AECE29B9D74FCC1A812.e.2527/click - {}
RESULT: {}
COMMAND: GET /session/371b8fcef450a364efde700f21fc0eae/screenshot - {}
RESULT: {}
COMMAND: POST /session/371b8fcef450a364efde700f21fc0eae/element - {"using":"xpath","value":"//input[@id=\"application-managesites-display-component---NewSite--addressDetailDetailsPartner-inner\"]"}
RESULT: {"using":"xpath","value":"//input[@id=\"application-managesites-display-component---NewSite--addressDetailDetailsPartner-inner\"]"}
COMMAND: POST /session/371b8fcef450a364efde700f21fc0eae/element - {"using":"xpath","value":"//input[@id=\"application-managesites-display-component---NewSite--addressDetailDetailsPartner-inner\"]"}
RESULT: {"using":"xpath","value":"//input[@id=\"application-managesites-display-component---NewSite--addressDetailDetailsPartner-inner\"]"}
COMMAND: POST /session/371b8fcef450a364efde700f21fc0eae/element - {"using":"xpath","value":"//button[@data-kt=\"saveButton\"]"}
RESULT: {"using":"xpath","value":"//button[@data-kt=\"saveButton\"]"}
COMMAND: POST /session/371b8fcef450a364efde700f21fc0eae/element/f.FFD2F70B7356459FE22D1016ABDF7B9E.d.65DA2315AD593AECE29B9D74FCC1A812.e.2416/click - {}
RESULT: {}
COMMAND: GET /session/371b8fcef450a364efde700f21fc0eae/screenshot - {}
RESULT: {}
COMMAND: POST /session/371b8fcef450a364efde700f21fc0eae/element - {"using":"xpath","value":"//header[contains(@id, 'ObjectPageLayout-headerTitle')]/div[1]/div[2]/div[2]/span[1]"}
RESULT: {"using":"xpath","value":"//header[contains(@id, 'ObjectPageLayout-headerTitle')]/div[1]/div[2]/div[2]/span[1]"}
COMMAND: POST /session/371b8fcef450a364efde700f21fc0eae/elements - {"using":"xpath","value":"//header[contains(@id, 'ObjectPageLayout-headerTitle')]/div[1]/div[2]/div[2]/span[1]"}
RESULT: {"using":"xpath","value":"//header[contains(@id, 'ObjectPageLayout-headerTitle')]/div[1]/div[2]/div[2]/span[1]"}
COMMAND: POST /session/371b8fcef450a364efde700f21fc0eae/execute/sync - {"script":"<script> [56 bytes]","args":[{"element-6066-11e4-a52e-4f735466cecf":"f.FFD2F70B7356459FE22D1016ABDF7B9E.d.65DA2315AD593AECE29B9D74FCC1A812.e.2732","ELEMENT":"f.FFD2F70B7356459FE22D1016ABDF7B9E.d.65DA2315AD593AECE29B9D74FCC1A812.e.2732"}]}
RESULT: {"script":"<script> [56 bytes]","args":[{"element-6066-11e4-a52e-4f735466cecf":"f.FFD2F70B7356459FE22D1016ABDF7B9E.d.65DA2315AD593AECE29B9D74FCC1A812.e.2732","ELEMENT":"f.FFD2F70B7356459FE22D1016ABDF7B9E.d.65DA2315AD593AECE29B9D74FCC1A812.e.2732"}]}
COMMAND: POST /session/371b8fcef450a364efde700f21fc0eae/element - {"using":"css selector","value":"#shell-header-logo"}
COMMAND: GET /session/371b8fcef450a364efde700f21fc0eae/screenshot - {}
RESULT: {"using":"css selector","value":"#shell-header-logo"}
COMMAND: POST /session/371b8fcef450a364efde700f21fc0eae/element/f.FFD2F70B7356459FE22D1016ABDF7B9E.d.65DA2315AD593AECE29B9D74FCC1A812.e.1794/click - {}
RESULT: {}
RESULT: {}
COMMAND: GET /session/371b8fcef450a364efde700f21fc0eae/screenshot - {}
RESULT: {}
COMMAND: POST /session/371b8fcef450a364efde700f21fc0eae/execute/sync - {"script":"<script> [299 bytes]","args":[["getModel","getResource"]]}
RESULT: {"script":"<script> [299 bytes]","args":[["getModel","getResource"]]}
COMMAND: POST /session/371b8fcef450a364efde700f21fc0eae/element - {"using":"xpath","value":"//button[.//bdi[contains(text(), \"Close\")]]"}
COMMAND: GET /session/371b8fcef450a364efde700f21fc0eae/screenshot - {}
RESULT: {"using":"xpath","value":"//button[.//bdi[contains(text(), \"Close\")]]"}
COMMAND: POST /session/371b8fcef450a364efde700f21fc0eae/element/f.FFD2F70B7356459FE22D1016ABDF7B9E.d.65DA2315AD593AECE29B9D74FCC1A812.e.2734/click - {}
RESULT: {}
RESULT: {}
COMMAND: GET /session/371b8fcef450a364efde700f21fc0eae/screenshot - {}
RESULT: {}
COMMAND: POST /session/371b8fcef450a364efde700f21fc0eae/refresh - {}
RESULT: {}
COMMAND: GET /session/371b8fcef450a364efde700f21fc0eae/screenshot - {}
RESULT: {}
COMMAND: POST /session/371b8fcef450a364efde700f21fc0eae/refresh - {}
RESULT: {}
COMMAND: GET /session/371b8fcef450a364efde700f21fc0eae/screenshot - {}
RESULT: {}
COMMAND: POST /session/371b8fcef450a364efde700f21fc0eae/window/fullscreen - {}
RESULT: {}
COMMAND: POST /session/371b8fcef450a364efde700f21fc0eae/execute/async - {"script":"<script> [189 bytes]","args":[]}
RESULT: {"script":"<script> [189 bytes]","args":[]}
COMMAND: POST /session/371b8fcef450a364efde700f21fc0eae/execute/async - {"script":"<script> [123 bytes]","args":[]}
RESULT: {"script":"<script> [123 bytes]","args":[]}
COMMAND: POST /session/371b8fcef450a364efde700f21fc0eae/timeouts - {"script":"<number>"}
RESULT: {"script":"<number>"}
COMMAND: GET /session/371b8fcef450a364efde700f21fc0eae/timeouts - {}
RESULT: {}
RESULT: undefined
COMMAND: POST /session/371b8fcef450a364efde700f21fc0eae/execute/async - {"script":"<script> [2676 bytes]","args":[]}
RESULT: {"script":"<script> [2676 bytes]","args":[]}
COMMAND: POST /session/371b8fcef450a364efde700f21fc0eae/execute/async - {"script":"<script> [2342 bytes]","args":[{"protocol":"http","hostname":"0.0.0.0","path":"/","capabilities":{"browserName":"chrome","goog:chromeOptions":{"binary":"C:\\Program Files\\Google\\Chrome\\Application\\chrome.exe","args":["--start-maximized"]}},"logLevel":"warn","connectionRetryTimeout":120000,"connectionRetryCount":3,"logLevels":{},"enableDirectConnect":true,"strictSSL":true,"_":"65 more keys: [\"cacheDir\",\"port\",\"requestedCapabilities\",\"automationProtocol\",\"baseUrl\",\"waitforInterval\",\"waitforTimeout\",\"onReload\",\"beforeCommand\",\"afterCommand\",\"rootDir\",\"specs\",\"suites\",\"exclude\",\"groupLogsByTestSpec\",\"excludeDriverLogs\",\"bail\",\"framework\",\"reporters\",\"services\",\"maxInstances\",\"maxInstancesPerCapability\",\"injectGlobals\",\"filesToWatch\",\"execArgv\",\"runnerEnv\",\"runner\",\"shard\",\"specFileRetries\",\"specFileRetriesDelay\",\"specFileRetriesDeferred\",\"reporterSyncInterval\",\"reporterSyncTimeout\",\"cucumberFeaturesWithLineNumbers\",\"autoCompileOpts\",\"mochaOpts\",\"jasmineOpts\",\"cucumberOpts\",\"onPrepare\",\"onWorkerStart\",\"onWorkerEnd\",\"before\",\"beforeSession\",\"beforeSuite\",\"beforeHook\",\"beforeTest\",\"afterTest\",\"afterHook\",\"afterSuite\",\"afterSession\",\"after\",\"onComplete\",\"beforeAssertion\",\"afterAssertion\",\"beforeFeature\",\"beforeScenario\",\"beforeStep\",\"afterStep\",\"afterScenario\",\"afterFeature\",\"_\",\"suite\",\"$0\",\"ignoredWorkerServices\",\"wdi5\"]"}]}
RESULT: {"script":"<script> [2342 bytes]","args":[{"protocol":"http","hostname":"0.0.0.0","path":"/","capabilities":{"browserName":"chrome","goog:chromeOptions":{"binary":"C:\\Program Files\\Google\\Chrome\\Application\\chrome.exe","args":["--start-maximized"]}},"logLevel":"warn","connectionRetryTimeout":120000,"connectionRetryCount":3,"logLevels":{},"enableDirectConnect":true,"strictSSL":true,"_":"65 more keys: [\"cacheDir\",\"port\",\"requestedCapabilities\",\"automationProtocol\",\"baseUrl\",\"waitforInterval\",\"waitforTimeout\",\"onReload\",\"beforeCommand\",\"afterCommand\",\"rootDir\",\"specs\",\"suites\",\"exclude\",\"groupLogsByTestSpec\",\"excludeDriverLogs\",\"bail\",\"framework\",\"reporters\",\"services\",\"maxInstances\",\"maxInstancesPerCapability\",\"injectGlobals\",\"filesToWatch\",\"execArgv\",\"runnerEnv\",\"runner\",\"shard\",\"specFileRetries\",\"specFileRetriesDelay\",\"specFileRetriesDeferred\",\"reporterSyncInterval\",\"reporterSyncTimeout\",\"cucumberFeaturesWithLineNumbers\",\"autoCompileOpts\",\"mochaOpts\",\"jasmineOpts\",\"cucumberOpts\",\"onPrepare\",\"onWorkerStart\",\"onWorkerEnd\",\"before\",\"beforeSession\",\"beforeSuite\",\"beforeHook\",\"beforeTest\",\"afterTest\",\"afterHook\",\"afterSuite\",\"afterSession\",\"after\",\"onComplete\",\"beforeAssertion\",\"afterAssertion\",\"beforeFeature\",\"beforeScenario\",\"beforeStep\",\"afterStep\",\"afterScenario\",\"afterFeature\",\"_\",\"suite\",\"$0\",\"ignoredWorkerServices\",\"wdi5\"]"}]}
COMMAND: POST /session/371b8fcef450a364efde700f21fc0eae/execute/async - {"script":"<script> [21126 bytes]","args":[35000]}
RESULT: {"script":"<script> [21126 bytes]","args":[35000]}
COMMAND: POST /session/371b8fcef450a364efde700f21fc0eae/window/fullscreen - {}
RESULT: {}
]]></system-out>
    </testcase>
    <testcase classname="chrome.135_0_7049_96.windows.Billing_Transfer_-_Master_data_&amp;_Intercompany_US127250" name="Should create a new equipment" time="125.337">
      <system-out><![CDATA[
COMMAND: POST /session/371b8fcef450a364efde700f21fc0eae/execute/async - {"script":"<script> [1562 bytes]","args":[{"selector":{"controlType":"sap.m.GenericTile","properties":{"header":"Manage Resources"}},"wdio_ui5_key":"sapm.GenericTile{\"header\":\"Manage Resources\"}"}]}
RESULT: {"script":"<script> [1562 bytes]","args":[{"selector":{"controlType":"sap.m.GenericTile","properties":{"header":"Manage Resources"}},"wdio_ui5_key":"sapm.GenericTile{\"header\":\"Manage Resources\"}"}]}
RESULT: undefined
COMMAND: POST /session/371b8fcef450a364efde700f21fc0eae/element - {"using":"xpath","value":"//*[@id=\"__tile31\"]"}
RESULT: {"using":"xpath","value":"//*[@id=\"__tile31\"]"}
COMMAND: POST /session/371b8fcef450a364efde700f21fc0eae/element/f.FFD2F70B7356459FE22D1016ABDF7B9E.d.FE5D13F2A75596F3AFCA516E05F0685A.e.2807/click - {}
RESULT: {}
COMMAND: POST /session/371b8fcef450a364efde700f21fc0eae/element - {"using":"xpath","value":"//button[@data-kt=\"addNewRUOverflowToolbarButton\"]"}
COMMAND: GET /session/371b8fcef450a364efde700f21fc0eae/screenshot - {}
RESULT: {"using":"xpath","value":"//button[@data-kt=\"addNewRUOverflowToolbarButton\"]"}
COMMAND: POST /session/371b8fcef450a364efde700f21fc0eae/elements - {"using":"xpath","value":"//button[@data-kt=\"addNewRUOverflowToolbarButton\"]"}
RESULT: {}
RESULT: {"using":"xpath","value":"//button[@data-kt=\"addNewRUOverflowToolbarButton\"]"}
COMMAND: POST /session/371b8fcef450a364efde700f21fc0eae/elements - {"using":"xpath","value":"//button[@data-kt=\"addNewRUOverflowToolbarButton\"]"}
RESULT: {"using":"xpath","value":"//button[@data-kt=\"addNewRUOverflowToolbarButton\"]"}
COMMAND: POST /session/371b8fcef450a364efde700f21fc0eae/elements - {"using":"xpath","value":"//button[@data-kt=\"addNewRUOverflowToolbarButton\"]"}
RESULT: {"using":"xpath","value":"//button[@data-kt=\"addNewRUOverflowToolbarButton\"]"}
COMMAND: POST /session/371b8fcef450a364efde700f21fc0eae/elements - {"using":"xpath","value":"//button[@data-kt=\"addNewRUOverflowToolbarButton\"]"}
RESULT: {"using":"xpath","value":"//button[@data-kt=\"addNewRUOverflowToolbarButton\"]"}
COMMAND: POST /session/371b8fcef450a364efde700f21fc0eae/elements - {"using":"xpath","value":"//button[@data-kt=\"addNewRUOverflowToolbarButton\"]"}
RESULT: {"using":"xpath","value":"//button[@data-kt=\"addNewRUOverflowToolbarButton\"]"}
COMMAND: POST /session/371b8fcef450a364efde700f21fc0eae/elements - {"using":"xpath","value":"//button[@data-kt=\"addNewRUOverflowToolbarButton\"]"}
RESULT: {"using":"xpath","value":"//button[@data-kt=\"addNewRUOverflowToolbarButton\"]"}
COMMAND: POST /session/371b8fcef450a364efde700f21fc0eae/elements - {"using":"xpath","value":"//button[@data-kt=\"addNewRUOverflowToolbarButton\"]"}
RESULT: {"using":"xpath","value":"//button[@data-kt=\"addNewRUOverflowToolbarButton\"]"}
COMMAND: POST /session/371b8fcef450a364efde700f21fc0eae/elements - {"using":"xpath","value":"//button[@data-kt=\"addNewRUOverflowToolbarButton\"]"}
RESULT: {"using":"xpath","value":"//button[@data-kt=\"addNewRUOverflowToolbarButton\"]"}
COMMAND: POST /session/371b8fcef450a364efde700f21fc0eae/elements - {"using":"xpath","value":"//button[@data-kt=\"addNewRUOverflowToolbarButton\"]"}
RESULT: {"using":"xpath","value":"//button[@data-kt=\"addNewRUOverflowToolbarButton\"]"}
COMMAND: POST /session/371b8fcef450a364efde700f21fc0eae/elements - {"using":"xpath","value":"//button[@data-kt=\"addNewRUOverflowToolbarButton\"]"}
RESULT: {"using":"xpath","value":"//button[@data-kt=\"addNewRUOverflowToolbarButton\"]"}
COMMAND: POST /session/371b8fcef450a364efde700f21fc0eae/elements - {"using":"xpath","value":"//button[@data-kt=\"addNewRUOverflowToolbarButton\"]"}
RESULT: {"using":"xpath","value":"//button[@data-kt=\"addNewRUOverflowToolbarButton\"]"}
COMMAND: POST /session/371b8fcef450a364efde700f21fc0eae/elements - {"using":"xpath","value":"//button[@data-kt=\"addNewRUOverflowToolbarButton\"]"}
RESULT: {"using":"xpath","value":"//button[@data-kt=\"addNewRUOverflowToolbarButton\"]"}
COMMAND: POST /session/371b8fcef450a364efde700f21fc0eae/elements - {"using":"xpath","value":"//button[@data-kt=\"addNewRUOverflowToolbarButton\"]"}
RESULT: {"using":"xpath","value":"//button[@data-kt=\"addNewRUOverflowToolbarButton\"]"}
COMMAND: POST /session/371b8fcef450a364efde700f21fc0eae/elements - {"using":"xpath","value":"//button[@data-kt=\"addNewRUOverflowToolbarButton\"]"}
RESULT: {"using":"xpath","value":"//button[@data-kt=\"addNewRUOverflowToolbarButton\"]"}
COMMAND: POST /session/371b8fcef450a364efde700f21fc0eae/elements - {"using":"xpath","value":"//button[@data-kt=\"addNewRUOverflowToolbarButton\"]"}
RESULT: {"using":"xpath","value":"//button[@data-kt=\"addNewRUOverflowToolbarButton\"]"}
COMMAND: POST /session/371b8fcef450a364efde700f21fc0eae/elements - {"using":"xpath","value":"//button[@data-kt=\"addNewRUOverflowToolbarButton\"]"}
RESULT: {"using":"xpath","value":"//button[@data-kt=\"addNewRUOverflowToolbarButton\"]"}
COMMAND: POST /session/371b8fcef450a364efde700f21fc0eae/elements - {"using":"xpath","value":"//button[@data-kt=\"addNewRUOverflowToolbarButton\"]"}
RESULT: {"using":"xpath","value":"//button[@data-kt=\"addNewRUOverflowToolbarButton\"]"}
COMMAND: POST /session/371b8fcef450a364efde700f21fc0eae/elements - {"using":"xpath","value":"//button[@data-kt=\"addNewRUOverflowToolbarButton\"]"}
RESULT: {"using":"xpath","value":"//button[@data-kt=\"addNewRUOverflowToolbarButton\"]"}
COMMAND: POST /session/371b8fcef450a364efde700f21fc0eae/elements - {"using":"xpath","value":"//button[@data-kt=\"addNewRUOverflowToolbarButton\"]"}
RESULT: {"using":"xpath","value":"//button[@data-kt=\"addNewRUOverflowToolbarButton\"]"}
COMMAND: POST /session/371b8fcef450a364efde700f21fc0eae/elements - {"using":"xpath","value":"//button[@data-kt=\"addNewRUOverflowToolbarButton\"]"}
RESULT: {"using":"xpath","value":"//button[@data-kt=\"addNewRUOverflowToolbarButton\"]"}
COMMAND: POST /session/371b8fcef450a364efde700f21fc0eae/elements - {"using":"xpath","value":"//button[@data-kt=\"addNewRUOverflowToolbarButton\"]"}
RESULT: {"using":"xpath","value":"//button[@data-kt=\"addNewRUOverflowToolbarButton\"]"}
COMMAND: POST /session/371b8fcef450a364efde700f21fc0eae/elements - {"using":"xpath","value":"//button[@data-kt=\"addNewRUOverflowToolbarButton\"]"}
RESULT: {"using":"xpath","value":"//button[@data-kt=\"addNewRUOverflowToolbarButton\"]"}
COMMAND: POST /session/371b8fcef450a364efde700f21fc0eae/elements - {"using":"xpath","value":"//button[@data-kt=\"addNewRUOverflowToolbarButton\"]"}
RESULT: {"using":"xpath","value":"//button[@data-kt=\"addNewRUOverflowToolbarButton\"]"}
COMMAND: POST /session/371b8fcef450a364efde700f21fc0eae/elements - {"using":"xpath","value":"//button[@data-kt=\"addNewRUOverflowToolbarButton\"]"}
RESULT: {"using":"xpath","value":"//button[@data-kt=\"addNewRUOverflowToolbarButton\"]"}
COMMAND: POST /session/371b8fcef450a364efde700f21fc0eae/elements - {"using":"xpath","value":"//button[@data-kt=\"addNewRUOverflowToolbarButton\"]"}
RESULT: {"using":"xpath","value":"//button[@data-kt=\"addNewRUOverflowToolbarButton\"]"}
COMMAND: POST /session/371b8fcef450a364efde700f21fc0eae/elements - {"using":"xpath","value":"//button[@data-kt=\"addNewRUOverflowToolbarButton\"]"}
RESULT: {"using":"xpath","value":"//button[@data-kt=\"addNewRUOverflowToolbarButton\"]"}
COMMAND: POST /session/371b8fcef450a364efde700f21fc0eae/elements - {"using":"xpath","value":"//button[@data-kt=\"addNewRUOverflowToolbarButton\"]"}
RESULT: {"using":"xpath","value":"//button[@data-kt=\"addNewRUOverflowToolbarButton\"]"}
COMMAND: POST /session/371b8fcef450a364efde700f21fc0eae/elements - {"using":"xpath","value":"//button[@data-kt=\"addNewRUOverflowToolbarButton\"]"}
RESULT: {"using":"xpath","value":"//button[@data-kt=\"addNewRUOverflowToolbarButton\"]"}
COMMAND: POST /session/371b8fcef450a364efde700f21fc0eae/element - {"using":"xpath","value":"//button[@data-kt=\"addNewRUOverflowToolbarButton\"]"}
RESULT: {"using":"xpath","value":"//button[@data-kt=\"addNewRUOverflowToolbarButton\"]"}
COMMAND: POST /session/371b8fcef450a364efde700f21fc0eae/execute/sync - {"script":"<script> [8489 bytes]","args":[{"element-6066-11e4-a52e-4f735466cecf":"f.FFD2F70B7356459FE22D1016ABDF7B9E.d.FE5D13F2A75596F3AFCA516E05F0685A.e.2916","ELEMENT":"f.FFD2F70B7356459FE22D1016ABDF7B9E.d.FE5D13F2A75596F3AFCA516E05F0685A.e.2916"}]}
RESULT: {"script":"<script> [8489 bytes]","args":[{"element-6066-11e4-a52e-4f735466cecf":"f.FFD2F70B7356459FE22D1016ABDF7B9E.d.FE5D13F2A75596F3AFCA516E05F0685A.e.2916","ELEMENT":"f.FFD2F70B7356459FE22D1016ABDF7B9E.d.FE5D13F2A75596F3AFCA516E05F0685A.e.2916"}]}
COMMAND: GET /session/371b8fcef450a364efde700f21fc0eae/element/f.FFD2F70B7356459FE22D1016ABDF7B9E.d.FE5D13F2A75596F3AFCA516E05F0685A.e.2916/enabled - {}
COMMAND: GET /session/371b8fcef450a364efde700f21fc0eae/screenshot - {}
RESULT: {}
COMMAND: POST /session/371b8fcef450a364efde700f21fc0eae/execute/sync - {"script":"<script> [8489 bytes]","args":[{"element-6066-11e4-a52e-4f735466cecf":"f.FFD2F70B7356459FE22D1016ABDF7B9E.d.FE5D13F2A75596F3AFCA516E05F0685A.e.2916","ELEMENT":"f.FFD2F70B7356459FE22D1016ABDF7B9E.d.FE5D13F2A75596F3AFCA516E05F0685A.e.2916"}]}
COMMAND: GET /session/371b8fcef450a364efde700f21fc0eae/screenshot - {}
RESULT: {}
RESULT: {}
RESULT: {"script":"<script> [8489 bytes]","args":[{"element-6066-11e4-a52e-4f735466cecf":"f.FFD2F70B7356459FE22D1016ABDF7B9E.d.FE5D13F2A75596F3AFCA516E05F0685A.e.2916","ELEMENT":"f.FFD2F70B7356459FE22D1016ABDF7B9E.d.FE5D13F2A75596F3AFCA516E05F0685A.e.2916"}]}
COMMAND: POST /session/371b8fcef450a364efde700f21fc0eae/execute/sync - {"script":"<script> [5351 bytes]","args":[{"element-6066-11e4-a52e-4f735466cecf":"f.FFD2F70B7356459FE22D1016ABDF7B9E.d.FE5D13F2A75596F3AFCA516E05F0685A.e.2916","ELEMENT":"f.FFD2F70B7356459FE22D1016ABDF7B9E.d.FE5D13F2A75596F3AFCA516E05F0685A.e.2916"}]}
COMMAND: GET /session/371b8fcef450a364efde700f21fc0eae/screenshot - {}
RESULT: {"script":"<script> [5351 bytes]","args":[{"element-6066-11e4-a52e-4f735466cecf":"f.FFD2F70B7356459FE22D1016ABDF7B9E.d.FE5D13F2A75596F3AFCA516E05F0685A.e.2916","ELEMENT":"f.FFD2F70B7356459FE22D1016ABDF7B9E.d.FE5D13F2A75596F3AFCA516E05F0685A.e.2916"}]}
COMMAND: POST /session/371b8fcef450a364efde700f21fc0eae/element/f.FFD2F70B7356459FE22D1016ABDF7B9E.d.FE5D13F2A75596F3AFCA516E05F0685A.e.2916/click - {}
COMMAND: GET /session/371b8fcef450a364efde700f21fc0eae/screenshot - {}
RESULT: {}
RESULT: {}
COMMAND: GET /session/371b8fcef450a364efde700f21fc0eae/screenshot - {}
RESULT: {}
RESULT: {}
COMMAND: POST /session/371b8fcef450a364efde700f21fc0eae/execute/async - {"script":"<script> [1562 bytes]","args":[{"selector":{"id":"application-manageresources-display-component---newResourceUnit--TYPE-arrow"},"wdio_ui5_key":"applicationmanageresources-display-component---newResourceUnit--TYPE-arrow"}]}
RESULT: {"script":"<script> [1562 bytes]","args":[{"selector":{"id":"application-manageresources-display-component---newResourceUnit--TYPE-arrow"},"wdio_ui5_key":"applicationmanageresources-display-component---newResourceUnit--TYPE-arrow"}]}
RESULT: undefined
COMMAND: POST /session/371b8fcef450a364efde700f21fc0eae/element - {"using":"xpath","value":"//*[@id=\"application-manageresources-display-component---newResourceUnit--TYPE-arrow\"]"}
RESULT: {"using":"xpath","value":"//*[@id=\"application-manageresources-display-component---newResourceUnit--TYPE-arrow\"]"}
COMMAND: POST /session/371b8fcef450a364efde700f21fc0eae/element/f.FFD2F70B7356459FE22D1016ABDF7B9E.d.FE5D13F2A75596F3AFCA516E05F0685A.e.3288/click - {}
RESULT: {}
COMMAND: POST /session/371b8fcef450a364efde700f21fc0eae/element - {"using":"xpath","value":"//input[@id=\"application-manageresources-display-component---newResourceUnit--TYPE-inner\"]"}
COMMAND: GET /session/371b8fcef450a364efde700f21fc0eae/screenshot - {}
RESULT: {"using":"xpath","value":"//input[@id=\"application-manageresources-display-component---newResourceUnit--TYPE-inner\"]"}
COMMAND: POST /session/371b8fcef450a364efde700f21fc0eae/element/f.FFD2F70B7356459FE22D1016ABDF7B9E.d.FE5D13F2A75596F3AFCA516E05F0685A.e.3267/clear - {}
RESULT: {}
RESULT: {}
COMMAND: POST /session/371b8fcef450a364efde700f21fc0eae/element/f.FFD2F70B7356459FE22D1016ABDF7B9E.d.FE5D13F2A75596F3AFCA516E05F0685A.e.3267/value - {"text":"Equipment"}
COMMAND: GET /session/371b8fcef450a364efde700f21fc0eae/screenshot - {}
RESULT: {"text":"Equipment"}
COMMAND: GET /session/371b8fcef450a364efde700f21fc0eae/screenshot - {}
RESULT: {}
RESULT: {}
COMMAND: POST /session/371b8fcef450a364efde700f21fc0eae/actions - {"actions":[{"id":"action8","type":"key","parameters":{},"actions":[{"type":"keyDown","value":"î€‡"},{"type":"pause","duration":10},{"type":"keyUp","value":"î€‡"}]}]}
RESULT: {"actions":[{"id":"action8","type":"key","parameters":{},"actions":[{"type":"keyDown","value":"î€‡"},{"type":"pause","duration":10},{"type":"keyUp","value":"î€‡"}]}]}
COMMAND: POST /session/371b8fcef450a364efde700f21fc0eae/execute/async - {"script":"<script> [1562 bytes]","args":[{"selector":{"id":"application-manageresources-display-component---newResourceUnit--resourceId","interaction":{"idSuffix":"inner"}},"wdio_ui5_key":"applicationmanageresources-display-component---newResourceUnit--resourceId"}]}
COMMAND: GET /session/371b8fcef450a364efde700f21fc0eae/screenshot - {}
RESULT: {"script":"<script> [1562 bytes]","args":[{"selector":{"id":"application-manageresources-display-component---newResourceUnit--resourceId","interaction":{"idSuffix":"inner"}},"wdio_ui5_key":"applicationmanageresources-display-component---newResourceUnit--resourceId"}]}
RESULT: undefined
COMMAND: POST /session/371b8fcef450a364efde700f21fc0eae/execute/async - {"script":"<script> [776 bytes]","args":[{"enterText":"o6CoYObrgM","selector":{"id":"application-manageresources-display-component---newResourceUnit--resourceId","interaction":{"idSuffix":"inner"}},"clearTextFirst":true,"interactionType":"ENTER_TEXT"}]}
RESULT: {}
RESULT: {"script":"<script> [776 bytes]","args":[{"enterText":"o6CoYObrgM","selector":{"id":"application-manageresources-display-component---newResourceUnit--resourceId","interaction":{"idSuffix":"inner"}},"clearTextFirst":true,"interactionType":"ENTER_TEXT"}]}
COMMAND: POST /session/371b8fcef450a364efde700f21fc0eae/execute/async - {"script":"<script> [1562 bytes]","args":[{"selector":{"id":"application-manageresources-display-component---newResourceUnit--SHORT_TEXT","interaction":{"idSuffix":"inner"}},"wdio_ui5_key":"applicationmanageresources-display-component---newResourceUnit--SHORT_TEXT"}]}
RESULT: {"script":"<script> [1562 bytes]","args":[{"selector":{"id":"application-manageresources-display-component---newResourceUnit--SHORT_TEXT","interaction":{"idSuffix":"inner"}},"wdio_ui5_key":"applicationmanageresources-display-component---newResourceUnit--SHORT_TEXT"}]}
RESULT: undefined
COMMAND: POST /session/371b8fcef450a364efde700f21fc0eae/execute/async - {"script":"<script> [776 bytes]","args":[{"enterText":"Intercompany Equipment WDIO","selector":{"id":"application-manageresources-display-component---newResourceUnit--SHORT_TEXT","interaction":{"idSuffix":"inner"}},"clearTextFirst":true,"interactionType":"ENTER_TEXT"}]}
RESULT: {"script":"<script> [776 bytes]","args":[{"enterText":"Intercompany Equipment WDIO","selector":{"id":"application-manageresources-display-component---newResourceUnit--SHORT_TEXT","interaction":{"idSuffix":"inner"}},"clearTextFirst":true,"interactionType":"ENTER_TEXT"}]}
COMMAND: POST /session/371b8fcef450a364efde700f21fc0eae/execute/async - {"script":"<script> [1562 bytes]","args":[{"selector":{"id":"application-manageresources-display-component---newResourceUnit--BASE_UNIT_OF_MEASURE","interaction":{"idSuffix":"inner"}},"wdio_ui5_key":"applicationmanageresources-display-component---newResourceUnit--BASE_UNIT_OF_MEASURE"}]}
RESULT: {"script":"<script> [1562 bytes]","args":[{"selector":{"id":"application-manageresources-display-component---newResourceUnit--BASE_UNIT_OF_MEASURE","interaction":{"idSuffix":"inner"}},"wdio_ui5_key":"applicationmanageresources-display-component---newResourceUnit--BASE_UNIT_OF_MEASURE"}]}
RESULT: undefined
COMMAND: POST /session/371b8fcef450a364efde700f21fc0eae/execute/async - {"script":"<script> [776 bytes]","args":[{"enterText":"Piece","selector":{"id":"application-manageresources-display-component---newResourceUnit--BASE_UNIT_OF_MEASURE","interaction":{"idSuffix":"inner"}},"clearTextFirst":true,"interactionType":"ENTER_TEXT"}]}
RESULT: {"script":"<script> [776 bytes]","args":[{"enterText":"Piece","selector":{"id":"application-manageresources-display-component---newResourceUnit--BASE_UNIT_OF_MEASURE","interaction":{"idSuffix":"inner"}},"clearTextFirst":true,"interactionType":"ENTER_TEXT"}]}
COMMAND: POST /session/371b8fcef450a364efde700f21fc0eae/execute/async - {"script":"<script> [1562 bytes]","args":[{"selector":{"id":"application-manageresources-display-component---newResourceUnit--WEIGHT_UNIT","interaction":{"idSuffix":"inner"}},"wdio_ui5_key":"applicationmanageresources-display-component---newResourceUnit--WEIGHT_UNIT"}]}
RESULT: {"script":"<script> [1562 bytes]","args":[{"selector":{"id":"application-manageresources-display-component---newResourceUnit--WEIGHT_UNIT","interaction":{"idSuffix":"inner"}},"wdio_ui5_key":"applicationmanageresources-display-component---newResourceUnit--WEIGHT_UNIT"}]}
RESULT: undefined
COMMAND: POST /session/371b8fcef450a364efde700f21fc0eae/execute/async - {"script":"<script> [776 bytes]","args":[{"enterText":"Gram","selector":{"id":"application-manageresources-display-component---newResourceUnit--WEIGHT_UNIT","interaction":{"idSuffix":"inner"}},"clearTextFirst":true,"interactionType":"ENTER_TEXT"}]}
RESULT: {"script":"<script> [776 bytes]","args":[{"enterText":"Gram","selector":{"id":"application-manageresources-display-component---newResourceUnit--WEIGHT_UNIT","interaction":{"idSuffix":"inner"}},"clearTextFirst":true,"interactionType":"ENTER_TEXT"}]}
COMMAND: POST /session/371b8fcef450a364efde700f21fc0eae/execute/async - {"script":"<script> [1562 bytes]","args":[{"selector":{"id":"application-manageresources-display-component---newResourceUnit--DIMENSION_UNIT","interaction":{"idSuffix":"inner"}},"wdio_ui5_key":"applicationmanageresources-display-component---newResourceUnit--DIMENSION_UNIT"}]}
RESULT: {"script":"<script> [1562 bytes]","args":[{"selector":{"id":"application-manageresources-display-component---newResourceUnit--DIMENSION_UNIT","interaction":{"idSuffix":"inner"}},"wdio_ui5_key":"applicationmanageresources-display-component---newResourceUnit--DIMENSION_UNIT"}]}
RESULT: undefined
COMMAND: POST /session/371b8fcef450a364efde700f21fc0eae/execute/async - {"script":"<script> [776 bytes]","args":[{"enterText":"Meter","selector":{"id":"application-manageresources-display-component---newResourceUnit--DIMENSION_UNIT","interaction":{"idSuffix":"inner"}},"clearTextFirst":true,"interactionType":"ENTER_TEXT"}]}
RESULT: {"script":"<script> [776 bytes]","args":[{"enterText":"Meter","selector":{"id":"application-manageresources-display-component---newResourceUnit--DIMENSION_UNIT","interaction":{"idSuffix":"inner"}},"clearTextFirst":true,"interactionType":"ENTER_TEXT"}]}
COMMAND: POST /session/371b8fcef450a364efde700f21fc0eae/execute/async - {"script":"<script> [1562 bytes]","args":[{"selector":{"id":"application-manageresources-display-component---newResourceUnit--newRRUPage-anchBar-application-manageresources-display-component---newResourceUnit--control-anchor","interaction":{"idSuffix":"BDI-content"}},"wdio_ui5_key":"applicationmanageresources-display-component---newResourceUnit--newRRUPage-anchBar-application-manageresources-display-component---newResourceUnit--control-anchor"}]}
RESULT: {"script":"<script> [1562 bytes]","args":[{"selector":{"id":"application-manageresources-display-component---newResourceUnit--newRRUPage-anchBar-application-manageresources-display-component---newResourceUnit--control-anchor","interaction":{"idSuffix":"BDI-content"}},"wdio_ui5_key":"applicationmanageresources-display-component---newResourceUnit--newRRUPage-anchBar-application-manageresources-display-component---newResourceUnit--control-anchor"}]}
RESULT: undefined
COMMAND: POST /session/371b8fcef450a364efde700f21fc0eae/element - {"using":"xpath","value":"//*[@id=\"application-manageresources-display-component---newResourceUnit--newRRUPage-anchBar-application-manageresources-display-component---newResourceUnit--control-anchor\"]"}
RESULT: {"using":"xpath","value":"//*[@id=\"application-manageresources-display-component---newResourceUnit--newRRUPage-anchBar-application-manageresources-display-component---newResourceUnit--control-anchor\"]"}
COMMAND: POST /session/371b8fcef450a364efde700f21fc0eae/element/f.FFD2F70B7356459FE22D1016ABDF7B9E.d.FE5D13F2A75596F3AFCA516E05F0685A.e.3422/click - {}
RESULT: {}
COMMAND: POST /session/371b8fcef450a364efde700f21fc0eae/execute/async - {"script":"<script> [1562 bytes]","args":[{"selector":{"id":"application-manageresources-display-component---newResourceUnit--PLANNING_GROUP","interaction":{"idSuffix":"inner"}},"wdio_ui5_key":"applicationmanageresources-display-component---newResourceUnit--PLANNING_GROUP"}]}
COMMAND: GET /session/371b8fcef450a364efde700f21fc0eae/screenshot - {}
RESULT: {"script":"<script> [1562 bytes]","args":[{"selector":{"id":"application-manageresources-display-component---newResourceUnit--PLANNING_GROUP","interaction":{"idSuffix":"inner"}},"wdio_ui5_key":"applicationmanageresources-display-component---newResourceUnit--PLANNING_GROUP"}]}
RESULT: undefined
COMMAND: POST /session/371b8fcef450a364efde700f21fc0eae/execute/async - {"script":"<script> [776 bytes]","args":[{"enterText":"Heavy Equi","selector":{"id":"application-manageresources-display-component---newResourceUnit--PLANNING_GROUP","interaction":{"idSuffix":"inner"}},"clearTextFirst":true,"interactionType":"ENTER_TEXT"}]}
RESULT: {}
RESULT: {"script":"<script> [776 bytes]","args":[{"enterText":"Heavy Equi","selector":{"id":"application-manageresources-display-component---newResourceUnit--PLANNING_GROUP","interaction":{"idSuffix":"inner"}},"clearTextFirst":true,"interactionType":"ENTER_TEXT"}]}
COMMAND: POST /session/371b8fcef450a364efde700f21fc0eae/execute/async - {"script":"<script> [1562 bytes]","args":[{"selector":{"id":"application-manageresources-display-component---newResourceUnit--ITEM_TYPE-arrow"},"wdio_ui5_key":"applicationmanageresources-display-component---newResourceUnit--ITEM_TYPE-arrow"}]}
RESULT: {"script":"<script> [1562 bytes]","args":[{"selector":{"id":"application-manageresources-display-component---newResourceUnit--ITEM_TYPE-arrow"},"wdio_ui5_key":"applicationmanageresources-display-component---newResourceUnit--ITEM_TYPE-arrow"}]}
RESULT: undefined
COMMAND: POST /session/371b8fcef450a364efde700f21fc0eae/element - {"using":"xpath","value":"//*[@id=\"application-manageresources-display-component---newResourceUnit--ITEM_TYPE-arrow\"]"}
RESULT: {"using":"xpath","value":"//*[@id=\"application-manageresources-display-component---newResourceUnit--ITEM_TYPE-arrow\"]"}
COMMAND: POST /session/371b8fcef450a364efde700f21fc0eae/element/f.FFD2F70B7356459FE22D1016ABDF7B9E.d.FE5D13F2A75596F3AFCA516E05F0685A.e.3429/click - {}
RESULT: {}
COMMAND: POST /session/371b8fcef450a364efde700f21fc0eae/element - {"using":"xpath","value":"(//span[contains(text(), \"Resource Unit\")])[2]"}
COMMAND: GET /session/371b8fcef450a364efde700f21fc0eae/screenshot - {}
RESULT: {"using":"xpath","value":"(//span[contains(text(), \"Resource Unit\")])[2]"}
COMMAND: POST /session/371b8fcef450a364efde700f21fc0eae/element/f.FFD2F70B7356459FE22D1016ABDF7B9E.d.FE5D13F2A75596F3AFCA516E05F0685A.e.3430/click - {}
RESULT: {}
RESULT: {}
COMMAND: GET /session/371b8fcef450a364efde700f21fc0eae/screenshot - {}
RESULT: {}
COMMAND: POST /session/371b8fcef450a364efde700f21fc0eae/element - {"using":"css selector","value":"#application-manageresources-display-component---newResourceUnit--btnAddTimeSegment"}
RESULT: {"using":"css selector","value":"#application-manageresources-display-component---newResourceUnit--btnAddTimeSegment"}
COMMAND: GET /session/371b8fcef450a364efde700f21fc0eae/element/f.FFD2F70B7356459FE22D1016ABDF7B9E.d.FE5D13F2A75596F3AFCA516E05F0685A.e.3431/rect - {}
RESULT: {}
COMMAND: GET /session/371b8fcef450a364efde700f21fc0eae/window/rect - {}
RESULT: {}
COMMAND: POST /session/371b8fcef450a364efde700f21fc0eae/execute/sync - {"script":"<script> [92 bytes]","args":[]}
RESULT: {"script":"<script> [92 bytes]","args":[]}
COMMAND: POST /session/371b8fcef450a364efde700f21fc0eae/actions - {"actions":[{"id":"action9","type":"wheel","parameters":{},"actions":[{"type":"scroll","x":-1888,"y":-32,"deltaX":0,"deltaY":0,"duration":0,"origin":{"element-6066-11e4-a52e-4f735466cecf":"f.FFD2F70B7356459FE22D1016ABDF7B9E.d.FE5D13F2A75596F3AFCA516E05F0685A.e.3431"}}]}]}
COMMAND: GET /session/371b8fcef450a364efde700f21fc0eae/screenshot - {}
RESULT: {}
COMMAND: POST /session/371b8fcef450a364efde700f21fc0eae/execute/sync - {"script":"<script> [79 bytes]","args":[{"element-6066-11e4-a52e-4f735466cecf":"f.FFD2F70B7356459FE22D1016ABDF7B9E.d.FE5D13F2A75596F3AFCA516E05F0685A.e.3431","ELEMENT":"f.FFD2F70B7356459FE22D1016ABDF7B9E.d.FE5D13F2A75596F3AFCA516E05F0685A.e.3431"},{"block":"start","inline":"nearest"}]}
RESULT: {"script":"<script> [79 bytes]","args":[{"element-6066-11e4-a52e-4f735466cecf":"f.FFD2F70B7356459FE22D1016ABDF7B9E.d.FE5D13F2A75596F3AFCA516E05F0685A.e.3431","ELEMENT":"f.FFD2F70B7356459FE22D1016ABDF7B9E.d.FE5D13F2A75596F3AFCA516E05F0685A.e.3431"},{"block":"start","inline":"nearest"}]}
COMMAND: POST /session/371b8fcef450a364efde700f21fc0eae/execute/async - {"script":"<script> [1562 bytes]","args":[{"selector":{"id":"application-manageresources-display-component---newResourceUnit--btnAddTimeSegment","interaction":{"idSuffix":"inner"}},"wdio_ui5_key":"applicationmanageresources-display-component---newResourceUnit--btnAddTimeSegment"}]}
COMMAND: GET /session/371b8fcef450a364efde700f21fc0eae/screenshot - {}
RESULT: {"script":"<script> [1562 bytes]","args":[{"selector":{"id":"application-manageresources-display-component---newResourceUnit--btnAddTimeSegment","interaction":{"idSuffix":"inner"}},"wdio_ui5_key":"applicationmanageresources-display-component---newResourceUnit--btnAddTimeSegment"}]}
RESULT: undefined
COMMAND: POST /session/371b8fcef450a364efde700f21fc0eae/element - {"using":"xpath","value":"//*[@id=\"application-manageresources-display-component---newResourceUnit--btnAddTimeSegment\"]"}
RESULT: {}
RESULT: {"using":"xpath","value":"//*[@id=\"application-manageresources-display-component---newResourceUnit--btnAddTimeSegment\"]"}
COMMAND: POST /session/371b8fcef450a364efde700f21fc0eae/element/f.FFD2F70B7356459FE22D1016ABDF7B9E.d.FE5D13F2A75596F3AFCA516E05F0685A.e.3431/click - {}
RESULT: {}
COMMAND: GET /session/371b8fcef450a364efde700f21fc0eae/screenshot - {}
RESULT: {}
COMMAND: POST /session/371b8fcef450a364efde700f21fc0eae/element - {"using":"xpath","value":"//input[@id=\"application-manageresources-display-component---newResourceUnit--idRuTSAdmin-application-manageresources-display-component---newResourceUnit--RUTimeSegment-0-inner\"]"}
RESULT: {"using":"xpath","value":"//input[@id=\"application-manageresources-display-component---newResourceUnit--idRuTSAdmin-application-manageresources-display-component---newResourceUnit--RUTimeSegment-0-inner\"]"}
COMMAND: POST /session/371b8fcef450a364efde700f21fc0eae/element/f.FFD2F70B7356459FE22D1016ABDF7B9E.d.FE5D13F2A75596F3AFCA516E05F0685A.e.3437/clear - {}
RESULT: {}
COMMAND: POST /session/371b8fcef450a364efde700f21fc0eae/element/f.FFD2F70B7356459FE22D1016ABDF7B9E.d.FE5D13F2A75596F3AFCA516E05F0685A.e.3437/value - {"text":"511"}
COMMAND: GET /session/371b8fcef450a364efde700f21fc0eae/screenshot - {}
RESULT: {"text":"511"}
COMMAND: GET /session/371b8fcef450a364efde700f21fc0eae/screenshot - {}
RESULT: {}
RESULT: {}
COMMAND: POST /session/371b8fcef450a364efde700f21fc0eae/element - {"using":"xpath","value":"//li[.//span[text()='511']]"}
RESULT: {"using":"xpath","value":"//li[.//span[text()='511']]"}
COMMAND: POST /session/371b8fcef450a364efde700f21fc0eae/element/f.FFD2F70B7356459FE22D1016ABDF7B9E.d.FE5D13F2A75596F3AFCA516E05F0685A.e.3449/click - {}
RESULT: {}
COMMAND: GET /session/371b8fcef450a364efde700f21fc0eae/screenshot - {}
RESULT: {}
COMMAND: POST /session/371b8fcef450a364efde700f21fc0eae/element - {"using":"xpath","value":"(//span[contains(@id, \"-application-manageresources-display-component---newResourceUnit--RUTimeSegment-0-arrow\")])[6]"}
RESULT: {"using":"xpath","value":"(//span[contains(@id, \"-application-manageresources-display-component---newResourceUnit--RUTimeSegment-0-arrow\")])[6]"}
COMMAND: POST /session/371b8fcef450a364efde700f21fc0eae/element/f.FFD2F70B7356459FE22D1016ABDF7B9E.d.FE5D13F2A75596F3AFCA516E05F0685A.e.3450/click - {}
RESULT: {}
COMMAND: GET /session/371b8fcef450a364efde700f21fc0eae/screenshot - {}
RESULT: {}
COMMAND: POST /session/371b8fcef450a364efde700f21fc0eae/element - {"using":"xpath","value":"//span[contains(text(), \"PM Order\")]"}
RESULT: {"using":"xpath","value":"//span[contains(text(), \"PM Order\")]"}
COMMAND: POST /session/371b8fcef450a364efde700f21fc0eae/element/f.FFD2F70B7356459FE22D1016ABDF7B9E.d.FE5D13F2A75596F3AFCA516E05F0685A.e.3453/click - {}
RESULT: {}
COMMAND: GET /session/371b8fcef450a364efde700f21fc0eae/screenshot - {}
RESULT: {}
COMMAND: POST /session/371b8fcef450a364efde700f21fc0eae/element - {"using":"xpath","value":"(//span[contains(@id ,\"manageresources-display-component---newResourceUnit--RUTimeSegment-0-vhi\")])[1]"}
RESULT: {"using":"xpath","value":"(//span[contains(@id ,\"manageresources-display-component---newResourceUnit--RUTimeSegment-0-vhi\")])[1]"}
COMMAND: GET /session/371b8fcef450a364efde700f21fc0eae/element/f.FFD2F70B7356459FE22D1016ABDF7B9E.d.FE5D13F2A75596F3AFCA516E05F0685A.e.3457/rect - {}
RESULT: {}
COMMAND: GET /session/371b8fcef450a364efde700f21fc0eae/window/rect - {}
RESULT: {}
COMMAND: POST /session/371b8fcef450a364efde700f21fc0eae/execute/sync - {"script":"<script> [92 bytes]","args":[]}
RESULT: {"script":"<script> [92 bytes]","args":[]}
COMMAND: POST /session/371b8fcef450a364efde700f21fc0eae/actions - {"actions":[{"id":"action10","type":"wheel","parameters":{},"actions":[{"type":"scroll","x":-869,"y":-24,"deltaX":0,"deltaY":0,"duration":0,"origin":{"element-6066-11e4-a52e-4f735466cecf":"f.FFD2F70B7356459FE22D1016ABDF7B9E.d.FE5D13F2A75596F3AFCA516E05F0685A.e.3457"}}]}]}
COMMAND: GET /session/371b8fcef450a364efde700f21fc0eae/screenshot - {}
RESULT: {"actions":[{"id":"action10","type":"wheel","parameters":{},"actions":[{"type":"scroll","x":-869,"y":-24,"deltaX":0,"deltaY":0,"duration":0,"origin":{"element-6066-11e4-a52e-4f735466cecf":"f.FFD2F70B7356459FE22D1016ABDF7B9E.d.FE5D13F2A75596F3AFCA516E05F0685A.e.3457"}}]}]}
COMMAND: DELETE /session/371b8fcef450a364efde700f21fc0eae/actions - {}
COMMAND: GET /session/371b8fcef450a364efde700f21fc0eae/screenshot - {}
RESULT: {}
RESULT: {}
COMMAND: GET /session/371b8fcef450a364efde700f21fc0eae/screenshot - {}
RESULT: {}
RESULT: {}
COMMAND: POST /session/371b8fcef450a364efde700f21fc0eae/element/f.FFD2F70B7356459FE22D1016ABDF7B9E.d.FE5D13F2A75596F3AFCA516E05F0685A.e.3457/click - {}
RESULT: {}
COMMAND: GET /session/371b8fcef450a364efde700f21fc0eae/screenshot - {}
RESULT: {}
COMMAND: POST /session/371b8fcef450a364efde700f21fc0eae/execute/async - {"script":"<script> [1562 bytes]","args":[{"selector":{"controlType":"sap.m.SearchField","properties":{"placeholder":"Search"},"searchOpenDialogs":true,"interaction":{"idSuffix":"I"}},"wdio_ui5_key":"sapm.SearchField{\"placeholder\":\"Search\"}"}]}
RESULT: {"script":"<script> [1562 bytes]","args":[{"selector":{"controlType":"sap.m.SearchField","properties":{"placeholder":"Search"},"searchOpenDialogs":true,"interaction":{"idSuffix":"I"}},"wdio_ui5_key":"sapm.SearchField{\"placeholder\":\"Search\"}"}]}
RESULT: undefined
COMMAND: POST /session/371b8fcef450a364efde700f21fc0eae/execute/async - {"script":"<script> [776 bytes]","args":[{"enterText":"4000360","selector":{"controlType":"sap.m.SearchField","properties":{"placeholder":"Search"},"searchOpenDialogs":true,"interaction":{"idSuffix":"I"}},"clearTextFirst":true,"interactionType":"ENTER_TEXT"}]}
RESULT: {"script":"<script> [776 bytes]","args":[{"enterText":"4000360","selector":{"controlType":"sap.m.SearchField","properties":{"placeholder":"Search"},"searchOpenDialogs":true,"interaction":{"idSuffix":"I"}},"clearTextFirst":true,"interactionType":"ENTER_TEXT"}]}
COMMAND: POST /session/371b8fcef450a364efde700f21fc0eae/actions - {"actions":[{"id":"action11","type":"key","parameters":{},"actions":[{"type":"keyDown","value":"î€‡"},{"type":"pause","duration":10},{"type":"keyUp","value":"î€‡"}]}]}
RESULT: {"actions":[{"id":"action11","type":"key","parameters":{},"actions":[{"type":"keyDown","value":"î€‡"},{"type":"pause","duration":10},{"type":"keyUp","value":"î€‡"}]}]}
COMMAND: GET /session/371b8fcef450a364efde700f21fc0eae/screenshot - {}
RESULT: {}
COMMAND: POST /session/371b8fcef450a364efde700f21fc0eae/element - {"using":"xpath","value":"//td/div/span[contains(text(), \"BGL Vehicles\")]"}
RESULT: {"using":"xpath","value":"//td/div/span[contains(text(), \"BGL Vehicles\")]"}
COMMAND: POST /session/371b8fcef450a364efde700f21fc0eae/element/f.FFD2F70B7356459FE22D1016ABDF7B9E.d.FE5D13F2A75596F3AFCA516E05F0685A.e.3480/click - {}
RESULT: {}
COMMAND: GET /session/371b8fcef450a364efde700f21fc0eae/screenshot - {}
RESULT: {}
COMMAND: POST /session/371b8fcef450a364efde700f21fc0eae/element - {"using":"xpath","value":"//bdi[contains(text(), \"OK\")]"}
RESULT: {"using":"xpath","value":"//bdi[contains(text(), \"OK\")]"}
COMMAND: POST /session/371b8fcef450a364efde700f21fc0eae/element/f.FFD2F70B7356459FE22D1016ABDF7B9E.d.FE5D13F2A75596F3AFCA516E05F0685A.e.3481/click - {}
RESULT: {}
COMMAND: GET /session/371b8fcef450a364efde700f21fc0eae/screenshot - {}
RESULT: {}
COMMAND: POST /session/371b8fcef450a364efde700f21fc0eae/execute/async - {"script":"<script> [1562 bytes]","args":[{"selector":{"id":"application-manageresources-display-component---newResourceUnit--newRRUPage-anchBar-application-manageresources-display-component---newResourceUnit--resource-anchor","interaction":{"idSuffix":"BDI-content"}},"wdio_ui5_key":"applicationmanageresources-display-component---newResourceUnit--newRRUPage-anchBar-application-manageresources-display-component---newResourceUnit--resource-anchor"}]}
RESULT: {"script":"<script> [1562 bytes]","args":[{"selector":{"id":"application-manageresources-display-component---newResourceUnit--newRRUPage-anchBar-application-manageresources-display-component---newResourceUnit--resource-anchor","interaction":{"idSuffix":"BDI-content"}},"wdio_ui5_key":"applicationmanageresources-display-component---newResourceUnit--newRRUPage-anchBar-application-manageresources-display-component---newResourceUnit--resource-anchor"}]}
RESULT: undefined
COMMAND: POST /session/371b8fcef450a364efde700f21fc0eae/element - {"using":"xpath","value":"//*[@id=\"application-manageresources-display-component---newResourceUnit--newRRUPage-anchBar-application-manageresources-display-component---newResourceUnit--resource-anchor\"]"}
RESULT: {"using":"xpath","value":"//*[@id=\"application-manageresources-display-component---newResourceUnit--newRRUPage-anchBar-application-manageresources-display-component---newResourceUnit--resource-anchor\"]"}
COMMAND: POST /session/371b8fcef450a364efde700f21fc0eae/element/f.FFD2F70B7356459FE22D1016ABDF7B9E.d.FE5D13F2A75596F3AFCA516E05F0685A.e.3485/click - {}
RESULT: {}
COMMAND: POST /session/371b8fcef450a364efde700f21fc0eae/execute/async - {"script":"<script> [1562 bytes]","args":[{"selector":{"id":"application-manageresources-display-component---newResourceUnit--PLANNED_DELIVERY_DATE","interaction":{"idSuffix":"inner"}},"wdio_ui5_key":"applicationmanageresources-display-component---newResourceUnit--PLANNED_DELIVERY_DATE"}]}
COMMAND: GET /session/371b8fcef450a364efde700f21fc0eae/screenshot - {}
RESULT: {"script":"<script> [1562 bytes]","args":[{"selector":{"id":"application-manageresources-display-component---newResourceUnit--PLANNED_DELIVERY_DATE","interaction":{"idSuffix":"inner"}},"wdio_ui5_key":"applicationmanageresources-display-component---newResourceUnit--PLANNED_DELIVERY_DATE"}]}
RESULT: undefined
COMMAND: POST /session/371b8fcef450a364efde700f21fc0eae/execute/async - {"script":"<script> [6424 bytes]","args":[{"element-6066-11e4-a52e-4f735466cecf":"f.FFD2F70B7356459FE22D1016ABDF7B9E.d.FE5D13F2A75596F3AFCA516E05F0685A.e.3344"},"setValue",["5/2/25"]]}
RESULT: {}
RESULT: {"script":"<script> [6424 bytes]","args":[{"element-6066-11e4-a52e-4f735466cecf":"f.FFD2F70B7356459FE22D1016ABDF7B9E.d.FE5D13F2A75596F3AFCA516E05F0685A.e.3344"},"setValue",["5/2/25"]]}
COMMAND: POST /session/371b8fcef450a364efde700f21fc0eae/element - {"using":"xpath","value":"//button[@data-kt=\"resourceUnitSaveButton\"]"}
RESULT: {"using":"xpath","value":"//button[@data-kt=\"resourceUnitSaveButton\"]"}
COMMAND: POST /session/371b8fcef450a364efde700f21fc0eae/element/f.FFD2F70B7356459FE22D1016ABDF7B9E.d.FE5D13F2A75596F3AFCA516E05F0685A.e.3304/click - {}
RESULT: {}
COMMAND: GET /session/371b8fcef450a364efde700f21fc0eae/screenshot - {}
RESULT: {}
COMMAND: POST /session/371b8fcef450a364efde700f21fc0eae/element - {"using":"xpath","value":"//bdi[contains(text(), \"Close\")]"}
RESULT: {"using":"xpath","value":"//bdi[contains(text(), \"Close\")]"}
COMMAND: POST /session/371b8fcef450a364efde700f21fc0eae/element/f.FFD2F70B7356459FE22D1016ABDF7B9E.d.FE5D13F2A75596F3AFCA516E05F0685A.e.3493/click - {}
RESULT: {}
COMMAND: GET /session/371b8fcef450a364efde700f21fc0eae/screenshot - {}
RESULT: {}
COMMAND: POST /session/371b8fcef450a364efde700f21fc0eae/element - {"using":"xpath","value":"(//button[contains(@id ,\"actionsToolbar-overflowButton\")])[1]"}
RESULT: {"using":"xpath","value":"(//button[contains(@id ,\"actionsToolbar-overflowButton\")])[1]"}
COMMAND: POST /session/371b8fcef450a364efde700f21fc0eae/element/f.FFD2F70B7356459FE22D1016ABDF7B9E.d.FE5D13F2A75596F3AFCA516E05F0685A.e.3523/click - {}
RESULT: {}
COMMAND: GET /session/371b8fcef450a364efde700f21fc0eae/screenshot - {}
RESULT: {}
COMMAND: POST /session/371b8fcef450a364efde700f21fc0eae/element - {"using":"xpath","value":"//button[@data-kt=\"priceInfoButton\"]"}
RESULT: {"using":"xpath","value":"//button[@data-kt=\"priceInfoButton\"]"}
COMMAND: POST /session/371b8fcef450a364efde700f21fc0eae/element/f.FFD2F70B7356459FE22D1016ABDF7B9E.d.FE5D13F2A75596F3AFCA516E05F0685A.e.3525/click - {}
RESULT: {}
COMMAND: GET /session/371b8fcef450a364efde700f21fc0eae/screenshot - {}
RESULT: {}
]]></system-out>
    </testcase>
    <testcase classname="chrome.135_0_7049_96.windows.Billing_Transfer_-_Master_data_&amp;_Intercompany_US127250" name="Should create new pricing rule TB on the equipment TB" time="51.655">
      <system-out><![CDATA[
COMMAND: POST /session/371b8fcef450a364efde700f21fc0eae/element - {"using":"xpath","value":"//button[@data-kt=\"addButton\"]"}
RESULT: {"using":"xpath","value":"//button[@data-kt=\"addButton\"]"}
COMMAND: POST /session/371b8fcef450a364efde700f21fc0eae/elements - {"using":"xpath","value":"//button[@data-kt=\"addButton\"]"}
RESULT: {"using":"xpath","value":"//button[@data-kt=\"addButton\"]"}
COMMAND: POST /session/371b8fcef450a364efde700f21fc0eae/elements - {"using":"xpath","value":"//button[@data-kt=\"addButton\"]"}
RESULT: {"using":"xpath","value":"//button[@data-kt=\"addButton\"]"}
COMMAND: POST /session/371b8fcef450a364efde700f21fc0eae/element - {"using":"xpath","value":"//button[@data-kt=\"addButton\"]"}
RESULT: {"using":"xpath","value":"//button[@data-kt=\"addButton\"]"}
COMMAND: POST /session/371b8fcef450a364efde700f21fc0eae/execute/sync - {"script":"<script> [8489 bytes]","args":[{"element-6066-11e4-a52e-4f735466cecf":"f.FFD2F70B7356459FE22D1016ABDF7B9E.d.FE5D13F2A75596F3AFCA516E05F0685A.e.3562","ELEMENT":"f.FFD2F70B7356459FE22D1016ABDF7B9E.d.FE5D13F2A75596F3AFCA516E05F0685A.e.3562"}]}
RESULT: {"script":"<script> [8489 bytes]","args":[{"element-6066-11e4-a52e-4f735466cecf":"f.FFD2F70B7356459FE22D1016ABDF7B9E.d.FE5D13F2A75596F3AFCA516E05F0685A.e.3562","ELEMENT":"f.FFD2F70B7356459FE22D1016ABDF7B9E.d.FE5D13F2A75596F3AFCA516E05F0685A.e.3562"}]}
COMMAND: GET /session/371b8fcef450a364efde700f21fc0eae/element/f.FFD2F70B7356459FE22D1016ABDF7B9E.d.FE5D13F2A75596F3AFCA516E05F0685A.e.3562/enabled - {}
COMMAND: GET /session/371b8fcef450a364efde700f21fc0eae/screenshot - {}
RESULT: {}
COMMAND: POST /session/371b8fcef450a364efde700f21fc0eae/execute/sync - {"script":"<script> [8489 bytes]","args":[{"element-6066-11e4-a52e-4f735466cecf":"f.FFD2F70B7356459FE22D1016ABDF7B9E.d.FE5D13F2A75596F3AFCA516E05F0685A.e.3562","ELEMENT":"f.FFD2F70B7356459FE22D1016ABDF7B9E.d.FE5D13F2A75596F3AFCA516E05F0685A.e.3562"}]}
COMMAND: GET /session/371b8fcef450a364efde700f21fc0eae/screenshot - {}
RESULT: {}
RESULT: {"script":"<script> [8489 bytes]","args":[{"element-6066-11e4-a52e-4f735466cecf":"f.FFD2F70B7356459FE22D1016ABDF7B9E.d.FE5D13F2A75596F3AFCA516E05F0685A.e.3562","ELEMENT":"f.FFD2F70B7356459FE22D1016ABDF7B9E.d.FE5D13F2A75596F3AFCA516E05F0685A.e.3562"}]}
COMMAND: POST /session/371b8fcef450a364efde700f21fc0eae/execute/sync - {"script":"<script> [5351 bytes]","args":[{"element-6066-11e4-a52e-4f735466cecf":"f.FFD2F70B7356459FE22D1016ABDF7B9E.d.FE5D13F2A75596F3AFCA516E05F0685A.e.3562","ELEMENT":"f.FFD2F70B7356459FE22D1016ABDF7B9E.d.FE5D13F2A75596F3AFCA516E05F0685A.e.3562"}]}
COMMAND: GET /session/371b8fcef450a364efde700f21fc0eae/screenshot - {}
RESULT: {}
RESULT: {"script":"<script> [5351 bytes]","args":[{"element-6066-11e4-a52e-4f735466cecf":"f.FFD2F70B7356459FE22D1016ABDF7B9E.d.FE5D13F2A75596F3AFCA516E05F0685A.e.3562","ELEMENT":"f.FFD2F70B7356459FE22D1016ABDF7B9E.d.FE5D13F2A75596F3AFCA516E05F0685A.e.3562"}]}
COMMAND: POST /session/371b8fcef450a364efde700f21fc0eae/element/f.FFD2F70B7356459FE22D1016ABDF7B9E.d.FE5D13F2A75596F3AFCA516E05F0685A.e.3562/click - {}
COMMAND: GET /session/371b8fcef450a364efde700f21fc0eae/screenshot - {}
RESULT: {}
RESULT: {}
COMMAND: GET /session/371b8fcef450a364efde700f21fc0eae/screenshot - {}
RESULT: {}
RESULT: {}
COMMAND: POST /session/371b8fcef450a364efde700f21fc0eae/execute/async - {"script":"<script> [1562 bytes]","args":[{"selector":{"controlType":"sap.m.Title","viewName":"etm.portal.ui.managepricingrules.view.NewItem","viewId":"application-managepricingrules-display-component---newInfoPriceItem","properties":{"text":"New Pricing Rules - Item Level"}},"wdio_ui5_key":"etmportal.ui.managepricingrules.view.NewItemsap.m.Title{\"text\":\"New Pricing Rules - Item Level\"}"}]}
RESULT: {"script":"<script> [1562 bytes]","args":[{"selector":{"controlType":"sap.m.Title","viewName":"etm.portal.ui.managepricingrules.view.NewItem","viewId":"application-managepricingrules-display-component---newInfoPriceItem","properties":{"text":"New Pricing Rules - Item Level"}},"wdio_ui5_key":"etmportal.ui.managepricingrules.view.NewItemsap.m.Title{\"text\":\"New Pricing Rules - Item Level\"}"}]}
RESULT: undefined
COMMAND: POST /session/371b8fcef450a364efde700f21fc0eae/execute/async - {"script":"<script> [6424 bytes]","args":[{"element-6066-11e4-a52e-4f735466cecf":"f.FFD2F70B7356459FE22D1016ABDF7B9E.d.FE5D13F2A75596F3AFCA516E05F0685A.e.3738"},"getText",[]]}
RESULT: {"script":"<script> [6424 bytes]","args":[{"element-6066-11e4-a52e-4f735466cecf":"f.FFD2F70B7356459FE22D1016ABDF7B9E.d.FE5D13F2A75596F3AFCA516E05F0685A.e.3738"},"getText",[]]}
COMMAND: POST /session/371b8fcef450a364efde700f21fc0eae/execute/async - {"script":"<script> [1562 bytes]","args":[{"selector":{"id":"application-managepricingrules-display-component---newInfoPriceItem--condValidTo","interaction":{"idSuffix":"inner"}},"wdio_ui5_key":"applicationmanagepricingrules-display-component---newInfoPriceItem--condValidTo"}]}
RESULT: {"script":"<script> [1562 bytes]","args":[{"selector":{"id":"application-managepricingrules-display-component---newInfoPriceItem--condValidTo","interaction":{"idSuffix":"inner"}},"wdio_ui5_key":"applicationmanagepricingrules-display-component---newInfoPriceItem--condValidTo"}]}
RESULT: undefined
COMMAND: POST /session/371b8fcef450a364efde700f21fc0eae/execute/async - {"script":"<script> [776 bytes]","args":[{"enterText":"01/02/26","selector":{"id":"application-managepricingrules-display-component---newInfoPriceItem--condValidTo","interaction":{"idSuffix":"inner"}},"clearTextFirst":true,"interactionType":"ENTER_TEXT"}]}
RESULT: {"script":"<script> [776 bytes]","args":[{"enterText":"01/02/26","selector":{"id":"application-managepricingrules-display-component---newInfoPriceItem--condValidTo","interaction":{"idSuffix":"inner"}},"clearTextFirst":true,"interactionType":"ENTER_TEXT"}]}
COMMAND: POST /session/371b8fcef450a364efde700f21fc0eae/execute/async - {"script":"<script> [1562 bytes]","args":[{"selector":{"id":"application-managepricingrules-display-component---newInfoPriceItem--billType-arrow"},"wdio_ui5_key":"applicationmanagepricingrules-display-component---newInfoPriceItem--billType-arrow"}]}
RESULT: {"script":"<script> [1562 bytes]","args":[{"selector":{"id":"application-managepricingrules-display-component---newInfoPriceItem--billType-arrow"},"wdio_ui5_key":"applicationmanagepricingrules-display-component---newInfoPriceItem--billType-arrow"}]}
RESULT: undefined
COMMAND: POST /session/371b8fcef450a364efde700f21fc0eae/element - {"using":"xpath","value":"//*[@id=\"application-managepricingrules-display-component---newInfoPriceItem--billType-arrow\"]"}
RESULT: {"using":"xpath","value":"//*[@id=\"application-managepricingrules-display-component---newInfoPriceItem--billType-arrow\"]"}
COMMAND: POST /session/371b8fcef450a364efde700f21fc0eae/element/f.FFD2F70B7356459FE22D1016ABDF7B9E.d.FE5D13F2A75596F3AFCA516E05F0685A.e.3698/click - {}
RESULT: {}
COMMAND: POST /session/371b8fcef450a364efde700f21fc0eae/element - {"using":"xpath","value":"//span[contains(text(), \"TB - Time based\")]"}
COMMAND: GET /session/371b8fcef450a364efde700f21fc0eae/screenshot - {}
RESULT: {"using":"xpath","value":"//span[contains(text(), \"TB - Time based\")]"}
COMMAND: POST /session/371b8fcef450a364efde700f21fc0eae/element/f.FFD2F70B7356459FE22D1016ABDF7B9E.d.FE5D13F2A75596F3AFCA516E05F0685A.e.3740/click - {}
RESULT: {}
RESULT: {}
COMMAND: POST /session/371b8fcef450a364efde700f21fc0eae/execute/async - {"script":"<script> [1562 bytes]","args":[{"selector":{"id":"application-managepricingrules-display-component---newInfoPriceItem--priceProc-arrow"},"wdio_ui5_key":"applicationmanagepricingrules-display-component---newInfoPriceItem--priceProc-arrow"}]}
COMMAND: GET /session/371b8fcef450a364efde700f21fc0eae/screenshot - {}
RESULT: {"script":"<script> [1562 bytes]","args":[{"selector":{"id":"application-managepricingrules-display-component---newInfoPriceItem--priceProc-arrow"},"wdio_ui5_key":"applicationmanagepricingrules-display-component---newInfoPriceItem--priceProc-arrow"}]}
RESULT: undefined
COMMAND: POST /session/371b8fcef450a364efde700f21fc0eae/element - {"using":"xpath","value":"//*[@id=\"application-managepricingrules-display-component---newInfoPriceItem--priceProc-arrow\"]"}
RESULT: {}
RESULT: {"using":"xpath","value":"//*[@id=\"application-managepricingrules-display-component---newInfoPriceItem--priceProc-arrow\"]"}
COMMAND: POST /session/371b8fcef450a364efde700f21fc0eae/element/f.FFD2F70B7356459FE22D1016ABDF7B9E.d.FE5D13F2A75596F3AFCA516E05F0685A.e.3705/click - {}
RESULT: {}
COMMAND: POST /session/371b8fcef450a364efde700f21fc0eae/element - {"using":"xpath","value":"//span[contains(text(), \"TBS - Time based standard\")]"}
COMMAND: GET /session/371b8fcef450a364efde700f21fc0eae/screenshot - {}
RESULT: {"using":"xpath","value":"//span[contains(text(), \"TBS - Time based standard\")]"}
COMMAND: POST /session/371b8fcef450a364efde700f21fc0eae/element/f.FFD2F70B7356459FE22D1016ABDF7B9E.d.FE5D13F2A75596F3AFCA516E05F0685A.e.3741/click - {}
RESULT: {}
RESULT: {}
COMMAND: POST /session/371b8fcef450a364efde700f21fc0eae/execute/async - {"script":"<script> [1562 bytes]","args":[{"selector":{"id":"application-managepricingrules-display-component---newInfoPriceItem--calcBase-arrow"},"wdio_ui5_key":"applicationmanagepricingrules-display-component---newInfoPriceItem--calcBase-arrow"}]}
COMMAND: GET /session/371b8fcef450a364efde700f21fc0eae/screenshot - {}
RESULT: {"script":"<script> [1562 bytes]","args":[{"selector":{"id":"application-managepricingrules-display-component---newInfoPriceItem--calcBase-arrow"},"wdio_ui5_key":"applicationmanagepricingrules-display-component---newInfoPriceItem--calcBase-arrow"}]}
RESULT: undefined
COMMAND: POST /session/371b8fcef450a364efde700f21fc0eae/element - {"using":"xpath","value":"//*[@id=\"application-managepricingrules-display-component---newInfoPriceItem--calcBase-arrow\"]"}
RESULT: {}
RESULT: {"using":"xpath","value":"//*[@id=\"application-managepricingrules-display-component---newInfoPriceItem--calcBase-arrow\"]"}
COMMAND: POST /session/371b8fcef450a364efde700f21fc0eae/element/f.FFD2F70B7356459FE22D1016ABDF7B9E.d.FE5D13F2A75596F3AFCA516E05F0685A.e.3712/click - {}
RESULT: {}
COMMAND: GET /session/371b8fcef450a364efde700f21fc0eae/screenshot - {}
RESULT: {}
COMMAND: POST /session/371b8fcef450a364efde700f21fc0eae/element - {"using":"xpath","value":"//span[contains(text(), \"0006 - TB(calendar days)\")]"}
RESULT: {"using":"xpath","value":"//span[contains(text(), \"0006 - TB(calendar days)\")]"}
COMMAND: POST /session/371b8fcef450a364efde700f21fc0eae/element/f.FFD2F70B7356459FE22D1016ABDF7B9E.d.FE5D13F2A75596F3AFCA516E05F0685A.e.3742/click - {}
RESULT: {}
COMMAND: GET /session/371b8fcef450a364efde700f21fc0eae/screenshot - {}
RESULT: {}
COMMAND: POST /session/371b8fcef450a364efde700f21fc0eae/execute/async - {"script":"<script> [1562 bytes]","args":[{"selector":{"id":"application-managepricingrules-display-component---newInfoPriceItem--daysMonth","interaction":{"idSuffix":"inner"}},"wdio_ui5_key":"applicationmanagepricingrules-display-component---newInfoPriceItem--daysMonth"}]}
RESULT: {"script":"<script> [1562 bytes]","args":[{"selector":{"id":"application-managepricingrules-display-component---newInfoPriceItem--daysMonth","interaction":{"idSuffix":"inner"}},"wdio_ui5_key":"applicationmanagepricingrules-display-component---newInfoPriceItem--daysMonth"}]}
RESULT: undefined
COMMAND: POST /session/371b8fcef450a364efde700f21fc0eae/execute/async - {"script":"<script> [776 bytes]","args":[{"enterText":"30","selector":{"id":"application-managepricingrules-display-component---newInfoPriceItem--daysMonth","interaction":{"idSuffix":"inner"}},"clearTextFirst":true,"interactionType":"ENTER_TEXT"}]}
RESULT: {"script":"<script> [776 bytes]","args":[{"enterText":"30","selector":{"id":"application-managepricingrules-display-component---newInfoPriceItem--daysMonth","interaction":{"idSuffix":"inner"}},"clearTextFirst":true,"interactionType":"ENTER_TEXT"}]}
COMMAND: POST /session/371b8fcef450a364efde700f21fc0eae/element - {"using":"xpath","value":"//button[@data-kt=\"saveNewRuleButton\"]"}
RESULT: {"using":"xpath","value":"//button[@data-kt=\"saveNewRuleButton\"]"}
COMMAND: POST /session/371b8fcef450a364efde700f21fc0eae/element/f.FFD2F70B7356459FE22D1016ABDF7B9E.d.FE5D13F2A75596F3AFCA516E05F0685A.e.3732/click - {}
RESULT: {}
COMMAND: GET /session/371b8fcef450a364efde700f21fc0eae/screenshot - {}
RESULT: {}
COMMAND: POST /session/371b8fcef450a364efde700f21fc0eae/execute/async - {"script":"<script> [1562 bytes]","args":[{"selector":{"id":"application-managepricingrules-display-component---priceInfoItem--smartFilterBar-btnBasicSearch","interaction":{"idSuffix":"I"}},"wdio_ui5_key":"applicationmanagepricingrules-display-component---priceInfoItem--smartFilterBar-btnBasicSearch"}]}
RESULT: {"script":"<script> [1562 bytes]","args":[{"selector":{"id":"application-managepricingrules-display-component---priceInfoItem--smartFilterBar-btnBasicSearch","interaction":{"idSuffix":"I"}},"wdio_ui5_key":"applicationmanagepricingrules-display-component---priceInfoItem--smartFilterBar-btnBasicSearch"}]}
RESULT: undefined
COMMAND: POST /session/371b8fcef450a364efde700f21fc0eae/execute/async - {"script":"<script> [776 bytes]","args":[{"enterText":"o6CoYObrgM","selector":{"id":"application-managepricingrules-display-component---priceInfoItem--smartFilterBar-btnBasicSearch","interaction":{"idSuffix":"I"}},"clearTextFirst":true,"interactionType":"ENTER_TEXT"}]}
RESULT: {"script":"<script> [776 bytes]","args":[{"enterText":"o6CoYObrgM","selector":{"id":"application-managepricingrules-display-component---priceInfoItem--smartFilterBar-btnBasicSearch","interaction":{"idSuffix":"I"}},"clearTextFirst":true,"interactionType":"ENTER_TEXT"}]}
COMMAND: POST /session/371b8fcef450a364efde700f21fc0eae/actions - {"actions":[{"id":"action12","type":"key","parameters":{},"actions":[{"type":"keyDown","value":"î€‡"},{"type":"pause","duration":10},{"type":"keyUp","value":"î€‡"}]}]}
RESULT: {"actions":[{"id":"action12","type":"key","parameters":{},"actions":[{"type":"keyDown","value":"î€‡"},{"type":"pause","duration":10},{"type":"keyUp","value":"î€‡"}]}]}
COMMAND: GET /session/371b8fcef450a364efde700f21fc0eae/screenshot - {}
RESULT: {}
COMMAND: POST /session/371b8fcef450a364efde700f21fc0eae/element - {"using":"xpath","value":"//span[@id=\"application-managepricingrules-display-component---priceInfoItem--smartTable-header-inner\"]"}
RESULT: {"using":"xpath","value":"//span[@id=\"application-managepricingrules-display-component---priceInfoItem--smartTable-header-inner\"]"}
COMMAND: POST /session/371b8fcef450a364efde700f21fc0eae/elements - {"using":"xpath","value":"//span[@id=\"application-managepricingrules-display-component---priceInfoItem--smartTable-header-inner\"]"}
RESULT: {"using":"xpath","value":"//span[@id=\"application-managepricingrules-display-component---priceInfoItem--smartTable-header-inner\"]"}
COMMAND: POST /session/371b8fcef450a364efde700f21fc0eae/execute/sync - {"script":"<script> [56 bytes]","args":[{"element-6066-11e4-a52e-4f735466cecf":"f.FFD2F70B7356459FE22D1016ABDF7B9E.d.FE5D13F2A75596F3AFCA516E05F0685A.e.3767","ELEMENT":"f.FFD2F70B7356459FE22D1016ABDF7B9E.d.FE5D13F2A75596F3AFCA516E05F0685A.e.3767"}]}
RESULT: {"script":"<script> [56 bytes]","args":[{"element-6066-11e4-a52e-4f735466cecf":"f.FFD2F70B7356459FE22D1016ABDF7B9E.d.FE5D13F2A75596F3AFCA516E05F0685A.e.3767","ELEMENT":"f.FFD2F70B7356459FE22D1016ABDF7B9E.d.FE5D13F2A75596F3AFCA516E05F0685A.e.3767"}]}
COMMAND: POST /session/371b8fcef450a364efde700f21fc0eae/element - {"using":"css selector","value":"#shell-header-logo"}
COMMAND: GET /session/371b8fcef450a364efde700f21fc0eae/screenshot - {}
RESULT: {"using":"css selector","value":"#shell-header-logo"}
COMMAND: POST /session/371b8fcef450a364efde700f21fc0eae/element/f.FFD2F70B7356459FE22D1016ABDF7B9E.d.FE5D13F2A75596F3AFCA516E05F0685A.e.2885/click - {}
RESULT: {}
RESULT: {}
COMMAND: GET /session/371b8fcef450a364efde700f21fc0eae/screenshot - {}
RESULT: {}
]]></system-out>
    </testcase>
    <testcase classname="chrome.135_0_7049_96.windows.Billing_Transfer_-_Master_data_&amp;_Intercompany_US127250" name="Should create new condition for equipment TB" time="59.875">
      <system-out><![CDATA[
COMMAND: POST /session/371b8fcef450a364efde700f21fc0eae/execute/async - {"script":"<script> [1562 bytes]","args":[{"selector":{"controlType":"sap.m.Text","properties":{"text":"Manage Conditions & Prices"},"interaction":{"idSuffix":"inner"}},"wdio_ui5_key":"sapm.Text{\"text\":\"Manage Conditions & Prices\"}"}]}
RESULT: {"script":"<script> [1562 bytes]","args":[{"selector":{"controlType":"sap.m.Text","properties":{"text":"Manage Conditions & Prices"},"interaction":{"idSuffix":"inner"}},"wdio_ui5_key":"sapm.Text{\"text\":\"Manage Conditions & Prices\"}"}]}
RESULT: undefined
COMMAND: POST /session/371b8fcef450a364efde700f21fc0eae/element - {"using":"xpath","value":"//*[@id=\"__tile93-title\"]"}
RESULT: {"using":"xpath","value":"//*[@id=\"__tile93-title\"]"}
COMMAND: POST /session/371b8fcef450a364efde700f21fc0eae/element/f.FFD2F70B7356459FE22D1016ABDF7B9E.d.FE5D13F2A75596F3AFCA516E05F0685A.e.3770/click - {}
RESULT: {}
COMMAND: POST /session/371b8fcef450a364efde700f21fc0eae/element - {"using":"xpath","value":"//button[@aria-label=\"Create\"]"}
COMMAND: GET /session/371b8fcef450a364efde700f21fc0eae/screenshot - {}
RESULT: {"using":"xpath","value":"//button[@aria-label=\"Create\"]"}
COMMAND: POST /session/371b8fcef450a364efde700f21fc0eae/elements - {"using":"xpath","value":"//button[@aria-label=\"Create\"]"}
RESULT: {}
RESULT: {"using":"xpath","value":"//button[@aria-label=\"Create\"]"}
COMMAND: POST /session/371b8fcef450a364efde700f21fc0eae/elements - {"using":"xpath","value":"//button[@aria-label=\"Create\"]"}
RESULT: {"using":"xpath","value":"//button[@aria-label=\"Create\"]"}
COMMAND: POST /session/371b8fcef450a364efde700f21fc0eae/elements - {"using":"xpath","value":"//button[@aria-label=\"Create\"]"}
RESULT: {"using":"xpath","value":"//button[@aria-label=\"Create\"]"}
COMMAND: POST /session/371b8fcef450a364efde700f21fc0eae/elements - {"using":"xpath","value":"//button[@aria-label=\"Create\"]"}
RESULT: {"using":"xpath","value":"//button[@aria-label=\"Create\"]"}
COMMAND: POST /session/371b8fcef450a364efde700f21fc0eae/elements - {"using":"xpath","value":"//button[@aria-label=\"Create\"]"}
RESULT: {"using":"xpath","value":"//button[@aria-label=\"Create\"]"}
COMMAND: POST /session/371b8fcef450a364efde700f21fc0eae/element - {"using":"xpath","value":"//button[@aria-label=\"Create\"]"}
RESULT: {"using":"xpath","value":"//button[@aria-label=\"Create\"]"}
COMMAND: POST /session/371b8fcef450a364efde700f21fc0eae/execute/sync - {"script":"<script> [8489 bytes]","args":[{"element-6066-11e4-a52e-4f735466cecf":"f.FFD2F70B7356459FE22D1016ABDF7B9E.d.FE5D13F2A75596F3AFCA516E05F0685A.e.3805","ELEMENT":"f.FFD2F70B7356459FE22D1016ABDF7B9E.d.FE5D13F2A75596F3AFCA516E05F0685A.e.3805"}]}
RESULT: {"script":"<script> [8489 bytes]","args":[{"element-6066-11e4-a52e-4f735466cecf":"f.FFD2F70B7356459FE22D1016ABDF7B9E.d.FE5D13F2A75596F3AFCA516E05F0685A.e.3805","ELEMENT":"f.FFD2F70B7356459FE22D1016ABDF7B9E.d.FE5D13F2A75596F3AFCA516E05F0685A.e.3805"}]}
COMMAND: GET /session/371b8fcef450a364efde700f21fc0eae/element/f.FFD2F70B7356459FE22D1016ABDF7B9E.d.FE5D13F2A75596F3AFCA516E05F0685A.e.3805/enabled - {}
COMMAND: GET /session/371b8fcef450a364efde700f21fc0eae/screenshot - {}
RESULT: {}
COMMAND: POST /session/371b8fcef450a364efde700f21fc0eae/execute/sync - {"script":"<script> [8489 bytes]","args":[{"element-6066-11e4-a52e-4f735466cecf":"f.FFD2F70B7356459FE22D1016ABDF7B9E.d.FE5D13F2A75596F3AFCA516E05F0685A.e.3805","ELEMENT":"f.FFD2F70B7356459FE22D1016ABDF7B9E.d.FE5D13F2A75596F3AFCA516E05F0685A.e.3805"}]}
COMMAND: GET /session/371b8fcef450a364efde700f21fc0eae/screenshot - {}
RESULT: {}
RESULT: {"script":"<script> [8489 bytes]","args":[{"element-6066-11e4-a52e-4f735466cecf":"f.FFD2F70B7356459FE22D1016ABDF7B9E.d.FE5D13F2A75596F3AFCA516E05F0685A.e.3805","ELEMENT":"f.FFD2F70B7356459FE22D1016ABDF7B9E.d.FE5D13F2A75596F3AFCA516E05F0685A.e.3805"}]}
COMMAND: POST /session/371b8fcef450a364efde700f21fc0eae/execute/sync - {"script":"<script> [5351 bytes]","args":[{"element-6066-11e4-a52e-4f735466cecf":"f.FFD2F70B7356459FE22D1016ABDF7B9E.d.FE5D13F2A75596F3AFCA516E05F0685A.e.3805","ELEMENT":"f.FFD2F70B7356459FE22D1016ABDF7B9E.d.FE5D13F2A75596F3AFCA516E05F0685A.e.3805"}]}
COMMAND: GET /session/371b8fcef450a364efde700f21fc0eae/screenshot - {}
RESULT: {}
RESULT: {"script":"<script> [5351 bytes]","args":[{"element-6066-11e4-a52e-4f735466cecf":"f.FFD2F70B7356459FE22D1016ABDF7B9E.d.FE5D13F2A75596F3AFCA516E05F0685A.e.3805","ELEMENT":"f.FFD2F70B7356459FE22D1016ABDF7B9E.d.FE5D13F2A75596F3AFCA516E05F0685A.e.3805"}]}
COMMAND: POST /session/371b8fcef450a364efde700f21fc0eae/element/f.FFD2F70B7356459FE22D1016ABDF7B9E.d.FE5D13F2A75596F3AFCA516E05F0685A.e.3805/click - {}
COMMAND: GET /session/371b8fcef450a364efde700f21fc0eae/screenshot - {}
RESULT: {}
RESULT: {}
COMMAND: GET /session/371b8fcef450a364efde700f21fc0eae/screenshot - {}
RESULT: {}
RESULT: {}
COMMAND: POST /session/371b8fcef450a364efde700f21fc0eae/actions - {"actions":[{"id":"action13","type":"key","parameters":{},"actions":[{"type":"keyDown","value":"î€‡"},{"type":"pause","duration":10},{"type":"keyUp","value":"î€‡"}]}]}
RESULT: {"actions":[{"id":"action13","type":"key","parameters":{},"actions":[{"type":"keyDown","value":"î€‡"},{"type":"pause","duration":10},{"type":"keyUp","value":"î€‡"}]}]}
COMMAND: GET /session/371b8fcef450a364efde700f21fc0eae/screenshot - {}
RESULT: {}
COMMAND: POST /session/371b8fcef450a364efde700f21fc0eae/execute/async - {"script":"<script> [1562 bytes]","args":[{"selector":{"id":"application-manageconditionprice-display-component---newCondition--condBillCond-arrow"},"wdio_ui5_key":"applicationmanageconditionprice-display-component---newCondition--condBillCond-arrow"}]}
RESULT: {"script":"<script> [1562 bytes]","args":[{"selector":{"id":"application-manageconditionprice-display-component---newCondition--condBillCond-arrow"},"wdio_ui5_key":"applicationmanageconditionprice-display-component---newCondition--condBillCond-arrow"}]}
RESULT: undefined
COMMAND: POST /session/371b8fcef450a364efde700f21fc0eae/element - {"using":"xpath","value":"//*[@id=\"application-manageconditionprice-display-component---newCondition--condBillCond-arrow\"]"}
RESULT: {"using":"xpath","value":"//*[@id=\"application-manageconditionprice-display-component---newCondition--condBillCond-arrow\"]"}
COMMAND: POST /session/371b8fcef450a364efde700f21fc0eae/element/f.FFD2F70B7356459FE22D1016ABDF7B9E.d.FE5D13F2A75596F3AFCA516E05F0685A.e.4014/click - {}
RESULT: {}
COMMAND: GET /session/371b8fcef450a364efde700f21fc0eae/screenshot - {}
RESULT: {}
COMMAND: POST /session/371b8fcef450a364efde700f21fc0eae/element - {"using":"xpath","value":"//li[.//span[contains(text(), \"DISP - D&I special price\")]]"}
RESULT: {"using":"xpath","value":"//li[.//span[contains(text(), \"DISP - D&I special price\")]]"}
COMMAND: POST /session/371b8fcef450a364efde700f21fc0eae/element/f.FFD2F70B7356459FE22D1016ABDF7B9E.d.FE5D13F2A75596F3AFCA516E05F0685A.e.4018/click - {}
RESULT: {}
COMMAND: GET /session/371b8fcef450a364efde700f21fc0eae/screenshot - {}
RESULT: {}
COMMAND: POST /session/371b8fcef450a364efde700f21fc0eae/execute/async - {"script":"<script> [1562 bytes]","args":[{"selector":{"id":"application-manageconditionprice-display-component---newCondition--condValidTo","interaction":{"idSuffix":"inner"}},"wdio_ui5_key":"applicationmanageconditionprice-display-component---newCondition--condValidTo"}]}
RESULT: {"script":"<script> [1562 bytes]","args":[{"selector":{"id":"application-manageconditionprice-display-component---newCondition--condValidTo","interaction":{"idSuffix":"inner"}},"wdio_ui5_key":"applicationmanageconditionprice-display-component---newCondition--condValidTo"}]}
RESULT: undefined
COMMAND: POST /session/371b8fcef450a364efde700f21fc0eae/execute/async - {"script":"<script> [776 bytes]","args":[{"enterText":"01/02/26","selector":{"id":"application-manageconditionprice-display-component---newCondition--condValidTo","interaction":{"idSuffix":"inner"}},"clearTextFirst":true,"interactionType":"ENTER_TEXT"}]}
RESULT: {"script":"<script> [776 bytes]","args":[{"enterText":"01/02/26","selector":{"id":"application-manageconditionprice-display-component---newCondition--condValidTo","interaction":{"idSuffix":"inner"}},"clearTextFirst":true,"interactionType":"ENTER_TEXT"}]}
COMMAND: POST /session/371b8fcef450a364efde700f21fc0eae/element - {"using":"xpath","value":"//input[@id=\"application-manageconditionprice-display-component---newCondition--condRU-inner\"]"}
RESULT: {"using":"xpath","value":"//input[@id=\"application-manageconditionprice-display-component---newCondition--condRU-inner\"]"}
COMMAND: POST /session/371b8fcef450a364efde700f21fc0eae/element/f.FFD2F70B7356459FE22D1016ABDF7B9E.d.FE5D13F2A75596F3AFCA516E05F0685A.e.3882/clear - {}
RESULT: {}
COMMAND: POST /session/371b8fcef450a364efde700f21fc0eae/element/f.FFD2F70B7356459FE22D1016ABDF7B9E.d.FE5D13F2A75596F3AFCA516E05F0685A.e.3882/value - {"text":"o6CoYObrgM"}
COMMAND: GET /session/371b8fcef450a364efde700f21fc0eae/screenshot - {}
RESULT: {"text":"o6CoYObrgM"}
COMMAND: GET /session/371b8fcef450a364efde700f21fc0eae/screenshot - {}
RESULT: {}
RESULT: {}
COMMAND: POST /session/371b8fcef450a364efde700f21fc0eae/actions - {"actions":[{"id":"action14","type":"key","parameters":{},"actions":[{"type":"keyDown","value":"î€‡"},{"type":"pause","duration":10},{"type":"keyUp","value":"î€‡"}]}]}
RESULT: {"actions":[{"id":"action14","type":"key","parameters":{},"actions":[{"type":"keyDown","value":"î€‡"},{"type":"pause","duration":10},{"type":"keyUp","value":"î€‡"}]}]}
COMMAND: POST /session/371b8fcef450a364efde700f21fc0eae/execute/async - {"script":"<script> [1562 bytes]","args":[{"selector":{"id":"application-manageconditionprice-display-component---newCondition--condBaseQty","interaction":{"idSuffix":"inner"}},"wdio_ui5_key":"applicationmanageconditionprice-display-component---newCondition--condBaseQty"}]}
COMMAND: GET /session/371b8fcef450a364efde700f21fc0eae/screenshot - {}
RESULT: {"script":"<script> [1562 bytes]","args":[{"selector":{"id":"application-manageconditionprice-display-component---newCondition--condBaseQty","interaction":{"idSuffix":"inner"}},"wdio_ui5_key":"applicationmanageconditionprice-display-component---newCondition--condBaseQty"}]}
RESULT: undefined
COMMAND: POST /session/371b8fcef450a364efde700f21fc0eae/execute/async - {"script":"<script> [776 bytes]","args":[{"enterText":"1","selector":{"id":"application-manageconditionprice-display-component---newCondition--condBaseQty","interaction":{"idSuffix":"inner"}},"clearTextFirst":true,"interactionType":"ENTER_TEXT"}]}
RESULT: {}
RESULT: {"script":"<script> [776 bytes]","args":[{"enterText":"1","selector":{"id":"application-manageconditionprice-display-component---newCondition--condBaseQty","interaction":{"idSuffix":"inner"}},"clearTextFirst":true,"interactionType":"ENTER_TEXT"}]}
COMMAND: POST /session/371b8fcef450a364efde700f21fc0eae/execute/async - {"script":"<script> [1562 bytes]","args":[{"selector":{"id":"application-manageconditionprice-display-component---newCondition--condValue","interaction":{"idSuffix":"inner"}},"wdio_ui5_key":"applicationmanageconditionprice-display-component---newCondition--condValue"}]}
RESULT: {"script":"<script> [1562 bytes]","args":[{"selector":{"id":"application-manageconditionprice-display-component---newCondition--condValue","interaction":{"idSuffix":"inner"}},"wdio_ui5_key":"applicationmanageconditionprice-display-component---newCondition--condValue"}]}
RESULT: undefined
COMMAND: POST /session/371b8fcef450a364efde700f21fc0eae/execute/async - {"script":"<script> [776 bytes]","args":[{"enterText":"100","selector":{"id":"application-manageconditionprice-display-component---newCondition--condValue","interaction":{"idSuffix":"inner"}},"clearTextFirst":true,"interactionType":"ENTER_TEXT"}]}
RESULT: {"script":"<script> [776 bytes]","args":[{"enterText":"100","selector":{"id":"application-manageconditionprice-display-component---newCondition--condValue","interaction":{"idSuffix":"inner"}},"clearTextFirst":true,"interactionType":"ENTER_TEXT"}]}
COMMAND: POST /session/371b8fcef450a364efde700f21fc0eae/execute/async - {"script":"<script> [1562 bytes]","args":[{"selector":{"id":"application-manageconditionprice-display-component---newCondition--condCurr-arrow"},"wdio_ui5_key":"applicationmanageconditionprice-display-component---newCondition--condCurr-arrow"}]}
RESULT: {"script":"<script> [1562 bytes]","args":[{"selector":{"id":"application-manageconditionprice-display-component---newCondition--condCurr-arrow"},"wdio_ui5_key":"applicationmanageconditionprice-display-component---newCondition--condCurr-arrow"}]}
RESULT: undefined
COMMAND: POST /session/371b8fcef450a364efde700f21fc0eae/element - {"using":"xpath","value":"//*[@id=\"application-manageconditionprice-display-component---newCondition--condCurr-arrow\"]"}
RESULT: {"using":"xpath","value":"//*[@id=\"application-manageconditionprice-display-component---newCondition--condCurr-arrow\"]"}
COMMAND: POST /session/371b8fcef450a364efde700f21fc0eae/element/f.FFD2F70B7356459FE22D1016ABDF7B9E.d.FE5D13F2A75596F3AFCA516E05F0685A.e.3991/click - {}
RESULT: {}
COMMAND: POST /session/371b8fcef450a364efde700f21fc0eae/element - {"using":"xpath","value":"//span[contains(text(), \"Euro\")]"}
COMMAND: GET /session/371b8fcef450a364efde700f21fc0eae/screenshot - {}
RESULT: {"using":"xpath","value":"//span[contains(text(), \"Euro\")]"}
COMMAND: POST /session/371b8fcef450a364efde700f21fc0eae/element/f.FFD2F70B7356459FE22D1016ABDF7B9E.d.FE5D13F2A75596F3AFCA516E05F0685A.e.4054/click - {}
RESULT: {}
RESULT: {}
COMMAND: POST /session/371b8fcef450a364efde700f21fc0eae/element - {"using":"xpath","value":"//button[@data-kt=\"saveButton\"]"}
COMMAND: GET /session/371b8fcef450a364efde700f21fc0eae/screenshot - {}
RESULT: {"using":"xpath","value":"//button[@data-kt=\"saveButton\"]"}
COMMAND: POST /session/371b8fcef450a364efde700f21fc0eae/element/f.FFD2F70B7356459FE22D1016ABDF7B9E.d.FE5D13F2A75596F3AFCA516E05F0685A.e.3992/click - {}
RESULT: {}
RESULT: {}
COMMAND: GET /session/371b8fcef450a364efde700f21fc0eae/screenshot - {}
RESULT: {}
COMMAND: POST /session/371b8fcef450a364efde700f21fc0eae/execute/async - {"script":"<script> [1562 bytes]","args":[{"selector":{"id":"application-manageconditionprice-display-component---conditions--smartFilterBar-btnBasicSearch","interaction":{"idSuffix":"I"}},"wdio_ui5_key":"applicationmanageconditionprice-display-component---conditions--smartFilterBar-btnBasicSearch"}]}
RESULT: {"script":"<script> [1562 bytes]","args":[{"selector":{"id":"application-manageconditionprice-display-component---conditions--smartFilterBar-btnBasicSearch","interaction":{"idSuffix":"I"}},"wdio_ui5_key":"applicationmanageconditionprice-display-component---conditions--smartFilterBar-btnBasicSearch"}]}
RESULT: undefined
COMMAND: POST /session/371b8fcef450a364efde700f21fc0eae/execute/async - {"script":"<script> [776 bytes]","args":[{"enterText":"o6CoYObrgM","selector":{"id":"application-manageconditionprice-display-component---conditions--smartFilterBar-btnBasicSearch","interaction":{"idSuffix":"I"}},"clearTextFirst":true,"interactionType":"ENTER_TEXT"}]}
RESULT: {"script":"<script> [776 bytes]","args":[{"enterText":"o6CoYObrgM","selector":{"id":"application-manageconditionprice-display-component---conditions--smartFilterBar-btnBasicSearch","interaction":{"idSuffix":"I"}},"clearTextFirst":true,"interactionType":"ENTER_TEXT"}]}
COMMAND: POST /session/371b8fcef450a364efde700f21fc0eae/actions - {"actions":[{"id":"action15","type":"key","parameters":{},"actions":[{"type":"keyDown","value":"î€‡"},{"type":"pause","duration":10},{"type":"keyUp","value":"î€‡"}]}]}
RESULT: {"actions":[{"id":"action15","type":"key","parameters":{},"actions":[{"type":"keyDown","value":"î€‡"},{"type":"pause","duration":10},{"type":"keyUp","value":"î€‡"}]}]}
COMMAND: GET /session/371b8fcef450a364efde700f21fc0eae/screenshot - {}
RESULT: {}
COMMAND: POST /session/371b8fcef450a364efde700f21fc0eae/execute/async - {"script":"<script> [1562 bytes]","args":[{"selector":{"id":"application-manageconditionprice-display-component---conditions--smartFilterBar-filterItemControl_BASIC-BILL_TYPES-vhi"},"wdio_ui5_key":"applicationmanageconditionprice-display-component---conditions--smartFilterBar-filterItemControl_BASIC-BILL_TYPES-vhi"}]}
RESULT: {"script":"<script> [1562 bytes]","args":[{"selector":{"id":"application-manageconditionprice-display-component---conditions--smartFilterBar-filterItemControl_BASIC-BILL_TYPES-vhi"},"wdio_ui5_key":"applicationmanageconditionprice-display-component---conditions--smartFilterBar-filterItemControl_BASIC-BILL_TYPES-vhi"}]}
RESULT: undefined
COMMAND: POST /session/371b8fcef450a364efde700f21fc0eae/element - {"using":"xpath","value":"//*[@id=\"application-manageconditionprice-display-component---conditions--smartFilterBar-filterItemControl_BASIC-BILL_TYPES-vhi\"]"}
RESULT: {"using":"xpath","value":"//*[@id=\"application-manageconditionprice-display-component---conditions--smartFilterBar-filterItemControl_BASIC-BILL_TYPES-vhi\"]"}
COMMAND: POST /session/371b8fcef450a364efde700f21fc0eae/element/f.FFD2F70B7356459FE22D1016ABDF7B9E.d.FE5D13F2A75596F3AFCA516E05F0685A.e.4070/click - {}
RESULT: {}
COMMAND: POST /session/371b8fcef450a364efde700f21fc0eae/execute/async - {"script":"<script> [1562 bytes]","args":[{"selector":{"id":"application-manageconditionprice-display-component---conditions--smartFilterBar-filterItemControl_BASIC-BILL_TYPES-valueHelpDialog-smartFilterBar-btnBasicSearch","searchOpenDialogs":true,"interaction":{"idSuffix":"I"}},"wdio_ui5_key":"applicationmanageconditionprice-display-component---conditions--smartFilterBar-filterItemControl_BASIC-BILL_TYPES-valueHelpDialog-smartFilterBar-btnBasicSearch"}]}
COMMAND: GET /session/371b8fcef450a364efde700f21fc0eae/screenshot - {}
RESULT: {"script":"<script> [1562 bytes]","args":[{"selector":{"id":"application-manageconditionprice-display-component---conditions--smartFilterBar-filterItemControl_BASIC-BILL_TYPES-valueHelpDialog-smartFilterBar-btnBasicSearch","searchOpenDialogs":true,"interaction":{"idSuffix":"I"}},"wdio_ui5_key":"applicationmanageconditionprice-display-component---conditions--smartFilterBar-filterItemControl_BASIC-BILL_TYPES-valueHelpDialog-smartFilterBar-btnBasicSearch"}]}
RESULT: undefined
COMMAND: POST /session/371b8fcef450a364efde700f21fc0eae/execute/async - {"script":"<script> [776 bytes]","args":[{"enterText":"TB","selector":{"id":"application-manageconditionprice-display-component---conditions--smartFilterBar-filterItemControl_BASIC-BILL_TYPES-valueHelpDialog-smartFilterBar-btnBasicSearch","searchOpenDialogs":true,"interaction":{"idSuffix":"I"}},"clearTextFirst":true,"interactionType":"ENTER_TEXT"}]}
RESULT: {}
RESULT: {"script":"<script> [776 bytes]","args":[{"enterText":"TB","selector":{"id":"application-manageconditionprice-display-component---conditions--smartFilterBar-filterItemControl_BASIC-BILL_TYPES-valueHelpDialog-smartFilterBar-btnBasicSearch","searchOpenDialogs":true,"interaction":{"idSuffix":"I"}},"clearTextFirst":true,"interactionType":"ENTER_TEXT"}]}
COMMAND: POST /session/371b8fcef450a364efde700f21fc0eae/actions - {"actions":[{"id":"action16","type":"key","parameters":{},"actions":[{"type":"keyDown","value":"î€‡"},{"type":"pause","duration":10},{"type":"keyUp","value":"î€‡"}]}]}
RESULT: {"actions":[{"id":"action16","type":"key","parameters":{},"actions":[{"type":"keyDown","value":"î€‡"},{"type":"pause","duration":10},{"type":"keyUp","value":"î€‡"}]}]}
COMMAND: GET /session/371b8fcef450a364efde700f21fc0eae/screenshot - {}
RESULT: {}
COMMAND: POST /session/371b8fcef450a364efde700f21fc0eae/element - {"using":"xpath","value":"//div[contains(@id, 'application-manageconditionprice-display-component---conditions--smartFilterBar-filterItemControl_BASIC-BILL_TYPES-valueHelpDialog-table-rowsel0')]"}
RESULT: {"using":"xpath","value":"//div[contains(@id, 'application-manageconditionprice-display-component---conditions--smartFilterBar-filterItemControl_BASIC-BILL_TYPES-valueHelpDialog-table-rowsel0')]"}
COMMAND: POST /session/371b8fcef450a364efde700f21fc0eae/element/f.FFD2F70B7356459FE22D1016ABDF7B9E.d.FE5D13F2A75596F3AFCA516E05F0685A.e.4079/click - {}
RESULT: {}
COMMAND: GET /session/371b8fcef450a364efde700f21fc0eae/screenshot - {}
RESULT: {}
COMMAND: POST /session/371b8fcef450a364efde700f21fc0eae/element - {"using":"xpath","value":"//bdi[contains(text(), \"OK\")]"}
RESULT: {"using":"xpath","value":"//bdi[contains(text(), \"OK\")]"}
COMMAND: POST /session/371b8fcef450a364efde700f21fc0eae/element/f.FFD2F70B7356459FE22D1016ABDF7B9E.d.FE5D13F2A75596F3AFCA516E05F0685A.e.4081/click - {}
RESULT: {}
COMMAND: GET /session/371b8fcef450a364efde700f21fc0eae/screenshot - {}
RESULT: {}
COMMAND: POST /session/371b8fcef450a364efde700f21fc0eae/element - {"using":"xpath","value":"//span[@id=\"application-manageconditionprice-display-component---conditions--smartTable-header-inner\"]"}
RESULT: {"using":"xpath","value":"//span[@id=\"application-manageconditionprice-display-component---conditions--smartTable-header-inner\"]"}
COMMAND: POST /session/371b8fcef450a364efde700f21fc0eae/elements - {"using":"xpath","value":"//span[@id=\"application-manageconditionprice-display-component---conditions--smartTable-header-inner\"]"}
RESULT: {"using":"xpath","value":"//span[@id=\"application-manageconditionprice-display-component---conditions--smartTable-header-inner\"]"}
COMMAND: POST /session/371b8fcef450a364efde700f21fc0eae/execute/sync - {"script":"<script> [56 bytes]","args":[{"element-6066-11e4-a52e-4f735466cecf":"f.FFD2F70B7356459FE22D1016ABDF7B9E.d.FE5D13F2A75596F3AFCA516E05F0685A.e.4084","ELEMENT":"f.FFD2F70B7356459FE22D1016ABDF7B9E.d.FE5D13F2A75596F3AFCA516E05F0685A.e.4084"}]}
RESULT: {"script":"<script> [56 bytes]","args":[{"element-6066-11e4-a52e-4f735466cecf":"f.FFD2F70B7356459FE22D1016ABDF7B9E.d.FE5D13F2A75596F3AFCA516E05F0685A.e.4084","ELEMENT":"f.FFD2F70B7356459FE22D1016ABDF7B9E.d.FE5D13F2A75596F3AFCA516E05F0685A.e.4084"}]}
COMMAND: POST /session/371b8fcef450a364efde700f21fc0eae/element - {"using":"css selector","value":"#shell-header-logo"}
COMMAND: GET /session/371b8fcef450a364efde700f21fc0eae/screenshot - {}
RESULT: {"using":"css selector","value":"#shell-header-logo"}
COMMAND: POST /session/371b8fcef450a364efde700f21fc0eae/element/f.FFD2F70B7356459FE22D1016ABDF7B9E.d.FE5D13F2A75596F3AFCA516E05F0685A.e.3772/click - {}
RESULT: {}
RESULT: {}
COMMAND: GET /session/371b8fcef450a364efde700f21fc0eae/screenshot - {}
RESULT: {}
]]></system-out>
    </testcase>
    <testcase classname="chrome.135_0_7049_96.windows.Billing_Transfer_-_Master_data_&amp;_Intercompany_US127250" name="Should do a stock increase" time="79.54">
      <system-out><![CDATA[
COMMAND: POST /session/371b8fcef450a364efde700f21fc0eae/execute/async - {"script":"<script> [1562 bytes]","args":[{"selector":{"controlType":"sap.m.Text","viewName":"etm.portal.ui.managehandoverstile.view.Master","properties":{"text":"Manage Handovers"},"interaction":{"idSuffix":"inner"}},"wdio_ui5_key":"etmportal.ui.managehandoverstile.view.Mastersap.m.Text{\"text\":\"Manage Handovers\"}"}]}
RESULT: {"script":"<script> [1562 bytes]","args":[{"selector":{"controlType":"sap.m.Text","viewName":"etm.portal.ui.managehandoverstile.view.Master","properties":{"text":"Manage Handovers"},"interaction":{"idSuffix":"inner"}},"wdio_ui5_key":"etmportal.ui.managehandoverstile.view.Mastersap.m.Text{\"text\":\"Manage Handovers\"}"}]}
RESULT: undefined
COMMAND: POST /session/371b8fcef450a364efde700f21fc0eae/element - {"using":"xpath","value":"//*[@id=\"__tile133-title\"]"}
RESULT: {"using":"xpath","value":"//*[@id=\"__tile133-title\"]"}
COMMAND: POST /session/371b8fcef450a364efde700f21fc0eae/element/f.FFD2F70B7356459FE22D1016ABDF7B9E.d.FE5D13F2A75596F3AFCA516E05F0685A.e.4089/click - {}
RESULT: {}
COMMAND: POST /session/371b8fcef450a364efde700f21fc0eae/element - {"using":"xpath","value":"//button[@data-kt=\"masterHOAddButton\"]"}
COMMAND: GET /session/371b8fcef450a364efde700f21fc0eae/screenshot - {}
RESULT: {"using":"xpath","value":"//button[@data-kt=\"masterHOAddButton\"]"}
COMMAND: POST /session/371b8fcef450a364efde700f21fc0eae/elements - {"using":"xpath","value":"//button[@data-kt=\"masterHOAddButton\"]"}
RESULT: {}
RESULT: {"using":"xpath","value":"//button[@data-kt=\"masterHOAddButton\"]"}
COMMAND: POST /session/371b8fcef450a364efde700f21fc0eae/elements - {"using":"xpath","value":"//button[@data-kt=\"masterHOAddButton\"]"}
RESULT: {"using":"xpath","value":"//button[@data-kt=\"masterHOAddButton\"]"}
COMMAND: POST /session/371b8fcef450a364efde700f21fc0eae/elements - {"using":"xpath","value":"//button[@data-kt=\"masterHOAddButton\"]"}
RESULT: {"using":"xpath","value":"//button[@data-kt=\"masterHOAddButton\"]"}
COMMAND: POST /session/371b8fcef450a364efde700f21fc0eae/elements - {"using":"xpath","value":"//button[@data-kt=\"masterHOAddButton\"]"}
RESULT: {"using":"xpath","value":"//button[@data-kt=\"masterHOAddButton\"]"}
COMMAND: POST /session/371b8fcef450a364efde700f21fc0eae/elements - {"using":"xpath","value":"//button[@data-kt=\"masterHOAddButton\"]"}
RESULT: {"using":"xpath","value":"//button[@data-kt=\"masterHOAddButton\"]"}
COMMAND: POST /session/371b8fcef450a364efde700f21fc0eae/elements - {"using":"xpath","value":"//button[@data-kt=\"masterHOAddButton\"]"}
RESULT: {"using":"xpath","value":"//button[@data-kt=\"masterHOAddButton\"]"}
COMMAND: POST /session/371b8fcef450a364efde700f21fc0eae/elements - {"using":"xpath","value":"//button[@data-kt=\"masterHOAddButton\"]"}
RESULT: {"using":"xpath","value":"//button[@data-kt=\"masterHOAddButton\"]"}
COMMAND: POST /session/371b8fcef450a364efde700f21fc0eae/elements - {"using":"xpath","value":"//button[@data-kt=\"masterHOAddButton\"]"}
RESULT: {"using":"xpath","value":"//button[@data-kt=\"masterHOAddButton\"]"}
COMMAND: POST /session/371b8fcef450a364efde700f21fc0eae/elements - {"using":"xpath","value":"//button[@data-kt=\"masterHOAddButton\"]"}
RESULT: {"using":"xpath","value":"//button[@data-kt=\"masterHOAddButton\"]"}
COMMAND: POST /session/371b8fcef450a364efde700f21fc0eae/elements - {"using":"xpath","value":"//button[@data-kt=\"masterHOAddButton\"]"}
RESULT: {"using":"xpath","value":"//button[@data-kt=\"masterHOAddButton\"]"}
COMMAND: POST /session/371b8fcef450a364efde700f21fc0eae/elements - {"using":"xpath","value":"//button[@data-kt=\"masterHOAddButton\"]"}
RESULT: {"using":"xpath","value":"//button[@data-kt=\"masterHOAddButton\"]"}
COMMAND: POST /session/371b8fcef450a364efde700f21fc0eae/elements - {"using":"xpath","value":"//button[@data-kt=\"masterHOAddButton\"]"}
RESULT: {"using":"xpath","value":"//button[@data-kt=\"masterHOAddButton\"]"}
COMMAND: POST /session/371b8fcef450a364efde700f21fc0eae/elements - {"using":"xpath","value":"//button[@data-kt=\"masterHOAddButton\"]"}
RESULT: {"using":"xpath","value":"//button[@data-kt=\"masterHOAddButton\"]"}
COMMAND: POST /session/371b8fcef450a364efde700f21fc0eae/elements - {"using":"xpath","value":"//button[@data-kt=\"masterHOAddButton\"]"}
RESULT: {"using":"xpath","value":"//button[@data-kt=\"masterHOAddButton\"]"}
COMMAND: POST /session/371b8fcef450a364efde700f21fc0eae/elements - {"using":"xpath","value":"//button[@data-kt=\"masterHOAddButton\"]"}
RESULT: {"using":"xpath","value":"//button[@data-kt=\"masterHOAddButton\"]"}
COMMAND: POST /session/371b8fcef450a364efde700f21fc0eae/elements - {"using":"xpath","value":"//button[@data-kt=\"masterHOAddButton\"]"}
RESULT: {"using":"xpath","value":"//button[@data-kt=\"masterHOAddButton\"]"}
COMMAND: POST /session/371b8fcef450a364efde700f21fc0eae/elements - {"using":"xpath","value":"//button[@data-kt=\"masterHOAddButton\"]"}
RESULT: {"using":"xpath","value":"//button[@data-kt=\"masterHOAddButton\"]"}
COMMAND: POST /session/371b8fcef450a364efde700f21fc0eae/element - {"using":"xpath","value":"//button[@data-kt=\"masterHOAddButton\"]"}
RESULT: {"using":"xpath","value":"//button[@data-kt=\"masterHOAddButton\"]"}
COMMAND: POST /session/371b8fcef450a364efde700f21fc0eae/execute/sync - {"script":"<script> [8489 bytes]","args":[{"element-6066-11e4-a52e-4f735466cecf":"f.FFD2F70B7356459FE22D1016ABDF7B9E.d.FE5D13F2A75596F3AFCA516E05F0685A.e.4116","ELEMENT":"f.FFD2F70B7356459FE22D1016ABDF7B9E.d.FE5D13F2A75596F3AFCA516E05F0685A.e.4116"}]}
RESULT: {"script":"<script> [8489 bytes]","args":[{"element-6066-11e4-a52e-4f735466cecf":"f.FFD2F70B7356459FE22D1016ABDF7B9E.d.FE5D13F2A75596F3AFCA516E05F0685A.e.4116","ELEMENT":"f.FFD2F70B7356459FE22D1016ABDF7B9E.d.FE5D13F2A75596F3AFCA516E05F0685A.e.4116"}]}
COMMAND: GET /session/371b8fcef450a364efde700f21fc0eae/element/f.FFD2F70B7356459FE22D1016ABDF7B9E.d.FE5D13F2A75596F3AFCA516E05F0685A.e.4116/enabled - {}
COMMAND: GET /session/371b8fcef450a364efde700f21fc0eae/screenshot - {}
RESULT: {}
COMMAND: POST /session/371b8fcef450a364efde700f21fc0eae/execute/sync - {"script":"<script> [8489 bytes]","args":[{"element-6066-11e4-a52e-4f735466cecf":"f.FFD2F70B7356459FE22D1016ABDF7B9E.d.FE5D13F2A75596F3AFCA516E05F0685A.e.4116","ELEMENT":"f.FFD2F70B7356459FE22D1016ABDF7B9E.d.FE5D13F2A75596F3AFCA516E05F0685A.e.4116"}]}
COMMAND: GET /session/371b8fcef450a364efde700f21fc0eae/screenshot - {}
RESULT: {}
RESULT: {"script":"<script> [8489 bytes]","args":[{"element-6066-11e4-a52e-4f735466cecf":"f.FFD2F70B7356459FE22D1016ABDF7B9E.d.FE5D13F2A75596F3AFCA516E05F0685A.e.4116","ELEMENT":"f.FFD2F70B7356459FE22D1016ABDF7B9E.d.FE5D13F2A75596F3AFCA516E05F0685A.e.4116"}]}
COMMAND: POST /session/371b8fcef450a364efde700f21fc0eae/execute/sync - {"script":"<script> [5351 bytes]","args":[{"element-6066-11e4-a52e-4f735466cecf":"f.FFD2F70B7356459FE22D1016ABDF7B9E.d.FE5D13F2A75596F3AFCA516E05F0685A.e.4116","ELEMENT":"f.FFD2F70B7356459FE22D1016ABDF7B9E.d.FE5D13F2A75596F3AFCA516E05F0685A.e.4116"}]}
COMMAND: GET /session/371b8fcef450a364efde700f21fc0eae/screenshot - {}
RESULT: {}
RESULT: {"script":"<script> [5351 bytes]","args":[{"element-6066-11e4-a52e-4f735466cecf":"f.FFD2F70B7356459FE22D1016ABDF7B9E.d.FE5D13F2A75596F3AFCA516E05F0685A.e.4116","ELEMENT":"f.FFD2F70B7356459FE22D1016ABDF7B9E.d.FE5D13F2A75596F3AFCA516E05F0685A.e.4116"}]}
COMMAND: POST /session/371b8fcef450a364efde700f21fc0eae/element/f.FFD2F70B7356459FE22D1016ABDF7B9E.d.FE5D13F2A75596F3AFCA516E05F0685A.e.4116/click - {}
COMMAND: GET /session/371b8fcef450a364efde700f21fc0eae/screenshot - {}
RESULT: {}
RESULT: {}
COMMAND: GET /session/371b8fcef450a364efde700f21fc0eae/screenshot - {}
RESULT: {}
RESULT: {}
COMMAND: POST /session/371b8fcef450a364efde700f21fc0eae/element - {"using":"xpath","value":"//span[contains(@id ,\"AddNewHO--typeSelect-arrow\")]"}
RESULT: {"using":"xpath","value":"//span[contains(@id ,\"AddNewHO--typeSelect-arrow\")]"}
COMMAND: POST /session/371b8fcef450a364efde700f21fc0eae/element/f.FFD2F70B7356459FE22D1016ABDF7B9E.d.FE5D13F2A75596F3AFCA516E05F0685A.e.4466/click - {}
RESULT: {}
COMMAND: GET /session/371b8fcef450a364efde700f21fc0eae/screenshot - {}
RESULT: {}
COMMAND: POST /session/371b8fcef450a364efde700f21fc0eae/element - {"using":"xpath","value":"(//li[contains(text(), \"stock increase yard\")])[1]"}
RESULT: {"using":"xpath","value":"(//li[contains(text(), \"stock increase yard\")])[1]"}
COMMAND: POST /session/371b8fcef450a364efde700f21fc0eae/element/f.FFD2F70B7356459FE22D1016ABDF7B9E.d.FE5D13F2A75596F3AFCA516E05F0685A.e.4467/click - {}
RESULT: {}
COMMAND: GET /session/371b8fcef450a364efde700f21fc0eae/screenshot - {}
RESULT: {}
COMMAND: POST /session/371b8fcef450a364efde700f21fc0eae/execute/async - {"script":"<script> [1562 bytes]","args":[{"selector":{"id":"application-managehandovers-display-component---AddNewHO--dueDate","interaction":{"idSuffix":"inner"}},"wdio_ui5_key":"applicationmanagehandovers-display-component---AddNewHO--dueDate"}]}
RESULT: {"script":"<script> [1562 bytes]","args":[{"selector":{"id":"application-managehandovers-display-component---AddNewHO--dueDate","interaction":{"idSuffix":"inner"}},"wdio_ui5_key":"applicationmanagehandovers-display-component---AddNewHO--dueDate"}]}
RESULT: undefined
COMMAND: POST /session/371b8fcef450a364efde700f21fc0eae/execute/async - {"script":"<script> [6424 bytes]","args":[{"element-6066-11e4-a52e-4f735466cecf":"f.FFD2F70B7356459FE22D1016ABDF7B9E.d.FE5D13F2A75596F3AFCA516E05F0685A.e.4469"},"setValue",["05/02/2025"]]}
RESULT: {"script":"<script> [6424 bytes]","args":[{"element-6066-11e4-a52e-4f735466cecf":"f.FFD2F70B7356459FE22D1016ABDF7B9E.d.FE5D13F2A75596F3AFCA516E05F0685A.e.4469"},"setValue",["05/02/2025"]]}
COMMAND: POST /session/371b8fcef450a364efde700f21fc0eae/element - {"using":"xpath","value":"//input[@id=\"generalSectionFrg--receiveYard-inner\"]"}
RESULT: {"using":"xpath","value":"//input[@id=\"generalSectionFrg--receiveYard-inner\"]"}
COMMAND: POST /session/371b8fcef450a364efde700f21fc0eae/element/f.FFD2F70B7356459FE22D1016ABDF7B9E.d.FE5D13F2A75596F3AFCA516E05F0685A.e.4475/clear - {}
RESULT: {}
COMMAND: POST /session/371b8fcef450a364efde700f21fc0eae/element/f.FFD2F70B7356459FE22D1016ABDF7B9E.d.FE5D13F2A75596F3AFCA516E05F0685A.e.4475/value - {"text":"511"}
COMMAND: GET /session/371b8fcef450a364efde700f21fc0eae/screenshot - {}
RESULT: {"text":"511"}
COMMAND: GET /session/371b8fcef450a364efde700f21fc0eae/screenshot - {}
RESULT: {}
RESULT: {}
COMMAND: POST /session/371b8fcef450a364efde700f21fc0eae/element - {"using":"xpath","value":"//li[.//span[text()='511']]"}
RESULT: {"using":"xpath","value":"//li[.//span[text()='511']]"}
COMMAND: POST /session/371b8fcef450a364efde700f21fc0eae/element/f.FFD2F70B7356459FE22D1016ABDF7B9E.d.FE5D13F2A75596F3AFCA516E05F0685A.e.4492/click - {}
RESULT: {}
COMMAND: GET /session/371b8fcef450a364efde700f21fc0eae/screenshot - {}
RESULT: {}
COMMAND: POST /session/371b8fcef450a364efde700f21fc0eae/execute/async - {"script":"<script> [1562 bytes]","args":[{"selector":{"id":"application-managehandovers-display-component---AddNewHO--ObjectPageLayout-anchBar-application-managehandovers-display-component---AddNewHO--section4-anchor","interaction":{"idSuffix":"BDI-content"}},"wdio_ui5_key":"applicationmanagehandovers-display-component---AddNewHO--ObjectPageLayout-anchBar-application-managehandovers-display-component---AddNewHO--section4-anchor"}]}
RESULT: {"script":"<script> [1562 bytes]","args":[{"selector":{"id":"application-managehandovers-display-component---AddNewHO--ObjectPageLayout-anchBar-application-managehandovers-display-component---AddNewHO--section4-anchor","interaction":{"idSuffix":"BDI-content"}},"wdio_ui5_key":"applicationmanagehandovers-display-component---AddNewHO--ObjectPageLayout-anchBar-application-managehandovers-display-component---AddNewHO--section4-anchor"}]}
RESULT: undefined
COMMAND: POST /session/371b8fcef450a364efde700f21fc0eae/element - {"using":"xpath","value":"//*[@id=\"application-managehandovers-display-component---AddNewHO--ObjectPageLayout-anchBar-application-managehandovers-display-component---AddNewHO--section4-anchor\"]"}
RESULT: {"using":"xpath","value":"//*[@id=\"application-managehandovers-display-component---AddNewHO--ObjectPageLayout-anchBar-application-managehandovers-display-component---AddNewHO--section4-anchor\"]"}
COMMAND: POST /session/371b8fcef450a364efde700f21fc0eae/element/f.FFD2F70B7356459FE22D1016ABDF7B9E.d.FE5D13F2A75596F3AFCA516E05F0685A.e.4494/click - {}
RESULT: {}
COMMAND: POST /session/371b8fcef450a364efde700f21fc0eae/element - {"using":"xpath","value":"//button[@aria-label=\"Add\"]"}
COMMAND: GET /session/371b8fcef450a364efde700f21fc0eae/screenshot - {}
RESULT: {"using":"xpath","value":"//button[@aria-label=\"Add\"]"}
COMMAND: POST /session/371b8fcef450a364efde700f21fc0eae/element/f.FFD2F70B7356459FE22D1016ABDF7B9E.d.FE5D13F2A75596F3AFCA516E05F0685A.e.4498/click - {}
RESULT: {}
RESULT: {}
COMMAND: GET /session/371b8fcef450a364efde700f21fc0eae/screenshot - {}
RESULT: {}
COMMAND: POST /session/371b8fcef450a364efde700f21fc0eae/execute/async - {"script":"<script> [1562 bytes]","args":[{"selector":{"id":"application-managehandovers-display-component---AddNewHO--smartFilterBar-btnBasicSearch","searchOpenDialogs":true,"interaction":{"idSuffix":"I"}},"wdio_ui5_key":"applicationmanagehandovers-display-component---AddNewHO--smartFilterBar-btnBasicSearch"}]}
RESULT: {"script":"<script> [1562 bytes]","args":[{"selector":{"id":"application-managehandovers-display-component---AddNewHO--smartFilterBar-btnBasicSearch","searchOpenDialogs":true,"interaction":{"idSuffix":"I"}},"wdio_ui5_key":"applicationmanagehandovers-display-component---AddNewHO--smartFilterBar-btnBasicSearch"}]}
RESULT: undefined
COMMAND: POST /session/371b8fcef450a364efde700f21fc0eae/execute/async - {"script":"<script> [776 bytes]","args":[{"enterText":"o6CoYObrgM","selector":{"id":"application-managehandovers-display-component---AddNewHO--smartFilterBar-btnBasicSearch","searchOpenDialogs":true,"interaction":{"idSuffix":"I"}},"clearTextFirst":true,"interactionType":"ENTER_TEXT"}]}
RESULT: {"script":"<script> [776 bytes]","args":[{"enterText":"o6CoYObrgM","selector":{"id":"application-managehandovers-display-component---AddNewHO--smartFilterBar-btnBasicSearch","searchOpenDialogs":true,"interaction":{"idSuffix":"I"}},"clearTextFirst":true,"interactionType":"ENTER_TEXT"}]}
COMMAND: POST /session/371b8fcef450a364efde700f21fc0eae/actions - {"actions":[{"id":"action17","type":"key","parameters":{},"actions":[{"type":"keyDown","value":"î€‡"},{"type":"pause","duration":10},{"type":"keyUp","value":"î€‡"}]}]}
RESULT: {"actions":[{"id":"action17","type":"key","parameters":{},"actions":[{"type":"keyDown","value":"î€‡"},{"type":"pause","duration":10},{"type":"keyUp","value":"î€‡"}]}]}
COMMAND: GET /session/371b8fcef450a364efde700f21fc0eae/screenshot - {}
RESULT: {}
COMMAND: POST /session/371b8fcef450a364efde700f21fc0eae/execute/async - {"script":"<script> [1562 bytes]","args":[{"selector":{"id":"application-managehandovers-display-component---AddNewHO--popup-sa","searchOpenDialogs":true,"interaction":{"idSuffix":"CbBg"}},"wdio_ui5_key":"applicationmanagehandovers-display-component---AddNewHO--popup-sa"}]}
RESULT: {"script":"<script> [1562 bytes]","args":[{"selector":{"id":"application-managehandovers-display-component---AddNewHO--popup-sa","searchOpenDialogs":true,"interaction":{"idSuffix":"CbBg"}},"wdio_ui5_key":"applicationmanagehandovers-display-component---AddNewHO--popup-sa"}]}
RESULT: undefined
COMMAND: POST /session/371b8fcef450a364efde700f21fc0eae/element - {"using":"xpath","value":"//*[@id=\"application-managehandovers-display-component---AddNewHO--popup-sa\"]"}
RESULT: {"using":"xpath","value":"//*[@id=\"application-managehandovers-display-component---AddNewHO--popup-sa\"]"}
COMMAND: POST /session/371b8fcef450a364efde700f21fc0eae/element/f.FFD2F70B7356459FE22D1016ABDF7B9E.d.FE5D13F2A75596F3AFCA516E05F0685A.e.4651/click - {}
RESULT: {}
COMMAND: GET /session/371b8fcef450a364efde700f21fc0eae/screenshot - {}
RESULT: {}
COMMAND: POST /session/371b8fcef450a364efde700f21fc0eae/element - {"using":"xpath","value":"//bdi[contains(text(), \"Select\")]"}
RESULT: {"using":"xpath","value":"//bdi[contains(text(), \"Select\")]"}
COMMAND: POST /session/371b8fcef450a364efde700f21fc0eae/element/f.FFD2F70B7356459FE22D1016ABDF7B9E.d.FE5D13F2A75596F3AFCA516E05F0685A.e.4652/click - {}
RESULT: {}
COMMAND: GET /session/371b8fcef450a364efde700f21fc0eae/screenshot - {}
RESULT: {}
COMMAND: POST /session/371b8fcef450a364efde700f21fc0eae/element - {"using":"xpath","value":"//button[@data-kt=\"AddNewHOSaveButton\"]"}
RESULT: {"using":"xpath","value":"//button[@data-kt=\"AddNewHOSaveButton\"]"}
COMMAND: POST /session/371b8fcef450a364efde700f21fc0eae/element/f.FFD2F70B7356459FE22D1016ABDF7B9E.d.FE5D13F2A75596F3AFCA516E05F0685A.e.4656/click - {}
RESULT: {}
COMMAND: GET /session/371b8fcef450a364efde700f21fc0eae/screenshot - {}
RESULT: {}
COMMAND: POST /session/371b8fcef450a364efde700f21fc0eae/execute/async - {"script":"<script> [1562 bytes]","args":[{"selector":{"id":"receiptDatePicker","viewName":"etm.portal.ui.managehandovers.view.DetailExecuteHO","interaction":{"idSuffix":"inner"}},"wdio_ui5_key":"receiptDatePickeretmportal.ui.managehandovers.view.DetailExecuteHO"}]}
RESULT: {"script":"<script> [1562 bytes]","args":[{"selector":{"id":"receiptDatePicker","viewName":"etm.portal.ui.managehandovers.view.DetailExecuteHO","interaction":{"idSuffix":"inner"}},"wdio_ui5_key":"receiptDatePickeretmportal.ui.managehandovers.view.DetailExecuteHO"}]}
RESULT: undefined
COMMAND: POST /session/371b8fcef450a364efde700f21fc0eae/execute/async - {"script":"<script> [6424 bytes]","args":[{"element-6066-11e4-a52e-4f735466cecf":"f.FFD2F70B7356459FE22D1016ABDF7B9E.d.FE5D13F2A75596F3AFCA516E05F0685A.e.4688"},"setValue",["05/02/2025"]]}
RESULT: {"script":"<script> [6424 bytes]","args":[{"element-6066-11e4-a52e-4f735466cecf":"f.FFD2F70B7356459FE22D1016ABDF7B9E.d.FE5D13F2A75596F3AFCA516E05F0685A.e.4688"},"setValue",["05/02/2025"]]}
COMMAND: POST /session/371b8fcef450a364efde700f21fc0eae/element - {"using":"xpath","value":"//button[@data-kt=\"PickingTableConfirmAllButton\"]"}
RESULT: {"using":"xpath","value":"//button[@data-kt=\"PickingTableConfirmAllButton\"]"}
COMMAND: POST /session/371b8fcef450a364efde700f21fc0eae/element/f.FFD2F70B7356459FE22D1016ABDF7B9E.d.FE5D13F2A75596F3AFCA516E05F0685A.e.4703/click - {}
RESULT: {}
COMMAND: GET /session/371b8fcef450a364efde700f21fc0eae/screenshot - {}
RESULT: {}
COMMAND: POST /session/371b8fcef450a364efde700f21fc0eae/element - {"using":"xpath","value":"//bdi[contains(text(), \"OK\")]"}
RESULT: {"using":"xpath","value":"//bdi[contains(text(), \"OK\")]"}
COMMAND: POST /session/371b8fcef450a364efde700f21fc0eae/element/f.FFD2F70B7356459FE22D1016ABDF7B9E.d.FE5D13F2A75596F3AFCA516E05F0685A.e.4705/click - {}
RESULT: {}
COMMAND: GET /session/371b8fcef450a364efde700f21fc0eae/screenshot - {}
RESULT: {}
COMMAND: POST /session/371b8fcef450a364efde700f21fc0eae/element - {"using":"xpath","value":"(//bdi[contains(text(), \"Receive\")])[2]"}
RESULT: {"using":"xpath","value":"(//bdi[contains(text(), \"Receive\")])[2]"}
COMMAND: POST /session/371b8fcef450a364efde700f21fc0eae/element/f.FFD2F70B7356459FE22D1016ABDF7B9E.d.FE5D13F2A75596F3AFCA516E05F0685A.e.4707/click - {}
RESULT: {}
COMMAND: GET /session/371b8fcef450a364efde700f21fc0eae/screenshot - {}
RESULT: {}
COMMAND: POST /session/371b8fcef450a364efde700f21fc0eae/element - {"using":"css selector","value":"#shell-header-logo"}
RESULT: {"using":"css selector","value":"#shell-header-logo"}
COMMAND: POST /session/371b8fcef450a364efde700f21fc0eae/element/f.FFD2F70B7356459FE22D1016ABDF7B9E.d.FE5D13F2A75596F3AFCA516E05F0685A.e.4092/click - {}
RESULT: {}
COMMAND: GET /session/371b8fcef450a364efde700f21fc0eae/screenshot - {}
RESULT: {}
]]></system-out>
    </testcase>
    <testcase classname="chrome.135_0_7049_96.windows.Billing_Transfer_-_Master_data_&amp;_Intercompany_US127250" name="Should create a new contract" time="53.358">
      <system-out><![CDATA[
COMMAND: POST /session/371b8fcef450a364efde700f21fc0eae/execute/async - {"script":"<script> [1562 bytes]","args":[{"selector":{"controlType":"sap.m.Text","viewName":"etm.portal.ui.managecontractstile.view.Master","properties":{"text":"Manage Contracts"},"interaction":{"idSuffix":"inner"}},"wdio_ui5_key":"etmportal.ui.managecontractstile.view.Mastersap.m.Text{\"text\":\"Manage Contracts\"}"}]}
RESULT: {"script":"<script> [1562 bytes]","args":[{"selector":{"controlType":"sap.m.Text","viewName":"etm.portal.ui.managecontractstile.view.Master","properties":{"text":"Manage Contracts"},"interaction":{"idSuffix":"inner"}},"wdio_ui5_key":"etmportal.ui.managecontractstile.view.Mastersap.m.Text{\"text\":\"Manage Contracts\"}"}]}
RESULT: undefined
COMMAND: POST /session/371b8fcef450a364efde700f21fc0eae/element - {"using":"xpath","value":"//*[@id=\"__tile130-title\"]"}
RESULT: {"using":"xpath","value":"//*[@id=\"__tile130-title\"]"}
COMMAND: POST /session/371b8fcef450a364efde700f21fc0eae/element/f.FFD2F70B7356459FE22D1016ABDF7B9E.d.FE5D13F2A75596F3AFCA516E05F0685A.e.4878/click - {}
RESULT: {}
COMMAND: GET /session/371b8fcef450a364efde700f21fc0eae/screenshot - {}
RESULT: {}
COMMAND: POST /session/371b8fcef450a364efde700f21fc0eae/element - {"using":"xpath","value":"//button[@data-kt=\"addButton\"]"}
RESULT: {"using":"xpath","value":"//button[@data-kt=\"addButton\"]"}
COMMAND: POST /session/371b8fcef450a364efde700f21fc0eae/elements - {"using":"xpath","value":"//button[@data-kt=\"addButton\"]"}
RESULT: {"using":"xpath","value":"//button[@data-kt=\"addButton\"]"}
COMMAND: POST /session/371b8fcef450a364efde700f21fc0eae/elements - {"using":"xpath","value":"//button[@data-kt=\"addButton\"]"}
RESULT: {"using":"xpath","value":"//button[@data-kt=\"addButton\"]"}
COMMAND: POST /session/371b8fcef450a364efde700f21fc0eae/element - {"using":"xpath","value":"//button[@data-kt=\"addButton\"]"}
RESULT: {"using":"xpath","value":"//button[@data-kt=\"addButton\"]"}
COMMAND: POST /session/371b8fcef450a364efde700f21fc0eae/execute/sync - {"script":"<script> [8489 bytes]","args":[{"element-6066-11e4-a52e-4f735466cecf":"f.FFD2F70B7356459FE22D1016ABDF7B9E.d.FE5D13F2A75596F3AFCA516E05F0685A.e.4958","ELEMENT":"f.FFD2F70B7356459FE22D1016ABDF7B9E.d.FE5D13F2A75596F3AFCA516E05F0685A.e.4958"}]}
RESULT: {"script":"<script> [8489 bytes]","args":[{"element-6066-11e4-a52e-4f735466cecf":"f.FFD2F70B7356459FE22D1016ABDF7B9E.d.FE5D13F2A75596F3AFCA516E05F0685A.e.4958","ELEMENT":"f.FFD2F70B7356459FE22D1016ABDF7B9E.d.FE5D13F2A75596F3AFCA516E05F0685A.e.4958"}]}
COMMAND: GET /session/371b8fcef450a364efde700f21fc0eae/element/f.FFD2F70B7356459FE22D1016ABDF7B9E.d.FE5D13F2A75596F3AFCA516E05F0685A.e.4958/enabled - {}
COMMAND: GET /session/371b8fcef450a364efde700f21fc0eae/screenshot - {}
RESULT: {}
COMMAND: POST /session/371b8fcef450a364efde700f21fc0eae/execute/sync - {"script":"<script> [8489 bytes]","args":[{"element-6066-11e4-a52e-4f735466cecf":"f.FFD2F70B7356459FE22D1016ABDF7B9E.d.FE5D13F2A75596F3AFCA516E05F0685A.e.4958","ELEMENT":"f.FFD2F70B7356459FE22D1016ABDF7B9E.d.FE5D13F2A75596F3AFCA516E05F0685A.e.4958"}]}
COMMAND: GET /session/371b8fcef450a364efde700f21fc0eae/screenshot - {}
RESULT: {}
RESULT: {}
RESULT: {"script":"<script> [8489 bytes]","args":[{"element-6066-11e4-a52e-4f735466cecf":"f.FFD2F70B7356459FE22D1016ABDF7B9E.d.FE5D13F2A75596F3AFCA516E05F0685A.e.4958","ELEMENT":"f.FFD2F70B7356459FE22D1016ABDF7B9E.d.FE5D13F2A75596F3AFCA516E05F0685A.e.4958"}]}
COMMAND: POST /session/371b8fcef450a364efde700f21fc0eae/execute/sync - {"script":"<script> [5351 bytes]","args":[{"element-6066-11e4-a52e-4f735466cecf":"f.FFD2F70B7356459FE22D1016ABDF7B9E.d.FE5D13F2A75596F3AFCA516E05F0685A.e.4958","ELEMENT":"f.FFD2F70B7356459FE22D1016ABDF7B9E.d.FE5D13F2A75596F3AFCA516E05F0685A.e.4958"}]}
COMMAND: GET /session/371b8fcef450a364efde700f21fc0eae/screenshot - {}
RESULT: {"script":"<script> [5351 bytes]","args":[{"element-6066-11e4-a52e-4f735466cecf":"f.FFD2F70B7356459FE22D1016ABDF7B9E.d.FE5D13F2A75596F3AFCA516E05F0685A.e.4958","ELEMENT":"f.FFD2F70B7356459FE22D1016ABDF7B9E.d.FE5D13F2A75596F3AFCA516E05F0685A.e.4958"}]}
COMMAND: GET /session/371b8fcef450a364efde700f21fc0eae/screenshot - {}
RESULT: {}
RESULT: {}
COMMAND: POST /session/371b8fcef450a364efde700f21fc0eae/element/f.FFD2F70B7356459FE22D1016ABDF7B9E.d.FE5D13F2A75596F3AFCA516E05F0685A.e.4958/click - {}
RESULT: {}
COMMAND: GET /session/371b8fcef450a364efde700f21fc0eae/screenshot - {}
COMMAND: POST /session/371b8fcef450a364efde700f21fc0eae/execute/async - {"script":"<script> [1562 bytes]","args":[{"selector":{"id":"application-managecontracts-display-component---AddNewContract--projectDescription","interaction":{"idSuffix":"inner"}},"wdio_ui5_key":"applicationmanagecontracts-display-component---AddNewContract--projectDescription"}]}
RESULT: {}
RESULT: {"script":"<script> [1562 bytes]","args":[{"selector":{"id":"application-managecontracts-display-component---AddNewContract--projectDescription","interaction":{"idSuffix":"inner"}},"wdio_ui5_key":"applicationmanagecontracts-display-component---AddNewContract--projectDescription"}]}
RESULT: undefined
COMMAND: POST /session/371b8fcef450a364efde700f21fc0eae/execute/async - {"script":"<script> [776 bytes]","args":[{"enterText":"Intercompany Contract WDIO","selector":{"id":"application-managecontracts-display-component---AddNewContract--projectDescription","interaction":{"idSuffix":"inner"}},"clearTextFirst":true,"interactionType":"ENTER_TEXT"}]}
RESULT: {"script":"<script> [776 bytes]","args":[{"enterText":"Intercompany Contract WDIO","selector":{"id":"application-managecontracts-display-component---AddNewContract--projectDescription","interaction":{"idSuffix":"inner"}},"clearTextFirst":true,"interactionType":"ENTER_TEXT"}]}
COMMAND: POST /session/371b8fcef450a364efde700f21fc0eae/element - {"using":"xpath","value":"//input[@id=\"application-managecontracts-display-component---AddNewContract--site-inner\"]"}
RESULT: {"using":"xpath","value":"//input[@id=\"application-managecontracts-display-component---AddNewContract--site-inner\"]"}
COMMAND: POST /session/371b8fcef450a364efde700f21fc0eae/element/f.FFD2F70B7356459FE22D1016ABDF7B9E.d.FE5D13F2A75596F3AFCA516E05F0685A.e.5247/clear - {}
RESULT: {}
COMMAND: POST /session/371b8fcef450a364efde700f21fc0eae/element/f.FFD2F70B7356459FE22D1016ABDF7B9E.d.FE5D13F2A75596F3AFCA516E05F0685A.e.5247/value - {"text":"2346"}
COMMAND: GET /session/371b8fcef450a364efde700f21fc0eae/screenshot - {}
RESULT: {"text":"2346"}
COMMAND: GET /session/371b8fcef450a364efde700f21fc0eae/screenshot - {}
RESULT: {}
RESULT: {}
COMMAND: POST /session/371b8fcef450a364efde700f21fc0eae/element - {"using":"xpath","value":"//li[.//span[text()='2346']]"}
RESULT: {"using":"xpath","value":"//li[.//span[text()='2346']]"}
COMMAND: POST /session/371b8fcef450a364efde700f21fc0eae/element/f.FFD2F70B7356459FE22D1016ABDF7B9E.d.FE5D13F2A75596F3AFCA516E05F0685A.e.5271/click - {}
RESULT: {}
COMMAND: GET /session/371b8fcef450a364efde700f21fc0eae/screenshot - {}
RESULT: {}
COMMAND: POST /session/371b8fcef450a364efde700f21fc0eae/element - {"using":"xpath","value":"//input[@id=\"application-managecontracts-display-component---AddNewContract--yardId-inner\"]"}
RESULT: {"using":"xpath","value":"//input[@id=\"application-managecontracts-display-component---AddNewContract--yardId-inner\"]"}
COMMAND: GET /session/371b8fcef450a364efde700f21fc0eae/element/f.FFD2F70B7356459FE22D1016ABDF7B9E.d.FE5D13F2A75596F3AFCA516E05F0685A.e.5248/property/value - {}
RESULT: {}
COMMAND: POST /session/371b8fcef450a364efde700f21fc0eae/element - {"using":"xpath","value":"//input[@id=\"application-managecontracts-display-component---AddNewContract--customerSelect-inner\"]"}
COMMAND: GET /session/371b8fcef450a364efde700f21fc0eae/screenshot - {}
RESULT: {"using":"xpath","value":"//input[@id=\"application-managecontracts-display-component---AddNewContract--customerSelect-inner\"]"}
COMMAND: POST /session/371b8fcef450a364efde700f21fc0eae/element/f.FFD2F70B7356459FE22D1016ABDF7B9E.d.FE5D13F2A75596F3AFCA516E05F0685A.e.5246/clear - {}
RESULT: {}
RESULT: {}
COMMAND: POST /session/371b8fcef450a364efde700f21fc0eae/element/f.FFD2F70B7356459FE22D1016ABDF7B9E.d.FE5D13F2A75596F3AFCA516E05F0685A.e.5246/value - {"text":"1384"}
COMMAND: GET /session/371b8fcef450a364efde700f21fc0eae/screenshot - {}
RESULT: {"text":"1384"}
COMMAND: GET /session/371b8fcef450a364efde700f21fc0eae/screenshot - {}
RESULT: {}
RESULT: {}
COMMAND: POST /session/371b8fcef450a364efde700f21fc0eae/element - {"using":"xpath","value":"//li[.//span[text()='1384']]"}
RESULT: {"using":"xpath","value":"//li[.//span[text()='1384']]"}
COMMAND: POST /session/371b8fcef450a364efde700f21fc0eae/element/f.FFD2F70B7356459FE22D1016ABDF7B9E.d.FE5D13F2A75596F3AFCA516E05F0685A.e.5274/click - {}
RESULT: {}
COMMAND: GET /session/371b8fcef450a364efde700f21fc0eae/screenshot - {}
RESULT: {}
COMMAND: POST /session/371b8fcef450a364efde700f21fc0eae/element - {"using":"xpath","value":"//button[@data-kt=\"saveButton\"]"}
RESULT: {"using":"xpath","value":"//button[@data-kt=\"saveButton\"]"}
COMMAND: POST /session/371b8fcef450a364efde700f21fc0eae/element/f.FFD2F70B7356459FE22D1016ABDF7B9E.d.FE5D13F2A75596F3AFCA516E05F0685A.e.5264/click - {}
RESULT: {}
COMMAND: GET /session/371b8fcef450a364efde700f21fc0eae/screenshot - {}
RESULT: {}
COMMAND: POST /session/371b8fcef450a364efde700f21fc0eae/element - {"using":"xpath","value":"//span[contains(@id ,\"contractDetailTitleNoExpanded\")]"}
RESULT: {"using":"xpath","value":"//span[contains(@id ,\"contractDetailTitleNoExpanded\")]"}
COMMAND: POST /session/371b8fcef450a364efde700f21fc0eae/elements - {"using":"xpath","value":"//span[contains(@id ,\"contractDetailTitleNoExpanded\")]"}
RESULT: {"using":"xpath","value":"//span[contains(@id ,\"contractDetailTitleNoExpanded\")]"}
COMMAND: POST /session/371b8fcef450a364efde700f21fc0eae/execute/sync - {"script":"<script> [56 bytes]","args":[{"element-6066-11e4-a52e-4f735466cecf":"f.FFD2F70B7356459FE22D1016ABDF7B9E.d.FE5D13F2A75596F3AFCA516E05F0685A.e.5346","ELEMENT":"f.FFD2F70B7356459FE22D1016ABDF7B9E.d.FE5D13F2A75596F3AFCA516E05F0685A.e.5346"}]}
RESULT: {"script":"<script> [56 bytes]","args":[{"element-6066-11e4-a52e-4f735466cecf":"f.FFD2F70B7356459FE22D1016ABDF7B9E.d.FE5D13F2A75596F3AFCA516E05F0685A.e.5346","ELEMENT":"f.FFD2F70B7356459FE22D1016ABDF7B9E.d.FE5D13F2A75596F3AFCA516E05F0685A.e.5346"}]}
COMMAND: GET /session/371b8fcef450a364efde700f21fc0eae/screenshot - {}
RESULT: {}
]]></system-out>
    </testcase>
    <testcase classname="chrome.135_0_7049_96.windows.Billing_Transfer_-_Master_data_&amp;_Intercompany_US127250" name="Should add equipment to the contract" time="46.721">
      <system-out><![CDATA[
COMMAND: POST /session/371b8fcef450a364efde700f21fc0eae/element - {"using":"xpath","value":"//button[@data-kt=\"contractDetailEditBtnButton\"]"}
RESULT: {"using":"xpath","value":"//button[@data-kt=\"contractDetailEditBtnButton\"]"}
COMMAND: POST /session/371b8fcef450a364efde700f21fc0eae/element/f.FFD2F70B7356459FE22D1016ABDF7B9E.d.FE5D13F2A75596F3AFCA516E05F0685A.e.5347/click - {}
RESULT: {}
COMMAND: GET /session/371b8fcef450a364efde700f21fc0eae/screenshot - {}
RESULT: {}
COMMAND: POST /session/371b8fcef450a364efde700f21fc0eae/element - {"using":"xpath","value":"(//span[contains(text(), \"Additional Addresses\")])[2]"}
RESULT: {"using":"xpath","value":"(//span[contains(text(), \"Additional Addresses\")])[2]"}
COMMAND: POST /session/371b8fcef450a364efde700f21fc0eae/element/f.FFD2F70B7356459FE22D1016ABDF7B9E.d.FE5D13F2A75596F3AFCA516E05F0685A.e.5401/click - {}
RESULT: {}
COMMAND: GET /session/371b8fcef450a364efde700f21fc0eae/screenshot - {}
RESULT: {}
COMMAND: POST /session/371b8fcef450a364efde700f21fc0eae/element - {"using":"xpath","value":"//button[@data-kt=\"btnAddTableRowOverflowToolbarButton\"]"}
RESULT: {"using":"xpath","value":"//button[@data-kt=\"btnAddTableRowOverflowToolbarButton\"]"}
COMMAND: POST /session/371b8fcef450a364efde700f21fc0eae/element/f.FFD2F70B7356459FE22D1016ABDF7B9E.d.FE5D13F2A75596F3AFCA516E05F0685A.e.5405/click - {}
RESULT: {}
COMMAND: GET /session/371b8fcef450a364efde700f21fc0eae/screenshot - {}
RESULT: {}
COMMAND: POST /session/371b8fcef450a364efde700f21fc0eae/element - {"using":"xpath","value":"//div[(text() = 'Standard Entry' or . = 'Standard Entry')]"}
RESULT: {"using":"xpath","value":"//div[(text() = 'Standard Entry' or . = 'Standard Entry')]"}
COMMAND: POST /session/371b8fcef450a364efde700f21fc0eae/element/f.FFD2F70B7356459FE22D1016ABDF7B9E.d.FE5D13F2A75596F3AFCA516E05F0685A.e.5407/click - {}
RESULT: {}
COMMAND: GET /session/371b8fcef450a364efde700f21fc0eae/screenshot - {}
RESULT: {}
COMMAND: POST /session/371b8fcef450a364efde700f21fc0eae/element - {"using":"xpath","value":"//td[7]/div/div/input"}
RESULT: {"using":"xpath","value":"//td[7]/div/div/input"}
COMMAND: POST /session/371b8fcef450a364efde700f21fc0eae/element/f.FFD2F70B7356459FE22D1016ABDF7B9E.d.FE5D13F2A75596F3AFCA516E05F0685A.e.5416/clear - {}
RESULT: {}
COMMAND: POST /session/371b8fcef450a364efde700f21fc0eae/element/f.FFD2F70B7356459FE22D1016ABDF7B9E.d.FE5D13F2A75596F3AFCA516E05F0685A.e.5416/value - {"text":"o6CoYObrgM"}
COMMAND: GET /session/371b8fcef450a364efde700f21fc0eae/screenshot - {}
RESULT: {"text":"o6CoYObrgM"}
COMMAND: GET /session/371b8fcef450a364efde700f21fc0eae/screenshot - {}
RESULT: {}
RESULT: {}
COMMAND: POST /session/371b8fcef450a364efde700f21fc0eae/actions - {"actions":[{"id":"action18","type":"key","parameters":{},"actions":[{"type":"keyDown","value":"î€‡"},{"type":"pause","duration":10},{"type":"keyUp","value":"î€‡"}]}]}
RESULT: {"actions":[{"id":"action18","type":"key","parameters":{},"actions":[{"type":"keyDown","value":"î€‡"},{"type":"pause","duration":10},{"type":"keyUp","value":"î€‡"}]}]}
COMMAND: GET /session/371b8fcef450a364efde700f21fc0eae/screenshot - {}
RESULT: {}
COMMAND: POST /session/371b8fcef450a364efde700f21fc0eae/execute/sync - {"script":"<script> [276 bytes]","args":["No pricing information was found"]}
RESULT: {"script":"<script> [276 bytes]","args":["No pricing information was found"]}
COMMAND: POST /session/371b8fcef450a364efde700f21fc0eae/element - {"using":"xpath","value":"(//button[@data-kt=\"saveButton\"])[2]"}
COMMAND: GET /session/371b8fcef450a364efde700f21fc0eae/screenshot - {}
RESULT: {"using":"xpath","value":"(//button[@data-kt=\"saveButton\"])[2]"}
COMMAND: POST /session/371b8fcef450a364efde700f21fc0eae/element/f.FFD2F70B7356459FE22D1016ABDF7B9E.d.FE5D13F2A75596F3AFCA516E05F0685A.e.5431/click - {}
RESULT: {}
RESULT: {}
COMMAND: GET /session/371b8fcef450a364efde700f21fc0eae/screenshot - {}
RESULT: {}
COMMAND: POST /session/371b8fcef450a364efde700f21fc0eae/execute/sync - {"script":"<script> [276 bytes]","args":["Some contract items are having rental validity exceeding header rental validity"]}
RESULT: {"script":"<script> [276 bytes]","args":["Some contract items are having rental validity exceeding header rental validity"]}
COMMAND: GET /session/371b8fcef450a364efde700f21fc0eae/screenshot - {}
RESULT: {}
COMMAND: POST /session/371b8fcef450a364efde700f21fc0eae/element - {"using":"xpath","value":"//span[contains(@id ,\"contractItemsSmartTable-header-inner\")]"}
RESULT: {"using":"xpath","value":"//span[contains(@id ,\"contractItemsSmartTable-header-inner\")]"}
COMMAND: POST /session/371b8fcef450a364efde700f21fc0eae/elements - {"using":"xpath","value":"//span[contains(@id ,\"contractItemsSmartTable-header-inner\")]"}
RESULT: {"using":"xpath","value":"//span[contains(@id ,\"contractItemsSmartTable-header-inner\")]"}
COMMAND: POST /session/371b8fcef450a364efde700f21fc0eae/execute/sync - {"script":"<script> [56 bytes]","args":[{"element-6066-11e4-a52e-4f735466cecf":"f.FFD2F70B7356459FE22D1016ABDF7B9E.d.FE5D13F2A75596F3AFCA516E05F0685A.e.5438","ELEMENT":"f.FFD2F70B7356459FE22D1016ABDF7B9E.d.FE5D13F2A75596F3AFCA516E05F0685A.e.5438"}]}
RESULT: {"script":"<script> [56 bytes]","args":[{"element-6066-11e4-a52e-4f735466cecf":"f.FFD2F70B7356459FE22D1016ABDF7B9E.d.FE5D13F2A75596F3AFCA516E05F0685A.e.5438","ELEMENT":"f.FFD2F70B7356459FE22D1016ABDF7B9E.d.FE5D13F2A75596F3AFCA516E05F0685A.e.5438"}]}
COMMAND: GET /session/371b8fcef450a364efde700f21fc0eae/screenshot - {}
]]></system-out>
    </testcase>
    <testcase classname="chrome.135_0_7049_96.windows.Billing_Transfer_-_Master_data_&amp;_Intercompany_US127250" name="Should do a provide to site handover" time="51.358">
      <system-out><![CDATA[
COMMAND: POST /session/371b8fcef450a364efde700f21fc0eae/element - {"using":"xpath","value":"//button[@data-kt=\"provideButton\"]"}
RESULT: {}
RESULT: {"using":"xpath","value":"//button[@data-kt=\"provideButton\"]"}
COMMAND: POST /session/371b8fcef450a364efde700f21fc0eae/element/f.FFD2F70B7356459FE22D1016ABDF7B9E.d.FE5D13F2A75596F3AFCA516E05F0685A.e.5439/click - {}
RESULT: {}
COMMAND: GET /session/371b8fcef450a364efde700f21fc0eae/screenshot - {}
RESULT: undefined
COMMAND: POST /session/371b8fcef450a364efde700f21fc0eae/execute/async - {"script":"<script> [6424 bytes]","args":[{"element-6066-11e4-a52e-4f735466cecf":"f.FFD2F70B7356459FE22D1016ABDF7B9E.d.FE5D13F2A75596F3AFCA516E05F0685A.e.4469"},"setValue",["05/02/2025"]]}
RESULT: {}
COMMAND: POST /session/371b8fcef450a364efde700f21fc0eae/execute/async - {"script":"<script> [1562 bytes]","args":[{"selector":{"id":"application-managehandovers-display-component---AddNewHO--dueDate","interaction":{"idSuffix":"inner"}},"wdio_ui5_key":"applicationmanagehandovers-display-component---AddNewHO--dueDate"}]}
RESULT: {"script":"<script> [1562 bytes]","args":[{"selector":{"id":"application-managehandovers-display-component---AddNewHO--dueDate","interaction":{"idSuffix":"inner"}},"wdio_ui5_key":"applicationmanagehandovers-display-component---AddNewHO--dueDate"}]}
COMMAND: POST /session/371b8fcef450a364efde700f21fc0eae/execute/async - {"script":"<script> [6424 bytes]","args":[{"element-6066-11e4-a52e-4f735466cecf":"f.FFD2F70B7356459FE22D1016ABDF7B9E.d.FE5D13F2A75596F3AFCA516E05F0685A.e.5529"},"setValue",["05/02/2025"]]}
RESULT: {"script":"<script> [6424 bytes]","args":[{"element-6066-11e4-a52e-4f735466cecf":"f.FFD2F70B7356459FE22D1016ABDF7B9E.d.FE5D13F2A75596F3AFCA516E05F0685A.e.5529"},"setValue",["05/02/2025"]]}
COMMAND: POST /session/371b8fcef450a364efde700f21fc0eae/element - {"using":"xpath","value":"//bdi[contains(text(), \"Instructions\")]"}
RESULT: {"using":"xpath","value":"//bdi[contains(text(), \"Instructions\")]"}
COMMAND: POST /session/371b8fcef450a364efde700f21fc0eae/element/f.FFD2F70B7356459FE22D1016ABDF7B9E.d.FE5D13F2A75596F3AFCA516E05F0685A.e.5746/click - {}
RESULT: {}
COMMAND: GET /session/371b8fcef450a364efde700f21fc0eae/screenshot - {}
RESULT: {}
COMMAND: POST /session/371b8fcef450a364efde700f21fc0eae/element - {"using":"xpath","value":"//button[@data-kt=\"AddNewHOProvideAddItemsButton\"]"}
RESULT: {"using":"xpath","value":"//button[@data-kt=\"AddNewHOProvideAddItemsButton\"]"}
COMMAND: POST /session/371b8fcef450a364efde700f21fc0eae/element/f.FFD2F70B7356459FE22D1016ABDF7B9E.d.FE5D13F2A75596F3AFCA516E05F0685A.e.5750/click - {}
RESULT: {}
COMMAND: GET /session/371b8fcef450a364efde700f21fc0eae/screenshot - {}
RESULT: {}
RESULT: undefined
COMMAND: POST /session/371b8fcef450a364efde700f21fc0eae/element - {"using":"xpath","value":"//*[@id=\"application-managehandovers-display-component---AddNewHO--popup-sa\"]"}
RESULT: {"using":"xpath","value":"//*[@id=\"application-managehandovers-display-component---AddNewHO--popup-sa\"]"}
COMMAND: POST /session/371b8fcef450a364efde700f21fc0eae/element/f.FFD2F70B7356459FE22D1016ABDF7B9E.d.FE5D13F2A75596F3AFCA516E05F0685A.e.5760/click - {}
RESULT: {}
COMMAND: GET /session/371b8fcef450a364efde700f21fc0eae/screenshot - {}
RESULT: {}
COMMAND: POST /session/371b8fcef450a364efde700f21fc0eae/element - {"using":"xpath","value":"//*[contains(@id ,\"BDI-content\")][contains(text(), \"Select\")]"}
RESULT: {"using":"xpath","value":"//*[contains(@id ,\"BDI-content\")][contains(text(), \"Select\")]"}
COMMAND: POST /session/371b8fcef450a364efde700f21fc0eae/element/f.FFD2F70B7356459FE22D1016ABDF7B9E.d.FE5D13F2A75596F3AFCA516E05F0685A.e.5761/click - {}
RESULT: {}
COMMAND: GET /session/371b8fcef450a364efde700f21fc0eae/screenshot - {}
RESULT: {}
COMMAND: POST /session/371b8fcef450a364efde700f21fc0eae/execute/async - {"script":"<script> [1562 bytes]","args":[{"selector":{"id":"application-managehandovers-display-component---AddNewHO--confirmCreationButton","interaction":{"idSuffix":"BDI-content"}},"wdio_ui5_key":"applicationmanagehandovers-display-component---AddNewHO--confirmCreationButton"}]}
RESULT: {"script":"<script> [1562 bytes]","args":[{"selector":{"id":"application-managehandovers-display-component---AddNewHO--confirmCreationButton","interaction":{"idSuffix":"BDI-content"}},"wdio_ui5_key":"applicationmanagehandovers-display-component---AddNewHO--confirmCreationButton"}]}
RESULT: undefined
COMMAND: POST /session/371b8fcef450a364efde700f21fc0eae/element - {"using":"xpath","value":"//*[@id=\"application-managehandovers-display-component---AddNewHO--confirmCreationButton\"]"}
RESULT: {"using":"xpath","value":"//*[@id=\"application-managehandovers-display-component---AddNewHO--confirmCreationButton\"]"}
COMMAND: POST /session/371b8fcef450a364efde700f21fc0eae/element/f.FFD2F70B7356459FE22D1016ABDF7B9E.d.FE5D13F2A75596F3AFCA516E05F0685A.e.5576/click - {}
RESULT: {}
COMMAND: GET /session/371b8fcef450a364efde700f21fc0eae/screenshot - {}
RESULT: {}
COMMAND: POST /session/371b8fcef450a364efde700f21fc0eae/element - {"using":"xpath","value":"//button[@data-kt=\"PickingTableConfirmAllButton\"]"}
RESULT: {"using":"xpath","value":"//button[@data-kt=\"PickingTableConfirmAllButton\"]"}
COMMAND: POST /session/371b8fcef450a364efde700f21fc0eae/elements - {"using":"xpath","value":"//button[@data-kt=\"PickingTableConfirmAllButton\"]"}
RESULT: {"using":"xpath","value":"//button[@data-kt=\"PickingTableConfirmAllButton\"]"}
COMMAND: POST /session/371b8fcef450a364efde700f21fc0eae/elements - {"using":"xpath","value":"//button[@data-kt=\"PickingTableConfirmAllButton\"]"}
RESULT: {"using":"xpath","value":"//button[@data-kt=\"PickingTableConfirmAllButton\"]"}
COMMAND: POST /session/371b8fcef450a364efde700f21fc0eae/element - {"using":"xpath","value":"//button[@data-kt=\"PickingTableConfirmAllButton\"]"}
RESULT: {"using":"xpath","value":"//button[@data-kt=\"PickingTableConfirmAllButton\"]"}
COMMAND: POST /session/371b8fcef450a364efde700f21fc0eae/element/f.FFD2F70B7356459FE22D1016ABDF7B9E.d.FE5D13F2A75596F3AFCA516E05F0685A.e.5797/click - {}
COMMAND: POST /session/371b8fcef450a364efde700f21fc0eae/element - {"using":"xpath","value":"//button[@data-kt=\"PickingTableConfirmAllButton\"]"}
RESULT: {"using":"xpath","value":"//button[@data-kt=\"PickingTableConfirmAllButton\"]"}
COMMAND: POST /session/371b8fcef450a364efde700f21fc0eae/element/f.FFD2F70B7356459FE22D1016ABDF7B9E.d.FE5D13F2A75596F3AFCA516E05F0685A.e.5797/click - {}
COMMAND: POST /session/371b8fcef450a364efde700f21fc0eae/element - {"using":"xpath","value":"//button[@data-kt=\"PickingTableConfirmAllButton\"]"}
RESULT: {"using":"xpath","value":"//button[@data-kt=\"PickingTableConfirmAllButton\"]"}
COMMAND: POST /session/371b8fcef450a364efde700f21fc0eae/element/f.FFD2F70B7356459FE22D1016ABDF7B9E.d.FE5D13F2A75596F3AFCA516E05F0685A.e.5808/click - {}
RESULT: {}
COMMAND: GET /session/371b8fcef450a364efde700f21fc0eae/screenshot - {}
RESULT: {}
COMMAND: POST /session/371b8fcef450a364efde700f21fc0eae/element - {"using":"xpath","value":"//bdi[contains(text(), \"OK\")]"}
RESULT: {"using":"xpath","value":"//bdi[contains(text(), \"OK\")]"}
COMMAND: POST /session/371b8fcef450a364efde700f21fc0eae/element/f.FFD2F70B7356459FE22D1016ABDF7B9E.d.FE5D13F2A75596F3AFCA516E05F0685A.e.5819/click - {}
RESULT: {}
COMMAND: GET /session/371b8fcef450a364efde700f21fc0eae/screenshot - {}
RESULT: {}
COMMAND: POST /session/371b8fcef450a364efde700f21fc0eae/element - {"using":"xpath","value":"//bdi[contains(text(), \"Issue\")]"}
RESULT: {"using":"xpath","value":"//bdi[contains(text(), \"Issue\")]"}
COMMAND: POST /session/371b8fcef450a364efde700f21fc0eae/element/f.FFD2F70B7356459FE22D1016ABDF7B9E.d.FE5D13F2A75596F3AFCA516E05F0685A.e.5821/click - {}
RESULT: {}
COMMAND: GET /session/371b8fcef450a364efde700f21fc0eae/screenshot - {}
RESULT: {}
COMMAND: POST /session/371b8fcef450a364efde700f21fc0eae/element - {"using":"css selector","value":"#shell-header-logo"}
RESULT: {"using":"css selector","value":"#shell-header-logo"}
COMMAND: POST /session/371b8fcef450a364efde700f21fc0eae/element/f.FFD2F70B7356459FE22D1016ABDF7B9E.d.FE5D13F2A75596F3AFCA516E05F0685A.e.4881/click - {}
RESULT: {}
COMMAND: GET /session/371b8fcef450a364efde700f21fc0eae/screenshot - {}
RESULT: {}
]]></system-out>
    </testcase>
    <testcase classname="chrome.135_0_7049_96.windows.Billing_Transfer_-_Master_data_&amp;_Intercompany_US127250" name="Should go navigate to Manage Billings and trigger contract calculation check result" time="55.42">
      <system-out><![CDATA[
COMMAND: POST /session/371b8fcef450a364efde700f21fc0eae/execute/async - {"script":"<script> [1562 bytes]","args":[{"selector":{"controlType":"sap.m.GenericTile","properties":{"header":"Manage Billings"}},"wdio_ui5_key":"sapm.GenericTile{\"header\":\"Manage Billings\"}"}]}
RESULT: {"script":"<script> [1562 bytes]","args":[{"selector":{"controlType":"sap.m.GenericTile","properties":{"header":"Manage Billings"}},"wdio_ui5_key":"sapm.GenericTile{\"header\":\"Manage Billings\"}"}]}
RESULT: undefined
COMMAND: POST /session/371b8fcef450a364efde700f21fc0eae/element - {"using":"xpath","value":"//*[@id=\"__tile91\"]"}
RESULT: {"using":"xpath","value":"//*[@id=\"__tile91\"]"}
COMMAND: POST /session/371b8fcef450a364efde700f21fc0eae/element/f.FFD2F70B7356459FE22D1016ABDF7B9E.d.FE5D13F2A75596F3AFCA516E05F0685A.e.2864/click - {}
RESULT: {}
COMMAND: GET /session/371b8fcef450a364efde700f21fc0eae/screenshot - {}
RESULT: {}
COMMAND: POST /session/371b8fcef450a364efde700f21fc0eae/execute/async - {"script":"<script> [1562 bytes]","args":[{"selector":{"id":"application-managebillings-display-component---billRunCalcResult--smartFilterBar-btnBasicSearch","interaction":{"idSuffix":"I"}},"wdio_ui5_key":"applicationmanagebillings-display-component---billRunCalcResult--smartFilterBar-btnBasicSearch"}]}
RESULT: {"script":"<script> [1562 bytes]","args":[{"selector":{"id":"application-managebillings-display-component---billRunCalcResult--smartFilterBar-btnBasicSearch","interaction":{"idSuffix":"I"}},"wdio_ui5_key":"applicationmanagebillings-display-component---billRunCalcResult--smartFilterBar-btnBasicSearch"}]}
RESULT: undefined
COMMAND: POST /session/371b8fcef450a364efde700f21fc0eae/execute/async - {"script":"<script> [776 bytes]","args":[{"enterText":"10463","selector":{"id":"application-managebillings-display-component---billRunCalcResult--smartFilterBar-btnBasicSearch","interaction":{"idSuffix":"I"}},"clearTextFirst":true,"interactionType":"ENTER_TEXT"}]}
RESULT: {"script":"<script> [776 bytes]","args":[{"enterText":"10463","selector":{"id":"application-managebillings-display-component---billRunCalcResult--smartFilterBar-btnBasicSearch","interaction":{"idSuffix":"I"}},"clearTextFirst":true,"interactionType":"ENTER_TEXT"}]}
COMMAND: POST /session/371b8fcef450a364efde700f21fc0eae/actions - {"actions":[{"id":"action19","type":"key","parameters":{},"actions":[{"type":"keyDown","value":"î€‡"},{"type":"pause","duration":10},{"type":"keyUp","value":"î€‡"}]}]}
RESULT: {"actions":[{"id":"action19","type":"key","parameters":{},"actions":[{"type":"keyDown","value":"î€‡"},{"type":"pause","duration":10},{"type":"keyUp","value":"î€‡"}]}]}
COMMAND: GET /session/371b8fcef450a364efde700f21fc0eae/screenshot - {}
RESULT: {}
COMMAND: POST /session/371b8fcef450a364efde700f21fc0eae/element - {"using":"xpath","value":"//td[@aria-colindex=\"1\"]/div/div[contains(@class, \"sapMCbBg\")]"}
RESULT: {"using":"xpath","value":"//td[@aria-colindex=\"1\"]/div/div[contains(@class, \"sapMCbBg\")]"}
COMMAND: POST /session/371b8fcef450a364efde700f21fc0eae/element/f.FFD2F70B7356459FE22D1016ABDF7B9E.d.FE5D13F2A75596F3AFCA516E05F0685A.e.6325/click - {}
RESULT: {}
COMMAND: GET /session/371b8fcef450a364efde700f21fc0eae/screenshot - {}
RESULT: {}
COMMAND: POST /session/371b8fcef450a364efde700f21fc0eae/execute/async - {"script":"<script> [1562 bytes]","args":[{"selector":{"id":"application-managebillings-display-component---billRunCalcResult--contractBillRunDate","interaction":{"idSuffix":"inner"}},"wdio_ui5_key":"applicationmanagebillings-display-component---billRunCalcResult--contractBillRunDate"}]}
RESULT: {"script":"<script> [1562 bytes]","args":[{"selector":{"id":"application-managebillings-display-component---billRunCalcResult--contractBillRunDate","interaction":{"idSuffix":"inner"}},"wdio_ui5_key":"applicationmanagebillings-display-component---billRunCalcResult--contractBillRunDate"}]}
RESULT: undefined
COMMAND: POST /session/371b8fcef450a364efde700f21fc0eae/execute/async - {"script":"<script> [776 bytes]","args":[{"enterText":"06/02/25","selector":{"id":"application-managebillings-display-component---billRunCalcResult--contractBillRunDate","interaction":{"idSuffix":"inner"}},"clearTextFirst":true,"interactionType":"ENTER_TEXT"}]}
RESULT: {"script":"<script> [776 bytes]","args":[{"enterText":"06/02/25","selector":{"id":"application-managebillings-display-component---billRunCalcResult--contractBillRunDate","interaction":{"idSuffix":"inner"}},"clearTextFirst":true,"interactionType":"ENTER_TEXT"}]}
COMMAND: POST /session/371b8fcef450a364efde700f21fc0eae/element - {"using":"xpath","value":"//bdi[contains(text(), \"Trigger Calculation\")]"}
RESULT: {"using":"xpath","value":"//bdi[contains(text(), \"Trigger Calculation\")]"}
COMMAND: POST /session/371b8fcef450a364efde700f21fc0eae/element/f.FFD2F70B7356459FE22D1016ABDF7B9E.d.FE5D13F2A75596F3AFCA516E05F0685A.e.6375/click - {}
RESULT: {}
COMMAND: GET /session/371b8fcef450a364efde700f21fc0eae/screenshot - {}
RESULT: {}
COMMAND: POST /session/371b8fcef450a364efde700f21fc0eae/element - {"using":"xpath","value":"(//span[contains(@id, \"imgNav\")])[1]"}
RESULT: {"using":"xpath","value":"(//span[contains(@id, \"imgNav\")])[1]"}
COMMAND: POST /session/371b8fcef450a364efde700f21fc0eae/element/f.FFD2F70B7356459FE22D1016ABDF7B9E.d.FE5D13F2A75596F3AFCA516E05F0685A.e.6326/click - {}
RESULT: {}
COMMAND: GET /session/371b8fcef450a364efde700f21fc0eae/screenshot - {}
RESULT: {}
COMMAND: POST /session/371b8fcef450a364efde700f21fc0eae/element - {"using":"xpath","value":"//tr/td[6]/div[1]/span[1]/span[1]"}
RESULT: {"using":"xpath","value":"//tr/td[6]/div[1]/span[1]/span[1]"}
COMMAND: GET /session/371b8fcef450a364efde700f21fc0eae/element/f.FFD2F70B7356459FE22D1016ABDF7B9E.d.FE5D13F2A75596F3AFCA516E05F0685A.e.6379/text - {}
RESULT: {}
COMMAND: POST /session/371b8fcef450a364efde700f21fc0eae/element - {"using":"xpath","value":"(//span[contains(@id, \"imgNav\")])[2]"}
RESULT: {"using":"xpath","value":"(//span[contains(@id, \"imgNav\")])[2]"}
COMMAND: POST /session/371b8fcef450a364efde700f21fc0eae/element/f.FFD2F70B7356459FE22D1016ABDF7B9E.d.FE5D13F2A75596F3AFCA516E05F0685A.e.6380/click - {}
RESULT: {}
COMMAND: POST /session/371b8fcef450a364efde700f21fc0eae/element - {"using":"xpath","value":"//bdi[contains(text(), \"Business Confirm\")]"}
COMMAND: GET /session/371b8fcef450a364efde700f21fc0eae/screenshot - {}
RESULT: {"using":"xpath","value":"//bdi[contains(text(), \"Business Confirm\")]"}
COMMAND: POST /session/371b8fcef450a364efde700f21fc0eae/elements - {"using":"xpath","value":"//bdi[contains(text(), \"Business Confirm\")]"}
RESULT: {}
RESULT: {"using":"xpath","value":"//bdi[contains(text(), \"Business Confirm\")]"}
COMMAND: POST /session/371b8fcef450a364efde700f21fc0eae/element - {"using":"xpath","value":"//bdi[contains(text(), \"Business Confirm\")]"}
RESULT: {"using":"xpath","value":"//bdi[contains(text(), \"Business Confirm\")]"}
COMMAND: POST /session/371b8fcef450a364efde700f21fc0eae/element/f.FFD2F70B7356459FE22D1016ABDF7B9E.d.FE5D13F2A75596F3AFCA516E05F0685A.e.6434/click - {}
RESULT: {}
COMMAND: POST /session/371b8fcef450a364efde700f21fc0eae/element - {"using":"css selector","value":"#shell-header-logo"}
COMMAND: GET /session/371b8fcef450a364efde700f21fc0eae/screenshot - {}
RESULT: {"using":"css selector","value":"#shell-header-logo"}
COMMAND: POST /session/371b8fcef450a364efde700f21fc0eae/element/f.FFD2F70B7356459FE22D1016ABDF7B9E.d.FE5D13F2A75596F3AFCA516E05F0685A.e.6115/click - {}
RESULT: {}
RESULT: {}
COMMAND: GET /session/371b8fcef450a364efde700f21fc0eae/screenshot - {}
RESULT: {}
]]></system-out>
    </testcase>
  </testsuite>
  <testsuite timestamp="2025-05-02T17:33:41" time="950.097" tests="12" failures="0" errors="0" skipped="0">
    <properties>
      <property name="specId" value="0" />
      <property name="suiteName" value="Billing Transfer - Intracompany US127249" />
      <property name="capabilities" value="chrome.135_0_7049_96.windows" />
      <property name="file" value="file:///D:/a/1/s/test/specs/BTS/billing-transfer-intracompany.spec.js" />
    </properties>
    <testcase classname="chrome.135_0_7049_96.windows.Billing_Transfer_-_Intracompany_US127249" name="Should create a new yard" time="112.201">
      <system-out><![CDATA[
COMMAND: POST /session/371b8fcef450a364efde700f21fc0eae/window/fullscreen - {}
RESULT: {}
COMMAND: POST /session/371b8fcef450a364efde700f21fc0eae/execute/async - {"script":"<script> [1562 bytes]","args":[{"selector":{"controlType":"sap.m.GenericTile","properties":{"header":"Manage Yards"}},"wdio_ui5_key":"sapm.GenericTile{\"header\":\"Manage Yards\"}"}]}
RESULT: {"script":"<script> [1562 bytes]","args":[{"selector":{"controlType":"sap.m.GenericTile","properties":{"header":"Manage Yards"}},"wdio_ui5_key":"sapm.GenericTile{\"header\":\"Manage Yards\"}"}]}
RESULT: undefined
COMMAND: POST /session/371b8fcef450a364efde700f21fc0eae/element - {"using":"xpath","value":"//*[@id=\"__tile41\"]"}
RESULT: {"using":"xpath","value":"//*[@id=\"__tile41\"]"}
COMMAND: POST /session/371b8fcef450a364efde700f21fc0eae/element/f.FFD2F70B7356459FE22D1016ABDF7B9E.d.D04CFF6C92A155010BEECF0181BE8A75.e.7060/click - {}
RESULT: {}
COMMAND: POST /session/371b8fcef450a364efde700f21fc0eae/element - {"using":"xpath","value":"//button[@data-kt=\"addNewYardOverflowToolbarButton\"]"}
COMMAND: GET /session/371b8fcef450a364efde700f21fc0eae/screenshot - {}
RESULT: {"using":"xpath","value":"//button[@data-kt=\"addNewYardOverflowToolbarButton\"]"}
COMMAND: POST /session/371b8fcef450a364efde700f21fc0eae/elements - {"using":"xpath","value":"//button[@data-kt=\"addNewYardOverflowToolbarButton\"]"}
RESULT: {}
RESULT: {"using":"xpath","value":"//button[@data-kt=\"addNewYardOverflowToolbarButton\"]"}
COMMAND: POST /session/371b8fcef450a364efde700f21fc0eae/elements - {"using":"xpath","value":"//button[@data-kt=\"addNewYardOverflowToolbarButton\"]"}
RESULT: {"using":"xpath","value":"//button[@data-kt=\"addNewYardOverflowToolbarButton\"]"}
COMMAND: POST /session/371b8fcef450a364efde700f21fc0eae/elements - {"using":"xpath","value":"//button[@data-kt=\"addNewYardOverflowToolbarButton\"]"}
RESULT: {"using":"xpath","value":"//button[@data-kt=\"addNewYardOverflowToolbarButton\"]"}
COMMAND: POST /session/371b8fcef450a364efde700f21fc0eae/elements - {"using":"xpath","value":"//button[@data-kt=\"addNewYardOverflowToolbarButton\"]"}
RESULT: {"using":"xpath","value":"//button[@data-kt=\"addNewYardOverflowToolbarButton\"]"}
COMMAND: POST /session/371b8fcef450a364efde700f21fc0eae/elements - {"using":"xpath","value":"//button[@data-kt=\"addNewYardOverflowToolbarButton\"]"}
RESULT: {"using":"xpath","value":"//button[@data-kt=\"addNewYardOverflowToolbarButton\"]"}
COMMAND: POST /session/371b8fcef450a364efde700f21fc0eae/elements - {"using":"xpath","value":"//button[@data-kt=\"addNewYardOverflowToolbarButton\"]"}
RESULT: {"using":"xpath","value":"//button[@data-kt=\"addNewYardOverflowToolbarButton\"]"}
COMMAND: POST /session/371b8fcef450a364efde700f21fc0eae/elements - {"using":"xpath","value":"//button[@data-kt=\"addNewYardOverflowToolbarButton\"]"}
RESULT: {"using":"xpath","value":"//button[@data-kt=\"addNewYardOverflowToolbarButton\"]"}
COMMAND: POST /session/371b8fcef450a364efde700f21fc0eae/elements - {"using":"xpath","value":"//button[@data-kt=\"addNewYardOverflowToolbarButton\"]"}
RESULT: {"using":"xpath","value":"//button[@data-kt=\"addNewYardOverflowToolbarButton\"]"}
COMMAND: POST /session/371b8fcef450a364efde700f21fc0eae/elements - {"using":"xpath","value":"//button[@data-kt=\"addNewYardOverflowToolbarButton\"]"}
RESULT: {"using":"xpath","value":"//button[@data-kt=\"addNewYardOverflowToolbarButton\"]"}
COMMAND: POST /session/371b8fcef450a364efde700f21fc0eae/elements - {"using":"xpath","value":"//button[@data-kt=\"addNewYardOverflowToolbarButton\"]"}
RESULT: {"using":"xpath","value":"//button[@data-kt=\"addNewYardOverflowToolbarButton\"]"}
COMMAND: POST /session/371b8fcef450a364efde700f21fc0eae/elements - {"using":"xpath","value":"//button[@data-kt=\"addNewYardOverflowToolbarButton\"]"}
RESULT: {"using":"xpath","value":"//button[@data-kt=\"addNewYardOverflowToolbarButton\"]"}
COMMAND: POST /session/371b8fcef450a364efde700f21fc0eae/elements - {"using":"xpath","value":"//button[@data-kt=\"addNewYardOverflowToolbarButton\"]"}
RESULT: {"using":"xpath","value":"//button[@data-kt=\"addNewYardOverflowToolbarButton\"]"}
COMMAND: POST /session/371b8fcef450a364efde700f21fc0eae/elements - {"using":"xpath","value":"//button[@data-kt=\"addNewYardOverflowToolbarButton\"]"}
RESULT: {"using":"xpath","value":"//button[@data-kt=\"addNewYardOverflowToolbarButton\"]"}
COMMAND: POST /session/371b8fcef450a364efde700f21fc0eae/elements - {"using":"xpath","value":"//button[@data-kt=\"addNewYardOverflowToolbarButton\"]"}
RESULT: {"using":"xpath","value":"//button[@data-kt=\"addNewYardOverflowToolbarButton\"]"}
COMMAND: POST /session/371b8fcef450a364efde700f21fc0eae/elements - {"using":"xpath","value":"//button[@data-kt=\"addNewYardOverflowToolbarButton\"]"}
RESULT: {"using":"xpath","value":"//button[@data-kt=\"addNewYardOverflowToolbarButton\"]"}
COMMAND: POST /session/371b8fcef450a364efde700f21fc0eae/elements - {"using":"xpath","value":"//button[@data-kt=\"addNewYardOverflowToolbarButton\"]"}
RESULT: {"using":"xpath","value":"//button[@data-kt=\"addNewYardOverflowToolbarButton\"]"}
COMMAND: POST /session/371b8fcef450a364efde700f21fc0eae/elements - {"using":"xpath","value":"//button[@data-kt=\"addNewYardOverflowToolbarButton\"]"}
RESULT: {"using":"xpath","value":"//button[@data-kt=\"addNewYardOverflowToolbarButton\"]"}
COMMAND: POST /session/371b8fcef450a364efde700f21fc0eae/elements - {"using":"xpath","value":"//button[@data-kt=\"addNewYardOverflowToolbarButton\"]"}
RESULT: {"using":"xpath","value":"//button[@data-kt=\"addNewYardOverflowToolbarButton\"]"}
COMMAND: POST /session/371b8fcef450a364efde700f21fc0eae/elements - {"using":"xpath","value":"//button[@data-kt=\"addNewYardOverflowToolbarButton\"]"}
RESULT: {"using":"xpath","value":"//button[@data-kt=\"addNewYardOverflowToolbarButton\"]"}
COMMAND: POST /session/371b8fcef450a364efde700f21fc0eae/elements - {"using":"xpath","value":"//button[@data-kt=\"addNewYardOverflowToolbarButton\"]"}
RESULT: {"using":"xpath","value":"//button[@data-kt=\"addNewYardOverflowToolbarButton\"]"}
COMMAND: POST /session/371b8fcef450a364efde700f21fc0eae/elements - {"using":"xpath","value":"//button[@data-kt=\"addNewYardOverflowToolbarButton\"]"}
RESULT: {"using":"xpath","value":"//button[@data-kt=\"addNewYardOverflowToolbarButton\"]"}
COMMAND: POST /session/371b8fcef450a364efde700f21fc0eae/elements - {"using":"xpath","value":"//button[@data-kt=\"addNewYardOverflowToolbarButton\"]"}
RESULT: {"using":"xpath","value":"//button[@data-kt=\"addNewYardOverflowToolbarButton\"]"}
COMMAND: POST /session/371b8fcef450a364efde700f21fc0eae/elements - {"using":"xpath","value":"//button[@data-kt=\"addNewYardOverflowToolbarButton\"]"}
RESULT: {"using":"xpath","value":"//button[@data-kt=\"addNewYardOverflowToolbarButton\"]"}
COMMAND: POST /session/371b8fcef450a364efde700f21fc0eae/elements - {"using":"xpath","value":"//button[@data-kt=\"addNewYardOverflowToolbarButton\"]"}
RESULT: {"using":"xpath","value":"//button[@data-kt=\"addNewYardOverflowToolbarButton\"]"}
COMMAND: POST /session/371b8fcef450a364efde700f21fc0eae/elements - {"using":"xpath","value":"//button[@data-kt=\"addNewYardOverflowToolbarButton\"]"}
RESULT: {"using":"xpath","value":"//button[@data-kt=\"addNewYardOverflowToolbarButton\"]"}
COMMAND: POST /session/371b8fcef450a364efde700f21fc0eae/elements - {"using":"xpath","value":"//button[@data-kt=\"addNewYardOverflowToolbarButton\"]"}
RESULT: {"using":"xpath","value":"//button[@data-kt=\"addNewYardOverflowToolbarButton\"]"}
COMMAND: POST /session/371b8fcef450a364efde700f21fc0eae/elements - {"using":"xpath","value":"//button[@data-kt=\"addNewYardOverflowToolbarButton\"]"}
RESULT: {"using":"xpath","value":"//button[@data-kt=\"addNewYardOverflowToolbarButton\"]"}
COMMAND: POST /session/371b8fcef450a364efde700f21fc0eae/elements - {"using":"xpath","value":"//button[@data-kt=\"addNewYardOverflowToolbarButton\"]"}
RESULT: {"using":"xpath","value":"//button[@data-kt=\"addNewYardOverflowToolbarButton\"]"}
COMMAND: POST /session/371b8fcef450a364efde700f21fc0eae/elements - {"using":"xpath","value":"//button[@data-kt=\"addNewYardOverflowToolbarButton\"]"}
RESULT: {"using":"xpath","value":"//button[@data-kt=\"addNewYardOverflowToolbarButton\"]"}
COMMAND: POST /session/371b8fcef450a364efde700f21fc0eae/elements - {"using":"xpath","value":"//button[@data-kt=\"addNewYardOverflowToolbarButton\"]"}
RESULT: {"using":"xpath","value":"//button[@data-kt=\"addNewYardOverflowToolbarButton\"]"}
COMMAND: POST /session/371b8fcef450a364efde700f21fc0eae/elements - {"using":"xpath","value":"//button[@data-kt=\"addNewYardOverflowToolbarButton\"]"}
RESULT: {"using":"xpath","value":"//button[@data-kt=\"addNewYardOverflowToolbarButton\"]"}
COMMAND: POST /session/371b8fcef450a364efde700f21fc0eae/elements - {"using":"xpath","value":"//button[@data-kt=\"addNewYardOverflowToolbarButton\"]"}
RESULT: {"using":"xpath","value":"//button[@data-kt=\"addNewYardOverflowToolbarButton\"]"}
COMMAND: POST /session/371b8fcef450a364efde700f21fc0eae/element - {"using":"xpath","value":"//button[@data-kt=\"addNewYardOverflowToolbarButton\"]"}
RESULT: {"using":"xpath","value":"//button[@data-kt=\"addNewYardOverflowToolbarButton\"]"}
COMMAND: POST /session/371b8fcef450a364efde700f21fc0eae/execute/sync - {"script":"<script> [8489 bytes]","args":[{"element-6066-11e4-a52e-4f735466cecf":"f.FFD2F70B7356459FE22D1016ABDF7B9E.d.D04CFF6C92A155010BEECF0181BE8A75.e.7194","ELEMENT":"f.FFD2F70B7356459FE22D1016ABDF7B9E.d.D04CFF6C92A155010BEECF0181BE8A75.e.7194"}]}
RESULT: {"script":"<script> [8489 bytes]","args":[{"element-6066-11e4-a52e-4f735466cecf":"f.FFD2F70B7356459FE22D1016ABDF7B9E.d.D04CFF6C92A155010BEECF0181BE8A75.e.7194","ELEMENT":"f.FFD2F70B7356459FE22D1016ABDF7B9E.d.D04CFF6C92A155010BEECF0181BE8A75.e.7194"}]}
COMMAND: GET /session/371b8fcef450a364efde700f21fc0eae/element/f.FFD2F70B7356459FE22D1016ABDF7B9E.d.D04CFF6C92A155010BEECF0181BE8A75.e.7194/enabled - {}
COMMAND: GET /session/371b8fcef450a364efde700f21fc0eae/screenshot - {}
RESULT: {}
COMMAND: POST /session/371b8fcef450a364efde700f21fc0eae/execute/sync - {"script":"<script> [8489 bytes]","args":[{"element-6066-11e4-a52e-4f735466cecf":"f.FFD2F70B7356459FE22D1016ABDF7B9E.d.D04CFF6C92A155010BEECF0181BE8A75.e.7194","ELEMENT":"f.FFD2F70B7356459FE22D1016ABDF7B9E.d.D04CFF6C92A155010BEECF0181BE8A75.e.7194"}]}
COMMAND: GET /session/371b8fcef450a364efde700f21fc0eae/screenshot - {}
RESULT: {}
RESULT: {"script":"<script> [8489 bytes]","args":[{"element-6066-11e4-a52e-4f735466cecf":"f.FFD2F70B7356459FE22D1016ABDF7B9E.d.D04CFF6C92A155010BEECF0181BE8A75.e.7194","ELEMENT":"f.FFD2F70B7356459FE22D1016ABDF7B9E.d.D04CFF6C92A155010BEECF0181BE8A75.e.7194"}]}
COMMAND: POST /session/371b8fcef450a364efde700f21fc0eae/execute/sync - {"script":"<script> [5351 bytes]","args":[{"element-6066-11e4-a52e-4f735466cecf":"f.FFD2F70B7356459FE22D1016ABDF7B9E.d.D04CFF6C92A155010BEECF0181BE8A75.e.7194","ELEMENT":"f.FFD2F70B7356459FE22D1016ABDF7B9E.d.D04CFF6C92A155010BEECF0181BE8A75.e.7194"}]}
COMMAND: GET /session/371b8fcef450a364efde700f21fc0eae/screenshot - {}
RESULT: {}
RESULT: {"script":"<script> [5351 bytes]","args":[{"element-6066-11e4-a52e-4f735466cecf":"f.FFD2F70B7356459FE22D1016ABDF7B9E.d.D04CFF6C92A155010BEECF0181BE8A75.e.7194","ELEMENT":"f.FFD2F70B7356459FE22D1016ABDF7B9E.d.D04CFF6C92A155010BEECF0181BE8A75.e.7194"}]}
COMMAND: POST /session/371b8fcef450a364efde700f21fc0eae/element/f.FFD2F70B7356459FE22D1016ABDF7B9E.d.D04CFF6C92A155010BEECF0181BE8A75.e.7194/click - {}
COMMAND: GET /session/371b8fcef450a364efde700f21fc0eae/screenshot - {}
RESULT: {}
RESULT: {}
COMMAND: GET /session/371b8fcef450a364efde700f21fc0eae/screenshot - {}
RESULT: {}
RESULT: {}
COMMAND: POST /session/371b8fcef450a364efde700f21fc0eae/element - {"using":"xpath","value":"//input[@id=\"application-manageyards-display-component---NewYard--yardId-inner\"]"}
RESULT: {"using":"xpath","value":"//input[@id=\"application-manageyards-display-component---NewYard--yardId-inner\"]"}
COMMAND: POST /session/371b8fcef450a364efde700f21fc0eae/element - {"using":"xpath","value":"//input[@id=\"application-manageyards-display-component---NewYard--yardId-inner\"]"}
RESULT: {"using":"xpath","value":"//input[@id=\"application-manageyards-display-component---NewYard--yardId-inner\"]"}
COMMAND: POST /session/371b8fcef450a364efde700f21fc0eae/execute/async - {"script":"<script> [1562 bytes]","args":[{"selector":{"id":"application-manageyards-display-component---NewYard--addressDetailDetailsName1","interaction":{"idSuffix":"inner"}},"wdio_ui5_key":"applicationmanageyards-display-component---NewYard--addressDetailDetailsName1"}]}
RESULT: {"script":"<script> [1562 bytes]","args":[{"selector":{"id":"application-manageyards-display-component---NewYard--addressDetailDetailsName1","interaction":{"idSuffix":"inner"}},"wdio_ui5_key":"applicationmanageyards-display-component---NewYard--addressDetailDetailsName1"}]}
RESULT: undefined
COMMAND: POST /session/371b8fcef450a364efde700f21fc0eae/execute/async - {"script":"<script> [776 bytes]","args":[{"enterText":"Intracompany Yard wdIO","selector":{"id":"application-manageyards-display-component---NewYard--addressDetailDetailsName1","interaction":{"idSuffix":"inner"}},"clearTextFirst":true,"interactionType":"ENTER_TEXT"}]}
RESULT: {"script":"<script> [776 bytes]","args":[{"enterText":"Intracompany Yard wdIO","selector":{"id":"application-manageyards-display-component---NewYard--addressDetailDetailsName1","interaction":{"idSuffix":"inner"}},"clearTextFirst":true,"interactionType":"ENTER_TEXT"}]}
COMMAND: POST /session/371b8fcef450a364efde700f21fc0eae/execute/async - {"script":"<script> [1562 bytes]","args":[{"selector":{"id":"application-manageyards-display-component---NewYard--addressDetailDetailsLanguage-arrow"},"wdio_ui5_key":"applicationmanageyards-display-component---NewYard--addressDetailDetailsLanguage-arrow"}]}
RESULT: {"script":"<script> [1562 bytes]","args":[{"selector":{"id":"application-manageyards-display-component---NewYard--addressDetailDetailsLanguage-arrow"},"wdio_ui5_key":"applicationmanageyards-display-component---NewYard--addressDetailDetailsLanguage-arrow"}]}
RESULT: undefined
COMMAND: POST /session/371b8fcef450a364efde700f21fc0eae/element - {"using":"xpath","value":"//*[@id=\"application-manageyards-display-component---NewYard--addressDetailDetailsLanguage-arrow\"]"}
RESULT: {"using":"xpath","value":"//*[@id=\"application-manageyards-display-component---NewYard--addressDetailDetailsLanguage-arrow\"]"}
COMMAND: POST /session/371b8fcef450a364efde700f21fc0eae/element/f.FFD2F70B7356459FE22D1016ABDF7B9E.d.D04CFF6C92A155010BEECF0181BE8A75.e.7629/click - {}
RESULT: {}
COMMAND: POST /session/371b8fcef450a364efde700f21fc0eae/element - {"using":"xpath","value":"//span[contains(text(), \"English\")]"}
COMMAND: GET /session/371b8fcef450a364efde700f21fc0eae/screenshot - {}
RESULT: {"using":"xpath","value":"//span[contains(text(), \"English\")]"}
COMMAND: POST /session/371b8fcef450a364efde700f21fc0eae/element/f.FFD2F70B7356459FE22D1016ABDF7B9E.d.D04CFF6C92A155010BEECF0181BE8A75.e.7630/click - {}
RESULT: {}
RESULT: {}
COMMAND: POST /session/371b8fcef450a364efde700f21fc0eae/execute/async - {"script":"<script> [1562 bytes]","args":[{"selector":{"id":"application-manageyards-display-component---NewYard--addressDetailDetailsCity1","interaction":{"idSuffix":"inner"}},"wdio_ui5_key":"applicationmanageyards-display-component---NewYard--addressDetailDetailsCity1"}]}
COMMAND: GET /session/371b8fcef450a364efde700f21fc0eae/screenshot - {}
RESULT: {"script":"<script> [1562 bytes]","args":[{"selector":{"id":"application-manageyards-display-component---NewYard--addressDetailDetailsCity1","interaction":{"idSuffix":"inner"}},"wdio_ui5_key":"applicationmanageyards-display-component---NewYard--addressDetailDetailsCity1"}]}
RESULT: undefined
COMMAND: POST /session/371b8fcef450a364efde700f21fc0eae/execute/async - {"script":"<script> [776 bytes]","args":[{"enterText":"Rosario","selector":{"id":"application-manageyards-display-component---NewYard--addressDetailDetailsCity1","interaction":{"idSuffix":"inner"}},"clearTextFirst":true,"interactionType":"ENTER_TEXT"}]}
RESULT: {}
RESULT: {"script":"<script> [776 bytes]","args":[{"enterText":"Rosario","selector":{"id":"application-manageyards-display-component---NewYard--addressDetailDetailsCity1","interaction":{"idSuffix":"inner"}},"clearTextFirst":true,"interactionType":"ENTER_TEXT"}]}
COMMAND: POST /session/371b8fcef450a364efde700f21fc0eae/execute/async - {"script":"<script> [1562 bytes]","args":[{"selector":{"id":"application-manageyards-display-component---NewYard--addressDetailDetailsCountry-arrow"},"wdio_ui5_key":"applicationmanageyards-display-component---NewYard--addressDetailDetailsCountry-arrow"}]}
RESULT: {"script":"<script> [1562 bytes]","args":[{"selector":{"id":"application-manageyards-display-component---NewYard--addressDetailDetailsCountry-arrow"},"wdio_ui5_key":"applicationmanageyards-display-component---NewYard--addressDetailDetailsCountry-arrow"}]}
RESULT: undefined
COMMAND: POST /session/371b8fcef450a364efde700f21fc0eae/element - {"using":"xpath","value":"//*[@id=\"application-manageyards-display-component---NewYard--addressDetailDetailsCountry-arrow\"]"}
RESULT: {"using":"xpath","value":"//*[@id=\"application-manageyards-display-component---NewYard--addressDetailDetailsCountry-arrow\"]"}
COMMAND: POST /session/371b8fcef450a364efde700f21fc0eae/element/f.FFD2F70B7356459FE22D1016ABDF7B9E.d.D04CFF6C92A155010BEECF0181BE8A75.e.7632/click - {}
RESULT: {}
COMMAND: POST /session/371b8fcef450a364efde700f21fc0eae/element - {"using":"xpath","value":"//span[contains(text(), \"Argentina\")]"}
COMMAND: GET /session/371b8fcef450a364efde700f21fc0eae/screenshot - {}
RESULT: {"using":"xpath","value":"//span[contains(text(), \"Argentina\")]"}
COMMAND: POST /session/371b8fcef450a364efde700f21fc0eae/element/f.FFD2F70B7356459FE22D1016ABDF7B9E.d.D04CFF6C92A155010BEECF0181BE8A75.e.7633/click - {}
RESULT: {}
RESULT: {}
COMMAND: POST /session/371b8fcef450a364efde700f21fc0eae/execute/async - {"script":"<script> [1562 bytes]","args":[{"selector":{"id":"application-manageyards-display-component---NewYard--addressEditDetailsCostObjectCstType-arrow"},"wdio_ui5_key":"applicationmanageyards-display-component---NewYard--addressEditDetailsCostObjectCstType-arrow"}]}
COMMAND: GET /session/371b8fcef450a364efde700f21fc0eae/screenshot - {}
RESULT: {"script":"<script> [1562 bytes]","args":[{"selector":{"id":"application-manageyards-display-component---NewYard--addressEditDetailsCostObjectCstType-arrow"},"wdio_ui5_key":"applicationmanageyards-display-component---NewYard--addressEditDetailsCostObjectCstType-arrow"}]}
RESULT: undefined
COMMAND: POST /session/371b8fcef450a364efde700f21fc0eae/element - {"using":"xpath","value":"//*[@id=\"application-manageyards-display-component---NewYard--addressEditDetailsCostObjectCstType-arrow\"]"}
RESULT: {}
RESULT: {"using":"xpath","value":"//*[@id=\"application-manageyards-display-component---NewYard--addressEditDetailsCostObjectCstType-arrow\"]"}
COMMAND: POST /session/371b8fcef450a364efde700f21fc0eae/element/f.FFD2F70B7356459FE22D1016ABDF7B9E.d.D04CFF6C92A155010BEECF0181BE8A75.e.7635/click - {}
RESULT: {}
COMMAND: POST /session/371b8fcef450a364efde700f21fc0eae/element - {"using":"xpath","value":"//span[contains(text(), \"Cost Center\")]"}
COMMAND: GET /session/371b8fcef450a364efde700f21fc0eae/screenshot - {}
RESULT: {"using":"xpath","value":"//span[contains(text(), \"Cost Center\")]"}
COMMAND: POST /session/371b8fcef450a364efde700f21fc0eae/element/f.FFD2F70B7356459FE22D1016ABDF7B9E.d.D04CFF6C92A155010BEECF0181BE8A75.e.7636/click - {}
RESULT: {}
RESULT: {}
COMMAND: GET /session/371b8fcef450a364efde700f21fc0eae/screenshot - {}
RESULT: {}
COMMAND: POST /session/371b8fcef450a364efde700f21fc0eae/element - {"using":"xpath","value":"//span[@id=\"application-manageyards-display-component---NewYard--addressNewCostObjectCstID-vhi\"]"}
RESULT: {"using":"xpath","value":"//span[@id=\"application-manageyards-display-component---NewYard--addressNewCostObjectCstID-vhi\"]"}
COMMAND: POST /session/371b8fcef450a364efde700f21fc0eae/execute/sync - {"script":"<script> [8489 bytes]","args":[{"element-6066-11e4-a52e-4f735466cecf":"f.FFD2F70B7356459FE22D1016ABDF7B9E.d.D04CFF6C92A155010BEECF0181BE8A75.e.7640","ELEMENT":"f.FFD2F70B7356459FE22D1016ABDF7B9E.d.D04CFF6C92A155010BEECF0181BE8A75.e.7640"}]}
RESULT: {"script":"<script> [8489 bytes]","args":[{"element-6066-11e4-a52e-4f735466cecf":"f.FFD2F70B7356459FE22D1016ABDF7B9E.d.D04CFF6C92A155010BEECF0181BE8A75.e.7640","ELEMENT":"f.FFD2F70B7356459FE22D1016ABDF7B9E.d.D04CFF6C92A155010BEECF0181BE8A75.e.7640"}]}
COMMAND: POST /session/371b8fcef450a364efde700f21fc0eae/execute/async - {"script":"<script> [1562 bytes]","args":[{"selector":{"id":"application-manageyards-display-component---NewYard--addressNewCostObjectCstID-vhi"},"wdio_ui5_key":"applicationmanageyards-display-component---NewYard--addressNewCostObjectCstID-vhi"}]}
COMMAND: GET /session/371b8fcef450a364efde700f21fc0eae/screenshot - {}
RESULT: {}
RESULT: {"script":"<script> [1562 bytes]","args":[{"selector":{"id":"application-manageyards-display-component---NewYard--addressNewCostObjectCstID-vhi"},"wdio_ui5_key":"applicationmanageyards-display-component---NewYard--addressNewCostObjectCstID-vhi"}]}
RESULT: undefined
COMMAND: POST /session/371b8fcef450a364efde700f21fc0eae/element - {"using":"xpath","value":"//*[@id=\"application-manageyards-display-component---NewYard--addressNewCostObjectCstID-vhi\"]"}
RESULT: {"using":"xpath","value":"//*[@id=\"application-manageyards-display-component---NewYard--addressNewCostObjectCstID-vhi\"]"}
COMMAND: POST /session/371b8fcef450a364efde700f21fc0eae/element/f.FFD2F70B7356459FE22D1016ABDF7B9E.d.D04CFF6C92A155010BEECF0181BE8A75.e.7640/click - {}
RESULT: {}
COMMAND: GET /session/371b8fcef450a364efde700f21fc0eae/screenshot - {}
RESULT: {}
COMMAND: POST /session/371b8fcef450a364efde700f21fc0eae/execute/async - {"script":"<script> [1562 bytes]","args":[{"selector":{"controlType":"sap.m.SearchField","properties":{"placeholder":"Search"},"searchOpenDialogs":true,"interaction":{"idSuffix":"I"}},"wdio_ui5_key":"sapm.SearchField{\"placeholder\":\"Search\"}"}]}
RESULT: {"script":"<script> [1562 bytes]","args":[{"selector":{"controlType":"sap.m.SearchField","properties":{"placeholder":"Search"},"searchOpenDialogs":true,"interaction":{"idSuffix":"I"}},"wdio_ui5_key":"sapm.SearchField{\"placeholder\":\"Search\"}"}]}
RESULT: undefined
COMMAND: POST /session/371b8fcef450a364efde700f21fc0eae/execute/async - {"script":"<script> [776 bytes]","args":[{"enterText":"10001013","selector":{"controlType":"sap.m.SearchField","properties":{"placeholder":"Search"},"searchOpenDialogs":true,"interaction":{"idSuffix":"I"}},"clearTextFirst":true,"interactionType":"ENTER_TEXT"}]}
RESULT: {"script":"<script> [776 bytes]","args":[{"enterText":"10001013","selector":{"controlType":"sap.m.SearchField","properties":{"placeholder":"Search"},"searchOpenDialogs":true,"interaction":{"idSuffix":"I"}},"clearTextFirst":true,"interactionType":"ENTER_TEXT"}]}
COMMAND: POST /session/371b8fcef450a364efde700f21fc0eae/actions - {"actions":[{"id":"action21","type":"key","parameters":{},"actions":[{"type":"keyDown","value":"î€‡"},{"type":"pause","duration":10},{"type":"keyUp","value":"î€‡"}]}]}
RESULT: {"actions":[{"id":"action21","type":"key","parameters":{},"actions":[{"type":"keyDown","value":"î€‡"},{"type":"pause","duration":10},{"type":"keyUp","value":"î€‡"}]}]}
COMMAND: GET /session/371b8fcef450a364efde700f21fc0eae/screenshot - {}
RESULT: {}
COMMAND: POST /session/371b8fcef450a364efde700f21fc0eae/element - {"using":"xpath","value":"//span[contains(text(), \"General Management\")]"}
RESULT: {"using":"xpath","value":"//span[contains(text(), \"General Management\")]"}
COMMAND: POST /session/371b8fcef450a364efde700f21fc0eae/element/f.FFD2F70B7356459FE22D1016ABDF7B9E.d.D04CFF6C92A155010BEECF0181BE8A75.e.7681/click - {}
RESULT: {}
COMMAND: GET /session/371b8fcef450a364efde700f21fc0eae/screenshot - {}
RESULT: {}
COMMAND: POST /session/371b8fcef450a364efde700f21fc0eae/element - {"using":"xpath","value":"//bdi[contains(text(), \"OK\")]"}
RESULT: {"using":"xpath","value":"//bdi[contains(text(), \"OK\")]"}
COMMAND: POST /session/371b8fcef450a364efde700f21fc0eae/element/f.FFD2F70B7356459FE22D1016ABDF7B9E.d.D04CFF6C92A155010BEECF0181BE8A75.e.7682/click - {}
RESULT: {}
COMMAND: GET /session/371b8fcef450a364efde700f21fc0eae/screenshot - {}
RESULT: {}
COMMAND: POST /session/371b8fcef450a364efde700f21fc0eae/execute/async - {"script":"<script> [1562 bytes]","args":[{"selector":{"id":"application-manageyards-display-component---NewYard--addressEditDetailsCurrency-arrow"},"wdio_ui5_key":"applicationmanageyards-display-component---NewYard--addressEditDetailsCurrency-arrow"}]}
RESULT: {"script":"<script> [1562 bytes]","args":[{"selector":{"id":"application-manageyards-display-component---NewYard--addressEditDetailsCurrency-arrow"},"wdio_ui5_key":"applicationmanageyards-display-component---NewYard--addressEditDetailsCurrency-arrow"}]}
RESULT: undefined
COMMAND: POST /session/371b8fcef450a364efde700f21fc0eae/element - {"using":"xpath","value":"//*[@id=\"application-manageyards-display-component---NewYard--addressEditDetailsCurrency-arrow\"]"}
RESULT: {"using":"xpath","value":"//*[@id=\"application-manageyards-display-component---NewYard--addressEditDetailsCurrency-arrow\"]"}
COMMAND: POST /session/371b8fcef450a364efde700f21fc0eae/element/f.FFD2F70B7356459FE22D1016ABDF7B9E.d.D04CFF6C92A155010BEECF0181BE8A75.e.7685/click - {}
RESULT: {}
COMMAND: POST /session/371b8fcef450a364efde700f21fc0eae/element - {"using":"xpath","value":"//span[contains(text(), \"Euro\")]"}
COMMAND: GET /session/371b8fcef450a364efde700f21fc0eae/screenshot - {}
RESULT: {"using":"xpath","value":"//span[contains(text(), \"Euro\")]"}
COMMAND: POST /session/371b8fcef450a364efde700f21fc0eae/element/f.FFD2F70B7356459FE22D1016ABDF7B9E.d.D04CFF6C92A155010BEECF0181BE8A75.e.7686/click - {}
RESULT: {}
RESULT: {}
COMMAND: POST /session/371b8fcef450a364efde700f21fc0eae/execute/async - {"script":"<script> [1562 bytes]","args":[{"selector":{"controlType":"sap.m.Input","viewName":"etm.portal.ui.manageyards.view.New","viewId":"application-manageyards-display-component---NewYard","bindingPath":{"path":"","propertyPath":"/CONTROLLING_AREA","modelName":"NewYardModel"},"interaction":{"idSuffix":"inner"}},"wdio_ui5_key":"etmportal.ui.manageyards.view.Newsap.m.Input{\"path\":\"\",\"propertyPath\":\"/CONTROLLING_AREA\",\"modelName\":\"NewYardModel\"}"}]}
COMMAND: GET /session/371b8fcef450a364efde700f21fc0eae/screenshot - {}
RESULT: {"script":"<script> [1562 bytes]","args":[{"selector":{"controlType":"sap.m.Input","viewName":"etm.portal.ui.manageyards.view.New","viewId":"application-manageyards-display-component---NewYard","bindingPath":{"path":"","propertyPath":"/CONTROLLING_AREA","modelName":"NewYardModel"},"interaction":{"idSuffix":"inner"}},"wdio_ui5_key":"etmportal.ui.manageyards.view.Newsap.m.Input{\"path\":\"\",\"propertyPath\":\"/CONTROLLING_AREA\",\"modelName\":\"NewYardModel\"}"}]}
RESULT: undefined
COMMAND: POST /session/371b8fcef450a364efde700f21fc0eae/execute/async - {"script":"<script> [776 bytes]","args":[{"enterText":"Z001","selector":{"controlType":"sap.m.Input","viewName":"etm.portal.ui.manageyards.view.New","viewId":"application-manageyards-display-component---NewYard","bindingPath":{"path":"","propertyPath":"/CONTROLLING_AREA","modelName":"NewYardModel"},"interaction":{"idSuffix":"inner"}},"clearTextFirst":true,"interactionType":"ENTER_TEXT"}]}
RESULT: {}
RESULT: {"script":"<script> [776 bytes]","args":[{"enterText":"Z001","selector":{"controlType":"sap.m.Input","viewName":"etm.portal.ui.manageyards.view.New","viewId":"application-manageyards-display-component---NewYard","bindingPath":{"path":"","propertyPath":"/CONTROLLING_AREA","modelName":"NewYardModel"},"interaction":{"idSuffix":"inner"}},"clearTextFirst":true,"interactionType":"ENTER_TEXT"}]}
COMMAND: POST /session/371b8fcef450a364efde700f21fc0eae/execute/async - {"script":"<script> [1562 bytes]","args":[{"selector":{"id":"application-manageyards-display-component---NewYard--companyCodeComboBox","interaction":{"idSuffix":"inner"}},"wdio_ui5_key":"applicationmanageyards-display-component---NewYard--companyCodeComboBox"}]}
RESULT: {"script":"<script> [1562 bytes]","args":[{"selector":{"id":"application-manageyards-display-component---NewYard--companyCodeComboBox","interaction":{"idSuffix":"inner"}},"wdio_ui5_key":"applicationmanageyards-display-component---NewYard--companyCodeComboBox"}]}
RESULT: undefined
COMMAND: POST /session/371b8fcef450a364efde700f21fc0eae/execute/async - {"script":"<script> [776 bytes]","args":[{"enterText":"1000","selector":{"id":"application-manageyards-display-component---NewYard--companyCodeComboBox","interaction":{"idSuffix":"inner"}},"clearTextFirst":true,"interactionType":"ENTER_TEXT"}]}
RESULT: {"script":"<script> [776 bytes]","args":[{"enterText":"1000","selector":{"id":"application-manageyards-display-component---NewYard--companyCodeComboBox","interaction":{"idSuffix":"inner"}},"clearTextFirst":true,"interactionType":"ENTER_TEXT"}]}
COMMAND: POST /session/371b8fcef450a364efde700f21fc0eae/execute/async - {"script":"<script> [1562 bytes]","args":[{"selector":{"controlType":"sap.m.Input","viewName":"etm.portal.ui.manageyards.view.New","viewId":"application-manageyards-display-component---NewYard","bindingPath":{"path":"","propertyPath":"/PLANT","modelName":"NewYardModel"},"interaction":{"idSuffix":"inner"}},"wdio_ui5_key":"etmportal.ui.manageyards.view.Newsap.m.Input{\"path\":\"\",\"propertyPath\":\"/PLANT\",\"modelName\":\"NewYardModel\"}"}]}
RESULT: {"script":"<script> [1562 bytes]","args":[{"selector":{"controlType":"sap.m.Input","viewName":"etm.portal.ui.manageyards.view.New","viewId":"application-manageyards-display-component---NewYard","bindingPath":{"path":"","propertyPath":"/PLANT","modelName":"NewYardModel"},"interaction":{"idSuffix":"inner"}},"wdio_ui5_key":"etmportal.ui.manageyards.view.Newsap.m.Input{\"path\":\"\",\"propertyPath\":\"/PLANT\",\"modelName\":\"NewYardModel\"}"}]}
RESULT: undefined
COMMAND: POST /session/371b8fcef450a364efde700f21fc0eae/execute/async - {"script":"<script> [776 bytes]","args":[{"enterText":"1001","selector":{"controlType":"sap.m.Input","viewName":"etm.portal.ui.manageyards.view.New","viewId":"application-manageyards-display-component---NewYard","bindingPath":{"path":"","propertyPath":"/PLANT","modelName":"NewYardModel"},"interaction":{"idSuffix":"inner"}},"clearTextFirst":true,"interactionType":"ENTER_TEXT"}]}
RESULT: {"script":"<script> [776 bytes]","args":[{"enterText":"1001","selector":{"controlType":"sap.m.Input","viewName":"etm.portal.ui.manageyards.view.New","viewId":"application-manageyards-display-component---NewYard","bindingPath":{"path":"","propertyPath":"/PLANT","modelName":"NewYardModel"},"interaction":{"idSuffix":"inner"}},"clearTextFirst":true,"interactionType":"ENTER_TEXT"}]}
COMMAND: POST /session/371b8fcef450a364efde700f21fc0eae/execute/async - {"script":"<script> [1562 bytes]","args":[{"selector":{"controlType":"sap.m.Input","viewName":"etm.portal.ui.manageyards.view.New","viewId":"application-manageyards-display-component---NewYard","bindingPath":{"path":"","propertyPath":"/SALES_AREA_VKORG","modelName":"NewYardModel"},"interaction":{"idSuffix":"inner"}},"wdio_ui5_key":"etmportal.ui.manageyards.view.Newsap.m.Input{\"path\":\"\",\"propertyPath\":\"/SALES_AREA_VKORG\",\"modelName\":\"NewYardModel\"}"}]}
RESULT: {"script":"<script> [1562 bytes]","args":[{"selector":{"controlType":"sap.m.Input","viewName":"etm.portal.ui.manageyards.view.New","viewId":"application-manageyards-display-component---NewYard","bindingPath":{"path":"","propertyPath":"/SALES_AREA_VKORG","modelName":"NewYardModel"},"interaction":{"idSuffix":"inner"}},"wdio_ui5_key":"etmportal.ui.manageyards.view.Newsap.m.Input{\"path\":\"\",\"propertyPath\":\"/SALES_AREA_VKORG\",\"modelName\":\"NewYardModel\"}"}]}
RESULT: undefined
COMMAND: POST /session/371b8fcef450a364efde700f21fc0eae/execute/async - {"script":"<script> [776 bytes]","args":[{"enterText":"C002","selector":{"controlType":"sap.m.Input","viewName":"etm.portal.ui.manageyards.view.New","viewId":"application-manageyards-display-component---NewYard","bindingPath":{"path":"","propertyPath":"/SALES_AREA_VKORG","modelName":"NewYardModel"},"interaction":{"idSuffix":"inner"}},"clearTextFirst":true,"interactionType":"ENTER_TEXT"}]}
RESULT: {"script":"<script> [776 bytes]","args":[{"enterText":"C002","selector":{"controlType":"sap.m.Input","viewName":"etm.portal.ui.manageyards.view.New","viewId":"application-manageyards-display-component---NewYard","bindingPath":{"path":"","propertyPath":"/SALES_AREA_VKORG","modelName":"NewYardModel"},"interaction":{"idSuffix":"inner"}},"clearTextFirst":true,"interactionType":"ENTER_TEXT"}]}
COMMAND: POST /session/371b8fcef450a364efde700f21fc0eae/execute/async - {"script":"<script> [1562 bytes]","args":[{"selector":{"controlType":"sap.m.Input","viewName":"etm.portal.ui.manageyards.view.New","viewId":"application-manageyards-display-component---NewYard","bindingPath":{"path":"","propertyPath":"/SALES_AREA_VTWEG","modelName":"NewYardModel"},"interaction":{"idSuffix":"inner"}},"wdio_ui5_key":"etmportal.ui.manageyards.view.Newsap.m.Input{\"path\":\"\",\"propertyPath\":\"/SALES_AREA_VTWEG\",\"modelName\":\"NewYardModel\"}"}]}
RESULT: {"script":"<script> [1562 bytes]","args":[{"selector":{"controlType":"sap.m.Input","viewName":"etm.portal.ui.manageyards.view.New","viewId":"application-manageyards-display-component---NewYard","bindingPath":{"path":"","propertyPath":"/SALES_AREA_VTWEG","modelName":"NewYardModel"},"interaction":{"idSuffix":"inner"}},"wdio_ui5_key":"etmportal.ui.manageyards.view.Newsap.m.Input{\"path\":\"\",\"propertyPath\":\"/SALES_AREA_VTWEG\",\"modelName\":\"NewYardModel\"}"}]}
RESULT: undefined
COMMAND: POST /session/371b8fcef450a364efde700f21fc0eae/execute/async - {"script":"<script> [776 bytes]","args":[{"enterText":"C2","selector":{"controlType":"sap.m.Input","viewName":"etm.portal.ui.manageyards.view.New","viewId":"application-manageyards-display-component---NewYard","bindingPath":{"path":"","propertyPath":"/SALES_AREA_VTWEG","modelName":"NewYardModel"},"interaction":{"idSuffix":"inner"}},"clearTextFirst":true,"interactionType":"ENTER_TEXT"}]}
RESULT: {"script":"<script> [776 bytes]","args":[{"enterText":"C2","selector":{"controlType":"sap.m.Input","viewName":"etm.portal.ui.manageyards.view.New","viewId":"application-manageyards-display-component---NewYard","bindingPath":{"path":"","propertyPath":"/SALES_AREA_VTWEG","modelName":"NewYardModel"},"interaction":{"idSuffix":"inner"}},"clearTextFirst":true,"interactionType":"ENTER_TEXT"}]}
COMMAND: POST /session/371b8fcef450a364efde700f21fc0eae/execute/async - {"script":"<script> [1562 bytes]","args":[{"selector":{"controlType":"sap.m.Input","viewName":"etm.portal.ui.manageyards.view.New","viewId":"application-manageyards-display-component---NewYard","bindingPath":{"path":"","propertyPath":"/SALES_AREA_SPART","modelName":"NewYardModel"},"interaction":{"idSuffix":"inner"}},"wdio_ui5_key":"etmportal.ui.manageyards.view.Newsap.m.Input{\"path\":\"\",\"propertyPath\":\"/SALES_AREA_SPART\",\"modelName\":\"NewYardModel\"}"}]}
RESULT: {"script":"<script> [1562 bytes]","args":[{"selector":{"controlType":"sap.m.Input","viewName":"etm.portal.ui.manageyards.view.New","viewId":"application-manageyards-display-component---NewYard","bindingPath":{"path":"","propertyPath":"/SALES_AREA_SPART","modelName":"NewYardModel"},"interaction":{"idSuffix":"inner"}},"wdio_ui5_key":"etmportal.ui.manageyards.view.Newsap.m.Input{\"path\":\"\",\"propertyPath\":\"/SALES_AREA_SPART\",\"modelName\":\"NewYardModel\"}"}]}
RESULT: undefined
COMMAND: POST /session/371b8fcef450a364efde700f21fc0eae/execute/async - {"script":"<script> [776 bytes]","args":[{"enterText":"C2","selector":{"controlType":"sap.m.Input","viewName":"etm.portal.ui.manageyards.view.New","viewId":"application-manageyards-display-component---NewYard","bindingPath":{"path":"","propertyPath":"/SALES_AREA_SPART","modelName":"NewYardModel"},"interaction":{"idSuffix":"inner"}},"clearTextFirst":true,"interactionType":"ENTER_TEXT"}]}
RESULT: {"script":"<script> [776 bytes]","args":[{"enterText":"C2","selector":{"controlType":"sap.m.Input","viewName":"etm.portal.ui.manageyards.view.New","viewId":"application-manageyards-display-component---NewYard","bindingPath":{"path":"","propertyPath":"/SALES_AREA_SPART","modelName":"NewYardModel"},"interaction":{"idSuffix":"inner"}},"clearTextFirst":true,"interactionType":"ENTER_TEXT"}]}
COMMAND: POST /session/371b8fcef450a364efde700f21fc0eae/execute/async - {"script":"<script> [1562 bytes]","args":[{"selector":{"controlType":"sap.m.Input","viewName":"etm.portal.ui.manageyards.view.New","viewId":"application-manageyards-display-component---NewYard","bindingPath":{"path":"","propertyPath":"/SHIP_POINT","modelName":"NewYardModel"},"interaction":{"idSuffix":"inner"}},"wdio_ui5_key":"etmportal.ui.manageyards.view.Newsap.m.Input{\"path\":\"\",\"propertyPath\":\"/SHIP_POINT\",\"modelName\":\"NewYardModel\"}"}]}
RESULT: {"script":"<script> [1562 bytes]","args":[{"selector":{"controlType":"sap.m.Input","viewName":"etm.portal.ui.manageyards.view.New","viewId":"application-manageyards-display-component---NewYard","bindingPath":{"path":"","propertyPath":"/SHIP_POINT","modelName":"NewYardModel"},"interaction":{"idSuffix":"inner"}},"wdio_ui5_key":"etmportal.ui.manageyards.view.Newsap.m.Input{\"path\":\"\",\"propertyPath\":\"/SHIP_POINT\",\"modelName\":\"NewYardModel\"}"}]}
RESULT: undefined
COMMAND: POST /session/371b8fcef450a364efde700f21fc0eae/execute/async - {"script":"<script> [776 bytes]","args":[{"enterText":"1710","selector":{"controlType":"sap.m.Input","viewName":"etm.portal.ui.manageyards.view.New","viewId":"application-manageyards-display-component---NewYard","bindingPath":{"path":"","propertyPath":"/SHIP_POINT","modelName":"NewYardModel"},"interaction":{"idSuffix":"inner"}},"clearTextFirst":true,"interactionType":"ENTER_TEXT"}]}
RESULT: {"script":"<script> [776 bytes]","args":[{"enterText":"1710","selector":{"controlType":"sap.m.Input","viewName":"etm.portal.ui.manageyards.view.New","viewId":"application-manageyards-display-component---NewYard","bindingPath":{"path":"","propertyPath":"/SHIP_POINT","modelName":"NewYardModel"},"interaction":{"idSuffix":"inner"}},"clearTextFirst":true,"interactionType":"ENTER_TEXT"}]}
COMMAND: POST /session/371b8fcef450a364efde700f21fc0eae/execute/async - {"script":"<script> [1562 bytes]","args":[{"selector":{"controlType":"sap.m.Input","viewName":"etm.portal.ui.manageyards.view.New","viewId":"application-manageyards-display-component---NewYard","bindingPath":{"path":"","propertyPath":"/DELIVERY_TYPE","modelName":"NewYardModel"},"interaction":{"idSuffix":"inner"}},"wdio_ui5_key":"etmportal.ui.manageyards.view.Newsap.m.Input{\"path\":\"\",\"propertyPath\":\"/DELIVERY_TYPE\",\"modelName\":\"NewYardModel\"}"}]}
RESULT: {"script":"<script> [1562 bytes]","args":[{"selector":{"controlType":"sap.m.Input","viewName":"etm.portal.ui.manageyards.view.New","viewId":"application-manageyards-display-component---NewYard","bindingPath":{"path":"","propertyPath":"/DELIVERY_TYPE","modelName":"NewYardModel"},"interaction":{"idSuffix":"inner"}},"wdio_ui5_key":"etmportal.ui.manageyards.view.Newsap.m.Input{\"path\":\"\",\"propertyPath\":\"/DELIVERY_TYPE\",\"modelName\":\"NewYardModel\"}"}]}
RESULT: undefined
COMMAND: POST /session/371b8fcef450a364efde700f21fc0eae/execute/async - {"script":"<script> [776 bytes]","args":[{"enterText":"ZL01","selector":{"controlType":"sap.m.Input","viewName":"etm.portal.ui.manageyards.view.New","viewId":"application-manageyards-display-component---NewYard","bindingPath":{"path":"","propertyPath":"/DELIVERY_TYPE","modelName":"NewYardModel"},"interaction":{"idSuffix":"inner"}},"clearTextFirst":true,"interactionType":"ENTER_TEXT"}]}
RESULT: {"script":"<script> [776 bytes]","args":[{"enterText":"ZL01","selector":{"controlType":"sap.m.Input","viewName":"etm.portal.ui.manageyards.view.New","viewId":"application-manageyards-display-component---NewYard","bindingPath":{"path":"","propertyPath":"/DELIVERY_TYPE","modelName":"NewYardModel"},"interaction":{"idSuffix":"inner"}},"clearTextFirst":true,"interactionType":"ENTER_TEXT"}]}
COMMAND: POST /session/371b8fcef450a364efde700f21fc0eae/execute/async - {"script":"<script> [1562 bytes]","args":[{"selector":{"controlType":"sap.m.Input","viewName":"etm.portal.ui.manageyards.view.New","viewId":"application-manageyards-display-component---NewYard","bindingPath":{"path":"","propertyPath":"/AUART","modelName":"NewYardModel"},"interaction":{"idSuffix":"inner"}},"wdio_ui5_key":"etmportal.ui.manageyards.view.Newsap.m.Input{\"path\":\"\",\"propertyPath\":\"/AUART\",\"modelName\":\"NewYardModel\"}"}]}
RESULT: {"script":"<script> [1562 bytes]","args":[{"selector":{"controlType":"sap.m.Input","viewName":"etm.portal.ui.manageyards.view.New","viewId":"application-manageyards-display-component---NewYard","bindingPath":{"path":"","propertyPath":"/AUART","modelName":"NewYardModel"},"interaction":{"idSuffix":"inner"}},"wdio_ui5_key":"etmportal.ui.manageyards.view.Newsap.m.Input{\"path\":\"\",\"propertyPath\":\"/AUART\",\"modelName\":\"NewYardModel\"}"}]}
RESULT: undefined
COMMAND: POST /session/371b8fcef450a364efde700f21fc0eae/execute/async - {"script":"<script> [776 bytes]","args":[{"enterText":"TA","selector":{"controlType":"sap.m.Input","viewName":"etm.portal.ui.manageyards.view.New","viewId":"application-manageyards-display-component---NewYard","bindingPath":{"path":"","propertyPath":"/AUART","modelName":"NewYardModel"},"interaction":{"idSuffix":"inner"}},"clearTextFirst":true,"interactionType":"ENTER_TEXT"}]}
RESULT: {"script":"<script> [776 bytes]","args":[{"enterText":"TA","selector":{"controlType":"sap.m.Input","viewName":"etm.portal.ui.manageyards.view.New","viewId":"application-manageyards-display-component---NewYard","bindingPath":{"path":"","propertyPath":"/AUART","modelName":"NewYardModel"},"interaction":{"idSuffix":"inner"}},"clearTextFirst":true,"interactionType":"ENTER_TEXT"}]}
COMMAND: POST /session/371b8fcef450a364efde700f21fc0eae/element - {"using":"xpath","value":"//button[@data-kt=\"newYardSaveButton\"]"}
RESULT: {"using":"xpath","value":"//button[@data-kt=\"newYardSaveButton\"]"}
COMMAND: POST /session/371b8fcef450a364efde700f21fc0eae/element/f.FFD2F70B7356459FE22D1016ABDF7B9E.d.D04CFF6C92A155010BEECF0181BE8A75.e.7612/click - {}
RESULT: {}
COMMAND: GET /session/371b8fcef450a364efde700f21fc0eae/screenshot - {}
RESULT: {}
COMMAND: POST /session/371b8fcef450a364efde700f21fc0eae/element - {"using":"xpath","value":"//header[contains(@id, 'ObjectPageLayout-headerTitle')]/div[1]/div[2]/div[1]/span[1]"}
RESULT: {"using":"xpath","value":"//header[contains(@id, 'ObjectPageLayout-headerTitle')]/div[1]/div[2]/div[1]/span[1]"}
COMMAND: POST /session/371b8fcef450a364efde700f21fc0eae/elements - {"using":"xpath","value":"//header[contains(@id, 'ObjectPageLayout-headerTitle')]/div[1]/div[2]/div[1]/span[1]"}
RESULT: {"using":"xpath","value":"//header[contains(@id, 'ObjectPageLayout-headerTitle')]/div[1]/div[2]/div[1]/span[1]"}
COMMAND: POST /session/371b8fcef450a364efde700f21fc0eae/execute/sync - {"script":"<script> [56 bytes]","args":[{"element-6066-11e4-a52e-4f735466cecf":"f.FFD2F70B7356459FE22D1016ABDF7B9E.d.D04CFF6C92A155010BEECF0181BE8A75.e.7912","ELEMENT":"f.FFD2F70B7356459FE22D1016ABDF7B9E.d.D04CFF6C92A155010BEECF0181BE8A75.e.7912"}]}
RESULT: {"script":"<script> [56 bytes]","args":[{"element-6066-11e4-a52e-4f735466cecf":"f.FFD2F70B7356459FE22D1016ABDF7B9E.d.D04CFF6C92A155010BEECF0181BE8A75.e.7912","ELEMENT":"f.FFD2F70B7356459FE22D1016ABDF7B9E.d.D04CFF6C92A155010BEECF0181BE8A75.e.7912"}]}
COMMAND: GET /session/371b8fcef450a364efde700f21fc0eae/screenshot - {}
RESULT: {}
COMMAND: POST /session/371b8fcef450a364efde700f21fc0eae/element - {"using":"css selector","value":"#shell-header-logo"}
RESULT: {"using":"css selector","value":"#shell-header-logo"}
COMMAND: POST /session/371b8fcef450a364efde700f21fc0eae/element/f.FFD2F70B7356459FE22D1016ABDF7B9E.d.D04CFF6C92A155010BEECF0181BE8A75.e.7163/click - {}
RESULT: {}
COMMAND: GET /session/371b8fcef450a364efde700f21fc0eae/screenshot - {}
RESULT: {}
COMMAND: POST /session/371b8fcef450a364efde700f21fc0eae/execute/sync - {"script":"<script> [299 bytes]","args":[["getModel","getResource"]]}
RESULT: {"script":"<script> [299 bytes]","args":[["getModel","getResource"]]}
]]></system-out>
    </testcase>
    <testcase classname="chrome.135_0_7049_96.windows.Billing_Transfer_-_Intracompany_US127249" name="Should create a new partner" time="117.499">
      <system-out><![CDATA[
COMMAND: GET /session/371b8fcef450a364efde700f21fc0eae/screenshot - {}
COMMAND: POST /session/371b8fcef450a364efde700f21fc0eae/window/fullscreen - {}
RESULT: {}
RESULT: {}
COMMAND: POST /session/371b8fcef450a364efde700f21fc0eae/execute/async - {"script":"<script> [1562 bytes]","args":[{"selector":{"controlType":"sap.m.GenericTile","properties":{"header":"Manage Partners"}},"wdio_ui5_key":"sapm.GenericTile{\"header\":\"Manage Partners\"}"}]}
RESULT: {"script":"<script> [1562 bytes]","args":[{"selector":{"controlType":"sap.m.GenericTile","properties":{"header":"Manage Partners"}},"wdio_ui5_key":"sapm.GenericTile{\"header\":\"Manage Partners\"}"}]}
RESULT: undefined
COMMAND: POST /session/371b8fcef450a364efde700f21fc0eae/element - {"using":"xpath","value":"//*[@id=\"__tile38\"]"}
RESULT: {"using":"xpath","value":"//*[@id=\"__tile38\"]"}
COMMAND: POST /session/371b8fcef450a364efde700f21fc0eae/element/f.FFD2F70B7356459FE22D1016ABDF7B9E.d.D04CFF6C92A155010BEECF0181BE8A75.e.7051/click - {}
RESULT: {}
COMMAND: POST /session/371b8fcef450a364efde700f21fc0eae/element - {"using":"xpath","value":"//button[@data-kt=\"addButton\"]"}
COMMAND: GET /session/371b8fcef450a364efde700f21fc0eae/screenshot - {}
RESULT: {"using":"xpath","value":"//button[@data-kt=\"addButton\"]"}
COMMAND: POST /session/371b8fcef450a364efde700f21fc0eae/elements - {"using":"xpath","value":"//button[@data-kt=\"addButton\"]"}
RESULT: {}
RESULT: {"using":"xpath","value":"//button[@data-kt=\"addButton\"]"}
COMMAND: POST /session/371b8fcef450a364efde700f21fc0eae/elements - {"using":"xpath","value":"//button[@data-kt=\"addButton\"]"}
RESULT: {"using":"xpath","value":"//button[@data-kt=\"addButton\"]"}
COMMAND: POST /session/371b8fcef450a364efde700f21fc0eae/elements - {"using":"xpath","value":"//button[@data-kt=\"addButton\"]"}
RESULT: {"using":"xpath","value":"//button[@data-kt=\"addButton\"]"}
COMMAND: POST /session/371b8fcef450a364efde700f21fc0eae/elements - {"using":"xpath","value":"//button[@data-kt=\"addButton\"]"}
RESULT: {"using":"xpath","value":"//button[@data-kt=\"addButton\"]"}
COMMAND: POST /session/371b8fcef450a364efde700f21fc0eae/elements - {"using":"xpath","value":"//button[@data-kt=\"addButton\"]"}
RESULT: {"using":"xpath","value":"//button[@data-kt=\"addButton\"]"}
COMMAND: POST /session/371b8fcef450a364efde700f21fc0eae/elements - {"using":"xpath","value":"//button[@data-kt=\"addButton\"]"}
RESULT: {"using":"xpath","value":"//button[@data-kt=\"addButton\"]"}
COMMAND: POST /session/371b8fcef450a364efde700f21fc0eae/elements - {"using":"xpath","value":"//button[@data-kt=\"addButton\"]"}
RESULT: {"using":"xpath","value":"//button[@data-kt=\"addButton\"]"}
COMMAND: POST /session/371b8fcef450a364efde700f21fc0eae/elements - {"using":"xpath","value":"//button[@data-kt=\"addButton\"]"}
RESULT: {"using":"xpath","value":"//button[@data-kt=\"addButton\"]"}
COMMAND: POST /session/371b8fcef450a364efde700f21fc0eae/elements - {"using":"xpath","value":"//button[@data-kt=\"addButton\"]"}
RESULT: {"using":"xpath","value":"//button[@data-kt=\"addButton\"]"}
COMMAND: POST /session/371b8fcef450a364efde700f21fc0eae/elements - {"using":"xpath","value":"//button[@data-kt=\"addButton\"]"}
RESULT: {"using":"xpath","value":"//button[@data-kt=\"addButton\"]"}
COMMAND: POST /session/371b8fcef450a364efde700f21fc0eae/elements - {"using":"xpath","value":"//button[@data-kt=\"addButton\"]"}
RESULT: {"using":"xpath","value":"//button[@data-kt=\"addButton\"]"}
COMMAND: POST /session/371b8fcef450a364efde700f21fc0eae/elements - {"using":"xpath","value":"//button[@data-kt=\"addButton\"]"}
RESULT: {"using":"xpath","value":"//button[@data-kt=\"addButton\"]"}
COMMAND: POST /session/371b8fcef450a364efde700f21fc0eae/elements - {"using":"xpath","value":"//button[@data-kt=\"addButton\"]"}
RESULT: {"using":"xpath","value":"//button[@data-kt=\"addButton\"]"}
COMMAND: POST /session/371b8fcef450a364efde700f21fc0eae/elements - {"using":"xpath","value":"//button[@data-kt=\"addButton\"]"}
RESULT: {"using":"xpath","value":"//button[@data-kt=\"addButton\"]"}
COMMAND: POST /session/371b8fcef450a364efde700f21fc0eae/elements - {"using":"xpath","value":"//button[@data-kt=\"addButton\"]"}
RESULT: {"using":"xpath","value":"//button[@data-kt=\"addButton\"]"}
COMMAND: POST /session/371b8fcef450a364efde700f21fc0eae/elements - {"using":"xpath","value":"//button[@data-kt=\"addButton\"]"}
RESULT: {"using":"xpath","value":"//button[@data-kt=\"addButton\"]"}
COMMAND: POST /session/371b8fcef450a364efde700f21fc0eae/elements - {"using":"xpath","value":"//button[@data-kt=\"addButton\"]"}
RESULT: {"using":"xpath","value":"//button[@data-kt=\"addButton\"]"}
COMMAND: POST /session/371b8fcef450a364efde700f21fc0eae/elements - {"using":"xpath","value":"//button[@data-kt=\"addButton\"]"}
RESULT: {"using":"xpath","value":"//button[@data-kt=\"addButton\"]"}
COMMAND: POST /session/371b8fcef450a364efde700f21fc0eae/element - {"using":"xpath","value":"//button[@data-kt=\"addButton\"]"}
RESULT: {"using":"xpath","value":"//button[@data-kt=\"addButton\"]"}
COMMAND: POST /session/371b8fcef450a364efde700f21fc0eae/execute/sync - {"script":"<script> [8489 bytes]","args":[{"element-6066-11e4-a52e-4f735466cecf":"f.FFD2F70B7356459FE22D1016ABDF7B9E.d.D04CFF6C92A155010BEECF0181BE8A75.e.7961","ELEMENT":"f.FFD2F70B7356459FE22D1016ABDF7B9E.d.D04CFF6C92A155010BEECF0181BE8A75.e.7961"}]}
RESULT: {"script":"<script> [8489 bytes]","args":[{"element-6066-11e4-a52e-4f735466cecf":"f.FFD2F70B7356459FE22D1016ABDF7B9E.d.D04CFF6C92A155010BEECF0181BE8A75.e.7961","ELEMENT":"f.FFD2F70B7356459FE22D1016ABDF7B9E.d.D04CFF6C92A155010BEECF0181BE8A75.e.7961"}]}
COMMAND: GET /session/371b8fcef450a364efde700f21fc0eae/element/f.FFD2F70B7356459FE22D1016ABDF7B9E.d.D04CFF6C92A155010BEECF0181BE8A75.e.7961/enabled - {}
COMMAND: GET /session/371b8fcef450a364efde700f21fc0eae/screenshot - {}
RESULT: {}
COMMAND: POST /session/371b8fcef450a364efde700f21fc0eae/execute/sync - {"script":"<script> [8489 bytes]","args":[{"element-6066-11e4-a52e-4f735466cecf":"f.FFD2F70B7356459FE22D1016ABDF7B9E.d.D04CFF6C92A155010BEECF0181BE8A75.e.7961","ELEMENT":"f.FFD2F70B7356459FE22D1016ABDF7B9E.d.D04CFF6C92A155010BEECF0181BE8A75.e.7961"}]}
COMMAND: GET /session/371b8fcef450a364efde700f21fc0eae/screenshot - {}
RESULT: {}
RESULT: {"script":"<script> [8489 bytes]","args":[{"element-6066-11e4-a52e-4f735466cecf":"f.FFD2F70B7356459FE22D1016ABDF7B9E.d.D04CFF6C92A155010BEECF0181BE8A75.e.7961","ELEMENT":"f.FFD2F70B7356459FE22D1016ABDF7B9E.d.D04CFF6C92A155010BEECF0181BE8A75.e.7961"}]}
COMMAND: POST /session/371b8fcef450a364efde700f21fc0eae/execute/sync - {"script":"<script> [5351 bytes]","args":[{"element-6066-11e4-a52e-4f735466cecf":"f.FFD2F70B7356459FE22D1016ABDF7B9E.d.D04CFF6C92A155010BEECF0181BE8A75.e.7961","ELEMENT":"f.FFD2F70B7356459FE22D1016ABDF7B9E.d.D04CFF6C92A155010BEECF0181BE8A75.e.7961"}]}
COMMAND: GET /session/371b8fcef450a364efde700f21fc0eae/screenshot - {}
RESULT: {}
RESULT: {"script":"<script> [5351 bytes]","args":[{"element-6066-11e4-a52e-4f735466cecf":"f.FFD2F70B7356459FE22D1016ABDF7B9E.d.D04CFF6C92A155010BEECF0181BE8A75.e.7961","ELEMENT":"f.FFD2F70B7356459FE22D1016ABDF7B9E.d.D04CFF6C92A155010BEECF0181BE8A75.e.7961"}]}
COMMAND: POST /session/371b8fcef450a364efde700f21fc0eae/element/f.FFD2F70B7356459FE22D1016ABDF7B9E.d.D04CFF6C92A155010BEECF0181BE8A75.e.7961/click - {}
COMMAND: GET /session/371b8fcef450a364efde700f21fc0eae/screenshot - {}
RESULT: {}
RESULT: {}
COMMAND: GET /session/371b8fcef450a364efde700f21fc0eae/screenshot - {}
COMMAND: POST /session/371b8fcef450a364efde700f21fc0eae/execute/async - {"script":"<script> [1562 bytes]","args":[{"selector":{"id":"application-managepartners-display-component---NewPartner--addressDetailDetailsName1","interaction":{"idSuffix":"inner"}},"wdio_ui5_key":"applicationmanagepartners-display-component---NewPartner--addressDetailDetailsName1"}]}
RESULT: {}
RESULT: {}
RESULT: {"script":"<script> [1562 bytes]","args":[{"selector":{"id":"application-managepartners-display-component---NewPartner--addressDetailDetailsName1","interaction":{"idSuffix":"inner"}},"wdio_ui5_key":"applicationmanagepartners-display-component---NewPartner--addressDetailDetailsName1"}]}
RESULT: undefined
COMMAND: POST /session/371b8fcef450a364efde700f21fc0eae/execute/async - {"script":"<script> [776 bytes]","args":[{"enterText":"Intracompany Partner WDIO","selector":{"id":"application-managepartners-display-component---NewPartner--addressDetailDetailsName1","interaction":{"idSuffix":"inner"}},"clearTextFirst":true,"interactionType":"ENTER_TEXT"}]}
RESULT: {"script":"<script> [776 bytes]","args":[{"enterText":"Intracompany Partner WDIO","selector":{"id":"application-managepartners-display-component---NewPartner--addressDetailDetailsName1","interaction":{"idSuffix":"inner"}},"clearTextFirst":true,"interactionType":"ENTER_TEXT"}]}
COMMAND: POST /session/371b8fcef450a364efde700f21fc0eae/execute/async - {"script":"<script> [1562 bytes]","args":[{"selector":{"id":"application-managepartners-display-component---NewPartner--addressDetailDetailsLanguage-arrow"},"wdio_ui5_key":"applicationmanagepartners-display-component---NewPartner--addressDetailDetailsLanguage-arrow"}]}
RESULT: {"script":"<script> [1562 bytes]","args":[{"selector":{"id":"application-managepartners-display-component---NewPartner--addressDetailDetailsLanguage-arrow"},"wdio_ui5_key":"applicationmanagepartners-display-component---NewPartner--addressDetailDetailsLanguage-arrow"}]}
RESULT: undefined
COMMAND: POST /session/371b8fcef450a364efde700f21fc0eae/element - {"using":"xpath","value":"//*[@id=\"application-managepartners-display-component---NewPartner--addressDetailDetailsLanguage-arrow\"]"}
RESULT: {"using":"xpath","value":"//*[@id=\"application-managepartners-display-component---NewPartner--addressDetailDetailsLanguage-arrow\"]"}
COMMAND: POST /session/371b8fcef450a364efde700f21fc0eae/element/f.FFD2F70B7356459FE22D1016ABDF7B9E.d.D04CFF6C92A155010BEECF0181BE8A75.e.8394/click - {}
RESULT: {}
COMMAND: POST /session/371b8fcef450a364efde700f21fc0eae/element - {"using":"xpath","value":"//span[contains(text(), \"English\")]"}
COMMAND: GET /session/371b8fcef450a364efde700f21fc0eae/screenshot - {}
RESULT: {"using":"xpath","value":"//span[contains(text(), \"English\")]"}
COMMAND: POST /session/371b8fcef450a364efde700f21fc0eae/element/f.FFD2F70B7356459FE22D1016ABDF7B9E.d.D04CFF6C92A155010BEECF0181BE8A75.e.8395/click - {}
RESULT: {}
RESULT: {}
COMMAND: GET /session/371b8fcef450a364efde700f21fc0eae/screenshot - {}
RESULT: {}
COMMAND: POST /session/371b8fcef450a364efde700f21fc0eae/execute/async - {"script":"<script> [1562 bytes]","args":[{"selector":{"id":"application-managepartners-display-component---NewPartner--addressDetailDetailsCity1","interaction":{"idSuffix":"inner"}},"wdio_ui5_key":"applicationmanagepartners-display-component---NewPartner--addressDetailDetailsCity1"}]}
RESULT: {"script":"<script> [1562 bytes]","args":[{"selector":{"id":"application-managepartners-display-component---NewPartner--addressDetailDetailsCity1","interaction":{"idSuffix":"inner"}},"wdio_ui5_key":"applicationmanagepartners-display-component---NewPartner--addressDetailDetailsCity1"}]}
RESULT: undefined
COMMAND: POST /session/371b8fcef450a364efde700f21fc0eae/execute/async - {"script":"<script> [776 bytes]","args":[{"enterText":"Rosario","selector":{"id":"application-managepartners-display-component---NewPartner--addressDetailDetailsCity1","interaction":{"idSuffix":"inner"}},"clearTextFirst":true,"interactionType":"ENTER_TEXT"}]}
RESULT: {"script":"<script> [776 bytes]","args":[{"enterText":"Rosario","selector":{"id":"application-managepartners-display-component---NewPartner--addressDetailDetailsCity1","interaction":{"idSuffix":"inner"}},"clearTextFirst":true,"interactionType":"ENTER_TEXT"}]}
COMMAND: POST /session/371b8fcef450a364efde700f21fc0eae/execute/async - {"script":"<script> [1562 bytes]","args":[{"selector":{"id":"application-managepartners-display-component---NewPartner--addressDetailDetailsCountry-arrow"},"wdio_ui5_key":"applicationmanagepartners-display-component---NewPartner--addressDetailDetailsCountry-arrow"}]}
RESULT: {"script":"<script> [1562 bytes]","args":[{"selector":{"id":"application-managepartners-display-component---NewPartner--addressDetailDetailsCountry-arrow"},"wdio_ui5_key":"applicationmanagepartners-display-component---NewPartner--addressDetailDetailsCountry-arrow"}]}
RESULT: undefined
COMMAND: POST /session/371b8fcef450a364efde700f21fc0eae/element - {"using":"xpath","value":"//*[@id=\"application-managepartners-display-component---NewPartner--addressDetailDetailsCountry-arrow\"]"}
RESULT: {"using":"xpath","value":"//*[@id=\"application-managepartners-display-component---NewPartner--addressDetailDetailsCountry-arrow\"]"}
COMMAND: POST /session/371b8fcef450a364efde700f21fc0eae/element/f.FFD2F70B7356459FE22D1016ABDF7B9E.d.D04CFF6C92A155010BEECF0181BE8A75.e.8381/click - {}
RESULT: {}
COMMAND: POST /session/371b8fcef450a364efde700f21fc0eae/element - {"using":"xpath","value":"//span[contains(text(), \"Argentina\")]"}
COMMAND: GET /session/371b8fcef450a364efde700f21fc0eae/screenshot - {}
RESULT: {"using":"xpath","value":"//span[contains(text(), \"Argentina\")]"}
COMMAND: POST /session/371b8fcef450a364efde700f21fc0eae/element/f.FFD2F70B7356459FE22D1016ABDF7B9E.d.D04CFF6C92A155010BEECF0181BE8A75.e.8397/click - {}
RESULT: {}
RESULT: {}
COMMAND: GET /session/371b8fcef450a364efde700f21fc0eae/screenshot - {}
RESULT: {}
COMMAND: POST /session/371b8fcef450a364efde700f21fc0eae/element - {"using":"xpath","value":"//bdi[contains(text(), \"Commercial\")]"}
RESULT: {"using":"xpath","value":"//bdi[contains(text(), \"Commercial\")]"}
COMMAND: POST /session/371b8fcef450a364efde700f21fc0eae/element/f.FFD2F70B7356459FE22D1016ABDF7B9E.d.D04CFF6C92A155010BEECF0181BE8A75.e.8398/click - {}
RESULT: {}
COMMAND: GET /session/371b8fcef450a364efde700f21fc0eae/screenshot - {}
RESULT: {}
COMMAND: POST /session/371b8fcef450a364efde700f21fc0eae/execute/async - {"script":"<script> [1562 bytes]","args":[{"selector":{"id":"application-managepartners-display-component---NewPartner--partnerDetailInternal-arrow"},"wdio_ui5_key":"applicationmanagepartners-display-component---NewPartner--partnerDetailInternal-arrow"}]}
RESULT: {"script":"<script> [1562 bytes]","args":[{"selector":{"id":"application-managepartners-display-component---NewPartner--partnerDetailInternal-arrow"},"wdio_ui5_key":"applicationmanagepartners-display-component---NewPartner--partnerDetailInternal-arrow"}]}
RESULT: undefined
COMMAND: POST /session/371b8fcef450a364efde700f21fc0eae/element - {"using":"xpath","value":"//*[@id=\"application-managepartners-display-component---NewPartner--partnerDetailInternal-arrow\"]"}
RESULT: {"using":"xpath","value":"//*[@id=\"application-managepartners-display-component---NewPartner--partnerDetailInternal-arrow\"]"}
COMMAND: POST /session/371b8fcef450a364efde700f21fc0eae/element/f.FFD2F70B7356459FE22D1016ABDF7B9E.d.D04CFF6C92A155010BEECF0181BE8A75.e.8404/click - {}
RESULT: {}
COMMAND: POST /session/371b8fcef450a364efde700f21fc0eae/element - {"using":"xpath","value":"//span[contains(text(), \"Affiliated company\")]"}
COMMAND: GET /session/371b8fcef450a364efde700f21fc0eae/screenshot - {}
RESULT: {"using":"xpath","value":"//span[contains(text(), \"Affiliated company\")]"}
COMMAND: POST /session/371b8fcef450a364efde700f21fc0eae/element/f.FFD2F70B7356459FE22D1016ABDF7B9E.d.D04CFF6C92A155010BEECF0181BE8A75.e.8405/click - {}
RESULT: {}
RESULT: {}
COMMAND: POST /session/371b8fcef450a364efde700f21fc0eae/execute/async - {"script":"<script> [1562 bytes]","args":[{"selector":{"id":"application-managepartners-display-component---NewPartner--partnerDetailsCurrency-arrow"},"wdio_ui5_key":"applicationmanagepartners-display-component---NewPartner--partnerDetailsCurrency-arrow"}]}
COMMAND: GET /session/371b8fcef450a364efde700f21fc0eae/screenshot - {}
RESULT: {"script":"<script> [1562 bytes]","args":[{"selector":{"id":"application-managepartners-display-component---NewPartner--partnerDetailsCurrency-arrow"},"wdio_ui5_key":"applicationmanagepartners-display-component---NewPartner--partnerDetailsCurrency-arrow"}]}
RESULT: undefined
COMMAND: POST /session/371b8fcef450a364efde700f21fc0eae/element - {"using":"xpath","value":"//*[@id=\"application-managepartners-display-component---NewPartner--partnerDetailsCurrency-arrow\"]"}
RESULT: {}
RESULT: {"using":"xpath","value":"//*[@id=\"application-managepartners-display-component---NewPartner--partnerDetailsCurrency-arrow\"]"}
COMMAND: POST /session/371b8fcef450a364efde700f21fc0eae/element/f.FFD2F70B7356459FE22D1016ABDF7B9E.d.D04CFF6C92A155010BEECF0181BE8A75.e.8412/click - {}
RESULT: {}
COMMAND: POST /session/371b8fcef450a364efde700f21fc0eae/element - {"using":"xpath","value":"//span[contains(text(), \"Euro\")]"}
COMMAND: GET /session/371b8fcef450a364efde700f21fc0eae/screenshot - {}
RESULT: {"using":"xpath","value":"//span[contains(text(), \"Euro\")]"}
COMMAND: POST /session/371b8fcef450a364efde700f21fc0eae/element/f.FFD2F70B7356459FE22D1016ABDF7B9E.d.D04CFF6C92A155010BEECF0181BE8A75.e.8413/click - {}
RESULT: {}
RESULT: {}
COMMAND: POST /session/371b8fcef450a364efde700f21fc0eae/execute/async - {"script":"<script> [1562 bytes]","args":[{"selector":{"id":"application-managepartners-display-component---NewPartner--addressEditDetailsCostObjectCstType-arrow"},"wdio_ui5_key":"applicationmanagepartners-display-component---NewPartner--addressEditDetailsCostObjectCstType-arrow"}]}
COMMAND: GET /session/371b8fcef450a364efde700f21fc0eae/screenshot - {}
RESULT: {"script":"<script> [1562 bytes]","args":[{"selector":{"id":"application-managepartners-display-component---NewPartner--addressEditDetailsCostObjectCstType-arrow"},"wdio_ui5_key":"applicationmanagepartners-display-component---NewPartner--addressEditDetailsCostObjectCstType-arrow"}]}
RESULT: undefined
COMMAND: POST /session/371b8fcef450a364efde700f21fc0eae/element - {"using":"xpath","value":"//*[@id=\"application-managepartners-display-component---NewPartner--addressEditDetailsCostObjectCstType-arrow\"]"}
RESULT: {}
RESULT: {"using":"xpath","value":"//*[@id=\"application-managepartners-display-component---NewPartner--addressEditDetailsCostObjectCstType-arrow\"]"}
COMMAND: POST /session/371b8fcef450a364efde700f21fc0eae/element/f.FFD2F70B7356459FE22D1016ABDF7B9E.d.D04CFF6C92A155010BEECF0181BE8A75.e.8414/click - {}
RESULT: {}
COMMAND: POST /session/371b8fcef450a364efde700f21fc0eae/element - {"using":"xpath","value":"//span[contains(text(), \"Cost Center\")]"}
COMMAND: GET /session/371b8fcef450a364efde700f21fc0eae/screenshot - {}
RESULT: {"using":"xpath","value":"//span[contains(text(), \"Cost Center\")]"}
COMMAND: POST /session/371b8fcef450a364efde700f21fc0eae/element/f.FFD2F70B7356459FE22D1016ABDF7B9E.d.D04CFF6C92A155010BEECF0181BE8A75.e.8415/click - {}
RESULT: {}
RESULT: {}
COMMAND: GET /session/371b8fcef450a364efde700f21fc0eae/screenshot - {}
RESULT: {}
COMMAND: POST /session/371b8fcef450a364efde700f21fc0eae/element - {"using":"xpath","value":"//span[@id=\"application-managepartners-display-component---NewPartner--addressNewCostObjectCstID-vhi\"]"}
RESULT: {"using":"xpath","value":"//span[@id=\"application-managepartners-display-component---NewPartner--addressNewCostObjectCstID-vhi\"]"}
COMMAND: POST /session/371b8fcef450a364efde700f21fc0eae/execute/sync - {"script":"<script> [8489 bytes]","args":[{"element-6066-11e4-a52e-4f735466cecf":"f.FFD2F70B7356459FE22D1016ABDF7B9E.d.D04CFF6C92A155010BEECF0181BE8A75.e.8419","ELEMENT":"f.FFD2F70B7356459FE22D1016ABDF7B9E.d.D04CFF6C92A155010BEECF0181BE8A75.e.8419"}]}
RESULT: {"script":"<script> [8489 bytes]","args":[{"element-6066-11e4-a52e-4f735466cecf":"f.FFD2F70B7356459FE22D1016ABDF7B9E.d.D04CFF6C92A155010BEECF0181BE8A75.e.8419","ELEMENT":"f.FFD2F70B7356459FE22D1016ABDF7B9E.d.D04CFF6C92A155010BEECF0181BE8A75.e.8419"}]}
COMMAND: POST /session/371b8fcef450a364efde700f21fc0eae/execute/async - {"script":"<script> [1562 bytes]","args":[{"selector":{"id":"application-managepartners-display-component---NewPartner--addressNewCostObjectCstID-vhi"},"wdio_ui5_key":"applicationmanagepartners-display-component---NewPartner--addressNewCostObjectCstID-vhi"}]}
COMMAND: GET /session/371b8fcef450a364efde700f21fc0eae/screenshot - {}
RESULT: {"script":"<script> [1562 bytes]","args":[{"selector":{"id":"application-managepartners-display-component---NewPartner--addressNewCostObjectCstID-vhi"},"wdio_ui5_key":"applicationmanagepartners-display-component---NewPartner--addressNewCostObjectCstID-vhi"}]}
RESULT: undefined
COMMAND: POST /session/371b8fcef450a364efde700f21fc0eae/element - {"using":"xpath","value":"//*[@id=\"application-managepartners-display-component---NewPartner--addressNewCostObjectCstID-vhi\"]"}
RESULT: {}
RESULT: {"using":"xpath","value":"//*[@id=\"application-managepartners-display-component---NewPartner--addressNewCostObjectCstID-vhi\"]"}
COMMAND: POST /session/371b8fcef450a364efde700f21fc0eae/element/f.FFD2F70B7356459FE22D1016ABDF7B9E.d.D04CFF6C92A155010BEECF0181BE8A75.e.8419/click - {}
RESULT: {}
COMMAND: GET /session/371b8fcef450a364efde700f21fc0eae/screenshot - {}
RESULT: {}
RESULT: undefined
COMMAND: POST /session/371b8fcef450a364efde700f21fc0eae/execute/async - {"script":"<script> [776 bytes]","args":[{"enterText":"10001013","selector":{"controlType":"sap.m.SearchField","properties":{"placeholder":"Search"},"searchOpenDialogs":true,"interaction":{"idSuffix":"I"}},"clearTextFirst":true,"interactionType":"ENTER_TEXT"}]}
RESULT: {"script":"<script> [776 bytes]","args":[{"enterText":"10001013","selector":{"controlType":"sap.m.SearchField","properties":{"placeholder":"Search"},"searchOpenDialogs":true,"interaction":{"idSuffix":"I"}},"clearTextFirst":true,"interactionType":"ENTER_TEXT"}]}
COMMAND: POST /session/371b8fcef450a364efde700f21fc0eae/actions - {"actions":[{"id":"action22","type":"key","parameters":{},"actions":[{"type":"keyDown","value":"î€‡"},{"type":"pause","duration":10},{"type":"keyUp","value":"î€‡"}]}]}
RESULT: {"actions":[{"id":"action22","type":"key","parameters":{},"actions":[{"type":"keyDown","value":"î€‡"},{"type":"pause","duration":10},{"type":"keyUp","value":"î€‡"}]}]}
COMMAND: GET /session/371b8fcef450a364efde700f21fc0eae/screenshot - {}
RESULT: {}
COMMAND: POST /session/371b8fcef450a364efde700f21fc0eae/element - {"using":"xpath","value":"//span[contains(text(), \"General Management\")]"}
RESULT: {"using":"xpath","value":"//span[contains(text(), \"General Management\")]"}
COMMAND: POST /session/371b8fcef450a364efde700f21fc0eae/element/f.FFD2F70B7356459FE22D1016ABDF7B9E.d.D04CFF6C92A155010BEECF0181BE8A75.e.8458/click - {}
RESULT: {}
COMMAND: GET /session/371b8fcef450a364efde700f21fc0eae/screenshot - {}
RESULT: {}
COMMAND: POST /session/371b8fcef450a364efde700f21fc0eae/element - {"using":"xpath","value":"//bdi[contains(text(), \"OK\")]"}
RESULT: {"using":"xpath","value":"//bdi[contains(text(), \"OK\")]"}
COMMAND: POST /session/371b8fcef450a364efde700f21fc0eae/element/f.FFD2F70B7356459FE22D1016ABDF7B9E.d.D04CFF6C92A155010BEECF0181BE8A75.e.8459/click - {}
RESULT: {}
COMMAND: GET /session/371b8fcef450a364efde700f21fc0eae/screenshot - {}
RESULT: {}
COMMAND: POST /session/371b8fcef450a364efde700f21fc0eae/element - {"using":"xpath","value":"//input[@id=\"application-managepartners-display-component---NewPartner--companyCodeComboBox-inner\"]"}
RESULT: {"using":"xpath","value":"//input[@id=\"application-managepartners-display-component---NewPartner--companyCodeComboBox-inner\"]"}
COMMAND: POST /session/371b8fcef450a364efde700f21fc0eae/element/f.FFD2F70B7356459FE22D1016ABDF7B9E.d.D04CFF6C92A155010BEECF0181BE8A75.e.8260/clear - {}
RESULT: {}
COMMAND: POST /session/371b8fcef450a364efde700f21fc0eae/element/f.FFD2F70B7356459FE22D1016ABDF7B9E.d.D04CFF6C92A155010BEECF0181BE8A75.e.8260/value - {"text":"1000"}
COMMAND: GET /session/371b8fcef450a364efde700f21fc0eae/screenshot - {}
RESULT: {"text":"1000"}
COMMAND: GET /session/371b8fcef450a364efde700f21fc0eae/screenshot - {}
RESULT: {}
RESULT: {}
COMMAND: POST /session/371b8fcef450a364efde700f21fc0eae/element - {"using":"xpath","value":"//span[contains(text(), \"1000\")]"}
RESULT: {"using":"xpath","value":"//span[contains(text(), \"1000\")]"}
COMMAND: POST /session/371b8fcef450a364efde700f21fc0eae/element/f.FFD2F70B7356459FE22D1016ABDF7B9E.d.D04CFF6C92A155010BEECF0181BE8A75.e.8465/click - {}
RESULT: {}
COMMAND: GET /session/371b8fcef450a364efde700f21fc0eae/screenshot - {}
RESULT: {}
COMMAND: POST /session/371b8fcef450a364efde700f21fc0eae/execute/async - {"script":"<script> [1562 bytes]","args":[{"selector":{"id":"application-managepartners-display-component---NewPartner--btnAddTableRow-img"},"wdio_ui5_key":"applicationmanagepartners-display-component---NewPartner--btnAddTableRow-img"}]}
RESULT: {"script":"<script> [1562 bytes]","args":[{"selector":{"id":"application-managepartners-display-component---NewPartner--btnAddTableRow-img"},"wdio_ui5_key":"applicationmanagepartners-display-component---NewPartner--btnAddTableRow-img"}]}
RESULT: undefined
COMMAND: POST /session/371b8fcef450a364efde700f21fc0eae/element - {"using":"xpath","value":"//*[@id=\"application-managepartners-display-component---NewPartner--btnAddTableRow-img\"]"}
RESULT: {"using":"xpath","value":"//*[@id=\"application-managepartners-display-component---NewPartner--btnAddTableRow-img\"]"}
COMMAND: POST /session/371b8fcef450a364efde700f21fc0eae/element/f.FFD2F70B7356459FE22D1016ABDF7B9E.d.D04CFF6C92A155010BEECF0181BE8A75.e.8466/click - {}
RESULT: {}
COMMAND: GET /session/371b8fcef450a364efde700f21fc0eae/screenshot - {}
RESULT: {}
COMMAND: POST /session/371b8fcef450a364efde700f21fc0eae/element - {"using":"xpath","value":"//input[@id=\"application-managepartners-display-component---NewPartner--assignmentYard-application-managepartners-display-component---NewPartner--assignmentsTable-0-inner\"]"}
RESULT: {"using":"xpath","value":"//input[@id=\"application-managepartners-display-component---NewPartner--assignmentYard-application-managepartners-display-component---NewPartner--assignmentsTable-0-inner\"]"}
COMMAND: POST /session/371b8fcef450a364efde700f21fc0eae/element/f.FFD2F70B7356459FE22D1016ABDF7B9E.d.D04CFF6C92A155010BEECF0181BE8A75.e.8469/clear - {}
RESULT: {}
COMMAND: POST /session/371b8fcef450a364efde700f21fc0eae/element/f.FFD2F70B7356459FE22D1016ABDF7B9E.d.D04CFF6C92A155010BEECF0181BE8A75.e.8469/value - {"text":"515"}
COMMAND: GET /session/371b8fcef450a364efde700f21fc0eae/screenshot - {}
RESULT: {"text":"515"}
COMMAND: GET /session/371b8fcef450a364efde700f21fc0eae/screenshot - {}
RESULT: {}
RESULT: {}
COMMAND: POST /session/371b8fcef450a364efde700f21fc0eae/element - {"using":"xpath","value":"//li[.//span[text()='515']]"}
RESULT: {"using":"xpath","value":"//li[.//span[text()='515']]"}
COMMAND: POST /session/371b8fcef450a364efde700f21fc0eae/element/f.FFD2F70B7356459FE22D1016ABDF7B9E.d.D04CFF6C92A155010BEECF0181BE8A75.e.8478/click - {}
RESULT: {}
COMMAND: GET /session/371b8fcef450a364efde700f21fc0eae/screenshot - {}
RESULT: {}
COMMAND: POST /session/371b8fcef450a364efde700f21fc0eae/actions - {"actions":[{"id":"action23","type":"key","parameters":{},"actions":[{"type":"keyDown","value":"î€‡"},{"type":"pause","duration":10},{"type":"keyUp","value":"î€‡"}]}]}
RESULT: {"actions":[{"id":"action23","type":"key","parameters":{},"actions":[{"type":"keyDown","value":"î€‡"},{"type":"pause","duration":10},{"type":"keyUp","value":"î€‡"}]}]}
COMMAND: POST /session/371b8fcef450a364efde700f21fc0eae/execute/async - {"script":"<script> [1562 bytes]","args":[{"selector":{"id":"application-managepartners-display-component---NewPartner--externalCustomerComboBox-application-managepartners-display-component---NewPartner--assignmentsTable-0-vhi"},"wdio_ui5_key":"applicationmanagepartners-display-component---NewPartner--externalCustomerComboBox-application-managepartners-display-component---NewPartner--assignmentsTable-0-vhi"}]}
COMMAND: GET /session/371b8fcef450a364efde700f21fc0eae/screenshot - {}
RESULT: {"script":"<script> [1562 bytes]","args":[{"selector":{"id":"application-managepartners-display-component---NewPartner--externalCustomerComboBox-application-managepartners-display-component---NewPartner--assignmentsTable-0-vhi"},"wdio_ui5_key":"applicationmanagepartners-display-component---NewPartner--externalCustomerComboBox-application-managepartners-display-component---NewPartner--assignmentsTable-0-vhi"}]}
RESULT: undefined
COMMAND: POST /session/371b8fcef450a364efde700f21fc0eae/element - {"using":"xpath","value":"//*[@id=\"application-managepartners-display-component---NewPartner--externalCustomerComboBox-application-managepartners-display-component---NewPartner--assignmentsTable-0-vhi\"]"}
RESULT: {}
RESULT: {"using":"xpath","value":"//*[@id=\"application-managepartners-display-component---NewPartner--externalCustomerComboBox-application-managepartners-display-component---NewPartner--assignmentsTable-0-vhi\"]"}
COMMAND: POST /session/371b8fcef450a364efde700f21fc0eae/element/f.FFD2F70B7356459FE22D1016ABDF7B9E.d.D04CFF6C92A155010BEECF0181BE8A75.e.8482/click - {}
RESULT: {}
RESULT: undefined
COMMAND: POST /session/371b8fcef450a364efde700f21fc0eae/execute/async - {"script":"<script> [776 bytes]","args":[{"enterText":"300003","selector":{"controlType":"sap.m.SearchField","properties":{"placeholder":"Search"},"searchOpenDialogs":true,"interaction":{"idSuffix":"I"}},"clearTextFirst":true,"interactionType":"ENTER_TEXT"}]}
COMMAND: GET /session/371b8fcef450a364efde700f21fc0eae/screenshot - {}
RESULT: {"script":"<script> [776 bytes]","args":[{"enterText":"300003","selector":{"controlType":"sap.m.SearchField","properties":{"placeholder":"Search"},"searchOpenDialogs":true,"interaction":{"idSuffix":"I"}},"clearTextFirst":true,"interactionType":"ENTER_TEXT"}]}
COMMAND: POST /session/371b8fcef450a364efde700f21fc0eae/actions - {"actions":[{"id":"action24","type":"key","parameters":{},"actions":[{"type":"keyDown","value":"î€‡"},{"type":"pause","duration":10},{"type":"keyUp","value":"î€‡"}]}]}
RESULT: {}
RESULT: {"actions":[{"id":"action24","type":"key","parameters":{},"actions":[{"type":"keyDown","value":"î€‡"},{"type":"pause","duration":10},{"type":"keyUp","value":"î€‡"}]}]}
COMMAND: GET /session/371b8fcef450a364efde700f21fc0eae/screenshot - {}
RESULT: {}
COMMAND: POST /session/371b8fcef450a364efde700f21fc0eae/element - {"using":"xpath","value":"//span[contains(text(), \"300003\")]"}
RESULT: {"using":"xpath","value":"//span[contains(text(), \"300003\")]"}
COMMAND: POST /session/371b8fcef450a364efde700f21fc0eae/element/f.FFD2F70B7356459FE22D1016ABDF7B9E.d.D04CFF6C92A155010BEECF0181BE8A75.e.8499/click - {}
RESULT: {}
COMMAND: GET /session/371b8fcef450a364efde700f21fc0eae/screenshot - {}
RESULT: {}
COMMAND: POST /session/371b8fcef450a364efde700f21fc0eae/element - {"using":"xpath","value":"//bdi[contains(text(), \"OK\")]"}
RESULT: {"using":"xpath","value":"//bdi[contains(text(), \"OK\")]"}
COMMAND: POST /session/371b8fcef450a364efde700f21fc0eae/element/f.FFD2F70B7356459FE22D1016ABDF7B9E.d.D04CFF6C92A155010BEECF0181BE8A75.e.8501/click - {}
RESULT: {}
COMMAND: GET /session/371b8fcef450a364efde700f21fc0eae/screenshot - {}
RESULT: {}
COMMAND: POST /session/371b8fcef450a364efde700f21fc0eae/execute/async - {"script":"<script> [1562 bytes]","args":[{"selector":{"id":"application-managepartners-display-component---NewPartner--intercompVendorComboBox-application-managepartners-display-component---NewPartner--assignmentsTable-0-vhi"},"wdio_ui5_key":"applicationmanagepartners-display-component---NewPartner--intercompVendorComboBox-application-managepartners-display-component---NewPartner--assignmentsTable-0-vhi"}]}
RESULT: {"script":"<script> [1562 bytes]","args":[{"selector":{"id":"application-managepartners-display-component---NewPartner--intercompVendorComboBox-application-managepartners-display-component---NewPartner--assignmentsTable-0-vhi"},"wdio_ui5_key":"applicationmanagepartners-display-component---NewPartner--intercompVendorComboBox-application-managepartners-display-component---NewPartner--assignmentsTable-0-vhi"}]}
RESULT: undefined
COMMAND: POST /session/371b8fcef450a364efde700f21fc0eae/element - {"using":"xpath","value":"//*[@id=\"application-managepartners-display-component---NewPartner--intercompVendorComboBox-application-managepartners-display-component---NewPartner--assignmentsTable-0-vhi\"]"}
RESULT: {"using":"xpath","value":"//*[@id=\"application-managepartners-display-component---NewPartner--intercompVendorComboBox-application-managepartners-display-component---NewPartner--assignmentsTable-0-vhi\"]"}
COMMAND: POST /session/371b8fcef450a364efde700f21fc0eae/element/f.FFD2F70B7356459FE22D1016ABDF7B9E.d.D04CFF6C92A155010BEECF0181BE8A75.e.8504/click - {}
RESULT: {}
RESULT: undefined
COMMAND: POST /session/371b8fcef450a364efde700f21fc0eae/execute/async - {"script":"<script> [776 bytes]","args":[{"enterText":"100005","selector":{"controlType":"sap.m.SearchField","properties":{"placeholder":"Search"},"searchOpenDialogs":true,"interaction":{"idSuffix":"I"}},"clearTextFirst":true,"interactionType":"ENTER_TEXT"}]}
COMMAND: GET /session/371b8fcef450a364efde700f21fc0eae/screenshot - {}
RESULT: {"script":"<script> [776 bytes]","args":[{"enterText":"100005","selector":{"controlType":"sap.m.SearchField","properties":{"placeholder":"Search"},"searchOpenDialogs":true,"interaction":{"idSuffix":"I"}},"clearTextFirst":true,"interactionType":"ENTER_TEXT"}]}
COMMAND: POST /session/371b8fcef450a364efde700f21fc0eae/actions - {"actions":[{"id":"action25","type":"key","parameters":{},"actions":[{"type":"keyDown","value":"î€‡"},{"type":"pause","duration":10},{"type":"keyUp","value":"î€‡"}]}]}
RESULT: {}
RESULT: {"actions":[{"id":"action25","type":"key","parameters":{},"actions":[{"type":"keyDown","value":"î€‡"},{"type":"pause","duration":10},{"type":"keyUp","value":"î€‡"}]}]}
COMMAND: GET /session/371b8fcef450a364efde700f21fc0eae/screenshot - {}
RESULT: {}
COMMAND: POST /session/371b8fcef450a364efde700f21fc0eae/element - {"using":"xpath","value":"//span[contains(text(), \"Penguins - Field/12345 Berlin\")]"}
RESULT: {"using":"xpath","value":"//span[contains(text(), \"Penguins - Field/12345 Berlin\")]"}
COMMAND: POST /session/371b8fcef450a364efde700f21fc0eae/element/f.FFD2F70B7356459FE22D1016ABDF7B9E.d.D04CFF6C92A155010BEECF0181BE8A75.e.8523/click - {}
RESULT: {}
COMMAND: GET /session/371b8fcef450a364efde700f21fc0eae/screenshot - {}
RESULT: {}
COMMAND: POST /session/371b8fcef450a364efde700f21fc0eae/element - {"using":"xpath","value":"//bdi[contains(text(), \"OK\")]"}
RESULT: {"using":"xpath","value":"//bdi[contains(text(), \"OK\")]"}
COMMAND: POST /session/371b8fcef450a364efde700f21fc0eae/element/f.FFD2F70B7356459FE22D1016ABDF7B9E.d.D04CFF6C92A155010BEECF0181BE8A75.e.8524/click - {}
RESULT: {}
COMMAND: GET /session/371b8fcef450a364efde700f21fc0eae/screenshot - {}
RESULT: {}
COMMAND: POST /session/371b8fcef450a364efde700f21fc0eae/element - {"using":"xpath","value":"//button[@data-kt=\"saveButton\"]"}
RESULT: {"using":"xpath","value":"//button[@data-kt=\"saveButton\"]"}
COMMAND: POST /session/371b8fcef450a364efde700f21fc0eae/element/f.FFD2F70B7356459FE22D1016ABDF7B9E.d.D04CFF6C92A155010BEECF0181BE8A75.e.8331/click - {}
RESULT: {}
COMMAND: GET /session/371b8fcef450a364efde700f21fc0eae/screenshot - {}
RESULT: {}
COMMAND: POST /session/371b8fcef450a364efde700f21fc0eae/element - {"using":"xpath","value":"//header[contains(@id, 'ObjectPageLayout-headerTitle')]/div[1]/div[2]/div[2]/span[1]"}
RESULT: {"using":"xpath","value":"//header[contains(@id, 'ObjectPageLayout-headerTitle')]/div[1]/div[2]/div[2]/span[1]"}
COMMAND: POST /session/371b8fcef450a364efde700f21fc0eae/elements - {"using":"xpath","value":"//header[contains(@id, 'ObjectPageLayout-headerTitle')]/div[1]/div[2]/div[2]/span[1]"}
RESULT: {"using":"xpath","value":"//header[contains(@id, 'ObjectPageLayout-headerTitle')]/div[1]/div[2]/div[2]/span[1]"}
COMMAND: POST /session/371b8fcef450a364efde700f21fc0eae/execute/sync - {"script":"<script> [56 bytes]","args":[{"element-6066-11e4-a52e-4f735466cecf":"f.FFD2F70B7356459FE22D1016ABDF7B9E.d.D04CFF6C92A155010BEECF0181BE8A75.e.8689","ELEMENT":"f.FFD2F70B7356459FE22D1016ABDF7B9E.d.D04CFF6C92A155010BEECF0181BE8A75.e.8689"}]}
RESULT: {"script":"<script> [56 bytes]","args":[{"element-6066-11e4-a52e-4f735466cecf":"f.FFD2F70B7356459FE22D1016ABDF7B9E.d.D04CFF6C92A155010BEECF0181BE8A75.e.8689","ELEMENT":"f.FFD2F70B7356459FE22D1016ABDF7B9E.d.D04CFF6C92A155010BEECF0181BE8A75.e.8689"}]}
COMMAND: POST /session/371b8fcef450a364efde700f21fc0eae/element - {"using":"css selector","value":"#shell-header-logo"}
COMMAND: GET /session/371b8fcef450a364efde700f21fc0eae/screenshot - {}
RESULT: {"using":"css selector","value":"#shell-header-logo"}
COMMAND: POST /session/371b8fcef450a364efde700f21fc0eae/element/f.FFD2F70B7356459FE22D1016ABDF7B9E.d.D04CFF6C92A155010BEECF0181BE8A75.e.7916/click - {}
RESULT: {}
RESULT: {}
COMMAND: GET /session/371b8fcef450a364efde700f21fc0eae/screenshot - {}
RESULT: {}
COMMAND: POST /session/371b8fcef450a364efde700f21fc0eae/execute/sync - {"script":"<script> [299 bytes]","args":[["getModel","getResource"]]}
RESULT: {"script":"<script> [299 bytes]","args":[["getModel","getResource"]]}
]]></system-out>
    </testcase>
    <testcase classname="chrome.135_0_7049_96.windows.Billing_Transfer_-_Intracompany_US127249" name="Should create a new site" time="86.294">
      <system-out><![CDATA[
COMMAND: GET /session/371b8fcef450a364efde700f21fc0eae/screenshot - {}
COMMAND: POST /session/371b8fcef450a364efde700f21fc0eae/execute/async - {"script":"<script> [1562 bytes]","args":[{"selector":{"controlType":"sap.m.TileContent","bindingPath":{"path":"","propertyPath":"/properties/info"},"ancestor":{"controlType":"sap.m.GenericTile","properties":{"header":"Manage Sites"}}},"wdio_ui5_key":"sapm.TileContent{\"path\":\"\",\"propertyPath\":\"/properties/info\"}{\"controlType\":\"sap.m.GenericTile\",\"properties\":{\"header\":\"Manage Sites\"}}"}]}
RESULT: {"script":"<script> [1562 bytes]","args":[{"selector":{"controlType":"sap.m.TileContent","bindingPath":{"path":"","propertyPath":"/properties/info"},"ancestor":{"controlType":"sap.m.GenericTile","properties":{"header":"Manage Sites"}}},"wdio_ui5_key":"sapm.TileContent{\"path\":\"\",\"propertyPath\":\"/properties/info\"}{\"controlType\":\"sap.m.GenericTile\",\"properties\":{\"header\":\"Manage Sites\"}}"}]}
RESULT: undefined
COMMAND: POST /session/371b8fcef450a364efde700f21fc0eae/element - {"using":"xpath","value":"//*[@id=\"__xmlview7--numericTileContent\"]"}
RESULT: {}
RESULT: {"using":"xpath","value":"//*[@id=\"__xmlview7--numericTileContent\"]"}
COMMAND: POST /session/371b8fcef450a364efde700f21fc0eae/element/f.FFD2F70B7356459FE22D1016ABDF7B9E.d.D04CFF6C92A155010BEECF0181BE8A75.e.8691/click - {}
RESULT: {}
COMMAND: POST /session/371b8fcef450a364efde700f21fc0eae/element - {"using":"xpath","value":"//button[@data-kt=\"addOverflowToolbarButton\"]"}
COMMAND: GET /session/371b8fcef450a364efde700f21fc0eae/screenshot - {}
RESULT: {"using":"xpath","value":"//button[@data-kt=\"addOverflowToolbarButton\"]"}
COMMAND: POST /session/371b8fcef450a364efde700f21fc0eae/elements - {"using":"xpath","value":"//button[@data-kt=\"addOverflowToolbarButton\"]"}
RESULT: {}
RESULT: {"using":"xpath","value":"//button[@data-kt=\"addOverflowToolbarButton\"]"}
COMMAND: POST /session/371b8fcef450a364efde700f21fc0eae/elements - {"using":"xpath","value":"//button[@data-kt=\"addOverflowToolbarButton\"]"}
RESULT: {"using":"xpath","value":"//button[@data-kt=\"addOverflowToolbarButton\"]"}
COMMAND: POST /session/371b8fcef450a364efde700f21fc0eae/element - {"using":"xpath","value":"//button[@data-kt=\"addOverflowToolbarButton\"]"}
RESULT: {"using":"xpath","value":"//button[@data-kt=\"addOverflowToolbarButton\"]"}
COMMAND: POST /session/371b8fcef450a364efde700f21fc0eae/execute/sync - {"script":"<script> [8489 bytes]","args":[{"element-6066-11e4-a52e-4f735466cecf":"f.FFD2F70B7356459FE22D1016ABDF7B9E.d.D04CFF6C92A155010BEECF0181BE8A75.e.8737","ELEMENT":"f.FFD2F70B7356459FE22D1016ABDF7B9E.d.D04CFF6C92A155010BEECF0181BE8A75.e.8737"}]}
RESULT: {"script":"<script> [8489 bytes]","args":[{"element-6066-11e4-a52e-4f735466cecf":"f.FFD2F70B7356459FE22D1016ABDF7B9E.d.D04CFF6C92A155010BEECF0181BE8A75.e.8737","ELEMENT":"f.FFD2F70B7356459FE22D1016ABDF7B9E.d.D04CFF6C92A155010BEECF0181BE8A75.e.8737"}]}
COMMAND: GET /session/371b8fcef450a364efde700f21fc0eae/element/f.FFD2F70B7356459FE22D1016ABDF7B9E.d.D04CFF6C92A155010BEECF0181BE8A75.e.8737/enabled - {}
COMMAND: GET /session/371b8fcef450a364efde700f21fc0eae/screenshot - {}
RESULT: {}
COMMAND: POST /session/371b8fcef450a364efde700f21fc0eae/execute/sync - {"script":"<script> [8489 bytes]","args":[{"element-6066-11e4-a52e-4f735466cecf":"f.FFD2F70B7356459FE22D1016ABDF7B9E.d.D04CFF6C92A155010BEECF0181BE8A75.e.8737","ELEMENT":"f.FFD2F70B7356459FE22D1016ABDF7B9E.d.D04CFF6C92A155010BEECF0181BE8A75.e.8737"}]}
COMMAND: GET /session/371b8fcef450a364efde700f21fc0eae/screenshot - {}
RESULT: {}
RESULT: {"script":"<script> [8489 bytes]","args":[{"element-6066-11e4-a52e-4f735466cecf":"f.FFD2F70B7356459FE22D1016ABDF7B9E.d.D04CFF6C92A155010BEECF0181BE8A75.e.8737","ELEMENT":"f.FFD2F70B7356459FE22D1016ABDF7B9E.d.D04CFF6C92A155010BEECF0181BE8A75.e.8737"}]}
COMMAND: POST /session/371b8fcef450a364efde700f21fc0eae/execute/sync - {"script":"<script> [5351 bytes]","args":[{"element-6066-11e4-a52e-4f735466cecf":"f.FFD2F70B7356459FE22D1016ABDF7B9E.d.D04CFF6C92A155010BEECF0181BE8A75.e.8737","ELEMENT":"f.FFD2F70B7356459FE22D1016ABDF7B9E.d.D04CFF6C92A155010BEECF0181BE8A75.e.8737"}]}
COMMAND: GET /session/371b8fcef450a364efde700f21fc0eae/screenshot - {}
RESULT: {}
RESULT: {"script":"<script> [5351 bytes]","args":[{"element-6066-11e4-a52e-4f735466cecf":"f.FFD2F70B7356459FE22D1016ABDF7B9E.d.D04CFF6C92A155010BEECF0181BE8A75.e.8737","ELEMENT":"f.FFD2F70B7356459FE22D1016ABDF7B9E.d.D04CFF6C92A155010BEECF0181BE8A75.e.8737"}]}
COMMAND: POST /session/371b8fcef450a364efde700f21fc0eae/element/f.FFD2F70B7356459FE22D1016ABDF7B9E.d.D04CFF6C92A155010BEECF0181BE8A75.e.8737/click - {}
COMMAND: GET /session/371b8fcef450a364efde700f21fc0eae/screenshot - {}
RESULT: {}
RESULT: {}
COMMAND: GET /session/371b8fcef450a364efde700f21fc0eae/screenshot - {}
RESULT: {}
COMMAND: POST /session/371b8fcef450a364efde700f21fc0eae/execute/async - {"script":"<script> [1562 bytes]","args":[{"selector":{"id":"application-managesites-display-component---NewSite--addressDetailDetailsName1","interaction":{"idSuffix":"inner"}},"wdio_ui5_key":"applicationmanagesites-display-component---NewSite--addressDetailDetailsName1"}]}
RESULT: {}
RESULT: {"script":"<script> [1562 bytes]","args":[{"selector":{"id":"application-managesites-display-component---NewSite--addressDetailDetailsName1","interaction":{"idSuffix":"inner"}},"wdio_ui5_key":"applicationmanagesites-display-component---NewSite--addressDetailDetailsName1"}]}
RESULT: undefined
COMMAND: POST /session/371b8fcef450a364efde700f21fc0eae/execute/async - {"script":"<script> [776 bytes]","args":[{"enterText":"Intracompany Site wdIO","selector":{"id":"application-managesites-display-component---NewSite--addressDetailDetailsName1","interaction":{"idSuffix":"inner"}},"clearTextFirst":true,"interactionType":"ENTER_TEXT"}]}
RESULT: {"script":"<script> [776 bytes]","args":[{"enterText":"Intracompany Site wdIO","selector":{"id":"application-managesites-display-component---NewSite--addressDetailDetailsName1","interaction":{"idSuffix":"inner"}},"clearTextFirst":true,"interactionType":"ENTER_TEXT"}]}
COMMAND: POST /session/371b8fcef450a364efde700f21fc0eae/execute/async - {"script":"<script> [1562 bytes]","args":[{"selector":{"id":"application-managesites-display-component---NewSite--addressDetailDetailsLanguage-arrow"},"wdio_ui5_key":"applicationmanagesites-display-component---NewSite--addressDetailDetailsLanguage-arrow"}]}
RESULT: {"script":"<script> [1562 bytes]","args":[{"selector":{"id":"application-managesites-display-component---NewSite--addressDetailDetailsLanguage-arrow"},"wdio_ui5_key":"applicationmanagesites-display-component---NewSite--addressDetailDetailsLanguage-arrow"}]}
RESULT: undefined
COMMAND: POST /session/371b8fcef450a364efde700f21fc0eae/element - {"using":"xpath","value":"//*[@id=\"application-managesites-display-component---NewSite--addressDetailDetailsLanguage-arrow\"]"}
RESULT: {"using":"xpath","value":"//*[@id=\"application-managesites-display-component---NewSite--addressDetailDetailsLanguage-arrow\"]"}
COMMAND: POST /session/371b8fcef450a364efde700f21fc0eae/element/f.FFD2F70B7356459FE22D1016ABDF7B9E.d.D04CFF6C92A155010BEECF0181BE8A75.e.9132/click - {}
RESULT: {}
COMMAND: POST /session/371b8fcef450a364efde700f21fc0eae/element - {"using":"xpath","value":"//span[contains(text(), \"English\")]"}
COMMAND: GET /session/371b8fcef450a364efde700f21fc0eae/screenshot - {}
RESULT: {"using":"xpath","value":"//span[contains(text(), \"English\")]"}
COMMAND: POST /session/371b8fcef450a364efde700f21fc0eae/element/f.FFD2F70B7356459FE22D1016ABDF7B9E.d.D04CFF6C92A155010BEECF0181BE8A75.e.9133/click - {}
RESULT: {}
RESULT: {}
COMMAND: POST /session/371b8fcef450a364efde700f21fc0eae/execute/async - {"script":"<script> [1562 bytes]","args":[{"selector":{"id":"application-managesites-display-component---NewSite--addressDetailDetailsCity1","interaction":{"idSuffix":"inner"}},"wdio_ui5_key":"applicationmanagesites-display-component---NewSite--addressDetailDetailsCity1"}]}
COMMAND: GET /session/371b8fcef450a364efde700f21fc0eae/screenshot - {}
RESULT: {"script":"<script> [1562 bytes]","args":[{"selector":{"id":"application-managesites-display-component---NewSite--addressDetailDetailsCity1","interaction":{"idSuffix":"inner"}},"wdio_ui5_key":"applicationmanagesites-display-component---NewSite--addressDetailDetailsCity1"}]}
RESULT: undefined
COMMAND: POST /session/371b8fcef450a364efde700f21fc0eae/execute/async - {"script":"<script> [776 bytes]","args":[{"enterText":"Rosario","selector":{"id":"application-managesites-display-component---NewSite--addressDetailDetailsCity1","interaction":{"idSuffix":"inner"}},"clearTextFirst":true,"interactionType":"ENTER_TEXT"}]}
RESULT: {}
RESULT: {"script":"<script> [776 bytes]","args":[{"enterText":"Rosario","selector":{"id":"application-managesites-display-component---NewSite--addressDetailDetailsCity1","interaction":{"idSuffix":"inner"}},"clearTextFirst":true,"interactionType":"ENTER_TEXT"}]}
COMMAND: POST /session/371b8fcef450a364efde700f21fc0eae/execute/async - {"script":"<script> [1562 bytes]","args":[{"selector":{"id":"application-managesites-display-component---NewSite--addressDetailDetailsCountry-arrow"},"wdio_ui5_key":"applicationmanagesites-display-component---NewSite--addressDetailDetailsCountry-arrow"}]}
RESULT: {"script":"<script> [1562 bytes]","args":[{"selector":{"id":"application-managesites-display-component---NewSite--addressDetailDetailsCountry-arrow"},"wdio_ui5_key":"applicationmanagesites-display-component---NewSite--addressDetailDetailsCountry-arrow"}]}
RESULT: undefined
COMMAND: POST /session/371b8fcef450a364efde700f21fc0eae/element - {"using":"xpath","value":"//*[@id=\"application-managesites-display-component---NewSite--addressDetailDetailsCountry-arrow\"]"}
RESULT: {"using":"xpath","value":"//*[@id=\"application-managesites-display-component---NewSite--addressDetailDetailsCountry-arrow\"]"}
COMMAND: POST /session/371b8fcef450a364efde700f21fc0eae/element/f.FFD2F70B7356459FE22D1016ABDF7B9E.d.D04CFF6C92A155010BEECF0181BE8A75.e.9135/click - {}
RESULT: {}
COMMAND: POST /session/371b8fcef450a364efde700f21fc0eae/element - {"using":"xpath","value":"//span[contains(text(), \"Argentina\")]"}
COMMAND: GET /session/371b8fcef450a364efde700f21fc0eae/screenshot - {}
RESULT: {"using":"xpath","value":"//span[contains(text(), \"Argentina\")]"}
COMMAND: POST /session/371b8fcef450a364efde700f21fc0eae/element/f.FFD2F70B7356459FE22D1016ABDF7B9E.d.D04CFF6C92A155010BEECF0181BE8A75.e.9136/click - {}
RESULT: {}
RESULT: {}
COMMAND: GET /session/371b8fcef450a364efde700f21fc0eae/screenshot - {}
RESULT: {}
COMMAND: POST /session/371b8fcef450a364efde700f21fc0eae/execute/async - {"script":"<script> [1562 bytes]","args":[{"selector":{"id":"application-managesites-display-component---NewSite--addressEditDetailsCostObjectCstType-arrow"},"wdio_ui5_key":"applicationmanagesites-display-component---NewSite--addressEditDetailsCostObjectCstType-arrow"}]}
RESULT: {"script":"<script> [1562 bytes]","args":[{"selector":{"id":"application-managesites-display-component---NewSite--addressEditDetailsCostObjectCstType-arrow"},"wdio_ui5_key":"applicationmanagesites-display-component---NewSite--addressEditDetailsCostObjectCstType-arrow"}]}
RESULT: undefined
COMMAND: POST /session/371b8fcef450a364efde700f21fc0eae/element - {"using":"xpath","value":"//*[@id=\"application-managesites-display-component---NewSite--addressEditDetailsCostObjectCstType-arrow\"]"}
RESULT: {"using":"xpath","value":"//*[@id=\"application-managesites-display-component---NewSite--addressEditDetailsCostObjectCstType-arrow\"]"}
COMMAND: POST /session/371b8fcef450a364efde700f21fc0eae/element/f.FFD2F70B7356459FE22D1016ABDF7B9E.d.D04CFF6C92A155010BEECF0181BE8A75.e.9137/click - {}
RESULT: {}
COMMAND: POST /session/371b8fcef450a364efde700f21fc0eae/element - {"using":"xpath","value":"//span[contains(text(), \"Cost Center\")]"}
COMMAND: GET /session/371b8fcef450a364efde700f21fc0eae/screenshot - {}
RESULT: {"using":"xpath","value":"//span[contains(text(), \"Cost Center\")]"}
COMMAND: POST /session/371b8fcef450a364efde700f21fc0eae/element/f.FFD2F70B7356459FE22D1016ABDF7B9E.d.D04CFF6C92A155010BEECF0181BE8A75.e.9138/click - {}
RESULT: {}
RESULT: {}
COMMAND: GET /session/371b8fcef450a364efde700f21fc0eae/screenshot - {}
RESULT: {}
COMMAND: POST /session/371b8fcef450a364efde700f21fc0eae/element - {"using":"xpath","value":"//span[@id=\"application-managesites-display-component---NewSite--addressNewCostObjectCstID-vhi\"]"}
RESULT: {"using":"xpath","value":"//span[@id=\"application-managesites-display-component---NewSite--addressNewCostObjectCstID-vhi\"]"}
COMMAND: POST /session/371b8fcef450a364efde700f21fc0eae/execute/sync - {"script":"<script> [8489 bytes]","args":[{"element-6066-11e4-a52e-4f735466cecf":"f.FFD2F70B7356459FE22D1016ABDF7B9E.d.D04CFF6C92A155010BEECF0181BE8A75.e.9143","ELEMENT":"f.FFD2F70B7356459FE22D1016ABDF7B9E.d.D04CFF6C92A155010BEECF0181BE8A75.e.9143"}]}
RESULT: {"script":"<script> [8489 bytes]","args":[{"element-6066-11e4-a52e-4f735466cecf":"f.FFD2F70B7356459FE22D1016ABDF7B9E.d.D04CFF6C92A155010BEECF0181BE8A75.e.9143","ELEMENT":"f.FFD2F70B7356459FE22D1016ABDF7B9E.d.D04CFF6C92A155010BEECF0181BE8A75.e.9143"}]}
COMMAND: POST /session/371b8fcef450a364efde700f21fc0eae/execute/async - {"script":"<script> [1562 bytes]","args":[{"selector":{"id":"application-managesites-display-component---NewSite--addressNewCostObjectCstID-vhi"},"wdio_ui5_key":"applicationmanagesites-display-component---NewSite--addressNewCostObjectCstID-vhi"}]}
COMMAND: GET /session/371b8fcef450a364efde700f21fc0eae/screenshot - {}
RESULT: {"script":"<script> [1562 bytes]","args":[{"selector":{"id":"application-managesites-display-component---NewSite--addressNewCostObjectCstID-vhi"},"wdio_ui5_key":"applicationmanagesites-display-component---NewSite--addressNewCostObjectCstID-vhi"}]}
RESULT: undefined
COMMAND: POST /session/371b8fcef450a364efde700f21fc0eae/element - {"using":"xpath","value":"//*[@id=\"application-managesites-display-component---NewSite--addressNewCostObjectCstID-vhi\"]"}
RESULT: {}
RESULT: {"using":"xpath","value":"//*[@id=\"application-managesites-display-component---NewSite--addressNewCostObjectCstID-vhi\"]"}
COMMAND: POST /session/371b8fcef450a364efde700f21fc0eae/element/f.FFD2F70B7356459FE22D1016ABDF7B9E.d.D04CFF6C92A155010BEECF0181BE8A75.e.9143/click - {}
RESULT: {}
COMMAND: GET /session/371b8fcef450a364efde700f21fc0eae/screenshot - {}
RESULT: {}
RESULT: undefined
COMMAND: POST /session/371b8fcef450a364efde700f21fc0eae/execute/async - {"script":"<script> [776 bytes]","args":[{"enterText":"10001013","selector":{"controlType":"sap.m.SearchField","properties":{"placeholder":"Search"},"searchOpenDialogs":true,"interaction":{"idSuffix":"I"}},"clearTextFirst":true,"interactionType":"ENTER_TEXT"}]}
RESULT: {"script":"<script> [776 bytes]","args":[{"enterText":"10001013","selector":{"controlType":"sap.m.SearchField","properties":{"placeholder":"Search"},"searchOpenDialogs":true,"interaction":{"idSuffix":"I"}},"clearTextFirst":true,"interactionType":"ENTER_TEXT"}]}
COMMAND: POST /session/371b8fcef450a364efde700f21fc0eae/actions - {"actions":[{"id":"action26","type":"key","parameters":{},"actions":[{"type":"keyDown","value":"î€‡"},{"type":"pause","duration":10},{"type":"keyUp","value":"î€‡"}]}]}
RESULT: {"actions":[{"id":"action26","type":"key","parameters":{},"actions":[{"type":"keyDown","value":"î€‡"},{"type":"pause","duration":10},{"type":"keyUp","value":"î€‡"}]}]}
COMMAND: GET /session/371b8fcef450a364efde700f21fc0eae/screenshot - {}
RESULT: {}
COMMAND: POST /session/371b8fcef450a364efde700f21fc0eae/element - {"using":"xpath","value":"//span[contains(text(), \"General Management\")]"}
RESULT: {"using":"xpath","value":"//span[contains(text(), \"General Management\")]"}
COMMAND: POST /session/371b8fcef450a364efde700f21fc0eae/element/f.FFD2F70B7356459FE22D1016ABDF7B9E.d.D04CFF6C92A155010BEECF0181BE8A75.e.9181/click - {}
RESULT: {}
COMMAND: GET /session/371b8fcef450a364efde700f21fc0eae/screenshot - {}
RESULT: {}
COMMAND: POST /session/371b8fcef450a364efde700f21fc0eae/element - {"using":"xpath","value":"//bdi[contains(text(), \"OK\")]"}
RESULT: {"using":"xpath","value":"//bdi[contains(text(), \"OK\")]"}
COMMAND: POST /session/371b8fcef450a364efde700f21fc0eae/element/f.FFD2F70B7356459FE22D1016ABDF7B9E.d.D04CFF6C92A155010BEECF0181BE8A75.e.9182/click - {}
RESULT: {}
COMMAND: GET /session/371b8fcef450a364efde700f21fc0eae/screenshot - {}
RESULT: {}
COMMAND: POST /session/371b8fcef450a364efde700f21fc0eae/element - {"using":"xpath","value":"//input[@id=\"application-managesites-display-component---NewSite--addressDetailDetailsCalendar-inner\"]"}
RESULT: {"using":"xpath","value":"//input[@id=\"application-managesites-display-component---NewSite--addressDetailDetailsCalendar-inner\"]"}
COMMAND: POST /session/371b8fcef450a364efde700f21fc0eae/element/f.FFD2F70B7356459FE22D1016ABDF7B9E.d.D04CFF6C92A155010BEECF0181BE8A75.e.8930/clear - {}
RESULT: {}
COMMAND: POST /session/371b8fcef450a364efde700f21fc0eae/element/f.FFD2F70B7356459FE22D1016ABDF7B9E.d.D04CFF6C92A155010BEECF0181BE8A75.e.8930/value - {"text":"Unit"}
COMMAND: GET /session/371b8fcef450a364efde700f21fc0eae/screenshot - {}
RESULT: {"text":"Unit"}
COMMAND: GET /session/371b8fcef450a364efde700f21fc0eae/screenshot - {}
RESULT: {}
RESULT: {}
COMMAND: POST /session/371b8fcef450a364efde700f21fc0eae/actions - {"actions":[{"id":"action27","type":"key","parameters":{},"actions":[{"type":"keyDown","value":"î€‡"},{"type":"pause","duration":10},{"type":"keyUp","value":"î€‡"}]}]}
RESULT: {"actions":[{"id":"action27","type":"key","parameters":{},"actions":[{"type":"keyDown","value":"î€‡"},{"type":"pause","duration":10},{"type":"keyUp","value":"î€‡"}]}]}
COMMAND: POST /session/371b8fcef450a364efde700f21fc0eae/element - {"using":"xpath","value":"//input[@id=\"application-managesites-display-component---NewSite--addressDetailDetailsYard-inner\"]"}
COMMAND: GET /session/371b8fcef450a364efde700f21fc0eae/screenshot - {}
RESULT: {"using":"xpath","value":"//input[@id=\"application-managesites-display-component---NewSite--addressDetailDetailsYard-inner\"]"}
COMMAND: POST /session/371b8fcef450a364efde700f21fc0eae/element/f.FFD2F70B7356459FE22D1016ABDF7B9E.d.D04CFF6C92A155010BEECF0181BE8A75.e.8931/clear - {}
RESULT: {}
RESULT: {}
COMMAND: POST /session/371b8fcef450a364efde700f21fc0eae/element/f.FFD2F70B7356459FE22D1016ABDF7B9E.d.D04CFF6C92A155010BEECF0181BE8A75.e.8931/value - {"text":"515"}
COMMAND: GET /session/371b8fcef450a364efde700f21fc0eae/screenshot - {}
RESULT: {"text":"515"}
COMMAND: GET /session/371b8fcef450a364efde700f21fc0eae/screenshot - {}
RESULT: {}
RESULT: {}
COMMAND: POST /session/371b8fcef450a364efde700f21fc0eae/element - {"using":"xpath","value":"//li[.//span[text()='515']]"}
RESULT: {"using":"xpath","value":"//li[.//span[text()='515']]"}
COMMAND: POST /session/371b8fcef450a364efde700f21fc0eae/element/f.FFD2F70B7356459FE22D1016ABDF7B9E.d.D04CFF6C92A155010BEECF0181BE8A75.e.9190/click - {}
RESULT: {}
COMMAND: GET /session/371b8fcef450a364efde700f21fc0eae/screenshot - {}
RESULT: {}
COMMAND: POST /session/371b8fcef450a364efde700f21fc0eae/element - {"using":"xpath","value":"//input[@id=\"application-managesites-display-component---NewSite--addressDetailDetailsPartner-inner\"]"}
RESULT: {"using":"xpath","value":"//input[@id=\"application-managesites-display-component---NewSite--addressDetailDetailsPartner-inner\"]"}
COMMAND: POST /session/371b8fcef450a364efde700f21fc0eae/element - {"using":"xpath","value":"//input[@id=\"application-managesites-display-component---NewSite--addressDetailDetailsPartner-inner\"]"}
RESULT: {"using":"xpath","value":"//input[@id=\"application-managesites-display-component---NewSite--addressDetailDetailsPartner-inner\"]"}
COMMAND: POST /session/371b8fcef450a364efde700f21fc0eae/element - {"using":"xpath","value":"//button[@data-kt=\"saveButton\"]"}
RESULT: {"using":"xpath","value":"//button[@data-kt=\"saveButton\"]"}
COMMAND: POST /session/371b8fcef450a364efde700f21fc0eae/element/f.FFD2F70B7356459FE22D1016ABDF7B9E.d.D04CFF6C92A155010BEECF0181BE8A75.e.9080/click - {}
RESULT: {}
COMMAND: GET /session/371b8fcef450a364efde700f21fc0eae/screenshot - {}
RESULT: {}
COMMAND: POST /session/371b8fcef450a364efde700f21fc0eae/element - {"using":"xpath","value":"//header[contains(@id, 'ObjectPageLayout-headerTitle')]/div[1]/div[2]/div[2]/span[1]"}
RESULT: {"using":"xpath","value":"//header[contains(@id, 'ObjectPageLayout-headerTitle')]/div[1]/div[2]/div[2]/span[1]"}
COMMAND: POST /session/371b8fcef450a364efde700f21fc0eae/elements - {"using":"xpath","value":"//header[contains(@id, 'ObjectPageLayout-headerTitle')]/div[1]/div[2]/div[2]/span[1]"}
RESULT: {"using":"xpath","value":"//header[contains(@id, 'ObjectPageLayout-headerTitle')]/div[1]/div[2]/div[2]/span[1]"}
COMMAND: POST /session/371b8fcef450a364efde700f21fc0eae/execute/sync - {"script":"<script> [56 bytes]","args":[{"element-6066-11e4-a52e-4f735466cecf":"f.FFD2F70B7356459FE22D1016ABDF7B9E.d.D04CFF6C92A155010BEECF0181BE8A75.e.9394","ELEMENT":"f.FFD2F70B7356459FE22D1016ABDF7B9E.d.D04CFF6C92A155010BEECF0181BE8A75.e.9394"}]}
RESULT: {"script":"<script> [56 bytes]","args":[{"element-6066-11e4-a52e-4f735466cecf":"f.FFD2F70B7356459FE22D1016ABDF7B9E.d.D04CFF6C92A155010BEECF0181BE8A75.e.9394","ELEMENT":"f.FFD2F70B7356459FE22D1016ABDF7B9E.d.D04CFF6C92A155010BEECF0181BE8A75.e.9394"}]}
COMMAND: POST /session/371b8fcef450a364efde700f21fc0eae/element - {"using":"css selector","value":"#shell-header-logo"}
COMMAND: GET /session/371b8fcef450a364efde700f21fc0eae/screenshot - {}
RESULT: {"using":"css selector","value":"#shell-header-logo"}
COMMAND: POST /session/371b8fcef450a364efde700f21fc0eae/element/f.FFD2F70B7356459FE22D1016ABDF7B9E.d.D04CFF6C92A155010BEECF0181BE8A75.e.8694/click - {}
RESULT: {}
RESULT: {}
COMMAND: GET /session/371b8fcef450a364efde700f21fc0eae/screenshot - {}
RESULT: {}
COMMAND: POST /session/371b8fcef450a364efde700f21fc0eae/execute/sync - {"script":"<script> [299 bytes]","args":[["getModel","getResource"]]}
RESULT: {"script":"<script> [299 bytes]","args":[["getModel","getResource"]]}
COMMAND: GET /session/371b8fcef450a364efde700f21fc0eae/screenshot - {}
]]></system-out>
    </testcase>
    <testcase classname="chrome.135_0_7049_96.windows.Billing_Transfer_-_Intracompany_US127249" name="Should create a new equipment" time="119.15">
      <system-out><![CDATA[
COMMAND: POST /session/371b8fcef450a364efde700f21fc0eae/execute/async - {"script":"<script> [1562 bytes]","args":[{"selector":{"controlType":"sap.m.GenericTile","properties":{"header":"Manage Resources"}},"wdio_ui5_key":"sapm.GenericTile{\"header\":\"Manage Resources\"}"}]}
RESULT: {}
RESULT: {"script":"<script> [1562 bytes]","args":[{"selector":{"controlType":"sap.m.GenericTile","properties":{"header":"Manage Resources"}},"wdio_ui5_key":"sapm.GenericTile{\"header\":\"Manage Resources\"}"}]}
RESULT: undefined
COMMAND: POST /session/371b8fcef450a364efde700f21fc0eae/element - {"using":"xpath","value":"//*[@id=\"__tile39\"]"}
RESULT: {"using":"xpath","value":"//*[@id=\"__tile39\"]"}
COMMAND: POST /session/371b8fcef450a364efde700f21fc0eae/element/f.FFD2F70B7356459FE22D1016ABDF7B9E.d.D04CFF6C92A155010BEECF0181BE8A75.e.7054/click - {}
RESULT: {}
COMMAND: POST /session/371b8fcef450a364efde700f21fc0eae/element - {"using":"xpath","value":"//button[@data-kt=\"addNewRUOverflowToolbarButton\"]"}
COMMAND: GET /session/371b8fcef450a364efde700f21fc0eae/screenshot - {}
RESULT: {"using":"xpath","value":"//button[@data-kt=\"addNewRUOverflowToolbarButton\"]"}
COMMAND: POST /session/371b8fcef450a364efde700f21fc0eae/elements - {"using":"xpath","value":"//button[@data-kt=\"addNewRUOverflowToolbarButton\"]"}
RESULT: {}
RESULT: {"using":"xpath","value":"//button[@data-kt=\"addNewRUOverflowToolbarButton\"]"}
COMMAND: POST /session/371b8fcef450a364efde700f21fc0eae/elements - {"using":"xpath","value":"//button[@data-kt=\"addNewRUOverflowToolbarButton\"]"}
RESULT: {"using":"xpath","value":"//button[@data-kt=\"addNewRUOverflowToolbarButton\"]"}
COMMAND: POST /session/371b8fcef450a364efde700f21fc0eae/elements - {"using":"xpath","value":"//button[@data-kt=\"addNewRUOverflowToolbarButton\"]"}
RESULT: {"using":"xpath","value":"//button[@data-kt=\"addNewRUOverflowToolbarButton\"]"}
COMMAND: POST /session/371b8fcef450a364efde700f21fc0eae/elements - {"using":"xpath","value":"//button[@data-kt=\"addNewRUOverflowToolbarButton\"]"}
RESULT: {"using":"xpath","value":"//button[@data-kt=\"addNewRUOverflowToolbarButton\"]"}
COMMAND: POST /session/371b8fcef450a364efde700f21fc0eae/elements - {"using":"xpath","value":"//button[@data-kt=\"addNewRUOverflowToolbarButton\"]"}
RESULT: {"using":"xpath","value":"//button[@data-kt=\"addNewRUOverflowToolbarButton\"]"}
COMMAND: POST /session/371b8fcef450a364efde700f21fc0eae/elements - {"using":"xpath","value":"//button[@data-kt=\"addNewRUOverflowToolbarButton\"]"}
RESULT: {"using":"xpath","value":"//button[@data-kt=\"addNewRUOverflowToolbarButton\"]"}
COMMAND: POST /session/371b8fcef450a364efde700f21fc0eae/elements - {"using":"xpath","value":"//button[@data-kt=\"addNewRUOverflowToolbarButton\"]"}
RESULT: {"using":"xpath","value":"//button[@data-kt=\"addNewRUOverflowToolbarButton\"]"}
COMMAND: POST /session/371b8fcef450a364efde700f21fc0eae/element - {"using":"xpath","value":"//button[@data-kt=\"addNewRUOverflowToolbarButton\"]"}
RESULT: {"using":"xpath","value":"//button[@data-kt=\"addNewRUOverflowToolbarButton\"]"}
COMMAND: POST /session/371b8fcef450a364efde700f21fc0eae/execute/sync - {"script":"<script> [8489 bytes]","args":[{"element-6066-11e4-a52e-4f735466cecf":"f.FFD2F70B7356459FE22D1016ABDF7B9E.d.D04CFF6C92A155010BEECF0181BE8A75.e.9424","ELEMENT":"f.FFD2F70B7356459FE22D1016ABDF7B9E.d.D04CFF6C92A155010BEECF0181BE8A75.e.9424"}]}
RESULT: {"script":"<script> [8489 bytes]","args":[{"element-6066-11e4-a52e-4f735466cecf":"f.FFD2F70B7356459FE22D1016ABDF7B9E.d.D04CFF6C92A155010BEECF0181BE8A75.e.9424","ELEMENT":"f.FFD2F70B7356459FE22D1016ABDF7B9E.d.D04CFF6C92A155010BEECF0181BE8A75.e.9424"}]}
COMMAND: GET /session/371b8fcef450a364efde700f21fc0eae/element/f.FFD2F70B7356459FE22D1016ABDF7B9E.d.D04CFF6C92A155010BEECF0181BE8A75.e.9424/enabled - {}
COMMAND: GET /session/371b8fcef450a364efde700f21fc0eae/screenshot - {}
RESULT: {}
COMMAND: POST /session/371b8fcef450a364efde700f21fc0eae/execute/sync - {"script":"<script> [8489 bytes]","args":[{"element-6066-11e4-a52e-4f735466cecf":"f.FFD2F70B7356459FE22D1016ABDF7B9E.d.D04CFF6C92A155010BEECF0181BE8A75.e.9424","ELEMENT":"f.FFD2F70B7356459FE22D1016ABDF7B9E.d.D04CFF6C92A155010BEECF0181BE8A75.e.9424"}]}
COMMAND: GET /session/371b8fcef450a364efde700f21fc0eae/screenshot - {}
RESULT: {}
RESULT: {"script":"<script> [8489 bytes]","args":[{"element-6066-11e4-a52e-4f735466cecf":"f.FFD2F70B7356459FE22D1016ABDF7B9E.d.D04CFF6C92A155010BEECF0181BE8A75.e.9424","ELEMENT":"f.FFD2F70B7356459FE22D1016ABDF7B9E.d.D04CFF6C92A155010BEECF0181BE8A75.e.9424"}]}
COMMAND: POST /session/371b8fcef450a364efde700f21fc0eae/execute/sync - {"script":"<script> [5351 bytes]","args":[{"element-6066-11e4-a52e-4f735466cecf":"f.FFD2F70B7356459FE22D1016ABDF7B9E.d.D04CFF6C92A155010BEECF0181BE8A75.e.9424","ELEMENT":"f.FFD2F70B7356459FE22D1016ABDF7B9E.d.D04CFF6C92A155010BEECF0181BE8A75.e.9424"}]}
COMMAND: GET /session/371b8fcef450a364efde700f21fc0eae/screenshot - {}
RESULT: {}
RESULT: {"script":"<script> [5351 bytes]","args":[{"element-6066-11e4-a52e-4f735466cecf":"f.FFD2F70B7356459FE22D1016ABDF7B9E.d.D04CFF6C92A155010BEECF0181BE8A75.e.9424","ELEMENT":"f.FFD2F70B7356459FE22D1016ABDF7B9E.d.D04CFF6C92A155010BEECF0181BE8A75.e.9424"}]}
COMMAND: POST /session/371b8fcef450a364efde700f21fc0eae/element/f.FFD2F70B7356459FE22D1016ABDF7B9E.d.D04CFF6C92A155010BEECF0181BE8A75.e.9424/click - {}
COMMAND: GET /session/371b8fcef450a364efde700f21fc0eae/screenshot - {}
RESULT: {}
RESULT: {}
COMMAND: GET /session/371b8fcef450a364efde700f21fc0eae/screenshot - {}
RESULT: {}
COMMAND: POST /session/371b8fcef450a364efde700f21fc0eae/execute/async - {"script":"<script> [1562 bytes]","args":[{"selector":{"id":"application-manageresources-display-component---newResourceUnit--TYPE-arrow"},"wdio_ui5_key":"applicationmanageresources-display-component---newResourceUnit--TYPE-arrow"}]}
RESULT: {}
RESULT: {"script":"<script> [1562 bytes]","args":[{"selector":{"id":"application-manageresources-display-component---newResourceUnit--TYPE-arrow"},"wdio_ui5_key":"applicationmanageresources-display-component---newResourceUnit--TYPE-arrow"}]}
RESULT: undefined
COMMAND: POST /session/371b8fcef450a364efde700f21fc0eae/element - {"using":"xpath","value":"//*[@id=\"application-manageresources-display-component---newResourceUnit--TYPE-arrow\"]"}
RESULT: {"using":"xpath","value":"//*[@id=\"application-manageresources-display-component---newResourceUnit--TYPE-arrow\"]"}
COMMAND: POST /session/371b8fcef450a364efde700f21fc0eae/element/f.FFD2F70B7356459FE22D1016ABDF7B9E.d.D04CFF6C92A155010BEECF0181BE8A75.e.9794/click - {}
RESULT: {}
COMMAND: POST /session/371b8fcef450a364efde700f21fc0eae/element - {"using":"xpath","value":"//input[@id=\"application-manageresources-display-component---newResourceUnit--TYPE-inner\"]"}
COMMAND: GET /session/371b8fcef450a364efde700f21fc0eae/screenshot - {}
RESULT: {"using":"xpath","value":"//input[@id=\"application-manageresources-display-component---newResourceUnit--TYPE-inner\"]"}
COMMAND: POST /session/371b8fcef450a364efde700f21fc0eae/element/f.FFD2F70B7356459FE22D1016ABDF7B9E.d.D04CFF6C92A155010BEECF0181BE8A75.e.9774/clear - {}
RESULT: {}
RESULT: {}
COMMAND: POST /session/371b8fcef450a364efde700f21fc0eae/element/f.FFD2F70B7356459FE22D1016ABDF7B9E.d.D04CFF6C92A155010BEECF0181BE8A75.e.9774/value - {"text":"Equipment"}
COMMAND: GET /session/371b8fcef450a364efde700f21fc0eae/screenshot - {}
RESULT: {"text":"Equipment"}
COMMAND: GET /session/371b8fcef450a364efde700f21fc0eae/screenshot - {}
RESULT: {}
RESULT: {}
COMMAND: POST /session/371b8fcef450a364efde700f21fc0eae/actions - {"actions":[{"id":"action28","type":"key","parameters":{},"actions":[{"type":"keyDown","value":"î€‡"},{"type":"pause","duration":10},{"type":"keyUp","value":"î€‡"}]}]}
RESULT: {"actions":[{"id":"action28","type":"key","parameters":{},"actions":[{"type":"keyDown","value":"î€‡"},{"type":"pause","duration":10},{"type":"keyUp","value":"î€‡"}]}]}
COMMAND: POST /session/371b8fcef450a364efde700f21fc0eae/execute/async - {"script":"<script> [1562 bytes]","args":[{"selector":{"id":"application-manageresources-display-component---newResourceUnit--resourceId","interaction":{"idSuffix":"inner"}},"wdio_ui5_key":"applicationmanageresources-display-component---newResourceUnit--resourceId"}]}
COMMAND: GET /session/371b8fcef450a364efde700f21fc0eae/screenshot - {}
RESULT: {"script":"<script> [1562 bytes]","args":[{"selector":{"id":"application-manageresources-display-component---newResourceUnit--resourceId","interaction":{"idSuffix":"inner"}},"wdio_ui5_key":"applicationmanageresources-display-component---newResourceUnit--resourceId"}]}
RESULT: undefined
COMMAND: POST /session/371b8fcef450a364efde700f21fc0eae/execute/async - {"script":"<script> [776 bytes]","args":[{"enterText":"AErCz5HESk","selector":{"id":"application-manageresources-display-component---newResourceUnit--resourceId","interaction":{"idSuffix":"inner"}},"clearTextFirst":true,"interactionType":"ENTER_TEXT"}]}
RESULT: {}
RESULT: {"script":"<script> [776 bytes]","args":[{"enterText":"AErCz5HESk","selector":{"id":"application-manageresources-display-component---newResourceUnit--resourceId","interaction":{"idSuffix":"inner"}},"clearTextFirst":true,"interactionType":"ENTER_TEXT"}]}
COMMAND: POST /session/371b8fcef450a364efde700f21fc0eae/execute/async - {"script":"<script> [1562 bytes]","args":[{"selector":{"id":"application-manageresources-display-component---newResourceUnit--SHORT_TEXT","interaction":{"idSuffix":"inner"}},"wdio_ui5_key":"applicationmanageresources-display-component---newResourceUnit--SHORT_TEXT"}]}
RESULT: {"script":"<script> [1562 bytes]","args":[{"selector":{"id":"application-manageresources-display-component---newResourceUnit--SHORT_TEXT","interaction":{"idSuffix":"inner"}},"wdio_ui5_key":"applicationmanageresources-display-component---newResourceUnit--SHORT_TEXT"}]}
RESULT: undefined
COMMAND: POST /session/371b8fcef450a364efde700f21fc0eae/execute/async - {"script":"<script> [776 bytes]","args":[{"enterText":"Intercompany Equipment WDIO","selector":{"id":"application-manageresources-display-component---newResourceUnit--SHORT_TEXT","interaction":{"idSuffix":"inner"}},"clearTextFirst":true,"interactionType":"ENTER_TEXT"}]}
RESULT: {"script":"<script> [776 bytes]","args":[{"enterText":"Intercompany Equipment WDIO","selector":{"id":"application-manageresources-display-component---newResourceUnit--SHORT_TEXT","interaction":{"idSuffix":"inner"}},"clearTextFirst":true,"interactionType":"ENTER_TEXT"}]}
COMMAND: POST /session/371b8fcef450a364efde700f21fc0eae/execute/async - {"script":"<script> [1562 bytes]","args":[{"selector":{"id":"application-manageresources-display-component---newResourceUnit--BASE_UNIT_OF_MEASURE","interaction":{"idSuffix":"inner"}},"wdio_ui5_key":"applicationmanageresources-display-component---newResourceUnit--BASE_UNIT_OF_MEASURE"}]}
RESULT: {"script":"<script> [1562 bytes]","args":[{"selector":{"id":"application-manageresources-display-component---newResourceUnit--BASE_UNIT_OF_MEASURE","interaction":{"idSuffix":"inner"}},"wdio_ui5_key":"applicationmanageresources-display-component---newResourceUnit--BASE_UNIT_OF_MEASURE"}]}
RESULT: undefined
COMMAND: POST /session/371b8fcef450a364efde700f21fc0eae/execute/async - {"script":"<script> [776 bytes]","args":[{"enterText":"Piece","selector":{"id":"application-manageresources-display-component---newResourceUnit--BASE_UNIT_OF_MEASURE","interaction":{"idSuffix":"inner"}},"clearTextFirst":true,"interactionType":"ENTER_TEXT"}]}
RESULT: {"script":"<script> [776 bytes]","args":[{"enterText":"Piece","selector":{"id":"application-manageresources-display-component---newResourceUnit--BASE_UNIT_OF_MEASURE","interaction":{"idSuffix":"inner"}},"clearTextFirst":true,"interactionType":"ENTER_TEXT"}]}
COMMAND: POST /session/371b8fcef450a364efde700f21fc0eae/execute/async - {"script":"<script> [1562 bytes]","args":[{"selector":{"id":"application-manageresources-display-component---newResourceUnit--WEIGHT_UNIT","interaction":{"idSuffix":"inner"}},"wdio_ui5_key":"applicationmanageresources-display-component---newResourceUnit--WEIGHT_UNIT"}]}
RESULT: {"script":"<script> [1562 bytes]","args":[{"selector":{"id":"application-manageresources-display-component---newResourceUnit--WEIGHT_UNIT","interaction":{"idSuffix":"inner"}},"wdio_ui5_key":"applicationmanageresources-display-component---newResourceUnit--WEIGHT_UNIT"}]}
RESULT: undefined
COMMAND: POST /session/371b8fcef450a364efde700f21fc0eae/execute/async - {"script":"<script> [776 bytes]","args":[{"enterText":"Gram","selector":{"id":"application-manageresources-display-component---newResourceUnit--WEIGHT_UNIT","interaction":{"idSuffix":"inner"}},"clearTextFirst":true,"interactionType":"ENTER_TEXT"}]}
RESULT: {"script":"<script> [776 bytes]","args":[{"enterText":"Gram","selector":{"id":"application-manageresources-display-component---newResourceUnit--WEIGHT_UNIT","interaction":{"idSuffix":"inner"}},"clearTextFirst":true,"interactionType":"ENTER_TEXT"}]}
COMMAND: POST /session/371b8fcef450a364efde700f21fc0eae/execute/async - {"script":"<script> [1562 bytes]","args":[{"selector":{"id":"application-manageresources-display-component---newResourceUnit--DIMENSION_UNIT","interaction":{"idSuffix":"inner"}},"wdio_ui5_key":"applicationmanageresources-display-component---newResourceUnit--DIMENSION_UNIT"}]}
RESULT: {"script":"<script> [1562 bytes]","args":[{"selector":{"id":"application-manageresources-display-component---newResourceUnit--DIMENSION_UNIT","interaction":{"idSuffix":"inner"}},"wdio_ui5_key":"applicationmanageresources-display-component---newResourceUnit--DIMENSION_UNIT"}]}
RESULT: undefined
COMMAND: POST /session/371b8fcef450a364efde700f21fc0eae/execute/async - {"script":"<script> [776 bytes]","args":[{"enterText":"Meter","selector":{"id":"application-manageresources-display-component---newResourceUnit--DIMENSION_UNIT","interaction":{"idSuffix":"inner"}},"clearTextFirst":true,"interactionType":"ENTER_TEXT"}]}
RESULT: {"script":"<script> [776 bytes]","args":[{"enterText":"Meter","selector":{"id":"application-manageresources-display-component---newResourceUnit--DIMENSION_UNIT","interaction":{"idSuffix":"inner"}},"clearTextFirst":true,"interactionType":"ENTER_TEXT"}]}
COMMAND: POST /session/371b8fcef450a364efde700f21fc0eae/execute/async - {"script":"<script> [1562 bytes]","args":[{"selector":{"id":"application-manageresources-display-component---newResourceUnit--newRRUPage-anchBar-application-manageresources-display-component---newResourceUnit--control-anchor","interaction":{"idSuffix":"BDI-content"}},"wdio_ui5_key":"applicationmanageresources-display-component---newResourceUnit--newRRUPage-anchBar-application-manageresources-display-component---newResourceUnit--control-anchor"}]}
RESULT: {"script":"<script> [1562 bytes]","args":[{"selector":{"id":"application-manageresources-display-component---newResourceUnit--newRRUPage-anchBar-application-manageresources-display-component---newResourceUnit--control-anchor","interaction":{"idSuffix":"BDI-content"}},"wdio_ui5_key":"applicationmanageresources-display-component---newResourceUnit--newRRUPage-anchBar-application-manageresources-display-component---newResourceUnit--control-anchor"}]}
RESULT: undefined
COMMAND: POST /session/371b8fcef450a364efde700f21fc0eae/element - {"using":"xpath","value":"//*[@id=\"application-manageresources-display-component---newResourceUnit--newRRUPage-anchBar-application-manageresources-display-component---newResourceUnit--control-anchor\"]"}
RESULT: {"using":"xpath","value":"//*[@id=\"application-manageresources-display-component---newResourceUnit--newRRUPage-anchBar-application-manageresources-display-component---newResourceUnit--control-anchor\"]"}
COMMAND: POST /session/371b8fcef450a364efde700f21fc0eae/element/f.FFD2F70B7356459FE22D1016ABDF7B9E.d.D04CFF6C92A155010BEECF0181BE8A75.e.9925/click - {}
RESULT: {}
COMMAND: POST /session/371b8fcef450a364efde700f21fc0eae/execute/async - {"script":"<script> [1562 bytes]","args":[{"selector":{"id":"application-manageresources-display-component---newResourceUnit--PLANNING_GROUP","interaction":{"idSuffix":"inner"}},"wdio_ui5_key":"applicationmanageresources-display-component---newResourceUnit--PLANNING_GROUP"}]}
COMMAND: GET /session/371b8fcef450a364efde700f21fc0eae/screenshot - {}
RESULT: {"script":"<script> [1562 bytes]","args":[{"selector":{"id":"application-manageresources-display-component---newResourceUnit--PLANNING_GROUP","interaction":{"idSuffix":"inner"}},"wdio_ui5_key":"applicationmanageresources-display-component---newResourceUnit--PLANNING_GROUP"}]}
RESULT: undefined
COMMAND: POST /session/371b8fcef450a364efde700f21fc0eae/execute/async - {"script":"<script> [776 bytes]","args":[{"enterText":"Heavy Equi","selector":{"id":"application-manageresources-display-component---newResourceUnit--PLANNING_GROUP","interaction":{"idSuffix":"inner"}},"clearTextFirst":true,"interactionType":"ENTER_TEXT"}]}
RESULT: {}
RESULT: {"script":"<script> [776 bytes]","args":[{"enterText":"Heavy Equi","selector":{"id":"application-manageresources-display-component---newResourceUnit--PLANNING_GROUP","interaction":{"idSuffix":"inner"}},"clearTextFirst":true,"interactionType":"ENTER_TEXT"}]}
COMMAND: POST /session/371b8fcef450a364efde700f21fc0eae/execute/async - {"script":"<script> [1562 bytes]","args":[{"selector":{"id":"application-manageresources-display-component---newResourceUnit--ITEM_TYPE-arrow"},"wdio_ui5_key":"applicationmanageresources-display-component---newResourceUnit--ITEM_TYPE-arrow"}]}
RESULT: {"script":"<script> [1562 bytes]","args":[{"selector":{"id":"application-manageresources-display-component---newResourceUnit--ITEM_TYPE-arrow"},"wdio_ui5_key":"applicationmanageresources-display-component---newResourceUnit--ITEM_TYPE-arrow"}]}
RESULT: undefined
COMMAND: POST /session/371b8fcef450a364efde700f21fc0eae/element - {"using":"xpath","value":"//*[@id=\"application-manageresources-display-component---newResourceUnit--ITEM_TYPE-arrow\"]"}
RESULT: {"using":"xpath","value":"//*[@id=\"application-manageresources-display-component---newResourceUnit--ITEM_TYPE-arrow\"]"}
COMMAND: POST /session/371b8fcef450a364efde700f21fc0eae/element/f.FFD2F70B7356459FE22D1016ABDF7B9E.d.D04CFF6C92A155010BEECF0181BE8A75.e.9932/click - {}
RESULT: {}
COMMAND: POST /session/371b8fcef450a364efde700f21fc0eae/element - {"using":"xpath","value":"(//span[contains(text(), \"Resource Unit\")])[2]"}
COMMAND: GET /session/371b8fcef450a364efde700f21fc0eae/screenshot - {}
RESULT: {"using":"xpath","value":"(//span[contains(text(), \"Resource Unit\")])[2]"}
COMMAND: POST /session/371b8fcef450a364efde700f21fc0eae/element/f.FFD2F70B7356459FE22D1016ABDF7B9E.d.D04CFF6C92A155010BEECF0181BE8A75.e.9933/click - {}
RESULT: {}
RESULT: {}
COMMAND: GET /session/371b8fcef450a364efde700f21fc0eae/screenshot - {}
RESULT: {}
COMMAND: POST /session/371b8fcef450a364efde700f21fc0eae/element - {"using":"css selector","value":"#application-manageresources-display-component---newResourceUnit--btnAddTimeSegment"}
RESULT: {"using":"css selector","value":"#application-manageresources-display-component---newResourceUnit--btnAddTimeSegment"}
COMMAND: GET /session/371b8fcef450a364efde700f21fc0eae/element/f.FFD2F70B7356459FE22D1016ABDF7B9E.d.D04CFF6C92A155010BEECF0181BE8A75.e.9934/rect - {}
RESULT: {}
COMMAND: GET /session/371b8fcef450a364efde700f21fc0eae/window/rect - {}
RESULT: {}
COMMAND: POST /session/371b8fcef450a364efde700f21fc0eae/execute/sync - {"script":"<script> [92 bytes]","args":[]}
RESULT: {"script":"<script> [92 bytes]","args":[]}
COMMAND: POST /session/371b8fcef450a364efde700f21fc0eae/actions - {"actions":[{"id":"action29","type":"wheel","parameters":{},"actions":[{"type":"scroll","x":-1888,"y":-32,"deltaX":0,"deltaY":0,"duration":0,"origin":{"element-6066-11e4-a52e-4f735466cecf":"f.FFD2F70B7356459FE22D1016ABDF7B9E.d.D04CFF6C92A155010BEECF0181BE8A75.e.9934"}}]}]}
COMMAND: GET /session/371b8fcef450a364efde700f21fc0eae/screenshot - {}
RESULT: {}
COMMAND: POST /session/371b8fcef450a364efde700f21fc0eae/execute/sync - {"script":"<script> [79 bytes]","args":[{"element-6066-11e4-a52e-4f735466cecf":"f.FFD2F70B7356459FE22D1016ABDF7B9E.d.D04CFF6C92A155010BEECF0181BE8A75.e.9934","ELEMENT":"f.FFD2F70B7356459FE22D1016ABDF7B9E.d.D04CFF6C92A155010BEECF0181BE8A75.e.9934"},{"block":"start","inline":"nearest"}]}
RESULT: {"script":"<script> [79 bytes]","args":[{"element-6066-11e4-a52e-4f735466cecf":"f.FFD2F70B7356459FE22D1016ABDF7B9E.d.D04CFF6C92A155010BEECF0181BE8A75.e.9934","ELEMENT":"f.FFD2F70B7356459FE22D1016ABDF7B9E.d.D04CFF6C92A155010BEECF0181BE8A75.e.9934"},{"block":"start","inline":"nearest"}]}
COMMAND: POST /session/371b8fcef450a364efde700f21fc0eae/execute/async - {"script":"<script> [1562 bytes]","args":[{"selector":{"id":"application-manageresources-display-component---newResourceUnit--btnAddTimeSegment","interaction":{"idSuffix":"inner"}},"wdio_ui5_key":"applicationmanageresources-display-component---newResourceUnit--btnAddTimeSegment"}]}
COMMAND: GET /session/371b8fcef450a364efde700f21fc0eae/screenshot - {}
RESULT: {"script":"<script> [1562 bytes]","args":[{"selector":{"id":"application-manageresources-display-component---newResourceUnit--btnAddTimeSegment","interaction":{"idSuffix":"inner"}},"wdio_ui5_key":"applicationmanageresources-display-component---newResourceUnit--btnAddTimeSegment"}]}
RESULT: undefined
COMMAND: POST /session/371b8fcef450a364efde700f21fc0eae/element - {"using":"xpath","value":"//*[@id=\"application-manageresources-display-component---newResourceUnit--btnAddTimeSegment\"]"}
RESULT: {}
RESULT: {"using":"xpath","value":"//*[@id=\"application-manageresources-display-component---newResourceUnit--btnAddTimeSegment\"]"}
COMMAND: POST /session/371b8fcef450a364efde700f21fc0eae/element/f.FFD2F70B7356459FE22D1016ABDF7B9E.d.D04CFF6C92A155010BEECF0181BE8A75.e.9934/click - {}
RESULT: {}
COMMAND: GET /session/371b8fcef450a364efde700f21fc0eae/screenshot - {}
RESULT: {}
COMMAND: POST /session/371b8fcef450a364efde700f21fc0eae/element - {"using":"xpath","value":"//input[@id=\"application-manageresources-display-component---newResourceUnit--idRuTSAdmin-application-manageresources-display-component---newResourceUnit--RUTimeSegment-0-inner\"]"}
RESULT: {"using":"xpath","value":"//input[@id=\"application-manageresources-display-component---newResourceUnit--idRuTSAdmin-application-manageresources-display-component---newResourceUnit--RUTimeSegment-0-inner\"]"}
COMMAND: POST /session/371b8fcef450a364efde700f21fc0eae/element/f.FFD2F70B7356459FE22D1016ABDF7B9E.d.D04CFF6C92A155010BEECF0181BE8A75.e.9940/clear - {}
RESULT: {}
COMMAND: POST /session/371b8fcef450a364efde700f21fc0eae/element/f.FFD2F70B7356459FE22D1016ABDF7B9E.d.D04CFF6C92A155010BEECF0181BE8A75.e.9940/value - {"text":"515"}
COMMAND: GET /session/371b8fcef450a364efde700f21fc0eae/screenshot - {}
RESULT: {"text":"515"}
COMMAND: GET /session/371b8fcef450a364efde700f21fc0eae/screenshot - {}
RESULT: {}
RESULT: {}
COMMAND: POST /session/371b8fcef450a364efde700f21fc0eae/element - {"using":"xpath","value":"//li[.//span[text()='515']]"}
RESULT: {"using":"xpath","value":"//li[.//span[text()='515']]"}
COMMAND: POST /session/371b8fcef450a364efde700f21fc0eae/element/f.FFD2F70B7356459FE22D1016ABDF7B9E.d.D04CFF6C92A155010BEECF0181BE8A75.e.9952/click - {}
RESULT: {}
COMMAND: GET /session/371b8fcef450a364efde700f21fc0eae/screenshot - {}
RESULT: {}
COMMAND: POST /session/371b8fcef450a364efde700f21fc0eae/element - {"using":"xpath","value":"(//span[contains(@id, \"-application-manageresources-display-component---newResourceUnit--RUTimeSegment-0-arrow\")])[6]"}
RESULT: {"using":"xpath","value":"(//span[contains(@id, \"-application-manageresources-display-component---newResourceUnit--RUTimeSegment-0-arrow\")])[6]"}
COMMAND: POST /session/371b8fcef450a364efde700f21fc0eae/element/f.FFD2F70B7356459FE22D1016ABDF7B9E.d.D04CFF6C92A155010BEECF0181BE8A75.e.9953/click - {}
RESULT: {}
COMMAND: GET /session/371b8fcef450a364efde700f21fc0eae/screenshot - {}
RESULT: {}
COMMAND: POST /session/371b8fcef450a364efde700f21fc0eae/element - {"using":"xpath","value":"//span[contains(text(), \"PM Order\")]"}
RESULT: {"using":"xpath","value":"//span[contains(text(), \"PM Order\")]"}
COMMAND: POST /session/371b8fcef450a364efde700f21fc0eae/element/f.FFD2F70B7356459FE22D1016ABDF7B9E.d.D04CFF6C92A155010BEECF0181BE8A75.e.9956/click - {}
RESULT: {}
COMMAND: GET /session/371b8fcef450a364efde700f21fc0eae/screenshot - {}
RESULT: {}
COMMAND: POST /session/371b8fcef450a364efde700f21fc0eae/element - {"using":"xpath","value":"(//span[contains(@id ,\"manageresources-display-component---newResourceUnit--RUTimeSegment-0-vhi\")])[1]"}
RESULT: {"using":"xpath","value":"(//span[contains(@id ,\"manageresources-display-component---newResourceUnit--RUTimeSegment-0-vhi\")])[1]"}
COMMAND: GET /session/371b8fcef450a364efde700f21fc0eae/element/f.FFD2F70B7356459FE22D1016ABDF7B9E.d.D04CFF6C92A155010BEECF0181BE8A75.e.9960/rect - {}
RESULT: {}
COMMAND: GET /session/371b8fcef450a364efde700f21fc0eae/window/rect - {}
RESULT: {}
COMMAND: POST /session/371b8fcef450a364efde700f21fc0eae/execute/sync - {"script":"<script> [92 bytes]","args":[]}
RESULT: {"script":"<script> [92 bytes]","args":[]}
COMMAND: POST /session/371b8fcef450a364efde700f21fc0eae/actions - {"actions":[{"id":"action30","type":"wheel","parameters":{},"actions":[{"type":"scroll","x":-869,"y":-24,"deltaX":0,"deltaY":0,"duration":0,"origin":{"element-6066-11e4-a52e-4f735466cecf":"f.FFD2F70B7356459FE22D1016ABDF7B9E.d.D04CFF6C92A155010BEECF0181BE8A75.e.9960"}}]}]}
COMMAND: GET /session/371b8fcef450a364efde700f21fc0eae/screenshot - {}
RESULT: {"actions":[{"id":"action30","type":"wheel","parameters":{},"actions":[{"type":"scroll","x":-869,"y":-24,"deltaX":0,"deltaY":0,"duration":0,"origin":{"element-6066-11e4-a52e-4f735466cecf":"f.FFD2F70B7356459FE22D1016ABDF7B9E.d.D04CFF6C92A155010BEECF0181BE8A75.e.9960"}}]}]}
COMMAND: DELETE /session/371b8fcef450a364efde700f21fc0eae/actions - {}
COMMAND: GET /session/371b8fcef450a364efde700f21fc0eae/screenshot - {}
RESULT: {}
RESULT: {}
COMMAND: GET /session/371b8fcef450a364efde700f21fc0eae/screenshot - {}
RESULT: {}
RESULT: {}
COMMAND: POST /session/371b8fcef450a364efde700f21fc0eae/element/f.FFD2F70B7356459FE22D1016ABDF7B9E.d.D04CFF6C92A155010BEECF0181BE8A75.e.9960/click - {}
RESULT: {}
COMMAND: GET /session/371b8fcef450a364efde700f21fc0eae/screenshot - {}
RESULT: {}
RESULT: undefined
COMMAND: POST /session/371b8fcef450a364efde700f21fc0eae/execute/async - {"script":"<script> [776 bytes]","args":[{"enterText":"4000360","selector":{"controlType":"sap.m.SearchField","properties":{"placeholder":"Search"},"searchOpenDialogs":true,"interaction":{"idSuffix":"I"}},"clearTextFirst":true,"interactionType":"ENTER_TEXT"}]}
RESULT: {"script":"<script> [776 bytes]","args":[{"enterText":"4000360","selector":{"controlType":"sap.m.SearchField","properties":{"placeholder":"Search"},"searchOpenDialogs":true,"interaction":{"idSuffix":"I"}},"clearTextFirst":true,"interactionType":"ENTER_TEXT"}]}
COMMAND: POST /session/371b8fcef450a364efde700f21fc0eae/actions - {"actions":[{"id":"action31","type":"key","parameters":{},"actions":[{"type":"keyDown","value":"î€‡"},{"type":"pause","duration":10},{"type":"keyUp","value":"î€‡"}]}]}
RESULT: {"actions":[{"id":"action31","type":"key","parameters":{},"actions":[{"type":"keyDown","value":"î€‡"},{"type":"pause","duration":10},{"type":"keyUp","value":"î€‡"}]}]}
COMMAND: GET /session/371b8fcef450a364efde700f21fc0eae/screenshot - {}
RESULT: {}
COMMAND: POST /session/371b8fcef450a364efde700f21fc0eae/element - {"using":"xpath","value":"//td/div/span[contains(text(), \"BGL Vehicles\")]"}
RESULT: {"using":"xpath","value":"//td/div/span[contains(text(), \"BGL Vehicles\")]"}
COMMAND: POST /session/371b8fcef450a364efde700f21fc0eae/element/f.FFD2F70B7356459FE22D1016ABDF7B9E.d.D04CFF6C92A155010BEECF0181BE8A75.e.9980/click - {}
RESULT: {}
COMMAND: GET /session/371b8fcef450a364efde700f21fc0eae/screenshot - {}
RESULT: {}
COMMAND: POST /session/371b8fcef450a364efde700f21fc0eae/element - {"using":"xpath","value":"//bdi[contains(text(), \"OK\")]"}
RESULT: {"using":"xpath","value":"//bdi[contains(text(), \"OK\")]"}
COMMAND: POST /session/371b8fcef450a364efde700f21fc0eae/element/f.FFD2F70B7356459FE22D1016ABDF7B9E.d.D04CFF6C92A155010BEECF0181BE8A75.e.9981/click - {}
RESULT: {}
COMMAND: GET /session/371b8fcef450a364efde700f21fc0eae/screenshot - {}
RESULT: {}
COMMAND: POST /session/371b8fcef450a364efde700f21fc0eae/execute/async - {"script":"<script> [1562 bytes]","args":[{"selector":{"id":"application-manageresources-display-component---newResourceUnit--newRRUPage-anchBar-application-manageresources-display-component---newResourceUnit--resource-anchor","interaction":{"idSuffix":"BDI-content"}},"wdio_ui5_key":"applicationmanageresources-display-component---newResourceUnit--newRRUPage-anchBar-application-manageresources-display-component---newResourceUnit--resource-anchor"}]}
RESULT: {"script":"<script> [1562 bytes]","args":[{"selector":{"id":"application-manageresources-display-component---newResourceUnit--newRRUPage-anchBar-application-manageresources-display-component---newResourceUnit--resource-anchor","interaction":{"idSuffix":"BDI-content"}},"wdio_ui5_key":"applicationmanageresources-display-component---newResourceUnit--newRRUPage-anchBar-application-manageresources-display-component---newResourceUnit--resource-anchor"}]}
RESULT: undefined
COMMAND: POST /session/371b8fcef450a364efde700f21fc0eae/element - {"using":"xpath","value":"//*[@id=\"application-manageresources-display-component---newResourceUnit--newRRUPage-anchBar-application-manageresources-display-component---newResourceUnit--resource-anchor\"]"}
RESULT: {"using":"xpath","value":"//*[@id=\"application-manageresources-display-component---newResourceUnit--newRRUPage-anchBar-application-manageresources-display-component---newResourceUnit--resource-anchor\"]"}
COMMAND: POST /session/371b8fcef450a364efde700f21fc0eae/element/f.FFD2F70B7356459FE22D1016ABDF7B9E.d.D04CFF6C92A155010BEECF0181BE8A75.e.9985/click - {}
RESULT: {}
COMMAND: POST /session/371b8fcef450a364efde700f21fc0eae/execute/async - {"script":"<script> [1562 bytes]","args":[{"selector":{"id":"application-manageresources-display-component---newResourceUnit--PLANNED_DELIVERY_DATE","interaction":{"idSuffix":"inner"}},"wdio_ui5_key":"applicationmanageresources-display-component---newResourceUnit--PLANNED_DELIVERY_DATE"}]}
COMMAND: GET /session/371b8fcef450a364efde700f21fc0eae/screenshot - {}
RESULT: {"script":"<script> [1562 bytes]","args":[{"selector":{"id":"application-manageresources-display-component---newResourceUnit--PLANNED_DELIVERY_DATE","interaction":{"idSuffix":"inner"}},"wdio_ui5_key":"applicationmanageresources-display-component---newResourceUnit--PLANNED_DELIVERY_DATE"}]}
RESULT: undefined
COMMAND: POST /session/371b8fcef450a364efde700f21fc0eae/execute/async - {"script":"<script> [6424 bytes]","args":[{"element-6066-11e4-a52e-4f735466cecf":"f.FFD2F70B7356459FE22D1016ABDF7B9E.d.D04CFF6C92A155010BEECF0181BE8A75.e.9848"},"setValue",["5/2/25"]]}
RESULT: {}
RESULT: {"script":"<script> [6424 bytes]","args":[{"element-6066-11e4-a52e-4f735466cecf":"f.FFD2F70B7356459FE22D1016ABDF7B9E.d.D04CFF6C92A155010BEECF0181BE8A75.e.9848"},"setValue",["5/2/25"]]}
COMMAND: POST /session/371b8fcef450a364efde700f21fc0eae/element - {"using":"xpath","value":"//button[@data-kt=\"resourceUnitSaveButton\"]"}
RESULT: {"using":"xpath","value":"//button[@data-kt=\"resourceUnitSaveButton\"]"}
COMMAND: POST /session/371b8fcef450a364efde700f21fc0eae/element/f.FFD2F70B7356459FE22D1016ABDF7B9E.d.D04CFF6C92A155010BEECF0181BE8A75.e.9809/click - {}
RESULT: {}
COMMAND: GET /session/371b8fcef450a364efde700f21fc0eae/screenshot - {}
RESULT: {}
COMMAND: POST /session/371b8fcef450a364efde700f21fc0eae/element - {"using":"xpath","value":"//bdi[contains(text(), \"Close\")]"}
RESULT: {"using":"xpath","value":"//bdi[contains(text(), \"Close\")]"}
COMMAND: POST /session/371b8fcef450a364efde700f21fc0eae/element/f.FFD2F70B7356459FE22D1016ABDF7B9E.d.D04CFF6C92A155010BEECF0181BE8A75.e.9993/click - {}
RESULT: {}
COMMAND: GET /session/371b8fcef450a364efde700f21fc0eae/screenshot - {}
RESULT: {}
COMMAND: POST /session/371b8fcef450a364efde700f21fc0eae/element - {"using":"xpath","value":"(//button[contains(@id ,\"actionsToolbar-overflowButton\")])[1]"}
RESULT: {"using":"xpath","value":"(//button[contains(@id ,\"actionsToolbar-overflowButton\")])[1]"}
COMMAND: POST /session/371b8fcef450a364efde700f21fc0eae/element/f.FFD2F70B7356459FE22D1016ABDF7B9E.d.D04CFF6C92A155010BEECF0181BE8A75.e.10022/click - {}
RESULT: {}
COMMAND: GET /session/371b8fcef450a364efde700f21fc0eae/screenshot - {}
RESULT: {}
COMMAND: POST /session/371b8fcef450a364efde700f21fc0eae/element - {"using":"xpath","value":"//button[@data-kt=\"priceInfoButton\"]"}
RESULT: {"using":"xpath","value":"//button[@data-kt=\"priceInfoButton\"]"}
COMMAND: POST /session/371b8fcef450a364efde700f21fc0eae/element/f.FFD2F70B7356459FE22D1016ABDF7B9E.d.D04CFF6C92A155010BEECF0181BE8A75.e.10026/click - {}
RESULT: {}
COMMAND: GET /session/371b8fcef450a364efde700f21fc0eae/screenshot - {}
RESULT: {}
]]></system-out>
    </testcase>
    <testcase classname="chrome.135_0_7049_96.windows.Billing_Transfer_-_Intracompany_US127249" name="Should create a pricing procedure" time="48.973">
      <system-out><![CDATA[
COMMAND: POST /session/371b8fcef450a364efde700f21fc0eae/element - {"using":"xpath","value":"//button[@data-kt=\"addButton\"]"}
RESULT: {"using":"xpath","value":"//button[@data-kt=\"addButton\"]"}
COMMAND: POST /session/371b8fcef450a364efde700f21fc0eae/elements - {"using":"xpath","value":"//button[@data-kt=\"addButton\"]"}
RESULT: {"using":"xpath","value":"//button[@data-kt=\"addButton\"]"}
COMMAND: POST /session/371b8fcef450a364efde700f21fc0eae/elements - {"using":"xpath","value":"//button[@data-kt=\"addButton\"]"}
RESULT: {"using":"xpath","value":"//button[@data-kt=\"addButton\"]"}
COMMAND: POST /session/371b8fcef450a364efde700f21fc0eae/element - {"using":"xpath","value":"//button[@data-kt=\"addButton\"]"}
RESULT: {"using":"xpath","value":"//button[@data-kt=\"addButton\"]"}
COMMAND: POST /session/371b8fcef450a364efde700f21fc0eae/execute/sync - {"script":"<script> [8489 bytes]","args":[{"element-6066-11e4-a52e-4f735466cecf":"f.FFD2F70B7356459FE22D1016ABDF7B9E.d.D04CFF6C92A155010BEECF0181BE8A75.e.10062","ELEMENT":"f.FFD2F70B7356459FE22D1016ABDF7B9E.d.D04CFF6C92A155010BEECF0181BE8A75.e.10062"}]}
RESULT: {"script":"<script> [8489 bytes]","args":[{"element-6066-11e4-a52e-4f735466cecf":"f.FFD2F70B7356459FE22D1016ABDF7B9E.d.D04CFF6C92A155010BEECF0181BE8A75.e.10062","ELEMENT":"f.FFD2F70B7356459FE22D1016ABDF7B9E.d.D04CFF6C92A155010BEECF0181BE8A75.e.10062"}]}
COMMAND: GET /session/371b8fcef450a364efde700f21fc0eae/element/f.FFD2F70B7356459FE22D1016ABDF7B9E.d.D04CFF6C92A155010BEECF0181BE8A75.e.10062/enabled - {}
COMMAND: GET /session/371b8fcef450a364efde700f21fc0eae/screenshot - {}
RESULT: {}
COMMAND: POST /session/371b8fcef450a364efde700f21fc0eae/execute/sync - {"script":"<script> [8489 bytes]","args":[{"element-6066-11e4-a52e-4f735466cecf":"f.FFD2F70B7356459FE22D1016ABDF7B9E.d.D04CFF6C92A155010BEECF0181BE8A75.e.10062","ELEMENT":"f.FFD2F70B7356459FE22D1016ABDF7B9E.d.D04CFF6C92A155010BEECF0181BE8A75.e.10062"}]}
COMMAND: GET /session/371b8fcef450a364efde700f21fc0eae/screenshot - {}
RESULT: {}
RESULT: {"script":"<script> [8489 bytes]","args":[{"element-6066-11e4-a52e-4f735466cecf":"f.FFD2F70B7356459FE22D1016ABDF7B9E.d.D04CFF6C92A155010BEECF0181BE8A75.e.10062","ELEMENT":"f.FFD2F70B7356459FE22D1016ABDF7B9E.d.D04CFF6C92A155010BEECF0181BE8A75.e.10062"}]}
COMMAND: POST /session/371b8fcef450a364efde700f21fc0eae/execute/sync - {"script":"<script> [5351 bytes]","args":[{"element-6066-11e4-a52e-4f735466cecf":"f.FFD2F70B7356459FE22D1016ABDF7B9E.d.D04CFF6C92A155010BEECF0181BE8A75.e.10062","ELEMENT":"f.FFD2F70B7356459FE22D1016ABDF7B9E.d.D04CFF6C92A155010BEECF0181BE8A75.e.10062"}]}
COMMAND: GET /session/371b8fcef450a364efde700f21fc0eae/screenshot - {}
RESULT: {}
RESULT: {"script":"<script> [5351 bytes]","args":[{"element-6066-11e4-a52e-4f735466cecf":"f.FFD2F70B7356459FE22D1016ABDF7B9E.d.D04CFF6C92A155010BEECF0181BE8A75.e.10062","ELEMENT":"f.FFD2F70B7356459FE22D1016ABDF7B9E.d.D04CFF6C92A155010BEECF0181BE8A75.e.10062"}]}
COMMAND: POST /session/371b8fcef450a364efde700f21fc0eae/element/f.FFD2F70B7356459FE22D1016ABDF7B9E.d.D04CFF6C92A155010BEECF0181BE8A75.e.10062/click - {}
COMMAND: GET /session/371b8fcef450a364efde700f21fc0eae/screenshot - {}
RESULT: {}
RESULT: {}
COMMAND: GET /session/371b8fcef450a364efde700f21fc0eae/screenshot - {}
RESULT: {}
RESULT: {}
COMMAND: POST /session/371b8fcef450a364efde700f21fc0eae/execute/async - {"script":"<script> [1562 bytes]","args":[{"selector":{"controlType":"sap.m.Title","viewName":"etm.portal.ui.managepricingrules.view.NewItem","viewId":"application-managepricingrules-display-component---newInfoPriceItem","properties":{"text":"New Pricing Rules - Item Level"}},"wdio_ui5_key":"etmportal.ui.managepricingrules.view.NewItemsap.m.Title{\"text\":\"New Pricing Rules - Item Level\"}"}]}
RESULT: {"script":"<script> [1562 bytes]","args":[{"selector":{"controlType":"sap.m.Title","viewName":"etm.portal.ui.managepricingrules.view.NewItem","viewId":"application-managepricingrules-display-component---newInfoPriceItem","properties":{"text":"New Pricing Rules - Item Level"}},"wdio_ui5_key":"etmportal.ui.managepricingrules.view.NewItemsap.m.Title{\"text\":\"New Pricing Rules - Item Level\"}"}]}
RESULT: undefined
COMMAND: POST /session/371b8fcef450a364efde700f21fc0eae/execute/async - {"script":"<script> [6424 bytes]","args":[{"element-6066-11e4-a52e-4f735466cecf":"f.FFD2F70B7356459FE22D1016ABDF7B9E.d.D04CFF6C92A155010BEECF0181BE8A75.e.10219"},"getText",[]]}
RESULT: {"script":"<script> [6424 bytes]","args":[{"element-6066-11e4-a52e-4f735466cecf":"f.FFD2F70B7356459FE22D1016ABDF7B9E.d.D04CFF6C92A155010BEECF0181BE8A75.e.10219"},"getText",[]]}
COMMAND: POST /session/371b8fcef450a364efde700f21fc0eae/execute/async - {"script":"<script> [1562 bytes]","args":[{"selector":{"id":"application-managepricingrules-display-component---newInfoPriceItem--condValidTo","interaction":{"idSuffix":"inner"}},"wdio_ui5_key":"applicationmanagepricingrules-display-component---newInfoPriceItem--condValidTo"}]}
RESULT: {"script":"<script> [1562 bytes]","args":[{"selector":{"id":"application-managepricingrules-display-component---newInfoPriceItem--condValidTo","interaction":{"idSuffix":"inner"}},"wdio_ui5_key":"applicationmanagepricingrules-display-component---newInfoPriceItem--condValidTo"}]}
RESULT: undefined
COMMAND: POST /session/371b8fcef450a364efde700f21fc0eae/execute/async - {"script":"<script> [776 bytes]","args":[{"enterText":"01/02/26","selector":{"id":"application-managepricingrules-display-component---newInfoPriceItem--condValidTo","interaction":{"idSuffix":"inner"}},"clearTextFirst":true,"interactionType":"ENTER_TEXT"}]}
RESULT: {"script":"<script> [776 bytes]","args":[{"enterText":"01/02/26","selector":{"id":"application-managepricingrules-display-component---newInfoPriceItem--condValidTo","interaction":{"idSuffix":"inner"}},"clearTextFirst":true,"interactionType":"ENTER_TEXT"}]}
COMMAND: POST /session/371b8fcef450a364efde700f21fc0eae/execute/async - {"script":"<script> [1562 bytes]","args":[{"selector":{"id":"application-managepricingrules-display-component---newInfoPriceItem--billType-arrow"},"wdio_ui5_key":"applicationmanagepricingrules-display-component---newInfoPriceItem--billType-arrow"}]}
RESULT: {"script":"<script> [1562 bytes]","args":[{"selector":{"id":"application-managepricingrules-display-component---newInfoPriceItem--billType-arrow"},"wdio_ui5_key":"applicationmanagepricingrules-display-component---newInfoPriceItem--billType-arrow"}]}
RESULT: undefined
COMMAND: POST /session/371b8fcef450a364efde700f21fc0eae/element - {"using":"xpath","value":"//*[@id=\"application-managepricingrules-display-component---newInfoPriceItem--billType-arrow\"]"}
RESULT: {"using":"xpath","value":"//*[@id=\"application-managepricingrules-display-component---newInfoPriceItem--billType-arrow\"]"}
COMMAND: POST /session/371b8fcef450a364efde700f21fc0eae/element/f.FFD2F70B7356459FE22D1016ABDF7B9E.d.D04CFF6C92A155010BEECF0181BE8A75.e.10221/click - {}
RESULT: {}
COMMAND: POST /session/371b8fcef450a364efde700f21fc0eae/element - {"using":"xpath","value":"//span[contains(text(), \"TB - Time based\")]"}
COMMAND: GET /session/371b8fcef450a364efde700f21fc0eae/screenshot - {}
RESULT: {"using":"xpath","value":"//span[contains(text(), \"TB - Time based\")]"}
COMMAND: POST /session/371b8fcef450a364efde700f21fc0eae/element/f.FFD2F70B7356459FE22D1016ABDF7B9E.d.D04CFF6C92A155010BEECF0181BE8A75.e.10222/click - {}
RESULT: {}
RESULT: {}
COMMAND: POST /session/371b8fcef450a364efde700f21fc0eae/execute/async - {"script":"<script> [1562 bytes]","args":[{"selector":{"id":"application-managepricingrules-display-component---newInfoPriceItem--priceProc-arrow"},"wdio_ui5_key":"applicationmanagepricingrules-display-component---newInfoPriceItem--priceProc-arrow"}]}
COMMAND: GET /session/371b8fcef450a364efde700f21fc0eae/screenshot - {}
RESULT: {"script":"<script> [1562 bytes]","args":[{"selector":{"id":"application-managepricingrules-display-component---newInfoPriceItem--priceProc-arrow"},"wdio_ui5_key":"applicationmanagepricingrules-display-component---newInfoPriceItem--priceProc-arrow"}]}
RESULT: undefined
COMMAND: POST /session/371b8fcef450a364efde700f21fc0eae/element - {"using":"xpath","value":"//*[@id=\"application-managepricingrules-display-component---newInfoPriceItem--priceProc-arrow\"]"}
RESULT: {}
RESULT: {"using":"xpath","value":"//*[@id=\"application-managepricingrules-display-component---newInfoPriceItem--priceProc-arrow\"]"}
COMMAND: POST /session/371b8fcef450a364efde700f21fc0eae/element/f.FFD2F70B7356459FE22D1016ABDF7B9E.d.D04CFF6C92A155010BEECF0181BE8A75.e.10188/click - {}
RESULT: {}
COMMAND: POST /session/371b8fcef450a364efde700f21fc0eae/element - {"using":"xpath","value":"//span[contains(text(), \"TBS - Time based standard\")]"}
COMMAND: GET /session/371b8fcef450a364efde700f21fc0eae/screenshot - {}
RESULT: {"using":"xpath","value":"//span[contains(text(), \"TBS - Time based standard\")]"}
COMMAND: POST /session/371b8fcef450a364efde700f21fc0eae/element/f.FFD2F70B7356459FE22D1016ABDF7B9E.d.D04CFF6C92A155010BEECF0181BE8A75.e.10223/click - {}
RESULT: {}
RESULT: {}
COMMAND: POST /session/371b8fcef450a364efde700f21fc0eae/execute/async - {"script":"<script> [1562 bytes]","args":[{"selector":{"id":"application-managepricingrules-display-component---newInfoPriceItem--calcBase-arrow"},"wdio_ui5_key":"applicationmanagepricingrules-display-component---newInfoPriceItem--calcBase-arrow"}]}
COMMAND: GET /session/371b8fcef450a364efde700f21fc0eae/screenshot - {}
RESULT: {"script":"<script> [1562 bytes]","args":[{"selector":{"id":"application-managepricingrules-display-component---newInfoPriceItem--calcBase-arrow"},"wdio_ui5_key":"applicationmanagepricingrules-display-component---newInfoPriceItem--calcBase-arrow"}]}
RESULT: undefined
COMMAND: POST /session/371b8fcef450a364efde700f21fc0eae/element - {"using":"xpath","value":"//*[@id=\"application-managepricingrules-display-component---newInfoPriceItem--calcBase-arrow\"]"}
RESULT: {}
RESULT: {"using":"xpath","value":"//*[@id=\"application-managepricingrules-display-component---newInfoPriceItem--calcBase-arrow\"]"}
COMMAND: POST /session/371b8fcef450a364efde700f21fc0eae/element/f.FFD2F70B7356459FE22D1016ABDF7B9E.d.D04CFF6C92A155010BEECF0181BE8A75.e.10195/click - {}
RESULT: {}
COMMAND: GET /session/371b8fcef450a364efde700f21fc0eae/screenshot - {}
RESULT: {}
COMMAND: POST /session/371b8fcef450a364efde700f21fc0eae/element - {"using":"xpath","value":"//span[contains(text(), \"0006 - TB(calendar days)\")]"}
RESULT: {"using":"xpath","value":"//span[contains(text(), \"0006 - TB(calendar days)\")]"}
COMMAND: POST /session/371b8fcef450a364efde700f21fc0eae/element/f.FFD2F70B7356459FE22D1016ABDF7B9E.d.D04CFF6C92A155010BEECF0181BE8A75.e.10224/click - {}
RESULT: {}
COMMAND: GET /session/371b8fcef450a364efde700f21fc0eae/screenshot - {}
RESULT: {}
COMMAND: POST /session/371b8fcef450a364efde700f21fc0eae/execute/async - {"script":"<script> [1562 bytes]","args":[{"selector":{"id":"application-managepricingrules-display-component---newInfoPriceItem--daysMonth","interaction":{"idSuffix":"inner"}},"wdio_ui5_key":"applicationmanagepricingrules-display-component---newInfoPriceItem--daysMonth"}]}
RESULT: {"script":"<script> [1562 bytes]","args":[{"selector":{"id":"application-managepricingrules-display-component---newInfoPriceItem--daysMonth","interaction":{"idSuffix":"inner"}},"wdio_ui5_key":"applicationmanagepricingrules-display-component---newInfoPriceItem--daysMonth"}]}
RESULT: undefined
COMMAND: POST /session/371b8fcef450a364efde700f21fc0eae/execute/async - {"script":"<script> [776 bytes]","args":[{"enterText":"30","selector":{"id":"application-managepricingrules-display-component---newInfoPriceItem--daysMonth","interaction":{"idSuffix":"inner"}},"clearTextFirst":true,"interactionType":"ENTER_TEXT"}]}
RESULT: {"script":"<script> [776 bytes]","args":[{"enterText":"30","selector":{"id":"application-managepricingrules-display-component---newInfoPriceItem--daysMonth","interaction":{"idSuffix":"inner"}},"clearTextFirst":true,"interactionType":"ENTER_TEXT"}]}
COMMAND: POST /session/371b8fcef450a364efde700f21fc0eae/element - {"using":"xpath","value":"//button[@data-kt=\"saveNewRuleButton\"]"}
RESULT: {"using":"xpath","value":"//button[@data-kt=\"saveNewRuleButton\"]"}
COMMAND: POST /session/371b8fcef450a364efde700f21fc0eae/element/f.FFD2F70B7356459FE22D1016ABDF7B9E.d.D04CFF6C92A155010BEECF0181BE8A75.e.10211/click - {}
RESULT: {}
COMMAND: GET /session/371b8fcef450a364efde700f21fc0eae/screenshot - {}
RESULT: {}
COMMAND: POST /session/371b8fcef450a364efde700f21fc0eae/execute/async - {"script":"<script> [1562 bytes]","args":[{"selector":{"id":"application-managepricingrules-display-component---priceInfoItem--smartFilterBar-btnBasicSearch","interaction":{"idSuffix":"I"}},"wdio_ui5_key":"applicationmanagepricingrules-display-component---priceInfoItem--smartFilterBar-btnBasicSearch"}]}
RESULT: {"script":"<script> [1562 bytes]","args":[{"selector":{"id":"application-managepricingrules-display-component---priceInfoItem--smartFilterBar-btnBasicSearch","interaction":{"idSuffix":"I"}},"wdio_ui5_key":"applicationmanagepricingrules-display-component---priceInfoItem--smartFilterBar-btnBasicSearch"}]}
RESULT: undefined
COMMAND: POST /session/371b8fcef450a364efde700f21fc0eae/execute/async - {"script":"<script> [776 bytes]","args":[{"enterText":"AErCz5HESk","selector":{"id":"application-managepricingrules-display-component---priceInfoItem--smartFilterBar-btnBasicSearch","interaction":{"idSuffix":"I"}},"clearTextFirst":true,"interactionType":"ENTER_TEXT"}]}
RESULT: {"script":"<script> [776 bytes]","args":[{"enterText":"AErCz5HESk","selector":{"id":"application-managepricingrules-display-component---priceInfoItem--smartFilterBar-btnBasicSearch","interaction":{"idSuffix":"I"}},"clearTextFirst":true,"interactionType":"ENTER_TEXT"}]}
COMMAND: POST /session/371b8fcef450a364efde700f21fc0eae/actions - {"actions":[{"id":"action32","type":"key","parameters":{},"actions":[{"type":"keyDown","value":"î€‡"},{"type":"pause","duration":10},{"type":"keyUp","value":"î€‡"}]}]}
RESULT: {"actions":[{"id":"action32","type":"key","parameters":{},"actions":[{"type":"keyDown","value":"î€‡"},{"type":"pause","duration":10},{"type":"keyUp","value":"î€‡"}]}]}
COMMAND: GET /session/371b8fcef450a364efde700f21fc0eae/screenshot - {}
RESULT: {}
COMMAND: POST /session/371b8fcef450a364efde700f21fc0eae/element - {"using":"xpath","value":"//span[@id=\"application-managepricingrules-display-component---priceInfoItem--smartTable-header-inner\"]"}
RESULT: {"using":"xpath","value":"//span[@id=\"application-managepricingrules-display-component---priceInfoItem--smartTable-header-inner\"]"}
COMMAND: POST /session/371b8fcef450a364efde700f21fc0eae/elements - {"using":"xpath","value":"//span[@id=\"application-managepricingrules-display-component---priceInfoItem--smartTable-header-inner\"]"}
RESULT: {"using":"xpath","value":"//span[@id=\"application-managepricingrules-display-component---priceInfoItem--smartTable-header-inner\"]"}
COMMAND: POST /session/371b8fcef450a364efde700f21fc0eae/execute/sync - {"script":"<script> [56 bytes]","args":[{"element-6066-11e4-a52e-4f735466cecf":"f.FFD2F70B7356459FE22D1016ABDF7B9E.d.D04CFF6C92A155010BEECF0181BE8A75.e.10238","ELEMENT":"f.FFD2F70B7356459FE22D1016ABDF7B9E.d.D04CFF6C92A155010BEECF0181BE8A75.e.10238"}]}
RESULT: {"script":"<script> [56 bytes]","args":[{"element-6066-11e4-a52e-4f735466cecf":"f.FFD2F70B7356459FE22D1016ABDF7B9E.d.D04CFF6C92A155010BEECF0181BE8A75.e.10238","ELEMENT":"f.FFD2F70B7356459FE22D1016ABDF7B9E.d.D04CFF6C92A155010BEECF0181BE8A75.e.10238"}]}
COMMAND: POST /session/371b8fcef450a364efde700f21fc0eae/element - {"using":"css selector","value":"#shell-header-logo"}
COMMAND: GET /session/371b8fcef450a364efde700f21fc0eae/screenshot - {}
RESULT: {"using":"css selector","value":"#shell-header-logo"}
COMMAND: POST /session/371b8fcef450a364efde700f21fc0eae/element/f.FFD2F70B7356459FE22D1016ABDF7B9E.d.D04CFF6C92A155010BEECF0181BE8A75.e.9397/click - {}
RESULT: {}
RESULT: {}
COMMAND: GET /session/371b8fcef450a364efde700f21fc0eae/screenshot - {}
RESULT: {}
]]></system-out>
    </testcase>
    <testcase classname="chrome.135_0_7049_96.windows.Billing_Transfer_-_Intracompany_US127249" name="Should manage conditions" time="62.049">
      <system-out><![CDATA[
COMMAND: POST /session/371b8fcef450a364efde700f21fc0eae/execute/async - {"script":"<script> [1562 bytes]","args":[{"selector":{"controlType":"sap.m.Text","properties":{"text":"Manage Conditions & Prices"},"interaction":{"idSuffix":"inner"}},"wdio_ui5_key":"sapm.Text{\"text\":\"Manage Conditions & Prices\"}"}]}
RESULT: {"script":"<script> [1562 bytes]","args":[{"selector":{"controlType":"sap.m.Text","properties":{"text":"Manage Conditions & Prices"},"interaction":{"idSuffix":"inner"}},"wdio_ui5_key":"sapm.Text{\"text\":\"Manage Conditions & Prices\"}"}]}
RESULT: undefined
COMMAND: POST /session/371b8fcef450a364efde700f21fc0eae/element - {"using":"xpath","value":"//*[@id=\"__tile53-title\"]"}
RESULT: {"using":"xpath","value":"//*[@id=\"__tile53-title\"]"}
COMMAND: POST /session/371b8fcef450a364efde700f21fc0eae/element/f.FFD2F70B7356459FE22D1016ABDF7B9E.d.D04CFF6C92A155010BEECF0181BE8A75.e.10241/click - {}
RESULT: {}
COMMAND: POST /session/371b8fcef450a364efde700f21fc0eae/element - {"using":"xpath","value":"//button[@aria-label=\"Create\"]"}
COMMAND: GET /session/371b8fcef450a364efde700f21fc0eae/screenshot - {}
RESULT: {}
RESULT: {"using":"xpath","value":"//button[@aria-label=\"Create\"]"}
COMMAND: POST /session/371b8fcef450a364efde700f21fc0eae/elements - {"using":"xpath","value":"//button[@aria-label=\"Create\"]"}
RESULT: {"using":"xpath","value":"//button[@aria-label=\"Create\"]"}
COMMAND: POST /session/371b8fcef450a364efde700f21fc0eae/elements - {"using":"xpath","value":"//button[@aria-label=\"Create\"]"}
RESULT: {"using":"xpath","value":"//button[@aria-label=\"Create\"]"}
COMMAND: POST /session/371b8fcef450a364efde700f21fc0eae/elements - {"using":"xpath","value":"//button[@aria-label=\"Create\"]"}
RESULT: {"using":"xpath","value":"//button[@aria-label=\"Create\"]"}
COMMAND: POST /session/371b8fcef450a364efde700f21fc0eae/elements - {"using":"xpath","value":"//button[@aria-label=\"Create\"]"}
RESULT: {"using":"xpath","value":"//button[@aria-label=\"Create\"]"}
COMMAND: POST /session/371b8fcef450a364efde700f21fc0eae/elements - {"using":"xpath","value":"//button[@aria-label=\"Create\"]"}
RESULT: {"using":"xpath","value":"//button[@aria-label=\"Create\"]"}
COMMAND: POST /session/371b8fcef450a364efde700f21fc0eae/elements - {"using":"xpath","value":"//button[@aria-label=\"Create\"]"}
RESULT: {"using":"xpath","value":"//button[@aria-label=\"Create\"]"}
COMMAND: POST /session/371b8fcef450a364efde700f21fc0eae/elements - {"using":"xpath","value":"//button[@aria-label=\"Create\"]"}
RESULT: {"using":"xpath","value":"//button[@aria-label=\"Create\"]"}
COMMAND: POST /session/371b8fcef450a364efde700f21fc0eae/elements - {"using":"xpath","value":"//button[@aria-label=\"Create\"]"}
RESULT: {"using":"xpath","value":"//button[@aria-label=\"Create\"]"}
COMMAND: POST /session/371b8fcef450a364efde700f21fc0eae/elements - {"using":"xpath","value":"//button[@aria-label=\"Create\"]"}
RESULT: {"using":"xpath","value":"//button[@aria-label=\"Create\"]"}
COMMAND: POST /session/371b8fcef450a364efde700f21fc0eae/elements - {"using":"xpath","value":"//button[@aria-label=\"Create\"]"}
RESULT: {"using":"xpath","value":"//button[@aria-label=\"Create\"]"}
COMMAND: POST /session/371b8fcef450a364efde700f21fc0eae/elements - {"using":"xpath","value":"//button[@aria-label=\"Create\"]"}
RESULT: {"using":"xpath","value":"//button[@aria-label=\"Create\"]"}
COMMAND: POST /session/371b8fcef450a364efde700f21fc0eae/elements - {"using":"xpath","value":"//button[@aria-label=\"Create\"]"}
RESULT: {"using":"xpath","value":"//button[@aria-label=\"Create\"]"}
COMMAND: POST /session/371b8fcef450a364efde700f21fc0eae/elements - {"using":"xpath","value":"//button[@aria-label=\"Create\"]"}
RESULT: {"using":"xpath","value":"//button[@aria-label=\"Create\"]"}
COMMAND: POST /session/371b8fcef450a364efde700f21fc0eae/element - {"using":"xpath","value":"//button[@aria-label=\"Create\"]"}
RESULT: {"using":"xpath","value":"//button[@aria-label=\"Create\"]"}
COMMAND: POST /session/371b8fcef450a364efde700f21fc0eae/execute/sync - {"script":"<script> [8489 bytes]","args":[{"element-6066-11e4-a52e-4f735466cecf":"f.FFD2F70B7356459FE22D1016ABDF7B9E.d.D04CFF6C92A155010BEECF0181BE8A75.e.10275","ELEMENT":"f.FFD2F70B7356459FE22D1016ABDF7B9E.d.D04CFF6C92A155010BEECF0181BE8A75.e.10275"}]}
RESULT: {"script":"<script> [8489 bytes]","args":[{"element-6066-11e4-a52e-4f735466cecf":"f.FFD2F70B7356459FE22D1016ABDF7B9E.d.D04CFF6C92A155010BEECF0181BE8A75.e.10275","ELEMENT":"f.FFD2F70B7356459FE22D1016ABDF7B9E.d.D04CFF6C92A155010BEECF0181BE8A75.e.10275"}]}
COMMAND: GET /session/371b8fcef450a364efde700f21fc0eae/element/f.FFD2F70B7356459FE22D1016ABDF7B9E.d.D04CFF6C92A155010BEECF0181BE8A75.e.10275/enabled - {}
COMMAND: GET /session/371b8fcef450a364efde700f21fc0eae/screenshot - {}
RESULT: {}
COMMAND: POST /session/371b8fcef450a364efde700f21fc0eae/execute/sync - {"script":"<script> [8489 bytes]","args":[{"element-6066-11e4-a52e-4f735466cecf":"f.FFD2F70B7356459FE22D1016ABDF7B9E.d.D04CFF6C92A155010BEECF0181BE8A75.e.10275","ELEMENT":"f.FFD2F70B7356459FE22D1016ABDF7B9E.d.D04CFF6C92A155010BEECF0181BE8A75.e.10275"}]}
COMMAND: GET /session/371b8fcef450a364efde700f21fc0eae/screenshot - {}
RESULT: {}
RESULT: {"script":"<script> [8489 bytes]","args":[{"element-6066-11e4-a52e-4f735466cecf":"f.FFD2F70B7356459FE22D1016ABDF7B9E.d.D04CFF6C92A155010BEECF0181BE8A75.e.10275","ELEMENT":"f.FFD2F70B7356459FE22D1016ABDF7B9E.d.D04CFF6C92A155010BEECF0181BE8A75.e.10275"}]}
COMMAND: POST /session/371b8fcef450a364efde700f21fc0eae/execute/sync - {"script":"<script> [5351 bytes]","args":[{"element-6066-11e4-a52e-4f735466cecf":"f.FFD2F70B7356459FE22D1016ABDF7B9E.d.D04CFF6C92A155010BEECF0181BE8A75.e.10275","ELEMENT":"f.FFD2F70B7356459FE22D1016ABDF7B9E.d.D04CFF6C92A155010BEECF0181BE8A75.e.10275"}]}
COMMAND: GET /session/371b8fcef450a364efde700f21fc0eae/screenshot - {}
RESULT: {}
RESULT: {"script":"<script> [5351 bytes]","args":[{"element-6066-11e4-a52e-4f735466cecf":"f.FFD2F70B7356459FE22D1016ABDF7B9E.d.D04CFF6C92A155010BEECF0181BE8A75.e.10275","ELEMENT":"f.FFD2F70B7356459FE22D1016ABDF7B9E.d.D04CFF6C92A155010BEECF0181BE8A75.e.10275"}]}
COMMAND: POST /session/371b8fcef450a364efde700f21fc0eae/element/f.FFD2F70B7356459FE22D1016ABDF7B9E.d.D04CFF6C92A155010BEECF0181BE8A75.e.10275/click - {}
COMMAND: GET /session/371b8fcef450a364efde700f21fc0eae/screenshot - {}
RESULT: {}
RESULT: {}
COMMAND: GET /session/371b8fcef450a364efde700f21fc0eae/screenshot - {}
RESULT: {}
RESULT: {}
COMMAND: POST /session/371b8fcef450a364efde700f21fc0eae/actions - {"actions":[{"id":"action33","type":"key","parameters":{},"actions":[{"type":"keyDown","value":"î€‡"},{"type":"pause","duration":10},{"type":"keyUp","value":"î€‡"}]}]}
RESULT: {"actions":[{"id":"action33","type":"key","parameters":{},"actions":[{"type":"keyDown","value":"î€‡"},{"type":"pause","duration":10},{"type":"keyUp","value":"î€‡"}]}]}
COMMAND: GET /session/371b8fcef450a364efde700f21fc0eae/screenshot - {}
RESULT: {}
COMMAND: POST /session/371b8fcef450a364efde700f21fc0eae/execute/async - {"script":"<script> [1562 bytes]","args":[{"selector":{"id":"application-manageconditionprice-display-component---newCondition--condBillCond-arrow"},"wdio_ui5_key":"applicationmanageconditionprice-display-component---newCondition--condBillCond-arrow"}]}
RESULT: {"script":"<script> [1562 bytes]","args":[{"selector":{"id":"application-manageconditionprice-display-component---newCondition--condBillCond-arrow"},"wdio_ui5_key":"applicationmanageconditionprice-display-component---newCondition--condBillCond-arrow"}]}
RESULT: undefined
COMMAND: POST /session/371b8fcef450a364efde700f21fc0eae/element - {"using":"xpath","value":"//*[@id=\"application-manageconditionprice-display-component---newCondition--condBillCond-arrow\"]"}
RESULT: {"using":"xpath","value":"//*[@id=\"application-manageconditionprice-display-component---newCondition--condBillCond-arrow\"]"}
COMMAND: POST /session/371b8fcef450a364efde700f21fc0eae/element/f.FFD2F70B7356459FE22D1016ABDF7B9E.d.D04CFF6C92A155010BEECF0181BE8A75.e.10450/click - {}
RESULT: {}
COMMAND: GET /session/371b8fcef450a364efde700f21fc0eae/screenshot - {}
RESULT: {}
COMMAND: POST /session/371b8fcef450a364efde700f21fc0eae/element - {"using":"xpath","value":"//li[.//span[contains(text(), \"DISP - D&I special price\")]]"}
RESULT: {"using":"xpath","value":"//li[.//span[contains(text(), \"DISP - D&I special price\")]]"}
COMMAND: POST /session/371b8fcef450a364efde700f21fc0eae/element/f.FFD2F70B7356459FE22D1016ABDF7B9E.d.D04CFF6C92A155010BEECF0181BE8A75.e.10454/click - {}
RESULT: {}
COMMAND: GET /session/371b8fcef450a364efde700f21fc0eae/screenshot - {}
RESULT: {}
COMMAND: POST /session/371b8fcef450a364efde700f21fc0eae/execute/async - {"script":"<script> [1562 bytes]","args":[{"selector":{"id":"application-manageconditionprice-display-component---newCondition--condValidTo","interaction":{"idSuffix":"inner"}},"wdio_ui5_key":"applicationmanageconditionprice-display-component---newCondition--condValidTo"}]}
RESULT: {"script":"<script> [1562 bytes]","args":[{"selector":{"id":"application-manageconditionprice-display-component---newCondition--condValidTo","interaction":{"idSuffix":"inner"}},"wdio_ui5_key":"applicationmanageconditionprice-display-component---newCondition--condValidTo"}]}
RESULT: undefined
COMMAND: POST /session/371b8fcef450a364efde700f21fc0eae/execute/async - {"script":"<script> [776 bytes]","args":[{"enterText":"01/02/26","selector":{"id":"application-manageconditionprice-display-component---newCondition--condValidTo","interaction":{"idSuffix":"inner"}},"clearTextFirst":true,"interactionType":"ENTER_TEXT"}]}
RESULT: {"script":"<script> [776 bytes]","args":[{"enterText":"01/02/26","selector":{"id":"application-manageconditionprice-display-component---newCondition--condValidTo","interaction":{"idSuffix":"inner"}},"clearTextFirst":true,"interactionType":"ENTER_TEXT"}]}
COMMAND: POST /session/371b8fcef450a364efde700f21fc0eae/element - {"using":"xpath","value":"//input[@id=\"application-manageconditionprice-display-component---newCondition--condRU-inner\"]"}
RESULT: {"using":"xpath","value":"//input[@id=\"application-manageconditionprice-display-component---newCondition--condRU-inner\"]"}
COMMAND: POST /session/371b8fcef450a364efde700f21fc0eae/element/f.FFD2F70B7356459FE22D1016ABDF7B9E.d.D04CFF6C92A155010BEECF0181BE8A75.e.10316/clear - {}
RESULT: {}
COMMAND: POST /session/371b8fcef450a364efde700f21fc0eae/element/f.FFD2F70B7356459FE22D1016ABDF7B9E.d.D04CFF6C92A155010BEECF0181BE8A75.e.10316/value - {"text":"AErCz5HESk"}
COMMAND: GET /session/371b8fcef450a364efde700f21fc0eae/screenshot - {}
RESULT: {"text":"AErCz5HESk"}
COMMAND: GET /session/371b8fcef450a364efde700f21fc0eae/screenshot - {}
RESULT: {}
RESULT: {}
COMMAND: POST /session/371b8fcef450a364efde700f21fc0eae/actions - {"actions":[{"id":"action34","type":"key","parameters":{},"actions":[{"type":"keyDown","value":"î€‡"},{"type":"pause","duration":10},{"type":"keyUp","value":"î€‡"}]}]}
RESULT: {"actions":[{"id":"action34","type":"key","parameters":{},"actions":[{"type":"keyDown","value":"î€‡"},{"type":"pause","duration":10},{"type":"keyUp","value":"î€‡"}]}]}
COMMAND: POST /session/371b8fcef450a364efde700f21fc0eae/execute/async - {"script":"<script> [1562 bytes]","args":[{"selector":{"id":"application-manageconditionprice-display-component---newCondition--condBaseQty","interaction":{"idSuffix":"inner"}},"wdio_ui5_key":"applicationmanageconditionprice-display-component---newCondition--condBaseQty"}]}
COMMAND: GET /session/371b8fcef450a364efde700f21fc0eae/screenshot - {}
RESULT: {"script":"<script> [1562 bytes]","args":[{"selector":{"id":"application-manageconditionprice-display-component---newCondition--condBaseQty","interaction":{"idSuffix":"inner"}},"wdio_ui5_key":"applicationmanageconditionprice-display-component---newCondition--condBaseQty"}]}
RESULT: undefined
COMMAND: POST /session/371b8fcef450a364efde700f21fc0eae/execute/async - {"script":"<script> [776 bytes]","args":[{"enterText":"1","selector":{"id":"application-manageconditionprice-display-component---newCondition--condBaseQty","interaction":{"idSuffix":"inner"}},"clearTextFirst":true,"interactionType":"ENTER_TEXT"}]}
RESULT: {}
RESULT: {"script":"<script> [776 bytes]","args":[{"enterText":"1","selector":{"id":"application-manageconditionprice-display-component---newCondition--condBaseQty","interaction":{"idSuffix":"inner"}},"clearTextFirst":true,"interactionType":"ENTER_TEXT"}]}
COMMAND: POST /session/371b8fcef450a364efde700f21fc0eae/execute/async - {"script":"<script> [1562 bytes]","args":[{"selector":{"id":"application-manageconditionprice-display-component---newCondition--condValue","interaction":{"idSuffix":"inner"}},"wdio_ui5_key":"applicationmanageconditionprice-display-component---newCondition--condValue"}]}
RESULT: {"script":"<script> [1562 bytes]","args":[{"selector":{"id":"application-manageconditionprice-display-component---newCondition--condValue","interaction":{"idSuffix":"inner"}},"wdio_ui5_key":"applicationmanageconditionprice-display-component---newCondition--condValue"}]}
RESULT: undefined
COMMAND: POST /session/371b8fcef450a364efde700f21fc0eae/execute/async - {"script":"<script> [776 bytes]","args":[{"enterText":"200","selector":{"id":"application-manageconditionprice-display-component---newCondition--condValue","interaction":{"idSuffix":"inner"}},"clearTextFirst":true,"interactionType":"ENTER_TEXT"}]}
RESULT: {"script":"<script> [776 bytes]","args":[{"enterText":"200","selector":{"id":"application-manageconditionprice-display-component---newCondition--condValue","interaction":{"idSuffix":"inner"}},"clearTextFirst":true,"interactionType":"ENTER_TEXT"}]}
COMMAND: POST /session/371b8fcef450a364efde700f21fc0eae/execute/async - {"script":"<script> [1562 bytes]","args":[{"selector":{"id":"application-manageconditionprice-display-component---newCondition--condCurr-arrow"},"wdio_ui5_key":"applicationmanageconditionprice-display-component---newCondition--condCurr-arrow"}]}
RESULT: {"script":"<script> [1562 bytes]","args":[{"selector":{"id":"application-manageconditionprice-display-component---newCondition--condCurr-arrow"},"wdio_ui5_key":"applicationmanageconditionprice-display-component---newCondition--condCurr-arrow"}]}
RESULT: undefined
COMMAND: POST /session/371b8fcef450a364efde700f21fc0eae/element - {"using":"xpath","value":"//*[@id=\"application-manageconditionprice-display-component---newCondition--condCurr-arrow\"]"}
RESULT: {"using":"xpath","value":"//*[@id=\"application-manageconditionprice-display-component---newCondition--condCurr-arrow\"]"}
COMMAND: POST /session/371b8fcef450a364efde700f21fc0eae/element/f.FFD2F70B7356459FE22D1016ABDF7B9E.d.D04CFF6C92A155010BEECF0181BE8A75.e.10434/click - {}
RESULT: {}
COMMAND: POST /session/371b8fcef450a364efde700f21fc0eae/element - {"using":"xpath","value":"//span[contains(text(), \"Euro\")]"}
COMMAND: GET /session/371b8fcef450a364efde700f21fc0eae/screenshot - {}
RESULT: {"using":"xpath","value":"//span[contains(text(), \"Euro\")]"}
COMMAND: POST /session/371b8fcef450a364efde700f21fc0eae/element/f.FFD2F70B7356459FE22D1016ABDF7B9E.d.D04CFF6C92A155010BEECF0181BE8A75.e.10491/click - {}
RESULT: {}
RESULT: {}
COMMAND: POST /session/371b8fcef450a364efde700f21fc0eae/element - {"using":"xpath","value":"//button[@data-kt=\"saveButton\"]"}
COMMAND: GET /session/371b8fcef450a364efde700f21fc0eae/screenshot - {}
RESULT: {"using":"xpath","value":"//button[@data-kt=\"saveButton\"]"}
COMMAND: POST /session/371b8fcef450a364efde700f21fc0eae/element/f.FFD2F70B7356459FE22D1016ABDF7B9E.d.D04CFF6C92A155010BEECF0181BE8A75.e.10435/click - {}
RESULT: {}
RESULT: {}
COMMAND: GET /session/371b8fcef450a364efde700f21fc0eae/screenshot - {}
RESULT: {}
COMMAND: POST /session/371b8fcef450a364efde700f21fc0eae/execute/async - {"script":"<script> [1562 bytes]","args":[{"selector":{"id":"application-manageconditionprice-display-component---conditions--smartFilterBar-btnBasicSearch","interaction":{"idSuffix":"I"}},"wdio_ui5_key":"applicationmanageconditionprice-display-component---conditions--smartFilterBar-btnBasicSearch"}]}
RESULT: {"script":"<script> [1562 bytes]","args":[{"selector":{"id":"application-manageconditionprice-display-component---conditions--smartFilterBar-btnBasicSearch","interaction":{"idSuffix":"I"}},"wdio_ui5_key":"applicationmanageconditionprice-display-component---conditions--smartFilterBar-btnBasicSearch"}]}
RESULT: undefined
COMMAND: POST /session/371b8fcef450a364efde700f21fc0eae/execute/async - {"script":"<script> [776 bytes]","args":[{"enterText":"AErCz5HESk","selector":{"id":"application-manageconditionprice-display-component---conditions--smartFilterBar-btnBasicSearch","interaction":{"idSuffix":"I"}},"clearTextFirst":true,"interactionType":"ENTER_TEXT"}]}
RESULT: {"script":"<script> [776 bytes]","args":[{"enterText":"AErCz5HESk","selector":{"id":"application-manageconditionprice-display-component---conditions--smartFilterBar-btnBasicSearch","interaction":{"idSuffix":"I"}},"clearTextFirst":true,"interactionType":"ENTER_TEXT"}]}
COMMAND: POST /session/371b8fcef450a364efde700f21fc0eae/actions - {"actions":[{"id":"action35","type":"key","parameters":{},"actions":[{"type":"keyDown","value":"î€‡"},{"type":"pause","duration":10},{"type":"keyUp","value":"î€‡"}]}]}
RESULT: {"actions":[{"id":"action35","type":"key","parameters":{},"actions":[{"type":"keyDown","value":"î€‡"},{"type":"pause","duration":10},{"type":"keyUp","value":"î€‡"}]}]}
COMMAND: GET /session/371b8fcef450a364efde700f21fc0eae/screenshot - {}
RESULT: {}
COMMAND: POST /session/371b8fcef450a364efde700f21fc0eae/execute/async - {"script":"<script> [1562 bytes]","args":[{"selector":{"id":"application-manageconditionprice-display-component---conditions--smartFilterBar-filterItemControl_BASIC-BILL_TYPES-vhi"},"wdio_ui5_key":"applicationmanageconditionprice-display-component---conditions--smartFilterBar-filterItemControl_BASIC-BILL_TYPES-vhi"}]}
RESULT: {"script":"<script> [1562 bytes]","args":[{"selector":{"id":"application-manageconditionprice-display-component---conditions--smartFilterBar-filterItemControl_BASIC-BILL_TYPES-vhi"},"wdio_ui5_key":"applicationmanageconditionprice-display-component---conditions--smartFilterBar-filterItemControl_BASIC-BILL_TYPES-vhi"}]}
RESULT: undefined
COMMAND: POST /session/371b8fcef450a364efde700f21fc0eae/element - {"using":"xpath","value":"//*[@id=\"application-manageconditionprice-display-component---conditions--smartFilterBar-filterItemControl_BASIC-BILL_TYPES-vhi\"]"}
RESULT: {"using":"xpath","value":"//*[@id=\"application-manageconditionprice-display-component---conditions--smartFilterBar-filterItemControl_BASIC-BILL_TYPES-vhi\"]"}
COMMAND: POST /session/371b8fcef450a364efde700f21fc0eae/element/f.FFD2F70B7356459FE22D1016ABDF7B9E.d.D04CFF6C92A155010BEECF0181BE8A75.e.10508/click - {}
RESULT: {}
COMMAND: POST /session/371b8fcef450a364efde700f21fc0eae/execute/async - {"script":"<script> [1562 bytes]","args":[{"selector":{"id":"application-manageconditionprice-display-component---conditions--smartFilterBar-filterItemControl_BASIC-BILL_TYPES-valueHelpDialog-smartFilterBar-btnBasicSearch","searchOpenDialogs":true,"interaction":{"idSuffix":"I"}},"wdio_ui5_key":"applicationmanageconditionprice-display-component---conditions--smartFilterBar-filterItemControl_BASIC-BILL_TYPES-valueHelpDialog-smartFilterBar-btnBasicSearch"}]}
COMMAND: GET /session/371b8fcef450a364efde700f21fc0eae/screenshot - {}
RESULT: {"script":"<script> [1562 bytes]","args":[{"selector":{"id":"application-manageconditionprice-display-component---conditions--smartFilterBar-filterItemControl_BASIC-BILL_TYPES-valueHelpDialog-smartFilterBar-btnBasicSearch","searchOpenDialogs":true,"interaction":{"idSuffix":"I"}},"wdio_ui5_key":"applicationmanageconditionprice-display-component---conditions--smartFilterBar-filterItemControl_BASIC-BILL_TYPES-valueHelpDialog-smartFilterBar-btnBasicSearch"}]}
RESULT: undefined
COMMAND: POST /session/371b8fcef450a364efde700f21fc0eae/execute/async - {"script":"<script> [776 bytes]","args":[{"enterText":"TB","selector":{"id":"application-manageconditionprice-display-component---conditions--smartFilterBar-filterItemControl_BASIC-BILL_TYPES-valueHelpDialog-smartFilterBar-btnBasicSearch","searchOpenDialogs":true,"interaction":{"idSuffix":"I"}},"clearTextFirst":true,"interactionType":"ENTER_TEXT"}]}
RESULT: {}
RESULT: {"script":"<script> [776 bytes]","args":[{"enterText":"TB","selector":{"id":"application-manageconditionprice-display-component---conditions--smartFilterBar-filterItemControl_BASIC-BILL_TYPES-valueHelpDialog-smartFilterBar-btnBasicSearch","searchOpenDialogs":true,"interaction":{"idSuffix":"I"}},"clearTextFirst":true,"interactionType":"ENTER_TEXT"}]}
COMMAND: POST /session/371b8fcef450a364efde700f21fc0eae/actions - {"actions":[{"id":"action36","type":"key","parameters":{},"actions":[{"type":"keyDown","value":"î€‡"},{"type":"pause","duration":10},{"type":"keyUp","value":"î€‡"}]}]}
RESULT: {"actions":[{"id":"action36","type":"key","parameters":{},"actions":[{"type":"keyDown","value":"î€‡"},{"type":"pause","duration":10},{"type":"keyUp","value":"î€‡"}]}]}
COMMAND: GET /session/371b8fcef450a364efde700f21fc0eae/screenshot - {}
RESULT: {}
COMMAND: POST /session/371b8fcef450a364efde700f21fc0eae/element - {"using":"xpath","value":"//div[contains(@id, 'application-manageconditionprice-display-component---conditions--smartFilterBar-filterItemControl_BASIC-BILL_TYPES-valueHelpDialog-table-rowsel0')]"}
RESULT: {"using":"xpath","value":"//div[contains(@id, 'application-manageconditionprice-display-component---conditions--smartFilterBar-filterItemControl_BASIC-BILL_TYPES-valueHelpDialog-table-rowsel0')]"}
COMMAND: POST /session/371b8fcef450a364efde700f21fc0eae/element/f.FFD2F70B7356459FE22D1016ABDF7B9E.d.D04CFF6C92A155010BEECF0181BE8A75.e.10518/click - {}
RESULT: {}
COMMAND: GET /session/371b8fcef450a364efde700f21fc0eae/screenshot - {}
RESULT: {}
COMMAND: POST /session/371b8fcef450a364efde700f21fc0eae/element - {"using":"xpath","value":"//bdi[contains(text(), \"OK\")]"}
RESULT: {"using":"xpath","value":"//bdi[contains(text(), \"OK\")]"}
COMMAND: POST /session/371b8fcef450a364efde700f21fc0eae/element/f.FFD2F70B7356459FE22D1016ABDF7B9E.d.D04CFF6C92A155010BEECF0181BE8A75.e.10520/click - {}
RESULT: {}
COMMAND: GET /session/371b8fcef450a364efde700f21fc0eae/screenshot - {}
RESULT: {}
COMMAND: POST /session/371b8fcef450a364efde700f21fc0eae/element - {"using":"xpath","value":"//span[@id=\"application-manageconditionprice-display-component---conditions--smartTable-header-inner\"]"}
RESULT: {"using":"xpath","value":"//span[@id=\"application-manageconditionprice-display-component---conditions--smartTable-header-inner\"]"}
COMMAND: POST /session/371b8fcef450a364efde700f21fc0eae/elements - {"using":"xpath","value":"//span[@id=\"application-manageconditionprice-display-component---conditions--smartTable-header-inner\"]"}
RESULT: {"using":"xpath","value":"//span[@id=\"application-manageconditionprice-display-component---conditions--smartTable-header-inner\"]"}
COMMAND: POST /session/371b8fcef450a364efde700f21fc0eae/execute/sync - {"script":"<script> [56 bytes]","args":[{"element-6066-11e4-a52e-4f735466cecf":"f.FFD2F70B7356459FE22D1016ABDF7B9E.d.D04CFF6C92A155010BEECF0181BE8A75.e.10523","ELEMENT":"f.FFD2F70B7356459FE22D1016ABDF7B9E.d.D04CFF6C92A155010BEECF0181BE8A75.e.10523"}]}
RESULT: {"script":"<script> [56 bytes]","args":[{"element-6066-11e4-a52e-4f735466cecf":"f.FFD2F70B7356459FE22D1016ABDF7B9E.d.D04CFF6C92A155010BEECF0181BE8A75.e.10523","ELEMENT":"f.FFD2F70B7356459FE22D1016ABDF7B9E.d.D04CFF6C92A155010BEECF0181BE8A75.e.10523"}]}
COMMAND: POST /session/371b8fcef450a364efde700f21fc0eae/element - {"using":"css selector","value":"#shell-header-logo"}
COMMAND: GET /session/371b8fcef450a364efde700f21fc0eae/screenshot - {}
RESULT: {"using":"css selector","value":"#shell-header-logo"}
COMMAND: POST /session/371b8fcef450a364efde700f21fc0eae/element/f.FFD2F70B7356459FE22D1016ABDF7B9E.d.D04CFF6C92A155010BEECF0181BE8A75.e.10243/click - {}
RESULT: {}
RESULT: {}
COMMAND: GET /session/371b8fcef450a364efde700f21fc0eae/screenshot - {}
RESULT: {}
]]></system-out>
    </testcase>
    <testcase classname="chrome.135_0_7049_96.windows.Billing_Transfer_-_Intracompany_US127249" name="Should do a stock increase handover" time="77.546">
      <system-out><![CDATA[
COMMAND: POST /session/371b8fcef450a364efde700f21fc0eae/execute/async - {"script":"<script> [1562 bytes]","args":[{"selector":{"controlType":"sap.m.Text","viewName":"etm.portal.ui.managehandoverstile.view.Master","properties":{"text":"Manage Handovers"},"interaction":{"idSuffix":"inner"}},"wdio_ui5_key":"etmportal.ui.managehandoverstile.view.Mastersap.m.Text{\"text\":\"Manage Handovers\"}"}]}
RESULT: {"script":"<script> [1562 bytes]","args":[{"selector":{"controlType":"sap.m.Text","viewName":"etm.portal.ui.managehandoverstile.view.Master","properties":{"text":"Manage Handovers"},"interaction":{"idSuffix":"inner"}},"wdio_ui5_key":"etmportal.ui.managehandoverstile.view.Mastersap.m.Text{\"text\":\"Manage Handovers\"}"}]}
RESULT: undefined
COMMAND: POST /session/371b8fcef450a364efde700f21fc0eae/element - {"using":"xpath","value":"//*[@id=\"__tile133-title\"]"}
RESULT: {"using":"xpath","value":"//*[@id=\"__tile133-title\"]"}
COMMAND: POST /session/371b8fcef450a364efde700f21fc0eae/element/f.FFD2F70B7356459FE22D1016ABDF7B9E.d.D04CFF6C92A155010BEECF0181BE8A75.e.10528/click - {}
RESULT: {}
COMMAND: POST /session/371b8fcef450a364efde700f21fc0eae/element - {"using":"xpath","value":"//button[@data-kt=\"masterHOAddButton\"]"}
COMMAND: GET /session/371b8fcef450a364efde700f21fc0eae/screenshot - {}
RESULT: {"using":"xpath","value":"//button[@data-kt=\"masterHOAddButton\"]"}
COMMAND: POST /session/371b8fcef450a364efde700f21fc0eae/elements - {"using":"xpath","value":"//button[@data-kt=\"masterHOAddButton\"]"}
RESULT: {}
RESULT: {"using":"xpath","value":"//button[@data-kt=\"masterHOAddButton\"]"}
COMMAND: POST /session/371b8fcef450a364efde700f21fc0eae/elements - {"using":"xpath","value":"//button[@data-kt=\"masterHOAddButton\"]"}
RESULT: {"using":"xpath","value":"//button[@data-kt=\"masterHOAddButton\"]"}
COMMAND: POST /session/371b8fcef450a364efde700f21fc0eae/elements - {"using":"xpath","value":"//button[@data-kt=\"masterHOAddButton\"]"}
RESULT: {"using":"xpath","value":"//button[@data-kt=\"masterHOAddButton\"]"}
COMMAND: POST /session/371b8fcef450a364efde700f21fc0eae/elements - {"using":"xpath","value":"//button[@data-kt=\"masterHOAddButton\"]"}
RESULT: {"using":"xpath","value":"//button[@data-kt=\"masterHOAddButton\"]"}
COMMAND: POST /session/371b8fcef450a364efde700f21fc0eae/elements - {"using":"xpath","value":"//button[@data-kt=\"masterHOAddButton\"]"}
RESULT: {"using":"xpath","value":"//button[@data-kt=\"masterHOAddButton\"]"}
COMMAND: POST /session/371b8fcef450a364efde700f21fc0eae/elements - {"using":"xpath","value":"//button[@data-kt=\"masterHOAddButton\"]"}
RESULT: {"using":"xpath","value":"//button[@data-kt=\"masterHOAddButton\"]"}
COMMAND: POST /session/371b8fcef450a364efde700f21fc0eae/elements - {"using":"xpath","value":"//button[@data-kt=\"masterHOAddButton\"]"}
RESULT: {"using":"xpath","value":"//button[@data-kt=\"masterHOAddButton\"]"}
COMMAND: POST /session/371b8fcef450a364efde700f21fc0eae/elements - {"using":"xpath","value":"//button[@data-kt=\"masterHOAddButton\"]"}
RESULT: {"using":"xpath","value":"//button[@data-kt=\"masterHOAddButton\"]"}
COMMAND: POST /session/371b8fcef450a364efde700f21fc0eae/elements - {"using":"xpath","value":"//button[@data-kt=\"masterHOAddButton\"]"}
RESULT: {"using":"xpath","value":"//button[@data-kt=\"masterHOAddButton\"]"}
COMMAND: POST /session/371b8fcef450a364efde700f21fc0eae/elements - {"using":"xpath","value":"//button[@data-kt=\"masterHOAddButton\"]"}
RESULT: {"using":"xpath","value":"//button[@data-kt=\"masterHOAddButton\"]"}
COMMAND: POST /session/371b8fcef450a364efde700f21fc0eae/elements - {"using":"xpath","value":"//button[@data-kt=\"masterHOAddButton\"]"}
RESULT: {"using":"xpath","value":"//button[@data-kt=\"masterHOAddButton\"]"}
COMMAND: POST /session/371b8fcef450a364efde700f21fc0eae/elements - {"using":"xpath","value":"//button[@data-kt=\"masterHOAddButton\"]"}
RESULT: {"using":"xpath","value":"//button[@data-kt=\"masterHOAddButton\"]"}
COMMAND: POST /session/371b8fcef450a364efde700f21fc0eae/elements - {"using":"xpath","value":"//button[@data-kt=\"masterHOAddButton\"]"}
RESULT: {"using":"xpath","value":"//button[@data-kt=\"masterHOAddButton\"]"}
COMMAND: POST /session/371b8fcef450a364efde700f21fc0eae/elements - {"using":"xpath","value":"//button[@data-kt=\"masterHOAddButton\"]"}
RESULT: {"using":"xpath","value":"//button[@data-kt=\"masterHOAddButton\"]"}
COMMAND: POST /session/371b8fcef450a364efde700f21fc0eae/elements - {"using":"xpath","value":"//button[@data-kt=\"masterHOAddButton\"]"}
RESULT: {"using":"xpath","value":"//button[@data-kt=\"masterHOAddButton\"]"}
COMMAND: POST /session/371b8fcef450a364efde700f21fc0eae/elements - {"using":"xpath","value":"//button[@data-kt=\"masterHOAddButton\"]"}
RESULT: {"using":"xpath","value":"//button[@data-kt=\"masterHOAddButton\"]"}
COMMAND: POST /session/371b8fcef450a364efde700f21fc0eae/element - {"using":"xpath","value":"//button[@data-kt=\"masterHOAddButton\"]"}
RESULT: {"using":"xpath","value":"//button[@data-kt=\"masterHOAddButton\"]"}
COMMAND: POST /session/371b8fcef450a364efde700f21fc0eae/execute/sync - {"script":"<script> [8489 bytes]","args":[{"element-6066-11e4-a52e-4f735466cecf":"f.FFD2F70B7356459FE22D1016ABDF7B9E.d.D04CFF6C92A155010BEECF0181BE8A75.e.10567","ELEMENT":"f.FFD2F70B7356459FE22D1016ABDF7B9E.d.D04CFF6C92A155010BEECF0181BE8A75.e.10567"}]}
RESULT: {"script":"<script> [8489 bytes]","args":[{"element-6066-11e4-a52e-4f735466cecf":"f.FFD2F70B7356459FE22D1016ABDF7B9E.d.D04CFF6C92A155010BEECF0181BE8A75.e.10567","ELEMENT":"f.FFD2F70B7356459FE22D1016ABDF7B9E.d.D04CFF6C92A155010BEECF0181BE8A75.e.10567"}]}
COMMAND: GET /session/371b8fcef450a364efde700f21fc0eae/element/f.FFD2F70B7356459FE22D1016ABDF7B9E.d.D04CFF6C92A155010BEECF0181BE8A75.e.10567/enabled - {}
COMMAND: GET /session/371b8fcef450a364efde700f21fc0eae/screenshot - {}
RESULT: {}
COMMAND: POST /session/371b8fcef450a364efde700f21fc0eae/execute/sync - {"script":"<script> [8489 bytes]","args":[{"element-6066-11e4-a52e-4f735466cecf":"f.FFD2F70B7356459FE22D1016ABDF7B9E.d.D04CFF6C92A155010BEECF0181BE8A75.e.10567","ELEMENT":"f.FFD2F70B7356459FE22D1016ABDF7B9E.d.D04CFF6C92A155010BEECF0181BE8A75.e.10567"}]}
COMMAND: GET /session/371b8fcef450a364efde700f21fc0eae/screenshot - {}
RESULT: {}
RESULT: {"script":"<script> [8489 bytes]","args":[{"element-6066-11e4-a52e-4f735466cecf":"f.FFD2F70B7356459FE22D1016ABDF7B9E.d.D04CFF6C92A155010BEECF0181BE8A75.e.10567","ELEMENT":"f.FFD2F70B7356459FE22D1016ABDF7B9E.d.D04CFF6C92A155010BEECF0181BE8A75.e.10567"}]}
COMMAND: POST /session/371b8fcef450a364efde700f21fc0eae/execute/sync - {"script":"<script> [5351 bytes]","args":[{"element-6066-11e4-a52e-4f735466cecf":"f.FFD2F70B7356459FE22D1016ABDF7B9E.d.D04CFF6C92A155010BEECF0181BE8A75.e.10567","ELEMENT":"f.FFD2F70B7356459FE22D1016ABDF7B9E.d.D04CFF6C92A155010BEECF0181BE8A75.e.10567"}]}
COMMAND: GET /session/371b8fcef450a364efde700f21fc0eae/screenshot - {}
RESULT: {}
RESULT: {"script":"<script> [5351 bytes]","args":[{"element-6066-11e4-a52e-4f735466cecf":"f.FFD2F70B7356459FE22D1016ABDF7B9E.d.D04CFF6C92A155010BEECF0181BE8A75.e.10567","ELEMENT":"f.FFD2F70B7356459FE22D1016ABDF7B9E.d.D04CFF6C92A155010BEECF0181BE8A75.e.10567"}]}
COMMAND: POST /session/371b8fcef450a364efde700f21fc0eae/element/f.FFD2F70B7356459FE22D1016ABDF7B9E.d.D04CFF6C92A155010BEECF0181BE8A75.e.10567/click - {}
COMMAND: GET /session/371b8fcef450a364efde700f21fc0eae/screenshot - {}
RESULT: {}
RESULT: {}
COMMAND: GET /session/371b8fcef450a364efde700f21fc0eae/screenshot - {}
RESULT: {}
RESULT: {}
COMMAND: POST /session/371b8fcef450a364efde700f21fc0eae/element - {"using":"xpath","value":"//span[contains(@id ,\"AddNewHO--typeSelect-arrow\")]"}
RESULT: {"using":"xpath","value":"//span[contains(@id ,\"AddNewHO--typeSelect-arrow\")]"}
COMMAND: POST /session/371b8fcef450a364efde700f21fc0eae/element/f.FFD2F70B7356459FE22D1016ABDF7B9E.d.D04CFF6C92A155010BEECF0181BE8A75.e.10907/click - {}
RESULT: {}
COMMAND: GET /session/371b8fcef450a364efde700f21fc0eae/screenshot - {}
RESULT: {}
COMMAND: POST /session/371b8fcef450a364efde700f21fc0eae/element - {"using":"xpath","value":"(//li[contains(text(), \"stock increase yard\")])[1]"}
RESULT: {"using":"xpath","value":"(//li[contains(text(), \"stock increase yard\")])[1]"}
COMMAND: POST /session/371b8fcef450a364efde700f21fc0eae/element/f.FFD2F70B7356459FE22D1016ABDF7B9E.d.D04CFF6C92A155010BEECF0181BE8A75.e.10908/click - {}
RESULT: {}
COMMAND: GET /session/371b8fcef450a364efde700f21fc0eae/screenshot - {}
RESULT: {}
COMMAND: POST /session/371b8fcef450a364efde700f21fc0eae/execute/async - {"script":"<script> [1562 bytes]","args":[{"selector":{"id":"application-managehandovers-display-component---AddNewHO--dueDate","interaction":{"idSuffix":"inner"}},"wdio_ui5_key":"applicationmanagehandovers-display-component---AddNewHO--dueDate"}]}
RESULT: {"script":"<script> [1562 bytes]","args":[{"selector":{"id":"application-managehandovers-display-component---AddNewHO--dueDate","interaction":{"idSuffix":"inner"}},"wdio_ui5_key":"applicationmanagehandovers-display-component---AddNewHO--dueDate"}]}
RESULT: undefined
COMMAND: POST /session/371b8fcef450a364efde700f21fc0eae/execute/async - {"script":"<script> [6424 bytes]","args":[{"element-6066-11e4-a52e-4f735466cecf":"f.FFD2F70B7356459FE22D1016ABDF7B9E.d.D04CFF6C92A155010BEECF0181BE8A75.e.10910"},"setValue",["05/02/2025"]]}
RESULT: {"script":"<script> [6424 bytes]","args":[{"element-6066-11e4-a52e-4f735466cecf":"f.FFD2F70B7356459FE22D1016ABDF7B9E.d.D04CFF6C92A155010BEECF0181BE8A75.e.10910"},"setValue",["05/02/2025"]]}
COMMAND: POST /session/371b8fcef450a364efde700f21fc0eae/element - {"using":"xpath","value":"//input[@id=\"generalSectionFrg--receiveYard-inner\"]"}
RESULT: {"using":"xpath","value":"//input[@id=\"generalSectionFrg--receiveYard-inner\"]"}
COMMAND: POST /session/371b8fcef450a364efde700f21fc0eae/element/f.FFD2F70B7356459FE22D1016ABDF7B9E.d.D04CFF6C92A155010BEECF0181BE8A75.e.10916/clear - {}
RESULT: {}
COMMAND: POST /session/371b8fcef450a364efde700f21fc0eae/element/f.FFD2F70B7356459FE22D1016ABDF7B9E.d.D04CFF6C92A155010BEECF0181BE8A75.e.10916/value - {"text":"515"}
COMMAND: GET /session/371b8fcef450a364efde700f21fc0eae/screenshot - {}
RESULT: {"text":"515"}
COMMAND: GET /session/371b8fcef450a364efde700f21fc0eae/screenshot - {}
RESULT: {}
RESULT: {}
COMMAND: POST /session/371b8fcef450a364efde700f21fc0eae/element - {"using":"xpath","value":"//li[.//span[text()='515']]"}
RESULT: {"using":"xpath","value":"//li[.//span[text()='515']]"}
COMMAND: POST /session/371b8fcef450a364efde700f21fc0eae/element/f.FFD2F70B7356459FE22D1016ABDF7B9E.d.D04CFF6C92A155010BEECF0181BE8A75.e.10934/click - {}
RESULT: {}
COMMAND: GET /session/371b8fcef450a364efde700f21fc0eae/screenshot - {}
RESULT: {}
COMMAND: POST /session/371b8fcef450a364efde700f21fc0eae/execute/async - {"script":"<script> [1562 bytes]","args":[{"selector":{"id":"application-managehandovers-display-component---AddNewHO--ObjectPageLayout-anchBar-application-managehandovers-display-component---AddNewHO--section4-anchor","interaction":{"idSuffix":"BDI-content"}},"wdio_ui5_key":"applicationmanagehandovers-display-component---AddNewHO--ObjectPageLayout-anchBar-application-managehandovers-display-component---AddNewHO--section4-anchor"}]}
RESULT: {"script":"<script> [1562 bytes]","args":[{"selector":{"id":"application-managehandovers-display-component---AddNewHO--ObjectPageLayout-anchBar-application-managehandovers-display-component---AddNewHO--section4-anchor","interaction":{"idSuffix":"BDI-content"}},"wdio_ui5_key":"applicationmanagehandovers-display-component---AddNewHO--ObjectPageLayout-anchBar-application-managehandovers-display-component---AddNewHO--section4-anchor"}]}
RESULT: undefined
COMMAND: POST /session/371b8fcef450a364efde700f21fc0eae/element - {"using":"xpath","value":"//*[@id=\"application-managehandovers-display-component---AddNewHO--ObjectPageLayout-anchBar-application-managehandovers-display-component---AddNewHO--section4-anchor\"]"}
RESULT: {"using":"xpath","value":"//*[@id=\"application-managehandovers-display-component---AddNewHO--ObjectPageLayout-anchBar-application-managehandovers-display-component---AddNewHO--section4-anchor\"]"}
COMMAND: POST /session/371b8fcef450a364efde700f21fc0eae/element/f.FFD2F70B7356459FE22D1016ABDF7B9E.d.D04CFF6C92A155010BEECF0181BE8A75.e.10936/click - {}
RESULT: {}
COMMAND: POST /session/371b8fcef450a364efde700f21fc0eae/element - {"using":"xpath","value":"//button[@aria-label=\"Add\"]"}
COMMAND: GET /session/371b8fcef450a364efde700f21fc0eae/screenshot - {}
RESULT: {"using":"xpath","value":"//button[@aria-label=\"Add\"]"}
COMMAND: POST /session/371b8fcef450a364efde700f21fc0eae/element/f.FFD2F70B7356459FE22D1016ABDF7B9E.d.D04CFF6C92A155010BEECF0181BE8A75.e.10938/click - {}
RESULT: {}
RESULT: {}
COMMAND: GET /session/371b8fcef450a364efde700f21fc0eae/screenshot - {}
RESULT: {}
COMMAND: POST /session/371b8fcef450a364efde700f21fc0eae/execute/async - {"script":"<script> [1562 bytes]","args":[{"selector":{"id":"application-managehandovers-display-component---AddNewHO--smartFilterBar-btnBasicSearch","searchOpenDialogs":true,"interaction":{"idSuffix":"I"}},"wdio_ui5_key":"applicationmanagehandovers-display-component---AddNewHO--smartFilterBar-btnBasicSearch"}]}
RESULT: {"script":"<script> [1562 bytes]","args":[{"selector":{"id":"application-managehandovers-display-component---AddNewHO--smartFilterBar-btnBasicSearch","searchOpenDialogs":true,"interaction":{"idSuffix":"I"}},"wdio_ui5_key":"applicationmanagehandovers-display-component---AddNewHO--smartFilterBar-btnBasicSearch"}]}
RESULT: undefined
COMMAND: POST /session/371b8fcef450a364efde700f21fc0eae/execute/async - {"script":"<script> [776 bytes]","args":[{"enterText":"AErCz5HESk","selector":{"id":"application-managehandovers-display-component---AddNewHO--smartFilterBar-btnBasicSearch","searchOpenDialogs":true,"interaction":{"idSuffix":"I"}},"clearTextFirst":true,"interactionType":"ENTER_TEXT"}]}
RESULT: {"script":"<script> [776 bytes]","args":[{"enterText":"AErCz5HESk","selector":{"id":"application-managehandovers-display-component---AddNewHO--smartFilterBar-btnBasicSearch","searchOpenDialogs":true,"interaction":{"idSuffix":"I"}},"clearTextFirst":true,"interactionType":"ENTER_TEXT"}]}
COMMAND: POST /session/371b8fcef450a364efde700f21fc0eae/actions - {"actions":[{"id":"action37","type":"key","parameters":{},"actions":[{"type":"keyDown","value":"î€‡"},{"type":"pause","duration":10},{"type":"keyUp","value":"î€‡"}]}]}
RESULT: {"actions":[{"id":"action37","type":"key","parameters":{},"actions":[{"type":"keyDown","value":"î€‡"},{"type":"pause","duration":10},{"type":"keyUp","value":"î€‡"}]}]}
COMMAND: GET /session/371b8fcef450a364efde700f21fc0eae/screenshot - {}
RESULT: {}
COMMAND: POST /session/371b8fcef450a364efde700f21fc0eae/execute/async - {"script":"<script> [1562 bytes]","args":[{"selector":{"id":"application-managehandovers-display-component---AddNewHO--popup-sa","searchOpenDialogs":true,"interaction":{"idSuffix":"CbBg"}},"wdio_ui5_key":"applicationmanagehandovers-display-component---AddNewHO--popup-sa"}]}
RESULT: {"script":"<script> [1562 bytes]","args":[{"selector":{"id":"application-managehandovers-display-component---AddNewHO--popup-sa","searchOpenDialogs":true,"interaction":{"idSuffix":"CbBg"}},"wdio_ui5_key":"applicationmanagehandovers-display-component---AddNewHO--popup-sa"}]}
RESULT: undefined
COMMAND: POST /session/371b8fcef450a364efde700f21fc0eae/element - {"using":"xpath","value":"//*[@id=\"application-managehandovers-display-component---AddNewHO--popup-sa\"]"}
RESULT: {"using":"xpath","value":"//*[@id=\"application-managehandovers-display-component---AddNewHO--popup-sa\"]"}
COMMAND: POST /session/371b8fcef450a364efde700f21fc0eae/element/f.FFD2F70B7356459FE22D1016ABDF7B9E.d.D04CFF6C92A155010BEECF0181BE8A75.e.11091/click - {}
RESULT: {}
COMMAND: GET /session/371b8fcef450a364efde700f21fc0eae/screenshot - {}
RESULT: {}
COMMAND: POST /session/371b8fcef450a364efde700f21fc0eae/element - {"using":"xpath","value":"//bdi[contains(text(), \"Select\")]"}
RESULT: {"using":"xpath","value":"//bdi[contains(text(), \"Select\")]"}
COMMAND: POST /session/371b8fcef450a364efde700f21fc0eae/element/f.FFD2F70B7356459FE22D1016ABDF7B9E.d.D04CFF6C92A155010BEECF0181BE8A75.e.11092/click - {}
RESULT: {}
COMMAND: GET /session/371b8fcef450a364efde700f21fc0eae/screenshot - {}
RESULT: {}
COMMAND: POST /session/371b8fcef450a364efde700f21fc0eae/element - {"using":"xpath","value":"//button[@data-kt=\"AddNewHOSaveButton\"]"}
RESULT: {"using":"xpath","value":"//button[@data-kt=\"AddNewHOSaveButton\"]"}
COMMAND: POST /session/371b8fcef450a364efde700f21fc0eae/element/f.FFD2F70B7356459FE22D1016ABDF7B9E.d.D04CFF6C92A155010BEECF0181BE8A75.e.11096/click - {}
RESULT: {}
COMMAND: GET /session/371b8fcef450a364efde700f21fc0eae/screenshot - {}
RESULT: {}
COMMAND: POST /session/371b8fcef450a364efde700f21fc0eae/execute/async - {"script":"<script> [1562 bytes]","args":[{"selector":{"id":"receiptDatePicker","viewName":"etm.portal.ui.managehandovers.view.DetailExecuteHO","interaction":{"idSuffix":"inner"}},"wdio_ui5_key":"receiptDatePickeretmportal.ui.managehandovers.view.DetailExecuteHO"}]}
RESULT: {"script":"<script> [1562 bytes]","args":[{"selector":{"id":"receiptDatePicker","viewName":"etm.portal.ui.managehandovers.view.DetailExecuteHO","interaction":{"idSuffix":"inner"}},"wdio_ui5_key":"receiptDatePickeretmportal.ui.managehandovers.view.DetailExecuteHO"}]}
RESULT: undefined
COMMAND: POST /session/371b8fcef450a364efde700f21fc0eae/execute/async - {"script":"<script> [6424 bytes]","args":[{"element-6066-11e4-a52e-4f735466cecf":"f.FFD2F70B7356459FE22D1016ABDF7B9E.d.D04CFF6C92A155010BEECF0181BE8A75.e.11127"},"setValue",["05/02/2025"]]}
RESULT: {"script":"<script> [6424 bytes]","args":[{"element-6066-11e4-a52e-4f735466cecf":"f.FFD2F70B7356459FE22D1016ABDF7B9E.d.D04CFF6C92A155010BEECF0181BE8A75.e.11127"},"setValue",["05/02/2025"]]}
COMMAND: POST /session/371b8fcef450a364efde700f21fc0eae/element - {"using":"xpath","value":"//button[@data-kt=\"PickingTableConfirmAllButton\"]"}
RESULT: {"using":"xpath","value":"//button[@data-kt=\"PickingTableConfirmAllButton\"]"}
COMMAND: POST /session/371b8fcef450a364efde700f21fc0eae/element/f.FFD2F70B7356459FE22D1016ABDF7B9E.d.D04CFF6C92A155010BEECF0181BE8A75.e.11142/click - {}
RESULT: {}
COMMAND: GET /session/371b8fcef450a364efde700f21fc0eae/screenshot - {}
RESULT: {}
COMMAND: POST /session/371b8fcef450a364efde700f21fc0eae/element - {"using":"xpath","value":"//bdi[contains(text(), \"OK\")]"}
RESULT: {"using":"xpath","value":"//bdi[contains(text(), \"OK\")]"}
COMMAND: POST /session/371b8fcef450a364efde700f21fc0eae/element/f.FFD2F70B7356459FE22D1016ABDF7B9E.d.D04CFF6C92A155010BEECF0181BE8A75.e.11145/click - {}
RESULT: {}
COMMAND: GET /session/371b8fcef450a364efde700f21fc0eae/screenshot - {}
RESULT: {}
COMMAND: POST /session/371b8fcef450a364efde700f21fc0eae/element - {"using":"xpath","value":"(//bdi[contains(text(), \"Receive\")])[2]"}
RESULT: {"using":"xpath","value":"(//bdi[contains(text(), \"Receive\")])[2]"}
COMMAND: POST /session/371b8fcef450a364efde700f21fc0eae/element/f.FFD2F70B7356459FE22D1016ABDF7B9E.d.D04CFF6C92A155010BEECF0181BE8A75.e.11146/click - {}
RESULT: {}
COMMAND: GET /session/371b8fcef450a364efde700f21fc0eae/screenshot - {}
RESULT: {}
COMMAND: POST /session/371b8fcef450a364efde700f21fc0eae/element - {"using":"css selector","value":"#shell-header-logo"}
RESULT: {"using":"css selector","value":"#shell-header-logo"}
COMMAND: POST /session/371b8fcef450a364efde700f21fc0eae/element/f.FFD2F70B7356459FE22D1016ABDF7B9E.d.D04CFF6C92A155010BEECF0181BE8A75.e.10530/click - {}
RESULT: {}
COMMAND: GET /session/371b8fcef450a364efde700f21fc0eae/screenshot - {}
RESULT: {}
]]></system-out>
    </testcase>
    <testcase classname="chrome.135_0_7049_96.windows.Billing_Transfer_-_Intracompany_US127249" name="Should create a new contract" time="55.55">
      <system-out><![CDATA[
COMMAND: POST /session/371b8fcef450a364efde700f21fc0eae/execute/async - {"script":"<script> [1562 bytes]","args":[{"selector":{"controlType":"sap.m.Text","viewName":"etm.portal.ui.managecontractstile.view.Master","properties":{"text":"Manage Contracts"},"interaction":{"idSuffix":"inner"}},"wdio_ui5_key":"etmportal.ui.managecontractstile.view.Mastersap.m.Text{\"text\":\"Manage Contracts\"}"}]}
RESULT: {"script":"<script> [1562 bytes]","args":[{"selector":{"controlType":"sap.m.Text","viewName":"etm.portal.ui.managecontractstile.view.Master","properties":{"text":"Manage Contracts"},"interaction":{"idSuffix":"inner"}},"wdio_ui5_key":"etmportal.ui.managecontractstile.view.Mastersap.m.Text{\"text\":\"Manage Contracts\"}"}]}
RESULT: undefined
COMMAND: POST /session/371b8fcef450a364efde700f21fc0eae/element - {"using":"xpath","value":"//*[@id=\"__tile130-title\"]"}
RESULT: {"using":"xpath","value":"//*[@id=\"__tile130-title\"]"}
COMMAND: POST /session/371b8fcef450a364efde700f21fc0eae/element/f.FFD2F70B7356459FE22D1016ABDF7B9E.d.D04CFF6C92A155010BEECF0181BE8A75.e.11427/click - {}
RESULT: {}
COMMAND: GET /session/371b8fcef450a364efde700f21fc0eae/screenshot - {}
RESULT: {}
COMMAND: POST /session/371b8fcef450a364efde700f21fc0eae/element - {"using":"xpath","value":"//button[@data-kt=\"addButton\"]"}
RESULT: {"using":"xpath","value":"//button[@data-kt=\"addButton\"]"}
COMMAND: POST /session/371b8fcef450a364efde700f21fc0eae/elements - {"using":"xpath","value":"//button[@data-kt=\"addButton\"]"}
RESULT: {"using":"xpath","value":"//button[@data-kt=\"addButton\"]"}
COMMAND: POST /session/371b8fcef450a364efde700f21fc0eae/execute/sync - {"script":"<script> [8489 bytes]","args":[{"element-6066-11e4-a52e-4f735466cecf":"f.FFD2F70B7356459FE22D1016ABDF7B9E.d.D04CFF6C92A155010BEECF0181BE8A75.e.11472","ELEMENT":"f.FFD2F70B7356459FE22D1016ABDF7B9E.d.D04CFF6C92A155010BEECF0181BE8A75.e.11472"}]}
RESULT: {"script":"<script> [8489 bytes]","args":[{"element-6066-11e4-a52e-4f735466cecf":"f.FFD2F70B7356459FE22D1016ABDF7B9E.d.D04CFF6C92A155010BEECF0181BE8A75.e.11472","ELEMENT":"f.FFD2F70B7356459FE22D1016ABDF7B9E.d.D04CFF6C92A155010BEECF0181BE8A75.e.11472"}]}
COMMAND: GET /session/371b8fcef450a364efde700f21fc0eae/element/f.FFD2F70B7356459FE22D1016ABDF7B9E.d.D04CFF6C92A155010BEECF0181BE8A75.e.11472/enabled - {}
COMMAND: GET /session/371b8fcef450a364efde700f21fc0eae/screenshot - {}
RESULT: {}
COMMAND: POST /session/371b8fcef450a364efde700f21fc0eae/execute/sync - {"script":"<script> [8489 bytes]","args":[{"element-6066-11e4-a52e-4f735466cecf":"f.FFD2F70B7356459FE22D1016ABDF7B9E.d.D04CFF6C92A155010BEECF0181BE8A75.e.11472","ELEMENT":"f.FFD2F70B7356459FE22D1016ABDF7B9E.d.D04CFF6C92A155010BEECF0181BE8A75.e.11472"}]}
COMMAND: GET /session/371b8fcef450a364efde700f21fc0eae/screenshot - {}
RESULT: {}
RESULT: {"script":"<script> [8489 bytes]","args":[{"element-6066-11e4-a52e-4f735466cecf":"f.FFD2F70B7356459FE22D1016ABDF7B9E.d.D04CFF6C92A155010BEECF0181BE8A75.e.11472","ELEMENT":"f.FFD2F70B7356459FE22D1016ABDF7B9E.d.D04CFF6C92A155010BEECF0181BE8A75.e.11472"}]}
COMMAND: POST /session/371b8fcef450a364efde700f21fc0eae/execute/sync - {"script":"<script> [5351 bytes]","args":[{"element-6066-11e4-a52e-4f735466cecf":"f.FFD2F70B7356459FE22D1016ABDF7B9E.d.D04CFF6C92A155010BEECF0181BE8A75.e.11472","ELEMENT":"f.FFD2F70B7356459FE22D1016ABDF7B9E.d.D04CFF6C92A155010BEECF0181BE8A75.e.11472"}]}
COMMAND: GET /session/371b8fcef450a364efde700f21fc0eae/screenshot - {}
RESULT: {}
RESULT: {"script":"<script> [5351 bytes]","args":[{"element-6066-11e4-a52e-4f735466cecf":"f.FFD2F70B7356459FE22D1016ABDF7B9E.d.D04CFF6C92A155010BEECF0181BE8A75.e.11472","ELEMENT":"f.FFD2F70B7356459FE22D1016ABDF7B9E.d.D04CFF6C92A155010BEECF0181BE8A75.e.11472"}]}
COMMAND: GET /session/371b8fcef450a364efde700f21fc0eae/screenshot - {}
RESULT: {}
RESULT: {}
COMMAND: POST /session/371b8fcef450a364efde700f21fc0eae/element/f.FFD2F70B7356459FE22D1016ABDF7B9E.d.D04CFF6C92A155010BEECF0181BE8A75.e.11472/click - {}
RESULT: {}
COMMAND: GET /session/371b8fcef450a364efde700f21fc0eae/screenshot - {}
COMMAND: POST /session/371b8fcef450a364efde700f21fc0eae/execute/async - {"script":"<script> [1562 bytes]","args":[{"selector":{"id":"application-managecontracts-display-component---AddNewContract--projectDescription","interaction":{"idSuffix":"inner"}},"wdio_ui5_key":"applicationmanagecontracts-display-component---AddNewContract--projectDescription"}]}
RESULT: {}
RESULT: {"script":"<script> [1562 bytes]","args":[{"selector":{"id":"application-managecontracts-display-component---AddNewContract--projectDescription","interaction":{"idSuffix":"inner"}},"wdio_ui5_key":"applicationmanagecontracts-display-component---AddNewContract--projectDescription"}]}
RESULT: undefined
COMMAND: POST /session/371b8fcef450a364efde700f21fc0eae/execute/async - {"script":"<script> [776 bytes]","args":[{"enterText":"Contract WDIO","selector":{"id":"application-managecontracts-display-component---AddNewContract--projectDescription","interaction":{"idSuffix":"inner"}},"clearTextFirst":true,"interactionType":"ENTER_TEXT"}]}
RESULT: {"script":"<script> [776 bytes]","args":[{"enterText":"Contract WDIO","selector":{"id":"application-managecontracts-display-component---AddNewContract--projectDescription","interaction":{"idSuffix":"inner"}},"clearTextFirst":true,"interactionType":"ENTER_TEXT"}]}
COMMAND: POST /session/371b8fcef450a364efde700f21fc0eae/element - {"using":"xpath","value":"//input[@id=\"application-managecontracts-display-component---AddNewContract--site-inner\"]"}
RESULT: {"using":"xpath","value":"//input[@id=\"application-managecontracts-display-component---AddNewContract--site-inner\"]"}
COMMAND: POST /session/371b8fcef450a364efde700f21fc0eae/element/f.FFD2F70B7356459FE22D1016ABDF7B9E.d.D04CFF6C92A155010BEECF0181BE8A75.e.11971/clear - {}
RESULT: {}
COMMAND: POST /session/371b8fcef450a364efde700f21fc0eae/element/f.FFD2F70B7356459FE22D1016ABDF7B9E.d.D04CFF6C92A155010BEECF0181BE8A75.e.11971/value - {"text":"2349"}
COMMAND: GET /session/371b8fcef450a364efde700f21fc0eae/screenshot - {}
RESULT: {"text":"2349"}
COMMAND: GET /session/371b8fcef450a364efde700f21fc0eae/screenshot - {}
RESULT: {}
RESULT: {}
COMMAND: POST /session/371b8fcef450a364efde700f21fc0eae/element - {"using":"xpath","value":"//li[.//span[text()='2349']]"}
RESULT: {"using":"xpath","value":"//li[.//span[text()='2349']]"}
COMMAND: POST /session/371b8fcef450a364efde700f21fc0eae/element/f.FFD2F70B7356459FE22D1016ABDF7B9E.d.D04CFF6C92A155010BEECF0181BE8A75.e.11996/click - {}
RESULT: {}
COMMAND: GET /session/371b8fcef450a364efde700f21fc0eae/screenshot - {}
RESULT: {}
COMMAND: POST /session/371b8fcef450a364efde700f21fc0eae/element - {"using":"xpath","value":"//input[@id=\"application-managecontracts-display-component---AddNewContract--yardId-inner\"]"}
RESULT: {"using":"xpath","value":"//input[@id=\"application-managecontracts-display-component---AddNewContract--yardId-inner\"]"}
COMMAND: GET /session/371b8fcef450a364efde700f21fc0eae/element/f.FFD2F70B7356459FE22D1016ABDF7B9E.d.D04CFF6C92A155010BEECF0181BE8A75.e.11972/property/value - {}
RESULT: {}
COMMAND: POST /session/371b8fcef450a364efde700f21fc0eae/element - {"using":"xpath","value":"//input[@id=\"application-managecontracts-display-component---AddNewContract--customerSelect-inner\"]"}
COMMAND: GET /session/371b8fcef450a364efde700f21fc0eae/screenshot - {}
RESULT: {"using":"xpath","value":"//input[@id=\"application-managecontracts-display-component---AddNewContract--customerSelect-inner\"]"}
COMMAND: POST /session/371b8fcef450a364efde700f21fc0eae/element/f.FFD2F70B7356459FE22D1016ABDF7B9E.d.D04CFF6C92A155010BEECF0181BE8A75.e.11970/clear - {}
RESULT: {}
RESULT: {}
COMMAND: POST /session/371b8fcef450a364efde700f21fc0eae/element/f.FFD2F70B7356459FE22D1016ABDF7B9E.d.D04CFF6C92A155010BEECF0181BE8A75.e.11970/value - {"text":"1388"}
COMMAND: GET /session/371b8fcef450a364efde700f21fc0eae/screenshot - {}
RESULT: {"text":"1388"}
COMMAND: GET /session/371b8fcef450a364efde700f21fc0eae/screenshot - {}
RESULT: {}
RESULT: {}
COMMAND: POST /session/371b8fcef450a364efde700f21fc0eae/element - {"using":"xpath","value":"//li[.//span[text()='1388']]"}
RESULT: {"using":"xpath","value":"//li[.//span[text()='1388']]"}
COMMAND: POST /session/371b8fcef450a364efde700f21fc0eae/element/f.FFD2F70B7356459FE22D1016ABDF7B9E.d.D04CFF6C92A155010BEECF0181BE8A75.e.11999/click - {}
RESULT: {}
COMMAND: GET /session/371b8fcef450a364efde700f21fc0eae/screenshot - {}
RESULT: {}
COMMAND: POST /session/371b8fcef450a364efde700f21fc0eae/element - {"using":"xpath","value":"//button[@data-kt=\"saveButton\"]"}
RESULT: {"using":"xpath","value":"//button[@data-kt=\"saveButton\"]"}
COMMAND: POST /session/371b8fcef450a364efde700f21fc0eae/element/f.FFD2F70B7356459FE22D1016ABDF7B9E.d.D04CFF6C92A155010BEECF0181BE8A75.e.11987/click - {}
RESULT: {}
COMMAND: GET /session/371b8fcef450a364efde700f21fc0eae/screenshot - {}
RESULT: {}
COMMAND: POST /session/371b8fcef450a364efde700f21fc0eae/element - {"using":"xpath","value":"//span[contains(@id ,\"contractDetailTitleNoExpanded\")]"}
RESULT: {"using":"xpath","value":"//span[contains(@id ,\"contractDetailTitleNoExpanded\")]"}
COMMAND: POST /session/371b8fcef450a364efde700f21fc0eae/elements - {"using":"xpath","value":"//span[contains(@id ,\"contractDetailTitleNoExpanded\")]"}
RESULT: {"using":"xpath","value":"//span[contains(@id ,\"contractDetailTitleNoExpanded\")]"}
COMMAND: POST /session/371b8fcef450a364efde700f21fc0eae/execute/sync - {"script":"<script> [56 bytes]","args":[{"element-6066-11e4-a52e-4f735466cecf":"f.FFD2F70B7356459FE22D1016ABDF7B9E.d.D04CFF6C92A155010BEECF0181BE8A75.e.12010","ELEMENT":"f.FFD2F70B7356459FE22D1016ABDF7B9E.d.D04CFF6C92A155010BEECF0181BE8A75.e.12010"}]}
RESULT: {"script":"<script> [56 bytes]","args":[{"element-6066-11e4-a52e-4f735466cecf":"f.FFD2F70B7356459FE22D1016ABDF7B9E.d.D04CFF6C92A155010BEECF0181BE8A75.e.12010","ELEMENT":"f.FFD2F70B7356459FE22D1016ABDF7B9E.d.D04CFF6C92A155010BEECF0181BE8A75.e.12010"}]}
COMMAND: GET /session/371b8fcef450a364efde700f21fc0eae/screenshot - {}
RESULT: {}
]]></system-out>
    </testcase>
    <testcase classname="chrome.135_0_7049_96.windows.Billing_Transfer_-_Intracompany_US127249" name="Should add equipment to the contract" time="50.263">
      <system-out><![CDATA[
COMMAND: POST /session/371b8fcef450a364efde700f21fc0eae/element - {"using":"xpath","value":"//button[@data-kt=\"contractDetailEditBtnButton\"]"}
RESULT: {"using":"xpath","value":"//button[@data-kt=\"contractDetailEditBtnButton\"]"}
COMMAND: POST /session/371b8fcef450a364efde700f21fc0eae/element/f.FFD2F70B7356459FE22D1016ABDF7B9E.d.D04CFF6C92A155010BEECF0181BE8A75.e.12011/click - {}
RESULT: {}
COMMAND: GET /session/371b8fcef450a364efde700f21fc0eae/screenshot - {}
RESULT: {}
COMMAND: POST /session/371b8fcef450a364efde700f21fc0eae/element - {"using":"xpath","value":"(//span[contains(text(), \"Additional Addresses\")])[2]"}
RESULT: {"using":"xpath","value":"(//span[contains(text(), \"Additional Addresses\")])[2]"}
COMMAND: POST /session/371b8fcef450a364efde700f21fc0eae/element/f.FFD2F70B7356459FE22D1016ABDF7B9E.d.D04CFF6C92A155010BEECF0181BE8A75.e.12065/click - {}
RESULT: {}
COMMAND: GET /session/371b8fcef450a364efde700f21fc0eae/screenshot - {}
RESULT: {}
COMMAND: POST /session/371b8fcef450a364efde700f21fc0eae/element - {"using":"xpath","value":"//button[@data-kt=\"btnAddTableRowOverflowToolbarButton\"]"}
RESULT: {"using":"xpath","value":"//button[@data-kt=\"btnAddTableRowOverflowToolbarButton\"]"}
COMMAND: POST /session/371b8fcef450a364efde700f21fc0eae/element/f.FFD2F70B7356459FE22D1016ABDF7B9E.d.D04CFF6C92A155010BEECF0181BE8A75.e.12069/click - {}
RESULT: {}
COMMAND: GET /session/371b8fcef450a364efde700f21fc0eae/screenshot - {}
RESULT: {}
COMMAND: POST /session/371b8fcef450a364efde700f21fc0eae/element - {"using":"xpath","value":"//div[(text() = 'Standard Entry' or . = 'Standard Entry')]"}
RESULT: {"using":"xpath","value":"//div[(text() = 'Standard Entry' or . = 'Standard Entry')]"}
COMMAND: POST /session/371b8fcef450a364efde700f21fc0eae/element/f.FFD2F70B7356459FE22D1016ABDF7B9E.d.D04CFF6C92A155010BEECF0181BE8A75.e.12071/click - {}
RESULT: {}
COMMAND: GET /session/371b8fcef450a364efde700f21fc0eae/screenshot - {}
RESULT: {}
COMMAND: POST /session/371b8fcef450a364efde700f21fc0eae/element - {"using":"xpath","value":"//td[7]/div/div/input"}
RESULT: {"using":"xpath","value":"//td[7]/div/div/input"}
COMMAND: POST /session/371b8fcef450a364efde700f21fc0eae/element/f.FFD2F70B7356459FE22D1016ABDF7B9E.d.D04CFF6C92A155010BEECF0181BE8A75.e.12080/clear - {}
RESULT: {}
COMMAND: POST /session/371b8fcef450a364efde700f21fc0eae/element/f.FFD2F70B7356459FE22D1016ABDF7B9E.d.D04CFF6C92A155010BEECF0181BE8A75.e.12080/value - {"text":"AErCz5HESk"}
COMMAND: GET /session/371b8fcef450a364efde700f21fc0eae/screenshot - {}
RESULT: {"text":"AErCz5HESk"}
COMMAND: GET /session/371b8fcef450a364efde700f21fc0eae/screenshot - {}
RESULT: {}
RESULT: {}
COMMAND: POST /session/371b8fcef450a364efde700f21fc0eae/actions - {"actions":[{"id":"action38","type":"key","parameters":{},"actions":[{"type":"keyDown","value":"î€‡"},{"type":"pause","duration":10},{"type":"keyUp","value":"î€‡"}]}]}
RESULT: {"actions":[{"id":"action38","type":"key","parameters":{},"actions":[{"type":"keyDown","value":"î€‡"},{"type":"pause","duration":10},{"type":"keyUp","value":"î€‡"}]}]}
COMMAND: GET /session/371b8fcef450a364efde700f21fc0eae/screenshot - {}
RESULT: {}
COMMAND: POST /session/371b8fcef450a364efde700f21fc0eae/execute/sync - {"script":"<script> [276 bytes]","args":["No pricing information was found"]}
RESULT: {"script":"<script> [276 bytes]","args":["No pricing information was found"]}
COMMAND: POST /session/371b8fcef450a364efde700f21fc0eae/element - {"using":"xpath","value":"(//button[@data-kt=\"saveButton\"])[2]"}
COMMAND: GET /session/371b8fcef450a364efde700f21fc0eae/screenshot - {}
RESULT: {"using":"xpath","value":"(//button[@data-kt=\"saveButton\"])[2]"}
COMMAND: POST /session/371b8fcef450a364efde700f21fc0eae/element/f.FFD2F70B7356459FE22D1016ABDF7B9E.d.D04CFF6C92A155010BEECF0181BE8A75.e.12095/click - {}
RESULT: {}
RESULT: {}
COMMAND: GET /session/371b8fcef450a364efde700f21fc0eae/screenshot - {}
RESULT: {}
COMMAND: POST /session/371b8fcef450a364efde700f21fc0eae/execute/sync - {"script":"<script> [276 bytes]","args":["Some contract items are having rental validity exceeding header rental validity"]}
RESULT: {"script":"<script> [276 bytes]","args":["Some contract items are having rental validity exceeding header rental validity"]}
COMMAND: GET /session/371b8fcef450a364efde700f21fc0eae/screenshot - {}
RESULT: {}
COMMAND: POST /session/371b8fcef450a364efde700f21fc0eae/element - {"using":"xpath","value":"//span[contains(@id ,\"contractItemsSmartTable-header-inner\")]"}
RESULT: {"using":"xpath","value":"//span[contains(@id ,\"contractItemsSmartTable-header-inner\")]"}
COMMAND: POST /session/371b8fcef450a364efde700f21fc0eae/elements - {"using":"xpath","value":"//span[contains(@id ,\"contractItemsSmartTable-header-inner\")]"}
RESULT: {"using":"xpath","value":"//span[contains(@id ,\"contractItemsSmartTable-header-inner\")]"}
COMMAND: POST /session/371b8fcef450a364efde700f21fc0eae/execute/sync - {"script":"<script> [56 bytes]","args":[{"element-6066-11e4-a52e-4f735466cecf":"f.FFD2F70B7356459FE22D1016ABDF7B9E.d.D04CFF6C92A155010BEECF0181BE8A75.e.12101","ELEMENT":"f.FFD2F70B7356459FE22D1016ABDF7B9E.d.D04CFF6C92A155010BEECF0181BE8A75.e.12101"}]}
RESULT: {"script":"<script> [56 bytes]","args":[{"element-6066-11e4-a52e-4f735466cecf":"f.FFD2F70B7356459FE22D1016ABDF7B9E.d.D04CFF6C92A155010BEECF0181BE8A75.e.12101","ELEMENT":"f.FFD2F70B7356459FE22D1016ABDF7B9E.d.D04CFF6C92A155010BEECF0181BE8A75.e.12101"}]}
]]></system-out>
    </testcase>
    <testcase classname="chrome.135_0_7049_96.windows.Billing_Transfer_-_Intracompany_US127249" name="Should do a provide to site handover" time="49.829">
      <system-out><![CDATA[
COMMAND: GET /session/371b8fcef450a364efde700f21fc0eae/screenshot - {}
COMMAND: POST /session/371b8fcef450a364efde700f21fc0eae/element - {"using":"xpath","value":"//button[@data-kt=\"provideButton\"]"}
RESULT: {}
RESULT: {"using":"xpath","value":"//button[@data-kt=\"provideButton\"]"}
COMMAND: POST /session/371b8fcef450a364efde700f21fc0eae/element/f.FFD2F70B7356459FE22D1016ABDF7B9E.d.D04CFF6C92A155010BEECF0181BE8A75.e.12102/click - {}
RESULT: {}
COMMAND: GET /session/371b8fcef450a364efde700f21fc0eae/screenshot - {}
RESULT: undefined
COMMAND: POST /session/371b8fcef450a364efde700f21fc0eae/execute/async - {"script":"<script> [6424 bytes]","args":[{"element-6066-11e4-a52e-4f735466cecf":"f.FFD2F70B7356459FE22D1016ABDF7B9E.d.D04CFF6C92A155010BEECF0181BE8A75.e.10910"},"setValue",["05/02/2025"]]}
RESULT: {}
COMMAND: POST /session/371b8fcef450a364efde700f21fc0eae/execute/async - {"script":"<script> [1562 bytes]","args":[{"selector":{"id":"application-managehandovers-display-component---AddNewHO--dueDate","interaction":{"idSuffix":"inner"}},"wdio_ui5_key":"applicationmanagehandovers-display-component---AddNewHO--dueDate"}]}
RESULT: {"script":"<script> [1562 bytes]","args":[{"selector":{"id":"application-managehandovers-display-component---AddNewHO--dueDate","interaction":{"idSuffix":"inner"}},"wdio_ui5_key":"applicationmanagehandovers-display-component---AddNewHO--dueDate"}]}
COMMAND: POST /session/371b8fcef450a364efde700f21fc0eae/execute/async - {"script":"<script> [6424 bytes]","args":[{"element-6066-11e4-a52e-4f735466cecf":"f.FFD2F70B7356459FE22D1016ABDF7B9E.d.D04CFF6C92A155010BEECF0181BE8A75.e.12159"},"setValue",["05/02/2025"]]}
RESULT: {"script":"<script> [6424 bytes]","args":[{"element-6066-11e4-a52e-4f735466cecf":"f.FFD2F70B7356459FE22D1016ABDF7B9E.d.D04CFF6C92A155010BEECF0181BE8A75.e.12159"},"setValue",["05/02/2025"]]}
COMMAND: POST /session/371b8fcef450a364efde700f21fc0eae/element - {"using":"xpath","value":"//bdi[contains(text(), \"Instructions\")]"}
RESULT: {"using":"xpath","value":"//bdi[contains(text(), \"Instructions\")]"}
COMMAND: POST /session/371b8fcef450a364efde700f21fc0eae/element/f.FFD2F70B7356459FE22D1016ABDF7B9E.d.D04CFF6C92A155010BEECF0181BE8A75.e.12413/click - {}
RESULT: {}
COMMAND: GET /session/371b8fcef450a364efde700f21fc0eae/screenshot - {}
RESULT: {}
COMMAND: POST /session/371b8fcef450a364efde700f21fc0eae/element - {"using":"xpath","value":"//button[@data-kt=\"AddNewHOProvideAddItemsButton\"]"}
RESULT: {"using":"xpath","value":"//button[@data-kt=\"AddNewHOProvideAddItemsButton\"]"}
COMMAND: POST /session/371b8fcef450a364efde700f21fc0eae/element/f.FFD2F70B7356459FE22D1016ABDF7B9E.d.D04CFF6C92A155010BEECF0181BE8A75.e.12417/click - {}
RESULT: {}
COMMAND: GET /session/371b8fcef450a364efde700f21fc0eae/screenshot - {}
RESULT: {}
RESULT: undefined
COMMAND: POST /session/371b8fcef450a364efde700f21fc0eae/element - {"using":"xpath","value":"//*[@id=\"application-managehandovers-display-component---AddNewHO--popup-sa\"]"}
RESULT: {"using":"xpath","value":"//*[@id=\"application-managehandovers-display-component---AddNewHO--popup-sa\"]"}
COMMAND: POST /session/371b8fcef450a364efde700f21fc0eae/element/f.FFD2F70B7356459FE22D1016ABDF7B9E.d.D04CFF6C92A155010BEECF0181BE8A75.e.12426/click - {}
RESULT: {}
COMMAND: GET /session/371b8fcef450a364efde700f21fc0eae/screenshot - {}
RESULT: {}
COMMAND: POST /session/371b8fcef450a364efde700f21fc0eae/element - {"using":"xpath","value":"//*[contains(@id ,\"BDI-content\")][contains(text(), \"Select\")]"}
RESULT: {"using":"xpath","value":"//*[contains(@id ,\"BDI-content\")][contains(text(), \"Select\")]"}
COMMAND: POST /session/371b8fcef450a364efde700f21fc0eae/element/f.FFD2F70B7356459FE22D1016ABDF7B9E.d.D04CFF6C92A155010BEECF0181BE8A75.e.12428/click - {}
RESULT: {}
COMMAND: GET /session/371b8fcef450a364efde700f21fc0eae/screenshot - {}
RESULT: {}
COMMAND: POST /session/371b8fcef450a364efde700f21fc0eae/execute/async - {"script":"<script> [1562 bytes]","args":[{"selector":{"id":"application-managehandovers-display-component---AddNewHO--confirmCreationButton","interaction":{"idSuffix":"BDI-content"}},"wdio_ui5_key":"applicationmanagehandovers-display-component---AddNewHO--confirmCreationButton"}]}
RESULT: {"script":"<script> [1562 bytes]","args":[{"selector":{"id":"application-managehandovers-display-component---AddNewHO--confirmCreationButton","interaction":{"idSuffix":"BDI-content"}},"wdio_ui5_key":"applicationmanagehandovers-display-component---AddNewHO--confirmCreationButton"}]}
RESULT: undefined
COMMAND: POST /session/371b8fcef450a364efde700f21fc0eae/element - {"using":"xpath","value":"//*[@id=\"application-managehandovers-display-component---AddNewHO--confirmCreationButton\"]"}
RESULT: {"using":"xpath","value":"//*[@id=\"application-managehandovers-display-component---AddNewHO--confirmCreationButton\"]"}
COMMAND: POST /session/371b8fcef450a364efde700f21fc0eae/element/f.FFD2F70B7356459FE22D1016ABDF7B9E.d.D04CFF6C92A155010BEECF0181BE8A75.e.12239/click - {}
RESULT: {}
COMMAND: GET /session/371b8fcef450a364efde700f21fc0eae/screenshot - {}
RESULT: {}
COMMAND: POST /session/371b8fcef450a364efde700f21fc0eae/element - {"using":"xpath","value":"//button[@data-kt=\"PickingTableConfirmAllButton\"]"}
RESULT: {"using":"xpath","value":"//button[@data-kt=\"PickingTableConfirmAllButton\"]"}
COMMAND: POST /session/371b8fcef450a364efde700f21fc0eae/element/f.FFD2F70B7356459FE22D1016ABDF7B9E.d.D04CFF6C92A155010BEECF0181BE8A75.e.12472/click - {}
COMMAND: POST /session/371b8fcef450a364efde700f21fc0eae/element - {"using":"xpath","value":"//button[@data-kt=\"PickingTableConfirmAllButton\"]"}
RESULT: {"using":"xpath","value":"//button[@data-kt=\"PickingTableConfirmAllButton\"]"}
COMMAND: POST /session/371b8fcef450a364efde700f21fc0eae/element/f.FFD2F70B7356459FE22D1016ABDF7B9E.d.D04CFF6C92A155010BEECF0181BE8A75.e.12472/click - {}
COMMAND: POST /session/371b8fcef450a364efde700f21fc0eae/element - {"using":"xpath","value":"//button[@data-kt=\"PickingTableConfirmAllButton\"]"}
RESULT: {"using":"xpath","value":"//button[@data-kt=\"PickingTableConfirmAllButton\"]"}
COMMAND: POST /session/371b8fcef450a364efde700f21fc0eae/element/f.FFD2F70B7356459FE22D1016ABDF7B9E.d.D04CFF6C92A155010BEECF0181BE8A75.e.12483/click - {}
RESULT: {}
COMMAND: GET /session/371b8fcef450a364efde700f21fc0eae/screenshot - {}
RESULT: {}
COMMAND: POST /session/371b8fcef450a364efde700f21fc0eae/element - {"using":"xpath","value":"//bdi[contains(text(), \"OK\")]"}
RESULT: {"using":"xpath","value":"//bdi[contains(text(), \"OK\")]"}
COMMAND: POST /session/371b8fcef450a364efde700f21fc0eae/element/f.FFD2F70B7356459FE22D1016ABDF7B9E.d.D04CFF6C92A155010BEECF0181BE8A75.e.12487/click - {}
RESULT: {}
COMMAND: GET /session/371b8fcef450a364efde700f21fc0eae/screenshot - {}
RESULT: {}
COMMAND: POST /session/371b8fcef450a364efde700f21fc0eae/element - {"using":"xpath","value":"//bdi[contains(text(), \"Issue\")]"}
RESULT: {"using":"xpath","value":"//bdi[contains(text(), \"Issue\")]"}
COMMAND: POST /session/371b8fcef450a364efde700f21fc0eae/element/f.FFD2F70B7356459FE22D1016ABDF7B9E.d.D04CFF6C92A155010BEECF0181BE8A75.e.12488/click - {}
RESULT: {}
COMMAND: GET /session/371b8fcef450a364efde700f21fc0eae/screenshot - {}
RESULT: {}
COMMAND: POST /session/371b8fcef450a364efde700f21fc0eae/element - {"using":"css selector","value":"#shell-header-logo"}
RESULT: {"using":"css selector","value":"#shell-header-logo"}
COMMAND: POST /session/371b8fcef450a364efde700f21fc0eae/element/f.FFD2F70B7356459FE22D1016ABDF7B9E.d.D04CFF6C92A155010BEECF0181BE8A75.e.11443/click - {}
RESULT: {}
COMMAND: GET /session/371b8fcef450a364efde700f21fc0eae/screenshot - {}
RESULT: {}
]]></system-out>
    </testcase>
    <testcase classname="chrome.135_0_7049_96.windows.Billing_Transfer_-_Intracompany_US127249" name="Should go navigate to Manage Billings and trigger contract calculation check result" time="53.416">
      <system-out><![CDATA[
COMMAND: POST /session/371b8fcef450a364efde700f21fc0eae/execute/async - {"script":"<script> [1562 bytes]","args":[{"selector":{"controlType":"sap.m.GenericTile","properties":{"header":"Manage Billings"}},"wdio_ui5_key":"sapm.GenericTile{\"header\":\"Manage Billings\"}"}]}
RESULT: {"script":"<script> [1562 bytes]","args":[{"selector":{"controlType":"sap.m.GenericTile","properties":{"header":"Manage Billings"}},"wdio_ui5_key":"sapm.GenericTile{\"header\":\"Manage Billings\"}"}]}
RESULT: undefined
COMMAND: POST /session/371b8fcef450a364efde700f21fc0eae/element - {"using":"xpath","value":"//*[@id=\"__tile51\"]"}
RESULT: {"using":"xpath","value":"//*[@id=\"__tile51\"]"}
COMMAND: POST /session/371b8fcef450a364efde700f21fc0eae/element/f.FFD2F70B7356459FE22D1016ABDF7B9E.d.D04CFF6C92A155010BEECF0181BE8A75.e.7097/click - {}
RESULT: {}
COMMAND: GET /session/371b8fcef450a364efde700f21fc0eae/screenshot - {}
RESULT: {}
COMMAND: POST /session/371b8fcef450a364efde700f21fc0eae/execute/async - {"script":"<script> [1562 bytes]","args":[{"selector":{"id":"application-managebillings-display-component---billRunCalcResult--smartFilterBar-btnBasicSearch","interaction":{"idSuffix":"I"}},"wdio_ui5_key":"applicationmanagebillings-display-component---billRunCalcResult--smartFilterBar-btnBasicSearch"}]}
RESULT: {"script":"<script> [1562 bytes]","args":[{"selector":{"id":"application-managebillings-display-component---billRunCalcResult--smartFilterBar-btnBasicSearch","interaction":{"idSuffix":"I"}},"wdio_ui5_key":"applicationmanagebillings-display-component---billRunCalcResult--smartFilterBar-btnBasicSearch"}]}
RESULT: undefined
COMMAND: POST /session/371b8fcef450a364efde700f21fc0eae/execute/async - {"script":"<script> [776 bytes]","args":[{"enterText":"10466","selector":{"id":"application-managebillings-display-component---billRunCalcResult--smartFilterBar-btnBasicSearch","interaction":{"idSuffix":"I"}},"clearTextFirst":true,"interactionType":"ENTER_TEXT"}]}
RESULT: {"script":"<script> [776 bytes]","args":[{"enterText":"10466","selector":{"id":"application-managebillings-display-component---billRunCalcResult--smartFilterBar-btnBasicSearch","interaction":{"idSuffix":"I"}},"clearTextFirst":true,"interactionType":"ENTER_TEXT"}]}
COMMAND: POST /session/371b8fcef450a364efde700f21fc0eae/actions - {"actions":[{"id":"action39","type":"key","parameters":{},"actions":[{"type":"keyDown","value":"î€‡"},{"type":"pause","duration":10},{"type":"keyUp","value":"î€‡"}]}]}
RESULT: {"actions":[{"id":"action39","type":"key","parameters":{},"actions":[{"type":"keyDown","value":"î€‡"},{"type":"pause","duration":10},{"type":"keyUp","value":"î€‡"}]}]}
COMMAND: GET /session/371b8fcef450a364efde700f21fc0eae/screenshot - {}
RESULT: {}
COMMAND: POST /session/371b8fcef450a364efde700f21fc0eae/element - {"using":"xpath","value":"//td[@aria-colindex=\"1\"]/div/div[contains(@class, \"sapMCbBg\")]"}
RESULT: {"using":"xpath","value":"//td[@aria-colindex=\"1\"]/div/div[contains(@class, \"sapMCbBg\")]"}
COMMAND: POST /session/371b8fcef450a364efde700f21fc0eae/element/f.FFD2F70B7356459FE22D1016ABDF7B9E.d.D04CFF6C92A155010BEECF0181BE8A75.e.12841/click - {}
RESULT: {}
COMMAND: GET /session/371b8fcef450a364efde700f21fc0eae/screenshot - {}
RESULT: {}
COMMAND: POST /session/371b8fcef450a364efde700f21fc0eae/execute/async - {"script":"<script> [1562 bytes]","args":[{"selector":{"id":"application-managebillings-display-component---billRunCalcResult--contractBillRunDate","interaction":{"idSuffix":"inner"}},"wdio_ui5_key":"applicationmanagebillings-display-component---billRunCalcResult--contractBillRunDate"}]}
RESULT: {"script":"<script> [1562 bytes]","args":[{"selector":{"id":"application-managebillings-display-component---billRunCalcResult--contractBillRunDate","interaction":{"idSuffix":"inner"}},"wdio_ui5_key":"applicationmanagebillings-display-component---billRunCalcResult--contractBillRunDate"}]}
RESULT: undefined
COMMAND: POST /session/371b8fcef450a364efde700f21fc0eae/execute/async - {"script":"<script> [776 bytes]","args":[{"enterText":"05/02/25","selector":{"id":"application-managebillings-display-component---billRunCalcResult--contractBillRunDate","interaction":{"idSuffix":"inner"}},"clearTextFirst":true,"interactionType":"ENTER_TEXT"}]}
RESULT: {"script":"<script> [776 bytes]","args":[{"enterText":"05/02/25","selector":{"id":"application-managebillings-display-component---billRunCalcResult--contractBillRunDate","interaction":{"idSuffix":"inner"}},"clearTextFirst":true,"interactionType":"ENTER_TEXT"}]}
COMMAND: POST /session/371b8fcef450a364efde700f21fc0eae/element - {"using":"xpath","value":"//bdi[contains(text(), \"Trigger Calculation\")]"}
RESULT: {"using":"xpath","value":"//bdi[contains(text(), \"Trigger Calculation\")]"}
COMMAND: POST /session/371b8fcef450a364efde700f21fc0eae/element/f.FFD2F70B7356459FE22D1016ABDF7B9E.d.D04CFF6C92A155010BEECF0181BE8A75.e.13047/click - {}
RESULT: {}
COMMAND: GET /session/371b8fcef450a364efde700f21fc0eae/screenshot - {}
RESULT: {}
COMMAND: POST /session/371b8fcef450a364efde700f21fc0eae/element - {"using":"xpath","value":"(//span[contains(@id, \"imgNav\")])[1]"}
RESULT: {"using":"xpath","value":"(//span[contains(@id, \"imgNav\")])[1]"}
COMMAND: POST /session/371b8fcef450a364efde700f21fc0eae/element/f.FFD2F70B7356459FE22D1016ABDF7B9E.d.D04CFF6C92A155010BEECF0181BE8A75.e.12852/click - {}
RESULT: {}
COMMAND: GET /session/371b8fcef450a364efde700f21fc0eae/screenshot - {}
RESULT: {}
COMMAND: POST /session/371b8fcef450a364efde700f21fc0eae/element - {"using":"xpath","value":"//tr/td[6]/div[1]/span[1]/span[1]"}
RESULT: {"using":"xpath","value":"//tr/td[6]/div[1]/span[1]/span[1]"}
COMMAND: GET /session/371b8fcef450a364efde700f21fc0eae/element/f.FFD2F70B7356459FE22D1016ABDF7B9E.d.D04CFF6C92A155010BEECF0181BE8A75.e.13051/text - {}
RESULT: {}
COMMAND: POST /session/371b8fcef450a364efde700f21fc0eae/element - {"using":"xpath","value":"(//span[contains(@id, \"imgNav\")])[2]"}
RESULT: {"using":"xpath","value":"(//span[contains(@id, \"imgNav\")])[2]"}
COMMAND: POST /session/371b8fcef450a364efde700f21fc0eae/element/f.FFD2F70B7356459FE22D1016ABDF7B9E.d.D04CFF6C92A155010BEECF0181BE8A75.e.13052/click - {}
RESULT: {}
COMMAND: POST /session/371b8fcef450a364efde700f21fc0eae/element - {"using":"xpath","value":"//bdi[contains(text(), \"Business Confirm\")]"}
COMMAND: GET /session/371b8fcef450a364efde700f21fc0eae/screenshot - {}
RESULT: {"using":"xpath","value":"//bdi[contains(text(), \"Business Confirm\")]"}
COMMAND: POST /session/371b8fcef450a364efde700f21fc0eae/elements - {"using":"xpath","value":"//bdi[contains(text(), \"Business Confirm\")]"}
RESULT: {}
RESULT: {"using":"xpath","value":"//bdi[contains(text(), \"Business Confirm\")]"}
COMMAND: POST /session/371b8fcef450a364efde700f21fc0eae/elements - {"using":"xpath","value":"//bdi[contains(text(), \"Business Confirm\")]"}
RESULT: {"using":"xpath","value":"//bdi[contains(text(), \"Business Confirm\")]"}
COMMAND: POST /session/371b8fcef450a364efde700f21fc0eae/element - {"using":"xpath","value":"//bdi[contains(text(), \"Business Confirm\")]"}
RESULT: {"using":"xpath","value":"//bdi[contains(text(), \"Business Confirm\")]"}
COMMAND: POST /session/371b8fcef450a364efde700f21fc0eae/element/f.FFD2F70B7356459FE22D1016ABDF7B9E.d.D04CFF6C92A155010BEECF0181BE8A75.e.13080/click - {}
RESULT: {}
COMMAND: POST /session/371b8fcef450a364efde700f21fc0eae/element - {"using":"css selector","value":"#shell-header-logo"}
COMMAND: GET /session/371b8fcef450a364efde700f21fc0eae/screenshot - {}
RESULT: {"using":"css selector","value":"#shell-header-logo"}
COMMAND: POST /session/371b8fcef450a364efde700f21fc0eae/element/f.FFD2F70B7356459FE22D1016ABDF7B9E.d.D04CFF6C92A155010BEECF0181BE8A75.e.12667/click - {}
RESULT: {}
RESULT: {}
COMMAND: GET /session/371b8fcef450a364efde700f21fc0eae/screenshot - {}
RESULT: {}
]]></system-out>
    </testcase>
    <testcase classname="chrome.135_0_7049_96.windows.Billing_Transfer_-_Intracompany_US127249" name="Should navigate to billing transfer and invoice the contract" time="70.561">
      <system-out><![CDATA[
COMMAND: POST /session/371b8fcef450a364efde700f21fc0eae/execute/async - {"script":"<script> [1562 bytes]","args":[{"selector":{"controlType":"sap.m.GenericTile","properties":{"header":"Billing Transfer"}},"wdio_ui5_key":"sapm.GenericTile{\"header\":\"Billing Transfer\"}"}]}
RESULT: {"script":"<script> [1562 bytes]","args":[{"selector":{"controlType":"sap.m.GenericTile","properties":{"header":"Billing Transfer"}},"wdio_ui5_key":"sapm.GenericTile{\"header\":\"Billing Transfer\"}"}]}
RESULT: undefined
COMMAND: POST /session/371b8fcef450a364efde700f21fc0eae/element - {"using":"xpath","value":"//*[@id=\"__tile50\"]"}
RESULT: {"using":"xpath","value":"//*[@id=\"__tile50\"]"}
COMMAND: POST /session/371b8fcef450a364efde700f21fc0eae/element/f.FFD2F70B7356459FE22D1016ABDF7B9E.d.D04CFF6C92A155010BEECF0181BE8A75.e.7095/click - {}
RESULT: {}
COMMAND: POST /session/371b8fcef450a364efde700f21fc0eae/element - {"using":"xpath","value":"//input[contains(@id ,\"application-billingtransfer-display-component---billingWorkbench--smartFilterBar-btnBasicSearch\")]"}
COMMAND: GET /session/371b8fcef450a364efde700f21fc0eae/screenshot - {}
RESULT: {"using":"xpath","value":"//input[contains(@id ,\"application-billingtransfer-display-component---billingWorkbench--smartFilterBar-btnBasicSearch\")]"}
COMMAND: POST /session/371b8fcef450a364efde700f21fc0eae/elements - {"using":"xpath","value":"//input[contains(@id ,\"application-billingtransfer-display-component---billingWorkbench--smartFilterBar-btnBasicSearch\")]"}
RESULT: {}
RESULT: {"using":"xpath","value":"//input[contains(@id ,\"application-billingtransfer-display-component---billingWorkbench--smartFilterBar-btnBasicSearch\")]"}
COMMAND: POST /session/371b8fcef450a364efde700f21fc0eae/elements - {"using":"xpath","value":"//input[contains(@id ,\"application-billingtransfer-display-component---billingWorkbench--smartFilterBar-btnBasicSearch\")]"}
RESULT: {"using":"xpath","value":"//input[contains(@id ,\"application-billingtransfer-display-component---billingWorkbench--smartFilterBar-btnBasicSearch\")]"}
COMMAND: POST /session/371b8fcef450a364efde700f21fc0eae/element - {"using":"xpath","value":"//input[contains(@id ,\"application-billingtransfer-display-component---billingWorkbench--smartFilterBar-btnBasicSearch\")]"}
RESULT: {"using":"xpath","value":"//input[contains(@id ,\"application-billingtransfer-display-component---billingWorkbench--smartFilterBar-btnBasicSearch\")]"}
COMMAND: POST /session/371b8fcef450a364efde700f21fc0eae/execute/sync - {"script":"<script> [8489 bytes]","args":[{"element-6066-11e4-a52e-4f735466cecf":"f.FFD2F70B7356459FE22D1016ABDF7B9E.d.D04CFF6C92A155010BEECF0181BE8A75.e.13115","ELEMENT":"f.FFD2F70B7356459FE22D1016ABDF7B9E.d.D04CFF6C92A155010BEECF0181BE8A75.e.13115"}]}
RESULT: {"script":"<script> [8489 bytes]","args":[{"element-6066-11e4-a52e-4f735466cecf":"f.FFD2F70B7356459FE22D1016ABDF7B9E.d.D04CFF6C92A155010BEECF0181BE8A75.e.13115","ELEMENT":"f.FFD2F70B7356459FE22D1016ABDF7B9E.d.D04CFF6C92A155010BEECF0181BE8A75.e.13115"}]}
COMMAND: GET /session/371b8fcef450a364efde700f21fc0eae/element/f.FFD2F70B7356459FE22D1016ABDF7B9E.d.D04CFF6C92A155010BEECF0181BE8A75.e.13115/enabled - {}
COMMAND: GET /session/371b8fcef450a364efde700f21fc0eae/screenshot - {}
RESULT: {}
COMMAND: POST /session/371b8fcef450a364efde700f21fc0eae/element/f.FFD2F70B7356459FE22D1016ABDF7B9E.d.D04CFF6C92A155010BEECF0181BE8A75.e.13115/click - {}
COMMAND: GET /session/371b8fcef450a364efde700f21fc0eae/screenshot - {}
RESULT: {}
RESULT: {}
COMMAND: GET /session/371b8fcef450a364efde700f21fc0eae/screenshot - {}
RESULT: {}
RESULT: {}
COMMAND: POST /session/371b8fcef450a364efde700f21fc0eae/element/f.FFD2F70B7356459FE22D1016ABDF7B9E.d.D04CFF6C92A155010BEECF0181BE8A75.e.13115/clear - {}
RESULT: {}
COMMAND: POST /session/371b8fcef450a364efde700f21fc0eae/element/f.FFD2F70B7356459FE22D1016ABDF7B9E.d.D04CFF6C92A155010BEECF0181BE8A75.e.13115/value - {"text":"10466"}
COMMAND: GET /session/371b8fcef450a364efde700f21fc0eae/screenshot - {}
RESULT: {"text":"10466"}
COMMAND: POST /session/371b8fcef450a364efde700f21fc0eae/actions - {"actions":[{"id":"action40","type":"key","parameters":{},"actions":[{"type":"keyDown","value":"î€‡"},{"type":"pause","duration":10},{"type":"keyUp","value":"î€‡"}]}]}
COMMAND: GET /session/371b8fcef450a364efde700f21fc0eae/screenshot - {}
RESULT: {}
RESULT: {"actions":[{"id":"action40","type":"key","parameters":{},"actions":[{"type":"keyDown","value":"î€‡"},{"type":"pause","duration":10},{"type":"keyUp","value":"î€‡"}]}]}
COMMAND: GET /session/371b8fcef450a364efde700f21fc0eae/screenshot - {}
RESULT: {}
RESULT: {}
COMMAND: POST /session/371b8fcef450a364efde700f21fc0eae/element - {"using":"xpath","value":"//span[contains(@id ,\"application-billingtransfer-display-component---billingWorkbench--smartTableBillingRuns-header-inner\")]"}
RESULT: {"using":"xpath","value":"//span[contains(@id ,\"application-billingtransfer-display-component---billingWorkbench--smartTableBillingRuns-header-inner\")]"}
COMMAND: POST /session/371b8fcef450a364efde700f21fc0eae/elements - {"using":"xpath","value":"//span[contains(@id ,\"application-billingtransfer-display-component---billingWorkbench--smartTableBillingRuns-header-inner\")]"}
RESULT: {"using":"xpath","value":"//span[contains(@id ,\"application-billingtransfer-display-component---billingWorkbench--smartTableBillingRuns-header-inner\")]"}
COMMAND: POST /session/371b8fcef450a364efde700f21fc0eae/execute/sync - {"script":"<script> [56 bytes]","args":[{"element-6066-11e4-a52e-4f735466cecf":"f.FFD2F70B7356459FE22D1016ABDF7B9E.d.D04CFF6C92A155010BEECF0181BE8A75.e.13278","ELEMENT":"f.FFD2F70B7356459FE22D1016ABDF7B9E.d.D04CFF6C92A155010BEECF0181BE8A75.e.13278"}]}
RESULT: {"script":"<script> [56 bytes]","args":[{"element-6066-11e4-a52e-4f735466cecf":"f.FFD2F70B7356459FE22D1016ABDF7B9E.d.D04CFF6C92A155010BEECF0181BE8A75.e.13278","ELEMENT":"f.FFD2F70B7356459FE22D1016ABDF7B9E.d.D04CFF6C92A155010BEECF0181BE8A75.e.13278"}]}
COMMAND: POST /session/371b8fcef450a364efde700f21fc0eae/element - {"using":"xpath","value":"//td[@aria-colindex=\"1\"]/div/div[contains(@class, \"sapMCbBg\")]"}
COMMAND: GET /session/371b8fcef450a364efde700f21fc0eae/screenshot - {}
RESULT: {"using":"xpath","value":"//td[@aria-colindex=\"1\"]/div/div[contains(@class, \"sapMCbBg\")]"}
COMMAND: POST /session/371b8fcef450a364efde700f21fc0eae/element/f.FFD2F70B7356459FE22D1016ABDF7B9E.d.D04CFF6C92A155010BEECF0181BE8A75.e.13270/click - {}
RESULT: {}
RESULT: {}
COMMAND: GET /session/371b8fcef450a364efde700f21fc0eae/screenshot - {}
RESULT: {}
COMMAND: POST /session/371b8fcef450a364efde700f21fc0eae/element - {"using":"xpath","value":"//bdi[contains(text(), \"Check\")]"}
RESULT: {"using":"xpath","value":"//bdi[contains(text(), \"Check\")]"}
COMMAND: POST /session/371b8fcef450a364efde700f21fc0eae/element/f.FFD2F70B7356459FE22D1016ABDF7B9E.d.D04CFF6C92A155010BEECF0181BE8A75.e.13279/click - {}
RESULT: {}
COMMAND: GET /session/371b8fcef450a364efde700f21fc0eae/screenshot - {}
RESULT: {}
COMMAND: POST /session/371b8fcef450a364efde700f21fc0eae/element - {"using":"xpath","value":"//bdi[contains(text(), \"OK\")]"}
RESULT: {"using":"xpath","value":"//bdi[contains(text(), \"OK\")]"}
COMMAND: POST /session/371b8fcef450a364efde700f21fc0eae/element/f.FFD2F70B7356459FE22D1016ABDF7B9E.d.D04CFF6C92A155010BEECF0181BE8A75.e.13283/click - {}
RESULT: {}
COMMAND: GET /session/371b8fcef450a364efde700f21fc0eae/screenshot - {}
RESULT: {}
COMMAND: POST /session/371b8fcef450a364efde700f21fc0eae/element - {"using":"xpath","value":"(//span[contains(text(), \"CO/SD checked\")]/parent::div/preceding-sibling::div/span)[1]"}
RESULT: {"using":"xpath","value":"(//span[contains(text(), \"CO/SD checked\")]/parent::div/preceding-sibling::div/span)[1]"}
COMMAND: POST /session/371b8fcef450a364efde700f21fc0eae/element/f.FFD2F70B7356459FE22D1016ABDF7B9E.d.D04CFF6C92A155010BEECF0181BE8A75.e.13284/click - {}
RESULT: {}
COMMAND: GET /session/371b8fcef450a364efde700f21fc0eae/screenshot - {}
RESULT: {}
COMMAND: POST /session/371b8fcef450a364efde700f21fc0eae/element - {"using":"xpath","value":"//input[contains(@id ,\"application-billingtransfer-display-component---billingWorkbench--smartFilterBar-btnBasicSearch\")]"}
RESULT: {"using":"xpath","value":"//input[contains(@id ,\"application-billingtransfer-display-component---billingWorkbench--smartFilterBar-btnBasicSearch\")]"}
COMMAND: POST /session/371b8fcef450a364efde700f21fc0eae/elements - {"using":"xpath","value":"//input[contains(@id ,\"application-billingtransfer-display-component---billingWorkbench--smartFilterBar-btnBasicSearch\")]"}
RESULT: {"using":"xpath","value":"//input[contains(@id ,\"application-billingtransfer-display-component---billingWorkbench--smartFilterBar-btnBasicSearch\")]"}
COMMAND: POST /session/371b8fcef450a364efde700f21fc0eae/execute/sync - {"script":"<script> [8489 bytes]","args":[{"element-6066-11e4-a52e-4f735466cecf":"f.FFD2F70B7356459FE22D1016ABDF7B9E.d.D04CFF6C92A155010BEECF0181BE8A75.e.13115","ELEMENT":"f.FFD2F70B7356459FE22D1016ABDF7B9E.d.D04CFF6C92A155010BEECF0181BE8A75.e.13115"}]}
RESULT: {"script":"<script> [8489 bytes]","args":[{"element-6066-11e4-a52e-4f735466cecf":"f.FFD2F70B7356459FE22D1016ABDF7B9E.d.D04CFF6C92A155010BEECF0181BE8A75.e.13115","ELEMENT":"f.FFD2F70B7356459FE22D1016ABDF7B9E.d.D04CFF6C92A155010BEECF0181BE8A75.e.13115"}]}
COMMAND: GET /session/371b8fcef450a364efde700f21fc0eae/element/f.FFD2F70B7356459FE22D1016ABDF7B9E.d.D04CFF6C92A155010BEECF0181BE8A75.e.13115/enabled - {}
COMMAND: GET /session/371b8fcef450a364efde700f21fc0eae/screenshot - {}
RESULT: {}
COMMAND: POST /session/371b8fcef450a364efde700f21fc0eae/element/f.FFD2F70B7356459FE22D1016ABDF7B9E.d.D04CFF6C92A155010BEECF0181BE8A75.e.13115/click - {}
COMMAND: GET /session/371b8fcef450a364efde700f21fc0eae/screenshot - {}
RESULT: {}
RESULT: {}
RESULT: {}
COMMAND: GET /session/371b8fcef450a364efde700f21fc0eae/screenshot - {}
RESULT: {}
COMMAND: POST /session/371b8fcef450a364efde700f21fc0eae/element/f.FFD2F70B7356459FE22D1016ABDF7B9E.d.D04CFF6C92A155010BEECF0181BE8A75.e.13115/clear - {}
RESULT: {}
COMMAND: POST /session/371b8fcef450a364efde700f21fc0eae/element/f.FFD2F70B7356459FE22D1016ABDF7B9E.d.D04CFF6C92A155010BEECF0181BE8A75.e.13115/value - {"text":"10466"}
COMMAND: GET /session/371b8fcef450a364efde700f21fc0eae/screenshot - {}
RESULT: {"text":"10466"}
COMMAND: POST /session/371b8fcef450a364efde700f21fc0eae/actions - {"actions":[{"id":"action41","type":"key","parameters":{},"actions":[{"type":"keyDown","value":"î€‡"},{"type":"pause","duration":10},{"type":"keyUp","value":"î€‡"}]}]}
COMMAND: GET /session/371b8fcef450a364efde700f21fc0eae/screenshot - {}
RESULT: {}
RESULT: {}
RESULT: {"actions":[{"id":"action41","type":"key","parameters":{},"actions":[{"type":"keyDown","value":"î€‡"},{"type":"pause","duration":10},{"type":"keyUp","value":"î€‡"}]}]}
COMMAND: GET /session/371b8fcef450a364efde700f21fc0eae/screenshot - {}
RESULT: {}
COMMAND: POST /session/371b8fcef450a364efde700f21fc0eae/element - {"using":"xpath","value":"//span[contains(@id ,\"application-billingtransfer-display-component---billingWorkbench--smartTableBillingRuns-header-inner\")]"}
RESULT: {"using":"xpath","value":"//span[contains(@id ,\"application-billingtransfer-display-component---billingWorkbench--smartTableBillingRuns-header-inner\")]"}
COMMAND: POST /session/371b8fcef450a364efde700f21fc0eae/elements - {"using":"xpath","value":"//span[contains(@id ,\"application-billingtransfer-display-component---billingWorkbench--smartTableBillingRuns-header-inner\")]"}
RESULT: {"using":"xpath","value":"//span[contains(@id ,\"application-billingtransfer-display-component---billingWorkbench--smartTableBillingRuns-header-inner\")]"}
COMMAND: POST /session/371b8fcef450a364efde700f21fc0eae/execute/sync - {"script":"<script> [56 bytes]","args":[{"element-6066-11e4-a52e-4f735466cecf":"f.FFD2F70B7356459FE22D1016ABDF7B9E.d.D04CFF6C92A155010BEECF0181BE8A75.e.13278","ELEMENT":"f.FFD2F70B7356459FE22D1016ABDF7B9E.d.D04CFF6C92A155010BEECF0181BE8A75.e.13278"}]}
RESULT: {"script":"<script> [56 bytes]","args":[{"element-6066-11e4-a52e-4f735466cecf":"f.FFD2F70B7356459FE22D1016ABDF7B9E.d.D04CFF6C92A155010BEECF0181BE8A75.e.13278","ELEMENT":"f.FFD2F70B7356459FE22D1016ABDF7B9E.d.D04CFF6C92A155010BEECF0181BE8A75.e.13278"}]}
COMMAND: POST /session/371b8fcef450a364efde700f21fc0eae/element - {"using":"xpath","value":"//td[@aria-colindex=\"1\"]/div/div[contains(@class, \"sapMCbBg\")]"}
COMMAND: GET /session/371b8fcef450a364efde700f21fc0eae/screenshot - {}
RESULT: {}
RESULT: {"using":"xpath","value":"//td[@aria-colindex=\"1\"]/div/div[contains(@class, \"sapMCbBg\")]"}
COMMAND: POST /session/371b8fcef450a364efde700f21fc0eae/element/f.FFD2F70B7356459FE22D1016ABDF7B9E.d.D04CFF6C92A155010BEECF0181BE8A75.e.13289/click - {}
RESULT: {}
COMMAND: GET /session/371b8fcef450a364efde700f21fc0eae/screenshot - {}
RESULT: {}
COMMAND: POST /session/371b8fcef450a364efde700f21fc0eae/element - {"using":"xpath","value":"//bdi[text()=\"Transfer\"]"}
RESULT: {"using":"xpath","value":"//bdi[text()=\"Transfer\"]"}
COMMAND: POST /session/371b8fcef450a364efde700f21fc0eae/element/f.FFD2F70B7356459FE22D1016ABDF7B9E.d.D04CFF6C92A155010BEECF0181BE8A75.e.13290/click - {}
RESULT: {}
COMMAND: GET /session/371b8fcef450a364efde700f21fc0eae/screenshot - {}
RESULT: {}
COMMAND: POST /session/371b8fcef450a364efde700f21fc0eae/element - {"using":"xpath","value":"//bdi[contains(text(), \"OK\")]"}
RESULT: {"using":"xpath","value":"//bdi[contains(text(), \"OK\")]"}
COMMAND: POST /session/371b8fcef450a364efde700f21fc0eae/element/f.FFD2F70B7356459FE22D1016ABDF7B9E.d.D04CFF6C92A155010BEECF0181BE8A75.e.13293/click - {}
RESULT: {}
COMMAND: GET /session/371b8fcef450a364efde700f21fc0eae/screenshot - {}
RESULT: {}
COMMAND: POST /session/371b8fcef450a364efde700f21fc0eae/element - {"using":"xpath","value":"(//span[contains(text(), \"Completed\")]/parent::div/preceding-sibling::div/span)[1]"}
RESULT: {"using":"xpath","value":"(//span[contains(text(), \"Completed\")]/parent::div/preceding-sibling::div/span)[1]"}
COMMAND: POST /session/371b8fcef450a364efde700f21fc0eae/element/f.FFD2F70B7356459FE22D1016ABDF7B9E.d.D04CFF6C92A155010BEECF0181BE8A75.e.13302/click - {}
RESULT: {}
COMMAND: POST /session/371b8fcef450a364efde700f21fc0eae/element - {"using":"xpath","value":"//input[contains(@id ,\"application-billingtransfer-display-component---billingWorkbench--smartFilterBar-btnBasicSearch\")]"}
COMMAND: GET /session/371b8fcef450a364efde700f21fc0eae/screenshot - {}
RESULT: {"using":"xpath","value":"//input[contains(@id ,\"application-billingtransfer-display-component---billingWorkbench--smartFilterBar-btnBasicSearch\")]"}
COMMAND: POST /session/371b8fcef450a364efde700f21fc0eae/elements - {"using":"xpath","value":"//input[contains(@id ,\"application-billingtransfer-display-component---billingWorkbench--smartFilterBar-btnBasicSearch\")]"}
RESULT: {}
RESULT: {"using":"xpath","value":"//input[contains(@id ,\"application-billingtransfer-display-component---billingWorkbench--smartFilterBar-btnBasicSearch\")]"}
COMMAND: POST /session/371b8fcef450a364efde700f21fc0eae/execute/sync - {"script":"<script> [8489 bytes]","args":[{"element-6066-11e4-a52e-4f735466cecf":"f.FFD2F70B7356459FE22D1016ABDF7B9E.d.D04CFF6C92A155010BEECF0181BE8A75.e.13115","ELEMENT":"f.FFD2F70B7356459FE22D1016ABDF7B9E.d.D04CFF6C92A155010BEECF0181BE8A75.e.13115"}]}
RESULT: {"script":"<script> [8489 bytes]","args":[{"element-6066-11e4-a52e-4f735466cecf":"f.FFD2F70B7356459FE22D1016ABDF7B9E.d.D04CFF6C92A155010BEECF0181BE8A75.e.13115","ELEMENT":"f.FFD2F70B7356459FE22D1016ABDF7B9E.d.D04CFF6C92A155010BEECF0181BE8A75.e.13115"}]}
COMMAND: GET /session/371b8fcef450a364efde700f21fc0eae/element/f.FFD2F70B7356459FE22D1016ABDF7B9E.d.D04CFF6C92A155010BEECF0181BE8A75.e.13115/enabled - {}
COMMAND: GET /session/371b8fcef450a364efde700f21fc0eae/screenshot - {}
RESULT: {}
COMMAND: POST /session/371b8fcef450a364efde700f21fc0eae/element/f.FFD2F70B7356459FE22D1016ABDF7B9E.d.D04CFF6C92A155010BEECF0181BE8A75.e.13115/click - {}
COMMAND: GET /session/371b8fcef450a364efde700f21fc0eae/screenshot - {}
RESULT: {}
RESULT: {}
COMMAND: GET /session/371b8fcef450a364efde700f21fc0eae/screenshot - {}
RESULT: {}
RESULT: {}
COMMAND: POST /session/371b8fcef450a364efde700f21fc0eae/element/f.FFD2F70B7356459FE22D1016ABDF7B9E.d.D04CFF6C92A155010BEECF0181BE8A75.e.13115/clear - {}
RESULT: {}
COMMAND: POST /session/371b8fcef450a364efde700f21fc0eae/element/f.FFD2F70B7356459FE22D1016ABDF7B9E.d.D04CFF6C92A155010BEECF0181BE8A75.e.13115/value - {"text":"10466"}
COMMAND: GET /session/371b8fcef450a364efde700f21fc0eae/screenshot - {}
RESULT: {"text":"10466"}
COMMAND: POST /session/371b8fcef450a364efde700f21fc0eae/actions - {"actions":[{"id":"action42","type":"key","parameters":{},"actions":[{"type":"keyDown","value":"î€‡"},{"type":"pause","duration":10},{"type":"keyUp","value":"î€‡"}]}]}
COMMAND: GET /session/371b8fcef450a364efde700f21fc0eae/screenshot - {}
RESULT: {}
RESULT: {"actions":[{"id":"action42","type":"key","parameters":{},"actions":[{"type":"keyDown","value":"î€‡"},{"type":"pause","duration":10},{"type":"keyUp","value":"î€‡"}]}]}
COMMAND: GET /session/371b8fcef450a364efde700f21fc0eae/screenshot - {}
RESULT: {}
RESULT: {}
COMMAND: POST /session/371b8fcef450a364efde700f21fc0eae/element - {"using":"xpath","value":"//span[contains(@id ,\"application-billingtransfer-display-component---billingWorkbench--smartTableBillingRuns-header-inner\")]"}
RESULT: {"using":"xpath","value":"//span[contains(@id ,\"application-billingtransfer-display-component---billingWorkbench--smartTableBillingRuns-header-inner\")]"}
COMMAND: POST /session/371b8fcef450a364efde700f21fc0eae/elements - {"using":"xpath","value":"//span[contains(@id ,\"application-billingtransfer-display-component---billingWorkbench--smartTableBillingRuns-header-inner\")]"}
RESULT: {"using":"xpath","value":"//span[contains(@id ,\"application-billingtransfer-display-component---billingWorkbench--smartTableBillingRuns-header-inner\")]"}
COMMAND: POST /session/371b8fcef450a364efde700f21fc0eae/execute/sync - {"script":"<script> [56 bytes]","args":[{"element-6066-11e4-a52e-4f735466cecf":"f.FFD2F70B7356459FE22D1016ABDF7B9E.d.D04CFF6C92A155010BEECF0181BE8A75.e.13278","ELEMENT":"f.FFD2F70B7356459FE22D1016ABDF7B9E.d.D04CFF6C92A155010BEECF0181BE8A75.e.13278"}]}
RESULT: {"script":"<script> [56 bytes]","args":[{"element-6066-11e4-a52e-4f735466cecf":"f.FFD2F70B7356459FE22D1016ABDF7B9E.d.D04CFF6C92A155010BEECF0181BE8A75.e.13278","ELEMENT":"f.FFD2F70B7356459FE22D1016ABDF7B9E.d.D04CFF6C92A155010BEECF0181BE8A75.e.13278"}]}
COMMAND: GET /session/371b8fcef450a364efde700f21fc0eae/screenshot - {}
RESULT: {}
COMMAND: POST /session/371b8fcef450a364efde700f21fc0eae/execute/sync - {"script":"<script> [56 bytes]","args":[{"element-6066-11e4-a52e-4f735466cecf":"f.FFD2F70B7356459FE22D1016ABDF7B9E.d.D04CFF6C92A155010BEECF0181BE8A75.e.13278","ELEMENT":"f.FFD2F70B7356459FE22D1016ABDF7B9E.d.D04CFF6C92A155010BEECF0181BE8A75.e.13278"}]}
RESULT: {"script":"<script> [56 bytes]","args":[{"element-6066-11e4-a52e-4f735466cecf":"f.FFD2F70B7356459FE22D1016ABDF7B9E.d.D04CFF6C92A155010BEECF0181BE8A75.e.13278","ELEMENT":"f.FFD2F70B7356459FE22D1016ABDF7B9E.d.D04CFF6C92A155010BEECF0181BE8A75.e.13278"}]}
COMMAND: GET /session/371b8fcef450a364efde700f21fc0eae/screenshot - {}
RESULT: {}
COMMAND: POST /session/371b8fcef450a364efde700f21fc0eae/execute/sync - {"script":"<script> [56 bytes]","args":[{"element-6066-11e4-a52e-4f735466cecf":"f.FFD2F70B7356459FE22D1016ABDF7B9E.d.D04CFF6C92A155010BEECF0181BE8A75.e.13278","ELEMENT":"f.FFD2F70B7356459FE22D1016ABDF7B9E.d.D04CFF6C92A155010BEECF0181BE8A75.e.13278"}]}
RESULT: {"script":"<script> [56 bytes]","args":[{"element-6066-11e4-a52e-4f735466cecf":"f.FFD2F70B7356459FE22D1016ABDF7B9E.d.D04CFF6C92A155010BEECF0181BE8A75.e.13278","ELEMENT":"f.FFD2F70B7356459FE22D1016ABDF7B9E.d.D04CFF6C92A155010BEECF0181BE8A75.e.13278"}]}
COMMAND: GET /session/371b8fcef450a364efde700f21fc0eae/screenshot - {}
RESULT: {}
COMMAND: POST /session/371b8fcef450a364efde700f21fc0eae/execute/sync - {"script":"<script> [56 bytes]","args":[{"element-6066-11e4-a52e-4f735466cecf":"f.FFD2F70B7356459FE22D1016ABDF7B9E.d.D04CFF6C92A155010BEECF0181BE8A75.e.13278","ELEMENT":"f.FFD2F70B7356459FE22D1016ABDF7B9E.d.D04CFF6C92A155010BEECF0181BE8A75.e.13278"}]}
RESULT: {"script":"<script> [56 bytes]","args":[{"element-6066-11e4-a52e-4f735466cecf":"f.FFD2F70B7356459FE22D1016ABDF7B9E.d.D04CFF6C92A155010BEECF0181BE8A75.e.13278","ELEMENT":"f.FFD2F70B7356459FE22D1016ABDF7B9E.d.D04CFF6C92A155010BEECF0181BE8A75.e.13278"}]}
COMMAND: GET /session/371b8fcef450a364efde700f21fc0eae/screenshot - {}
RESULT: {}
COMMAND: POST /session/371b8fcef450a364efde700f21fc0eae/execute/sync - {"script":"<script> [56 bytes]","args":[{"element-6066-11e4-a52e-4f735466cecf":"f.FFD2F70B7356459FE22D1016ABDF7B9E.d.D04CFF6C92A155010BEECF0181BE8A75.e.13278","ELEMENT":"f.FFD2F70B7356459FE22D1016ABDF7B9E.d.D04CFF6C92A155010BEECF0181BE8A75.e.13278"}]}
RESULT: {"script":"<script> [56 bytes]","args":[{"element-6066-11e4-a52e-4f735466cecf":"f.FFD2F70B7356459FE22D1016ABDF7B9E.d.D04CFF6C92A155010BEECF0181BE8A75.e.13278","ELEMENT":"f.FFD2F70B7356459FE22D1016ABDF7B9E.d.D04CFF6C92A155010BEECF0181BE8A75.e.13278"}]}
COMMAND: GET /session/371b8fcef450a364efde700f21fc0eae/screenshot - {}
RESULT: {}
COMMAND: POST /session/371b8fcef450a364efde700f21fc0eae/execute/sync - {"script":"<script> [56 bytes]","args":[{"element-6066-11e4-a52e-4f735466cecf":"f.FFD2F70B7356459FE22D1016ABDF7B9E.d.D04CFF6C92A155010BEECF0181BE8A75.e.13278","ELEMENT":"f.FFD2F70B7356459FE22D1016ABDF7B9E.d.D04CFF6C92A155010BEECF0181BE8A75.e.13278"}]}
RESULT: {"script":"<script> [56 bytes]","args":[{"element-6066-11e4-a52e-4f735466cecf":"f.FFD2F70B7356459FE22D1016ABDF7B9E.d.D04CFF6C92A155010BEECF0181BE8A75.e.13278","ELEMENT":"f.FFD2F70B7356459FE22D1016ABDF7B9E.d.D04CFF6C92A155010BEECF0181BE8A75.e.13278"}]}
COMMAND: GET /session/371b8fcef450a364efde700f21fc0eae/screenshot - {}
COMMAND: POST /session/371b8fcef450a364efde700f21fc0eae/execute/sync - {"script":"<script> [56 bytes]","args":[{"element-6066-11e4-a52e-4f735466cecf":"f.FFD2F70B7356459FE22D1016ABDF7B9E.d.D04CFF6C92A155010BEECF0181BE8A75.e.13278","ELEMENT":"f.FFD2F70B7356459FE22D1016ABDF7B9E.d.D04CFF6C92A155010BEECF0181BE8A75.e.13278"}]}
RESULT: {}
RESULT: {"script":"<script> [56 bytes]","args":[{"element-6066-11e4-a52e-4f735466cecf":"f.FFD2F70B7356459FE22D1016ABDF7B9E.d.D04CFF6C92A155010BEECF0181BE8A75.e.13278","ELEMENT":"f.FFD2F70B7356459FE22D1016ABDF7B9E.d.D04CFF6C92A155010BEECF0181BE8A75.e.13278"}]}
COMMAND: POST /session/371b8fcef450a364efde700f21fc0eae/element - {"using":"css selector","value":"#shell-header-logo"}
COMMAND: GET /session/371b8fcef450a364efde700f21fc0eae/screenshot - {}
RESULT: {"using":"css selector","value":"#shell-header-logo"}
COMMAND: POST /session/371b8fcef450a364efde700f21fc0eae/element/f.FFD2F70B7356459FE22D1016ABDF7B9E.d.D04CFF6C92A155010BEECF0181BE8A75.e.13113/click - {}
RESULT: {}
RESULT: {}
COMMAND: GET /session/371b8fcef450a364efde700f21fc0eae/screenshot - {}
RESULT: {}
COMMAND: POST /session/371b8fcef450a364efde700f21fc0eae/element - {"using":"css selector","value":"#j_username"}
COMMAND: POST /session/371b8fcef450a364efde700f21fc0eae/url - {"url":"https://qa-testing-00-live-etm-ui.cfapps.eu10-004.hana.ondemand.com/"}
RESULT: {"using":"css selector","value":"#j_username"}
COMMAND: POST /session/371b8fcef450a364efde700f21fc0eae/element - {"using":"css selector","value":"#j_username"}
RESULT: {"url":"https://qa-testing-00-live-etm-ui.cfapps.eu10-004.hana.ondemand.com/"}
RESULT: undefined
COMMAND: GET /session/371b8fcef450a364efde700f21fc0eae/screenshot - {}
RESULT: {"using":"css selector","value":"#j_username"}
COMMAND: POST /session/371b8fcef450a364efde700f21fc0eae/element - {"using":"css selector","value":"#shell-header-logo"}
RESULT: {}
RESULT: {"using":"css selector","value":"#shell-header-logo"}
COMMAND: POST /session/371b8fcef450a364efde700f21fc0eae/execute/sync - {"script":"<script> [8489 bytes]","args":[{"element-6066-11e4-a52e-4f735466cecf":"f.FFD2F70B7356459FE22D1016ABDF7B9E.d.69387255392DCD234F897F7FA96EB3B6.e.13314","ELEMENT":"f.FFD2F70B7356459FE22D1016ABDF7B9E.d.69387255392DCD234F897F7FA96EB3B6.e.13314"}]}
RESULT: {"script":"<script> [8489 bytes]","args":[{"element-6066-11e4-a52e-4f735466cecf":"f.FFD2F70B7356459FE22D1016ABDF7B9E.d.69387255392DCD234F897F7FA96EB3B6.e.13314","ELEMENT":"f.FFD2F70B7356459FE22D1016ABDF7B9E.d.69387255392DCD234F897F7FA96EB3B6.e.13314"}]}
COMMAND: POST /session/371b8fcef450a364efde700f21fc0eae/element - {"using":"css selector","value":"#shell-header-logo"}
COMMAND: GET /session/371b8fcef450a364efde700f21fc0eae/screenshot - {}
RESULT: {"using":"css selector","value":"#shell-header-logo"}
COMMAND: POST /session/371b8fcef450a364efde700f21fc0eae/execute/sync - {"script":"<script> [8489 bytes]","args":[{"element-6066-11e4-a52e-4f735466cecf":"f.FFD2F70B7356459FE22D1016ABDF7B9E.d.69387255392DCD234F897F7FA96EB3B6.e.13314","ELEMENT":"f.FFD2F70B7356459FE22D1016ABDF7B9E.d.69387255392DCD234F897F7FA96EB3B6.e.13314"}]}
RESULT: {}
RESULT: {"script":"<script> [8489 bytes]","args":[{"element-6066-11e4-a52e-4f735466cecf":"f.FFD2F70B7356459FE22D1016ABDF7B9E.d.69387255392DCD234F897F7FA96EB3B6.e.13314","ELEMENT":"f.FFD2F70B7356459FE22D1016ABDF7B9E.d.69387255392DCD234F897F7FA96EB3B6.e.13314"}]}
COMMAND: POST /session/371b8fcef450a364efde700f21fc0eae/execute/sync - {"script":"<script> [5351 bytes]","args":[{"element-6066-11e4-a52e-4f735466cecf":"f.FFD2F70B7356459FE22D1016ABDF7B9E.d.69387255392DCD234F897F7FA96EB3B6.e.13314","ELEMENT":"f.FFD2F70B7356459FE22D1016ABDF7B9E.d.69387255392DCD234F897F7FA96EB3B6.e.13314"}]}
COMMAND: GET /session/371b8fcef450a364efde700f21fc0eae/screenshot - {}
RESULT: {"script":"<script> [5351 bytes]","args":[{"element-6066-11e4-a52e-4f735466cecf":"f.FFD2F70B7356459FE22D1016ABDF7B9E.d.69387255392DCD234F897F7FA96EB3B6.e.13314","ELEMENT":"f.FFD2F70B7356459FE22D1016ABDF7B9E.d.69387255392DCD234F897F7FA96EB3B6.e.13314"}]}
COMMAND: POST /session/371b8fcef450a364efde700f21fc0eae/element - {"using":"css selector","value":"#shell-header-logo"}
COMMAND: GET /session/371b8fcef450a364efde700f21fc0eae/screenshot - {}
RESULT: {}
RESULT: {}
RESULT: {"using":"css selector","value":"#shell-header-logo"}
COMMAND: POST /session/371b8fcef450a364efde700f21fc0eae/element/f.FFD2F70B7356459FE22D1016ABDF7B9E.d.69387255392DCD234F897F7FA96EB3B6.e.13314/click - {}
RESULT: {}
COMMAND: GET /session/371b8fcef450a364efde700f21fc0eae/screenshot - {}
RESULT: {}
COMMAND: POST /session/371b8fcef450a364efde700f21fc0eae/execute/async - {"script":"<script> [189 bytes]","args":[]}
RESULT: {"script":"<script> [189 bytes]","args":[]}
COMMAND: POST /session/371b8fcef450a364efde700f21fc0eae/execute/async - {"script":"<script> [123 bytes]","args":[]}
RESULT: {"script":"<script> [123 bytes]","args":[]}
COMMAND: POST /session/371b8fcef450a364efde700f21fc0eae/timeouts - {"script":"<number>"}
RESULT: {"script":"<number>"}
COMMAND: GET /session/371b8fcef450a364efde700f21fc0eae/timeouts - {}
RESULT: {}
RESULT: undefined
COMMAND: POST /session/371b8fcef450a364efde700f21fc0eae/execute/async - {"script":"<script> [2676 bytes]","args":[]}
RESULT: {"script":"<script> [2676 bytes]","args":[]}
COMMAND: POST /session/371b8fcef450a364efde700f21fc0eae/execute/async - {"script":"<script> [2342 bytes]","args":[{"protocol":"http","hostname":"0.0.0.0","path":"/","capabilities":{"browserName":"chrome","goog:chromeOptions":{"binary":"C:\\Program Files\\Google\\Chrome\\Application\\chrome.exe","args":["--start-maximized"]}},"logLevel":"warn","connectionRetryTimeout":120000,"connectionRetryCount":3,"logLevels":{},"enableDirectConnect":true,"strictSSL":true,"_":"65 more keys: [\"cacheDir\",\"port\",\"requestedCapabilities\",\"automationProtocol\",\"baseUrl\",\"waitforInterval\",\"waitforTimeout\",\"onReload\",\"beforeCommand\",\"afterCommand\",\"rootDir\",\"specs\",\"suites\",\"exclude\",\"groupLogsByTestSpec\",\"excludeDriverLogs\",\"bail\",\"framework\",\"reporters\",\"services\",\"maxInstances\",\"maxInstancesPerCapability\",\"injectGlobals\",\"filesToWatch\",\"execArgv\",\"runnerEnv\",\"runner\",\"shard\",\"specFileRetries\",\"specFileRetriesDelay\",\"specFileRetriesDeferred\",\"reporterSyncInterval\",\"reporterSyncTimeout\",\"cucumberFeaturesWithLineNumbers\",\"autoCompileOpts\",\"mochaOpts\",\"jasmineOpts\",\"cucumberOpts\",\"onPrepare\",\"onWorkerStart\",\"onWorkerEnd\",\"before\",\"beforeSession\",\"beforeSuite\",\"beforeHook\",\"beforeTest\",\"afterTest\",\"afterHook\",\"afterSuite\",\"afterSession\",\"after\",\"onComplete\",\"beforeAssertion\",\"afterAssertion\",\"beforeFeature\",\"beforeScenario\",\"beforeStep\",\"afterStep\",\"afterScenario\",\"afterFeature\",\"_\",\"suite\",\"$0\",\"ignoredWorkerServices\",\"wdi5\"]"}]}
RESULT: {"script":"<script> [2342 bytes]","args":[{"protocol":"http","hostname":"0.0.0.0","path":"/","capabilities":{"browserName":"chrome","goog:chromeOptions":{"binary":"C:\\Program Files\\Google\\Chrome\\Application\\chrome.exe","args":["--start-maximized"]}},"logLevel":"warn","connectionRetryTimeout":120000,"connectionRetryCount":3,"logLevels":{},"enableDirectConnect":true,"strictSSL":true,"_":"65 more keys: [\"cacheDir\",\"port\",\"requestedCapabilities\",\"automationProtocol\",\"baseUrl\",\"waitforInterval\",\"waitforTimeout\",\"onReload\",\"beforeCommand\",\"afterCommand\",\"rootDir\",\"specs\",\"suites\",\"exclude\",\"groupLogsByTestSpec\",\"excludeDriverLogs\",\"bail\",\"framework\",\"reporters\",\"services\",\"maxInstances\",\"maxInstancesPerCapability\",\"injectGlobals\",\"filesToWatch\",\"execArgv\",\"runnerEnv\",\"runner\",\"shard\",\"specFileRetries\",\"specFileRetriesDelay\",\"specFileRetriesDeferred\",\"reporterSyncInterval\",\"reporterSyncTimeout\",\"cucumberFeaturesWithLineNumbers\",\"autoCompileOpts\",\"mochaOpts\",\"jasmineOpts\",\"cucumberOpts\",\"onPrepare\",\"onWorkerStart\",\"onWorkerEnd\",\"before\",\"beforeSession\",\"beforeSuite\",\"beforeHook\",\"beforeTest\",\"afterTest\",\"afterHook\",\"afterSuite\",\"afterSession\",\"after\",\"onComplete\",\"beforeAssertion\",\"afterAssertion\",\"beforeFeature\",\"beforeScenario\",\"beforeStep\",\"afterStep\",\"afterScenario\",\"afterFeature\",\"_\",\"suite\",\"$0\",\"ignoredWorkerServices\",\"wdi5\"]"}]}
COMMAND: POST /session/371b8fcef450a364efde700f21fc0eae/execute/async - {"script":"<script> [21126 bytes]","args":[35000]}
RESULT: {"script":"<script> [21126 bytes]","args":[35000]}
COMMAND: POST /session/371b8fcef450a364efde700f21fc0eae/window/maximize - {}
RESULT: {}
COMMAND: POST /session/371b8fcef450a364efde700f21fc0eae/execute/async - {"script":"<script> [1562 bytes]","args":[{"selector":{"id":"shell-header","interaction":{"idSuffix":"icon"}},"wdio_ui5_key":"shellheader"}]}
COMMAND: GET /session/371b8fcef450a364efde700f21fc0eae/screenshot - {}
RESULT: {"script":"<script> [1562 bytes]","args":[{"selector":{"id":"shell-header","interaction":{"idSuffix":"icon"}},"wdio_ui5_key":"shellheader"}]}
RESULT: undefined
COMMAND: POST /session/371b8fcef450a364efde700f21fc0eae/refresh - {}
RESULT: {}
RESULT: {}
COMMAND: GET /session/371b8fcef450a364efde700f21fc0eae/screenshot - {}
RESULT: {}
COMMAND: POST /session/371b8fcef450a364efde700f21fc0eae/refresh - {}
RESULT: {}
COMMAND: GET /session/371b8fcef450a364efde700f21fc0eae/screenshot - {}
RESULT: {}
COMMAND: POST /session/371b8fcef450a364efde700f21fc0eae/window/fullscreen - {}
RESULT: {}
COMMAND: POST /session/371b8fcef450a364efde700f21fc0eae/execute/async - {"script":"<script> [189 bytes]","args":[]}
RESULT: {"script":"<script> [189 bytes]","args":[]}
COMMAND: POST /session/371b8fcef450a364efde700f21fc0eae/execute/async - {"script":"<script> [123 bytes]","args":[]}
RESULT: {"script":"<script> [123 bytes]","args":[]}
COMMAND: POST /session/371b8fcef450a364efde700f21fc0eae/timeouts - {"script":"<number>"}
RESULT: {"script":"<number>"}
COMMAND: GET /session/371b8fcef450a364efde700f21fc0eae/timeouts - {}
RESULT: {}
RESULT: undefined
COMMAND: POST /session/371b8fcef450a364efde700f21fc0eae/execute/async - {"script":"<script> [2676 bytes]","args":[]}
RESULT: {"script":"<script> [2676 bytes]","args":[]}
COMMAND: POST /session/371b8fcef450a364efde700f21fc0eae/execute/async - {"script":"<script> [2342 bytes]","args":[{"protocol":"http","hostname":"0.0.0.0","path":"/","capabilities":{"browserName":"chrome","goog:chromeOptions":{"binary":"C:\\Program Files\\Google\\Chrome\\Application\\chrome.exe","args":["--start-maximized"]}},"logLevel":"warn","connectionRetryTimeout":120000,"connectionRetryCount":3,"logLevels":{},"enableDirectConnect":true,"strictSSL":true,"_":"65 more keys: [\"cacheDir\",\"port\",\"requestedCapabilities\",\"automationProtocol\",\"baseUrl\",\"waitforInterval\",\"waitforTimeout\",\"onReload\",\"beforeCommand\",\"afterCommand\",\"rootDir\",\"specs\",\"suites\",\"exclude\",\"groupLogsByTestSpec\",\"excludeDriverLogs\",\"bail\",\"framework\",\"reporters\",\"services\",\"maxInstances\",\"maxInstancesPerCapability\",\"injectGlobals\",\"filesToWatch\",\"execArgv\",\"runnerEnv\",\"runner\",\"shard\",\"specFileRetries\",\"specFileRetriesDelay\",\"specFileRetriesDeferred\",\"reporterSyncInterval\",\"reporterSyncTimeout\",\"cucumberFeaturesWithLineNumbers\",\"autoCompileOpts\",\"mochaOpts\",\"jasmineOpts\",\"cucumberOpts\",\"onPrepare\",\"onWorkerStart\",\"onWorkerEnd\",\"before\",\"beforeSession\",\"beforeSuite\",\"beforeHook\",\"beforeTest\",\"afterTest\",\"afterHook\",\"afterSuite\",\"afterSession\",\"after\",\"onComplete\",\"beforeAssertion\",\"afterAssertion\",\"beforeFeature\",\"beforeScenario\",\"beforeStep\",\"afterStep\",\"afterScenario\",\"afterFeature\",\"_\",\"suite\",\"$0\",\"ignoredWorkerServices\",\"wdi5\"]"}]}
RESULT: {"script":"<script> [2342 bytes]","args":[{"protocol":"http","hostname":"0.0.0.0","path":"/","capabilities":{"browserName":"chrome","goog:chromeOptions":{"binary":"C:\\Program Files\\Google\\Chrome\\Application\\chrome.exe","args":["--start-maximized"]}},"logLevel":"warn","connectionRetryTimeout":120000,"connectionRetryCount":3,"logLevels":{},"enableDirectConnect":true,"strictSSL":true,"_":"65 more keys: [\"cacheDir\",\"port\",\"requestedCapabilities\",\"automationProtocol\",\"baseUrl\",\"waitforInterval\",\"waitforTimeout\",\"onReload\",\"beforeCommand\",\"afterCommand\",\"rootDir\",\"specs\",\"suites\",\"exclude\",\"groupLogsByTestSpec\",\"excludeDriverLogs\",\"bail\",\"framework\",\"reporters\",\"services\",\"maxInstances\",\"maxInstancesPerCapability\",\"injectGlobals\",\"filesToWatch\",\"execArgv\",\"runnerEnv\",\"runner\",\"shard\",\"specFileRetries\",\"specFileRetriesDelay\",\"specFileRetriesDeferred\",\"reporterSyncInterval\",\"reporterSyncTimeout\",\"cucumberFeaturesWithLineNumbers\",\"autoCompileOpts\",\"mochaOpts\",\"jasmineOpts\",\"cucumberOpts\",\"onPrepare\",\"onWorkerStart\",\"onWorkerEnd\",\"before\",\"beforeSession\",\"beforeSuite\",\"beforeHook\",\"beforeTest\",\"afterTest\",\"afterHook\",\"afterSuite\",\"afterSession\",\"after\",\"onComplete\",\"beforeAssertion\",\"afterAssertion\",\"beforeFeature\",\"beforeScenario\",\"beforeStep\",\"afterStep\",\"afterScenario\",\"afterFeature\",\"_\",\"suite\",\"$0\",\"ignoredWorkerServices\",\"wdi5\"]"}]}
COMMAND: POST /session/371b8fcef450a364efde700f21fc0eae/execute/async - {"script":"<script> [21126 bytes]","args":[35000]}
RESULT: {"script":"<script> [21126 bytes]","args":[35000]}
]]></system-out>
    </testcase>
  </testsuite>
  <testsuite timestamp="2025-05-02T17:49:31" time="634.573" tests="12" failures="0" errors="0" skipped="0">
    <properties>
      <property name="specId" value="0" />
      <property name="suiteName" value="Billing transfer US117289" />
      <property name="capabilities" value="chrome.135_0_7049_96.windows" />
      <property name="file" value="file:///D:/a/1/s/test/specs/BTS/billing-transfer.spec.js" />
    </properties>
    <testcase classname="chrome.135_0_7049_96.windows.Billing_transfer_US117289" name="Should create a new yard" time="0.014">
      <system-out><![CDATA[
COMMAND: POST /session/371b8fcef450a364efde700f21fc0eae/window/fullscreen - {}
RESULT: {}
]]></system-out>
    </testcase>
    <testcase classname="chrome.135_0_7049_96.windows.Billing_transfer_US117289" name="Should create a new partner" time="0.003" />
    <testcase classname="chrome.135_0_7049_96.windows.Billing_transfer_US117289" name="Should create a new site" time="0.003" />
    <testcase classname="chrome.135_0_7049_96.windows.Billing_transfer_US117289" name="Should create a new equipment" time="123.53">
      <system-out><![CDATA[
COMMAND: POST /session/371b8fcef450a364efde700f21fc0eae/execute/async - {"script":"<script> [1562 bytes]","args":[{"selector":{"controlType":"sap.m.GenericTile","properties":{"header":"Manage Resources"}},"wdio_ui5_key":"sapm.GenericTile{\"header\":\"Manage Resources\"}"}]}
RESULT: {"script":"<script> [1562 bytes]","args":[{"selector":{"controlType":"sap.m.GenericTile","properties":{"header":"Manage Resources"}},"wdio_ui5_key":"sapm.GenericTile{\"header\":\"Manage Resources\"}"}]}
RESULT: undefined
COMMAND: POST /session/371b8fcef450a364efde700f21fc0eae/element - {"using":"xpath","value":"//*[@id=\"__tile39\"]"}
RESULT: {"using":"xpath","value":"//*[@id=\"__tile39\"]"}
COMMAND: POST /session/371b8fcef450a364efde700f21fc0eae/element/f.FFD2F70B7356459FE22D1016ABDF7B9E.d.F8C6D74F5172AABDD4E5FCB50DEE44F7.e.13470/click - {}
RESULT: {}
COMMAND: POST /session/371b8fcef450a364efde700f21fc0eae/element - {"using":"xpath","value":"//button[@data-kt=\"addNewRUOverflowToolbarButton\"]"}
COMMAND: GET /session/371b8fcef450a364efde700f21fc0eae/screenshot - {}
RESULT: {"using":"xpath","value":"//button[@data-kt=\"addNewRUOverflowToolbarButton\"]"}
COMMAND: POST /session/371b8fcef450a364efde700f21fc0eae/elements - {"using":"xpath","value":"//button[@data-kt=\"addNewRUOverflowToolbarButton\"]"}
RESULT: {}
RESULT: {"using":"xpath","value":"//button[@data-kt=\"addNewRUOverflowToolbarButton\"]"}
COMMAND: POST /session/371b8fcef450a364efde700f21fc0eae/elements - {"using":"xpath","value":"//button[@data-kt=\"addNewRUOverflowToolbarButton\"]"}
RESULT: {"using":"xpath","value":"//button[@data-kt=\"addNewRUOverflowToolbarButton\"]"}
COMMAND: POST /session/371b8fcef450a364efde700f21fc0eae/elements - {"using":"xpath","value":"//button[@data-kt=\"addNewRUOverflowToolbarButton\"]"}
RESULT: {"using":"xpath","value":"//button[@data-kt=\"addNewRUOverflowToolbarButton\"]"}
COMMAND: POST /session/371b8fcef450a364efde700f21fc0eae/elements - {"using":"xpath","value":"//button[@data-kt=\"addNewRUOverflowToolbarButton\"]"}
RESULT: {"using":"xpath","value":"//button[@data-kt=\"addNewRUOverflowToolbarButton\"]"}
COMMAND: POST /session/371b8fcef450a364efde700f21fc0eae/elements - {"using":"xpath","value":"//button[@data-kt=\"addNewRUOverflowToolbarButton\"]"}
RESULT: {"using":"xpath","value":"//button[@data-kt=\"addNewRUOverflowToolbarButton\"]"}
COMMAND: POST /session/371b8fcef450a364efde700f21fc0eae/elements - {"using":"xpath","value":"//button[@data-kt=\"addNewRUOverflowToolbarButton\"]"}
RESULT: {"using":"xpath","value":"//button[@data-kt=\"addNewRUOverflowToolbarButton\"]"}
COMMAND: POST /session/371b8fcef450a364efde700f21fc0eae/elements - {"using":"xpath","value":"//button[@data-kt=\"addNewRUOverflowToolbarButton\"]"}
RESULT: {"using":"xpath","value":"//button[@data-kt=\"addNewRUOverflowToolbarButton\"]"}
COMMAND: POST /session/371b8fcef450a364efde700f21fc0eae/elements - {"using":"xpath","value":"//button[@data-kt=\"addNewRUOverflowToolbarButton\"]"}
RESULT: {"using":"xpath","value":"//button[@data-kt=\"addNewRUOverflowToolbarButton\"]"}
COMMAND: POST /session/371b8fcef450a364efde700f21fc0eae/elements - {"using":"xpath","value":"//button[@data-kt=\"addNewRUOverflowToolbarButton\"]"}
RESULT: {"using":"xpath","value":"//button[@data-kt=\"addNewRUOverflowToolbarButton\"]"}
COMMAND: POST /session/371b8fcef450a364efde700f21fc0eae/elements - {"using":"xpath","value":"//button[@data-kt=\"addNewRUOverflowToolbarButton\"]"}
RESULT: {"using":"xpath","value":"//button[@data-kt=\"addNewRUOverflowToolbarButton\"]"}
COMMAND: POST /session/371b8fcef450a364efde700f21fc0eae/elements - {"using":"xpath","value":"//button[@data-kt=\"addNewRUOverflowToolbarButton\"]"}
RESULT: {"using":"xpath","value":"//button[@data-kt=\"addNewRUOverflowToolbarButton\"]"}
COMMAND: POST /session/371b8fcef450a364efde700f21fc0eae/elements - {"using":"xpath","value":"//button[@data-kt=\"addNewRUOverflowToolbarButton\"]"}
RESULT: {"using":"xpath","value":"//button[@data-kt=\"addNewRUOverflowToolbarButton\"]"}
COMMAND: POST /session/371b8fcef450a364efde700f21fc0eae/elements - {"using":"xpath","value":"//button[@data-kt=\"addNewRUOverflowToolbarButton\"]"}
RESULT: {"using":"xpath","value":"//button[@data-kt=\"addNewRUOverflowToolbarButton\"]"}
COMMAND: POST /session/371b8fcef450a364efde700f21fc0eae/elements - {"using":"xpath","value":"//button[@data-kt=\"addNewRUOverflowToolbarButton\"]"}
RESULT: {"using":"xpath","value":"//button[@data-kt=\"addNewRUOverflowToolbarButton\"]"}
COMMAND: POST /session/371b8fcef450a364efde700f21fc0eae/elements - {"using":"xpath","value":"//button[@data-kt=\"addNewRUOverflowToolbarButton\"]"}
RESULT: {"using":"xpath","value":"//button[@data-kt=\"addNewRUOverflowToolbarButton\"]"}
COMMAND: POST /session/371b8fcef450a364efde700f21fc0eae/elements - {"using":"xpath","value":"//button[@data-kt=\"addNewRUOverflowToolbarButton\"]"}
RESULT: {"using":"xpath","value":"//button[@data-kt=\"addNewRUOverflowToolbarButton\"]"}
COMMAND: POST /session/371b8fcef450a364efde700f21fc0eae/elements - {"using":"xpath","value":"//button[@data-kt=\"addNewRUOverflowToolbarButton\"]"}
RESULT: {"using":"xpath","value":"//button[@data-kt=\"addNewRUOverflowToolbarButton\"]"}
COMMAND: POST /session/371b8fcef450a364efde700f21fc0eae/elements - {"using":"xpath","value":"//button[@data-kt=\"addNewRUOverflowToolbarButton\"]"}
RESULT: {"using":"xpath","value":"//button[@data-kt=\"addNewRUOverflowToolbarButton\"]"}
COMMAND: POST /session/371b8fcef450a364efde700f21fc0eae/elements - {"using":"xpath","value":"//button[@data-kt=\"addNewRUOverflowToolbarButton\"]"}
RESULT: {"using":"xpath","value":"//button[@data-kt=\"addNewRUOverflowToolbarButton\"]"}
COMMAND: POST /session/371b8fcef450a364efde700f21fc0eae/elements - {"using":"xpath","value":"//button[@data-kt=\"addNewRUOverflowToolbarButton\"]"}
RESULT: {"using":"xpath","value":"//button[@data-kt=\"addNewRUOverflowToolbarButton\"]"}
COMMAND: POST /session/371b8fcef450a364efde700f21fc0eae/elements - {"using":"xpath","value":"//button[@data-kt=\"addNewRUOverflowToolbarButton\"]"}
RESULT: {"using":"xpath","value":"//button[@data-kt=\"addNewRUOverflowToolbarButton\"]"}
COMMAND: POST /session/371b8fcef450a364efde700f21fc0eae/elements - {"using":"xpath","value":"//button[@data-kt=\"addNewRUOverflowToolbarButton\"]"}
RESULT: {"using":"xpath","value":"//button[@data-kt=\"addNewRUOverflowToolbarButton\"]"}
COMMAND: POST /session/371b8fcef450a364efde700f21fc0eae/elements - {"using":"xpath","value":"//button[@data-kt=\"addNewRUOverflowToolbarButton\"]"}
RESULT: {"using":"xpath","value":"//button[@data-kt=\"addNewRUOverflowToolbarButton\"]"}
COMMAND: POST /session/371b8fcef450a364efde700f21fc0eae/elements - {"using":"xpath","value":"//button[@data-kt=\"addNewRUOverflowToolbarButton\"]"}
RESULT: {"using":"xpath","value":"//button[@data-kt=\"addNewRUOverflowToolbarButton\"]"}
COMMAND: POST /session/371b8fcef450a364efde700f21fc0eae/elements - {"using":"xpath","value":"//button[@data-kt=\"addNewRUOverflowToolbarButton\"]"}
RESULT: {"using":"xpath","value":"//button[@data-kt=\"addNewRUOverflowToolbarButton\"]"}
COMMAND: POST /session/371b8fcef450a364efde700f21fc0eae/element - {"using":"xpath","value":"//button[@data-kt=\"addNewRUOverflowToolbarButton\"]"}
RESULT: {"using":"xpath","value":"//button[@data-kt=\"addNewRUOverflowToolbarButton\"]"}
COMMAND: POST /session/371b8fcef450a364efde700f21fc0eae/execute/sync - {"script":"<script> [8489 bytes]","args":[{"element-6066-11e4-a52e-4f735466cecf":"f.FFD2F70B7356459FE22D1016ABDF7B9E.d.F8C6D74F5172AABDD4E5FCB50DEE44F7.e.13601","ELEMENT":"f.FFD2F70B7356459FE22D1016ABDF7B9E.d.F8C6D74F5172AABDD4E5FCB50DEE44F7.e.13601"}]}
RESULT: {"script":"<script> [8489 bytes]","args":[{"element-6066-11e4-a52e-4f735466cecf":"f.FFD2F70B7356459FE22D1016ABDF7B9E.d.F8C6D74F5172AABDD4E5FCB50DEE44F7.e.13601","ELEMENT":"f.FFD2F70B7356459FE22D1016ABDF7B9E.d.F8C6D74F5172AABDD4E5FCB50DEE44F7.e.13601"}]}
COMMAND: GET /session/371b8fcef450a364efde700f21fc0eae/element/f.FFD2F70B7356459FE22D1016ABDF7B9E.d.F8C6D74F5172AABDD4E5FCB50DEE44F7.e.13601/enabled - {}
COMMAND: GET /session/371b8fcef450a364efde700f21fc0eae/screenshot - {}
RESULT: {}
COMMAND: POST /session/371b8fcef450a364efde700f21fc0eae/execute/sync - {"script":"<script> [8489 bytes]","args":[{"element-6066-11e4-a52e-4f735466cecf":"f.FFD2F70B7356459FE22D1016ABDF7B9E.d.F8C6D74F5172AABDD4E5FCB50DEE44F7.e.13601","ELEMENT":"f.FFD2F70B7356459FE22D1016ABDF7B9E.d.F8C6D74F5172AABDD4E5FCB50DEE44F7.e.13601"}]}
COMMAND: GET /session/371b8fcef450a364efde700f21fc0eae/screenshot - {}
RESULT: {}
RESULT: {"script":"<script> [8489 bytes]","args":[{"element-6066-11e4-a52e-4f735466cecf":"f.FFD2F70B7356459FE22D1016ABDF7B9E.d.F8C6D74F5172AABDD4E5FCB50DEE44F7.e.13601","ELEMENT":"f.FFD2F70B7356459FE22D1016ABDF7B9E.d.F8C6D74F5172AABDD4E5FCB50DEE44F7.e.13601"}]}
COMMAND: POST /session/371b8fcef450a364efde700f21fc0eae/execute/sync - {"script":"<script> [5351 bytes]","args":[{"element-6066-11e4-a52e-4f735466cecf":"f.FFD2F70B7356459FE22D1016ABDF7B9E.d.F8C6D74F5172AABDD4E5FCB50DEE44F7.e.13601","ELEMENT":"f.FFD2F70B7356459FE22D1016ABDF7B9E.d.F8C6D74F5172AABDD4E5FCB50DEE44F7.e.13601"}]}
COMMAND: GET /session/371b8fcef450a364efde700f21fc0eae/screenshot - {}
RESULT: {}
RESULT: {"script":"<script> [5351 bytes]","args":[{"element-6066-11e4-a52e-4f735466cecf":"f.FFD2F70B7356459FE22D1016ABDF7B9E.d.F8C6D74F5172AABDD4E5FCB50DEE44F7.e.13601","ELEMENT":"f.FFD2F70B7356459FE22D1016ABDF7B9E.d.F8C6D74F5172AABDD4E5FCB50DEE44F7.e.13601"}]}
COMMAND: POST /session/371b8fcef450a364efde700f21fc0eae/element/f.FFD2F70B7356459FE22D1016ABDF7B9E.d.F8C6D74F5172AABDD4E5FCB50DEE44F7.e.13601/click - {}
COMMAND: GET /session/371b8fcef450a364efde700f21fc0eae/screenshot - {}
RESULT: {}
RESULT: {}
COMMAND: GET /session/371b8fcef450a364efde700f21fc0eae/screenshot - {}
RESULT: {}
COMMAND: POST /session/371b8fcef450a364efde700f21fc0eae/execute/async - {"script":"<script> [1562 bytes]","args":[{"selector":{"id":"application-manageresources-display-component---newResourceUnit--TYPE-arrow"},"wdio_ui5_key":"applicationmanageresources-display-component---newResourceUnit--TYPE-arrow"}]}
RESULT: {}
RESULT: {"script":"<script> [1562 bytes]","args":[{"selector":{"id":"application-manageresources-display-component---newResourceUnit--TYPE-arrow"},"wdio_ui5_key":"applicationmanageresources-display-component---newResourceUnit--TYPE-arrow"}]}
RESULT: undefined
COMMAND: POST /session/371b8fcef450a364efde700f21fc0eae/element - {"using":"xpath","value":"//*[@id=\"application-manageresources-display-component---newResourceUnit--TYPE-arrow\"]"}
RESULT: {"using":"xpath","value":"//*[@id=\"application-manageresources-display-component---newResourceUnit--TYPE-arrow\"]"}
COMMAND: POST /session/371b8fcef450a364efde700f21fc0eae/element/f.FFD2F70B7356459FE22D1016ABDF7B9E.d.F8C6D74F5172AABDD4E5FCB50DEE44F7.e.13971/click - {}
RESULT: {}
COMMAND: POST /session/371b8fcef450a364efde700f21fc0eae/element - {"using":"xpath","value":"//input[@id=\"application-manageresources-display-component---newResourceUnit--TYPE-inner\"]"}
COMMAND: GET /session/371b8fcef450a364efde700f21fc0eae/screenshot - {}
RESULT: {"using":"xpath","value":"//input[@id=\"application-manageresources-display-component---newResourceUnit--TYPE-inner\"]"}
COMMAND: POST /session/371b8fcef450a364efde700f21fc0eae/element/f.FFD2F70B7356459FE22D1016ABDF7B9E.d.F8C6D74F5172AABDD4E5FCB50DEE44F7.e.13955/clear - {}
RESULT: {}
RESULT: {}
COMMAND: POST /session/371b8fcef450a364efde700f21fc0eae/element/f.FFD2F70B7356459FE22D1016ABDF7B9E.d.F8C6D74F5172AABDD4E5FCB50DEE44F7.e.13955/value - {"text":"Equipment"}
COMMAND: GET /session/371b8fcef450a364efde700f21fc0eae/screenshot - {}
RESULT: {"text":"Equipment"}
COMMAND: GET /session/371b8fcef450a364efde700f21fc0eae/screenshot - {}
RESULT: {}
RESULT: {}
COMMAND: POST /session/371b8fcef450a364efde700f21fc0eae/actions - {"actions":[{"id":"action43","type":"key","parameters":{},"actions":[{"type":"keyDown","value":"î€‡"},{"type":"pause","duration":10},{"type":"keyUp","value":"î€‡"}]}]}
RESULT: {"actions":[{"id":"action43","type":"key","parameters":{},"actions":[{"type":"keyDown","value":"î€‡"},{"type":"pause","duration":10},{"type":"keyUp","value":"î€‡"}]}]}
COMMAND: POST /session/371b8fcef450a364efde700f21fc0eae/execute/async - {"script":"<script> [1562 bytes]","args":[{"selector":{"id":"application-manageresources-display-component---newResourceUnit--resourceId","interaction":{"idSuffix":"inner"}},"wdio_ui5_key":"applicationmanageresources-display-component---newResourceUnit--resourceId"}]}
COMMAND: GET /session/371b8fcef450a364efde700f21fc0eae/screenshot - {}
RESULT: {"script":"<script> [1562 bytes]","args":[{"selector":{"id":"application-manageresources-display-component---newResourceUnit--resourceId","interaction":{"idSuffix":"inner"}},"wdio_ui5_key":"applicationmanageresources-display-component---newResourceUnit--resourceId"}]}
RESULT: undefined
COMMAND: POST /session/371b8fcef450a364efde700f21fc0eae/execute/async - {"script":"<script> [776 bytes]","args":[{"enterText":"XNAJJ11piv","selector":{"id":"application-manageresources-display-component---newResourceUnit--resourceId","interaction":{"idSuffix":"inner"}},"clearTextFirst":true,"interactionType":"ENTER_TEXT"}]}
RESULT: {}
RESULT: {"script":"<script> [776 bytes]","args":[{"enterText":"XNAJJ11piv","selector":{"id":"application-manageresources-display-component---newResourceUnit--resourceId","interaction":{"idSuffix":"inner"}},"clearTextFirst":true,"interactionType":"ENTER_TEXT"}]}
COMMAND: POST /session/371b8fcef450a364efde700f21fc0eae/execute/async - {"script":"<script> [1562 bytes]","args":[{"selector":{"id":"application-manageresources-display-component---newResourceUnit--SHORT_TEXT","interaction":{"idSuffix":"inner"}},"wdio_ui5_key":"applicationmanageresources-display-component---newResourceUnit--SHORT_TEXT"}]}
RESULT: {"script":"<script> [1562 bytes]","args":[{"selector":{"id":"application-manageresources-display-component---newResourceUnit--SHORT_TEXT","interaction":{"idSuffix":"inner"}},"wdio_ui5_key":"applicationmanageresources-display-component---newResourceUnit--SHORT_TEXT"}]}
RESULT: undefined
COMMAND: POST /session/371b8fcef450a364efde700f21fc0eae/execute/async - {"script":"<script> [776 bytes]","args":[{"enterText":"Intercompany Equipment WDIO","selector":{"id":"application-manageresources-display-component---newResourceUnit--SHORT_TEXT","interaction":{"idSuffix":"inner"}},"clearTextFirst":true,"interactionType":"ENTER_TEXT"}]}
RESULT: {"script":"<script> [776 bytes]","args":[{"enterText":"Intercompany Equipment WDIO","selector":{"id":"application-manageresources-display-component---newResourceUnit--SHORT_TEXT","interaction":{"idSuffix":"inner"}},"clearTextFirst":true,"interactionType":"ENTER_TEXT"}]}
COMMAND: POST /session/371b8fcef450a364efde700f21fc0eae/execute/async - {"script":"<script> [1562 bytes]","args":[{"selector":{"id":"application-manageresources-display-component---newResourceUnit--BASE_UNIT_OF_MEASURE","interaction":{"idSuffix":"inner"}},"wdio_ui5_key":"applicationmanageresources-display-component---newResourceUnit--BASE_UNIT_OF_MEASURE"}]}
RESULT: {"script":"<script> [1562 bytes]","args":[{"selector":{"id":"application-manageresources-display-component---newResourceUnit--BASE_UNIT_OF_MEASURE","interaction":{"idSuffix":"inner"}},"wdio_ui5_key":"applicationmanageresources-display-component---newResourceUnit--BASE_UNIT_OF_MEASURE"}]}
RESULT: undefined
COMMAND: POST /session/371b8fcef450a364efde700f21fc0eae/execute/async - {"script":"<script> [776 bytes]","args":[{"enterText":"Piece","selector":{"id":"application-manageresources-display-component---newResourceUnit--BASE_UNIT_OF_MEASURE","interaction":{"idSuffix":"inner"}},"clearTextFirst":true,"interactionType":"ENTER_TEXT"}]}
RESULT: {"script":"<script> [776 bytes]","args":[{"enterText":"Piece","selector":{"id":"application-manageresources-display-component---newResourceUnit--BASE_UNIT_OF_MEASURE","interaction":{"idSuffix":"inner"}},"clearTextFirst":true,"interactionType":"ENTER_TEXT"}]}
COMMAND: POST /session/371b8fcef450a364efde700f21fc0eae/execute/async - {"script":"<script> [1562 bytes]","args":[{"selector":{"id":"application-manageresources-display-component---newResourceUnit--WEIGHT_UNIT","interaction":{"idSuffix":"inner"}},"wdio_ui5_key":"applicationmanageresources-display-component---newResourceUnit--WEIGHT_UNIT"}]}
RESULT: {"script":"<script> [1562 bytes]","args":[{"selector":{"id":"application-manageresources-display-component---newResourceUnit--WEIGHT_UNIT","interaction":{"idSuffix":"inner"}},"wdio_ui5_key":"applicationmanageresources-display-component---newResourceUnit--WEIGHT_UNIT"}]}
RESULT: undefined
COMMAND: POST /session/371b8fcef450a364efde700f21fc0eae/execute/async - {"script":"<script> [776 bytes]","args":[{"enterText":"Gram","selector":{"id":"application-manageresources-display-component---newResourceUnit--WEIGHT_UNIT","interaction":{"idSuffix":"inner"}},"clearTextFirst":true,"interactionType":"ENTER_TEXT"}]}
RESULT: {"script":"<script> [776 bytes]","args":[{"enterText":"Gram","selector":{"id":"application-manageresources-display-component---newResourceUnit--WEIGHT_UNIT","interaction":{"idSuffix":"inner"}},"clearTextFirst":true,"interactionType":"ENTER_TEXT"}]}
COMMAND: POST /session/371b8fcef450a364efde700f21fc0eae/execute/async - {"script":"<script> [1562 bytes]","args":[{"selector":{"id":"application-manageresources-display-component---newResourceUnit--DIMENSION_UNIT","interaction":{"idSuffix":"inner"}},"wdio_ui5_key":"applicationmanageresources-display-component---newResourceUnit--DIMENSION_UNIT"}]}
RESULT: {"script":"<script> [1562 bytes]","args":[{"selector":{"id":"application-manageresources-display-component---newResourceUnit--DIMENSION_UNIT","interaction":{"idSuffix":"inner"}},"wdio_ui5_key":"applicationmanageresources-display-component---newResourceUnit--DIMENSION_UNIT"}]}
RESULT: undefined
COMMAND: POST /session/371b8fcef450a364efde700f21fc0eae/execute/async - {"script":"<script> [776 bytes]","args":[{"enterText":"Meter","selector":{"id":"application-manageresources-display-component---newResourceUnit--DIMENSION_UNIT","interaction":{"idSuffix":"inner"}},"clearTextFirst":true,"interactionType":"ENTER_TEXT"}]}
RESULT: {"script":"<script> [776 bytes]","args":[{"enterText":"Meter","selector":{"id":"application-manageresources-display-component---newResourceUnit--DIMENSION_UNIT","interaction":{"idSuffix":"inner"}},"clearTextFirst":true,"interactionType":"ENTER_TEXT"}]}
COMMAND: POST /session/371b8fcef450a364efde700f21fc0eae/execute/async - {"script":"<script> [1562 bytes]","args":[{"selector":{"id":"application-manageresources-display-component---newResourceUnit--newRRUPage-anchBar-application-manageresources-display-component---newResourceUnit--control-anchor","interaction":{"idSuffix":"BDI-content"}},"wdio_ui5_key":"applicationmanageresources-display-component---newResourceUnit--newRRUPage-anchBar-application-manageresources-display-component---newResourceUnit--control-anchor"}]}
RESULT: {"script":"<script> [1562 bytes]","args":[{"selector":{"id":"application-manageresources-display-component---newResourceUnit--newRRUPage-anchBar-application-manageresources-display-component---newResourceUnit--control-anchor","interaction":{"idSuffix":"BDI-content"}},"wdio_ui5_key":"applicationmanageresources-display-component---newResourceUnit--newRRUPage-anchBar-application-manageresources-display-component---newResourceUnit--control-anchor"}]}
RESULT: undefined
COMMAND: POST /session/371b8fcef450a364efde700f21fc0eae/element - {"using":"xpath","value":"//*[@id=\"application-manageresources-display-component---newResourceUnit--newRRUPage-anchBar-application-manageresources-display-component---newResourceUnit--control-anchor\"]"}
RESULT: {"using":"xpath","value":"//*[@id=\"application-manageresources-display-component---newResourceUnit--newRRUPage-anchBar-application-manageresources-display-component---newResourceUnit--control-anchor\"]"}
COMMAND: POST /session/371b8fcef450a364efde700f21fc0eae/element/f.FFD2F70B7356459FE22D1016ABDF7B9E.d.F8C6D74F5172AABDD4E5FCB50DEE44F7.e.14106/click - {}
RESULT: {}
COMMAND: POST /session/371b8fcef450a364efde700f21fc0eae/execute/async - {"script":"<script> [1562 bytes]","args":[{"selector":{"id":"application-manageresources-display-component---newResourceUnit--PLANNING_GROUP","interaction":{"idSuffix":"inner"}},"wdio_ui5_key":"applicationmanageresources-display-component---newResourceUnit--PLANNING_GROUP"}]}
COMMAND: GET /session/371b8fcef450a364efde700f21fc0eae/screenshot - {}
RESULT: {"script":"<script> [1562 bytes]","args":[{"selector":{"id":"application-manageresources-display-component---newResourceUnit--PLANNING_GROUP","interaction":{"idSuffix":"inner"}},"wdio_ui5_key":"applicationmanageresources-display-component---newResourceUnit--PLANNING_GROUP"}]}
RESULT: undefined
COMMAND: POST /session/371b8fcef450a364efde700f21fc0eae/execute/async - {"script":"<script> [776 bytes]","args":[{"enterText":"Heavy Equi","selector":{"id":"application-manageresources-display-component---newResourceUnit--PLANNING_GROUP","interaction":{"idSuffix":"inner"}},"clearTextFirst":true,"interactionType":"ENTER_TEXT"}]}
RESULT: {}
RESULT: {"script":"<script> [776 bytes]","args":[{"enterText":"Heavy Equi","selector":{"id":"application-manageresources-display-component---newResourceUnit--PLANNING_GROUP","interaction":{"idSuffix":"inner"}},"clearTextFirst":true,"interactionType":"ENTER_TEXT"}]}
COMMAND: POST /session/371b8fcef450a364efde700f21fc0eae/execute/async - {"script":"<script> [1562 bytes]","args":[{"selector":{"id":"application-manageresources-display-component---newResourceUnit--ITEM_TYPE-arrow"},"wdio_ui5_key":"applicationmanageresources-display-component---newResourceUnit--ITEM_TYPE-arrow"}]}
RESULT: {"script":"<script> [1562 bytes]","args":[{"selector":{"id":"application-manageresources-display-component---newResourceUnit--ITEM_TYPE-arrow"},"wdio_ui5_key":"applicationmanageresources-display-component---newResourceUnit--ITEM_TYPE-arrow"}]}
RESULT: undefined
COMMAND: POST /session/371b8fcef450a364efde700f21fc0eae/element - {"using":"xpath","value":"//*[@id=\"application-manageresources-display-component---newResourceUnit--ITEM_TYPE-arrow\"]"}
RESULT: {"using":"xpath","value":"//*[@id=\"application-manageresources-display-component---newResourceUnit--ITEM_TYPE-arrow\"]"}
COMMAND: POST /session/371b8fcef450a364efde700f21fc0eae/element/f.FFD2F70B7356459FE22D1016ABDF7B9E.d.F8C6D74F5172AABDD4E5FCB50DEE44F7.e.14113/click - {}
RESULT: {}
COMMAND: POST /session/371b8fcef450a364efde700f21fc0eae/element - {"using":"xpath","value":"(//span[contains(text(), \"Resource Unit\")])[2]"}
COMMAND: GET /session/371b8fcef450a364efde700f21fc0eae/screenshot - {}
RESULT: {"using":"xpath","value":"(//span[contains(text(), \"Resource Unit\")])[2]"}
COMMAND: POST /session/371b8fcef450a364efde700f21fc0eae/element/f.FFD2F70B7356459FE22D1016ABDF7B9E.d.F8C6D74F5172AABDD4E5FCB50DEE44F7.e.14114/click - {}
RESULT: {}
RESULT: {}
COMMAND: GET /session/371b8fcef450a364efde700f21fc0eae/screenshot - {}
RESULT: {}
COMMAND: POST /session/371b8fcef450a364efde700f21fc0eae/element - {"using":"css selector","value":"#application-manageresources-display-component---newResourceUnit--btnAddTimeSegment"}
RESULT: {"using":"css selector","value":"#application-manageresources-display-component---newResourceUnit--btnAddTimeSegment"}
COMMAND: GET /session/371b8fcef450a364efde700f21fc0eae/element/f.FFD2F70B7356459FE22D1016ABDF7B9E.d.F8C6D74F5172AABDD4E5FCB50DEE44F7.e.14115/rect - {}
RESULT: {}
COMMAND: GET /session/371b8fcef450a364efde700f21fc0eae/window/rect - {}
RESULT: {}
COMMAND: POST /session/371b8fcef450a364efde700f21fc0eae/execute/sync - {"script":"<script> [92 bytes]","args":[]}
RESULT: {"script":"<script> [92 bytes]","args":[]}
COMMAND: POST /session/371b8fcef450a364efde700f21fc0eae/actions - {"actions":[{"id":"action44","type":"wheel","parameters":{},"actions":[{"type":"scroll","x":-1888,"y":-32,"deltaX":0,"deltaY":0,"duration":0,"origin":{"element-6066-11e4-a52e-4f735466cecf":"f.FFD2F70B7356459FE22D1016ABDF7B9E.d.F8C6D74F5172AABDD4E5FCB50DEE44F7.e.14115"}}]}]}
COMMAND: GET /session/371b8fcef450a364efde700f21fc0eae/screenshot - {}
RESULT: {}
COMMAND: POST /session/371b8fcef450a364efde700f21fc0eae/execute/sync - {"script":"<script> [79 bytes]","args":[{"element-6066-11e4-a52e-4f735466cecf":"f.FFD2F70B7356459FE22D1016ABDF7B9E.d.F8C6D74F5172AABDD4E5FCB50DEE44F7.e.14115","ELEMENT":"f.FFD2F70B7356459FE22D1016ABDF7B9E.d.F8C6D74F5172AABDD4E5FCB50DEE44F7.e.14115"},{"block":"start","inline":"nearest"}]}
RESULT: {"script":"<script> [79 bytes]","args":[{"element-6066-11e4-a52e-4f735466cecf":"f.FFD2F70B7356459FE22D1016ABDF7B9E.d.F8C6D74F5172AABDD4E5FCB50DEE44F7.e.14115","ELEMENT":"f.FFD2F70B7356459FE22D1016ABDF7B9E.d.F8C6D74F5172AABDD4E5FCB50DEE44F7.e.14115"},{"block":"start","inline":"nearest"}]}
COMMAND: POST /session/371b8fcef450a364efde700f21fc0eae/execute/async - {"script":"<script> [1562 bytes]","args":[{"selector":{"id":"application-manageresources-display-component---newResourceUnit--btnAddTimeSegment","interaction":{"idSuffix":"inner"}},"wdio_ui5_key":"applicationmanageresources-display-component---newResourceUnit--btnAddTimeSegment"}]}
COMMAND: GET /session/371b8fcef450a364efde700f21fc0eae/screenshot - {}
RESULT: {"script":"<script> [1562 bytes]","args":[{"selector":{"id":"application-manageresources-display-component---newResourceUnit--btnAddTimeSegment","interaction":{"idSuffix":"inner"}},"wdio_ui5_key":"applicationmanageresources-display-component---newResourceUnit--btnAddTimeSegment"}]}
RESULT: undefined
COMMAND: POST /session/371b8fcef450a364efde700f21fc0eae/element - {"using":"xpath","value":"//*[@id=\"application-manageresources-display-component---newResourceUnit--btnAddTimeSegment\"]"}
RESULT: {}
RESULT: {"using":"xpath","value":"//*[@id=\"application-manageresources-display-component---newResourceUnit--btnAddTimeSegment\"]"}
COMMAND: POST /session/371b8fcef450a364efde700f21fc0eae/element/f.FFD2F70B7356459FE22D1016ABDF7B9E.d.F8C6D74F5172AABDD4E5FCB50DEE44F7.e.14115/click - {}
RESULT: {}
COMMAND: GET /session/371b8fcef450a364efde700f21fc0eae/screenshot - {}
RESULT: {}
COMMAND: POST /session/371b8fcef450a364efde700f21fc0eae/element - {"using":"xpath","value":"//input[@id=\"application-manageresources-display-component---newResourceUnit--idRuTSAdmin-application-manageresources-display-component---newResourceUnit--RUTimeSegment-0-inner\"]"}
RESULT: {"using":"xpath","value":"//input[@id=\"application-manageresources-display-component---newResourceUnit--idRuTSAdmin-application-manageresources-display-component---newResourceUnit--RUTimeSegment-0-inner\"]"}
COMMAND: POST /session/371b8fcef450a364efde700f21fc0eae/element/f.FFD2F70B7356459FE22D1016ABDF7B9E.d.F8C6D74F5172AABDD4E5FCB50DEE44F7.e.14121/clear - {}
RESULT: {}
COMMAND: POST /session/371b8fcef450a364efde700f21fc0eae/element/f.FFD2F70B7356459FE22D1016ABDF7B9E.d.F8C6D74F5172AABDD4E5FCB50DEE44F7.e.14121/value - {"text":"515"}
COMMAND: GET /session/371b8fcef450a364efde700f21fc0eae/screenshot - {}
RESULT: {"text":"515"}
COMMAND: GET /session/371b8fcef450a364efde700f21fc0eae/screenshot - {}
RESULT: {}
RESULT: {}
COMMAND: POST /session/371b8fcef450a364efde700f21fc0eae/element - {"using":"xpath","value":"//li[.//span[text()='515']]"}
RESULT: {"using":"xpath","value":"//li[.//span[text()='515']]"}
COMMAND: POST /session/371b8fcef450a364efde700f21fc0eae/element/f.FFD2F70B7356459FE22D1016ABDF7B9E.d.F8C6D74F5172AABDD4E5FCB50DEE44F7.e.14135/click - {}
RESULT: {}
COMMAND: GET /session/371b8fcef450a364efde700f21fc0eae/screenshot - {}
RESULT: {}
COMMAND: POST /session/371b8fcef450a364efde700f21fc0eae/element - {"using":"xpath","value":"(//span[contains(@id, \"-application-manageresources-display-component---newResourceUnit--RUTimeSegment-0-arrow\")])[6]"}
RESULT: {"using":"xpath","value":"(//span[contains(@id, \"-application-manageresources-display-component---newResourceUnit--RUTimeSegment-0-arrow\")])[6]"}
COMMAND: POST /session/371b8fcef450a364efde700f21fc0eae/element/f.FFD2F70B7356459FE22D1016ABDF7B9E.d.F8C6D74F5172AABDD4E5FCB50DEE44F7.e.14136/click - {}
RESULT: {}
COMMAND: GET /session/371b8fcef450a364efde700f21fc0eae/screenshot - {}
RESULT: {}
COMMAND: POST /session/371b8fcef450a364efde700f21fc0eae/element - {"using":"xpath","value":"//span[contains(text(), \"PM Order\")]"}
RESULT: {"using":"xpath","value":"//span[contains(text(), \"PM Order\")]"}
COMMAND: POST /session/371b8fcef450a364efde700f21fc0eae/element/f.FFD2F70B7356459FE22D1016ABDF7B9E.d.F8C6D74F5172AABDD4E5FCB50DEE44F7.e.14139/click - {}
RESULT: {}
COMMAND: GET /session/371b8fcef450a364efde700f21fc0eae/screenshot - {}
RESULT: {}
COMMAND: POST /session/371b8fcef450a364efde700f21fc0eae/element - {"using":"xpath","value":"(//span[contains(@id ,\"manageresources-display-component---newResourceUnit--RUTimeSegment-0-vhi\")])[1]"}
RESULT: {"using":"xpath","value":"(//span[contains(@id ,\"manageresources-display-component---newResourceUnit--RUTimeSegment-0-vhi\")])[1]"}
COMMAND: GET /session/371b8fcef450a364efde700f21fc0eae/element/f.FFD2F70B7356459FE22D1016ABDF7B9E.d.F8C6D74F5172AABDD4E5FCB50DEE44F7.e.14143/rect - {}
RESULT: {}
COMMAND: GET /session/371b8fcef450a364efde700f21fc0eae/window/rect - {}
RESULT: {}
COMMAND: POST /session/371b8fcef450a364efde700f21fc0eae/execute/sync - {"script":"<script> [92 bytes]","args":[]}
RESULT: {"script":"<script> [92 bytes]","args":[]}
COMMAND: POST /session/371b8fcef450a364efde700f21fc0eae/actions - {"actions":[{"id":"action45","type":"wheel","parameters":{},"actions":[{"type":"scroll","x":-869,"y":-24,"deltaX":0,"deltaY":0,"duration":0,"origin":{"element-6066-11e4-a52e-4f735466cecf":"f.FFD2F70B7356459FE22D1016ABDF7B9E.d.F8C6D74F5172AABDD4E5FCB50DEE44F7.e.14143"}}]}]}
COMMAND: GET /session/371b8fcef450a364efde700f21fc0eae/screenshot - {}
RESULT: {"actions":[{"id":"action45","type":"wheel","parameters":{},"actions":[{"type":"scroll","x":-869,"y":-24,"deltaX":0,"deltaY":0,"duration":0,"origin":{"element-6066-11e4-a52e-4f735466cecf":"f.FFD2F70B7356459FE22D1016ABDF7B9E.d.F8C6D74F5172AABDD4E5FCB50DEE44F7.e.14143"}}]}]}
COMMAND: DELETE /session/371b8fcef450a364efde700f21fc0eae/actions - {}
COMMAND: GET /session/371b8fcef450a364efde700f21fc0eae/screenshot - {}
RESULT: {}
RESULT: {}
COMMAND: GET /session/371b8fcef450a364efde700f21fc0eae/screenshot - {}
RESULT: {}
RESULT: {}
COMMAND: POST /session/371b8fcef450a364efde700f21fc0eae/element/f.FFD2F70B7356459FE22D1016ABDF7B9E.d.F8C6D74F5172AABDD4E5FCB50DEE44F7.e.14143/click - {}
RESULT: {}
COMMAND: GET /session/371b8fcef450a364efde700f21fc0eae/screenshot - {}
RESULT: {}
COMMAND: POST /session/371b8fcef450a364efde700f21fc0eae/execute/async - {"script":"<script> [1562 bytes]","args":[{"selector":{"controlType":"sap.m.SearchField","properties":{"placeholder":"Search"},"searchOpenDialogs":true,"interaction":{"idSuffix":"I"}},"wdio_ui5_key":"sapm.SearchField{\"placeholder\":\"Search\"}"}]}
RESULT: {"script":"<script> [1562 bytes]","args":[{"selector":{"controlType":"sap.m.SearchField","properties":{"placeholder":"Search"},"searchOpenDialogs":true,"interaction":{"idSuffix":"I"}},"wdio_ui5_key":"sapm.SearchField{\"placeholder\":\"Search\"}"}]}
RESULT: undefined
COMMAND: POST /session/371b8fcef450a364efde700f21fc0eae/execute/async - {"script":"<script> [776 bytes]","args":[{"enterText":"4000360","selector":{"controlType":"sap.m.SearchField","properties":{"placeholder":"Search"},"searchOpenDialogs":true,"interaction":{"idSuffix":"I"}},"clearTextFirst":true,"interactionType":"ENTER_TEXT"}]}
RESULT: {"script":"<script> [776 bytes]","args":[{"enterText":"4000360","selector":{"controlType":"sap.m.SearchField","properties":{"placeholder":"Search"},"searchOpenDialogs":true,"interaction":{"idSuffix":"I"}},"clearTextFirst":true,"interactionType":"ENTER_TEXT"}]}
COMMAND: POST /session/371b8fcef450a364efde700f21fc0eae/actions - {"actions":[{"id":"action46","type":"key","parameters":{},"actions":[{"type":"keyDown","value":"î€‡"},{"type":"pause","duration":10},{"type":"keyUp","value":"î€‡"}]}]}
RESULT: {"actions":[{"id":"action46","type":"key","parameters":{},"actions":[{"type":"keyDown","value":"î€‡"},{"type":"pause","duration":10},{"type":"keyUp","value":"î€‡"}]}]}
COMMAND: GET /session/371b8fcef450a364efde700f21fc0eae/screenshot - {}
RESULT: {}
COMMAND: POST /session/371b8fcef450a364efde700f21fc0eae/element - {"using":"xpath","value":"//td/div/span[contains(text(), \"BGL Vehicles\")]"}
RESULT: {"using":"xpath","value":"//td/div/span[contains(text(), \"BGL Vehicles\")]"}
COMMAND: POST /session/371b8fcef450a364efde700f21fc0eae/element/f.FFD2F70B7356459FE22D1016ABDF7B9E.d.F8C6D74F5172AABDD4E5FCB50DEE44F7.e.14165/click - {}
RESULT: {}
COMMAND: GET /session/371b8fcef450a364efde700f21fc0eae/screenshot - {}
RESULT: {}
COMMAND: POST /session/371b8fcef450a364efde700f21fc0eae/element - {"using":"xpath","value":"//bdi[contains(text(), \"OK\")]"}
RESULT: {"using":"xpath","value":"//bdi[contains(text(), \"OK\")]"}
COMMAND: POST /session/371b8fcef450a364efde700f21fc0eae/element/f.FFD2F70B7356459FE22D1016ABDF7B9E.d.F8C6D74F5172AABDD4E5FCB50DEE44F7.e.14166/click - {}
RESULT: {}
COMMAND: GET /session/371b8fcef450a364efde700f21fc0eae/screenshot - {}
RESULT: {}
COMMAND: POST /session/371b8fcef450a364efde700f21fc0eae/execute/async - {"script":"<script> [1562 bytes]","args":[{"selector":{"id":"application-manageresources-display-component---newResourceUnit--newRRUPage-anchBar-application-manageresources-display-component---newResourceUnit--resource-anchor","interaction":{"idSuffix":"BDI-content"}},"wdio_ui5_key":"applicationmanageresources-display-component---newResourceUnit--newRRUPage-anchBar-application-manageresources-display-component---newResourceUnit--resource-anchor"}]}
RESULT: {"script":"<script> [1562 bytes]","args":[{"selector":{"id":"application-manageresources-display-component---newResourceUnit--newRRUPage-anchBar-application-manageresources-display-component---newResourceUnit--resource-anchor","interaction":{"idSuffix":"BDI-content"}},"wdio_ui5_key":"applicationmanageresources-display-component---newResourceUnit--newRRUPage-anchBar-application-manageresources-display-component---newResourceUnit--resource-anchor"}]}
RESULT: undefined
COMMAND: POST /session/371b8fcef450a364efde700f21fc0eae/element - {"using":"xpath","value":"//*[@id=\"application-manageresources-display-component---newResourceUnit--newRRUPage-anchBar-application-manageresources-display-component---newResourceUnit--resource-anchor\"]"}
RESULT: {"using":"xpath","value":"//*[@id=\"application-manageresources-display-component---newResourceUnit--newRRUPage-anchBar-application-manageresources-display-component---newResourceUnit--resource-anchor\"]"}
COMMAND: POST /session/371b8fcef450a364efde700f21fc0eae/element/f.FFD2F70B7356459FE22D1016ABDF7B9E.d.F8C6D74F5172AABDD4E5FCB50DEE44F7.e.14170/click - {}
RESULT: {}
COMMAND: POST /session/371b8fcef450a364efde700f21fc0eae/execute/async - {"script":"<script> [1562 bytes]","args":[{"selector":{"id":"application-manageresources-display-component---newResourceUnit--PLANNED_DELIVERY_DATE","interaction":{"idSuffix":"inner"}},"wdio_ui5_key":"applicationmanageresources-display-component---newResourceUnit--PLANNED_DELIVERY_DATE"}]}
COMMAND: GET /session/371b8fcef450a364efde700f21fc0eae/screenshot - {}
RESULT: {"script":"<script> [1562 bytes]","args":[{"selector":{"id":"application-manageresources-display-component---newResourceUnit--PLANNED_DELIVERY_DATE","interaction":{"idSuffix":"inner"}},"wdio_ui5_key":"applicationmanageresources-display-component---newResourceUnit--PLANNED_DELIVERY_DATE"}]}
RESULT: undefined
COMMAND: POST /session/371b8fcef450a364efde700f21fc0eae/execute/async - {"script":"<script> [6424 bytes]","args":[{"element-6066-11e4-a52e-4f735466cecf":"f.FFD2F70B7356459FE22D1016ABDF7B9E.d.F8C6D74F5172AABDD4E5FCB50DEE44F7.e.14029"},"setValue",["5/2/25"]]}
RESULT: {}
RESULT: {"script":"<script> [6424 bytes]","args":[{"element-6066-11e4-a52e-4f735466cecf":"f.FFD2F70B7356459FE22D1016ABDF7B9E.d.F8C6D74F5172AABDD4E5FCB50DEE44F7.e.14029"},"setValue",["5/2/25"]]}
COMMAND: POST /session/371b8fcef450a364efde700f21fc0eae/element - {"using":"xpath","value":"//button[@data-kt=\"resourceUnitSaveButton\"]"}
RESULT: {"using":"xpath","value":"//button[@data-kt=\"resourceUnitSaveButton\"]"}
COMMAND: POST /session/371b8fcef450a364efde700f21fc0eae/element/f.FFD2F70B7356459FE22D1016ABDF7B9E.d.F8C6D74F5172AABDD4E5FCB50DEE44F7.e.13989/click - {}
RESULT: {}
COMMAND: GET /session/371b8fcef450a364efde700f21fc0eae/screenshot - {}
RESULT: {}
COMMAND: POST /session/371b8fcef450a364efde700f21fc0eae/element - {"using":"xpath","value":"//bdi[contains(text(), \"Close\")]"}
RESULT: {"using":"xpath","value":"//bdi[contains(text(), \"Close\")]"}
COMMAND: POST /session/371b8fcef450a364efde700f21fc0eae/element/f.FFD2F70B7356459FE22D1016ABDF7B9E.d.F8C6D74F5172AABDD4E5FCB50DEE44F7.e.14178/click - {}
RESULT: {}
COMMAND: GET /session/371b8fcef450a364efde700f21fc0eae/screenshot - {}
RESULT: {}
COMMAND: POST /session/371b8fcef450a364efde700f21fc0eae/element - {"using":"xpath","value":"(//button[contains(@id ,\"actionsToolbar-overflowButton\")])[1]"}
RESULT: {"using":"xpath","value":"(//button[contains(@id ,\"actionsToolbar-overflowButton\")])[1]"}
COMMAND: POST /session/371b8fcef450a364efde700f21fc0eae/element/f.FFD2F70B7356459FE22D1016ABDF7B9E.d.F8C6D74F5172AABDD4E5FCB50DEE44F7.e.14209/click - {}
RESULT: {}
COMMAND: GET /session/371b8fcef450a364efde700f21fc0eae/screenshot - {}
RESULT: {}
COMMAND: POST /session/371b8fcef450a364efde700f21fc0eae/element - {"using":"xpath","value":"//button[@data-kt=\"priceInfoButton\"]"}
RESULT: {"using":"xpath","value":"//button[@data-kt=\"priceInfoButton\"]"}
COMMAND: POST /session/371b8fcef450a364efde700f21fc0eae/element/f.FFD2F70B7356459FE22D1016ABDF7B9E.d.F8C6D74F5172AABDD4E5FCB50DEE44F7.e.14211/click - {}
RESULT: {}
COMMAND: GET /session/371b8fcef450a364efde700f21fc0eae/screenshot - {}
RESULT: {}
]]></system-out>
    </testcase>
    <testcase classname="chrome.135_0_7049_96.windows.Billing_transfer_US117289" name="Should create new pricing rule" time="48.239">
      <system-out><![CDATA[
COMMAND: POST /session/371b8fcef450a364efde700f21fc0eae/element - {"using":"xpath","value":"//button[@data-kt=\"addButton\"]"}
RESULT: {"using":"xpath","value":"//button[@data-kt=\"addButton\"]"}
COMMAND: POST /session/371b8fcef450a364efde700f21fc0eae/elements - {"using":"xpath","value":"//button[@data-kt=\"addButton\"]"}
RESULT: {"using":"xpath","value":"//button[@data-kt=\"addButton\"]"}
COMMAND: POST /session/371b8fcef450a364efde700f21fc0eae/elements - {"using":"xpath","value":"//button[@data-kt=\"addButton\"]"}
RESULT: {"using":"xpath","value":"//button[@data-kt=\"addButton\"]"}
COMMAND: POST /session/371b8fcef450a364efde700f21fc0eae/element - {"using":"xpath","value":"//button[@data-kt=\"addButton\"]"}
RESULT: {"using":"xpath","value":"//button[@data-kt=\"addButton\"]"}
COMMAND: POST /session/371b8fcef450a364efde700f21fc0eae/execute/sync - {"script":"<script> [8489 bytes]","args":[{"element-6066-11e4-a52e-4f735466cecf":"f.FFD2F70B7356459FE22D1016ABDF7B9E.d.F8C6D74F5172AABDD4E5FCB50DEE44F7.e.14247","ELEMENT":"f.FFD2F70B7356459FE22D1016ABDF7B9E.d.F8C6D74F5172AABDD4E5FCB50DEE44F7.e.14247"}]}
RESULT: {"script":"<script> [8489 bytes]","args":[{"element-6066-11e4-a52e-4f735466cecf":"f.FFD2F70B7356459FE22D1016ABDF7B9E.d.F8C6D74F5172AABDD4E5FCB50DEE44F7.e.14247","ELEMENT":"f.FFD2F70B7356459FE22D1016ABDF7B9E.d.F8C6D74F5172AABDD4E5FCB50DEE44F7.e.14247"}]}
COMMAND: GET /session/371b8fcef450a364efde700f21fc0eae/element/f.FFD2F70B7356459FE22D1016ABDF7B9E.d.F8C6D74F5172AABDD4E5FCB50DEE44F7.e.14247/enabled - {}
COMMAND: GET /session/371b8fcef450a364efde700f21fc0eae/screenshot - {}
RESULT: {}
COMMAND: POST /session/371b8fcef450a364efde700f21fc0eae/execute/sync - {"script":"<script> [8489 bytes]","args":[{"element-6066-11e4-a52e-4f735466cecf":"f.FFD2F70B7356459FE22D1016ABDF7B9E.d.F8C6D74F5172AABDD4E5FCB50DEE44F7.e.14247","ELEMENT":"f.FFD2F70B7356459FE22D1016ABDF7B9E.d.F8C6D74F5172AABDD4E5FCB50DEE44F7.e.14247"}]}
COMMAND: GET /session/371b8fcef450a364efde700f21fc0eae/screenshot - {}
RESULT: {}
RESULT: {"script":"<script> [8489 bytes]","args":[{"element-6066-11e4-a52e-4f735466cecf":"f.FFD2F70B7356459FE22D1016ABDF7B9E.d.F8C6D74F5172AABDD4E5FCB50DEE44F7.e.14247","ELEMENT":"f.FFD2F70B7356459FE22D1016ABDF7B9E.d.F8C6D74F5172AABDD4E5FCB50DEE44F7.e.14247"}]}
COMMAND: POST /session/371b8fcef450a364efde700f21fc0eae/execute/sync - {"script":"<script> [5351 bytes]","args":[{"element-6066-11e4-a52e-4f735466cecf":"f.FFD2F70B7356459FE22D1016ABDF7B9E.d.F8C6D74F5172AABDD4E5FCB50DEE44F7.e.14247","ELEMENT":"f.FFD2F70B7356459FE22D1016ABDF7B9E.d.F8C6D74F5172AABDD4E5FCB50DEE44F7.e.14247"}]}
COMMAND: GET /session/371b8fcef450a364efde700f21fc0eae/screenshot - {}
RESULT: {}
RESULT: {"script":"<script> [5351 bytes]","args":[{"element-6066-11e4-a52e-4f735466cecf":"f.FFD2F70B7356459FE22D1016ABDF7B9E.d.F8C6D74F5172AABDD4E5FCB50DEE44F7.e.14247","ELEMENT":"f.FFD2F70B7356459FE22D1016ABDF7B9E.d.F8C6D74F5172AABDD4E5FCB50DEE44F7.e.14247"}]}
COMMAND: POST /session/371b8fcef450a364efde700f21fc0eae/element/f.FFD2F70B7356459FE22D1016ABDF7B9E.d.F8C6D74F5172AABDD4E5FCB50DEE44F7.e.14247/click - {}
COMMAND: GET /session/371b8fcef450a364efde700f21fc0eae/screenshot - {}
RESULT: {}
RESULT: {}
COMMAND: GET /session/371b8fcef450a364efde700f21fc0eae/screenshot - {}
RESULT: {}
RESULT: {}
COMMAND: POST /session/371b8fcef450a364efde700f21fc0eae/execute/async - {"script":"<script> [1562 bytes]","args":[{"selector":{"controlType":"sap.m.Title","viewName":"etm.portal.ui.managepricingrules.view.NewItem","viewId":"application-managepricingrules-display-component---newInfoPriceItem","properties":{"text":"New Pricing Rules - Item Level"}},"wdio_ui5_key":"etmportal.ui.managepricingrules.view.NewItemsap.m.Title{\"text\":\"New Pricing Rules - Item Level\"}"}]}
RESULT: {"script":"<script> [1562 bytes]","args":[{"selector":{"controlType":"sap.m.Title","viewName":"etm.portal.ui.managepricingrules.view.NewItem","viewId":"application-managepricingrules-display-component---newInfoPriceItem","properties":{"text":"New Pricing Rules - Item Level"}},"wdio_ui5_key":"etmportal.ui.managepricingrules.view.NewItemsap.m.Title{\"text\":\"New Pricing Rules - Item Level\"}"}]}
RESULT: undefined
COMMAND: POST /session/371b8fcef450a364efde700f21fc0eae/execute/async - {"script":"<script> [6424 bytes]","args":[{"element-6066-11e4-a52e-4f735466cecf":"f.FFD2F70B7356459FE22D1016ABDF7B9E.d.F8C6D74F5172AABDD4E5FCB50DEE44F7.e.14416"},"getText",[]]}
RESULT: {"script":"<script> [6424 bytes]","args":[{"element-6066-11e4-a52e-4f735466cecf":"f.FFD2F70B7356459FE22D1016ABDF7B9E.d.F8C6D74F5172AABDD4E5FCB50DEE44F7.e.14416"},"getText",[]]}
COMMAND: POST /session/371b8fcef450a364efde700f21fc0eae/execute/async - {"script":"<script> [1562 bytes]","args":[{"selector":{"id":"application-managepricingrules-display-component---newInfoPriceItem--condValidTo","interaction":{"idSuffix":"inner"}},"wdio_ui5_key":"applicationmanagepricingrules-display-component---newInfoPriceItem--condValidTo"}]}
RESULT: {"script":"<script> [1562 bytes]","args":[{"selector":{"id":"application-managepricingrules-display-component---newInfoPriceItem--condValidTo","interaction":{"idSuffix":"inner"}},"wdio_ui5_key":"applicationmanagepricingrules-display-component---newInfoPriceItem--condValidTo"}]}
RESULT: undefined
COMMAND: POST /session/371b8fcef450a364efde700f21fc0eae/execute/async - {"script":"<script> [776 bytes]","args":[{"enterText":"01/02/26","selector":{"id":"application-managepricingrules-display-component---newInfoPriceItem--condValidTo","interaction":{"idSuffix":"inner"}},"clearTextFirst":true,"interactionType":"ENTER_TEXT"}]}
RESULT: {"script":"<script> [776 bytes]","args":[{"enterText":"01/02/26","selector":{"id":"application-managepricingrules-display-component---newInfoPriceItem--condValidTo","interaction":{"idSuffix":"inner"}},"clearTextFirst":true,"interactionType":"ENTER_TEXT"}]}
COMMAND: POST /session/371b8fcef450a364efde700f21fc0eae/execute/async - {"script":"<script> [1562 bytes]","args":[{"selector":{"id":"application-managepricingrules-display-component---newInfoPriceItem--billType-arrow"},"wdio_ui5_key":"applicationmanagepricingrules-display-component---newInfoPriceItem--billType-arrow"}]}
RESULT: {"script":"<script> [1562 bytes]","args":[{"selector":{"id":"application-managepricingrules-display-component---newInfoPriceItem--billType-arrow"},"wdio_ui5_key":"applicationmanagepricingrules-display-component---newInfoPriceItem--billType-arrow"}]}
RESULT: undefined
COMMAND: POST /session/371b8fcef450a364efde700f21fc0eae/element - {"using":"xpath","value":"//*[@id=\"application-managepricingrules-display-component---newInfoPriceItem--billType-arrow\"]"}
RESULT: {"using":"xpath","value":"//*[@id=\"application-managepricingrules-display-component---newInfoPriceItem--billType-arrow\"]"}
COMMAND: POST /session/371b8fcef450a364efde700f21fc0eae/element/f.FFD2F70B7356459FE22D1016ABDF7B9E.d.F8C6D74F5172AABDD4E5FCB50DEE44F7.e.14376/click - {}
RESULT: {}
COMMAND: POST /session/371b8fcef450a364efde700f21fc0eae/element - {"using":"xpath","value":"//span[contains(text(), \"TB - Time based\")]"}
COMMAND: GET /session/371b8fcef450a364efde700f21fc0eae/screenshot - {}
RESULT: {"using":"xpath","value":"//span[contains(text(), \"TB - Time based\")]"}
COMMAND: POST /session/371b8fcef450a364efde700f21fc0eae/element/f.FFD2F70B7356459FE22D1016ABDF7B9E.d.F8C6D74F5172AABDD4E5FCB50DEE44F7.e.14418/click - {}
RESULT: {}
RESULT: {}
COMMAND: POST /session/371b8fcef450a364efde700f21fc0eae/execute/async - {"script":"<script> [1562 bytes]","args":[{"selector":{"id":"application-managepricingrules-display-component---newInfoPriceItem--priceProc-arrow"},"wdio_ui5_key":"applicationmanagepricingrules-display-component---newInfoPriceItem--priceProc-arrow"}]}
COMMAND: GET /session/371b8fcef450a364efde700f21fc0eae/screenshot - {}
RESULT: {"script":"<script> [1562 bytes]","args":[{"selector":{"id":"application-managepricingrules-display-component---newInfoPriceItem--priceProc-arrow"},"wdio_ui5_key":"applicationmanagepricingrules-display-component---newInfoPriceItem--priceProc-arrow"}]}
RESULT: undefined
COMMAND: POST /session/371b8fcef450a364efde700f21fc0eae/element - {"using":"xpath","value":"//*[@id=\"application-managepricingrules-display-component---newInfoPriceItem--priceProc-arrow\"]"}
RESULT: {}
RESULT: {"using":"xpath","value":"//*[@id=\"application-managepricingrules-display-component---newInfoPriceItem--priceProc-arrow\"]"}
COMMAND: POST /session/371b8fcef450a364efde700f21fc0eae/element/f.FFD2F70B7356459FE22D1016ABDF7B9E.d.F8C6D74F5172AABDD4E5FCB50DEE44F7.e.14383/click - {}
RESULT: {}
COMMAND: POST /session/371b8fcef450a364efde700f21fc0eae/element - {"using":"xpath","value":"//span[contains(text(), \"TBS - Time based standard\")]"}
COMMAND: GET /session/371b8fcef450a364efde700f21fc0eae/screenshot - {}
RESULT: {"using":"xpath","value":"//span[contains(text(), \"TBS - Time based standard\")]"}
COMMAND: POST /session/371b8fcef450a364efde700f21fc0eae/element/f.FFD2F70B7356459FE22D1016ABDF7B9E.d.F8C6D74F5172AABDD4E5FCB50DEE44F7.e.14419/click - {}
RESULT: {}
RESULT: {}
COMMAND: POST /session/371b8fcef450a364efde700f21fc0eae/execute/async - {"script":"<script> [1562 bytes]","args":[{"selector":{"id":"application-managepricingrules-display-component---newInfoPriceItem--calcBase-arrow"},"wdio_ui5_key":"applicationmanagepricingrules-display-component---newInfoPriceItem--calcBase-arrow"}]}
COMMAND: GET /session/371b8fcef450a364efde700f21fc0eae/screenshot - {}
RESULT: {"script":"<script> [1562 bytes]","args":[{"selector":{"id":"application-managepricingrules-display-component---newInfoPriceItem--calcBase-arrow"},"wdio_ui5_key":"applicationmanagepricingrules-display-component---newInfoPriceItem--calcBase-arrow"}]}
RESULT: undefined
COMMAND: POST /session/371b8fcef450a364efde700f21fc0eae/element - {"using":"xpath","value":"//*[@id=\"application-managepricingrules-display-component---newInfoPriceItem--calcBase-arrow\"]"}
RESULT: {}
RESULT: {"using":"xpath","value":"//*[@id=\"application-managepricingrules-display-component---newInfoPriceItem--calcBase-arrow\"]"}
COMMAND: POST /session/371b8fcef450a364efde700f21fc0eae/element/f.FFD2F70B7356459FE22D1016ABDF7B9E.d.F8C6D74F5172AABDD4E5FCB50DEE44F7.e.14390/click - {}
RESULT: {}
COMMAND: GET /session/371b8fcef450a364efde700f21fc0eae/screenshot - {}
RESULT: {}
COMMAND: POST /session/371b8fcef450a364efde700f21fc0eae/element - {"using":"xpath","value":"//span[contains(text(), \"0006 - TB(calendar days)\")]"}
RESULT: {"using":"xpath","value":"//span[contains(text(), \"0006 - TB(calendar days)\")]"}
COMMAND: POST /session/371b8fcef450a364efde700f21fc0eae/element/f.FFD2F70B7356459FE22D1016ABDF7B9E.d.F8C6D74F5172AABDD4E5FCB50DEE44F7.e.14420/click - {}
RESULT: {}
COMMAND: GET /session/371b8fcef450a364efde700f21fc0eae/screenshot - {}
RESULT: {}
COMMAND: POST /session/371b8fcef450a364efde700f21fc0eae/execute/async - {"script":"<script> [1562 bytes]","args":[{"selector":{"id":"application-managepricingrules-display-component---newInfoPriceItem--daysMonth","interaction":{"idSuffix":"inner"}},"wdio_ui5_key":"applicationmanagepricingrules-display-component---newInfoPriceItem--daysMonth"}]}
RESULT: {"script":"<script> [1562 bytes]","args":[{"selector":{"id":"application-managepricingrules-display-component---newInfoPriceItem--daysMonth","interaction":{"idSuffix":"inner"}},"wdio_ui5_key":"applicationmanagepricingrules-display-component---newInfoPriceItem--daysMonth"}]}
RESULT: undefined
COMMAND: POST /session/371b8fcef450a364efde700f21fc0eae/execute/async - {"script":"<script> [776 bytes]","args":[{"enterText":"30","selector":{"id":"application-managepricingrules-display-component---newInfoPriceItem--daysMonth","interaction":{"idSuffix":"inner"}},"clearTextFirst":true,"interactionType":"ENTER_TEXT"}]}
RESULT: {"script":"<script> [776 bytes]","args":[{"enterText":"30","selector":{"id":"application-managepricingrules-display-component---newInfoPriceItem--daysMonth","interaction":{"idSuffix":"inner"}},"clearTextFirst":true,"interactionType":"ENTER_TEXT"}]}
COMMAND: POST /session/371b8fcef450a364efde700f21fc0eae/element - {"using":"xpath","value":"//button[@data-kt=\"saveNewRuleButton\"]"}
RESULT: {"using":"xpath","value":"//button[@data-kt=\"saveNewRuleButton\"]"}
COMMAND: POST /session/371b8fcef450a364efde700f21fc0eae/element/f.FFD2F70B7356459FE22D1016ABDF7B9E.d.F8C6D74F5172AABDD4E5FCB50DEE44F7.e.14410/click - {}
RESULT: {}
COMMAND: GET /session/371b8fcef450a364efde700f21fc0eae/screenshot - {}
RESULT: {}
COMMAND: POST /session/371b8fcef450a364efde700f21fc0eae/execute/async - {"script":"<script> [1562 bytes]","args":[{"selector":{"id":"application-managepricingrules-display-component---priceInfoItem--smartFilterBar-btnBasicSearch","interaction":{"idSuffix":"I"}},"wdio_ui5_key":"applicationmanagepricingrules-display-component---priceInfoItem--smartFilterBar-btnBasicSearch"}]}
RESULT: {"script":"<script> [1562 bytes]","args":[{"selector":{"id":"application-managepricingrules-display-component---priceInfoItem--smartFilterBar-btnBasicSearch","interaction":{"idSuffix":"I"}},"wdio_ui5_key":"applicationmanagepricingrules-display-component---priceInfoItem--smartFilterBar-btnBasicSearch"}]}
RESULT: undefined
COMMAND: POST /session/371b8fcef450a364efde700f21fc0eae/execute/async - {"script":"<script> [776 bytes]","args":[{"enterText":"XNAJJ11piv","selector":{"id":"application-managepricingrules-display-component---priceInfoItem--smartFilterBar-btnBasicSearch","interaction":{"idSuffix":"I"}},"clearTextFirst":true,"interactionType":"ENTER_TEXT"}]}
RESULT: {"script":"<script> [776 bytes]","args":[{"enterText":"XNAJJ11piv","selector":{"id":"application-managepricingrules-display-component---priceInfoItem--smartFilterBar-btnBasicSearch","interaction":{"idSuffix":"I"}},"clearTextFirst":true,"interactionType":"ENTER_TEXT"}]}
COMMAND: POST /session/371b8fcef450a364efde700f21fc0eae/actions - {"actions":[{"id":"action47","type":"key","parameters":{},"actions":[{"type":"keyDown","value":"î€‡"},{"type":"pause","duration":10},{"type":"keyUp","value":"î€‡"}]}]}
RESULT: {"actions":[{"id":"action47","type":"key","parameters":{},"actions":[{"type":"keyDown","value":"î€‡"},{"type":"pause","duration":10},{"type":"keyUp","value":"î€‡"}]}]}
COMMAND: GET /session/371b8fcef450a364efde700f21fc0eae/screenshot - {}
RESULT: {}
COMMAND: POST /session/371b8fcef450a364efde700f21fc0eae/element - {"using":"xpath","value":"//span[@id=\"application-managepricingrules-display-component---priceInfoItem--smartTable-header-inner\"]"}
RESULT: {"using":"xpath","value":"//span[@id=\"application-managepricingrules-display-component---priceInfoItem--smartTable-header-inner\"]"}
COMMAND: POST /session/371b8fcef450a364efde700f21fc0eae/elements - {"using":"xpath","value":"//span[@id=\"application-managepricingrules-display-component---priceInfoItem--smartTable-header-inner\"]"}
RESULT: {"using":"xpath","value":"//span[@id=\"application-managepricingrules-display-component---priceInfoItem--smartTable-header-inner\"]"}
COMMAND: POST /session/371b8fcef450a364efde700f21fc0eae/execute/sync - {"script":"<script> [56 bytes]","args":[{"element-6066-11e4-a52e-4f735466cecf":"f.FFD2F70B7356459FE22D1016ABDF7B9E.d.F8C6D74F5172AABDD4E5FCB50DEE44F7.e.14445","ELEMENT":"f.FFD2F70B7356459FE22D1016ABDF7B9E.d.F8C6D74F5172AABDD4E5FCB50DEE44F7.e.14445"}]}
RESULT: {"script":"<script> [56 bytes]","args":[{"element-6066-11e4-a52e-4f735466cecf":"f.FFD2F70B7356459FE22D1016ABDF7B9E.d.F8C6D74F5172AABDD4E5FCB50DEE44F7.e.14445","ELEMENT":"f.FFD2F70B7356459FE22D1016ABDF7B9E.d.F8C6D74F5172AABDD4E5FCB50DEE44F7.e.14445"}]}
COMMAND: POST /session/371b8fcef450a364efde700f21fc0eae/element - {"using":"css selector","value":"#shell-header-logo"}
COMMAND: GET /session/371b8fcef450a364efde700f21fc0eae/screenshot - {}
RESULT: {"using":"css selector","value":"#shell-header-logo"}
COMMAND: POST /session/371b8fcef450a364efde700f21fc0eae/element/f.FFD2F70B7356459FE22D1016ABDF7B9E.d.F8C6D74F5172AABDD4E5FCB50DEE44F7.e.13571/click - {}
RESULT: {}
RESULT: {}
COMMAND: GET /session/371b8fcef450a364efde700f21fc0eae/screenshot - {}
RESULT: {}
]]></system-out>
    </testcase>
    <testcase classname="chrome.135_0_7049_96.windows.Billing_transfer_US117289" name="Should create new condition for equipment" time="62.133">
      <system-out><![CDATA[
COMMAND: POST /session/371b8fcef450a364efde700f21fc0eae/execute/async - {"script":"<script> [1562 bytes]","args":[{"selector":{"controlType":"sap.m.Text","properties":{"text":"Manage Conditions & Prices"},"interaction":{"idSuffix":"inner"}},"wdio_ui5_key":"sapm.Text{\"text\":\"Manage Conditions & Prices\"}"}]}
RESULT: {"script":"<script> [1562 bytes]","args":[{"selector":{"controlType":"sap.m.Text","properties":{"text":"Manage Conditions & Prices"},"interaction":{"idSuffix":"inner"}},"wdio_ui5_key":"sapm.Text{\"text\":\"Manage Conditions & Prices\"}"}]}
RESULT: undefined
COMMAND: POST /session/371b8fcef450a364efde700f21fc0eae/element - {"using":"xpath","value":"//*[@id=\"__tile53-title\"]"}
RESULT: {"using":"xpath","value":"//*[@id=\"__tile53-title\"]"}
COMMAND: POST /session/371b8fcef450a364efde700f21fc0eae/element/f.FFD2F70B7356459FE22D1016ABDF7B9E.d.F8C6D74F5172AABDD4E5FCB50DEE44F7.e.14448/click - {}
RESULT: {}
COMMAND: POST /session/371b8fcef450a364efde700f21fc0eae/element - {"using":"xpath","value":"//button[@aria-label=\"Create\"]"}
COMMAND: GET /session/371b8fcef450a364efde700f21fc0eae/screenshot - {}
RESULT: {"using":"xpath","value":"//button[@aria-label=\"Create\"]"}
COMMAND: POST /session/371b8fcef450a364efde700f21fc0eae/elements - {"using":"xpath","value":"//button[@aria-label=\"Create\"]"}
RESULT: {}
RESULT: {"using":"xpath","value":"//button[@aria-label=\"Create\"]"}
COMMAND: POST /session/371b8fcef450a364efde700f21fc0eae/elements - {"using":"xpath","value":"//button[@aria-label=\"Create\"]"}
RESULT: {"using":"xpath","value":"//button[@aria-label=\"Create\"]"}
COMMAND: POST /session/371b8fcef450a364efde700f21fc0eae/element - {"using":"xpath","value":"//button[@aria-label=\"Create\"]"}
RESULT: {"using":"xpath","value":"//button[@aria-label=\"Create\"]"}
COMMAND: POST /session/371b8fcef450a364efde700f21fc0eae/execute/sync - {"script":"<script> [8489 bytes]","args":[{"element-6066-11e4-a52e-4f735466cecf":"f.FFD2F70B7356459FE22D1016ABDF7B9E.d.F8C6D74F5172AABDD4E5FCB50DEE44F7.e.14482","ELEMENT":"f.FFD2F70B7356459FE22D1016ABDF7B9E.d.F8C6D74F5172AABDD4E5FCB50DEE44F7.e.14482"}]}
RESULT: {"script":"<script> [8489 bytes]","args":[{"element-6066-11e4-a52e-4f735466cecf":"f.FFD2F70B7356459FE22D1016ABDF7B9E.d.F8C6D74F5172AABDD4E5FCB50DEE44F7.e.14482","ELEMENT":"f.FFD2F70B7356459FE22D1016ABDF7B9E.d.F8C6D74F5172AABDD4E5FCB50DEE44F7.e.14482"}]}
COMMAND: GET /session/371b8fcef450a364efde700f21fc0eae/element/f.FFD2F70B7356459FE22D1016ABDF7B9E.d.F8C6D74F5172AABDD4E5FCB50DEE44F7.e.14482/enabled - {}
COMMAND: GET /session/371b8fcef450a364efde700f21fc0eae/screenshot - {}
RESULT: {}
COMMAND: POST /session/371b8fcef450a364efde700f21fc0eae/execute/sync - {"script":"<script> [8489 bytes]","args":[{"element-6066-11e4-a52e-4f735466cecf":"f.FFD2F70B7356459FE22D1016ABDF7B9E.d.F8C6D74F5172AABDD4E5FCB50DEE44F7.e.14482","ELEMENT":"f.FFD2F70B7356459FE22D1016ABDF7B9E.d.F8C6D74F5172AABDD4E5FCB50DEE44F7.e.14482"}]}
COMMAND: GET /session/371b8fcef450a364efde700f21fc0eae/screenshot - {}
RESULT: {}
RESULT: {"script":"<script> [8489 bytes]","args":[{"element-6066-11e4-a52e-4f735466cecf":"f.FFD2F70B7356459FE22D1016ABDF7B9E.d.F8C6D74F5172AABDD4E5FCB50DEE44F7.e.14482","ELEMENT":"f.FFD2F70B7356459FE22D1016ABDF7B9E.d.F8C6D74F5172AABDD4E5FCB50DEE44F7.e.14482"}]}
COMMAND: POST /session/371b8fcef450a364efde700f21fc0eae/execute/sync - {"script":"<script> [5351 bytes]","args":[{"element-6066-11e4-a52e-4f735466cecf":"f.FFD2F70B7356459FE22D1016ABDF7B9E.d.F8C6D74F5172AABDD4E5FCB50DEE44F7.e.14482","ELEMENT":"f.FFD2F70B7356459FE22D1016ABDF7B9E.d.F8C6D74F5172AABDD4E5FCB50DEE44F7.e.14482"}]}
COMMAND: GET /session/371b8fcef450a364efde700f21fc0eae/screenshot - {}
RESULT: {}
RESULT: {"script":"<script> [5351 bytes]","args":[{"element-6066-11e4-a52e-4f735466cecf":"f.FFD2F70B7356459FE22D1016ABDF7B9E.d.F8C6D74F5172AABDD4E5FCB50DEE44F7.e.14482","ELEMENT":"f.FFD2F70B7356459FE22D1016ABDF7B9E.d.F8C6D74F5172AABDD4E5FCB50DEE44F7.e.14482"}]}
COMMAND: POST /session/371b8fcef450a364efde700f21fc0eae/element/f.FFD2F70B7356459FE22D1016ABDF7B9E.d.F8C6D74F5172AABDD4E5FCB50DEE44F7.e.14482/click - {}
COMMAND: GET /session/371b8fcef450a364efde700f21fc0eae/screenshot - {}
RESULT: {}
RESULT: {}
COMMAND: GET /session/371b8fcef450a364efde700f21fc0eae/screenshot - {}
RESULT: {}
RESULT: {}
COMMAND: POST /session/371b8fcef450a364efde700f21fc0eae/actions - {"actions":[{"id":"action48","type":"key","parameters":{},"actions":[{"type":"keyDown","value":"î€‡"},{"type":"pause","duration":10},{"type":"keyUp","value":"î€‡"}]}]}
RESULT: {"actions":[{"id":"action48","type":"key","parameters":{},"actions":[{"type":"keyDown","value":"î€‡"},{"type":"pause","duration":10},{"type":"keyUp","value":"î€‡"}]}]}
COMMAND: GET /session/371b8fcef450a364efde700f21fc0eae/screenshot - {}
RESULT: {}
COMMAND: POST /session/371b8fcef450a364efde700f21fc0eae/execute/async - {"script":"<script> [1562 bytes]","args":[{"selector":{"id":"application-manageconditionprice-display-component---newCondition--condBillCond-arrow"},"wdio_ui5_key":"applicationmanageconditionprice-display-component---newCondition--condBillCond-arrow"}]}
RESULT: {"script":"<script> [1562 bytes]","args":[{"selector":{"id":"application-manageconditionprice-display-component---newCondition--condBillCond-arrow"},"wdio_ui5_key":"applicationmanageconditionprice-display-component---newCondition--condBillCond-arrow"}]}
RESULT: undefined
COMMAND: POST /session/371b8fcef450a364efde700f21fc0eae/element - {"using":"xpath","value":"//*[@id=\"application-manageconditionprice-display-component---newCondition--condBillCond-arrow\"]"}
RESULT: {"using":"xpath","value":"//*[@id=\"application-manageconditionprice-display-component---newCondition--condBillCond-arrow\"]"}
COMMAND: POST /session/371b8fcef450a364efde700f21fc0eae/element/f.FFD2F70B7356459FE22D1016ABDF7B9E.d.F8C6D74F5172AABDD4E5FCB50DEE44F7.e.14661/click - {}
RESULT: {}
COMMAND: GET /session/371b8fcef450a364efde700f21fc0eae/screenshot - {}
RESULT: {}
COMMAND: POST /session/371b8fcef450a364efde700f21fc0eae/element - {"using":"xpath","value":"//li[.//span[contains(text(), \"DISP - D&I special price\")]]"}
RESULT: {"using":"xpath","value":"//li[.//span[contains(text(), \"DISP - D&I special price\")]]"}
COMMAND: POST /session/371b8fcef450a364efde700f21fc0eae/element/f.FFD2F70B7356459FE22D1016ABDF7B9E.d.F8C6D74F5172AABDD4E5FCB50DEE44F7.e.14664/click - {}
RESULT: {}
COMMAND: GET /session/371b8fcef450a364efde700f21fc0eae/screenshot - {}
RESULT: {}
COMMAND: POST /session/371b8fcef450a364efde700f21fc0eae/execute/async - {"script":"<script> [1562 bytes]","args":[{"selector":{"id":"application-manageconditionprice-display-component---newCondition--condValidTo","interaction":{"idSuffix":"inner"}},"wdio_ui5_key":"applicationmanageconditionprice-display-component---newCondition--condValidTo"}]}
RESULT: {"script":"<script> [1562 bytes]","args":[{"selector":{"id":"application-manageconditionprice-display-component---newCondition--condValidTo","interaction":{"idSuffix":"inner"}},"wdio_ui5_key":"applicationmanageconditionprice-display-component---newCondition--condValidTo"}]}
RESULT: undefined
COMMAND: POST /session/371b8fcef450a364efde700f21fc0eae/execute/async - {"script":"<script> [776 bytes]","args":[{"enterText":"01/02/26","selector":{"id":"application-manageconditionprice-display-component---newCondition--condValidTo","interaction":{"idSuffix":"inner"}},"clearTextFirst":true,"interactionType":"ENTER_TEXT"}]}
RESULT: {"script":"<script> [776 bytes]","args":[{"enterText":"01/02/26","selector":{"id":"application-manageconditionprice-display-component---newCondition--condValidTo","interaction":{"idSuffix":"inner"}},"clearTextFirst":true,"interactionType":"ENTER_TEXT"}]}
COMMAND: POST /session/371b8fcef450a364efde700f21fc0eae/element - {"using":"xpath","value":"//input[@id=\"application-manageconditionprice-display-component---newCondition--condRU-inner\"]"}
RESULT: {"using":"xpath","value":"//input[@id=\"application-manageconditionprice-display-component---newCondition--condRU-inner\"]"}
COMMAND: POST /session/371b8fcef450a364efde700f21fc0eae/element/f.FFD2F70B7356459FE22D1016ABDF7B9E.d.F8C6D74F5172AABDD4E5FCB50DEE44F7.e.14498/clear - {}
RESULT: {}
COMMAND: POST /session/371b8fcef450a364efde700f21fc0eae/element/f.FFD2F70B7356459FE22D1016ABDF7B9E.d.F8C6D74F5172AABDD4E5FCB50DEE44F7.e.14498/value - {"text":"XNAJJ11piv"}
COMMAND: GET /session/371b8fcef450a364efde700f21fc0eae/screenshot - {}
RESULT: {"text":"XNAJJ11piv"}
COMMAND: GET /session/371b8fcef450a364efde700f21fc0eae/screenshot - {}
RESULT: {}
RESULT: {}
COMMAND: POST /session/371b8fcef450a364efde700f21fc0eae/actions - {"actions":[{"id":"action49","type":"key","parameters":{},"actions":[{"type":"keyDown","value":"î€‡"},{"type":"pause","duration":10},{"type":"keyUp","value":"î€‡"}]}]}
RESULT: {"actions":[{"id":"action49","type":"key","parameters":{},"actions":[{"type":"keyDown","value":"î€‡"},{"type":"pause","duration":10},{"type":"keyUp","value":"î€‡"}]}]}
COMMAND: POST /session/371b8fcef450a364efde700f21fc0eae/execute/async - {"script":"<script> [1562 bytes]","args":[{"selector":{"id":"application-manageconditionprice-display-component---newCondition--condBaseQty","interaction":{"idSuffix":"inner"}},"wdio_ui5_key":"applicationmanageconditionprice-display-component---newCondition--condBaseQty"}]}
COMMAND: GET /session/371b8fcef450a364efde700f21fc0eae/screenshot - {}
RESULT: {"script":"<script> [1562 bytes]","args":[{"selector":{"id":"application-manageconditionprice-display-component---newCondition--condBaseQty","interaction":{"idSuffix":"inner"}},"wdio_ui5_key":"applicationmanageconditionprice-display-component---newCondition--condBaseQty"}]}
RESULT: undefined
COMMAND: POST /session/371b8fcef450a364efde700f21fc0eae/execute/async - {"script":"<script> [776 bytes]","args":[{"enterText":"1","selector":{"id":"application-manageconditionprice-display-component---newCondition--condBaseQty","interaction":{"idSuffix":"inner"}},"clearTextFirst":true,"interactionType":"ENTER_TEXT"}]}
RESULT: {}
RESULT: {"script":"<script> [776 bytes]","args":[{"enterText":"1","selector":{"id":"application-manageconditionprice-display-component---newCondition--condBaseQty","interaction":{"idSuffix":"inner"}},"clearTextFirst":true,"interactionType":"ENTER_TEXT"}]}
COMMAND: POST /session/371b8fcef450a364efde700f21fc0eae/execute/async - {"script":"<script> [1562 bytes]","args":[{"selector":{"id":"application-manageconditionprice-display-component---newCondition--condValue","interaction":{"idSuffix":"inner"}},"wdio_ui5_key":"applicationmanageconditionprice-display-component---newCondition--condValue"}]}
RESULT: {"script":"<script> [1562 bytes]","args":[{"selector":{"id":"application-manageconditionprice-display-component---newCondition--condValue","interaction":{"idSuffix":"inner"}},"wdio_ui5_key":"applicationmanageconditionprice-display-component---newCondition--condValue"}]}
RESULT: undefined
COMMAND: POST /session/371b8fcef450a364efde700f21fc0eae/execute/async - {"script":"<script> [776 bytes]","args":[{"enterText":"100","selector":{"id":"application-manageconditionprice-display-component---newCondition--condValue","interaction":{"idSuffix":"inner"}},"clearTextFirst":true,"interactionType":"ENTER_TEXT"}]}
RESULT: {"script":"<script> [776 bytes]","args":[{"enterText":"100","selector":{"id":"application-manageconditionprice-display-component---newCondition--condValue","interaction":{"idSuffix":"inner"}},"clearTextFirst":true,"interactionType":"ENTER_TEXT"}]}
COMMAND: POST /session/371b8fcef450a364efde700f21fc0eae/execute/async - {"script":"<script> [1562 bytes]","args":[{"selector":{"id":"application-manageconditionprice-display-component---newCondition--condCurr-arrow"},"wdio_ui5_key":"applicationmanageconditionprice-display-component---newCondition--condCurr-arrow"}]}
RESULT: {"script":"<script> [1562 bytes]","args":[{"selector":{"id":"application-manageconditionprice-display-component---newCondition--condCurr-arrow"},"wdio_ui5_key":"applicationmanageconditionprice-display-component---newCondition--condCurr-arrow"}]}
RESULT: undefined
COMMAND: POST /session/371b8fcef450a364efde700f21fc0eae/element - {"using":"xpath","value":"//*[@id=\"application-manageconditionprice-display-component---newCondition--condCurr-arrow\"]"}
RESULT: {"using":"xpath","value":"//*[@id=\"application-manageconditionprice-display-component---newCondition--condCurr-arrow\"]"}
COMMAND: POST /session/371b8fcef450a364efde700f21fc0eae/element/f.FFD2F70B7356459FE22D1016ABDF7B9E.d.F8C6D74F5172AABDD4E5FCB50DEE44F7.e.14643/click - {}
RESULT: {}
COMMAND: POST /session/371b8fcef450a364efde700f21fc0eae/element - {"using":"xpath","value":"//span[contains(text(), \"Euro\")]"}
COMMAND: GET /session/371b8fcef450a364efde700f21fc0eae/screenshot - {}
RESULT: {"using":"xpath","value":"//span[contains(text(), \"Euro\")]"}
COMMAND: POST /session/371b8fcef450a364efde700f21fc0eae/element/f.FFD2F70B7356459FE22D1016ABDF7B9E.d.F8C6D74F5172AABDD4E5FCB50DEE44F7.e.14699/click - {}
RESULT: {}
RESULT: {}
COMMAND: POST /session/371b8fcef450a364efde700f21fc0eae/element - {"using":"xpath","value":"//button[@data-kt=\"saveButton\"]"}
COMMAND: GET /session/371b8fcef450a364efde700f21fc0eae/screenshot - {}
RESULT: {}
RESULT: {"using":"xpath","value":"//button[@data-kt=\"saveButton\"]"}
COMMAND: POST /session/371b8fcef450a364efde700f21fc0eae/element/f.FFD2F70B7356459FE22D1016ABDF7B9E.d.F8C6D74F5172AABDD4E5FCB50DEE44F7.e.14644/click - {}
RESULT: {}
COMMAND: GET /session/371b8fcef450a364efde700f21fc0eae/screenshot - {}
RESULT: {}
COMMAND: POST /session/371b8fcef450a364efde700f21fc0eae/execute/async - {"script":"<script> [1562 bytes]","args":[{"selector":{"id":"application-manageconditionprice-display-component---conditions--smartFilterBar-btnBasicSearch","interaction":{"idSuffix":"I"}},"wdio_ui5_key":"applicationmanageconditionprice-display-component---conditions--smartFilterBar-btnBasicSearch"}]}
RESULT: {"script":"<script> [1562 bytes]","args":[{"selector":{"id":"application-manageconditionprice-display-component---conditions--smartFilterBar-btnBasicSearch","interaction":{"idSuffix":"I"}},"wdio_ui5_key":"applicationmanageconditionprice-display-component---conditions--smartFilterBar-btnBasicSearch"}]}
RESULT: undefined
COMMAND: POST /session/371b8fcef450a364efde700f21fc0eae/execute/async - {"script":"<script> [776 bytes]","args":[{"enterText":"XNAJJ11piv","selector":{"id":"application-manageconditionprice-display-component---conditions--smartFilterBar-btnBasicSearch","interaction":{"idSuffix":"I"}},"clearTextFirst":true,"interactionType":"ENTER_TEXT"}]}
RESULT: {"script":"<script> [776 bytes]","args":[{"enterText":"XNAJJ11piv","selector":{"id":"application-manageconditionprice-display-component---conditions--smartFilterBar-btnBasicSearch","interaction":{"idSuffix":"I"}},"clearTextFirst":true,"interactionType":"ENTER_TEXT"}]}
COMMAND: POST /session/371b8fcef450a364efde700f21fc0eae/actions - {"actions":[{"id":"action50","type":"key","parameters":{},"actions":[{"type":"keyDown","value":"î€‡"},{"type":"pause","duration":10},{"type":"keyUp","value":"î€‡"}]}]}
RESULT: {"actions":[{"id":"action50","type":"key","parameters":{},"actions":[{"type":"keyDown","value":"î€‡"},{"type":"pause","duration":10},{"type":"keyUp","value":"î€‡"}]}]}
COMMAND: GET /session/371b8fcef450a364efde700f21fc0eae/screenshot - {}
RESULT: {}
COMMAND: POST /session/371b8fcef450a364efde700f21fc0eae/execute/async - {"script":"<script> [1562 bytes]","args":[{"selector":{"id":"application-manageconditionprice-display-component---conditions--smartFilterBar-filterItemControl_BASIC-BILL_TYPES-vhi"},"wdio_ui5_key":"applicationmanageconditionprice-display-component---conditions--smartFilterBar-filterItemControl_BASIC-BILL_TYPES-vhi"}]}
RESULT: {"script":"<script> [1562 bytes]","args":[{"selector":{"id":"application-manageconditionprice-display-component---conditions--smartFilterBar-filterItemControl_BASIC-BILL_TYPES-vhi"},"wdio_ui5_key":"applicationmanageconditionprice-display-component---conditions--smartFilterBar-filterItemControl_BASIC-BILL_TYPES-vhi"}]}
RESULT: undefined
COMMAND: POST /session/371b8fcef450a364efde700f21fc0eae/element - {"using":"xpath","value":"//*[@id=\"application-manageconditionprice-display-component---conditions--smartFilterBar-filterItemControl_BASIC-BILL_TYPES-vhi\"]"}
RESULT: {"using":"xpath","value":"//*[@id=\"application-manageconditionprice-display-component---conditions--smartFilterBar-filterItemControl_BASIC-BILL_TYPES-vhi\"]"}
COMMAND: POST /session/371b8fcef450a364efde700f21fc0eae/element/f.FFD2F70B7356459FE22D1016ABDF7B9E.d.F8C6D74F5172AABDD4E5FCB50DEE44F7.e.14716/click - {}
RESULT: {}
COMMAND: POST /session/371b8fcef450a364efde700f21fc0eae/execute/async - {"script":"<script> [1562 bytes]","args":[{"selector":{"id":"application-manageconditionprice-display-component---conditions--smartFilterBar-filterItemControl_BASIC-BILL_TYPES-valueHelpDialog-smartFilterBar-btnBasicSearch","searchOpenDialogs":true,"interaction":{"idSuffix":"I"}},"wdio_ui5_key":"applicationmanageconditionprice-display-component---conditions--smartFilterBar-filterItemControl_BASIC-BILL_TYPES-valueHelpDialog-smartFilterBar-btnBasicSearch"}]}
COMMAND: GET /session/371b8fcef450a364efde700f21fc0eae/screenshot - {}
RESULT: {"script":"<script> [1562 bytes]","args":[{"selector":{"id":"application-manageconditionprice-display-component---conditions--smartFilterBar-filterItemControl_BASIC-BILL_TYPES-valueHelpDialog-smartFilterBar-btnBasicSearch","searchOpenDialogs":true,"interaction":{"idSuffix":"I"}},"wdio_ui5_key":"applicationmanageconditionprice-display-component---conditions--smartFilterBar-filterItemControl_BASIC-BILL_TYPES-valueHelpDialog-smartFilterBar-btnBasicSearch"}]}
RESULT: undefined
COMMAND: POST /session/371b8fcef450a364efde700f21fc0eae/execute/async - {"script":"<script> [776 bytes]","args":[{"enterText":"TB","selector":{"id":"application-manageconditionprice-display-component---conditions--smartFilterBar-filterItemControl_BASIC-BILL_TYPES-valueHelpDialog-smartFilterBar-btnBasicSearch","searchOpenDialogs":true,"interaction":{"idSuffix":"I"}},"clearTextFirst":true,"interactionType":"ENTER_TEXT"}]}
RESULT: {}
RESULT: {"script":"<script> [776 bytes]","args":[{"enterText":"TB","selector":{"id":"application-manageconditionprice-display-component---conditions--smartFilterBar-filterItemControl_BASIC-BILL_TYPES-valueHelpDialog-smartFilterBar-btnBasicSearch","searchOpenDialogs":true,"interaction":{"idSuffix":"I"}},"clearTextFirst":true,"interactionType":"ENTER_TEXT"}]}
COMMAND: POST /session/371b8fcef450a364efde700f21fc0eae/actions - {"actions":[{"id":"action51","type":"key","parameters":{},"actions":[{"type":"keyDown","value":"î€‡"},{"type":"pause","duration":10},{"type":"keyUp","value":"î€‡"}]}]}
RESULT: {"actions":[{"id":"action51","type":"key","parameters":{},"actions":[{"type":"keyDown","value":"î€‡"},{"type":"pause","duration":10},{"type":"keyUp","value":"î€‡"}]}]}
COMMAND: GET /session/371b8fcef450a364efde700f21fc0eae/screenshot - {}
RESULT: {}
COMMAND: POST /session/371b8fcef450a364efde700f21fc0eae/element - {"using":"xpath","value":"//div[contains(@id, 'application-manageconditionprice-display-component---conditions--smartFilterBar-filterItemControl_BASIC-BILL_TYPES-valueHelpDialog-table-rowsel0')]"}
RESULT: {"using":"xpath","value":"//div[contains(@id, 'application-manageconditionprice-display-component---conditions--smartFilterBar-filterItemControl_BASIC-BILL_TYPES-valueHelpDialog-table-rowsel0')]"}
COMMAND: POST /session/371b8fcef450a364efde700f21fc0eae/element/f.FFD2F70B7356459FE22D1016ABDF7B9E.d.F8C6D74F5172AABDD4E5FCB50DEE44F7.e.14726/click - {}
RESULT: {}
COMMAND: GET /session/371b8fcef450a364efde700f21fc0eae/screenshot - {}
RESULT: {}
COMMAND: POST /session/371b8fcef450a364efde700f21fc0eae/element - {"using":"xpath","value":"//bdi[contains(text(), \"OK\")]"}
RESULT: {"using":"xpath","value":"//bdi[contains(text(), \"OK\")]"}
COMMAND: POST /session/371b8fcef450a364efde700f21fc0eae/element/f.FFD2F70B7356459FE22D1016ABDF7B9E.d.F8C6D74F5172AABDD4E5FCB50DEE44F7.e.14728/click - {}
RESULT: {}
COMMAND: GET /session/371b8fcef450a364efde700f21fc0eae/screenshot - {}
RESULT: {}
COMMAND: POST /session/371b8fcef450a364efde700f21fc0eae/element - {"using":"xpath","value":"//span[@id=\"application-manageconditionprice-display-component---conditions--smartTable-header-inner\"]"}
RESULT: {"using":"xpath","value":"//span[@id=\"application-manageconditionprice-display-component---conditions--smartTable-header-inner\"]"}
COMMAND: POST /session/371b8fcef450a364efde700f21fc0eae/elements - {"using":"xpath","value":"//span[@id=\"application-manageconditionprice-display-component---conditions--smartTable-header-inner\"]"}
RESULT: {"using":"xpath","value":"//span[@id=\"application-manageconditionprice-display-component---conditions--smartTable-header-inner\"]"}
COMMAND: POST /session/371b8fcef450a364efde700f21fc0eae/execute/sync - {"script":"<script> [56 bytes]","args":[{"element-6066-11e4-a52e-4f735466cecf":"f.FFD2F70B7356459FE22D1016ABDF7B9E.d.F8C6D74F5172AABDD4E5FCB50DEE44F7.e.14731","ELEMENT":"f.FFD2F70B7356459FE22D1016ABDF7B9E.d.F8C6D74F5172AABDD4E5FCB50DEE44F7.e.14731"}]}
RESULT: {"script":"<script> [56 bytes]","args":[{"element-6066-11e4-a52e-4f735466cecf":"f.FFD2F70B7356459FE22D1016ABDF7B9E.d.F8C6D74F5172AABDD4E5FCB50DEE44F7.e.14731","ELEMENT":"f.FFD2F70B7356459FE22D1016ABDF7B9E.d.F8C6D74F5172AABDD4E5FCB50DEE44F7.e.14731"}]}
COMMAND: POST /session/371b8fcef450a364efde700f21fc0eae/element - {"using":"css selector","value":"#shell-header-logo"}
COMMAND: GET /session/371b8fcef450a364efde700f21fc0eae/screenshot - {}
RESULT: {"using":"css selector","value":"#shell-header-logo"}
COMMAND: POST /session/371b8fcef450a364efde700f21fc0eae/element/f.FFD2F70B7356459FE22D1016ABDF7B9E.d.F8C6D74F5172AABDD4E5FCB50DEE44F7.e.14450/click - {}
RESULT: {}
RESULT: {}
COMMAND: GET /session/371b8fcef450a364efde700f21fc0eae/screenshot - {}
RESULT: {}
]]></system-out>
    </testcase>
    <testcase classname="chrome.135_0_7049_96.windows.Billing_transfer_US117289" name="Should do a stock increase" time="77.938">
      <system-out><![CDATA[
COMMAND: POST /session/371b8fcef450a364efde700f21fc0eae/execute/async - {"script":"<script> [1562 bytes]","args":[{"selector":{"controlType":"sap.m.Text","viewName":"etm.portal.ui.managehandoverstile.view.Master","properties":{"text":"Manage Handovers"},"interaction":{"idSuffix":"inner"}},"wdio_ui5_key":"etmportal.ui.managehandoverstile.view.Mastersap.m.Text{\"text\":\"Manage Handovers\"}"}]}
RESULT: {"script":"<script> [1562 bytes]","args":[{"selector":{"controlType":"sap.m.Text","viewName":"etm.portal.ui.managehandoverstile.view.Master","properties":{"text":"Manage Handovers"},"interaction":{"idSuffix":"inner"}},"wdio_ui5_key":"etmportal.ui.managehandoverstile.view.Mastersap.m.Text{\"text\":\"Manage Handovers\"}"}]}
RESULT: undefined
COMMAND: POST /session/371b8fcef450a364efde700f21fc0eae/element - {"using":"xpath","value":"//*[@id=\"__tile133-title\"]"}
RESULT: {"using":"xpath","value":"//*[@id=\"__tile133-title\"]"}
COMMAND: POST /session/371b8fcef450a364efde700f21fc0eae/element/f.FFD2F70B7356459FE22D1016ABDF7B9E.d.F8C6D74F5172AABDD4E5FCB50DEE44F7.e.14736/click - {}
RESULT: {}
COMMAND: POST /session/371b8fcef450a364efde700f21fc0eae/element - {"using":"xpath","value":"//button[@data-kt=\"masterHOAddButton\"]"}
COMMAND: GET /session/371b8fcef450a364efde700f21fc0eae/screenshot - {}
RESULT: {"using":"xpath","value":"//button[@data-kt=\"masterHOAddButton\"]"}
COMMAND: POST /session/371b8fcef450a364efde700f21fc0eae/elements - {"using":"xpath","value":"//button[@data-kt=\"masterHOAddButton\"]"}
RESULT: {}
RESULT: {"using":"xpath","value":"//button[@data-kt=\"masterHOAddButton\"]"}
COMMAND: POST /session/371b8fcef450a364efde700f21fc0eae/elements - {"using":"xpath","value":"//button[@data-kt=\"masterHOAddButton\"]"}
RESULT: {"using":"xpath","value":"//button[@data-kt=\"masterHOAddButton\"]"}
COMMAND: POST /session/371b8fcef450a364efde700f21fc0eae/elements - {"using":"xpath","value":"//button[@data-kt=\"masterHOAddButton\"]"}
RESULT: {"using":"xpath","value":"//button[@data-kt=\"masterHOAddButton\"]"}
COMMAND: POST /session/371b8fcef450a364efde700f21fc0eae/elements - {"using":"xpath","value":"//button[@data-kt=\"masterHOAddButton\"]"}
RESULT: {"using":"xpath","value":"//button[@data-kt=\"masterHOAddButton\"]"}
COMMAND: POST /session/371b8fcef450a364efde700f21fc0eae/elements - {"using":"xpath","value":"//button[@data-kt=\"masterHOAddButton\"]"}
RESULT: {"using":"xpath","value":"//button[@data-kt=\"masterHOAddButton\"]"}
COMMAND: POST /session/371b8fcef450a364efde700f21fc0eae/elements - {"using":"xpath","value":"//button[@data-kt=\"masterHOAddButton\"]"}
RESULT: {"using":"xpath","value":"//button[@data-kt=\"masterHOAddButton\"]"}
COMMAND: POST /session/371b8fcef450a364efde700f21fc0eae/elements - {"using":"xpath","value":"//button[@data-kt=\"masterHOAddButton\"]"}
RESULT: {"using":"xpath","value":"//button[@data-kt=\"masterHOAddButton\"]"}
COMMAND: POST /session/371b8fcef450a364efde700f21fc0eae/elements - {"using":"xpath","value":"//button[@data-kt=\"masterHOAddButton\"]"}
RESULT: {"using":"xpath","value":"//button[@data-kt=\"masterHOAddButton\"]"}
COMMAND: POST /session/371b8fcef450a364efde700f21fc0eae/elements - {"using":"xpath","value":"//button[@data-kt=\"masterHOAddButton\"]"}
RESULT: {"using":"xpath","value":"//button[@data-kt=\"masterHOAddButton\"]"}
COMMAND: POST /session/371b8fcef450a364efde700f21fc0eae/elements - {"using":"xpath","value":"//button[@data-kt=\"masterHOAddButton\"]"}
RESULT: {"using":"xpath","value":"//button[@data-kt=\"masterHOAddButton\"]"}
COMMAND: POST /session/371b8fcef450a364efde700f21fc0eae/element - {"using":"xpath","value":"//button[@data-kt=\"masterHOAddButton\"]"}
RESULT: {"using":"xpath","value":"//button[@data-kt=\"masterHOAddButton\"]"}
COMMAND: POST /session/371b8fcef450a364efde700f21fc0eae/execute/sync - {"script":"<script> [8489 bytes]","args":[{"element-6066-11e4-a52e-4f735466cecf":"f.FFD2F70B7356459FE22D1016ABDF7B9E.d.F8C6D74F5172AABDD4E5FCB50DEE44F7.e.14766","ELEMENT":"f.FFD2F70B7356459FE22D1016ABDF7B9E.d.F8C6D74F5172AABDD4E5FCB50DEE44F7.e.14766"}]}
RESULT: {"script":"<script> [8489 bytes]","args":[{"element-6066-11e4-a52e-4f735466cecf":"f.FFD2F70B7356459FE22D1016ABDF7B9E.d.F8C6D74F5172AABDD4E5FCB50DEE44F7.e.14766","ELEMENT":"f.FFD2F70B7356459FE22D1016ABDF7B9E.d.F8C6D74F5172AABDD4E5FCB50DEE44F7.e.14766"}]}
COMMAND: GET /session/371b8fcef450a364efde700f21fc0eae/element/f.FFD2F70B7356459FE22D1016ABDF7B9E.d.F8C6D74F5172AABDD4E5FCB50DEE44F7.e.14766/enabled - {}
COMMAND: GET /session/371b8fcef450a364efde700f21fc0eae/screenshot - {}
RESULT: {}
COMMAND: POST /session/371b8fcef450a364efde700f21fc0eae/execute/sync - {"script":"<script> [8489 bytes]","args":[{"element-6066-11e4-a52e-4f735466cecf":"f.FFD2F70B7356459FE22D1016ABDF7B9E.d.F8C6D74F5172AABDD4E5FCB50DEE44F7.e.14766","ELEMENT":"f.FFD2F70B7356459FE22D1016ABDF7B9E.d.F8C6D74F5172AABDD4E5FCB50DEE44F7.e.14766"}]}
COMMAND: GET /session/371b8fcef450a364efde700f21fc0eae/screenshot - {}
RESULT: {}
RESULT: {"script":"<script> [8489 bytes]","args":[{"element-6066-11e4-a52e-4f735466cecf":"f.FFD2F70B7356459FE22D1016ABDF7B9E.d.F8C6D74F5172AABDD4E5FCB50DEE44F7.e.14766","ELEMENT":"f.FFD2F70B7356459FE22D1016ABDF7B9E.d.F8C6D74F5172AABDD4E5FCB50DEE44F7.e.14766"}]}
COMMAND: POST /session/371b8fcef450a364efde700f21fc0eae/execute/sync - {"script":"<script> [5351 bytes]","args":[{"element-6066-11e4-a52e-4f735466cecf":"f.FFD2F70B7356459FE22D1016ABDF7B9E.d.F8C6D74F5172AABDD4E5FCB50DEE44F7.e.14766","ELEMENT":"f.FFD2F70B7356459FE22D1016ABDF7B9E.d.F8C6D74F5172AABDD4E5FCB50DEE44F7.e.14766"}]}
COMMAND: GET /session/371b8fcef450a364efde700f21fc0eae/screenshot - {}
RESULT: {}
RESULT: {"script":"<script> [5351 bytes]","args":[{"element-6066-11e4-a52e-4f735466cecf":"f.FFD2F70B7356459FE22D1016ABDF7B9E.d.F8C6D74F5172AABDD4E5FCB50DEE44F7.e.14766","ELEMENT":"f.FFD2F70B7356459FE22D1016ABDF7B9E.d.F8C6D74F5172AABDD4E5FCB50DEE44F7.e.14766"}]}
COMMAND: POST /session/371b8fcef450a364efde700f21fc0eae/element/f.FFD2F70B7356459FE22D1016ABDF7B9E.d.F8C6D74F5172AABDD4E5FCB50DEE44F7.e.14766/click - {}
COMMAND: GET /session/371b8fcef450a364efde700f21fc0eae/screenshot - {}
RESULT: {}
RESULT: {}
COMMAND: GET /session/371b8fcef450a364efde700f21fc0eae/screenshot - {}
RESULT: {}
RESULT: {}
COMMAND: POST /session/371b8fcef450a364efde700f21fc0eae/element - {"using":"xpath","value":"//span[contains(@id ,\"AddNewHO--typeSelect-arrow\")]"}
RESULT: {"using":"xpath","value":"//span[contains(@id ,\"AddNewHO--typeSelect-arrow\")]"}
COMMAND: POST /session/371b8fcef450a364efde700f21fc0eae/element/f.FFD2F70B7356459FE22D1016ABDF7B9E.d.F8C6D74F5172AABDD4E5FCB50DEE44F7.e.15134/click - {}
RESULT: {}
COMMAND: GET /session/371b8fcef450a364efde700f21fc0eae/screenshot - {}
RESULT: {}
COMMAND: POST /session/371b8fcef450a364efde700f21fc0eae/element - {"using":"xpath","value":"(//li[contains(text(), \"stock increase yard\")])[1]"}
RESULT: {"using":"xpath","value":"(//li[contains(text(), \"stock increase yard\")])[1]"}
COMMAND: POST /session/371b8fcef450a364efde700f21fc0eae/element/f.FFD2F70B7356459FE22D1016ABDF7B9E.d.F8C6D74F5172AABDD4E5FCB50DEE44F7.e.15135/click - {}
RESULT: {}
COMMAND: GET /session/371b8fcef450a364efde700f21fc0eae/screenshot - {}
RESULT: {}
COMMAND: POST /session/371b8fcef450a364efde700f21fc0eae/execute/async - {"script":"<script> [1562 bytes]","args":[{"selector":{"id":"application-managehandovers-display-component---AddNewHO--dueDate","interaction":{"idSuffix":"inner"}},"wdio_ui5_key":"applicationmanagehandovers-display-component---AddNewHO--dueDate"}]}
RESULT: {"script":"<script> [1562 bytes]","args":[{"selector":{"id":"application-managehandovers-display-component---AddNewHO--dueDate","interaction":{"idSuffix":"inner"}},"wdio_ui5_key":"applicationmanagehandovers-display-component---AddNewHO--dueDate"}]}
RESULT: undefined
COMMAND: POST /session/371b8fcef450a364efde700f21fc0eae/execute/async - {"script":"<script> [6424 bytes]","args":[{"element-6066-11e4-a52e-4f735466cecf":"f.FFD2F70B7356459FE22D1016ABDF7B9E.d.F8C6D74F5172AABDD4E5FCB50DEE44F7.e.15137"},"setValue",["05/02/2025"]]}
RESULT: {"script":"<script> [6424 bytes]","args":[{"element-6066-11e4-a52e-4f735466cecf":"f.FFD2F70B7356459FE22D1016ABDF7B9E.d.F8C6D74F5172AABDD4E5FCB50DEE44F7.e.15137"},"setValue",["05/02/2025"]]}
COMMAND: POST /session/371b8fcef450a364efde700f21fc0eae/element - {"using":"xpath","value":"//input[@id=\"generalSectionFrg--receiveYard-inner\"]"}
RESULT: {"using":"xpath","value":"//input[@id=\"generalSectionFrg--receiveYard-inner\"]"}
COMMAND: POST /session/371b8fcef450a364efde700f21fc0eae/element/f.FFD2F70B7356459FE22D1016ABDF7B9E.d.F8C6D74F5172AABDD4E5FCB50DEE44F7.e.15143/clear - {}
RESULT: {}
COMMAND: POST /session/371b8fcef450a364efde700f21fc0eae/element/f.FFD2F70B7356459FE22D1016ABDF7B9E.d.F8C6D74F5172AABDD4E5FCB50DEE44F7.e.15143/value - {"text":"515"}
COMMAND: GET /session/371b8fcef450a364efde700f21fc0eae/screenshot - {}
RESULT: {"text":"515"}
COMMAND: GET /session/371b8fcef450a364efde700f21fc0eae/screenshot - {}
RESULT: {}
RESULT: {}
COMMAND: POST /session/371b8fcef450a364efde700f21fc0eae/element - {"using":"xpath","value":"//li[.//span[text()='515']]"}
RESULT: {"using":"xpath","value":"//li[.//span[text()='515']]"}
COMMAND: POST /session/371b8fcef450a364efde700f21fc0eae/element/f.FFD2F70B7356459FE22D1016ABDF7B9E.d.F8C6D74F5172AABDD4E5FCB50DEE44F7.e.15161/click - {}
RESULT: {}
COMMAND: GET /session/371b8fcef450a364efde700f21fc0eae/screenshot - {}
RESULT: {}
COMMAND: POST /session/371b8fcef450a364efde700f21fc0eae/execute/async - {"script":"<script> [1562 bytes]","args":[{"selector":{"id":"application-managehandovers-display-component---AddNewHO--ObjectPageLayout-anchBar-application-managehandovers-display-component---AddNewHO--section4-anchor","interaction":{"idSuffix":"BDI-content"}},"wdio_ui5_key":"applicationmanagehandovers-display-component---AddNewHO--ObjectPageLayout-anchBar-application-managehandovers-display-component---AddNewHO--section4-anchor"}]}
RESULT: {"script":"<script> [1562 bytes]","args":[{"selector":{"id":"application-managehandovers-display-component---AddNewHO--ObjectPageLayout-anchBar-application-managehandovers-display-component---AddNewHO--section4-anchor","interaction":{"idSuffix":"BDI-content"}},"wdio_ui5_key":"applicationmanagehandovers-display-component---AddNewHO--ObjectPageLayout-anchBar-application-managehandovers-display-component---AddNewHO--section4-anchor"}]}
RESULT: undefined
COMMAND: POST /session/371b8fcef450a364efde700f21fc0eae/element - {"using":"xpath","value":"//*[@id=\"application-managehandovers-display-component---AddNewHO--ObjectPageLayout-anchBar-application-managehandovers-display-component---AddNewHO--section4-anchor\"]"}
RESULT: {"using":"xpath","value":"//*[@id=\"application-managehandovers-display-component---AddNewHO--ObjectPageLayout-anchBar-application-managehandovers-display-component---AddNewHO--section4-anchor\"]"}
COMMAND: POST /session/371b8fcef450a364efde700f21fc0eae/element/f.FFD2F70B7356459FE22D1016ABDF7B9E.d.F8C6D74F5172AABDD4E5FCB50DEE44F7.e.15163/click - {}
RESULT: {}
COMMAND: POST /session/371b8fcef450a364efde700f21fc0eae/element - {"using":"xpath","value":"//button[@aria-label=\"Add\"]"}
COMMAND: GET /session/371b8fcef450a364efde700f21fc0eae/screenshot - {}
RESULT: {"using":"xpath","value":"//button[@aria-label=\"Add\"]"}
COMMAND: POST /session/371b8fcef450a364efde700f21fc0eae/element/f.FFD2F70B7356459FE22D1016ABDF7B9E.d.F8C6D74F5172AABDD4E5FCB50DEE44F7.e.15165/click - {}
RESULT: {}
RESULT: {}
COMMAND: GET /session/371b8fcef450a364efde700f21fc0eae/screenshot - {}
RESULT: {}
COMMAND: POST /session/371b8fcef450a364efde700f21fc0eae/execute/async - {"script":"<script> [1562 bytes]","args":[{"selector":{"id":"application-managehandovers-display-component---AddNewHO--smartFilterBar-btnBasicSearch","searchOpenDialogs":true,"interaction":{"idSuffix":"I"}},"wdio_ui5_key":"applicationmanagehandovers-display-component---AddNewHO--smartFilterBar-btnBasicSearch"}]}
RESULT: {"script":"<script> [1562 bytes]","args":[{"selector":{"id":"application-managehandovers-display-component---AddNewHO--smartFilterBar-btnBasicSearch","searchOpenDialogs":true,"interaction":{"idSuffix":"I"}},"wdio_ui5_key":"applicationmanagehandovers-display-component---AddNewHO--smartFilterBar-btnBasicSearch"}]}
RESULT: undefined
COMMAND: POST /session/371b8fcef450a364efde700f21fc0eae/execute/async - {"script":"<script> [776 bytes]","args":[{"enterText":"XNAJJ11piv","selector":{"id":"application-managehandovers-display-component---AddNewHO--smartFilterBar-btnBasicSearch","searchOpenDialogs":true,"interaction":{"idSuffix":"I"}},"clearTextFirst":true,"interactionType":"ENTER_TEXT"}]}
RESULT: {"script":"<script> [776 bytes]","args":[{"enterText":"XNAJJ11piv","selector":{"id":"application-managehandovers-display-component---AddNewHO--smartFilterBar-btnBasicSearch","searchOpenDialogs":true,"interaction":{"idSuffix":"I"}},"clearTextFirst":true,"interactionType":"ENTER_TEXT"}]}
COMMAND: POST /session/371b8fcef450a364efde700f21fc0eae/actions - {"actions":[{"id":"action52","type":"key","parameters":{},"actions":[{"type":"keyDown","value":"î€‡"},{"type":"pause","duration":10},{"type":"keyUp","value":"î€‡"}]}]}
RESULT: {"actions":[{"id":"action52","type":"key","parameters":{},"actions":[{"type":"keyDown","value":"î€‡"},{"type":"pause","duration":10},{"type":"keyUp","value":"î€‡"}]}]}
COMMAND: GET /session/371b8fcef450a364efde700f21fc0eae/screenshot - {}
RESULT: {}
COMMAND: POST /session/371b8fcef450a364efde700f21fc0eae/execute/async - {"script":"<script> [1562 bytes]","args":[{"selector":{"id":"application-managehandovers-display-component---AddNewHO--popup-sa","searchOpenDialogs":true,"interaction":{"idSuffix":"CbBg"}},"wdio_ui5_key":"applicationmanagehandovers-display-component---AddNewHO--popup-sa"}]}
RESULT: {"script":"<script> [1562 bytes]","args":[{"selector":{"id":"application-managehandovers-display-component---AddNewHO--popup-sa","searchOpenDialogs":true,"interaction":{"idSuffix":"CbBg"}},"wdio_ui5_key":"applicationmanagehandovers-display-component---AddNewHO--popup-sa"}]}
RESULT: undefined
COMMAND: POST /session/371b8fcef450a364efde700f21fc0eae/element - {"using":"xpath","value":"//*[@id=\"application-managehandovers-display-component---AddNewHO--popup-sa\"]"}
RESULT: {"using":"xpath","value":"//*[@id=\"application-managehandovers-display-component---AddNewHO--popup-sa\"]"}
COMMAND: POST /session/371b8fcef450a364efde700f21fc0eae/element/f.FFD2F70B7356459FE22D1016ABDF7B9E.d.F8C6D74F5172AABDD4E5FCB50DEE44F7.e.15319/click - {}
RESULT: {}
COMMAND: GET /session/371b8fcef450a364efde700f21fc0eae/screenshot - {}
RESULT: {}
COMMAND: POST /session/371b8fcef450a364efde700f21fc0eae/element - {"using":"xpath","value":"//bdi[contains(text(), \"Select\")]"}
RESULT: {"using":"xpath","value":"//bdi[contains(text(), \"Select\")]"}
COMMAND: POST /session/371b8fcef450a364efde700f21fc0eae/element/f.FFD2F70B7356459FE22D1016ABDF7B9E.d.F8C6D74F5172AABDD4E5FCB50DEE44F7.e.15320/click - {}
RESULT: {}
COMMAND: GET /session/371b8fcef450a364efde700f21fc0eae/screenshot - {}
RESULT: {}
COMMAND: POST /session/371b8fcef450a364efde700f21fc0eae/element - {"using":"xpath","value":"//button[@data-kt=\"AddNewHOSaveButton\"]"}
RESULT: {"using":"xpath","value":"//button[@data-kt=\"AddNewHOSaveButton\"]"}
COMMAND: POST /session/371b8fcef450a364efde700f21fc0eae/element/f.FFD2F70B7356459FE22D1016ABDF7B9E.d.F8C6D74F5172AABDD4E5FCB50DEE44F7.e.15324/click - {}
RESULT: {}
COMMAND: GET /session/371b8fcef450a364efde700f21fc0eae/screenshot - {}
RESULT: {}
COMMAND: POST /session/371b8fcef450a364efde700f21fc0eae/execute/async - {"script":"<script> [1562 bytes]","args":[{"selector":{"id":"receiptDatePicker","viewName":"etm.portal.ui.managehandovers.view.DetailExecuteHO","interaction":{"idSuffix":"inner"}},"wdio_ui5_key":"receiptDatePickeretmportal.ui.managehandovers.view.DetailExecuteHO"}]}
RESULT: {"script":"<script> [1562 bytes]","args":[{"selector":{"id":"receiptDatePicker","viewName":"etm.portal.ui.managehandovers.view.DetailExecuteHO","interaction":{"idSuffix":"inner"}},"wdio_ui5_key":"receiptDatePickeretmportal.ui.managehandovers.view.DetailExecuteHO"}]}
RESULT: undefined
COMMAND: POST /session/371b8fcef450a364efde700f21fc0eae/execute/async - {"script":"<script> [6424 bytes]","args":[{"element-6066-11e4-a52e-4f735466cecf":"f.FFD2F70B7356459FE22D1016ABDF7B9E.d.F8C6D74F5172AABDD4E5FCB50DEE44F7.e.15341"},"setValue",["05/02/2025"]]}
RESULT: {"script":"<script> [6424 bytes]","args":[{"element-6066-11e4-a52e-4f735466cecf":"f.FFD2F70B7356459FE22D1016ABDF7B9E.d.F8C6D74F5172AABDD4E5FCB50DEE44F7.e.15341"},"setValue",["05/02/2025"]]}
COMMAND: POST /session/371b8fcef450a364efde700f21fc0eae/element - {"using":"xpath","value":"//button[@data-kt=\"PickingTableConfirmAllButton\"]"}
RESULT: {"using":"xpath","value":"//button[@data-kt=\"PickingTableConfirmAllButton\"]"}
COMMAND: POST /session/371b8fcef450a364efde700f21fc0eae/element/f.FFD2F70B7356459FE22D1016ABDF7B9E.d.F8C6D74F5172AABDD4E5FCB50DEE44F7.e.15371/click - {}
RESULT: {}
COMMAND: GET /session/371b8fcef450a364efde700f21fc0eae/screenshot - {}
RESULT: {}
COMMAND: POST /session/371b8fcef450a364efde700f21fc0eae/element - {"using":"xpath","value":"//bdi[contains(text(), \"OK\")]"}
RESULT: {"using":"xpath","value":"//bdi[contains(text(), \"OK\")]"}
COMMAND: POST /session/371b8fcef450a364efde700f21fc0eae/element/f.FFD2F70B7356459FE22D1016ABDF7B9E.d.F8C6D74F5172AABDD4E5FCB50DEE44F7.e.15373/click - {}
RESULT: {}
COMMAND: GET /session/371b8fcef450a364efde700f21fc0eae/screenshot - {}
RESULT: {}
COMMAND: POST /session/371b8fcef450a364efde700f21fc0eae/element - {"using":"xpath","value":"(//bdi[contains(text(), \"Receive\")])[2]"}
RESULT: {"using":"xpath","value":"(//bdi[contains(text(), \"Receive\")])[2]"}
COMMAND: POST /session/371b8fcef450a364efde700f21fc0eae/element/f.FFD2F70B7356459FE22D1016ABDF7B9E.d.F8C6D74F5172AABDD4E5FCB50DEE44F7.e.15375/click - {}
RESULT: {}
COMMAND: GET /session/371b8fcef450a364efde700f21fc0eae/screenshot - {}
RESULT: {}
COMMAND: POST /session/371b8fcef450a364efde700f21fc0eae/element - {"using":"css selector","value":"#shell-header-logo"}
RESULT: {"using":"css selector","value":"#shell-header-logo"}
COMMAND: POST /session/371b8fcef450a364efde700f21fc0eae/element/f.FFD2F70B7356459FE22D1016ABDF7B9E.d.F8C6D74F5172AABDD4E5FCB50DEE44F7.e.14738/click - {}
RESULT: {}
COMMAND: GET /session/371b8fcef450a364efde700f21fc0eae/screenshot - {}
RESULT: {}
]]></system-out>
    </testcase>
    <testcase classname="chrome.135_0_7049_96.windows.Billing_transfer_US117289" name="Should create a new contract" time="53.722">
      <system-out><![CDATA[
COMMAND: POST /session/371b8fcef450a364efde700f21fc0eae/execute/async - {"script":"<script> [1562 bytes]","args":[{"selector":{"controlType":"sap.m.Text","viewName":"etm.portal.ui.managecontractstile.view.Master","properties":{"text":"Manage Contracts"},"interaction":{"idSuffix":"inner"}},"wdio_ui5_key":"etmportal.ui.managecontractstile.view.Mastersap.m.Text{\"text\":\"Manage Contracts\"}"}]}
RESULT: {"script":"<script> [1562 bytes]","args":[{"selector":{"controlType":"sap.m.Text","viewName":"etm.portal.ui.managecontractstile.view.Master","properties":{"text":"Manage Contracts"},"interaction":{"idSuffix":"inner"}},"wdio_ui5_key":"etmportal.ui.managecontractstile.view.Mastersap.m.Text{\"text\":\"Manage Contracts\"}"}]}
RESULT: undefined
COMMAND: POST /session/371b8fcef450a364efde700f21fc0eae/element - {"using":"xpath","value":"//*[@id=\"__tile131-title\"]"}
RESULT: {"using":"xpath","value":"//*[@id=\"__tile131-title\"]"}
COMMAND: POST /session/371b8fcef450a364efde700f21fc0eae/element/f.FFD2F70B7356459FE22D1016ABDF7B9E.d.F8C6D74F5172AABDD4E5FCB50DEE44F7.e.15659/click - {}
RESULT: {}
COMMAND: GET /session/371b8fcef450a364efde700f21fc0eae/screenshot - {}
RESULT: {}
COMMAND: POST /session/371b8fcef450a364efde700f21fc0eae/element - {"using":"xpath","value":"//button[@data-kt=\"addButton\"]"}
RESULT: {"using":"xpath","value":"//button[@data-kt=\"addButton\"]"}
COMMAND: POST /session/371b8fcef450a364efde700f21fc0eae/elements - {"using":"xpath","value":"//button[@data-kt=\"addButton\"]"}
RESULT: {"using":"xpath","value":"//button[@data-kt=\"addButton\"]"}
COMMAND: POST /session/371b8fcef450a364efde700f21fc0eae/execute/sync - {"script":"<script> [8489 bytes]","args":[{"element-6066-11e4-a52e-4f735466cecf":"f.FFD2F70B7356459FE22D1016ABDF7B9E.d.F8C6D74F5172AABDD4E5FCB50DEE44F7.e.15732","ELEMENT":"f.FFD2F70B7356459FE22D1016ABDF7B9E.d.F8C6D74F5172AABDD4E5FCB50DEE44F7.e.15732"}]}
RESULT: {"script":"<script> [8489 bytes]","args":[{"element-6066-11e4-a52e-4f735466cecf":"f.FFD2F70B7356459FE22D1016ABDF7B9E.d.F8C6D74F5172AABDD4E5FCB50DEE44F7.e.15732","ELEMENT":"f.FFD2F70B7356459FE22D1016ABDF7B9E.d.F8C6D74F5172AABDD4E5FCB50DEE44F7.e.15732"}]}
COMMAND: GET /session/371b8fcef450a364efde700f21fc0eae/element/f.FFD2F70B7356459FE22D1016ABDF7B9E.d.F8C6D74F5172AABDD4E5FCB50DEE44F7.e.15732/enabled - {}
COMMAND: GET /session/371b8fcef450a364efde700f21fc0eae/screenshot - {}
RESULT: {}
COMMAND: POST /session/371b8fcef450a364efde700f21fc0eae/execute/sync - {"script":"<script> [8489 bytes]","args":[{"element-6066-11e4-a52e-4f735466cecf":"f.FFD2F70B7356459FE22D1016ABDF7B9E.d.F8C6D74F5172AABDD4E5FCB50DEE44F7.e.15732","ELEMENT":"f.FFD2F70B7356459FE22D1016ABDF7B9E.d.F8C6D74F5172AABDD4E5FCB50DEE44F7.e.15732"}]}
COMMAND: GET /session/371b8fcef450a364efde700f21fc0eae/screenshot - {}
RESULT: {}
RESULT: {"script":"<script> [8489 bytes]","args":[{"element-6066-11e4-a52e-4f735466cecf":"f.FFD2F70B7356459FE22D1016ABDF7B9E.d.F8C6D74F5172AABDD4E5FCB50DEE44F7.e.15732","ELEMENT":"f.FFD2F70B7356459FE22D1016ABDF7B9E.d.F8C6D74F5172AABDD4E5FCB50DEE44F7.e.15732"}]}
COMMAND: POST /session/371b8fcef450a364efde700f21fc0eae/execute/sync - {"script":"<script> [5351 bytes]","args":[{"element-6066-11e4-a52e-4f735466cecf":"f.FFD2F70B7356459FE22D1016ABDF7B9E.d.F8C6D74F5172AABDD4E5FCB50DEE44F7.e.15732","ELEMENT":"f.FFD2F70B7356459FE22D1016ABDF7B9E.d.F8C6D74F5172AABDD4E5FCB50DEE44F7.e.15732"}]}
COMMAND: GET /session/371b8fcef450a364efde700f21fc0eae/screenshot - {}
RESULT: {}
RESULT: {"script":"<script> [5351 bytes]","args":[{"element-6066-11e4-a52e-4f735466cecf":"f.FFD2F70B7356459FE22D1016ABDF7B9E.d.F8C6D74F5172AABDD4E5FCB50DEE44F7.e.15732","ELEMENT":"f.FFD2F70B7356459FE22D1016ABDF7B9E.d.F8C6D74F5172AABDD4E5FCB50DEE44F7.e.15732"}]}
COMMAND: GET /session/371b8fcef450a364efde700f21fc0eae/screenshot - {}
RESULT: {}
RESULT: {}
COMMAND: POST /session/371b8fcef450a364efde700f21fc0eae/element/f.FFD2F70B7356459FE22D1016ABDF7B9E.d.F8C6D74F5172AABDD4E5FCB50DEE44F7.e.15732/click - {}
RESULT: {}
COMMAND: GET /session/371b8fcef450a364efde700f21fc0eae/screenshot - {}
COMMAND: POST /session/371b8fcef450a364efde700f21fc0eae/execute/async - {"script":"<script> [1562 bytes]","args":[{"selector":{"id":"application-managecontracts-display-component---AddNewContract--projectDescription","interaction":{"idSuffix":"inner"}},"wdio_ui5_key":"applicationmanagecontracts-display-component---AddNewContract--projectDescription"}]}
RESULT: {}
RESULT: {"script":"<script> [1562 bytes]","args":[{"selector":{"id":"application-managecontracts-display-component---AddNewContract--projectDescription","interaction":{"idSuffix":"inner"}},"wdio_ui5_key":"applicationmanagecontracts-display-component---AddNewContract--projectDescription"}]}
RESULT: undefined
COMMAND: POST /session/371b8fcef450a364efde700f21fc0eae/execute/async - {"script":"<script> [776 bytes]","args":[{"enterText":"Contract WDIO","selector":{"id":"application-managecontracts-display-component---AddNewContract--projectDescription","interaction":{"idSuffix":"inner"}},"clearTextFirst":true,"interactionType":"ENTER_TEXT"}]}
RESULT: {"script":"<script> [776 bytes]","args":[{"enterText":"Contract WDIO","selector":{"id":"application-managecontracts-display-component---AddNewContract--projectDescription","interaction":{"idSuffix":"inner"}},"clearTextFirst":true,"interactionType":"ENTER_TEXT"}]}
COMMAND: POST /session/371b8fcef450a364efde700f21fc0eae/element - {"using":"xpath","value":"//input[@id=\"application-managecontracts-display-component---AddNewContract--site-inner\"]"}
RESULT: {"using":"xpath","value":"//input[@id=\"application-managecontracts-display-component---AddNewContract--site-inner\"]"}
COMMAND: POST /session/371b8fcef450a364efde700f21fc0eae/element/f.FFD2F70B7356459FE22D1016ABDF7B9E.d.F8C6D74F5172AABDD4E5FCB50DEE44F7.e.16026/clear - {}
RESULT: {}
COMMAND: POST /session/371b8fcef450a364efde700f21fc0eae/element/f.FFD2F70B7356459FE22D1016ABDF7B9E.d.F8C6D74F5172AABDD4E5FCB50DEE44F7.e.16026/value - {"text":"2349"}
COMMAND: GET /session/371b8fcef450a364efde700f21fc0eae/screenshot - {}
RESULT: {"text":"2349"}
COMMAND: GET /session/371b8fcef450a364efde700f21fc0eae/screenshot - {}
RESULT: {}
RESULT: {}
COMMAND: POST /session/371b8fcef450a364efde700f21fc0eae/element - {"using":"xpath","value":"//li[.//span[text()='2349']]"}
RESULT: {"using":"xpath","value":"//li[.//span[text()='2349']]"}
COMMAND: POST /session/371b8fcef450a364efde700f21fc0eae/element/f.FFD2F70B7356459FE22D1016ABDF7B9E.d.F8C6D74F5172AABDD4E5FCB50DEE44F7.e.16051/click - {}
RESULT: {}
COMMAND: GET /session/371b8fcef450a364efde700f21fc0eae/screenshot - {}
RESULT: {}
COMMAND: POST /session/371b8fcef450a364efde700f21fc0eae/element - {"using":"xpath","value":"//input[@id=\"application-managecontracts-display-component---AddNewContract--yardId-inner\"]"}
RESULT: {"using":"xpath","value":"//input[@id=\"application-managecontracts-display-component---AddNewContract--yardId-inner\"]"}
COMMAND: GET /session/371b8fcef450a364efde700f21fc0eae/element/f.FFD2F70B7356459FE22D1016ABDF7B9E.d.F8C6D74F5172AABDD4E5FCB50DEE44F7.e.16027/property/value - {}
RESULT: {}
COMMAND: POST /session/371b8fcef450a364efde700f21fc0eae/element - {"using":"xpath","value":"//input[@id=\"application-managecontracts-display-component---AddNewContract--customerSelect-inner\"]"}
COMMAND: GET /session/371b8fcef450a364efde700f21fc0eae/screenshot - {}
RESULT: {"using":"xpath","value":"//input[@id=\"application-managecontracts-display-component---AddNewContract--customerSelect-inner\"]"}
COMMAND: POST /session/371b8fcef450a364efde700f21fc0eae/element/f.FFD2F70B7356459FE22D1016ABDF7B9E.d.F8C6D74F5172AABDD4E5FCB50DEE44F7.e.16025/clear - {}
RESULT: {}
RESULT: {}
COMMAND: POST /session/371b8fcef450a364efde700f21fc0eae/element/f.FFD2F70B7356459FE22D1016ABDF7B9E.d.F8C6D74F5172AABDD4E5FCB50DEE44F7.e.16025/value - {"text":"1388"}
COMMAND: GET /session/371b8fcef450a364efde700f21fc0eae/screenshot - {}
RESULT: {"text":"1388"}
COMMAND: GET /session/371b8fcef450a364efde700f21fc0eae/screenshot - {}
RESULT: {}
RESULT: {}
COMMAND: POST /session/371b8fcef450a364efde700f21fc0eae/element - {"using":"xpath","value":"//li[.//span[text()='1388']]"}
RESULT: {"using":"xpath","value":"//li[.//span[text()='1388']]"}
COMMAND: POST /session/371b8fcef450a364efde700f21fc0eae/element/f.FFD2F70B7356459FE22D1016ABDF7B9E.d.F8C6D74F5172AABDD4E5FCB50DEE44F7.e.16054/click - {}
RESULT: {}
COMMAND: GET /session/371b8fcef450a364efde700f21fc0eae/screenshot - {}
RESULT: {}
COMMAND: POST /session/371b8fcef450a364efde700f21fc0eae/element - {"using":"xpath","value":"//button[@data-kt=\"saveButton\"]"}
RESULT: {"using":"xpath","value":"//button[@data-kt=\"saveButton\"]"}
COMMAND: POST /session/371b8fcef450a364efde700f21fc0eae/element/f.FFD2F70B7356459FE22D1016ABDF7B9E.d.F8C6D74F5172AABDD4E5FCB50DEE44F7.e.16044/click - {}
RESULT: {}
COMMAND: GET /session/371b8fcef450a364efde700f21fc0eae/screenshot - {}
RESULT: {}
COMMAND: POST /session/371b8fcef450a364efde700f21fc0eae/element - {"using":"xpath","value":"//span[contains(@id ,\"contractDetailTitleNoExpanded\")]"}
RESULT: {"using":"xpath","value":"//span[contains(@id ,\"contractDetailTitleNoExpanded\")]"}
COMMAND: POST /session/371b8fcef450a364efde700f21fc0eae/elements - {"using":"xpath","value":"//span[contains(@id ,\"contractDetailTitleNoExpanded\")]"}
RESULT: {"using":"xpath","value":"//span[contains(@id ,\"contractDetailTitleNoExpanded\")]"}
COMMAND: POST /session/371b8fcef450a364efde700f21fc0eae/execute/sync - {"script":"<script> [56 bytes]","args":[{"element-6066-11e4-a52e-4f735466cecf":"f.FFD2F70B7356459FE22D1016ABDF7B9E.d.F8C6D74F5172AABDD4E5FCB50DEE44F7.e.16125","ELEMENT":"f.FFD2F70B7356459FE22D1016ABDF7B9E.d.F8C6D74F5172AABDD4E5FCB50DEE44F7.e.16125"}]}
RESULT: {"script":"<script> [56 bytes]","args":[{"element-6066-11e4-a52e-4f735466cecf":"f.FFD2F70B7356459FE22D1016ABDF7B9E.d.F8C6D74F5172AABDD4E5FCB50DEE44F7.e.16125","ELEMENT":"f.FFD2F70B7356459FE22D1016ABDF7B9E.d.F8C6D74F5172AABDD4E5FCB50DEE44F7.e.16125"}]}
COMMAND: GET /session/371b8fcef450a364efde700f21fc0eae/screenshot - {}
RESULT: {}
]]></system-out>
    </testcase>
    <testcase classname="chrome.135_0_7049_96.windows.Billing_transfer_US117289" name="Should add created equipment to contract" time="47.398">
      <system-out><![CDATA[
COMMAND: POST /session/371b8fcef450a364efde700f21fc0eae/element - {"using":"xpath","value":"//button[@data-kt=\"contractDetailEditBtnButton\"]"}
RESULT: {"using":"xpath","value":"//button[@data-kt=\"contractDetailEditBtnButton\"]"}
COMMAND: POST /session/371b8fcef450a364efde700f21fc0eae/element/f.FFD2F70B7356459FE22D1016ABDF7B9E.d.F8C6D74F5172AABDD4E5FCB50DEE44F7.e.16128/click - {}
RESULT: {}
COMMAND: GET /session/371b8fcef450a364efde700f21fc0eae/screenshot - {}
RESULT: {}
COMMAND: POST /session/371b8fcef450a364efde700f21fc0eae/element - {"using":"xpath","value":"(//span[contains(text(), \"Additional Addresses\")])[2]"}
RESULT: {"using":"xpath","value":"(//span[contains(text(), \"Additional Addresses\")])[2]"}
COMMAND: POST /session/371b8fcef450a364efde700f21fc0eae/element/f.FFD2F70B7356459FE22D1016ABDF7B9E.d.F8C6D74F5172AABDD4E5FCB50DEE44F7.e.16184/click - {}
RESULT: {}
COMMAND: GET /session/371b8fcef450a364efde700f21fc0eae/screenshot - {}
RESULT: {}
COMMAND: POST /session/371b8fcef450a364efde700f21fc0eae/element - {"using":"xpath","value":"//button[@data-kt=\"btnAddTableRowOverflowToolbarButton\"]"}
RESULT: {"using":"xpath","value":"//button[@data-kt=\"btnAddTableRowOverflowToolbarButton\"]"}
COMMAND: POST /session/371b8fcef450a364efde700f21fc0eae/element/f.FFD2F70B7356459FE22D1016ABDF7B9E.d.F8C6D74F5172AABDD4E5FCB50DEE44F7.e.16186/click - {}
RESULT: {}
COMMAND: GET /session/371b8fcef450a364efde700f21fc0eae/screenshot - {}
RESULT: {}
COMMAND: POST /session/371b8fcef450a364efde700f21fc0eae/element - {"using":"xpath","value":"//div[(text() = 'Standard Entry' or . = 'Standard Entry')]"}
RESULT: {"using":"xpath","value":"//div[(text() = 'Standard Entry' or . = 'Standard Entry')]"}
COMMAND: POST /session/371b8fcef450a364efde700f21fc0eae/element/f.FFD2F70B7356459FE22D1016ABDF7B9E.d.F8C6D74F5172AABDD4E5FCB50DEE44F7.e.16188/click - {}
RESULT: {}
COMMAND: GET /session/371b8fcef450a364efde700f21fc0eae/screenshot - {}
RESULT: {}
COMMAND: POST /session/371b8fcef450a364efde700f21fc0eae/element - {"using":"xpath","value":"//td[7]/div/div/input"}
RESULT: {"using":"xpath","value":"//td[7]/div/div/input"}
COMMAND: POST /session/371b8fcef450a364efde700f21fc0eae/element/f.FFD2F70B7356459FE22D1016ABDF7B9E.d.F8C6D74F5172AABDD4E5FCB50DEE44F7.e.16197/clear - {}
RESULT: {}
COMMAND: POST /session/371b8fcef450a364efde700f21fc0eae/element/f.FFD2F70B7356459FE22D1016ABDF7B9E.d.F8C6D74F5172AABDD4E5FCB50DEE44F7.e.16197/value - {"text":"XNAJJ11piv"}
COMMAND: GET /session/371b8fcef450a364efde700f21fc0eae/screenshot - {}
RESULT: {"text":"XNAJJ11piv"}
COMMAND: GET /session/371b8fcef450a364efde700f21fc0eae/screenshot - {}
RESULT: {}
RESULT: {}
COMMAND: POST /session/371b8fcef450a364efde700f21fc0eae/actions - {"actions":[{"id":"action53","type":"key","parameters":{},"actions":[{"type":"keyDown","value":"î€‡"},{"type":"pause","duration":10},{"type":"keyUp","value":"î€‡"}]}]}
RESULT: {"actions":[{"id":"action53","type":"key","parameters":{},"actions":[{"type":"keyDown","value":"î€‡"},{"type":"pause","duration":10},{"type":"keyUp","value":"î€‡"}]}]}
COMMAND: GET /session/371b8fcef450a364efde700f21fc0eae/screenshot - {}
RESULT: {}
COMMAND: POST /session/371b8fcef450a364efde700f21fc0eae/execute/sync - {"script":"<script> [276 bytes]","args":["No pricing information was found"]}
RESULT: {"script":"<script> [276 bytes]","args":["No pricing information was found"]}
COMMAND: POST /session/371b8fcef450a364efde700f21fc0eae/element - {"using":"xpath","value":"(//button[@data-kt=\"saveButton\"])[2]"}
COMMAND: GET /session/371b8fcef450a364efde700f21fc0eae/screenshot - {}
RESULT: {"using":"xpath","value":"(//button[@data-kt=\"saveButton\"])[2]"}
COMMAND: POST /session/371b8fcef450a364efde700f21fc0eae/element/f.FFD2F70B7356459FE22D1016ABDF7B9E.d.F8C6D74F5172AABDD4E5FCB50DEE44F7.e.16212/click - {}
RESULT: {}
RESULT: {}
COMMAND: GET /session/371b8fcef450a364efde700f21fc0eae/screenshot - {}
RESULT: {}
COMMAND: POST /session/371b8fcef450a364efde700f21fc0eae/execute/sync - {"script":"<script> [276 bytes]","args":["Some contract items are having rental validity exceeding header rental validity"]}
RESULT: {"script":"<script> [276 bytes]","args":["Some contract items are having rental validity exceeding header rental validity"]}
COMMAND: GET /session/371b8fcef450a364efde700f21fc0eae/screenshot - {}
RESULT: {}
COMMAND: POST /session/371b8fcef450a364efde700f21fc0eae/element - {"using":"xpath","value":"//span[contains(@id ,\"contractItemsSmartTable-header-inner\")]"}
RESULT: {"using":"xpath","value":"//span[contains(@id ,\"contractItemsSmartTable-header-inner\")]"}
COMMAND: POST /session/371b8fcef450a364efde700f21fc0eae/elements - {"using":"xpath","value":"//span[contains(@id ,\"contractItemsSmartTable-header-inner\")]"}
RESULT: {"using":"xpath","value":"//span[contains(@id ,\"contractItemsSmartTable-header-inner\")]"}
COMMAND: POST /session/371b8fcef450a364efde700f21fc0eae/execute/sync - {"script":"<script> [56 bytes]","args":[{"element-6066-11e4-a52e-4f735466cecf":"f.FFD2F70B7356459FE22D1016ABDF7B9E.d.F8C6D74F5172AABDD4E5FCB50DEE44F7.e.16219","ELEMENT":"f.FFD2F70B7356459FE22D1016ABDF7B9E.d.F8C6D74F5172AABDD4E5FCB50DEE44F7.e.16219"}]}
RESULT: {"script":"<script> [56 bytes]","args":[{"element-6066-11e4-a52e-4f735466cecf":"f.FFD2F70B7356459FE22D1016ABDF7B9E.d.F8C6D74F5172AABDD4E5FCB50DEE44F7.e.16219","ELEMENT":"f.FFD2F70B7356459FE22D1016ABDF7B9E.d.F8C6D74F5172AABDD4E5FCB50DEE44F7.e.16219"}]}
]]></system-out>
    </testcase>
    <testcase classname="chrome.135_0_7049_96.windows.Billing_transfer_US117289" name="Should do a provide to site handover" time="45.906">
      <system-out><![CDATA[
COMMAND: POST /session/371b8fcef450a364efde700f21fc0eae/element - {"using":"xpath","value":"//button[@data-kt=\"provideButton\"]"}
COMMAND: GET /session/371b8fcef450a364efde700f21fc0eae/screenshot - {}
RESULT: {"using":"xpath","value":"//button[@data-kt=\"provideButton\"]"}
COMMAND: POST /session/371b8fcef450a364efde700f21fc0eae/element/f.FFD2F70B7356459FE22D1016ABDF7B9E.d.F8C6D74F5172AABDD4E5FCB50DEE44F7.e.16220/click - {}
RESULT: {}
RESULT: {}
COMMAND: GET /session/371b8fcef450a364efde700f21fc0eae/screenshot - {}
RESULT: undefined
COMMAND: POST /session/371b8fcef450a364efde700f21fc0eae/execute/async - {"script":"<script> [6424 bytes]","args":[{"element-6066-11e4-a52e-4f735466cecf":"f.FFD2F70B7356459FE22D1016ABDF7B9E.d.F8C6D74F5172AABDD4E5FCB50DEE44F7.e.15137"},"setValue",["05/02/2025"]]}
RESULT: {}
COMMAND: POST /session/371b8fcef450a364efde700f21fc0eae/execute/async - {"script":"<script> [1562 bytes]","args":[{"selector":{"id":"application-managehandovers-display-component---AddNewHO--dueDate","interaction":{"idSuffix":"inner"}},"wdio_ui5_key":"applicationmanagehandovers-display-component---AddNewHO--dueDate"}]}
RESULT: {"script":"<script> [1562 bytes]","args":[{"selector":{"id":"application-managehandovers-display-component---AddNewHO--dueDate","interaction":{"idSuffix":"inner"}},"wdio_ui5_key":"applicationmanagehandovers-display-component---AddNewHO--dueDate"}]}
COMMAND: POST /session/371b8fcef450a364efde700f21fc0eae/execute/async - {"script":"<script> [6424 bytes]","args":[{"element-6066-11e4-a52e-4f735466cecf":"f.FFD2F70B7356459FE22D1016ABDF7B9E.d.F8C6D74F5172AABDD4E5FCB50DEE44F7.e.16277"},"setValue",["05/02/2025"]]}
RESULT: {"script":"<script> [6424 bytes]","args":[{"element-6066-11e4-a52e-4f735466cecf":"f.FFD2F70B7356459FE22D1016ABDF7B9E.d.F8C6D74F5172AABDD4E5FCB50DEE44F7.e.16277"},"setValue",["05/02/2025"]]}
COMMAND: POST /session/371b8fcef450a364efde700f21fc0eae/element - {"using":"xpath","value":"//bdi[contains(text(), \"Instructions\")]"}
RESULT: {"using":"xpath","value":"//bdi[contains(text(), \"Instructions\")]"}
COMMAND: POST /session/371b8fcef450a364efde700f21fc0eae/element/f.FFD2F70B7356459FE22D1016ABDF7B9E.d.F8C6D74F5172AABDD4E5FCB50DEE44F7.e.16396/click - {}
RESULT: {}
COMMAND: GET /session/371b8fcef450a364efde700f21fc0eae/screenshot - {}
RESULT: {}
COMMAND: POST /session/371b8fcef450a364efde700f21fc0eae/element - {"using":"xpath","value":"//button[@data-kt=\"AddNewHOProvideAddItemsButton\"]"}
RESULT: {"using":"xpath","value":"//button[@data-kt=\"AddNewHOProvideAddItemsButton\"]"}
COMMAND: POST /session/371b8fcef450a364efde700f21fc0eae/element/f.FFD2F70B7356459FE22D1016ABDF7B9E.d.F8C6D74F5172AABDD4E5FCB50DEE44F7.e.16400/click - {}
RESULT: {}
COMMAND: GET /session/371b8fcef450a364efde700f21fc0eae/screenshot - {}
RESULT: {}
RESULT: undefined
COMMAND: POST /session/371b8fcef450a364efde700f21fc0eae/element - {"using":"xpath","value":"//*[@id=\"application-managehandovers-display-component---AddNewHO--popup-sa\"]"}
RESULT: {"using":"xpath","value":"//*[@id=\"application-managehandovers-display-component---AddNewHO--popup-sa\"]"}
COMMAND: POST /session/371b8fcef450a364efde700f21fc0eae/element/f.FFD2F70B7356459FE22D1016ABDF7B9E.d.F8C6D74F5172AABDD4E5FCB50DEE44F7.e.16415/click - {}
RESULT: {}
COMMAND: GET /session/371b8fcef450a364efde700f21fc0eae/screenshot - {}
RESULT: {}
COMMAND: POST /session/371b8fcef450a364efde700f21fc0eae/element - {"using":"xpath","value":"//*[contains(@id ,\"BDI-content\")][contains(text(), \"Select\")]"}
RESULT: {"using":"xpath","value":"//*[contains(@id ,\"BDI-content\")][contains(text(), \"Select\")]"}
COMMAND: POST /session/371b8fcef450a364efde700f21fc0eae/element/f.FFD2F70B7356459FE22D1016ABDF7B9E.d.F8C6D74F5172AABDD4E5FCB50DEE44F7.e.16417/click - {}
RESULT: {}
COMMAND: GET /session/371b8fcef450a364efde700f21fc0eae/screenshot - {}
RESULT: {}
COMMAND: POST /session/371b8fcef450a364efde700f21fc0eae/execute/async - {"script":"<script> [1562 bytes]","args":[{"selector":{"id":"application-managehandovers-display-component---AddNewHO--confirmCreationButton","interaction":{"idSuffix":"BDI-content"}},"wdio_ui5_key":"applicationmanagehandovers-display-component---AddNewHO--confirmCreationButton"}]}
RESULT: {"script":"<script> [1562 bytes]","args":[{"selector":{"id":"application-managehandovers-display-component---AddNewHO--confirmCreationButton","interaction":{"idSuffix":"BDI-content"}},"wdio_ui5_key":"applicationmanagehandovers-display-component---AddNewHO--confirmCreationButton"}]}
RESULT: undefined
COMMAND: POST /session/371b8fcef450a364efde700f21fc0eae/element - {"using":"xpath","value":"//*[@id=\"application-managehandovers-display-component---AddNewHO--confirmCreationButton\"]"}
RESULT: {"using":"xpath","value":"//*[@id=\"application-managehandovers-display-component---AddNewHO--confirmCreationButton\"]"}
COMMAND: POST /session/371b8fcef450a364efde700f21fc0eae/element/f.FFD2F70B7356459FE22D1016ABDF7B9E.d.F8C6D74F5172AABDD4E5FCB50DEE44F7.e.16357/click - {}
RESULT: {}
COMMAND: GET /session/371b8fcef450a364efde700f21fc0eae/screenshot - {}
RESULT: {}
COMMAND: POST /session/371b8fcef450a364efde700f21fc0eae/element - {"using":"xpath","value":"//button[@data-kt=\"PickingTableConfirmAllButton\"]"}
RESULT: {"using":"xpath","value":"//button[@data-kt=\"PickingTableConfirmAllButton\"]"}
COMMAND: POST /session/371b8fcef450a364efde700f21fc0eae/element/f.FFD2F70B7356459FE22D1016ABDF7B9E.d.F8C6D74F5172AABDD4E5FCB50DEE44F7.e.16454/click - {}
COMMAND: POST /session/371b8fcef450a364efde700f21fc0eae/element - {"using":"xpath","value":"//button[@data-kt=\"PickingTableConfirmAllButton\"]"}
RESULT: {"using":"xpath","value":"//button[@data-kt=\"PickingTableConfirmAllButton\"]"}
COMMAND: POST /session/371b8fcef450a364efde700f21fc0eae/element/f.FFD2F70B7356459FE22D1016ABDF7B9E.d.F8C6D74F5172AABDD4E5FCB50DEE44F7.e.16454/click - {}
COMMAND: POST /session/371b8fcef450a364efde700f21fc0eae/element - {"using":"xpath","value":"//button[@data-kt=\"PickingTableConfirmAllButton\"]"}
RESULT: {"using":"xpath","value":"//button[@data-kt=\"PickingTableConfirmAllButton\"]"}
COMMAND: POST /session/371b8fcef450a364efde700f21fc0eae/element/f.FFD2F70B7356459FE22D1016ABDF7B9E.d.F8C6D74F5172AABDD4E5FCB50DEE44F7.e.16474/click - {}
RESULT: {}
COMMAND: GET /session/371b8fcef450a364efde700f21fc0eae/screenshot - {}
RESULT: {}
COMMAND: POST /session/371b8fcef450a364efde700f21fc0eae/element - {"using":"xpath","value":"//bdi[contains(text(), \"OK\")]"}
RESULT: {"using":"xpath","value":"//bdi[contains(text(), \"OK\")]"}
COMMAND: POST /session/371b8fcef450a364efde700f21fc0eae/element/f.FFD2F70B7356459FE22D1016ABDF7B9E.d.F8C6D74F5172AABDD4E5FCB50DEE44F7.e.16477/click - {}
RESULT: {}
COMMAND: GET /session/371b8fcef450a364efde700f21fc0eae/screenshot - {}
RESULT: {}
COMMAND: POST /session/371b8fcef450a364efde700f21fc0eae/element - {"using":"xpath","value":"//bdi[contains(text(), \"Issue\")]"}
RESULT: {"using":"xpath","value":"//bdi[contains(text(), \"Issue\")]"}
COMMAND: POST /session/371b8fcef450a364efde700f21fc0eae/element/f.FFD2F70B7356459FE22D1016ABDF7B9E.d.F8C6D74F5172AABDD4E5FCB50DEE44F7.e.16479/click - {}
RESULT: {}
COMMAND: GET /session/371b8fcef450a364efde700f21fc0eae/screenshot - {}
RESULT: {}
COMMAND: POST /session/371b8fcef450a364efde700f21fc0eae/element - {"using":"css selector","value":"#shell-header-logo"}
RESULT: {"using":"css selector","value":"#shell-header-logo"}
COMMAND: POST /session/371b8fcef450a364efde700f21fc0eae/element/f.FFD2F70B7356459FE22D1016ABDF7B9E.d.F8C6D74F5172AABDD4E5FCB50DEE44F7.e.15662/click - {}
RESULT: {}
COMMAND: GET /session/371b8fcef450a364efde700f21fc0eae/screenshot - {}
RESULT: {}
]]></system-out>
    </testcase>
    <testcase classname="chrome.135_0_7049_96.windows.Billing_transfer_US117289" name="Should navigate to Manage Billings and trigger contract calculation business confirm it" time="52.338">
      <system-out><![CDATA[
COMMAND: POST /session/371b8fcef450a364efde700f21fc0eae/execute/async - {"script":"<script> [1562 bytes]","args":[{"selector":{"controlType":"sap.m.GenericTile","properties":{"header":"Manage Billings"}},"wdio_ui5_key":"sapm.GenericTile{\"header\":\"Manage Billings\"}"}]}
RESULT: {"script":"<script> [1562 bytes]","args":[{"selector":{"controlType":"sap.m.GenericTile","properties":{"header":"Manage Billings"}},"wdio_ui5_key":"sapm.GenericTile{\"header\":\"Manage Billings\"}"}]}
RESULT: undefined
COMMAND: POST /session/371b8fcef450a364efde700f21fc0eae/element - {"using":"xpath","value":"//*[@id=\"__tile51\"]"}
RESULT: {"using":"xpath","value":"//*[@id=\"__tile51\"]"}
COMMAND: POST /session/371b8fcef450a364efde700f21fc0eae/element/f.FFD2F70B7356459FE22D1016ABDF7B9E.d.F8C6D74F5172AABDD4E5FCB50DEE44F7.e.13513/click - {}
RESULT: {}
COMMAND: GET /session/371b8fcef450a364efde700f21fc0eae/screenshot - {}
RESULT: {}
COMMAND: POST /session/371b8fcef450a364efde700f21fc0eae/execute/async - {"script":"<script> [1562 bytes]","args":[{"selector":{"id":"application-managebillings-display-component---billRunCalcResult--smartFilterBar-btnBasicSearch","interaction":{"idSuffix":"I"}},"wdio_ui5_key":"applicationmanagebillings-display-component---billRunCalcResult--smartFilterBar-btnBasicSearch"}]}
RESULT: {"script":"<script> [1562 bytes]","args":[{"selector":{"id":"application-managebillings-display-component---billRunCalcResult--smartFilterBar-btnBasicSearch","interaction":{"idSuffix":"I"}},"wdio_ui5_key":"applicationmanagebillings-display-component---billRunCalcResult--smartFilterBar-btnBasicSearch"}]}
RESULT: undefined
COMMAND: POST /session/371b8fcef450a364efde700f21fc0eae/execute/async - {"script":"<script> [776 bytes]","args":[{"enterText":"10467","selector":{"id":"application-managebillings-display-component---billRunCalcResult--smartFilterBar-btnBasicSearch","interaction":{"idSuffix":"I"}},"clearTextFirst":true,"interactionType":"ENTER_TEXT"}]}
RESULT: {"script":"<script> [776 bytes]","args":[{"enterText":"10467","selector":{"id":"application-managebillings-display-component---billRunCalcResult--smartFilterBar-btnBasicSearch","interaction":{"idSuffix":"I"}},"clearTextFirst":true,"interactionType":"ENTER_TEXT"}]}
COMMAND: POST /session/371b8fcef450a364efde700f21fc0eae/actions - {"actions":[{"id":"action54","type":"key","parameters":{},"actions":[{"type":"keyDown","value":"î€‡"},{"type":"pause","duration":10},{"type":"keyUp","value":"î€‡"}]}]}
RESULT: {"actions":[{"id":"action54","type":"key","parameters":{},"actions":[{"type":"keyDown","value":"î€‡"},{"type":"pause","duration":10},{"type":"keyUp","value":"î€‡"}]}]}
COMMAND: GET /session/371b8fcef450a364efde700f21fc0eae/screenshot - {}
RESULT: {}
COMMAND: POST /session/371b8fcef450a364efde700f21fc0eae/element - {"using":"xpath","value":"//td[@aria-colindex=\"1\"]/div/div[contains(@class, \"sapMCbBg\")]"}
RESULT: {"using":"xpath","value":"//td[@aria-colindex=\"1\"]/div/div[contains(@class, \"sapMCbBg\")]"}
COMMAND: POST /session/371b8fcef450a364efde700f21fc0eae/element/f.FFD2F70B7356459FE22D1016ABDF7B9E.d.F8C6D74F5172AABDD4E5FCB50DEE44F7.e.16867/click - {}
RESULT: {}
COMMAND: GET /session/371b8fcef450a364efde700f21fc0eae/screenshot - {}
RESULT: {}
COMMAND: POST /session/371b8fcef450a364efde700f21fc0eae/execute/async - {"script":"<script> [1562 bytes]","args":[{"selector":{"id":"application-managebillings-display-component---billRunCalcResult--contractBillRunDate","interaction":{"idSuffix":"inner"}},"wdio_ui5_key":"applicationmanagebillings-display-component---billRunCalcResult--contractBillRunDate"}]}
RESULT: {"script":"<script> [1562 bytes]","args":[{"selector":{"id":"application-managebillings-display-component---billRunCalcResult--contractBillRunDate","interaction":{"idSuffix":"inner"}},"wdio_ui5_key":"applicationmanagebillings-display-component---billRunCalcResult--contractBillRunDate"}]}
RESULT: undefined
COMMAND: POST /session/371b8fcef450a364efde700f21fc0eae/execute/async - {"script":"<script> [776 bytes]","args":[{"enterText":"06/02/25","selector":{"id":"application-managebillings-display-component---billRunCalcResult--contractBillRunDate","interaction":{"idSuffix":"inner"}},"clearTextFirst":true,"interactionType":"ENTER_TEXT"}]}
RESULT: {"script":"<script> [776 bytes]","args":[{"enterText":"06/02/25","selector":{"id":"application-managebillings-display-component---billRunCalcResult--contractBillRunDate","interaction":{"idSuffix":"inner"}},"clearTextFirst":true,"interactionType":"ENTER_TEXT"}]}
COMMAND: POST /session/371b8fcef450a364efde700f21fc0eae/element - {"using":"xpath","value":"//bdi[contains(text(), \"Trigger Calculation\")]"}
RESULT: {"using":"xpath","value":"//bdi[contains(text(), \"Trigger Calculation\")]"}
COMMAND: POST /session/371b8fcef450a364efde700f21fc0eae/element/f.FFD2F70B7356459FE22D1016ABDF7B9E.d.F8C6D74F5172AABDD4E5FCB50DEE44F7.e.16919/click - {}
RESULT: {}
COMMAND: GET /session/371b8fcef450a364efde700f21fc0eae/screenshot - {}
RESULT: {}
COMMAND: POST /session/371b8fcef450a364efde700f21fc0eae/element - {"using":"xpath","value":"(//span[contains(@id, \"imgNav\")])[1]"}
RESULT: {"using":"xpath","value":"(//span[contains(@id, \"imgNav\")])[1]"}
COMMAND: POST /session/371b8fcef450a364efde700f21fc0eae/element/f.FFD2F70B7356459FE22D1016ABDF7B9E.d.F8C6D74F5172AABDD4E5FCB50DEE44F7.e.16868/click - {}
RESULT: {}
COMMAND: GET /session/371b8fcef450a364efde700f21fc0eae/screenshot - {}
RESULT: {}
COMMAND: POST /session/371b8fcef450a364efde700f21fc0eae/execute/async - {"script":"<script> [1562 bytes]","args":[{"selector":{"controlType":"sap.ui.core.Icon","viewName":"etm.portal.ui.managebillings.view.Master","viewId":"application-managebillings-display-component---billRunCalcResult","properties":{"src":{"regex":{"source":"slim\\-arrow\\-right"}}}},"wdio_ui5_key":"etmportal.ui.managebillings.view.Mastersap.ui.core.Icon{\"src\":{\"regex\":{\"source\":\"slim\\\\-arrow\\\\-right\"}}}"}]}
RESULT: {"script":"<script> [1562 bytes]","args":[{"selector":{"controlType":"sap.ui.core.Icon","viewName":"etm.portal.ui.managebillings.view.Master","viewId":"application-managebillings-display-component---billRunCalcResult","properties":{"src":{"regex":{"source":"slim\\-arrow\\-right"}}}},"wdio_ui5_key":"etmportal.ui.managebillings.view.Mastersap.ui.core.Icon{\"src\":{\"regex\":{\"source\":\"slim\\\\-arrow\\\\-right\"}}}"}]}
RESULT: undefined
COMMAND: POST /session/371b8fcef450a364efde700f21fc0eae/element - {"using":"xpath","value":"//*[@id=\"__item2238-application-managebillings-display-component---billRunCalcResult--billingRunsTable-0-imgNav\"]"}
RESULT: {"using":"xpath","value":"//*[@id=\"__item2238-application-managebillings-display-component---billRunCalcResult--billingRunsTable-0-imgNav\"]"}
COMMAND: POST /session/371b8fcef450a364efde700f21fc0eae/element/f.FFD2F70B7356459FE22D1016ABDF7B9E.d.F8C6D74F5172AABDD4E5FCB50DEE44F7.e.16925/click - {}
RESULT: {}
COMMAND: POST /session/371b8fcef450a364efde700f21fc0eae/execute/async - {"script":"<script> [1562 bytes]","args":[{"selector":{"id":"application-managebillings-display-component---billRunCalcResult--btnConf","interaction":{"idSuffix":"BDI-content"}},"wdio_ui5_key":"applicationmanagebillings-display-component---billRunCalcResult--btnConf"}]}
COMMAND: GET /session/371b8fcef450a364efde700f21fc0eae/screenshot - {}
RESULT: {"script":"<script> [1562 bytes]","args":[{"selector":{"id":"application-managebillings-display-component---billRunCalcResult--btnConf","interaction":{"idSuffix":"BDI-content"}},"wdio_ui5_key":"applicationmanagebillings-display-component---billRunCalcResult--btnConf"}]}
RESULT: undefined
COMMAND: POST /session/371b8fcef450a364efde700f21fc0eae/element - {"using":"xpath","value":"//*[@id=\"application-managebillings-display-component---billRunCalcResult--btnConf\"]"}
RESULT: {}
RESULT: {"using":"xpath","value":"//*[@id=\"application-managebillings-display-component---billRunCalcResult--btnConf\"]"}
COMMAND: POST /session/371b8fcef450a364efde700f21fc0eae/element/f.FFD2F70B7356459FE22D1016ABDF7B9E.d.F8C6D74F5172AABDD4E5FCB50DEE44F7.e.16955/click - {}
RESULT: {}
COMMAND: POST /session/371b8fcef450a364efde700f21fc0eae/element - {"using":"css selector","value":"#shell-header-logo"}
COMMAND: GET /session/371b8fcef450a364efde700f21fc0eae/screenshot - {}
RESULT: {"using":"css selector","value":"#shell-header-logo"}
COMMAND: POST /session/371b8fcef450a364efde700f21fc0eae/element/f.FFD2F70B7356459FE22D1016ABDF7B9E.d.F8C6D74F5172AABDD4E5FCB50DEE44F7.e.16659/click - {}
RESULT: {}
RESULT: {}
COMMAND: GET /session/371b8fcef450a364efde700f21fc0eae/screenshot - {}
RESULT: {}
]]></system-out>
    </testcase>
    <testcase classname="chrome.135_0_7049_96.windows.Billing_transfer_US117289" name="Should trigger Billing Transfer process all the way to completion" time="77.188">
      <system-out><![CDATA[
COMMAND: POST /session/371b8fcef450a364efde700f21fc0eae/execute/async - {"script":"<script> [1562 bytes]","args":[{"selector":{"controlType":"sap.m.GenericTile","properties":{"header":"Billing Transfer"}},"wdio_ui5_key":"sapm.GenericTile{\"header\":\"Billing Transfer\"}"}]}
RESULT: {"script":"<script> [1562 bytes]","args":[{"selector":{"controlType":"sap.m.GenericTile","properties":{"header":"Billing Transfer"}},"wdio_ui5_key":"sapm.GenericTile{\"header\":\"Billing Transfer\"}"}]}
RESULT: undefined
COMMAND: POST /session/371b8fcef450a364efde700f21fc0eae/element - {"using":"xpath","value":"//*[@id=\"__tile50\"]"}
RESULT: {"using":"xpath","value":"//*[@id=\"__tile50\"]"}
COMMAND: POST /session/371b8fcef450a364efde700f21fc0eae/element/f.FFD2F70B7356459FE22D1016ABDF7B9E.d.F8C6D74F5172AABDD4E5FCB50DEE44F7.e.13511/click - {}
RESULT: {}
COMMAND: POST /session/371b8fcef450a364efde700f21fc0eae/element - {"using":"xpath","value":"//input[contains(@id ,\"application-billingtransfer-display-component---billingWorkbench--smartFilterBar-btnBasicSearch\")]"}
COMMAND: GET /session/371b8fcef450a364efde700f21fc0eae/screenshot - {}
RESULT: {"using":"xpath","value":"//input[contains(@id ,\"application-billingtransfer-display-component---billingWorkbench--smartFilterBar-btnBasicSearch\")]"}
COMMAND: POST /session/371b8fcef450a364efde700f21fc0eae/elements - {"using":"xpath","value":"//input[contains(@id ,\"application-billingtransfer-display-component---billingWorkbench--smartFilterBar-btnBasicSearch\")]"}
RESULT: {}
RESULT: {"using":"xpath","value":"//input[contains(@id ,\"application-billingtransfer-display-component---billingWorkbench--smartFilterBar-btnBasicSearch\")]"}
COMMAND: POST /session/371b8fcef450a364efde700f21fc0eae/elements - {"using":"xpath","value":"//input[contains(@id ,\"application-billingtransfer-display-component---billingWorkbench--smartFilterBar-btnBasicSearch\")]"}
RESULT: {"using":"xpath","value":"//input[contains(@id ,\"application-billingtransfer-display-component---billingWorkbench--smartFilterBar-btnBasicSearch\")]"}
COMMAND: POST /session/371b8fcef450a364efde700f21fc0eae/element - {"using":"xpath","value":"//input[contains(@id ,\"application-billingtransfer-display-component---billingWorkbench--smartFilterBar-btnBasicSearch\")]"}
RESULT: {"using":"xpath","value":"//input[contains(@id ,\"application-billingtransfer-display-component---billingWorkbench--smartFilterBar-btnBasicSearch\")]"}
COMMAND: POST /session/371b8fcef450a364efde700f21fc0eae/execute/sync - {"script":"<script> [8489 bytes]","args":[{"element-6066-11e4-a52e-4f735466cecf":"f.FFD2F70B7356459FE22D1016ABDF7B9E.d.F8C6D74F5172AABDD4E5FCB50DEE44F7.e.17006","ELEMENT":"f.FFD2F70B7356459FE22D1016ABDF7B9E.d.F8C6D74F5172AABDD4E5FCB50DEE44F7.e.17006"}]}
RESULT: {"script":"<script> [8489 bytes]","args":[{"element-6066-11e4-a52e-4f735466cecf":"f.FFD2F70B7356459FE22D1016ABDF7B9E.d.F8C6D74F5172AABDD4E5FCB50DEE44F7.e.17006","ELEMENT":"f.FFD2F70B7356459FE22D1016ABDF7B9E.d.F8C6D74F5172AABDD4E5FCB50DEE44F7.e.17006"}]}
COMMAND: GET /session/371b8fcef450a364efde700f21fc0eae/element/f.FFD2F70B7356459FE22D1016ABDF7B9E.d.F8C6D74F5172AABDD4E5FCB50DEE44F7.e.17006/enabled - {}
COMMAND: GET /session/371b8fcef450a364efde700f21fc0eae/screenshot - {}
RESULT: {}
COMMAND: POST /session/371b8fcef450a364efde700f21fc0eae/element/f.FFD2F70B7356459FE22D1016ABDF7B9E.d.F8C6D74F5172AABDD4E5FCB50DEE44F7.e.17006/click - {}
COMMAND: GET /session/371b8fcef450a364efde700f21fc0eae/screenshot - {}
RESULT: {}
RESULT: {}
COMMAND: GET /session/371b8fcef450a364efde700f21fc0eae/screenshot - {}
RESULT: {}
RESULT: {}
COMMAND: POST /session/371b8fcef450a364efde700f21fc0eae/element/f.FFD2F70B7356459FE22D1016ABDF7B9E.d.F8C6D74F5172AABDD4E5FCB50DEE44F7.e.17006/clear - {}
RESULT: {}
COMMAND: POST /session/371b8fcef450a364efde700f21fc0eae/element/f.FFD2F70B7356459FE22D1016ABDF7B9E.d.F8C6D74F5172AABDD4E5FCB50DEE44F7.e.17006/value - {"text":"10467"}
COMMAND: GET /session/371b8fcef450a364efde700f21fc0eae/screenshot - {}
RESULT: {"text":"10467"}
COMMAND: POST /session/371b8fcef450a364efde700f21fc0eae/actions - {"actions":[{"id":"action55","type":"key","parameters":{},"actions":[{"type":"keyDown","value":"î€‡"},{"type":"pause","duration":10},{"type":"keyUp","value":"î€‡"}]}]}
COMMAND: GET /session/371b8fcef450a364efde700f21fc0eae/screenshot - {}
RESULT: {}
RESULT: {"actions":[{"id":"action55","type":"key","parameters":{},"actions":[{"type":"keyDown","value":"î€‡"},{"type":"pause","duration":10},{"type":"keyUp","value":"î€‡"}]}]}
COMMAND: GET /session/371b8fcef450a364efde700f21fc0eae/screenshot - {}
RESULT: {}
RESULT: {}
COMMAND: POST /session/371b8fcef450a364efde700f21fc0eae/element - {"using":"xpath","value":"//span[contains(@id ,\"application-billingtransfer-display-component---billingWorkbench--smartTableBillingRuns-header-inner\")]"}
RESULT: {"using":"xpath","value":"//span[contains(@id ,\"application-billingtransfer-display-component---billingWorkbench--smartTableBillingRuns-header-inner\")]"}
COMMAND: POST /session/371b8fcef450a364efde700f21fc0eae/elements - {"using":"xpath","value":"//span[contains(@id ,\"application-billingtransfer-display-component---billingWorkbench--smartTableBillingRuns-header-inner\")]"}
RESULT: {"using":"xpath","value":"//span[contains(@id ,\"application-billingtransfer-display-component---billingWorkbench--smartTableBillingRuns-header-inner\")]"}
COMMAND: POST /session/371b8fcef450a364efde700f21fc0eae/execute/sync - {"script":"<script> [56 bytes]","args":[{"element-6066-11e4-a52e-4f735466cecf":"f.FFD2F70B7356459FE22D1016ABDF7B9E.d.F8C6D74F5172AABDD4E5FCB50DEE44F7.e.17228","ELEMENT":"f.FFD2F70B7356459FE22D1016ABDF7B9E.d.F8C6D74F5172AABDD4E5FCB50DEE44F7.e.17228"}]}
RESULT: {"script":"<script> [56 bytes]","args":[{"element-6066-11e4-a52e-4f735466cecf":"f.FFD2F70B7356459FE22D1016ABDF7B9E.d.F8C6D74F5172AABDD4E5FCB50DEE44F7.e.17228","ELEMENT":"f.FFD2F70B7356459FE22D1016ABDF7B9E.d.F8C6D74F5172AABDD4E5FCB50DEE44F7.e.17228"}]}
COMMAND: POST /session/371b8fcef450a364efde700f21fc0eae/element - {"using":"xpath","value":"//td[@aria-colindex=\"1\"]/div/div[contains(@class, \"sapMCbBg\")]"}
COMMAND: GET /session/371b8fcef450a364efde700f21fc0eae/screenshot - {}
RESULT: {"using":"xpath","value":"//td[@aria-colindex=\"1\"]/div/div[contains(@class, \"sapMCbBg\")]"}
COMMAND: POST /session/371b8fcef450a364efde700f21fc0eae/element/f.FFD2F70B7356459FE22D1016ABDF7B9E.d.F8C6D74F5172AABDD4E5FCB50DEE44F7.e.17219/click - {}
RESULT: {}
RESULT: {}
COMMAND: GET /session/371b8fcef450a364efde700f21fc0eae/screenshot - {}
RESULT: {}
COMMAND: POST /session/371b8fcef450a364efde700f21fc0eae/element - {"using":"xpath","value":"//bdi[contains(text(), \"Check\")]"}
RESULT: {"using":"xpath","value":"//bdi[contains(text(), \"Check\")]"}
COMMAND: POST /session/371b8fcef450a364efde700f21fc0eae/element/f.FFD2F70B7356459FE22D1016ABDF7B9E.d.F8C6D74F5172AABDD4E5FCB50DEE44F7.e.17229/click - {}
RESULT: {}
COMMAND: GET /session/371b8fcef450a364efde700f21fc0eae/screenshot - {}
RESULT: {}
COMMAND: POST /session/371b8fcef450a364efde700f21fc0eae/element - {"using":"xpath","value":"//bdi[contains(text(), \"OK\")]"}
RESULT: {"using":"xpath","value":"//bdi[contains(text(), \"OK\")]"}
COMMAND: POST /session/371b8fcef450a364efde700f21fc0eae/element/f.FFD2F70B7356459FE22D1016ABDF7B9E.d.F8C6D74F5172AABDD4E5FCB50DEE44F7.e.17232/click - {}
RESULT: {}
COMMAND: GET /session/371b8fcef450a364efde700f21fc0eae/screenshot - {}
RESULT: {}
COMMAND: POST /session/371b8fcef450a364efde700f21fc0eae/element - {"using":"xpath","value":"(//span[contains(text(), \"CO/SD checked\")]/parent::div/preceding-sibling::div/span)[1]"}
RESULT: {"using":"xpath","value":"(//span[contains(text(), \"CO/SD checked\")]/parent::div/preceding-sibling::div/span)[1]"}
COMMAND: POST /session/371b8fcef450a364efde700f21fc0eae/element/f.FFD2F70B7356459FE22D1016ABDF7B9E.d.F8C6D74F5172AABDD4E5FCB50DEE44F7.e.17233/click - {}
RESULT: {}
COMMAND: GET /session/371b8fcef450a364efde700f21fc0eae/screenshot - {}
RESULT: {}
COMMAND: POST /session/371b8fcef450a364efde700f21fc0eae/element - {"using":"xpath","value":"//input[contains(@id ,\"application-billingtransfer-display-component---billingWorkbench--smartFilterBar-btnBasicSearch\")]"}
RESULT: {"using":"xpath","value":"//input[contains(@id ,\"application-billingtransfer-display-component---billingWorkbench--smartFilterBar-btnBasicSearch\")]"}
COMMAND: POST /session/371b8fcef450a364efde700f21fc0eae/elements - {"using":"xpath","value":"//input[contains(@id ,\"application-billingtransfer-display-component---billingWorkbench--smartFilterBar-btnBasicSearch\")]"}
RESULT: {"using":"xpath","value":"//input[contains(@id ,\"application-billingtransfer-display-component---billingWorkbench--smartFilterBar-btnBasicSearch\")]"}
COMMAND: POST /session/371b8fcef450a364efde700f21fc0eae/execute/sync - {"script":"<script> [8489 bytes]","args":[{"element-6066-11e4-a52e-4f735466cecf":"f.FFD2F70B7356459FE22D1016ABDF7B9E.d.F8C6D74F5172AABDD4E5FCB50DEE44F7.e.17006","ELEMENT":"f.FFD2F70B7356459FE22D1016ABDF7B9E.d.F8C6D74F5172AABDD4E5FCB50DEE44F7.e.17006"}]}
RESULT: {"script":"<script> [8489 bytes]","args":[{"element-6066-11e4-a52e-4f735466cecf":"f.FFD2F70B7356459FE22D1016ABDF7B9E.d.F8C6D74F5172AABDD4E5FCB50DEE44F7.e.17006","ELEMENT":"f.FFD2F70B7356459FE22D1016ABDF7B9E.d.F8C6D74F5172AABDD4E5FCB50DEE44F7.e.17006"}]}
COMMAND: GET /session/371b8fcef450a364efde700f21fc0eae/element/f.FFD2F70B7356459FE22D1016ABDF7B9E.d.F8C6D74F5172AABDD4E5FCB50DEE44F7.e.17006/enabled - {}
COMMAND: GET /session/371b8fcef450a364efde700f21fc0eae/screenshot - {}
RESULT: {}
COMMAND: POST /session/371b8fcef450a364efde700f21fc0eae/element/f.FFD2F70B7356459FE22D1016ABDF7B9E.d.F8C6D74F5172AABDD4E5FCB50DEE44F7.e.17006/click - {}
COMMAND: GET /session/371b8fcef450a364efde700f21fc0eae/screenshot - {}
RESULT: {}
RESULT: {}
COMMAND: GET /session/371b8fcef450a364efde700f21fc0eae/screenshot - {}
RESULT: {}
RESULT: {}
COMMAND: POST /session/371b8fcef450a364efde700f21fc0eae/element/f.FFD2F70B7356459FE22D1016ABDF7B9E.d.F8C6D74F5172AABDD4E5FCB50DEE44F7.e.17006/clear - {}
RESULT: {}
COMMAND: POST /session/371b8fcef450a364efde700f21fc0eae/element/f.FFD2F70B7356459FE22D1016ABDF7B9E.d.F8C6D74F5172AABDD4E5FCB50DEE44F7.e.17006/value - {"text":"10467"}
COMMAND: GET /session/371b8fcef450a364efde700f21fc0eae/screenshot - {}
RESULT: {"text":"10467"}
COMMAND: POST /session/371b8fcef450a364efde700f21fc0eae/actions - {"actions":[{"id":"action56","type":"key","parameters":{},"actions":[{"type":"keyDown","value":"î€‡"},{"type":"pause","duration":10},{"type":"keyUp","value":"î€‡"}]}]}
COMMAND: GET /session/371b8fcef450a364efde700f21fc0eae/screenshot - {}
RESULT: {}
RESULT: {"actions":[{"id":"action56","type":"key","parameters":{},"actions":[{"type":"keyDown","value":"î€‡"},{"type":"pause","duration":10},{"type":"keyUp","value":"î€‡"}]}]}
COMMAND: GET /session/371b8fcef450a364efde700f21fc0eae/screenshot - {}
RESULT: {}
RESULT: {}
COMMAND: POST /session/371b8fcef450a364efde700f21fc0eae/element - {"using":"xpath","value":"//span[contains(@id ,\"application-billingtransfer-display-component---billingWorkbench--smartTableBillingRuns-header-inner\")]"}
RESULT: {"using":"xpath","value":"//span[contains(@id ,\"application-billingtransfer-display-component---billingWorkbench--smartTableBillingRuns-header-inner\")]"}
COMMAND: POST /session/371b8fcef450a364efde700f21fc0eae/elements - {"using":"xpath","value":"//span[contains(@id ,\"application-billingtransfer-display-component---billingWorkbench--smartTableBillingRuns-header-inner\")]"}
RESULT: {"using":"xpath","value":"//span[contains(@id ,\"application-billingtransfer-display-component---billingWorkbench--smartTableBillingRuns-header-inner\")]"}
COMMAND: POST /session/371b8fcef450a364efde700f21fc0eae/execute/sync - {"script":"<script> [56 bytes]","args":[{"element-6066-11e4-a52e-4f735466cecf":"f.FFD2F70B7356459FE22D1016ABDF7B9E.d.F8C6D74F5172AABDD4E5FCB50DEE44F7.e.17228","ELEMENT":"f.FFD2F70B7356459FE22D1016ABDF7B9E.d.F8C6D74F5172AABDD4E5FCB50DEE44F7.e.17228"}]}
RESULT: {"script":"<script> [56 bytes]","args":[{"element-6066-11e4-a52e-4f735466cecf":"f.FFD2F70B7356459FE22D1016ABDF7B9E.d.F8C6D74F5172AABDD4E5FCB50DEE44F7.e.17228","ELEMENT":"f.FFD2F70B7356459FE22D1016ABDF7B9E.d.F8C6D74F5172AABDD4E5FCB50DEE44F7.e.17228"}]}
COMMAND: POST /session/371b8fcef450a364efde700f21fc0eae/element - {"using":"xpath","value":"//td[@aria-colindex=\"1\"]/div/div[contains(@class, \"sapMCbBg\")]"}
COMMAND: GET /session/371b8fcef450a364efde700f21fc0eae/screenshot - {}
RESULT: {"using":"xpath","value":"//td[@aria-colindex=\"1\"]/div/div[contains(@class, \"sapMCbBg\")]"}
COMMAND: POST /session/371b8fcef450a364efde700f21fc0eae/element/f.FFD2F70B7356459FE22D1016ABDF7B9E.d.F8C6D74F5172AABDD4E5FCB50DEE44F7.e.17237/click - {}
RESULT: {}
RESULT: {}
COMMAND: GET /session/371b8fcef450a364efde700f21fc0eae/screenshot - {}
RESULT: {}
COMMAND: POST /session/371b8fcef450a364efde700f21fc0eae/element - {"using":"xpath","value":"//bdi[text()=\"Transfer\"]"}
RESULT: {"using":"xpath","value":"//bdi[text()=\"Transfer\"]"}
COMMAND: POST /session/371b8fcef450a364efde700f21fc0eae/element/f.FFD2F70B7356459FE22D1016ABDF7B9E.d.F8C6D74F5172AABDD4E5FCB50DEE44F7.e.17238/click - {}
RESULT: {}
COMMAND: GET /session/371b8fcef450a364efde700f21fc0eae/screenshot - {}
RESULT: {}
COMMAND: POST /session/371b8fcef450a364efde700f21fc0eae/element - {"using":"xpath","value":"//bdi[contains(text(), \"OK\")]"}
RESULT: {"using":"xpath","value":"//bdi[contains(text(), \"OK\")]"}
COMMAND: POST /session/371b8fcef450a364efde700f21fc0eae/element/f.FFD2F70B7356459FE22D1016ABDF7B9E.d.F8C6D74F5172AABDD4E5FCB50DEE44F7.e.17241/click - {}
RESULT: {}
COMMAND: GET /session/371b8fcef450a364efde700f21fc0eae/screenshot - {}
RESULT: {}
COMMAND: POST /session/371b8fcef450a364efde700f21fc0eae/element - {"using":"xpath","value":"(//span[contains(text(), \"Completed\")]/parent::div/preceding-sibling::div/span)[1]"}
RESULT: {"using":"xpath","value":"(//span[contains(text(), \"Completed\")]/parent::div/preceding-sibling::div/span)[1]"}
COMMAND: POST /session/371b8fcef450a364efde700f21fc0eae/element/f.FFD2F70B7356459FE22D1016ABDF7B9E.d.F8C6D74F5172AABDD4E5FCB50DEE44F7.e.17249/click - {}
RESULT: {}
COMMAND: POST /session/371b8fcef450a364efde700f21fc0eae/element - {"using":"xpath","value":"//input[contains(@id ,\"application-billingtransfer-display-component---billingWorkbench--smartFilterBar-btnBasicSearch\")]"}
COMMAND: GET /session/371b8fcef450a364efde700f21fc0eae/screenshot - {}
RESULT: {"using":"xpath","value":"//input[contains(@id ,\"application-billingtransfer-display-component---billingWorkbench--smartFilterBar-btnBasicSearch\")]"}
COMMAND: POST /session/371b8fcef450a364efde700f21fc0eae/elements - {"using":"xpath","value":"//input[contains(@id ,\"application-billingtransfer-display-component---billingWorkbench--smartFilterBar-btnBasicSearch\")]"}
RESULT: {}
RESULT: {"using":"xpath","value":"//input[contains(@id ,\"application-billingtransfer-display-component---billingWorkbench--smartFilterBar-btnBasicSearch\")]"}
COMMAND: POST /session/371b8fcef450a364efde700f21fc0eae/execute/sync - {"script":"<script> [8489 bytes]","args":[{"element-6066-11e4-a52e-4f735466cecf":"f.FFD2F70B7356459FE22D1016ABDF7B9E.d.F8C6D74F5172AABDD4E5FCB50DEE44F7.e.17006","ELEMENT":"f.FFD2F70B7356459FE22D1016ABDF7B9E.d.F8C6D74F5172AABDD4E5FCB50DEE44F7.e.17006"}]}
RESULT: {"script":"<script> [8489 bytes]","args":[{"element-6066-11e4-a52e-4f735466cecf":"f.FFD2F70B7356459FE22D1016ABDF7B9E.d.F8C6D74F5172AABDD4E5FCB50DEE44F7.e.17006","ELEMENT":"f.FFD2F70B7356459FE22D1016ABDF7B9E.d.F8C6D74F5172AABDD4E5FCB50DEE44F7.e.17006"}]}
COMMAND: GET /session/371b8fcef450a364efde700f21fc0eae/element/f.FFD2F70B7356459FE22D1016ABDF7B9E.d.F8C6D74F5172AABDD4E5FCB50DEE44F7.e.17006/enabled - {}
COMMAND: GET /session/371b8fcef450a364efde700f21fc0eae/screenshot - {}
RESULT: {}
COMMAND: POST /session/371b8fcef450a364efde700f21fc0eae/element/f.FFD2F70B7356459FE22D1016ABDF7B9E.d.F8C6D74F5172AABDD4E5FCB50DEE44F7.e.17006/click - {}
COMMAND: GET /session/371b8fcef450a364efde700f21fc0eae/screenshot - {}
RESULT: {}
RESULT: {}
COMMAND: GET /session/371b8fcef450a364efde700f21fc0eae/screenshot - {}
RESULT: {}
RESULT: {}
COMMAND: POST /session/371b8fcef450a364efde700f21fc0eae/element/f.FFD2F70B7356459FE22D1016ABDF7B9E.d.F8C6D74F5172AABDD4E5FCB50DEE44F7.e.17006/clear - {}
RESULT: {}
COMMAND: POST /session/371b8fcef450a364efde700f21fc0eae/element/f.FFD2F70B7356459FE22D1016ABDF7B9E.d.F8C6D74F5172AABDD4E5FCB50DEE44F7.e.17006/value - {"text":"10467"}
COMMAND: GET /session/371b8fcef450a364efde700f21fc0eae/screenshot - {}
RESULT: {"text":"10467"}
COMMAND: POST /session/371b8fcef450a364efde700f21fc0eae/actions - {"actions":[{"id":"action57","type":"key","parameters":{},"actions":[{"type":"keyDown","value":"î€‡"},{"type":"pause","duration":10},{"type":"keyUp","value":"î€‡"}]}]}
COMMAND: GET /session/371b8fcef450a364efde700f21fc0eae/screenshot - {}
RESULT: {}
RESULT: {"actions":[{"id":"action57","type":"key","parameters":{},"actions":[{"type":"keyDown","value":"î€‡"},{"type":"pause","duration":10},{"type":"keyUp","value":"î€‡"}]}]}
COMMAND: GET /session/371b8fcef450a364efde700f21fc0eae/screenshot - {}
RESULT: {}
RESULT: {}
COMMAND: POST /session/371b8fcef450a364efde700f21fc0eae/element - {"using":"xpath","value":"//span[contains(@id ,\"application-billingtransfer-display-component---billingWorkbench--smartTableBillingRuns-header-inner\")]"}
RESULT: {"using":"xpath","value":"//span[contains(@id ,\"application-billingtransfer-display-component---billingWorkbench--smartTableBillingRuns-header-inner\")]"}
COMMAND: POST /session/371b8fcef450a364efde700f21fc0eae/elements - {"using":"xpath","value":"//span[contains(@id ,\"application-billingtransfer-display-component---billingWorkbench--smartTableBillingRuns-header-inner\")]"}
RESULT: {"using":"xpath","value":"//span[contains(@id ,\"application-billingtransfer-display-component---billingWorkbench--smartTableBillingRuns-header-inner\")]"}
COMMAND: POST /session/371b8fcef450a364efde700f21fc0eae/execute/sync - {"script":"<script> [56 bytes]","args":[{"element-6066-11e4-a52e-4f735466cecf":"f.FFD2F70B7356459FE22D1016ABDF7B9E.d.F8C6D74F5172AABDD4E5FCB50DEE44F7.e.17228","ELEMENT":"f.FFD2F70B7356459FE22D1016ABDF7B9E.d.F8C6D74F5172AABDD4E5FCB50DEE44F7.e.17228"}]}
RESULT: {"script":"<script> [56 bytes]","args":[{"element-6066-11e4-a52e-4f735466cecf":"f.FFD2F70B7356459FE22D1016ABDF7B9E.d.F8C6D74F5172AABDD4E5FCB50DEE44F7.e.17228","ELEMENT":"f.FFD2F70B7356459FE22D1016ABDF7B9E.d.F8C6D74F5172AABDD4E5FCB50DEE44F7.e.17228"}]}
COMMAND: GET /session/371b8fcef450a364efde700f21fc0eae/screenshot - {}
RESULT: {}
COMMAND: POST /session/371b8fcef450a364efde700f21fc0eae/execute/sync - {"script":"<script> [56 bytes]","args":[{"element-6066-11e4-a52e-4f735466cecf":"f.FFD2F70B7356459FE22D1016ABDF7B9E.d.F8C6D74F5172AABDD4E5FCB50DEE44F7.e.17228","ELEMENT":"f.FFD2F70B7356459FE22D1016ABDF7B9E.d.F8C6D74F5172AABDD4E5FCB50DEE44F7.e.17228"}]}
RESULT: {"script":"<script> [56 bytes]","args":[{"element-6066-11e4-a52e-4f735466cecf":"f.FFD2F70B7356459FE22D1016ABDF7B9E.d.F8C6D74F5172AABDD4E5FCB50DEE44F7.e.17228","ELEMENT":"f.FFD2F70B7356459FE22D1016ABDF7B9E.d.F8C6D74F5172AABDD4E5FCB50DEE44F7.e.17228"}]}
COMMAND: GET /session/371b8fcef450a364efde700f21fc0eae/screenshot - {}
RESULT: {}
COMMAND: POST /session/371b8fcef450a364efde700f21fc0eae/execute/sync - {"script":"<script> [56 bytes]","args":[{"element-6066-11e4-a52e-4f735466cecf":"f.FFD2F70B7356459FE22D1016ABDF7B9E.d.F8C6D74F5172AABDD4E5FCB50DEE44F7.e.17228","ELEMENT":"f.FFD2F70B7356459FE22D1016ABDF7B9E.d.F8C6D74F5172AABDD4E5FCB50DEE44F7.e.17228"}]}
RESULT: {"script":"<script> [56 bytes]","args":[{"element-6066-11e4-a52e-4f735466cecf":"f.FFD2F70B7356459FE22D1016ABDF7B9E.d.F8C6D74F5172AABDD4E5FCB50DEE44F7.e.17228","ELEMENT":"f.FFD2F70B7356459FE22D1016ABDF7B9E.d.F8C6D74F5172AABDD4E5FCB50DEE44F7.e.17228"}]}
COMMAND: GET /session/371b8fcef450a364efde700f21fc0eae/screenshot - {}
RESULT: {}
COMMAND: POST /session/371b8fcef450a364efde700f21fc0eae/execute/sync - {"script":"<script> [56 bytes]","args":[{"element-6066-11e4-a52e-4f735466cecf":"f.FFD2F70B7356459FE22D1016ABDF7B9E.d.F8C6D74F5172AABDD4E5FCB50DEE44F7.e.17228","ELEMENT":"f.FFD2F70B7356459FE22D1016ABDF7B9E.d.F8C6D74F5172AABDD4E5FCB50DEE44F7.e.17228"}]}
RESULT: {"script":"<script> [56 bytes]","args":[{"element-6066-11e4-a52e-4f735466cecf":"f.FFD2F70B7356459FE22D1016ABDF7B9E.d.F8C6D74F5172AABDD4E5FCB50DEE44F7.e.17228","ELEMENT":"f.FFD2F70B7356459FE22D1016ABDF7B9E.d.F8C6D74F5172AABDD4E5FCB50DEE44F7.e.17228"}]}
COMMAND: GET /session/371b8fcef450a364efde700f21fc0eae/screenshot - {}
RESULT: {}
COMMAND: POST /session/371b8fcef450a364efde700f21fc0eae/execute/sync - {"script":"<script> [56 bytes]","args":[{"element-6066-11e4-a52e-4f735466cecf":"f.FFD2F70B7356459FE22D1016ABDF7B9E.d.F8C6D74F5172AABDD4E5FCB50DEE44F7.e.17228","ELEMENT":"f.FFD2F70B7356459FE22D1016ABDF7B9E.d.F8C6D74F5172AABDD4E5FCB50DEE44F7.e.17228"}]}
RESULT: {"script":"<script> [56 bytes]","args":[{"element-6066-11e4-a52e-4f735466cecf":"f.FFD2F70B7356459FE22D1016ABDF7B9E.d.F8C6D74F5172AABDD4E5FCB50DEE44F7.e.17228","ELEMENT":"f.FFD2F70B7356459FE22D1016ABDF7B9E.d.F8C6D74F5172AABDD4E5FCB50DEE44F7.e.17228"}]}
COMMAND: GET /session/371b8fcef450a364efde700f21fc0eae/screenshot - {}
RESULT: {}
COMMAND: POST /session/371b8fcef450a364efde700f21fc0eae/execute/sync - {"script":"<script> [56 bytes]","args":[{"element-6066-11e4-a52e-4f735466cecf":"f.FFD2F70B7356459FE22D1016ABDF7B9E.d.F8C6D74F5172AABDD4E5FCB50DEE44F7.e.17228","ELEMENT":"f.FFD2F70B7356459FE22D1016ABDF7B9E.d.F8C6D74F5172AABDD4E5FCB50DEE44F7.e.17228"}]}
RESULT: {"script":"<script> [56 bytes]","args":[{"element-6066-11e4-a52e-4f735466cecf":"f.FFD2F70B7356459FE22D1016ABDF7B9E.d.F8C6D74F5172AABDD4E5FCB50DEE44F7.e.17228","ELEMENT":"f.FFD2F70B7356459FE22D1016ABDF7B9E.d.F8C6D74F5172AABDD4E5FCB50DEE44F7.e.17228"}]}
COMMAND: GET /session/371b8fcef450a364efde700f21fc0eae/screenshot - {}
RESULT: {}
COMMAND: POST /session/371b8fcef450a364efde700f21fc0eae/execute/sync - {"script":"<script> [56 bytes]","args":[{"element-6066-11e4-a52e-4f735466cecf":"f.FFD2F70B7356459FE22D1016ABDF7B9E.d.F8C6D74F5172AABDD4E5FCB50DEE44F7.e.17228","ELEMENT":"f.FFD2F70B7356459FE22D1016ABDF7B9E.d.F8C6D74F5172AABDD4E5FCB50DEE44F7.e.17228"}]}
RESULT: {"script":"<script> [56 bytes]","args":[{"element-6066-11e4-a52e-4f735466cecf":"f.FFD2F70B7356459FE22D1016ABDF7B9E.d.F8C6D74F5172AABDD4E5FCB50DEE44F7.e.17228","ELEMENT":"f.FFD2F70B7356459FE22D1016ABDF7B9E.d.F8C6D74F5172AABDD4E5FCB50DEE44F7.e.17228"}]}
COMMAND: GET /session/371b8fcef450a364efde700f21fc0eae/screenshot - {}
RESULT: {}
COMMAND: POST /session/371b8fcef450a364efde700f21fc0eae/execute/sync - {"script":"<script> [56 bytes]","args":[{"element-6066-11e4-a52e-4f735466cecf":"f.FFD2F70B7356459FE22D1016ABDF7B9E.d.F8C6D74F5172AABDD4E5FCB50DEE44F7.e.17228","ELEMENT":"f.FFD2F70B7356459FE22D1016ABDF7B9E.d.F8C6D74F5172AABDD4E5FCB50DEE44F7.e.17228"}]}
RESULT: {"script":"<script> [56 bytes]","args":[{"element-6066-11e4-a52e-4f735466cecf":"f.FFD2F70B7356459FE22D1016ABDF7B9E.d.F8C6D74F5172AABDD4E5FCB50DEE44F7.e.17228","ELEMENT":"f.FFD2F70B7356459FE22D1016ABDF7B9E.d.F8C6D74F5172AABDD4E5FCB50DEE44F7.e.17228"}]}
COMMAND: GET /session/371b8fcef450a364efde700f21fc0eae/screenshot - {}
RESULT: {}
COMMAND: POST /session/371b8fcef450a364efde700f21fc0eae/execute/sync - {"script":"<script> [56 bytes]","args":[{"element-6066-11e4-a52e-4f735466cecf":"f.FFD2F70B7356459FE22D1016ABDF7B9E.d.F8C6D74F5172AABDD4E5FCB50DEE44F7.e.17228","ELEMENT":"f.FFD2F70B7356459FE22D1016ABDF7B9E.d.F8C6D74F5172AABDD4E5FCB50DEE44F7.e.17228"}]}
RESULT: {"script":"<script> [56 bytes]","args":[{"element-6066-11e4-a52e-4f735466cecf":"f.FFD2F70B7356459FE22D1016ABDF7B9E.d.F8C6D74F5172AABDD4E5FCB50DEE44F7.e.17228","ELEMENT":"f.FFD2F70B7356459FE22D1016ABDF7B9E.d.F8C6D74F5172AABDD4E5FCB50DEE44F7.e.17228"}]}
COMMAND: GET /session/371b8fcef450a364efde700f21fc0eae/screenshot - {}
RESULT: {}
COMMAND: POST /session/371b8fcef450a364efde700f21fc0eae/execute/sync - {"script":"<script> [56 bytes]","args":[{"element-6066-11e4-a52e-4f735466cecf":"f.FFD2F70B7356459FE22D1016ABDF7B9E.d.F8C6D74F5172AABDD4E5FCB50DEE44F7.e.17228","ELEMENT":"f.FFD2F70B7356459FE22D1016ABDF7B9E.d.F8C6D74F5172AABDD4E5FCB50DEE44F7.e.17228"}]}
RESULT: {"script":"<script> [56 bytes]","args":[{"element-6066-11e4-a52e-4f735466cecf":"f.FFD2F70B7356459FE22D1016ABDF7B9E.d.F8C6D74F5172AABDD4E5FCB50DEE44F7.e.17228","ELEMENT":"f.FFD2F70B7356459FE22D1016ABDF7B9E.d.F8C6D74F5172AABDD4E5FCB50DEE44F7.e.17228"}]}
COMMAND: GET /session/371b8fcef450a364efde700f21fc0eae/screenshot - {}
RESULT: {}
COMMAND: POST /session/371b8fcef450a364efde700f21fc0eae/execute/sync - {"script":"<script> [56 bytes]","args":[{"element-6066-11e4-a52e-4f735466cecf":"f.FFD2F70B7356459FE22D1016ABDF7B9E.d.F8C6D74F5172AABDD4E5FCB50DEE44F7.e.17228","ELEMENT":"f.FFD2F70B7356459FE22D1016ABDF7B9E.d.F8C6D74F5172AABDD4E5FCB50DEE44F7.e.17228"}]}
RESULT: {"script":"<script> [56 bytes]","args":[{"element-6066-11e4-a52e-4f735466cecf":"f.FFD2F70B7356459FE22D1016ABDF7B9E.d.F8C6D74F5172AABDD4E5FCB50DEE44F7.e.17228","ELEMENT":"f.FFD2F70B7356459FE22D1016ABDF7B9E.d.F8C6D74F5172AABDD4E5FCB50DEE44F7.e.17228"}]}
COMMAND: GET /session/371b8fcef450a364efde700f21fc0eae/screenshot - {}
RESULT: {}
COMMAND: POST /session/371b8fcef450a364efde700f21fc0eae/execute/sync - {"script":"<script> [56 bytes]","args":[{"element-6066-11e4-a52e-4f735466cecf":"f.FFD2F70B7356459FE22D1016ABDF7B9E.d.F8C6D74F5172AABDD4E5FCB50DEE44F7.e.17228","ELEMENT":"f.FFD2F70B7356459FE22D1016ABDF7B9E.d.F8C6D74F5172AABDD4E5FCB50DEE44F7.e.17228"}]}
RESULT: {"script":"<script> [56 bytes]","args":[{"element-6066-11e4-a52e-4f735466cecf":"f.FFD2F70B7356459FE22D1016ABDF7B9E.d.F8C6D74F5172AABDD4E5FCB50DEE44F7.e.17228","ELEMENT":"f.FFD2F70B7356459FE22D1016ABDF7B9E.d.F8C6D74F5172AABDD4E5FCB50DEE44F7.e.17228"}]}
COMMAND: GET /session/371b8fcef450a364efde700f21fc0eae/screenshot - {}
RESULT: {}
COMMAND: POST /session/371b8fcef450a364efde700f21fc0eae/execute/sync - {"script":"<script> [56 bytes]","args":[{"element-6066-11e4-a52e-4f735466cecf":"f.FFD2F70B7356459FE22D1016ABDF7B9E.d.F8C6D74F5172AABDD4E5FCB50DEE44F7.e.17228","ELEMENT":"f.FFD2F70B7356459FE22D1016ABDF7B9E.d.F8C6D74F5172AABDD4E5FCB50DEE44F7.e.17228"}]}
RESULT: {"script":"<script> [56 bytes]","args":[{"element-6066-11e4-a52e-4f735466cecf":"f.FFD2F70B7356459FE22D1016ABDF7B9E.d.F8C6D74F5172AABDD4E5FCB50DEE44F7.e.17228","ELEMENT":"f.FFD2F70B7356459FE22D1016ABDF7B9E.d.F8C6D74F5172AABDD4E5FCB50DEE44F7.e.17228"}]}
COMMAND: GET /session/371b8fcef450a364efde700f21fc0eae/screenshot - {}
RESULT: {}
COMMAND: POST /session/371b8fcef450a364efde700f21fc0eae/execute/sync - {"script":"<script> [56 bytes]","args":[{"element-6066-11e4-a52e-4f735466cecf":"f.FFD2F70B7356459FE22D1016ABDF7B9E.d.F8C6D74F5172AABDD4E5FCB50DEE44F7.e.17228","ELEMENT":"f.FFD2F70B7356459FE22D1016ABDF7B9E.d.F8C6D74F5172AABDD4E5FCB50DEE44F7.e.17228"}]}
RESULT: {"script":"<script> [56 bytes]","args":[{"element-6066-11e4-a52e-4f735466cecf":"f.FFD2F70B7356459FE22D1016ABDF7B9E.d.F8C6D74F5172AABDD4E5FCB50DEE44F7.e.17228","ELEMENT":"f.FFD2F70B7356459FE22D1016ABDF7B9E.d.F8C6D74F5172AABDD4E5FCB50DEE44F7.e.17228"}]}
COMMAND: GET /session/371b8fcef450a364efde700f21fc0eae/screenshot - {}
RESULT: {}
COMMAND: POST /session/371b8fcef450a364efde700f21fc0eae/execute/sync - {"script":"<script> [56 bytes]","args":[{"element-6066-11e4-a52e-4f735466cecf":"f.FFD2F70B7356459FE22D1016ABDF7B9E.d.F8C6D74F5172AABDD4E5FCB50DEE44F7.e.17228","ELEMENT":"f.FFD2F70B7356459FE22D1016ABDF7B9E.d.F8C6D74F5172AABDD4E5FCB50DEE44F7.e.17228"}]}
RESULT: {"script":"<script> [56 bytes]","args":[{"element-6066-11e4-a52e-4f735466cecf":"f.FFD2F70B7356459FE22D1016ABDF7B9E.d.F8C6D74F5172AABDD4E5FCB50DEE44F7.e.17228","ELEMENT":"f.FFD2F70B7356459FE22D1016ABDF7B9E.d.F8C6D74F5172AABDD4E5FCB50DEE44F7.e.17228"}]}
COMMAND: GET /session/371b8fcef450a364efde700f21fc0eae/screenshot - {}
RESULT: {}
COMMAND: POST /session/371b8fcef450a364efde700f21fc0eae/execute/sync - {"script":"<script> [56 bytes]","args":[{"element-6066-11e4-a52e-4f735466cecf":"f.FFD2F70B7356459FE22D1016ABDF7B9E.d.F8C6D74F5172AABDD4E5FCB50DEE44F7.e.17228","ELEMENT":"f.FFD2F70B7356459FE22D1016ABDF7B9E.d.F8C6D74F5172AABDD4E5FCB50DEE44F7.e.17228"}]}
RESULT: {"script":"<script> [56 bytes]","args":[{"element-6066-11e4-a52e-4f735466cecf":"f.FFD2F70B7356459FE22D1016ABDF7B9E.d.F8C6D74F5172AABDD4E5FCB50DEE44F7.e.17228","ELEMENT":"f.FFD2F70B7356459FE22D1016ABDF7B9E.d.F8C6D74F5172AABDD4E5FCB50DEE44F7.e.17228"}]}
COMMAND: GET /session/371b8fcef450a364efde700f21fc0eae/screenshot - {}
RESULT: {}
COMMAND: POST /session/371b8fcef450a364efde700f21fc0eae/execute/sync - {"script":"<script> [56 bytes]","args":[{"element-6066-11e4-a52e-4f735466cecf":"f.FFD2F70B7356459FE22D1016ABDF7B9E.d.F8C6D74F5172AABDD4E5FCB50DEE44F7.e.17228","ELEMENT":"f.FFD2F70B7356459FE22D1016ABDF7B9E.d.F8C6D74F5172AABDD4E5FCB50DEE44F7.e.17228"}]}
RESULT: {"script":"<script> [56 bytes]","args":[{"element-6066-11e4-a52e-4f735466cecf":"f.FFD2F70B7356459FE22D1016ABDF7B9E.d.F8C6D74F5172AABDD4E5FCB50DEE44F7.e.17228","ELEMENT":"f.FFD2F70B7356459FE22D1016ABDF7B9E.d.F8C6D74F5172AABDD4E5FCB50DEE44F7.e.17228"}]}
COMMAND: GET /session/371b8fcef450a364efde700f21fc0eae/screenshot - {}
RESULT: {}
COMMAND: POST /session/371b8fcef450a364efde700f21fc0eae/execute/sync - {"script":"<script> [56 bytes]","args":[{"element-6066-11e4-a52e-4f735466cecf":"f.FFD2F70B7356459FE22D1016ABDF7B9E.d.F8C6D74F5172AABDD4E5FCB50DEE44F7.e.17228","ELEMENT":"f.FFD2F70B7356459FE22D1016ABDF7B9E.d.F8C6D74F5172AABDD4E5FCB50DEE44F7.e.17228"}]}
RESULT: {"script":"<script> [56 bytes]","args":[{"element-6066-11e4-a52e-4f735466cecf":"f.FFD2F70B7356459FE22D1016ABDF7B9E.d.F8C6D74F5172AABDD4E5FCB50DEE44F7.e.17228","ELEMENT":"f.FFD2F70B7356459FE22D1016ABDF7B9E.d.F8C6D74F5172AABDD4E5FCB50DEE44F7.e.17228"}]}
COMMAND: GET /session/371b8fcef450a364efde700f21fc0eae/screenshot - {}
RESULT: {}
COMMAND: POST /session/371b8fcef450a364efde700f21fc0eae/execute/sync - {"script":"<script> [56 bytes]","args":[{"element-6066-11e4-a52e-4f735466cecf":"f.FFD2F70B7356459FE22D1016ABDF7B9E.d.F8C6D74F5172AABDD4E5FCB50DEE44F7.e.17228","ELEMENT":"f.FFD2F70B7356459FE22D1016ABDF7B9E.d.F8C6D74F5172AABDD4E5FCB50DEE44F7.e.17228"}]}
RESULT: {"script":"<script> [56 bytes]","args":[{"element-6066-11e4-a52e-4f735466cecf":"f.FFD2F70B7356459FE22D1016ABDF7B9E.d.F8C6D74F5172AABDD4E5FCB50DEE44F7.e.17228","ELEMENT":"f.FFD2F70B7356459FE22D1016ABDF7B9E.d.F8C6D74F5172AABDD4E5FCB50DEE44F7.e.17228"}]}
COMMAND: GET /session/371b8fcef450a364efde700f21fc0eae/screenshot - {}
RESULT: {}
COMMAND: POST /session/371b8fcef450a364efde700f21fc0eae/execute/sync - {"script":"<script> [56 bytes]","args":[{"element-6066-11e4-a52e-4f735466cecf":"f.FFD2F70B7356459FE22D1016ABDF7B9E.d.F8C6D74F5172AABDD4E5FCB50DEE44F7.e.17228","ELEMENT":"f.FFD2F70B7356459FE22D1016ABDF7B9E.d.F8C6D74F5172AABDD4E5FCB50DEE44F7.e.17228"}]}
RESULT: {"script":"<script> [56 bytes]","args":[{"element-6066-11e4-a52e-4f735466cecf":"f.FFD2F70B7356459FE22D1016ABDF7B9E.d.F8C6D74F5172AABDD4E5FCB50DEE44F7.e.17228","ELEMENT":"f.FFD2F70B7356459FE22D1016ABDF7B9E.d.F8C6D74F5172AABDD4E5FCB50DEE44F7.e.17228"}]}
COMMAND: GET /session/371b8fcef450a364efde700f21fc0eae/screenshot - {}
RESULT: {}
COMMAND: POST /session/371b8fcef450a364efde700f21fc0eae/execute/sync - {"script":"<script> [56 bytes]","args":[{"element-6066-11e4-a52e-4f735466cecf":"f.FFD2F70B7356459FE22D1016ABDF7B9E.d.F8C6D74F5172AABDD4E5FCB50DEE44F7.e.17228","ELEMENT":"f.FFD2F70B7356459FE22D1016ABDF7B9E.d.F8C6D74F5172AABDD4E5FCB50DEE44F7.e.17228"}]}
RESULT: {"script":"<script> [56 bytes]","args":[{"element-6066-11e4-a52e-4f735466cecf":"f.FFD2F70B7356459FE22D1016ABDF7B9E.d.F8C6D74F5172AABDD4E5FCB50DEE44F7.e.17228","ELEMENT":"f.FFD2F70B7356459FE22D1016ABDF7B9E.d.F8C6D74F5172AABDD4E5FCB50DEE44F7.e.17228"}]}
COMMAND: GET /session/371b8fcef450a364efde700f21fc0eae/screenshot - {}
RESULT: {}
COMMAND: POST /session/371b8fcef450a364efde700f21fc0eae/execute/sync - {"script":"<script> [56 bytes]","args":[{"element-6066-11e4-a52e-4f735466cecf":"f.FFD2F70B7356459FE22D1016ABDF7B9E.d.F8C6D74F5172AABDD4E5FCB50DEE44F7.e.17228","ELEMENT":"f.FFD2F70B7356459FE22D1016ABDF7B9E.d.F8C6D74F5172AABDD4E5FCB50DEE44F7.e.17228"}]}
RESULT: {"script":"<script> [56 bytes]","args":[{"element-6066-11e4-a52e-4f735466cecf":"f.FFD2F70B7356459FE22D1016ABDF7B9E.d.F8C6D74F5172AABDD4E5FCB50DEE44F7.e.17228","ELEMENT":"f.FFD2F70B7356459FE22D1016ABDF7B9E.d.F8C6D74F5172AABDD4E5FCB50DEE44F7.e.17228"}]}
COMMAND: POST /session/371b8fcef450a364efde700f21fc0eae/element - {"using":"css selector","value":"#shell-header-logo"}
COMMAND: GET /session/371b8fcef450a364efde700f21fc0eae/screenshot - {}
RESULT: {"using":"css selector","value":"#shell-header-logo"}
COMMAND: POST /session/371b8fcef450a364efde700f21fc0eae/element/f.FFD2F70B7356459FE22D1016ABDF7B9E.d.F8C6D74F5172AABDD4E5FCB50DEE44F7.e.17004/click - {}
RESULT: {}
RESULT: {}
COMMAND: GET /session/371b8fcef450a364efde700f21fc0eae/screenshot - {}
RESULT: {}
COMMAND: POST /session/371b8fcef450a364efde700f21fc0eae/element - {"using":"css selector","value":"#j_username"}
COMMAND: POST /session/371b8fcef450a364efde700f21fc0eae/url - {"url":"https://qa-testing-00-live-etm-ui.cfapps.eu10-004.hana.ondemand.com/"}
RESULT: {"using":"css selector","value":"#j_username"}
COMMAND: POST /session/371b8fcef450a364efde700f21fc0eae/element - {"using":"css selector","value":"#j_username"}
RESULT: {"url":"https://qa-testing-00-live-etm-ui.cfapps.eu10-004.hana.ondemand.com/"}
RESULT: undefined
COMMAND: GET /session/371b8fcef450a364efde700f21fc0eae/screenshot - {}
RESULT: {"using":"css selector","value":"#j_username"}
COMMAND: POST /session/371b8fcef450a364efde700f21fc0eae/element - {"using":"css selector","value":"#shell-header-logo"}
RESULT: {}
RESULT: {"using":"css selector","value":"#shell-header-logo"}
COMMAND: POST /session/371b8fcef450a364efde700f21fc0eae/execute/sync - {"script":"<script> [8489 bytes]","args":[{"element-6066-11e4-a52e-4f735466cecf":"f.FFD2F70B7356459FE22D1016ABDF7B9E.d.408C9BEF9C8C157D5F854C162F94C991.e.17262","ELEMENT":"f.FFD2F70B7356459FE22D1016ABDF7B9E.d.408C9BEF9C8C157D5F854C162F94C991.e.17262"}]}
RESULT: {"script":"<script> [8489 bytes]","args":[{"element-6066-11e4-a52e-4f735466cecf":"f.FFD2F70B7356459FE22D1016ABDF7B9E.d.408C9BEF9C8C157D5F854C162F94C991.e.17262","ELEMENT":"f.FFD2F70B7356459FE22D1016ABDF7B9E.d.408C9BEF9C8C157D5F854C162F94C991.e.17262"}]}
COMMAND: POST /session/371b8fcef450a364efde700f21fc0eae/element - {"using":"css selector","value":"#shell-header-logo"}
COMMAND: GET /session/371b8fcef450a364efde700f21fc0eae/screenshot - {}
RESULT: {"using":"css selector","value":"#shell-header-logo"}
COMMAND: POST /session/371b8fcef450a364efde700f21fc0eae/execute/sync - {"script":"<script> [8489 bytes]","args":[{"element-6066-11e4-a52e-4f735466cecf":"f.FFD2F70B7356459FE22D1016ABDF7B9E.d.408C9BEF9C8C157D5F854C162F94C991.e.17262","ELEMENT":"f.FFD2F70B7356459FE22D1016ABDF7B9E.d.408C9BEF9C8C157D5F854C162F94C991.e.17262"}]}
RESULT: {}
RESULT: {"script":"<script> [8489 bytes]","args":[{"element-6066-11e4-a52e-4f735466cecf":"f.FFD2F70B7356459FE22D1016ABDF7B9E.d.408C9BEF9C8C157D5F854C162F94C991.e.17262","ELEMENT":"f.FFD2F70B7356459FE22D1016ABDF7B9E.d.408C9BEF9C8C157D5F854C162F94C991.e.17262"}]}
COMMAND: POST /session/371b8fcef450a364efde700f21fc0eae/execute/sync - {"script":"<script> [5351 bytes]","args":[{"element-6066-11e4-a52e-4f735466cecf":"f.FFD2F70B7356459FE22D1016ABDF7B9E.d.408C9BEF9C8C157D5F854C162F94C991.e.17262","ELEMENT":"f.FFD2F70B7356459FE22D1016ABDF7B9E.d.408C9BEF9C8C157D5F854C162F94C991.e.17262"}]}
COMMAND: GET /session/371b8fcef450a364efde700f21fc0eae/screenshot - {}
RESULT: {"script":"<script> [5351 bytes]","args":[{"element-6066-11e4-a52e-4f735466cecf":"f.FFD2F70B7356459FE22D1016ABDF7B9E.d.408C9BEF9C8C157D5F854C162F94C991.e.17262","ELEMENT":"f.FFD2F70B7356459FE22D1016ABDF7B9E.d.408C9BEF9C8C157D5F854C162F94C991.e.17262"}]}
COMMAND: POST /session/371b8fcef450a364efde700f21fc0eae/element - {"using":"css selector","value":"#shell-header-logo"}
COMMAND: GET /session/371b8fcef450a364efde700f21fc0eae/screenshot - {}
RESULT: {}
RESULT: {"using":"css selector","value":"#shell-header-logo"}
COMMAND: POST /session/371b8fcef450a364efde700f21fc0eae/element/f.FFD2F70B7356459FE22D1016ABDF7B9E.d.408C9BEF9C8C157D5F854C162F94C991.e.17262/click - {}
RESULT: {}
RESULT: {}
COMMAND: GET /session/371b8fcef450a364efde700f21fc0eae/screenshot - {}
RESULT: {}
COMMAND: POST /session/371b8fcef450a364efde700f21fc0eae/execute/async - {"script":"<script> [189 bytes]","args":[]}
RESULT: {"script":"<script> [189 bytes]","args":[]}
COMMAND: POST /session/371b8fcef450a364efde700f21fc0eae/execute/async - {"script":"<script> [123 bytes]","args":[]}
RESULT: {"script":"<script> [123 bytes]","args":[]}
COMMAND: POST /session/371b8fcef450a364efde700f21fc0eae/timeouts - {"script":"<number>"}
RESULT: {"script":"<number>"}
COMMAND: GET /session/371b8fcef450a364efde700f21fc0eae/timeouts - {}
RESULT: {}
RESULT: undefined
COMMAND: POST /session/371b8fcef450a364efde700f21fc0eae/execute/async - {"script":"<script> [2676 bytes]","args":[]}
RESULT: {"script":"<script> [2676 bytes]","args":[]}
COMMAND: POST /session/371b8fcef450a364efde700f21fc0eae/execute/async - {"script":"<script> [2342 bytes]","args":[{"protocol":"http","hostname":"0.0.0.0","path":"/","capabilities":{"browserName":"chrome","goog:chromeOptions":{"binary":"C:\\Program Files\\Google\\Chrome\\Application\\chrome.exe","args":["--start-maximized"]}},"logLevel":"warn","connectionRetryTimeout":120000,"connectionRetryCount":3,"logLevels":{},"enableDirectConnect":true,"strictSSL":true,"_":"65 more keys: [\"cacheDir\",\"port\",\"requestedCapabilities\",\"automationProtocol\",\"baseUrl\",\"waitforInterval\",\"waitforTimeout\",\"onReload\",\"beforeCommand\",\"afterCommand\",\"rootDir\",\"specs\",\"suites\",\"exclude\",\"groupLogsByTestSpec\",\"excludeDriverLogs\",\"bail\",\"framework\",\"reporters\",\"services\",\"maxInstances\",\"maxInstancesPerCapability\",\"injectGlobals\",\"filesToWatch\",\"execArgv\",\"runnerEnv\",\"runner\",\"shard\",\"specFileRetries\",\"specFileRetriesDelay\",\"specFileRetriesDeferred\",\"reporterSyncInterval\",\"reporterSyncTimeout\",\"cucumberFeaturesWithLineNumbers\",\"autoCompileOpts\",\"mochaOpts\",\"jasmineOpts\",\"cucumberOpts\",\"onPrepare\",\"onWorkerStart\",\"onWorkerEnd\",\"before\",\"beforeSession\",\"beforeSuite\",\"beforeHook\",\"beforeTest\",\"afterTest\",\"afterHook\",\"afterSuite\",\"afterSession\",\"after\",\"onComplete\",\"beforeAssertion\",\"afterAssertion\",\"beforeFeature\",\"beforeScenario\",\"beforeStep\",\"afterStep\",\"afterScenario\",\"afterFeature\",\"_\",\"suite\",\"$0\",\"ignoredWorkerServices\",\"wdi5\"]"}]}
RESULT: {"script":"<script> [2342 bytes]","args":[{"protocol":"http","hostname":"0.0.0.0","path":"/","capabilities":{"browserName":"chrome","goog:chromeOptions":{"binary":"C:\\Program Files\\Google\\Chrome\\Application\\chrome.exe","args":["--start-maximized"]}},"logLevel":"warn","connectionRetryTimeout":120000,"connectionRetryCount":3,"logLevels":{},"enableDirectConnect":true,"strictSSL":true,"_":"65 more keys: [\"cacheDir\",\"port\",\"requestedCapabilities\",\"automationProtocol\",\"baseUrl\",\"waitforInterval\",\"waitforTimeout\",\"onReload\",\"beforeCommand\",\"afterCommand\",\"rootDir\",\"specs\",\"suites\",\"exclude\",\"groupLogsByTestSpec\",\"excludeDriverLogs\",\"bail\",\"framework\",\"reporters\",\"services\",\"maxInstances\",\"maxInstancesPerCapability\",\"injectGlobals\",\"filesToWatch\",\"execArgv\",\"runnerEnv\",\"runner\",\"shard\",\"specFileRetries\",\"specFileRetriesDelay\",\"specFileRetriesDeferred\",\"reporterSyncInterval\",\"reporterSyncTimeout\",\"cucumberFeaturesWithLineNumbers\",\"autoCompileOpts\",\"mochaOpts\",\"jasmineOpts\",\"cucumberOpts\",\"onPrepare\",\"onWorkerStart\",\"onWorkerEnd\",\"before\",\"beforeSession\",\"beforeSuite\",\"beforeHook\",\"beforeTest\",\"afterTest\",\"afterHook\",\"afterSuite\",\"afterSession\",\"after\",\"onComplete\",\"beforeAssertion\",\"afterAssertion\",\"beforeFeature\",\"beforeScenario\",\"beforeStep\",\"afterStep\",\"afterScenario\",\"afterFeature\",\"_\",\"suite\",\"$0\",\"ignoredWorkerServices\",\"wdi5\"]"}]}
COMMAND: POST /session/371b8fcef450a364efde700f21fc0eae/execute/async - {"script":"<script> [21126 bytes]","args":[35000]}
RESULT: {"script":"<script> [21126 bytes]","args":[35000]}
COMMAND: POST /session/371b8fcef450a364efde700f21fc0eae/window/maximize - {}
RESULT: {}
COMMAND: POST /session/371b8fcef450a364efde700f21fc0eae/execute/async - {"script":"<script> [1562 bytes]","args":[{"selector":{"id":"shell-header","interaction":{"idSuffix":"icon"}},"wdio_ui5_key":"shellheader"}]}
COMMAND: GET /session/371b8fcef450a364efde700f21fc0eae/screenshot - {}
RESULT: {"script":"<script> [1562 bytes]","args":[{"selector":{"id":"shell-header","interaction":{"idSuffix":"icon"}},"wdio_ui5_key":"shellheader"}]}
RESULT: undefined
COMMAND: POST /session/371b8fcef450a364efde700f21fc0eae/refresh - {}
RESULT: {}
RESULT: {}
COMMAND: GET /session/371b8fcef450a364efde700f21fc0eae/screenshot - {}
RESULT: {}
COMMAND: POST /session/371b8fcef450a364efde700f21fc0eae/refresh - {}
RESULT: {}
COMMAND: GET /session/371b8fcef450a364efde700f21fc0eae/screenshot - {}
RESULT: {}
COMMAND: POST /session/371b8fcef450a364efde700f21fc0eae/window/fullscreen - {}
RESULT: {}
COMMAND: POST /session/371b8fcef450a364efde700f21fc0eae/execute/async - {"script":"<script> [189 bytes]","args":[]}
RESULT: {"script":"<script> [189 bytes]","args":[]}
COMMAND: POST /session/371b8fcef450a364efde700f21fc0eae/execute/async - {"script":"<script> [123 bytes]","args":[]}
RESULT: {"script":"<script> [123 bytes]","args":[]}
COMMAND: POST /session/371b8fcef450a364efde700f21fc0eae/timeouts - {"script":"<number>"}
RESULT: {"script":"<number>"}
COMMAND: GET /session/371b8fcef450a364efde700f21fc0eae/timeouts - {}
RESULT: {}
RESULT: undefined
COMMAND: POST /session/371b8fcef450a364efde700f21fc0eae/execute/async - {"script":"<script> [2676 bytes]","args":[]}
RESULT: {"script":"<script> [2676 bytes]","args":[]}
COMMAND: POST /session/371b8fcef450a364efde700f21fc0eae/execute/async - {"script":"<script> [2342 bytes]","args":[{"protocol":"http","hostname":"0.0.0.0","path":"/","capabilities":{"browserName":"chrome","goog:chromeOptions":{"binary":"C:\\Program Files\\Google\\Chrome\\Application\\chrome.exe","args":["--start-maximized"]}},"logLevel":"warn","connectionRetryTimeout":120000,"connectionRetryCount":3,"logLevels":{},"enableDirectConnect":true,"strictSSL":true,"_":"65 more keys: [\"cacheDir\",\"port\",\"requestedCapabilities\",\"automationProtocol\",\"baseUrl\",\"waitforInterval\",\"waitforTimeout\",\"onReload\",\"beforeCommand\",\"afterCommand\",\"rootDir\",\"specs\",\"suites\",\"exclude\",\"groupLogsByTestSpec\",\"excludeDriverLogs\",\"bail\",\"framework\",\"reporters\",\"services\",\"maxInstances\",\"maxInstancesPerCapability\",\"injectGlobals\",\"filesToWatch\",\"execArgv\",\"runnerEnv\",\"runner\",\"shard\",\"specFileRetries\",\"specFileRetriesDelay\",\"specFileRetriesDeferred\",\"reporterSyncInterval\",\"reporterSyncTimeout\",\"cucumberFeaturesWithLineNumbers\",\"autoCompileOpts\",\"mochaOpts\",\"jasmineOpts\",\"cucumberOpts\",\"onPrepare\",\"onWorkerStart\",\"onWorkerEnd\",\"before\",\"beforeSession\",\"beforeSuite\",\"beforeHook\",\"beforeTest\",\"afterTest\",\"afterHook\",\"afterSuite\",\"afterSession\",\"after\",\"onComplete\",\"beforeAssertion\",\"afterAssertion\",\"beforeFeature\",\"beforeScenario\",\"beforeStep\",\"afterStep\",\"afterScenario\",\"afterFeature\",\"_\",\"suite\",\"$0\",\"ignoredWorkerServices\",\"wdi5\"]"}]}
RESULT: {"script":"<script> [2342 bytes]","args":[{"protocol":"http","hostname":"0.0.0.0","path":"/","capabilities":{"browserName":"chrome","goog:chromeOptions":{"binary":"C:\\Program Files\\Google\\Chrome\\Application\\chrome.exe","args":["--start-maximized"]}},"logLevel":"warn","connectionRetryTimeout":120000,"connectionRetryCount":3,"logLevels":{},"enableDirectConnect":true,"strictSSL":true,"_":"65 more keys: [\"cacheDir\",\"port\",\"requestedCapabilities\",\"automationProtocol\",\"baseUrl\",\"waitforInterval\",\"waitforTimeout\",\"onReload\",\"beforeCommand\",\"afterCommand\",\"rootDir\",\"specs\",\"suites\",\"exclude\",\"groupLogsByTestSpec\",\"excludeDriverLogs\",\"bail\",\"framework\",\"reporters\",\"services\",\"maxInstances\",\"maxInstancesPerCapability\",\"injectGlobals\",\"filesToWatch\",\"execArgv\",\"runnerEnv\",\"runner\",\"shard\",\"specFileRetries\",\"specFileRetriesDelay\",\"specFileRetriesDeferred\",\"reporterSyncInterval\",\"reporterSyncTimeout\",\"cucumberFeaturesWithLineNumbers\",\"autoCompileOpts\",\"mochaOpts\",\"jasmineOpts\",\"cucumberOpts\",\"onPrepare\",\"onWorkerStart\",\"onWorkerEnd\",\"before\",\"beforeSession\",\"beforeSuite\",\"beforeHook\",\"beforeTest\",\"afterTest\",\"afterHook\",\"afterSuite\",\"afterSession\",\"after\",\"onComplete\",\"beforeAssertion\",\"afterAssertion\",\"beforeFeature\",\"beforeScenario\",\"beforeStep\",\"afterStep\",\"afterScenario\",\"afterFeature\",\"_\",\"suite\",\"$0\",\"ignoredWorkerServices\",\"wdi5\"]"}]}
COMMAND: POST /session/371b8fcef450a364efde700f21fc0eae/execute/async - {"script":"<script> [21126 bytes]","args":[35000]}
RESULT: {"script":"<script> [21126 bytes]","args":[35000]}
]]></system-out>
    </testcase>
  </testsuite>
  <testsuite timestamp="2025-05-02T18:00:05" time="603.109" tests="12" failures="0" errors="0" skipped="0">
    <properties>
      <property name="specId" value="0" />
      <property name="suiteName" value="Create Reverse Billing US127248" />
      <property name="capabilities" value="chrome.135_0_7049_96.windows" />
      <property name="file" value="file:///D:/a/1/s/test/specs/BTS/reverse-billing.spec.js" />
    </properties>
    <testcase classname="chrome.135_0_7049_96.windows.Create_Reverse_Billing_US127248" name="Should create a new yard" time="0.013">
      <system-out><![CDATA[
COMMAND: POST /session/371b8fcef450a364efde700f21fc0eae/window/fullscreen - {}
RESULT: {}
]]></system-out>
    </testcase>
    <testcase classname="chrome.135_0_7049_96.windows.Create_Reverse_Billing_US127248" name="Should create a new partner" time="0.004" />
    <testcase classname="chrome.135_0_7049_96.windows.Create_Reverse_Billing_US127248" name="Should create a new site" time="0.004" />
    <testcase classname="chrome.135_0_7049_96.windows.Create_Reverse_Billing_US127248" name="Should create a resource" time="121.405">
      <system-out><![CDATA[
COMMAND: POST /session/371b8fcef450a364efde700f21fc0eae/execute/async - {"script":"<script> [1562 bytes]","args":[{"selector":{"controlType":"sap.m.GenericTile","properties":{"header":"Manage Resources"}},"wdio_ui5_key":"sapm.GenericTile{\"header\":\"Manage Resources\"}"}]}
RESULT: {"script":"<script> [1562 bytes]","args":[{"selector":{"controlType":"sap.m.GenericTile","properties":{"header":"Manage Resources"}},"wdio_ui5_key":"sapm.GenericTile{\"header\":\"Manage Resources\"}"}]}
RESULT: undefined
COMMAND: POST /session/371b8fcef450a364efde700f21fc0eae/element - {"using":"xpath","value":"//*[@id=\"__tile39\"]"}
RESULT: {"using":"xpath","value":"//*[@id=\"__tile39\"]"}
COMMAND: POST /session/371b8fcef450a364efde700f21fc0eae/element/f.FFD2F70B7356459FE22D1016ABDF7B9E.d.943AAF4803786248F401E4DF7F34F067.e.17417/click - {}
RESULT: {}
COMMAND: POST /session/371b8fcef450a364efde700f21fc0eae/element - {"using":"xpath","value":"//button[@data-kt=\"addNewRUOverflowToolbarButton\"]"}
COMMAND: GET /session/371b8fcef450a364efde700f21fc0eae/screenshot - {}
RESULT: {"using":"xpath","value":"//button[@data-kt=\"addNewRUOverflowToolbarButton\"]"}
COMMAND: POST /session/371b8fcef450a364efde700f21fc0eae/elements - {"using":"xpath","value":"//button[@data-kt=\"addNewRUOverflowToolbarButton\"]"}
RESULT: {}
RESULT: {"using":"xpath","value":"//button[@data-kt=\"addNewRUOverflowToolbarButton\"]"}
COMMAND: POST /session/371b8fcef450a364efde700f21fc0eae/elements - {"using":"xpath","value":"//button[@data-kt=\"addNewRUOverflowToolbarButton\"]"}
RESULT: {"using":"xpath","value":"//button[@data-kt=\"addNewRUOverflowToolbarButton\"]"}
COMMAND: POST /session/371b8fcef450a364efde700f21fc0eae/elements - {"using":"xpath","value":"//button[@data-kt=\"addNewRUOverflowToolbarButton\"]"}
RESULT: {"using":"xpath","value":"//button[@data-kt=\"addNewRUOverflowToolbarButton\"]"}
COMMAND: POST /session/371b8fcef450a364efde700f21fc0eae/elements - {"using":"xpath","value":"//button[@data-kt=\"addNewRUOverflowToolbarButton\"]"}
RESULT: {"using":"xpath","value":"//button[@data-kt=\"addNewRUOverflowToolbarButton\"]"}
COMMAND: POST /session/371b8fcef450a364efde700f21fc0eae/elements - {"using":"xpath","value":"//button[@data-kt=\"addNewRUOverflowToolbarButton\"]"}
RESULT: {"using":"xpath","value":"//button[@data-kt=\"addNewRUOverflowToolbarButton\"]"}
COMMAND: POST /session/371b8fcef450a364efde700f21fc0eae/elements - {"using":"xpath","value":"//button[@data-kt=\"addNewRUOverflowToolbarButton\"]"}
RESULT: {"using":"xpath","value":"//button[@data-kt=\"addNewRUOverflowToolbarButton\"]"}
COMMAND: POST /session/371b8fcef450a364efde700f21fc0eae/elements - {"using":"xpath","value":"//button[@data-kt=\"addNewRUOverflowToolbarButton\"]"}
RESULT: {"using":"xpath","value":"//button[@data-kt=\"addNewRUOverflowToolbarButton\"]"}
COMMAND: POST /session/371b8fcef450a364efde700f21fc0eae/elements - {"using":"xpath","value":"//button[@data-kt=\"addNewRUOverflowToolbarButton\"]"}
RESULT: {"using":"xpath","value":"//button[@data-kt=\"addNewRUOverflowToolbarButton\"]"}
COMMAND: POST /session/371b8fcef450a364efde700f21fc0eae/elements - {"using":"xpath","value":"//button[@data-kt=\"addNewRUOverflowToolbarButton\"]"}
RESULT: {"using":"xpath","value":"//button[@data-kt=\"addNewRUOverflowToolbarButton\"]"}
COMMAND: POST /session/371b8fcef450a364efde700f21fc0eae/elements - {"using":"xpath","value":"//button[@data-kt=\"addNewRUOverflowToolbarButton\"]"}
RESULT: {"using":"xpath","value":"//button[@data-kt=\"addNewRUOverflowToolbarButton\"]"}
COMMAND: POST /session/371b8fcef450a364efde700f21fc0eae/elements - {"using":"xpath","value":"//button[@data-kt=\"addNewRUOverflowToolbarButton\"]"}
RESULT: {"using":"xpath","value":"//button[@data-kt=\"addNewRUOverflowToolbarButton\"]"}
COMMAND: POST /session/371b8fcef450a364efde700f21fc0eae/elements - {"using":"xpath","value":"//button[@data-kt=\"addNewRUOverflowToolbarButton\"]"}
RESULT: {"using":"xpath","value":"//button[@data-kt=\"addNewRUOverflowToolbarButton\"]"}
COMMAND: POST /session/371b8fcef450a364efde700f21fc0eae/elements - {"using":"xpath","value":"//button[@data-kt=\"addNewRUOverflowToolbarButton\"]"}
RESULT: {"using":"xpath","value":"//button[@data-kt=\"addNewRUOverflowToolbarButton\"]"}
COMMAND: POST /session/371b8fcef450a364efde700f21fc0eae/elements - {"using":"xpath","value":"//button[@data-kt=\"addNewRUOverflowToolbarButton\"]"}
RESULT: {"using":"xpath","value":"//button[@data-kt=\"addNewRUOverflowToolbarButton\"]"}
COMMAND: POST /session/371b8fcef450a364efde700f21fc0eae/elements - {"using":"xpath","value":"//button[@data-kt=\"addNewRUOverflowToolbarButton\"]"}
RESULT: {"using":"xpath","value":"//button[@data-kt=\"addNewRUOverflowToolbarButton\"]"}
COMMAND: POST /session/371b8fcef450a364efde700f21fc0eae/elements - {"using":"xpath","value":"//button[@data-kt=\"addNewRUOverflowToolbarButton\"]"}
RESULT: {"using":"xpath","value":"//button[@data-kt=\"addNewRUOverflowToolbarButton\"]"}
COMMAND: POST /session/371b8fcef450a364efde700f21fc0eae/elements - {"using":"xpath","value":"//button[@data-kt=\"addNewRUOverflowToolbarButton\"]"}
RESULT: {"using":"xpath","value":"//button[@data-kt=\"addNewRUOverflowToolbarButton\"]"}
COMMAND: POST /session/371b8fcef450a364efde700f21fc0eae/elements - {"using":"xpath","value":"//button[@data-kt=\"addNewRUOverflowToolbarButton\"]"}
RESULT: {"using":"xpath","value":"//button[@data-kt=\"addNewRUOverflowToolbarButton\"]"}
COMMAND: POST /session/371b8fcef450a364efde700f21fc0eae/elements - {"using":"xpath","value":"//button[@data-kt=\"addNewRUOverflowToolbarButton\"]"}
RESULT: {"using":"xpath","value":"//button[@data-kt=\"addNewRUOverflowToolbarButton\"]"}
COMMAND: POST /session/371b8fcef450a364efde700f21fc0eae/elements - {"using":"xpath","value":"//button[@data-kt=\"addNewRUOverflowToolbarButton\"]"}
RESULT: {"using":"xpath","value":"//button[@data-kt=\"addNewRUOverflowToolbarButton\"]"}
COMMAND: POST /session/371b8fcef450a364efde700f21fc0eae/elements - {"using":"xpath","value":"//button[@data-kt=\"addNewRUOverflowToolbarButton\"]"}
RESULT: {"using":"xpath","value":"//button[@data-kt=\"addNewRUOverflowToolbarButton\"]"}
COMMAND: POST /session/371b8fcef450a364efde700f21fc0eae/elements - {"using":"xpath","value":"//button[@data-kt=\"addNewRUOverflowToolbarButton\"]"}
RESULT: {"using":"xpath","value":"//button[@data-kt=\"addNewRUOverflowToolbarButton\"]"}
COMMAND: POST /session/371b8fcef450a364efde700f21fc0eae/elements - {"using":"xpath","value":"//button[@data-kt=\"addNewRUOverflowToolbarButton\"]"}
RESULT: {"using":"xpath","value":"//button[@data-kt=\"addNewRUOverflowToolbarButton\"]"}
COMMAND: POST /session/371b8fcef450a364efde700f21fc0eae/elements - {"using":"xpath","value":"//button[@data-kt=\"addNewRUOverflowToolbarButton\"]"}
RESULT: {"using":"xpath","value":"//button[@data-kt=\"addNewRUOverflowToolbarButton\"]"}
COMMAND: POST /session/371b8fcef450a364efde700f21fc0eae/elements - {"using":"xpath","value":"//button[@data-kt=\"addNewRUOverflowToolbarButton\"]"}
RESULT: {"using":"xpath","value":"//button[@data-kt=\"addNewRUOverflowToolbarButton\"]"}
COMMAND: POST /session/371b8fcef450a364efde700f21fc0eae/elements - {"using":"xpath","value":"//button[@data-kt=\"addNewRUOverflowToolbarButton\"]"}
RESULT: {"using":"xpath","value":"//button[@data-kt=\"addNewRUOverflowToolbarButton\"]"}
COMMAND: POST /session/371b8fcef450a364efde700f21fc0eae/element - {"using":"xpath","value":"//button[@data-kt=\"addNewRUOverflowToolbarButton\"]"}
RESULT: {"using":"xpath","value":"//button[@data-kt=\"addNewRUOverflowToolbarButton\"]"}
COMMAND: POST /session/371b8fcef450a364efde700f21fc0eae/execute/sync - {"script":"<script> [8489 bytes]","args":[{"element-6066-11e4-a52e-4f735466cecf":"f.FFD2F70B7356459FE22D1016ABDF7B9E.d.943AAF4803786248F401E4DF7F34F067.e.17548","ELEMENT":"f.FFD2F70B7356459FE22D1016ABDF7B9E.d.943AAF4803786248F401E4DF7F34F067.e.17548"}]}
RESULT: {"script":"<script> [8489 bytes]","args":[{"element-6066-11e4-a52e-4f735466cecf":"f.FFD2F70B7356459FE22D1016ABDF7B9E.d.943AAF4803786248F401E4DF7F34F067.e.17548","ELEMENT":"f.FFD2F70B7356459FE22D1016ABDF7B9E.d.943AAF4803786248F401E4DF7F34F067.e.17548"}]}
COMMAND: GET /session/371b8fcef450a364efde700f21fc0eae/element/f.FFD2F70B7356459FE22D1016ABDF7B9E.d.943AAF4803786248F401E4DF7F34F067.e.17548/enabled - {}
COMMAND: GET /session/371b8fcef450a364efde700f21fc0eae/screenshot - {}
RESULT: {}
COMMAND: POST /session/371b8fcef450a364efde700f21fc0eae/execute/sync - {"script":"<script> [8489 bytes]","args":[{"element-6066-11e4-a52e-4f735466cecf":"f.FFD2F70B7356459FE22D1016ABDF7B9E.d.943AAF4803786248F401E4DF7F34F067.e.17548","ELEMENT":"f.FFD2F70B7356459FE22D1016ABDF7B9E.d.943AAF4803786248F401E4DF7F34F067.e.17548"}]}
COMMAND: GET /session/371b8fcef450a364efde700f21fc0eae/screenshot - {}
RESULT: {}
RESULT: {"script":"<script> [8489 bytes]","args":[{"element-6066-11e4-a52e-4f735466cecf":"f.FFD2F70B7356459FE22D1016ABDF7B9E.d.943AAF4803786248F401E4DF7F34F067.e.17548","ELEMENT":"f.FFD2F70B7356459FE22D1016ABDF7B9E.d.943AAF4803786248F401E4DF7F34F067.e.17548"}]}
COMMAND: POST /session/371b8fcef450a364efde700f21fc0eae/execute/sync - {"script":"<script> [5351 bytes]","args":[{"element-6066-11e4-a52e-4f735466cecf":"f.FFD2F70B7356459FE22D1016ABDF7B9E.d.943AAF4803786248F401E4DF7F34F067.e.17548","ELEMENT":"f.FFD2F70B7356459FE22D1016ABDF7B9E.d.943AAF4803786248F401E4DF7F34F067.e.17548"}]}
COMMAND: GET /session/371b8fcef450a364efde700f21fc0eae/screenshot - {}
RESULT: {}
RESULT: {"script":"<script> [5351 bytes]","args":[{"element-6066-11e4-a52e-4f735466cecf":"f.FFD2F70B7356459FE22D1016ABDF7B9E.d.943AAF4803786248F401E4DF7F34F067.e.17548","ELEMENT":"f.FFD2F70B7356459FE22D1016ABDF7B9E.d.943AAF4803786248F401E4DF7F34F067.e.17548"}]}
COMMAND: POST /session/371b8fcef450a364efde700f21fc0eae/element/f.FFD2F70B7356459FE22D1016ABDF7B9E.d.943AAF4803786248F401E4DF7F34F067.e.17548/click - {}
COMMAND: GET /session/371b8fcef450a364efde700f21fc0eae/screenshot - {}
RESULT: {}
RESULT: {}
COMMAND: GET /session/371b8fcef450a364efde700f21fc0eae/screenshot - {}
RESULT: {}
COMMAND: POST /session/371b8fcef450a364efde700f21fc0eae/execute/async - {"script":"<script> [1562 bytes]","args":[{"selector":{"id":"application-manageresources-display-component---newResourceUnit--TYPE-arrow"},"wdio_ui5_key":"applicationmanageresources-display-component---newResourceUnit--TYPE-arrow"}]}
RESULT: {}
RESULT: {"script":"<script> [1562 bytes]","args":[{"selector":{"id":"application-manageresources-display-component---newResourceUnit--TYPE-arrow"},"wdio_ui5_key":"applicationmanageresources-display-component---newResourceUnit--TYPE-arrow"}]}
RESULT: undefined
COMMAND: POST /session/371b8fcef450a364efde700f21fc0eae/element - {"using":"xpath","value":"//*[@id=\"application-manageresources-display-component---newResourceUnit--TYPE-arrow\"]"}
RESULT: {"using":"xpath","value":"//*[@id=\"application-manageresources-display-component---newResourceUnit--TYPE-arrow\"]"}
COMMAND: POST /session/371b8fcef450a364efde700f21fc0eae/element/f.FFD2F70B7356459FE22D1016ABDF7B9E.d.943AAF4803786248F401E4DF7F34F067.e.17916/click - {}
RESULT: {}
COMMAND: POST /session/371b8fcef450a364efde700f21fc0eae/element - {"using":"xpath","value":"//input[@id=\"application-manageresources-display-component---newResourceUnit--TYPE-inner\"]"}
COMMAND: GET /session/371b8fcef450a364efde700f21fc0eae/screenshot - {}
RESULT: {"using":"xpath","value":"//input[@id=\"application-manageresources-display-component---newResourceUnit--TYPE-inner\"]"}
COMMAND: POST /session/371b8fcef450a364efde700f21fc0eae/element/f.FFD2F70B7356459FE22D1016ABDF7B9E.d.943AAF4803786248F401E4DF7F34F067.e.17897/clear - {}
RESULT: {}
RESULT: {}
COMMAND: POST /session/371b8fcef450a364efde700f21fc0eae/element/f.FFD2F70B7356459FE22D1016ABDF7B9E.d.943AAF4803786248F401E4DF7F34F067.e.17897/value - {"text":"Equipment"}
COMMAND: GET /session/371b8fcef450a364efde700f21fc0eae/screenshot - {}
RESULT: {"text":"Equipment"}
COMMAND: GET /session/371b8fcef450a364efde700f21fc0eae/screenshot - {}
RESULT: {}
RESULT: {}
COMMAND: POST /session/371b8fcef450a364efde700f21fc0eae/actions - {"actions":[{"id":"action58","type":"key","parameters":{},"actions":[{"type":"keyDown","value":"î€‡"},{"type":"pause","duration":10},{"type":"keyUp","value":"î€‡"}]}]}
RESULT: {"actions":[{"id":"action58","type":"key","parameters":{},"actions":[{"type":"keyDown","value":"î€‡"},{"type":"pause","duration":10},{"type":"keyUp","value":"î€‡"}]}]}
COMMAND: POST /session/371b8fcef450a364efde700f21fc0eae/execute/async - {"script":"<script> [1562 bytes]","args":[{"selector":{"id":"application-manageresources-display-component---newResourceUnit--resourceId","interaction":{"idSuffix":"inner"}},"wdio_ui5_key":"applicationmanageresources-display-component---newResourceUnit--resourceId"}]}
COMMAND: GET /session/371b8fcef450a364efde700f21fc0eae/screenshot - {}
RESULT: {"script":"<script> [1562 bytes]","args":[{"selector":{"id":"application-manageresources-display-component---newResourceUnit--resourceId","interaction":{"idSuffix":"inner"}},"wdio_ui5_key":"applicationmanageresources-display-component---newResourceUnit--resourceId"}]}
RESULT: undefined
COMMAND: POST /session/371b8fcef450a364efde700f21fc0eae/execute/async - {"script":"<script> [776 bytes]","args":[{"enterText":"3GM8uoPy5f","selector":{"id":"application-manageresources-display-component---newResourceUnit--resourceId","interaction":{"idSuffix":"inner"}},"clearTextFirst":true,"interactionType":"ENTER_TEXT"}]}
RESULT: {}
RESULT: {"script":"<script> [776 bytes]","args":[{"enterText":"3GM8uoPy5f","selector":{"id":"application-manageresources-display-component---newResourceUnit--resourceId","interaction":{"idSuffix":"inner"}},"clearTextFirst":true,"interactionType":"ENTER_TEXT"}]}
COMMAND: POST /session/371b8fcef450a364efde700f21fc0eae/execute/async - {"script":"<script> [1562 bytes]","args":[{"selector":{"id":"application-manageresources-display-component---newResourceUnit--SHORT_TEXT","interaction":{"idSuffix":"inner"}},"wdio_ui5_key":"applicationmanageresources-display-component---newResourceUnit--SHORT_TEXT"}]}
RESULT: {"script":"<script> [1562 bytes]","args":[{"selector":{"id":"application-manageresources-display-component---newResourceUnit--SHORT_TEXT","interaction":{"idSuffix":"inner"}},"wdio_ui5_key":"applicationmanageresources-display-component---newResourceUnit--SHORT_TEXT"}]}
RESULT: undefined
COMMAND: POST /session/371b8fcef450a364efde700f21fc0eae/execute/async - {"script":"<script> [776 bytes]","args":[{"enterText":"Intercompany Equipment WDIO","selector":{"id":"application-manageresources-display-component---newResourceUnit--SHORT_TEXT","interaction":{"idSuffix":"inner"}},"clearTextFirst":true,"interactionType":"ENTER_TEXT"}]}
RESULT: {"script":"<script> [776 bytes]","args":[{"enterText":"Intercompany Equipment WDIO","selector":{"id":"application-manageresources-display-component---newResourceUnit--SHORT_TEXT","interaction":{"idSuffix":"inner"}},"clearTextFirst":true,"interactionType":"ENTER_TEXT"}]}
COMMAND: POST /session/371b8fcef450a364efde700f21fc0eae/execute/async - {"script":"<script> [1562 bytes]","args":[{"selector":{"id":"application-manageresources-display-component---newResourceUnit--BASE_UNIT_OF_MEASURE","interaction":{"idSuffix":"inner"}},"wdio_ui5_key":"applicationmanageresources-display-component---newResourceUnit--BASE_UNIT_OF_MEASURE"}]}
RESULT: {"script":"<script> [1562 bytes]","args":[{"selector":{"id":"application-manageresources-display-component---newResourceUnit--BASE_UNIT_OF_MEASURE","interaction":{"idSuffix":"inner"}},"wdio_ui5_key":"applicationmanageresources-display-component---newResourceUnit--BASE_UNIT_OF_MEASURE"}]}
RESULT: undefined
COMMAND: POST /session/371b8fcef450a364efde700f21fc0eae/execute/async - {"script":"<script> [776 bytes]","args":[{"enterText":"Piece","selector":{"id":"application-manageresources-display-component---newResourceUnit--BASE_UNIT_OF_MEASURE","interaction":{"idSuffix":"inner"}},"clearTextFirst":true,"interactionType":"ENTER_TEXT"}]}
RESULT: {"script":"<script> [776 bytes]","args":[{"enterText":"Piece","selector":{"id":"application-manageresources-display-component---newResourceUnit--BASE_UNIT_OF_MEASURE","interaction":{"idSuffix":"inner"}},"clearTextFirst":true,"interactionType":"ENTER_TEXT"}]}
COMMAND: POST /session/371b8fcef450a364efde700f21fc0eae/execute/async - {"script":"<script> [1562 bytes]","args":[{"selector":{"id":"application-manageresources-display-component---newResourceUnit--WEIGHT_UNIT","interaction":{"idSuffix":"inner"}},"wdio_ui5_key":"applicationmanageresources-display-component---newResourceUnit--WEIGHT_UNIT"}]}
RESULT: {"script":"<script> [1562 bytes]","args":[{"selector":{"id":"application-manageresources-display-component---newResourceUnit--WEIGHT_UNIT","interaction":{"idSuffix":"inner"}},"wdio_ui5_key":"applicationmanageresources-display-component---newResourceUnit--WEIGHT_UNIT"}]}
RESULT: undefined
COMMAND: POST /session/371b8fcef450a364efde700f21fc0eae/execute/async - {"script":"<script> [776 bytes]","args":[{"enterText":"Gram","selector":{"id":"application-manageresources-display-component---newResourceUnit--WEIGHT_UNIT","interaction":{"idSuffix":"inner"}},"clearTextFirst":true,"interactionType":"ENTER_TEXT"}]}
RESULT: {"script":"<script> [776 bytes]","args":[{"enterText":"Gram","selector":{"id":"application-manageresources-display-component---newResourceUnit--WEIGHT_UNIT","interaction":{"idSuffix":"inner"}},"clearTextFirst":true,"interactionType":"ENTER_TEXT"}]}
COMMAND: POST /session/371b8fcef450a364efde700f21fc0eae/execute/async - {"script":"<script> [1562 bytes]","args":[{"selector":{"id":"application-manageresources-display-component---newResourceUnit--DIMENSION_UNIT","interaction":{"idSuffix":"inner"}},"wdio_ui5_key":"applicationmanageresources-display-component---newResourceUnit--DIMENSION_UNIT"}]}
RESULT: {"script":"<script> [1562 bytes]","args":[{"selector":{"id":"application-manageresources-display-component---newResourceUnit--DIMENSION_UNIT","interaction":{"idSuffix":"inner"}},"wdio_ui5_key":"applicationmanageresources-display-component---newResourceUnit--DIMENSION_UNIT"}]}
RESULT: undefined
COMMAND: POST /session/371b8fcef450a364efde700f21fc0eae/execute/async - {"script":"<script> [776 bytes]","args":[{"enterText":"Meter","selector":{"id":"application-manageresources-display-component---newResourceUnit--DIMENSION_UNIT","interaction":{"idSuffix":"inner"}},"clearTextFirst":true,"interactionType":"ENTER_TEXT"}]}
RESULT: {"script":"<script> [776 bytes]","args":[{"enterText":"Meter","selector":{"id":"application-manageresources-display-component---newResourceUnit--DIMENSION_UNIT","interaction":{"idSuffix":"inner"}},"clearTextFirst":true,"interactionType":"ENTER_TEXT"}]}
COMMAND: POST /session/371b8fcef450a364efde700f21fc0eae/execute/async - {"script":"<script> [1562 bytes]","args":[{"selector":{"id":"application-manageresources-display-component---newResourceUnit--newRRUPage-anchBar-application-manageresources-display-component---newResourceUnit--control-anchor","interaction":{"idSuffix":"BDI-content"}},"wdio_ui5_key":"applicationmanageresources-display-component---newResourceUnit--newRRUPage-anchBar-application-manageresources-display-component---newResourceUnit--control-anchor"}]}
RESULT: {"script":"<script> [1562 bytes]","args":[{"selector":{"id":"application-manageresources-display-component---newResourceUnit--newRRUPage-anchBar-application-manageresources-display-component---newResourceUnit--control-anchor","interaction":{"idSuffix":"BDI-content"}},"wdio_ui5_key":"applicationmanageresources-display-component---newResourceUnit--newRRUPage-anchBar-application-manageresources-display-component---newResourceUnit--control-anchor"}]}
RESULT: undefined
COMMAND: POST /session/371b8fcef450a364efde700f21fc0eae/element - {"using":"xpath","value":"//*[@id=\"application-manageresources-display-component---newResourceUnit--newRRUPage-anchBar-application-manageresources-display-component---newResourceUnit--control-anchor\"]"}
RESULT: {"using":"xpath","value":"//*[@id=\"application-manageresources-display-component---newResourceUnit--newRRUPage-anchBar-application-manageresources-display-component---newResourceUnit--control-anchor\"]"}
COMMAND: POST /session/371b8fcef450a364efde700f21fc0eae/element/f.FFD2F70B7356459FE22D1016ABDF7B9E.d.943AAF4803786248F401E4DF7F34F067.e.18050/click - {}
RESULT: {}
COMMAND: POST /session/371b8fcef450a364efde700f21fc0eae/execute/async - {"script":"<script> [1562 bytes]","args":[{"selector":{"id":"application-manageresources-display-component---newResourceUnit--PLANNING_GROUP","interaction":{"idSuffix":"inner"}},"wdio_ui5_key":"applicationmanageresources-display-component---newResourceUnit--PLANNING_GROUP"}]}
COMMAND: GET /session/371b8fcef450a364efde700f21fc0eae/screenshot - {}
RESULT: {"script":"<script> [1562 bytes]","args":[{"selector":{"id":"application-manageresources-display-component---newResourceUnit--PLANNING_GROUP","interaction":{"idSuffix":"inner"}},"wdio_ui5_key":"applicationmanageresources-display-component---newResourceUnit--PLANNING_GROUP"}]}
RESULT: undefined
COMMAND: POST /session/371b8fcef450a364efde700f21fc0eae/execute/async - {"script":"<script> [776 bytes]","args":[{"enterText":"Heavy Equi","selector":{"id":"application-manageresources-display-component---newResourceUnit--PLANNING_GROUP","interaction":{"idSuffix":"inner"}},"clearTextFirst":true,"interactionType":"ENTER_TEXT"}]}
RESULT: {}
RESULT: {"script":"<script> [776 bytes]","args":[{"enterText":"Heavy Equi","selector":{"id":"application-manageresources-display-component---newResourceUnit--PLANNING_GROUP","interaction":{"idSuffix":"inner"}},"clearTextFirst":true,"interactionType":"ENTER_TEXT"}]}
COMMAND: POST /session/371b8fcef450a364efde700f21fc0eae/execute/async - {"script":"<script> [1562 bytes]","args":[{"selector":{"id":"application-manageresources-display-component---newResourceUnit--ITEM_TYPE-arrow"},"wdio_ui5_key":"applicationmanageresources-display-component---newResourceUnit--ITEM_TYPE-arrow"}]}
RESULT: {"script":"<script> [1562 bytes]","args":[{"selector":{"id":"application-manageresources-display-component---newResourceUnit--ITEM_TYPE-arrow"},"wdio_ui5_key":"applicationmanageresources-display-component---newResourceUnit--ITEM_TYPE-arrow"}]}
RESULT: undefined
COMMAND: POST /session/371b8fcef450a364efde700f21fc0eae/element - {"using":"xpath","value":"//*[@id=\"application-manageresources-display-component---newResourceUnit--ITEM_TYPE-arrow\"]"}
RESULT: {"using":"xpath","value":"//*[@id=\"application-manageresources-display-component---newResourceUnit--ITEM_TYPE-arrow\"]"}
COMMAND: POST /session/371b8fcef450a364efde700f21fc0eae/element/f.FFD2F70B7356459FE22D1016ABDF7B9E.d.943AAF4803786248F401E4DF7F34F067.e.18057/click - {}
RESULT: {}
COMMAND: POST /session/371b8fcef450a364efde700f21fc0eae/element - {"using":"xpath","value":"(//span[contains(text(), \"Resource Unit\")])[2]"}
COMMAND: GET /session/371b8fcef450a364efde700f21fc0eae/screenshot - {}
RESULT: {"using":"xpath","value":"(//span[contains(text(), \"Resource Unit\")])[2]"}
COMMAND: POST /session/371b8fcef450a364efde700f21fc0eae/element/f.FFD2F70B7356459FE22D1016ABDF7B9E.d.943AAF4803786248F401E4DF7F34F067.e.18058/click - {}
RESULT: {}
RESULT: {}
COMMAND: GET /session/371b8fcef450a364efde700f21fc0eae/screenshot - {}
RESULT: {}
COMMAND: POST /session/371b8fcef450a364efde700f21fc0eae/element - {"using":"css selector","value":"#application-manageresources-display-component---newResourceUnit--btnAddTimeSegment"}
RESULT: {"using":"css selector","value":"#application-manageresources-display-component---newResourceUnit--btnAddTimeSegment"}
COMMAND: GET /session/371b8fcef450a364efde700f21fc0eae/element/f.FFD2F70B7356459FE22D1016ABDF7B9E.d.943AAF4803786248F401E4DF7F34F067.e.18059/rect - {}
RESULT: {}
COMMAND: GET /session/371b8fcef450a364efde700f21fc0eae/window/rect - {}
RESULT: {}
COMMAND: POST /session/371b8fcef450a364efde700f21fc0eae/execute/sync - {"script":"<script> [92 bytes]","args":[]}
RESULT: {"script":"<script> [92 bytes]","args":[]}
COMMAND: POST /session/371b8fcef450a364efde700f21fc0eae/actions - {"actions":[{"id":"action59","type":"wheel","parameters":{},"actions":[{"type":"scroll","x":-1888,"y":-32,"deltaX":0,"deltaY":0,"duration":0,"origin":{"element-6066-11e4-a52e-4f735466cecf":"f.FFD2F70B7356459FE22D1016ABDF7B9E.d.943AAF4803786248F401E4DF7F34F067.e.18059"}}]}]}
COMMAND: GET /session/371b8fcef450a364efde700f21fc0eae/screenshot - {}
RESULT: {}
COMMAND: POST /session/371b8fcef450a364efde700f21fc0eae/execute/sync - {"script":"<script> [79 bytes]","args":[{"element-6066-11e4-a52e-4f735466cecf":"f.FFD2F70B7356459FE22D1016ABDF7B9E.d.943AAF4803786248F401E4DF7F34F067.e.18059","ELEMENT":"f.FFD2F70B7356459FE22D1016ABDF7B9E.d.943AAF4803786248F401E4DF7F34F067.e.18059"},{"block":"start","inline":"nearest"}]}
RESULT: {"script":"<script> [79 bytes]","args":[{"element-6066-11e4-a52e-4f735466cecf":"f.FFD2F70B7356459FE22D1016ABDF7B9E.d.943AAF4803786248F401E4DF7F34F067.e.18059","ELEMENT":"f.FFD2F70B7356459FE22D1016ABDF7B9E.d.943AAF4803786248F401E4DF7F34F067.e.18059"},{"block":"start","inline":"nearest"}]}
COMMAND: POST /session/371b8fcef450a364efde700f21fc0eae/execute/async - {"script":"<script> [1562 bytes]","args":[{"selector":{"id":"application-manageresources-display-component---newResourceUnit--btnAddTimeSegment","interaction":{"idSuffix":"inner"}},"wdio_ui5_key":"applicationmanageresources-display-component---newResourceUnit--btnAddTimeSegment"}]}
COMMAND: GET /session/371b8fcef450a364efde700f21fc0eae/screenshot - {}
RESULT: {"script":"<script> [1562 bytes]","args":[{"selector":{"id":"application-manageresources-display-component---newResourceUnit--btnAddTimeSegment","interaction":{"idSuffix":"inner"}},"wdio_ui5_key":"applicationmanageresources-display-component---newResourceUnit--btnAddTimeSegment"}]}
RESULT: undefined
COMMAND: POST /session/371b8fcef450a364efde700f21fc0eae/element - {"using":"xpath","value":"//*[@id=\"application-manageresources-display-component---newResourceUnit--btnAddTimeSegment\"]"}
RESULT: {}
RESULT: {"using":"xpath","value":"//*[@id=\"application-manageresources-display-component---newResourceUnit--btnAddTimeSegment\"]"}
COMMAND: POST /session/371b8fcef450a364efde700f21fc0eae/element/f.FFD2F70B7356459FE22D1016ABDF7B9E.d.943AAF4803786248F401E4DF7F34F067.e.18059/click - {}
RESULT: {}
COMMAND: GET /session/371b8fcef450a364efde700f21fc0eae/screenshot - {}
RESULT: {}
COMMAND: POST /session/371b8fcef450a364efde700f21fc0eae/element - {"using":"xpath","value":"//input[@id=\"application-manageresources-display-component---newResourceUnit--idRuTSAdmin-application-manageresources-display-component---newResourceUnit--RUTimeSegment-0-inner\"]"}
RESULT: {"using":"xpath","value":"//input[@id=\"application-manageresources-display-component---newResourceUnit--idRuTSAdmin-application-manageresources-display-component---newResourceUnit--RUTimeSegment-0-inner\"]"}
COMMAND: POST /session/371b8fcef450a364efde700f21fc0eae/element/f.FFD2F70B7356459FE22D1016ABDF7B9E.d.943AAF4803786248F401E4DF7F34F067.e.18065/clear - {}
RESULT: {}
COMMAND: POST /session/371b8fcef450a364efde700f21fc0eae/element/f.FFD2F70B7356459FE22D1016ABDF7B9E.d.943AAF4803786248F401E4DF7F34F067.e.18065/value - {"text":"515"}
COMMAND: GET /session/371b8fcef450a364efde700f21fc0eae/screenshot - {}
RESULT: {"text":"515"}
COMMAND: GET /session/371b8fcef450a364efde700f21fc0eae/screenshot - {}
RESULT: {}
RESULT: {}
COMMAND: POST /session/371b8fcef450a364efde700f21fc0eae/element - {"using":"xpath","value":"//li[.//span[text()='515']]"}
RESULT: {"using":"xpath","value":"//li[.//span[text()='515']]"}
COMMAND: POST /session/371b8fcef450a364efde700f21fc0eae/element/f.FFD2F70B7356459FE22D1016ABDF7B9E.d.943AAF4803786248F401E4DF7F34F067.e.18077/click - {}
RESULT: {}
COMMAND: GET /session/371b8fcef450a364efde700f21fc0eae/screenshot - {}
RESULT: {}
COMMAND: POST /session/371b8fcef450a364efde700f21fc0eae/element - {"using":"xpath","value":"(//span[contains(@id, \"-application-manageresources-display-component---newResourceUnit--RUTimeSegment-0-arrow\")])[6]"}
RESULT: {"using":"xpath","value":"(//span[contains(@id, \"-application-manageresources-display-component---newResourceUnit--RUTimeSegment-0-arrow\")])[6]"}
COMMAND: POST /session/371b8fcef450a364efde700f21fc0eae/element/f.FFD2F70B7356459FE22D1016ABDF7B9E.d.943AAF4803786248F401E4DF7F34F067.e.18078/click - {}
RESULT: {}
COMMAND: GET /session/371b8fcef450a364efde700f21fc0eae/screenshot - {}
RESULT: {}
COMMAND: POST /session/371b8fcef450a364efde700f21fc0eae/element - {"using":"xpath","value":"//span[contains(text(), \"PM Order\")]"}
RESULT: {"using":"xpath","value":"//span[contains(text(), \"PM Order\")]"}
COMMAND: POST /session/371b8fcef450a364efde700f21fc0eae/element/f.FFD2F70B7356459FE22D1016ABDF7B9E.d.943AAF4803786248F401E4DF7F34F067.e.18081/click - {}
RESULT: {}
COMMAND: GET /session/371b8fcef450a364efde700f21fc0eae/screenshot - {}
RESULT: {}
COMMAND: POST /session/371b8fcef450a364efde700f21fc0eae/element - {"using":"xpath","value":"(//span[contains(@id ,\"manageresources-display-component---newResourceUnit--RUTimeSegment-0-vhi\")])[1]"}
RESULT: {"using":"xpath","value":"(//span[contains(@id ,\"manageresources-display-component---newResourceUnit--RUTimeSegment-0-vhi\")])[1]"}
COMMAND: GET /session/371b8fcef450a364efde700f21fc0eae/element/f.FFD2F70B7356459FE22D1016ABDF7B9E.d.943AAF4803786248F401E4DF7F34F067.e.18085/rect - {}
RESULT: {}
COMMAND: GET /session/371b8fcef450a364efde700f21fc0eae/window/rect - {}
RESULT: {}
COMMAND: POST /session/371b8fcef450a364efde700f21fc0eae/execute/sync - {"script":"<script> [92 bytes]","args":[]}
RESULT: {"script":"<script> [92 bytes]","args":[]}
COMMAND: POST /session/371b8fcef450a364efde700f21fc0eae/actions - {"actions":[{"id":"action60","type":"wheel","parameters":{},"actions":[{"type":"scroll","x":-869,"y":-24,"deltaX":0,"deltaY":0,"duration":0,"origin":{"element-6066-11e4-a52e-4f735466cecf":"f.FFD2F70B7356459FE22D1016ABDF7B9E.d.943AAF4803786248F401E4DF7F34F067.e.18085"}}]}]}
COMMAND: GET /session/371b8fcef450a364efde700f21fc0eae/screenshot - {}
RESULT: {"actions":[{"id":"action60","type":"wheel","parameters":{},"actions":[{"type":"scroll","x":-869,"y":-24,"deltaX":0,"deltaY":0,"duration":0,"origin":{"element-6066-11e4-a52e-4f735466cecf":"f.FFD2F70B7356459FE22D1016ABDF7B9E.d.943AAF4803786248F401E4DF7F34F067.e.18085"}}]}]}
COMMAND: DELETE /session/371b8fcef450a364efde700f21fc0eae/actions - {}
COMMAND: GET /session/371b8fcef450a364efde700f21fc0eae/screenshot - {}
RESULT: {}
RESULT: {}
COMMAND: GET /session/371b8fcef450a364efde700f21fc0eae/screenshot - {}
RESULT: {}
RESULT: {}
COMMAND: POST /session/371b8fcef450a364efde700f21fc0eae/element/f.FFD2F70B7356459FE22D1016ABDF7B9E.d.943AAF4803786248F401E4DF7F34F067.e.18085/click - {}
RESULT: {}
COMMAND: GET /session/371b8fcef450a364efde700f21fc0eae/screenshot - {}
RESULT: {}
COMMAND: POST /session/371b8fcef450a364efde700f21fc0eae/execute/async - {"script":"<script> [1562 bytes]","args":[{"selector":{"controlType":"sap.m.SearchField","properties":{"placeholder":"Search"},"searchOpenDialogs":true,"interaction":{"idSuffix":"I"}},"wdio_ui5_key":"sapm.SearchField{\"placeholder\":\"Search\"}"}]}
RESULT: {"script":"<script> [1562 bytes]","args":[{"selector":{"controlType":"sap.m.SearchField","properties":{"placeholder":"Search"},"searchOpenDialogs":true,"interaction":{"idSuffix":"I"}},"wdio_ui5_key":"sapm.SearchField{\"placeholder\":\"Search\"}"}]}
RESULT: undefined
COMMAND: POST /session/371b8fcef450a364efde700f21fc0eae/execute/async - {"script":"<script> [776 bytes]","args":[{"enterText":"4000360","selector":{"controlType":"sap.m.SearchField","properties":{"placeholder":"Search"},"searchOpenDialogs":true,"interaction":{"idSuffix":"I"}},"clearTextFirst":true,"interactionType":"ENTER_TEXT"}]}
RESULT: {"script":"<script> [776 bytes]","args":[{"enterText":"4000360","selector":{"controlType":"sap.m.SearchField","properties":{"placeholder":"Search"},"searchOpenDialogs":true,"interaction":{"idSuffix":"I"}},"clearTextFirst":true,"interactionType":"ENTER_TEXT"}]}
COMMAND: POST /session/371b8fcef450a364efde700f21fc0eae/actions - {"actions":[{"id":"action61","type":"key","parameters":{},"actions":[{"type":"keyDown","value":"î€‡"},{"type":"pause","duration":10},{"type":"keyUp","value":"î€‡"}]}]}
RESULT: {"actions":[{"id":"action61","type":"key","parameters":{},"actions":[{"type":"keyDown","value":"î€‡"},{"type":"pause","duration":10},{"type":"keyUp","value":"î€‡"}]}]}
COMMAND: GET /session/371b8fcef450a364efde700f21fc0eae/screenshot - {}
RESULT: {}
COMMAND: POST /session/371b8fcef450a364efde700f21fc0eae/element - {"using":"xpath","value":"//td/div/span[contains(text(), \"BGL Vehicles\")]"}
RESULT: {"using":"xpath","value":"//td/div/span[contains(text(), \"BGL Vehicles\")]"}
COMMAND: POST /session/371b8fcef450a364efde700f21fc0eae/element/f.FFD2F70B7356459FE22D1016ABDF7B9E.d.943AAF4803786248F401E4DF7F34F067.e.18107/click - {}
RESULT: {}
COMMAND: GET /session/371b8fcef450a364efde700f21fc0eae/screenshot - {}
RESULT: {}
COMMAND: POST /session/371b8fcef450a364efde700f21fc0eae/element - {"using":"xpath","value":"//bdi[contains(text(), \"OK\")]"}
RESULT: {"using":"xpath","value":"//bdi[contains(text(), \"OK\")]"}
COMMAND: POST /session/371b8fcef450a364efde700f21fc0eae/element/f.FFD2F70B7356459FE22D1016ABDF7B9E.d.943AAF4803786248F401E4DF7F34F067.e.18108/click - {}
RESULT: {}
COMMAND: GET /session/371b8fcef450a364efde700f21fc0eae/screenshot - {}
RESULT: {}
COMMAND: POST /session/371b8fcef450a364efde700f21fc0eae/execute/async - {"script":"<script> [1562 bytes]","args":[{"selector":{"id":"application-manageresources-display-component---newResourceUnit--newRRUPage-anchBar-application-manageresources-display-component---newResourceUnit--resource-anchor","interaction":{"idSuffix":"BDI-content"}},"wdio_ui5_key":"applicationmanageresources-display-component---newResourceUnit--newRRUPage-anchBar-application-manageresources-display-component---newResourceUnit--resource-anchor"}]}
RESULT: {"script":"<script> [1562 bytes]","args":[{"selector":{"id":"application-manageresources-display-component---newResourceUnit--newRRUPage-anchBar-application-manageresources-display-component---newResourceUnit--resource-anchor","interaction":{"idSuffix":"BDI-content"}},"wdio_ui5_key":"applicationmanageresources-display-component---newResourceUnit--newRRUPage-anchBar-application-manageresources-display-component---newResourceUnit--resource-anchor"}]}
RESULT: undefined
COMMAND: POST /session/371b8fcef450a364efde700f21fc0eae/element - {"using":"xpath","value":"//*[@id=\"application-manageresources-display-component---newResourceUnit--newRRUPage-anchBar-application-manageresources-display-component---newResourceUnit--resource-anchor\"]"}
RESULT: {"using":"xpath","value":"//*[@id=\"application-manageresources-display-component---newResourceUnit--newRRUPage-anchBar-application-manageresources-display-component---newResourceUnit--resource-anchor\"]"}
COMMAND: POST /session/371b8fcef450a364efde700f21fc0eae/element/f.FFD2F70B7356459FE22D1016ABDF7B9E.d.943AAF4803786248F401E4DF7F34F067.e.18112/click - {}
RESULT: {}
COMMAND: POST /session/371b8fcef450a364efde700f21fc0eae/execute/async - {"script":"<script> [1562 bytes]","args":[{"selector":{"id":"application-manageresources-display-component---newResourceUnit--PLANNED_DELIVERY_DATE","interaction":{"idSuffix":"inner"}},"wdio_ui5_key":"applicationmanageresources-display-component---newResourceUnit--PLANNED_DELIVERY_DATE"}]}
COMMAND: GET /session/371b8fcef450a364efde700f21fc0eae/screenshot - {}
RESULT: {"script":"<script> [1562 bytes]","args":[{"selector":{"id":"application-manageresources-display-component---newResourceUnit--PLANNED_DELIVERY_DATE","interaction":{"idSuffix":"inner"}},"wdio_ui5_key":"applicationmanageresources-display-component---newResourceUnit--PLANNED_DELIVERY_DATE"}]}
RESULT: undefined
COMMAND: POST /session/371b8fcef450a364efde700f21fc0eae/execute/async - {"script":"<script> [6424 bytes]","args":[{"element-6066-11e4-a52e-4f735466cecf":"f.FFD2F70B7356459FE22D1016ABDF7B9E.d.943AAF4803786248F401E4DF7F34F067.e.17973"},"setValue",["5/2/25"]]}
RESULT: {}
RESULT: {"script":"<script> [6424 bytes]","args":[{"element-6066-11e4-a52e-4f735466cecf":"f.FFD2F70B7356459FE22D1016ABDF7B9E.d.943AAF4803786248F401E4DF7F34F067.e.17973"},"setValue",["5/2/25"]]}
COMMAND: POST /session/371b8fcef450a364efde700f21fc0eae/element - {"using":"xpath","value":"//button[@data-kt=\"resourceUnitSaveButton\"]"}
RESULT: {"using":"xpath","value":"//button[@data-kt=\"resourceUnitSaveButton\"]"}
COMMAND: POST /session/371b8fcef450a364efde700f21fc0eae/element/f.FFD2F70B7356459FE22D1016ABDF7B9E.d.943AAF4803786248F401E4DF7F34F067.e.17933/click - {}
RESULT: {}
COMMAND: GET /session/371b8fcef450a364efde700f21fc0eae/screenshot - {}
RESULT: {}
COMMAND: POST /session/371b8fcef450a364efde700f21fc0eae/element - {"using":"xpath","value":"//bdi[contains(text(), \"Close\")]"}
RESULT: {"using":"xpath","value":"//bdi[contains(text(), \"Close\")]"}
COMMAND: POST /session/371b8fcef450a364efde700f21fc0eae/element/f.FFD2F70B7356459FE22D1016ABDF7B9E.d.943AAF4803786248F401E4DF7F34F067.e.18120/click - {}
RESULT: {}
COMMAND: GET /session/371b8fcef450a364efde700f21fc0eae/screenshot - {}
RESULT: {}
COMMAND: POST /session/371b8fcef450a364efde700f21fc0eae/element - {"using":"xpath","value":"(//button[contains(@id ,\"actionsToolbar-overflowButton\")])[1]"}
RESULT: {"using":"xpath","value":"(//button[contains(@id ,\"actionsToolbar-overflowButton\")])[1]"}
COMMAND: POST /session/371b8fcef450a364efde700f21fc0eae/element/f.FFD2F70B7356459FE22D1016ABDF7B9E.d.943AAF4803786248F401E4DF7F34F067.e.18151/click - {}
RESULT: {}
COMMAND: GET /session/371b8fcef450a364efde700f21fc0eae/screenshot - {}
RESULT: {}
COMMAND: POST /session/371b8fcef450a364efde700f21fc0eae/element - {"using":"xpath","value":"//button[@data-kt=\"priceInfoButton\"]"}
RESULT: {"using":"xpath","value":"//button[@data-kt=\"priceInfoButton\"]"}
COMMAND: POST /session/371b8fcef450a364efde700f21fc0eae/element/f.FFD2F70B7356459FE22D1016ABDF7B9E.d.943AAF4803786248F401E4DF7F34F067.e.18153/click - {}
RESULT: {}
COMMAND: GET /session/371b8fcef450a364efde700f21fc0eae/screenshot - {}
]]></system-out>
    </testcase>
    <testcase classname="chrome.135_0_7049_96.windows.Create_Reverse_Billing_US127248" name="Should create a pricing procedure" time="52.103">
      <system-out><![CDATA[
COMMAND: POST /session/371b8fcef450a364efde700f21fc0eae/element - {"using":"xpath","value":"//button[@data-kt=\"addButton\"]"}
RESULT: {}
RESULT: {"using":"xpath","value":"//button[@data-kt=\"addButton\"]"}
COMMAND: POST /session/371b8fcef450a364efde700f21fc0eae/elements - {"using":"xpath","value":"//button[@data-kt=\"addButton\"]"}
RESULT: {"using":"xpath","value":"//button[@data-kt=\"addButton\"]"}
COMMAND: POST /session/371b8fcef450a364efde700f21fc0eae/execute/sync - {"script":"<script> [8489 bytes]","args":[{"element-6066-11e4-a52e-4f735466cecf":"f.FFD2F70B7356459FE22D1016ABDF7B9E.d.943AAF4803786248F401E4DF7F34F067.e.18189","ELEMENT":"f.FFD2F70B7356459FE22D1016ABDF7B9E.d.943AAF4803786248F401E4DF7F34F067.e.18189"}]}
RESULT: {"script":"<script> [8489 bytes]","args":[{"element-6066-11e4-a52e-4f735466cecf":"f.FFD2F70B7356459FE22D1016ABDF7B9E.d.943AAF4803786248F401E4DF7F34F067.e.18189","ELEMENT":"f.FFD2F70B7356459FE22D1016ABDF7B9E.d.943AAF4803786248F401E4DF7F34F067.e.18189"}]}
COMMAND: GET /session/371b8fcef450a364efde700f21fc0eae/element/f.FFD2F70B7356459FE22D1016ABDF7B9E.d.943AAF4803786248F401E4DF7F34F067.e.18189/enabled - {}
COMMAND: GET /session/371b8fcef450a364efde700f21fc0eae/screenshot - {}
RESULT: {}
COMMAND: POST /session/371b8fcef450a364efde700f21fc0eae/execute/sync - {"script":"<script> [8489 bytes]","args":[{"element-6066-11e4-a52e-4f735466cecf":"f.FFD2F70B7356459FE22D1016ABDF7B9E.d.943AAF4803786248F401E4DF7F34F067.e.18189","ELEMENT":"f.FFD2F70B7356459FE22D1016ABDF7B9E.d.943AAF4803786248F401E4DF7F34F067.e.18189"}]}
COMMAND: GET /session/371b8fcef450a364efde700f21fc0eae/screenshot - {}
RESULT: {}
RESULT: {"script":"<script> [8489 bytes]","args":[{"element-6066-11e4-a52e-4f735466cecf":"f.FFD2F70B7356459FE22D1016ABDF7B9E.d.943AAF4803786248F401E4DF7F34F067.e.18189","ELEMENT":"f.FFD2F70B7356459FE22D1016ABDF7B9E.d.943AAF4803786248F401E4DF7F34F067.e.18189"}]}
COMMAND: POST /session/371b8fcef450a364efde700f21fc0eae/execute/sync - {"script":"<script> [5351 bytes]","args":[{"element-6066-11e4-a52e-4f735466cecf":"f.FFD2F70B7356459FE22D1016ABDF7B9E.d.943AAF4803786248F401E4DF7F34F067.e.18189","ELEMENT":"f.FFD2F70B7356459FE22D1016ABDF7B9E.d.943AAF4803786248F401E4DF7F34F067.e.18189"}]}
COMMAND: GET /session/371b8fcef450a364efde700f21fc0eae/screenshot - {}
RESULT: {}
RESULT: {"script":"<script> [5351 bytes]","args":[{"element-6066-11e4-a52e-4f735466cecf":"f.FFD2F70B7356459FE22D1016ABDF7B9E.d.943AAF4803786248F401E4DF7F34F067.e.18189","ELEMENT":"f.FFD2F70B7356459FE22D1016ABDF7B9E.d.943AAF4803786248F401E4DF7F34F067.e.18189"}]}
COMMAND: POST /session/371b8fcef450a364efde700f21fc0eae/element/f.FFD2F70B7356459FE22D1016ABDF7B9E.d.943AAF4803786248F401E4DF7F34F067.e.18189/click - {}
COMMAND: GET /session/371b8fcef450a364efde700f21fc0eae/screenshot - {}
RESULT: {}
RESULT: {}
COMMAND: GET /session/371b8fcef450a364efde700f21fc0eae/screenshot - {}
RESULT: {}
RESULT: {}
COMMAND: POST /session/371b8fcef450a364efde700f21fc0eae/execute/async - {"script":"<script> [1562 bytes]","args":[{"selector":{"controlType":"sap.m.Title","viewName":"etm.portal.ui.managepricingrules.view.NewItem","viewId":"application-managepricingrules-display-component---newInfoPriceItem","properties":{"text":"New Pricing Rules - Item Level"}},"wdio_ui5_key":"etmportal.ui.managepricingrules.view.NewItemsap.m.Title{\"text\":\"New Pricing Rules - Item Level\"}"}]}
RESULT: {"script":"<script> [1562 bytes]","args":[{"selector":{"controlType":"sap.m.Title","viewName":"etm.portal.ui.managepricingrules.view.NewItem","viewId":"application-managepricingrules-display-component---newInfoPriceItem","properties":{"text":"New Pricing Rules - Item Level"}},"wdio_ui5_key":"etmportal.ui.managepricingrules.view.NewItemsap.m.Title{\"text\":\"New Pricing Rules - Item Level\"}"}]}
RESULT: undefined
COMMAND: POST /session/371b8fcef450a364efde700f21fc0eae/execute/async - {"script":"<script> [6424 bytes]","args":[{"element-6066-11e4-a52e-4f735466cecf":"f.FFD2F70B7356459FE22D1016ABDF7B9E.d.943AAF4803786248F401E4DF7F34F067.e.18359"},"getText",[]]}
RESULT: {"script":"<script> [6424 bytes]","args":[{"element-6066-11e4-a52e-4f735466cecf":"f.FFD2F70B7356459FE22D1016ABDF7B9E.d.943AAF4803786248F401E4DF7F34F067.e.18359"},"getText",[]]}
COMMAND: POST /session/371b8fcef450a364efde700f21fc0eae/execute/async - {"script":"<script> [1562 bytes]","args":[{"selector":{"id":"application-managepricingrules-display-component---newInfoPriceItem--condValidTo","interaction":{"idSuffix":"inner"}},"wdio_ui5_key":"applicationmanagepricingrules-display-component---newInfoPriceItem--condValidTo"}]}
RESULT: {"script":"<script> [1562 bytes]","args":[{"selector":{"id":"application-managepricingrules-display-component---newInfoPriceItem--condValidTo","interaction":{"idSuffix":"inner"}},"wdio_ui5_key":"applicationmanagepricingrules-display-component---newInfoPriceItem--condValidTo"}]}
RESULT: undefined
COMMAND: POST /session/371b8fcef450a364efde700f21fc0eae/execute/async - {"script":"<script> [776 bytes]","args":[{"enterText":"01/02/26","selector":{"id":"application-managepricingrules-display-component---newInfoPriceItem--condValidTo","interaction":{"idSuffix":"inner"}},"clearTextFirst":true,"interactionType":"ENTER_TEXT"}]}
RESULT: {"script":"<script> [776 bytes]","args":[{"enterText":"01/02/26","selector":{"id":"application-managepricingrules-display-component---newInfoPriceItem--condValidTo","interaction":{"idSuffix":"inner"}},"clearTextFirst":true,"interactionType":"ENTER_TEXT"}]}
COMMAND: POST /session/371b8fcef450a364efde700f21fc0eae/execute/async - {"script":"<script> [1562 bytes]","args":[{"selector":{"id":"application-managepricingrules-display-component---newInfoPriceItem--billType-arrow"},"wdio_ui5_key":"applicationmanagepricingrules-display-component---newInfoPriceItem--billType-arrow"}]}
RESULT: {"script":"<script> [1562 bytes]","args":[{"selector":{"id":"application-managepricingrules-display-component---newInfoPriceItem--billType-arrow"},"wdio_ui5_key":"applicationmanagepricingrules-display-component---newInfoPriceItem--billType-arrow"}]}
RESULT: undefined
COMMAND: POST /session/371b8fcef450a364efde700f21fc0eae/element - {"using":"xpath","value":"//*[@id=\"application-managepricingrules-display-component---newInfoPriceItem--billType-arrow\"]"}
RESULT: {"using":"xpath","value":"//*[@id=\"application-managepricingrules-display-component---newInfoPriceItem--billType-arrow\"]"}
COMMAND: POST /session/371b8fcef450a364efde700f21fc0eae/element/f.FFD2F70B7356459FE22D1016ABDF7B9E.d.943AAF4803786248F401E4DF7F34F067.e.18319/click - {}
RESULT: {}
COMMAND: POST /session/371b8fcef450a364efde700f21fc0eae/element - {"using":"xpath","value":"//span[contains(text(), \"TB - Time based\")]"}
COMMAND: GET /session/371b8fcef450a364efde700f21fc0eae/screenshot - {}
RESULT: {"using":"xpath","value":"//span[contains(text(), \"TB - Time based\")]"}
COMMAND: POST /session/371b8fcef450a364efde700f21fc0eae/element/f.FFD2F70B7356459FE22D1016ABDF7B9E.d.943AAF4803786248F401E4DF7F34F067.e.18361/click - {}
RESULT: {}
RESULT: {}
COMMAND: POST /session/371b8fcef450a364efde700f21fc0eae/execute/async - {"script":"<script> [1562 bytes]","args":[{"selector":{"id":"application-managepricingrules-display-component---newInfoPriceItem--priceProc-arrow"},"wdio_ui5_key":"applicationmanagepricingrules-display-component---newInfoPriceItem--priceProc-arrow"}]}
COMMAND: GET /session/371b8fcef450a364efde700f21fc0eae/screenshot - {}
RESULT: {"script":"<script> [1562 bytes]","args":[{"selector":{"id":"application-managepricingrules-display-component---newInfoPriceItem--priceProc-arrow"},"wdio_ui5_key":"applicationmanagepricingrules-display-component---newInfoPriceItem--priceProc-arrow"}]}
RESULT: undefined
COMMAND: POST /session/371b8fcef450a364efde700f21fc0eae/element - {"using":"xpath","value":"//*[@id=\"application-managepricingrules-display-component---newInfoPriceItem--priceProc-arrow\"]"}
RESULT: {}
RESULT: {"using":"xpath","value":"//*[@id=\"application-managepricingrules-display-component---newInfoPriceItem--priceProc-arrow\"]"}
COMMAND: POST /session/371b8fcef450a364efde700f21fc0eae/element/f.FFD2F70B7356459FE22D1016ABDF7B9E.d.943AAF4803786248F401E4DF7F34F067.e.18326/click - {}
RESULT: {}
COMMAND: POST /session/371b8fcef450a364efde700f21fc0eae/element - {"using":"xpath","value":"//span[contains(text(), \"TBS - Time based standard\")]"}
COMMAND: GET /session/371b8fcef450a364efde700f21fc0eae/screenshot - {}
RESULT: {"using":"xpath","value":"//span[contains(text(), \"TBS - Time based standard\")]"}
COMMAND: POST /session/371b8fcef450a364efde700f21fc0eae/element/f.FFD2F70B7356459FE22D1016ABDF7B9E.d.943AAF4803786248F401E4DF7F34F067.e.18362/click - {}
RESULT: {}
RESULT: {}
COMMAND: POST /session/371b8fcef450a364efde700f21fc0eae/execute/async - {"script":"<script> [1562 bytes]","args":[{"selector":{"id":"application-managepricingrules-display-component---newInfoPriceItem--calcBase-arrow"},"wdio_ui5_key":"applicationmanagepricingrules-display-component---newInfoPriceItem--calcBase-arrow"}]}
COMMAND: GET /session/371b8fcef450a364efde700f21fc0eae/screenshot - {}
RESULT: {"script":"<script> [1562 bytes]","args":[{"selector":{"id":"application-managepricingrules-display-component---newInfoPriceItem--calcBase-arrow"},"wdio_ui5_key":"applicationmanagepricingrules-display-component---newInfoPriceItem--calcBase-arrow"}]}
RESULT: undefined
COMMAND: POST /session/371b8fcef450a364efde700f21fc0eae/element - {"using":"xpath","value":"//*[@id=\"application-managepricingrules-display-component---newInfoPriceItem--calcBase-arrow\"]"}
RESULT: {}
RESULT: {"using":"xpath","value":"//*[@id=\"application-managepricingrules-display-component---newInfoPriceItem--calcBase-arrow\"]"}
COMMAND: POST /session/371b8fcef450a364efde700f21fc0eae/element/f.FFD2F70B7356459FE22D1016ABDF7B9E.d.943AAF4803786248F401E4DF7F34F067.e.18333/click - {}
RESULT: {}
COMMAND: GET /session/371b8fcef450a364efde700f21fc0eae/screenshot - {}
RESULT: {}
COMMAND: POST /session/371b8fcef450a364efde700f21fc0eae/element - {"using":"xpath","value":"//span[contains(text(), \"0006 - TB(calendar days)\")]"}
RESULT: {"using":"xpath","value":"//span[contains(text(), \"0006 - TB(calendar days)\")]"}
COMMAND: POST /session/371b8fcef450a364efde700f21fc0eae/element/f.FFD2F70B7356459FE22D1016ABDF7B9E.d.943AAF4803786248F401E4DF7F34F067.e.18363/click - {}
RESULT: {}
COMMAND: GET /session/371b8fcef450a364efde700f21fc0eae/screenshot - {}
RESULT: {}
COMMAND: POST /session/371b8fcef450a364efde700f21fc0eae/execute/async - {"script":"<script> [1562 bytes]","args":[{"selector":{"id":"application-managepricingrules-display-component---newInfoPriceItem--daysMonth","interaction":{"idSuffix":"inner"}},"wdio_ui5_key":"applicationmanagepricingrules-display-component---newInfoPriceItem--daysMonth"}]}
RESULT: {"script":"<script> [1562 bytes]","args":[{"selector":{"id":"application-managepricingrules-display-component---newInfoPriceItem--daysMonth","interaction":{"idSuffix":"inner"}},"wdio_ui5_key":"applicationmanagepricingrules-display-component---newInfoPriceItem--daysMonth"}]}
RESULT: undefined
COMMAND: POST /session/371b8fcef450a364efde700f21fc0eae/execute/async - {"script":"<script> [776 bytes]","args":[{"enterText":"30","selector":{"id":"application-managepricingrules-display-component---newInfoPriceItem--daysMonth","interaction":{"idSuffix":"inner"}},"clearTextFirst":true,"interactionType":"ENTER_TEXT"}]}
RESULT: {"script":"<script> [776 bytes]","args":[{"enterText":"30","selector":{"id":"application-managepricingrules-display-component---newInfoPriceItem--daysMonth","interaction":{"idSuffix":"inner"}},"clearTextFirst":true,"interactionType":"ENTER_TEXT"}]}
COMMAND: POST /session/371b8fcef450a364efde700f21fc0eae/element - {"using":"xpath","value":"//button[@data-kt=\"saveNewRuleButton\"]"}
RESULT: {"using":"xpath","value":"//button[@data-kt=\"saveNewRuleButton\"]"}
COMMAND: POST /session/371b8fcef450a364efde700f21fc0eae/element/f.FFD2F70B7356459FE22D1016ABDF7B9E.d.943AAF4803786248F401E4DF7F34F067.e.18353/click - {}
RESULT: {}
COMMAND: GET /session/371b8fcef450a364efde700f21fc0eae/screenshot - {}
RESULT: {}
COMMAND: POST /session/371b8fcef450a364efde700f21fc0eae/execute/async - {"script":"<script> [1562 bytes]","args":[{"selector":{"id":"application-managepricingrules-display-component---priceInfoItem--smartFilterBar-btnBasicSearch","interaction":{"idSuffix":"I"}},"wdio_ui5_key":"applicationmanagepricingrules-display-component---priceInfoItem--smartFilterBar-btnBasicSearch"}]}
RESULT: {"script":"<script> [1562 bytes]","args":[{"selector":{"id":"application-managepricingrules-display-component---priceInfoItem--smartFilterBar-btnBasicSearch","interaction":{"idSuffix":"I"}},"wdio_ui5_key":"applicationmanagepricingrules-display-component---priceInfoItem--smartFilterBar-btnBasicSearch"}]}
RESULT: undefined
COMMAND: POST /session/371b8fcef450a364efde700f21fc0eae/execute/async - {"script":"<script> [776 bytes]","args":[{"enterText":"3GM8uoPy5f","selector":{"id":"application-managepricingrules-display-component---priceInfoItem--smartFilterBar-btnBasicSearch","interaction":{"idSuffix":"I"}},"clearTextFirst":true,"interactionType":"ENTER_TEXT"}]}
RESULT: {"script":"<script> [776 bytes]","args":[{"enterText":"3GM8uoPy5f","selector":{"id":"application-managepricingrules-display-component---priceInfoItem--smartFilterBar-btnBasicSearch","interaction":{"idSuffix":"I"}},"clearTextFirst":true,"interactionType":"ENTER_TEXT"}]}
COMMAND: POST /session/371b8fcef450a364efde700f21fc0eae/actions - {"actions":[{"id":"action62","type":"key","parameters":{},"actions":[{"type":"keyDown","value":"î€‡"},{"type":"pause","duration":10},{"type":"keyUp","value":"î€‡"}]}]}
RESULT: {"actions":[{"id":"action62","type":"key","parameters":{},"actions":[{"type":"keyDown","value":"î€‡"},{"type":"pause","duration":10},{"type":"keyUp","value":"î€‡"}]}]}
COMMAND: GET /session/371b8fcef450a364efde700f21fc0eae/screenshot - {}
RESULT: {}
COMMAND: POST /session/371b8fcef450a364efde700f21fc0eae/element - {"using":"xpath","value":"//span[@id=\"application-managepricingrules-display-component---priceInfoItem--smartTable-header-inner\"]"}
RESULT: {"using":"xpath","value":"//span[@id=\"application-managepricingrules-display-component---priceInfoItem--smartTable-header-inner\"]"}
COMMAND: POST /session/371b8fcef450a364efde700f21fc0eae/elements - {"using":"xpath","value":"//span[@id=\"application-managepricingrules-display-component---priceInfoItem--smartTable-header-inner\"]"}
RESULT: {"using":"xpath","value":"//span[@id=\"application-managepricingrules-display-component---priceInfoItem--smartTable-header-inner\"]"}
COMMAND: POST /session/371b8fcef450a364efde700f21fc0eae/execute/sync - {"script":"<script> [56 bytes]","args":[{"element-6066-11e4-a52e-4f735466cecf":"f.FFD2F70B7356459FE22D1016ABDF7B9E.d.943AAF4803786248F401E4DF7F34F067.e.18388","ELEMENT":"f.FFD2F70B7356459FE22D1016ABDF7B9E.d.943AAF4803786248F401E4DF7F34F067.e.18388"}]}
RESULT: {"script":"<script> [56 bytes]","args":[{"element-6066-11e4-a52e-4f735466cecf":"f.FFD2F70B7356459FE22D1016ABDF7B9E.d.943AAF4803786248F401E4DF7F34F067.e.18388","ELEMENT":"f.FFD2F70B7356459FE22D1016ABDF7B9E.d.943AAF4803786248F401E4DF7F34F067.e.18388"}]}
COMMAND: POST /session/371b8fcef450a364efde700f21fc0eae/element - {"using":"css selector","value":"#shell-header-logo"}
COMMAND: GET /session/371b8fcef450a364efde700f21fc0eae/screenshot - {}
RESULT: {"using":"css selector","value":"#shell-header-logo"}
COMMAND: POST /session/371b8fcef450a364efde700f21fc0eae/element/f.FFD2F70B7356459FE22D1016ABDF7B9E.d.943AAF4803786248F401E4DF7F34F067.e.17518/click - {}
RESULT: {}
RESULT: {}
COMMAND: GET /session/371b8fcef450a364efde700f21fc0eae/screenshot - {}
RESULT: {}
]]></system-out>
    </testcase>
    <testcase classname="chrome.135_0_7049_96.windows.Create_Reverse_Billing_US127248" name="Should manage conditions" time="63.632">
      <system-out><![CDATA[
COMMAND: POST /session/371b8fcef450a364efde700f21fc0eae/execute/async - {"script":"<script> [1562 bytes]","args":[{"selector":{"controlType":"sap.m.Text","properties":{"text":"Manage Conditions & Prices"},"interaction":{"idSuffix":"inner"}},"wdio_ui5_key":"sapm.Text{\"text\":\"Manage Conditions & Prices\"}"}]}
RESULT: {"script":"<script> [1562 bytes]","args":[{"selector":{"controlType":"sap.m.Text","properties":{"text":"Manage Conditions & Prices"},"interaction":{"idSuffix":"inner"}},"wdio_ui5_key":"sapm.Text{\"text\":\"Manage Conditions & Prices\"}"}]}
RESULT: undefined
COMMAND: POST /session/371b8fcef450a364efde700f21fc0eae/element - {"using":"xpath","value":"//*[@id=\"__tile53-title\"]"}
RESULT: {"using":"xpath","value":"//*[@id=\"__tile53-title\"]"}
COMMAND: POST /session/371b8fcef450a364efde700f21fc0eae/element/f.FFD2F70B7356459FE22D1016ABDF7B9E.d.943AAF4803786248F401E4DF7F34F067.e.18391/click - {}
RESULT: {}
COMMAND: POST /session/371b8fcef450a364efde700f21fc0eae/element - {"using":"xpath","value":"//button[@aria-label=\"Create\"]"}
COMMAND: GET /session/371b8fcef450a364efde700f21fc0eae/screenshot - {}
RESULT: {"using":"xpath","value":"//button[@aria-label=\"Create\"]"}
COMMAND: POST /session/371b8fcef450a364efde700f21fc0eae/elements - {"using":"xpath","value":"//button[@aria-label=\"Create\"]"}
RESULT: {}
RESULT: {"using":"xpath","value":"//button[@aria-label=\"Create\"]"}
COMMAND: POST /session/371b8fcef450a364efde700f21fc0eae/element - {"using":"xpath","value":"//button[@aria-label=\"Create\"]"}
RESULT: {"using":"xpath","value":"//button[@aria-label=\"Create\"]"}
COMMAND: POST /session/371b8fcef450a364efde700f21fc0eae/execute/sync - {"script":"<script> [8489 bytes]","args":[{"element-6066-11e4-a52e-4f735466cecf":"f.FFD2F70B7356459FE22D1016ABDF7B9E.d.943AAF4803786248F401E4DF7F34F067.e.18425","ELEMENT":"f.FFD2F70B7356459FE22D1016ABDF7B9E.d.943AAF4803786248F401E4DF7F34F067.e.18425"}]}
RESULT: {"script":"<script> [8489 bytes]","args":[{"element-6066-11e4-a52e-4f735466cecf":"f.FFD2F70B7356459FE22D1016ABDF7B9E.d.943AAF4803786248F401E4DF7F34F067.e.18425","ELEMENT":"f.FFD2F70B7356459FE22D1016ABDF7B9E.d.943AAF4803786248F401E4DF7F34F067.e.18425"}]}
COMMAND: GET /session/371b8fcef450a364efde700f21fc0eae/element/f.FFD2F70B7356459FE22D1016ABDF7B9E.d.943AAF4803786248F401E4DF7F34F067.e.18425/enabled - {}
COMMAND: GET /session/371b8fcef450a364efde700f21fc0eae/screenshot - {}
RESULT: {}
COMMAND: POST /session/371b8fcef450a364efde700f21fc0eae/execute/sync - {"script":"<script> [8489 bytes]","args":[{"element-6066-11e4-a52e-4f735466cecf":"f.FFD2F70B7356459FE22D1016ABDF7B9E.d.943AAF4803786248F401E4DF7F34F067.e.18425","ELEMENT":"f.FFD2F70B7356459FE22D1016ABDF7B9E.d.943AAF4803786248F401E4DF7F34F067.e.18425"}]}
COMMAND: GET /session/371b8fcef450a364efde700f21fc0eae/screenshot - {}
RESULT: {}
RESULT: {"script":"<script> [8489 bytes]","args":[{"element-6066-11e4-a52e-4f735466cecf":"f.FFD2F70B7356459FE22D1016ABDF7B9E.d.943AAF4803786248F401E4DF7F34F067.e.18425","ELEMENT":"f.FFD2F70B7356459FE22D1016ABDF7B9E.d.943AAF4803786248F401E4DF7F34F067.e.18425"}]}
COMMAND: POST /session/371b8fcef450a364efde700f21fc0eae/execute/sync - {"script":"<script> [5351 bytes]","args":[{"element-6066-11e4-a52e-4f735466cecf":"f.FFD2F70B7356459FE22D1016ABDF7B9E.d.943AAF4803786248F401E4DF7F34F067.e.18425","ELEMENT":"f.FFD2F70B7356459FE22D1016ABDF7B9E.d.943AAF4803786248F401E4DF7F34F067.e.18425"}]}
COMMAND: GET /session/371b8fcef450a364efde700f21fc0eae/screenshot - {}
RESULT: {}
RESULT: {"script":"<script> [5351 bytes]","args":[{"element-6066-11e4-a52e-4f735466cecf":"f.FFD2F70B7356459FE22D1016ABDF7B9E.d.943AAF4803786248F401E4DF7F34F067.e.18425","ELEMENT":"f.FFD2F70B7356459FE22D1016ABDF7B9E.d.943AAF4803786248F401E4DF7F34F067.e.18425"}]}
COMMAND: POST /session/371b8fcef450a364efde700f21fc0eae/element/f.FFD2F70B7356459FE22D1016ABDF7B9E.d.943AAF4803786248F401E4DF7F34F067.e.18425/click - {}
COMMAND: GET /session/371b8fcef450a364efde700f21fc0eae/screenshot - {}
RESULT: {}
RESULT: {}
COMMAND: GET /session/371b8fcef450a364efde700f21fc0eae/screenshot - {}
RESULT: {}
RESULT: {}
COMMAND: POST /session/371b8fcef450a364efde700f21fc0eae/actions - {"actions":[{"id":"action63","type":"key","parameters":{},"actions":[{"type":"keyDown","value":"î€‡"},{"type":"pause","duration":10},{"type":"keyUp","value":"î€‡"}]}]}
RESULT: {"actions":[{"id":"action63","type":"key","parameters":{},"actions":[{"type":"keyDown","value":"î€‡"},{"type":"pause","duration":10},{"type":"keyUp","value":"î€‡"}]}]}
COMMAND: GET /session/371b8fcef450a364efde700f21fc0eae/screenshot - {}
RESULT: {}
COMMAND: POST /session/371b8fcef450a364efde700f21fc0eae/execute/async - {"script":"<script> [1562 bytes]","args":[{"selector":{"id":"application-manageconditionprice-display-component---newCondition--condBillCond-arrow"},"wdio_ui5_key":"applicationmanageconditionprice-display-component---newCondition--condBillCond-arrow"}]}
RESULT: {"script":"<script> [1562 bytes]","args":[{"selector":{"id":"application-manageconditionprice-display-component---newCondition--condBillCond-arrow"},"wdio_ui5_key":"applicationmanageconditionprice-display-component---newCondition--condBillCond-arrow"}]}
RESULT: undefined
COMMAND: POST /session/371b8fcef450a364efde700f21fc0eae/element - {"using":"xpath","value":"//*[@id=\"application-manageconditionprice-display-component---newCondition--condBillCond-arrow\"]"}
RESULT: {"using":"xpath","value":"//*[@id=\"application-manageconditionprice-display-component---newCondition--condBillCond-arrow\"]"}
COMMAND: POST /session/371b8fcef450a364efde700f21fc0eae/element/f.FFD2F70B7356459FE22D1016ABDF7B9E.d.943AAF4803786248F401E4DF7F34F067.e.18602/click - {}
RESULT: {}
COMMAND: GET /session/371b8fcef450a364efde700f21fc0eae/screenshot - {}
RESULT: {}
COMMAND: POST /session/371b8fcef450a364efde700f21fc0eae/element - {"using":"xpath","value":"//li[.//span[contains(text(), \"DISP - D&I special price\")]]"}
RESULT: {"using":"xpath","value":"//li[.//span[contains(text(), \"DISP - D&I special price\")]]"}
COMMAND: POST /session/371b8fcef450a364efde700f21fc0eae/element/f.FFD2F70B7356459FE22D1016ABDF7B9E.d.943AAF4803786248F401E4DF7F34F067.e.18605/click - {}
RESULT: {}
COMMAND: GET /session/371b8fcef450a364efde700f21fc0eae/screenshot - {}
RESULT: {}
COMMAND: POST /session/371b8fcef450a364efde700f21fc0eae/execute/async - {"script":"<script> [1562 bytes]","args":[{"selector":{"id":"application-manageconditionprice-display-component---newCondition--condValidTo","interaction":{"idSuffix":"inner"}},"wdio_ui5_key":"applicationmanageconditionprice-display-component---newCondition--condValidTo"}]}
RESULT: {"script":"<script> [1562 bytes]","args":[{"selector":{"id":"application-manageconditionprice-display-component---newCondition--condValidTo","interaction":{"idSuffix":"inner"}},"wdio_ui5_key":"applicationmanageconditionprice-display-component---newCondition--condValidTo"}]}
RESULT: undefined
COMMAND: POST /session/371b8fcef450a364efde700f21fc0eae/execute/async - {"script":"<script> [776 bytes]","args":[{"enterText":"01/02/26","selector":{"id":"application-manageconditionprice-display-component---newCondition--condValidTo","interaction":{"idSuffix":"inner"}},"clearTextFirst":true,"interactionType":"ENTER_TEXT"}]}
RESULT: {"script":"<script> [776 bytes]","args":[{"enterText":"01/02/26","selector":{"id":"application-manageconditionprice-display-component---newCondition--condValidTo","interaction":{"idSuffix":"inner"}},"clearTextFirst":true,"interactionType":"ENTER_TEXT"}]}
COMMAND: POST /session/371b8fcef450a364efde700f21fc0eae/element - {"using":"xpath","value":"//input[@id=\"application-manageconditionprice-display-component---newCondition--condRU-inner\"]"}
RESULT: {"using":"xpath","value":"//input[@id=\"application-manageconditionprice-display-component---newCondition--condRU-inner\"]"}
COMMAND: POST /session/371b8fcef450a364efde700f21fc0eae/element/f.FFD2F70B7356459FE22D1016ABDF7B9E.d.943AAF4803786248F401E4DF7F34F067.e.18466/clear - {}
RESULT: {}
COMMAND: POST /session/371b8fcef450a364efde700f21fc0eae/element/f.FFD2F70B7356459FE22D1016ABDF7B9E.d.943AAF4803786248F401E4DF7F34F067.e.18466/value - {"text":"3GM8uoPy5f"}
COMMAND: GET /session/371b8fcef450a364efde700f21fc0eae/screenshot - {}
RESULT: {"text":"3GM8uoPy5f"}
COMMAND: GET /session/371b8fcef450a364efde700f21fc0eae/screenshot - {}
RESULT: {}
RESULT: {}
COMMAND: POST /session/371b8fcef450a364efde700f21fc0eae/actions - {"actions":[{"id":"action64","type":"key","parameters":{},"actions":[{"type":"keyDown","value":"î€‡"},{"type":"pause","duration":10},{"type":"keyUp","value":"î€‡"}]}]}
RESULT: {"actions":[{"id":"action64","type":"key","parameters":{},"actions":[{"type":"keyDown","value":"î€‡"},{"type":"pause","duration":10},{"type":"keyUp","value":"î€‡"}]}]}
COMMAND: POST /session/371b8fcef450a364efde700f21fc0eae/execute/async - {"script":"<script> [1562 bytes]","args":[{"selector":{"id":"application-manageconditionprice-display-component---newCondition--condBaseQty","interaction":{"idSuffix":"inner"}},"wdio_ui5_key":"applicationmanageconditionprice-display-component---newCondition--condBaseQty"}]}
COMMAND: GET /session/371b8fcef450a364efde700f21fc0eae/screenshot - {}
RESULT: {"script":"<script> [1562 bytes]","args":[{"selector":{"id":"application-manageconditionprice-display-component---newCondition--condBaseQty","interaction":{"idSuffix":"inner"}},"wdio_ui5_key":"applicationmanageconditionprice-display-component---newCondition--condBaseQty"}]}
RESULT: undefined
COMMAND: POST /session/371b8fcef450a364efde700f21fc0eae/execute/async - {"script":"<script> [776 bytes]","args":[{"enterText":"1","selector":{"id":"application-manageconditionprice-display-component---newCondition--condBaseQty","interaction":{"idSuffix":"inner"}},"clearTextFirst":true,"interactionType":"ENTER_TEXT"}]}
RESULT: {}
RESULT: {"script":"<script> [776 bytes]","args":[{"enterText":"1","selector":{"id":"application-manageconditionprice-display-component---newCondition--condBaseQty","interaction":{"idSuffix":"inner"}},"clearTextFirst":true,"interactionType":"ENTER_TEXT"}]}
COMMAND: POST /session/371b8fcef450a364efde700f21fc0eae/execute/async - {"script":"<script> [1562 bytes]","args":[{"selector":{"id":"application-manageconditionprice-display-component---newCondition--condValue","interaction":{"idSuffix":"inner"}},"wdio_ui5_key":"applicationmanageconditionprice-display-component---newCondition--condValue"}]}
RESULT: {"script":"<script> [1562 bytes]","args":[{"selector":{"id":"application-manageconditionprice-display-component---newCondition--condValue","interaction":{"idSuffix":"inner"}},"wdio_ui5_key":"applicationmanageconditionprice-display-component---newCondition--condValue"}]}
RESULT: undefined
COMMAND: POST /session/371b8fcef450a364efde700f21fc0eae/execute/async - {"script":"<script> [776 bytes]","args":[{"enterText":"200","selector":{"id":"application-manageconditionprice-display-component---newCondition--condValue","interaction":{"idSuffix":"inner"}},"clearTextFirst":true,"interactionType":"ENTER_TEXT"}]}
RESULT: {"script":"<script> [776 bytes]","args":[{"enterText":"200","selector":{"id":"application-manageconditionprice-display-component---newCondition--condValue","interaction":{"idSuffix":"inner"}},"clearTextFirst":true,"interactionType":"ENTER_TEXT"}]}
COMMAND: POST /session/371b8fcef450a364efde700f21fc0eae/execute/async - {"script":"<script> [1562 bytes]","args":[{"selector":{"id":"application-manageconditionprice-display-component---newCondition--condCurr-arrow"},"wdio_ui5_key":"applicationmanageconditionprice-display-component---newCondition--condCurr-arrow"}]}
RESULT: {"script":"<script> [1562 bytes]","args":[{"selector":{"id":"application-manageconditionprice-display-component---newCondition--condCurr-arrow"},"wdio_ui5_key":"applicationmanageconditionprice-display-component---newCondition--condCurr-arrow"}]}
RESULT: undefined
COMMAND: POST /session/371b8fcef450a364efde700f21fc0eae/element - {"using":"xpath","value":"//*[@id=\"application-manageconditionprice-display-component---newCondition--condCurr-arrow\"]"}
RESULT: {"using":"xpath","value":"//*[@id=\"application-manageconditionprice-display-component---newCondition--condCurr-arrow\"]"}
COMMAND: POST /session/371b8fcef450a364efde700f21fc0eae/element/f.FFD2F70B7356459FE22D1016ABDF7B9E.d.943AAF4803786248F401E4DF7F34F067.e.18584/click - {}
RESULT: {}
COMMAND: POST /session/371b8fcef450a364efde700f21fc0eae/element - {"using":"xpath","value":"//span[contains(text(), \"Euro\")]"}
COMMAND: GET /session/371b8fcef450a364efde700f21fc0eae/screenshot - {}
RESULT: {"using":"xpath","value":"//span[contains(text(), \"Euro\")]"}
COMMAND: POST /session/371b8fcef450a364efde700f21fc0eae/element/f.FFD2F70B7356459FE22D1016ABDF7B9E.d.943AAF4803786248F401E4DF7F34F067.e.18642/click - {}
RESULT: {}
RESULT: {}
COMMAND: POST /session/371b8fcef450a364efde700f21fc0eae/element - {"using":"xpath","value":"//button[@data-kt=\"saveButton\"]"}
COMMAND: GET /session/371b8fcef450a364efde700f21fc0eae/screenshot - {}
RESULT: {"using":"xpath","value":"//button[@data-kt=\"saveButton\"]"}
COMMAND: POST /session/371b8fcef450a364efde700f21fc0eae/element/f.FFD2F70B7356459FE22D1016ABDF7B9E.d.943AAF4803786248F401E4DF7F34F067.e.18585/click - {}
RESULT: {}
RESULT: {}
COMMAND: GET /session/371b8fcef450a364efde700f21fc0eae/screenshot - {}
RESULT: {}
COMMAND: POST /session/371b8fcef450a364efde700f21fc0eae/execute/async - {"script":"<script> [1562 bytes]","args":[{"selector":{"id":"application-manageconditionprice-display-component---conditions--smartFilterBar-btnBasicSearch","interaction":{"idSuffix":"I"}},"wdio_ui5_key":"applicationmanageconditionprice-display-component---conditions--smartFilterBar-btnBasicSearch"}]}
RESULT: {"script":"<script> [1562 bytes]","args":[{"selector":{"id":"application-manageconditionprice-display-component---conditions--smartFilterBar-btnBasicSearch","interaction":{"idSuffix":"I"}},"wdio_ui5_key":"applicationmanageconditionprice-display-component---conditions--smartFilterBar-btnBasicSearch"}]}
RESULT: undefined
COMMAND: POST /session/371b8fcef450a364efde700f21fc0eae/execute/async - {"script":"<script> [776 bytes]","args":[{"enterText":"3GM8uoPy5f","selector":{"id":"application-manageconditionprice-display-component---conditions--smartFilterBar-btnBasicSearch","interaction":{"idSuffix":"I"}},"clearTextFirst":true,"interactionType":"ENTER_TEXT"}]}
RESULT: {"script":"<script> [776 bytes]","args":[{"enterText":"3GM8uoPy5f","selector":{"id":"application-manageconditionprice-display-component---conditions--smartFilterBar-btnBasicSearch","interaction":{"idSuffix":"I"}},"clearTextFirst":true,"interactionType":"ENTER_TEXT"}]}
COMMAND: POST /session/371b8fcef450a364efde700f21fc0eae/actions - {"actions":[{"id":"action65","type":"key","parameters":{},"actions":[{"type":"keyDown","value":"î€‡"},{"type":"pause","duration":10},{"type":"keyUp","value":"î€‡"}]}]}
RESULT: {"actions":[{"id":"action65","type":"key","parameters":{},"actions":[{"type":"keyDown","value":"î€‡"},{"type":"pause","duration":10},{"type":"keyUp","value":"î€‡"}]}]}
COMMAND: GET /session/371b8fcef450a364efde700f21fc0eae/screenshot - {}
RESULT: {}
COMMAND: POST /session/371b8fcef450a364efde700f21fc0eae/execute/async - {"script":"<script> [1562 bytes]","args":[{"selector":{"id":"application-manageconditionprice-display-component---conditions--smartFilterBar-filterItemControl_BASIC-BILL_TYPES-vhi"},"wdio_ui5_key":"applicationmanageconditionprice-display-component---conditions--smartFilterBar-filterItemControl_BASIC-BILL_TYPES-vhi"}]}
RESULT: {"script":"<script> [1562 bytes]","args":[{"selector":{"id":"application-manageconditionprice-display-component---conditions--smartFilterBar-filterItemControl_BASIC-BILL_TYPES-vhi"},"wdio_ui5_key":"applicationmanageconditionprice-display-component---conditions--smartFilterBar-filterItemControl_BASIC-BILL_TYPES-vhi"}]}
RESULT: undefined
COMMAND: POST /session/371b8fcef450a364efde700f21fc0eae/element - {"using":"xpath","value":"//*[@id=\"application-manageconditionprice-display-component---conditions--smartFilterBar-filterItemControl_BASIC-BILL_TYPES-vhi\"]"}
RESULT: {"using":"xpath","value":"//*[@id=\"application-manageconditionprice-display-component---conditions--smartFilterBar-filterItemControl_BASIC-BILL_TYPES-vhi\"]"}
COMMAND: POST /session/371b8fcef450a364efde700f21fc0eae/element/f.FFD2F70B7356459FE22D1016ABDF7B9E.d.943AAF4803786248F401E4DF7F34F067.e.18748/click - {}
RESULT: {}
COMMAND: POST /session/371b8fcef450a364efde700f21fc0eae/execute/async - {"script":"<script> [1562 bytes]","args":[{"selector":{"id":"application-manageconditionprice-display-component---conditions--smartFilterBar-filterItemControl_BASIC-BILL_TYPES-valueHelpDialog-smartFilterBar-btnBasicSearch","searchOpenDialogs":true,"interaction":{"idSuffix":"I"}},"wdio_ui5_key":"applicationmanageconditionprice-display-component---conditions--smartFilterBar-filterItemControl_BASIC-BILL_TYPES-valueHelpDialog-smartFilterBar-btnBasicSearch"}]}
COMMAND: GET /session/371b8fcef450a364efde700f21fc0eae/screenshot - {}
RESULT: {"script":"<script> [1562 bytes]","args":[{"selector":{"id":"application-manageconditionprice-display-component---conditions--smartFilterBar-filterItemControl_BASIC-BILL_TYPES-valueHelpDialog-smartFilterBar-btnBasicSearch","searchOpenDialogs":true,"interaction":{"idSuffix":"I"}},"wdio_ui5_key":"applicationmanageconditionprice-display-component---conditions--smartFilterBar-filterItemControl_BASIC-BILL_TYPES-valueHelpDialog-smartFilterBar-btnBasicSearch"}]}
RESULT: undefined
COMMAND: POST /session/371b8fcef450a364efde700f21fc0eae/execute/async - {"script":"<script> [776 bytes]","args":[{"enterText":"TB","selector":{"id":"application-manageconditionprice-display-component---conditions--smartFilterBar-filterItemControl_BASIC-BILL_TYPES-valueHelpDialog-smartFilterBar-btnBasicSearch","searchOpenDialogs":true,"interaction":{"idSuffix":"I"}},"clearTextFirst":true,"interactionType":"ENTER_TEXT"}]}
RESULT: {}
RESULT: {"script":"<script> [776 bytes]","args":[{"enterText":"TB","selector":{"id":"application-manageconditionprice-display-component---conditions--smartFilterBar-filterItemControl_BASIC-BILL_TYPES-valueHelpDialog-smartFilterBar-btnBasicSearch","searchOpenDialogs":true,"interaction":{"idSuffix":"I"}},"clearTextFirst":true,"interactionType":"ENTER_TEXT"}]}
COMMAND: POST /session/371b8fcef450a364efde700f21fc0eae/actions - {"actions":[{"id":"action66","type":"key","parameters":{},"actions":[{"type":"keyDown","value":"î€‡"},{"type":"pause","duration":10},{"type":"keyUp","value":"î€‡"}]}]}
RESULT: {"actions":[{"id":"action66","type":"key","parameters":{},"actions":[{"type":"keyDown","value":"î€‡"},{"type":"pause","duration":10},{"type":"keyUp","value":"î€‡"}]}]}
COMMAND: GET /session/371b8fcef450a364efde700f21fc0eae/screenshot - {}
RESULT: {}
COMMAND: POST /session/371b8fcef450a364efde700f21fc0eae/element - {"using":"xpath","value":"//div[contains(@id, 'application-manageconditionprice-display-component---conditions--smartFilterBar-filterItemControl_BASIC-BILL_TYPES-valueHelpDialog-table-rowsel0')]"}
RESULT: {"using":"xpath","value":"//div[contains(@id, 'application-manageconditionprice-display-component---conditions--smartFilterBar-filterItemControl_BASIC-BILL_TYPES-valueHelpDialog-table-rowsel0')]"}
COMMAND: POST /session/371b8fcef450a364efde700f21fc0eae/element/f.FFD2F70B7356459FE22D1016ABDF7B9E.d.943AAF4803786248F401E4DF7F34F067.e.18757/click - {}
RESULT: {}
COMMAND: GET /session/371b8fcef450a364efde700f21fc0eae/screenshot - {}
RESULT: {}
COMMAND: POST /session/371b8fcef450a364efde700f21fc0eae/element - {"using":"xpath","value":"//bdi[contains(text(), \"OK\")]"}
RESULT: {"using":"xpath","value":"//bdi[contains(text(), \"OK\")]"}
COMMAND: POST /session/371b8fcef450a364efde700f21fc0eae/element/f.FFD2F70B7356459FE22D1016ABDF7B9E.d.943AAF4803786248F401E4DF7F34F067.e.18759/click - {}
RESULT: {}
COMMAND: GET /session/371b8fcef450a364efde700f21fc0eae/screenshot - {}
RESULT: {}
COMMAND: POST /session/371b8fcef450a364efde700f21fc0eae/element - {"using":"xpath","value":"//span[@id=\"application-manageconditionprice-display-component---conditions--smartTable-header-inner\"]"}
RESULT: {"using":"xpath","value":"//span[@id=\"application-manageconditionprice-display-component---conditions--smartTable-header-inner\"]"}
COMMAND: POST /session/371b8fcef450a364efde700f21fc0eae/elements - {"using":"xpath","value":"//span[@id=\"application-manageconditionprice-display-component---conditions--smartTable-header-inner\"]"}
RESULT: {"using":"xpath","value":"//span[@id=\"application-manageconditionprice-display-component---conditions--smartTable-header-inner\"]"}
COMMAND: POST /session/371b8fcef450a364efde700f21fc0eae/execute/sync - {"script":"<script> [56 bytes]","args":[{"element-6066-11e4-a52e-4f735466cecf":"f.FFD2F70B7356459FE22D1016ABDF7B9E.d.943AAF4803786248F401E4DF7F34F067.e.18762","ELEMENT":"f.FFD2F70B7356459FE22D1016ABDF7B9E.d.943AAF4803786248F401E4DF7F34F067.e.18762"}]}
RESULT: {"script":"<script> [56 bytes]","args":[{"element-6066-11e4-a52e-4f735466cecf":"f.FFD2F70B7356459FE22D1016ABDF7B9E.d.943AAF4803786248F401E4DF7F34F067.e.18762","ELEMENT":"f.FFD2F70B7356459FE22D1016ABDF7B9E.d.943AAF4803786248F401E4DF7F34F067.e.18762"}]}
COMMAND: POST /session/371b8fcef450a364efde700f21fc0eae/element - {"using":"css selector","value":"#shell-header-logo"}
COMMAND: GET /session/371b8fcef450a364efde700f21fc0eae/screenshot - {}
RESULT: {"using":"css selector","value":"#shell-header-logo"}
COMMAND: POST /session/371b8fcef450a364efde700f21fc0eae/element/f.FFD2F70B7356459FE22D1016ABDF7B9E.d.943AAF4803786248F401E4DF7F34F067.e.18393/click - {}
RESULT: {}
RESULT: {}
COMMAND: GET /session/371b8fcef450a364efde700f21fc0eae/screenshot - {}
RESULT: {}
]]></system-out>
    </testcase>
    <testcase classname="chrome.135_0_7049_96.windows.Create_Reverse_Billing_US127248" name="Should do a stock increase handover" time="78.468">
      <system-out><![CDATA[
COMMAND: POST /session/371b8fcef450a364efde700f21fc0eae/execute/async - {"script":"<script> [1562 bytes]","args":[{"selector":{"controlType":"sap.m.Text","viewName":"etm.portal.ui.managehandoverstile.view.Master","properties":{"text":"Manage Handovers"},"interaction":{"idSuffix":"inner"}},"wdio_ui5_key":"etmportal.ui.managehandoverstile.view.Mastersap.m.Text{\"text\":\"Manage Handovers\"}"}]}
RESULT: {"script":"<script> [1562 bytes]","args":[{"selector":{"controlType":"sap.m.Text","viewName":"etm.portal.ui.managehandoverstile.view.Master","properties":{"text":"Manage Handovers"},"interaction":{"idSuffix":"inner"}},"wdio_ui5_key":"etmportal.ui.managehandoverstile.view.Mastersap.m.Text{\"text\":\"Manage Handovers\"}"}]}
RESULT: undefined
COMMAND: POST /session/371b8fcef450a364efde700f21fc0eae/element - {"using":"xpath","value":"//*[@id=\"__tile130-title\"]"}
RESULT: {"using":"xpath","value":"//*[@id=\"__tile130-title\"]"}
COMMAND: POST /session/371b8fcef450a364efde700f21fc0eae/element/f.FFD2F70B7356459FE22D1016ABDF7B9E.d.943AAF4803786248F401E4DF7F34F067.e.18767/click - {}
RESULT: {}
COMMAND: POST /session/371b8fcef450a364efde700f21fc0eae/element - {"using":"xpath","value":"//button[@data-kt=\"masterHOAddButton\"]"}
COMMAND: GET /session/371b8fcef450a364efde700f21fc0eae/screenshot - {}
RESULT: {"using":"xpath","value":"//button[@data-kt=\"masterHOAddButton\"]"}
COMMAND: POST /session/371b8fcef450a364efde700f21fc0eae/elements - {"using":"xpath","value":"//button[@data-kt=\"masterHOAddButton\"]"}
RESULT: {}
RESULT: {"using":"xpath","value":"//button[@data-kt=\"masterHOAddButton\"]"}
COMMAND: POST /session/371b8fcef450a364efde700f21fc0eae/elements - {"using":"xpath","value":"//button[@data-kt=\"masterHOAddButton\"]"}
RESULT: {"using":"xpath","value":"//button[@data-kt=\"masterHOAddButton\"]"}
COMMAND: POST /session/371b8fcef450a364efde700f21fc0eae/elements - {"using":"xpath","value":"//button[@data-kt=\"masterHOAddButton\"]"}
RESULT: {"using":"xpath","value":"//button[@data-kt=\"masterHOAddButton\"]"}
COMMAND: POST /session/371b8fcef450a364efde700f21fc0eae/elements - {"using":"xpath","value":"//button[@data-kt=\"masterHOAddButton\"]"}
RESULT: {"using":"xpath","value":"//button[@data-kt=\"masterHOAddButton\"]"}
COMMAND: POST /session/371b8fcef450a364efde700f21fc0eae/elements - {"using":"xpath","value":"//button[@data-kt=\"masterHOAddButton\"]"}
RESULT: {"using":"xpath","value":"//button[@data-kt=\"masterHOAddButton\"]"}
COMMAND: POST /session/371b8fcef450a364efde700f21fc0eae/elements - {"using":"xpath","value":"//button[@data-kt=\"masterHOAddButton\"]"}
RESULT: {"using":"xpath","value":"//button[@data-kt=\"masterHOAddButton\"]"}
COMMAND: POST /session/371b8fcef450a364efde700f21fc0eae/elements - {"using":"xpath","value":"//button[@data-kt=\"masterHOAddButton\"]"}
RESULT: {"using":"xpath","value":"//button[@data-kt=\"masterHOAddButton\"]"}
COMMAND: POST /session/371b8fcef450a364efde700f21fc0eae/elements - {"using":"xpath","value":"//button[@data-kt=\"masterHOAddButton\"]"}
RESULT: {"using":"xpath","value":"//button[@data-kt=\"masterHOAddButton\"]"}
COMMAND: POST /session/371b8fcef450a364efde700f21fc0eae/elements - {"using":"xpath","value":"//button[@data-kt=\"masterHOAddButton\"]"}
RESULT: {"using":"xpath","value":"//button[@data-kt=\"masterHOAddButton\"]"}
COMMAND: POST /session/371b8fcef450a364efde700f21fc0eae/elements - {"using":"xpath","value":"//button[@data-kt=\"masterHOAddButton\"]"}
RESULT: {"using":"xpath","value":"//button[@data-kt=\"masterHOAddButton\"]"}
COMMAND: POST /session/371b8fcef450a364efde700f21fc0eae/elements - {"using":"xpath","value":"//button[@data-kt=\"masterHOAddButton\"]"}
RESULT: {"using":"xpath","value":"//button[@data-kt=\"masterHOAddButton\"]"}
COMMAND: POST /session/371b8fcef450a364efde700f21fc0eae/element - {"using":"xpath","value":"//button[@data-kt=\"masterHOAddButton\"]"}
RESULT: {"using":"xpath","value":"//button[@data-kt=\"masterHOAddButton\"]"}
COMMAND: POST /session/371b8fcef450a364efde700f21fc0eae/execute/sync - {"script":"<script> [8489 bytes]","args":[{"element-6066-11e4-a52e-4f735466cecf":"f.FFD2F70B7356459FE22D1016ABDF7B9E.d.943AAF4803786248F401E4DF7F34F067.e.18804","ELEMENT":"f.FFD2F70B7356459FE22D1016ABDF7B9E.d.943AAF4803786248F401E4DF7F34F067.e.18804"}]}
RESULT: {"script":"<script> [8489 bytes]","args":[{"element-6066-11e4-a52e-4f735466cecf":"f.FFD2F70B7356459FE22D1016ABDF7B9E.d.943AAF4803786248F401E4DF7F34F067.e.18804","ELEMENT":"f.FFD2F70B7356459FE22D1016ABDF7B9E.d.943AAF4803786248F401E4DF7F34F067.e.18804"}]}
COMMAND: GET /session/371b8fcef450a364efde700f21fc0eae/element/f.FFD2F70B7356459FE22D1016ABDF7B9E.d.943AAF4803786248F401E4DF7F34F067.e.18804/enabled - {}
COMMAND: GET /session/371b8fcef450a364efde700f21fc0eae/screenshot - {}
RESULT: {}
COMMAND: POST /session/371b8fcef450a364efde700f21fc0eae/execute/sync - {"script":"<script> [8489 bytes]","args":[{"element-6066-11e4-a52e-4f735466cecf":"f.FFD2F70B7356459FE22D1016ABDF7B9E.d.943AAF4803786248F401E4DF7F34F067.e.18804","ELEMENT":"f.FFD2F70B7356459FE22D1016ABDF7B9E.d.943AAF4803786248F401E4DF7F34F067.e.18804"}]}
COMMAND: GET /session/371b8fcef450a364efde700f21fc0eae/screenshot - {}
RESULT: {}
RESULT: {"script":"<script> [8489 bytes]","args":[{"element-6066-11e4-a52e-4f735466cecf":"f.FFD2F70B7356459FE22D1016ABDF7B9E.d.943AAF4803786248F401E4DF7F34F067.e.18804","ELEMENT":"f.FFD2F70B7356459FE22D1016ABDF7B9E.d.943AAF4803786248F401E4DF7F34F067.e.18804"}]}
COMMAND: POST /session/371b8fcef450a364efde700f21fc0eae/execute/sync - {"script":"<script> [5351 bytes]","args":[{"element-6066-11e4-a52e-4f735466cecf":"f.FFD2F70B7356459FE22D1016ABDF7B9E.d.943AAF4803786248F401E4DF7F34F067.e.18804","ELEMENT":"f.FFD2F70B7356459FE22D1016ABDF7B9E.d.943AAF4803786248F401E4DF7F34F067.e.18804"}]}
COMMAND: GET /session/371b8fcef450a364efde700f21fc0eae/screenshot - {}
RESULT: {}
RESULT: {"script":"<script> [5351 bytes]","args":[{"element-6066-11e4-a52e-4f735466cecf":"f.FFD2F70B7356459FE22D1016ABDF7B9E.d.943AAF4803786248F401E4DF7F34F067.e.18804","ELEMENT":"f.FFD2F70B7356459FE22D1016ABDF7B9E.d.943AAF4803786248F401E4DF7F34F067.e.18804"}]}
COMMAND: POST /session/371b8fcef450a364efde700f21fc0eae/element/f.FFD2F70B7356459FE22D1016ABDF7B9E.d.943AAF4803786248F401E4DF7F34F067.e.18804/click - {}
COMMAND: GET /session/371b8fcef450a364efde700f21fc0eae/screenshot - {}
RESULT: {}
RESULT: {}
COMMAND: GET /session/371b8fcef450a364efde700f21fc0eae/screenshot - {}
RESULT: {}
COMMAND: POST /session/371b8fcef450a364efde700f21fc0eae/element - {"using":"xpath","value":"//span[contains(@id ,\"AddNewHO--typeSelect-arrow\")]"}
RESULT: {}
RESULT: {"using":"xpath","value":"//span[contains(@id ,\"AddNewHO--typeSelect-arrow\")]"}
COMMAND: POST /session/371b8fcef450a364efde700f21fc0eae/element/f.FFD2F70B7356459FE22D1016ABDF7B9E.d.943AAF4803786248F401E4DF7F34F067.e.19146/click - {}
RESULT: {}
COMMAND: GET /session/371b8fcef450a364efde700f21fc0eae/screenshot - {}
RESULT: {}
COMMAND: POST /session/371b8fcef450a364efde700f21fc0eae/element - {"using":"xpath","value":"(//li[contains(text(), \"stock increase yard\")])[1]"}
RESULT: {"using":"xpath","value":"(//li[contains(text(), \"stock increase yard\")])[1]"}
COMMAND: POST /session/371b8fcef450a364efde700f21fc0eae/element/f.FFD2F70B7356459FE22D1016ABDF7B9E.d.943AAF4803786248F401E4DF7F34F067.e.19147/click - {}
RESULT: {}
COMMAND: GET /session/371b8fcef450a364efde700f21fc0eae/screenshot - {}
RESULT: {}
COMMAND: POST /session/371b8fcef450a364efde700f21fc0eae/execute/async - {"script":"<script> [1562 bytes]","args":[{"selector":{"id":"application-managehandovers-display-component---AddNewHO--dueDate","interaction":{"idSuffix":"inner"}},"wdio_ui5_key":"applicationmanagehandovers-display-component---AddNewHO--dueDate"}]}
RESULT: {"script":"<script> [1562 bytes]","args":[{"selector":{"id":"application-managehandovers-display-component---AddNewHO--dueDate","interaction":{"idSuffix":"inner"}},"wdio_ui5_key":"applicationmanagehandovers-display-component---AddNewHO--dueDate"}]}
RESULT: undefined
COMMAND: POST /session/371b8fcef450a364efde700f21fc0eae/execute/async - {"script":"<script> [6424 bytes]","args":[{"element-6066-11e4-a52e-4f735466cecf":"f.FFD2F70B7356459FE22D1016ABDF7B9E.d.943AAF4803786248F401E4DF7F34F067.e.19149"},"setValue",["05/02/2025"]]}
RESULT: {"script":"<script> [6424 bytes]","args":[{"element-6066-11e4-a52e-4f735466cecf":"f.FFD2F70B7356459FE22D1016ABDF7B9E.d.943AAF4803786248F401E4DF7F34F067.e.19149"},"setValue",["05/02/2025"]]}
COMMAND: POST /session/371b8fcef450a364efde700f21fc0eae/element - {"using":"xpath","value":"//input[@id=\"generalSectionFrg--receiveYard-inner\"]"}
RESULT: {"using":"xpath","value":"//input[@id=\"generalSectionFrg--receiveYard-inner\"]"}
COMMAND: POST /session/371b8fcef450a364efde700f21fc0eae/element/f.FFD2F70B7356459FE22D1016ABDF7B9E.d.943AAF4803786248F401E4DF7F34F067.e.19155/clear - {}
RESULT: {}
COMMAND: POST /session/371b8fcef450a364efde700f21fc0eae/element/f.FFD2F70B7356459FE22D1016ABDF7B9E.d.943AAF4803786248F401E4DF7F34F067.e.19155/value - {"text":"515"}
COMMAND: GET /session/371b8fcef450a364efde700f21fc0eae/screenshot - {}
RESULT: {"text":"515"}
COMMAND: GET /session/371b8fcef450a364efde700f21fc0eae/screenshot - {}
RESULT: {}
RESULT: {}
COMMAND: POST /session/371b8fcef450a364efde700f21fc0eae/element - {"using":"xpath","value":"//li[.//span[text()='515']]"}
RESULT: {"using":"xpath","value":"//li[.//span[text()='515']]"}
COMMAND: POST /session/371b8fcef450a364efde700f21fc0eae/element/f.FFD2F70B7356459FE22D1016ABDF7B9E.d.943AAF4803786248F401E4DF7F34F067.e.19172/click - {}
RESULT: {}
COMMAND: GET /session/371b8fcef450a364efde700f21fc0eae/screenshot - {}
RESULT: {}
COMMAND: POST /session/371b8fcef450a364efde700f21fc0eae/execute/async - {"script":"<script> [1562 bytes]","args":[{"selector":{"id":"application-managehandovers-display-component---AddNewHO--ObjectPageLayout-anchBar-application-managehandovers-display-component---AddNewHO--section4-anchor","interaction":{"idSuffix":"BDI-content"}},"wdio_ui5_key":"applicationmanagehandovers-display-component---AddNewHO--ObjectPageLayout-anchBar-application-managehandovers-display-component---AddNewHO--section4-anchor"}]}
RESULT: {"script":"<script> [1562 bytes]","args":[{"selector":{"id":"application-managehandovers-display-component---AddNewHO--ObjectPageLayout-anchBar-application-managehandovers-display-component---AddNewHO--section4-anchor","interaction":{"idSuffix":"BDI-content"}},"wdio_ui5_key":"applicationmanagehandovers-display-component---AddNewHO--ObjectPageLayout-anchBar-application-managehandovers-display-component---AddNewHO--section4-anchor"}]}
RESULT: undefined
COMMAND: POST /session/371b8fcef450a364efde700f21fc0eae/element - {"using":"xpath","value":"//*[@id=\"application-managehandovers-display-component---AddNewHO--ObjectPageLayout-anchBar-application-managehandovers-display-component---AddNewHO--section4-anchor\"]"}
RESULT: {"using":"xpath","value":"//*[@id=\"application-managehandovers-display-component---AddNewHO--ObjectPageLayout-anchBar-application-managehandovers-display-component---AddNewHO--section4-anchor\"]"}
COMMAND: POST /session/371b8fcef450a364efde700f21fc0eae/element/f.FFD2F70B7356459FE22D1016ABDF7B9E.d.943AAF4803786248F401E4DF7F34F067.e.19174/click - {}
RESULT: {}
COMMAND: POST /session/371b8fcef450a364efde700f21fc0eae/element - {"using":"xpath","value":"//button[@aria-label=\"Add\"]"}
COMMAND: GET /session/371b8fcef450a364efde700f21fc0eae/screenshot - {}
RESULT: {"using":"xpath","value":"//button[@aria-label=\"Add\"]"}
COMMAND: POST /session/371b8fcef450a364efde700f21fc0eae/element/f.FFD2F70B7356459FE22D1016ABDF7B9E.d.943AAF4803786248F401E4DF7F34F067.e.19176/click - {}
RESULT: {}
RESULT: {}
COMMAND: GET /session/371b8fcef450a364efde700f21fc0eae/screenshot - {}
RESULT: {}
COMMAND: POST /session/371b8fcef450a364efde700f21fc0eae/execute/async - {"script":"<script> [1562 bytes]","args":[{"selector":{"id":"application-managehandovers-display-component---AddNewHO--smartFilterBar-btnBasicSearch","searchOpenDialogs":true,"interaction":{"idSuffix":"I"}},"wdio_ui5_key":"applicationmanagehandovers-display-component---AddNewHO--smartFilterBar-btnBasicSearch"}]}
RESULT: {"script":"<script> [1562 bytes]","args":[{"selector":{"id":"application-managehandovers-display-component---AddNewHO--smartFilterBar-btnBasicSearch","searchOpenDialogs":true,"interaction":{"idSuffix":"I"}},"wdio_ui5_key":"applicationmanagehandovers-display-component---AddNewHO--smartFilterBar-btnBasicSearch"}]}
RESULT: undefined
COMMAND: POST /session/371b8fcef450a364efde700f21fc0eae/execute/async - {"script":"<script> [776 bytes]","args":[{"enterText":"3GM8uoPy5f","selector":{"id":"application-managehandovers-display-component---AddNewHO--smartFilterBar-btnBasicSearch","searchOpenDialogs":true,"interaction":{"idSuffix":"I"}},"clearTextFirst":true,"interactionType":"ENTER_TEXT"}]}
RESULT: {"script":"<script> [776 bytes]","args":[{"enterText":"3GM8uoPy5f","selector":{"id":"application-managehandovers-display-component---AddNewHO--smartFilterBar-btnBasicSearch","searchOpenDialogs":true,"interaction":{"idSuffix":"I"}},"clearTextFirst":true,"interactionType":"ENTER_TEXT"}]}
COMMAND: POST /session/371b8fcef450a364efde700f21fc0eae/actions - {"actions":[{"id":"action67","type":"key","parameters":{},"actions":[{"type":"keyDown","value":"î€‡"},{"type":"pause","duration":10},{"type":"keyUp","value":"î€‡"}]}]}
RESULT: {"actions":[{"id":"action67","type":"key","parameters":{},"actions":[{"type":"keyDown","value":"î€‡"},{"type":"pause","duration":10},{"type":"keyUp","value":"î€‡"}]}]}
COMMAND: GET /session/371b8fcef450a364efde700f21fc0eae/screenshot - {}
RESULT: {}
COMMAND: POST /session/371b8fcef450a364efde700f21fc0eae/execute/async - {"script":"<script> [1562 bytes]","args":[{"selector":{"id":"application-managehandovers-display-component---AddNewHO--popup-sa","searchOpenDialogs":true,"interaction":{"idSuffix":"CbBg"}},"wdio_ui5_key":"applicationmanagehandovers-display-component---AddNewHO--popup-sa"}]}
RESULT: {"script":"<script> [1562 bytes]","args":[{"selector":{"id":"application-managehandovers-display-component---AddNewHO--popup-sa","searchOpenDialogs":true,"interaction":{"idSuffix":"CbBg"}},"wdio_ui5_key":"applicationmanagehandovers-display-component---AddNewHO--popup-sa"}]}
RESULT: undefined
COMMAND: POST /session/371b8fcef450a364efde700f21fc0eae/element - {"using":"xpath","value":"//*[@id=\"application-managehandovers-display-component---AddNewHO--popup-sa\"]"}
RESULT: {"using":"xpath","value":"//*[@id=\"application-managehandovers-display-component---AddNewHO--popup-sa\"]"}
COMMAND: POST /session/371b8fcef450a364efde700f21fc0eae/element/f.FFD2F70B7356459FE22D1016ABDF7B9E.d.943AAF4803786248F401E4DF7F34F067.e.19328/click - {}
RESULT: {}
COMMAND: GET /session/371b8fcef450a364efde700f21fc0eae/screenshot - {}
RESULT: {}
COMMAND: POST /session/371b8fcef450a364efde700f21fc0eae/element - {"using":"xpath","value":"//bdi[contains(text(), \"Select\")]"}
RESULT: {"using":"xpath","value":"//bdi[contains(text(), \"Select\")]"}
COMMAND: POST /session/371b8fcef450a364efde700f21fc0eae/element/f.FFD2F70B7356459FE22D1016ABDF7B9E.d.943AAF4803786248F401E4DF7F34F067.e.19329/click - {}
RESULT: {}
COMMAND: GET /session/371b8fcef450a364efde700f21fc0eae/screenshot - {}
RESULT: {}
COMMAND: POST /session/371b8fcef450a364efde700f21fc0eae/element - {"using":"xpath","value":"//button[@data-kt=\"AddNewHOSaveButton\"]"}
RESULT: {"using":"xpath","value":"//button[@data-kt=\"AddNewHOSaveButton\"]"}
COMMAND: POST /session/371b8fcef450a364efde700f21fc0eae/element/f.FFD2F70B7356459FE22D1016ABDF7B9E.d.943AAF4803786248F401E4DF7F34F067.e.19333/click - {}
RESULT: {}
COMMAND: GET /session/371b8fcef450a364efde700f21fc0eae/screenshot - {}
RESULT: {}
COMMAND: POST /session/371b8fcef450a364efde700f21fc0eae/execute/async - {"script":"<script> [1562 bytes]","args":[{"selector":{"id":"receiptDatePicker","viewName":"etm.portal.ui.managehandovers.view.DetailExecuteHO","interaction":{"idSuffix":"inner"}},"wdio_ui5_key":"receiptDatePickeretmportal.ui.managehandovers.view.DetailExecuteHO"}]}
RESULT: {"script":"<script> [1562 bytes]","args":[{"selector":{"id":"receiptDatePicker","viewName":"etm.portal.ui.managehandovers.view.DetailExecuteHO","interaction":{"idSuffix":"inner"}},"wdio_ui5_key":"receiptDatePickeretmportal.ui.managehandovers.view.DetailExecuteHO"}]}
RESULT: undefined
COMMAND: POST /session/371b8fcef450a364efde700f21fc0eae/execute/async - {"script":"<script> [6424 bytes]","args":[{"element-6066-11e4-a52e-4f735466cecf":"f.FFD2F70B7356459FE22D1016ABDF7B9E.d.943AAF4803786248F401E4DF7F34F067.e.19363"},"setValue",["05/02/2025"]]}
RESULT: {"script":"<script> [6424 bytes]","args":[{"element-6066-11e4-a52e-4f735466cecf":"f.FFD2F70B7356459FE22D1016ABDF7B9E.d.943AAF4803786248F401E4DF7F34F067.e.19363"},"setValue",["05/02/2025"]]}
COMMAND: POST /session/371b8fcef450a364efde700f21fc0eae/element - {"using":"xpath","value":"//button[@data-kt=\"PickingTableConfirmAllButton\"]"}
RESULT: {"using":"xpath","value":"//button[@data-kt=\"PickingTableConfirmAllButton\"]"}
COMMAND: POST /session/371b8fcef450a364efde700f21fc0eae/element/f.FFD2F70B7356459FE22D1016ABDF7B9E.d.943AAF4803786248F401E4DF7F34F067.e.19378/click - {}
RESULT: {}
COMMAND: GET /session/371b8fcef450a364efde700f21fc0eae/screenshot - {}
RESULT: {}
COMMAND: POST /session/371b8fcef450a364efde700f21fc0eae/element - {"using":"xpath","value":"//bdi[contains(text(), \"OK\")]"}
RESULT: {"using":"xpath","value":"//bdi[contains(text(), \"OK\")]"}
COMMAND: POST /session/371b8fcef450a364efde700f21fc0eae/element/f.FFD2F70B7356459FE22D1016ABDF7B9E.d.943AAF4803786248F401E4DF7F34F067.e.19380/click - {}
RESULT: {}
COMMAND: GET /session/371b8fcef450a364efde700f21fc0eae/screenshot - {}
RESULT: {}
COMMAND: POST /session/371b8fcef450a364efde700f21fc0eae/element - {"using":"xpath","value":"(//bdi[contains(text(), \"Receive\")])[2]"}
RESULT: {"using":"xpath","value":"(//bdi[contains(text(), \"Receive\")])[2]"}
COMMAND: POST /session/371b8fcef450a364efde700f21fc0eae/element/f.FFD2F70B7356459FE22D1016ABDF7B9E.d.943AAF4803786248F401E4DF7F34F067.e.19382/click - {}
RESULT: {}
COMMAND: GET /session/371b8fcef450a364efde700f21fc0eae/screenshot - {}
RESULT: {}
COMMAND: POST /session/371b8fcef450a364efde700f21fc0eae/element - {"using":"css selector","value":"#shell-header-logo"}
RESULT: {"using":"css selector","value":"#shell-header-logo"}
COMMAND: POST /session/371b8fcef450a364efde700f21fc0eae/element/f.FFD2F70B7356459FE22D1016ABDF7B9E.d.943AAF4803786248F401E4DF7F34F067.e.18769/click - {}
RESULT: {}
COMMAND: GET /session/371b8fcef450a364efde700f21fc0eae/screenshot - {}
RESULT: {}
]]></system-out>
    </testcase>
    <testcase classname="chrome.135_0_7049_96.windows.Create_Reverse_Billing_US127248" name="Should create a new contract" time="52.668">
      <system-out><![CDATA[
COMMAND: POST /session/371b8fcef450a364efde700f21fc0eae/execute/async - {"script":"<script> [1562 bytes]","args":[{"selector":{"controlType":"sap.m.Text","viewName":"etm.portal.ui.managecontractstile.view.Master","properties":{"text":"Manage Contracts"},"interaction":{"idSuffix":"inner"}},"wdio_ui5_key":"etmportal.ui.managecontractstile.view.Mastersap.m.Text{\"text\":\"Manage Contracts\"}"}]}
RESULT: {"script":"<script> [1562 bytes]","args":[{"selector":{"controlType":"sap.m.Text","viewName":"etm.portal.ui.managecontractstile.view.Master","properties":{"text":"Manage Contracts"},"interaction":{"idSuffix":"inner"}},"wdio_ui5_key":"etmportal.ui.managecontractstile.view.Mastersap.m.Text{\"text\":\"Manage Contracts\"}"}]}
RESULT: undefined
COMMAND: POST /session/371b8fcef450a364efde700f21fc0eae/element - {"using":"xpath","value":"//*[@id=\"__tile131-title\"]"}
RESULT: {"using":"xpath","value":"//*[@id=\"__tile131-title\"]"}
COMMAND: POST /session/371b8fcef450a364efde700f21fc0eae/element/f.FFD2F70B7356459FE22D1016ABDF7B9E.d.943AAF4803786248F401E4DF7F34F067.e.19557/click - {}
RESULT: {}
COMMAND: GET /session/371b8fcef450a364efde700f21fc0eae/screenshot - {}
COMMAND: POST /session/371b8fcef450a364efde700f21fc0eae/element - {"using":"xpath","value":"//button[@data-kt=\"addButton\"]"}
RESULT: {}
RESULT: {"using":"xpath","value":"//button[@data-kt=\"addButton\"]"}
COMMAND: POST /session/371b8fcef450a364efde700f21fc0eae/elements - {"using":"xpath","value":"//button[@data-kt=\"addButton\"]"}
RESULT: {"using":"xpath","value":"//button[@data-kt=\"addButton\"]"}
COMMAND: POST /session/371b8fcef450a364efde700f21fc0eae/execute/sync - {"script":"<script> [8489 bytes]","args":[{"element-6066-11e4-a52e-4f735466cecf":"f.FFD2F70B7356459FE22D1016ABDF7B9E.d.943AAF4803786248F401E4DF7F34F067.e.19631","ELEMENT":"f.FFD2F70B7356459FE22D1016ABDF7B9E.d.943AAF4803786248F401E4DF7F34F067.e.19631"}]}
RESULT: {"script":"<script> [8489 bytes]","args":[{"element-6066-11e4-a52e-4f735466cecf":"f.FFD2F70B7356459FE22D1016ABDF7B9E.d.943AAF4803786248F401E4DF7F34F067.e.19631","ELEMENT":"f.FFD2F70B7356459FE22D1016ABDF7B9E.d.943AAF4803786248F401E4DF7F34F067.e.19631"}]}
COMMAND: GET /session/371b8fcef450a364efde700f21fc0eae/element/f.FFD2F70B7356459FE22D1016ABDF7B9E.d.943AAF4803786248F401E4DF7F34F067.e.19631/enabled - {}
COMMAND: GET /session/371b8fcef450a364efde700f21fc0eae/screenshot - {}
RESULT: {}
COMMAND: POST /session/371b8fcef450a364efde700f21fc0eae/execute/sync - {"script":"<script> [8489 bytes]","args":[{"element-6066-11e4-a52e-4f735466cecf":"f.FFD2F70B7356459FE22D1016ABDF7B9E.d.943AAF4803786248F401E4DF7F34F067.e.19631","ELEMENT":"f.FFD2F70B7356459FE22D1016ABDF7B9E.d.943AAF4803786248F401E4DF7F34F067.e.19631"}]}
COMMAND: GET /session/371b8fcef450a364efde700f21fc0eae/screenshot - {}
RESULT: {}
RESULT: {"script":"<script> [8489 bytes]","args":[{"element-6066-11e4-a52e-4f735466cecf":"f.FFD2F70B7356459FE22D1016ABDF7B9E.d.943AAF4803786248F401E4DF7F34F067.e.19631","ELEMENT":"f.FFD2F70B7356459FE22D1016ABDF7B9E.d.943AAF4803786248F401E4DF7F34F067.e.19631"}]}
COMMAND: POST /session/371b8fcef450a364efde700f21fc0eae/execute/sync - {"script":"<script> [5351 bytes]","args":[{"element-6066-11e4-a52e-4f735466cecf":"f.FFD2F70B7356459FE22D1016ABDF7B9E.d.943AAF4803786248F401E4DF7F34F067.e.19631","ELEMENT":"f.FFD2F70B7356459FE22D1016ABDF7B9E.d.943AAF4803786248F401E4DF7F34F067.e.19631"}]}
COMMAND: GET /session/371b8fcef450a364efde700f21fc0eae/screenshot - {}
RESULT: {}
RESULT: {"script":"<script> [5351 bytes]","args":[{"element-6066-11e4-a52e-4f735466cecf":"f.FFD2F70B7356459FE22D1016ABDF7B9E.d.943AAF4803786248F401E4DF7F34F067.e.19631","ELEMENT":"f.FFD2F70B7356459FE22D1016ABDF7B9E.d.943AAF4803786248F401E4DF7F34F067.e.19631"}]}
COMMAND: GET /session/371b8fcef450a364efde700f21fc0eae/screenshot - {}
RESULT: {}
RESULT: {}
COMMAND: POST /session/371b8fcef450a364efde700f21fc0eae/element/f.FFD2F70B7356459FE22D1016ABDF7B9E.d.943AAF4803786248F401E4DF7F34F067.e.19631/click - {}
RESULT: {}
COMMAND: GET /session/371b8fcef450a364efde700f21fc0eae/screenshot - {}
COMMAND: POST /session/371b8fcef450a364efde700f21fc0eae/execute/async - {"script":"<script> [1562 bytes]","args":[{"selector":{"id":"application-managecontracts-display-component---AddNewContract--projectDescription","interaction":{"idSuffix":"inner"}},"wdio_ui5_key":"applicationmanagecontracts-display-component---AddNewContract--projectDescription"}]}
RESULT: {}
RESULT: {"script":"<script> [1562 bytes]","args":[{"selector":{"id":"application-managecontracts-display-component---AddNewContract--projectDescription","interaction":{"idSuffix":"inner"}},"wdio_ui5_key":"applicationmanagecontracts-display-component---AddNewContract--projectDescription"}]}
RESULT: undefined
COMMAND: POST /session/371b8fcef450a364efde700f21fc0eae/execute/async - {"script":"<script> [776 bytes]","args":[{"enterText":"Contract WDIO","selector":{"id":"application-managecontracts-display-component---AddNewContract--projectDescription","interaction":{"idSuffix":"inner"}},"clearTextFirst":true,"interactionType":"ENTER_TEXT"}]}
RESULT: {"script":"<script> [776 bytes]","args":[{"enterText":"Contract WDIO","selector":{"id":"application-managecontracts-display-component---AddNewContract--projectDescription","interaction":{"idSuffix":"inner"}},"clearTextFirst":true,"interactionType":"ENTER_TEXT"}]}
COMMAND: POST /session/371b8fcef450a364efde700f21fc0eae/element - {"using":"xpath","value":"//input[@id=\"application-managecontracts-display-component---AddNewContract--site-inner\"]"}
RESULT: {"using":"xpath","value":"//input[@id=\"application-managecontracts-display-component---AddNewContract--site-inner\"]"}
COMMAND: POST /session/371b8fcef450a364efde700f21fc0eae/element/f.FFD2F70B7356459FE22D1016ABDF7B9E.d.943AAF4803786248F401E4DF7F34F067.e.19927/clear - {}
RESULT: {}
COMMAND: POST /session/371b8fcef450a364efde700f21fc0eae/element/f.FFD2F70B7356459FE22D1016ABDF7B9E.d.943AAF4803786248F401E4DF7F34F067.e.19927/value - {"text":"2349"}
COMMAND: GET /session/371b8fcef450a364efde700f21fc0eae/screenshot - {}
RESULT: {"text":"2349"}
COMMAND: GET /session/371b8fcef450a364efde700f21fc0eae/screenshot - {}
RESULT: {}
RESULT: {}
COMMAND: POST /session/371b8fcef450a364efde700f21fc0eae/element - {"using":"xpath","value":"//li[.//span[text()='2349']]"}
RESULT: {"using":"xpath","value":"//li[.//span[text()='2349']]"}
COMMAND: POST /session/371b8fcef450a364efde700f21fc0eae/element/f.FFD2F70B7356459FE22D1016ABDF7B9E.d.943AAF4803786248F401E4DF7F34F067.e.19951/click - {}
RESULT: {}
COMMAND: GET /session/371b8fcef450a364efde700f21fc0eae/screenshot - {}
RESULT: {}
COMMAND: POST /session/371b8fcef450a364efde700f21fc0eae/element - {"using":"xpath","value":"//input[@id=\"application-managecontracts-display-component---AddNewContract--yardId-inner\"]"}
RESULT: {"using":"xpath","value":"//input[@id=\"application-managecontracts-display-component---AddNewContract--yardId-inner\"]"}
COMMAND: GET /session/371b8fcef450a364efde700f21fc0eae/element/f.FFD2F70B7356459FE22D1016ABDF7B9E.d.943AAF4803786248F401E4DF7F34F067.e.19928/property/value - {}
RESULT: {}
COMMAND: POST /session/371b8fcef450a364efde700f21fc0eae/element - {"using":"xpath","value":"//input[@id=\"application-managecontracts-display-component---AddNewContract--customerSelect-inner\"]"}
COMMAND: GET /session/371b8fcef450a364efde700f21fc0eae/screenshot - {}
RESULT: {"using":"xpath","value":"//input[@id=\"application-managecontracts-display-component---AddNewContract--customerSelect-inner\"]"}
COMMAND: POST /session/371b8fcef450a364efde700f21fc0eae/element/f.FFD2F70B7356459FE22D1016ABDF7B9E.d.943AAF4803786248F401E4DF7F34F067.e.19926/clear - {}
RESULT: {}
RESULT: {}
COMMAND: POST /session/371b8fcef450a364efde700f21fc0eae/element/f.FFD2F70B7356459FE22D1016ABDF7B9E.d.943AAF4803786248F401E4DF7F34F067.e.19926/value - {"text":"1388"}
COMMAND: GET /session/371b8fcef450a364efde700f21fc0eae/screenshot - {}
RESULT: {"text":"1388"}
COMMAND: GET /session/371b8fcef450a364efde700f21fc0eae/screenshot - {}
RESULT: {}
RESULT: {}
COMMAND: POST /session/371b8fcef450a364efde700f21fc0eae/element - {"using":"xpath","value":"//li[.//span[text()='1388']]"}
RESULT: {"using":"xpath","value":"//li[.//span[text()='1388']]"}
COMMAND: POST /session/371b8fcef450a364efde700f21fc0eae/element/f.FFD2F70B7356459FE22D1016ABDF7B9E.d.943AAF4803786248F401E4DF7F34F067.e.19954/click - {}
RESULT: {}
COMMAND: GET /session/371b8fcef450a364efde700f21fc0eae/screenshot - {}
RESULT: {}
COMMAND: POST /session/371b8fcef450a364efde700f21fc0eae/element - {"using":"xpath","value":"//button[@data-kt=\"saveButton\"]"}
RESULT: {"using":"xpath","value":"//button[@data-kt=\"saveButton\"]"}
COMMAND: POST /session/371b8fcef450a364efde700f21fc0eae/element/f.FFD2F70B7356459FE22D1016ABDF7B9E.d.943AAF4803786248F401E4DF7F34F067.e.19944/click - {}
RESULT: {}
COMMAND: GET /session/371b8fcef450a364efde700f21fc0eae/screenshot - {}
RESULT: {}
COMMAND: POST /session/371b8fcef450a364efde700f21fc0eae/element - {"using":"xpath","value":"//span[contains(@id ,\"contractDetailTitleNoExpanded\")]"}
RESULT: {"using":"xpath","value":"//span[contains(@id ,\"contractDetailTitleNoExpanded\")]"}
COMMAND: POST /session/371b8fcef450a364efde700f21fc0eae/elements - {"using":"xpath","value":"//span[contains(@id ,\"contractDetailTitleNoExpanded\")]"}
RESULT: {"using":"xpath","value":"//span[contains(@id ,\"contractDetailTitleNoExpanded\")]"}
COMMAND: POST /session/371b8fcef450a364efde700f21fc0eae/execute/sync - {"script":"<script> [56 bytes]","args":[{"element-6066-11e4-a52e-4f735466cecf":"f.FFD2F70B7356459FE22D1016ABDF7B9E.d.943AAF4803786248F401E4DF7F34F067.e.19962","ELEMENT":"f.FFD2F70B7356459FE22D1016ABDF7B9E.d.943AAF4803786248F401E4DF7F34F067.e.19962"}]}
RESULT: {"script":"<script> [56 bytes]","args":[{"element-6066-11e4-a52e-4f735466cecf":"f.FFD2F70B7356459FE22D1016ABDF7B9E.d.943AAF4803786248F401E4DF7F34F067.e.19962","ELEMENT":"f.FFD2F70B7356459FE22D1016ABDF7B9E.d.943AAF4803786248F401E4DF7F34F067.e.19962"}]}
COMMAND: GET /session/371b8fcef450a364efde700f21fc0eae/screenshot - {}
RESULT: {}
]]></system-out>
    </testcase>
    <testcase classname="chrome.135_0_7049_96.windows.Create_Reverse_Billing_US127248" name="Should add equipment to the contract" time="46.782">
      <system-out><![CDATA[
COMMAND: POST /session/371b8fcef450a364efde700f21fc0eae/element - {"using":"xpath","value":"//button[@data-kt=\"contractDetailEditBtnButton\"]"}
RESULT: {"using":"xpath","value":"//button[@data-kt=\"contractDetailEditBtnButton\"]"}
COMMAND: POST /session/371b8fcef450a364efde700f21fc0eae/element/f.FFD2F70B7356459FE22D1016ABDF7B9E.d.943AAF4803786248F401E4DF7F34F067.e.19965/click - {}
RESULT: {}
COMMAND: GET /session/371b8fcef450a364efde700f21fc0eae/screenshot - {}
RESULT: {}
COMMAND: POST /session/371b8fcef450a364efde700f21fc0eae/element - {"using":"xpath","value":"(//span[contains(text(), \"Additional Addresses\")])[2]"}
RESULT: {"using":"xpath","value":"(//span[contains(text(), \"Additional Addresses\")])[2]"}
COMMAND: POST /session/371b8fcef450a364efde700f21fc0eae/element/f.FFD2F70B7356459FE22D1016ABDF7B9E.d.943AAF4803786248F401E4DF7F34F067.e.20020/click - {}
RESULT: {}
COMMAND: GET /session/371b8fcef450a364efde700f21fc0eae/screenshot - {}
RESULT: {}
COMMAND: POST /session/371b8fcef450a364efde700f21fc0eae/element - {"using":"xpath","value":"//button[@data-kt=\"btnAddTableRowOverflowToolbarButton\"]"}
RESULT: {"using":"xpath","value":"//button[@data-kt=\"btnAddTableRowOverflowToolbarButton\"]"}
COMMAND: POST /session/371b8fcef450a364efde700f21fc0eae/element/f.FFD2F70B7356459FE22D1016ABDF7B9E.d.943AAF4803786248F401E4DF7F34F067.e.20023/click - {}
RESULT: {}
COMMAND: GET /session/371b8fcef450a364efde700f21fc0eae/screenshot - {}
RESULT: {}
COMMAND: POST /session/371b8fcef450a364efde700f21fc0eae/element - {"using":"xpath","value":"//div[(text() = 'Standard Entry' or . = 'Standard Entry')]"}
RESULT: {"using":"xpath","value":"//div[(text() = 'Standard Entry' or . = 'Standard Entry')]"}
COMMAND: POST /session/371b8fcef450a364efde700f21fc0eae/element/f.FFD2F70B7356459FE22D1016ABDF7B9E.d.943AAF4803786248F401E4DF7F34F067.e.20025/click - {}
RESULT: {}
COMMAND: GET /session/371b8fcef450a364efde700f21fc0eae/screenshot - {}
RESULT: {}
COMMAND: POST /session/371b8fcef450a364efde700f21fc0eae/element - {"using":"xpath","value":"//td[7]/div/div/input"}
RESULT: {"using":"xpath","value":"//td[7]/div/div/input"}
COMMAND: POST /session/371b8fcef450a364efde700f21fc0eae/element/f.FFD2F70B7356459FE22D1016ABDF7B9E.d.943AAF4803786248F401E4DF7F34F067.e.20034/clear - {}
RESULT: {}
COMMAND: POST /session/371b8fcef450a364efde700f21fc0eae/element/f.FFD2F70B7356459FE22D1016ABDF7B9E.d.943AAF4803786248F401E4DF7F34F067.e.20034/value - {"text":"3GM8uoPy5f"}
COMMAND: GET /session/371b8fcef450a364efde700f21fc0eae/screenshot - {}
RESULT: {"text":"3GM8uoPy5f"}
COMMAND: GET /session/371b8fcef450a364efde700f21fc0eae/screenshot - {}
RESULT: {}
RESULT: {}
COMMAND: POST /session/371b8fcef450a364efde700f21fc0eae/actions - {"actions":[{"id":"action68","type":"key","parameters":{},"actions":[{"type":"keyDown","value":"î€‡"},{"type":"pause","duration":10},{"type":"keyUp","value":"î€‡"}]}]}
RESULT: {"actions":[{"id":"action68","type":"key","parameters":{},"actions":[{"type":"keyDown","value":"î€‡"},{"type":"pause","duration":10},{"type":"keyUp","value":"î€‡"}]}]}
COMMAND: GET /session/371b8fcef450a364efde700f21fc0eae/screenshot - {}
RESULT: {}
COMMAND: POST /session/371b8fcef450a364efde700f21fc0eae/execute/sync - {"script":"<script> [276 bytes]","args":["No pricing information was found"]}
RESULT: {"script":"<script> [276 bytes]","args":["No pricing information was found"]}
COMMAND: POST /session/371b8fcef450a364efde700f21fc0eae/element - {"using":"xpath","value":"(//button[@data-kt=\"saveButton\"])[2]"}
COMMAND: GET /session/371b8fcef450a364efde700f21fc0eae/screenshot - {}
RESULT: {"using":"xpath","value":"(//button[@data-kt=\"saveButton\"])[2]"}
COMMAND: POST /session/371b8fcef450a364efde700f21fc0eae/element/f.FFD2F70B7356459FE22D1016ABDF7B9E.d.943AAF4803786248F401E4DF7F34F067.e.20049/click - {}
RESULT: {}
RESULT: {}
COMMAND: GET /session/371b8fcef450a364efde700f21fc0eae/screenshot - {}
RESULT: {}
COMMAND: POST /session/371b8fcef450a364efde700f21fc0eae/execute/sync - {"script":"<script> [276 bytes]","args":["Some contract items are having rental validity exceeding header rental validity"]}
RESULT: {"script":"<script> [276 bytes]","args":["Some contract items are having rental validity exceeding header rental validity"]}
COMMAND: GET /session/371b8fcef450a364efde700f21fc0eae/screenshot - {}
RESULT: {}
COMMAND: POST /session/371b8fcef450a364efde700f21fc0eae/element - {"using":"xpath","value":"//span[contains(@id ,\"contractItemsSmartTable-header-inner\")]"}
RESULT: {"using":"xpath","value":"//span[contains(@id ,\"contractItemsSmartTable-header-inner\")]"}
COMMAND: POST /session/371b8fcef450a364efde700f21fc0eae/elements - {"using":"xpath","value":"//span[contains(@id ,\"contractItemsSmartTable-header-inner\")]"}
RESULT: {"using":"xpath","value":"//span[contains(@id ,\"contractItemsSmartTable-header-inner\")]"}
COMMAND: POST /session/371b8fcef450a364efde700f21fc0eae/execute/sync - {"script":"<script> [56 bytes]","args":[{"element-6066-11e4-a52e-4f735466cecf":"f.FFD2F70B7356459FE22D1016ABDF7B9E.d.943AAF4803786248F401E4DF7F34F067.e.20058","ELEMENT":"f.FFD2F70B7356459FE22D1016ABDF7B9E.d.943AAF4803786248F401E4DF7F34F067.e.20058"}]}
RESULT: {"script":"<script> [56 bytes]","args":[{"element-6066-11e4-a52e-4f735466cecf":"f.FFD2F70B7356459FE22D1016ABDF7B9E.d.943AAF4803786248F401E4DF7F34F067.e.20058","ELEMENT":"f.FFD2F70B7356459FE22D1016ABDF7B9E.d.943AAF4803786248F401E4DF7F34F067.e.20058"}]}
]]></system-out>
    </testcase>
    <testcase classname="chrome.135_0_7049_96.windows.Create_Reverse_Billing_US127248" name="Should do a provide to site handover" time="52.368">
      <system-out><![CDATA[
COMMAND: POST /session/371b8fcef450a364efde700f21fc0eae/element - {"using":"xpath","value":"//button[@data-kt=\"provideButton\"]"}
COMMAND: GET /session/371b8fcef450a364efde700f21fc0eae/screenshot - {}
RESULT: {"using":"xpath","value":"//button[@data-kt=\"provideButton\"]"}
COMMAND: POST /session/371b8fcef450a364efde700f21fc0eae/element/f.FFD2F70B7356459FE22D1016ABDF7B9E.d.943AAF4803786248F401E4DF7F34F067.e.20059/click - {}
RESULT: {}
RESULT: {}
COMMAND: GET /session/371b8fcef450a364efde700f21fc0eae/screenshot - {}
RESULT: {}
RESULT: undefined
COMMAND: POST /session/371b8fcef450a364efde700f21fc0eae/execute/async - {"script":"<script> [6424 bytes]","args":[{"element-6066-11e4-a52e-4f735466cecf":"f.FFD2F70B7356459FE22D1016ABDF7B9E.d.943AAF4803786248F401E4DF7F34F067.e.19149"},"setValue",["05/02/2025"]]}
COMMAND: POST /session/371b8fcef450a364efde700f21fc0eae/execute/async - {"script":"<script> [1562 bytes]","args":[{"selector":{"id":"application-managehandovers-display-component---AddNewHO--dueDate","interaction":{"idSuffix":"inner"}},"wdio_ui5_key":"applicationmanagehandovers-display-component---AddNewHO--dueDate"}]}
RESULT: {"script":"<script> [1562 bytes]","args":[{"selector":{"id":"application-managehandovers-display-component---AddNewHO--dueDate","interaction":{"idSuffix":"inner"}},"wdio_ui5_key":"applicationmanagehandovers-display-component---AddNewHO--dueDate"}]}
COMMAND: POST /session/371b8fcef450a364efde700f21fc0eae/execute/async - {"script":"<script> [6424 bytes]","args":[{"element-6066-11e4-a52e-4f735466cecf":"f.FFD2F70B7356459FE22D1016ABDF7B9E.d.943AAF4803786248F401E4DF7F34F067.e.20135"},"setValue",["05/02/2025"]]}
RESULT: {"script":"<script> [6424 bytes]","args":[{"element-6066-11e4-a52e-4f735466cecf":"f.FFD2F70B7356459FE22D1016ABDF7B9E.d.943AAF4803786248F401E4DF7F34F067.e.20135"},"setValue",["05/02/2025"]]}
COMMAND: POST /session/371b8fcef450a364efde700f21fc0eae/element - {"using":"xpath","value":"//bdi[contains(text(), \"Instructions\")]"}
RESULT: {"using":"xpath","value":"//bdi[contains(text(), \"Instructions\")]"}
COMMAND: POST /session/371b8fcef450a364efde700f21fc0eae/element/f.FFD2F70B7356459FE22D1016ABDF7B9E.d.943AAF4803786248F401E4DF7F34F067.e.20370/click - {}
RESULT: {}
COMMAND: GET /session/371b8fcef450a364efde700f21fc0eae/screenshot - {}
RESULT: {}
COMMAND: POST /session/371b8fcef450a364efde700f21fc0eae/element - {"using":"xpath","value":"//button[@data-kt=\"AddNewHOProvideAddItemsButton\"]"}
RESULT: {"using":"xpath","value":"//button[@data-kt=\"AddNewHOProvideAddItemsButton\"]"}
COMMAND: POST /session/371b8fcef450a364efde700f21fc0eae/element/f.FFD2F70B7356459FE22D1016ABDF7B9E.d.943AAF4803786248F401E4DF7F34F067.e.20374/click - {}
RESULT: {}
COMMAND: GET /session/371b8fcef450a364efde700f21fc0eae/screenshot - {}
RESULT: {}
RESULT: undefined
COMMAND: POST /session/371b8fcef450a364efde700f21fc0eae/element - {"using":"xpath","value":"//*[@id=\"application-managehandovers-display-component---AddNewHO--popup-sa\"]"}
RESULT: {"using":"xpath","value":"//*[@id=\"application-managehandovers-display-component---AddNewHO--popup-sa\"]"}
COMMAND: POST /session/371b8fcef450a364efde700f21fc0eae/element/f.FFD2F70B7356459FE22D1016ABDF7B9E.d.943AAF4803786248F401E4DF7F34F067.e.20383/click - {}
RESULT: {}
COMMAND: GET /session/371b8fcef450a364efde700f21fc0eae/screenshot - {}
RESULT: {}
COMMAND: POST /session/371b8fcef450a364efde700f21fc0eae/element - {"using":"xpath","value":"//*[contains(@id ,\"BDI-content\")][contains(text(), \"Select\")]"}
RESULT: {"using":"xpath","value":"//*[contains(@id ,\"BDI-content\")][contains(text(), \"Select\")]"}
COMMAND: POST /session/371b8fcef450a364efde700f21fc0eae/element/f.FFD2F70B7356459FE22D1016ABDF7B9E.d.943AAF4803786248F401E4DF7F34F067.e.20385/click - {}
RESULT: {}
COMMAND: GET /session/371b8fcef450a364efde700f21fc0eae/screenshot - {}
RESULT: {}
COMMAND: POST /session/371b8fcef450a364efde700f21fc0eae/execute/async - {"script":"<script> [1562 bytes]","args":[{"selector":{"id":"application-managehandovers-display-component---AddNewHO--confirmCreationButton","interaction":{"idSuffix":"BDI-content"}},"wdio_ui5_key":"applicationmanagehandovers-display-component---AddNewHO--confirmCreationButton"}]}
RESULT: {"script":"<script> [1562 bytes]","args":[{"selector":{"id":"application-managehandovers-display-component---AddNewHO--confirmCreationButton","interaction":{"idSuffix":"BDI-content"}},"wdio_ui5_key":"applicationmanagehandovers-display-component---AddNewHO--confirmCreationButton"}]}
RESULT: undefined
COMMAND: POST /session/371b8fcef450a364efde700f21fc0eae/element - {"using":"xpath","value":"//*[@id=\"application-managehandovers-display-component---AddNewHO--confirmCreationButton\"]"}
RESULT: {"using":"xpath","value":"//*[@id=\"application-managehandovers-display-component---AddNewHO--confirmCreationButton\"]"}
COMMAND: POST /session/371b8fcef450a364efde700f21fc0eae/element/f.FFD2F70B7356459FE22D1016ABDF7B9E.d.943AAF4803786248F401E4DF7F34F067.e.20182/click - {}
RESULT: {}
COMMAND: GET /session/371b8fcef450a364efde700f21fc0eae/screenshot - {}
RESULT: {}
COMMAND: POST /session/371b8fcef450a364efde700f21fc0eae/element - {"using":"xpath","value":"//button[@data-kt=\"PickingTableConfirmAllButton\"]"}
RESULT: {"using":"xpath","value":"//button[@data-kt=\"PickingTableConfirmAllButton\"]"}
COMMAND: POST /session/371b8fcef450a364efde700f21fc0eae/element/f.FFD2F70B7356459FE22D1016ABDF7B9E.d.943AAF4803786248F401E4DF7F34F067.e.20424/click - {}
COMMAND: POST /session/371b8fcef450a364efde700f21fc0eae/element - {"using":"xpath","value":"//button[@data-kt=\"PickingTableConfirmAllButton\"]"}
RESULT: {"using":"xpath","value":"//button[@data-kt=\"PickingTableConfirmAllButton\"]"}
COMMAND: POST /session/371b8fcef450a364efde700f21fc0eae/element/f.FFD2F70B7356459FE22D1016ABDF7B9E.d.943AAF4803786248F401E4DF7F34F067.e.20424/click - {}
COMMAND: POST /session/371b8fcef450a364efde700f21fc0eae/element - {"using":"xpath","value":"//button[@data-kt=\"PickingTableConfirmAllButton\"]"}
RESULT: {"using":"xpath","value":"//button[@data-kt=\"PickingTableConfirmAllButton\"]"}
COMMAND: POST /session/371b8fcef450a364efde700f21fc0eae/element/f.FFD2F70B7356459FE22D1016ABDF7B9E.d.943AAF4803786248F401E4DF7F34F067.e.20443/click - {}
RESULT: {}
COMMAND: GET /session/371b8fcef450a364efde700f21fc0eae/screenshot - {}
RESULT: {}
COMMAND: POST /session/371b8fcef450a364efde700f21fc0eae/element - {"using":"xpath","value":"//bdi[contains(text(), \"OK\")]"}
RESULT: {"using":"xpath","value":"//bdi[contains(text(), \"OK\")]"}
COMMAND: POST /session/371b8fcef450a364efde700f21fc0eae/element/f.FFD2F70B7356459FE22D1016ABDF7B9E.d.943AAF4803786248F401E4DF7F34F067.e.20448/click - {}
RESULT: {}
COMMAND: GET /session/371b8fcef450a364efde700f21fc0eae/screenshot - {}
RESULT: {}
COMMAND: POST /session/371b8fcef450a364efde700f21fc0eae/element - {"using":"xpath","value":"//bdi[contains(text(), \"Issue\")]"}
RESULT: {"using":"xpath","value":"//bdi[contains(text(), \"Issue\")]"}
COMMAND: POST /session/371b8fcef450a364efde700f21fc0eae/element/f.FFD2F70B7356459FE22D1016ABDF7B9E.d.943AAF4803786248F401E4DF7F34F067.e.20450/click - {}
RESULT: {}
COMMAND: GET /session/371b8fcef450a364efde700f21fc0eae/screenshot - {}
RESULT: {}
COMMAND: POST /session/371b8fcef450a364efde700f21fc0eae/element - {"using":"css selector","value":"#shell-header-logo"}
RESULT: {"using":"css selector","value":"#shell-header-logo"}
COMMAND: POST /session/371b8fcef450a364efde700f21fc0eae/element/f.FFD2F70B7356459FE22D1016ABDF7B9E.d.943AAF4803786248F401E4DF7F34F067.e.19560/click - {}
RESULT: {}
COMMAND: GET /session/371b8fcef450a364efde700f21fc0eae/screenshot - {}
RESULT: {}
]]></system-out>
    </testcase>
    <testcase classname="chrome.135_0_7049_96.windows.Create_Reverse_Billing_US127248" name="Should go navigate to Manage Billings and trigger contract calculation check result" time="53.025">
      <system-out><![CDATA[
COMMAND: POST /session/371b8fcef450a364efde700f21fc0eae/execute/async - {"script":"<script> [1562 bytes]","args":[{"selector":{"controlType":"sap.m.GenericTile","properties":{"header":"Manage Billings"}},"wdio_ui5_key":"sapm.GenericTile{\"header\":\"Manage Billings\"}"}]}
RESULT: {"script":"<script> [1562 bytes]","args":[{"selector":{"controlType":"sap.m.GenericTile","properties":{"header":"Manage Billings"}},"wdio_ui5_key":"sapm.GenericTile{\"header\":\"Manage Billings\"}"}]}
RESULT: undefined
COMMAND: POST /session/371b8fcef450a364efde700f21fc0eae/element - {"using":"xpath","value":"//*[@id=\"__tile51\"]"}
RESULT: {"using":"xpath","value":"//*[@id=\"__tile51\"]"}
COMMAND: POST /session/371b8fcef450a364efde700f21fc0eae/element/f.FFD2F70B7356459FE22D1016ABDF7B9E.d.943AAF4803786248F401E4DF7F34F067.e.17460/click - {}
RESULT: {}
COMMAND: GET /session/371b8fcef450a364efde700f21fc0eae/screenshot - {}
COMMAND: POST /session/371b8fcef450a364efde700f21fc0eae/execute/async - {"script":"<script> [1562 bytes]","args":[{"selector":{"id":"application-managebillings-display-component---billRunCalcResult--smartFilterBar-btnBasicSearch","interaction":{"idSuffix":"I"}},"wdio_ui5_key":"applicationmanagebillings-display-component---billRunCalcResult--smartFilterBar-btnBasicSearch"}]}
RESULT: {}
RESULT: {"script":"<script> [1562 bytes]","args":[{"selector":{"id":"application-managebillings-display-component---billRunCalcResult--smartFilterBar-btnBasicSearch","interaction":{"idSuffix":"I"}},"wdio_ui5_key":"applicationmanagebillings-display-component---billRunCalcResult--smartFilterBar-btnBasicSearch"}]}
RESULT: undefined
COMMAND: POST /session/371b8fcef450a364efde700f21fc0eae/execute/async - {"script":"<script> [776 bytes]","args":[{"enterText":"10471","selector":{"id":"application-managebillings-display-component---billRunCalcResult--smartFilterBar-btnBasicSearch","interaction":{"idSuffix":"I"}},"clearTextFirst":true,"interactionType":"ENTER_TEXT"}]}
RESULT: {"script":"<script> [776 bytes]","args":[{"enterText":"10471","selector":{"id":"application-managebillings-display-component---billRunCalcResult--smartFilterBar-btnBasicSearch","interaction":{"idSuffix":"I"}},"clearTextFirst":true,"interactionType":"ENTER_TEXT"}]}
COMMAND: POST /session/371b8fcef450a364efde700f21fc0eae/actions - {"actions":[{"id":"action69","type":"key","parameters":{},"actions":[{"type":"keyDown","value":"î€‡"},{"type":"pause","duration":10},{"type":"keyUp","value":"î€‡"}]}]}
RESULT: {"actions":[{"id":"action69","type":"key","parameters":{},"actions":[{"type":"keyDown","value":"î€‡"},{"type":"pause","duration":10},{"type":"keyUp","value":"î€‡"}]}]}
COMMAND: GET /session/371b8fcef450a364efde700f21fc0eae/screenshot - {}
RESULT: {}
COMMAND: POST /session/371b8fcef450a364efde700f21fc0eae/element - {"using":"xpath","value":"//td[@aria-colindex=\"1\"]/div/div[contains(@class, \"sapMCbBg\")]"}
RESULT: {"using":"xpath","value":"//td[@aria-colindex=\"1\"]/div/div[contains(@class, \"sapMCbBg\")]"}
COMMAND: POST /session/371b8fcef450a364efde700f21fc0eae/element/f.FFD2F70B7356459FE22D1016ABDF7B9E.d.943AAF4803786248F401E4DF7F34F067.e.20944/click - {}
RESULT: {}
COMMAND: GET /session/371b8fcef450a364efde700f21fc0eae/screenshot - {}
RESULT: {}
COMMAND: POST /session/371b8fcef450a364efde700f21fc0eae/execute/async - {"script":"<script> [1562 bytes]","args":[{"selector":{"id":"application-managebillings-display-component---billRunCalcResult--contractBillRunDate","interaction":{"idSuffix":"inner"}},"wdio_ui5_key":"applicationmanagebillings-display-component---billRunCalcResult--contractBillRunDate"}]}
RESULT: {"script":"<script> [1562 bytes]","args":[{"selector":{"id":"application-managebillings-display-component---billRunCalcResult--contractBillRunDate","interaction":{"idSuffix":"inner"}},"wdio_ui5_key":"applicationmanagebillings-display-component---billRunCalcResult--contractBillRunDate"}]}
RESULT: undefined
COMMAND: POST /session/371b8fcef450a364efde700f21fc0eae/execute/async - {"script":"<script> [776 bytes]","args":[{"enterText":"06/02/25","selector":{"id":"application-managebillings-display-component---billRunCalcResult--contractBillRunDate","interaction":{"idSuffix":"inner"}},"clearTextFirst":true,"interactionType":"ENTER_TEXT"}]}
RESULT: {"script":"<script> [776 bytes]","args":[{"enterText":"06/02/25","selector":{"id":"application-managebillings-display-component---billRunCalcResult--contractBillRunDate","interaction":{"idSuffix":"inner"}},"clearTextFirst":true,"interactionType":"ENTER_TEXT"}]}
COMMAND: POST /session/371b8fcef450a364efde700f21fc0eae/element - {"using":"xpath","value":"//bdi[contains(text(), \"Trigger Calculation\")]"}
RESULT: {"using":"xpath","value":"//bdi[contains(text(), \"Trigger Calculation\")]"}
COMMAND: POST /session/371b8fcef450a364efde700f21fc0eae/element/f.FFD2F70B7356459FE22D1016ABDF7B9E.d.943AAF4803786248F401E4DF7F34F067.e.20996/click - {}
RESULT: {}
COMMAND: GET /session/371b8fcef450a364efde700f21fc0eae/screenshot - {}
RESULT: {}
COMMAND: POST /session/371b8fcef450a364efde700f21fc0eae/element - {"using":"xpath","value":"(//span[contains(@id, \"imgNav\")])[1]"}
RESULT: {"using":"xpath","value":"(//span[contains(@id, \"imgNav\")])[1]"}
COMMAND: POST /session/371b8fcef450a364efde700f21fc0eae/element/f.FFD2F70B7356459FE22D1016ABDF7B9E.d.943AAF4803786248F401E4DF7F34F067.e.20945/click - {}
RESULT: {}
COMMAND: GET /session/371b8fcef450a364efde700f21fc0eae/screenshot - {}
RESULT: {}
COMMAND: POST /session/371b8fcef450a364efde700f21fc0eae/element - {"using":"xpath","value":"//tr/td[6]/div[1]/span[1]/span[1]"}
RESULT: {"using":"xpath","value":"//tr/td[6]/div[1]/span[1]/span[1]"}
COMMAND: GET /session/371b8fcef450a364efde700f21fc0eae/element/f.FFD2F70B7356459FE22D1016ABDF7B9E.d.943AAF4803786248F401E4DF7F34F067.e.21000/text - {}
RESULT: {}
COMMAND: POST /session/371b8fcef450a364efde700f21fc0eae/element - {"using":"xpath","value":"(//span[contains(@id, \"imgNav\")])[2]"}
RESULT: {"using":"xpath","value":"(//span[contains(@id, \"imgNav\")])[2]"}
COMMAND: POST /session/371b8fcef450a364efde700f21fc0eae/element/f.FFD2F70B7356459FE22D1016ABDF7B9E.d.943AAF4803786248F401E4DF7F34F067.e.21001/click - {}
RESULT: {}
COMMAND: POST /session/371b8fcef450a364efde700f21fc0eae/element - {"using":"xpath","value":"//bdi[contains(text(), \"Business Confirm\")]"}
COMMAND: GET /session/371b8fcef450a364efde700f21fc0eae/screenshot - {}
RESULT: {"using":"xpath","value":"//bdi[contains(text(), \"Business Confirm\")]"}
COMMAND: POST /session/371b8fcef450a364efde700f21fc0eae/elements - {"using":"xpath","value":"//bdi[contains(text(), \"Business Confirm\")]"}
RESULT: {}
RESULT: {"using":"xpath","value":"//bdi[contains(text(), \"Business Confirm\")]"}
COMMAND: POST /session/371b8fcef450a364efde700f21fc0eae/element - {"using":"xpath","value":"//bdi[contains(text(), \"Business Confirm\")]"}
RESULT: {"using":"xpath","value":"//bdi[contains(text(), \"Business Confirm\")]"}
COMMAND: POST /session/371b8fcef450a364efde700f21fc0eae/element/f.FFD2F70B7356459FE22D1016ABDF7B9E.d.943AAF4803786248F401E4DF7F34F067.e.21004/click - {}
COMMAND: POST /session/371b8fcef450a364efde700f21fc0eae/element - {"using":"xpath","value":"//bdi[contains(text(), \"Business Confirm\")]"}
RESULT: {"using":"xpath","value":"//bdi[contains(text(), \"Business Confirm\")]"}
COMMAND: POST /session/371b8fcef450a364efde700f21fc0eae/element/f.FFD2F70B7356459FE22D1016ABDF7B9E.d.943AAF4803786248F401E4DF7F34F067.e.21004/click - {}
COMMAND: POST /session/371b8fcef450a364efde700f21fc0eae/element - {"using":"xpath","value":"//bdi[contains(text(), \"Business Confirm\")]"}
RESULT: {"using":"xpath","value":"//bdi[contains(text(), \"Business Confirm\")]"}
COMMAND: POST /session/371b8fcef450a364efde700f21fc0eae/element/f.FFD2F70B7356459FE22D1016ABDF7B9E.d.943AAF4803786248F401E4DF7F34F067.e.21044/click - {}
RESULT: {}
COMMAND: POST /session/371b8fcef450a364efde700f21fc0eae/element - {"using":"css selector","value":"#shell-header-logo"}
COMMAND: GET /session/371b8fcef450a364efde700f21fc0eae/screenshot - {}
RESULT: {"using":"css selector","value":"#shell-header-logo"}
COMMAND: POST /session/371b8fcef450a364efde700f21fc0eae/element/f.FFD2F70B7356459FE22D1016ABDF7B9E.d.943AAF4803786248F401E4DF7F34F067.e.20738/click - {}
RESULT: {}
RESULT: {}
COMMAND: GET /session/371b8fcef450a364efde700f21fc0eae/screenshot - {}
RESULT: {}
]]></system-out>
    </testcase>
    <testcase classname="chrome.135_0_7049_96.windows.Create_Reverse_Billing_US127248" name="Should go into Billing Transfer and reverse the billing" time="35.442">
      <system-out><![CDATA[
COMMAND: POST /session/371b8fcef450a364efde700f21fc0eae/execute/async - {"script":"<script> [1562 bytes]","args":[{"selector":{"controlType":"sap.m.GenericTile","properties":{"header":"Billing Transfer"}},"wdio_ui5_key":"sapm.GenericTile{\"header\":\"Billing Transfer\"}"}]}
RESULT: {"script":"<script> [1562 bytes]","args":[{"selector":{"controlType":"sap.m.GenericTile","properties":{"header":"Billing Transfer"}},"wdio_ui5_key":"sapm.GenericTile{\"header\":\"Billing Transfer\"}"}]}
RESULT: undefined
COMMAND: POST /session/371b8fcef450a364efde700f21fc0eae/element - {"using":"xpath","value":"//*[@id=\"__tile50\"]"}
RESULT: {"using":"xpath","value":"//*[@id=\"__tile50\"]"}
COMMAND: POST /session/371b8fcef450a364efde700f21fc0eae/element/f.FFD2F70B7356459FE22D1016ABDF7B9E.d.943AAF4803786248F401E4DF7F34F067.e.17458/click - {}
RESULT: {}
COMMAND: POST /session/371b8fcef450a364efde700f21fc0eae/element - {"using":"xpath","value":"//input[contains(@id ,\"application-billingtransfer-display-component---billingWorkbench--smartFilterBar-btnBasicSearch\")]"}
COMMAND: GET /session/371b8fcef450a364efde700f21fc0eae/screenshot - {}
RESULT: {"using":"xpath","value":"//input[contains(@id ,\"application-billingtransfer-display-component---billingWorkbench--smartFilterBar-btnBasicSearch\")]"}
COMMAND: POST /session/371b8fcef450a364efde700f21fc0eae/elements - {"using":"xpath","value":"//input[contains(@id ,\"application-billingtransfer-display-component---billingWorkbench--smartFilterBar-btnBasicSearch\")]"}
RESULT: {}
RESULT: {"using":"xpath","value":"//input[contains(@id ,\"application-billingtransfer-display-component---billingWorkbench--smartFilterBar-btnBasicSearch\")]"}
COMMAND: POST /session/371b8fcef450a364efde700f21fc0eae/element - {"using":"xpath","value":"//input[contains(@id ,\"application-billingtransfer-display-component---billingWorkbench--smartFilterBar-btnBasicSearch\")]"}
RESULT: {"using":"xpath","value":"//input[contains(@id ,\"application-billingtransfer-display-component---billingWorkbench--smartFilterBar-btnBasicSearch\")]"}
COMMAND: POST /session/371b8fcef450a364efde700f21fc0eae/execute/sync - {"script":"<script> [8489 bytes]","args":[{"element-6066-11e4-a52e-4f735466cecf":"f.FFD2F70B7356459FE22D1016ABDF7B9E.d.943AAF4803786248F401E4DF7F34F067.e.21070","ELEMENT":"f.FFD2F70B7356459FE22D1016ABDF7B9E.d.943AAF4803786248F401E4DF7F34F067.e.21070"}]}
RESULT: {"script":"<script> [8489 bytes]","args":[{"element-6066-11e4-a52e-4f735466cecf":"f.FFD2F70B7356459FE22D1016ABDF7B9E.d.943AAF4803786248F401E4DF7F34F067.e.21070","ELEMENT":"f.FFD2F70B7356459FE22D1016ABDF7B9E.d.943AAF4803786248F401E4DF7F34F067.e.21070"}]}
COMMAND: GET /session/371b8fcef450a364efde700f21fc0eae/element/f.FFD2F70B7356459FE22D1016ABDF7B9E.d.943AAF4803786248F401E4DF7F34F067.e.21070/enabled - {}
COMMAND: GET /session/371b8fcef450a364efde700f21fc0eae/screenshot - {}
RESULT: {}
COMMAND: POST /session/371b8fcef450a364efde700f21fc0eae/element/f.FFD2F70B7356459FE22D1016ABDF7B9E.d.943AAF4803786248F401E4DF7F34F067.e.21070/click - {}
COMMAND: GET /session/371b8fcef450a364efde700f21fc0eae/screenshot - {}
RESULT: {}
RESULT: {}
COMMAND: GET /session/371b8fcef450a364efde700f21fc0eae/screenshot - {}
RESULT: {}
RESULT: {}
COMMAND: POST /session/371b8fcef450a364efde700f21fc0eae/element/f.FFD2F70B7356459FE22D1016ABDF7B9E.d.943AAF4803786248F401E4DF7F34F067.e.21070/clear - {}
RESULT: {}
COMMAND: POST /session/371b8fcef450a364efde700f21fc0eae/element/f.FFD2F70B7356459FE22D1016ABDF7B9E.d.943AAF4803786248F401E4DF7F34F067.e.21070/value - {"text":"10471"}
COMMAND: GET /session/371b8fcef450a364efde700f21fc0eae/screenshot - {}
RESULT: {"text":"10471"}
COMMAND: POST /session/371b8fcef450a364efde700f21fc0eae/actions - {"actions":[{"id":"action70","type":"key","parameters":{},"actions":[{"type":"keyDown","value":"î€‡"},{"type":"pause","duration":10},{"type":"keyUp","value":"î€‡"}]}]}
COMMAND: GET /session/371b8fcef450a364efde700f21fc0eae/screenshot - {}
RESULT: {}
RESULT: {"actions":[{"id":"action70","type":"key","parameters":{},"actions":[{"type":"keyDown","value":"î€‡"},{"type":"pause","duration":10},{"type":"keyUp","value":"î€‡"}]}]}
COMMAND: GET /session/371b8fcef450a364efde700f21fc0eae/screenshot - {}
RESULT: {}
RESULT: {}
COMMAND: POST /session/371b8fcef450a364efde700f21fc0eae/element - {"using":"xpath","value":"//span[contains(@id ,\"application-billingtransfer-display-component---billingWorkbench--smartTableBillingRuns-header-inner\")]"}
RESULT: {"using":"xpath","value":"//span[contains(@id ,\"application-billingtransfer-display-component---billingWorkbench--smartTableBillingRuns-header-inner\")]"}
COMMAND: POST /session/371b8fcef450a364efde700f21fc0eae/elements - {"using":"xpath","value":"//span[contains(@id ,\"application-billingtransfer-display-component---billingWorkbench--smartTableBillingRuns-header-inner\")]"}
RESULT: {"using":"xpath","value":"//span[contains(@id ,\"application-billingtransfer-display-component---billingWorkbench--smartTableBillingRuns-header-inner\")]"}
COMMAND: POST /session/371b8fcef450a364efde700f21fc0eae/execute/sync - {"script":"<script> [56 bytes]","args":[{"element-6066-11e4-a52e-4f735466cecf":"f.FFD2F70B7356459FE22D1016ABDF7B9E.d.943AAF4803786248F401E4DF7F34F067.e.21299","ELEMENT":"f.FFD2F70B7356459FE22D1016ABDF7B9E.d.943AAF4803786248F401E4DF7F34F067.e.21299"}]}
RESULT: {"script":"<script> [56 bytes]","args":[{"element-6066-11e4-a52e-4f735466cecf":"f.FFD2F70B7356459FE22D1016ABDF7B9E.d.943AAF4803786248F401E4DF7F34F067.e.21299","ELEMENT":"f.FFD2F70B7356459FE22D1016ABDF7B9E.d.943AAF4803786248F401E4DF7F34F067.e.21299"}]}
COMMAND: POST /session/371b8fcef450a364efde700f21fc0eae/element - {"using":"xpath","value":"//td[@aria-colindex=\"1\"]/div/div[contains(@class, \"sapMCbBg\")]"}
COMMAND: GET /session/371b8fcef450a364efde700f21fc0eae/screenshot - {}
RESULT: {"using":"xpath","value":"//td[@aria-colindex=\"1\"]/div/div[contains(@class, \"sapMCbBg\")]"}
COMMAND: POST /session/371b8fcef450a364efde700f21fc0eae/element/f.FFD2F70B7356459FE22D1016ABDF7B9E.d.943AAF4803786248F401E4DF7F34F067.e.21290/click - {}
RESULT: {}
RESULT: {}
COMMAND: GET /session/371b8fcef450a364efde700f21fc0eae/screenshot - {}
RESULT: {}
COMMAND: POST /session/371b8fcef450a364efde700f21fc0eae/element - {"using":"xpath","value":"//bdi[contains(text(), \"Reverse\")]"}
RESULT: {"using":"xpath","value":"//bdi[contains(text(), \"Reverse\")]"}
COMMAND: POST /session/371b8fcef450a364efde700f21fc0eae/element/f.FFD2F70B7356459FE22D1016ABDF7B9E.d.943AAF4803786248F401E4DF7F34F067.e.21300/click - {}
RESULT: {}
COMMAND: GET /session/371b8fcef450a364efde700f21fc0eae/screenshot - {}
RESULT: {}
COMMAND: POST /session/371b8fcef450a364efde700f21fc0eae/element - {"using":"xpath","value":"//input[contains(@id ,\"application-billingtransfer-display-component---billingWorkbench--smartFilterBar-btnBasicSearch\")]"}
RESULT: {"using":"xpath","value":"//input[contains(@id ,\"application-billingtransfer-display-component---billingWorkbench--smartFilterBar-btnBasicSearch\")]"}
COMMAND: POST /session/371b8fcef450a364efde700f21fc0eae/elements - {"using":"xpath","value":"//input[contains(@id ,\"application-billingtransfer-display-component---billingWorkbench--smartFilterBar-btnBasicSearch\")]"}
RESULT: {"using":"xpath","value":"//input[contains(@id ,\"application-billingtransfer-display-component---billingWorkbench--smartFilterBar-btnBasicSearch\")]"}
COMMAND: POST /session/371b8fcef450a364efde700f21fc0eae/execute/sync - {"script":"<script> [8489 bytes]","args":[{"element-6066-11e4-a52e-4f735466cecf":"f.FFD2F70B7356459FE22D1016ABDF7B9E.d.943AAF4803786248F401E4DF7F34F067.e.21070","ELEMENT":"f.FFD2F70B7356459FE22D1016ABDF7B9E.d.943AAF4803786248F401E4DF7F34F067.e.21070"}]}
RESULT: {"script":"<script> [8489 bytes]","args":[{"element-6066-11e4-a52e-4f735466cecf":"f.FFD2F70B7356459FE22D1016ABDF7B9E.d.943AAF4803786248F401E4DF7F34F067.e.21070","ELEMENT":"f.FFD2F70B7356459FE22D1016ABDF7B9E.d.943AAF4803786248F401E4DF7F34F067.e.21070"}]}
COMMAND: GET /session/371b8fcef450a364efde700f21fc0eae/element/f.FFD2F70B7356459FE22D1016ABDF7B9E.d.943AAF4803786248F401E4DF7F34F067.e.21070/enabled - {}
COMMAND: GET /session/371b8fcef450a364efde700f21fc0eae/screenshot - {}
RESULT: {}
COMMAND: POST /session/371b8fcef450a364efde700f21fc0eae/element/f.FFD2F70B7356459FE22D1016ABDF7B9E.d.943AAF4803786248F401E4DF7F34F067.e.21070/click - {}
COMMAND: GET /session/371b8fcef450a364efde700f21fc0eae/screenshot - {}
RESULT: {}
RESULT: {}
COMMAND: GET /session/371b8fcef450a364efde700f21fc0eae/screenshot - {}
RESULT: {}
RESULT: {}
COMMAND: POST /session/371b8fcef450a364efde700f21fc0eae/element/f.FFD2F70B7356459FE22D1016ABDF7B9E.d.943AAF4803786248F401E4DF7F34F067.e.21070/clear - {}
RESULT: {}
COMMAND: POST /session/371b8fcef450a364efde700f21fc0eae/element/f.FFD2F70B7356459FE22D1016ABDF7B9E.d.943AAF4803786248F401E4DF7F34F067.e.21070/value - {"text":"10471"}
COMMAND: GET /session/371b8fcef450a364efde700f21fc0eae/screenshot - {}
RESULT: {"text":"10471"}
COMMAND: POST /session/371b8fcef450a364efde700f21fc0eae/actions - {"actions":[{"id":"action71","type":"key","parameters":{},"actions":[{"type":"keyDown","value":"î€‡"},{"type":"pause","duration":10},{"type":"keyUp","value":"î€‡"}]}]}
COMMAND: GET /session/371b8fcef450a364efde700f21fc0eae/screenshot - {}
RESULT: {}
RESULT: {"actions":[{"id":"action71","type":"key","parameters":{},"actions":[{"type":"keyDown","value":"î€‡"},{"type":"pause","duration":10},{"type":"keyUp","value":"î€‡"}]}]}
COMMAND: GET /session/371b8fcef450a364efde700f21fc0eae/screenshot - {}
RESULT: {}
RESULT: {}
COMMAND: POST /session/371b8fcef450a364efde700f21fc0eae/element - {"using":"xpath","value":"//span[contains(@id ,\"application-billingtransfer-display-component---billingWorkbench--smartTableBillingRuns-header-inner\")]"}
RESULT: {"using":"xpath","value":"//span[contains(@id ,\"application-billingtransfer-display-component---billingWorkbench--smartTableBillingRuns-header-inner\")]"}
COMMAND: POST /session/371b8fcef450a364efde700f21fc0eae/elements - {"using":"xpath","value":"//span[contains(@id ,\"application-billingtransfer-display-component---billingWorkbench--smartTableBillingRuns-header-inner\")]"}
RESULT: {"using":"xpath","value":"//span[contains(@id ,\"application-billingtransfer-display-component---billingWorkbench--smartTableBillingRuns-header-inner\")]"}
COMMAND: POST /session/371b8fcef450a364efde700f21fc0eae/execute/sync - {"script":"<script> [56 bytes]","args":[{"element-6066-11e4-a52e-4f735466cecf":"f.FFD2F70B7356459FE22D1016ABDF7B9E.d.943AAF4803786248F401E4DF7F34F067.e.21299","ELEMENT":"f.FFD2F70B7356459FE22D1016ABDF7B9E.d.943AAF4803786248F401E4DF7F34F067.e.21299"}]}
RESULT: {"script":"<script> [56 bytes]","args":[{"element-6066-11e4-a52e-4f735466cecf":"f.FFD2F70B7356459FE22D1016ABDF7B9E.d.943AAF4803786248F401E4DF7F34F067.e.21299","ELEMENT":"f.FFD2F70B7356459FE22D1016ABDF7B9E.d.943AAF4803786248F401E4DF7F34F067.e.21299"}]}
COMMAND: POST /session/371b8fcef450a364efde700f21fc0eae/element - {"using":"css selector","value":"#shell-header-logo"}
COMMAND: GET /session/371b8fcef450a364efde700f21fc0eae/screenshot - {}
RESULT: {"using":"css selector","value":"#shell-header-logo"}
COMMAND: POST /session/371b8fcef450a364efde700f21fc0eae/element/f.FFD2F70B7356459FE22D1016ABDF7B9E.d.943AAF4803786248F401E4DF7F34F067.e.21068/click - {}
RESULT: {}
RESULT: {}
COMMAND: GET /session/371b8fcef450a364efde700f21fc0eae/screenshot - {}
RESULT: {}
COMMAND: DELETE /session/371b8fcef450a364efde700f21fc0eae - {}
RESULT: {}
]]></system-out>
    </testcase>
  </testsuite>
</testsuites>