<?xml version="1.0" encoding="UTF-8"?>
<testsuites tests="9" failures="1" errors="1" skipped="0">
  <testsuite timestamp="2025-05-28T17:57:36" time="803.259" tests="9" failures="1" errors="1" skipped="0">
    <properties>
      <property name="specId" value="0"/>
      <property name="suiteName" value="Address Management Tests US156181 US151165 US151160 US156180 US156178 US151157 US151172 US151170 US151166 US151168"/>
      <property name="capabilities" value="chrome.136_0_7103_93.windows"/>
      <property name="file" value="file:///D:/a/1/s/test/specs/BTS/address-management.spec.js"/>
    </properties>
    <testcase classname="chrome.136_0_7103_93.windows.Address_Management_Tests_US156181_US151165_US151160_US156180_US156178_US151157_US151172_US151170_US151166_US151168" name="Step 1 Will check existence of address created with generated name if none then we create US156181" time="89.423">
      <system-out><![CDATA[
COMMAND: POST /session/b9813d2d4a2a80b357083dca97fefc0e/execute/async - {"script":"<script> [1562 bytes]","args":[{"selector":{"controlType":"sap.m.GenericTile","properties":{"header":"Address Management"}},"wdio_ui5_key":"sapm.GenericTile{\"header\":\"Address Management\"}"}]}
RESULT: {"script":"<script> [1562 bytes]","args":[{"selector":{"controlType":"sap.m.GenericTile","properties":{"header":"Address Management"}},"wdio_ui5_key":"sapm.GenericTile{\"header\":\"Address Management\"}"}]}
RESULT: undefined
COMMAND: POST /session/b9813d2d4a2a80b357083dca97fefc0e/element - {"using":"xpath","value":"//*[@id=\"__tile33\"]"}
RESULT: {"using":"xpath","value":"//*[@id=\"__tile33\"]"}
COMMAND: POST /session/b9813d2d4a2a80b357083dca97fefc0e/element/f.E51E61EF4515A4333B035E485DBAD5B4.d.9D40662B388766D47B3D9AE7FB841F51.e.217/click - {}
RESULT: {}
COMMAND: GET /session/b9813d2d4a2a80b357083dca97fefc0e/screenshot - {}
RESULT: {}
COMMAND: POST /session/b9813d2d4a2a80b357083dca97fefc0e/elements - {"using":"xpath","value":"//span[text()='Error']"}
RESULT: {"using":"xpath","value":"//span[text()='Error']"}
COMMAND: POST /session/b9813d2d4a2a80b357083dca97fefc0e/element - {"using":"xpath","value":"//button[@data-kt=\"addButton\"]"}
RESULT: {"using":"xpath","value":"//button[@data-kt=\"addButton\"]"}
COMMAND: POST /session/b9813d2d4a2a80b357083dca97fefc0e/elements - {"using":"xpath","value":"//button[@data-kt=\"addButton\"]"}
RESULT: {"using":"xpath","value":"//button[@data-kt=\"addButton\"]"}
COMMAND: POST /session/b9813d2d4a2a80b357083dca97fefc0e/elements - {"using":"xpath","value":"//button[@data-kt=\"addButton\"]"}
RESULT: {"using":"xpath","value":"//button[@data-kt=\"addButton\"]"}
COMMAND: POST /session/b9813d2d4a2a80b357083dca97fefc0e/elements - {"using":"xpath","value":"//button[@data-kt=\"addButton\"]"}
RESULT: {"using":"xpath","value":"//button[@data-kt=\"addButton\"]"}
COMMAND: POST /session/b9813d2d4a2a80b357083dca97fefc0e/elements - {"using":"xpath","value":"//button[@data-kt=\"addButton\"]"}
RESULT: {"using":"xpath","value":"//button[@data-kt=\"addButton\"]"}
COMMAND: POST /session/b9813d2d4a2a80b357083dca97fefc0e/elements - {"using":"xpath","value":"//button[@data-kt=\"addButton\"]"}
RESULT: {"using":"xpath","value":"//button[@data-kt=\"addButton\"]"}
COMMAND: POST /session/b9813d2d4a2a80b357083dca97fefc0e/elements - {"using":"xpath","value":"//button[@data-kt=\"addButton\"]"}
RESULT: {"using":"xpath","value":"//button[@data-kt=\"addButton\"]"}
COMMAND: POST /session/b9813d2d4a2a80b357083dca97fefc0e/elements - {"using":"xpath","value":"//button[@data-kt=\"addButton\"]"}
RESULT: {"using":"xpath","value":"//button[@data-kt=\"addButton\"]"}
COMMAND: POST /session/b9813d2d4a2a80b357083dca97fefc0e/elements - {"using":"xpath","value":"//button[@data-kt=\"addButton\"]"}
RESULT: {"using":"xpath","value":"//button[@data-kt=\"addButton\"]"}
COMMAND: POST /session/b9813d2d4a2a80b357083dca97fefc0e/elements - {"using":"xpath","value":"//button[@data-kt=\"addButton\"]"}
RESULT: {"using":"xpath","value":"//button[@data-kt=\"addButton\"]"}
COMMAND: POST /session/b9813d2d4a2a80b357083dca97fefc0e/elements - {"using":"xpath","value":"//button[@data-kt=\"addButton\"]"}
RESULT: {"using":"xpath","value":"//button[@data-kt=\"addButton\"]"}
COMMAND: POST /session/b9813d2d4a2a80b357083dca97fefc0e/elements - {"using":"xpath","value":"//button[@data-kt=\"addButton\"]"}
RESULT: {"using":"xpath","value":"//button[@data-kt=\"addButton\"]"}
COMMAND: POST /session/b9813d2d4a2a80b357083dca97fefc0e/elements - {"using":"xpath","value":"//button[@data-kt=\"addButton\"]"}
RESULT: {"using":"xpath","value":"//button[@data-kt=\"addButton\"]"}
COMMAND: POST /session/b9813d2d4a2a80b357083dca97fefc0e/elements - {"using":"xpath","value":"//button[@data-kt=\"addButton\"]"}
RESULT: {"using":"xpath","value":"//button[@data-kt=\"addButton\"]"}
COMMAND: POST /session/b9813d2d4a2a80b357083dca97fefc0e/elements - {"using":"xpath","value":"//button[@data-kt=\"addButton\"]"}
RESULT: {"using":"xpath","value":"//button[@data-kt=\"addButton\"]"}
COMMAND: POST /session/b9813d2d4a2a80b357083dca97fefc0e/element - {"using":"xpath","value":"//button[@data-kt=\"addButton\"]"}
RESULT: {"using":"xpath","value":"//button[@data-kt=\"addButton\"]"}
COMMAND: POST /session/b9813d2d4a2a80b357083dca97fefc0e/execute/sync - {"script":"<script> [8489 bytes]","args":[{"element-6066-11e4-a52e-4f735466cecf":"f.E51E61EF4515A4333B035E485DBAD5B4.d.9D40662B388766D47B3D9AE7FB841F51.e.293","ELEMENT":"f.E51E61EF4515A4333B035E485DBAD5B4.d.9D40662B388766D47B3D9AE7FB841F51.e.293"}]}
RESULT: {"script":"<script> [8489 bytes]","args":[{"element-6066-11e4-a52e-4f735466cecf":"f.E51E61EF4515A4333B035E485DBAD5B4.d.9D40662B388766D47B3D9AE7FB841F51.e.293","ELEMENT":"f.E51E61EF4515A4333B035E485DBAD5B4.d.9D40662B388766D47B3D9AE7FB841F51.e.293"}]}
COMMAND: GET /session/b9813d2d4a2a80b357083dca97fefc0e/element/f.E51E61EF4515A4333B035E485DBAD5B4.d.9D40662B388766D47B3D9AE7FB841F51.e.293/enabled - {}
COMMAND: GET /session/b9813d2d4a2a80b357083dca97fefc0e/screenshot - {}
RESULT: {}
COMMAND: POST /session/b9813d2d4a2a80b357083dca97fefc0e/execute/sync - {"script":"<script> [8489 bytes]","args":[{"element-6066-11e4-a52e-4f735466cecf":"f.E51E61EF4515A4333B035E485DBAD5B4.d.9D40662B388766D47B3D9AE7FB841F51.e.293","ELEMENT":"f.E51E61EF4515A4333B035E485DBAD5B4.d.9D40662B388766D47B3D9AE7FB841F51.e.293"}]}
COMMAND: GET /session/b9813d2d4a2a80b357083dca97fefc0e/screenshot - {}
RESULT: {}
RESULT: {"script":"<script> [8489 bytes]","args":[{"element-6066-11e4-a52e-4f735466cecf":"f.E51E61EF4515A4333B035E485DBAD5B4.d.9D40662B388766D47B3D9AE7FB841F51.e.293","ELEMENT":"f.E51E61EF4515A4333B035E485DBAD5B4.d.9D40662B388766D47B3D9AE7FB841F51.e.293"}]}
COMMAND: POST /session/b9813d2d4a2a80b357083dca97fefc0e/execute/sync - {"script":"<script> [5351 bytes]","args":[{"element-6066-11e4-a52e-4f735466cecf":"f.E51E61EF4515A4333B035E485DBAD5B4.d.9D40662B388766D47B3D9AE7FB841F51.e.293","ELEMENT":"f.E51E61EF4515A4333B035E485DBAD5B4.d.9D40662B388766D47B3D9AE7FB841F51.e.293"}]}
COMMAND: GET /session/b9813d2d4a2a80b357083dca97fefc0e/screenshot - {}
RESULT: {}
RESULT: {"script":"<script> [5351 bytes]","args":[{"element-6066-11e4-a52e-4f735466cecf":"f.E51E61EF4515A4333B035E485DBAD5B4.d.9D40662B388766D47B3D9AE7FB841F51.e.293","ELEMENT":"f.E51E61EF4515A4333B035E485DBAD5B4.d.9D40662B388766D47B3D9AE7FB841F51.e.293"}]}
COMMAND: GET /session/b9813d2d4a2a80b357083dca97fefc0e/screenshot - {}
RESULT: {}
RESULT: {}
COMMAND: POST /session/b9813d2d4a2a80b357083dca97fefc0e/execute/async - {"script":"<script> [1562 bytes]","args":[{"selector":{"id":"application-addressmanagement-display-component---masterAdm--smartFilterBar-btnBasicSearch","interaction":{"idSuffix":"I"}},"wdio_ui5_key":"applicationaddressmanagement-display-component---masterAdm--smartFilterBar-btnBasicSearch"}]}
RESULT: {"script":"<script> [1562 bytes]","args":[{"selector":{"id":"application-addressmanagement-display-component---masterAdm--smartFilterBar-btnBasicSearch","interaction":{"idSuffix":"I"}},"wdio_ui5_key":"applicationaddressmanagement-display-component---masterAdm--smartFilterBar-btnBasicSearch"}]}
RESULT: undefined
COMMAND: POST /session/b9813d2d4a2a80b357083dca97fefc0e/execute/async - {"script":"<script> [776 bytes]","args":[{"enterText":"aSSN2oxcQb","selector":{"id":"application-addressmanagement-display-component---masterAdm--smartFilterBar-btnBasicSearch","interaction":{"idSuffix":"I"}},"clearTextFirst":true,"interactionType":"ENTER_TEXT"}]}
RESULT: {"script":"<script> [776 bytes]","args":[{"enterText":"aSSN2oxcQb","selector":{"id":"application-addressmanagement-display-component---masterAdm--smartFilterBar-btnBasicSearch","interaction":{"idSuffix":"I"}},"clearTextFirst":true,"interactionType":"ENTER_TEXT"}]}
COMMAND: POST /session/b9813d2d4a2a80b357083dca97fefc0e/actions - {"actions":[{"id":"action1","type":"key","parameters":{},"actions":[{"type":"keyDown","value":""},{"type":"pause","duration":10},{"type":"keyUp","value":""}]}]}
RESULT: {"actions":[{"id":"action1","type":"key","parameters":{},"actions":[{"type":"keyDown","value":""},{"type":"pause","duration":10},{"type":"keyUp","value":""}]}]}
COMMAND: GET /session/b9813d2d4a2a80b357083dca97fefc0e/screenshot - {}
RESULT: {}
COMMAND: POST /session/b9813d2d4a2a80b357083dca97fefc0e/elements - {"using":"xpath","value":"//table[contains(@id, \"customPersonsAddressesTable-listUl\")]/tbody/tr"}
RESULT: {"using":"xpath","value":"//table[contains(@id, \"customPersonsAddressesTable-listUl\")]/tbody/tr"}
COMMAND: POST /session/b9813d2d4a2a80b357083dca97fefc0e/element - {"using":"xpath","value":"//table[contains(@id, \"customPersonsAddressesTable-listUl\")]/tbody/tr[1]/td[5]/span/span"}
RESULT: {"using":"xpath","value":"//table[contains(@id, \"customPersonsAddressesTable-listUl\")]/tbody/tr[1]/td[5]/span/span"}
COMMAND: POST /session/b9813d2d4a2a80b357083dca97fefc0e/element - {"using":"xpath","value":"//table[contains(@id, \"customPersonsAddressesTable-listUl\")]/tbody/tr[1]/td[3]/span"}
RESULT: {"using":"xpath","value":"//table[contains(@id, \"customPersonsAddressesTable-listUl\")]/tbody/tr[1]/td[3]/span"}
COMMAND: POST /session/b9813d2d4a2a80b357083dca97fefc0e/elements - {"using":"xpath","value":"//table[contains(@id, \"customPersonsAddressesTable-listUl\")]/tbody/tr[1]/td[5]/span/span"}
RESULT: {"using":"xpath","value":"//table[contains(@id, \"customPersonsAddressesTable-listUl\")]/tbody/tr[1]/td[5]/span/span"}
COMMAND: POST /session/b9813d2d4a2a80b357083dca97fefc0e/element - {"using":"xpath","value":"//span[@id=\"application-addressmanagement-display-component---masterAdm--smartTable-header-inner\"]"}
RESULT: {"using":"xpath","value":"//span[@id=\"application-addressmanagement-display-component---masterAdm--smartTable-header-inner\"]"}
COMMAND: POST /session/b9813d2d4a2a80b357083dca97fefc0e/elements - {"using":"xpath","value":"//span[@id=\"application-addressmanagement-display-component---masterAdm--smartTable-header-inner\"]"}
RESULT: {"using":"xpath","value":"//span[@id=\"application-addressmanagement-display-component---masterAdm--smartTable-header-inner\"]"}
COMMAND: POST /session/b9813d2d4a2a80b357083dca97fefc0e/execute/sync - {"script":"<script> [56 bytes]","args":[{"element-6066-11e4-a52e-4f735466cecf":"f.E51E61EF4515A4333B035E485DBAD5B4.d.9D40662B388766D47B3D9AE7FB841F51.e.434","ELEMENT":"f.E51E61EF4515A4333B035E485DBAD5B4.d.9D40662B388766D47B3D9AE7FB841F51.e.434"}]}
RESULT: {"script":"<script> [56 bytes]","args":[{"element-6066-11e4-a52e-4f735466cecf":"f.E51E61EF4515A4333B035E485DBAD5B4.d.9D40662B388766D47B3D9AE7FB841F51.e.434","ELEMENT":"f.E51E61EF4515A4333B035E485DBAD5B4.d.9D40662B388766D47B3D9AE7FB841F51.e.434"}]}
COMMAND: POST /session/b9813d2d4a2a80b357083dca97fefc0e/element - {"using":"xpath","value":"//button[@data-kt=\"addButton\"]"}
COMMAND: GET /session/b9813d2d4a2a80b357083dca97fefc0e/screenshot - {}
RESULT: {"using":"xpath","value":"//button[@data-kt=\"addButton\"]"}
COMMAND: POST /session/b9813d2d4a2a80b357083dca97fefc0e/element/f.E51E61EF4515A4333B035E485DBAD5B4.d.9D40662B388766D47B3D9AE7FB841F51.e.293/click - {}
RESULT: {}
RESULT: {}
COMMAND: GET /session/b9813d2d4a2a80b357083dca97fefc0e/screenshot - {}
RESULT: {}
COMMAND: POST /session/b9813d2d4a2a80b357083dca97fefc0e/execute/async - {"script":"<script> [1562 bytes]","args":[{"selector":{"controlType":"sap.ui.core.Icon","viewName":"etm.portal.ui.addressmanagement.view.NewAddress","properties":{"src":{"regex":{"source":"slim\\-arrow\\-down"}}},"ancestor":{"id":"addressTitle","viewName":"etm.portal.ui.addressmanagement.view.NewAddress"}},"wdio_ui5_key":"etmportal.ui.addressmanagement.view.NewAddresssap.ui.core.Icon{\"src\":{\"regex\":{\"source\":\"slim\\\\-arrow\\\\-down\"}}}{\"id\":\"addressTitle\",\"viewName\":\"etm.portal.ui.addressmanagement.view.NewAddress\"}"}]}
RESULT: {"script":"<script> [1562 bytes]","args":[{"selector":{"controlType":"sap.ui.core.Icon","viewName":"etm.portal.ui.addressmanagement.view.NewAddress","properties":{"src":{"regex":{"source":"slim\\-arrow\\-down"}}},"ancestor":{"id":"addressTitle","viewName":"etm.portal.ui.addressmanagement.view.NewAddress"}},"wdio_ui5_key":"etmportal.ui.addressmanagement.view.NewAddresssap.ui.core.Icon{\"src\":{\"regex\":{\"source\":\"slim\\\\-arrow\\\\-down\"}}}{\"id\":\"addressTitle\",\"viewName\":\"etm.portal.ui.addressmanagement.view.NewAddress\"}"}]}
RESULT: undefined
COMMAND: POST /session/b9813d2d4a2a80b357083dca97fefc0e/element - {"using":"xpath","value":"//*[@id=\"__xmlview58--addressTitle-arrow\"]"}
RESULT: {"using":"xpath","value":"//*[@id=\"__xmlview58--addressTitle-arrow\"]"}
COMMAND: POST /session/b9813d2d4a2a80b357083dca97fefc0e/element/f.E51E61EF4515A4333B035E485DBAD5B4.d.9D40662B388766D47B3D9AE7FB841F51.e.465/click - {}
RESULT: {}
COMMAND: GET /session/b9813d2d4a2a80b357083dca97fefc0e/screenshot - {}
RESULT: {}
COMMAND: POST /session/b9813d2d4a2a80b357083dca97fefc0e/element - {"using":"xpath","value":"//li[.//span[text()=\"Dr.\"]]"}
RESULT: {"using":"xpath","value":"//li[.//span[text()=\"Dr.\"]]"}
COMMAND: POST /session/b9813d2d4a2a80b357083dca97fefc0e/element/f.E51E61EF4515A4333B035E485DBAD5B4.d.9D40662B388766D47B3D9AE7FB841F51.e.575/click - {}
RESULT: {}
COMMAND: POST /session/b9813d2d4a2a80b357083dca97fefc0e/execute/async - {"script":"<script> [1562 bytes]","args":[{"selector":{"controlType":"sap.ui.core.Icon","viewName":"etm.portal.ui.addressmanagement.view.NewAddress","properties":{"src":{"regex":{"source":"slim\\-arrow\\-down"}}},"ancestor":{"id":"addressDetailDetailsLanguage","viewName":"etm.portal.ui.addressmanagement.view.NewAddress"}},"wdio_ui5_key":"etmportal.ui.addressmanagement.view.NewAddresssap.ui.core.Icon{\"src\":{\"regex\":{\"source\":\"slim\\\\-arrow\\\\-down\"}}}{\"id\":\"addressDetailDetailsLanguage\",\"viewName\":\"etm.portal.ui.addressmanagement.view.NewAddress\"}"}]}
COMMAND: GET /session/b9813d2d4a2a80b357083dca97fefc0e/screenshot - {}
RESULT: {"script":"<script> [1562 bytes]","args":[{"selector":{"controlType":"sap.ui.core.Icon","viewName":"etm.portal.ui.addressmanagement.view.NewAddress","properties":{"src":{"regex":{"source":"slim\\-arrow\\-down"}}},"ancestor":{"id":"addressDetailDetailsLanguage","viewName":"etm.portal.ui.addressmanagement.view.NewAddress"}},"wdio_ui5_key":"etmportal.ui.addressmanagement.view.NewAddresssap.ui.core.Icon{\"src\":{\"regex\":{\"source\":\"slim\\\\-arrow\\\\-down\"}}}{\"id\":\"addressDetailDetailsLanguage\",\"viewName\":\"etm.portal.ui.addressmanagement.view.NewAddress\"}"}]}
RESULT: undefined
COMMAND: POST /session/b9813d2d4a2a80b357083dca97fefc0e/element - {"using":"xpath","value":"//*[@id=\"__xmlview58--addressDetailDetailsLanguage-arrow\"]"}
RESULT: {}
RESULT: {"using":"xpath","value":"//*[@id=\"__xmlview58--addressDetailDetailsLanguage-arrow\"]"}
COMMAND: POST /session/b9813d2d4a2a80b357083dca97fefc0e/element/f.E51E61EF4515A4333B035E485DBAD5B4.d.9D40662B388766D47B3D9AE7FB841F51.e.478/click - {}
RESULT: {}
COMMAND: GET /session/b9813d2d4a2a80b357083dca97fefc0e/screenshot - {}
RESULT: {}
COMMAND: POST /session/b9813d2d4a2a80b357083dca97fefc0e/element - {"using":"xpath","value":"//span[contains(text(), \"English\")]"}
RESULT: {"using":"xpath","value":"//span[contains(text(), \"English\")]"}
COMMAND: POST /session/b9813d2d4a2a80b357083dca97fefc0e/element/f.E51E61EF4515A4333B035E485DBAD5B4.d.9D40662B388766D47B3D9AE7FB841F51.e.576/click - {}
RESULT: {}
COMMAND: POST /session/b9813d2d4a2a80b357083dca97fefc0e/execute/async - {"script":"<script> [1562 bytes]","args":[{"selector":{"controlType":"sap.m.Input","viewName":"etm.portal.ui.addressmanagement.view.NewAddress","labelFor":{"text":"Name"},"interaction":{"idSuffix":"inner"}},"wdio_ui5_key":"etmportal.ui.addressmanagement.view.NewAddresssap.m.Input{\"text\":\"Name\"}"}]}
COMMAND: GET /session/b9813d2d4a2a80b357083dca97fefc0e/screenshot - {}
RESULT: {"script":"<script> [1562 bytes]","args":[{"selector":{"controlType":"sap.m.Input","viewName":"etm.portal.ui.addressmanagement.view.NewAddress","labelFor":{"text":"Name"},"interaction":{"idSuffix":"inner"}},"wdio_ui5_key":"etmportal.ui.addressmanagement.view.NewAddresssap.m.Input{\"text\":\"Name\"}"}]}
RESULT: undefined
COMMAND: POST /session/b9813d2d4a2a80b357083dca97fefc0e/execute/async - {"script":"<script> [776 bytes]","args":[{"enterText":"aSSN2oxcQb","selector":{"controlType":"sap.m.Input","viewName":"etm.portal.ui.addressmanagement.view.NewAddress","labelFor":{"text":"Name"},"interaction":{"idSuffix":"inner"}},"clearTextFirst":true,"interactionType":"ENTER_TEXT"}]}
RESULT: {}
RESULT: {"script":"<script> [776 bytes]","args":[{"enterText":"aSSN2oxcQb","selector":{"controlType":"sap.m.Input","viewName":"etm.portal.ui.addressmanagement.view.NewAddress","labelFor":{"text":"Name"},"interaction":{"idSuffix":"inner"}},"clearTextFirst":true,"interactionType":"ENTER_TEXT"}]}
COMMAND: POST /session/b9813d2d4a2a80b357083dca97fefc0e/element - {"using":"xpath","value":"//button[@title=\"Save\"]"}
RESULT: {"using":"xpath","value":"//button[@title=\"Save\"]"}
COMMAND: POST /session/b9813d2d4a2a80b357083dca97fefc0e/element/f.E51E61EF4515A4333B035E485DBAD5B4.d.9D40662B388766D47B3D9AE7FB841F51.e.564/click - {}
RESULT: {}
COMMAND: GET /session/b9813d2d4a2a80b357083dca97fefc0e/screenshot - {}
RESULT: {}
COMMAND: POST /session/b9813d2d4a2a80b357083dca97fefc0e/element - {"using":"xpath","value":"//header[contains(@id, \"application-addressmanagement-display-component---detailAdm--ObjectPageLayout-headerTitle\")]/div[1]/div[3]/div[2]/span"}
RESULT: {"using":"xpath","value":"//header[contains(@id, \"application-addressmanagement-display-component---detailAdm--ObjectPageLayout-headerTitle\")]/div[1]/div[3]/div[2]/span"}
COMMAND: POST /session/b9813d2d4a2a80b357083dca97fefc0e/elements - {"using":"xpath","value":"//header[contains(@id, \"application-addressmanagement-display-component---detailAdm--ObjectPageLayout-headerTitle\")]/div[1]/div[3]/div[2]/span"}
RESULT: {"using":"xpath","value":"//header[contains(@id, \"application-addressmanagement-display-component---detailAdm--ObjectPageLayout-headerTitle\")]/div[1]/div[3]/div[2]/span"}
COMMAND: POST /session/b9813d2d4a2a80b357083dca97fefc0e/execute/sync - {"script":"<script> [56 bytes]","args":[{"element-6066-11e4-a52e-4f735466cecf":"f.E51E61EF4515A4333B035E485DBAD5B4.d.9D40662B388766D47B3D9AE7FB841F51.e.599","ELEMENT":"f.E51E61EF4515A4333B035E485DBAD5B4.d.9D40662B388766D47B3D9AE7FB841F51.e.599"}]}
RESULT: {"script":"<script> [56 bytes]","args":[{"element-6066-11e4-a52e-4f735466cecf":"f.E51E61EF4515A4333B035E485DBAD5B4.d.9D40662B388766D47B3D9AE7FB841F51.e.599","ELEMENT":"f.E51E61EF4515A4333B035E485DBAD5B4.d.9D40662B388766D47B3D9AE7FB841F51.e.599"}]}
COMMAND: GET /session/b9813d2d4a2a80b357083dca97fefc0e/screenshot - {}
RESULT: {}
COMMAND: POST /session/b9813d2d4a2a80b357083dca97fefc0e/element - {"using":"css selector","value":"#shell-header-logo"}
RESULT: {"using":"css selector","value":"#shell-header-logo"}
COMMAND: POST /session/b9813d2d4a2a80b357083dca97fefc0e/element/f.E51E61EF4515A4333B035E485DBAD5B4.d.9D40662B388766D47B3D9AE7FB841F51.e.256/click - {}
RESULT: {}
COMMAND: GET /session/b9813d2d4a2a80b357083dca97fefc0e/screenshot - {}
RESULT: {}
]]></system-out>
    </testcase>
    <testcase classname="chrome.136_0_7103_93.windows.Address_Management_Tests_US156181_US151165_US151160_US156180_US156178_US151157_US151172_US151170_US151166_US151168" name="Step 2 Should deactivate the created address in earlier step US151165" time="48.133">
      <system-out><![CDATA[
RESULT: undefined
COMMAND: POST /session/b9813d2d4a2a80b357083dca97fefc0e/element - {"using":"xpath","value":"//*[@id=\"__tile33\"]"}
RESULT: {"using":"xpath","value":"//*[@id=\"__tile33\"]"}
COMMAND: POST /session/b9813d2d4a2a80b357083dca97fefc0e/element/f.E51E61EF4515A4333B035E485DBAD5B4.d.9D40662B388766D47B3D9AE7FB841F51.e.217/click - {}
RESULT: {}
COMMAND: GET /session/b9813d2d4a2a80b357083dca97fefc0e/screenshot - {}
COMMAND: POST /session/b9813d2d4a2a80b357083dca97fefc0e/elements - {"using":"xpath","value":"//span[text()='Error']"}
RESULT: {}
RESULT: {"using":"xpath","value":"//span[text()='Error']"}
COMMAND: POST /session/b9813d2d4a2a80b357083dca97fefc0e/element - {"using":"xpath","value":"//button[@data-kt=\"addButton\"]"}
RESULT: {"using":"xpath","value":"//button[@data-kt=\"addButton\"]"}
COMMAND: POST /session/b9813d2d4a2a80b357083dca97fefc0e/elements - {"using":"xpath","value":"//button[@data-kt=\"addButton\"]"}
RESULT: {"using":"xpath","value":"//button[@data-kt=\"addButton\"]"}
COMMAND: POST /session/b9813d2d4a2a80b357083dca97fefc0e/execute/sync - {"script":"<script> [8489 bytes]","args":[{"element-6066-11e4-a52e-4f735466cecf":"f.E51E61EF4515A4333B035E485DBAD5B4.d.9D40662B388766D47B3D9AE7FB841F51.e.646","ELEMENT":"f.E51E61EF4515A4333B035E485DBAD5B4.d.9D40662B388766D47B3D9AE7FB841F51.e.646"}]}
RESULT: {"script":"<script> [8489 bytes]","args":[{"element-6066-11e4-a52e-4f735466cecf":"f.E51E61EF4515A4333B035E485DBAD5B4.d.9D40662B388766D47B3D9AE7FB841F51.e.646","ELEMENT":"f.E51E61EF4515A4333B035E485DBAD5B4.d.9D40662B388766D47B3D9AE7FB841F51.e.646"}]}
COMMAND: GET /session/b9813d2d4a2a80b357083dca97fefc0e/element/f.E51E61EF4515A4333B035E485DBAD5B4.d.9D40662B388766D47B3D9AE7FB841F51.e.646/enabled - {}
COMMAND: GET /session/b9813d2d4a2a80b357083dca97fefc0e/screenshot - {}
RESULT: {}
COMMAND: POST /session/b9813d2d4a2a80b357083dca97fefc0e/execute/sync - {"script":"<script> [8489 bytes]","args":[{"element-6066-11e4-a52e-4f735466cecf":"f.E51E61EF4515A4333B035E485DBAD5B4.d.9D40662B388766D47B3D9AE7FB841F51.e.646","ELEMENT":"f.E51E61EF4515A4333B035E485DBAD5B4.d.9D40662B388766D47B3D9AE7FB841F51.e.646"}]}
COMMAND: GET /session/b9813d2d4a2a80b357083dca97fefc0e/screenshot - {}
RESULT: {}
RESULT: {"script":"<script> [8489 bytes]","args":[{"element-6066-11e4-a52e-4f735466cecf":"f.E51E61EF4515A4333B035E485DBAD5B4.d.9D40662B388766D47B3D9AE7FB841F51.e.646","ELEMENT":"f.E51E61EF4515A4333B035E485DBAD5B4.d.9D40662B388766D47B3D9AE7FB841F51.e.646"}]}
COMMAND: POST /session/b9813d2d4a2a80b357083dca97fefc0e/execute/sync - {"script":"<script> [5351 bytes]","args":[{"element-6066-11e4-a52e-4f735466cecf":"f.E51E61EF4515A4333B035E485DBAD5B4.d.9D40662B388766D47B3D9AE7FB841F51.e.646","ELEMENT":"f.E51E61EF4515A4333B035E485DBAD5B4.d.9D40662B388766D47B3D9AE7FB841F51.e.646"}]}
COMMAND: GET /session/b9813d2d4a2a80b357083dca97fefc0e/screenshot - {}
RESULT: {}
RESULT: {"script":"<script> [5351 bytes]","args":[{"element-6066-11e4-a52e-4f735466cecf":"f.E51E61EF4515A4333B035E485DBAD5B4.d.9D40662B388766D47B3D9AE7FB841F51.e.646","ELEMENT":"f.E51E61EF4515A4333B035E485DBAD5B4.d.9D40662B388766D47B3D9AE7FB841F51.e.646"}]}
COMMAND: GET /session/b9813d2d4a2a80b357083dca97fefc0e/screenshot - {}
RESULT: {}
RESULT: {}
RESULT: undefined
COMMAND: POST /session/b9813d2d4a2a80b357083dca97fefc0e/execute/async - {"script":"<script> [776 bytes]","args":[{"enterText":"aSSN2oxcQb","selector":{"id":"application-addressmanagement-display-component---masterAdm--smartFilterBar-btnBasicSearch","interaction":{"idSuffix":"I"}},"clearTextFirst":true,"interactionType":"ENTER_TEXT"}]}
RESULT: {"script":"<script> [776 bytes]","args":[{"enterText":"aSSN2oxcQb","selector":{"id":"application-addressmanagement-display-component---masterAdm--smartFilterBar-btnBasicSearch","interaction":{"idSuffix":"I"}},"clearTextFirst":true,"interactionType":"ENTER_TEXT"}]}
COMMAND: POST /session/b9813d2d4a2a80b357083dca97fefc0e/actions - {"actions":[{"id":"action2","type":"key","parameters":{},"actions":[{"type":"keyDown","value":""},{"type":"pause","duration":10},{"type":"keyUp","value":""}]}]}
RESULT: {"actions":[{"id":"action2","type":"key","parameters":{},"actions":[{"type":"keyDown","value":""},{"type":"pause","duration":10},{"type":"keyUp","value":""}]}]}
COMMAND: GET /session/b9813d2d4a2a80b357083dca97fefc0e/screenshot - {}
RESULT: {}
COMMAND: POST /session/b9813d2d4a2a80b357083dca97fefc0e/elements - {"using":"xpath","value":"//table[contains(@id, \"customPersonsAddressesTable-listUl\")]/tbody/tr"}
RESULT: {"using":"xpath","value":"//table[contains(@id, \"customPersonsAddressesTable-listUl\")]/tbody/tr"}
COMMAND: POST /session/b9813d2d4a2a80b357083dca97fefc0e/element - {"using":"xpath","value":"//table[contains(@id, \"customPersonsAddressesTable-listUl\")]/tbody/tr[1]/td[5]/span/span"}
RESULT: {"using":"xpath","value":"//table[contains(@id, \"customPersonsAddressesTable-listUl\")]/tbody/tr[1]/td[5]/span/span"}
COMMAND: POST /session/b9813d2d4a2a80b357083dca97fefc0e/element - {"using":"xpath","value":"//table[contains(@id, \"customPersonsAddressesTable-listUl\")]/tbody/tr[1]/td[3]/span"}
RESULT: {"using":"xpath","value":"//table[contains(@id, \"customPersonsAddressesTable-listUl\")]/tbody/tr[1]/td[3]/span"}
COMMAND: POST /session/b9813d2d4a2a80b357083dca97fefc0e/elements - {"using":"xpath","value":"//table[contains(@id, \"customPersonsAddressesTable-listUl\")]/tbody/tr[1]/td[5]/span/span"}
RESULT: {"using":"xpath","value":"//table[contains(@id, \"customPersonsAddressesTable-listUl\")]/tbody/tr[1]/td[5]/span/span"}
COMMAND: POST /session/b9813d2d4a2a80b357083dca97fefc0e/execute/sync - {"script":"<script> [56 bytes]","args":[{"element-6066-11e4-a52e-4f735466cecf":"f.E51E61EF4515A4333B035E485DBAD5B4.d.9D40662B388766D47B3D9AE7FB841F51.e.793","ELEMENT":"f.E51E61EF4515A4333B035E485DBAD5B4.d.9D40662B388766D47B3D9AE7FB841F51.e.793"}]}
RESULT: {"script":"<script> [56 bytes]","args":[{"element-6066-11e4-a52e-4f735466cecf":"f.E51E61EF4515A4333B035E485DBAD5B4.d.9D40662B388766D47B3D9AE7FB841F51.e.793","ELEMENT":"f.E51E61EF4515A4333B035E485DBAD5B4.d.9D40662B388766D47B3D9AE7FB841F51.e.793"}]}
COMMAND: POST /session/b9813d2d4a2a80b357083dca97fefc0e/execute/sync - {"script":"<script> [56 bytes]","args":[{"element-6066-11e4-a52e-4f735466cecf":"f.E51E61EF4515A4333B035E485DBAD5B4.d.9D40662B388766D47B3D9AE7FB841F51.e.794","ELEMENT":"f.E51E61EF4515A4333B035E485DBAD5B4.d.9D40662B388766D47B3D9AE7FB841F51.e.794"}]}
COMMAND: GET /session/b9813d2d4a2a80b357083dca97fefc0e/screenshot - {}
RESULT: {"script":"<script> [56 bytes]","args":[{"element-6066-11e4-a52e-4f735466cecf":"f.E51E61EF4515A4333B035E485DBAD5B4.d.9D40662B388766D47B3D9AE7FB841F51.e.794","ELEMENT":"f.E51E61EF4515A4333B035E485DBAD5B4.d.9D40662B388766D47B3D9AE7FB841F51.e.794"}]}
COMMAND: POST /session/b9813d2d4a2a80b357083dca97fefc0e/element - {"using":"xpath","value":"//table[contains(@id, \"customPersonsAddressesTable-listUl\")]/tbody/tr[1]/td[10]/div/span"}
COMMAND: GET /session/b9813d2d4a2a80b357083dca97fefc0e/screenshot - {}
RESULT: {}
RESULT: {"using":"xpath","value":"//table[contains(@id, \"customPersonsAddressesTable-listUl\")]/tbody/tr[1]/td[10]/div/span"}
COMMAND: POST /session/b9813d2d4a2a80b357083dca97fefc0e/execute/sync - {"script":"<script> [56 bytes]","args":[{"element-6066-11e4-a52e-4f735466cecf":"f.E51E61EF4515A4333B035E485DBAD5B4.d.9D40662B388766D47B3D9AE7FB841F51.e.795","ELEMENT":"f.E51E61EF4515A4333B035E485DBAD5B4.d.9D40662B388766D47B3D9AE7FB841F51.e.795"}]}
RESULT: {}
RESULT: {"script":"<script> [56 bytes]","args":[{"element-6066-11e4-a52e-4f735466cecf":"f.E51E61EF4515A4333B035E485DBAD5B4.d.9D40662B388766D47B3D9AE7FB841F51.e.795","ELEMENT":"f.E51E61EF4515A4333B035E485DBAD5B4.d.9D40662B388766D47B3D9AE7FB841F51.e.795"}]}
COMMAND: POST /session/b9813d2d4a2a80b357083dca97fefc0e/element - {"using":"xpath","value":"//table[contains(@id, \"customPersonsAddressesTable-listUl\")]/tbody/tr[1]/td[2]/div/div"}
COMMAND: GET /session/b9813d2d4a2a80b357083dca97fefc0e/screenshot - {}
RESULT: {"using":"xpath","value":"//table[contains(@id, \"customPersonsAddressesTable-listUl\")]/tbody/tr[1]/td[2]/div/div"}
COMMAND: POST /session/b9813d2d4a2a80b357083dca97fefc0e/element/f.E51E61EF4515A4333B035E485DBAD5B4.d.9D40662B388766D47B3D9AE7FB841F51.e.796/click - {}
RESULT: {}
RESULT: {}
COMMAND: GET /session/b9813d2d4a2a80b357083dca97fefc0e/screenshot - {}
RESULT: {}
COMMAND: POST /session/b9813d2d4a2a80b357083dca97fefc0e/element - {"using":"xpath","value":"//bdi[contains(text(), \"Deactivate\")]"}
RESULT: {"using":"xpath","value":"//bdi[contains(text(), \"Deactivate\")]"}
COMMAND: POST /session/b9813d2d4a2a80b357083dca97fefc0e/element/f.E51E61EF4515A4333B035E485DBAD5B4.d.9D40662B388766D47B3D9AE7FB841F51.e.797/click - {}
RESULT: {}
COMMAND: GET /session/b9813d2d4a2a80b357083dca97fefc0e/screenshot - {}
RESULT: {}
COMMAND: POST /session/b9813d2d4a2a80b357083dca97fefc0e/element - {"using":"xpath","value":"//bdi[contains(text(), \"Yes\")]"}
RESULT: {"using":"xpath","value":"//bdi[contains(text(), \"Yes\")]"}
COMMAND: POST /session/b9813d2d4a2a80b357083dca97fefc0e/element/f.E51E61EF4515A4333B035E485DBAD5B4.d.9D40662B388766D47B3D9AE7FB841F51.e.799/click - {}
RESULT: {}
COMMAND: GET /session/b9813d2d4a2a80b357083dca97fefc0e/screenshot - {}
RESULT: {}
COMMAND: POST /session/b9813d2d4a2a80b357083dca97fefc0e/element - {"using":"xpath","value":"//table[contains(@id, \"customPersonsAddressesTable-listUl\")]/tbody/tr[1]/td[10]/div/span"}
RESULT: {"using":"xpath","value":"//table[contains(@id, \"customPersonsAddressesTable-listUl\")]/tbody/tr[1]/td[10]/div/span"}
COMMAND: POST /session/b9813d2d4a2a80b357083dca97fefc0e/execute/sync - {"script":"<script> [56 bytes]","args":[{"element-6066-11e4-a52e-4f735466cecf":"f.E51E61EF4515A4333B035E485DBAD5B4.d.9D40662B388766D47B3D9AE7FB841F51.e.795","ELEMENT":"f.E51E61EF4515A4333B035E485DBAD5B4.d.9D40662B388766D47B3D9AE7FB841F51.e.795"}]}
RESULT: {"script":"<script> [56 bytes]","args":[{"element-6066-11e4-a52e-4f735466cecf":"f.E51E61EF4515A4333B035E485DBAD5B4.d.9D40662B388766D47B3D9AE7FB841F51.e.795","ELEMENT":"f.E51E61EF4515A4333B035E485DBAD5B4.d.9D40662B388766D47B3D9AE7FB841F51.e.795"}]}
COMMAND: GET /session/b9813d2d4a2a80b357083dca97fefc0e/screenshot - {}
RESULT: {}
COMMAND: POST /session/b9813d2d4a2a80b357083dca97fefc0e/element - {"using":"css selector","value":"#shell-header-logo"}
RESULT: {"using":"css selector","value":"#shell-header-logo"}
COMMAND: POST /session/b9813d2d4a2a80b357083dca97fefc0e/element/f.E51E61EF4515A4333B035E485DBAD5B4.d.9D40662B388766D47B3D9AE7FB841F51.e.604/click - {}
RESULT: {}
COMMAND: GET /session/b9813d2d4a2a80b357083dca97fefc0e/screenshot - {}
RESULT: {}
]]></system-out>
    </testcase>
    <testcase classname="chrome.136_0_7103_93.windows.Address_Management_Tests_US156181_US151165_US151160_US156180_US156178_US151157_US151172_US151170_US151166_US151168" name="Step 3 Should activate the created address back again US151160" time="47.089">
      <system-out><![CDATA[
RESULT: undefined
COMMAND: POST /session/b9813d2d4a2a80b357083dca97fefc0e/element - {"using":"xpath","value":"//*[@id=\"__tile33\"]"}
RESULT: {"using":"xpath","value":"//*[@id=\"__tile33\"]"}
COMMAND: POST /session/b9813d2d4a2a80b357083dca97fefc0e/element/f.E51E61EF4515A4333B035E485DBAD5B4.d.9D40662B388766D47B3D9AE7FB841F51.e.217/click - {}
RESULT: {}
COMMAND: GET /session/b9813d2d4a2a80b357083dca97fefc0e/screenshot - {}
COMMAND: POST /session/b9813d2d4a2a80b357083dca97fefc0e/elements - {"using":"xpath","value":"//span[text()='Error']"}
RESULT: {}
RESULT: {"using":"xpath","value":"//span[text()='Error']"}
COMMAND: POST /session/b9813d2d4a2a80b357083dca97fefc0e/element - {"using":"xpath","value":"//button[@data-kt=\"addButton\"]"}
RESULT: {"using":"xpath","value":"//button[@data-kt=\"addButton\"]"}
COMMAND: POST /session/b9813d2d4a2a80b357083dca97fefc0e/elements - {"using":"xpath","value":"//button[@data-kt=\"addButton\"]"}
RESULT: {"using":"xpath","value":"//button[@data-kt=\"addButton\"]"}
COMMAND: POST /session/b9813d2d4a2a80b357083dca97fefc0e/execute/sync - {"script":"<script> [8489 bytes]","args":[{"element-6066-11e4-a52e-4f735466cecf":"f.E51E61EF4515A4333B035E485DBAD5B4.d.9D40662B388766D47B3D9AE7FB841F51.e.849","ELEMENT":"f.E51E61EF4515A4333B035E485DBAD5B4.d.9D40662B388766D47B3D9AE7FB841F51.e.849"}]}
RESULT: {"script":"<script> [8489 bytes]","args":[{"element-6066-11e4-a52e-4f735466cecf":"f.E51E61EF4515A4333B035E485DBAD5B4.d.9D40662B388766D47B3D9AE7FB841F51.e.849","ELEMENT":"f.E51E61EF4515A4333B035E485DBAD5B4.d.9D40662B388766D47B3D9AE7FB841F51.e.849"}]}
COMMAND: GET /session/b9813d2d4a2a80b357083dca97fefc0e/element/f.E51E61EF4515A4333B035E485DBAD5B4.d.9D40662B388766D47B3D9AE7FB841F51.e.849/enabled - {}
COMMAND: GET /session/b9813d2d4a2a80b357083dca97fefc0e/screenshot - {}
RESULT: {}
COMMAND: POST /session/b9813d2d4a2a80b357083dca97fefc0e/execute/sync - {"script":"<script> [8489 bytes]","args":[{"element-6066-11e4-a52e-4f735466cecf":"f.E51E61EF4515A4333B035E485DBAD5B4.d.9D40662B388766D47B3D9AE7FB841F51.e.849","ELEMENT":"f.E51E61EF4515A4333B035E485DBAD5B4.d.9D40662B388766D47B3D9AE7FB841F51.e.849"}]}
COMMAND: GET /session/b9813d2d4a2a80b357083dca97fefc0e/screenshot - {}
RESULT: {}
RESULT: {"script":"<script> [8489 bytes]","args":[{"element-6066-11e4-a52e-4f735466cecf":"f.E51E61EF4515A4333B035E485DBAD5B4.d.9D40662B388766D47B3D9AE7FB841F51.e.849","ELEMENT":"f.E51E61EF4515A4333B035E485DBAD5B4.d.9D40662B388766D47B3D9AE7FB841F51.e.849"}]}
COMMAND: POST /session/b9813d2d4a2a80b357083dca97fefc0e/execute/sync - {"script":"<script> [5351 bytes]","args":[{"element-6066-11e4-a52e-4f735466cecf":"f.E51E61EF4515A4333B035E485DBAD5B4.d.9D40662B388766D47B3D9AE7FB841F51.e.849","ELEMENT":"f.E51E61EF4515A4333B035E485DBAD5B4.d.9D40662B388766D47B3D9AE7FB841F51.e.849"}]}
COMMAND: GET /session/b9813d2d4a2a80b357083dca97fefc0e/screenshot - {}
RESULT: {}
RESULT: {"script":"<script> [5351 bytes]","args":[{"element-6066-11e4-a52e-4f735466cecf":"f.E51E61EF4515A4333B035E485DBAD5B4.d.9D40662B388766D47B3D9AE7FB841F51.e.849","ELEMENT":"f.E51E61EF4515A4333B035E485DBAD5B4.d.9D40662B388766D47B3D9AE7FB841F51.e.849"}]}
COMMAND: GET /session/b9813d2d4a2a80b357083dca97fefc0e/screenshot - {}
RESULT: {}
RESULT: {}
RESULT: undefined
COMMAND: POST /session/b9813d2d4a2a80b357083dca97fefc0e/execute/async - {"script":"<script> [776 bytes]","args":[{"enterText":"aSSN2oxcQb","selector":{"id":"application-addressmanagement-display-component---masterAdm--smartFilterBar-btnBasicSearch","interaction":{"idSuffix":"I"}},"clearTextFirst":true,"interactionType":"ENTER_TEXT"}]}
RESULT: {"script":"<script> [776 bytes]","args":[{"enterText":"aSSN2oxcQb","selector":{"id":"application-addressmanagement-display-component---masterAdm--smartFilterBar-btnBasicSearch","interaction":{"idSuffix":"I"}},"clearTextFirst":true,"interactionType":"ENTER_TEXT"}]}
COMMAND: POST /session/b9813d2d4a2a80b357083dca97fefc0e/actions - {"actions":[{"id":"action3","type":"key","parameters":{},"actions":[{"type":"keyDown","value":""},{"type":"pause","duration":10},{"type":"keyUp","value":""}]}]}
RESULT: {"actions":[{"id":"action3","type":"key","parameters":{},"actions":[{"type":"keyDown","value":""},{"type":"pause","duration":10},{"type":"keyUp","value":""}]}]}
COMMAND: GET /session/b9813d2d4a2a80b357083dca97fefc0e/screenshot - {}
RESULT: {}
COMMAND: POST /session/b9813d2d4a2a80b357083dca97fefc0e/elements - {"using":"xpath","value":"//table[contains(@id, \"customPersonsAddressesTable-listUl\")]/tbody/tr"}
RESULT: {"using":"xpath","value":"//table[contains(@id, \"customPersonsAddressesTable-listUl\")]/tbody/tr"}
COMMAND: POST /session/b9813d2d4a2a80b357083dca97fefc0e/element - {"using":"xpath","value":"//table[contains(@id, \"customPersonsAddressesTable-listUl\")]/tbody/tr[1]/td[5]/span/span"}
RESULT: {"using":"xpath","value":"//table[contains(@id, \"customPersonsAddressesTable-listUl\")]/tbody/tr[1]/td[5]/span/span"}
COMMAND: POST /session/b9813d2d4a2a80b357083dca97fefc0e/element - {"using":"xpath","value":"//table[contains(@id, \"customPersonsAddressesTable-listUl\")]/tbody/tr[1]/td[3]/span"}
RESULT: {"using":"xpath","value":"//table[contains(@id, \"customPersonsAddressesTable-listUl\")]/tbody/tr[1]/td[3]/span"}
COMMAND: POST /session/b9813d2d4a2a80b357083dca97fefc0e/elements - {"using":"xpath","value":"//table[contains(@id, \"customPersonsAddressesTable-listUl\")]/tbody/tr[1]/td[5]/span/span"}
RESULT: {"using":"xpath","value":"//table[contains(@id, \"customPersonsAddressesTable-listUl\")]/tbody/tr[1]/td[5]/span/span"}
COMMAND: POST /session/b9813d2d4a2a80b357083dca97fefc0e/execute/sync - {"script":"<script> [56 bytes]","args":[{"element-6066-11e4-a52e-4f735466cecf":"f.E51E61EF4515A4333B035E485DBAD5B4.d.9D40662B388766D47B3D9AE7FB841F51.e.994","ELEMENT":"f.E51E61EF4515A4333B035E485DBAD5B4.d.9D40662B388766D47B3D9AE7FB841F51.e.994"}]}
RESULT: {"script":"<script> [56 bytes]","args":[{"element-6066-11e4-a52e-4f735466cecf":"f.E51E61EF4515A4333B035E485DBAD5B4.d.9D40662B388766D47B3D9AE7FB841F51.e.994","ELEMENT":"f.E51E61EF4515A4333B035E485DBAD5B4.d.9D40662B388766D47B3D9AE7FB841F51.e.994"}]}
COMMAND: POST /session/b9813d2d4a2a80b357083dca97fefc0e/execute/sync - {"script":"<script> [56 bytes]","args":[{"element-6066-11e4-a52e-4f735466cecf":"f.E51E61EF4515A4333B035E485DBAD5B4.d.9D40662B388766D47B3D9AE7FB841F51.e.995","ELEMENT":"f.E51E61EF4515A4333B035E485DBAD5B4.d.9D40662B388766D47B3D9AE7FB841F51.e.995"}]}
COMMAND: GET /session/b9813d2d4a2a80b357083dca97fefc0e/screenshot - {}
RESULT: {"script":"<script> [56 bytes]","args":[{"element-6066-11e4-a52e-4f735466cecf":"f.E51E61EF4515A4333B035E485DBAD5B4.d.9D40662B388766D47B3D9AE7FB841F51.e.995","ELEMENT":"f.E51E61EF4515A4333B035E485DBAD5B4.d.9D40662B388766D47B3D9AE7FB841F51.e.995"}]}
COMMAND: POST /session/b9813d2d4a2a80b357083dca97fefc0e/element - {"using":"xpath","value":"//table[contains(@id, \"customPersonsAddressesTable-listUl\")]/tbody/tr[1]/td[10]/div/span"}
COMMAND: GET /session/b9813d2d4a2a80b357083dca97fefc0e/screenshot - {}
RESULT: {}
RESULT: {"using":"xpath","value":"//table[contains(@id, \"customPersonsAddressesTable-listUl\")]/tbody/tr[1]/td[10]/div/span"}
COMMAND: POST /session/b9813d2d4a2a80b357083dca97fefc0e/execute/sync - {"script":"<script> [56 bytes]","args":[{"element-6066-11e4-a52e-4f735466cecf":"f.E51E61EF4515A4333B035E485DBAD5B4.d.9D40662B388766D47B3D9AE7FB841F51.e.996","ELEMENT":"f.E51E61EF4515A4333B035E485DBAD5B4.d.9D40662B388766D47B3D9AE7FB841F51.e.996"}]}
RESULT: {}
RESULT: {"script":"<script> [56 bytes]","args":[{"element-6066-11e4-a52e-4f735466cecf":"f.E51E61EF4515A4333B035E485DBAD5B4.d.9D40662B388766D47B3D9AE7FB841F51.e.996","ELEMENT":"f.E51E61EF4515A4333B035E485DBAD5B4.d.9D40662B388766D47B3D9AE7FB841F51.e.996"}]}
COMMAND: POST /session/b9813d2d4a2a80b357083dca97fefc0e/element - {"using":"xpath","value":"//table[contains(@id, \"customPersonsAddressesTable-listUl\")]/tbody/tr[1]/td[2]/div/div"}
COMMAND: GET /session/b9813d2d4a2a80b357083dca97fefc0e/screenshot - {}
RESULT: {"using":"xpath","value":"//table[contains(@id, \"customPersonsAddressesTable-listUl\")]/tbody/tr[1]/td[2]/div/div"}
COMMAND: POST /session/b9813d2d4a2a80b357083dca97fefc0e/element/f.E51E61EF4515A4333B035E485DBAD5B4.d.9D40662B388766D47B3D9AE7FB841F51.e.997/click - {}
RESULT: {}
RESULT: {}
COMMAND: GET /session/b9813d2d4a2a80b357083dca97fefc0e/screenshot - {}
RESULT: {}
COMMAND: POST /session/b9813d2d4a2a80b357083dca97fefc0e/element - {"using":"xpath","value":"//bdi[contains(text(), \"Activate\")]"}
RESULT: {"using":"xpath","value":"//bdi[contains(text(), \"Activate\")]"}
COMMAND: POST /session/b9813d2d4a2a80b357083dca97fefc0e/element/f.E51E61EF4515A4333B035E485DBAD5B4.d.9D40662B388766D47B3D9AE7FB841F51.e.998/click - {}
RESULT: {}
COMMAND: GET /session/b9813d2d4a2a80b357083dca97fefc0e/screenshot - {}
RESULT: {}
COMMAND: POST /session/b9813d2d4a2a80b357083dca97fefc0e/element - {"using":"xpath","value":"//bdi[contains(text(), \"Yes\")]"}
RESULT: {"using":"xpath","value":"//bdi[contains(text(), \"Yes\")]"}
COMMAND: POST /session/b9813d2d4a2a80b357083dca97fefc0e/element/f.E51E61EF4515A4333B035E485DBAD5B4.d.9D40662B388766D47B3D9AE7FB841F51.e.1000/click - {}
RESULT: {}
COMMAND: GET /session/b9813d2d4a2a80b357083dca97fefc0e/screenshot - {}
RESULT: {}
COMMAND: POST /session/b9813d2d4a2a80b357083dca97fefc0e/element - {"using":"xpath","value":"//table[contains(@id, \"customPersonsAddressesTable-listUl\")]/tbody/tr[1]/td[10]/div/span"}
RESULT: {"using":"xpath","value":"//table[contains(@id, \"customPersonsAddressesTable-listUl\")]/tbody/tr[1]/td[10]/div/span"}
COMMAND: POST /session/b9813d2d4a2a80b357083dca97fefc0e/execute/sync - {"script":"<script> [56 bytes]","args":[{"element-6066-11e4-a52e-4f735466cecf":"f.E51E61EF4515A4333B035E485DBAD5B4.d.9D40662B388766D47B3D9AE7FB841F51.e.996","ELEMENT":"f.E51E61EF4515A4333B035E485DBAD5B4.d.9D40662B388766D47B3D9AE7FB841F51.e.996"}]}
RESULT: {"script":"<script> [56 bytes]","args":[{"element-6066-11e4-a52e-4f735466cecf":"f.E51E61EF4515A4333B035E485DBAD5B4.d.9D40662B388766D47B3D9AE7FB841F51.e.996","ELEMENT":"f.E51E61EF4515A4333B035E485DBAD5B4.d.9D40662B388766D47B3D9AE7FB841F51.e.996"}]}
COMMAND: GET /session/b9813d2d4a2a80b357083dca97fefc0e/screenshot - {}
RESULT: {}
COMMAND: POST /session/b9813d2d4a2a80b357083dca97fefc0e/element - {"using":"css selector","value":"#shell-header-logo"}
RESULT: {"using":"css selector","value":"#shell-header-logo"}
COMMAND: POST /session/b9813d2d4a2a80b357083dca97fefc0e/element/f.E51E61EF4515A4333B035E485DBAD5B4.d.9D40662B388766D47B3D9AE7FB841F51.e.807/click - {}
RESULT: {}
COMMAND: GET /session/b9813d2d4a2a80b357083dca97fefc0e/screenshot - {}
RESULT: {}
]]></system-out>
    </testcase>
    <testcase classname="chrome.136_0_7103_93.windows.Address_Management_Tests_US156181_US151165_US151160_US156180_US156178_US151157_US151172_US151170_US151166_US151168" name="Step 4 Should verify searches US156180 edit person and address US156178" time="89.512">
      <system-out><![CDATA[
RESULT: undefined
COMMAND: POST /session/b9813d2d4a2a80b357083dca97fefc0e/element - {"using":"xpath","value":"//*[@id=\"__tile33\"]"}
RESULT: {"using":"xpath","value":"//*[@id=\"__tile33\"]"}
COMMAND: POST /session/b9813d2d4a2a80b357083dca97fefc0e/element/f.E51E61EF4515A4333B035E485DBAD5B4.d.9D40662B388766D47B3D9AE7FB841F51.e.217/click - {}
RESULT: {}
COMMAND: GET /session/b9813d2d4a2a80b357083dca97fefc0e/screenshot - {}
COMMAND: POST /session/b9813d2d4a2a80b357083dca97fefc0e/elements - {"using":"xpath","value":"//span[text()='Error']"}
RESULT: {}
RESULT: {"using":"xpath","value":"//span[text()='Error']"}
COMMAND: POST /session/b9813d2d4a2a80b357083dca97fefc0e/element - {"using":"xpath","value":"//button[@data-kt=\"addButton\"]"}
RESULT: {"using":"xpath","value":"//button[@data-kt=\"addButton\"]"}
COMMAND: POST /session/b9813d2d4a2a80b357083dca97fefc0e/elements - {"using":"xpath","value":"//button[@data-kt=\"addButton\"]"}
RESULT: {"using":"xpath","value":"//button[@data-kt=\"addButton\"]"}
COMMAND: POST /session/b9813d2d4a2a80b357083dca97fefc0e/execute/sync - {"script":"<script> [8489 bytes]","args":[{"element-6066-11e4-a52e-4f735466cecf":"f.E51E61EF4515A4333B035E485DBAD5B4.d.9D40662B388766D47B3D9AE7FB841F51.e.1059","ELEMENT":"f.E51E61EF4515A4333B035E485DBAD5B4.d.9D40662B388766D47B3D9AE7FB841F51.e.1059"}]}
RESULT: {"script":"<script> [8489 bytes]","args":[{"element-6066-11e4-a52e-4f735466cecf":"f.E51E61EF4515A4333B035E485DBAD5B4.d.9D40662B388766D47B3D9AE7FB841F51.e.1059","ELEMENT":"f.E51E61EF4515A4333B035E485DBAD5B4.d.9D40662B388766D47B3D9AE7FB841F51.e.1059"}]}
COMMAND: GET /session/b9813d2d4a2a80b357083dca97fefc0e/element/f.E51E61EF4515A4333B035E485DBAD5B4.d.9D40662B388766D47B3D9AE7FB841F51.e.1059/enabled - {}
COMMAND: GET /session/b9813d2d4a2a80b357083dca97fefc0e/screenshot - {}
RESULT: {}
COMMAND: POST /session/b9813d2d4a2a80b357083dca97fefc0e/execute/sync - {"script":"<script> [8489 bytes]","args":[{"element-6066-11e4-a52e-4f735466cecf":"f.E51E61EF4515A4333B035E485DBAD5B4.d.9D40662B388766D47B3D9AE7FB841F51.e.1059","ELEMENT":"f.E51E61EF4515A4333B035E485DBAD5B4.d.9D40662B388766D47B3D9AE7FB841F51.e.1059"}]}
COMMAND: GET /session/b9813d2d4a2a80b357083dca97fefc0e/screenshot - {}
RESULT: {}
RESULT: {"script":"<script> [8489 bytes]","args":[{"element-6066-11e4-a52e-4f735466cecf":"f.E51E61EF4515A4333B035E485DBAD5B4.d.9D40662B388766D47B3D9AE7FB841F51.e.1059","ELEMENT":"f.E51E61EF4515A4333B035E485DBAD5B4.d.9D40662B388766D47B3D9AE7FB841F51.e.1059"}]}
COMMAND: POST /session/b9813d2d4a2a80b357083dca97fefc0e/execute/sync - {"script":"<script> [5351 bytes]","args":[{"element-6066-11e4-a52e-4f735466cecf":"f.E51E61EF4515A4333B035E485DBAD5B4.d.9D40662B388766D47B3D9AE7FB841F51.e.1059","ELEMENT":"f.E51E61EF4515A4333B035E485DBAD5B4.d.9D40662B388766D47B3D9AE7FB841F51.e.1059"}]}
COMMAND: GET /session/b9813d2d4a2a80b357083dca97fefc0e/screenshot - {}
RESULT: {}
RESULT: {"script":"<script> [5351 bytes]","args":[{"element-6066-11e4-a52e-4f735466cecf":"f.E51E61EF4515A4333B035E485DBAD5B4.d.9D40662B388766D47B3D9AE7FB841F51.e.1059","ELEMENT":"f.E51E61EF4515A4333B035E485DBAD5B4.d.9D40662B388766D47B3D9AE7FB841F51.e.1059"}]}
COMMAND: GET /session/b9813d2d4a2a80b357083dca97fefc0e/screenshot - {}
RESULT: {}
RESULT: {}
RESULT: undefined
COMMAND: POST /session/b9813d2d4a2a80b357083dca97fefc0e/execute/async - {"script":"<script> [776 bytes]","args":[{"enterText":"aSSN2oxcQb","selector":{"id":"application-addressmanagement-display-component---masterAdm--smartFilterBar-btnBasicSearch","interaction":{"idSuffix":"I"}},"clearTextFirst":true,"interactionType":"ENTER_TEXT"}]}
RESULT: {"script":"<script> [776 bytes]","args":[{"enterText":"aSSN2oxcQb","selector":{"id":"application-addressmanagement-display-component---masterAdm--smartFilterBar-btnBasicSearch","interaction":{"idSuffix":"I"}},"clearTextFirst":true,"interactionType":"ENTER_TEXT"}]}
COMMAND: POST /session/b9813d2d4a2a80b357083dca97fefc0e/actions - {"actions":[{"id":"action4","type":"key","parameters":{},"actions":[{"type":"keyDown","value":""},{"type":"pause","duration":10},{"type":"keyUp","value":""}]}]}
RESULT: {"actions":[{"id":"action4","type":"key","parameters":{},"actions":[{"type":"keyDown","value":""},{"type":"pause","duration":10},{"type":"keyUp","value":""}]}]}
COMMAND: GET /session/b9813d2d4a2a80b357083dca97fefc0e/screenshot - {}
RESULT: {}
COMMAND: POST /session/b9813d2d4a2a80b357083dca97fefc0e/elements - {"using":"xpath","value":"//table[contains(@id, \"customPersonsAddressesTable-listUl\")]/tbody/tr"}
RESULT: {"using":"xpath","value":"//table[contains(@id, \"customPersonsAddressesTable-listUl\")]/tbody/tr"}
COMMAND: POST /session/b9813d2d4a2a80b357083dca97fefc0e/element - {"using":"xpath","value":"//table[contains(@id, \"customPersonsAddressesTable-listUl\")]/tbody/tr[1]/td[5]/span/span"}
RESULT: {"using":"xpath","value":"//table[contains(@id, \"customPersonsAddressesTable-listUl\")]/tbody/tr[1]/td[5]/span/span"}
COMMAND: POST /session/b9813d2d4a2a80b357083dca97fefc0e/element - {"using":"xpath","value":"//table[contains(@id, \"customPersonsAddressesTable-listUl\")]/tbody/tr[1]/td[3]/span"}
RESULT: {"using":"xpath","value":"//table[contains(@id, \"customPersonsAddressesTable-listUl\")]/tbody/tr[1]/td[3]/span"}
COMMAND: POST /session/b9813d2d4a2a80b357083dca97fefc0e/elements - {"using":"xpath","value":"//table[contains(@id, \"customPersonsAddressesTable-listUl\")]/tbody/tr[1]/td[5]/span/span"}
RESULT: {"using":"xpath","value":"//table[contains(@id, \"customPersonsAddressesTable-listUl\")]/tbody/tr[1]/td[5]/span/span"}
COMMAND: POST /session/b9813d2d4a2a80b357083dca97fefc0e/execute/sync - {"script":"<script> [56 bytes]","args":[{"element-6066-11e4-a52e-4f735466cecf":"f.E51E61EF4515A4333B035E485DBAD5B4.d.9D40662B388766D47B3D9AE7FB841F51.e.1201","ELEMENT":"f.E51E61EF4515A4333B035E485DBAD5B4.d.9D40662B388766D47B3D9AE7FB841F51.e.1201"}]}
RESULT: {"script":"<script> [56 bytes]","args":[{"element-6066-11e4-a52e-4f735466cecf":"f.E51E61EF4515A4333B035E485DBAD5B4.d.9D40662B388766D47B3D9AE7FB841F51.e.1201","ELEMENT":"f.E51E61EF4515A4333B035E485DBAD5B4.d.9D40662B388766D47B3D9AE7FB841F51.e.1201"}]}
COMMAND: POST /session/b9813d2d4a2a80b357083dca97fefc0e/execute/sync - {"script":"<script> [56 bytes]","args":[{"element-6066-11e4-a52e-4f735466cecf":"f.E51E61EF4515A4333B035E485DBAD5B4.d.9D40662B388766D47B3D9AE7FB841F51.e.1202","ELEMENT":"f.E51E61EF4515A4333B035E485DBAD5B4.d.9D40662B388766D47B3D9AE7FB841F51.e.1202"}]}
COMMAND: GET /session/b9813d2d4a2a80b357083dca97fefc0e/screenshot - {}
RESULT: {"script":"<script> [56 bytes]","args":[{"element-6066-11e4-a52e-4f735466cecf":"f.E51E61EF4515A4333B035E485DBAD5B4.d.9D40662B388766D47B3D9AE7FB841F51.e.1202","ELEMENT":"f.E51E61EF4515A4333B035E485DBAD5B4.d.9D40662B388766D47B3D9AE7FB841F51.e.1202"}]}
COMMAND: POST /session/b9813d2d4a2a80b357083dca97fefc0e/element - {"using":"xpath","value":"(//span[contains(@id, \"imgNav\")])[1]"}
COMMAND: GET /session/b9813d2d4a2a80b357083dca97fefc0e/screenshot - {}
RESULT: {}
RESULT: {"using":"xpath","value":"(//span[contains(@id, \"imgNav\")])[1]"}
COMMAND: POST /session/b9813d2d4a2a80b357083dca97fefc0e/element/f.E51E61EF4515A4333B035E485DBAD5B4.d.9D40662B388766D47B3D9AE7FB841F51.e.1199/click - {}
RESULT: {}
RESULT: {}
COMMAND: GET /session/b9813d2d4a2a80b357083dca97fefc0e/screenshot - {}
RESULT: {}
COMMAND: POST /session/b9813d2d4a2a80b357083dca97fefc0e/element - {"using":"xpath","value":"//bdi[contains(text(), \"Edit\")]"}
RESULT: {"using":"xpath","value":"//bdi[contains(text(), \"Edit\")]"}
COMMAND: POST /session/b9813d2d4a2a80b357083dca97fefc0e/element/f.E51E61EF4515A4333B035E485DBAD5B4.d.9D40662B388766D47B3D9AE7FB841F51.e.1324/click - {}
RESULT: {}
COMMAND: GET /session/b9813d2d4a2a80b357083dca97fefc0e/screenshot - {}
RESULT: {}
COMMAND: POST /session/b9813d2d4a2a80b357083dca97fefc0e/execute/async - {"script":"<script> [1562 bytes]","args":[{"selector":{"controlType":"sap.ui.core.Icon","viewName":"etm.portal.ui.addressmanagement.view.EditDetail","properties":{"src":{"regex":{"source":"slim\\-arrow\\-down"}}},"ancestor":{"id":"addressTitle","viewName":"etm.portal.ui.addressmanagement.view.EditDetail"}},"wdio_ui5_key":"etmportal.ui.addressmanagement.view.EditDetailsap.ui.core.Icon{\"src\":{\"regex\":{\"source\":\"slim\\\\-arrow\\\\-down\"}}}{\"id\":\"addressTitle\",\"viewName\":\"etm.portal.ui.addressmanagement.view.EditDetail\"}"}]}
RESULT: {"script":"<script> [1562 bytes]","args":[{"selector":{"controlType":"sap.ui.core.Icon","viewName":"etm.portal.ui.addressmanagement.view.EditDetail","properties":{"src":{"regex":{"source":"slim\\-arrow\\-down"}}},"ancestor":{"id":"addressTitle","viewName":"etm.portal.ui.addressmanagement.view.EditDetail"}},"wdio_ui5_key":"etmportal.ui.addressmanagement.view.EditDetailsap.ui.core.Icon{\"src\":{\"regex\":{\"source\":\"slim\\\\-arrow\\\\-down\"}}}{\"id\":\"addressTitle\",\"viewName\":\"etm.portal.ui.addressmanagement.view.EditDetail\"}"}]}
RESULT: undefined
COMMAND: POST /session/b9813d2d4a2a80b357083dca97fefc0e/element - {"using":"xpath","value":"//*[@id=\"__xmlview59--addressTitle-arrow\"]"}
RESULT: {"using":"xpath","value":"//*[@id=\"__xmlview59--addressTitle-arrow\"]"}
COMMAND: POST /session/b9813d2d4a2a80b357083dca97fefc0e/element/f.E51E61EF4515A4333B035E485DBAD5B4.d.9D40662B388766D47B3D9AE7FB841F51.e.1378/click - {}
RESULT: {}
COMMAND: GET /session/b9813d2d4a2a80b357083dca97fefc0e/screenshot - {}
RESULT: {}
COMMAND: POST /session/b9813d2d4a2a80b357083dca97fefc0e/element - {"using":"xpath","value":"//li[.//span[text()=\"Mr.\"]]"}
RESULT: {"using":"xpath","value":"//li[.//span[text()=\"Mr.\"]]"}
COMMAND: POST /session/b9813d2d4a2a80b357083dca97fefc0e/element/f.E51E61EF4515A4333B035E485DBAD5B4.d.9D40662B388766D47B3D9AE7FB841F51.e.1379/click - {}
RESULT: {}
COMMAND: GET /session/b9813d2d4a2a80b357083dca97fefc0e/screenshot - {}
RESULT: {}
COMMAND: POST /session/b9813d2d4a2a80b357083dca97fefc0e/execute/async - {"script":"<script> [1562 bytes]","args":[{"selector":{"controlType":"sap.m.Input","viewName":"etm.portal.ui.addressmanagement.view.EditDetail","labelFor":{"text":"Last Name"},"interaction":{"idSuffix":"inner"}},"wdio_ui5_key":"etmportal.ui.addressmanagement.view.EditDetailsap.m.Input{\"text\":\"Last Name\"}"}]}
RESULT: {"script":"<script> [1562 bytes]","args":[{"selector":{"controlType":"sap.m.Input","viewName":"etm.portal.ui.addressmanagement.view.EditDetail","labelFor":{"text":"Last Name"},"interaction":{"idSuffix":"inner"}},"wdio_ui5_key":"etmportal.ui.addressmanagement.view.EditDetailsap.m.Input{\"text\":\"Last Name\"}"}]}
RESULT: undefined
COMMAND: POST /session/b9813d2d4a2a80b357083dca97fefc0e/execute/async - {"script":"<script> [776 bytes]","args":[{"enterText":"EDIT John Cena","selector":{"controlType":"sap.m.Input","viewName":"etm.portal.ui.addressmanagement.view.EditDetail","labelFor":{"text":"Last Name"},"interaction":{"idSuffix":"inner"}},"clearTextFirst":true,"interactionType":"ENTER_TEXT"}]}
RESULT: {"script":"<script> [776 bytes]","args":[{"enterText":"EDIT John Cena","selector":{"controlType":"sap.m.Input","viewName":"etm.portal.ui.addressmanagement.view.EditDetail","labelFor":{"text":"Last Name"},"interaction":{"idSuffix":"inner"}},"clearTextFirst":true,"interactionType":"ENTER_TEXT"}]}
COMMAND: POST /session/b9813d2d4a2a80b357083dca97fefc0e/execute/async - {"script":"<script> [1562 bytes]","args":[{"selector":{"controlType":"sap.ui.core.Icon","viewName":"etm.portal.ui.addressmanagement.view.EditDetail","properties":{"src":{"regex":{"source":"slim\\-arrow\\-down"}}},"ancestor":{"id":"addressDetailDetailsLanguage","viewName":"etm.portal.ui.addressmanagement.view.EditDetail"}},"wdio_ui5_key":"etmportal.ui.addressmanagement.view.EditDetailsap.ui.core.Icon{\"src\":{\"regex\":{\"source\":\"slim\\\\-arrow\\\\-down\"}}}{\"id\":\"addressDetailDetailsLanguage\",\"viewName\":\"etm.portal.ui.addressmanagement.view.EditDetail\"}"}]}
RESULT: {"script":"<script> [1562 bytes]","args":[{"selector":{"controlType":"sap.ui.core.Icon","viewName":"etm.portal.ui.addressmanagement.view.EditDetail","properties":{"src":{"regex":{"source":"slim\\-arrow\\-down"}}},"ancestor":{"id":"addressDetailDetailsLanguage","viewName":"etm.portal.ui.addressmanagement.view.EditDetail"}},"wdio_ui5_key":"etmportal.ui.addressmanagement.view.EditDetailsap.ui.core.Icon{\"src\":{\"regex\":{\"source\":\"slim\\\\-arrow\\\\-down\"}}}{\"id\":\"addressDetailDetailsLanguage\",\"viewName\":\"etm.portal.ui.addressmanagement.view.EditDetail\"}"}]}
RESULT: undefined
COMMAND: POST /session/b9813d2d4a2a80b357083dca97fefc0e/element - {"using":"xpath","value":"//*[@id=\"__xmlview59--addressDetailDetailsLanguage-arrow\"]"}
RESULT: {"using":"xpath","value":"//*[@id=\"__xmlview59--addressDetailDetailsLanguage-arrow\"]"}
COMMAND: POST /session/b9813d2d4a2a80b357083dca97fefc0e/element/f.E51E61EF4515A4333B035E485DBAD5B4.d.9D40662B388766D47B3D9AE7FB841F51.e.1382/click - {}
RESULT: {}
COMMAND: GET /session/b9813d2d4a2a80b357083dca97fefc0e/screenshot - {}
RESULT: {}
COMMAND: POST /session/b9813d2d4a2a80b357083dca97fefc0e/element - {"using":"xpath","value":"//span[contains(text(), \"Bulgarian\")]"}
RESULT: {"using":"xpath","value":"//span[contains(text(), \"Bulgarian\")]"}
COMMAND: POST /session/b9813d2d4a2a80b357083dca97fefc0e/element/f.E51E61EF4515A4333B035E485DBAD5B4.d.9D40662B388766D47B3D9AE7FB841F51.e.1383/click - {}
RESULT: {}
COMMAND: GET /session/b9813d2d4a2a80b357083dca97fefc0e/screenshot - {}
RESULT: {}
COMMAND: POST /session/b9813d2d4a2a80b357083dca97fefc0e/execute/async - {"script":"<script> [1562 bytes]","args":[{"selector":{"controlType":"sap.m.Input","viewName":"etm.portal.ui.addressmanagement.view.EditDetail","labelFor":{"text":"ZIP/Postal code"},"interaction":{"idSuffix":"inner"}},"wdio_ui5_key":"etmportal.ui.addressmanagement.view.EditDetailsap.m.Input{\"text\":\"ZIP/Postal code\"}"}]}
RESULT: {"script":"<script> [1562 bytes]","args":[{"selector":{"controlType":"sap.m.Input","viewName":"etm.portal.ui.addressmanagement.view.EditDetail","labelFor":{"text":"ZIP/Postal code"},"interaction":{"idSuffix":"inner"}},"wdio_ui5_key":"etmportal.ui.addressmanagement.view.EditDetailsap.m.Input{\"text\":\"ZIP/Postal code\"}"}]}
RESULT: undefined
COMMAND: POST /session/b9813d2d4a2a80b357083dca97fefc0e/execute/async - {"script":"<script> [776 bytes]","args":[{"enterText":"500292","selector":{"controlType":"sap.m.Input","viewName":"etm.portal.ui.addressmanagement.view.EditDetail","labelFor":{"text":"ZIP/Postal code"},"interaction":{"idSuffix":"inner"}},"clearTextFirst":true,"interactionType":"ENTER_TEXT"}]}
RESULT: {"script":"<script> [776 bytes]","args":[{"enterText":"500292","selector":{"controlType":"sap.m.Input","viewName":"etm.portal.ui.addressmanagement.view.EditDetail","labelFor":{"text":"ZIP/Postal code"},"interaction":{"idSuffix":"inner"}},"clearTextFirst":true,"interactionType":"ENTER_TEXT"}]}
COMMAND: POST /session/b9813d2d4a2a80b357083dca97fefc0e/execute/async - {"script":"<script> [1562 bytes]","args":[{"selector":{"id":"addressDetailContactsEmail","viewName":"etm.portal.ui.addressmanagement.view.EditDetail","interaction":{"idSuffix":"inner"}},"wdio_ui5_key":"addressDetailContactsEmailetmportal.ui.addressmanagement.view.EditDetail"}]}
RESULT: {"script":"<script> [1562 bytes]","args":[{"selector":{"id":"addressDetailContactsEmail","viewName":"etm.portal.ui.addressmanagement.view.EditDetail","interaction":{"idSuffix":"inner"}},"wdio_ui5_key":"addressDetailContactsEmailetmportal.ui.addressmanagement.view.EditDetail"}]}
RESULT: undefined
COMMAND: POST /session/b9813d2d4a2a80b357083dca97fefc0e/execute/async - {"script":"<script> [776 bytes]","args":[{"enterText":"webdriverrules@emailfake.com","selector":{"id":"addressDetailContactsEmail","viewName":"etm.portal.ui.addressmanagement.view.EditDetail","interaction":{"idSuffix":"inner"}},"clearTextFirst":true,"interactionType":"ENTER_TEXT"}]}
RESULT: {"script":"<script> [776 bytes]","args":[{"enterText":"webdriverrules@emailfake.com","selector":{"id":"addressDetailContactsEmail","viewName":"etm.portal.ui.addressmanagement.view.EditDetail","interaction":{"idSuffix":"inner"}},"clearTextFirst":true,"interactionType":"ENTER_TEXT"}]}
COMMAND: POST /session/b9813d2d4a2a80b357083dca97fefc0e/execute/async - {"script":"<script> [1562 bytes]","args":[{"selector":{"id":"addressUserJobTitle","viewName":"etm.portal.ui.addressmanagement.view.EditDetail","interaction":{"idSuffix":"inner"}},"wdio_ui5_key":"addressUserJobTitleetmportal.ui.addressmanagement.view.EditDetail"}]}
RESULT: {"script":"<script> [1562 bytes]","args":[{"selector":{"id":"addressUserJobTitle","viewName":"etm.portal.ui.addressmanagement.view.EditDetail","interaction":{"idSuffix":"inner"}},"wdio_ui5_key":"addressUserJobTitleetmportal.ui.addressmanagement.view.EditDetail"}]}
RESULT: undefined
COMMAND: POST /session/b9813d2d4a2a80b357083dca97fefc0e/execute/async - {"script":"<script> [776 bytes]","args":[{"enterText":"director","selector":{"id":"addressUserJobTitle","viewName":"etm.portal.ui.addressmanagement.view.EditDetail","interaction":{"idSuffix":"inner"}},"clearTextFirst":true,"interactionType":"ENTER_TEXT"}]}
RESULT: {"script":"<script> [776 bytes]","args":[{"enterText":"director","selector":{"id":"addressUserJobTitle","viewName":"etm.portal.ui.addressmanagement.view.EditDetail","interaction":{"idSuffix":"inner"}},"clearTextFirst":true,"interactionType":"ENTER_TEXT"}]}
COMMAND: POST /session/b9813d2d4a2a80b357083dca97fefc0e/execute/async - {"script":"<script> [1562 bytes]","args":[{"selector":{"id":"tagMultiInput","viewName":"etm.portal.ui.addressmanagement.view.EditDetail","interaction":{"idSuffix":"inner"}},"wdio_ui5_key":"tagMultiInputetmportal.ui.addressmanagement.view.EditDetail"}]}
RESULT: {"script":"<script> [1562 bytes]","args":[{"selector":{"id":"tagMultiInput","viewName":"etm.portal.ui.addressmanagement.view.EditDetail","interaction":{"idSuffix":"inner"}},"wdio_ui5_key":"tagMultiInputetmportal.ui.addressmanagement.view.EditDetail"}]}
RESULT: undefined
COMMAND: POST /session/b9813d2d4a2a80b357083dca97fefc0e/execute/async - {"script":"<script> [776 bytes]","args":[{"enterText":"testyTag1","selector":{"id":"tagMultiInput","viewName":"etm.portal.ui.addressmanagement.view.EditDetail","interaction":{"idSuffix":"inner"}},"clearTextFirst":true,"interactionType":"ENTER_TEXT"}]}
RESULT: {"script":"<script> [776 bytes]","args":[{"enterText":"testyTag1","selector":{"id":"tagMultiInput","viewName":"etm.portal.ui.addressmanagement.view.EditDetail","interaction":{"idSuffix":"inner"}},"clearTextFirst":true,"interactionType":"ENTER_TEXT"}]}
COMMAND: POST /session/b9813d2d4a2a80b357083dca97fefc0e/actions - {"actions":[{"id":"action5","type":"key","parameters":{},"actions":[{"type":"keyDown","value":""},{"type":"pause","duration":10},{"type":"keyUp","value":""}]}]}
RESULT: {"actions":[{"id":"action5","type":"key","parameters":{},"actions":[{"type":"keyDown","value":""},{"type":"pause","duration":10},{"type":"keyUp","value":""}]}]}
COMMAND: GET /session/b9813d2d4a2a80b357083dca97fefc0e/screenshot - {}
RESULT: {}
RESULT: undefined
COMMAND: POST /session/b9813d2d4a2a80b357083dca97fefc0e/execute/async - {"script":"<script> [776 bytes]","args":[{"enterText":"taggyTag2","selector":{"id":"tagMultiInput","viewName":"etm.portal.ui.addressmanagement.view.EditDetail","interaction":{"idSuffix":"inner"}},"clearTextFirst":true,"interactionType":"ENTER_TEXT"}]}
RESULT: {"script":"<script> [776 bytes]","args":[{"enterText":"taggyTag2","selector":{"id":"tagMultiInput","viewName":"etm.portal.ui.addressmanagement.view.EditDetail","interaction":{"idSuffix":"inner"}},"clearTextFirst":true,"interactionType":"ENTER_TEXT"}]}
COMMAND: POST /session/b9813d2d4a2a80b357083dca97fefc0e/actions - {"actions":[{"id":"action6","type":"key","parameters":{},"actions":[{"type":"keyDown","value":""},{"type":"pause","duration":10},{"type":"keyUp","value":""}]}]}
RESULT: {"actions":[{"id":"action6","type":"key","parameters":{},"actions":[{"type":"keyDown","value":""},{"type":"pause","duration":10},{"type":"keyUp","value":""}]}]}
COMMAND: GET /session/b9813d2d4a2a80b357083dca97fefc0e/screenshot - {}
RESULT: {}
COMMAND: POST /session/b9813d2d4a2a80b357083dca97fefc0e/element - {"using":"xpath","value":"//button[@data-kt=\"saveButton\"]"}
RESULT: {"using":"xpath","value":"//button[@data-kt=\"saveButton\"]"}
COMMAND: POST /session/b9813d2d4a2a80b357083dca97fefc0e/element/f.E51E61EF4515A4333B035E485DBAD5B4.d.9D40662B388766D47B3D9AE7FB841F51.e.1389/click - {}
RESULT: {}
COMMAND: GET /session/b9813d2d4a2a80b357083dca97fefc0e/screenshot - {}
RESULT: {}
COMMAND: POST /session/b9813d2d4a2a80b357083dca97fefc0e/element - {"using":"xpath","value":"//span[@id=\"application-addressmanagement-display-component---detailAdm--addressTitle\"]"}
RESULT: {"using":"xpath","value":"//span[@id=\"application-addressmanagement-display-component---detailAdm--addressTitle\"]"}
COMMAND: POST /session/b9813d2d4a2a80b357083dca97fefc0e/elements - {"using":"xpath","value":"//span[@id=\"application-addressmanagement-display-component---detailAdm--addressTitle\"]"}
RESULT: {"using":"xpath","value":"//span[@id=\"application-addressmanagement-display-component---detailAdm--addressTitle\"]"}
COMMAND: POST /session/b9813d2d4a2a80b357083dca97fefc0e/execute/sync - {"script":"<script> [56 bytes]","args":[{"element-6066-11e4-a52e-4f735466cecf":"f.E51E61EF4515A4333B035E485DBAD5B4.d.9D40662B388766D47B3D9AE7FB841F51.e.1409","ELEMENT":"f.E51E61EF4515A4333B035E485DBAD5B4.d.9D40662B388766D47B3D9AE7FB841F51.e.1409"}]}
RESULT: {"script":"<script> [56 bytes]","args":[{"element-6066-11e4-a52e-4f735466cecf":"f.E51E61EF4515A4333B035E485DBAD5B4.d.9D40662B388766D47B3D9AE7FB841F51.e.1409","ELEMENT":"f.E51E61EF4515A4333B035E485DBAD5B4.d.9D40662B388766D47B3D9AE7FB841F51.e.1409"}]}
COMMAND: POST /session/b9813d2d4a2a80b357083dca97fefc0e/element - {"using":"xpath","value":"//span[@id=\"application-addressmanagement-display-component---detailAdm--addressDetailDetailsName2\"]"}
COMMAND: GET /session/b9813d2d4a2a80b357083dca97fefc0e/screenshot - {}
RESULT: {"using":"xpath","value":"//span[@id=\"application-addressmanagement-display-component---detailAdm--addressDetailDetailsName2\"]"}
COMMAND: POST /session/b9813d2d4a2a80b357083dca97fefc0e/elements - {"using":"xpath","value":"//span[@id=\"application-addressmanagement-display-component---detailAdm--addressDetailDetailsName2\"]"}
RESULT: {}
RESULT: {"using":"xpath","value":"//span[@id=\"application-addressmanagement-display-component---detailAdm--addressDetailDetailsName2\"]"}
COMMAND: POST /session/b9813d2d4a2a80b357083dca97fefc0e/execute/sync - {"script":"<script> [56 bytes]","args":[{"element-6066-11e4-a52e-4f735466cecf":"f.E51E61EF4515A4333B035E485DBAD5B4.d.9D40662B388766D47B3D9AE7FB841F51.e.1410","ELEMENT":"f.E51E61EF4515A4333B035E485DBAD5B4.d.9D40662B388766D47B3D9AE7FB841F51.e.1410"}]}
RESULT: {"script":"<script> [56 bytes]","args":[{"element-6066-11e4-a52e-4f735466cecf":"f.E51E61EF4515A4333B035E485DBAD5B4.d.9D40662B388766D47B3D9AE7FB841F51.e.1410","ELEMENT":"f.E51E61EF4515A4333B035E485DBAD5B4.d.9D40662B388766D47B3D9AE7FB841F51.e.1410"}]}
COMMAND: POST /session/b9813d2d4a2a80b357083dca97fefc0e/element - {"using":"xpath","value":"//span[@id=\"application-addressmanagement-display-component---detailAdm--addressDetailDetailsLanguage\"]"}
COMMAND: GET /session/b9813d2d4a2a80b357083dca97fefc0e/screenshot - {}
RESULT: {"using":"xpath","value":"//span[@id=\"application-addressmanagement-display-component---detailAdm--addressDetailDetailsLanguage\"]"}
COMMAND: POST /session/b9813d2d4a2a80b357083dca97fefc0e/elements - {"using":"xpath","value":"//span[@id=\"application-addressmanagement-display-component---detailAdm--addressDetailDetailsLanguage\"]"}
RESULT: {}
RESULT: {"using":"xpath","value":"//span[@id=\"application-addressmanagement-display-component---detailAdm--addressDetailDetailsLanguage\"]"}
COMMAND: POST /session/b9813d2d4a2a80b357083dca97fefc0e/execute/sync - {"script":"<script> [56 bytes]","args":[{"element-6066-11e4-a52e-4f735466cecf":"f.E51E61EF4515A4333B035E485DBAD5B4.d.9D40662B388766D47B3D9AE7FB841F51.e.1411","ELEMENT":"f.E51E61EF4515A4333B035E485DBAD5B4.d.9D40662B388766D47B3D9AE7FB841F51.e.1411"}]}
RESULT: {"script":"<script> [56 bytes]","args":[{"element-6066-11e4-a52e-4f735466cecf":"f.E51E61EF4515A4333B035E485DBAD5B4.d.9D40662B388766D47B3D9AE7FB841F51.e.1411","ELEMENT":"f.E51E61EF4515A4333B035E485DBAD5B4.d.9D40662B388766D47B3D9AE7FB841F51.e.1411"}]}
COMMAND: POST /session/b9813d2d4a2a80b357083dca97fefc0e/element - {"using":"xpath","value":"//span[@id=\"application-addressmanagement-display-component---detailAdm--addressDetailDetailsZip1\"]"}
COMMAND: GET /session/b9813d2d4a2a80b357083dca97fefc0e/screenshot - {}
RESULT: {"using":"xpath","value":"//span[@id=\"application-addressmanagement-display-component---detailAdm--addressDetailDetailsZip1\"]"}
COMMAND: POST /session/b9813d2d4a2a80b357083dca97fefc0e/elements - {"using":"xpath","value":"//span[@id=\"application-addressmanagement-display-component---detailAdm--addressDetailDetailsZip1\"]"}
RESULT: {}
RESULT: {"using":"xpath","value":"//span[@id=\"application-addressmanagement-display-component---detailAdm--addressDetailDetailsZip1\"]"}
COMMAND: POST /session/b9813d2d4a2a80b357083dca97fefc0e/execute/sync - {"script":"<script> [56 bytes]","args":[{"element-6066-11e4-a52e-4f735466cecf":"f.E51E61EF4515A4333B035E485DBAD5B4.d.9D40662B388766D47B3D9AE7FB841F51.e.1412","ELEMENT":"f.E51E61EF4515A4333B035E485DBAD5B4.d.9D40662B388766D47B3D9AE7FB841F51.e.1412"}]}
RESULT: {"script":"<script> [56 bytes]","args":[{"element-6066-11e4-a52e-4f735466cecf":"f.E51E61EF4515A4333B035E485DBAD5B4.d.9D40662B388766D47B3D9AE7FB841F51.e.1412","ELEMENT":"f.E51E61EF4515A4333B035E485DBAD5B4.d.9D40662B388766D47B3D9AE7FB841F51.e.1412"}]}
COMMAND: POST /session/b9813d2d4a2a80b357083dca97fefc0e/element - {"using":"xpath","value":"//span[@id=\"application-addressmanagement-display-component---detailAdm--addressDetailContactsEmail\"]"}
COMMAND: GET /session/b9813d2d4a2a80b357083dca97fefc0e/screenshot - {}
RESULT: {"using":"xpath","value":"//span[@id=\"application-addressmanagement-display-component---detailAdm--addressDetailContactsEmail\"]"}
COMMAND: POST /session/b9813d2d4a2a80b357083dca97fefc0e/elements - {"using":"xpath","value":"//span[@id=\"application-addressmanagement-display-component---detailAdm--addressDetailContactsEmail\"]"}
RESULT: {}
RESULT: {"using":"xpath","value":"//span[@id=\"application-addressmanagement-display-component---detailAdm--addressDetailContactsEmail\"]"}
COMMAND: POST /session/b9813d2d4a2a80b357083dca97fefc0e/execute/sync - {"script":"<script> [56 bytes]","args":[{"element-6066-11e4-a52e-4f735466cecf":"f.E51E61EF4515A4333B035E485DBAD5B4.d.9D40662B388766D47B3D9AE7FB841F51.e.1413","ELEMENT":"f.E51E61EF4515A4333B035E485DBAD5B4.d.9D40662B388766D47B3D9AE7FB841F51.e.1413"}]}
RESULT: {"script":"<script> [56 bytes]","args":[{"element-6066-11e4-a52e-4f735466cecf":"f.E51E61EF4515A4333B035E485DBAD5B4.d.9D40662B388766D47B3D9AE7FB841F51.e.1413","ELEMENT":"f.E51E61EF4515A4333B035E485DBAD5B4.d.9D40662B388766D47B3D9AE7FB841F51.e.1413"}]}
COMMAND: POST /session/b9813d2d4a2a80b357083dca97fefc0e/element - {"using":"xpath","value":"//span[@id=\"application-addressmanagement-display-component---detailAdm--addressUserJobTitle\"]"}
COMMAND: GET /session/b9813d2d4a2a80b357083dca97fefc0e/screenshot - {}
RESULT: {"using":"xpath","value":"//span[@id=\"application-addressmanagement-display-component---detailAdm--addressUserJobTitle\"]"}
COMMAND: POST /session/b9813d2d4a2a80b357083dca97fefc0e/elements - {"using":"xpath","value":"//span[@id=\"application-addressmanagement-display-component---detailAdm--addressUserJobTitle\"]"}
RESULT: {}
RESULT: {"using":"xpath","value":"//span[@id=\"application-addressmanagement-display-component---detailAdm--addressUserJobTitle\"]"}
COMMAND: POST /session/b9813d2d4a2a80b357083dca97fefc0e/execute/sync - {"script":"<script> [56 bytes]","args":[{"element-6066-11e4-a52e-4f735466cecf":"f.E51E61EF4515A4333B035E485DBAD5B4.d.9D40662B388766D47B3D9AE7FB841F51.e.1414","ELEMENT":"f.E51E61EF4515A4333B035E485DBAD5B4.d.9D40662B388766D47B3D9AE7FB841F51.e.1414"}]}
RESULT: {"script":"<script> [56 bytes]","args":[{"element-6066-11e4-a52e-4f735466cecf":"f.E51E61EF4515A4333B035E485DBAD5B4.d.9D40662B388766D47B3D9AE7FB841F51.e.1414","ELEMENT":"f.E51E61EF4515A4333B035E485DBAD5B4.d.9D40662B388766D47B3D9AE7FB841F51.e.1414"}]}
COMMAND: POST /session/b9813d2d4a2a80b357083dca97fefc0e/element - {"using":"xpath","value":"//span[contains(@class, \"sapMTokenText\") and text()=\"testyTag1\"]"}
COMMAND: GET /session/b9813d2d4a2a80b357083dca97fefc0e/screenshot - {}
RESULT: {"using":"xpath","value":"//span[contains(@class, \"sapMTokenText\") and text()=\"testyTag1\"]"}
COMMAND: POST /session/b9813d2d4a2a80b357083dca97fefc0e/element - {"using":"xpath","value":"//span[contains(@class, \"sapMTokenText\") and text()=\"taggyTag2\"]"}
RESULT: {}
RESULT: {"using":"xpath","value":"//span[contains(@class, \"sapMTokenText\") and text()=\"taggyTag2\"]"}
COMMAND: POST /session/b9813d2d4a2a80b357083dca97fefc0e/elements - {"using":"xpath","value":"//span[contains(@class, \"sapMTokenText\") and text()=\"testyTag1\"]"}
RESULT: {"using":"xpath","value":"//span[contains(@class, \"sapMTokenText\") and text()=\"testyTag1\"]"}
COMMAND: POST /session/b9813d2d4a2a80b357083dca97fefc0e/elements - {"using":"xpath","value":"//span[contains(@class, \"sapMTokenText\") and text()=\"taggyTag2\"]"}
RESULT: {"using":"xpath","value":"//span[contains(@class, \"sapMTokenText\") and text()=\"taggyTag2\"]"}
COMMAND: POST /session/b9813d2d4a2a80b357083dca97fefc0e/element - {"using":"css selector","value":"#shell-header-logo"}
RESULT: {"using":"css selector","value":"#shell-header-logo"}
COMMAND: POST /session/b9813d2d4a2a80b357083dca97fefc0e/element/f.E51E61EF4515A4333B035E485DBAD5B4.d.9D40662B388766D47B3D9AE7FB841F51.e.1007/click - {}
RESULT: {}
COMMAND: GET /session/b9813d2d4a2a80b357083dca97fefc0e/screenshot - {}
RESULT: {}
]]></system-out>
    </testcase>
    <testcase classname="chrome.136_0_7103_93.windows.Address_Management_Tests_US156181_US151165_US151160_US156180_US156178_US151157_US151172_US151170_US151166_US151168" name="Step 5 Should verify searches US156180 verify filters US151157" time="109.59">
      <system-out><![CDATA[
RESULT: undefined
COMMAND: POST /session/b9813d2d4a2a80b357083dca97fefc0e/element - {"using":"xpath","value":"//*[@id=\"__tile33\"]"}
RESULT: {"using":"xpath","value":"//*[@id=\"__tile33\"]"}
COMMAND: POST /session/b9813d2d4a2a80b357083dca97fefc0e/element/f.E51E61EF4515A4333B035E485DBAD5B4.d.9D40662B388766D47B3D9AE7FB841F51.e.217/click - {}
RESULT: {}
COMMAND: GET /session/b9813d2d4a2a80b357083dca97fefc0e/screenshot - {}
RESULT: {}
COMMAND: POST /session/b9813d2d4a2a80b357083dca97fefc0e/elements - {"using":"xpath","value":"//span[text()='Error']"}
RESULT: {"using":"xpath","value":"//span[text()='Error']"}
COMMAND: POST /session/b9813d2d4a2a80b357083dca97fefc0e/element - {"using":"xpath","value":"//button[@data-kt=\"addButton\"]"}
RESULT: {"using":"xpath","value":"//button[@data-kt=\"addButton\"]"}
COMMAND: POST /session/b9813d2d4a2a80b357083dca97fefc0e/elements - {"using":"xpath","value":"//button[@data-kt=\"addButton\"]"}
RESULT: {"using":"xpath","value":"//button[@data-kt=\"addButton\"]"}
COMMAND: POST /session/b9813d2d4a2a80b357083dca97fefc0e/execute/sync - {"script":"<script> [8489 bytes]","args":[{"element-6066-11e4-a52e-4f735466cecf":"f.E51E61EF4515A4333B035E485DBAD5B4.d.9D40662B388766D47B3D9AE7FB841F51.e.1465","ELEMENT":"f.E51E61EF4515A4333B035E485DBAD5B4.d.9D40662B388766D47B3D9AE7FB841F51.e.1465"}]}
RESULT: {"script":"<script> [8489 bytes]","args":[{"element-6066-11e4-a52e-4f735466cecf":"f.E51E61EF4515A4333B035E485DBAD5B4.d.9D40662B388766D47B3D9AE7FB841F51.e.1465","ELEMENT":"f.E51E61EF4515A4333B035E485DBAD5B4.d.9D40662B388766D47B3D9AE7FB841F51.e.1465"}]}
COMMAND: GET /session/b9813d2d4a2a80b357083dca97fefc0e/element/f.E51E61EF4515A4333B035E485DBAD5B4.d.9D40662B388766D47B3D9AE7FB841F51.e.1465/enabled - {}
COMMAND: GET /session/b9813d2d4a2a80b357083dca97fefc0e/screenshot - {}
RESULT: {}
COMMAND: POST /session/b9813d2d4a2a80b357083dca97fefc0e/execute/sync - {"script":"<script> [8489 bytes]","args":[{"element-6066-11e4-a52e-4f735466cecf":"f.E51E61EF4515A4333B035E485DBAD5B4.d.9D40662B388766D47B3D9AE7FB841F51.e.1465","ELEMENT":"f.E51E61EF4515A4333B035E485DBAD5B4.d.9D40662B388766D47B3D9AE7FB841F51.e.1465"}]}
COMMAND: GET /session/b9813d2d4a2a80b357083dca97fefc0e/screenshot - {}
RESULT: {}
RESULT: {"script":"<script> [8489 bytes]","args":[{"element-6066-11e4-a52e-4f735466cecf":"f.E51E61EF4515A4333B035E485DBAD5B4.d.9D40662B388766D47B3D9AE7FB841F51.e.1465","ELEMENT":"f.E51E61EF4515A4333B035E485DBAD5B4.d.9D40662B388766D47B3D9AE7FB841F51.e.1465"}]}
COMMAND: POST /session/b9813d2d4a2a80b357083dca97fefc0e/execute/sync - {"script":"<script> [5351 bytes]","args":[{"element-6066-11e4-a52e-4f735466cecf":"f.E51E61EF4515A4333B035E485DBAD5B4.d.9D40662B388766D47B3D9AE7FB841F51.e.1465","ELEMENT":"f.E51E61EF4515A4333B035E485DBAD5B4.d.9D40662B388766D47B3D9AE7FB841F51.e.1465"}]}
COMMAND: GET /session/b9813d2d4a2a80b357083dca97fefc0e/screenshot - {}
RESULT: {}
RESULT: {"script":"<script> [5351 bytes]","args":[{"element-6066-11e4-a52e-4f735466cecf":"f.E51E61EF4515A4333B035E485DBAD5B4.d.9D40662B388766D47B3D9AE7FB841F51.e.1465","ELEMENT":"f.E51E61EF4515A4333B035E485DBAD5B4.d.9D40662B388766D47B3D9AE7FB841F51.e.1465"}]}
COMMAND: GET /session/b9813d2d4a2a80b357083dca97fefc0e/screenshot - {}
RESULT: {}
RESULT: {}
COMMAND: POST /session/b9813d2d4a2a80b357083dca97fefc0e/element - {"using":"xpath","value":"//span[@id=\"application-addressmanagement-display-component---masterAdm--smartTable-header-inner\"]"}
RESULT: {"using":"xpath","value":"//span[@id=\"application-addressmanagement-display-component---masterAdm--smartTable-header-inner\"]"}
COMMAND: POST /session/b9813d2d4a2a80b357083dca97fefc0e/elements - {"using":"xpath","value":"//span[@id=\"application-addressmanagement-display-component---masterAdm--smartTable-header-inner\"]"}
RESULT: {"using":"xpath","value":"//span[@id=\"application-addressmanagement-display-component---masterAdm--smartTable-header-inner\"]"}
COMMAND: POST /session/b9813d2d4a2a80b357083dca97fefc0e/execute/sync - {"script":"<script> [56 bytes]","args":[{"element-6066-11e4-a52e-4f735466cecf":"f.E51E61EF4515A4333B035E485DBAD5B4.d.9D40662B388766D47B3D9AE7FB841F51.e.1598","ELEMENT":"f.E51E61EF4515A4333B035E485DBAD5B4.d.9D40662B388766D47B3D9AE7FB841F51.e.1598"}]}
RESULT: {"script":"<script> [56 bytes]","args":[{"element-6066-11e4-a52e-4f735466cecf":"f.E51E61EF4515A4333B035E485DBAD5B4.d.9D40662B388766D47B3D9AE7FB841F51.e.1598","ELEMENT":"f.E51E61EF4515A4333B035E485DBAD5B4.d.9D40662B388766D47B3D9AE7FB841F51.e.1598"}]}
COMMAND: POST /session/b9813d2d4a2a80b357083dca97fefc0e/execute/async - {"script":"<script> [1562 bytes]","args":[{"selector":{"id":"application-addressmanagement-display-component---masterAdm--smartFilterBar-filterItemControl_BASIC-COUNTRY-vhi"},"wdio_ui5_key":"applicationaddressmanagement-display-component---masterAdm--smartFilterBar-filterItemControl_BASIC-COUNTRY-vhi"}]}
COMMAND: GET /session/b9813d2d4a2a80b357083dca97fefc0e/screenshot - {}
RESULT: {"script":"<script> [1562 bytes]","args":[{"selector":{"id":"application-addressmanagement-display-component---masterAdm--smartFilterBar-filterItemControl_BASIC-COUNTRY-vhi"},"wdio_ui5_key":"applicationaddressmanagement-display-component---masterAdm--smartFilterBar-filterItemControl_BASIC-COUNTRY-vhi"}]}
RESULT: undefined
COMMAND: POST /session/b9813d2d4a2a80b357083dca97fefc0e/element - {"using":"xpath","value":"//*[@id=\"application-addressmanagement-display-component---masterAdm--smartFilterBar-filterItemControl_BASIC-COUNTRY-vhi\"]"}
RESULT: {}
RESULT: {"using":"xpath","value":"//*[@id=\"application-addressmanagement-display-component---masterAdm--smartFilterBar-filterItemControl_BASIC-COUNTRY-vhi\"]"}
COMMAND: POST /session/b9813d2d4a2a80b357083dca97fefc0e/element/f.E51E61EF4515A4333B035E485DBAD5B4.d.9D40662B388766D47B3D9AE7FB841F51.e.1599/click - {}
RESULT: {}
COMMAND: GET /session/b9813d2d4a2a80b357083dca97fefc0e/screenshot - {}
RESULT: {}
COMMAND: POST /session/b9813d2d4a2a80b357083dca97fefc0e/execute/async - {"script":"<script> [1562 bytes]","args":[{"selector":{"id":"application-addressmanagement-display-component---masterAdm--smartFilterBar-filterItemControl_BASIC-COUNTRY-valueHelpDialog-smartFilterBar-btnBasicSearch","searchOpenDialogs":true,"interaction":{"idSuffix":"I"}},"wdio_ui5_key":"applicationaddressmanagement-display-component---masterAdm--smartFilterBar-filterItemControl_BASIC-COUNTRY-valueHelpDialog-smartFilterBar-btnBasicSearch"}]}
RESULT: {"script":"<script> [1562 bytes]","args":[{"selector":{"id":"application-addressmanagement-display-component---masterAdm--smartFilterBar-filterItemControl_BASIC-COUNTRY-valueHelpDialog-smartFilterBar-btnBasicSearch","searchOpenDialogs":true,"interaction":{"idSuffix":"I"}},"wdio_ui5_key":"applicationaddressmanagement-display-component---masterAdm--smartFilterBar-filterItemControl_BASIC-COUNTRY-valueHelpDialog-smartFilterBar-btnBasicSearch"}]}
RESULT: undefined
COMMAND: POST /session/b9813d2d4a2a80b357083dca97fefc0e/execute/async - {"script":"<script> [776 bytes]","args":[{"enterText":"Romania","selector":{"id":"application-addressmanagement-display-component---masterAdm--smartFilterBar-filterItemControl_BASIC-COUNTRY-valueHelpDialog-smartFilterBar-btnBasicSearch","searchOpenDialogs":true,"interaction":{"idSuffix":"I"}},"clearTextFirst":true,"interactionType":"ENTER_TEXT"}]}
RESULT: {"script":"<script> [776 bytes]","args":[{"enterText":"Romania","selector":{"id":"application-addressmanagement-display-component---masterAdm--smartFilterBar-filterItemControl_BASIC-COUNTRY-valueHelpDialog-smartFilterBar-btnBasicSearch","searchOpenDialogs":true,"interaction":{"idSuffix":"I"}},"clearTextFirst":true,"interactionType":"ENTER_TEXT"}]}
COMMAND: POST /session/b9813d2d4a2a80b357083dca97fefc0e/actions - {"actions":[{"id":"action7","type":"key","parameters":{},"actions":[{"type":"keyDown","value":""},{"type":"pause","duration":10},{"type":"keyUp","value":""}]}]}
RESULT: {"actions":[{"id":"action7","type":"key","parameters":{},"actions":[{"type":"keyDown","value":""},{"type":"pause","duration":10},{"type":"keyUp","value":""}]}]}
COMMAND: POST /session/b9813d2d4a2a80b357083dca97fefc0e/elements - {"using":"xpath","value":"//table[contains(@id, \"smartFilterBar-filterItemControl_BASIC-COUNTRY-valueHelpDialog-table-table\")]/tbody/tr"}
COMMAND: GET /session/b9813d2d4a2a80b357083dca97fefc0e/screenshot - {}
RESULT: {"using":"xpath","value":"//table[contains(@id, \"smartFilterBar-filterItemControl_BASIC-COUNTRY-valueHelpDialog-table-table\")]/tbody/tr"}
COMMAND: POST /session/b9813d2d4a2a80b357083dca97fefc0e/element - {"using":"xpath","value":"//table[contains(@id, \"smartFilterBar-filterItemControl_BASIC-COUNTRY-valueHelpDialog-table-table\")]/tbody/tr[1]/td[1]/div/span"}
RESULT: {}
RESULT: {"using":"xpath","value":"//table[contains(@id, \"smartFilterBar-filterItemControl_BASIC-COUNTRY-valueHelpDialog-table-table\")]/tbody/tr[1]/td[1]/div/span"}
COMMAND: POST /session/b9813d2d4a2a80b357083dca97fefc0e/elements - {"using":"xpath","value":"//table[contains(@id, \"smartFilterBar-filterItemControl_BASIC-COUNTRY-valueHelpDialog-table-table\")]/tbody/tr[1]/td[1]/div/span"}
RESULT: {"using":"xpath","value":"//table[contains(@id, \"smartFilterBar-filterItemControl_BASIC-COUNTRY-valueHelpDialog-table-table\")]/tbody/tr[1]/td[1]/div/span"}
COMMAND: POST /session/b9813d2d4a2a80b357083dca97fefc0e/execute/sync - {"script":"<script> [56 bytes]","args":[{"element-6066-11e4-a52e-4f735466cecf":"f.E51E61EF4515A4333B035E485DBAD5B4.d.9D40662B388766D47B3D9AE7FB841F51.e.1619","ELEMENT":"f.E51E61EF4515A4333B035E485DBAD5B4.d.9D40662B388766D47B3D9AE7FB841F51.e.1619"}]}
RESULT: {"script":"<script> [56 bytes]","args":[{"element-6066-11e4-a52e-4f735466cecf":"f.E51E61EF4515A4333B035E485DBAD5B4.d.9D40662B388766D47B3D9AE7FB841F51.e.1619","ELEMENT":"f.E51E61EF4515A4333B035E485DBAD5B4.d.9D40662B388766D47B3D9AE7FB841F51.e.1619"}]}
COMMAND: POST /session/b9813d2d4a2a80b357083dca97fefc0e/element - {"using":"xpath","value":"//div[contains(@id, \"filterItemControl_BASIC-COUNTRY-valueHelpDialog-table-rowsel0\")]"}
COMMAND: GET /session/b9813d2d4a2a80b357083dca97fefc0e/screenshot - {}
RESULT: {"using":"xpath","value":"//div[contains(@id, \"filterItemControl_BASIC-COUNTRY-valueHelpDialog-table-rowsel0\")]"}
COMMAND: POST /session/b9813d2d4a2a80b357083dca97fefc0e/element/f.E51E61EF4515A4333B035E485DBAD5B4.d.9D40662B388766D47B3D9AE7FB841F51.e.1620/click - {}
RESULT: {}
RESULT: {}
COMMAND: GET /session/b9813d2d4a2a80b357083dca97fefc0e/screenshot - {}
RESULT: {}
COMMAND: POST /session/b9813d2d4a2a80b357083dca97fefc0e/element - {"using":"xpath","value":"(//bdi[contains(text(), \"OK\")])[1]"}
RESULT: {"using":"xpath","value":"(//bdi[contains(text(), \"OK\")])[1]"}
COMMAND: POST /session/b9813d2d4a2a80b357083dca97fefc0e/element/f.E51E61EF4515A4333B035E485DBAD5B4.d.9D40662B388766D47B3D9AE7FB841F51.e.1622/click - {}
RESULT: {}
COMMAND: GET /session/b9813d2d4a2a80b357083dca97fefc0e/screenshot - {}
RESULT: {}
COMMAND: POST /session/b9813d2d4a2a80b357083dca97fefc0e/element - {"using":"xpath","value":"//span[@id=\"application-addressmanagement-display-component---masterAdm--smartTable-header-inner\"]"}
RESULT: {"using":"xpath","value":"//span[@id=\"application-addressmanagement-display-component---masterAdm--smartTable-header-inner\"]"}
COMMAND: POST /session/b9813d2d4a2a80b357083dca97fefc0e/elements - {"using":"xpath","value":"//span[@id=\"application-addressmanagement-display-component---masterAdm--smartTable-header-inner\"]"}
RESULT: {"using":"xpath","value":"//span[@id=\"application-addressmanagement-display-component---masterAdm--smartTable-header-inner\"]"}
COMMAND: POST /session/b9813d2d4a2a80b357083dca97fefc0e/execute/sync - {"script":"<script> [56 bytes]","args":[{"element-6066-11e4-a52e-4f735466cecf":"f.E51E61EF4515A4333B035E485DBAD5B4.d.9D40662B388766D47B3D9AE7FB841F51.e.1598","ELEMENT":"f.E51E61EF4515A4333B035E485DBAD5B4.d.9D40662B388766D47B3D9AE7FB841F51.e.1598"}]}
RESULT: {"script":"<script> [56 bytes]","args":[{"element-6066-11e4-a52e-4f735466cecf":"f.E51E61EF4515A4333B035E485DBAD5B4.d.9D40662B388766D47B3D9AE7FB841F51.e.1598","ELEMENT":"f.E51E61EF4515A4333B035E485DBAD5B4.d.9D40662B388766D47B3D9AE7FB841F51.e.1598"}]}
COMMAND: POST /session/b9813d2d4a2a80b357083dca97fefc0e/element - {"using":"xpath","value":"//span[contains(@title, \"Remove\")]"}
COMMAND: GET /session/b9813d2d4a2a80b357083dca97fefc0e/screenshot - {}
RESULT: {"using":"xpath","value":"//span[contains(@title, \"Remove\")]"}
COMMAND: POST /session/b9813d2d4a2a80b357083dca97fefc0e/element/f.E51E61EF4515A4333B035E485DBAD5B4.d.9D40662B388766D47B3D9AE7FB841F51.e.1748/click - {}
RESULT: {}
RESULT: {}
COMMAND: GET /session/b9813d2d4a2a80b357083dca97fefc0e/screenshot - {}
RESULT: {}
COMMAND: POST /session/b9813d2d4a2a80b357083dca97fefc0e/element - {"using":"xpath","value":"//span[@id=\"application-addressmanagement-display-component---masterAdm--smartTable-header-inner\"]"}
RESULT: {"using":"xpath","value":"//span[@id=\"application-addressmanagement-display-component---masterAdm--smartTable-header-inner\"]"}
COMMAND: POST /session/b9813d2d4a2a80b357083dca97fefc0e/elements - {"using":"xpath","value":"//span[@id=\"application-addressmanagement-display-component---masterAdm--smartTable-header-inner\"]"}
RESULT: {"using":"xpath","value":"//span[@id=\"application-addressmanagement-display-component---masterAdm--smartTable-header-inner\"]"}
COMMAND: POST /session/b9813d2d4a2a80b357083dca97fefc0e/execute/sync - {"script":"<script> [56 bytes]","args":[{"element-6066-11e4-a52e-4f735466cecf":"f.E51E61EF4515A4333B035E485DBAD5B4.d.9D40662B388766D47B3D9AE7FB841F51.e.1598","ELEMENT":"f.E51E61EF4515A4333B035E485DBAD5B4.d.9D40662B388766D47B3D9AE7FB841F51.e.1598"}]}
RESULT: {"script":"<script> [56 bytes]","args":[{"element-6066-11e4-a52e-4f735466cecf":"f.E51E61EF4515A4333B035E485DBAD5B4.d.9D40662B388766D47B3D9AE7FB841F51.e.1598","ELEMENT":"f.E51E61EF4515A4333B035E485DBAD5B4.d.9D40662B388766D47B3D9AE7FB841F51.e.1598"}]}
RESULT: undefined
COMMAND: POST /session/b9813d2d4a2a80b357083dca97fefc0e/element - {"using":"xpath","value":"//*[@id=\"application-addressmanagement-display-component---masterAdm--smartFilterBar-filterItemControl_BASIC-COUNTRY-vhi\"]"}
COMMAND: GET /session/b9813d2d4a2a80b357083dca97fefc0e/screenshot - {}
RESULT: {"using":"xpath","value":"//*[@id=\"application-addressmanagement-display-component---masterAdm--smartFilterBar-filterItemControl_BASIC-COUNTRY-vhi\"]"}
COMMAND: POST /session/b9813d2d4a2a80b357083dca97fefc0e/element/f.E51E61EF4515A4333B035E485DBAD5B4.d.9D40662B388766D47B3D9AE7FB841F51.e.1599/click - {}
RESULT: {}
RESULT: {}
COMMAND: GET /session/b9813d2d4a2a80b357083dca97fefc0e/screenshot - {}
RESULT: {}
RESULT: undefined
COMMAND: POST /session/b9813d2d4a2a80b357083dca97fefc0e/execute/async - {"script":"<script> [776 bytes]","args":[{"enterText":"Romania","selector":{"id":"application-addressmanagement-display-component---masterAdm--smartFilterBar-filterItemControl_BASIC-COUNTRY-valueHelpDialog-smartFilterBar-btnBasicSearch","searchOpenDialogs":true,"interaction":{"idSuffix":"I"}},"clearTextFirst":true,"interactionType":"ENTER_TEXT"}]}
RESULT: {"script":"<script> [776 bytes]","args":[{"enterText":"Romania","selector":{"id":"application-addressmanagement-display-component---masterAdm--smartFilterBar-filterItemControl_BASIC-COUNTRY-valueHelpDialog-smartFilterBar-btnBasicSearch","searchOpenDialogs":true,"interaction":{"idSuffix":"I"}},"clearTextFirst":true,"interactionType":"ENTER_TEXT"}]}
COMMAND: POST /session/b9813d2d4a2a80b357083dca97fefc0e/actions - {"actions":[{"id":"action8","type":"key","parameters":{},"actions":[{"type":"keyDown","value":""},{"type":"pause","duration":10},{"type":"keyUp","value":""}]}]}
RESULT: {"actions":[{"id":"action8","type":"key","parameters":{},"actions":[{"type":"keyDown","value":""},{"type":"pause","duration":10},{"type":"keyUp","value":""}]}]}
COMMAND: GET /session/b9813d2d4a2a80b357083dca97fefc0e/screenshot - {}
RESULT: {}
COMMAND: POST /session/b9813d2d4a2a80b357083dca97fefc0e/elements - {"using":"xpath","value":"//table[contains(@id, \"smartFilterBar-filterItemControl_BASIC-COUNTRY-valueHelpDialog-table-table\")]/tbody/tr"}
RESULT: {"using":"xpath","value":"//table[contains(@id, \"smartFilterBar-filterItemControl_BASIC-COUNTRY-valueHelpDialog-table-table\")]/tbody/tr"}
COMMAND: POST /session/b9813d2d4a2a80b357083dca97fefc0e/element - {"using":"xpath","value":"//table[contains(@id, \"smartFilterBar-filterItemControl_BASIC-COUNTRY-valueHelpDialog-table-table\")]/tbody/tr[1]/td[1]/div/span"}
RESULT: {"using":"xpath","value":"//table[contains(@id, \"smartFilterBar-filterItemControl_BASIC-COUNTRY-valueHelpDialog-table-table\")]/tbody/tr[1]/td[1]/div/span"}
COMMAND: POST /session/b9813d2d4a2a80b357083dca97fefc0e/elements - {"using":"xpath","value":"//table[contains(@id, \"smartFilterBar-filterItemControl_BASIC-COUNTRY-valueHelpDialog-table-table\")]/tbody/tr[1]/td[1]/div/span"}
RESULT: {"using":"xpath","value":"//table[contains(@id, \"smartFilterBar-filterItemControl_BASIC-COUNTRY-valueHelpDialog-table-table\")]/tbody/tr[1]/td[1]/div/span"}
COMMAND: POST /session/b9813d2d4a2a80b357083dca97fefc0e/execute/sync - {"script":"<script> [56 bytes]","args":[{"element-6066-11e4-a52e-4f735466cecf":"f.E51E61EF4515A4333B035E485DBAD5B4.d.9D40662B388766D47B3D9AE7FB841F51.e.1829","ELEMENT":"f.E51E61EF4515A4333B035E485DBAD5B4.d.9D40662B388766D47B3D9AE7FB841F51.e.1829"}]}
RESULT: {"script":"<script> [56 bytes]","args":[{"element-6066-11e4-a52e-4f735466cecf":"f.E51E61EF4515A4333B035E485DBAD5B4.d.9D40662B388766D47B3D9AE7FB841F51.e.1829","ELEMENT":"f.E51E61EF4515A4333B035E485DBAD5B4.d.9D40662B388766D47B3D9AE7FB841F51.e.1829"}]}
COMMAND: POST /session/b9813d2d4a2a80b357083dca97fefc0e/element - {"using":"xpath","value":"//div[contains(@id, \"filterItemControl_BASIC-COUNTRY-valueHelpDialog-table-rowsel0\")]"}
COMMAND: GET /session/b9813d2d4a2a80b357083dca97fefc0e/screenshot - {}
RESULT: {"using":"xpath","value":"//div[contains(@id, \"filterItemControl_BASIC-COUNTRY-valueHelpDialog-table-rowsel0\")]"}
COMMAND: POST /session/b9813d2d4a2a80b357083dca97fefc0e/element/f.E51E61EF4515A4333B035E485DBAD5B4.d.9D40662B388766D47B3D9AE7FB841F51.e.1830/click - {}
RESULT: {}
RESULT: {}
COMMAND: GET /session/b9813d2d4a2a80b357083dca97fefc0e/screenshot - {}
RESULT: {}
RESULT: undefined
COMMAND: POST /session/b9813d2d4a2a80b357083dca97fefc0e/element - {"using":"xpath","value":"//*[@id=\"application-addressmanagement-display-component---masterAdm--smartFilterBar-filterItemControl_BASIC-COUNTRY-vhi\"]"}
RESULT: {"using":"xpath","value":"//*[@id=\"application-addressmanagement-display-component---masterAdm--smartFilterBar-filterItemControl_BASIC-COUNTRY-vhi\"]"}
COMMAND: POST /session/b9813d2d4a2a80b357083dca97fefc0e/element/f.E51E61EF4515A4333B035E485DBAD5B4.d.9D40662B388766D47B3D9AE7FB841F51.e.1599/click - {}
RESULT: undefined
COMMAND: POST /session/b9813d2d4a2a80b357083dca97fefc0e/execute/async - {"script":"<script> [776 bytes]","args":[{"enterText":"Argentina","selector":{"id":"application-addressmanagement-display-component---masterAdm--smartFilterBar-filterItemControl_BASIC-COUNTRY-valueHelpDialog-smartFilterBar-btnBasicSearch","searchOpenDialogs":true,"interaction":{"idSuffix":"I"}},"clearTextFirst":true,"interactionType":"ENTER_TEXT"}]}
RESULT: {"script":"<script> [776 bytes]","args":[{"enterText":"Argentina","selector":{"id":"application-addressmanagement-display-component---masterAdm--smartFilterBar-filterItemControl_BASIC-COUNTRY-valueHelpDialog-smartFilterBar-btnBasicSearch","searchOpenDialogs":true,"interaction":{"idSuffix":"I"}},"clearTextFirst":true,"interactionType":"ENTER_TEXT"}]}
COMMAND: POST /session/b9813d2d4a2a80b357083dca97fefc0e/actions - {"actions":[{"id":"action9","type":"key","parameters":{},"actions":[{"type":"keyDown","value":""},{"type":"pause","duration":10},{"type":"keyUp","value":""}]}]}
RESULT: {"actions":[{"id":"action9","type":"key","parameters":{},"actions":[{"type":"keyDown","value":""},{"type":"pause","duration":10},{"type":"keyUp","value":""}]}]}
COMMAND: GET /session/b9813d2d4a2a80b357083dca97fefc0e/screenshot - {}
RESULT: {}
COMMAND: POST /session/b9813d2d4a2a80b357083dca97fefc0e/elements - {"using":"xpath","value":"//table[contains(@id, \"smartFilterBar-filterItemControl_BASIC-COUNTRY-valueHelpDialog-table-table\")]/tbody/tr"}
RESULT: {"using":"xpath","value":"//table[contains(@id, \"smartFilterBar-filterItemControl_BASIC-COUNTRY-valueHelpDialog-table-table\")]/tbody/tr"}
COMMAND: POST /session/b9813d2d4a2a80b357083dca97fefc0e/element - {"using":"xpath","value":"//table[contains(@id, \"smartFilterBar-filterItemControl_BASIC-COUNTRY-valueHelpDialog-table-table\")]/tbody/tr[1]/td[1]/div/span"}
RESULT: {"using":"xpath","value":"//table[contains(@id, \"smartFilterBar-filterItemControl_BASIC-COUNTRY-valueHelpDialog-table-table\")]/tbody/tr[1]/td[1]/div/span"}
COMMAND: POST /session/b9813d2d4a2a80b357083dca97fefc0e/elements - {"using":"xpath","value":"//table[contains(@id, \"smartFilterBar-filterItemControl_BASIC-COUNTRY-valueHelpDialog-table-table\")]/tbody/tr[1]/td[1]/div/span"}
RESULT: {"using":"xpath","value":"//table[contains(@id, \"smartFilterBar-filterItemControl_BASIC-COUNTRY-valueHelpDialog-table-table\")]/tbody/tr[1]/td[1]/div/span"}
COMMAND: POST /session/b9813d2d4a2a80b357083dca97fefc0e/execute/sync - {"script":"<script> [56 bytes]","args":[{"element-6066-11e4-a52e-4f735466cecf":"f.E51E61EF4515A4333B035E485DBAD5B4.d.9D40662B388766D47B3D9AE7FB841F51.e.1829","ELEMENT":"f.E51E61EF4515A4333B035E485DBAD5B4.d.9D40662B388766D47B3D9AE7FB841F51.e.1829"}]}
RESULT: {"script":"<script> [56 bytes]","args":[{"element-6066-11e4-a52e-4f735466cecf":"f.E51E61EF4515A4333B035E485DBAD5B4.d.9D40662B388766D47B3D9AE7FB841F51.e.1829","ELEMENT":"f.E51E61EF4515A4333B035E485DBAD5B4.d.9D40662B388766D47B3D9AE7FB841F51.e.1829"}]}
COMMAND: POST /session/b9813d2d4a2a80b357083dca97fefc0e/element - {"using":"xpath","value":"//div[contains(@id, \"filterItemControl_BASIC-COUNTRY-valueHelpDialog-table-rowsel0\")]"}
COMMAND: GET /session/b9813d2d4a2a80b357083dca97fefc0e/screenshot - {}
RESULT: {"using":"xpath","value":"//div[contains(@id, \"filterItemControl_BASIC-COUNTRY-valueHelpDialog-table-rowsel0\")]"}
COMMAND: POST /session/b9813d2d4a2a80b357083dca97fefc0e/element/f.E51E61EF4515A4333B035E485DBAD5B4.d.9D40662B388766D47B3D9AE7FB841F51.e.1830/click - {}
RESULT: {}
RESULT: {}
COMMAND: GET /session/b9813d2d4a2a80b357083dca97fefc0e/screenshot - {}
RESULT: {}
COMMAND: POST /session/b9813d2d4a2a80b357083dca97fefc0e/element - {"using":"xpath","value":"(//bdi[contains(text(), \"OK\")])[1]"}
RESULT: {"using":"xpath","value":"(//bdi[contains(text(), \"OK\")])[1]"}
COMMAND: POST /session/b9813d2d4a2a80b357083dca97fefc0e/element/f.E51E61EF4515A4333B035E485DBAD5B4.d.9D40662B388766D47B3D9AE7FB841F51.e.1832/click - {}
RESULT: {}
COMMAND: GET /session/b9813d2d4a2a80b357083dca97fefc0e/screenshot - {}
RESULT: {}
COMMAND: POST /session/b9813d2d4a2a80b357083dca97fefc0e/element - {"using":"xpath","value":"//span[@id=\"application-addressmanagement-display-component---masterAdm--smartTable-header-inner\"]"}
RESULT: {"using":"xpath","value":"//span[@id=\"application-addressmanagement-display-component---masterAdm--smartTable-header-inner\"]"}
COMMAND: POST /session/b9813d2d4a2a80b357083dca97fefc0e/elements - {"using":"xpath","value":"//span[@id=\"application-addressmanagement-display-component---masterAdm--smartTable-header-inner\"]"}
RESULT: {"using":"xpath","value":"//span[@id=\"application-addressmanagement-display-component---masterAdm--smartTable-header-inner\"]"}
COMMAND: POST /session/b9813d2d4a2a80b357083dca97fefc0e/execute/sync - {"script":"<script> [56 bytes]","args":[{"element-6066-11e4-a52e-4f735466cecf":"f.E51E61EF4515A4333B035E485DBAD5B4.d.9D40662B388766D47B3D9AE7FB841F51.e.1598","ELEMENT":"f.E51E61EF4515A4333B035E485DBAD5B4.d.9D40662B388766D47B3D9AE7FB841F51.e.1598"}]}
RESULT: {"script":"<script> [56 bytes]","args":[{"element-6066-11e4-a52e-4f735466cecf":"f.E51E61EF4515A4333B035E485DBAD5B4.d.9D40662B388766D47B3D9AE7FB841F51.e.1598","ELEMENT":"f.E51E61EF4515A4333B035E485DBAD5B4.d.9D40662B388766D47B3D9AE7FB841F51.e.1598"}]}
COMMAND: POST /session/b9813d2d4a2a80b357083dca97fefc0e/execute/async - {"script":"<script> [1562 bytes]","args":[{"selector":{"id":"application-addressmanagement-display-component---masterAdm--smartFilterBar-filterItemControl_BASIC-NAME-vhi"},"wdio_ui5_key":"applicationaddressmanagement-display-component---masterAdm--smartFilterBar-filterItemControl_BASIC-NAME-vhi"}]}
COMMAND: GET /session/b9813d2d4a2a80b357083dca97fefc0e/screenshot - {}
RESULT: {"script":"<script> [1562 bytes]","args":[{"selector":{"id":"application-addressmanagement-display-component---masterAdm--smartFilterBar-filterItemControl_BASIC-NAME-vhi"},"wdio_ui5_key":"applicationaddressmanagement-display-component---masterAdm--smartFilterBar-filterItemControl_BASIC-NAME-vhi"}]}
RESULT: undefined
COMMAND: POST /session/b9813d2d4a2a80b357083dca97fefc0e/element - {"using":"xpath","value":"//*[@id=\"application-addressmanagement-display-component---masterAdm--smartFilterBar-filterItemControl_BASIC-NAME-vhi\"]"}
RESULT: {}
RESULT: {"using":"xpath","value":"//*[@id=\"application-addressmanagement-display-component---masterAdm--smartFilterBar-filterItemControl_BASIC-NAME-vhi\"]"}
COMMAND: POST /session/b9813d2d4a2a80b357083dca97fefc0e/element/f.E51E61EF4515A4333B035E485DBAD5B4.d.9D40662B388766D47B3D9AE7FB841F51.e.1862/click - {}
RESULT: {}
COMMAND: GET /session/b9813d2d4a2a80b357083dca97fefc0e/screenshot - {}
RESULT: {}
COMMAND: POST /session/b9813d2d4a2a80b357083dca97fefc0e/execute/async - {"script":"<script> [1562 bytes]","args":[{"selector":{"controlType":"sap.m.Input","viewName":"etm.portal.ui.addressmanagement.view.Master","viewId":"application-addressmanagement-display-component---masterAdm","properties":{"valueState":"None"},"searchOpenDialogs":true,"interaction":{"idSuffix":"inner"}},"wdio_ui5_key":"etmportal.ui.addressmanagement.view.Mastersap.m.Input{\"valueState\":\"None\"}"}]}
RESULT: {"script":"<script> [1562 bytes]","args":[{"selector":{"controlType":"sap.m.Input","viewName":"etm.portal.ui.addressmanagement.view.Master","viewId":"application-addressmanagement-display-component---masterAdm","properties":{"valueState":"None"},"searchOpenDialogs":true,"interaction":{"idSuffix":"inner"}},"wdio_ui5_key":"etmportal.ui.addressmanagement.view.Mastersap.m.Input{\"valueState\":\"None\"}"}]}
RESULT: undefined
COMMAND: POST /session/b9813d2d4a2a80b357083dca97fefc0e/execute/async - {"script":"<script> [776 bytes]","args":[{"enterText":"Test","selector":{"controlType":"sap.m.Input","viewName":"etm.portal.ui.addressmanagement.view.Master","viewId":"application-addressmanagement-display-component---masterAdm","properties":{"valueState":"None"},"searchOpenDialogs":true,"interaction":{"idSuffix":"inner"}},"clearTextFirst":true,"interactionType":"ENTER_TEXT"}]}
RESULT: {"script":"<script> [776 bytes]","args":[{"enterText":"Test","selector":{"controlType":"sap.m.Input","viewName":"etm.portal.ui.addressmanagement.view.Master","viewId":"application-addressmanagement-display-component---masterAdm","properties":{"valueState":"None"},"searchOpenDialogs":true,"interaction":{"idSuffix":"inner"}},"clearTextFirst":true,"interactionType":"ENTER_TEXT"}]}
COMMAND: POST /session/b9813d2d4a2a80b357083dca97fefc0e/actions - {"actions":[{"id":"action10","type":"key","parameters":{},"actions":[{"type":"keyDown","value":""},{"type":"pause","duration":10},{"type":"keyUp","value":""}]}]}
RESULT: {"actions":[{"id":"action10","type":"key","parameters":{},"actions":[{"type":"keyDown","value":""},{"type":"pause","duration":10},{"type":"keyUp","value":""}]}]}
COMMAND: GET /session/b9813d2d4a2a80b357083dca97fefc0e/screenshot - {}
RESULT: {}
COMMAND: POST /session/b9813d2d4a2a80b357083dca97fefc0e/element - {"using":"xpath","value":"(//bdi[contains(text(), \"OK\")])[1]"}
RESULT: {"using":"xpath","value":"(//bdi[contains(text(), \"OK\")])[1]"}
COMMAND: POST /session/b9813d2d4a2a80b357083dca97fefc0e/element/f.E51E61EF4515A4333B035E485DBAD5B4.d.9D40662B388766D47B3D9AE7FB841F51.e.1869/click - {}
RESULT: {}
COMMAND: GET /session/b9813d2d4a2a80b357083dca97fefc0e/screenshot - {}
RESULT: {}
COMMAND: POST /session/b9813d2d4a2a80b357083dca97fefc0e/element - {"using":"xpath","value":"//span[@id=\"application-addressmanagement-display-component---masterAdm--smartTable-header-inner\"]"}
RESULT: {"using":"xpath","value":"//span[@id=\"application-addressmanagement-display-component---masterAdm--smartTable-header-inner\"]"}
COMMAND: POST /session/b9813d2d4a2a80b357083dca97fefc0e/elements - {"using":"xpath","value":"//span[@id=\"application-addressmanagement-display-component---masterAdm--smartTable-header-inner\"]"}
RESULT: {"using":"xpath","value":"//span[@id=\"application-addressmanagement-display-component---masterAdm--smartTable-header-inner\"]"}
COMMAND: POST /session/b9813d2d4a2a80b357083dca97fefc0e/execute/sync - {"script":"<script> [56 bytes]","args":[{"element-6066-11e4-a52e-4f735466cecf":"f.E51E61EF4515A4333B035E485DBAD5B4.d.9D40662B388766D47B3D9AE7FB841F51.e.1598","ELEMENT":"f.E51E61EF4515A4333B035E485DBAD5B4.d.9D40662B388766D47B3D9AE7FB841F51.e.1598"}]}
RESULT: {"script":"<script> [56 bytes]","args":[{"element-6066-11e4-a52e-4f735466cecf":"f.E51E61EF4515A4333B035E485DBAD5B4.d.9D40662B388766D47B3D9AE7FB841F51.e.1598","ELEMENT":"f.E51E61EF4515A4333B035E485DBAD5B4.d.9D40662B388766D47B3D9AE7FB841F51.e.1598"}]}
COMMAND: POST /session/b9813d2d4a2a80b357083dca97fefc0e/element - {"using":"xpath","value":"//span[contains(@title, \"Remove\")]"}
COMMAND: GET /session/b9813d2d4a2a80b357083dca97fefc0e/screenshot - {}
RESULT: {"using":"xpath","value":"//span[contains(@title, \"Remove\")]"}
COMMAND: POST /session/b9813d2d4a2a80b357083dca97fefc0e/element/f.E51E61EF4515A4333B035E485DBAD5B4.d.9D40662B388766D47B3D9AE7FB841F51.e.1946/click - {}
RESULT: {}
RESULT: {}
COMMAND: GET /session/b9813d2d4a2a80b357083dca97fefc0e/screenshot - {}
COMMAND: POST /session/b9813d2d4a2a80b357083dca97fefc0e/element - {"using":"xpath","value":"//span[contains(@title, \"Remove\")]"}
RESULT: {}
RESULT: {"using":"xpath","value":"//span[contains(@title, \"Remove\")]"}
COMMAND: POST /session/b9813d2d4a2a80b357083dca97fefc0e/element/f.E51E61EF4515A4333B035E485DBAD5B4.d.9D40662B388766D47B3D9AE7FB841F51.e.2022/click - {}
RESULT: {}
COMMAND: GET /session/b9813d2d4a2a80b357083dca97fefc0e/screenshot - {}
COMMAND: POST /session/b9813d2d4a2a80b357083dca97fefc0e/element - {"using":"xpath","value":"//span[contains(@title, \"Remove\")]"}
RESULT: {}
RESULT: {"using":"xpath","value":"//span[contains(@title, \"Remove\")]"}
COMMAND: POST /session/b9813d2d4a2a80b357083dca97fefc0e/element/f.E51E61EF4515A4333B035E485DBAD5B4.d.9D40662B388766D47B3D9AE7FB841F51.e.2138/click - {}
RESULT: {}
COMMAND: GET /session/b9813d2d4a2a80b357083dca97fefc0e/screenshot - {}
RESULT: {}
COMMAND: POST /session/b9813d2d4a2a80b357083dca97fefc0e/element - {"using":"css selector","value":"#shell-header-logo"}
RESULT: {"using":"css selector","value":"#shell-header-logo"}
COMMAND: POST /session/b9813d2d4a2a80b357083dca97fefc0e/element/f.E51E61EF4515A4333B035E485DBAD5B4.d.9D40662B388766D47B3D9AE7FB841F51.e.1423/click - {}
RESULT: {}
COMMAND: GET /session/b9813d2d4a2a80b357083dca97fefc0e/screenshot - {}
RESULT: {}
]]></system-out>
    </testcase>
    <testcase classname="chrome.136_0_7103_93.windows.Address_Management_Tests_US156181_US151165_US151160_US156180_US156178_US151157_US151172_US151170_US151166_US151168" name="Step 6 Should assign user ID to an user assign them to site US151172" time="102.934">
      <system-out><![CDATA[
RESULT: undefined
COMMAND: POST /session/b9813d2d4a2a80b357083dca97fefc0e/element - {"using":"xpath","value":"//*[@id=\"__tile33\"]"}
RESULT: {"using":"xpath","value":"//*[@id=\"__tile33\"]"}
COMMAND: POST /session/b9813d2d4a2a80b357083dca97fefc0e/element/f.E51E61EF4515A4333B035E485DBAD5B4.d.9D40662B388766D47B3D9AE7FB841F51.e.217/click - {}
RESULT: {}
COMMAND: GET /session/b9813d2d4a2a80b357083dca97fefc0e/screenshot - {}
RESULT: {}
COMMAND: POST /session/b9813d2d4a2a80b357083dca97fefc0e/elements - {"using":"xpath","value":"//span[text()='Error']"}
RESULT: {"using":"xpath","value":"//span[text()='Error']"}
COMMAND: POST /session/b9813d2d4a2a80b357083dca97fefc0e/element - {"using":"xpath","value":"//button[@data-kt=\"addButton\"]"}
RESULT: {"using":"xpath","value":"//button[@data-kt=\"addButton\"]"}
COMMAND: POST /session/b9813d2d4a2a80b357083dca97fefc0e/elements - {"using":"xpath","value":"//button[@data-kt=\"addButton\"]"}
RESULT: {"using":"xpath","value":"//button[@data-kt=\"addButton\"]"}
COMMAND: POST /session/b9813d2d4a2a80b357083dca97fefc0e/execute/sync - {"script":"<script> [8489 bytes]","args":[{"element-6066-11e4-a52e-4f735466cecf":"f.E51E61EF4515A4333B035E485DBAD5B4.d.9D40662B388766D47B3D9AE7FB841F51.e.2254","ELEMENT":"f.E51E61EF4515A4333B035E485DBAD5B4.d.9D40662B388766D47B3D9AE7FB841F51.e.2254"}]}
RESULT: {"script":"<script> [8489 bytes]","args":[{"element-6066-11e4-a52e-4f735466cecf":"f.E51E61EF4515A4333B035E485DBAD5B4.d.9D40662B388766D47B3D9AE7FB841F51.e.2254","ELEMENT":"f.E51E61EF4515A4333B035E485DBAD5B4.d.9D40662B388766D47B3D9AE7FB841F51.e.2254"}]}
COMMAND: GET /session/b9813d2d4a2a80b357083dca97fefc0e/element/f.E51E61EF4515A4333B035E485DBAD5B4.d.9D40662B388766D47B3D9AE7FB841F51.e.2254/enabled - {}
COMMAND: GET /session/b9813d2d4a2a80b357083dca97fefc0e/screenshot - {}
RESULT: {}
COMMAND: POST /session/b9813d2d4a2a80b357083dca97fefc0e/execute/sync - {"script":"<script> [8489 bytes]","args":[{"element-6066-11e4-a52e-4f735466cecf":"f.E51E61EF4515A4333B035E485DBAD5B4.d.9D40662B388766D47B3D9AE7FB841F51.e.2254","ELEMENT":"f.E51E61EF4515A4333B035E485DBAD5B4.d.9D40662B388766D47B3D9AE7FB841F51.e.2254"}]}
COMMAND: GET /session/b9813d2d4a2a80b357083dca97fefc0e/screenshot - {}
RESULT: {}
RESULT: {"script":"<script> [8489 bytes]","args":[{"element-6066-11e4-a52e-4f735466cecf":"f.E51E61EF4515A4333B035E485DBAD5B4.d.9D40662B388766D47B3D9AE7FB841F51.e.2254","ELEMENT":"f.E51E61EF4515A4333B035E485DBAD5B4.d.9D40662B388766D47B3D9AE7FB841F51.e.2254"}]}
COMMAND: POST /session/b9813d2d4a2a80b357083dca97fefc0e/execute/sync - {"script":"<script> [5351 bytes]","args":[{"element-6066-11e4-a52e-4f735466cecf":"f.E51E61EF4515A4333B035E485DBAD5B4.d.9D40662B388766D47B3D9AE7FB841F51.e.2254","ELEMENT":"f.E51E61EF4515A4333B035E485DBAD5B4.d.9D40662B388766D47B3D9AE7FB841F51.e.2254"}]}
COMMAND: GET /session/b9813d2d4a2a80b357083dca97fefc0e/screenshot - {}
RESULT: {}
RESULT: {"script":"<script> [5351 bytes]","args":[{"element-6066-11e4-a52e-4f735466cecf":"f.E51E61EF4515A4333B035E485DBAD5B4.d.9D40662B388766D47B3D9AE7FB841F51.e.2254","ELEMENT":"f.E51E61EF4515A4333B035E485DBAD5B4.d.9D40662B388766D47B3D9AE7FB841F51.e.2254"}]}
COMMAND: GET /session/b9813d2d4a2a80b357083dca97fefc0e/screenshot - {}
RESULT: {}
RESULT: {}
RESULT: undefined
COMMAND: POST /session/b9813d2d4a2a80b357083dca97fefc0e/execute/async - {"script":"<script> [776 bytes]","args":[{"enterText":"Test1ETM","selector":{"id":"application-addressmanagement-display-component---masterAdm--smartFilterBar-btnBasicSearch","interaction":{"idSuffix":"I"}},"clearTextFirst":true,"interactionType":"ENTER_TEXT"}]}
RESULT: {"script":"<script> [776 bytes]","args":[{"enterText":"Test1ETM","selector":{"id":"application-addressmanagement-display-component---masterAdm--smartFilterBar-btnBasicSearch","interaction":{"idSuffix":"I"}},"clearTextFirst":true,"interactionType":"ENTER_TEXT"}]}
COMMAND: POST /session/b9813d2d4a2a80b357083dca97fefc0e/actions - {"actions":[{"id":"action11","type":"key","parameters":{},"actions":[{"type":"keyDown","value":""},{"type":"pause","duration":10},{"type":"keyUp","value":""}]}]}
RESULT: {"actions":[{"id":"action11","type":"key","parameters":{},"actions":[{"type":"keyDown","value":""},{"type":"pause","duration":10},{"type":"keyUp","value":""}]}]}
COMMAND: GET /session/b9813d2d4a2a80b357083dca97fefc0e/screenshot - {}
RESULT: {}
COMMAND: POST /session/b9813d2d4a2a80b357083dca97fefc0e/elements - {"using":"xpath","value":"//table[contains(@id, \"customPersonsAddressesTable-listUl\")]/tbody/tr"}
RESULT: {"using":"xpath","value":"//table[contains(@id, \"customPersonsAddressesTable-listUl\")]/tbody/tr"}
COMMAND: POST /session/b9813d2d4a2a80b357083dca97fefc0e/element - {"using":"xpath","value":"//table[contains(@id, \"customPersonsAddressesTable-listUl\")]/tbody/tr[1]/td[5]/span/span"}
RESULT: {"using":"xpath","value":"//table[contains(@id, \"customPersonsAddressesTable-listUl\")]/tbody/tr[1]/td[5]/span/span"}
COMMAND: POST /session/b9813d2d4a2a80b357083dca97fefc0e/element - {"using":"xpath","value":"//table[contains(@id, \"customPersonsAddressesTable-listUl\")]/tbody/tr[1]/td[3]/span"}
RESULT: {"using":"xpath","value":"//table[contains(@id, \"customPersonsAddressesTable-listUl\")]/tbody/tr[1]/td[3]/span"}
COMMAND: POST /session/b9813d2d4a2a80b357083dca97fefc0e/elements - {"using":"xpath","value":"//table[contains(@id, \"customPersonsAddressesTable-listUl\")]/tbody/tr[1]/td[5]/span/span"}
RESULT: {"using":"xpath","value":"//table[contains(@id, \"customPersonsAddressesTable-listUl\")]/tbody/tr[1]/td[5]/span/span"}
COMMAND: POST /session/b9813d2d4a2a80b357083dca97fefc0e/execute/sync - {"script":"<script> [56 bytes]","args":[{"element-6066-11e4-a52e-4f735466cecf":"f.E51E61EF4515A4333B035E485DBAD5B4.d.9D40662B388766D47B3D9AE7FB841F51.e.2403","ELEMENT":"f.E51E61EF4515A4333B035E485DBAD5B4.d.9D40662B388766D47B3D9AE7FB841F51.e.2403"}]}
RESULT: {"script":"<script> [56 bytes]","args":[{"element-6066-11e4-a52e-4f735466cecf":"f.E51E61EF4515A4333B035E485DBAD5B4.d.9D40662B388766D47B3D9AE7FB841F51.e.2403","ELEMENT":"f.E51E61EF4515A4333B035E485DBAD5B4.d.9D40662B388766D47B3D9AE7FB841F51.e.2403"}]}
COMMAND: POST /session/b9813d2d4a2a80b357083dca97fefc0e/element - {"using":"xpath","value":"//span[@id=\"application-addressmanagement-display-component---masterAdm--smartTable-header-inner\"]"}
COMMAND: GET /session/b9813d2d4a2a80b357083dca97fefc0e/screenshot - {}
RESULT: {"using":"xpath","value":"//span[@id=\"application-addressmanagement-display-component---masterAdm--smartTable-header-inner\"]"}
COMMAND: POST /session/b9813d2d4a2a80b357083dca97fefc0e/elements - {"using":"xpath","value":"//span[@id=\"application-addressmanagement-display-component---masterAdm--smartTable-header-inner\"]"}
RESULT: {}
RESULT: {"using":"xpath","value":"//span[@id=\"application-addressmanagement-display-component---masterAdm--smartTable-header-inner\"]"}
COMMAND: POST /session/b9813d2d4a2a80b357083dca97fefc0e/execute/sync - {"script":"<script> [56 bytes]","args":[{"element-6066-11e4-a52e-4f735466cecf":"f.E51E61EF4515A4333B035E485DBAD5B4.d.9D40662B388766D47B3D9AE7FB841F51.e.2405","ELEMENT":"f.E51E61EF4515A4333B035E485DBAD5B4.d.9D40662B388766D47B3D9AE7FB841F51.e.2405"}]}
RESULT: {"script":"<script> [56 bytes]","args":[{"element-6066-11e4-a52e-4f735466cecf":"f.E51E61EF4515A4333B035E485DBAD5B4.d.9D40662B388766D47B3D9AE7FB841F51.e.2405","ELEMENT":"f.E51E61EF4515A4333B035E485DBAD5B4.d.9D40662B388766D47B3D9AE7FB841F51.e.2405"}]}
COMMAND: POST /session/b9813d2d4a2a80b357083dca97fefc0e/element - {"using":"css selector","value":"#shell-header-logo"}
COMMAND: GET /session/b9813d2d4a2a80b357083dca97fefc0e/screenshot - {}
RESULT: {"using":"css selector","value":"#shell-header-logo"}
COMMAND: POST /session/b9813d2d4a2a80b357083dca97fefc0e/element/f.E51E61EF4515A4333B035E485DBAD5B4.d.9D40662B388766D47B3D9AE7FB841F51.e.2212/click - {}
RESULT: {}
RESULT: {}
COMMAND: GET /session/b9813d2d4a2a80b357083dca97fefc0e/screenshot - {}
RESULT: {}
COMMAND: POST /session/b9813d2d4a2a80b357083dca97fefc0e/execute/async - {"script":"<script> [1562 bytes]","args":[{"selector":{"controlType":"sap.m.GenericTile","properties":{"header":"Manage Sites"}},"wdio_ui5_key":"sapm.GenericTile{\"header\":\"Manage Sites\"}"}]}
RESULT: {"script":"<script> [1562 bytes]","args":[{"selector":{"controlType":"sap.m.GenericTile","properties":{"header":"Manage Sites"}},"wdio_ui5_key":"sapm.GenericTile{\"header\":\"Manage Sites\"}"}]}
RESULT: undefined
COMMAND: POST /session/b9813d2d4a2a80b357083dca97fefc0e/element - {"using":"xpath","value":"//*[@id=\"__tile40\"]"}
RESULT: {"using":"xpath","value":"//*[@id=\"__tile40\"]"}
COMMAND: POST /session/b9813d2d4a2a80b357083dca97fefc0e/element/f.E51E61EF4515A4333B035E485DBAD5B4.d.9D40662B388766D47B3D9AE7FB841F51.e.158/click - {}
RESULT: {}
COMMAND: GET /session/b9813d2d4a2a80b357083dca97fefc0e/screenshot - {}
RESULT: {}
COMMAND: POST /session/b9813d2d4a2a80b357083dca97fefc0e/elements - {"using":"xpath","value":"//span[text()='Error']"}
RESULT: {"using":"xpath","value":"//span[text()='Error']"}
COMMAND: POST /session/b9813d2d4a2a80b357083dca97fefc0e/element - {"using":"xpath","value":"//button[@data-kt=\"addOverflowToolbarButton\"]"}
RESULT: {"using":"xpath","value":"//button[@data-kt=\"addOverflowToolbarButton\"]"}
COMMAND: POST /session/b9813d2d4a2a80b357083dca97fefc0e/elements - {"using":"xpath","value":"//button[@data-kt=\"addOverflowToolbarButton\"]"}
RESULT: {"using":"xpath","value":"//button[@data-kt=\"addOverflowToolbarButton\"]"}
COMMAND: POST /session/b9813d2d4a2a80b357083dca97fefc0e/execute/sync - {"script":"<script> [8489 bytes]","args":[{"element-6066-11e4-a52e-4f735466cecf":"f.E51E61EF4515A4333B035E485DBAD5B4.d.9D40662B388766D47B3D9AE7FB841F51.e.2452","ELEMENT":"f.E51E61EF4515A4333B035E485DBAD5B4.d.9D40662B388766D47B3D9AE7FB841F51.e.2452"}]}
RESULT: {"script":"<script> [8489 bytes]","args":[{"element-6066-11e4-a52e-4f735466cecf":"f.E51E61EF4515A4333B035E485DBAD5B4.d.9D40662B388766D47B3D9AE7FB841F51.e.2452","ELEMENT":"f.E51E61EF4515A4333B035E485DBAD5B4.d.9D40662B388766D47B3D9AE7FB841F51.e.2452"}]}
COMMAND: GET /session/b9813d2d4a2a80b357083dca97fefc0e/element/f.E51E61EF4515A4333B035E485DBAD5B4.d.9D40662B388766D47B3D9AE7FB841F51.e.2452/enabled - {}
COMMAND: GET /session/b9813d2d4a2a80b357083dca97fefc0e/screenshot - {}
RESULT: {}
COMMAND: POST /session/b9813d2d4a2a80b357083dca97fefc0e/execute/sync - {"script":"<script> [8489 bytes]","args":[{"element-6066-11e4-a52e-4f735466cecf":"f.E51E61EF4515A4333B035E485DBAD5B4.d.9D40662B388766D47B3D9AE7FB841F51.e.2452","ELEMENT":"f.E51E61EF4515A4333B035E485DBAD5B4.d.9D40662B388766D47B3D9AE7FB841F51.e.2452"}]}
COMMAND: GET /session/b9813d2d4a2a80b357083dca97fefc0e/screenshot - {}
RESULT: {}
RESULT: {"script":"<script> [8489 bytes]","args":[{"element-6066-11e4-a52e-4f735466cecf":"f.E51E61EF4515A4333B035E485DBAD5B4.d.9D40662B388766D47B3D9AE7FB841F51.e.2452","ELEMENT":"f.E51E61EF4515A4333B035E485DBAD5B4.d.9D40662B388766D47B3D9AE7FB841F51.e.2452"}]}
COMMAND: POST /session/b9813d2d4a2a80b357083dca97fefc0e/execute/sync - {"script":"<script> [5351 bytes]","args":[{"element-6066-11e4-a52e-4f735466cecf":"f.E51E61EF4515A4333B035E485DBAD5B4.d.9D40662B388766D47B3D9AE7FB841F51.e.2452","ELEMENT":"f.E51E61EF4515A4333B035E485DBAD5B4.d.9D40662B388766D47B3D9AE7FB841F51.e.2452"}]}
COMMAND: GET /session/b9813d2d4a2a80b357083dca97fefc0e/screenshot - {}
RESULT: {}
RESULT: {"script":"<script> [5351 bytes]","args":[{"element-6066-11e4-a52e-4f735466cecf":"f.E51E61EF4515A4333B035E485DBAD5B4.d.9D40662B388766D47B3D9AE7FB841F51.e.2452","ELEMENT":"f.E51E61EF4515A4333B035E485DBAD5B4.d.9D40662B388766D47B3D9AE7FB841F51.e.2452"}]}
COMMAND: GET /session/b9813d2d4a2a80b357083dca97fefc0e/screenshot - {}
RESULT: {}
RESULT: {}
COMMAND: POST /session/b9813d2d4a2a80b357083dca97fefc0e/element/f.E51E61EF4515A4333B035E485DBAD5B4.d.9D40662B388766D47B3D9AE7FB841F51.e.2452/click - {}
RESULT: {}
COMMAND: GET /session/b9813d2d4a2a80b357083dca97fefc0e/screenshot - {}
COMMAND: POST /session/b9813d2d4a2a80b357083dca97fefc0e/execute/async - {"script":"<script> [1562 bytes]","args":[{"selector":{"controlType":"sap.m.Button","viewName":"etm.portal.ui.managesites.view.NewSmartSite","viewId":"application-managesites-display-component---NewSite","properties":{"text":"Contacts (Users)"},"interaction":{"idSuffix":"BDI-content"}},"wdio_ui5_key":"etmportal.ui.managesites.view.NewSmartSitesap.m.Button{\"text\":\"Contacts (Users)\"}"}]}
RESULT: {}
RESULT: {"script":"<script> [1562 bytes]","args":[{"selector":{"controlType":"sap.m.Button","viewName":"etm.portal.ui.managesites.view.NewSmartSite","viewId":"application-managesites-display-component---NewSite","properties":{"text":"Contacts (Users)"},"interaction":{"idSuffix":"BDI-content"}},"wdio_ui5_key":"etmportal.ui.managesites.view.NewSmartSitesap.m.Button{\"text\":\"Contacts (Users)\"}"}]}
RESULT: undefined
COMMAND: POST /session/b9813d2d4a2a80b357083dca97fefc0e/element - {"using":"xpath","value":"//*[@id=\"application-managesites-display-component---NewSite--ObjectPageLayout-anchBar-__section50-anchor\"]"}
RESULT: {"using":"xpath","value":"//*[@id=\"application-managesites-display-component---NewSite--ObjectPageLayout-anchBar-__section50-anchor\"]"}
COMMAND: POST /session/b9813d2d4a2a80b357083dca97fefc0e/element/f.E51E61EF4515A4333B035E485DBAD5B4.d.9D40662B388766D47B3D9AE7FB841F51.e.3080/click - {}
RESULT: {}
COMMAND: GET /session/b9813d2d4a2a80b357083dca97fefc0e/screenshot - {}
RESULT: {}
COMMAND: POST /session/b9813d2d4a2a80b357083dca97fefc0e/element - {"using":"xpath","value":"//button[@data-kt=\"onAddUserOverflowToolbarButton\"]"}
RESULT: {"using":"xpath","value":"//button[@data-kt=\"onAddUserOverflowToolbarButton\"]"}
COMMAND: POST /session/b9813d2d4a2a80b357083dca97fefc0e/element/f.E51E61EF4515A4333B035E485DBAD5B4.d.9D40662B388766D47B3D9AE7FB841F51.e.3086/click - {}
RESULT: {}
COMMAND: GET /session/b9813d2d4a2a80b357083dca97fefc0e/screenshot - {}
RESULT: {}
COMMAND: POST /session/b9813d2d4a2a80b357083dca97fefc0e/execute/async - {"script":"<script> [1562 bytes]","args":[{"selector":{"controlType":"sap.m.SearchField","viewName":"etm.portal.ui.managesites.view.NewSmartSite","viewId":"application-managesites-display-component---NewSite","searchOpenDialogs":true,"interaction":{"idSuffix":"I"}},"wdio_ui5_key":"etmportal.ui.managesites.view.NewSmartSitesap.m.SearchField"}]}
RESULT: {"script":"<script> [1562 bytes]","args":[{"selector":{"controlType":"sap.m.SearchField","viewName":"etm.portal.ui.managesites.view.NewSmartSite","viewId":"application-managesites-display-component---NewSite","searchOpenDialogs":true,"interaction":{"idSuffix":"I"}},"wdio_ui5_key":"etmportal.ui.managesites.view.NewSmartSitesap.m.SearchField"}]}
RESULT: undefined
COMMAND: POST /session/b9813d2d4a2a80b357083dca97fefc0e/execute/async - {"script":"<script> [776 bytes]","args":[{"enterText":"Test1ETM","selector":{"controlType":"sap.m.SearchField","viewName":"etm.portal.ui.managesites.view.NewSmartSite","viewId":"application-managesites-display-component---NewSite","searchOpenDialogs":true,"interaction":{"idSuffix":"I"}},"clearTextFirst":true,"interactionType":"ENTER_TEXT"}]}
RESULT: {"script":"<script> [776 bytes]","args":[{"enterText":"Test1ETM","selector":{"controlType":"sap.m.SearchField","viewName":"etm.portal.ui.managesites.view.NewSmartSite","viewId":"application-managesites-display-component---NewSite","searchOpenDialogs":true,"interaction":{"idSuffix":"I"}},"clearTextFirst":true,"interactionType":"ENTER_TEXT"}]}
COMMAND: POST /session/b9813d2d4a2a80b357083dca97fefc0e/actions - {"actions":[{"id":"action12","type":"key","parameters":{},"actions":[{"type":"keyDown","value":""},{"type":"pause","duration":10},{"type":"keyUp","value":""}]}]}
RESULT: {"actions":[{"id":"action12","type":"key","parameters":{},"actions":[{"type":"keyDown","value":""},{"type":"pause","duration":10},{"type":"keyUp","value":""}]}]}
COMMAND: GET /session/b9813d2d4a2a80b357083dca97fefc0e/screenshot - {}
RESULT: {}
COMMAND: POST /session/b9813d2d4a2a80b357083dca97fefc0e/element - {"using":"xpath","value":"//li[.//*[contains(text(), \"Test1ETM\")] or contains(text(), \"Test1ETM\")]"}
RESULT: {"using":"xpath","value":"//li[.//*[contains(text(), \"Test1ETM\")] or contains(text(), \"Test1ETM\")]"}
COMMAND: POST /session/b9813d2d4a2a80b357083dca97fefc0e/elements - {"using":"xpath","value":"//li[.//*[contains(text(), \"Test1ETM\")] or contains(text(), \"Test1ETM\")]"}
RESULT: {"using":"xpath","value":"//li[.//*[contains(text(), \"Test1ETM\")] or contains(text(), \"Test1ETM\")]"}
COMMAND: POST /session/b9813d2d4a2a80b357083dca97fefc0e/element - {"using":"xpath","value":"//button[.//bdi[contains(text(), \"Cancel\")]][1]"}
RESULT: {"using":"xpath","value":"//button[.//bdi[contains(text(), \"Cancel\")]][1]"}
COMMAND: POST /session/b9813d2d4a2a80b357083dca97fefc0e/element/f.E51E61EF4515A4333B035E485DBAD5B4.d.9D40662B388766D47B3D9AE7FB841F51.e.3092/click - {}
RESULT: {}
COMMAND: GET /session/b9813d2d4a2a80b357083dca97fefc0e/screenshot - {}
RESULT: {}
COMMAND: POST /session/b9813d2d4a2a80b357083dca97fefc0e/element - {"using":"css selector","value":"#shell-header-logo"}
RESULT: {"using":"css selector","value":"#shell-header-logo"}
COMMAND: POST /session/b9813d2d4a2a80b357083dca97fefc0e/element/f.E51E61EF4515A4333B035E485DBAD5B4.d.9D40662B388766D47B3D9AE7FB841F51.e.2410/click - {}
RESULT: {}
COMMAND: GET /session/b9813d2d4a2a80b357083dca97fefc0e/screenshot - {}
RESULT: {}
]]></system-out>
    </testcase>
    <testcase classname="chrome.136_0_7103_93.windows.Address_Management_Tests_US156181_US151165_US151160_US156180_US156178_US151157_US151172_US151170_US151166_US151168" name="Step 7 Should try to save empty address US151170 BUGGED FOR NOW" time="108.961">
      <failure/>
      <error message="Expect $(`//span[contains(@class, &quot;sapMMsgBoxText&quot;)]`) to be existing&#xA;&#xA;Expected: &quot;existing&quot;&#xA;Received: &quot;not existing&quot;"/>
      <system-out><![CDATA[
RESULT: undefined
COMMAND: POST /session/b9813d2d4a2a80b357083dca97fefc0e/element - {"using":"xpath","value":"//*[@id=\"__tile33\"]"}
RESULT: {"using":"xpath","value":"//*[@id=\"__tile33\"]"}
COMMAND: POST /session/b9813d2d4a2a80b357083dca97fefc0e/element/f.E51E61EF4515A4333B035E485DBAD5B4.d.9D40662B388766D47B3D9AE7FB841F51.e.217/click - {}
RESULT: {}
COMMAND: GET /session/b9813d2d4a2a80b357083dca97fefc0e/screenshot - {}
COMMAND: POST /session/b9813d2d4a2a80b357083dca97fefc0e/elements - {"using":"xpath","value":"//span[text()='Error']"}
RESULT: {}
RESULT: {"using":"xpath","value":"//span[text()='Error']"}
COMMAND: POST /session/b9813d2d4a2a80b357083dca97fefc0e/element - {"using":"xpath","value":"//button[@data-kt=\"addButton\"]"}
RESULT: {"using":"xpath","value":"//button[@data-kt=\"addButton\"]"}
COMMAND: POST /session/b9813d2d4a2a80b357083dca97fefc0e/elements - {"using":"xpath","value":"//button[@data-kt=\"addButton\"]"}
RESULT: {"using":"xpath","value":"//button[@data-kt=\"addButton\"]"}
COMMAND: POST /session/b9813d2d4a2a80b357083dca97fefc0e/execute/sync - {"script":"<script> [8489 bytes]","args":[{"element-6066-11e4-a52e-4f735466cecf":"f.E51E61EF4515A4333B035E485DBAD5B4.d.9D40662B388766D47B3D9AE7FB841F51.e.3140","ELEMENT":"f.E51E61EF4515A4333B035E485DBAD5B4.d.9D40662B388766D47B3D9AE7FB841F51.e.3140"}]}
RESULT: {"script":"<script> [8489 bytes]","args":[{"element-6066-11e4-a52e-4f735466cecf":"f.E51E61EF4515A4333B035E485DBAD5B4.d.9D40662B388766D47B3D9AE7FB841F51.e.3140","ELEMENT":"f.E51E61EF4515A4333B035E485DBAD5B4.d.9D40662B388766D47B3D9AE7FB841F51.e.3140"}]}
COMMAND: GET /session/b9813d2d4a2a80b357083dca97fefc0e/element/f.E51E61EF4515A4333B035E485DBAD5B4.d.9D40662B388766D47B3D9AE7FB841F51.e.3140/enabled - {}
COMMAND: GET /session/b9813d2d4a2a80b357083dca97fefc0e/screenshot - {}
RESULT: {}
COMMAND: POST /session/b9813d2d4a2a80b357083dca97fefc0e/execute/sync - {"script":"<script> [8489 bytes]","args":[{"element-6066-11e4-a52e-4f735466cecf":"f.E51E61EF4515A4333B035E485DBAD5B4.d.9D40662B388766D47B3D9AE7FB841F51.e.3140","ELEMENT":"f.E51E61EF4515A4333B035E485DBAD5B4.d.9D40662B388766D47B3D9AE7FB841F51.e.3140"}]}
COMMAND: GET /session/b9813d2d4a2a80b357083dca97fefc0e/screenshot - {}
RESULT: {}
RESULT: {"script":"<script> [8489 bytes]","args":[{"element-6066-11e4-a52e-4f735466cecf":"f.E51E61EF4515A4333B035E485DBAD5B4.d.9D40662B388766D47B3D9AE7FB841F51.e.3140","ELEMENT":"f.E51E61EF4515A4333B035E485DBAD5B4.d.9D40662B388766D47B3D9AE7FB841F51.e.3140"}]}
COMMAND: POST /session/b9813d2d4a2a80b357083dca97fefc0e/execute/sync - {"script":"<script> [5351 bytes]","args":[{"element-6066-11e4-a52e-4f735466cecf":"f.E51E61EF4515A4333B035E485DBAD5B4.d.9D40662B388766D47B3D9AE7FB841F51.e.3140","ELEMENT":"f.E51E61EF4515A4333B035E485DBAD5B4.d.9D40662B388766D47B3D9AE7FB841F51.e.3140"}]}
COMMAND: GET /session/b9813d2d4a2a80b357083dca97fefc0e/screenshot - {}
RESULT: {}
RESULT: {"script":"<script> [5351 bytes]","args":[{"element-6066-11e4-a52e-4f735466cecf":"f.E51E61EF4515A4333B035E485DBAD5B4.d.9D40662B388766D47B3D9AE7FB841F51.e.3140","ELEMENT":"f.E51E61EF4515A4333B035E485DBAD5B4.d.9D40662B388766D47B3D9AE7FB841F51.e.3140"}]}
COMMAND: GET /session/b9813d2d4a2a80b357083dca97fefc0e/screenshot - {}
RESULT: {}
RESULT: {}
RESULT: undefined
COMMAND: POST /session/b9813d2d4a2a80b357083dca97fefc0e/execute/async - {"script":"<script> [776 bytes]","args":[{"enterText":"aSSN2oxcQb","selector":{"id":"application-addressmanagement-display-component---masterAdm--smartFilterBar-btnBasicSearch","interaction":{"idSuffix":"I"}},"clearTextFirst":true,"interactionType":"ENTER_TEXT"}]}
RESULT: {"script":"<script> [776 bytes]","args":[{"enterText":"aSSN2oxcQb","selector":{"id":"application-addressmanagement-display-component---masterAdm--smartFilterBar-btnBasicSearch","interaction":{"idSuffix":"I"}},"clearTextFirst":true,"interactionType":"ENTER_TEXT"}]}
COMMAND: POST /session/b9813d2d4a2a80b357083dca97fefc0e/actions - {"actions":[{"id":"action13","type":"key","parameters":{},"actions":[{"type":"keyDown","value":""},{"type":"pause","duration":10},{"type":"keyUp","value":""}]}]}
RESULT: {"actions":[{"id":"action13","type":"key","parameters":{},"actions":[{"type":"keyDown","value":""},{"type":"pause","duration":10},{"type":"keyUp","value":""}]}]}
COMMAND: GET /session/b9813d2d4a2a80b357083dca97fefc0e/screenshot - {}
RESULT: {}
COMMAND: POST /session/b9813d2d4a2a80b357083dca97fefc0e/elements - {"using":"xpath","value":"//table[contains(@id, \"customPersonsAddressesTable-listUl\")]/tbody/tr"}
RESULT: {"using":"xpath","value":"//table[contains(@id, \"customPersonsAddressesTable-listUl\")]/tbody/tr"}
COMMAND: POST /session/b9813d2d4a2a80b357083dca97fefc0e/element - {"using":"xpath","value":"//table[contains(@id, \"customPersonsAddressesTable-listUl\")]/tbody/tr[1]/td[5]/span/span"}
RESULT: {"using":"xpath","value":"//table[contains(@id, \"customPersonsAddressesTable-listUl\")]/tbody/tr[1]/td[5]/span/span"}
COMMAND: POST /session/b9813d2d4a2a80b357083dca97fefc0e/element - {"using":"xpath","value":"//table[contains(@id, \"customPersonsAddressesTable-listUl\")]/tbody/tr[1]/td[3]/span"}
RESULT: {"using":"xpath","value":"//table[contains(@id, \"customPersonsAddressesTable-listUl\")]/tbody/tr[1]/td[3]/span"}
COMMAND: POST /session/b9813d2d4a2a80b357083dca97fefc0e/elements - {"using":"xpath","value":"//table[contains(@id, \"customPersonsAddressesTable-listUl\")]/tbody/tr[1]/td[5]/span/span"}
RESULT: {"using":"xpath","value":"//table[contains(@id, \"customPersonsAddressesTable-listUl\")]/tbody/tr[1]/td[5]/span/span"}
COMMAND: POST /session/b9813d2d4a2a80b357083dca97fefc0e/execute/sync - {"script":"<script> [56 bytes]","args":[{"element-6066-11e4-a52e-4f735466cecf":"f.E51E61EF4515A4333B035E485DBAD5B4.d.9D40662B388766D47B3D9AE7FB841F51.e.3286","ELEMENT":"f.E51E61EF4515A4333B035E485DBAD5B4.d.9D40662B388766D47B3D9AE7FB841F51.e.3286"}]}
RESULT: {"script":"<script> [56 bytes]","args":[{"element-6066-11e4-a52e-4f735466cecf":"f.E51E61EF4515A4333B035E485DBAD5B4.d.9D40662B388766D47B3D9AE7FB841F51.e.3286","ELEMENT":"f.E51E61EF4515A4333B035E485DBAD5B4.d.9D40662B388766D47B3D9AE7FB841F51.e.3286"}]}
COMMAND: POST /session/b9813d2d4a2a80b357083dca97fefc0e/element - {"using":"xpath","value":"(//span[contains(@id, \"imgNav\")])[1]"}
COMMAND: GET /session/b9813d2d4a2a80b357083dca97fefc0e/screenshot - {}
RESULT: {"using":"xpath","value":"(//span[contains(@id, \"imgNav\")])[1]"}
COMMAND: POST /session/b9813d2d4a2a80b357083dca97fefc0e/element/f.E51E61EF4515A4333B035E485DBAD5B4.d.9D40662B388766D47B3D9AE7FB841F51.e.3284/click - {}
RESULT: {}
RESULT: {}
COMMAND: GET /session/b9813d2d4a2a80b357083dca97fefc0e/screenshot - {}
RESULT: {}
COMMAND: POST /session/b9813d2d4a2a80b357083dca97fefc0e/element - {"using":"xpath","value":"//bdi[contains(text(), \"Edit\")]"}
RESULT: {"using":"xpath","value":"//bdi[contains(text(), \"Edit\")]"}
COMMAND: POST /session/b9813d2d4a2a80b357083dca97fefc0e/element/f.E51E61EF4515A4333B035E485DBAD5B4.d.9D40662B388766D47B3D9AE7FB841F51.e.3415/click - {}
RESULT: {}
COMMAND: GET /session/b9813d2d4a2a80b357083dca97fefc0e/screenshot - {}
RESULT: {}
COMMAND: POST /session/b9813d2d4a2a80b357083dca97fefc0e/execute/async - {"script":"<script> [1562 bytes]","args":[{"selector":{"controlType":"sap.m.Input","viewName":"etm.portal.ui.addressmanagement.view.EditDetail","labelFor":{"text":"Name"},"interaction":{"idSuffix":"inner"}},"wdio_ui5_key":"etmportal.ui.addressmanagement.view.EditDetailsap.m.Input{\"text\":\"Name\"}"}]}
RESULT: {"script":"<script> [1562 bytes]","args":[{"selector":{"controlType":"sap.m.Input","viewName":"etm.portal.ui.addressmanagement.view.EditDetail","labelFor":{"text":"Name"},"interaction":{"idSuffix":"inner"}},"wdio_ui5_key":"etmportal.ui.addressmanagement.view.EditDetailsap.m.Input{\"text\":\"Name\"}"}]}
RESULT: undefined
COMMAND: POST /session/b9813d2d4a2a80b357083dca97fefc0e/element - {"using":"css selector","value":"#shell-header-logo"}
RESULT: {"using":"css selector","value":"#shell-header-logo"}
COMMAND: POST /session/b9813d2d4a2a80b357083dca97fefc0e/element/f.E51E61EF4515A4333B035E485DBAD5B4.d.9D40662B388766D47B3D9AE7FB841F51.e.3098/click - {}
RESULT: {}
COMMAND: GET /session/b9813d2d4a2a80b357083dca97fefc0e/screenshot - {}
RESULT: {}
COMMAND: POST /session/b9813d2d4a2a80b357083dca97fefc0e/element - {"using":"xpath","value":"//span[contains(@class, \"sapMMsgBoxText\")]"}
RESULT: {"using":"xpath","value":"//span[contains(@class, \"sapMMsgBoxText\")]"}
COMMAND: POST /session/b9813d2d4a2a80b357083dca97fefc0e/elements - {"using":"xpath","value":"//span[contains(@class, \"sapMMsgBoxText\")]"}
RESULT: {"using":"xpath","value":"//span[contains(@class, \"sapMMsgBoxText\")]"}
COMMAND: POST /session/b9813d2d4a2a80b357083dca97fefc0e/elements - {"using":"xpath","value":"//span[contains(@class, \"sapMMsgBoxText\")]"}
RESULT: {"using":"xpath","value":"//span[contains(@class, \"sapMMsgBoxText\")]"}
COMMAND: POST /session/b9813d2d4a2a80b357083dca97fefc0e/elements - {"using":"xpath","value":"//span[contains(@class, \"sapMMsgBoxText\")]"}
RESULT: {"using":"xpath","value":"//span[contains(@class, \"sapMMsgBoxText\")]"}
COMMAND: POST /session/b9813d2d4a2a80b357083dca97fefc0e/elements - {"using":"xpath","value":"//span[contains(@class, \"sapMMsgBoxText\")]"}
RESULT: {"using":"xpath","value":"//span[contains(@class, \"sapMMsgBoxText\")]"}
COMMAND: POST /session/b9813d2d4a2a80b357083dca97fefc0e/elements - {"using":"xpath","value":"//span[contains(@class, \"sapMMsgBoxText\")]"}
RESULT: {"using":"xpath","value":"//span[contains(@class, \"sapMMsgBoxText\")]"}
COMMAND: POST /session/b9813d2d4a2a80b357083dca97fefc0e/elements - {"using":"xpath","value":"//span[contains(@class, \"sapMMsgBoxText\")]"}
RESULT: {"using":"xpath","value":"//span[contains(@class, \"sapMMsgBoxText\")]"}
COMMAND: POST /session/b9813d2d4a2a80b357083dca97fefc0e/elements - {"using":"xpath","value":"//span[contains(@class, \"sapMMsgBoxText\")]"}
RESULT: {"using":"xpath","value":"//span[contains(@class, \"sapMMsgBoxText\")]"}
COMMAND: POST /session/b9813d2d4a2a80b357083dca97fefc0e/elements - {"using":"xpath","value":"//span[contains(@class, \"sapMMsgBoxText\")]"}
RESULT: {"using":"xpath","value":"//span[contains(@class, \"sapMMsgBoxText\")]"}
COMMAND: POST /session/b9813d2d4a2a80b357083dca97fefc0e/elements - {"using":"xpath","value":"//span[contains(@class, \"sapMMsgBoxText\")]"}
RESULT: {"using":"xpath","value":"//span[contains(@class, \"sapMMsgBoxText\")]"}
COMMAND: POST /session/b9813d2d4a2a80b357083dca97fefc0e/elements - {"using":"xpath","value":"//span[contains(@class, \"sapMMsgBoxText\")]"}
RESULT: {"using":"xpath","value":"//span[contains(@class, \"sapMMsgBoxText\")]"}
COMMAND: POST /session/b9813d2d4a2a80b357083dca97fefc0e/elements - {"using":"xpath","value":"//span[contains(@class, \"sapMMsgBoxText\")]"}
RESULT: {"using":"xpath","value":"//span[contains(@class, \"sapMMsgBoxText\")]"}
COMMAND: POST /session/b9813d2d4a2a80b357083dca97fefc0e/elements - {"using":"xpath","value":"//span[contains(@class, \"sapMMsgBoxText\")]"}
RESULT: {"using":"xpath","value":"//span[contains(@class, \"sapMMsgBoxText\")]"}
COMMAND: POST /session/b9813d2d4a2a80b357083dca97fefc0e/elements - {"using":"xpath","value":"//span[contains(@class, \"sapMMsgBoxText\")]"}
RESULT: {"using":"xpath","value":"//span[contains(@class, \"sapMMsgBoxText\")]"}
COMMAND: POST /session/b9813d2d4a2a80b357083dca97fefc0e/elements - {"using":"xpath","value":"//span[contains(@class, \"sapMMsgBoxText\")]"}
RESULT: {"using":"xpath","value":"//span[contains(@class, \"sapMMsgBoxText\")]"}
COMMAND: POST /session/b9813d2d4a2a80b357083dca97fefc0e/elements - {"using":"xpath","value":"//span[contains(@class, \"sapMMsgBoxText\")]"}
RESULT: {"using":"xpath","value":"//span[contains(@class, \"sapMMsgBoxText\")]"}
COMMAND: POST /session/b9813d2d4a2a80b357083dca97fefc0e/elements - {"using":"xpath","value":"//span[contains(@class, \"sapMMsgBoxText\")]"}
RESULT: {"using":"xpath","value":"//span[contains(@class, \"sapMMsgBoxText\")]"}
COMMAND: POST /session/b9813d2d4a2a80b357083dca97fefc0e/elements - {"using":"xpath","value":"//span[contains(@class, \"sapMMsgBoxText\")]"}
RESULT: {"using":"xpath","value":"//span[contains(@class, \"sapMMsgBoxText\")]"}
COMMAND: POST /session/b9813d2d4a2a80b357083dca97fefc0e/elements - {"using":"xpath","value":"//span[contains(@class, \"sapMMsgBoxText\")]"}
RESULT: {"using":"xpath","value":"//span[contains(@class, \"sapMMsgBoxText\")]"}
COMMAND: POST /session/b9813d2d4a2a80b357083dca97fefc0e/elements - {"using":"xpath","value":"//span[contains(@class, \"sapMMsgBoxText\")]"}
RESULT: {"using":"xpath","value":"//span[contains(@class, \"sapMMsgBoxText\")]"}
COMMAND: POST /session/b9813d2d4a2a80b357083dca97fefc0e/elements - {"using":"xpath","value":"//span[contains(@class, \"sapMMsgBoxText\")]"}
RESULT: {"using":"xpath","value":"//span[contains(@class, \"sapMMsgBoxText\")]"}
COMMAND: POST /session/b9813d2d4a2a80b357083dca97fefc0e/elements - {"using":"xpath","value":"//span[contains(@class, \"sapMMsgBoxText\")]"}
RESULT: {"using":"xpath","value":"//span[contains(@class, \"sapMMsgBoxText\")]"}
COMMAND: POST /session/b9813d2d4a2a80b357083dca97fefc0e/elements - {"using":"xpath","value":"//span[contains(@class, \"sapMMsgBoxText\")]"}
RESULT: {"using":"xpath","value":"//span[contains(@class, \"sapMMsgBoxText\")]"}
COMMAND: POST /session/b9813d2d4a2a80b357083dca97fefc0e/elements - {"using":"xpath","value":"//span[contains(@class, \"sapMMsgBoxText\")]"}
RESULT: {"using":"xpath","value":"//span[contains(@class, \"sapMMsgBoxText\")]"}
COMMAND: POST /session/b9813d2d4a2a80b357083dca97fefc0e/elements - {"using":"xpath","value":"//span[contains(@class, \"sapMMsgBoxText\")]"}
RESULT: {"using":"xpath","value":"//span[contains(@class, \"sapMMsgBoxText\")]"}
COMMAND: POST /session/b9813d2d4a2a80b357083dca97fefc0e/elements - {"using":"xpath","value":"//span[contains(@class, \"sapMMsgBoxText\")]"}
RESULT: {"using":"xpath","value":"//span[contains(@class, \"sapMMsgBoxText\")]"}
COMMAND: POST /session/b9813d2d4a2a80b357083dca97fefc0e/elements - {"using":"xpath","value":"//span[contains(@class, \"sapMMsgBoxText\")]"}
RESULT: {"using":"xpath","value":"//span[contains(@class, \"sapMMsgBoxText\")]"}
COMMAND: POST /session/b9813d2d4a2a80b357083dca97fefc0e/elements - {"using":"xpath","value":"//span[contains(@class, \"sapMMsgBoxText\")]"}
RESULT: {"using":"xpath","value":"//span[contains(@class, \"sapMMsgBoxText\")]"}
COMMAND: POST /session/b9813d2d4a2a80b357083dca97fefc0e/elements - {"using":"xpath","value":"//span[contains(@class, \"sapMMsgBoxText\")]"}
RESULT: {"using":"xpath","value":"//span[contains(@class, \"sapMMsgBoxText\")]"}
COMMAND: POST /session/b9813d2d4a2a80b357083dca97fefc0e/elements - {"using":"xpath","value":"//span[contains(@class, \"sapMMsgBoxText\")]"}
RESULT: {"using":"xpath","value":"//span[contains(@class, \"sapMMsgBoxText\")]"}
COMMAND: POST /session/b9813d2d4a2a80b357083dca97fefc0e/elements - {"using":"xpath","value":"//span[contains(@class, \"sapMMsgBoxText\")]"}
RESULT: {"using":"xpath","value":"//span[contains(@class, \"sapMMsgBoxText\")]"}
COMMAND: POST /session/b9813d2d4a2a80b357083dca97fefc0e/elements - {"using":"xpath","value":"//span[contains(@class, \"sapMMsgBoxText\")]"}
RESULT: {"using":"xpath","value":"//span[contains(@class, \"sapMMsgBoxText\")]"}
COMMAND: POST /session/b9813d2d4a2a80b357083dca97fefc0e/elements - {"using":"xpath","value":"//span[contains(@class, \"sapMMsgBoxText\")]"}
RESULT: {"using":"xpath","value":"//span[contains(@class, \"sapMMsgBoxText\")]"}
COMMAND: POST /session/b9813d2d4a2a80b357083dca97fefc0e/elements - {"using":"xpath","value":"//span[contains(@class, \"sapMMsgBoxText\")]"}
RESULT: {"using":"xpath","value":"//span[contains(@class, \"sapMMsgBoxText\")]"}
COMMAND: POST /session/b9813d2d4a2a80b357083dca97fefc0e/elements - {"using":"xpath","value":"//span[contains(@class, \"sapMMsgBoxText\")]"}
RESULT: {"using":"xpath","value":"//span[contains(@class, \"sapMMsgBoxText\")]"}
COMMAND: POST /session/b9813d2d4a2a80b357083dca97fefc0e/elements - {"using":"xpath","value":"//span[contains(@class, \"sapMMsgBoxText\")]"}
RESULT: {"using":"xpath","value":"//span[contains(@class, \"sapMMsgBoxText\")]"}
COMMAND: POST /session/b9813d2d4a2a80b357083dca97fefc0e/elements - {"using":"xpath","value":"//span[contains(@class, \"sapMMsgBoxText\")]"}
RESULT: {"using":"xpath","value":"//span[contains(@class, \"sapMMsgBoxText\")]"}
COMMAND: POST /session/b9813d2d4a2a80b357083dca97fefc0e/elements - {"using":"xpath","value":"//span[contains(@class, \"sapMMsgBoxText\")]"}
RESULT: {"using":"xpath","value":"//span[contains(@class, \"sapMMsgBoxText\")]"}
COMMAND: POST /session/b9813d2d4a2a80b357083dca97fefc0e/elements - {"using":"xpath","value":"//span[contains(@class, \"sapMMsgBoxText\")]"}
RESULT: {"using":"xpath","value":"//span[contains(@class, \"sapMMsgBoxText\")]"}
COMMAND: POST /session/b9813d2d4a2a80b357083dca97fefc0e/elements - {"using":"xpath","value":"//span[contains(@class, \"sapMMsgBoxText\")]"}
RESULT: {"using":"xpath","value":"//span[contains(@class, \"sapMMsgBoxText\")]"}
COMMAND: POST /session/b9813d2d4a2a80b357083dca97fefc0e/elements - {"using":"xpath","value":"//span[contains(@class, \"sapMMsgBoxText\")]"}
RESULT: {"using":"xpath","value":"//span[contains(@class, \"sapMMsgBoxText\")]"}
COMMAND: POST /session/b9813d2d4a2a80b357083dca97fefc0e/elements - {"using":"xpath","value":"//span[contains(@class, \"sapMMsgBoxText\")]"}
RESULT: {"using":"xpath","value":"//span[contains(@class, \"sapMMsgBoxText\")]"}
COMMAND: POST /session/b9813d2d4a2a80b357083dca97fefc0e/elements - {"using":"xpath","value":"//span[contains(@class, \"sapMMsgBoxText\")]"}
RESULT: {"using":"xpath","value":"//span[contains(@class, \"sapMMsgBoxText\")]"}
COMMAND: POST /session/b9813d2d4a2a80b357083dca97fefc0e/elements - {"using":"xpath","value":"//span[contains(@class, \"sapMMsgBoxText\")]"}
RESULT: {"using":"xpath","value":"//span[contains(@class, \"sapMMsgBoxText\")]"}
COMMAND: POST /session/b9813d2d4a2a80b357083dca97fefc0e/elements - {"using":"xpath","value":"//span[contains(@class, \"sapMMsgBoxText\")]"}
RESULT: {"using":"xpath","value":"//span[contains(@class, \"sapMMsgBoxText\")]"}
COMMAND: POST /session/b9813d2d4a2a80b357083dca97fefc0e/elements - {"using":"xpath","value":"//span[contains(@class, \"sapMMsgBoxText\")]"}
RESULT: {"using":"xpath","value":"//span[contains(@class, \"sapMMsgBoxText\")]"}
COMMAND: POST /session/b9813d2d4a2a80b357083dca97fefc0e/elements - {"using":"xpath","value":"//span[contains(@class, \"sapMMsgBoxText\")]"}
RESULT: {"using":"xpath","value":"//span[contains(@class, \"sapMMsgBoxText\")]"}
COMMAND: POST /session/b9813d2d4a2a80b357083dca97fefc0e/elements - {"using":"xpath","value":"//span[contains(@class, \"sapMMsgBoxText\")]"}
RESULT: {"using":"xpath","value":"//span[contains(@class, \"sapMMsgBoxText\")]"}
COMMAND: POST /session/b9813d2d4a2a80b357083dca97fefc0e/elements - {"using":"xpath","value":"//span[contains(@class, \"sapMMsgBoxText\")]"}
RESULT: {"using":"xpath","value":"//span[contains(@class, \"sapMMsgBoxText\")]"}
COMMAND: POST /session/b9813d2d4a2a80b357083dca97fefc0e/elements - {"using":"xpath","value":"//span[contains(@class, \"sapMMsgBoxText\")]"}
RESULT: {"using":"xpath","value":"//span[contains(@class, \"sapMMsgBoxText\")]"}
COMMAND: POST /session/b9813d2d4a2a80b357083dca97fefc0e/elements - {"using":"xpath","value":"//span[contains(@class, \"sapMMsgBoxText\")]"}
RESULT: {"using":"xpath","value":"//span[contains(@class, \"sapMMsgBoxText\")]"}
COMMAND: POST /session/b9813d2d4a2a80b357083dca97fefc0e/elements - {"using":"xpath","value":"//span[contains(@class, \"sapMMsgBoxText\")]"}
RESULT: {"using":"xpath","value":"//span[contains(@class, \"sapMMsgBoxText\")]"}
COMMAND: POST /session/b9813d2d4a2a80b357083dca97fefc0e/elements - {"using":"xpath","value":"//span[contains(@class, \"sapMMsgBoxText\")]"}
RESULT: {"using":"xpath","value":"//span[contains(@class, \"sapMMsgBoxText\")]"}
COMMAND: POST /session/b9813d2d4a2a80b357083dca97fefc0e/elements - {"using":"xpath","value":"//span[contains(@class, \"sapMMsgBoxText\")]"}
RESULT: {"using":"xpath","value":"//span[contains(@class, \"sapMMsgBoxText\")]"}
COMMAND: POST /session/b9813d2d4a2a80b357083dca97fefc0e/elements - {"using":"xpath","value":"//span[contains(@class, \"sapMMsgBoxText\")]"}
RESULT: {"using":"xpath","value":"//span[contains(@class, \"sapMMsgBoxText\")]"}
COMMAND: POST /session/b9813d2d4a2a80b357083dca97fefc0e/elements - {"using":"xpath","value":"//span[contains(@class, \"sapMMsgBoxText\")]"}
RESULT: {"using":"xpath","value":"//span[contains(@class, \"sapMMsgBoxText\")]"}
COMMAND: POST /session/b9813d2d4a2a80b357083dca97fefc0e/elements - {"using":"xpath","value":"//span[contains(@class, \"sapMMsgBoxText\")]"}
RESULT: {"using":"xpath","value":"//span[contains(@class, \"sapMMsgBoxText\")]"}
COMMAND: POST /session/b9813d2d4a2a80b357083dca97fefc0e/elements - {"using":"xpath","value":"//span[contains(@class, \"sapMMsgBoxText\")]"}
RESULT: {"using":"xpath","value":"//span[contains(@class, \"sapMMsgBoxText\")]"}
COMMAND: POST /session/b9813d2d4a2a80b357083dca97fefc0e/elements - {"using":"xpath","value":"//span[contains(@class, \"sapMMsgBoxText\")]"}
RESULT: {"using":"xpath","value":"//span[contains(@class, \"sapMMsgBoxText\")]"}
COMMAND: POST /session/b9813d2d4a2a80b357083dca97fefc0e/elements - {"using":"xpath","value":"//span[contains(@class, \"sapMMsgBoxText\")]"}
RESULT: {"using":"xpath","value":"//span[contains(@class, \"sapMMsgBoxText\")]"}
COMMAND: POST /session/b9813d2d4a2a80b357083dca97fefc0e/elements - {"using":"xpath","value":"//span[contains(@class, \"sapMMsgBoxText\")]"}
RESULT: {"using":"xpath","value":"//span[contains(@class, \"sapMMsgBoxText\")]"}
COMMAND: POST /session/b9813d2d4a2a80b357083dca97fefc0e/elements - {"using":"xpath","value":"//span[contains(@class, \"sapMMsgBoxText\")]"}
RESULT: {"using":"xpath","value":"//span[contains(@class, \"sapMMsgBoxText\")]"}
COMMAND: POST /session/b9813d2d4a2a80b357083dca97fefc0e/elements - {"using":"xpath","value":"//span[contains(@class, \"sapMMsgBoxText\")]"}
RESULT: {"using":"xpath","value":"//span[contains(@class, \"sapMMsgBoxText\")]"}
COMMAND: POST /session/b9813d2d4a2a80b357083dca97fefc0e/elements - {"using":"xpath","value":"//span[contains(@class, \"sapMMsgBoxText\")]"}
RESULT: {"using":"xpath","value":"//span[contains(@class, \"sapMMsgBoxText\")]"}
COMMAND: POST /session/b9813d2d4a2a80b357083dca97fefc0e/elements - {"using":"xpath","value":"//span[contains(@class, \"sapMMsgBoxText\")]"}
RESULT: {"using":"xpath","value":"//span[contains(@class, \"sapMMsgBoxText\")]"}
COMMAND: POST /session/b9813d2d4a2a80b357083dca97fefc0e/elements - {"using":"xpath","value":"//span[contains(@class, \"sapMMsgBoxText\")]"}
RESULT: {"using":"xpath","value":"//span[contains(@class, \"sapMMsgBoxText\")]"}
COMMAND: POST /session/b9813d2d4a2a80b357083dca97fefc0e/elements - {"using":"xpath","value":"//span[contains(@class, \"sapMMsgBoxText\")]"}
RESULT: {"using":"xpath","value":"//span[contains(@class, \"sapMMsgBoxText\")]"}
COMMAND: POST /session/b9813d2d4a2a80b357083dca97fefc0e/elements - {"using":"xpath","value":"//span[contains(@class, \"sapMMsgBoxText\")]"}
RESULT: {"using":"xpath","value":"//span[contains(@class, \"sapMMsgBoxText\")]"}
COMMAND: POST /session/b9813d2d4a2a80b357083dca97fefc0e/elements - {"using":"xpath","value":"//span[contains(@class, \"sapMMsgBoxText\")]"}
RESULT: {"using":"xpath","value":"//span[contains(@class, \"sapMMsgBoxText\")]"}
COMMAND: POST /session/b9813d2d4a2a80b357083dca97fefc0e/elements - {"using":"xpath","value":"//span[contains(@class, \"sapMMsgBoxText\")]"}
RESULT: {"using":"xpath","value":"//span[contains(@class, \"sapMMsgBoxText\")]"}
COMMAND: POST /session/b9813d2d4a2a80b357083dca97fefc0e/elements - {"using":"xpath","value":"//span[contains(@class, \"sapMMsgBoxText\")]"}
RESULT: {"using":"xpath","value":"//span[contains(@class, \"sapMMsgBoxText\")]"}
COMMAND: POST /session/b9813d2d4a2a80b357083dca97fefc0e/elements - {"using":"xpath","value":"//span[contains(@class, \"sapMMsgBoxText\")]"}
RESULT: {"using":"xpath","value":"//span[contains(@class, \"sapMMsgBoxText\")]"}
COMMAND: POST /session/b9813d2d4a2a80b357083dca97fefc0e/elements - {"using":"xpath","value":"//span[contains(@class, \"sapMMsgBoxText\")]"}
RESULT: {"using":"xpath","value":"//span[contains(@class, \"sapMMsgBoxText\")]"}
COMMAND: POST /session/b9813d2d4a2a80b357083dca97fefc0e/elements - {"using":"xpath","value":"//span[contains(@class, \"sapMMsgBoxText\")]"}
RESULT: {"using":"xpath","value":"//span[contains(@class, \"sapMMsgBoxText\")]"}
COMMAND: POST /session/b9813d2d4a2a80b357083dca97fefc0e/elements - {"using":"xpath","value":"//span[contains(@class, \"sapMMsgBoxText\")]"}
RESULT: {"using":"xpath","value":"//span[contains(@class, \"sapMMsgBoxText\")]"}
COMMAND: POST /session/b9813d2d4a2a80b357083dca97fefc0e/elements - {"using":"xpath","value":"//span[contains(@class, \"sapMMsgBoxText\")]"}
RESULT: {"using":"xpath","value":"//span[contains(@class, \"sapMMsgBoxText\")]"}
COMMAND: POST /session/b9813d2d4a2a80b357083dca97fefc0e/elements - {"using":"xpath","value":"//span[contains(@class, \"sapMMsgBoxText\")]"}
RESULT: {"using":"xpath","value":"//span[contains(@class, \"sapMMsgBoxText\")]"}
COMMAND: POST /session/b9813d2d4a2a80b357083dca97fefc0e/elements - {"using":"xpath","value":"//span[contains(@class, \"sapMMsgBoxText\")]"}
RESULT: {"using":"xpath","value":"//span[contains(@class, \"sapMMsgBoxText\")]"}
COMMAND: POST /session/b9813d2d4a2a80b357083dca97fefc0e/elements - {"using":"xpath","value":"//span[contains(@class, \"sapMMsgBoxText\")]"}
RESULT: {"using":"xpath","value":"//span[contains(@class, \"sapMMsgBoxText\")]"}
COMMAND: POST /session/b9813d2d4a2a80b357083dca97fefc0e/elements - {"using":"xpath","value":"//span[contains(@class, \"sapMMsgBoxText\")]"}
RESULT: {"using":"xpath","value":"//span[contains(@class, \"sapMMsgBoxText\")]"}
COMMAND: POST /session/b9813d2d4a2a80b357083dca97fefc0e/elements - {"using":"xpath","value":"//span[contains(@class, \"sapMMsgBoxText\")]"}
RESULT: {"using":"xpath","value":"//span[contains(@class, \"sapMMsgBoxText\")]"}
COMMAND: POST /session/b9813d2d4a2a80b357083dca97fefc0e/elements - {"using":"xpath","value":"//span[contains(@class, \"sapMMsgBoxText\")]"}
RESULT: {"using":"xpath","value":"//span[contains(@class, \"sapMMsgBoxText\")]"}
COMMAND: POST /session/b9813d2d4a2a80b357083dca97fefc0e/elements - {"using":"xpath","value":"//span[contains(@class, \"sapMMsgBoxText\")]"}
RESULT: {"using":"xpath","value":"//span[contains(@class, \"sapMMsgBoxText\")]"}
COMMAND: POST /session/b9813d2d4a2a80b357083dca97fefc0e/elements - {"using":"xpath","value":"//span[contains(@class, \"sapMMsgBoxText\")]"}
RESULT: {"using":"xpath","value":"//span[contains(@class, \"sapMMsgBoxText\")]"}
COMMAND: POST /session/b9813d2d4a2a80b357083dca97fefc0e/elements - {"using":"xpath","value":"//span[contains(@class, \"sapMMsgBoxText\")]"}
RESULT: {"using":"xpath","value":"//span[contains(@class, \"sapMMsgBoxText\")]"}
COMMAND: POST /session/b9813d2d4a2a80b357083dca97fefc0e/elements - {"using":"xpath","value":"//span[contains(@class, \"sapMMsgBoxText\")]"}
RESULT: {"using":"xpath","value":"//span[contains(@class, \"sapMMsgBoxText\")]"}
COMMAND: POST /session/b9813d2d4a2a80b357083dca97fefc0e/elements - {"using":"xpath","value":"//span[contains(@class, \"sapMMsgBoxText\")]"}
RESULT: {"using":"xpath","value":"//span[contains(@class, \"sapMMsgBoxText\")]"}
COMMAND: POST /session/b9813d2d4a2a80b357083dca97fefc0e/elements - {"using":"xpath","value":"//span[contains(@class, \"sapMMsgBoxText\")]"}
RESULT: {"using":"xpath","value":"//span[contains(@class, \"sapMMsgBoxText\")]"}
COMMAND: POST /session/b9813d2d4a2a80b357083dca97fefc0e/elements - {"using":"xpath","value":"//span[contains(@class, \"sapMMsgBoxText\")]"}
RESULT: {"using":"xpath","value":"//span[contains(@class, \"sapMMsgBoxText\")]"}
COMMAND: POST /session/b9813d2d4a2a80b357083dca97fefc0e/elements - {"using":"xpath","value":"//span[contains(@class, \"sapMMsgBoxText\")]"}
RESULT: {"using":"xpath","value":"//span[contains(@class, \"sapMMsgBoxText\")]"}
COMMAND: POST /session/b9813d2d4a2a80b357083dca97fefc0e/elements - {"using":"xpath","value":"//span[contains(@class, \"sapMMsgBoxText\")]"}
RESULT: {"using":"xpath","value":"//span[contains(@class, \"sapMMsgBoxText\")]"}
COMMAND: POST /session/b9813d2d4a2a80b357083dca97fefc0e/elements - {"using":"xpath","value":"//span[contains(@class, \"sapMMsgBoxText\")]"}
RESULT: {"using":"xpath","value":"//span[contains(@class, \"sapMMsgBoxText\")]"}
COMMAND: POST /session/b9813d2d4a2a80b357083dca97fefc0e/elements - {"using":"xpath","value":"//span[contains(@class, \"sapMMsgBoxText\")]"}
RESULT: {"using":"xpath","value":"//span[contains(@class, \"sapMMsgBoxText\")]"}
COMMAND: POST /session/b9813d2d4a2a80b357083dca97fefc0e/elements - {"using":"xpath","value":"//span[contains(@class, \"sapMMsgBoxText\")]"}
RESULT: {"using":"xpath","value":"//span[contains(@class, \"sapMMsgBoxText\")]"}
COMMAND: POST /session/b9813d2d4a2a80b357083dca97fefc0e/elements - {"using":"xpath","value":"//span[contains(@class, \"sapMMsgBoxText\")]"}
RESULT: {"using":"xpath","value":"//span[contains(@class, \"sapMMsgBoxText\")]"}
COMMAND: POST /session/b9813d2d4a2a80b357083dca97fefc0e/elements - {"using":"xpath","value":"//span[contains(@class, \"sapMMsgBoxText\")]"}
RESULT: {"using":"xpath","value":"//span[contains(@class, \"sapMMsgBoxText\")]"}
COMMAND: POST /session/b9813d2d4a2a80b357083dca97fefc0e/elements - {"using":"xpath","value":"//span[contains(@class, \"sapMMsgBoxText\")]"}
RESULT: {"using":"xpath","value":"//span[contains(@class, \"sapMMsgBoxText\")]"}
COMMAND: POST /session/b9813d2d4a2a80b357083dca97fefc0e/elements - {"using":"xpath","value":"//span[contains(@class, \"sapMMsgBoxText\")]"}
RESULT: {"using":"xpath","value":"//span[contains(@class, \"sapMMsgBoxText\")]"}
COMMAND: POST /session/b9813d2d4a2a80b357083dca97fefc0e/elements - {"using":"xpath","value":"//span[contains(@class, \"sapMMsgBoxText\")]"}
RESULT: {"using":"xpath","value":"//span[contains(@class, \"sapMMsgBoxText\")]"}
COMMAND: POST /session/b9813d2d4a2a80b357083dca97fefc0e/elements - {"using":"xpath","value":"//span[contains(@class, \"sapMMsgBoxText\")]"}
RESULT: {"using":"xpath","value":"//span[contains(@class, \"sapMMsgBoxText\")]"}
COMMAND: POST /session/b9813d2d4a2a80b357083dca97fefc0e/elements - {"using":"xpath","value":"//span[contains(@class, \"sapMMsgBoxText\")]"}
RESULT: {"using":"xpath","value":"//span[contains(@class, \"sapMMsgBoxText\")]"}
COMMAND: POST /session/b9813d2d4a2a80b357083dca97fefc0e/elements - {"using":"xpath","value":"//span[contains(@class, \"sapMMsgBoxText\")]"}
RESULT: {"using":"xpath","value":"//span[contains(@class, \"sapMMsgBoxText\")]"}
COMMAND: POST /session/b9813d2d4a2a80b357083dca97fefc0e/elements - {"using":"xpath","value":"//span[contains(@class, \"sapMMsgBoxText\")]"}
RESULT: {"using":"xpath","value":"//span[contains(@class, \"sapMMsgBoxText\")]"}
COMMAND: POST /session/b9813d2d4a2a80b357083dca97fefc0e/elements - {"using":"xpath","value":"//span[contains(@class, \"sapMMsgBoxText\")]"}
RESULT: {"using":"xpath","value":"//span[contains(@class, \"sapMMsgBoxText\")]"}
COMMAND: POST /session/b9813d2d4a2a80b357083dca97fefc0e/elements - {"using":"xpath","value":"//span[contains(@class, \"sapMMsgBoxText\")]"}
RESULT: {"using":"xpath","value":"//span[contains(@class, \"sapMMsgBoxText\")]"}
COMMAND: POST /session/b9813d2d4a2a80b357083dca97fefc0e/elements - {"using":"xpath","value":"//span[contains(@class, \"sapMMsgBoxText\")]"}
RESULT: {"using":"xpath","value":"//span[contains(@class, \"sapMMsgBoxText\")]"}
COMMAND: POST /session/b9813d2d4a2a80b357083dca97fefc0e/elements - {"using":"xpath","value":"//span[contains(@class, \"sapMMsgBoxText\")]"}
RESULT: {"using":"xpath","value":"//span[contains(@class, \"sapMMsgBoxText\")]"}
COMMAND: POST /session/b9813d2d4a2a80b357083dca97fefc0e/elements - {"using":"xpath","value":"//span[contains(@class, \"sapMMsgBoxText\")]"}
RESULT: {"using":"xpath","value":"//span[contains(@class, \"sapMMsgBoxText\")]"}
COMMAND: POST /session/b9813d2d4a2a80b357083dca97fefc0e/elements - {"using":"xpath","value":"//span[contains(@class, \"sapMMsgBoxText\")]"}
RESULT: {"using":"xpath","value":"//span[contains(@class, \"sapMMsgBoxText\")]"}
COMMAND: POST /session/b9813d2d4a2a80b357083dca97fefc0e/elements - {"using":"xpath","value":"//span[contains(@class, \"sapMMsgBoxText\")]"}
RESULT: {"using":"xpath","value":"//span[contains(@class, \"sapMMsgBoxText\")]"}
COMMAND: POST /session/b9813d2d4a2a80b357083dca97fefc0e/elements - {"using":"xpath","value":"//span[contains(@class, \"sapMMsgBoxText\")]"}
RESULT: {"using":"xpath","value":"//span[contains(@class, \"sapMMsgBoxText\")]"}
COMMAND: POST /session/b9813d2d4a2a80b357083dca97fefc0e/elements - {"using":"xpath","value":"//span[contains(@class, \"sapMMsgBoxText\")]"}
RESULT: {"using":"xpath","value":"//span[contains(@class, \"sapMMsgBoxText\")]"}
COMMAND: POST /session/b9813d2d4a2a80b357083dca97fefc0e/element - {"using":"css selector","value":"#shell-header-logo"}
RESULT: {"using":"css selector","value":"#shell-header-logo"}
COMMAND: POST /session/b9813d2d4a2a80b357083dca97fefc0e/element/f.E51E61EF4515A4333B035E485DBAD5B4.d.9D40662B388766D47B3D9AE7FB841F51.e.3473/click - {}
RESULT: {}
COMMAND: GET /session/b9813d2d4a2a80b357083dca97fefc0e/screenshot - {}
RESULT: {}
COMMAND: GET /session/b9813d2d4a2a80b357083dca97fefc0e/screenshot - {}
RESULT: {}
]]></system-out>
      <system-err><![CDATA[
Error: Expect $(`//span[contains(@class, "sapMMsgBoxText")]`) to be existing

Expected: "existing"
Received: "not existing"
    at Context.<anonymous> (D:\a\1\s\test\specs\BTS\address-management.spec.js:1014:38)
]]></system-err>
    </testcase>
    <testcase classname="chrome.136_0_7103_93.windows.Address_Management_Tests_US156181_US151165_US151160_US156180_US156178_US151157_US151172_US151170_US151166_US151168" name="Step 8 Should add an attachment to the created address US151166 BUGGED FOR NOW" time="74.766">
      <system-out><![CDATA[
RESULT: undefined
COMMAND: POST /session/b9813d2d4a2a80b357083dca97fefc0e/element - {"using":"xpath","value":"//*[@id=\"__tile33\"]"}
COMMAND: GET /session/b9813d2d4a2a80b357083dca97fefc0e/screenshot - {}
RESULT: {"using":"xpath","value":"//*[@id=\"__tile33\"]"}
COMMAND: POST /session/b9813d2d4a2a80b357083dca97fefc0e/element/f.E51E61EF4515A4333B035E485DBAD5B4.d.9D40662B388766D47B3D9AE7FB841F51.e.217/click - {}
RESULT: {}
RESULT: {}
COMMAND: GET /session/b9813d2d4a2a80b357083dca97fefc0e/screenshot - {}
RESULT: {}
COMMAND: POST /session/b9813d2d4a2a80b357083dca97fefc0e/elements - {"using":"xpath","value":"//span[text()='Error']"}
RESULT: {"using":"xpath","value":"//span[text()='Error']"}
COMMAND: POST /session/b9813d2d4a2a80b357083dca97fefc0e/element - {"using":"xpath","value":"//button[@data-kt=\"addButton\"]"}
RESULT: {"using":"xpath","value":"//button[@data-kt=\"addButton\"]"}
COMMAND: POST /session/b9813d2d4a2a80b357083dca97fefc0e/elements - {"using":"xpath","value":"//button[@data-kt=\"addButton\"]"}
RESULT: {"using":"xpath","value":"//button[@data-kt=\"addButton\"]"}
COMMAND: POST /session/b9813d2d4a2a80b357083dca97fefc0e/execute/sync - {"script":"<script> [8489 bytes]","args":[{"element-6066-11e4-a52e-4f735466cecf":"f.E51E61EF4515A4333B035E485DBAD5B4.d.9D40662B388766D47B3D9AE7FB841F51.e.3519","ELEMENT":"f.E51E61EF4515A4333B035E485DBAD5B4.d.9D40662B388766D47B3D9AE7FB841F51.e.3519"}]}
RESULT: {"script":"<script> [8489 bytes]","args":[{"element-6066-11e4-a52e-4f735466cecf":"f.E51E61EF4515A4333B035E485DBAD5B4.d.9D40662B388766D47B3D9AE7FB841F51.e.3519","ELEMENT":"f.E51E61EF4515A4333B035E485DBAD5B4.d.9D40662B388766D47B3D9AE7FB841F51.e.3519"}]}
COMMAND: GET /session/b9813d2d4a2a80b357083dca97fefc0e/element/f.E51E61EF4515A4333B035E485DBAD5B4.d.9D40662B388766D47B3D9AE7FB841F51.e.3519/enabled - {}
COMMAND: GET /session/b9813d2d4a2a80b357083dca97fefc0e/screenshot - {}
RESULT: {}
COMMAND: POST /session/b9813d2d4a2a80b357083dca97fefc0e/execute/sync - {"script":"<script> [8489 bytes]","args":[{"element-6066-11e4-a52e-4f735466cecf":"f.E51E61EF4515A4333B035E485DBAD5B4.d.9D40662B388766D47B3D9AE7FB841F51.e.3519","ELEMENT":"f.E51E61EF4515A4333B035E485DBAD5B4.d.9D40662B388766D47B3D9AE7FB841F51.e.3519"}]}
COMMAND: GET /session/b9813d2d4a2a80b357083dca97fefc0e/screenshot - {}
RESULT: {}
RESULT: {"script":"<script> [8489 bytes]","args":[{"element-6066-11e4-a52e-4f735466cecf":"f.E51E61EF4515A4333B035E485DBAD5B4.d.9D40662B388766D47B3D9AE7FB841F51.e.3519","ELEMENT":"f.E51E61EF4515A4333B035E485DBAD5B4.d.9D40662B388766D47B3D9AE7FB841F51.e.3519"}]}
COMMAND: POST /session/b9813d2d4a2a80b357083dca97fefc0e/execute/sync - {"script":"<script> [5351 bytes]","args":[{"element-6066-11e4-a52e-4f735466cecf":"f.E51E61EF4515A4333B035E485DBAD5B4.d.9D40662B388766D47B3D9AE7FB841F51.e.3519","ELEMENT":"f.E51E61EF4515A4333B035E485DBAD5B4.d.9D40662B388766D47B3D9AE7FB841F51.e.3519"}]}
COMMAND: GET /session/b9813d2d4a2a80b357083dca97fefc0e/screenshot - {}
RESULT: {}
RESULT: {"script":"<script> [5351 bytes]","args":[{"element-6066-11e4-a52e-4f735466cecf":"f.E51E61EF4515A4333B035E485DBAD5B4.d.9D40662B388766D47B3D9AE7FB841F51.e.3519","ELEMENT":"f.E51E61EF4515A4333B035E485DBAD5B4.d.9D40662B388766D47B3D9AE7FB841F51.e.3519"}]}
COMMAND: GET /session/b9813d2d4a2a80b357083dca97fefc0e/screenshot - {}
RESULT: {}
RESULT: {}
RESULT: undefined
COMMAND: POST /session/b9813d2d4a2a80b357083dca97fefc0e/execute/async - {"script":"<script> [776 bytes]","args":[{"enterText":"aSSN2oxcQb","selector":{"id":"application-addressmanagement-display-component---masterAdm--smartFilterBar-btnBasicSearch","interaction":{"idSuffix":"I"}},"clearTextFirst":true,"interactionType":"ENTER_TEXT"}]}
RESULT: {"script":"<script> [776 bytes]","args":[{"enterText":"aSSN2oxcQb","selector":{"id":"application-addressmanagement-display-component---masterAdm--smartFilterBar-btnBasicSearch","interaction":{"idSuffix":"I"}},"clearTextFirst":true,"interactionType":"ENTER_TEXT"}]}
COMMAND: POST /session/b9813d2d4a2a80b357083dca97fefc0e/actions - {"actions":[{"id":"action14","type":"key","parameters":{},"actions":[{"type":"keyDown","value":""},{"type":"pause","duration":10},{"type":"keyUp","value":""}]}]}
RESULT: {"actions":[{"id":"action14","type":"key","parameters":{},"actions":[{"type":"keyDown","value":""},{"type":"pause","duration":10},{"type":"keyUp","value":""}]}]}
COMMAND: GET /session/b9813d2d4a2a80b357083dca97fefc0e/screenshot - {}
RESULT: {}
COMMAND: POST /session/b9813d2d4a2a80b357083dca97fefc0e/elements - {"using":"xpath","value":"//table[contains(@id, \"customPersonsAddressesTable-listUl\")]/tbody/tr"}
RESULT: {"using":"xpath","value":"//table[contains(@id, \"customPersonsAddressesTable-listUl\")]/tbody/tr"}
COMMAND: POST /session/b9813d2d4a2a80b357083dca97fefc0e/element - {"using":"xpath","value":"//table[contains(@id, \"customPersonsAddressesTable-listUl\")]/tbody/tr[1]/td[5]/span/span"}
RESULT: {"using":"xpath","value":"//table[contains(@id, \"customPersonsAddressesTable-listUl\")]/tbody/tr[1]/td[5]/span/span"}
COMMAND: POST /session/b9813d2d4a2a80b357083dca97fefc0e/element - {"using":"xpath","value":"//table[contains(@id, \"customPersonsAddressesTable-listUl\")]/tbody/tr[1]/td[3]/span"}
RESULT: {"using":"xpath","value":"//table[contains(@id, \"customPersonsAddressesTable-listUl\")]/tbody/tr[1]/td[3]/span"}
COMMAND: POST /session/b9813d2d4a2a80b357083dca97fefc0e/elements - {"using":"xpath","value":"//table[contains(@id, \"customPersonsAddressesTable-listUl\")]/tbody/tr[1]/td[5]/span/span"}
RESULT: {"using":"xpath","value":"//table[contains(@id, \"customPersonsAddressesTable-listUl\")]/tbody/tr[1]/td[5]/span/span"}
COMMAND: POST /session/b9813d2d4a2a80b357083dca97fefc0e/execute/sync - {"script":"<script> [56 bytes]","args":[{"element-6066-11e4-a52e-4f735466cecf":"f.E51E61EF4515A4333B035E485DBAD5B4.d.9D40662B388766D47B3D9AE7FB841F51.e.3665","ELEMENT":"f.E51E61EF4515A4333B035E485DBAD5B4.d.9D40662B388766D47B3D9AE7FB841F51.e.3665"}]}
RESULT: {"script":"<script> [56 bytes]","args":[{"element-6066-11e4-a52e-4f735466cecf":"f.E51E61EF4515A4333B035E485DBAD5B4.d.9D40662B388766D47B3D9AE7FB841F51.e.3665","ELEMENT":"f.E51E61EF4515A4333B035E485DBAD5B4.d.9D40662B388766D47B3D9AE7FB841F51.e.3665"}]}
COMMAND: POST /session/b9813d2d4a2a80b357083dca97fefc0e/execute/sync - {"script":"<script> [56 bytes]","args":[{"element-6066-11e4-a52e-4f735466cecf":"f.E51E61EF4515A4333B035E485DBAD5B4.d.9D40662B388766D47B3D9AE7FB841F51.e.3666","ELEMENT":"f.E51E61EF4515A4333B035E485DBAD5B4.d.9D40662B388766D47B3D9AE7FB841F51.e.3666"}]}
COMMAND: GET /session/b9813d2d4a2a80b357083dca97fefc0e/screenshot - {}
RESULT: {"script":"<script> [56 bytes]","args":[{"element-6066-11e4-a52e-4f735466cecf":"f.E51E61EF4515A4333B035E485DBAD5B4.d.9D40662B388766D47B3D9AE7FB841F51.e.3666","ELEMENT":"f.E51E61EF4515A4333B035E485DBAD5B4.d.9D40662B388766D47B3D9AE7FB841F51.e.3666"}]}
COMMAND: POST /session/b9813d2d4a2a80b357083dca97fefc0e/element - {"using":"xpath","value":"(//span[contains(@id, \"imgNav\")])[1]"}
COMMAND: GET /session/b9813d2d4a2a80b357083dca97fefc0e/screenshot - {}
RESULT: {}
RESULT: {"using":"xpath","value":"(//span[contains(@id, \"imgNav\")])[1]"}
COMMAND: POST /session/b9813d2d4a2a80b357083dca97fefc0e/element/f.E51E61EF4515A4333B035E485DBAD5B4.d.9D40662B388766D47B3D9AE7FB841F51.e.3662/click - {}
RESULT: {}
RESULT: {}
COMMAND: GET /session/b9813d2d4a2a80b357083dca97fefc0e/screenshot - {}
RESULT: {}
COMMAND: POST /session/b9813d2d4a2a80b357083dca97fefc0e/element - {"using":"xpath","value":"//bdi[contains(text(), \"Edit\")]"}
RESULT: {"using":"xpath","value":"//bdi[contains(text(), \"Edit\")]"}
COMMAND: POST /session/b9813d2d4a2a80b357083dca97fefc0e/element/f.E51E61EF4515A4333B035E485DBAD5B4.d.9D40662B388766D47B3D9AE7FB841F51.e.3792/click - {}
RESULT: {}
COMMAND: GET /session/b9813d2d4a2a80b357083dca97fefc0e/screenshot - {}
RESULT: {}
COMMAND: POST /session/b9813d2d4a2a80b357083dca97fefc0e/execute/async - {"script":"<script> [1562 bytes]","args":[{"selector":{"controlType":"sap.m.Button","viewName":"etm.portal.ui.addressmanagement.view.EditDetail","properties":{"text":"Attachments (0)"},"interaction":{"idSuffix":"BDI-content"}},"wdio_ui5_key":"etmportal.ui.addressmanagement.view.EditDetailsap.m.Button{\"text\":\"Attachments (0)\"}"}]}
RESULT: {"script":"<script> [1562 bytes]","args":[{"selector":{"controlType":"sap.m.Button","viewName":"etm.portal.ui.addressmanagement.view.EditDetail","properties":{"text":"Attachments (0)"},"interaction":{"idSuffix":"BDI-content"}},"wdio_ui5_key":"etmportal.ui.addressmanagement.view.EditDetailsap.m.Button{\"text\":\"Attachments (0)\"}"}]}
RESULT: undefined
COMMAND: POST /session/b9813d2d4a2a80b357083dca97fefc0e/element - {"using":"xpath","value":"//*[@id=\"__xmlview61--ObjectPageLayout-anchBar-__xmlview61--attachments-anchor\"]"}
RESULT: {"using":"xpath","value":"//*[@id=\"__xmlview61--ObjectPageLayout-anchBar-__xmlview61--attachments-anchor\"]"}
COMMAND: POST /session/b9813d2d4a2a80b357083dca97fefc0e/element/f.E51E61EF4515A4333B035E485DBAD5B4.d.9D40662B388766D47B3D9AE7FB841F51.e.3834/click - {}
RESULT: {}
COMMAND: GET /session/b9813d2d4a2a80b357083dca97fefc0e/screenshot - {}
RESULT: {}
COMMAND: POST /session/b9813d2d4a2a80b357083dca97fefc0e/file - {"file":"[base64] 459776 bytes"}
RESULT: {"file":"[base64] 459776 bytes"}
COMMAND: POST /session/b9813d2d4a2a80b357083dca97fefc0e/element - {"using":"css selector","value":"input[type=\"file\"]"}
RESULT: {"using":"css selector","value":"input[type=\"file\"]"}
COMMAND: POST /session/b9813d2d4a2a80b357083dca97fefc0e/element/f.E51E61EF4515A4333B035E485DBAD5B4.d.9D40662B388766D47B3D9AE7FB841F51.e.3824/clear - {}
RESULT: {}
COMMAND: POST /session/b9813d2d4a2a80b357083dca97fefc0e/element/f.E51E61EF4515A4333B035E485DBAD5B4.d.9D40662B388766D47B3D9AE7FB841F51.e.3824/value - {"text":"C:\\Windows\\SystemTemp\\scoped_dir3988_1417463236\\upload3988_677809205\\address-mng-pic.png"}
COMMAND: GET /session/b9813d2d4a2a80b357083dca97fefc0e/screenshot - {}
RESULT: {"text":"C:\\Windows\\SystemTemp\\scoped_dir3988_1417463236\\upload3988_677809205\\address-mng-pic.png"}
COMMAND: GET /session/b9813d2d4a2a80b357083dca97fefc0e/screenshot - {}
RESULT: {}
RESULT: {}
COMMAND: POST /session/b9813d2d4a2a80b357083dca97fefc0e/element - {"using":"xpath","value":"//button[@data-kt=\"saveButton\"]"}
RESULT: {"using":"xpath","value":"//button[@data-kt=\"saveButton\"]"}
COMMAND: POST /session/b9813d2d4a2a80b357083dca97fefc0e/element/f.E51E61EF4515A4333B035E485DBAD5B4.d.9D40662B388766D47B3D9AE7FB841F51.e.3858/click - {}
RESULT: {}
COMMAND: GET /session/b9813d2d4a2a80b357083dca97fefc0e/screenshot - {}
RESULT: {}
COMMAND: POST /session/b9813d2d4a2a80b357083dca97fefc0e/execute/async - {"script":"<script> [1562 bytes]","args":[{"selector":{"id":"application-addressmanagement-display-component---detailAdm--ObjectPageLayout-anchBar-application-addressmanagement-display-component---detailAdm--attachments-anchor","interaction":{"idSuffix":"content"}},"wdio_ui5_key":"applicationaddressmanagement-display-component---detailAdm--ObjectPageLayout-anchBar-application-addressmanagement-display-component---detailAdm--attachments-anchor"}]}
RESULT: {"script":"<script> [1562 bytes]","args":[{"selector":{"id":"application-addressmanagement-display-component---detailAdm--ObjectPageLayout-anchBar-application-addressmanagement-display-component---detailAdm--attachments-anchor","interaction":{"idSuffix":"content"}},"wdio_ui5_key":"applicationaddressmanagement-display-component---detailAdm--ObjectPageLayout-anchBar-application-addressmanagement-display-component---detailAdm--attachments-anchor"}]}
RESULT: undefined
COMMAND: POST /session/b9813d2d4a2a80b357083dca97fefc0e/element - {"using":"xpath","value":"//*[@id=\"application-addressmanagement-display-component---detailAdm--ObjectPageLayout-anchBar-application-addressmanagement-display-component---detailAdm--attachments-anchor\"]"}
RESULT: {"using":"xpath","value":"//*[@id=\"application-addressmanagement-display-component---detailAdm--ObjectPageLayout-anchBar-application-addressmanagement-display-component---detailAdm--attachments-anchor\"]"}
COMMAND: POST /session/b9813d2d4a2a80b357083dca97fefc0e/element/f.E51E61EF4515A4333B035E485DBAD5B4.d.9D40662B388766D47B3D9AE7FB841F51.e.3867/click - {}
RESULT: {}
COMMAND: GET /session/b9813d2d4a2a80b357083dca97fefc0e/screenshot - {}
RESULT: {}
COMMAND: POST /session/b9813d2d4a2a80b357083dca97fefc0e/execute/async - {"script":"<script> [1562 bytes]","args":[{"selector":{"id":"application-addressmanagement-display-component---detailAdm--attachments"},"wdio_ui5_key":"applicationaddressmanagement-display-component---detailAdm--attachments"}]}
RESULT: {"script":"<script> [1562 bytes]","args":[{"selector":{"id":"application-addressmanagement-display-component---detailAdm--attachments"},"wdio_ui5_key":"applicationaddressmanagement-display-component---detailAdm--attachments"}]}
RESULT: undefined
COMMAND: POST /session/b9813d2d4a2a80b357083dca97fefc0e/execute/async - {"script":"<script> [6424 bytes]","args":[{"element-6066-11e4-a52e-4f735466cecf":"f.E51E61EF4515A4333B035E485DBAD5B4.d.9D40662B388766D47B3D9AE7FB841F51.e.3779"},"getTitle",[]]}
RESULT: {"script":"<script> [6424 bytes]","args":[{"element-6066-11e4-a52e-4f735466cecf":"f.E51E61EF4515A4333B035E485DBAD5B4.d.9D40662B388766D47B3D9AE7FB841F51.e.3779"},"getTitle",[]]}
COMMAND: POST /session/b9813d2d4a2a80b357083dca97fefc0e/element - {"using":"css selector","value":"#shell-header-logo"}
RESULT: {"using":"css selector","value":"#shell-header-logo"}
COMMAND: POST /session/b9813d2d4a2a80b357083dca97fefc0e/element/f.E51E61EF4515A4333B035E485DBAD5B4.d.9D40662B388766D47B3D9AE7FB841F51.e.3473/click - {}
RESULT: {}
COMMAND: GET /session/b9813d2d4a2a80b357083dca97fefc0e/screenshot - {}
RESULT: {}
]]></system-out>
    </testcase>
    <testcase classname="chrome.136_0_7103_93.windows.Address_Management_Tests_US156181_US151165_US151160_US156180_US156178_US151157_US151172_US151170_US151166_US151168" name="Step 9 Should remove the added attachment on the created address US151168 BUGGED FOR NOW" time="66.484">
      <system-out><![CDATA[
RESULT: undefined
COMMAND: POST /session/b9813d2d4a2a80b357083dca97fefc0e/element - {"using":"xpath","value":"//*[@id=\"__tile33\"]"}
RESULT: {"using":"xpath","value":"//*[@id=\"__tile33\"]"}
COMMAND: POST /session/b9813d2d4a2a80b357083dca97fefc0e/element/f.E51E61EF4515A4333B035E485DBAD5B4.d.9D40662B388766D47B3D9AE7FB841F51.e.217/click - {}
RESULT: {}
COMMAND: GET /session/b9813d2d4a2a80b357083dca97fefc0e/screenshot - {}
RESULT: {}
COMMAND: POST /session/b9813d2d4a2a80b357083dca97fefc0e/elements - {"using":"xpath","value":"//span[text()='Error']"}
RESULT: {"using":"xpath","value":"//span[text()='Error']"}
COMMAND: POST /session/b9813d2d4a2a80b357083dca97fefc0e/element - {"using":"xpath","value":"//button[@data-kt=\"addButton\"]"}
RESULT: {"using":"xpath","value":"//button[@data-kt=\"addButton\"]"}
COMMAND: POST /session/b9813d2d4a2a80b357083dca97fefc0e/elements - {"using":"xpath","value":"//button[@data-kt=\"addButton\"]"}
RESULT: {"using":"xpath","value":"//button[@data-kt=\"addButton\"]"}
COMMAND: POST /session/b9813d2d4a2a80b357083dca97fefc0e/execute/sync - {"script":"<script> [8489 bytes]","args":[{"element-6066-11e4-a52e-4f735466cecf":"f.E51E61EF4515A4333B035E485DBAD5B4.d.9D40662B388766D47B3D9AE7FB841F51.e.3913","ELEMENT":"f.E51E61EF4515A4333B035E485DBAD5B4.d.9D40662B388766D47B3D9AE7FB841F51.e.3913"}]}
RESULT: {"script":"<script> [8489 bytes]","args":[{"element-6066-11e4-a52e-4f735466cecf":"f.E51E61EF4515A4333B035E485DBAD5B4.d.9D40662B388766D47B3D9AE7FB841F51.e.3913","ELEMENT":"f.E51E61EF4515A4333B035E485DBAD5B4.d.9D40662B388766D47B3D9AE7FB841F51.e.3913"}]}
COMMAND: GET /session/b9813d2d4a2a80b357083dca97fefc0e/element/f.E51E61EF4515A4333B035E485DBAD5B4.d.9D40662B388766D47B3D9AE7FB841F51.e.3913/enabled - {}
COMMAND: GET /session/b9813d2d4a2a80b357083dca97fefc0e/screenshot - {}
RESULT: {}
COMMAND: POST /session/b9813d2d4a2a80b357083dca97fefc0e/execute/sync - {"script":"<script> [8489 bytes]","args":[{"element-6066-11e4-a52e-4f735466cecf":"f.E51E61EF4515A4333B035E485DBAD5B4.d.9D40662B388766D47B3D9AE7FB841F51.e.3913","ELEMENT":"f.E51E61EF4515A4333B035E485DBAD5B4.d.9D40662B388766D47B3D9AE7FB841F51.e.3913"}]}
COMMAND: GET /session/b9813d2d4a2a80b357083dca97fefc0e/screenshot - {}
RESULT: {}
RESULT: {"script":"<script> [8489 bytes]","args":[{"element-6066-11e4-a52e-4f735466cecf":"f.E51E61EF4515A4333B035E485DBAD5B4.d.9D40662B388766D47B3D9AE7FB841F51.e.3913","ELEMENT":"f.E51E61EF4515A4333B035E485DBAD5B4.d.9D40662B388766D47B3D9AE7FB841F51.e.3913"}]}
COMMAND: POST /session/b9813d2d4a2a80b357083dca97fefc0e/execute/sync - {"script":"<script> [5351 bytes]","args":[{"element-6066-11e4-a52e-4f735466cecf":"f.E51E61EF4515A4333B035E485DBAD5B4.d.9D40662B388766D47B3D9AE7FB841F51.e.3913","ELEMENT":"f.E51E61EF4515A4333B035E485DBAD5B4.d.9D40662B388766D47B3D9AE7FB841F51.e.3913"}]}
COMMAND: GET /session/b9813d2d4a2a80b357083dca97fefc0e/screenshot - {}
RESULT: {}
RESULT: {"script":"<script> [5351 bytes]","args":[{"element-6066-11e4-a52e-4f735466cecf":"f.E51E61EF4515A4333B035E485DBAD5B4.d.9D40662B388766D47B3D9AE7FB841F51.e.3913","ELEMENT":"f.E51E61EF4515A4333B035E485DBAD5B4.d.9D40662B388766D47B3D9AE7FB841F51.e.3913"}]}
COMMAND: GET /session/b9813d2d4a2a80b357083dca97fefc0e/screenshot - {}
RESULT: {}
RESULT: {}
RESULT: undefined
COMMAND: POST /session/b9813d2d4a2a80b357083dca97fefc0e/execute/async - {"script":"<script> [776 bytes]","args":[{"enterText":"aSSN2oxcQb","selector":{"id":"application-addressmanagement-display-component---masterAdm--smartFilterBar-btnBasicSearch","interaction":{"idSuffix":"I"}},"clearTextFirst":true,"interactionType":"ENTER_TEXT"}]}
RESULT: {"script":"<script> [776 bytes]","args":[{"enterText":"aSSN2oxcQb","selector":{"id":"application-addressmanagement-display-component---masterAdm--smartFilterBar-btnBasicSearch","interaction":{"idSuffix":"I"}},"clearTextFirst":true,"interactionType":"ENTER_TEXT"}]}
COMMAND: POST /session/b9813d2d4a2a80b357083dca97fefc0e/actions - {"actions":[{"id":"action15","type":"key","parameters":{},"actions":[{"type":"keyDown","value":""},{"type":"pause","duration":10},{"type":"keyUp","value":""}]}]}
RESULT: {"actions":[{"id":"action15","type":"key","parameters":{},"actions":[{"type":"keyDown","value":""},{"type":"pause","duration":10},{"type":"keyUp","value":""}]}]}
COMMAND: GET /session/b9813d2d4a2a80b357083dca97fefc0e/screenshot - {}
RESULT: {}
COMMAND: POST /session/b9813d2d4a2a80b357083dca97fefc0e/elements - {"using":"xpath","value":"//table[contains(@id, \"customPersonsAddressesTable-listUl\")]/tbody/tr"}
RESULT: {"using":"xpath","value":"//table[contains(@id, \"customPersonsAddressesTable-listUl\")]/tbody/tr"}
COMMAND: POST /session/b9813d2d4a2a80b357083dca97fefc0e/element - {"using":"xpath","value":"//table[contains(@id, \"customPersonsAddressesTable-listUl\")]/tbody/tr[1]/td[5]/span/span"}
RESULT: {"using":"xpath","value":"//table[contains(@id, \"customPersonsAddressesTable-listUl\")]/tbody/tr[1]/td[5]/span/span"}
COMMAND: POST /session/b9813d2d4a2a80b357083dca97fefc0e/element - {"using":"xpath","value":"//table[contains(@id, \"customPersonsAddressesTable-listUl\")]/tbody/tr[1]/td[3]/span"}
RESULT: {"using":"xpath","value":"//table[contains(@id, \"customPersonsAddressesTable-listUl\")]/tbody/tr[1]/td[3]/span"}
COMMAND: POST /session/b9813d2d4a2a80b357083dca97fefc0e/elements - {"using":"xpath","value":"//table[contains(@id, \"customPersonsAddressesTable-listUl\")]/tbody/tr[1]/td[5]/span/span"}
RESULT: {"using":"xpath","value":"//table[contains(@id, \"customPersonsAddressesTable-listUl\")]/tbody/tr[1]/td[5]/span/span"}
COMMAND: POST /session/b9813d2d4a2a80b357083dca97fefc0e/execute/sync - {"script":"<script> [56 bytes]","args":[{"element-6066-11e4-a52e-4f735466cecf":"f.E51E61EF4515A4333B035E485DBAD5B4.d.9D40662B388766D47B3D9AE7FB841F51.e.4063","ELEMENT":"f.E51E61EF4515A4333B035E485DBAD5B4.d.9D40662B388766D47B3D9AE7FB841F51.e.4063"}]}
RESULT: {"script":"<script> [56 bytes]","args":[{"element-6066-11e4-a52e-4f735466cecf":"f.E51E61EF4515A4333B035E485DBAD5B4.d.9D40662B388766D47B3D9AE7FB841F51.e.4063","ELEMENT":"f.E51E61EF4515A4333B035E485DBAD5B4.d.9D40662B388766D47B3D9AE7FB841F51.e.4063"}]}
COMMAND: POST /session/b9813d2d4a2a80b357083dca97fefc0e/execute/sync - {"script":"<script> [56 bytes]","args":[{"element-6066-11e4-a52e-4f735466cecf":"f.E51E61EF4515A4333B035E485DBAD5B4.d.9D40662B388766D47B3D9AE7FB841F51.e.4064","ELEMENT":"f.E51E61EF4515A4333B035E485DBAD5B4.d.9D40662B388766D47B3D9AE7FB841F51.e.4064"}]}
COMMAND: GET /session/b9813d2d4a2a80b357083dca97fefc0e/screenshot - {}
RESULT: {"script":"<script> [56 bytes]","args":[{"element-6066-11e4-a52e-4f735466cecf":"f.E51E61EF4515A4333B035E485DBAD5B4.d.9D40662B388766D47B3D9AE7FB841F51.e.4064","ELEMENT":"f.E51E61EF4515A4333B035E485DBAD5B4.d.9D40662B388766D47B3D9AE7FB841F51.e.4064"}]}
COMMAND: POST /session/b9813d2d4a2a80b357083dca97fefc0e/element - {"using":"xpath","value":"(//span[contains(@id, \"imgNav\")])[1]"}
COMMAND: GET /session/b9813d2d4a2a80b357083dca97fefc0e/screenshot - {}
RESULT: {}
RESULT: {"using":"xpath","value":"(//span[contains(@id, \"imgNav\")])[1]"}
COMMAND: POST /session/b9813d2d4a2a80b357083dca97fefc0e/element/f.E51E61EF4515A4333B035E485DBAD5B4.d.9D40662B388766D47B3D9AE7FB841F51.e.4060/click - {}
RESULT: {}
RESULT: {}
COMMAND: GET /session/b9813d2d4a2a80b357083dca97fefc0e/screenshot - {}
RESULT: {}
COMMAND: POST /session/b9813d2d4a2a80b357083dca97fefc0e/element - {"using":"xpath","value":"//bdi[contains(text(), \"Edit\")]"}
RESULT: {"using":"xpath","value":"//bdi[contains(text(), \"Edit\")]"}
COMMAND: POST /session/b9813d2d4a2a80b357083dca97fefc0e/element/f.E51E61EF4515A4333B035E485DBAD5B4.d.9D40662B388766D47B3D9AE7FB841F51.e.4189/click - {}
RESULT: {}
COMMAND: GET /session/b9813d2d4a2a80b357083dca97fefc0e/screenshot - {}
RESULT: {}
COMMAND: POST /session/b9813d2d4a2a80b357083dca97fefc0e/execute/async - {"script":"<script> [1562 bytes]","args":[{"selector":{"controlType":"sap.m.Button","viewName":"etm.portal.ui.addressmanagement.view.EditDetail","properties":{"text":"Attachments (1)"},"interaction":{"idSuffix":"BDI-content"}},"wdio_ui5_key":"etmportal.ui.addressmanagement.view.EditDetailsap.m.Button{\"text\":\"Attachments (1)\"}"}]}
RESULT: {"script":"<script> [1562 bytes]","args":[{"selector":{"controlType":"sap.m.Button","viewName":"etm.portal.ui.addressmanagement.view.EditDetail","properties":{"text":"Attachments (1)"},"interaction":{"idSuffix":"BDI-content"}},"wdio_ui5_key":"etmportal.ui.addressmanagement.view.EditDetailsap.m.Button{\"text\":\"Attachments (1)\"}"}]}
RESULT: undefined
COMMAND: POST /session/b9813d2d4a2a80b357083dca97fefc0e/element - {"using":"xpath","value":"//*[@id=\"__xmlview62--ObjectPageLayout-anchBar-__xmlview62--attachments-anchor\"]"}
RESULT: {"using":"xpath","value":"//*[@id=\"__xmlview62--ObjectPageLayout-anchBar-__xmlview62--attachments-anchor\"]"}
COMMAND: POST /session/b9813d2d4a2a80b357083dca97fefc0e/element/f.E51E61EF4515A4333B035E485DBAD5B4.d.9D40662B388766D47B3D9AE7FB841F51.e.4246/click - {}
RESULT: {}
COMMAND: GET /session/b9813d2d4a2a80b357083dca97fefc0e/screenshot - {}
RESULT: {}
COMMAND: POST /session/b9813d2d4a2a80b357083dca97fefc0e/execute/async - {"script":"<script> [1562 bytes]","args":[{"selector":{"controlType":"sap.ui.core.Icon","viewName":"etm.portal.ui.addressmanagement.view.EditDetail","properties":{"src":{"regex":{"source":"decline"}}}},"wdio_ui5_key":"etmportal.ui.addressmanagement.view.EditDetailsap.ui.core.Icon{\"src\":{\"regex\":{\"source\":\"decline\"}}}"}]}
RESULT: {"script":"<script> [1562 bytes]","args":[{"selector":{"controlType":"sap.ui.core.Icon","viewName":"etm.portal.ui.addressmanagement.view.EditDetail","properties":{"src":{"regex":{"source":"decline"}}}},"wdio_ui5_key":"etmportal.ui.addressmanagement.view.EditDetailsap.ui.core.Icon{\"src\":{\"regex\":{\"source\":\"decline\"}}}"}]}
RESULT: undefined
COMMAND: POST /session/b9813d2d4a2a80b357083dca97fefc0e/element - {"using":"xpath","value":"//*[@id=\"__item862-__set10-0-deleteButton-img\"]"}
RESULT: {"using":"xpath","value":"//*[@id=\"__item862-__set10-0-deleteButton-img\"]"}
COMMAND: POST /session/b9813d2d4a2a80b357083dca97fefc0e/element/f.E51E61EF4515A4333B035E485DBAD5B4.d.9D40662B388766D47B3D9AE7FB841F51.e.4252/click - {}
RESULT: {}
COMMAND: GET /session/b9813d2d4a2a80b357083dca97fefc0e/screenshot - {}
RESULT: {}
COMMAND: POST /session/b9813d2d4a2a80b357083dca97fefc0e/element - {"using":"xpath","value":"//bdi[contains(text(), \"OK\")]"}
RESULT: {"using":"xpath","value":"//bdi[contains(text(), \"OK\")]"}
COMMAND: POST /session/b9813d2d4a2a80b357083dca97fefc0e/element/f.E51E61EF4515A4333B035E485DBAD5B4.d.9D40662B388766D47B3D9AE7FB841F51.e.4255/click - {}
RESULT: {}
COMMAND: GET /session/b9813d2d4a2a80b357083dca97fefc0e/screenshot - {}
RESULT: {}
COMMAND: POST /session/b9813d2d4a2a80b357083dca97fefc0e/element - {"using":"xpath","value":"//button[@data-kt=\"saveButton\"]"}
RESULT: {"using":"xpath","value":"//button[@data-kt=\"saveButton\"]"}
COMMAND: POST /session/b9813d2d4a2a80b357083dca97fefc0e/element/f.E51E61EF4515A4333B035E485DBAD5B4.d.9D40662B388766D47B3D9AE7FB841F51.e.4276/click - {}
RESULT: {}
COMMAND: GET /session/b9813d2d4a2a80b357083dca97fefc0e/screenshot - {}
RESULT: {}
RESULT: undefined
COMMAND: POST /session/b9813d2d4a2a80b357083dca97fefc0e/element - {"using":"xpath","value":"//*[@id=\"application-addressmanagement-display-component---detailAdm--ObjectPageLayout-anchBar-application-addressmanagement-display-component---detailAdm--attachments-anchor\"]"}
RESULT: {"using":"xpath","value":"//*[@id=\"application-addressmanagement-display-component---detailAdm--ObjectPageLayout-anchBar-application-addressmanagement-display-component---detailAdm--attachments-anchor\"]"}
COMMAND: POST /session/b9813d2d4a2a80b357083dca97fefc0e/element/f.E51E61EF4515A4333B035E485DBAD5B4.d.9D40662B388766D47B3D9AE7FB841F51.e.4290/click - {}
RESULT: {}
COMMAND: GET /session/b9813d2d4a2a80b357083dca97fefc0e/screenshot - {}
RESULT: {}
RESULT: undefined
COMMAND: POST /session/b9813d2d4a2a80b357083dca97fefc0e/execute/async - {"script":"<script> [6424 bytes]","args":[{"element-6066-11e4-a52e-4f735466cecf":"f.E51E61EF4515A4333B035E485DBAD5B4.d.9D40662B388766D47B3D9AE7FB841F51.e.3779"},"getTitle",[]]}
COMMAND: POST /session/b9813d2d4a2a80b357083dca97fefc0e/execute/async - {"script":"<script> [1562 bytes]","args":[{"selector":{"id":"application-addressmanagement-display-component---detailAdm--attachments"},"wdio_ui5_key":"applicationaddressmanagement-display-component---detailAdm--attachments"}]}
RESULT: {"script":"<script> [1562 bytes]","args":[{"selector":{"id":"application-addressmanagement-display-component---detailAdm--attachments"},"wdio_ui5_key":"applicationaddressmanagement-display-component---detailAdm--attachments"}]}
COMMAND: POST /session/b9813d2d4a2a80b357083dca97fefc0e/execute/async - {"script":"<script> [6424 bytes]","args":[{"element-6066-11e4-a52e-4f735466cecf":"f.E51E61EF4515A4333B035E485DBAD5B4.d.9D40662B388766D47B3D9AE7FB841F51.e.4175"},"getTitle",[]]}
RESULT: {"script":"<script> [6424 bytes]","args":[{"element-6066-11e4-a52e-4f735466cecf":"f.E51E61EF4515A4333B035E485DBAD5B4.d.9D40662B388766D47B3D9AE7FB841F51.e.4175"},"getTitle",[]]}
COMMAND: POST /session/b9813d2d4a2a80b357083dca97fefc0e/element - {"using":"css selector","value":"#shell-header-logo"}
RESULT: {"using":"css selector","value":"#shell-header-logo"}
COMMAND: POST /session/b9813d2d4a2a80b357083dca97fefc0e/element/f.E51E61EF4515A4333B035E485DBAD5B4.d.9D40662B388766D47B3D9AE7FB841F51.e.3875/click - {}
RESULT: {}
COMMAND: GET /session/b9813d2d4a2a80b357083dca97fefc0e/screenshot - {}
RESULT: {}
COMMAND: GET /session/b9813d2d4a2a80b357083dca97fefc0e/screenshot - {}
RESULT: {}
COMMAND: DELETE /session/b9813d2d4a2a80b357083dca97fefc0e - {}
RESULT: {}
]]></system-out>
    </testcase>
  </testsuite>
</testsuites>