<?xml version="1.0" encoding="UTF-8"?>
<testsuites tests="11" failures="0" errors="0" skipped="0">
  <testsuite timestamp="2025-04-24T17:37:09" time="1445.481" tests="11" failures="0" errors="0" skipped="0">
    <properties>
      <property name="specId" value="0" />
      <property name="suiteName" value="Partner specific tests US150819 US151080 US151654 US151176 US103444 US151078 US151079 US151109 US151174 US151175 US151189" />
      <property name="capabilities" value="chrome.135_0_7049_96.windows" />
      <property name="file" value="file:///D:/a/1/s/test/specs/BTS/manage-partners.spec.js" />
    </properties>
    <testcase classname="chrome.135_0_7049_96.windows.Partner_specific_tests_US150819_US151080_US151654_US151176_US103444_US151078_US151079_US151109_US151174_US151175_US151189" name="Should create a new yard prerequisite" time="137.158">
      <system-out><![CDATA[
COMMAND: POST /session/b94376503e01bf473405a525b5bc89ad/window/fullscreen - {}
RESULT: {}
COMMAND: POST /session/b94376503e01bf473405a525b5bc89ad/element - {"using":"xpath","value":"//li[.//span[text()=\"Manage Partners\"]]"}
RESULT: {"using":"xpath","value":"//li[.//span[text()=\"Manage Partners\"]]"}
COMMAND: POST /session/b94376503e01bf473405a525b5bc89ad/element - {"using":"xpath","value":"//li[.//span[text()=\"Manage Partners\"]]"}
RESULT: {"using":"xpath","value":"//li[.//span[text()=\"Manage Partners\"]]"}
COMMAND: POST /session/b94376503e01bf473405a525b5bc89ad/element - {"using":"css selector","value":"#shell-header-logo"}
RESULT: {"using":"css selector","value":"#shell-header-logo"}
COMMAND: POST /session/b94376503e01bf473405a525b5bc89ad/element/f.19E536F94174C8B9DE1C34297281D471.d.A37878C14643AB19FB3356BC1C9EFC37.e.235/click - {}
COMMAND: POST /session/b94376503e01bf473405a525b5bc89ad/execute/sync - {"script":"<script> [8489 bytes]","args":[{"element-6066-11e4-a52e-4f735466cecf":"f.19E536F94174C8B9DE1C34297281D471.d.A37878C14643AB19FB3356BC1C9EFC37.e.235","ELEMENT":"f.19E536F94174C8B9DE1C34297281D471.d.A37878C14643AB19FB3356BC1C9EFC37.e.235"}]}
RESULT: {"script":"<script> [8489 bytes]","args":[{"element-6066-11e4-a52e-4f735466cecf":"f.19E536F94174C8B9DE1C34297281D471.d.A37878C14643AB19FB3356BC1C9EFC37.e.235","ELEMENT":"f.19E536F94174C8B9DE1C34297281D471.d.A37878C14643AB19FB3356BC1C9EFC37.e.235"}]}
COMMAND: POST /session/b94376503e01bf473405a525b5bc89ad/execute/sync - {"script":"<script> [5351 bytes]","args":[{"element-6066-11e4-a52e-4f735466cecf":"f.19E536F94174C8B9DE1C34297281D471.d.A37878C14643AB19FB3356BC1C9EFC37.e.235","ELEMENT":"f.19E536F94174C8B9DE1C34297281D471.d.A37878C14643AB19FB3356BC1C9EFC37.e.235"}]}
COMMAND: GET /session/b94376503e01bf473405a525b5bc89ad/screenshot - {}
RESULT: {}
RESULT: {"script":"<script> [5351 bytes]","args":[{"element-6066-11e4-a52e-4f735466cecf":"f.19E536F94174C8B9DE1C34297281D471.d.A37878C14643AB19FB3356BC1C9EFC37.e.235","ELEMENT":"f.19E536F94174C8B9DE1C34297281D471.d.A37878C14643AB19FB3356BC1C9EFC37.e.235"}]}
COMMAND: GET /session/b94376503e01bf473405a525b5bc89ad/screenshot - {}
COMMAND: GET /session/b94376503e01bf473405a525b5bc89ad/screenshot - {}
RESULT: {}
RESULT: {}
RESULT: {}
COMMAND: POST /session/b94376503e01bf473405a525b5bc89ad/execute/async - {"script":"<script> [1562 bytes]","args":[{"selector":{"controlType":"sap.m.GenericTile","properties":{"header":"Manage Yards"}},"wdio_ui5_key":"sapm.GenericTile{\"header\":\"Manage Yards\"}"}]}
RESULT: {"script":"<script> [1562 bytes]","args":[{"selector":{"controlType":"sap.m.GenericTile","properties":{"header":"Manage Yards"}},"wdio_ui5_key":"sapm.GenericTile{\"header\":\"Manage Yards\"}"}]}
RESULT: undefined
COMMAND: POST /session/b94376503e01bf473405a525b5bc89ad/element - {"using":"xpath","value":"//*[@id=\"__tile41\"]"}
RESULT: {"using":"xpath","value":"//*[@id=\"__tile41\"]"}
COMMAND: POST /session/b94376503e01bf473405a525b5bc89ad/element/f.19E536F94174C8B9DE1C34297281D471.d.A37878C14643AB19FB3356BC1C9EFC37.e.151/click - {}
RESULT: {}
COMMAND: POST /session/b94376503e01bf473405a525b5bc89ad/element - {"using":"xpath","value":"//button[@data-kt=\"addNewYardOverflowToolbarButton\"]"}
COMMAND: GET /session/b94376503e01bf473405a525b5bc89ad/screenshot - {}
RESULT: {"using":"xpath","value":"//button[@data-kt=\"addNewYardOverflowToolbarButton\"]"}
COMMAND: POST /session/b94376503e01bf473405a525b5bc89ad/elements - {"using":"xpath","value":"//button[@data-kt=\"addNewYardOverflowToolbarButton\"]"}
RESULT: {}
RESULT: {"using":"xpath","value":"//button[@data-kt=\"addNewYardOverflowToolbarButton\"]"}
COMMAND: POST /session/b94376503e01bf473405a525b5bc89ad/elements - {"using":"xpath","value":"//button[@data-kt=\"addNewYardOverflowToolbarButton\"]"}
RESULT: {"using":"xpath","value":"//button[@data-kt=\"addNewYardOverflowToolbarButton\"]"}
COMMAND: POST /session/b94376503e01bf473405a525b5bc89ad/elements - {"using":"xpath","value":"//button[@data-kt=\"addNewYardOverflowToolbarButton\"]"}
RESULT: {"using":"xpath","value":"//button[@data-kt=\"addNewYardOverflowToolbarButton\"]"}
COMMAND: POST /session/b94376503e01bf473405a525b5bc89ad/elements - {"using":"xpath","value":"//button[@data-kt=\"addNewYardOverflowToolbarButton\"]"}
RESULT: {"using":"xpath","value":"//button[@data-kt=\"addNewYardOverflowToolbarButton\"]"}
COMMAND: POST /session/b94376503e01bf473405a525b5bc89ad/elements - {"using":"xpath","value":"//button[@data-kt=\"addNewYardOverflowToolbarButton\"]"}
RESULT: {"using":"xpath","value":"//button[@data-kt=\"addNewYardOverflowToolbarButton\"]"}
COMMAND: POST /session/b94376503e01bf473405a525b5bc89ad/elements - {"using":"xpath","value":"//button[@data-kt=\"addNewYardOverflowToolbarButton\"]"}
RESULT: {"using":"xpath","value":"//button[@data-kt=\"addNewYardOverflowToolbarButton\"]"}
COMMAND: POST /session/b94376503e01bf473405a525b5bc89ad/elements - {"using":"xpath","value":"//button[@data-kt=\"addNewYardOverflowToolbarButton\"]"}
RESULT: {"using":"xpath","value":"//button[@data-kt=\"addNewYardOverflowToolbarButton\"]"}
COMMAND: POST /session/b94376503e01bf473405a525b5bc89ad/elements - {"using":"xpath","value":"//button[@data-kt=\"addNewYardOverflowToolbarButton\"]"}
RESULT: {"using":"xpath","value":"//button[@data-kt=\"addNewYardOverflowToolbarButton\"]"}
COMMAND: POST /session/b94376503e01bf473405a525b5bc89ad/elements - {"using":"xpath","value":"//button[@data-kt=\"addNewYardOverflowToolbarButton\"]"}
RESULT: {"using":"xpath","value":"//button[@data-kt=\"addNewYardOverflowToolbarButton\"]"}
COMMAND: POST /session/b94376503e01bf473405a525b5bc89ad/elements - {"using":"xpath","value":"//button[@data-kt=\"addNewYardOverflowToolbarButton\"]"}
RESULT: {"using":"xpath","value":"//button[@data-kt=\"addNewYardOverflowToolbarButton\"]"}
COMMAND: POST /session/b94376503e01bf473405a525b5bc89ad/elements - {"using":"xpath","value":"//button[@data-kt=\"addNewYardOverflowToolbarButton\"]"}
RESULT: {"using":"xpath","value":"//button[@data-kt=\"addNewYardOverflowToolbarButton\"]"}
COMMAND: POST /session/b94376503e01bf473405a525b5bc89ad/elements - {"using":"xpath","value":"//button[@data-kt=\"addNewYardOverflowToolbarButton\"]"}
RESULT: {"using":"xpath","value":"//button[@data-kt=\"addNewYardOverflowToolbarButton\"]"}
COMMAND: POST /session/b94376503e01bf473405a525b5bc89ad/elements - {"using":"xpath","value":"//button[@data-kt=\"addNewYardOverflowToolbarButton\"]"}
RESULT: {"using":"xpath","value":"//button[@data-kt=\"addNewYardOverflowToolbarButton\"]"}
COMMAND: POST /session/b94376503e01bf473405a525b5bc89ad/elements - {"using":"xpath","value":"//button[@data-kt=\"addNewYardOverflowToolbarButton\"]"}
RESULT: {"using":"xpath","value":"//button[@data-kt=\"addNewYardOverflowToolbarButton\"]"}
COMMAND: POST /session/b94376503e01bf473405a525b5bc89ad/elements - {"using":"xpath","value":"//button[@data-kt=\"addNewYardOverflowToolbarButton\"]"}
RESULT: {"using":"xpath","value":"//button[@data-kt=\"addNewYardOverflowToolbarButton\"]"}
COMMAND: POST /session/b94376503e01bf473405a525b5bc89ad/elements - {"using":"xpath","value":"//button[@data-kt=\"addNewYardOverflowToolbarButton\"]"}
RESULT: {"using":"xpath","value":"//button[@data-kt=\"addNewYardOverflowToolbarButton\"]"}
COMMAND: POST /session/b94376503e01bf473405a525b5bc89ad/elements - {"using":"xpath","value":"//button[@data-kt=\"addNewYardOverflowToolbarButton\"]"}
RESULT: {"using":"xpath","value":"//button[@data-kt=\"addNewYardOverflowToolbarButton\"]"}
COMMAND: POST /session/b94376503e01bf473405a525b5bc89ad/elements - {"using":"xpath","value":"//button[@data-kt=\"addNewYardOverflowToolbarButton\"]"}
RESULT: {"using":"xpath","value":"//button[@data-kt=\"addNewYardOverflowToolbarButton\"]"}
COMMAND: POST /session/b94376503e01bf473405a525b5bc89ad/elements - {"using":"xpath","value":"//button[@data-kt=\"addNewYardOverflowToolbarButton\"]"}
RESULT: {"using":"xpath","value":"//button[@data-kt=\"addNewYardOverflowToolbarButton\"]"}
COMMAND: POST /session/b94376503e01bf473405a525b5bc89ad/elements - {"using":"xpath","value":"//button[@data-kt=\"addNewYardOverflowToolbarButton\"]"}
RESULT: {"using":"xpath","value":"//button[@data-kt=\"addNewYardOverflowToolbarButton\"]"}
COMMAND: POST /session/b94376503e01bf473405a525b5bc89ad/elements - {"using":"xpath","value":"//button[@data-kt=\"addNewYardOverflowToolbarButton\"]"}
RESULT: {"using":"xpath","value":"//button[@data-kt=\"addNewYardOverflowToolbarButton\"]"}
COMMAND: POST /session/b94376503e01bf473405a525b5bc89ad/elements - {"using":"xpath","value":"//button[@data-kt=\"addNewYardOverflowToolbarButton\"]"}
RESULT: {"using":"xpath","value":"//button[@data-kt=\"addNewYardOverflowToolbarButton\"]"}
COMMAND: POST /session/b94376503e01bf473405a525b5bc89ad/elements - {"using":"xpath","value":"//button[@data-kt=\"addNewYardOverflowToolbarButton\"]"}
RESULT: {"using":"xpath","value":"//button[@data-kt=\"addNewYardOverflowToolbarButton\"]"}
COMMAND: POST /session/b94376503e01bf473405a525b5bc89ad/elements - {"using":"xpath","value":"//button[@data-kt=\"addNewYardOverflowToolbarButton\"]"}
RESULT: {"using":"xpath","value":"//button[@data-kt=\"addNewYardOverflowToolbarButton\"]"}
COMMAND: POST /session/b94376503e01bf473405a525b5bc89ad/elements - {"using":"xpath","value":"//button[@data-kt=\"addNewYardOverflowToolbarButton\"]"}
RESULT: {"using":"xpath","value":"//button[@data-kt=\"addNewYardOverflowToolbarButton\"]"}
COMMAND: POST /session/b94376503e01bf473405a525b5bc89ad/elements - {"using":"xpath","value":"//button[@data-kt=\"addNewYardOverflowToolbarButton\"]"}
RESULT: {"using":"xpath","value":"//button[@data-kt=\"addNewYardOverflowToolbarButton\"]"}
COMMAND: POST /session/b94376503e01bf473405a525b5bc89ad/elements - {"using":"xpath","value":"//button[@data-kt=\"addNewYardOverflowToolbarButton\"]"}
RESULT: {"using":"xpath","value":"//button[@data-kt=\"addNewYardOverflowToolbarButton\"]"}
COMMAND: POST /session/b94376503e01bf473405a525b5bc89ad/elements - {"using":"xpath","value":"//button[@data-kt=\"addNewYardOverflowToolbarButton\"]"}
RESULT: {"using":"xpath","value":"//button[@data-kt=\"addNewYardOverflowToolbarButton\"]"}
COMMAND: POST /session/b94376503e01bf473405a525b5bc89ad/elements - {"using":"xpath","value":"//button[@data-kt=\"addNewYardOverflowToolbarButton\"]"}
RESULT: {"using":"xpath","value":"//button[@data-kt=\"addNewYardOverflowToolbarButton\"]"}
COMMAND: POST /session/b94376503e01bf473405a525b5bc89ad/elements - {"using":"xpath","value":"//button[@data-kt=\"addNewYardOverflowToolbarButton\"]"}
RESULT: {"using":"xpath","value":"//button[@data-kt=\"addNewYardOverflowToolbarButton\"]"}
COMMAND: POST /session/b94376503e01bf473405a525b5bc89ad/elements - {"using":"xpath","value":"//button[@data-kt=\"addNewYardOverflowToolbarButton\"]"}
RESULT: {"using":"xpath","value":"//button[@data-kt=\"addNewYardOverflowToolbarButton\"]"}
COMMAND: POST /session/b94376503e01bf473405a525b5bc89ad/elements - {"using":"xpath","value":"//button[@data-kt=\"addNewYardOverflowToolbarButton\"]"}
RESULT: {"using":"xpath","value":"//button[@data-kt=\"addNewYardOverflowToolbarButton\"]"}
COMMAND: POST /session/b94376503e01bf473405a525b5bc89ad/elements - {"using":"xpath","value":"//button[@data-kt=\"addNewYardOverflowToolbarButton\"]"}
RESULT: {"using":"xpath","value":"//button[@data-kt=\"addNewYardOverflowToolbarButton\"]"}
COMMAND: POST /session/b94376503e01bf473405a525b5bc89ad/elements - {"using":"xpath","value":"//button[@data-kt=\"addNewYardOverflowToolbarButton\"]"}
RESULT: {"using":"xpath","value":"//button[@data-kt=\"addNewYardOverflowToolbarButton\"]"}
COMMAND: POST /session/b94376503e01bf473405a525b5bc89ad/elements - {"using":"xpath","value":"//button[@data-kt=\"addNewYardOverflowToolbarButton\"]"}
RESULT: {"using":"xpath","value":"//button[@data-kt=\"addNewYardOverflowToolbarButton\"]"}
COMMAND: POST /session/b94376503e01bf473405a525b5bc89ad/elements - {"using":"xpath","value":"//button[@data-kt=\"addNewYardOverflowToolbarButton\"]"}
RESULT: {"using":"xpath","value":"//button[@data-kt=\"addNewYardOverflowToolbarButton\"]"}
COMMAND: POST /session/b94376503e01bf473405a525b5bc89ad/elements - {"using":"xpath","value":"//button[@data-kt=\"addNewYardOverflowToolbarButton\"]"}
RESULT: {"using":"xpath","value":"//button[@data-kt=\"addNewYardOverflowToolbarButton\"]"}
COMMAND: POST /session/b94376503e01bf473405a525b5bc89ad/elements - {"using":"xpath","value":"//button[@data-kt=\"addNewYardOverflowToolbarButton\"]"}
RESULT: {"using":"xpath","value":"//button[@data-kt=\"addNewYardOverflowToolbarButton\"]"}
COMMAND: POST /session/b94376503e01bf473405a525b5bc89ad/elements - {"using":"xpath","value":"//button[@data-kt=\"addNewYardOverflowToolbarButton\"]"}
RESULT: {"using":"xpath","value":"//button[@data-kt=\"addNewYardOverflowToolbarButton\"]"}
COMMAND: POST /session/b94376503e01bf473405a525b5bc89ad/elements - {"using":"xpath","value":"//button[@data-kt=\"addNewYardOverflowToolbarButton\"]"}
RESULT: {"using":"xpath","value":"//button[@data-kt=\"addNewYardOverflowToolbarButton\"]"}
COMMAND: POST /session/b94376503e01bf473405a525b5bc89ad/elements - {"using":"xpath","value":"//button[@data-kt=\"addNewYardOverflowToolbarButton\"]"}
RESULT: {"using":"xpath","value":"//button[@data-kt=\"addNewYardOverflowToolbarButton\"]"}
COMMAND: POST /session/b94376503e01bf473405a525b5bc89ad/elements - {"using":"xpath","value":"//button[@data-kt=\"addNewYardOverflowToolbarButton\"]"}
RESULT: {"using":"xpath","value":"//button[@data-kt=\"addNewYardOverflowToolbarButton\"]"}
COMMAND: POST /session/b94376503e01bf473405a525b5bc89ad/elements - {"using":"xpath","value":"//button[@data-kt=\"addNewYardOverflowToolbarButton\"]"}
RESULT: {"using":"xpath","value":"//button[@data-kt=\"addNewYardOverflowToolbarButton\"]"}
COMMAND: POST /session/b94376503e01bf473405a525b5bc89ad/elements - {"using":"xpath","value":"//button[@data-kt=\"addNewYardOverflowToolbarButton\"]"}
RESULT: {"using":"xpath","value":"//button[@data-kt=\"addNewYardOverflowToolbarButton\"]"}
COMMAND: POST /session/b94376503e01bf473405a525b5bc89ad/elements - {"using":"xpath","value":"//button[@data-kt=\"addNewYardOverflowToolbarButton\"]"}
RESULT: {"using":"xpath","value":"//button[@data-kt=\"addNewYardOverflowToolbarButton\"]"}
COMMAND: POST /session/b94376503e01bf473405a525b5bc89ad/elements - {"using":"xpath","value":"//button[@data-kt=\"addNewYardOverflowToolbarButton\"]"}
RESULT: {"using":"xpath","value":"//button[@data-kt=\"addNewYardOverflowToolbarButton\"]"}
COMMAND: POST /session/b94376503e01bf473405a525b5bc89ad/elements - {"using":"xpath","value":"//button[@data-kt=\"addNewYardOverflowToolbarButton\"]"}
RESULT: {"using":"xpath","value":"//button[@data-kt=\"addNewYardOverflowToolbarButton\"]"}
COMMAND: POST /session/b94376503e01bf473405a525b5bc89ad/elements - {"using":"xpath","value":"//button[@data-kt=\"addNewYardOverflowToolbarButton\"]"}
RESULT: {"using":"xpath","value":"//button[@data-kt=\"addNewYardOverflowToolbarButton\"]"}
COMMAND: POST /session/b94376503e01bf473405a525b5bc89ad/elements - {"using":"xpath","value":"//button[@data-kt=\"addNewYardOverflowToolbarButton\"]"}
RESULT: {"using":"xpath","value":"//button[@data-kt=\"addNewYardOverflowToolbarButton\"]"}
COMMAND: POST /session/b94376503e01bf473405a525b5bc89ad/elements - {"using":"xpath","value":"//button[@data-kt=\"addNewYardOverflowToolbarButton\"]"}
RESULT: {"using":"xpath","value":"//button[@data-kt=\"addNewYardOverflowToolbarButton\"]"}
COMMAND: POST /session/b94376503e01bf473405a525b5bc89ad/elements - {"using":"xpath","value":"//button[@data-kt=\"addNewYardOverflowToolbarButton\"]"}
RESULT: {"using":"xpath","value":"//button[@data-kt=\"addNewYardOverflowToolbarButton\"]"}
COMMAND: POST /session/b94376503e01bf473405a525b5bc89ad/elements - {"using":"xpath","value":"//button[@data-kt=\"addNewYardOverflowToolbarButton\"]"}
RESULT: {"using":"xpath","value":"//button[@data-kt=\"addNewYardOverflowToolbarButton\"]"}
COMMAND: POST /session/b94376503e01bf473405a525b5bc89ad/elements - {"using":"xpath","value":"//button[@data-kt=\"addNewYardOverflowToolbarButton\"]"}
RESULT: {"using":"xpath","value":"//button[@data-kt=\"addNewYardOverflowToolbarButton\"]"}
COMMAND: POST /session/b94376503e01bf473405a525b5bc89ad/elements - {"using":"xpath","value":"//button[@data-kt=\"addNewYardOverflowToolbarButton\"]"}
RESULT: {"using":"xpath","value":"//button[@data-kt=\"addNewYardOverflowToolbarButton\"]"}
COMMAND: POST /session/b94376503e01bf473405a525b5bc89ad/elements - {"using":"xpath","value":"//button[@data-kt=\"addNewYardOverflowToolbarButton\"]"}
RESULT: {"using":"xpath","value":"//button[@data-kt=\"addNewYardOverflowToolbarButton\"]"}
COMMAND: POST /session/b94376503e01bf473405a525b5bc89ad/elements - {"using":"xpath","value":"//button[@data-kt=\"addNewYardOverflowToolbarButton\"]"}
RESULT: {"using":"xpath","value":"//button[@data-kt=\"addNewYardOverflowToolbarButton\"]"}
COMMAND: POST /session/b94376503e01bf473405a525b5bc89ad/elements - {"using":"xpath","value":"//button[@data-kt=\"addNewYardOverflowToolbarButton\"]"}
RESULT: {"using":"xpath","value":"//button[@data-kt=\"addNewYardOverflowToolbarButton\"]"}
COMMAND: POST /session/b94376503e01bf473405a525b5bc89ad/elements - {"using":"xpath","value":"//button[@data-kt=\"addNewYardOverflowToolbarButton\"]"}
RESULT: {"using":"xpath","value":"//button[@data-kt=\"addNewYardOverflowToolbarButton\"]"}
COMMAND: POST /session/b94376503e01bf473405a525b5bc89ad/elements - {"using":"xpath","value":"//button[@data-kt=\"addNewYardOverflowToolbarButton\"]"}
RESULT: {"using":"xpath","value":"//button[@data-kt=\"addNewYardOverflowToolbarButton\"]"}
COMMAND: POST /session/b94376503e01bf473405a525b5bc89ad/elements - {"using":"xpath","value":"//button[@data-kt=\"addNewYardOverflowToolbarButton\"]"}
RESULT: {"using":"xpath","value":"//button[@data-kt=\"addNewYardOverflowToolbarButton\"]"}
COMMAND: POST /session/b94376503e01bf473405a525b5bc89ad/elements - {"using":"xpath","value":"//button[@data-kt=\"addNewYardOverflowToolbarButton\"]"}
RESULT: {"using":"xpath","value":"//button[@data-kt=\"addNewYardOverflowToolbarButton\"]"}
COMMAND: POST /session/b94376503e01bf473405a525b5bc89ad/elements - {"using":"xpath","value":"//button[@data-kt=\"addNewYardOverflowToolbarButton\"]"}
RESULT: {"using":"xpath","value":"//button[@data-kt=\"addNewYardOverflowToolbarButton\"]"}
COMMAND: POST /session/b94376503e01bf473405a525b5bc89ad/elements - {"using":"xpath","value":"//button[@data-kt=\"addNewYardOverflowToolbarButton\"]"}
RESULT: {"using":"xpath","value":"//button[@data-kt=\"addNewYardOverflowToolbarButton\"]"}
COMMAND: POST /session/b94376503e01bf473405a525b5bc89ad/elements - {"using":"xpath","value":"//button[@data-kt=\"addNewYardOverflowToolbarButton\"]"}
RESULT: {"using":"xpath","value":"//button[@data-kt=\"addNewYardOverflowToolbarButton\"]"}
COMMAND: POST /session/b94376503e01bf473405a525b5bc89ad/elements - {"using":"xpath","value":"//button[@data-kt=\"addNewYardOverflowToolbarButton\"]"}
RESULT: {"using":"xpath","value":"//button[@data-kt=\"addNewYardOverflowToolbarButton\"]"}
COMMAND: POST /session/b94376503e01bf473405a525b5bc89ad/elements - {"using":"xpath","value":"//button[@data-kt=\"addNewYardOverflowToolbarButton\"]"}
RESULT: {"using":"xpath","value":"//button[@data-kt=\"addNewYardOverflowToolbarButton\"]"}
COMMAND: POST /session/b94376503e01bf473405a525b5bc89ad/elements - {"using":"xpath","value":"//button[@data-kt=\"addNewYardOverflowToolbarButton\"]"}
RESULT: {"using":"xpath","value":"//button[@data-kt=\"addNewYardOverflowToolbarButton\"]"}
COMMAND: POST /session/b94376503e01bf473405a525b5bc89ad/elements - {"using":"xpath","value":"//button[@data-kt=\"addNewYardOverflowToolbarButton\"]"}
RESULT: {"using":"xpath","value":"//button[@data-kt=\"addNewYardOverflowToolbarButton\"]"}
COMMAND: POST /session/b94376503e01bf473405a525b5bc89ad/element - {"using":"xpath","value":"//button[@data-kt=\"addNewYardOverflowToolbarButton\"]"}
RESULT: {"using":"xpath","value":"//button[@data-kt=\"addNewYardOverflowToolbarButton\"]"}
COMMAND: POST /session/b94376503e01bf473405a525b5bc89ad/execute/sync - {"script":"<script> [8489 bytes]","args":[{"element-6066-11e4-a52e-4f735466cecf":"f.19E536F94174C8B9DE1C34297281D471.d.A37878C14643AB19FB3356BC1C9EFC37.e.268","ELEMENT":"f.19E536F94174C8B9DE1C34297281D471.d.A37878C14643AB19FB3356BC1C9EFC37.e.268"}]}
RESULT: {"script":"<script> [8489 bytes]","args":[{"element-6066-11e4-a52e-4f735466cecf":"f.19E536F94174C8B9DE1C34297281D471.d.A37878C14643AB19FB3356BC1C9EFC37.e.268","ELEMENT":"f.19E536F94174C8B9DE1C34297281D471.d.A37878C14643AB19FB3356BC1C9EFC37.e.268"}]}
COMMAND: GET /session/b94376503e01bf473405a525b5bc89ad/element/f.19E536F94174C8B9DE1C34297281D471.d.A37878C14643AB19FB3356BC1C9EFC37.e.268/enabled - {}
COMMAND: GET /session/b94376503e01bf473405a525b5bc89ad/screenshot - {}
RESULT: {}
COMMAND: POST /session/b94376503e01bf473405a525b5bc89ad/execute/sync - {"script":"<script> [8489 bytes]","args":[{"element-6066-11e4-a52e-4f735466cecf":"f.19E536F94174C8B9DE1C34297281D471.d.A37878C14643AB19FB3356BC1C9EFC37.e.268","ELEMENT":"f.19E536F94174C8B9DE1C34297281D471.d.A37878C14643AB19FB3356BC1C9EFC37.e.268"}]}
COMMAND: GET /session/b94376503e01bf473405a525b5bc89ad/screenshot - {}
RESULT: {}
RESULT: {"script":"<script> [8489 bytes]","args":[{"element-6066-11e4-a52e-4f735466cecf":"f.19E536F94174C8B9DE1C34297281D471.d.A37878C14643AB19FB3356BC1C9EFC37.e.268","ELEMENT":"f.19E536F94174C8B9DE1C34297281D471.d.A37878C14643AB19FB3356BC1C9EFC37.e.268"}]}
COMMAND: POST /session/b94376503e01bf473405a525b5bc89ad/execute/sync - {"script":"<script> [5351 bytes]","args":[{"element-6066-11e4-a52e-4f735466cecf":"f.19E536F94174C8B9DE1C34297281D471.d.A37878C14643AB19FB3356BC1C9EFC37.e.268","ELEMENT":"f.19E536F94174C8B9DE1C34297281D471.d.A37878C14643AB19FB3356BC1C9EFC37.e.268"}]}
COMMAND: GET /session/b94376503e01bf473405a525b5bc89ad/screenshot - {}
RESULT: {}
RESULT: {"script":"<script> [5351 bytes]","args":[{"element-6066-11e4-a52e-4f735466cecf":"f.19E536F94174C8B9DE1C34297281D471.d.A37878C14643AB19FB3356BC1C9EFC37.e.268","ELEMENT":"f.19E536F94174C8B9DE1C34297281D471.d.A37878C14643AB19FB3356BC1C9EFC37.e.268"}]}
COMMAND: POST /session/b94376503e01bf473405a525b5bc89ad/element/f.19E536F94174C8B9DE1C34297281D471.d.A37878C14643AB19FB3356BC1C9EFC37.e.268/click - {}
COMMAND: GET /session/b94376503e01bf473405a525b5bc89ad/screenshot - {}
RESULT: {}
RESULT: {}
COMMAND: GET /session/b94376503e01bf473405a525b5bc89ad/screenshot - {}
COMMAND: POST /session/b94376503e01bf473405a525b5bc89ad/element - {"using":"xpath","value":"//input[@id=\"application-manageyards-display-component---NewYard--yardId-inner\"]"}
RESULT: {}
RESULT: {}
RESULT: {"using":"xpath","value":"//input[@id=\"application-manageyards-display-component---NewYard--yardId-inner\"]"}
COMMAND: POST /session/b94376503e01bf473405a525b5bc89ad/element - {"using":"xpath","value":"//input[@id=\"application-manageyards-display-component---NewYard--yardId-inner\"]"}
RESULT: {"using":"xpath","value":"//input[@id=\"application-manageyards-display-component---NewYard--yardId-inner\"]"}
COMMAND: POST /session/b94376503e01bf473405a525b5bc89ad/execute/async - {"script":"<script> [1562 bytes]","args":[{"selector":{"id":"application-manageyards-display-component---NewYard--addressDetailDetailsName1","interaction":{"idSuffix":"inner"}},"wdio_ui5_key":"applicationmanageyards-display-component---NewYard--addressDetailDetailsName1"}]}
RESULT: {"script":"<script> [1562 bytes]","args":[{"selector":{"id":"application-manageyards-display-component---NewYard--addressDetailDetailsName1","interaction":{"idSuffix":"inner"}},"wdio_ui5_key":"applicationmanageyards-display-component---NewYard--addressDetailDetailsName1"}]}
RESULT: undefined
COMMAND: POST /session/b94376503e01bf473405a525b5bc89ad/execute/async - {"script":"<script> [776 bytes]","args":[{"enterText":"Intracompany Yard wdIO","selector":{"id":"application-manageyards-display-component---NewYard--addressDetailDetailsName1","interaction":{"idSuffix":"inner"}},"clearTextFirst":true,"interactionType":"ENTER_TEXT"}]}
RESULT: {"script":"<script> [776 bytes]","args":[{"enterText":"Intracompany Yard wdIO","selector":{"id":"application-manageyards-display-component---NewYard--addressDetailDetailsName1","interaction":{"idSuffix":"inner"}},"clearTextFirst":true,"interactionType":"ENTER_TEXT"}]}
COMMAND: POST /session/b94376503e01bf473405a525b5bc89ad/execute/async - {"script":"<script> [1562 bytes]","args":[{"selector":{"id":"application-manageyards-display-component---NewYard--addressDetailDetailsLanguage-arrow"},"wdio_ui5_key":"applicationmanageyards-display-component---NewYard--addressDetailDetailsLanguage-arrow"}]}
RESULT: {"script":"<script> [1562 bytes]","args":[{"selector":{"id":"application-manageyards-display-component---NewYard--addressDetailDetailsLanguage-arrow"},"wdio_ui5_key":"applicationmanageyards-display-component---NewYard--addressDetailDetailsLanguage-arrow"}]}
RESULT: undefined
COMMAND: POST /session/b94376503e01bf473405a525b5bc89ad/element - {"using":"xpath","value":"//*[@id=\"application-manageyards-display-component---NewYard--addressDetailDetailsLanguage-arrow\"]"}
RESULT: {"using":"xpath","value":"//*[@id=\"application-manageyards-display-component---NewYard--addressDetailDetailsLanguage-arrow\"]"}
COMMAND: POST /session/b94376503e01bf473405a525b5bc89ad/element/f.19E536F94174C8B9DE1C34297281D471.d.A37878C14643AB19FB3356BC1C9EFC37.e.700/click - {}
RESULT: {}
COMMAND: POST /session/b94376503e01bf473405a525b5bc89ad/element - {"using":"xpath","value":"//span[contains(text(), \"English\")]"}
COMMAND: GET /session/b94376503e01bf473405a525b5bc89ad/screenshot - {}
RESULT: {"using":"xpath","value":"//span[contains(text(), \"English\")]"}
COMMAND: POST /session/b94376503e01bf473405a525b5bc89ad/element/f.19E536F94174C8B9DE1C34297281D471.d.A37878C14643AB19FB3356BC1C9EFC37.e.701/click - {}
RESULT: {}
RESULT: {}
COMMAND: POST /session/b94376503e01bf473405a525b5bc89ad/execute/async - {"script":"<script> [1562 bytes]","args":[{"selector":{"id":"application-manageyards-display-component---NewYard--addressDetailDetailsCity1","interaction":{"idSuffix":"inner"}},"wdio_ui5_key":"applicationmanageyards-display-component---NewYard--addressDetailDetailsCity1"}]}
COMMAND: GET /session/b94376503e01bf473405a525b5bc89ad/screenshot - {}
RESULT: {"script":"<script> [1562 bytes]","args":[{"selector":{"id":"application-manageyards-display-component---NewYard--addressDetailDetailsCity1","interaction":{"idSuffix":"inner"}},"wdio_ui5_key":"applicationmanageyards-display-component---NewYard--addressDetailDetailsCity1"}]}
RESULT: undefined
COMMAND: POST /session/b94376503e01bf473405a525b5bc89ad/execute/async - {"script":"<script> [776 bytes]","args":[{"enterText":"Rosario","selector":{"id":"application-manageyards-display-component---NewYard--addressDetailDetailsCity1","interaction":{"idSuffix":"inner"}},"clearTextFirst":true,"interactionType":"ENTER_TEXT"}]}
RESULT: {}
RESULT: {"script":"<script> [776 bytes]","args":[{"enterText":"Rosario","selector":{"id":"application-manageyards-display-component---NewYard--addressDetailDetailsCity1","interaction":{"idSuffix":"inner"}},"clearTextFirst":true,"interactionType":"ENTER_TEXT"}]}
COMMAND: POST /session/b94376503e01bf473405a525b5bc89ad/execute/async - {"script":"<script> [1562 bytes]","args":[{"selector":{"id":"application-manageyards-display-component---NewYard--addressDetailDetailsCountry-arrow"},"wdio_ui5_key":"applicationmanageyards-display-component---NewYard--addressDetailDetailsCountry-arrow"}]}
RESULT: {"script":"<script> [1562 bytes]","args":[{"selector":{"id":"application-manageyards-display-component---NewYard--addressDetailDetailsCountry-arrow"},"wdio_ui5_key":"applicationmanageyards-display-component---NewYard--addressDetailDetailsCountry-arrow"}]}
RESULT: undefined
COMMAND: POST /session/b94376503e01bf473405a525b5bc89ad/element - {"using":"xpath","value":"//*[@id=\"application-manageyards-display-component---NewYard--addressDetailDetailsCountry-arrow\"]"}
RESULT: {"using":"xpath","value":"//*[@id=\"application-manageyards-display-component---NewYard--addressDetailDetailsCountry-arrow\"]"}
COMMAND: POST /session/b94376503e01bf473405a525b5bc89ad/element/f.19E536F94174C8B9DE1C34297281D471.d.A37878C14643AB19FB3356BC1C9EFC37.e.703/click - {}
RESULT: {}
COMMAND: POST /session/b94376503e01bf473405a525b5bc89ad/element - {"using":"xpath","value":"//span[contains(text(), \"Argentina\")]"}
COMMAND: GET /session/b94376503e01bf473405a525b5bc89ad/screenshot - {}
RESULT: {"using":"xpath","value":"//span[contains(text(), \"Argentina\")]"}
COMMAND: POST /session/b94376503e01bf473405a525b5bc89ad/element/f.19E536F94174C8B9DE1C34297281D471.d.A37878C14643AB19FB3356BC1C9EFC37.e.704/click - {}
RESULT: {}
RESULT: {}
COMMAND: POST /session/b94376503e01bf473405a525b5bc89ad/execute/async - {"script":"<script> [1562 bytes]","args":[{"selector":{"id":"application-manageyards-display-component---NewYard--addressEditDetailsCostObjectCstType-arrow"},"wdio_ui5_key":"applicationmanageyards-display-component---NewYard--addressEditDetailsCostObjectCstType-arrow"}]}
COMMAND: GET /session/b94376503e01bf473405a525b5bc89ad/screenshot - {}
RESULT: {"script":"<script> [1562 bytes]","args":[{"selector":{"id":"application-manageyards-display-component---NewYard--addressEditDetailsCostObjectCstType-arrow"},"wdio_ui5_key":"applicationmanageyards-display-component---NewYard--addressEditDetailsCostObjectCstType-arrow"}]}
RESULT: undefined
COMMAND: POST /session/b94376503e01bf473405a525b5bc89ad/element - {"using":"xpath","value":"//*[@id=\"application-manageyards-display-component---NewYard--addressEditDetailsCostObjectCstType-arrow\"]"}
RESULT: {}
RESULT: {"using":"xpath","value":"//*[@id=\"application-manageyards-display-component---NewYard--addressEditDetailsCostObjectCstType-arrow\"]"}
COMMAND: POST /session/b94376503e01bf473405a525b5bc89ad/element/f.19E536F94174C8B9DE1C34297281D471.d.A37878C14643AB19FB3356BC1C9EFC37.e.705/click - {}
RESULT: {}
COMMAND: POST /session/b94376503e01bf473405a525b5bc89ad/element - {"using":"xpath","value":"//span[contains(text(), \"Cost Center\")]"}
COMMAND: GET /session/b94376503e01bf473405a525b5bc89ad/screenshot - {}
RESULT: {"using":"xpath","value":"//span[contains(text(), \"Cost Center\")]"}
COMMAND: POST /session/b94376503e01bf473405a525b5bc89ad/element/f.19E536F94174C8B9DE1C34297281D471.d.A37878C14643AB19FB3356BC1C9EFC37.e.706/click - {}
RESULT: {}
RESULT: {}
COMMAND: GET /session/b94376503e01bf473405a525b5bc89ad/screenshot - {}
RESULT: {}
COMMAND: POST /session/b94376503e01bf473405a525b5bc89ad/element - {"using":"xpath","value":"//span[@id=\"application-manageyards-display-component---NewYard--addressNewCostObjectCstID-vhi\"]"}
RESULT: {"using":"xpath","value":"//span[@id=\"application-manageyards-display-component---NewYard--addressNewCostObjectCstID-vhi\"]"}
COMMAND: POST /session/b94376503e01bf473405a525b5bc89ad/execute/sync - {"script":"<script> [8489 bytes]","args":[{"element-6066-11e4-a52e-4f735466cecf":"f.19E536F94174C8B9DE1C34297281D471.d.A37878C14643AB19FB3356BC1C9EFC37.e.709","ELEMENT":"f.19E536F94174C8B9DE1C34297281D471.d.A37878C14643AB19FB3356BC1C9EFC37.e.709"}]}
RESULT: {"script":"<script> [8489 bytes]","args":[{"element-6066-11e4-a52e-4f735466cecf":"f.19E536F94174C8B9DE1C34297281D471.d.A37878C14643AB19FB3356BC1C9EFC37.e.709","ELEMENT":"f.19E536F94174C8B9DE1C34297281D471.d.A37878C14643AB19FB3356BC1C9EFC37.e.709"}]}
COMMAND: POST /session/b94376503e01bf473405a525b5bc89ad/execute/async - {"script":"<script> [1562 bytes]","args":[{"selector":{"id":"application-manageyards-display-component---NewYard--addressNewCostObjectCstID-vhi"},"wdio_ui5_key":"applicationmanageyards-display-component---NewYard--addressNewCostObjectCstID-vhi"}]}
COMMAND: GET /session/b94376503e01bf473405a525b5bc89ad/screenshot - {}
RESULT: {"script":"<script> [1562 bytes]","args":[{"selector":{"id":"application-manageyards-display-component---NewYard--addressNewCostObjectCstID-vhi"},"wdio_ui5_key":"applicationmanageyards-display-component---NewYard--addressNewCostObjectCstID-vhi"}]}
RESULT: undefined
COMMAND: POST /session/b94376503e01bf473405a525b5bc89ad/element - {"using":"xpath","value":"//*[@id=\"application-manageyards-display-component---NewYard--addressNewCostObjectCstID-vhi\"]"}
RESULT: {}
RESULT: {"using":"xpath","value":"//*[@id=\"application-manageyards-display-component---NewYard--addressNewCostObjectCstID-vhi\"]"}
COMMAND: POST /session/b94376503e01bf473405a525b5bc89ad/element/f.19E536F94174C8B9DE1C34297281D471.d.A37878C14643AB19FB3356BC1C9EFC37.e.709/click - {}
RESULT: {}
COMMAND: GET /session/b94376503e01bf473405a525b5bc89ad/screenshot - {}
RESULT: {}
COMMAND: POST /session/b94376503e01bf473405a525b5bc89ad/execute/async - {"script":"<script> [1562 bytes]","args":[{"selector":{"controlType":"sap.m.SearchField","properties":{"placeholder":"Search"},"searchOpenDialogs":true,"interaction":{"idSuffix":"I"}},"wdio_ui5_key":"sapm.SearchField{\"placeholder\":\"Search\"}"}]}
RESULT: {"script":"<script> [1562 bytes]","args":[{"selector":{"controlType":"sap.m.SearchField","properties":{"placeholder":"Search"},"searchOpenDialogs":true,"interaction":{"idSuffix":"I"}},"wdio_ui5_key":"sapm.SearchField{\"placeholder\":\"Search\"}"}]}
RESULT: undefined
COMMAND: POST /session/b94376503e01bf473405a525b5bc89ad/execute/async - {"script":"<script> [776 bytes]","args":[{"enterText":"10001013","selector":{"controlType":"sap.m.SearchField","properties":{"placeholder":"Search"},"searchOpenDialogs":true,"interaction":{"idSuffix":"I"}},"clearTextFirst":true,"interactionType":"ENTER_TEXT"}]}
RESULT: {"script":"<script> [776 bytes]","args":[{"enterText":"10001013","selector":{"controlType":"sap.m.SearchField","properties":{"placeholder":"Search"},"searchOpenDialogs":true,"interaction":{"idSuffix":"I"}},"clearTextFirst":true,"interactionType":"ENTER_TEXT"}]}
COMMAND: POST /session/b94376503e01bf473405a525b5bc89ad/actions - {"actions":[{"id":"action1","type":"key","parameters":{},"actions":[{"type":"keyDown","value":"î€‡"},{"type":"pause","duration":10},{"type":"keyUp","value":"î€‡"}]}]}
RESULT: {"actions":[{"id":"action1","type":"key","parameters":{},"actions":[{"type":"keyDown","value":"î€‡"},{"type":"pause","duration":10},{"type":"keyUp","value":"î€‡"}]}]}
COMMAND: GET /session/b94376503e01bf473405a525b5bc89ad/screenshot - {}
RESULT: {}
COMMAND: POST /session/b94376503e01bf473405a525b5bc89ad/element - {"using":"xpath","value":"//span[contains(text(), \"General Management\")]"}
RESULT: {"using":"xpath","value":"//span[contains(text(), \"General Management\")]"}
COMMAND: POST /session/b94376503e01bf473405a525b5bc89ad/element/f.19E536F94174C8B9DE1C34297281D471.d.A37878C14643AB19FB3356BC1C9EFC37.e.751/click - {}
RESULT: {}
COMMAND: GET /session/b94376503e01bf473405a525b5bc89ad/screenshot - {}
RESULT: {}
COMMAND: POST /session/b94376503e01bf473405a525b5bc89ad/element - {"using":"xpath","value":"//bdi[contains(text(), \"OK\")]"}
RESULT: {"using":"xpath","value":"//bdi[contains(text(), \"OK\")]"}
COMMAND: POST /session/b94376503e01bf473405a525b5bc89ad/element/f.19E536F94174C8B9DE1C34297281D471.d.A37878C14643AB19FB3356BC1C9EFC37.e.752/click - {}
RESULT: {}
COMMAND: GET /session/b94376503e01bf473405a525b5bc89ad/screenshot - {}
RESULT: {}
COMMAND: POST /session/b94376503e01bf473405a525b5bc89ad/execute/async - {"script":"<script> [1562 bytes]","args":[{"selector":{"id":"application-manageyards-display-component---NewYard--addressEditDetailsCurrency-arrow"},"wdio_ui5_key":"applicationmanageyards-display-component---NewYard--addressEditDetailsCurrency-arrow"}]}
RESULT: {"script":"<script> [1562 bytes]","args":[{"selector":{"id":"application-manageyards-display-component---NewYard--addressEditDetailsCurrency-arrow"},"wdio_ui5_key":"applicationmanageyards-display-component---NewYard--addressEditDetailsCurrency-arrow"}]}
RESULT: undefined
COMMAND: POST /session/b94376503e01bf473405a525b5bc89ad/element - {"using":"xpath","value":"//*[@id=\"application-manageyards-display-component---NewYard--addressEditDetailsCurrency-arrow\"]"}
RESULT: {"using":"xpath","value":"//*[@id=\"application-manageyards-display-component---NewYard--addressEditDetailsCurrency-arrow\"]"}
COMMAND: POST /session/b94376503e01bf473405a525b5bc89ad/element/f.19E536F94174C8B9DE1C34297281D471.d.A37878C14643AB19FB3356BC1C9EFC37.e.755/click - {}
RESULT: {}
COMMAND: POST /session/b94376503e01bf473405a525b5bc89ad/element - {"using":"xpath","value":"//span[contains(text(), \"Euro\")]"}
COMMAND: GET /session/b94376503e01bf473405a525b5bc89ad/screenshot - {}
RESULT: {"using":"xpath","value":"//span[contains(text(), \"Euro\")]"}
COMMAND: POST /session/b94376503e01bf473405a525b5bc89ad/element/f.19E536F94174C8B9DE1C34297281D471.d.A37878C14643AB19FB3356BC1C9EFC37.e.756/click - {}
RESULT: {}
RESULT: {}
COMMAND: POST /session/b94376503e01bf473405a525b5bc89ad/execute/async - {"script":"<script> [1562 bytes]","args":[{"selector":{"controlType":"sap.m.Input","viewName":"etm.portal.ui.manageyards.view.New","viewId":"application-manageyards-display-component---NewYard","bindingPath":{"path":"","propertyPath":"/CONTROLLING_AREA","modelName":"NewYardModel"},"interaction":{"idSuffix":"inner"}},"wdio_ui5_key":"etmportal.ui.manageyards.view.Newsap.m.Input{\"path\":\"\",\"propertyPath\":\"/CONTROLLING_AREA\",\"modelName\":\"NewYardModel\"}"}]}
COMMAND: GET /session/b94376503e01bf473405a525b5bc89ad/screenshot - {}
RESULT: {"script":"<script> [1562 bytes]","args":[{"selector":{"controlType":"sap.m.Input","viewName":"etm.portal.ui.manageyards.view.New","viewId":"application-manageyards-display-component---NewYard","bindingPath":{"path":"","propertyPath":"/CONTROLLING_AREA","modelName":"NewYardModel"},"interaction":{"idSuffix":"inner"}},"wdio_ui5_key":"etmportal.ui.manageyards.view.Newsap.m.Input{\"path\":\"\",\"propertyPath\":\"/CONTROLLING_AREA\",\"modelName\":\"NewYardModel\"}"}]}
RESULT: undefined
COMMAND: POST /session/b94376503e01bf473405a525b5bc89ad/execute/async - {"script":"<script> [776 bytes]","args":[{"enterText":"Z001","selector":{"controlType":"sap.m.Input","viewName":"etm.portal.ui.manageyards.view.New","viewId":"application-manageyards-display-component---NewYard","bindingPath":{"path":"","propertyPath":"/CONTROLLING_AREA","modelName":"NewYardModel"},"interaction":{"idSuffix":"inner"}},"clearTextFirst":true,"interactionType":"ENTER_TEXT"}]}
RESULT: {}
RESULT: {"script":"<script> [776 bytes]","args":[{"enterText":"Z001","selector":{"controlType":"sap.m.Input","viewName":"etm.portal.ui.manageyards.view.New","viewId":"application-manageyards-display-component---NewYard","bindingPath":{"path":"","propertyPath":"/CONTROLLING_AREA","modelName":"NewYardModel"},"interaction":{"idSuffix":"inner"}},"clearTextFirst":true,"interactionType":"ENTER_TEXT"}]}
COMMAND: POST /session/b94376503e01bf473405a525b5bc89ad/execute/async - {"script":"<script> [1562 bytes]","args":[{"selector":{"id":"application-manageyards-display-component---NewYard--companyCodeComboBox","interaction":{"idSuffix":"inner"}},"wdio_ui5_key":"applicationmanageyards-display-component---NewYard--companyCodeComboBox"}]}
RESULT: {"script":"<script> [1562 bytes]","args":[{"selector":{"id":"application-manageyards-display-component---NewYard--companyCodeComboBox","interaction":{"idSuffix":"inner"}},"wdio_ui5_key":"applicationmanageyards-display-component---NewYard--companyCodeComboBox"}]}
RESULT: undefined
COMMAND: POST /session/b94376503e01bf473405a525b5bc89ad/execute/async - {"script":"<script> [776 bytes]","args":[{"enterText":"1000","selector":{"id":"application-manageyards-display-component---NewYard--companyCodeComboBox","interaction":{"idSuffix":"inner"}},"clearTextFirst":true,"interactionType":"ENTER_TEXT"}]}
RESULT: {"script":"<script> [776 bytes]","args":[{"enterText":"1000","selector":{"id":"application-manageyards-display-component---NewYard--companyCodeComboBox","interaction":{"idSuffix":"inner"}},"clearTextFirst":true,"interactionType":"ENTER_TEXT"}]}
COMMAND: POST /session/b94376503e01bf473405a525b5bc89ad/execute/async - {"script":"<script> [1562 bytes]","args":[{"selector":{"controlType":"sap.m.Input","viewName":"etm.portal.ui.manageyards.view.New","viewId":"application-manageyards-display-component---NewYard","bindingPath":{"path":"","propertyPath":"/PLANT","modelName":"NewYardModel"},"interaction":{"idSuffix":"inner"}},"wdio_ui5_key":"etmportal.ui.manageyards.view.Newsap.m.Input{\"path\":\"\",\"propertyPath\":\"/PLANT\",\"modelName\":\"NewYardModel\"}"}]}
RESULT: {"script":"<script> [1562 bytes]","args":[{"selector":{"controlType":"sap.m.Input","viewName":"etm.portal.ui.manageyards.view.New","viewId":"application-manageyards-display-component---NewYard","bindingPath":{"path":"","propertyPath":"/PLANT","modelName":"NewYardModel"},"interaction":{"idSuffix":"inner"}},"wdio_ui5_key":"etmportal.ui.manageyards.view.Newsap.m.Input{\"path\":\"\",\"propertyPath\":\"/PLANT\",\"modelName\":\"NewYardModel\"}"}]}
RESULT: undefined
COMMAND: POST /session/b94376503e01bf473405a525b5bc89ad/execute/async - {"script":"<script> [776 bytes]","args":[{"enterText":"1001","selector":{"controlType":"sap.m.Input","viewName":"etm.portal.ui.manageyards.view.New","viewId":"application-manageyards-display-component---NewYard","bindingPath":{"path":"","propertyPath":"/PLANT","modelName":"NewYardModel"},"interaction":{"idSuffix":"inner"}},"clearTextFirst":true,"interactionType":"ENTER_TEXT"}]}
RESULT: {"script":"<script> [776 bytes]","args":[{"enterText":"1001","selector":{"controlType":"sap.m.Input","viewName":"etm.portal.ui.manageyards.view.New","viewId":"application-manageyards-display-component---NewYard","bindingPath":{"path":"","propertyPath":"/PLANT","modelName":"NewYardModel"},"interaction":{"idSuffix":"inner"}},"clearTextFirst":true,"interactionType":"ENTER_TEXT"}]}
COMMAND: POST /session/b94376503e01bf473405a525b5bc89ad/execute/async - {"script":"<script> [1562 bytes]","args":[{"selector":{"controlType":"sap.m.Input","viewName":"etm.portal.ui.manageyards.view.New","viewId":"application-manageyards-display-component---NewYard","bindingPath":{"path":"","propertyPath":"/SALES_AREA_VKORG","modelName":"NewYardModel"},"interaction":{"idSuffix":"inner"}},"wdio_ui5_key":"etmportal.ui.manageyards.view.Newsap.m.Input{\"path\":\"\",\"propertyPath\":\"/SALES_AREA_VKORG\",\"modelName\":\"NewYardModel\"}"}]}
RESULT: {"script":"<script> [1562 bytes]","args":[{"selector":{"controlType":"sap.m.Input","viewName":"etm.portal.ui.manageyards.view.New","viewId":"application-manageyards-display-component---NewYard","bindingPath":{"path":"","propertyPath":"/SALES_AREA_VKORG","modelName":"NewYardModel"},"interaction":{"idSuffix":"inner"}},"wdio_ui5_key":"etmportal.ui.manageyards.view.Newsap.m.Input{\"path\":\"\",\"propertyPath\":\"/SALES_AREA_VKORG\",\"modelName\":\"NewYardModel\"}"}]}
RESULT: undefined
COMMAND: POST /session/b94376503e01bf473405a525b5bc89ad/execute/async - {"script":"<script> [776 bytes]","args":[{"enterText":"C002","selector":{"controlType":"sap.m.Input","viewName":"etm.portal.ui.manageyards.view.New","viewId":"application-manageyards-display-component---NewYard","bindingPath":{"path":"","propertyPath":"/SALES_AREA_VKORG","modelName":"NewYardModel"},"interaction":{"idSuffix":"inner"}},"clearTextFirst":true,"interactionType":"ENTER_TEXT"}]}
RESULT: {"script":"<script> [776 bytes]","args":[{"enterText":"C002","selector":{"controlType":"sap.m.Input","viewName":"etm.portal.ui.manageyards.view.New","viewId":"application-manageyards-display-component---NewYard","bindingPath":{"path":"","propertyPath":"/SALES_AREA_VKORG","modelName":"NewYardModel"},"interaction":{"idSuffix":"inner"}},"clearTextFirst":true,"interactionType":"ENTER_TEXT"}]}
COMMAND: POST /session/b94376503e01bf473405a525b5bc89ad/execute/async - {"script":"<script> [1562 bytes]","args":[{"selector":{"controlType":"sap.m.Input","viewName":"etm.portal.ui.manageyards.view.New","viewId":"application-manageyards-display-component---NewYard","bindingPath":{"path":"","propertyPath":"/SALES_AREA_VTWEG","modelName":"NewYardModel"},"interaction":{"idSuffix":"inner"}},"wdio_ui5_key":"etmportal.ui.manageyards.view.Newsap.m.Input{\"path\":\"\",\"propertyPath\":\"/SALES_AREA_VTWEG\",\"modelName\":\"NewYardModel\"}"}]}
RESULT: {"script":"<script> [1562 bytes]","args":[{"selector":{"controlType":"sap.m.Input","viewName":"etm.portal.ui.manageyards.view.New","viewId":"application-manageyards-display-component---NewYard","bindingPath":{"path":"","propertyPath":"/SALES_AREA_VTWEG","modelName":"NewYardModel"},"interaction":{"idSuffix":"inner"}},"wdio_ui5_key":"etmportal.ui.manageyards.view.Newsap.m.Input{\"path\":\"\",\"propertyPath\":\"/SALES_AREA_VTWEG\",\"modelName\":\"NewYardModel\"}"}]}
RESULT: undefined
COMMAND: POST /session/b94376503e01bf473405a525b5bc89ad/execute/async - {"script":"<script> [776 bytes]","args":[{"enterText":"C2","selector":{"controlType":"sap.m.Input","viewName":"etm.portal.ui.manageyards.view.New","viewId":"application-manageyards-display-component---NewYard","bindingPath":{"path":"","propertyPath":"/SALES_AREA_VTWEG","modelName":"NewYardModel"},"interaction":{"idSuffix":"inner"}},"clearTextFirst":true,"interactionType":"ENTER_TEXT"}]}
RESULT: {"script":"<script> [776 bytes]","args":[{"enterText":"C2","selector":{"controlType":"sap.m.Input","viewName":"etm.portal.ui.manageyards.view.New","viewId":"application-manageyards-display-component---NewYard","bindingPath":{"path":"","propertyPath":"/SALES_AREA_VTWEG","modelName":"NewYardModel"},"interaction":{"idSuffix":"inner"}},"clearTextFirst":true,"interactionType":"ENTER_TEXT"}]}
COMMAND: POST /session/b94376503e01bf473405a525b5bc89ad/execute/async - {"script":"<script> [1562 bytes]","args":[{"selector":{"controlType":"sap.m.Input","viewName":"etm.portal.ui.manageyards.view.New","viewId":"application-manageyards-display-component---NewYard","bindingPath":{"path":"","propertyPath":"/SALES_AREA_SPART","modelName":"NewYardModel"},"interaction":{"idSuffix":"inner"}},"wdio_ui5_key":"etmportal.ui.manageyards.view.Newsap.m.Input{\"path\":\"\",\"propertyPath\":\"/SALES_AREA_SPART\",\"modelName\":\"NewYardModel\"}"}]}
RESULT: {"script":"<script> [1562 bytes]","args":[{"selector":{"controlType":"sap.m.Input","viewName":"etm.portal.ui.manageyards.view.New","viewId":"application-manageyards-display-component---NewYard","bindingPath":{"path":"","propertyPath":"/SALES_AREA_SPART","modelName":"NewYardModel"},"interaction":{"idSuffix":"inner"}},"wdio_ui5_key":"etmportal.ui.manageyards.view.Newsap.m.Input{\"path\":\"\",\"propertyPath\":\"/SALES_AREA_SPART\",\"modelName\":\"NewYardModel\"}"}]}
RESULT: undefined
COMMAND: POST /session/b94376503e01bf473405a525b5bc89ad/execute/async - {"script":"<script> [776 bytes]","args":[{"enterText":"C2","selector":{"controlType":"sap.m.Input","viewName":"etm.portal.ui.manageyards.view.New","viewId":"application-manageyards-display-component---NewYard","bindingPath":{"path":"","propertyPath":"/SALES_AREA_SPART","modelName":"NewYardModel"},"interaction":{"idSuffix":"inner"}},"clearTextFirst":true,"interactionType":"ENTER_TEXT"}]}
RESULT: {"script":"<script> [776 bytes]","args":[{"enterText":"C2","selector":{"controlType":"sap.m.Input","viewName":"etm.portal.ui.manageyards.view.New","viewId":"application-manageyards-display-component---NewYard","bindingPath":{"path":"","propertyPath":"/SALES_AREA_SPART","modelName":"NewYardModel"},"interaction":{"idSuffix":"inner"}},"clearTextFirst":true,"interactionType":"ENTER_TEXT"}]}
COMMAND: POST /session/b94376503e01bf473405a525b5bc89ad/execute/async - {"script":"<script> [1562 bytes]","args":[{"selector":{"controlType":"sap.m.Input","viewName":"etm.portal.ui.manageyards.view.New","viewId":"application-manageyards-display-component---NewYard","bindingPath":{"path":"","propertyPath":"/SHIP_POINT","modelName":"NewYardModel"},"interaction":{"idSuffix":"inner"}},"wdio_ui5_key":"etmportal.ui.manageyards.view.Newsap.m.Input{\"path\":\"\",\"propertyPath\":\"/SHIP_POINT\",\"modelName\":\"NewYardModel\"}"}]}
RESULT: {"script":"<script> [1562 bytes]","args":[{"selector":{"controlType":"sap.m.Input","viewName":"etm.portal.ui.manageyards.view.New","viewId":"application-manageyards-display-component---NewYard","bindingPath":{"path":"","propertyPath":"/SHIP_POINT","modelName":"NewYardModel"},"interaction":{"idSuffix":"inner"}},"wdio_ui5_key":"etmportal.ui.manageyards.view.Newsap.m.Input{\"path\":\"\",\"propertyPath\":\"/SHIP_POINT\",\"modelName\":\"NewYardModel\"}"}]}
RESULT: undefined
COMMAND: POST /session/b94376503e01bf473405a525b5bc89ad/execute/async - {"script":"<script> [776 bytes]","args":[{"enterText":"1710","selector":{"controlType":"sap.m.Input","viewName":"etm.portal.ui.manageyards.view.New","viewId":"application-manageyards-display-component---NewYard","bindingPath":{"path":"","propertyPath":"/SHIP_POINT","modelName":"NewYardModel"},"interaction":{"idSuffix":"inner"}},"clearTextFirst":true,"interactionType":"ENTER_TEXT"}]}
RESULT: {"script":"<script> [776 bytes]","args":[{"enterText":"1710","selector":{"controlType":"sap.m.Input","viewName":"etm.portal.ui.manageyards.view.New","viewId":"application-manageyards-display-component---NewYard","bindingPath":{"path":"","propertyPath":"/SHIP_POINT","modelName":"NewYardModel"},"interaction":{"idSuffix":"inner"}},"clearTextFirst":true,"interactionType":"ENTER_TEXT"}]}
COMMAND: POST /session/b94376503e01bf473405a525b5bc89ad/execute/async - {"script":"<script> [1562 bytes]","args":[{"selector":{"controlType":"sap.m.Input","viewName":"etm.portal.ui.manageyards.view.New","viewId":"application-manageyards-display-component---NewYard","bindingPath":{"path":"","propertyPath":"/DELIVERY_TYPE","modelName":"NewYardModel"},"interaction":{"idSuffix":"inner"}},"wdio_ui5_key":"etmportal.ui.manageyards.view.Newsap.m.Input{\"path\":\"\",\"propertyPath\":\"/DELIVERY_TYPE\",\"modelName\":\"NewYardModel\"}"}]}
RESULT: {"script":"<script> [1562 bytes]","args":[{"selector":{"controlType":"sap.m.Input","viewName":"etm.portal.ui.manageyards.view.New","viewId":"application-manageyards-display-component---NewYard","bindingPath":{"path":"","propertyPath":"/DELIVERY_TYPE","modelName":"NewYardModel"},"interaction":{"idSuffix":"inner"}},"wdio_ui5_key":"etmportal.ui.manageyards.view.Newsap.m.Input{\"path\":\"\",\"propertyPath\":\"/DELIVERY_TYPE\",\"modelName\":\"NewYardModel\"}"}]}
RESULT: undefined
COMMAND: POST /session/b94376503e01bf473405a525b5bc89ad/execute/async - {"script":"<script> [776 bytes]","args":[{"enterText":"ZL01","selector":{"controlType":"sap.m.Input","viewName":"etm.portal.ui.manageyards.view.New","viewId":"application-manageyards-display-component---NewYard","bindingPath":{"path":"","propertyPath":"/DELIVERY_TYPE","modelName":"NewYardModel"},"interaction":{"idSuffix":"inner"}},"clearTextFirst":true,"interactionType":"ENTER_TEXT"}]}
RESULT: {"script":"<script> [776 bytes]","args":[{"enterText":"ZL01","selector":{"controlType":"sap.m.Input","viewName":"etm.portal.ui.manageyards.view.New","viewId":"application-manageyards-display-component---NewYard","bindingPath":{"path":"","propertyPath":"/DELIVERY_TYPE","modelName":"NewYardModel"},"interaction":{"idSuffix":"inner"}},"clearTextFirst":true,"interactionType":"ENTER_TEXT"}]}
COMMAND: POST /session/b94376503e01bf473405a525b5bc89ad/execute/async - {"script":"<script> [1562 bytes]","args":[{"selector":{"controlType":"sap.m.Input","viewName":"etm.portal.ui.manageyards.view.New","viewId":"application-manageyards-display-component---NewYard","bindingPath":{"path":"","propertyPath":"/AUART","modelName":"NewYardModel"},"interaction":{"idSuffix":"inner"}},"wdio_ui5_key":"etmportal.ui.manageyards.view.Newsap.m.Input{\"path\":\"\",\"propertyPath\":\"/AUART\",\"modelName\":\"NewYardModel\"}"}]}
RESULT: {"script":"<script> [1562 bytes]","args":[{"selector":{"controlType":"sap.m.Input","viewName":"etm.portal.ui.manageyards.view.New","viewId":"application-manageyards-display-component---NewYard","bindingPath":{"path":"","propertyPath":"/AUART","modelName":"NewYardModel"},"interaction":{"idSuffix":"inner"}},"wdio_ui5_key":"etmportal.ui.manageyards.view.Newsap.m.Input{\"path\":\"\",\"propertyPath\":\"/AUART\",\"modelName\":\"NewYardModel\"}"}]}
RESULT: undefined
COMMAND: POST /session/b94376503e01bf473405a525b5bc89ad/execute/async - {"script":"<script> [776 bytes]","args":[{"enterText":"TA","selector":{"controlType":"sap.m.Input","viewName":"etm.portal.ui.manageyards.view.New","viewId":"application-manageyards-display-component---NewYard","bindingPath":{"path":"","propertyPath":"/AUART","modelName":"NewYardModel"},"interaction":{"idSuffix":"inner"}},"clearTextFirst":true,"interactionType":"ENTER_TEXT"}]}
RESULT: {"script":"<script> [776 bytes]","args":[{"enterText":"TA","selector":{"controlType":"sap.m.Input","viewName":"etm.portal.ui.manageyards.view.New","viewId":"application-manageyards-display-component---NewYard","bindingPath":{"path":"","propertyPath":"/AUART","modelName":"NewYardModel"},"interaction":{"idSuffix":"inner"}},"clearTextFirst":true,"interactionType":"ENTER_TEXT"}]}
COMMAND: POST /session/b94376503e01bf473405a525b5bc89ad/element - {"using":"xpath","value":"//button[@data-kt=\"newYardSaveButton\"]"}
RESULT: {"using":"xpath","value":"//button[@data-kt=\"newYardSaveButton\"]"}
COMMAND: POST /session/b94376503e01bf473405a525b5bc89ad/element/f.19E536F94174C8B9DE1C34297281D471.d.A37878C14643AB19FB3356BC1C9EFC37.e.685/click - {}
RESULT: {}
COMMAND: GET /session/b94376503e01bf473405a525b5bc89ad/screenshot - {}
RESULT: {}
COMMAND: POST /session/b94376503e01bf473405a525b5bc89ad/element - {"using":"xpath","value":"//header[contains(@id, 'ObjectPageLayout-headerTitle')]/div[1]/div[2]/div[1]/span[1]"}
RESULT: {"using":"xpath","value":"//header[contains(@id, 'ObjectPageLayout-headerTitle')]/div[1]/div[2]/div[1]/span[1]"}
COMMAND: POST /session/b94376503e01bf473405a525b5bc89ad/elements - {"using":"xpath","value":"//header[contains(@id, 'ObjectPageLayout-headerTitle')]/div[1]/div[2]/div[1]/span[1]"}
RESULT: {"using":"xpath","value":"//header[contains(@id, 'ObjectPageLayout-headerTitle')]/div[1]/div[2]/div[1]/span[1]"}
COMMAND: POST /session/b94376503e01bf473405a525b5bc89ad/execute/sync - {"script":"<script> [56 bytes]","args":[{"element-6066-11e4-a52e-4f735466cecf":"f.19E536F94174C8B9DE1C34297281D471.d.A37878C14643AB19FB3356BC1C9EFC37.e.980","ELEMENT":"f.19E536F94174C8B9DE1C34297281D471.d.A37878C14643AB19FB3356BC1C9EFC37.e.980"}]}
RESULT: {"script":"<script> [56 bytes]","args":[{"element-6066-11e4-a52e-4f735466cecf":"f.19E536F94174C8B9DE1C34297281D471.d.A37878C14643AB19FB3356BC1C9EFC37.e.980","ELEMENT":"f.19E536F94174C8B9DE1C34297281D471.d.A37878C14643AB19FB3356BC1C9EFC37.e.980"}]}
COMMAND: GET /session/b94376503e01bf473405a525b5bc89ad/screenshot - {}
RESULT: {}
COMMAND: POST /session/b94376503e01bf473405a525b5bc89ad/element - {"using":"css selector","value":"#shell-header-logo"}
RESULT: {"using":"css selector","value":"#shell-header-logo"}
COMMAND: POST /session/b94376503e01bf473405a525b5bc89ad/element/f.19E536F94174C8B9DE1C34297281D471.d.A37878C14643AB19FB3356BC1C9EFC37.e.235/click - {}
RESULT: {}
COMMAND: GET /session/b94376503e01bf473405a525b5bc89ad/screenshot - {}
RESULT: {}
COMMAND: POST /session/b94376503e01bf473405a525b5bc89ad/execute/sync - {"script":"<script> [299 bytes]","args":[["getModel","getResource"]]}
RESULT: {"script":"<script> [299 bytes]","args":[["getModel","getResource"]]}
]]></system-out>
    </testcase>
    <testcase classname="chrome.135_0_7049_96.windows.Partner_specific_tests_US150819_US151080_US151654_US151176_US103444_US151078_US151079_US151109_US151174_US151175_US151189" name="Should create new external partner US150819" time="97.848">
      <system-out><![CDATA[
COMMAND: POST /session/b94376503e01bf473405a525b5bc89ad/element - {"using":"xpath","value":"//li[.//span[text()=\"Manage Partners\"]]"}
COMMAND: GET /session/b94376503e01bf473405a525b5bc89ad/screenshot - {}
RESULT: {"using":"xpath","value":"//li[.//span[text()=\"Manage Partners\"]]"}
COMMAND: POST /session/b94376503e01bf473405a525b5bc89ad/element - {"using":"xpath","value":"//li[.//span[text()=\"Manage Partners\"]]"}
RESULT: {}
RESULT: {"using":"xpath","value":"//li[.//span[text()=\"Manage Partners\"]]"}
COMMAND: POST /session/b94376503e01bf473405a525b5bc89ad/element - {"using":"css selector","value":"#shell-header-logo"}
RESULT: {"using":"css selector","value":"#shell-header-logo"}
COMMAND: POST /session/b94376503e01bf473405a525b5bc89ad/element/f.19E536F94174C8B9DE1C34297281D471.d.A37878C14643AB19FB3356BC1C9EFC37.e.983/click - {}
COMMAND: POST /session/b94376503e01bf473405a525b5bc89ad/execute/sync - {"script":"<script> [8489 bytes]","args":[{"element-6066-11e4-a52e-4f735466cecf":"f.19E536F94174C8B9DE1C34297281D471.d.A37878C14643AB19FB3356BC1C9EFC37.e.983","ELEMENT":"f.19E536F94174C8B9DE1C34297281D471.d.A37878C14643AB19FB3356BC1C9EFC37.e.983"}]}
RESULT: {"script":"<script> [8489 bytes]","args":[{"element-6066-11e4-a52e-4f735466cecf":"f.19E536F94174C8B9DE1C34297281D471.d.A37878C14643AB19FB3356BC1C9EFC37.e.983","ELEMENT":"f.19E536F94174C8B9DE1C34297281D471.d.A37878C14643AB19FB3356BC1C9EFC37.e.983"}]}
COMMAND: POST /session/b94376503e01bf473405a525b5bc89ad/execute/sync - {"script":"<script> [5351 bytes]","args":[{"element-6066-11e4-a52e-4f735466cecf":"f.19E536F94174C8B9DE1C34297281D471.d.A37878C14643AB19FB3356BC1C9EFC37.e.983","ELEMENT":"f.19E536F94174C8B9DE1C34297281D471.d.A37878C14643AB19FB3356BC1C9EFC37.e.983"}]}
COMMAND: GET /session/b94376503e01bf473405a525b5bc89ad/screenshot - {}
RESULT: {}
RESULT: {"script":"<script> [5351 bytes]","args":[{"element-6066-11e4-a52e-4f735466cecf":"f.19E536F94174C8B9DE1C34297281D471.d.A37878C14643AB19FB3356BC1C9EFC37.e.983","ELEMENT":"f.19E536F94174C8B9DE1C34297281D471.d.A37878C14643AB19FB3356BC1C9EFC37.e.983"}]}
COMMAND: GET /session/b94376503e01bf473405a525b5bc89ad/screenshot - {}
COMMAND: GET /session/b94376503e01bf473405a525b5bc89ad/screenshot - {}
RESULT: {}
RESULT: {}
RESULT: {}
COMMAND: POST /session/b94376503e01bf473405a525b5bc89ad/window/fullscreen - {}
RESULT: {}
COMMAND: POST /session/b94376503e01bf473405a525b5bc89ad/execute/async - {"script":"<script> [1562 bytes]","args":[{"selector":{"controlType":"sap.m.GenericTile","properties":{"header":"Manage Partners"}},"wdio_ui5_key":"sapm.GenericTile{\"header\":\"Manage Partners\"}"}]}
RESULT: {"script":"<script> [1562 bytes]","args":[{"selector":{"controlType":"sap.m.GenericTile","properties":{"header":"Manage Partners"}},"wdio_ui5_key":"sapm.GenericTile{\"header\":\"Manage Partners\"}"}]}
RESULT: undefined
COMMAND: POST /session/b94376503e01bf473405a525b5bc89ad/element - {"using":"xpath","value":"//*[@id=\"__tile38\"]"}
RESULT: {"using":"xpath","value":"//*[@id=\"__tile38\"]"}
COMMAND: POST /session/b94376503e01bf473405a525b5bc89ad/element/f.19E536F94174C8B9DE1C34297281D471.d.A37878C14643AB19FB3356BC1C9EFC37.e.142/click - {}
RESULT: {}
COMMAND: POST /session/b94376503e01bf473405a525b5bc89ad/element - {"using":"xpath","value":"//button[@data-kt=\"addButton\"]"}
COMMAND: GET /session/b94376503e01bf473405a525b5bc89ad/screenshot - {}
RESULT: {"using":"xpath","value":"//button[@data-kt=\"addButton\"]"}
COMMAND: POST /session/b94376503e01bf473405a525b5bc89ad/elements - {"using":"xpath","value":"//button[@data-kt=\"addButton\"]"}
RESULT: {}
RESULT: {"using":"xpath","value":"//button[@data-kt=\"addButton\"]"}
COMMAND: POST /session/b94376503e01bf473405a525b5bc89ad/elements - {"using":"xpath","value":"//button[@data-kt=\"addButton\"]"}
RESULT: {"using":"xpath","value":"//button[@data-kt=\"addButton\"]"}
COMMAND: POST /session/b94376503e01bf473405a525b5bc89ad/elements - {"using":"xpath","value":"//button[@data-kt=\"addButton\"]"}
RESULT: {"using":"xpath","value":"//button[@data-kt=\"addButton\"]"}
COMMAND: POST /session/b94376503e01bf473405a525b5bc89ad/elements - {"using":"xpath","value":"//button[@data-kt=\"addButton\"]"}
RESULT: {"using":"xpath","value":"//button[@data-kt=\"addButton\"]"}
COMMAND: POST /session/b94376503e01bf473405a525b5bc89ad/elements - {"using":"xpath","value":"//button[@data-kt=\"addButton\"]"}
RESULT: {"using":"xpath","value":"//button[@data-kt=\"addButton\"]"}
COMMAND: POST /session/b94376503e01bf473405a525b5bc89ad/elements - {"using":"xpath","value":"//button[@data-kt=\"addButton\"]"}
RESULT: {"using":"xpath","value":"//button[@data-kt=\"addButton\"]"}
COMMAND: POST /session/b94376503e01bf473405a525b5bc89ad/elements - {"using":"xpath","value":"//button[@data-kt=\"addButton\"]"}
RESULT: {"using":"xpath","value":"//button[@data-kt=\"addButton\"]"}
COMMAND: POST /session/b94376503e01bf473405a525b5bc89ad/elements - {"using":"xpath","value":"//button[@data-kt=\"addButton\"]"}
RESULT: {"using":"xpath","value":"//button[@data-kt=\"addButton\"]"}
COMMAND: POST /session/b94376503e01bf473405a525b5bc89ad/elements - {"using":"xpath","value":"//button[@data-kt=\"addButton\"]"}
RESULT: {"using":"xpath","value":"//button[@data-kt=\"addButton\"]"}
COMMAND: POST /session/b94376503e01bf473405a525b5bc89ad/elements - {"using":"xpath","value":"//button[@data-kt=\"addButton\"]"}
RESULT: {"using":"xpath","value":"//button[@data-kt=\"addButton\"]"}
COMMAND: POST /session/b94376503e01bf473405a525b5bc89ad/elements - {"using":"xpath","value":"//button[@data-kt=\"addButton\"]"}
RESULT: {"using":"xpath","value":"//button[@data-kt=\"addButton\"]"}
COMMAND: POST /session/b94376503e01bf473405a525b5bc89ad/elements - {"using":"xpath","value":"//button[@data-kt=\"addButton\"]"}
RESULT: {"using":"xpath","value":"//button[@data-kt=\"addButton\"]"}
COMMAND: POST /session/b94376503e01bf473405a525b5bc89ad/elements - {"using":"xpath","value":"//button[@data-kt=\"addButton\"]"}
RESULT: {"using":"xpath","value":"//button[@data-kt=\"addButton\"]"}
COMMAND: POST /session/b94376503e01bf473405a525b5bc89ad/elements - {"using":"xpath","value":"//button[@data-kt=\"addButton\"]"}
RESULT: {"using":"xpath","value":"//button[@data-kt=\"addButton\"]"}
COMMAND: POST /session/b94376503e01bf473405a525b5bc89ad/elements - {"using":"xpath","value":"//button[@data-kt=\"addButton\"]"}
RESULT: {"using":"xpath","value":"//button[@data-kt=\"addButton\"]"}
COMMAND: POST /session/b94376503e01bf473405a525b5bc89ad/elements - {"using":"xpath","value":"//button[@data-kt=\"addButton\"]"}
RESULT: {"using":"xpath","value":"//button[@data-kt=\"addButton\"]"}
COMMAND: POST /session/b94376503e01bf473405a525b5bc89ad/elements - {"using":"xpath","value":"//button[@data-kt=\"addButton\"]"}
RESULT: {"using":"xpath","value":"//button[@data-kt=\"addButton\"]"}
COMMAND: POST /session/b94376503e01bf473405a525b5bc89ad/elements - {"using":"xpath","value":"//button[@data-kt=\"addButton\"]"}
RESULT: {"using":"xpath","value":"//button[@data-kt=\"addButton\"]"}
COMMAND: POST /session/b94376503e01bf473405a525b5bc89ad/elements - {"using":"xpath","value":"//button[@data-kt=\"addButton\"]"}
RESULT: {"using":"xpath","value":"//button[@data-kt=\"addButton\"]"}
COMMAND: POST /session/b94376503e01bf473405a525b5bc89ad/elements - {"using":"xpath","value":"//button[@data-kt=\"addButton\"]"}
RESULT: {"using":"xpath","value":"//button[@data-kt=\"addButton\"]"}
COMMAND: POST /session/b94376503e01bf473405a525b5bc89ad/elements - {"using":"xpath","value":"//button[@data-kt=\"addButton\"]"}
RESULT: {"using":"xpath","value":"//button[@data-kt=\"addButton\"]"}
COMMAND: POST /session/b94376503e01bf473405a525b5bc89ad/elements - {"using":"xpath","value":"//button[@data-kt=\"addButton\"]"}
RESULT: {"using":"xpath","value":"//button[@data-kt=\"addButton\"]"}
COMMAND: POST /session/b94376503e01bf473405a525b5bc89ad/elements - {"using":"xpath","value":"//button[@data-kt=\"addButton\"]"}
RESULT: {"using":"xpath","value":"//button[@data-kt=\"addButton\"]"}
COMMAND: POST /session/b94376503e01bf473405a525b5bc89ad/elements - {"using":"xpath","value":"//button[@data-kt=\"addButton\"]"}
RESULT: {"using":"xpath","value":"//button[@data-kt=\"addButton\"]"}
COMMAND: POST /session/b94376503e01bf473405a525b5bc89ad/elements - {"using":"xpath","value":"//button[@data-kt=\"addButton\"]"}
RESULT: {"using":"xpath","value":"//button[@data-kt=\"addButton\"]"}
COMMAND: POST /session/b94376503e01bf473405a525b5bc89ad/elements - {"using":"xpath","value":"//button[@data-kt=\"addButton\"]"}
RESULT: {"using":"xpath","value":"//button[@data-kt=\"addButton\"]"}
COMMAND: POST /session/b94376503e01bf473405a525b5bc89ad/element - {"using":"xpath","value":"//button[@data-kt=\"addButton\"]"}
RESULT: {"using":"xpath","value":"//button[@data-kt=\"addButton\"]"}
COMMAND: POST /session/b94376503e01bf473405a525b5bc89ad/execute/sync - {"script":"<script> [8489 bytes]","args":[{"element-6066-11e4-a52e-4f735466cecf":"f.19E536F94174C8B9DE1C34297281D471.d.A37878C14643AB19FB3356BC1C9EFC37.e.1029","ELEMENT":"f.19E536F94174C8B9DE1C34297281D471.d.A37878C14643AB19FB3356BC1C9EFC37.e.1029"}]}
RESULT: {"script":"<script> [8489 bytes]","args":[{"element-6066-11e4-a52e-4f735466cecf":"f.19E536F94174C8B9DE1C34297281D471.d.A37878C14643AB19FB3356BC1C9EFC37.e.1029","ELEMENT":"f.19E536F94174C8B9DE1C34297281D471.d.A37878C14643AB19FB3356BC1C9EFC37.e.1029"}]}
COMMAND: GET /session/b94376503e01bf473405a525b5bc89ad/element/f.19E536F94174C8B9DE1C34297281D471.d.A37878C14643AB19FB3356BC1C9EFC37.e.1029/enabled - {}
COMMAND: GET /session/b94376503e01bf473405a525b5bc89ad/screenshot - {}
RESULT: {}
COMMAND: POST /session/b94376503e01bf473405a525b5bc89ad/execute/sync - {"script":"<script> [8489 bytes]","args":[{"element-6066-11e4-a52e-4f735466cecf":"f.19E536F94174C8B9DE1C34297281D471.d.A37878C14643AB19FB3356BC1C9EFC37.e.1029","ELEMENT":"f.19E536F94174C8B9DE1C34297281D471.d.A37878C14643AB19FB3356BC1C9EFC37.e.1029"}]}
COMMAND: GET /session/b94376503e01bf473405a525b5bc89ad/screenshot - {}
RESULT: {}
RESULT: {"script":"<script> [8489 bytes]","args":[{"element-6066-11e4-a52e-4f735466cecf":"f.19E536F94174C8B9DE1C34297281D471.d.A37878C14643AB19FB3356BC1C9EFC37.e.1029","ELEMENT":"f.19E536F94174C8B9DE1C34297281D471.d.A37878C14643AB19FB3356BC1C9EFC37.e.1029"}]}
COMMAND: POST /session/b94376503e01bf473405a525b5bc89ad/execute/sync - {"script":"<script> [5351 bytes]","args":[{"element-6066-11e4-a52e-4f735466cecf":"f.19E536F94174C8B9DE1C34297281D471.d.A37878C14643AB19FB3356BC1C9EFC37.e.1029","ELEMENT":"f.19E536F94174C8B9DE1C34297281D471.d.A37878C14643AB19FB3356BC1C9EFC37.e.1029"}]}
COMMAND: GET /session/b94376503e01bf473405a525b5bc89ad/screenshot - {}
RESULT: {}
RESULT: {"script":"<script> [5351 bytes]","args":[{"element-6066-11e4-a52e-4f735466cecf":"f.19E536F94174C8B9DE1C34297281D471.d.A37878C14643AB19FB3356BC1C9EFC37.e.1029","ELEMENT":"f.19E536F94174C8B9DE1C34297281D471.d.A37878C14643AB19FB3356BC1C9EFC37.e.1029"}]}
COMMAND: POST /session/b94376503e01bf473405a525b5bc89ad/element/f.19E536F94174C8B9DE1C34297281D471.d.A37878C14643AB19FB3356BC1C9EFC37.e.1029/click - {}
COMMAND: GET /session/b94376503e01bf473405a525b5bc89ad/screenshot - {}
RESULT: {}
RESULT: {}
COMMAND: GET /session/b94376503e01bf473405a525b5bc89ad/screenshot - {}
COMMAND: POST /session/b94376503e01bf473405a525b5bc89ad/execute/async - {"script":"<script> [1562 bytes]","args":[{"selector":{"id":"application-managepartners-display-component---NewPartner--addressDetailDetailsName1","interaction":{"idSuffix":"inner"}},"wdio_ui5_key":"applicationmanagepartners-display-component---NewPartner--addressDetailDetailsName1"}]}
RESULT: {}
RESULT: {}
RESULT: {"script":"<script> [1562 bytes]","args":[{"selector":{"id":"application-managepartners-display-component---NewPartner--addressDetailDetailsName1","interaction":{"idSuffix":"inner"}},"wdio_ui5_key":"applicationmanagepartners-display-component---NewPartner--addressDetailDetailsName1"}]}
RESULT: undefined
COMMAND: POST /session/b94376503e01bf473405a525b5bc89ad/execute/async - {"script":"<script> [776 bytes]","args":[{"enterText":"External Partner WDIO","selector":{"id":"application-managepartners-display-component---NewPartner--addressDetailDetailsName1","interaction":{"idSuffix":"inner"}},"clearTextFirst":true,"interactionType":"ENTER_TEXT"}]}
RESULT: {"script":"<script> [776 bytes]","args":[{"enterText":"External Partner WDIO","selector":{"id":"application-managepartners-display-component---NewPartner--addressDetailDetailsName1","interaction":{"idSuffix":"inner"}},"clearTextFirst":true,"interactionType":"ENTER_TEXT"}]}
COMMAND: POST /session/b94376503e01bf473405a525b5bc89ad/execute/async - {"script":"<script> [1562 bytes]","args":[{"selector":{"id":"application-managepartners-display-component---NewPartner--addressDetailDetailsLanguage-arrow"},"wdio_ui5_key":"applicationmanagepartners-display-component---NewPartner--addressDetailDetailsLanguage-arrow"}]}
RESULT: {"script":"<script> [1562 bytes]","args":[{"selector":{"id":"application-managepartners-display-component---NewPartner--addressDetailDetailsLanguage-arrow"},"wdio_ui5_key":"applicationmanagepartners-display-component---NewPartner--addressDetailDetailsLanguage-arrow"}]}
RESULT: undefined
COMMAND: POST /session/b94376503e01bf473405a525b5bc89ad/element - {"using":"xpath","value":"//*[@id=\"application-managepartners-display-component---NewPartner--addressDetailDetailsLanguage-arrow\"]"}
RESULT: {"using":"xpath","value":"//*[@id=\"application-managepartners-display-component---NewPartner--addressDetailDetailsLanguage-arrow\"]"}
COMMAND: POST /session/b94376503e01bf473405a525b5bc89ad/element/f.19E536F94174C8B9DE1C34297281D471.d.A37878C14643AB19FB3356BC1C9EFC37.e.1465/click - {}
RESULT: {}
COMMAND: POST /session/b94376503e01bf473405a525b5bc89ad/element - {"using":"xpath","value":"//span[contains(text(), \"English\")]"}
COMMAND: GET /session/b94376503e01bf473405a525b5bc89ad/screenshot - {}
RESULT: {"using":"xpath","value":"//span[contains(text(), \"English\")]"}
COMMAND: POST /session/b94376503e01bf473405a525b5bc89ad/element/f.19E536F94174C8B9DE1C34297281D471.d.A37878C14643AB19FB3356BC1C9EFC37.e.1466/click - {}
RESULT: {}
RESULT: {}
COMMAND: GET /session/b94376503e01bf473405a525b5bc89ad/screenshot - {}
RESULT: {}
COMMAND: POST /session/b94376503e01bf473405a525b5bc89ad/execute/async - {"script":"<script> [1562 bytes]","args":[{"selector":{"id":"application-managepartners-display-component---NewPartner--addressDetailDetailsCity1","interaction":{"idSuffix":"inner"}},"wdio_ui5_key":"applicationmanagepartners-display-component---NewPartner--addressDetailDetailsCity1"}]}
RESULT: {"script":"<script> [1562 bytes]","args":[{"selector":{"id":"application-managepartners-display-component---NewPartner--addressDetailDetailsCity1","interaction":{"idSuffix":"inner"}},"wdio_ui5_key":"applicationmanagepartners-display-component---NewPartner--addressDetailDetailsCity1"}]}
RESULT: undefined
COMMAND: POST /session/b94376503e01bf473405a525b5bc89ad/execute/async - {"script":"<script> [776 bytes]","args":[{"enterText":"Rosario","selector":{"id":"application-managepartners-display-component---NewPartner--addressDetailDetailsCity1","interaction":{"idSuffix":"inner"}},"clearTextFirst":true,"interactionType":"ENTER_TEXT"}]}
RESULT: {"script":"<script> [776 bytes]","args":[{"enterText":"Rosario","selector":{"id":"application-managepartners-display-component---NewPartner--addressDetailDetailsCity1","interaction":{"idSuffix":"inner"}},"clearTextFirst":true,"interactionType":"ENTER_TEXT"}]}
COMMAND: POST /session/b94376503e01bf473405a525b5bc89ad/execute/async - {"script":"<script> [1562 bytes]","args":[{"selector":{"id":"application-managepartners-display-component---NewPartner--addressDetailDetailsCountry-arrow"},"wdio_ui5_key":"applicationmanagepartners-display-component---NewPartner--addressDetailDetailsCountry-arrow"}]}
RESULT: {"script":"<script> [1562 bytes]","args":[{"selector":{"id":"application-managepartners-display-component---NewPartner--addressDetailDetailsCountry-arrow"},"wdio_ui5_key":"applicationmanagepartners-display-component---NewPartner--addressDetailDetailsCountry-arrow"}]}
RESULT: undefined
COMMAND: POST /session/b94376503e01bf473405a525b5bc89ad/element - {"using":"xpath","value":"//*[@id=\"application-managepartners-display-component---NewPartner--addressDetailDetailsCountry-arrow\"]"}
RESULT: {"using":"xpath","value":"//*[@id=\"application-managepartners-display-component---NewPartner--addressDetailDetailsCountry-arrow\"]"}
COMMAND: POST /session/b94376503e01bf473405a525b5bc89ad/element/f.19E536F94174C8B9DE1C34297281D471.d.A37878C14643AB19FB3356BC1C9EFC37.e.1440/click - {}
RESULT: {}
COMMAND: POST /session/b94376503e01bf473405a525b5bc89ad/element - {"using":"xpath","value":"//span[contains(text(), \"Argentina\")]"}
COMMAND: GET /session/b94376503e01bf473405a525b5bc89ad/screenshot - {}
RESULT: {"using":"xpath","value":"//span[contains(text(), \"Argentina\")]"}
COMMAND: POST /session/b94376503e01bf473405a525b5bc89ad/element/f.19E536F94174C8B9DE1C34297281D471.d.A37878C14643AB19FB3356BC1C9EFC37.e.1468/click - {}
RESULT: {}
RESULT: {}
COMMAND: GET /session/b94376503e01bf473405a525b5bc89ad/screenshot - {}
RESULT: {}
COMMAND: POST /session/b94376503e01bf473405a525b5bc89ad/element - {"using":"xpath","value":"//bdi[contains(text(), \"Commercial\")]"}
RESULT: {"using":"xpath","value":"//bdi[contains(text(), \"Commercial\")]"}
COMMAND: POST /session/b94376503e01bf473405a525b5bc89ad/element/f.19E536F94174C8B9DE1C34297281D471.d.A37878C14643AB19FB3356BC1C9EFC37.e.1469/click - {}
RESULT: {}
COMMAND: GET /session/b94376503e01bf473405a525b5bc89ad/screenshot - {}
RESULT: {}
COMMAND: POST /session/b94376503e01bf473405a525b5bc89ad/execute/async - {"script":"<script> [1562 bytes]","args":[{"selector":{"id":"application-managepartners-display-component---NewPartner--partnerDetailInternal-arrow"},"wdio_ui5_key":"applicationmanagepartners-display-component---NewPartner--partnerDetailInternal-arrow"}]}
RESULT: {"script":"<script> [1562 bytes]","args":[{"selector":{"id":"application-managepartners-display-component---NewPartner--partnerDetailInternal-arrow"},"wdio_ui5_key":"applicationmanagepartners-display-component---NewPartner--partnerDetailInternal-arrow"}]}
RESULT: undefined
COMMAND: POST /session/b94376503e01bf473405a525b5bc89ad/element - {"using":"xpath","value":"//*[@id=\"application-managepartners-display-component---NewPartner--partnerDetailInternal-arrow\"]"}
RESULT: {"using":"xpath","value":"//*[@id=\"application-managepartners-display-component---NewPartner--partnerDetailInternal-arrow\"]"}
COMMAND: POST /session/b94376503e01bf473405a525b5bc89ad/element/f.19E536F94174C8B9DE1C34297281D471.d.A37878C14643AB19FB3356BC1C9EFC37.e.1475/click - {}
RESULT: {}
COMMAND: POST /session/b94376503e01bf473405a525b5bc89ad/element - {"using":"xpath","value":"//span[contains(text(), \"External partner\")]"}
COMMAND: GET /session/b94376503e01bf473405a525b5bc89ad/screenshot - {}
RESULT: {"using":"xpath","value":"//span[contains(text(), \"External partner\")]"}
COMMAND: POST /session/b94376503e01bf473405a525b5bc89ad/element/f.19E536F94174C8B9DE1C34297281D471.d.A37878C14643AB19FB3356BC1C9EFC37.e.1478/click - {}
RESULT: {}
RESULT: {}
COMMAND: POST /session/b94376503e01bf473405a525b5bc89ad/execute/async - {"script":"<script> [1562 bytes]","args":[{"selector":{"id":"application-managepartners-display-component---NewPartner--partnerDetailsCurrency-arrow"},"wdio_ui5_key":"applicationmanagepartners-display-component---NewPartner--partnerDetailsCurrency-arrow"}]}
COMMAND: GET /session/b94376503e01bf473405a525b5bc89ad/screenshot - {}
RESULT: {"script":"<script> [1562 bytes]","args":[{"selector":{"id":"application-managepartners-display-component---NewPartner--partnerDetailsCurrency-arrow"},"wdio_ui5_key":"applicationmanagepartners-display-component---NewPartner--partnerDetailsCurrency-arrow"}]}
RESULT: undefined
COMMAND: POST /session/b94376503e01bf473405a525b5bc89ad/element - {"using":"xpath","value":"//*[@id=\"application-managepartners-display-component---NewPartner--partnerDetailsCurrency-arrow\"]"}
RESULT: {}
RESULT: {"using":"xpath","value":"//*[@id=\"application-managepartners-display-component---NewPartner--partnerDetailsCurrency-arrow\"]"}
COMMAND: POST /session/b94376503e01bf473405a525b5bc89ad/element/f.19E536F94174C8B9DE1C34297281D471.d.A37878C14643AB19FB3356BC1C9EFC37.e.1483/click - {}
RESULT: {}
COMMAND: POST /session/b94376503e01bf473405a525b5bc89ad/element - {"using":"xpath","value":"//span[contains(text(), \"US Dollar\")]"}
COMMAND: GET /session/b94376503e01bf473405a525b5bc89ad/screenshot - {}
RESULT: {"using":"xpath","value":"//span[contains(text(), \"US Dollar\")]"}
COMMAND: POST /session/b94376503e01bf473405a525b5bc89ad/element/f.19E536F94174C8B9DE1C34297281D471.d.A37878C14643AB19FB3356BC1C9EFC37.e.1484/click - {}
RESULT: {}
RESULT: {}
COMMAND: GET /session/b94376503e01bf473405a525b5bc89ad/screenshot - {}
RESULT: {}
COMMAND: POST /session/b94376503e01bf473405a525b5bc89ad/element - {"using":"xpath","value":"//input[@id=\"application-managepartners-display-component---NewPartner--companyCodeComboBox-inner\"]"}
RESULT: {"using":"xpath","value":"//input[@id=\"application-managepartners-display-component---NewPartner--companyCodeComboBox-inner\"]"}
COMMAND: POST /session/b94376503e01bf473405a525b5bc89ad/element/f.19E536F94174C8B9DE1C34297281D471.d.A37878C14643AB19FB3356BC1C9EFC37.e.1378/clear - {}
RESULT: {}
COMMAND: POST /session/b94376503e01bf473405a525b5bc89ad/element/f.19E536F94174C8B9DE1C34297281D471.d.A37878C14643AB19FB3356BC1C9EFC37.e.1378/value - {"text":"C002"}
COMMAND: GET /session/b94376503e01bf473405a525b5bc89ad/screenshot - {}
RESULT: {"text":"C002"}
COMMAND: GET /session/b94376503e01bf473405a525b5bc89ad/screenshot - {}
RESULT: {}
RESULT: {}
COMMAND: POST /session/b94376503e01bf473405a525b5bc89ad/element - {"using":"xpath","value":"//span[contains(text(), \"C002\")]"}
RESULT: {"using":"xpath","value":"//span[contains(text(), \"C002\")]"}
COMMAND: POST /session/b94376503e01bf473405a525b5bc89ad/element/f.19E536F94174C8B9DE1C34297281D471.d.A37878C14643AB19FB3356BC1C9EFC37.e.1488/click - {}
RESULT: {}
COMMAND: GET /session/b94376503e01bf473405a525b5bc89ad/screenshot - {}
RESULT: {}
COMMAND: POST /session/b94376503e01bf473405a525b5bc89ad/execute/async - {"script":"<script> [1562 bytes]","args":[{"selector":{"id":"application-managepartners-display-component---NewPartner--btnAddTableRow-img"},"wdio_ui5_key":"applicationmanagepartners-display-component---NewPartner--btnAddTableRow-img"}]}
RESULT: {"script":"<script> [1562 bytes]","args":[{"selector":{"id":"application-managepartners-display-component---NewPartner--btnAddTableRow-img"},"wdio_ui5_key":"applicationmanagepartners-display-component---NewPartner--btnAddTableRow-img"}]}
RESULT: undefined
COMMAND: POST /session/b94376503e01bf473405a525b5bc89ad/element - {"using":"xpath","value":"//*[@id=\"application-managepartners-display-component---NewPartner--btnAddTableRow-img\"]"}
RESULT: {"using":"xpath","value":"//*[@id=\"application-managepartners-display-component---NewPartner--btnAddTableRow-img\"]"}
COMMAND: POST /session/b94376503e01bf473405a525b5bc89ad/element/f.19E536F94174C8B9DE1C34297281D471.d.A37878C14643AB19FB3356BC1C9EFC37.e.1489/click - {}
RESULT: {}
COMMAND: GET /session/b94376503e01bf473405a525b5bc89ad/screenshot - {}
RESULT: {}
COMMAND: POST /session/b94376503e01bf473405a525b5bc89ad/element - {"using":"xpath","value":"//input[@id=\"application-managepartners-display-component---NewPartner--assignmentYard-application-managepartners-display-component---NewPartner--assignmentsTable-0-inner\"]"}
RESULT: {"using":"xpath","value":"//input[@id=\"application-managepartners-display-component---NewPartner--assignmentYard-application-managepartners-display-component---NewPartner--assignmentsTable-0-inner\"]"}
COMMAND: POST /session/b94376503e01bf473405a525b5bc89ad/element/f.19E536F94174C8B9DE1C34297281D471.d.A37878C14643AB19FB3356BC1C9EFC37.e.1492/clear - {}
RESULT: {}
COMMAND: POST /session/b94376503e01bf473405a525b5bc89ad/element/f.19E536F94174C8B9DE1C34297281D471.d.A37878C14643AB19FB3356BC1C9EFC37.e.1492/value - {"text":"806"}
COMMAND: GET /session/b94376503e01bf473405a525b5bc89ad/screenshot - {}
RESULT: {"text":"806"}
COMMAND: GET /session/b94376503e01bf473405a525b5bc89ad/screenshot - {}
RESULT: {}
RESULT: {}
COMMAND: POST /session/b94376503e01bf473405a525b5bc89ad/element - {"using":"xpath","value":"//li[.//span[text()='806']]"}
RESULT: {"using":"xpath","value":"//li[.//span[text()='806']]"}
COMMAND: POST /session/b94376503e01bf473405a525b5bc89ad/element/f.19E536F94174C8B9DE1C34297281D471.d.A37878C14643AB19FB3356BC1C9EFC37.e.1500/click - {}
RESULT: {}
COMMAND: GET /session/b94376503e01bf473405a525b5bc89ad/screenshot - {}
RESULT: {}
COMMAND: POST /session/b94376503e01bf473405a525b5bc89ad/actions - {"actions":[{"id":"action2","type":"key","parameters":{},"actions":[{"type":"keyDown","value":"î€‡"},{"type":"pause","duration":10},{"type":"keyUp","value":"î€‡"}]}]}
RESULT: {"actions":[{"id":"action2","type":"key","parameters":{},"actions":[{"type":"keyDown","value":"î€‡"},{"type":"pause","duration":10},{"type":"keyUp","value":"î€‡"}]}]}
COMMAND: POST /session/b94376503e01bf473405a525b5bc89ad/element - {"using":"xpath","value":"//td[contains(@id, \"assignmentsTable-0-cell2\")]/div/div"}
COMMAND: GET /session/b94376503e01bf473405a525b5bc89ad/screenshot - {}
RESULT: {"using":"xpath","value":"//td[contains(@id, \"assignmentsTable-0-cell2\")]/div/div"}
COMMAND: POST /session/b94376503e01bf473405a525b5bc89ad/element/f.19E536F94174C8B9DE1C34297281D471.d.A37878C14643AB19FB3356BC1C9EFC37.e.1503/click - {}
RESULT: {}
RESULT: {}
COMMAND: GET /session/b94376503e01bf473405a525b5bc89ad/screenshot - {}
RESULT: {}
COMMAND: POST /session/b94376503e01bf473405a525b5bc89ad/element - {"using":"xpath","value":"//button[@data-kt=\"saveButton\"]"}
RESULT: {"using":"xpath","value":"//button[@data-kt=\"saveButton\"]"}
COMMAND: POST /session/b94376503e01bf473405a525b5bc89ad/element/f.19E536F94174C8B9DE1C34297281D471.d.A37878C14643AB19FB3356BC1C9EFC37.e.1442/click - {}
RESULT: {}
COMMAND: GET /session/b94376503e01bf473405a525b5bc89ad/screenshot - {}
RESULT: {}
COMMAND: POST /session/b94376503e01bf473405a525b5bc89ad/element - {"using":"xpath","value":"//header[contains(@id, 'ObjectPageLayout-headerTitle')]/div[1]/div[2]/div[2]/span[1]"}
RESULT: {"using":"xpath","value":"//header[contains(@id, 'ObjectPageLayout-headerTitle')]/div[1]/div[2]/div[2]/span[1]"}
COMMAND: POST /session/b94376503e01bf473405a525b5bc89ad/elements - {"using":"xpath","value":"//header[contains(@id, 'ObjectPageLayout-headerTitle')]/div[1]/div[2]/div[2]/span[1]"}
RESULT: {"using":"xpath","value":"//header[contains(@id, 'ObjectPageLayout-headerTitle')]/div[1]/div[2]/div[2]/span[1]"}
COMMAND: POST /session/b94376503e01bf473405a525b5bc89ad/execute/sync - {"script":"<script> [56 bytes]","args":[{"element-6066-11e4-a52e-4f735466cecf":"f.19E536F94174C8B9DE1C34297281D471.d.A37878C14643AB19FB3356BC1C9EFC37.e.1664","ELEMENT":"f.19E536F94174C8B9DE1C34297281D471.d.A37878C14643AB19FB3356BC1C9EFC37.e.1664"}]}
RESULT: {"script":"<script> [56 bytes]","args":[{"element-6066-11e4-a52e-4f735466cecf":"f.19E536F94174C8B9DE1C34297281D471.d.A37878C14643AB19FB3356BC1C9EFC37.e.1664","ELEMENT":"f.19E536F94174C8B9DE1C34297281D471.d.A37878C14643AB19FB3356BC1C9EFC37.e.1664"}]}
COMMAND: POST /session/b94376503e01bf473405a525b5bc89ad/element - {"using":"css selector","value":"#shell-header-logo"}
COMMAND: GET /session/b94376503e01bf473405a525b5bc89ad/screenshot - {}
RESULT: {"using":"css selector","value":"#shell-header-logo"}
COMMAND: POST /session/b94376503e01bf473405a525b5bc89ad/element/f.19E536F94174C8B9DE1C34297281D471.d.A37878C14643AB19FB3356BC1C9EFC37.e.983/click - {}
RESULT: {}
RESULT: {}
COMMAND: GET /session/b94376503e01bf473405a525b5bc89ad/screenshot - {}
RESULT: {}
COMMAND: POST /session/b94376503e01bf473405a525b5bc89ad/execute/sync - {"script":"<script> [299 bytes]","args":[["getModel","getResource"]]}
RESULT: {"script":"<script> [299 bytes]","args":[["getModel","getResource"]]}
]]></system-out>
    </testcase>
    <testcase classname="chrome.135_0_7049_96.windows.Partner_specific_tests_US150819_US151080_US151654_US151176_US103444_US151078_US151079_US151109_US151174_US151175_US151189" name="Should filter and search partners US151080" time="100.584">
      <system-out><![CDATA[
COMMAND: POST /session/b94376503e01bf473405a525b5bc89ad/element - {"using":"xpath","value":"//li[.//span[text()=\"Manage Partners\"]]"}
COMMAND: GET /session/b94376503e01bf473405a525b5bc89ad/screenshot - {}
RESULT: {"using":"xpath","value":"//li[.//span[text()=\"Manage Partners\"]]"}
COMMAND: POST /session/b94376503e01bf473405a525b5bc89ad/element - {"using":"xpath","value":"//li[.//span[text()=\"Manage Partners\"]]"}
RESULT: {}
RESULT: {"using":"xpath","value":"//li[.//span[text()=\"Manage Partners\"]]"}
COMMAND: POST /session/b94376503e01bf473405a525b5bc89ad/element - {"using":"css selector","value":"#shell-header-logo"}
RESULT: {"using":"css selector","value":"#shell-header-logo"}
COMMAND: POST /session/b94376503e01bf473405a525b5bc89ad/element/f.19E536F94174C8B9DE1C34297281D471.d.A37878C14643AB19FB3356BC1C9EFC37.e.1666/click - {}
COMMAND: POST /session/b94376503e01bf473405a525b5bc89ad/execute/sync - {"script":"<script> [8489 bytes]","args":[{"element-6066-11e4-a52e-4f735466cecf":"f.19E536F94174C8B9DE1C34297281D471.d.A37878C14643AB19FB3356BC1C9EFC37.e.1666","ELEMENT":"f.19E536F94174C8B9DE1C34297281D471.d.A37878C14643AB19FB3356BC1C9EFC37.e.1666"}]}
RESULT: {}
COMMAND: GET /session/b94376503e01bf473405a525b5bc89ad/screenshot - {}
RESULT: {"script":"<script> [8489 bytes]","args":[{"element-6066-11e4-a52e-4f735466cecf":"f.19E536F94174C8B9DE1C34297281D471.d.A37878C14643AB19FB3356BC1C9EFC37.e.1666","ELEMENT":"f.19E536F94174C8B9DE1C34297281D471.d.A37878C14643AB19FB3356BC1C9EFC37.e.1666"}]}
COMMAND: POST /session/b94376503e01bf473405a525b5bc89ad/execute/sync - {"script":"<script> [5351 bytes]","args":[{"element-6066-11e4-a52e-4f735466cecf":"f.19E536F94174C8B9DE1C34297281D471.d.A37878C14643AB19FB3356BC1C9EFC37.e.1666","ELEMENT":"f.19E536F94174C8B9DE1C34297281D471.d.A37878C14643AB19FB3356BC1C9EFC37.e.1666"}]}
COMMAND: GET /session/b94376503e01bf473405a525b5bc89ad/screenshot - {}
RESULT: {}
RESULT: {"script":"<script> [5351 bytes]","args":[{"element-6066-11e4-a52e-4f735466cecf":"f.19E536F94174C8B9DE1C34297281D471.d.A37878C14643AB19FB3356BC1C9EFC37.e.1666","ELEMENT":"f.19E536F94174C8B9DE1C34297281D471.d.A37878C14643AB19FB3356BC1C9EFC37.e.1666"}]}
COMMAND: GET /session/b94376503e01bf473405a525b5bc89ad/screenshot - {}
RESULT: {}
RESULT: {}
RESULT: undefined
COMMAND: POST /session/b94376503e01bf473405a525b5bc89ad/element - {"using":"xpath","value":"//*[@id=\"__tile38\"]"}
RESULT: {"using":"xpath","value":"//*[@id=\"__tile38\"]"}
COMMAND: POST /session/b94376503e01bf473405a525b5bc89ad/element/f.19E536F94174C8B9DE1C34297281D471.d.A37878C14643AB19FB3356BC1C9EFC37.e.142/click - {}
RESULT: {}
COMMAND: POST /session/b94376503e01bf473405a525b5bc89ad/element - {"using":"xpath","value":"//button[@data-kt=\"addButton\"]"}
COMMAND: GET /session/b94376503e01bf473405a525b5bc89ad/screenshot - {}
RESULT: {"using":"xpath","value":"//button[@data-kt=\"addButton\"]"}
COMMAND: POST /session/b94376503e01bf473405a525b5bc89ad/elements - {"using":"xpath","value":"//button[@data-kt=\"addButton\"]"}
RESULT: {}
RESULT: {"using":"xpath","value":"//button[@data-kt=\"addButton\"]"}
COMMAND: POST /session/b94376503e01bf473405a525b5bc89ad/execute/sync - {"script":"<script> [8489 bytes]","args":[{"element-6066-11e4-a52e-4f735466cecf":"f.19E536F94174C8B9DE1C34297281D471.d.A37878C14643AB19FB3356BC1C9EFC37.e.1711","ELEMENT":"f.19E536F94174C8B9DE1C34297281D471.d.A37878C14643AB19FB3356BC1C9EFC37.e.1711"}]}
RESULT: {"script":"<script> [8489 bytes]","args":[{"element-6066-11e4-a52e-4f735466cecf":"f.19E536F94174C8B9DE1C34297281D471.d.A37878C14643AB19FB3356BC1C9EFC37.e.1711","ELEMENT":"f.19E536F94174C8B9DE1C34297281D471.d.A37878C14643AB19FB3356BC1C9EFC37.e.1711"}]}
COMMAND: GET /session/b94376503e01bf473405a525b5bc89ad/element/f.19E536F94174C8B9DE1C34297281D471.d.A37878C14643AB19FB3356BC1C9EFC37.e.1711/enabled - {}
COMMAND: GET /session/b94376503e01bf473405a525b5bc89ad/screenshot - {}
RESULT: {}
COMMAND: POST /session/b94376503e01bf473405a525b5bc89ad/execute/sync - {"script":"<script> [8489 bytes]","args":[{"element-6066-11e4-a52e-4f735466cecf":"f.19E536F94174C8B9DE1C34297281D471.d.A37878C14643AB19FB3356BC1C9EFC37.e.1711","ELEMENT":"f.19E536F94174C8B9DE1C34297281D471.d.A37878C14643AB19FB3356BC1C9EFC37.e.1711"}]}
COMMAND: GET /session/b94376503e01bf473405a525b5bc89ad/screenshot - {}
RESULT: {}
RESULT: {"script":"<script> [8489 bytes]","args":[{"element-6066-11e4-a52e-4f735466cecf":"f.19E536F94174C8B9DE1C34297281D471.d.A37878C14643AB19FB3356BC1C9EFC37.e.1711","ELEMENT":"f.19E536F94174C8B9DE1C34297281D471.d.A37878C14643AB19FB3356BC1C9EFC37.e.1711"}]}
COMMAND: POST /session/b94376503e01bf473405a525b5bc89ad/execute/sync - {"script":"<script> [5351 bytes]","args":[{"element-6066-11e4-a52e-4f735466cecf":"f.19E536F94174C8B9DE1C34297281D471.d.A37878C14643AB19FB3356BC1C9EFC37.e.1711","ELEMENT":"f.19E536F94174C8B9DE1C34297281D471.d.A37878C14643AB19FB3356BC1C9EFC37.e.1711"}]}
COMMAND: GET /session/b94376503e01bf473405a525b5bc89ad/screenshot - {}
RESULT: {}
RESULT: {"script":"<script> [5351 bytes]","args":[{"element-6066-11e4-a52e-4f735466cecf":"f.19E536F94174C8B9DE1C34297281D471.d.A37878C14643AB19FB3356BC1C9EFC37.e.1711","ELEMENT":"f.19E536F94174C8B9DE1C34297281D471.d.A37878C14643AB19FB3356BC1C9EFC37.e.1711"}]}
COMMAND: GET /session/b94376503e01bf473405a525b5bc89ad/screenshot - {}
RESULT: {}
RESULT: {}
COMMAND: POST /session/b94376503e01bf473405a525b5bc89ad/execute/async - {"script":"<script> [1562 bytes]","args":[{"selector":{"id":"application-managepartners-display-component---masterPtm--smartTable-btnPersonalisation-img"},"wdio_ui5_key":"applicationmanagepartners-display-component---masterPtm--smartTable-btnPersonalisation-img"}]}
RESULT: {"script":"<script> [1562 bytes]","args":[{"selector":{"id":"application-managepartners-display-component---masterPtm--smartTable-btnPersonalisation-img"},"wdio_ui5_key":"applicationmanagepartners-display-component---masterPtm--smartTable-btnPersonalisation-img"}]}
RESULT: undefined
COMMAND: POST /session/b94376503e01bf473405a525b5bc89ad/element - {"using":"xpath","value":"//*[@id=\"application-managepartners-display-component---masterPtm--smartTable-btnPersonalisation-img\"]"}
RESULT: {"using":"xpath","value":"//*[@id=\"application-managepartners-display-component---masterPtm--smartTable-btnPersonalisation-img\"]"}
COMMAND: POST /session/b94376503e01bf473405a525b5bc89ad/element/f.19E536F94174C8B9DE1C34297281D471.d.A37878C14643AB19FB3356BC1C9EFC37.e.1716/click - {}
RESULT: {}
COMMAND: GET /session/b94376503e01bf473405a525b5bc89ad/screenshot - {}
RESULT: {}
COMMAND: POST /session/b94376503e01bf473405a525b5bc89ad/execute/async - {"script":"<script> [1562 bytes]","args":[{"selector":{"controlType":"sap.m.IconTabFilter","viewName":"etm.portal.ui.managepartners.view.Master","viewId":"application-managepartners-display-component---masterPtm","properties":{"text":"Sort"},"searchOpenDialogs":true,"interaction":{"idSuffix":"text"}},"wdio_ui5_key":"etmportal.ui.managepartners.view.Mastersap.m.IconTabFilter{\"text\":\"Sort\"}"}]}
RESULT: {"script":"<script> [1562 bytes]","args":[{"selector":{"controlType":"sap.m.IconTabFilter","viewName":"etm.portal.ui.managepartners.view.Master","viewId":"application-managepartners-display-component---masterPtm","properties":{"text":"Sort"},"searchOpenDialogs":true,"interaction":{"idSuffix":"text"}},"wdio_ui5_key":"etmportal.ui.managepartners.view.Mastersap.m.IconTabFilter{\"text\":\"Sort\"}"}]}
RESULT: undefined
COMMAND: POST /session/b94376503e01bf473405a525b5bc89ad/element - {"using":"xpath","value":"//*[@id=\"__filter1\"]"}
RESULT: {"using":"xpath","value":"//*[@id=\"__filter1\"]"}
COMMAND: POST /session/b94376503e01bf473405a525b5bc89ad/element/f.19E536F94174C8B9DE1C34297281D471.d.A37878C14643AB19FB3356BC1C9EFC37.e.1858/click - {}
RESULT: {}
COMMAND: GET /session/b94376503e01bf473405a525b5bc89ad/screenshot - {}
RESULT: {}
COMMAND: POST /session/b94376503e01bf473405a525b5bc89ad/element - {"using":"xpath","value":"//input[@placeholder=\"Sort by\"]/following-sibling::div//span"}
RESULT: {"using":"xpath","value":"//input[@placeholder=\"Sort by\"]/following-sibling::div//span"}
COMMAND: POST /session/b94376503e01bf473405a525b5bc89ad/element/f.19E536F94174C8B9DE1C34297281D471.d.A37878C14643AB19FB3356BC1C9EFC37.e.1860/click - {}
RESULT: {}
COMMAND: GET /session/b94376503e01bf473405a525b5bc89ad/screenshot - {}
RESULT: {}
COMMAND: POST /session/b94376503e01bf473405a525b5bc89ad/element - {"using":"xpath","value":"//li[.//span[text()=\"Language\"]]"}
RESULT: {"using":"xpath","value":"//li[.//span[text()=\"Language\"]]"}
COMMAND: POST /session/b94376503e01bf473405a525b5bc89ad/element/f.19E536F94174C8B9DE1C34297281D471.d.A37878C14643AB19FB3356BC1C9EFC37.e.1861/click - {}
RESULT: {}
COMMAND: GET /session/b94376503e01bf473405a525b5bc89ad/screenshot - {}
RESULT: {}
COMMAND: POST /session/b94376503e01bf473405a525b5bc89ad/element - {"using":"xpath","value":"//bdi[contains(text(), \"OK\")]"}
RESULT: {"using":"xpath","value":"//bdi[contains(text(), \"OK\")]"}
COMMAND: POST /session/b94376503e01bf473405a525b5bc89ad/element/f.19E536F94174C8B9DE1C34297281D471.d.A37878C14643AB19FB3356BC1C9EFC37.e.1865/click - {}
RESULT: {}
COMMAND: GET /session/b94376503e01bf473405a525b5bc89ad/screenshot - {}
RESULT: {}
COMMAND: POST /session/b94376503e01bf473405a525b5bc89ad/element - {"using":"xpath","value":"//table[contains(@id, \"customPartnersTable\")]//tbody/tr[1]/td[3]/span"}
RESULT: {"using":"xpath","value":"//table[contains(@id, \"customPartnersTable\")]//tbody/tr[1]/td[3]/span"}
COMMAND: POST /session/b94376503e01bf473405a525b5bc89ad/execute/sync - {"script":"<script> [56 bytes]","args":[{"element-6066-11e4-a52e-4f735466cecf":"f.19E536F94174C8B9DE1C34297281D471.d.A37878C14643AB19FB3356BC1C9EFC37.e.1995","ELEMENT":"f.19E536F94174C8B9DE1C34297281D471.d.A37878C14643AB19FB3356BC1C9EFC37.e.1995"}]}
RESULT: {"script":"<script> [56 bytes]","args":[{"element-6066-11e4-a52e-4f735466cecf":"f.19E536F94174C8B9DE1C34297281D471.d.A37878C14643AB19FB3356BC1C9EFC37.e.1995","ELEMENT":"f.19E536F94174C8B9DE1C34297281D471.d.A37878C14643AB19FB3356BC1C9EFC37.e.1995"}]}
RESULT: undefined
COMMAND: POST /session/b94376503e01bf473405a525b5bc89ad/element - {"using":"xpath","value":"//*[@id=\"application-managepartners-display-component---masterPtm--smartTable-btnPersonalisation-img\"]"}
COMMAND: GET /session/b94376503e01bf473405a525b5bc89ad/screenshot - {}
RESULT: {"using":"xpath","value":"//*[@id=\"application-managepartners-display-component---masterPtm--smartTable-btnPersonalisation-img\"]"}
COMMAND: POST /session/b94376503e01bf473405a525b5bc89ad/element/f.19E536F94174C8B9DE1C34297281D471.d.A37878C14643AB19FB3356BC1C9EFC37.e.1716/click - {}
RESULT: {}
RESULT: {}
COMMAND: GET /session/b94376503e01bf473405a525b5bc89ad/screenshot - {}
RESULT: {}
COMMAND: POST /session/b94376503e01bf473405a525b5bc89ad/element - {"using":"xpath","value":"//bdi[contains(text(), \"Reset\")]"}
RESULT: {"using":"xpath","value":"//bdi[contains(text(), \"Reset\")]"}
COMMAND: POST /session/b94376503e01bf473405a525b5bc89ad/element/f.19E536F94174C8B9DE1C34297281D471.d.A37878C14643AB19FB3356BC1C9EFC37.e.2000/click - {}
RESULT: {}
COMMAND: GET /session/b94376503e01bf473405a525b5bc89ad/screenshot - {}
RESULT: {}
COMMAND: POST /session/b94376503e01bf473405a525b5bc89ad/element - {"using":"xpath","value":"(//bdi[contains(text(), \"OK\")])[2]"}
RESULT: {"using":"xpath","value":"(//bdi[contains(text(), \"OK\")])[2]"}
COMMAND: POST /session/b94376503e01bf473405a525b5bc89ad/element/f.19E536F94174C8B9DE1C34297281D471.d.A37878C14643AB19FB3356BC1C9EFC37.e.2003/click - {}
RESULT: {}
COMMAND: GET /session/b94376503e01bf473405a525b5bc89ad/screenshot - {}
RESULT: {}
COMMAND: POST /session/b94376503e01bf473405a525b5bc89ad/element - {"using":"xpath","value":"//bdi[contains(text(), \"OK\")]"}
RESULT: {"using":"xpath","value":"//bdi[contains(text(), \"OK\")]"}
COMMAND: POST /session/b94376503e01bf473405a525b5bc89ad/element/f.19E536F94174C8B9DE1C34297281D471.d.A37878C14643AB19FB3356BC1C9EFC37.e.2061/click - {}
RESULT: {}
COMMAND: GET /session/b94376503e01bf473405a525b5bc89ad/screenshot - {}
RESULT: {}
COMMAND: POST /session/b94376503e01bf473405a525b5bc89ad/element - {"using":"xpath","value":"//table[contains(@id, \"customPartnersTable\")]//tbody/tr[1]/td[3]/span"}
RESULT: {"using":"xpath","value":"//table[contains(@id, \"customPartnersTable\")]//tbody/tr[1]/td[3]/span"}
COMMAND: POST /session/b94376503e01bf473405a525b5bc89ad/execute/sync - {"script":"<script> [56 bytes]","args":[{"element-6066-11e4-a52e-4f735466cecf":"f.19E536F94174C8B9DE1C34297281D471.d.A37878C14643AB19FB3356BC1C9EFC37.e.2063","ELEMENT":"f.19E536F94174C8B9DE1C34297281D471.d.A37878C14643AB19FB3356BC1C9EFC37.e.2063"}]}
RESULT: {"script":"<script> [56 bytes]","args":[{"element-6066-11e4-a52e-4f735466cecf":"f.19E536F94174C8B9DE1C34297281D471.d.A37878C14643AB19FB3356BC1C9EFC37.e.2063","ELEMENT":"f.19E536F94174C8B9DE1C34297281D471.d.A37878C14643AB19FB3356BC1C9EFC37.e.2063"}]}
RESULT: undefined
COMMAND: POST /session/b94376503e01bf473405a525b5bc89ad/element - {"using":"xpath","value":"//*[@id=\"application-managepartners-display-component---masterPtm--smartTable-btnPersonalisation-img\"]"}
COMMAND: GET /session/b94376503e01bf473405a525b5bc89ad/screenshot - {}
RESULT: {"using":"xpath","value":"//*[@id=\"application-managepartners-display-component---masterPtm--smartTable-btnPersonalisation-img\"]"}
COMMAND: POST /session/b94376503e01bf473405a525b5bc89ad/element/f.19E536F94174C8B9DE1C34297281D471.d.A37878C14643AB19FB3356BC1C9EFC37.e.1716/click - {}
RESULT: {}
RESULT: {}
COMMAND: GET /session/b94376503e01bf473405a525b5bc89ad/screenshot - {}
RESULT: {}
COMMAND: POST /session/b94376503e01bf473405a525b5bc89ad/execute/async - {"script":"<script> [1562 bytes]","args":[{"selector":{"controlType":"sap.m.IconTabFilter","viewName":"etm.portal.ui.managepartners.view.Master","viewId":"application-managepartners-display-component---masterPtm","properties":{"text":"Filter"},"searchOpenDialogs":true,"interaction":{"idSuffix":"text"}},"wdio_ui5_key":"etmportal.ui.managepartners.view.Mastersap.m.IconTabFilter{\"text\":\"Filter\"}"}]}
RESULT: {"script":"<script> [1562 bytes]","args":[{"selector":{"controlType":"sap.m.IconTabFilter","viewName":"etm.portal.ui.managepartners.view.Master","viewId":"application-managepartners-display-component---masterPtm","properties":{"text":"Filter"},"searchOpenDialogs":true,"interaction":{"idSuffix":"text"}},"wdio_ui5_key":"etmportal.ui.managepartners.view.Mastersap.m.IconTabFilter{\"text\":\"Filter\"}"}]}
RESULT: undefined
COMMAND: POST /session/b94376503e01bf473405a525b5bc89ad/element - {"using":"xpath","value":"//*[@id=\"__filter10\"]"}
RESULT: {"using":"xpath","value":"//*[@id=\"__filter10\"]"}
COMMAND: POST /session/b94376503e01bf473405a525b5bc89ad/element/f.19E536F94174C8B9DE1C34297281D471.d.A37878C14643AB19FB3356BC1C9EFC37.e.2068/click - {}
RESULT: {}
COMMAND: GET /session/b94376503e01bf473405a525b5bc89ad/screenshot - {}
RESULT: {}
COMMAND: POST /session/b94376503e01bf473405a525b5bc89ad/element - {"using":"xpath","value":"//input[@placeholder=\"Filter by\"]/following-sibling::div//span"}
RESULT: {"using":"xpath","value":"//input[@placeholder=\"Filter by\"]/following-sibling::div//span"}
COMMAND: POST /session/b94376503e01bf473405a525b5bc89ad/element/f.19E536F94174C8B9DE1C34297281D471.d.A37878C14643AB19FB3356BC1C9EFC37.e.2070/click - {}
RESULT: {}
COMMAND: GET /session/b94376503e01bf473405a525b5bc89ad/screenshot - {}
RESULT: {}
COMMAND: POST /session/b94376503e01bf473405a525b5bc89ad/element - {"using":"xpath","value":"//li[.//span[text()=\"Preferred Yard\"]]"}
RESULT: {"using":"xpath","value":"//li[.//span[text()=\"Preferred Yard\"]]"}
COMMAND: POST /session/b94376503e01bf473405a525b5bc89ad/element/f.19E536F94174C8B9DE1C34297281D471.d.A37878C14643AB19FB3356BC1C9EFC37.e.2071/click - {}
RESULT: {}
COMMAND: GET /session/b94376503e01bf473405a525b5bc89ad/screenshot - {}
RESULT: {}
COMMAND: POST /session/b94376503e01bf473405a525b5bc89ad/execute/async - {"script":"<script> [1562 bytes]","args":[{"selector":{"id":"FilterPanel-filterItemControl_BASIC-application-managepartners-display-component---masterPtm--smartTable-YARDYARD-vhi","searchOpenDialogs":true},"wdio_ui5_key":"FilterPanelfilterItemControl_BASIC-application-managepartners-display-component---masterPtm--smartTable-YARDYARD-vhi"}]}
RESULT: {"script":"<script> [1562 bytes]","args":[{"selector":{"id":"FilterPanel-filterItemControl_BASIC-application-managepartners-display-component---masterPtm--smartTable-YARDYARD-vhi","searchOpenDialogs":true},"wdio_ui5_key":"FilterPanelfilterItemControl_BASIC-application-managepartners-display-component---masterPtm--smartTable-YARDYARD-vhi"}]}
RESULT: undefined
COMMAND: POST /session/b94376503e01bf473405a525b5bc89ad/element - {"using":"xpath","value":"//*[@id=\"FilterPanel-filterItemControl_BASIC-application-managepartners-display-component---masterPtm--smartTable-YARDYARD-vhi\"]"}
RESULT: {"using":"xpath","value":"//*[@id=\"FilterPanel-filterItemControl_BASIC-application-managepartners-display-component---masterPtm--smartTable-YARDYARD-vhi\"]"}
COMMAND: POST /session/b94376503e01bf473405a525b5bc89ad/element/f.19E536F94174C8B9DE1C34297281D471.d.A37878C14643AB19FB3356BC1C9EFC37.e.2074/click - {}
RESULT: {}
COMMAND: GET /session/b94376503e01bf473405a525b5bc89ad/screenshot - {}
RESULT: {}
COMMAND: POST /session/b94376503e01bf473405a525b5bc89ad/execute/async - {"script":"<script> [1562 bytes]","args":[{"selector":{"id":"FilterPanel-filterItemControl_BASIC-application-managepartners-display-component---masterPtm--smartTable-YARDYARD-valueHelpDialog-smartFilterBar-btnBasicSearch","searchOpenDialogs":true,"interaction":{"idSuffix":"I"}},"wdio_ui5_key":"FilterPanelfilterItemControl_BASIC-application-managepartners-display-component---masterPtm--smartTable-YARDYARD-valueHelpDialog-smartFilterBar-btnBasicSearch"}]}
RESULT: {"script":"<script> [1562 bytes]","args":[{"selector":{"id":"FilterPanel-filterItemControl_BASIC-application-managepartners-display-component---masterPtm--smartTable-YARDYARD-valueHelpDialog-smartFilterBar-btnBasicSearch","searchOpenDialogs":true,"interaction":{"idSuffix":"I"}},"wdio_ui5_key":"FilterPanelfilterItemControl_BASIC-application-managepartners-display-component---masterPtm--smartTable-YARDYARD-valueHelpDialog-smartFilterBar-btnBasicSearch"}]}
RESULT: undefined
COMMAND: POST /session/b94376503e01bf473405a525b5bc89ad/execute/async - {"script":"<script> [776 bytes]","args":[{"enterText":"806","selector":{"id":"FilterPanel-filterItemControl_BASIC-application-managepartners-display-component---masterPtm--smartTable-YARDYARD-valueHelpDialog-smartFilterBar-btnBasicSearch","searchOpenDialogs":true,"interaction":{"idSuffix":"I"}},"clearTextFirst":true,"interactionType":"ENTER_TEXT"}]}
RESULT: {"script":"<script> [776 bytes]","args":[{"enterText":"806","selector":{"id":"FilterPanel-filterItemControl_BASIC-application-managepartners-display-component---masterPtm--smartTable-YARDYARD-valueHelpDialog-smartFilterBar-btnBasicSearch","searchOpenDialogs":true,"interaction":{"idSuffix":"I"}},"clearTextFirst":true,"interactionType":"ENTER_TEXT"}]}
COMMAND: POST /session/b94376503e01bf473405a525b5bc89ad/actions - {"actions":[{"id":"action3","type":"key","parameters":{},"actions":[{"type":"keyDown","value":"î€‡"},{"type":"pause","duration":10},{"type":"keyUp","value":"î€‡"}]}]}
RESULT: {"actions":[{"id":"action3","type":"key","parameters":{},"actions":[{"type":"keyDown","value":"î€‡"},{"type":"pause","duration":10},{"type":"keyUp","value":"î€‡"}]}]}
COMMAND: GET /session/b94376503e01bf473405a525b5bc89ad/screenshot - {}
RESULT: {}
COMMAND: POST /session/b94376503e01bf473405a525b5bc89ad/elements - {"using":"xpath","value":"//table[contains(@id, \"smartTable-YARDYARD-valueHelpDialog-table-table\")]/tbody/tr"}
RESULT: {"using":"xpath","value":"//table[contains(@id, \"smartTable-YARDYARD-valueHelpDialog-table-table\")]/tbody/tr"}
COMMAND: POST /session/b94376503e01bf473405a525b5bc89ad/element - {"using":"xpath","value":"//table[contains(@id, \"smartTable-YARDYARD-valueHelpDialog-table-table\")]/tbody/tr[1]/td[1]/div/span"}
RESULT: {"using":"xpath","value":"//table[contains(@id, \"smartTable-YARDYARD-valueHelpDialog-table-table\")]/tbody/tr[1]/td[1]/div/span"}
COMMAND: POST /session/b94376503e01bf473405a525b5bc89ad/elements - {"using":"xpath","value":"//table[contains(@id, \"smartTable-YARDYARD-valueHelpDialog-table-table\")]/tbody/tr[1]/td[1]/div/span"}
RESULT: {"using":"xpath","value":"//table[contains(@id, \"smartTable-YARDYARD-valueHelpDialog-table-table\")]/tbody/tr[1]/td[1]/div/span"}
COMMAND: POST /session/b94376503e01bf473405a525b5bc89ad/execute/sync - {"script":"<script> [56 bytes]","args":[{"element-6066-11e4-a52e-4f735466cecf":"f.19E536F94174C8B9DE1C34297281D471.d.A37878C14643AB19FB3356BC1C9EFC37.e.2093","ELEMENT":"f.19E536F94174C8B9DE1C34297281D471.d.A37878C14643AB19FB3356BC1C9EFC37.e.2093"}]}
RESULT: {"script":"<script> [56 bytes]","args":[{"element-6066-11e4-a52e-4f735466cecf":"f.19E536F94174C8B9DE1C34297281D471.d.A37878C14643AB19FB3356BC1C9EFC37.e.2093","ELEMENT":"f.19E536F94174C8B9DE1C34297281D471.d.A37878C14643AB19FB3356BC1C9EFC37.e.2093"}]}
COMMAND: POST /session/b94376503e01bf473405a525b5bc89ad/element - {"using":"xpath","value":"//table[contains(@id, \"smartTable-YARDYARD-valueHelpDialog-table-table\")]/tbody/tr[2]/td[1]/div/span"}
COMMAND: GET /session/b94376503e01bf473405a525b5bc89ad/screenshot - {}
RESULT: {"using":"xpath","value":"//table[contains(@id, \"smartTable-YARDYARD-valueHelpDialog-table-table\")]/tbody/tr[2]/td[1]/div/span"}
COMMAND: POST /session/b94376503e01bf473405a525b5bc89ad/elements - {"using":"xpath","value":"//table[contains(@id, \"smartTable-YARDYARD-valueHelpDialog-table-table\")]/tbody/tr[2]/td[1]/div/span"}
RESULT: {}
RESULT: {"using":"xpath","value":"//table[contains(@id, \"smartTable-YARDYARD-valueHelpDialog-table-table\")]/tbody/tr[2]/td[1]/div/span"}
COMMAND: POST /session/b94376503e01bf473405a525b5bc89ad/execute/sync - {"script":"<script> [56 bytes]","args":[{"element-6066-11e4-a52e-4f735466cecf":"f.19E536F94174C8B9DE1C34297281D471.d.A37878C14643AB19FB3356BC1C9EFC37.e.2094","ELEMENT":"f.19E536F94174C8B9DE1C34297281D471.d.A37878C14643AB19FB3356BC1C9EFC37.e.2094"}]}
RESULT: {"script":"<script> [56 bytes]","args":[{"element-6066-11e4-a52e-4f735466cecf":"f.19E536F94174C8B9DE1C34297281D471.d.A37878C14643AB19FB3356BC1C9EFC37.e.2094","ELEMENT":"f.19E536F94174C8B9DE1C34297281D471.d.A37878C14643AB19FB3356BC1C9EFC37.e.2094"}]}
COMMAND: POST /session/b94376503e01bf473405a525b5bc89ad/element - {"using":"xpath","value":"//table[contains(@id, \"smartTable-YARDYARD-valueHelpDialog-table-table\")]/tbody/tr[3]/td[1]/div/span"}
COMMAND: GET /session/b94376503e01bf473405a525b5bc89ad/screenshot - {}
RESULT: {"using":"xpath","value":"//table[contains(@id, \"smartTable-YARDYARD-valueHelpDialog-table-table\")]/tbody/tr[3]/td[1]/div/span"}
COMMAND: POST /session/b94376503e01bf473405a525b5bc89ad/elements - {"using":"xpath","value":"//table[contains(@id, \"smartTable-YARDYARD-valueHelpDialog-table-table\")]/tbody/tr[3]/td[1]/div/span"}
RESULT: {}
RESULT: {"using":"xpath","value":"//table[contains(@id, \"smartTable-YARDYARD-valueHelpDialog-table-table\")]/tbody/tr[3]/td[1]/div/span"}
COMMAND: POST /session/b94376503e01bf473405a525b5bc89ad/execute/sync - {"script":"<script> [56 bytes]","args":[{"element-6066-11e4-a52e-4f735466cecf":"f.19E536F94174C8B9DE1C34297281D471.d.A37878C14643AB19FB3356BC1C9EFC37.e.2095","ELEMENT":"f.19E536F94174C8B9DE1C34297281D471.d.A37878C14643AB19FB3356BC1C9EFC37.e.2095"}]}
RESULT: {"script":"<script> [56 bytes]","args":[{"element-6066-11e4-a52e-4f735466cecf":"f.19E536F94174C8B9DE1C34297281D471.d.A37878C14643AB19FB3356BC1C9EFC37.e.2095","ELEMENT":"f.19E536F94174C8B9DE1C34297281D471.d.A37878C14643AB19FB3356BC1C9EFC37.e.2095"}]}
COMMAND: POST /session/b94376503e01bf473405a525b5bc89ad/element - {"using":"xpath","value":"//div[contains(@id, \"YARDYARD-valueHelpDialog-table-rowsel2\")]"}
COMMAND: GET /session/b94376503e01bf473405a525b5bc89ad/screenshot - {}
RESULT: {"using":"xpath","value":"//div[contains(@id, \"YARDYARD-valueHelpDialog-table-rowsel2\")]"}
COMMAND: POST /session/b94376503e01bf473405a525b5bc89ad/element/f.19E536F94174C8B9DE1C34297281D471.d.A37878C14643AB19FB3356BC1C9EFC37.e.2096/click - {}
RESULT: {}
RESULT: {}
COMMAND: GET /session/b94376503e01bf473405a525b5bc89ad/screenshot - {}
RESULT: {}
COMMAND: POST /session/b94376503e01bf473405a525b5bc89ad/element - {"using":"xpath","value":"(//bdi[contains(text(), \"OK\")])[2]"}
RESULT: {"using":"xpath","value":"(//bdi[contains(text(), \"OK\")])[2]"}
COMMAND: POST /session/b94376503e01bf473405a525b5bc89ad/element/f.19E536F94174C8B9DE1C34297281D471.d.A37878C14643AB19FB3356BC1C9EFC37.e.2098/click - {}
RESULT: {}
COMMAND: GET /session/b94376503e01bf473405a525b5bc89ad/screenshot - {}
RESULT: {}
COMMAND: POST /session/b94376503e01bf473405a525b5bc89ad/element - {"using":"xpath","value":"//bdi[contains(text(), \"OK\")]"}
RESULT: {"using":"xpath","value":"//bdi[contains(text(), \"OK\")]"}
COMMAND: POST /session/b94376503e01bf473405a525b5bc89ad/element/f.19E536F94174C8B9DE1C34297281D471.d.A37878C14643AB19FB3356BC1C9EFC37.e.2101/click - {}
RESULT: {}
COMMAND: GET /session/b94376503e01bf473405a525b5bc89ad/screenshot - {}
RESULT: {}
COMMAND: POST /session/b94376503e01bf473405a525b5bc89ad/element - {"using":"xpath","value":"//table[contains(@id, \"customPartnersTable\")]//tbody/tr[1]/td[3]/span"}
RESULT: {"using":"xpath","value":"//table[contains(@id, \"customPartnersTable\")]//tbody/tr[1]/td[3]/span"}
COMMAND: POST /session/b94376503e01bf473405a525b5bc89ad/execute/sync - {"script":"<script> [56 bytes]","args":[{"element-6066-11e4-a52e-4f735466cecf":"f.19E536F94174C8B9DE1C34297281D471.d.A37878C14643AB19FB3356BC1C9EFC37.e.2063","ELEMENT":"f.19E536F94174C8B9DE1C34297281D471.d.A37878C14643AB19FB3356BC1C9EFC37.e.2063"}]}
RESULT: {"script":"<script> [56 bytes]","args":[{"element-6066-11e4-a52e-4f735466cecf":"f.19E536F94174C8B9DE1C34297281D471.d.A37878C14643AB19FB3356BC1C9EFC37.e.2063","ELEMENT":"f.19E536F94174C8B9DE1C34297281D471.d.A37878C14643AB19FB3356BC1C9EFC37.e.2063"}]}
COMMAND: POST /session/b94376503e01bf473405a525b5bc89ad/element - {"using":"css selector","value":"#shell-header-logo"}
COMMAND: GET /session/b94376503e01bf473405a525b5bc89ad/screenshot - {}
RESULT: {"using":"css selector","value":"#shell-header-logo"}
COMMAND: POST /session/b94376503e01bf473405a525b5bc89ad/element/f.19E536F94174C8B9DE1C34297281D471.d.A37878C14643AB19FB3356BC1C9EFC37.e.1666/click - {}
RESULT: {}
RESULT: {}
COMMAND: GET /session/b94376503e01bf473405a525b5bc89ad/screenshot - {}
RESULT: {}
]]></system-out>
    </testcase>
    <testcase classname="chrome.135_0_7049_96.windows.Partner_specific_tests_US150819_US151080_US151654_US151176_US103444_US151078_US151079_US151109_US151174_US151175_US151189" name="Should deactivate the created partner in earlier step US151654" time="56.16">
      <system-out><![CDATA[
COMMAND: POST /session/b94376503e01bf473405a525b5bc89ad/element - {"using":"xpath","value":"//li[.//span[text()=\"Manage Partners\"]]"}
RESULT: {"using":"xpath","value":"//li[.//span[text()=\"Manage Partners\"]]"}
COMMAND: POST /session/b94376503e01bf473405a525b5bc89ad/element - {"using":"xpath","value":"//li[.//span[text()=\"Manage Partners\"]]"}
RESULT: {"using":"xpath","value":"//li[.//span[text()=\"Manage Partners\"]]"}
COMMAND: POST /session/b94376503e01bf473405a525b5bc89ad/element - {"using":"css selector","value":"#shell-header-logo"}
RESULT: {"using":"css selector","value":"#shell-header-logo"}
COMMAND: POST /session/b94376503e01bf473405a525b5bc89ad/element/f.19E536F94174C8B9DE1C34297281D471.d.A37878C14643AB19FB3356BC1C9EFC37.e.2149/click - {}
COMMAND: POST /session/b94376503e01bf473405a525b5bc89ad/execute/sync - {"script":"<script> [8489 bytes]","args":[{"element-6066-11e4-a52e-4f735466cecf":"f.19E536F94174C8B9DE1C34297281D471.d.A37878C14643AB19FB3356BC1C9EFC37.e.2149","ELEMENT":"f.19E536F94174C8B9DE1C34297281D471.d.A37878C14643AB19FB3356BC1C9EFC37.e.2149"}]}
RESULT: {"script":"<script> [8489 bytes]","args":[{"element-6066-11e4-a52e-4f735466cecf":"f.19E536F94174C8B9DE1C34297281D471.d.A37878C14643AB19FB3356BC1C9EFC37.e.2149","ELEMENT":"f.19E536F94174C8B9DE1C34297281D471.d.A37878C14643AB19FB3356BC1C9EFC37.e.2149"}]}
COMMAND: POST /session/b94376503e01bf473405a525b5bc89ad/execute/sync - {"script":"<script> [5351 bytes]","args":[{"element-6066-11e4-a52e-4f735466cecf":"f.19E536F94174C8B9DE1C34297281D471.d.A37878C14643AB19FB3356BC1C9EFC37.e.2149","ELEMENT":"f.19E536F94174C8B9DE1C34297281D471.d.A37878C14643AB19FB3356BC1C9EFC37.e.2149"}]}
COMMAND: GET /session/b94376503e01bf473405a525b5bc89ad/screenshot - {}
RESULT: {}
COMMAND: GET /session/b94376503e01bf473405a525b5bc89ad/screenshot - {}
RESULT: {"script":"<script> [5351 bytes]","args":[{"element-6066-11e4-a52e-4f735466cecf":"f.19E536F94174C8B9DE1C34297281D471.d.A37878C14643AB19FB3356BC1C9EFC37.e.2149","ELEMENT":"f.19E536F94174C8B9DE1C34297281D471.d.A37878C14643AB19FB3356BC1C9EFC37.e.2149"}]}
COMMAND: GET /session/b94376503e01bf473405a525b5bc89ad/screenshot - {}
RESULT: {}
RESULT: {}
RESULT: {}
RESULT: undefined
COMMAND: POST /session/b94376503e01bf473405a525b5bc89ad/element - {"using":"xpath","value":"//*[@id=\"__tile38\"]"}
RESULT: {"using":"xpath","value":"//*[@id=\"__tile38\"]"}
COMMAND: POST /session/b94376503e01bf473405a525b5bc89ad/element/f.19E536F94174C8B9DE1C34297281D471.d.A37878C14643AB19FB3356BC1C9EFC37.e.142/click - {}
RESULT: {}
COMMAND: POST /session/b94376503e01bf473405a525b5bc89ad/element - {"using":"xpath","value":"//button[@data-kt=\"addButton\"]"}
COMMAND: GET /session/b94376503e01bf473405a525b5bc89ad/screenshot - {}
RESULT: {"using":"xpath","value":"//button[@data-kt=\"addButton\"]"}
COMMAND: POST /session/b94376503e01bf473405a525b5bc89ad/elements - {"using":"xpath","value":"//button[@data-kt=\"addButton\"]"}
RESULT: {}
RESULT: {"using":"xpath","value":"//button[@data-kt=\"addButton\"]"}
COMMAND: POST /session/b94376503e01bf473405a525b5bc89ad/execute/sync - {"script":"<script> [8489 bytes]","args":[{"element-6066-11e4-a52e-4f735466cecf":"f.19E536F94174C8B9DE1C34297281D471.d.A37878C14643AB19FB3356BC1C9EFC37.e.2194","ELEMENT":"f.19E536F94174C8B9DE1C34297281D471.d.A37878C14643AB19FB3356BC1C9EFC37.e.2194"}]}
RESULT: {"script":"<script> [8489 bytes]","args":[{"element-6066-11e4-a52e-4f735466cecf":"f.19E536F94174C8B9DE1C34297281D471.d.A37878C14643AB19FB3356BC1C9EFC37.e.2194","ELEMENT":"f.19E536F94174C8B9DE1C34297281D471.d.A37878C14643AB19FB3356BC1C9EFC37.e.2194"}]}
COMMAND: GET /session/b94376503e01bf473405a525b5bc89ad/element/f.19E536F94174C8B9DE1C34297281D471.d.A37878C14643AB19FB3356BC1C9EFC37.e.2194/enabled - {}
COMMAND: GET /session/b94376503e01bf473405a525b5bc89ad/screenshot - {}
RESULT: {}
COMMAND: POST /session/b94376503e01bf473405a525b5bc89ad/execute/sync - {"script":"<script> [8489 bytes]","args":[{"element-6066-11e4-a52e-4f735466cecf":"f.19E536F94174C8B9DE1C34297281D471.d.A37878C14643AB19FB3356BC1C9EFC37.e.2194","ELEMENT":"f.19E536F94174C8B9DE1C34297281D471.d.A37878C14643AB19FB3356BC1C9EFC37.e.2194"}]}
COMMAND: GET /session/b94376503e01bf473405a525b5bc89ad/screenshot - {}
RESULT: {}
RESULT: {"script":"<script> [8489 bytes]","args":[{"element-6066-11e4-a52e-4f735466cecf":"f.19E536F94174C8B9DE1C34297281D471.d.A37878C14643AB19FB3356BC1C9EFC37.e.2194","ELEMENT":"f.19E536F94174C8B9DE1C34297281D471.d.A37878C14643AB19FB3356BC1C9EFC37.e.2194"}]}
COMMAND: POST /session/b94376503e01bf473405a525b5bc89ad/execute/sync - {"script":"<script> [5351 bytes]","args":[{"element-6066-11e4-a52e-4f735466cecf":"f.19E536F94174C8B9DE1C34297281D471.d.A37878C14643AB19FB3356BC1C9EFC37.e.2194","ELEMENT":"f.19E536F94174C8B9DE1C34297281D471.d.A37878C14643AB19FB3356BC1C9EFC37.e.2194"}]}
COMMAND: GET /session/b94376503e01bf473405a525b5bc89ad/screenshot - {}
RESULT: {}
RESULT: {"script":"<script> [5351 bytes]","args":[{"element-6066-11e4-a52e-4f735466cecf":"f.19E536F94174C8B9DE1C34297281D471.d.A37878C14643AB19FB3356BC1C9EFC37.e.2194","ELEMENT":"f.19E536F94174C8B9DE1C34297281D471.d.A37878C14643AB19FB3356BC1C9EFC37.e.2194"}]}
COMMAND: GET /session/b94376503e01bf473405a525b5bc89ad/screenshot - {}
RESULT: {}
RESULT: {}
COMMAND: POST /session/b94376503e01bf473405a525b5bc89ad/execute/async - {"script":"<script> [1562 bytes]","args":[{"selector":{"id":"application-managepartners-display-component---masterPtm--smartFilterBar-btnBasicSearch","interaction":{"idSuffix":"I"}},"wdio_ui5_key":"applicationmanagepartners-display-component---masterPtm--smartFilterBar-btnBasicSearch"}]}
RESULT: {"script":"<script> [1562 bytes]","args":[{"selector":{"id":"application-managepartners-display-component---masterPtm--smartFilterBar-btnBasicSearch","interaction":{"idSuffix":"I"}},"wdio_ui5_key":"applicationmanagepartners-display-component---masterPtm--smartFilterBar-btnBasicSearch"}]}
RESULT: undefined
COMMAND: POST /session/b94376503e01bf473405a525b5bc89ad/execute/async - {"script":"<script> [776 bytes]","args":[{"enterText":"1646","selector":{"id":"application-managepartners-display-component---masterPtm--smartFilterBar-btnBasicSearch","interaction":{"idSuffix":"I"}},"clearTextFirst":true,"interactionType":"ENTER_TEXT"}]}
RESULT: {"script":"<script> [776 bytes]","args":[{"enterText":"1646","selector":{"id":"application-managepartners-display-component---masterPtm--smartFilterBar-btnBasicSearch","interaction":{"idSuffix":"I"}},"clearTextFirst":true,"interactionType":"ENTER_TEXT"}]}
COMMAND: POST /session/b94376503e01bf473405a525b5bc89ad/actions - {"actions":[{"id":"action4","type":"key","parameters":{},"actions":[{"type":"keyDown","value":"î€‡"},{"type":"pause","duration":10},{"type":"keyUp","value":"î€‡"}]}]}
RESULT: {"actions":[{"id":"action4","type":"key","parameters":{},"actions":[{"type":"keyDown","value":"î€‡"},{"type":"pause","duration":10},{"type":"keyUp","value":"î€‡"}]}]}
COMMAND: GET /session/b94376503e01bf473405a525b5bc89ad/screenshot - {}
RESULT: {}
COMMAND: POST /session/b94376503e01bf473405a525b5bc89ad/elements - {"using":"xpath","value":"//table[contains(@id, \"customPartnersTable-listUl\")]/tbody/tr"}
RESULT: {"using":"xpath","value":"//table[contains(@id, \"customPartnersTable-listUl\")]/tbody/tr"}
COMMAND: POST /session/b94376503e01bf473405a525b5bc89ad/element - {"using":"xpath","value":"//table[contains(@id, \"customPartnersTable-listUl\")]/tbody/tr[1]/td[3]/span"}
RESULT: {"using":"xpath","value":"//table[contains(@id, \"customPartnersTable-listUl\")]/tbody/tr[1]/td[3]/span"}
COMMAND: POST /session/b94376503e01bf473405a525b5bc89ad/elements - {"using":"xpath","value":"//table[contains(@id, \"customPartnersTable-listUl\")]/tbody/tr[1]/td[3]/span"}
RESULT: {"using":"xpath","value":"//table[contains(@id, \"customPartnersTable-listUl\")]/tbody/tr[1]/td[3]/span"}
COMMAND: POST /session/b94376503e01bf473405a525b5bc89ad/execute/sync - {"script":"<script> [56 bytes]","args":[{"element-6066-11e4-a52e-4f735466cecf":"f.19E536F94174C8B9DE1C34297281D471.d.A37878C14643AB19FB3356BC1C9EFC37.e.2328","ELEMENT":"f.19E536F94174C8B9DE1C34297281D471.d.A37878C14643AB19FB3356BC1C9EFC37.e.2328"}]}
RESULT: {"script":"<script> [56 bytes]","args":[{"element-6066-11e4-a52e-4f735466cecf":"f.19E536F94174C8B9DE1C34297281D471.d.A37878C14643AB19FB3356BC1C9EFC37.e.2328","ELEMENT":"f.19E536F94174C8B9DE1C34297281D471.d.A37878C14643AB19FB3356BC1C9EFC37.e.2328"}]}
COMMAND: POST /session/b94376503e01bf473405a525b5bc89ad/element - {"using":"xpath","value":"//table[contains(@id, \"customPartnersTable-listUl\")]/tbody/tr[1]/td[7]/div/span"}
COMMAND: GET /session/b94376503e01bf473405a525b5bc89ad/screenshot - {}
RESULT: {"using":"xpath","value":"//table[contains(@id, \"customPartnersTable-listUl\")]/tbody/tr[1]/td[7]/div/span"}
COMMAND: POST /session/b94376503e01bf473405a525b5bc89ad/execute/sync - {"script":"<script> [56 bytes]","args":[{"element-6066-11e4-a52e-4f735466cecf":"f.19E536F94174C8B9DE1C34297281D471.d.A37878C14643AB19FB3356BC1C9EFC37.e.2329","ELEMENT":"f.19E536F94174C8B9DE1C34297281D471.d.A37878C14643AB19FB3356BC1C9EFC37.e.2329"}]}
RESULT: {}
RESULT: {"script":"<script> [56 bytes]","args":[{"element-6066-11e4-a52e-4f735466cecf":"f.19E536F94174C8B9DE1C34297281D471.d.A37878C14643AB19FB3356BC1C9EFC37.e.2329","ELEMENT":"f.19E536F94174C8B9DE1C34297281D471.d.A37878C14643AB19FB3356BC1C9EFC37.e.2329"}]}
COMMAND: POST /session/b94376503e01bf473405a525b5bc89ad/element - {"using":"xpath","value":"//table[contains(@id, \"customPartnersTable-listUl\")]/tbody/tr[1]/td[2]/div/div"}
COMMAND: GET /session/b94376503e01bf473405a525b5bc89ad/screenshot - {}
RESULT: {"using":"xpath","value":"//table[contains(@id, \"customPartnersTable-listUl\")]/tbody/tr[1]/td[2]/div/div"}
COMMAND: POST /session/b94376503e01bf473405a525b5bc89ad/element/f.19E536F94174C8B9DE1C34297281D471.d.A37878C14643AB19FB3356BC1C9EFC37.e.2330/click - {}
RESULT: {}
RESULT: {}
COMMAND: GET /session/b94376503e01bf473405a525b5bc89ad/screenshot - {}
RESULT: {}
COMMAND: POST /session/b94376503e01bf473405a525b5bc89ad/element - {"using":"xpath","value":"//bdi[contains(text(), \"Deactivate\")]"}
RESULT: {"using":"xpath","value":"//bdi[contains(text(), \"Deactivate\")]"}
COMMAND: POST /session/b94376503e01bf473405a525b5bc89ad/element/f.19E536F94174C8B9DE1C34297281D471.d.A37878C14643AB19FB3356BC1C9EFC37.e.2331/click - {}
RESULT: {}
COMMAND: GET /session/b94376503e01bf473405a525b5bc89ad/screenshot - {}
RESULT: {}
COMMAND: POST /session/b94376503e01bf473405a525b5bc89ad/element - {"using":"xpath","value":"//bdi[contains(text(), \"Yes\")]"}
RESULT: {"using":"xpath","value":"//bdi[contains(text(), \"Yes\")]"}
COMMAND: POST /session/b94376503e01bf473405a525b5bc89ad/element/f.19E536F94174C8B9DE1C34297281D471.d.A37878C14643AB19FB3356BC1C9EFC37.e.2333/click - {}
RESULT: {}
COMMAND: GET /session/b94376503e01bf473405a525b5bc89ad/screenshot - {}
RESULT: {}
COMMAND: POST /session/b94376503e01bf473405a525b5bc89ad/element - {"using":"xpath","value":"//table[contains(@id, \"customPartnersTable-listUl\")]/tbody/tr[1]/td[7]/div/span"}
RESULT: {"using":"xpath","value":"//table[contains(@id, \"customPartnersTable-listUl\")]/tbody/tr[1]/td[7]/div/span"}
COMMAND: POST /session/b94376503e01bf473405a525b5bc89ad/execute/sync - {"script":"<script> [56 bytes]","args":[{"element-6066-11e4-a52e-4f735466cecf":"f.19E536F94174C8B9DE1C34297281D471.d.A37878C14643AB19FB3356BC1C9EFC37.e.2329","ELEMENT":"f.19E536F94174C8B9DE1C34297281D471.d.A37878C14643AB19FB3356BC1C9EFC37.e.2329"}]}
RESULT: {"script":"<script> [56 bytes]","args":[{"element-6066-11e4-a52e-4f735466cecf":"f.19E536F94174C8B9DE1C34297281D471.d.A37878C14643AB19FB3356BC1C9EFC37.e.2329","ELEMENT":"f.19E536F94174C8B9DE1C34297281D471.d.A37878C14643AB19FB3356BC1C9EFC37.e.2329"}]}
COMMAND: GET /session/b94376503e01bf473405a525b5bc89ad/screenshot - {}
RESULT: {}
COMMAND: POST /session/b94376503e01bf473405a525b5bc89ad/element - {"using":"css selector","value":"#shell-header-logo"}
RESULT: {"using":"css selector","value":"#shell-header-logo"}
COMMAND: POST /session/b94376503e01bf473405a525b5bc89ad/element/f.19E536F94174C8B9DE1C34297281D471.d.A37878C14643AB19FB3356BC1C9EFC37.e.2149/click - {}
RESULT: {}
COMMAND: GET /session/b94376503e01bf473405a525b5bc89ad/screenshot - {}
RESULT: {}
]]></system-out>
    </testcase>
    <testcase classname="chrome.135_0_7049_96.windows.Partner_specific_tests_US150819_US151080_US151654_US151176_US103444_US151078_US151079_US151109_US151174_US151175_US151189" name="Should activate the created partner again US151176" time="56.243">
      <system-out><![CDATA[
COMMAND: POST /session/b94376503e01bf473405a525b5bc89ad/element - {"using":"xpath","value":"//li[.//span[text()=\"Manage Partners\"]]"}
RESULT: {"using":"xpath","value":"//li[.//span[text()=\"Manage Partners\"]]"}
COMMAND: POST /session/b94376503e01bf473405a525b5bc89ad/element - {"using":"xpath","value":"//li[.//span[text()=\"Manage Partners\"]]"}
RESULT: {"using":"xpath","value":"//li[.//span[text()=\"Manage Partners\"]]"}
COMMAND: POST /session/b94376503e01bf473405a525b5bc89ad/element - {"using":"css selector","value":"#shell-header-logo"}
RESULT: {"using":"css selector","value":"#shell-header-logo"}
COMMAND: POST /session/b94376503e01bf473405a525b5bc89ad/element/f.19E536F94174C8B9DE1C34297281D471.d.A37878C14643AB19FB3356BC1C9EFC37.e.2337/click - {}
COMMAND: POST /session/b94376503e01bf473405a525b5bc89ad/execute/sync - {"script":"<script> [8489 bytes]","args":[{"element-6066-11e4-a52e-4f735466cecf":"f.19E536F94174C8B9DE1C34297281D471.d.A37878C14643AB19FB3356BC1C9EFC37.e.2337","ELEMENT":"f.19E536F94174C8B9DE1C34297281D471.d.A37878C14643AB19FB3356BC1C9EFC37.e.2337"}]}
RESULT: {"script":"<script> [8489 bytes]","args":[{"element-6066-11e4-a52e-4f735466cecf":"f.19E536F94174C8B9DE1C34297281D471.d.A37878C14643AB19FB3356BC1C9EFC37.e.2337","ELEMENT":"f.19E536F94174C8B9DE1C34297281D471.d.A37878C14643AB19FB3356BC1C9EFC37.e.2337"}]}
COMMAND: POST /session/b94376503e01bf473405a525b5bc89ad/execute/sync - {"script":"<script> [5351 bytes]","args":[{"element-6066-11e4-a52e-4f735466cecf":"f.19E536F94174C8B9DE1C34297281D471.d.A37878C14643AB19FB3356BC1C9EFC37.e.2337","ELEMENT":"f.19E536F94174C8B9DE1C34297281D471.d.A37878C14643AB19FB3356BC1C9EFC37.e.2337"}]}
COMMAND: GET /session/b94376503e01bf473405a525b5bc89ad/screenshot - {}
RESULT: {}
COMMAND: GET /session/b94376503e01bf473405a525b5bc89ad/screenshot - {}
RESULT: {"script":"<script> [5351 bytes]","args":[{"element-6066-11e4-a52e-4f735466cecf":"f.19E536F94174C8B9DE1C34297281D471.d.A37878C14643AB19FB3356BC1C9EFC37.e.2337","ELEMENT":"f.19E536F94174C8B9DE1C34297281D471.d.A37878C14643AB19FB3356BC1C9EFC37.e.2337"}]}
COMMAND: GET /session/b94376503e01bf473405a525b5bc89ad/screenshot - {}
RESULT: {}
RESULT: {}
RESULT: {}
RESULT: undefined
COMMAND: POST /session/b94376503e01bf473405a525b5bc89ad/element - {"using":"xpath","value":"//*[@id=\"__tile38\"]"}
RESULT: {"using":"xpath","value":"//*[@id=\"__tile38\"]"}
COMMAND: POST /session/b94376503e01bf473405a525b5bc89ad/element/f.19E536F94174C8B9DE1C34297281D471.d.A37878C14643AB19FB3356BC1C9EFC37.e.142/click - {}
RESULT: {}
COMMAND: POST /session/b94376503e01bf473405a525b5bc89ad/element - {"using":"xpath","value":"//button[@data-kt=\"addButton\"]"}
COMMAND: GET /session/b94376503e01bf473405a525b5bc89ad/screenshot - {}
RESULT: {"using":"xpath","value":"//button[@data-kt=\"addButton\"]"}
COMMAND: POST /session/b94376503e01bf473405a525b5bc89ad/elements - {"using":"xpath","value":"//button[@data-kt=\"addButton\"]"}
RESULT: {}
RESULT: {"using":"xpath","value":"//button[@data-kt=\"addButton\"]"}
COMMAND: POST /session/b94376503e01bf473405a525b5bc89ad/execute/sync - {"script":"<script> [8489 bytes]","args":[{"element-6066-11e4-a52e-4f735466cecf":"f.19E536F94174C8B9DE1C34297281D471.d.A37878C14643AB19FB3356BC1C9EFC37.e.2372","ELEMENT":"f.19E536F94174C8B9DE1C34297281D471.d.A37878C14643AB19FB3356BC1C9EFC37.e.2372"}]}
RESULT: {"script":"<script> [8489 bytes]","args":[{"element-6066-11e4-a52e-4f735466cecf":"f.19E536F94174C8B9DE1C34297281D471.d.A37878C14643AB19FB3356BC1C9EFC37.e.2372","ELEMENT":"f.19E536F94174C8B9DE1C34297281D471.d.A37878C14643AB19FB3356BC1C9EFC37.e.2372"}]}
COMMAND: GET /session/b94376503e01bf473405a525b5bc89ad/element/f.19E536F94174C8B9DE1C34297281D471.d.A37878C14643AB19FB3356BC1C9EFC37.e.2372/enabled - {}
COMMAND: GET /session/b94376503e01bf473405a525b5bc89ad/screenshot - {}
RESULT: {}
COMMAND: POST /session/b94376503e01bf473405a525b5bc89ad/execute/sync - {"script":"<script> [8489 bytes]","args":[{"element-6066-11e4-a52e-4f735466cecf":"f.19E536F94174C8B9DE1C34297281D471.d.A37878C14643AB19FB3356BC1C9EFC37.e.2372","ELEMENT":"f.19E536F94174C8B9DE1C34297281D471.d.A37878C14643AB19FB3356BC1C9EFC37.e.2372"}]}
COMMAND: GET /session/b94376503e01bf473405a525b5bc89ad/screenshot - {}
RESULT: {}
RESULT: {"script":"<script> [8489 bytes]","args":[{"element-6066-11e4-a52e-4f735466cecf":"f.19E536F94174C8B9DE1C34297281D471.d.A37878C14643AB19FB3356BC1C9EFC37.e.2372","ELEMENT":"f.19E536F94174C8B9DE1C34297281D471.d.A37878C14643AB19FB3356BC1C9EFC37.e.2372"}]}
COMMAND: POST /session/b94376503e01bf473405a525b5bc89ad/execute/sync - {"script":"<script> [5351 bytes]","args":[{"element-6066-11e4-a52e-4f735466cecf":"f.19E536F94174C8B9DE1C34297281D471.d.A37878C14643AB19FB3356BC1C9EFC37.e.2372","ELEMENT":"f.19E536F94174C8B9DE1C34297281D471.d.A37878C14643AB19FB3356BC1C9EFC37.e.2372"}]}
COMMAND: GET /session/b94376503e01bf473405a525b5bc89ad/screenshot - {}
RESULT: {}
RESULT: {"script":"<script> [5351 bytes]","args":[{"element-6066-11e4-a52e-4f735466cecf":"f.19E536F94174C8B9DE1C34297281D471.d.A37878C14643AB19FB3356BC1C9EFC37.e.2372","ELEMENT":"f.19E536F94174C8B9DE1C34297281D471.d.A37878C14643AB19FB3356BC1C9EFC37.e.2372"}]}
COMMAND: GET /session/b94376503e01bf473405a525b5bc89ad/screenshot - {}
RESULT: {}
RESULT: {}
RESULT: undefined
COMMAND: POST /session/b94376503e01bf473405a525b5bc89ad/execute/async - {"script":"<script> [776 bytes]","args":[{"enterText":"1646","selector":{"id":"application-managepartners-display-component---masterPtm--smartFilterBar-btnBasicSearch","interaction":{"idSuffix":"I"}},"clearTextFirst":true,"interactionType":"ENTER_TEXT"}]}
RESULT: {"script":"<script> [776 bytes]","args":[{"enterText":"1646","selector":{"id":"application-managepartners-display-component---masterPtm--smartFilterBar-btnBasicSearch","interaction":{"idSuffix":"I"}},"clearTextFirst":true,"interactionType":"ENTER_TEXT"}]}
COMMAND: POST /session/b94376503e01bf473405a525b5bc89ad/actions - {"actions":[{"id":"action5","type":"key","parameters":{},"actions":[{"type":"keyDown","value":"î€‡"},{"type":"pause","duration":10},{"type":"keyUp","value":"î€‡"}]}]}
RESULT: {"actions":[{"id":"action5","type":"key","parameters":{},"actions":[{"type":"keyDown","value":"î€‡"},{"type":"pause","duration":10},{"type":"keyUp","value":"î€‡"}]}]}
COMMAND: GET /session/b94376503e01bf473405a525b5bc89ad/screenshot - {}
RESULT: {}
COMMAND: POST /session/b94376503e01bf473405a525b5bc89ad/elements - {"using":"xpath","value":"//table[contains(@id, \"customPartnersTable-listUl\")]/tbody/tr"}
RESULT: {"using":"xpath","value":"//table[contains(@id, \"customPartnersTable-listUl\")]/tbody/tr"}
COMMAND: POST /session/b94376503e01bf473405a525b5bc89ad/element - {"using":"xpath","value":"//table[contains(@id, \"customPartnersTable-listUl\")]/tbody/tr[1]/td[3]/span"}
RESULT: {"using":"xpath","value":"//table[contains(@id, \"customPartnersTable-listUl\")]/tbody/tr[1]/td[3]/span"}
COMMAND: POST /session/b94376503e01bf473405a525b5bc89ad/elements - {"using":"xpath","value":"//table[contains(@id, \"customPartnersTable-listUl\")]/tbody/tr[1]/td[3]/span"}
RESULT: {"using":"xpath","value":"//table[contains(@id, \"customPartnersTable-listUl\")]/tbody/tr[1]/td[3]/span"}
COMMAND: POST /session/b94376503e01bf473405a525b5bc89ad/execute/sync - {"script":"<script> [56 bytes]","args":[{"element-6066-11e4-a52e-4f735466cecf":"f.19E536F94174C8B9DE1C34297281D471.d.A37878C14643AB19FB3356BC1C9EFC37.e.2518","ELEMENT":"f.19E536F94174C8B9DE1C34297281D471.d.A37878C14643AB19FB3356BC1C9EFC37.e.2518"}]}
RESULT: {"script":"<script> [56 bytes]","args":[{"element-6066-11e4-a52e-4f735466cecf":"f.19E536F94174C8B9DE1C34297281D471.d.A37878C14643AB19FB3356BC1C9EFC37.e.2518","ELEMENT":"f.19E536F94174C8B9DE1C34297281D471.d.A37878C14643AB19FB3356BC1C9EFC37.e.2518"}]}
COMMAND: POST /session/b94376503e01bf473405a525b5bc89ad/element - {"using":"xpath","value":"//table[contains(@id, \"customPartnersTable-listUl\")]/tbody/tr[1]/td[7]/div/span"}
COMMAND: GET /session/b94376503e01bf473405a525b5bc89ad/screenshot - {}
RESULT: {"using":"xpath","value":"//table[contains(@id, \"customPartnersTable-listUl\")]/tbody/tr[1]/td[7]/div/span"}
COMMAND: POST /session/b94376503e01bf473405a525b5bc89ad/execute/sync - {"script":"<script> [56 bytes]","args":[{"element-6066-11e4-a52e-4f735466cecf":"f.19E536F94174C8B9DE1C34297281D471.d.A37878C14643AB19FB3356BC1C9EFC37.e.2519","ELEMENT":"f.19E536F94174C8B9DE1C34297281D471.d.A37878C14643AB19FB3356BC1C9EFC37.e.2519"}]}
RESULT: {}
RESULT: {"script":"<script> [56 bytes]","args":[{"element-6066-11e4-a52e-4f735466cecf":"f.19E536F94174C8B9DE1C34297281D471.d.A37878C14643AB19FB3356BC1C9EFC37.e.2519","ELEMENT":"f.19E536F94174C8B9DE1C34297281D471.d.A37878C14643AB19FB3356BC1C9EFC37.e.2519"}]}
COMMAND: POST /session/b94376503e01bf473405a525b5bc89ad/element - {"using":"xpath","value":"//table[contains(@id, \"customPartnersTable-listUl\")]/tbody/tr[1]/td[2]/div/div"}
COMMAND: GET /session/b94376503e01bf473405a525b5bc89ad/screenshot - {}
RESULT: {"using":"xpath","value":"//table[contains(@id, \"customPartnersTable-listUl\")]/tbody/tr[1]/td[2]/div/div"}
COMMAND: POST /session/b94376503e01bf473405a525b5bc89ad/element/f.19E536F94174C8B9DE1C34297281D471.d.A37878C14643AB19FB3356BC1C9EFC37.e.2520/click - {}
RESULT: {}
RESULT: {}
COMMAND: GET /session/b94376503e01bf473405a525b5bc89ad/screenshot - {}
RESULT: {}
COMMAND: POST /session/b94376503e01bf473405a525b5bc89ad/element - {"using":"xpath","value":"//bdi[contains(text(), \"Activate\")]"}
RESULT: {"using":"xpath","value":"//bdi[contains(text(), \"Activate\")]"}
COMMAND: POST /session/b94376503e01bf473405a525b5bc89ad/element/f.19E536F94174C8B9DE1C34297281D471.d.A37878C14643AB19FB3356BC1C9EFC37.e.2521/click - {}
RESULT: {}
COMMAND: GET /session/b94376503e01bf473405a525b5bc89ad/screenshot - {}
RESULT: {}
COMMAND: POST /session/b94376503e01bf473405a525b5bc89ad/element - {"using":"xpath","value":"//bdi[contains(text(), \"Yes\")]"}
RESULT: {"using":"xpath","value":"//bdi[contains(text(), \"Yes\")]"}
COMMAND: POST /session/b94376503e01bf473405a525b5bc89ad/element/f.19E536F94174C8B9DE1C34297281D471.d.A37878C14643AB19FB3356BC1C9EFC37.e.2523/click - {}
RESULT: {}
COMMAND: GET /session/b94376503e01bf473405a525b5bc89ad/screenshot - {}
RESULT: {}
COMMAND: POST /session/b94376503e01bf473405a525b5bc89ad/element - {"using":"xpath","value":"//table[contains(@id, \"customPartnersTable-listUl\")]/tbody/tr[1]/td[7]/div/span"}
RESULT: {"using":"xpath","value":"//table[contains(@id, \"customPartnersTable-listUl\")]/tbody/tr[1]/td[7]/div/span"}
COMMAND: POST /session/b94376503e01bf473405a525b5bc89ad/execute/sync - {"script":"<script> [56 bytes]","args":[{"element-6066-11e4-a52e-4f735466cecf":"f.19E536F94174C8B9DE1C34297281D471.d.A37878C14643AB19FB3356BC1C9EFC37.e.2519","ELEMENT":"f.19E536F94174C8B9DE1C34297281D471.d.A37878C14643AB19FB3356BC1C9EFC37.e.2519"}]}
RESULT: {"script":"<script> [56 bytes]","args":[{"element-6066-11e4-a52e-4f735466cecf":"f.19E536F94174C8B9DE1C34297281D471.d.A37878C14643AB19FB3356BC1C9EFC37.e.2519","ELEMENT":"f.19E536F94174C8B9DE1C34297281D471.d.A37878C14643AB19FB3356BC1C9EFC37.e.2519"}]}
COMMAND: GET /session/b94376503e01bf473405a525b5bc89ad/screenshot - {}
RESULT: {}
COMMAND: POST /session/b94376503e01bf473405a525b5bc89ad/element - {"using":"css selector","value":"#shell-header-logo"}
RESULT: {"using":"css selector","value":"#shell-header-logo"}
COMMAND: POST /session/b94376503e01bf473405a525b5bc89ad/element/f.19E536F94174C8B9DE1C34297281D471.d.A37878C14643AB19FB3356BC1C9EFC37.e.2337/click - {}
RESULT: {}
COMMAND: GET /session/b94376503e01bf473405a525b5bc89ad/screenshot - {}
RESULT: {}
]]></system-out>
    </testcase>
    <testcase classname="chrome.135_0_7049_96.windows.Partner_specific_tests_US150819_US151080_US151654_US151176_US103444_US151078_US151079_US151109_US151174_US151175_US151189" name="Should edit the created external partner and save it and check its content US103444" time="67.315">
      <system-out><![CDATA[
COMMAND: POST /session/b94376503e01bf473405a525b5bc89ad/element - {"using":"xpath","value":"//li[.//span[text()=\"Manage Partners\"]]"}
RESULT: {"using":"xpath","value":"//li[.//span[text()=\"Manage Partners\"]]"}
COMMAND: POST /session/b94376503e01bf473405a525b5bc89ad/element - {"using":"xpath","value":"//li[.//span[text()=\"Manage Partners\"]]"}
RESULT: {"using":"xpath","value":"//li[.//span[text()=\"Manage Partners\"]]"}
COMMAND: POST /session/b94376503e01bf473405a525b5bc89ad/element - {"using":"css selector","value":"#shell-header-logo"}
RESULT: {"using":"css selector","value":"#shell-header-logo"}
COMMAND: POST /session/b94376503e01bf473405a525b5bc89ad/element/f.19E536F94174C8B9DE1C34297281D471.d.A37878C14643AB19FB3356BC1C9EFC37.e.2527/click - {}
COMMAND: POST /session/b94376503e01bf473405a525b5bc89ad/execute/sync - {"script":"<script> [8489 bytes]","args":[{"element-6066-11e4-a52e-4f735466cecf":"f.19E536F94174C8B9DE1C34297281D471.d.A37878C14643AB19FB3356BC1C9EFC37.e.2527","ELEMENT":"f.19E536F94174C8B9DE1C34297281D471.d.A37878C14643AB19FB3356BC1C9EFC37.e.2527"}]}
RESULT: {}
COMMAND: GET /session/b94376503e01bf473405a525b5bc89ad/screenshot - {}
RESULT: {"script":"<script> [8489 bytes]","args":[{"element-6066-11e4-a52e-4f735466cecf":"f.19E536F94174C8B9DE1C34297281D471.d.A37878C14643AB19FB3356BC1C9EFC37.e.2527","ELEMENT":"f.19E536F94174C8B9DE1C34297281D471.d.A37878C14643AB19FB3356BC1C9EFC37.e.2527"}]}
COMMAND: POST /session/b94376503e01bf473405a525b5bc89ad/execute/sync - {"script":"<script> [5351 bytes]","args":[{"element-6066-11e4-a52e-4f735466cecf":"f.19E536F94174C8B9DE1C34297281D471.d.A37878C14643AB19FB3356BC1C9EFC37.e.2527","ELEMENT":"f.19E536F94174C8B9DE1C34297281D471.d.A37878C14643AB19FB3356BC1C9EFC37.e.2527"}]}
COMMAND: GET /session/b94376503e01bf473405a525b5bc89ad/screenshot - {}
RESULT: {}
RESULT: {"script":"<script> [5351 bytes]","args":[{"element-6066-11e4-a52e-4f735466cecf":"f.19E536F94174C8B9DE1C34297281D471.d.A37878C14643AB19FB3356BC1C9EFC37.e.2527","ELEMENT":"f.19E536F94174C8B9DE1C34297281D471.d.A37878C14643AB19FB3356BC1C9EFC37.e.2527"}]}
COMMAND: GET /session/b94376503e01bf473405a525b5bc89ad/screenshot - {}
RESULT: {}
RESULT: {}
RESULT: undefined
COMMAND: POST /session/b94376503e01bf473405a525b5bc89ad/element - {"using":"xpath","value":"//*[@id=\"__tile38\"]"}
RESULT: {"using":"xpath","value":"//*[@id=\"__tile38\"]"}
COMMAND: POST /session/b94376503e01bf473405a525b5bc89ad/element/f.19E536F94174C8B9DE1C34297281D471.d.A37878C14643AB19FB3356BC1C9EFC37.e.142/click - {}
RESULT: {}
COMMAND: POST /session/b94376503e01bf473405a525b5bc89ad/element - {"using":"xpath","value":"//button[@data-kt=\"addButton\"]"}
COMMAND: GET /session/b94376503e01bf473405a525b5bc89ad/screenshot - {}
RESULT: {}
RESULT: {"using":"xpath","value":"//button[@data-kt=\"addButton\"]"}
COMMAND: POST /session/b94376503e01bf473405a525b5bc89ad/elements - {"using":"xpath","value":"//button[@data-kt=\"addButton\"]"}
RESULT: {"using":"xpath","value":"//button[@data-kt=\"addButton\"]"}
COMMAND: POST /session/b94376503e01bf473405a525b5bc89ad/element - {"using":"xpath","value":"//button[@data-kt=\"addButton\"]"}
RESULT: {"using":"xpath","value":"//button[@data-kt=\"addButton\"]"}
COMMAND: POST /session/b94376503e01bf473405a525b5bc89ad/execute/sync - {"script":"<script> [8489 bytes]","args":[{"element-6066-11e4-a52e-4f735466cecf":"f.19E536F94174C8B9DE1C34297281D471.d.A37878C14643AB19FB3356BC1C9EFC37.e.2562","ELEMENT":"f.19E536F94174C8B9DE1C34297281D471.d.A37878C14643AB19FB3356BC1C9EFC37.e.2562"}]}
RESULT: {"script":"<script> [8489 bytes]","args":[{"element-6066-11e4-a52e-4f735466cecf":"f.19E536F94174C8B9DE1C34297281D471.d.A37878C14643AB19FB3356BC1C9EFC37.e.2562","ELEMENT":"f.19E536F94174C8B9DE1C34297281D471.d.A37878C14643AB19FB3356BC1C9EFC37.e.2562"}]}
COMMAND: GET /session/b94376503e01bf473405a525b5bc89ad/element/f.19E536F94174C8B9DE1C34297281D471.d.A37878C14643AB19FB3356BC1C9EFC37.e.2562/enabled - {}
COMMAND: GET /session/b94376503e01bf473405a525b5bc89ad/screenshot - {}
RESULT: {}
COMMAND: POST /session/b94376503e01bf473405a525b5bc89ad/execute/sync - {"script":"<script> [8489 bytes]","args":[{"element-6066-11e4-a52e-4f735466cecf":"f.19E536F94174C8B9DE1C34297281D471.d.A37878C14643AB19FB3356BC1C9EFC37.e.2562","ELEMENT":"f.19E536F94174C8B9DE1C34297281D471.d.A37878C14643AB19FB3356BC1C9EFC37.e.2562"}]}
COMMAND: GET /session/b94376503e01bf473405a525b5bc89ad/screenshot - {}
RESULT: {}
RESULT: {"script":"<script> [8489 bytes]","args":[{"element-6066-11e4-a52e-4f735466cecf":"f.19E536F94174C8B9DE1C34297281D471.d.A37878C14643AB19FB3356BC1C9EFC37.e.2562","ELEMENT":"f.19E536F94174C8B9DE1C34297281D471.d.A37878C14643AB19FB3356BC1C9EFC37.e.2562"}]}
COMMAND: POST /session/b94376503e01bf473405a525b5bc89ad/execute/sync - {"script":"<script> [5351 bytes]","args":[{"element-6066-11e4-a52e-4f735466cecf":"f.19E536F94174C8B9DE1C34297281D471.d.A37878C14643AB19FB3356BC1C9EFC37.e.2562","ELEMENT":"f.19E536F94174C8B9DE1C34297281D471.d.A37878C14643AB19FB3356BC1C9EFC37.e.2562"}]}
COMMAND: GET /session/b94376503e01bf473405a525b5bc89ad/screenshot - {}
RESULT: {}
RESULT: {"script":"<script> [5351 bytes]","args":[{"element-6066-11e4-a52e-4f735466cecf":"f.19E536F94174C8B9DE1C34297281D471.d.A37878C14643AB19FB3356BC1C9EFC37.e.2562","ELEMENT":"f.19E536F94174C8B9DE1C34297281D471.d.A37878C14643AB19FB3356BC1C9EFC37.e.2562"}]}
COMMAND: GET /session/b94376503e01bf473405a525b5bc89ad/screenshot - {}
RESULT: {}
RESULT: {}
RESULT: undefined
COMMAND: POST /session/b94376503e01bf473405a525b5bc89ad/execute/async - {"script":"<script> [776 bytes]","args":[{"enterText":"1646","selector":{"id":"application-managepartners-display-component---masterPtm--smartFilterBar-btnBasicSearch","interaction":{"idSuffix":"I"}},"clearTextFirst":true,"interactionType":"ENTER_TEXT"}]}
RESULT: {"script":"<script> [776 bytes]","args":[{"enterText":"1646","selector":{"id":"application-managepartners-display-component---masterPtm--smartFilterBar-btnBasicSearch","interaction":{"idSuffix":"I"}},"clearTextFirst":true,"interactionType":"ENTER_TEXT"}]}
COMMAND: POST /session/b94376503e01bf473405a525b5bc89ad/actions - {"actions":[{"id":"action6","type":"key","parameters":{},"actions":[{"type":"keyDown","value":"î€‡"},{"type":"pause","duration":10},{"type":"keyUp","value":"î€‡"}]}]}
RESULT: {"actions":[{"id":"action6","type":"key","parameters":{},"actions":[{"type":"keyDown","value":"î€‡"},{"type":"pause","duration":10},{"type":"keyUp","value":"î€‡"}]}]}
COMMAND: GET /session/b94376503e01bf473405a525b5bc89ad/screenshot - {}
RESULT: {}
COMMAND: POST /session/b94376503e01bf473405a525b5bc89ad/elements - {"using":"xpath","value":"//table[contains(@id, \"customPartnersTable-listUl\")]/tbody/tr"}
RESULT: {"using":"xpath","value":"//table[contains(@id, \"customPartnersTable-listUl\")]/tbody/tr"}
COMMAND: POST /session/b94376503e01bf473405a525b5bc89ad/element - {"using":"xpath","value":"//table[contains(@id, \"customPartnersTable-listUl\")]/tbody/tr[1]/td[3]/span"}
RESULT: {"using":"xpath","value":"//table[contains(@id, \"customPartnersTable-listUl\")]/tbody/tr[1]/td[3]/span"}
COMMAND: POST /session/b94376503e01bf473405a525b5bc89ad/elements - {"using":"xpath","value":"//table[contains(@id, \"customPartnersTable-listUl\")]/tbody/tr[1]/td[3]/span"}
RESULT: {"using":"xpath","value":"//table[contains(@id, \"customPartnersTable-listUl\")]/tbody/tr[1]/td[3]/span"}
COMMAND: POST /session/b94376503e01bf473405a525b5bc89ad/execute/sync - {"script":"<script> [56 bytes]","args":[{"element-6066-11e4-a52e-4f735466cecf":"f.19E536F94174C8B9DE1C34297281D471.d.A37878C14643AB19FB3356BC1C9EFC37.e.2706","ELEMENT":"f.19E536F94174C8B9DE1C34297281D471.d.A37878C14643AB19FB3356BC1C9EFC37.e.2706"}]}
RESULT: {"script":"<script> [56 bytes]","args":[{"element-6066-11e4-a52e-4f735466cecf":"f.19E536F94174C8B9DE1C34297281D471.d.A37878C14643AB19FB3356BC1C9EFC37.e.2706","ELEMENT":"f.19E536F94174C8B9DE1C34297281D471.d.A37878C14643AB19FB3356BC1C9EFC37.e.2706"}]}
COMMAND: POST /session/b94376503e01bf473405a525b5bc89ad/element - {"using":"xpath","value":"(//span[contains(@id, \"imgNav\")])[1]"}
COMMAND: GET /session/b94376503e01bf473405a525b5bc89ad/screenshot - {}
RESULT: {"using":"xpath","value":"(//span[contains(@id, \"imgNav\")])[1]"}
COMMAND: POST /session/b94376503e01bf473405a525b5bc89ad/element/f.19E536F94174C8B9DE1C34297281D471.d.A37878C14643AB19FB3356BC1C9EFC37.e.2704/click - {}
RESULT: {}
RESULT: {}
COMMAND: GET /session/b94376503e01bf473405a525b5bc89ad/screenshot - {}
COMMAND: POST /session/b94376503e01bf473405a525b5bc89ad/element - {"using":"xpath","value":"//bdi[contains(text(), \"Edit\")]"}
RESULT: {}
RESULT: {"using":"xpath","value":"//bdi[contains(text(), \"Edit\")]"}
COMMAND: POST /session/b94376503e01bf473405a525b5bc89ad/element/f.19E536F94174C8B9DE1C34297281D471.d.A37878C14643AB19FB3356BC1C9EFC37.e.2847/click - {}
RESULT: {}
COMMAND: GET /session/b94376503e01bf473405a525b5bc89ad/screenshot - {}
RESULT: {}
COMMAND: POST /session/b94376503e01bf473405a525b5bc89ad/execute/async - {"script":"<script> [1562 bytes]","args":[{"selector":{"controlType":"sap.m.Input","viewName":"etm.portal.ui.managepartners.view.EditDetail","labelFor":{"text":"Name"},"interaction":{"idSuffix":"inner"}},"wdio_ui5_key":"etmportal.ui.managepartners.view.EditDetailsap.m.Input{\"text\":\"Name\"}"}]}
RESULT: {"script":"<script> [1562 bytes]","args":[{"selector":{"controlType":"sap.m.Input","viewName":"etm.portal.ui.managepartners.view.EditDetail","labelFor":{"text":"Name"},"interaction":{"idSuffix":"inner"}},"wdio_ui5_key":"etmportal.ui.managepartners.view.EditDetailsap.m.Input{\"text\":\"Name\"}"}]}
RESULT: undefined
COMMAND: POST /session/b94376503e01bf473405a525b5bc89ad/execute/async - {"script":"<script> [776 bytes]","args":[{"enterText":"External EDIT","selector":{"controlType":"sap.m.Input","viewName":"etm.portal.ui.managepartners.view.EditDetail","labelFor":{"text":"Name"},"interaction":{"idSuffix":"inner"}},"clearTextFirst":true,"interactionType":"ENTER_TEXT"}]}
RESULT: {"script":"<script> [776 bytes]","args":[{"enterText":"External EDIT","selector":{"controlType":"sap.m.Input","viewName":"etm.portal.ui.managepartners.view.EditDetail","labelFor":{"text":"Name"},"interaction":{"idSuffix":"inner"}},"clearTextFirst":true,"interactionType":"ENTER_TEXT"}]}
COMMAND: POST /session/b94376503e01bf473405a525b5bc89ad/element - {"using":"xpath","value":"(//span[contains(@id,\"addressDetailDetailsLanguage-arrow\")])[1]"}
RESULT: {"using":"xpath","value":"(//span[contains(@id,\"addressDetailDetailsLanguage-arrow\")])[1]"}
COMMAND: POST /session/b94376503e01bf473405a525b5bc89ad/element/f.19E536F94174C8B9DE1C34297281D471.d.A37878C14643AB19FB3356BC1C9EFC37.e.2926/click - {}
RESULT: {}
COMMAND: POST /session/b94376503e01bf473405a525b5bc89ad/element - {"using":"xpath","value":"//span[contains(text(), \"Chinese\")]"}
COMMAND: GET /session/b94376503e01bf473405a525b5bc89ad/screenshot - {}
RESULT: {"using":"xpath","value":"//span[contains(text(), \"Chinese\")]"}
COMMAND: POST /session/b94376503e01bf473405a525b5bc89ad/element/f.19E536F94174C8B9DE1C34297281D471.d.A37878C14643AB19FB3356BC1C9EFC37.e.2927/click - {}
RESULT: {}
RESULT: {}
COMMAND: GET /session/b94376503e01bf473405a525b5bc89ad/screenshot - {}
RESULT: {}
COMMAND: POST /session/b94376503e01bf473405a525b5bc89ad/execute/async - {"script":"<script> [1562 bytes]","args":[{"selector":{"controlType":"sap.m.Input","viewName":"etm.portal.ui.managepartners.view.EditDetail","labelFor":{"text":"City"},"interaction":{"idSuffix":"inner"}},"wdio_ui5_key":"etmportal.ui.managepartners.view.EditDetailsap.m.Input{\"text\":\"City\"}"}]}
RESULT: {"script":"<script> [1562 bytes]","args":[{"selector":{"controlType":"sap.m.Input","viewName":"etm.portal.ui.managepartners.view.EditDetail","labelFor":{"text":"City"},"interaction":{"idSuffix":"inner"}},"wdio_ui5_key":"etmportal.ui.managepartners.view.EditDetailsap.m.Input{\"text\":\"City\"}"}]}
RESULT: undefined
COMMAND: POST /session/b94376503e01bf473405a525b5bc89ad/execute/async - {"script":"<script> [776 bytes]","args":[{"enterText":"Clooj-Napoca","selector":{"controlType":"sap.m.Input","viewName":"etm.portal.ui.managepartners.view.EditDetail","labelFor":{"text":"City"},"interaction":{"idSuffix":"inner"}},"clearTextFirst":true,"interactionType":"ENTER_TEXT"}]}
RESULT: {"script":"<script> [776 bytes]","args":[{"enterText":"Clooj-Napoca","selector":{"controlType":"sap.m.Input","viewName":"etm.portal.ui.managepartners.view.EditDetail","labelFor":{"text":"City"},"interaction":{"idSuffix":"inner"}},"clearTextFirst":true,"interactionType":"ENTER_TEXT"}]}
COMMAND: POST /session/b94376503e01bf473405a525b5bc89ad/element - {"using":"xpath","value":"//button[@data-kt=\"saveButton\"]"}
RESULT: {"using":"xpath","value":"//button[@data-kt=\"saveButton\"]"}
COMMAND: POST /session/b94376503e01bf473405a525b5bc89ad/element/f.19E536F94174C8B9DE1C34297281D471.d.A37878C14643AB19FB3356BC1C9EFC37.e.2909/click - {}
RESULT: {}
COMMAND: GET /session/b94376503e01bf473405a525b5bc89ad/screenshot - {}
RESULT: {}
COMMAND: POST /session/b94376503e01bf473405a525b5bc89ad/execute/async - {"script":"<script> [1562 bytes]","args":[{"selector":{"id":"application-managepartners-display-component---detailPtm--addressDetailDetailsName1"},"wdio_ui5_key":"applicationmanagepartners-display-component---detailPtm--addressDetailDetailsName1"}]}
RESULT: {"script":"<script> [1562 bytes]","args":[{"selector":{"id":"application-managepartners-display-component---detailPtm--addressDetailDetailsName1"},"wdio_ui5_key":"applicationmanagepartners-display-component---detailPtm--addressDetailDetailsName1"}]}
RESULT: undefined
COMMAND: POST /session/b94376503e01bf473405a525b5bc89ad/execute/async - {"script":"<script> [6424 bytes]","args":[{"element-6066-11e4-a52e-4f735466cecf":"f.19E536F94174C8B9DE1C34297281D471.d.A37878C14643AB19FB3356BC1C9EFC37.e.2958"},"getValue",[]]}
RESULT: {"script":"<script> [6424 bytes]","args":[{"element-6066-11e4-a52e-4f735466cecf":"f.19E536F94174C8B9DE1C34297281D471.d.A37878C14643AB19FB3356BC1C9EFC37.e.2958"},"getValue",[]]}
COMMAND: POST /session/b94376503e01bf473405a525b5bc89ad/element - {"using":"xpath","value":"//input[@id = \"application-managepartners-display-component---detailPtm--addressDetailDetailsLanguage-inner\"]"}
RESULT: {"using":"xpath","value":"//input[@id = \"application-managepartners-display-component---detailPtm--addressDetailDetailsLanguage-inner\"]"}
COMMAND: GET /session/b94376503e01bf473405a525b5bc89ad/element/f.19E536F94174C8B9DE1C34297281D471.d.A37878C14643AB19FB3356BC1C9EFC37.e.2959/property/value - {}
RESULT: {}
COMMAND: POST /session/b94376503e01bf473405a525b5bc89ad/execute/async - {"script":"<script> [1562 bytes]","args":[{"selector":{"id":"application-managepartners-display-component---detailPtm--addressDetailDetailsCity1"},"wdio_ui5_key":"applicationmanagepartners-display-component---detailPtm--addressDetailDetailsCity1"}]}
COMMAND: GET /session/b94376503e01bf473405a525b5bc89ad/screenshot - {}
RESULT: {"script":"<script> [1562 bytes]","args":[{"selector":{"id":"application-managepartners-display-component---detailPtm--addressDetailDetailsCity1"},"wdio_ui5_key":"applicationmanagepartners-display-component---detailPtm--addressDetailDetailsCity1"}]}
RESULT: undefined
COMMAND: POST /session/b94376503e01bf473405a525b5bc89ad/execute/async - {"script":"<script> [6424 bytes]","args":[{"element-6066-11e4-a52e-4f735466cecf":"f.19E536F94174C8B9DE1C34297281D471.d.A37878C14643AB19FB3356BC1C9EFC37.e.2960"},"getValue",[]]}
RESULT: {}
RESULT: {"script":"<script> [6424 bytes]","args":[{"element-6066-11e4-a52e-4f735466cecf":"f.19E536F94174C8B9DE1C34297281D471.d.A37878C14643AB19FB3356BC1C9EFC37.e.2960"},"getValue",[]]}
COMMAND: POST /session/b94376503e01bf473405a525b5bc89ad/element - {"using":"css selector","value":"#shell-header-logo"}
RESULT: {"using":"css selector","value":"#shell-header-logo"}
COMMAND: POST /session/b94376503e01bf473405a525b5bc89ad/element/f.19E536F94174C8B9DE1C34297281D471.d.A37878C14643AB19FB3356BC1C9EFC37.e.2527/click - {}
RESULT: {}
COMMAND: GET /session/b94376503e01bf473405a525b5bc89ad/screenshot - {}
RESULT: {}
]]></system-out>
    </testcase>
    <testcase classname="chrome.135_0_7049_96.windows.Partner_specific_tests_US150819_US151080_US151654_US151176_US103444_US151078_US151079_US151109_US151174_US151175_US151189" name="Should create a new intercompany partner edit some of its fields US151078" time="248.221">
      <system-out><![CDATA[
COMMAND: POST /session/b94376503e01bf473405a525b5bc89ad/element - {"using":"xpath","value":"//li[.//span[text()=\"Manage Partners\"]]"}
RESULT: {"using":"xpath","value":"//li[.//span[text()=\"Manage Partners\"]]"}
COMMAND: POST /session/b94376503e01bf473405a525b5bc89ad/element - {"using":"xpath","value":"//li[.//span[text()=\"Manage Partners\"]]"}
RESULT: {"using":"xpath","value":"//li[.//span[text()=\"Manage Partners\"]]"}
COMMAND: POST /session/b94376503e01bf473405a525b5bc89ad/element - {"using":"css selector","value":"#shell-header-logo"}
RESULT: {"using":"css selector","value":"#shell-header-logo"}
COMMAND: POST /session/b94376503e01bf473405a525b5bc89ad/element/f.19E536F94174C8B9DE1C34297281D471.d.A37878C14643AB19FB3356BC1C9EFC37.e.2990/click - {}
COMMAND: POST /session/b94376503e01bf473405a525b5bc89ad/execute/sync - {"script":"<script> [8489 bytes]","args":[{"element-6066-11e4-a52e-4f735466cecf":"f.19E536F94174C8B9DE1C34297281D471.d.A37878C14643AB19FB3356BC1C9EFC37.e.2990","ELEMENT":"f.19E536F94174C8B9DE1C34297281D471.d.A37878C14643AB19FB3356BC1C9EFC37.e.2990"}]}
RESULT: {}
COMMAND: GET /session/b94376503e01bf473405a525b5bc89ad/screenshot - {}
RESULT: {"script":"<script> [8489 bytes]","args":[{"element-6066-11e4-a52e-4f735466cecf":"f.19E536F94174C8B9DE1C34297281D471.d.A37878C14643AB19FB3356BC1C9EFC37.e.2990","ELEMENT":"f.19E536F94174C8B9DE1C34297281D471.d.A37878C14643AB19FB3356BC1C9EFC37.e.2990"}]}
COMMAND: POST /session/b94376503e01bf473405a525b5bc89ad/execute/sync - {"script":"<script> [5351 bytes]","args":[{"element-6066-11e4-a52e-4f735466cecf":"f.19E536F94174C8B9DE1C34297281D471.d.A37878C14643AB19FB3356BC1C9EFC37.e.2990","ELEMENT":"f.19E536F94174C8B9DE1C34297281D471.d.A37878C14643AB19FB3356BC1C9EFC37.e.2990"}]}
COMMAND: GET /session/b94376503e01bf473405a525b5bc89ad/screenshot - {}
RESULT: {}
RESULT: {"script":"<script> [5351 bytes]","args":[{"element-6066-11e4-a52e-4f735466cecf":"f.19E536F94174C8B9DE1C34297281D471.d.A37878C14643AB19FB3356BC1C9EFC37.e.2990","ELEMENT":"f.19E536F94174C8B9DE1C34297281D471.d.A37878C14643AB19FB3356BC1C9EFC37.e.2990"}]}
COMMAND: GET /session/b94376503e01bf473405a525b5bc89ad/screenshot - {}
RESULT: {}
RESULT: {}
COMMAND: POST /session/b94376503e01bf473405a525b5bc89ad/refresh - {}
RESULT: {}
COMMAND: GET /session/b94376503e01bf473405a525b5bc89ad/screenshot - {}
RESULT: {}
COMMAND: POST /session/b94376503e01bf473405a525b5bc89ad/refresh - {}
RESULT: {}
COMMAND: GET /session/b94376503e01bf473405a525b5bc89ad/screenshot - {}
RESULT: {}
COMMAND: POST /session/b94376503e01bf473405a525b5bc89ad/window/fullscreen - {}
RESULT: {}
COMMAND: POST /session/b94376503e01bf473405a525b5bc89ad/execute/async - {"script":"<script> [189 bytes]","args":[]}
RESULT: {"script":"<script> [189 bytes]","args":[]}
COMMAND: POST /session/b94376503e01bf473405a525b5bc89ad/execute/async - {"script":"<script> [123 bytes]","args":[]}
RESULT: {"script":"<script> [123 bytes]","args":[]}
COMMAND: POST /session/b94376503e01bf473405a525b5bc89ad/timeouts - {"script":"<number>"}
RESULT: {"script":"<number>"}
COMMAND: GET /session/b94376503e01bf473405a525b5bc89ad/timeouts - {}
RESULT: {}
RESULT: undefined
COMMAND: POST /session/b94376503e01bf473405a525b5bc89ad/execute/async - {"script":"<script> [2676 bytes]","args":[]}
RESULT: {"script":"<script> [2676 bytes]","args":[]}
COMMAND: POST /session/b94376503e01bf473405a525b5bc89ad/execute/async - {"script":"<script> [2342 bytes]","args":[{"protocol":"http","hostname":"0.0.0.0","path":"/","capabilities":{"browserName":"chrome","goog:chromeOptions":{"binary":"C:\\Program Files\\Google\\Chrome\\Application\\chrome.exe","args":["--start-maximized"]}},"logLevel":"warn","connectionRetryTimeout":120000,"connectionRetryCount":3,"logLevels":{},"enableDirectConnect":true,"strictSSL":true,"_":"65 more keys: [\"cacheDir\",\"port\",\"requestedCapabilities\",\"automationProtocol\",\"baseUrl\",\"waitforInterval\",\"waitforTimeout\",\"onReload\",\"beforeCommand\",\"afterCommand\",\"rootDir\",\"specs\",\"suites\",\"exclude\",\"groupLogsByTestSpec\",\"excludeDriverLogs\",\"bail\",\"framework\",\"reporters\",\"services\",\"maxInstances\",\"maxInstancesPerCapability\",\"injectGlobals\",\"filesToWatch\",\"execArgv\",\"runnerEnv\",\"runner\",\"shard\",\"specFileRetries\",\"specFileRetriesDelay\",\"specFileRetriesDeferred\",\"reporterSyncInterval\",\"reporterSyncTimeout\",\"cucumberFeaturesWithLineNumbers\",\"autoCompileOpts\",\"mochaOpts\",\"jasmineOpts\",\"cucumberOpts\",\"onPrepare\",\"onWorkerStart\",\"onWorkerEnd\",\"before\",\"beforeSession\",\"beforeSuite\",\"beforeHook\",\"beforeTest\",\"afterTest\",\"afterHook\",\"afterSuite\",\"afterSession\",\"after\",\"onComplete\",\"beforeAssertion\",\"afterAssertion\",\"beforeFeature\",\"beforeScenario\",\"beforeStep\",\"afterStep\",\"afterScenario\",\"afterFeature\",\"_\",\"suite\",\"$0\",\"ignoredWorkerServices\",\"wdi5\"]"}]}
RESULT: {"script":"<script> [2342 bytes]","args":[{"protocol":"http","hostname":"0.0.0.0","path":"/","capabilities":{"browserName":"chrome","goog:chromeOptions":{"binary":"C:\\Program Files\\Google\\Chrome\\Application\\chrome.exe","args":["--start-maximized"]}},"logLevel":"warn","connectionRetryTimeout":120000,"connectionRetryCount":3,"logLevels":{},"enableDirectConnect":true,"strictSSL":true,"_":"65 more keys: [\"cacheDir\",\"port\",\"requestedCapabilities\",\"automationProtocol\",\"baseUrl\",\"waitforInterval\",\"waitforTimeout\",\"onReload\",\"beforeCommand\",\"afterCommand\",\"rootDir\",\"specs\",\"suites\",\"exclude\",\"groupLogsByTestSpec\",\"excludeDriverLogs\",\"bail\",\"framework\",\"reporters\",\"services\",\"maxInstances\",\"maxInstancesPerCapability\",\"injectGlobals\",\"filesToWatch\",\"execArgv\",\"runnerEnv\",\"runner\",\"shard\",\"specFileRetries\",\"specFileRetriesDelay\",\"specFileRetriesDeferred\",\"reporterSyncInterval\",\"reporterSyncTimeout\",\"cucumberFeaturesWithLineNumbers\",\"autoCompileOpts\",\"mochaOpts\",\"jasmineOpts\",\"cucumberOpts\",\"onPrepare\",\"onWorkerStart\",\"onWorkerEnd\",\"before\",\"beforeSession\",\"beforeSuite\",\"beforeHook\",\"beforeTest\",\"afterTest\",\"afterHook\",\"afterSuite\",\"afterSession\",\"after\",\"onComplete\",\"beforeAssertion\",\"afterAssertion\",\"beforeFeature\",\"beforeScenario\",\"beforeStep\",\"afterStep\",\"afterScenario\",\"afterFeature\",\"_\",\"suite\",\"$0\",\"ignoredWorkerServices\",\"wdi5\"]"}]}
COMMAND: POST /session/b94376503e01bf473405a525b5bc89ad/execute/async - {"script":"<script> [21126 bytes]","args":[35000]}
RESULT: {"script":"<script> [21126 bytes]","args":[35000]}
COMMAND: POST /session/b94376503e01bf473405a525b5bc89ad/window/fullscreen - {}
RESULT: {}
COMMAND: POST /session/b94376503e01bf473405a525b5bc89ad/window/fullscreen - {}
RESULT: {}
COMMAND: POST /session/b94376503e01bf473405a525b5bc89ad/execute/async - {"script":"<script> [1562 bytes]","args":[{"selector":{"controlType":"sap.m.GenericTile","properties":{"header":"Manage Partners"}},"wdio_ui5_key":"sapm.GenericTile{\"header\":\"Manage Partners\"}"}]}
RESULT: {"script":"<script> [1562 bytes]","args":[{"selector":{"controlType":"sap.m.GenericTile","properties":{"header":"Manage Partners"}},"wdio_ui5_key":"sapm.GenericTile{\"header\":\"Manage Partners\"}"}]}
RESULT: undefined
COMMAND: POST /session/b94376503e01bf473405a525b5bc89ad/element - {"using":"xpath","value":"//*[@id=\"__tile30\"]"}
RESULT: {"using":"xpath","value":"//*[@id=\"__tile30\"]"}
COMMAND: POST /session/b94376503e01bf473405a525b5bc89ad/element/f.19E536F94174C8B9DE1C34297281D471.d.A9C477E45607171CC2BABE6C9F577294.e.3114/click - {}
RESULT: {}
COMMAND: POST /session/b94376503e01bf473405a525b5bc89ad/element - {"using":"xpath","value":"//button[@data-kt=\"addButton\"]"}
COMMAND: GET /session/b94376503e01bf473405a525b5bc89ad/screenshot - {}
RESULT: {"using":"xpath","value":"//button[@data-kt=\"addButton\"]"}
COMMAND: POST /session/b94376503e01bf473405a525b5bc89ad/elements - {"using":"xpath","value":"//button[@data-kt=\"addButton\"]"}
RESULT: {}
RESULT: {"using":"xpath","value":"//button[@data-kt=\"addButton\"]"}
COMMAND: POST /session/b94376503e01bf473405a525b5bc89ad/elements - {"using":"xpath","value":"//button[@data-kt=\"addButton\"]"}
RESULT: {"using":"xpath","value":"//button[@data-kt=\"addButton\"]"}
COMMAND: POST /session/b94376503e01bf473405a525b5bc89ad/elements - {"using":"xpath","value":"//button[@data-kt=\"addButton\"]"}
RESULT: {"using":"xpath","value":"//button[@data-kt=\"addButton\"]"}
COMMAND: POST /session/b94376503e01bf473405a525b5bc89ad/elements - {"using":"xpath","value":"//button[@data-kt=\"addButton\"]"}
RESULT: {"using":"xpath","value":"//button[@data-kt=\"addButton\"]"}
COMMAND: POST /session/b94376503e01bf473405a525b5bc89ad/elements - {"using":"xpath","value":"//button[@data-kt=\"addButton\"]"}
RESULT: {"using":"xpath","value":"//button[@data-kt=\"addButton\"]"}
COMMAND: POST /session/b94376503e01bf473405a525b5bc89ad/elements - {"using":"xpath","value":"//button[@data-kt=\"addButton\"]"}
RESULT: {"using":"xpath","value":"//button[@data-kt=\"addButton\"]"}
COMMAND: POST /session/b94376503e01bf473405a525b5bc89ad/elements - {"using":"xpath","value":"//button[@data-kt=\"addButton\"]"}
RESULT: {"using":"xpath","value":"//button[@data-kt=\"addButton\"]"}
COMMAND: POST /session/b94376503e01bf473405a525b5bc89ad/elements - {"using":"xpath","value":"//button[@data-kt=\"addButton\"]"}
RESULT: {"using":"xpath","value":"//button[@data-kt=\"addButton\"]"}
COMMAND: POST /session/b94376503e01bf473405a525b5bc89ad/elements - {"using":"xpath","value":"//button[@data-kt=\"addButton\"]"}
RESULT: {"using":"xpath","value":"//button[@data-kt=\"addButton\"]"}
COMMAND: POST /session/b94376503e01bf473405a525b5bc89ad/elements - {"using":"xpath","value":"//button[@data-kt=\"addButton\"]"}
RESULT: {"using":"xpath","value":"//button[@data-kt=\"addButton\"]"}
COMMAND: POST /session/b94376503e01bf473405a525b5bc89ad/elements - {"using":"xpath","value":"//button[@data-kt=\"addButton\"]"}
RESULT: {"using":"xpath","value":"//button[@data-kt=\"addButton\"]"}
COMMAND: POST /session/b94376503e01bf473405a525b5bc89ad/elements - {"using":"xpath","value":"//button[@data-kt=\"addButton\"]"}
RESULT: {"using":"xpath","value":"//button[@data-kt=\"addButton\"]"}
COMMAND: POST /session/b94376503e01bf473405a525b5bc89ad/elements - {"using":"xpath","value":"//button[@data-kt=\"addButton\"]"}
RESULT: {"using":"xpath","value":"//button[@data-kt=\"addButton\"]"}
COMMAND: POST /session/b94376503e01bf473405a525b5bc89ad/elements - {"using":"xpath","value":"//button[@data-kt=\"addButton\"]"}
RESULT: {"using":"xpath","value":"//button[@data-kt=\"addButton\"]"}
COMMAND: POST /session/b94376503e01bf473405a525b5bc89ad/elements - {"using":"xpath","value":"//button[@data-kt=\"addButton\"]"}
RESULT: {"using":"xpath","value":"//button[@data-kt=\"addButton\"]"}
COMMAND: POST /session/b94376503e01bf473405a525b5bc89ad/elements - {"using":"xpath","value":"//button[@data-kt=\"addButton\"]"}
RESULT: {"using":"xpath","value":"//button[@data-kt=\"addButton\"]"}
COMMAND: POST /session/b94376503e01bf473405a525b5bc89ad/elements - {"using":"xpath","value":"//button[@data-kt=\"addButton\"]"}
RESULT: {"using":"xpath","value":"//button[@data-kt=\"addButton\"]"}
COMMAND: POST /session/b94376503e01bf473405a525b5bc89ad/elements - {"using":"xpath","value":"//button[@data-kt=\"addButton\"]"}
RESULT: {"using":"xpath","value":"//button[@data-kt=\"addButton\"]"}
COMMAND: POST /session/b94376503e01bf473405a525b5bc89ad/elements - {"using":"xpath","value":"//button[@data-kt=\"addButton\"]"}
RESULT: {"using":"xpath","value":"//button[@data-kt=\"addButton\"]"}
COMMAND: POST /session/b94376503e01bf473405a525b5bc89ad/elements - {"using":"xpath","value":"//button[@data-kt=\"addButton\"]"}
RESULT: {"using":"xpath","value":"//button[@data-kt=\"addButton\"]"}
COMMAND: POST /session/b94376503e01bf473405a525b5bc89ad/elements - {"using":"xpath","value":"//button[@data-kt=\"addButton\"]"}
RESULT: {"using":"xpath","value":"//button[@data-kt=\"addButton\"]"}
COMMAND: POST /session/b94376503e01bf473405a525b5bc89ad/elements - {"using":"xpath","value":"//button[@data-kt=\"addButton\"]"}
RESULT: {"using":"xpath","value":"//button[@data-kt=\"addButton\"]"}
COMMAND: POST /session/b94376503e01bf473405a525b5bc89ad/elements - {"using":"xpath","value":"//button[@data-kt=\"addButton\"]"}
RESULT: {"using":"xpath","value":"//button[@data-kt=\"addButton\"]"}
COMMAND: POST /session/b94376503e01bf473405a525b5bc89ad/elements - {"using":"xpath","value":"//button[@data-kt=\"addButton\"]"}
RESULT: {"using":"xpath","value":"//button[@data-kt=\"addButton\"]"}
COMMAND: POST /session/b94376503e01bf473405a525b5bc89ad/elements - {"using":"xpath","value":"//button[@data-kt=\"addButton\"]"}
RESULT: {"using":"xpath","value":"//button[@data-kt=\"addButton\"]"}
COMMAND: POST /session/b94376503e01bf473405a525b5bc89ad/elements - {"using":"xpath","value":"//button[@data-kt=\"addButton\"]"}
RESULT: {"using":"xpath","value":"//button[@data-kt=\"addButton\"]"}
COMMAND: POST /session/b94376503e01bf473405a525b5bc89ad/elements - {"using":"xpath","value":"//button[@data-kt=\"addButton\"]"}
RESULT: {"using":"xpath","value":"//button[@data-kt=\"addButton\"]"}
COMMAND: POST /session/b94376503e01bf473405a525b5bc89ad/elements - {"using":"xpath","value":"//button[@data-kt=\"addButton\"]"}
RESULT: {"using":"xpath","value":"//button[@data-kt=\"addButton\"]"}
COMMAND: POST /session/b94376503e01bf473405a525b5bc89ad/elements - {"using":"xpath","value":"//button[@data-kt=\"addButton\"]"}
RESULT: {"using":"xpath","value":"//button[@data-kt=\"addButton\"]"}
COMMAND: POST /session/b94376503e01bf473405a525b5bc89ad/elements - {"using":"xpath","value":"//button[@data-kt=\"addButton\"]"}
RESULT: {"using":"xpath","value":"//button[@data-kt=\"addButton\"]"}
COMMAND: POST /session/b94376503e01bf473405a525b5bc89ad/elements - {"using":"xpath","value":"//button[@data-kt=\"addButton\"]"}
RESULT: {"using":"xpath","value":"//button[@data-kt=\"addButton\"]"}
COMMAND: POST /session/b94376503e01bf473405a525b5bc89ad/elements - {"using":"xpath","value":"//button[@data-kt=\"addButton\"]"}
RESULT: {"using":"xpath","value":"//button[@data-kt=\"addButton\"]"}
COMMAND: POST /session/b94376503e01bf473405a525b5bc89ad/elements - {"using":"xpath","value":"//button[@data-kt=\"addButton\"]"}
RESULT: {"using":"xpath","value":"//button[@data-kt=\"addButton\"]"}
COMMAND: POST /session/b94376503e01bf473405a525b5bc89ad/elements - {"using":"xpath","value":"//button[@data-kt=\"addButton\"]"}
RESULT: {"using":"xpath","value":"//button[@data-kt=\"addButton\"]"}
COMMAND: POST /session/b94376503e01bf473405a525b5bc89ad/elements - {"using":"xpath","value":"//button[@data-kt=\"addButton\"]"}
RESULT: {"using":"xpath","value":"//button[@data-kt=\"addButton\"]"}
COMMAND: POST /session/b94376503e01bf473405a525b5bc89ad/elements - {"using":"xpath","value":"//button[@data-kt=\"addButton\"]"}
RESULT: {"using":"xpath","value":"//button[@data-kt=\"addButton\"]"}
COMMAND: POST /session/b94376503e01bf473405a525b5bc89ad/elements - {"using":"xpath","value":"//button[@data-kt=\"addButton\"]"}
RESULT: {"using":"xpath","value":"//button[@data-kt=\"addButton\"]"}
COMMAND: POST /session/b94376503e01bf473405a525b5bc89ad/elements - {"using":"xpath","value":"//button[@data-kt=\"addButton\"]"}
RESULT: {"using":"xpath","value":"//button[@data-kt=\"addButton\"]"}
COMMAND: POST /session/b94376503e01bf473405a525b5bc89ad/elements - {"using":"xpath","value":"//button[@data-kt=\"addButton\"]"}
RESULT: {"using":"xpath","value":"//button[@data-kt=\"addButton\"]"}
COMMAND: POST /session/b94376503e01bf473405a525b5bc89ad/elements - {"using":"xpath","value":"//button[@data-kt=\"addButton\"]"}
RESULT: {"using":"xpath","value":"//button[@data-kt=\"addButton\"]"}
COMMAND: POST /session/b94376503e01bf473405a525b5bc89ad/elements - {"using":"xpath","value":"//button[@data-kt=\"addButton\"]"}
RESULT: {"using":"xpath","value":"//button[@data-kt=\"addButton\"]"}
COMMAND: POST /session/b94376503e01bf473405a525b5bc89ad/elements - {"using":"xpath","value":"//button[@data-kt=\"addButton\"]"}
RESULT: {"using":"xpath","value":"//button[@data-kt=\"addButton\"]"}
COMMAND: POST /session/b94376503e01bf473405a525b5bc89ad/elements - {"using":"xpath","value":"//button[@data-kt=\"addButton\"]"}
RESULT: {"using":"xpath","value":"//button[@data-kt=\"addButton\"]"}
COMMAND: POST /session/b94376503e01bf473405a525b5bc89ad/elements - {"using":"xpath","value":"//button[@data-kt=\"addButton\"]"}
RESULT: {"using":"xpath","value":"//button[@data-kt=\"addButton\"]"}
COMMAND: POST /session/b94376503e01bf473405a525b5bc89ad/elements - {"using":"xpath","value":"//button[@data-kt=\"addButton\"]"}
RESULT: {"using":"xpath","value":"//button[@data-kt=\"addButton\"]"}
COMMAND: POST /session/b94376503e01bf473405a525b5bc89ad/elements - {"using":"xpath","value":"//button[@data-kt=\"addButton\"]"}
RESULT: {"using":"xpath","value":"//button[@data-kt=\"addButton\"]"}
COMMAND: POST /session/b94376503e01bf473405a525b5bc89ad/element - {"using":"xpath","value":"//button[@data-kt=\"addButton\"]"}
RESULT: {"using":"xpath","value":"//button[@data-kt=\"addButton\"]"}
COMMAND: POST /session/b94376503e01bf473405a525b5bc89ad/execute/sync - {"script":"<script> [8489 bytes]","args":[{"element-6066-11e4-a52e-4f735466cecf":"f.19E536F94174C8B9DE1C34297281D471.d.A9C477E45607171CC2BABE6C9F577294.e.3230","ELEMENT":"f.19E536F94174C8B9DE1C34297281D471.d.A9C477E45607171CC2BABE6C9F577294.e.3230"}]}
RESULT: {"script":"<script> [8489 bytes]","args":[{"element-6066-11e4-a52e-4f735466cecf":"f.19E536F94174C8B9DE1C34297281D471.d.A9C477E45607171CC2BABE6C9F577294.e.3230","ELEMENT":"f.19E536F94174C8B9DE1C34297281D471.d.A9C477E45607171CC2BABE6C9F577294.e.3230"}]}
COMMAND: GET /session/b94376503e01bf473405a525b5bc89ad/element/f.19E536F94174C8B9DE1C34297281D471.d.A9C477E45607171CC2BABE6C9F577294.e.3230/enabled - {}
COMMAND: GET /session/b94376503e01bf473405a525b5bc89ad/screenshot - {}
RESULT: {}
COMMAND: POST /session/b94376503e01bf473405a525b5bc89ad/execute/sync - {"script":"<script> [8489 bytes]","args":[{"element-6066-11e4-a52e-4f735466cecf":"f.19E536F94174C8B9DE1C34297281D471.d.A9C477E45607171CC2BABE6C9F577294.e.3230","ELEMENT":"f.19E536F94174C8B9DE1C34297281D471.d.A9C477E45607171CC2BABE6C9F577294.e.3230"}]}
COMMAND: GET /session/b94376503e01bf473405a525b5bc89ad/screenshot - {}
RESULT: {}
RESULT: {"script":"<script> [8489 bytes]","args":[{"element-6066-11e4-a52e-4f735466cecf":"f.19E536F94174C8B9DE1C34297281D471.d.A9C477E45607171CC2BABE6C9F577294.e.3230","ELEMENT":"f.19E536F94174C8B9DE1C34297281D471.d.A9C477E45607171CC2BABE6C9F577294.e.3230"}]}
COMMAND: POST /session/b94376503e01bf473405a525b5bc89ad/execute/sync - {"script":"<script> [5351 bytes]","args":[{"element-6066-11e4-a52e-4f735466cecf":"f.19E536F94174C8B9DE1C34297281D471.d.A9C477E45607171CC2BABE6C9F577294.e.3230","ELEMENT":"f.19E536F94174C8B9DE1C34297281D471.d.A9C477E45607171CC2BABE6C9F577294.e.3230"}]}
COMMAND: GET /session/b94376503e01bf473405a525b5bc89ad/screenshot - {}
RESULT: {}
RESULT: {"script":"<script> [5351 bytes]","args":[{"element-6066-11e4-a52e-4f735466cecf":"f.19E536F94174C8B9DE1C34297281D471.d.A9C477E45607171CC2BABE6C9F577294.e.3230","ELEMENT":"f.19E536F94174C8B9DE1C34297281D471.d.A9C477E45607171CC2BABE6C9F577294.e.3230"}]}
COMMAND: POST /session/b94376503e01bf473405a525b5bc89ad/element/f.19E536F94174C8B9DE1C34297281D471.d.A9C477E45607171CC2BABE6C9F577294.e.3230/click - {}
COMMAND: GET /session/b94376503e01bf473405a525b5bc89ad/screenshot - {}
RESULT: {}
RESULT: {}
RESULT: {}
COMMAND: GET /session/b94376503e01bf473405a525b5bc89ad/screenshot - {}
RESULT: {}
COMMAND: POST /session/b94376503e01bf473405a525b5bc89ad/execute/async - {"script":"<script> [1562 bytes]","args":[{"selector":{"id":"application-managepartners-display-component---NewPartner--addressDetailDetailsName1","interaction":{"idSuffix":"inner"}},"wdio_ui5_key":"applicationmanagepartners-display-component---NewPartner--addressDetailDetailsName1"}]}
RESULT: {"script":"<script> [1562 bytes]","args":[{"selector":{"id":"application-managepartners-display-component---NewPartner--addressDetailDetailsName1","interaction":{"idSuffix":"inner"}},"wdio_ui5_key":"applicationmanagepartners-display-component---NewPartner--addressDetailDetailsName1"}]}
RESULT: undefined
COMMAND: POST /session/b94376503e01bf473405a525b5bc89ad/execute/async - {"script":"<script> [776 bytes]","args":[{"enterText":"Intercompany Partner WDIO","selector":{"id":"application-managepartners-display-component---NewPartner--addressDetailDetailsName1","interaction":{"idSuffix":"inner"}},"clearTextFirst":true,"interactionType":"ENTER_TEXT"}]}
RESULT: {"script":"<script> [776 bytes]","args":[{"enterText":"Intercompany Partner WDIO","selector":{"id":"application-managepartners-display-component---NewPartner--addressDetailDetailsName1","interaction":{"idSuffix":"inner"}},"clearTextFirst":true,"interactionType":"ENTER_TEXT"}]}
COMMAND: POST /session/b94376503e01bf473405a525b5bc89ad/execute/async - {"script":"<script> [1562 bytes]","args":[{"selector":{"id":"application-managepartners-display-component---NewPartner--addressDetailDetailsLanguage-arrow"},"wdio_ui5_key":"applicationmanagepartners-display-component---NewPartner--addressDetailDetailsLanguage-arrow"}]}
RESULT: {"script":"<script> [1562 bytes]","args":[{"selector":{"id":"application-managepartners-display-component---NewPartner--addressDetailDetailsLanguage-arrow"},"wdio_ui5_key":"applicationmanagepartners-display-component---NewPartner--addressDetailDetailsLanguage-arrow"}]}
RESULT: undefined
COMMAND: POST /session/b94376503e01bf473405a525b5bc89ad/element - {"using":"xpath","value":"//*[@id=\"application-managepartners-display-component---NewPartner--addressDetailDetailsLanguage-arrow\"]"}
RESULT: {"using":"xpath","value":"//*[@id=\"application-managepartners-display-component---NewPartner--addressDetailDetailsLanguage-arrow\"]"}
COMMAND: POST /session/b94376503e01bf473405a525b5bc89ad/element/f.19E536F94174C8B9DE1C34297281D471.d.A9C477E45607171CC2BABE6C9F577294.e.3673/click - {}
RESULT: {}
COMMAND: POST /session/b94376503e01bf473405a525b5bc89ad/element - {"using":"xpath","value":"//span[contains(text(), \"English\")]"}
COMMAND: GET /session/b94376503e01bf473405a525b5bc89ad/screenshot - {}
RESULT: {"using":"xpath","value":"//span[contains(text(), \"English\")]"}
COMMAND: POST /session/b94376503e01bf473405a525b5bc89ad/element/f.19E536F94174C8B9DE1C34297281D471.d.A9C477E45607171CC2BABE6C9F577294.e.3674/click - {}
RESULT: {}
RESULT: {}
COMMAND: GET /session/b94376503e01bf473405a525b5bc89ad/screenshot - {}
RESULT: {}
COMMAND: POST /session/b94376503e01bf473405a525b5bc89ad/execute/async - {"script":"<script> [1562 bytes]","args":[{"selector":{"id":"application-managepartners-display-component---NewPartner--addressDetailDetailsCity1","interaction":{"idSuffix":"inner"}},"wdio_ui5_key":"applicationmanagepartners-display-component---NewPartner--addressDetailDetailsCity1"}]}
RESULT: {"script":"<script> [1562 bytes]","args":[{"selector":{"id":"application-managepartners-display-component---NewPartner--addressDetailDetailsCity1","interaction":{"idSuffix":"inner"}},"wdio_ui5_key":"applicationmanagepartners-display-component---NewPartner--addressDetailDetailsCity1"}]}
RESULT: undefined
COMMAND: POST /session/b94376503e01bf473405a525b5bc89ad/execute/async - {"script":"<script> [776 bytes]","args":[{"enterText":"Rosario","selector":{"id":"application-managepartners-display-component---NewPartner--addressDetailDetailsCity1","interaction":{"idSuffix":"inner"}},"clearTextFirst":true,"interactionType":"ENTER_TEXT"}]}
RESULT: {"script":"<script> [776 bytes]","args":[{"enterText":"Rosario","selector":{"id":"application-managepartners-display-component---NewPartner--addressDetailDetailsCity1","interaction":{"idSuffix":"inner"}},"clearTextFirst":true,"interactionType":"ENTER_TEXT"}]}
COMMAND: POST /session/b94376503e01bf473405a525b5bc89ad/execute/async - {"script":"<script> [1562 bytes]","args":[{"selector":{"id":"application-managepartners-display-component---NewPartner--addressDetailDetailsCountry-arrow"},"wdio_ui5_key":"applicationmanagepartners-display-component---NewPartner--addressDetailDetailsCountry-arrow"}]}
RESULT: {"script":"<script> [1562 bytes]","args":[{"selector":{"id":"application-managepartners-display-component---NewPartner--addressDetailDetailsCountry-arrow"},"wdio_ui5_key":"applicationmanagepartners-display-component---NewPartner--addressDetailDetailsCountry-arrow"}]}
RESULT: undefined
COMMAND: POST /session/b94376503e01bf473405a525b5bc89ad/element - {"using":"xpath","value":"//*[@id=\"application-managepartners-display-component---NewPartner--addressDetailDetailsCountry-arrow\"]"}
RESULT: {"using":"xpath","value":"//*[@id=\"application-managepartners-display-component---NewPartner--addressDetailDetailsCountry-arrow\"]"}
COMMAND: POST /session/b94376503e01bf473405a525b5bc89ad/element/f.19E536F94174C8B9DE1C34297281D471.d.A9C477E45607171CC2BABE6C9F577294.e.3652/click - {}
RESULT: {}
COMMAND: POST /session/b94376503e01bf473405a525b5bc89ad/element - {"using":"xpath","value":"//span[contains(text(), \"Argentina\")]"}
COMMAND: GET /session/b94376503e01bf473405a525b5bc89ad/screenshot - {}
RESULT: {"using":"xpath","value":"//span[contains(text(), \"Argentina\")]"}
COMMAND: POST /session/b94376503e01bf473405a525b5bc89ad/element/f.19E536F94174C8B9DE1C34297281D471.d.A9C477E45607171CC2BABE6C9F577294.e.3676/click - {}
RESULT: {}
RESULT: {}
COMMAND: GET /session/b94376503e01bf473405a525b5bc89ad/screenshot - {}
RESULT: {}
COMMAND: POST /session/b94376503e01bf473405a525b5bc89ad/element - {"using":"xpath","value":"//bdi[contains(text(), \"Commercial\")]"}
RESULT: {"using":"xpath","value":"//bdi[contains(text(), \"Commercial\")]"}
COMMAND: POST /session/b94376503e01bf473405a525b5bc89ad/element/f.19E536F94174C8B9DE1C34297281D471.d.A9C477E45607171CC2BABE6C9F577294.e.3677/click - {}
RESULT: {}
COMMAND: GET /session/b94376503e01bf473405a525b5bc89ad/screenshot - {}
RESULT: {}
COMMAND: POST /session/b94376503e01bf473405a525b5bc89ad/execute/async - {"script":"<script> [1562 bytes]","args":[{"selector":{"id":"application-managepartners-display-component---NewPartner--partnerDetailInternal-arrow"},"wdio_ui5_key":"applicationmanagepartners-display-component---NewPartner--partnerDetailInternal-arrow"}]}
RESULT: {"script":"<script> [1562 bytes]","args":[{"selector":{"id":"application-managepartners-display-component---NewPartner--partnerDetailInternal-arrow"},"wdio_ui5_key":"applicationmanagepartners-display-component---NewPartner--partnerDetailInternal-arrow"}]}
RESULT: undefined
COMMAND: POST /session/b94376503e01bf473405a525b5bc89ad/element - {"using":"xpath","value":"//*[@id=\"application-managepartners-display-component---NewPartner--partnerDetailInternal-arrow\"]"}
RESULT: {"using":"xpath","value":"//*[@id=\"application-managepartners-display-component---NewPartner--partnerDetailInternal-arrow\"]"}
COMMAND: POST /session/b94376503e01bf473405a525b5bc89ad/element/f.19E536F94174C8B9DE1C34297281D471.d.A9C477E45607171CC2BABE6C9F577294.e.3683/click - {}
RESULT: {}
COMMAND: POST /session/b94376503e01bf473405a525b5bc89ad/element - {"using":"xpath","value":"//span[contains(text(), \"Affiliated company\")]"}
COMMAND: GET /session/b94376503e01bf473405a525b5bc89ad/screenshot - {}
RESULT: {"using":"xpath","value":"//span[contains(text(), \"Affiliated company\")]"}
COMMAND: POST /session/b94376503e01bf473405a525b5bc89ad/element/f.19E536F94174C8B9DE1C34297281D471.d.A9C477E45607171CC2BABE6C9F577294.e.3686/click - {}
RESULT: {}
RESULT: {}
COMMAND: POST /session/b94376503e01bf473405a525b5bc89ad/execute/async - {"script":"<script> [1562 bytes]","args":[{"selector":{"id":"application-managepartners-display-component---NewPartner--partnerDetailsCurrency-arrow"},"wdio_ui5_key":"applicationmanagepartners-display-component---NewPartner--partnerDetailsCurrency-arrow"}]}
COMMAND: GET /session/b94376503e01bf473405a525b5bc89ad/screenshot - {}
RESULT: {"script":"<script> [1562 bytes]","args":[{"selector":{"id":"application-managepartners-display-component---NewPartner--partnerDetailsCurrency-arrow"},"wdio_ui5_key":"applicationmanagepartners-display-component---NewPartner--partnerDetailsCurrency-arrow"}]}
RESULT: undefined
COMMAND: POST /session/b94376503e01bf473405a525b5bc89ad/element - {"using":"xpath","value":"//*[@id=\"application-managepartners-display-component---NewPartner--partnerDetailsCurrency-arrow\"]"}
RESULT: {}
RESULT: {"using":"xpath","value":"//*[@id=\"application-managepartners-display-component---NewPartner--partnerDetailsCurrency-arrow\"]"}
COMMAND: POST /session/b94376503e01bf473405a525b5bc89ad/element/f.19E536F94174C8B9DE1C34297281D471.d.A9C477E45607171CC2BABE6C9F577294.e.3693/click - {}
RESULT: {}
COMMAND: POST /session/b94376503e01bf473405a525b5bc89ad/element - {"using":"xpath","value":"//span[contains(text(), \"Euro\")]"}
COMMAND: GET /session/b94376503e01bf473405a525b5bc89ad/screenshot - {}
RESULT: {"using":"xpath","value":"//span[contains(text(), \"Euro\")]"}
COMMAND: POST /session/b94376503e01bf473405a525b5bc89ad/element/f.19E536F94174C8B9DE1C34297281D471.d.A9C477E45607171CC2BABE6C9F577294.e.3694/click - {}
RESULT: {}
RESULT: {}
COMMAND: POST /session/b94376503e01bf473405a525b5bc89ad/execute/async - {"script":"<script> [1562 bytes]","args":[{"selector":{"id":"application-managepartners-display-component---NewPartner--addressEditDetailsCostObjectCstType-arrow"},"wdio_ui5_key":"applicationmanagepartners-display-component---NewPartner--addressEditDetailsCostObjectCstType-arrow"}]}
COMMAND: GET /session/b94376503e01bf473405a525b5bc89ad/screenshot - {}
RESULT: {"script":"<script> [1562 bytes]","args":[{"selector":{"id":"application-managepartners-display-component---NewPartner--addressEditDetailsCostObjectCstType-arrow"},"wdio_ui5_key":"applicationmanagepartners-display-component---NewPartner--addressEditDetailsCostObjectCstType-arrow"}]}
RESULT: undefined
COMMAND: POST /session/b94376503e01bf473405a525b5bc89ad/element - {"using":"xpath","value":"//*[@id=\"application-managepartners-display-component---NewPartner--addressEditDetailsCostObjectCstType-arrow\"]"}
RESULT: {}
RESULT: {"using":"xpath","value":"//*[@id=\"application-managepartners-display-component---NewPartner--addressEditDetailsCostObjectCstType-arrow\"]"}
COMMAND: POST /session/b94376503e01bf473405a525b5bc89ad/element/f.19E536F94174C8B9DE1C34297281D471.d.A9C477E45607171CC2BABE6C9F577294.e.3695/click - {}
RESULT: {}
COMMAND: POST /session/b94376503e01bf473405a525b5bc89ad/element - {"using":"xpath","value":"//span[contains(text(), \"Cost Center\")]"}
COMMAND: GET /session/b94376503e01bf473405a525b5bc89ad/screenshot - {}
RESULT: {"using":"xpath","value":"//span[contains(text(), \"Cost Center\")]"}
COMMAND: POST /session/b94376503e01bf473405a525b5bc89ad/element/f.19E536F94174C8B9DE1C34297281D471.d.A9C477E45607171CC2BABE6C9F577294.e.3696/click - {}
RESULT: {}
RESULT: {}
COMMAND: GET /session/b94376503e01bf473405a525b5bc89ad/screenshot - {}
RESULT: {}
COMMAND: POST /session/b94376503e01bf473405a525b5bc89ad/element - {"using":"xpath","value":"//span[@id=\"application-managepartners-display-component---NewPartner--addressNewCostObjectCstID-vhi\"]"}
RESULT: {"using":"xpath","value":"//span[@id=\"application-managepartners-display-component---NewPartner--addressNewCostObjectCstID-vhi\"]"}
COMMAND: POST /session/b94376503e01bf473405a525b5bc89ad/execute/sync - {"script":"<script> [8489 bytes]","args":[{"element-6066-11e4-a52e-4f735466cecf":"f.19E536F94174C8B9DE1C34297281D471.d.A9C477E45607171CC2BABE6C9F577294.e.3699","ELEMENT":"f.19E536F94174C8B9DE1C34297281D471.d.A9C477E45607171CC2BABE6C9F577294.e.3699"}]}
RESULT: {"script":"<script> [8489 bytes]","args":[{"element-6066-11e4-a52e-4f735466cecf":"f.19E536F94174C8B9DE1C34297281D471.d.A9C477E45607171CC2BABE6C9F577294.e.3699","ELEMENT":"f.19E536F94174C8B9DE1C34297281D471.d.A9C477E45607171CC2BABE6C9F577294.e.3699"}]}
COMMAND: POST /session/b94376503e01bf473405a525b5bc89ad/execute/async - {"script":"<script> [1562 bytes]","args":[{"selector":{"id":"application-managepartners-display-component---NewPartner--addressNewCostObjectCstID-vhi"},"wdio_ui5_key":"applicationmanagepartners-display-component---NewPartner--addressNewCostObjectCstID-vhi"}]}
COMMAND: GET /session/b94376503e01bf473405a525b5bc89ad/screenshot - {}
RESULT: {"script":"<script> [1562 bytes]","args":[{"selector":{"id":"application-managepartners-display-component---NewPartner--addressNewCostObjectCstID-vhi"},"wdio_ui5_key":"applicationmanagepartners-display-component---NewPartner--addressNewCostObjectCstID-vhi"}]}
RESULT: undefined
COMMAND: POST /session/b94376503e01bf473405a525b5bc89ad/element - {"using":"xpath","value":"//*[@id=\"application-managepartners-display-component---NewPartner--addressNewCostObjectCstID-vhi\"]"}
RESULT: {}
RESULT: {"using":"xpath","value":"//*[@id=\"application-managepartners-display-component---NewPartner--addressNewCostObjectCstID-vhi\"]"}
COMMAND: POST /session/b94376503e01bf473405a525b5bc89ad/element/f.19E536F94174C8B9DE1C34297281D471.d.A9C477E45607171CC2BABE6C9F577294.e.3699/click - {}
RESULT: {}
COMMAND: GET /session/b94376503e01bf473405a525b5bc89ad/screenshot - {}
RESULT: {}
COMMAND: POST /session/b94376503e01bf473405a525b5bc89ad/execute/async - {"script":"<script> [1562 bytes]","args":[{"selector":{"controlType":"sap.m.SearchField","properties":{"placeholder":"Search"},"searchOpenDialogs":true,"interaction":{"idSuffix":"I"}},"wdio_ui5_key":"sapm.SearchField{\"placeholder\":\"Search\"}"}]}
RESULT: {"script":"<script> [1562 bytes]","args":[{"selector":{"controlType":"sap.m.SearchField","properties":{"placeholder":"Search"},"searchOpenDialogs":true,"interaction":{"idSuffix":"I"}},"wdio_ui5_key":"sapm.SearchField{\"placeholder\":\"Search\"}"}]}
RESULT: undefined
COMMAND: POST /session/b94376503e01bf473405a525b5bc89ad/execute/async - {"script":"<script> [776 bytes]","args":[{"enterText":"10001013","selector":{"controlType":"sap.m.SearchField","properties":{"placeholder":"Search"},"searchOpenDialogs":true,"interaction":{"idSuffix":"I"}},"clearTextFirst":true,"interactionType":"ENTER_TEXT"}]}
RESULT: {"script":"<script> [776 bytes]","args":[{"enterText":"10001013","selector":{"controlType":"sap.m.SearchField","properties":{"placeholder":"Search"},"searchOpenDialogs":true,"interaction":{"idSuffix":"I"}},"clearTextFirst":true,"interactionType":"ENTER_TEXT"}]}
COMMAND: POST /session/b94376503e01bf473405a525b5bc89ad/actions - {"actions":[{"id":"action7","type":"key","parameters":{},"actions":[{"type":"keyDown","value":"î€‡"},{"type":"pause","duration":10},{"type":"keyUp","value":"î€‡"}]}]}
RESULT: {"actions":[{"id":"action7","type":"key","parameters":{},"actions":[{"type":"keyDown","value":"î€‡"},{"type":"pause","duration":10},{"type":"keyUp","value":"î€‡"}]}]}
COMMAND: GET /session/b94376503e01bf473405a525b5bc89ad/screenshot - {}
RESULT: {}
COMMAND: POST /session/b94376503e01bf473405a525b5bc89ad/element - {"using":"xpath","value":"//span[contains(text(), \"General Management\")]"}
RESULT: {"using":"xpath","value":"//span[contains(text(), \"General Management\")]"}
COMMAND: POST /session/b94376503e01bf473405a525b5bc89ad/element/f.19E536F94174C8B9DE1C34297281D471.d.A9C477E45607171CC2BABE6C9F577294.e.3710/click - {}
RESULT: {}
COMMAND: GET /session/b94376503e01bf473405a525b5bc89ad/screenshot - {}
RESULT: {}
COMMAND: POST /session/b94376503e01bf473405a525b5bc89ad/element - {"using":"xpath","value":"//bdi[contains(text(), \"OK\")]"}
RESULT: {"using":"xpath","value":"//bdi[contains(text(), \"OK\")]"}
COMMAND: POST /session/b94376503e01bf473405a525b5bc89ad/element/f.19E536F94174C8B9DE1C34297281D471.d.A9C477E45607171CC2BABE6C9F577294.e.3712/click - {}
RESULT: {}
COMMAND: GET /session/b94376503e01bf473405a525b5bc89ad/screenshot - {}
RESULT: {}
COMMAND: POST /session/b94376503e01bf473405a525b5bc89ad/element - {"using":"xpath","value":"//input[@id=\"application-managepartners-display-component---NewPartner--companyCodeComboBox-inner\"]"}
RESULT: {"using":"xpath","value":"//input[@id=\"application-managepartners-display-component---NewPartner--companyCodeComboBox-inner\"]"}
COMMAND: POST /session/b94376503e01bf473405a525b5bc89ad/element/f.19E536F94174C8B9DE1C34297281D471.d.A9C477E45607171CC2BABE6C9F577294.e.3542/clear - {}
RESULT: {}
COMMAND: POST /session/b94376503e01bf473405a525b5bc89ad/element/f.19E536F94174C8B9DE1C34297281D471.d.A9C477E45607171CC2BABE6C9F577294.e.3542/value - {"text":"C002"}
COMMAND: GET /session/b94376503e01bf473405a525b5bc89ad/screenshot - {}
RESULT: {"text":"C002"}
COMMAND: GET /session/b94376503e01bf473405a525b5bc89ad/screenshot - {}
RESULT: {}
RESULT: {}
COMMAND: POST /session/b94376503e01bf473405a525b5bc89ad/element - {"using":"xpath","value":"//span[contains(text(), \"C002\")]"}
RESULT: {"using":"xpath","value":"//span[contains(text(), \"C002\")]"}
COMMAND: POST /session/b94376503e01bf473405a525b5bc89ad/element/f.19E536F94174C8B9DE1C34297281D471.d.A9C477E45607171CC2BABE6C9F577294.e.3718/click - {}
RESULT: {}
COMMAND: GET /session/b94376503e01bf473405a525b5bc89ad/screenshot - {}
RESULT: {}
COMMAND: POST /session/b94376503e01bf473405a525b5bc89ad/execute/async - {"script":"<script> [1562 bytes]","args":[{"selector":{"id":"application-managepartners-display-component---NewPartner--btnAddTableRow-img"},"wdio_ui5_key":"applicationmanagepartners-display-component---NewPartner--btnAddTableRow-img"}]}
RESULT: {"script":"<script> [1562 bytes]","args":[{"selector":{"id":"application-managepartners-display-component---NewPartner--btnAddTableRow-img"},"wdio_ui5_key":"applicationmanagepartners-display-component---NewPartner--btnAddTableRow-img"}]}
RESULT: undefined
COMMAND: POST /session/b94376503e01bf473405a525b5bc89ad/element - {"using":"xpath","value":"//*[@id=\"application-managepartners-display-component---NewPartner--btnAddTableRow-img\"]"}
RESULT: {"using":"xpath","value":"//*[@id=\"application-managepartners-display-component---NewPartner--btnAddTableRow-img\"]"}
COMMAND: POST /session/b94376503e01bf473405a525b5bc89ad/element/f.19E536F94174C8B9DE1C34297281D471.d.A9C477E45607171CC2BABE6C9F577294.e.3719/click - {}
RESULT: {}
COMMAND: GET /session/b94376503e01bf473405a525b5bc89ad/screenshot - {}
RESULT: {}
COMMAND: POST /session/b94376503e01bf473405a525b5bc89ad/element - {"using":"xpath","value":"//input[@id=\"application-managepartners-display-component---NewPartner--assignmentYard-application-managepartners-display-component---NewPartner--assignmentsTable-0-inner\"]"}
RESULT: {"using":"xpath","value":"//input[@id=\"application-managepartners-display-component---NewPartner--assignmentYard-application-managepartners-display-component---NewPartner--assignmentsTable-0-inner\"]"}
COMMAND: POST /session/b94376503e01bf473405a525b5bc89ad/element/f.19E536F94174C8B9DE1C34297281D471.d.A9C477E45607171CC2BABE6C9F577294.e.3722/clear - {}
RESULT: {}
COMMAND: POST /session/b94376503e01bf473405a525b5bc89ad/element/f.19E536F94174C8B9DE1C34297281D471.d.A9C477E45607171CC2BABE6C9F577294.e.3722/value - {"text":"806"}
COMMAND: GET /session/b94376503e01bf473405a525b5bc89ad/screenshot - {}
RESULT: {"text":"806"}
COMMAND: GET /session/b94376503e01bf473405a525b5bc89ad/screenshot - {}
RESULT: {}
RESULT: {}
COMMAND: POST /session/b94376503e01bf473405a525b5bc89ad/element - {"using":"xpath","value":"//li[.//span[text()='806']]"}
RESULT: {"using":"xpath","value":"//li[.//span[text()='806']]"}
COMMAND: POST /session/b94376503e01bf473405a525b5bc89ad/element/f.19E536F94174C8B9DE1C34297281D471.d.A9C477E45607171CC2BABE6C9F577294.e.3731/click - {}
RESULT: {}
COMMAND: GET /session/b94376503e01bf473405a525b5bc89ad/screenshot - {}
RESULT: {}
COMMAND: POST /session/b94376503e01bf473405a525b5bc89ad/actions - {"actions":[{"id":"action8","type":"key","parameters":{},"actions":[{"type":"keyDown","value":"î€‡"},{"type":"pause","duration":10},{"type":"keyUp","value":"î€‡"}]}]}
RESULT: {"actions":[{"id":"action8","type":"key","parameters":{},"actions":[{"type":"keyDown","value":"î€‡"},{"type":"pause","duration":10},{"type":"keyUp","value":"î€‡"}]}]}
COMMAND: POST /session/b94376503e01bf473405a525b5bc89ad/execute/async - {"script":"<script> [1562 bytes]","args":[{"selector":{"id":"application-managepartners-display-component---NewPartner--externalCustomerComboBox-application-managepartners-display-component---NewPartner--assignmentsTable-0-vhi"},"wdio_ui5_key":"applicationmanagepartners-display-component---NewPartner--externalCustomerComboBox-application-managepartners-display-component---NewPartner--assignmentsTable-0-vhi"}]}
COMMAND: GET /session/b94376503e01bf473405a525b5bc89ad/screenshot - {}
RESULT: {"script":"<script> [1562 bytes]","args":[{"selector":{"id":"application-managepartners-display-component---NewPartner--externalCustomerComboBox-application-managepartners-display-component---NewPartner--assignmentsTable-0-vhi"},"wdio_ui5_key":"applicationmanagepartners-display-component---NewPartner--externalCustomerComboBox-application-managepartners-display-component---NewPartner--assignmentsTable-0-vhi"}]}
RESULT: undefined
COMMAND: POST /session/b94376503e01bf473405a525b5bc89ad/element - {"using":"xpath","value":"//*[@id=\"application-managepartners-display-component---NewPartner--externalCustomerComboBox-application-managepartners-display-component---NewPartner--assignmentsTable-0-vhi\"]"}
RESULT: {}
RESULT: {"using":"xpath","value":"//*[@id=\"application-managepartners-display-component---NewPartner--externalCustomerComboBox-application-managepartners-display-component---NewPartner--assignmentsTable-0-vhi\"]"}
COMMAND: POST /session/b94376503e01bf473405a525b5bc89ad/element/f.19E536F94174C8B9DE1C34297281D471.d.A9C477E45607171CC2BABE6C9F577294.e.3735/click - {}
RESULT: {}
RESULT: undefined
COMMAND: POST /session/b94376503e01bf473405a525b5bc89ad/execute/async - {"script":"<script> [776 bytes]","args":[{"enterText":"300003","selector":{"controlType":"sap.m.SearchField","properties":{"placeholder":"Search"},"searchOpenDialogs":true,"interaction":{"idSuffix":"I"}},"clearTextFirst":true,"interactionType":"ENTER_TEXT"}]}
COMMAND: GET /session/b94376503e01bf473405a525b5bc89ad/screenshot - {}
RESULT: {"script":"<script> [776 bytes]","args":[{"enterText":"300003","selector":{"controlType":"sap.m.SearchField","properties":{"placeholder":"Search"},"searchOpenDialogs":true,"interaction":{"idSuffix":"I"}},"clearTextFirst":true,"interactionType":"ENTER_TEXT"}]}
COMMAND: POST /session/b94376503e01bf473405a525b5bc89ad/actions - {"actions":[{"id":"action9","type":"key","parameters":{},"actions":[{"type":"keyDown","value":"î€‡"},{"type":"pause","duration":10},{"type":"keyUp","value":"î€‡"}]}]}
RESULT: {}
RESULT: {"actions":[{"id":"action9","type":"key","parameters":{},"actions":[{"type":"keyDown","value":"î€‡"},{"type":"pause","duration":10},{"type":"keyUp","value":"î€‡"}]}]}
COMMAND: GET /session/b94376503e01bf473405a525b5bc89ad/screenshot - {}
RESULT: {}
COMMAND: POST /session/b94376503e01bf473405a525b5bc89ad/element - {"using":"xpath","value":"//span[contains(text(), \"300003\")]"}
RESULT: {"using":"xpath","value":"//span[contains(text(), \"300003\")]"}
COMMAND: POST /session/b94376503e01bf473405a525b5bc89ad/element/f.19E536F94174C8B9DE1C34297281D471.d.A9C477E45607171CC2BABE6C9F577294.e.3754/click - {}
RESULT: {}
COMMAND: GET /session/b94376503e01bf473405a525b5bc89ad/screenshot - {}
RESULT: {}
COMMAND: POST /session/b94376503e01bf473405a525b5bc89ad/element - {"using":"xpath","value":"//bdi[contains(text(), \"OK\")]"}
RESULT: {"using":"xpath","value":"//bdi[contains(text(), \"OK\")]"}
COMMAND: POST /session/b94376503e01bf473405a525b5bc89ad/element/f.19E536F94174C8B9DE1C34297281D471.d.A9C477E45607171CC2BABE6C9F577294.e.3756/click - {}
RESULT: {}
COMMAND: GET /session/b94376503e01bf473405a525b5bc89ad/screenshot - {}
RESULT: {}
COMMAND: POST /session/b94376503e01bf473405a525b5bc89ad/execute/async - {"script":"<script> [1562 bytes]","args":[{"selector":{"id":"application-managepartners-display-component---NewPartner--intercompVendorComboBox-application-managepartners-display-component---NewPartner--assignmentsTable-0-vhi"},"wdio_ui5_key":"applicationmanagepartners-display-component---NewPartner--intercompVendorComboBox-application-managepartners-display-component---NewPartner--assignmentsTable-0-vhi"}]}
RESULT: {"script":"<script> [1562 bytes]","args":[{"selector":{"id":"application-managepartners-display-component---NewPartner--intercompVendorComboBox-application-managepartners-display-component---NewPartner--assignmentsTable-0-vhi"},"wdio_ui5_key":"applicationmanagepartners-display-component---NewPartner--intercompVendorComboBox-application-managepartners-display-component---NewPartner--assignmentsTable-0-vhi"}]}
RESULT: undefined
COMMAND: POST /session/b94376503e01bf473405a525b5bc89ad/element - {"using":"xpath","value":"//*[@id=\"application-managepartners-display-component---NewPartner--intercompVendorComboBox-application-managepartners-display-component---NewPartner--assignmentsTable-0-vhi\"]"}
RESULT: {"using":"xpath","value":"//*[@id=\"application-managepartners-display-component---NewPartner--intercompVendorComboBox-application-managepartners-display-component---NewPartner--assignmentsTable-0-vhi\"]"}
COMMAND: POST /session/b94376503e01bf473405a525b5bc89ad/element/f.19E536F94174C8B9DE1C34297281D471.d.A9C477E45607171CC2BABE6C9F577294.e.3760/click - {}
RESULT: {}
RESULT: undefined
COMMAND: POST /session/b94376503e01bf473405a525b5bc89ad/execute/async - {"script":"<script> [776 bytes]","args":[{"enterText":"100005","selector":{"controlType":"sap.m.SearchField","properties":{"placeholder":"Search"},"searchOpenDialogs":true,"interaction":{"idSuffix":"I"}},"clearTextFirst":true,"interactionType":"ENTER_TEXT"}]}
COMMAND: GET /session/b94376503e01bf473405a525b5bc89ad/screenshot - {}
RESULT: {"script":"<script> [776 bytes]","args":[{"enterText":"100005","selector":{"controlType":"sap.m.SearchField","properties":{"placeholder":"Search"},"searchOpenDialogs":true,"interaction":{"idSuffix":"I"}},"clearTextFirst":true,"interactionType":"ENTER_TEXT"}]}
COMMAND: POST /session/b94376503e01bf473405a525b5bc89ad/actions - {"actions":[{"id":"action10","type":"key","parameters":{},"actions":[{"type":"keyDown","value":"î€‡"},{"type":"pause","duration":10},{"type":"keyUp","value":"î€‡"}]}]}
RESULT: {}
RESULT: {"actions":[{"id":"action10","type":"key","parameters":{},"actions":[{"type":"keyDown","value":"î€‡"},{"type":"pause","duration":10},{"type":"keyUp","value":"î€‡"}]}]}
COMMAND: GET /session/b94376503e01bf473405a525b5bc89ad/screenshot - {}
RESULT: {}
COMMAND: POST /session/b94376503e01bf473405a525b5bc89ad/element - {"using":"xpath","value":"//span[contains(text(), \"Penguins - Field/12345 Berlin\")]"}
RESULT: {"using":"xpath","value":"//span[contains(text(), \"Penguins - Field/12345 Berlin\")]"}
COMMAND: POST /session/b94376503e01bf473405a525b5bc89ad/element/f.19E536F94174C8B9DE1C34297281D471.d.A9C477E45607171CC2BABE6C9F577294.e.3778/click - {}
RESULT: {}
COMMAND: GET /session/b94376503e01bf473405a525b5bc89ad/screenshot - {}
RESULT: {}
COMMAND: POST /session/b94376503e01bf473405a525b5bc89ad/element - {"using":"xpath","value":"//bdi[contains(text(), \"OK\")]"}
RESULT: {"using":"xpath","value":"//bdi[contains(text(), \"OK\")]"}
COMMAND: POST /session/b94376503e01bf473405a525b5bc89ad/element/f.19E536F94174C8B9DE1C34297281D471.d.A9C477E45607171CC2BABE6C9F577294.e.3779/click - {}
RESULT: {}
COMMAND: GET /session/b94376503e01bf473405a525b5bc89ad/screenshot - {}
RESULT: {}
COMMAND: POST /session/b94376503e01bf473405a525b5bc89ad/element - {"using":"xpath","value":"//button[@data-kt=\"saveButton\"]"}
RESULT: {"using":"xpath","value":"//button[@data-kt=\"saveButton\"]"}
COMMAND: POST /session/b94376503e01bf473405a525b5bc89ad/element/f.19E536F94174C8B9DE1C34297281D471.d.A9C477E45607171CC2BABE6C9F577294.e.3648/click - {}
RESULT: {}
COMMAND: GET /session/b94376503e01bf473405a525b5bc89ad/screenshot - {}
RESULT: {}
COMMAND: POST /session/b94376503e01bf473405a525b5bc89ad/element - {"using":"xpath","value":"//header[contains(@id, 'ObjectPageLayout-headerTitle')]/div[1]/div[2]/div[2]/span[1]"}
RESULT: {"using":"xpath","value":"//header[contains(@id, 'ObjectPageLayout-headerTitle')]/div[1]/div[2]/div[2]/span[1]"}
COMMAND: POST /session/b94376503e01bf473405a525b5bc89ad/elements - {"using":"xpath","value":"//header[contains(@id, 'ObjectPageLayout-headerTitle')]/div[1]/div[2]/div[2]/span[1]"}
RESULT: {"using":"xpath","value":"//header[contains(@id, 'ObjectPageLayout-headerTitle')]/div[1]/div[2]/div[2]/span[1]"}
COMMAND: POST /session/b94376503e01bf473405a525b5bc89ad/execute/sync - {"script":"<script> [56 bytes]","args":[{"element-6066-11e4-a52e-4f735466cecf":"f.19E536F94174C8B9DE1C34297281D471.d.A9C477E45607171CC2BABE6C9F577294.e.3949","ELEMENT":"f.19E536F94174C8B9DE1C34297281D471.d.A9C477E45607171CC2BABE6C9F577294.e.3949"}]}
RESULT: {"script":"<script> [56 bytes]","args":[{"element-6066-11e4-a52e-4f735466cecf":"f.19E536F94174C8B9DE1C34297281D471.d.A9C477E45607171CC2BABE6C9F577294.e.3949","ELEMENT":"f.19E536F94174C8B9DE1C34297281D471.d.A9C477E45607171CC2BABE6C9F577294.e.3949"}]}
COMMAND: POST /session/b94376503e01bf473405a525b5bc89ad/element - {"using":"css selector","value":"#shell-header-logo"}
COMMAND: GET /session/b94376503e01bf473405a525b5bc89ad/screenshot - {}
RESULT: {"using":"css selector","value":"#shell-header-logo"}
COMMAND: POST /session/b94376503e01bf473405a525b5bc89ad/element/f.19E536F94174C8B9DE1C34297281D471.d.A9C477E45607171CC2BABE6C9F577294.e.3194/click - {}
RESULT: {}
RESULT: {}
COMMAND: GET /session/b94376503e01bf473405a525b5bc89ad/screenshot - {}
RESULT: {}
COMMAND: POST /session/b94376503e01bf473405a525b5bc89ad/execute/sync - {"script":"<script> [299 bytes]","args":[["getModel","getResource"]]}
RESULT: {"script":"<script> [299 bytes]","args":[["getModel","getResource"]]}
RESULT: undefined
COMMAND: POST /session/b94376503e01bf473405a525b5bc89ad/element - {"using":"xpath","value":"//*[@id=\"__tile30\"]"}
COMMAND: GET /session/b94376503e01bf473405a525b5bc89ad/screenshot - {}
RESULT: {"using":"xpath","value":"//*[@id=\"__tile30\"]"}
COMMAND: POST /session/b94376503e01bf473405a525b5bc89ad/element/f.19E536F94174C8B9DE1C34297281D471.d.A9C477E45607171CC2BABE6C9F577294.e.3114/click - {}
RESULT: {}
RESULT: {}
COMMAND: POST /session/b94376503e01bf473405a525b5bc89ad/element - {"using":"xpath","value":"//button[@data-kt=\"addButton\"]"}
COMMAND: GET /session/b94376503e01bf473405a525b5bc89ad/screenshot - {}
RESULT: {"using":"xpath","value":"//button[@data-kt=\"addButton\"]"}
COMMAND: POST /session/b94376503e01bf473405a525b5bc89ad/elements - {"using":"xpath","value":"//button[@data-kt=\"addButton\"]"}
RESULT: {}
RESULT: {"using":"xpath","value":"//button[@data-kt=\"addButton\"]"}
COMMAND: POST /session/b94376503e01bf473405a525b5bc89ad/elements - {"using":"xpath","value":"//button[@data-kt=\"addButton\"]"}
RESULT: {"using":"xpath","value":"//button[@data-kt=\"addButton\"]"}
COMMAND: POST /session/b94376503e01bf473405a525b5bc89ad/elements - {"using":"xpath","value":"//button[@data-kt=\"addButton\"]"}
RESULT: {"using":"xpath","value":"//button[@data-kt=\"addButton\"]"}
COMMAND: POST /session/b94376503e01bf473405a525b5bc89ad/elements - {"using":"xpath","value":"//button[@data-kt=\"addButton\"]"}
RESULT: {"using":"xpath","value":"//button[@data-kt=\"addButton\"]"}
COMMAND: POST /session/b94376503e01bf473405a525b5bc89ad/elements - {"using":"xpath","value":"//button[@data-kt=\"addButton\"]"}
RESULT: {"using":"xpath","value":"//button[@data-kt=\"addButton\"]"}
COMMAND: POST /session/b94376503e01bf473405a525b5bc89ad/elements - {"using":"xpath","value":"//button[@data-kt=\"addButton\"]"}
RESULT: {"using":"xpath","value":"//button[@data-kt=\"addButton\"]"}
COMMAND: POST /session/b94376503e01bf473405a525b5bc89ad/elements - {"using":"xpath","value":"//button[@data-kt=\"addButton\"]"}
RESULT: {"using":"xpath","value":"//button[@data-kt=\"addButton\"]"}
COMMAND: POST /session/b94376503e01bf473405a525b5bc89ad/elements - {"using":"xpath","value":"//button[@data-kt=\"addButton\"]"}
RESULT: {"using":"xpath","value":"//button[@data-kt=\"addButton\"]"}
COMMAND: POST /session/b94376503e01bf473405a525b5bc89ad/elements - {"using":"xpath","value":"//button[@data-kt=\"addButton\"]"}
RESULT: {"using":"xpath","value":"//button[@data-kt=\"addButton\"]"}
COMMAND: POST /session/b94376503e01bf473405a525b5bc89ad/elements - {"using":"xpath","value":"//button[@data-kt=\"addButton\"]"}
RESULT: {"using":"xpath","value":"//button[@data-kt=\"addButton\"]"}
COMMAND: POST /session/b94376503e01bf473405a525b5bc89ad/elements - {"using":"xpath","value":"//button[@data-kt=\"addButton\"]"}
RESULT: {"using":"xpath","value":"//button[@data-kt=\"addButton\"]"}
COMMAND: POST /session/b94376503e01bf473405a525b5bc89ad/elements - {"using":"xpath","value":"//button[@data-kt=\"addButton\"]"}
RESULT: {"using":"xpath","value":"//button[@data-kt=\"addButton\"]"}
COMMAND: POST /session/b94376503e01bf473405a525b5bc89ad/elements - {"using":"xpath","value":"//button[@data-kt=\"addButton\"]"}
RESULT: {"using":"xpath","value":"//button[@data-kt=\"addButton\"]"}
COMMAND: POST /session/b94376503e01bf473405a525b5bc89ad/elements - {"using":"xpath","value":"//button[@data-kt=\"addButton\"]"}
RESULT: {"using":"xpath","value":"//button[@data-kt=\"addButton\"]"}
COMMAND: POST /session/b94376503e01bf473405a525b5bc89ad/elements - {"using":"xpath","value":"//button[@data-kt=\"addButton\"]"}
RESULT: {"using":"xpath","value":"//button[@data-kt=\"addButton\"]"}
COMMAND: POST /session/b94376503e01bf473405a525b5bc89ad/elements - {"using":"xpath","value":"//button[@data-kt=\"addButton\"]"}
RESULT: {"using":"xpath","value":"//button[@data-kt=\"addButton\"]"}
COMMAND: POST /session/b94376503e01bf473405a525b5bc89ad/elements - {"using":"xpath","value":"//button[@data-kt=\"addButton\"]"}
RESULT: {"using":"xpath","value":"//button[@data-kt=\"addButton\"]"}
COMMAND: POST /session/b94376503e01bf473405a525b5bc89ad/elements - {"using":"xpath","value":"//button[@data-kt=\"addButton\"]"}
RESULT: {"using":"xpath","value":"//button[@data-kt=\"addButton\"]"}
COMMAND: POST /session/b94376503e01bf473405a525b5bc89ad/elements - {"using":"xpath","value":"//button[@data-kt=\"addButton\"]"}
RESULT: {"using":"xpath","value":"//button[@data-kt=\"addButton\"]"}
COMMAND: POST /session/b94376503e01bf473405a525b5bc89ad/elements - {"using":"xpath","value":"//button[@data-kt=\"addButton\"]"}
RESULT: {"using":"xpath","value":"//button[@data-kt=\"addButton\"]"}
COMMAND: POST /session/b94376503e01bf473405a525b5bc89ad/elements - {"using":"xpath","value":"//button[@data-kt=\"addButton\"]"}
RESULT: {"using":"xpath","value":"//button[@data-kt=\"addButton\"]"}
COMMAND: POST /session/b94376503e01bf473405a525b5bc89ad/element - {"using":"xpath","value":"//button[@data-kt=\"addButton\"]"}
RESULT: {"using":"xpath","value":"//button[@data-kt=\"addButton\"]"}
COMMAND: POST /session/b94376503e01bf473405a525b5bc89ad/execute/sync - {"script":"<script> [8489 bytes]","args":[{"element-6066-11e4-a52e-4f735466cecf":"f.19E536F94174C8B9DE1C34297281D471.d.A9C477E45607171CC2BABE6C9F577294.e.3985","ELEMENT":"f.19E536F94174C8B9DE1C34297281D471.d.A9C477E45607171CC2BABE6C9F577294.e.3985"}]}
RESULT: {"script":"<script> [8489 bytes]","args":[{"element-6066-11e4-a52e-4f735466cecf":"f.19E536F94174C8B9DE1C34297281D471.d.A9C477E45607171CC2BABE6C9F577294.e.3985","ELEMENT":"f.19E536F94174C8B9DE1C34297281D471.d.A9C477E45607171CC2BABE6C9F577294.e.3985"}]}
COMMAND: GET /session/b94376503e01bf473405a525b5bc89ad/element/f.19E536F94174C8B9DE1C34297281D471.d.A9C477E45607171CC2BABE6C9F577294.e.3985/enabled - {}
COMMAND: GET /session/b94376503e01bf473405a525b5bc89ad/screenshot - {}
RESULT: {}
COMMAND: POST /session/b94376503e01bf473405a525b5bc89ad/execute/sync - {"script":"<script> [8489 bytes]","args":[{"element-6066-11e4-a52e-4f735466cecf":"f.19E536F94174C8B9DE1C34297281D471.d.A9C477E45607171CC2BABE6C9F577294.e.3985","ELEMENT":"f.19E536F94174C8B9DE1C34297281D471.d.A9C477E45607171CC2BABE6C9F577294.e.3985"}]}
COMMAND: GET /session/b94376503e01bf473405a525b5bc89ad/screenshot - {}
RESULT: {}
RESULT: {"script":"<script> [8489 bytes]","args":[{"element-6066-11e4-a52e-4f735466cecf":"f.19E536F94174C8B9DE1C34297281D471.d.A9C477E45607171CC2BABE6C9F577294.e.3985","ELEMENT":"f.19E536F94174C8B9DE1C34297281D471.d.A9C477E45607171CC2BABE6C9F577294.e.3985"}]}
COMMAND: POST /session/b94376503e01bf473405a525b5bc89ad/execute/sync - {"script":"<script> [5351 bytes]","args":[{"element-6066-11e4-a52e-4f735466cecf":"f.19E536F94174C8B9DE1C34297281D471.d.A9C477E45607171CC2BABE6C9F577294.e.3985","ELEMENT":"f.19E536F94174C8B9DE1C34297281D471.d.A9C477E45607171CC2BABE6C9F577294.e.3985"}]}
COMMAND: GET /session/b94376503e01bf473405a525b5bc89ad/screenshot - {}
RESULT: {}
RESULT: {"script":"<script> [5351 bytes]","args":[{"element-6066-11e4-a52e-4f735466cecf":"f.19E536F94174C8B9DE1C34297281D471.d.A9C477E45607171CC2BABE6C9F577294.e.3985","ELEMENT":"f.19E536F94174C8B9DE1C34297281D471.d.A9C477E45607171CC2BABE6C9F577294.e.3985"}]}
COMMAND: GET /session/b94376503e01bf473405a525b5bc89ad/screenshot - {}
RESULT: {}
RESULT: {}
COMMAND: POST /session/b94376503e01bf473405a525b5bc89ad/execute/async - {"script":"<script> [1562 bytes]","args":[{"selector":{"id":"application-managepartners-display-component---masterPtm--smartFilterBar-btnBasicSearch","interaction":{"idSuffix":"I"}},"wdio_ui5_key":"applicationmanagepartners-display-component---masterPtm--smartFilterBar-btnBasicSearch"}]}
RESULT: {"script":"<script> [1562 bytes]","args":[{"selector":{"id":"application-managepartners-display-component---masterPtm--smartFilterBar-btnBasicSearch","interaction":{"idSuffix":"I"}},"wdio_ui5_key":"applicationmanagepartners-display-component---masterPtm--smartFilterBar-btnBasicSearch"}]}
RESULT: undefined
COMMAND: POST /session/b94376503e01bf473405a525b5bc89ad/execute/async - {"script":"<script> [776 bytes]","args":[{"enterText":"1647","selector":{"id":"application-managepartners-display-component---masterPtm--smartFilterBar-btnBasicSearch","interaction":{"idSuffix":"I"}},"clearTextFirst":true,"interactionType":"ENTER_TEXT"}]}
RESULT: {"script":"<script> [776 bytes]","args":[{"enterText":"1647","selector":{"id":"application-managepartners-display-component---masterPtm--smartFilterBar-btnBasicSearch","interaction":{"idSuffix":"I"}},"clearTextFirst":true,"interactionType":"ENTER_TEXT"}]}
COMMAND: POST /session/b94376503e01bf473405a525b5bc89ad/actions - {"actions":[{"id":"action11","type":"key","parameters":{},"actions":[{"type":"keyDown","value":"î€‡"},{"type":"pause","duration":10},{"type":"keyUp","value":"î€‡"}]}]}
RESULT: {"actions":[{"id":"action11","type":"key","parameters":{},"actions":[{"type":"keyDown","value":"î€‡"},{"type":"pause","duration":10},{"type":"keyUp","value":"î€‡"}]}]}
COMMAND: GET /session/b94376503e01bf473405a525b5bc89ad/screenshot - {}
RESULT: {}
COMMAND: POST /session/b94376503e01bf473405a525b5bc89ad/elements - {"using":"xpath","value":"//table[contains(@id, \"customPartnersTable-listUl\")]/tbody/tr"}
RESULT: {"using":"xpath","value":"//table[contains(@id, \"customPartnersTable-listUl\")]/tbody/tr"}
COMMAND: POST /session/b94376503e01bf473405a525b5bc89ad/element - {"using":"xpath","value":"//table[contains(@id, \"customPartnersTable-listUl\")]/tbody/tr[1]/td[3]/span"}
RESULT: {"using":"xpath","value":"//table[contains(@id, \"customPartnersTable-listUl\")]/tbody/tr[1]/td[3]/span"}
COMMAND: POST /session/b94376503e01bf473405a525b5bc89ad/elements - {"using":"xpath","value":"//table[contains(@id, \"customPartnersTable-listUl\")]/tbody/tr[1]/td[3]/span"}
RESULT: {"using":"xpath","value":"//table[contains(@id, \"customPartnersTable-listUl\")]/tbody/tr[1]/td[3]/span"}
COMMAND: POST /session/b94376503e01bf473405a525b5bc89ad/execute/sync - {"script":"<script> [56 bytes]","args":[{"element-6066-11e4-a52e-4f735466cecf":"f.19E536F94174C8B9DE1C34297281D471.d.A9C477E45607171CC2BABE6C9F577294.e.4132","ELEMENT":"f.19E536F94174C8B9DE1C34297281D471.d.A9C477E45607171CC2BABE6C9F577294.e.4132"}]}
RESULT: {"script":"<script> [56 bytes]","args":[{"element-6066-11e4-a52e-4f735466cecf":"f.19E536F94174C8B9DE1C34297281D471.d.A9C477E45607171CC2BABE6C9F577294.e.4132","ELEMENT":"f.19E536F94174C8B9DE1C34297281D471.d.A9C477E45607171CC2BABE6C9F577294.e.4132"}]}
COMMAND: POST /session/b94376503e01bf473405a525b5bc89ad/element - {"using":"xpath","value":"(//span[contains(@id, \"imgNav\")])[1]"}
COMMAND: GET /session/b94376503e01bf473405a525b5bc89ad/screenshot - {}
RESULT: {"using":"xpath","value":"(//span[contains(@id, \"imgNav\")])[1]"}
COMMAND: POST /session/b94376503e01bf473405a525b5bc89ad/element/f.19E536F94174C8B9DE1C34297281D471.d.A9C477E45607171CC2BABE6C9F577294.e.4130/click - {}
RESULT: {}
RESULT: {}
COMMAND: GET /session/b94376503e01bf473405a525b5bc89ad/screenshot - {}
RESULT: {}
COMMAND: POST /session/b94376503e01bf473405a525b5bc89ad/element - {"using":"xpath","value":"//bdi[contains(text(), \"Edit\")]"}
RESULT: {"using":"xpath","value":"//bdi[contains(text(), \"Edit\")]"}
COMMAND: POST /session/b94376503e01bf473405a525b5bc89ad/element/f.19E536F94174C8B9DE1C34297281D471.d.A9C477E45607171CC2BABE6C9F577294.e.4277/click - {}
RESULT: {}
COMMAND: GET /session/b94376503e01bf473405a525b5bc89ad/screenshot - {}
RESULT: {}
COMMAND: POST /session/b94376503e01bf473405a525b5bc89ad/execute/async - {"script":"<script> [1562 bytes]","args":[{"selector":{"controlType":"sap.m.Input","viewName":"etm.portal.ui.managepartners.view.EditDetail","labelFor":{"text":"Name"},"interaction":{"idSuffix":"inner"}},"wdio_ui5_key":"etmportal.ui.managepartners.view.EditDetailsap.m.Input{\"text\":\"Name\"}"}]}
RESULT: {"script":"<script> [1562 bytes]","args":[{"selector":{"controlType":"sap.m.Input","viewName":"etm.portal.ui.managepartners.view.EditDetail","labelFor":{"text":"Name"},"interaction":{"idSuffix":"inner"}},"wdio_ui5_key":"etmportal.ui.managepartners.view.EditDetailsap.m.Input{\"text\":\"Name\"}"}]}
RESULT: undefined
COMMAND: POST /session/b94376503e01bf473405a525b5bc89ad/execute/async - {"script":"<script> [776 bytes]","args":[{"enterText":"Intercompany EDIT","selector":{"controlType":"sap.m.Input","viewName":"etm.portal.ui.managepartners.view.EditDetail","labelFor":{"text":"Name"},"interaction":{"idSuffix":"inner"}},"clearTextFirst":true,"interactionType":"ENTER_TEXT"}]}
RESULT: {"script":"<script> [776 bytes]","args":[{"enterText":"Intercompany EDIT","selector":{"controlType":"sap.m.Input","viewName":"etm.portal.ui.managepartners.view.EditDetail","labelFor":{"text":"Name"},"interaction":{"idSuffix":"inner"}},"clearTextFirst":true,"interactionType":"ENTER_TEXT"}]}
COMMAND: POST /session/b94376503e01bf473405a525b5bc89ad/element - {"using":"xpath","value":"(//span[contains(@id,\"addressDetailDetailsLanguage-arrow\")])[1]"}
RESULT: {"using":"xpath","value":"(//span[contains(@id,\"addressDetailDetailsLanguage-arrow\")])[1]"}
COMMAND: POST /session/b94376503e01bf473405a525b5bc89ad/element/f.19E536F94174C8B9DE1C34297281D471.d.A9C477E45607171CC2BABE6C9F577294.e.4361/click - {}
RESULT: {}
COMMAND: POST /session/b94376503e01bf473405a525b5bc89ad/element - {"using":"xpath","value":"//span[contains(text(), \"Chinese\")]"}
COMMAND: GET /session/b94376503e01bf473405a525b5bc89ad/screenshot - {}
RESULT: {"using":"xpath","value":"//span[contains(text(), \"Chinese\")]"}
COMMAND: POST /session/b94376503e01bf473405a525b5bc89ad/element/f.19E536F94174C8B9DE1C34297281D471.d.A9C477E45607171CC2BABE6C9F577294.e.4362/click - {}
RESULT: {}
RESULT: {}
COMMAND: GET /session/b94376503e01bf473405a525b5bc89ad/screenshot - {}
RESULT: {}
COMMAND: POST /session/b94376503e01bf473405a525b5bc89ad/execute/async - {"script":"<script> [1562 bytes]","args":[{"selector":{"controlType":"sap.m.Input","viewName":"etm.portal.ui.managepartners.view.EditDetail","labelFor":{"text":"City"},"interaction":{"idSuffix":"inner"}},"wdio_ui5_key":"etmportal.ui.managepartners.view.EditDetailsap.m.Input{\"text\":\"City\"}"}]}
RESULT: {"script":"<script> [1562 bytes]","args":[{"selector":{"controlType":"sap.m.Input","viewName":"etm.portal.ui.managepartners.view.EditDetail","labelFor":{"text":"City"},"interaction":{"idSuffix":"inner"}},"wdio_ui5_key":"etmportal.ui.managepartners.view.EditDetailsap.m.Input{\"text\":\"City\"}"}]}
RESULT: undefined
COMMAND: POST /session/b94376503e01bf473405a525b5bc89ad/execute/async - {"script":"<script> [776 bytes]","args":[{"enterText":"Clooj-Napoca","selector":{"controlType":"sap.m.Input","viewName":"etm.portal.ui.managepartners.view.EditDetail","labelFor":{"text":"City"},"interaction":{"idSuffix":"inner"}},"clearTextFirst":true,"interactionType":"ENTER_TEXT"}]}
RESULT: {"script":"<script> [776 bytes]","args":[{"enterText":"Clooj-Napoca","selector":{"controlType":"sap.m.Input","viewName":"etm.portal.ui.managepartners.view.EditDetail","labelFor":{"text":"City"},"interaction":{"idSuffix":"inner"}},"clearTextFirst":true,"interactionType":"ENTER_TEXT"}]}
COMMAND: POST /session/b94376503e01bf473405a525b5bc89ad/element - {"using":"xpath","value":"//button[@data-kt=\"saveButton\"]"}
RESULT: {"using":"xpath","value":"//button[@data-kt=\"saveButton\"]"}
COMMAND: POST /session/b94376503e01bf473405a525b5bc89ad/element/f.19E536F94174C8B9DE1C34297281D471.d.A9C477E45607171CC2BABE6C9F577294.e.4339/click - {}
RESULT: {}
COMMAND: GET /session/b94376503e01bf473405a525b5bc89ad/screenshot - {}
RESULT: {}
COMMAND: POST /session/b94376503e01bf473405a525b5bc89ad/execute/async - {"script":"<script> [1562 bytes]","args":[{"selector":{"id":"application-managepartners-display-component---detailPtm--addressDetailDetailsName1"},"wdio_ui5_key":"applicationmanagepartners-display-component---detailPtm--addressDetailDetailsName1"}]}
RESULT: {"script":"<script> [1562 bytes]","args":[{"selector":{"id":"application-managepartners-display-component---detailPtm--addressDetailDetailsName1"},"wdio_ui5_key":"applicationmanagepartners-display-component---detailPtm--addressDetailDetailsName1"}]}
RESULT: undefined
COMMAND: POST /session/b94376503e01bf473405a525b5bc89ad/execute/async - {"script":"<script> [6424 bytes]","args":[{"element-6066-11e4-a52e-4f735466cecf":"f.19E536F94174C8B9DE1C34297281D471.d.A9C477E45607171CC2BABE6C9F577294.e.4393"},"getValue",[]]}
RESULT: {"script":"<script> [6424 bytes]","args":[{"element-6066-11e4-a52e-4f735466cecf":"f.19E536F94174C8B9DE1C34297281D471.d.A9C477E45607171CC2BABE6C9F577294.e.4393"},"getValue",[]]}
COMMAND: POST /session/b94376503e01bf473405a525b5bc89ad/element - {"using":"xpath","value":"//input[@id = \"application-managepartners-display-component---detailPtm--addressDetailDetailsLanguage-inner\"]"}
RESULT: {"using":"xpath","value":"//input[@id = \"application-managepartners-display-component---detailPtm--addressDetailDetailsLanguage-inner\"]"}
COMMAND: GET /session/b94376503e01bf473405a525b5bc89ad/element/f.19E536F94174C8B9DE1C34297281D471.d.A9C477E45607171CC2BABE6C9F577294.e.4394/property/value - {}
RESULT: {}
COMMAND: POST /session/b94376503e01bf473405a525b5bc89ad/execute/async - {"script":"<script> [1562 bytes]","args":[{"selector":{"id":"application-managepartners-display-component---detailPtm--addressDetailDetailsCity1"},"wdio_ui5_key":"applicationmanagepartners-display-component---detailPtm--addressDetailDetailsCity1"}]}
COMMAND: GET /session/b94376503e01bf473405a525b5bc89ad/screenshot - {}
RESULT: {"script":"<script> [1562 bytes]","args":[{"selector":{"id":"application-managepartners-display-component---detailPtm--addressDetailDetailsCity1"},"wdio_ui5_key":"applicationmanagepartners-display-component---detailPtm--addressDetailDetailsCity1"}]}
RESULT: undefined
COMMAND: POST /session/b94376503e01bf473405a525b5bc89ad/execute/async - {"script":"<script> [6424 bytes]","args":[{"element-6066-11e4-a52e-4f735466cecf":"f.19E536F94174C8B9DE1C34297281D471.d.A9C477E45607171CC2BABE6C9F577294.e.4395"},"getValue",[]]}
RESULT: {}
RESULT: {"script":"<script> [6424 bytes]","args":[{"element-6066-11e4-a52e-4f735466cecf":"f.19E536F94174C8B9DE1C34297281D471.d.A9C477E45607171CC2BABE6C9F577294.e.4395"},"getValue",[]]}
COMMAND: POST /session/b94376503e01bf473405a525b5bc89ad/element - {"using":"css selector","value":"#shell-header-logo"}
RESULT: {"using":"css selector","value":"#shell-header-logo"}
COMMAND: POST /session/b94376503e01bf473405a525b5bc89ad/element/f.19E536F94174C8B9DE1C34297281D471.d.A9C477E45607171CC2BABE6C9F577294.e.3952/click - {}
RESULT: {}
COMMAND: GET /session/b94376503e01bf473405a525b5bc89ad/screenshot - {}
RESULT: {}
]]></system-out>
    </testcase>
    <testcase classname="chrome.135_0_7049_96.windows.Partner_specific_tests_US150819_US151080_US151654_US151176_US103444_US151078_US151079_US151109_US151174_US151175_US151189" name="Should create a new intracompany partner edit some of its fields US151079" time="248.975">
      <system-out><![CDATA[
COMMAND: POST /session/b94376503e01bf473405a525b5bc89ad/element - {"using":"xpath","value":"//li[.//span[text()=\"Manage Partners\"]]"}
RESULT: {"using":"xpath","value":"//li[.//span[text()=\"Manage Partners\"]]"}
COMMAND: POST /session/b94376503e01bf473405a525b5bc89ad/element - {"using":"xpath","value":"//li[.//span[text()=\"Manage Partners\"]]"}
RESULT: {"using":"xpath","value":"//li[.//span[text()=\"Manage Partners\"]]"}
COMMAND: POST /session/b94376503e01bf473405a525b5bc89ad/element - {"using":"css selector","value":"#shell-header-logo"}
RESULT: {"using":"css selector","value":"#shell-header-logo"}
COMMAND: POST /session/b94376503e01bf473405a525b5bc89ad/element/f.19E536F94174C8B9DE1C34297281D471.d.A9C477E45607171CC2BABE6C9F577294.e.4425/click - {}
COMMAND: POST /session/b94376503e01bf473405a525b5bc89ad/execute/sync - {"script":"<script> [8489 bytes]","args":[{"element-6066-11e4-a52e-4f735466cecf":"f.19E536F94174C8B9DE1C34297281D471.d.A9C477E45607171CC2BABE6C9F577294.e.4425","ELEMENT":"f.19E536F94174C8B9DE1C34297281D471.d.A9C477E45607171CC2BABE6C9F577294.e.4425"}]}
RESULT: {"script":"<script> [8489 bytes]","args":[{"element-6066-11e4-a52e-4f735466cecf":"f.19E536F94174C8B9DE1C34297281D471.d.A9C477E45607171CC2BABE6C9F577294.e.4425","ELEMENT":"f.19E536F94174C8B9DE1C34297281D471.d.A9C477E45607171CC2BABE6C9F577294.e.4425"}]}
COMMAND: POST /session/b94376503e01bf473405a525b5bc89ad/execute/sync - {"script":"<script> [5351 bytes]","args":[{"element-6066-11e4-a52e-4f735466cecf":"f.19E536F94174C8B9DE1C34297281D471.d.A9C477E45607171CC2BABE6C9F577294.e.4425","ELEMENT":"f.19E536F94174C8B9DE1C34297281D471.d.A9C477E45607171CC2BABE6C9F577294.e.4425"}]}
COMMAND: GET /session/b94376503e01bf473405a525b5bc89ad/screenshot - {}
RESULT: {}
COMMAND: GET /session/b94376503e01bf473405a525b5bc89ad/screenshot - {}
RESULT: {"script":"<script> [5351 bytes]","args":[{"element-6066-11e4-a52e-4f735466cecf":"f.19E536F94174C8B9DE1C34297281D471.d.A9C477E45607171CC2BABE6C9F577294.e.4425","ELEMENT":"f.19E536F94174C8B9DE1C34297281D471.d.A9C477E45607171CC2BABE6C9F577294.e.4425"}]}
COMMAND: GET /session/b94376503e01bf473405a525b5bc89ad/screenshot - {}
RESULT: {}
RESULT: {}
RESULT: {}
COMMAND: POST /session/b94376503e01bf473405a525b5bc89ad/refresh - {}
RESULT: {}
COMMAND: GET /session/b94376503e01bf473405a525b5bc89ad/screenshot - {}
RESULT: {}
COMMAND: POST /session/b94376503e01bf473405a525b5bc89ad/refresh - {}
RESULT: {}
COMMAND: GET /session/b94376503e01bf473405a525b5bc89ad/screenshot - {}
RESULT: {}
COMMAND: POST /session/b94376503e01bf473405a525b5bc89ad/window/fullscreen - {}
RESULT: {}
COMMAND: POST /session/b94376503e01bf473405a525b5bc89ad/execute/async - {"script":"<script> [189 bytes]","args":[]}
RESULT: {"script":"<script> [189 bytes]","args":[]}
COMMAND: POST /session/b94376503e01bf473405a525b5bc89ad/execute/async - {"script":"<script> [123 bytes]","args":[]}
RESULT: {"script":"<script> [123 bytes]","args":[]}
COMMAND: POST /session/b94376503e01bf473405a525b5bc89ad/timeouts - {"script":"<number>"}
RESULT: {"script":"<number>"}
COMMAND: GET /session/b94376503e01bf473405a525b5bc89ad/timeouts - {}
RESULT: {}
RESULT: undefined
COMMAND: POST /session/b94376503e01bf473405a525b5bc89ad/execute/async - {"script":"<script> [2676 bytes]","args":[]}
RESULT: {"script":"<script> [2676 bytes]","args":[]}
COMMAND: POST /session/b94376503e01bf473405a525b5bc89ad/execute/async - {"script":"<script> [2342 bytes]","args":[{"protocol":"http","hostname":"0.0.0.0","path":"/","capabilities":{"browserName":"chrome","goog:chromeOptions":{"binary":"C:\\Program Files\\Google\\Chrome\\Application\\chrome.exe","args":["--start-maximized"]}},"logLevel":"warn","connectionRetryTimeout":120000,"connectionRetryCount":3,"logLevels":{},"enableDirectConnect":true,"strictSSL":true,"_":"65 more keys: [\"cacheDir\",\"port\",\"requestedCapabilities\",\"automationProtocol\",\"baseUrl\",\"waitforInterval\",\"waitforTimeout\",\"onReload\",\"beforeCommand\",\"afterCommand\",\"rootDir\",\"specs\",\"suites\",\"exclude\",\"groupLogsByTestSpec\",\"excludeDriverLogs\",\"bail\",\"framework\",\"reporters\",\"services\",\"maxInstances\",\"maxInstancesPerCapability\",\"injectGlobals\",\"filesToWatch\",\"execArgv\",\"runnerEnv\",\"runner\",\"shard\",\"specFileRetries\",\"specFileRetriesDelay\",\"specFileRetriesDeferred\",\"reporterSyncInterval\",\"reporterSyncTimeout\",\"cucumberFeaturesWithLineNumbers\",\"autoCompileOpts\",\"mochaOpts\",\"jasmineOpts\",\"cucumberOpts\",\"onPrepare\",\"onWorkerStart\",\"onWorkerEnd\",\"before\",\"beforeSession\",\"beforeSuite\",\"beforeHook\",\"beforeTest\",\"afterTest\",\"afterHook\",\"afterSuite\",\"afterSession\",\"after\",\"onComplete\",\"beforeAssertion\",\"afterAssertion\",\"beforeFeature\",\"beforeScenario\",\"beforeStep\",\"afterStep\",\"afterScenario\",\"afterFeature\",\"_\",\"suite\",\"$0\",\"ignoredWorkerServices\",\"wdi5\"]"}]}
RESULT: {"script":"<script> [2342 bytes]","args":[{"protocol":"http","hostname":"0.0.0.0","path":"/","capabilities":{"browserName":"chrome","goog:chromeOptions":{"binary":"C:\\Program Files\\Google\\Chrome\\Application\\chrome.exe","args":["--start-maximized"]}},"logLevel":"warn","connectionRetryTimeout":120000,"connectionRetryCount":3,"logLevels":{},"enableDirectConnect":true,"strictSSL":true,"_":"65 more keys: [\"cacheDir\",\"port\",\"requestedCapabilities\",\"automationProtocol\",\"baseUrl\",\"waitforInterval\",\"waitforTimeout\",\"onReload\",\"beforeCommand\",\"afterCommand\",\"rootDir\",\"specs\",\"suites\",\"exclude\",\"groupLogsByTestSpec\",\"excludeDriverLogs\",\"bail\",\"framework\",\"reporters\",\"services\",\"maxInstances\",\"maxInstancesPerCapability\",\"injectGlobals\",\"filesToWatch\",\"execArgv\",\"runnerEnv\",\"runner\",\"shard\",\"specFileRetries\",\"specFileRetriesDelay\",\"specFileRetriesDeferred\",\"reporterSyncInterval\",\"reporterSyncTimeout\",\"cucumberFeaturesWithLineNumbers\",\"autoCompileOpts\",\"mochaOpts\",\"jasmineOpts\",\"cucumberOpts\",\"onPrepare\",\"onWorkerStart\",\"onWorkerEnd\",\"before\",\"beforeSession\",\"beforeSuite\",\"beforeHook\",\"beforeTest\",\"afterTest\",\"afterHook\",\"afterSuite\",\"afterSession\",\"after\",\"onComplete\",\"beforeAssertion\",\"afterAssertion\",\"beforeFeature\",\"beforeScenario\",\"beforeStep\",\"afterStep\",\"afterScenario\",\"afterFeature\",\"_\",\"suite\",\"$0\",\"ignoredWorkerServices\",\"wdi5\"]"}]}
COMMAND: POST /session/b94376503e01bf473405a525b5bc89ad/execute/async - {"script":"<script> [21126 bytes]","args":[35000]}
RESULT: {"script":"<script> [21126 bytes]","args":[35000]}
COMMAND: POST /session/b94376503e01bf473405a525b5bc89ad/window/fullscreen - {}
RESULT: {}
COMMAND: POST /session/b94376503e01bf473405a525b5bc89ad/window/fullscreen - {}
RESULT: {}
COMMAND: POST /session/b94376503e01bf473405a525b5bc89ad/execute/async - {"script":"<script> [1562 bytes]","args":[{"selector":{"controlType":"sap.m.GenericTile","properties":{"header":"Manage Partners"}},"wdio_ui5_key":"sapm.GenericTile{\"header\":\"Manage Partners\"}"}]}
RESULT: {"script":"<script> [1562 bytes]","args":[{"selector":{"controlType":"sap.m.GenericTile","properties":{"header":"Manage Partners"}},"wdio_ui5_key":"sapm.GenericTile{\"header\":\"Manage Partners\"}"}]}
RESULT: undefined
COMMAND: POST /session/b94376503e01bf473405a525b5bc89ad/element - {"using":"xpath","value":"//*[@id=\"__tile30\"]"}
RESULT: {"using":"xpath","value":"//*[@id=\"__tile30\"]"}
COMMAND: POST /session/b94376503e01bf473405a525b5bc89ad/element/f.19E536F94174C8B9DE1C34297281D471.d.8A41684DADC3E021AC9E8D9E7E13BEFD.e.4496/click - {}
RESULT: {}
COMMAND: POST /session/b94376503e01bf473405a525b5bc89ad/element - {"using":"xpath","value":"//button[@data-kt=\"addButton\"]"}
COMMAND: GET /session/b94376503e01bf473405a525b5bc89ad/screenshot - {}
RESULT: {"using":"xpath","value":"//button[@data-kt=\"addButton\"]"}
COMMAND: POST /session/b94376503e01bf473405a525b5bc89ad/elements - {"using":"xpath","value":"//button[@data-kt=\"addButton\"]"}
RESULT: {}
RESULT: {"using":"xpath","value":"//button[@data-kt=\"addButton\"]"}
COMMAND: POST /session/b94376503e01bf473405a525b5bc89ad/elements - {"using":"xpath","value":"//button[@data-kt=\"addButton\"]"}
RESULT: {"using":"xpath","value":"//button[@data-kt=\"addButton\"]"}
COMMAND: POST /session/b94376503e01bf473405a525b5bc89ad/elements - {"using":"xpath","value":"//button[@data-kt=\"addButton\"]"}
RESULT: {"using":"xpath","value":"//button[@data-kt=\"addButton\"]"}
COMMAND: POST /session/b94376503e01bf473405a525b5bc89ad/elements - {"using":"xpath","value":"//button[@data-kt=\"addButton\"]"}
RESULT: {"using":"xpath","value":"//button[@data-kt=\"addButton\"]"}
COMMAND: POST /session/b94376503e01bf473405a525b5bc89ad/elements - {"using":"xpath","value":"//button[@data-kt=\"addButton\"]"}
RESULT: {"using":"xpath","value":"//button[@data-kt=\"addButton\"]"}
COMMAND: POST /session/b94376503e01bf473405a525b5bc89ad/elements - {"using":"xpath","value":"//button[@data-kt=\"addButton\"]"}
RESULT: {"using":"xpath","value":"//button[@data-kt=\"addButton\"]"}
COMMAND: POST /session/b94376503e01bf473405a525b5bc89ad/elements - {"using":"xpath","value":"//button[@data-kt=\"addButton\"]"}
RESULT: {"using":"xpath","value":"//button[@data-kt=\"addButton\"]"}
COMMAND: POST /session/b94376503e01bf473405a525b5bc89ad/elements - {"using":"xpath","value":"//button[@data-kt=\"addButton\"]"}
RESULT: {"using":"xpath","value":"//button[@data-kt=\"addButton\"]"}
COMMAND: POST /session/b94376503e01bf473405a525b5bc89ad/elements - {"using":"xpath","value":"//button[@data-kt=\"addButton\"]"}
RESULT: {"using":"xpath","value":"//button[@data-kt=\"addButton\"]"}
COMMAND: POST /session/b94376503e01bf473405a525b5bc89ad/elements - {"using":"xpath","value":"//button[@data-kt=\"addButton\"]"}
RESULT: {"using":"xpath","value":"//button[@data-kt=\"addButton\"]"}
COMMAND: POST /session/b94376503e01bf473405a525b5bc89ad/elements - {"using":"xpath","value":"//button[@data-kt=\"addButton\"]"}
RESULT: {"using":"xpath","value":"//button[@data-kt=\"addButton\"]"}
COMMAND: POST /session/b94376503e01bf473405a525b5bc89ad/elements - {"using":"xpath","value":"//button[@data-kt=\"addButton\"]"}
RESULT: {"using":"xpath","value":"//button[@data-kt=\"addButton\"]"}
COMMAND: POST /session/b94376503e01bf473405a525b5bc89ad/elements - {"using":"xpath","value":"//button[@data-kt=\"addButton\"]"}
RESULT: {"using":"xpath","value":"//button[@data-kt=\"addButton\"]"}
COMMAND: POST /session/b94376503e01bf473405a525b5bc89ad/elements - {"using":"xpath","value":"//button[@data-kt=\"addButton\"]"}
RESULT: {"using":"xpath","value":"//button[@data-kt=\"addButton\"]"}
COMMAND: POST /session/b94376503e01bf473405a525b5bc89ad/elements - {"using":"xpath","value":"//button[@data-kt=\"addButton\"]"}
RESULT: {"using":"xpath","value":"//button[@data-kt=\"addButton\"]"}
COMMAND: POST /session/b94376503e01bf473405a525b5bc89ad/elements - {"using":"xpath","value":"//button[@data-kt=\"addButton\"]"}
RESULT: {"using":"xpath","value":"//button[@data-kt=\"addButton\"]"}
COMMAND: POST /session/b94376503e01bf473405a525b5bc89ad/elements - {"using":"xpath","value":"//button[@data-kt=\"addButton\"]"}
RESULT: {"using":"xpath","value":"//button[@data-kt=\"addButton\"]"}
COMMAND: POST /session/b94376503e01bf473405a525b5bc89ad/elements - {"using":"xpath","value":"//button[@data-kt=\"addButton\"]"}
RESULT: {"using":"xpath","value":"//button[@data-kt=\"addButton\"]"}
COMMAND: POST /session/b94376503e01bf473405a525b5bc89ad/elements - {"using":"xpath","value":"//button[@data-kt=\"addButton\"]"}
RESULT: {"using":"xpath","value":"//button[@data-kt=\"addButton\"]"}
COMMAND: POST /session/b94376503e01bf473405a525b5bc89ad/elements - {"using":"xpath","value":"//button[@data-kt=\"addButton\"]"}
RESULT: {"using":"xpath","value":"//button[@data-kt=\"addButton\"]"}
COMMAND: POST /session/b94376503e01bf473405a525b5bc89ad/elements - {"using":"xpath","value":"//button[@data-kt=\"addButton\"]"}
RESULT: {"using":"xpath","value":"//button[@data-kt=\"addButton\"]"}
COMMAND: POST /session/b94376503e01bf473405a525b5bc89ad/elements - {"using":"xpath","value":"//button[@data-kt=\"addButton\"]"}
RESULT: {"using":"xpath","value":"//button[@data-kt=\"addButton\"]"}
COMMAND: POST /session/b94376503e01bf473405a525b5bc89ad/elements - {"using":"xpath","value":"//button[@data-kt=\"addButton\"]"}
RESULT: {"using":"xpath","value":"//button[@data-kt=\"addButton\"]"}
COMMAND: POST /session/b94376503e01bf473405a525b5bc89ad/elements - {"using":"xpath","value":"//button[@data-kt=\"addButton\"]"}
RESULT: {"using":"xpath","value":"//button[@data-kt=\"addButton\"]"}
COMMAND: POST /session/b94376503e01bf473405a525b5bc89ad/elements - {"using":"xpath","value":"//button[@data-kt=\"addButton\"]"}
RESULT: {"using":"xpath","value":"//button[@data-kt=\"addButton\"]"}
COMMAND: POST /session/b94376503e01bf473405a525b5bc89ad/elements - {"using":"xpath","value":"//button[@data-kt=\"addButton\"]"}
RESULT: {"using":"xpath","value":"//button[@data-kt=\"addButton\"]"}
COMMAND: POST /session/b94376503e01bf473405a525b5bc89ad/elements - {"using":"xpath","value":"//button[@data-kt=\"addButton\"]"}
RESULT: {"using":"xpath","value":"//button[@data-kt=\"addButton\"]"}
COMMAND: POST /session/b94376503e01bf473405a525b5bc89ad/elements - {"using":"xpath","value":"//button[@data-kt=\"addButton\"]"}
RESULT: {"using":"xpath","value":"//button[@data-kt=\"addButton\"]"}
COMMAND: POST /session/b94376503e01bf473405a525b5bc89ad/elements - {"using":"xpath","value":"//button[@data-kt=\"addButton\"]"}
RESULT: {"using":"xpath","value":"//button[@data-kt=\"addButton\"]"}
COMMAND: POST /session/b94376503e01bf473405a525b5bc89ad/elements - {"using":"xpath","value":"//button[@data-kt=\"addButton\"]"}
RESULT: {"using":"xpath","value":"//button[@data-kt=\"addButton\"]"}
COMMAND: POST /session/b94376503e01bf473405a525b5bc89ad/elements - {"using":"xpath","value":"//button[@data-kt=\"addButton\"]"}
RESULT: {"using":"xpath","value":"//button[@data-kt=\"addButton\"]"}
COMMAND: POST /session/b94376503e01bf473405a525b5bc89ad/elements - {"using":"xpath","value":"//button[@data-kt=\"addButton\"]"}
RESULT: {"using":"xpath","value":"//button[@data-kt=\"addButton\"]"}
COMMAND: POST /session/b94376503e01bf473405a525b5bc89ad/elements - {"using":"xpath","value":"//button[@data-kt=\"addButton\"]"}
RESULT: {"using":"xpath","value":"//button[@data-kt=\"addButton\"]"}
COMMAND: POST /session/b94376503e01bf473405a525b5bc89ad/elements - {"using":"xpath","value":"//button[@data-kt=\"addButton\"]"}
RESULT: {"using":"xpath","value":"//button[@data-kt=\"addButton\"]"}
COMMAND: POST /session/b94376503e01bf473405a525b5bc89ad/elements - {"using":"xpath","value":"//button[@data-kt=\"addButton\"]"}
RESULT: {"using":"xpath","value":"//button[@data-kt=\"addButton\"]"}
COMMAND: POST /session/b94376503e01bf473405a525b5bc89ad/elements - {"using":"xpath","value":"//button[@data-kt=\"addButton\"]"}
RESULT: {"using":"xpath","value":"//button[@data-kt=\"addButton\"]"}
COMMAND: POST /session/b94376503e01bf473405a525b5bc89ad/elements - {"using":"xpath","value":"//button[@data-kt=\"addButton\"]"}
RESULT: {"using":"xpath","value":"//button[@data-kt=\"addButton\"]"}
COMMAND: POST /session/b94376503e01bf473405a525b5bc89ad/elements - {"using":"xpath","value":"//button[@data-kt=\"addButton\"]"}
RESULT: {"using":"xpath","value":"//button[@data-kt=\"addButton\"]"}
COMMAND: POST /session/b94376503e01bf473405a525b5bc89ad/elements - {"using":"xpath","value":"//button[@data-kt=\"addButton\"]"}
RESULT: {"using":"xpath","value":"//button[@data-kt=\"addButton\"]"}
COMMAND: POST /session/b94376503e01bf473405a525b5bc89ad/elements - {"using":"xpath","value":"//button[@data-kt=\"addButton\"]"}
RESULT: {"using":"xpath","value":"//button[@data-kt=\"addButton\"]"}
COMMAND: POST /session/b94376503e01bf473405a525b5bc89ad/elements - {"using":"xpath","value":"//button[@data-kt=\"addButton\"]"}
RESULT: {"using":"xpath","value":"//button[@data-kt=\"addButton\"]"}
COMMAND: POST /session/b94376503e01bf473405a525b5bc89ad/elements - {"using":"xpath","value":"//button[@data-kt=\"addButton\"]"}
RESULT: {"using":"xpath","value":"//button[@data-kt=\"addButton\"]"}
COMMAND: POST /session/b94376503e01bf473405a525b5bc89ad/elements - {"using":"xpath","value":"//button[@data-kt=\"addButton\"]"}
RESULT: {"using":"xpath","value":"//button[@data-kt=\"addButton\"]"}
COMMAND: POST /session/b94376503e01bf473405a525b5bc89ad/elements - {"using":"xpath","value":"//button[@data-kt=\"addButton\"]"}
RESULT: {"using":"xpath","value":"//button[@data-kt=\"addButton\"]"}
COMMAND: POST /session/b94376503e01bf473405a525b5bc89ad/elements - {"using":"xpath","value":"//button[@data-kt=\"addButton\"]"}
RESULT: {"using":"xpath","value":"//button[@data-kt=\"addButton\"]"}
COMMAND: POST /session/b94376503e01bf473405a525b5bc89ad/elements - {"using":"xpath","value":"//button[@data-kt=\"addButton\"]"}
RESULT: {"using":"xpath","value":"//button[@data-kt=\"addButton\"]"}
COMMAND: POST /session/b94376503e01bf473405a525b5bc89ad/elements - {"using":"xpath","value":"//button[@data-kt=\"addButton\"]"}
RESULT: {"using":"xpath","value":"//button[@data-kt=\"addButton\"]"}
COMMAND: POST /session/b94376503e01bf473405a525b5bc89ad/elements - {"using":"xpath","value":"//button[@data-kt=\"addButton\"]"}
RESULT: {"using":"xpath","value":"//button[@data-kt=\"addButton\"]"}
COMMAND: POST /session/b94376503e01bf473405a525b5bc89ad/elements - {"using":"xpath","value":"//button[@data-kt=\"addButton\"]"}
RESULT: {"using":"xpath","value":"//button[@data-kt=\"addButton\"]"}
COMMAND: POST /session/b94376503e01bf473405a525b5bc89ad/elements - {"using":"xpath","value":"//button[@data-kt=\"addButton\"]"}
RESULT: {"using":"xpath","value":"//button[@data-kt=\"addButton\"]"}
COMMAND: POST /session/b94376503e01bf473405a525b5bc89ad/elements - {"using":"xpath","value":"//button[@data-kt=\"addButton\"]"}
RESULT: {"using":"xpath","value":"//button[@data-kt=\"addButton\"]"}
COMMAND: POST /session/b94376503e01bf473405a525b5bc89ad/elements - {"using":"xpath","value":"//button[@data-kt=\"addButton\"]"}
RESULT: {"using":"xpath","value":"//button[@data-kt=\"addButton\"]"}
COMMAND: POST /session/b94376503e01bf473405a525b5bc89ad/elements - {"using":"xpath","value":"//button[@data-kt=\"addButton\"]"}
RESULT: {"using":"xpath","value":"//button[@data-kt=\"addButton\"]"}
COMMAND: POST /session/b94376503e01bf473405a525b5bc89ad/elements - {"using":"xpath","value":"//button[@data-kt=\"addButton\"]"}
RESULT: {"using":"xpath","value":"//button[@data-kt=\"addButton\"]"}
COMMAND: POST /session/b94376503e01bf473405a525b5bc89ad/elements - {"using":"xpath","value":"//button[@data-kt=\"addButton\"]"}
RESULT: {"using":"xpath","value":"//button[@data-kt=\"addButton\"]"}
COMMAND: POST /session/b94376503e01bf473405a525b5bc89ad/element - {"using":"xpath","value":"//button[@data-kt=\"addButton\"]"}
RESULT: {"using":"xpath","value":"//button[@data-kt=\"addButton\"]"}
COMMAND: POST /session/b94376503e01bf473405a525b5bc89ad/execute/sync - {"script":"<script> [8489 bytes]","args":[{"element-6066-11e4-a52e-4f735466cecf":"f.19E536F94174C8B9DE1C34297281D471.d.8A41684DADC3E021AC9E8D9E7E13BEFD.e.4611","ELEMENT":"f.19E536F94174C8B9DE1C34297281D471.d.8A41684DADC3E021AC9E8D9E7E13BEFD.e.4611"}]}
RESULT: {"script":"<script> [8489 bytes]","args":[{"element-6066-11e4-a52e-4f735466cecf":"f.19E536F94174C8B9DE1C34297281D471.d.8A41684DADC3E021AC9E8D9E7E13BEFD.e.4611","ELEMENT":"f.19E536F94174C8B9DE1C34297281D471.d.8A41684DADC3E021AC9E8D9E7E13BEFD.e.4611"}]}
COMMAND: GET /session/b94376503e01bf473405a525b5bc89ad/element/f.19E536F94174C8B9DE1C34297281D471.d.8A41684DADC3E021AC9E8D9E7E13BEFD.e.4611/enabled - {}
COMMAND: GET /session/b94376503e01bf473405a525b5bc89ad/screenshot - {}
RESULT: {}
COMMAND: POST /session/b94376503e01bf473405a525b5bc89ad/execute/sync - {"script":"<script> [8489 bytes]","args":[{"element-6066-11e4-a52e-4f735466cecf":"f.19E536F94174C8B9DE1C34297281D471.d.8A41684DADC3E021AC9E8D9E7E13BEFD.e.4611","ELEMENT":"f.19E536F94174C8B9DE1C34297281D471.d.8A41684DADC3E021AC9E8D9E7E13BEFD.e.4611"}]}
COMMAND: GET /session/b94376503e01bf473405a525b5bc89ad/screenshot - {}
RESULT: {}
RESULT: {"script":"<script> [8489 bytes]","args":[{"element-6066-11e4-a52e-4f735466cecf":"f.19E536F94174C8B9DE1C34297281D471.d.8A41684DADC3E021AC9E8D9E7E13BEFD.e.4611","ELEMENT":"f.19E536F94174C8B9DE1C34297281D471.d.8A41684DADC3E021AC9E8D9E7E13BEFD.e.4611"}]}
COMMAND: POST /session/b94376503e01bf473405a525b5bc89ad/execute/sync - {"script":"<script> [5351 bytes]","args":[{"element-6066-11e4-a52e-4f735466cecf":"f.19E536F94174C8B9DE1C34297281D471.d.8A41684DADC3E021AC9E8D9E7E13BEFD.e.4611","ELEMENT":"f.19E536F94174C8B9DE1C34297281D471.d.8A41684DADC3E021AC9E8D9E7E13BEFD.e.4611"}]}
COMMAND: GET /session/b94376503e01bf473405a525b5bc89ad/screenshot - {}
RESULT: {}
RESULT: {"script":"<script> [5351 bytes]","args":[{"element-6066-11e4-a52e-4f735466cecf":"f.19E536F94174C8B9DE1C34297281D471.d.8A41684DADC3E021AC9E8D9E7E13BEFD.e.4611","ELEMENT":"f.19E536F94174C8B9DE1C34297281D471.d.8A41684DADC3E021AC9E8D9E7E13BEFD.e.4611"}]}
COMMAND: POST /session/b94376503e01bf473405a525b5bc89ad/element/f.19E536F94174C8B9DE1C34297281D471.d.8A41684DADC3E021AC9E8D9E7E13BEFD.e.4611/click - {}
COMMAND: GET /session/b94376503e01bf473405a525b5bc89ad/screenshot - {}
RESULT: {}
RESULT: {}
COMMAND: GET /session/b94376503e01bf473405a525b5bc89ad/screenshot - {}
COMMAND: POST /session/b94376503e01bf473405a525b5bc89ad/execute/async - {"script":"<script> [1562 bytes]","args":[{"selector":{"id":"application-managepartners-display-component---NewPartner--addressDetailDetailsName1","interaction":{"idSuffix":"inner"}},"wdio_ui5_key":"applicationmanagepartners-display-component---NewPartner--addressDetailDetailsName1"}]}
RESULT: {}
RESULT: {}
RESULT: {"script":"<script> [1562 bytes]","args":[{"selector":{"id":"application-managepartners-display-component---NewPartner--addressDetailDetailsName1","interaction":{"idSuffix":"inner"}},"wdio_ui5_key":"applicationmanagepartners-display-component---NewPartner--addressDetailDetailsName1"}]}
RESULT: undefined
COMMAND: POST /session/b94376503e01bf473405a525b5bc89ad/execute/async - {"script":"<script> [776 bytes]","args":[{"enterText":"Intracompany Partner WDIO","selector":{"id":"application-managepartners-display-component---NewPartner--addressDetailDetailsName1","interaction":{"idSuffix":"inner"}},"clearTextFirst":true,"interactionType":"ENTER_TEXT"}]}
RESULT: {"script":"<script> [776 bytes]","args":[{"enterText":"Intracompany Partner WDIO","selector":{"id":"application-managepartners-display-component---NewPartner--addressDetailDetailsName1","interaction":{"idSuffix":"inner"}},"clearTextFirst":true,"interactionType":"ENTER_TEXT"}]}
COMMAND: POST /session/b94376503e01bf473405a525b5bc89ad/execute/async - {"script":"<script> [1562 bytes]","args":[{"selector":{"id":"application-managepartners-display-component---NewPartner--addressDetailDetailsLanguage-arrow"},"wdio_ui5_key":"applicationmanagepartners-display-component---NewPartner--addressDetailDetailsLanguage-arrow"}]}
RESULT: {"script":"<script> [1562 bytes]","args":[{"selector":{"id":"application-managepartners-display-component---NewPartner--addressDetailDetailsLanguage-arrow"},"wdio_ui5_key":"applicationmanagepartners-display-component---NewPartner--addressDetailDetailsLanguage-arrow"}]}
RESULT: undefined
COMMAND: POST /session/b94376503e01bf473405a525b5bc89ad/element - {"using":"xpath","value":"//*[@id=\"application-managepartners-display-component---NewPartner--addressDetailDetailsLanguage-arrow\"]"}
RESULT: {"using":"xpath","value":"//*[@id=\"application-managepartners-display-component---NewPartner--addressDetailDetailsLanguage-arrow\"]"}
COMMAND: POST /session/b94376503e01bf473405a525b5bc89ad/element/f.19E536F94174C8B9DE1C34297281D471.d.8A41684DADC3E021AC9E8D9E7E13BEFD.e.5052/click - {}
RESULT: {}
COMMAND: POST /session/b94376503e01bf473405a525b5bc89ad/element - {"using":"xpath","value":"//span[contains(text(), \"English\")]"}
COMMAND: GET /session/b94376503e01bf473405a525b5bc89ad/screenshot - {}
RESULT: {"using":"xpath","value":"//span[contains(text(), \"English\")]"}
COMMAND: POST /session/b94376503e01bf473405a525b5bc89ad/element/f.19E536F94174C8B9DE1C34297281D471.d.8A41684DADC3E021AC9E8D9E7E13BEFD.e.5053/click - {}
RESULT: {}
RESULT: {}
COMMAND: GET /session/b94376503e01bf473405a525b5bc89ad/screenshot - {}
RESULT: {}
COMMAND: POST /session/b94376503e01bf473405a525b5bc89ad/execute/async - {"script":"<script> [1562 bytes]","args":[{"selector":{"id":"application-managepartners-display-component---NewPartner--addressDetailDetailsCity1","interaction":{"idSuffix":"inner"}},"wdio_ui5_key":"applicationmanagepartners-display-component---NewPartner--addressDetailDetailsCity1"}]}
RESULT: {"script":"<script> [1562 bytes]","args":[{"selector":{"id":"application-managepartners-display-component---NewPartner--addressDetailDetailsCity1","interaction":{"idSuffix":"inner"}},"wdio_ui5_key":"applicationmanagepartners-display-component---NewPartner--addressDetailDetailsCity1"}]}
RESULT: undefined
COMMAND: POST /session/b94376503e01bf473405a525b5bc89ad/execute/async - {"script":"<script> [776 bytes]","args":[{"enterText":"Rosario","selector":{"id":"application-managepartners-display-component---NewPartner--addressDetailDetailsCity1","interaction":{"idSuffix":"inner"}},"clearTextFirst":true,"interactionType":"ENTER_TEXT"}]}
RESULT: {"script":"<script> [776 bytes]","args":[{"enterText":"Rosario","selector":{"id":"application-managepartners-display-component---NewPartner--addressDetailDetailsCity1","interaction":{"idSuffix":"inner"}},"clearTextFirst":true,"interactionType":"ENTER_TEXT"}]}
COMMAND: POST /session/b94376503e01bf473405a525b5bc89ad/execute/async - {"script":"<script> [1562 bytes]","args":[{"selector":{"id":"application-managepartners-display-component---NewPartner--addressDetailDetailsCountry-arrow"},"wdio_ui5_key":"applicationmanagepartners-display-component---NewPartner--addressDetailDetailsCountry-arrow"}]}
RESULT: {"script":"<script> [1562 bytes]","args":[{"selector":{"id":"application-managepartners-display-component---NewPartner--addressDetailDetailsCountry-arrow"},"wdio_ui5_key":"applicationmanagepartners-display-component---NewPartner--addressDetailDetailsCountry-arrow"}]}
RESULT: undefined
COMMAND: POST /session/b94376503e01bf473405a525b5bc89ad/element - {"using":"xpath","value":"//*[@id=\"application-managepartners-display-component---NewPartner--addressDetailDetailsCountry-arrow\"]"}
RESULT: {"using":"xpath","value":"//*[@id=\"application-managepartners-display-component---NewPartner--addressDetailDetailsCountry-arrow\"]"}
COMMAND: POST /session/b94376503e01bf473405a525b5bc89ad/element/f.19E536F94174C8B9DE1C34297281D471.d.8A41684DADC3E021AC9E8D9E7E13BEFD.e.5031/click - {}
RESULT: {}
COMMAND: POST /session/b94376503e01bf473405a525b5bc89ad/element - {"using":"xpath","value":"//span[contains(text(), \"Argentina\")]"}
COMMAND: GET /session/b94376503e01bf473405a525b5bc89ad/screenshot - {}
RESULT: {"using":"xpath","value":"//span[contains(text(), \"Argentina\")]"}
COMMAND: POST /session/b94376503e01bf473405a525b5bc89ad/element/f.19E536F94174C8B9DE1C34297281D471.d.8A41684DADC3E021AC9E8D9E7E13BEFD.e.5055/click - {}
RESULT: {}
RESULT: {}
COMMAND: GET /session/b94376503e01bf473405a525b5bc89ad/screenshot - {}
RESULT: {}
COMMAND: POST /session/b94376503e01bf473405a525b5bc89ad/element - {"using":"xpath","value":"//bdi[contains(text(), \"Commercial\")]"}
RESULT: {"using":"xpath","value":"//bdi[contains(text(), \"Commercial\")]"}
COMMAND: POST /session/b94376503e01bf473405a525b5bc89ad/element/f.19E536F94174C8B9DE1C34297281D471.d.8A41684DADC3E021AC9E8D9E7E13BEFD.e.5056/click - {}
RESULT: {}
COMMAND: GET /session/b94376503e01bf473405a525b5bc89ad/screenshot - {}
RESULT: {}
COMMAND: POST /session/b94376503e01bf473405a525b5bc89ad/execute/async - {"script":"<script> [1562 bytes]","args":[{"selector":{"id":"application-managepartners-display-component---NewPartner--partnerDetailInternal-arrow"},"wdio_ui5_key":"applicationmanagepartners-display-component---NewPartner--partnerDetailInternal-arrow"}]}
RESULT: {"script":"<script> [1562 bytes]","args":[{"selector":{"id":"application-managepartners-display-component---NewPartner--partnerDetailInternal-arrow"},"wdio_ui5_key":"applicationmanagepartners-display-component---NewPartner--partnerDetailInternal-arrow"}]}
RESULT: undefined
COMMAND: POST /session/b94376503e01bf473405a525b5bc89ad/element - {"using":"xpath","value":"//*[@id=\"application-managepartners-display-component---NewPartner--partnerDetailInternal-arrow\"]"}
RESULT: {"using":"xpath","value":"//*[@id=\"application-managepartners-display-component---NewPartner--partnerDetailInternal-arrow\"]"}
COMMAND: POST /session/b94376503e01bf473405a525b5bc89ad/element/f.19E536F94174C8B9DE1C34297281D471.d.8A41684DADC3E021AC9E8D9E7E13BEFD.e.5062/click - {}
RESULT: {}
COMMAND: POST /session/b94376503e01bf473405a525b5bc89ad/element - {"using":"xpath","value":"//span[contains(text(), \"Affiliated company\")]"}
COMMAND: GET /session/b94376503e01bf473405a525b5bc89ad/screenshot - {}
RESULT: {"using":"xpath","value":"//span[contains(text(), \"Affiliated company\")]"}
COMMAND: POST /session/b94376503e01bf473405a525b5bc89ad/element/f.19E536F94174C8B9DE1C34297281D471.d.8A41684DADC3E021AC9E8D9E7E13BEFD.e.5064/click - {}
RESULT: {}
RESULT: {}
COMMAND: POST /session/b94376503e01bf473405a525b5bc89ad/execute/async - {"script":"<script> [1562 bytes]","args":[{"selector":{"id":"application-managepartners-display-component---NewPartner--partnerDetailsCurrency-arrow"},"wdio_ui5_key":"applicationmanagepartners-display-component---NewPartner--partnerDetailsCurrency-arrow"}]}
COMMAND: GET /session/b94376503e01bf473405a525b5bc89ad/screenshot - {}
RESULT: {"script":"<script> [1562 bytes]","args":[{"selector":{"id":"application-managepartners-display-component---NewPartner--partnerDetailsCurrency-arrow"},"wdio_ui5_key":"applicationmanagepartners-display-component---NewPartner--partnerDetailsCurrency-arrow"}]}
RESULT: undefined
COMMAND: POST /session/b94376503e01bf473405a525b5bc89ad/element - {"using":"xpath","value":"//*[@id=\"application-managepartners-display-component---NewPartner--partnerDetailsCurrency-arrow\"]"}
RESULT: {}
RESULT: {"using":"xpath","value":"//*[@id=\"application-managepartners-display-component---NewPartner--partnerDetailsCurrency-arrow\"]"}
COMMAND: POST /session/b94376503e01bf473405a525b5bc89ad/element/f.19E536F94174C8B9DE1C34297281D471.d.8A41684DADC3E021AC9E8D9E7E13BEFD.e.5071/click - {}
RESULT: {}
COMMAND: POST /session/b94376503e01bf473405a525b5bc89ad/element - {"using":"xpath","value":"//span[contains(text(), \"Euro\")]"}
COMMAND: GET /session/b94376503e01bf473405a525b5bc89ad/screenshot - {}
RESULT: {"using":"xpath","value":"//span[contains(text(), \"Euro\")]"}
COMMAND: POST /session/b94376503e01bf473405a525b5bc89ad/element/f.19E536F94174C8B9DE1C34297281D471.d.8A41684DADC3E021AC9E8D9E7E13BEFD.e.5072/click - {}
RESULT: {}
RESULT: {}
COMMAND: POST /session/b94376503e01bf473405a525b5bc89ad/execute/async - {"script":"<script> [1562 bytes]","args":[{"selector":{"id":"application-managepartners-display-component---NewPartner--addressEditDetailsCostObjectCstType-arrow"},"wdio_ui5_key":"applicationmanagepartners-display-component---NewPartner--addressEditDetailsCostObjectCstType-arrow"}]}
COMMAND: GET /session/b94376503e01bf473405a525b5bc89ad/screenshot - {}
RESULT: {"script":"<script> [1562 bytes]","args":[{"selector":{"id":"application-managepartners-display-component---NewPartner--addressEditDetailsCostObjectCstType-arrow"},"wdio_ui5_key":"applicationmanagepartners-display-component---NewPartner--addressEditDetailsCostObjectCstType-arrow"}]}
RESULT: undefined
COMMAND: POST /session/b94376503e01bf473405a525b5bc89ad/element - {"using":"xpath","value":"//*[@id=\"application-managepartners-display-component---NewPartner--addressEditDetailsCostObjectCstType-arrow\"]"}
RESULT: {}
RESULT: {"using":"xpath","value":"//*[@id=\"application-managepartners-display-component---NewPartner--addressEditDetailsCostObjectCstType-arrow\"]"}
COMMAND: POST /session/b94376503e01bf473405a525b5bc89ad/element/f.19E536F94174C8B9DE1C34297281D471.d.8A41684DADC3E021AC9E8D9E7E13BEFD.e.5073/click - {}
RESULT: {}
COMMAND: POST /session/b94376503e01bf473405a525b5bc89ad/element - {"using":"xpath","value":"//span[contains(text(), \"Cost Center\")]"}
COMMAND: GET /session/b94376503e01bf473405a525b5bc89ad/screenshot - {}
RESULT: {"using":"xpath","value":"//span[contains(text(), \"Cost Center\")]"}
COMMAND: POST /session/b94376503e01bf473405a525b5bc89ad/element/f.19E536F94174C8B9DE1C34297281D471.d.8A41684DADC3E021AC9E8D9E7E13BEFD.e.5074/click - {}
RESULT: {}
RESULT: {}
COMMAND: GET /session/b94376503e01bf473405a525b5bc89ad/screenshot - {}
RESULT: {}
COMMAND: POST /session/b94376503e01bf473405a525b5bc89ad/element - {"using":"xpath","value":"//span[@id=\"application-managepartners-display-component---NewPartner--addressNewCostObjectCstID-vhi\"]"}
RESULT: {"using":"xpath","value":"//span[@id=\"application-managepartners-display-component---NewPartner--addressNewCostObjectCstID-vhi\"]"}
COMMAND: POST /session/b94376503e01bf473405a525b5bc89ad/execute/sync - {"script":"<script> [8489 bytes]","args":[{"element-6066-11e4-a52e-4f735466cecf":"f.19E536F94174C8B9DE1C34297281D471.d.8A41684DADC3E021AC9E8D9E7E13BEFD.e.5077","ELEMENT":"f.19E536F94174C8B9DE1C34297281D471.d.8A41684DADC3E021AC9E8D9E7E13BEFD.e.5077"}]}
RESULT: {"script":"<script> [8489 bytes]","args":[{"element-6066-11e4-a52e-4f735466cecf":"f.19E536F94174C8B9DE1C34297281D471.d.8A41684DADC3E021AC9E8D9E7E13BEFD.e.5077","ELEMENT":"f.19E536F94174C8B9DE1C34297281D471.d.8A41684DADC3E021AC9E8D9E7E13BEFD.e.5077"}]}
COMMAND: POST /session/b94376503e01bf473405a525b5bc89ad/execute/async - {"script":"<script> [1562 bytes]","args":[{"selector":{"id":"application-managepartners-display-component---NewPartner--addressNewCostObjectCstID-vhi"},"wdio_ui5_key":"applicationmanagepartners-display-component---NewPartner--addressNewCostObjectCstID-vhi"}]}
COMMAND: GET /session/b94376503e01bf473405a525b5bc89ad/screenshot - {}
RESULT: {"script":"<script> [1562 bytes]","args":[{"selector":{"id":"application-managepartners-display-component---NewPartner--addressNewCostObjectCstID-vhi"},"wdio_ui5_key":"applicationmanagepartners-display-component---NewPartner--addressNewCostObjectCstID-vhi"}]}
RESULT: undefined
COMMAND: POST /session/b94376503e01bf473405a525b5bc89ad/element - {"using":"xpath","value":"//*[@id=\"application-managepartners-display-component---NewPartner--addressNewCostObjectCstID-vhi\"]"}
RESULT: {}
RESULT: {"using":"xpath","value":"//*[@id=\"application-managepartners-display-component---NewPartner--addressNewCostObjectCstID-vhi\"]"}
COMMAND: POST /session/b94376503e01bf473405a525b5bc89ad/element/f.19E536F94174C8B9DE1C34297281D471.d.8A41684DADC3E021AC9E8D9E7E13BEFD.e.5077/click - {}
RESULT: {}
COMMAND: GET /session/b94376503e01bf473405a525b5bc89ad/screenshot - {}
RESULT: {}
COMMAND: POST /session/b94376503e01bf473405a525b5bc89ad/execute/async - {"script":"<script> [1562 bytes]","args":[{"selector":{"controlType":"sap.m.SearchField","properties":{"placeholder":"Search"},"searchOpenDialogs":true,"interaction":{"idSuffix":"I"}},"wdio_ui5_key":"sapm.SearchField{\"placeholder\":\"Search\"}"}]}
RESULT: {"script":"<script> [1562 bytes]","args":[{"selector":{"controlType":"sap.m.SearchField","properties":{"placeholder":"Search"},"searchOpenDialogs":true,"interaction":{"idSuffix":"I"}},"wdio_ui5_key":"sapm.SearchField{\"placeholder\":\"Search\"}"}]}
RESULT: undefined
COMMAND: POST /session/b94376503e01bf473405a525b5bc89ad/execute/async - {"script":"<script> [776 bytes]","args":[{"enterText":"10001013","selector":{"controlType":"sap.m.SearchField","properties":{"placeholder":"Search"},"searchOpenDialogs":true,"interaction":{"idSuffix":"I"}},"clearTextFirst":true,"interactionType":"ENTER_TEXT"}]}
RESULT: {"script":"<script> [776 bytes]","args":[{"enterText":"10001013","selector":{"controlType":"sap.m.SearchField","properties":{"placeholder":"Search"},"searchOpenDialogs":true,"interaction":{"idSuffix":"I"}},"clearTextFirst":true,"interactionType":"ENTER_TEXT"}]}
COMMAND: POST /session/b94376503e01bf473405a525b5bc89ad/actions - {"actions":[{"id":"action12","type":"key","parameters":{},"actions":[{"type":"keyDown","value":"î€‡"},{"type":"pause","duration":10},{"type":"keyUp","value":"î€‡"}]}]}
RESULT: {"actions":[{"id":"action12","type":"key","parameters":{},"actions":[{"type":"keyDown","value":"î€‡"},{"type":"pause","duration":10},{"type":"keyUp","value":"î€‡"}]}]}
COMMAND: GET /session/b94376503e01bf473405a525b5bc89ad/screenshot - {}
RESULT: {}
COMMAND: POST /session/b94376503e01bf473405a525b5bc89ad/element - {"using":"xpath","value":"//span[contains(text(), \"General Management\")]"}
RESULT: {"using":"xpath","value":"//span[contains(text(), \"General Management\")]"}
COMMAND: POST /session/b94376503e01bf473405a525b5bc89ad/element/f.19E536F94174C8B9DE1C34297281D471.d.8A41684DADC3E021AC9E8D9E7E13BEFD.e.5119/click - {}
RESULT: {}
COMMAND: GET /session/b94376503e01bf473405a525b5bc89ad/screenshot - {}
RESULT: {}
COMMAND: POST /session/b94376503e01bf473405a525b5bc89ad/element - {"using":"xpath","value":"//bdi[contains(text(), \"OK\")]"}
RESULT: {"using":"xpath","value":"//bdi[contains(text(), \"OK\")]"}
COMMAND: POST /session/b94376503e01bf473405a525b5bc89ad/element/f.19E536F94174C8B9DE1C34297281D471.d.8A41684DADC3E021AC9E8D9E7E13BEFD.e.5120/click - {}
RESULT: {}
COMMAND: GET /session/b94376503e01bf473405a525b5bc89ad/screenshot - {}
RESULT: {}
COMMAND: POST /session/b94376503e01bf473405a525b5bc89ad/element - {"using":"xpath","value":"//input[@id=\"application-managepartners-display-component---NewPartner--companyCodeComboBox-inner\"]"}
RESULT: {"using":"xpath","value":"//input[@id=\"application-managepartners-display-component---NewPartner--companyCodeComboBox-inner\"]"}
COMMAND: POST /session/b94376503e01bf473405a525b5bc89ad/element/f.19E536F94174C8B9DE1C34297281D471.d.8A41684DADC3E021AC9E8D9E7E13BEFD.e.4965/clear - {}
RESULT: {}
COMMAND: POST /session/b94376503e01bf473405a525b5bc89ad/element/f.19E536F94174C8B9DE1C34297281D471.d.8A41684DADC3E021AC9E8D9E7E13BEFD.e.4965/value - {"text":"1000"}
COMMAND: GET /session/b94376503e01bf473405a525b5bc89ad/screenshot - {}
RESULT: {"text":"1000"}
COMMAND: GET /session/b94376503e01bf473405a525b5bc89ad/screenshot - {}
RESULT: {}
RESULT: {}
COMMAND: POST /session/b94376503e01bf473405a525b5bc89ad/element - {"using":"xpath","value":"//span[contains(text(), \"1000\")]"}
RESULT: {"using":"xpath","value":"//span[contains(text(), \"1000\")]"}
COMMAND: POST /session/b94376503e01bf473405a525b5bc89ad/element/f.19E536F94174C8B9DE1C34297281D471.d.8A41684DADC3E021AC9E8D9E7E13BEFD.e.5126/click - {}
RESULT: {}
COMMAND: GET /session/b94376503e01bf473405a525b5bc89ad/screenshot - {}
RESULT: {}
COMMAND: POST /session/b94376503e01bf473405a525b5bc89ad/execute/async - {"script":"<script> [1562 bytes]","args":[{"selector":{"id":"application-managepartners-display-component---NewPartner--btnAddTableRow-img"},"wdio_ui5_key":"applicationmanagepartners-display-component---NewPartner--btnAddTableRow-img"}]}
RESULT: {"script":"<script> [1562 bytes]","args":[{"selector":{"id":"application-managepartners-display-component---NewPartner--btnAddTableRow-img"},"wdio_ui5_key":"applicationmanagepartners-display-component---NewPartner--btnAddTableRow-img"}]}
RESULT: undefined
COMMAND: POST /session/b94376503e01bf473405a525b5bc89ad/element - {"using":"xpath","value":"//*[@id=\"application-managepartners-display-component---NewPartner--btnAddTableRow-img\"]"}
RESULT: {"using":"xpath","value":"//*[@id=\"application-managepartners-display-component---NewPartner--btnAddTableRow-img\"]"}
COMMAND: POST /session/b94376503e01bf473405a525b5bc89ad/element/f.19E536F94174C8B9DE1C34297281D471.d.8A41684DADC3E021AC9E8D9E7E13BEFD.e.5127/click - {}
RESULT: {}
COMMAND: GET /session/b94376503e01bf473405a525b5bc89ad/screenshot - {}
RESULT: {}
COMMAND: POST /session/b94376503e01bf473405a525b5bc89ad/element - {"using":"xpath","value":"//input[@id=\"application-managepartners-display-component---NewPartner--assignmentYard-application-managepartners-display-component---NewPartner--assignmentsTable-0-inner\"]"}
RESULT: {"using":"xpath","value":"//input[@id=\"application-managepartners-display-component---NewPartner--assignmentYard-application-managepartners-display-component---NewPartner--assignmentsTable-0-inner\"]"}
COMMAND: POST /session/b94376503e01bf473405a525b5bc89ad/element/f.19E536F94174C8B9DE1C34297281D471.d.8A41684DADC3E021AC9E8D9E7E13BEFD.e.5130/clear - {}
RESULT: {}
COMMAND: POST /session/b94376503e01bf473405a525b5bc89ad/element/f.19E536F94174C8B9DE1C34297281D471.d.8A41684DADC3E021AC9E8D9E7E13BEFD.e.5130/value - {"text":"806"}
COMMAND: GET /session/b94376503e01bf473405a525b5bc89ad/screenshot - {}
RESULT: {"text":"806"}
COMMAND: GET /session/b94376503e01bf473405a525b5bc89ad/screenshot - {}
RESULT: {}
RESULT: {}
COMMAND: POST /session/b94376503e01bf473405a525b5bc89ad/element - {"using":"xpath","value":"//li[.//span[text()='806']]"}
RESULT: {"using":"xpath","value":"//li[.//span[text()='806']]"}
COMMAND: POST /session/b94376503e01bf473405a525b5bc89ad/element/f.19E536F94174C8B9DE1C34297281D471.d.8A41684DADC3E021AC9E8D9E7E13BEFD.e.5139/click - {}
RESULT: {}
COMMAND: GET /session/b94376503e01bf473405a525b5bc89ad/screenshot - {}
RESULT: {}
COMMAND: POST /session/b94376503e01bf473405a525b5bc89ad/actions - {"actions":[{"id":"action13","type":"key","parameters":{},"actions":[{"type":"keyDown","value":"î€‡"},{"type":"pause","duration":10},{"type":"keyUp","value":"î€‡"}]}]}
RESULT: {"actions":[{"id":"action13","type":"key","parameters":{},"actions":[{"type":"keyDown","value":"î€‡"},{"type":"pause","duration":10},{"type":"keyUp","value":"î€‡"}]}]}
COMMAND: POST /session/b94376503e01bf473405a525b5bc89ad/execute/async - {"script":"<script> [1562 bytes]","args":[{"selector":{"id":"application-managepartners-display-component---NewPartner--externalCustomerComboBox-application-managepartners-display-component---NewPartner--assignmentsTable-0-vhi"},"wdio_ui5_key":"applicationmanagepartners-display-component---NewPartner--externalCustomerComboBox-application-managepartners-display-component---NewPartner--assignmentsTable-0-vhi"}]}
COMMAND: GET /session/b94376503e01bf473405a525b5bc89ad/screenshot - {}
RESULT: {"script":"<script> [1562 bytes]","args":[{"selector":{"id":"application-managepartners-display-component---NewPartner--externalCustomerComboBox-application-managepartners-display-component---NewPartner--assignmentsTable-0-vhi"},"wdio_ui5_key":"applicationmanagepartners-display-component---NewPartner--externalCustomerComboBox-application-managepartners-display-component---NewPartner--assignmentsTable-0-vhi"}]}
RESULT: undefined
COMMAND: POST /session/b94376503e01bf473405a525b5bc89ad/element - {"using":"xpath","value":"//*[@id=\"application-managepartners-display-component---NewPartner--externalCustomerComboBox-application-managepartners-display-component---NewPartner--assignmentsTable-0-vhi\"]"}
RESULT: {}
RESULT: {"using":"xpath","value":"//*[@id=\"application-managepartners-display-component---NewPartner--externalCustomerComboBox-application-managepartners-display-component---NewPartner--assignmentsTable-0-vhi\"]"}
COMMAND: POST /session/b94376503e01bf473405a525b5bc89ad/element/f.19E536F94174C8B9DE1C34297281D471.d.8A41684DADC3E021AC9E8D9E7E13BEFD.e.5143/click - {}
RESULT: {}
RESULT: undefined
COMMAND: POST /session/b94376503e01bf473405a525b5bc89ad/execute/async - {"script":"<script> [776 bytes]","args":[{"enterText":"300003","selector":{"controlType":"sap.m.SearchField","properties":{"placeholder":"Search"},"searchOpenDialogs":true,"interaction":{"idSuffix":"I"}},"clearTextFirst":true,"interactionType":"ENTER_TEXT"}]}
COMMAND: GET /session/b94376503e01bf473405a525b5bc89ad/screenshot - {}
RESULT: {"script":"<script> [776 bytes]","args":[{"enterText":"300003","selector":{"controlType":"sap.m.SearchField","properties":{"placeholder":"Search"},"searchOpenDialogs":true,"interaction":{"idSuffix":"I"}},"clearTextFirst":true,"interactionType":"ENTER_TEXT"}]}
COMMAND: POST /session/b94376503e01bf473405a525b5bc89ad/actions - {"actions":[{"id":"action14","type":"key","parameters":{},"actions":[{"type":"keyDown","value":"î€‡"},{"type":"pause","duration":10},{"type":"keyUp","value":"î€‡"}]}]}
RESULT: {}
RESULT: {"actions":[{"id":"action14","type":"key","parameters":{},"actions":[{"type":"keyDown","value":"î€‡"},{"type":"pause","duration":10},{"type":"keyUp","value":"î€‡"}]}]}
COMMAND: GET /session/b94376503e01bf473405a525b5bc89ad/screenshot - {}
RESULT: {}
COMMAND: POST /session/b94376503e01bf473405a525b5bc89ad/element - {"using":"xpath","value":"//span[contains(text(), \"300003\")]"}
RESULT: {"using":"xpath","value":"//span[contains(text(), \"300003\")]"}
COMMAND: POST /session/b94376503e01bf473405a525b5bc89ad/element/f.19E536F94174C8B9DE1C34297281D471.d.8A41684DADC3E021AC9E8D9E7E13BEFD.e.5162/click - {}
RESULT: {}
COMMAND: GET /session/b94376503e01bf473405a525b5bc89ad/screenshot - {}
RESULT: {}
COMMAND: POST /session/b94376503e01bf473405a525b5bc89ad/element - {"using":"xpath","value":"//bdi[contains(text(), \"OK\")]"}
RESULT: {"using":"xpath","value":"//bdi[contains(text(), \"OK\")]"}
COMMAND: POST /session/b94376503e01bf473405a525b5bc89ad/element/f.19E536F94174C8B9DE1C34297281D471.d.8A41684DADC3E021AC9E8D9E7E13BEFD.e.5164/click - {}
RESULT: {}
COMMAND: GET /session/b94376503e01bf473405a525b5bc89ad/screenshot - {}
RESULT: {}
COMMAND: POST /session/b94376503e01bf473405a525b5bc89ad/execute/async - {"script":"<script> [1562 bytes]","args":[{"selector":{"id":"application-managepartners-display-component---NewPartner--intercompVendorComboBox-application-managepartners-display-component---NewPartner--assignmentsTable-0-vhi"},"wdio_ui5_key":"applicationmanagepartners-display-component---NewPartner--intercompVendorComboBox-application-managepartners-display-component---NewPartner--assignmentsTable-0-vhi"}]}
RESULT: {"script":"<script> [1562 bytes]","args":[{"selector":{"id":"application-managepartners-display-component---NewPartner--intercompVendorComboBox-application-managepartners-display-component---NewPartner--assignmentsTable-0-vhi"},"wdio_ui5_key":"applicationmanagepartners-display-component---NewPartner--intercompVendorComboBox-application-managepartners-display-component---NewPartner--assignmentsTable-0-vhi"}]}
RESULT: undefined
COMMAND: POST /session/b94376503e01bf473405a525b5bc89ad/element - {"using":"xpath","value":"//*[@id=\"application-managepartners-display-component---NewPartner--intercompVendorComboBox-application-managepartners-display-component---NewPartner--assignmentsTable-0-vhi\"]"}
RESULT: {"using":"xpath","value":"//*[@id=\"application-managepartners-display-component---NewPartner--intercompVendorComboBox-application-managepartners-display-component---NewPartner--assignmentsTable-0-vhi\"]"}
COMMAND: POST /session/b94376503e01bf473405a525b5bc89ad/element/f.19E536F94174C8B9DE1C34297281D471.d.8A41684DADC3E021AC9E8D9E7E13BEFD.e.5167/click - {}
RESULT: {}
RESULT: undefined
COMMAND: POST /session/b94376503e01bf473405a525b5bc89ad/execute/async - {"script":"<script> [776 bytes]","args":[{"enterText":"100005","selector":{"controlType":"sap.m.SearchField","properties":{"placeholder":"Search"},"searchOpenDialogs":true,"interaction":{"idSuffix":"I"}},"clearTextFirst":true,"interactionType":"ENTER_TEXT"}]}
COMMAND: GET /session/b94376503e01bf473405a525b5bc89ad/screenshot - {}
RESULT: {"script":"<script> [776 bytes]","args":[{"enterText":"100005","selector":{"controlType":"sap.m.SearchField","properties":{"placeholder":"Search"},"searchOpenDialogs":true,"interaction":{"idSuffix":"I"}},"clearTextFirst":true,"interactionType":"ENTER_TEXT"}]}
COMMAND: POST /session/b94376503e01bf473405a525b5bc89ad/actions - {"actions":[{"id":"action15","type":"key","parameters":{},"actions":[{"type":"keyDown","value":"î€‡"},{"type":"pause","duration":10},{"type":"keyUp","value":"î€‡"}]}]}
RESULT: {}
RESULT: {"actions":[{"id":"action15","type":"key","parameters":{},"actions":[{"type":"keyDown","value":"î€‡"},{"type":"pause","duration":10},{"type":"keyUp","value":"î€‡"}]}]}
COMMAND: GET /session/b94376503e01bf473405a525b5bc89ad/screenshot - {}
RESULT: {}
COMMAND: POST /session/b94376503e01bf473405a525b5bc89ad/element - {"using":"xpath","value":"//span[contains(text(), \"Penguins - Field/12345 Berlin\")]"}
RESULT: {"using":"xpath","value":"//span[contains(text(), \"Penguins - Field/12345 Berlin\")]"}
COMMAND: POST /session/b94376503e01bf473405a525b5bc89ad/element/f.19E536F94174C8B9DE1C34297281D471.d.8A41684DADC3E021AC9E8D9E7E13BEFD.e.5185/click - {}
RESULT: {}
COMMAND: GET /session/b94376503e01bf473405a525b5bc89ad/screenshot - {}
RESULT: {}
COMMAND: POST /session/b94376503e01bf473405a525b5bc89ad/element - {"using":"xpath","value":"//bdi[contains(text(), \"OK\")]"}
RESULT: {"using":"xpath","value":"//bdi[contains(text(), \"OK\")]"}
COMMAND: POST /session/b94376503e01bf473405a525b5bc89ad/element/f.19E536F94174C8B9DE1C34297281D471.d.8A41684DADC3E021AC9E8D9E7E13BEFD.e.5186/click - {}
RESULT: {}
COMMAND: GET /session/b94376503e01bf473405a525b5bc89ad/screenshot - {}
RESULT: {}
COMMAND: POST /session/b94376503e01bf473405a525b5bc89ad/element - {"using":"xpath","value":"//button[@data-kt=\"saveButton\"]"}
RESULT: {"using":"xpath","value":"//button[@data-kt=\"saveButton\"]"}
COMMAND: POST /session/b94376503e01bf473405a525b5bc89ad/element/f.19E536F94174C8B9DE1C34297281D471.d.8A41684DADC3E021AC9E8D9E7E13BEFD.e.4970/click - {}
RESULT: {}
COMMAND: GET /session/b94376503e01bf473405a525b5bc89ad/screenshot - {}
RESULT: {}
COMMAND: POST /session/b94376503e01bf473405a525b5bc89ad/element - {"using":"xpath","value":"//header[contains(@id, 'ObjectPageLayout-headerTitle')]/div[1]/div[2]/div[2]/span[1]"}
RESULT: {"using":"xpath","value":"//header[contains(@id, 'ObjectPageLayout-headerTitle')]/div[1]/div[2]/div[2]/span[1]"}
COMMAND: POST /session/b94376503e01bf473405a525b5bc89ad/elements - {"using":"xpath","value":"//header[contains(@id, 'ObjectPageLayout-headerTitle')]/div[1]/div[2]/div[2]/span[1]"}
RESULT: {"using":"xpath","value":"//header[contains(@id, 'ObjectPageLayout-headerTitle')]/div[1]/div[2]/div[2]/span[1]"}
COMMAND: POST /session/b94376503e01bf473405a525b5bc89ad/execute/sync - {"script":"<script> [56 bytes]","args":[{"element-6066-11e4-a52e-4f735466cecf":"f.19E536F94174C8B9DE1C34297281D471.d.8A41684DADC3E021AC9E8D9E7E13BEFD.e.5353","ELEMENT":"f.19E536F94174C8B9DE1C34297281D471.d.8A41684DADC3E021AC9E8D9E7E13BEFD.e.5353"}]}
RESULT: {"script":"<script> [56 bytes]","args":[{"element-6066-11e4-a52e-4f735466cecf":"f.19E536F94174C8B9DE1C34297281D471.d.8A41684DADC3E021AC9E8D9E7E13BEFD.e.5353","ELEMENT":"f.19E536F94174C8B9DE1C34297281D471.d.8A41684DADC3E021AC9E8D9E7E13BEFD.e.5353"}]}
COMMAND: POST /session/b94376503e01bf473405a525b5bc89ad/element - {"using":"css selector","value":"#shell-header-logo"}
COMMAND: GET /session/b94376503e01bf473405a525b5bc89ad/screenshot - {}
RESULT: {"using":"css selector","value":"#shell-header-logo"}
COMMAND: POST /session/b94376503e01bf473405a525b5bc89ad/element/f.19E536F94174C8B9DE1C34297281D471.d.8A41684DADC3E021AC9E8D9E7E13BEFD.e.4576/click - {}
RESULT: {}
RESULT: {}
COMMAND: GET /session/b94376503e01bf473405a525b5bc89ad/screenshot - {}
RESULT: {}
COMMAND: POST /session/b94376503e01bf473405a525b5bc89ad/execute/sync - {"script":"<script> [299 bytes]","args":[["getModel","getResource"]]}
RESULT: {"script":"<script> [299 bytes]","args":[["getModel","getResource"]]}
RESULT: undefined
COMMAND: POST /session/b94376503e01bf473405a525b5bc89ad/element - {"using":"xpath","value":"//*[@id=\"__tile30\"]"}
COMMAND: GET /session/b94376503e01bf473405a525b5bc89ad/screenshot - {}
RESULT: {"using":"xpath","value":"//*[@id=\"__tile30\"]"}
COMMAND: POST /session/b94376503e01bf473405a525b5bc89ad/element/f.19E536F94174C8B9DE1C34297281D471.d.8A41684DADC3E021AC9E8D9E7E13BEFD.e.4496/click - {}
RESULT: {}
RESULT: {}
COMMAND: POST /session/b94376503e01bf473405a525b5bc89ad/element - {"using":"xpath","value":"//button[@data-kt=\"addButton\"]"}
COMMAND: GET /session/b94376503e01bf473405a525b5bc89ad/screenshot - {}
RESULT: {"using":"xpath","value":"//button[@data-kt=\"addButton\"]"}
COMMAND: POST /session/b94376503e01bf473405a525b5bc89ad/elements - {"using":"xpath","value":"//button[@data-kt=\"addButton\"]"}
RESULT: {}
RESULT: {"using":"xpath","value":"//button[@data-kt=\"addButton\"]"}
COMMAND: POST /session/b94376503e01bf473405a525b5bc89ad/elements - {"using":"xpath","value":"//button[@data-kt=\"addButton\"]"}
RESULT: {"using":"xpath","value":"//button[@data-kt=\"addButton\"]"}
COMMAND: POST /session/b94376503e01bf473405a525b5bc89ad/elements - {"using":"xpath","value":"//button[@data-kt=\"addButton\"]"}
RESULT: {"using":"xpath","value":"//button[@data-kt=\"addButton\"]"}
COMMAND: POST /session/b94376503e01bf473405a525b5bc89ad/elements - {"using":"xpath","value":"//button[@data-kt=\"addButton\"]"}
RESULT: {"using":"xpath","value":"//button[@data-kt=\"addButton\"]"}
COMMAND: POST /session/b94376503e01bf473405a525b5bc89ad/elements - {"using":"xpath","value":"//button[@data-kt=\"addButton\"]"}
RESULT: {"using":"xpath","value":"//button[@data-kt=\"addButton\"]"}
COMMAND: POST /session/b94376503e01bf473405a525b5bc89ad/elements - {"using":"xpath","value":"//button[@data-kt=\"addButton\"]"}
RESULT: {"using":"xpath","value":"//button[@data-kt=\"addButton\"]"}
COMMAND: POST /session/b94376503e01bf473405a525b5bc89ad/elements - {"using":"xpath","value":"//button[@data-kt=\"addButton\"]"}
RESULT: {"using":"xpath","value":"//button[@data-kt=\"addButton\"]"}
COMMAND: POST /session/b94376503e01bf473405a525b5bc89ad/elements - {"using":"xpath","value":"//button[@data-kt=\"addButton\"]"}
RESULT: {"using":"xpath","value":"//button[@data-kt=\"addButton\"]"}
COMMAND: POST /session/b94376503e01bf473405a525b5bc89ad/elements - {"using":"xpath","value":"//button[@data-kt=\"addButton\"]"}
RESULT: {"using":"xpath","value":"//button[@data-kt=\"addButton\"]"}
COMMAND: POST /session/b94376503e01bf473405a525b5bc89ad/elements - {"using":"xpath","value":"//button[@data-kt=\"addButton\"]"}
RESULT: {"using":"xpath","value":"//button[@data-kt=\"addButton\"]"}
COMMAND: POST /session/b94376503e01bf473405a525b5bc89ad/elements - {"using":"xpath","value":"//button[@data-kt=\"addButton\"]"}
RESULT: {"using":"xpath","value":"//button[@data-kt=\"addButton\"]"}
COMMAND: POST /session/b94376503e01bf473405a525b5bc89ad/elements - {"using":"xpath","value":"//button[@data-kt=\"addButton\"]"}
RESULT: {"using":"xpath","value":"//button[@data-kt=\"addButton\"]"}
COMMAND: POST /session/b94376503e01bf473405a525b5bc89ad/elements - {"using":"xpath","value":"//button[@data-kt=\"addButton\"]"}
RESULT: {"using":"xpath","value":"//button[@data-kt=\"addButton\"]"}
COMMAND: POST /session/b94376503e01bf473405a525b5bc89ad/elements - {"using":"xpath","value":"//button[@data-kt=\"addButton\"]"}
RESULT: {"using":"xpath","value":"//button[@data-kt=\"addButton\"]"}
COMMAND: POST /session/b94376503e01bf473405a525b5bc89ad/elements - {"using":"xpath","value":"//button[@data-kt=\"addButton\"]"}
RESULT: {"using":"xpath","value":"//button[@data-kt=\"addButton\"]"}
COMMAND: POST /session/b94376503e01bf473405a525b5bc89ad/element - {"using":"xpath","value":"//button[@data-kt=\"addButton\"]"}
RESULT: {"using":"xpath","value":"//button[@data-kt=\"addButton\"]"}
COMMAND: POST /session/b94376503e01bf473405a525b5bc89ad/execute/sync - {"script":"<script> [8489 bytes]","args":[{"element-6066-11e4-a52e-4f735466cecf":"f.19E536F94174C8B9DE1C34297281D471.d.8A41684DADC3E021AC9E8D9E7E13BEFD.e.5389","ELEMENT":"f.19E536F94174C8B9DE1C34297281D471.d.8A41684DADC3E021AC9E8D9E7E13BEFD.e.5389"}]}
RESULT: {"script":"<script> [8489 bytes]","args":[{"element-6066-11e4-a52e-4f735466cecf":"f.19E536F94174C8B9DE1C34297281D471.d.8A41684DADC3E021AC9E8D9E7E13BEFD.e.5389","ELEMENT":"f.19E536F94174C8B9DE1C34297281D471.d.8A41684DADC3E021AC9E8D9E7E13BEFD.e.5389"}]}
COMMAND: GET /session/b94376503e01bf473405a525b5bc89ad/element/f.19E536F94174C8B9DE1C34297281D471.d.8A41684DADC3E021AC9E8D9E7E13BEFD.e.5389/enabled - {}
COMMAND: GET /session/b94376503e01bf473405a525b5bc89ad/screenshot - {}
RESULT: {}
COMMAND: POST /session/b94376503e01bf473405a525b5bc89ad/execute/sync - {"script":"<script> [8489 bytes]","args":[{"element-6066-11e4-a52e-4f735466cecf":"f.19E536F94174C8B9DE1C34297281D471.d.8A41684DADC3E021AC9E8D9E7E13BEFD.e.5389","ELEMENT":"f.19E536F94174C8B9DE1C34297281D471.d.8A41684DADC3E021AC9E8D9E7E13BEFD.e.5389"}]}
COMMAND: GET /session/b94376503e01bf473405a525b5bc89ad/screenshot - {}
RESULT: {}
RESULT: {"script":"<script> [8489 bytes]","args":[{"element-6066-11e4-a52e-4f735466cecf":"f.19E536F94174C8B9DE1C34297281D471.d.8A41684DADC3E021AC9E8D9E7E13BEFD.e.5389","ELEMENT":"f.19E536F94174C8B9DE1C34297281D471.d.8A41684DADC3E021AC9E8D9E7E13BEFD.e.5389"}]}
COMMAND: POST /session/b94376503e01bf473405a525b5bc89ad/execute/sync - {"script":"<script> [5351 bytes]","args":[{"element-6066-11e4-a52e-4f735466cecf":"f.19E536F94174C8B9DE1C34297281D471.d.8A41684DADC3E021AC9E8D9E7E13BEFD.e.5389","ELEMENT":"f.19E536F94174C8B9DE1C34297281D471.d.8A41684DADC3E021AC9E8D9E7E13BEFD.e.5389"}]}
COMMAND: GET /session/b94376503e01bf473405a525b5bc89ad/screenshot - {}
RESULT: {}
RESULT: {"script":"<script> [5351 bytes]","args":[{"element-6066-11e4-a52e-4f735466cecf":"f.19E536F94174C8B9DE1C34297281D471.d.8A41684DADC3E021AC9E8D9E7E13BEFD.e.5389","ELEMENT":"f.19E536F94174C8B9DE1C34297281D471.d.8A41684DADC3E021AC9E8D9E7E13BEFD.e.5389"}]}
COMMAND: GET /session/b94376503e01bf473405a525b5bc89ad/screenshot - {}
RESULT: {}
RESULT: {}
COMMAND: POST /session/b94376503e01bf473405a525b5bc89ad/execute/async - {"script":"<script> [1562 bytes]","args":[{"selector":{"id":"application-managepartners-display-component---masterPtm--smartFilterBar-btnBasicSearch","interaction":{"idSuffix":"I"}},"wdio_ui5_key":"applicationmanagepartners-display-component---masterPtm--smartFilterBar-btnBasicSearch"}]}
RESULT: {"script":"<script> [1562 bytes]","args":[{"selector":{"id":"application-managepartners-display-component---masterPtm--smartFilterBar-btnBasicSearch","interaction":{"idSuffix":"I"}},"wdio_ui5_key":"applicationmanagepartners-display-component---masterPtm--smartFilterBar-btnBasicSearch"}]}
RESULT: undefined
COMMAND: POST /session/b94376503e01bf473405a525b5bc89ad/execute/async - {"script":"<script> [776 bytes]","args":[{"enterText":"1649","selector":{"id":"application-managepartners-display-component---masterPtm--smartFilterBar-btnBasicSearch","interaction":{"idSuffix":"I"}},"clearTextFirst":true,"interactionType":"ENTER_TEXT"}]}
RESULT: {"script":"<script> [776 bytes]","args":[{"enterText":"1649","selector":{"id":"application-managepartners-display-component---masterPtm--smartFilterBar-btnBasicSearch","interaction":{"idSuffix":"I"}},"clearTextFirst":true,"interactionType":"ENTER_TEXT"}]}
COMMAND: POST /session/b94376503e01bf473405a525b5bc89ad/actions - {"actions":[{"id":"action16","type":"key","parameters":{},"actions":[{"type":"keyDown","value":"î€‡"},{"type":"pause","duration":10},{"type":"keyUp","value":"î€‡"}]}]}
RESULT: {"actions":[{"id":"action16","type":"key","parameters":{},"actions":[{"type":"keyDown","value":"î€‡"},{"type":"pause","duration":10},{"type":"keyUp","value":"î€‡"}]}]}
COMMAND: GET /session/b94376503e01bf473405a525b5bc89ad/screenshot - {}
RESULT: {}
COMMAND: POST /session/b94376503e01bf473405a525b5bc89ad/elements - {"using":"xpath","value":"//table[contains(@id, \"customPartnersTable-listUl\")]/tbody/tr"}
RESULT: {"using":"xpath","value":"//table[contains(@id, \"customPartnersTable-listUl\")]/tbody/tr"}
COMMAND: POST /session/b94376503e01bf473405a525b5bc89ad/element - {"using":"xpath","value":"//table[contains(@id, \"customPartnersTable-listUl\")]/tbody/tr[1]/td[3]/span"}
RESULT: {"using":"xpath","value":"//table[contains(@id, \"customPartnersTable-listUl\")]/tbody/tr[1]/td[3]/span"}
COMMAND: POST /session/b94376503e01bf473405a525b5bc89ad/elements - {"using":"xpath","value":"//table[contains(@id, \"customPartnersTable-listUl\")]/tbody/tr[1]/td[3]/span"}
RESULT: {"using":"xpath","value":"//table[contains(@id, \"customPartnersTable-listUl\")]/tbody/tr[1]/td[3]/span"}
COMMAND: POST /session/b94376503e01bf473405a525b5bc89ad/execute/sync - {"script":"<script> [56 bytes]","args":[{"element-6066-11e4-a52e-4f735466cecf":"f.19E536F94174C8B9DE1C34297281D471.d.8A41684DADC3E021AC9E8D9E7E13BEFD.e.5537","ELEMENT":"f.19E536F94174C8B9DE1C34297281D471.d.8A41684DADC3E021AC9E8D9E7E13BEFD.e.5537"}]}
RESULT: {"script":"<script> [56 bytes]","args":[{"element-6066-11e4-a52e-4f735466cecf":"f.19E536F94174C8B9DE1C34297281D471.d.8A41684DADC3E021AC9E8D9E7E13BEFD.e.5537","ELEMENT":"f.19E536F94174C8B9DE1C34297281D471.d.8A41684DADC3E021AC9E8D9E7E13BEFD.e.5537"}]}
COMMAND: POST /session/b94376503e01bf473405a525b5bc89ad/element - {"using":"xpath","value":"(//span[contains(@id, \"imgNav\")])[1]"}
COMMAND: GET /session/b94376503e01bf473405a525b5bc89ad/screenshot - {}
RESULT: {"using":"xpath","value":"(//span[contains(@id, \"imgNav\")])[1]"}
COMMAND: POST /session/b94376503e01bf473405a525b5bc89ad/element/f.19E536F94174C8B9DE1C34297281D471.d.8A41684DADC3E021AC9E8D9E7E13BEFD.e.5535/click - {}
RESULT: {}
RESULT: {}
COMMAND: GET /session/b94376503e01bf473405a525b5bc89ad/screenshot - {}
COMMAND: POST /session/b94376503e01bf473405a525b5bc89ad/element - {"using":"xpath","value":"//bdi[contains(text(), \"Edit\")]"}
RESULT: {}
RESULT: {"using":"xpath","value":"//bdi[contains(text(), \"Edit\")]"}
COMMAND: POST /session/b94376503e01bf473405a525b5bc89ad/element/f.19E536F94174C8B9DE1C34297281D471.d.8A41684DADC3E021AC9E8D9E7E13BEFD.e.5678/click - {}
RESULT: {}
COMMAND: GET /session/b94376503e01bf473405a525b5bc89ad/screenshot - {}
RESULT: {}
COMMAND: POST /session/b94376503e01bf473405a525b5bc89ad/execute/async - {"script":"<script> [1562 bytes]","args":[{"selector":{"controlType":"sap.m.Input","viewName":"etm.portal.ui.managepartners.view.EditDetail","labelFor":{"text":"Name"},"interaction":{"idSuffix":"inner"}},"wdio_ui5_key":"etmportal.ui.managepartners.view.EditDetailsap.m.Input{\"text\":\"Name\"}"}]}
RESULT: {"script":"<script> [1562 bytes]","args":[{"selector":{"controlType":"sap.m.Input","viewName":"etm.portal.ui.managepartners.view.EditDetail","labelFor":{"text":"Name"},"interaction":{"idSuffix":"inner"}},"wdio_ui5_key":"etmportal.ui.managepartners.view.EditDetailsap.m.Input{\"text\":\"Name\"}"}]}
RESULT: undefined
COMMAND: POST /session/b94376503e01bf473405a525b5bc89ad/execute/async - {"script":"<script> [776 bytes]","args":[{"enterText":"Intracompany EDIT","selector":{"controlType":"sap.m.Input","viewName":"etm.portal.ui.managepartners.view.EditDetail","labelFor":{"text":"Name"},"interaction":{"idSuffix":"inner"}},"clearTextFirst":true,"interactionType":"ENTER_TEXT"}]}
RESULT: {"script":"<script> [776 bytes]","args":[{"enterText":"Intracompany EDIT","selector":{"controlType":"sap.m.Input","viewName":"etm.portal.ui.managepartners.view.EditDetail","labelFor":{"text":"Name"},"interaction":{"idSuffix":"inner"}},"clearTextFirst":true,"interactionType":"ENTER_TEXT"}]}
COMMAND: POST /session/b94376503e01bf473405a525b5bc89ad/element - {"using":"xpath","value":"(//span[contains(@id,\"addressDetailDetailsLanguage-arrow\")])[1]"}
RESULT: {"using":"xpath","value":"(//span[contains(@id,\"addressDetailDetailsLanguage-arrow\")])[1]"}
COMMAND: POST /session/b94376503e01bf473405a525b5bc89ad/element/f.19E536F94174C8B9DE1C34297281D471.d.8A41684DADC3E021AC9E8D9E7E13BEFD.e.5762/click - {}
RESULT: {}
COMMAND: POST /session/b94376503e01bf473405a525b5bc89ad/element - {"using":"xpath","value":"//span[contains(text(), \"Chinese\")]"}
COMMAND: GET /session/b94376503e01bf473405a525b5bc89ad/screenshot - {}
RESULT: {"using":"xpath","value":"//span[contains(text(), \"Chinese\")]"}
COMMAND: POST /session/b94376503e01bf473405a525b5bc89ad/element/f.19E536F94174C8B9DE1C34297281D471.d.8A41684DADC3E021AC9E8D9E7E13BEFD.e.5763/click - {}
RESULT: {}
RESULT: {}
COMMAND: GET /session/b94376503e01bf473405a525b5bc89ad/screenshot - {}
RESULT: {}
COMMAND: POST /session/b94376503e01bf473405a525b5bc89ad/execute/async - {"script":"<script> [1562 bytes]","args":[{"selector":{"controlType":"sap.m.Input","viewName":"etm.portal.ui.managepartners.view.EditDetail","labelFor":{"text":"City"},"interaction":{"idSuffix":"inner"}},"wdio_ui5_key":"etmportal.ui.managepartners.view.EditDetailsap.m.Input{\"text\":\"City\"}"}]}
RESULT: {"script":"<script> [1562 bytes]","args":[{"selector":{"controlType":"sap.m.Input","viewName":"etm.portal.ui.managepartners.view.EditDetail","labelFor":{"text":"City"},"interaction":{"idSuffix":"inner"}},"wdio_ui5_key":"etmportal.ui.managepartners.view.EditDetailsap.m.Input{\"text\":\"City\"}"}]}
RESULT: undefined
COMMAND: POST /session/b94376503e01bf473405a525b5bc89ad/execute/async - {"script":"<script> [776 bytes]","args":[{"enterText":"Clooj-Napoca","selector":{"controlType":"sap.m.Input","viewName":"etm.portal.ui.managepartners.view.EditDetail","labelFor":{"text":"City"},"interaction":{"idSuffix":"inner"}},"clearTextFirst":true,"interactionType":"ENTER_TEXT"}]}
RESULT: {"script":"<script> [776 bytes]","args":[{"enterText":"Clooj-Napoca","selector":{"controlType":"sap.m.Input","viewName":"etm.portal.ui.managepartners.view.EditDetail","labelFor":{"text":"City"},"interaction":{"idSuffix":"inner"}},"clearTextFirst":true,"interactionType":"ENTER_TEXT"}]}
COMMAND: POST /session/b94376503e01bf473405a525b5bc89ad/element - {"using":"xpath","value":"//button[@data-kt=\"saveButton\"]"}
RESULT: {"using":"xpath","value":"//button[@data-kt=\"saveButton\"]"}
COMMAND: POST /session/b94376503e01bf473405a525b5bc89ad/element/f.19E536F94174C8B9DE1C34297281D471.d.8A41684DADC3E021AC9E8D9E7E13BEFD.e.5740/click - {}
RESULT: {}
COMMAND: GET /session/b94376503e01bf473405a525b5bc89ad/screenshot - {}
RESULT: {}
COMMAND: POST /session/b94376503e01bf473405a525b5bc89ad/execute/async - {"script":"<script> [1562 bytes]","args":[{"selector":{"id":"application-managepartners-display-component---detailPtm--addressDetailDetailsName1"},"wdio_ui5_key":"applicationmanagepartners-display-component---detailPtm--addressDetailDetailsName1"}]}
RESULT: {"script":"<script> [1562 bytes]","args":[{"selector":{"id":"application-managepartners-display-component---detailPtm--addressDetailDetailsName1"},"wdio_ui5_key":"applicationmanagepartners-display-component---detailPtm--addressDetailDetailsName1"}]}
RESULT: undefined
COMMAND: POST /session/b94376503e01bf473405a525b5bc89ad/execute/async - {"script":"<script> [6424 bytes]","args":[{"element-6066-11e4-a52e-4f735466cecf":"f.19E536F94174C8B9DE1C34297281D471.d.8A41684DADC3E021AC9E8D9E7E13BEFD.e.5794"},"getValue",[]]}
RESULT: {"script":"<script> [6424 bytes]","args":[{"element-6066-11e4-a52e-4f735466cecf":"f.19E536F94174C8B9DE1C34297281D471.d.8A41684DADC3E021AC9E8D9E7E13BEFD.e.5794"},"getValue",[]]}
COMMAND: POST /session/b94376503e01bf473405a525b5bc89ad/element - {"using":"xpath","value":"//input[@id = \"application-managepartners-display-component---detailPtm--addressDetailDetailsLanguage-inner\"]"}
RESULT: {"using":"xpath","value":"//input[@id = \"application-managepartners-display-component---detailPtm--addressDetailDetailsLanguage-inner\"]"}
COMMAND: GET /session/b94376503e01bf473405a525b5bc89ad/element/f.19E536F94174C8B9DE1C34297281D471.d.8A41684DADC3E021AC9E8D9E7E13BEFD.e.5795/property/value - {}
RESULT: {}
COMMAND: POST /session/b94376503e01bf473405a525b5bc89ad/execute/async - {"script":"<script> [1562 bytes]","args":[{"selector":{"id":"application-managepartners-display-component---detailPtm--addressDetailDetailsCity1"},"wdio_ui5_key":"applicationmanagepartners-display-component---detailPtm--addressDetailDetailsCity1"}]}
COMMAND: GET /session/b94376503e01bf473405a525b5bc89ad/screenshot - {}
RESULT: {"script":"<script> [1562 bytes]","args":[{"selector":{"id":"application-managepartners-display-component---detailPtm--addressDetailDetailsCity1"},"wdio_ui5_key":"applicationmanagepartners-display-component---detailPtm--addressDetailDetailsCity1"}]}
RESULT: undefined
COMMAND: POST /session/b94376503e01bf473405a525b5bc89ad/execute/async - {"script":"<script> [6424 bytes]","args":[{"element-6066-11e4-a52e-4f735466cecf":"f.19E536F94174C8B9DE1C34297281D471.d.8A41684DADC3E021AC9E8D9E7E13BEFD.e.5796"},"getValue",[]]}
RESULT: {}
RESULT: {"script":"<script> [6424 bytes]","args":[{"element-6066-11e4-a52e-4f735466cecf":"f.19E536F94174C8B9DE1C34297281D471.d.8A41684DADC3E021AC9E8D9E7E13BEFD.e.5796"},"getValue",[]]}
COMMAND: POST /session/b94376503e01bf473405a525b5bc89ad/element - {"using":"css selector","value":"#shell-header-logo"}
RESULT: {"using":"css selector","value":"#shell-header-logo"}
COMMAND: POST /session/b94376503e01bf473405a525b5bc89ad/element/f.19E536F94174C8B9DE1C34297281D471.d.8A41684DADC3E021AC9E8D9E7E13BEFD.e.5356/click - {}
RESULT: {}
COMMAND: GET /session/b94376503e01bf473405a525b5bc89ad/screenshot - {}
RESULT: {}
]]></system-out>
    </testcase>
    <testcase classname="chrome.135_0_7049_96.windows.Partner_specific_tests_US150819_US151080_US151654_US151176_US103444_US151078_US151079_US151109_US151174_US151175_US151189" name="Should do filtering and navigation tests US151109" time="165.075">
      <system-out><![CDATA[
COMMAND: POST /session/b94376503e01bf473405a525b5bc89ad/element - {"using":"xpath","value":"//li[.//span[text()=\"Manage Partners\"]]"}
RESULT: {"using":"xpath","value":"//li[.//span[text()=\"Manage Partners\"]]"}
COMMAND: POST /session/b94376503e01bf473405a525b5bc89ad/element - {"using":"xpath","value":"//li[.//span[text()=\"Manage Partners\"]]"}
RESULT: {"using":"xpath","value":"//li[.//span[text()=\"Manage Partners\"]]"}
COMMAND: POST /session/b94376503e01bf473405a525b5bc89ad/element - {"using":"css selector","value":"#shell-header-logo"}
RESULT: {"using":"css selector","value":"#shell-header-logo"}
COMMAND: POST /session/b94376503e01bf473405a525b5bc89ad/element/f.19E536F94174C8B9DE1C34297281D471.d.8A41684DADC3E021AC9E8D9E7E13BEFD.e.5826/click - {}
COMMAND: POST /session/b94376503e01bf473405a525b5bc89ad/execute/sync - {"script":"<script> [8489 bytes]","args":[{"element-6066-11e4-a52e-4f735466cecf":"f.19E536F94174C8B9DE1C34297281D471.d.8A41684DADC3E021AC9E8D9E7E13BEFD.e.5826","ELEMENT":"f.19E536F94174C8B9DE1C34297281D471.d.8A41684DADC3E021AC9E8D9E7E13BEFD.e.5826"}]}
RESULT: {}
COMMAND: GET /session/b94376503e01bf473405a525b5bc89ad/screenshot - {}
RESULT: {"script":"<script> [8489 bytes]","args":[{"element-6066-11e4-a52e-4f735466cecf":"f.19E536F94174C8B9DE1C34297281D471.d.8A41684DADC3E021AC9E8D9E7E13BEFD.e.5826","ELEMENT":"f.19E536F94174C8B9DE1C34297281D471.d.8A41684DADC3E021AC9E8D9E7E13BEFD.e.5826"}]}
COMMAND: POST /session/b94376503e01bf473405a525b5bc89ad/execute/sync - {"script":"<script> [5351 bytes]","args":[{"element-6066-11e4-a52e-4f735466cecf":"f.19E536F94174C8B9DE1C34297281D471.d.8A41684DADC3E021AC9E8D9E7E13BEFD.e.5826","ELEMENT":"f.19E536F94174C8B9DE1C34297281D471.d.8A41684DADC3E021AC9E8D9E7E13BEFD.e.5826"}]}
COMMAND: GET /session/b94376503e01bf473405a525b5bc89ad/screenshot - {}
RESULT: {}
RESULT: {"script":"<script> [5351 bytes]","args":[{"element-6066-11e4-a52e-4f735466cecf":"f.19E536F94174C8B9DE1C34297281D471.d.8A41684DADC3E021AC9E8D9E7E13BEFD.e.5826","ELEMENT":"f.19E536F94174C8B9DE1C34297281D471.d.8A41684DADC3E021AC9E8D9E7E13BEFD.e.5826"}]}
COMMAND: GET /session/b94376503e01bf473405a525b5bc89ad/screenshot - {}
RESULT: {}
RESULT: {}
RESULT: undefined
COMMAND: POST /session/b94376503e01bf473405a525b5bc89ad/element - {"using":"xpath","value":"//*[@id=\"__tile30\"]"}
RESULT: {"using":"xpath","value":"//*[@id=\"__tile30\"]"}
COMMAND: POST /session/b94376503e01bf473405a525b5bc89ad/element/f.19E536F94174C8B9DE1C34297281D471.d.8A41684DADC3E021AC9E8D9E7E13BEFD.e.4496/click - {}
RESULT: {}
COMMAND: POST /session/b94376503e01bf473405a525b5bc89ad/element - {"using":"xpath","value":"//button[@data-kt=\"addButton\"]"}
COMMAND: GET /session/b94376503e01bf473405a525b5bc89ad/screenshot - {}
RESULT: {"using":"xpath","value":"//button[@data-kt=\"addButton\"]"}
COMMAND: POST /session/b94376503e01bf473405a525b5bc89ad/elements - {"using":"xpath","value":"//button[@data-kt=\"addButton\"]"}
RESULT: {}
RESULT: {"using":"xpath","value":"//button[@data-kt=\"addButton\"]"}
COMMAND: POST /session/b94376503e01bf473405a525b5bc89ad/elements - {"using":"xpath","value":"//button[@data-kt=\"addButton\"]"}
RESULT: {"using":"xpath","value":"//button[@data-kt=\"addButton\"]"}
COMMAND: POST /session/b94376503e01bf473405a525b5bc89ad/elements - {"using":"xpath","value":"//button[@data-kt=\"addButton\"]"}
RESULT: {"using":"xpath","value":"//button[@data-kt=\"addButton\"]"}
COMMAND: POST /session/b94376503e01bf473405a525b5bc89ad/elements - {"using":"xpath","value":"//button[@data-kt=\"addButton\"]"}
RESULT: {"using":"xpath","value":"//button[@data-kt=\"addButton\"]"}
COMMAND: POST /session/b94376503e01bf473405a525b5bc89ad/elements - {"using":"xpath","value":"//button[@data-kt=\"addButton\"]"}
RESULT: {"using":"xpath","value":"//button[@data-kt=\"addButton\"]"}
COMMAND: POST /session/b94376503e01bf473405a525b5bc89ad/elements - {"using":"xpath","value":"//button[@data-kt=\"addButton\"]"}
RESULT: {"using":"xpath","value":"//button[@data-kt=\"addButton\"]"}
COMMAND: POST /session/b94376503e01bf473405a525b5bc89ad/elements - {"using":"xpath","value":"//button[@data-kt=\"addButton\"]"}
RESULT: {"using":"xpath","value":"//button[@data-kt=\"addButton\"]"}
COMMAND: POST /session/b94376503e01bf473405a525b5bc89ad/elements - {"using":"xpath","value":"//button[@data-kt=\"addButton\"]"}
RESULT: {"using":"xpath","value":"//button[@data-kt=\"addButton\"]"}
COMMAND: POST /session/b94376503e01bf473405a525b5bc89ad/elements - {"using":"xpath","value":"//button[@data-kt=\"addButton\"]"}
RESULT: {"using":"xpath","value":"//button[@data-kt=\"addButton\"]"}
COMMAND: POST /session/b94376503e01bf473405a525b5bc89ad/elements - {"using":"xpath","value":"//button[@data-kt=\"addButton\"]"}
RESULT: {"using":"xpath","value":"//button[@data-kt=\"addButton\"]"}
COMMAND: POST /session/b94376503e01bf473405a525b5bc89ad/elements - {"using":"xpath","value":"//button[@data-kt=\"addButton\"]"}
RESULT: {"using":"xpath","value":"//button[@data-kt=\"addButton\"]"}
COMMAND: POST /session/b94376503e01bf473405a525b5bc89ad/elements - {"using":"xpath","value":"//button[@data-kt=\"addButton\"]"}
RESULT: {"using":"xpath","value":"//button[@data-kt=\"addButton\"]"}
COMMAND: POST /session/b94376503e01bf473405a525b5bc89ad/element - {"using":"xpath","value":"//button[@data-kt=\"addButton\"]"}
RESULT: {"using":"xpath","value":"//button[@data-kt=\"addButton\"]"}
COMMAND: POST /session/b94376503e01bf473405a525b5bc89ad/execute/sync - {"script":"<script> [8489 bytes]","args":[{"element-6066-11e4-a52e-4f735466cecf":"f.19E536F94174C8B9DE1C34297281D471.d.8A41684DADC3E021AC9E8D9E7E13BEFD.e.5861","ELEMENT":"f.19E536F94174C8B9DE1C34297281D471.d.8A41684DADC3E021AC9E8D9E7E13BEFD.e.5861"}]}
RESULT: {"script":"<script> [8489 bytes]","args":[{"element-6066-11e4-a52e-4f735466cecf":"f.19E536F94174C8B9DE1C34297281D471.d.8A41684DADC3E021AC9E8D9E7E13BEFD.e.5861","ELEMENT":"f.19E536F94174C8B9DE1C34297281D471.d.8A41684DADC3E021AC9E8D9E7E13BEFD.e.5861"}]}
COMMAND: GET /session/b94376503e01bf473405a525b5bc89ad/element/f.19E536F94174C8B9DE1C34297281D471.d.8A41684DADC3E021AC9E8D9E7E13BEFD.e.5861/enabled - {}
COMMAND: GET /session/b94376503e01bf473405a525b5bc89ad/screenshot - {}
RESULT: {}
COMMAND: POST /session/b94376503e01bf473405a525b5bc89ad/execute/sync - {"script":"<script> [8489 bytes]","args":[{"element-6066-11e4-a52e-4f735466cecf":"f.19E536F94174C8B9DE1C34297281D471.d.8A41684DADC3E021AC9E8D9E7E13BEFD.e.5861","ELEMENT":"f.19E536F94174C8B9DE1C34297281D471.d.8A41684DADC3E021AC9E8D9E7E13BEFD.e.5861"}]}
COMMAND: GET /session/b94376503e01bf473405a525b5bc89ad/screenshot - {}
RESULT: {}
RESULT: {"script":"<script> [8489 bytes]","args":[{"element-6066-11e4-a52e-4f735466cecf":"f.19E536F94174C8B9DE1C34297281D471.d.8A41684DADC3E021AC9E8D9E7E13BEFD.e.5861","ELEMENT":"f.19E536F94174C8B9DE1C34297281D471.d.8A41684DADC3E021AC9E8D9E7E13BEFD.e.5861"}]}
COMMAND: POST /session/b94376503e01bf473405a525b5bc89ad/execute/sync - {"script":"<script> [5351 bytes]","args":[{"element-6066-11e4-a52e-4f735466cecf":"f.19E536F94174C8B9DE1C34297281D471.d.8A41684DADC3E021AC9E8D9E7E13BEFD.e.5861","ELEMENT":"f.19E536F94174C8B9DE1C34297281D471.d.8A41684DADC3E021AC9E8D9E7E13BEFD.e.5861"}]}
COMMAND: GET /session/b94376503e01bf473405a525b5bc89ad/screenshot - {}
RESULT: {}
RESULT: {"script":"<script> [5351 bytes]","args":[{"element-6066-11e4-a52e-4f735466cecf":"f.19E536F94174C8B9DE1C34297281D471.d.8A41684DADC3E021AC9E8D9E7E13BEFD.e.5861","ELEMENT":"f.19E536F94174C8B9DE1C34297281D471.d.8A41684DADC3E021AC9E8D9E7E13BEFD.e.5861"}]}
COMMAND: GET /session/b94376503e01bf473405a525b5bc89ad/screenshot - {}
RESULT: {}
RESULT: {}
COMMAND: POST /session/b94376503e01bf473405a525b5bc89ad/element - {"using":"xpath","value":"//span[@id=\"application-managepartners-display-component---masterPtm--smartTable-header-inner\"]"}
RESULT: {"using":"xpath","value":"//span[@id=\"application-managepartners-display-component---masterPtm--smartTable-header-inner\"]"}
COMMAND: POST /session/b94376503e01bf473405a525b5bc89ad/elements - {"using":"xpath","value":"//span[@id=\"application-managepartners-display-component---masterPtm--smartTable-header-inner\"]"}
RESULT: {"using":"xpath","value":"//span[@id=\"application-managepartners-display-component---masterPtm--smartTable-header-inner\"]"}
COMMAND: POST /session/b94376503e01bf473405a525b5bc89ad/execute/sync - {"script":"<script> [56 bytes]","args":[{"element-6066-11e4-a52e-4f735466cecf":"f.19E536F94174C8B9DE1C34297281D471.d.8A41684DADC3E021AC9E8D9E7E13BEFD.e.5996","ELEMENT":"f.19E536F94174C8B9DE1C34297281D471.d.8A41684DADC3E021AC9E8D9E7E13BEFD.e.5996"}]}
RESULT: {"script":"<script> [56 bytes]","args":[{"element-6066-11e4-a52e-4f735466cecf":"f.19E536F94174C8B9DE1C34297281D471.d.8A41684DADC3E021AC9E8D9E7E13BEFD.e.5996","ELEMENT":"f.19E536F94174C8B9DE1C34297281D471.d.8A41684DADC3E021AC9E8D9E7E13BEFD.e.5996"}]}
RESULT: undefined
COMMAND: POST /session/b94376503e01bf473405a525b5bc89ad/execute/async - {"script":"<script> [776 bytes]","args":[{"enterText":"External Partner WDIO","selector":{"id":"application-managepartners-display-component---masterPtm--smartFilterBar-btnBasicSearch","interaction":{"idSuffix":"I"}},"clearTextFirst":true,"interactionType":"ENTER_TEXT"}]}
COMMAND: GET /session/b94376503e01bf473405a525b5bc89ad/screenshot - {}
RESULT: {"script":"<script> [776 bytes]","args":[{"enterText":"External Partner WDIO","selector":{"id":"application-managepartners-display-component---masterPtm--smartFilterBar-btnBasicSearch","interaction":{"idSuffix":"I"}},"clearTextFirst":true,"interactionType":"ENTER_TEXT"}]}
RESULT: {}
COMMAND: POST /session/b94376503e01bf473405a525b5bc89ad/actions - {"actions":[{"id":"action17","type":"key","parameters":{},"actions":[{"type":"keyDown","value":"î€‡"},{"type":"pause","duration":10},{"type":"keyUp","value":"î€‡"}]}]}
RESULT: {"actions":[{"id":"action17","type":"key","parameters":{},"actions":[{"type":"keyDown","value":"î€‡"},{"type":"pause","duration":10},{"type":"keyUp","value":"î€‡"}]}]}
COMMAND: GET /session/b94376503e01bf473405a525b5bc89ad/screenshot - {}
RESULT: {}
COMMAND: POST /session/b94376503e01bf473405a525b5bc89ad/element - {"using":"xpath","value":"//span[@id=\"application-managepartners-display-component---masterPtm--smartTable-header-inner\"]"}
RESULT: {"using":"xpath","value":"//span[@id=\"application-managepartners-display-component---masterPtm--smartTable-header-inner\"]"}
COMMAND: POST /session/b94376503e01bf473405a525b5bc89ad/elements - {"using":"xpath","value":"//span[@id=\"application-managepartners-display-component---masterPtm--smartTable-header-inner\"]"}
RESULT: {"using":"xpath","value":"//span[@id=\"application-managepartners-display-component---masterPtm--smartTable-header-inner\"]"}
COMMAND: POST /session/b94376503e01bf473405a525b5bc89ad/execute/sync - {"script":"<script> [56 bytes]","args":[{"element-6066-11e4-a52e-4f735466cecf":"f.19E536F94174C8B9DE1C34297281D471.d.8A41684DADC3E021AC9E8D9E7E13BEFD.e.5996","ELEMENT":"f.19E536F94174C8B9DE1C34297281D471.d.8A41684DADC3E021AC9E8D9E7E13BEFD.e.5996"}]}
RESULT: {"script":"<script> [56 bytes]","args":[{"element-6066-11e4-a52e-4f735466cecf":"f.19E536F94174C8B9DE1C34297281D471.d.8A41684DADC3E021AC9E8D9E7E13BEFD.e.5996","ELEMENT":"f.19E536F94174C8B9DE1C34297281D471.d.8A41684DADC3E021AC9E8D9E7E13BEFD.e.5996"}]}
COMMAND: POST /session/b94376503e01bf473405a525b5bc89ad/element - {"using":"xpath","value":"//div[contains(@id, \"managepartners-display-component---masterPtm--smartFilterBar-btnBasicSearch-reset\")]"}
COMMAND: GET /session/b94376503e01bf473405a525b5bc89ad/screenshot - {}
RESULT: {"using":"xpath","value":"//div[contains(@id, \"managepartners-display-component---masterPtm--smartFilterBar-btnBasicSearch-reset\")]"}
COMMAND: POST /session/b94376503e01bf473405a525b5bc89ad/element/f.19E536F94174C8B9DE1C34297281D471.d.8A41684DADC3E021AC9E8D9E7E13BEFD.e.6078/click - {}
RESULT: {}
RESULT: {}
COMMAND: GET /session/b94376503e01bf473405a525b5bc89ad/screenshot - {}
RESULT: {}
COMMAND: POST /session/b94376503e01bf473405a525b5bc89ad/execute/async - {"script":"<script> [1562 bytes]","args":[{"selector":{"id":"application-managepartners-display-component---masterPtm--smartFilterBar-filterItemControl_BASIC-MAIN_ADDRESS-vhi"},"wdio_ui5_key":"applicationmanagepartners-display-component---masterPtm--smartFilterBar-filterItemControl_BASIC-MAIN_ADDRESS-vhi"}]}
RESULT: {"script":"<script> [1562 bytes]","args":[{"selector":{"id":"application-managepartners-display-component---masterPtm--smartFilterBar-filterItemControl_BASIC-MAIN_ADDRESS-vhi"},"wdio_ui5_key":"applicationmanagepartners-display-component---masterPtm--smartFilterBar-filterItemControl_BASIC-MAIN_ADDRESS-vhi"}]}
RESULT: undefined
COMMAND: POST /session/b94376503e01bf473405a525b5bc89ad/element - {"using":"xpath","value":"//*[@id=\"application-managepartners-display-component---masterPtm--smartFilterBar-filterItemControl_BASIC-MAIN_ADDRESS-vhi\"]"}
RESULT: {"using":"xpath","value":"//*[@id=\"application-managepartners-display-component---masterPtm--smartFilterBar-filterItemControl_BASIC-MAIN_ADDRESS-vhi\"]"}
COMMAND: POST /session/b94376503e01bf473405a525b5bc89ad/element/f.19E536F94174C8B9DE1C34297281D471.d.8A41684DADC3E021AC9E8D9E7E13BEFD.e.6158/click - {}
RESULT: {}
COMMAND: GET /session/b94376503e01bf473405a525b5bc89ad/screenshot - {}
RESULT: {}
COMMAND: POST /session/b94376503e01bf473405a525b5bc89ad/execute/async - {"script":"<script> [1562 bytes]","args":[{"selector":{"id":"application-managepartners-display-component---masterPtm--smartFilterBar-filterItemControl_BASIC-MAIN_ADDRESS-valueHelpDialog-smartFilterBar-btnBasicSearch","searchOpenDialogs":true,"interaction":{"idSuffix":"I"}},"wdio_ui5_key":"applicationmanagepartners-display-component---masterPtm--smartFilterBar-filterItemControl_BASIC-MAIN_ADDRESS-valueHelpDialog-smartFilterBar-btnBasicSearch"}]}
RESULT: {"script":"<script> [1562 bytes]","args":[{"selector":{"id":"application-managepartners-display-component---masterPtm--smartFilterBar-filterItemControl_BASIC-MAIN_ADDRESS-valueHelpDialog-smartFilterBar-btnBasicSearch","searchOpenDialogs":true,"interaction":{"idSuffix":"I"}},"wdio_ui5_key":"applicationmanagepartners-display-component---masterPtm--smartFilterBar-filterItemControl_BASIC-MAIN_ADDRESS-valueHelpDialog-smartFilterBar-btnBasicSearch"}]}
RESULT: undefined
COMMAND: POST /session/b94376503e01bf473405a525b5bc89ad/execute/async - {"script":"<script> [776 bytes]","args":[{"enterText":"Romania","selector":{"id":"application-managepartners-display-component---masterPtm--smartFilterBar-filterItemControl_BASIC-MAIN_ADDRESS-valueHelpDialog-smartFilterBar-btnBasicSearch","searchOpenDialogs":true,"interaction":{"idSuffix":"I"}},"clearTextFirst":true,"interactionType":"ENTER_TEXT"}]}
RESULT: {"script":"<script> [776 bytes]","args":[{"enterText":"Romania","selector":{"id":"application-managepartners-display-component---masterPtm--smartFilterBar-filterItemControl_BASIC-MAIN_ADDRESS-valueHelpDialog-smartFilterBar-btnBasicSearch","searchOpenDialogs":true,"interaction":{"idSuffix":"I"}},"clearTextFirst":true,"interactionType":"ENTER_TEXT"}]}
COMMAND: POST /session/b94376503e01bf473405a525b5bc89ad/actions - {"actions":[{"id":"action18","type":"key","parameters":{},"actions":[{"type":"keyDown","value":"î€‡"},{"type":"pause","duration":10},{"type":"keyUp","value":"î€‡"}]}]}
RESULT: {"actions":[{"id":"action18","type":"key","parameters":{},"actions":[{"type":"keyDown","value":"î€‡"},{"type":"pause","duration":10},{"type":"keyUp","value":"î€‡"}]}]}
COMMAND: POST /session/b94376503e01bf473405a525b5bc89ad/elements - {"using":"xpath","value":"//table[contains(@id, \"smartFilterBar-filterItemControl_BASIC-MAIN_ADDRESS-valueHelpDialog-table-table\")]/tbody/tr"}
COMMAND: GET /session/b94376503e01bf473405a525b5bc89ad/screenshot - {}
RESULT: {"using":"xpath","value":"//table[contains(@id, \"smartFilterBar-filterItemControl_BASIC-MAIN_ADDRESS-valueHelpDialog-table-table\")]/tbody/tr"}
COMMAND: POST /session/b94376503e01bf473405a525b5bc89ad/element - {"using":"xpath","value":"//table[contains(@id, \"smartFilterBar-filterItemControl_BASIC-MAIN_ADDRESS-valueHelpDialog-table-table\")]/tbody/tr[1]/td[1]/div/span"}
RESULT: {}
RESULT: {"using":"xpath","value":"//table[contains(@id, \"smartFilterBar-filterItemControl_BASIC-MAIN_ADDRESS-valueHelpDialog-table-table\")]/tbody/tr[1]/td[1]/div/span"}
COMMAND: POST /session/b94376503e01bf473405a525b5bc89ad/elements - {"using":"xpath","value":"//table[contains(@id, \"smartFilterBar-filterItemControl_BASIC-MAIN_ADDRESS-valueHelpDialog-table-table\")]/tbody/tr[1]/td[1]/div/span"}
RESULT: {"using":"xpath","value":"//table[contains(@id, \"smartFilterBar-filterItemControl_BASIC-MAIN_ADDRESS-valueHelpDialog-table-table\")]/tbody/tr[1]/td[1]/div/span"}
COMMAND: POST /session/b94376503e01bf473405a525b5bc89ad/execute/sync - {"script":"<script> [56 bytes]","args":[{"element-6066-11e4-a52e-4f735466cecf":"f.19E536F94174C8B9DE1C34297281D471.d.8A41684DADC3E021AC9E8D9E7E13BEFD.e.6178","ELEMENT":"f.19E536F94174C8B9DE1C34297281D471.d.8A41684DADC3E021AC9E8D9E7E13BEFD.e.6178"}]}
RESULT: {"script":"<script> [56 bytes]","args":[{"element-6066-11e4-a52e-4f735466cecf":"f.19E536F94174C8B9DE1C34297281D471.d.8A41684DADC3E021AC9E8D9E7E13BEFD.e.6178","ELEMENT":"f.19E536F94174C8B9DE1C34297281D471.d.8A41684DADC3E021AC9E8D9E7E13BEFD.e.6178"}]}
COMMAND: POST /session/b94376503e01bf473405a525b5bc89ad/element - {"using":"xpath","value":"//div[contains(@id, \"filterItemControl_BASIC-MAIN_ADDRESS-valueHelpDialog-table-rowsel0\")]"}
COMMAND: GET /session/b94376503e01bf473405a525b5bc89ad/screenshot - {}
RESULT: {"using":"xpath","value":"//div[contains(@id, \"filterItemControl_BASIC-MAIN_ADDRESS-valueHelpDialog-table-rowsel0\")]"}
COMMAND: POST /session/b94376503e01bf473405a525b5bc89ad/element/f.19E536F94174C8B9DE1C34297281D471.d.8A41684DADC3E021AC9E8D9E7E13BEFD.e.6179/click - {}
RESULT: {}
RESULT: {}
COMMAND: GET /session/b94376503e01bf473405a525b5bc89ad/screenshot - {}
RESULT: {}
COMMAND: POST /session/b94376503e01bf473405a525b5bc89ad/element - {"using":"xpath","value":"(//bdi[contains(text(), \"OK\")])[1]"}
RESULT: {"using":"xpath","value":"(//bdi[contains(text(), \"OK\")])[1]"}
COMMAND: POST /session/b94376503e01bf473405a525b5bc89ad/element/f.19E536F94174C8B9DE1C34297281D471.d.8A41684DADC3E021AC9E8D9E7E13BEFD.e.6181/click - {}
RESULT: {}
COMMAND: GET /session/b94376503e01bf473405a525b5bc89ad/screenshot - {}
RESULT: {}
COMMAND: POST /session/b94376503e01bf473405a525b5bc89ad/element - {"using":"xpath","value":"//span[@id=\"application-managepartners-display-component---masterPtm--smartTable-header-inner\"]"}
RESULT: {"using":"xpath","value":"//span[@id=\"application-managepartners-display-component---masterPtm--smartTable-header-inner\"]"}
COMMAND: POST /session/b94376503e01bf473405a525b5bc89ad/elements - {"using":"xpath","value":"//span[@id=\"application-managepartners-display-component---masterPtm--smartTable-header-inner\"]"}
RESULT: {"using":"xpath","value":"//span[@id=\"application-managepartners-display-component---masterPtm--smartTable-header-inner\"]"}
COMMAND: POST /session/b94376503e01bf473405a525b5bc89ad/execute/sync - {"script":"<script> [56 bytes]","args":[{"element-6066-11e4-a52e-4f735466cecf":"f.19E536F94174C8B9DE1C34297281D471.d.8A41684DADC3E021AC9E8D9E7E13BEFD.e.5996","ELEMENT":"f.19E536F94174C8B9DE1C34297281D471.d.8A41684DADC3E021AC9E8D9E7E13BEFD.e.5996"}]}
RESULT: {"script":"<script> [56 bytes]","args":[{"element-6066-11e4-a52e-4f735466cecf":"f.19E536F94174C8B9DE1C34297281D471.d.8A41684DADC3E021AC9E8D9E7E13BEFD.e.5996","ELEMENT":"f.19E536F94174C8B9DE1C34297281D471.d.8A41684DADC3E021AC9E8D9E7E13BEFD.e.5996"}]}
COMMAND: POST /session/b94376503e01bf473405a525b5bc89ad/element - {"using":"xpath","value":"//span[contains(@title, \"Remove\")]"}
COMMAND: GET /session/b94376503e01bf473405a525b5bc89ad/screenshot - {}
RESULT: {"using":"xpath","value":"//span[contains(@title, \"Remove\")]"}
COMMAND: POST /session/b94376503e01bf473405a525b5bc89ad/element/f.19E536F94174C8B9DE1C34297281D471.d.8A41684DADC3E021AC9E8D9E7E13BEFD.e.6194/click - {}
RESULT: {}
RESULT: {}
COMMAND: GET /session/b94376503e01bf473405a525b5bc89ad/screenshot - {}
RESULT: {}
COMMAND: POST /session/b94376503e01bf473405a525b5bc89ad/element - {"using":"xpath","value":"//span[@id=\"application-managepartners-display-component---masterPtm--smartTable-header-inner\"]"}
RESULT: {"using":"xpath","value":"//span[@id=\"application-managepartners-display-component---masterPtm--smartTable-header-inner\"]"}
COMMAND: POST /session/b94376503e01bf473405a525b5bc89ad/elements - {"using":"xpath","value":"//span[@id=\"application-managepartners-display-component---masterPtm--smartTable-header-inner\"]"}
RESULT: {"using":"xpath","value":"//span[@id=\"application-managepartners-display-component---masterPtm--smartTable-header-inner\"]"}
COMMAND: POST /session/b94376503e01bf473405a525b5bc89ad/execute/sync - {"script":"<script> [56 bytes]","args":[{"element-6066-11e4-a52e-4f735466cecf":"f.19E536F94174C8B9DE1C34297281D471.d.8A41684DADC3E021AC9E8D9E7E13BEFD.e.5996","ELEMENT":"f.19E536F94174C8B9DE1C34297281D471.d.8A41684DADC3E021AC9E8D9E7E13BEFD.e.5996"}]}
RESULT: {"script":"<script> [56 bytes]","args":[{"element-6066-11e4-a52e-4f735466cecf":"f.19E536F94174C8B9DE1C34297281D471.d.8A41684DADC3E021AC9E8D9E7E13BEFD.e.5996","ELEMENT":"f.19E536F94174C8B9DE1C34297281D471.d.8A41684DADC3E021AC9E8D9E7E13BEFD.e.5996"}]}
COMMAND: POST /session/b94376503e01bf473405a525b5bc89ad/execute/async - {"script":"<script> [1562 bytes]","args":[{"selector":{"id":"application-managepartners-display-component---masterPtm--smartFilterBar-filterItemControl_BASIC-YARD-vhi"},"wdio_ui5_key":"applicationmanagepartners-display-component---masterPtm--smartFilterBar-filterItemControl_BASIC-YARD-vhi"}]}
COMMAND: GET /session/b94376503e01bf473405a525b5bc89ad/screenshot - {}
RESULT: {"script":"<script> [1562 bytes]","args":[{"selector":{"id":"application-managepartners-display-component---masterPtm--smartFilterBar-filterItemControl_BASIC-YARD-vhi"},"wdio_ui5_key":"applicationmanagepartners-display-component---masterPtm--smartFilterBar-filterItemControl_BASIC-YARD-vhi"}]}
RESULT: undefined
COMMAND: POST /session/b94376503e01bf473405a525b5bc89ad/element - {"using":"xpath","value":"//*[@id=\"application-managepartners-display-component---masterPtm--smartFilterBar-filterItemControl_BASIC-YARD-vhi\"]"}
RESULT: {}
RESULT: {"using":"xpath","value":"//*[@id=\"application-managepartners-display-component---masterPtm--smartFilterBar-filterItemControl_BASIC-YARD-vhi\"]"}
COMMAND: POST /session/b94376503e01bf473405a525b5bc89ad/element/f.19E536F94174C8B9DE1C34297281D471.d.8A41684DADC3E021AC9E8D9E7E13BEFD.e.6299/click - {}
RESULT: {}
COMMAND: GET /session/b94376503e01bf473405a525b5bc89ad/screenshot - {}
RESULT: {}
COMMAND: POST /session/b94376503e01bf473405a525b5bc89ad/execute/async - {"script":"<script> [1562 bytes]","args":[{"selector":{"id":"application-managepartners-display-component---masterPtm--smartFilterBar-filterItemControl_BASIC-YARD-valueHelpDialog-smartFilterBar-btnBasicSearch","searchOpenDialogs":true,"interaction":{"idSuffix":"I"}},"wdio_ui5_key":"applicationmanagepartners-display-component---masterPtm--smartFilterBar-filterItemControl_BASIC-YARD-valueHelpDialog-smartFilterBar-btnBasicSearch"}]}
RESULT: {"script":"<script> [1562 bytes]","args":[{"selector":{"id":"application-managepartners-display-component---masterPtm--smartFilterBar-filterItemControl_BASIC-YARD-valueHelpDialog-smartFilterBar-btnBasicSearch","searchOpenDialogs":true,"interaction":{"idSuffix":"I"}},"wdio_ui5_key":"applicationmanagepartners-display-component---masterPtm--smartFilterBar-filterItemControl_BASIC-YARD-valueHelpDialog-smartFilterBar-btnBasicSearch"}]}
RESULT: undefined
COMMAND: POST /session/b94376503e01bf473405a525b5bc89ad/execute/async - {"script":"<script> [776 bytes]","args":[{"enterText":"Test","selector":{"id":"application-managepartners-display-component---masterPtm--smartFilterBar-filterItemControl_BASIC-YARD-valueHelpDialog-smartFilterBar-btnBasicSearch","searchOpenDialogs":true,"interaction":{"idSuffix":"I"}},"clearTextFirst":true,"interactionType":"ENTER_TEXT"}]}
RESULT: {"script":"<script> [776 bytes]","args":[{"enterText":"Test","selector":{"id":"application-managepartners-display-component---masterPtm--smartFilterBar-filterItemControl_BASIC-YARD-valueHelpDialog-smartFilterBar-btnBasicSearch","searchOpenDialogs":true,"interaction":{"idSuffix":"I"}},"clearTextFirst":true,"interactionType":"ENTER_TEXT"}]}
COMMAND: POST /session/b94376503e01bf473405a525b5bc89ad/actions - {"actions":[{"id":"action19","type":"key","parameters":{},"actions":[{"type":"keyDown","value":"î€‡"},{"type":"pause","duration":10},{"type":"keyUp","value":"î€‡"}]}]}
RESULT: {"actions":[{"id":"action19","type":"key","parameters":{},"actions":[{"type":"keyDown","value":"î€‡"},{"type":"pause","duration":10},{"type":"keyUp","value":"î€‡"}]}]}
COMMAND: POST /session/b94376503e01bf473405a525b5bc89ad/elements - {"using":"xpath","value":"//table[contains(@id, \"smartFilterBar-filterItemControl_BASIC-YARD-valueHelpDialog-table-table\")]/tbody/tr"}
COMMAND: GET /session/b94376503e01bf473405a525b5bc89ad/screenshot - {}
RESULT: {"using":"xpath","value":"//table[contains(@id, \"smartFilterBar-filterItemControl_BASIC-YARD-valueHelpDialog-table-table\")]/tbody/tr"}
COMMAND: POST /session/b94376503e01bf473405a525b5bc89ad/element - {"using":"xpath","value":"//table[contains(@id, \"smartFilterBar-filterItemControl_BASIC-YARD-valueHelpDialog-table-table\")]/tbody/tr[1]/td[1]/div/span"}
RESULT: {}
RESULT: {"using":"xpath","value":"//table[contains(@id, \"smartFilterBar-filterItemControl_BASIC-YARD-valueHelpDialog-table-table\")]/tbody/tr[1]/td[1]/div/span"}
COMMAND: POST /session/b94376503e01bf473405a525b5bc89ad/elements - {"using":"xpath","value":"//table[contains(@id, \"smartFilterBar-filterItemControl_BASIC-YARD-valueHelpDialog-table-table\")]/tbody/tr[1]/td[1]/div/span"}
RESULT: {"using":"xpath","value":"//table[contains(@id, \"smartFilterBar-filterItemControl_BASIC-YARD-valueHelpDialog-table-table\")]/tbody/tr[1]/td[1]/div/span"}
COMMAND: POST /session/b94376503e01bf473405a525b5bc89ad/execute/sync - {"script":"<script> [56 bytes]","args":[{"element-6066-11e4-a52e-4f735466cecf":"f.19E536F94174C8B9DE1C34297281D471.d.8A41684DADC3E021AC9E8D9E7E13BEFD.e.6320","ELEMENT":"f.19E536F94174C8B9DE1C34297281D471.d.8A41684DADC3E021AC9E8D9E7E13BEFD.e.6320"}]}
RESULT: {"script":"<script> [56 bytes]","args":[{"element-6066-11e4-a52e-4f735466cecf":"f.19E536F94174C8B9DE1C34297281D471.d.8A41684DADC3E021AC9E8D9E7E13BEFD.e.6320","ELEMENT":"f.19E536F94174C8B9DE1C34297281D471.d.8A41684DADC3E021AC9E8D9E7E13BEFD.e.6320"}]}
COMMAND: POST /session/b94376503e01bf473405a525b5bc89ad/element - {"using":"xpath","value":"//table[contains(@id, \"smartFilterBar-filterItemControl_BASIC-YARD-valueHelpDialog-table-table\")]/tbody/tr[2]/td[1]/div/span"}
COMMAND: GET /session/b94376503e01bf473405a525b5bc89ad/screenshot - {}
RESULT: {"using":"xpath","value":"//table[contains(@id, \"smartFilterBar-filterItemControl_BASIC-YARD-valueHelpDialog-table-table\")]/tbody/tr[2]/td[1]/div/span"}
COMMAND: POST /session/b94376503e01bf473405a525b5bc89ad/elements - {"using":"xpath","value":"//table[contains(@id, \"smartFilterBar-filterItemControl_BASIC-YARD-valueHelpDialog-table-table\")]/tbody/tr[2]/td[1]/div/span"}
RESULT: {}
RESULT: {"using":"xpath","value":"//table[contains(@id, \"smartFilterBar-filterItemControl_BASIC-YARD-valueHelpDialog-table-table\")]/tbody/tr[2]/td[1]/div/span"}
COMMAND: POST /session/b94376503e01bf473405a525b5bc89ad/execute/sync - {"script":"<script> [56 bytes]","args":[{"element-6066-11e4-a52e-4f735466cecf":"f.19E536F94174C8B9DE1C34297281D471.d.8A41684DADC3E021AC9E8D9E7E13BEFD.e.6321","ELEMENT":"f.19E536F94174C8B9DE1C34297281D471.d.8A41684DADC3E021AC9E8D9E7E13BEFD.e.6321"}]}
RESULT: {"script":"<script> [56 bytes]","args":[{"element-6066-11e4-a52e-4f735466cecf":"f.19E536F94174C8B9DE1C34297281D471.d.8A41684DADC3E021AC9E8D9E7E13BEFD.e.6321","ELEMENT":"f.19E536F94174C8B9DE1C34297281D471.d.8A41684DADC3E021AC9E8D9E7E13BEFD.e.6321"}]}
COMMAND: POST /session/b94376503e01bf473405a525b5bc89ad/element - {"using":"xpath","value":"//table[contains(@id, \"smartFilterBar-filterItemControl_BASIC-YARD-valueHelpDialog-table-table\")]/tbody/tr[3]/td[1]/div/span"}
COMMAND: GET /session/b94376503e01bf473405a525b5bc89ad/screenshot - {}
RESULT: {"using":"xpath","value":"//table[contains(@id, \"smartFilterBar-filterItemControl_BASIC-YARD-valueHelpDialog-table-table\")]/tbody/tr[3]/td[1]/div/span"}
COMMAND: POST /session/b94376503e01bf473405a525b5bc89ad/elements - {"using":"xpath","value":"//table[contains(@id, \"smartFilterBar-filterItemControl_BASIC-YARD-valueHelpDialog-table-table\")]/tbody/tr[3]/td[1]/div/span"}
RESULT: {}
RESULT: {"using":"xpath","value":"//table[contains(@id, \"smartFilterBar-filterItemControl_BASIC-YARD-valueHelpDialog-table-table\")]/tbody/tr[3]/td[1]/div/span"}
COMMAND: POST /session/b94376503e01bf473405a525b5bc89ad/execute/sync - {"script":"<script> [56 bytes]","args":[{"element-6066-11e4-a52e-4f735466cecf":"f.19E536F94174C8B9DE1C34297281D471.d.8A41684DADC3E021AC9E8D9E7E13BEFD.e.6322","ELEMENT":"f.19E536F94174C8B9DE1C34297281D471.d.8A41684DADC3E021AC9E8D9E7E13BEFD.e.6322"}]}
RESULT: {"script":"<script> [56 bytes]","args":[{"element-6066-11e4-a52e-4f735466cecf":"f.19E536F94174C8B9DE1C34297281D471.d.8A41684DADC3E021AC9E8D9E7E13BEFD.e.6322","ELEMENT":"f.19E536F94174C8B9DE1C34297281D471.d.8A41684DADC3E021AC9E8D9E7E13BEFD.e.6322"}]}
COMMAND: POST /session/b94376503e01bf473405a525b5bc89ad/element - {"using":"xpath","value":"//div[contains(@id, \"filterItemControl_BASIC-YARD-valueHelpDialog-table-rowsel2\")]"}
COMMAND: GET /session/b94376503e01bf473405a525b5bc89ad/screenshot - {}
RESULT: {"using":"xpath","value":"//div[contains(@id, \"filterItemControl_BASIC-YARD-valueHelpDialog-table-rowsel2\")]"}
COMMAND: POST /session/b94376503e01bf473405a525b5bc89ad/element/f.19E536F94174C8B9DE1C34297281D471.d.8A41684DADC3E021AC9E8D9E7E13BEFD.e.6323/click - {}
RESULT: {}
RESULT: {}
COMMAND: GET /session/b94376503e01bf473405a525b5bc89ad/screenshot - {}
RESULT: {}
COMMAND: POST /session/b94376503e01bf473405a525b5bc89ad/element - {"using":"xpath","value":"(//bdi[contains(text(), \"OK\")])[1]"}
RESULT: {"using":"xpath","value":"(//bdi[contains(text(), \"OK\")])[1]"}
COMMAND: POST /session/b94376503e01bf473405a525b5bc89ad/element/f.19E536F94174C8B9DE1C34297281D471.d.8A41684DADC3E021AC9E8D9E7E13BEFD.e.6325/click - {}
RESULT: {}
COMMAND: GET /session/b94376503e01bf473405a525b5bc89ad/screenshot - {}
RESULT: {}
COMMAND: POST /session/b94376503e01bf473405a525b5bc89ad/element - {"using":"xpath","value":"//span[@id=\"application-managepartners-display-component---masterPtm--smartTable-header-inner\"]"}
RESULT: {"using":"xpath","value":"//span[@id=\"application-managepartners-display-component---masterPtm--smartTable-header-inner\"]"}
COMMAND: POST /session/b94376503e01bf473405a525b5bc89ad/elements - {"using":"xpath","value":"//span[@id=\"application-managepartners-display-component---masterPtm--smartTable-header-inner\"]"}
RESULT: {"using":"xpath","value":"//span[@id=\"application-managepartners-display-component---masterPtm--smartTable-header-inner\"]"}
COMMAND: POST /session/b94376503e01bf473405a525b5bc89ad/execute/sync - {"script":"<script> [56 bytes]","args":[{"element-6066-11e4-a52e-4f735466cecf":"f.19E536F94174C8B9DE1C34297281D471.d.8A41684DADC3E021AC9E8D9E7E13BEFD.e.5996","ELEMENT":"f.19E536F94174C8B9DE1C34297281D471.d.8A41684DADC3E021AC9E8D9E7E13BEFD.e.5996"}]}
RESULT: {"script":"<script> [56 bytes]","args":[{"element-6066-11e4-a52e-4f735466cecf":"f.19E536F94174C8B9DE1C34297281D471.d.8A41684DADC3E021AC9E8D9E7E13BEFD.e.5996","ELEMENT":"f.19E536F94174C8B9DE1C34297281D471.d.8A41684DADC3E021AC9E8D9E7E13BEFD.e.5996"}]}
COMMAND: POST /session/b94376503e01bf473405a525b5bc89ad/element - {"using":"xpath","value":"//span[contains(@title, \"Remove\")]"}
COMMAND: GET /session/b94376503e01bf473405a525b5bc89ad/screenshot - {}
RESULT: {"using":"xpath","value":"//span[contains(@title, \"Remove\")]"}
COMMAND: POST /session/b94376503e01bf473405a525b5bc89ad/element/f.19E536F94174C8B9DE1C34297281D471.d.8A41684DADC3E021AC9E8D9E7E13BEFD.e.6338/click - {}
RESULT: {}
RESULT: {}
COMMAND: GET /session/b94376503e01bf473405a525b5bc89ad/screenshot - {}
RESULT: {}
COMMAND: POST /session/b94376503e01bf473405a525b5bc89ad/element - {"using":"xpath","value":"//span[@id=\"application-managepartners-display-component---masterPtm--smartTable-header-inner\"]"}
RESULT: {"using":"xpath","value":"//span[@id=\"application-managepartners-display-component---masterPtm--smartTable-header-inner\"]"}
COMMAND: POST /session/b94376503e01bf473405a525b5bc89ad/elements - {"using":"xpath","value":"//span[@id=\"application-managepartners-display-component---masterPtm--smartTable-header-inner\"]"}
RESULT: {"using":"xpath","value":"//span[@id=\"application-managepartners-display-component---masterPtm--smartTable-header-inner\"]"}
COMMAND: POST /session/b94376503e01bf473405a525b5bc89ad/execute/sync - {"script":"<script> [56 bytes]","args":[{"element-6066-11e4-a52e-4f735466cecf":"f.19E536F94174C8B9DE1C34297281D471.d.8A41684DADC3E021AC9E8D9E7E13BEFD.e.5996","ELEMENT":"f.19E536F94174C8B9DE1C34297281D471.d.8A41684DADC3E021AC9E8D9E7E13BEFD.e.5996"}]}
RESULT: {"script":"<script> [56 bytes]","args":[{"element-6066-11e4-a52e-4f735466cecf":"f.19E536F94174C8B9DE1C34297281D471.d.8A41684DADC3E021AC9E8D9E7E13BEFD.e.5996","ELEMENT":"f.19E536F94174C8B9DE1C34297281D471.d.8A41684DADC3E021AC9E8D9E7E13BEFD.e.5996"}]}
COMMAND: POST /session/b94376503e01bf473405a525b5bc89ad/execute/async - {"script":"<script> [1562 bytes]","args":[{"selector":{"id":"application-managepartners-display-component---masterPtm--smartFilterBar-filterItemControl_BASIC-ALL_TAGS-vhi"},"wdio_ui5_key":"applicationmanagepartners-display-component---masterPtm--smartFilterBar-filterItemControl_BASIC-ALL_TAGS-vhi"}]}
COMMAND: GET /session/b94376503e01bf473405a525b5bc89ad/screenshot - {}
RESULT: {"script":"<script> [1562 bytes]","args":[{"selector":{"id":"application-managepartners-display-component---masterPtm--smartFilterBar-filterItemControl_BASIC-ALL_TAGS-vhi"},"wdio_ui5_key":"applicationmanagepartners-display-component---masterPtm--smartFilterBar-filterItemControl_BASIC-ALL_TAGS-vhi"}]}
RESULT: undefined
COMMAND: POST /session/b94376503e01bf473405a525b5bc89ad/element - {"using":"xpath","value":"//*[@id=\"application-managepartners-display-component---masterPtm--smartFilterBar-filterItemControl_BASIC-ALL_TAGS-vhi\"]"}
RESULT: {}
RESULT: {"using":"xpath","value":"//*[@id=\"application-managepartners-display-component---masterPtm--smartFilterBar-filterItemControl_BASIC-ALL_TAGS-vhi\"]"}
COMMAND: POST /session/b94376503e01bf473405a525b5bc89ad/element/f.19E536F94174C8B9DE1C34297281D471.d.8A41684DADC3E021AC9E8D9E7E13BEFD.e.6442/click - {}
RESULT: {}
COMMAND: GET /session/b94376503e01bf473405a525b5bc89ad/screenshot - {}
RESULT: {}
COMMAND: POST /session/b94376503e01bf473405a525b5bc89ad/execute/async - {"script":"<script> [1562 bytes]","args":[{"selector":{"id":"application-managepartners-display-component---masterPtm--smartFilterBar-filterItemControl_BASIC-ALL_TAGS-valueHelpDialog-smartFilterBar-btnBasicSearch","searchOpenDialogs":true,"interaction":{"idSuffix":"I"}},"wdio_ui5_key":"applicationmanagepartners-display-component---masterPtm--smartFilterBar-filterItemControl_BASIC-ALL_TAGS-valueHelpDialog-smartFilterBar-btnBasicSearch"}]}
RESULT: {"script":"<script> [1562 bytes]","args":[{"selector":{"id":"application-managepartners-display-component---masterPtm--smartFilterBar-filterItemControl_BASIC-ALL_TAGS-valueHelpDialog-smartFilterBar-btnBasicSearch","searchOpenDialogs":true,"interaction":{"idSuffix":"I"}},"wdio_ui5_key":"applicationmanagepartners-display-component---masterPtm--smartFilterBar-filterItemControl_BASIC-ALL_TAGS-valueHelpDialog-smartFilterBar-btnBasicSearch"}]}
RESULT: undefined
COMMAND: POST /session/b94376503e01bf473405a525b5bc89ad/execute/async - {"script":"<script> [776 bytes]","args":[{"enterText":"test-tag-1","selector":{"id":"application-managepartners-display-component---masterPtm--smartFilterBar-filterItemControl_BASIC-ALL_TAGS-valueHelpDialog-smartFilterBar-btnBasicSearch","searchOpenDialogs":true,"interaction":{"idSuffix":"I"}},"clearTextFirst":true,"interactionType":"ENTER_TEXT"}]}
RESULT: {"script":"<script> [776 bytes]","args":[{"enterText":"test-tag-1","selector":{"id":"application-managepartners-display-component---masterPtm--smartFilterBar-filterItemControl_BASIC-ALL_TAGS-valueHelpDialog-smartFilterBar-btnBasicSearch","searchOpenDialogs":true,"interaction":{"idSuffix":"I"}},"clearTextFirst":true,"interactionType":"ENTER_TEXT"}]}
COMMAND: POST /session/b94376503e01bf473405a525b5bc89ad/actions - {"actions":[{"id":"action20","type":"key","parameters":{},"actions":[{"type":"keyDown","value":"î€‡"},{"type":"pause","duration":10},{"type":"keyUp","value":"î€‡"}]}]}
RESULT: {"actions":[{"id":"action20","type":"key","parameters":{},"actions":[{"type":"keyDown","value":"î€‡"},{"type":"pause","duration":10},{"type":"keyUp","value":"î€‡"}]}]}
COMMAND: POST /session/b94376503e01bf473405a525b5bc89ad/elements - {"using":"xpath","value":"//table[contains(@id, \"smartFilterBar-filterItemControl_BASIC-ALL_TAGS-valueHelpDialog-table-table\")]/tbody/tr"}
COMMAND: GET /session/b94376503e01bf473405a525b5bc89ad/screenshot - {}
RESULT: {"using":"xpath","value":"//table[contains(@id, \"smartFilterBar-filterItemControl_BASIC-ALL_TAGS-valueHelpDialog-table-table\")]/tbody/tr"}
COMMAND: POST /session/b94376503e01bf473405a525b5bc89ad/element - {"using":"xpath","value":"//table[contains(@id, \"smartFilterBar-filterItemControl_BASIC-ALL_TAGS-valueHelpDialog-table-table\")]/tbody/tr[1]/td[1]/div/span"}
RESULT: {}
RESULT: {"using":"xpath","value":"//table[contains(@id, \"smartFilterBar-filterItemControl_BASIC-ALL_TAGS-valueHelpDialog-table-table\")]/tbody/tr[1]/td[1]/div/span"}
COMMAND: POST /session/b94376503e01bf473405a525b5bc89ad/elements - {"using":"xpath","value":"//table[contains(@id, \"smartFilterBar-filterItemControl_BASIC-ALL_TAGS-valueHelpDialog-table-table\")]/tbody/tr[1]/td[1]/div/span"}
RESULT: {"using":"xpath","value":"//table[contains(@id, \"smartFilterBar-filterItemControl_BASIC-ALL_TAGS-valueHelpDialog-table-table\")]/tbody/tr[1]/td[1]/div/span"}
COMMAND: POST /session/b94376503e01bf473405a525b5bc89ad/execute/sync - {"script":"<script> [56 bytes]","args":[{"element-6066-11e4-a52e-4f735466cecf":"f.19E536F94174C8B9DE1C34297281D471.d.8A41684DADC3E021AC9E8D9E7E13BEFD.e.6464","ELEMENT":"f.19E536F94174C8B9DE1C34297281D471.d.8A41684DADC3E021AC9E8D9E7E13BEFD.e.6464"}]}
RESULT: {"script":"<script> [56 bytes]","args":[{"element-6066-11e4-a52e-4f735466cecf":"f.19E536F94174C8B9DE1C34297281D471.d.8A41684DADC3E021AC9E8D9E7E13BEFD.e.6464","ELEMENT":"f.19E536F94174C8B9DE1C34297281D471.d.8A41684DADC3E021AC9E8D9E7E13BEFD.e.6464"}]}
COMMAND: POST /session/b94376503e01bf473405a525b5bc89ad/element - {"using":"xpath","value":"//div[contains(@id, \"filterItemControl_BASIC-ALL_TAGS-valueHelpDialog-table-rowsel0\")]"}
COMMAND: GET /session/b94376503e01bf473405a525b5bc89ad/screenshot - {}
RESULT: {"using":"xpath","value":"//div[contains(@id, \"filterItemControl_BASIC-ALL_TAGS-valueHelpDialog-table-rowsel0\")]"}
COMMAND: POST /session/b94376503e01bf473405a525b5bc89ad/element/f.19E536F94174C8B9DE1C34297281D471.d.8A41684DADC3E021AC9E8D9E7E13BEFD.e.6465/click - {}
RESULT: {}
RESULT: {}
COMMAND: GET /session/b94376503e01bf473405a525b5bc89ad/screenshot - {}
RESULT: {}
COMMAND: POST /session/b94376503e01bf473405a525b5bc89ad/element - {"using":"xpath","value":"(//bdi[contains(text(), \"OK\")])[1]"}
RESULT: {"using":"xpath","value":"(//bdi[contains(text(), \"OK\")])[1]"}
COMMAND: POST /session/b94376503e01bf473405a525b5bc89ad/element/f.19E536F94174C8B9DE1C34297281D471.d.8A41684DADC3E021AC9E8D9E7E13BEFD.e.6467/click - {}
RESULT: {}
COMMAND: GET /session/b94376503e01bf473405a525b5bc89ad/screenshot - {}
RESULT: {}
COMMAND: POST /session/b94376503e01bf473405a525b5bc89ad/element - {"using":"xpath","value":"//span[@id=\"application-managepartners-display-component---masterPtm--smartTable-header-inner\"]"}
RESULT: {"using":"xpath","value":"//span[@id=\"application-managepartners-display-component---masterPtm--smartTable-header-inner\"]"}
COMMAND: POST /session/b94376503e01bf473405a525b5bc89ad/elements - {"using":"xpath","value":"//span[@id=\"application-managepartners-display-component---masterPtm--smartTable-header-inner\"]"}
RESULT: {"using":"xpath","value":"//span[@id=\"application-managepartners-display-component---masterPtm--smartTable-header-inner\"]"}
COMMAND: POST /session/b94376503e01bf473405a525b5bc89ad/execute/sync - {"script":"<script> [56 bytes]","args":[{"element-6066-11e4-a52e-4f735466cecf":"f.19E536F94174C8B9DE1C34297281D471.d.8A41684DADC3E021AC9E8D9E7E13BEFD.e.5996","ELEMENT":"f.19E536F94174C8B9DE1C34297281D471.d.8A41684DADC3E021AC9E8D9E7E13BEFD.e.5996"}]}
RESULT: {"script":"<script> [56 bytes]","args":[{"element-6066-11e4-a52e-4f735466cecf":"f.19E536F94174C8B9DE1C34297281D471.d.8A41684DADC3E021AC9E8D9E7E13BEFD.e.5996","ELEMENT":"f.19E536F94174C8B9DE1C34297281D471.d.8A41684DADC3E021AC9E8D9E7E13BEFD.e.5996"}]}
COMMAND: POST /session/b94376503e01bf473405a525b5bc89ad/element - {"using":"xpath","value":"//span[contains(@title, \"Remove\")]"}
COMMAND: GET /session/b94376503e01bf473405a525b5bc89ad/screenshot - {}
RESULT: {"using":"xpath","value":"//span[contains(@title, \"Remove\")]"}
COMMAND: POST /session/b94376503e01bf473405a525b5bc89ad/element/f.19E536F94174C8B9DE1C34297281D471.d.8A41684DADC3E021AC9E8D9E7E13BEFD.e.6489/click - {}
RESULT: {}
RESULT: {}
COMMAND: GET /session/b94376503e01bf473405a525b5bc89ad/screenshot - {}
COMMAND: POST /session/b94376503e01bf473405a525b5bc89ad/execute/async - {"script":"<script> [1562 bytes]","args":[{"selector":{"id":"application-managepartners-display-component---masterPtm--partnerTypes-arrow"},"wdio_ui5_key":"applicationmanagepartners-display-component---masterPtm--partnerTypes-arrow"}]}
RESULT: {}
RESULT: {"script":"<script> [1562 bytes]","args":[{"selector":{"id":"application-managepartners-display-component---masterPtm--partnerTypes-arrow"},"wdio_ui5_key":"applicationmanagepartners-display-component---masterPtm--partnerTypes-arrow"}]}
RESULT: undefined
COMMAND: POST /session/b94376503e01bf473405a525b5bc89ad/element - {"using":"xpath","value":"//*[@id=\"application-managepartners-display-component---masterPtm--partnerTypes-arrow\"]"}
RESULT: {"using":"xpath","value":"//*[@id=\"application-managepartners-display-component---masterPtm--partnerTypes-arrow\"]"}
COMMAND: POST /session/b94376503e01bf473405a525b5bc89ad/element/f.19E536F94174C8B9DE1C34297281D471.d.8A41684DADC3E021AC9E8D9E7E13BEFD.e.6595/click - {}
RESULT: {}
COMMAND: GET /session/b94376503e01bf473405a525b5bc89ad/screenshot - {}
RESULT: {}
COMMAND: POST /session/b94376503e01bf473405a525b5bc89ad/element - {"using":"xpath","value":"//li[.//span[text()=\"External partner\"]]//div[contains(@class,\"sapMCbBg\")]"}
RESULT: {"using":"xpath","value":"//li[.//span[text()=\"External partner\"]]//div[contains(@class,\"sapMCbBg\")]"}
COMMAND: POST /session/b94376503e01bf473405a525b5bc89ad/element/f.19E536F94174C8B9DE1C34297281D471.d.8A41684DADC3E021AC9E8D9E7E13BEFD.e.6598/click - {}
RESULT: {}
COMMAND: GET /session/b94376503e01bf473405a525b5bc89ad/screenshot - {}
RESULT: {}
COMMAND: POST /session/b94376503e01bf473405a525b5bc89ad/element - {"using":"xpath","value":"//span[@id=\"application-managepartners-display-component---masterPtm--smartTable-header-inner\"]"}
RESULT: {"using":"xpath","value":"//span[@id=\"application-managepartners-display-component---masterPtm--smartTable-header-inner\"]"}
COMMAND: POST /session/b94376503e01bf473405a525b5bc89ad/elements - {"using":"xpath","value":"//span[@id=\"application-managepartners-display-component---masterPtm--smartTable-header-inner\"]"}
RESULT: {"using":"xpath","value":"//span[@id=\"application-managepartners-display-component---masterPtm--smartTable-header-inner\"]"}
COMMAND: POST /session/b94376503e01bf473405a525b5bc89ad/execute/sync - {"script":"<script> [56 bytes]","args":[{"element-6066-11e4-a52e-4f735466cecf":"f.19E536F94174C8B9DE1C34297281D471.d.8A41684DADC3E021AC9E8D9E7E13BEFD.e.5996","ELEMENT":"f.19E536F94174C8B9DE1C34297281D471.d.8A41684DADC3E021AC9E8D9E7E13BEFD.e.5996"}]}
RESULT: {"script":"<script> [56 bytes]","args":[{"element-6066-11e4-a52e-4f735466cecf":"f.19E536F94174C8B9DE1C34297281D471.d.8A41684DADC3E021AC9E8D9E7E13BEFD.e.5996","ELEMENT":"f.19E536F94174C8B9DE1C34297281D471.d.8A41684DADC3E021AC9E8D9E7E13BEFD.e.5996"}]}
COMMAND: POST /session/b94376503e01bf473405a525b5bc89ad/element - {"using":"xpath","value":"//span[contains(@title, \"Remove\")]"}
COMMAND: GET /session/b94376503e01bf473405a525b5bc89ad/screenshot - {}
RESULT: {"using":"xpath","value":"//span[contains(@title, \"Remove\")]"}
COMMAND: POST /session/b94376503e01bf473405a525b5bc89ad/element/f.19E536F94174C8B9DE1C34297281D471.d.8A41684DADC3E021AC9E8D9E7E13BEFD.e.6675/click - {}
RESULT: {}
RESULT: {}
COMMAND: GET /session/b94376503e01bf473405a525b5bc89ad/screenshot - {}
RESULT: {}
COMMAND: POST /session/b94376503e01bf473405a525b5bc89ad/execute/async - {"script":"<script> [1562 bytes]","args":[{"selector":{"id":"application-managepartners-display-component---masterPtm--smartFilterBar-btnFilters","interaction":{"idSuffix":"BDI-content"}},"wdio_ui5_key":"applicationmanagepartners-display-component---masterPtm--smartFilterBar-btnFilters"}]}
RESULT: {"script":"<script> [1562 bytes]","args":[{"selector":{"id":"application-managepartners-display-component---masterPtm--smartFilterBar-btnFilters","interaction":{"idSuffix":"BDI-content"}},"wdio_ui5_key":"applicationmanagepartners-display-component---masterPtm--smartFilterBar-btnFilters"}]}
RESULT: undefined
COMMAND: POST /session/b94376503e01bf473405a525b5bc89ad/element - {"using":"xpath","value":"//*[@id=\"application-managepartners-display-component---masterPtm--smartFilterBar-btnFilters\"]"}
RESULT: {"using":"xpath","value":"//*[@id=\"application-managepartners-display-component---masterPtm--smartFilterBar-btnFilters\"]"}
COMMAND: POST /session/b94376503e01bf473405a525b5bc89ad/element/f.19E536F94174C8B9DE1C34297281D471.d.8A41684DADC3E021AC9E8D9E7E13BEFD.e.5837/click - {}
RESULT: {}
COMMAND: GET /session/b94376503e01bf473405a525b5bc89ad/screenshot - {}
RESULT: {}
COMMAND: POST /session/b94376503e01bf473405a525b5bc89ad/elements - {"using":"xpath","value":"//table[contains(@id, \"listView-innerSelectionPanelTable-listUl\")]/tbody/tr"}
RESULT: {"using":"xpath","value":"//table[contains(@id, \"listView-innerSelectionPanelTable-listUl\")]/tbody/tr"}
COMMAND: POST /session/b94376503e01bf473405a525b5bc89ad/element - {"using":"xpath","value":"//table[contains(@id, \"listView-innerSelectionPanelTable-listUl\")]/tbody/tr[2]/td[2]/div/div"}
RESULT: {"using":"xpath","value":"//table[contains(@id, \"listView-innerSelectionPanelTable-listUl\")]/tbody/tr[2]/td[2]/div/div"}
COMMAND: POST /session/b94376503e01bf473405a525b5bc89ad/element - {"using":"xpath","value":"//table[contains(@id, \"listView-innerSelectionPanelTable-listUl\")]/tbody/tr[2]/td[2]/div"}
RESULT: {"using":"xpath","value":"//table[contains(@id, \"listView-innerSelectionPanelTable-listUl\")]/tbody/tr[2]/td[2]/div"}
COMMAND: POST /session/b94376503e01bf473405a525b5bc89ad/element - {"using":"xpath","value":"//table[contains(@id, \"listView-innerSelectionPanelTable-listUl\")]/tbody/tr[2]/td[3]/div/div/span/span[1]/bdi"}
RESULT: {"using":"xpath","value":"//table[contains(@id, \"listView-innerSelectionPanelTable-listUl\")]/tbody/tr[2]/td[3]/div/div/span/span[1]/bdi"}
COMMAND: POST /session/b94376503e01bf473405a525b5bc89ad/execute/sync - {"script":"<script> [56 bytes]","args":[{"element-6066-11e4-a52e-4f735466cecf":"f.19E536F94174C8B9DE1C34297281D471.d.8A41684DADC3E021AC9E8D9E7E13BEFD.e.6777","ELEMENT":"f.19E536F94174C8B9DE1C34297281D471.d.8A41684DADC3E021AC9E8D9E7E13BEFD.e.6777"}]}
RESULT: {"script":"<script> [56 bytes]","args":[{"element-6066-11e4-a52e-4f735466cecf":"f.19E536F94174C8B9DE1C34297281D471.d.8A41684DADC3E021AC9E8D9E7E13BEFD.e.6777","ELEMENT":"f.19E536F94174C8B9DE1C34297281D471.d.8A41684DADC3E021AC9E8D9E7E13BEFD.e.6777"}]}
COMMAND: GET /session/b94376503e01bf473405a525b5bc89ad/element/f.19E536F94174C8B9DE1C34297281D471.d.8A41684DADC3E021AC9E8D9E7E13BEFD.e.6776/attribute/aria-checked - {}
COMMAND: GET /session/b94376503e01bf473405a525b5bc89ad/screenshot - {}
RESULT: {}
COMMAND: POST /session/b94376503e01bf473405a525b5bc89ad/element - {"using":"xpath","value":"//table[contains(@id, \"listView-innerSelectionPanelTable-listUl\")]/tbody/tr[3]/td[2]/div/div"}
RESULT: {}
RESULT: {"using":"xpath","value":"//table[contains(@id, \"listView-innerSelectionPanelTable-listUl\")]/tbody/tr[3]/td[2]/div/div"}
COMMAND: POST /session/b94376503e01bf473405a525b5bc89ad/element - {"using":"xpath","value":"//table[contains(@id, \"listView-innerSelectionPanelTable-listUl\")]/tbody/tr[3]/td[2]/div"}
RESULT: {"using":"xpath","value":"//table[contains(@id, \"listView-innerSelectionPanelTable-listUl\")]/tbody/tr[3]/td[2]/div"}
COMMAND: POST /session/b94376503e01bf473405a525b5bc89ad/element - {"using":"xpath","value":"//table[contains(@id, \"listView-innerSelectionPanelTable-listUl\")]/tbody/tr[3]/td[3]/div/div/span/span[1]/bdi"}
RESULT: {"using":"xpath","value":"//table[contains(@id, \"listView-innerSelectionPanelTable-listUl\")]/tbody/tr[3]/td[3]/div/div/span/span[1]/bdi"}
COMMAND: POST /session/b94376503e01bf473405a525b5bc89ad/execute/sync - {"script":"<script> [56 bytes]","args":[{"element-6066-11e4-a52e-4f735466cecf":"f.19E536F94174C8B9DE1C34297281D471.d.8A41684DADC3E021AC9E8D9E7E13BEFD.e.6780","ELEMENT":"f.19E536F94174C8B9DE1C34297281D471.d.8A41684DADC3E021AC9E8D9E7E13BEFD.e.6780"}]}
RESULT: {"script":"<script> [56 bytes]","args":[{"element-6066-11e4-a52e-4f735466cecf":"f.19E536F94174C8B9DE1C34297281D471.d.8A41684DADC3E021AC9E8D9E7E13BEFD.e.6780","ELEMENT":"f.19E536F94174C8B9DE1C34297281D471.d.8A41684DADC3E021AC9E8D9E7E13BEFD.e.6780"}]}
COMMAND: GET /session/b94376503e01bf473405a525b5bc89ad/element/f.19E536F94174C8B9DE1C34297281D471.d.8A41684DADC3E021AC9E8D9E7E13BEFD.e.6779/attribute/aria-checked - {}
COMMAND: GET /session/b94376503e01bf473405a525b5bc89ad/screenshot - {}
RESULT: {}
COMMAND: POST /session/b94376503e01bf473405a525b5bc89ad/element - {"using":"xpath","value":"//table[contains(@id, \"listView-innerSelectionPanelTable-listUl\")]/tbody/tr[4]/td[2]/div/div"}
RESULT: {}
RESULT: {"using":"xpath","value":"//table[contains(@id, \"listView-innerSelectionPanelTable-listUl\")]/tbody/tr[4]/td[2]/div/div"}
COMMAND: POST /session/b94376503e01bf473405a525b5bc89ad/element - {"using":"xpath","value":"//table[contains(@id, \"listView-innerSelectionPanelTable-listUl\")]/tbody/tr[4]/td[2]/div"}
RESULT: {"using":"xpath","value":"//table[contains(@id, \"listView-innerSelectionPanelTable-listUl\")]/tbody/tr[4]/td[2]/div"}
COMMAND: POST /session/b94376503e01bf473405a525b5bc89ad/element - {"using":"xpath","value":"//table[contains(@id, \"listView-innerSelectionPanelTable-listUl\")]/tbody/tr[4]/td[3]/div/div/span/span[1]/bdi"}
RESULT: {"using":"xpath","value":"//table[contains(@id, \"listView-innerSelectionPanelTable-listUl\")]/tbody/tr[4]/td[3]/div/div/span/span[1]/bdi"}
COMMAND: POST /session/b94376503e01bf473405a525b5bc89ad/execute/sync - {"script":"<script> [56 bytes]","args":[{"element-6066-11e4-a52e-4f735466cecf":"f.19E536F94174C8B9DE1C34297281D471.d.8A41684DADC3E021AC9E8D9E7E13BEFD.e.6783","ELEMENT":"f.19E536F94174C8B9DE1C34297281D471.d.8A41684DADC3E021AC9E8D9E7E13BEFD.e.6783"}]}
RESULT: {"script":"<script> [56 bytes]","args":[{"element-6066-11e4-a52e-4f735466cecf":"f.19E536F94174C8B9DE1C34297281D471.d.8A41684DADC3E021AC9E8D9E7E13BEFD.e.6783","ELEMENT":"f.19E536F94174C8B9DE1C34297281D471.d.8A41684DADC3E021AC9E8D9E7E13BEFD.e.6783"}]}
COMMAND: GET /session/b94376503e01bf473405a525b5bc89ad/element/f.19E536F94174C8B9DE1C34297281D471.d.8A41684DADC3E021AC9E8D9E7E13BEFD.e.6782/attribute/aria-checked - {}
COMMAND: GET /session/b94376503e01bf473405a525b5bc89ad/screenshot - {}
RESULT: {}
COMMAND: POST /session/b94376503e01bf473405a525b5bc89ad/element - {"using":"xpath","value":"//table[contains(@id, \"listView-innerSelectionPanelTable-listUl\")]/tbody/tr[5]/td[2]/div/div"}
RESULT: {}
RESULT: {"using":"xpath","value":"//table[contains(@id, \"listView-innerSelectionPanelTable-listUl\")]/tbody/tr[5]/td[2]/div/div"}
COMMAND: POST /session/b94376503e01bf473405a525b5bc89ad/element - {"using":"xpath","value":"//table[contains(@id, \"listView-innerSelectionPanelTable-listUl\")]/tbody/tr[5]/td[2]/div"}
RESULT: {"using":"xpath","value":"//table[contains(@id, \"listView-innerSelectionPanelTable-listUl\")]/tbody/tr[5]/td[2]/div"}
COMMAND: POST /session/b94376503e01bf473405a525b5bc89ad/element - {"using":"xpath","value":"//table[contains(@id, \"listView-innerSelectionPanelTable-listUl\")]/tbody/tr[5]/td[3]/div/div/span/span[1]/bdi"}
RESULT: {"using":"xpath","value":"//table[contains(@id, \"listView-innerSelectionPanelTable-listUl\")]/tbody/tr[5]/td[3]/div/div/span/span[1]/bdi"}
COMMAND: POST /session/b94376503e01bf473405a525b5bc89ad/execute/sync - {"script":"<script> [56 bytes]","args":[{"element-6066-11e4-a52e-4f735466cecf":"f.19E536F94174C8B9DE1C34297281D471.d.8A41684DADC3E021AC9E8D9E7E13BEFD.e.6786","ELEMENT":"f.19E536F94174C8B9DE1C34297281D471.d.8A41684DADC3E021AC9E8D9E7E13BEFD.e.6786"}]}
RESULT: {"script":"<script> [56 bytes]","args":[{"element-6066-11e4-a52e-4f735466cecf":"f.19E536F94174C8B9DE1C34297281D471.d.8A41684DADC3E021AC9E8D9E7E13BEFD.e.6786","ELEMENT":"f.19E536F94174C8B9DE1C34297281D471.d.8A41684DADC3E021AC9E8D9E7E13BEFD.e.6786"}]}
COMMAND: GET /session/b94376503e01bf473405a525b5bc89ad/element/f.19E536F94174C8B9DE1C34297281D471.d.8A41684DADC3E021AC9E8D9E7E13BEFD.e.6785/attribute/aria-checked - {}
COMMAND: GET /session/b94376503e01bf473405a525b5bc89ad/screenshot - {}
RESULT: {}
COMMAND: POST /session/b94376503e01bf473405a525b5bc89ad/element - {"using":"xpath","value":"//table[contains(@id, \"listView-innerSelectionPanelTable-listUl\")]/tbody/tr[6]/td[2]/div/div"}
RESULT: {}
RESULT: {"using":"xpath","value":"//table[contains(@id, \"listView-innerSelectionPanelTable-listUl\")]/tbody/tr[6]/td[2]/div/div"}
COMMAND: POST /session/b94376503e01bf473405a525b5bc89ad/element - {"using":"xpath","value":"//table[contains(@id, \"listView-innerSelectionPanelTable-listUl\")]/tbody/tr[6]/td[2]/div"}
RESULT: {"using":"xpath","value":"//table[contains(@id, \"listView-innerSelectionPanelTable-listUl\")]/tbody/tr[6]/td[2]/div"}
COMMAND: POST /session/b94376503e01bf473405a525b5bc89ad/element - {"using":"xpath","value":"//table[contains(@id, \"listView-innerSelectionPanelTable-listUl\")]/tbody/tr[6]/td[3]/div/div/span/span[1]/bdi"}
RESULT: {"using":"xpath","value":"//table[contains(@id, \"listView-innerSelectionPanelTable-listUl\")]/tbody/tr[6]/td[3]/div/div/span/span[1]/bdi"}
COMMAND: POST /session/b94376503e01bf473405a525b5bc89ad/execute/sync - {"script":"<script> [56 bytes]","args":[{"element-6066-11e4-a52e-4f735466cecf":"f.19E536F94174C8B9DE1C34297281D471.d.8A41684DADC3E021AC9E8D9E7E13BEFD.e.6789","ELEMENT":"f.19E536F94174C8B9DE1C34297281D471.d.8A41684DADC3E021AC9E8D9E7E13BEFD.e.6789"}]}
RESULT: {"script":"<script> [56 bytes]","args":[{"element-6066-11e4-a52e-4f735466cecf":"f.19E536F94174C8B9DE1C34297281D471.d.8A41684DADC3E021AC9E8D9E7E13BEFD.e.6789","ELEMENT":"f.19E536F94174C8B9DE1C34297281D471.d.8A41684DADC3E021AC9E8D9E7E13BEFD.e.6789"}]}
COMMAND: GET /session/b94376503e01bf473405a525b5bc89ad/element/f.19E536F94174C8B9DE1C34297281D471.d.8A41684DADC3E021AC9E8D9E7E13BEFD.e.6788/attribute/aria-checked - {}
COMMAND: GET /session/b94376503e01bf473405a525b5bc89ad/screenshot - {}
RESULT: {}
COMMAND: POST /session/b94376503e01bf473405a525b5bc89ad/element - {"using":"xpath","value":"//table[contains(@id, \"listView-innerSelectionPanelTable-listUl\")]/tbody/tr[7]/td[2]/div/div"}
RESULT: {}
RESULT: {"using":"xpath","value":"//table[contains(@id, \"listView-innerSelectionPanelTable-listUl\")]/tbody/tr[7]/td[2]/div/div"}
COMMAND: POST /session/b94376503e01bf473405a525b5bc89ad/element - {"using":"xpath","value":"//table[contains(@id, \"listView-innerSelectionPanelTable-listUl\")]/tbody/tr[7]/td[2]/div"}
RESULT: {"using":"xpath","value":"//table[contains(@id, \"listView-innerSelectionPanelTable-listUl\")]/tbody/tr[7]/td[2]/div"}
COMMAND: POST /session/b94376503e01bf473405a525b5bc89ad/element - {"using":"xpath","value":"//table[contains(@id, \"listView-innerSelectionPanelTable-listUl\")]/tbody/tr[7]/td[3]/div/div/span/span[1]/bdi"}
RESULT: {"using":"xpath","value":"//table[contains(@id, \"listView-innerSelectionPanelTable-listUl\")]/tbody/tr[7]/td[3]/div/div/span/span[1]/bdi"}
COMMAND: POST /session/b94376503e01bf473405a525b5bc89ad/execute/sync - {"script":"<script> [56 bytes]","args":[{"element-6066-11e4-a52e-4f735466cecf":"f.19E536F94174C8B9DE1C34297281D471.d.8A41684DADC3E021AC9E8D9E7E13BEFD.e.6792","ELEMENT":"f.19E536F94174C8B9DE1C34297281D471.d.8A41684DADC3E021AC9E8D9E7E13BEFD.e.6792"}]}
RESULT: {"script":"<script> [56 bytes]","args":[{"element-6066-11e4-a52e-4f735466cecf":"f.19E536F94174C8B9DE1C34297281D471.d.8A41684DADC3E021AC9E8D9E7E13BEFD.e.6792","ELEMENT":"f.19E536F94174C8B9DE1C34297281D471.d.8A41684DADC3E021AC9E8D9E7E13BEFD.e.6792"}]}
COMMAND: GET /session/b94376503e01bf473405a525b5bc89ad/element/f.19E536F94174C8B9DE1C34297281D471.d.8A41684DADC3E021AC9E8D9E7E13BEFD.e.6791/attribute/aria-checked - {}
COMMAND: GET /session/b94376503e01bf473405a525b5bc89ad/screenshot - {}
RESULT: {}
COMMAND: POST /session/b94376503e01bf473405a525b5bc89ad/element - {"using":"xpath","value":"//table[contains(@id, \"listView-innerSelectionPanelTable-listUl\")]/tbody/tr[8]/td[2]/div/div"}
RESULT: {}
RESULT: {"using":"xpath","value":"//table[contains(@id, \"listView-innerSelectionPanelTable-listUl\")]/tbody/tr[8]/td[2]/div/div"}
COMMAND: POST /session/b94376503e01bf473405a525b5bc89ad/element - {"using":"xpath","value":"//table[contains(@id, \"listView-innerSelectionPanelTable-listUl\")]/tbody/tr[8]/td[2]/div"}
RESULT: {"using":"xpath","value":"//table[contains(@id, \"listView-innerSelectionPanelTable-listUl\")]/tbody/tr[8]/td[2]/div"}
COMMAND: POST /session/b94376503e01bf473405a525b5bc89ad/element - {"using":"xpath","value":"//table[contains(@id, \"listView-innerSelectionPanelTable-listUl\")]/tbody/tr[8]/td[3]/div/div/span/span[1]/bdi"}
RESULT: {"using":"xpath","value":"//table[contains(@id, \"listView-innerSelectionPanelTable-listUl\")]/tbody/tr[8]/td[3]/div/div/span/span[1]/bdi"}
COMMAND: POST /session/b94376503e01bf473405a525b5bc89ad/execute/sync - {"script":"<script> [56 bytes]","args":[{"element-6066-11e4-a52e-4f735466cecf":"f.19E536F94174C8B9DE1C34297281D471.d.8A41684DADC3E021AC9E8D9E7E13BEFD.e.6795","ELEMENT":"f.19E536F94174C8B9DE1C34297281D471.d.8A41684DADC3E021AC9E8D9E7E13BEFD.e.6795"}]}
RESULT: {"script":"<script> [56 bytes]","args":[{"element-6066-11e4-a52e-4f735466cecf":"f.19E536F94174C8B9DE1C34297281D471.d.8A41684DADC3E021AC9E8D9E7E13BEFD.e.6795","ELEMENT":"f.19E536F94174C8B9DE1C34297281D471.d.8A41684DADC3E021AC9E8D9E7E13BEFD.e.6795"}]}
COMMAND: GET /session/b94376503e01bf473405a525b5bc89ad/element/f.19E536F94174C8B9DE1C34297281D471.d.8A41684DADC3E021AC9E8D9E7E13BEFD.e.6794/attribute/aria-checked - {}
COMMAND: GET /session/b94376503e01bf473405a525b5bc89ad/screenshot - {}
RESULT: {}
COMMAND: POST /session/b94376503e01bf473405a525b5bc89ad/element - {"using":"xpath","value":"//table[contains(@id, \"listView-innerSelectionPanelTable-listUl\")]/tbody/tr[9]/td[2]/div/div"}
RESULT: {}
RESULT: {"using":"xpath","value":"//table[contains(@id, \"listView-innerSelectionPanelTable-listUl\")]/tbody/tr[9]/td[2]/div/div"}
COMMAND: POST /session/b94376503e01bf473405a525b5bc89ad/element - {"using":"xpath","value":"//table[contains(@id, \"listView-innerSelectionPanelTable-listUl\")]/tbody/tr[9]/td[2]/div"}
RESULT: {"using":"xpath","value":"//table[contains(@id, \"listView-innerSelectionPanelTable-listUl\")]/tbody/tr[9]/td[2]/div"}
COMMAND: POST /session/b94376503e01bf473405a525b5bc89ad/element - {"using":"xpath","value":"//table[contains(@id, \"listView-innerSelectionPanelTable-listUl\")]/tbody/tr[9]/td[3]/div/div/span/span[1]/bdi"}
RESULT: {"using":"xpath","value":"//table[contains(@id, \"listView-innerSelectionPanelTable-listUl\")]/tbody/tr[9]/td[3]/div/div/span/span[1]/bdi"}
COMMAND: POST /session/b94376503e01bf473405a525b5bc89ad/execute/sync - {"script":"<script> [56 bytes]","args":[{"element-6066-11e4-a52e-4f735466cecf":"f.19E536F94174C8B9DE1C34297281D471.d.8A41684DADC3E021AC9E8D9E7E13BEFD.e.6798","ELEMENT":"f.19E536F94174C8B9DE1C34297281D471.d.8A41684DADC3E021AC9E8D9E7E13BEFD.e.6798"}]}
RESULT: {"script":"<script> [56 bytes]","args":[{"element-6066-11e4-a52e-4f735466cecf":"f.19E536F94174C8B9DE1C34297281D471.d.8A41684DADC3E021AC9E8D9E7E13BEFD.e.6798","ELEMENT":"f.19E536F94174C8B9DE1C34297281D471.d.8A41684DADC3E021AC9E8D9E7E13BEFD.e.6798"}]}
COMMAND: GET /session/b94376503e01bf473405a525b5bc89ad/element/f.19E536F94174C8B9DE1C34297281D471.d.8A41684DADC3E021AC9E8D9E7E13BEFD.e.6797/attribute/aria-checked - {}
COMMAND: GET /session/b94376503e01bf473405a525b5bc89ad/screenshot - {}
RESULT: {}
COMMAND: POST /session/b94376503e01bf473405a525b5bc89ad/element - {"using":"xpath","value":"//table[contains(@id, \"listView-innerSelectionPanelTable-listUl\")]/tbody/tr[10]/td[2]/div/div"}
RESULT: {}
RESULT: {"using":"xpath","value":"//table[contains(@id, \"listView-innerSelectionPanelTable-listUl\")]/tbody/tr[10]/td[2]/div/div"}
COMMAND: POST /session/b94376503e01bf473405a525b5bc89ad/element - {"using":"xpath","value":"//table[contains(@id, \"listView-innerSelectionPanelTable-listUl\")]/tbody/tr[10]/td[2]/div"}
RESULT: {"using":"xpath","value":"//table[contains(@id, \"listView-innerSelectionPanelTable-listUl\")]/tbody/tr[10]/td[2]/div"}
COMMAND: POST /session/b94376503e01bf473405a525b5bc89ad/element - {"using":"xpath","value":"//table[contains(@id, \"listView-innerSelectionPanelTable-listUl\")]/tbody/tr[10]/td[3]/div/div/span/span[1]/bdi"}
RESULT: {"using":"xpath","value":"//table[contains(@id, \"listView-innerSelectionPanelTable-listUl\")]/tbody/tr[10]/td[3]/div/div/span/span[1]/bdi"}
COMMAND: POST /session/b94376503e01bf473405a525b5bc89ad/execute/sync - {"script":"<script> [56 bytes]","args":[{"element-6066-11e4-a52e-4f735466cecf":"f.19E536F94174C8B9DE1C34297281D471.d.8A41684DADC3E021AC9E8D9E7E13BEFD.e.6801","ELEMENT":"f.19E536F94174C8B9DE1C34297281D471.d.8A41684DADC3E021AC9E8D9E7E13BEFD.e.6801"}]}
RESULT: {"script":"<script> [56 bytes]","args":[{"element-6066-11e4-a52e-4f735466cecf":"f.19E536F94174C8B9DE1C34297281D471.d.8A41684DADC3E021AC9E8D9E7E13BEFD.e.6801","ELEMENT":"f.19E536F94174C8B9DE1C34297281D471.d.8A41684DADC3E021AC9E8D9E7E13BEFD.e.6801"}]}
COMMAND: GET /session/b94376503e01bf473405a525b5bc89ad/element/f.19E536F94174C8B9DE1C34297281D471.d.8A41684DADC3E021AC9E8D9E7E13BEFD.e.6800/attribute/aria-checked - {}
COMMAND: GET /session/b94376503e01bf473405a525b5bc89ad/screenshot - {}
RESULT: {}
COMMAND: POST /session/b94376503e01bf473405a525b5bc89ad/element - {"using":"xpath","value":"//table[contains(@id, \"listView-innerSelectionPanelTable-listUl\")]/tbody/tr[11]/td[2]/div/div"}
RESULT: {}
RESULT: {"using":"xpath","value":"//table[contains(@id, \"listView-innerSelectionPanelTable-listUl\")]/tbody/tr[11]/td[2]/div/div"}
COMMAND: POST /session/b94376503e01bf473405a525b5bc89ad/element - {"using":"xpath","value":"//table[contains(@id, \"listView-innerSelectionPanelTable-listUl\")]/tbody/tr[11]/td[2]/div"}
RESULT: {"using":"xpath","value":"//table[contains(@id, \"listView-innerSelectionPanelTable-listUl\")]/tbody/tr[11]/td[2]/div"}
COMMAND: POST /session/b94376503e01bf473405a525b5bc89ad/element - {"using":"xpath","value":"//table[contains(@id, \"listView-innerSelectionPanelTable-listUl\")]/tbody/tr[11]/td[3]/div/div/span/span[1]/bdi"}
RESULT: {"using":"xpath","value":"//table[contains(@id, \"listView-innerSelectionPanelTable-listUl\")]/tbody/tr[11]/td[3]/div/div/span/span[1]/bdi"}
COMMAND: POST /session/b94376503e01bf473405a525b5bc89ad/execute/sync - {"script":"<script> [56 bytes]","args":[{"element-6066-11e4-a52e-4f735466cecf":"f.19E536F94174C8B9DE1C34297281D471.d.8A41684DADC3E021AC9E8D9E7E13BEFD.e.6804","ELEMENT":"f.19E536F94174C8B9DE1C34297281D471.d.8A41684DADC3E021AC9E8D9E7E13BEFD.e.6804"}]}
RESULT: {"script":"<script> [56 bytes]","args":[{"element-6066-11e4-a52e-4f735466cecf":"f.19E536F94174C8B9DE1C34297281D471.d.8A41684DADC3E021AC9E8D9E7E13BEFD.e.6804","ELEMENT":"f.19E536F94174C8B9DE1C34297281D471.d.8A41684DADC3E021AC9E8D9E7E13BEFD.e.6804"}]}
COMMAND: GET /session/b94376503e01bf473405a525b5bc89ad/element/f.19E536F94174C8B9DE1C34297281D471.d.8A41684DADC3E021AC9E8D9E7E13BEFD.e.6803/attribute/aria-checked - {}
COMMAND: GET /session/b94376503e01bf473405a525b5bc89ad/screenshot - {}
RESULT: {}
COMMAND: POST /session/b94376503e01bf473405a525b5bc89ad/element - {"using":"xpath","value":"//table[contains(@id, \"listView-innerSelectionPanelTable-listUl\")]/tbody/tr[12]/td[2]/div/div"}
RESULT: {}
RESULT: {"using":"xpath","value":"//table[contains(@id, \"listView-innerSelectionPanelTable-listUl\")]/tbody/tr[12]/td[2]/div/div"}
COMMAND: POST /session/b94376503e01bf473405a525b5bc89ad/element - {"using":"xpath","value":"//table[contains(@id, \"listView-innerSelectionPanelTable-listUl\")]/tbody/tr[12]/td[2]/div"}
RESULT: {"using":"xpath","value":"//table[contains(@id, \"listView-innerSelectionPanelTable-listUl\")]/tbody/tr[12]/td[2]/div"}
COMMAND: POST /session/b94376503e01bf473405a525b5bc89ad/element - {"using":"xpath","value":"//table[contains(@id, \"listView-innerSelectionPanelTable-listUl\")]/tbody/tr[12]/td[3]/div/div/span/span[1]/bdi"}
RESULT: {"using":"xpath","value":"//table[contains(@id, \"listView-innerSelectionPanelTable-listUl\")]/tbody/tr[12]/td[3]/div/div/span/span[1]/bdi"}
COMMAND: POST /session/b94376503e01bf473405a525b5bc89ad/execute/sync - {"script":"<script> [56 bytes]","args":[{"element-6066-11e4-a52e-4f735466cecf":"f.19E536F94174C8B9DE1C34297281D471.d.8A41684DADC3E021AC9E8D9E7E13BEFD.e.6807","ELEMENT":"f.19E536F94174C8B9DE1C34297281D471.d.8A41684DADC3E021AC9E8D9E7E13BEFD.e.6807"}]}
RESULT: {"script":"<script> [56 bytes]","args":[{"element-6066-11e4-a52e-4f735466cecf":"f.19E536F94174C8B9DE1C34297281D471.d.8A41684DADC3E021AC9E8D9E7E13BEFD.e.6807","ELEMENT":"f.19E536F94174C8B9DE1C34297281D471.d.8A41684DADC3E021AC9E8D9E7E13BEFD.e.6807"}]}
COMMAND: GET /session/b94376503e01bf473405a525b5bc89ad/element/f.19E536F94174C8B9DE1C34297281D471.d.8A41684DADC3E021AC9E8D9E7E13BEFD.e.6806/attribute/aria-checked - {}
COMMAND: GET /session/b94376503e01bf473405a525b5bc89ad/screenshot - {}
RESULT: {}
COMMAND: POST /session/b94376503e01bf473405a525b5bc89ad/element - {"using":"xpath","value":"//table[contains(@id, \"listView-innerSelectionPanelTable-listUl\")]/tbody/tr[13]/td[2]/div/div"}
RESULT: {}
RESULT: {"using":"xpath","value":"//table[contains(@id, \"listView-innerSelectionPanelTable-listUl\")]/tbody/tr[13]/td[2]/div/div"}
COMMAND: POST /session/b94376503e01bf473405a525b5bc89ad/element - {"using":"xpath","value":"//table[contains(@id, \"listView-innerSelectionPanelTable-listUl\")]/tbody/tr[13]/td[2]/div"}
RESULT: {"using":"xpath","value":"//table[contains(@id, \"listView-innerSelectionPanelTable-listUl\")]/tbody/tr[13]/td[2]/div"}
COMMAND: POST /session/b94376503e01bf473405a525b5bc89ad/element - {"using":"xpath","value":"//table[contains(@id, \"listView-innerSelectionPanelTable-listUl\")]/tbody/tr[13]/td[3]/div/div/span/span[1]/bdi"}
RESULT: {"using":"xpath","value":"//table[contains(@id, \"listView-innerSelectionPanelTable-listUl\")]/tbody/tr[13]/td[3]/div/div/span/span[1]/bdi"}
COMMAND: POST /session/b94376503e01bf473405a525b5bc89ad/execute/sync - {"script":"<script> [56 bytes]","args":[{"element-6066-11e4-a52e-4f735466cecf":"f.19E536F94174C8B9DE1C34297281D471.d.8A41684DADC3E021AC9E8D9E7E13BEFD.e.6810","ELEMENT":"f.19E536F94174C8B9DE1C34297281D471.d.8A41684DADC3E021AC9E8D9E7E13BEFD.e.6810"}]}
RESULT: {"script":"<script> [56 bytes]","args":[{"element-6066-11e4-a52e-4f735466cecf":"f.19E536F94174C8B9DE1C34297281D471.d.8A41684DADC3E021AC9E8D9E7E13BEFD.e.6810","ELEMENT":"f.19E536F94174C8B9DE1C34297281D471.d.8A41684DADC3E021AC9E8D9E7E13BEFD.e.6810"}]}
COMMAND: GET /session/b94376503e01bf473405a525b5bc89ad/element/f.19E536F94174C8B9DE1C34297281D471.d.8A41684DADC3E021AC9E8D9E7E13BEFD.e.6809/attribute/aria-checked - {}
COMMAND: GET /session/b94376503e01bf473405a525b5bc89ad/screenshot - {}
RESULT: {}
COMMAND: POST /session/b94376503e01bf473405a525b5bc89ad/element - {"using":"xpath","value":"//table[contains(@id, \"listView-innerSelectionPanelTable-listUl\")]/tbody/tr[14]/td[2]/div/div"}
COMMAND: POST /session/b94376503e01bf473405a525b5bc89ad/element/f.19E536F94174C8B9DE1C34297281D471.d.8A41684DADC3E021AC9E8D9E7E13BEFD.e.6808/click - {}
RESULT: {}
RESULT: {}
COMMAND: GET /session/b94376503e01bf473405a525b5bc89ad/screenshot - {}
RESULT: {"using":"xpath","value":"//table[contains(@id, \"listView-innerSelectionPanelTable-listUl\")]/tbody/tr[14]/td[2]/div/div"}
COMMAND: POST /session/b94376503e01bf473405a525b5bc89ad/element - {"using":"xpath","value":"//table[contains(@id, \"listView-innerSelectionPanelTable-listUl\")]/tbody/tr[14]/td[2]/div"}
RESULT: {}
RESULT: {"using":"xpath","value":"//table[contains(@id, \"listView-innerSelectionPanelTable-listUl\")]/tbody/tr[14]/td[2]/div"}
COMMAND: POST /session/b94376503e01bf473405a525b5bc89ad/element - {"using":"xpath","value":"//table[contains(@id, \"listView-innerSelectionPanelTable-listUl\")]/tbody/tr[14]/td[3]/div/div/span/span[1]/bdi"}
RESULT: {"using":"xpath","value":"//table[contains(@id, \"listView-innerSelectionPanelTable-listUl\")]/tbody/tr[14]/td[3]/div/div/span/span[1]/bdi"}
COMMAND: POST /session/b94376503e01bf473405a525b5bc89ad/execute/sync - {"script":"<script> [56 bytes]","args":[{"element-6066-11e4-a52e-4f735466cecf":"f.19E536F94174C8B9DE1C34297281D471.d.8A41684DADC3E021AC9E8D9E7E13BEFD.e.6814","ELEMENT":"f.19E536F94174C8B9DE1C34297281D471.d.8A41684DADC3E021AC9E8D9E7E13BEFD.e.6814"}]}
RESULT: {"script":"<script> [56 bytes]","args":[{"element-6066-11e4-a52e-4f735466cecf":"f.19E536F94174C8B9DE1C34297281D471.d.8A41684DADC3E021AC9E8D9E7E13BEFD.e.6814","ELEMENT":"f.19E536F94174C8B9DE1C34297281D471.d.8A41684DADC3E021AC9E8D9E7E13BEFD.e.6814"}]}
COMMAND: GET /session/b94376503e01bf473405a525b5bc89ad/element/f.19E536F94174C8B9DE1C34297281D471.d.8A41684DADC3E021AC9E8D9E7E13BEFD.e.6813/attribute/aria-checked - {}
COMMAND: GET /session/b94376503e01bf473405a525b5bc89ad/screenshot - {}
RESULT: {}
COMMAND: POST /session/b94376503e01bf473405a525b5bc89ad/element - {"using":"xpath","value":"//table[contains(@id, \"listView-innerSelectionPanelTable-listUl\")]/tbody/tr[15]/td[2]/div/div"}
RESULT: {}
RESULT: {"using":"xpath","value":"//table[contains(@id, \"listView-innerSelectionPanelTable-listUl\")]/tbody/tr[15]/td[2]/div/div"}
COMMAND: POST /session/b94376503e01bf473405a525b5bc89ad/element - {"using":"xpath","value":"//table[contains(@id, \"listView-innerSelectionPanelTable-listUl\")]/tbody/tr[15]/td[2]/div"}
RESULT: {"using":"xpath","value":"//table[contains(@id, \"listView-innerSelectionPanelTable-listUl\")]/tbody/tr[15]/td[2]/div"}
COMMAND: POST /session/b94376503e01bf473405a525b5bc89ad/element - {"using":"xpath","value":"//table[contains(@id, \"listView-innerSelectionPanelTable-listUl\")]/tbody/tr[15]/td[3]/div/div/span/span[1]/bdi"}
RESULT: {"using":"xpath","value":"//table[contains(@id, \"listView-innerSelectionPanelTable-listUl\")]/tbody/tr[15]/td[3]/div/div/span/span[1]/bdi"}
COMMAND: POST /session/b94376503e01bf473405a525b5bc89ad/execute/sync - {"script":"<script> [56 bytes]","args":[{"element-6066-11e4-a52e-4f735466cecf":"f.19E536F94174C8B9DE1C34297281D471.d.8A41684DADC3E021AC9E8D9E7E13BEFD.e.6817","ELEMENT":"f.19E536F94174C8B9DE1C34297281D471.d.8A41684DADC3E021AC9E8D9E7E13BEFD.e.6817"}]}
RESULT: {"script":"<script> [56 bytes]","args":[{"element-6066-11e4-a52e-4f735466cecf":"f.19E536F94174C8B9DE1C34297281D471.d.8A41684DADC3E021AC9E8D9E7E13BEFD.e.6817","ELEMENT":"f.19E536F94174C8B9DE1C34297281D471.d.8A41684DADC3E021AC9E8D9E7E13BEFD.e.6817"}]}
COMMAND: GET /session/b94376503e01bf473405a525b5bc89ad/element/f.19E536F94174C8B9DE1C34297281D471.d.8A41684DADC3E021AC9E8D9E7E13BEFD.e.6816/attribute/aria-checked - {}
COMMAND: GET /session/b94376503e01bf473405a525b5bc89ad/screenshot - {}
RESULT: {}
COMMAND: POST /session/b94376503e01bf473405a525b5bc89ad/element - {"using":"xpath","value":"//table[contains(@id, \"listView-innerSelectionPanelTable-listUl\")]/tbody/tr[16]/td[2]/div/div"}
RESULT: {}
RESULT: {"using":"xpath","value":"//table[contains(@id, \"listView-innerSelectionPanelTable-listUl\")]/tbody/tr[16]/td[2]/div/div"}
COMMAND: POST /session/b94376503e01bf473405a525b5bc89ad/element - {"using":"xpath","value":"//table[contains(@id, \"listView-innerSelectionPanelTable-listUl\")]/tbody/tr[16]/td[2]/div"}
RESULT: {"using":"xpath","value":"//table[contains(@id, \"listView-innerSelectionPanelTable-listUl\")]/tbody/tr[16]/td[2]/div"}
COMMAND: POST /session/b94376503e01bf473405a525b5bc89ad/element - {"using":"xpath","value":"//table[contains(@id, \"listView-innerSelectionPanelTable-listUl\")]/tbody/tr[16]/td[3]/div/div/span/span[1]/bdi"}
RESULT: {"using":"xpath","value":"//table[contains(@id, \"listView-innerSelectionPanelTable-listUl\")]/tbody/tr[16]/td[3]/div/div/span/span[1]/bdi"}
COMMAND: POST /session/b94376503e01bf473405a525b5bc89ad/execute/sync - {"script":"<script> [56 bytes]","args":[{"element-6066-11e4-a52e-4f735466cecf":"f.19E536F94174C8B9DE1C34297281D471.d.8A41684DADC3E021AC9E8D9E7E13BEFD.e.6820","ELEMENT":"f.19E536F94174C8B9DE1C34297281D471.d.8A41684DADC3E021AC9E8D9E7E13BEFD.e.6820"}]}
RESULT: {"script":"<script> [56 bytes]","args":[{"element-6066-11e4-a52e-4f735466cecf":"f.19E536F94174C8B9DE1C34297281D471.d.8A41684DADC3E021AC9E8D9E7E13BEFD.e.6820","ELEMENT":"f.19E536F94174C8B9DE1C34297281D471.d.8A41684DADC3E021AC9E8D9E7E13BEFD.e.6820"}]}
COMMAND: GET /session/b94376503e01bf473405a525b5bc89ad/element/f.19E536F94174C8B9DE1C34297281D471.d.8A41684DADC3E021AC9E8D9E7E13BEFD.e.6819/attribute/aria-checked - {}
COMMAND: GET /session/b94376503e01bf473405a525b5bc89ad/screenshot - {}
RESULT: {}
COMMAND: POST /session/b94376503e01bf473405a525b5bc89ad/element - {"using":"xpath","value":"//table[contains(@id, \"listView-innerSelectionPanelTable-listUl\")]/tbody/tr[17]/td[2]/div/div"}
RESULT: {}
RESULT: {"using":"xpath","value":"//table[contains(@id, \"listView-innerSelectionPanelTable-listUl\")]/tbody/tr[17]/td[2]/div/div"}
COMMAND: POST /session/b94376503e01bf473405a525b5bc89ad/element - {"using":"xpath","value":"//table[contains(@id, \"listView-innerSelectionPanelTable-listUl\")]/tbody/tr[17]/td[2]/div"}
RESULT: {"using":"xpath","value":"//table[contains(@id, \"listView-innerSelectionPanelTable-listUl\")]/tbody/tr[17]/td[2]/div"}
COMMAND: POST /session/b94376503e01bf473405a525b5bc89ad/element - {"using":"xpath","value":"//table[contains(@id, \"listView-innerSelectionPanelTable-listUl\")]/tbody/tr[17]/td[3]/div/div/span/span[1]/bdi"}
RESULT: {"using":"xpath","value":"//table[contains(@id, \"listView-innerSelectionPanelTable-listUl\")]/tbody/tr[17]/td[3]/div/div/span/span[1]/bdi"}
COMMAND: POST /session/b94376503e01bf473405a525b5bc89ad/execute/sync - {"script":"<script> [56 bytes]","args":[{"element-6066-11e4-a52e-4f735466cecf":"f.19E536F94174C8B9DE1C34297281D471.d.8A41684DADC3E021AC9E8D9E7E13BEFD.e.6823","ELEMENT":"f.19E536F94174C8B9DE1C34297281D471.d.8A41684DADC3E021AC9E8D9E7E13BEFD.e.6823"}]}
RESULT: {"script":"<script> [56 bytes]","args":[{"element-6066-11e4-a52e-4f735466cecf":"f.19E536F94174C8B9DE1C34297281D471.d.8A41684DADC3E021AC9E8D9E7E13BEFD.e.6823","ELEMENT":"f.19E536F94174C8B9DE1C34297281D471.d.8A41684DADC3E021AC9E8D9E7E13BEFD.e.6823"}]}
COMMAND: GET /session/b94376503e01bf473405a525b5bc89ad/element/f.19E536F94174C8B9DE1C34297281D471.d.8A41684DADC3E021AC9E8D9E7E13BEFD.e.6822/attribute/aria-checked - {}
COMMAND: GET /session/b94376503e01bf473405a525b5bc89ad/screenshot - {}
RESULT: {}
COMMAND: POST /session/b94376503e01bf473405a525b5bc89ad/element - {"using":"xpath","value":"//table[contains(@id, \"listView-innerSelectionPanelTable-listUl\")]/tbody/tr[18]/td[2]/div/div"}
RESULT: {}
RESULT: {"using":"xpath","value":"//table[contains(@id, \"listView-innerSelectionPanelTable-listUl\")]/tbody/tr[18]/td[2]/div/div"}
COMMAND: POST /session/b94376503e01bf473405a525b5bc89ad/element - {"using":"xpath","value":"//table[contains(@id, \"listView-innerSelectionPanelTable-listUl\")]/tbody/tr[18]/td[2]/div"}
RESULT: {"using":"xpath","value":"//table[contains(@id, \"listView-innerSelectionPanelTable-listUl\")]/tbody/tr[18]/td[2]/div"}
COMMAND: POST /session/b94376503e01bf473405a525b5bc89ad/element - {"using":"xpath","value":"//table[contains(@id, \"listView-innerSelectionPanelTable-listUl\")]/tbody/tr[18]/td[3]/div/div/span/span[1]/bdi"}
RESULT: {"using":"xpath","value":"//table[contains(@id, \"listView-innerSelectionPanelTable-listUl\")]/tbody/tr[18]/td[3]/div/div/span/span[1]/bdi"}
COMMAND: POST /session/b94376503e01bf473405a525b5bc89ad/execute/sync - {"script":"<script> [56 bytes]","args":[{"element-6066-11e4-a52e-4f735466cecf":"f.19E536F94174C8B9DE1C34297281D471.d.8A41684DADC3E021AC9E8D9E7E13BEFD.e.6826","ELEMENT":"f.19E536F94174C8B9DE1C34297281D471.d.8A41684DADC3E021AC9E8D9E7E13BEFD.e.6826"}]}
RESULT: {"script":"<script> [56 bytes]","args":[{"element-6066-11e4-a52e-4f735466cecf":"f.19E536F94174C8B9DE1C34297281D471.d.8A41684DADC3E021AC9E8D9E7E13BEFD.e.6826","ELEMENT":"f.19E536F94174C8B9DE1C34297281D471.d.8A41684DADC3E021AC9E8D9E7E13BEFD.e.6826"}]}
COMMAND: GET /session/b94376503e01bf473405a525b5bc89ad/element/f.19E536F94174C8B9DE1C34297281D471.d.8A41684DADC3E021AC9E8D9E7E13BEFD.e.6825/attribute/aria-checked - {}
COMMAND: GET /session/b94376503e01bf473405a525b5bc89ad/screenshot - {}
RESULT: {}
COMMAND: POST /session/b94376503e01bf473405a525b5bc89ad/element - {"using":"xpath","value":"//table[contains(@id, \"listView-innerSelectionPanelTable-listUl\")]/tbody/tr[19]/td[2]/div/div"}
RESULT: {}
RESULT: {"using":"xpath","value":"//table[contains(@id, \"listView-innerSelectionPanelTable-listUl\")]/tbody/tr[19]/td[2]/div/div"}
COMMAND: POST /session/b94376503e01bf473405a525b5bc89ad/element - {"using":"xpath","value":"//table[contains(@id, \"listView-innerSelectionPanelTable-listUl\")]/tbody/tr[19]/td[2]/div"}
RESULT: {"using":"xpath","value":"//table[contains(@id, \"listView-innerSelectionPanelTable-listUl\")]/tbody/tr[19]/td[2]/div"}
COMMAND: POST /session/b94376503e01bf473405a525b5bc89ad/element - {"using":"xpath","value":"//table[contains(@id, \"listView-innerSelectionPanelTable-listUl\")]/tbody/tr[19]/td[3]/div/div/span/span[1]/bdi"}
RESULT: {"using":"xpath","value":"//table[contains(@id, \"listView-innerSelectionPanelTable-listUl\")]/tbody/tr[19]/td[3]/div/div/span/span[1]/bdi"}
COMMAND: POST /session/b94376503e01bf473405a525b5bc89ad/execute/sync - {"script":"<script> [56 bytes]","args":[{"element-6066-11e4-a52e-4f735466cecf":"f.19E536F94174C8B9DE1C34297281D471.d.8A41684DADC3E021AC9E8D9E7E13BEFD.e.6829","ELEMENT":"f.19E536F94174C8B9DE1C34297281D471.d.8A41684DADC3E021AC9E8D9E7E13BEFD.e.6829"}]}
RESULT: {"script":"<script> [56 bytes]","args":[{"element-6066-11e4-a52e-4f735466cecf":"f.19E536F94174C8B9DE1C34297281D471.d.8A41684DADC3E021AC9E8D9E7E13BEFD.e.6829","ELEMENT":"f.19E536F94174C8B9DE1C34297281D471.d.8A41684DADC3E021AC9E8D9E7E13BEFD.e.6829"}]}
COMMAND: GET /session/b94376503e01bf473405a525b5bc89ad/element/f.19E536F94174C8B9DE1C34297281D471.d.8A41684DADC3E021AC9E8D9E7E13BEFD.e.6828/attribute/aria-checked - {}
COMMAND: GET /session/b94376503e01bf473405a525b5bc89ad/screenshot - {}
RESULT: {}
COMMAND: POST /session/b94376503e01bf473405a525b5bc89ad/element - {"using":"xpath","value":"//table[contains(@id, \"listView-innerSelectionPanelTable-listUl\")]/tbody/tr[20]/td[2]/div/div"}
RESULT: {}
RESULT: {"using":"xpath","value":"//table[contains(@id, \"listView-innerSelectionPanelTable-listUl\")]/tbody/tr[20]/td[2]/div/div"}
COMMAND: POST /session/b94376503e01bf473405a525b5bc89ad/element - {"using":"xpath","value":"//table[contains(@id, \"listView-innerSelectionPanelTable-listUl\")]/tbody/tr[20]/td[2]/div"}
RESULT: {"using":"xpath","value":"//table[contains(@id, \"listView-innerSelectionPanelTable-listUl\")]/tbody/tr[20]/td[2]/div"}
COMMAND: POST /session/b94376503e01bf473405a525b5bc89ad/element - {"using":"xpath","value":"//table[contains(@id, \"listView-innerSelectionPanelTable-listUl\")]/tbody/tr[20]/td[3]/div/div/span/span[1]/bdi"}
RESULT: {"using":"xpath","value":"//table[contains(@id, \"listView-innerSelectionPanelTable-listUl\")]/tbody/tr[20]/td[3]/div/div/span/span[1]/bdi"}
COMMAND: POST /session/b94376503e01bf473405a525b5bc89ad/execute/sync - {"script":"<script> [56 bytes]","args":[{"element-6066-11e4-a52e-4f735466cecf":"f.19E536F94174C8B9DE1C34297281D471.d.8A41684DADC3E021AC9E8D9E7E13BEFD.e.6832","ELEMENT":"f.19E536F94174C8B9DE1C34297281D471.d.8A41684DADC3E021AC9E8D9E7E13BEFD.e.6832"}]}
RESULT: {"script":"<script> [56 bytes]","args":[{"element-6066-11e4-a52e-4f735466cecf":"f.19E536F94174C8B9DE1C34297281D471.d.8A41684DADC3E021AC9E8D9E7E13BEFD.e.6832","ELEMENT":"f.19E536F94174C8B9DE1C34297281D471.d.8A41684DADC3E021AC9E8D9E7E13BEFD.e.6832"}]}
COMMAND: GET /session/b94376503e01bf473405a525b5bc89ad/element/f.19E536F94174C8B9DE1C34297281D471.d.8A41684DADC3E021AC9E8D9E7E13BEFD.e.6831/attribute/aria-checked - {}
COMMAND: GET /session/b94376503e01bf473405a525b5bc89ad/screenshot - {}
RESULT: {}
COMMAND: POST /session/b94376503e01bf473405a525b5bc89ad/element - {"using":"xpath","value":"//table[contains(@id, \"listView-innerSelectionPanelTable-listUl\")]/tbody/tr[21]/td[2]/div/div"}
RESULT: {}
RESULT: {"using":"xpath","value":"//table[contains(@id, \"listView-innerSelectionPanelTable-listUl\")]/tbody/tr[21]/td[2]/div/div"}
COMMAND: POST /session/b94376503e01bf473405a525b5bc89ad/element - {"using":"xpath","value":"//table[contains(@id, \"listView-innerSelectionPanelTable-listUl\")]/tbody/tr[21]/td[2]/div"}
RESULT: {"using":"xpath","value":"//table[contains(@id, \"listView-innerSelectionPanelTable-listUl\")]/tbody/tr[21]/td[2]/div"}
COMMAND: POST /session/b94376503e01bf473405a525b5bc89ad/element - {"using":"xpath","value":"//table[contains(@id, \"listView-innerSelectionPanelTable-listUl\")]/tbody/tr[21]/td[3]/div/div/span/span[1]/bdi"}
RESULT: {"using":"xpath","value":"//table[contains(@id, \"listView-innerSelectionPanelTable-listUl\")]/tbody/tr[21]/td[3]/div/div/span/span[1]/bdi"}
COMMAND: POST /session/b94376503e01bf473405a525b5bc89ad/execute/sync - {"script":"<script> [56 bytes]","args":[{"element-6066-11e4-a52e-4f735466cecf":"f.19E536F94174C8B9DE1C34297281D471.d.8A41684DADC3E021AC9E8D9E7E13BEFD.e.6835","ELEMENT":"f.19E536F94174C8B9DE1C34297281D471.d.8A41684DADC3E021AC9E8D9E7E13BEFD.e.6835"}]}
RESULT: {"script":"<script> [56 bytes]","args":[{"element-6066-11e4-a52e-4f735466cecf":"f.19E536F94174C8B9DE1C34297281D471.d.8A41684DADC3E021AC9E8D9E7E13BEFD.e.6835","ELEMENT":"f.19E536F94174C8B9DE1C34297281D471.d.8A41684DADC3E021AC9E8D9E7E13BEFD.e.6835"}]}
COMMAND: GET /session/b94376503e01bf473405a525b5bc89ad/element/f.19E536F94174C8B9DE1C34297281D471.d.8A41684DADC3E021AC9E8D9E7E13BEFD.e.6834/attribute/aria-checked - {}
COMMAND: GET /session/b94376503e01bf473405a525b5bc89ad/screenshot - {}
RESULT: {}
COMMAND: POST /session/b94376503e01bf473405a525b5bc89ad/element - {"using":"xpath","value":"//table[contains(@id, \"listView-innerSelectionPanelTable-listUl\")]/tbody/tr[22]/td[2]/div/div"}
RESULT: {}
RESULT: {"using":"xpath","value":"//table[contains(@id, \"listView-innerSelectionPanelTable-listUl\")]/tbody/tr[22]/td[2]/div/div"}
COMMAND: POST /session/b94376503e01bf473405a525b5bc89ad/element - {"using":"xpath","value":"//table[contains(@id, \"listView-innerSelectionPanelTable-listUl\")]/tbody/tr[22]/td[2]/div"}
RESULT: {"using":"xpath","value":"//table[contains(@id, \"listView-innerSelectionPanelTable-listUl\")]/tbody/tr[22]/td[2]/div"}
COMMAND: POST /session/b94376503e01bf473405a525b5bc89ad/element - {"using":"xpath","value":"//table[contains(@id, \"listView-innerSelectionPanelTable-listUl\")]/tbody/tr[22]/td[3]/div/div/span/span[1]/bdi"}
RESULT: {"using":"xpath","value":"//table[contains(@id, \"listView-innerSelectionPanelTable-listUl\")]/tbody/tr[22]/td[3]/div/div/span/span[1]/bdi"}
COMMAND: POST /session/b94376503e01bf473405a525b5bc89ad/execute/sync - {"script":"<script> [56 bytes]","args":[{"element-6066-11e4-a52e-4f735466cecf":"f.19E536F94174C8B9DE1C34297281D471.d.8A41684DADC3E021AC9E8D9E7E13BEFD.e.6838","ELEMENT":"f.19E536F94174C8B9DE1C34297281D471.d.8A41684DADC3E021AC9E8D9E7E13BEFD.e.6838"}]}
RESULT: {"script":"<script> [56 bytes]","args":[{"element-6066-11e4-a52e-4f735466cecf":"f.19E536F94174C8B9DE1C34297281D471.d.8A41684DADC3E021AC9E8D9E7E13BEFD.e.6838","ELEMENT":"f.19E536F94174C8B9DE1C34297281D471.d.8A41684DADC3E021AC9E8D9E7E13BEFD.e.6838"}]}
COMMAND: GET /session/b94376503e01bf473405a525b5bc89ad/element/f.19E536F94174C8B9DE1C34297281D471.d.8A41684DADC3E021AC9E8D9E7E13BEFD.e.6837/attribute/aria-checked - {}
COMMAND: GET /session/b94376503e01bf473405a525b5bc89ad/screenshot - {}
RESULT: {}
COMMAND: POST /session/b94376503e01bf473405a525b5bc89ad/element - {"using":"xpath","value":"//table[contains(@id, \"listView-innerSelectionPanelTable-listUl\")]/tbody/tr[23]/td[2]/div/div"}
RESULT: {}
RESULT: {"using":"xpath","value":"//table[contains(@id, \"listView-innerSelectionPanelTable-listUl\")]/tbody/tr[23]/td[2]/div/div"}
COMMAND: POST /session/b94376503e01bf473405a525b5bc89ad/element - {"using":"xpath","value":"//table[contains(@id, \"listView-innerSelectionPanelTable-listUl\")]/tbody/tr[23]/td[2]/div"}
RESULT: {"using":"xpath","value":"//table[contains(@id, \"listView-innerSelectionPanelTable-listUl\")]/tbody/tr[23]/td[2]/div"}
COMMAND: POST /session/b94376503e01bf473405a525b5bc89ad/element - {"using":"xpath","value":"//table[contains(@id, \"listView-innerSelectionPanelTable-listUl\")]/tbody/tr[23]/td[3]/div/div/span/span[1]/bdi"}
RESULT: {"using":"xpath","value":"//table[contains(@id, \"listView-innerSelectionPanelTable-listUl\")]/tbody/tr[23]/td[3]/div/div/span/span[1]/bdi"}
COMMAND: POST /session/b94376503e01bf473405a525b5bc89ad/execute/sync - {"script":"<script> [56 bytes]","args":[{"element-6066-11e4-a52e-4f735466cecf":"f.19E536F94174C8B9DE1C34297281D471.d.8A41684DADC3E021AC9E8D9E7E13BEFD.e.6841","ELEMENT":"f.19E536F94174C8B9DE1C34297281D471.d.8A41684DADC3E021AC9E8D9E7E13BEFD.e.6841"}]}
RESULT: {"script":"<script> [56 bytes]","args":[{"element-6066-11e4-a52e-4f735466cecf":"f.19E536F94174C8B9DE1C34297281D471.d.8A41684DADC3E021AC9E8D9E7E13BEFD.e.6841","ELEMENT":"f.19E536F94174C8B9DE1C34297281D471.d.8A41684DADC3E021AC9E8D9E7E13BEFD.e.6841"}]}
COMMAND: GET /session/b94376503e01bf473405a525b5bc89ad/element/f.19E536F94174C8B9DE1C34297281D471.d.8A41684DADC3E021AC9E8D9E7E13BEFD.e.6840/attribute/aria-checked - {}
COMMAND: GET /session/b94376503e01bf473405a525b5bc89ad/screenshot - {}
RESULT: {}
COMMAND: POST /session/b94376503e01bf473405a525b5bc89ad/element - {"using":"xpath","value":"//table[contains(@id, \"listView-innerSelectionPanelTable-listUl\")]/tbody/tr[24]/td[2]/div/div"}
RESULT: {}
RESULT: {"using":"xpath","value":"//table[contains(@id, \"listView-innerSelectionPanelTable-listUl\")]/tbody/tr[24]/td[2]/div/div"}
COMMAND: POST /session/b94376503e01bf473405a525b5bc89ad/element - {"using":"xpath","value":"//table[contains(@id, \"listView-innerSelectionPanelTable-listUl\")]/tbody/tr[24]/td[2]/div"}
RESULT: {"using":"xpath","value":"//table[contains(@id, \"listView-innerSelectionPanelTable-listUl\")]/tbody/tr[24]/td[2]/div"}
COMMAND: POST /session/b94376503e01bf473405a525b5bc89ad/element - {"using":"xpath","value":"//table[contains(@id, \"listView-innerSelectionPanelTable-listUl\")]/tbody/tr[24]/td[3]/div/div/span/span[1]/bdi"}
RESULT: {"using":"xpath","value":"//table[contains(@id, \"listView-innerSelectionPanelTable-listUl\")]/tbody/tr[24]/td[3]/div/div/span/span[1]/bdi"}
COMMAND: POST /session/b94376503e01bf473405a525b5bc89ad/execute/sync - {"script":"<script> [56 bytes]","args":[{"element-6066-11e4-a52e-4f735466cecf":"f.19E536F94174C8B9DE1C34297281D471.d.8A41684DADC3E021AC9E8D9E7E13BEFD.e.6844","ELEMENT":"f.19E536F94174C8B9DE1C34297281D471.d.8A41684DADC3E021AC9E8D9E7E13BEFD.e.6844"}]}
RESULT: {"script":"<script> [56 bytes]","args":[{"element-6066-11e4-a52e-4f735466cecf":"f.19E536F94174C8B9DE1C34297281D471.d.8A41684DADC3E021AC9E8D9E7E13BEFD.e.6844","ELEMENT":"f.19E536F94174C8B9DE1C34297281D471.d.8A41684DADC3E021AC9E8D9E7E13BEFD.e.6844"}]}
COMMAND: GET /session/b94376503e01bf473405a525b5bc89ad/element/f.19E536F94174C8B9DE1C34297281D471.d.8A41684DADC3E021AC9E8D9E7E13BEFD.e.6843/attribute/aria-checked - {}
COMMAND: GET /session/b94376503e01bf473405a525b5bc89ad/screenshot - {}
RESULT: {}
COMMAND: POST /session/b94376503e01bf473405a525b5bc89ad/element - {"using":"xpath","value":"//table[contains(@id, \"listView-innerSelectionPanelTable-listUl\")]/tbody/tr[25]/td[2]/div/div"}
RESULT: {}
RESULT: {"using":"xpath","value":"//table[contains(@id, \"listView-innerSelectionPanelTable-listUl\")]/tbody/tr[25]/td[2]/div/div"}
COMMAND: POST /session/b94376503e01bf473405a525b5bc89ad/element - {"using":"xpath","value":"//table[contains(@id, \"listView-innerSelectionPanelTable-listUl\")]/tbody/tr[25]/td[2]/div"}
RESULT: {"using":"xpath","value":"//table[contains(@id, \"listView-innerSelectionPanelTable-listUl\")]/tbody/tr[25]/td[2]/div"}
COMMAND: POST /session/b94376503e01bf473405a525b5bc89ad/element - {"using":"xpath","value":"//table[contains(@id, \"listView-innerSelectionPanelTable-listUl\")]/tbody/tr[25]/td[3]/div/div/span/span[1]/bdi"}
RESULT: {"using":"xpath","value":"//table[contains(@id, \"listView-innerSelectionPanelTable-listUl\")]/tbody/tr[25]/td[3]/div/div/span/span[1]/bdi"}
COMMAND: POST /session/b94376503e01bf473405a525b5bc89ad/execute/sync - {"script":"<script> [56 bytes]","args":[{"element-6066-11e4-a52e-4f735466cecf":"f.19E536F94174C8B9DE1C34297281D471.d.8A41684DADC3E021AC9E8D9E7E13BEFD.e.6847","ELEMENT":"f.19E536F94174C8B9DE1C34297281D471.d.8A41684DADC3E021AC9E8D9E7E13BEFD.e.6847"}]}
RESULT: {"script":"<script> [56 bytes]","args":[{"element-6066-11e4-a52e-4f735466cecf":"f.19E536F94174C8B9DE1C34297281D471.d.8A41684DADC3E021AC9E8D9E7E13BEFD.e.6847","ELEMENT":"f.19E536F94174C8B9DE1C34297281D471.d.8A41684DADC3E021AC9E8D9E7E13BEFD.e.6847"}]}
COMMAND: GET /session/b94376503e01bf473405a525b5bc89ad/element/f.19E536F94174C8B9DE1C34297281D471.d.8A41684DADC3E021AC9E8D9E7E13BEFD.e.6846/attribute/aria-checked - {}
COMMAND: GET /session/b94376503e01bf473405a525b5bc89ad/screenshot - {}
RESULT: {}
COMMAND: POST /session/b94376503e01bf473405a525b5bc89ad/element - {"using":"xpath","value":"//bdi[contains(text(), \"OK\")]"}
RESULT: {}
RESULT: {"using":"xpath","value":"//bdi[contains(text(), \"OK\")]"}
COMMAND: POST /session/b94376503e01bf473405a525b5bc89ad/element/f.19E536F94174C8B9DE1C34297281D471.d.8A41684DADC3E021AC9E8D9E7E13BEFD.e.6848/click - {}
RESULT: {}
COMMAND: GET /session/b94376503e01bf473405a525b5bc89ad/screenshot - {}
RESULT: {}
COMMAND: POST /session/b94376503e01bf473405a525b5bc89ad/execute/async - {"script":"<script> [1562 bytes]","args":[{"selector":{"id":"application-managepartners-display-component---masterPtm--smartFilterBar-filterItemControlA_-LINK_TO_ADDRESSES_MAIN.CITY1-vhi"},"wdio_ui5_key":"applicationmanagepartners-display-component---masterPtm--smartFilterBar-filterItemControlA_-LINK_TO_ADDRESSES_MAIN.CITY1-vhi"}]}
RESULT: {"script":"<script> [1562 bytes]","args":[{"selector":{"id":"application-managepartners-display-component---masterPtm--smartFilterBar-filterItemControlA_-LINK_TO_ADDRESSES_MAIN.CITY1-vhi"},"wdio_ui5_key":"applicationmanagepartners-display-component---masterPtm--smartFilterBar-filterItemControlA_-LINK_TO_ADDRESSES_MAIN.CITY1-vhi"}]}
RESULT: undefined
COMMAND: POST /session/b94376503e01bf473405a525b5bc89ad/element - {"using":"xpath","value":"//*[@id=\"application-managepartners-display-component---masterPtm--smartFilterBar-filterItemControlA_-LINK_TO_ADDRESSES_MAIN.CITY1-vhi\"]"}
RESULT: {"using":"xpath","value":"//*[@id=\"application-managepartners-display-component---masterPtm--smartFilterBar-filterItemControlA_-LINK_TO_ADDRESSES_MAIN.CITY1-vhi\"]"}
COMMAND: POST /session/b94376503e01bf473405a525b5bc89ad/element/f.19E536F94174C8B9DE1C34297281D471.d.8A41684DADC3E021AC9E8D9E7E13BEFD.e.6862/click - {}
RESULT: {}
COMMAND: GET /session/b94376503e01bf473405a525b5bc89ad/screenshot - {}
RESULT: {}
COMMAND: POST /session/b94376503e01bf473405a525b5bc89ad/execute/async - {"script":"<script> [1562 bytes]","args":[{"selector":{"controlType":"sap.m.Input","viewName":"etm.portal.ui.managepartners.view.Master","viewId":"application-managepartners-display-component---masterPtm","properties":{"valueState":"None"},"searchOpenDialogs":true,"interaction":{"idSuffix":"inner"}},"wdio_ui5_key":"etmportal.ui.managepartners.view.Mastersap.m.Input{\"valueState\":\"None\"}"}]}
RESULT: {"script":"<script> [1562 bytes]","args":[{"selector":{"controlType":"sap.m.Input","viewName":"etm.portal.ui.managepartners.view.Master","viewId":"application-managepartners-display-component---masterPtm","properties":{"valueState":"None"},"searchOpenDialogs":true,"interaction":{"idSuffix":"inner"}},"wdio_ui5_key":"etmportal.ui.managepartners.view.Mastersap.m.Input{\"valueState\":\"None\"}"}]}
RESULT: undefined
COMMAND: POST /session/b94376503e01bf473405a525b5bc89ad/execute/async - {"script":"<script> [776 bytes]","args":[{"enterText":"Bangalore","selector":{"controlType":"sap.m.Input","viewName":"etm.portal.ui.managepartners.view.Master","viewId":"application-managepartners-display-component---masterPtm","properties":{"valueState":"None"},"searchOpenDialogs":true,"interaction":{"idSuffix":"inner"}},"clearTextFirst":true,"interactionType":"ENTER_TEXT"}]}
RESULT: {"script":"<script> [776 bytes]","args":[{"enterText":"Bangalore","selector":{"controlType":"sap.m.Input","viewName":"etm.portal.ui.managepartners.view.Master","viewId":"application-managepartners-display-component---masterPtm","properties":{"valueState":"None"},"searchOpenDialogs":true,"interaction":{"idSuffix":"inner"}},"clearTextFirst":true,"interactionType":"ENTER_TEXT"}]}
COMMAND: POST /session/b94376503e01bf473405a525b5bc89ad/actions - {"actions":[{"id":"action21","type":"key","parameters":{},"actions":[{"type":"keyDown","value":"î€‡"},{"type":"pause","duration":10},{"type":"keyUp","value":"î€‡"}]}]}
RESULT: {"actions":[{"id":"action21","type":"key","parameters":{},"actions":[{"type":"keyDown","value":"î€‡"},{"type":"pause","duration":10},{"type":"keyUp","value":"î€‡"}]}]}
COMMAND: GET /session/b94376503e01bf473405a525b5bc89ad/screenshot - {}
RESULT: {}
COMMAND: POST /session/b94376503e01bf473405a525b5bc89ad/element - {"using":"xpath","value":"(//bdi[contains(text(), \"OK\")])[1]"}
RESULT: {"using":"xpath","value":"(//bdi[contains(text(), \"OK\")])[1]"}
COMMAND: POST /session/b94376503e01bf473405a525b5bc89ad/element/f.19E536F94174C8B9DE1C34297281D471.d.8A41684DADC3E021AC9E8D9E7E13BEFD.e.6868/click - {}
RESULT: {}
COMMAND: GET /session/b94376503e01bf473405a525b5bc89ad/screenshot - {}
RESULT: {}
COMMAND: POST /session/b94376503e01bf473405a525b5bc89ad/element - {"using":"xpath","value":"//span[@id=\"application-managepartners-display-component---masterPtm--smartTable-header-inner\"]"}
RESULT: {"using":"xpath","value":"//span[@id=\"application-managepartners-display-component---masterPtm--smartTable-header-inner\"]"}
COMMAND: POST /session/b94376503e01bf473405a525b5bc89ad/elements - {"using":"xpath","value":"//span[@id=\"application-managepartners-display-component---masterPtm--smartTable-header-inner\"]"}
RESULT: {"using":"xpath","value":"//span[@id=\"application-managepartners-display-component---masterPtm--smartTable-header-inner\"]"}
COMMAND: POST /session/b94376503e01bf473405a525b5bc89ad/execute/sync - {"script":"<script> [56 bytes]","args":[{"element-6066-11e4-a52e-4f735466cecf":"f.19E536F94174C8B9DE1C34297281D471.d.8A41684DADC3E021AC9E8D9E7E13BEFD.e.5996","ELEMENT":"f.19E536F94174C8B9DE1C34297281D471.d.8A41684DADC3E021AC9E8D9E7E13BEFD.e.5996"}]}
RESULT: {"script":"<script> [56 bytes]","args":[{"element-6066-11e4-a52e-4f735466cecf":"f.19E536F94174C8B9DE1C34297281D471.d.8A41684DADC3E021AC9E8D9E7E13BEFD.e.5996","ELEMENT":"f.19E536F94174C8B9DE1C34297281D471.d.8A41684DADC3E021AC9E8D9E7E13BEFD.e.5996"}]}
COMMAND: POST /session/b94376503e01bf473405a525b5bc89ad/element - {"using":"xpath","value":"//span[contains(@title, \"Remove\")]"}
COMMAND: GET /session/b94376503e01bf473405a525b5bc89ad/screenshot - {}
RESULT: {"using":"xpath","value":"//span[contains(@title, \"Remove\")]"}
COMMAND: POST /session/b94376503e01bf473405a525b5bc89ad/element/f.19E536F94174C8B9DE1C34297281D471.d.8A41684DADC3E021AC9E8D9E7E13BEFD.e.7035/click - {}
RESULT: {}
RESULT: {}
COMMAND: GET /session/b94376503e01bf473405a525b5bc89ad/screenshot - {}
RESULT: {}
COMMAND: POST /session/b94376503e01bf473405a525b5bc89ad/element - {"using":"xpath","value":"//span[@id=\"application-managepartners-display-component---masterPtm--smartTable-header-inner\"]"}
RESULT: {"using":"xpath","value":"//span[@id=\"application-managepartners-display-component---masterPtm--smartTable-header-inner\"]"}
COMMAND: POST /session/b94376503e01bf473405a525b5bc89ad/elements - {"using":"xpath","value":"//span[@id=\"application-managepartners-display-component---masterPtm--smartTable-header-inner\"]"}
RESULT: {"using":"xpath","value":"//span[@id=\"application-managepartners-display-component---masterPtm--smartTable-header-inner\"]"}
COMMAND: POST /session/b94376503e01bf473405a525b5bc89ad/execute/sync - {"script":"<script> [56 bytes]","args":[{"element-6066-11e4-a52e-4f735466cecf":"f.19E536F94174C8B9DE1C34297281D471.d.8A41684DADC3E021AC9E8D9E7E13BEFD.e.5996","ELEMENT":"f.19E536F94174C8B9DE1C34297281D471.d.8A41684DADC3E021AC9E8D9E7E13BEFD.e.5996"}]}
RESULT: {"script":"<script> [56 bytes]","args":[{"element-6066-11e4-a52e-4f735466cecf":"f.19E536F94174C8B9DE1C34297281D471.d.8A41684DADC3E021AC9E8D9E7E13BEFD.e.5996","ELEMENT":"f.19E536F94174C8B9DE1C34297281D471.d.8A41684DADC3E021AC9E8D9E7E13BEFD.e.5996"}]}
COMMAND: POST /session/b94376503e01bf473405a525b5bc89ad/element - {"using":"css selector","value":"#shell-header-logo"}
COMMAND: GET /session/b94376503e01bf473405a525b5bc89ad/screenshot - {}
RESULT: {"using":"css selector","value":"#shell-header-logo"}
COMMAND: POST /session/b94376503e01bf473405a525b5bc89ad/element/f.19E536F94174C8B9DE1C34297281D471.d.8A41684DADC3E021AC9E8D9E7E13BEFD.e.5826/click - {}
RESULT: {}
RESULT: {}
COMMAND: GET /session/b94376503e01bf473405a525b5bc89ad/screenshot - {}
RESULT: {}
]]></system-out>
    </testcase>
    <testcase classname="chrome.135_0_7049_96.windows.Partner_specific_tests_US150819_US151080_US151654_US151176_US103444_US151078_US151079_US151109_US151174_US151175_US151189" name="Should try to save empty partner US151174" time="44.188">
      <system-out><![CDATA[
COMMAND: POST /session/b94376503e01bf473405a525b5bc89ad/element - {"using":"xpath","value":"//li[.//span[text()=\"Manage Partners\"]]"}
RESULT: {"using":"xpath","value":"//li[.//span[text()=\"Manage Partners\"]]"}
COMMAND: POST /session/b94376503e01bf473405a525b5bc89ad/element - {"using":"xpath","value":"//li[.//span[text()=\"Manage Partners\"]]"}
RESULT: {"using":"xpath","value":"//li[.//span[text()=\"Manage Partners\"]]"}
COMMAND: POST /session/b94376503e01bf473405a525b5bc89ad/element - {"using":"css selector","value":"#shell-header-logo"}
RESULT: {"using":"css selector","value":"#shell-header-logo"}
COMMAND: POST /session/b94376503e01bf473405a525b5bc89ad/element/f.19E536F94174C8B9DE1C34297281D471.d.8A41684DADC3E021AC9E8D9E7E13BEFD.e.7122/click - {}
COMMAND: POST /session/b94376503e01bf473405a525b5bc89ad/execute/sync - {"script":"<script> [8489 bytes]","args":[{"element-6066-11e4-a52e-4f735466cecf":"f.19E536F94174C8B9DE1C34297281D471.d.8A41684DADC3E021AC9E8D9E7E13BEFD.e.7122","ELEMENT":"f.19E536F94174C8B9DE1C34297281D471.d.8A41684DADC3E021AC9E8D9E7E13BEFD.e.7122"}]}
RESULT: {"script":"<script> [8489 bytes]","args":[{"element-6066-11e4-a52e-4f735466cecf":"f.19E536F94174C8B9DE1C34297281D471.d.8A41684DADC3E021AC9E8D9E7E13BEFD.e.7122","ELEMENT":"f.19E536F94174C8B9DE1C34297281D471.d.8A41684DADC3E021AC9E8D9E7E13BEFD.e.7122"}]}
COMMAND: POST /session/b94376503e01bf473405a525b5bc89ad/execute/sync - {"script":"<script> [5351 bytes]","args":[{"element-6066-11e4-a52e-4f735466cecf":"f.19E536F94174C8B9DE1C34297281D471.d.8A41684DADC3E021AC9E8D9E7E13BEFD.e.7122","ELEMENT":"f.19E536F94174C8B9DE1C34297281D471.d.8A41684DADC3E021AC9E8D9E7E13BEFD.e.7122"}]}
COMMAND: GET /session/b94376503e01bf473405a525b5bc89ad/screenshot - {}
RESULT: {}
COMMAND: GET /session/b94376503e01bf473405a525b5bc89ad/screenshot - {}
RESULT: {"script":"<script> [5351 bytes]","args":[{"element-6066-11e4-a52e-4f735466cecf":"f.19E536F94174C8B9DE1C34297281D471.d.8A41684DADC3E021AC9E8D9E7E13BEFD.e.7122","ELEMENT":"f.19E536F94174C8B9DE1C34297281D471.d.8A41684DADC3E021AC9E8D9E7E13BEFD.e.7122"}]}
COMMAND: GET /session/b94376503e01bf473405a525b5bc89ad/screenshot - {}
RESULT: {}
RESULT: {}
RESULT: {}
RESULT: undefined
COMMAND: POST /session/b94376503e01bf473405a525b5bc89ad/element - {"using":"xpath","value":"//*[@id=\"__tile30\"]"}
RESULT: {"using":"xpath","value":"//*[@id=\"__tile30\"]"}
COMMAND: POST /session/b94376503e01bf473405a525b5bc89ad/element/f.19E536F94174C8B9DE1C34297281D471.d.8A41684DADC3E021AC9E8D9E7E13BEFD.e.4496/click - {}
RESULT: {}
COMMAND: POST /session/b94376503e01bf473405a525b5bc89ad/element - {"using":"xpath","value":"//button[@data-kt=\"addButton\"]"}
COMMAND: GET /session/b94376503e01bf473405a525b5bc89ad/screenshot - {}
RESULT: {"using":"xpath","value":"//button[@data-kt=\"addButton\"]"}
COMMAND: POST /session/b94376503e01bf473405a525b5bc89ad/elements - {"using":"xpath","value":"//button[@data-kt=\"addButton\"]"}
RESULT: {}
RESULT: {"using":"xpath","value":"//button[@data-kt=\"addButton\"]"}
COMMAND: POST /session/b94376503e01bf473405a525b5bc89ad/element - {"using":"xpath","value":"//button[@data-kt=\"addButton\"]"}
RESULT: {"using":"xpath","value":"//button[@data-kt=\"addButton\"]"}
COMMAND: POST /session/b94376503e01bf473405a525b5bc89ad/execute/sync - {"script":"<script> [8489 bytes]","args":[{"element-6066-11e4-a52e-4f735466cecf":"f.19E536F94174C8B9DE1C34297281D471.d.8A41684DADC3E021AC9E8D9E7E13BEFD.e.7156","ELEMENT":"f.19E536F94174C8B9DE1C34297281D471.d.8A41684DADC3E021AC9E8D9E7E13BEFD.e.7156"}]}
RESULT: {"script":"<script> [8489 bytes]","args":[{"element-6066-11e4-a52e-4f735466cecf":"f.19E536F94174C8B9DE1C34297281D471.d.8A41684DADC3E021AC9E8D9E7E13BEFD.e.7156","ELEMENT":"f.19E536F94174C8B9DE1C34297281D471.d.8A41684DADC3E021AC9E8D9E7E13BEFD.e.7156"}]}
COMMAND: GET /session/b94376503e01bf473405a525b5bc89ad/element/f.19E536F94174C8B9DE1C34297281D471.d.8A41684DADC3E021AC9E8D9E7E13BEFD.e.7156/enabled - {}
COMMAND: GET /session/b94376503e01bf473405a525b5bc89ad/screenshot - {}
RESULT: {}
COMMAND: POST /session/b94376503e01bf473405a525b5bc89ad/execute/sync - {"script":"<script> [8489 bytes]","args":[{"element-6066-11e4-a52e-4f735466cecf":"f.19E536F94174C8B9DE1C34297281D471.d.8A41684DADC3E021AC9E8D9E7E13BEFD.e.7156","ELEMENT":"f.19E536F94174C8B9DE1C34297281D471.d.8A41684DADC3E021AC9E8D9E7E13BEFD.e.7156"}]}
COMMAND: GET /session/b94376503e01bf473405a525b5bc89ad/screenshot - {}
RESULT: {}
RESULT: {"script":"<script> [8489 bytes]","args":[{"element-6066-11e4-a52e-4f735466cecf":"f.19E536F94174C8B9DE1C34297281D471.d.8A41684DADC3E021AC9E8D9E7E13BEFD.e.7156","ELEMENT":"f.19E536F94174C8B9DE1C34297281D471.d.8A41684DADC3E021AC9E8D9E7E13BEFD.e.7156"}]}
COMMAND: POST /session/b94376503e01bf473405a525b5bc89ad/execute/sync - {"script":"<script> [5351 bytes]","args":[{"element-6066-11e4-a52e-4f735466cecf":"f.19E536F94174C8B9DE1C34297281D471.d.8A41684DADC3E021AC9E8D9E7E13BEFD.e.7156","ELEMENT":"f.19E536F94174C8B9DE1C34297281D471.d.8A41684DADC3E021AC9E8D9E7E13BEFD.e.7156"}]}
COMMAND: GET /session/b94376503e01bf473405a525b5bc89ad/screenshot - {}
RESULT: {}
RESULT: {"script":"<script> [5351 bytes]","args":[{"element-6066-11e4-a52e-4f735466cecf":"f.19E536F94174C8B9DE1C34297281D471.d.8A41684DADC3E021AC9E8D9E7E13BEFD.e.7156","ELEMENT":"f.19E536F94174C8B9DE1C34297281D471.d.8A41684DADC3E021AC9E8D9E7E13BEFD.e.7156"}]}
COMMAND: POST /session/b94376503e01bf473405a525b5bc89ad/element/f.19E536F94174C8B9DE1C34297281D471.d.8A41684DADC3E021AC9E8D9E7E13BEFD.e.7156/click - {}
COMMAND: GET /session/b94376503e01bf473405a525b5bc89ad/screenshot - {}
RESULT: {}
RESULT: {}
COMMAND: GET /session/b94376503e01bf473405a525b5bc89ad/screenshot - {}
COMMAND: POST /session/b94376503e01bf473405a525b5bc89ad/element - {"using":"xpath","value":"//button[@data-kt=\"saveButton\"]"}
RESULT: {}
RESULT: {}
RESULT: {"using":"xpath","value":"//button[@data-kt=\"saveButton\"]"}
COMMAND: POST /session/b94376503e01bf473405a525b5bc89ad/element/f.19E536F94174C8B9DE1C34297281D471.d.8A41684DADC3E021AC9E8D9E7E13BEFD.e.7582/click - {}
RESULT: {}
COMMAND: GET /session/b94376503e01bf473405a525b5bc89ad/screenshot - {}
RESULT: {}
COMMAND: POST /session/b94376503e01bf473405a525b5bc89ad/element - {"using":"xpath","value":"//span[contains(@class, \"sapMMsgBoxText\")]"}
RESULT: {"using":"xpath","value":"//span[contains(@class, \"sapMMsgBoxText\")]"}
COMMAND: POST /session/b94376503e01bf473405a525b5bc89ad/execute/sync - {"script":"<script> [56 bytes]","args":[{"element-6066-11e4-a52e-4f735466cecf":"f.19E536F94174C8B9DE1C34297281D471.d.8A41684DADC3E021AC9E8D9E7E13BEFD.e.7604","ELEMENT":"f.19E536F94174C8B9DE1C34297281D471.d.8A41684DADC3E021AC9E8D9E7E13BEFD.e.7604"}]}
RESULT: {"script":"<script> [56 bytes]","args":[{"element-6066-11e4-a52e-4f735466cecf":"f.19E536F94174C8B9DE1C34297281D471.d.8A41684DADC3E021AC9E8D9E7E13BEFD.e.7604","ELEMENT":"f.19E536F94174C8B9DE1C34297281D471.d.8A41684DADC3E021AC9E8D9E7E13BEFD.e.7604"}]}
COMMAND: POST /session/b94376503e01bf473405a525b5bc89ad/element - {"using":"xpath","value":"(//bdi[contains(text(), \"Close\")])[1]"}
COMMAND: POST /session/b94376503e01bf473405a525b5bc89ad/elements - {"using":"xpath","value":"//span[contains(@class, \"sapMMsgBoxText\")]"}
COMMAND: GET /session/b94376503e01bf473405a525b5bc89ad/screenshot - {}
RESULT: {"using":"xpath","value":"//span[contains(@class, \"sapMMsgBoxText\")]"}
RESULT: {"using":"xpath","value":"(//bdi[contains(text(), \"Close\")])[1]"}
COMMAND: POST /session/b94376503e01bf473405a525b5bc89ad/element/f.19E536F94174C8B9DE1C34297281D471.d.8A41684DADC3E021AC9E8D9E7E13BEFD.e.7605/click - {}
RESULT: {}
RESULT: {}
COMMAND: GET /session/b94376503e01bf473405a525b5bc89ad/screenshot - {}
RESULT: {}
COMMAND: POST /session/b94376503e01bf473405a525b5bc89ad/element - {"using":"css selector","value":"#shell-header-logo"}
RESULT: {"using":"css selector","value":"#shell-header-logo"}
COMMAND: POST /session/b94376503e01bf473405a525b5bc89ad/element/f.19E536F94174C8B9DE1C34297281D471.d.8A41684DADC3E021AC9E8D9E7E13BEFD.e.7122/click - {}
RESULT: {}
COMMAND: GET /session/b94376503e01bf473405a525b5bc89ad/screenshot - {}
RESULT: {}
]]></system-out>
    </testcase>
    <testcase classname="chrome.135_0_7049_96.windows.Partner_specific_tests_US150819_US151080_US151654_US151176_US103444_US151078_US151079_US151109_US151174_US151175_US151189" name="Should do various searches US151175" time="156.341">
      <system-out><![CDATA[
COMMAND: POST /session/b94376503e01bf473405a525b5bc89ad/element - {"using":"xpath","value":"//li[.//span[text()=\"Manage Partners\"]]"}
RESULT: {"using":"xpath","value":"//li[.//span[text()=\"Manage Partners\"]]"}
COMMAND: POST /session/b94376503e01bf473405a525b5bc89ad/element - {"using":"xpath","value":"//li[.//span[text()=\"Manage Partners\"]]"}
RESULT: {"using":"xpath","value":"//li[.//span[text()=\"Manage Partners\"]]"}
COMMAND: POST /session/b94376503e01bf473405a525b5bc89ad/element - {"using":"css selector","value":"#shell-header-logo"}
RESULT: {"using":"css selector","value":"#shell-header-logo"}
COMMAND: POST /session/b94376503e01bf473405a525b5bc89ad/element/f.19E536F94174C8B9DE1C34297281D471.d.8A41684DADC3E021AC9E8D9E7E13BEFD.e.7607/click - {}
COMMAND: POST /session/b94376503e01bf473405a525b5bc89ad/execute/sync - {"script":"<script> [8489 bytes]","args":[{"element-6066-11e4-a52e-4f735466cecf":"f.19E536F94174C8B9DE1C34297281D471.d.8A41684DADC3E021AC9E8D9E7E13BEFD.e.7607","ELEMENT":"f.19E536F94174C8B9DE1C34297281D471.d.8A41684DADC3E021AC9E8D9E7E13BEFD.e.7607"}]}
RESULT: {}
COMMAND: GET /session/b94376503e01bf473405a525b5bc89ad/screenshot - {}
RESULT: {"script":"<script> [8489 bytes]","args":[{"element-6066-11e4-a52e-4f735466cecf":"f.19E536F94174C8B9DE1C34297281D471.d.8A41684DADC3E021AC9E8D9E7E13BEFD.e.7607","ELEMENT":"f.19E536F94174C8B9DE1C34297281D471.d.8A41684DADC3E021AC9E8D9E7E13BEFD.e.7607"}]}
COMMAND: POST /session/b94376503e01bf473405a525b5bc89ad/execute/sync - {"script":"<script> [5351 bytes]","args":[{"element-6066-11e4-a52e-4f735466cecf":"f.19E536F94174C8B9DE1C34297281D471.d.8A41684DADC3E021AC9E8D9E7E13BEFD.e.7607","ELEMENT":"f.19E536F94174C8B9DE1C34297281D471.d.8A41684DADC3E021AC9E8D9E7E13BEFD.e.7607"}]}
COMMAND: GET /session/b94376503e01bf473405a525b5bc89ad/screenshot - {}
RESULT: {}
RESULT: {"script":"<script> [5351 bytes]","args":[{"element-6066-11e4-a52e-4f735466cecf":"f.19E536F94174C8B9DE1C34297281D471.d.8A41684DADC3E021AC9E8D9E7E13BEFD.e.7607","ELEMENT":"f.19E536F94174C8B9DE1C34297281D471.d.8A41684DADC3E021AC9E8D9E7E13BEFD.e.7607"}]}
COMMAND: GET /session/b94376503e01bf473405a525b5bc89ad/screenshot - {}
RESULT: {}
RESULT: {}
RESULT: undefined
COMMAND: POST /session/b94376503e01bf473405a525b5bc89ad/element - {"using":"xpath","value":"//*[@id=\"__tile30\"]"}
RESULT: {"using":"xpath","value":"//*[@id=\"__tile30\"]"}
COMMAND: POST /session/b94376503e01bf473405a525b5bc89ad/element/f.19E536F94174C8B9DE1C34297281D471.d.8A41684DADC3E021AC9E8D9E7E13BEFD.e.4496/click - {}
RESULT: {}
COMMAND: POST /session/b94376503e01bf473405a525b5bc89ad/element - {"using":"xpath","value":"//button[@data-kt=\"addButton\"]"}
COMMAND: GET /session/b94376503e01bf473405a525b5bc89ad/screenshot - {}
RESULT: {"using":"xpath","value":"//button[@data-kt=\"addButton\"]"}
COMMAND: POST /session/b94376503e01bf473405a525b5bc89ad/elements - {"using":"xpath","value":"//button[@data-kt=\"addButton\"]"}
RESULT: {}
RESULT: {"using":"xpath","value":"//button[@data-kt=\"addButton\"]"}
COMMAND: POST /session/b94376503e01bf473405a525b5bc89ad/elements - {"using":"xpath","value":"//button[@data-kt=\"addButton\"]"}
RESULT: {"using":"xpath","value":"//button[@data-kt=\"addButton\"]"}
COMMAND: POST /session/b94376503e01bf473405a525b5bc89ad/elements - {"using":"xpath","value":"//button[@data-kt=\"addButton\"]"}
RESULT: {"using":"xpath","value":"//button[@data-kt=\"addButton\"]"}
COMMAND: POST /session/b94376503e01bf473405a525b5bc89ad/elements - {"using":"xpath","value":"//button[@data-kt=\"addButton\"]"}
RESULT: {"using":"xpath","value":"//button[@data-kt=\"addButton\"]"}
COMMAND: POST /session/b94376503e01bf473405a525b5bc89ad/elements - {"using":"xpath","value":"//button[@data-kt=\"addButton\"]"}
RESULT: {"using":"xpath","value":"//button[@data-kt=\"addButton\"]"}
COMMAND: POST /session/b94376503e01bf473405a525b5bc89ad/elements - {"using":"xpath","value":"//button[@data-kt=\"addButton\"]"}
RESULT: {"using":"xpath","value":"//button[@data-kt=\"addButton\"]"}
COMMAND: POST /session/b94376503e01bf473405a525b5bc89ad/elements - {"using":"xpath","value":"//button[@data-kt=\"addButton\"]"}
RESULT: {"using":"xpath","value":"//button[@data-kt=\"addButton\"]"}
COMMAND: POST /session/b94376503e01bf473405a525b5bc89ad/element - {"using":"xpath","value":"//button[@data-kt=\"addButton\"]"}
RESULT: {"using":"xpath","value":"//button[@data-kt=\"addButton\"]"}
COMMAND: POST /session/b94376503e01bf473405a525b5bc89ad/execute/sync - {"script":"<script> [8489 bytes]","args":[{"element-6066-11e4-a52e-4f735466cecf":"f.19E536F94174C8B9DE1C34297281D471.d.8A41684DADC3E021AC9E8D9E7E13BEFD.e.7643","ELEMENT":"f.19E536F94174C8B9DE1C34297281D471.d.8A41684DADC3E021AC9E8D9E7E13BEFD.e.7643"}]}
RESULT: {"script":"<script> [8489 bytes]","args":[{"element-6066-11e4-a52e-4f735466cecf":"f.19E536F94174C8B9DE1C34297281D471.d.8A41684DADC3E021AC9E8D9E7E13BEFD.e.7643","ELEMENT":"f.19E536F94174C8B9DE1C34297281D471.d.8A41684DADC3E021AC9E8D9E7E13BEFD.e.7643"}]}
COMMAND: GET /session/b94376503e01bf473405a525b5bc89ad/element/f.19E536F94174C8B9DE1C34297281D471.d.8A41684DADC3E021AC9E8D9E7E13BEFD.e.7643/enabled - {}
COMMAND: GET /session/b94376503e01bf473405a525b5bc89ad/screenshot - {}
RESULT: {}
COMMAND: POST /session/b94376503e01bf473405a525b5bc89ad/execute/sync - {"script":"<script> [8489 bytes]","args":[{"element-6066-11e4-a52e-4f735466cecf":"f.19E536F94174C8B9DE1C34297281D471.d.8A41684DADC3E021AC9E8D9E7E13BEFD.e.7643","ELEMENT":"f.19E536F94174C8B9DE1C34297281D471.d.8A41684DADC3E021AC9E8D9E7E13BEFD.e.7643"}]}
COMMAND: GET /session/b94376503e01bf473405a525b5bc89ad/screenshot - {}
RESULT: {}
RESULT: {"script":"<script> [8489 bytes]","args":[{"element-6066-11e4-a52e-4f735466cecf":"f.19E536F94174C8B9DE1C34297281D471.d.8A41684DADC3E021AC9E8D9E7E13BEFD.e.7643","ELEMENT":"f.19E536F94174C8B9DE1C34297281D471.d.8A41684DADC3E021AC9E8D9E7E13BEFD.e.7643"}]}
COMMAND: POST /session/b94376503e01bf473405a525b5bc89ad/execute/sync - {"script":"<script> [5351 bytes]","args":[{"element-6066-11e4-a52e-4f735466cecf":"f.19E536F94174C8B9DE1C34297281D471.d.8A41684DADC3E021AC9E8D9E7E13BEFD.e.7643","ELEMENT":"f.19E536F94174C8B9DE1C34297281D471.d.8A41684DADC3E021AC9E8D9E7E13BEFD.e.7643"}]}
COMMAND: GET /session/b94376503e01bf473405a525b5bc89ad/screenshot - {}
RESULT: {}
RESULT: {"script":"<script> [5351 bytes]","args":[{"element-6066-11e4-a52e-4f735466cecf":"f.19E536F94174C8B9DE1C34297281D471.d.8A41684DADC3E021AC9E8D9E7E13BEFD.e.7643","ELEMENT":"f.19E536F94174C8B9DE1C34297281D471.d.8A41684DADC3E021AC9E8D9E7E13BEFD.e.7643"}]}
COMMAND: GET /session/b94376503e01bf473405a525b5bc89ad/screenshot - {}
RESULT: {}
RESULT: {}
COMMAND: POST /session/b94376503e01bf473405a525b5bc89ad/element - {"using":"xpath","value":"//span[@id=\"application-managepartners-display-component---masterPtm--smartTable-header-inner\"]"}
RESULT: {"using":"xpath","value":"//span[@id=\"application-managepartners-display-component---masterPtm--smartTable-header-inner\"]"}
COMMAND: POST /session/b94376503e01bf473405a525b5bc89ad/elements - {"using":"xpath","value":"//span[@id=\"application-managepartners-display-component---masterPtm--smartTable-header-inner\"]"}
RESULT: {"using":"xpath","value":"//span[@id=\"application-managepartners-display-component---masterPtm--smartTable-header-inner\"]"}
COMMAND: POST /session/b94376503e01bf473405a525b5bc89ad/execute/sync - {"script":"<script> [56 bytes]","args":[{"element-6066-11e4-a52e-4f735466cecf":"f.19E536F94174C8B9DE1C34297281D471.d.8A41684DADC3E021AC9E8D9E7E13BEFD.e.7780","ELEMENT":"f.19E536F94174C8B9DE1C34297281D471.d.8A41684DADC3E021AC9E8D9E7E13BEFD.e.7780"}]}
RESULT: {"script":"<script> [56 bytes]","args":[{"element-6066-11e4-a52e-4f735466cecf":"f.19E536F94174C8B9DE1C34297281D471.d.8A41684DADC3E021AC9E8D9E7E13BEFD.e.7780","ELEMENT":"f.19E536F94174C8B9DE1C34297281D471.d.8A41684DADC3E021AC9E8D9E7E13BEFD.e.7780"}]}
RESULT: undefined
COMMAND: POST /session/b94376503e01bf473405a525b5bc89ad/element - {"using":"xpath","value":"//*[@id=\"application-managepartners-display-component---masterPtm--smartFilterBar-btnFilters\"]"}
COMMAND: GET /session/b94376503e01bf473405a525b5bc89ad/screenshot - {}
RESULT: {"using":"xpath","value":"//*[@id=\"application-managepartners-display-component---masterPtm--smartFilterBar-btnFilters\"]"}
COMMAND: POST /session/b94376503e01bf473405a525b5bc89ad/element/f.19E536F94174C8B9DE1C34297281D471.d.8A41684DADC3E021AC9E8D9E7E13BEFD.e.7631/click - {}
RESULT: {}
RESULT: {}
COMMAND: GET /session/b94376503e01bf473405a525b5bc89ad/screenshot - {}
RESULT: {}
COMMAND: POST /session/b94376503e01bf473405a525b5bc89ad/elements - {"using":"xpath","value":"//table[contains(@id, \"listView-innerSelectionPanelTable-listUl\")]/tbody/tr"}
RESULT: {"using":"xpath","value":"//table[contains(@id, \"listView-innerSelectionPanelTable-listUl\")]/tbody/tr"}
COMMAND: POST /session/b94376503e01bf473405a525b5bc89ad/element - {"using":"xpath","value":"//table[contains(@id, \"listView-innerSelectionPanelTable-listUl\")]/tbody/tr[2]/td[2]/div/div"}
RESULT: {"using":"xpath","value":"//table[contains(@id, \"listView-innerSelectionPanelTable-listUl\")]/tbody/tr[2]/td[2]/div/div"}
COMMAND: POST /session/b94376503e01bf473405a525b5bc89ad/element - {"using":"xpath","value":"//table[contains(@id, \"listView-innerSelectionPanelTable-listUl\")]/tbody/tr[2]/td[2]/div"}
RESULT: {"using":"xpath","value":"//table[contains(@id, \"listView-innerSelectionPanelTable-listUl\")]/tbody/tr[2]/td[2]/div"}
COMMAND: POST /session/b94376503e01bf473405a525b5bc89ad/element - {"using":"xpath","value":"//table[contains(@id, \"listView-innerSelectionPanelTable-listUl\")]/tbody/tr[2]/td[3]/div/div/span/span[1]/bdi"}
RESULT: {"using":"xpath","value":"//table[contains(@id, \"listView-innerSelectionPanelTable-listUl\")]/tbody/tr[2]/td[3]/div/div/span/span[1]/bdi"}
COMMAND: POST /session/b94376503e01bf473405a525b5bc89ad/execute/sync - {"script":"<script> [56 bytes]","args":[{"element-6066-11e4-a52e-4f735466cecf":"f.19E536F94174C8B9DE1C34297281D471.d.8A41684DADC3E021AC9E8D9E7E13BEFD.e.7848","ELEMENT":"f.19E536F94174C8B9DE1C34297281D471.d.8A41684DADC3E021AC9E8D9E7E13BEFD.e.7848"}]}
RESULT: {"script":"<script> [56 bytes]","args":[{"element-6066-11e4-a52e-4f735466cecf":"f.19E536F94174C8B9DE1C34297281D471.d.8A41684DADC3E021AC9E8D9E7E13BEFD.e.7848","ELEMENT":"f.19E536F94174C8B9DE1C34297281D471.d.8A41684DADC3E021AC9E8D9E7E13BEFD.e.7848"}]}
COMMAND: GET /session/b94376503e01bf473405a525b5bc89ad/element/f.19E536F94174C8B9DE1C34297281D471.d.8A41684DADC3E021AC9E8D9E7E13BEFD.e.7847/attribute/aria-checked - {}
COMMAND: GET /session/b94376503e01bf473405a525b5bc89ad/screenshot - {}
RESULT: {}
COMMAND: POST /session/b94376503e01bf473405a525b5bc89ad/element - {"using":"xpath","value":"//table[contains(@id, \"listView-innerSelectionPanelTable-listUl\")]/tbody/tr[3]/td[2]/div/div"}
RESULT: {}
RESULT: {"using":"xpath","value":"//table[contains(@id, \"listView-innerSelectionPanelTable-listUl\")]/tbody/tr[3]/td[2]/div/div"}
COMMAND: POST /session/b94376503e01bf473405a525b5bc89ad/element - {"using":"xpath","value":"//table[contains(@id, \"listView-innerSelectionPanelTable-listUl\")]/tbody/tr[3]/td[2]/div"}
RESULT: {"using":"xpath","value":"//table[contains(@id, \"listView-innerSelectionPanelTable-listUl\")]/tbody/tr[3]/td[2]/div"}
COMMAND: POST /session/b94376503e01bf473405a525b5bc89ad/element - {"using":"xpath","value":"//table[contains(@id, \"listView-innerSelectionPanelTable-listUl\")]/tbody/tr[3]/td[3]/div/div/span/span[1]/bdi"}
RESULT: {"using":"xpath","value":"//table[contains(@id, \"listView-innerSelectionPanelTable-listUl\")]/tbody/tr[3]/td[3]/div/div/span/span[1]/bdi"}
COMMAND: POST /session/b94376503e01bf473405a525b5bc89ad/execute/sync - {"script":"<script> [56 bytes]","args":[{"element-6066-11e4-a52e-4f735466cecf":"f.19E536F94174C8B9DE1C34297281D471.d.8A41684DADC3E021AC9E8D9E7E13BEFD.e.7851","ELEMENT":"f.19E536F94174C8B9DE1C34297281D471.d.8A41684DADC3E021AC9E8D9E7E13BEFD.e.7851"}]}
RESULT: {"script":"<script> [56 bytes]","args":[{"element-6066-11e4-a52e-4f735466cecf":"f.19E536F94174C8B9DE1C34297281D471.d.8A41684DADC3E021AC9E8D9E7E13BEFD.e.7851","ELEMENT":"f.19E536F94174C8B9DE1C34297281D471.d.8A41684DADC3E021AC9E8D9E7E13BEFD.e.7851"}]}
COMMAND: GET /session/b94376503e01bf473405a525b5bc89ad/element/f.19E536F94174C8B9DE1C34297281D471.d.8A41684DADC3E021AC9E8D9E7E13BEFD.e.7850/attribute/aria-checked - {}
COMMAND: GET /session/b94376503e01bf473405a525b5bc89ad/screenshot - {}
RESULT: {}
COMMAND: POST /session/b94376503e01bf473405a525b5bc89ad/element - {"using":"xpath","value":"//table[contains(@id, \"listView-innerSelectionPanelTable-listUl\")]/tbody/tr[4]/td[2]/div/div"}
RESULT: {}
RESULT: {"using":"xpath","value":"//table[contains(@id, \"listView-innerSelectionPanelTable-listUl\")]/tbody/tr[4]/td[2]/div/div"}
COMMAND: POST /session/b94376503e01bf473405a525b5bc89ad/element - {"using":"xpath","value":"//table[contains(@id, \"listView-innerSelectionPanelTable-listUl\")]/tbody/tr[4]/td[2]/div"}
RESULT: {"using":"xpath","value":"//table[contains(@id, \"listView-innerSelectionPanelTable-listUl\")]/tbody/tr[4]/td[2]/div"}
COMMAND: POST /session/b94376503e01bf473405a525b5bc89ad/element - {"using":"xpath","value":"//table[contains(@id, \"listView-innerSelectionPanelTable-listUl\")]/tbody/tr[4]/td[3]/div/div/span/span[1]/bdi"}
RESULT: {"using":"xpath","value":"//table[contains(@id, \"listView-innerSelectionPanelTable-listUl\")]/tbody/tr[4]/td[3]/div/div/span/span[1]/bdi"}
COMMAND: POST /session/b94376503e01bf473405a525b5bc89ad/execute/sync - {"script":"<script> [56 bytes]","args":[{"element-6066-11e4-a52e-4f735466cecf":"f.19E536F94174C8B9DE1C34297281D471.d.8A41684DADC3E021AC9E8D9E7E13BEFD.e.7854","ELEMENT":"f.19E536F94174C8B9DE1C34297281D471.d.8A41684DADC3E021AC9E8D9E7E13BEFD.e.7854"}]}
RESULT: {"script":"<script> [56 bytes]","args":[{"element-6066-11e4-a52e-4f735466cecf":"f.19E536F94174C8B9DE1C34297281D471.d.8A41684DADC3E021AC9E8D9E7E13BEFD.e.7854","ELEMENT":"f.19E536F94174C8B9DE1C34297281D471.d.8A41684DADC3E021AC9E8D9E7E13BEFD.e.7854"}]}
COMMAND: GET /session/b94376503e01bf473405a525b5bc89ad/element/f.19E536F94174C8B9DE1C34297281D471.d.8A41684DADC3E021AC9E8D9E7E13BEFD.e.7853/attribute/aria-checked - {}
COMMAND: GET /session/b94376503e01bf473405a525b5bc89ad/screenshot - {}
RESULT: {}
RESULT: {}
COMMAND: POST /session/b94376503e01bf473405a525b5bc89ad/element - {"using":"xpath","value":"//table[contains(@id, \"listView-innerSelectionPanelTable-listUl\")]/tbody/tr[5]/td[2]/div/div"}
RESULT: {"using":"xpath","value":"//table[contains(@id, \"listView-innerSelectionPanelTable-listUl\")]/tbody/tr[5]/td[2]/div/div"}
COMMAND: POST /session/b94376503e01bf473405a525b5bc89ad/element - {"using":"xpath","value":"//table[contains(@id, \"listView-innerSelectionPanelTable-listUl\")]/tbody/tr[5]/td[2]/div"}
RESULT: {"using":"xpath","value":"//table[contains(@id, \"listView-innerSelectionPanelTable-listUl\")]/tbody/tr[5]/td[2]/div"}
COMMAND: POST /session/b94376503e01bf473405a525b5bc89ad/element - {"using":"xpath","value":"//table[contains(@id, \"listView-innerSelectionPanelTable-listUl\")]/tbody/tr[5]/td[3]/div/div/span/span[1]/bdi"}
RESULT: {"using":"xpath","value":"//table[contains(@id, \"listView-innerSelectionPanelTable-listUl\")]/tbody/tr[5]/td[3]/div/div/span/span[1]/bdi"}
COMMAND: POST /session/b94376503e01bf473405a525b5bc89ad/execute/sync - {"script":"<script> [56 bytes]","args":[{"element-6066-11e4-a52e-4f735466cecf":"f.19E536F94174C8B9DE1C34297281D471.d.8A41684DADC3E021AC9E8D9E7E13BEFD.e.7857","ELEMENT":"f.19E536F94174C8B9DE1C34297281D471.d.8A41684DADC3E021AC9E8D9E7E13BEFD.e.7857"}]}
RESULT: {"script":"<script> [56 bytes]","args":[{"element-6066-11e4-a52e-4f735466cecf":"f.19E536F94174C8B9DE1C34297281D471.d.8A41684DADC3E021AC9E8D9E7E13BEFD.e.7857","ELEMENT":"f.19E536F94174C8B9DE1C34297281D471.d.8A41684DADC3E021AC9E8D9E7E13BEFD.e.7857"}]}
COMMAND: GET /session/b94376503e01bf473405a525b5bc89ad/element/f.19E536F94174C8B9DE1C34297281D471.d.8A41684DADC3E021AC9E8D9E7E13BEFD.e.7856/attribute/aria-checked - {}
COMMAND: GET /session/b94376503e01bf473405a525b5bc89ad/screenshot - {}
RESULT: {}
COMMAND: POST /session/b94376503e01bf473405a525b5bc89ad/element - {"using":"xpath","value":"//table[contains(@id, \"listView-innerSelectionPanelTable-listUl\")]/tbody/tr[6]/td[2]/div/div"}
RESULT: {}
RESULT: {"using":"xpath","value":"//table[contains(@id, \"listView-innerSelectionPanelTable-listUl\")]/tbody/tr[6]/td[2]/div/div"}
COMMAND: POST /session/b94376503e01bf473405a525b5bc89ad/element - {"using":"xpath","value":"//table[contains(@id, \"listView-innerSelectionPanelTable-listUl\")]/tbody/tr[6]/td[2]/div"}
RESULT: {"using":"xpath","value":"//table[contains(@id, \"listView-innerSelectionPanelTable-listUl\")]/tbody/tr[6]/td[2]/div"}
COMMAND: POST /session/b94376503e01bf473405a525b5bc89ad/element - {"using":"xpath","value":"//table[contains(@id, \"listView-innerSelectionPanelTable-listUl\")]/tbody/tr[6]/td[3]/div/div/span/span[1]/bdi"}
RESULT: {"using":"xpath","value":"//table[contains(@id, \"listView-innerSelectionPanelTable-listUl\")]/tbody/tr[6]/td[3]/div/div/span/span[1]/bdi"}
COMMAND: POST /session/b94376503e01bf473405a525b5bc89ad/execute/sync - {"script":"<script> [56 bytes]","args":[{"element-6066-11e4-a52e-4f735466cecf":"f.19E536F94174C8B9DE1C34297281D471.d.8A41684DADC3E021AC9E8D9E7E13BEFD.e.7860","ELEMENT":"f.19E536F94174C8B9DE1C34297281D471.d.8A41684DADC3E021AC9E8D9E7E13BEFD.e.7860"}]}
RESULT: {"script":"<script> [56 bytes]","args":[{"element-6066-11e4-a52e-4f735466cecf":"f.19E536F94174C8B9DE1C34297281D471.d.8A41684DADC3E021AC9E8D9E7E13BEFD.e.7860","ELEMENT":"f.19E536F94174C8B9DE1C34297281D471.d.8A41684DADC3E021AC9E8D9E7E13BEFD.e.7860"}]}
COMMAND: GET /session/b94376503e01bf473405a525b5bc89ad/element/f.19E536F94174C8B9DE1C34297281D471.d.8A41684DADC3E021AC9E8D9E7E13BEFD.e.7859/attribute/aria-checked - {}
COMMAND: GET /session/b94376503e01bf473405a525b5bc89ad/screenshot - {}
RESULT: {}
COMMAND: POST /session/b94376503e01bf473405a525b5bc89ad/element - {"using":"xpath","value":"//table[contains(@id, \"listView-innerSelectionPanelTable-listUl\")]/tbody/tr[7]/td[2]/div/div"}
RESULT: {}
RESULT: {"using":"xpath","value":"//table[contains(@id, \"listView-innerSelectionPanelTable-listUl\")]/tbody/tr[7]/td[2]/div/div"}
COMMAND: POST /session/b94376503e01bf473405a525b5bc89ad/element - {"using":"xpath","value":"//table[contains(@id, \"listView-innerSelectionPanelTable-listUl\")]/tbody/tr[7]/td[2]/div"}
RESULT: {"using":"xpath","value":"//table[contains(@id, \"listView-innerSelectionPanelTable-listUl\")]/tbody/tr[7]/td[2]/div"}
COMMAND: POST /session/b94376503e01bf473405a525b5bc89ad/element - {"using":"xpath","value":"//table[contains(@id, \"listView-innerSelectionPanelTable-listUl\")]/tbody/tr[7]/td[3]/div/div/span/span[1]/bdi"}
RESULT: {"using":"xpath","value":"//table[contains(@id, \"listView-innerSelectionPanelTable-listUl\")]/tbody/tr[7]/td[3]/div/div/span/span[1]/bdi"}
COMMAND: POST /session/b94376503e01bf473405a525b5bc89ad/execute/sync - {"script":"<script> [56 bytes]","args":[{"element-6066-11e4-a52e-4f735466cecf":"f.19E536F94174C8B9DE1C34297281D471.d.8A41684DADC3E021AC9E8D9E7E13BEFD.e.7863","ELEMENT":"f.19E536F94174C8B9DE1C34297281D471.d.8A41684DADC3E021AC9E8D9E7E13BEFD.e.7863"}]}
RESULT: {"script":"<script> [56 bytes]","args":[{"element-6066-11e4-a52e-4f735466cecf":"f.19E536F94174C8B9DE1C34297281D471.d.8A41684DADC3E021AC9E8D9E7E13BEFD.e.7863","ELEMENT":"f.19E536F94174C8B9DE1C34297281D471.d.8A41684DADC3E021AC9E8D9E7E13BEFD.e.7863"}]}
COMMAND: GET /session/b94376503e01bf473405a525b5bc89ad/element/f.19E536F94174C8B9DE1C34297281D471.d.8A41684DADC3E021AC9E8D9E7E13BEFD.e.7862/attribute/aria-checked - {}
COMMAND: GET /session/b94376503e01bf473405a525b5bc89ad/screenshot - {}
RESULT: {}
COMMAND: POST /session/b94376503e01bf473405a525b5bc89ad/element - {"using":"xpath","value":"//table[contains(@id, \"listView-innerSelectionPanelTable-listUl\")]/tbody/tr[8]/td[2]/div/div"}
RESULT: {}
RESULT: {"using":"xpath","value":"//table[contains(@id, \"listView-innerSelectionPanelTable-listUl\")]/tbody/tr[8]/td[2]/div/div"}
COMMAND: POST /session/b94376503e01bf473405a525b5bc89ad/element - {"using":"xpath","value":"//table[contains(@id, \"listView-innerSelectionPanelTable-listUl\")]/tbody/tr[8]/td[2]/div"}
RESULT: {"using":"xpath","value":"//table[contains(@id, \"listView-innerSelectionPanelTable-listUl\")]/tbody/tr[8]/td[2]/div"}
COMMAND: POST /session/b94376503e01bf473405a525b5bc89ad/element - {"using":"xpath","value":"//table[contains(@id, \"listView-innerSelectionPanelTable-listUl\")]/tbody/tr[8]/td[3]/div/div/span/span[1]/bdi"}
RESULT: {"using":"xpath","value":"//table[contains(@id, \"listView-innerSelectionPanelTable-listUl\")]/tbody/tr[8]/td[3]/div/div/span/span[1]/bdi"}
COMMAND: POST /session/b94376503e01bf473405a525b5bc89ad/execute/sync - {"script":"<script> [56 bytes]","args":[{"element-6066-11e4-a52e-4f735466cecf":"f.19E536F94174C8B9DE1C34297281D471.d.8A41684DADC3E021AC9E8D9E7E13BEFD.e.7866","ELEMENT":"f.19E536F94174C8B9DE1C34297281D471.d.8A41684DADC3E021AC9E8D9E7E13BEFD.e.7866"}]}
RESULT: {"script":"<script> [56 bytes]","args":[{"element-6066-11e4-a52e-4f735466cecf":"f.19E536F94174C8B9DE1C34297281D471.d.8A41684DADC3E021AC9E8D9E7E13BEFD.e.7866","ELEMENT":"f.19E536F94174C8B9DE1C34297281D471.d.8A41684DADC3E021AC9E8D9E7E13BEFD.e.7866"}]}
COMMAND: GET /session/b94376503e01bf473405a525b5bc89ad/element/f.19E536F94174C8B9DE1C34297281D471.d.8A41684DADC3E021AC9E8D9E7E13BEFD.e.7865/attribute/aria-checked - {}
RESULT: {}
COMMAND: POST /session/b94376503e01bf473405a525b5bc89ad/element - {"using":"xpath","value":"//table[contains(@id, \"listView-innerSelectionPanelTable-listUl\")]/tbody/tr[9]/td[2]/div/div"}
RESULT: {"using":"xpath","value":"//table[contains(@id, \"listView-innerSelectionPanelTable-listUl\")]/tbody/tr[9]/td[2]/div/div"}
COMMAND: POST /session/b94376503e01bf473405a525b5bc89ad/element - {"using":"xpath","value":"//table[contains(@id, \"listView-innerSelectionPanelTable-listUl\")]/tbody/tr[9]/td[2]/div"}
RESULT: {"using":"xpath","value":"//table[contains(@id, \"listView-innerSelectionPanelTable-listUl\")]/tbody/tr[9]/td[2]/div"}
COMMAND: POST /session/b94376503e01bf473405a525b5bc89ad/element - {"using":"xpath","value":"//table[contains(@id, \"listView-innerSelectionPanelTable-listUl\")]/tbody/tr[9]/td[3]/div/div/span/span[1]/bdi"}
COMMAND: GET /session/b94376503e01bf473405a525b5bc89ad/screenshot - {}
RESULT: {"using":"xpath","value":"//table[contains(@id, \"listView-innerSelectionPanelTable-listUl\")]/tbody/tr[9]/td[3]/div/div/span/span[1]/bdi"}
COMMAND: POST /session/b94376503e01bf473405a525b5bc89ad/execute/sync - {"script":"<script> [56 bytes]","args":[{"element-6066-11e4-a52e-4f735466cecf":"f.19E536F94174C8B9DE1C34297281D471.d.8A41684DADC3E021AC9E8D9E7E13BEFD.e.7869","ELEMENT":"f.19E536F94174C8B9DE1C34297281D471.d.8A41684DADC3E021AC9E8D9E7E13BEFD.e.7869"}]}
RESULT: {}
RESULT: {"script":"<script> [56 bytes]","args":[{"element-6066-11e4-a52e-4f735466cecf":"f.19E536F94174C8B9DE1C34297281D471.d.8A41684DADC3E021AC9E8D9E7E13BEFD.e.7869","ELEMENT":"f.19E536F94174C8B9DE1C34297281D471.d.8A41684DADC3E021AC9E8D9E7E13BEFD.e.7869"}]}
COMMAND: GET /session/b94376503e01bf473405a525b5bc89ad/element/f.19E536F94174C8B9DE1C34297281D471.d.8A41684DADC3E021AC9E8D9E7E13BEFD.e.7868/attribute/aria-checked - {}
COMMAND: GET /session/b94376503e01bf473405a525b5bc89ad/screenshot - {}
RESULT: {}
COMMAND: POST /session/b94376503e01bf473405a525b5bc89ad/element - {"using":"xpath","value":"//table[contains(@id, \"listView-innerSelectionPanelTable-listUl\")]/tbody/tr[10]/td[2]/div/div"}
RESULT: {}
RESULT: {"using":"xpath","value":"//table[contains(@id, \"listView-innerSelectionPanelTable-listUl\")]/tbody/tr[10]/td[2]/div/div"}
COMMAND: POST /session/b94376503e01bf473405a525b5bc89ad/element - {"using":"xpath","value":"//table[contains(@id, \"listView-innerSelectionPanelTable-listUl\")]/tbody/tr[10]/td[2]/div"}
RESULT: {"using":"xpath","value":"//table[contains(@id, \"listView-innerSelectionPanelTable-listUl\")]/tbody/tr[10]/td[2]/div"}
COMMAND: POST /session/b94376503e01bf473405a525b5bc89ad/element - {"using":"xpath","value":"//table[contains(@id, \"listView-innerSelectionPanelTable-listUl\")]/tbody/tr[10]/td[3]/div/div/span/span[1]/bdi"}
RESULT: {"using":"xpath","value":"//table[contains(@id, \"listView-innerSelectionPanelTable-listUl\")]/tbody/tr[10]/td[3]/div/div/span/span[1]/bdi"}
COMMAND: POST /session/b94376503e01bf473405a525b5bc89ad/execute/sync - {"script":"<script> [56 bytes]","args":[{"element-6066-11e4-a52e-4f735466cecf":"f.19E536F94174C8B9DE1C34297281D471.d.8A41684DADC3E021AC9E8D9E7E13BEFD.e.7872","ELEMENT":"f.19E536F94174C8B9DE1C34297281D471.d.8A41684DADC3E021AC9E8D9E7E13BEFD.e.7872"}]}
RESULT: {"script":"<script> [56 bytes]","args":[{"element-6066-11e4-a52e-4f735466cecf":"f.19E536F94174C8B9DE1C34297281D471.d.8A41684DADC3E021AC9E8D9E7E13BEFD.e.7872","ELEMENT":"f.19E536F94174C8B9DE1C34297281D471.d.8A41684DADC3E021AC9E8D9E7E13BEFD.e.7872"}]}
COMMAND: GET /session/b94376503e01bf473405a525b5bc89ad/element/f.19E536F94174C8B9DE1C34297281D471.d.8A41684DADC3E021AC9E8D9E7E13BEFD.e.7871/attribute/aria-checked - {}
COMMAND: GET /session/b94376503e01bf473405a525b5bc89ad/screenshot - {}
RESULT: {}
COMMAND: POST /session/b94376503e01bf473405a525b5bc89ad/element - {"using":"xpath","value":"//table[contains(@id, \"listView-innerSelectionPanelTable-listUl\")]/tbody/tr[11]/td[2]/div/div"}
RESULT: {}
RESULT: {"using":"xpath","value":"//table[contains(@id, \"listView-innerSelectionPanelTable-listUl\")]/tbody/tr[11]/td[2]/div/div"}
COMMAND: POST /session/b94376503e01bf473405a525b5bc89ad/element - {"using":"xpath","value":"//table[contains(@id, \"listView-innerSelectionPanelTable-listUl\")]/tbody/tr[11]/td[2]/div"}
RESULT: {"using":"xpath","value":"//table[contains(@id, \"listView-innerSelectionPanelTable-listUl\")]/tbody/tr[11]/td[2]/div"}
COMMAND: POST /session/b94376503e01bf473405a525b5bc89ad/element - {"using":"xpath","value":"//table[contains(@id, \"listView-innerSelectionPanelTable-listUl\")]/tbody/tr[11]/td[3]/div/div/span/span[1]/bdi"}
RESULT: {"using":"xpath","value":"//table[contains(@id, \"listView-innerSelectionPanelTable-listUl\")]/tbody/tr[11]/td[3]/div/div/span/span[1]/bdi"}
COMMAND: POST /session/b94376503e01bf473405a525b5bc89ad/execute/sync - {"script":"<script> [56 bytes]","args":[{"element-6066-11e4-a52e-4f735466cecf":"f.19E536F94174C8B9DE1C34297281D471.d.8A41684DADC3E021AC9E8D9E7E13BEFD.e.7875","ELEMENT":"f.19E536F94174C8B9DE1C34297281D471.d.8A41684DADC3E021AC9E8D9E7E13BEFD.e.7875"}]}
RESULT: {"script":"<script> [56 bytes]","args":[{"element-6066-11e4-a52e-4f735466cecf":"f.19E536F94174C8B9DE1C34297281D471.d.8A41684DADC3E021AC9E8D9E7E13BEFD.e.7875","ELEMENT":"f.19E536F94174C8B9DE1C34297281D471.d.8A41684DADC3E021AC9E8D9E7E13BEFD.e.7875"}]}
COMMAND: GET /session/b94376503e01bf473405a525b5bc89ad/element/f.19E536F94174C8B9DE1C34297281D471.d.8A41684DADC3E021AC9E8D9E7E13BEFD.e.7874/attribute/aria-checked - {}
COMMAND: GET /session/b94376503e01bf473405a525b5bc89ad/screenshot - {}
RESULT: {}
COMMAND: POST /session/b94376503e01bf473405a525b5bc89ad/element - {"using":"xpath","value":"//table[contains(@id, \"listView-innerSelectionPanelTable-listUl\")]/tbody/tr[12]/td[2]/div/div"}
RESULT: {}
RESULT: {"using":"xpath","value":"//table[contains(@id, \"listView-innerSelectionPanelTable-listUl\")]/tbody/tr[12]/td[2]/div/div"}
COMMAND: POST /session/b94376503e01bf473405a525b5bc89ad/element - {"using":"xpath","value":"//table[contains(@id, \"listView-innerSelectionPanelTable-listUl\")]/tbody/tr[12]/td[2]/div"}
RESULT: {"using":"xpath","value":"//table[contains(@id, \"listView-innerSelectionPanelTable-listUl\")]/tbody/tr[12]/td[2]/div"}
COMMAND: POST /session/b94376503e01bf473405a525b5bc89ad/element - {"using":"xpath","value":"//table[contains(@id, \"listView-innerSelectionPanelTable-listUl\")]/tbody/tr[12]/td[3]/div/div/span/span[1]/bdi"}
RESULT: {"using":"xpath","value":"//table[contains(@id, \"listView-innerSelectionPanelTable-listUl\")]/tbody/tr[12]/td[3]/div/div/span/span[1]/bdi"}
COMMAND: POST /session/b94376503e01bf473405a525b5bc89ad/execute/sync - {"script":"<script> [56 bytes]","args":[{"element-6066-11e4-a52e-4f735466cecf":"f.19E536F94174C8B9DE1C34297281D471.d.8A41684DADC3E021AC9E8D9E7E13BEFD.e.7878","ELEMENT":"f.19E536F94174C8B9DE1C34297281D471.d.8A41684DADC3E021AC9E8D9E7E13BEFD.e.7878"}]}
RESULT: {"script":"<script> [56 bytes]","args":[{"element-6066-11e4-a52e-4f735466cecf":"f.19E536F94174C8B9DE1C34297281D471.d.8A41684DADC3E021AC9E8D9E7E13BEFD.e.7878","ELEMENT":"f.19E536F94174C8B9DE1C34297281D471.d.8A41684DADC3E021AC9E8D9E7E13BEFD.e.7878"}]}
COMMAND: GET /session/b94376503e01bf473405a525b5bc89ad/element/f.19E536F94174C8B9DE1C34297281D471.d.8A41684DADC3E021AC9E8D9E7E13BEFD.e.7877/attribute/aria-checked - {}
COMMAND: GET /session/b94376503e01bf473405a525b5bc89ad/screenshot - {}
RESULT: {}
COMMAND: POST /session/b94376503e01bf473405a525b5bc89ad/element - {"using":"xpath","value":"//table[contains(@id, \"listView-innerSelectionPanelTable-listUl\")]/tbody/tr[13]/td[2]/div/div"}
RESULT: {}
RESULT: {"using":"xpath","value":"//table[contains(@id, \"listView-innerSelectionPanelTable-listUl\")]/tbody/tr[13]/td[2]/div/div"}
COMMAND: POST /session/b94376503e01bf473405a525b5bc89ad/element - {"using":"xpath","value":"//table[contains(@id, \"listView-innerSelectionPanelTable-listUl\")]/tbody/tr[13]/td[2]/div"}
RESULT: {"using":"xpath","value":"//table[contains(@id, \"listView-innerSelectionPanelTable-listUl\")]/tbody/tr[13]/td[2]/div"}
COMMAND: POST /session/b94376503e01bf473405a525b5bc89ad/element - {"using":"xpath","value":"//table[contains(@id, \"listView-innerSelectionPanelTable-listUl\")]/tbody/tr[13]/td[3]/div/div/span/span[1]/bdi"}
RESULT: {"using":"xpath","value":"//table[contains(@id, \"listView-innerSelectionPanelTable-listUl\")]/tbody/tr[13]/td[3]/div/div/span/span[1]/bdi"}
COMMAND: POST /session/b94376503e01bf473405a525b5bc89ad/execute/sync - {"script":"<script> [56 bytes]","args":[{"element-6066-11e4-a52e-4f735466cecf":"f.19E536F94174C8B9DE1C34297281D471.d.8A41684DADC3E021AC9E8D9E7E13BEFD.e.7881","ELEMENT":"f.19E536F94174C8B9DE1C34297281D471.d.8A41684DADC3E021AC9E8D9E7E13BEFD.e.7881"}]}
RESULT: {"script":"<script> [56 bytes]","args":[{"element-6066-11e4-a52e-4f735466cecf":"f.19E536F94174C8B9DE1C34297281D471.d.8A41684DADC3E021AC9E8D9E7E13BEFD.e.7881","ELEMENT":"f.19E536F94174C8B9DE1C34297281D471.d.8A41684DADC3E021AC9E8D9E7E13BEFD.e.7881"}]}
COMMAND: GET /session/b94376503e01bf473405a525b5bc89ad/element/f.19E536F94174C8B9DE1C34297281D471.d.8A41684DADC3E021AC9E8D9E7E13BEFD.e.7880/attribute/aria-checked - {}
COMMAND: GET /session/b94376503e01bf473405a525b5bc89ad/screenshot - {}
RESULT: {}
COMMAND: POST /session/b94376503e01bf473405a525b5bc89ad/element - {"using":"xpath","value":"//table[contains(@id, \"listView-innerSelectionPanelTable-listUl\")]/tbody/tr[14]/td[2]/div/div"}
RESULT: {}
RESULT: {"using":"xpath","value":"//table[contains(@id, \"listView-innerSelectionPanelTable-listUl\")]/tbody/tr[14]/td[2]/div/div"}
COMMAND: POST /session/b94376503e01bf473405a525b5bc89ad/element - {"using":"xpath","value":"//table[contains(@id, \"listView-innerSelectionPanelTable-listUl\")]/tbody/tr[14]/td[2]/div"}
RESULT: {"using":"xpath","value":"//table[contains(@id, \"listView-innerSelectionPanelTable-listUl\")]/tbody/tr[14]/td[2]/div"}
COMMAND: POST /session/b94376503e01bf473405a525b5bc89ad/element - {"using":"xpath","value":"//table[contains(@id, \"listView-innerSelectionPanelTable-listUl\")]/tbody/tr[14]/td[3]/div/div/span/span[1]/bdi"}
RESULT: {"using":"xpath","value":"//table[contains(@id, \"listView-innerSelectionPanelTable-listUl\")]/tbody/tr[14]/td[3]/div/div/span/span[1]/bdi"}
COMMAND: POST /session/b94376503e01bf473405a525b5bc89ad/execute/sync - {"script":"<script> [56 bytes]","args":[{"element-6066-11e4-a52e-4f735466cecf":"f.19E536F94174C8B9DE1C34297281D471.d.8A41684DADC3E021AC9E8D9E7E13BEFD.e.7884","ELEMENT":"f.19E536F94174C8B9DE1C34297281D471.d.8A41684DADC3E021AC9E8D9E7E13BEFD.e.7884"}]}
RESULT: {"script":"<script> [56 bytes]","args":[{"element-6066-11e4-a52e-4f735466cecf":"f.19E536F94174C8B9DE1C34297281D471.d.8A41684DADC3E021AC9E8D9E7E13BEFD.e.7884","ELEMENT":"f.19E536F94174C8B9DE1C34297281D471.d.8A41684DADC3E021AC9E8D9E7E13BEFD.e.7884"}]}
COMMAND: GET /session/b94376503e01bf473405a525b5bc89ad/element/f.19E536F94174C8B9DE1C34297281D471.d.8A41684DADC3E021AC9E8D9E7E13BEFD.e.7883/attribute/aria-checked - {}
COMMAND: GET /session/b94376503e01bf473405a525b5bc89ad/screenshot - {}
RESULT: {}
COMMAND: POST /session/b94376503e01bf473405a525b5bc89ad/element - {"using":"xpath","value":"//table[contains(@id, \"listView-innerSelectionPanelTable-listUl\")]/tbody/tr[15]/td[2]/div/div"}
RESULT: {}
RESULT: {"using":"xpath","value":"//table[contains(@id, \"listView-innerSelectionPanelTable-listUl\")]/tbody/tr[15]/td[2]/div/div"}
COMMAND: POST /session/b94376503e01bf473405a525b5bc89ad/element - {"using":"xpath","value":"//table[contains(@id, \"listView-innerSelectionPanelTable-listUl\")]/tbody/tr[15]/td[2]/div"}
RESULT: {"using":"xpath","value":"//table[contains(@id, \"listView-innerSelectionPanelTable-listUl\")]/tbody/tr[15]/td[2]/div"}
COMMAND: POST /session/b94376503e01bf473405a525b5bc89ad/element - {"using":"xpath","value":"//table[contains(@id, \"listView-innerSelectionPanelTable-listUl\")]/tbody/tr[15]/td[3]/div/div/span/span[1]/bdi"}
RESULT: {"using":"xpath","value":"//table[contains(@id, \"listView-innerSelectionPanelTable-listUl\")]/tbody/tr[15]/td[3]/div/div/span/span[1]/bdi"}
COMMAND: POST /session/b94376503e01bf473405a525b5bc89ad/execute/sync - {"script":"<script> [56 bytes]","args":[{"element-6066-11e4-a52e-4f735466cecf":"f.19E536F94174C8B9DE1C34297281D471.d.8A41684DADC3E021AC9E8D9E7E13BEFD.e.7887","ELEMENT":"f.19E536F94174C8B9DE1C34297281D471.d.8A41684DADC3E021AC9E8D9E7E13BEFD.e.7887"}]}
RESULT: {"script":"<script> [56 bytes]","args":[{"element-6066-11e4-a52e-4f735466cecf":"f.19E536F94174C8B9DE1C34297281D471.d.8A41684DADC3E021AC9E8D9E7E13BEFD.e.7887","ELEMENT":"f.19E536F94174C8B9DE1C34297281D471.d.8A41684DADC3E021AC9E8D9E7E13BEFD.e.7887"}]}
COMMAND: GET /session/b94376503e01bf473405a525b5bc89ad/element/f.19E536F94174C8B9DE1C34297281D471.d.8A41684DADC3E021AC9E8D9E7E13BEFD.e.7886/attribute/aria-checked - {}
COMMAND: GET /session/b94376503e01bf473405a525b5bc89ad/screenshot - {}
RESULT: {}
COMMAND: POST /session/b94376503e01bf473405a525b5bc89ad/element - {"using":"xpath","value":"//table[contains(@id, \"listView-innerSelectionPanelTable-listUl\")]/tbody/tr[16]/td[2]/div/div"}
RESULT: {}
RESULT: {"using":"xpath","value":"//table[contains(@id, \"listView-innerSelectionPanelTable-listUl\")]/tbody/tr[16]/td[2]/div/div"}
COMMAND: POST /session/b94376503e01bf473405a525b5bc89ad/element - {"using":"xpath","value":"//table[contains(@id, \"listView-innerSelectionPanelTable-listUl\")]/tbody/tr[16]/td[2]/div"}
RESULT: {"using":"xpath","value":"//table[contains(@id, \"listView-innerSelectionPanelTable-listUl\")]/tbody/tr[16]/td[2]/div"}
COMMAND: POST /session/b94376503e01bf473405a525b5bc89ad/element - {"using":"xpath","value":"//table[contains(@id, \"listView-innerSelectionPanelTable-listUl\")]/tbody/tr[16]/td[3]/div/div/span/span[1]/bdi"}
RESULT: {"using":"xpath","value":"//table[contains(@id, \"listView-innerSelectionPanelTable-listUl\")]/tbody/tr[16]/td[3]/div/div/span/span[1]/bdi"}
COMMAND: POST /session/b94376503e01bf473405a525b5bc89ad/execute/sync - {"script":"<script> [56 bytes]","args":[{"element-6066-11e4-a52e-4f735466cecf":"f.19E536F94174C8B9DE1C34297281D471.d.8A41684DADC3E021AC9E8D9E7E13BEFD.e.7890","ELEMENT":"f.19E536F94174C8B9DE1C34297281D471.d.8A41684DADC3E021AC9E8D9E7E13BEFD.e.7890"}]}
RESULT: {"script":"<script> [56 bytes]","args":[{"element-6066-11e4-a52e-4f735466cecf":"f.19E536F94174C8B9DE1C34297281D471.d.8A41684DADC3E021AC9E8D9E7E13BEFD.e.7890","ELEMENT":"f.19E536F94174C8B9DE1C34297281D471.d.8A41684DADC3E021AC9E8D9E7E13BEFD.e.7890"}]}
COMMAND: GET /session/b94376503e01bf473405a525b5bc89ad/element/f.19E536F94174C8B9DE1C34297281D471.d.8A41684DADC3E021AC9E8D9E7E13BEFD.e.7889/attribute/aria-checked - {}
COMMAND: GET /session/b94376503e01bf473405a525b5bc89ad/screenshot - {}
RESULT: {}
COMMAND: POST /session/b94376503e01bf473405a525b5bc89ad/element - {"using":"xpath","value":"//table[contains(@id, \"listView-innerSelectionPanelTable-listUl\")]/tbody/tr[17]/td[2]/div/div"}
RESULT: {}
RESULT: {"using":"xpath","value":"//table[contains(@id, \"listView-innerSelectionPanelTable-listUl\")]/tbody/tr[17]/td[2]/div/div"}
COMMAND: POST /session/b94376503e01bf473405a525b5bc89ad/element - {"using":"xpath","value":"//table[contains(@id, \"listView-innerSelectionPanelTable-listUl\")]/tbody/tr[17]/td[2]/div"}
RESULT: {"using":"xpath","value":"//table[contains(@id, \"listView-innerSelectionPanelTable-listUl\")]/tbody/tr[17]/td[2]/div"}
COMMAND: POST /session/b94376503e01bf473405a525b5bc89ad/element - {"using":"xpath","value":"//table[contains(@id, \"listView-innerSelectionPanelTable-listUl\")]/tbody/tr[17]/td[3]/div/div/span/span[1]/bdi"}
RESULT: {"using":"xpath","value":"//table[contains(@id, \"listView-innerSelectionPanelTable-listUl\")]/tbody/tr[17]/td[3]/div/div/span/span[1]/bdi"}
COMMAND: POST /session/b94376503e01bf473405a525b5bc89ad/execute/sync - {"script":"<script> [56 bytes]","args":[{"element-6066-11e4-a52e-4f735466cecf":"f.19E536F94174C8B9DE1C34297281D471.d.8A41684DADC3E021AC9E8D9E7E13BEFD.e.7893","ELEMENT":"f.19E536F94174C8B9DE1C34297281D471.d.8A41684DADC3E021AC9E8D9E7E13BEFD.e.7893"}]}
RESULT: {"script":"<script> [56 bytes]","args":[{"element-6066-11e4-a52e-4f735466cecf":"f.19E536F94174C8B9DE1C34297281D471.d.8A41684DADC3E021AC9E8D9E7E13BEFD.e.7893","ELEMENT":"f.19E536F94174C8B9DE1C34297281D471.d.8A41684DADC3E021AC9E8D9E7E13BEFD.e.7893"}]}
COMMAND: GET /session/b94376503e01bf473405a525b5bc89ad/element/f.19E536F94174C8B9DE1C34297281D471.d.8A41684DADC3E021AC9E8D9E7E13BEFD.e.7892/attribute/aria-checked - {}
COMMAND: GET /session/b94376503e01bf473405a525b5bc89ad/screenshot - {}
RESULT: {}
COMMAND: POST /session/b94376503e01bf473405a525b5bc89ad/element - {"using":"xpath","value":"//table[contains(@id, \"listView-innerSelectionPanelTable-listUl\")]/tbody/tr[18]/td[2]/div/div"}
RESULT: {}
RESULT: {"using":"xpath","value":"//table[contains(@id, \"listView-innerSelectionPanelTable-listUl\")]/tbody/tr[18]/td[2]/div/div"}
COMMAND: POST /session/b94376503e01bf473405a525b5bc89ad/element - {"using":"xpath","value":"//table[contains(@id, \"listView-innerSelectionPanelTable-listUl\")]/tbody/tr[18]/td[2]/div"}
RESULT: {"using":"xpath","value":"//table[contains(@id, \"listView-innerSelectionPanelTable-listUl\")]/tbody/tr[18]/td[2]/div"}
COMMAND: POST /session/b94376503e01bf473405a525b5bc89ad/element - {"using":"xpath","value":"//table[contains(@id, \"listView-innerSelectionPanelTable-listUl\")]/tbody/tr[18]/td[3]/div/div/span/span[1]/bdi"}
RESULT: {"using":"xpath","value":"//table[contains(@id, \"listView-innerSelectionPanelTable-listUl\")]/tbody/tr[18]/td[3]/div/div/span/span[1]/bdi"}
COMMAND: POST /session/b94376503e01bf473405a525b5bc89ad/execute/sync - {"script":"<script> [56 bytes]","args":[{"element-6066-11e4-a52e-4f735466cecf":"f.19E536F94174C8B9DE1C34297281D471.d.8A41684DADC3E021AC9E8D9E7E13BEFD.e.7896","ELEMENT":"f.19E536F94174C8B9DE1C34297281D471.d.8A41684DADC3E021AC9E8D9E7E13BEFD.e.7896"}]}
RESULT: {"script":"<script> [56 bytes]","args":[{"element-6066-11e4-a52e-4f735466cecf":"f.19E536F94174C8B9DE1C34297281D471.d.8A41684DADC3E021AC9E8D9E7E13BEFD.e.7896","ELEMENT":"f.19E536F94174C8B9DE1C34297281D471.d.8A41684DADC3E021AC9E8D9E7E13BEFD.e.7896"}]}
COMMAND: GET /session/b94376503e01bf473405a525b5bc89ad/element/f.19E536F94174C8B9DE1C34297281D471.d.8A41684DADC3E021AC9E8D9E7E13BEFD.e.7895/attribute/aria-checked - {}
COMMAND: GET /session/b94376503e01bf473405a525b5bc89ad/screenshot - {}
RESULT: {}
COMMAND: POST /session/b94376503e01bf473405a525b5bc89ad/element - {"using":"xpath","value":"//table[contains(@id, \"listView-innerSelectionPanelTable-listUl\")]/tbody/tr[19]/td[2]/div/div"}
RESULT: {}
RESULT: {"using":"xpath","value":"//table[contains(@id, \"listView-innerSelectionPanelTable-listUl\")]/tbody/tr[19]/td[2]/div/div"}
COMMAND: POST /session/b94376503e01bf473405a525b5bc89ad/element - {"using":"xpath","value":"//table[contains(@id, \"listView-innerSelectionPanelTable-listUl\")]/tbody/tr[19]/td[2]/div"}
RESULT: {"using":"xpath","value":"//table[contains(@id, \"listView-innerSelectionPanelTable-listUl\")]/tbody/tr[19]/td[2]/div"}
COMMAND: POST /session/b94376503e01bf473405a525b5bc89ad/element - {"using":"xpath","value":"//table[contains(@id, \"listView-innerSelectionPanelTable-listUl\")]/tbody/tr[19]/td[3]/div/div/span/span[1]/bdi"}
RESULT: {"using":"xpath","value":"//table[contains(@id, \"listView-innerSelectionPanelTable-listUl\")]/tbody/tr[19]/td[3]/div/div/span/span[1]/bdi"}
COMMAND: POST /session/b94376503e01bf473405a525b5bc89ad/execute/sync - {"script":"<script> [56 bytes]","args":[{"element-6066-11e4-a52e-4f735466cecf":"f.19E536F94174C8B9DE1C34297281D471.d.8A41684DADC3E021AC9E8D9E7E13BEFD.e.7899","ELEMENT":"f.19E536F94174C8B9DE1C34297281D471.d.8A41684DADC3E021AC9E8D9E7E13BEFD.e.7899"}]}
RESULT: {"script":"<script> [56 bytes]","args":[{"element-6066-11e4-a52e-4f735466cecf":"f.19E536F94174C8B9DE1C34297281D471.d.8A41684DADC3E021AC9E8D9E7E13BEFD.e.7899","ELEMENT":"f.19E536F94174C8B9DE1C34297281D471.d.8A41684DADC3E021AC9E8D9E7E13BEFD.e.7899"}]}
COMMAND: GET /session/b94376503e01bf473405a525b5bc89ad/element/f.19E536F94174C8B9DE1C34297281D471.d.8A41684DADC3E021AC9E8D9E7E13BEFD.e.7898/attribute/aria-checked - {}
COMMAND: GET /session/b94376503e01bf473405a525b5bc89ad/screenshot - {}
RESULT: {}
COMMAND: POST /session/b94376503e01bf473405a525b5bc89ad/element - {"using":"xpath","value":"//table[contains(@id, \"listView-innerSelectionPanelTable-listUl\")]/tbody/tr[20]/td[2]/div/div"}
RESULT: {}
RESULT: {"using":"xpath","value":"//table[contains(@id, \"listView-innerSelectionPanelTable-listUl\")]/tbody/tr[20]/td[2]/div/div"}
COMMAND: POST /session/b94376503e01bf473405a525b5bc89ad/element - {"using":"xpath","value":"//table[contains(@id, \"listView-innerSelectionPanelTable-listUl\")]/tbody/tr[20]/td[2]/div"}
RESULT: {"using":"xpath","value":"//table[contains(@id, \"listView-innerSelectionPanelTable-listUl\")]/tbody/tr[20]/td[2]/div"}
COMMAND: POST /session/b94376503e01bf473405a525b5bc89ad/element - {"using":"xpath","value":"//table[contains(@id, \"listView-innerSelectionPanelTable-listUl\")]/tbody/tr[20]/td[3]/div/div/span/span[1]/bdi"}
RESULT: {"using":"xpath","value":"//table[contains(@id, \"listView-innerSelectionPanelTable-listUl\")]/tbody/tr[20]/td[3]/div/div/span/span[1]/bdi"}
COMMAND: POST /session/b94376503e01bf473405a525b5bc89ad/execute/sync - {"script":"<script> [56 bytes]","args":[{"element-6066-11e4-a52e-4f735466cecf":"f.19E536F94174C8B9DE1C34297281D471.d.8A41684DADC3E021AC9E8D9E7E13BEFD.e.7902","ELEMENT":"f.19E536F94174C8B9DE1C34297281D471.d.8A41684DADC3E021AC9E8D9E7E13BEFD.e.7902"}]}
RESULT: {"script":"<script> [56 bytes]","args":[{"element-6066-11e4-a52e-4f735466cecf":"f.19E536F94174C8B9DE1C34297281D471.d.8A41684DADC3E021AC9E8D9E7E13BEFD.e.7902","ELEMENT":"f.19E536F94174C8B9DE1C34297281D471.d.8A41684DADC3E021AC9E8D9E7E13BEFD.e.7902"}]}
COMMAND: GET /session/b94376503e01bf473405a525b5bc89ad/element/f.19E536F94174C8B9DE1C34297281D471.d.8A41684DADC3E021AC9E8D9E7E13BEFD.e.7901/attribute/aria-checked - {}
COMMAND: GET /session/b94376503e01bf473405a525b5bc89ad/screenshot - {}
RESULT: {}
COMMAND: POST /session/b94376503e01bf473405a525b5bc89ad/element - {"using":"xpath","value":"//table[contains(@id, \"listView-innerSelectionPanelTable-listUl\")]/tbody/tr[21]/td[2]/div/div"}
COMMAND: POST /session/b94376503e01bf473405a525b5bc89ad/element/f.19E536F94174C8B9DE1C34297281D471.d.8A41684DADC3E021AC9E8D9E7E13BEFD.e.7900/click - {}
RESULT: {}
RESULT: {"using":"xpath","value":"//table[contains(@id, \"listView-innerSelectionPanelTable-listUl\")]/tbody/tr[21]/td[2]/div/div"}
COMMAND: POST /session/b94376503e01bf473405a525b5bc89ad/element - {"using":"xpath","value":"//table[contains(@id, \"listView-innerSelectionPanelTable-listUl\")]/tbody/tr[21]/td[2]/div"}
RESULT: {}
COMMAND: GET /session/b94376503e01bf473405a525b5bc89ad/screenshot - {}
RESULT: {"using":"xpath","value":"//table[contains(@id, \"listView-innerSelectionPanelTable-listUl\")]/tbody/tr[21]/td[2]/div"}
COMMAND: POST /session/b94376503e01bf473405a525b5bc89ad/element - {"using":"xpath","value":"//table[contains(@id, \"listView-innerSelectionPanelTable-listUl\")]/tbody/tr[21]/td[3]/div/div/span/span[1]/bdi"}
RESULT: {}
RESULT: {"using":"xpath","value":"//table[contains(@id, \"listView-innerSelectionPanelTable-listUl\")]/tbody/tr[21]/td[3]/div/div/span/span[1]/bdi"}
COMMAND: POST /session/b94376503e01bf473405a525b5bc89ad/execute/sync - {"script":"<script> [56 bytes]","args":[{"element-6066-11e4-a52e-4f735466cecf":"f.19E536F94174C8B9DE1C34297281D471.d.8A41684DADC3E021AC9E8D9E7E13BEFD.e.7908","ELEMENT":"f.19E536F94174C8B9DE1C34297281D471.d.8A41684DADC3E021AC9E8D9E7E13BEFD.e.7908"}]}
RESULT: {"script":"<script> [56 bytes]","args":[{"element-6066-11e4-a52e-4f735466cecf":"f.19E536F94174C8B9DE1C34297281D471.d.8A41684DADC3E021AC9E8D9E7E13BEFD.e.7908","ELEMENT":"f.19E536F94174C8B9DE1C34297281D471.d.8A41684DADC3E021AC9E8D9E7E13BEFD.e.7908"}]}
COMMAND: GET /session/b94376503e01bf473405a525b5bc89ad/element/f.19E536F94174C8B9DE1C34297281D471.d.8A41684DADC3E021AC9E8D9E7E13BEFD.e.7907/attribute/aria-checked - {}
COMMAND: GET /session/b94376503e01bf473405a525b5bc89ad/screenshot - {}
RESULT: {}
COMMAND: POST /session/b94376503e01bf473405a525b5bc89ad/element - {"using":"xpath","value":"//table[contains(@id, \"listView-innerSelectionPanelTable-listUl\")]/tbody/tr[22]/td[2]/div/div"}
COMMAND: POST /session/b94376503e01bf473405a525b5bc89ad/element/f.19E536F94174C8B9DE1C34297281D471.d.8A41684DADC3E021AC9E8D9E7E13BEFD.e.7903/click - {}
RESULT: {}
RESULT: {"using":"xpath","value":"//table[contains(@id, \"listView-innerSelectionPanelTable-listUl\")]/tbody/tr[22]/td[2]/div/div"}
COMMAND: POST /session/b94376503e01bf473405a525b5bc89ad/element - {"using":"xpath","value":"//table[contains(@id, \"listView-innerSelectionPanelTable-listUl\")]/tbody/tr[22]/td[2]/div"}
RESULT: {}
COMMAND: GET /session/b94376503e01bf473405a525b5bc89ad/screenshot - {}
RESULT: {"using":"xpath","value":"//table[contains(@id, \"listView-innerSelectionPanelTable-listUl\")]/tbody/tr[22]/td[2]/div"}
COMMAND: POST /session/b94376503e01bf473405a525b5bc89ad/element - {"using":"xpath","value":"//table[contains(@id, \"listView-innerSelectionPanelTable-listUl\")]/tbody/tr[22]/td[3]/div/div/span/span[1]/bdi"}
RESULT: {}
RESULT: {"using":"xpath","value":"//table[contains(@id, \"listView-innerSelectionPanelTable-listUl\")]/tbody/tr[22]/td[3]/div/div/span/span[1]/bdi"}
COMMAND: POST /session/b94376503e01bf473405a525b5bc89ad/execute/sync - {"script":"<script> [56 bytes]","args":[{"element-6066-11e4-a52e-4f735466cecf":"f.19E536F94174C8B9DE1C34297281D471.d.8A41684DADC3E021AC9E8D9E7E13BEFD.e.7912","ELEMENT":"f.19E536F94174C8B9DE1C34297281D471.d.8A41684DADC3E021AC9E8D9E7E13BEFD.e.7912"}]}
RESULT: {"script":"<script> [56 bytes]","args":[{"element-6066-11e4-a52e-4f735466cecf":"f.19E536F94174C8B9DE1C34297281D471.d.8A41684DADC3E021AC9E8D9E7E13BEFD.e.7912","ELEMENT":"f.19E536F94174C8B9DE1C34297281D471.d.8A41684DADC3E021AC9E8D9E7E13BEFD.e.7912"}]}
COMMAND: GET /session/b94376503e01bf473405a525b5bc89ad/element/f.19E536F94174C8B9DE1C34297281D471.d.8A41684DADC3E021AC9E8D9E7E13BEFD.e.7911/attribute/aria-checked - {}
COMMAND: GET /session/b94376503e01bf473405a525b5bc89ad/screenshot - {}
RESULT: {}
COMMAND: POST /session/b94376503e01bf473405a525b5bc89ad/element - {"using":"xpath","value":"//table[contains(@id, \"listView-innerSelectionPanelTable-listUl\")]/tbody/tr[23]/td[2]/div/div"}
RESULT: {}
RESULT: {"using":"xpath","value":"//table[contains(@id, \"listView-innerSelectionPanelTable-listUl\")]/tbody/tr[23]/td[2]/div/div"}
COMMAND: POST /session/b94376503e01bf473405a525b5bc89ad/element - {"using":"xpath","value":"//table[contains(@id, \"listView-innerSelectionPanelTable-listUl\")]/tbody/tr[23]/td[2]/div"}
RESULT: {"using":"xpath","value":"//table[contains(@id, \"listView-innerSelectionPanelTable-listUl\")]/tbody/tr[23]/td[2]/div"}
COMMAND: POST /session/b94376503e01bf473405a525b5bc89ad/element - {"using":"xpath","value":"//table[contains(@id, \"listView-innerSelectionPanelTable-listUl\")]/tbody/tr[23]/td[3]/div/div/span/span[1]/bdi"}
RESULT: {"using":"xpath","value":"//table[contains(@id, \"listView-innerSelectionPanelTable-listUl\")]/tbody/tr[23]/td[3]/div/div/span/span[1]/bdi"}
COMMAND: POST /session/b94376503e01bf473405a525b5bc89ad/execute/sync - {"script":"<script> [56 bytes]","args":[{"element-6066-11e4-a52e-4f735466cecf":"f.19E536F94174C8B9DE1C34297281D471.d.8A41684DADC3E021AC9E8D9E7E13BEFD.e.7915","ELEMENT":"f.19E536F94174C8B9DE1C34297281D471.d.8A41684DADC3E021AC9E8D9E7E13BEFD.e.7915"}]}
RESULT: {"script":"<script> [56 bytes]","args":[{"element-6066-11e4-a52e-4f735466cecf":"f.19E536F94174C8B9DE1C34297281D471.d.8A41684DADC3E021AC9E8D9E7E13BEFD.e.7915","ELEMENT":"f.19E536F94174C8B9DE1C34297281D471.d.8A41684DADC3E021AC9E8D9E7E13BEFD.e.7915"}]}
COMMAND: GET /session/b94376503e01bf473405a525b5bc89ad/element/f.19E536F94174C8B9DE1C34297281D471.d.8A41684DADC3E021AC9E8D9E7E13BEFD.e.7914/attribute/aria-checked - {}
COMMAND: GET /session/b94376503e01bf473405a525b5bc89ad/screenshot - {}
RESULT: {}
COMMAND: POST /session/b94376503e01bf473405a525b5bc89ad/element - {"using":"xpath","value":"//table[contains(@id, \"listView-innerSelectionPanelTable-listUl\")]/tbody/tr[24]/td[2]/div/div"}
RESULT: {}
RESULT: {"using":"xpath","value":"//table[contains(@id, \"listView-innerSelectionPanelTable-listUl\")]/tbody/tr[24]/td[2]/div/div"}
COMMAND: POST /session/b94376503e01bf473405a525b5bc89ad/element - {"using":"xpath","value":"//table[contains(@id, \"listView-innerSelectionPanelTable-listUl\")]/tbody/tr[24]/td[2]/div"}
RESULT: {"using":"xpath","value":"//table[contains(@id, \"listView-innerSelectionPanelTable-listUl\")]/tbody/tr[24]/td[2]/div"}
COMMAND: POST /session/b94376503e01bf473405a525b5bc89ad/element - {"using":"xpath","value":"//table[contains(@id, \"listView-innerSelectionPanelTable-listUl\")]/tbody/tr[24]/td[3]/div/div/span/span[1]/bdi"}
RESULT: {"using":"xpath","value":"//table[contains(@id, \"listView-innerSelectionPanelTable-listUl\")]/tbody/tr[24]/td[3]/div/div/span/span[1]/bdi"}
COMMAND: POST /session/b94376503e01bf473405a525b5bc89ad/execute/sync - {"script":"<script> [56 bytes]","args":[{"element-6066-11e4-a52e-4f735466cecf":"f.19E536F94174C8B9DE1C34297281D471.d.8A41684DADC3E021AC9E8D9E7E13BEFD.e.7918","ELEMENT":"f.19E536F94174C8B9DE1C34297281D471.d.8A41684DADC3E021AC9E8D9E7E13BEFD.e.7918"}]}
RESULT: {"script":"<script> [56 bytes]","args":[{"element-6066-11e4-a52e-4f735466cecf":"f.19E536F94174C8B9DE1C34297281D471.d.8A41684DADC3E021AC9E8D9E7E13BEFD.e.7918","ELEMENT":"f.19E536F94174C8B9DE1C34297281D471.d.8A41684DADC3E021AC9E8D9E7E13BEFD.e.7918"}]}
COMMAND: GET /session/b94376503e01bf473405a525b5bc89ad/element/f.19E536F94174C8B9DE1C34297281D471.d.8A41684DADC3E021AC9E8D9E7E13BEFD.e.7917/attribute/aria-checked - {}
COMMAND: GET /session/b94376503e01bf473405a525b5bc89ad/screenshot - {}
RESULT: {}
COMMAND: POST /session/b94376503e01bf473405a525b5bc89ad/element - {"using":"xpath","value":"//table[contains(@id, \"listView-innerSelectionPanelTable-listUl\")]/tbody/tr[25]/td[2]/div/div"}
RESULT: {}
RESULT: {"using":"xpath","value":"//table[contains(@id, \"listView-innerSelectionPanelTable-listUl\")]/tbody/tr[25]/td[2]/div/div"}
COMMAND: POST /session/b94376503e01bf473405a525b5bc89ad/element - {"using":"xpath","value":"//table[contains(@id, \"listView-innerSelectionPanelTable-listUl\")]/tbody/tr[25]/td[2]/div"}
RESULT: {"using":"xpath","value":"//table[contains(@id, \"listView-innerSelectionPanelTable-listUl\")]/tbody/tr[25]/td[2]/div"}
COMMAND: POST /session/b94376503e01bf473405a525b5bc89ad/element - {"using":"xpath","value":"//table[contains(@id, \"listView-innerSelectionPanelTable-listUl\")]/tbody/tr[25]/td[3]/div/div/span/span[1]/bdi"}
RESULT: {"using":"xpath","value":"//table[contains(@id, \"listView-innerSelectionPanelTable-listUl\")]/tbody/tr[25]/td[3]/div/div/span/span[1]/bdi"}
COMMAND: POST /session/b94376503e01bf473405a525b5bc89ad/execute/sync - {"script":"<script> [56 bytes]","args":[{"element-6066-11e4-a52e-4f735466cecf":"f.19E536F94174C8B9DE1C34297281D471.d.8A41684DADC3E021AC9E8D9E7E13BEFD.e.7921","ELEMENT":"f.19E536F94174C8B9DE1C34297281D471.d.8A41684DADC3E021AC9E8D9E7E13BEFD.e.7921"}]}
RESULT: {"script":"<script> [56 bytes]","args":[{"element-6066-11e4-a52e-4f735466cecf":"f.19E536F94174C8B9DE1C34297281D471.d.8A41684DADC3E021AC9E8D9E7E13BEFD.e.7921","ELEMENT":"f.19E536F94174C8B9DE1C34297281D471.d.8A41684DADC3E021AC9E8D9E7E13BEFD.e.7921"}]}
COMMAND: GET /session/b94376503e01bf473405a525b5bc89ad/element/f.19E536F94174C8B9DE1C34297281D471.d.8A41684DADC3E021AC9E8D9E7E13BEFD.e.7920/attribute/aria-checked - {}
COMMAND: GET /session/b94376503e01bf473405a525b5bc89ad/screenshot - {}
RESULT: {}
COMMAND: POST /session/b94376503e01bf473405a525b5bc89ad/element - {"using":"xpath","value":"//bdi[contains(text(), \"OK\")]"}
RESULT: {}
RESULT: {"using":"xpath","value":"//bdi[contains(text(), \"OK\")]"}
COMMAND: POST /session/b94376503e01bf473405a525b5bc89ad/element/f.19E536F94174C8B9DE1C34297281D471.d.8A41684DADC3E021AC9E8D9E7E13BEFD.e.7922/click - {}
RESULT: {}
COMMAND: GET /session/b94376503e01bf473405a525b5bc89ad/screenshot - {}
RESULT: {}
COMMAND: POST /session/b94376503e01bf473405a525b5bc89ad/execute/async - {"script":"<script> [1562 bytes]","args":[{"selector":{"id":"application-managepartners-display-component---masterPtm--smartFilterBar-filterItemControlA_-LINK_TO_ADDRESSES_MAIN.ID-vhi"},"wdio_ui5_key":"applicationmanagepartners-display-component---masterPtm--smartFilterBar-filterItemControlA_-LINK_TO_ADDRESSES_MAIN.ID-vhi"}]}
RESULT: {"script":"<script> [1562 bytes]","args":[{"selector":{"id":"application-managepartners-display-component---masterPtm--smartFilterBar-filterItemControlA_-LINK_TO_ADDRESSES_MAIN.ID-vhi"},"wdio_ui5_key":"applicationmanagepartners-display-component---masterPtm--smartFilterBar-filterItemControlA_-LINK_TO_ADDRESSES_MAIN.ID-vhi"}]}
RESULT: undefined
COMMAND: POST /session/b94376503e01bf473405a525b5bc89ad/element - {"using":"xpath","value":"//*[@id=\"application-managepartners-display-component---masterPtm--smartFilterBar-filterItemControlA_-LINK_TO_ADDRESSES_MAIN.ID-vhi\"]"}
RESULT: {"using":"xpath","value":"//*[@id=\"application-managepartners-display-component---masterPtm--smartFilterBar-filterItemControlA_-LINK_TO_ADDRESSES_MAIN.ID-vhi\"]"}
COMMAND: POST /session/b94376503e01bf473405a525b5bc89ad/element/f.19E536F94174C8B9DE1C34297281D471.d.8A41684DADC3E021AC9E8D9E7E13BEFD.e.7935/click - {}
RESULT: {}
COMMAND: GET /session/b94376503e01bf473405a525b5bc89ad/screenshot - {}
RESULT: {}
COMMAND: POST /session/b94376503e01bf473405a525b5bc89ad/execute/async - {"script":"<script> [1562 bytes]","args":[{"selector":{"controlType":"sap.ui.core.Icon","viewName":"etm.portal.ui.managepartners.view.Master","viewId":"application-managepartners-display-component---masterPtm","properties":{"src":{"regex":{"source":"slim\\-arrow\\-down"}}},"searchOpenDialogs":true},"wdio_ui5_key":"etmportal.ui.managepartners.view.Mastersap.ui.core.Icon{\"src\":{\"regex\":{\"source\":\"slim\\\\-arrow\\\\-down\"}}}"}]}
RESULT: {"script":"<script> [1562 bytes]","args":[{"selector":{"controlType":"sap.ui.core.Icon","viewName":"etm.portal.ui.managepartners.view.Master","viewId":"application-managepartners-display-component---masterPtm","properties":{"src":{"regex":{"source":"slim\\-arrow\\-down"}}},"searchOpenDialogs":true},"wdio_ui5_key":"etmportal.ui.managepartners.view.Mastersap.ui.core.Icon{\"src\":{\"regex\":{\"source\":\"slim\\\\-arrow\\\\-down\"}}}"}]}
RESULT: undefined
COMMAND: POST /session/b94376503e01bf473405a525b5bc89ad/element - {"using":"xpath","value":"//*[@id=\"__box77-arrow\"]"}
RESULT: {"using":"xpath","value":"//*[@id=\"__box77-arrow\"]"}
COMMAND: POST /session/b94376503e01bf473405a525b5bc89ad/element/f.19E536F94174C8B9DE1C34297281D471.d.8A41684DADC3E021AC9E8D9E7E13BEFD.e.7940/click - {}
RESULT: {}
COMMAND: GET /session/b94376503e01bf473405a525b5bc89ad/screenshot - {}
RESULT: {}
COMMAND: POST /session/b94376503e01bf473405a525b5bc89ad/element - {"using":"xpath","value":"//li[.//span[text()='equal to']]"}
RESULT: {"using":"xpath","value":"//li[.//span[text()='equal to']]"}
COMMAND: POST /session/b94376503e01bf473405a525b5bc89ad/element/f.19E536F94174C8B9DE1C34297281D471.d.8A41684DADC3E021AC9E8D9E7E13BEFD.e.7941/click - {}
RESULT: {}
COMMAND: GET /session/b94376503e01bf473405a525b5bc89ad/screenshot - {}
RESULT: {}
RESULT: undefined
COMMAND: POST /session/b94376503e01bf473405a525b5bc89ad/execute/async - {"script":"<script> [776 bytes]","args":[{"enterText":"1006","selector":{"controlType":"sap.m.Input","viewName":"etm.portal.ui.managepartners.view.Master","viewId":"application-managepartners-display-component---masterPtm","properties":{"valueState":"None"},"searchOpenDialogs":true,"interaction":{"idSuffix":"inner"}},"clearTextFirst":true,"interactionType":"ENTER_TEXT"}]}
RESULT: {"script":"<script> [776 bytes]","args":[{"enterText":"1006","selector":{"controlType":"sap.m.Input","viewName":"etm.portal.ui.managepartners.view.Master","viewId":"application-managepartners-display-component---masterPtm","properties":{"valueState":"None"},"searchOpenDialogs":true,"interaction":{"idSuffix":"inner"}},"clearTextFirst":true,"interactionType":"ENTER_TEXT"}]}
COMMAND: POST /session/b94376503e01bf473405a525b5bc89ad/actions - {"actions":[{"id":"action22","type":"key","parameters":{},"actions":[{"type":"keyDown","value":"î€‡"},{"type":"pause","duration":10},{"type":"keyUp","value":"î€‡"}]}]}
RESULT: {"actions":[{"id":"action22","type":"key","parameters":{},"actions":[{"type":"keyDown","value":"î€‡"},{"type":"pause","duration":10},{"type":"keyUp","value":"î€‡"}]}]}
COMMAND: GET /session/b94376503e01bf473405a525b5bc89ad/screenshot - {}
RESULT: {}
COMMAND: POST /session/b94376503e01bf473405a525b5bc89ad/element - {"using":"xpath","value":"(//bdi[contains(text(), \"OK\")])[1]"}
RESULT: {"using":"xpath","value":"(//bdi[contains(text(), \"OK\")])[1]"}
COMMAND: POST /session/b94376503e01bf473405a525b5bc89ad/element/f.19E536F94174C8B9DE1C34297281D471.d.8A41684DADC3E021AC9E8D9E7E13BEFD.e.7942/click - {}
RESULT: {}
COMMAND: GET /session/b94376503e01bf473405a525b5bc89ad/screenshot - {}
COMMAND: POST /session/b94376503e01bf473405a525b5bc89ad/element - {"using":"xpath","value":"//span[@id=\"application-managepartners-display-component---masterPtm--smartTable-header-inner\"]"}
RESULT: {}
RESULT: {"using":"xpath","value":"//span[@id=\"application-managepartners-display-component---masterPtm--smartTable-header-inner\"]"}
COMMAND: POST /session/b94376503e01bf473405a525b5bc89ad/elements - {"using":"xpath","value":"//span[@id=\"application-managepartners-display-component---masterPtm--smartTable-header-inner\"]"}
RESULT: {"using":"xpath","value":"//span[@id=\"application-managepartners-display-component---masterPtm--smartTable-header-inner\"]"}
COMMAND: POST /session/b94376503e01bf473405a525b5bc89ad/execute/sync - {"script":"<script> [56 bytes]","args":[{"element-6066-11e4-a52e-4f735466cecf":"f.19E536F94174C8B9DE1C34297281D471.d.8A41684DADC3E021AC9E8D9E7E13BEFD.e.7780","ELEMENT":"f.19E536F94174C8B9DE1C34297281D471.d.8A41684DADC3E021AC9E8D9E7E13BEFD.e.7780"}]}
RESULT: {"script":"<script> [56 bytes]","args":[{"element-6066-11e4-a52e-4f735466cecf":"f.19E536F94174C8B9DE1C34297281D471.d.8A41684DADC3E021AC9E8D9E7E13BEFD.e.7780","ELEMENT":"f.19E536F94174C8B9DE1C34297281D471.d.8A41684DADC3E021AC9E8D9E7E13BEFD.e.7780"}]}
COMMAND: POST /session/b94376503e01bf473405a525b5bc89ad/element - {"using":"xpath","value":"//span[contains(@title, \"Remove\")]"}
COMMAND: GET /session/b94376503e01bf473405a525b5bc89ad/screenshot - {}
RESULT: {"using":"xpath","value":"//span[contains(@title, \"Remove\")]"}
COMMAND: POST /session/b94376503e01bf473405a525b5bc89ad/element/f.19E536F94174C8B9DE1C34297281D471.d.8A41684DADC3E021AC9E8D9E7E13BEFD.e.7952/click - {}
RESULT: {}
RESULT: {}
COMMAND: GET /session/b94376503e01bf473405a525b5bc89ad/screenshot - {}
RESULT: {}
RESULT: undefined
COMMAND: POST /session/b94376503e01bf473405a525b5bc89ad/element - {"using":"xpath","value":"//*[@id=\"application-managepartners-display-component---masterPtm--smartFilterBar-filterItemControl_BASIC-YARD-vhi\"]"}
RESULT: {"using":"xpath","value":"//*[@id=\"application-managepartners-display-component---masterPtm--smartFilterBar-filterItemControl_BASIC-YARD-vhi\"]"}
COMMAND: POST /session/b94376503e01bf473405a525b5bc89ad/element/f.19E536F94174C8B9DE1C34297281D471.d.8A41684DADC3E021AC9E8D9E7E13BEFD.e.8056/click - {}
RESULT: {}
COMMAND: GET /session/b94376503e01bf473405a525b5bc89ad/screenshot - {}
RESULT: {}
RESULT: undefined
COMMAND: POST /session/b94376503e01bf473405a525b5bc89ad/execute/async - {"script":"<script> [776 bytes]","args":[{"enterText":"Test","selector":{"id":"application-managepartners-display-component---masterPtm--smartFilterBar-filterItemControl_BASIC-YARD-valueHelpDialog-smartFilterBar-btnBasicSearch","searchOpenDialogs":true,"interaction":{"idSuffix":"I"}},"clearTextFirst":true,"interactionType":"ENTER_TEXT"}]}
RESULT: {"script":"<script> [776 bytes]","args":[{"enterText":"Test","selector":{"id":"application-managepartners-display-component---masterPtm--smartFilterBar-filterItemControl_BASIC-YARD-valueHelpDialog-smartFilterBar-btnBasicSearch","searchOpenDialogs":true,"interaction":{"idSuffix":"I"}},"clearTextFirst":true,"interactionType":"ENTER_TEXT"}]}
COMMAND: POST /session/b94376503e01bf473405a525b5bc89ad/actions - {"actions":[{"id":"action23","type":"key","parameters":{},"actions":[{"type":"keyDown","value":"î€‡"},{"type":"pause","duration":10},{"type":"keyUp","value":"î€‡"}]}]}
RESULT: {"actions":[{"id":"action23","type":"key","parameters":{},"actions":[{"type":"keyDown","value":"î€‡"},{"type":"pause","duration":10},{"type":"keyUp","value":"î€‡"}]}]}
COMMAND: POST /session/b94376503e01bf473405a525b5bc89ad/elements - {"using":"xpath","value":"//table[contains(@id, \"smartFilterBar-filterItemControl_BASIC-YARD-valueHelpDialog-table-table\")]/tbody/tr"}
COMMAND: GET /session/b94376503e01bf473405a525b5bc89ad/screenshot - {}
RESULT: {"using":"xpath","value":"//table[contains(@id, \"smartFilterBar-filterItemControl_BASIC-YARD-valueHelpDialog-table-table\")]/tbody/tr"}
COMMAND: POST /session/b94376503e01bf473405a525b5bc89ad/element - {"using":"xpath","value":"//table[contains(@id, \"smartFilterBar-filterItemControl_BASIC-YARD-valueHelpDialog-table-table\")]/tbody/tr[1]/td[1]/div/span"}
RESULT: {}
RESULT: {"using":"xpath","value":"//table[contains(@id, \"smartFilterBar-filterItemControl_BASIC-YARD-valueHelpDialog-table-table\")]/tbody/tr[1]/td[1]/div/span"}
COMMAND: POST /session/b94376503e01bf473405a525b5bc89ad/elements - {"using":"xpath","value":"//table[contains(@id, \"smartFilterBar-filterItemControl_BASIC-YARD-valueHelpDialog-table-table\")]/tbody/tr[1]/td[1]/div/span"}
RESULT: {"using":"xpath","value":"//table[contains(@id, \"smartFilterBar-filterItemControl_BASIC-YARD-valueHelpDialog-table-table\")]/tbody/tr[1]/td[1]/div/span"}
COMMAND: POST /session/b94376503e01bf473405a525b5bc89ad/execute/sync - {"script":"<script> [56 bytes]","args":[{"element-6066-11e4-a52e-4f735466cecf":"f.19E536F94174C8B9DE1C34297281D471.d.8A41684DADC3E021AC9E8D9E7E13BEFD.e.8076","ELEMENT":"f.19E536F94174C8B9DE1C34297281D471.d.8A41684DADC3E021AC9E8D9E7E13BEFD.e.8076"}]}
RESULT: {"script":"<script> [56 bytes]","args":[{"element-6066-11e4-a52e-4f735466cecf":"f.19E536F94174C8B9DE1C34297281D471.d.8A41684DADC3E021AC9E8D9E7E13BEFD.e.8076","ELEMENT":"f.19E536F94174C8B9DE1C34297281D471.d.8A41684DADC3E021AC9E8D9E7E13BEFD.e.8076"}]}
COMMAND: POST /session/b94376503e01bf473405a525b5bc89ad/element - {"using":"xpath","value":"//table[contains(@id, \"smartFilterBar-filterItemControl_BASIC-YARD-valueHelpDialog-table-table\")]/tbody/tr[2]/td[1]/div/span"}
COMMAND: GET /session/b94376503e01bf473405a525b5bc89ad/screenshot - {}
RESULT: {"using":"xpath","value":"//table[contains(@id, \"smartFilterBar-filterItemControl_BASIC-YARD-valueHelpDialog-table-table\")]/tbody/tr[2]/td[1]/div/span"}
COMMAND: POST /session/b94376503e01bf473405a525b5bc89ad/elements - {"using":"xpath","value":"//table[contains(@id, \"smartFilterBar-filterItemControl_BASIC-YARD-valueHelpDialog-table-table\")]/tbody/tr[2]/td[1]/div/span"}
RESULT: {}
RESULT: {"using":"xpath","value":"//table[contains(@id, \"smartFilterBar-filterItemControl_BASIC-YARD-valueHelpDialog-table-table\")]/tbody/tr[2]/td[1]/div/span"}
COMMAND: POST /session/b94376503e01bf473405a525b5bc89ad/execute/sync - {"script":"<script> [56 bytes]","args":[{"element-6066-11e4-a52e-4f735466cecf":"f.19E536F94174C8B9DE1C34297281D471.d.8A41684DADC3E021AC9E8D9E7E13BEFD.e.8077","ELEMENT":"f.19E536F94174C8B9DE1C34297281D471.d.8A41684DADC3E021AC9E8D9E7E13BEFD.e.8077"}]}
RESULT: {"script":"<script> [56 bytes]","args":[{"element-6066-11e4-a52e-4f735466cecf":"f.19E536F94174C8B9DE1C34297281D471.d.8A41684DADC3E021AC9E8D9E7E13BEFD.e.8077","ELEMENT":"f.19E536F94174C8B9DE1C34297281D471.d.8A41684DADC3E021AC9E8D9E7E13BEFD.e.8077"}]}
COMMAND: POST /session/b94376503e01bf473405a525b5bc89ad/element - {"using":"xpath","value":"//table[contains(@id, \"smartFilterBar-filterItemControl_BASIC-YARD-valueHelpDialog-table-table\")]/tbody/tr[3]/td[1]/div/span"}
COMMAND: GET /session/b94376503e01bf473405a525b5bc89ad/screenshot - {}
RESULT: {"using":"xpath","value":"//table[contains(@id, \"smartFilterBar-filterItemControl_BASIC-YARD-valueHelpDialog-table-table\")]/tbody/tr[3]/td[1]/div/span"}
COMMAND: POST /session/b94376503e01bf473405a525b5bc89ad/elements - {"using":"xpath","value":"//table[contains(@id, \"smartFilterBar-filterItemControl_BASIC-YARD-valueHelpDialog-table-table\")]/tbody/tr[3]/td[1]/div/span"}
RESULT: {}
RESULT: {"using":"xpath","value":"//table[contains(@id, \"smartFilterBar-filterItemControl_BASIC-YARD-valueHelpDialog-table-table\")]/tbody/tr[3]/td[1]/div/span"}
COMMAND: POST /session/b94376503e01bf473405a525b5bc89ad/execute/sync - {"script":"<script> [56 bytes]","args":[{"element-6066-11e4-a52e-4f735466cecf":"f.19E536F94174C8B9DE1C34297281D471.d.8A41684DADC3E021AC9E8D9E7E13BEFD.e.8078","ELEMENT":"f.19E536F94174C8B9DE1C34297281D471.d.8A41684DADC3E021AC9E8D9E7E13BEFD.e.8078"}]}
RESULT: {"script":"<script> [56 bytes]","args":[{"element-6066-11e4-a52e-4f735466cecf":"f.19E536F94174C8B9DE1C34297281D471.d.8A41684DADC3E021AC9E8D9E7E13BEFD.e.8078","ELEMENT":"f.19E536F94174C8B9DE1C34297281D471.d.8A41684DADC3E021AC9E8D9E7E13BEFD.e.8078"}]}
COMMAND: POST /session/b94376503e01bf473405a525b5bc89ad/element - {"using":"xpath","value":"//div[contains(@id, \"filterItemControl_BASIC-YARD-valueHelpDialog-table-rowsel2\")]"}
COMMAND: GET /session/b94376503e01bf473405a525b5bc89ad/screenshot - {}
RESULT: {"using":"xpath","value":"//div[contains(@id, \"filterItemControl_BASIC-YARD-valueHelpDialog-table-rowsel2\")]"}
COMMAND: POST /session/b94376503e01bf473405a525b5bc89ad/element/f.19E536F94174C8B9DE1C34297281D471.d.8A41684DADC3E021AC9E8D9E7E13BEFD.e.8079/click - {}
RESULT: {}
RESULT: {}
COMMAND: GET /session/b94376503e01bf473405a525b5bc89ad/screenshot - {}
RESULT: {}
COMMAND: POST /session/b94376503e01bf473405a525b5bc89ad/element - {"using":"xpath","value":"(//bdi[contains(text(), \"OK\")])[1]"}
RESULT: {"using":"xpath","value":"(//bdi[contains(text(), \"OK\")])[1]"}
COMMAND: POST /session/b94376503e01bf473405a525b5bc89ad/element/f.19E536F94174C8B9DE1C34297281D471.d.8A41684DADC3E021AC9E8D9E7E13BEFD.e.8081/click - {}
RESULT: {}
COMMAND: GET /session/b94376503e01bf473405a525b5bc89ad/screenshot - {}
RESULT: {}
COMMAND: POST /session/b94376503e01bf473405a525b5bc89ad/element - {"using":"xpath","value":"//span[@id=\"application-managepartners-display-component---masterPtm--smartTable-header-inner\"]"}
RESULT: {"using":"xpath","value":"//span[@id=\"application-managepartners-display-component---masterPtm--smartTable-header-inner\"]"}
COMMAND: POST /session/b94376503e01bf473405a525b5bc89ad/elements - {"using":"xpath","value":"//span[@id=\"application-managepartners-display-component---masterPtm--smartTable-header-inner\"]"}
RESULT: {"using":"xpath","value":"//span[@id=\"application-managepartners-display-component---masterPtm--smartTable-header-inner\"]"}
COMMAND: POST /session/b94376503e01bf473405a525b5bc89ad/execute/sync - {"script":"<script> [56 bytes]","args":[{"element-6066-11e4-a52e-4f735466cecf":"f.19E536F94174C8B9DE1C34297281D471.d.8A41684DADC3E021AC9E8D9E7E13BEFD.e.7780","ELEMENT":"f.19E536F94174C8B9DE1C34297281D471.d.8A41684DADC3E021AC9E8D9E7E13BEFD.e.7780"}]}
RESULT: {"script":"<script> [56 bytes]","args":[{"element-6066-11e4-a52e-4f735466cecf":"f.19E536F94174C8B9DE1C34297281D471.d.8A41684DADC3E021AC9E8D9E7E13BEFD.e.7780","ELEMENT":"f.19E536F94174C8B9DE1C34297281D471.d.8A41684DADC3E021AC9E8D9E7E13BEFD.e.7780"}]}
COMMAND: POST /session/b94376503e01bf473405a525b5bc89ad/element - {"using":"xpath","value":"//span[contains(@title, \"Remove\")]"}
COMMAND: GET /session/b94376503e01bf473405a525b5bc89ad/screenshot - {}
RESULT: {"using":"xpath","value":"//span[contains(@title, \"Remove\")]"}
COMMAND: POST /session/b94376503e01bf473405a525b5bc89ad/element/f.19E536F94174C8B9DE1C34297281D471.d.8A41684DADC3E021AC9E8D9E7E13BEFD.e.8094/click - {}
RESULT: {}
RESULT: {}
COMMAND: GET /session/b94376503e01bf473405a525b5bc89ad/screenshot - {}
RESULT: {}
RESULT: undefined
COMMAND: POST /session/b94376503e01bf473405a525b5bc89ad/element - {"using":"xpath","value":"//*[@id=\"application-managepartners-display-component---masterPtm--smartFilterBar-filterItemControl_BASIC-MAIN_ADDRESS-vhi\"]"}
RESULT: {"using":"xpath","value":"//*[@id=\"application-managepartners-display-component---masterPtm--smartFilterBar-filterItemControl_BASIC-MAIN_ADDRESS-vhi\"]"}
COMMAND: POST /session/b94376503e01bf473405a525b5bc89ad/element/f.19E536F94174C8B9DE1C34297281D471.d.8A41684DADC3E021AC9E8D9E7E13BEFD.e.8201/click - {}
RESULT: {}
COMMAND: GET /session/b94376503e01bf473405a525b5bc89ad/screenshot - {}
RESULT: {}
RESULT: undefined
COMMAND: POST /session/b94376503e01bf473405a525b5bc89ad/execute/async - {"script":"<script> [776 bytes]","args":[{"enterText":"Romania","selector":{"id":"application-managepartners-display-component---masterPtm--smartFilterBar-filterItemControl_BASIC-MAIN_ADDRESS-valueHelpDialog-smartFilterBar-btnBasicSearch","searchOpenDialogs":true,"interaction":{"idSuffix":"I"}},"clearTextFirst":true,"interactionType":"ENTER_TEXT"}]}
RESULT: {"script":"<script> [776 bytes]","args":[{"enterText":"Romania","selector":{"id":"application-managepartners-display-component---masterPtm--smartFilterBar-filterItemControl_BASIC-MAIN_ADDRESS-valueHelpDialog-smartFilterBar-btnBasicSearch","searchOpenDialogs":true,"interaction":{"idSuffix":"I"}},"clearTextFirst":true,"interactionType":"ENTER_TEXT"}]}
COMMAND: POST /session/b94376503e01bf473405a525b5bc89ad/actions - {"actions":[{"id":"action24","type":"key","parameters":{},"actions":[{"type":"keyDown","value":"î€‡"},{"type":"pause","duration":10},{"type":"keyUp","value":"î€‡"}]}]}
RESULT: {"actions":[{"id":"action24","type":"key","parameters":{},"actions":[{"type":"keyDown","value":"î€‡"},{"type":"pause","duration":10},{"type":"keyUp","value":"î€‡"}]}]}
COMMAND: POST /session/b94376503e01bf473405a525b5bc89ad/elements - {"using":"xpath","value":"//table[contains(@id, \"smartFilterBar-filterItemControl_BASIC-MAIN_ADDRESS-valueHelpDialog-table-table\")]/tbody/tr"}
COMMAND: GET /session/b94376503e01bf473405a525b5bc89ad/screenshot - {}
RESULT: {"using":"xpath","value":"//table[contains(@id, \"smartFilterBar-filterItemControl_BASIC-MAIN_ADDRESS-valueHelpDialog-table-table\")]/tbody/tr"}
COMMAND: POST /session/b94376503e01bf473405a525b5bc89ad/element - {"using":"xpath","value":"//table[contains(@id, \"smartFilterBar-filterItemControl_BASIC-MAIN_ADDRESS-valueHelpDialog-table-table\")]/tbody/tr[1]/td[1]/div/span"}
RESULT: {}
RESULT: {"using":"xpath","value":"//table[contains(@id, \"smartFilterBar-filterItemControl_BASIC-MAIN_ADDRESS-valueHelpDialog-table-table\")]/tbody/tr[1]/td[1]/div/span"}
COMMAND: POST /session/b94376503e01bf473405a525b5bc89ad/elements - {"using":"xpath","value":"//table[contains(@id, \"smartFilterBar-filterItemControl_BASIC-MAIN_ADDRESS-valueHelpDialog-table-table\")]/tbody/tr[1]/td[1]/div/span"}
RESULT: {"using":"xpath","value":"//table[contains(@id, \"smartFilterBar-filterItemControl_BASIC-MAIN_ADDRESS-valueHelpDialog-table-table\")]/tbody/tr[1]/td[1]/div/span"}
COMMAND: POST /session/b94376503e01bf473405a525b5bc89ad/execute/sync - {"script":"<script> [56 bytes]","args":[{"element-6066-11e4-a52e-4f735466cecf":"f.19E536F94174C8B9DE1C34297281D471.d.8A41684DADC3E021AC9E8D9E7E13BEFD.e.8220","ELEMENT":"f.19E536F94174C8B9DE1C34297281D471.d.8A41684DADC3E021AC9E8D9E7E13BEFD.e.8220"}]}
RESULT: {"script":"<script> [56 bytes]","args":[{"element-6066-11e4-a52e-4f735466cecf":"f.19E536F94174C8B9DE1C34297281D471.d.8A41684DADC3E021AC9E8D9E7E13BEFD.e.8220","ELEMENT":"f.19E536F94174C8B9DE1C34297281D471.d.8A41684DADC3E021AC9E8D9E7E13BEFD.e.8220"}]}
COMMAND: POST /session/b94376503e01bf473405a525b5bc89ad/element - {"using":"xpath","value":"//div[contains(@id, \"filterItemControl_BASIC-MAIN_ADDRESS-valueHelpDialog-table-rowsel0\")]"}
COMMAND: GET /session/b94376503e01bf473405a525b5bc89ad/screenshot - {}
RESULT: {"using":"xpath","value":"//div[contains(@id, \"filterItemControl_BASIC-MAIN_ADDRESS-valueHelpDialog-table-rowsel0\")]"}
COMMAND: POST /session/b94376503e01bf473405a525b5bc89ad/element/f.19E536F94174C8B9DE1C34297281D471.d.8A41684DADC3E021AC9E8D9E7E13BEFD.e.8221/click - {}
RESULT: {}
RESULT: {}
COMMAND: GET /session/b94376503e01bf473405a525b5bc89ad/screenshot - {}
RESULT: {}
COMMAND: POST /session/b94376503e01bf473405a525b5bc89ad/element - {"using":"xpath","value":"(//bdi[contains(text(), \"OK\")])[1]"}
RESULT: {"using":"xpath","value":"(//bdi[contains(text(), \"OK\")])[1]"}
COMMAND: POST /session/b94376503e01bf473405a525b5bc89ad/element/f.19E536F94174C8B9DE1C34297281D471.d.8A41684DADC3E021AC9E8D9E7E13BEFD.e.8223/click - {}
RESULT: {}
COMMAND: GET /session/b94376503e01bf473405a525b5bc89ad/screenshot - {}
RESULT: {}
COMMAND: POST /session/b94376503e01bf473405a525b5bc89ad/element - {"using":"xpath","value":"//span[@id=\"application-managepartners-display-component---masterPtm--smartTable-header-inner\"]"}
RESULT: {"using":"xpath","value":"//span[@id=\"application-managepartners-display-component---masterPtm--smartTable-header-inner\"]"}
COMMAND: POST /session/b94376503e01bf473405a525b5bc89ad/elements - {"using":"xpath","value":"//span[@id=\"application-managepartners-display-component---masterPtm--smartTable-header-inner\"]"}
RESULT: {"using":"xpath","value":"//span[@id=\"application-managepartners-display-component---masterPtm--smartTable-header-inner\"]"}
COMMAND: POST /session/b94376503e01bf473405a525b5bc89ad/execute/sync - {"script":"<script> [56 bytes]","args":[{"element-6066-11e4-a52e-4f735466cecf":"f.19E536F94174C8B9DE1C34297281D471.d.8A41684DADC3E021AC9E8D9E7E13BEFD.e.7780","ELEMENT":"f.19E536F94174C8B9DE1C34297281D471.d.8A41684DADC3E021AC9E8D9E7E13BEFD.e.7780"}]}
RESULT: {"script":"<script> [56 bytes]","args":[{"element-6066-11e4-a52e-4f735466cecf":"f.19E536F94174C8B9DE1C34297281D471.d.8A41684DADC3E021AC9E8D9E7E13BEFD.e.7780","ELEMENT":"f.19E536F94174C8B9DE1C34297281D471.d.8A41684DADC3E021AC9E8D9E7E13BEFD.e.7780"}]}
COMMAND: POST /session/b94376503e01bf473405a525b5bc89ad/element - {"using":"xpath","value":"//span[contains(@title, \"Remove\")]"}
COMMAND: GET /session/b94376503e01bf473405a525b5bc89ad/screenshot - {}
RESULT: {"using":"xpath","value":"//span[contains(@title, \"Remove\")]"}
COMMAND: POST /session/b94376503e01bf473405a525b5bc89ad/element/f.19E536F94174C8B9DE1C34297281D471.d.8A41684DADC3E021AC9E8D9E7E13BEFD.e.8236/click - {}
RESULT: {}
RESULT: {}
COMMAND: GET /session/b94376503e01bf473405a525b5bc89ad/screenshot - {}
RESULT: {}
COMMAND: POST /session/b94376503e01bf473405a525b5bc89ad/execute/async - {"script":"<script> [1562 bytes]","args":[{"selector":{"id":"application-managepartners-display-component---masterPtm--catalogs-arrow"},"wdio_ui5_key":"applicationmanagepartners-display-component---masterPtm--catalogs-arrow"}]}
RESULT: {"script":"<script> [1562 bytes]","args":[{"selector":{"id":"application-managepartners-display-component---masterPtm--catalogs-arrow"},"wdio_ui5_key":"applicationmanagepartners-display-component---masterPtm--catalogs-arrow"}]}
RESULT: undefined
COMMAND: POST /session/b94376503e01bf473405a525b5bc89ad/element - {"using":"xpath","value":"//*[@id=\"application-managepartners-display-component---masterPtm--catalogs-arrow\"]"}
RESULT: {"using":"xpath","value":"//*[@id=\"application-managepartners-display-component---masterPtm--catalogs-arrow\"]"}
COMMAND: POST /session/b94376503e01bf473405a525b5bc89ad/element/f.19E536F94174C8B9DE1C34297281D471.d.8A41684DADC3E021AC9E8D9E7E13BEFD.e.8338/click - {}
RESULT: {}
COMMAND: GET /session/b94376503e01bf473405a525b5bc89ad/screenshot - {}
RESULT: {}
COMMAND: POST /session/b94376503e01bf473405a525b5bc89ad/element - {"using":"xpath","value":"//li[.//span[text()=\"Webshop Catalog\"]]//div[contains(@class,\"sapMCbBg\")]"}
RESULT: {"using":"xpath","value":"//li[.//span[text()=\"Webshop Catalog\"]]//div[contains(@class,\"sapMCbBg\")]"}
COMMAND: POST /session/b94376503e01bf473405a525b5bc89ad/element/f.19E536F94174C8B9DE1C34297281D471.d.8A41684DADC3E021AC9E8D9E7E13BEFD.e.8352/click - {}
RESULT: {}
COMMAND: GET /session/b94376503e01bf473405a525b5bc89ad/screenshot - {}
RESULT: {}
RESULT: undefined
COMMAND: POST /session/b94376503e01bf473405a525b5bc89ad/element - {"using":"xpath","value":"//*[@id=\"application-managepartners-display-component---masterPtm--catalogs-arrow\"]"}
RESULT: {"using":"xpath","value":"//*[@id=\"application-managepartners-display-component---masterPtm--catalogs-arrow\"]"}
COMMAND: POST /session/b94376503e01bf473405a525b5bc89ad/element/f.19E536F94174C8B9DE1C34297281D471.d.8A41684DADC3E021AC9E8D9E7E13BEFD.e.8338/click - {}
RESULT: {}
COMMAND: POST /session/b94376503e01bf473405a525b5bc89ad/element - {"using":"xpath","value":"//span[@id=\"application-managepartners-display-component---masterPtm--smartTable-header-inner\"]"}
COMMAND: GET /session/b94376503e01bf473405a525b5bc89ad/screenshot - {}
RESULT: {"using":"xpath","value":"//span[@id=\"application-managepartners-display-component---masterPtm--smartTable-header-inner\"]"}
COMMAND: POST /session/b94376503e01bf473405a525b5bc89ad/elements - {"using":"xpath","value":"//span[@id=\"application-managepartners-display-component---masterPtm--smartTable-header-inner\"]"}
RESULT: {}
RESULT: {"using":"xpath","value":"//span[@id=\"application-managepartners-display-component---masterPtm--smartTable-header-inner\"]"}
COMMAND: POST /session/b94376503e01bf473405a525b5bc89ad/execute/sync - {"script":"<script> [56 bytes]","args":[{"element-6066-11e4-a52e-4f735466cecf":"f.19E536F94174C8B9DE1C34297281D471.d.8A41684DADC3E021AC9E8D9E7E13BEFD.e.7780","ELEMENT":"f.19E536F94174C8B9DE1C34297281D471.d.8A41684DADC3E021AC9E8D9E7E13BEFD.e.7780"}]}
RESULT: {"script":"<script> [56 bytes]","args":[{"element-6066-11e4-a52e-4f735466cecf":"f.19E536F94174C8B9DE1C34297281D471.d.8A41684DADC3E021AC9E8D9E7E13BEFD.e.7780","ELEMENT":"f.19E536F94174C8B9DE1C34297281D471.d.8A41684DADC3E021AC9E8D9E7E13BEFD.e.7780"}]}
COMMAND: POST /session/b94376503e01bf473405a525b5bc89ad/element - {"using":"xpath","value":"//span[contains(@title, \"Remove\")]"}
COMMAND: GET /session/b94376503e01bf473405a525b5bc89ad/screenshot - {}
RESULT: {"using":"xpath","value":"//span[contains(@title, \"Remove\")]"}
COMMAND: POST /session/b94376503e01bf473405a525b5bc89ad/element/f.19E536F94174C8B9DE1C34297281D471.d.8A41684DADC3E021AC9E8D9E7E13BEFD.e.8375/click - {}
RESULT: {}
RESULT: {}
COMMAND: GET /session/b94376503e01bf473405a525b5bc89ad/screenshot - {}
RESULT: {}
COMMAND: POST /session/b94376503e01bf473405a525b5bc89ad/execute/async - {"script":"<script> [1562 bytes]","args":[{"selector":{"id":"application-managepartners-display-component---masterPtm--currencies-arrow"},"wdio_ui5_key":"applicationmanagepartners-display-component---masterPtm--currencies-arrow"}]}
RESULT: {"script":"<script> [1562 bytes]","args":[{"selector":{"id":"application-managepartners-display-component---masterPtm--currencies-arrow"},"wdio_ui5_key":"applicationmanagepartners-display-component---masterPtm--currencies-arrow"}]}
RESULT: undefined
COMMAND: POST /session/b94376503e01bf473405a525b5bc89ad/element - {"using":"xpath","value":"//*[@id=\"application-managepartners-display-component---masterPtm--currencies-arrow\"]"}
RESULT: {"using":"xpath","value":"//*[@id=\"application-managepartners-display-component---masterPtm--currencies-arrow\"]"}
COMMAND: POST /session/b94376503e01bf473405a525b5bc89ad/element/f.19E536F94174C8B9DE1C34297281D471.d.8A41684DADC3E021AC9E8D9E7E13BEFD.e.8488/click - {}
RESULT: {}
COMMAND: GET /session/b94376503e01bf473405a525b5bc89ad/screenshot - {}
RESULT: {}
COMMAND: POST /session/b94376503e01bf473405a525b5bc89ad/element - {"using":"xpath","value":"//li[.//span[text()=\"US Dollar\"]]//div[contains(@class,\"sapMCbBg\")]"}
RESULT: {"using":"xpath","value":"//li[.//span[text()=\"US Dollar\"]]//div[contains(@class,\"sapMCbBg\")]"}
COMMAND: POST /session/b94376503e01bf473405a525b5bc89ad/element/f.19E536F94174C8B9DE1C34297281D471.d.8A41684DADC3E021AC9E8D9E7E13BEFD.e.8493/click - {}
RESULT: {}
COMMAND: GET /session/b94376503e01bf473405a525b5bc89ad/screenshot - {}
RESULT: {}
RESULT: undefined
COMMAND: POST /session/b94376503e01bf473405a525b5bc89ad/element - {"using":"xpath","value":"//*[@id=\"application-managepartners-display-component---masterPtm--currencies-arrow\"]"}
RESULT: {"using":"xpath","value":"//*[@id=\"application-managepartners-display-component---masterPtm--currencies-arrow\"]"}
COMMAND: POST /session/b94376503e01bf473405a525b5bc89ad/element/f.19E536F94174C8B9DE1C34297281D471.d.8A41684DADC3E021AC9E8D9E7E13BEFD.e.8488/click - {}
RESULT: {}
COMMAND: POST /session/b94376503e01bf473405a525b5bc89ad/element - {"using":"xpath","value":"//span[@id=\"application-managepartners-display-component---masterPtm--smartTable-header-inner\"]"}
COMMAND: GET /session/b94376503e01bf473405a525b5bc89ad/screenshot - {}
RESULT: {"using":"xpath","value":"//span[@id=\"application-managepartners-display-component---masterPtm--smartTable-header-inner\"]"}
COMMAND: POST /session/b94376503e01bf473405a525b5bc89ad/elements - {"using":"xpath","value":"//span[@id=\"application-managepartners-display-component---masterPtm--smartTable-header-inner\"]"}
RESULT: {}
RESULT: {"using":"xpath","value":"//span[@id=\"application-managepartners-display-component---masterPtm--smartTable-header-inner\"]"}
COMMAND: POST /session/b94376503e01bf473405a525b5bc89ad/execute/sync - {"script":"<script> [56 bytes]","args":[{"element-6066-11e4-a52e-4f735466cecf":"f.19E536F94174C8B9DE1C34297281D471.d.8A41684DADC3E021AC9E8D9E7E13BEFD.e.7780","ELEMENT":"f.19E536F94174C8B9DE1C34297281D471.d.8A41684DADC3E021AC9E8D9E7E13BEFD.e.7780"}]}
RESULT: {"script":"<script> [56 bytes]","args":[{"element-6066-11e4-a52e-4f735466cecf":"f.19E536F94174C8B9DE1C34297281D471.d.8A41684DADC3E021AC9E8D9E7E13BEFD.e.7780","ELEMENT":"f.19E536F94174C8B9DE1C34297281D471.d.8A41684DADC3E021AC9E8D9E7E13BEFD.e.7780"}]}
COMMAND: POST /session/b94376503e01bf473405a525b5bc89ad/element - {"using":"xpath","value":"//span[contains(@title, \"Remove\")]"}
COMMAND: GET /session/b94376503e01bf473405a525b5bc89ad/screenshot - {}
RESULT: {"using":"xpath","value":"//span[contains(@title, \"Remove\")]"}
COMMAND: POST /session/b94376503e01bf473405a525b5bc89ad/element/f.19E536F94174C8B9DE1C34297281D471.d.8A41684DADC3E021AC9E8D9E7E13BEFD.e.8500/click - {}
RESULT: {}
RESULT: {}
COMMAND: GET /session/b94376503e01bf473405a525b5bc89ad/screenshot - {}
RESULT: {}
COMMAND: POST /session/b94376503e01bf473405a525b5bc89ad/execute/async - {"script":"<script> [1562 bytes]","args":[{"selector":{"id":"application-managepartners-display-component---masterPtm--languages-arrow"},"wdio_ui5_key":"applicationmanagepartners-display-component---masterPtm--languages-arrow"}]}
RESULT: {"script":"<script> [1562 bytes]","args":[{"selector":{"id":"application-managepartners-display-component---masterPtm--languages-arrow"},"wdio_ui5_key":"applicationmanagepartners-display-component---masterPtm--languages-arrow"}]}
RESULT: undefined
COMMAND: POST /session/b94376503e01bf473405a525b5bc89ad/element - {"using":"xpath","value":"//*[@id=\"application-managepartners-display-component---masterPtm--languages-arrow\"]"}
RESULT: {"using":"xpath","value":"//*[@id=\"application-managepartners-display-component---masterPtm--languages-arrow\"]"}
COMMAND: POST /session/b94376503e01bf473405a525b5bc89ad/element/f.19E536F94174C8B9DE1C34297281D471.d.8A41684DADC3E021AC9E8D9E7E13BEFD.e.8552/click - {}
RESULT: {}
COMMAND: GET /session/b94376503e01bf473405a525b5bc89ad/screenshot - {}
RESULT: {}
COMMAND: POST /session/b94376503e01bf473405a525b5bc89ad/element - {"using":"xpath","value":"//li[.//span[text()=\"German\"]]//div[contains(@class,\"sapMCbBg\")]"}
RESULT: {"using":"xpath","value":"//li[.//span[text()=\"German\"]]//div[contains(@class,\"sapMCbBg\")]"}
COMMAND: POST /session/b94376503e01bf473405a525b5bc89ad/element/f.19E536F94174C8B9DE1C34297281D471.d.8A41684DADC3E021AC9E8D9E7E13BEFD.e.8596/click - {}
RESULT: {}
COMMAND: GET /session/b94376503e01bf473405a525b5bc89ad/screenshot - {}
RESULT: {}
RESULT: undefined
COMMAND: POST /session/b94376503e01bf473405a525b5bc89ad/element - {"using":"xpath","value":"//*[@id=\"application-managepartners-display-component---masterPtm--languages-arrow\"]"}
RESULT: {"using":"xpath","value":"//*[@id=\"application-managepartners-display-component---masterPtm--languages-arrow\"]"}
COMMAND: POST /session/b94376503e01bf473405a525b5bc89ad/element/f.19E536F94174C8B9DE1C34297281D471.d.8A41684DADC3E021AC9E8D9E7E13BEFD.e.8552/click - {}
RESULT: {}
COMMAND: POST /session/b94376503e01bf473405a525b5bc89ad/element - {"using":"xpath","value":"//span[@id=\"application-managepartners-display-component---masterPtm--smartTable-header-inner\"]"}
COMMAND: GET /session/b94376503e01bf473405a525b5bc89ad/screenshot - {}
RESULT: {"using":"xpath","value":"//span[@id=\"application-managepartners-display-component---masterPtm--smartTable-header-inner\"]"}
COMMAND: POST /session/b94376503e01bf473405a525b5bc89ad/elements - {"using":"xpath","value":"//span[@id=\"application-managepartners-display-component---masterPtm--smartTable-header-inner\"]"}
RESULT: {}
RESULT: {"using":"xpath","value":"//span[@id=\"application-managepartners-display-component---masterPtm--smartTable-header-inner\"]"}
COMMAND: POST /session/b94376503e01bf473405a525b5bc89ad/execute/sync - {"script":"<script> [56 bytes]","args":[{"element-6066-11e4-a52e-4f735466cecf":"f.19E536F94174C8B9DE1C34297281D471.d.8A41684DADC3E021AC9E8D9E7E13BEFD.e.7780","ELEMENT":"f.19E536F94174C8B9DE1C34297281D471.d.8A41684DADC3E021AC9E8D9E7E13BEFD.e.7780"}]}
RESULT: {"script":"<script> [56 bytes]","args":[{"element-6066-11e4-a52e-4f735466cecf":"f.19E536F94174C8B9DE1C34297281D471.d.8A41684DADC3E021AC9E8D9E7E13BEFD.e.7780","ELEMENT":"f.19E536F94174C8B9DE1C34297281D471.d.8A41684DADC3E021AC9E8D9E7E13BEFD.e.7780"}]}
COMMAND: POST /session/b94376503e01bf473405a525b5bc89ad/element - {"using":"css selector","value":"#shell-header-logo"}
COMMAND: GET /session/b94376503e01bf473405a525b5bc89ad/screenshot - {}
RESULT: {"using":"css selector","value":"#shell-header-logo"}
COMMAND: POST /session/b94376503e01bf473405a525b5bc89ad/element/f.19E536F94174C8B9DE1C34297281D471.d.8A41684DADC3E021AC9E8D9E7E13BEFD.e.7607/click - {}
RESULT: {}
RESULT: {}
COMMAND: GET /session/b94376503e01bf473405a525b5bc89ad/screenshot - {}
RESULT: {}
COMMAND: DELETE /session/b94376503e01bf473405a525b5bc89ad - {}
RESULT: {}
]]></system-out>
    </testcase>
  </testsuite>
</testsuites>