<?xml version="1.0" encoding="UTF-8"?>
<testsuites tests="12" failures="4" errors="4" skipped="0">
  <testsuite timestamp="2025-05-22T16:42:50" time="536.921" tests="5" failures="2" errors="2" skipped="0">
    <properties>
      <property name="specId" value="0"/>
      <property name="suiteName" value="Warehouse movements inventory test"/>
      <property name="capabilities" value="chrome.136_0_7103_93.windows"/>
      <property name="file" value="file:///D:/a/1/s/test/specs/HTR/smoke-warehouse-movements-inventory.js"/>
    </properties>
    <testcase classname="chrome.136_0_7103_93.windows.Warehouse_movements_inventory_test" name="Should create a new WHM yard" time="149.758">
      <system-out><![CDATA[
COMMAND: POST /session/a195702728a77ff37608f387f074352f/execute/async - {"script":"<script> [1562 bytes]","args":[{"selector":{"controlType":"sap.m.GenericTile","properties":{"header":"Manage Yards"}},"wdio_ui5_key":"sapm.GenericTile{\"header\":\"Manage Yards\"}"}]}
RESULT: {"script":"<script> [1562 bytes]","args":[{"selector":{"controlType":"sap.m.GenericTile","properties":{"header":"Manage Yards"}},"wdio_ui5_key":"sapm.GenericTile{\"header\":\"Manage Yards\"}"}]}
RESULT: undefined
COMMAND: POST /session/a195702728a77ff37608f387f074352f/element - {"using":"xpath","value":"//*[@id=\"__tile41\"]"}
RESULT: {"using":"xpath","value":"//*[@id=\"__tile41\"]"}
COMMAND: POST /session/a195702728a77ff37608f387f074352f/element/f.2A12D66D45573334A301B7B64EE7B035.d.2FFD9C3FF55EA538AA3E5568FA5363D9.e.116/click - {}
RESULT: {}
COMMAND: GET /session/a195702728a77ff37608f387f074352f/screenshot - {}
RESULT: {}
COMMAND: POST /session/a195702728a77ff37608f387f074352f/elements - {"using":"xpath","value":"//span[text()='Error']"}
RESULT: {"using":"xpath","value":"//span[text()='Error']"}
COMMAND: POST /session/a195702728a77ff37608f387f074352f/execute/async - {"script":"<script> [1562 bytes]","args":[{"selector":{"controlType":"sap.ui.core.Icon","viewName":"etm.portal.ui.manageyards.view.Master","viewId":"application-manageyards-display-component---masterYard","properties":{"src":{"regex":{"source":"add"}}}},"wdio_ui5_key":"etmportal.ui.manageyards.view.Mastersap.ui.core.Icon{\"src\":{\"regex\":{\"source\":\"add\"}}}"}]}
RESULT: {"script":"<script> [1562 bytes]","args":[{"selector":{"controlType":"sap.ui.core.Icon","viewName":"etm.portal.ui.manageyards.view.Master","viewId":"application-manageyards-display-component---masterYard","properties":{"src":{"regex":{"source":"add"}}}},"wdio_ui5_key":"etmportal.ui.manageyards.view.Mastersap.ui.core.Icon{\"src\":{\"regex\":{\"source\":\"add\"}}}"}]}
RESULT: undefined
COMMAND: POST /session/a195702728a77ff37608f387f074352f/element - {"using":"xpath","value":"//*[@id=\"__button4-img\"]"}
RESULT: {"using":"xpath","value":"//*[@id=\"__button4-img\"]"}
COMMAND: POST /session/a195702728a77ff37608f387f074352f/element/f.2A12D66D45573334A301B7B64EE7B035.d.2FFD9C3FF55EA538AA3E5568FA5363D9.e.163/click - {}
RESULT: {}
COMMAND: GET /session/a195702728a77ff37608f387f074352f/screenshot - {}
RESULT: {}
COMMAND: POST /session/a195702728a77ff37608f387f074352f/execute/async - {"script":"<script> [1562 bytes]","args":[{"selector":{"id":"application-manageyards-display-component---NewYard--yardId","interaction":{"idSuffix":"inner"}},"wdio_ui5_key":"applicationmanageyards-display-component---NewYard--yardId"}]}
RESULT: {"script":"<script> [1562 bytes]","args":[{"selector":{"id":"application-manageyards-display-component---NewYard--yardId","interaction":{"idSuffix":"inner"}},"wdio_ui5_key":"applicationmanageyards-display-component---NewYard--yardId"}]}
RESULT: undefined
COMMAND: POST /session/a195702728a77ff37608f387f074352f/element - {"using":"xpath","value":"//*[@id=\"application-manageyards-display-component---NewYard--addressDetailDetailsName1-inner\"]"}
RESULT: {"using":"xpath","value":"//*[@id=\"application-manageyards-display-component---NewYard--addressDetailDetailsName1-inner\"]"}
COMMAND: POST /session/a195702728a77ff37608f387f074352f/element/f.2A12D66D45573334A301B7B64EE7B035.d.2FFD9C3FF55EA538AA3E5568FA5363D9.e.379/clear - {}
RESULT: {}
COMMAND: POST /session/a195702728a77ff37608f387f074352f/element/f.2A12D66D45573334A301B7B64EE7B035.d.2FFD9C3FF55EA538AA3E5568FA5363D9.e.379/value - {"text":"WebdriverWHMYardj5as5"}
COMMAND: GET /session/a195702728a77ff37608f387f074352f/screenshot - {}
RESULT: {"text":"WebdriverWHMYardj5as5"}
COMMAND: POST /session/a195702728a77ff37608f387f074352f/element - {"using":"xpath","value":"//*[@id=\"application-manageyards-display-component---NewYard--addressDetailDetailsLanguage-inner\"]"}
COMMAND: GET /session/a195702728a77ff37608f387f074352f/screenshot - {}
RESULT: {}
RESULT: {"using":"xpath","value":"//*[@id=\"application-manageyards-display-component---NewYard--addressDetailDetailsLanguage-inner\"]"}
COMMAND: POST /session/a195702728a77ff37608f387f074352f/element/f.2A12D66D45573334A301B7B64EE7B035.d.2FFD9C3FF55EA538AA3E5568FA5363D9.e.380/clear - {}
RESULT: {}
RESULT: {}
COMMAND: POST /session/a195702728a77ff37608f387f074352f/element/f.2A12D66D45573334A301B7B64EE7B035.d.2FFD9C3FF55EA538AA3E5568FA5363D9.e.380/value - {"text":"Romanian"}
COMMAND: GET /session/a195702728a77ff37608f387f074352f/screenshot - {}
RESULT: {"text":"Romanian"}
COMMAND: POST /session/a195702728a77ff37608f387f074352f/element - {"using":"xpath","value":"//input[contains(@id ,\"application-manageyards-display-component---NewYard--addressDetailDetailsName1-inner\")]"}
COMMAND: GET /session/a195702728a77ff37608f387f074352f/screenshot - {}
RESULT: {}
RESULT: {}
RESULT: {"using":"xpath","value":"//input[contains(@id ,\"application-manageyards-display-component---NewYard--addressDetailDetailsName1-inner\")]"}
COMMAND: GET /session/a195702728a77ff37608f387f074352f/element/f.2A12D66D45573334A301B7B64EE7B035.d.2FFD9C3FF55EA538AA3E5568FA5363D9.e.379/property/value - {}
RESULT: {}
COMMAND: GET /session/a195702728a77ff37608f387f074352f/screenshot - {}
RESULT: {}
COMMAND: POST /session/a195702728a77ff37608f387f074352f/element - {"using":"xpath","value":"//*[@id=\"application-manageyards-display-component---NewYard--addressDetailDetailsCity1-inner\"]"}
RESULT: {"using":"xpath","value":"//*[@id=\"application-manageyards-display-component---NewYard--addressDetailDetailsCity1-inner\"]"}
COMMAND: POST /session/a195702728a77ff37608f387f074352f/element/f.2A12D66D45573334A301B7B64EE7B035.d.2FFD9C3FF55EA538AA3E5568FA5363D9.e.382/clear - {}
RESULT: {}
COMMAND: POST /session/a195702728a77ff37608f387f074352f/element/f.2A12D66D45573334A301B7B64EE7B035.d.2FFD9C3FF55EA538AA3E5568FA5363D9.e.382/value - {"text":"Bucuresti"}
COMMAND: GET /session/a195702728a77ff37608f387f074352f/screenshot - {}
RESULT: {"text":"Bucuresti"}
COMMAND: GET /session/a195702728a77ff37608f387f074352f/screenshot - {}
RESULT: {}
RESULT: {}
COMMAND: POST /session/a195702728a77ff37608f387f074352f/element - {"using":"xpath","value":"//*[@id=\"application-manageyards-display-component---NewYard--addressDetailDetailsCountry-inner\"]"}
RESULT: {"using":"xpath","value":"//*[@id=\"application-manageyards-display-component---NewYard--addressDetailDetailsCountry-inner\"]"}
COMMAND: POST /session/a195702728a77ff37608f387f074352f/element/f.2A12D66D45573334A301B7B64EE7B035.d.2FFD9C3FF55EA538AA3E5568FA5363D9.e.386/clear - {}
RESULT: {}
COMMAND: POST /session/a195702728a77ff37608f387f074352f/element/f.2A12D66D45573334A301B7B64EE7B035.d.2FFD9C3FF55EA538AA3E5568FA5363D9.e.386/value - {"text":"Romania"}
COMMAND: GET /session/a195702728a77ff37608f387f074352f/screenshot - {}
RESULT: {"text":"Romania"}
COMMAND: GET /session/a195702728a77ff37608f387f074352f/screenshot - {}
RESULT: {}
RESULT: {}
COMMAND: POST /session/a195702728a77ff37608f387f074352f/execute/async - {"script":"<script> [1562 bytes]","args":[{"selector":{"controlType":"sap.m.Button","viewName":"etm.portal.ui.manageyards.view.New","viewId":"application-manageyards-display-component---NewYard","properties":{"text":"Commercial"},"interaction":{"idSuffix":"BDI-content"}},"wdio_ui5_key":"etmportal.ui.manageyards.view.Newsap.m.Button{\"text\":\"Commercial\"}"}]}
RESULT: {"script":"<script> [1562 bytes]","args":[{"selector":{"controlType":"sap.m.Button","viewName":"etm.portal.ui.manageyards.view.New","viewId":"application-manageyards-display-component---NewYard","properties":{"text":"Commercial"},"interaction":{"idSuffix":"BDI-content"}},"wdio_ui5_key":"etmportal.ui.manageyards.view.Newsap.m.Button{\"text\":\"Commercial\"}"}]}
RESULT: undefined
COMMAND: POST /session/a195702728a77ff37608f387f074352f/element - {"using":"xpath","value":"//*[@id=\"application-manageyards-display-component---NewYard--ObjectPageLayout-anchBar-__section5-anchor\"]"}
RESULT: {"using":"xpath","value":"//*[@id=\"application-manageyards-display-component---NewYard--ObjectPageLayout-anchBar-__section5-anchor\"]"}
COMMAND: POST /session/a195702728a77ff37608f387f074352f/element/f.2A12D66D45573334A301B7B64EE7B035.d.2FFD9C3FF55EA538AA3E5568FA5363D9.e.575/click - {}
RESULT: {}
COMMAND: GET /session/a195702728a77ff37608f387f074352f/screenshot - {}
RESULT: {}
COMMAND: POST /session/a195702728a77ff37608f387f074352f/element - {"using":"xpath","value":"//div[contains(text(), \"Commercial\")]"}
RESULT: {"using":"xpath","value":"//div[contains(text(), \"Commercial\")]"}
COMMAND: GET /session/a195702728a77ff37608f387f074352f/element/f.2A12D66D45573334A301B7B64EE7B035.d.2FFD9C3FF55EA538AA3E5568FA5363D9.e.586/rect - {}
RESULT: {}
COMMAND: GET /session/a195702728a77ff37608f387f074352f/window/rect - {}
RESULT: {}
COMMAND: POST /session/a195702728a77ff37608f387f074352f/execute/sync - {"script":"<script> [92 bytes]","args":[]}
RESULT: {"script":"<script> [92 bytes]","args":[]}
COMMAND: POST /session/a195702728a77ff37608f387f074352f/actions - {"actions":[{"id":"action1","type":"wheel","parameters":{},"actions":[{"type":"scroll","x":-1841,"y":-44,"deltaX":0,"deltaY":0,"duration":0,"origin":{"element-6066-11e4-a52e-4f735466cecf":"f.2A12D66D45573334A301B7B64EE7B035.d.2FFD9C3FF55EA538AA3E5568FA5363D9.e.586"}}]}]}
COMMAND: GET /session/a195702728a77ff37608f387f074352f/screenshot - {}
RESULT: {}
COMMAND: POST /session/a195702728a77ff37608f387f074352f/execute/sync - {"script":"<script> [79 bytes]","args":[{"element-6066-11e4-a52e-4f735466cecf":"f.2A12D66D45573334A301B7B64EE7B035.d.2FFD9C3FF55EA538AA3E5568FA5363D9.e.586","ELEMENT":"f.2A12D66D45573334A301B7B64EE7B035.d.2FFD9C3FF55EA538AA3E5568FA5363D9.e.586"},{"block":"start","inline":"nearest"}]}
RESULT: {"script":"<script> [79 bytes]","args":[{"element-6066-11e4-a52e-4f735466cecf":"f.2A12D66D45573334A301B7B64EE7B035.d.2FFD9C3FF55EA538AA3E5568FA5363D9.e.586","ELEMENT":"f.2A12D66D45573334A301B7B64EE7B035.d.2FFD9C3FF55EA538AA3E5568FA5363D9.e.586"},{"block":"start","inline":"nearest"}]}
COMMAND: GET /session/a195702728a77ff37608f387f074352f/screenshot - {}
RESULT: {}
COMMAND: POST /session/a195702728a77ff37608f387f074352f/execute/async - {"script":"<script> [1562 bytes]","args":[{"selector":{"id":"application-manageyards-display-component---NewYard--addressEditDetailsCostObjectCstType-arrow"},"wdio_ui5_key":"applicationmanageyards-display-component---NewYard--addressEditDetailsCostObjectCstType-arrow"}]}
RESULT: {"script":"<script> [1562 bytes]","args":[{"selector":{"id":"application-manageyards-display-component---NewYard--addressEditDetailsCostObjectCstType-arrow"},"wdio_ui5_key":"applicationmanageyards-display-component---NewYard--addressEditDetailsCostObjectCstType-arrow"}]}
RESULT: undefined
COMMAND: POST /session/a195702728a77ff37608f387f074352f/element - {"using":"xpath","value":"//*[@id=\"application-manageyards-display-component---NewYard--addressEditDetailsCostObjectCstType-arrow\"]"}
RESULT: {"using":"xpath","value":"//*[@id=\"application-manageyards-display-component---NewYard--addressEditDetailsCostObjectCstType-arrow\"]"}
COMMAND: POST /session/a195702728a77ff37608f387f074352f/element/f.2A12D66D45573334A301B7B64EE7B035.d.2FFD9C3FF55EA538AA3E5568FA5363D9.e.587/click - {}
RESULT: {}
COMMAND: POST /session/a195702728a77ff37608f387f074352f/element - {"using":"xpath","value":"//span[contains(text(), \"Cost Center\")]"}
COMMAND: GET /session/a195702728a77ff37608f387f074352f/screenshot - {}
RESULT: {"using":"xpath","value":"//span[contains(text(), \"Cost Center\")]"}
COMMAND: POST /session/a195702728a77ff37608f387f074352f/element/f.2A12D66D45573334A301B7B64EE7B035.d.2FFD9C3FF55EA538AA3E5568FA5363D9.e.588/click - {}
RESULT: {}
RESULT: {}
COMMAND: GET /session/a195702728a77ff37608f387f074352f/screenshot - {}
RESULT: {}
COMMAND: POST /session/a195702728a77ff37608f387f074352f/execute/async - {"script":"<script> [1562 bytes]","args":[{"selector":{"id":"application-manageyards-display-component---NewYard--addressNewCostObjectCstID-vhi"},"wdio_ui5_key":"applicationmanageyards-display-component---NewYard--addressNewCostObjectCstID-vhi"}]}
RESULT: {"script":"<script> [1562 bytes]","args":[{"selector":{"id":"application-manageyards-display-component---NewYard--addressNewCostObjectCstID-vhi"},"wdio_ui5_key":"applicationmanageyards-display-component---NewYard--addressNewCostObjectCstID-vhi"}]}
RESULT: undefined
COMMAND: POST /session/a195702728a77ff37608f387f074352f/element - {"using":"xpath","value":"//*[@id=\"application-manageyards-display-component---NewYard--addressNewCostObjectCstID-vhi\"]"}
RESULT: {"using":"xpath","value":"//*[@id=\"application-manageyards-display-component---NewYard--addressNewCostObjectCstID-vhi\"]"}
COMMAND: POST /session/a195702728a77ff37608f387f074352f/element/f.2A12D66D45573334A301B7B64EE7B035.d.2FFD9C3FF55EA538AA3E5568FA5363D9.e.592/click - {}
RESULT: {}
COMMAND: GET /session/a195702728a77ff37608f387f074352f/screenshot - {}
RESULT: {}
COMMAND: POST /session/a195702728a77ff37608f387f074352f/execute/async - {"script":"<script> [1562 bytes]","args":[{"selector":{"controlType":"sap.m.SearchField","properties":{"placeholder":"Search"},"searchOpenDialogs":true,"interaction":{"idSuffix":"I"}},"wdio_ui5_key":"sapm.SearchField{\"placeholder\":\"Search\"}"}]}
RESULT: {"script":"<script> [1562 bytes]","args":[{"selector":{"controlType":"sap.m.SearchField","properties":{"placeholder":"Search"},"searchOpenDialogs":true,"interaction":{"idSuffix":"I"}},"wdio_ui5_key":"sapm.SearchField{\"placeholder\":\"Search\"}"}]}
RESULT: undefined
COMMAND: POST /session/a195702728a77ff37608f387f074352f/execute/async - {"script":"<script> [776 bytes]","args":[{"enterText":"10001013","selector":{"controlType":"sap.m.SearchField","properties":{"placeholder":"Search"},"searchOpenDialogs":true,"interaction":{"idSuffix":"I"}},"clearTextFirst":true,"interactionType":"ENTER_TEXT"}]}
RESULT: {"script":"<script> [776 bytes]","args":[{"enterText":"10001013","selector":{"controlType":"sap.m.SearchField","properties":{"placeholder":"Search"},"searchOpenDialogs":true,"interaction":{"idSuffix":"I"}},"clearTextFirst":true,"interactionType":"ENTER_TEXT"}]}
COMMAND: POST /session/a195702728a77ff37608f387f074352f/actions - {"actions":[{"id":"action2","type":"key","parameters":{},"actions":[{"type":"keyDown","value":""},{"type":"pause","duration":10},{"type":"keyUp","value":""}]}]}
RESULT: {"actions":[{"id":"action2","type":"key","parameters":{},"actions":[{"type":"keyDown","value":""},{"type":"pause","duration":10},{"type":"keyUp","value":""}]}]}
COMMAND: GET /session/a195702728a77ff37608f387f074352f/screenshot - {}
RESULT: {}
COMMAND: POST /session/a195702728a77ff37608f387f074352f/element - {"using":"xpath","value":"//span[contains(text(), \"General Management\")]"}
RESULT: {"using":"xpath","value":"//span[contains(text(), \"General Management\")]"}
COMMAND: POST /session/a195702728a77ff37608f387f074352f/element/f.2A12D66D45573334A301B7B64EE7B035.d.2FFD9C3FF55EA538AA3E5568FA5363D9.e.633/click - {}
RESULT: {}
COMMAND: GET /session/a195702728a77ff37608f387f074352f/screenshot - {}
RESULT: {}
COMMAND: POST /session/a195702728a77ff37608f387f074352f/element - {"using":"xpath","value":"//bdi[contains(text(), \"OK\")]"}
RESULT: {"using":"xpath","value":"//bdi[contains(text(), \"OK\")]"}
COMMAND: POST /session/a195702728a77ff37608f387f074352f/element/f.2A12D66D45573334A301B7B64EE7B035.d.2FFD9C3FF55EA538AA3E5568FA5363D9.e.634/click - {}
RESULT: {}
COMMAND: GET /session/a195702728a77ff37608f387f074352f/screenshot - {}
RESULT: {}
COMMAND: POST /session/a195702728a77ff37608f387f074352f/execute/async - {"script":"<script> [1562 bytes]","args":[{"selector":{"id":"application-manageyards-display-component---NewYard--addressEditDetailsCurrency","interaction":{"idSuffix":"inner"}},"wdio_ui5_key":"applicationmanageyards-display-component---NewYard--addressEditDetailsCurrency"}]}
RESULT: {"script":"<script> [1562 bytes]","args":[{"selector":{"id":"application-manageyards-display-component---NewYard--addressEditDetailsCurrency","interaction":{"idSuffix":"inner"}},"wdio_ui5_key":"applicationmanageyards-display-component---NewYard--addressEditDetailsCurrency"}]}
RESULT: undefined
COMMAND: POST /session/a195702728a77ff37608f387f074352f/execute/async - {"script":"<script> [776 bytes]","args":[{"enterText":"Euro","selector":{"id":"application-manageyards-display-component---NewYard--addressEditDetailsCurrency","interaction":{"idSuffix":"inner"}},"clearTextFirst":true,"interactionType":"ENTER_TEXT"}]}
RESULT: {"script":"<script> [776 bytes]","args":[{"enterText":"Euro","selector":{"id":"application-manageyards-display-component---NewYard--addressEditDetailsCurrency","interaction":{"idSuffix":"inner"}},"clearTextFirst":true,"interactionType":"ENTER_TEXT"}]}
COMMAND: POST /session/a195702728a77ff37608f387f074352f/execute/async - {"script":"<script> [1562 bytes]","args":[{"selector":{"controlType":"sap.m.Input","viewName":"etm.portal.ui.manageyards.view.New","viewId":"application-manageyards-display-component---NewYard","bindingPath":{"path":"","propertyPath":"/CONTROLLING_AREA","modelName":"NewYardModel"},"interaction":{"idSuffix":"inner"}},"wdio_ui5_key":"etmportal.ui.manageyards.view.Newsap.m.Input{\"path\":\"\",\"propertyPath\":\"/CONTROLLING_AREA\",\"modelName\":\"NewYardModel\"}"}]}
RESULT: {"script":"<script> [1562 bytes]","args":[{"selector":{"controlType":"sap.m.Input","viewName":"etm.portal.ui.manageyards.view.New","viewId":"application-manageyards-display-component---NewYard","bindingPath":{"path":"","propertyPath":"/CONTROLLING_AREA","modelName":"NewYardModel"},"interaction":{"idSuffix":"inner"}},"wdio_ui5_key":"etmportal.ui.manageyards.view.Newsap.m.Input{\"path\":\"\",\"propertyPath\":\"/CONTROLLING_AREA\",\"modelName\":\"NewYardModel\"}"}]}
RESULT: undefined
COMMAND: POST /session/a195702728a77ff37608f387f074352f/execute/async - {"script":"<script> [776 bytes]","args":[{"enterText":"Z001","selector":{"controlType":"sap.m.Input","viewName":"etm.portal.ui.manageyards.view.New","viewId":"application-manageyards-display-component---NewYard","bindingPath":{"path":"","propertyPath":"/CONTROLLING_AREA","modelName":"NewYardModel"},"interaction":{"idSuffix":"inner"}},"clearTextFirst":true,"interactionType":"ENTER_TEXT"}]}
RESULT: {"script":"<script> [776 bytes]","args":[{"enterText":"Z001","selector":{"controlType":"sap.m.Input","viewName":"etm.portal.ui.manageyards.view.New","viewId":"application-manageyards-display-component---NewYard","bindingPath":{"path":"","propertyPath":"/CONTROLLING_AREA","modelName":"NewYardModel"},"interaction":{"idSuffix":"inner"}},"clearTextFirst":true,"interactionType":"ENTER_TEXT"}]}
COMMAND: POST /session/a195702728a77ff37608f387f074352f/execute/async - {"script":"<script> [1562 bytes]","args":[{"selector":{"id":"application-manageyards-display-component---NewYard--companyCodeComboBox","interaction":{"idSuffix":"inner"}},"wdio_ui5_key":"applicationmanageyards-display-component---NewYard--companyCodeComboBox"}]}
RESULT: {"script":"<script> [1562 bytes]","args":[{"selector":{"id":"application-manageyards-display-component---NewYard--companyCodeComboBox","interaction":{"idSuffix":"inner"}},"wdio_ui5_key":"applicationmanageyards-display-component---NewYard--companyCodeComboBox"}]}
RESULT: undefined
COMMAND: POST /session/a195702728a77ff37608f387f074352f/execute/async - {"script":"<script> [776 bytes]","args":[{"enterText":"1000","selector":{"id":"application-manageyards-display-component---NewYard--companyCodeComboBox","interaction":{"idSuffix":"inner"}},"clearTextFirst":true,"interactionType":"ENTER_TEXT"}]}
RESULT: {"script":"<script> [776 bytes]","args":[{"enterText":"1000","selector":{"id":"application-manageyards-display-component---NewYard--companyCodeComboBox","interaction":{"idSuffix":"inner"}},"clearTextFirst":true,"interactionType":"ENTER_TEXT"}]}
COMMAND: POST /session/a195702728a77ff37608f387f074352f/actions - {"actions":[{"id":"action3","type":"key","parameters":{},"actions":[{"type":"keyDown","value":""},{"type":"pause","duration":10},{"type":"keyUp","value":""}]}]}
RESULT: {"actions":[{"id":"action3","type":"key","parameters":{},"actions":[{"type":"keyDown","value":""},{"type":"pause","duration":10},{"type":"keyUp","value":""}]}]}
COMMAND: POST /session/a195702728a77ff37608f387f074352f/execute/async - {"script":"<script> [1562 bytes]","args":[{"selector":{"controlType":"sap.m.Input","viewName":"etm.portal.ui.manageyards.view.New","viewId":"application-manageyards-display-component---NewYard","bindingPath":{"path":"","propertyPath":"/PLANT","modelName":"NewYardModel"},"interaction":{"idSuffix":"inner"}},"wdio_ui5_key":"etmportal.ui.manageyards.view.Newsap.m.Input{\"path\":\"\",\"propertyPath\":\"/PLANT\",\"modelName\":\"NewYardModel\"}"}]}
COMMAND: GET /session/a195702728a77ff37608f387f074352f/screenshot - {}
RESULT: {"script":"<script> [1562 bytes]","args":[{"selector":{"controlType":"sap.m.Input","viewName":"etm.portal.ui.manageyards.view.New","viewId":"application-manageyards-display-component---NewYard","bindingPath":{"path":"","propertyPath":"/PLANT","modelName":"NewYardModel"},"interaction":{"idSuffix":"inner"}},"wdio_ui5_key":"etmportal.ui.manageyards.view.Newsap.m.Input{\"path\":\"\",\"propertyPath\":\"/PLANT\",\"modelName\":\"NewYardModel\"}"}]}
RESULT: undefined
COMMAND: POST /session/a195702728a77ff37608f387f074352f/execute/async - {"script":"<script> [776 bytes]","args":[{"enterText":"1001","selector":{"controlType":"sap.m.Input","viewName":"etm.portal.ui.manageyards.view.New","viewId":"application-manageyards-display-component---NewYard","bindingPath":{"path":"","propertyPath":"/PLANT","modelName":"NewYardModel"},"interaction":{"idSuffix":"inner"}},"clearTextFirst":true,"interactionType":"ENTER_TEXT"}]}
RESULT: {}
RESULT: {"script":"<script> [776 bytes]","args":[{"enterText":"1001","selector":{"controlType":"sap.m.Input","viewName":"etm.portal.ui.manageyards.view.New","viewId":"application-manageyards-display-component---NewYard","bindingPath":{"path":"","propertyPath":"/PLANT","modelName":"NewYardModel"},"interaction":{"idSuffix":"inner"}},"clearTextFirst":true,"interactionType":"ENTER_TEXT"}]}
COMMAND: POST /session/a195702728a77ff37608f387f074352f/execute/async - {"script":"<script> [1562 bytes]","args":[{"selector":{"controlType":"sap.m.Input","viewName":"etm.portal.ui.manageyards.view.New","viewId":"application-manageyards-display-component---NewYard","bindingPath":{"path":"","propertyPath":"/SALES_AREA_VKORG","modelName":"NewYardModel"},"interaction":{"idSuffix":"inner"}},"wdio_ui5_key":"etmportal.ui.manageyards.view.Newsap.m.Input{\"path\":\"\",\"propertyPath\":\"/SALES_AREA_VKORG\",\"modelName\":\"NewYardModel\"}"}]}
RESULT: {"script":"<script> [1562 bytes]","args":[{"selector":{"controlType":"sap.m.Input","viewName":"etm.portal.ui.manageyards.view.New","viewId":"application-manageyards-display-component---NewYard","bindingPath":{"path":"","propertyPath":"/SALES_AREA_VKORG","modelName":"NewYardModel"},"interaction":{"idSuffix":"inner"}},"wdio_ui5_key":"etmportal.ui.manageyards.view.Newsap.m.Input{\"path\":\"\",\"propertyPath\":\"/SALES_AREA_VKORG\",\"modelName\":\"NewYardModel\"}"}]}
RESULT: undefined
COMMAND: POST /session/a195702728a77ff37608f387f074352f/execute/async - {"script":"<script> [776 bytes]","args":[{"enterText":"C002","selector":{"controlType":"sap.m.Input","viewName":"etm.portal.ui.manageyards.view.New","viewId":"application-manageyards-display-component---NewYard","bindingPath":{"path":"","propertyPath":"/SALES_AREA_VKORG","modelName":"NewYardModel"},"interaction":{"idSuffix":"inner"}},"clearTextFirst":true,"interactionType":"ENTER_TEXT"}]}
RESULT: {"script":"<script> [776 bytes]","args":[{"enterText":"C002","selector":{"controlType":"sap.m.Input","viewName":"etm.portal.ui.manageyards.view.New","viewId":"application-manageyards-display-component---NewYard","bindingPath":{"path":"","propertyPath":"/SALES_AREA_VKORG","modelName":"NewYardModel"},"interaction":{"idSuffix":"inner"}},"clearTextFirst":true,"interactionType":"ENTER_TEXT"}]}
COMMAND: POST /session/a195702728a77ff37608f387f074352f/execute/async - {"script":"<script> [1562 bytes]","args":[{"selector":{"controlType":"sap.m.Input","viewName":"etm.portal.ui.manageyards.view.New","viewId":"application-manageyards-display-component---NewYard","bindingPath":{"path":"","propertyPath":"/SALES_AREA_VTWEG","modelName":"NewYardModel"},"interaction":{"idSuffix":"inner"}},"wdio_ui5_key":"etmportal.ui.manageyards.view.Newsap.m.Input{\"path\":\"\",\"propertyPath\":\"/SALES_AREA_VTWEG\",\"modelName\":\"NewYardModel\"}"}]}
RESULT: {"script":"<script> [1562 bytes]","args":[{"selector":{"controlType":"sap.m.Input","viewName":"etm.portal.ui.manageyards.view.New","viewId":"application-manageyards-display-component---NewYard","bindingPath":{"path":"","propertyPath":"/SALES_AREA_VTWEG","modelName":"NewYardModel"},"interaction":{"idSuffix":"inner"}},"wdio_ui5_key":"etmportal.ui.manageyards.view.Newsap.m.Input{\"path\":\"\",\"propertyPath\":\"/SALES_AREA_VTWEG\",\"modelName\":\"NewYardModel\"}"}]}
RESULT: undefined
COMMAND: POST /session/a195702728a77ff37608f387f074352f/execute/async - {"script":"<script> [776 bytes]","args":[{"enterText":"C2","selector":{"controlType":"sap.m.Input","viewName":"etm.portal.ui.manageyards.view.New","viewId":"application-manageyards-display-component---NewYard","bindingPath":{"path":"","propertyPath":"/SALES_AREA_VTWEG","modelName":"NewYardModel"},"interaction":{"idSuffix":"inner"}},"clearTextFirst":true,"interactionType":"ENTER_TEXT"}]}
RESULT: {"script":"<script> [776 bytes]","args":[{"enterText":"C2","selector":{"controlType":"sap.m.Input","viewName":"etm.portal.ui.manageyards.view.New","viewId":"application-manageyards-display-component---NewYard","bindingPath":{"path":"","propertyPath":"/SALES_AREA_VTWEG","modelName":"NewYardModel"},"interaction":{"idSuffix":"inner"}},"clearTextFirst":true,"interactionType":"ENTER_TEXT"}]}
COMMAND: POST /session/a195702728a77ff37608f387f074352f/execute/async - {"script":"<script> [1562 bytes]","args":[{"selector":{"controlType":"sap.m.Input","viewName":"etm.portal.ui.manageyards.view.New","viewId":"application-manageyards-display-component---NewYard","bindingPath":{"path":"","propertyPath":"/SALES_AREA_SPART","modelName":"NewYardModel"},"interaction":{"idSuffix":"inner"}},"wdio_ui5_key":"etmportal.ui.manageyards.view.Newsap.m.Input{\"path\":\"\",\"propertyPath\":\"/SALES_AREA_SPART\",\"modelName\":\"NewYardModel\"}"}]}
RESULT: {"script":"<script> [1562 bytes]","args":[{"selector":{"controlType":"sap.m.Input","viewName":"etm.portal.ui.manageyards.view.New","viewId":"application-manageyards-display-component---NewYard","bindingPath":{"path":"","propertyPath":"/SALES_AREA_SPART","modelName":"NewYardModel"},"interaction":{"idSuffix":"inner"}},"wdio_ui5_key":"etmportal.ui.manageyards.view.Newsap.m.Input{\"path\":\"\",\"propertyPath\":\"/SALES_AREA_SPART\",\"modelName\":\"NewYardModel\"}"}]}
RESULT: undefined
COMMAND: POST /session/a195702728a77ff37608f387f074352f/execute/async - {"script":"<script> [776 bytes]","args":[{"enterText":"C2","selector":{"controlType":"sap.m.Input","viewName":"etm.portal.ui.manageyards.view.New","viewId":"application-manageyards-display-component---NewYard","bindingPath":{"path":"","propertyPath":"/SALES_AREA_SPART","modelName":"NewYardModel"},"interaction":{"idSuffix":"inner"}},"clearTextFirst":true,"interactionType":"ENTER_TEXT"}]}
RESULT: {"script":"<script> [776 bytes]","args":[{"enterText":"C2","selector":{"controlType":"sap.m.Input","viewName":"etm.portal.ui.manageyards.view.New","viewId":"application-manageyards-display-component---NewYard","bindingPath":{"path":"","propertyPath":"/SALES_AREA_SPART","modelName":"NewYardModel"},"interaction":{"idSuffix":"inner"}},"clearTextFirst":true,"interactionType":"ENTER_TEXT"}]}
COMMAND: POST /session/a195702728a77ff37608f387f074352f/execute/async - {"script":"<script> [1562 bytes]","args":[{"selector":{"id":"application-manageyards-display-component---NewYard--whmCheckBox","interaction":{"idSuffix":"CbBg"}},"wdio_ui5_key":"applicationmanageyards-display-component---NewYard--whmCheckBox"}]}
RESULT: {"script":"<script> [1562 bytes]","args":[{"selector":{"id":"application-manageyards-display-component---NewYard--whmCheckBox","interaction":{"idSuffix":"CbBg"}},"wdio_ui5_key":"applicationmanageyards-display-component---NewYard--whmCheckBox"}]}
RESULT: undefined
COMMAND: POST /session/a195702728a77ff37608f387f074352f/element - {"using":"xpath","value":"//*[@id=\"application-manageyards-display-component---NewYard--whmCheckBox\"]"}
RESULT: {"using":"xpath","value":"//*[@id=\"application-manageyards-display-component---NewYard--whmCheckBox\"]"}
COMMAND: POST /session/a195702728a77ff37608f387f074352f/element/f.2A12D66D45573334A301B7B64EE7B035.d.2FFD9C3FF55EA538AA3E5568FA5363D9.e.645/click - {}
RESULT: {}
COMMAND: POST /session/a195702728a77ff37608f387f074352f/execute/async - {"script":"<script> [1562 bytes]","args":[{"selector":{"controlType":"sap.m.Button","viewName":"etm.portal.ui.manageyards.view.New","viewId":"application-manageyards-display-component---NewYard","i18NText":{"propertyName":"text","key":"save"},"interaction":{"idSuffix":"inner"}},"wdio_ui5_key":"etmportal.ui.manageyards.view.Newsap.m.Button{\"propertyName\":\"text\",\"key\":\"save\"}"}]}
COMMAND: GET /session/a195702728a77ff37608f387f074352f/screenshot - {}
RESULT: {"script":"<script> [1562 bytes]","args":[{"selector":{"controlType":"sap.m.Button","viewName":"etm.portal.ui.manageyards.view.New","viewId":"application-manageyards-display-component---NewYard","i18NText":{"propertyName":"text","key":"save"},"interaction":{"idSuffix":"inner"}},"wdio_ui5_key":"etmportal.ui.manageyards.view.Newsap.m.Button{\"propertyName\":\"text\",\"key\":\"save\"}"}]}
RESULT: undefined
COMMAND: POST /session/a195702728a77ff37608f387f074352f/element - {"using":"xpath","value":"//*[@id=\"__button18\"]"}
RESULT: {}
RESULT: {"using":"xpath","value":"//*[@id=\"__button18\"]"}
COMMAND: POST /session/a195702728a77ff37608f387f074352f/element/f.2A12D66D45573334A301B7B64EE7B035.d.2FFD9C3FF55EA538AA3E5568FA5363D9.e.524/click - {}
RESULT: {}
COMMAND: GET /session/a195702728a77ff37608f387f074352f/screenshot - {}
RESULT: {}
COMMAND: POST /session/a195702728a77ff37608f387f074352f/element - {"using":"css selector","value":"#shell-header-logo"}
RESULT: {"using":"css selector","value":"#shell-header-logo"}
COMMAND: POST /session/a195702728a77ff37608f387f074352f/element/f.2A12D66D45573334A301B7B64EE7B035.d.2FFD9C3FF55EA538AA3E5568FA5363D9.e.118/click - {}
RESULT: {}
COMMAND: GET /session/a195702728a77ff37608f387f074352f/screenshot - {}
RESULT: {}
COMMAND: POST /session/a195702728a77ff37608f387f074352f/refresh - {}
RESULT: {}
COMMAND: GET /session/a195702728a77ff37608f387f074352f/screenshot - {}
RESULT: {}
COMMAND: POST /session/a195702728a77ff37608f387f074352f/execute/async - {"script":"<script> [189 bytes]","args":[]}
RESULT: {"script":"<script> [189 bytes]","args":[]}
COMMAND: POST /session/a195702728a77ff37608f387f074352f/execute/async - {"script":"<script> [123 bytes]","args":[]}
RESULT: {"script":"<script> [123 bytes]","args":[]}
COMMAND: POST /session/a195702728a77ff37608f387f074352f/timeouts - {"script":"<number>"}
RESULT: {"script":"<number>"}
COMMAND: GET /session/a195702728a77ff37608f387f074352f/timeouts - {}
RESULT: {}
RESULT: undefined
COMMAND: POST /session/a195702728a77ff37608f387f074352f/execute/async - {"script":"<script> [2676 bytes]","args":[]}
RESULT: {"script":"<script> [2676 bytes]","args":[]}
COMMAND: POST /session/a195702728a77ff37608f387f074352f/execute/async - {"script":"<script> [2342 bytes]","args":[{"protocol":"http","hostname":"0.0.0.0","path":"/","capabilities":{"browserName":"chrome","goog:chromeOptions":{"binary":"C:\\Program Files\\Google\\Chrome\\Application\\chrome.exe","args":["--start-maximized"]}},"logLevel":"warn","connectionRetryTimeout":120000,"connectionRetryCount":3,"logLevels":{},"enableDirectConnect":true,"strictSSL":true,"_":"65 more keys: [\"cacheDir\",\"port\",\"requestedCapabilities\",\"automationProtocol\",\"baseUrl\",\"waitforInterval\",\"waitforTimeout\",\"onReload\",\"beforeCommand\",\"afterCommand\",\"rootDir\",\"specs\",\"suites\",\"exclude\",\"groupLogsByTestSpec\",\"excludeDriverLogs\",\"bail\",\"framework\",\"reporters\",\"services\",\"maxInstances\",\"maxInstancesPerCapability\",\"injectGlobals\",\"filesToWatch\",\"execArgv\",\"runnerEnv\",\"runner\",\"shard\",\"specFileRetries\",\"specFileRetriesDelay\",\"specFileRetriesDeferred\",\"reporterSyncInterval\",\"reporterSyncTimeout\",\"cucumberFeaturesWithLineNumbers\",\"autoCompileOpts\",\"mochaOpts\",\"jasmineOpts\",\"cucumberOpts\",\"onPrepare\",\"onWorkerStart\",\"onWorkerEnd\",\"before\",\"beforeSession\",\"beforeSuite\",\"beforeHook\",\"beforeTest\",\"afterTest\",\"afterHook\",\"afterSuite\",\"afterSession\",\"after\",\"onComplete\",\"beforeAssertion\",\"afterAssertion\",\"beforeFeature\",\"beforeScenario\",\"beforeStep\",\"afterStep\",\"afterScenario\",\"afterFeature\",\"_\",\"suite\",\"$0\",\"ignoredWorkerServices\",\"wdi5\"]"}]}
RESULT: {"script":"<script> [2342 bytes]","args":[{"protocol":"http","hostname":"0.0.0.0","path":"/","capabilities":{"browserName":"chrome","goog:chromeOptions":{"binary":"C:\\Program Files\\Google\\Chrome\\Application\\chrome.exe","args":["--start-maximized"]}},"logLevel":"warn","connectionRetryTimeout":120000,"connectionRetryCount":3,"logLevels":{},"enableDirectConnect":true,"strictSSL":true,"_":"65 more keys: [\"cacheDir\",\"port\",\"requestedCapabilities\",\"automationProtocol\",\"baseUrl\",\"waitforInterval\",\"waitforTimeout\",\"onReload\",\"beforeCommand\",\"afterCommand\",\"rootDir\",\"specs\",\"suites\",\"exclude\",\"groupLogsByTestSpec\",\"excludeDriverLogs\",\"bail\",\"framework\",\"reporters\",\"services\",\"maxInstances\",\"maxInstancesPerCapability\",\"injectGlobals\",\"filesToWatch\",\"execArgv\",\"runnerEnv\",\"runner\",\"shard\",\"specFileRetries\",\"specFileRetriesDelay\",\"specFileRetriesDeferred\",\"reporterSyncInterval\",\"reporterSyncTimeout\",\"cucumberFeaturesWithLineNumbers\",\"autoCompileOpts\",\"mochaOpts\",\"jasmineOpts\",\"cucumberOpts\",\"onPrepare\",\"onWorkerStart\",\"onWorkerEnd\",\"before\",\"beforeSession\",\"beforeSuite\",\"beforeHook\",\"beforeTest\",\"afterTest\",\"afterHook\",\"afterSuite\",\"afterSession\",\"after\",\"onComplete\",\"beforeAssertion\",\"afterAssertion\",\"beforeFeature\",\"beforeScenario\",\"beforeStep\",\"afterStep\",\"afterScenario\",\"afterFeature\",\"_\",\"suite\",\"$0\",\"ignoredWorkerServices\",\"wdi5\"]"}]}
COMMAND: POST /session/a195702728a77ff37608f387f074352f/execute/async - {"script":"<script> [21126 bytes]","args":[35000]}
RESULT: {"script":"<script> [21126 bytes]","args":[35000]}
]]></system-out>
    </testcase>
    <testcase classname="chrome.136_0_7103_93.windows.Warehouse_movements_inventory_test" name="Should create a new warehouse organization" time="69.129">
      <system-out><![CDATA[
COMMAND: POST /session/a195702728a77ff37608f387f074352f/execute/async - {"script":"<script> [1562 bytes]","args":[{"selector":{"controlType":"sap.m.GenericTile","properties":{"header":"Bin Status Report"}},"wdio_ui5_key":"sapm.GenericTile{\"header\":\"Bin Status Report\"}"}]}
RESULT: {"script":"<script> [1562 bytes]","args":[{"selector":{"controlType":"sap.m.GenericTile","properties":{"header":"Bin Status Report"}},"wdio_ui5_key":"sapm.GenericTile{\"header\":\"Bin Status Report\"}"}]}
RESULT: undefined
COMMAND: POST /session/a195702728a77ff37608f387f074352f/element - {"using":"xpath","value":"//*[@id=\"__tile104\"]"}
RESULT: {"using":"xpath","value":"//*[@id=\"__tile104\"]"}
COMMAND: POST /session/a195702728a77ff37608f387f074352f/element/f.2A12D66D45573334A301B7B64EE7B035.d.B951DF98A57CE55DFAB1162E56C016C0.e.854/click - {}
RESULT: {}
COMMAND: GET /session/a195702728a77ff37608f387f074352f/screenshot - {}
RESULT: {}
COMMAND: POST /session/a195702728a77ff37608f387f074352f/elements - {"using":"xpath","value":"//span[text()='Error']"}
RESULT: {"using":"xpath","value":"//span[text()='Error']"}
COMMAND: POST /session/a195702728a77ff37608f387f074352f/execute/async - {"script":"<script> [1562 bytes]","args":[{"selector":{"id":"application-binstatusreport-display-component---warehousing--createOrgBtn","interaction":{"idSuffix":"BDI-content"}},"wdio_ui5_key":"applicationbinstatusreport-display-component---warehousing--createOrgBtn"}]}
RESULT: {"script":"<script> [1562 bytes]","args":[{"selector":{"id":"application-binstatusreport-display-component---warehousing--createOrgBtn","interaction":{"idSuffix":"BDI-content"}},"wdio_ui5_key":"applicationbinstatusreport-display-component---warehousing--createOrgBtn"}]}
RESULT: undefined
COMMAND: POST /session/a195702728a77ff37608f387f074352f/element - {"using":"xpath","value":"//*[@id=\"application-binstatusreport-display-component---warehousing--createOrgBtn\"]"}
RESULT: {"using":"xpath","value":"//*[@id=\"application-binstatusreport-display-component---warehousing--createOrgBtn\"]"}
COMMAND: POST /session/a195702728a77ff37608f387f074352f/element/f.2A12D66D45573334A301B7B64EE7B035.d.B951DF98A57CE55DFAB1162E56C016C0.e.899/click - {}
RESULT: {}
COMMAND: GET /session/a195702728a77ff37608f387f074352f/screenshot - {}
RESULT: {}
COMMAND: POST /session/a195702728a77ff37608f387f074352f/execute/async - {"script":"<script> [1562 bytes]","args":[{"selector":{"id":"createOrganizationPop--sectionInput","searchOpenDialogs":true,"interaction":{"idSuffix":"inner"}},"wdio_ui5_key":"createOrganizationPopsectionInput"}]}
RESULT: {"script":"<script> [1562 bytes]","args":[{"selector":{"id":"createOrganizationPop--sectionInput","searchOpenDialogs":true,"interaction":{"idSuffix":"inner"}},"wdio_ui5_key":"createOrganizationPopsectionInput"}]}
RESULT: undefined
COMMAND: POST /session/a195702728a77ff37608f387f074352f/execute/async - {"script":"<script> [776 bytes]","args":[{"enterText":"Secpremv","selector":{"id":"createOrganizationPop--sectionInput","searchOpenDialogs":true,"interaction":{"idSuffix":"inner"}},"clearTextFirst":true,"interactionType":"ENTER_TEXT"}]}
RESULT: {"script":"<script> [776 bytes]","args":[{"enterText":"Secpremv","selector":{"id":"createOrganizationPop--sectionInput","searchOpenDialogs":true,"interaction":{"idSuffix":"inner"}},"clearTextFirst":true,"interactionType":"ENTER_TEXT"}]}
COMMAND: POST /session/a195702728a77ff37608f387f074352f/execute/async - {"script":"<script> [1562 bytes]","args":[{"selector":{"id":"createOrganizationPop--descriptionInput","searchOpenDialogs":true,"interaction":{"idSuffix":"inner"}},"wdio_ui5_key":"createOrganizationPopdescriptionInput"}]}
RESULT: {"script":"<script> [1562 bytes]","args":[{"selector":{"id":"createOrganizationPop--descriptionInput","searchOpenDialogs":true,"interaction":{"idSuffix":"inner"}},"wdio_ui5_key":"createOrganizationPopdescriptionInput"}]}
RESULT: undefined
COMMAND: POST /session/a195702728a77ff37608f387f074352f/execute/async - {"script":"<script> [776 bytes]","args":[{"enterText":"OrgNamedkbtp","selector":{"id":"createOrganizationPop--descriptionInput","searchOpenDialogs":true,"interaction":{"idSuffix":"inner"}},"clearTextFirst":true,"interactionType":"ENTER_TEXT"}]}
RESULT: {"script":"<script> [776 bytes]","args":[{"enterText":"OrgNamedkbtp","selector":{"id":"createOrganizationPop--descriptionInput","searchOpenDialogs":true,"interaction":{"idSuffix":"inner"}},"clearTextFirst":true,"interactionType":"ENTER_TEXT"}]}
COMMAND: POST /session/a195702728a77ff37608f387f074352f/element - {"using":"xpath","value":"//input[contains(@id ,\"createOrganizationPop--yardOrg-inner\")]"}
RESULT: {"using":"xpath","value":"//input[contains(@id ,\"createOrganizationPop--yardOrg-inner\")]"}
COMMAND: POST /session/a195702728a77ff37608f387f074352f/element/f.2A12D66D45573334A301B7B64EE7B035.d.B951DF98A57CE55DFAB1162E56C016C0.e.939/clear - {}
RESULT: {}
COMMAND: POST /session/a195702728a77ff37608f387f074352f/element/f.2A12D66D45573334A301B7B64EE7B035.d.B951DF98A57CE55DFAB1162E56C016C0.e.939/value - {"text":"WebdriverWHMYardj5as5"}
COMMAND: GET /session/a195702728a77ff37608f387f074352f/screenshot - {}
RESULT: {"text":"WebdriverWHMYardj5as5"}
COMMAND: GET /session/a195702728a77ff37608f387f074352f/screenshot - {}
RESULT: {}
RESULT: {}
COMMAND: POST /session/a195702728a77ff37608f387f074352f/actions - {"actions":[{"id":"action4","type":"key","parameters":{},"actions":[{"type":"keyDown","value":""},{"type":"pause","duration":10},{"type":"keyUp","value":""}]}]}
RESULT: {"actions":[{"id":"action4","type":"key","parameters":{},"actions":[{"type":"keyDown","value":""},{"type":"pause","duration":10},{"type":"keyUp","value":""}]}]}
COMMAND: GET /session/a195702728a77ff37608f387f074352f/screenshot - {}
RESULT: {}
COMMAND: POST /session/a195702728a77ff37608f387f074352f/execute/async - {"script":"<script> [1562 bytes]","args":[{"selector":{"id":"createOrganizationPop--grZone","searchOpenDialogs":true,"interaction":{"idSuffix":"CbBg"}},"wdio_ui5_key":"createOrganizationPopgrZone"}]}
RESULT: {"script":"<script> [1562 bytes]","args":[{"selector":{"id":"createOrganizationPop--grZone","searchOpenDialogs":true,"interaction":{"idSuffix":"CbBg"}},"wdio_ui5_key":"createOrganizationPopgrZone"}]}
RESULT: undefined
COMMAND: POST /session/a195702728a77ff37608f387f074352f/element - {"using":"xpath","value":"//*[@id=\"createOrganizationPop--grZone\"]"}
RESULT: {"using":"xpath","value":"//*[@id=\"createOrganizationPop--grZone\"]"}
COMMAND: POST /session/a195702728a77ff37608f387f074352f/element/f.2A12D66D45573334A301B7B64EE7B035.d.B951DF98A57CE55DFAB1162E56C016C0.e.961/click - {}
RESULT: {}
COMMAND: POST /session/a195702728a77ff37608f387f074352f/execute/async - {"script":"<script> [1562 bytes]","args":[{"selector":{"id":"createOrganizationPop--giZone","searchOpenDialogs":true,"interaction":{"idSuffix":"CbBg"}},"wdio_ui5_key":"createOrganizationPopgiZone"}]}
COMMAND: GET /session/a195702728a77ff37608f387f074352f/screenshot - {}
RESULT: {"script":"<script> [1562 bytes]","args":[{"selector":{"id":"createOrganizationPop--giZone","searchOpenDialogs":true,"interaction":{"idSuffix":"CbBg"}},"wdio_ui5_key":"createOrganizationPopgiZone"}]}
RESULT: undefined
COMMAND: POST /session/a195702728a77ff37608f387f074352f/element - {"using":"xpath","value":"//*[@id=\"createOrganizationPop--giZone\"]"}
RESULT: {}
RESULT: {"using":"xpath","value":"//*[@id=\"createOrganizationPop--giZone\"]"}
COMMAND: POST /session/a195702728a77ff37608f387f074352f/element/f.2A12D66D45573334A301B7B64EE7B035.d.B951DF98A57CE55DFAB1162E56C016C0.e.963/click - {}
RESULT: {}
COMMAND: POST /session/a195702728a77ff37608f387f074352f/execute/async - {"script":"<script> [1562 bytes]","args":[{"selector":{"id":"createOrganizationPop--binNoInput","searchOpenDialogs":true,"interaction":{"idSuffix":"inner"}},"wdio_ui5_key":"createOrganizationPopbinNoInput"}]}
COMMAND: GET /session/a195702728a77ff37608f387f074352f/screenshot - {}
RESULT: {"script":"<script> [1562 bytes]","args":[{"selector":{"id":"createOrganizationPop--binNoInput","searchOpenDialogs":true,"interaction":{"idSuffix":"inner"}},"wdio_ui5_key":"createOrganizationPopbinNoInput"}]}
RESULT: undefined
COMMAND: POST /session/a195702728a77ff37608f387f074352f/execute/async - {"script":"<script> [776 bytes]","args":[{"enterText":"Bin84hen","selector":{"id":"createOrganizationPop--binNoInput","searchOpenDialogs":true,"interaction":{"idSuffix":"inner"}},"clearTextFirst":true,"interactionType":"ENTER_TEXT"}]}
RESULT: {}
RESULT: {"script":"<script> [776 bytes]","args":[{"enterText":"Bin84hen","selector":{"id":"createOrganizationPop--binNoInput","searchOpenDialogs":true,"interaction":{"idSuffix":"inner"}},"clearTextFirst":true,"interactionType":"ENTER_TEXT"}]}
COMMAND: POST /session/a195702728a77ff37608f387f074352f/execute/async - {"script":"<script> [1562 bytes]","args":[{"selector":{"id":"createOrganizationPop--descriptionId","searchOpenDialogs":true,"interaction":{"idSuffix":"inner"}},"wdio_ui5_key":"createOrganizationPopdescriptionId"}]}
RESULT: {"script":"<script> [1562 bytes]","args":[{"selector":{"id":"createOrganizationPop--descriptionId","searchOpenDialogs":true,"interaction":{"idSuffix":"inner"}},"wdio_ui5_key":"createOrganizationPopdescriptionId"}]}
RESULT: undefined
COMMAND: POST /session/a195702728a77ff37608f387f074352f/execute/async - {"script":"<script> [776 bytes]","args":[{"enterText":"Binvkd35j","selector":{"id":"createOrganizationPop--descriptionId","searchOpenDialogs":true,"interaction":{"idSuffix":"inner"}},"clearTextFirst":true,"interactionType":"ENTER_TEXT"}]}
RESULT: {"script":"<script> [776 bytes]","args":[{"enterText":"Binvkd35j","selector":{"id":"createOrganizationPop--descriptionId","searchOpenDialogs":true,"interaction":{"idSuffix":"inner"}},"clearTextFirst":true,"interactionType":"ENTER_TEXT"}]}
COMMAND: POST /session/a195702728a77ff37608f387f074352f/execute/async - {"script":"<script> [1562 bytes]","args":[{"selector":{"controlType":"sap.m.CheckBox","viewName":"etm.portal.ui.binstatusreport.view.MasterWareBins","viewId":"application-binstatusreport-display-component---warehousing","bindingPath":{"path":"","propertyPath":"/ZONE","modelName":"newBin"},"searchOpenDialogs":true,"interaction":{"idSuffix":"CbBg"}},"wdio_ui5_key":"etmportal.ui.binstatusreport.view.MasterWareBinssap.m.CheckBox{\"path\":\"\",\"propertyPath\":\"/ZONE\",\"modelName\":\"newBin\"}"}]}
RESULT: {"script":"<script> [1562 bytes]","args":[{"selector":{"controlType":"sap.m.CheckBox","viewName":"etm.portal.ui.binstatusreport.view.MasterWareBins","viewId":"application-binstatusreport-display-component---warehousing","bindingPath":{"path":"","propertyPath":"/ZONE","modelName":"newBin"},"searchOpenDialogs":true,"interaction":{"idSuffix":"CbBg"}},"wdio_ui5_key":"etmportal.ui.binstatusreport.view.MasterWareBinssap.m.CheckBox{\"path\":\"\",\"propertyPath\":\"/ZONE\",\"modelName\":\"newBin\"}"}]}
RESULT: undefined
COMMAND: POST /session/a195702728a77ff37608f387f074352f/element - {"using":"xpath","value":"//*[@id=\"__box12\"]"}
RESULT: {"using":"xpath","value":"//*[@id=\"__box12\"]"}
COMMAND: POST /session/a195702728a77ff37608f387f074352f/element/f.2A12D66D45573334A301B7B64EE7B035.d.B951DF98A57CE55DFAB1162E56C016C0.e.967/click - {}
RESULT: {}
COMMAND: POST /session/a195702728a77ff37608f387f074352f/execute/async - {"script":"<script> [1562 bytes]","args":[{"selector":{"id":"createOrganizationPop--binTypesCB-arrow","searchOpenDialogs":true},"wdio_ui5_key":"createOrganizationPopbinTypesCB-arrow"}]}
COMMAND: GET /session/a195702728a77ff37608f387f074352f/screenshot - {}
RESULT: {"script":"<script> [1562 bytes]","args":[{"selector":{"id":"createOrganizationPop--binTypesCB-arrow","searchOpenDialogs":true},"wdio_ui5_key":"createOrganizationPopbinTypesCB-arrow"}]}
RESULT: undefined
COMMAND: POST /session/a195702728a77ff37608f387f074352f/element - {"using":"xpath","value":"//*[@id=\"createOrganizationPop--binTypesCB-arrow\"]"}
RESULT: {}
RESULT: {"using":"xpath","value":"//*[@id=\"createOrganizationPop--binTypesCB-arrow\"]"}
COMMAND: POST /session/a195702728a77ff37608f387f074352f/element/f.2A12D66D45573334A301B7B64EE7B035.d.B951DF98A57CE55DFAB1162E56C016C0.e.968/click - {}
RESULT: {}
COMMAND: POST /session/a195702728a77ff37608f387f074352f/execute/async - {"script":"<script> [1562 bytes]","args":[{"selector":{"controlType":"sap.m.StandardListItem","viewName":"etm.portal.ui.binstatusreport.view.MasterWareBins","viewId":"application-binstatusreport-display-component---warehousing","properties":{"title":"1 - General / No capacity check"},"searchOpenDialogs":true,"interaction":{"idSuffix":"content"}},"wdio_ui5_key":"etmportal.ui.binstatusreport.view.MasterWareBinssap.m.StandardListItem{\"title\":\"1 - General / No capacity check\"}"}]}
COMMAND: GET /session/a195702728a77ff37608f387f074352f/screenshot - {}
RESULT: {"script":"<script> [1562 bytes]","args":[{"selector":{"controlType":"sap.m.StandardListItem","viewName":"etm.portal.ui.binstatusreport.view.MasterWareBins","viewId":"application-binstatusreport-display-component---warehousing","properties":{"title":"1 - General / No capacity check"},"searchOpenDialogs":true,"interaction":{"idSuffix":"content"}},"wdio_ui5_key":"etmportal.ui.binstatusreport.view.MasterWareBinssap.m.StandardListItem{\"title\":\"1 - General / No capacity check\"}"}]}
RESULT: undefined
COMMAND: POST /session/a195702728a77ff37608f387f074352f/element - {"using":"xpath","value":"//*[@id=\"__item150\"]"}
RESULT: {}
RESULT: {"using":"xpath","value":"//*[@id=\"__item150\"]"}
COMMAND: POST /session/a195702728a77ff37608f387f074352f/element/f.2A12D66D45573334A301B7B64EE7B035.d.B951DF98A57CE55DFAB1162E56C016C0.e.970/click - {}
RESULT: {}
COMMAND: POST /session/a195702728a77ff37608f387f074352f/execute/async - {"script":"<script> [1562 bytes]","args":[{"selector":{"id":"createOrganizationPop--finishBtn","searchOpenDialogs":true,"interaction":{"idSuffix":"BDI-content"}},"wdio_ui5_key":"createOrganizationPopfinishBtn"}]}
COMMAND: GET /session/a195702728a77ff37608f387f074352f/screenshot - {}
RESULT: {"script":"<script> [1562 bytes]","args":[{"selector":{"id":"createOrganizationPop--finishBtn","searchOpenDialogs":true,"interaction":{"idSuffix":"BDI-content"}},"wdio_ui5_key":"createOrganizationPopfinishBtn"}]}
RESULT: undefined
COMMAND: POST /session/a195702728a77ff37608f387f074352f/element - {"using":"xpath","value":"//*[@id=\"createOrganizationPop--finishBtn\"]"}
RESULT: {}
RESULT: {"using":"xpath","value":"//*[@id=\"createOrganizationPop--finishBtn\"]"}
COMMAND: POST /session/a195702728a77ff37608f387f074352f/element/f.2A12D66D45573334A301B7B64EE7B035.d.B951DF98A57CE55DFAB1162E56C016C0.e.972/click - {}
RESULT: {}
COMMAND: GET /session/a195702728a77ff37608f387f074352f/screenshot - {}
RESULT: {}
COMMAND: POST /session/a195702728a77ff37608f387f074352f/element - {"using":"css selector","value":"#shell-header-logo"}
RESULT: {"using":"css selector","value":"#shell-header-logo"}
COMMAND: POST /session/a195702728a77ff37608f387f074352f/element/f.2A12D66D45573334A301B7B64EE7B035.d.B951DF98A57CE55DFAB1162E56C016C0.e.858/click - {}
RESULT: {}
COMMAND: GET /session/a195702728a77ff37608f387f074352f/screenshot - {}
RESULT: {}
]]></system-out>
    </testcase>
    <testcase classname="chrome.136_0_7103_93.windows.Warehouse_movements_inventory_test" name="Should Create new material for WHM yard" time="142.639">
      <system-out><![CDATA[
COMMAND: POST /session/a195702728a77ff37608f387f074352f/execute/async - {"script":"<script> [1562 bytes]","args":[{"selector":{"controlType":"sap.m.GenericTile","properties":{"header":"Manage Resources"}},"wdio_ui5_key":"sapm.GenericTile{\"header\":\"Manage Resources\"}"}]}
RESULT: {"script":"<script> [1562 bytes]","args":[{"selector":{"controlType":"sap.m.GenericTile","properties":{"header":"Manage Resources"}},"wdio_ui5_key":"sapm.GenericTile{\"header\":\"Manage Resources\"}"}]}
RESULT: undefined
COMMAND: POST /session/a195702728a77ff37608f387f074352f/element - {"using":"xpath","value":"//*[@id=\"__tile39\"]"}
RESULT: {"using":"xpath","value":"//*[@id=\"__tile39\"]"}
COMMAND: POST /session/a195702728a77ff37608f387f074352f/element/f.2A12D66D45573334A301B7B64EE7B035.d.B951DF98A57CE55DFAB1162E56C016C0.e.980/click - {}
RESULT: {}
COMMAND: GET /session/a195702728a77ff37608f387f074352f/screenshot - {}
RESULT: {}
COMMAND: POST /session/a195702728a77ff37608f387f074352f/elements - {"using":"xpath","value":"//span[text()='Error']"}
RESULT: {"using":"xpath","value":"//span[text()='Error']"}
COMMAND: POST /session/a195702728a77ff37608f387f074352f/element - {"using":"xpath","value":"//button[@data-kt=\"addNewRUOverflowToolbarButton\"]"}
RESULT: {"using":"xpath","value":"//button[@data-kt=\"addNewRUOverflowToolbarButton\"]"}
COMMAND: POST /session/a195702728a77ff37608f387f074352f/execute/sync - {"script":"<script> [8489 bytes]","args":[{"element-6066-11e4-a52e-4f735466cecf":"f.2A12D66D45573334A301B7B64EE7B035.d.B951DF98A57CE55DFAB1162E56C016C0.e.1020","ELEMENT":"f.2A12D66D45573334A301B7B64EE7B035.d.B951DF98A57CE55DFAB1162E56C016C0.e.1020"}]}
RESULT: {"script":"<script> [8489 bytes]","args":[{"element-6066-11e4-a52e-4f735466cecf":"f.2A12D66D45573334A301B7B64EE7B035.d.B951DF98A57CE55DFAB1162E56C016C0.e.1020","ELEMENT":"f.2A12D66D45573334A301B7B64EE7B035.d.B951DF98A57CE55DFAB1162E56C016C0.e.1020"}]}
COMMAND: POST /session/a195702728a77ff37608f387f074352f/element/f.2A12D66D45573334A301B7B64EE7B035.d.B951DF98A57CE55DFAB1162E56C016C0.e.1020/click - {}
COMMAND: GET /session/a195702728a77ff37608f387f074352f/screenshot - {}
RESULT: {}
COMMAND: POST /session/a195702728a77ff37608f387f074352f/execute/async - {"script":"<script> [1562 bytes]","args":[{"selector":{"id":"application-manageresources-display-component---newResourceUnit--TYPE-arrow"},"wdio_ui5_key":"applicationmanageresources-display-component---newResourceUnit--TYPE-arrow"}]}
COMMAND: GET /session/a195702728a77ff37608f387f074352f/screenshot - {}
RESULT: {}
RESULT: {"script":"<script> [1562 bytes]","args":[{"selector":{"id":"application-manageresources-display-component---newResourceUnit--TYPE-arrow"},"wdio_ui5_key":"applicationmanageresources-display-component---newResourceUnit--TYPE-arrow"}]}
RESULT: undefined
COMMAND: POST /session/a195702728a77ff37608f387f074352f/element - {"using":"xpath","value":"//*[@id=\"application-manageresources-display-component---newResourceUnit--TYPE-arrow\"]"}
RESULT: {}
RESULT: {"using":"xpath","value":"//*[@id=\"application-manageresources-display-component---newResourceUnit--TYPE-arrow\"]"}
COMMAND: POST /session/a195702728a77ff37608f387f074352f/element/f.2A12D66D45573334A301B7B64EE7B035.d.B951DF98A57CE55DFAB1162E56C016C0.e.1345/click - {}
RESULT: {}
COMMAND: POST /session/a195702728a77ff37608f387f074352f/execute/async - {"script":"<script> [1562 bytes]","args":[{"selector":{"controlType":"sap.m.StandardListItem","viewName":"reusables.view.manageresources.NewResourceUnit","viewId":"application-manageresources-display-component---newResourceUnit","properties":{"title":"Material"},"searchOpenDialogs":true,"interaction":{"idSuffix":"titleText"}},"wdio_ui5_key":"reusablesview.manageresources.NewResourceUnitsap.m.StandardListItem{\"title\":\"Material\"}"}]}
COMMAND: GET /session/a195702728a77ff37608f387f074352f/screenshot - {}
RESULT: {"script":"<script> [1562 bytes]","args":[{"selector":{"controlType":"sap.m.StandardListItem","viewName":"reusables.view.manageresources.NewResourceUnit","viewId":"application-manageresources-display-component---newResourceUnit","properties":{"title":"Material"},"searchOpenDialogs":true,"interaction":{"idSuffix":"titleText"}},"wdio_ui5_key":"reusablesview.manageresources.NewResourceUnitsap.m.StandardListItem{\"title\":\"Material\"}"}]}
RESULT: undefined
COMMAND: POST /session/a195702728a77ff37608f387f074352f/element - {"using":"xpath","value":"//*[@id=\"__item279\"]"}
RESULT: {}
RESULT: {"using":"xpath","value":"//*[@id=\"__item279\"]"}
COMMAND: POST /session/a195702728a77ff37608f387f074352f/element/f.2A12D66D45573334A301B7B64EE7B035.d.B951DF98A57CE55DFAB1162E56C016C0.e.1348/click - {}
RESULT: {}
COMMAND: POST /session/a195702728a77ff37608f387f074352f/execute/async - {"script":"<script> [1562 bytes]","args":[{"selector":{"id":"application-manageresources-display-component---newResourceUnit--SHORT_TEXT","interaction":{"idSuffix":"inner"}},"wdio_ui5_key":"applicationmanageresources-display-component---newResourceUnit--SHORT_TEXT"}]}
COMMAND: GET /session/a195702728a77ff37608f387f074352f/screenshot - {}
RESULT: {}
RESULT: {"script":"<script> [1562 bytes]","args":[{"selector":{"id":"application-manageresources-display-component---newResourceUnit--SHORT_TEXT","interaction":{"idSuffix":"inner"}},"wdio_ui5_key":"applicationmanageresources-display-component---newResourceUnit--SHORT_TEXT"}]}
RESULT: undefined
COMMAND: POST /session/a195702728a77ff37608f387f074352f/execute/async - {"script":"<script> [776 bytes]","args":[{"enterText":"WebdriverRUR2C0svkg","selector":{"id":"application-manageresources-display-component---newResourceUnit--SHORT_TEXT","interaction":{"idSuffix":"inner"}},"clearTextFirst":true,"interactionType":"ENTER_TEXT"}]}
RESULT: {"script":"<script> [776 bytes]","args":[{"enterText":"WebdriverRUR2C0svkg","selector":{"id":"application-manageresources-display-component---newResourceUnit--SHORT_TEXT","interaction":{"idSuffix":"inner"}},"clearTextFirst":true,"interactionType":"ENTER_TEXT"}]}
COMMAND: POST /session/a195702728a77ff37608f387f074352f/execute/async - {"script":"<script> [1562 bytes]","args":[{"selector":{"id":"application-manageresources-display-component---newResourceUnit--BASE_UNIT_OF_MEASURE-arrow"},"wdio_ui5_key":"applicationmanageresources-display-component---newResourceUnit--BASE_UNIT_OF_MEASURE-arrow"}]}
RESULT: {"script":"<script> [1562 bytes]","args":[{"selector":{"id":"application-manageresources-display-component---newResourceUnit--BASE_UNIT_OF_MEASURE-arrow"},"wdio_ui5_key":"applicationmanageresources-display-component---newResourceUnit--BASE_UNIT_OF_MEASURE-arrow"}]}
RESULT: undefined
COMMAND: POST /session/a195702728a77ff37608f387f074352f/element - {"using":"xpath","value":"//*[@id=\"application-manageresources-display-component---newResourceUnit--BASE_UNIT_OF_MEASURE-arrow\"]"}
RESULT: {"using":"xpath","value":"//*[@id=\"application-manageresources-display-component---newResourceUnit--BASE_UNIT_OF_MEASURE-arrow\"]"}
COMMAND: POST /session/a195702728a77ff37608f387f074352f/element/f.2A12D66D45573334A301B7B64EE7B035.d.B951DF98A57CE55DFAB1162E56C016C0.e.1402/click - {}
RESULT: {}
COMMAND: POST /session/a195702728a77ff37608f387f074352f/execute/async - {"script":"<script> [1562 bytes]","args":[{"selector":{"controlType":"sap.m.StandardListItem","viewName":"reusables.view.manageresources.NewResourceUnit","viewId":"application-manageresources-display-component---newResourceUnit","properties":{"title":"Piece"},"searchOpenDialogs":true,"interaction":{"idSuffix":"titleText"}},"wdio_ui5_key":"reusablesview.manageresources.NewResourceUnitsap.m.StandardListItem{\"title\":\"Piece\"}"}]}
COMMAND: GET /session/a195702728a77ff37608f387f074352f/screenshot - {}
RESULT: {"script":"<script> [1562 bytes]","args":[{"selector":{"controlType":"sap.m.StandardListItem","viewName":"reusables.view.manageresources.NewResourceUnit","viewId":"application-manageresources-display-component---newResourceUnit","properties":{"title":"Piece"},"searchOpenDialogs":true,"interaction":{"idSuffix":"titleText"}},"wdio_ui5_key":"reusablesview.manageresources.NewResourceUnitsap.m.StandardListItem{\"title\":\"Piece\"}"}]}
RESULT: undefined
COMMAND: POST /session/a195702728a77ff37608f387f074352f/element - {"using":"xpath","value":"//*[@id=\"__item321\"]"}
RESULT: {}
RESULT: {"using":"xpath","value":"//*[@id=\"__item321\"]"}
COMMAND: POST /session/a195702728a77ff37608f387f074352f/element/f.2A12D66D45573334A301B7B64EE7B035.d.B951DF98A57CE55DFAB1162E56C016C0.e.1404/click - {}
RESULT: {}
COMMAND: POST /session/a195702728a77ff37608f387f074352f/element - {"using":"xpath","value":"//input[contains(@id ,\"application-manageresources-display-component---newResourceUnit--SHORT_TEXT-inner\")]"}
COMMAND: GET /session/a195702728a77ff37608f387f074352f/screenshot - {}
RESULT: {"using":"xpath","value":"//input[contains(@id ,\"application-manageresources-display-component---newResourceUnit--SHORT_TEXT-inner\")]"}
COMMAND: GET /session/a195702728a77ff37608f387f074352f/element/f.2A12D66D45573334A301B7B64EE7B035.d.B951DF98A57CE55DFAB1162E56C016C0.e.1365/property/value - {}
RESULT: {}
RESULT: {}
COMMAND: POST /session/a195702728a77ff37608f387f074352f/execute/async - {"script":"<script> [1562 bytes]","args":[{"selector":{"id":"application-manageresources-display-component---newResourceUnit--WEIGHT_UNIT-arrow"},"wdio_ui5_key":"applicationmanageresources-display-component---newResourceUnit--WEIGHT_UNIT-arrow"}]}
COMMAND: GET /session/a195702728a77ff37608f387f074352f/screenshot - {}
RESULT: {"script":"<script> [1562 bytes]","args":[{"selector":{"id":"application-manageresources-display-component---newResourceUnit--WEIGHT_UNIT-arrow"},"wdio_ui5_key":"applicationmanageresources-display-component---newResourceUnit--WEIGHT_UNIT-arrow"}]}
RESULT: undefined
COMMAND: POST /session/a195702728a77ff37608f387f074352f/element - {"using":"xpath","value":"//*[@id=\"application-manageresources-display-component---newResourceUnit--WEIGHT_UNIT-arrow\"]"}
RESULT: {}
RESULT: {"using":"xpath","value":"//*[@id=\"application-manageresources-display-component---newResourceUnit--WEIGHT_UNIT-arrow\"]"}
COMMAND: POST /session/a195702728a77ff37608f387f074352f/element/f.2A12D66D45573334A301B7B64EE7B035.d.B951DF98A57CE55DFAB1162E56C016C0.e.1405/click - {}
RESULT: {}
COMMAND: POST /session/a195702728a77ff37608f387f074352f/execute/async - {"script":"<script> [1562 bytes]","args":[{"selector":{"controlType":"sap.m.StandardListItem","viewName":"reusables.view.manageresources.NewResourceUnit","viewId":"application-manageresources-display-component---newResourceUnit","properties":{"title":"Gram"},"searchOpenDialogs":true,"interaction":{"idSuffix":"content"}},"wdio_ui5_key":"reusablesview.manageresources.NewResourceUnitsap.m.StandardListItem{\"title\":\"Gram\"}"}]}
COMMAND: GET /session/a195702728a77ff37608f387f074352f/screenshot - {}
RESULT: {"script":"<script> [1562 bytes]","args":[{"selector":{"controlType":"sap.m.StandardListItem","viewName":"reusables.view.manageresources.NewResourceUnit","viewId":"application-manageresources-display-component---newResourceUnit","properties":{"title":"Gram"},"searchOpenDialogs":true,"interaction":{"idSuffix":"content"}},"wdio_ui5_key":"reusablesview.manageresources.NewResourceUnitsap.m.StandardListItem{\"title\":\"Gram\"}"}]}
RESULT: undefined
COMMAND: POST /session/a195702728a77ff37608f387f074352f/element - {"using":"xpath","value":"//*[@id=\"__item386\"]"}
RESULT: {}
RESULT: {"using":"xpath","value":"//*[@id=\"__item386\"]"}
COMMAND: POST /session/a195702728a77ff37608f387f074352f/element/f.2A12D66D45573334A301B7B64EE7B035.d.B951DF98A57CE55DFAB1162E56C016C0.e.1407/click - {}
RESULT: {}
COMMAND: POST /session/a195702728a77ff37608f387f074352f/execute/async - {"script":"<script> [1562 bytes]","args":[{"selector":{"id":"application-manageresources-display-component---newResourceUnit--newRRUPage-OPHeaderContent-collapseBtn-img"},"wdio_ui5_key":"applicationmanageresources-display-component---newResourceUnit--newRRUPage-OPHeaderContent-collapseBtn-img"}]}
COMMAND: GET /session/a195702728a77ff37608f387f074352f/screenshot - {}
RESULT: {"script":"<script> [1562 bytes]","args":[{"selector":{"id":"application-manageresources-display-component---newResourceUnit--newRRUPage-OPHeaderContent-collapseBtn-img"},"wdio_ui5_key":"applicationmanageresources-display-component---newResourceUnit--newRRUPage-OPHeaderContent-collapseBtn-img"}]}
RESULT: undefined
COMMAND: POST /session/a195702728a77ff37608f387f074352f/element - {"using":"xpath","value":"//*[@id=\"application-manageresources-display-component---newResourceUnit--newRRUPage-OPHeaderContent-collapseBtn-img\"]"}
RESULT: {}
RESULT: {"using":"xpath","value":"//*[@id=\"application-manageresources-display-component---newResourceUnit--newRRUPage-OPHeaderContent-collapseBtn-img\"]"}
COMMAND: POST /session/a195702728a77ff37608f387f074352f/element/f.2A12D66D45573334A301B7B64EE7B035.d.B951DF98A57CE55DFAB1162E56C016C0.e.1355/click - {}
RESULT: {}
COMMAND: GET /session/a195702728a77ff37608f387f074352f/screenshot - {}
RESULT: {}
COMMAND: POST /session/a195702728a77ff37608f387f074352f/element - {"using":"xpath","value":"(//span[contains(@id ,\"application-manageresources-display-component---newResourceUnit--DIMENSION_UNIT-arrow\")])[1]"}
RESULT: {"using":"xpath","value":"(//span[contains(@id ,\"application-manageresources-display-component---newResourceUnit--DIMENSION_UNIT-arrow\")])[1]"}
COMMAND: POST /session/a195702728a77ff37608f387f074352f/element/f.2A12D66D45573334A301B7B64EE7B035.d.B951DF98A57CE55DFAB1162E56C016C0.e.1411/click - {}
RESULT: {}
COMMAND: GET /session/a195702728a77ff37608f387f074352f/screenshot - {}
RESULT: {}
COMMAND: POST /session/a195702728a77ff37608f387f074352f/execute/async - {"script":"<script> [1562 bytes]","args":[{"selector":{"controlType":"sap.m.StandardListItem","viewName":"reusables.view.manageresources.NewResourceUnit","viewId":"application-manageresources-display-component---newResourceUnit","properties":{"title":"Centimeter"},"searchOpenDialogs":true,"interaction":{"idSuffix":"titleText"}},"wdio_ui5_key":"reusablesview.manageresources.NewResourceUnitsap.m.StandardListItem{\"title\":\"Centimeter\"}"}]}
RESULT: {"script":"<script> [1562 bytes]","args":[{"selector":{"controlType":"sap.m.StandardListItem","viewName":"reusables.view.manageresources.NewResourceUnit","viewId":"application-manageresources-display-component---newResourceUnit","properties":{"title":"Centimeter"},"searchOpenDialogs":true,"interaction":{"idSuffix":"titleText"}},"wdio_ui5_key":"reusablesview.manageresources.NewResourceUnitsap.m.StandardListItem{\"title\":\"Centimeter\"}"}]}
RESULT: undefined
COMMAND: POST /session/a195702728a77ff37608f387f074352f/element - {"using":"xpath","value":"//*[@id=\"__item389\"]"}
RESULT: {"using":"xpath","value":"//*[@id=\"__item389\"]"}
COMMAND: POST /session/a195702728a77ff37608f387f074352f/element/f.2A12D66D45573334A301B7B64EE7B035.d.B951DF98A57CE55DFAB1162E56C016C0.e.1415/click - {}
RESULT: {}
COMMAND: POST /session/a195702728a77ff37608f387f074352f/execute/async - {"script":"<script> [1562 bytes]","args":[{"selector":{"id":"application-manageresources-display-component---newResourceUnit--newRRUPage-anchBar-application-manageresources-display-component---newResourceUnit--reference-anchor","interaction":{"idSuffix":"BDI-content"}},"wdio_ui5_key":"applicationmanageresources-display-component---newResourceUnit--newRRUPage-anchBar-application-manageresources-display-component---newResourceUnit--reference-anchor"}]}
COMMAND: GET /session/a195702728a77ff37608f387f074352f/screenshot - {}
RESULT: {"script":"<script> [1562 bytes]","args":[{"selector":{"id":"application-manageresources-display-component---newResourceUnit--newRRUPage-anchBar-application-manageresources-display-component---newResourceUnit--reference-anchor","interaction":{"idSuffix":"BDI-content"}},"wdio_ui5_key":"applicationmanageresources-display-component---newResourceUnit--newRRUPage-anchBar-application-manageresources-display-component---newResourceUnit--reference-anchor"}]}
RESULT: undefined
COMMAND: POST /session/a195702728a77ff37608f387f074352f/element - {"using":"xpath","value":"//*[@id=\"application-manageresources-display-component---newResourceUnit--newRRUPage-anchBar-application-manageresources-display-component---newResourceUnit--reference-anchor\"]"}
RESULT: {}
RESULT: {"using":"xpath","value":"//*[@id=\"application-manageresources-display-component---newResourceUnit--newRRUPage-anchBar-application-manageresources-display-component---newResourceUnit--reference-anchor\"]"}
COMMAND: POST /session/a195702728a77ff37608f387f074352f/element/f.2A12D66D45573334A301B7B64EE7B035.d.B951DF98A57CE55DFAB1162E56C016C0.e.1417/click - {}
RESULT: {}
COMMAND: POST /session/a195702728a77ff37608f387f074352f/execute/async - {"script":"<script> [1562 bytes]","args":[{"selector":{"id":"application-manageresources-display-component---newResourceUnit--PLANNING_GROUP-arrow"},"wdio_ui5_key":"applicationmanageresources-display-component---newResourceUnit--PLANNING_GROUP-arrow"}]}
COMMAND: GET /session/a195702728a77ff37608f387f074352f/screenshot - {}
RESULT: {"script":"<script> [1562 bytes]","args":[{"selector":{"id":"application-manageresources-display-component---newResourceUnit--PLANNING_GROUP-arrow"},"wdio_ui5_key":"applicationmanageresources-display-component---newResourceUnit--PLANNING_GROUP-arrow"}]}
RESULT: undefined
COMMAND: POST /session/a195702728a77ff37608f387f074352f/element - {"using":"xpath","value":"//*[@id=\"application-manageresources-display-component---newResourceUnit--PLANNING_GROUP-arrow\"]"}
RESULT: {}
RESULT: {"using":"xpath","value":"//*[@id=\"application-manageresources-display-component---newResourceUnit--PLANNING_GROUP-arrow\"]"}
COMMAND: POST /session/a195702728a77ff37608f387f074352f/element/f.2A12D66D45573334A301B7B64EE7B035.d.B951DF98A57CE55DFAB1162E56C016C0.e.1421/click - {}
RESULT: {}
COMMAND: POST /session/a195702728a77ff37608f387f074352f/execute/async - {"script":"<script> [1562 bytes]","args":[{"selector":{"controlType":"sap.m.StandardListItem","viewName":"reusables.view.manageresources.NewResourceUnit","viewId":"application-manageresources-display-component---newResourceUnit","properties":{"title":"Heavy Equi"},"searchOpenDialogs":true,"interaction":{"idSuffix":"content"}},"wdio_ui5_key":"reusablesview.manageresources.NewResourceUnitsap.m.StandardListItem{\"title\":\"Heavy Equi\"}"}]}
COMMAND: GET /session/a195702728a77ff37608f387f074352f/screenshot - {}
RESULT: {}
RESULT: {"script":"<script> [1562 bytes]","args":[{"selector":{"controlType":"sap.m.StandardListItem","viewName":"reusables.view.manageresources.NewResourceUnit","viewId":"application-manageresources-display-component---newResourceUnit","properties":{"title":"Heavy Equi"},"searchOpenDialogs":true,"interaction":{"idSuffix":"content"}},"wdio_ui5_key":"reusablesview.manageresources.NewResourceUnitsap.m.StandardListItem{\"title\":\"Heavy Equi\"}"}]}
RESULT: undefined
COMMAND: POST /session/a195702728a77ff37608f387f074352f/element - {"using":"xpath","value":"//*[@id=\"__item397\"]"}
RESULT: {"using":"xpath","value":"//*[@id=\"__item397\"]"}
COMMAND: POST /session/a195702728a77ff37608f387f074352f/element/f.2A12D66D45573334A301B7B64EE7B035.d.B951DF98A57CE55DFAB1162E56C016C0.e.1425/click - {}
RESULT: {}
COMMAND: GET /session/a195702728a77ff37608f387f074352f/screenshot - {}
RESULT: {}
COMMAND: POST /session/a195702728a77ff37608f387f074352f/execute/async - {"script":"<script> [1562 bytes]","args":[{"selector":{"id":"application-manageresources-display-component---newResourceUnit--PLANNING_INDICATOR-arrow"},"wdio_ui5_key":"applicationmanageresources-display-component---newResourceUnit--PLANNING_INDICATOR-arrow"}]}
RESULT: {"script":"<script> [1562 bytes]","args":[{"selector":{"id":"application-manageresources-display-component---newResourceUnit--PLANNING_INDICATOR-arrow"},"wdio_ui5_key":"applicationmanageresources-display-component---newResourceUnit--PLANNING_INDICATOR-arrow"}]}
RESULT: undefined
COMMAND: POST /session/a195702728a77ff37608f387f074352f/element - {"using":"xpath","value":"//*[@id=\"application-manageresources-display-component---newResourceUnit--PLANNING_INDICATOR-arrow\"]"}
RESULT: {"using":"xpath","value":"//*[@id=\"application-manageresources-display-component---newResourceUnit--PLANNING_INDICATOR-arrow\"]"}
COMMAND: POST /session/a195702728a77ff37608f387f074352f/element/f.2A12D66D45573334A301B7B64EE7B035.d.B951DF98A57CE55DFAB1162E56C016C0.e.1426/click - {}
RESULT: {}
COMMAND: POST /session/a195702728a77ff37608f387f074352f/execute/async - {"script":"<script> [1562 bytes]","args":[{"selector":{"controlType":"sap.m.StandardListItem","viewName":"reusables.view.manageresources.NewResourceUnit","viewId":"application-manageresources-display-component---newResourceUnit","properties":{"title":"10 - infinite"},"searchOpenDialogs":true,"interaction":{"idSuffix":"content"}},"wdio_ui5_key":"reusablesview.manageresources.NewResourceUnitsap.m.StandardListItem{\"title\":\"10 - infinite\"}"}]}
COMMAND: GET /session/a195702728a77ff37608f387f074352f/screenshot - {}
RESULT: {"script":"<script> [1562 bytes]","args":[{"selector":{"controlType":"sap.m.StandardListItem","viewName":"reusables.view.manageresources.NewResourceUnit","viewId":"application-manageresources-display-component---newResourceUnit","properties":{"title":"10 - infinite"},"searchOpenDialogs":true,"interaction":{"idSuffix":"content"}},"wdio_ui5_key":"reusablesview.manageresources.NewResourceUnitsap.m.StandardListItem{\"title\":\"10 - infinite\"}"}]}
RESULT: undefined
COMMAND: POST /session/a195702728a77ff37608f387f074352f/element - {"using":"xpath","value":"//*[@id=\"__item407\"]"}
RESULT: {}
RESULT: {"using":"xpath","value":"//*[@id=\"__item407\"]"}
COMMAND: POST /session/a195702728a77ff37608f387f074352f/element/f.2A12D66D45573334A301B7B64EE7B035.d.B951DF98A57CE55DFAB1162E56C016C0.e.1428/click - {}
RESULT: {}
COMMAND: GET /session/a195702728a77ff37608f387f074352f/screenshot - {}
RESULT: {}
COMMAND: POST /session/a195702728a77ff37608f387f074352f/element - {"using":"xpath","value":"//bdi[contains(text(), \"Time Segment\")]"}
RESULT: {"using":"xpath","value":"//bdi[contains(text(), \"Time Segment\")]"}
COMMAND: GET /session/a195702728a77ff37608f387f074352f/element/f.2A12D66D45573334A301B7B64EE7B035.d.B951DF98A57CE55DFAB1162E56C016C0.e.1429/rect - {}
RESULT: {}
COMMAND: GET /session/a195702728a77ff37608f387f074352f/window/rect - {}
RESULT: {}
COMMAND: POST /session/a195702728a77ff37608f387f074352f/execute/sync - {"script":"<script> [92 bytes]","args":[]}
RESULT: {"script":"<script> [92 bytes]","args":[]}
COMMAND: POST /session/a195702728a77ff37608f387f074352f/actions - {"actions":[{"id":"action5","type":"wheel","parameters":{},"actions":[{"type":"scroll","x":-1820,"y":-21,"deltaX":0,"deltaY":0,"duration":0,"origin":{"element-6066-11e4-a52e-4f735466cecf":"f.2A12D66D45573334A301B7B64EE7B035.d.B951DF98A57CE55DFAB1162E56C016C0.e.1429"}}]}]}
COMMAND: GET /session/a195702728a77ff37608f387f074352f/screenshot - {}
RESULT: {}
COMMAND: POST /session/a195702728a77ff37608f387f074352f/execute/sync - {"script":"<script> [79 bytes]","args":[{"element-6066-11e4-a52e-4f735466cecf":"f.2A12D66D45573334A301B7B64EE7B035.d.B951DF98A57CE55DFAB1162E56C016C0.e.1429","ELEMENT":"f.2A12D66D45573334A301B7B64EE7B035.d.B951DF98A57CE55DFAB1162E56C016C0.e.1429"},{"block":"start","inline":"nearest"}]}
RESULT: {"script":"<script> [79 bytes]","args":[{"element-6066-11e4-a52e-4f735466cecf":"f.2A12D66D45573334A301B7B64EE7B035.d.B951DF98A57CE55DFAB1162E56C016C0.e.1429","ELEMENT":"f.2A12D66D45573334A301B7B64EE7B035.d.B951DF98A57CE55DFAB1162E56C016C0.e.1429"},{"block":"start","inline":"nearest"}]}
COMMAND: GET /session/a195702728a77ff37608f387f074352f/screenshot - {}
RESULT: {}
COMMAND: POST /session/a195702728a77ff37608f387f074352f/element - {"using":"xpath","value":"//span[@id=\"application-manageresources-display-component---newResourceUnit--btnAddTimeSegment-img\"]"}
RESULT: {"using":"xpath","value":"//span[@id=\"application-manageresources-display-component---newResourceUnit--btnAddTimeSegment-img\"]"}
COMMAND: POST /session/a195702728a77ff37608f387f074352f/execute/sync - {"script":"<script> [8489 bytes]","args":[{"element-6066-11e4-a52e-4f735466cecf":"f.2A12D66D45573334A301B7B64EE7B035.d.B951DF98A57CE55DFAB1162E56C016C0.e.1432","ELEMENT":"f.2A12D66D45573334A301B7B64EE7B035.d.B951DF98A57CE55DFAB1162E56C016C0.e.1432"}]}
RESULT: {"script":"<script> [8489 bytes]","args":[{"element-6066-11e4-a52e-4f735466cecf":"f.2A12D66D45573334A301B7B64EE7B035.d.B951DF98A57CE55DFAB1162E56C016C0.e.1432","ELEMENT":"f.2A12D66D45573334A301B7B64EE7B035.d.B951DF98A57CE55DFAB1162E56C016C0.e.1432"}]}
COMMAND: POST /session/a195702728a77ff37608f387f074352f/element/f.2A12D66D45573334A301B7B64EE7B035.d.B951DF98A57CE55DFAB1162E56C016C0.e.1432/click - {}
COMMAND: GET /session/a195702728a77ff37608f387f074352f/screenshot - {}
RESULT: {}
COMMAND: GET /session/a195702728a77ff37608f387f074352f/screenshot - {}
RESULT: {}
RESULT: {}
COMMAND: POST /session/a195702728a77ff37608f387f074352f/element - {"using":"xpath","value":"//input[@id=\"application-manageresources-display-component---newResourceUnit--idRuTSAdmin-application-manageresources-display-component---newResourceUnit--RUTimeSegment-0-inner\"]"}
RESULT: {"using":"xpath","value":"//input[@id=\"application-manageresources-display-component---newResourceUnit--idRuTSAdmin-application-manageresources-display-component---newResourceUnit--RUTimeSegment-0-inner\"]"}
COMMAND: POST /session/a195702728a77ff37608f387f074352f/element/f.2A12D66D45573334A301B7B64EE7B035.d.B951DF98A57CE55DFAB1162E56C016C0.e.1435/clear - {}
RESULT: {}
COMMAND: POST /session/a195702728a77ff37608f387f074352f/element/f.2A12D66D45573334A301B7B64EE7B035.d.B951DF98A57CE55DFAB1162E56C016C0.e.1435/value - {"text":"WebdriverWHMYardj5as5"}
COMMAND: GET /session/a195702728a77ff37608f387f074352f/screenshot - {}
RESULT: {"text":"WebdriverWHMYardj5as5"}
COMMAND: GET /session/a195702728a77ff37608f387f074352f/screenshot - {}
RESULT: {}
RESULT: {}
COMMAND: POST /session/a195702728a77ff37608f387f074352f/actions - {"actions":[{"id":"action6","type":"key","parameters":{},"actions":[{"type":"keyDown","value":""},{"type":"pause","duration":10},{"type":"keyUp","value":""}]}]}
RESULT: {"actions":[{"id":"action6","type":"key","parameters":{},"actions":[{"type":"keyDown","value":""},{"type":"pause","duration":10},{"type":"keyUp","value":""}]}]}
COMMAND: GET /session/a195702728a77ff37608f387f074352f/screenshot - {}
RESULT: {}
COMMAND: POST /session/a195702728a77ff37608f387f074352f/execute/async - {"script":"<script> [1562 bytes]","args":[{"selector":{"controlType":"sap.m.Button","viewName":"reusables.view.manageresources.NewResourceUnit","viewId":"application-manageresources-display-component---newResourceUnit","i18NText":{"propertyName":"tooltip","key":"save"},"interaction":{"idSuffix":"BDI-content"}},"wdio_ui5_key":"reusablesview.manageresources.NewResourceUnitsap.m.Button{\"propertyName\":\"tooltip\",\"key\":\"save\"}"}]}
RESULT: {"script":"<script> [1562 bytes]","args":[{"selector":{"controlType":"sap.m.Button","viewName":"reusables.view.manageresources.NewResourceUnit","viewId":"application-manageresources-display-component---newResourceUnit","i18NText":{"propertyName":"tooltip","key":"save"},"interaction":{"idSuffix":"BDI-content"}},"wdio_ui5_key":"reusablesview.manageresources.NewResourceUnitsap.m.Button{\"propertyName\":\"tooltip\",\"key\":\"save\"}"}]}
RESULT: undefined
COMMAND: POST /session/a195702728a77ff37608f387f074352f/element - {"using":"xpath","value":"//*[@id=\"application-manageresources-display-component---newResourceUnit--createRuButton\"]"}
RESULT: {"using":"xpath","value":"//*[@id=\"application-manageresources-display-component---newResourceUnit--createRuButton\"]"}
COMMAND: POST /session/a195702728a77ff37608f387f074352f/element/f.2A12D66D45573334A301B7B64EE7B035.d.B951DF98A57CE55DFAB1162E56C016C0.e.1361/click - {}
RESULT: {}
COMMAND: GET /session/a195702728a77ff37608f387f074352f/screenshot - {}
RESULT: {}
COMMAND: POST /session/a195702728a77ff37608f387f074352f/execute/async - {"script":"<script> [1562 bytes]","args":[{"selector":{"controlType":"sap.m.Title","properties":{"text":"Success"},"searchOpenDialogs":true},"wdio_ui5_key":"sapm.Title{\"text\":\"Success\"}"}]}
RESULT: {"script":"<script> [1562 bytes]","args":[{"selector":{"controlType":"sap.m.Title","properties":{"text":"Success"},"searchOpenDialogs":true},"wdio_ui5_key":"sapm.Title{\"text\":\"Success\"}"}]}
RESULT: undefined
COMMAND: POST /session/a195702728a77ff37608f387f074352f/execute/async - {"script":"<script> [6424 bytes]","args":[{"element-6066-11e4-a52e-4f735466cecf":"f.2A12D66D45573334A301B7B64EE7B035.d.B951DF98A57CE55DFAB1162E56C016C0.e.1449"},"getText",[]]}
RESULT: {"script":"<script> [6424 bytes]","args":[{"element-6066-11e4-a52e-4f735466cecf":"f.2A12D66D45573334A301B7B64EE7B035.d.B951DF98A57CE55DFAB1162E56C016C0.e.1449"},"getText",[]]}
COMMAND: POST /session/a195702728a77ff37608f387f074352f/element - {"using":"xpath","value":"//*[contains(@id, '__text') and (contains(text(), 'successfully created') or contains(., 'successfully created'))]"}
RESULT: {"using":"xpath","value":"//*[contains(@id, '__text') and (contains(text(), 'successfully created') or contains(., 'successfully created'))]"}
COMMAND: GET /session/a195702728a77ff37608f387f074352f/element/f.2A12D66D45573334A301B7B64EE7B035.d.B951DF98A57CE55DFAB1162E56C016C0.e.1447/text - {}
RESULT: {}
COMMAND: POST /session/a195702728a77ff37608f387f074352f/execute/async - {"script":"<script> [1562 bytes]","args":[{"selector":{"controlType":"sap.m.Button","properties":{"text":"Close"},"searchOpenDialogs":true,"interaction":{"idSuffix":"BDI-content"}},"wdio_ui5_key":"sapm.Button{\"text\":\"Close\"}"}]}
RESULT: {"script":"<script> [1562 bytes]","args":[{"selector":{"controlType":"sap.m.Button","properties":{"text":"Close"},"searchOpenDialogs":true,"interaction":{"idSuffix":"BDI-content"}},"wdio_ui5_key":"sapm.Button{\"text\":\"Close\"}"}]}
RESULT: undefined
COMMAND: POST /session/a195702728a77ff37608f387f074352f/element - {"using":"xpath","value":"//*[@id=\"__mbox-btn-0\"]"}
RESULT: {"using":"xpath","value":"//*[@id=\"__mbox-btn-0\"]"}
COMMAND: POST /session/a195702728a77ff37608f387f074352f/element/f.2A12D66D45573334A301B7B64EE7B035.d.B951DF98A57CE55DFAB1162E56C016C0.e.1445/click - {}
RESULT: {}
COMMAND: GET /session/a195702728a77ff37608f387f074352f/screenshot - {}
RESULT: {}
COMMAND: POST /session/a195702728a77ff37608f387f074352f/execute/async - {"script":"<script> [1562 bytes]","args":[{"selector":{"controlType":"sap.ui.core.Icon","viewName":"etm.portal.ui.manageresources.view.Detail","viewId":"application-manageresources-display-component---detailRU","properties":{"src":{"regex":{"source":"overflow"}}}},"wdio_ui5_key":"etmportal.ui.manageresources.view.Detailsap.ui.core.Icon{\"src\":{\"regex\":{\"source\":\"overflow\"}}}"}]}
RESULT: {"script":"<script> [1562 bytes]","args":[{"selector":{"controlType":"sap.ui.core.Icon","viewName":"etm.portal.ui.manageresources.view.Detail","viewId":"application-manageresources-display-component---detailRU","properties":{"src":{"regex":{"source":"overflow"}}}},"wdio_ui5_key":"etmportal.ui.manageresources.view.Detailsap.ui.core.Icon{\"src\":{\"regex\":{\"source\":\"overflow\"}}}"}]}
RESULT: undefined
COMMAND: POST /session/a195702728a77ff37608f387f074352f/element - {"using":"xpath","value":"//*[@id=\"__title17-_actionsToolbar-overflowButton-img\"]"}
RESULT: {"using":"xpath","value":"//*[@id=\"__title17-_actionsToolbar-overflowButton-img\"]"}
COMMAND: POST /session/a195702728a77ff37608f387f074352f/element/f.2A12D66D45573334A301B7B64EE7B035.d.B951DF98A57CE55DFAB1162E56C016C0.e.1483/click - {}
RESULT: {}
COMMAND: POST /session/a195702728a77ff37608f387f074352f/execute/async - {"script":"<script> [1562 bytes]","args":[{"selector":{"controlType":"sap.m.Button","viewName":"etm.portal.ui.manageresources.view.Detail","viewId":"application-manageresources-display-component---detailRU","i18NText":{"propertyName":"tooltip","key":"closeColumn"},"searchOpenDialogs":true,"interaction":{"idSuffix":"inner"}},"wdio_ui5_key":"etmportal.ui.manageresources.view.Detailsap.m.Button{\"propertyName\":\"tooltip\",\"key\":\"closeColumn\"}"}]}
COMMAND: GET /session/a195702728a77ff37608f387f074352f/screenshot - {}
RESULT: {"script":"<script> [1562 bytes]","args":[{"selector":{"controlType":"sap.m.Button","viewName":"etm.portal.ui.manageresources.view.Detail","viewId":"application-manageresources-display-component---detailRU","i18NText":{"propertyName":"tooltip","key":"closeColumn"},"searchOpenDialogs":true,"interaction":{"idSuffix":"inner"}},"wdio_ui5_key":"etmportal.ui.manageresources.view.Detailsap.m.Button{\"propertyName\":\"tooltip\",\"key\":\"closeColumn\"}"}]}
RESULT: undefined
COMMAND: POST /session/a195702728a77ff37608f387f074352f/element - {"using":"xpath","value":"//*[@id=\"__button45\"]"}
RESULT: {}
RESULT: {"using":"xpath","value":"//*[@id=\"__button45\"]"}
COMMAND: POST /session/a195702728a77ff37608f387f074352f/element/f.2A12D66D45573334A301B7B64EE7B035.d.B951DF98A57CE55DFAB1162E56C016C0.e.1487/click - {}
RESULT: {}
COMMAND: GET /session/a195702728a77ff37608f387f074352f/screenshot - {}
RESULT: {}
COMMAND: POST /session/a195702728a77ff37608f387f074352f/refresh - {}
RESULT: {}
COMMAND: GET /session/a195702728a77ff37608f387f074352f/screenshot - {}
RESULT: {}
COMMAND: POST /session/a195702728a77ff37608f387f074352f/execute/async - {"script":"<script> [189 bytes]","args":[]}
RESULT: {"script":"<script> [189 bytes]","args":[]}
COMMAND: POST /session/a195702728a77ff37608f387f074352f/execute/async - {"script":"<script> [123 bytes]","args":[]}
RESULT: {"script":"<script> [123 bytes]","args":[]}
COMMAND: POST /session/a195702728a77ff37608f387f074352f/timeouts - {"script":"<number>"}
RESULT: {"script":"<number>"}
COMMAND: GET /session/a195702728a77ff37608f387f074352f/timeouts - {}
RESULT: {}
RESULT: undefined
COMMAND: POST /session/a195702728a77ff37608f387f074352f/execute/async - {"script":"<script> [2676 bytes]","args":[]}
RESULT: {"script":"<script> [2676 bytes]","args":[]}
COMMAND: POST /session/a195702728a77ff37608f387f074352f/execute/async - {"script":"<script> [2342 bytes]","args":[{"protocol":"http","hostname":"0.0.0.0","path":"/","capabilities":{"browserName":"chrome","goog:chromeOptions":{"binary":"C:\\Program Files\\Google\\Chrome\\Application\\chrome.exe","args":["--start-maximized"]}},"logLevel":"warn","connectionRetryTimeout":120000,"connectionRetryCount":3,"logLevels":{},"enableDirectConnect":true,"strictSSL":true,"_":"65 more keys: [\"cacheDir\",\"port\",\"requestedCapabilities\",\"automationProtocol\",\"baseUrl\",\"waitforInterval\",\"waitforTimeout\",\"onReload\",\"beforeCommand\",\"afterCommand\",\"rootDir\",\"specs\",\"suites\",\"exclude\",\"groupLogsByTestSpec\",\"excludeDriverLogs\",\"bail\",\"framework\",\"reporters\",\"services\",\"maxInstances\",\"maxInstancesPerCapability\",\"injectGlobals\",\"filesToWatch\",\"execArgv\",\"runnerEnv\",\"runner\",\"shard\",\"specFileRetries\",\"specFileRetriesDelay\",\"specFileRetriesDeferred\",\"reporterSyncInterval\",\"reporterSyncTimeout\",\"cucumberFeaturesWithLineNumbers\",\"autoCompileOpts\",\"mochaOpts\",\"jasmineOpts\",\"cucumberOpts\",\"onPrepare\",\"onWorkerStart\",\"onWorkerEnd\",\"before\",\"beforeSession\",\"beforeSuite\",\"beforeHook\",\"beforeTest\",\"afterTest\",\"afterHook\",\"afterSuite\",\"afterSession\",\"after\",\"onComplete\",\"beforeAssertion\",\"afterAssertion\",\"beforeFeature\",\"beforeScenario\",\"beforeStep\",\"afterStep\",\"afterScenario\",\"afterFeature\",\"_\",\"suite\",\"$0\",\"ignoredWorkerServices\",\"wdi5\"]"}]}
RESULT: {"script":"<script> [2342 bytes]","args":[{"protocol":"http","hostname":"0.0.0.0","path":"/","capabilities":{"browserName":"chrome","goog:chromeOptions":{"binary":"C:\\Program Files\\Google\\Chrome\\Application\\chrome.exe","args":["--start-maximized"]}},"logLevel":"warn","connectionRetryTimeout":120000,"connectionRetryCount":3,"logLevels":{},"enableDirectConnect":true,"strictSSL":true,"_":"65 more keys: [\"cacheDir\",\"port\",\"requestedCapabilities\",\"automationProtocol\",\"baseUrl\",\"waitforInterval\",\"waitforTimeout\",\"onReload\",\"beforeCommand\",\"afterCommand\",\"rootDir\",\"specs\",\"suites\",\"exclude\",\"groupLogsByTestSpec\",\"excludeDriverLogs\",\"bail\",\"framework\",\"reporters\",\"services\",\"maxInstances\",\"maxInstancesPerCapability\",\"injectGlobals\",\"filesToWatch\",\"execArgv\",\"runnerEnv\",\"runner\",\"shard\",\"specFileRetries\",\"specFileRetriesDelay\",\"specFileRetriesDeferred\",\"reporterSyncInterval\",\"reporterSyncTimeout\",\"cucumberFeaturesWithLineNumbers\",\"autoCompileOpts\",\"mochaOpts\",\"jasmineOpts\",\"cucumberOpts\",\"onPrepare\",\"onWorkerStart\",\"onWorkerEnd\",\"before\",\"beforeSession\",\"beforeSuite\",\"beforeHook\",\"beforeTest\",\"afterTest\",\"afterHook\",\"afterSuite\",\"afterSession\",\"after\",\"onComplete\",\"beforeAssertion\",\"afterAssertion\",\"beforeFeature\",\"beforeScenario\",\"beforeStep\",\"afterStep\",\"afterScenario\",\"afterFeature\",\"_\",\"suite\",\"$0\",\"ignoredWorkerServices\",\"wdi5\"]"}]}
COMMAND: POST /session/a195702728a77ff37608f387f074352f/execute/async - {"script":"<script> [21126 bytes]","args":[35000]}
RESULT: {"script":"<script> [21126 bytes]","args":[35000]}
COMMAND: POST /session/a195702728a77ff37608f387f074352f/element - {"using":"css selector","value":"#shell-header-logo"}
RESULT: {"using":"css selector","value":"#shell-header-logo"}
COMMAND: POST /session/a195702728a77ff37608f387f074352f/element/f.2A12D66D45573334A301B7B64EE7B035.d.1A5567395A2AC6B2BBD8675E782A73A2.e.1590/click - {}
RESULT: {}
COMMAND: GET /session/a195702728a77ff37608f387f074352f/screenshot - {}
RESULT: {}
COMMAND: POST /session/a195702728a77ff37608f387f074352f/element - {"using":"css selector","value":"#shell-header-logo"}
RESULT: {"using":"css selector","value":"#shell-header-logo"}
COMMAND: POST /session/a195702728a77ff37608f387f074352f/element/f.2A12D66D45573334A301B7B64EE7B035.d.1A5567395A2AC6B2BBD8675E782A73A2.e.1773/click - {}
RESULT: {}
COMMAND: GET /session/a195702728a77ff37608f387f074352f/screenshot - {}
RESULT: {}
]]></system-out>
    </testcase>
    <testcase classname="chrome.136_0_7103_93.windows.Warehouse_movements_inventory_test" name="Should do a stock increase handover" time="70.095">
      <failure/>
      <error message="receiptDate.setValue is not a function"/>
      <system-out><![CDATA[
COMMAND: POST /session/a195702728a77ff37608f387f074352f/execute/async - {"script":"<script> [1562 bytes]","args":[{"selector":{"controlType":"sap.m.GenericTile","properties":{"header":"Manage Handovers"}},"wdio_ui5_key":"sapm.GenericTile{\"header\":\"Manage Handovers\"}"}]}
RESULT: {"script":"<script> [1562 bytes]","args":[{"selector":{"controlType":"sap.m.GenericTile","properties":{"header":"Manage Handovers"}},"wdio_ui5_key":"sapm.GenericTile{\"header\":\"Manage Handovers\"}"}]}
RESULT: undefined
COMMAND: POST /session/a195702728a77ff37608f387f074352f/element - {"using":"xpath","value":"//*[@id=\"__tile131\"]"}
RESULT: {"using":"xpath","value":"//*[@id=\"__tile131\"]"}
COMMAND: POST /session/a195702728a77ff37608f387f074352f/element/f.2A12D66D45573334A301B7B64EE7B035.d.1A5567395A2AC6B2BBD8675E782A73A2.e.1774/click - {}
RESULT: {}
COMMAND: GET /session/a195702728a77ff37608f387f074352f/screenshot - {}
RESULT: {}
COMMAND: POST /session/a195702728a77ff37608f387f074352f/elements - {"using":"xpath","value":"//span[text()='Error']"}
RESULT: {"using":"xpath","value":"//span[text()='Error']"}
COMMAND: POST /session/a195702728a77ff37608f387f074352f/element - {"using":"xpath","value":"//button[(@data-kt = 'masterHOAddButton')]"}
RESULT: {"using":"xpath","value":"//button[(@data-kt = 'masterHOAddButton')]"}
COMMAND: POST /session/a195702728a77ff37608f387f074352f/element/f.2A12D66D45573334A301B7B64EE7B035.d.1A5567395A2AC6B2BBD8675E782A73A2.e.1813/click - {}
RESULT: {}
COMMAND: GET /session/a195702728a77ff37608f387f074352f/screenshot - {}
RESULT: {}
COMMAND: POST /session/a195702728a77ff37608f387f074352f/element - {"using":"xpath","value":"//span[contains(@id ,\"AddNewHO--typeSelect-arrow\")]"}
RESULT: {"using":"xpath","value":"//span[contains(@id ,\"AddNewHO--typeSelect-arrow\")]"}
COMMAND: POST /session/a195702728a77ff37608f387f074352f/element/f.2A12D66D45573334A301B7B64EE7B035.d.1A5567395A2AC6B2BBD8675E782A73A2.e.2104/click - {}
RESULT: {}
COMMAND: POST /session/a195702728a77ff37608f387f074352f/element - {"using":"xpath","value":"(//li[contains(text(), \"stock increase yard\")])[1]"}
COMMAND: GET /session/a195702728a77ff37608f387f074352f/screenshot - {}
RESULT: {"using":"xpath","value":"(//li[contains(text(), \"stock increase yard\")])[1]"}
COMMAND: POST /session/a195702728a77ff37608f387f074352f/element/f.2A12D66D45573334A301B7B64EE7B035.d.1A5567395A2AC6B2BBD8675E782A73A2.e.2105/click - {}
RESULT: {}
RESULT: {}
COMMAND: GET /session/a195702728a77ff37608f387f074352f/screenshot - {}
RESULT: {}
COMMAND: POST /session/a195702728a77ff37608f387f074352f/execute/async - {"script":"<script> [1562 bytes]","args":[{"selector":{"id":"application-managehandovers-display-component---AddNewHO--dueDate","interaction":{"idSuffix":"inner"}},"wdio_ui5_key":"applicationmanagehandovers-display-component---AddNewHO--dueDate"}]}
RESULT: {"script":"<script> [1562 bytes]","args":[{"selector":{"id":"application-managehandovers-display-component---AddNewHO--dueDate","interaction":{"idSuffix":"inner"}},"wdio_ui5_key":"applicationmanagehandovers-display-component---AddNewHO--dueDate"}]}
RESULT: undefined
COMMAND: POST /session/a195702728a77ff37608f387f074352f/execute/async - {"script":"<script> [6424 bytes]","args":[{"element-6066-11e4-a52e-4f735466cecf":"f.2A12D66D45573334A301B7B64EE7B035.d.1A5567395A2AC6B2BBD8675E782A73A2.e.2107"},"setValue",["5/22/25"]]}
RESULT: {"script":"<script> [6424 bytes]","args":[{"element-6066-11e4-a52e-4f735466cecf":"f.2A12D66D45573334A301B7B64EE7B035.d.1A5567395A2AC6B2BBD8675E782A73A2.e.2107"},"setValue",["5/22/25"]]}
COMMAND: POST /session/a195702728a77ff37608f387f074352f/element - {"using":"xpath","value":"//input[@id=\"generalSectionFrg--receiveYard-inner\"]"}
RESULT: {"using":"xpath","value":"//input[@id=\"generalSectionFrg--receiveYard-inner\"]"}
COMMAND: POST /session/a195702728a77ff37608f387f074352f/element/f.2A12D66D45573334A301B7B64EE7B035.d.1A5567395A2AC6B2BBD8675E782A73A2.e.2111/clear - {}
RESULT: {}
COMMAND: POST /session/a195702728a77ff37608f387f074352f/element/f.2A12D66D45573334A301B7B64EE7B035.d.1A5567395A2AC6B2BBD8675E782A73A2.e.2111/value - {"text":"WebdriverWHMYardj5as5"}
COMMAND: GET /session/a195702728a77ff37608f387f074352f/screenshot - {}
RESULT: {"text":"WebdriverWHMYardj5as5"}
COMMAND: GET /session/a195702728a77ff37608f387f074352f/screenshot - {}
RESULT: {}
RESULT: {}
COMMAND: POST /session/a195702728a77ff37608f387f074352f/execute/async - {"script":"<script> [1562 bytes]","args":[{"selector":{"id":"application-managehandovers-display-component---AddNewHO--ObjectPageLayout-anchBar-application-managehandovers-display-component---AddNewHO--section4-anchor","interaction":{"idSuffix":"BDI-content"}},"wdio_ui5_key":"applicationmanagehandovers-display-component---AddNewHO--ObjectPageLayout-anchBar-application-managehandovers-display-component---AddNewHO--section4-anchor"}]}
RESULT: {"script":"<script> [1562 bytes]","args":[{"selector":{"id":"application-managehandovers-display-component---AddNewHO--ObjectPageLayout-anchBar-application-managehandovers-display-component---AddNewHO--section4-anchor","interaction":{"idSuffix":"BDI-content"}},"wdio_ui5_key":"applicationmanagehandovers-display-component---AddNewHO--ObjectPageLayout-anchBar-application-managehandovers-display-component---AddNewHO--section4-anchor"}]}
RESULT: undefined
COMMAND: POST /session/a195702728a77ff37608f387f074352f/element - {"using":"xpath","value":"//*[@id=\"application-managehandovers-display-component---AddNewHO--ObjectPageLayout-anchBar-application-managehandovers-display-component---AddNewHO--section4-anchor\"]"}
RESULT: {"using":"xpath","value":"//*[@id=\"application-managehandovers-display-component---AddNewHO--ObjectPageLayout-anchBar-application-managehandovers-display-component---AddNewHO--section4-anchor\"]"}
COMMAND: POST /session/a195702728a77ff37608f387f074352f/element/f.2A12D66D45573334A301B7B64EE7B035.d.1A5567395A2AC6B2BBD8675E782A73A2.e.2131/click - {}
RESULT: {}
COMMAND: GET /session/a195702728a77ff37608f387f074352f/screenshot - {}
RESULT: {}
COMMAND: POST /session/a195702728a77ff37608f387f074352f/element - {"using":"xpath","value":"//button[@aria-label=\"Add\"]"}
RESULT: {"using":"xpath","value":"//button[@aria-label=\"Add\"]"}
COMMAND: POST /session/a195702728a77ff37608f387f074352f/element/f.2A12D66D45573334A301B7B64EE7B035.d.1A5567395A2AC6B2BBD8675E782A73A2.e.2135/click - {}
RESULT: {}
COMMAND: GET /session/a195702728a77ff37608f387f074352f/screenshot - {}
RESULT: {}
COMMAND: POST /session/a195702728a77ff37608f387f074352f/execute/async - {"script":"<script> [1562 bytes]","args":[{"selector":{"id":"application-managehandovers-display-component---AddNewHO--smartFilterBar-btnBasicSearch","searchOpenDialogs":true,"interaction":{"idSuffix":"I"}},"wdio_ui5_key":"applicationmanagehandovers-display-component---AddNewHO--smartFilterBar-btnBasicSearch"}]}
RESULT: {"script":"<script> [1562 bytes]","args":[{"selector":{"id":"application-managehandovers-display-component---AddNewHO--smartFilterBar-btnBasicSearch","searchOpenDialogs":true,"interaction":{"idSuffix":"I"}},"wdio_ui5_key":"applicationmanagehandovers-display-component---AddNewHO--smartFilterBar-btnBasicSearch"}]}
RESULT: undefined
COMMAND: POST /session/a195702728a77ff37608f387f074352f/execute/async - {"script":"<script> [776 bytes]","args":[{"enterText":"WebdriverRUR2C0svkg","selector":{"id":"application-managehandovers-display-component---AddNewHO--smartFilterBar-btnBasicSearch","searchOpenDialogs":true,"interaction":{"idSuffix":"I"}},"clearTextFirst":true,"interactionType":"ENTER_TEXT"}]}
RESULT: {"script":"<script> [776 bytes]","args":[{"enterText":"WebdriverRUR2C0svkg","selector":{"id":"application-managehandovers-display-component---AddNewHO--smartFilterBar-btnBasicSearch","searchOpenDialogs":true,"interaction":{"idSuffix":"I"}},"clearTextFirst":true,"interactionType":"ENTER_TEXT"}]}
COMMAND: POST /session/a195702728a77ff37608f387f074352f/actions - {"actions":[{"id":"action7","type":"key","parameters":{},"actions":[{"type":"keyDown","value":""},{"type":"pause","duration":10},{"type":"keyUp","value":""}]}]}
RESULT: {"actions":[{"id":"action7","type":"key","parameters":{},"actions":[{"type":"keyDown","value":""},{"type":"pause","duration":10},{"type":"keyUp","value":""}]}]}
COMMAND: POST /session/a195702728a77ff37608f387f074352f/execute/async - {"script":"<script> [1562 bytes]","args":[{"selector":{"id":"application-managehandovers-display-component---AddNewHO--popup-sa","searchOpenDialogs":true,"interaction":{"idSuffix":"CbBg"}},"wdio_ui5_key":"applicationmanagehandovers-display-component---AddNewHO--popup-sa"}]}
COMMAND: GET /session/a195702728a77ff37608f387f074352f/screenshot - {}
RESULT: {"script":"<script> [1562 bytes]","args":[{"selector":{"id":"application-managehandovers-display-component---AddNewHO--popup-sa","searchOpenDialogs":true,"interaction":{"idSuffix":"CbBg"}},"wdio_ui5_key":"applicationmanagehandovers-display-component---AddNewHO--popup-sa"}]}
RESULT: undefined
COMMAND: POST /session/a195702728a77ff37608f387f074352f/element - {"using":"xpath","value":"//*[@id=\"application-managehandovers-display-component---AddNewHO--popup-sa\"]"}
RESULT: {}
RESULT: {"using":"xpath","value":"//*[@id=\"application-managehandovers-display-component---AddNewHO--popup-sa\"]"}
COMMAND: POST /session/a195702728a77ff37608f387f074352f/element/f.2A12D66D45573334A301B7B64EE7B035.d.1A5567395A2AC6B2BBD8675E782A73A2.e.2288/click - {}
RESULT: {}
COMMAND: GET /session/a195702728a77ff37608f387f074352f/screenshot - {}
RESULT: {}
COMMAND: POST /session/a195702728a77ff37608f387f074352f/element - {"using":"xpath","value":"//bdi[contains(text(), \"Select\")]"}
RESULT: {"using":"xpath","value":"//bdi[contains(text(), \"Select\")]"}
COMMAND: POST /session/a195702728a77ff37608f387f074352f/element/f.2A12D66D45573334A301B7B64EE7B035.d.1A5567395A2AC6B2BBD8675E782A73A2.e.2289/click - {}
RESULT: {}
COMMAND: GET /session/a195702728a77ff37608f387f074352f/screenshot - {}
RESULT: {}
COMMAND: POST /session/a195702728a77ff37608f387f074352f/element - {"using":"xpath","value":"//button[@data-kt=\"AddNewHOSaveButton\"]"}
RESULT: {"using":"xpath","value":"//button[@data-kt=\"AddNewHOSaveButton\"]"}
COMMAND: POST /session/a195702728a77ff37608f387f074352f/element/f.2A12D66D45573334A301B7B64EE7B035.d.1A5567395A2AC6B2BBD8675E782A73A2.e.2293/click - {}
RESULT: {}
COMMAND: GET /session/a195702728a77ff37608f387f074352f/screenshot - {}
RESULT: {}
COMMAND: POST /session/a195702728a77ff37608f387f074352f/execute/async - {"script":"<script> [1562 bytes]","args":[{"selector":{"id":"receiptDatePicker","viewName":"etm.portal.ui.managehandovers.view.DetailExecuteHO","interaction":{"idSuffix":"inner"}},"wdio_ui5_key":"receiptDatePickeretmportal.ui.managehandovers.view.DetailExecuteHO"}]}
RESULT: {"script":"<script> [1562 bytes]","args":[{"selector":{"id":"receiptDatePicker","viewName":"etm.portal.ui.managehandovers.view.DetailExecuteHO","interaction":{"idSuffix":"inner"}},"wdio_ui5_key":"receiptDatePickeretmportal.ui.managehandovers.view.DetailExecuteHO"}]}
RESULT: undefined
COMMAND: GET /session/a195702728a77ff37608f387f074352f/screenshot - {}
RESULT: {}
]]></system-out>
      <system-err><![CDATA[
TypeError: receiptDate.setValue is not a function
    at Context.<anonymous> (D:\a\1\s\test\specs\HTR\smoke-warehouse-movements-inventory.js:566:27)
]]></system-err>
    </testcase>
    <testcase classname="chrome.136_0_7103_93.windows.Warehouse_movements_inventory_test" name="Verify the warehouse movement" time="92.26">
      <failure/>
      <error message="Can't call click on element with selector &quot;//div[@id='application-warehousemovements-display-component---warehouseMovements--smartFilterBar-filterItemControl_BASIC-YARD-valueHelpDialog-table-rowsel0']&quot; because element wasn't found"/>
      <system-out><![CDATA[
COMMAND: POST /session/a195702728a77ff37608f387f074352f/execute/async - {"script":"<script> [1562 bytes]","args":[{"selector":{"controlType":"sap.m.GenericTile","properties":{"header":"Manage Warehouse Movements"}},"wdio_ui5_key":"sapm.GenericTile{\"header\":\"Manage Warehouse Movements\"}"}]}
COMMAND: GET /session/a195702728a77ff37608f387f074352f/screenshot - {}
RESULT: {"script":"<script> [1562 bytes]","args":[{"selector":{"controlType":"sap.m.GenericTile","properties":{"header":"Manage Warehouse Movements"}},"wdio_ui5_key":"sapm.GenericTile{\"header\":\"Manage Warehouse Movements\"}"}]}
RESULT: undefined
RESULT: {}
COMMAND: POST /session/a195702728a77ff37608f387f074352f/elements - {"using":"xpath","value":"//span[text()='Error']"}
RESULT: {"using":"xpath","value":"//span[text()='Error']"}
COMMAND: POST /session/a195702728a77ff37608f387f074352f/elements - {"using":"xpath","value":"//*[text()='Close']"}
RESULT: {"using":"xpath","value":"//*[text()='Close']"}
COMMAND: GET /session/a195702728a77ff37608f387f074352f/element/f.2A12D66D45573334A301B7B64EE7B035.d.1A5567395A2AC6B2BBD8675E782A73A2.e.2297/enabled - {}
RESULT: {}
COMMAND: POST /session/a195702728a77ff37608f387f074352f/execute/sync - {"script":"<script> [8489 bytes]","args":[{"element-6066-11e4-a52e-4f735466cecf":"f.2A12D66D45573334A301B7B64EE7B035.d.1A5567395A2AC6B2BBD8675E782A73A2.e.2297","ELEMENT":"f.2A12D66D45573334A301B7B64EE7B035.d.1A5567395A2AC6B2BBD8675E782A73A2.e.2297"}]}
COMMAND: GET /session/a195702728a77ff37608f387f074352f/screenshot - {}
RESULT: {"script":"<script> [8489 bytes]","args":[{"element-6066-11e4-a52e-4f735466cecf":"f.2A12D66D45573334A301B7B64EE7B035.d.1A5567395A2AC6B2BBD8675E782A73A2.e.2297","ELEMENT":"f.2A12D66D45573334A301B7B64EE7B035.d.1A5567395A2AC6B2BBD8675E782A73A2.e.2297"}]}
COMMAND: POST /session/a195702728a77ff37608f387f074352f/execute/sync - {"script":"<script> [5351 bytes]","args":[{"element-6066-11e4-a52e-4f735466cecf":"f.2A12D66D45573334A301B7B64EE7B035.d.1A5567395A2AC6B2BBD8675E782A73A2.e.2297","ELEMENT":"f.2A12D66D45573334A301B7B64EE7B035.d.1A5567395A2AC6B2BBD8675E782A73A2.e.2297"}]}
COMMAND: GET /session/a195702728a77ff37608f387f074352f/screenshot - {}
RESULT: {}
RESULT: {"script":"<script> [5351 bytes]","args":[{"element-6066-11e4-a52e-4f735466cecf":"f.2A12D66D45573334A301B7B64EE7B035.d.1A5567395A2AC6B2BBD8675E782A73A2.e.2297","ELEMENT":"f.2A12D66D45573334A301B7B64EE7B035.d.1A5567395A2AC6B2BBD8675E782A73A2.e.2297"}]}
COMMAND: POST /session/a195702728a77ff37608f387f074352f/element/f.2A12D66D45573334A301B7B64EE7B035.d.1A5567395A2AC6B2BBD8675E782A73A2.e.2297/click - {}
COMMAND: GET /session/a195702728a77ff37608f387f074352f/screenshot - {}
RESULT: {}
RESULT: {}
COMMAND: POST /session/a195702728a77ff37608f387f074352f/elements - {"using":"xpath","value":"//*[text()='OK']"}
COMMAND: GET /session/a195702728a77ff37608f387f074352f/screenshot - {}
RESULT: {}
RESULT: {"using":"xpath","value":"//*[text()='OK']"}
RESULT: {}
COMMAND: POST /session/a195702728a77ff37608f387f074352f/execute/async - {"script":"<script> [1562 bytes]","args":[{"selector":{"id":"application-warehousemovements-display-component---warehouseMovements--smartFilterBar-filterItemControl_BASIC-YARD-vhi"},"wdio_ui5_key":"applicationwarehousemovements-display-component---warehouseMovements--smartFilterBar-filterItemControl_BASIC-YARD-vhi"}]}
RESULT: {"script":"<script> [1562 bytes]","args":[{"selector":{"id":"application-warehousemovements-display-component---warehouseMovements--smartFilterBar-filterItemControl_BASIC-YARD-vhi"},"wdio_ui5_key":"applicationwarehousemovements-display-component---warehouseMovements--smartFilterBar-filterItemControl_BASIC-YARD-vhi"}]}
RESULT: undefined
COMMAND: POST /session/a195702728a77ff37608f387f074352f/execute/async - {"script":"<script> [1562 bytes]","args":[{"selector":{"id":"application-warehousemovements-display-component---warehouseMovements--smartFilterBar-filterItemControl_BASIC-YARD-valueHelpDialog-smartFilterBar-btnBasicSearch","searchOpenDialogs":true,"interaction":{"idSuffix":"I"}},"wdio_ui5_key":"applicationwarehousemovements-display-component---warehouseMovements--smartFilterBar-filterItemControl_BASIC-YARD-valueHelpDialog-smartFilterBar-btnBasicSearch"}]}
RESULT: {"script":"<script> [1562 bytes]","args":[{"selector":{"id":"application-warehousemovements-display-component---warehouseMovements--smartFilterBar-filterItemControl_BASIC-YARD-valueHelpDialog-smartFilterBar-btnBasicSearch","searchOpenDialogs":true,"interaction":{"idSuffix":"I"}},"wdio_ui5_key":"applicationwarehousemovements-display-component---warehouseMovements--smartFilterBar-filterItemControl_BASIC-YARD-valueHelpDialog-smartFilterBar-btnBasicSearch"}]}
RESULT: undefined
COMMAND: POST /session/a195702728a77ff37608f387f074352f/actions - {"actions":[{"id":"action8","type":"key","parameters":{},"actions":[{"type":"keyDown","value":""},{"type":"pause","duration":10},{"type":"keyUp","value":""}]}]}
RESULT: {"actions":[{"id":"action8","type":"key","parameters":{},"actions":[{"type":"keyDown","value":""},{"type":"pause","duration":10},{"type":"keyUp","value":""}]}]}
COMMAND: GET /session/a195702728a77ff37608f387f074352f/screenshot - {}
RESULT: {}
COMMAND: POST /session/a195702728a77ff37608f387f074352f/element - {"using":"xpath","value":"//div[@id='application-warehousemovements-display-component---warehouseMovements--smartFilterBar-filterItemControl_BASIC-YARD-valueHelpDialog-table-rowsel0']"}
RESULT: {"using":"xpath","value":"//div[@id='application-warehousemovements-display-component---warehouseMovements--smartFilterBar-filterItemControl_BASIC-YARD-valueHelpDialog-table-rowsel0']"}
COMMAND: POST /session/a195702728a77ff37608f387f074352f/elements - {"using":"xpath","value":"//div[@id='application-warehousemovements-display-component---warehouseMovements--smartFilterBar-filterItemControl_BASIC-YARD-valueHelpDialog-table-rowsel0']"}
RESULT: {"using":"xpath","value":"//div[@id='application-warehousemovements-display-component---warehouseMovements--smartFilterBar-filterItemControl_BASIC-YARD-valueHelpDialog-table-rowsel0']"}
COMMAND: POST /session/a195702728a77ff37608f387f074352f/elements - {"using":"xpath","value":"//div[@id='application-warehousemovements-display-component---warehouseMovements--smartFilterBar-filterItemControl_BASIC-YARD-valueHelpDialog-table-rowsel0']"}
RESULT: {"using":"xpath","value":"//div[@id='application-warehousemovements-display-component---warehouseMovements--smartFilterBar-filterItemControl_BASIC-YARD-valueHelpDialog-table-rowsel0']"}
COMMAND: POST /session/a195702728a77ff37608f387f074352f/elements - {"using":"xpath","value":"//div[@id='application-warehousemovements-display-component---warehouseMovements--smartFilterBar-filterItemControl_BASIC-YARD-valueHelpDialog-table-rowsel0']"}
RESULT: {"using":"xpath","value":"//div[@id='application-warehousemovements-display-component---warehouseMovements--smartFilterBar-filterItemControl_BASIC-YARD-valueHelpDialog-table-rowsel0']"}
COMMAND: POST /session/a195702728a77ff37608f387f074352f/elements - {"using":"xpath","value":"//div[@id='application-warehousemovements-display-component---warehouseMovements--smartFilterBar-filterItemControl_BASIC-YARD-valueHelpDialog-table-rowsel0']"}
RESULT: {"using":"xpath","value":"//div[@id='application-warehousemovements-display-component---warehouseMovements--smartFilterBar-filterItemControl_BASIC-YARD-valueHelpDialog-table-rowsel0']"}
COMMAND: POST /session/a195702728a77ff37608f387f074352f/elements - {"using":"xpath","value":"//div[@id='application-warehousemovements-display-component---warehouseMovements--smartFilterBar-filterItemControl_BASIC-YARD-valueHelpDialog-table-rowsel0']"}
RESULT: {"using":"xpath","value":"//div[@id='application-warehousemovements-display-component---warehouseMovements--smartFilterBar-filterItemControl_BASIC-YARD-valueHelpDialog-table-rowsel0']"}
COMMAND: POST /session/a195702728a77ff37608f387f074352f/elements - {"using":"xpath","value":"//div[@id='application-warehousemovements-display-component---warehouseMovements--smartFilterBar-filterItemControl_BASIC-YARD-valueHelpDialog-table-rowsel0']"}
RESULT: {"using":"xpath","value":"//div[@id='application-warehousemovements-display-component---warehouseMovements--smartFilterBar-filterItemControl_BASIC-YARD-valueHelpDialog-table-rowsel0']"}
COMMAND: POST /session/a195702728a77ff37608f387f074352f/elements - {"using":"xpath","value":"//div[@id='application-warehousemovements-display-component---warehouseMovements--smartFilterBar-filterItemControl_BASIC-YARD-valueHelpDialog-table-rowsel0']"}
RESULT: {"using":"xpath","value":"//div[@id='application-warehousemovements-display-component---warehouseMovements--smartFilterBar-filterItemControl_BASIC-YARD-valueHelpDialog-table-rowsel0']"}
COMMAND: POST /session/a195702728a77ff37608f387f074352f/elements - {"using":"xpath","value":"//div[@id='application-warehousemovements-display-component---warehouseMovements--smartFilterBar-filterItemControl_BASIC-YARD-valueHelpDialog-table-rowsel0']"}
RESULT: {"using":"xpath","value":"//div[@id='application-warehousemovements-display-component---warehouseMovements--smartFilterBar-filterItemControl_BASIC-YARD-valueHelpDialog-table-rowsel0']"}
COMMAND: POST /session/a195702728a77ff37608f387f074352f/elements - {"using":"xpath","value":"//div[@id='application-warehousemovements-display-component---warehouseMovements--smartFilterBar-filterItemControl_BASIC-YARD-valueHelpDialog-table-rowsel0']"}
RESULT: {"using":"xpath","value":"//div[@id='application-warehousemovements-display-component---warehouseMovements--smartFilterBar-filterItemControl_BASIC-YARD-valueHelpDialog-table-rowsel0']"}
COMMAND: POST /session/a195702728a77ff37608f387f074352f/elements - {"using":"xpath","value":"//div[@id='application-warehousemovements-display-component---warehouseMovements--smartFilterBar-filterItemControl_BASIC-YARD-valueHelpDialog-table-rowsel0']"}
RESULT: {"using":"xpath","value":"//div[@id='application-warehousemovements-display-component---warehouseMovements--smartFilterBar-filterItemControl_BASIC-YARD-valueHelpDialog-table-rowsel0']"}
COMMAND: POST /session/a195702728a77ff37608f387f074352f/elements - {"using":"xpath","value":"//div[@id='application-warehousemovements-display-component---warehouseMovements--smartFilterBar-filterItemControl_BASIC-YARD-valueHelpDialog-table-rowsel0']"}
RESULT: {"using":"xpath","value":"//div[@id='application-warehousemovements-display-component---warehouseMovements--smartFilterBar-filterItemControl_BASIC-YARD-valueHelpDialog-table-rowsel0']"}
COMMAND: POST /session/a195702728a77ff37608f387f074352f/elements - {"using":"xpath","value":"//div[@id='application-warehousemovements-display-component---warehouseMovements--smartFilterBar-filterItemControl_BASIC-YARD-valueHelpDialog-table-rowsel0']"}
RESULT: {"using":"xpath","value":"//div[@id='application-warehousemovements-display-component---warehouseMovements--smartFilterBar-filterItemControl_BASIC-YARD-valueHelpDialog-table-rowsel0']"}
COMMAND: POST /session/a195702728a77ff37608f387f074352f/elements - {"using":"xpath","value":"//div[@id='application-warehousemovements-display-component---warehouseMovements--smartFilterBar-filterItemControl_BASIC-YARD-valueHelpDialog-table-rowsel0']"}
RESULT: {"using":"xpath","value":"//div[@id='application-warehousemovements-display-component---warehouseMovements--smartFilterBar-filterItemControl_BASIC-YARD-valueHelpDialog-table-rowsel0']"}
COMMAND: POST /session/a195702728a77ff37608f387f074352f/elements - {"using":"xpath","value":"//div[@id='application-warehousemovements-display-component---warehouseMovements--smartFilterBar-filterItemControl_BASIC-YARD-valueHelpDialog-table-rowsel0']"}
RESULT: {"using":"xpath","value":"//div[@id='application-warehousemovements-display-component---warehouseMovements--smartFilterBar-filterItemControl_BASIC-YARD-valueHelpDialog-table-rowsel0']"}
COMMAND: POST /session/a195702728a77ff37608f387f074352f/elements - {"using":"xpath","value":"//div[@id='application-warehousemovements-display-component---warehouseMovements--smartFilterBar-filterItemControl_BASIC-YARD-valueHelpDialog-table-rowsel0']"}
RESULT: {"using":"xpath","value":"//div[@id='application-warehousemovements-display-component---warehouseMovements--smartFilterBar-filterItemControl_BASIC-YARD-valueHelpDialog-table-rowsel0']"}
COMMAND: POST /session/a195702728a77ff37608f387f074352f/elements - {"using":"xpath","value":"//div[@id='application-warehousemovements-display-component---warehouseMovements--smartFilterBar-filterItemControl_BASIC-YARD-valueHelpDialog-table-rowsel0']"}
RESULT: {"using":"xpath","value":"//div[@id='application-warehousemovements-display-component---warehouseMovements--smartFilterBar-filterItemControl_BASIC-YARD-valueHelpDialog-table-rowsel0']"}
COMMAND: POST /session/a195702728a77ff37608f387f074352f/elements - {"using":"xpath","value":"//div[@id='application-warehousemovements-display-component---warehouseMovements--smartFilterBar-filterItemControl_BASIC-YARD-valueHelpDialog-table-rowsel0']"}
RESULT: {"using":"xpath","value":"//div[@id='application-warehousemovements-display-component---warehouseMovements--smartFilterBar-filterItemControl_BASIC-YARD-valueHelpDialog-table-rowsel0']"}
COMMAND: POST /session/a195702728a77ff37608f387f074352f/elements - {"using":"xpath","value":"//div[@id='application-warehousemovements-display-component---warehouseMovements--smartFilterBar-filterItemControl_BASIC-YARD-valueHelpDialog-table-rowsel0']"}
RESULT: {"using":"xpath","value":"//div[@id='application-warehousemovements-display-component---warehouseMovements--smartFilterBar-filterItemControl_BASIC-YARD-valueHelpDialog-table-rowsel0']"}
COMMAND: POST /session/a195702728a77ff37608f387f074352f/elements - {"using":"xpath","value":"//div[@id='application-warehousemovements-display-component---warehouseMovements--smartFilterBar-filterItemControl_BASIC-YARD-valueHelpDialog-table-rowsel0']"}
RESULT: {"using":"xpath","value":"//div[@id='application-warehousemovements-display-component---warehouseMovements--smartFilterBar-filterItemControl_BASIC-YARD-valueHelpDialog-table-rowsel0']"}
COMMAND: POST /session/a195702728a77ff37608f387f074352f/elements - {"using":"xpath","value":"//div[@id='application-warehousemovements-display-component---warehouseMovements--smartFilterBar-filterItemControl_BASIC-YARD-valueHelpDialog-table-rowsel0']"}
RESULT: {"using":"xpath","value":"//div[@id='application-warehousemovements-display-component---warehouseMovements--smartFilterBar-filterItemControl_BASIC-YARD-valueHelpDialog-table-rowsel0']"}
COMMAND: POST /session/a195702728a77ff37608f387f074352f/elements - {"using":"xpath","value":"//div[@id='application-warehousemovements-display-component---warehouseMovements--smartFilterBar-filterItemControl_BASIC-YARD-valueHelpDialog-table-rowsel0']"}
RESULT: {"using":"xpath","value":"//div[@id='application-warehousemovements-display-component---warehouseMovements--smartFilterBar-filterItemControl_BASIC-YARD-valueHelpDialog-table-rowsel0']"}
COMMAND: POST /session/a195702728a77ff37608f387f074352f/elements - {"using":"xpath","value":"//div[@id='application-warehousemovements-display-component---warehouseMovements--smartFilterBar-filterItemControl_BASIC-YARD-valueHelpDialog-table-rowsel0']"}
RESULT: {"using":"xpath","value":"//div[@id='application-warehousemovements-display-component---warehouseMovements--smartFilterBar-filterItemControl_BASIC-YARD-valueHelpDialog-table-rowsel0']"}
COMMAND: POST /session/a195702728a77ff37608f387f074352f/elements - {"using":"xpath","value":"//div[@id='application-warehousemovements-display-component---warehouseMovements--smartFilterBar-filterItemControl_BASIC-YARD-valueHelpDialog-table-rowsel0']"}
RESULT: {"using":"xpath","value":"//div[@id='application-warehousemovements-display-component---warehouseMovements--smartFilterBar-filterItemControl_BASIC-YARD-valueHelpDialog-table-rowsel0']"}
COMMAND: POST /session/a195702728a77ff37608f387f074352f/elements - {"using":"xpath","value":"//div[@id='application-warehousemovements-display-component---warehouseMovements--smartFilterBar-filterItemControl_BASIC-YARD-valueHelpDialog-table-rowsel0']"}
RESULT: {"using":"xpath","value":"//div[@id='application-warehousemovements-display-component---warehouseMovements--smartFilterBar-filterItemControl_BASIC-YARD-valueHelpDialog-table-rowsel0']"}
COMMAND: POST /session/a195702728a77ff37608f387f074352f/elements - {"using":"xpath","value":"//div[@id='application-warehousemovements-display-component---warehouseMovements--smartFilterBar-filterItemControl_BASIC-YARD-valueHelpDialog-table-rowsel0']"}
RESULT: {"using":"xpath","value":"//div[@id='application-warehousemovements-display-component---warehouseMovements--smartFilterBar-filterItemControl_BASIC-YARD-valueHelpDialog-table-rowsel0']"}
COMMAND: POST /session/a195702728a77ff37608f387f074352f/elements - {"using":"xpath","value":"//div[@id='application-warehousemovements-display-component---warehouseMovements--smartFilterBar-filterItemControl_BASIC-YARD-valueHelpDialog-table-rowsel0']"}
RESULT: {"using":"xpath","value":"//div[@id='application-warehousemovements-display-component---warehouseMovements--smartFilterBar-filterItemControl_BASIC-YARD-valueHelpDialog-table-rowsel0']"}
COMMAND: POST /session/a195702728a77ff37608f387f074352f/elements - {"using":"xpath","value":"//div[@id='application-warehousemovements-display-component---warehouseMovements--smartFilterBar-filterItemControl_BASIC-YARD-valueHelpDialog-table-rowsel0']"}
RESULT: {"using":"xpath","value":"//div[@id='application-warehousemovements-display-component---warehouseMovements--smartFilterBar-filterItemControl_BASIC-YARD-valueHelpDialog-table-rowsel0']"}
COMMAND: POST /session/a195702728a77ff37608f387f074352f/elements - {"using":"xpath","value":"//div[@id='application-warehousemovements-display-component---warehouseMovements--smartFilterBar-filterItemControl_BASIC-YARD-valueHelpDialog-table-rowsel0']"}
RESULT: {"using":"xpath","value":"//div[@id='application-warehousemovements-display-component---warehouseMovements--smartFilterBar-filterItemControl_BASIC-YARD-valueHelpDialog-table-rowsel0']"}
COMMAND: POST /session/a195702728a77ff37608f387f074352f/elements - {"using":"xpath","value":"//div[@id='application-warehousemovements-display-component---warehouseMovements--smartFilterBar-filterItemControl_BASIC-YARD-valueHelpDialog-table-rowsel0']"}
RESULT: {"using":"xpath","value":"//div[@id='application-warehousemovements-display-component---warehouseMovements--smartFilterBar-filterItemControl_BASIC-YARD-valueHelpDialog-table-rowsel0']"}
COMMAND: POST /session/a195702728a77ff37608f387f074352f/elements - {"using":"xpath","value":"//div[@id='application-warehousemovements-display-component---warehouseMovements--smartFilterBar-filterItemControl_BASIC-YARD-valueHelpDialog-table-rowsel0']"}
RESULT: {"using":"xpath","value":"//div[@id='application-warehousemovements-display-component---warehouseMovements--smartFilterBar-filterItemControl_BASIC-YARD-valueHelpDialog-table-rowsel0']"}
COMMAND: POST /session/a195702728a77ff37608f387f074352f/elements - {"using":"xpath","value":"//div[@id='application-warehousemovements-display-component---warehouseMovements--smartFilterBar-filterItemControl_BASIC-YARD-valueHelpDialog-table-rowsel0']"}
RESULT: {"using":"xpath","value":"//div[@id='application-warehousemovements-display-component---warehouseMovements--smartFilterBar-filterItemControl_BASIC-YARD-valueHelpDialog-table-rowsel0']"}
COMMAND: POST /session/a195702728a77ff37608f387f074352f/elements - {"using":"xpath","value":"//div[@id='application-warehousemovements-display-component---warehouseMovements--smartFilterBar-filterItemControl_BASIC-YARD-valueHelpDialog-table-rowsel0']"}
RESULT: {"using":"xpath","value":"//div[@id='application-warehousemovements-display-component---warehouseMovements--smartFilterBar-filterItemControl_BASIC-YARD-valueHelpDialog-table-rowsel0']"}
COMMAND: POST /session/a195702728a77ff37608f387f074352f/elements - {"using":"xpath","value":"//div[@id='application-warehousemovements-display-component---warehouseMovements--smartFilterBar-filterItemControl_BASIC-YARD-valueHelpDialog-table-rowsel0']"}
RESULT: {"using":"xpath","value":"//div[@id='application-warehousemovements-display-component---warehouseMovements--smartFilterBar-filterItemControl_BASIC-YARD-valueHelpDialog-table-rowsel0']"}
COMMAND: POST /session/a195702728a77ff37608f387f074352f/elements - {"using":"xpath","value":"//div[@id='application-warehousemovements-display-component---warehouseMovements--smartFilterBar-filterItemControl_BASIC-YARD-valueHelpDialog-table-rowsel0']"}
RESULT: {"using":"xpath","value":"//div[@id='application-warehousemovements-display-component---warehouseMovements--smartFilterBar-filterItemControl_BASIC-YARD-valueHelpDialog-table-rowsel0']"}
COMMAND: POST /session/a195702728a77ff37608f387f074352f/elements - {"using":"xpath","value":"//div[@id='application-warehousemovements-display-component---warehouseMovements--smartFilterBar-filterItemControl_BASIC-YARD-valueHelpDialog-table-rowsel0']"}
RESULT: {"using":"xpath","value":"//div[@id='application-warehousemovements-display-component---warehouseMovements--smartFilterBar-filterItemControl_BASIC-YARD-valueHelpDialog-table-rowsel0']"}
COMMAND: POST /session/a195702728a77ff37608f387f074352f/elements - {"using":"xpath","value":"//div[@id='application-warehousemovements-display-component---warehouseMovements--smartFilterBar-filterItemControl_BASIC-YARD-valueHelpDialog-table-rowsel0']"}
RESULT: {"using":"xpath","value":"//div[@id='application-warehousemovements-display-component---warehouseMovements--smartFilterBar-filterItemControl_BASIC-YARD-valueHelpDialog-table-rowsel0']"}
COMMAND: POST /session/a195702728a77ff37608f387f074352f/elements - {"using":"xpath","value":"//div[@id='application-warehousemovements-display-component---warehouseMovements--smartFilterBar-filterItemControl_BASIC-YARD-valueHelpDialog-table-rowsel0']"}
RESULT: {"using":"xpath","value":"//div[@id='application-warehousemovements-display-component---warehouseMovements--smartFilterBar-filterItemControl_BASIC-YARD-valueHelpDialog-table-rowsel0']"}
COMMAND: POST /session/a195702728a77ff37608f387f074352f/elements - {"using":"xpath","value":"//div[@id='application-warehousemovements-display-component---warehouseMovements--smartFilterBar-filterItemControl_BASIC-YARD-valueHelpDialog-table-rowsel0']"}
RESULT: {"using":"xpath","value":"//div[@id='application-warehousemovements-display-component---warehouseMovements--smartFilterBar-filterItemControl_BASIC-YARD-valueHelpDialog-table-rowsel0']"}
COMMAND: POST /session/a195702728a77ff37608f387f074352f/elements - {"using":"xpath","value":"//div[@id='application-warehousemovements-display-component---warehouseMovements--smartFilterBar-filterItemControl_BASIC-YARD-valueHelpDialog-table-rowsel0']"}
RESULT: {"using":"xpath","value":"//div[@id='application-warehousemovements-display-component---warehouseMovements--smartFilterBar-filterItemControl_BASIC-YARD-valueHelpDialog-table-rowsel0']"}
COMMAND: POST /session/a195702728a77ff37608f387f074352f/elements - {"using":"xpath","value":"//div[@id='application-warehousemovements-display-component---warehouseMovements--smartFilterBar-filterItemControl_BASIC-YARD-valueHelpDialog-table-rowsel0']"}
RESULT: {"using":"xpath","value":"//div[@id='application-warehousemovements-display-component---warehouseMovements--smartFilterBar-filterItemControl_BASIC-YARD-valueHelpDialog-table-rowsel0']"}
COMMAND: POST /session/a195702728a77ff37608f387f074352f/elements - {"using":"xpath","value":"//div[@id='application-warehousemovements-display-component---warehouseMovements--smartFilterBar-filterItemControl_BASIC-YARD-valueHelpDialog-table-rowsel0']"}
RESULT: {"using":"xpath","value":"//div[@id='application-warehousemovements-display-component---warehouseMovements--smartFilterBar-filterItemControl_BASIC-YARD-valueHelpDialog-table-rowsel0']"}
COMMAND: POST /session/a195702728a77ff37608f387f074352f/elements - {"using":"xpath","value":"//div[@id='application-warehousemovements-display-component---warehouseMovements--smartFilterBar-filterItemControl_BASIC-YARD-valueHelpDialog-table-rowsel0']"}
RESULT: {"using":"xpath","value":"//div[@id='application-warehousemovements-display-component---warehouseMovements--smartFilterBar-filterItemControl_BASIC-YARD-valueHelpDialog-table-rowsel0']"}
COMMAND: POST /session/a195702728a77ff37608f387f074352f/elements - {"using":"xpath","value":"//div[@id='application-warehousemovements-display-component---warehouseMovements--smartFilterBar-filterItemControl_BASIC-YARD-valueHelpDialog-table-rowsel0']"}
RESULT: {"using":"xpath","value":"//div[@id='application-warehousemovements-display-component---warehouseMovements--smartFilterBar-filterItemControl_BASIC-YARD-valueHelpDialog-table-rowsel0']"}
COMMAND: POST /session/a195702728a77ff37608f387f074352f/elements - {"using":"xpath","value":"//div[@id='application-warehousemovements-display-component---warehouseMovements--smartFilterBar-filterItemControl_BASIC-YARD-valueHelpDialog-table-rowsel0']"}
RESULT: {"using":"xpath","value":"//div[@id='application-warehousemovements-display-component---warehouseMovements--smartFilterBar-filterItemControl_BASIC-YARD-valueHelpDialog-table-rowsel0']"}
COMMAND: POST /session/a195702728a77ff37608f387f074352f/elements - {"using":"xpath","value":"//div[@id='application-warehousemovements-display-component---warehouseMovements--smartFilterBar-filterItemControl_BASIC-YARD-valueHelpDialog-table-rowsel0']"}
RESULT: {"using":"xpath","value":"//div[@id='application-warehousemovements-display-component---warehouseMovements--smartFilterBar-filterItemControl_BASIC-YARD-valueHelpDialog-table-rowsel0']"}
COMMAND: POST /session/a195702728a77ff37608f387f074352f/elements - {"using":"xpath","value":"//div[@id='application-warehousemovements-display-component---warehouseMovements--smartFilterBar-filterItemControl_BASIC-YARD-valueHelpDialog-table-rowsel0']"}
RESULT: {"using":"xpath","value":"//div[@id='application-warehousemovements-display-component---warehouseMovements--smartFilterBar-filterItemControl_BASIC-YARD-valueHelpDialog-table-rowsel0']"}
COMMAND: POST /session/a195702728a77ff37608f387f074352f/elements - {"using":"xpath","value":"//div[@id='application-warehousemovements-display-component---warehouseMovements--smartFilterBar-filterItemControl_BASIC-YARD-valueHelpDialog-table-rowsel0']"}
RESULT: {"using":"xpath","value":"//div[@id='application-warehousemovements-display-component---warehouseMovements--smartFilterBar-filterItemControl_BASIC-YARD-valueHelpDialog-table-rowsel0']"}
COMMAND: POST /session/a195702728a77ff37608f387f074352f/elements - {"using":"xpath","value":"//div[@id='application-warehousemovements-display-component---warehouseMovements--smartFilterBar-filterItemControl_BASIC-YARD-valueHelpDialog-table-rowsel0']"}
RESULT: {"using":"xpath","value":"//div[@id='application-warehousemovements-display-component---warehouseMovements--smartFilterBar-filterItemControl_BASIC-YARD-valueHelpDialog-table-rowsel0']"}
COMMAND: POST /session/a195702728a77ff37608f387f074352f/elements - {"using":"xpath","value":"//div[@id='application-warehousemovements-display-component---warehouseMovements--smartFilterBar-filterItemControl_BASIC-YARD-valueHelpDialog-table-rowsel0']"}
RESULT: {"using":"xpath","value":"//div[@id='application-warehousemovements-display-component---warehouseMovements--smartFilterBar-filterItemControl_BASIC-YARD-valueHelpDialog-table-rowsel0']"}
COMMAND: POST /session/a195702728a77ff37608f387f074352f/elements - {"using":"xpath","value":"//div[@id='application-warehousemovements-display-component---warehouseMovements--smartFilterBar-filterItemControl_BASIC-YARD-valueHelpDialog-table-rowsel0']"}
RESULT: {"using":"xpath","value":"//div[@id='application-warehousemovements-display-component---warehouseMovements--smartFilterBar-filterItemControl_BASIC-YARD-valueHelpDialog-table-rowsel0']"}
COMMAND: POST /session/a195702728a77ff37608f387f074352f/elements - {"using":"xpath","value":"//div[@id='application-warehousemovements-display-component---warehouseMovements--smartFilterBar-filterItemControl_BASIC-YARD-valueHelpDialog-table-rowsel0']"}
RESULT: {"using":"xpath","value":"//div[@id='application-warehousemovements-display-component---warehouseMovements--smartFilterBar-filterItemControl_BASIC-YARD-valueHelpDialog-table-rowsel0']"}
COMMAND: POST /session/a195702728a77ff37608f387f074352f/elements - {"using":"xpath","value":"//div[@id='application-warehousemovements-display-component---warehouseMovements--smartFilterBar-filterItemControl_BASIC-YARD-valueHelpDialog-table-rowsel0']"}
RESULT: {"using":"xpath","value":"//div[@id='application-warehousemovements-display-component---warehouseMovements--smartFilterBar-filterItemControl_BASIC-YARD-valueHelpDialog-table-rowsel0']"}
COMMAND: POST /session/a195702728a77ff37608f387f074352f/elements - {"using":"xpath","value":"//div[@id='application-warehousemovements-display-component---warehouseMovements--smartFilterBar-filterItemControl_BASIC-YARD-valueHelpDialog-table-rowsel0']"}
RESULT: {"using":"xpath","value":"//div[@id='application-warehousemovements-display-component---warehouseMovements--smartFilterBar-filterItemControl_BASIC-YARD-valueHelpDialog-table-rowsel0']"}
COMMAND: POST /session/a195702728a77ff37608f387f074352f/elements - {"using":"xpath","value":"//div[@id='application-warehousemovements-display-component---warehouseMovements--smartFilterBar-filterItemControl_BASIC-YARD-valueHelpDialog-table-rowsel0']"}
RESULT: {"using":"xpath","value":"//div[@id='application-warehousemovements-display-component---warehouseMovements--smartFilterBar-filterItemControl_BASIC-YARD-valueHelpDialog-table-rowsel0']"}
COMMAND: POST /session/a195702728a77ff37608f387f074352f/elements - {"using":"xpath","value":"//div[@id='application-warehousemovements-display-component---warehouseMovements--smartFilterBar-filterItemControl_BASIC-YARD-valueHelpDialog-table-rowsel0']"}
RESULT: {"using":"xpath","value":"//div[@id='application-warehousemovements-display-component---warehouseMovements--smartFilterBar-filterItemControl_BASIC-YARD-valueHelpDialog-table-rowsel0']"}
COMMAND: POST /session/a195702728a77ff37608f387f074352f/elements - {"using":"xpath","value":"//div[@id='application-warehousemovements-display-component---warehouseMovements--smartFilterBar-filterItemControl_BASIC-YARD-valueHelpDialog-table-rowsel0']"}
RESULT: {"using":"xpath","value":"//div[@id='application-warehousemovements-display-component---warehouseMovements--smartFilterBar-filterItemControl_BASIC-YARD-valueHelpDialog-table-rowsel0']"}
COMMAND: POST /session/a195702728a77ff37608f387f074352f/elements - {"using":"xpath","value":"//div[@id='application-warehousemovements-display-component---warehouseMovements--smartFilterBar-filterItemControl_BASIC-YARD-valueHelpDialog-table-rowsel0']"}
RESULT: {"using":"xpath","value":"//div[@id='application-warehousemovements-display-component---warehouseMovements--smartFilterBar-filterItemControl_BASIC-YARD-valueHelpDialog-table-rowsel0']"}
COMMAND: POST /session/a195702728a77ff37608f387f074352f/elements - {"using":"xpath","value":"//div[@id='application-warehousemovements-display-component---warehouseMovements--smartFilterBar-filterItemControl_BASIC-YARD-valueHelpDialog-table-rowsel0']"}
RESULT: {"using":"xpath","value":"//div[@id='application-warehousemovements-display-component---warehouseMovements--smartFilterBar-filterItemControl_BASIC-YARD-valueHelpDialog-table-rowsel0']"}
COMMAND: POST /session/a195702728a77ff37608f387f074352f/elements - {"using":"xpath","value":"//div[@id='application-warehousemovements-display-component---warehouseMovements--smartFilterBar-filterItemControl_BASIC-YARD-valueHelpDialog-table-rowsel0']"}
RESULT: {"using":"xpath","value":"//div[@id='application-warehousemovements-display-component---warehouseMovements--smartFilterBar-filterItemControl_BASIC-YARD-valueHelpDialog-table-rowsel0']"}
COMMAND: POST /session/a195702728a77ff37608f387f074352f/elements - {"using":"xpath","value":"//div[@id='application-warehousemovements-display-component---warehouseMovements--smartFilterBar-filterItemControl_BASIC-YARD-valueHelpDialog-table-rowsel0']"}
RESULT: {"using":"xpath","value":"//div[@id='application-warehousemovements-display-component---warehouseMovements--smartFilterBar-filterItemControl_BASIC-YARD-valueHelpDialog-table-rowsel0']"}
COMMAND: POST /session/a195702728a77ff37608f387f074352f/elements - {"using":"xpath","value":"//div[@id='application-warehousemovements-display-component---warehouseMovements--smartFilterBar-filterItemControl_BASIC-YARD-valueHelpDialog-table-rowsel0']"}
RESULT: {"using":"xpath","value":"//div[@id='application-warehousemovements-display-component---warehouseMovements--smartFilterBar-filterItemControl_BASIC-YARD-valueHelpDialog-table-rowsel0']"}
COMMAND: POST /session/a195702728a77ff37608f387f074352f/elements - {"using":"xpath","value":"//div[@id='application-warehousemovements-display-component---warehouseMovements--smartFilterBar-filterItemControl_BASIC-YARD-valueHelpDialog-table-rowsel0']"}
RESULT: {"using":"xpath","value":"//div[@id='application-warehousemovements-display-component---warehouseMovements--smartFilterBar-filterItemControl_BASIC-YARD-valueHelpDialog-table-rowsel0']"}
COMMAND: POST /session/a195702728a77ff37608f387f074352f/elements - {"using":"xpath","value":"//div[@id='application-warehousemovements-display-component---warehouseMovements--smartFilterBar-filterItemControl_BASIC-YARD-valueHelpDialog-table-rowsel0']"}
RESULT: {"using":"xpath","value":"//div[@id='application-warehousemovements-display-component---warehouseMovements--smartFilterBar-filterItemControl_BASIC-YARD-valueHelpDialog-table-rowsel0']"}
COMMAND: POST /session/a195702728a77ff37608f387f074352f/elements - {"using":"xpath","value":"//div[@id='application-warehousemovements-display-component---warehouseMovements--smartFilterBar-filterItemControl_BASIC-YARD-valueHelpDialog-table-rowsel0']"}
RESULT: {"using":"xpath","value":"//div[@id='application-warehousemovements-display-component---warehouseMovements--smartFilterBar-filterItemControl_BASIC-YARD-valueHelpDialog-table-rowsel0']"}
COMMAND: POST /session/a195702728a77ff37608f387f074352f/elements - {"using":"xpath","value":"//div[@id='application-warehousemovements-display-component---warehouseMovements--smartFilterBar-filterItemControl_BASIC-YARD-valueHelpDialog-table-rowsel0']"}
RESULT: {"using":"xpath","value":"//div[@id='application-warehousemovements-display-component---warehouseMovements--smartFilterBar-filterItemControl_BASIC-YARD-valueHelpDialog-table-rowsel0']"}
COMMAND: POST /session/a195702728a77ff37608f387f074352f/elements - {"using":"xpath","value":"//div[@id='application-warehousemovements-display-component---warehouseMovements--smartFilterBar-filterItemControl_BASIC-YARD-valueHelpDialog-table-rowsel0']"}
RESULT: {"using":"xpath","value":"//div[@id='application-warehousemovements-display-component---warehouseMovements--smartFilterBar-filterItemControl_BASIC-YARD-valueHelpDialog-table-rowsel0']"}
COMMAND: POST /session/a195702728a77ff37608f387f074352f/elements - {"using":"xpath","value":"//div[@id='application-warehousemovements-display-component---warehouseMovements--smartFilterBar-filterItemControl_BASIC-YARD-valueHelpDialog-table-rowsel0']"}
RESULT: {"using":"xpath","value":"//div[@id='application-warehousemovements-display-component---warehouseMovements--smartFilterBar-filterItemControl_BASIC-YARD-valueHelpDialog-table-rowsel0']"}
COMMAND: POST /session/a195702728a77ff37608f387f074352f/elements - {"using":"xpath","value":"//div[@id='application-warehousemovements-display-component---warehouseMovements--smartFilterBar-filterItemControl_BASIC-YARD-valueHelpDialog-table-rowsel0']"}
RESULT: {"using":"xpath","value":"//div[@id='application-warehousemovements-display-component---warehouseMovements--smartFilterBar-filterItemControl_BASIC-YARD-valueHelpDialog-table-rowsel0']"}
COMMAND: POST /session/a195702728a77ff37608f387f074352f/elements - {"using":"xpath","value":"//div[@id='application-warehousemovements-display-component---warehouseMovements--smartFilterBar-filterItemControl_BASIC-YARD-valueHelpDialog-table-rowsel0']"}
RESULT: {"using":"xpath","value":"//div[@id='application-warehousemovements-display-component---warehouseMovements--smartFilterBar-filterItemControl_BASIC-YARD-valueHelpDialog-table-rowsel0']"}
COMMAND: POST /session/a195702728a77ff37608f387f074352f/elements - {"using":"xpath","value":"//div[@id='application-warehousemovements-display-component---warehouseMovements--smartFilterBar-filterItemControl_BASIC-YARD-valueHelpDialog-table-rowsel0']"}
RESULT: {"using":"xpath","value":"//div[@id='application-warehousemovements-display-component---warehouseMovements--smartFilterBar-filterItemControl_BASIC-YARD-valueHelpDialog-table-rowsel0']"}
COMMAND: POST /session/a195702728a77ff37608f387f074352f/elements - {"using":"xpath","value":"//div[@id='application-warehousemovements-display-component---warehouseMovements--smartFilterBar-filterItemControl_BASIC-YARD-valueHelpDialog-table-rowsel0']"}
RESULT: {"using":"xpath","value":"//div[@id='application-warehousemovements-display-component---warehouseMovements--smartFilterBar-filterItemControl_BASIC-YARD-valueHelpDialog-table-rowsel0']"}
COMMAND: POST /session/a195702728a77ff37608f387f074352f/elements - {"using":"xpath","value":"//div[@id='application-warehousemovements-display-component---warehouseMovements--smartFilterBar-filterItemControl_BASIC-YARD-valueHelpDialog-table-rowsel0']"}
RESULT: {"using":"xpath","value":"//div[@id='application-warehousemovements-display-component---warehouseMovements--smartFilterBar-filterItemControl_BASIC-YARD-valueHelpDialog-table-rowsel0']"}
COMMAND: POST /session/a195702728a77ff37608f387f074352f/elements - {"using":"xpath","value":"//div[@id='application-warehousemovements-display-component---warehouseMovements--smartFilterBar-filterItemControl_BASIC-YARD-valueHelpDialog-table-rowsel0']"}
RESULT: {"using":"xpath","value":"//div[@id='application-warehousemovements-display-component---warehouseMovements--smartFilterBar-filterItemControl_BASIC-YARD-valueHelpDialog-table-rowsel0']"}
COMMAND: POST /session/a195702728a77ff37608f387f074352f/elements - {"using":"xpath","value":"//div[@id='application-warehousemovements-display-component---warehouseMovements--smartFilterBar-filterItemControl_BASIC-YARD-valueHelpDialog-table-rowsel0']"}
RESULT: {"using":"xpath","value":"//div[@id='application-warehousemovements-display-component---warehouseMovements--smartFilterBar-filterItemControl_BASIC-YARD-valueHelpDialog-table-rowsel0']"}
COMMAND: POST /session/a195702728a77ff37608f387f074352f/elements - {"using":"xpath","value":"//div[@id='application-warehousemovements-display-component---warehouseMovements--smartFilterBar-filterItemControl_BASIC-YARD-valueHelpDialog-table-rowsel0']"}
RESULT: {"using":"xpath","value":"//div[@id='application-warehousemovements-display-component---warehouseMovements--smartFilterBar-filterItemControl_BASIC-YARD-valueHelpDialog-table-rowsel0']"}
COMMAND: POST /session/a195702728a77ff37608f387f074352f/elements - {"using":"xpath","value":"//div[@id='application-warehousemovements-display-component---warehouseMovements--smartFilterBar-filterItemControl_BASIC-YARD-valueHelpDialog-table-rowsel0']"}
RESULT: {"using":"xpath","value":"//div[@id='application-warehousemovements-display-component---warehouseMovements--smartFilterBar-filterItemControl_BASIC-YARD-valueHelpDialog-table-rowsel0']"}
COMMAND: POST /session/a195702728a77ff37608f387f074352f/elements - {"using":"xpath","value":"//div[@id='application-warehousemovements-display-component---warehouseMovements--smartFilterBar-filterItemControl_BASIC-YARD-valueHelpDialog-table-rowsel0']"}
RESULT: {"using":"xpath","value":"//div[@id='application-warehousemovements-display-component---warehouseMovements--smartFilterBar-filterItemControl_BASIC-YARD-valueHelpDialog-table-rowsel0']"}
COMMAND: POST /session/a195702728a77ff37608f387f074352f/elements - {"using":"xpath","value":"//div[@id='application-warehousemovements-display-component---warehouseMovements--smartFilterBar-filterItemControl_BASIC-YARD-valueHelpDialog-table-rowsel0']"}
RESULT: {"using":"xpath","value":"//div[@id='application-warehousemovements-display-component---warehouseMovements--smartFilterBar-filterItemControl_BASIC-YARD-valueHelpDialog-table-rowsel0']"}
COMMAND: POST /session/a195702728a77ff37608f387f074352f/elements - {"using":"xpath","value":"//div[@id='application-warehousemovements-display-component---warehouseMovements--smartFilterBar-filterItemControl_BASIC-YARD-valueHelpDialog-table-rowsel0']"}
RESULT: {"using":"xpath","value":"//div[@id='application-warehousemovements-display-component---warehouseMovements--smartFilterBar-filterItemControl_BASIC-YARD-valueHelpDialog-table-rowsel0']"}
COMMAND: POST /session/a195702728a77ff37608f387f074352f/elements - {"using":"xpath","value":"//div[@id='application-warehousemovements-display-component---warehouseMovements--smartFilterBar-filterItemControl_BASIC-YARD-valueHelpDialog-table-rowsel0']"}
RESULT: {"using":"xpath","value":"//div[@id='application-warehousemovements-display-component---warehouseMovements--smartFilterBar-filterItemControl_BASIC-YARD-valueHelpDialog-table-rowsel0']"}
COMMAND: POST /session/a195702728a77ff37608f387f074352f/elements - {"using":"xpath","value":"//div[@id='application-warehousemovements-display-component---warehouseMovements--smartFilterBar-filterItemControl_BASIC-YARD-valueHelpDialog-table-rowsel0']"}
RESULT: {"using":"xpath","value":"//div[@id='application-warehousemovements-display-component---warehouseMovements--smartFilterBar-filterItemControl_BASIC-YARD-valueHelpDialog-table-rowsel0']"}
COMMAND: POST /session/a195702728a77ff37608f387f074352f/elements - {"using":"xpath","value":"//div[@id='application-warehousemovements-display-component---warehouseMovements--smartFilterBar-filterItemControl_BASIC-YARD-valueHelpDialog-table-rowsel0']"}
RESULT: {"using":"xpath","value":"//div[@id='application-warehousemovements-display-component---warehouseMovements--smartFilterBar-filterItemControl_BASIC-YARD-valueHelpDialog-table-rowsel0']"}
COMMAND: POST /session/a195702728a77ff37608f387f074352f/elements - {"using":"xpath","value":"//div[@id='application-warehousemovements-display-component---warehouseMovements--smartFilterBar-filterItemControl_BASIC-YARD-valueHelpDialog-table-rowsel0']"}
RESULT: {"using":"xpath","value":"//div[@id='application-warehousemovements-display-component---warehouseMovements--smartFilterBar-filterItemControl_BASIC-YARD-valueHelpDialog-table-rowsel0']"}
COMMAND: POST /session/a195702728a77ff37608f387f074352f/elements - {"using":"xpath","value":"//div[@id='application-warehousemovements-display-component---warehouseMovements--smartFilterBar-filterItemControl_BASIC-YARD-valueHelpDialog-table-rowsel0']"}
RESULT: {"using":"xpath","value":"//div[@id='application-warehousemovements-display-component---warehouseMovements--smartFilterBar-filterItemControl_BASIC-YARD-valueHelpDialog-table-rowsel0']"}
COMMAND: POST /session/a195702728a77ff37608f387f074352f/elements - {"using":"xpath","value":"//div[@id='application-warehousemovements-display-component---warehouseMovements--smartFilterBar-filterItemControl_BASIC-YARD-valueHelpDialog-table-rowsel0']"}
RESULT: {"using":"xpath","value":"//div[@id='application-warehousemovements-display-component---warehouseMovements--smartFilterBar-filterItemControl_BASIC-YARD-valueHelpDialog-table-rowsel0']"}
COMMAND: POST /session/a195702728a77ff37608f387f074352f/elements - {"using":"xpath","value":"//div[@id='application-warehousemovements-display-component---warehouseMovements--smartFilterBar-filterItemControl_BASIC-YARD-valueHelpDialog-table-rowsel0']"}
RESULT: {"using":"xpath","value":"//div[@id='application-warehousemovements-display-component---warehouseMovements--smartFilterBar-filterItemControl_BASIC-YARD-valueHelpDialog-table-rowsel0']"}
COMMAND: POST /session/a195702728a77ff37608f387f074352f/elements - {"using":"xpath","value":"//div[@id='application-warehousemovements-display-component---warehouseMovements--smartFilterBar-filterItemControl_BASIC-YARD-valueHelpDialog-table-rowsel0']"}
RESULT: {"using":"xpath","value":"//div[@id='application-warehousemovements-display-component---warehouseMovements--smartFilterBar-filterItemControl_BASIC-YARD-valueHelpDialog-table-rowsel0']"}
COMMAND: POST /session/a195702728a77ff37608f387f074352f/elements - {"using":"xpath","value":"//div[@id='application-warehousemovements-display-component---warehouseMovements--smartFilterBar-filterItemControl_BASIC-YARD-valueHelpDialog-table-rowsel0']"}
RESULT: {"using":"xpath","value":"//div[@id='application-warehousemovements-display-component---warehouseMovements--smartFilterBar-filterItemControl_BASIC-YARD-valueHelpDialog-table-rowsel0']"}
COMMAND: POST /session/a195702728a77ff37608f387f074352f/elements - {"using":"xpath","value":"//div[@id='application-warehousemovements-display-component---warehouseMovements--smartFilterBar-filterItemControl_BASIC-YARD-valueHelpDialog-table-rowsel0']"}
RESULT: {"using":"xpath","value":"//div[@id='application-warehousemovements-display-component---warehouseMovements--smartFilterBar-filterItemControl_BASIC-YARD-valueHelpDialog-table-rowsel0']"}
COMMAND: POST /session/a195702728a77ff37608f387f074352f/elements - {"using":"xpath","value":"//div[@id='application-warehousemovements-display-component---warehouseMovements--smartFilterBar-filterItemControl_BASIC-YARD-valueHelpDialog-table-rowsel0']"}
RESULT: {"using":"xpath","value":"//div[@id='application-warehousemovements-display-component---warehouseMovements--smartFilterBar-filterItemControl_BASIC-YARD-valueHelpDialog-table-rowsel0']"}
COMMAND: POST /session/a195702728a77ff37608f387f074352f/elements - {"using":"xpath","value":"//div[@id='application-warehousemovements-display-component---warehouseMovements--smartFilterBar-filterItemControl_BASIC-YARD-valueHelpDialog-table-rowsel0']"}
RESULT: {"using":"xpath","value":"//div[@id='application-warehousemovements-display-component---warehouseMovements--smartFilterBar-filterItemControl_BASIC-YARD-valueHelpDialog-table-rowsel0']"}
COMMAND: POST /session/a195702728a77ff37608f387f074352f/elements - {"using":"xpath","value":"//div[@id='application-warehousemovements-display-component---warehouseMovements--smartFilterBar-filterItemControl_BASIC-YARD-valueHelpDialog-table-rowsel0']"}
RESULT: {"using":"xpath","value":"//div[@id='application-warehousemovements-display-component---warehouseMovements--smartFilterBar-filterItemControl_BASIC-YARD-valueHelpDialog-table-rowsel0']"}
COMMAND: POST /session/a195702728a77ff37608f387f074352f/elements - {"using":"xpath","value":"//div[@id='application-warehousemovements-display-component---warehouseMovements--smartFilterBar-filterItemControl_BASIC-YARD-valueHelpDialog-table-rowsel0']"}
RESULT: {"using":"xpath","value":"//div[@id='application-warehousemovements-display-component---warehouseMovements--smartFilterBar-filterItemControl_BASIC-YARD-valueHelpDialog-table-rowsel0']"}
COMMAND: POST /session/a195702728a77ff37608f387f074352f/elements - {"using":"xpath","value":"//div[@id='application-warehousemovements-display-component---warehouseMovements--smartFilterBar-filterItemControl_BASIC-YARD-valueHelpDialog-table-rowsel0']"}
RESULT: {"using":"xpath","value":"//div[@id='application-warehousemovements-display-component---warehouseMovements--smartFilterBar-filterItemControl_BASIC-YARD-valueHelpDialog-table-rowsel0']"}
COMMAND: POST /session/a195702728a77ff37608f387f074352f/elements - {"using":"xpath","value":"//div[@id='application-warehousemovements-display-component---warehouseMovements--smartFilterBar-filterItemControl_BASIC-YARD-valueHelpDialog-table-rowsel0']"}
RESULT: {"using":"xpath","value":"//div[@id='application-warehousemovements-display-component---warehouseMovements--smartFilterBar-filterItemControl_BASIC-YARD-valueHelpDialog-table-rowsel0']"}
COMMAND: POST /session/a195702728a77ff37608f387f074352f/elements - {"using":"xpath","value":"//div[@id='application-warehousemovements-display-component---warehouseMovements--smartFilterBar-filterItemControl_BASIC-YARD-valueHelpDialog-table-rowsel0']"}
RESULT: {"using":"xpath","value":"//div[@id='application-warehousemovements-display-component---warehouseMovements--smartFilterBar-filterItemControl_BASIC-YARD-valueHelpDialog-table-rowsel0']"}
COMMAND: POST /session/a195702728a77ff37608f387f074352f/elements - {"using":"xpath","value":"//div[@id='application-warehousemovements-display-component---warehouseMovements--smartFilterBar-filterItemControl_BASIC-YARD-valueHelpDialog-table-rowsel0']"}
RESULT: {"using":"xpath","value":"//div[@id='application-warehousemovements-display-component---warehouseMovements--smartFilterBar-filterItemControl_BASIC-YARD-valueHelpDialog-table-rowsel0']"}
COMMAND: POST /session/a195702728a77ff37608f387f074352f/elements - {"using":"xpath","value":"//div[@id='application-warehousemovements-display-component---warehouseMovements--smartFilterBar-filterItemControl_BASIC-YARD-valueHelpDialog-table-rowsel0']"}
RESULT: {"using":"xpath","value":"//div[@id='application-warehousemovements-display-component---warehouseMovements--smartFilterBar-filterItemControl_BASIC-YARD-valueHelpDialog-table-rowsel0']"}
COMMAND: POST /session/a195702728a77ff37608f387f074352f/elements - {"using":"xpath","value":"//div[@id='application-warehousemovements-display-component---warehouseMovements--smartFilterBar-filterItemControl_BASIC-YARD-valueHelpDialog-table-rowsel0']"}
RESULT: {"using":"xpath","value":"//div[@id='application-warehousemovements-display-component---warehouseMovements--smartFilterBar-filterItemControl_BASIC-YARD-valueHelpDialog-table-rowsel0']"}
COMMAND: POST /session/a195702728a77ff37608f387f074352f/elements - {"using":"xpath","value":"//div[@id='application-warehousemovements-display-component---warehouseMovements--smartFilterBar-filterItemControl_BASIC-YARD-valueHelpDialog-table-rowsel0']"}
RESULT: {"using":"xpath","value":"//div[@id='application-warehousemovements-display-component---warehouseMovements--smartFilterBar-filterItemControl_BASIC-YARD-valueHelpDialog-table-rowsel0']"}
COMMAND: POST /session/a195702728a77ff37608f387f074352f/elements - {"using":"xpath","value":"//div[@id='application-warehousemovements-display-component---warehouseMovements--smartFilterBar-filterItemControl_BASIC-YARD-valueHelpDialog-table-rowsel0']"}
RESULT: {"using":"xpath","value":"//div[@id='application-warehousemovements-display-component---warehouseMovements--smartFilterBar-filterItemControl_BASIC-YARD-valueHelpDialog-table-rowsel0']"}
COMMAND: POST /session/a195702728a77ff37608f387f074352f/elements - {"using":"xpath","value":"//div[@id='application-warehousemovements-display-component---warehouseMovements--smartFilterBar-filterItemControl_BASIC-YARD-valueHelpDialog-table-rowsel0']"}
RESULT: {"using":"xpath","value":"//div[@id='application-warehousemovements-display-component---warehouseMovements--smartFilterBar-filterItemControl_BASIC-YARD-valueHelpDialog-table-rowsel0']"}
COMMAND: POST /session/a195702728a77ff37608f387f074352f/elements - {"using":"xpath","value":"//div[@id='application-warehousemovements-display-component---warehouseMovements--smartFilterBar-filterItemControl_BASIC-YARD-valueHelpDialog-table-rowsel0']"}
RESULT: {"using":"xpath","value":"//div[@id='application-warehousemovements-display-component---warehouseMovements--smartFilterBar-filterItemControl_BASIC-YARD-valueHelpDialog-table-rowsel0']"}
COMMAND: POST /session/a195702728a77ff37608f387f074352f/elements - {"using":"xpath","value":"//div[@id='application-warehousemovements-display-component---warehouseMovements--smartFilterBar-filterItemControl_BASIC-YARD-valueHelpDialog-table-rowsel0']"}
RESULT: {"using":"xpath","value":"//div[@id='application-warehousemovements-display-component---warehouseMovements--smartFilterBar-filterItemControl_BASIC-YARD-valueHelpDialog-table-rowsel0']"}
COMMAND: POST /session/a195702728a77ff37608f387f074352f/elements - {"using":"xpath","value":"//div[@id='application-warehousemovements-display-component---warehouseMovements--smartFilterBar-filterItemControl_BASIC-YARD-valueHelpDialog-table-rowsel0']"}
RESULT: {"using":"xpath","value":"//div[@id='application-warehousemovements-display-component---warehouseMovements--smartFilterBar-filterItemControl_BASIC-YARD-valueHelpDialog-table-rowsel0']"}
COMMAND: POST /session/a195702728a77ff37608f387f074352f/elements - {"using":"xpath","value":"//div[@id='application-warehousemovements-display-component---warehouseMovements--smartFilterBar-filterItemControl_BASIC-YARD-valueHelpDialog-table-rowsel0']"}
RESULT: {"using":"xpath","value":"//div[@id='application-warehousemovements-display-component---warehouseMovements--smartFilterBar-filterItemControl_BASIC-YARD-valueHelpDialog-table-rowsel0']"}
COMMAND: POST /session/a195702728a77ff37608f387f074352f/elements - {"using":"xpath","value":"//div[@id='application-warehousemovements-display-component---warehouseMovements--smartFilterBar-filterItemControl_BASIC-YARD-valueHelpDialog-table-rowsel0']"}
RESULT: {"using":"xpath","value":"//div[@id='application-warehousemovements-display-component---warehouseMovements--smartFilterBar-filterItemControl_BASIC-YARD-valueHelpDialog-table-rowsel0']"}
COMMAND: POST /session/a195702728a77ff37608f387f074352f/elements - {"using":"xpath","value":"//div[@id='application-warehousemovements-display-component---warehouseMovements--smartFilterBar-filterItemControl_BASIC-YARD-valueHelpDialog-table-rowsel0']"}
RESULT: {"using":"xpath","value":"//div[@id='application-warehousemovements-display-component---warehouseMovements--smartFilterBar-filterItemControl_BASIC-YARD-valueHelpDialog-table-rowsel0']"}
COMMAND: POST /session/a195702728a77ff37608f387f074352f/elements - {"using":"xpath","value":"//div[@id='application-warehousemovements-display-component---warehouseMovements--smartFilterBar-filterItemControl_BASIC-YARD-valueHelpDialog-table-rowsel0']"}
RESULT: {"using":"xpath","value":"//div[@id='application-warehousemovements-display-component---warehouseMovements--smartFilterBar-filterItemControl_BASIC-YARD-valueHelpDialog-table-rowsel0']"}
COMMAND: POST /session/a195702728a77ff37608f387f074352f/elements - {"using":"xpath","value":"//div[@id='application-warehousemovements-display-component---warehouseMovements--smartFilterBar-filterItemControl_BASIC-YARD-valueHelpDialog-table-rowsel0']"}
RESULT: {"using":"xpath","value":"//div[@id='application-warehousemovements-display-component---warehouseMovements--smartFilterBar-filterItemControl_BASIC-YARD-valueHelpDialog-table-rowsel0']"}
COMMAND: POST /session/a195702728a77ff37608f387f074352f/elements - {"using":"xpath","value":"//div[@id='application-warehousemovements-display-component---warehouseMovements--smartFilterBar-filterItemControl_BASIC-YARD-valueHelpDialog-table-rowsel0']"}
RESULT: {"using":"xpath","value":"//div[@id='application-warehousemovements-display-component---warehouseMovements--smartFilterBar-filterItemControl_BASIC-YARD-valueHelpDialog-table-rowsel0']"}
COMMAND: POST /session/a195702728a77ff37608f387f074352f/elements - {"using":"xpath","value":"//div[@id='application-warehousemovements-display-component---warehouseMovements--smartFilterBar-filterItemControl_BASIC-YARD-valueHelpDialog-table-rowsel0']"}
RESULT: {"using":"xpath","value":"//div[@id='application-warehousemovements-display-component---warehouseMovements--smartFilterBar-filterItemControl_BASIC-YARD-valueHelpDialog-table-rowsel0']"}
COMMAND: POST /session/a195702728a77ff37608f387f074352f/elements - {"using":"xpath","value":"//div[@id='application-warehousemovements-display-component---warehouseMovements--smartFilterBar-filterItemControl_BASIC-YARD-valueHelpDialog-table-rowsel0']"}
RESULT: {"using":"xpath","value":"//div[@id='application-warehousemovements-display-component---warehouseMovements--smartFilterBar-filterItemControl_BASIC-YARD-valueHelpDialog-table-rowsel0']"}
COMMAND: POST /session/a195702728a77ff37608f387f074352f/elements - {"using":"xpath","value":"//div[@id='application-warehousemovements-display-component---warehouseMovements--smartFilterBar-filterItemControl_BASIC-YARD-valueHelpDialog-table-rowsel0']"}
RESULT: {"using":"xpath","value":"//div[@id='application-warehousemovements-display-component---warehouseMovements--smartFilterBar-filterItemControl_BASIC-YARD-valueHelpDialog-table-rowsel0']"}
COMMAND: POST /session/a195702728a77ff37608f387f074352f/elements - {"using":"xpath","value":"//div[@id='application-warehousemovements-display-component---warehouseMovements--smartFilterBar-filterItemControl_BASIC-YARD-valueHelpDialog-table-rowsel0']"}
RESULT: {"using":"xpath","value":"//div[@id='application-warehousemovements-display-component---warehouseMovements--smartFilterBar-filterItemControl_BASIC-YARD-valueHelpDialog-table-rowsel0']"}
COMMAND: POST /session/a195702728a77ff37608f387f074352f/elements - {"using":"xpath","value":"//div[@id='application-warehousemovements-display-component---warehouseMovements--smartFilterBar-filterItemControl_BASIC-YARD-valueHelpDialog-table-rowsel0']"}
RESULT: {"using":"xpath","value":"//div[@id='application-warehousemovements-display-component---warehouseMovements--smartFilterBar-filterItemControl_BASIC-YARD-valueHelpDialog-table-rowsel0']"}
COMMAND: POST /session/a195702728a77ff37608f387f074352f/elements - {"using":"xpath","value":"//div[@id='application-warehousemovements-display-component---warehouseMovements--smartFilterBar-filterItemControl_BASIC-YARD-valueHelpDialog-table-rowsel0']"}
RESULT: {"using":"xpath","value":"//div[@id='application-warehousemovements-display-component---warehouseMovements--smartFilterBar-filterItemControl_BASIC-YARD-valueHelpDialog-table-rowsel0']"}
COMMAND: POST /session/a195702728a77ff37608f387f074352f/elements - {"using":"xpath","value":"//div[@id='application-warehousemovements-display-component---warehouseMovements--smartFilterBar-filterItemControl_BASIC-YARD-valueHelpDialog-table-rowsel0']"}
RESULT: {"using":"xpath","value":"//div[@id='application-warehousemovements-display-component---warehouseMovements--smartFilterBar-filterItemControl_BASIC-YARD-valueHelpDialog-table-rowsel0']"}
COMMAND: POST /session/a195702728a77ff37608f387f074352f/elements - {"using":"xpath","value":"//div[@id='application-warehousemovements-display-component---warehouseMovements--smartFilterBar-filterItemControl_BASIC-YARD-valueHelpDialog-table-rowsel0']"}
RESULT: {"using":"xpath","value":"//div[@id='application-warehousemovements-display-component---warehouseMovements--smartFilterBar-filterItemControl_BASIC-YARD-valueHelpDialog-table-rowsel0']"}
COMMAND: POST /session/a195702728a77ff37608f387f074352f/elements - {"using":"xpath","value":"//div[@id='application-warehousemovements-display-component---warehouseMovements--smartFilterBar-filterItemControl_BASIC-YARD-valueHelpDialog-table-rowsel0']"}
RESULT: {"using":"xpath","value":"//div[@id='application-warehousemovements-display-component---warehouseMovements--smartFilterBar-filterItemControl_BASIC-YARD-valueHelpDialog-table-rowsel0']"}
COMMAND: GET /session/a195702728a77ff37608f387f074352f/screenshot - {}
RESULT: {}
COMMAND: POST /session/a195702728a77ff37608f387f074352f/element - {"using":"css selector","value":"#j_username"}
COMMAND: POST /session/a195702728a77ff37608f387f074352f/url - {"url":"https://qa-testing-00-live-etm-ui.cfapps.eu10-004.hana.ondemand.com/"}
COMMAND: GET /session/a195702728a77ff37608f387f074352f/screenshot - {}
COMMAND: GET /session/a195702728a77ff37608f387f074352f/screenshot - {}
RESULT: {"url":"https://qa-testing-00-live-etm-ui.cfapps.eu10-004.hana.ondemand.com/"}
RESULT: undefined
COMMAND: GET /session/a195702728a77ff37608f387f074352f/screenshot - {}
RESULT: {"using":"css selector","value":"#j_username"}
COMMAND: POST /session/a195702728a77ff37608f387f074352f/element - {"using":"css selector","value":"#j_username"}
RESULT: {}
RESULT: {}
RESULT: {}
RESULT: {"using":"css selector","value":"#j_username"}
COMMAND: POST /session/a195702728a77ff37608f387f074352f/element - {"using":"css selector","value":"#shell-header-logo"}
RESULT: {"using":"css selector","value":"#shell-header-logo"}
COMMAND: POST /session/a195702728a77ff37608f387f074352f/execute/sync - {"script":"<script> [8489 bytes]","args":[{"element-6066-11e4-a52e-4f735466cecf":"f.2A12D66D45573334A301B7B64EE7B035.d.860B70FAF500701BFA62B09FD82AC58A.e.2309","ELEMENT":"f.2A12D66D45573334A301B7B64EE7B035.d.860B70FAF500701BFA62B09FD82AC58A.e.2309"}]}
RESULT: {"script":"<script> [8489 bytes]","args":[{"element-6066-11e4-a52e-4f735466cecf":"f.2A12D66D45573334A301B7B64EE7B035.d.860B70FAF500701BFA62B09FD82AC58A.e.2309","ELEMENT":"f.2A12D66D45573334A301B7B64EE7B035.d.860B70FAF500701BFA62B09FD82AC58A.e.2309"}]}
COMMAND: POST /session/a195702728a77ff37608f387f074352f/element - {"using":"css selector","value":"#shell-header-logo"}
COMMAND: GET /session/a195702728a77ff37608f387f074352f/screenshot - {}
RESULT: {"using":"css selector","value":"#shell-header-logo"}
COMMAND: POST /session/a195702728a77ff37608f387f074352f/execute/sync - {"script":"<script> [8489 bytes]","args":[{"element-6066-11e4-a52e-4f735466cecf":"f.2A12D66D45573334A301B7B64EE7B035.d.860B70FAF500701BFA62B09FD82AC58A.e.2309","ELEMENT":"f.2A12D66D45573334A301B7B64EE7B035.d.860B70FAF500701BFA62B09FD82AC58A.e.2309"}]}
RESULT: {}
RESULT: {"script":"<script> [8489 bytes]","args":[{"element-6066-11e4-a52e-4f735466cecf":"f.2A12D66D45573334A301B7B64EE7B035.d.860B70FAF500701BFA62B09FD82AC58A.e.2309","ELEMENT":"f.2A12D66D45573334A301B7B64EE7B035.d.860B70FAF500701BFA62B09FD82AC58A.e.2309"}]}
COMMAND: POST /session/a195702728a77ff37608f387f074352f/execute/sync - {"script":"<script> [5351 bytes]","args":[{"element-6066-11e4-a52e-4f735466cecf":"f.2A12D66D45573334A301B7B64EE7B035.d.860B70FAF500701BFA62B09FD82AC58A.e.2309","ELEMENT":"f.2A12D66D45573334A301B7B64EE7B035.d.860B70FAF500701BFA62B09FD82AC58A.e.2309"}]}
COMMAND: GET /session/a195702728a77ff37608f387f074352f/screenshot - {}
RESULT: {"script":"<script> [5351 bytes]","args":[{"element-6066-11e4-a52e-4f735466cecf":"f.2A12D66D45573334A301B7B64EE7B035.d.860B70FAF500701BFA62B09FD82AC58A.e.2309","ELEMENT":"f.2A12D66D45573334A301B7B64EE7B035.d.860B70FAF500701BFA62B09FD82AC58A.e.2309"}]}
COMMAND: POST /session/a195702728a77ff37608f387f074352f/element - {"using":"css selector","value":"#shell-header-logo"}
COMMAND: GET /session/a195702728a77ff37608f387f074352f/screenshot - {}
RESULT: {}
RESULT: {}
RESULT: {"using":"css selector","value":"#shell-header-logo"}
COMMAND: POST /session/a195702728a77ff37608f387f074352f/element/f.2A12D66D45573334A301B7B64EE7B035.d.860B70FAF500701BFA62B09FD82AC58A.e.2309/click - {}
RESULT: {}
COMMAND: GET /session/a195702728a77ff37608f387f074352f/screenshot - {}
RESULT: {}
COMMAND: POST /session/a195702728a77ff37608f387f074352f/execute/async - {"script":"<script> [189 bytes]","args":[]}
RESULT: {"script":"<script> [189 bytes]","args":[]}
COMMAND: POST /session/a195702728a77ff37608f387f074352f/execute/async - {"script":"<script> [123 bytes]","args":[]}
RESULT: {"script":"<script> [123 bytes]","args":[]}
COMMAND: POST /session/a195702728a77ff37608f387f074352f/timeouts - {"script":"<number>"}
RESULT: {"script":"<number>"}
COMMAND: GET /session/a195702728a77ff37608f387f074352f/timeouts - {}
RESULT: {}
RESULT: undefined
COMMAND: POST /session/a195702728a77ff37608f387f074352f/execute/async - {"script":"<script> [2676 bytes]","args":[]}
RESULT: {"script":"<script> [2676 bytes]","args":[]}
COMMAND: POST /session/a195702728a77ff37608f387f074352f/execute/async - {"script":"<script> [2342 bytes]","args":[{"protocol":"http","hostname":"0.0.0.0","path":"/","capabilities":{"browserName":"chrome","goog:chromeOptions":{"binary":"C:\\Program Files\\Google\\Chrome\\Application\\chrome.exe","args":["--start-maximized"]}},"logLevel":"warn","connectionRetryTimeout":120000,"connectionRetryCount":3,"logLevels":{},"enableDirectConnect":true,"strictSSL":true,"_":"65 more keys: [\"cacheDir\",\"port\",\"requestedCapabilities\",\"automationProtocol\",\"baseUrl\",\"waitforInterval\",\"waitforTimeout\",\"onReload\",\"beforeCommand\",\"afterCommand\",\"rootDir\",\"specs\",\"suites\",\"exclude\",\"groupLogsByTestSpec\",\"excludeDriverLogs\",\"bail\",\"framework\",\"reporters\",\"services\",\"maxInstances\",\"maxInstancesPerCapability\",\"injectGlobals\",\"filesToWatch\",\"execArgv\",\"runnerEnv\",\"runner\",\"shard\",\"specFileRetries\",\"specFileRetriesDelay\",\"specFileRetriesDeferred\",\"reporterSyncInterval\",\"reporterSyncTimeout\",\"cucumberFeaturesWithLineNumbers\",\"autoCompileOpts\",\"mochaOpts\",\"jasmineOpts\",\"cucumberOpts\",\"onPrepare\",\"onWorkerStart\",\"onWorkerEnd\",\"before\",\"beforeSession\",\"beforeSuite\",\"beforeHook\",\"beforeTest\",\"afterTest\",\"afterHook\",\"afterSuite\",\"afterSession\",\"after\",\"onComplete\",\"beforeAssertion\",\"afterAssertion\",\"beforeFeature\",\"beforeScenario\",\"beforeStep\",\"afterStep\",\"afterScenario\",\"afterFeature\",\"_\",\"suite\",\"$0\",\"ignoredWorkerServices\",\"wdi5\"]"}]}
RESULT: {"script":"<script> [2342 bytes]","args":[{"protocol":"http","hostname":"0.0.0.0","path":"/","capabilities":{"browserName":"chrome","goog:chromeOptions":{"binary":"C:\\Program Files\\Google\\Chrome\\Application\\chrome.exe","args":["--start-maximized"]}},"logLevel":"warn","connectionRetryTimeout":120000,"connectionRetryCount":3,"logLevels":{},"enableDirectConnect":true,"strictSSL":true,"_":"65 more keys: [\"cacheDir\",\"port\",\"requestedCapabilities\",\"automationProtocol\",\"baseUrl\",\"waitforInterval\",\"waitforTimeout\",\"onReload\",\"beforeCommand\",\"afterCommand\",\"rootDir\",\"specs\",\"suites\",\"exclude\",\"groupLogsByTestSpec\",\"excludeDriverLogs\",\"bail\",\"framework\",\"reporters\",\"services\",\"maxInstances\",\"maxInstancesPerCapability\",\"injectGlobals\",\"filesToWatch\",\"execArgv\",\"runnerEnv\",\"runner\",\"shard\",\"specFileRetries\",\"specFileRetriesDelay\",\"specFileRetriesDeferred\",\"reporterSyncInterval\",\"reporterSyncTimeout\",\"cucumberFeaturesWithLineNumbers\",\"autoCompileOpts\",\"mochaOpts\",\"jasmineOpts\",\"cucumberOpts\",\"onPrepare\",\"onWorkerStart\",\"onWorkerEnd\",\"before\",\"beforeSession\",\"beforeSuite\",\"beforeHook\",\"beforeTest\",\"afterTest\",\"afterHook\",\"afterSuite\",\"afterSession\",\"after\",\"onComplete\",\"beforeAssertion\",\"afterAssertion\",\"beforeFeature\",\"beforeScenario\",\"beforeStep\",\"afterStep\",\"afterScenario\",\"afterFeature\",\"_\",\"suite\",\"$0\",\"ignoredWorkerServices\",\"wdi5\"]"}]}
COMMAND: POST /session/a195702728a77ff37608f387f074352f/execute/async - {"script":"<script> [21126 bytes]","args":[35000]}
RESULT: {"script":"<script> [21126 bytes]","args":[35000]}
COMMAND: POST /session/a195702728a77ff37608f387f074352f/window/maximize - {}
RESULT: {}
COMMAND: POST /session/a195702728a77ff37608f387f074352f/execute/async - {"script":"<script> [1562 bytes]","args":[{"selector":{"id":"shell-header","interaction":{"idSuffix":"icon"}},"wdio_ui5_key":"shellheader"}]}
COMMAND: GET /session/a195702728a77ff37608f387f074352f/screenshot - {}
RESULT: {"script":"<script> [1562 bytes]","args":[{"selector":{"id":"shell-header","interaction":{"idSuffix":"icon"}},"wdio_ui5_key":"shellheader"}]}
RESULT: undefined
COMMAND: POST /session/a195702728a77ff37608f387f074352f/refresh - {}
RESULT: {}
RESULT: {}
COMMAND: GET /session/a195702728a77ff37608f387f074352f/screenshot - {}
RESULT: {}
COMMAND: POST /session/a195702728a77ff37608f387f074352f/refresh - {}
RESULT: {}
COMMAND: GET /session/a195702728a77ff37608f387f074352f/screenshot - {}
RESULT: {}
COMMAND: POST /session/a195702728a77ff37608f387f074352f/window/fullscreen - {}
RESULT: {}
COMMAND: POST /session/a195702728a77ff37608f387f074352f/execute/async - {"script":"<script> [189 bytes]","args":[]}
RESULT: {"script":"<script> [189 bytes]","args":[]}
COMMAND: POST /session/a195702728a77ff37608f387f074352f/execute/async - {"script":"<script> [123 bytes]","args":[]}
RESULT: {"script":"<script> [123 bytes]","args":[]}
COMMAND: POST /session/a195702728a77ff37608f387f074352f/timeouts - {"script":"<number>"}
RESULT: {"script":"<number>"}
COMMAND: GET /session/a195702728a77ff37608f387f074352f/timeouts - {}
RESULT: {}
RESULT: undefined
COMMAND: POST /session/a195702728a77ff37608f387f074352f/execute/async - {"script":"<script> [2676 bytes]","args":[]}
RESULT: {"script":"<script> [2676 bytes]","args":[]}
COMMAND: POST /session/a195702728a77ff37608f387f074352f/execute/async - {"script":"<script> [2342 bytes]","args":[{"protocol":"http","hostname":"0.0.0.0","path":"/","capabilities":{"browserName":"chrome","goog:chromeOptions":{"binary":"C:\\Program Files\\Google\\Chrome\\Application\\chrome.exe","args":["--start-maximized"]}},"logLevel":"warn","connectionRetryTimeout":120000,"connectionRetryCount":3,"logLevels":{},"enableDirectConnect":true,"strictSSL":true,"_":"65 more keys: [\"cacheDir\",\"port\",\"requestedCapabilities\",\"automationProtocol\",\"baseUrl\",\"waitforInterval\",\"waitforTimeout\",\"onReload\",\"beforeCommand\",\"afterCommand\",\"rootDir\",\"specs\",\"suites\",\"exclude\",\"groupLogsByTestSpec\",\"excludeDriverLogs\",\"bail\",\"framework\",\"reporters\",\"services\",\"maxInstances\",\"maxInstancesPerCapability\",\"injectGlobals\",\"filesToWatch\",\"execArgv\",\"runnerEnv\",\"runner\",\"shard\",\"specFileRetries\",\"specFileRetriesDelay\",\"specFileRetriesDeferred\",\"reporterSyncInterval\",\"reporterSyncTimeout\",\"cucumberFeaturesWithLineNumbers\",\"autoCompileOpts\",\"mochaOpts\",\"jasmineOpts\",\"cucumberOpts\",\"onPrepare\",\"onWorkerStart\",\"onWorkerEnd\",\"before\",\"beforeSession\",\"beforeSuite\",\"beforeHook\",\"beforeTest\",\"afterTest\",\"afterHook\",\"afterSuite\",\"afterSession\",\"after\",\"onComplete\",\"beforeAssertion\",\"afterAssertion\",\"beforeFeature\",\"beforeScenario\",\"beforeStep\",\"afterStep\",\"afterScenario\",\"afterFeature\",\"_\",\"suite\",\"$0\",\"ignoredWorkerServices\",\"wdi5\"]"}]}
RESULT: {"script":"<script> [2342 bytes]","args":[{"protocol":"http","hostname":"0.0.0.0","path":"/","capabilities":{"browserName":"chrome","goog:chromeOptions":{"binary":"C:\\Program Files\\Google\\Chrome\\Application\\chrome.exe","args":["--start-maximized"]}},"logLevel":"warn","connectionRetryTimeout":120000,"connectionRetryCount":3,"logLevels":{},"enableDirectConnect":true,"strictSSL":true,"_":"65 more keys: [\"cacheDir\",\"port\",\"requestedCapabilities\",\"automationProtocol\",\"baseUrl\",\"waitforInterval\",\"waitforTimeout\",\"onReload\",\"beforeCommand\",\"afterCommand\",\"rootDir\",\"specs\",\"suites\",\"exclude\",\"groupLogsByTestSpec\",\"excludeDriverLogs\",\"bail\",\"framework\",\"reporters\",\"services\",\"maxInstances\",\"maxInstancesPerCapability\",\"injectGlobals\",\"filesToWatch\",\"execArgv\",\"runnerEnv\",\"runner\",\"shard\",\"specFileRetries\",\"specFileRetriesDelay\",\"specFileRetriesDeferred\",\"reporterSyncInterval\",\"reporterSyncTimeout\",\"cucumberFeaturesWithLineNumbers\",\"autoCompileOpts\",\"mochaOpts\",\"jasmineOpts\",\"cucumberOpts\",\"onPrepare\",\"onWorkerStart\",\"onWorkerEnd\",\"before\",\"beforeSession\",\"beforeSuite\",\"beforeHook\",\"beforeTest\",\"afterTest\",\"afterHook\",\"afterSuite\",\"afterSession\",\"after\",\"onComplete\",\"beforeAssertion\",\"afterAssertion\",\"beforeFeature\",\"beforeScenario\",\"beforeStep\",\"afterStep\",\"afterScenario\",\"afterFeature\",\"_\",\"suite\",\"$0\",\"ignoredWorkerServices\",\"wdi5\"]"}]}
COMMAND: POST /session/a195702728a77ff37608f387f074352f/execute/async - {"script":"<script> [21126 bytes]","args":[35000]}
RESULT: {"script":"<script> [21126 bytes]","args":[35000]}
]]></system-out>
      <system-err><![CDATA[
Error: Can't call click on element with selector "//div[@id='application-warehousemovements-display-component---warehouseMovements--smartFilterBar-filterItemControl_BASIC-YARD-valueHelpDialog-table-rowsel0']" because element wasn't found
    at async Context.<anonymous> (D:\a\1\s\test\specs\HTR\smoke-warehouse-movements-inventory.js:615:9)
]]></system-err>
    </testcase>
  </testsuite>
  <testsuite timestamp="2025-05-22T16:51:47" time="781.944" tests="7" failures="2" errors="2" skipped="0">
    <properties>
      <property name="specId" value="0"/>
      <property name="suiteName" value="Create masterdata for Yard Overview - trigger provide US130988"/>
      <property name="capabilities" value="chrome.136_0_7103_93.windows"/>
      <property name="file" value="file:///D:/a/1/s/test/specs/HTR/yard-movement-putaways.spec.js"/>
    </properties>
    <testcase classname="chrome.136_0_7103_93.windows.Create_masterdata_for_Yard_Overview_-_trigger_provide_US130988" name="Should create a new WHM yard" time="121.643">
      <system-out><![CDATA[
COMMAND: POST /session/a195702728a77ff37608f387f074352f/window/fullscreen - {}
RESULT: {}
COMMAND: POST /session/a195702728a77ff37608f387f074352f/execute/async - {"script":"<script> [1562 bytes]","args":[{"selector":{"controlType":"sap.m.GenericTile","properties":{"header":"Manage Yards"}},"wdio_ui5_key":"sapm.GenericTile{\"header\":\"Manage Yards\"}"}]}
RESULT: {"script":"<script> [1562 bytes]","args":[{"selector":{"controlType":"sap.m.GenericTile","properties":{"header":"Manage Yards"}},"wdio_ui5_key":"sapm.GenericTile{\"header\":\"Manage Yards\"}"}]}
RESULT: undefined
COMMAND: POST /session/a195702728a77ff37608f387f074352f/element - {"using":"xpath","value":"//*[@id=\"__tile41\"]"}
RESULT: {"using":"xpath","value":"//*[@id=\"__tile41\"]"}
COMMAND: POST /session/a195702728a77ff37608f387f074352f/element/f.2A12D66D45573334A301B7B64EE7B035.d.21DDE8C89E95CFC82828BF73075BA727.e.2366/click - {}
RESULT: {}
COMMAND: GET /session/a195702728a77ff37608f387f074352f/screenshot - {}
RESULT: {}
COMMAND: POST /session/a195702728a77ff37608f387f074352f/elements - {"using":"xpath","value":"//span[text()='Error']"}
RESULT: {"using":"xpath","value":"//span[text()='Error']"}
COMMAND: POST /session/a195702728a77ff37608f387f074352f/element - {"using":"xpath","value":"//button[@data-kt=\"addNewYardOverflowToolbarButton\"]"}
RESULT: {"using":"xpath","value":"//button[@data-kt=\"addNewYardOverflowToolbarButton\"]"}
COMMAND: POST /session/a195702728a77ff37608f387f074352f/elements - {"using":"xpath","value":"//button[@data-kt=\"addNewYardOverflowToolbarButton\"]"}
RESULT: {"using":"xpath","value":"//button[@data-kt=\"addNewYardOverflowToolbarButton\"]"}
COMMAND: POST /session/a195702728a77ff37608f387f074352f/elements - {"using":"xpath","value":"//button[@data-kt=\"addNewYardOverflowToolbarButton\"]"}
RESULT: {"using":"xpath","value":"//button[@data-kt=\"addNewYardOverflowToolbarButton\"]"}
COMMAND: POST /session/a195702728a77ff37608f387f074352f/element - {"using":"xpath","value":"//button[@data-kt=\"addNewYardOverflowToolbarButton\"]"}
RESULT: {"using":"xpath","value":"//button[@data-kt=\"addNewYardOverflowToolbarButton\"]"}
COMMAND: POST /session/a195702728a77ff37608f387f074352f/execute/sync - {"script":"<script> [8489 bytes]","args":[{"element-6066-11e4-a52e-4f735466cecf":"f.2A12D66D45573334A301B7B64EE7B035.d.21DDE8C89E95CFC82828BF73075BA727.e.2498","ELEMENT":"f.2A12D66D45573334A301B7B64EE7B035.d.21DDE8C89E95CFC82828BF73075BA727.e.2498"}]}
RESULT: {"script":"<script> [8489 bytes]","args":[{"element-6066-11e4-a52e-4f735466cecf":"f.2A12D66D45573334A301B7B64EE7B035.d.21DDE8C89E95CFC82828BF73075BA727.e.2498","ELEMENT":"f.2A12D66D45573334A301B7B64EE7B035.d.21DDE8C89E95CFC82828BF73075BA727.e.2498"}]}
COMMAND: GET /session/a195702728a77ff37608f387f074352f/element/f.2A12D66D45573334A301B7B64EE7B035.d.21DDE8C89E95CFC82828BF73075BA727.e.2498/enabled - {}
COMMAND: GET /session/a195702728a77ff37608f387f074352f/screenshot - {}
RESULT: {}
COMMAND: POST /session/a195702728a77ff37608f387f074352f/execute/sync - {"script":"<script> [8489 bytes]","args":[{"element-6066-11e4-a52e-4f735466cecf":"f.2A12D66D45573334A301B7B64EE7B035.d.21DDE8C89E95CFC82828BF73075BA727.e.2498","ELEMENT":"f.2A12D66D45573334A301B7B64EE7B035.d.21DDE8C89E95CFC82828BF73075BA727.e.2498"}]}
COMMAND: GET /session/a195702728a77ff37608f387f074352f/screenshot - {}
RESULT: {}
RESULT: {"script":"<script> [8489 bytes]","args":[{"element-6066-11e4-a52e-4f735466cecf":"f.2A12D66D45573334A301B7B64EE7B035.d.21DDE8C89E95CFC82828BF73075BA727.e.2498","ELEMENT":"f.2A12D66D45573334A301B7B64EE7B035.d.21DDE8C89E95CFC82828BF73075BA727.e.2498"}]}
COMMAND: POST /session/a195702728a77ff37608f387f074352f/execute/sync - {"script":"<script> [5351 bytes]","args":[{"element-6066-11e4-a52e-4f735466cecf":"f.2A12D66D45573334A301B7B64EE7B035.d.21DDE8C89E95CFC82828BF73075BA727.e.2498","ELEMENT":"f.2A12D66D45573334A301B7B64EE7B035.d.21DDE8C89E95CFC82828BF73075BA727.e.2498"}]}
COMMAND: GET /session/a195702728a77ff37608f387f074352f/screenshot - {}
RESULT: {}
RESULT: {"script":"<script> [5351 bytes]","args":[{"element-6066-11e4-a52e-4f735466cecf":"f.2A12D66D45573334A301B7B64EE7B035.d.21DDE8C89E95CFC82828BF73075BA727.e.2498","ELEMENT":"f.2A12D66D45573334A301B7B64EE7B035.d.21DDE8C89E95CFC82828BF73075BA727.e.2498"}]}
COMMAND: POST /session/a195702728a77ff37608f387f074352f/element/f.2A12D66D45573334A301B7B64EE7B035.d.21DDE8C89E95CFC82828BF73075BA727.e.2498/click - {}
COMMAND: GET /session/a195702728a77ff37608f387f074352f/screenshot - {}
RESULT: {}
RESULT: {}
COMMAND: GET /session/a195702728a77ff37608f387f074352f/screenshot - {}
RESULT: {}
COMMAND: POST /session/a195702728a77ff37608f387f074352f/element - {"using":"xpath","value":"//input[@id=\"application-manageyards-display-component---NewYard--yardId-inner\"]"}
RESULT: {}
RESULT: {"using":"xpath","value":"//input[@id=\"application-manageyards-display-component---NewYard--yardId-inner\"]"}
COMMAND: POST /session/a195702728a77ff37608f387f074352f/element - {"using":"xpath","value":"//input[@id=\"application-manageyards-display-component---NewYard--yardId-inner\"]"}
RESULT: {"using":"xpath","value":"//input[@id=\"application-manageyards-display-component---NewYard--yardId-inner\"]"}
COMMAND: POST /session/a195702728a77ff37608f387f074352f/execute/async - {"script":"<script> [1562 bytes]","args":[{"selector":{"id":"application-manageyards-display-component---NewYard--addressDetailDetailsName1","interaction":{"idSuffix":"inner"}},"wdio_ui5_key":"applicationmanageyards-display-component---NewYard--addressDetailDetailsName1"}]}
RESULT: {"script":"<script> [1562 bytes]","args":[{"selector":{"id":"application-manageyards-display-component---NewYard--addressDetailDetailsName1","interaction":{"idSuffix":"inner"}},"wdio_ui5_key":"applicationmanageyards-display-component---NewYard--addressDetailDetailsName1"}]}
RESULT: undefined
COMMAND: POST /session/a195702728a77ff37608f387f074352f/execute/async - {"script":"<script> [776 bytes]","args":[{"enterText":"Warehouse Managed WDIO","selector":{"id":"application-manageyards-display-component---NewYard--addressDetailDetailsName1","interaction":{"idSuffix":"inner"}},"clearTextFirst":true,"interactionType":"ENTER_TEXT"}]}
RESULT: {"script":"<script> [776 bytes]","args":[{"enterText":"Warehouse Managed WDIO","selector":{"id":"application-manageyards-display-component---NewYard--addressDetailDetailsName1","interaction":{"idSuffix":"inner"}},"clearTextFirst":true,"interactionType":"ENTER_TEXT"}]}
COMMAND: POST /session/a195702728a77ff37608f387f074352f/execute/async - {"script":"<script> [1562 bytes]","args":[{"selector":{"id":"application-manageyards-display-component---NewYard--addressDetailDetailsLanguage-arrow"},"wdio_ui5_key":"applicationmanageyards-display-component---NewYard--addressDetailDetailsLanguage-arrow"}]}
RESULT: {"script":"<script> [1562 bytes]","args":[{"selector":{"id":"application-manageyards-display-component---NewYard--addressDetailDetailsLanguage-arrow"},"wdio_ui5_key":"applicationmanageyards-display-component---NewYard--addressDetailDetailsLanguage-arrow"}]}
RESULT: undefined
COMMAND: POST /session/a195702728a77ff37608f387f074352f/element - {"using":"xpath","value":"//*[@id=\"application-manageyards-display-component---NewYard--addressDetailDetailsLanguage-arrow\"]"}
RESULT: {"using":"xpath","value":"//*[@id=\"application-manageyards-display-component---NewYard--addressDetailDetailsLanguage-arrow\"]"}
COMMAND: POST /session/a195702728a77ff37608f387f074352f/element/f.2A12D66D45573334A301B7B64EE7B035.d.21DDE8C89E95CFC82828BF73075BA727.e.2928/click - {}
RESULT: {}
COMMAND: POST /session/a195702728a77ff37608f387f074352f/element - {"using":"xpath","value":"//span[contains(text(), \"English\")]"}
COMMAND: GET /session/a195702728a77ff37608f387f074352f/screenshot - {}
RESULT: {"using":"xpath","value":"//span[contains(text(), \"English\")]"}
COMMAND: POST /session/a195702728a77ff37608f387f074352f/element/f.2A12D66D45573334A301B7B64EE7B035.d.21DDE8C89E95CFC82828BF73075BA727.e.2929/click - {}
RESULT: {}
RESULT: {}
COMMAND: POST /session/a195702728a77ff37608f387f074352f/execute/async - {"script":"<script> [1562 bytes]","args":[{"selector":{"id":"application-manageyards-display-component---NewYard--addressDetailDetailsCity1","interaction":{"idSuffix":"inner"}},"wdio_ui5_key":"applicationmanageyards-display-component---NewYard--addressDetailDetailsCity1"}]}
COMMAND: GET /session/a195702728a77ff37608f387f074352f/screenshot - {}
RESULT: {"script":"<script> [1562 bytes]","args":[{"selector":{"id":"application-manageyards-display-component---NewYard--addressDetailDetailsCity1","interaction":{"idSuffix":"inner"}},"wdio_ui5_key":"applicationmanageyards-display-component---NewYard--addressDetailDetailsCity1"}]}
RESULT: undefined
COMMAND: POST /session/a195702728a77ff37608f387f074352f/execute/async - {"script":"<script> [776 bytes]","args":[{"enterText":"Rosario","selector":{"id":"application-manageyards-display-component---NewYard--addressDetailDetailsCity1","interaction":{"idSuffix":"inner"}},"clearTextFirst":true,"interactionType":"ENTER_TEXT"}]}
RESULT: {}
RESULT: {"script":"<script> [776 bytes]","args":[{"enterText":"Rosario","selector":{"id":"application-manageyards-display-component---NewYard--addressDetailDetailsCity1","interaction":{"idSuffix":"inner"}},"clearTextFirst":true,"interactionType":"ENTER_TEXT"}]}
COMMAND: POST /session/a195702728a77ff37608f387f074352f/execute/async - {"script":"<script> [1562 bytes]","args":[{"selector":{"id":"application-manageyards-display-component---NewYard--addressDetailDetailsCountry-arrow"},"wdio_ui5_key":"applicationmanageyards-display-component---NewYard--addressDetailDetailsCountry-arrow"}]}
RESULT: {"script":"<script> [1562 bytes]","args":[{"selector":{"id":"application-manageyards-display-component---NewYard--addressDetailDetailsCountry-arrow"},"wdio_ui5_key":"applicationmanageyards-display-component---NewYard--addressDetailDetailsCountry-arrow"}]}
RESULT: undefined
COMMAND: POST /session/a195702728a77ff37608f387f074352f/element - {"using":"xpath","value":"//*[@id=\"application-manageyards-display-component---NewYard--addressDetailDetailsCountry-arrow\"]"}
RESULT: {"using":"xpath","value":"//*[@id=\"application-manageyards-display-component---NewYard--addressDetailDetailsCountry-arrow\"]"}
COMMAND: POST /session/a195702728a77ff37608f387f074352f/element/f.2A12D66D45573334A301B7B64EE7B035.d.21DDE8C89E95CFC82828BF73075BA727.e.2931/click - {}
RESULT: {}
COMMAND: POST /session/a195702728a77ff37608f387f074352f/element - {"using":"xpath","value":"//span[contains(text(), \"Argentina\")]"}
COMMAND: GET /session/a195702728a77ff37608f387f074352f/screenshot - {}
RESULT: {"using":"xpath","value":"//span[contains(text(), \"Argentina\")]"}
COMMAND: POST /session/a195702728a77ff37608f387f074352f/element/f.2A12D66D45573334A301B7B64EE7B035.d.21DDE8C89E95CFC82828BF73075BA727.e.2932/click - {}
RESULT: {}
RESULT: {}
COMMAND: POST /session/a195702728a77ff37608f387f074352f/execute/async - {"script":"<script> [1562 bytes]","args":[{"selector":{"id":"application-manageyards-display-component---NewYard--addressEditDetailsCostObjectCstType-arrow"},"wdio_ui5_key":"applicationmanageyards-display-component---NewYard--addressEditDetailsCostObjectCstType-arrow"}]}
COMMAND: GET /session/a195702728a77ff37608f387f074352f/screenshot - {}
RESULT: {"script":"<script> [1562 bytes]","args":[{"selector":{"id":"application-manageyards-display-component---NewYard--addressEditDetailsCostObjectCstType-arrow"},"wdio_ui5_key":"applicationmanageyards-display-component---NewYard--addressEditDetailsCostObjectCstType-arrow"}]}
RESULT: undefined
COMMAND: POST /session/a195702728a77ff37608f387f074352f/element - {"using":"xpath","value":"//*[@id=\"application-manageyards-display-component---NewYard--addressEditDetailsCostObjectCstType-arrow\"]"}
RESULT: {}
RESULT: {"using":"xpath","value":"//*[@id=\"application-manageyards-display-component---NewYard--addressEditDetailsCostObjectCstType-arrow\"]"}
COMMAND: POST /session/a195702728a77ff37608f387f074352f/element/f.2A12D66D45573334A301B7B64EE7B035.d.21DDE8C89E95CFC82828BF73075BA727.e.2934/click - {}
RESULT: {}
COMMAND: POST /session/a195702728a77ff37608f387f074352f/element - {"using":"xpath","value":"//span[contains(text(), \"Cost Center\")]"}
COMMAND: GET /session/a195702728a77ff37608f387f074352f/screenshot - {}
RESULT: {"using":"xpath","value":"//span[contains(text(), \"Cost Center\")]"}
COMMAND: POST /session/a195702728a77ff37608f387f074352f/element/f.2A12D66D45573334A301B7B64EE7B035.d.21DDE8C89E95CFC82828BF73075BA727.e.2935/click - {}
RESULT: {}
RESULT: {}
COMMAND: GET /session/a195702728a77ff37608f387f074352f/screenshot - {}
RESULT: {}
COMMAND: POST /session/a195702728a77ff37608f387f074352f/element - {"using":"xpath","value":"//span[@id=\"application-manageyards-display-component---NewYard--addressNewCostObjectCstID-vhi\"]"}
RESULT: {"using":"xpath","value":"//span[@id=\"application-manageyards-display-component---NewYard--addressNewCostObjectCstID-vhi\"]"}
COMMAND: POST /session/a195702728a77ff37608f387f074352f/execute/sync - {"script":"<script> [8489 bytes]","args":[{"element-6066-11e4-a52e-4f735466cecf":"f.2A12D66D45573334A301B7B64EE7B035.d.21DDE8C89E95CFC82828BF73075BA727.e.2939","ELEMENT":"f.2A12D66D45573334A301B7B64EE7B035.d.21DDE8C89E95CFC82828BF73075BA727.e.2939"}]}
RESULT: {"script":"<script> [8489 bytes]","args":[{"element-6066-11e4-a52e-4f735466cecf":"f.2A12D66D45573334A301B7B64EE7B035.d.21DDE8C89E95CFC82828BF73075BA727.e.2939","ELEMENT":"f.2A12D66D45573334A301B7B64EE7B035.d.21DDE8C89E95CFC82828BF73075BA727.e.2939"}]}
COMMAND: POST /session/a195702728a77ff37608f387f074352f/execute/async - {"script":"<script> [1562 bytes]","args":[{"selector":{"id":"application-manageyards-display-component---NewYard--addressNewCostObjectCstID-vhi"},"wdio_ui5_key":"applicationmanageyards-display-component---NewYard--addressNewCostObjectCstID-vhi"}]}
COMMAND: GET /session/a195702728a77ff37608f387f074352f/screenshot - {}
RESULT: {"script":"<script> [1562 bytes]","args":[{"selector":{"id":"application-manageyards-display-component---NewYard--addressNewCostObjectCstID-vhi"},"wdio_ui5_key":"applicationmanageyards-display-component---NewYard--addressNewCostObjectCstID-vhi"}]}
RESULT: undefined
COMMAND: POST /session/a195702728a77ff37608f387f074352f/element - {"using":"xpath","value":"//*[@id=\"application-manageyards-display-component---NewYard--addressNewCostObjectCstID-vhi\"]"}
RESULT: {}
RESULT: {"using":"xpath","value":"//*[@id=\"application-manageyards-display-component---NewYard--addressNewCostObjectCstID-vhi\"]"}
COMMAND: POST /session/a195702728a77ff37608f387f074352f/element/f.2A12D66D45573334A301B7B64EE7B035.d.21DDE8C89E95CFC82828BF73075BA727.e.2939/click - {}
RESULT: {}
COMMAND: GET /session/a195702728a77ff37608f387f074352f/screenshot - {}
RESULT: {}
COMMAND: POST /session/a195702728a77ff37608f387f074352f/execute/async - {"script":"<script> [1562 bytes]","args":[{"selector":{"controlType":"sap.m.SearchField","properties":{"placeholder":"Search"},"searchOpenDialogs":true,"interaction":{"idSuffix":"I"}},"wdio_ui5_key":"sapm.SearchField{\"placeholder\":\"Search\"}"}]}
RESULT: {"script":"<script> [1562 bytes]","args":[{"selector":{"controlType":"sap.m.SearchField","properties":{"placeholder":"Search"},"searchOpenDialogs":true,"interaction":{"idSuffix":"I"}},"wdio_ui5_key":"sapm.SearchField{\"placeholder\":\"Search\"}"}]}
RESULT: undefined
COMMAND: POST /session/a195702728a77ff37608f387f074352f/execute/async - {"script":"<script> [776 bytes]","args":[{"enterText":"bauh_b","selector":{"controlType":"sap.m.SearchField","properties":{"placeholder":"Search"},"searchOpenDialogs":true,"interaction":{"idSuffix":"I"}},"clearTextFirst":true,"interactionType":"ENTER_TEXT"}]}
RESULT: {"script":"<script> [776 bytes]","args":[{"enterText":"bauh_b","selector":{"controlType":"sap.m.SearchField","properties":{"placeholder":"Search"},"searchOpenDialogs":true,"interaction":{"idSuffix":"I"}},"clearTextFirst":true,"interactionType":"ENTER_TEXT"}]}
COMMAND: POST /session/a195702728a77ff37608f387f074352f/actions - {"actions":[{"id":"action9","type":"key","parameters":{},"actions":[{"type":"keyDown","value":""},{"type":"pause","duration":10},{"type":"keyUp","value":""}]}]}
RESULT: {"actions":[{"id":"action9","type":"key","parameters":{},"actions":[{"type":"keyDown","value":""},{"type":"pause","duration":10},{"type":"keyUp","value":""}]}]}
COMMAND: GET /session/a195702728a77ff37608f387f074352f/screenshot - {}
RESULT: {}
COMMAND: POST /session/a195702728a77ff37608f387f074352f/element - {"using":"xpath","value":"//span[contains(text(), \"Demo Yard\")]"}
RESULT: {"using":"xpath","value":"//span[contains(text(), \"Demo Yard\")]"}
COMMAND: POST /session/a195702728a77ff37608f387f074352f/element/f.2A12D66D45573334A301B7B64EE7B035.d.21DDE8C89E95CFC82828BF73075BA727.e.2981/click - {}
RESULT: {}
COMMAND: GET /session/a195702728a77ff37608f387f074352f/screenshot - {}
RESULT: {}
COMMAND: POST /session/a195702728a77ff37608f387f074352f/element - {"using":"xpath","value":"//bdi[contains(text(), \"OK\")]"}
RESULT: {"using":"xpath","value":"//bdi[contains(text(), \"OK\")]"}
COMMAND: POST /session/a195702728a77ff37608f387f074352f/element/f.2A12D66D45573334A301B7B64EE7B035.d.21DDE8C89E95CFC82828BF73075BA727.e.2982/click - {}
RESULT: {}
COMMAND: GET /session/a195702728a77ff37608f387f074352f/screenshot - {}
RESULT: {}
COMMAND: POST /session/a195702728a77ff37608f387f074352f/execute/async - {"script":"<script> [1562 bytes]","args":[{"selector":{"id":"application-manageyards-display-component---NewYard--addressEditDetailsCurrency-arrow"},"wdio_ui5_key":"applicationmanageyards-display-component---NewYard--addressEditDetailsCurrency-arrow"}]}
RESULT: {"script":"<script> [1562 bytes]","args":[{"selector":{"id":"application-manageyards-display-component---NewYard--addressEditDetailsCurrency-arrow"},"wdio_ui5_key":"applicationmanageyards-display-component---NewYard--addressEditDetailsCurrency-arrow"}]}
RESULT: undefined
COMMAND: POST /session/a195702728a77ff37608f387f074352f/element - {"using":"xpath","value":"//*[@id=\"application-manageyards-display-component---NewYard--addressEditDetailsCurrency-arrow\"]"}
RESULT: {"using":"xpath","value":"//*[@id=\"application-manageyards-display-component---NewYard--addressEditDetailsCurrency-arrow\"]"}
COMMAND: POST /session/a195702728a77ff37608f387f074352f/element/f.2A12D66D45573334A301B7B64EE7B035.d.21DDE8C89E95CFC82828BF73075BA727.e.2985/click - {}
RESULT: {}
COMMAND: POST /session/a195702728a77ff37608f387f074352f/element - {"using":"xpath","value":"//span[contains(text(), \"Euro\")]"}
COMMAND: GET /session/a195702728a77ff37608f387f074352f/screenshot - {}
RESULT: {"using":"xpath","value":"//span[contains(text(), \"Euro\")]"}
COMMAND: POST /session/a195702728a77ff37608f387f074352f/element/f.2A12D66D45573334A301B7B64EE7B035.d.21DDE8C89E95CFC82828BF73075BA727.e.2986/click - {}
RESULT: {}
RESULT: {}
COMMAND: POST /session/a195702728a77ff37608f387f074352f/execute/async - {"script":"<script> [1562 bytes]","args":[{"selector":{"controlType":"sap.m.Input","viewName":"etm.portal.ui.manageyards.view.New","viewId":"application-manageyards-display-component---NewYard","bindingPath":{"path":"","propertyPath":"/CONTROLLING_AREA","modelName":"NewYardModel"},"interaction":{"idSuffix":"inner"}},"wdio_ui5_key":"etmportal.ui.manageyards.view.Newsap.m.Input{\"path\":\"\",\"propertyPath\":\"/CONTROLLING_AREA\",\"modelName\":\"NewYardModel\"}"}]}
COMMAND: GET /session/a195702728a77ff37608f387f074352f/screenshot - {}
RESULT: {"script":"<script> [1562 bytes]","args":[{"selector":{"controlType":"sap.m.Input","viewName":"etm.portal.ui.manageyards.view.New","viewId":"application-manageyards-display-component---NewYard","bindingPath":{"path":"","propertyPath":"/CONTROLLING_AREA","modelName":"NewYardModel"},"interaction":{"idSuffix":"inner"}},"wdio_ui5_key":"etmportal.ui.manageyards.view.Newsap.m.Input{\"path\":\"\",\"propertyPath\":\"/CONTROLLING_AREA\",\"modelName\":\"NewYardModel\"}"}]}
RESULT: undefined
COMMAND: POST /session/a195702728a77ff37608f387f074352f/execute/async - {"script":"<script> [776 bytes]","args":[{"enterText":"Z001","selector":{"controlType":"sap.m.Input","viewName":"etm.portal.ui.manageyards.view.New","viewId":"application-manageyards-display-component---NewYard","bindingPath":{"path":"","propertyPath":"/CONTROLLING_AREA","modelName":"NewYardModel"},"interaction":{"idSuffix":"inner"}},"clearTextFirst":true,"interactionType":"ENTER_TEXT"}]}
RESULT: {}
RESULT: {"script":"<script> [776 bytes]","args":[{"enterText":"Z001","selector":{"controlType":"sap.m.Input","viewName":"etm.portal.ui.manageyards.view.New","viewId":"application-manageyards-display-component---NewYard","bindingPath":{"path":"","propertyPath":"/CONTROLLING_AREA","modelName":"NewYardModel"},"interaction":{"idSuffix":"inner"}},"clearTextFirst":true,"interactionType":"ENTER_TEXT"}]}
COMMAND: POST /session/a195702728a77ff37608f387f074352f/execute/async - {"script":"<script> [1562 bytes]","args":[{"selector":{"id":"application-manageyards-display-component---NewYard--companyCodeComboBox","interaction":{"idSuffix":"inner"}},"wdio_ui5_key":"applicationmanageyards-display-component---NewYard--companyCodeComboBox"}]}
RESULT: {"script":"<script> [1562 bytes]","args":[{"selector":{"id":"application-manageyards-display-component---NewYard--companyCodeComboBox","interaction":{"idSuffix":"inner"}},"wdio_ui5_key":"applicationmanageyards-display-component---NewYard--companyCodeComboBox"}]}
RESULT: undefined
COMMAND: POST /session/a195702728a77ff37608f387f074352f/execute/async - {"script":"<script> [776 bytes]","args":[{"enterText":"1000","selector":{"id":"application-manageyards-display-component---NewYard--companyCodeComboBox","interaction":{"idSuffix":"inner"}},"clearTextFirst":true,"interactionType":"ENTER_TEXT"}]}
RESULT: {"script":"<script> [776 bytes]","args":[{"enterText":"1000","selector":{"id":"application-manageyards-display-component---NewYard--companyCodeComboBox","interaction":{"idSuffix":"inner"}},"clearTextFirst":true,"interactionType":"ENTER_TEXT"}]}
COMMAND: POST /session/a195702728a77ff37608f387f074352f/execute/async - {"script":"<script> [1562 bytes]","args":[{"selector":{"controlType":"sap.m.Input","viewName":"etm.portal.ui.manageyards.view.New","viewId":"application-manageyards-display-component---NewYard","bindingPath":{"path":"","propertyPath":"/PLANT","modelName":"NewYardModel"},"interaction":{"idSuffix":"inner"}},"wdio_ui5_key":"etmportal.ui.manageyards.view.Newsap.m.Input{\"path\":\"\",\"propertyPath\":\"/PLANT\",\"modelName\":\"NewYardModel\"}"}]}
RESULT: {"script":"<script> [1562 bytes]","args":[{"selector":{"controlType":"sap.m.Input","viewName":"etm.portal.ui.manageyards.view.New","viewId":"application-manageyards-display-component---NewYard","bindingPath":{"path":"","propertyPath":"/PLANT","modelName":"NewYardModel"},"interaction":{"idSuffix":"inner"}},"wdio_ui5_key":"etmportal.ui.manageyards.view.Newsap.m.Input{\"path\":\"\",\"propertyPath\":\"/PLANT\",\"modelName\":\"NewYardModel\"}"}]}
RESULT: undefined
COMMAND: POST /session/a195702728a77ff37608f387f074352f/execute/async - {"script":"<script> [776 bytes]","args":[{"enterText":"1001","selector":{"controlType":"sap.m.Input","viewName":"etm.portal.ui.manageyards.view.New","viewId":"application-manageyards-display-component---NewYard","bindingPath":{"path":"","propertyPath":"/PLANT","modelName":"NewYardModel"},"interaction":{"idSuffix":"inner"}},"clearTextFirst":true,"interactionType":"ENTER_TEXT"}]}
RESULT: {"script":"<script> [776 bytes]","args":[{"enterText":"1001","selector":{"controlType":"sap.m.Input","viewName":"etm.portal.ui.manageyards.view.New","viewId":"application-manageyards-display-component---NewYard","bindingPath":{"path":"","propertyPath":"/PLANT","modelName":"NewYardModel"},"interaction":{"idSuffix":"inner"}},"clearTextFirst":true,"interactionType":"ENTER_TEXT"}]}
COMMAND: POST /session/a195702728a77ff37608f387f074352f/execute/async - {"script":"<script> [1562 bytes]","args":[{"selector":{"controlType":"sap.m.Input","viewName":"etm.portal.ui.manageyards.view.New","viewId":"application-manageyards-display-component---NewYard","bindingPath":{"path":"","propertyPath":"/SALES_AREA_VKORG","modelName":"NewYardModel"},"interaction":{"idSuffix":"inner"}},"wdio_ui5_key":"etmportal.ui.manageyards.view.Newsap.m.Input{\"path\":\"\",\"propertyPath\":\"/SALES_AREA_VKORG\",\"modelName\":\"NewYardModel\"}"}]}
RESULT: {"script":"<script> [1562 bytes]","args":[{"selector":{"controlType":"sap.m.Input","viewName":"etm.portal.ui.manageyards.view.New","viewId":"application-manageyards-display-component---NewYard","bindingPath":{"path":"","propertyPath":"/SALES_AREA_VKORG","modelName":"NewYardModel"},"interaction":{"idSuffix":"inner"}},"wdio_ui5_key":"etmportal.ui.manageyards.view.Newsap.m.Input{\"path\":\"\",\"propertyPath\":\"/SALES_AREA_VKORG\",\"modelName\":\"NewYardModel\"}"}]}
RESULT: undefined
COMMAND: POST /session/a195702728a77ff37608f387f074352f/execute/async - {"script":"<script> [776 bytes]","args":[{"enterText":"C002","selector":{"controlType":"sap.m.Input","viewName":"etm.portal.ui.manageyards.view.New","viewId":"application-manageyards-display-component---NewYard","bindingPath":{"path":"","propertyPath":"/SALES_AREA_VKORG","modelName":"NewYardModel"},"interaction":{"idSuffix":"inner"}},"clearTextFirst":true,"interactionType":"ENTER_TEXT"}]}
RESULT: {"script":"<script> [776 bytes]","args":[{"enterText":"C002","selector":{"controlType":"sap.m.Input","viewName":"etm.portal.ui.manageyards.view.New","viewId":"application-manageyards-display-component---NewYard","bindingPath":{"path":"","propertyPath":"/SALES_AREA_VKORG","modelName":"NewYardModel"},"interaction":{"idSuffix":"inner"}},"clearTextFirst":true,"interactionType":"ENTER_TEXT"}]}
COMMAND: POST /session/a195702728a77ff37608f387f074352f/execute/async - {"script":"<script> [1562 bytes]","args":[{"selector":{"controlType":"sap.m.Input","viewName":"etm.portal.ui.manageyards.view.New","viewId":"application-manageyards-display-component---NewYard","bindingPath":{"path":"","propertyPath":"/SALES_AREA_VTWEG","modelName":"NewYardModel"},"interaction":{"idSuffix":"inner"}},"wdio_ui5_key":"etmportal.ui.manageyards.view.Newsap.m.Input{\"path\":\"\",\"propertyPath\":\"/SALES_AREA_VTWEG\",\"modelName\":\"NewYardModel\"}"}]}
RESULT: {"script":"<script> [1562 bytes]","args":[{"selector":{"controlType":"sap.m.Input","viewName":"etm.portal.ui.manageyards.view.New","viewId":"application-manageyards-display-component---NewYard","bindingPath":{"path":"","propertyPath":"/SALES_AREA_VTWEG","modelName":"NewYardModel"},"interaction":{"idSuffix":"inner"}},"wdio_ui5_key":"etmportal.ui.manageyards.view.Newsap.m.Input{\"path\":\"\",\"propertyPath\":\"/SALES_AREA_VTWEG\",\"modelName\":\"NewYardModel\"}"}]}
RESULT: undefined
COMMAND: POST /session/a195702728a77ff37608f387f074352f/execute/async - {"script":"<script> [776 bytes]","args":[{"enterText":"C2","selector":{"controlType":"sap.m.Input","viewName":"etm.portal.ui.manageyards.view.New","viewId":"application-manageyards-display-component---NewYard","bindingPath":{"path":"","propertyPath":"/SALES_AREA_VTWEG","modelName":"NewYardModel"},"interaction":{"idSuffix":"inner"}},"clearTextFirst":true,"interactionType":"ENTER_TEXT"}]}
RESULT: {"script":"<script> [776 bytes]","args":[{"enterText":"C2","selector":{"controlType":"sap.m.Input","viewName":"etm.portal.ui.manageyards.view.New","viewId":"application-manageyards-display-component---NewYard","bindingPath":{"path":"","propertyPath":"/SALES_AREA_VTWEG","modelName":"NewYardModel"},"interaction":{"idSuffix":"inner"}},"clearTextFirst":true,"interactionType":"ENTER_TEXT"}]}
COMMAND: POST /session/a195702728a77ff37608f387f074352f/execute/async - {"script":"<script> [1562 bytes]","args":[{"selector":{"controlType":"sap.m.Input","viewName":"etm.portal.ui.manageyards.view.New","viewId":"application-manageyards-display-component---NewYard","bindingPath":{"path":"","propertyPath":"/SALES_AREA_SPART","modelName":"NewYardModel"},"interaction":{"idSuffix":"inner"}},"wdio_ui5_key":"etmportal.ui.manageyards.view.Newsap.m.Input{\"path\":\"\",\"propertyPath\":\"/SALES_AREA_SPART\",\"modelName\":\"NewYardModel\"}"}]}
RESULT: {"script":"<script> [1562 bytes]","args":[{"selector":{"controlType":"sap.m.Input","viewName":"etm.portal.ui.manageyards.view.New","viewId":"application-manageyards-display-component---NewYard","bindingPath":{"path":"","propertyPath":"/SALES_AREA_SPART","modelName":"NewYardModel"},"interaction":{"idSuffix":"inner"}},"wdio_ui5_key":"etmportal.ui.manageyards.view.Newsap.m.Input{\"path\":\"\",\"propertyPath\":\"/SALES_AREA_SPART\",\"modelName\":\"NewYardModel\"}"}]}
RESULT: undefined
COMMAND: POST /session/a195702728a77ff37608f387f074352f/execute/async - {"script":"<script> [776 bytes]","args":[{"enterText":"C2","selector":{"controlType":"sap.m.Input","viewName":"etm.portal.ui.manageyards.view.New","viewId":"application-manageyards-display-component---NewYard","bindingPath":{"path":"","propertyPath":"/SALES_AREA_SPART","modelName":"NewYardModel"},"interaction":{"idSuffix":"inner"}},"clearTextFirst":true,"interactionType":"ENTER_TEXT"}]}
RESULT: {"script":"<script> [776 bytes]","args":[{"enterText":"C2","selector":{"controlType":"sap.m.Input","viewName":"etm.portal.ui.manageyards.view.New","viewId":"application-manageyards-display-component---NewYard","bindingPath":{"path":"","propertyPath":"/SALES_AREA_SPART","modelName":"NewYardModel"},"interaction":{"idSuffix":"inner"}},"clearTextFirst":true,"interactionType":"ENTER_TEXT"}]}
COMMAND: POST /session/a195702728a77ff37608f387f074352f/execute/async - {"script":"<script> [1562 bytes]","args":[{"selector":{"controlType":"sap.m.Input","viewName":"etm.portal.ui.manageyards.view.New","viewId":"application-manageyards-display-component---NewYard","bindingPath":{"path":"","propertyPath":"/SHIP_POINT","modelName":"NewYardModel"},"interaction":{"idSuffix":"inner"}},"wdio_ui5_key":"etmportal.ui.manageyards.view.Newsap.m.Input{\"path\":\"\",\"propertyPath\":\"/SHIP_POINT\",\"modelName\":\"NewYardModel\"}"}]}
RESULT: {"script":"<script> [1562 bytes]","args":[{"selector":{"controlType":"sap.m.Input","viewName":"etm.portal.ui.manageyards.view.New","viewId":"application-manageyards-display-component---NewYard","bindingPath":{"path":"","propertyPath":"/SHIP_POINT","modelName":"NewYardModel"},"interaction":{"idSuffix":"inner"}},"wdio_ui5_key":"etmportal.ui.manageyards.view.Newsap.m.Input{\"path\":\"\",\"propertyPath\":\"/SHIP_POINT\",\"modelName\":\"NewYardModel\"}"}]}
RESULT: undefined
COMMAND: POST /session/a195702728a77ff37608f387f074352f/execute/async - {"script":"<script> [776 bytes]","args":[{"enterText":"1710","selector":{"controlType":"sap.m.Input","viewName":"etm.portal.ui.manageyards.view.New","viewId":"application-manageyards-display-component---NewYard","bindingPath":{"path":"","propertyPath":"/SHIP_POINT","modelName":"NewYardModel"},"interaction":{"idSuffix":"inner"}},"clearTextFirst":true,"interactionType":"ENTER_TEXT"}]}
RESULT: {"script":"<script> [776 bytes]","args":[{"enterText":"1710","selector":{"controlType":"sap.m.Input","viewName":"etm.portal.ui.manageyards.view.New","viewId":"application-manageyards-display-component---NewYard","bindingPath":{"path":"","propertyPath":"/SHIP_POINT","modelName":"NewYardModel"},"interaction":{"idSuffix":"inner"}},"clearTextFirst":true,"interactionType":"ENTER_TEXT"}]}
COMMAND: POST /session/a195702728a77ff37608f387f074352f/execute/async - {"script":"<script> [1562 bytes]","args":[{"selector":{"controlType":"sap.m.Input","viewName":"etm.portal.ui.manageyards.view.New","viewId":"application-manageyards-display-component---NewYard","bindingPath":{"path":"","propertyPath":"/DELIVERY_TYPE","modelName":"NewYardModel"},"interaction":{"idSuffix":"inner"}},"wdio_ui5_key":"etmportal.ui.manageyards.view.Newsap.m.Input{\"path\":\"\",\"propertyPath\":\"/DELIVERY_TYPE\",\"modelName\":\"NewYardModel\"}"}]}
RESULT: {"script":"<script> [1562 bytes]","args":[{"selector":{"controlType":"sap.m.Input","viewName":"etm.portal.ui.manageyards.view.New","viewId":"application-manageyards-display-component---NewYard","bindingPath":{"path":"","propertyPath":"/DELIVERY_TYPE","modelName":"NewYardModel"},"interaction":{"idSuffix":"inner"}},"wdio_ui5_key":"etmportal.ui.manageyards.view.Newsap.m.Input{\"path\":\"\",\"propertyPath\":\"/DELIVERY_TYPE\",\"modelName\":\"NewYardModel\"}"}]}
RESULT: undefined
COMMAND: POST /session/a195702728a77ff37608f387f074352f/execute/async - {"script":"<script> [776 bytes]","args":[{"enterText":"ZL01","selector":{"controlType":"sap.m.Input","viewName":"etm.portal.ui.manageyards.view.New","viewId":"application-manageyards-display-component---NewYard","bindingPath":{"path":"","propertyPath":"/DELIVERY_TYPE","modelName":"NewYardModel"},"interaction":{"idSuffix":"inner"}},"clearTextFirst":true,"interactionType":"ENTER_TEXT"}]}
RESULT: {"script":"<script> [776 bytes]","args":[{"enterText":"ZL01","selector":{"controlType":"sap.m.Input","viewName":"etm.portal.ui.manageyards.view.New","viewId":"application-manageyards-display-component---NewYard","bindingPath":{"path":"","propertyPath":"/DELIVERY_TYPE","modelName":"NewYardModel"},"interaction":{"idSuffix":"inner"}},"clearTextFirst":true,"interactionType":"ENTER_TEXT"}]}
COMMAND: POST /session/a195702728a77ff37608f387f074352f/execute/async - {"script":"<script> [1562 bytes]","args":[{"selector":{"controlType":"sap.m.Input","viewName":"etm.portal.ui.manageyards.view.New","viewId":"application-manageyards-display-component---NewYard","bindingPath":{"path":"","propertyPath":"/AUART","modelName":"NewYardModel"},"interaction":{"idSuffix":"inner"}},"wdio_ui5_key":"etmportal.ui.manageyards.view.Newsap.m.Input{\"path\":\"\",\"propertyPath\":\"/AUART\",\"modelName\":\"NewYardModel\"}"}]}
RESULT: {"script":"<script> [1562 bytes]","args":[{"selector":{"controlType":"sap.m.Input","viewName":"etm.portal.ui.manageyards.view.New","viewId":"application-manageyards-display-component---NewYard","bindingPath":{"path":"","propertyPath":"/AUART","modelName":"NewYardModel"},"interaction":{"idSuffix":"inner"}},"wdio_ui5_key":"etmportal.ui.manageyards.view.Newsap.m.Input{\"path\":\"\",\"propertyPath\":\"/AUART\",\"modelName\":\"NewYardModel\"}"}]}
RESULT: undefined
COMMAND: POST /session/a195702728a77ff37608f387f074352f/execute/async - {"script":"<script> [776 bytes]","args":[{"enterText":"TA","selector":{"controlType":"sap.m.Input","viewName":"etm.portal.ui.manageyards.view.New","viewId":"application-manageyards-display-component---NewYard","bindingPath":{"path":"","propertyPath":"/AUART","modelName":"NewYardModel"},"interaction":{"idSuffix":"inner"}},"clearTextFirst":true,"interactionType":"ENTER_TEXT"}]}
RESULT: {"script":"<script> [776 bytes]","args":[{"enterText":"TA","selector":{"controlType":"sap.m.Input","viewName":"etm.portal.ui.manageyards.view.New","viewId":"application-manageyards-display-component---NewYard","bindingPath":{"path":"","propertyPath":"/AUART","modelName":"NewYardModel"},"interaction":{"idSuffix":"inner"}},"clearTextFirst":true,"interactionType":"ENTER_TEXT"}]}
COMMAND: POST /session/a195702728a77ff37608f387f074352f/execute/async - {"script":"<script> [1562 bytes]","args":[{"selector":{"id":"application-manageyards-display-component---NewYard--whmCheckBox","interaction":{"idSuffix":"CbBg"}},"wdio_ui5_key":"applicationmanageyards-display-component---NewYard--whmCheckBox"}]}
RESULT: {"script":"<script> [1562 bytes]","args":[{"selector":{"id":"application-manageyards-display-component---NewYard--whmCheckBox","interaction":{"idSuffix":"CbBg"}},"wdio_ui5_key":"applicationmanageyards-display-component---NewYard--whmCheckBox"}]}
RESULT: undefined
COMMAND: POST /session/a195702728a77ff37608f387f074352f/element - {"using":"xpath","value":"//*[@id=\"application-manageyards-display-component---NewYard--whmCheckBox\"]"}
RESULT: {"using":"xpath","value":"//*[@id=\"application-manageyards-display-component---NewYard--whmCheckBox\"]"}
COMMAND: POST /session/a195702728a77ff37608f387f074352f/element/f.2A12D66D45573334A301B7B64EE7B035.d.21DDE8C89E95CFC82828BF73075BA727.e.3009/click - {}
RESULT: {}
COMMAND: GET /session/a195702728a77ff37608f387f074352f/screenshot - {}
RESULT: {}
COMMAND: POST /session/a195702728a77ff37608f387f074352f/element - {"using":"xpath","value":"//button[@data-kt=\"newYardSaveButton\"]"}
RESULT: {"using":"xpath","value":"//button[@data-kt=\"newYardSaveButton\"]"}
COMMAND: POST /session/a195702728a77ff37608f387f074352f/element/f.2A12D66D45573334A301B7B64EE7B035.d.21DDE8C89E95CFC82828BF73075BA727.e.2888/click - {}
RESULT: {}
COMMAND: GET /session/a195702728a77ff37608f387f074352f/screenshot - {}
RESULT: {}
COMMAND: POST /session/a195702728a77ff37608f387f074352f/element - {"using":"xpath","value":"//header[contains(@id, 'ObjectPageLayout-headerTitle')]/div[1]/div[2]/div[1]/span[1]"}
RESULT: {"using":"xpath","value":"//header[contains(@id, 'ObjectPageLayout-headerTitle')]/div[1]/div[2]/div[1]/span[1]"}
COMMAND: POST /session/a195702728a77ff37608f387f074352f/elements - {"using":"xpath","value":"//header[contains(@id, 'ObjectPageLayout-headerTitle')]/div[1]/div[2]/div[1]/span[1]"}
RESULT: {"using":"xpath","value":"//header[contains(@id, 'ObjectPageLayout-headerTitle')]/div[1]/div[2]/div[1]/span[1]"}
COMMAND: POST /session/a195702728a77ff37608f387f074352f/execute/sync - {"script":"<script> [56 bytes]","args":[{"element-6066-11e4-a52e-4f735466cecf":"f.2A12D66D45573334A301B7B64EE7B035.d.21DDE8C89E95CFC82828BF73075BA727.e.3216","ELEMENT":"f.2A12D66D45573334A301B7B64EE7B035.d.21DDE8C89E95CFC82828BF73075BA727.e.3216"}]}
RESULT: {"script":"<script> [56 bytes]","args":[{"element-6066-11e4-a52e-4f735466cecf":"f.2A12D66D45573334A301B7B64EE7B035.d.21DDE8C89E95CFC82828BF73075BA727.e.3216","ELEMENT":"f.2A12D66D45573334A301B7B64EE7B035.d.21DDE8C89E95CFC82828BF73075BA727.e.3216"}]}
COMMAND: GET /session/a195702728a77ff37608f387f074352f/screenshot - {}
RESULT: {}
COMMAND: POST /session/a195702728a77ff37608f387f074352f/element - {"using":"css selector","value":"#shell-header-logo"}
RESULT: {"using":"css selector","value":"#shell-header-logo"}
COMMAND: POST /session/a195702728a77ff37608f387f074352f/element/f.2A12D66D45573334A301B7B64EE7B035.d.21DDE8C89E95CFC82828BF73075BA727.e.2467/click - {}
RESULT: {}
COMMAND: GET /session/a195702728a77ff37608f387f074352f/screenshot - {}
RESULT: {}
COMMAND: POST /session/a195702728a77ff37608f387f074352f/execute/sync - {"script":"<script> [299 bytes]","args":[["getModel","getResource"]]}
RESULT: {"script":"<script> [299 bytes]","args":[["getModel","getResource"]]}
]]></system-out>
    </testcase>
    <testcase classname="chrome.136_0_7103_93.windows.Create_masterdata_for_Yard_Overview_-_trigger_provide_US130988" name="Should create a new external partner" time="98.623">
      <system-out><![CDATA[
COMMAND: GET /session/a195702728a77ff37608f387f074352f/screenshot - {}
COMMAND: POST /session/a195702728a77ff37608f387f074352f/window/fullscreen - {}
RESULT: {}
RESULT: {}
COMMAND: POST /session/a195702728a77ff37608f387f074352f/execute/async - {"script":"<script> [1562 bytes]","args":[{"selector":{"controlType":"sap.m.GenericTile","properties":{"header":"Manage Partners"}},"wdio_ui5_key":"sapm.GenericTile{\"header\":\"Manage Partners\"}"}]}
RESULT: {"script":"<script> [1562 bytes]","args":[{"selector":{"controlType":"sap.m.GenericTile","properties":{"header":"Manage Partners"}},"wdio_ui5_key":"sapm.GenericTile{\"header\":\"Manage Partners\"}"}]}
RESULT: undefined
COMMAND: POST /session/a195702728a77ff37608f387f074352f/element - {"using":"xpath","value":"//*[@id=\"__tile38\"]"}
RESULT: {"using":"xpath","value":"//*[@id=\"__tile38\"]"}
COMMAND: POST /session/a195702728a77ff37608f387f074352f/element/f.2A12D66D45573334A301B7B64EE7B035.d.21DDE8C89E95CFC82828BF73075BA727.e.2357/click - {}
RESULT: {}
COMMAND: GET /session/a195702728a77ff37608f387f074352f/screenshot - {}
RESULT: {}
COMMAND: POST /session/a195702728a77ff37608f387f074352f/elements - {"using":"xpath","value":"//span[text()='Error']"}
RESULT: {"using":"xpath","value":"//span[text()='Error']"}
COMMAND: POST /session/a195702728a77ff37608f387f074352f/element - {"using":"xpath","value":"//button[@data-kt=\"addButton\"]"}
RESULT: {"using":"xpath","value":"//button[@data-kt=\"addButton\"]"}
COMMAND: POST /session/a195702728a77ff37608f387f074352f/elements - {"using":"xpath","value":"//button[@data-kt=\"addButton\"]"}
RESULT: {"using":"xpath","value":"//button[@data-kt=\"addButton\"]"}
COMMAND: POST /session/a195702728a77ff37608f387f074352f/elements - {"using":"xpath","value":"//button[@data-kt=\"addButton\"]"}
RESULT: {"using":"xpath","value":"//button[@data-kt=\"addButton\"]"}
COMMAND: POST /session/a195702728a77ff37608f387f074352f/elements - {"using":"xpath","value":"//button[@data-kt=\"addButton\"]"}
RESULT: {"using":"xpath","value":"//button[@data-kt=\"addButton\"]"}
COMMAND: POST /session/a195702728a77ff37608f387f074352f/elements - {"using":"xpath","value":"//button[@data-kt=\"addButton\"]"}
RESULT: {"using":"xpath","value":"//button[@data-kt=\"addButton\"]"}
COMMAND: POST /session/a195702728a77ff37608f387f074352f/element - {"using":"xpath","value":"//button[@data-kt=\"addButton\"]"}
RESULT: {"using":"xpath","value":"//button[@data-kt=\"addButton\"]"}
COMMAND: POST /session/a195702728a77ff37608f387f074352f/execute/sync - {"script":"<script> [8489 bytes]","args":[{"element-6066-11e4-a52e-4f735466cecf":"f.2A12D66D45573334A301B7B64EE7B035.d.21DDE8C89E95CFC82828BF73075BA727.e.3254","ELEMENT":"f.2A12D66D45573334A301B7B64EE7B035.d.21DDE8C89E95CFC82828BF73075BA727.e.3254"}]}
RESULT: {"script":"<script> [8489 bytes]","args":[{"element-6066-11e4-a52e-4f735466cecf":"f.2A12D66D45573334A301B7B64EE7B035.d.21DDE8C89E95CFC82828BF73075BA727.e.3254","ELEMENT":"f.2A12D66D45573334A301B7B64EE7B035.d.21DDE8C89E95CFC82828BF73075BA727.e.3254"}]}
COMMAND: GET /session/a195702728a77ff37608f387f074352f/element/f.2A12D66D45573334A301B7B64EE7B035.d.21DDE8C89E95CFC82828BF73075BA727.e.3254/enabled - {}
COMMAND: GET /session/a195702728a77ff37608f387f074352f/screenshot - {}
RESULT: {}
COMMAND: POST /session/a195702728a77ff37608f387f074352f/execute/sync - {"script":"<script> [8489 bytes]","args":[{"element-6066-11e4-a52e-4f735466cecf":"f.2A12D66D45573334A301B7B64EE7B035.d.21DDE8C89E95CFC82828BF73075BA727.e.3254","ELEMENT":"f.2A12D66D45573334A301B7B64EE7B035.d.21DDE8C89E95CFC82828BF73075BA727.e.3254"}]}
COMMAND: GET /session/a195702728a77ff37608f387f074352f/screenshot - {}
RESULT: {}
RESULT: {"script":"<script> [8489 bytes]","args":[{"element-6066-11e4-a52e-4f735466cecf":"f.2A12D66D45573334A301B7B64EE7B035.d.21DDE8C89E95CFC82828BF73075BA727.e.3254","ELEMENT":"f.2A12D66D45573334A301B7B64EE7B035.d.21DDE8C89E95CFC82828BF73075BA727.e.3254"}]}
COMMAND: POST /session/a195702728a77ff37608f387f074352f/execute/sync - {"script":"<script> [5351 bytes]","args":[{"element-6066-11e4-a52e-4f735466cecf":"f.2A12D66D45573334A301B7B64EE7B035.d.21DDE8C89E95CFC82828BF73075BA727.e.3254","ELEMENT":"f.2A12D66D45573334A301B7B64EE7B035.d.21DDE8C89E95CFC82828BF73075BA727.e.3254"}]}
COMMAND: GET /session/a195702728a77ff37608f387f074352f/screenshot - {}
RESULT: {}
RESULT: {"script":"<script> [5351 bytes]","args":[{"element-6066-11e4-a52e-4f735466cecf":"f.2A12D66D45573334A301B7B64EE7B035.d.21DDE8C89E95CFC82828BF73075BA727.e.3254","ELEMENT":"f.2A12D66D45573334A301B7B64EE7B035.d.21DDE8C89E95CFC82828BF73075BA727.e.3254"}]}
COMMAND: POST /session/a195702728a77ff37608f387f074352f/element/f.2A12D66D45573334A301B7B64EE7B035.d.21DDE8C89E95CFC82828BF73075BA727.e.3254/click - {}
COMMAND: GET /session/a195702728a77ff37608f387f074352f/screenshot - {}
RESULT: {}
RESULT: {}
COMMAND: GET /session/a195702728a77ff37608f387f074352f/screenshot - {}
COMMAND: POST /session/a195702728a77ff37608f387f074352f/execute/async - {"script":"<script> [1562 bytes]","args":[{"selector":{"id":"application-managepartners-display-component---NewPartner--addressDetailDetailsName1","interaction":{"idSuffix":"inner"}},"wdio_ui5_key":"applicationmanagepartners-display-component---NewPartner--addressDetailDetailsName1"}]}
RESULT: {}
RESULT: {}
RESULT: {"script":"<script> [1562 bytes]","args":[{"selector":{"id":"application-managepartners-display-component---NewPartner--addressDetailDetailsName1","interaction":{"idSuffix":"inner"}},"wdio_ui5_key":"applicationmanagepartners-display-component---NewPartner--addressDetailDetailsName1"}]}
RESULT: undefined
COMMAND: POST /session/a195702728a77ff37608f387f074352f/execute/async - {"script":"<script> [776 bytes]","args":[{"enterText":"External Partner WDIO","selector":{"id":"application-managepartners-display-component---NewPartner--addressDetailDetailsName1","interaction":{"idSuffix":"inner"}},"clearTextFirst":true,"interactionType":"ENTER_TEXT"}]}
RESULT: {"script":"<script> [776 bytes]","args":[{"enterText":"External Partner WDIO","selector":{"id":"application-managepartners-display-component---NewPartner--addressDetailDetailsName1","interaction":{"idSuffix":"inner"}},"clearTextFirst":true,"interactionType":"ENTER_TEXT"}]}
COMMAND: POST /session/a195702728a77ff37608f387f074352f/execute/async - {"script":"<script> [1562 bytes]","args":[{"selector":{"id":"application-managepartners-display-component---NewPartner--addressDetailDetailsLanguage-arrow"},"wdio_ui5_key":"applicationmanagepartners-display-component---NewPartner--addressDetailDetailsLanguage-arrow"}]}
RESULT: {"script":"<script> [1562 bytes]","args":[{"selector":{"id":"application-managepartners-display-component---NewPartner--addressDetailDetailsLanguage-arrow"},"wdio_ui5_key":"applicationmanagepartners-display-component---NewPartner--addressDetailDetailsLanguage-arrow"}]}
RESULT: undefined
COMMAND: POST /session/a195702728a77ff37608f387f074352f/element - {"using":"xpath","value":"//*[@id=\"application-managepartners-display-component---NewPartner--addressDetailDetailsLanguage-arrow\"]"}
RESULT: {"using":"xpath","value":"//*[@id=\"application-managepartners-display-component---NewPartner--addressDetailDetailsLanguage-arrow\"]"}
COMMAND: POST /session/a195702728a77ff37608f387f074352f/element/f.2A12D66D45573334A301B7B64EE7B035.d.21DDE8C89E95CFC82828BF73075BA727.e.3707/click - {}
RESULT: {}
COMMAND: POST /session/a195702728a77ff37608f387f074352f/element - {"using":"xpath","value":"//span[contains(text(), \"English\")]"}
COMMAND: GET /session/a195702728a77ff37608f387f074352f/screenshot - {}
RESULT: {"using":"xpath","value":"//span[contains(text(), \"English\")]"}
COMMAND: POST /session/a195702728a77ff37608f387f074352f/element/f.2A12D66D45573334A301B7B64EE7B035.d.21DDE8C89E95CFC82828BF73075BA727.e.3708/click - {}
RESULT: {}
RESULT: {}
COMMAND: GET /session/a195702728a77ff37608f387f074352f/screenshot - {}
RESULT: {}
COMMAND: POST /session/a195702728a77ff37608f387f074352f/execute/async - {"script":"<script> [1562 bytes]","args":[{"selector":{"id":"application-managepartners-display-component---NewPartner--addressDetailDetailsCity1","interaction":{"idSuffix":"inner"}},"wdio_ui5_key":"applicationmanagepartners-display-component---NewPartner--addressDetailDetailsCity1"}]}
RESULT: {"script":"<script> [1562 bytes]","args":[{"selector":{"id":"application-managepartners-display-component---NewPartner--addressDetailDetailsCity1","interaction":{"idSuffix":"inner"}},"wdio_ui5_key":"applicationmanagepartners-display-component---NewPartner--addressDetailDetailsCity1"}]}
RESULT: undefined
COMMAND: POST /session/a195702728a77ff37608f387f074352f/execute/async - {"script":"<script> [776 bytes]","args":[{"enterText":"Rosario","selector":{"id":"application-managepartners-display-component---NewPartner--addressDetailDetailsCity1","interaction":{"idSuffix":"inner"}},"clearTextFirst":true,"interactionType":"ENTER_TEXT"}]}
RESULT: {"script":"<script> [776 bytes]","args":[{"enterText":"Rosario","selector":{"id":"application-managepartners-display-component---NewPartner--addressDetailDetailsCity1","interaction":{"idSuffix":"inner"}},"clearTextFirst":true,"interactionType":"ENTER_TEXT"}]}
COMMAND: POST /session/a195702728a77ff37608f387f074352f/execute/async - {"script":"<script> [1562 bytes]","args":[{"selector":{"id":"application-managepartners-display-component---NewPartner--addressDetailDetailsCountry-arrow"},"wdio_ui5_key":"applicationmanagepartners-display-component---NewPartner--addressDetailDetailsCountry-arrow"}]}
RESULT: {"script":"<script> [1562 bytes]","args":[{"selector":{"id":"application-managepartners-display-component---NewPartner--addressDetailDetailsCountry-arrow"},"wdio_ui5_key":"applicationmanagepartners-display-component---NewPartner--addressDetailDetailsCountry-arrow"}]}
RESULT: undefined
COMMAND: POST /session/a195702728a77ff37608f387f074352f/element - {"using":"xpath","value":"//*[@id=\"application-managepartners-display-component---NewPartner--addressDetailDetailsCountry-arrow\"]"}
RESULT: {"using":"xpath","value":"//*[@id=\"application-managepartners-display-component---NewPartner--addressDetailDetailsCountry-arrow\"]"}
COMMAND: POST /session/a195702728a77ff37608f387f074352f/element/f.2A12D66D45573334A301B7B64EE7B035.d.21DDE8C89E95CFC82828BF73075BA727.e.3694/click - {}
RESULT: {}
COMMAND: POST /session/a195702728a77ff37608f387f074352f/element - {"using":"xpath","value":"//span[contains(text(), \"Argentina\")]"}
COMMAND: GET /session/a195702728a77ff37608f387f074352f/screenshot - {}
RESULT: {"using":"xpath","value":"//span[contains(text(), \"Argentina\")]"}
COMMAND: POST /session/a195702728a77ff37608f387f074352f/element/f.2A12D66D45573334A301B7B64EE7B035.d.21DDE8C89E95CFC82828BF73075BA727.e.3710/click - {}
RESULT: {}
RESULT: {}
COMMAND: GET /session/a195702728a77ff37608f387f074352f/screenshot - {}
RESULT: {}
COMMAND: POST /session/a195702728a77ff37608f387f074352f/element - {"using":"xpath","value":"//bdi[contains(text(), \"Commercial\")]"}
RESULT: {"using":"xpath","value":"//bdi[contains(text(), \"Commercial\")]"}
COMMAND: POST /session/a195702728a77ff37608f387f074352f/element/f.2A12D66D45573334A301B7B64EE7B035.d.21DDE8C89E95CFC82828BF73075BA727.e.3711/click - {}
RESULT: {}
COMMAND: GET /session/a195702728a77ff37608f387f074352f/screenshot - {}
RESULT: {}
COMMAND: POST /session/a195702728a77ff37608f387f074352f/execute/async - {"script":"<script> [1562 bytes]","args":[{"selector":{"id":"application-managepartners-display-component---NewPartner--partnerDetailInternal-arrow"},"wdio_ui5_key":"applicationmanagepartners-display-component---NewPartner--partnerDetailInternal-arrow"}]}
RESULT: {"script":"<script> [1562 bytes]","args":[{"selector":{"id":"application-managepartners-display-component---NewPartner--partnerDetailInternal-arrow"},"wdio_ui5_key":"applicationmanagepartners-display-component---NewPartner--partnerDetailInternal-arrow"}]}
RESULT: undefined
COMMAND: POST /session/a195702728a77ff37608f387f074352f/element - {"using":"xpath","value":"//*[@id=\"application-managepartners-display-component---NewPartner--partnerDetailInternal-arrow\"]"}
RESULT: {"using":"xpath","value":"//*[@id=\"application-managepartners-display-component---NewPartner--partnerDetailInternal-arrow\"]"}
COMMAND: POST /session/a195702728a77ff37608f387f074352f/element/f.2A12D66D45573334A301B7B64EE7B035.d.21DDE8C89E95CFC82828BF73075BA727.e.3719/click - {}
RESULT: {}
COMMAND: POST /session/a195702728a77ff37608f387f074352f/element - {"using":"xpath","value":"//span[contains(text(), \"External partner\")]"}
COMMAND: GET /session/a195702728a77ff37608f387f074352f/screenshot - {}
RESULT: {"using":"xpath","value":"//span[contains(text(), \"External partner\")]"}
COMMAND: POST /session/a195702728a77ff37608f387f074352f/element/f.2A12D66D45573334A301B7B64EE7B035.d.21DDE8C89E95CFC82828BF73075BA727.e.3720/click - {}
RESULT: {}
RESULT: {}
COMMAND: POST /session/a195702728a77ff37608f387f074352f/execute/async - {"script":"<script> [1562 bytes]","args":[{"selector":{"id":"application-managepartners-display-component---NewPartner--partnerDetailsCurrency-arrow"},"wdio_ui5_key":"applicationmanagepartners-display-component---NewPartner--partnerDetailsCurrency-arrow"}]}
COMMAND: GET /session/a195702728a77ff37608f387f074352f/screenshot - {}
RESULT: {"script":"<script> [1562 bytes]","args":[{"selector":{"id":"application-managepartners-display-component---NewPartner--partnerDetailsCurrency-arrow"},"wdio_ui5_key":"applicationmanagepartners-display-component---NewPartner--partnerDetailsCurrency-arrow"}]}
RESULT: undefined
COMMAND: POST /session/a195702728a77ff37608f387f074352f/element - {"using":"xpath","value":"//*[@id=\"application-managepartners-display-component---NewPartner--partnerDetailsCurrency-arrow\"]"}
RESULT: {}
RESULT: {"using":"xpath","value":"//*[@id=\"application-managepartners-display-component---NewPartner--partnerDetailsCurrency-arrow\"]"}
COMMAND: POST /session/a195702728a77ff37608f387f074352f/element/f.2A12D66D45573334A301B7B64EE7B035.d.21DDE8C89E95CFC82828BF73075BA727.e.3725/click - {}
RESULT: {}
COMMAND: POST /session/a195702728a77ff37608f387f074352f/element - {"using":"xpath","value":"//span[contains(text(), \"US Dollar\")]"}
COMMAND: GET /session/a195702728a77ff37608f387f074352f/screenshot - {}
RESULT: {"using":"xpath","value":"//span[contains(text(), \"US Dollar\")]"}
COMMAND: POST /session/a195702728a77ff37608f387f074352f/element/f.2A12D66D45573334A301B7B64EE7B035.d.21DDE8C89E95CFC82828BF73075BA727.e.3726/click - {}
RESULT: {}
RESULT: {}
COMMAND: GET /session/a195702728a77ff37608f387f074352f/screenshot - {}
RESULT: {}
COMMAND: POST /session/a195702728a77ff37608f387f074352f/element - {"using":"xpath","value":"//input[@id=\"application-managepartners-display-component---NewPartner--companyCodeComboBox-inner\"]"}
RESULT: {"using":"xpath","value":"//input[@id=\"application-managepartners-display-component---NewPartner--companyCodeComboBox-inner\"]"}
COMMAND: POST /session/a195702728a77ff37608f387f074352f/element/f.2A12D66D45573334A301B7B64EE7B035.d.21DDE8C89E95CFC82828BF73075BA727.e.3576/clear - {}
RESULT: {}
COMMAND: POST /session/a195702728a77ff37608f387f074352f/element/f.2A12D66D45573334A301B7B64EE7B035.d.21DDE8C89E95CFC82828BF73075BA727.e.3576/value - {"text":"C002"}
COMMAND: GET /session/a195702728a77ff37608f387f074352f/screenshot - {}
RESULT: {"text":"C002"}
COMMAND: GET /session/a195702728a77ff37608f387f074352f/screenshot - {}
RESULT: {}
RESULT: {}
COMMAND: POST /session/a195702728a77ff37608f387f074352f/element - {"using":"xpath","value":"//li[.//span[text()= \"C002\"]]"}
RESULT: {"using":"xpath","value":"//li[.//span[text()= \"C002\"]]"}
COMMAND: POST /session/a195702728a77ff37608f387f074352f/element/f.2A12D66D45573334A301B7B64EE7B035.d.21DDE8C89E95CFC82828BF73075BA727.e.3730/click - {}
RESULT: {}
COMMAND: GET /session/a195702728a77ff37608f387f074352f/screenshot - {}
RESULT: {}
COMMAND: POST /session/a195702728a77ff37608f387f074352f/execute/async - {"script":"<script> [1562 bytes]","args":[{"selector":{"id":"application-managepartners-display-component---NewPartner--btnAddTableRow-img"},"wdio_ui5_key":"applicationmanagepartners-display-component---NewPartner--btnAddTableRow-img"}]}
RESULT: {"script":"<script> [1562 bytes]","args":[{"selector":{"id":"application-managepartners-display-component---NewPartner--btnAddTableRow-img"},"wdio_ui5_key":"applicationmanagepartners-display-component---NewPartner--btnAddTableRow-img"}]}
RESULT: undefined
COMMAND: POST /session/a195702728a77ff37608f387f074352f/element - {"using":"xpath","value":"//*[@id=\"application-managepartners-display-component---NewPartner--btnAddTableRow-img\"]"}
RESULT: {"using":"xpath","value":"//*[@id=\"application-managepartners-display-component---NewPartner--btnAddTableRow-img\"]"}
COMMAND: POST /session/a195702728a77ff37608f387f074352f/element/f.2A12D66D45573334A301B7B64EE7B035.d.21DDE8C89E95CFC82828BF73075BA727.e.3731/click - {}
RESULT: {}
COMMAND: GET /session/a195702728a77ff37608f387f074352f/screenshot - {}
RESULT: {}
COMMAND: POST /session/a195702728a77ff37608f387f074352f/element - {"using":"xpath","value":"//input[@id=\"application-managepartners-display-component---NewPartner--assignmentYard-application-managepartners-display-component---NewPartner--assignmentsTable-0-inner\"]"}
RESULT: {"using":"xpath","value":"//input[@id=\"application-managepartners-display-component---NewPartner--assignmentYard-application-managepartners-display-component---NewPartner--assignmentsTable-0-inner\"]"}
COMMAND: POST /session/a195702728a77ff37608f387f074352f/element/f.2A12D66D45573334A301B7B64EE7B035.d.21DDE8C89E95CFC82828BF73075BA727.e.3734/clear - {}
RESULT: {}
COMMAND: POST /session/a195702728a77ff37608f387f074352f/element/f.2A12D66D45573334A301B7B64EE7B035.d.21DDE8C89E95CFC82828BF73075BA727.e.3734/value - {"text":"677"}
COMMAND: GET /session/a195702728a77ff37608f387f074352f/screenshot - {}
RESULT: {"text":"677"}
COMMAND: GET /session/a195702728a77ff37608f387f074352f/screenshot - {}
RESULT: {}
RESULT: {}
COMMAND: POST /session/a195702728a77ff37608f387f074352f/element - {"using":"xpath","value":"//li[.//span[text()='677']]"}
RESULT: {"using":"xpath","value":"//li[.//span[text()='677']]"}
COMMAND: POST /session/a195702728a77ff37608f387f074352f/element/f.2A12D66D45573334A301B7B64EE7B035.d.21DDE8C89E95CFC82828BF73075BA727.e.3743/click - {}
RESULT: {}
COMMAND: GET /session/a195702728a77ff37608f387f074352f/screenshot - {}
RESULT: {}
COMMAND: POST /session/a195702728a77ff37608f387f074352f/actions - {"actions":[{"id":"action10","type":"key","parameters":{},"actions":[{"type":"keyDown","value":""},{"type":"pause","duration":10},{"type":"keyUp","value":""}]}]}
RESULT: {"actions":[{"id":"action10","type":"key","parameters":{},"actions":[{"type":"keyDown","value":""},{"type":"pause","duration":10},{"type":"keyUp","value":""}]}]}
COMMAND: POST /session/a195702728a77ff37608f387f074352f/element - {"using":"xpath","value":"//td[contains(@id, \"assignmentsTable-0-cell2\")]/div/div"}
COMMAND: GET /session/a195702728a77ff37608f387f074352f/screenshot - {}
RESULT: {"using":"xpath","value":"//td[contains(@id, \"assignmentsTable-0-cell2\")]/div/div"}
COMMAND: POST /session/a195702728a77ff37608f387f074352f/element/f.2A12D66D45573334A301B7B64EE7B035.d.21DDE8C89E95CFC82828BF73075BA727.e.3746/click - {}
RESULT: {}
RESULT: {}
COMMAND: GET /session/a195702728a77ff37608f387f074352f/screenshot - {}
RESULT: {}
COMMAND: POST /session/a195702728a77ff37608f387f074352f/element - {"using":"xpath","value":"//button[@data-kt=\"saveButton\"]"}
RESULT: {"using":"xpath","value":"//button[@data-kt=\"saveButton\"]"}
COMMAND: POST /session/a195702728a77ff37608f387f074352f/element/f.2A12D66D45573334A301B7B64EE7B035.d.21DDE8C89E95CFC82828BF73075BA727.e.3606/click - {}
RESULT: {}
COMMAND: GET /session/a195702728a77ff37608f387f074352f/screenshot - {}
RESULT: {}
COMMAND: POST /session/a195702728a77ff37608f387f074352f/element - {"using":"xpath","value":"//header[contains(@id, 'ObjectPageLayout-headerTitle')]/div[1]/div[2]/div[2]/span[1]"}
RESULT: {"using":"xpath","value":"//header[contains(@id, 'ObjectPageLayout-headerTitle')]/div[1]/div[2]/div[2]/span[1]"}
COMMAND: POST /session/a195702728a77ff37608f387f074352f/elements - {"using":"xpath","value":"//header[contains(@id, 'ObjectPageLayout-headerTitle')]/div[1]/div[2]/div[2]/span[1]"}
RESULT: {"using":"xpath","value":"//header[contains(@id, 'ObjectPageLayout-headerTitle')]/div[1]/div[2]/div[2]/span[1]"}
COMMAND: POST /session/a195702728a77ff37608f387f074352f/execute/sync - {"script":"<script> [56 bytes]","args":[{"element-6066-11e4-a52e-4f735466cecf":"f.2A12D66D45573334A301B7B64EE7B035.d.21DDE8C89E95CFC82828BF73075BA727.e.3909","ELEMENT":"f.2A12D66D45573334A301B7B64EE7B035.d.21DDE8C89E95CFC82828BF73075BA727.e.3909"}]}
RESULT: {"script":"<script> [56 bytes]","args":[{"element-6066-11e4-a52e-4f735466cecf":"f.2A12D66D45573334A301B7B64EE7B035.d.21DDE8C89E95CFC82828BF73075BA727.e.3909","ELEMENT":"f.2A12D66D45573334A301B7B64EE7B035.d.21DDE8C89E95CFC82828BF73075BA727.e.3909"}]}
COMMAND: POST /session/a195702728a77ff37608f387f074352f/element - {"using":"css selector","value":"#shell-header-logo"}
COMMAND: GET /session/a195702728a77ff37608f387f074352f/screenshot - {}
RESULT: {"using":"css selector","value":"#shell-header-logo"}
COMMAND: POST /session/a195702728a77ff37608f387f074352f/element/f.2A12D66D45573334A301B7B64EE7B035.d.21DDE8C89E95CFC82828BF73075BA727.e.3221/click - {}
RESULT: {}
RESULT: {}
COMMAND: GET /session/a195702728a77ff37608f387f074352f/screenshot - {}
RESULT: {}
COMMAND: POST /session/a195702728a77ff37608f387f074352f/execute/sync - {"script":"<script> [299 bytes]","args":[["getModel","getResource"]]}
RESULT: {"script":"<script> [299 bytes]","args":[["getModel","getResource"]]}
]]></system-out>
    </testcase>
    <testcase classname="chrome.136_0_7103_93.windows.Create_masterdata_for_Yard_Overview_-_trigger_provide_US130988" name="Should create a new WHM site" time="166.539">
      <system-out><![CDATA[
COMMAND: POST /session/a195702728a77ff37608f387f074352f/execute/async - {"script":"<script> [1562 bytes]","args":[{"selector":{"controlType":"sap.m.GenericTile","properties":{"header":"Manage Sites"}},"wdio_ui5_key":"sapm.GenericTile{\"header\":\"Manage Sites\"}"}]}
COMMAND: GET /session/a195702728a77ff37608f387f074352f/screenshot - {}
RESULT: {"script":"<script> [1562 bytes]","args":[{"selector":{"controlType":"sap.m.GenericTile","properties":{"header":"Manage Sites"}},"wdio_ui5_key":"sapm.GenericTile{\"header\":\"Manage Sites\"}"}]}
RESULT: undefined
COMMAND: POST /session/a195702728a77ff37608f387f074352f/element - {"using":"xpath","value":"//*[@id=\"__tile40\"]"}
RESULT: {}
RESULT: {"using":"xpath","value":"//*[@id=\"__tile40\"]"}
COMMAND: POST /session/a195702728a77ff37608f387f074352f/element/f.2A12D66D45573334A301B7B64EE7B035.d.21DDE8C89E95CFC82828BF73075BA727.e.2363/click - {}
RESULT: {}
COMMAND: GET /session/a195702728a77ff37608f387f074352f/screenshot - {}
RESULT: {}
COMMAND: POST /session/a195702728a77ff37608f387f074352f/elements - {"using":"xpath","value":"//span[text()='Error']"}
RESULT: {"using":"xpath","value":"//span[text()='Error']"}
COMMAND: POST /session/a195702728a77ff37608f387f074352f/element - {"using":"xpath","value":"//button[@data-kt=\"addOverflowToolbarButton\"]"}
RESULT: {"using":"xpath","value":"//button[@data-kt=\"addOverflowToolbarButton\"]"}
COMMAND: POST /session/a195702728a77ff37608f387f074352f/elements - {"using":"xpath","value":"//button[@data-kt=\"addOverflowToolbarButton\"]"}
RESULT: {"using":"xpath","value":"//button[@data-kt=\"addOverflowToolbarButton\"]"}
COMMAND: POST /session/a195702728a77ff37608f387f074352f/execute/sync - {"script":"<script> [8489 bytes]","args":[{"element-6066-11e4-a52e-4f735466cecf":"f.2A12D66D45573334A301B7B64EE7B035.d.21DDE8C89E95CFC82828BF73075BA727.e.3956","ELEMENT":"f.2A12D66D45573334A301B7B64EE7B035.d.21DDE8C89E95CFC82828BF73075BA727.e.3956"}]}
RESULT: {"script":"<script> [8489 bytes]","args":[{"element-6066-11e4-a52e-4f735466cecf":"f.2A12D66D45573334A301B7B64EE7B035.d.21DDE8C89E95CFC82828BF73075BA727.e.3956","ELEMENT":"f.2A12D66D45573334A301B7B64EE7B035.d.21DDE8C89E95CFC82828BF73075BA727.e.3956"}]}
COMMAND: GET /session/a195702728a77ff37608f387f074352f/element/f.2A12D66D45573334A301B7B64EE7B035.d.21DDE8C89E95CFC82828BF73075BA727.e.3956/enabled - {}
COMMAND: GET /session/a195702728a77ff37608f387f074352f/screenshot - {}
RESULT: {}
COMMAND: POST /session/a195702728a77ff37608f387f074352f/execute/sync - {"script":"<script> [8489 bytes]","args":[{"element-6066-11e4-a52e-4f735466cecf":"f.2A12D66D45573334A301B7B64EE7B035.d.21DDE8C89E95CFC82828BF73075BA727.e.3956","ELEMENT":"f.2A12D66D45573334A301B7B64EE7B035.d.21DDE8C89E95CFC82828BF73075BA727.e.3956"}]}
COMMAND: GET /session/a195702728a77ff37608f387f074352f/screenshot - {}
RESULT: {}
RESULT: {"script":"<script> [8489 bytes]","args":[{"element-6066-11e4-a52e-4f735466cecf":"f.2A12D66D45573334A301B7B64EE7B035.d.21DDE8C89E95CFC82828BF73075BA727.e.3956","ELEMENT":"f.2A12D66D45573334A301B7B64EE7B035.d.21DDE8C89E95CFC82828BF73075BA727.e.3956"}]}
COMMAND: POST /session/a195702728a77ff37608f387f074352f/execute/sync - {"script":"<script> [5351 bytes]","args":[{"element-6066-11e4-a52e-4f735466cecf":"f.2A12D66D45573334A301B7B64EE7B035.d.21DDE8C89E95CFC82828BF73075BA727.e.3956","ELEMENT":"f.2A12D66D45573334A301B7B64EE7B035.d.21DDE8C89E95CFC82828BF73075BA727.e.3956"}]}
COMMAND: GET /session/a195702728a77ff37608f387f074352f/screenshot - {}
RESULT: {}
RESULT: {"script":"<script> [5351 bytes]","args":[{"element-6066-11e4-a52e-4f735466cecf":"f.2A12D66D45573334A301B7B64EE7B035.d.21DDE8C89E95CFC82828BF73075BA727.e.3956","ELEMENT":"f.2A12D66D45573334A301B7B64EE7B035.d.21DDE8C89E95CFC82828BF73075BA727.e.3956"}]}
COMMAND: POST /session/a195702728a77ff37608f387f074352f/element/f.2A12D66D45573334A301B7B64EE7B035.d.21DDE8C89E95CFC82828BF73075BA727.e.3956/click - {}
COMMAND: GET /session/a195702728a77ff37608f387f074352f/screenshot - {}
RESULT: {}
RESULT: {}
COMMAND: GET /session/a195702728a77ff37608f387f074352f/screenshot - {}
RESULT: {}
COMMAND: POST /session/a195702728a77ff37608f387f074352f/element - {"using":"xpath","value":"//input[@id=\"application-managesites-display-component---NewSite--siteId-inner\"]"}
RESULT: {}
RESULT: {"using":"xpath","value":"//input[@id=\"application-managesites-display-component---NewSite--siteId-inner\"]"}
COMMAND: POST /session/a195702728a77ff37608f387f074352f/element - {"using":"xpath","value":"//input[@id=\"application-managesites-display-component---NewSite--siteId-inner\"]"}
RESULT: {"using":"xpath","value":"//input[@id=\"application-managesites-display-component---NewSite--siteId-inner\"]"}
COMMAND: POST /session/a195702728a77ff37608f387f074352f/execute/async - {"script":"<script> [1562 bytes]","args":[{"selector":{"id":"application-managesites-display-component---NewSite--addressDetailDetailsName1","interaction":{"idSuffix":"inner"}},"wdio_ui5_key":"applicationmanagesites-display-component---NewSite--addressDetailDetailsName1"}]}
RESULT: {"script":"<script> [1562 bytes]","args":[{"selector":{"id":"application-managesites-display-component---NewSite--addressDetailDetailsName1","interaction":{"idSuffix":"inner"}},"wdio_ui5_key":"applicationmanagesites-display-component---NewSite--addressDetailDetailsName1"}]}
RESULT: undefined
COMMAND: POST /session/a195702728a77ff37608f387f074352f/execute/async - {"script":"<script> [776 bytes]","args":[{"enterText":"Other Type Site WDIO","selector":{"id":"application-managesites-display-component---NewSite--addressDetailDetailsName1","interaction":{"idSuffix":"inner"}},"clearTextFirst":true,"interactionType":"ENTER_TEXT"}]}
RESULT: {"script":"<script> [776 bytes]","args":[{"enterText":"Other Type Site WDIO","selector":{"id":"application-managesites-display-component---NewSite--addressDetailDetailsName1","interaction":{"idSuffix":"inner"}},"clearTextFirst":true,"interactionType":"ENTER_TEXT"}]}
COMMAND: POST /session/a195702728a77ff37608f387f074352f/execute/async - {"script":"<script> [1562 bytes]","args":[{"selector":{"id":"application-managesites-display-component---NewSite--addressDetailDetailsLanguage-arrow"},"wdio_ui5_key":"applicationmanagesites-display-component---NewSite--addressDetailDetailsLanguage-arrow"}]}
RESULT: {"script":"<script> [1562 bytes]","args":[{"selector":{"id":"application-managesites-display-component---NewSite--addressDetailDetailsLanguage-arrow"},"wdio_ui5_key":"applicationmanagesites-display-component---NewSite--addressDetailDetailsLanguage-arrow"}]}
RESULT: undefined
COMMAND: POST /session/a195702728a77ff37608f387f074352f/element - {"using":"xpath","value":"//*[@id=\"application-managesites-display-component---NewSite--addressDetailDetailsLanguage-arrow\"]"}
RESULT: {"using":"xpath","value":"//*[@id=\"application-managesites-display-component---NewSite--addressDetailDetailsLanguage-arrow\"]"}
COMMAND: POST /session/a195702728a77ff37608f387f074352f/element/f.2A12D66D45573334A301B7B64EE7B035.d.21DDE8C89E95CFC82828BF73075BA727.e.4596/click - {}
RESULT: {}
COMMAND: POST /session/a195702728a77ff37608f387f074352f/element - {"using":"xpath","value":"//span[contains(text(), \"English\")]"}
COMMAND: GET /session/a195702728a77ff37608f387f074352f/screenshot - {}
RESULT: {"using":"xpath","value":"//span[contains(text(), \"English\")]"}
COMMAND: POST /session/a195702728a77ff37608f387f074352f/element/f.2A12D66D45573334A301B7B64EE7B035.d.21DDE8C89E95CFC82828BF73075BA727.e.4597/click - {}
RESULT: {}
RESULT: {}
COMMAND: POST /session/a195702728a77ff37608f387f074352f/execute/async - {"script":"<script> [1562 bytes]","args":[{"selector":{"id":"application-managesites-display-component---NewSite--addressDetailDetailsCity1","interaction":{"idSuffix":"inner"}},"wdio_ui5_key":"applicationmanagesites-display-component---NewSite--addressDetailDetailsCity1"}]}
COMMAND: GET /session/a195702728a77ff37608f387f074352f/screenshot - {}
RESULT: {"script":"<script> [1562 bytes]","args":[{"selector":{"id":"application-managesites-display-component---NewSite--addressDetailDetailsCity1","interaction":{"idSuffix":"inner"}},"wdio_ui5_key":"applicationmanagesites-display-component---NewSite--addressDetailDetailsCity1"}]}
RESULT: undefined
COMMAND: POST /session/a195702728a77ff37608f387f074352f/execute/async - {"script":"<script> [776 bytes]","args":[{"enterText":"Rosario","selector":{"id":"application-managesites-display-component---NewSite--addressDetailDetailsCity1","interaction":{"idSuffix":"inner"}},"clearTextFirst":true,"interactionType":"ENTER_TEXT"}]}
RESULT: {}
RESULT: {"script":"<script> [776 bytes]","args":[{"enterText":"Rosario","selector":{"id":"application-managesites-display-component---NewSite--addressDetailDetailsCity1","interaction":{"idSuffix":"inner"}},"clearTextFirst":true,"interactionType":"ENTER_TEXT"}]}
COMMAND: POST /session/a195702728a77ff37608f387f074352f/execute/async - {"script":"<script> [1562 bytes]","args":[{"selector":{"id":"application-managesites-display-component---NewSite--addressDetailDetailsCountry-arrow"},"wdio_ui5_key":"applicationmanagesites-display-component---NewSite--addressDetailDetailsCountry-arrow"}]}
RESULT: {"script":"<script> [1562 bytes]","args":[{"selector":{"id":"application-managesites-display-component---NewSite--addressDetailDetailsCountry-arrow"},"wdio_ui5_key":"applicationmanagesites-display-component---NewSite--addressDetailDetailsCountry-arrow"}]}
RESULT: undefined
COMMAND: POST /session/a195702728a77ff37608f387f074352f/element - {"using":"xpath","value":"//*[@id=\"application-managesites-display-component---NewSite--addressDetailDetailsCountry-arrow\"]"}
RESULT: {"using":"xpath","value":"//*[@id=\"application-managesites-display-component---NewSite--addressDetailDetailsCountry-arrow\"]"}
COMMAND: POST /session/a195702728a77ff37608f387f074352f/element/f.2A12D66D45573334A301B7B64EE7B035.d.21DDE8C89E95CFC82828BF73075BA727.e.4599/click - {}
RESULT: {}
COMMAND: POST /session/a195702728a77ff37608f387f074352f/element - {"using":"xpath","value":"//span[contains(text(), \"Argentina\")]"}
COMMAND: GET /session/a195702728a77ff37608f387f074352f/screenshot - {}
RESULT: {"using":"xpath","value":"//span[contains(text(), \"Argentina\")]"}
COMMAND: POST /session/a195702728a77ff37608f387f074352f/element/f.2A12D66D45573334A301B7B64EE7B035.d.21DDE8C89E95CFC82828BF73075BA727.e.4600/click - {}
RESULT: {}
RESULT: {}
COMMAND: GET /session/a195702728a77ff37608f387f074352f/screenshot - {}
RESULT: {}
COMMAND: POST /session/a195702728a77ff37608f387f074352f/execute/async - {"script":"<script> [1562 bytes]","args":[{"selector":{"id":"application-managesites-display-component---NewSite--addressEditDetailsCostObjectCstType-arrow"},"wdio_ui5_key":"applicationmanagesites-display-component---NewSite--addressEditDetailsCostObjectCstType-arrow"}]}
RESULT: {"script":"<script> [1562 bytes]","args":[{"selector":{"id":"application-managesites-display-component---NewSite--addressEditDetailsCostObjectCstType-arrow"},"wdio_ui5_key":"applicationmanagesites-display-component---NewSite--addressEditDetailsCostObjectCstType-arrow"}]}
RESULT: undefined
COMMAND: POST /session/a195702728a77ff37608f387f074352f/element - {"using":"xpath","value":"//*[@id=\"application-managesites-display-component---NewSite--addressEditDetailsCostObjectCstType-arrow\"]"}
RESULT: {"using":"xpath","value":"//*[@id=\"application-managesites-display-component---NewSite--addressEditDetailsCostObjectCstType-arrow\"]"}
COMMAND: POST /session/a195702728a77ff37608f387f074352f/element/f.2A12D66D45573334A301B7B64EE7B035.d.21DDE8C89E95CFC82828BF73075BA727.e.4602/click - {}
RESULT: {}
COMMAND: POST /session/a195702728a77ff37608f387f074352f/element - {"using":"xpath","value":"//span[contains(text(), \"Cost Center\")]"}
COMMAND: GET /session/a195702728a77ff37608f387f074352f/screenshot - {}
RESULT: {"using":"xpath","value":"//span[contains(text(), \"Cost Center\")]"}
COMMAND: POST /session/a195702728a77ff37608f387f074352f/element/f.2A12D66D45573334A301B7B64EE7B035.d.21DDE8C89E95CFC82828BF73075BA727.e.4604/click - {}
RESULT: {}
RESULT: {}
COMMAND: GET /session/a195702728a77ff37608f387f074352f/screenshot - {}
RESULT: {}
COMMAND: POST /session/a195702728a77ff37608f387f074352f/element - {"using":"xpath","value":"//span[@id=\"application-managesites-display-component---NewSite--addressNewCostObjectCstID-vhi\"]"}
RESULT: {"using":"xpath","value":"//span[@id=\"application-managesites-display-component---NewSite--addressNewCostObjectCstID-vhi\"]"}
COMMAND: POST /session/a195702728a77ff37608f387f074352f/execute/sync - {"script":"<script> [8489 bytes]","args":[{"element-6066-11e4-a52e-4f735466cecf":"f.2A12D66D45573334A301B7B64EE7B035.d.21DDE8C89E95CFC82828BF73075BA727.e.4608","ELEMENT":"f.2A12D66D45573334A301B7B64EE7B035.d.21DDE8C89E95CFC82828BF73075BA727.e.4608"}]}
RESULT: {"script":"<script> [8489 bytes]","args":[{"element-6066-11e4-a52e-4f735466cecf":"f.2A12D66D45573334A301B7B64EE7B035.d.21DDE8C89E95CFC82828BF73075BA727.e.4608","ELEMENT":"f.2A12D66D45573334A301B7B64EE7B035.d.21DDE8C89E95CFC82828BF73075BA727.e.4608"}]}
COMMAND: POST /session/a195702728a77ff37608f387f074352f/execute/async - {"script":"<script> [1562 bytes]","args":[{"selector":{"id":"application-managesites-display-component---NewSite--addressNewCostObjectCstID-vhi"},"wdio_ui5_key":"applicationmanagesites-display-component---NewSite--addressNewCostObjectCstID-vhi"}]}
COMMAND: GET /session/a195702728a77ff37608f387f074352f/screenshot - {}
RESULT: {"script":"<script> [1562 bytes]","args":[{"selector":{"id":"application-managesites-display-component---NewSite--addressNewCostObjectCstID-vhi"},"wdio_ui5_key":"applicationmanagesites-display-component---NewSite--addressNewCostObjectCstID-vhi"}]}
RESULT: undefined
COMMAND: POST /session/a195702728a77ff37608f387f074352f/element - {"using":"xpath","value":"//*[@id=\"application-managesites-display-component---NewSite--addressNewCostObjectCstID-vhi\"]"}
RESULT: {}
RESULT: {"using":"xpath","value":"//*[@id=\"application-managesites-display-component---NewSite--addressNewCostObjectCstID-vhi\"]"}
COMMAND: POST /session/a195702728a77ff37608f387f074352f/element/f.2A12D66D45573334A301B7B64EE7B035.d.21DDE8C89E95CFC82828BF73075BA727.e.4608/click - {}
RESULT: {}
COMMAND: GET /session/a195702728a77ff37608f387f074352f/screenshot - {}
RESULT: {}
RESULT: undefined
COMMAND: POST /session/a195702728a77ff37608f387f074352f/execute/async - {"script":"<script> [776 bytes]","args":[{"enterText":"10001013","selector":{"controlType":"sap.m.SearchField","properties":{"placeholder":"Search"},"searchOpenDialogs":true,"interaction":{"idSuffix":"I"}},"clearTextFirst":true,"interactionType":"ENTER_TEXT"}]}
RESULT: {"script":"<script> [776 bytes]","args":[{"enterText":"10001013","selector":{"controlType":"sap.m.SearchField","properties":{"placeholder":"Search"},"searchOpenDialogs":true,"interaction":{"idSuffix":"I"}},"clearTextFirst":true,"interactionType":"ENTER_TEXT"}]}
COMMAND: POST /session/a195702728a77ff37608f387f074352f/actions - {"actions":[{"id":"action11","type":"key","parameters":{},"actions":[{"type":"keyDown","value":""},{"type":"pause","duration":10},{"type":"keyUp","value":""}]}]}
RESULT: {"actions":[{"id":"action11","type":"key","parameters":{},"actions":[{"type":"keyDown","value":""},{"type":"pause","duration":10},{"type":"keyUp","value":""}]}]}
COMMAND: GET /session/a195702728a77ff37608f387f074352f/screenshot - {}
RESULT: {}
COMMAND: POST /session/a195702728a77ff37608f387f074352f/element - {"using":"xpath","value":"//span[contains(text(), \"General Management\")]"}
RESULT: {"using":"xpath","value":"//span[contains(text(), \"General Management\")]"}
COMMAND: POST /session/a195702728a77ff37608f387f074352f/element/f.2A12D66D45573334A301B7B64EE7B035.d.21DDE8C89E95CFC82828BF73075BA727.e.4646/click - {}
RESULT: {}
COMMAND: GET /session/a195702728a77ff37608f387f074352f/screenshot - {}
RESULT: {}
COMMAND: POST /session/a195702728a77ff37608f387f074352f/element - {"using":"xpath","value":"//bdi[contains(text(), \"OK\")]"}
RESULT: {"using":"xpath","value":"//bdi[contains(text(), \"OK\")]"}
COMMAND: POST /session/a195702728a77ff37608f387f074352f/element/f.2A12D66D45573334A301B7B64EE7B035.d.21DDE8C89E95CFC82828BF73075BA727.e.4647/click - {}
RESULT: {}
COMMAND: GET /session/a195702728a77ff37608f387f074352f/screenshot - {}
RESULT: {}
COMMAND: POST /session/a195702728a77ff37608f387f074352f/element - {"using":"xpath","value":"//input[@id=\"application-managesites-display-component---NewSite--addressDetailDetailsCalendar-inner\"]"}
RESULT: {"using":"xpath","value":"//input[@id=\"application-managesites-display-component---NewSite--addressDetailDetailsCalendar-inner\"]"}
COMMAND: POST /session/a195702728a77ff37608f387f074352f/element/f.2A12D66D45573334A301B7B64EE7B035.d.21DDE8C89E95CFC82828BF73075BA727.e.4396/clear - {}
RESULT: {}
COMMAND: POST /session/a195702728a77ff37608f387f074352f/element/f.2A12D66D45573334A301B7B64EE7B035.d.21DDE8C89E95CFC82828BF73075BA727.e.4396/value - {"text":"Unit"}
COMMAND: GET /session/a195702728a77ff37608f387f074352f/screenshot - {}
RESULT: {"text":"Unit"}
COMMAND: GET /session/a195702728a77ff37608f387f074352f/screenshot - {}
RESULT: {}
RESULT: {}
COMMAND: POST /session/a195702728a77ff37608f387f074352f/actions - {"actions":[{"id":"action12","type":"key","parameters":{},"actions":[{"type":"keyDown","value":""},{"type":"pause","duration":10},{"type":"keyUp","value":""}]}]}
RESULT: {"actions":[{"id":"action12","type":"key","parameters":{},"actions":[{"type":"keyDown","value":""},{"type":"pause","duration":10},{"type":"keyUp","value":""}]}]}
COMMAND: POST /session/a195702728a77ff37608f387f074352f/element - {"using":"xpath","value":"//input[@id=\"application-managesites-display-component---NewSite--addressDetailDetailsYard-inner\"]"}
COMMAND: GET /session/a195702728a77ff37608f387f074352f/screenshot - {}
RESULT: {"using":"xpath","value":"//input[@id=\"application-managesites-display-component---NewSite--addressDetailDetailsYard-inner\"]"}
COMMAND: POST /session/a195702728a77ff37608f387f074352f/element/f.2A12D66D45573334A301B7B64EE7B035.d.21DDE8C89E95CFC82828BF73075BA727.e.4397/clear - {}
RESULT: {}
RESULT: {}
COMMAND: POST /session/a195702728a77ff37608f387f074352f/element/f.2A12D66D45573334A301B7B64EE7B035.d.21DDE8C89E95CFC82828BF73075BA727.e.4397/value - {"text":"677"}
COMMAND: GET /session/a195702728a77ff37608f387f074352f/screenshot - {}
RESULT: {"text":"677"}
COMMAND: GET /session/a195702728a77ff37608f387f074352f/screenshot - {}
RESULT: {}
RESULT: {}
COMMAND: POST /session/a195702728a77ff37608f387f074352f/element - {"using":"xpath","value":"//li[.//span[text()='677']]"}
RESULT: {"using":"xpath","value":"//li[.//span[text()='677']]"}
COMMAND: POST /session/a195702728a77ff37608f387f074352f/element/f.2A12D66D45573334A301B7B64EE7B035.d.21DDE8C89E95CFC82828BF73075BA727.e.4675/click - {}
RESULT: {}
COMMAND: GET /session/a195702728a77ff37608f387f074352f/screenshot - {}
RESULT: {}
COMMAND: POST /session/a195702728a77ff37608f387f074352f/element - {"using":"xpath","value":"//input[@id=\"application-managesites-display-component---NewSite--addressDetailDetailsPartner-inner\"]"}
RESULT: {"using":"xpath","value":"//input[@id=\"application-managesites-display-component---NewSite--addressDetailDetailsPartner-inner\"]"}
COMMAND: POST /session/a195702728a77ff37608f387f074352f/element - {"using":"xpath","value":"//input[@id=\"application-managesites-display-component---NewSite--addressDetailDetailsPartner-inner\"]"}
RESULT: {"using":"xpath","value":"//input[@id=\"application-managesites-display-component---NewSite--addressDetailDetailsPartner-inner\"]"}
COMMAND: POST /session/a195702728a77ff37608f387f074352f/element - {"using":"xpath","value":"//button[@data-kt=\"saveButton\"]"}
RESULT: {"using":"xpath","value":"//button[@data-kt=\"saveButton\"]"}
COMMAND: POST /session/a195702728a77ff37608f387f074352f/element/f.2A12D66D45573334A301B7B64EE7B035.d.21DDE8C89E95CFC82828BF73075BA727.e.4532/click - {}
RESULT: {}
COMMAND: GET /session/a195702728a77ff37608f387f074352f/screenshot - {}
RESULT: {}
COMMAND: POST /session/a195702728a77ff37608f387f074352f/element - {"using":"xpath","value":"//header[contains(@id, 'ObjectPageLayout-headerTitle')]/div[1]/div[2]/div[2]/span[1]"}
RESULT: {"using":"xpath","value":"//header[contains(@id, 'ObjectPageLayout-headerTitle')]/div[1]/div[2]/div[2]/span[1]"}
COMMAND: POST /session/a195702728a77ff37608f387f074352f/elements - {"using":"xpath","value":"//header[contains(@id, 'ObjectPageLayout-headerTitle')]/div[1]/div[2]/div[2]/span[1]"}
RESULT: {"using":"xpath","value":"//header[contains(@id, 'ObjectPageLayout-headerTitle')]/div[1]/div[2]/div[2]/span[1]"}
COMMAND: POST /session/a195702728a77ff37608f387f074352f/execute/sync - {"script":"<script> [56 bytes]","args":[{"element-6066-11e4-a52e-4f735466cecf":"f.2A12D66D45573334A301B7B64EE7B035.d.21DDE8C89E95CFC82828BF73075BA727.e.4879","ELEMENT":"f.2A12D66D45573334A301B7B64EE7B035.d.21DDE8C89E95CFC82828BF73075BA727.e.4879"}]}
RESULT: {"script":"<script> [56 bytes]","args":[{"element-6066-11e4-a52e-4f735466cecf":"f.2A12D66D45573334A301B7B64EE7B035.d.21DDE8C89E95CFC82828BF73075BA727.e.4879","ELEMENT":"f.2A12D66D45573334A301B7B64EE7B035.d.21DDE8C89E95CFC82828BF73075BA727.e.4879"}]}
COMMAND: POST /session/a195702728a77ff37608f387f074352f/element - {"using":"css selector","value":"#shell-header-logo"}
COMMAND: GET /session/a195702728a77ff37608f387f074352f/screenshot - {}
RESULT: {"using":"css selector","value":"#shell-header-logo"}
COMMAND: POST /session/a195702728a77ff37608f387f074352f/element/f.2A12D66D45573334A301B7B64EE7B035.d.21DDE8C89E95CFC82828BF73075BA727.e.3914/click - {}
RESULT: {}
RESULT: {}
COMMAND: GET /session/a195702728a77ff37608f387f074352f/screenshot - {}
RESULT: {}
COMMAND: POST /session/a195702728a77ff37608f387f074352f/execute/sync - {"script":"<script> [299 bytes]","args":[["getModel","getResource"]]}
RESULT: {"script":"<script> [299 bytes]","args":[["getModel","getResource"]]}
COMMAND: POST /session/a195702728a77ff37608f387f074352f/actions - {"actions":[{"id":"action13","type":"key","parameters":{},"actions":[{"type":"keyDown","value":""},{"type":"pause","duration":10},{"type":"keyUp","value":""}]}]}
COMMAND: GET /session/a195702728a77ff37608f387f074352f/screenshot - {}
RESULT: {"actions":[{"id":"action13","type":"key","parameters":{},"actions":[{"type":"keyDown","value":""},{"type":"pause","duration":10},{"type":"keyUp","value":""}]}]}
COMMAND: GET /session/a195702728a77ff37608f387f074352f/screenshot - {}
RESULT: {}
RESULT: {}
COMMAND: POST /session/a195702728a77ff37608f387f074352f/refresh - {}
RESULT: {}
COMMAND: GET /session/a195702728a77ff37608f387f074352f/screenshot - {}
RESULT: {}
COMMAND: POST /session/a195702728a77ff37608f387f074352f/refresh - {}
RESULT: {}
COMMAND: GET /session/a195702728a77ff37608f387f074352f/screenshot - {}
RESULT: {}
COMMAND: POST /session/a195702728a77ff37608f387f074352f/window/fullscreen - {}
RESULT: {}
COMMAND: POST /session/a195702728a77ff37608f387f074352f/execute/async - {"script":"<script> [189 bytes]","args":[]}
RESULT: {"script":"<script> [189 bytes]","args":[]}
COMMAND: POST /session/a195702728a77ff37608f387f074352f/execute/async - {"script":"<script> [123 bytes]","args":[]}
RESULT: {"script":"<script> [123 bytes]","args":[]}
COMMAND: POST /session/a195702728a77ff37608f387f074352f/timeouts - {"script":"<number>"}
RESULT: {"script":"<number>"}
COMMAND: GET /session/a195702728a77ff37608f387f074352f/timeouts - {}
RESULT: {}
RESULT: undefined
COMMAND: POST /session/a195702728a77ff37608f387f074352f/execute/async - {"script":"<script> [2676 bytes]","args":[]}
RESULT: {"script":"<script> [2676 bytes]","args":[]}
COMMAND: POST /session/a195702728a77ff37608f387f074352f/execute/async - {"script":"<script> [2342 bytes]","args":[{"protocol":"http","hostname":"0.0.0.0","path":"/","capabilities":{"browserName":"chrome","goog:chromeOptions":{"binary":"C:\\Program Files\\Google\\Chrome\\Application\\chrome.exe","args":["--start-maximized"]}},"logLevel":"warn","connectionRetryTimeout":120000,"connectionRetryCount":3,"logLevels":{},"enableDirectConnect":true,"strictSSL":true,"_":"65 more keys: [\"cacheDir\",\"port\",\"requestedCapabilities\",\"automationProtocol\",\"baseUrl\",\"waitforInterval\",\"waitforTimeout\",\"onReload\",\"beforeCommand\",\"afterCommand\",\"rootDir\",\"specs\",\"suites\",\"exclude\",\"groupLogsByTestSpec\",\"excludeDriverLogs\",\"bail\",\"framework\",\"reporters\",\"services\",\"maxInstances\",\"maxInstancesPerCapability\",\"injectGlobals\",\"filesToWatch\",\"execArgv\",\"runnerEnv\",\"runner\",\"shard\",\"specFileRetries\",\"specFileRetriesDelay\",\"specFileRetriesDeferred\",\"reporterSyncInterval\",\"reporterSyncTimeout\",\"cucumberFeaturesWithLineNumbers\",\"autoCompileOpts\",\"mochaOpts\",\"jasmineOpts\",\"cucumberOpts\",\"onPrepare\",\"onWorkerStart\",\"onWorkerEnd\",\"before\",\"beforeSession\",\"beforeSuite\",\"beforeHook\",\"beforeTest\",\"afterTest\",\"afterHook\",\"afterSuite\",\"afterSession\",\"after\",\"onComplete\",\"beforeAssertion\",\"afterAssertion\",\"beforeFeature\",\"beforeScenario\",\"beforeStep\",\"afterStep\",\"afterScenario\",\"afterFeature\",\"_\",\"suite\",\"$0\",\"ignoredWorkerServices\",\"wdi5\"]"}]}
RESULT: {"script":"<script> [2342 bytes]","args":[{"protocol":"http","hostname":"0.0.0.0","path":"/","capabilities":{"browserName":"chrome","goog:chromeOptions":{"binary":"C:\\Program Files\\Google\\Chrome\\Application\\chrome.exe","args":["--start-maximized"]}},"logLevel":"warn","connectionRetryTimeout":120000,"connectionRetryCount":3,"logLevels":{},"enableDirectConnect":true,"strictSSL":true,"_":"65 more keys: [\"cacheDir\",\"port\",\"requestedCapabilities\",\"automationProtocol\",\"baseUrl\",\"waitforInterval\",\"waitforTimeout\",\"onReload\",\"beforeCommand\",\"afterCommand\",\"rootDir\",\"specs\",\"suites\",\"exclude\",\"groupLogsByTestSpec\",\"excludeDriverLogs\",\"bail\",\"framework\",\"reporters\",\"services\",\"maxInstances\",\"maxInstancesPerCapability\",\"injectGlobals\",\"filesToWatch\",\"execArgv\",\"runnerEnv\",\"runner\",\"shard\",\"specFileRetries\",\"specFileRetriesDelay\",\"specFileRetriesDeferred\",\"reporterSyncInterval\",\"reporterSyncTimeout\",\"cucumberFeaturesWithLineNumbers\",\"autoCompileOpts\",\"mochaOpts\",\"jasmineOpts\",\"cucumberOpts\",\"onPrepare\",\"onWorkerStart\",\"onWorkerEnd\",\"before\",\"beforeSession\",\"beforeSuite\",\"beforeHook\",\"beforeTest\",\"afterTest\",\"afterHook\",\"afterSuite\",\"afterSession\",\"after\",\"onComplete\",\"beforeAssertion\",\"afterAssertion\",\"beforeFeature\",\"beforeScenario\",\"beforeStep\",\"afterStep\",\"afterScenario\",\"afterFeature\",\"_\",\"suite\",\"$0\",\"ignoredWorkerServices\",\"wdi5\"]"}]}
COMMAND: POST /session/a195702728a77ff37608f387f074352f/execute/async - {"script":"<script> [21126 bytes]","args":[35000]}
RESULT: {"script":"<script> [21126 bytes]","args":[35000]}
COMMAND: POST /session/a195702728a77ff37608f387f074352f/window/fullscreen - {}
RESULT: {}
]]></system-out>
    </testcase>
    <testcase classname="chrome.136_0_7103_93.windows.Create_masterdata_for_Yard_Overview_-_trigger_provide_US130988" name="Should create a new material" time="125.976">
      <system-out><![CDATA[
COMMAND: POST /session/a195702728a77ff37608f387f074352f/execute/async - {"script":"<script> [1562 bytes]","args":[{"selector":{"controlType":"sap.m.GenericTile","properties":{"header":"Manage Resources"}},"wdio_ui5_key":"sapm.GenericTile{\"header\":\"Manage Resources\"}"}]}
RESULT: {"script":"<script> [1562 bytes]","args":[{"selector":{"controlType":"sap.m.GenericTile","properties":{"header":"Manage Resources"}},"wdio_ui5_key":"sapm.GenericTile{\"header\":\"Manage Resources\"}"}]}
RESULT: undefined
COMMAND: POST /session/a195702728a77ff37608f387f074352f/element - {"using":"xpath","value":"//*[@id=\"__tile31\"]"}
RESULT: {"using":"xpath","value":"//*[@id=\"__tile31\"]"}
COMMAND: POST /session/a195702728a77ff37608f387f074352f/element/f.2A12D66D45573334A301B7B64EE7B035.d.51664A24D80FD8CB9FC59FD9A24BEA69.e.4953/click - {}
RESULT: {}
COMMAND: GET /session/a195702728a77ff37608f387f074352f/screenshot - {}
RESULT: {}
COMMAND: POST /session/a195702728a77ff37608f387f074352f/elements - {"using":"xpath","value":"//span[text()='Error']"}
RESULT: {"using":"xpath","value":"//span[text()='Error']"}
COMMAND: POST /session/a195702728a77ff37608f387f074352f/element - {"using":"xpath","value":"//button[@data-kt=\"addNewRUOverflowToolbarButton\"]"}
RESULT: {"using":"xpath","value":"//button[@data-kt=\"addNewRUOverflowToolbarButton\"]"}
COMMAND: POST /session/a195702728a77ff37608f387f074352f/elements - {"using":"xpath","value":"//button[@data-kt=\"addNewRUOverflowToolbarButton\"]"}
RESULT: {"using":"xpath","value":"//button[@data-kt=\"addNewRUOverflowToolbarButton\"]"}
COMMAND: POST /session/a195702728a77ff37608f387f074352f/elements - {"using":"xpath","value":"//button[@data-kt=\"addNewRUOverflowToolbarButton\"]"}
RESULT: {"using":"xpath","value":"//button[@data-kt=\"addNewRUOverflowToolbarButton\"]"}
COMMAND: POST /session/a195702728a77ff37608f387f074352f/elements - {"using":"xpath","value":"//button[@data-kt=\"addNewRUOverflowToolbarButton\"]"}
RESULT: {"using":"xpath","value":"//button[@data-kt=\"addNewRUOverflowToolbarButton\"]"}
COMMAND: POST /session/a195702728a77ff37608f387f074352f/elements - {"using":"xpath","value":"//button[@data-kt=\"addNewRUOverflowToolbarButton\"]"}
RESULT: {"using":"xpath","value":"//button[@data-kt=\"addNewRUOverflowToolbarButton\"]"}
COMMAND: POST /session/a195702728a77ff37608f387f074352f/elements - {"using":"xpath","value":"//button[@data-kt=\"addNewRUOverflowToolbarButton\"]"}
RESULT: {"using":"xpath","value":"//button[@data-kt=\"addNewRUOverflowToolbarButton\"]"}
COMMAND: POST /session/a195702728a77ff37608f387f074352f/elements - {"using":"xpath","value":"//button[@data-kt=\"addNewRUOverflowToolbarButton\"]"}
RESULT: {"using":"xpath","value":"//button[@data-kt=\"addNewRUOverflowToolbarButton\"]"}
COMMAND: POST /session/a195702728a77ff37608f387f074352f/elements - {"using":"xpath","value":"//button[@data-kt=\"addNewRUOverflowToolbarButton\"]"}
RESULT: {"using":"xpath","value":"//button[@data-kt=\"addNewRUOverflowToolbarButton\"]"}
COMMAND: POST /session/a195702728a77ff37608f387f074352f/elements - {"using":"xpath","value":"//button[@data-kt=\"addNewRUOverflowToolbarButton\"]"}
RESULT: {"using":"xpath","value":"//button[@data-kt=\"addNewRUOverflowToolbarButton\"]"}
COMMAND: POST /session/a195702728a77ff37608f387f074352f/elements - {"using":"xpath","value":"//button[@data-kt=\"addNewRUOverflowToolbarButton\"]"}
RESULT: {"using":"xpath","value":"//button[@data-kt=\"addNewRUOverflowToolbarButton\"]"}
COMMAND: POST /session/a195702728a77ff37608f387f074352f/elements - {"using":"xpath","value":"//button[@data-kt=\"addNewRUOverflowToolbarButton\"]"}
RESULT: {"using":"xpath","value":"//button[@data-kt=\"addNewRUOverflowToolbarButton\"]"}
COMMAND: POST /session/a195702728a77ff37608f387f074352f/element - {"using":"xpath","value":"//button[@data-kt=\"addNewRUOverflowToolbarButton\"]"}
RESULT: {"using":"xpath","value":"//button[@data-kt=\"addNewRUOverflowToolbarButton\"]"}
COMMAND: POST /session/a195702728a77ff37608f387f074352f/execute/sync - {"script":"<script> [8489 bytes]","args":[{"element-6066-11e4-a52e-4f735466cecf":"f.2A12D66D45573334A301B7B64EE7B035.d.51664A24D80FD8CB9FC59FD9A24BEA69.e.5061","ELEMENT":"f.2A12D66D45573334A301B7B64EE7B035.d.51664A24D80FD8CB9FC59FD9A24BEA69.e.5061"}]}
RESULT: {"script":"<script> [8489 bytes]","args":[{"element-6066-11e4-a52e-4f735466cecf":"f.2A12D66D45573334A301B7B64EE7B035.d.51664A24D80FD8CB9FC59FD9A24BEA69.e.5061","ELEMENT":"f.2A12D66D45573334A301B7B64EE7B035.d.51664A24D80FD8CB9FC59FD9A24BEA69.e.5061"}]}
COMMAND: GET /session/a195702728a77ff37608f387f074352f/element/f.2A12D66D45573334A301B7B64EE7B035.d.51664A24D80FD8CB9FC59FD9A24BEA69.e.5061/enabled - {}
COMMAND: GET /session/a195702728a77ff37608f387f074352f/screenshot - {}
RESULT: {}
COMMAND: POST /session/a195702728a77ff37608f387f074352f/execute/sync - {"script":"<script> [8489 bytes]","args":[{"element-6066-11e4-a52e-4f735466cecf":"f.2A12D66D45573334A301B7B64EE7B035.d.51664A24D80FD8CB9FC59FD9A24BEA69.e.5061","ELEMENT":"f.2A12D66D45573334A301B7B64EE7B035.d.51664A24D80FD8CB9FC59FD9A24BEA69.e.5061"}]}
COMMAND: GET /session/a195702728a77ff37608f387f074352f/screenshot - {}
RESULT: {}
RESULT: {"script":"<script> [8489 bytes]","args":[{"element-6066-11e4-a52e-4f735466cecf":"f.2A12D66D45573334A301B7B64EE7B035.d.51664A24D80FD8CB9FC59FD9A24BEA69.e.5061","ELEMENT":"f.2A12D66D45573334A301B7B64EE7B035.d.51664A24D80FD8CB9FC59FD9A24BEA69.e.5061"}]}
COMMAND: POST /session/a195702728a77ff37608f387f074352f/execute/sync - {"script":"<script> [5351 bytes]","args":[{"element-6066-11e4-a52e-4f735466cecf":"f.2A12D66D45573334A301B7B64EE7B035.d.51664A24D80FD8CB9FC59FD9A24BEA69.e.5061","ELEMENT":"f.2A12D66D45573334A301B7B64EE7B035.d.51664A24D80FD8CB9FC59FD9A24BEA69.e.5061"}]}
COMMAND: GET /session/a195702728a77ff37608f387f074352f/screenshot - {}
RESULT: {}
RESULT: {"script":"<script> [5351 bytes]","args":[{"element-6066-11e4-a52e-4f735466cecf":"f.2A12D66D45573334A301B7B64EE7B035.d.51664A24D80FD8CB9FC59FD9A24BEA69.e.5061","ELEMENT":"f.2A12D66D45573334A301B7B64EE7B035.d.51664A24D80FD8CB9FC59FD9A24BEA69.e.5061"}]}
COMMAND: POST /session/a195702728a77ff37608f387f074352f/element/f.2A12D66D45573334A301B7B64EE7B035.d.51664A24D80FD8CB9FC59FD9A24BEA69.e.5061/click - {}
COMMAND: GET /session/a195702728a77ff37608f387f074352f/screenshot - {}
RESULT: {}
RESULT: {}
COMMAND: GET /session/a195702728a77ff37608f387f074352f/screenshot - {}
RESULT: {}
RESULT: {}
COMMAND: POST /session/a195702728a77ff37608f387f074352f/execute/async - {"script":"<script> [1562 bytes]","args":[{"selector":{"id":"application-manageresources-display-component---newResourceUnit--TYPE-arrow"},"wdio_ui5_key":"applicationmanageresources-display-component---newResourceUnit--TYPE-arrow"}]}
RESULT: {"script":"<script> [1562 bytes]","args":[{"selector":{"id":"application-manageresources-display-component---newResourceUnit--TYPE-arrow"},"wdio_ui5_key":"applicationmanageresources-display-component---newResourceUnit--TYPE-arrow"}]}
RESULT: undefined
COMMAND: POST /session/a195702728a77ff37608f387f074352f/element - {"using":"xpath","value":"//*[@id=\"application-manageresources-display-component---newResourceUnit--TYPE-arrow\"]"}
RESULT: {"using":"xpath","value":"//*[@id=\"application-manageresources-display-component---newResourceUnit--TYPE-arrow\"]"}
COMMAND: POST /session/a195702728a77ff37608f387f074352f/element/f.2A12D66D45573334A301B7B64EE7B035.d.51664A24D80FD8CB9FC59FD9A24BEA69.e.5419/click - {}
RESULT: {}
COMMAND: POST /session/a195702728a77ff37608f387f074352f/element - {"using":"xpath","value":"//input[@id=\"application-manageresources-display-component---newResourceUnit--TYPE-inner\"]"}
COMMAND: GET /session/a195702728a77ff37608f387f074352f/screenshot - {}
RESULT: {"using":"xpath","value":"//input[@id=\"application-manageresources-display-component---newResourceUnit--TYPE-inner\"]"}
COMMAND: POST /session/a195702728a77ff37608f387f074352f/element/f.2A12D66D45573334A301B7B64EE7B035.d.51664A24D80FD8CB9FC59FD9A24BEA69.e.5411/clear - {}
RESULT: {}
RESULT: {}
COMMAND: POST /session/a195702728a77ff37608f387f074352f/element/f.2A12D66D45573334A301B7B64EE7B035.d.51664A24D80FD8CB9FC59FD9A24BEA69.e.5411/value - {"text":"Material"}
COMMAND: GET /session/a195702728a77ff37608f387f074352f/screenshot - {}
RESULT: {"text":"Material"}
COMMAND: GET /session/a195702728a77ff37608f387f074352f/screenshot - {}
RESULT: {}
RESULT: {}
COMMAND: POST /session/a195702728a77ff37608f387f074352f/actions - {"actions":[{"id":"action14","type":"key","parameters":{},"actions":[{"type":"keyDown","value":""},{"type":"pause","duration":10},{"type":"keyUp","value":""}]}]}
RESULT: {"actions":[{"id":"action14","type":"key","parameters":{},"actions":[{"type":"keyDown","value":""},{"type":"pause","duration":10},{"type":"keyUp","value":""}]}]}
COMMAND: POST /session/a195702728a77ff37608f387f074352f/execute/async - {"script":"<script> [1562 bytes]","args":[{"selector":{"id":"application-manageresources-display-component---newResourceUnit--SHORT_TEXT","interaction":{"idSuffix":"inner"}},"wdio_ui5_key":"applicationmanageresources-display-component---newResourceUnit--SHORT_TEXT"}]}
COMMAND: GET /session/a195702728a77ff37608f387f074352f/screenshot - {}
RESULT: {"script":"<script> [1562 bytes]","args":[{"selector":{"id":"application-manageresources-display-component---newResourceUnit--SHORT_TEXT","interaction":{"idSuffix":"inner"}},"wdio_ui5_key":"applicationmanageresources-display-component---newResourceUnit--SHORT_TEXT"}]}
RESULT: undefined
COMMAND: POST /session/a195702728a77ff37608f387f074352f/execute/async - {"script":"<script> [776 bytes]","args":[{"enterText":"Cement WDIO","selector":{"id":"application-manageresources-display-component---newResourceUnit--SHORT_TEXT","interaction":{"idSuffix":"inner"}},"clearTextFirst":true,"interactionType":"ENTER_TEXT"}]}
RESULT: {}
RESULT: {"script":"<script> [776 bytes]","args":[{"enterText":"Cement WDIO","selector":{"id":"application-manageresources-display-component---newResourceUnit--SHORT_TEXT","interaction":{"idSuffix":"inner"}},"clearTextFirst":true,"interactionType":"ENTER_TEXT"}]}
COMMAND: POST /session/a195702728a77ff37608f387f074352f/execute/async - {"script":"<script> [1562 bytes]","args":[{"selector":{"id":"application-manageresources-display-component---newResourceUnit--BASE_UNIT_OF_MEASURE","interaction":{"idSuffix":"inner"}},"wdio_ui5_key":"applicationmanageresources-display-component---newResourceUnit--BASE_UNIT_OF_MEASURE"}]}
RESULT: {"script":"<script> [1562 bytes]","args":[{"selector":{"id":"application-manageresources-display-component---newResourceUnit--BASE_UNIT_OF_MEASURE","interaction":{"idSuffix":"inner"}},"wdio_ui5_key":"applicationmanageresources-display-component---newResourceUnit--BASE_UNIT_OF_MEASURE"}]}
RESULT: undefined
COMMAND: POST /session/a195702728a77ff37608f387f074352f/execute/async - {"script":"<script> [776 bytes]","args":[{"enterText":"Piece","selector":{"id":"application-manageresources-display-component---newResourceUnit--BASE_UNIT_OF_MEASURE","interaction":{"idSuffix":"inner"}},"clearTextFirst":true,"interactionType":"ENTER_TEXT"}]}
RESULT: {"script":"<script> [776 bytes]","args":[{"enterText":"Piece","selector":{"id":"application-manageresources-display-component---newResourceUnit--BASE_UNIT_OF_MEASURE","interaction":{"idSuffix":"inner"}},"clearTextFirst":true,"interactionType":"ENTER_TEXT"}]}
COMMAND: POST /session/a195702728a77ff37608f387f074352f/execute/async - {"script":"<script> [1562 bytes]","args":[{"selector":{"id":"application-manageresources-display-component---newResourceUnit--WEIGHT_UNIT","interaction":{"idSuffix":"inner"}},"wdio_ui5_key":"applicationmanageresources-display-component---newResourceUnit--WEIGHT_UNIT"}]}
RESULT: {"script":"<script> [1562 bytes]","args":[{"selector":{"id":"application-manageresources-display-component---newResourceUnit--WEIGHT_UNIT","interaction":{"idSuffix":"inner"}},"wdio_ui5_key":"applicationmanageresources-display-component---newResourceUnit--WEIGHT_UNIT"}]}
RESULT: undefined
COMMAND: POST /session/a195702728a77ff37608f387f074352f/execute/async - {"script":"<script> [776 bytes]","args":[{"enterText":"Gram","selector":{"id":"application-manageresources-display-component---newResourceUnit--WEIGHT_UNIT","interaction":{"idSuffix":"inner"}},"clearTextFirst":true,"interactionType":"ENTER_TEXT"}]}
RESULT: {"script":"<script> [776 bytes]","args":[{"enterText":"Gram","selector":{"id":"application-manageresources-display-component---newResourceUnit--WEIGHT_UNIT","interaction":{"idSuffix":"inner"}},"clearTextFirst":true,"interactionType":"ENTER_TEXT"}]}
COMMAND: POST /session/a195702728a77ff37608f387f074352f/execute/async - {"script":"<script> [1562 bytes]","args":[{"selector":{"id":"application-manageresources-display-component---newResourceUnit--DIMENSION_UNIT","interaction":{"idSuffix":"inner"}},"wdio_ui5_key":"applicationmanageresources-display-component---newResourceUnit--DIMENSION_UNIT"}]}
RESULT: {"script":"<script> [1562 bytes]","args":[{"selector":{"id":"application-manageresources-display-component---newResourceUnit--DIMENSION_UNIT","interaction":{"idSuffix":"inner"}},"wdio_ui5_key":"applicationmanageresources-display-component---newResourceUnit--DIMENSION_UNIT"}]}
RESULT: undefined
COMMAND: POST /session/a195702728a77ff37608f387f074352f/execute/async - {"script":"<script> [776 bytes]","args":[{"enterText":"Meter","selector":{"id":"application-manageresources-display-component---newResourceUnit--DIMENSION_UNIT","interaction":{"idSuffix":"inner"}},"clearTextFirst":true,"interactionType":"ENTER_TEXT"}]}
RESULT: {"script":"<script> [776 bytes]","args":[{"enterText":"Meter","selector":{"id":"application-manageresources-display-component---newResourceUnit--DIMENSION_UNIT","interaction":{"idSuffix":"inner"}},"clearTextFirst":true,"interactionType":"ENTER_TEXT"}]}
COMMAND: POST /session/a195702728a77ff37608f387f074352f/execute/async - {"script":"<script> [1562 bytes]","args":[{"selector":{"id":"application-manageresources-display-component---newResourceUnit--newRRUPage-anchBar-application-manageresources-display-component---newResourceUnit--control-anchor","interaction":{"idSuffix":"BDI-content"}},"wdio_ui5_key":"applicationmanageresources-display-component---newResourceUnit--newRRUPage-anchBar-application-manageresources-display-component---newResourceUnit--control-anchor"}]}
RESULT: {"script":"<script> [1562 bytes]","args":[{"selector":{"id":"application-manageresources-display-component---newResourceUnit--newRRUPage-anchBar-application-manageresources-display-component---newResourceUnit--control-anchor","interaction":{"idSuffix":"BDI-content"}},"wdio_ui5_key":"applicationmanageresources-display-component---newResourceUnit--newRRUPage-anchBar-application-manageresources-display-component---newResourceUnit--control-anchor"}]}
RESULT: undefined
COMMAND: POST /session/a195702728a77ff37608f387f074352f/element - {"using":"xpath","value":"//*[@id=\"application-manageresources-display-component---newResourceUnit--newRRUPage-anchBar-application-manageresources-display-component---newResourceUnit--control-anchor\"]"}
RESULT: {"using":"xpath","value":"//*[@id=\"application-manageresources-display-component---newResourceUnit--newRRUPage-anchBar-application-manageresources-display-component---newResourceUnit--control-anchor\"]"}
COMMAND: POST /session/a195702728a77ff37608f387f074352f/element/f.2A12D66D45573334A301B7B64EE7B035.d.51664A24D80FD8CB9FC59FD9A24BEA69.e.5486/click - {}
RESULT: {}
COMMAND: POST /session/a195702728a77ff37608f387f074352f/execute/async - {"script":"<script> [1562 bytes]","args":[{"selector":{"id":"application-manageresources-display-component---newResourceUnit--PLANNING_GROUP","interaction":{"idSuffix":"inner"}},"wdio_ui5_key":"applicationmanageresources-display-component---newResourceUnit--PLANNING_GROUP"}]}
COMMAND: GET /session/a195702728a77ff37608f387f074352f/screenshot - {}
RESULT: {"script":"<script> [1562 bytes]","args":[{"selector":{"id":"application-manageresources-display-component---newResourceUnit--PLANNING_GROUP","interaction":{"idSuffix":"inner"}},"wdio_ui5_key":"applicationmanageresources-display-component---newResourceUnit--PLANNING_GROUP"}]}
RESULT: undefined
COMMAND: POST /session/a195702728a77ff37608f387f074352f/execute/async - {"script":"<script> [776 bytes]","args":[{"enterText":"Material","selector":{"id":"application-manageresources-display-component---newResourceUnit--PLANNING_GROUP","interaction":{"idSuffix":"inner"}},"clearTextFirst":true,"interactionType":"ENTER_TEXT"}]}
RESULT: {}
RESULT: {"script":"<script> [776 bytes]","args":[{"enterText":"Material","selector":{"id":"application-manageresources-display-component---newResourceUnit--PLANNING_GROUP","interaction":{"idSuffix":"inner"}},"clearTextFirst":true,"interactionType":"ENTER_TEXT"}]}
COMMAND: POST /session/a195702728a77ff37608f387f074352f/execute/async - {"script":"<script> [1562 bytes]","args":[{"selector":{"id":"application-manageresources-display-component---newResourceUnit--PLANNING_INDICATOR","interaction":{"idSuffix":"inner"}},"wdio_ui5_key":"applicationmanageresources-display-component---newResourceUnit--PLANNING_INDICATOR"}]}
RESULT: {"script":"<script> [1562 bytes]","args":[{"selector":{"id":"application-manageresources-display-component---newResourceUnit--PLANNING_INDICATOR","interaction":{"idSuffix":"inner"}},"wdio_ui5_key":"applicationmanageresources-display-component---newResourceUnit--PLANNING_INDICATOR"}]}
RESULT: undefined
COMMAND: POST /session/a195702728a77ff37608f387f074352f/execute/async - {"script":"<script> [776 bytes]","args":[{"enterText":"10 - infinite","selector":{"id":"application-manageresources-display-component---newResourceUnit--PLANNING_INDICATOR","interaction":{"idSuffix":"inner"}},"clearTextFirst":true,"interactionType":"ENTER_TEXT"}]}
RESULT: {"script":"<script> [776 bytes]","args":[{"enterText":"10 - infinite","selector":{"id":"application-manageresources-display-component---newResourceUnit--PLANNING_INDICATOR","interaction":{"idSuffix":"inner"}},"clearTextFirst":true,"interactionType":"ENTER_TEXT"}]}
COMMAND: POST /session/a195702728a77ff37608f387f074352f/element - {"using":"css selector","value":"#application-manageresources-display-component---newResourceUnit--btnAddTimeSegment"}
RESULT: {"using":"css selector","value":"#application-manageresources-display-component---newResourceUnit--btnAddTimeSegment"}
COMMAND: GET /session/a195702728a77ff37608f387f074352f/element/f.2A12D66D45573334A301B7B64EE7B035.d.51664A24D80FD8CB9FC59FD9A24BEA69.e.5494/rect - {}
RESULT: {}
COMMAND: GET /session/a195702728a77ff37608f387f074352f/window/rect - {}
RESULT: {}
COMMAND: POST /session/a195702728a77ff37608f387f074352f/execute/sync - {"script":"<script> [92 bytes]","args":[]}
RESULT: {"script":"<script> [92 bytes]","args":[]}
COMMAND: POST /session/a195702728a77ff37608f387f074352f/actions - {"actions":[{"id":"action15","type":"wheel","parameters":{},"actions":[{"type":"scroll","x":-1888,"y":-32,"deltaX":0,"deltaY":0,"duration":0,"origin":{"element-6066-11e4-a52e-4f735466cecf":"f.2A12D66D45573334A301B7B64EE7B035.d.51664A24D80FD8CB9FC59FD9A24BEA69.e.5494"}}]}]}
COMMAND: GET /session/a195702728a77ff37608f387f074352f/screenshot - {}
RESULT: {}
COMMAND: POST /session/a195702728a77ff37608f387f074352f/execute/sync - {"script":"<script> [79 bytes]","args":[{"element-6066-11e4-a52e-4f735466cecf":"f.2A12D66D45573334A301B7B64EE7B035.d.51664A24D80FD8CB9FC59FD9A24BEA69.e.5494","ELEMENT":"f.2A12D66D45573334A301B7B64EE7B035.d.51664A24D80FD8CB9FC59FD9A24BEA69.e.5494"},{"block":"start","inline":"nearest"}]}
RESULT: {"script":"<script> [79 bytes]","args":[{"element-6066-11e4-a52e-4f735466cecf":"f.2A12D66D45573334A301B7B64EE7B035.d.51664A24D80FD8CB9FC59FD9A24BEA69.e.5494","ELEMENT":"f.2A12D66D45573334A301B7B64EE7B035.d.51664A24D80FD8CB9FC59FD9A24BEA69.e.5494"},{"block":"start","inline":"nearest"}]}
COMMAND: POST /session/a195702728a77ff37608f387f074352f/execute/async - {"script":"<script> [1562 bytes]","args":[{"selector":{"id":"application-manageresources-display-component---newResourceUnit--btnAddTimeSegment","interaction":{"idSuffix":"inner"}},"wdio_ui5_key":"applicationmanageresources-display-component---newResourceUnit--btnAddTimeSegment"}]}
COMMAND: GET /session/a195702728a77ff37608f387f074352f/screenshot - {}
RESULT: {"script":"<script> [1562 bytes]","args":[{"selector":{"id":"application-manageresources-display-component---newResourceUnit--btnAddTimeSegment","interaction":{"idSuffix":"inner"}},"wdio_ui5_key":"applicationmanageresources-display-component---newResourceUnit--btnAddTimeSegment"}]}
RESULT: undefined
COMMAND: POST /session/a195702728a77ff37608f387f074352f/element - {"using":"xpath","value":"//*[@id=\"application-manageresources-display-component---newResourceUnit--btnAddTimeSegment\"]"}
RESULT: {}
RESULT: {"using":"xpath","value":"//*[@id=\"application-manageresources-display-component---newResourceUnit--btnAddTimeSegment\"]"}
COMMAND: POST /session/a195702728a77ff37608f387f074352f/element/f.2A12D66D45573334A301B7B64EE7B035.d.51664A24D80FD8CB9FC59FD9A24BEA69.e.5494/click - {}
RESULT: {}
COMMAND: GET /session/a195702728a77ff37608f387f074352f/screenshot - {}
RESULT: {}
COMMAND: POST /session/a195702728a77ff37608f387f074352f/element - {"using":"xpath","value":"//input[@id=\"application-manageresources-display-component---newResourceUnit--idRuTSAdmin-application-manageresources-display-component---newResourceUnit--RUTimeSegment-0-inner\"]"}
RESULT: {"using":"xpath","value":"//input[@id=\"application-manageresources-display-component---newResourceUnit--idRuTSAdmin-application-manageresources-display-component---newResourceUnit--RUTimeSegment-0-inner\"]"}
COMMAND: POST /session/a195702728a77ff37608f387f074352f/element/f.2A12D66D45573334A301B7B64EE7B035.d.51664A24D80FD8CB9FC59FD9A24BEA69.e.5499/clear - {}
RESULT: {}
COMMAND: POST /session/a195702728a77ff37608f387f074352f/element/f.2A12D66D45573334A301B7B64EE7B035.d.51664A24D80FD8CB9FC59FD9A24BEA69.e.5499/value - {"text":"677"}
COMMAND: GET /session/a195702728a77ff37608f387f074352f/screenshot - {}
RESULT: {"text":"677"}
COMMAND: GET /session/a195702728a77ff37608f387f074352f/screenshot - {}
RESULT: {}
RESULT: {}
COMMAND: POST /session/a195702728a77ff37608f387f074352f/element - {"using":"xpath","value":"//li[.//span[text()='677']]"}
RESULT: {"using":"xpath","value":"//li[.//span[text()='677']]"}
COMMAND: POST /session/a195702728a77ff37608f387f074352f/element/f.2A12D66D45573334A301B7B64EE7B035.d.51664A24D80FD8CB9FC59FD9A24BEA69.e.5508/click - {}
RESULT: {}
COMMAND: GET /session/a195702728a77ff37608f387f074352f/screenshot - {}
RESULT: {}
COMMAND: POST /session/a195702728a77ff37608f387f074352f/element - {"using":"xpath","value":"(//span[contains(@id, \"-application-manageresources-display-component---newResourceUnit--RUTimeSegment-0-arrow\")])[2]"}
RESULT: {"using":"xpath","value":"(//span[contains(@id, \"-application-manageresources-display-component---newResourceUnit--RUTimeSegment-0-arrow\")])[2]"}
COMMAND: POST /session/a195702728a77ff37608f387f074352f/element/f.2A12D66D45573334A301B7B64EE7B035.d.51664A24D80FD8CB9FC59FD9A24BEA69.e.5509/click - {}
RESULT: {}
COMMAND: POST /session/a195702728a77ff37608f387f074352f/element - {"using":"xpath","value":"//span[contains(text(), \"PM Order\")]"}
COMMAND: GET /session/a195702728a77ff37608f387f074352f/screenshot - {}
RESULT: {"using":"xpath","value":"//span[contains(text(), \"PM Order\")]"}
COMMAND: POST /session/a195702728a77ff37608f387f074352f/element/f.2A12D66D45573334A301B7B64EE7B035.d.51664A24D80FD8CB9FC59FD9A24BEA69.e.5510/click - {}
RESULT: {}
RESULT: {}
COMMAND: GET /session/a195702728a77ff37608f387f074352f/screenshot - {}
RESULT: {}
COMMAND: POST /session/a195702728a77ff37608f387f074352f/element - {"using":"xpath","value":"//td/div/div/div/span[contains(@id, \"newResourceUnit--RUTimeSegment-0-vhi\")][1]"}
RESULT: {"using":"xpath","value":"//td/div/div/div/span[contains(@id, \"newResourceUnit--RUTimeSegment-0-vhi\")][1]"}
COMMAND: GET /session/a195702728a77ff37608f387f074352f/element/f.2A12D66D45573334A301B7B64EE7B035.d.51664A24D80FD8CB9FC59FD9A24BEA69.e.5514/rect - {}
RESULT: {}
COMMAND: GET /session/a195702728a77ff37608f387f074352f/window/rect - {}
RESULT: {}
COMMAND: POST /session/a195702728a77ff37608f387f074352f/execute/sync - {"script":"<script> [92 bytes]","args":[]}
RESULT: {"script":"<script> [92 bytes]","args":[]}
COMMAND: POST /session/a195702728a77ff37608f387f074352f/actions - {"actions":[{"id":"action16","type":"wheel","parameters":{},"actions":[{"type":"scroll","x":-1888,"y":-24,"deltaX":0,"deltaY":0,"duration":0,"origin":{"element-6066-11e4-a52e-4f735466cecf":"f.2A12D66D45573334A301B7B64EE7B035.d.51664A24D80FD8CB9FC59FD9A24BEA69.e.5514"}}]}]}
COMMAND: GET /session/a195702728a77ff37608f387f074352f/screenshot - {}
RESULT: {}
COMMAND: POST /session/a195702728a77ff37608f387f074352f/execute/sync - {"script":"<script> [79 bytes]","args":[{"element-6066-11e4-a52e-4f735466cecf":"f.2A12D66D45573334A301B7B64EE7B035.d.51664A24D80FD8CB9FC59FD9A24BEA69.e.5514","ELEMENT":"f.2A12D66D45573334A301B7B64EE7B035.d.51664A24D80FD8CB9FC59FD9A24BEA69.e.5514"},{"block":"start","inline":"nearest"}]}
RESULT: {"script":"<script> [79 bytes]","args":[{"element-6066-11e4-a52e-4f735466cecf":"f.2A12D66D45573334A301B7B64EE7B035.d.51664A24D80FD8CB9FC59FD9A24BEA69.e.5514","ELEMENT":"f.2A12D66D45573334A301B7B64EE7B035.d.51664A24D80FD8CB9FC59FD9A24BEA69.e.5514"},{"block":"start","inline":"nearest"}]}
COMMAND: GET /session/a195702728a77ff37608f387f074352f/screenshot - {}
RESULT: {}
COMMAND: POST /session/a195702728a77ff37608f387f074352f/element/f.2A12D66D45573334A301B7B64EE7B035.d.51664A24D80FD8CB9FC59FD9A24BEA69.e.5514/click - {}
RESULT: {}
COMMAND: GET /session/a195702728a77ff37608f387f074352f/screenshot - {}
RESULT: {}
COMMAND: POST /session/a195702728a77ff37608f387f074352f/execute/async - {"script":"<script> [1562 bytes]","args":[{"selector":{"controlType":"sap.m.SearchField","properties":{"placeholder":"Search"},"searchOpenDialogs":true,"interaction":{"idSuffix":"I"}},"wdio_ui5_key":"sapm.SearchField{\"placeholder\":\"Search\"}"}]}
RESULT: {"script":"<script> [1562 bytes]","args":[{"selector":{"controlType":"sap.m.SearchField","properties":{"placeholder":"Search"},"searchOpenDialogs":true,"interaction":{"idSuffix":"I"}},"wdio_ui5_key":"sapm.SearchField{\"placeholder\":\"Search\"}"}]}
RESULT: undefined
COMMAND: POST /session/a195702728a77ff37608f387f074352f/execute/async - {"script":"<script> [776 bytes]","args":[{"enterText":"4000360","selector":{"controlType":"sap.m.SearchField","properties":{"placeholder":"Search"},"searchOpenDialogs":true,"interaction":{"idSuffix":"I"}},"clearTextFirst":true,"interactionType":"ENTER_TEXT"}]}
RESULT: {"script":"<script> [776 bytes]","args":[{"enterText":"4000360","selector":{"controlType":"sap.m.SearchField","properties":{"placeholder":"Search"},"searchOpenDialogs":true,"interaction":{"idSuffix":"I"}},"clearTextFirst":true,"interactionType":"ENTER_TEXT"}]}
COMMAND: POST /session/a195702728a77ff37608f387f074352f/actions - {"actions":[{"id":"action17","type":"key","parameters":{},"actions":[{"type":"keyDown","value":""},{"type":"pause","duration":10},{"type":"keyUp","value":""}]}]}
RESULT: {"actions":[{"id":"action17","type":"key","parameters":{},"actions":[{"type":"keyDown","value":""},{"type":"pause","duration":10},{"type":"keyUp","value":""}]}]}
COMMAND: GET /session/a195702728a77ff37608f387f074352f/screenshot - {}
RESULT: {}
COMMAND: POST /session/a195702728a77ff37608f387f074352f/element - {"using":"xpath","value":"//td/div/span[contains(text(), \"BGL Vehicles\")]"}
RESULT: {"using":"xpath","value":"//td/div/span[contains(text(), \"BGL Vehicles\")]"}
COMMAND: POST /session/a195702728a77ff37608f387f074352f/element/f.2A12D66D45573334A301B7B64EE7B035.d.51664A24D80FD8CB9FC59FD9A24BEA69.e.5535/click - {}
RESULT: {}
COMMAND: GET /session/a195702728a77ff37608f387f074352f/screenshot - {}
RESULT: {}
COMMAND: POST /session/a195702728a77ff37608f387f074352f/element - {"using":"xpath","value":"//bdi[contains(text(), \"OK\")]"}
RESULT: {"using":"xpath","value":"//bdi[contains(text(), \"OK\")]"}
COMMAND: POST /session/a195702728a77ff37608f387f074352f/element/f.2A12D66D45573334A301B7B64EE7B035.d.51664A24D80FD8CB9FC59FD9A24BEA69.e.5536/click - {}
RESULT: {}
COMMAND: GET /session/a195702728a77ff37608f387f074352f/screenshot - {}
RESULT: {}
COMMAND: POST /session/a195702728a77ff37608f387f074352f/element - {"using":"xpath","value":"//label[contains(@class, 'sapMLabelRequired') and .//bdi[contains(text(), 'Planned Retirement')]]"}
RESULT: {"using":"xpath","value":"//label[contains(@class, 'sapMLabelRequired') and .//bdi[contains(text(), 'Planned Retirement')]]"}
COMMAND: POST /session/a195702728a77ff37608f387f074352f/elements - {"using":"xpath","value":"//label[contains(@class, 'sapMLabelRequired') and .//bdi[contains(text(), 'Planned Retirement')]]"}
RESULT: {"using":"xpath","value":"//label[contains(@class, 'sapMLabelRequired') and .//bdi[contains(text(), 'Planned Retirement')]]"}
COMMAND: POST /session/a195702728a77ff37608f387f074352f/element - {"using":"xpath","value":"//button[@data-kt=\"resourceUnitSaveButton\"]"}
RESULT: {"using":"xpath","value":"//button[@data-kt=\"resourceUnitSaveButton\"]"}
COMMAND: POST /session/a195702728a77ff37608f387f074352f/element/f.2A12D66D45573334A301B7B64EE7B035.d.51664A24D80FD8CB9FC59FD9A24BEA69.e.5438/click - {}
RESULT: {}
COMMAND: GET /session/a195702728a77ff37608f387f074352f/screenshot - {}
RESULT: {}
COMMAND: POST /session/a195702728a77ff37608f387f074352f/element - {"using":"xpath","value":"//bdi[contains(text(), \"Close\")]"}
RESULT: {"using":"xpath","value":"//bdi[contains(text(), \"Close\")]"}
COMMAND: POST /session/a195702728a77ff37608f387f074352f/element/f.2A12D66D45573334A301B7B64EE7B035.d.51664A24D80FD8CB9FC59FD9A24BEA69.e.5542/click - {}
RESULT: {}
COMMAND: GET /session/a195702728a77ff37608f387f074352f/screenshot - {}
RESULT: {}
COMMAND: POST /session/a195702728a77ff37608f387f074352f/element - {"using":"xpath","value":"//header[contains(@id, 'detailRruPage-headerTitle')]/div[1]/div[2]/div[2]/span[1]"}
RESULT: {"using":"xpath","value":"//header[contains(@id, 'detailRruPage-headerTitle')]/div[1]/div[2]/div[2]/span[1]"}
COMMAND: POST /session/a195702728a77ff37608f387f074352f/elements - {"using":"xpath","value":"//header[contains(@id, 'detailRruPage-headerTitle')]/div[1]/div[2]/div[2]/span[1]"}
RESULT: {"using":"xpath","value":"//header[contains(@id, 'detailRruPage-headerTitle')]/div[1]/div[2]/div[2]/span[1]"}
COMMAND: POST /session/a195702728a77ff37608f387f074352f/execute/sync - {"script":"<script> [56 bytes]","args":[{"element-6066-11e4-a52e-4f735466cecf":"f.2A12D66D45573334A301B7B64EE7B035.d.51664A24D80FD8CB9FC59FD9A24BEA69.e.5571","ELEMENT":"f.2A12D66D45573334A301B7B64EE7B035.d.51664A24D80FD8CB9FC59FD9A24BEA69.e.5571"}]}
RESULT: {"script":"<script> [56 bytes]","args":[{"element-6066-11e4-a52e-4f735466cecf":"f.2A12D66D45573334A301B7B64EE7B035.d.51664A24D80FD8CB9FC59FD9A24BEA69.e.5571","ELEMENT":"f.2A12D66D45573334A301B7B64EE7B035.d.51664A24D80FD8CB9FC59FD9A24BEA69.e.5571"}]}
COMMAND: POST /session/a195702728a77ff37608f387f074352f/element - {"using":"css selector","value":"#shell-header-logo"}
COMMAND: GET /session/a195702728a77ff37608f387f074352f/screenshot - {}
RESULT: {"using":"css selector","value":"#shell-header-logo"}
COMMAND: POST /session/a195702728a77ff37608f387f074352f/element/f.2A12D66D45573334A301B7B64EE7B035.d.51664A24D80FD8CB9FC59FD9A24BEA69.e.5030/click - {}
RESULT: {}
RESULT: {}
COMMAND: GET /session/a195702728a77ff37608f387f074352f/screenshot - {}
RESULT: {}
]]></system-out>
    </testcase>
    <testcase classname="chrome.136_0_7103_93.windows.Create_masterdata_for_Yard_Overview_-_trigger_provide_US130988" name="Bin Status Report Should Create New Organization yard" time="88.51">
      <system-out><![CDATA[
COMMAND: POST /session/a195702728a77ff37608f387f074352f/execute/async - {"script":"<script> [1562 bytes]","args":[{"selector":{"controlType":"sap.m.GenericTile","properties":{"header":"Bin Status Report"}},"wdio_ui5_key":"sapm.GenericTile{\"header\":\"Bin Status Report\"}"}]}
RESULT: {"script":"<script> [1562 bytes]","args":[{"selector":{"controlType":"sap.m.GenericTile","properties":{"header":"Bin Status Report"}},"wdio_ui5_key":"sapm.GenericTile{\"header\":\"Bin Status Report\"}"}]}
RESULT: undefined
COMMAND: POST /session/a195702728a77ff37608f387f074352f/element - {"using":"xpath","value":"//*[@id=\"__tile104\"]"}
RESULT: {"using":"xpath","value":"//*[@id=\"__tile104\"]"}
COMMAND: POST /session/a195702728a77ff37608f387f074352f/element/f.2A12D66D45573334A301B7B64EE7B035.d.51664A24D80FD8CB9FC59FD9A24BEA69.e.5573/click - {}
RESULT: {}
COMMAND: GET /session/a195702728a77ff37608f387f074352f/screenshot - {}
RESULT: {}
COMMAND: POST /session/a195702728a77ff37608f387f074352f/elements - {"using":"xpath","value":"//span[text()='Error']"}
RESULT: {"using":"xpath","value":"//span[text()='Error']"}
COMMAND: POST /session/a195702728a77ff37608f387f074352f/element - {"using":"xpath","value":"//button[@id=\"application-binstatusreport-display-component---warehousing--createOrgBtn\"]"}
RESULT: {"using":"xpath","value":"//button[@id=\"application-binstatusreport-display-component---warehousing--createOrgBtn\"]"}
COMMAND: POST /session/a195702728a77ff37608f387f074352f/elements - {"using":"xpath","value":"//button[@id=\"application-binstatusreport-display-component---warehousing--createOrgBtn\"]"}
RESULT: {"using":"xpath","value":"//button[@id=\"application-binstatusreport-display-component---warehousing--createOrgBtn\"]"}
COMMAND: POST /session/a195702728a77ff37608f387f074352f/execute/sync - {"script":"<script> [8489 bytes]","args":[{"element-6066-11e4-a52e-4f735466cecf":"f.2A12D66D45573334A301B7B64EE7B035.d.51664A24D80FD8CB9FC59FD9A24BEA69.e.5633","ELEMENT":"f.2A12D66D45573334A301B7B64EE7B035.d.51664A24D80FD8CB9FC59FD9A24BEA69.e.5633"}]}
RESULT: {"script":"<script> [8489 bytes]","args":[{"element-6066-11e4-a52e-4f735466cecf":"f.2A12D66D45573334A301B7B64EE7B035.d.51664A24D80FD8CB9FC59FD9A24BEA69.e.5633","ELEMENT":"f.2A12D66D45573334A301B7B64EE7B035.d.51664A24D80FD8CB9FC59FD9A24BEA69.e.5633"}]}
COMMAND: GET /session/a195702728a77ff37608f387f074352f/element/f.2A12D66D45573334A301B7B64EE7B035.d.51664A24D80FD8CB9FC59FD9A24BEA69.e.5633/enabled - {}
COMMAND: GET /session/a195702728a77ff37608f387f074352f/screenshot - {}
RESULT: {}
COMMAND: POST /session/a195702728a77ff37608f387f074352f/execute/sync - {"script":"<script> [8489 bytes]","args":[{"element-6066-11e4-a52e-4f735466cecf":"f.2A12D66D45573334A301B7B64EE7B035.d.51664A24D80FD8CB9FC59FD9A24BEA69.e.5633","ELEMENT":"f.2A12D66D45573334A301B7B64EE7B035.d.51664A24D80FD8CB9FC59FD9A24BEA69.e.5633"}]}
COMMAND: GET /session/a195702728a77ff37608f387f074352f/screenshot - {}
RESULT: {}
RESULT: {"script":"<script> [8489 bytes]","args":[{"element-6066-11e4-a52e-4f735466cecf":"f.2A12D66D45573334A301B7B64EE7B035.d.51664A24D80FD8CB9FC59FD9A24BEA69.e.5633","ELEMENT":"f.2A12D66D45573334A301B7B64EE7B035.d.51664A24D80FD8CB9FC59FD9A24BEA69.e.5633"}]}
COMMAND: POST /session/a195702728a77ff37608f387f074352f/execute/sync - {"script":"<script> [5351 bytes]","args":[{"element-6066-11e4-a52e-4f735466cecf":"f.2A12D66D45573334A301B7B64EE7B035.d.51664A24D80FD8CB9FC59FD9A24BEA69.e.5633","ELEMENT":"f.2A12D66D45573334A301B7B64EE7B035.d.51664A24D80FD8CB9FC59FD9A24BEA69.e.5633"}]}
COMMAND: GET /session/a195702728a77ff37608f387f074352f/screenshot - {}
RESULT: {}
RESULT: {"script":"<script> [5351 bytes]","args":[{"element-6066-11e4-a52e-4f735466cecf":"f.2A12D66D45573334A301B7B64EE7B035.d.51664A24D80FD8CB9FC59FD9A24BEA69.e.5633","ELEMENT":"f.2A12D66D45573334A301B7B64EE7B035.d.51664A24D80FD8CB9FC59FD9A24BEA69.e.5633"}]}
COMMAND: GET /session/a195702728a77ff37608f387f074352f/screenshot - {}
RESULT: {}
RESULT: {}
COMMAND: POST /session/a195702728a77ff37608f387f074352f/element/f.2A12D66D45573334A301B7B64EE7B035.d.51664A24D80FD8CB9FC59FD9A24BEA69.e.5633/click - {}
RESULT: {}
COMMAND: GET /session/a195702728a77ff37608f387f074352f/screenshot - {}
RESULT: {}
COMMAND: POST /session/a195702728a77ff37608f387f074352f/execute/async - {"script":"<script> [1562 bytes]","args":[{"selector":{"id":"createOrganizationPop--sectionInput","searchOpenDialogs":true,"interaction":{"idSuffix":"inner"}},"wdio_ui5_key":"createOrganizationPopsectionInput"}]}
RESULT: {"script":"<script> [1562 bytes]","args":[{"selector":{"id":"createOrganizationPop--sectionInput","searchOpenDialogs":true,"interaction":{"idSuffix":"inner"}},"wdio_ui5_key":"createOrganizationPopsectionInput"}]}
RESULT: undefined
COMMAND: POST /session/a195702728a77ff37608f387f074352f/execute/async - {"script":"<script> [776 bytes]","args":[{"enterText":"WDIO-677","selector":{"id":"createOrganizationPop--sectionInput","searchOpenDialogs":true,"interaction":{"idSuffix":"inner"}},"clearTextFirst":true,"interactionType":"ENTER_TEXT"}]}
RESULT: {"script":"<script> [776 bytes]","args":[{"enterText":"WDIO-677","selector":{"id":"createOrganizationPop--sectionInput","searchOpenDialogs":true,"interaction":{"idSuffix":"inner"}},"clearTextFirst":true,"interactionType":"ENTER_TEXT"}]}
COMMAND: POST /session/a195702728a77ff37608f387f074352f/execute/async - {"script":"<script> [1562 bytes]","args":[{"selector":{"id":"createOrganizationPop--descriptionInput","searchOpenDialogs":true,"interaction":{"idSuffix":"inner"}},"wdio_ui5_key":"createOrganizationPopdescriptionInput"}]}
RESULT: {"script":"<script> [1562 bytes]","args":[{"selector":{"id":"createOrganizationPop--descriptionInput","searchOpenDialogs":true,"interaction":{"idSuffix":"inner"}},"wdio_ui5_key":"createOrganizationPopdescriptionInput"}]}
RESULT: undefined
COMMAND: POST /session/a195702728a77ff37608f387f074352f/execute/async - {"script":"<script> [776 bytes]","args":[{"enterText":"Shipping-677","selector":{"id":"createOrganizationPop--descriptionInput","searchOpenDialogs":true,"interaction":{"idSuffix":"inner"}},"clearTextFirst":true,"interactionType":"ENTER_TEXT"}]}
RESULT: {"script":"<script> [776 bytes]","args":[{"enterText":"Shipping-677","selector":{"id":"createOrganizationPop--descriptionInput","searchOpenDialogs":true,"interaction":{"idSuffix":"inner"}},"clearTextFirst":true,"interactionType":"ENTER_TEXT"}]}
COMMAND: POST /session/a195702728a77ff37608f387f074352f/element - {"using":"css selector","value":"#createOrganizationPop--yardOrg-inner"}
RESULT: {"using":"css selector","value":"#createOrganizationPop--yardOrg-inner"}
COMMAND: POST /session/a195702728a77ff37608f387f074352f/element/f.2A12D66D45573334A301B7B64EE7B035.d.51664A24D80FD8CB9FC59FD9A24BEA69.e.5670/clear - {}
RESULT: {}
COMMAND: POST /session/a195702728a77ff37608f387f074352f/element/f.2A12D66D45573334A301B7B64EE7B035.d.51664A24D80FD8CB9FC59FD9A24BEA69.e.5670/value - {"text":"677"}
COMMAND: GET /session/a195702728a77ff37608f387f074352f/screenshot - {}
RESULT: {"text":"677"}
COMMAND: GET /session/a195702728a77ff37608f387f074352f/screenshot - {}
RESULT: {}
RESULT: {}
COMMAND: POST /session/a195702728a77ff37608f387f074352f/actions - {"actions":[{"id":"action18","type":"key","parameters":{},"actions":[{"type":"keyDown","value":""},{"type":"pause","duration":10},{"type":"keyUp","value":""}]}]}
RESULT: {"actions":[{"id":"action18","type":"key","parameters":{},"actions":[{"type":"keyDown","value":""},{"type":"pause","duration":10},{"type":"keyUp","value":""}]}]}
COMMAND: POST /session/a195702728a77ff37608f387f074352f/execute/async - {"script":"<script> [1562 bytes]","args":[{"selector":{"id":"createOrganizationPop--grZone","searchOpenDialogs":true,"interaction":{"idSuffix":"CbBg"}},"wdio_ui5_key":"createOrganizationPopgrZone"}]}
COMMAND: GET /session/a195702728a77ff37608f387f074352f/screenshot - {}
RESULT: {"script":"<script> [1562 bytes]","args":[{"selector":{"id":"createOrganizationPop--grZone","searchOpenDialogs":true,"interaction":{"idSuffix":"CbBg"}},"wdio_ui5_key":"createOrganizationPopgrZone"}]}
RESULT: undefined
COMMAND: POST /session/a195702728a77ff37608f387f074352f/element - {"using":"xpath","value":"//*[@id=\"createOrganizationPop--grZone\"]"}
RESULT: {}
RESULT: {"using":"xpath","value":"//*[@id=\"createOrganizationPop--grZone\"]"}
COMMAND: POST /session/a195702728a77ff37608f387f074352f/element/f.2A12D66D45573334A301B7B64EE7B035.d.51664A24D80FD8CB9FC59FD9A24BEA69.e.5691/click - {}
RESULT: {}
COMMAND: GET /session/a195702728a77ff37608f387f074352f/screenshot - {}
RESULT: {}
COMMAND: POST /session/a195702728a77ff37608f387f074352f/execute/async - {"script":"<script> [1562 bytes]","args":[{"selector":{"id":"createOrganizationPop--giZone","searchOpenDialogs":true,"interaction":{"idSuffix":"CbBg"}},"wdio_ui5_key":"createOrganizationPopgiZone"}]}
RESULT: {"script":"<script> [1562 bytes]","args":[{"selector":{"id":"createOrganizationPop--giZone","searchOpenDialogs":true,"interaction":{"idSuffix":"CbBg"}},"wdio_ui5_key":"createOrganizationPopgiZone"}]}
RESULT: undefined
COMMAND: POST /session/a195702728a77ff37608f387f074352f/element - {"using":"xpath","value":"//*[@id=\"createOrganizationPop--giZone\"]"}
RESULT: {"using":"xpath","value":"//*[@id=\"createOrganizationPop--giZone\"]"}
COMMAND: POST /session/a195702728a77ff37608f387f074352f/element/f.2A12D66D45573334A301B7B64EE7B035.d.51664A24D80FD8CB9FC59FD9A24BEA69.e.5693/click - {}
RESULT: {}
COMMAND: GET /session/a195702728a77ff37608f387f074352f/screenshot - {}
RESULT: {}
COMMAND: POST /session/a195702728a77ff37608f387f074352f/execute/async - {"script":"<script> [1562 bytes]","args":[{"selector":{"id":"createOrganizationPop--binNoInput","searchOpenDialogs":true,"interaction":{"idSuffix":"inner"}},"wdio_ui5_key":"createOrganizationPopbinNoInput"}]}
RESULT: {"script":"<script> [1562 bytes]","args":[{"selector":{"id":"createOrganizationPop--binNoInput","searchOpenDialogs":true,"interaction":{"idSuffix":"inner"}},"wdio_ui5_key":"createOrganizationPopbinNoInput"}]}
RESULT: undefined
COMMAND: POST /session/a195702728a77ff37608f387f074352f/execute/async - {"script":"<script> [776 bytes]","args":[{"enterText":"Bin-Wd","selector":{"id":"createOrganizationPop--binNoInput","searchOpenDialogs":true,"interaction":{"idSuffix":"inner"}},"clearTextFirst":true,"interactionType":"ENTER_TEXT"}]}
RESULT: {"script":"<script> [776 bytes]","args":[{"enterText":"Bin-Wd","selector":{"id":"createOrganizationPop--binNoInput","searchOpenDialogs":true,"interaction":{"idSuffix":"inner"}},"clearTextFirst":true,"interactionType":"ENTER_TEXT"}]}
COMMAND: POST /session/a195702728a77ff37608f387f074352f/execute/async - {"script":"<script> [1562 bytes]","args":[{"selector":{"id":"createOrganizationPop--descriptionId","searchOpenDialogs":true,"interaction":{"idSuffix":"inner"}},"wdio_ui5_key":"createOrganizationPopdescriptionId"}]}
RESULT: {"script":"<script> [1562 bytes]","args":[{"selector":{"id":"createOrganizationPop--descriptionId","searchOpenDialogs":true,"interaction":{"idSuffix":"inner"}},"wdio_ui5_key":"createOrganizationPopdescriptionId"}]}
RESULT: undefined
COMMAND: POST /session/a195702728a77ff37608f387f074352f/execute/async - {"script":"<script> [776 bytes]","args":[{"enterText":"Shipping-Wd","selector":{"id":"createOrganizationPop--descriptionId","searchOpenDialogs":true,"interaction":{"idSuffix":"inner"}},"clearTextFirst":true,"interactionType":"ENTER_TEXT"}]}
RESULT: {"script":"<script> [776 bytes]","args":[{"enterText":"Shipping-Wd","selector":{"id":"createOrganizationPop--descriptionId","searchOpenDialogs":true,"interaction":{"idSuffix":"inner"}},"clearTextFirst":true,"interactionType":"ENTER_TEXT"}]}
COMMAND: POST /session/a195702728a77ff37608f387f074352f/execute/async - {"script":"<script> [1562 bytes]","args":[{"selector":{"controlType":"sap.m.CheckBox","viewName":"etm.portal.ui.binstatusreport.view.MasterWareBins","viewId":"application-binstatusreport-display-component---warehousing","bindingPath":{"path":"","propertyPath":"/ZONE","modelName":"newBin"},"searchOpenDialogs":true,"interaction":{"idSuffix":"CbBg"}},"wdio_ui5_key":"etmportal.ui.binstatusreport.view.MasterWareBinssap.m.CheckBox{\"path\":\"\",\"propertyPath\":\"/ZONE\",\"modelName\":\"newBin\"}"}]}
RESULT: {"script":"<script> [1562 bytes]","args":[{"selector":{"controlType":"sap.m.CheckBox","viewName":"etm.portal.ui.binstatusreport.view.MasterWareBins","viewId":"application-binstatusreport-display-component---warehousing","bindingPath":{"path":"","propertyPath":"/ZONE","modelName":"newBin"},"searchOpenDialogs":true,"interaction":{"idSuffix":"CbBg"}},"wdio_ui5_key":"etmportal.ui.binstatusreport.view.MasterWareBinssap.m.CheckBox{\"path\":\"\",\"propertyPath\":\"/ZONE\",\"modelName\":\"newBin\"}"}]}
RESULT: undefined
COMMAND: POST /session/a195702728a77ff37608f387f074352f/element - {"using":"xpath","value":"//*[@id=\"__box16\"]"}
RESULT: {"using":"xpath","value":"//*[@id=\"__box16\"]"}
COMMAND: POST /session/a195702728a77ff37608f387f074352f/element/f.2A12D66D45573334A301B7B64EE7B035.d.51664A24D80FD8CB9FC59FD9A24BEA69.e.5697/click - {}
RESULT: {}
COMMAND: GET /session/a195702728a77ff37608f387f074352f/screenshot - {}
RESULT: {}
COMMAND: POST /session/a195702728a77ff37608f387f074352f/execute/async - {"script":"<script> [1562 bytes]","args":[{"selector":{"id":"createOrganizationPop--binTypesCB","searchOpenDialogs":true,"interaction":{"idSuffix":"inner"}},"wdio_ui5_key":"createOrganizationPopbinTypesCB"}]}
RESULT: {"script":"<script> [1562 bytes]","args":[{"selector":{"id":"createOrganizationPop--binTypesCB","searchOpenDialogs":true,"interaction":{"idSuffix":"inner"}},"wdio_ui5_key":"createOrganizationPopbinTypesCB"}]}
RESULT: undefined
COMMAND: POST /session/a195702728a77ff37608f387f074352f/execute/async - {"script":"<script> [776 bytes]","args":[{"enterText":"1 - General / No capacity check","selector":{"id":"createOrganizationPop--binTypesCB","searchOpenDialogs":true,"interaction":{"idSuffix":"inner"}},"clearTextFirst":true,"interactionType":"ENTER_TEXT"}]}
RESULT: {"script":"<script> [776 bytes]","args":[{"enterText":"1 - General / No capacity check","selector":{"id":"createOrganizationPop--binTypesCB","searchOpenDialogs":true,"interaction":{"idSuffix":"inner"}},"clearTextFirst":true,"interactionType":"ENTER_TEXT"}]}
COMMAND: POST /session/a195702728a77ff37608f387f074352f/actions - {"actions":[{"id":"action19","type":"key","parameters":{},"actions":[{"type":"keyDown","value":""},{"type":"pause","duration":10},{"type":"keyUp","value":""}]}]}
RESULT: {"actions":[{"id":"action19","type":"key","parameters":{},"actions":[{"type":"keyDown","value":""},{"type":"pause","duration":10},{"type":"keyUp","value":""}]}]}
COMMAND: GET /session/a195702728a77ff37608f387f074352f/screenshot - {}
RESULT: {}
COMMAND: POST /session/a195702728a77ff37608f387f074352f/execute/async - {"script":"<script> [1562 bytes]","args":[{"selector":{"id":"createOrganizationPop--finishBtn","searchOpenDialogs":true,"interaction":{"idSuffix":"BDI-content"}},"wdio_ui5_key":"createOrganizationPopfinishBtn"}]}
RESULT: {"script":"<script> [1562 bytes]","args":[{"selector":{"id":"createOrganizationPop--finishBtn","searchOpenDialogs":true,"interaction":{"idSuffix":"BDI-content"}},"wdio_ui5_key":"createOrganizationPopfinishBtn"}]}
RESULT: undefined
COMMAND: POST /session/a195702728a77ff37608f387f074352f/element - {"using":"xpath","value":"//*[@id=\"createOrganizationPop--finishBtn\"]"}
RESULT: {"using":"xpath","value":"//*[@id=\"createOrganizationPop--finishBtn\"]"}
COMMAND: POST /session/a195702728a77ff37608f387f074352f/element/f.2A12D66D45573334A301B7B64EE7B035.d.51664A24D80FD8CB9FC59FD9A24BEA69.e.5706/click - {}
RESULT: {}
COMMAND: GET /session/a195702728a77ff37608f387f074352f/screenshot - {}
RESULT: {}
COMMAND: POST /session/a195702728a77ff37608f387f074352f/element - {"using":"css selector","value":"#shell-header-logo"}
RESULT: {"using":"css selector","value":"#shell-header-logo"}
COMMAND: POST /session/a195702728a77ff37608f387f074352f/element/f.2A12D66D45573334A301B7B64EE7B035.d.51664A24D80FD8CB9FC59FD9A24BEA69.e.5580/click - {}
RESULT: {}
COMMAND: GET /session/a195702728a77ff37608f387f074352f/screenshot - {}
RESULT: {}
]]></system-out>
    </testcase>
    <testcase classname="chrome.136_0_7103_93.windows.Create_masterdata_for_Yard_Overview_-_trigger_provide_US130988" name="Should do a stock increase handover" time="62.676">
      <failure/>
      <error message="receiptDate.setValue is not a function"/>
      <system-out><![CDATA[
COMMAND: POST /session/a195702728a77ff37608f387f074352f/execute/async - {"script":"<script> [1562 bytes]","args":[{"selector":{"controlType":"sap.m.GenericTile","properties":{"header":"Manage Handovers"}},"wdio_ui5_key":"sapm.GenericTile{\"header\":\"Manage Handovers\"}"}]}
RESULT: {"script":"<script> [1562 bytes]","args":[{"selector":{"controlType":"sap.m.GenericTile","properties":{"header":"Manage Handovers"}},"wdio_ui5_key":"sapm.GenericTile{\"header\":\"Manage Handovers\"}"}]}
RESULT: undefined
COMMAND: POST /session/a195702728a77ff37608f387f074352f/element - {"using":"xpath","value":"//*[@id=\"__tile133\"]"}
RESULT: {"using":"xpath","value":"//*[@id=\"__tile133\"]"}
COMMAND: POST /session/a195702728a77ff37608f387f074352f/element/f.2A12D66D45573334A301B7B64EE7B035.d.51664A24D80FD8CB9FC59FD9A24BEA69.e.4980/click - {}
RESULT: {}
COMMAND: GET /session/a195702728a77ff37608f387f074352f/screenshot - {}
RESULT: {}
COMMAND: POST /session/a195702728a77ff37608f387f074352f/elements - {"using":"xpath","value":"//span[text()='Error']"}
RESULT: {"using":"xpath","value":"//span[text()='Error']"}
COMMAND: POST /session/a195702728a77ff37608f387f074352f/element - {"using":"xpath","value":"//button[@data-kt=\"masterHOAddButton\"]"}
RESULT: {"using":"xpath","value":"//button[@data-kt=\"masterHOAddButton\"]"}
COMMAND: POST /session/a195702728a77ff37608f387f074352f/elements - {"using":"xpath","value":"//button[@data-kt=\"masterHOAddButton\"]"}
RESULT: {"using":"xpath","value":"//button[@data-kt=\"masterHOAddButton\"]"}
COMMAND: POST /session/a195702728a77ff37608f387f074352f/execute/sync - {"script":"<script> [8489 bytes]","args":[{"element-6066-11e4-a52e-4f735466cecf":"f.2A12D66D45573334A301B7B64EE7B035.d.51664A24D80FD8CB9FC59FD9A24BEA69.e.5749","ELEMENT":"f.2A12D66D45573334A301B7B64EE7B035.d.51664A24D80FD8CB9FC59FD9A24BEA69.e.5749"}]}
RESULT: {"script":"<script> [8489 bytes]","args":[{"element-6066-11e4-a52e-4f735466cecf":"f.2A12D66D45573334A301B7B64EE7B035.d.51664A24D80FD8CB9FC59FD9A24BEA69.e.5749","ELEMENT":"f.2A12D66D45573334A301B7B64EE7B035.d.51664A24D80FD8CB9FC59FD9A24BEA69.e.5749"}]}
COMMAND: GET /session/a195702728a77ff37608f387f074352f/element/f.2A12D66D45573334A301B7B64EE7B035.d.51664A24D80FD8CB9FC59FD9A24BEA69.e.5749/enabled - {}
COMMAND: GET /session/a195702728a77ff37608f387f074352f/screenshot - {}
RESULT: {}
COMMAND: POST /session/a195702728a77ff37608f387f074352f/execute/sync - {"script":"<script> [8489 bytes]","args":[{"element-6066-11e4-a52e-4f735466cecf":"f.2A12D66D45573334A301B7B64EE7B035.d.51664A24D80FD8CB9FC59FD9A24BEA69.e.5749","ELEMENT":"f.2A12D66D45573334A301B7B64EE7B035.d.51664A24D80FD8CB9FC59FD9A24BEA69.e.5749"}]}
COMMAND: GET /session/a195702728a77ff37608f387f074352f/screenshot - {}
RESULT: {}
RESULT: {"script":"<script> [8489 bytes]","args":[{"element-6066-11e4-a52e-4f735466cecf":"f.2A12D66D45573334A301B7B64EE7B035.d.51664A24D80FD8CB9FC59FD9A24BEA69.e.5749","ELEMENT":"f.2A12D66D45573334A301B7B64EE7B035.d.51664A24D80FD8CB9FC59FD9A24BEA69.e.5749"}]}
COMMAND: POST /session/a195702728a77ff37608f387f074352f/execute/sync - {"script":"<script> [5351 bytes]","args":[{"element-6066-11e4-a52e-4f735466cecf":"f.2A12D66D45573334A301B7B64EE7B035.d.51664A24D80FD8CB9FC59FD9A24BEA69.e.5749","ELEMENT":"f.2A12D66D45573334A301B7B64EE7B035.d.51664A24D80FD8CB9FC59FD9A24BEA69.e.5749"}]}
COMMAND: GET /session/a195702728a77ff37608f387f074352f/screenshot - {}
RESULT: {}
RESULT: {"script":"<script> [5351 bytes]","args":[{"element-6066-11e4-a52e-4f735466cecf":"f.2A12D66D45573334A301B7B64EE7B035.d.51664A24D80FD8CB9FC59FD9A24BEA69.e.5749","ELEMENT":"f.2A12D66D45573334A301B7B64EE7B035.d.51664A24D80FD8CB9FC59FD9A24BEA69.e.5749"}]}
COMMAND: POST /session/a195702728a77ff37608f387f074352f/element/f.2A12D66D45573334A301B7B64EE7B035.d.51664A24D80FD8CB9FC59FD9A24BEA69.e.5749/click - {}
COMMAND: GET /session/a195702728a77ff37608f387f074352f/screenshot - {}
RESULT: {}
RESULT: {}
COMMAND: GET /session/a195702728a77ff37608f387f074352f/screenshot - {}
COMMAND: POST /session/a195702728a77ff37608f387f074352f/element - {"using":"xpath","value":"//span[contains(@id ,\"AddNewHO--typeSelect-arrow\")]"}
RESULT: {}
RESULT: {}
RESULT: {"using":"xpath","value":"//span[contains(@id ,\"AddNewHO--typeSelect-arrow\")]"}
COMMAND: POST /session/a195702728a77ff37608f387f074352f/element/f.2A12D66D45573334A301B7B64EE7B035.d.51664A24D80FD8CB9FC59FD9A24BEA69.e.6087/click - {}
RESULT: {}
COMMAND: GET /session/a195702728a77ff37608f387f074352f/screenshot - {}
RESULT: {}
COMMAND: POST /session/a195702728a77ff37608f387f074352f/element - {"using":"xpath","value":"(//li[contains(text(), \"stock increase yard\")])[1]"}
RESULT: {"using":"xpath","value":"(//li[contains(text(), \"stock increase yard\")])[1]"}
COMMAND: POST /session/a195702728a77ff37608f387f074352f/element/f.2A12D66D45573334A301B7B64EE7B035.d.51664A24D80FD8CB9FC59FD9A24BEA69.e.6088/click - {}
RESULT: {}
COMMAND: GET /session/a195702728a77ff37608f387f074352f/screenshot - {}
RESULT: {}
COMMAND: POST /session/a195702728a77ff37608f387f074352f/execute/async - {"script":"<script> [1562 bytes]","args":[{"selector":{"id":"application-managehandovers-display-component---AddNewHO--dueDate","interaction":{"idSuffix":"inner"}},"wdio_ui5_key":"applicationmanagehandovers-display-component---AddNewHO--dueDate"}]}
RESULT: {"script":"<script> [1562 bytes]","args":[{"selector":{"id":"application-managehandovers-display-component---AddNewHO--dueDate","interaction":{"idSuffix":"inner"}},"wdio_ui5_key":"applicationmanagehandovers-display-component---AddNewHO--dueDate"}]}
RESULT: undefined
COMMAND: POST /session/a195702728a77ff37608f387f074352f/execute/async - {"script":"<script> [6424 bytes]","args":[{"element-6066-11e4-a52e-4f735466cecf":"f.2A12D66D45573334A301B7B64EE7B035.d.51664A24D80FD8CB9FC59FD9A24BEA69.e.6090"},"setValue",["5/22/25"]]}
RESULT: {"script":"<script> [6424 bytes]","args":[{"element-6066-11e4-a52e-4f735466cecf":"f.2A12D66D45573334A301B7B64EE7B035.d.51664A24D80FD8CB9FC59FD9A24BEA69.e.6090"},"setValue",["5/22/25"]]}
COMMAND: POST /session/a195702728a77ff37608f387f074352f/element - {"using":"xpath","value":"//input[@id=\"generalSectionFrg--receiveYard-inner\"]"}
RESULT: {"using":"xpath","value":"//input[@id=\"generalSectionFrg--receiveYard-inner\"]"}
COMMAND: POST /session/a195702728a77ff37608f387f074352f/element/f.2A12D66D45573334A301B7B64EE7B035.d.51664A24D80FD8CB9FC59FD9A24BEA69.e.6094/clear - {}
RESULT: {}
COMMAND: POST /session/a195702728a77ff37608f387f074352f/element/f.2A12D66D45573334A301B7B64EE7B035.d.51664A24D80FD8CB9FC59FD9A24BEA69.e.6094/value - {"text":"677"}
COMMAND: GET /session/a195702728a77ff37608f387f074352f/screenshot - {}
RESULT: {"text":"677"}
COMMAND: GET /session/a195702728a77ff37608f387f074352f/screenshot - {}
RESULT: {}
RESULT: {}
COMMAND: POST /session/a195702728a77ff37608f387f074352f/element - {"using":"xpath","value":"//li[.//span[text()='677']]"}
RESULT: {"using":"xpath","value":"//li[.//span[text()='677']]"}
COMMAND: POST /session/a195702728a77ff37608f387f074352f/element/f.2A12D66D45573334A301B7B64EE7B035.d.51664A24D80FD8CB9FC59FD9A24BEA69.e.6112/click - {}
RESULT: {}
COMMAND: GET /session/a195702728a77ff37608f387f074352f/screenshot - {}
RESULT: {}
COMMAND: POST /session/a195702728a77ff37608f387f074352f/execute/async - {"script":"<script> [1562 bytes]","args":[{"selector":{"id":"application-managehandovers-display-component---AddNewHO--ObjectPageLayout-anchBar-application-managehandovers-display-component---AddNewHO--section4-anchor","interaction":{"idSuffix":"BDI-content"}},"wdio_ui5_key":"applicationmanagehandovers-display-component---AddNewHO--ObjectPageLayout-anchBar-application-managehandovers-display-component---AddNewHO--section4-anchor"}]}
RESULT: {"script":"<script> [1562 bytes]","args":[{"selector":{"id":"application-managehandovers-display-component---AddNewHO--ObjectPageLayout-anchBar-application-managehandovers-display-component---AddNewHO--section4-anchor","interaction":{"idSuffix":"BDI-content"}},"wdio_ui5_key":"applicationmanagehandovers-display-component---AddNewHO--ObjectPageLayout-anchBar-application-managehandovers-display-component---AddNewHO--section4-anchor"}]}
RESULT: undefined
COMMAND: POST /session/a195702728a77ff37608f387f074352f/element - {"using":"xpath","value":"//*[@id=\"application-managehandovers-display-component---AddNewHO--ObjectPageLayout-anchBar-application-managehandovers-display-component---AddNewHO--section4-anchor\"]"}
RESULT: {"using":"xpath","value":"//*[@id=\"application-managehandovers-display-component---AddNewHO--ObjectPageLayout-anchBar-application-managehandovers-display-component---AddNewHO--section4-anchor\"]"}
COMMAND: POST /session/a195702728a77ff37608f387f074352f/element/f.2A12D66D45573334A301B7B64EE7B035.d.51664A24D80FD8CB9FC59FD9A24BEA69.e.6114/click - {}
RESULT: {}
COMMAND: POST /session/a195702728a77ff37608f387f074352f/element - {"using":"xpath","value":"//button[@aria-label=\"Add\"]"}
COMMAND: GET /session/a195702728a77ff37608f387f074352f/screenshot - {}
RESULT: {"using":"xpath","value":"//button[@aria-label=\"Add\"]"}
COMMAND: POST /session/a195702728a77ff37608f387f074352f/element/f.2A12D66D45573334A301B7B64EE7B035.d.51664A24D80FD8CB9FC59FD9A24BEA69.e.6116/click - {}
RESULT: {}
RESULT: {}
COMMAND: GET /session/a195702728a77ff37608f387f074352f/screenshot - {}
RESULT: {}
COMMAND: POST /session/a195702728a77ff37608f387f074352f/execute/async - {"script":"<script> [1562 bytes]","args":[{"selector":{"id":"application-managehandovers-display-component---AddNewHO--smartFilterBar-btnBasicSearch","searchOpenDialogs":true,"interaction":{"idSuffix":"I"}},"wdio_ui5_key":"applicationmanagehandovers-display-component---AddNewHO--smartFilterBar-btnBasicSearch"}]}
RESULT: {"script":"<script> [1562 bytes]","args":[{"selector":{"id":"application-managehandovers-display-component---AddNewHO--smartFilterBar-btnBasicSearch","searchOpenDialogs":true,"interaction":{"idSuffix":"I"}},"wdio_ui5_key":"applicationmanagehandovers-display-component---AddNewHO--smartFilterBar-btnBasicSearch"}]}
RESULT: undefined
COMMAND: POST /session/a195702728a77ff37608f387f074352f/execute/async - {"script":"<script> [776 bytes]","args":[{"enterText":"200403","selector":{"id":"application-managehandovers-display-component---AddNewHO--smartFilterBar-btnBasicSearch","searchOpenDialogs":true,"interaction":{"idSuffix":"I"}},"clearTextFirst":true,"interactionType":"ENTER_TEXT"}]}
RESULT: {"script":"<script> [776 bytes]","args":[{"enterText":"200403","selector":{"id":"application-managehandovers-display-component---AddNewHO--smartFilterBar-btnBasicSearch","searchOpenDialogs":true,"interaction":{"idSuffix":"I"}},"clearTextFirst":true,"interactionType":"ENTER_TEXT"}]}
COMMAND: POST /session/a195702728a77ff37608f387f074352f/actions - {"actions":[{"id":"action20","type":"key","parameters":{},"actions":[{"type":"keyDown","value":""},{"type":"pause","duration":10},{"type":"keyUp","value":""}]}]}
RESULT: {"actions":[{"id":"action20","type":"key","parameters":{},"actions":[{"type":"keyDown","value":""},{"type":"pause","duration":10},{"type":"keyUp","value":""}]}]}
COMMAND: GET /session/a195702728a77ff37608f387f074352f/screenshot - {}
RESULT: {}
COMMAND: POST /session/a195702728a77ff37608f387f074352f/execute/async - {"script":"<script> [1562 bytes]","args":[{"selector":{"id":"application-managehandovers-display-component---AddNewHO--popup-sa","searchOpenDialogs":true,"interaction":{"idSuffix":"CbBg"}},"wdio_ui5_key":"applicationmanagehandovers-display-component---AddNewHO--popup-sa"}]}
RESULT: {"script":"<script> [1562 bytes]","args":[{"selector":{"id":"application-managehandovers-display-component---AddNewHO--popup-sa","searchOpenDialogs":true,"interaction":{"idSuffix":"CbBg"}},"wdio_ui5_key":"applicationmanagehandovers-display-component---AddNewHO--popup-sa"}]}
RESULT: undefined
COMMAND: POST /session/a195702728a77ff37608f387f074352f/element - {"using":"xpath","value":"//*[@id=\"application-managehandovers-display-component---AddNewHO--popup-sa\"]"}
RESULT: {"using":"xpath","value":"//*[@id=\"application-managehandovers-display-component---AddNewHO--popup-sa\"]"}
COMMAND: POST /session/a195702728a77ff37608f387f074352f/element/f.2A12D66D45573334A301B7B64EE7B035.d.51664A24D80FD8CB9FC59FD9A24BEA69.e.6269/click - {}
RESULT: {}
COMMAND: GET /session/a195702728a77ff37608f387f074352f/screenshot - {}
RESULT: {}
COMMAND: POST /session/a195702728a77ff37608f387f074352f/element - {"using":"xpath","value":"//bdi[contains(text(), \"Select\")]"}
RESULT: {"using":"xpath","value":"//bdi[contains(text(), \"Select\")]"}
COMMAND: POST /session/a195702728a77ff37608f387f074352f/element/f.2A12D66D45573334A301B7B64EE7B035.d.51664A24D80FD8CB9FC59FD9A24BEA69.e.6270/click - {}
RESULT: {}
COMMAND: GET /session/a195702728a77ff37608f387f074352f/screenshot - {}
RESULT: {}
COMMAND: POST /session/a195702728a77ff37608f387f074352f/element - {"using":"xpath","value":"//button[@data-kt=\"AddNewHOSaveButton\"]"}
RESULT: {"using":"xpath","value":"//button[@data-kt=\"AddNewHOSaveButton\"]"}
COMMAND: POST /session/a195702728a77ff37608f387f074352f/element/f.2A12D66D45573334A301B7B64EE7B035.d.51664A24D80FD8CB9FC59FD9A24BEA69.e.6274/click - {}
RESULT: {}
COMMAND: GET /session/a195702728a77ff37608f387f074352f/screenshot - {}
RESULT: {}
COMMAND: POST /session/a195702728a77ff37608f387f074352f/execute/async - {"script":"<script> [1562 bytes]","args":[{"selector":{"id":"receiptDatePicker","viewName":"etm.portal.ui.managehandovers.view.DetailExecuteHO","interaction":{"idSuffix":"inner"}},"wdio_ui5_key":"receiptDatePickeretmportal.ui.managehandovers.view.DetailExecuteHO"}]}
RESULT: {"script":"<script> [1562 bytes]","args":[{"selector":{"id":"receiptDatePicker","viewName":"etm.portal.ui.managehandovers.view.DetailExecuteHO","interaction":{"idSuffix":"inner"}},"wdio_ui5_key":"receiptDatePickeretmportal.ui.managehandovers.view.DetailExecuteHO"}]}
RESULT: undefined
COMMAND: GET /session/a195702728a77ff37608f387f074352f/screenshot - {}
RESULT: {}
]]></system-out>
      <system-err><![CDATA[
TypeError: receiptDate.setValue is not a function
    at UtilsPrerequisites.stockIncrease (D:\a\1\s\test\specs\BTS\prerequisites-and-utils-functions.js:1664:27)
    at async Context.<anonymous> (D:\a\1\s\test\specs\HTR\yard-movement-putaways.spec.js:60:9)
]]></system-err>
    </testcase>
    <testcase classname="chrome.136_0_7103_93.windows.Create_masterdata_for_Yard_Overview_-_trigger_provide_US130988" name="Should Putaway WHM" time="62.494">
      <failure/>
      <error message="element (&quot;//button[@data-kt=&quot;MasterMovementAddOverflowToolbarButton&quot;]&quot;) still not existing after 45000ms"/>
      <system-out><![CDATA[
COMMAND: POST /session/a195702728a77ff37608f387f074352f/execute/async - {"script":"<script> [1562 bytes]","args":[{"selector":{"controlType":"sap.m.GenericTile","properties":{"header":"Manage Warehouse Movements"}},"wdio_ui5_key":"sapm.GenericTile{\"header\":\"Manage Warehouse Movements\"}"}]}
COMMAND: GET /session/a195702728a77ff37608f387f074352f/screenshot - {}
RESULT: {"script":"<script> [1562 bytes]","args":[{"selector":{"controlType":"sap.m.GenericTile","properties":{"header":"Manage Warehouse Movements"}},"wdio_ui5_key":"sapm.GenericTile{\"header\":\"Manage Warehouse Movements\"}"}]}
RESULT: undefined
RESULT: {}
COMMAND: POST /session/a195702728a77ff37608f387f074352f/elements - {"using":"xpath","value":"//span[text()='Error']"}
RESULT: {"using":"xpath","value":"//span[text()='Error']"}
COMMAND: POST /session/a195702728a77ff37608f387f074352f/elements - {"using":"xpath","value":"//*[text()='Close']"}
RESULT: {"using":"xpath","value":"//*[text()='Close']"}
COMMAND: GET /session/a195702728a77ff37608f387f074352f/element/f.2A12D66D45573334A301B7B64EE7B035.d.51664A24D80FD8CB9FC59FD9A24BEA69.e.6278/enabled - {}
RESULT: {}
COMMAND: POST /session/a195702728a77ff37608f387f074352f/execute/sync - {"script":"<script> [8489 bytes]","args":[{"element-6066-11e4-a52e-4f735466cecf":"f.2A12D66D45573334A301B7B64EE7B035.d.51664A24D80FD8CB9FC59FD9A24BEA69.e.6278","ELEMENT":"f.2A12D66D45573334A301B7B64EE7B035.d.51664A24D80FD8CB9FC59FD9A24BEA69.e.6278"}]}
COMMAND: GET /session/a195702728a77ff37608f387f074352f/screenshot - {}
RESULT: {"script":"<script> [8489 bytes]","args":[{"element-6066-11e4-a52e-4f735466cecf":"f.2A12D66D45573334A301B7B64EE7B035.d.51664A24D80FD8CB9FC59FD9A24BEA69.e.6278","ELEMENT":"f.2A12D66D45573334A301B7B64EE7B035.d.51664A24D80FD8CB9FC59FD9A24BEA69.e.6278"}]}
COMMAND: POST /session/a195702728a77ff37608f387f074352f/execute/sync - {"script":"<script> [5351 bytes]","args":[{"element-6066-11e4-a52e-4f735466cecf":"f.2A12D66D45573334A301B7B64EE7B035.d.51664A24D80FD8CB9FC59FD9A24BEA69.e.6278","ELEMENT":"f.2A12D66D45573334A301B7B64EE7B035.d.51664A24D80FD8CB9FC59FD9A24BEA69.e.6278"}]}
COMMAND: GET /session/a195702728a77ff37608f387f074352f/screenshot - {}
RESULT: {}
RESULT: {"script":"<script> [5351 bytes]","args":[{"element-6066-11e4-a52e-4f735466cecf":"f.2A12D66D45573334A301B7B64EE7B035.d.51664A24D80FD8CB9FC59FD9A24BEA69.e.6278","ELEMENT":"f.2A12D66D45573334A301B7B64EE7B035.d.51664A24D80FD8CB9FC59FD9A24BEA69.e.6278"}]}
COMMAND: POST /session/a195702728a77ff37608f387f074352f/element/f.2A12D66D45573334A301B7B64EE7B035.d.51664A24D80FD8CB9FC59FD9A24BEA69.e.6278/click - {}
COMMAND: GET /session/a195702728a77ff37608f387f074352f/screenshot - {}
RESULT: {}
RESULT: {}
COMMAND: POST /session/a195702728a77ff37608f387f074352f/elements - {"using":"xpath","value":"//*[text()='OK']"}
COMMAND: GET /session/a195702728a77ff37608f387f074352f/screenshot - {}
RESULT: {}
RESULT: {"using":"xpath","value":"//*[text()='OK']"}
RESULT: {}
COMMAND: POST /session/a195702728a77ff37608f387f074352f/element - {"using":"xpath","value":"//button[@data-kt=\"MasterMovementAddOverflowToolbarButton\"]"}
RESULT: {"using":"xpath","value":"//button[@data-kt=\"MasterMovementAddOverflowToolbarButton\"]"}
COMMAND: POST /session/a195702728a77ff37608f387f074352f/elements - {"using":"xpath","value":"//button[@data-kt=\"MasterMovementAddOverflowToolbarButton\"]"}
RESULT: {"using":"xpath","value":"//button[@data-kt=\"MasterMovementAddOverflowToolbarButton\"]"}
COMMAND: POST /session/a195702728a77ff37608f387f074352f/elements - {"using":"xpath","value":"//button[@data-kt=\"MasterMovementAddOverflowToolbarButton\"]"}
RESULT: {"using":"xpath","value":"//button[@data-kt=\"MasterMovementAddOverflowToolbarButton\"]"}
COMMAND: POST /session/a195702728a77ff37608f387f074352f/elements - {"using":"xpath","value":"//button[@data-kt=\"MasterMovementAddOverflowToolbarButton\"]"}
RESULT: {"using":"xpath","value":"//button[@data-kt=\"MasterMovementAddOverflowToolbarButton\"]"}
COMMAND: POST /session/a195702728a77ff37608f387f074352f/elements - {"using":"xpath","value":"//button[@data-kt=\"MasterMovementAddOverflowToolbarButton\"]"}
RESULT: {"using":"xpath","value":"//button[@data-kt=\"MasterMovementAddOverflowToolbarButton\"]"}
COMMAND: POST /session/a195702728a77ff37608f387f074352f/elements - {"using":"xpath","value":"//button[@data-kt=\"MasterMovementAddOverflowToolbarButton\"]"}
RESULT: {"using":"xpath","value":"//button[@data-kt=\"MasterMovementAddOverflowToolbarButton\"]"}
COMMAND: POST /session/a195702728a77ff37608f387f074352f/elements - {"using":"xpath","value":"//button[@data-kt=\"MasterMovementAddOverflowToolbarButton\"]"}
RESULT: {"using":"xpath","value":"//button[@data-kt=\"MasterMovementAddOverflowToolbarButton\"]"}
COMMAND: POST /session/a195702728a77ff37608f387f074352f/elements - {"using":"xpath","value":"//button[@data-kt=\"MasterMovementAddOverflowToolbarButton\"]"}
RESULT: {"using":"xpath","value":"//button[@data-kt=\"MasterMovementAddOverflowToolbarButton\"]"}
COMMAND: POST /session/a195702728a77ff37608f387f074352f/elements - {"using":"xpath","value":"//button[@data-kt=\"MasterMovementAddOverflowToolbarButton\"]"}
RESULT: {"using":"xpath","value":"//button[@data-kt=\"MasterMovementAddOverflowToolbarButton\"]"}
COMMAND: POST /session/a195702728a77ff37608f387f074352f/elements - {"using":"xpath","value":"//button[@data-kt=\"MasterMovementAddOverflowToolbarButton\"]"}
RESULT: {"using":"xpath","value":"//button[@data-kt=\"MasterMovementAddOverflowToolbarButton\"]"}
COMMAND: POST /session/a195702728a77ff37608f387f074352f/elements - {"using":"xpath","value":"//button[@data-kt=\"MasterMovementAddOverflowToolbarButton\"]"}
RESULT: {"using":"xpath","value":"//button[@data-kt=\"MasterMovementAddOverflowToolbarButton\"]"}
COMMAND: POST /session/a195702728a77ff37608f387f074352f/elements - {"using":"xpath","value":"//button[@data-kt=\"MasterMovementAddOverflowToolbarButton\"]"}
RESULT: {"using":"xpath","value":"//button[@data-kt=\"MasterMovementAddOverflowToolbarButton\"]"}
COMMAND: POST /session/a195702728a77ff37608f387f074352f/elements - {"using":"xpath","value":"//button[@data-kt=\"MasterMovementAddOverflowToolbarButton\"]"}
RESULT: {"using":"xpath","value":"//button[@data-kt=\"MasterMovementAddOverflowToolbarButton\"]"}
COMMAND: POST /session/a195702728a77ff37608f387f074352f/elements - {"using":"xpath","value":"//button[@data-kt=\"MasterMovementAddOverflowToolbarButton\"]"}
RESULT: {"using":"xpath","value":"//button[@data-kt=\"MasterMovementAddOverflowToolbarButton\"]"}
COMMAND: POST /session/a195702728a77ff37608f387f074352f/elements - {"using":"xpath","value":"//button[@data-kt=\"MasterMovementAddOverflowToolbarButton\"]"}
RESULT: {"using":"xpath","value":"//button[@data-kt=\"MasterMovementAddOverflowToolbarButton\"]"}
COMMAND: POST /session/a195702728a77ff37608f387f074352f/elements - {"using":"xpath","value":"//button[@data-kt=\"MasterMovementAddOverflowToolbarButton\"]"}
RESULT: {"using":"xpath","value":"//button[@data-kt=\"MasterMovementAddOverflowToolbarButton\"]"}
COMMAND: POST /session/a195702728a77ff37608f387f074352f/elements - {"using":"xpath","value":"//button[@data-kt=\"MasterMovementAddOverflowToolbarButton\"]"}
RESULT: {"using":"xpath","value":"//button[@data-kt=\"MasterMovementAddOverflowToolbarButton\"]"}
COMMAND: POST /session/a195702728a77ff37608f387f074352f/elements - {"using":"xpath","value":"//button[@data-kt=\"MasterMovementAddOverflowToolbarButton\"]"}
RESULT: {"using":"xpath","value":"//button[@data-kt=\"MasterMovementAddOverflowToolbarButton\"]"}
COMMAND: POST /session/a195702728a77ff37608f387f074352f/elements - {"using":"xpath","value":"//button[@data-kt=\"MasterMovementAddOverflowToolbarButton\"]"}
RESULT: {"using":"xpath","value":"//button[@data-kt=\"MasterMovementAddOverflowToolbarButton\"]"}
COMMAND: POST /session/a195702728a77ff37608f387f074352f/elements - {"using":"xpath","value":"//button[@data-kt=\"MasterMovementAddOverflowToolbarButton\"]"}
RESULT: {"using":"xpath","value":"//button[@data-kt=\"MasterMovementAddOverflowToolbarButton\"]"}
COMMAND: POST /session/a195702728a77ff37608f387f074352f/elements - {"using":"xpath","value":"//button[@data-kt=\"MasterMovementAddOverflowToolbarButton\"]"}
RESULT: {"using":"xpath","value":"//button[@data-kt=\"MasterMovementAddOverflowToolbarButton\"]"}
COMMAND: POST /session/a195702728a77ff37608f387f074352f/elements - {"using":"xpath","value":"//button[@data-kt=\"MasterMovementAddOverflowToolbarButton\"]"}
RESULT: {"using":"xpath","value":"//button[@data-kt=\"MasterMovementAddOverflowToolbarButton\"]"}
COMMAND: POST /session/a195702728a77ff37608f387f074352f/elements - {"using":"xpath","value":"//button[@data-kt=\"MasterMovementAddOverflowToolbarButton\"]"}
RESULT: {"using":"xpath","value":"//button[@data-kt=\"MasterMovementAddOverflowToolbarButton\"]"}
COMMAND: POST /session/a195702728a77ff37608f387f074352f/elements - {"using":"xpath","value":"//button[@data-kt=\"MasterMovementAddOverflowToolbarButton\"]"}
RESULT: {"using":"xpath","value":"//button[@data-kt=\"MasterMovementAddOverflowToolbarButton\"]"}
COMMAND: POST /session/a195702728a77ff37608f387f074352f/elements - {"using":"xpath","value":"//button[@data-kt=\"MasterMovementAddOverflowToolbarButton\"]"}
RESULT: {"using":"xpath","value":"//button[@data-kt=\"MasterMovementAddOverflowToolbarButton\"]"}
COMMAND: POST /session/a195702728a77ff37608f387f074352f/elements - {"using":"xpath","value":"//button[@data-kt=\"MasterMovementAddOverflowToolbarButton\"]"}
RESULT: {"using":"xpath","value":"//button[@data-kt=\"MasterMovementAddOverflowToolbarButton\"]"}
COMMAND: POST /session/a195702728a77ff37608f387f074352f/elements - {"using":"xpath","value":"//button[@data-kt=\"MasterMovementAddOverflowToolbarButton\"]"}
RESULT: {"using":"xpath","value":"//button[@data-kt=\"MasterMovementAddOverflowToolbarButton\"]"}
COMMAND: POST /session/a195702728a77ff37608f387f074352f/elements - {"using":"xpath","value":"//button[@data-kt=\"MasterMovementAddOverflowToolbarButton\"]"}
RESULT: {"using":"xpath","value":"//button[@data-kt=\"MasterMovementAddOverflowToolbarButton\"]"}
COMMAND: POST /session/a195702728a77ff37608f387f074352f/elements - {"using":"xpath","value":"//button[@data-kt=\"MasterMovementAddOverflowToolbarButton\"]"}
RESULT: {"using":"xpath","value":"//button[@data-kt=\"MasterMovementAddOverflowToolbarButton\"]"}
COMMAND: POST /session/a195702728a77ff37608f387f074352f/elements - {"using":"xpath","value":"//button[@data-kt=\"MasterMovementAddOverflowToolbarButton\"]"}
RESULT: {"using":"xpath","value":"//button[@data-kt=\"MasterMovementAddOverflowToolbarButton\"]"}
COMMAND: POST /session/a195702728a77ff37608f387f074352f/elements - {"using":"xpath","value":"//button[@data-kt=\"MasterMovementAddOverflowToolbarButton\"]"}
RESULT: {"using":"xpath","value":"//button[@data-kt=\"MasterMovementAddOverflowToolbarButton\"]"}
COMMAND: POST /session/a195702728a77ff37608f387f074352f/elements - {"using":"xpath","value":"//button[@data-kt=\"MasterMovementAddOverflowToolbarButton\"]"}
RESULT: {"using":"xpath","value":"//button[@data-kt=\"MasterMovementAddOverflowToolbarButton\"]"}
COMMAND: POST /session/a195702728a77ff37608f387f074352f/elements - {"using":"xpath","value":"//button[@data-kt=\"MasterMovementAddOverflowToolbarButton\"]"}
RESULT: {"using":"xpath","value":"//button[@data-kt=\"MasterMovementAddOverflowToolbarButton\"]"}
COMMAND: POST /session/a195702728a77ff37608f387f074352f/elements - {"using":"xpath","value":"//button[@data-kt=\"MasterMovementAddOverflowToolbarButton\"]"}
RESULT: {"using":"xpath","value":"//button[@data-kt=\"MasterMovementAddOverflowToolbarButton\"]"}
COMMAND: POST /session/a195702728a77ff37608f387f074352f/elements - {"using":"xpath","value":"//button[@data-kt=\"MasterMovementAddOverflowToolbarButton\"]"}
RESULT: {"using":"xpath","value":"//button[@data-kt=\"MasterMovementAddOverflowToolbarButton\"]"}
COMMAND: POST /session/a195702728a77ff37608f387f074352f/elements - {"using":"xpath","value":"//button[@data-kt=\"MasterMovementAddOverflowToolbarButton\"]"}
RESULT: {"using":"xpath","value":"//button[@data-kt=\"MasterMovementAddOverflowToolbarButton\"]"}
COMMAND: POST /session/a195702728a77ff37608f387f074352f/elements - {"using":"xpath","value":"//button[@data-kt=\"MasterMovementAddOverflowToolbarButton\"]"}
RESULT: {"using":"xpath","value":"//button[@data-kt=\"MasterMovementAddOverflowToolbarButton\"]"}
COMMAND: POST /session/a195702728a77ff37608f387f074352f/elements - {"using":"xpath","value":"//button[@data-kt=\"MasterMovementAddOverflowToolbarButton\"]"}
RESULT: {"using":"xpath","value":"//button[@data-kt=\"MasterMovementAddOverflowToolbarButton\"]"}
COMMAND: POST /session/a195702728a77ff37608f387f074352f/elements - {"using":"xpath","value":"//button[@data-kt=\"MasterMovementAddOverflowToolbarButton\"]"}
RESULT: {"using":"xpath","value":"//button[@data-kt=\"MasterMovementAddOverflowToolbarButton\"]"}
COMMAND: POST /session/a195702728a77ff37608f387f074352f/elements - {"using":"xpath","value":"//button[@data-kt=\"MasterMovementAddOverflowToolbarButton\"]"}
RESULT: {"using":"xpath","value":"//button[@data-kt=\"MasterMovementAddOverflowToolbarButton\"]"}
COMMAND: POST /session/a195702728a77ff37608f387f074352f/elements - {"using":"xpath","value":"//button[@data-kt=\"MasterMovementAddOverflowToolbarButton\"]"}
RESULT: {"using":"xpath","value":"//button[@data-kt=\"MasterMovementAddOverflowToolbarButton\"]"}
COMMAND: POST /session/a195702728a77ff37608f387f074352f/elements - {"using":"xpath","value":"//button[@data-kt=\"MasterMovementAddOverflowToolbarButton\"]"}
RESULT: {"using":"xpath","value":"//button[@data-kt=\"MasterMovementAddOverflowToolbarButton\"]"}
COMMAND: POST /session/a195702728a77ff37608f387f074352f/elements - {"using":"xpath","value":"//button[@data-kt=\"MasterMovementAddOverflowToolbarButton\"]"}
RESULT: {"using":"xpath","value":"//button[@data-kt=\"MasterMovementAddOverflowToolbarButton\"]"}
COMMAND: POST /session/a195702728a77ff37608f387f074352f/elements - {"using":"xpath","value":"//button[@data-kt=\"MasterMovementAddOverflowToolbarButton\"]"}
RESULT: {"using":"xpath","value":"//button[@data-kt=\"MasterMovementAddOverflowToolbarButton\"]"}
COMMAND: POST /session/a195702728a77ff37608f387f074352f/elements - {"using":"xpath","value":"//button[@data-kt=\"MasterMovementAddOverflowToolbarButton\"]"}
RESULT: {"using":"xpath","value":"//button[@data-kt=\"MasterMovementAddOverflowToolbarButton\"]"}
COMMAND: POST /session/a195702728a77ff37608f387f074352f/elements - {"using":"xpath","value":"//button[@data-kt=\"MasterMovementAddOverflowToolbarButton\"]"}
RESULT: {"using":"xpath","value":"//button[@data-kt=\"MasterMovementAddOverflowToolbarButton\"]"}
COMMAND: POST /session/a195702728a77ff37608f387f074352f/elements - {"using":"xpath","value":"//button[@data-kt=\"MasterMovementAddOverflowToolbarButton\"]"}
RESULT: {"using":"xpath","value":"//button[@data-kt=\"MasterMovementAddOverflowToolbarButton\"]"}
COMMAND: POST /session/a195702728a77ff37608f387f074352f/elements - {"using":"xpath","value":"//button[@data-kt=\"MasterMovementAddOverflowToolbarButton\"]"}
RESULT: {"using":"xpath","value":"//button[@data-kt=\"MasterMovementAddOverflowToolbarButton\"]"}
COMMAND: POST /session/a195702728a77ff37608f387f074352f/elements - {"using":"xpath","value":"//button[@data-kt=\"MasterMovementAddOverflowToolbarButton\"]"}
RESULT: {"using":"xpath","value":"//button[@data-kt=\"MasterMovementAddOverflowToolbarButton\"]"}
COMMAND: POST /session/a195702728a77ff37608f387f074352f/elements - {"using":"xpath","value":"//button[@data-kt=\"MasterMovementAddOverflowToolbarButton\"]"}
RESULT: {"using":"xpath","value":"//button[@data-kt=\"MasterMovementAddOverflowToolbarButton\"]"}
COMMAND: POST /session/a195702728a77ff37608f387f074352f/elements - {"using":"xpath","value":"//button[@data-kt=\"MasterMovementAddOverflowToolbarButton\"]"}
RESULT: {"using":"xpath","value":"//button[@data-kt=\"MasterMovementAddOverflowToolbarButton\"]"}
COMMAND: POST /session/a195702728a77ff37608f387f074352f/elements - {"using":"xpath","value":"//button[@data-kt=\"MasterMovementAddOverflowToolbarButton\"]"}
RESULT: {"using":"xpath","value":"//button[@data-kt=\"MasterMovementAddOverflowToolbarButton\"]"}
COMMAND: POST /session/a195702728a77ff37608f387f074352f/elements - {"using":"xpath","value":"//button[@data-kt=\"MasterMovementAddOverflowToolbarButton\"]"}
RESULT: {"using":"xpath","value":"//button[@data-kt=\"MasterMovementAddOverflowToolbarButton\"]"}
COMMAND: POST /session/a195702728a77ff37608f387f074352f/elements - {"using":"xpath","value":"//button[@data-kt=\"MasterMovementAddOverflowToolbarButton\"]"}
RESULT: {"using":"xpath","value":"//button[@data-kt=\"MasterMovementAddOverflowToolbarButton\"]"}
COMMAND: POST /session/a195702728a77ff37608f387f074352f/elements - {"using":"xpath","value":"//button[@data-kt=\"MasterMovementAddOverflowToolbarButton\"]"}
RESULT: {"using":"xpath","value":"//button[@data-kt=\"MasterMovementAddOverflowToolbarButton\"]"}
COMMAND: POST /session/a195702728a77ff37608f387f074352f/elements - {"using":"xpath","value":"//button[@data-kt=\"MasterMovementAddOverflowToolbarButton\"]"}
RESULT: {"using":"xpath","value":"//button[@data-kt=\"MasterMovementAddOverflowToolbarButton\"]"}
COMMAND: POST /session/a195702728a77ff37608f387f074352f/elements - {"using":"xpath","value":"//button[@data-kt=\"MasterMovementAddOverflowToolbarButton\"]"}
RESULT: {"using":"xpath","value":"//button[@data-kt=\"MasterMovementAddOverflowToolbarButton\"]"}
COMMAND: POST /session/a195702728a77ff37608f387f074352f/elements - {"using":"xpath","value":"//button[@data-kt=\"MasterMovementAddOverflowToolbarButton\"]"}
RESULT: {"using":"xpath","value":"//button[@data-kt=\"MasterMovementAddOverflowToolbarButton\"]"}
COMMAND: POST /session/a195702728a77ff37608f387f074352f/elements - {"using":"xpath","value":"//button[@data-kt=\"MasterMovementAddOverflowToolbarButton\"]"}
RESULT: {"using":"xpath","value":"//button[@data-kt=\"MasterMovementAddOverflowToolbarButton\"]"}
COMMAND: POST /session/a195702728a77ff37608f387f074352f/elements - {"using":"xpath","value":"//button[@data-kt=\"MasterMovementAddOverflowToolbarButton\"]"}
RESULT: {"using":"xpath","value":"//button[@data-kt=\"MasterMovementAddOverflowToolbarButton\"]"}
COMMAND: POST /session/a195702728a77ff37608f387f074352f/elements - {"using":"xpath","value":"//button[@data-kt=\"MasterMovementAddOverflowToolbarButton\"]"}
RESULT: {"using":"xpath","value":"//button[@data-kt=\"MasterMovementAddOverflowToolbarButton\"]"}
COMMAND: POST /session/a195702728a77ff37608f387f074352f/elements - {"using":"xpath","value":"//button[@data-kt=\"MasterMovementAddOverflowToolbarButton\"]"}
RESULT: {"using":"xpath","value":"//button[@data-kt=\"MasterMovementAddOverflowToolbarButton\"]"}
COMMAND: POST /session/a195702728a77ff37608f387f074352f/elements - {"using":"xpath","value":"//button[@data-kt=\"MasterMovementAddOverflowToolbarButton\"]"}
RESULT: {"using":"xpath","value":"//button[@data-kt=\"MasterMovementAddOverflowToolbarButton\"]"}
COMMAND: POST /session/a195702728a77ff37608f387f074352f/elements - {"using":"xpath","value":"//button[@data-kt=\"MasterMovementAddOverflowToolbarButton\"]"}
RESULT: {"using":"xpath","value":"//button[@data-kt=\"MasterMovementAddOverflowToolbarButton\"]"}
COMMAND: POST /session/a195702728a77ff37608f387f074352f/elements - {"using":"xpath","value":"//button[@data-kt=\"MasterMovementAddOverflowToolbarButton\"]"}
RESULT: {"using":"xpath","value":"//button[@data-kt=\"MasterMovementAddOverflowToolbarButton\"]"}
COMMAND: POST /session/a195702728a77ff37608f387f074352f/elements - {"using":"xpath","value":"//button[@data-kt=\"MasterMovementAddOverflowToolbarButton\"]"}
RESULT: {"using":"xpath","value":"//button[@data-kt=\"MasterMovementAddOverflowToolbarButton\"]"}
COMMAND: POST /session/a195702728a77ff37608f387f074352f/elements - {"using":"xpath","value":"//button[@data-kt=\"MasterMovementAddOverflowToolbarButton\"]"}
RESULT: {"using":"xpath","value":"//button[@data-kt=\"MasterMovementAddOverflowToolbarButton\"]"}
COMMAND: POST /session/a195702728a77ff37608f387f074352f/elements - {"using":"xpath","value":"//button[@data-kt=\"MasterMovementAddOverflowToolbarButton\"]"}
RESULT: {"using":"xpath","value":"//button[@data-kt=\"MasterMovementAddOverflowToolbarButton\"]"}
COMMAND: POST /session/a195702728a77ff37608f387f074352f/elements - {"using":"xpath","value":"//button[@data-kt=\"MasterMovementAddOverflowToolbarButton\"]"}
RESULT: {"using":"xpath","value":"//button[@data-kt=\"MasterMovementAddOverflowToolbarButton\"]"}
COMMAND: POST /session/a195702728a77ff37608f387f074352f/elements - {"using":"xpath","value":"//button[@data-kt=\"MasterMovementAddOverflowToolbarButton\"]"}
RESULT: {"using":"xpath","value":"//button[@data-kt=\"MasterMovementAddOverflowToolbarButton\"]"}
COMMAND: POST /session/a195702728a77ff37608f387f074352f/elements - {"using":"xpath","value":"//button[@data-kt=\"MasterMovementAddOverflowToolbarButton\"]"}
RESULT: {"using":"xpath","value":"//button[@data-kt=\"MasterMovementAddOverflowToolbarButton\"]"}
COMMAND: POST /session/a195702728a77ff37608f387f074352f/elements - {"using":"xpath","value":"//button[@data-kt=\"MasterMovementAddOverflowToolbarButton\"]"}
RESULT: {"using":"xpath","value":"//button[@data-kt=\"MasterMovementAddOverflowToolbarButton\"]"}
COMMAND: POST /session/a195702728a77ff37608f387f074352f/elements - {"using":"xpath","value":"//button[@data-kt=\"MasterMovementAddOverflowToolbarButton\"]"}
RESULT: {"using":"xpath","value":"//button[@data-kt=\"MasterMovementAddOverflowToolbarButton\"]"}
COMMAND: POST /session/a195702728a77ff37608f387f074352f/elements - {"using":"xpath","value":"//button[@data-kt=\"MasterMovementAddOverflowToolbarButton\"]"}
RESULT: {"using":"xpath","value":"//button[@data-kt=\"MasterMovementAddOverflowToolbarButton\"]"}
COMMAND: POST /session/a195702728a77ff37608f387f074352f/elements - {"using":"xpath","value":"//button[@data-kt=\"MasterMovementAddOverflowToolbarButton\"]"}
RESULT: {"using":"xpath","value":"//button[@data-kt=\"MasterMovementAddOverflowToolbarButton\"]"}
COMMAND: POST /session/a195702728a77ff37608f387f074352f/elements - {"using":"xpath","value":"//button[@data-kt=\"MasterMovementAddOverflowToolbarButton\"]"}
RESULT: {"using":"xpath","value":"//button[@data-kt=\"MasterMovementAddOverflowToolbarButton\"]"}
COMMAND: POST /session/a195702728a77ff37608f387f074352f/elements - {"using":"xpath","value":"//button[@data-kt=\"MasterMovementAddOverflowToolbarButton\"]"}
RESULT: {"using":"xpath","value":"//button[@data-kt=\"MasterMovementAddOverflowToolbarButton\"]"}
COMMAND: POST /session/a195702728a77ff37608f387f074352f/elements - {"using":"xpath","value":"//button[@data-kt=\"MasterMovementAddOverflowToolbarButton\"]"}
RESULT: {"using":"xpath","value":"//button[@data-kt=\"MasterMovementAddOverflowToolbarButton\"]"}
COMMAND: POST /session/a195702728a77ff37608f387f074352f/elements - {"using":"xpath","value":"//button[@data-kt=\"MasterMovementAddOverflowToolbarButton\"]"}
RESULT: {"using":"xpath","value":"//button[@data-kt=\"MasterMovementAddOverflowToolbarButton\"]"}
COMMAND: POST /session/a195702728a77ff37608f387f074352f/elements - {"using":"xpath","value":"//button[@data-kt=\"MasterMovementAddOverflowToolbarButton\"]"}
RESULT: {"using":"xpath","value":"//button[@data-kt=\"MasterMovementAddOverflowToolbarButton\"]"}
COMMAND: POST /session/a195702728a77ff37608f387f074352f/elements - {"using":"xpath","value":"//button[@data-kt=\"MasterMovementAddOverflowToolbarButton\"]"}
RESULT: {"using":"xpath","value":"//button[@data-kt=\"MasterMovementAddOverflowToolbarButton\"]"}
COMMAND: POST /session/a195702728a77ff37608f387f074352f/elements - {"using":"xpath","value":"//button[@data-kt=\"MasterMovementAddOverflowToolbarButton\"]"}
RESULT: {"using":"xpath","value":"//button[@data-kt=\"MasterMovementAddOverflowToolbarButton\"]"}
COMMAND: POST /session/a195702728a77ff37608f387f074352f/elements - {"using":"xpath","value":"//button[@data-kt=\"MasterMovementAddOverflowToolbarButton\"]"}
RESULT: {"using":"xpath","value":"//button[@data-kt=\"MasterMovementAddOverflowToolbarButton\"]"}
COMMAND: POST /session/a195702728a77ff37608f387f074352f/elements - {"using":"xpath","value":"//button[@data-kt=\"MasterMovementAddOverflowToolbarButton\"]"}
RESULT: {"using":"xpath","value":"//button[@data-kt=\"MasterMovementAddOverflowToolbarButton\"]"}
COMMAND: POST /session/a195702728a77ff37608f387f074352f/elements - {"using":"xpath","value":"//button[@data-kt=\"MasterMovementAddOverflowToolbarButton\"]"}
RESULT: {"using":"xpath","value":"//button[@data-kt=\"MasterMovementAddOverflowToolbarButton\"]"}
COMMAND: POST /session/a195702728a77ff37608f387f074352f/elements - {"using":"xpath","value":"//button[@data-kt=\"MasterMovementAddOverflowToolbarButton\"]"}
RESULT: {"using":"xpath","value":"//button[@data-kt=\"MasterMovementAddOverflowToolbarButton\"]"}
COMMAND: POST /session/a195702728a77ff37608f387f074352f/elements - {"using":"xpath","value":"//button[@data-kt=\"MasterMovementAddOverflowToolbarButton\"]"}
RESULT: {"using":"xpath","value":"//button[@data-kt=\"MasterMovementAddOverflowToolbarButton\"]"}
COMMAND: POST /session/a195702728a77ff37608f387f074352f/elements - {"using":"xpath","value":"//button[@data-kt=\"MasterMovementAddOverflowToolbarButton\"]"}
RESULT: {"using":"xpath","value":"//button[@data-kt=\"MasterMovementAddOverflowToolbarButton\"]"}
COMMAND: POST /session/a195702728a77ff37608f387f074352f/elements - {"using":"xpath","value":"//button[@data-kt=\"MasterMovementAddOverflowToolbarButton\"]"}
RESULT: {"using":"xpath","value":"//button[@data-kt=\"MasterMovementAddOverflowToolbarButton\"]"}
COMMAND: POST /session/a195702728a77ff37608f387f074352f/elements - {"using":"xpath","value":"//button[@data-kt=\"MasterMovementAddOverflowToolbarButton\"]"}
RESULT: {"using":"xpath","value":"//button[@data-kt=\"MasterMovementAddOverflowToolbarButton\"]"}
COMMAND: POST /session/a195702728a77ff37608f387f074352f/elements - {"using":"xpath","value":"//button[@data-kt=\"MasterMovementAddOverflowToolbarButton\"]"}
RESULT: {"using":"xpath","value":"//button[@data-kt=\"MasterMovementAddOverflowToolbarButton\"]"}
COMMAND: POST /session/a195702728a77ff37608f387f074352f/elements - {"using":"xpath","value":"//button[@data-kt=\"MasterMovementAddOverflowToolbarButton\"]"}
COMMAND: GET /session/a195702728a77ff37608f387f074352f/screenshot - {}
RESULT: {"using":"xpath","value":"//button[@data-kt=\"MasterMovementAddOverflowToolbarButton\"]"}
RESULT: {}
COMMAND: GET /session/a195702728a77ff37608f387f074352f/screenshot - {}
COMMAND: GET /session/a195702728a77ff37608f387f074352f/screenshot - {}
RESULT: {}
RESULT: {}
COMMAND: DELETE /session/a195702728a77ff37608f387f074352f - {}
RESULT: {}
]]></system-out>
      <system-err><![CDATA[
Error: element ("//button[@data-kt="MasterMovementAddOverflowToolbarButton"]") still not existing after 45000ms
    at async Context.<anonymous> (D:\a\1\s\test\specs\HTR\yard-movement-putaways.spec.js:70:9)
]]></system-err>
    </testcase>
  </testsuite>
</testsuites>