<?xml version="1.0" encoding="UTF-8"?>
<testsuites tests="8" failures="0" errors="0" skipped="0">
  <testsuite timestamp="2025-05-20T16:08:24" time="866.36" tests="4" failures="0" errors="0" skipped="0">
    <properties>
      <property name="specId" value="0" />
      <property name="suiteName" value="Webshop - Hyperlinks visible and working properly  US139085" />
      <property name="capabilities" value="chrome.136_0_7103_93.windows" />
      <property name="file" value="file:///D:/a/1/s/test/specs/R2C/webshop-hyperlinks-yard-site.spec.js" />
    </properties>
    <testcase classname="chrome.136_0_7103_93.windows.Webshop_-_Hyperlinks_visible_and_working_properly__US139085" name="Should create prerequisites for webshop suite" time="296.161">
      <system-out><![CDATA[
COMMAND: POST /session/4dda79d38857d1487a3acc9aa2e8b8cf/execute/async - {"script":"<script> [1562 bytes]","args":[{"selector":{"controlType":"sap.m.GenericTile","properties":{"header":"Manage Yards"}},"wdio_ui5_key":"sapm.GenericTile{\"header\":\"Manage Yards\"}"}]}
RESULT: {"script":"<script> [1562 bytes]","args":[{"selector":{"controlType":"sap.m.GenericTile","properties":{"header":"Manage Yards"}},"wdio_ui5_key":"sapm.GenericTile{\"header\":\"Manage Yards\"}"}]}
RESULT: undefined
COMMAND: POST /session/4dda79d38857d1487a3acc9aa2e8b8cf/element - {"using":"xpath","value":"//*[@id=\"__tile41\"]"}
RESULT: {"using":"xpath","value":"//*[@id=\"__tile41\"]"}
COMMAND: POST /session/4dda79d38857d1487a3acc9aa2e8b8cf/element/f.B3DE6F40683FFAB1CA736CEEF5589B44.d.4FB0CAB1A0940C9AEFA23CE7CF7AE983.e.113/click - {}
RESULT: {}
COMMAND: GET /session/4dda79d38857d1487a3acc9aa2e8b8cf/screenshot - {}
RESULT: {}
COMMAND: POST /session/4dda79d38857d1487a3acc9aa2e8b8cf/elements - {"using":"xpath","value":"//span[text()='Error']"}
RESULT: {"using":"xpath","value":"//span[text()='Error']"}
COMMAND: POST /session/4dda79d38857d1487a3acc9aa2e8b8cf/execute/async - {"script":"<script> [1562 bytes]","args":[{"selector":{"controlType":"sap.ui.core.Icon","viewName":"etm.portal.ui.manageyards.view.Master","viewId":"application-manageyards-display-component---masterYard","properties":{"src":{"regex":{"source":"add"}}}},"wdio_ui5_key":"etmportal.ui.manageyards.view.Mastersap.ui.core.Icon{\"src\":{\"regex\":{\"source\":\"add\"}}}"}]}
RESULT: {"script":"<script> [1562 bytes]","args":[{"selector":{"controlType":"sap.ui.core.Icon","viewName":"etm.portal.ui.manageyards.view.Master","viewId":"application-manageyards-display-component---masterYard","properties":{"src":{"regex":{"source":"add"}}}},"wdio_ui5_key":"etmportal.ui.manageyards.view.Mastersap.ui.core.Icon{\"src\":{\"regex\":{\"source\":\"add\"}}}"}]}
RESULT: undefined
COMMAND: POST /session/4dda79d38857d1487a3acc9aa2e8b8cf/element - {"using":"xpath","value":"//*[@id=\"__button4-img\"]"}
RESULT: {"using":"xpath","value":"//*[@id=\"__button4-img\"]"}
COMMAND: POST /session/4dda79d38857d1487a3acc9aa2e8b8cf/element/f.B3DE6F40683FFAB1CA736CEEF5589B44.d.4FB0CAB1A0940C9AEFA23CE7CF7AE983.e.160/click - {}
RESULT: {}
COMMAND: GET /session/4dda79d38857d1487a3acc9aa2e8b8cf/screenshot - {}
RESULT: {}
COMMAND: POST /session/4dda79d38857d1487a3acc9aa2e8b8cf/execute/async - {"script":"<script> [1562 bytes]","args":[{"selector":{"id":"application-manageyards-display-component---NewYard--yardId","interaction":{"idSuffix":"inner"}},"wdio_ui5_key":"applicationmanageyards-display-component---NewYard--yardId"}]}
RESULT: {"script":"<script> [1562 bytes]","args":[{"selector":{"id":"application-manageyards-display-component---NewYard--yardId","interaction":{"idSuffix":"inner"}},"wdio_ui5_key":"applicationmanageyards-display-component---NewYard--yardId"}]}
RESULT: undefined
COMMAND: POST /session/4dda79d38857d1487a3acc9aa2e8b8cf/element - {"using":"xpath","value":"//*[@id=\"application-manageyards-display-component---NewYard--addressDetailDetailsName1-inner\"]"}
RESULT: {"using":"xpath","value":"//*[@id=\"application-manageyards-display-component---NewYard--addressDetailDetailsName1-inner\"]"}
COMMAND: POST /session/4dda79d38857d1487a3acc9aa2e8b8cf/element/f.B3DE6F40683FFAB1CA736CEEF5589B44.d.4FB0CAB1A0940C9AEFA23CE7CF7AE983.e.328/clear - {}
RESULT: {}
COMMAND: POST /session/4dda79d38857d1487a3acc9aa2e8b8cf/element/f.B3DE6F40683FFAB1CA736CEEF5589B44.d.4FB0CAB1A0940C9AEFA23CE7CF7AE983.e.328/value - {"text":"WebdriverYard2j5apk"}
COMMAND: GET /session/4dda79d38857d1487a3acc9aa2e8b8cf/screenshot - {}
RESULT: {"text":"WebdriverYard2j5apk"}
COMMAND: POST /session/4dda79d38857d1487a3acc9aa2e8b8cf/element - {"using":"xpath","value":"//*[@id=\"application-manageyards-display-component---NewYard--addressDetailDetailsLanguage-inner\"]"}
COMMAND: GET /session/4dda79d38857d1487a3acc9aa2e8b8cf/screenshot - {}
RESULT: {}
RESULT: {"using":"xpath","value":"//*[@id=\"application-manageyards-display-component---NewYard--addressDetailDetailsLanguage-inner\"]"}
COMMAND: POST /session/4dda79d38857d1487a3acc9aa2e8b8cf/element/f.B3DE6F40683FFAB1CA736CEEF5589B44.d.4FB0CAB1A0940C9AEFA23CE7CF7AE983.e.329/clear - {}
RESULT: {}
RESULT: {}
COMMAND: POST /session/4dda79d38857d1487a3acc9aa2e8b8cf/element/f.B3DE6F40683FFAB1CA736CEEF5589B44.d.4FB0CAB1A0940C9AEFA23CE7CF7AE983.e.329/value - {"text":"Romanian"}
COMMAND: GET /session/4dda79d38857d1487a3acc9aa2e8b8cf/screenshot - {}
RESULT: {"text":"Romanian"}
COMMAND: POST /session/4dda79d38857d1487a3acc9aa2e8b8cf/element - {"using":"xpath","value":"//input[contains(@id ,\"application-manageyards-display-component---NewYard--addressDetailDetailsName1-inner\")]"}
COMMAND: GET /session/4dda79d38857d1487a3acc9aa2e8b8cf/screenshot - {}
RESULT: {}
RESULT: {"using":"xpath","value":"//input[contains(@id ,\"application-manageyards-display-component---NewYard--addressDetailDetailsName1-inner\")]"}
COMMAND: GET /session/4dda79d38857d1487a3acc9aa2e8b8cf/element/f.B3DE6F40683FFAB1CA736CEEF5589B44.d.4FB0CAB1A0940C9AEFA23CE7CF7AE983.e.328/property/value - {}
RESULT: {}
RESULT: {}
COMMAND: GET /session/4dda79d38857d1487a3acc9aa2e8b8cf/screenshot - {}
RESULT: {}
COMMAND: POST /session/4dda79d38857d1487a3acc9aa2e8b8cf/element - {"using":"xpath","value":"//*[@id=\"application-manageyards-display-component---NewYard--addressDetailDetailsCity1-inner\"]"}
RESULT: {"using":"xpath","value":"//*[@id=\"application-manageyards-display-component---NewYard--addressDetailDetailsCity1-inner\"]"}
COMMAND: POST /session/4dda79d38857d1487a3acc9aa2e8b8cf/element/f.B3DE6F40683FFAB1CA736CEEF5589B44.d.4FB0CAB1A0940C9AEFA23CE7CF7AE983.e.331/clear - {}
RESULT: {}
COMMAND: POST /session/4dda79d38857d1487a3acc9aa2e8b8cf/element/f.B3DE6F40683FFAB1CA736CEEF5589B44.d.4FB0CAB1A0940C9AEFA23CE7CF7AE983.e.331/value - {"text":"Bucuresti"}
COMMAND: GET /session/4dda79d38857d1487a3acc9aa2e8b8cf/screenshot - {}
RESULT: {"text":"Bucuresti"}
COMMAND: GET /session/4dda79d38857d1487a3acc9aa2e8b8cf/screenshot - {}
RESULT: {}
RESULT: {}
COMMAND: POST /session/4dda79d38857d1487a3acc9aa2e8b8cf/element - {"using":"xpath","value":"//*[@id=\"application-manageyards-display-component---NewYard--addressDetailDetailsCountry-inner\"]"}
RESULT: {"using":"xpath","value":"//*[@id=\"application-manageyards-display-component---NewYard--addressDetailDetailsCountry-inner\"]"}
COMMAND: POST /session/4dda79d38857d1487a3acc9aa2e8b8cf/element/f.B3DE6F40683FFAB1CA736CEEF5589B44.d.4FB0CAB1A0940C9AEFA23CE7CF7AE983.e.335/clear - {}
RESULT: {}
COMMAND: POST /session/4dda79d38857d1487a3acc9aa2e8b8cf/element/f.B3DE6F40683FFAB1CA736CEEF5589B44.d.4FB0CAB1A0940C9AEFA23CE7CF7AE983.e.335/value - {"text":"Romania"}
COMMAND: GET /session/4dda79d38857d1487a3acc9aa2e8b8cf/screenshot - {}
RESULT: {"text":"Romania"}
COMMAND: GET /session/4dda79d38857d1487a3acc9aa2e8b8cf/screenshot - {}
RESULT: {}
RESULT: {}
COMMAND: POST /session/4dda79d38857d1487a3acc9aa2e8b8cf/element - {"using":"xpath","value":"//div[contains(text(), \"Commercial\")]"}
RESULT: {"using":"xpath","value":"//div[contains(text(), \"Commercial\")]"}
COMMAND: GET /session/4dda79d38857d1487a3acc9aa2e8b8cf/element/f.B3DE6F40683FFAB1CA736CEEF5589B44.d.4FB0CAB1A0940C9AEFA23CE7CF7AE983.e.573/rect - {}
RESULT: {}
COMMAND: GET /session/4dda79d38857d1487a3acc9aa2e8b8cf/window/rect - {}
RESULT: {}
COMMAND: POST /session/4dda79d38857d1487a3acc9aa2e8b8cf/execute/sync - {"script":"<script> [92 bytes]","args":[]}
RESULT: {"script":"<script> [92 bytes]","args":[]}
COMMAND: POST /session/4dda79d38857d1487a3acc9aa2e8b8cf/actions - {"actions":[{"id":"action1","type":"wheel","parameters":{},"actions":[{"type":"scroll","x":-1841,"y":-44,"deltaX":0,"deltaY":0,"duration":0,"origin":{"element-6066-11e4-a52e-4f735466cecf":"f.B3DE6F40683FFAB1CA736CEEF5589B44.d.4FB0CAB1A0940C9AEFA23CE7CF7AE983.e.573"}}]}]}
COMMAND: GET /session/4dda79d38857d1487a3acc9aa2e8b8cf/screenshot - {}
RESULT: {}
COMMAND: POST /session/4dda79d38857d1487a3acc9aa2e8b8cf/execute/sync - {"script":"<script> [79 bytes]","args":[{"element-6066-11e4-a52e-4f735466cecf":"f.B3DE6F40683FFAB1CA736CEEF5589B44.d.4FB0CAB1A0940C9AEFA23CE7CF7AE983.e.573","ELEMENT":"f.B3DE6F40683FFAB1CA736CEEF5589B44.d.4FB0CAB1A0940C9AEFA23CE7CF7AE983.e.573"},{"block":"start","inline":"nearest"}]}
RESULT: {"script":"<script> [79 bytes]","args":[{"element-6066-11e4-a52e-4f735466cecf":"f.B3DE6F40683FFAB1CA736CEEF5589B44.d.4FB0CAB1A0940C9AEFA23CE7CF7AE983.e.573","ELEMENT":"f.B3DE6F40683FFAB1CA736CEEF5589B44.d.4FB0CAB1A0940C9AEFA23CE7CF7AE983.e.573"},{"block":"start","inline":"nearest"}]}
COMMAND: GET /session/4dda79d38857d1487a3acc9aa2e8b8cf/screenshot - {}
RESULT: {}
COMMAND: POST /session/4dda79d38857d1487a3acc9aa2e8b8cf/execute/async - {"script":"<script> [1562 bytes]","args":[{"selector":{"id":"application-manageyards-display-component---NewYard--addressEditDetailsCostObjectCstType-arrow"},"wdio_ui5_key":"applicationmanageyards-display-component---NewYard--addressEditDetailsCostObjectCstType-arrow"}]}
RESULT: {"script":"<script> [1562 bytes]","args":[{"selector":{"id":"application-manageyards-display-component---NewYard--addressEditDetailsCostObjectCstType-arrow"},"wdio_ui5_key":"applicationmanageyards-display-component---NewYard--addressEditDetailsCostObjectCstType-arrow"}]}
RESULT: undefined
COMMAND: POST /session/4dda79d38857d1487a3acc9aa2e8b8cf/element - {"using":"xpath","value":"//*[@id=\"application-manageyards-display-component---NewYard--addressEditDetailsCostObjectCstType-arrow\"]"}
RESULT: {"using":"xpath","value":"//*[@id=\"application-manageyards-display-component---NewYard--addressEditDetailsCostObjectCstType-arrow\"]"}
COMMAND: POST /session/4dda79d38857d1487a3acc9aa2e8b8cf/element/f.B3DE6F40683FFAB1CA736CEEF5589B44.d.4FB0CAB1A0940C9AEFA23CE7CF7AE983.e.581/click - {}
RESULT: {}
COMMAND: POST /session/4dda79d38857d1487a3acc9aa2e8b8cf/element - {"using":"xpath","value":"//span[contains(text(), \"Cost Center\")]"}
COMMAND: GET /session/4dda79d38857d1487a3acc9aa2e8b8cf/screenshot - {}
RESULT: {"using":"xpath","value":"//span[contains(text(), \"Cost Center\")]"}
COMMAND: POST /session/4dda79d38857d1487a3acc9aa2e8b8cf/element/f.B3DE6F40683FFAB1CA736CEEF5589B44.d.4FB0CAB1A0940C9AEFA23CE7CF7AE983.e.582/click - {}
RESULT: {}
RESULT: {}
COMMAND: GET /session/4dda79d38857d1487a3acc9aa2e8b8cf/screenshot - {}
RESULT: {}
COMMAND: POST /session/4dda79d38857d1487a3acc9aa2e8b8cf/execute/async - {"script":"<script> [1562 bytes]","args":[{"selector":{"id":"application-manageyards-display-component---NewYard--addressNewCostObjectCstID-vhi"},"wdio_ui5_key":"applicationmanageyards-display-component---NewYard--addressNewCostObjectCstID-vhi"}]}
RESULT: {"script":"<script> [1562 bytes]","args":[{"selector":{"id":"application-manageyards-display-component---NewYard--addressNewCostObjectCstID-vhi"},"wdio_ui5_key":"applicationmanageyards-display-component---NewYard--addressNewCostObjectCstID-vhi"}]}
RESULT: undefined
COMMAND: POST /session/4dda79d38857d1487a3acc9aa2e8b8cf/element - {"using":"xpath","value":"//*[@id=\"application-manageyards-display-component---NewYard--addressNewCostObjectCstID-vhi\"]"}
RESULT: {"using":"xpath","value":"//*[@id=\"application-manageyards-display-component---NewYard--addressNewCostObjectCstID-vhi\"]"}
COMMAND: POST /session/4dda79d38857d1487a3acc9aa2e8b8cf/element/f.B3DE6F40683FFAB1CA736CEEF5589B44.d.4FB0CAB1A0940C9AEFA23CE7CF7AE983.e.586/click - {}
RESULT: {}
COMMAND: GET /session/4dda79d38857d1487a3acc9aa2e8b8cf/screenshot - {}
RESULT: {}
COMMAND: POST /session/4dda79d38857d1487a3acc9aa2e8b8cf/execute/async - {"script":"<script> [1562 bytes]","args":[{"selector":{"controlType":"sap.m.SearchField","properties":{"placeholder":"Search"},"searchOpenDialogs":true,"interaction":{"idSuffix":"I"}},"wdio_ui5_key":"sapm.SearchField{\"placeholder\":\"Search\"}"}]}
RESULT: {"script":"<script> [1562 bytes]","args":[{"selector":{"controlType":"sap.m.SearchField","properties":{"placeholder":"Search"},"searchOpenDialogs":true,"interaction":{"idSuffix":"I"}},"wdio_ui5_key":"sapm.SearchField{\"placeholder\":\"Search\"}"}]}
RESULT: undefined
COMMAND: POST /session/4dda79d38857d1487a3acc9aa2e8b8cf/execute/async - {"script":"<script> [776 bytes]","args":[{"enterText":"10001013","selector":{"controlType":"sap.m.SearchField","properties":{"placeholder":"Search"},"searchOpenDialogs":true,"interaction":{"idSuffix":"I"}},"clearTextFirst":true,"interactionType":"ENTER_TEXT"}]}
RESULT: {"script":"<script> [776 bytes]","args":[{"enterText":"10001013","selector":{"controlType":"sap.m.SearchField","properties":{"placeholder":"Search"},"searchOpenDialogs":true,"interaction":{"idSuffix":"I"}},"clearTextFirst":true,"interactionType":"ENTER_TEXT"}]}
COMMAND: POST /session/4dda79d38857d1487a3acc9aa2e8b8cf/actions - {"actions":[{"id":"action2","type":"key","parameters":{},"actions":[{"type":"keyDown","value":"î€‡"},{"type":"pause","duration":10},{"type":"keyUp","value":"î€‡"}]}]}
RESULT: {"actions":[{"id":"action2","type":"key","parameters":{},"actions":[{"type":"keyDown","value":"î€‡"},{"type":"pause","duration":10},{"type":"keyUp","value":"î€‡"}]}]}
COMMAND: GET /session/4dda79d38857d1487a3acc9aa2e8b8cf/screenshot - {}
RESULT: {}
COMMAND: POST /session/4dda79d38857d1487a3acc9aa2e8b8cf/element - {"using":"xpath","value":"//span[contains(text(), \"General Management\")]"}
RESULT: {"using":"xpath","value":"//span[contains(text(), \"General Management\")]"}
COMMAND: POST /session/4dda79d38857d1487a3acc9aa2e8b8cf/element/f.B3DE6F40683FFAB1CA736CEEF5589B44.d.4FB0CAB1A0940C9AEFA23CE7CF7AE983.e.626/click - {}
RESULT: {}
COMMAND: GET /session/4dda79d38857d1487a3acc9aa2e8b8cf/screenshot - {}
RESULT: {}
COMMAND: POST /session/4dda79d38857d1487a3acc9aa2e8b8cf/element - {"using":"xpath","value":"//bdi[contains(text(), \"OK\")]"}
RESULT: {"using":"xpath","value":"//bdi[contains(text(), \"OK\")]"}
COMMAND: POST /session/4dda79d38857d1487a3acc9aa2e8b8cf/element/f.B3DE6F40683FFAB1CA736CEEF5589B44.d.4FB0CAB1A0940C9AEFA23CE7CF7AE983.e.627/click - {}
RESULT: {}
COMMAND: GET /session/4dda79d38857d1487a3acc9aa2e8b8cf/screenshot - {}
RESULT: {}
COMMAND: POST /session/4dda79d38857d1487a3acc9aa2e8b8cf/execute/async - {"script":"<script> [1562 bytes]","args":[{"selector":{"controlType":"sap.m.Button","viewName":"etm.portal.ui.manageyards.view.New","viewId":"application-manageyards-display-component---NewYard","i18NText":{"propertyName":"text","key":"save"},"interaction":{"idSuffix":"inner"}},"wdio_ui5_key":"etmportal.ui.manageyards.view.Newsap.m.Button{\"propertyName\":\"text\",\"key\":\"save\"}"}]}
RESULT: {"script":"<script> [1562 bytes]","args":[{"selector":{"controlType":"sap.m.Button","viewName":"etm.portal.ui.manageyards.view.New","viewId":"application-manageyards-display-component---NewYard","i18NText":{"propertyName":"text","key":"save"},"interaction":{"idSuffix":"inner"}},"wdio_ui5_key":"etmportal.ui.manageyards.view.Newsap.m.Button{\"propertyName\":\"text\",\"key\":\"save\"}"}]}
RESULT: undefined
COMMAND: POST /session/4dda79d38857d1487a3acc9aa2e8b8cf/element - {"using":"xpath","value":"//*[@id=\"__button18\"]"}
RESULT: {"using":"xpath","value":"//*[@id=\"__button18\"]"}
COMMAND: POST /session/4dda79d38857d1487a3acc9aa2e8b8cf/element/f.B3DE6F40683FFAB1CA736CEEF5589B44.d.4FB0CAB1A0940C9AEFA23CE7CF7AE983.e.530/click - {}
RESULT: {}
COMMAND: GET /session/4dda79d38857d1487a3acc9aa2e8b8cf/screenshot - {}
RESULT: {}
COMMAND: POST /session/4dda79d38857d1487a3acc9aa2e8b8cf/element - {"using":"xpath","value":"//header/div/div[2]/div[2]/span"}
RESULT: {"using":"xpath","value":"//header/div/div[2]/div[2]/span"}
COMMAND: GET /session/4dda79d38857d1487a3acc9aa2e8b8cf/element/f.B3DE6F40683FFAB1CA736CEEF5589B44.d.4FB0CAB1A0940C9AEFA23CE7CF7AE983.e.828/text - {}
RESULT: {}
COMMAND: POST /session/4dda79d38857d1487a3acc9aa2e8b8cf/execute/async - {"script":"<script> [1562 bytes]","args":[{"selector":{"controlType":"sap.m.OverflowToolbarButton","viewName":"etm.portal.ui.manageyards.view.Detail","viewId":"application-manageyards-display-component---detailYard","i18NText":{"propertyName":"tooltip","key":"closeColumn"},"interaction":{"idSuffix":"inner"}},"wdio_ui5_key":"etmportal.ui.manageyards.view.Detailsap.m.OverflowToolbarButton{\"propertyName\":\"tooltip\",\"key\":\"closeColumn\"}"}]}
RESULT: {"script":"<script> [1562 bytes]","args":[{"selector":{"controlType":"sap.m.OverflowToolbarButton","viewName":"etm.portal.ui.manageyards.view.Detail","viewId":"application-manageyards-display-component---detailYard","i18NText":{"propertyName":"tooltip","key":"closeColumn"},"interaction":{"idSuffix":"inner"}},"wdio_ui5_key":"etmportal.ui.manageyards.view.Detailsap.m.OverflowToolbarButton{\"propertyName\":\"tooltip\",\"key\":\"closeColumn\"}"}]}
RESULT: undefined
COMMAND: POST /session/4dda79d38857d1487a3acc9aa2e8b8cf/element - {"using":"xpath","value":"//*[@id=\"__button40\"]"}
RESULT: {"using":"xpath","value":"//*[@id=\"__button40\"]"}
COMMAND: POST /session/4dda79d38857d1487a3acc9aa2e8b8cf/element/f.B3DE6F40683FFAB1CA736CEEF5589B44.d.4FB0CAB1A0940C9AEFA23CE7CF7AE983.e.830/click - {}
RESULT: {}
COMMAND: GET /session/4dda79d38857d1487a3acc9aa2e8b8cf/screenshot - {}
RESULT: {}
COMMAND: POST /session/4dda79d38857d1487a3acc9aa2e8b8cf/element - {"using":"css selector","value":"#shell-header-logo"}
RESULT: {"using":"css selector","value":"#shell-header-logo"}
COMMAND: POST /session/4dda79d38857d1487a3acc9aa2e8b8cf/element/f.B3DE6F40683FFAB1CA736CEEF5589B44.d.4FB0CAB1A0940C9AEFA23CE7CF7AE983.e.116/click - {}
RESULT: {}
COMMAND: GET /session/4dda79d38857d1487a3acc9aa2e8b8cf/screenshot - {}
RESULT: {}
COMMAND: POST /session/4dda79d38857d1487a3acc9aa2e8b8cf/refresh - {}
RESULT: {}
COMMAND: GET /session/4dda79d38857d1487a3acc9aa2e8b8cf/screenshot - {}
RESULT: {}
COMMAND: POST /session/4dda79d38857d1487a3acc9aa2e8b8cf/execute/async - {"script":"<script> [189 bytes]","args":[]}
RESULT: {"script":"<script> [189 bytes]","args":[]}
COMMAND: POST /session/4dda79d38857d1487a3acc9aa2e8b8cf/execute/async - {"script":"<script> [123 bytes]","args":[]}
RESULT: {"script":"<script> [123 bytes]","args":[]}
COMMAND: POST /session/4dda79d38857d1487a3acc9aa2e8b8cf/timeouts - {"script":"<number>"}
RESULT: {"script":"<number>"}
COMMAND: GET /session/4dda79d38857d1487a3acc9aa2e8b8cf/timeouts - {}
RESULT: {}
RESULT: undefined
COMMAND: POST /session/4dda79d38857d1487a3acc9aa2e8b8cf/execute/async - {"script":"<script> [2676 bytes]","args":[]}
RESULT: {"script":"<script> [2676 bytes]","args":[]}
COMMAND: POST /session/4dda79d38857d1487a3acc9aa2e8b8cf/execute/async - {"script":"<script> [2342 bytes]","args":[{"protocol":"http","hostname":"0.0.0.0","path":"/","capabilities":{"browserName":"chrome","goog:chromeOptions":{"binary":"C:\\Program Files\\Google\\Chrome\\Application\\chrome.exe","args":["--start-maximized"]}},"logLevel":"warn","connectionRetryTimeout":120000,"connectionRetryCount":3,"logLevels":{},"enableDirectConnect":true,"strictSSL":true,"_":"65 more keys: [\"cacheDir\",\"port\",\"requestedCapabilities\",\"automationProtocol\",\"baseUrl\",\"waitforInterval\",\"waitforTimeout\",\"onReload\",\"beforeCommand\",\"afterCommand\",\"rootDir\",\"specs\",\"suites\",\"exclude\",\"groupLogsByTestSpec\",\"excludeDriverLogs\",\"bail\",\"framework\",\"reporters\",\"services\",\"maxInstances\",\"maxInstancesPerCapability\",\"injectGlobals\",\"filesToWatch\",\"execArgv\",\"runnerEnv\",\"runner\",\"shard\",\"specFileRetries\",\"specFileRetriesDelay\",\"specFileRetriesDeferred\",\"reporterSyncInterval\",\"reporterSyncTimeout\",\"cucumberFeaturesWithLineNumbers\",\"autoCompileOpts\",\"mochaOpts\",\"jasmineOpts\",\"cucumberOpts\",\"onPrepare\",\"onWorkerStart\",\"onWorkerEnd\",\"before\",\"beforeSession\",\"beforeSuite\",\"beforeHook\",\"beforeTest\",\"afterTest\",\"afterHook\",\"afterSuite\",\"afterSession\",\"after\",\"onComplete\",\"beforeAssertion\",\"afterAssertion\",\"beforeFeature\",\"beforeScenario\",\"beforeStep\",\"afterStep\",\"afterScenario\",\"afterFeature\",\"_\",\"suite\",\"$0\",\"ignoredWorkerServices\",\"wdi5\"]"}]}
RESULT: {"script":"<script> [2342 bytes]","args":[{"protocol":"http","hostname":"0.0.0.0","path":"/","capabilities":{"browserName":"chrome","goog:chromeOptions":{"binary":"C:\\Program Files\\Google\\Chrome\\Application\\chrome.exe","args":["--start-maximized"]}},"logLevel":"warn","connectionRetryTimeout":120000,"connectionRetryCount":3,"logLevels":{},"enableDirectConnect":true,"strictSSL":true,"_":"65 more keys: [\"cacheDir\",\"port\",\"requestedCapabilities\",\"automationProtocol\",\"baseUrl\",\"waitforInterval\",\"waitforTimeout\",\"onReload\",\"beforeCommand\",\"afterCommand\",\"rootDir\",\"specs\",\"suites\",\"exclude\",\"groupLogsByTestSpec\",\"excludeDriverLogs\",\"bail\",\"framework\",\"reporters\",\"services\",\"maxInstances\",\"maxInstancesPerCapability\",\"injectGlobals\",\"filesToWatch\",\"execArgv\",\"runnerEnv\",\"runner\",\"shard\",\"specFileRetries\",\"specFileRetriesDelay\",\"specFileRetriesDeferred\",\"reporterSyncInterval\",\"reporterSyncTimeout\",\"cucumberFeaturesWithLineNumbers\",\"autoCompileOpts\",\"mochaOpts\",\"jasmineOpts\",\"cucumberOpts\",\"onPrepare\",\"onWorkerStart\",\"onWorkerEnd\",\"before\",\"beforeSession\",\"beforeSuite\",\"beforeHook\",\"beforeTest\",\"afterTest\",\"afterHook\",\"afterSuite\",\"afterSession\",\"after\",\"onComplete\",\"beforeAssertion\",\"afterAssertion\",\"beforeFeature\",\"beforeScenario\",\"beforeStep\",\"afterStep\",\"afterScenario\",\"afterFeature\",\"_\",\"suite\",\"$0\",\"ignoredWorkerServices\",\"wdi5\"]"}]}
COMMAND: POST /session/4dda79d38857d1487a3acc9aa2e8b8cf/execute/async - {"script":"<script> [21126 bytes]","args":[35000]}
RESULT: {"script":"<script> [21126 bytes]","args":[35000]}
COMMAND: POST /session/4dda79d38857d1487a3acc9aa2e8b8cf/execute/async - {"script":"<script> [1562 bytes]","args":[{"selector":{"controlType":"sap.m.GenericTile","properties":{"header":"Manage Sites"}},"wdio_ui5_key":"sapm.GenericTile{\"header\":\"Manage Sites\"}"}]}
RESULT: {"script":"<script> [1562 bytes]","args":[{"selector":{"controlType":"sap.m.GenericTile","properties":{"header":"Manage Sites"}},"wdio_ui5_key":"sapm.GenericTile{\"header\":\"Manage Sites\"}"}]}
RESULT: undefined
COMMAND: POST /session/4dda79d38857d1487a3acc9aa2e8b8cf/element - {"using":"xpath","value":"//*[@id=\"__tile40\"]"}
RESULT: {"using":"xpath","value":"//*[@id=\"__tile40\"]"}
COMMAND: POST /session/4dda79d38857d1487a3acc9aa2e8b8cf/element/f.B3DE6F40683FFAB1CA736CEEF5589B44.d.3C32BA79F644EB5E6842D0235C654F90.e.1184/click - {}
RESULT: {}
COMMAND: GET /session/4dda79d38857d1487a3acc9aa2e8b8cf/screenshot - {}
RESULT: {}
COMMAND: POST /session/4dda79d38857d1487a3acc9aa2e8b8cf/elements - {"using":"xpath","value":"//span[text()='Error']"}
RESULT: {"using":"xpath","value":"//span[text()='Error']"}
COMMAND: POST /session/4dda79d38857d1487a3acc9aa2e8b8cf/execute/async - {"script":"<script> [1562 bytes]","args":[{"selector":{"controlType":"sap.ui.core.Icon","viewName":"etm.portal.ui.managesites.view.Master","viewId":"application-managesites-display-component---masterSite","properties":{"src":{"regex":{"source":"add"}}}},"wdio_ui5_key":"etmportal.ui.managesites.view.Mastersap.ui.core.Icon{\"src\":{\"regex\":{\"source\":\"add\"}}}"}]}
RESULT: {"script":"<script> [1562 bytes]","args":[{"selector":{"controlType":"sap.ui.core.Icon","viewName":"etm.portal.ui.managesites.view.Master","viewId":"application-managesites-display-component---masterSite","properties":{"src":{"regex":{"source":"add"}}}},"wdio_ui5_key":"etmportal.ui.managesites.view.Mastersap.ui.core.Icon{\"src\":{\"regex\":{\"source\":\"add\"}}}"}]}
RESULT: undefined
COMMAND: POST /session/4dda79d38857d1487a3acc9aa2e8b8cf/element - {"using":"xpath","value":"//*[@id=\"__button4-img\"]"}
RESULT: {"using":"xpath","value":"//*[@id=\"__button4-img\"]"}
COMMAND: POST /session/4dda79d38857d1487a3acc9aa2e8b8cf/element/f.B3DE6F40683FFAB1CA736CEEF5589B44.d.3C32BA79F644EB5E6842D0235C654F90.e.1234/click - {}
RESULT: {}
COMMAND: POST /session/4dda79d38857d1487a3acc9aa2e8b8cf/execute/async - {"script":"<script> [1562 bytes]","args":[{"selector":{"id":"application-managesites-display-component---NewSite--siteId","interaction":{"idSuffix":"inner"}},"wdio_ui5_key":"applicationmanagesites-display-component---NewSite--siteId"}]}
COMMAND: GET /session/4dda79d38857d1487a3acc9aa2e8b8cf/screenshot - {}
RESULT: {"script":"<script> [1562 bytes]","args":[{"selector":{"id":"application-managesites-display-component---NewSite--siteId","interaction":{"idSuffix":"inner"}},"wdio_ui5_key":"applicationmanagesites-display-component---NewSite--siteId"}]}
RESULT: undefined
COMMAND: POST /session/4dda79d38857d1487a3acc9aa2e8b8cf/execute/async - {"script":"<script> [1562 bytes]","args":[{"selector":{"id":"application-managesites-display-component---NewSite--addressDetailDetailsName1","interaction":{"idSuffix":"inner"}},"wdio_ui5_key":"applicationmanagesites-display-component---NewSite--addressDetailDetailsName1"}]}
RESULT: {}
RESULT: {"script":"<script> [1562 bytes]","args":[{"selector":{"id":"application-managesites-display-component---NewSite--addressDetailDetailsName1","interaction":{"idSuffix":"inner"}},"wdio_ui5_key":"applicationmanagesites-display-component---NewSite--addressDetailDetailsName1"}]}
RESULT: undefined
COMMAND: POST /session/4dda79d38857d1487a3acc9aa2e8b8cf/execute/async - {"script":"<script> [776 bytes]","args":[{"enterText":"WebdriverSitead4ueg","selector":{"id":"application-managesites-display-component---NewSite--addressDetailDetailsName1","interaction":{"idSuffix":"inner"}},"clearTextFirst":true,"interactionType":"ENTER_TEXT"}]}
RESULT: {"script":"<script> [776 bytes]","args":[{"enterText":"WebdriverSitead4ueg","selector":{"id":"application-managesites-display-component---NewSite--addressDetailDetailsName1","interaction":{"idSuffix":"inner"}},"clearTextFirst":true,"interactionType":"ENTER_TEXT"}]}
COMMAND: POST /session/4dda79d38857d1487a3acc9aa2e8b8cf/execute/async - {"script":"<script> [1562 bytes]","args":[{"selector":{"id":"application-managesites-display-component---NewSite--addressDetailDetailsLanguage","interaction":{"idSuffix":"inner"}},"wdio_ui5_key":"applicationmanagesites-display-component---NewSite--addressDetailDetailsLanguage"}]}
RESULT: {"script":"<script> [1562 bytes]","args":[{"selector":{"id":"application-managesites-display-component---NewSite--addressDetailDetailsLanguage","interaction":{"idSuffix":"inner"}},"wdio_ui5_key":"applicationmanagesites-display-component---NewSite--addressDetailDetailsLanguage"}]}
RESULT: undefined
COMMAND: POST /session/4dda79d38857d1487a3acc9aa2e8b8cf/execute/async - {"script":"<script> [776 bytes]","args":[{"enterText":"Romanian","selector":{"id":"application-managesites-display-component---NewSite--addressDetailDetailsLanguage","interaction":{"idSuffix":"inner"}},"clearTextFirst":true,"interactionType":"ENTER_TEXT"}]}
RESULT: {"script":"<script> [776 bytes]","args":[{"enterText":"Romanian","selector":{"id":"application-managesites-display-component---NewSite--addressDetailDetailsLanguage","interaction":{"idSuffix":"inner"}},"clearTextFirst":true,"interactionType":"ENTER_TEXT"}]}
COMMAND: POST /session/4dda79d38857d1487a3acc9aa2e8b8cf/execute/async - {"script":"<script> [1562 bytes]","args":[{"selector":{"id":"application-managesites-display-component---NewSite--addressDetailDetailsCity1","interaction":{"idSuffix":"inner"}},"wdio_ui5_key":"applicationmanagesites-display-component---NewSite--addressDetailDetailsCity1"}]}
RESULT: {"script":"<script> [1562 bytes]","args":[{"selector":{"id":"application-managesites-display-component---NewSite--addressDetailDetailsCity1","interaction":{"idSuffix":"inner"}},"wdio_ui5_key":"applicationmanagesites-display-component---NewSite--addressDetailDetailsCity1"}]}
RESULT: undefined
COMMAND: POST /session/4dda79d38857d1487a3acc9aa2e8b8cf/execute/async - {"script":"<script> [776 bytes]","args":[{"enterText":"Bucharest","selector":{"id":"application-managesites-display-component---NewSite--addressDetailDetailsCity1","interaction":{"idSuffix":"inner"}},"clearTextFirst":true,"interactionType":"ENTER_TEXT"}]}
RESULT: {"script":"<script> [776 bytes]","args":[{"enterText":"Bucharest","selector":{"id":"application-managesites-display-component---NewSite--addressDetailDetailsCity1","interaction":{"idSuffix":"inner"}},"clearTextFirst":true,"interactionType":"ENTER_TEXT"}]}
COMMAND: POST /session/4dda79d38857d1487a3acc9aa2e8b8cf/execute/async - {"script":"<script> [1562 bytes]","args":[{"selector":{"id":"application-managesites-display-component---NewSite--addressDetailDetailsCountry","interaction":{"idSuffix":"inner"}},"wdio_ui5_key":"applicationmanagesites-display-component---NewSite--addressDetailDetailsCountry"}]}
RESULT: {"script":"<script> [1562 bytes]","args":[{"selector":{"id":"application-managesites-display-component---NewSite--addressDetailDetailsCountry","interaction":{"idSuffix":"inner"}},"wdio_ui5_key":"applicationmanagesites-display-component---NewSite--addressDetailDetailsCountry"}]}
RESULT: undefined
COMMAND: POST /session/4dda79d38857d1487a3acc9aa2e8b8cf/execute/async - {"script":"<script> [776 bytes]","args":[{"enterText":"Romania","selector":{"id":"application-managesites-display-component---NewSite--addressDetailDetailsCountry","interaction":{"idSuffix":"inner"}},"clearTextFirst":true,"interactionType":"ENTER_TEXT"}]}
RESULT: {"script":"<script> [776 bytes]","args":[{"enterText":"Romania","selector":{"id":"application-managesites-display-component---NewSite--addressDetailDetailsCountry","interaction":{"idSuffix":"inner"}},"clearTextFirst":true,"interactionType":"ENTER_TEXT"}]}
COMMAND: POST /session/4dda79d38857d1487a3acc9aa2e8b8cf/element - {"using":"css selector","value":"#application-managesites-display-component---NewSite--addressDetailDetailsCalendar-inner"}
RESULT: {"using":"css selector","value":"#application-managesites-display-component---NewSite--addressDetailDetailsCalendar-inner"}
COMMAND: POST /session/4dda79d38857d1487a3acc9aa2e8b8cf/element/f.B3DE6F40683FFAB1CA736CEEF5589B44.d.3C32BA79F644EB5E6842D0235C654F90.e.1422/clear - {}
RESULT: {}
COMMAND: POST /session/4dda79d38857d1487a3acc9aa2e8b8cf/element/f.B3DE6F40683FFAB1CA736CEEF5589B44.d.3C32BA79F644EB5E6842D0235C654F90.e.1422/value - {"text":"Germany"}
COMMAND: GET /session/4dda79d38857d1487a3acc9aa2e8b8cf/screenshot - {}
RESULT: {"text":"Germany"}
COMMAND: POST /session/4dda79d38857d1487a3acc9aa2e8b8cf/execute/async - {"script":"<script> [1562 bytes]","args":[{"selector":{"id":"application-managesites-display-component---NewSite--addressEditDetailsCostObjectCstType-arrow"},"wdio_ui5_key":"applicationmanagesites-display-component---NewSite--addressEditDetailsCostObjectCstType-arrow"}]}
COMMAND: GET /session/4dda79d38857d1487a3acc9aa2e8b8cf/screenshot - {}
RESULT: {}
RESULT: {"script":"<script> [1562 bytes]","args":[{"selector":{"id":"application-managesites-display-component---NewSite--addressEditDetailsCostObjectCstType-arrow"},"wdio_ui5_key":"applicationmanagesites-display-component---NewSite--addressEditDetailsCostObjectCstType-arrow"}]}
RESULT: undefined
COMMAND: POST /session/4dda79d38857d1487a3acc9aa2e8b8cf/element - {"using":"xpath","value":"//*[@id=\"application-managesites-display-component---NewSite--addressEditDetailsCostObjectCstType-arrow\"]"}
RESULT: {}
RESULT: {"using":"xpath","value":"//*[@id=\"application-managesites-display-component---NewSite--addressEditDetailsCostObjectCstType-arrow\"]"}
COMMAND: POST /session/4dda79d38857d1487a3acc9aa2e8b8cf/element/f.B3DE6F40683FFAB1CA736CEEF5589B44.d.3C32BA79F644EB5E6842D0235C654F90.e.1616/click - {}
RESULT: {}
COMMAND: POST /session/4dda79d38857d1487a3acc9aa2e8b8cf/element - {"using":"xpath","value":"//span[contains(text(), \"Work Breakdown Structure\")]"}
COMMAND: GET /session/4dda79d38857d1487a3acc9aa2e8b8cf/screenshot - {}
RESULT: {"using":"xpath","value":"//span[contains(text(), \"Work Breakdown Structure\")]"}
COMMAND: POST /session/4dda79d38857d1487a3acc9aa2e8b8cf/element/f.B3DE6F40683FFAB1CA736CEEF5589B44.d.3C32BA79F644EB5E6842D0235C654F90.e.1617/click - {}
RESULT: {}
RESULT: {}
COMMAND: GET /session/4dda79d38857d1487a3acc9aa2e8b8cf/screenshot - {}
RESULT: {}
COMMAND: POST /session/4dda79d38857d1487a3acc9aa2e8b8cf/execute/async - {"script":"<script> [1562 bytes]","args":[{"selector":{"id":"application-managesites-display-component---NewSite--addressNewCostObjectCstID-vhi"},"wdio_ui5_key":"applicationmanagesites-display-component---NewSite--addressNewCostObjectCstID-vhi"}]}
RESULT: {"script":"<script> [1562 bytes]","args":[{"selector":{"id":"application-managesites-display-component---NewSite--addressNewCostObjectCstID-vhi"},"wdio_ui5_key":"applicationmanagesites-display-component---NewSite--addressNewCostObjectCstID-vhi"}]}
RESULT: undefined
COMMAND: POST /session/4dda79d38857d1487a3acc9aa2e8b8cf/element - {"using":"xpath","value":"//*[@id=\"application-managesites-display-component---NewSite--addressNewCostObjectCstID-vhi\"]"}
RESULT: {"using":"xpath","value":"//*[@id=\"application-managesites-display-component---NewSite--addressNewCostObjectCstID-vhi\"]"}
COMMAND: POST /session/4dda79d38857d1487a3acc9aa2e8b8cf/element/f.B3DE6F40683FFAB1CA736CEEF5589B44.d.3C32BA79F644EB5E6842D0235C654F90.e.1622/click - {}
RESULT: {}
COMMAND: GET /session/4dda79d38857d1487a3acc9aa2e8b8cf/screenshot - {}
RESULT: {}
COMMAND: POST /session/4dda79d38857d1487a3acc9aa2e8b8cf/execute/async - {"script":"<script> [1562 bytes]","args":[{"selector":{"controlType":"sap.m.SearchField","properties":{"placeholder":"Search"},"searchOpenDialogs":true,"interaction":{"idSuffix":"I"}},"wdio_ui5_key":"sapm.SearchField{\"placeholder\":\"Search\"}"}]}
RESULT: {"script":"<script> [1562 bytes]","args":[{"selector":{"controlType":"sap.m.SearchField","properties":{"placeholder":"Search"},"searchOpenDialogs":true,"interaction":{"idSuffix":"I"}},"wdio_ui5_key":"sapm.SearchField{\"placeholder\":\"Search\"}"}]}
RESULT: undefined
COMMAND: POST /session/4dda79d38857d1487a3acc9aa2e8b8cf/execute/async - {"script":"<script> [776 bytes]","args":[{"enterText":"A1-000100-01","selector":{"controlType":"sap.m.SearchField","properties":{"placeholder":"Search"},"searchOpenDialogs":true,"interaction":{"idSuffix":"I"}},"clearTextFirst":true,"interactionType":"ENTER_TEXT"}]}
RESULT: {"script":"<script> [776 bytes]","args":[{"enterText":"A1-000100-01","selector":{"controlType":"sap.m.SearchField","properties":{"placeholder":"Search"},"searchOpenDialogs":true,"interaction":{"idSuffix":"I"}},"clearTextFirst":true,"interactionType":"ENTER_TEXT"}]}
COMMAND: POST /session/4dda79d38857d1487a3acc9aa2e8b8cf/actions - {"actions":[{"id":"action3","type":"key","parameters":{},"actions":[{"type":"keyDown","value":"î€‡"},{"type":"pause","duration":10},{"type":"keyUp","value":"î€‡"}]}]}
RESULT: {"actions":[{"id":"action3","type":"key","parameters":{},"actions":[{"type":"keyDown","value":"î€‡"},{"type":"pause","duration":10},{"type":"keyUp","value":"î€‡"}]}]}
COMMAND: GET /session/4dda79d38857d1487a3acc9aa2e8b8cf/screenshot - {}
RESULT: {}
COMMAND: POST /session/4dda79d38857d1487a3acc9aa2e8b8cf/element - {"using":"xpath","value":"//span[contains(text(), \"Template for ETO-Process\")]"}
RESULT: {"using":"xpath","value":"//span[contains(text(), \"Template for ETO-Process\")]"}
COMMAND: POST /session/4dda79d38857d1487a3acc9aa2e8b8cf/element/f.B3DE6F40683FFAB1CA736CEEF5589B44.d.3C32BA79F644EB5E6842D0235C654F90.e.1641/click - {}
RESULT: {}
COMMAND: GET /session/4dda79d38857d1487a3acc9aa2e8b8cf/screenshot - {}
RESULT: {}
COMMAND: POST /session/4dda79d38857d1487a3acc9aa2e8b8cf/element - {"using":"xpath","value":"//bdi[contains(text(), \"OK\")]"}
RESULT: {"using":"xpath","value":"//bdi[contains(text(), \"OK\")]"}
COMMAND: POST /session/4dda79d38857d1487a3acc9aa2e8b8cf/element/f.B3DE6F40683FFAB1CA736CEEF5589B44.d.3C32BA79F644EB5E6842D0235C654F90.e.1642/click - {}
RESULT: {}
COMMAND: GET /session/4dda79d38857d1487a3acc9aa2e8b8cf/screenshot - {}
RESULT: {}
COMMAND: POST /session/4dda79d38857d1487a3acc9aa2e8b8cf/element - {"using":"xpath","value":"//input[@id=\"application-managesites-display-component---NewSite--addressDetailDetailsYard-inner\"]"}
RESULT: {"using":"xpath","value":"//input[@id=\"application-managesites-display-component---NewSite--addressDetailDetailsYard-inner\"]"}
COMMAND: POST /session/4dda79d38857d1487a3acc9aa2e8b8cf/element/f.B3DE6F40683FFAB1CA736CEEF5589B44.d.3C32BA79F644EB5E6842D0235C654F90.e.1423/value - {"text":"WebdriverYard2j5apk"}
RESULT: {"text":"WebdriverYard2j5apk"}
COMMAND: GET /session/4dda79d38857d1487a3acc9aa2e8b8cf/screenshot - {}
RESULT: {}
COMMAND: POST /session/4dda79d38857d1487a3acc9aa2e8b8cf/actions - {"actions":[{"id":"action4","type":"key","parameters":{},"actions":[{"type":"keyDown","value":"î€‡"},{"type":"pause","duration":10},{"type":"keyUp","value":"î€‡"}]}]}
RESULT: {"actions":[{"id":"action4","type":"key","parameters":{},"actions":[{"type":"keyDown","value":"î€‡"},{"type":"pause","duration":10},{"type":"keyUp","value":"î€‡"}]}]}
COMMAND: GET /session/4dda79d38857d1487a3acc9aa2e8b8cf/screenshot - {}
RESULT: {}
COMMAND: POST /session/4dda79d38857d1487a3acc9aa2e8b8cf/element - {"using":"xpath","value":"//input[@id=\"application-managesites-display-component---NewSite--addressDetailDetailsPartner-inner\"]"}
RESULT: {"using":"xpath","value":"//input[@id=\"application-managesites-display-component---NewSite--addressDetailDetailsPartner-inner\"]"}
COMMAND: POST /session/4dda79d38857d1487a3acc9aa2e8b8cf/elements - {"using":"xpath","value":"//input[@id=\"application-managesites-display-component---NewSite--addressDetailDetailsPartner-inner\"]"}
RESULT: {"using":"xpath","value":"//input[@id=\"application-managesites-display-component---NewSite--addressDetailDetailsPartner-inner\"]"}
COMMAND: POST /session/4dda79d38857d1487a3acc9aa2e8b8cf/execute/async - {"script":"<script> [1562 bytes]","args":[{"selector":{"controlType":"sap.m.Button","viewName":"etm.portal.ui.managesites.view.NewSmartSite","viewId":"application-managesites-display-component---NewSite","properties":{"text":"Commercial"},"interaction":{"idSuffix":"BDI-content"}},"wdio_ui5_key":"etmportal.ui.managesites.view.NewSmartSitesap.m.Button{\"text\":\"Commercial\"}"}]}
RESULT: {"script":"<script> [1562 bytes]","args":[{"selector":{"controlType":"sap.m.Button","viewName":"etm.portal.ui.managesites.view.NewSmartSite","viewId":"application-managesites-display-component---NewSite","properties":{"text":"Commercial"},"interaction":{"idSuffix":"BDI-content"}},"wdio_ui5_key":"etmportal.ui.managesites.view.NewSmartSitesap.m.Button{\"text\":\"Commercial\"}"}]}
RESULT: undefined
COMMAND: POST /session/4dda79d38857d1487a3acc9aa2e8b8cf/element - {"using":"xpath","value":"//*[@id=\"application-managesites-display-component---NewSite--ObjectPageLayout-anchBar-__section5-anchor\"]"}
RESULT: {"using":"xpath","value":"//*[@id=\"application-managesites-display-component---NewSite--ObjectPageLayout-anchBar-__section5-anchor\"]"}
COMMAND: POST /session/4dda79d38857d1487a3acc9aa2e8b8cf/element/f.B3DE6F40683FFAB1CA736CEEF5589B44.d.3C32BA79F644EB5E6842D0235C654F90.e.1649/click - {}
RESULT: {}
COMMAND: POST /session/4dda79d38857d1487a3acc9aa2e8b8cf/execute/async - {"script":"<script> [1562 bytes]","args":[{"selector":{"controlType":"sap.m.Button","viewName":"etm.portal.ui.managesites.view.NewSmartSite","viewId":"application-managesites-display-component---NewSite","i18NText":{"propertyName":"text","key":"save"},"interaction":{"idSuffix":"BDI-content"}},"wdio_ui5_key":"etmportal.ui.managesites.view.NewSmartSitesap.m.Button{\"propertyName\":\"text\",\"key\":\"save\"}"}]}
COMMAND: GET /session/4dda79d38857d1487a3acc9aa2e8b8cf/screenshot - {}
RESULT: {"script":"<script> [1562 bytes]","args":[{"selector":{"controlType":"sap.m.Button","viewName":"etm.portal.ui.managesites.view.NewSmartSite","viewId":"application-managesites-display-component---NewSite","i18NText":{"propertyName":"text","key":"save"},"interaction":{"idSuffix":"BDI-content"}},"wdio_ui5_key":"etmportal.ui.managesites.view.NewSmartSitesap.m.Button{\"propertyName\":\"text\",\"key\":\"save\"}"}]}
RESULT: undefined
COMMAND: POST /session/4dda79d38857d1487a3acc9aa2e8b8cf/element - {"using":"xpath","value":"//*[@id=\"__button16\"]"}
RESULT: {}
RESULT: {"using":"xpath","value":"//*[@id=\"__button16\"]"}
COMMAND: POST /session/4dda79d38857d1487a3acc9aa2e8b8cf/element/f.B3DE6F40683FFAB1CA736CEEF5589B44.d.3C32BA79F644EB5E6842D0235C654F90.e.1554/click - {}
RESULT: {}
COMMAND: GET /session/4dda79d38857d1487a3acc9aa2e8b8cf/screenshot - {}
RESULT: {}
COMMAND: POST /session/4dda79d38857d1487a3acc9aa2e8b8cf/execute/async - {"script":"<script> [1562 bytes]","args":[{"selector":{"id":"application-managesites-display-component---detailSite--addressDetailDetailsYardText"},"wdio_ui5_key":"applicationmanagesites-display-component---detailSite--addressDetailDetailsYardText"}]}
RESULT: {"script":"<script> [1562 bytes]","args":[{"selector":{"id":"application-managesites-display-component---detailSite--addressDetailDetailsYardText"},"wdio_ui5_key":"applicationmanagesites-display-component---detailSite--addressDetailDetailsYardText"}]}
RESULT: undefined
COMMAND: POST /session/4dda79d38857d1487a3acc9aa2e8b8cf/element - {"using":"xpath","value":"//header/div/div[2]/div[2]/span"}
RESULT: {"using":"xpath","value":"//header/div/div[2]/div[2]/span"}
COMMAND: GET /session/4dda79d38857d1487a3acc9aa2e8b8cf/element/f.B3DE6F40683FFAB1CA736CEEF5589B44.d.3C32BA79F644EB5E6842D0235C654F90.e.1860/text - {}
RESULT: {}
COMMAND: POST /session/4dda79d38857d1487a3acc9aa2e8b8cf/element - {"using":"xpath","value":"//header/div/div/div/div/div/div[2]/div/span"}
RESULT: {"using":"xpath","value":"//header/div/div/div/div/div/div[2]/div/span"}
COMMAND: GET /session/4dda79d38857d1487a3acc9aa2e8b8cf/element/f.B3DE6F40683FFAB1CA736CEEF5589B44.d.3C32BA79F644EB5E6842D0235C654F90.e.1861/text - {}
RESULT: {}
COMMAND: POST /session/4dda79d38857d1487a3acc9aa2e8b8cf/element - {"using":"css selector","value":"#shell-header-logo"}
RESULT: {"using":"css selector","value":"#shell-header-logo"}
COMMAND: POST /session/4dda79d38857d1487a3acc9aa2e8b8cf/element/f.B3DE6F40683FFAB1CA736CEEF5589B44.d.3C32BA79F644EB5E6842D0235C654F90.e.1188/click - {}
RESULT: {}
COMMAND: GET /session/4dda79d38857d1487a3acc9aa2e8b8cf/screenshot - {}
RESULT: {}
COMMAND: POST /session/4dda79d38857d1487a3acc9aa2e8b8cf/execute/async - {"script":"<script> [1562 bytes]","args":[{"selector":{"controlType":"sap.m.GenericTile","properties":{"header":"Manage Partners"}},"wdio_ui5_key":"sapm.GenericTile{\"header\":\"Manage Partners\"}"}]}
RESULT: {"script":"<script> [1562 bytes]","args":[{"selector":{"controlType":"sap.m.GenericTile","properties":{"header":"Manage Partners"}},"wdio_ui5_key":"sapm.GenericTile{\"header\":\"Manage Partners\"}"}]}
RESULT: undefined
COMMAND: POST /session/4dda79d38857d1487a3acc9aa2e8b8cf/element - {"using":"xpath","value":"//*[@id=\"__tile38\"]"}
RESULT: {"using":"xpath","value":"//*[@id=\"__tile38\"]"}
COMMAND: POST /session/4dda79d38857d1487a3acc9aa2e8b8cf/element/f.B3DE6F40683FFAB1CA736CEEF5589B44.d.3C32BA79F644EB5E6842D0235C654F90.e.1863/click - {}
RESULT: {}
COMMAND: GET /session/4dda79d38857d1487a3acc9aa2e8b8cf/screenshot - {}
RESULT: {}
COMMAND: POST /session/4dda79d38857d1487a3acc9aa2e8b8cf/elements - {"using":"xpath","value":"//span[text()='Error']"}
RESULT: {"using":"xpath","value":"//span[text()='Error']"}
COMMAND: POST /session/4dda79d38857d1487a3acc9aa2e8b8cf/execute/async - {"script":"<script> [1562 bytes]","args":[{"selector":{"controlType":"sap.ui.core.Icon","viewName":"etm.portal.ui.managepartners.view.Master","viewId":"application-managepartners-display-component---masterPtm","properties":{"src":{"regex":{"source":"add"}}}},"wdio_ui5_key":"etmportal.ui.managepartners.view.Mastersap.ui.core.Icon{\"src\":{\"regex\":{\"source\":\"add\"}}}"}]}
RESULT: {"script":"<script> [1562 bytes]","args":[{"selector":{"controlType":"sap.ui.core.Icon","viewName":"etm.portal.ui.managepartners.view.Master","viewId":"application-managepartners-display-component---masterPtm","properties":{"src":{"regex":{"source":"add"}}}},"wdio_ui5_key":"etmportal.ui.managepartners.view.Mastersap.ui.core.Icon{\"src\":{\"regex\":{\"source\":\"add\"}}}"}]}
RESULT: undefined
COMMAND: POST /session/4dda79d38857d1487a3acc9aa2e8b8cf/element - {"using":"xpath","value":"//*[@id=\"__button56-img\"]"}
RESULT: {"using":"xpath","value":"//*[@id=\"__button56-img\"]"}
COMMAND: POST /session/4dda79d38857d1487a3acc9aa2e8b8cf/element/f.B3DE6F40683FFAB1CA736CEEF5589B44.d.3C32BA79F644EB5E6842D0235C654F90.e.1913/click - {}
RESULT: {}
COMMAND: GET /session/4dda79d38857d1487a3acc9aa2e8b8cf/screenshot - {}
RESULT: {}
COMMAND: POST /session/4dda79d38857d1487a3acc9aa2e8b8cf/execute/async - {"script":"<script> [1562 bytes]","args":[{"selector":{"id":"application-managepartners-display-component---NewPartner--partnerId","interaction":{"idSuffix":"inner"}},"wdio_ui5_key":"applicationmanagepartners-display-component---NewPartner--partnerId"}]}
RESULT: {"script":"<script> [1562 bytes]","args":[{"selector":{"id":"application-managepartners-display-component---NewPartner--partnerId","interaction":{"idSuffix":"inner"}},"wdio_ui5_key":"applicationmanagepartners-display-component---NewPartner--partnerId"}]}
RESULT: undefined
COMMAND: POST /session/4dda79d38857d1487a3acc9aa2e8b8cf/execute/async - {"script":"<script> [1562 bytes]","args":[{"selector":{"id":"application-managepartners-display-component---NewPartner--addressDetailDetailsName1","interaction":{"idSuffix":"inner"}},"wdio_ui5_key":"applicationmanagepartners-display-component---NewPartner--addressDetailDetailsName1"}]}
RESULT: {"script":"<script> [1562 bytes]","args":[{"selector":{"id":"application-managepartners-display-component---NewPartner--addressDetailDetailsName1","interaction":{"idSuffix":"inner"}},"wdio_ui5_key":"applicationmanagepartners-display-component---NewPartner--addressDetailDetailsName1"}]}
RESULT: undefined
COMMAND: POST /session/4dda79d38857d1487a3acc9aa2e8b8cf/execute/async - {"script":"<script> [776 bytes]","args":[{"enterText":"WebdriverPartner29zwr","selector":{"id":"application-managepartners-display-component---NewPartner--addressDetailDetailsName1","interaction":{"idSuffix":"inner"}},"clearTextFirst":true,"interactionType":"ENTER_TEXT"}]}
RESULT: {"script":"<script> [776 bytes]","args":[{"enterText":"WebdriverPartner29zwr","selector":{"id":"application-managepartners-display-component---NewPartner--addressDetailDetailsName1","interaction":{"idSuffix":"inner"}},"clearTextFirst":true,"interactionType":"ENTER_TEXT"}]}
COMMAND: POST /session/4dda79d38857d1487a3acc9aa2e8b8cf/execute/async - {"script":"<script> [1562 bytes]","args":[{"selector":{"id":"application-managepartners-display-component---NewPartner--addressDetailDetailsLanguage","interaction":{"idSuffix":"inner"}},"wdio_ui5_key":"applicationmanagepartners-display-component---NewPartner--addressDetailDetailsLanguage"}]}
RESULT: {"script":"<script> [1562 bytes]","args":[{"selector":{"id":"application-managepartners-display-component---NewPartner--addressDetailDetailsLanguage","interaction":{"idSuffix":"inner"}},"wdio_ui5_key":"applicationmanagepartners-display-component---NewPartner--addressDetailDetailsLanguage"}]}
RESULT: undefined
COMMAND: POST /session/4dda79d38857d1487a3acc9aa2e8b8cf/execute/async - {"script":"<script> [776 bytes]","args":[{"enterText":"Romanian","selector":{"id":"application-managepartners-display-component---NewPartner--addressDetailDetailsLanguage","interaction":{"idSuffix":"inner"}},"clearTextFirst":true,"interactionType":"ENTER_TEXT"}]}
RESULT: {"script":"<script> [776 bytes]","args":[{"enterText":"Romanian","selector":{"id":"application-managepartners-display-component---NewPartner--addressDetailDetailsLanguage","interaction":{"idSuffix":"inner"}},"clearTextFirst":true,"interactionType":"ENTER_TEXT"}]}
COMMAND: POST /session/4dda79d38857d1487a3acc9aa2e8b8cf/element - {"using":"xpath","value":"//input[contains(@id ,\"application-managepartners-display-component---NewPartner--addressDetailDetailsName1-inner\")]"}
RESULT: {"using":"xpath","value":"//input[contains(@id ,\"application-managepartners-display-component---NewPartner--addressDetailDetailsName1-inner\")]"}
COMMAND: GET /session/4dda79d38857d1487a3acc9aa2e8b8cf/element/f.B3DE6F40683FFAB1CA736CEEF5589B44.d.3C32BA79F644EB5E6842D0235C654F90.e.2101/property/value - {}
RESULT: {}
COMMAND: POST /session/4dda79d38857d1487a3acc9aa2e8b8cf/execute/async - {"script":"<script> [1562 bytes]","args":[{"selector":{"id":"application-managepartners-display-component---NewPartner--addressDetailDetailsCity1","interaction":{"idSuffix":"inner"}},"wdio_ui5_key":"applicationmanagepartners-display-component---NewPartner--addressDetailDetailsCity1"}]}
COMMAND: GET /session/4dda79d38857d1487a3acc9aa2e8b8cf/screenshot - {}
RESULT: {"script":"<script> [1562 bytes]","args":[{"selector":{"id":"application-managepartners-display-component---NewPartner--addressDetailDetailsCity1","interaction":{"idSuffix":"inner"}},"wdio_ui5_key":"applicationmanagepartners-display-component---NewPartner--addressDetailDetailsCity1"}]}
RESULT: undefined
COMMAND: POST /session/4dda79d38857d1487a3acc9aa2e8b8cf/execute/async - {"script":"<script> [776 bytes]","args":[{"enterText":"Bucharest","selector":{"id":"application-managepartners-display-component---NewPartner--addressDetailDetailsCity1","interaction":{"idSuffix":"inner"}},"clearTextFirst":true,"interactionType":"ENTER_TEXT"}]}
RESULT: {}
RESULT: {"script":"<script> [776 bytes]","args":[{"enterText":"Bucharest","selector":{"id":"application-managepartners-display-component---NewPartner--addressDetailDetailsCity1","interaction":{"idSuffix":"inner"}},"clearTextFirst":true,"interactionType":"ENTER_TEXT"}]}
COMMAND: POST /session/4dda79d38857d1487a3acc9aa2e8b8cf/execute/async - {"script":"<script> [1562 bytes]","args":[{"selector":{"id":"application-managepartners-display-component---NewPartner--addressDetailDetailsCountry","interaction":{"idSuffix":"inner"}},"wdio_ui5_key":"applicationmanagepartners-display-component---NewPartner--addressDetailDetailsCountry"}]}
RESULT: {"script":"<script> [1562 bytes]","args":[{"selector":{"id":"application-managepartners-display-component---NewPartner--addressDetailDetailsCountry","interaction":{"idSuffix":"inner"}},"wdio_ui5_key":"applicationmanagepartners-display-component---NewPartner--addressDetailDetailsCountry"}]}
RESULT: undefined
COMMAND: POST /session/4dda79d38857d1487a3acc9aa2e8b8cf/execute/async - {"script":"<script> [6424 bytes]","args":[{"element-6066-11e4-a52e-4f735466cecf":"f.B3DE6F40683FFAB1CA736CEEF5589B44.d.3C32BA79F644EB5E6842D0235C654F90.e.2108"},"setValue",["Romania"]]}
RESULT: {"script":"<script> [6424 bytes]","args":[{"element-6066-11e4-a52e-4f735466cecf":"f.B3DE6F40683FFAB1CA736CEEF5589B44.d.3C32BA79F644EB5E6842D0235C654F90.e.2108"},"setValue",["Romania"]]}
COMMAND: POST /session/4dda79d38857d1487a3acc9aa2e8b8cf/execute/async - {"script":"<script> [1562 bytes]","args":[{"selector":{"id":"application-managepartners-display-component---NewPartner--partnerDetailInternal","interaction":{"idSuffix":"inner"}},"wdio_ui5_key":"applicationmanagepartners-display-component---NewPartner--partnerDetailInternal"}]}
RESULT: {"script":"<script> [1562 bytes]","args":[{"selector":{"id":"application-managepartners-display-component---NewPartner--partnerDetailInternal","interaction":{"idSuffix":"inner"}},"wdio_ui5_key":"applicationmanagepartners-display-component---NewPartner--partnerDetailInternal"}]}
RESULT: undefined
COMMAND: POST /session/4dda79d38857d1487a3acc9aa2e8b8cf/execute/async - {"script":"<script> [776 bytes]","args":[{"enterText":"External partner","selector":{"id":"application-managepartners-display-component---NewPartner--partnerDetailInternal","interaction":{"idSuffix":"inner"}},"clearTextFirst":true,"interactionType":"ENTER_TEXT"}]}
RESULT: {"script":"<script> [776 bytes]","args":[{"enterText":"External partner","selector":{"id":"application-managepartners-display-component---NewPartner--partnerDetailInternal","interaction":{"idSuffix":"inner"}},"clearTextFirst":true,"interactionType":"ENTER_TEXT"}]}
COMMAND: POST /session/4dda79d38857d1487a3acc9aa2e8b8cf/execute/async - {"script":"<script> [1562 bytes]","args":[{"selector":{"id":"application-managepartners-display-component---NewPartner--partnerDetailsCurrency","interaction":{"idSuffix":"inner"}},"wdio_ui5_key":"applicationmanagepartners-display-component---NewPartner--partnerDetailsCurrency"}]}
RESULT: {"script":"<script> [1562 bytes]","args":[{"selector":{"id":"application-managepartners-display-component---NewPartner--partnerDetailsCurrency","interaction":{"idSuffix":"inner"}},"wdio_ui5_key":"applicationmanagepartners-display-component---NewPartner--partnerDetailsCurrency"}]}
RESULT: undefined
COMMAND: POST /session/4dda79d38857d1487a3acc9aa2e8b8cf/execute/async - {"script":"<script> [776 bytes]","args":[{"enterText":"Euro","selector":{"id":"application-managepartners-display-component---NewPartner--partnerDetailsCurrency","interaction":{"idSuffix":"inner"}},"clearTextFirst":true,"interactionType":"ENTER_TEXT"}]}
RESULT: {"script":"<script> [776 bytes]","args":[{"enterText":"Euro","selector":{"id":"application-managepartners-display-component---NewPartner--partnerDetailsCurrency","interaction":{"idSuffix":"inner"}},"clearTextFirst":true,"interactionType":"ENTER_TEXT"}]}
COMMAND: POST /session/4dda79d38857d1487a3acc9aa2e8b8cf/execute/async - {"script":"<script> [1562 bytes]","args":[{"selector":{"controlType":"sap.m.Button","viewName":"etm.portal.ui.managepartners.view.NewPartner","viewId":"application-managepartners-display-component---NewPartner","properties":{"text":"Commercial"},"interaction":{"idSuffix":"BDI-content"}},"wdio_ui5_key":"etmportal.ui.managepartners.view.NewPartnersap.m.Button{\"text\":\"Commercial\"}"}]}
RESULT: {"script":"<script> [1562 bytes]","args":[{"selector":{"controlType":"sap.m.Button","viewName":"etm.portal.ui.managepartners.view.NewPartner","viewId":"application-managepartners-display-component---NewPartner","properties":{"text":"Commercial"},"interaction":{"idSuffix":"BDI-content"}},"wdio_ui5_key":"etmportal.ui.managepartners.view.NewPartnersap.m.Button{\"text\":\"Commercial\"}"}]}
RESULT: undefined
COMMAND: POST /session/4dda79d38857d1487a3acc9aa2e8b8cf/element - {"using":"xpath","value":"//*[@id=\"application-managepartners-display-component---NewPartner--ObjectPageLayout-anchBar-__section27-anchor\"]"}
RESULT: {"using":"xpath","value":"//*[@id=\"application-managepartners-display-component---NewPartner--ObjectPageLayout-anchBar-__section27-anchor\"]"}
COMMAND: POST /session/4dda79d38857d1487a3acc9aa2e8b8cf/element/f.B3DE6F40683FFAB1CA736CEEF5589B44.d.3C32BA79F644EB5E6842D0235C654F90.e.2348/click - {}
RESULT: {}
COMMAND: GET /session/4dda79d38857d1487a3acc9aa2e8b8cf/screenshot - {}
RESULT: {}
COMMAND: POST /session/4dda79d38857d1487a3acc9aa2e8b8cf/execute/async - {"script":"<script> [1562 bytes]","args":[{"selector":{"id":"application-managepartners-display-component---NewPartner--btnAddTableRow-img"},"wdio_ui5_key":"applicationmanagepartners-display-component---NewPartner--btnAddTableRow-img"}]}
RESULT: {"script":"<script> [1562 bytes]","args":[{"selector":{"id":"application-managepartners-display-component---NewPartner--btnAddTableRow-img"},"wdio_ui5_key":"applicationmanagepartners-display-component---NewPartner--btnAddTableRow-img"}]}
RESULT: undefined
COMMAND: POST /session/4dda79d38857d1487a3acc9aa2e8b8cf/element - {"using":"xpath","value":"//*[@id=\"application-managepartners-display-component---NewPartner--btnAddTableRow-img\"]"}
RESULT: {"using":"xpath","value":"//*[@id=\"application-managepartners-display-component---NewPartner--btnAddTableRow-img\"]"}
COMMAND: POST /session/4dda79d38857d1487a3acc9aa2e8b8cf/element/f.B3DE6F40683FFAB1CA736CEEF5589B44.d.3C32BA79F644EB5E6842D0235C654F90.e.2356/click - {}
RESULT: {}
COMMAND: POST /session/4dda79d38857d1487a3acc9aa2e8b8cf/element - {"using":"xpath","value":"//input[contains(@id ,\"application-managepartners-display-component---NewPartner--assignmentYard-application-managepartners-display-component---NewPartner\")]"}
COMMAND: GET /session/4dda79d38857d1487a3acc9aa2e8b8cf/screenshot - {}
RESULT: {"using":"xpath","value":"//input[contains(@id ,\"application-managepartners-display-component---NewPartner--assignmentYard-application-managepartners-display-component---NewPartner\")]"}
COMMAND: POST /session/4dda79d38857d1487a3acc9aa2e8b8cf/element/f.B3DE6F40683FFAB1CA736CEEF5589B44.d.3C32BA79F644EB5E6842D0235C654F90.e.2359/clear - {}
RESULT: {}
RESULT: {}
COMMAND: POST /session/4dda79d38857d1487a3acc9aa2e8b8cf/element/f.B3DE6F40683FFAB1CA736CEEF5589B44.d.3C32BA79F644EB5E6842D0235C654F90.e.2359/value - {"text":"WebdriverYard2j5apk"}
COMMAND: GET /session/4dda79d38857d1487a3acc9aa2e8b8cf/screenshot - {}
RESULT: {"text":"WebdriverYard2j5apk"}
COMMAND: GET /session/4dda79d38857d1487a3acc9aa2e8b8cf/screenshot - {}
RESULT: {}
RESULT: {}
COMMAND: POST /session/4dda79d38857d1487a3acc9aa2e8b8cf/execute/async - {"script":"<script> [1562 bytes]","args":[{"selector":{"controlType":"sap.m.Button","viewName":"etm.portal.ui.managepartners.view.NewPartner","viewId":"application-managepartners-display-component---NewPartner","i18NText":{"propertyName":"text","key":"save"},"interaction":{"idSuffix":"BDI-content"}},"wdio_ui5_key":"etmportal.ui.managepartners.view.NewPartnersap.m.Button{\"propertyName\":\"text\",\"key\":\"save\"}"}]}
RESULT: {"script":"<script> [1562 bytes]","args":[{"selector":{"controlType":"sap.m.Button","viewName":"etm.portal.ui.managepartners.view.NewPartner","viewId":"application-managepartners-display-component---NewPartner","i18NText":{"propertyName":"text","key":"save"},"interaction":{"idSuffix":"BDI-content"}},"wdio_ui5_key":"etmportal.ui.managepartners.view.NewPartnersap.m.Button{\"propertyName\":\"text\",\"key\":\"save\"}"}]}
RESULT: undefined
COMMAND: POST /session/4dda79d38857d1487a3acc9aa2e8b8cf/element - {"using":"xpath","value":"//*[@id=\"__button64\"]"}
RESULT: {"using":"xpath","value":"//*[@id=\"__button64\"]"}
COMMAND: POST /session/4dda79d38857d1487a3acc9aa2e8b8cf/element/f.B3DE6F40683FFAB1CA736CEEF5589B44.d.3C32BA79F644EB5E6842D0235C654F90.e.2287/click - {}
RESULT: {}
COMMAND: GET /session/4dda79d38857d1487a3acc9aa2e8b8cf/screenshot - {}
RESULT: {}
COMMAND: POST /session/4dda79d38857d1487a3acc9aa2e8b8cf/element - {"using":"xpath","value":"//header/div/div[2]/div[2]/span"}
RESULT: {"using":"xpath","value":"//header/div/div[2]/div[2]/span"}
COMMAND: GET /session/4dda79d38857d1487a3acc9aa2e8b8cf/element/f.B3DE6F40683FFAB1CA736CEEF5589B44.d.3C32BA79F644EB5E6842D0235C654F90.e.2529/text - {}
RESULT: {}
COMMAND: POST /session/4dda79d38857d1487a3acc9aa2e8b8cf/element - {"using":"xpath","value":"//header/div/div/div/div/div/div[2]/div/span"}
RESULT: {"using":"xpath","value":"//header/div/div/div/div/div/div[2]/div/span"}
COMMAND: GET /session/4dda79d38857d1487a3acc9aa2e8b8cf/element/f.B3DE6F40683FFAB1CA736CEEF5589B44.d.3C32BA79F644EB5E6842D0235C654F90.e.2530/text - {}
RESULT: {}
COMMAND: POST /session/4dda79d38857d1487a3acc9aa2e8b8cf/execute/async - {"script":"<script> [1562 bytes]","args":[{"selector":{"id":"application-managepartners-display-component---detailPtm--partnerType"},"wdio_ui5_key":"applicationmanagepartners-display-component---detailPtm--partnerType"}]}
RESULT: {"script":"<script> [1562 bytes]","args":[{"selector":{"id":"application-managepartners-display-component---detailPtm--partnerType"},"wdio_ui5_key":"applicationmanagepartners-display-component---detailPtm--partnerType"}]}
RESULT: undefined
COMMAND: POST /session/4dda79d38857d1487a3acc9aa2e8b8cf/execute/async - {"script":"<script> [6424 bytes]","args":[{"element-6066-11e4-a52e-4f735466cecf":"f.B3DE6F40683FFAB1CA736CEEF5589B44.d.3C32BA79F644EB5E6842D0235C654F90.e.2531"},"getText",[]]}
RESULT: {"script":"<script> [6424 bytes]","args":[{"element-6066-11e4-a52e-4f735466cecf":"f.B3DE6F40683FFAB1CA736CEEF5589B44.d.3C32BA79F644EB5E6842D0235C654F90.e.2531"},"getText",[]]}
COMMAND: POST /session/4dda79d38857d1487a3acc9aa2e8b8cf/element - {"using":"css selector","value":"#shell-header-logo"}
RESULT: {"using":"css selector","value":"#shell-header-logo"}
COMMAND: POST /session/4dda79d38857d1487a3acc9aa2e8b8cf/element/f.B3DE6F40683FFAB1CA736CEEF5589B44.d.3C32BA79F644EB5E6842D0235C654F90.e.1866/click - {}
RESULT: {}
COMMAND: GET /session/4dda79d38857d1487a3acc9aa2e8b8cf/screenshot - {}
RESULT: {}
]]></system-out>
    </testcase>
    <testcase classname="chrome.136_0_7103_93.windows.Webshop_-_Hyperlinks_visible_and_working_properly__US139085" name="Should create a new contract" time="100.769">
      <system-out><![CDATA[
COMMAND: POST /session/4dda79d38857d1487a3acc9aa2e8b8cf/execute/async - {"script":"<script> [1562 bytes]","args":[{"selector":{"controlType":"sap.m.GenericTile","properties":{"header":"Manage Contracts"}},"wdio_ui5_key":"sapm.GenericTile{\"header\":\"Manage Contracts\"}"}]}
RESULT: {"script":"<script> [1562 bytes]","args":[{"selector":{"controlType":"sap.m.GenericTile","properties":{"header":"Manage Contracts"}},"wdio_ui5_key":"sapm.GenericTile{\"header\":\"Manage Contracts\"}"}]}
RESULT: undefined
COMMAND: POST /session/4dda79d38857d1487a3acc9aa2e8b8cf/element - {"using":"xpath","value":"//*[@id=\"__tile130\"]"}
RESULT: {"using":"xpath","value":"//*[@id=\"__tile130\"]"}
COMMAND: POST /session/4dda79d38857d1487a3acc9aa2e8b8cf/element/f.B3DE6F40683FFAB1CA736CEEF5589B44.d.3C32BA79F644EB5E6842D0235C654F90.e.2534/click - {}
RESULT: {}
COMMAND: GET /session/4dda79d38857d1487a3acc9aa2e8b8cf/screenshot - {}
RESULT: {}
COMMAND: POST /session/4dda79d38857d1487a3acc9aa2e8b8cf/elements - {"using":"xpath","value":"//span[text()='Error']"}
RESULT: {"using":"xpath","value":"//span[text()='Error']"}
COMMAND: POST /session/4dda79d38857d1487a3acc9aa2e8b8cf/element - {"using":"xpath","value":"//button[@data-kt=\"addButton\"]"}
RESULT: {"using":"xpath","value":"//button[@data-kt=\"addButton\"]"}
COMMAND: POST /session/4dda79d38857d1487a3acc9aa2e8b8cf/element/f.B3DE6F40683FFAB1CA736CEEF5589B44.d.3C32BA79F644EB5E6842D0235C654F90.e.2585/click - {}
RESULT: {}
COMMAND: GET /session/4dda79d38857d1487a3acc9aa2e8b8cf/screenshot - {}
RESULT: {}
COMMAND: POST /session/4dda79d38857d1487a3acc9aa2e8b8cf/execute/async - {"script":"<script> [1562 bytes]","args":[{"selector":{"id":"application-managecontracts-display-component---AddNewContract--projectDescription","interaction":{"idSuffix":"inner"}},"wdio_ui5_key":"applicationmanagecontracts-display-component---AddNewContract--projectDescription"}]}
RESULT: {"script":"<script> [1562 bytes]","args":[{"selector":{"id":"application-managecontracts-display-component---AddNewContract--projectDescription","interaction":{"idSuffix":"inner"}},"wdio_ui5_key":"applicationmanagecontracts-display-component---AddNewContract--projectDescription"}]}
RESULT: undefined
COMMAND: POST /session/4dda79d38857d1487a3acc9aa2e8b8cf/execute/async - {"script":"<script> [776 bytes]","args":[{"enterText":"WdIOR2cfhpz","selector":{"id":"application-managecontracts-display-component---AddNewContract--projectDescription","interaction":{"idSuffix":"inner"}},"clearTextFirst":true,"interactionType":"ENTER_TEXT"}]}
RESULT: {"script":"<script> [776 bytes]","args":[{"enterText":"WdIOR2cfhpz","selector":{"id":"application-managecontracts-display-component---AddNewContract--projectDescription","interaction":{"idSuffix":"inner"}},"clearTextFirst":true,"interactionType":"ENTER_TEXT"}]}
COMMAND: POST /session/4dda79d38857d1487a3acc9aa2e8b8cf/element - {"using":"xpath","value":"//input[@id=\"application-managecontracts-display-component---AddNewContract--yardId-inner\"]"}
RESULT: {"using":"xpath","value":"//input[@id=\"application-managecontracts-display-component---AddNewContract--yardId-inner\"]"}
COMMAND: POST /session/4dda79d38857d1487a3acc9aa2e8b8cf/element/f.B3DE6F40683FFAB1CA736CEEF5589B44.d.3C32BA79F644EB5E6842D0235C654F90.e.2885/clear - {}
RESULT: {}
COMMAND: POST /session/4dda79d38857d1487a3acc9aa2e8b8cf/element/f.B3DE6F40683FFAB1CA736CEEF5589B44.d.3C32BA79F644EB5E6842D0235C654F90.e.2885/value - {"text":"WebdriverYard2j5apk"}
COMMAND: GET /session/4dda79d38857d1487a3acc9aa2e8b8cf/screenshot - {}
RESULT: {"text":"WebdriverYard2j5apk"}
COMMAND: GET /session/4dda79d38857d1487a3acc9aa2e8b8cf/screenshot - {}
RESULT: {}
RESULT: {}
COMMAND: POST /session/4dda79d38857d1487a3acc9aa2e8b8cf/actions - {"actions":[{"id":"action5","type":"key","parameters":{},"actions":[{"type":"keyDown","value":"î€‡"},{"type":"pause","duration":10},{"type":"keyUp","value":"î€‡"}]}]}
RESULT: {"actions":[{"id":"action5","type":"key","parameters":{},"actions":[{"type":"keyDown","value":"î€‡"},{"type":"pause","duration":10},{"type":"keyUp","value":"î€‡"}]}]}
COMMAND: GET /session/4dda79d38857d1487a3acc9aa2e8b8cf/screenshot - {}
RESULT: {}
COMMAND: POST /session/4dda79d38857d1487a3acc9aa2e8b8cf/element - {"using":"xpath","value":"//input[@id=\"application-managecontracts-display-component---AddNewContract--customerSelect-inner\"]"}
RESULT: {"using":"xpath","value":"//input[@id=\"application-managecontracts-display-component---AddNewContract--customerSelect-inner\"]"}
COMMAND: POST /session/4dda79d38857d1487a3acc9aa2e8b8cf/element/f.B3DE6F40683FFAB1CA736CEEF5589B44.d.3C32BA79F644EB5E6842D0235C654F90.e.2883/clear - {}
RESULT: {}
COMMAND: POST /session/4dda79d38857d1487a3acc9aa2e8b8cf/element/f.B3DE6F40683FFAB1CA736CEEF5589B44.d.3C32BA79F644EB5E6842D0235C654F90.e.2883/value - {"text":"WebdriverPartner29zwr"}
COMMAND: GET /session/4dda79d38857d1487a3acc9aa2e8b8cf/screenshot - {}
RESULT: {"text":"WebdriverPartner29zwr"}
COMMAND: GET /session/4dda79d38857d1487a3acc9aa2e8b8cf/screenshot - {}
RESULT: {}
RESULT: {}
COMMAND: POST /session/4dda79d38857d1487a3acc9aa2e8b8cf/actions - {"actions":[{"id":"action6","type":"key","parameters":{},"actions":[{"type":"keyDown","value":"î€‡"},{"type":"pause","duration":10},{"type":"keyUp","value":"î€‡"}]}]}
RESULT: {"actions":[{"id":"action6","type":"key","parameters":{},"actions":[{"type":"keyDown","value":"î€‡"},{"type":"pause","duration":10},{"type":"keyUp","value":"î€‡"}]}]}
COMMAND: GET /session/4dda79d38857d1487a3acc9aa2e8b8cf/screenshot - {}
RESULT: {}
COMMAND: POST /session/4dda79d38857d1487a3acc9aa2e8b8cf/element - {"using":"xpath","value":"//input[@id=\"application-managecontracts-display-component---AddNewContract--site-inner\"]"}
RESULT: {"using":"xpath","value":"//input[@id=\"application-managecontracts-display-component---AddNewContract--site-inner\"]"}
COMMAND: POST /session/4dda79d38857d1487a3acc9aa2e8b8cf/element/f.B3DE6F40683FFAB1CA736CEEF5589B44.d.3C32BA79F644EB5E6842D0235C654F90.e.2884/clear - {}
RESULT: {}
COMMAND: POST /session/4dda79d38857d1487a3acc9aa2e8b8cf/element/f.B3DE6F40683FFAB1CA736CEEF5589B44.d.3C32BA79F644EB5E6842D0235C654F90.e.2884/value - {"text":"WebdriverSitead4ueg"}
COMMAND: GET /session/4dda79d38857d1487a3acc9aa2e8b8cf/screenshot - {}
RESULT: {"text":"WebdriverSitead4ueg"}
COMMAND: GET /session/4dda79d38857d1487a3acc9aa2e8b8cf/screenshot - {}
RESULT: {}
RESULT: {}
COMMAND: POST /session/4dda79d38857d1487a3acc9aa2e8b8cf/actions - {"actions":[{"id":"action7","type":"key","parameters":{},"actions":[{"type":"keyDown","value":"î€‡"},{"type":"pause","duration":10},{"type":"keyUp","value":"î€‡"}]}]}
RESULT: {"actions":[{"id":"action7","type":"key","parameters":{},"actions":[{"type":"keyDown","value":"î€‡"},{"type":"pause","duration":10},{"type":"keyUp","value":"î€‡"}]}]}
COMMAND: GET /session/4dda79d38857d1487a3acc9aa2e8b8cf/screenshot - {}
COMMAND: POST /session/4dda79d38857d1487a3acc9aa2e8b8cf/element - {"using":"xpath","value":"//button[@data-kt=\"saveButton\"]"}
RESULT: {}
RESULT: {"using":"xpath","value":"//button[@data-kt=\"saveButton\"]"}
COMMAND: POST /session/4dda79d38857d1487a3acc9aa2e8b8cf/element/f.B3DE6F40683FFAB1CA736CEEF5589B44.d.3C32BA79F644EB5E6842D0235C654F90.e.2918/click - {}
RESULT: {}
COMMAND: GET /session/4dda79d38857d1487a3acc9aa2e8b8cf/screenshot - {}
RESULT: {}
COMMAND: POST /session/4dda79d38857d1487a3acc9aa2e8b8cf/execute/async - {"script":"<script> [1562 bytes]","args":[{"selector":{"id":"contractDetailTitleNoExpanded","viewName":"etm.portal.ui.managecontracts.view.Detail"},"wdio_ui5_key":"contractDetailTitleNoExpandedetmportal.ui.managecontracts.view.Detail"}]}
RESULT: {"script":"<script> [1562 bytes]","args":[{"selector":{"id":"contractDetailTitleNoExpanded","viewName":"etm.portal.ui.managecontracts.view.Detail"},"wdio_ui5_key":"contractDetailTitleNoExpandedetmportal.ui.managecontracts.view.Detail"}]}
RESULT: undefined
COMMAND: POST /session/4dda79d38857d1487a3acc9aa2e8b8cf/execute/async - {"script":"<script> [6424 bytes]","args":[{"element-6066-11e4-a52e-4f735466cecf":"f.B3DE6F40683FFAB1CA736CEEF5589B44.d.3C32BA79F644EB5E6842D0235C654F90.e.2988"},"getText",[]]}
RESULT: {"script":"<script> [6424 bytes]","args":[{"element-6066-11e4-a52e-4f735466cecf":"f.B3DE6F40683FFAB1CA736CEEF5589B44.d.3C32BA79F644EB5E6842D0235C654F90.e.2988"},"getText",[]]}
COMMAND: POST /session/4dda79d38857d1487a3acc9aa2e8b8cf/element - {"using":"css selector","value":"#shell-header-logo"}
RESULT: {"using":"css selector","value":"#shell-header-logo"}
COMMAND: POST /session/4dda79d38857d1487a3acc9aa2e8b8cf/element/f.B3DE6F40683FFAB1CA736CEEF5589B44.d.3C32BA79F644EB5E6842D0235C654F90.e.2537/click - {}
RESULT: {}
COMMAND: GET /session/4dda79d38857d1487a3acc9aa2e8b8cf/screenshot - {}
RESULT: {}
]]></system-out>
    </testcase>
    <testcase classname="chrome.136_0_7103_93.windows.Webshop_-_Hyperlinks_visible_and_working_properly__US139085" name="Should create a new webshop request and verify yard hyperlinks" time="226.491">
      <system-out><![CDATA[
COMMAND: POST /session/4dda79d38857d1487a3acc9aa2e8b8cf/execute/async - {"script":"<script> [1562 bytes]","args":[{"selector":{"controlType":"sap.m.GenericTile","properties":{"header":"Webshop"}},"wdio_ui5_key":"sapm.GenericTile{\"header\":\"Webshop\"}"}]}
RESULT: {"script":"<script> [1562 bytes]","args":[{"selector":{"controlType":"sap.m.GenericTile","properties":{"header":"Webshop"}},"wdio_ui5_key":"sapm.GenericTile{\"header\":\"Webshop\"}"}]}
RESULT: undefined
COMMAND: POST /session/4dda79d38857d1487a3acc9aa2e8b8cf/element - {"using":"xpath","value":"//*[@id=\"__tile49\"]"}
RESULT: {"using":"xpath","value":"//*[@id=\"__tile49\"]"}
COMMAND: POST /session/4dda79d38857d1487a3acc9aa2e8b8cf/element/f.B3DE6F40683FFAB1CA736CEEF5589B44.d.3C32BA79F644EB5E6842D0235C654F90.e.2993/click - {}
RESULT: {}
COMMAND: GET /session/4dda79d38857d1487a3acc9aa2e8b8cf/screenshot - {}
RESULT: {}
COMMAND: POST /session/4dda79d38857d1487a3acc9aa2e8b8cf/elements - {"using":"xpath","value":"//span[text()='Error']"}
RESULT: {"using":"xpath","value":"//span[text()='Error']"}
COMMAND: POST /session/4dda79d38857d1487a3acc9aa2e8b8cf/element - {"using":"css selector","value":"#requestCreationDialog--createRequestPopUp-title-inner"}
RESULT: {"using":"css selector","value":"#requestCreationDialog--createRequestPopUp-title-inner"}
COMMAND: POST /session/4dda79d38857d1487a3acc9aa2e8b8cf/execute/sync - {"script":"<script> [8489 bytes]","args":[{"element-6066-11e4-a52e-4f735466cecf":"f.B3DE6F40683FFAB1CA736CEEF5589B44.d.3C32BA79F644EB5E6842D0235C654F90.e.3021","ELEMENT":"f.B3DE6F40683FFAB1CA736CEEF5589B44.d.3C32BA79F644EB5E6842D0235C654F90.e.3021"}]}
RESULT: {"script":"<script> [8489 bytes]","args":[{"element-6066-11e4-a52e-4f735466cecf":"f.B3DE6F40683FFAB1CA736CEEF5589B44.d.3C32BA79F644EB5E6842D0235C654F90.e.3021","ELEMENT":"f.B3DE6F40683FFAB1CA736CEEF5589B44.d.3C32BA79F644EB5E6842D0235C654F90.e.3021"}]}
COMMAND: GET /session/4dda79d38857d1487a3acc9aa2e8b8cf/element/f.B3DE6F40683FFAB1CA736CEEF5589B44.d.3C32BA79F644EB5E6842D0235C654F90.e.3021/enabled - {}
RESULT: {}
COMMAND: POST /session/4dda79d38857d1487a3acc9aa2e8b8cf/execute/async - {"script":"<script> [1562 bytes]","args":[{"selector":{"id":"requestCreationDialog--requestName","searchOpenDialogs":true,"interaction":{"idSuffix":"inner"}},"wdio_ui5_key":"requestCreationDialogrequestName"}]}
COMMAND: GET /session/4dda79d38857d1487a3acc9aa2e8b8cf/screenshot - {}
COMMAND: GET /session/4dda79d38857d1487a3acc9aa2e8b8cf/screenshot - {}
RESULT: {"script":"<script> [1562 bytes]","args":[{"selector":{"id":"requestCreationDialog--requestName","searchOpenDialogs":true,"interaction":{"idSuffix":"inner"}},"wdio_ui5_key":"requestCreationDialogrequestName"}]}
RESULT: undefined
COMMAND: POST /session/4dda79d38857d1487a3acc9aa2e8b8cf/execute/async - {"script":"<script> [776 bytes]","args":[{"enterText":"WebdriverTest","selector":{"id":"requestCreationDialog--requestName","searchOpenDialogs":true,"interaction":{"idSuffix":"inner"}},"clearTextFirst":true,"interactionType":"ENTER_TEXT"}]}
RESULT: {}
RESULT: {}
RESULT: {"script":"<script> [776 bytes]","args":[{"enterText":"WebdriverTest","selector":{"id":"requestCreationDialog--requestName","searchOpenDialogs":true,"interaction":{"idSuffix":"inner"}},"clearTextFirst":true,"interactionType":"ENTER_TEXT"}]}
COMMAND: POST /session/4dda79d38857d1487a3acc9aa2e8b8cf/element - {"using":"xpath","value":"//input[contains(@id ,\"requestCreationDialog--contract-inner\")]"}
RESULT: {"using":"xpath","value":"//input[contains(@id ,\"requestCreationDialog--contract-inner\")]"}
COMMAND: POST /session/4dda79d38857d1487a3acc9aa2e8b8cf/element/f.B3DE6F40683FFAB1CA736CEEF5589B44.d.3C32BA79F644EB5E6842D0235C654F90.e.3007/clear - {}
RESULT: {}
COMMAND: POST /session/4dda79d38857d1487a3acc9aa2e8b8cf/element/f.B3DE6F40683FFAB1CA736CEEF5589B44.d.3C32BA79F644EB5E6842D0235C654F90.e.3007/value - {"text":"10427"}
COMMAND: GET /session/4dda79d38857d1487a3acc9aa2e8b8cf/screenshot - {}
RESULT: {"text":"10427"}
COMMAND: GET /session/4dda79d38857d1487a3acc9aa2e8b8cf/screenshot - {}
RESULT: {}
RESULT: {}
COMMAND: POST /session/4dda79d38857d1487a3acc9aa2e8b8cf/actions - {"actions":[{"id":"action8","type":"key","parameters":{},"actions":[{"type":"keyDown","value":"î€‡"},{"type":"pause","duration":10},{"type":"keyUp","value":"î€‡"}]}]}
RESULT: {"actions":[{"id":"action8","type":"key","parameters":{},"actions":[{"type":"keyDown","value":"î€‡"},{"type":"pause","duration":10},{"type":"keyUp","value":"î€‡"}]}]}
COMMAND: GET /session/4dda79d38857d1487a3acc9aa2e8b8cf/screenshot - {}
RESULT: {}
COMMAND: POST /session/4dda79d38857d1487a3acc9aa2e8b8cf/element - {"using":"xpath","value":"//input[contains(@id ,\"requestCreationDialog--contract-inner\")]"}
RESULT: {"using":"xpath","value":"//input[contains(@id ,\"requestCreationDialog--contract-inner\")]"}
COMMAND: GET /session/4dda79d38857d1487a3acc9aa2e8b8cf/element/f.B3DE6F40683FFAB1CA736CEEF5589B44.d.3C32BA79F644EB5E6842D0235C654F90.e.3007/property/value - {}
RESULT: {}
COMMAND: POST /session/4dda79d38857d1487a3acc9aa2e8b8cf/element - {"using":"xpath","value":"//input[contains(@id ,\"requestCreationDialog--contract-inner\")]"}
COMMAND: GET /session/4dda79d38857d1487a3acc9aa2e8b8cf/screenshot - {}
RESULT: {"using":"xpath","value":"//input[contains(@id ,\"requestCreationDialog--contract-inner\")]"}
COMMAND: POST /session/4dda79d38857d1487a3acc9aa2e8b8cf/execute/async - {"script":"<script> [1562 bytes]","args":[{"selector":{"id":"requestCreationDialog--okButton","searchOpenDialogs":true,"interaction":{"idSuffix":"BDI-content"}},"wdio_ui5_key":"requestCreationDialogokButton"}]}
RESULT: {}
RESULT: {"script":"<script> [1562 bytes]","args":[{"selector":{"id":"requestCreationDialog--okButton","searchOpenDialogs":true,"interaction":{"idSuffix":"BDI-content"}},"wdio_ui5_key":"requestCreationDialogokButton"}]}
RESULT: undefined
COMMAND: POST /session/4dda79d38857d1487a3acc9aa2e8b8cf/element - {"using":"xpath","value":"//*[@id=\"requestCreationDialog--okButton\"]"}
RESULT: {"using":"xpath","value":"//*[@id=\"requestCreationDialog--okButton\"]"}
COMMAND: POST /session/4dda79d38857d1487a3acc9aa2e8b8cf/element/f.B3DE6F40683FFAB1CA736CEEF5589B44.d.3C32BA79F644EB5E6842D0235C654F90.e.3029/click - {}
RESULT: {}
COMMAND: GET /session/4dda79d38857d1487a3acc9aa2e8b8cf/screenshot - {}
RESULT: {}
COMMAND: POST /session/4dda79d38857d1487a3acc9aa2e8b8cf/element - {"using":"xpath","value":"//input[contains(@id ,\"searchFiledId-I\")]"}
RESULT: {"using":"xpath","value":"//input[contains(@id ,\"searchFiledId-I\")]"}
COMMAND: POST /session/4dda79d38857d1487a3acc9aa2e8b8cf/element/f.B3DE6F40683FFAB1CA736CEEF5589B44.d.3C32BA79F644EB5E6842D0235C654F90.e.2999/value - {"text":"Dri-Prime CD150M Diesel Pump"}
RESULT: {"text":"Dri-Prime CD150M Diesel Pump"}
COMMAND: POST /session/4dda79d38857d1487a3acc9aa2e8b8cf/actions - {"actions":[{"id":"action9","type":"key","parameters":{},"actions":[{"type":"keyDown","value":"î€‡"},{"type":"pause","duration":10},{"type":"keyUp","value":"î€‡"}]}]}
COMMAND: GET /session/4dda79d38857d1487a3acc9aa2e8b8cf/screenshot - {}
RESULT: {"actions":[{"id":"action9","type":"key","parameters":{},"actions":[{"type":"keyDown","value":"î€‡"},{"type":"pause","duration":10},{"type":"keyUp","value":"î€‡"}]}]}
COMMAND: GET /session/4dda79d38857d1487a3acc9aa2e8b8cf/screenshot - {}
RESULT: {}
RESULT: {}
COMMAND: POST /session/4dda79d38857d1487a3acc9aa2e8b8cf/element - {"using":"xpath","value":"//span[contains(@id ,\"subTitle\")][contains(text(), \"Dri-Prime CD150M Diesel Pump\")]"}
RESULT: {"using":"xpath","value":"//span[contains(@id ,\"subTitle\")][contains(text(), \"Dri-Prime CD150M Diesel Pump\")]"}
COMMAND: POST /session/4dda79d38857d1487a3acc9aa2e8b8cf/element/f.B3DE6F40683FFAB1CA736CEEF5589B44.d.3C32BA79F644EB5E6842D0235C654F90.e.3036/click - {}
RESULT: {}
COMMAND: GET /session/4dda79d38857d1487a3acc9aa2e8b8cf/screenshot - {}
RESULT: {}
COMMAND: POST /session/4dda79d38857d1487a3acc9aa2e8b8cf/execute/async - {"script":"<script> [1562 bytes]","args":[{"selector":{"controlType":"sap.m.Button","viewName":"etm.portal.ui.webshop.view.Homepage","i18NText":{"propertyName":"text","key":"addToRequest"},"interaction":{"idSuffix":"BDI-content"}},"wdio_ui5_key":"etmportal.ui.webshop.view.Homepagesap.m.Button{\"propertyName\":\"text\",\"key\":\"addToRequest\"}"}]}
RESULT: {"script":"<script> [1562 bytes]","args":[{"selector":{"controlType":"sap.m.Button","viewName":"etm.portal.ui.webshop.view.Homepage","i18NText":{"propertyName":"text","key":"addToRequest"},"interaction":{"idSuffix":"BDI-content"}},"wdio_ui5_key":"etmportal.ui.webshop.view.Homepagesap.m.Button{\"propertyName\":\"text\",\"key\":\"addToRequest\"}"}]}
RESULT: undefined
COMMAND: POST /session/4dda79d38857d1487a3acc9aa2e8b8cf/element - {"using":"xpath","value":"//*[@id=\"__button122\"]"}
RESULT: {"using":"xpath","value":"//*[@id=\"__button122\"]"}
COMMAND: POST /session/4dda79d38857d1487a3acc9aa2e8b8cf/element/f.B3DE6F40683FFAB1CA736CEEF5589B44.d.3C32BA79F644EB5E6842D0235C654F90.e.3051/click - {}
RESULT: {}
COMMAND: GET /session/4dda79d38857d1487a3acc9aa2e8b8cf/screenshot - {}
RESULT: {}
COMMAND: POST /session/4dda79d38857d1487a3acc9aa2e8b8cf/element - {"using":"xpath","value":"//*[contains(@id ,\"activeCartId-BDI-content\")]"}
RESULT: {"using":"xpath","value":"//*[contains(@id ,\"activeCartId-BDI-content\")]"}
COMMAND: POST /session/4dda79d38857d1487a3acc9aa2e8b8cf/element/f.B3DE6F40683FFAB1CA736CEEF5589B44.d.3C32BA79F644EB5E6842D0235C654F90.e.3058/click - {}
RESULT: {}
COMMAND: GET /session/4dda79d38857d1487a3acc9aa2e8b8cf/screenshot - {}
RESULT: {}
COMMAND: POST /session/4dda79d38857d1487a3acc9aa2e8b8cf/element - {"using":"xpath","value":"//bdi[contains(text(), \"Check out my request\")]"}
RESULT: {"using":"xpath","value":"//bdi[contains(text(), \"Check out my request\")]"}
COMMAND: POST /session/4dda79d38857d1487a3acc9aa2e8b8cf/element/f.B3DE6F40683FFAB1CA736CEEF5589B44.d.3C32BA79F644EB5E6842D0235C654F90.e.3060/click - {}
RESULT: {}
COMMAND: GET /session/4dda79d38857d1487a3acc9aa2e8b8cf/screenshot - {}
RESULT: {}
COMMAND: POST /session/4dda79d38857d1487a3acc9aa2e8b8cf/element - {"using":"xpath","value":"//*[contains(@data-kt ,\"webshopDetailYardLink\")]"}
RESULT: {"using":"xpath","value":"//*[contains(@data-kt ,\"webshopDetailYardLink\")]"}
COMMAND: POST /session/4dda79d38857d1487a3acc9aa2e8b8cf/element/f.B3DE6F40683FFAB1CA736CEEF5589B44.d.3C32BA79F644EB5E6842D0235C654F90.e.3128/click - {}
RESULT: {}
COMMAND: POST /session/4dda79d38857d1487a3acc9aa2e8b8cf/element - {"using":"xpath","value":"//*[contains(@data-kt ,\"ContextMenuId2Link\")][contains(text(), \"Yard Overview\")]"}
COMMAND: GET /session/4dda79d38857d1487a3acc9aa2e8b8cf/screenshot - {}
RESULT: {"using":"xpath","value":"//*[contains(@data-kt ,\"ContextMenuId2Link\")][contains(text(), \"Yard Overview\")]"}
COMMAND: POST /session/4dda79d38857d1487a3acc9aa2e8b8cf/execute/sync - {"script":"<script> [8489 bytes]","args":[{"element-6066-11e4-a52e-4f735466cecf":"f.B3DE6F40683FFAB1CA736CEEF5589B44.d.3C32BA79F644EB5E6842D0235C654F90.e.3131","ELEMENT":"f.B3DE6F40683FFAB1CA736CEEF5589B44.d.3C32BA79F644EB5E6842D0235C654F90.e.3131"}]}
COMMAND: POST /session/4dda79d38857d1487a3acc9aa2e8b8cf/element - {"using":"xpath","value":"//*[contains(@data-kt ,\"ContextMenuId3Link\")][contains(text(), \"Yard Main Address\")]"}
RESULT: {}
RESULT: {"using":"xpath","value":"//*[contains(@data-kt ,\"ContextMenuId3Link\")][contains(text(), \"Yard Main Address\")]"}
COMMAND: POST /session/4dda79d38857d1487a3acc9aa2e8b8cf/execute/sync - {"script":"<script> [8489 bytes]","args":[{"element-6066-11e4-a52e-4f735466cecf":"f.B3DE6F40683FFAB1CA736CEEF5589B44.d.3C32BA79F644EB5E6842D0235C654F90.e.3132","ELEMENT":"f.B3DE6F40683FFAB1CA736CEEF5589B44.d.3C32BA79F644EB5E6842D0235C654F90.e.3132"}]}
COMMAND: POST /session/4dda79d38857d1487a3acc9aa2e8b8cf/element - {"using":"xpath","value":"//*[contains(@data-kt ,\"ContextMenuId2Link\")][contains(text(), \"Yard Overview\")]"}
RESULT: {"script":"<script> [8489 bytes]","args":[{"element-6066-11e4-a52e-4f735466cecf":"f.B3DE6F40683FFAB1CA736CEEF5589B44.d.3C32BA79F644EB5E6842D0235C654F90.e.3131","ELEMENT":"f.B3DE6F40683FFAB1CA736CEEF5589B44.d.3C32BA79F644EB5E6842D0235C654F90.e.3131"}]}
COMMAND: GET /session/4dda79d38857d1487a3acc9aa2e8b8cf/screenshot - {}
RESULT: {"using":"xpath","value":"//*[contains(@data-kt ,\"ContextMenuId2Link\")][contains(text(), \"Yard Overview\")]"}
COMMAND: POST /session/4dda79d38857d1487a3acc9aa2e8b8cf/element/f.B3DE6F40683FFAB1CA736CEEF5589B44.d.3C32BA79F644EB5E6842D0235C654F90.e.3131/click - {}
RESULT: {"script":"<script> [8489 bytes]","args":[{"element-6066-11e4-a52e-4f735466cecf":"f.B3DE6F40683FFAB1CA736CEEF5589B44.d.3C32BA79F644EB5E6842D0235C654F90.e.3132","ELEMENT":"f.B3DE6F40683FFAB1CA736CEEF5589B44.d.3C32BA79F644EB5E6842D0235C654F90.e.3132"}]}
COMMAND: GET /session/4dda79d38857d1487a3acc9aa2e8b8cf/screenshot - {}
RESULT: {}
RESULT: {}
COMMAND: GET /session/4dda79d38857d1487a3acc9aa2e8b8cf/screenshot - {}
RESULT: {}
RESULT: {}
COMMAND: POST /session/4dda79d38857d1487a3acc9aa2e8b8cf/execute/async - {"script":"<script> [1562 bytes]","args":[{"selector":{"id":"shellAppTitle"},"wdio_ui5_key":"shellAppTitle"}]}
RESULT: {"script":"<script> [1562 bytes]","args":[{"selector":{"id":"shellAppTitle"},"wdio_ui5_key":"shellAppTitle"}]}
RESULT: undefined
COMMAND: POST /session/4dda79d38857d1487a3acc9aa2e8b8cf/execute/async - {"script":"<script> [6424 bytes]","args":[{"element-6066-11e4-a52e-4f735466cecf":"f.B3DE6F40683FFAB1CA736CEEF5589B44.d.3C32BA79F644EB5E6842D0235C654F90.e.3212"},"getTitle",[]]}
RESULT: {"script":"<script> [6424 bytes]","args":[{"element-6066-11e4-a52e-4f735466cecf":"f.B3DE6F40683FFAB1CA736CEEF5589B44.d.3C32BA79F644EB5E6842D0235C654F90.e.3212"},"getTitle",[]]}
COMMAND: POST /session/4dda79d38857d1487a3acc9aa2e8b8cf/element - {"using":"xpath","value":"//span[contains(@id ,\"title\")][contains(text(), \"WebdriverYard2j5apk\")]"}
RESULT: {"using":"xpath","value":"//span[contains(@id ,\"title\")][contains(text(), \"WebdriverYard2j5apk\")]"}
COMMAND: POST /session/4dda79d38857d1487a3acc9aa2e8b8cf/execute/sync - {"script":"<script> [8489 bytes]","args":[{"element-6066-11e4-a52e-4f735466cecf":"f.B3DE6F40683FFAB1CA736CEEF5589B44.d.3C32BA79F644EB5E6842D0235C654F90.e.3213","ELEMENT":"f.B3DE6F40683FFAB1CA736CEEF5589B44.d.3C32BA79F644EB5E6842D0235C654F90.e.3213"}]}
COMMAND: POST /session/4dda79d38857d1487a3acc9aa2e8b8cf/execute/async - {"script":"<script> [1562 bytes]","args":[{"selector":{"id":"backBtn"},"wdio_ui5_key":"backBtn"}]}
RESULT: {"script":"<script> [8489 bytes]","args":[{"element-6066-11e4-a52e-4f735466cecf":"f.B3DE6F40683FFAB1CA736CEEF5589B44.d.3C32BA79F644EB5E6842D0235C654F90.e.3213","ELEMENT":"f.B3DE6F40683FFAB1CA736CEEF5589B44.d.3C32BA79F644EB5E6842D0235C654F90.e.3213"}]}
COMMAND: GET /session/4dda79d38857d1487a3acc9aa2e8b8cf/screenshot - {}
RESULT: {"script":"<script> [1562 bytes]","args":[{"selector":{"id":"backBtn"},"wdio_ui5_key":"backBtn"}]}
RESULT: undefined
COMMAND: POST /session/4dda79d38857d1487a3acc9aa2e8b8cf/element - {"using":"xpath","value":"//*[@id=\"backBtn\"]"}
COMMAND: POST /session/4dda79d38857d1487a3acc9aa2e8b8cf/execute/sync - {"script":"<script> [8489 bytes]","args":[{"element-6066-11e4-a52e-4f735466cecf":"f.B3DE6F40683FFAB1CA736CEEF5589B44.d.3C32BA79F644EB5E6842D0235C654F90.e.3213","ELEMENT":"f.B3DE6F40683FFAB1CA736CEEF5589B44.d.3C32BA79F644EB5E6842D0235C654F90.e.3213"}]}
RESULT: {}
RESULT: {"using":"xpath","value":"//*[@id=\"backBtn\"]"}
COMMAND: POST /session/4dda79d38857d1487a3acc9aa2e8b8cf/element/f.B3DE6F40683FFAB1CA736CEEF5589B44.d.3C32BA79F644EB5E6842D0235C654F90.e.3214/click - {}
RESULT: {"script":"<script> [8489 bytes]","args":[{"element-6066-11e4-a52e-4f735466cecf":"f.B3DE6F40683FFAB1CA736CEEF5589B44.d.3C32BA79F644EB5E6842D0235C654F90.e.3213","ELEMENT":"f.B3DE6F40683FFAB1CA736CEEF5589B44.d.3C32BA79F644EB5E6842D0235C654F90.e.3213"}]}
COMMAND: GET /session/4dda79d38857d1487a3acc9aa2e8b8cf/screenshot - {}
RESULT: {}
COMMAND: GET /session/4dda79d38857d1487a3acc9aa2e8b8cf/screenshot - {}
COMMAND: POST /session/4dda79d38857d1487a3acc9aa2e8b8cf/execute/sync - {"script":"<script> [8489 bytes]","args":[{"element-6066-11e4-a52e-4f735466cecf":"f.B3DE6F40683FFAB1CA736CEEF5589B44.d.3C32BA79F644EB5E6842D0235C654F90.e.3213","ELEMENT":"f.B3DE6F40683FFAB1CA736CEEF5589B44.d.3C32BA79F644EB5E6842D0235C654F90.e.3213"}]}
RESULT: {}
RESULT: {}
COMMAND: POST /session/4dda79d38857d1487a3acc9aa2e8b8cf/element - {"using":"xpath","value":"//span[contains(@id ,\"title\")][contains(text(), \"WebdriverYard2j5apk\")]"}
RESULT: {"using":"xpath","value":"//span[contains(@id ,\"title\")][contains(text(), \"WebdriverYard2j5apk\")]"}
COMMAND: POST /session/4dda79d38857d1487a3acc9aa2e8b8cf/element - {"using":"xpath","value":"//span[contains(@id ,\"title\")][contains(text(), \"WebdriverYard2j5apk\")]"}
RESULT: {"using":"xpath","value":"//span[contains(@id ,\"title\")][contains(text(), \"WebdriverYard2j5apk\")]"}
COMMAND: POST /session/4dda79d38857d1487a3acc9aa2e8b8cf/element - {"using":"xpath","value":"//*[contains(@data-kt ,\"webshopDetailYardLink\")]"}
COMMAND: POST /session/4dda79d38857d1487a3acc9aa2e8b8cf/element - {"using":"xpath","value":"//span[contains(@id ,\"title\")][contains(text(), \"WebdriverYard2j5apk\")]"}
RESULT: {"using":"xpath","value":"//*[contains(@data-kt ,\"webshopDetailYardLink\")]"}
COMMAND: POST /session/4dda79d38857d1487a3acc9aa2e8b8cf/execute/sync - {"script":"<script> [8489 bytes]","args":[{"element-6066-11e4-a52e-4f735466cecf":"f.B3DE6F40683FFAB1CA736CEEF5589B44.d.3C32BA79F644EB5E6842D0235C654F90.e.3346","ELEMENT":"f.B3DE6F40683FFAB1CA736CEEF5589B44.d.3C32BA79F644EB5E6842D0235C654F90.e.3346"}]}
RESULT: {"using":"xpath","value":"//span[contains(@id ,\"title\")][contains(text(), \"WebdriverYard2j5apk\")]"}
RESULT: {"script":"<script> [8489 bytes]","args":[{"element-6066-11e4-a52e-4f735466cecf":"f.B3DE6F40683FFAB1CA736CEEF5589B44.d.3C32BA79F644EB5E6842D0235C654F90.e.3346","ELEMENT":"f.B3DE6F40683FFAB1CA736CEEF5589B44.d.3C32BA79F644EB5E6842D0235C654F90.e.3346"}]}
COMMAND: GET /session/4dda79d38857d1487a3acc9aa2e8b8cf/screenshot - {}
COMMAND: POST /session/4dda79d38857d1487a3acc9aa2e8b8cf/element - {"using":"xpath","value":"//span[contains(@id ,\"title\")][contains(text(), \"WebdriverYard2j5apk\")]"}
COMMAND: POST /session/4dda79d38857d1487a3acc9aa2e8b8cf/execute/sync - {"script":"<script> [8489 bytes]","args":[{"element-6066-11e4-a52e-4f735466cecf":"f.B3DE6F40683FFAB1CA736CEEF5589B44.d.3C32BA79F644EB5E6842D0235C654F90.e.3346","ELEMENT":"f.B3DE6F40683FFAB1CA736CEEF5589B44.d.3C32BA79F644EB5E6842D0235C654F90.e.3346"}]}
RESULT: {}
RESULT: {"script":"<script> [8489 bytes]","args":[{"element-6066-11e4-a52e-4f735466cecf":"f.B3DE6F40683FFAB1CA736CEEF5589B44.d.3C32BA79F644EB5E6842D0235C654F90.e.3346","ELEMENT":"f.B3DE6F40683FFAB1CA736CEEF5589B44.d.3C32BA79F644EB5E6842D0235C654F90.e.3346"}]}
COMMAND: POST /session/4dda79d38857d1487a3acc9aa2e8b8cf/execute/sync - {"script":"<script> [5351 bytes]","args":[{"element-6066-11e4-a52e-4f735466cecf":"f.B3DE6F40683FFAB1CA736CEEF5589B44.d.3C32BA79F644EB5E6842D0235C654F90.e.3346","ELEMENT":"f.B3DE6F40683FFAB1CA736CEEF5589B44.d.3C32BA79F644EB5E6842D0235C654F90.e.3346"}]}
RESULT: {"using":"xpath","value":"//span[contains(@id ,\"title\")][contains(text(), \"WebdriverYard2j5apk\")]"}
COMMAND: GET /session/4dda79d38857d1487a3acc9aa2e8b8cf/screenshot - {}
RESULT: {"script":"<script> [5351 bytes]","args":[{"element-6066-11e4-a52e-4f735466cecf":"f.B3DE6F40683FFAB1CA736CEEF5589B44.d.3C32BA79F644EB5E6842D0235C654F90.e.3346","ELEMENT":"f.B3DE6F40683FFAB1CA736CEEF5589B44.d.3C32BA79F644EB5E6842D0235C654F90.e.3346"}]}
RESULT: {}
COMMAND: POST /session/4dda79d38857d1487a3acc9aa2e8b8cf/execute/sync - {"script":"<script> [8489 bytes]","args":[{"element-6066-11e4-a52e-4f735466cecf":"f.B3DE6F40683FFAB1CA736CEEF5589B44.d.3C32BA79F644EB5E6842D0235C654F90.e.3346","ELEMENT":"f.B3DE6F40683FFAB1CA736CEEF5589B44.d.3C32BA79F644EB5E6842D0235C654F90.e.3346"}]}
COMMAND: GET /session/4dda79d38857d1487a3acc9aa2e8b8cf/screenshot - {}
RESULT: {"script":"<script> [8489 bytes]","args":[{"element-6066-11e4-a52e-4f735466cecf":"f.B3DE6F40683FFAB1CA736CEEF5589B44.d.3C32BA79F644EB5E6842D0235C654F90.e.3346","ELEMENT":"f.B3DE6F40683FFAB1CA736CEEF5589B44.d.3C32BA79F644EB5E6842D0235C654F90.e.3346"}]}
COMMAND: POST /session/4dda79d38857d1487a3acc9aa2e8b8cf/execute/sync - {"script":"<script> [5351 bytes]","args":[{"element-6066-11e4-a52e-4f735466cecf":"f.B3DE6F40683FFAB1CA736CEEF5589B44.d.3C32BA79F644EB5E6842D0235C654F90.e.3346","ELEMENT":"f.B3DE6F40683FFAB1CA736CEEF5589B44.d.3C32BA79F644EB5E6842D0235C654F90.e.3346"}]}
COMMAND: GET /session/4dda79d38857d1487a3acc9aa2e8b8cf/screenshot - {}
COMMAND: POST /session/4dda79d38857d1487a3acc9aa2e8b8cf/element - {"using":"xpath","value":"//span[contains(@id ,\"title\")][contains(text(), \"WebdriverYard2j5apk\")]"}
RESULT: {}
RESULT: {"script":"<script> [5351 bytes]","args":[{"element-6066-11e4-a52e-4f735466cecf":"f.B3DE6F40683FFAB1CA736CEEF5589B44.d.3C32BA79F644EB5E6842D0235C654F90.e.3346","ELEMENT":"f.B3DE6F40683FFAB1CA736CEEF5589B44.d.3C32BA79F644EB5E6842D0235C654F90.e.3346"}]}
COMMAND: POST /session/4dda79d38857d1487a3acc9aa2e8b8cf/element - {"using":"xpath","value":"//*[contains(@data-kt ,\"webshopDetailYardLink\")]"}
COMMAND: GET /session/4dda79d38857d1487a3acc9aa2e8b8cf/screenshot - {}
RESULT: {}
RESULT: {"using":"xpath","value":"//*[contains(@data-kt ,\"webshopDetailYardLink\")]"}
COMMAND: POST /session/4dda79d38857d1487a3acc9aa2e8b8cf/element/f.B3DE6F40683FFAB1CA736CEEF5589B44.d.3C32BA79F644EB5E6842D0235C654F90.e.3346/click - {}
RESULT: {"using":"xpath","value":"//span[contains(@id ,\"title\")][contains(text(), \"WebdriverYard2j5apk\")]"}
RESULT: {}
RESULT: {}
COMMAND: GET /session/4dda79d38857d1487a3acc9aa2e8b8cf/screenshot - {}
COMMAND: POST /session/4dda79d38857d1487a3acc9aa2e8b8cf/element - {"using":"xpath","value":"//span[contains(@id ,\"title\")][contains(text(), \"WebdriverYard2j5apk\")]"}
RESULT: {}
RESULT: {"using":"xpath","value":"//span[contains(@id ,\"title\")][contains(text(), \"WebdriverYard2j5apk\")]"}
COMMAND: POST /session/4dda79d38857d1487a3acc9aa2e8b8cf/execute/sync - {"script":"<script> [8489 bytes]","args":[{"element-6066-11e4-a52e-4f735466cecf":"f.B3DE6F40683FFAB1CA736CEEF5589B44.d.3C32BA79F644EB5E6842D0235C654F90.e.3381","ELEMENT":"f.B3DE6F40683FFAB1CA736CEEF5589B44.d.3C32BA79F644EB5E6842D0235C654F90.e.3381"}]}
RESULT: {"script":"<script> [8489 bytes]","args":[{"element-6066-11e4-a52e-4f735466cecf":"f.B3DE6F40683FFAB1CA736CEEF5589B44.d.3C32BA79F644EB5E6842D0235C654F90.e.3381","ELEMENT":"f.B3DE6F40683FFAB1CA736CEEF5589B44.d.3C32BA79F644EB5E6842D0235C654F90.e.3381"}]}
COMMAND: GET /session/4dda79d38857d1487a3acc9aa2e8b8cf/screenshot - {}
RESULT: {}
COMMAND: POST /session/4dda79d38857d1487a3acc9aa2e8b8cf/element - {"using":"xpath","value":"//*[contains(@data-kt ,\"ContextMenuId3Link\")][contains(text(), \"Yard Main Address\")]"}
RESULT: {"using":"xpath","value":"//*[contains(@data-kt ,\"ContextMenuId3Link\")][contains(text(), \"Yard Main Address\")]"}
COMMAND: POST /session/4dda79d38857d1487a3acc9aa2e8b8cf/element/f.B3DE6F40683FFAB1CA736CEEF5589B44.d.3C32BA79F644EB5E6842D0235C654F90.e.3382/click - {}
RESULT: {}
COMMAND: GET /session/4dda79d38857d1487a3acc9aa2e8b8cf/screenshot - {}
RESULT: {}
COMMAND: POST /session/4dda79d38857d1487a3acc9aa2e8b8cf/execute/async - {"script":"<script> [1562 bytes]","args":[{"selector":{"id":"application-addressmanagement-display-component---masterAdm--title1"},"wdio_ui5_key":"applicationaddressmanagement-display-component---masterAdm--title1"}]}
RESULT: {"script":"<script> [1562 bytes]","args":[{"selector":{"id":"application-addressmanagement-display-component---masterAdm--title1"},"wdio_ui5_key":"applicationaddressmanagement-display-component---masterAdm--title1"}]}
RESULT: undefined
COMMAND: POST /session/4dda79d38857d1487a3acc9aa2e8b8cf/execute/async - {"script":"<script> [6424 bytes]","args":[{"element-6066-11e4-a52e-4f735466cecf":"f.B3DE6F40683FFAB1CA736CEEF5589B44.d.3C32BA79F644EB5E6842D0235C654F90.e.3679"},"getText",[]]}
RESULT: {"script":"<script> [6424 bytes]","args":[{"element-6066-11e4-a52e-4f735466cecf":"f.B3DE6F40683FFAB1CA736CEEF5589B44.d.3C32BA79F644EB5E6842D0235C654F90.e.3679"},"getText",[]]}
COMMAND: POST /session/4dda79d38857d1487a3acc9aa2e8b8cf/element - {"using":"xpath","value":"//span[contains(text(), \"WebdriverYardjjtihg\")][contains(@id ,\"application-addressmanagement-display-component---detailAdm--addressDetailDetailsName1\")]"}
RESULT: {"using":"xpath","value":"//span[contains(text(), \"WebdriverYardjjtihg\")][contains(@id ,\"application-addressmanagement-display-component---detailAdm--addressDetailDetailsName1\")]"}
COMMAND: POST /session/4dda79d38857d1487a3acc9aa2e8b8cf/element - {"using":"xpath","value":"//span[contains(text(), \"WebdriverYardjjtihg\")][contains(@id ,\"application-addressmanagement-display-component---detailAdm--addressDetailDetailsName1\")]"}
RESULT: undefined
COMMAND: POST /session/4dda79d38857d1487a3acc9aa2e8b8cf/element - {"using":"xpath","value":"//*[@id=\"backBtn\"]"}
RESULT: {"using":"xpath","value":"//span[contains(text(), \"WebdriverYardjjtihg\")][contains(@id ,\"application-addressmanagement-display-component---detailAdm--addressDetailDetailsName1\")]"}
RESULT: {"using":"xpath","value":"//*[@id=\"backBtn\"]"}
COMMAND: POST /session/4dda79d38857d1487a3acc9aa2e8b8cf/element/f.B3DE6F40683FFAB1CA736CEEF5589B44.d.3C32BA79F644EB5E6842D0235C654F90.e.3214/click - {}
RESULT: {}
COMMAND: GET /session/4dda79d38857d1487a3acc9aa2e8b8cf/screenshot - {}
COMMAND: POST /session/4dda79d38857d1487a3acc9aa2e8b8cf/element - {"using":"xpath","value":"//span[contains(text(), \"WebdriverYardjjtihg\")][contains(@id ,\"application-addressmanagement-display-component---detailAdm--addressDetailDetailsName1\")]"}
RESULT: {}
RESULT: {"using":"xpath","value":"//span[contains(text(), \"WebdriverYardjjtihg\")][contains(@id ,\"application-addressmanagement-display-component---detailAdm--addressDetailDetailsName1\")]"}
COMMAND: POST /session/4dda79d38857d1487a3acc9aa2e8b8cf/element - {"using":"xpath","value":"//span[contains(text(), \"WebdriverYardjjtihg\")][contains(@id ,\"application-addressmanagement-display-component---detailAdm--addressDetailDetailsName1\")]"}
RESULT: {"using":"xpath","value":"//span[contains(text(), \"WebdriverYardjjtihg\")][contains(@id ,\"application-addressmanagement-display-component---detailAdm--addressDetailDetailsName1\")]"}
COMMAND: POST /session/4dda79d38857d1487a3acc9aa2e8b8cf/element - {"using":"xpath","value":"//span[contains(text(), \"WebdriverYardjjtihg\")][contains(@id ,\"application-addressmanagement-display-component---detailAdm--addressDetailDetailsName1\")]"}
RESULT: {"using":"xpath","value":"//span[contains(text(), \"WebdriverYardjjtihg\")][contains(@id ,\"application-addressmanagement-display-component---detailAdm--addressDetailDetailsName1\")]"}
COMMAND: POST /session/4dda79d38857d1487a3acc9aa2e8b8cf/element - {"using":"xpath","value":"//span[contains(text(), \"WebdriverYardjjtihg\")][contains(@id ,\"application-addressmanagement-display-component---detailAdm--addressDetailDetailsName1\")]"}
RESULT: {"using":"xpath","value":"//span[contains(text(), \"WebdriverYardjjtihg\")][contains(@id ,\"application-addressmanagement-display-component---detailAdm--addressDetailDetailsName1\")]"}
COMMAND: POST /session/4dda79d38857d1487a3acc9aa2e8b8cf/element - {"using":"xpath","value":"//span[contains(text(), \"WebdriverYardjjtihg\")][contains(@id ,\"application-addressmanagement-display-component---detailAdm--addressDetailDetailsName1\")]"}
RESULT: {"using":"xpath","value":"//span[contains(text(), \"WebdriverYardjjtihg\")][contains(@id ,\"application-addressmanagement-display-component---detailAdm--addressDetailDetailsName1\")]"}
COMMAND: POST /session/4dda79d38857d1487a3acc9aa2e8b8cf/element - {"using":"xpath","value":"//span[contains(text(), \"WebdriverYardjjtihg\")][contains(@id ,\"application-addressmanagement-display-component---detailAdm--addressDetailDetailsName1\")]"}
RESULT: {"using":"xpath","value":"//span[contains(text(), \"WebdriverYardjjtihg\")][contains(@id ,\"application-addressmanagement-display-component---detailAdm--addressDetailDetailsName1\")]"}
COMMAND: POST /session/4dda79d38857d1487a3acc9aa2e8b8cf/element - {"using":"xpath","value":"//span[contains(text(), \"WebdriverYardjjtihg\")][contains(@id ,\"application-addressmanagement-display-component---detailAdm--addressDetailDetailsName1\")]"}
RESULT: {"using":"xpath","value":"//span[contains(text(), \"WebdriverYardjjtihg\")][contains(@id ,\"application-addressmanagement-display-component---detailAdm--addressDetailDetailsName1\")]"}
COMMAND: POST /session/4dda79d38857d1487a3acc9aa2e8b8cf/element - {"using":"xpath","value":"//span[contains(text(), \"WebdriverYardjjtihg\")][contains(@id ,\"application-addressmanagement-display-component---detailAdm--addressDetailDetailsName1\")]"}
RESULT: {"using":"xpath","value":"//span[contains(text(), \"WebdriverYardjjtihg\")][contains(@id ,\"application-addressmanagement-display-component---detailAdm--addressDetailDetailsName1\")]"}
COMMAND: POST /session/4dda79d38857d1487a3acc9aa2e8b8cf/element - {"using":"xpath","value":"//span[contains(text(), \"WebdriverYardjjtihg\")][contains(@id ,\"application-addressmanagement-display-component---detailAdm--addressDetailDetailsName1\")]"}
RESULT: {"using":"xpath","value":"//span[contains(text(), \"WebdriverYardjjtihg\")][contains(@id ,\"application-addressmanagement-display-component---detailAdm--addressDetailDetailsName1\")]"}
COMMAND: POST /session/4dda79d38857d1487a3acc9aa2e8b8cf/element - {"using":"xpath","value":"//span[contains(text(), \"WebdriverYardjjtihg\")][contains(@id ,\"application-addressmanagement-display-component---detailAdm--addressDetailDetailsName1\")]"}
RESULT: {"using":"xpath","value":"//span[contains(text(), \"WebdriverYardjjtihg\")][contains(@id ,\"application-addressmanagement-display-component---detailAdm--addressDetailDetailsName1\")]"}
COMMAND: POST /session/4dda79d38857d1487a3acc9aa2e8b8cf/element - {"using":"xpath","value":"//span[contains(text(), \"WebdriverYardjjtihg\")][contains(@id ,\"application-addressmanagement-display-component---detailAdm--addressDetailDetailsName1\")]"}
COMMAND: POST /session/4dda79d38857d1487a3acc9aa2e8b8cf/execute/sync - {"script":"<script> [8489 bytes]","args":[{"element-6066-11e4-a52e-4f735466cecf":"f.B3DE6F40683FFAB1CA736CEEF5589B44.d.3C32BA79F644EB5E6842D0235C654F90.e.3346","ELEMENT":"f.B3DE6F40683FFAB1CA736CEEF5589B44.d.3C32BA79F644EB5E6842D0235C654F90.e.3346"}]}
RESULT: {"using":"xpath","value":"//span[contains(text(), \"WebdriverYardjjtihg\")][contains(@id ,\"application-addressmanagement-display-component---detailAdm--addressDetailDetailsName1\")]"}
COMMAND: POST /session/4dda79d38857d1487a3acc9aa2e8b8cf/element - {"using":"xpath","value":"//*[contains(@data-kt ,\"webshopDetailYardLink\")]"}
RESULT: {"using":"xpath","value":"//*[contains(@data-kt ,\"webshopDetailYardLink\")]"}
COMMAND: POST /session/4dda79d38857d1487a3acc9aa2e8b8cf/execute/sync - {"script":"<script> [8489 bytes]","args":[{"element-6066-11e4-a52e-4f735466cecf":"f.B3DE6F40683FFAB1CA736CEEF5589B44.d.3C32BA79F644EB5E6842D0235C654F90.e.3854","ELEMENT":"f.B3DE6F40683FFAB1CA736CEEF5589B44.d.3C32BA79F644EB5E6842D0235C654F90.e.3854"}]}
RESULT: {"script":"<script> [8489 bytes]","args":[{"element-6066-11e4-a52e-4f735466cecf":"f.B3DE6F40683FFAB1CA736CEEF5589B44.d.3C32BA79F644EB5E6842D0235C654F90.e.3854","ELEMENT":"f.B3DE6F40683FFAB1CA736CEEF5589B44.d.3C32BA79F644EB5E6842D0235C654F90.e.3854"}]}
COMMAND: POST /session/4dda79d38857d1487a3acc9aa2e8b8cf/execute/sync - {"script":"<script> [5351 bytes]","args":[{"element-6066-11e4-a52e-4f735466cecf":"f.B3DE6F40683FFAB1CA736CEEF5589B44.d.3C32BA79F644EB5E6842D0235C654F90.e.3854","ELEMENT":"f.B3DE6F40683FFAB1CA736CEEF5589B44.d.3C32BA79F644EB5E6842D0235C654F90.e.3854"}]}
COMMAND: GET /session/4dda79d38857d1487a3acc9aa2e8b8cf/screenshot - {}
RESULT: {"script":"<script> [5351 bytes]","args":[{"element-6066-11e4-a52e-4f735466cecf":"f.B3DE6F40683FFAB1CA736CEEF5589B44.d.3C32BA79F644EB5E6842D0235C654F90.e.3854","ELEMENT":"f.B3DE6F40683FFAB1CA736CEEF5589B44.d.3C32BA79F644EB5E6842D0235C654F90.e.3854"}]}
COMMAND: GET /session/4dda79d38857d1487a3acc9aa2e8b8cf/screenshot - {}
COMMAND: POST /session/4dda79d38857d1487a3acc9aa2e8b8cf/execute/sync - {"script":"<script> [8489 bytes]","args":[{"element-6066-11e4-a52e-4f735466cecf":"f.B3DE6F40683FFAB1CA736CEEF5589B44.d.3C32BA79F644EB5E6842D0235C654F90.e.3854","ELEMENT":"f.B3DE6F40683FFAB1CA736CEEF5589B44.d.3C32BA79F644EB5E6842D0235C654F90.e.3854"}]}
RESULT: {}
COMMAND: POST /session/4dda79d38857d1487a3acc9aa2e8b8cf/element - {"using":"xpath","value":"//span[contains(text(), \"WebdriverYardjjtihg\")][contains(@id ,\"application-addressmanagement-display-component---detailAdm--addressDetailDetailsName1\")]"}
RESULT: {}
RESULT: {"script":"<script> [8489 bytes]","args":[{"element-6066-11e4-a52e-4f735466cecf":"f.B3DE6F40683FFAB1CA736CEEF5589B44.d.3C32BA79F644EB5E6842D0235C654F90.e.3854","ELEMENT":"f.B3DE6F40683FFAB1CA736CEEF5589B44.d.3C32BA79F644EB5E6842D0235C654F90.e.3854"}]}
COMMAND: POST /session/4dda79d38857d1487a3acc9aa2e8b8cf/execute/sync - {"script":"<script> [5351 bytes]","args":[{"element-6066-11e4-a52e-4f735466cecf":"f.B3DE6F40683FFAB1CA736CEEF5589B44.d.3C32BA79F644EB5E6842D0235C654F90.e.3854","ELEMENT":"f.B3DE6F40683FFAB1CA736CEEF5589B44.d.3C32BA79F644EB5E6842D0235C654F90.e.3854"}]}
RESULT: {"using":"xpath","value":"//span[contains(text(), \"WebdriverYardjjtihg\")][contains(@id ,\"application-addressmanagement-display-component---detailAdm--addressDetailDetailsName1\")]"}
COMMAND: GET /session/4dda79d38857d1487a3acc9aa2e8b8cf/screenshot - {}
RESULT: {"script":"<script> [5351 bytes]","args":[{"element-6066-11e4-a52e-4f735466cecf":"f.B3DE6F40683FFAB1CA736CEEF5589B44.d.3C32BA79F644EB5E6842D0235C654F90.e.3854","ELEMENT":"f.B3DE6F40683FFAB1CA736CEEF5589B44.d.3C32BA79F644EB5E6842D0235C654F90.e.3854"}]}
COMMAND: GET /session/4dda79d38857d1487a3acc9aa2e8b8cf/screenshot - {}
COMMAND: POST /session/4dda79d38857d1487a3acc9aa2e8b8cf/execute/sync - {"script":"<script> [8489 bytes]","args":[{"element-6066-11e4-a52e-4f735466cecf":"f.B3DE6F40683FFAB1CA736CEEF5589B44.d.3C32BA79F644EB5E6842D0235C654F90.e.3854","ELEMENT":"f.B3DE6F40683FFAB1CA736CEEF5589B44.d.3C32BA79F644EB5E6842D0235C654F90.e.3854"}]}
RESULT: {}
COMMAND: POST /session/4dda79d38857d1487a3acc9aa2e8b8cf/element - {"using":"xpath","value":"//span[contains(text(), \"WebdriverYardjjtihg\")][contains(@id ,\"application-addressmanagement-display-component---detailAdm--addressDetailDetailsName1\")]"}
RESULT: {}
RESULT: {"script":"<script> [8489 bytes]","args":[{"element-6066-11e4-a52e-4f735466cecf":"f.B3DE6F40683FFAB1CA736CEEF5589B44.d.3C32BA79F644EB5E6842D0235C654F90.e.3854","ELEMENT":"f.B3DE6F40683FFAB1CA736CEEF5589B44.d.3C32BA79F644EB5E6842D0235C654F90.e.3854"}]}
COMMAND: POST /session/4dda79d38857d1487a3acc9aa2e8b8cf/execute/sync - {"script":"<script> [5351 bytes]","args":[{"element-6066-11e4-a52e-4f735466cecf":"f.B3DE6F40683FFAB1CA736CEEF5589B44.d.3C32BA79F644EB5E6842D0235C654F90.e.3854","ELEMENT":"f.B3DE6F40683FFAB1CA736CEEF5589B44.d.3C32BA79F644EB5E6842D0235C654F90.e.3854"}]}
RESULT: {"using":"xpath","value":"//span[contains(text(), \"WebdriverYardjjtihg\")][contains(@id ,\"application-addressmanagement-display-component---detailAdm--addressDetailDetailsName1\")]"}
COMMAND: GET /session/4dda79d38857d1487a3acc9aa2e8b8cf/screenshot - {}
RESULT: {"script":"<script> [5351 bytes]","args":[{"element-6066-11e4-a52e-4f735466cecf":"f.B3DE6F40683FFAB1CA736CEEF5589B44.d.3C32BA79F644EB5E6842D0235C654F90.e.3854","ELEMENT":"f.B3DE6F40683FFAB1CA736CEEF5589B44.d.3C32BA79F644EB5E6842D0235C654F90.e.3854"}]}
COMMAND: POST /session/4dda79d38857d1487a3acc9aa2e8b8cf/execute/sync - {"script":"<script> [8489 bytes]","args":[{"element-6066-11e4-a52e-4f735466cecf":"f.B3DE6F40683FFAB1CA736CEEF5589B44.d.3C32BA79F644EB5E6842D0235C654F90.e.3854","ELEMENT":"f.B3DE6F40683FFAB1CA736CEEF5589B44.d.3C32BA79F644EB5E6842D0235C654F90.e.3854"}]}
COMMAND: GET /session/4dda79d38857d1487a3acc9aa2e8b8cf/screenshot - {}
COMMAND: POST /session/4dda79d38857d1487a3acc9aa2e8b8cf/element - {"using":"xpath","value":"//span[contains(text(), \"WebdriverYardjjtihg\")][contains(@id ,\"application-addressmanagement-display-component---detailAdm--addressDetailDetailsName1\")]"}
RESULT: {}
RESULT: {"script":"<script> [8489 bytes]","args":[{"element-6066-11e4-a52e-4f735466cecf":"f.B3DE6F40683FFAB1CA736CEEF5589B44.d.3C32BA79F644EB5E6842D0235C654F90.e.3854","ELEMENT":"f.B3DE6F40683FFAB1CA736CEEF5589B44.d.3C32BA79F644EB5E6842D0235C654F90.e.3854"}]}
COMMAND: POST /session/4dda79d38857d1487a3acc9aa2e8b8cf/execute/sync - {"script":"<script> [5351 bytes]","args":[{"element-6066-11e4-a52e-4f735466cecf":"f.B3DE6F40683FFAB1CA736CEEF5589B44.d.3C32BA79F644EB5E6842D0235C654F90.e.3854","ELEMENT":"f.B3DE6F40683FFAB1CA736CEEF5589B44.d.3C32BA79F644EB5E6842D0235C654F90.e.3854"}]}
COMMAND: GET /session/4dda79d38857d1487a3acc9aa2e8b8cf/screenshot - {}
RESULT: {}
RESULT: {"using":"xpath","value":"//span[contains(text(), \"WebdriverYardjjtihg\")][contains(@id ,\"application-addressmanagement-display-component---detailAdm--addressDetailDetailsName1\")]"}
RESULT: {"script":"<script> [5351 bytes]","args":[{"element-6066-11e4-a52e-4f735466cecf":"f.B3DE6F40683FFAB1CA736CEEF5589B44.d.3C32BA79F644EB5E6842D0235C654F90.e.3854","ELEMENT":"f.B3DE6F40683FFAB1CA736CEEF5589B44.d.3C32BA79F644EB5E6842D0235C654F90.e.3854"}]}
COMMAND: POST /session/4dda79d38857d1487a3acc9aa2e8b8cf/execute/sync - {"script":"<script> [8489 bytes]","args":[{"element-6066-11e4-a52e-4f735466cecf":"f.B3DE6F40683FFAB1CA736CEEF5589B44.d.3C32BA79F644EB5E6842D0235C654F90.e.3854","ELEMENT":"f.B3DE6F40683FFAB1CA736CEEF5589B44.d.3C32BA79F644EB5E6842D0235C654F90.e.3854"}]}
COMMAND: GET /session/4dda79d38857d1487a3acc9aa2e8b8cf/screenshot - {}
RESULT: {}
RESULT: {"script":"<script> [8489 bytes]","args":[{"element-6066-11e4-a52e-4f735466cecf":"f.B3DE6F40683FFAB1CA736CEEF5589B44.d.3C32BA79F644EB5E6842D0235C654F90.e.3854","ELEMENT":"f.B3DE6F40683FFAB1CA736CEEF5589B44.d.3C32BA79F644EB5E6842D0235C654F90.e.3854"}]}
COMMAND: POST /session/4dda79d38857d1487a3acc9aa2e8b8cf/execute/sync - {"script":"<script> [5351 bytes]","args":[{"element-6066-11e4-a52e-4f735466cecf":"f.B3DE6F40683FFAB1CA736CEEF5589B44.d.3C32BA79F644EB5E6842D0235C654F90.e.3854","ELEMENT":"f.B3DE6F40683FFAB1CA736CEEF5589B44.d.3C32BA79F644EB5E6842D0235C654F90.e.3854"}]}
COMMAND: GET /session/4dda79d38857d1487a3acc9aa2e8b8cf/screenshot - {}
RESULT: {}
RESULT: {"script":"<script> [5351 bytes]","args":[{"element-6066-11e4-a52e-4f735466cecf":"f.B3DE6F40683FFAB1CA736CEEF5589B44.d.3C32BA79F644EB5E6842D0235C654F90.e.3854","ELEMENT":"f.B3DE6F40683FFAB1CA736CEEF5589B44.d.3C32BA79F644EB5E6842D0235C654F90.e.3854"}]}
COMMAND: POST /session/4dda79d38857d1487a3acc9aa2e8b8cf/execute/sync - {"script":"<script> [8489 bytes]","args":[{"element-6066-11e4-a52e-4f735466cecf":"f.B3DE6F40683FFAB1CA736CEEF5589B44.d.3C32BA79F644EB5E6842D0235C654F90.e.3854","ELEMENT":"f.B3DE6F40683FFAB1CA736CEEF5589B44.d.3C32BA79F644EB5E6842D0235C654F90.e.3854"}]}
COMMAND: GET /session/4dda79d38857d1487a3acc9aa2e8b8cf/screenshot - {}
COMMAND: POST /session/4dda79d38857d1487a3acc9aa2e8b8cf/element - {"using":"xpath","value":"//span[contains(text(), \"WebdriverYardjjtihg\")][contains(@id ,\"application-addressmanagement-display-component---detailAdm--addressDetailDetailsName1\")]"}
RESULT: {}
RESULT: {"script":"<script> [8489 bytes]","args":[{"element-6066-11e4-a52e-4f735466cecf":"f.B3DE6F40683FFAB1CA736CEEF5589B44.d.3C32BA79F644EB5E6842D0235C654F90.e.3854","ELEMENT":"f.B3DE6F40683FFAB1CA736CEEF5589B44.d.3C32BA79F644EB5E6842D0235C654F90.e.3854"}]}
COMMAND: POST /session/4dda79d38857d1487a3acc9aa2e8b8cf/execute/sync - {"script":"<script> [5351 bytes]","args":[{"element-6066-11e4-a52e-4f735466cecf":"f.B3DE6F40683FFAB1CA736CEEF5589B44.d.3C32BA79F644EB5E6842D0235C654F90.e.3854","ELEMENT":"f.B3DE6F40683FFAB1CA736CEEF5589B44.d.3C32BA79F644EB5E6842D0235C654F90.e.3854"}]}
COMMAND: GET /session/4dda79d38857d1487a3acc9aa2e8b8cf/screenshot - {}
RESULT: {}
RESULT: {"using":"xpath","value":"//span[contains(text(), \"WebdriverYardjjtihg\")][contains(@id ,\"application-addressmanagement-display-component---detailAdm--addressDetailDetailsName1\")]"}
RESULT: {"script":"<script> [5351 bytes]","args":[{"element-6066-11e4-a52e-4f735466cecf":"f.B3DE6F40683FFAB1CA736CEEF5589B44.d.3C32BA79F644EB5E6842D0235C654F90.e.3854","ELEMENT":"f.B3DE6F40683FFAB1CA736CEEF5589B44.d.3C32BA79F644EB5E6842D0235C654F90.e.3854"}]}
COMMAND: POST /session/4dda79d38857d1487a3acc9aa2e8b8cf/execute/sync - {"script":"<script> [8489 bytes]","args":[{"element-6066-11e4-a52e-4f735466cecf":"f.B3DE6F40683FFAB1CA736CEEF5589B44.d.3C32BA79F644EB5E6842D0235C654F90.e.3854","ELEMENT":"f.B3DE6F40683FFAB1CA736CEEF5589B44.d.3C32BA79F644EB5E6842D0235C654F90.e.3854"}]}
COMMAND: GET /session/4dda79d38857d1487a3acc9aa2e8b8cf/screenshot - {}
RESULT: {}
RESULT: {"script":"<script> [8489 bytes]","args":[{"element-6066-11e4-a52e-4f735466cecf":"f.B3DE6F40683FFAB1CA736CEEF5589B44.d.3C32BA79F644EB5E6842D0235C654F90.e.3854","ELEMENT":"f.B3DE6F40683FFAB1CA736CEEF5589B44.d.3C32BA79F644EB5E6842D0235C654F90.e.3854"}]}
COMMAND: POST /session/4dda79d38857d1487a3acc9aa2e8b8cf/execute/sync - {"script":"<script> [5351 bytes]","args":[{"element-6066-11e4-a52e-4f735466cecf":"f.B3DE6F40683FFAB1CA736CEEF5589B44.d.3C32BA79F644EB5E6842D0235C654F90.e.3854","ELEMENT":"f.B3DE6F40683FFAB1CA736CEEF5589B44.d.3C32BA79F644EB5E6842D0235C654F90.e.3854"}]}
COMMAND: GET /session/4dda79d38857d1487a3acc9aa2e8b8cf/screenshot - {}
COMMAND: POST /session/4dda79d38857d1487a3acc9aa2e8b8cf/element - {"using":"xpath","value":"//span[contains(text(), \"WebdriverYardjjtihg\")][contains(@id ,\"application-addressmanagement-display-component---detailAdm--addressDetailDetailsName1\")]"}
RESULT: {}
RESULT: {"script":"<script> [5351 bytes]","args":[{"element-6066-11e4-a52e-4f735466cecf":"f.B3DE6F40683FFAB1CA736CEEF5589B44.d.3C32BA79F644EB5E6842D0235C654F90.e.3854","ELEMENT":"f.B3DE6F40683FFAB1CA736CEEF5589B44.d.3C32BA79F644EB5E6842D0235C654F90.e.3854"}]}
COMMAND: POST /session/4dda79d38857d1487a3acc9aa2e8b8cf/element - {"using":"xpath","value":"//*[contains(@data-kt ,\"webshopDetailYardLink\")]"}
COMMAND: GET /session/4dda79d38857d1487a3acc9aa2e8b8cf/screenshot - {}
RESULT: {}
RESULT: {"using":"xpath","value":"//span[contains(text(), \"WebdriverYardjjtihg\")][contains(@id ,\"application-addressmanagement-display-component---detailAdm--addressDetailDetailsName1\")]"}
RESULT: {"using":"xpath","value":"//*[contains(@data-kt ,\"webshopDetailYardLink\")]"}
COMMAND: POST /session/4dda79d38857d1487a3acc9aa2e8b8cf/element/f.B3DE6F40683FFAB1CA736CEEF5589B44.d.3C32BA79F644EB5E6842D0235C654F90.e.3854/click - {}
RESULT: {}
RESULT: {}
COMMAND: GET /session/4dda79d38857d1487a3acc9aa2e8b8cf/screenshot - {}
COMMAND: POST /session/4dda79d38857d1487a3acc9aa2e8b8cf/element - {"using":"xpath","value":"//span[contains(text(), \"WebdriverYardjjtihg\")][contains(@id ,\"application-addressmanagement-display-component---detailAdm--addressDetailDetailsName1\")]"}
RESULT: {}
RESULT: {"using":"xpath","value":"//span[contains(text(), \"WebdriverYardjjtihg\")][contains(@id ,\"application-addressmanagement-display-component---detailAdm--addressDetailDetailsName1\")]"}
COMMAND: POST /session/4dda79d38857d1487a3acc9aa2e8b8cf/element - {"using":"xpath","value":"//span[contains(text(), \"WebdriverYardjjtihg\")][contains(@id ,\"application-addressmanagement-display-component---detailAdm--addressDetailDetailsName1\")]"}
RESULT: {"using":"xpath","value":"//span[contains(text(), \"WebdriverYardjjtihg\")][contains(@id ,\"application-addressmanagement-display-component---detailAdm--addressDetailDetailsName1\")]"}
COMMAND: POST /session/4dda79d38857d1487a3acc9aa2e8b8cf/element - {"using":"xpath","value":"//span[contains(text(), \"WebdriverYardjjtihg\")][contains(@id ,\"application-addressmanagement-display-component---detailAdm--addressDetailDetailsName1\")]"}
RESULT: {"using":"xpath","value":"//span[contains(text(), \"WebdriverYardjjtihg\")][contains(@id ,\"application-addressmanagement-display-component---detailAdm--addressDetailDetailsName1\")]"}
COMMAND: POST /session/4dda79d38857d1487a3acc9aa2e8b8cf/element - {"using":"xpath","value":"//span[contains(text(), \"WebdriverYardjjtihg\")][contains(@id ,\"application-addressmanagement-display-component---detailAdm--addressDetailDetailsName1\")]"}
RESULT: {"using":"xpath","value":"//span[contains(text(), \"WebdriverYardjjtihg\")][contains(@id ,\"application-addressmanagement-display-component---detailAdm--addressDetailDetailsName1\")]"}
COMMAND: POST /session/4dda79d38857d1487a3acc9aa2e8b8cf/element - {"using":"xpath","value":"//button[contains(@data-kt ,\"ContextMenuExternalId2Link\")]"}
RESULT: {"using":"xpath","value":"//button[contains(@data-kt ,\"ContextMenuExternalId2Link\")]"}
COMMAND: POST /session/4dda79d38857d1487a3acc9aa2e8b8cf/element/f.B3DE6F40683FFAB1CA736CEEF5589B44.d.3C32BA79F644EB5E6842D0235C654F90.e.3873/click - {}
RESULT: {}
COMMAND: GET /session/4dda79d38857d1487a3acc9aa2e8b8cf/screenshot - {}
COMMAND: POST /session/4dda79d38857d1487a3acc9aa2e8b8cf/element - {"using":"xpath","value":"//span[contains(text(), \"WebdriverYardjjtihg\")][contains(@id ,\"application-addressmanagement-display-component---detailAdm--addressDetailDetailsName1\")]"}
RESULT: {}
RESULT: {"using":"xpath","value":"//span[contains(text(), \"WebdriverYardjjtihg\")][contains(@id ,\"application-addressmanagement-display-component---detailAdm--addressDetailDetailsName1\")]"}
COMMAND: POST /session/4dda79d38857d1487a3acc9aa2e8b8cf/element - {"using":"xpath","value":"//span[contains(text(), \"WebdriverYardjjtihg\")][contains(@id ,\"application-addressmanagement-display-component---detailAdm--addressDetailDetailsName1\")]"}
RESULT: {"using":"xpath","value":"//span[contains(text(), \"WebdriverYardjjtihg\")][contains(@id ,\"application-addressmanagement-display-component---detailAdm--addressDetailDetailsName1\")]"}
COMMAND: POST /session/4dda79d38857d1487a3acc9aa2e8b8cf/element - {"using":"xpath","value":"//span[contains(text(), \"WebdriverYardjjtihg\")][contains(@id ,\"application-addressmanagement-display-component---detailAdm--addressDetailDetailsName1\")]"}
RESULT: {"using":"xpath","value":"//span[contains(text(), \"WebdriverYardjjtihg\")][contains(@id ,\"application-addressmanagement-display-component---detailAdm--addressDetailDetailsName1\")]"}
COMMAND: POST /session/4dda79d38857d1487a3acc9aa2e8b8cf/element - {"using":"xpath","value":"//span[contains(text(), \"WebdriverYardjjtihg\")][contains(@id ,\"application-addressmanagement-display-component---detailAdm--addressDetailDetailsName1\")]"}
RESULT: {"using":"xpath","value":"//span[contains(text(), \"WebdriverYardjjtihg\")][contains(@id ,\"application-addressmanagement-display-component---detailAdm--addressDetailDetailsName1\")]"}
COMMAND: POST /session/4dda79d38857d1487a3acc9aa2e8b8cf/element - {"using":"xpath","value":"//span[contains(text(), \"WebdriverYardjjtihg\")][contains(@id ,\"application-addressmanagement-display-component---detailAdm--addressDetailDetailsName1\")]"}
RESULT: {"using":"xpath","value":"//span[contains(text(), \"WebdriverYardjjtihg\")][contains(@id ,\"application-addressmanagement-display-component---detailAdm--addressDetailDetailsName1\")]"}
COMMAND: POST /session/4dda79d38857d1487a3acc9aa2e8b8cf/element - {"using":"xpath","value":"//span[contains(text(), \"WebdriverYardjjtihg\")][contains(@id ,\"application-addressmanagement-display-component---detailAdm--addressDetailDetailsName1\")]"}
RESULT: {"using":"xpath","value":"//span[contains(text(), \"WebdriverYardjjtihg\")][contains(@id ,\"application-addressmanagement-display-component---detailAdm--addressDetailDetailsName1\")]"}
COMMAND: POST /session/4dda79d38857d1487a3acc9aa2e8b8cf/element - {"using":"xpath","value":"//span[contains(text(), \"WebdriverYardjjtihg\")][contains(@id ,\"application-addressmanagement-display-component---detailAdm--addressDetailDetailsName1\")]"}
RESULT: {"using":"xpath","value":"//span[contains(text(), \"WebdriverYardjjtihg\")][contains(@id ,\"application-addressmanagement-display-component---detailAdm--addressDetailDetailsName1\")]"}
COMMAND: POST /session/4dda79d38857d1487a3acc9aa2e8b8cf/element - {"using":"xpath","value":"//span[contains(text(), \"WebdriverYardjjtihg\")][contains(@id ,\"application-addressmanagement-display-component---detailAdm--addressDetailDetailsName1\")]"}
RESULT: {"using":"xpath","value":"//span[contains(text(), \"WebdriverYardjjtihg\")][contains(@id ,\"application-addressmanagement-display-component---detailAdm--addressDetailDetailsName1\")]"}
COMMAND: POST /session/4dda79d38857d1487a3acc9aa2e8b8cf/element - {"using":"xpath","value":"//span[contains(text(), \"WebdriverYardjjtihg\")][contains(@id ,\"application-addressmanagement-display-component---detailAdm--addressDetailDetailsName1\")]"}
RESULT: {"using":"xpath","value":"//span[contains(text(), \"WebdriverYardjjtihg\")][contains(@id ,\"application-addressmanagement-display-component---detailAdm--addressDetailDetailsName1\")]"}
COMMAND: POST /session/4dda79d38857d1487a3acc9aa2e8b8cf/element - {"using":"xpath","value":"//span[contains(text(), \"WebdriverYardjjtihg\")][contains(@id ,\"application-addressmanagement-display-component---detailAdm--addressDetailDetailsName1\")]"}
RESULT: {"using":"xpath","value":"//span[contains(text(), \"WebdriverYardjjtihg\")][contains(@id ,\"application-addressmanagement-display-component---detailAdm--addressDetailDetailsName1\")]"}
COMMAND: POST /session/4dda79d38857d1487a3acc9aa2e8b8cf/element - {"using":"xpath","value":"//span[contains(text(), \"WebdriverYardjjtihg\")][contains(@id ,\"application-addressmanagement-display-component---detailAdm--addressDetailDetailsName1\")]"}
RESULT: {"using":"xpath","value":"//span[contains(text(), \"WebdriverYardjjtihg\")][contains(@id ,\"application-addressmanagement-display-component---detailAdm--addressDetailDetailsName1\")]"}
COMMAND: POST /session/4dda79d38857d1487a3acc9aa2e8b8cf/element - {"using":"xpath","value":"//span[contains(text(), \"WebdriverYardjjtihg\")][contains(@id ,\"application-addressmanagement-display-component---detailAdm--addressDetailDetailsName1\")]"}
RESULT: {"using":"xpath","value":"//span[contains(text(), \"WebdriverYardjjtihg\")][contains(@id ,\"application-addressmanagement-display-component---detailAdm--addressDetailDetailsName1\")]"}
COMMAND: POST /session/4dda79d38857d1487a3acc9aa2e8b8cf/element - {"using":"xpath","value":"//span[contains(text(), \"WebdriverYardjjtihg\")][contains(@id ,\"application-addressmanagement-display-component---detailAdm--addressDetailDetailsName1\")]"}
RESULT: {"using":"xpath","value":"//span[contains(text(), \"WebdriverYardjjtihg\")][contains(@id ,\"application-addressmanagement-display-component---detailAdm--addressDetailDetailsName1\")]"}
COMMAND: POST /session/4dda79d38857d1487a3acc9aa2e8b8cf/element - {"using":"xpath","value":"//span[contains(text(), \"WebdriverYardjjtihg\")][contains(@id ,\"application-addressmanagement-display-component---detailAdm--addressDetailDetailsName1\")]"}
RESULT: {"using":"xpath","value":"//span[contains(text(), \"WebdriverYardjjtihg\")][contains(@id ,\"application-addressmanagement-display-component---detailAdm--addressDetailDetailsName1\")]"}
COMMAND: POST /session/4dda79d38857d1487a3acc9aa2e8b8cf/element - {"using":"xpath","value":"//span[contains(text(), \"WebdriverYardjjtihg\")][contains(@id ,\"application-addressmanagement-display-component---detailAdm--addressDetailDetailsName1\")]"}
RESULT: {"using":"xpath","value":"//span[contains(text(), \"WebdriverYardjjtihg\")][contains(@id ,\"application-addressmanagement-display-component---detailAdm--addressDetailDetailsName1\")]"}
COMMAND: POST /session/4dda79d38857d1487a3acc9aa2e8b8cf/element - {"using":"xpath","value":"//span[contains(text(), \"WebdriverYardjjtihg\")][contains(@id ,\"application-addressmanagement-display-component---detailAdm--addressDetailDetailsName1\")]"}
RESULT: {"using":"xpath","value":"//span[contains(text(), \"WebdriverYardjjtihg\")][contains(@id ,\"application-addressmanagement-display-component---detailAdm--addressDetailDetailsName1\")]"}
COMMAND: POST /session/4dda79d38857d1487a3acc9aa2e8b8cf/element - {"using":"xpath","value":"//span[contains(text(), \"WebdriverYardjjtihg\")][contains(@id ,\"application-addressmanagement-display-component---detailAdm--addressDetailDetailsName1\")]"}
RESULT: {"using":"xpath","value":"//span[contains(text(), \"WebdriverYardjjtihg\")][contains(@id ,\"application-addressmanagement-display-component---detailAdm--addressDetailDetailsName1\")]"}
COMMAND: GET /session/4dda79d38857d1487a3acc9aa2e8b8cf/window/handles - {}
RESULT: {}
COMMAND: POST /session/4dda79d38857d1487a3acc9aa2e8b8cf/window - {"handle":"FA4DADB61A80EBE163B70A21460EE43B"}
RESULT: {"handle":"FA4DADB61A80EBE163B70A21460EE43B"}
COMMAND: GET /session/4dda79d38857d1487a3acc9aa2e8b8cf/url - {}
COMMAND: POST /session/4dda79d38857d1487a3acc9aa2e8b8cf/element - {"using":"xpath","value":"//span[contains(text(), \"WebdriverYardjjtihg\")][contains(@id ,\"application-addressmanagement-display-component---detailAdm--addressDetailDetailsName1\")]"}
RESULT: {}
COMMAND: GET /session/4dda79d38857d1487a3acc9aa2e8b8cf/screenshot - {}
RESULT: {"using":"xpath","value":"//span[contains(text(), \"WebdriverYardjjtihg\")][contains(@id ,\"application-addressmanagement-display-component---detailAdm--addressDetailDetailsName1\")]"}
RESULT: {}
COMMAND: POST /session/4dda79d38857d1487a3acc9aa2e8b8cf/element - {"using":"xpath","value":"//span[contains(text(), \"WebdriverYardjjtihg\")][contains(@id ,\"application-addressmanagement-display-component---detailAdm--addressDetailDetailsName1\")]"}
RESULT: {"using":"xpath","value":"//span[contains(text(), \"WebdriverYardjjtihg\")][contains(@id ,\"application-addressmanagement-display-component---detailAdm--addressDetailDetailsName1\")]"}
COMMAND: POST /session/4dda79d38857d1487a3acc9aa2e8b8cf/element - {"using":"xpath","value":"//span[contains(text(), \"WebdriverYardjjtihg\")][contains(@id ,\"application-addressmanagement-display-component---detailAdm--addressDetailDetailsName1\")]"}
RESULT: {"using":"xpath","value":"//span[contains(text(), \"WebdriverYardjjtihg\")][contains(@id ,\"application-addressmanagement-display-component---detailAdm--addressDetailDetailsName1\")]"}
COMMAND: POST /session/4dda79d38857d1487a3acc9aa2e8b8cf/element - {"using":"xpath","value":"//span[contains(text(), \"WebdriverYardjjtihg\")][contains(@id ,\"application-addressmanagement-display-component---detailAdm--addressDetailDetailsName1\")]"}
RESULT: {"using":"xpath","value":"//span[contains(text(), \"WebdriverYardjjtihg\")][contains(@id ,\"application-addressmanagement-display-component---detailAdm--addressDetailDetailsName1\")]"}
COMMAND: POST /session/4dda79d38857d1487a3acc9aa2e8b8cf/element - {"using":"xpath","value":"//span[contains(text(), \"WebdriverYardjjtihg\")][contains(@id ,\"application-addressmanagement-display-component---detailAdm--addressDetailDetailsName1\")]"}
RESULT: {"using":"xpath","value":"//span[contains(text(), \"WebdriverYardjjtihg\")][contains(@id ,\"application-addressmanagement-display-component---detailAdm--addressDetailDetailsName1\")]"}
COMMAND: POST /session/4dda79d38857d1487a3acc9aa2e8b8cf/element - {"using":"xpath","value":"//span[contains(text(), \"WebdriverYardjjtihg\")][contains(@id ,\"application-addressmanagement-display-component---detailAdm--addressDetailDetailsName1\")]"}
RESULT: {"using":"xpath","value":"//span[contains(text(), \"WebdriverYardjjtihg\")][contains(@id ,\"application-addressmanagement-display-component---detailAdm--addressDetailDetailsName1\")]"}
COMMAND: POST /session/4dda79d38857d1487a3acc9aa2e8b8cf/element - {"using":"xpath","value":"//span[contains(text(), \"WebdriverYardjjtihg\")][contains(@id ,\"application-addressmanagement-display-component---detailAdm--addressDetailDetailsName1\")]"}
RESULT: {"using":"xpath","value":"//span[contains(text(), \"WebdriverYardjjtihg\")][contains(@id ,\"application-addressmanagement-display-component---detailAdm--addressDetailDetailsName1\")]"}
COMMAND: POST /session/4dda79d38857d1487a3acc9aa2e8b8cf/element - {"using":"xpath","value":"//span[contains(text(), \"WebdriverYardjjtihg\")][contains(@id ,\"application-addressmanagement-display-component---detailAdm--addressDetailDetailsName1\")]"}
RESULT: {"using":"xpath","value":"//span[contains(text(), \"WebdriverYardjjtihg\")][contains(@id ,\"application-addressmanagement-display-component---detailAdm--addressDetailDetailsName1\")]"}
COMMAND: POST /session/4dda79d38857d1487a3acc9aa2e8b8cf/element - {"using":"xpath","value":"//span[contains(text(), \"WebdriverYardjjtihg\")][contains(@id ,\"application-addressmanagement-display-component---detailAdm--addressDetailDetailsName1\")]"}
COMMAND: POST /session/4dda79d38857d1487a3acc9aa2e8b8cf/execute/sync - {"script":"<script> [8489 bytes]","args":[{"element-6066-11e4-a52e-4f735466cecf":"f.B3DE6F40683FFAB1CA736CEEF5589B44.d.3C32BA79F644EB5E6842D0235C654F90.e.3381","ELEMENT":"f.B3DE6F40683FFAB1CA736CEEF5589B44.d.3C32BA79F644EB5E6842D0235C654F90.e.3381"}]}
COMMAND: DELETE /session/4dda79d38857d1487a3acc9aa2e8b8cf/window - {}
RESULT: {"script":"<script> [8489 bytes]","args":[{"element-6066-11e4-a52e-4f735466cecf":"f.B3DE6F40683FFAB1CA736CEEF5589B44.d.3C32BA79F644EB5E6842D0235C654F90.e.3381","ELEMENT":"f.B3DE6F40683FFAB1CA736CEEF5589B44.d.3C32BA79F644EB5E6842D0235C654F90.e.3381"}]}
COMMAND: GET /session/4dda79d38857d1487a3acc9aa2e8b8cf/screenshot - {}
RESULT: {}
COMMAND: POST /session/4dda79d38857d1487a3acc9aa2e8b8cf/window - {"handle":"B3DE6F40683FFAB1CA736CEEF5589B44"}
RESULT: {"handle":"B3DE6F40683FFAB1CA736CEEF5589B44"}
COMMAND: GET /session/4dda79d38857d1487a3acc9aa2e8b8cf/url - {}
RESULT: {"using":"xpath","value":"//span[contains(text(), \"WebdriverYardjjtihg\")][contains(@id ,\"application-addressmanagement-display-component---detailAdm--addressDetailDetailsName1\")]"}
COMMAND: POST /session/4dda79d38857d1487a3acc9aa2e8b8cf/execute/sync - {"script":"<script> [8489 bytes]","args":[{"element-6066-11e4-a52e-4f735466cecf":"f.B3DE6F40683FFAB1CA736CEEF5589B44.d.3C32BA79F644EB5E6842D0235C654F90.e.3381","ELEMENT":"f.B3DE6F40683FFAB1CA736CEEF5589B44.d.3C32BA79F644EB5E6842D0235C654F90.e.3381"}]}
RESULT: {}
RESULT: {}
COMMAND: POST /session/4dda79d38857d1487a3acc9aa2e8b8cf/element - {"using":"xpath","value":"//span[contains(@id ,\"title\")][contains(text(), \"WebdriverYard2j5apk\")]"}
COMMAND: GET /session/4dda79d38857d1487a3acc9aa2e8b8cf/screenshot - {}
COMMAND: POST /session/4dda79d38857d1487a3acc9aa2e8b8cf/element - {"using":"xpath","value":"//span[contains(text(), \"WebdriverYardjjtihg\")][contains(@id ,\"application-addressmanagement-display-component---detailAdm--addressDetailDetailsName1\")]"}
RESULT: {"using":"xpath","value":"//span[contains(@id ,\"title\")][contains(text(), \"WebdriverYard2j5apk\")]"}
COMMAND: POST /session/4dda79d38857d1487a3acc9aa2e8b8cf/execute/sync - {"script":"<script> [8489 bytes]","args":[{"element-6066-11e4-a52e-4f735466cecf":"f.B3DE6F40683FFAB1CA736CEEF5589B44.d.3C32BA79F644EB5E6842D0235C654F90.e.3878","ELEMENT":"f.B3DE6F40683FFAB1CA736CEEF5589B44.d.3C32BA79F644EB5E6842D0235C654F90.e.3878"}]}
RESULT: {}
RESULT: {"using":"xpath","value":"//span[contains(text(), \"WebdriverYardjjtihg\")][contains(@id ,\"application-addressmanagement-display-component---detailAdm--addressDetailDetailsName1\")]"}
RESULT: {"script":"<script> [8489 bytes]","args":[{"element-6066-11e4-a52e-4f735466cecf":"f.B3DE6F40683FFAB1CA736CEEF5589B44.d.3C32BA79F644EB5E6842D0235C654F90.e.3878","ELEMENT":"f.B3DE6F40683FFAB1CA736CEEF5589B44.d.3C32BA79F644EB5E6842D0235C654F90.e.3878"}]}
COMMAND: GET /session/4dda79d38857d1487a3acc9aa2e8b8cf/screenshot - {}
RESULT: {}
COMMAND: POST /session/4dda79d38857d1487a3acc9aa2e8b8cf/element - {"using":"xpath","value":"//span[contains(text(), \"WebdriverYardjjtihg\")][contains(@id ,\"application-addressmanagement-display-component---detailAdm--addressDetailDetailsName1\")]"}
RESULT: {"using":"xpath","value":"//span[contains(text(), \"WebdriverYardjjtihg\")][contains(@id ,\"application-addressmanagement-display-component---detailAdm--addressDetailDetailsName1\")]"}
COMMAND: POST /session/4dda79d38857d1487a3acc9aa2e8b8cf/element - {"using":"xpath","value":"//span[contains(text(), \"WebdriverYardjjtihg\")][contains(@id ,\"application-addressmanagement-display-component---detailAdm--addressDetailDetailsName1\")]"}
RESULT: {"using":"xpath","value":"//span[contains(text(), \"WebdriverYardjjtihg\")][contains(@id ,\"application-addressmanagement-display-component---detailAdm--addressDetailDetailsName1\")]"}
COMMAND: POST /session/4dda79d38857d1487a3acc9aa2e8b8cf/element - {"using":"xpath","value":"//span[contains(text(), \"WebdriverYardjjtihg\")][contains(@id ,\"application-addressmanagement-display-component---detailAdm--addressDetailDetailsName1\")]"}
RESULT: {"using":"xpath","value":"//span[contains(text(), \"WebdriverYardjjtihg\")][contains(@id ,\"application-addressmanagement-display-component---detailAdm--addressDetailDetailsName1\")]"}
COMMAND: POST /session/4dda79d38857d1487a3acc9aa2e8b8cf/element - {"using":"xpath","value":"//span[contains(text(), \"WebdriverYardjjtihg\")][contains(@id ,\"application-addressmanagement-display-component---detailAdm--addressDetailDetailsName1\")]"}
RESULT: {"using":"xpath","value":"//span[contains(text(), \"WebdriverYardjjtihg\")][contains(@id ,\"application-addressmanagement-display-component---detailAdm--addressDetailDetailsName1\")]"}
COMMAND: POST /session/4dda79d38857d1487a3acc9aa2e8b8cf/element - {"using":"xpath","value":"//span[contains(text(), \"WebdriverYardjjtihg\")][contains(@id ,\"application-addressmanagement-display-component---detailAdm--addressDetailDetailsName1\")]"}
RESULT: {"using":"xpath","value":"//span[contains(text(), \"WebdriverYardjjtihg\")][contains(@id ,\"application-addressmanagement-display-component---detailAdm--addressDetailDetailsName1\")]"}
COMMAND: POST /session/4dda79d38857d1487a3acc9aa2e8b8cf/element - {"using":"xpath","value":"//span[contains(text(), \"WebdriverYardjjtihg\")][contains(@id ,\"application-addressmanagement-display-component---detailAdm--addressDetailDetailsName1\")]"}
RESULT: {"using":"xpath","value":"//span[contains(text(), \"WebdriverYardjjtihg\")][contains(@id ,\"application-addressmanagement-display-component---detailAdm--addressDetailDetailsName1\")]"}
COMMAND: POST /session/4dda79d38857d1487a3acc9aa2e8b8cf/element - {"using":"xpath","value":"//span[contains(text(), \"WebdriverYardjjtihg\")][contains(@id ,\"application-addressmanagement-display-component---detailAdm--addressDetailDetailsName1\")]"}
RESULT: {"using":"xpath","value":"//span[contains(text(), \"WebdriverYardjjtihg\")][contains(@id ,\"application-addressmanagement-display-component---detailAdm--addressDetailDetailsName1\")]"}
COMMAND: POST /session/4dda79d38857d1487a3acc9aa2e8b8cf/element - {"using":"xpath","value":"//span[contains(text(), \"WebdriverYardjjtihg\")][contains(@id ,\"application-addressmanagement-display-component---detailAdm--addressDetailDetailsName1\")]"}
RESULT: {"using":"xpath","value":"//span[contains(text(), \"WebdriverYardjjtihg\")][contains(@id ,\"application-addressmanagement-display-component---detailAdm--addressDetailDetailsName1\")]"}
COMMAND: POST /session/4dda79d38857d1487a3acc9aa2e8b8cf/element - {"using":"xpath","value":"//button[contains(@data-kt ,\"ContextMenuExternalId3Link\")]"}
RESULT: {"using":"xpath","value":"//button[contains(@data-kt ,\"ContextMenuExternalId3Link\")]"}
COMMAND: POST /session/4dda79d38857d1487a3acc9aa2e8b8cf/element/f.B3DE6F40683FFAB1CA736CEEF5589B44.d.3C32BA79F644EB5E6842D0235C654F90.e.3879/click - {}
COMMAND: POST /session/4dda79d38857d1487a3acc9aa2e8b8cf/element - {"using":"xpath","value":"//span[contains(text(), \"WebdriverYardjjtihg\")][contains(@id ,\"application-addressmanagement-display-component---detailAdm--addressDetailDetailsName1\")]"}
RESULT: {}
RESULT: {"using":"xpath","value":"//span[contains(text(), \"WebdriverYardjjtihg\")][contains(@id ,\"application-addressmanagement-display-component---detailAdm--addressDetailDetailsName1\")]"}
COMMAND: GET /session/4dda79d38857d1487a3acc9aa2e8b8cf/screenshot - {}
COMMAND: POST /session/4dda79d38857d1487a3acc9aa2e8b8cf/element - {"using":"xpath","value":"//span[contains(text(), \"WebdriverYardjjtihg\")][contains(@id ,\"application-addressmanagement-display-component---detailAdm--addressDetailDetailsName1\")]"}
RESULT: {}
RESULT: {"using":"xpath","value":"//span[contains(text(), \"WebdriverYardjjtihg\")][contains(@id ,\"application-addressmanagement-display-component---detailAdm--addressDetailDetailsName1\")]"}
COMMAND: POST /session/4dda79d38857d1487a3acc9aa2e8b8cf/element - {"using":"xpath","value":"//span[contains(text(), \"WebdriverYardjjtihg\")][contains(@id ,\"application-addressmanagement-display-component---detailAdm--addressDetailDetailsName1\")]"}
RESULT: {"using":"xpath","value":"//span[contains(text(), \"WebdriverYardjjtihg\")][contains(@id ,\"application-addressmanagement-display-component---detailAdm--addressDetailDetailsName1\")]"}
COMMAND: GET /session/4dda79d38857d1487a3acc9aa2e8b8cf/window/handles - {}
RESULT: {}
COMMAND: POST /session/4dda79d38857d1487a3acc9aa2e8b8cf/window - {"handle":"9EB8C45FD2083FBD9049F7664E78BB97"}
RESULT: {"handle":"9EB8C45FD2083FBD9049F7664E78BB97"}
COMMAND: GET /session/4dda79d38857d1487a3acc9aa2e8b8cf/url - {}
RESULT: {}
COMMAND: GET /session/4dda79d38857d1487a3acc9aa2e8b8cf/screenshot - {}
RESULT: {}
COMMAND: POST /session/4dda79d38857d1487a3acc9aa2e8b8cf/element - {"using":"xpath","value":"//span[contains(text(), \"WebdriverYardjjtihg\")][contains(@id ,\"application-addressmanagement-display-component---detailAdm--addressDetailDetailsName1\")]"}
COMMAND: DELETE /session/4dda79d38857d1487a3acc9aa2e8b8cf/window - {}
RESULT: {}
COMMAND: POST /session/4dda79d38857d1487a3acc9aa2e8b8cf/window - {"handle":"B3DE6F40683FFAB1CA736CEEF5589B44"}
RESULT: {"handle":"B3DE6F40683FFAB1CA736CEEF5589B44"}
COMMAND: GET /session/4dda79d38857d1487a3acc9aa2e8b8cf/url - {}
RESULT: {"using":"xpath","value":"//span[contains(text(), \"WebdriverYardjjtihg\")][contains(@id ,\"application-addressmanagement-display-component---detailAdm--addressDetailDetailsName1\")]"}
RESULT: {}
COMMAND: GET /session/4dda79d38857d1487a3acc9aa2e8b8cf/screenshot - {}
RESULT: {}
COMMAND: POST /session/4dda79d38857d1487a3acc9aa2e8b8cf/element - {"using":"xpath","value":"//span[contains(text(), \"WebdriverYardjjtihg\")][contains(@id ,\"application-addressmanagement-display-component---detailAdm--addressDetailDetailsName1\")]"}
RESULT: {"using":"xpath","value":"//span[contains(text(), \"WebdriverYardjjtihg\")][contains(@id ,\"application-addressmanagement-display-component---detailAdm--addressDetailDetailsName1\")]"}
COMMAND: POST /session/4dda79d38857d1487a3acc9aa2e8b8cf/element - {"using":"xpath","value":"//span[contains(text(), \"WebdriverYardjjtihg\")][contains(@id ,\"application-addressmanagement-display-component---detailAdm--addressDetailDetailsName1\")]"}
RESULT: {"using":"xpath","value":"//span[contains(text(), \"WebdriverYardjjtihg\")][contains(@id ,\"application-addressmanagement-display-component---detailAdm--addressDetailDetailsName1\")]"}
COMMAND: POST /session/4dda79d38857d1487a3acc9aa2e8b8cf/element - {"using":"xpath","value":"//span[contains(text(), \"WebdriverYardjjtihg\")][contains(@id ,\"application-addressmanagement-display-component---detailAdm--addressDetailDetailsName1\")]"}
RESULT: {"using":"xpath","value":"//span[contains(text(), \"WebdriverYardjjtihg\")][contains(@id ,\"application-addressmanagement-display-component---detailAdm--addressDetailDetailsName1\")]"}
COMMAND: POST /session/4dda79d38857d1487a3acc9aa2e8b8cf/element - {"using":"xpath","value":"//span[contains(text(), \"WebdriverYardjjtihg\")][contains(@id ,\"application-addressmanagement-display-component---detailAdm--addressDetailDetailsName1\")]"}
RESULT: {"using":"xpath","value":"//span[contains(text(), \"WebdriverYardjjtihg\")][contains(@id ,\"application-addressmanagement-display-component---detailAdm--addressDetailDetailsName1\")]"}
COMMAND: POST /session/4dda79d38857d1487a3acc9aa2e8b8cf/element - {"using":"xpath","value":"//span[contains(text(), \"WebdriverYardjjtihg\")][contains(@id ,\"application-addressmanagement-display-component---detailAdm--addressDetailDetailsName1\")]"}
RESULT: {"using":"xpath","value":"//span[contains(text(), \"WebdriverYardjjtihg\")][contains(@id ,\"application-addressmanagement-display-component---detailAdm--addressDetailDetailsName1\")]"}
COMMAND: POST /session/4dda79d38857d1487a3acc9aa2e8b8cf/element - {"using":"xpath","value":"//span[contains(text(), \"WebdriverYardjjtihg\")][contains(@id ,\"application-addressmanagement-display-component---detailAdm--addressDetailDetailsName1\")]"}
RESULT: {"using":"xpath","value":"//span[contains(text(), \"WebdriverYardjjtihg\")][contains(@id ,\"application-addressmanagement-display-component---detailAdm--addressDetailDetailsName1\")]"}
COMMAND: POST /session/4dda79d38857d1487a3acc9aa2e8b8cf/element - {"using":"xpath","value":"//span[contains(text(), \"WebdriverYardjjtihg\")][contains(@id ,\"application-addressmanagement-display-component---detailAdm--addressDetailDetailsName1\")]"}
RESULT: {"using":"xpath","value":"//span[contains(text(), \"WebdriverYardjjtihg\")][contains(@id ,\"application-addressmanagement-display-component---detailAdm--addressDetailDetailsName1\")]"}
COMMAND: POST /session/4dda79d38857d1487a3acc9aa2e8b8cf/element - {"using":"xpath","value":"//span[contains(text(), \"WebdriverYardjjtihg\")][contains(@id ,\"application-addressmanagement-display-component---detailAdm--addressDetailDetailsName1\")]"}
RESULT: {"using":"xpath","value":"//span[contains(text(), \"WebdriverYardjjtihg\")][contains(@id ,\"application-addressmanagement-display-component---detailAdm--addressDetailDetailsName1\")]"}
]]></system-out>
    </testcase>
    <testcase classname="chrome.136_0_7103_93.windows.Webshop_-_Hyperlinks_visible_and_working_properly__US139085" name="Shpuld verify site hyperlinks" time="212.201">
      <system-out><![CDATA[
COMMAND: POST /session/4dda79d38857d1487a3acc9aa2e8b8cf/element - {"using":"xpath","value":"//*[contains(@data-kt ,\"webshopDetailSiteLink\")]"}
RESULT: {"using":"xpath","value":"//*[contains(@data-kt ,\"webshopDetailSiteLink\")]"}
COMMAND: POST /session/4dda79d38857d1487a3acc9aa2e8b8cf/execute/sync - {"script":"<script> [8489 bytes]","args":[{"element-6066-11e4-a52e-4f735466cecf":"f.B3DE6F40683FFAB1CA736CEEF5589B44.d.3C32BA79F644EB5E6842D0235C654F90.e.4080","ELEMENT":"f.B3DE6F40683FFAB1CA736CEEF5589B44.d.3C32BA79F644EB5E6842D0235C654F90.e.4080"}]}
RESULT: {"script":"<script> [8489 bytes]","args":[{"element-6066-11e4-a52e-4f735466cecf":"f.B3DE6F40683FFAB1CA736CEEF5589B44.d.3C32BA79F644EB5E6842D0235C654F90.e.4080","ELEMENT":"f.B3DE6F40683FFAB1CA736CEEF5589B44.d.3C32BA79F644EB5E6842D0235C654F90.e.4080"}]}
COMMAND: POST /session/4dda79d38857d1487a3acc9aa2e8b8cf/execute/sync - {"script":"<script> [5351 bytes]","args":[{"element-6066-11e4-a52e-4f735466cecf":"f.B3DE6F40683FFAB1CA736CEEF5589B44.d.3C32BA79F644EB5E6842D0235C654F90.e.4080","ELEMENT":"f.B3DE6F40683FFAB1CA736CEEF5589B44.d.3C32BA79F644EB5E6842D0235C654F90.e.4080"}]}
COMMAND: GET /session/4dda79d38857d1487a3acc9aa2e8b8cf/screenshot - {}
RESULT: {"script":"<script> [5351 bytes]","args":[{"element-6066-11e4-a52e-4f735466cecf":"f.B3DE6F40683FFAB1CA736CEEF5589B44.d.3C32BA79F644EB5E6842D0235C654F90.e.4080","ELEMENT":"f.B3DE6F40683FFAB1CA736CEEF5589B44.d.3C32BA79F644EB5E6842D0235C654F90.e.4080"}]}
COMMAND: POST /session/4dda79d38857d1487a3acc9aa2e8b8cf/element - {"using":"xpath","value":"//*[contains(@data-kt ,\"webshopDetailSiteLink\")]"}
COMMAND: GET /session/4dda79d38857d1487a3acc9aa2e8b8cf/screenshot - {}
COMMAND: POST /session/4dda79d38857d1487a3acc9aa2e8b8cf/element - {"using":"xpath","value":"//span[contains(text(), \"WebdriverYardjjtihg\")][contains(@id ,\"application-addressmanagement-display-component---detailAdm--addressDetailDetailsName1\")]"}
RESULT: {}
RESULT: {"using":"xpath","value":"//*[contains(@data-kt ,\"webshopDetailSiteLink\")]"}
COMMAND: POST /session/4dda79d38857d1487a3acc9aa2e8b8cf/element/f.B3DE6F40683FFAB1CA736CEEF5589B44.d.3C32BA79F644EB5E6842D0235C654F90.e.4080/click - {}
RESULT: {}
RESULT: {"using":"xpath","value":"//span[contains(text(), \"WebdriverYardjjtihg\")][contains(@id ,\"application-addressmanagement-display-component---detailAdm--addressDetailDetailsName1\")]"}
RESULT: {}
COMMAND: GET /session/4dda79d38857d1487a3acc9aa2e8b8cf/screenshot - {}
RESULT: {}
COMMAND: POST /session/4dda79d38857d1487a3acc9aa2e8b8cf/element - {"using":"xpath","value":"//span[contains(text(), \"WebdriverYardjjtihg\")][contains(@id ,\"application-addressmanagement-display-component---detailAdm--addressDetailDetailsName1\")]"}
RESULT: {"using":"xpath","value":"//span[contains(text(), \"WebdriverYardjjtihg\")][contains(@id ,\"application-addressmanagement-display-component---detailAdm--addressDetailDetailsName1\")]"}
COMMAND: POST /session/4dda79d38857d1487a3acc9aa2e8b8cf/element - {"using":"xpath","value":"//span[contains(text(), \"WebdriverYardjjtihg\")][contains(@id ,\"application-addressmanagement-display-component---detailAdm--addressDetailDetailsName1\")]"}
RESULT: {"using":"xpath","value":"//span[contains(text(), \"WebdriverYardjjtihg\")][contains(@id ,\"application-addressmanagement-display-component---detailAdm--addressDetailDetailsName1\")]"}
COMMAND: POST /session/4dda79d38857d1487a3acc9aa2e8b8cf/element - {"using":"xpath","value":"//span[contains(text(), \"WebdriverYardjjtihg\")][contains(@id ,\"application-addressmanagement-display-component---detailAdm--addressDetailDetailsName1\")]"}
RESULT: {"using":"xpath","value":"//span[contains(text(), \"WebdriverYardjjtihg\")][contains(@id ,\"application-addressmanagement-display-component---detailAdm--addressDetailDetailsName1\")]"}
COMMAND: POST /session/4dda79d38857d1487a3acc9aa2e8b8cf/element - {"using":"xpath","value":"//span[contains(text(), \"WebdriverYardjjtihg\")][contains(@id ,\"application-addressmanagement-display-component---detailAdm--addressDetailDetailsName1\")]"}
RESULT: {"using":"xpath","value":"//span[contains(text(), \"WebdriverYardjjtihg\")][contains(@id ,\"application-addressmanagement-display-component---detailAdm--addressDetailDetailsName1\")]"}
COMMAND: POST /session/4dda79d38857d1487a3acc9aa2e8b8cf/element - {"using":"xpath","value":"//*[contains(@data-kt ,\"ContextMenuIdLink\")][contains(text(), \"Manage Site\")]"}
RESULT: {"using":"xpath","value":"//*[contains(@data-kt ,\"ContextMenuIdLink\")][contains(text(), \"Manage Site\")]"}
COMMAND: POST /session/4dda79d38857d1487a3acc9aa2e8b8cf/execute/sync - {"script":"<script> [8489 bytes]","args":[{"element-6066-11e4-a52e-4f735466cecf":"f.B3DE6F40683FFAB1CA736CEEF5589B44.d.3C32BA79F644EB5E6842D0235C654F90.e.4082","ELEMENT":"f.B3DE6F40683FFAB1CA736CEEF5589B44.d.3C32BA79F644EB5E6842D0235C654F90.e.4082"}]}
COMMAND: POST /session/4dda79d38857d1487a3acc9aa2e8b8cf/element - {"using":"xpath","value":"//*[contains(@data-kt ,\"ContextMenuId2Link\")][contains(text(), \"Site Overview\")]"}
RESULT: {"script":"<script> [8489 bytes]","args":[{"element-6066-11e4-a52e-4f735466cecf":"f.B3DE6F40683FFAB1CA736CEEF5589B44.d.3C32BA79F644EB5E6842D0235C654F90.e.4082","ELEMENT":"f.B3DE6F40683FFAB1CA736CEEF5589B44.d.3C32BA79F644EB5E6842D0235C654F90.e.4082"}]}
COMMAND: GET /session/4dda79d38857d1487a3acc9aa2e8b8cf/screenshot - {}
RESULT: {"using":"xpath","value":"//*[contains(@data-kt ,\"ContextMenuId2Link\")][contains(text(), \"Site Overview\")]"}
COMMAND: POST /session/4dda79d38857d1487a3acc9aa2e8b8cf/execute/sync - {"script":"<script> [8489 bytes]","args":[{"element-6066-11e4-a52e-4f735466cecf":"f.B3DE6F40683FFAB1CA736CEEF5589B44.d.3C32BA79F644EB5E6842D0235C654F90.e.4083","ELEMENT":"f.B3DE6F40683FFAB1CA736CEEF5589B44.d.3C32BA79F644EB5E6842D0235C654F90.e.4083"}]}
COMMAND: POST /session/4dda79d38857d1487a3acc9aa2e8b8cf/element - {"using":"xpath","value":"//*[contains(@data-kt ,\"ContextMenuId3Link\")][contains(text(), \"Site Main Address\")]"}
RESULT: {}
RESULT: {"using":"xpath","value":"//*[contains(@data-kt ,\"ContextMenuId3Link\")][contains(text(), \"Site Main Address\")]"}
COMMAND: POST /session/4dda79d38857d1487a3acc9aa2e8b8cf/execute/sync - {"script":"<script> [8489 bytes]","args":[{"element-6066-11e4-a52e-4f735466cecf":"f.B3DE6F40683FFAB1CA736CEEF5589B44.d.3C32BA79F644EB5E6842D0235C654F90.e.4084","ELEMENT":"f.B3DE6F40683FFAB1CA736CEEF5589B44.d.3C32BA79F644EB5E6842D0235C654F90.e.4084"}]}
COMMAND: POST /session/4dda79d38857d1487a3acc9aa2e8b8cf/element/f.B3DE6F40683FFAB1CA736CEEF5589B44.d.3C32BA79F644EB5E6842D0235C654F90.e.4082/click - {}
RESULT: {"script":"<script> [8489 bytes]","args":[{"element-6066-11e4-a52e-4f735466cecf":"f.B3DE6F40683FFAB1CA736CEEF5589B44.d.3C32BA79F644EB5E6842D0235C654F90.e.4083","ELEMENT":"f.B3DE6F40683FFAB1CA736CEEF5589B44.d.3C32BA79F644EB5E6842D0235C654F90.e.4083"}]}
COMMAND: GET /session/4dda79d38857d1487a3acc9aa2e8b8cf/screenshot - {}
COMMAND: POST /session/4dda79d38857d1487a3acc9aa2e8b8cf/element - {"using":"xpath","value":"//span[contains(text(), \"WebdriverYardjjtihg\")][contains(@id ,\"application-addressmanagement-display-component---detailAdm--addressDetailDetailsName1\")]"}
RESULT: {}
COMMAND: GET /session/4dda79d38857d1487a3acc9aa2e8b8cf/screenshot - {}
COMMAND: POST /session/4dda79d38857d1487a3acc9aa2e8b8cf/element - {"using":"xpath","value":"//*[contains(@data-kt ,\"ContextMenuId3Link\")][contains(text(), \"Site Main Address\")]"}
RESULT: {}
RESULT: {"using":"xpath","value":"//span[contains(text(), \"WebdriverYardjjtihg\")][contains(@id ,\"application-addressmanagement-display-component---detailAdm--addressDetailDetailsName1\")]"}
RESULT: {}
RESULT: {"using":"xpath","value":"//*[contains(@data-kt ,\"ContextMenuId3Link\")][contains(text(), \"Site Main Address\")]"}
COMMAND: POST /session/4dda79d38857d1487a3acc9aa2e8b8cf/element - {"using":"xpath","value":"//*[contains(@data-kt ,\"ContextMenuId3Link\")][contains(text(), \"Site Main Address\")]"}
RESULT: {"using":"xpath","value":"//*[contains(@data-kt ,\"ContextMenuId3Link\")][contains(text(), \"Site Main Address\")]"}
COMMAND: POST /session/4dda79d38857d1487a3acc9aa2e8b8cf/element - {"using":"xpath","value":"//span[contains(text(), \"WebdriverYardjjtihg\")][contains(@id ,\"application-addressmanagement-display-component---detailAdm--addressDetailDetailsName1\")]"}
COMMAND: POST /session/4dda79d38857d1487a3acc9aa2e8b8cf/element - {"using":"xpath","value":"//*[contains(@data-kt ,\"ContextMenuId3Link\")][contains(text(), \"Site Main Address\")]"}
RESULT: {"using":"xpath","value":"//span[contains(text(), \"WebdriverYardjjtihg\")][contains(@id ,\"application-addressmanagement-display-component---detailAdm--addressDetailDetailsName1\")]"}
RESULT: {"using":"xpath","value":"//*[contains(@data-kt ,\"ContextMenuId3Link\")][contains(text(), \"Site Main Address\")]"}
COMMAND: POST /session/4dda79d38857d1487a3acc9aa2e8b8cf/element - {"using":"xpath","value":"//span[contains(text(), \"WebdriverYardjjtihg\")][contains(@id ,\"application-addressmanagement-display-component---detailAdm--addressDetailDetailsName1\")]"}
RESULT: {"using":"xpath","value":"//span[contains(text(), \"WebdriverYardjjtihg\")][contains(@id ,\"application-addressmanagement-display-component---detailAdm--addressDetailDetailsName1\")]"}
COMMAND: POST /session/4dda79d38857d1487a3acc9aa2e8b8cf/element - {"using":"xpath","value":"//*[contains(@data-kt ,\"ContextMenuId3Link\")][contains(text(), \"Site Main Address\")]"}
RESULT: {"using":"xpath","value":"//*[contains(@data-kt ,\"ContextMenuId3Link\")][contains(text(), \"Site Main Address\")]"}
COMMAND: POST /session/4dda79d38857d1487a3acc9aa2e8b8cf/element - {"using":"xpath","value":"//span[contains(text(), \"WebdriverYardjjtihg\")][contains(@id ,\"application-addressmanagement-display-component---detailAdm--addressDetailDetailsName1\")]"}
RESULT: {"using":"xpath","value":"//span[contains(text(), \"WebdriverYardjjtihg\")][contains(@id ,\"application-addressmanagement-display-component---detailAdm--addressDetailDetailsName1\")]"}
COMMAND: POST /session/4dda79d38857d1487a3acc9aa2e8b8cf/element - {"using":"xpath","value":"//*[contains(@data-kt ,\"ContextMenuId3Link\")][contains(text(), \"Site Main Address\")]"}
RESULT: {"using":"xpath","value":"//*[contains(@data-kt ,\"ContextMenuId3Link\")][contains(text(), \"Site Main Address\")]"}
COMMAND: POST /session/4dda79d38857d1487a3acc9aa2e8b8cf/element - {"using":"xpath","value":"//span[contains(text(), \"WebdriverYardjjtihg\")][contains(@id ,\"application-addressmanagement-display-component---detailAdm--addressDetailDetailsName1\")]"}
RESULT: {"using":"xpath","value":"//span[contains(text(), \"WebdriverYardjjtihg\")][contains(@id ,\"application-addressmanagement-display-component---detailAdm--addressDetailDetailsName1\")]"}
COMMAND: POST /session/4dda79d38857d1487a3acc9aa2e8b8cf/element - {"using":"xpath","value":"//*[contains(@data-kt ,\"ContextMenuId3Link\")][contains(text(), \"Site Main Address\")]"}
RESULT: {"using":"xpath","value":"//*[contains(@data-kt ,\"ContextMenuId3Link\")][contains(text(), \"Site Main Address\")]"}
COMMAND: POST /session/4dda79d38857d1487a3acc9aa2e8b8cf/element - {"using":"xpath","value":"//span[contains(text(), \"WebdriverYardjjtihg\")][contains(@id ,\"application-addressmanagement-display-component---detailAdm--addressDetailDetailsName1\")]"}
RESULT: {"using":"xpath","value":"//span[contains(text(), \"WebdriverYardjjtihg\")][contains(@id ,\"application-addressmanagement-display-component---detailAdm--addressDetailDetailsName1\")]"}
COMMAND: POST /session/4dda79d38857d1487a3acc9aa2e8b8cf/element - {"using":"xpath","value":"//*[contains(@data-kt ,\"ContextMenuId3Link\")][contains(text(), \"Site Main Address\")]"}
RESULT: {"using":"xpath","value":"//*[contains(@data-kt ,\"ContextMenuId3Link\")][contains(text(), \"Site Main Address\")]"}
COMMAND: POST /session/4dda79d38857d1487a3acc9aa2e8b8cf/element - {"using":"xpath","value":"//span[contains(text(), \"WebdriverYardjjtihg\")][contains(@id ,\"application-addressmanagement-display-component---detailAdm--addressDetailDetailsName1\")]"}
RESULT: {"using":"xpath","value":"//span[contains(text(), \"WebdriverYardjjtihg\")][contains(@id ,\"application-addressmanagement-display-component---detailAdm--addressDetailDetailsName1\")]"}
COMMAND: POST /session/4dda79d38857d1487a3acc9aa2e8b8cf/element - {"using":"xpath","value":"//*[contains(@data-kt ,\"ContextMenuId3Link\")][contains(text(), \"Site Main Address\")]"}
RESULT: {"using":"xpath","value":"//*[contains(@data-kt ,\"ContextMenuId3Link\")][contains(text(), \"Site Main Address\")]"}
COMMAND: POST /session/4dda79d38857d1487a3acc9aa2e8b8cf/element - {"using":"xpath","value":"//span[contains(text(), \"WebdriverYardjjtihg\")][contains(@id ,\"application-addressmanagement-display-component---detailAdm--addressDetailDetailsName1\")]"}
RESULT: {"using":"xpath","value":"//span[contains(text(), \"WebdriverYardjjtihg\")][contains(@id ,\"application-addressmanagement-display-component---detailAdm--addressDetailDetailsName1\")]"}
COMMAND: POST /session/4dda79d38857d1487a3acc9aa2e8b8cf/element - {"using":"xpath","value":"//*[contains(@data-kt ,\"ContextMenuId3Link\")][contains(text(), \"Site Main Address\")]"}
RESULT: {"using":"xpath","value":"//*[contains(@data-kt ,\"ContextMenuId3Link\")][contains(text(), \"Site Main Address\")]"}
COMMAND: POST /session/4dda79d38857d1487a3acc9aa2e8b8cf/element - {"using":"xpath","value":"//span[contains(text(), \"WebdriverYardjjtihg\")][contains(@id ,\"application-addressmanagement-display-component---detailAdm--addressDetailDetailsName1\")]"}
RESULT: {"using":"xpath","value":"//span[contains(text(), \"WebdriverYardjjtihg\")][contains(@id ,\"application-addressmanagement-display-component---detailAdm--addressDetailDetailsName1\")]"}
COMMAND: POST /session/4dda79d38857d1487a3acc9aa2e8b8cf/element - {"using":"xpath","value":"//*[contains(@data-kt ,\"ContextMenuId3Link\")][contains(text(), \"Site Main Address\")]"}
RESULT: {"using":"xpath","value":"//*[contains(@data-kt ,\"ContextMenuId3Link\")][contains(text(), \"Site Main Address\")]"}
COMMAND: POST /session/4dda79d38857d1487a3acc9aa2e8b8cf/element - {"using":"xpath","value":"//span[contains(text(), \"WebdriverYardjjtihg\")][contains(@id ,\"application-addressmanagement-display-component---detailAdm--addressDetailDetailsName1\")]"}
RESULT: {"using":"xpath","value":"//span[contains(text(), \"WebdriverYardjjtihg\")][contains(@id ,\"application-addressmanagement-display-component---detailAdm--addressDetailDetailsName1\")]"}
COMMAND: POST /session/4dda79d38857d1487a3acc9aa2e8b8cf/element - {"using":"xpath","value":"//*[contains(@data-kt ,\"ContextMenuId3Link\")][contains(text(), \"Site Main Address\")]"}
RESULT: {"using":"xpath","value":"//*[contains(@data-kt ,\"ContextMenuId3Link\")][contains(text(), \"Site Main Address\")]"}
COMMAND: POST /session/4dda79d38857d1487a3acc9aa2e8b8cf/element - {"using":"xpath","value":"//span[contains(text(), \"WebdriverYardjjtihg\")][contains(@id ,\"application-addressmanagement-display-component---detailAdm--addressDetailDetailsName1\")]"}
RESULT: {"using":"xpath","value":"//span[contains(text(), \"WebdriverYardjjtihg\")][contains(@id ,\"application-addressmanagement-display-component---detailAdm--addressDetailDetailsName1\")]"}
COMMAND: POST /session/4dda79d38857d1487a3acc9aa2e8b8cf/element - {"using":"xpath","value":"//*[contains(@data-kt ,\"ContextMenuId3Link\")][contains(text(), \"Site Main Address\")]"}
RESULT: {"using":"xpath","value":"//*[contains(@data-kt ,\"ContextMenuId3Link\")][contains(text(), \"Site Main Address\")]"}
COMMAND: POST /session/4dda79d38857d1487a3acc9aa2e8b8cf/element - {"using":"xpath","value":"//span[contains(text(), \"WebdriverYardjjtihg\")][contains(@id ,\"application-addressmanagement-display-component---detailAdm--addressDetailDetailsName1\")]"}
RESULT: {"using":"xpath","value":"//span[contains(text(), \"WebdriverYardjjtihg\")][contains(@id ,\"application-addressmanagement-display-component---detailAdm--addressDetailDetailsName1\")]"}
COMMAND: POST /session/4dda79d38857d1487a3acc9aa2e8b8cf/element - {"using":"xpath","value":"//*[contains(@data-kt ,\"ContextMenuId3Link\")][contains(text(), \"Site Main Address\")]"}
RESULT: {"using":"xpath","value":"//*[contains(@data-kt ,\"ContextMenuId3Link\")][contains(text(), \"Site Main Address\")]"}
COMMAND: POST /session/4dda79d38857d1487a3acc9aa2e8b8cf/element - {"using":"xpath","value":"//span[contains(text(), \"WebdriverYardjjtihg\")][contains(@id ,\"application-addressmanagement-display-component---detailAdm--addressDetailDetailsName1\")]"}
RESULT: {"using":"xpath","value":"//span[contains(text(), \"WebdriverYardjjtihg\")][contains(@id ,\"application-addressmanagement-display-component---detailAdm--addressDetailDetailsName1\")]"}
COMMAND: POST /session/4dda79d38857d1487a3acc9aa2e8b8cf/element - {"using":"xpath","value":"//*[contains(@data-kt ,\"ContextMenuId3Link\")][contains(text(), \"Site Main Address\")]"}
RESULT: {"using":"xpath","value":"//*[contains(@data-kt ,\"ContextMenuId3Link\")][contains(text(), \"Site Main Address\")]"}
COMMAND: POST /session/4dda79d38857d1487a3acc9aa2e8b8cf/element - {"using":"xpath","value":"//span[contains(text(), \"WebdriverYardjjtihg\")][contains(@id ,\"application-addressmanagement-display-component---detailAdm--addressDetailDetailsName1\")]"}
RESULT: {"using":"xpath","value":"//span[contains(text(), \"WebdriverYardjjtihg\")][contains(@id ,\"application-addressmanagement-display-component---detailAdm--addressDetailDetailsName1\")]"}
COMMAND: POST /session/4dda79d38857d1487a3acc9aa2e8b8cf/element - {"using":"xpath","value":"//*[contains(@data-kt ,\"ContextMenuId3Link\")][contains(text(), \"Site Main Address\")]"}
RESULT: {"using":"xpath","value":"//*[contains(@data-kt ,\"ContextMenuId3Link\")][contains(text(), \"Site Main Address\")]"}
COMMAND: POST /session/4dda79d38857d1487a3acc9aa2e8b8cf/element - {"using":"xpath","value":"//span[contains(text(), \"WebdriverYardjjtihg\")][contains(@id ,\"application-addressmanagement-display-component---detailAdm--addressDetailDetailsName1\")]"}
RESULT: {"using":"xpath","value":"//span[contains(text(), \"WebdriverYardjjtihg\")][contains(@id ,\"application-addressmanagement-display-component---detailAdm--addressDetailDetailsName1\")]"}
COMMAND: POST /session/4dda79d38857d1487a3acc9aa2e8b8cf/element - {"using":"xpath","value":"//*[contains(@data-kt ,\"ContextMenuId3Link\")][contains(text(), \"Site Main Address\")]"}
RESULT: {"using":"xpath","value":"//*[contains(@data-kt ,\"ContextMenuId3Link\")][contains(text(), \"Site Main Address\")]"}
COMMAND: POST /session/4dda79d38857d1487a3acc9aa2e8b8cf/element - {"using":"xpath","value":"//span[contains(text(), \"WebdriverYardjjtihg\")][contains(@id ,\"application-addressmanagement-display-component---detailAdm--addressDetailDetailsName1\")]"}
RESULT: {"using":"xpath","value":"//span[contains(text(), \"WebdriverYardjjtihg\")][contains(@id ,\"application-addressmanagement-display-component---detailAdm--addressDetailDetailsName1\")]"}
COMMAND: POST /session/4dda79d38857d1487a3acc9aa2e8b8cf/element - {"using":"xpath","value":"//*[contains(@data-kt ,\"ContextMenuId3Link\")][contains(text(), \"Site Main Address\")]"}
RESULT: {"using":"xpath","value":"//*[contains(@data-kt ,\"ContextMenuId3Link\")][contains(text(), \"Site Main Address\")]"}
COMMAND: POST /session/4dda79d38857d1487a3acc9aa2e8b8cf/element - {"using":"xpath","value":"//span[contains(text(), \"WebdriverYardjjtihg\")][contains(@id ,\"application-addressmanagement-display-component---detailAdm--addressDetailDetailsName1\")]"}
RESULT: {"using":"xpath","value":"//span[contains(text(), \"WebdriverYardjjtihg\")][contains(@id ,\"application-addressmanagement-display-component---detailAdm--addressDetailDetailsName1\")]"}
COMMAND: POST /session/4dda79d38857d1487a3acc9aa2e8b8cf/element - {"using":"xpath","value":"//*[contains(@data-kt ,\"ContextMenuId3Link\")][contains(text(), \"Site Main Address\")]"}
RESULT: {"using":"xpath","value":"//*[contains(@data-kt ,\"ContextMenuId3Link\")][contains(text(), \"Site Main Address\")]"}
COMMAND: POST /session/4dda79d38857d1487a3acc9aa2e8b8cf/element - {"using":"xpath","value":"//span[contains(text(), \"WebdriverYardjjtihg\")][contains(@id ,\"application-addressmanagement-display-component---detailAdm--addressDetailDetailsName1\")]"}
RESULT: {"using":"xpath","value":"//span[contains(text(), \"WebdriverYardjjtihg\")][contains(@id ,\"application-addressmanagement-display-component---detailAdm--addressDetailDetailsName1\")]"}
COMMAND: POST /session/4dda79d38857d1487a3acc9aa2e8b8cf/element - {"using":"xpath","value":"//*[contains(@data-kt ,\"ContextMenuId3Link\")][contains(text(), \"Site Main Address\")]"}
RESULT: {"using":"xpath","value":"//*[contains(@data-kt ,\"ContextMenuId3Link\")][contains(text(), \"Site Main Address\")]"}
COMMAND: POST /session/4dda79d38857d1487a3acc9aa2e8b8cf/element - {"using":"xpath","value":"//span[contains(text(), \"WebdriverYardjjtihg\")][contains(@id ,\"application-addressmanagement-display-component---detailAdm--addressDetailDetailsName1\")]"}
RESULT: {"using":"xpath","value":"//span[contains(text(), \"WebdriverYardjjtihg\")][contains(@id ,\"application-addressmanagement-display-component---detailAdm--addressDetailDetailsName1\")]"}
COMMAND: POST /session/4dda79d38857d1487a3acc9aa2e8b8cf/element - {"using":"xpath","value":"//*[contains(@data-kt ,\"ContextMenuId3Link\")][contains(text(), \"Site Main Address\")]"}
RESULT: {"using":"xpath","value":"//*[contains(@data-kt ,\"ContextMenuId3Link\")][contains(text(), \"Site Main Address\")]"}
COMMAND: POST /session/4dda79d38857d1487a3acc9aa2e8b8cf/element - {"using":"xpath","value":"//span[contains(text(), \"WebdriverYardjjtihg\")][contains(@id ,\"application-addressmanagement-display-component---detailAdm--addressDetailDetailsName1\")]"}
RESULT: {"using":"xpath","value":"//span[contains(text(), \"WebdriverYardjjtihg\")][contains(@id ,\"application-addressmanagement-display-component---detailAdm--addressDetailDetailsName1\")]"}
COMMAND: POST /session/4dda79d38857d1487a3acc9aa2e8b8cf/element - {"using":"xpath","value":"//*[contains(@data-kt ,\"ContextMenuId3Link\")][contains(text(), \"Site Main Address\")]"}
RESULT: {"using":"xpath","value":"//*[contains(@data-kt ,\"ContextMenuId3Link\")][contains(text(), \"Site Main Address\")]"}
COMMAND: POST /session/4dda79d38857d1487a3acc9aa2e8b8cf/element - {"using":"xpath","value":"//span[contains(text(), \"WebdriverYardjjtihg\")][contains(@id ,\"application-addressmanagement-display-component---detailAdm--addressDetailDetailsName1\")]"}
RESULT: {"using":"xpath","value":"//span[contains(text(), \"WebdriverYardjjtihg\")][contains(@id ,\"application-addressmanagement-display-component---detailAdm--addressDetailDetailsName1\")]"}
COMMAND: POST /session/4dda79d38857d1487a3acc9aa2e8b8cf/element - {"using":"xpath","value":"//*[contains(@data-kt ,\"ContextMenuId3Link\")][contains(text(), \"Site Main Address\")]"}
RESULT: {"using":"xpath","value":"//*[contains(@data-kt ,\"ContextMenuId3Link\")][contains(text(), \"Site Main Address\")]"}
COMMAND: POST /session/4dda79d38857d1487a3acc9aa2e8b8cf/element - {"using":"xpath","value":"//span[contains(text(), \"WebdriverYardjjtihg\")][contains(@id ,\"application-addressmanagement-display-component---detailAdm--addressDetailDetailsName1\")]"}
RESULT: {"using":"xpath","value":"//span[contains(text(), \"WebdriverYardjjtihg\")][contains(@id ,\"application-addressmanagement-display-component---detailAdm--addressDetailDetailsName1\")]"}
COMMAND: POST /session/4dda79d38857d1487a3acc9aa2e8b8cf/element - {"using":"xpath","value":"//*[contains(@data-kt ,\"ContextMenuId3Link\")][contains(text(), \"Site Main Address\")]"}
RESULT: {"using":"xpath","value":"//*[contains(@data-kt ,\"ContextMenuId3Link\")][contains(text(), \"Site Main Address\")]"}
COMMAND: POST /session/4dda79d38857d1487a3acc9aa2e8b8cf/execute/async - {"script":"<script> [1562 bytes]","args":[{"selector":{"controlType":"sap.m.Title","viewName":"etm.portal.ui.managesites.view.Master","viewId":"application-managesites-display-component---masterSite","i18NText":{"propertyName":"text","key":"sites"}},"wdio_ui5_key":"etmportal.ui.managesites.view.Mastersap.m.Title{\"propertyName\":\"text\",\"key\":\"sites\"}"}]}
COMMAND: POST /session/4dda79d38857d1487a3acc9aa2e8b8cf/element - {"using":"xpath","value":"//span[contains(text(), \"WebdriverYardjjtihg\")][contains(@id ,\"application-addressmanagement-display-component---detailAdm--addressDetailDetailsName1\")]"}
COMMAND: POST /session/4dda79d38857d1487a3acc9aa2e8b8cf/element - {"using":"xpath","value":"//*[contains(@data-kt ,\"ContextMenuId3Link\")][contains(text(), \"Site Main Address\")]"}
RESULT: {"script":"<script> [1562 bytes]","args":[{"selector":{"controlType":"sap.m.Title","viewName":"etm.portal.ui.managesites.view.Master","viewId":"application-managesites-display-component---masterSite","i18NText":{"propertyName":"text","key":"sites"}},"wdio_ui5_key":"etmportal.ui.managesites.view.Mastersap.m.Title{\"propertyName\":\"text\",\"key\":\"sites\"}"}]}
RESULT: undefined
COMMAND: POST /session/4dda79d38857d1487a3acc9aa2e8b8cf/execute/async - {"script":"<script> [6424 bytes]","args":[{"element-6066-11e4-a52e-4f735466cecf":"f.B3DE6F40683FFAB1CA736CEEF5589B44.d.3C32BA79F644EB5E6842D0235C654F90.e.4296"},"getText",[]]}
RESULT: {"using":"xpath","value":"//span[contains(text(), \"WebdriverYardjjtihg\")][contains(@id ,\"application-addressmanagement-display-component---detailAdm--addressDetailDetailsName1\")]"}
RESULT: {"using":"xpath","value":"//*[contains(@data-kt ,\"ContextMenuId3Link\")][contains(text(), \"Site Main Address\")]"}
COMMAND: POST /session/4dda79d38857d1487a3acc9aa2e8b8cf/element - {"using":"xpath","value":"//span[contains(text(), \"WebdriverYardjjtihg\")][contains(@id ,\"application-addressmanagement-display-component---detailAdm--addressDetailDetailsName1\")]"}
COMMAND: POST /session/4dda79d38857d1487a3acc9aa2e8b8cf/element - {"using":"xpath","value":"//*[contains(@data-kt ,\"ContextMenuId3Link\")][contains(text(), \"Site Main Address\")]"}
RESULT: {"script":"<script> [6424 bytes]","args":[{"element-6066-11e4-a52e-4f735466cecf":"f.B3DE6F40683FFAB1CA736CEEF5589B44.d.3C32BA79F644EB5E6842D0235C654F90.e.4296"},"getText",[]]}
COMMAND: POST /session/4dda79d38857d1487a3acc9aa2e8b8cf/execute/async - {"script":"<script> [1562 bytes]","args":[{"selector":{"id":"application-managesites-display-component---detailSite--addressDetailDetailsName1"},"wdio_ui5_key":"applicationmanagesites-display-component---detailSite--addressDetailDetailsName1"}]}
RESULT: {"using":"xpath","value":"//span[contains(text(), \"WebdriverYardjjtihg\")][contains(@id ,\"application-addressmanagement-display-component---detailAdm--addressDetailDetailsName1\")]"}
RESULT: {"using":"xpath","value":"//*[contains(@data-kt ,\"ContextMenuId3Link\")][contains(text(), \"Site Main Address\")]"}
RESULT: {"script":"<script> [1562 bytes]","args":[{"selector":{"id":"application-managesites-display-component---detailSite--addressDetailDetailsName1"},"wdio_ui5_key":"applicationmanagesites-display-component---detailSite--addressDetailDetailsName1"}]}
RESULT: undefined
COMMAND: POST /session/4dda79d38857d1487a3acc9aa2e8b8cf/execute/async - {"script":"<script> [6424 bytes]","args":[{"element-6066-11e4-a52e-4f735466cecf":"f.B3DE6F40683FFAB1CA736CEEF5589B44.d.3C32BA79F644EB5E6842D0235C654F90.e.4144"},"getValue",[]]}
COMMAND: POST /session/4dda79d38857d1487a3acc9aa2e8b8cf/element - {"using":"xpath","value":"//span[contains(text(), \"WebdriverYardjjtihg\")][contains(@id ,\"application-addressmanagement-display-component---detailAdm--addressDetailDetailsName1\")]"}
COMMAND: POST /session/4dda79d38857d1487a3acc9aa2e8b8cf/element - {"using":"xpath","value":"//*[contains(@data-kt ,\"ContextMenuId3Link\")][contains(text(), \"Site Main Address\")]"}
RESULT: {"script":"<script> [6424 bytes]","args":[{"element-6066-11e4-a52e-4f735466cecf":"f.B3DE6F40683FFAB1CA736CEEF5589B44.d.3C32BA79F644EB5E6842D0235C654F90.e.4144"},"getValue",[]]}
RESULT: undefined
COMMAND: POST /session/4dda79d38857d1487a3acc9aa2e8b8cf/element - {"using":"xpath","value":"//*[@id=\"backBtn\"]"}
RESULT: {"using":"xpath","value":"//span[contains(text(), \"WebdriverYardjjtihg\")][contains(@id ,\"application-addressmanagement-display-component---detailAdm--addressDetailDetailsName1\")]"}
RESULT: {"using":"xpath","value":"//*[contains(@data-kt ,\"ContextMenuId3Link\")][contains(text(), \"Site Main Address\")]"}
RESULT: {"using":"xpath","value":"//*[@id=\"backBtn\"]"}
COMMAND: POST /session/4dda79d38857d1487a3acc9aa2e8b8cf/element/f.B3DE6F40683FFAB1CA736CEEF5589B44.d.3C32BA79F644EB5E6842D0235C654F90.e.3214/click - {}
RESULT: {}
COMMAND: GET /session/4dda79d38857d1487a3acc9aa2e8b8cf/screenshot - {}
COMMAND: POST /session/4dda79d38857d1487a3acc9aa2e8b8cf/element - {"using":"xpath","value":"//span[contains(text(), \"WebdriverYardjjtihg\")][contains(@id ,\"application-addressmanagement-display-component---detailAdm--addressDetailDetailsName1\")]"}
COMMAND: POST /session/4dda79d38857d1487a3acc9aa2e8b8cf/element - {"using":"xpath","value":"//*[contains(@data-kt ,\"ContextMenuId3Link\")][contains(text(), \"Site Main Address\")]"}
RESULT: {}
RESULT: {"using":"xpath","value":"//span[contains(text(), \"WebdriverYardjjtihg\")][contains(@id ,\"application-addressmanagement-display-component---detailAdm--addressDetailDetailsName1\")]"}
RESULT: {"using":"xpath","value":"//*[contains(@data-kt ,\"ContextMenuId3Link\")][contains(text(), \"Site Main Address\")]"}
COMMAND: POST /session/4dda79d38857d1487a3acc9aa2e8b8cf/element - {"using":"xpath","value":"//span[contains(text(), \"WebdriverYardjjtihg\")][contains(@id ,\"application-addressmanagement-display-component---detailAdm--addressDetailDetailsName1\")]"}
RESULT: {"using":"xpath","value":"//span[contains(text(), \"WebdriverYardjjtihg\")][contains(@id ,\"application-addressmanagement-display-component---detailAdm--addressDetailDetailsName1\")]"}
COMMAND: POST /session/4dda79d38857d1487a3acc9aa2e8b8cf/element - {"using":"xpath","value":"//*[contains(@data-kt ,\"ContextMenuId3Link\")][contains(text(), \"Site Main Address\")]"}
RESULT: {"using":"xpath","value":"//*[contains(@data-kt ,\"ContextMenuId3Link\")][contains(text(), \"Site Main Address\")]"}
COMMAND: POST /session/4dda79d38857d1487a3acc9aa2e8b8cf/element - {"using":"xpath","value":"//span[contains(text(), \"WebdriverYardjjtihg\")][contains(@id ,\"application-addressmanagement-display-component---detailAdm--addressDetailDetailsName1\")]"}
RESULT: {"using":"xpath","value":"//span[contains(text(), \"WebdriverYardjjtihg\")][contains(@id ,\"application-addressmanagement-display-component---detailAdm--addressDetailDetailsName1\")]"}
COMMAND: POST /session/4dda79d38857d1487a3acc9aa2e8b8cf/element - {"using":"xpath","value":"//*[contains(@data-kt ,\"ContextMenuId3Link\")][contains(text(), \"Site Main Address\")]"}
RESULT: {"using":"xpath","value":"//*[contains(@data-kt ,\"ContextMenuId3Link\")][contains(text(), \"Site Main Address\")]"}
COMMAND: POST /session/4dda79d38857d1487a3acc9aa2e8b8cf/element - {"using":"xpath","value":"//span[contains(text(), \"WebdriverYardjjtihg\")][contains(@id ,\"application-addressmanagement-display-component---detailAdm--addressDetailDetailsName1\")]"}
RESULT: {"using":"xpath","value":"//span[contains(text(), \"WebdriverYardjjtihg\")][contains(@id ,\"application-addressmanagement-display-component---detailAdm--addressDetailDetailsName1\")]"}
COMMAND: POST /session/4dda79d38857d1487a3acc9aa2e8b8cf/element - {"using":"xpath","value":"//*[contains(@data-kt ,\"ContextMenuId3Link\")][contains(text(), \"Site Main Address\")]"}
RESULT: {"using":"xpath","value":"//*[contains(@data-kt ,\"ContextMenuId3Link\")][contains(text(), \"Site Main Address\")]"}
COMMAND: POST /session/4dda79d38857d1487a3acc9aa2e8b8cf/element - {"using":"xpath","value":"//span[contains(text(), \"WebdriverYardjjtihg\")][contains(@id ,\"application-addressmanagement-display-component---detailAdm--addressDetailDetailsName1\")]"}
COMMAND: POST /session/4dda79d38857d1487a3acc9aa2e8b8cf/element - {"using":"xpath","value":"//*[contains(@data-kt ,\"ContextMenuId3Link\")][contains(text(), \"Site Main Address\")]"}
RESULT: {"using":"xpath","value":"//span[contains(text(), \"WebdriverYardjjtihg\")][contains(@id ,\"application-addressmanagement-display-component---detailAdm--addressDetailDetailsName1\")]"}
RESULT: {"using":"xpath","value":"//*[contains(@data-kt ,\"ContextMenuId3Link\")][contains(text(), \"Site Main Address\")]"}
COMMAND: POST /session/4dda79d38857d1487a3acc9aa2e8b8cf/element - {"using":"xpath","value":"//span[contains(text(), \"WebdriverYardjjtihg\")][contains(@id ,\"application-addressmanagement-display-component---detailAdm--addressDetailDetailsName1\")]"}
RESULT: {"using":"xpath","value":"//span[contains(text(), \"WebdriverYardjjtihg\")][contains(@id ,\"application-addressmanagement-display-component---detailAdm--addressDetailDetailsName1\")]"}
COMMAND: POST /session/4dda79d38857d1487a3acc9aa2e8b8cf/element - {"using":"xpath","value":"//*[contains(@data-kt ,\"ContextMenuId3Link\")][contains(text(), \"Site Main Address\")]"}
RESULT: {"using":"xpath","value":"//*[contains(@data-kt ,\"ContextMenuId3Link\")][contains(text(), \"Site Main Address\")]"}
COMMAND: POST /session/4dda79d38857d1487a3acc9aa2e8b8cf/element - {"using":"xpath","value":"//span[contains(text(), \"WebdriverYardjjtihg\")][contains(@id ,\"application-addressmanagement-display-component---detailAdm--addressDetailDetailsName1\")]"}
RESULT: {"using":"xpath","value":"//span[contains(text(), \"WebdriverYardjjtihg\")][contains(@id ,\"application-addressmanagement-display-component---detailAdm--addressDetailDetailsName1\")]"}
COMMAND: POST /session/4dda79d38857d1487a3acc9aa2e8b8cf/element - {"using":"xpath","value":"//*[contains(@data-kt ,\"ContextMenuId3Link\")][contains(text(), \"Site Main Address\")]"}
RESULT: {"using":"xpath","value":"//*[contains(@data-kt ,\"ContextMenuId3Link\")][contains(text(), \"Site Main Address\")]"}
COMMAND: POST /session/4dda79d38857d1487a3acc9aa2e8b8cf/element - {"using":"xpath","value":"//span[contains(text(), \"WebdriverYardjjtihg\")][contains(@id ,\"application-addressmanagement-display-component---detailAdm--addressDetailDetailsName1\")]"}
RESULT: {"using":"xpath","value":"//span[contains(text(), \"WebdriverYardjjtihg\")][contains(@id ,\"application-addressmanagement-display-component---detailAdm--addressDetailDetailsName1\")]"}
COMMAND: POST /session/4dda79d38857d1487a3acc9aa2e8b8cf/element - {"using":"xpath","value":"//*[contains(@data-kt ,\"ContextMenuId3Link\")][contains(text(), \"Site Main Address\")]"}
RESULT: {"using":"xpath","value":"//*[contains(@data-kt ,\"ContextMenuId3Link\")][contains(text(), \"Site Main Address\")]"}
COMMAND: POST /session/4dda79d38857d1487a3acc9aa2e8b8cf/element - {"using":"xpath","value":"//span[contains(text(), \"WebdriverYardjjtihg\")][contains(@id ,\"application-addressmanagement-display-component---detailAdm--addressDetailDetailsName1\")]"}
RESULT: {"using":"xpath","value":"//span[contains(text(), \"WebdriverYardjjtihg\")][contains(@id ,\"application-addressmanagement-display-component---detailAdm--addressDetailDetailsName1\")]"}
COMMAND: POST /session/4dda79d38857d1487a3acc9aa2e8b8cf/element - {"using":"xpath","value":"//*[contains(@data-kt ,\"ContextMenuId3Link\")][contains(text(), \"Site Main Address\")]"}
RESULT: {"using":"xpath","value":"//*[contains(@data-kt ,\"ContextMenuId3Link\")][contains(text(), \"Site Main Address\")]"}
COMMAND: POST /session/4dda79d38857d1487a3acc9aa2e8b8cf/element - {"using":"xpath","value":"//span[contains(text(), \"WebdriverYardjjtihg\")][contains(@id ,\"application-addressmanagement-display-component---detailAdm--addressDetailDetailsName1\")]"}
COMMAND: POST /session/4dda79d38857d1487a3acc9aa2e8b8cf/element - {"using":"xpath","value":"//*[contains(@data-kt ,\"ContextMenuId3Link\")][contains(text(), \"Site Main Address\")]"}
COMMAND: POST /session/4dda79d38857d1487a3acc9aa2e8b8cf/execute/sync - {"script":"<script> [8489 bytes]","args":[{"element-6066-11e4-a52e-4f735466cecf":"f.B3DE6F40683FFAB1CA736CEEF5589B44.d.3C32BA79F644EB5E6842D0235C654F90.e.4080","ELEMENT":"f.B3DE6F40683FFAB1CA736CEEF5589B44.d.3C32BA79F644EB5E6842D0235C654F90.e.4080"}]}
RESULT: {"using":"xpath","value":"//span[contains(text(), \"WebdriverYardjjtihg\")][contains(@id ,\"application-addressmanagement-display-component---detailAdm--addressDetailDetailsName1\")]"}
COMMAND: POST /session/4dda79d38857d1487a3acc9aa2e8b8cf/element - {"using":"xpath","value":"//*[contains(@data-kt ,\"webshopDetailSiteLink\")]"}
RESULT: {"using":"xpath","value":"//*[contains(@data-kt ,\"ContextMenuId3Link\")][contains(text(), \"Site Main Address\")]"}
RESULT: {"using":"xpath","value":"//*[contains(@data-kt ,\"webshopDetailSiteLink\")]"}
COMMAND: POST /session/4dda79d38857d1487a3acc9aa2e8b8cf/execute/sync - {"script":"<script> [8489 bytes]","args":[{"element-6066-11e4-a52e-4f735466cecf":"f.B3DE6F40683FFAB1CA736CEEF5589B44.d.3C32BA79F644EB5E6842D0235C654F90.e.4465","ELEMENT":"f.B3DE6F40683FFAB1CA736CEEF5589B44.d.3C32BA79F644EB5E6842D0235C654F90.e.4465"}]}
RESULT: {"script":"<script> [8489 bytes]","args":[{"element-6066-11e4-a52e-4f735466cecf":"f.B3DE6F40683FFAB1CA736CEEF5589B44.d.3C32BA79F644EB5E6842D0235C654F90.e.4465","ELEMENT":"f.B3DE6F40683FFAB1CA736CEEF5589B44.d.3C32BA79F644EB5E6842D0235C654F90.e.4465"}]}
COMMAND: POST /session/4dda79d38857d1487a3acc9aa2e8b8cf/execute/sync - {"script":"<script> [5351 bytes]","args":[{"element-6066-11e4-a52e-4f735466cecf":"f.B3DE6F40683FFAB1CA736CEEF5589B44.d.3C32BA79F644EB5E6842D0235C654F90.e.4465","ELEMENT":"f.B3DE6F40683FFAB1CA736CEEF5589B44.d.3C32BA79F644EB5E6842D0235C654F90.e.4465"}]}
COMMAND: GET /session/4dda79d38857d1487a3acc9aa2e8b8cf/screenshot - {}
RESULT: {"script":"<script> [5351 bytes]","args":[{"element-6066-11e4-a52e-4f735466cecf":"f.B3DE6F40683FFAB1CA736CEEF5589B44.d.3C32BA79F644EB5E6842D0235C654F90.e.4465","ELEMENT":"f.B3DE6F40683FFAB1CA736CEEF5589B44.d.3C32BA79F644EB5E6842D0235C654F90.e.4465"}]}
COMMAND: POST /session/4dda79d38857d1487a3acc9aa2e8b8cf/element - {"using":"xpath","value":"//*[contains(@data-kt ,\"webshopDetailSiteLink\")]"}
COMMAND: POST /session/4dda79d38857d1487a3acc9aa2e8b8cf/element - {"using":"xpath","value":"//span[contains(text(), \"WebdriverYardjjtihg\")][contains(@id ,\"application-addressmanagement-display-component---detailAdm--addressDetailDetailsName1\")]"}
COMMAND: GET /session/4dda79d38857d1487a3acc9aa2e8b8cf/screenshot - {}
COMMAND: POST /session/4dda79d38857d1487a3acc9aa2e8b8cf/element - {"using":"xpath","value":"//*[contains(@data-kt ,\"ContextMenuId3Link\")][contains(text(), \"Site Main Address\")]"}
RESULT: {}
RESULT: {"using":"xpath","value":"//*[contains(@data-kt ,\"webshopDetailSiteLink\")]"}
COMMAND: POST /session/4dda79d38857d1487a3acc9aa2e8b8cf/element/f.B3DE6F40683FFAB1CA736CEEF5589B44.d.3C32BA79F644EB5E6842D0235C654F90.e.4465/click - {}
RESULT: {"using":"xpath","value":"//span[contains(text(), \"WebdriverYardjjtihg\")][contains(@id ,\"application-addressmanagement-display-component---detailAdm--addressDetailDetailsName1\")]"}
RESULT: {}
RESULT: {"using":"xpath","value":"//*[contains(@data-kt ,\"ContextMenuId3Link\")][contains(text(), \"Site Main Address\")]"}
COMMAND: POST /session/4dda79d38857d1487a3acc9aa2e8b8cf/element - {"using":"xpath","value":"//span[contains(text(), \"WebdriverYardjjtihg\")][contains(@id ,\"application-addressmanagement-display-component---detailAdm--addressDetailDetailsName1\")]"}
COMMAND: POST /session/4dda79d38857d1487a3acc9aa2e8b8cf/element - {"using":"xpath","value":"//*[contains(@data-kt ,\"ContextMenuId3Link\")][contains(text(), \"Site Main Address\")]"}
RESULT: {}
COMMAND: GET /session/4dda79d38857d1487a3acc9aa2e8b8cf/screenshot - {}
RESULT: {"using":"xpath","value":"//span[contains(text(), \"WebdriverYardjjtihg\")][contains(@id ,\"application-addressmanagement-display-component---detailAdm--addressDetailDetailsName1\")]"}
RESULT: {"using":"xpath","value":"//*[contains(@data-kt ,\"ContextMenuId3Link\")][contains(text(), \"Site Main Address\")]"}
COMMAND: POST /session/4dda79d38857d1487a3acc9aa2e8b8cf/execute/sync - {"script":"<script> [8489 bytes]","args":[{"element-6066-11e4-a52e-4f735466cecf":"f.B3DE6F40683FFAB1CA736CEEF5589B44.d.3C32BA79F644EB5E6842D0235C654F90.e.4468","ELEMENT":"f.B3DE6F40683FFAB1CA736CEEF5589B44.d.3C32BA79F644EB5E6842D0235C654F90.e.4468"}]}
RESULT: {}
RESULT: {"script":"<script> [8489 bytes]","args":[{"element-6066-11e4-a52e-4f735466cecf":"f.B3DE6F40683FFAB1CA736CEEF5589B44.d.3C32BA79F644EB5E6842D0235C654F90.e.4468","ELEMENT":"f.B3DE6F40683FFAB1CA736CEEF5589B44.d.3C32BA79F644EB5E6842D0235C654F90.e.4468"}]}
COMMAND: GET /session/4dda79d38857d1487a3acc9aa2e8b8cf/screenshot - {}
COMMAND: POST /session/4dda79d38857d1487a3acc9aa2e8b8cf/element - {"using":"xpath","value":"//span[contains(text(), \"WebdriverYardjjtihg\")][contains(@id ,\"application-addressmanagement-display-component---detailAdm--addressDetailDetailsName1\")]"}
RESULT: {}
RESULT: {"using":"xpath","value":"//span[contains(text(), \"WebdriverYardjjtihg\")][contains(@id ,\"application-addressmanagement-display-component---detailAdm--addressDetailDetailsName1\")]"}
COMMAND: POST /session/4dda79d38857d1487a3acc9aa2e8b8cf/element/f.B3DE6F40683FFAB1CA736CEEF5589B44.d.3C32BA79F644EB5E6842D0235C654F90.e.4083/click - {}
COMMAND: POST /session/4dda79d38857d1487a3acc9aa2e8b8cf/element - {"using":"xpath","value":"//*[contains(@data-kt ,\"ContextMenuId2Link\")][contains(text(), \"Site Overview\")]"}
RESULT: {"using":"xpath","value":"//*[contains(@data-kt ,\"ContextMenuId2Link\")][contains(text(), \"Site Overview\")]"}
COMMAND: POST /session/4dda79d38857d1487a3acc9aa2e8b8cf/element/f.B3DE6F40683FFAB1CA736CEEF5589B44.d.3C32BA79F644EB5E6842D0235C654F90.e.4083/click - {}
COMMAND: POST /session/4dda79d38857d1487a3acc9aa2e8b8cf/element - {"using":"xpath","value":"//*[contains(@data-kt ,\"ContextMenuId2Link\")][contains(text(), \"Site Overview\")]"}
RESULT: {"using":"xpath","value":"//*[contains(@data-kt ,\"ContextMenuId2Link\")][contains(text(), \"Site Overview\")]"}
COMMAND: POST /session/4dda79d38857d1487a3acc9aa2e8b8cf/element/f.B3DE6F40683FFAB1CA736CEEF5589B44.d.3C32BA79F644EB5E6842D0235C654F90.e.4469/click - {}
RESULT: {}
COMMAND: GET /session/4dda79d38857d1487a3acc9aa2e8b8cf/screenshot - {}
RESULT: {}
RESULT: undefined
COMMAND: POST /session/4dda79d38857d1487a3acc9aa2e8b8cf/execute/async - {"script":"<script> [6424 bytes]","args":[{"element-6066-11e4-a52e-4f735466cecf":"f.B3DE6F40683FFAB1CA736CEEF5589B44.d.3C32BA79F644EB5E6842D0235C654F90.e.3212"},"getTitle",[]]}
COMMAND: POST /session/4dda79d38857d1487a3acc9aa2e8b8cf/execute/async - {"script":"<script> [1562 bytes]","args":[{"selector":{"id":"shellAppTitle"},"wdio_ui5_key":"shellAppTitle"}]}
RESULT: {"script":"<script> [1562 bytes]","args":[{"selector":{"id":"shellAppTitle"},"wdio_ui5_key":"shellAppTitle"}]}
COMMAND: POST /session/4dda79d38857d1487a3acc9aa2e8b8cf/execute/async - {"script":"<script> [6424 bytes]","args":[{"element-6066-11e4-a52e-4f735466cecf":"f.B3DE6F40683FFAB1CA736CEEF5589B44.d.3C32BA79F644EB5E6842D0235C654F90.e.4550"},"getTitle",[]]}
RESULT: {"script":"<script> [6424 bytes]","args":[{"element-6066-11e4-a52e-4f735466cecf":"f.B3DE6F40683FFAB1CA736CEEF5589B44.d.3C32BA79F644EB5E6842D0235C654F90.e.4550"},"getTitle",[]]}
COMMAND: POST /session/4dda79d38857d1487a3acc9aa2e8b8cf/element - {"using":"xpath","value":"(//span[contains(text(), \"WebdriverSitead4ueg\")])[2]"}
RESULT: {"using":"xpath","value":"(//span[contains(text(), \"WebdriverSitead4ueg\")])[2]"}
COMMAND: POST /session/4dda79d38857d1487a3acc9aa2e8b8cf/execute/sync - {"script":"<script> [8489 bytes]","args":[{"element-6066-11e4-a52e-4f735466cecf":"f.B3DE6F40683FFAB1CA736CEEF5589B44.d.3C32BA79F644EB5E6842D0235C654F90.e.4551","ELEMENT":"f.B3DE6F40683FFAB1CA736CEEF5589B44.d.3C32BA79F644EB5E6842D0235C654F90.e.4551"}]}
RESULT: undefined
COMMAND: POST /session/4dda79d38857d1487a3acc9aa2e8b8cf/element - {"using":"xpath","value":"//*[@id=\"backBtn\"]"}
RESULT: {"using":"xpath","value":"//*[@id=\"backBtn\"]"}
COMMAND: POST /session/4dda79d38857d1487a3acc9aa2e8b8cf/element/f.B3DE6F40683FFAB1CA736CEEF5589B44.d.3C32BA79F644EB5E6842D0235C654F90.e.3214/click - {}
RESULT: {"script":"<script> [8489 bytes]","args":[{"element-6066-11e4-a52e-4f735466cecf":"f.B3DE6F40683FFAB1CA736CEEF5589B44.d.3C32BA79F644EB5E6842D0235C654F90.e.4551","ELEMENT":"f.B3DE6F40683FFAB1CA736CEEF5589B44.d.3C32BA79F644EB5E6842D0235C654F90.e.4551"}]}
COMMAND: GET /session/4dda79d38857d1487a3acc9aa2e8b8cf/screenshot - {}
RESULT: {}
COMMAND: GET /session/4dda79d38857d1487a3acc9aa2e8b8cf/screenshot - {}
RESULT: {}
RESULT: {}
COMMAND: POST /session/4dda79d38857d1487a3acc9aa2e8b8cf/execute/sync - {"script":"<script> [8489 bytes]","args":[{"element-6066-11e4-a52e-4f735466cecf":"f.B3DE6F40683FFAB1CA736CEEF5589B44.d.3C32BA79F644EB5E6842D0235C654F90.e.4465","ELEMENT":"f.B3DE6F40683FFAB1CA736CEEF5589B44.d.3C32BA79F644EB5E6842D0235C654F90.e.4465"}]}
COMMAND: POST /session/4dda79d38857d1487a3acc9aa2e8b8cf/element - {"using":"xpath","value":"//*[contains(@data-kt ,\"webshopDetailSiteLink\")]"}
RESULT: {"using":"xpath","value":"//*[contains(@data-kt ,\"webshopDetailSiteLink\")]"}
COMMAND: POST /session/4dda79d38857d1487a3acc9aa2e8b8cf/execute/sync - {"script":"<script> [8489 bytes]","args":[{"element-6066-11e4-a52e-4f735466cecf":"f.B3DE6F40683FFAB1CA736CEEF5589B44.d.3C32BA79F644EB5E6842D0235C654F90.e.4739","ELEMENT":"f.B3DE6F40683FFAB1CA736CEEF5589B44.d.3C32BA79F644EB5E6842D0235C654F90.e.4739"}]}
RESULT: {"script":"<script> [8489 bytes]","args":[{"element-6066-11e4-a52e-4f735466cecf":"f.B3DE6F40683FFAB1CA736CEEF5589B44.d.3C32BA79F644EB5E6842D0235C654F90.e.4739","ELEMENT":"f.B3DE6F40683FFAB1CA736CEEF5589B44.d.3C32BA79F644EB5E6842D0235C654F90.e.4739"}]}
COMMAND: POST /session/4dda79d38857d1487a3acc9aa2e8b8cf/execute/sync - {"script":"<script> [5351 bytes]","args":[{"element-6066-11e4-a52e-4f735466cecf":"f.B3DE6F40683FFAB1CA736CEEF5589B44.d.3C32BA79F644EB5E6842D0235C654F90.e.4739","ELEMENT":"f.B3DE6F40683FFAB1CA736CEEF5589B44.d.3C32BA79F644EB5E6842D0235C654F90.e.4739"}]}
COMMAND: GET /session/4dda79d38857d1487a3acc9aa2e8b8cf/screenshot - {}
RESULT: {"script":"<script> [5351 bytes]","args":[{"element-6066-11e4-a52e-4f735466cecf":"f.B3DE6F40683FFAB1CA736CEEF5589B44.d.3C32BA79F644EB5E6842D0235C654F90.e.4739","ELEMENT":"f.B3DE6F40683FFAB1CA736CEEF5589B44.d.3C32BA79F644EB5E6842D0235C654F90.e.4739"}]}
COMMAND: POST /session/4dda79d38857d1487a3acc9aa2e8b8cf/element - {"using":"xpath","value":"//*[contains(@data-kt ,\"webshopDetailSiteLink\")]"}
COMMAND: GET /session/4dda79d38857d1487a3acc9aa2e8b8cf/screenshot - {}
RESULT: {}
RESULT: {"using":"xpath","value":"//*[contains(@data-kt ,\"webshopDetailSiteLink\")]"}
COMMAND: POST /session/4dda79d38857d1487a3acc9aa2e8b8cf/element/f.B3DE6F40683FFAB1CA736CEEF5589B44.d.3C32BA79F644EB5E6842D0235C654F90.e.4739/click - {}
RESULT: {}
RESULT: {}
COMMAND: GET /session/4dda79d38857d1487a3acc9aa2e8b8cf/screenshot - {}
RESULT: {}
COMMAND: POST /session/4dda79d38857d1487a3acc9aa2e8b8cf/element/f.B3DE6F40683FFAB1CA736CEEF5589B44.d.3C32BA79F644EB5E6842D0235C654F90.e.4468/click - {}
COMMAND: POST /session/4dda79d38857d1487a3acc9aa2e8b8cf/element - {"using":"xpath","value":"//*[contains(@data-kt ,\"ContextMenuId3Link\")][contains(text(), \"Site Main Address\")]"}
RESULT: {"using":"xpath","value":"//*[contains(@data-kt ,\"ContextMenuId3Link\")][contains(text(), \"Site Main Address\")]"}
COMMAND: POST /session/4dda79d38857d1487a3acc9aa2e8b8cf/element/f.B3DE6F40683FFAB1CA736CEEF5589B44.d.3C32BA79F644EB5E6842D0235C654F90.e.4468/click - {}
COMMAND: POST /session/4dda79d38857d1487a3acc9aa2e8b8cf/element - {"using":"xpath","value":"//*[contains(@data-kt ,\"ContextMenuId3Link\")][contains(text(), \"Site Main Address\")]"}
RESULT: {"using":"xpath","value":"//*[contains(@data-kt ,\"ContextMenuId3Link\")][contains(text(), \"Site Main Address\")]"}
COMMAND: POST /session/4dda79d38857d1487a3acc9aa2e8b8cf/element/f.B3DE6F40683FFAB1CA736CEEF5589B44.d.3C32BA79F644EB5E6842D0235C654F90.e.4741/click - {}
RESULT: {}
COMMAND: GET /session/4dda79d38857d1487a3acc9aa2e8b8cf/screenshot - {}
RESULT: {}
COMMAND: POST /session/4dda79d38857d1487a3acc9aa2e8b8cf/element - {"using":"xpath","value":"//span[contains(@id ,\"application-addressmanagement-display-component---masterAdm--title1-inner\")]"}
RESULT: {"using":"xpath","value":"//span[contains(@id ,\"application-addressmanagement-display-component---masterAdm--title1-inner\")]"}
COMMAND: GET /session/4dda79d38857d1487a3acc9aa2e8b8cf/element/f.B3DE6F40683FFAB1CA736CEEF5589B44.d.3C32BA79F644EB5E6842D0235C654F90.e.4958/text - {}
RESULT: {}
COMMAND: POST /session/4dda79d38857d1487a3acc9aa2e8b8cf/element - {"using":"xpath","value":"//span[contains(@id ,\"application-addressmanagement-display-component---detailAdm--addressDetailDetailsName1\")][contains(text(), \"WebdriverSitead4ueg\")]"}
RESULT: {"using":"xpath","value":"//span[contains(@id ,\"application-addressmanagement-display-component---detailAdm--addressDetailDetailsName1\")][contains(text(), \"WebdriverSitead4ueg\")]"}
COMMAND: POST /session/4dda79d38857d1487a3acc9aa2e8b8cf/execute/sync - {"script":"<script> [8489 bytes]","args":[{"element-6066-11e4-a52e-4f735466cecf":"f.B3DE6F40683FFAB1CA736CEEF5589B44.d.3C32BA79F644EB5E6842D0235C654F90.e.4959","ELEMENT":"f.B3DE6F40683FFAB1CA736CEEF5589B44.d.3C32BA79F644EB5E6842D0235C654F90.e.4959"}]}
RESULT: undefined
COMMAND: POST /session/4dda79d38857d1487a3acc9aa2e8b8cf/element - {"using":"xpath","value":"//*[@id=\"backBtn\"]"}
RESULT: {"using":"xpath","value":"//*[@id=\"backBtn\"]"}
COMMAND: POST /session/4dda79d38857d1487a3acc9aa2e8b8cf/element/f.B3DE6F40683FFAB1CA736CEEF5589B44.d.3C32BA79F644EB5E6842D0235C654F90.e.3214/click - {}
RESULT: {"script":"<script> [8489 bytes]","args":[{"element-6066-11e4-a52e-4f735466cecf":"f.B3DE6F40683FFAB1CA736CEEF5589B44.d.3C32BA79F644EB5E6842D0235C654F90.e.4959","ELEMENT":"f.B3DE6F40683FFAB1CA736CEEF5589B44.d.3C32BA79F644EB5E6842D0235C654F90.e.4959"}]}
COMMAND: GET /session/4dda79d38857d1487a3acc9aa2e8b8cf/screenshot - {}
RESULT: {}
COMMAND: GET /session/4dda79d38857d1487a3acc9aa2e8b8cf/screenshot - {}
RESULT: {}
RESULT: {}
COMMAND: POST /session/4dda79d38857d1487a3acc9aa2e8b8cf/execute/sync - {"script":"<script> [8489 bytes]","args":[{"element-6066-11e4-a52e-4f735466cecf":"f.B3DE6F40683FFAB1CA736CEEF5589B44.d.3C32BA79F644EB5E6842D0235C654F90.e.4739","ELEMENT":"f.B3DE6F40683FFAB1CA736CEEF5589B44.d.3C32BA79F644EB5E6842D0235C654F90.e.4739"}]}
COMMAND: POST /session/4dda79d38857d1487a3acc9aa2e8b8cf/element - {"using":"xpath","value":"//*[contains(@data-kt ,\"webshopDetailSiteLink\")]"}
RESULT: {"using":"xpath","value":"//*[contains(@data-kt ,\"webshopDetailSiteLink\")]"}
COMMAND: POST /session/4dda79d38857d1487a3acc9aa2e8b8cf/execute/sync - {"script":"<script> [8489 bytes]","args":[{"element-6066-11e4-a52e-4f735466cecf":"f.B3DE6F40683FFAB1CA736CEEF5589B44.d.3C32BA79F644EB5E6842D0235C654F90.e.5120","ELEMENT":"f.B3DE6F40683FFAB1CA736CEEF5589B44.d.3C32BA79F644EB5E6842D0235C654F90.e.5120"}]}
RESULT: {"script":"<script> [8489 bytes]","args":[{"element-6066-11e4-a52e-4f735466cecf":"f.B3DE6F40683FFAB1CA736CEEF5589B44.d.3C32BA79F644EB5E6842D0235C654F90.e.5120","ELEMENT":"f.B3DE6F40683FFAB1CA736CEEF5589B44.d.3C32BA79F644EB5E6842D0235C654F90.e.5120"}]}
COMMAND: POST /session/4dda79d38857d1487a3acc9aa2e8b8cf/execute/sync - {"script":"<script> [5351 bytes]","args":[{"element-6066-11e4-a52e-4f735466cecf":"f.B3DE6F40683FFAB1CA736CEEF5589B44.d.3C32BA79F644EB5E6842D0235C654F90.e.5120","ELEMENT":"f.B3DE6F40683FFAB1CA736CEEF5589B44.d.3C32BA79F644EB5E6842D0235C654F90.e.5120"}]}
COMMAND: GET /session/4dda79d38857d1487a3acc9aa2e8b8cf/screenshot - {}
RESULT: {"script":"<script> [5351 bytes]","args":[{"element-6066-11e4-a52e-4f735466cecf":"f.B3DE6F40683FFAB1CA736CEEF5589B44.d.3C32BA79F644EB5E6842D0235C654F90.e.5120","ELEMENT":"f.B3DE6F40683FFAB1CA736CEEF5589B44.d.3C32BA79F644EB5E6842D0235C654F90.e.5120"}]}
COMMAND: POST /session/4dda79d38857d1487a3acc9aa2e8b8cf/execute/sync - {"script":"<script> [8489 bytes]","args":[{"element-6066-11e4-a52e-4f735466cecf":"f.B3DE6F40683FFAB1CA736CEEF5589B44.d.3C32BA79F644EB5E6842D0235C654F90.e.5120","ELEMENT":"f.B3DE6F40683FFAB1CA736CEEF5589B44.d.3C32BA79F644EB5E6842D0235C654F90.e.5120"}]}
COMMAND: GET /session/4dda79d38857d1487a3acc9aa2e8b8cf/screenshot - {}
RESULT: {}
RESULT: {"script":"<script> [8489 bytes]","args":[{"element-6066-11e4-a52e-4f735466cecf":"f.B3DE6F40683FFAB1CA736CEEF5589B44.d.3C32BA79F644EB5E6842D0235C654F90.e.5120","ELEMENT":"f.B3DE6F40683FFAB1CA736CEEF5589B44.d.3C32BA79F644EB5E6842D0235C654F90.e.5120"}]}
COMMAND: POST /session/4dda79d38857d1487a3acc9aa2e8b8cf/execute/sync - {"script":"<script> [5351 bytes]","args":[{"element-6066-11e4-a52e-4f735466cecf":"f.B3DE6F40683FFAB1CA736CEEF5589B44.d.3C32BA79F644EB5E6842D0235C654F90.e.5120","ELEMENT":"f.B3DE6F40683FFAB1CA736CEEF5589B44.d.3C32BA79F644EB5E6842D0235C654F90.e.5120"}]}
COMMAND: GET /session/4dda79d38857d1487a3acc9aa2e8b8cf/screenshot - {}
RESULT: {}
RESULT: {"script":"<script> [5351 bytes]","args":[{"element-6066-11e4-a52e-4f735466cecf":"f.B3DE6F40683FFAB1CA736CEEF5589B44.d.3C32BA79F644EB5E6842D0235C654F90.e.5120","ELEMENT":"f.B3DE6F40683FFAB1CA736CEEF5589B44.d.3C32BA79F644EB5E6842D0235C654F90.e.5120"}]}
COMMAND: POST /session/4dda79d38857d1487a3acc9aa2e8b8cf/element - {"using":"xpath","value":"//*[contains(@data-kt ,\"webshopDetailSiteLink\")]"}
COMMAND: GET /session/4dda79d38857d1487a3acc9aa2e8b8cf/screenshot - {}
RESULT: {}
RESULT: {"using":"xpath","value":"//*[contains(@data-kt ,\"webshopDetailSiteLink\")]"}
COMMAND: POST /session/4dda79d38857d1487a3acc9aa2e8b8cf/element/f.B3DE6F40683FFAB1CA736CEEF5589B44.d.3C32BA79F644EB5E6842D0235C654F90.e.5120/click - {}
RESULT: {}
RESULT: {}
COMMAND: GET /session/4dda79d38857d1487a3acc9aa2e8b8cf/screenshot - {}
RESULT: {}
COMMAND: POST /session/4dda79d38857d1487a3acc9aa2e8b8cf/element - {"using":"xpath","value":"//button[contains(@data-kt ,\"ContextMenuIdExternalLink\")]"}
RESULT: {"using":"xpath","value":"//button[contains(@data-kt ,\"ContextMenuIdExternalLink\")]"}
COMMAND: POST /session/4dda79d38857d1487a3acc9aa2e8b8cf/element/f.B3DE6F40683FFAB1CA736CEEF5589B44.d.3C32BA79F644EB5E6842D0235C654F90.e.5123/click - {}
RESULT: {}
COMMAND: GET /session/4dda79d38857d1487a3acc9aa2e8b8cf/screenshot - {}
RESULT: {}
COMMAND: GET /session/4dda79d38857d1487a3acc9aa2e8b8cf/window/handles - {}
RESULT: {}
COMMAND: POST /session/4dda79d38857d1487a3acc9aa2e8b8cf/window - {"handle":"EB554C0C4FD15785656AD8A534F64A95"}
RESULT: {"handle":"EB554C0C4FD15785656AD8A534F64A95"}
COMMAND: GET /session/4dda79d38857d1487a3acc9aa2e8b8cf/url - {}
RESULT: {}
COMMAND: GET /session/4dda79d38857d1487a3acc9aa2e8b8cf/screenshot - {}
COMMAND: DELETE /session/4dda79d38857d1487a3acc9aa2e8b8cf/window - {}
RESULT: {}
RESULT: {}
COMMAND: POST /session/4dda79d38857d1487a3acc9aa2e8b8cf/window - {"handle":"B3DE6F40683FFAB1CA736CEEF5589B44"}
RESULT: {"handle":"B3DE6F40683FFAB1CA736CEEF5589B44"}
COMMAND: GET /session/4dda79d38857d1487a3acc9aa2e8b8cf/url - {}
RESULT: {}
COMMAND: GET /session/4dda79d38857d1487a3acc9aa2e8b8cf/screenshot - {}
RESULT: {}
COMMAND: POST /session/4dda79d38857d1487a3acc9aa2e8b8cf/element - {"using":"xpath","value":"//button[contains(@data-kt ,\"ContextMenuExternalId2Link\")]"}
RESULT: {"using":"xpath","value":"//button[contains(@data-kt ,\"ContextMenuExternalId2Link\")]"}
COMMAND: POST /session/4dda79d38857d1487a3acc9aa2e8b8cf/element/f.B3DE6F40683FFAB1CA736CEEF5589B44.d.3C32BA79F644EB5E6842D0235C654F90.e.5381/click - {}
RESULT: {}
COMMAND: GET /session/4dda79d38857d1487a3acc9aa2e8b8cf/screenshot - {}
RESULT: {}
COMMAND: GET /session/4dda79d38857d1487a3acc9aa2e8b8cf/window/handles - {}
RESULT: {}
COMMAND: POST /session/4dda79d38857d1487a3acc9aa2e8b8cf/window - {"handle":"69CDC29BEE1462DC548ABA488F916D94"}
RESULT: {"handle":"69CDC29BEE1462DC548ABA488F916D94"}
COMMAND: GET /session/4dda79d38857d1487a3acc9aa2e8b8cf/url - {}
RESULT: {}
COMMAND: GET /session/4dda79d38857d1487a3acc9aa2e8b8cf/screenshot - {}
RESULT: {}
COMMAND: POST /session/4dda79d38857d1487a3acc9aa2e8b8cf/execute/sync - {"script":"<script> [8489 bytes]","args":[{"element-6066-11e4-a52e-4f735466cecf":"f.B3DE6F40683FFAB1CA736CEEF5589B44.d.3C32BA79F644EB5E6842D0235C654F90.e.4551","ELEMENT":"f.B3DE6F40683FFAB1CA736CEEF5589B44.d.3C32BA79F644EB5E6842D0235C654F90.e.4551"}]}
COMMAND: DELETE /session/4dda79d38857d1487a3acc9aa2e8b8cf/window - {}
RESULT: {}
COMMAND: POST /session/4dda79d38857d1487a3acc9aa2e8b8cf/window - {"handle":"B3DE6F40683FFAB1CA736CEEF5589B44"}
RESULT: {"handle":"B3DE6F40683FFAB1CA736CEEF5589B44"}
COMMAND: GET /session/4dda79d38857d1487a3acc9aa2e8b8cf/url - {}
COMMAND: POST /session/4dda79d38857d1487a3acc9aa2e8b8cf/element - {"using":"xpath","value":"(//span[contains(text(), \"WebdriverSitead4ueg\")])[2]"}
RESULT: {}
COMMAND: GET /session/4dda79d38857d1487a3acc9aa2e8b8cf/screenshot - {}
RESULT: {"using":"xpath","value":"(//span[contains(text(), \"WebdriverSitead4ueg\")])[2]"}
COMMAND: POST /session/4dda79d38857d1487a3acc9aa2e8b8cf/element - {"using":"xpath","value":"(//span[contains(text(), \"WebdriverSitead4ueg\")])[2]"}
RESULT: {}
RESULT: {"using":"xpath","value":"(//span[contains(text(), \"WebdriverSitead4ueg\")])[2]"}
COMMAND: POST /session/4dda79d38857d1487a3acc9aa2e8b8cf/element - {"using":"xpath","value":"(//span[contains(text(), \"WebdriverSitead4ueg\")])[2]"}
RESULT: {"using":"xpath","value":"(//span[contains(text(), \"WebdriverSitead4ueg\")])[2]"}
COMMAND: POST /session/4dda79d38857d1487a3acc9aa2e8b8cf/element - {"using":"xpath","value":"(//span[contains(text(), \"WebdriverSitead4ueg\")])[2]"}
RESULT: {"using":"xpath","value":"(//span[contains(text(), \"WebdriverSitead4ueg\")])[2]"}
COMMAND: POST /session/4dda79d38857d1487a3acc9aa2e8b8cf/element - {"using":"xpath","value":"(//span[contains(text(), \"WebdriverSitead4ueg\")])[2]"}
RESULT: {"using":"xpath","value":"(//span[contains(text(), \"WebdriverSitead4ueg\")])[2]"}
COMMAND: POST /session/4dda79d38857d1487a3acc9aa2e8b8cf/element - {"using":"xpath","value":"(//span[contains(text(), \"WebdriverSitead4ueg\")])[2]"}
RESULT: {"using":"xpath","value":"(//span[contains(text(), \"WebdriverSitead4ueg\")])[2]"}
COMMAND: POST /session/4dda79d38857d1487a3acc9aa2e8b8cf/element - {"using":"xpath","value":"(//span[contains(text(), \"WebdriverSitead4ueg\")])[2]"}
RESULT: {"using":"xpath","value":"(//span[contains(text(), \"WebdriverSitead4ueg\")])[2]"}
COMMAND: POST /session/4dda79d38857d1487a3acc9aa2e8b8cf/element - {"using":"xpath","value":"(//span[contains(text(), \"WebdriverSitead4ueg\")])[2]"}
RESULT: {"using":"xpath","value":"(//span[contains(text(), \"WebdriverSitead4ueg\")])[2]"}
COMMAND: POST /session/4dda79d38857d1487a3acc9aa2e8b8cf/element - {"using":"xpath","value":"(//span[contains(text(), \"WebdriverSitead4ueg\")])[2]"}
RESULT: {"using":"xpath","value":"(//span[contains(text(), \"WebdriverSitead4ueg\")])[2]"}
COMMAND: POST /session/4dda79d38857d1487a3acc9aa2e8b8cf/element - {"using":"xpath","value":"(//span[contains(text(), \"WebdriverSitead4ueg\")])[2]"}
RESULT: {"using":"xpath","value":"(//span[contains(text(), \"WebdriverSitead4ueg\")])[2]"}
COMMAND: POST /session/4dda79d38857d1487a3acc9aa2e8b8cf/execute/sync - {"script":"<script> [8489 bytes]","args":[{"element-6066-11e4-a52e-4f735466cecf":"f.B3DE6F40683FFAB1CA736CEEF5589B44.d.3C32BA79F644EB5E6842D0235C654F90.e.5120","ELEMENT":"f.B3DE6F40683FFAB1CA736CEEF5589B44.d.3C32BA79F644EB5E6842D0235C654F90.e.5120"}]}
RESULT: {"script":"<script> [8489 bytes]","args":[{"element-6066-11e4-a52e-4f735466cecf":"f.B3DE6F40683FFAB1CA736CEEF5589B44.d.3C32BA79F644EB5E6842D0235C654F90.e.5120","ELEMENT":"f.B3DE6F40683FFAB1CA736CEEF5589B44.d.3C32BA79F644EB5E6842D0235C654F90.e.5120"}]}
COMMAND: POST /session/4dda79d38857d1487a3acc9aa2e8b8cf/execute/sync - {"script":"<script> [5351 bytes]","args":[{"element-6066-11e4-a52e-4f735466cecf":"f.B3DE6F40683FFAB1CA736CEEF5589B44.d.3C32BA79F644EB5E6842D0235C654F90.e.5120","ELEMENT":"f.B3DE6F40683FFAB1CA736CEEF5589B44.d.3C32BA79F644EB5E6842D0235C654F90.e.5120"}]}
COMMAND: GET /session/4dda79d38857d1487a3acc9aa2e8b8cf/screenshot - {}
RESULT: {"script":"<script> [5351 bytes]","args":[{"element-6066-11e4-a52e-4f735466cecf":"f.B3DE6F40683FFAB1CA736CEEF5589B44.d.3C32BA79F644EB5E6842D0235C654F90.e.5120","ELEMENT":"f.B3DE6F40683FFAB1CA736CEEF5589B44.d.3C32BA79F644EB5E6842D0235C654F90.e.5120"}]}
COMMAND: POST /session/4dda79d38857d1487a3acc9aa2e8b8cf/element - {"using":"xpath","value":"//*[contains(@data-kt ,\"webshopDetailSiteLink\")]"}
COMMAND: GET /session/4dda79d38857d1487a3acc9aa2e8b8cf/screenshot - {}
COMMAND: POST /session/4dda79d38857d1487a3acc9aa2e8b8cf/element - {"using":"xpath","value":"(//span[contains(text(), \"WebdriverSitead4ueg\")])[2]"}
RESULT: {}
RESULT: {"using":"xpath","value":"//*[contains(@data-kt ,\"webshopDetailSiteLink\")]"}
COMMAND: POST /session/4dda79d38857d1487a3acc9aa2e8b8cf/element/f.B3DE6F40683FFAB1CA736CEEF5589B44.d.3C32BA79F644EB5E6842D0235C654F90.e.5120/click - {}
RESULT: {}
RESULT: {"using":"xpath","value":"(//span[contains(text(), \"WebdriverSitead4ueg\")])[2]"}
RESULT: {}
COMMAND: GET /session/4dda79d38857d1487a3acc9aa2e8b8cf/screenshot - {}
RESULT: {}
COMMAND: POST /session/4dda79d38857d1487a3acc9aa2e8b8cf/element - {"using":"xpath","value":"(//span[contains(text(), \"WebdriverSitead4ueg\")])[2]"}
RESULT: {"using":"xpath","value":"(//span[contains(text(), \"WebdriverSitead4ueg\")])[2]"}
COMMAND: POST /session/4dda79d38857d1487a3acc9aa2e8b8cf/execute/sync - {"script":"<script> [8489 bytes]","args":[{"element-6066-11e4-a52e-4f735466cecf":"f.B3DE6F40683FFAB1CA736CEEF5589B44.d.3C32BA79F644EB5E6842D0235C654F90.e.5396","ELEMENT":"f.B3DE6F40683FFAB1CA736CEEF5589B44.d.3C32BA79F644EB5E6842D0235C654F90.e.5396"}]}
RESULT: {"script":"<script> [8489 bytes]","args":[{"element-6066-11e4-a52e-4f735466cecf":"f.B3DE6F40683FFAB1CA736CEEF5589B44.d.3C32BA79F644EB5E6842D0235C654F90.e.5396","ELEMENT":"f.B3DE6F40683FFAB1CA736CEEF5589B44.d.3C32BA79F644EB5E6842D0235C654F90.e.5396"}]}
COMMAND: GET /session/4dda79d38857d1487a3acc9aa2e8b8cf/screenshot - {}
RESULT: {}
COMMAND: POST /session/4dda79d38857d1487a3acc9aa2e8b8cf/element - {"using":"xpath","value":"(//button[contains(@data-kt ,\"ContextMenuExternalId3Link\")])[2]"}
RESULT: {"using":"xpath","value":"(//button[contains(@data-kt ,\"ContextMenuExternalId3Link\")])[2]"}
COMMAND: POST /session/4dda79d38857d1487a3acc9aa2e8b8cf/element/f.B3DE6F40683FFAB1CA736CEEF5589B44.d.3C32BA79F644EB5E6842D0235C654F90.e.5397/click - {}
RESULT: {}
COMMAND: GET /session/4dda79d38857d1487a3acc9aa2e8b8cf/screenshot - {}
RESULT: {}
COMMAND: GET /session/4dda79d38857d1487a3acc9aa2e8b8cf/window/handles - {}
RESULT: {}
COMMAND: POST /session/4dda79d38857d1487a3acc9aa2e8b8cf/window - {"handle":"E55A59AB2D8870CEC6FF540B95222F6E"}
RESULT: {"handle":"E55A59AB2D8870CEC6FF540B95222F6E"}
COMMAND: GET /session/4dda79d38857d1487a3acc9aa2e8b8cf/url - {}
RESULT: {}
COMMAND: GET /session/4dda79d38857d1487a3acc9aa2e8b8cf/screenshot - {}
COMMAND: POST /session/4dda79d38857d1487a3acc9aa2e8b8cf/execute/sync - {"script":"<script> [8489 bytes]","args":[{"element-6066-11e4-a52e-4f735466cecf":"f.B3DE6F40683FFAB1CA736CEEF5589B44.d.3C32BA79F644EB5E6842D0235C654F90.e.4959","ELEMENT":"f.B3DE6F40683FFAB1CA736CEEF5589B44.d.3C32BA79F644EB5E6842D0235C654F90.e.4959"}]}
RESULT: {}
RESULT: {"script":"<script> [8489 bytes]","args":[{"element-6066-11e4-a52e-4f735466cecf":"f.B3DE6F40683FFAB1CA736CEEF5589B44.d.3C32BA79F644EB5E6842D0235C654F90.e.4959","ELEMENT":"f.B3DE6F40683FFAB1CA736CEEF5589B44.d.3C32BA79F644EB5E6842D0235C654F90.e.4959"}]}
COMMAND: GET /session/4dda79d38857d1487a3acc9aa2e8b8cf/screenshot - {}
RESULT: {}
COMMAND: POST /session/4dda79d38857d1487a3acc9aa2e8b8cf/execute/sync - {"script":"<script> [8489 bytes]","args":[{"element-6066-11e4-a52e-4f735466cecf":"f.B3DE6F40683FFAB1CA736CEEF5589B44.d.3C32BA79F644EB5E6842D0235C654F90.e.4959","ELEMENT":"f.B3DE6F40683FFAB1CA736CEEF5589B44.d.3C32BA79F644EB5E6842D0235C654F90.e.4959"}]}
RESULT: {"script":"<script> [8489 bytes]","args":[{"element-6066-11e4-a52e-4f735466cecf":"f.B3DE6F40683FFAB1CA736CEEF5589B44.d.3C32BA79F644EB5E6842D0235C654F90.e.4959","ELEMENT":"f.B3DE6F40683FFAB1CA736CEEF5589B44.d.3C32BA79F644EB5E6842D0235C654F90.e.4959"}]}
COMMAND: GET /session/4dda79d38857d1487a3acc9aa2e8b8cf/screenshot - {}
RESULT: {}
COMMAND: POST /session/4dda79d38857d1487a3acc9aa2e8b8cf/execute/sync - {"script":"<script> [8489 bytes]","args":[{"element-6066-11e4-a52e-4f735466cecf":"f.B3DE6F40683FFAB1CA736CEEF5589B44.d.3C32BA79F644EB5E6842D0235C654F90.e.4959","ELEMENT":"f.B3DE6F40683FFAB1CA736CEEF5589B44.d.3C32BA79F644EB5E6842D0235C654F90.e.4959"}]}
RESULT: {"script":"<script> [8489 bytes]","args":[{"element-6066-11e4-a52e-4f735466cecf":"f.B3DE6F40683FFAB1CA736CEEF5589B44.d.3C32BA79F644EB5E6842D0235C654F90.e.4959","ELEMENT":"f.B3DE6F40683FFAB1CA736CEEF5589B44.d.3C32BA79F644EB5E6842D0235C654F90.e.4959"}]}
COMMAND: GET /session/4dda79d38857d1487a3acc9aa2e8b8cf/screenshot - {}
RESULT: {}
COMMAND: POST /session/4dda79d38857d1487a3acc9aa2e8b8cf/execute/sync - {"script":"<script> [8489 bytes]","args":[{"element-6066-11e4-a52e-4f735466cecf":"f.B3DE6F40683FFAB1CA736CEEF5589B44.d.3C32BA79F644EB5E6842D0235C654F90.e.4959","ELEMENT":"f.B3DE6F40683FFAB1CA736CEEF5589B44.d.3C32BA79F644EB5E6842D0235C654F90.e.4959"}]}
RESULT: {"script":"<script> [8489 bytes]","args":[{"element-6066-11e4-a52e-4f735466cecf":"f.B3DE6F40683FFAB1CA736CEEF5589B44.d.3C32BA79F644EB5E6842D0235C654F90.e.4959","ELEMENT":"f.B3DE6F40683FFAB1CA736CEEF5589B44.d.3C32BA79F644EB5E6842D0235C654F90.e.4959"}]}
COMMAND: GET /session/4dda79d38857d1487a3acc9aa2e8b8cf/screenshot - {}
RESULT: {}
COMMAND: POST /session/4dda79d38857d1487a3acc9aa2e8b8cf/execute/sync - {"script":"<script> [8489 bytes]","args":[{"element-6066-11e4-a52e-4f735466cecf":"f.B3DE6F40683FFAB1CA736CEEF5589B44.d.3C32BA79F644EB5E6842D0235C654F90.e.4959","ELEMENT":"f.B3DE6F40683FFAB1CA736CEEF5589B44.d.3C32BA79F644EB5E6842D0235C654F90.e.4959"}]}
RESULT: {"script":"<script> [8489 bytes]","args":[{"element-6066-11e4-a52e-4f735466cecf":"f.B3DE6F40683FFAB1CA736CEEF5589B44.d.3C32BA79F644EB5E6842D0235C654F90.e.4959","ELEMENT":"f.B3DE6F40683FFAB1CA736CEEF5589B44.d.3C32BA79F644EB5E6842D0235C654F90.e.4959"}]}
COMMAND: GET /session/4dda79d38857d1487a3acc9aa2e8b8cf/screenshot - {}
RESULT: {}
COMMAND: POST /session/4dda79d38857d1487a3acc9aa2e8b8cf/execute/sync - {"script":"<script> [8489 bytes]","args":[{"element-6066-11e4-a52e-4f735466cecf":"f.B3DE6F40683FFAB1CA736CEEF5589B44.d.3C32BA79F644EB5E6842D0235C654F90.e.4959","ELEMENT":"f.B3DE6F40683FFAB1CA736CEEF5589B44.d.3C32BA79F644EB5E6842D0235C654F90.e.4959"}]}
RESULT: {"script":"<script> [8489 bytes]","args":[{"element-6066-11e4-a52e-4f735466cecf":"f.B3DE6F40683FFAB1CA736CEEF5589B44.d.3C32BA79F644EB5E6842D0235C654F90.e.4959","ELEMENT":"f.B3DE6F40683FFAB1CA736CEEF5589B44.d.3C32BA79F644EB5E6842D0235C654F90.e.4959"}]}
COMMAND: GET /session/4dda79d38857d1487a3acc9aa2e8b8cf/screenshot - {}
RESULT: {}
COMMAND: POST /session/4dda79d38857d1487a3acc9aa2e8b8cf/execute/sync - {"script":"<script> [8489 bytes]","args":[{"element-6066-11e4-a52e-4f735466cecf":"f.B3DE6F40683FFAB1CA736CEEF5589B44.d.3C32BA79F644EB5E6842D0235C654F90.e.4959","ELEMENT":"f.B3DE6F40683FFAB1CA736CEEF5589B44.d.3C32BA79F644EB5E6842D0235C654F90.e.4959"}]}
RESULT: {"script":"<script> [8489 bytes]","args":[{"element-6066-11e4-a52e-4f735466cecf":"f.B3DE6F40683FFAB1CA736CEEF5589B44.d.3C32BA79F644EB5E6842D0235C654F90.e.4959","ELEMENT":"f.B3DE6F40683FFAB1CA736CEEF5589B44.d.3C32BA79F644EB5E6842D0235C654F90.e.4959"}]}
COMMAND: GET /session/4dda79d38857d1487a3acc9aa2e8b8cf/screenshot - {}
RESULT: {}
COMMAND: POST /session/4dda79d38857d1487a3acc9aa2e8b8cf/execute/sync - {"script":"<script> [8489 bytes]","args":[{"element-6066-11e4-a52e-4f735466cecf":"f.B3DE6F40683FFAB1CA736CEEF5589B44.d.3C32BA79F644EB5E6842D0235C654F90.e.4959","ELEMENT":"f.B3DE6F40683FFAB1CA736CEEF5589B44.d.3C32BA79F644EB5E6842D0235C654F90.e.4959"}]}
RESULT: {"script":"<script> [8489 bytes]","args":[{"element-6066-11e4-a52e-4f735466cecf":"f.B3DE6F40683FFAB1CA736CEEF5589B44.d.3C32BA79F644EB5E6842D0235C654F90.e.4959","ELEMENT":"f.B3DE6F40683FFAB1CA736CEEF5589B44.d.3C32BA79F644EB5E6842D0235C654F90.e.4959"}]}
COMMAND: GET /session/4dda79d38857d1487a3acc9aa2e8b8cf/screenshot - {}
RESULT: {}
COMMAND: POST /session/4dda79d38857d1487a3acc9aa2e8b8cf/execute/sync - {"script":"<script> [8489 bytes]","args":[{"element-6066-11e4-a52e-4f735466cecf":"f.B3DE6F40683FFAB1CA736CEEF5589B44.d.3C32BA79F644EB5E6842D0235C654F90.e.4959","ELEMENT":"f.B3DE6F40683FFAB1CA736CEEF5589B44.d.3C32BA79F644EB5E6842D0235C654F90.e.4959"}]}
RESULT: {"script":"<script> [8489 bytes]","args":[{"element-6066-11e4-a52e-4f735466cecf":"f.B3DE6F40683FFAB1CA736CEEF5589B44.d.3C32BA79F644EB5E6842D0235C654F90.e.4959","ELEMENT":"f.B3DE6F40683FFAB1CA736CEEF5589B44.d.3C32BA79F644EB5E6842D0235C654F90.e.4959"}]}
COMMAND: GET /session/4dda79d38857d1487a3acc9aa2e8b8cf/screenshot - {}
RESULT: {}
COMMAND: DELETE /session/4dda79d38857d1487a3acc9aa2e8b8cf/window - {}
COMMAND: POST /session/4dda79d38857d1487a3acc9aa2e8b8cf/execute/sync - {"script":"<script> [8489 bytes]","args":[{"element-6066-11e4-a52e-4f735466cecf":"f.B3DE6F40683FFAB1CA736CEEF5589B44.d.3C32BA79F644EB5E6842D0235C654F90.e.4959","ELEMENT":"f.B3DE6F40683FFAB1CA736CEEF5589B44.d.3C32BA79F644EB5E6842D0235C654F90.e.4959"}]}
RESULT: {}
COMMAND: POST /session/4dda79d38857d1487a3acc9aa2e8b8cf/window - {"handle":"B3DE6F40683FFAB1CA736CEEF5589B44"}
RESULT: {"handle":"B3DE6F40683FFAB1CA736CEEF5589B44"}
COMMAND: GET /session/4dda79d38857d1487a3acc9aa2e8b8cf/url - {}
COMMAND: POST /session/4dda79d38857d1487a3acc9aa2e8b8cf/element - {"using":"xpath","value":"//span[contains(@id ,\"application-addressmanagement-display-component---detailAdm--addressDetailDetailsName1\")][contains(text(), \"WebdriverSitead4ueg\")]"}
RESULT: {}
COMMAND: GET /session/4dda79d38857d1487a3acc9aa2e8b8cf/screenshot - {}
RESULT: {"using":"xpath","value":"//span[contains(@id ,\"application-addressmanagement-display-component---detailAdm--addressDetailDetailsName1\")][contains(text(), \"WebdriverSitead4ueg\")]"}
COMMAND: POST /session/4dda79d38857d1487a3acc9aa2e8b8cf/element - {"using":"xpath","value":"//span[contains(@id ,\"application-addressmanagement-display-component---detailAdm--addressDetailDetailsName1\")][contains(text(), \"WebdriverSitead4ueg\")]"}
RESULT: {}
RESULT: {"using":"xpath","value":"//span[contains(@id ,\"application-addressmanagement-display-component---detailAdm--addressDetailDetailsName1\")][contains(text(), \"WebdriverSitead4ueg\")]"}
COMMAND: POST /session/4dda79d38857d1487a3acc9aa2e8b8cf/element - {"using":"xpath","value":"//span[contains(@id ,\"application-addressmanagement-display-component---detailAdm--addressDetailDetailsName1\")][contains(text(), \"WebdriverSitead4ueg\")]"}
RESULT: {"using":"xpath","value":"//span[contains(@id ,\"application-addressmanagement-display-component---detailAdm--addressDetailDetailsName1\")][contains(text(), \"WebdriverSitead4ueg\")]"}
COMMAND: POST /session/4dda79d38857d1487a3acc9aa2e8b8cf/element - {"using":"xpath","value":"//span[contains(@id ,\"application-addressmanagement-display-component---detailAdm--addressDetailDetailsName1\")][contains(text(), \"WebdriverSitead4ueg\")]"}
RESULT: {"using":"xpath","value":"//span[contains(@id ,\"application-addressmanagement-display-component---detailAdm--addressDetailDetailsName1\")][contains(text(), \"WebdriverSitead4ueg\")]"}
COMMAND: POST /session/4dda79d38857d1487a3acc9aa2e8b8cf/element - {"using":"xpath","value":"//span[contains(@id ,\"application-addressmanagement-display-component---detailAdm--addressDetailDetailsName1\")][contains(text(), \"WebdriverSitead4ueg\")]"}
RESULT: {"using":"xpath","value":"//span[contains(@id ,\"application-addressmanagement-display-component---detailAdm--addressDetailDetailsName1\")][contains(text(), \"WebdriverSitead4ueg\")]"}
COMMAND: POST /session/4dda79d38857d1487a3acc9aa2e8b8cf/element - {"using":"xpath","value":"//span[contains(@id ,\"application-addressmanagement-display-component---detailAdm--addressDetailDetailsName1\")][contains(text(), \"WebdriverSitead4ueg\")]"}
RESULT: {"using":"xpath","value":"//span[contains(@id ,\"application-addressmanagement-display-component---detailAdm--addressDetailDetailsName1\")][contains(text(), \"WebdriverSitead4ueg\")]"}
COMMAND: POST /session/4dda79d38857d1487a3acc9aa2e8b8cf/element - {"using":"xpath","value":"//span[contains(@id ,\"application-addressmanagement-display-component---detailAdm--addressDetailDetailsName1\")][contains(text(), \"WebdriverSitead4ueg\")]"}
RESULT: {"using":"xpath","value":"//span[contains(@id ,\"application-addressmanagement-display-component---detailAdm--addressDetailDetailsName1\")][contains(text(), \"WebdriverSitead4ueg\")]"}
COMMAND: POST /session/4dda79d38857d1487a3acc9aa2e8b8cf/element - {"using":"xpath","value":"//span[contains(@id ,\"application-addressmanagement-display-component---detailAdm--addressDetailDetailsName1\")][contains(text(), \"WebdriverSitead4ueg\")]"}
RESULT: {"using":"xpath","value":"//span[contains(@id ,\"application-addressmanagement-display-component---detailAdm--addressDetailDetailsName1\")][contains(text(), \"WebdriverSitead4ueg\")]"}
COMMAND: POST /session/4dda79d38857d1487a3acc9aa2e8b8cf/element - {"using":"xpath","value":"//span[contains(@id ,\"application-addressmanagement-display-component---detailAdm--addressDetailDetailsName1\")][contains(text(), \"WebdriverSitead4ueg\")]"}
RESULT: {"using":"xpath","value":"//span[contains(@id ,\"application-addressmanagement-display-component---detailAdm--addressDetailDetailsName1\")][contains(text(), \"WebdriverSitead4ueg\")]"}
COMMAND: POST /session/4dda79d38857d1487a3acc9aa2e8b8cf/element - {"using":"xpath","value":"//span[contains(@id ,\"application-addressmanagement-display-component---detailAdm--addressDetailDetailsName1\")][contains(text(), \"WebdriverSitead4ueg\")]"}
RESULT: {"using":"xpath","value":"//span[contains(@id ,\"application-addressmanagement-display-component---detailAdm--addressDetailDetailsName1\")][contains(text(), \"WebdriverSitead4ueg\")]"}
]]></system-out>
    </testcase>
  </testsuite>
  <testsuite timestamp="2025-05-20T16:22:50" time="250.387" tests="2" failures="0" errors="0" skipped="0">
    <properties>
      <property name="specId" value="0" />
      <property name="suiteName" value="Webshop - Hyperlinks visible and working properly  US139085" />
      <property name="capabilities" value="chrome.136_0_7103_93.windows" />
      <property name="file" value="file:///D:/a/1/s/test/specs/R2C/webshop-hyperlinks-partner-address-contract-item.spec.js" />
    </properties>
    <testcase classname="chrome.136_0_7103_93.windows.Webshop_-_Hyperlinks_visible_and_working_properly__US139085" name="Should verify the customer and address hyperlinks" time="149.063">
      <system-out><![CDATA[
COMMAND: POST /session/4dda79d38857d1487a3acc9aa2e8b8cf/element - {"using":"xpath","value":"//*[contains(@data-kt ,\"webshopDetailAddressLink\")]"}
RESULT: {"using":"xpath","value":"//*[contains(@data-kt ,\"webshopDetailAddressLink\")]"}
COMMAND: POST /session/4dda79d38857d1487a3acc9aa2e8b8cf/execute/sync - {"script":"<script> [8489 bytes]","args":[{"element-6066-11e4-a52e-4f735466cecf":"f.B3DE6F40683FFAB1CA736CEEF5589B44.d.3C32BA79F644EB5E6842D0235C654F90.e.5609","ELEMENT":"f.B3DE6F40683FFAB1CA736CEEF5589B44.d.3C32BA79F644EB5E6842D0235C654F90.e.5609"}]}
RESULT: {"script":"<script> [8489 bytes]","args":[{"element-6066-11e4-a52e-4f735466cecf":"f.B3DE6F40683FFAB1CA736CEEF5589B44.d.3C32BA79F644EB5E6842D0235C654F90.e.5609","ELEMENT":"f.B3DE6F40683FFAB1CA736CEEF5589B44.d.3C32BA79F644EB5E6842D0235C654F90.e.5609"}]}
COMMAND: POST /session/4dda79d38857d1487a3acc9aa2e8b8cf/execute/sync - {"script":"<script> [5351 bytes]","args":[{"element-6066-11e4-a52e-4f735466cecf":"f.B3DE6F40683FFAB1CA736CEEF5589B44.d.3C32BA79F644EB5E6842D0235C654F90.e.5609","ELEMENT":"f.B3DE6F40683FFAB1CA736CEEF5589B44.d.3C32BA79F644EB5E6842D0235C654F90.e.5609"}]}
COMMAND: POST /session/4dda79d38857d1487a3acc9aa2e8b8cf/element - {"using":"xpath","value":"//span[contains(@id ,\"application-addressmanagement-display-component---detailAdm--addressDetailDetailsName1\")][contains(text(), \"WebdriverSitead4ueg\")]"}
COMMAND: GET /session/4dda79d38857d1487a3acc9aa2e8b8cf/screenshot - {}
RESULT: {"script":"<script> [5351 bytes]","args":[{"element-6066-11e4-a52e-4f735466cecf":"f.B3DE6F40683FFAB1CA736CEEF5589B44.d.3C32BA79F644EB5E6842D0235C654F90.e.5609","ELEMENT":"f.B3DE6F40683FFAB1CA736CEEF5589B44.d.3C32BA79F644EB5E6842D0235C654F90.e.5609"}]}
COMMAND: GET /session/4dda79d38857d1487a3acc9aa2e8b8cf/screenshot - {}
RESULT: {"using":"xpath","value":"//span[contains(@id ,\"application-addressmanagement-display-component---detailAdm--addressDetailDetailsName1\")][contains(text(), \"WebdriverSitead4ueg\")]"}
RESULT: {}
RESULT: {}
COMMAND: POST /session/4dda79d38857d1487a3acc9aa2e8b8cf/element - {"using":"xpath","value":"//span[contains(@id ,\"application-addressmanagement-display-component---detailAdm--addressDetailDetailsName1\")][contains(text(), \"WebdriverSitead4ueg\")]"}
RESULT: {"using":"xpath","value":"//span[contains(@id ,\"application-addressmanagement-display-component---detailAdm--addressDetailDetailsName1\")][contains(text(), \"WebdriverSitead4ueg\")]"}
COMMAND: POST /session/4dda79d38857d1487a3acc9aa2e8b8cf/element - {"using":"xpath","value":"//span[contains(@id ,\"application-addressmanagement-display-component---detailAdm--addressDetailDetailsName1\")][contains(text(), \"WebdriverSitead4ueg\")]"}
RESULT: {"using":"xpath","value":"//span[contains(@id ,\"application-addressmanagement-display-component---detailAdm--addressDetailDetailsName1\")][contains(text(), \"WebdriverSitead4ueg\")]"}
COMMAND: POST /session/4dda79d38857d1487a3acc9aa2e8b8cf/element - {"using":"xpath","value":"//span[contains(@id ,\"application-addressmanagement-display-component---detailAdm--addressDetailDetailsName1\")][contains(text(), \"WebdriverSitead4ueg\")]"}
RESULT: {"using":"xpath","value":"//span[contains(@id ,\"application-addressmanagement-display-component---detailAdm--addressDetailDetailsName1\")][contains(text(), \"WebdriverSitead4ueg\")]"}
COMMAND: POST /session/4dda79d38857d1487a3acc9aa2e8b8cf/element - {"using":"xpath","value":"//span[contains(@id ,\"application-addressmanagement-display-component---detailAdm--addressDetailDetailsName1\")][contains(text(), \"WebdriverSitead4ueg\")]"}
RESULT: {"using":"xpath","value":"//span[contains(@id ,\"application-addressmanagement-display-component---detailAdm--addressDetailDetailsName1\")][contains(text(), \"WebdriverSitead4ueg\")]"}
COMMAND: POST /session/4dda79d38857d1487a3acc9aa2e8b8cf/element - {"using":"xpath","value":"//span[contains(@id ,\"application-addressmanagement-display-component---detailAdm--addressDetailDetailsName1\")][contains(text(), \"WebdriverSitead4ueg\")]"}
RESULT: {"using":"xpath","value":"//span[contains(@id ,\"application-addressmanagement-display-component---detailAdm--addressDetailDetailsName1\")][contains(text(), \"WebdriverSitead4ueg\")]"}
COMMAND: POST /session/4dda79d38857d1487a3acc9aa2e8b8cf/element - {"using":"xpath","value":"//span[contains(@id ,\"application-addressmanagement-display-component---detailAdm--addressDetailDetailsName1\")][contains(text(), \"WebdriverSitead4ueg\")]"}
RESULT: {"using":"xpath","value":"//span[contains(@id ,\"application-addressmanagement-display-component---detailAdm--addressDetailDetailsName1\")][contains(text(), \"WebdriverSitead4ueg\")]"}
COMMAND: POST /session/4dda79d38857d1487a3acc9aa2e8b8cf/element - {"using":"xpath","value":"//span[contains(@id ,\"application-addressmanagement-display-component---detailAdm--addressDetailDetailsName1\")][contains(text(), \"WebdriverSitead4ueg\")]"}
RESULT: {"using":"xpath","value":"//span[contains(@id ,\"application-addressmanagement-display-component---detailAdm--addressDetailDetailsName1\")][contains(text(), \"WebdriverSitead4ueg\")]"}
COMMAND: POST /session/4dda79d38857d1487a3acc9aa2e8b8cf/element - {"using":"xpath","value":"//*[contains(@data-kt ,\"webshopDetailAddressLink\")]"}
RESULT: {"using":"xpath","value":"//*[contains(@data-kt ,\"webshopDetailAddressLink\")]"}
COMMAND: POST /session/4dda79d38857d1487a3acc9aa2e8b8cf/element/f.B3DE6F40683FFAB1CA736CEEF5589B44.d.3C32BA79F644EB5E6842D0235C654F90.e.5609/click - {}
RESULT: {}
COMMAND: GET /session/4dda79d38857d1487a3acc9aa2e8b8cf/screenshot - {}
COMMAND: POST /session/4dda79d38857d1487a3acc9aa2e8b8cf/element - {"using":"xpath","value":"//span[contains(@id ,\"application-addressmanagement-display-component---detailAdm--addressDetailDetailsName1\")][contains(text(), \"WebdriverSitead4ueg\")]"}
RESULT: {}
RESULT: {"using":"xpath","value":"//span[contains(@id ,\"application-addressmanagement-display-component---detailAdm--addressDetailDetailsName1\")][contains(text(), \"WebdriverSitead4ueg\")]"}
COMMAND: POST /session/4dda79d38857d1487a3acc9aa2e8b8cf/element - {"using":"xpath","value":"//span[contains(@id ,\"application-addressmanagement-display-component---detailAdm--addressDetailDetailsName1\")][contains(text(), \"WebdriverSitead4ueg\")]"}
RESULT: {"using":"xpath","value":"//span[contains(@id ,\"application-addressmanagement-display-component---detailAdm--addressDetailDetailsName1\")][contains(text(), \"WebdriverSitead4ueg\")]"}
COMMAND: POST /session/4dda79d38857d1487a3acc9aa2e8b8cf/element - {"using":"xpath","value":"//span[contains(@id ,\"application-addressmanagement-display-component---detailAdm--addressDetailDetailsName1\")][contains(text(), \"WebdriverSitead4ueg\")]"}
RESULT: {"using":"xpath","value":"//span[contains(@id ,\"application-addressmanagement-display-component---detailAdm--addressDetailDetailsName1\")][contains(text(), \"WebdriverSitead4ueg\")]"}
COMMAND: POST /session/4dda79d38857d1487a3acc9aa2e8b8cf/element - {"using":"xpath","value":"//span[contains(@id ,\"application-addressmanagement-display-component---detailAdm--addressDetailDetailsName1\")][contains(text(), \"WebdriverSitead4ueg\")]"}
RESULT: {"using":"xpath","value":"//span[contains(@id ,\"application-addressmanagement-display-component---detailAdm--addressDetailDetailsName1\")][contains(text(), \"WebdriverSitead4ueg\")]"}
COMMAND: POST /session/4dda79d38857d1487a3acc9aa2e8b8cf/element - {"using":"xpath","value":"//*[contains(@data-kt ,\"ContextMenuId2Link\")][contains(text(), \"Address Overview\")]"}
RESULT: {"using":"xpath","value":"//*[contains(@data-kt ,\"ContextMenuId2Link\")][contains(text(), \"Address Overview\")]"}
COMMAND: POST /session/4dda79d38857d1487a3acc9aa2e8b8cf/execute/sync - {"script":"<script> [8489 bytes]","args":[{"element-6066-11e4-a52e-4f735466cecf":"f.B3DE6F40683FFAB1CA736CEEF5589B44.d.3C32BA79F644EB5E6842D0235C654F90.e.5611","ELEMENT":"f.B3DE6F40683FFAB1CA736CEEF5589B44.d.3C32BA79F644EB5E6842D0235C654F90.e.5611"}]}
COMMAND: POST /session/4dda79d38857d1487a3acc9aa2e8b8cf/element - {"using":"xpath","value":"//*[contains(@data-kt ,\"ContextMenuId2Link\")][contains(text(), \"Address Overview\")]"}
RESULT: {"using":"xpath","value":"//*[contains(@data-kt ,\"ContextMenuId2Link\")][contains(text(), \"Address Overview\")]"}
COMMAND: POST /session/4dda79d38857d1487a3acc9aa2e8b8cf/element/f.B3DE6F40683FFAB1CA736CEEF5589B44.d.3C32BA79F644EB5E6842D0235C654F90.e.5611/click - {}
RESULT: {"script":"<script> [8489 bytes]","args":[{"element-6066-11e4-a52e-4f735466cecf":"f.B3DE6F40683FFAB1CA736CEEF5589B44.d.3C32BA79F644EB5E6842D0235C654F90.e.5611","ELEMENT":"f.B3DE6F40683FFAB1CA736CEEF5589B44.d.3C32BA79F644EB5E6842D0235C654F90.e.5611"}]}
COMMAND: GET /session/4dda79d38857d1487a3acc9aa2e8b8cf/screenshot - {}
RESULT: {}
COMMAND: GET /session/4dda79d38857d1487a3acc9aa2e8b8cf/screenshot - {}
COMMAND: POST /session/4dda79d38857d1487a3acc9aa2e8b8cf/element - {"using":"xpath","value":"//span[contains(@id ,\"application-addressmanagement-display-component---detailAdm--addressDetailDetailsName1\")][contains(text(), \"WebdriverSitead4ueg\")]"}
RESULT: {}
RESULT: {}
RESULT: {"using":"xpath","value":"//span[contains(@id ,\"application-addressmanagement-display-component---detailAdm--addressDetailDetailsName1\")][contains(text(), \"WebdriverSitead4ueg\")]"}
COMMAND: POST /session/4dda79d38857d1487a3acc9aa2e8b8cf/element - {"using":"xpath","value":"//span[contains(@id ,\"application-addressmanagement-display-component---detailAdm--addressDetailDetailsName1\")][contains(text(), \"WebdriverSitead4ueg\")]"}
RESULT: {"using":"xpath","value":"//span[contains(@id ,\"application-addressmanagement-display-component---detailAdm--addressDetailDetailsName1\")][contains(text(), \"WebdriverSitead4ueg\")]"}
COMMAND: POST /session/4dda79d38857d1487a3acc9aa2e8b8cf/execute/sync - {"script":"<script> [8489 bytes]","args":[{"element-6066-11e4-a52e-4f735466cecf":"f.B3DE6F40683FFAB1CA736CEEF5589B44.d.3C32BA79F644EB5E6842D0235C654F90.e.5900","ELEMENT":"f.B3DE6F40683FFAB1CA736CEEF5589B44.d.3C32BA79F644EB5E6842D0235C654F90.e.5900"}]}
RESULT: {"script":"<script> [8489 bytes]","args":[{"element-6066-11e4-a52e-4f735466cecf":"f.B3DE6F40683FFAB1CA736CEEF5589B44.d.3C32BA79F644EB5E6842D0235C654F90.e.5900","ELEMENT":"f.B3DE6F40683FFAB1CA736CEEF5589B44.d.3C32BA79F644EB5E6842D0235C654F90.e.5900"}]}
COMMAND: GET /session/4dda79d38857d1487a3acc9aa2e8b8cf/screenshot - {}
RESULT: {}
RESULT: undefined
COMMAND: POST /session/4dda79d38857d1487a3acc9aa2e8b8cf/execute/async - {"script":"<script> [6424 bytes]","args":[{"element-6066-11e4-a52e-4f735466cecf":"f.B3DE6F40683FFAB1CA736CEEF5589B44.d.3C32BA79F644EB5E6842D0235C654F90.e.3212"},"getTitle",[]]}
COMMAND: POST /session/4dda79d38857d1487a3acc9aa2e8b8cf/execute/async - {"script":"<script> [1562 bytes]","args":[{"selector":{"id":"shellAppTitle"},"wdio_ui5_key":"shellAppTitle"}]}
RESULT: {"script":"<script> [1562 bytes]","args":[{"selector":{"id":"shellAppTitle"},"wdio_ui5_key":"shellAppTitle"}]}
COMMAND: POST /session/4dda79d38857d1487a3acc9aa2e8b8cf/execute/async - {"script":"<script> [6424 bytes]","args":[{"element-6066-11e4-a52e-4f735466cecf":"f.B3DE6F40683FFAB1CA736CEEF5589B44.d.3C32BA79F644EB5E6842D0235C654F90.e.5901"},"getTitle",[]]}
RESULT: {"script":"<script> [6424 bytes]","args":[{"element-6066-11e4-a52e-4f735466cecf":"f.B3DE6F40683FFAB1CA736CEEF5589B44.d.3C32BA79F644EB5E6842D0235C654F90.e.5901"},"getTitle",[]]}
COMMAND: POST /session/4dda79d38857d1487a3acc9aa2e8b8cf/element - {"using":"xpath","value":"//span[contains(@id ,\"application-addressmanagement-display-component---detailAdm--addressDetailDetailsName1\")][contains(text(), \"WebdriverSitead4ueg\")]"}
RESULT: {"using":"xpath","value":"//span[contains(@id ,\"application-addressmanagement-display-component---detailAdm--addressDetailDetailsName1\")][contains(text(), \"WebdriverSitead4ueg\")]"}
COMMAND: POST /session/4dda79d38857d1487a3acc9aa2e8b8cf/execute/sync - {"script":"<script> [8489 bytes]","args":[{"element-6066-11e4-a52e-4f735466cecf":"f.B3DE6F40683FFAB1CA736CEEF5589B44.d.3C32BA79F644EB5E6842D0235C654F90.e.5900","ELEMENT":"f.B3DE6F40683FFAB1CA736CEEF5589B44.d.3C32BA79F644EB5E6842D0235C654F90.e.5900"}]}
RESULT: undefined
COMMAND: POST /session/4dda79d38857d1487a3acc9aa2e8b8cf/element - {"using":"xpath","value":"//*[@id=\"backBtn\"]"}
RESULT: {"using":"xpath","value":"//*[@id=\"backBtn\"]"}
COMMAND: POST /session/4dda79d38857d1487a3acc9aa2e8b8cf/element/f.B3DE6F40683FFAB1CA736CEEF5589B44.d.3C32BA79F644EB5E6842D0235C654F90.e.3214/click - {}
RESULT: {"script":"<script> [8489 bytes]","args":[{"element-6066-11e4-a52e-4f735466cecf":"f.B3DE6F40683FFAB1CA736CEEF5589B44.d.3C32BA79F644EB5E6842D0235C654F90.e.5900","ELEMENT":"f.B3DE6F40683FFAB1CA736CEEF5589B44.d.3C32BA79F644EB5E6842D0235C654F90.e.5900"}]}
COMMAND: GET /session/4dda79d38857d1487a3acc9aa2e8b8cf/screenshot - {}
RESULT: {}
COMMAND: GET /session/4dda79d38857d1487a3acc9aa2e8b8cf/screenshot - {}
RESULT: {}
RESULT: {}
COMMAND: POST /session/4dda79d38857d1487a3acc9aa2e8b8cf/execute/sync - {"script":"<script> [8489 bytes]","args":[{"element-6066-11e4-a52e-4f735466cecf":"f.B3DE6F40683FFAB1CA736CEEF5589B44.d.3C32BA79F644EB5E6842D0235C654F90.e.5609","ELEMENT":"f.B3DE6F40683FFAB1CA736CEEF5589B44.d.3C32BA79F644EB5E6842D0235C654F90.e.5609"}]}
COMMAND: POST /session/4dda79d38857d1487a3acc9aa2e8b8cf/element - {"using":"xpath","value":"//*[contains(@data-kt ,\"webshopDetailAddressLink\")]"}
RESULT: {"using":"xpath","value":"//*[contains(@data-kt ,\"webshopDetailAddressLink\")]"}
COMMAND: POST /session/4dda79d38857d1487a3acc9aa2e8b8cf/execute/sync - {"script":"<script> [8489 bytes]","args":[{"element-6066-11e4-a52e-4f735466cecf":"f.B3DE6F40683FFAB1CA736CEEF5589B44.d.3C32BA79F644EB5E6842D0235C654F90.e.6110","ELEMENT":"f.B3DE6F40683FFAB1CA736CEEF5589B44.d.3C32BA79F644EB5E6842D0235C654F90.e.6110"}]}
RESULT: {"script":"<script> [8489 bytes]","args":[{"element-6066-11e4-a52e-4f735466cecf":"f.B3DE6F40683FFAB1CA736CEEF5589B44.d.3C32BA79F644EB5E6842D0235C654F90.e.6110","ELEMENT":"f.B3DE6F40683FFAB1CA736CEEF5589B44.d.3C32BA79F644EB5E6842D0235C654F90.e.6110"}]}
COMMAND: POST /session/4dda79d38857d1487a3acc9aa2e8b8cf/execute/sync - {"script":"<script> [5351 bytes]","args":[{"element-6066-11e4-a52e-4f735466cecf":"f.B3DE6F40683FFAB1CA736CEEF5589B44.d.3C32BA79F644EB5E6842D0235C654F90.e.6110","ELEMENT":"f.B3DE6F40683FFAB1CA736CEEF5589B44.d.3C32BA79F644EB5E6842D0235C654F90.e.6110"}]}
COMMAND: GET /session/4dda79d38857d1487a3acc9aa2e8b8cf/screenshot - {}
RESULT: {"script":"<script> [5351 bytes]","args":[{"element-6066-11e4-a52e-4f735466cecf":"f.B3DE6F40683FFAB1CA736CEEF5589B44.d.3C32BA79F644EB5E6842D0235C654F90.e.6110","ELEMENT":"f.B3DE6F40683FFAB1CA736CEEF5589B44.d.3C32BA79F644EB5E6842D0235C654F90.e.6110"}]}
COMMAND: POST /session/4dda79d38857d1487a3acc9aa2e8b8cf/element - {"using":"xpath","value":"//*[contains(@data-kt ,\"webshopDetailAddressLink\")]"}
COMMAND: GET /session/4dda79d38857d1487a3acc9aa2e8b8cf/screenshot - {}
RESULT: {}
RESULT: {"using":"xpath","value":"//*[contains(@data-kt ,\"webshopDetailAddressLink\")]"}
COMMAND: POST /session/4dda79d38857d1487a3acc9aa2e8b8cf/element/f.B3DE6F40683FFAB1CA736CEEF5589B44.d.3C32BA79F644EB5E6842D0235C654F90.e.6110/click - {}
RESULT: {}
RESULT: {}
COMMAND: GET /session/4dda79d38857d1487a3acc9aa2e8b8cf/screenshot - {}
RESULT: {}
COMMAND: POST /session/4dda79d38857d1487a3acc9aa2e8b8cf/element - {"using":"xpath","value":"//button[contains(@data-kt ,\"ContextMenuExternalId2Link\")]"}
RESULT: {"using":"xpath","value":"//button[contains(@data-kt ,\"ContextMenuExternalId2Link\")]"}
COMMAND: POST /session/4dda79d38857d1487a3acc9aa2e8b8cf/element/f.B3DE6F40683FFAB1CA736CEEF5589B44.d.3C32BA79F644EB5E6842D0235C654F90.e.6111/click - {}
RESULT: {}
COMMAND: GET /session/4dda79d38857d1487a3acc9aa2e8b8cf/screenshot - {}
RESULT: {}
COMMAND: GET /session/4dda79d38857d1487a3acc9aa2e8b8cf/window/handles - {}
RESULT: {}
COMMAND: POST /session/4dda79d38857d1487a3acc9aa2e8b8cf/window - {"handle":"4DFE2AC62449DE55840B83D37FF1C0D5"}
RESULT: {"handle":"4DFE2AC62449DE55840B83D37FF1C0D5"}
COMMAND: GET /session/4dda79d38857d1487a3acc9aa2e8b8cf/url - {}
RESULT: {}
COMMAND: GET /session/4dda79d38857d1487a3acc9aa2e8b8cf/screenshot - {}
RESULT: {}
COMMAND: POST /session/4dda79d38857d1487a3acc9aa2e8b8cf/execute/sync - {"script":"<script> [8489 bytes]","args":[{"element-6066-11e4-a52e-4f735466cecf":"f.B3DE6F40683FFAB1CA736CEEF5589B44.d.3C32BA79F644EB5E6842D0235C654F90.e.5900","ELEMENT":"f.B3DE6F40683FFAB1CA736CEEF5589B44.d.3C32BA79F644EB5E6842D0235C654F90.e.5900"}]}
COMMAND: DELETE /session/4dda79d38857d1487a3acc9aa2e8b8cf/window - {}
RESULT: {}
COMMAND: POST /session/4dda79d38857d1487a3acc9aa2e8b8cf/window - {"handle":"B3DE6F40683FFAB1CA736CEEF5589B44"}
RESULT: {"handle":"B3DE6F40683FFAB1CA736CEEF5589B44"}
COMMAND: GET /session/4dda79d38857d1487a3acc9aa2e8b8cf/url - {}
COMMAND: POST /session/4dda79d38857d1487a3acc9aa2e8b8cf/element - {"using":"xpath","value":"//span[contains(@id ,\"application-addressmanagement-display-component---detailAdm--addressDetailDetailsName1\")][contains(text(), \"WebdriverSitead4ueg\")]"}
RESULT: {}
COMMAND: GET /session/4dda79d38857d1487a3acc9aa2e8b8cf/screenshot - {}
RESULT: {"using":"xpath","value":"//span[contains(@id ,\"application-addressmanagement-display-component---detailAdm--addressDetailDetailsName1\")][contains(text(), \"WebdriverSitead4ueg\")]"}
COMMAND: POST /session/4dda79d38857d1487a3acc9aa2e8b8cf/element - {"using":"xpath","value":"//span[contains(@id ,\"application-addressmanagement-display-component---detailAdm--addressDetailDetailsName1\")][contains(text(), \"WebdriverSitead4ueg\")]"}
RESULT: {}
RESULT: {"using":"xpath","value":"//span[contains(@id ,\"application-addressmanagement-display-component---detailAdm--addressDetailDetailsName1\")][contains(text(), \"WebdriverSitead4ueg\")]"}
COMMAND: POST /session/4dda79d38857d1487a3acc9aa2e8b8cf/element - {"using":"xpath","value":"//span[contains(@id ,\"application-addressmanagement-display-component---detailAdm--addressDetailDetailsName1\")][contains(text(), \"WebdriverSitead4ueg\")]"}
RESULT: {"using":"xpath","value":"//span[contains(@id ,\"application-addressmanagement-display-component---detailAdm--addressDetailDetailsName1\")][contains(text(), \"WebdriverSitead4ueg\")]"}
COMMAND: POST /session/4dda79d38857d1487a3acc9aa2e8b8cf/element - {"using":"xpath","value":"//span[contains(@id ,\"application-addressmanagement-display-component---detailAdm--addressDetailDetailsName1\")][contains(text(), \"WebdriverSitead4ueg\")]"}
RESULT: {"using":"xpath","value":"//span[contains(@id ,\"application-addressmanagement-display-component---detailAdm--addressDetailDetailsName1\")][contains(text(), \"WebdriverSitead4ueg\")]"}
COMMAND: POST /session/4dda79d38857d1487a3acc9aa2e8b8cf/element - {"using":"xpath","value":"//span[contains(@id ,\"application-addressmanagement-display-component---detailAdm--addressDetailDetailsName1\")][contains(text(), \"WebdriverSitead4ueg\")]"}
RESULT: {"using":"xpath","value":"//span[contains(@id ,\"application-addressmanagement-display-component---detailAdm--addressDetailDetailsName1\")][contains(text(), \"WebdriverSitead4ueg\")]"}
COMMAND: POST /session/4dda79d38857d1487a3acc9aa2e8b8cf/element - {"using":"xpath","value":"//span[contains(@id ,\"application-addressmanagement-display-component---detailAdm--addressDetailDetailsName1\")][contains(text(), \"WebdriverSitead4ueg\")]"}
RESULT: {"using":"xpath","value":"//span[contains(@id ,\"application-addressmanagement-display-component---detailAdm--addressDetailDetailsName1\")][contains(text(), \"WebdriverSitead4ueg\")]"}
COMMAND: POST /session/4dda79d38857d1487a3acc9aa2e8b8cf/element - {"using":"xpath","value":"//span[contains(@id ,\"application-addressmanagement-display-component---detailAdm--addressDetailDetailsName1\")][contains(text(), \"WebdriverSitead4ueg\")]"}
RESULT: {"using":"xpath","value":"//span[contains(@id ,\"application-addressmanagement-display-component---detailAdm--addressDetailDetailsName1\")][contains(text(), \"WebdriverSitead4ueg\")]"}
COMMAND: POST /session/4dda79d38857d1487a3acc9aa2e8b8cf/element - {"using":"xpath","value":"//*[contains(@data-kt ,\"webshopDetailCustomerLink\")]"}
RESULT: {"using":"xpath","value":"//*[contains(@data-kt ,\"webshopDetailCustomerLink\")]"}
COMMAND: POST /session/4dda79d38857d1487a3acc9aa2e8b8cf/execute/sync - {"script":"<script> [8489 bytes]","args":[{"element-6066-11e4-a52e-4f735466cecf":"f.B3DE6F40683FFAB1CA736CEEF5589B44.d.3C32BA79F644EB5E6842D0235C654F90.e.6321","ELEMENT":"f.B3DE6F40683FFAB1CA736CEEF5589B44.d.3C32BA79F644EB5E6842D0235C654F90.e.6321"}]}
RESULT: {"script":"<script> [8489 bytes]","args":[{"element-6066-11e4-a52e-4f735466cecf":"f.B3DE6F40683FFAB1CA736CEEF5589B44.d.3C32BA79F644EB5E6842D0235C654F90.e.6321","ELEMENT":"f.B3DE6F40683FFAB1CA736CEEF5589B44.d.3C32BA79F644EB5E6842D0235C654F90.e.6321"}]}
COMMAND: POST /session/4dda79d38857d1487a3acc9aa2e8b8cf/execute/sync - {"script":"<script> [5351 bytes]","args":[{"element-6066-11e4-a52e-4f735466cecf":"f.B3DE6F40683FFAB1CA736CEEF5589B44.d.3C32BA79F644EB5E6842D0235C654F90.e.6321","ELEMENT":"f.B3DE6F40683FFAB1CA736CEEF5589B44.d.3C32BA79F644EB5E6842D0235C654F90.e.6321"}]}
COMMAND: GET /session/4dda79d38857d1487a3acc9aa2e8b8cf/screenshot - {}
RESULT: {"script":"<script> [5351 bytes]","args":[{"element-6066-11e4-a52e-4f735466cecf":"f.B3DE6F40683FFAB1CA736CEEF5589B44.d.3C32BA79F644EB5E6842D0235C654F90.e.6321","ELEMENT":"f.B3DE6F40683FFAB1CA736CEEF5589B44.d.3C32BA79F644EB5E6842D0235C654F90.e.6321"}]}
COMMAND: POST /session/4dda79d38857d1487a3acc9aa2e8b8cf/element - {"using":"xpath","value":"//*[contains(@data-kt ,\"webshopDetailCustomerLink\")]"}
COMMAND: GET /session/4dda79d38857d1487a3acc9aa2e8b8cf/screenshot - {}
RESULT: {}
RESULT: {"using":"xpath","value":"//*[contains(@data-kt ,\"webshopDetailCustomerLink\")]"}
COMMAND: POST /session/4dda79d38857d1487a3acc9aa2e8b8cf/element/f.B3DE6F40683FFAB1CA736CEEF5589B44.d.3C32BA79F644EB5E6842D0235C654F90.e.6321/click - {}
COMMAND: POST /session/4dda79d38857d1487a3acc9aa2e8b8cf/element - {"using":"xpath","value":"//span[contains(@id ,\"application-addressmanagement-display-component---detailAdm--addressDetailDetailsName1\")][contains(text(), \"WebdriverSitead4ueg\")]"}
RESULT: {}
RESULT: {}
COMMAND: GET /session/4dda79d38857d1487a3acc9aa2e8b8cf/screenshot - {}
RESULT: {"using":"xpath","value":"//span[contains(@id ,\"application-addressmanagement-display-component---detailAdm--addressDetailDetailsName1\")][contains(text(), \"WebdriverSitead4ueg\")]"}
RESULT: {}
COMMAND: POST /session/4dda79d38857d1487a3acc9aa2e8b8cf/element - {"using":"xpath","value":"//span[contains(@id ,\"application-addressmanagement-display-component---detailAdm--addressDetailDetailsName1\")][contains(text(), \"WebdriverSitead4ueg\")]"}
RESULT: {"using":"xpath","value":"//span[contains(@id ,\"application-addressmanagement-display-component---detailAdm--addressDetailDetailsName1\")][contains(text(), \"WebdriverSitead4ueg\")]"}
COMMAND: POST /session/4dda79d38857d1487a3acc9aa2e8b8cf/element - {"using":"xpath","value":"//span[contains(@id ,\"application-addressmanagement-display-component---detailAdm--addressDetailDetailsName1\")][contains(text(), \"WebdriverSitead4ueg\")]"}
RESULT: {"using":"xpath","value":"//span[contains(@id ,\"application-addressmanagement-display-component---detailAdm--addressDetailDetailsName1\")][contains(text(), \"WebdriverSitead4ueg\")]"}
COMMAND: POST /session/4dda79d38857d1487a3acc9aa2e8b8cf/element - {"using":"xpath","value":"//span[contains(@id ,\"application-addressmanagement-display-component---detailAdm--addressDetailDetailsName1\")][contains(text(), \"WebdriverSitead4ueg\")]"}
RESULT: {"using":"xpath","value":"//span[contains(@id ,\"application-addressmanagement-display-component---detailAdm--addressDetailDetailsName1\")][contains(text(), \"WebdriverSitead4ueg\")]"}
COMMAND: POST /session/4dda79d38857d1487a3acc9aa2e8b8cf/element - {"using":"xpath","value":"//*[contains(@data-kt ,\"ContextMenuId2Link\")][contains(text(), \"Partner Overview\")]"}
RESULT: {"using":"xpath","value":"//*[contains(@data-kt ,\"ContextMenuId2Link\")][contains(text(), \"Partner Overview\")]"}
COMMAND: POST /session/4dda79d38857d1487a3acc9aa2e8b8cf/execute/sync - {"script":"<script> [8489 bytes]","args":[{"element-6066-11e4-a52e-4f735466cecf":"f.B3DE6F40683FFAB1CA736CEEF5589B44.d.3C32BA79F644EB5E6842D0235C654F90.e.6323","ELEMENT":"f.B3DE6F40683FFAB1CA736CEEF5589B44.d.3C32BA79F644EB5E6842D0235C654F90.e.6323"}]}
COMMAND: POST /session/4dda79d38857d1487a3acc9aa2e8b8cf/element - {"using":"xpath","value":"//*[contains(@data-kt ,\"ContextMenuId2Link\")][contains(text(), \"Partner Overview\")]"}
RESULT: {"script":"<script> [8489 bytes]","args":[{"element-6066-11e4-a52e-4f735466cecf":"f.B3DE6F40683FFAB1CA736CEEF5589B44.d.3C32BA79F644EB5E6842D0235C654F90.e.6323","ELEMENT":"f.B3DE6F40683FFAB1CA736CEEF5589B44.d.3C32BA79F644EB5E6842D0235C654F90.e.6323"}]}
COMMAND: GET /session/4dda79d38857d1487a3acc9aa2e8b8cf/screenshot - {}
COMMAND: POST /session/4dda79d38857d1487a3acc9aa2e8b8cf/element - {"using":"xpath","value":"//span[contains(@id ,\"application-addressmanagement-display-component---detailAdm--addressDetailDetailsName1\")][contains(text(), \"WebdriverSitead4ueg\")]"}
RESULT: {"using":"xpath","value":"//*[contains(@data-kt ,\"ContextMenuId2Link\")][contains(text(), \"Partner Overview\")]"}
COMMAND: POST /session/4dda79d38857d1487a3acc9aa2e8b8cf/element/f.B3DE6F40683FFAB1CA736CEEF5589B44.d.3C32BA79F644EB5E6842D0235C654F90.e.6323/click - {}
RESULT: {}
RESULT: {"using":"xpath","value":"//span[contains(@id ,\"application-addressmanagement-display-component---detailAdm--addressDetailDetailsName1\")][contains(text(), \"WebdriverSitead4ueg\")]"}
RESULT: {}
COMMAND: GET /session/4dda79d38857d1487a3acc9aa2e8b8cf/screenshot - {}
RESULT: {}
COMMAND: POST /session/4dda79d38857d1487a3acc9aa2e8b8cf/element - {"using":"xpath","value":"//span[contains(@id ,\"application-addressmanagement-display-component---detailAdm--addressDetailDetailsName1\")][contains(text(), \"WebdriverSitead4ueg\")]"}
RESULT: {"using":"xpath","value":"//span[contains(@id ,\"application-addressmanagement-display-component---detailAdm--addressDetailDetailsName1\")][contains(text(), \"WebdriverSitead4ueg\")]"}
COMMAND: POST /session/4dda79d38857d1487a3acc9aa2e8b8cf/element - {"using":"xpath","value":"//span[contains(@id ,\"application-addressmanagement-display-component---detailAdm--addressDetailDetailsName1\")][contains(text(), \"WebdriverSitead4ueg\")]"}
RESULT: undefined
COMMAND: POST /session/4dda79d38857d1487a3acc9aa2e8b8cf/execute/async - {"script":"<script> [6424 bytes]","args":[{"element-6066-11e4-a52e-4f735466cecf":"f.B3DE6F40683FFAB1CA736CEEF5589B44.d.3C32BA79F644EB5E6842D0235C654F90.e.3212"},"getTitle",[]]}
RESULT: {"using":"xpath","value":"//span[contains(@id ,\"application-addressmanagement-display-component---detailAdm--addressDetailDetailsName1\")][contains(text(), \"WebdriverSitead4ueg\")]"}
COMMAND: POST /session/4dda79d38857d1487a3acc9aa2e8b8cf/execute/async - {"script":"<script> [1562 bytes]","args":[{"selector":{"id":"shellAppTitle"},"wdio_ui5_key":"shellAppTitle"}]}
COMMAND: POST /session/4dda79d38857d1487a3acc9aa2e8b8cf/element - {"using":"xpath","value":"//span[contains(@id ,\"application-addressmanagement-display-component---detailAdm--addressDetailDetailsName1\")][contains(text(), \"WebdriverSitead4ueg\")]"}
RESULT: {"script":"<script> [1562 bytes]","args":[{"selector":{"id":"shellAppTitle"},"wdio_ui5_key":"shellAppTitle"}]}
COMMAND: POST /session/4dda79d38857d1487a3acc9aa2e8b8cf/execute/async - {"script":"<script> [6424 bytes]","args":[{"element-6066-11e4-a52e-4f735466cecf":"f.B3DE6F40683FFAB1CA736CEEF5589B44.d.3C32BA79F644EB5E6842D0235C654F90.e.6566"},"getTitle",[]]}
RESULT: {"using":"xpath","value":"//span[contains(@id ,\"application-addressmanagement-display-component---detailAdm--addressDetailDetailsName1\")][contains(text(), \"WebdriverSitead4ueg\")]"}
RESULT: {"script":"<script> [6424 bytes]","args":[{"element-6066-11e4-a52e-4f735466cecf":"f.B3DE6F40683FFAB1CA736CEEF5589B44.d.3C32BA79F644EB5E6842D0235C654F90.e.6566"},"getTitle",[]]}
COMMAND: POST /session/4dda79d38857d1487a3acc9aa2e8b8cf/element - {"using":"xpath","value":"//span[contains(@id ,\"title\")][contains(text(), \"WebdriverPartner29zwr\")]"}
RESULT: {"using":"xpath","value":"//span[contains(@id ,\"title\")][contains(text(), \"WebdriverPartner29zwr\")]"}
COMMAND: POST /session/4dda79d38857d1487a3acc9aa2e8b8cf/execute/sync - {"script":"<script> [8489 bytes]","args":[{"element-6066-11e4-a52e-4f735466cecf":"f.B3DE6F40683FFAB1CA736CEEF5589B44.d.3C32BA79F644EB5E6842D0235C654F90.e.6567","ELEMENT":"f.B3DE6F40683FFAB1CA736CEEF5589B44.d.3C32BA79F644EB5E6842D0235C654F90.e.6567"}]}
RESULT: undefined
COMMAND: POST /session/4dda79d38857d1487a3acc9aa2e8b8cf/element - {"using":"xpath","value":"//*[@id=\"backBtn\"]"}
RESULT: {"script":"<script> [8489 bytes]","args":[{"element-6066-11e4-a52e-4f735466cecf":"f.B3DE6F40683FFAB1CA736CEEF5589B44.d.3C32BA79F644EB5E6842D0235C654F90.e.6567","ELEMENT":"f.B3DE6F40683FFAB1CA736CEEF5589B44.d.3C32BA79F644EB5E6842D0235C654F90.e.6567"}]}
COMMAND: POST /session/4dda79d38857d1487a3acc9aa2e8b8cf/element - {"using":"xpath","value":"//span[contains(@id ,\"application-addressmanagement-display-component---detailAdm--addressDetailDetailsName1\")][contains(text(), \"WebdriverSitead4ueg\")]"}
COMMAND: GET /session/4dda79d38857d1487a3acc9aa2e8b8cf/screenshot - {}
RESULT: {"using":"xpath","value":"//*[@id=\"backBtn\"]"}
COMMAND: POST /session/4dda79d38857d1487a3acc9aa2e8b8cf/element/f.B3DE6F40683FFAB1CA736CEEF5589B44.d.3C32BA79F644EB5E6842D0235C654F90.e.3214/click - {}
RESULT: {"using":"xpath","value":"//span[contains(@id ,\"application-addressmanagement-display-component---detailAdm--addressDetailDetailsName1\")][contains(text(), \"WebdriverSitead4ueg\")]"}
RESULT: {}
RESULT: {}
COMMAND: GET /session/4dda79d38857d1487a3acc9aa2e8b8cf/screenshot - {}
COMMAND: POST /session/4dda79d38857d1487a3acc9aa2e8b8cf/execute/sync - {"script":"<script> [8489 bytes]","args":[{"element-6066-11e4-a52e-4f735466cecf":"f.B3DE6F40683FFAB1CA736CEEF5589B44.d.3C32BA79F644EB5E6842D0235C654F90.e.6567","ELEMENT":"f.B3DE6F40683FFAB1CA736CEEF5589B44.d.3C32BA79F644EB5E6842D0235C654F90.e.6567"}]}
COMMAND: POST /session/4dda79d38857d1487a3acc9aa2e8b8cf/element - {"using":"xpath","value":"//span[contains(@id ,\"application-addressmanagement-display-component---detailAdm--addressDetailDetailsName1\")][contains(text(), \"WebdriverSitead4ueg\")]"}
RESULT: {}
COMMAND: POST /session/4dda79d38857d1487a3acc9aa2e8b8cf/element - {"using":"xpath","value":"//span[contains(@id ,\"title\")][contains(text(), \"WebdriverPartner29zwr\")]"}
RESULT: {"using":"xpath","value":"//span[contains(@id ,\"application-addressmanagement-display-component---detailAdm--addressDetailDetailsName1\")][contains(text(), \"WebdriverSitead4ueg\")]"}
RESULT: {"using":"xpath","value":"//span[contains(@id ,\"title\")][contains(text(), \"WebdriverPartner29zwr\")]"}
COMMAND: POST /session/4dda79d38857d1487a3acc9aa2e8b8cf/element - {"using":"xpath","value":"//span[contains(@id ,\"title\")][contains(text(), \"WebdriverPartner29zwr\")]"}
RESULT: {"using":"xpath","value":"//span[contains(@id ,\"title\")][contains(text(), \"WebdriverPartner29zwr\")]"}
COMMAND: POST /session/4dda79d38857d1487a3acc9aa2e8b8cf/element - {"using":"xpath","value":"//span[contains(@id ,\"application-addressmanagement-display-component---detailAdm--addressDetailDetailsName1\")][contains(text(), \"WebdriverSitead4ueg\")]"}
RESULT: {"using":"xpath","value":"//span[contains(@id ,\"application-addressmanagement-display-component---detailAdm--addressDetailDetailsName1\")][contains(text(), \"WebdriverSitead4ueg\")]"}
COMMAND: POST /session/4dda79d38857d1487a3acc9aa2e8b8cf/element - {"using":"xpath","value":"//span[contains(@id ,\"title\")][contains(text(), \"WebdriverPartner29zwr\")]"}
RESULT: {"using":"xpath","value":"//span[contains(@id ,\"title\")][contains(text(), \"WebdriverPartner29zwr\")]"}
COMMAND: POST /session/4dda79d38857d1487a3acc9aa2e8b8cf/element - {"using":"xpath","value":"//span[contains(@id ,\"application-addressmanagement-display-component---detailAdm--addressDetailDetailsName1\")][contains(text(), \"WebdriverSitead4ueg\")]"}
RESULT: {"using":"xpath","value":"//span[contains(@id ,\"application-addressmanagement-display-component---detailAdm--addressDetailDetailsName1\")][contains(text(), \"WebdriverSitead4ueg\")]"}
COMMAND: POST /session/4dda79d38857d1487a3acc9aa2e8b8cf/element - {"using":"xpath","value":"//span[contains(@id ,\"title\")][contains(text(), \"WebdriverPartner29zwr\")]"}
RESULT: {"using":"xpath","value":"//span[contains(@id ,\"title\")][contains(text(), \"WebdriverPartner29zwr\")]"}
COMMAND: POST /session/4dda79d38857d1487a3acc9aa2e8b8cf/element - {"using":"xpath","value":"//span[contains(@id ,\"application-addressmanagement-display-component---detailAdm--addressDetailDetailsName1\")][contains(text(), \"WebdriverSitead4ueg\")]"}
RESULT: {"using":"xpath","value":"//span[contains(@id ,\"application-addressmanagement-display-component---detailAdm--addressDetailDetailsName1\")][contains(text(), \"WebdriverSitead4ueg\")]"}
COMMAND: POST /session/4dda79d38857d1487a3acc9aa2e8b8cf/element - {"using":"xpath","value":"//span[contains(@id ,\"title\")][contains(text(), \"WebdriverPartner29zwr\")]"}
RESULT: {"using":"xpath","value":"//span[contains(@id ,\"title\")][contains(text(), \"WebdriverPartner29zwr\")]"}
COMMAND: POST /session/4dda79d38857d1487a3acc9aa2e8b8cf/element - {"using":"xpath","value":"//span[contains(@id ,\"application-addressmanagement-display-component---detailAdm--addressDetailDetailsName1\")][contains(text(), \"WebdriverSitead4ueg\")]"}
RESULT: {"using":"xpath","value":"//span[contains(@id ,\"application-addressmanagement-display-component---detailAdm--addressDetailDetailsName1\")][contains(text(), \"WebdriverSitead4ueg\")]"}
COMMAND: POST /session/4dda79d38857d1487a3acc9aa2e8b8cf/element - {"using":"xpath","value":"//span[contains(@id ,\"title\")][contains(text(), \"WebdriverPartner29zwr\")]"}
RESULT: {"using":"xpath","value":"//span[contains(@id ,\"title\")][contains(text(), \"WebdriverPartner29zwr\")]"}
COMMAND: POST /session/4dda79d38857d1487a3acc9aa2e8b8cf/element - {"using":"xpath","value":"//span[contains(@id ,\"application-addressmanagement-display-component---detailAdm--addressDetailDetailsName1\")][contains(text(), \"WebdriverSitead4ueg\")]"}
RESULT: {"using":"xpath","value":"//span[contains(@id ,\"application-addressmanagement-display-component---detailAdm--addressDetailDetailsName1\")][contains(text(), \"WebdriverSitead4ueg\")]"}
COMMAND: POST /session/4dda79d38857d1487a3acc9aa2e8b8cf/element - {"using":"xpath","value":"//span[contains(@id ,\"title\")][contains(text(), \"WebdriverPartner29zwr\")]"}
RESULT: {"using":"xpath","value":"//span[contains(@id ,\"title\")][contains(text(), \"WebdriverPartner29zwr\")]"}
COMMAND: POST /session/4dda79d38857d1487a3acc9aa2e8b8cf/element - {"using":"xpath","value":"//span[contains(@id ,\"application-addressmanagement-display-component---detailAdm--addressDetailDetailsName1\")][contains(text(), \"WebdriverSitead4ueg\")]"}
RESULT: {"using":"xpath","value":"//span[contains(@id ,\"application-addressmanagement-display-component---detailAdm--addressDetailDetailsName1\")][contains(text(), \"WebdriverSitead4ueg\")]"}
COMMAND: POST /session/4dda79d38857d1487a3acc9aa2e8b8cf/element - {"using":"xpath","value":"//span[contains(@id ,\"title\")][contains(text(), \"WebdriverPartner29zwr\")]"}
RESULT: {"using":"xpath","value":"//span[contains(@id ,\"title\")][contains(text(), \"WebdriverPartner29zwr\")]"}
COMMAND: POST /session/4dda79d38857d1487a3acc9aa2e8b8cf/element - {"using":"xpath","value":"//span[contains(@id ,\"application-addressmanagement-display-component---detailAdm--addressDetailDetailsName1\")][contains(text(), \"WebdriverSitead4ueg\")]"}
RESULT: {"using":"xpath","value":"//span[contains(@id ,\"application-addressmanagement-display-component---detailAdm--addressDetailDetailsName1\")][contains(text(), \"WebdriverSitead4ueg\")]"}
COMMAND: POST /session/4dda79d38857d1487a3acc9aa2e8b8cf/element - {"using":"xpath","value":"//span[contains(@id ,\"title\")][contains(text(), \"WebdriverPartner29zwr\")]"}
RESULT: {"using":"xpath","value":"//span[contains(@id ,\"title\")][contains(text(), \"WebdriverPartner29zwr\")]"}
COMMAND: POST /session/4dda79d38857d1487a3acc9aa2e8b8cf/element - {"using":"xpath","value":"//span[contains(@id ,\"application-addressmanagement-display-component---detailAdm--addressDetailDetailsName1\")][contains(text(), \"WebdriverSitead4ueg\")]"}
RESULT: {"using":"xpath","value":"//span[contains(@id ,\"application-addressmanagement-display-component---detailAdm--addressDetailDetailsName1\")][contains(text(), \"WebdriverSitead4ueg\")]"}
COMMAND: POST /session/4dda79d38857d1487a3acc9aa2e8b8cf/element - {"using":"xpath","value":"//span[contains(@id ,\"title\")][contains(text(), \"WebdriverPartner29zwr\")]"}
RESULT: {"using":"xpath","value":"//span[contains(@id ,\"title\")][contains(text(), \"WebdriverPartner29zwr\")]"}
COMMAND: POST /session/4dda79d38857d1487a3acc9aa2e8b8cf/element - {"using":"xpath","value":"//span[contains(@id ,\"application-addressmanagement-display-component---detailAdm--addressDetailDetailsName1\")][contains(text(), \"WebdriverSitead4ueg\")]"}
RESULT: {"using":"xpath","value":"//span[contains(@id ,\"application-addressmanagement-display-component---detailAdm--addressDetailDetailsName1\")][contains(text(), \"WebdriverSitead4ueg\")]"}
COMMAND: POST /session/4dda79d38857d1487a3acc9aa2e8b8cf/element - {"using":"xpath","value":"//span[contains(@id ,\"title\")][contains(text(), \"WebdriverPartner29zwr\")]"}
RESULT: {"using":"xpath","value":"//span[contains(@id ,\"title\")][contains(text(), \"WebdriverPartner29zwr\")]"}
COMMAND: POST /session/4dda79d38857d1487a3acc9aa2e8b8cf/element - {"using":"xpath","value":"//span[contains(@id ,\"application-addressmanagement-display-component---detailAdm--addressDetailDetailsName1\")][contains(text(), \"WebdriverSitead4ueg\")]"}
RESULT: {"using":"xpath","value":"//span[contains(@id ,\"application-addressmanagement-display-component---detailAdm--addressDetailDetailsName1\")][contains(text(), \"WebdriverSitead4ueg\")]"}
COMMAND: POST /session/4dda79d38857d1487a3acc9aa2e8b8cf/element - {"using":"xpath","value":"//span[contains(@id ,\"title\")][contains(text(), \"WebdriverPartner29zwr\")]"}
RESULT: {"using":"xpath","value":"//span[contains(@id ,\"title\")][contains(text(), \"WebdriverPartner29zwr\")]"}
COMMAND: POST /session/4dda79d38857d1487a3acc9aa2e8b8cf/element - {"using":"xpath","value":"//span[contains(@id ,\"application-addressmanagement-display-component---detailAdm--addressDetailDetailsName1\")][contains(text(), \"WebdriverSitead4ueg\")]"}
RESULT: {"using":"xpath","value":"//span[contains(@id ,\"application-addressmanagement-display-component---detailAdm--addressDetailDetailsName1\")][contains(text(), \"WebdriverSitead4ueg\")]"}
COMMAND: POST /session/4dda79d38857d1487a3acc9aa2e8b8cf/element - {"using":"xpath","value":"//span[contains(@id ,\"title\")][contains(text(), \"WebdriverPartner29zwr\")]"}
RESULT: {"using":"xpath","value":"//span[contains(@id ,\"title\")][contains(text(), \"WebdriverPartner29zwr\")]"}
COMMAND: POST /session/4dda79d38857d1487a3acc9aa2e8b8cf/element - {"using":"xpath","value":"//span[contains(@id ,\"application-addressmanagement-display-component---detailAdm--addressDetailDetailsName1\")][contains(text(), \"WebdriverSitead4ueg\")]"}
RESULT: {"using":"xpath","value":"//span[contains(@id ,\"application-addressmanagement-display-component---detailAdm--addressDetailDetailsName1\")][contains(text(), \"WebdriverSitead4ueg\")]"}
COMMAND: POST /session/4dda79d38857d1487a3acc9aa2e8b8cf/element - {"using":"xpath","value":"//span[contains(@id ,\"title\")][contains(text(), \"WebdriverPartner29zwr\")]"}
RESULT: {"using":"xpath","value":"//span[contains(@id ,\"title\")][contains(text(), \"WebdriverPartner29zwr\")]"}
COMMAND: POST /session/4dda79d38857d1487a3acc9aa2e8b8cf/element - {"using":"xpath","value":"//span[contains(@id ,\"application-addressmanagement-display-component---detailAdm--addressDetailDetailsName1\")][contains(text(), \"WebdriverSitead4ueg\")]"}
RESULT: {"using":"xpath","value":"//span[contains(@id ,\"application-addressmanagement-display-component---detailAdm--addressDetailDetailsName1\")][contains(text(), \"WebdriverSitead4ueg\")]"}
COMMAND: POST /session/4dda79d38857d1487a3acc9aa2e8b8cf/element - {"using":"xpath","value":"//span[contains(@id ,\"title\")][contains(text(), \"WebdriverPartner29zwr\")]"}
RESULT: {"using":"xpath","value":"//span[contains(@id ,\"title\")][contains(text(), \"WebdriverPartner29zwr\")]"}
COMMAND: POST /session/4dda79d38857d1487a3acc9aa2e8b8cf/element - {"using":"xpath","value":"//span[contains(@id ,\"application-addressmanagement-display-component---detailAdm--addressDetailDetailsName1\")][contains(text(), \"WebdriverSitead4ueg\")]"}
RESULT: {"using":"xpath","value":"//span[contains(@id ,\"application-addressmanagement-display-component---detailAdm--addressDetailDetailsName1\")][contains(text(), \"WebdriverSitead4ueg\")]"}
COMMAND: POST /session/4dda79d38857d1487a3acc9aa2e8b8cf/element - {"using":"xpath","value":"//span[contains(@id ,\"title\")][contains(text(), \"WebdriverPartner29zwr\")]"}
RESULT: {"using":"xpath","value":"//span[contains(@id ,\"title\")][contains(text(), \"WebdriverPartner29zwr\")]"}
COMMAND: POST /session/4dda79d38857d1487a3acc9aa2e8b8cf/element - {"using":"xpath","value":"//span[contains(@id ,\"application-addressmanagement-display-component---detailAdm--addressDetailDetailsName1\")][contains(text(), \"WebdriverSitead4ueg\")]"}
RESULT: {"using":"xpath","value":"//span[contains(@id ,\"application-addressmanagement-display-component---detailAdm--addressDetailDetailsName1\")][contains(text(), \"WebdriverSitead4ueg\")]"}
COMMAND: POST /session/4dda79d38857d1487a3acc9aa2e8b8cf/execute/sync - {"script":"<script> [8489 bytes]","args":[{"element-6066-11e4-a52e-4f735466cecf":"f.B3DE6F40683FFAB1CA736CEEF5589B44.d.3C32BA79F644EB5E6842D0235C654F90.e.6321","ELEMENT":"f.B3DE6F40683FFAB1CA736CEEF5589B44.d.3C32BA79F644EB5E6842D0235C654F90.e.6321"}]}
COMMAND: POST /session/4dda79d38857d1487a3acc9aa2e8b8cf/element - {"using":"xpath","value":"//*[contains(@data-kt ,\"webshopDetailCustomerLink\")]"}
RESULT: {"using":"xpath","value":"//*[contains(@data-kt ,\"webshopDetailCustomerLink\")]"}
COMMAND: POST /session/4dda79d38857d1487a3acc9aa2e8b8cf/execute/sync - {"script":"<script> [8489 bytes]","args":[{"element-6066-11e4-a52e-4f735466cecf":"f.B3DE6F40683FFAB1CA736CEEF5589B44.d.3C32BA79F644EB5E6842D0235C654F90.e.6733","ELEMENT":"f.B3DE6F40683FFAB1CA736CEEF5589B44.d.3C32BA79F644EB5E6842D0235C654F90.e.6733"}]}
RESULT: {"script":"<script> [8489 bytes]","args":[{"element-6066-11e4-a52e-4f735466cecf":"f.B3DE6F40683FFAB1CA736CEEF5589B44.d.3C32BA79F644EB5E6842D0235C654F90.e.6733","ELEMENT":"f.B3DE6F40683FFAB1CA736CEEF5589B44.d.3C32BA79F644EB5E6842D0235C654F90.e.6733"}]}
COMMAND: POST /session/4dda79d38857d1487a3acc9aa2e8b8cf/execute/sync - {"script":"<script> [5351 bytes]","args":[{"element-6066-11e4-a52e-4f735466cecf":"f.B3DE6F40683FFAB1CA736CEEF5589B44.d.3C32BA79F644EB5E6842D0235C654F90.e.6733","ELEMENT":"f.B3DE6F40683FFAB1CA736CEEF5589B44.d.3C32BA79F644EB5E6842D0235C654F90.e.6733"}]}
COMMAND: GET /session/4dda79d38857d1487a3acc9aa2e8b8cf/screenshot - {}
RESULT: {"script":"<script> [5351 bytes]","args":[{"element-6066-11e4-a52e-4f735466cecf":"f.B3DE6F40683FFAB1CA736CEEF5589B44.d.3C32BA79F644EB5E6842D0235C654F90.e.6733","ELEMENT":"f.B3DE6F40683FFAB1CA736CEEF5589B44.d.3C32BA79F644EB5E6842D0235C654F90.e.6733"}]}
COMMAND: POST /session/4dda79d38857d1487a3acc9aa2e8b8cf/element - {"using":"xpath","value":"//*[contains(@data-kt ,\"webshopDetailCustomerLink\")]"}
COMMAND: GET /session/4dda79d38857d1487a3acc9aa2e8b8cf/screenshot - {}
COMMAND: POST /session/4dda79d38857d1487a3acc9aa2e8b8cf/element - {"using":"xpath","value":"//span[contains(@id ,\"title\")][contains(text(), \"WebdriverPartner29zwr\")]"}
COMMAND: POST /session/4dda79d38857d1487a3acc9aa2e8b8cf/element - {"using":"xpath","value":"//span[contains(@id ,\"application-addressmanagement-display-component---detailAdm--addressDetailDetailsName1\")][contains(text(), \"WebdriverSitead4ueg\")]"}
RESULT: {}
RESULT: {"using":"xpath","value":"//*[contains(@data-kt ,\"webshopDetailCustomerLink\")]"}
COMMAND: POST /session/4dda79d38857d1487a3acc9aa2e8b8cf/element/f.B3DE6F40683FFAB1CA736CEEF5589B44.d.3C32BA79F644EB5E6842D0235C654F90.e.6733/click - {}
RESULT: {}
RESULT: {"using":"xpath","value":"//span[contains(@id ,\"title\")][contains(text(), \"WebdriverPartner29zwr\")]"}
RESULT: {"using":"xpath","value":"//span[contains(@id ,\"application-addressmanagement-display-component---detailAdm--addressDetailDetailsName1\")][contains(text(), \"WebdriverSitead4ueg\")]"}
COMMAND: POST /session/4dda79d38857d1487a3acc9aa2e8b8cf/element - {"using":"xpath","value":"//span[contains(@id ,\"title\")][contains(text(), \"WebdriverPartner29zwr\")]"}
COMMAND: POST /session/4dda79d38857d1487a3acc9aa2e8b8cf/element - {"using":"xpath","value":"//span[contains(@id ,\"application-addressmanagement-display-component---detailAdm--addressDetailDetailsName1\")][contains(text(), \"WebdriverSitead4ueg\")]"}
RESULT: {}
RESULT: {"using":"xpath","value":"//span[contains(@id ,\"title\")][contains(text(), \"WebdriverPartner29zwr\")]"}
COMMAND: POST /session/4dda79d38857d1487a3acc9aa2e8b8cf/execute/sync - {"script":"<script> [8489 bytes]","args":[{"element-6066-11e4-a52e-4f735466cecf":"f.B3DE6F40683FFAB1CA736CEEF5589B44.d.3C32BA79F644EB5E6842D0235C654F90.e.6736","ELEMENT":"f.B3DE6F40683FFAB1CA736CEEF5589B44.d.3C32BA79F644EB5E6842D0235C654F90.e.6736"}]}
RESULT: {"using":"xpath","value":"//span[contains(@id ,\"application-addressmanagement-display-component---detailAdm--addressDetailDetailsName1\")][contains(text(), \"WebdriverSitead4ueg\")]"}
RESULT: {"script":"<script> [8489 bytes]","args":[{"element-6066-11e4-a52e-4f735466cecf":"f.B3DE6F40683FFAB1CA736CEEF5589B44.d.3C32BA79F644EB5E6842D0235C654F90.e.6736","ELEMENT":"f.B3DE6F40683FFAB1CA736CEEF5589B44.d.3C32BA79F644EB5E6842D0235C654F90.e.6736"}]}
COMMAND: POST /session/4dda79d38857d1487a3acc9aa2e8b8cf/element - {"using":"xpath","value":"//button[contains(@data-kt ,\"ContextMenuExternalId2Link\")]"}
COMMAND: GET /session/4dda79d38857d1487a3acc9aa2e8b8cf/screenshot - {}
COMMAND: GET /session/4dda79d38857d1487a3acc9aa2e8b8cf/screenshot - {}
RESULT: {"using":"xpath","value":"//button[contains(@data-kt ,\"ContextMenuExternalId2Link\")]"}
COMMAND: POST /session/4dda79d38857d1487a3acc9aa2e8b8cf/element/f.B3DE6F40683FFAB1CA736CEEF5589B44.d.3C32BA79F644EB5E6842D0235C654F90.e.6735/click - {}
RESULT: {}
RESULT: {}
COMMAND: POST /session/4dda79d38857d1487a3acc9aa2e8b8cf/element - {"using":"xpath","value":"//span[contains(@id ,\"application-addressmanagement-display-component---detailAdm--addressDetailDetailsName1\")][contains(text(), \"WebdriverSitead4ueg\")]"}
RESULT: {}
COMMAND: GET /session/4dda79d38857d1487a3acc9aa2e8b8cf/screenshot - {}
RESULT: {"using":"xpath","value":"//span[contains(@id ,\"application-addressmanagement-display-component---detailAdm--addressDetailDetailsName1\")][contains(text(), \"WebdriverSitead4ueg\")]"}
RESULT: {}
COMMAND: POST /session/4dda79d38857d1487a3acc9aa2e8b8cf/element - {"using":"xpath","value":"//span[contains(@id ,\"application-addressmanagement-display-component---detailAdm--addressDetailDetailsName1\")][contains(text(), \"WebdriverSitead4ueg\")]"}
RESULT: {"using":"xpath","value":"//span[contains(@id ,\"application-addressmanagement-display-component---detailAdm--addressDetailDetailsName1\")][contains(text(), \"WebdriverSitead4ueg\")]"}
COMMAND: POST /session/4dda79d38857d1487a3acc9aa2e8b8cf/element - {"using":"xpath","value":"//span[contains(@id ,\"application-addressmanagement-display-component---detailAdm--addressDetailDetailsName1\")][contains(text(), \"WebdriverSitead4ueg\")]"}
RESULT: {"using":"xpath","value":"//span[contains(@id ,\"application-addressmanagement-display-component---detailAdm--addressDetailDetailsName1\")][contains(text(), \"WebdriverSitead4ueg\")]"}
COMMAND: POST /session/4dda79d38857d1487a3acc9aa2e8b8cf/element - {"using":"xpath","value":"//span[contains(@id ,\"application-addressmanagement-display-component---detailAdm--addressDetailDetailsName1\")][contains(text(), \"WebdriverSitead4ueg\")]"}
RESULT: {"using":"xpath","value":"//span[contains(@id ,\"application-addressmanagement-display-component---detailAdm--addressDetailDetailsName1\")][contains(text(), \"WebdriverSitead4ueg\")]"}
COMMAND: POST /session/4dda79d38857d1487a3acc9aa2e8b8cf/element - {"using":"xpath","value":"//span[contains(@id ,\"application-addressmanagement-display-component---detailAdm--addressDetailDetailsName1\")][contains(text(), \"WebdriverSitead4ueg\")]"}
RESULT: {"using":"xpath","value":"//span[contains(@id ,\"application-addressmanagement-display-component---detailAdm--addressDetailDetailsName1\")][contains(text(), \"WebdriverSitead4ueg\")]"}
COMMAND: GET /session/4dda79d38857d1487a3acc9aa2e8b8cf/window/handles - {}
RESULT: {}
COMMAND: POST /session/4dda79d38857d1487a3acc9aa2e8b8cf/window - {"handle":"27541D7D48647444F3909CA46A427B9E"}
RESULT: {"handle":"27541D7D48647444F3909CA46A427B9E"}
COMMAND: GET /session/4dda79d38857d1487a3acc9aa2e8b8cf/url - {}
RESULT: {}
COMMAND: GET /session/4dda79d38857d1487a3acc9aa2e8b8cf/screenshot - {}
RESULT: {}
COMMAND: POST /session/4dda79d38857d1487a3acc9aa2e8b8cf/execute/sync - {"script":"<script> [8489 bytes]","args":[{"element-6066-11e4-a52e-4f735466cecf":"f.B3DE6F40683FFAB1CA736CEEF5589B44.d.3C32BA79F644EB5E6842D0235C654F90.e.6736","ELEMENT":"f.B3DE6F40683FFAB1CA736CEEF5589B44.d.3C32BA79F644EB5E6842D0235C654F90.e.6736"}]}
COMMAND: DELETE /session/4dda79d38857d1487a3acc9aa2e8b8cf/window - {}
RESULT: {}
COMMAND: POST /session/4dda79d38857d1487a3acc9aa2e8b8cf/window - {"handle":"B3DE6F40683FFAB1CA736CEEF5589B44"}
RESULT: {"handle":"B3DE6F40683FFAB1CA736CEEF5589B44"}
COMMAND: GET /session/4dda79d38857d1487a3acc9aa2e8b8cf/url - {}
RESULT: {"script":"<script> [8489 bytes]","args":[{"element-6066-11e4-a52e-4f735466cecf":"f.B3DE6F40683FFAB1CA736CEEF5589B44.d.3C32BA79F644EB5E6842D0235C654F90.e.6736","ELEMENT":"f.B3DE6F40683FFAB1CA736CEEF5589B44.d.3C32BA79F644EB5E6842D0235C654F90.e.6736"}]}
COMMAND: GET /session/4dda79d38857d1487a3acc9aa2e8b8cf/screenshot - {}
RESULT: {}
COMMAND: GET /session/4dda79d38857d1487a3acc9aa2e8b8cf/screenshot - {}
RESULT: {}
RESULT: {}
]]></system-out>
    </testcase>
    <testcase classname="chrome.136_0_7103_93.windows.Webshop_-_Hyperlinks_visible_and_working_properly__US139085" name="Should verify the contract and catalog item hyperlinks" time="101.319">
      <system-out><![CDATA[
COMMAND: POST /session/4dda79d38857d1487a3acc9aa2e8b8cf/element - {"using":"xpath","value":"//*[contains(@data-kt ,\"webshopDetailContractLink\")]"}
RESULT: {"using":"xpath","value":"//*[contains(@data-kt ,\"webshopDetailContractLink\")]"}
COMMAND: POST /session/4dda79d38857d1487a3acc9aa2e8b8cf/execute/sync - {"script":"<script> [8489 bytes]","args":[{"element-6066-11e4-a52e-4f735466cecf":"f.B3DE6F40683FFAB1CA736CEEF5589B44.d.3C32BA79F644EB5E6842D0235C654F90.e.6979","ELEMENT":"f.B3DE6F40683FFAB1CA736CEEF5589B44.d.3C32BA79F644EB5E6842D0235C654F90.e.6979"}]}
RESULT: {"script":"<script> [8489 bytes]","args":[{"element-6066-11e4-a52e-4f735466cecf":"f.B3DE6F40683FFAB1CA736CEEF5589B44.d.3C32BA79F644EB5E6842D0235C654F90.e.6979","ELEMENT":"f.B3DE6F40683FFAB1CA736CEEF5589B44.d.3C32BA79F644EB5E6842D0235C654F90.e.6979"}]}
COMMAND: POST /session/4dda79d38857d1487a3acc9aa2e8b8cf/execute/sync - {"script":"<script> [5351 bytes]","args":[{"element-6066-11e4-a52e-4f735466cecf":"f.B3DE6F40683FFAB1CA736CEEF5589B44.d.3C32BA79F644EB5E6842D0235C654F90.e.6979","ELEMENT":"f.B3DE6F40683FFAB1CA736CEEF5589B44.d.3C32BA79F644EB5E6842D0235C654F90.e.6979"}]}
COMMAND: GET /session/4dda79d38857d1487a3acc9aa2e8b8cf/screenshot - {}
RESULT: {"script":"<script> [5351 bytes]","args":[{"element-6066-11e4-a52e-4f735466cecf":"f.B3DE6F40683FFAB1CA736CEEF5589B44.d.3C32BA79F644EB5E6842D0235C654F90.e.6979","ELEMENT":"f.B3DE6F40683FFAB1CA736CEEF5589B44.d.3C32BA79F644EB5E6842D0235C654F90.e.6979"}]}
COMMAND: POST /session/4dda79d38857d1487a3acc9aa2e8b8cf/element - {"using":"xpath","value":"//*[contains(@data-kt ,\"webshopDetailContractLink\")]"}
COMMAND: GET /session/4dda79d38857d1487a3acc9aa2e8b8cf/screenshot - {}
RESULT: {}
RESULT: {"using":"xpath","value":"//*[contains(@data-kt ,\"webshopDetailContractLink\")]"}
COMMAND: POST /session/4dda79d38857d1487a3acc9aa2e8b8cf/element/f.B3DE6F40683FFAB1CA736CEEF5589B44.d.3C32BA79F644EB5E6842D0235C654F90.e.6979/click - {}
RESULT: {}
RESULT: {}
COMMAND: GET /session/4dda79d38857d1487a3acc9aa2e8b8cf/screenshot - {}
RESULT: {}
COMMAND: POST /session/4dda79d38857d1487a3acc9aa2e8b8cf/element - {"using":"xpath","value":"//*[contains(@data-kt ,\"ContextMenuId2Link\")][contains(text(), \"Contract Overview\")]"}
RESULT: {"using":"xpath","value":"//*[contains(@data-kt ,\"ContextMenuId2Link\")][contains(text(), \"Contract Overview\")]"}
COMMAND: POST /session/4dda79d38857d1487a3acc9aa2e8b8cf/execute/sync - {"script":"<script> [8489 bytes]","args":[{"element-6066-11e4-a52e-4f735466cecf":"f.B3DE6F40683FFAB1CA736CEEF5589B44.d.3C32BA79F644EB5E6842D0235C654F90.e.6981","ELEMENT":"f.B3DE6F40683FFAB1CA736CEEF5589B44.d.3C32BA79F644EB5E6842D0235C654F90.e.6981"}]}
COMMAND: POST /session/4dda79d38857d1487a3acc9aa2e8b8cf/element - {"using":"xpath","value":"//*[contains(@data-kt ,\"ContextMenuId2Link\")][contains(text(), \"Contract Overview\")]"}
RESULT: {"using":"xpath","value":"//*[contains(@data-kt ,\"ContextMenuId2Link\")][contains(text(), \"Contract Overview\")]"}
COMMAND: POST /session/4dda79d38857d1487a3acc9aa2e8b8cf/element/f.B3DE6F40683FFAB1CA736CEEF5589B44.d.3C32BA79F644EB5E6842D0235C654F90.e.6981/click - {}
RESULT: {"script":"<script> [8489 bytes]","args":[{"element-6066-11e4-a52e-4f735466cecf":"f.B3DE6F40683FFAB1CA736CEEF5589B44.d.3C32BA79F644EB5E6842D0235C654F90.e.6981","ELEMENT":"f.B3DE6F40683FFAB1CA736CEEF5589B44.d.3C32BA79F644EB5E6842D0235C654F90.e.6981"}]}
COMMAND: GET /session/4dda79d38857d1487a3acc9aa2e8b8cf/screenshot - {}
RESULT: {}
COMMAND: GET /session/4dda79d38857d1487a3acc9aa2e8b8cf/screenshot - {}
RESULT: {}
RESULT: {}
RESULT: undefined
COMMAND: POST /session/4dda79d38857d1487a3acc9aa2e8b8cf/execute/async - {"script":"<script> [6424 bytes]","args":[{"element-6066-11e4-a52e-4f735466cecf":"f.B3DE6F40683FFAB1CA736CEEF5589B44.d.3C32BA79F644EB5E6842D0235C654F90.e.3212"},"getTitle",[]]}
COMMAND: POST /session/4dda79d38857d1487a3acc9aa2e8b8cf/execute/async - {"script":"<script> [1562 bytes]","args":[{"selector":{"id":"shellAppTitle"},"wdio_ui5_key":"shellAppTitle"}]}
RESULT: {"script":"<script> [1562 bytes]","args":[{"selector":{"id":"shellAppTitle"},"wdio_ui5_key":"shellAppTitle"}]}
COMMAND: POST /session/4dda79d38857d1487a3acc9aa2e8b8cf/execute/async - {"script":"<script> [6424 bytes]","args":[{"element-6066-11e4-a52e-4f735466cecf":"f.B3DE6F40683FFAB1CA736CEEF5589B44.d.3C32BA79F644EB5E6842D0235C654F90.e.7224"},"getTitle",[]]}
RESULT: {"script":"<script> [6424 bytes]","args":[{"element-6066-11e4-a52e-4f735466cecf":"f.B3DE6F40683FFAB1CA736CEEF5589B44.d.3C32BA79F644EB5E6842D0235C654F90.e.7224"},"getTitle",[]]}
COMMAND: POST /session/4dda79d38857d1487a3acc9aa2e8b8cf/element - {"using":"xpath","value":"//span[contains(@id ,\"contractDetailTitleNoExpanded\")][contains(text(), \"10427\")]"}
RESULT: {"using":"xpath","value":"//span[contains(@id ,\"contractDetailTitleNoExpanded\")][contains(text(), \"10427\")]"}
COMMAND: POST /session/4dda79d38857d1487a3acc9aa2e8b8cf/execute/sync - {"script":"<script> [8489 bytes]","args":[{"element-6066-11e4-a52e-4f735466cecf":"f.B3DE6F40683FFAB1CA736CEEF5589B44.d.3C32BA79F644EB5E6842D0235C654F90.e.7225","ELEMENT":"f.B3DE6F40683FFAB1CA736CEEF5589B44.d.3C32BA79F644EB5E6842D0235C654F90.e.7225"}]}
RESULT: undefined
COMMAND: POST /session/4dda79d38857d1487a3acc9aa2e8b8cf/element - {"using":"xpath","value":"//*[@id=\"backBtn\"]"}
RESULT: {"using":"xpath","value":"//*[@id=\"backBtn\"]"}
COMMAND: POST /session/4dda79d38857d1487a3acc9aa2e8b8cf/element/f.B3DE6F40683FFAB1CA736CEEF5589B44.d.3C32BA79F644EB5E6842D0235C654F90.e.3214/click - {}
RESULT: {"script":"<script> [8489 bytes]","args":[{"element-6066-11e4-a52e-4f735466cecf":"f.B3DE6F40683FFAB1CA736CEEF5589B44.d.3C32BA79F644EB5E6842D0235C654F90.e.7225","ELEMENT":"f.B3DE6F40683FFAB1CA736CEEF5589B44.d.3C32BA79F644EB5E6842D0235C654F90.e.7225"}]}
COMMAND: GET /session/4dda79d38857d1487a3acc9aa2e8b8cf/screenshot - {}
RESULT: {}
COMMAND: GET /session/4dda79d38857d1487a3acc9aa2e8b8cf/screenshot - {}
RESULT: {}
RESULT: {}
COMMAND: POST /session/4dda79d38857d1487a3acc9aa2e8b8cf/execute/sync - {"script":"<script> [8489 bytes]","args":[{"element-6066-11e4-a52e-4f735466cecf":"f.B3DE6F40683FFAB1CA736CEEF5589B44.d.3C32BA79F644EB5E6842D0235C654F90.e.6979","ELEMENT":"f.B3DE6F40683FFAB1CA736CEEF5589B44.d.3C32BA79F644EB5E6842D0235C654F90.e.6979"}]}
COMMAND: POST /session/4dda79d38857d1487a3acc9aa2e8b8cf/element - {"using":"xpath","value":"//*[contains(@data-kt ,\"webshopDetailContractLink\")]"}
RESULT: {"using":"xpath","value":"//*[contains(@data-kt ,\"webshopDetailContractLink\")]"}
COMMAND: POST /session/4dda79d38857d1487a3acc9aa2e8b8cf/execute/sync - {"script":"<script> [8489 bytes]","args":[{"element-6066-11e4-a52e-4f735466cecf":"f.B3DE6F40683FFAB1CA736CEEF5589B44.d.3C32BA79F644EB5E6842D0235C654F90.e.7390","ELEMENT":"f.B3DE6F40683FFAB1CA736CEEF5589B44.d.3C32BA79F644EB5E6842D0235C654F90.e.7390"}]}
RESULT: {"script":"<script> [8489 bytes]","args":[{"element-6066-11e4-a52e-4f735466cecf":"f.B3DE6F40683FFAB1CA736CEEF5589B44.d.3C32BA79F644EB5E6842D0235C654F90.e.7390","ELEMENT":"f.B3DE6F40683FFAB1CA736CEEF5589B44.d.3C32BA79F644EB5E6842D0235C654F90.e.7390"}]}
COMMAND: POST /session/4dda79d38857d1487a3acc9aa2e8b8cf/execute/sync - {"script":"<script> [5351 bytes]","args":[{"element-6066-11e4-a52e-4f735466cecf":"f.B3DE6F40683FFAB1CA736CEEF5589B44.d.3C32BA79F644EB5E6842D0235C654F90.e.7390","ELEMENT":"f.B3DE6F40683FFAB1CA736CEEF5589B44.d.3C32BA79F644EB5E6842D0235C654F90.e.7390"}]}
COMMAND: GET /session/4dda79d38857d1487a3acc9aa2e8b8cf/screenshot - {}
RESULT: {"script":"<script> [5351 bytes]","args":[{"element-6066-11e4-a52e-4f735466cecf":"f.B3DE6F40683FFAB1CA736CEEF5589B44.d.3C32BA79F644EB5E6842D0235C654F90.e.7390","ELEMENT":"f.B3DE6F40683FFAB1CA736CEEF5589B44.d.3C32BA79F644EB5E6842D0235C654F90.e.7390"}]}
COMMAND: POST /session/4dda79d38857d1487a3acc9aa2e8b8cf/element - {"using":"xpath","value":"//*[contains(@data-kt ,\"webshopDetailContractLink\")]"}
COMMAND: GET /session/4dda79d38857d1487a3acc9aa2e8b8cf/screenshot - {}
RESULT: {}
RESULT: {"using":"xpath","value":"//*[contains(@data-kt ,\"webshopDetailContractLink\")]"}
COMMAND: POST /session/4dda79d38857d1487a3acc9aa2e8b8cf/element/f.B3DE6F40683FFAB1CA736CEEF5589B44.d.3C32BA79F644EB5E6842D0235C654F90.e.7390/click - {}
RESULT: {}
RESULT: {}
COMMAND: GET /session/4dda79d38857d1487a3acc9aa2e8b8cf/screenshot - {}
RESULT: {}
COMMAND: POST /session/4dda79d38857d1487a3acc9aa2e8b8cf/element - {"using":"xpath","value":"//button[contains(@data-kt ,\"ContextMenuExternalId2Link\")]"}
RESULT: {"using":"xpath","value":"//button[contains(@data-kt ,\"ContextMenuExternalId2Link\")]"}
COMMAND: POST /session/4dda79d38857d1487a3acc9aa2e8b8cf/element/f.B3DE6F40683FFAB1CA736CEEF5589B44.d.3C32BA79F644EB5E6842D0235C654F90.e.7392/click - {}
RESULT: {}
COMMAND: GET /session/4dda79d38857d1487a3acc9aa2e8b8cf/screenshot - {}
RESULT: {}
COMMAND: GET /session/4dda79d38857d1487a3acc9aa2e8b8cf/window/handles - {}
RESULT: {}
COMMAND: POST /session/4dda79d38857d1487a3acc9aa2e8b8cf/window - {"handle":"77AAA6FEBDAAD41E6C258FE0112D8B9B"}
RESULT: {"handle":"77AAA6FEBDAAD41E6C258FE0112D8B9B"}
COMMAND: GET /session/4dda79d38857d1487a3acc9aa2e8b8cf/url - {}
RESULT: {}
COMMAND: GET /session/4dda79d38857d1487a3acc9aa2e8b8cf/screenshot - {}
RESULT: {}
COMMAND: POST /session/4dda79d38857d1487a3acc9aa2e8b8cf/execute/sync - {"script":"<script> [8489 bytes]","args":[{"element-6066-11e4-a52e-4f735466cecf":"f.B3DE6F40683FFAB1CA736CEEF5589B44.d.3C32BA79F644EB5E6842D0235C654F90.e.7225","ELEMENT":"f.B3DE6F40683FFAB1CA736CEEF5589B44.d.3C32BA79F644EB5E6842D0235C654F90.e.7225"}]}
COMMAND: DELETE /session/4dda79d38857d1487a3acc9aa2e8b8cf/window - {}
RESULT: {}
COMMAND: POST /session/4dda79d38857d1487a3acc9aa2e8b8cf/window - {"handle":"B3DE6F40683FFAB1CA736CEEF5589B44"}
RESULT: {"handle":"B3DE6F40683FFAB1CA736CEEF5589B44"}
COMMAND: GET /session/4dda79d38857d1487a3acc9aa2e8b8cf/url - {}
COMMAND: POST /session/4dda79d38857d1487a3acc9aa2e8b8cf/element - {"using":"xpath","value":"//span[contains(@id ,\"contractDetailTitleNoExpanded\")][contains(text(), \"10427\")]"}
RESULT: {}
COMMAND: GET /session/4dda79d38857d1487a3acc9aa2e8b8cf/screenshot - {}
RESULT: {"using":"xpath","value":"//span[contains(@id ,\"contractDetailTitleNoExpanded\")][contains(text(), \"10427\")]"}
COMMAND: POST /session/4dda79d38857d1487a3acc9aa2e8b8cf/element - {"using":"xpath","value":"//span[contains(@id ,\"contractDetailTitleNoExpanded\")][contains(text(), \"10427\")]"}
RESULT: {}
RESULT: {"using":"xpath","value":"//span[contains(@id ,\"contractDetailTitleNoExpanded\")][contains(text(), \"10427\")]"}
COMMAND: POST /session/4dda79d38857d1487a3acc9aa2e8b8cf/element - {"using":"xpath","value":"//span[contains(@id ,\"contractDetailTitleNoExpanded\")][contains(text(), \"10427\")]"}
RESULT: {"using":"xpath","value":"//span[contains(@id ,\"contractDetailTitleNoExpanded\")][contains(text(), \"10427\")]"}
COMMAND: POST /session/4dda79d38857d1487a3acc9aa2e8b8cf/element - {"using":"xpath","value":"//span[contains(@id ,\"contractDetailTitleNoExpanded\")][contains(text(), \"10427\")]"}
RESULT: {"using":"xpath","value":"//span[contains(@id ,\"contractDetailTitleNoExpanded\")][contains(text(), \"10427\")]"}
COMMAND: POST /session/4dda79d38857d1487a3acc9aa2e8b8cf/element - {"using":"xpath","value":"//span[contains(@id ,\"contractDetailTitleNoExpanded\")][contains(text(), \"10427\")]"}
RESULT: {"using":"xpath","value":"//span[contains(@id ,\"contractDetailTitleNoExpanded\")][contains(text(), \"10427\")]"}
COMMAND: POST /session/4dda79d38857d1487a3acc9aa2e8b8cf/element - {"using":"xpath","value":"//span[contains(@id ,\"contractDetailTitleNoExpanded\")][contains(text(), \"10427\")]"}
RESULT: {"using":"xpath","value":"//span[contains(@id ,\"contractDetailTitleNoExpanded\")][contains(text(), \"10427\")]"}
COMMAND: POST /session/4dda79d38857d1487a3acc9aa2e8b8cf/element - {"using":"xpath","value":"//span[contains(@id ,\"contractDetailTitleNoExpanded\")][contains(text(), \"10427\")]"}
RESULT: {"using":"xpath","value":"//span[contains(@id ,\"contractDetailTitleNoExpanded\")][contains(text(), \"10427\")]"}
COMMAND: POST /session/4dda79d38857d1487a3acc9aa2e8b8cf/element - {"using":"xpath","value":"//span[contains(@id ,\"contractDetailTitleNoExpanded\")][contains(text(), \"10427\")]"}
RESULT: {"using":"xpath","value":"//span[contains(@id ,\"contractDetailTitleNoExpanded\")][contains(text(), \"10427\")]"}
COMMAND: POST /session/4dda79d38857d1487a3acc9aa2e8b8cf/element - {"using":"xpath","value":"//span[contains(@id ,\"contractDetailTitleNoExpanded\")][contains(text(), \"10427\")]"}
RESULT: {"using":"xpath","value":"//span[contains(@id ,\"contractDetailTitleNoExpanded\")][contains(text(), \"10427\")]"}
COMMAND: POST /session/4dda79d38857d1487a3acc9aa2e8b8cf/element - {"using":"xpath","value":"//span[contains(@id ,\"contractDetailTitleNoExpanded\")][contains(text(), \"10427\")]"}
RESULT: {"using":"xpath","value":"//span[contains(@id ,\"contractDetailTitleNoExpanded\")][contains(text(), \"10427\")]"}
COMMAND: POST /session/4dda79d38857d1487a3acc9aa2e8b8cf/element - {"using":"xpath","value":"//*[contains(@data-kt ,\"webshopDetailCatalogItemLink\")]"}
RESULT: {"using":"xpath","value":"//*[contains(@data-kt ,\"webshopDetailCatalogItemLink\")]"}
COMMAND: POST /session/4dda79d38857d1487a3acc9aa2e8b8cf/execute/sync - {"script":"<script> [8489 bytes]","args":[{"element-6066-11e4-a52e-4f735466cecf":"f.B3DE6F40683FFAB1CA736CEEF5589B44.d.3C32BA79F644EB5E6842D0235C654F90.e.7513","ELEMENT":"f.B3DE6F40683FFAB1CA736CEEF5589B44.d.3C32BA79F644EB5E6842D0235C654F90.e.7513"}]}
RESULT: {"script":"<script> [8489 bytes]","args":[{"element-6066-11e4-a52e-4f735466cecf":"f.B3DE6F40683FFAB1CA736CEEF5589B44.d.3C32BA79F644EB5E6842D0235C654F90.e.7513","ELEMENT":"f.B3DE6F40683FFAB1CA736CEEF5589B44.d.3C32BA79F644EB5E6842D0235C654F90.e.7513"}]}
COMMAND: POST /session/4dda79d38857d1487a3acc9aa2e8b8cf/execute/sync - {"script":"<script> [5351 bytes]","args":[{"element-6066-11e4-a52e-4f735466cecf":"f.B3DE6F40683FFAB1CA736CEEF5589B44.d.3C32BA79F644EB5E6842D0235C654F90.e.7513","ELEMENT":"f.B3DE6F40683FFAB1CA736CEEF5589B44.d.3C32BA79F644EB5E6842D0235C654F90.e.7513"}]}
COMMAND: GET /session/4dda79d38857d1487a3acc9aa2e8b8cf/screenshot - {}
RESULT: {"script":"<script> [5351 bytes]","args":[{"element-6066-11e4-a52e-4f735466cecf":"f.B3DE6F40683FFAB1CA736CEEF5589B44.d.3C32BA79F644EB5E6842D0235C654F90.e.7513","ELEMENT":"f.B3DE6F40683FFAB1CA736CEEF5589B44.d.3C32BA79F644EB5E6842D0235C654F90.e.7513"}]}
COMMAND: POST /session/4dda79d38857d1487a3acc9aa2e8b8cf/element - {"using":"xpath","value":"//*[contains(@data-kt ,\"webshopDetailCatalogItemLink\")]"}
COMMAND: GET /session/4dda79d38857d1487a3acc9aa2e8b8cf/screenshot - {}
COMMAND: POST /session/4dda79d38857d1487a3acc9aa2e8b8cf/element - {"using":"xpath","value":"//span[contains(@id ,\"contractDetailTitleNoExpanded\")][contains(text(), \"10427\")]"}
RESULT: {}
RESULT: {"using":"xpath","value":"//*[contains(@data-kt ,\"webshopDetailCatalogItemLink\")]"}
COMMAND: POST /session/4dda79d38857d1487a3acc9aa2e8b8cf/element/f.B3DE6F40683FFAB1CA736CEEF5589B44.d.3C32BA79F644EB5E6842D0235C654F90.e.7513/click - {}
RESULT: {}
RESULT: {"using":"xpath","value":"//span[contains(@id ,\"contractDetailTitleNoExpanded\")][contains(text(), \"10427\")]"}
RESULT: {}
COMMAND: GET /session/4dda79d38857d1487a3acc9aa2e8b8cf/screenshot - {}
COMMAND: POST /session/4dda79d38857d1487a3acc9aa2e8b8cf/element - {"using":"xpath","value":"//span[contains(@id ,\"contractDetailTitleNoExpanded\")][contains(text(), \"10427\")]"}
RESULT: {}
RESULT: {"using":"xpath","value":"//span[contains(@id ,\"contractDetailTitleNoExpanded\")][contains(text(), \"10427\")]"}
COMMAND: POST /session/4dda79d38857d1487a3acc9aa2e8b8cf/element - {"using":"xpath","value":"//span[contains(@id ,\"contractDetailTitleNoExpanded\")][contains(text(), \"10427\")]"}
RESULT: {"using":"xpath","value":"//span[contains(@id ,\"contractDetailTitleNoExpanded\")][contains(text(), \"10427\")]"}
COMMAND: POST /session/4dda79d38857d1487a3acc9aa2e8b8cf/element - {"using":"xpath","value":"//span[contains(@id ,\"contractDetailTitleNoExpanded\")][contains(text(), \"10427\")]"}
RESULT: {"using":"xpath","value":"//span[contains(@id ,\"contractDetailTitleNoExpanded\")][contains(text(), \"10427\")]"}
COMMAND: POST /session/4dda79d38857d1487a3acc9aa2e8b8cf/element - {"using":"xpath","value":"//span[contains(@id ,\"contractDetailTitleNoExpanded\")][contains(text(), \"10427\")]"}
RESULT: {"using":"xpath","value":"//span[contains(@id ,\"contractDetailTitleNoExpanded\")][contains(text(), \"10427\")]"}
COMMAND: POST /session/4dda79d38857d1487a3acc9aa2e8b8cf/element - {"using":"xpath","value":"//span[contains(@id ,\"contractDetailTitleNoExpanded\")][contains(text(), \"10427\")]"}
RESULT: {"using":"xpath","value":"//span[contains(@id ,\"contractDetailTitleNoExpanded\")][contains(text(), \"10427\")]"}
COMMAND: POST /session/4dda79d38857d1487a3acc9aa2e8b8cf/element - {"using":"xpath","value":"//span[contains(@id ,\"contractDetailTitleNoExpanded\")][contains(text(), \"10427\")]"}
RESULT: {"using":"xpath","value":"//span[contains(@id ,\"contractDetailTitleNoExpanded\")][contains(text(), \"10427\")]"}
COMMAND: POST /session/4dda79d38857d1487a3acc9aa2e8b8cf/element - {"using":"xpath","value":"(//span[contains(text(), \"Dri-Prime CD150M Diesel Pump\")])[2]"}
RESULT: {"using":"xpath","value":"(//span[contains(text(), \"Dri-Prime CD150M Diesel Pump\")])[2]"}
COMMAND: POST /session/4dda79d38857d1487a3acc9aa2e8b8cf/execute/sync - {"script":"<script> [8489 bytes]","args":[{"element-6066-11e4-a52e-4f735466cecf":"f.B3DE6F40683FFAB1CA736CEEF5589B44.d.3C32BA79F644EB5E6842D0235C654F90.e.7517","ELEMENT":"f.B3DE6F40683FFAB1CA736CEEF5589B44.d.3C32BA79F644EB5E6842D0235C654F90.e.7517"}]}
COMMAND: POST /session/4dda79d38857d1487a3acc9aa2e8b8cf/element - {"using":"xpath","value":"(//span[contains(text(), \"Description\")])[1]"}
RESULT: {"using":"xpath","value":"(//span[contains(text(), \"Description\")])[1]"}
COMMAND: GET /session/4dda79d38857d1487a3acc9aa2e8b8cf/element/f.B3DE6F40683FFAB1CA736CEEF5589B44.d.3C32BA79F644EB5E6842D0235C654F90.e.7518/rect - {}
RESULT: {"script":"<script> [8489 bytes]","args":[{"element-6066-11e4-a52e-4f735466cecf":"f.B3DE6F40683FFAB1CA736CEEF5589B44.d.3C32BA79F644EB5E6842D0235C654F90.e.7517","ELEMENT":"f.B3DE6F40683FFAB1CA736CEEF5589B44.d.3C32BA79F644EB5E6842D0235C654F90.e.7517"}]}
COMMAND: GET /session/4dda79d38857d1487a3acc9aa2e8b8cf/screenshot - {}
RESULT: {}
COMMAND: GET /session/4dda79d38857d1487a3acc9aa2e8b8cf/window/rect - {}
RESULT: {}
RESULT: {}
COMMAND: POST /session/4dda79d38857d1487a3acc9aa2e8b8cf/execute/sync - {"script":"<script> [92 bytes]","args":[]}
RESULT: {"script":"<script> [92 bytes]","args":[]}
COMMAND: POST /session/4dda79d38857d1487a3acc9aa2e8b8cf/actions - {"actions":[{"id":"action10","type":"wheel","parameters":{},"actions":[{"type":"scroll","x":-1833,"y":-23,"deltaX":0,"deltaY":0,"duration":0,"origin":{"element-6066-11e4-a52e-4f735466cecf":"f.B3DE6F40683FFAB1CA736CEEF5589B44.d.3C32BA79F644EB5E6842D0235C654F90.e.7518"}}]}]}
COMMAND: GET /session/4dda79d38857d1487a3acc9aa2e8b8cf/screenshot - {}
COMMAND: POST /session/4dda79d38857d1487a3acc9aa2e8b8cf/element - {"using":"xpath","value":"//span[contains(@id ,\"contractDetailTitleNoExpanded\")][contains(text(), \"10427\")]"}
RESULT: {}
RESULT: {"using":"xpath","value":"//span[contains(@id ,\"contractDetailTitleNoExpanded\")][contains(text(), \"10427\")]"}
COMMAND: POST /session/4dda79d38857d1487a3acc9aa2e8b8cf/execute/sync - {"script":"<script> [79 bytes]","args":[{"element-6066-11e4-a52e-4f735466cecf":"f.B3DE6F40683FFAB1CA736CEEF5589B44.d.3C32BA79F644EB5E6842D0235C654F90.e.7518","ELEMENT":"f.B3DE6F40683FFAB1CA736CEEF5589B44.d.3C32BA79F644EB5E6842D0235C654F90.e.7518"},{"block":"start","inline":"nearest"}]}
RESULT: {"script":"<script> [79 bytes]","args":[{"element-6066-11e4-a52e-4f735466cecf":"f.B3DE6F40683FFAB1CA736CEEF5589B44.d.3C32BA79F644EB5E6842D0235C654F90.e.7518","ELEMENT":"f.B3DE6F40683FFAB1CA736CEEF5589B44.d.3C32BA79F644EB5E6842D0235C654F90.e.7518"},{"block":"start","inline":"nearest"}]}
COMMAND: GET /session/4dda79d38857d1487a3acc9aa2e8b8cf/screenshot - {}
RESULT: {}
COMMAND: POST /session/4dda79d38857d1487a3acc9aa2e8b8cf/element - {"using":"xpath","value":"//span[contains(@id ,\"contractDetailTitleNoExpanded\")][contains(text(), \"10427\")]"}
RESULT: {"using":"xpath","value":"//span[contains(@id ,\"contractDetailTitleNoExpanded\")][contains(text(), \"10427\")]"}
COMMAND: POST /session/4dda79d38857d1487a3acc9aa2e8b8cf/element - {"using":"xpath","value":"//span[contains(@id ,\"contractDetailTitleNoExpanded\")][contains(text(), \"10427\")]"}
RESULT: {"using":"xpath","value":"//span[contains(@id ,\"contractDetailTitleNoExpanded\")][contains(text(), \"10427\")]"}
COMMAND: POST /session/4dda79d38857d1487a3acc9aa2e8b8cf/element - {"using":"xpath","value":"//span[contains(@id ,\"contractDetailTitleNoExpanded\")][contains(text(), \"10427\")]"}
RESULT: {"using":"xpath","value":"//span[contains(@id ,\"contractDetailTitleNoExpanded\")][contains(text(), \"10427\")]"}
COMMAND: POST /session/4dda79d38857d1487a3acc9aa2e8b8cf/element - {"using":"xpath","value":"//span[contains(@id ,\"contractDetailTitleNoExpanded\")][contains(text(), \"10427\")]"}
RESULT: {"using":"xpath","value":"//span[contains(@id ,\"contractDetailTitleNoExpanded\")][contains(text(), \"10427\")]"}
COMMAND: POST /session/4dda79d38857d1487a3acc9aa2e8b8cf/element - {"using":"xpath","value":"//span[contains(@id ,\"contractDetailTitleNoExpanded\")][contains(text(), \"10427\")]"}
RESULT: {"using":"xpath","value":"//span[contains(@id ,\"contractDetailTitleNoExpanded\")][contains(text(), \"10427\")]"}
COMMAND: POST /session/4dda79d38857d1487a3acc9aa2e8b8cf/element - {"using":"xpath","value":"(//textarea[@rows=\"15\"])[1]"}
RESULT: {"using":"xpath","value":"(//textarea[@rows=\"15\"])[1]"}
COMMAND: POST /session/4dda79d38857d1487a3acc9aa2e8b8cf/execute/sync - {"script":"<script> [8489 bytes]","args":[{"element-6066-11e4-a52e-4f735466cecf":"f.B3DE6F40683FFAB1CA736CEEF5589B44.d.3C32BA79F644EB5E6842D0235C654F90.e.7516","ELEMENT":"f.B3DE6F40683FFAB1CA736CEEF5589B44.d.3C32BA79F644EB5E6842D0235C654F90.e.7516"}]}
RESULT: {"script":"<script> [8489 bytes]","args":[{"element-6066-11e4-a52e-4f735466cecf":"f.B3DE6F40683FFAB1CA736CEEF5589B44.d.3C32BA79F644EB5E6842D0235C654F90.e.7516","ELEMENT":"f.B3DE6F40683FFAB1CA736CEEF5589B44.d.3C32BA79F644EB5E6842D0235C654F90.e.7516"}]}
COMMAND: GET /session/4dda79d38857d1487a3acc9aa2e8b8cf/screenshot - {}
COMMAND: POST /session/4dda79d38857d1487a3acc9aa2e8b8cf/element - {"using":"xpath","value":"//span[contains(@id ,\"contractDetailTitleNoExpanded\")][contains(text(), \"10427\")]"}
RESULT: {}
RESULT: {"using":"xpath","value":"//span[contains(@id ,\"contractDetailTitleNoExpanded\")][contains(text(), \"10427\")]"}
COMMAND: POST /session/4dda79d38857d1487a3acc9aa2e8b8cf/element - {"using":"xpath","value":"//span[contains(@id ,\"contractDetailTitleNoExpanded\")][contains(text(), \"10427\")]"}
RESULT: {"using":"xpath","value":"//span[contains(@id ,\"contractDetailTitleNoExpanded\")][contains(text(), \"10427\")]"}
COMMAND: POST /session/4dda79d38857d1487a3acc9aa2e8b8cf/element - {"using":"xpath","value":"//span[contains(@id ,\"contractDetailTitleNoExpanded\")][contains(text(), \"10427\")]"}
RESULT: {"using":"xpath","value":"//span[contains(@id ,\"contractDetailTitleNoExpanded\")][contains(text(), \"10427\")]"}
COMMAND: POST /session/4dda79d38857d1487a3acc9aa2e8b8cf/element - {"using":"xpath","value":"//span[contains(@id ,\"contractDetailTitleNoExpanded\")][contains(text(), \"10427\")]"}
RESULT: {"using":"xpath","value":"//span[contains(@id ,\"contractDetailTitleNoExpanded\")][contains(text(), \"10427\")]"}
COMMAND: POST /session/4dda79d38857d1487a3acc9aa2e8b8cf/element - {"using":"xpath","value":"//span[contains(@id ,\"contractDetailTitleNoExpanded\")][contains(text(), \"10427\")]"}
RESULT: {"using":"xpath","value":"//span[contains(@id ,\"contractDetailTitleNoExpanded\")][contains(text(), \"10427\")]"}
COMMAND: POST /session/4dda79d38857d1487a3acc9aa2e8b8cf/element - {"using":"xpath","value":"//span[contains(@id ,\"contractDetailTitleNoExpanded\")][contains(text(), \"10427\")]"}
RESULT: {"using":"xpath","value":"//span[contains(@id ,\"contractDetailTitleNoExpanded\")][contains(text(), \"10427\")]"}
COMMAND: POST /session/4dda79d38857d1487a3acc9aa2e8b8cf/element - {"using":"xpath","value":"//span[contains(@id ,\"contractDetailTitleNoExpanded\")][contains(text(), \"10427\")]"}
RESULT: {"using":"xpath","value":"//span[contains(@id ,\"contractDetailTitleNoExpanded\")][contains(text(), \"10427\")]"}
COMMAND: POST /session/4dda79d38857d1487a3acc9aa2e8b8cf/element - {"using":"xpath","value":"//span[contains(@id ,\"contractDetailTitleNoExpanded\")][contains(text(), \"10427\")]"}
RESULT: {"using":"xpath","value":"//span[contains(@id ,\"contractDetailTitleNoExpanded\")][contains(text(), \"10427\")]"}
COMMAND: POST /session/4dda79d38857d1487a3acc9aa2e8b8cf/element - {"using":"xpath","value":"//span[contains(@id ,\"contractDetailTitleNoExpanded\")][contains(text(), \"10427\")]"}
RESULT: {"using":"xpath","value":"//span[contains(@id ,\"contractDetailTitleNoExpanded\")][contains(text(), \"10427\")]"}
COMMAND: POST /session/4dda79d38857d1487a3acc9aa2e8b8cf/element - {"using":"xpath","value":"//span[contains(@id ,\"contractDetailTitleNoExpanded\")][contains(text(), \"10427\")]"}
RESULT: {"using":"xpath","value":"//span[contains(@id ,\"contractDetailTitleNoExpanded\")][contains(text(), \"10427\")]"}
COMMAND: POST /session/4dda79d38857d1487a3acc9aa2e8b8cf/execute/async - {"script":"<script> [1562 bytes]","args":[{"selector":{"controlType":"sap.tnt.NavigationListItem","viewName":"etm.portal.ui.webshop.view.RequestDetail","i18NText":{"propertyName":"text","key":"exit"},"interaction":{"idSuffix":"a"}},"wdio_ui5_key":"etmportal.ui.webshop.view.RequestDetailsap.tnt.NavigationListItem{\"propertyName\":\"text\",\"key\":\"exit\"}"}]}
COMMAND: POST /session/4dda79d38857d1487a3acc9aa2e8b8cf/element - {"using":"xpath","value":"//span[contains(@id ,\"contractDetailTitleNoExpanded\")][contains(text(), \"10427\")]"}
RESULT: {"script":"<script> [1562 bytes]","args":[{"selector":{"controlType":"sap.tnt.NavigationListItem","viewName":"etm.portal.ui.webshop.view.RequestDetail","i18NText":{"propertyName":"text","key":"exit"},"interaction":{"idSuffix":"a"}},"wdio_ui5_key":"etmportal.ui.webshop.view.RequestDetailsap.tnt.NavigationListItem{\"propertyName\":\"text\",\"key\":\"exit\"}"}]}
RESULT: undefined
COMMAND: POST /session/4dda79d38857d1487a3acc9aa2e8b8cf/element - {"using":"xpath","value":"//*[@id=\"__item4009\"]"}
RESULT: {"using":"xpath","value":"//span[contains(@id ,\"contractDetailTitleNoExpanded\")][contains(text(), \"10427\")]"}
RESULT: {"using":"xpath","value":"//*[@id=\"__item4009\"]"}
COMMAND: POST /session/4dda79d38857d1487a3acc9aa2e8b8cf/element/f.B3DE6F40683FFAB1CA736CEEF5589B44.d.3C32BA79F644EB5E6842D0235C654F90.e.7524/click - {}
RESULT: {}
COMMAND: POST /session/4dda79d38857d1487a3acc9aa2e8b8cf/element - {"using":"xpath","value":"//span[contains(@id ,\"contractDetailTitleNoExpanded\")][contains(text(), \"10427\")]"}
COMMAND: GET /session/4dda79d38857d1487a3acc9aa2e8b8cf/screenshot - {}
RESULT: {"using":"xpath","value":"//span[contains(@id ,\"contractDetailTitleNoExpanded\")][contains(text(), \"10427\")]"}
COMMAND: POST /session/4dda79d38857d1487a3acc9aa2e8b8cf/element - {"using":"xpath","value":"//span[contains(@id ,\"contractDetailTitleNoExpanded\")][contains(text(), \"10427\")]"}
RESULT: {}
RESULT: {"using":"xpath","value":"//span[contains(@id ,\"contractDetailTitleNoExpanded\")][contains(text(), \"10427\")]"}
COMMAND: POST /session/4dda79d38857d1487a3acc9aa2e8b8cf/element - {"using":"xpath","value":"//span[contains(@id ,\"contractDetailTitleNoExpanded\")][contains(text(), \"10427\")]"}
RESULT: {"using":"xpath","value":"//span[contains(@id ,\"contractDetailTitleNoExpanded\")][contains(text(), \"10427\")]"}
COMMAND: POST /session/4dda79d38857d1487a3acc9aa2e8b8cf/element - {"using":"xpath","value":"//span[contains(@id ,\"contractDetailTitleNoExpanded\")][contains(text(), \"10427\")]"}
RESULT: {"using":"xpath","value":"//span[contains(@id ,\"contractDetailTitleNoExpanded\")][contains(text(), \"10427\")]"}
COMMAND: POST /session/4dda79d38857d1487a3acc9aa2e8b8cf/element - {"using":"xpath","value":"//span[contains(@id ,\"contractDetailTitleNoExpanded\")][contains(text(), \"10427\")]"}
RESULT: {"using":"xpath","value":"//span[contains(@id ,\"contractDetailTitleNoExpanded\")][contains(text(), \"10427\")]"}
COMMAND: POST /session/4dda79d38857d1487a3acc9aa2e8b8cf/element - {"using":"xpath","value":"//span[contains(@id ,\"contractDetailTitleNoExpanded\")][contains(text(), \"10427\")]"}
RESULT: {"using":"xpath","value":"//span[contains(@id ,\"contractDetailTitleNoExpanded\")][contains(text(), \"10427\")]"}
COMMAND: POST /session/4dda79d38857d1487a3acc9aa2e8b8cf/element - {"using":"xpath","value":"//span[contains(@id ,\"contractDetailTitleNoExpanded\")][contains(text(), \"10427\")]"}
RESULT: {"using":"xpath","value":"//span[contains(@id ,\"contractDetailTitleNoExpanded\")][contains(text(), \"10427\")]"}
COMMAND: POST /session/4dda79d38857d1487a3acc9aa2e8b8cf/element - {"using":"xpath","value":"//span[contains(@id ,\"contractDetailTitleNoExpanded\")][contains(text(), \"10427\")]"}
RESULT: {"using":"xpath","value":"//span[contains(@id ,\"contractDetailTitleNoExpanded\")][contains(text(), \"10427\")]"}
COMMAND: POST /session/4dda79d38857d1487a3acc9aa2e8b8cf/element - {"using":"css selector","value":"#shell-header-logo"}
RESULT: {"using":"css selector","value":"#shell-header-logo"}
COMMAND: POST /session/4dda79d38857d1487a3acc9aa2e8b8cf/element/f.B3DE6F40683FFAB1CA736CEEF5589B44.d.3C32BA79F644EB5E6842D0235C654F90.e.3214/click - {}
RESULT: {}
COMMAND: GET /session/4dda79d38857d1487a3acc9aa2e8b8cf/screenshot - {}
COMMAND: POST /session/4dda79d38857d1487a3acc9aa2e8b8cf/element - {"using":"xpath","value":"//span[contains(@id ,\"contractDetailTitleNoExpanded\")][contains(text(), \"10427\")]"}
RESULT: {}
RESULT: {"using":"xpath","value":"//span[contains(@id ,\"contractDetailTitleNoExpanded\")][contains(text(), \"10427\")]"}
COMMAND: POST /session/4dda79d38857d1487a3acc9aa2e8b8cf/element - {"using":"xpath","value":"//span[contains(@id ,\"contractDetailTitleNoExpanded\")][contains(text(), \"10427\")]"}
RESULT: {"using":"xpath","value":"//span[contains(@id ,\"contractDetailTitleNoExpanded\")][contains(text(), \"10427\")]"}
COMMAND: POST /session/4dda79d38857d1487a3acc9aa2e8b8cf/element - {"using":"xpath","value":"//span[contains(@id ,\"contractDetailTitleNoExpanded\")][contains(text(), \"10427\")]"}
RESULT: {"using":"xpath","value":"//span[contains(@id ,\"contractDetailTitleNoExpanded\")][contains(text(), \"10427\")]"}
COMMAND: POST /session/4dda79d38857d1487a3acc9aa2e8b8cf/element - {"using":"xpath","value":"//span[contains(@id ,\"contractDetailTitleNoExpanded\")][contains(text(), \"10427\")]"}
RESULT: {"using":"xpath","value":"//span[contains(@id ,\"contractDetailTitleNoExpanded\")][contains(text(), \"10427\")]"}
COMMAND: POST /session/4dda79d38857d1487a3acc9aa2e8b8cf/element - {"using":"xpath","value":"//span[contains(@id ,\"contractDetailTitleNoExpanded\")][contains(text(), \"10427\")]"}
RESULT: {"using":"xpath","value":"//span[contains(@id ,\"contractDetailTitleNoExpanded\")][contains(text(), \"10427\")]"}
COMMAND: POST /session/4dda79d38857d1487a3acc9aa2e8b8cf/element - {"using":"xpath","value":"//span[contains(@id ,\"contractDetailTitleNoExpanded\")][contains(text(), \"10427\")]"}
RESULT: {"using":"xpath","value":"//span[contains(@id ,\"contractDetailTitleNoExpanded\")][contains(text(), \"10427\")]"}
]]></system-out>
    </testcase>
  </testsuite>
  <testsuite timestamp="2025-05-20T16:27:01" time="79.78" tests="1" failures="0" errors="0" skipped="0">
    <properties>
      <property name="specId" value="0" />
      <property name="suiteName" value="Add items into the basket without creating a request US151315" />
      <property name="capabilities" value="chrome.136_0_7103_93.windows" />
      <property name="file" value="file:///D:/a/1/s/test/specs/R2C/add-items-into-basket-wo-creating-a-request.spec.js" />
    </properties>
    <testcase classname="chrome.136_0_7103_93.windows.Add_items_into_the_basket_without_creating_a_request_US151315" name="Should verify if a catalog item can be added without creating a request" time="76.587">
      <system-out><![CDATA[
RESULT: undefined
COMMAND: POST /session/4dda79d38857d1487a3acc9aa2e8b8cf/element - {"using":"xpath","value":"//*[@id=\"__tile49\"]"}
RESULT: {"using":"xpath","value":"//*[@id=\"__tile49\"]"}
COMMAND: POST /session/4dda79d38857d1487a3acc9aa2e8b8cf/element/f.B3DE6F40683FFAB1CA736CEEF5589B44.d.3C32BA79F644EB5E6842D0235C654F90.e.2993/click - {}
COMMAND: POST /session/4dda79d38857d1487a3acc9aa2e8b8cf/element - {"using":"xpath","value":"//span[contains(@id ,\"contractDetailTitleNoExpanded\")][contains(text(), \"10427\")]"}
RESULT: {}
COMMAND: GET /session/4dda79d38857d1487a3acc9aa2e8b8cf/screenshot - {}
RESULT: {"using":"xpath","value":"//span[contains(@id ,\"contractDetailTitleNoExpanded\")][contains(text(), \"10427\")]"}
COMMAND: POST /session/4dda79d38857d1487a3acc9aa2e8b8cf/element - {"using":"xpath","value":"//span[contains(@id ,\"contractDetailTitleNoExpanded\")][contains(text(), \"10427\")]"}
RESULT: {}
RESULT: {"using":"xpath","value":"//span[contains(@id ,\"contractDetailTitleNoExpanded\")][contains(text(), \"10427\")]"}
COMMAND: POST /session/4dda79d38857d1487a3acc9aa2e8b8cf/element - {"using":"xpath","value":"//span[contains(@id ,\"contractDetailTitleNoExpanded\")][contains(text(), \"10427\")]"}
COMMAND: POST /session/4dda79d38857d1487a3acc9aa2e8b8cf/elements - {"using":"xpath","value":"//span[text()='Error']"}
RESULT: {"using":"xpath","value":"//span[contains(@id ,\"contractDetailTitleNoExpanded\")][contains(text(), \"10427\")]"}
RESULT: {"using":"xpath","value":"//span[text()='Error']"}
COMMAND: POST /session/4dda79d38857d1487a3acc9aa2e8b8cf/element - {"using":"css selector","value":"#requestCreationDialog--createRequestPopUp-title-inner"}
RESULT: {"using":"css selector","value":"#requestCreationDialog--createRequestPopUp-title-inner"}
COMMAND: POST /session/4dda79d38857d1487a3acc9aa2e8b8cf/execute/sync - {"script":"<script> [8489 bytes]","args":[{"element-6066-11e4-a52e-4f735466cecf":"f.B3DE6F40683FFAB1CA736CEEF5589B44.d.3C32BA79F644EB5E6842D0235C654F90.e.7583","ELEMENT":"f.B3DE6F40683FFAB1CA736CEEF5589B44.d.3C32BA79F644EB5E6842D0235C654F90.e.7583"}]}
RESULT: {"script":"<script> [8489 bytes]","args":[{"element-6066-11e4-a52e-4f735466cecf":"f.B3DE6F40683FFAB1CA736CEEF5589B44.d.3C32BA79F644EB5E6842D0235C654F90.e.7583","ELEMENT":"f.B3DE6F40683FFAB1CA736CEEF5589B44.d.3C32BA79F644EB5E6842D0235C654F90.e.7583"}]}
COMMAND: GET /session/4dda79d38857d1487a3acc9aa2e8b8cf/element/f.B3DE6F40683FFAB1CA736CEEF5589B44.d.3C32BA79F644EB5E6842D0235C654F90.e.7583/enabled - {}
COMMAND: GET /session/4dda79d38857d1487a3acc9aa2e8b8cf/screenshot - {}
RESULT: {}
COMMAND: POST /session/4dda79d38857d1487a3acc9aa2e8b8cf/element - {"using":"xpath","value":"//span[contains(@id ,\"requestCreationDialog--cancelButton-content\")]"}
COMMAND: GET /session/4dda79d38857d1487a3acc9aa2e8b8cf/screenshot - {}
RESULT: {}
RESULT: {"using":"xpath","value":"//span[contains(@id ,\"requestCreationDialog--cancelButton-content\")]"}
COMMAND: POST /session/4dda79d38857d1487a3acc9aa2e8b8cf/element/f.B3DE6F40683FFAB1CA736CEEF5589B44.d.3C32BA79F644EB5E6842D0235C654F90.e.7584/click - {}
RESULT: {}
RESULT: {}
COMMAND: GET /session/4dda79d38857d1487a3acc9aa2e8b8cf/screenshot - {}
RESULT: {}
COMMAND: POST /session/4dda79d38857d1487a3acc9aa2e8b8cf/element - {"using":"xpath","value":"//input[contains(@id ,\"searchFiledId-I\")]"}
RESULT: {"using":"xpath","value":"//input[contains(@id ,\"searchFiledId-I\")]"}
COMMAND: POST /session/4dda79d38857d1487a3acc9aa2e8b8cf/element/f.B3DE6F40683FFAB1CA736CEEF5589B44.d.3C32BA79F644EB5E6842D0235C654F90.e.7527/value - {"text":"Dri-Prime CD150M Diesel Pump"}
RESULT: {"text":"Dri-Prime CD150M Diesel Pump"}
COMMAND: POST /session/4dda79d38857d1487a3acc9aa2e8b8cf/actions - {"actions":[{"id":"action11","type":"key","parameters":{},"actions":[{"type":"keyDown","value":"î€‡"},{"type":"pause","duration":10},{"type":"keyUp","value":"î€‡"}]}]}
COMMAND: GET /session/4dda79d38857d1487a3acc9aa2e8b8cf/screenshot - {}
RESULT: {"actions":[{"id":"action11","type":"key","parameters":{},"actions":[{"type":"keyDown","value":"î€‡"},{"type":"pause","duration":10},{"type":"keyUp","value":"î€‡"}]}]}
COMMAND: GET /session/4dda79d38857d1487a3acc9aa2e8b8cf/screenshot - {}
COMMAND: POST /session/4dda79d38857d1487a3acc9aa2e8b8cf/element - {"using":"xpath","value":"//span[contains(@id ,\"subTitle\")][contains(text(), \"Dri-Prime CD150M Diesel Pump\")]"}
RESULT: {}
RESULT: {}
RESULT: {"using":"xpath","value":"//span[contains(@id ,\"subTitle\")][contains(text(), \"Dri-Prime CD150M Diesel Pump\")]"}
COMMAND: POST /session/4dda79d38857d1487a3acc9aa2e8b8cf/element/f.B3DE6F40683FFAB1CA736CEEF5589B44.d.3C32BA79F644EB5E6842D0235C654F90.e.7591/click - {}
RESULT: {}
COMMAND: GET /session/4dda79d38857d1487a3acc9aa2e8b8cf/screenshot - {}
RESULT: {}
COMMAND: POST /session/4dda79d38857d1487a3acc9aa2e8b8cf/element - {"using":"xpath","value":"//bdi[contains(text(), \"Add to Request\")]"}
RESULT: {"using":"xpath","value":"//bdi[contains(text(), \"Add to Request\")]"}
COMMAND: POST /session/4dda79d38857d1487a3acc9aa2e8b8cf/element/f.B3DE6F40683FFAB1CA736CEEF5589B44.d.3C32BA79F644EB5E6842D0235C654F90.e.7604/click - {}
RESULT: {}
COMMAND: POST /session/4dda79d38857d1487a3acc9aa2e8b8cf/element - {"using":"xpath","value":"//div[contains(@class ,\"sapMMessageToast sapUiSelectable sapContrast sapContrastPlus sapUiUserSelectable\")]"}
COMMAND: GET /session/4dda79d38857d1487a3acc9aa2e8b8cf/screenshot - {}
RESULT: {"using":"xpath","value":"//div[contains(@class ,\"sapMMessageToast sapUiSelectable sapContrast sapContrastPlus sapUiUserSelectable\")]"}
COMMAND: POST /session/4dda79d38857d1487a3acc9aa2e8b8cf/execute/sync - {"script":"<script> [8489 bytes]","args":[{"element-6066-11e4-a52e-4f735466cecf":"f.B3DE6F40683FFAB1CA736CEEF5589B44.d.3C32BA79F644EB5E6842D0235C654F90.e.7608","ELEMENT":"f.B3DE6F40683FFAB1CA736CEEF5589B44.d.3C32BA79F644EB5E6842D0235C654F90.e.7608"}]}
RESULT: {}
RESULT: {"script":"<script> [8489 bytes]","args":[{"element-6066-11e4-a52e-4f735466cecf":"f.B3DE6F40683FFAB1CA736CEEF5589B44.d.3C32BA79F644EB5E6842D0235C654F90.e.7608","ELEMENT":"f.B3DE6F40683FFAB1CA736CEEF5589B44.d.3C32BA79F644EB5E6842D0235C654F90.e.7608"}]}
COMMAND: GET /session/4dda79d38857d1487a3acc9aa2e8b8cf/element/f.B3DE6F40683FFAB1CA736CEEF5589B44.d.3C32BA79F644EB5E6842D0235C654F90.e.7608/text - {}
COMMAND: GET /session/4dda79d38857d1487a3acc9aa2e8b8cf/screenshot - {}
RESULT: {}
RESULT: {}
COMMAND: POST /session/4dda79d38857d1487a3acc9aa2e8b8cf/element - {"using":"xpath","value":"//bdi[contains(@id ,\"activeCartId-BDI-content\")]"}
RESULT: {"using":"xpath","value":"//bdi[contains(@id ,\"activeCartId-BDI-content\")]"}
COMMAND: GET /session/4dda79d38857d1487a3acc9aa2e8b8cf/element/f.B3DE6F40683FFAB1CA736CEEF5589B44.d.3C32BA79F644EB5E6842D0235C654F90.e.7609/text - {}
RESULT: {}
COMMAND: POST /session/4dda79d38857d1487a3acc9aa2e8b8cf/element - {"using":"xpath","value":"//li[@title=\"Exit\"]"}
RESULT: {"using":"xpath","value":"//li[@title=\"Exit\"]"}
COMMAND: POST /session/4dda79d38857d1487a3acc9aa2e8b8cf/element/f.B3DE6F40683FFAB1CA736CEEF5589B44.d.3C32BA79F644EB5E6842D0235C654F90.e.7610/click - {}
RESULT: {}
COMMAND: GET /session/4dda79d38857d1487a3acc9aa2e8b8cf/screenshot - {}
RESULT: {}
COMMAND: POST /session/4dda79d38857d1487a3acc9aa2e8b8cf/element - {"using":"css selector","value":"#shell-header-logo"}
RESULT: {"using":"css selector","value":"#shell-header-logo"}
COMMAND: POST /session/4dda79d38857d1487a3acc9aa2e8b8cf/element/f.B3DE6F40683FFAB1CA736CEEF5589B44.d.3C32BA79F644EB5E6842D0235C654F90.e.7620/click - {}
RESULT: {}
COMMAND: GET /session/4dda79d38857d1487a3acc9aa2e8b8cf/screenshot - {}
RESULT: {}
]]></system-out>
    </testcase>
  </testsuite>
  <testsuite timestamp="2025-05-20T16:28:21" time="146.318" tests="1" failures="0" errors="0" skipped="0">
    <properties>
      <property name="specId" value="0" />
      <property name="suiteName" value=" Webshop - Request management - Verifying the Master List - Filtering /Sorting - Deleting - Creating US151314" />
      <property name="capabilities" value="chrome.136_0_7103_93.windows" />
      <property name="file" value="file:///D:/a/1/s/test/specs/R2C/webshop-request-management-verify-master-list.spec.js" />
    </properties>
    <testcase classname="chrome.136_0_7103_93.windows._Webshop_-_Request_management_-_Verifying_the_Master_List_-_Filtering_/Sorting_-_Deleting_-_Creating_US151314" name="Should navigate to request management in webshop and verify the filters" time="143.15">
      <system-out><![CDATA[
RESULT: undefined
COMMAND: POST /session/4dda79d38857d1487a3acc9aa2e8b8cf/element - {"using":"xpath","value":"//*[@id=\"__tile49\"]"}
RESULT: {"using":"xpath","value":"//*[@id=\"__tile49\"]"}
COMMAND: POST /session/4dda79d38857d1487a3acc9aa2e8b8cf/element/f.B3DE6F40683FFAB1CA736CEEF5589B44.d.3C32BA79F644EB5E6842D0235C654F90.e.2993/click - {}
RESULT: {}
COMMAND: GET /session/4dda79d38857d1487a3acc9aa2e8b8cf/screenshot - {}
RESULT: {}
COMMAND: POST /session/4dda79d38857d1487a3acc9aa2e8b8cf/elements - {"using":"xpath","value":"//span[text()='Error']"}
RESULT: {"using":"xpath","value":"//span[text()='Error']"}
COMMAND: POST /session/4dda79d38857d1487a3acc9aa2e8b8cf/execute/async - {"script":"<script> [1562 bytes]","args":[{"selector":{"id":"requestCreationDialog--cancelButton","searchOpenDialogs":true,"interaction":{"idSuffix":"BDI-content"}},"wdio_ui5_key":"requestCreationDialogcancelButton"}]}
RESULT: {"script":"<script> [1562 bytes]","args":[{"selector":{"id":"requestCreationDialog--cancelButton","searchOpenDialogs":true,"interaction":{"idSuffix":"BDI-content"}},"wdio_ui5_key":"requestCreationDialogcancelButton"}]}
RESULT: undefined
COMMAND: POST /session/4dda79d38857d1487a3acc9aa2e8b8cf/element - {"using":"xpath","value":"//*[@id=\"requestCreationDialog--cancelButton\"]"}
RESULT: {"using":"xpath","value":"//*[@id=\"requestCreationDialog--cancelButton\"]"}
COMMAND: POST /session/4dda79d38857d1487a3acc9aa2e8b8cf/element/f.B3DE6F40683FFAB1CA736CEEF5589B44.d.3C32BA79F644EB5E6842D0235C654F90.e.7673/click - {}
RESULT: {}
COMMAND: GET /session/4dda79d38857d1487a3acc9aa2e8b8cf/screenshot - {}
RESULT: {}
COMMAND: POST /session/4dda79d38857d1487a3acc9aa2e8b8cf/execute/async - {"script":"<script> [1562 bytes]","args":[{"selector":{"controlType":"sap.tnt.NavigationListItem","viewName":"etm.portal.ui.webshop.view.Homepage","i18NText":{"propertyName":"text","key":"requestsManagement"},"interaction":{"idSuffix":"a"}},"wdio_ui5_key":"etmportal.ui.webshop.view.Homepagesap.tnt.NavigationListItem{\"propertyName\":\"text\",\"key\":\"requestsManagement\"}"}]}
RESULT: {"script":"<script> [1562 bytes]","args":[{"selector":{"controlType":"sap.tnt.NavigationListItem","viewName":"etm.portal.ui.webshop.view.Homepage","i18NText":{"propertyName":"text","key":"requestsManagement"},"interaction":{"idSuffix":"a"}},"wdio_ui5_key":"etmportal.ui.webshop.view.Homepagesap.tnt.NavigationListItem{\"propertyName\":\"text\",\"key\":\"requestsManagement\"}"}]}
RESULT: undefined
COMMAND: POST /session/4dda79d38857d1487a3acc9aa2e8b8cf/element - {"using":"xpath","value":"//*[@id=\"__item4076\"]"}
RESULT: {"using":"xpath","value":"//*[@id=\"__item4076\"]"}
COMMAND: POST /session/4dda79d38857d1487a3acc9aa2e8b8cf/element/f.B3DE6F40683FFAB1CA736CEEF5589B44.d.3C32BA79F644EB5E6842D0235C654F90.e.7675/click - {}
RESULT: {}
COMMAND: GET /session/4dda79d38857d1487a3acc9aa2e8b8cf/screenshot - {}
RESULT: {}
COMMAND: POST /session/4dda79d38857d1487a3acc9aa2e8b8cf/element - {"using":"xpath","value":"//input[contains(@id ,\"smartFilterBar-btnBasicSearch-I\")]"}
RESULT: {"using":"xpath","value":"//input[contains(@id ,\"smartFilterBar-btnBasicSearch-I\")]"}
COMMAND: POST /session/4dda79d38857d1487a3acc9aa2e8b8cf/element/f.B3DE6F40683FFAB1CA736CEEF5589B44.d.3C32BA79F644EB5E6842D0235C654F90.e.7680/clear - {}
RESULT: {}
COMMAND: POST /session/4dda79d38857d1487a3acc9aa2e8b8cf/element/f.B3DE6F40683FFAB1CA736CEEF5589B44.d.3C32BA79F644EB5E6842D0235C654F90.e.7680/value - {"text":"20001"}
COMMAND: GET /session/4dda79d38857d1487a3acc9aa2e8b8cf/screenshot - {}
RESULT: {"text":"20001"}
COMMAND: GET /session/4dda79d38857d1487a3acc9aa2e8b8cf/screenshot - {}
RESULT: {}
RESULT: {}
COMMAND: POST /session/4dda79d38857d1487a3acc9aa2e8b8cf/actions - {"actions":[{"id":"action12","type":"key","parameters":{},"actions":[{"type":"keyDown","value":"î€‡"},{"type":"pause","duration":10},{"type":"keyUp","value":"î€‡"}]}]}
RESULT: {"actions":[{"id":"action12","type":"key","parameters":{},"actions":[{"type":"keyDown","value":"î€‡"},{"type":"pause","duration":10},{"type":"keyUp","value":"î€‡"}]}]}
COMMAND: GET /session/4dda79d38857d1487a3acc9aa2e8b8cf/screenshot - {}
RESULT: {}
COMMAND: POST /session/4dda79d38857d1487a3acc9aa2e8b8cf/execute/async - {"script":"<script> [1562 bytes]","args":[{"selector":{"controlType":"sap.m.Title","viewName":"etm.portal.ui.webshop.view.RequestMaster","properties":{"text":"Records (1)"}},"wdio_ui5_key":"etmportal.ui.webshop.view.RequestMastersap.m.Title{\"text\":\"Records (1)\"}"}]}
RESULT: {"script":"<script> [1562 bytes]","args":[{"selector":{"controlType":"sap.m.Title","viewName":"etm.portal.ui.webshop.view.RequestMaster","properties":{"text":"Records (1)"}},"wdio_ui5_key":"etmportal.ui.webshop.view.RequestMastersap.m.Title{\"text\":\"Records (1)\"}"}]}
RESULT: undefined
COMMAND: POST /session/4dda79d38857d1487a3acc9aa2e8b8cf/execute/async - {"script":"<script> [6424 bytes]","args":[{"element-6066-11e4-a52e-4f735466cecf":"f.B3DE6F40683FFAB1CA736CEEF5589B44.d.3C32BA79F644EB5E6842D0235C654F90.e.7766"},"getText",[]]}
RESULT: {"script":"<script> [6424 bytes]","args":[{"element-6066-11e4-a52e-4f735466cecf":"f.B3DE6F40683FFAB1CA736CEEF5589B44.d.3C32BA79F644EB5E6842D0235C654F90.e.7766"},"getText",[]]}
COMMAND: POST /session/4dda79d38857d1487a3acc9aa2e8b8cf/element - {"using":"xpath","value":"//div[contains(@id ,\"smartFilterBar-btnBasicSearch-reset\")]"}
RESULT: {"using":"xpath","value":"//div[contains(@id ,\"smartFilterBar-btnBasicSearch-reset\")]"}
COMMAND: POST /session/4dda79d38857d1487a3acc9aa2e8b8cf/element/f.B3DE6F40683FFAB1CA736CEEF5589B44.d.3C32BA79F644EB5E6842D0235C654F90.e.7767/click - {}
RESULT: {}
COMMAND: GET /session/4dda79d38857d1487a3acc9aa2e8b8cf/screenshot - {}
RESULT: {}
COMMAND: POST /session/4dda79d38857d1487a3acc9aa2e8b8cf/element - {"using":"xpath","value":"//input[contains(@id ,\"smartStatusFilter-inner\")]"}
RESULT: {"using":"xpath","value":"//input[contains(@id ,\"smartStatusFilter-inner\")]"}
COMMAND: POST /session/4dda79d38857d1487a3acc9aa2e8b8cf/element/f.B3DE6F40683FFAB1CA736CEEF5589B44.d.3C32BA79F644EB5E6842D0235C654F90.e.7685/clear - {}
RESULT: {}
COMMAND: POST /session/4dda79d38857d1487a3acc9aa2e8b8cf/element/f.B3DE6F40683FFAB1CA736CEEF5589B44.d.3C32BA79F644EB5E6842D0235C654F90.e.7685/value - {"text":"draft"}
COMMAND: GET /session/4dda79d38857d1487a3acc9aa2e8b8cf/screenshot - {}
RESULT: {"text":"draft"}
COMMAND: GET /session/4dda79d38857d1487a3acc9aa2e8b8cf/screenshot - {}
RESULT: {}
RESULT: {}
COMMAND: POST /session/4dda79d38857d1487a3acc9aa2e8b8cf/actions - {"actions":[{"id":"action13","type":"key","parameters":{},"actions":[{"type":"keyDown","value":"î€‡"},{"type":"pause","duration":10},{"type":"keyUp","value":"î€‡"}]}]}
RESULT: {"actions":[{"id":"action13","type":"key","parameters":{},"actions":[{"type":"keyDown","value":"î€‡"},{"type":"pause","duration":10},{"type":"keyUp","value":"î€‡"}]}]}
COMMAND: GET /session/4dda79d38857d1487a3acc9aa2e8b8cf/screenshot - {}
RESULT: {}
COMMAND: POST /session/4dda79d38857d1487a3acc9aa2e8b8cf/execute/async - {"script":"<script> [1562 bytes]","args":[{"selector":{"controlType":"sap.m.ObjectStatus","viewName":"etm.portal.ui.webshop.view.RequestMaster","bindingPath":{"propertyPath":"STATUS_DESCRIPTION"}},"wdio_ui5_key":"etmportal.ui.webshop.view.RequestMastersap.m.ObjectStatus{\"propertyPath\":\"STATUS_DESCRIPTION\"}"}]}
RESULT: {"script":"<script> [1562 bytes]","args":[{"selector":{"controlType":"sap.m.ObjectStatus","viewName":"etm.portal.ui.webshop.view.RequestMaster","bindingPath":{"propertyPath":"STATUS_DESCRIPTION"}},"wdio_ui5_key":"etmportal.ui.webshop.view.RequestMastersap.m.ObjectStatus{\"propertyPath\":\"STATUS_DESCRIPTION\"}"}]}
RESULT: undefined
COMMAND: POST /session/4dda79d38857d1487a3acc9aa2e8b8cf/execute/async - {"script":"<script> [6424 bytes]","args":[{"element-6066-11e4-a52e-4f735466cecf":"f.B3DE6F40683FFAB1CA736CEEF5589B44.d.3C32BA79F644EB5E6842D0235C654F90.e.7813"},"getText",[]]}
RESULT: {"script":"<script> [6424 bytes]","args":[{"element-6066-11e4-a52e-4f735466cecf":"f.B3DE6F40683FFAB1CA736CEEF5589B44.d.3C32BA79F644EB5E6842D0235C654F90.e.7813"},"getText",[]]}
COMMAND: POST /session/4dda79d38857d1487a3acc9aa2e8b8cf/element - {"using":"xpath","value":"//span[contains(@title ,\"Remove\")]"}
RESULT: {"using":"xpath","value":"//span[contains(@title ,\"Remove\")]"}
COMMAND: POST /session/4dda79d38857d1487a3acc9aa2e8b8cf/element/f.B3DE6F40683FFAB1CA736CEEF5589B44.d.3C32BA79F644EB5E6842D0235C654F90.e.7814/click - {}
RESULT: {}
COMMAND: GET /session/4dda79d38857d1487a3acc9aa2e8b8cf/screenshot - {}
COMMAND: POST /session/4dda79d38857d1487a3acc9aa2e8b8cf/element - {"using":"xpath","value":"//input[contains(@id ,\"smartStatusFilter-inner\")]"}
RESULT: {}
RESULT: {"using":"xpath","value":"//input[contains(@id ,\"smartStatusFilter-inner\")]"}
COMMAND: POST /session/4dda79d38857d1487a3acc9aa2e8b8cf/element/f.B3DE6F40683FFAB1CA736CEEF5589B44.d.3C32BA79F644EB5E6842D0235C654F90.e.7685/clear - {}
RESULT: {}
COMMAND: POST /session/4dda79d38857d1487a3acc9aa2e8b8cf/element/f.B3DE6F40683FFAB1CA736CEEF5589B44.d.3C32BA79F644EB5E6842D0235C654F90.e.7685/value - {"text":"created"}
COMMAND: GET /session/4dda79d38857d1487a3acc9aa2e8b8cf/screenshot - {}
RESULT: {"text":"created"}
COMMAND: GET /session/4dda79d38857d1487a3acc9aa2e8b8cf/screenshot - {}
RESULT: {}
RESULT: {}
COMMAND: POST /session/4dda79d38857d1487a3acc9aa2e8b8cf/actions - {"actions":[{"id":"action14","type":"key","parameters":{},"actions":[{"type":"keyDown","value":"î€‡"},{"type":"pause","duration":10},{"type":"keyUp","value":"î€‡"}]}]}
RESULT: {"actions":[{"id":"action14","type":"key","parameters":{},"actions":[{"type":"keyDown","value":"î€‡"},{"type":"pause","duration":10},{"type":"keyUp","value":"î€‡"}]}]}
COMMAND: GET /session/4dda79d38857d1487a3acc9aa2e8b8cf/screenshot - {}
RESULT: {}
RESULT: undefined
COMMAND: POST /session/4dda79d38857d1487a3acc9aa2e8b8cf/execute/async - {"script":"<script> [6424 bytes]","args":[{"element-6066-11e4-a52e-4f735466cecf":"f.B3DE6F40683FFAB1CA736CEEF5589B44.d.3C32BA79F644EB5E6842D0235C654F90.e.7813"},"getText",[]]}
COMMAND: POST /session/4dda79d38857d1487a3acc9aa2e8b8cf/execute/async - {"script":"<script> [1562 bytes]","args":[{"selector":{"controlType":"sap.m.ObjectStatus","viewName":"etm.portal.ui.webshop.view.RequestMaster","bindingPath":{"propertyPath":"STATUS_DESCRIPTION"}},"wdio_ui5_key":"etmportal.ui.webshop.view.RequestMastersap.m.ObjectStatus{\"propertyPath\":\"STATUS_DESCRIPTION\"}"}]}
RESULT: {"script":"<script> [1562 bytes]","args":[{"selector":{"controlType":"sap.m.ObjectStatus","viewName":"etm.portal.ui.webshop.view.RequestMaster","bindingPath":{"propertyPath":"STATUS_DESCRIPTION"}},"wdio_ui5_key":"etmportal.ui.webshop.view.RequestMastersap.m.ObjectStatus{\"propertyPath\":\"STATUS_DESCRIPTION\"}"}]}
COMMAND: POST /session/4dda79d38857d1487a3acc9aa2e8b8cf/execute/async - {"script":"<script> [6424 bytes]","args":[{"element-6066-11e4-a52e-4f735466cecf":"f.B3DE6F40683FFAB1CA736CEEF5589B44.d.3C32BA79F644EB5E6842D0235C654F90.e.7876"},"getText",[]]}
RESULT: {"script":"<script> [6424 bytes]","args":[{"element-6066-11e4-a52e-4f735466cecf":"f.B3DE6F40683FFAB1CA736CEEF5589B44.d.3C32BA79F644EB5E6842D0235C654F90.e.7876"},"getText",[]]}
COMMAND: POST /session/4dda79d38857d1487a3acc9aa2e8b8cf/element - {"using":"xpath","value":"//span[contains(@title ,\"Remove\")]"}
RESULT: {"using":"xpath","value":"//span[contains(@title ,\"Remove\")]"}
COMMAND: POST /session/4dda79d38857d1487a3acc9aa2e8b8cf/element/f.B3DE6F40683FFAB1CA736CEEF5589B44.d.3C32BA79F644EB5E6842D0235C654F90.e.7877/click - {}
RESULT: {}
COMMAND: GET /session/4dda79d38857d1487a3acc9aa2e8b8cf/screenshot - {}
COMMAND: POST /session/4dda79d38857d1487a3acc9aa2e8b8cf/execute/async - {"script":"<script> [1562 bytes]","args":[{"selector":{"controlType":"sap.m.Button","viewName":"etm.portal.ui.webshop.view.RequestMaster","properties":{"text":"Filters (1)"},"interaction":{"idSuffix":"BDI-content"}},"wdio_ui5_key":"etmportal.ui.webshop.view.RequestMastersap.m.Button{\"text\":\"Filters (1)\"}"}]}
RESULT: {}
RESULT: {"script":"<script> [1562 bytes]","args":[{"selector":{"controlType":"sap.m.Button","viewName":"etm.portal.ui.webshop.view.RequestMaster","properties":{"text":"Filters (1)"},"interaction":{"idSuffix":"BDI-content"}},"wdio_ui5_key":"etmportal.ui.webshop.view.RequestMastersap.m.Button{\"text\":\"Filters (1)\"}"}]}
RESULT: undefined
COMMAND: POST /session/4dda79d38857d1487a3acc9aa2e8b8cf/element - {"using":"xpath","value":"//*[@id=\"__xmlview74--smartFilterBar-btnFilters\"]"}
RESULT: {"using":"xpath","value":"//*[@id=\"__xmlview74--smartFilterBar-btnFilters\"]"}
COMMAND: POST /session/4dda79d38857d1487a3acc9aa2e8b8cf/element/f.B3DE6F40683FFAB1CA736CEEF5589B44.d.3C32BA79F644EB5E6842D0235C654F90.e.7702/click - {}
RESULT: {}
COMMAND: GET /session/4dda79d38857d1487a3acc9aa2e8b8cf/screenshot - {}
RESULT: {}
COMMAND: POST /session/4dda79d38857d1487a3acc9aa2e8b8cf/element - {"using":"xpath","value":"//input[contains(@id ,\"searchField-I\")]"}
RESULT: {"using":"xpath","value":"//input[contains(@id ,\"searchField-I\")]"}
COMMAND: POST /session/4dda79d38857d1487a3acc9aa2e8b8cf/element/f.B3DE6F40683FFAB1CA736CEEF5589B44.d.3C32BA79F644EB5E6842D0235C654F90.e.7925/clear - {}
RESULT: {}
COMMAND: POST /session/4dda79d38857d1487a3acc9aa2e8b8cf/element/f.B3DE6F40683FFAB1CA736CEEF5589B44.d.3C32BA79F644EB5E6842D0235C654F90.e.7925/value - {"text":"tags"}
COMMAND: GET /session/4dda79d38857d1487a3acc9aa2e8b8cf/screenshot - {}
RESULT: {"text":"tags"}
COMMAND: GET /session/4dda79d38857d1487a3acc9aa2e8b8cf/screenshot - {}
RESULT: {}
RESULT: {}
COMMAND: POST /session/4dda79d38857d1487a3acc9aa2e8b8cf/element - {"using":"xpath","value":"(//div[contains(@id ,\"selectMulti\")][@role=\"checkbox\"])[8]"}
RESULT: {"using":"xpath","value":"(//div[contains(@id ,\"selectMulti\")][@role=\"checkbox\"])[8]"}
COMMAND: POST /session/4dda79d38857d1487a3acc9aa2e8b8cf/element/f.B3DE6F40683FFAB1CA736CEEF5589B44.d.3C32BA79F644EB5E6842D0235C654F90.e.7933/click - {}
RESULT: {}
COMMAND: GET /session/4dda79d38857d1487a3acc9aa2e8b8cf/screenshot - {}
RESULT: {}
COMMAND: POST /session/4dda79d38857d1487a3acc9aa2e8b8cf/execute/async - {"script":"<script> [1562 bytes]","args":[{"selector":{"controlType":"sap.m.Button","viewName":"etm.portal.ui.webshop.view.RequestMaster","properties":{"text":"OK"},"searchOpenDialogs":true,"interaction":{"idSuffix":"BDI-content"}},"wdio_ui5_key":"etmportal.ui.webshop.view.RequestMastersap.m.Button{\"text\":\"OK\"}"}]}
RESULT: {"script":"<script> [1562 bytes]","args":[{"selector":{"controlType":"sap.m.Button","viewName":"etm.portal.ui.webshop.view.RequestMaster","properties":{"text":"OK"},"searchOpenDialogs":true,"interaction":{"idSuffix":"BDI-content"}},"wdio_ui5_key":"etmportal.ui.webshop.view.RequestMastersap.m.Button{\"text\":\"OK\"}"}]}
RESULT: undefined
COMMAND: POST /session/4dda79d38857d1487a3acc9aa2e8b8cf/element - {"using":"xpath","value":"//*[@id=\"__xmlview74--smartFilterBar-adapt-filters-dialog-confirmBtn\"]"}
RESULT: {"using":"xpath","value":"//*[@id=\"__xmlview74--smartFilterBar-adapt-filters-dialog-confirmBtn\"]"}
COMMAND: POST /session/4dda79d38857d1487a3acc9aa2e8b8cf/element/f.B3DE6F40683FFAB1CA736CEEF5589B44.d.3C32BA79F644EB5E6842D0235C654F90.e.7937/click - {}
RESULT: {}
COMMAND: GET /session/4dda79d38857d1487a3acc9aa2e8b8cf/screenshot - {}
RESULT: {}
COMMAND: POST /session/4dda79d38857d1487a3acc9aa2e8b8cf/element - {"using":"xpath","value":"//input[contains(@id ,\"smartFilterBar-filterItemControlA_-ALL_TAGS-inner\")]"}
RESULT: {"using":"xpath","value":"//input[contains(@id ,\"smartFilterBar-filterItemControlA_-ALL_TAGS-inner\")]"}
COMMAND: POST /session/4dda79d38857d1487a3acc9aa2e8b8cf/element/f.B3DE6F40683FFAB1CA736CEEF5589B44.d.3C32BA79F644EB5E6842D0235C654F90.e.7945/clear - {}
RESULT: {}
COMMAND: POST /session/4dda79d38857d1487a3acc9aa2e8b8cf/element/f.B3DE6F40683FFAB1CA736CEEF5589B44.d.3C32BA79F644EB5E6842D0235C654F90.e.7945/value - {"text":"tag1"}
COMMAND: GET /session/4dda79d38857d1487a3acc9aa2e8b8cf/screenshot - {}
RESULT: {"text":"tag1"}
COMMAND: GET /session/4dda79d38857d1487a3acc9aa2e8b8cf/screenshot - {}
RESULT: {}
RESULT: {}
COMMAND: POST /session/4dda79d38857d1487a3acc9aa2e8b8cf/actions - {"actions":[{"id":"action15","type":"key","parameters":{},"actions":[{"type":"keyDown","value":"î€‡"},{"type":"pause","duration":10},{"type":"keyUp","value":"î€‡"}]}]}
RESULT: {"actions":[{"id":"action15","type":"key","parameters":{},"actions":[{"type":"keyDown","value":"î€‡"},{"type":"pause","duration":10},{"type":"keyUp","value":"î€‡"}]}]}
COMMAND: GET /session/4dda79d38857d1487a3acc9aa2e8b8cf/screenshot - {}
RESULT: {}
RESULT: undefined
COMMAND: POST /session/4dda79d38857d1487a3acc9aa2e8b8cf/execute/async - {"script":"<script> [6424 bytes]","args":[{"element-6066-11e4-a52e-4f735466cecf":"f.B3DE6F40683FFAB1CA736CEEF5589B44.d.3C32BA79F644EB5E6842D0235C654F90.e.7766"},"getText",[]]}
RESULT: {"script":"<script> [6424 bytes]","args":[{"element-6066-11e4-a52e-4f735466cecf":"f.B3DE6F40683FFAB1CA736CEEF5589B44.d.3C32BA79F644EB5E6842D0235C654F90.e.7766"},"getText",[]]}
COMMAND: POST /session/4dda79d38857d1487a3acc9aa2e8b8cf/execute/async - {"script":"<script> [1562 bytes]","args":[{"selector":{"controlType":"sap.ui.core.Icon","viewName":"etm.portal.ui.webshop.view.RequestMaster","properties":{"src":{"regex":{"source":"action\\-settings"}}}},"wdio_ui5_key":"etmportal.ui.webshop.view.RequestMastersap.ui.core.Icon{\"src\":{\"regex\":{\"source\":\"action\\\\-settings\"}}}"}]}
RESULT: {"script":"<script> [1562 bytes]","args":[{"selector":{"controlType":"sap.ui.core.Icon","viewName":"etm.portal.ui.webshop.view.RequestMaster","properties":{"src":{"regex":{"source":"action\\-settings"}}}},"wdio_ui5_key":"etmportal.ui.webshop.view.RequestMastersap.ui.core.Icon{\"src\":{\"regex\":{\"source\":\"action\\\\-settings\"}}}"}]}
RESULT: undefined
COMMAND: POST /session/4dda79d38857d1487a3acc9aa2e8b8cf/element - {"using":"xpath","value":"//*[@id=\"__xmlview74--smartTable-btnPersonalisation-img\"]"}
RESULT: {"using":"xpath","value":"//*[@id=\"__xmlview74--smartTable-btnPersonalisation-img\"]"}
COMMAND: POST /session/4dda79d38857d1487a3acc9aa2e8b8cf/element/f.B3DE6F40683FFAB1CA736CEEF5589B44.d.3C32BA79F644EB5E6842D0235C654F90.e.7727/click - {}
RESULT: {}
COMMAND: GET /session/4dda79d38857d1487a3acc9aa2e8b8cf/screenshot - {}
RESULT: {}
COMMAND: POST /session/4dda79d38857d1487a3acc9aa2e8b8cf/element - {"using":"xpath","value":"//input[contains(@id ,\"searchField-I\")]"}
RESULT: {"using":"xpath","value":"//input[contains(@id ,\"searchField-I\")]"}
COMMAND: POST /session/4dda79d38857d1487a3acc9aa2e8b8cf/element/f.B3DE6F40683FFAB1CA736CEEF5589B44.d.3C32BA79F644EB5E6842D0235C654F90.e.7974/clear - {}
RESULT: {}
COMMAND: POST /session/4dda79d38857d1487a3acc9aa2e8b8cf/element/f.B3DE6F40683FFAB1CA736CEEF5589B44.d.3C32BA79F644EB5E6842D0235C654F90.e.7974/value - {"text":"tags"}
COMMAND: GET /session/4dda79d38857d1487a3acc9aa2e8b8cf/screenshot - {}
RESULT: {"text":"tags"}
COMMAND: GET /session/4dda79d38857d1487a3acc9aa2e8b8cf/screenshot - {}
RESULT: {}
RESULT: {}
COMMAND: POST /session/4dda79d38857d1487a3acc9aa2e8b8cf/element - {"using":"xpath","value":"(//div[contains(@id ,\"selectMulti\")][@role=\"checkbox\"])[8]"}
RESULT: {"using":"xpath","value":"(//div[contains(@id ,\"selectMulti\")][@role=\"checkbox\"])[8]"}
COMMAND: POST /session/4dda79d38857d1487a3acc9aa2e8b8cf/element/f.B3DE6F40683FFAB1CA736CEEF5589B44.d.3C32BA79F644EB5E6842D0235C654F90.e.8042/click - {}
RESULT: {}
COMMAND: GET /session/4dda79d38857d1487a3acc9aa2e8b8cf/screenshot - {}
RESULT: {}
COMMAND: POST /session/4dda79d38857d1487a3acc9aa2e8b8cf/element - {"using":"xpath","value":"//div[contains(@id ,\"searchField-reset\")]"}
RESULT: {"using":"xpath","value":"//div[contains(@id ,\"searchField-reset\")]"}
COMMAND: POST /session/4dda79d38857d1487a3acc9aa2e8b8cf/element - {"using":"xpath","value":"//input[contains(@id ,\"searchField-I\")]"}
RESULT: {"using":"xpath","value":"//input[contains(@id ,\"searchField-I\")]"}
COMMAND: POST /session/4dda79d38857d1487a3acc9aa2e8b8cf/element/f.B3DE6F40683FFAB1CA736CEEF5589B44.d.3C32BA79F644EB5E6842D0235C654F90.e.7974/clear - {}
RESULT: {}
COMMAND: POST /session/4dda79d38857d1487a3acc9aa2e8b8cf/element/f.B3DE6F40683FFAB1CA736CEEF5589B44.d.3C32BA79F644EB5E6842D0235C654F90.e.7974/value - {"text":"status"}
COMMAND: GET /session/4dda79d38857d1487a3acc9aa2e8b8cf/screenshot - {}
RESULT: {"text":"status"}
COMMAND: GET /session/4dda79d38857d1487a3acc9aa2e8b8cf/screenshot - {}
RESULT: {}
RESULT: {}
COMMAND: POST /session/4dda79d38857d1487a3acc9aa2e8b8cf/element - {"using":"xpath","value":"(//div[contains(@id ,\"selectMulti\")][@role=\"checkbox\"])[8]"}
RESULT: {"using":"xpath","value":"(//div[contains(@id ,\"selectMulti\")][@role=\"checkbox\"])[8]"}
COMMAND: POST /session/4dda79d38857d1487a3acc9aa2e8b8cf/element/f.B3DE6F40683FFAB1CA736CEEF5589B44.d.3C32BA79F644EB5E6842D0235C654F90.e.8042/click - {}
RESULT: {}
COMMAND: GET /session/4dda79d38857d1487a3acc9aa2e8b8cf/screenshot - {}
RESULT: {}
COMMAND: POST /session/4dda79d38857d1487a3acc9aa2e8b8cf/element - {"using":"xpath","value":"//bdi[contains(@id ,\"confirmBtn-BDI-content\")]"}
RESULT: {"using":"xpath","value":"//bdi[contains(@id ,\"confirmBtn-BDI-content\")]"}
COMMAND: POST /session/4dda79d38857d1487a3acc9aa2e8b8cf/element/f.B3DE6F40683FFAB1CA736CEEF5589B44.d.3C32BA79F644EB5E6842D0235C654F90.e.8051/click - {}
RESULT: {}
COMMAND: GET /session/4dda79d38857d1487a3acc9aa2e8b8cf/screenshot - {}
RESULT: {}
COMMAND: POST /session/4dda79d38857d1487a3acc9aa2e8b8cf/element - {"using":"xpath","value":"(//span[contains(text(), \"Status\")])[2]"}
RESULT: {"using":"xpath","value":"(//span[contains(text(), \"Status\")])[2]"}
COMMAND: POST /session/4dda79d38857d1487a3acc9aa2e8b8cf/element - {"using":"xpath","value":"(//span[contains(text(), \"Status\")])[2]"}
RESULT: {"using":"xpath","value":"(//span[contains(text(), \"Status\")])[2]"}
COMMAND: POST /session/4dda79d38857d1487a3acc9aa2e8b8cf/element - {"using":"xpath","value":"(//bdi[contains(text(), \"Tags\")])[2]"}
RESULT: {"using":"xpath","value":"(//bdi[contains(text(), \"Tags\")])[2]"}
COMMAND: POST /session/4dda79d38857d1487a3acc9aa2e8b8cf/execute/sync - {"script":"<script> [8489 bytes]","args":[{"element-6066-11e4-a52e-4f735466cecf":"f.B3DE6F40683FFAB1CA736CEEF5589B44.d.3C32BA79F644EB5E6842D0235C654F90.e.8058","ELEMENT":"f.B3DE6F40683FFAB1CA736CEEF5589B44.d.3C32BA79F644EB5E6842D0235C654F90.e.8058"}]}
RESULT: {"script":"<script> [8489 bytes]","args":[{"element-6066-11e4-a52e-4f735466cecf":"f.B3DE6F40683FFAB1CA736CEEF5589B44.d.3C32BA79F644EB5E6842D0235C654F90.e.8058","ELEMENT":"f.B3DE6F40683FFAB1CA736CEEF5589B44.d.3C32BA79F644EB5E6842D0235C654F90.e.8058"}]}
COMMAND: POST /session/4dda79d38857d1487a3acc9aa2e8b8cf/element - {"using":"xpath","value":"//span[contains(@title ,\"Remove\")]"}
COMMAND: GET /session/4dda79d38857d1487a3acc9aa2e8b8cf/screenshot - {}
RESULT: {"using":"xpath","value":"//span[contains(@title ,\"Remove\")]"}
COMMAND: POST /session/4dda79d38857d1487a3acc9aa2e8b8cf/element/f.B3DE6F40683FFAB1CA736CEEF5589B44.d.3C32BA79F644EB5E6842D0235C654F90.e.8059/click - {}
RESULT: {}
RESULT: {}
COMMAND: GET /session/4dda79d38857d1487a3acc9aa2e8b8cf/screenshot - {}
RESULT: {}
COMMAND: POST /session/4dda79d38857d1487a3acc9aa2e8b8cf/element - {"using":"xpath","value":"//button[contains(@id ,\"btnDeleteRequest\")]"}
RESULT: {"using":"xpath","value":"//button[contains(@id ,\"btnDeleteRequest\")]"}
COMMAND: POST /session/4dda79d38857d1487a3acc9aa2e8b8cf/element - {"using":"xpath","value":"//button[contains(@id ,\"btnDeleteRequest\")]"}
RESULT: {"using":"xpath","value":"//button[contains(@id ,\"btnDeleteRequest\")]"}
COMMAND: POST /session/4dda79d38857d1487a3acc9aa2e8b8cf/element - {"using":"xpath","value":"(//span[contains(text(), \"Draft\")])[1]"}
RESULT: {"using":"xpath","value":"(//span[contains(text(), \"Draft\")])[1]"}
COMMAND: POST /session/4dda79d38857d1487a3acc9aa2e8b8cf/element/f.B3DE6F40683FFAB1CA736CEEF5589B44.d.3C32BA79F644EB5E6842D0235C654F90.e.8087/click - {}
RESULT: {}
COMMAND: GET /session/4dda79d38857d1487a3acc9aa2e8b8cf/screenshot - {}
RESULT: {}
COMMAND: POST /session/4dda79d38857d1487a3acc9aa2e8b8cf/element - {"using":"xpath","value":"//button[contains(@id ,\"btnDeleteRequest\")]"}
RESULT: {"using":"xpath","value":"//button[contains(@id ,\"btnDeleteRequest\")]"}
COMMAND: POST /session/4dda79d38857d1487a3acc9aa2e8b8cf/execute/sync - {"script":"<script> [8489 bytes]","args":[{"element-6066-11e4-a52e-4f735466cecf":"f.B3DE6F40683FFAB1CA736CEEF5589B44.d.3C32BA79F644EB5E6842D0235C654F90.e.8118","ELEMENT":"f.B3DE6F40683FFAB1CA736CEEF5589B44.d.3C32BA79F644EB5E6842D0235C654F90.e.8118"}]}
RESULT: {"script":"<script> [8489 bytes]","args":[{"element-6066-11e4-a52e-4f735466cecf":"f.B3DE6F40683FFAB1CA736CEEF5589B44.d.3C32BA79F644EB5E6842D0235C654F90.e.8118","ELEMENT":"f.B3DE6F40683FFAB1CA736CEEF5589B44.d.3C32BA79F644EB5E6842D0235C654F90.e.8118"}]}
COMMAND: POST /session/4dda79d38857d1487a3acc9aa2e8b8cf/element - {"using":"xpath","value":"(//span[contains(text(), \"Proposal\")])[1]"}
COMMAND: GET /session/4dda79d38857d1487a3acc9aa2e8b8cf/screenshot - {}
RESULT: {"using":"xpath","value":"(//span[contains(text(), \"Proposal\")])[1]"}
COMMAND: POST /session/4dda79d38857d1487a3acc9aa2e8b8cf/element/f.B3DE6F40683FFAB1CA736CEEF5589B44.d.3C32BA79F644EB5E6842D0235C654F90.e.8167/click - {}
RESULT: {}
RESULT: {}
COMMAND: GET /session/4dda79d38857d1487a3acc9aa2e8b8cf/screenshot - {}
RESULT: {}
COMMAND: POST /session/4dda79d38857d1487a3acc9aa2e8b8cf/execute/sync - {"script":"<script> [8489 bytes]","args":[{"element-6066-11e4-a52e-4f735466cecf":"f.B3DE6F40683FFAB1CA736CEEF5589B44.d.3C32BA79F644EB5E6842D0235C654F90.e.8118","ELEMENT":"f.B3DE6F40683FFAB1CA736CEEF5589B44.d.3C32BA79F644EB5E6842D0235C654F90.e.8118"}]}
RESULT: {"script":"<script> [8489 bytes]","args":[{"element-6066-11e4-a52e-4f735466cecf":"f.B3DE6F40683FFAB1CA736CEEF5589B44.d.3C32BA79F644EB5E6842D0235C654F90.e.8118","ELEMENT":"f.B3DE6F40683FFAB1CA736CEEF5589B44.d.3C32BA79F644EB5E6842D0235C654F90.e.8118"}]}
COMMAND: GET /session/4dda79d38857d1487a3acc9aa2e8b8cf/screenshot - {}
RESULT: {}
COMMAND: DELETE /session/4dda79d38857d1487a3acc9aa2e8b8cf - {}
RESULT: {}
]]></system-out>
    </testcase>
  </testsuite>
</testsuites>