<?xml version="1.0" encoding="UTF-8"?>
<testsuites tests="12" failures="10" errors="10" skipped="0">
  <testsuite timestamp="2025-04-29T16:35:15" time="594.099" tests="9" failures="9" errors="9" skipped="0">
    <properties>
      <property name="specId" value="0" />
      <property name="suiteName" value="Create masterdata for Yard Overview - mass return US131057" />
      <property name="capabilities" value="chrome.135_0_7049_42.windows" />
      <property name="file" value="file:///D:/a/1/s/test/specs/HTR/yard-Mass-Return.spec.js" />
    </properties>
  </testsuite>
  <testsuite timestamp="2025-04-29T16:45:09" time="285.356" tests="3" failures="1" errors="1" skipped="0">
    <properties>
      <property name="specId" value="0" />
      <property name="suiteName" value="Yard Overview Autoplanning US130989" />
      <property name="capabilities" value="chrome.135_0_7049_42.windows" />
      <property name="file" value="file:///D:/a/1/s/test/specs/HTR/yard-overview-autoplanning.spec.js" />
    </properties>
    <testcase classname="chrome.135_0_7049_42.windows.Yard_Overview_Autoplanning_US130989" name="Should create a new Material" time="104.091">
      <system-out><![CDATA[
COMMAND: POST /session/4eb896b58612ba24cae92fecc03346af/execute/async - {"script":"<script> [1562 bytes]","args":[{"selector":{"controlType":"sap.m.GenericTile","properties":{"header":"Manage Resources"}},"wdio_ui5_key":"sapm.GenericTile{\"header\":\"Manage Resources\"}"}]}
RESULT: {}
RESULT: {"script":"<script> [1562 bytes]","args":[{"selector":{"controlType":"sap.m.GenericTile","properties":{"header":"Manage Resources"}},"wdio_ui5_key":"sapm.GenericTile{\"header\":\"Manage Resources\"}"}]}
RESULT: undefined
COMMAND: POST /session/4eb896b58612ba24cae92fecc03346af/element - {"using":"xpath","value":"//*[@id=\"__tile39\"]"}
RESULT: {"using":"xpath","value":"//*[@id=\"__tile39\"]"}
COMMAND: POST /session/4eb896b58612ba24cae92fecc03346af/element/f.57EC9BB150A007822AA0EC4158E00280.d.245EF7CD715358A948A2FD423F85FFC9.e.626/click - {}
RESULT: {}
COMMAND: GET /session/4eb896b58612ba24cae92fecc03346af/screenshot - {}
RESULT: {}
COMMAND: POST /session/4eb896b58612ba24cae92fecc03346af/execute/async - {"script":"<script> [1562 bytes]","args":[{"selector":{"controlType":"sap.ui.core.Icon","viewName":"etm.portal.ui.manageresources.view.Master","viewId":"application-manageresources-display-component---masterRU","properties":{"src":{"regex":{"source":"add"}}}},"wdio_ui5_key":"etmportal.ui.manageresources.view.Mastersap.ui.core.Icon{\"src\":{\"regex\":{\"source\":\"add\"}}}"}]}
RESULT: {"script":"<script> [1562 bytes]","args":[{"selector":{"controlType":"sap.ui.core.Icon","viewName":"etm.portal.ui.manageresources.view.Master","viewId":"application-manageresources-display-component---masterRU","properties":{"src":{"regex":{"source":"add"}}}},"wdio_ui5_key":"etmportal.ui.manageresources.view.Mastersap.ui.core.Icon{\"src\":{\"regex\":{\"source\":\"add\"}}}"}]}
RESULT: undefined
COMMAND: POST /session/4eb896b58612ba24cae92fecc03346af/element - {"using":"xpath","value":"//*[@id=\"__button5-img\"]"}
RESULT: {"using":"xpath","value":"//*[@id=\"__button5-img\"]"}
COMMAND: POST /session/4eb896b58612ba24cae92fecc03346af/element/f.57EC9BB150A007822AA0EC4158E00280.d.245EF7CD715358A948A2FD423F85FFC9.e.671/click - {}
RESULT: {}
COMMAND: GET /session/4eb896b58612ba24cae92fecc03346af/screenshot - {}
RESULT: {}
COMMAND: POST /session/4eb896b58612ba24cae92fecc03346af/execute/async - {"script":"<script> [1562 bytes]","args":[{"selector":{"id":"application-manageresources-display-component---newResourceUnit--TYPE-arrow"},"wdio_ui5_key":"applicationmanageresources-display-component---newResourceUnit--TYPE-arrow"}]}
RESULT: {"script":"<script> [1562 bytes]","args":[{"selector":{"id":"application-manageresources-display-component---newResourceUnit--TYPE-arrow"},"wdio_ui5_key":"applicationmanageresources-display-component---newResourceUnit--TYPE-arrow"}]}
RESULT: undefined
COMMAND: POST /session/4eb896b58612ba24cae92fecc03346af/element - {"using":"xpath","value":"//*[@id=\"application-manageresources-display-component---newResourceUnit--TYPE-arrow\"]"}
RESULT: {"using":"xpath","value":"//*[@id=\"application-manageresources-display-component---newResourceUnit--TYPE-arrow\"]"}
COMMAND: POST /session/4eb896b58612ba24cae92fecc03346af/element/f.57EC9BB150A007822AA0EC4158E00280.d.245EF7CD715358A948A2FD423F85FFC9.e.986/click - {}
RESULT: {}
COMMAND: POST /session/4eb896b58612ba24cae92fecc03346af/execute/async - {"script":"<script> [1562 bytes]","args":[{"selector":{"controlType":"sap.m.StandardListItem","viewName":"reusables.view.manageresources.NewResourceUnit","viewId":"application-manageresources-display-component---newResourceUnit","properties":{"title":"Material"},"searchOpenDialogs":true,"interaction":{"idSuffix":"titleText"}},"wdio_ui5_key":"reusablesview.manageresources.NewResourceUnitsap.m.StandardListItem{\"title\":\"Material\"}"}]}
COMMAND: GET /session/4eb896b58612ba24cae92fecc03346af/screenshot - {}
RESULT: {"script":"<script> [1562 bytes]","args":[{"selector":{"controlType":"sap.m.StandardListItem","viewName":"reusables.view.manageresources.NewResourceUnit","viewId":"application-manageresources-display-component---newResourceUnit","properties":{"title":"Material"},"searchOpenDialogs":true,"interaction":{"idSuffix":"titleText"}},"wdio_ui5_key":"reusablesview.manageresources.NewResourceUnitsap.m.StandardListItem{\"title\":\"Material\"}"}]}
RESULT: undefined
COMMAND: POST /session/4eb896b58612ba24cae92fecc03346af/element - {"using":"xpath","value":"//*[@id=\"__item144\"]"}
RESULT: {}
RESULT: {"using":"xpath","value":"//*[@id=\"__item144\"]"}
COMMAND: POST /session/4eb896b58612ba24cae92fecc03346af/element/f.57EC9BB150A007822AA0EC4158E00280.d.245EF7CD715358A948A2FD423F85FFC9.e.989/click - {}
RESULT: {}
COMMAND: GET /session/4eb896b58612ba24cae92fecc03346af/screenshot - {}
RESULT: {}
COMMAND: POST /session/4eb896b58612ba24cae92fecc03346af/execute/async - {"script":"<script> [1562 bytes]","args":[{"selector":{"id":"application-manageresources-display-component---newResourceUnit--SHORT_TEXT","interaction":{"idSuffix":"inner"}},"wdio_ui5_key":"applicationmanageresources-display-component---newResourceUnit--SHORT_TEXT"}]}
RESULT: {"script":"<script> [1562 bytes]","args":[{"selector":{"id":"application-manageresources-display-component---newResourceUnit--SHORT_TEXT","interaction":{"idSuffix":"inner"}},"wdio_ui5_key":"applicationmanageresources-display-component---newResourceUnit--SHORT_TEXT"}]}
RESULT: undefined
COMMAND: POST /session/4eb896b58612ba24cae92fecc03346af/execute/async - {"script":"<script> [776 bytes]","args":[{"enterText":"AutoplanYOmaterial","selector":{"id":"application-manageresources-display-component---newResourceUnit--SHORT_TEXT","interaction":{"idSuffix":"inner"}},"clearTextFirst":true,"interactionType":"ENTER_TEXT"}]}
RESULT: {"script":"<script> [776 bytes]","args":[{"enterText":"AutoplanYOmaterial","selector":{"id":"application-manageresources-display-component---newResourceUnit--SHORT_TEXT","interaction":{"idSuffix":"inner"}},"clearTextFirst":true,"interactionType":"ENTER_TEXT"}]}
COMMAND: POST /session/4eb896b58612ba24cae92fecc03346af/execute/async - {"script":"<script> [1562 bytes]","args":[{"selector":{"id":"application-manageresources-display-component---newResourceUnit--BASE_UNIT_OF_MEASURE","interaction":{"idSuffix":"inner"}},"wdio_ui5_key":"applicationmanageresources-display-component---newResourceUnit--BASE_UNIT_OF_MEASURE"}]}
RESULT: {"script":"<script> [1562 bytes]","args":[{"selector":{"id":"application-manageresources-display-component---newResourceUnit--BASE_UNIT_OF_MEASURE","interaction":{"idSuffix":"inner"}},"wdio_ui5_key":"applicationmanageresources-display-component---newResourceUnit--BASE_UNIT_OF_MEASURE"}]}
RESULT: undefined
COMMAND: POST /session/4eb896b58612ba24cae92fecc03346af/execute/async - {"script":"<script> [776 bytes]","args":[{"enterText":"Piece","selector":{"id":"application-manageresources-display-component---newResourceUnit--BASE_UNIT_OF_MEASURE","interaction":{"idSuffix":"inner"}},"clearTextFirst":true,"interactionType":"ENTER_TEXT"}]}
RESULT: {"script":"<script> [776 bytes]","args":[{"enterText":"Piece","selector":{"id":"application-manageresources-display-component---newResourceUnit--BASE_UNIT_OF_MEASURE","interaction":{"idSuffix":"inner"}},"clearTextFirst":true,"interactionType":"ENTER_TEXT"}]}
COMMAND: POST /session/4eb896b58612ba24cae92fecc03346af/execute/async - {"script":"<script> [1562 bytes]","args":[{"selector":{"id":"application-manageresources-display-component---newResourceUnit--WEIGHT_UNIT","interaction":{"idSuffix":"inner"}},"wdio_ui5_key":"applicationmanageresources-display-component---newResourceUnit--WEIGHT_UNIT"}]}
RESULT: {"script":"<script> [1562 bytes]","args":[{"selector":{"id":"application-manageresources-display-component---newResourceUnit--WEIGHT_UNIT","interaction":{"idSuffix":"inner"}},"wdio_ui5_key":"applicationmanageresources-display-component---newResourceUnit--WEIGHT_UNIT"}]}
RESULT: undefined
COMMAND: POST /session/4eb896b58612ba24cae92fecc03346af/execute/async - {"script":"<script> [776 bytes]","args":[{"enterText":"Gram","selector":{"id":"application-manageresources-display-component---newResourceUnit--WEIGHT_UNIT","interaction":{"idSuffix":"inner"}},"clearTextFirst":true,"interactionType":"ENTER_TEXT"}]}
RESULT: {"script":"<script> [776 bytes]","args":[{"enterText":"Gram","selector":{"id":"application-manageresources-display-component---newResourceUnit--WEIGHT_UNIT","interaction":{"idSuffix":"inner"}},"clearTextFirst":true,"interactionType":"ENTER_TEXT"}]}
COMMAND: POST /session/4eb896b58612ba24cae92fecc03346af/execute/async - {"script":"<script> [1562 bytes]","args":[{"selector":{"id":"application-manageresources-display-component---newResourceUnit--DIMENSION_UNIT","interaction":{"idSuffix":"inner"}},"wdio_ui5_key":"applicationmanageresources-display-component---newResourceUnit--DIMENSION_UNIT"}]}
RESULT: {"script":"<script> [1562 bytes]","args":[{"selector":{"id":"application-manageresources-display-component---newResourceUnit--DIMENSION_UNIT","interaction":{"idSuffix":"inner"}},"wdio_ui5_key":"applicationmanageresources-display-component---newResourceUnit--DIMENSION_UNIT"}]}
RESULT: undefined
COMMAND: POST /session/4eb896b58612ba24cae92fecc03346af/execute/async - {"script":"<script> [776 bytes]","args":[{"enterText":"Meter","selector":{"id":"application-manageresources-display-component---newResourceUnit--DIMENSION_UNIT","interaction":{"idSuffix":"inner"}},"clearTextFirst":true,"interactionType":"ENTER_TEXT"}]}
RESULT: {"script":"<script> [776 bytes]","args":[{"enterText":"Meter","selector":{"id":"application-manageresources-display-component---newResourceUnit--DIMENSION_UNIT","interaction":{"idSuffix":"inner"}},"clearTextFirst":true,"interactionType":"ENTER_TEXT"}]}
COMMAND: POST /session/4eb896b58612ba24cae92fecc03346af/execute/async - {"script":"<script> [1562 bytes]","args":[{"selector":{"id":"application-manageresources-display-component---newResourceUnit--PLANNING_GROUP","interaction":{"idSuffix":"inner"}},"wdio_ui5_key":"applicationmanageresources-display-component---newResourceUnit--PLANNING_GROUP"}]}
RESULT: {"script":"<script> [1562 bytes]","args":[{"selector":{"id":"application-manageresources-display-component---newResourceUnit--PLANNING_GROUP","interaction":{"idSuffix":"inner"}},"wdio_ui5_key":"applicationmanageresources-display-component---newResourceUnit--PLANNING_GROUP"}]}
RESULT: undefined
COMMAND: POST /session/4eb896b58612ba24cae92fecc03346af/execute/async - {"script":"<script> [776 bytes]","args":[{"enterText":"Heavy","selector":{"id":"application-manageresources-display-component---newResourceUnit--PLANNING_GROUP","interaction":{"idSuffix":"inner"}},"clearTextFirst":true,"interactionType":"ENTER_TEXT"}]}
RESULT: {"script":"<script> [776 bytes]","args":[{"enterText":"Heavy","selector":{"id":"application-manageresources-display-component---newResourceUnit--PLANNING_GROUP","interaction":{"idSuffix":"inner"}},"clearTextFirst":true,"interactionType":"ENTER_TEXT"}]}
COMMAND: POST /session/4eb896b58612ba24cae92fecc03346af/execute/async - {"script":"<script> [1562 bytes]","args":[{"selector":{"id":"application-manageresources-display-component---newResourceUnit--PLANNING_INDICATOR","interaction":{"idSuffix":"inner"}},"wdio_ui5_key":"applicationmanageresources-display-component---newResourceUnit--PLANNING_INDICATOR"}]}
RESULT: {"script":"<script> [1562 bytes]","args":[{"selector":{"id":"application-manageresources-display-component---newResourceUnit--PLANNING_INDICATOR","interaction":{"idSuffix":"inner"}},"wdio_ui5_key":"applicationmanageresources-display-component---newResourceUnit--PLANNING_INDICATOR"}]}
RESULT: undefined
COMMAND: POST /session/4eb896b58612ba24cae92fecc03346af/execute/async - {"script":"<script> [776 bytes]","args":[{"enterText":"10 - infinite","selector":{"id":"application-manageresources-display-component---newResourceUnit--PLANNING_INDICATOR","interaction":{"idSuffix":"inner"}},"clearTextFirst":true,"interactionType":"ENTER_TEXT"}]}
RESULT: {"script":"<script> [776 bytes]","args":[{"enterText":"10 - infinite","selector":{"id":"application-manageresources-display-component---newResourceUnit--PLANNING_INDICATOR","interaction":{"idSuffix":"inner"}},"clearTextFirst":true,"interactionType":"ENTER_TEXT"}]}
COMMAND: POST /session/4eb896b58612ba24cae92fecc03346af/actions - {"actions":[{"id":"action3","type":"key","parameters":{},"actions":[{"type":"keyDown","value":"î€‡"},{"type":"pause","duration":10},{"type":"keyUp","value":"î€‡"}]}]}
RESULT: {"actions":[{"id":"action3","type":"key","parameters":{},"actions":[{"type":"keyDown","value":"î€‡"},{"type":"pause","duration":10},{"type":"keyUp","value":"î€‡"}]}]}
COMMAND: POST /session/4eb896b58612ba24cae92fecc03346af/execute/async - {"script":"<script> [1562 bytes]","args":[{"selector":{"id":"application-manageresources-display-component---newResourceUnit--newRRUPage-anchBar-application-manageresources-display-component---newResourceUnit--control-anchor","interaction":{"idSuffix":"BDI-content"}},"wdio_ui5_key":"applicationmanageresources-display-component---newResourceUnit--newRRUPage-anchBar-application-manageresources-display-component---newResourceUnit--control-anchor"}]}
COMMAND: GET /session/4eb896b58612ba24cae92fecc03346af/screenshot - {}
RESULT: {"script":"<script> [1562 bytes]","args":[{"selector":{"id":"application-manageresources-display-component---newResourceUnit--newRRUPage-anchBar-application-manageresources-display-component---newResourceUnit--control-anchor","interaction":{"idSuffix":"BDI-content"}},"wdio_ui5_key":"applicationmanageresources-display-component---newResourceUnit--newRRUPage-anchBar-application-manageresources-display-component---newResourceUnit--control-anchor"}]}
RESULT: undefined
COMMAND: POST /session/4eb896b58612ba24cae92fecc03346af/element - {"using":"xpath","value":"//*[@id=\"application-manageresources-display-component---newResourceUnit--newRRUPage-anchBar-application-manageresources-display-component---newResourceUnit--control-anchor\"]"}
RESULT: {}
RESULT: {"using":"xpath","value":"//*[@id=\"application-manageresources-display-component---newResourceUnit--newRRUPage-anchBar-application-manageresources-display-component---newResourceUnit--control-anchor\"]"}
COMMAND: POST /session/4eb896b58612ba24cae92fecc03346af/element/f.57EC9BB150A007822AA0EC4158E00280.d.245EF7CD715358A948A2FD423F85FFC9.e.1061/click - {}
RESULT: {}
COMMAND: POST /session/4eb896b58612ba24cae92fecc03346af/execute/async - {"script":"<script> [1562 bytes]","args":[{"selector":{"id":"application-manageresources-display-component---newResourceUnit--btnAddTimeSegment-img"},"wdio_ui5_key":"applicationmanageresources-display-component---newResourceUnit--btnAddTimeSegment-img"}]}
COMMAND: GET /session/4eb896b58612ba24cae92fecc03346af/screenshot - {}
RESULT: {"script":"<script> [1562 bytes]","args":[{"selector":{"id":"application-manageresources-display-component---newResourceUnit--btnAddTimeSegment-img"},"wdio_ui5_key":"applicationmanageresources-display-component---newResourceUnit--btnAddTimeSegment-img"}]}
RESULT: undefined
COMMAND: POST /session/4eb896b58612ba24cae92fecc03346af/element - {"using":"xpath","value":"//*[@id=\"application-manageresources-display-component---newResourceUnit--btnAddTimeSegment-img\"]"}
RESULT: {}
RESULT: {"using":"xpath","value":"//*[@id=\"application-manageresources-display-component---newResourceUnit--btnAddTimeSegment-img\"]"}
COMMAND: POST /session/4eb896b58612ba24cae92fecc03346af/element/f.57EC9BB150A007822AA0EC4158E00280.d.245EF7CD715358A948A2FD423F85FFC9.e.1064/click - {}
RESULT: {}
COMMAND: POST /session/4eb896b58612ba24cae92fecc03346af/element - {"using":"xpath","value":"//input[@id=\"application-manageresources-display-component---newResourceUnit--idRuTSAdmin-application-manageresources-display-component---newResourceUnit--RUTimeSegment-0-inner\"]"}
COMMAND: GET /session/4eb896b58612ba24cae92fecc03346af/screenshot - {}
RESULT: {"using":"xpath","value":"//input[@id=\"application-manageresources-display-component---newResourceUnit--idRuTSAdmin-application-manageresources-display-component---newResourceUnit--RUTimeSegment-0-inner\"]"}
COMMAND: POST /session/4eb896b58612ba24cae92fecc03346af/element/f.57EC9BB150A007822AA0EC4158E00280.d.245EF7CD715358A948A2FD423F85FFC9.e.1069/clear - {}
RESULT: {}
RESULT: {}
COMMAND: POST /session/4eb896b58612ba24cae92fecc03346af/element/f.57EC9BB150A007822AA0EC4158E00280.d.245EF7CD715358A948A2FD423F85FFC9.e.1069/value - {"text":"Webdriver Yard"}
COMMAND: GET /session/4eb896b58612ba24cae92fecc03346af/screenshot - {}
RESULT: {"text":"Webdriver Yard"}
COMMAND: GET /session/4eb896b58612ba24cae92fecc03346af/screenshot - {}
RESULT: {}
RESULT: {}
COMMAND: POST /session/4eb896b58612ba24cae92fecc03346af/actions - {"actions":[{"id":"action4","type":"key","parameters":{},"actions":[{"type":"keyDown","value":"î€‡"},{"type":"pause","duration":10},{"type":"keyUp","value":"î€‡"}]}]}
RESULT: {"actions":[{"id":"action4","type":"key","parameters":{},"actions":[{"type":"keyDown","value":"î€‡"},{"type":"pause","duration":10},{"type":"keyUp","value":"î€‡"}]}]}
COMMAND: GET /session/4eb896b58612ba24cae92fecc03346af/screenshot - {}
RESULT: {}
COMMAND: POST /session/4eb896b58612ba24cae92fecc03346af/element - {"using":"xpath","value":"//*[contains(text(), \"Catalogs\")][contains(@id ,\"application-manageresources-display-component---newResourceUnit--newRRUPage-anchBar\")]"}
RESULT: {"using":"xpath","value":"//*[contains(text(), \"Catalogs\")][contains(@id ,\"application-manageresources-display-component---newResourceUnit--newRRUPage-anchBar\")]"}
COMMAND: POST /session/4eb896b58612ba24cae92fecc03346af/element/f.57EC9BB150A007822AA0EC4158E00280.d.245EF7CD715358A948A2FD423F85FFC9.e.1080/click - {}
RESULT: {}
COMMAND: GET /session/4eb896b58612ba24cae92fecc03346af/screenshot - {}
RESULT: {}
COMMAND: POST /session/4eb896b58612ba24cae92fecc03346af/element - {"using":"xpath","value":"//*[contains(text(), \"Assign\")][contains(@id ,\"button\")]"}
RESULT: {"using":"xpath","value":"//*[contains(text(), \"Assign\")][contains(@id ,\"button\")]"}
COMMAND: POST /session/4eb896b58612ba24cae92fecc03346af/element/f.57EC9BB150A007822AA0EC4158E00280.d.245EF7CD715358A948A2FD423F85FFC9.e.1085/click - {}
RESULT: {}
COMMAND: GET /session/4eb896b58612ba24cae92fecc03346af/screenshot - {}
RESULT: {}
COMMAND: POST /session/4eb896b58612ba24cae92fecc03346af/element - {"using":"xpath","value":"//input[@id=\"application-manageresources-display-component---newResourceUnit--catalogSelect-inner\"]"}
RESULT: {"using":"xpath","value":"//input[@id=\"application-manageresources-display-component---newResourceUnit--catalogSelect-inner\"]"}
COMMAND: POST /session/4eb896b58612ba24cae92fecc03346af/element/f.57EC9BB150A007822AA0EC4158E00280.d.245EF7CD715358A948A2FD423F85FFC9.e.1087/clear - {}
RESULT: {}
COMMAND: POST /session/4eb896b58612ba24cae92fecc03346af/element/f.57EC9BB150A007822AA0EC4158E00280.d.245EF7CD715358A948A2FD423F85FFC9.e.1087/value - {"text":"Webshop"}
COMMAND: GET /session/4eb896b58612ba24cae92fecc03346af/screenshot - {}
RESULT: {}
RESULT: {"text":"Webshop"}
COMMAND: GET /session/4eb896b58612ba24cae92fecc03346af/screenshot - {}
RESULT: {}
COMMAND: POST /session/4eb896b58612ba24cae92fecc03346af/actions - {"actions":[{"id":"action5","type":"key","parameters":{},"actions":[{"type":"keyDown","value":"î€‡"},{"type":"pause","duration":10},{"type":"keyUp","value":"î€‡"}]}]}
RESULT: {"actions":[{"id":"action5","type":"key","parameters":{},"actions":[{"type":"keyDown","value":"î€‡"},{"type":"pause","duration":10},{"type":"keyUp","value":"î€‡"}]}]}
COMMAND: GET /session/4eb896b58612ba24cae92fecc03346af/screenshot - {}
RESULT: {}
COMMAND: POST /session/4eb896b58612ba24cae92fecc03346af/element - {"using":"xpath","value":"//input[@id=\"application-manageresources-display-component---newResourceUnit--catalogItemSelect-inner\"]"}
RESULT: {"using":"xpath","value":"//input[@id=\"application-manageresources-display-component---newResourceUnit--catalogItemSelect-inner\"]"}
COMMAND: POST /session/4eb896b58612ba24cae92fecc03346af/element/f.57EC9BB150A007822AA0EC4158E00280.d.245EF7CD715358A948A2FD423F85FFC9.e.1089/clear - {}
RESULT: {}
COMMAND: POST /session/4eb896b58612ba24cae92fecc03346af/element/f.57EC9BB150A007822AA0EC4158E00280.d.245EF7CD715358A948A2FD423F85FFC9.e.1089/value - {"text":"Concert"}
COMMAND: GET /session/4eb896b58612ba24cae92fecc03346af/screenshot - {}
RESULT: {"text":"Concert"}
COMMAND: GET /session/4eb896b58612ba24cae92fecc03346af/screenshot - {}
RESULT: {}
RESULT: {}
COMMAND: POST /session/4eb896b58612ba24cae92fecc03346af/actions - {"actions":[{"id":"action6","type":"key","parameters":{},"actions":[{"type":"keyDown","value":"î€•"},{"type":"pause","duration":10},{"type":"keyUp","value":"î€•"}]}]}
RESULT: {"actions":[{"id":"action6","type":"key","parameters":{},"actions":[{"type":"keyDown","value":"î€•"},{"type":"pause","duration":10},{"type":"keyUp","value":"î€•"}]}]}
COMMAND: POST /session/4eb896b58612ba24cae92fecc03346af/actions - {"actions":[{"id":"action7","type":"key","parameters":{},"actions":[{"type":"keyDown","value":"î€‡"},{"type":"pause","duration":10},{"type":"keyUp","value":"î€‡"}]}]}
COMMAND: GET /session/4eb896b58612ba24cae92fecc03346af/screenshot - {}
RESULT: {"actions":[{"id":"action7","type":"key","parameters":{},"actions":[{"type":"keyDown","value":"î€‡"},{"type":"pause","duration":10},{"type":"keyUp","value":"î€‡"}]}]}
COMMAND: POST /session/4eb896b58612ba24cae92fecc03346af/execute/async - {"script":"<script> [1562 bytes]","args":[{"selector":{"id":"application-manageresources-display-component---newResourceUnit--RUAssignmentSaveButton","searchOpenDialogs":true,"interaction":{"idSuffix":"BDI-content"}},"wdio_ui5_key":"applicationmanageresources-display-component---newResourceUnit--RUAssignmentSaveButton"}]}
COMMAND: GET /session/4eb896b58612ba24cae92fecc03346af/screenshot - {}
RESULT: {}
RESULT: {}
RESULT: {"script":"<script> [1562 bytes]","args":[{"selector":{"id":"application-manageresources-display-component---newResourceUnit--RUAssignmentSaveButton","searchOpenDialogs":true,"interaction":{"idSuffix":"BDI-content"}},"wdio_ui5_key":"applicationmanageresources-display-component---newResourceUnit--RUAssignmentSaveButton"}]}
RESULT: undefined
COMMAND: POST /session/4eb896b58612ba24cae92fecc03346af/element - {"using":"xpath","value":"//*[@id=\"application-manageresources-display-component---newResourceUnit--RUAssignmentSaveButton\"]"}
RESULT: {"using":"xpath","value":"//*[@id=\"application-manageresources-display-component---newResourceUnit--RUAssignmentSaveButton\"]"}
COMMAND: POST /session/4eb896b58612ba24cae92fecc03346af/element/f.57EC9BB150A007822AA0EC4158E00280.d.245EF7CD715358A948A2FD423F85FFC9.e.1110/click - {}
RESULT: {}
COMMAND: GET /session/4eb896b58612ba24cae92fecc03346af/screenshot - {}
RESULT: {}
COMMAND: POST /session/4eb896b58612ba24cae92fecc03346af/element - {"using":"xpath","value":"//bdi[@id=\"application-manageresources-display-component---newResourceUnit--createRuButton-BDI-content\" and text()=\"Save\"]"}
RESULT: {"using":"xpath","value":"//bdi[@id=\"application-manageresources-display-component---newResourceUnit--createRuButton-BDI-content\" and text()=\"Save\"]"}
COMMAND: POST /session/4eb896b58612ba24cae92fecc03346af/execute/sync - {"script":"<script> [8489 bytes]","args":[{"element-6066-11e4-a52e-4f735466cecf":"f.57EC9BB150A007822AA0EC4158E00280.d.245EF7CD715358A948A2FD423F85FFC9.e.1120","ELEMENT":"f.57EC9BB150A007822AA0EC4158E00280.d.245EF7CD715358A948A2FD423F85FFC9.e.1120"}]}
RESULT: {"script":"<script> [8489 bytes]","args":[{"element-6066-11e4-a52e-4f735466cecf":"f.57EC9BB150A007822AA0EC4158E00280.d.245EF7CD715358A948A2FD423F85FFC9.e.1120","ELEMENT":"f.57EC9BB150A007822AA0EC4158E00280.d.245EF7CD715358A948A2FD423F85FFC9.e.1120"}]}
COMMAND: POST /session/4eb896b58612ba24cae92fecc03346af/execute/sync - {"script":"<script> [5351 bytes]","args":[{"element-6066-11e4-a52e-4f735466cecf":"f.57EC9BB150A007822AA0EC4158E00280.d.245EF7CD715358A948A2FD423F85FFC9.e.1120","ELEMENT":"f.57EC9BB150A007822AA0EC4158E00280.d.245EF7CD715358A948A2FD423F85FFC9.e.1120"}]}
COMMAND: GET /session/4eb896b58612ba24cae92fecc03346af/screenshot - {}
RESULT: {"script":"<script> [5351 bytes]","args":[{"element-6066-11e4-a52e-4f735466cecf":"f.57EC9BB150A007822AA0EC4158E00280.d.245EF7CD715358A948A2FD423F85FFC9.e.1120","ELEMENT":"f.57EC9BB150A007822AA0EC4158E00280.d.245EF7CD715358A948A2FD423F85FFC9.e.1120"}]}
COMMAND: POST /session/4eb896b58612ba24cae92fecc03346af/element/f.57EC9BB150A007822AA0EC4158E00280.d.245EF7CD715358A948A2FD423F85FFC9.e.1120/click - {}
COMMAND: GET /session/4eb896b58612ba24cae92fecc03346af/screenshot - {}
RESULT: {}
RESULT: {}
COMMAND: GET /session/4eb896b58612ba24cae92fecc03346af/screenshot - {}
RESULT: {}
RESULT: {}
COMMAND: POST /session/4eb896b58612ba24cae92fecc03346af/element - {"using":"xpath","value":"//bdi[contains(@id, \"BDI-content\") and text()=\"Close\"]"}
RESULT: {"using":"xpath","value":"//bdi[contains(@id, \"BDI-content\") and text()=\"Close\"]"}
COMMAND: POST /session/4eb896b58612ba24cae92fecc03346af/execute/sync - {"script":"<script> [8489 bytes]","args":[{"element-6066-11e4-a52e-4f735466cecf":"f.57EC9BB150A007822AA0EC4158E00280.d.245EF7CD715358A948A2FD423F85FFC9.e.1124","ELEMENT":"f.57EC9BB150A007822AA0EC4158E00280.d.245EF7CD715358A948A2FD423F85FFC9.e.1124"}]}
RESULT: {"script":"<script> [8489 bytes]","args":[{"element-6066-11e4-a52e-4f735466cecf":"f.57EC9BB150A007822AA0EC4158E00280.d.245EF7CD715358A948A2FD423F85FFC9.e.1124","ELEMENT":"f.57EC9BB150A007822AA0EC4158E00280.d.245EF7CD715358A948A2FD423F85FFC9.e.1124"}]}
COMMAND: POST /session/4eb896b58612ba24cae92fecc03346af/execute/sync - {"script":"<script> [5351 bytes]","args":[{"element-6066-11e4-a52e-4f735466cecf":"f.57EC9BB150A007822AA0EC4158E00280.d.245EF7CD715358A948A2FD423F85FFC9.e.1124","ELEMENT":"f.57EC9BB150A007822AA0EC4158E00280.d.245EF7CD715358A948A2FD423F85FFC9.e.1124"}]}
COMMAND: GET /session/4eb896b58612ba24cae92fecc03346af/screenshot - {}
RESULT: {"script":"<script> [5351 bytes]","args":[{"element-6066-11e4-a52e-4f735466cecf":"f.57EC9BB150A007822AA0EC4158E00280.d.245EF7CD715358A948A2FD423F85FFC9.e.1124","ELEMENT":"f.57EC9BB150A007822AA0EC4158E00280.d.245EF7CD715358A948A2FD423F85FFC9.e.1124"}]}
COMMAND: POST /session/4eb896b58612ba24cae92fecc03346af/element/f.57EC9BB150A007822AA0EC4158E00280.d.245EF7CD715358A948A2FD423F85FFC9.e.1124/click - {}
COMMAND: GET /session/4eb896b58612ba24cae92fecc03346af/screenshot - {}
RESULT: {}
RESULT: {}
COMMAND: GET /session/4eb896b58612ba24cae92fecc03346af/screenshot - {}
RESULT: {}
RESULT: {}
COMMAND: POST /session/4eb896b58612ba24cae92fecc03346af/execute/async - {"script":"<script> [1562 bytes]","args":[{"selector":{"controlType":"sap.m.Text","viewName":"etm.portal.ui.manageresources.view.Detail","viewId":"application-manageresources-display-component---detailRU","bindingPath":{"propertyPath":"ID","modelName":"catalogModel"}},"wdio_ui5_key":"etmportal.ui.manageresources.view.Detailsap.m.Text{\"propertyPath\":\"ID\",\"modelName\":\"catalogModel\"}"}]}
RESULT: {"script":"<script> [1562 bytes]","args":[{"selector":{"controlType":"sap.m.Text","viewName":"etm.portal.ui.manageresources.view.Detail","viewId":"application-manageresources-display-component---detailRU","bindingPath":{"propertyPath":"ID","modelName":"catalogModel"}},"wdio_ui5_key":"etmportal.ui.manageresources.view.Detailsap.m.Text{\"propertyPath\":\"ID\",\"modelName\":\"catalogModel\"}"}]}
RESULT: undefined
COMMAND: POST /session/4eb896b58612ba24cae92fecc03346af/execute/async - {"script":"<script> [6424 bytes]","args":[{"element-6066-11e4-a52e-4f735466cecf":"f.57EC9BB150A007822AA0EC4158E00280.d.245EF7CD715358A948A2FD423F85FFC9.e.1151"},"getText",[]]}
RESULT: {"script":"<script> [6424 bytes]","args":[{"element-6066-11e4-a52e-4f735466cecf":"f.57EC9BB150A007822AA0EC4158E00280.d.245EF7CD715358A948A2FD423F85FFC9.e.1151"},"getText",[]]}
COMMAND: POST /session/4eb896b58612ba24cae92fecc03346af/element - {"using":"css selector","value":"#shell-header-logo"}
RESULT: {"using":"css selector","value":"#shell-header-logo"}
COMMAND: POST /session/4eb896b58612ba24cae92fecc03346af/element/f.57EC9BB150A007822AA0EC4158E00280.d.245EF7CD715358A948A2FD423F85FFC9.e.616/click - {}
RESULT: {}
COMMAND: GET /session/4eb896b58612ba24cae92fecc03346af/screenshot - {}
RESULT: {}
]]></system-out>
    </testcase>
    <testcase classname="chrome.135_0_7049_42.windows.Yard_Overview_Autoplanning_US130989" name="Should create a new request and add the material" time="83.726">
      <system-out><![CDATA[
COMMAND: POST /session/4eb896b58612ba24cae92fecc03346af/execute/async - {"script":"<script> [1562 bytes]","args":[{"selector":{"controlType":"sap.m.Text","properties":{"text":"Manage Requests"},"interaction":{"idSuffix":"inner"}},"wdio_ui5_key":"sapm.Text{\"text\":\"Manage Requests\"}"}]}
RESULT: {"script":"<script> [1562 bytes]","args":[{"selector":{"controlType":"sap.m.Text","properties":{"text":"Manage Requests"},"interaction":{"idSuffix":"inner"}},"wdio_ui5_key":"sapm.Text{\"text\":\"Manage Requests\"}"}]}
RESULT: undefined
COMMAND: POST /session/4eb896b58612ba24cae92fecc03346af/element - {"using":"xpath","value":"//*[@id=\"__tile47-title\"]"}
RESULT: {"using":"xpath","value":"//*[@id=\"__tile47-title\"]"}
COMMAND: POST /session/4eb896b58612ba24cae92fecc03346af/element/f.57EC9BB150A007822AA0EC4158E00280.d.245EF7CD715358A948A2FD423F85FFC9.e.1154/click - {}
RESULT: {}
COMMAND: GET /session/4eb896b58612ba24cae92fecc03346af/screenshot - {}
RESULT: {}
COMMAND: POST /session/4eb896b58612ba24cae92fecc03346af/execute/async - {"script":"<script> [1562 bytes]","args":[{"selector":{"id":"btnCreateNew","viewName":"etm.portal.ui.managerequests.view.Master","interaction":{"idSuffix":"inner"}},"wdio_ui5_key":"btnCreateNewetmportal.ui.managerequests.view.Master"}]}
RESULT: {"script":"<script> [1562 bytes]","args":[{"selector":{"id":"btnCreateNew","viewName":"etm.portal.ui.managerequests.view.Master","interaction":{"idSuffix":"inner"}},"wdio_ui5_key":"btnCreateNewetmportal.ui.managerequests.view.Master"}]}
RESULT: undefined
COMMAND: POST /session/4eb896b58612ba24cae92fecc03346af/element - {"using":"xpath","value":"//*[@id=\"__xmlview58--btnCreateNew\"]"}
RESULT: {"using":"xpath","value":"//*[@id=\"__xmlview58--btnCreateNew\"]"}
COMMAND: POST /session/4eb896b58612ba24cae92fecc03346af/element/f.57EC9BB150A007822AA0EC4158E00280.d.245EF7CD715358A948A2FD423F85FFC9.e.1211/click - {}
RESULT: {}
COMMAND: GET /session/4eb896b58612ba24cae92fecc03346af/screenshot - {}
RESULT: {}
COMMAND: POST /session/4eb896b58612ba24cae92fecc03346af/execute/async - {"script":"<script> [1562 bytes]","args":[{"selector":{"controlType":"sap.ui.core.Icon","viewName":"etm.portal.ui.managerequests.view.NewRequest","properties":{"src":{"regex":{"source":"full\\-screen"}}}},"wdio_ui5_key":"etmportal.ui.managerequests.view.NewRequestsap.ui.core.Icon{\"src\":{\"regex\":{\"source\":\"full\\\\-screen\"}}}"}]}
RESULT: {"script":"<script> [1562 bytes]","args":[{"selector":{"controlType":"sap.ui.core.Icon","viewName":"etm.portal.ui.managerequests.view.NewRequest","properties":{"src":{"regex":{"source":"full\\-screen"}}}},"wdio_ui5_key":"etmportal.ui.managerequests.view.NewRequestsap.ui.core.Icon{\"src\":{\"regex\":{\"source\":\"full\\\\-screen\"}}}"}]}
RESULT: undefined
COMMAND: POST /session/4eb896b58612ba24cae92fecc03346af/element - {"using":"xpath","value":"//*[@id=\"__button75-img\"]"}
RESULT: {"using":"xpath","value":"//*[@id=\"__button75-img\"]"}
COMMAND: POST /session/4eb896b58612ba24cae92fecc03346af/element/f.57EC9BB150A007822AA0EC4158E00280.d.245EF7CD715358A948A2FD423F85FFC9.e.1589/click - {}
RESULT: {}
COMMAND: GET /session/4eb896b58612ba24cae92fecc03346af/screenshot - {}
RESULT: {}
COMMAND: POST /session/4eb896b58612ba24cae92fecc03346af/element - {"using":"xpath","value":"//input[contains(@id ,\"yardId-inner\")]"}
RESULT: {"using":"xpath","value":"//input[contains(@id ,\"yardId-inner\")]"}
COMMAND: POST /session/4eb896b58612ba24cae92fecc03346af/element/f.57EC9BB150A007822AA0EC4158E00280.d.245EF7CD715358A948A2FD423F85FFC9.e.1441/value - {"text":"Webdriver Yard"}
RESULT: {"text":"Webdriver Yard"}
COMMAND: GET /session/4eb896b58612ba24cae92fecc03346af/screenshot - {}
RESULT: {}
COMMAND: POST /session/4eb896b58612ba24cae92fecc03346af/actions - {"actions":[{"id":"action8","type":"key","parameters":{},"actions":[{"type":"keyDown","value":"î€‡"},{"type":"pause","duration":10},{"type":"keyUp","value":"î€‡"}]}]}
RESULT: {"actions":[{"id":"action8","type":"key","parameters":{},"actions":[{"type":"keyDown","value":"î€‡"},{"type":"pause","duration":10},{"type":"keyUp","value":"î€‡"}]}]}
COMMAND: GET /session/4eb896b58612ba24cae92fecc03346af/screenshot - {}
RESULT: {}
COMMAND: POST /session/4eb896b58612ba24cae92fecc03346af/element - {"using":"xpath","value":"//input[contains(@id ,\"customerNumber-inner\")]"}
RESULT: {"using":"xpath","value":"//input[contains(@id ,\"customerNumber-inner\")]"}
COMMAND: POST /session/4eb896b58612ba24cae92fecc03346af/element/f.57EC9BB150A007822AA0EC4158E00280.d.245EF7CD715358A948A2FD423F85FFC9.e.1435/clear - {}
RESULT: {}
COMMAND: POST /session/4eb896b58612ba24cae92fecc03346af/element/f.57EC9BB150A007822AA0EC4158E00280.d.245EF7CD715358A948A2FD423F85FFC9.e.1435/value - {"text":"WebdriverPartner"}
COMMAND: GET /session/4eb896b58612ba24cae92fecc03346af/screenshot - {}
RESULT: {"text":"WebdriverPartner"}
COMMAND: GET /session/4eb896b58612ba24cae92fecc03346af/screenshot - {}
RESULT: {}
RESULT: {}
COMMAND: POST /session/4eb896b58612ba24cae92fecc03346af/actions - {"actions":[{"id":"action9","type":"key","parameters":{},"actions":[{"type":"keyDown","value":"î€‡"},{"type":"pause","duration":10},{"type":"keyUp","value":"î€‡"}]}]}
RESULT: {"actions":[{"id":"action9","type":"key","parameters":{},"actions":[{"type":"keyDown","value":"î€‡"},{"type":"pause","duration":10},{"type":"keyUp","value":"î€‡"}]}]}
COMMAND: GET /session/4eb896b58612ba24cae92fecc03346af/screenshot - {}
RESULT: {}
COMMAND: POST /session/4eb896b58612ba24cae92fecc03346af/element - {"using":"xpath","value":"//button[contains(@id ,\"btnAddTableRow\")]"}
RESULT: {"using":"xpath","value":"//button[contains(@id ,\"btnAddTableRow\")]"}
COMMAND: POST /session/4eb896b58612ba24cae92fecc03346af/element/f.57EC9BB150A007822AA0EC4158E00280.d.245EF7CD715358A948A2FD423F85FFC9.e.1413/click - {}
RESULT: {}
COMMAND: GET /session/4eb896b58612ba24cae92fecc03346af/screenshot - {}
RESULT: {}
COMMAND: POST /session/4eb896b58612ba24cae92fecc03346af/actions - {"actions":[{"id":"action10","type":"key","parameters":{},"actions":[{"type":"keyDown","value":"î€•"},{"type":"pause","duration":10},{"type":"keyUp","value":"î€•"}]}]}
RESULT: {"actions":[{"id":"action10","type":"key","parameters":{},"actions":[{"type":"keyDown","value":"î€•"},{"type":"pause","duration":10},{"type":"keyUp","value":"î€•"}]}]}
COMMAND: POST /session/4eb896b58612ba24cae92fecc03346af/actions - {"actions":[{"id":"action11","type":"key","parameters":{},"actions":[{"type":"keyDown","value":"î€‡"},{"type":"pause","duration":10},{"type":"keyUp","value":"î€‡"}]}]}
COMMAND: GET /session/4eb896b58612ba24cae92fecc03346af/screenshot - {}
RESULT: {"actions":[{"id":"action11","type":"key","parameters":{},"actions":[{"type":"keyDown","value":"î€‡"},{"type":"pause","duration":10},{"type":"keyUp","value":"î€‡"}]}]}
COMMAND: POST /session/4eb896b58612ba24cae92fecc03346af/execute/async - {"script":"<script> [1562 bytes]","args":[{"selector":{"controlType":"etm.portal.ui.reusables.customControls.LiveSearchComboBox","viewName":"etm.portal.ui.managerequests.view.NewRequest","bindingPath":{"path":"/RequestItems/0","propertyPath":"CATALOG_ITEM","modelName":"newRequestItems"},"interaction":{"idSuffix":"inner"}},"wdio_ui5_key":"etmportal.ui.managerequests.view.NewRequestetm.portal.ui.reusables.customControls.LiveSearchComboBox{\"path\":\"/RequestItems/0\",\"propertyPath\":\"CATALOG_ITEM\",\"modelName\":\"newRequestItems\"}"}]}
COMMAND: GET /session/4eb896b58612ba24cae92fecc03346af/screenshot - {}
RESULT: {}
RESULT: {"script":"<script> [1562 bytes]","args":[{"selector":{"controlType":"etm.portal.ui.reusables.customControls.LiveSearchComboBox","viewName":"etm.portal.ui.managerequests.view.NewRequest","bindingPath":{"path":"/RequestItems/0","propertyPath":"CATALOG_ITEM","modelName":"newRequestItems"},"interaction":{"idSuffix":"inner"}},"wdio_ui5_key":"etmportal.ui.managerequests.view.NewRequestetm.portal.ui.reusables.customControls.LiveSearchComboBox{\"path\":\"/RequestItems/0\",\"propertyPath\":\"CATALOG_ITEM\",\"modelName\":\"newRequestItems\"}"}]}
RESULT: undefined
COMMAND: POST /session/4eb896b58612ba24cae92fecc03346af/execute/async - {"script":"<script> [776 bytes]","args":[{"enterText":"Concert","selector":{"controlType":"etm.portal.ui.reusables.customControls.LiveSearchComboBox","viewName":"etm.portal.ui.managerequests.view.NewRequest","bindingPath":{"path":"/RequestItems/0","propertyPath":"CATALOG_ITEM","modelName":"newRequestItems"},"interaction":{"idSuffix":"inner"}},"clearTextFirst":true,"interactionType":"ENTER_TEXT"}]}
RESULT: {}
RESULT: {"script":"<script> [776 bytes]","args":[{"enterText":"Concert","selector":{"controlType":"etm.portal.ui.reusables.customControls.LiveSearchComboBox","viewName":"etm.portal.ui.managerequests.view.NewRequest","bindingPath":{"path":"/RequestItems/0","propertyPath":"CATALOG_ITEM","modelName":"newRequestItems"},"interaction":{"idSuffix":"inner"}},"clearTextFirst":true,"interactionType":"ENTER_TEXT"}]}
COMMAND: POST /session/4eb896b58612ba24cae92fecc03346af/execute/async - {"script":"<script> [1562 bytes]","args":[{"selector":{"controlType":"sap.ui.core.Icon","viewName":"etm.portal.ui.managerequests.view.NewRequest","properties":{"src":{"regex":{"source":"slim\\-arrow\\-down"}}},"ancestor":{"controlType":"sap.m.ColumnListItem","viewName":"etm.portal.ui.managerequests.view.NewRequest","bindingPath":{"modelName":"newRequestItems","path":"/RequestItems/0"},"ancestor":{"id":"requestItemsTable","viewName":"etm.portal.ui.managerequests.view.NewRequest"}}},"wdio_ui5_key":"etmportal.ui.managerequests.view.NewRequestsap.ui.core.Icon{\"src\":{\"regex\":{\"source\":\"slim\\\\-arrow\\\\-down\"}}}{\"controlType\":\"sap.m.ColumnListItem\",\"viewName\":\"etm.portal.ui.managerequests.view.NewRequest\",\"bindingPath\":{\"modelName\":\"newRequestItems\",\"path\":\"/RequestItems/0\"},\"ancestor\":{\"id\":\"requestItemsTable\",\"viewName\":\"etm.portal.ui.managerequests.view.NewRequest\"}}"}]}
RESULT: {"script":"<script> [1562 bytes]","args":[{"selector":{"controlType":"sap.ui.core.Icon","viewName":"etm.portal.ui.managerequests.view.NewRequest","properties":{"src":{"regex":{"source":"slim\\-arrow\\-down"}}},"ancestor":{"controlType":"sap.m.ColumnListItem","viewName":"etm.portal.ui.managerequests.view.NewRequest","bindingPath":{"modelName":"newRequestItems","path":"/RequestItems/0"},"ancestor":{"id":"requestItemsTable","viewName":"etm.portal.ui.managerequests.view.NewRequest"}}},"wdio_ui5_key":"etmportal.ui.managerequests.view.NewRequestsap.ui.core.Icon{\"src\":{\"regex\":{\"source\":\"slim\\\\-arrow\\\\-down\"}}}{\"controlType\":\"sap.m.ColumnListItem\",\"viewName\":\"etm.portal.ui.managerequests.view.NewRequest\",\"bindingPath\":{\"modelName\":\"newRequestItems\",\"path\":\"/RequestItems/0\"},\"ancestor\":{\"id\":\"requestItemsTable\",\"viewName\":\"etm.portal.ui.managerequests.view.NewRequest\"}}"}]}
RESULT: undefined
COMMAND: POST /session/4eb896b58612ba24cae92fecc03346af/element - {"using":"xpath","value":"//*[@id=\"__box15-__xmlview59--requestItemsTable-0-arrow\"]"}
RESULT: {"using":"xpath","value":"//*[@id=\"__box15-__xmlview59--requestItemsTable-0-arrow\"]"}
COMMAND: POST /session/4eb896b58612ba24cae92fecc03346af/element/f.57EC9BB150A007822AA0EC4158E00280.d.245EF7CD715358A948A2FD423F85FFC9.e.1653/click - {}
RESULT: {}
COMMAND: POST /session/4eb896b58612ba24cae92fecc03346af/execute/async - {"script":"<script> [1562 bytes]","args":[{"selector":{"controlType":"sap.m.StandardListItem","viewName":"etm.portal.ui.managerequests.view.NewRequest","properties":{"title":"Concert - Concert "},"searchOpenDialogs":true,"interaction":{"idSuffix":"content"}},"wdio_ui5_key":"etmportal.ui.managerequests.view.NewRequestsap.m.StandardListItem{\"title\":\"Concert - Concert \"}"}]}
COMMAND: GET /session/4eb896b58612ba24cae92fecc03346af/screenshot - {}
RESULT: {"script":"<script> [1562 bytes]","args":[{"selector":{"controlType":"sap.m.StandardListItem","viewName":"etm.portal.ui.managerequests.view.NewRequest","properties":{"title":"Concert - Concert "},"searchOpenDialogs":true,"interaction":{"idSuffix":"content"}},"wdio_ui5_key":"etmportal.ui.managerequests.view.NewRequestsap.m.StandardListItem{\"title\":\"Concert - Concert \"}"}]}
RESULT: undefined
COMMAND: POST /session/4eb896b58612ba24cae92fecc03346af/execute/async - {"script":"<script> [1562 bytes]","args":[{"selector":{"controlType":"sap.ui.core.Icon","viewName":"etm.portal.ui.managerequests.view.NewRequest","properties":{"src":{"regex":{"source":"message\\-error"}}},"ancestor":{"controlType":"sap.m.ColumnListItem","viewName":"etm.portal.ui.managerequests.view.NewRequest","bindingPath":{"modelName":"newRequestItems","path":"/RequestItems/0"},"ancestor":{"id":"requestItemsTable","viewName":"etm.portal.ui.managerequests.view.NewRequest"}}},"wdio_ui5_key":"etmportal.ui.managerequests.view.NewRequestsap.ui.core.Icon{\"src\":{\"regex\":{\"source\":\"message\\\\-error\"}}}{\"controlType\":\"sap.m.ColumnListItem\",\"viewName\":\"etm.portal.ui.managerequests.view.NewRequest\",\"bindingPath\":{\"modelName\":\"newRequestItems\",\"path\":\"/RequestItems/0\"},\"ancestor\":{\"id\":\"requestItemsTable\",\"viewName\":\"etm.portal.ui.managerequests.view.NewRequest\"}}"}]}
RESULT: {}
RESULT: {"script":"<script> [1562 bytes]","args":[{"selector":{"controlType":"sap.ui.core.Icon","viewName":"etm.portal.ui.managerequests.view.NewRequest","properties":{"src":{"regex":{"source":"message\\-error"}}},"ancestor":{"controlType":"sap.m.ColumnListItem","viewName":"etm.portal.ui.managerequests.view.NewRequest","bindingPath":{"modelName":"newRequestItems","path":"/RequestItems/0"},"ancestor":{"id":"requestItemsTable","viewName":"etm.portal.ui.managerequests.view.NewRequest"}}},"wdio_ui5_key":"etmportal.ui.managerequests.view.NewRequestsap.ui.core.Icon{\"src\":{\"regex\":{\"source\":\"message\\\\-error\"}}}{\"controlType\":\"sap.m.ColumnListItem\",\"viewName\":\"etm.portal.ui.managerequests.view.NewRequest\",\"bindingPath\":{\"modelName\":\"newRequestItems\",\"path\":\"/RequestItems/0\"},\"ancestor\":{\"id\":\"requestItemsTable\",\"viewName\":\"etm.portal.ui.managerequests.view.NewRequest\"}}"}]}
RESULT: undefined
COMMAND: POST /session/4eb896b58612ba24cae92fecc03346af/element - {"using":"xpath","value":"//*[@id=\"__status10-__xmlview59--requestItemsTable-0-icon\"]"}
RESULT: {"using":"xpath","value":"//*[@id=\"__status10-__xmlview59--requestItemsTable-0-icon\"]"}
COMMAND: POST /session/4eb896b58612ba24cae92fecc03346af/element/f.57EC9BB150A007822AA0EC4158E00280.d.245EF7CD715358A948A2FD423F85FFC9.e.1654/click - {}
RESULT: {}
COMMAND: POST /session/4eb896b58612ba24cae92fecc03346af/execute/async - {"script":"<script> [1562 bytes]","args":[{"selector":{"controlType":"sap.ui.core.Icon","viewName":"etm.portal.ui.managerequests.view.NewRequest","properties":{"src":{"regex":{"source":"slim\\-arrow\\-down"}}},"searchOpenDialogs":true,"ancestor":{"id":"costObjectAdminTypeComboBox","viewName":"etm.portal.ui.managerequests.view.NewRequest","searchOpenDialogs":true}},"wdio_ui5_key":"etmportal.ui.managerequests.view.NewRequestsap.ui.core.Icon{\"src\":{\"regex\":{\"source\":\"slim\\\\-arrow\\\\-down\"}}}{\"id\":\"costObjectAdminTypeComboBox\",\"viewName\":\"etm.portal.ui.managerequests.view.NewRequest\",\"searchOpenDialogs\":true}"}]}
COMMAND: GET /session/4eb896b58612ba24cae92fecc03346af/screenshot - {}
RESULT: {"script":"<script> [1562 bytes]","args":[{"selector":{"controlType":"sap.ui.core.Icon","viewName":"etm.portal.ui.managerequests.view.NewRequest","properties":{"src":{"regex":{"source":"slim\\-arrow\\-down"}}},"searchOpenDialogs":true,"ancestor":{"id":"costObjectAdminTypeComboBox","viewName":"etm.portal.ui.managerequests.view.NewRequest","searchOpenDialogs":true}},"wdio_ui5_key":"etmportal.ui.managerequests.view.NewRequestsap.ui.core.Icon{\"src\":{\"regex\":{\"source\":\"slim\\\\-arrow\\\\-down\"}}}{\"id\":\"costObjectAdminTypeComboBox\",\"viewName\":\"etm.portal.ui.managerequests.view.NewRequest\",\"searchOpenDialogs\":true}"}]}
RESULT: undefined
COMMAND: POST /session/4eb896b58612ba24cae92fecc03346af/element - {"using":"xpath","value":"//*[@id=\"__xmlview59--costObjectAdminTypeComboBox-arrow\"]"}
RESULT: {}
RESULT: {"using":"xpath","value":"//*[@id=\"__xmlview59--costObjectAdminTypeComboBox-arrow\"]"}
COMMAND: POST /session/4eb896b58612ba24cae92fecc03346af/element/f.57EC9BB150A007822AA0EC4158E00280.d.245EF7CD715358A948A2FD423F85FFC9.e.1658/click - {}
RESULT: {}
COMMAND: GET /session/4eb896b58612ba24cae92fecc03346af/screenshot - {}
RESULT: {}
COMMAND: POST /session/4eb896b58612ba24cae92fecc03346af/execute/async - {"script":"<script> [1562 bytes]","args":[{"selector":{"controlType":"sap.m.StandardListItem","viewName":"etm.portal.ui.managerequests.view.NewRequest","properties":{"title":"Cost Center"},"searchOpenDialogs":true,"interaction":{"idSuffix":"content"}},"wdio_ui5_key":"etmportal.ui.managerequests.view.NewRequestsap.m.StandardListItem{\"title\":\"Cost Center\"}"}]}
RESULT: {"script":"<script> [1562 bytes]","args":[{"selector":{"controlType":"sap.m.StandardListItem","viewName":"etm.portal.ui.managerequests.view.NewRequest","properties":{"title":"Cost Center"},"searchOpenDialogs":true,"interaction":{"idSuffix":"content"}},"wdio_ui5_key":"etmportal.ui.managerequests.view.NewRequestsap.m.StandardListItem{\"title\":\"Cost Center\"}"}]}
RESULT: undefined
COMMAND: POST /session/4eb896b58612ba24cae92fecc03346af/element - {"using":"xpath","value":"//*[@id=\"__item1388\"]"}
RESULT: {"using":"xpath","value":"//*[@id=\"__item1388\"]"}
COMMAND: POST /session/4eb896b58612ba24cae92fecc03346af/element/f.57EC9BB150A007822AA0EC4158E00280.d.245EF7CD715358A948A2FD423F85FFC9.e.1662/click - {}
RESULT: {}
COMMAND: POST /session/4eb896b58612ba24cae92fecc03346af/execute/async - {"script":"<script> [1562 bytes]","args":[{"selector":{"controlType":"sap.m.Button","viewName":"etm.portal.ui.managerequests.view.NewRequest","i18NText":{"propertyName":"text","key":"save"},"searchOpenDialogs":true,"interaction":{"idSuffix":"inner"}},"wdio_ui5_key":"etmportal.ui.managerequests.view.NewRequestsap.m.Button{\"propertyName\":\"text\",\"key\":\"save\"}"}]}
COMMAND: GET /session/4eb896b58612ba24cae92fecc03346af/screenshot - {}
RESULT: {"script":"<script> [1562 bytes]","args":[{"selector":{"controlType":"sap.m.Button","viewName":"etm.portal.ui.managerequests.view.NewRequest","i18NText":{"propertyName":"text","key":"save"},"searchOpenDialogs":true,"interaction":{"idSuffix":"inner"}},"wdio_ui5_key":"etmportal.ui.managerequests.view.NewRequestsap.m.Button{\"propertyName\":\"text\",\"key\":\"save\"}"}]}
RESULT: undefined
COMMAND: POST /session/4eb896b58612ba24cae92fecc03346af/element - {"using":"xpath","value":"//*[@id=\"__button93\"]"}
RESULT: {}
RESULT: {"using":"xpath","value":"//*[@id=\"__button93\"]"}
COMMAND: POST /session/4eb896b58612ba24cae92fecc03346af/element/f.57EC9BB150A007822AA0EC4158E00280.d.245EF7CD715358A948A2FD423F85FFC9.e.1670/click - {}
RESULT: {}
COMMAND: POST /session/4eb896b58612ba24cae92fecc03346af/execute/async - {"script":"<script> [1562 bytes]","args":[{"selector":{"controlType":"sap.m.Button","viewName":"etm.portal.ui.managerequests.view.NewRequest","i18NText":{"propertyName":"tooltip","key":"save"},"interaction":{"idSuffix":"BDI-content"}},"wdio_ui5_key":"etmportal.ui.managerequests.view.NewRequestsap.m.Button{\"propertyName\":\"tooltip\",\"key\":\"save\"}"}]}
COMMAND: GET /session/4eb896b58612ba24cae92fecc03346af/screenshot - {}
RESULT: {"script":"<script> [1562 bytes]","args":[{"selector":{"controlType":"sap.m.Button","viewName":"etm.portal.ui.managerequests.view.NewRequest","i18NText":{"propertyName":"tooltip","key":"save"},"interaction":{"idSuffix":"BDI-content"}},"wdio_ui5_key":"etmportal.ui.managerequests.view.NewRequestsap.m.Button{\"propertyName\":\"tooltip\",\"key\":\"save\"}"}]}
RESULT: undefined
COMMAND: POST /session/4eb896b58612ba24cae92fecc03346af/element - {"using":"xpath","value":"//*[@id=\"__button82\"]"}
RESULT: {}
RESULT: {"using":"xpath","value":"//*[@id=\"__button82\"]"}
COMMAND: POST /session/4eb896b58612ba24cae92fecc03346af/element/f.57EC9BB150A007822AA0EC4158E00280.d.245EF7CD715358A948A2FD423F85FFC9.e.1572/click - {}
RESULT: {}
COMMAND: POST /session/4eb896b58612ba24cae92fecc03346af/execute/async - {"script":"<script> [1562 bytes]","args":[{"selector":{"controlType":"sap.m.Button","properties":{"text":"Close"},"searchOpenDialogs":true,"interaction":{"idSuffix":"inner"}},"wdio_ui5_key":"sapm.Button{\"text\":\"Close\"}"}]}
COMMAND: GET /session/4eb896b58612ba24cae92fecc03346af/screenshot - {}
RESULT: {"script":"<script> [1562 bytes]","args":[{"selector":{"controlType":"sap.m.Button","properties":{"text":"Close"},"searchOpenDialogs":true,"interaction":{"idSuffix":"inner"}},"wdio_ui5_key":"sapm.Button{\"text\":\"Close\"}"}]}
RESULT: undefined
COMMAND: POST /session/4eb896b58612ba24cae92fecc03346af/element - {"using":"xpath","value":"//*[@id=\"__mbox-btn-1\"]"}
RESULT: {}
RESULT: {"using":"xpath","value":"//*[@id=\"__mbox-btn-1\"]"}
COMMAND: POST /session/4eb896b58612ba24cae92fecc03346af/element/f.57EC9BB150A007822AA0EC4158E00280.d.245EF7CD715358A948A2FD423F85FFC9.e.1674/click - {}
RESULT: {}
COMMAND: GET /session/4eb896b58612ba24cae92fecc03346af/screenshot - {}
RESULT: {}
COMMAND: POST /session/4eb896b58612ba24cae92fecc03346af/execute/async - {"script":"<script> [1562 bytes]","args":[{"selector":{"controlType":"sap.m.Text","viewName":"etm.portal.ui.managerequests.view.Detail","bindingPath":{"propertyPath":"NO","modelName":"catalogModel"}},"wdio_ui5_key":"etmportal.ui.managerequests.view.Detailsap.m.Text{\"propertyPath\":\"NO\",\"modelName\":\"catalogModel\"}"}]}
RESULT: {"script":"<script> [1562 bytes]","args":[{"selector":{"controlType":"sap.m.Text","viewName":"etm.portal.ui.managerequests.view.Detail","bindingPath":{"propertyPath":"NO","modelName":"catalogModel"}},"wdio_ui5_key":"etmportal.ui.managerequests.view.Detailsap.m.Text{\"propertyPath\":\"NO\",\"modelName\":\"catalogModel\"}"}]}
RESULT: undefined
COMMAND: POST /session/4eb896b58612ba24cae92fecc03346af/execute/async - {"script":"<script> [6424 bytes]","args":[{"element-6066-11e4-a52e-4f735466cecf":"f.57EC9BB150A007822AA0EC4158E00280.d.245EF7CD715358A948A2FD423F85FFC9.e.1882"},"getText",[]]}
RESULT: {"script":"<script> [6424 bytes]","args":[{"element-6066-11e4-a52e-4f735466cecf":"f.57EC9BB150A007822AA0EC4158E00280.d.245EF7CD715358A948A2FD423F85FFC9.e.1882"},"getText",[]]}
COMMAND: POST /session/4eb896b58612ba24cae92fecc03346af/element - {"using":"css selector","value":"#shell-header-logo"}
RESULT: {"using":"css selector","value":"#shell-header-logo"}
COMMAND: POST /session/4eb896b58612ba24cae92fecc03346af/element/f.57EC9BB150A007822AA0EC4158E00280.d.245EF7CD715358A948A2FD423F85FFC9.e.1156/click - {}
RESULT: {}
COMMAND: GET /session/4eb896b58612ba24cae92fecc03346af/screenshot - {}
RESULT: {}
]]></system-out>
    </testcase>
  </testsuite>
</testsuites>