<?xml version="1.0" encoding="UTF-8"?>
<testsuites tests="49" failures="0" errors="0" skipped="0">
  <testsuite timestamp="2025-05-30T15:07:11" time="1898.227" tests="49" failures="0" errors="0" skipped="0">
    <properties>
      <property name="specId" value="0"/>
      <property name="suiteName" value="Sanity Tests US104253"/>
      <property name="capabilities" value="chrome.136_0_7103_93.windows"/>
      <property name="file" value="file:///D:/a/1/s/test/specs/General/sanity.spec.js"/>
    </properties>
    <testcase classname="chrome.136_0_7103_93.windows.Sanity_Tests_US104253" name="Should open Manage Partners page" time="36.877">
      <system-out><![CDATA[
COMMAND: POST /session/8048b267361f29b71080faa2d1dcc4de/execute/async - {"script":"<script> [1562 bytes]","args":[{"selector":{"controlType":"sap.m.GenericTile","properties":{"header":"Manage Partners"}},"wdio_ui5_key":"sapm.GenericTile{\"header\":\"Manage Partners\"}"}]}
RESULT: {"script":"<script> [1562 bytes]","args":[{"selector":{"controlType":"sap.m.GenericTile","properties":{"header":"Manage Partners"}},"wdio_ui5_key":"sapm.GenericTile{\"header\":\"Manage Partners\"}"}]}
RESULT: undefined
COMMAND: POST /session/8048b267361f29b71080faa2d1dcc4de/element - {"using":"xpath","value":"//*[@id=\"__tile38\"]"}
RESULT: {"using":"xpath","value":"//*[@id=\"__tile38\"]"}
COMMAND: POST /session/8048b267361f29b71080faa2d1dcc4de/element/f.CD14743F84E57D52FFA41C1AE21FC06E.d.0020B3B15D0118B95FB99D5FF634CD4D.e.115/click - {}
RESULT: {}
COMMAND: GET /session/8048b267361f29b71080faa2d1dcc4de/screenshot - {}
RESULT: {}
COMMAND: POST /session/8048b267361f29b71080faa2d1dcc4de/elements - {"using":"xpath","value":"//span[text()='Error']"}
RESULT: {"using":"xpath","value":"//span[text()='Error']"}
RESULT: undefined
COMMAND: POST /session/8048b267361f29b71080faa2d1dcc4de/element - {"using":"xpath","value":"//*[@id=\"__tile38\"]"}
RESULT: {"using":"xpath","value":"//*[@id=\"__tile38\"]"}
COMMAND: POST /session/8048b267361f29b71080faa2d1dcc4de/element/f.CD14743F84E57D52FFA41C1AE21FC06E.d.0020B3B15D0118B95FB99D5FF634CD4D.e.115/click - {}
RESULT: undefined
COMMAND: POST /session/8048b267361f29b71080faa2d1dcc4de/element - {"using":"xpath","value":"//*[@id=\"__tile38\"]"}
RESULT: {"using":"xpath","value":"//*[@id=\"__tile38\"]"}
COMMAND: POST /session/8048b267361f29b71080faa2d1dcc4de/element/f.CD14743F84E57D52FFA41C1AE21FC06E.d.0020B3B15D0118B95FB99D5FF634CD4D.e.115/click - {}
COMMAND: POST /session/8048b267361f29b71080faa2d1dcc4de/execute/async - {"script":"<script> [1562 bytes]","args":[{"selector":{"id":"shellAppTitle"},"wdio_ui5_key":"shellAppTitle"}]}
RESULT: {"script":"<script> [1562 bytes]","args":[{"selector":{"id":"shellAppTitle"},"wdio_ui5_key":"shellAppTitle"}]}
RESULT: undefined
COMMAND: POST /session/8048b267361f29b71080faa2d1dcc4de/execute/async - {"script":"<script> [6424 bytes]","args":[{"element-6066-11e4-a52e-4f735466cecf":"f.CD14743F84E57D52FFA41C1AE21FC06E.d.0020B3B15D0118B95FB99D5FF634CD4D.e.290"},"getTitle",[]]}
RESULT: {"script":"<script> [6424 bytes]","args":[{"element-6066-11e4-a52e-4f735466cecf":"f.CD14743F84E57D52FFA41C1AE21FC06E.d.0020B3B15D0118B95FB99D5FF634CD4D.e.290"},"getTitle",[]]}
COMMAND: POST /session/8048b267361f29b71080faa2d1dcc4de/execute/async - {"script":"<script> [1562 bytes]","args":[{"selector":{"id":"backBtn"},"wdio_ui5_key":"backBtn"}]}
RESULT: {"script":"<script> [1562 bytes]","args":[{"selector":{"id":"backBtn"},"wdio_ui5_key":"backBtn"}]}
RESULT: undefined
COMMAND: POST /session/8048b267361f29b71080faa2d1dcc4de/element - {"using":"xpath","value":"//*[@id=\"backBtn\"]"}
RESULT: {"using":"xpath","value":"//*[@id=\"backBtn\"]"}
COMMAND: POST /session/8048b267361f29b71080faa2d1dcc4de/element/f.CD14743F84E57D52FFA41C1AE21FC06E.d.0020B3B15D0118B95FB99D5FF634CD4D.e.291/click - {}
RESULT: {}
COMMAND: GET /session/8048b267361f29b71080faa2d1dcc4de/screenshot - {}
RESULT: {}
]]></system-out>
    </testcase>
    <testcase classname="chrome.136_0_7103_93.windows.Sanity_Tests_US104253" name="Should open Manage Sites page" time="36.293">
      <system-out><![CDATA[
COMMAND: POST /session/8048b267361f29b71080faa2d1dcc4de/execute/async - {"script":"<script> [1562 bytes]","args":[{"selector":{"controlType":"sap.m.GenericTile","properties":{"header":"Manage Sites"}},"wdio_ui5_key":"sapm.GenericTile{\"header\":\"Manage Sites\"}"}]}
RESULT: {"script":"<script> [1562 bytes]","args":[{"selector":{"controlType":"sap.m.GenericTile","properties":{"header":"Manage Sites"}},"wdio_ui5_key":"sapm.GenericTile{\"header\":\"Manage Sites\"}"}]}
RESULT: undefined
COMMAND: POST /session/8048b267361f29b71080faa2d1dcc4de/element - {"using":"xpath","value":"//*[@id=\"__tile40\"]"}
RESULT: {"using":"xpath","value":"//*[@id=\"__tile40\"]"}
COMMAND: POST /session/8048b267361f29b71080faa2d1dcc4de/element/f.CD14743F84E57D52FFA41C1AE21FC06E.d.0020B3B15D0118B95FB99D5FF634CD4D.e.293/click - {}
RESULT: {}
COMMAND: GET /session/8048b267361f29b71080faa2d1dcc4de/screenshot - {}
RESULT: {}
COMMAND: POST /session/8048b267361f29b71080faa2d1dcc4de/elements - {"using":"xpath","value":"//span[text()='Error']"}
RESULT: {"using":"xpath","value":"//span[text()='Error']"}
RESULT: undefined
COMMAND: POST /session/8048b267361f29b71080faa2d1dcc4de/element - {"using":"xpath","value":"//*[@id=\"__tile40\"]"}
RESULT: {"using":"xpath","value":"//*[@id=\"__tile40\"]"}
COMMAND: POST /session/8048b267361f29b71080faa2d1dcc4de/element/f.CD14743F84E57D52FFA41C1AE21FC06E.d.0020B3B15D0118B95FB99D5FF634CD4D.e.293/click - {}
RESULT: undefined
COMMAND: POST /session/8048b267361f29b71080faa2d1dcc4de/element - {"using":"xpath","value":"//*[@id=\"__tile40\"]"}
RESULT: {"using":"xpath","value":"//*[@id=\"__tile40\"]"}
COMMAND: POST /session/8048b267361f29b71080faa2d1dcc4de/element/f.CD14743F84E57D52FFA41C1AE21FC06E.d.0020B3B15D0118B95FB99D5FF634CD4D.e.293/click - {}
RESULT: undefined
COMMAND: POST /session/8048b267361f29b71080faa2d1dcc4de/execute/async - {"script":"<script> [6424 bytes]","args":[{"element-6066-11e4-a52e-4f735466cecf":"f.CD14743F84E57D52FFA41C1AE21FC06E.d.0020B3B15D0118B95FB99D5FF634CD4D.e.290"},"getTitle",[]]}
COMMAND: POST /session/8048b267361f29b71080faa2d1dcc4de/execute/async - {"script":"<script> [1562 bytes]","args":[{"selector":{"id":"shellAppTitle"},"wdio_ui5_key":"shellAppTitle"}]}
RESULT: {"script":"<script> [1562 bytes]","args":[{"selector":{"id":"shellAppTitle"},"wdio_ui5_key":"shellAppTitle"}]}
COMMAND: POST /session/8048b267361f29b71080faa2d1dcc4de/execute/async - {"script":"<script> [6424 bytes]","args":[{"element-6066-11e4-a52e-4f735466cecf":"f.CD14743F84E57D52FFA41C1AE21FC06E.d.0020B3B15D0118B95FB99D5FF634CD4D.e.489"},"getTitle",[]]}
RESULT: {"script":"<script> [6424 bytes]","args":[{"element-6066-11e4-a52e-4f735466cecf":"f.CD14743F84E57D52FFA41C1AE21FC06E.d.0020B3B15D0118B95FB99D5FF634CD4D.e.489"},"getTitle",[]]}
RESULT: undefined
COMMAND: POST /session/8048b267361f29b71080faa2d1dcc4de/element/f.CD14743F84E57D52FFA41C1AE21FC06E.d.0020B3B15D0118B95FB99D5FF634CD4D.e.291/click - {}
RESULT: {}
COMMAND: GET /session/8048b267361f29b71080faa2d1dcc4de/screenshot - {}
RESULT: {}
]]></system-out>
    </testcase>
    <testcase classname="chrome.136_0_7103_93.windows.Sanity_Tests_US104253" name="Should open Manage Resources page" time="36">
      <system-out><![CDATA[
COMMAND: POST /session/8048b267361f29b71080faa2d1dcc4de/execute/async - {"script":"<script> [1562 bytes]","args":[{"selector":{"controlType":"sap.m.GenericTile","properties":{"header":"Manage Resources"}},"wdio_ui5_key":"sapm.GenericTile{\"header\":\"Manage Resources\"}"}]}
RESULT: {"script":"<script> [1562 bytes]","args":[{"selector":{"controlType":"sap.m.GenericTile","properties":{"header":"Manage Resources"}},"wdio_ui5_key":"sapm.GenericTile{\"header\":\"Manage Resources\"}"}]}
RESULT: undefined
COMMAND: POST /session/8048b267361f29b71080faa2d1dcc4de/element - {"using":"xpath","value":"//*[@id=\"__tile39\"]"}
RESULT: {"using":"xpath","value":"//*[@id=\"__tile39\"]"}
COMMAND: POST /session/8048b267361f29b71080faa2d1dcc4de/element/f.CD14743F84E57D52FFA41C1AE21FC06E.d.0020B3B15D0118B95FB99D5FF634CD4D.e.491/click - {}
RESULT: {}
COMMAND: GET /session/8048b267361f29b71080faa2d1dcc4de/screenshot - {}
RESULT: {}
COMMAND: POST /session/8048b267361f29b71080faa2d1dcc4de/elements - {"using":"xpath","value":"//span[text()='Error']"}
RESULT: {"using":"xpath","value":"//span[text()='Error']"}
RESULT: undefined
COMMAND: POST /session/8048b267361f29b71080faa2d1dcc4de/element - {"using":"xpath","value":"//*[@id=\"__tile39\"]"}
RESULT: {"using":"xpath","value":"//*[@id=\"__tile39\"]"}
COMMAND: POST /session/8048b267361f29b71080faa2d1dcc4de/element/f.CD14743F84E57D52FFA41C1AE21FC06E.d.0020B3B15D0118B95FB99D5FF634CD4D.e.491/click - {}
RESULT: undefined
COMMAND: POST /session/8048b267361f29b71080faa2d1dcc4de/element - {"using":"xpath","value":"//*[@id=\"__tile39\"]"}
RESULT: {"using":"xpath","value":"//*[@id=\"__tile39\"]"}
COMMAND: POST /session/8048b267361f29b71080faa2d1dcc4de/element/f.CD14743F84E57D52FFA41C1AE21FC06E.d.0020B3B15D0118B95FB99D5FF634CD4D.e.491/click - {}
RESULT: undefined
COMMAND: POST /session/8048b267361f29b71080faa2d1dcc4de/execute/async - {"script":"<script> [6424 bytes]","args":[{"element-6066-11e4-a52e-4f735466cecf":"f.CD14743F84E57D52FFA41C1AE21FC06E.d.0020B3B15D0118B95FB99D5FF634CD4D.e.290"},"getTitle",[]]}
COMMAND: POST /session/8048b267361f29b71080faa2d1dcc4de/execute/async - {"script":"<script> [1562 bytes]","args":[{"selector":{"id":"shellAppTitle"},"wdio_ui5_key":"shellAppTitle"}]}
RESULT: {"script":"<script> [1562 bytes]","args":[{"selector":{"id":"shellAppTitle"},"wdio_ui5_key":"shellAppTitle"}]}
COMMAND: POST /session/8048b267361f29b71080faa2d1dcc4de/execute/async - {"script":"<script> [6424 bytes]","args":[{"element-6066-11e4-a52e-4f735466cecf":"f.CD14743F84E57D52FFA41C1AE21FC06E.d.0020B3B15D0118B95FB99D5FF634CD4D.e.666"},"getTitle",[]]}
RESULT: {"script":"<script> [6424 bytes]","args":[{"element-6066-11e4-a52e-4f735466cecf":"f.CD14743F84E57D52FFA41C1AE21FC06E.d.0020B3B15D0118B95FB99D5FF634CD4D.e.666"},"getTitle",[]]}
RESULT: undefined
COMMAND: POST /session/8048b267361f29b71080faa2d1dcc4de/element/f.CD14743F84E57D52FFA41C1AE21FC06E.d.0020B3B15D0118B95FB99D5FF634CD4D.e.291/click - {}
COMMAND: POST /session/8048b267361f29b71080faa2d1dcc4de/element - {"using":"xpath","value":"//*[@id=\"backBtn\"]"}
RESULT: {"using":"xpath","value":"//*[@id=\"backBtn\"]"}
COMMAND: POST /session/8048b267361f29b71080faa2d1dcc4de/element/f.CD14743F84E57D52FFA41C1AE21FC06E.d.0020B3B15D0118B95FB99D5FF634CD4D.e.291/click - {}
COMMAND: POST /session/8048b267361f29b71080faa2d1dcc4de/element - {"using":"xpath","value":"//*[@id=\"backBtn\"]"}
RESULT: {"using":"xpath","value":"//*[@id=\"backBtn\"]"}
COMMAND: POST /session/8048b267361f29b71080faa2d1dcc4de/element/f.CD14743F84E57D52FFA41C1AE21FC06E.d.0020B3B15D0118B95FB99D5FF634CD4D.e.667/click - {}
RESULT: {}
COMMAND: GET /session/8048b267361f29b71080faa2d1dcc4de/screenshot - {}
RESULT: {}
]]></system-out>
    </testcase>
    <testcase classname="chrome.136_0_7103_93.windows.Sanity_Tests_US104253" name="Should open Manage Catalogs page" time="36.562">
      <system-out><![CDATA[
COMMAND: POST /session/8048b267361f29b71080faa2d1dcc4de/execute/async - {"script":"<script> [1562 bytes]","args":[{"selector":{"controlType":"sap.m.GenericTile","properties":{"header":"Manage Catalogs"}},"wdio_ui5_key":"sapm.GenericTile{\"header\":\"Manage Catalogs\"}"}]}
RESULT: {"script":"<script> [1562 bytes]","args":[{"selector":{"controlType":"sap.m.GenericTile","properties":{"header":"Manage Catalogs"}},"wdio_ui5_key":"sapm.GenericTile{\"header\":\"Manage Catalogs\"}"}]}
RESULT: undefined
COMMAND: POST /session/8048b267361f29b71080faa2d1dcc4de/element - {"using":"xpath","value":"//*[@id=\"__tile37\"]"}
RESULT: {"using":"xpath","value":"//*[@id=\"__tile37\"]"}
COMMAND: POST /session/8048b267361f29b71080faa2d1dcc4de/element/f.CD14743F84E57D52FFA41C1AE21FC06E.d.0020B3B15D0118B95FB99D5FF634CD4D.e.669/click - {}
RESULT: {}
COMMAND: GET /session/8048b267361f29b71080faa2d1dcc4de/screenshot - {}
RESULT: {}
COMMAND: POST /session/8048b267361f29b71080faa2d1dcc4de/elements - {"using":"xpath","value":"//span[text()='Error']"}
RESULT: {"using":"xpath","value":"//span[text()='Error']"}
RESULT: undefined
COMMAND: POST /session/8048b267361f29b71080faa2d1dcc4de/element - {"using":"xpath","value":"//*[@id=\"__tile37\"]"}
RESULT: {"using":"xpath","value":"//*[@id=\"__tile37\"]"}
COMMAND: POST /session/8048b267361f29b71080faa2d1dcc4de/element/f.CD14743F84E57D52FFA41C1AE21FC06E.d.0020B3B15D0118B95FB99D5FF634CD4D.e.669/click - {}
RESULT: undefined
COMMAND: POST /session/8048b267361f29b71080faa2d1dcc4de/element - {"using":"xpath","value":"//*[@id=\"__tile37\"]"}
RESULT: {"using":"xpath","value":"//*[@id=\"__tile37\"]"}
COMMAND: POST /session/8048b267361f29b71080faa2d1dcc4de/element/f.CD14743F84E57D52FFA41C1AE21FC06E.d.0020B3B15D0118B95FB99D5FF634CD4D.e.669/click - {}
RESULT: undefined
COMMAND: POST /session/8048b267361f29b71080faa2d1dcc4de/execute/async - {"script":"<script> [6424 bytes]","args":[{"element-6066-11e4-a52e-4f735466cecf":"f.CD14743F84E57D52FFA41C1AE21FC06E.d.0020B3B15D0118B95FB99D5FF634CD4D.e.290"},"getTitle",[]]}
COMMAND: POST /session/8048b267361f29b71080faa2d1dcc4de/execute/async - {"script":"<script> [1562 bytes]","args":[{"selector":{"id":"shellAppTitle"},"wdio_ui5_key":"shellAppTitle"}]}
RESULT: {"script":"<script> [1562 bytes]","args":[{"selector":{"id":"shellAppTitle"},"wdio_ui5_key":"shellAppTitle"}]}
COMMAND: POST /session/8048b267361f29b71080faa2d1dcc4de/execute/async - {"script":"<script> [6424 bytes]","args":[{"element-6066-11e4-a52e-4f735466cecf":"f.CD14743F84E57D52FFA41C1AE21FC06E.d.0020B3B15D0118B95FB99D5FF634CD4D.e.738"},"getTitle",[]]}
RESULT: {"script":"<script> [6424 bytes]","args":[{"element-6066-11e4-a52e-4f735466cecf":"f.CD14743F84E57D52FFA41C1AE21FC06E.d.0020B3B15D0118B95FB99D5FF634CD4D.e.738"},"getTitle",[]]}
RESULT: undefined
COMMAND: POST /session/8048b267361f29b71080faa2d1dcc4de/element/f.CD14743F84E57D52FFA41C1AE21FC06E.d.0020B3B15D0118B95FB99D5FF634CD4D.e.667/click - {}
RESULT: {}
COMMAND: GET /session/8048b267361f29b71080faa2d1dcc4de/screenshot - {}
RESULT: {}
]]></system-out>
    </testcase>
    <testcase classname="chrome.136_0_7103_93.windows.Sanity_Tests_US104253" name="Should open Manage Calendars page" time="36.627">
      <system-out><![CDATA[
COMMAND: POST /session/8048b267361f29b71080faa2d1dcc4de/execute/async - {"script":"<script> [1562 bytes]","args":[{"selector":{"controlType":"sap.m.GenericTile","properties":{"header":"Manage Calendars"}},"wdio_ui5_key":"sapm.GenericTile{\"header\":\"Manage Calendars\"}"}]}
RESULT: {"script":"<script> [1562 bytes]","args":[{"selector":{"controlType":"sap.m.GenericTile","properties":{"header":"Manage Calendars"}},"wdio_ui5_key":"sapm.GenericTile{\"header\":\"Manage Calendars\"}"}]}
RESULT: undefined
COMMAND: POST /session/8048b267361f29b71080faa2d1dcc4de/element - {"using":"xpath","value":"//*[@id=\"__tile36\"]"}
RESULT: {"using":"xpath","value":"//*[@id=\"__tile36\"]"}
COMMAND: POST /session/8048b267361f29b71080faa2d1dcc4de/element/f.CD14743F84E57D52FFA41C1AE21FC06E.d.0020B3B15D0118B95FB99D5FF634CD4D.e.740/click - {}
RESULT: {}
COMMAND: GET /session/8048b267361f29b71080faa2d1dcc4de/screenshot - {}
RESULT: {}
COMMAND: POST /session/8048b267361f29b71080faa2d1dcc4de/elements - {"using":"xpath","value":"//span[text()='Error']"}
RESULT: {"using":"xpath","value":"//span[text()='Error']"}
RESULT: undefined
COMMAND: POST /session/8048b267361f29b71080faa2d1dcc4de/element - {"using":"xpath","value":"//*[@id=\"__tile36\"]"}
RESULT: {"using":"xpath","value":"//*[@id=\"__tile36\"]"}
COMMAND: POST /session/8048b267361f29b71080faa2d1dcc4de/element/f.CD14743F84E57D52FFA41C1AE21FC06E.d.0020B3B15D0118B95FB99D5FF634CD4D.e.740/click - {}
RESULT: undefined
COMMAND: POST /session/8048b267361f29b71080faa2d1dcc4de/element - {"using":"xpath","value":"//*[@id=\"__tile36\"]"}
RESULT: {"using":"xpath","value":"//*[@id=\"__tile36\"]"}
COMMAND: POST /session/8048b267361f29b71080faa2d1dcc4de/element/f.CD14743F84E57D52FFA41C1AE21FC06E.d.0020B3B15D0118B95FB99D5FF634CD4D.e.740/click - {}
RESULT: undefined
COMMAND: POST /session/8048b267361f29b71080faa2d1dcc4de/execute/async - {"script":"<script> [6424 bytes]","args":[{"element-6066-11e4-a52e-4f735466cecf":"f.CD14743F84E57D52FFA41C1AE21FC06E.d.0020B3B15D0118B95FB99D5FF634CD4D.e.290"},"getTitle",[]]}
COMMAND: POST /session/8048b267361f29b71080faa2d1dcc4de/execute/async - {"script":"<script> [1562 bytes]","args":[{"selector":{"id":"shellAppTitle"},"wdio_ui5_key":"shellAppTitle"}]}
RESULT: {"script":"<script> [1562 bytes]","args":[{"selector":{"id":"shellAppTitle"},"wdio_ui5_key":"shellAppTitle"}]}
COMMAND: POST /session/8048b267361f29b71080faa2d1dcc4de/execute/async - {"script":"<script> [6424 bytes]","args":[{"element-6066-11e4-a52e-4f735466cecf":"f.CD14743F84E57D52FFA41C1AE21FC06E.d.0020B3B15D0118B95FB99D5FF634CD4D.e.812"},"getTitle",[]]}
RESULT: {"script":"<script> [6424 bytes]","args":[{"element-6066-11e4-a52e-4f735466cecf":"f.CD14743F84E57D52FFA41C1AE21FC06E.d.0020B3B15D0118B95FB99D5FF634CD4D.e.812"},"getTitle",[]]}
RESULT: undefined
COMMAND: POST /session/8048b267361f29b71080faa2d1dcc4de/element/f.CD14743F84E57D52FFA41C1AE21FC06E.d.0020B3B15D0118B95FB99D5FF634CD4D.e.667/click - {}
COMMAND: POST /session/8048b267361f29b71080faa2d1dcc4de/element - {"using":"xpath","value":"//*[@id=\"backBtn\"]"}
RESULT: {"using":"xpath","value":"//*[@id=\"backBtn\"]"}
COMMAND: POST /session/8048b267361f29b71080faa2d1dcc4de/element/f.CD14743F84E57D52FFA41C1AE21FC06E.d.0020B3B15D0118B95FB99D5FF634CD4D.e.667/click - {}
COMMAND: POST /session/8048b267361f29b71080faa2d1dcc4de/element - {"using":"xpath","value":"//*[@id=\"backBtn\"]"}
RESULT: {"using":"xpath","value":"//*[@id=\"backBtn\"]"}
COMMAND: POST /session/8048b267361f29b71080faa2d1dcc4de/element/f.CD14743F84E57D52FFA41C1AE21FC06E.d.0020B3B15D0118B95FB99D5FF634CD4D.e.813/click - {}
RESULT: {}
COMMAND: GET /session/8048b267361f29b71080faa2d1dcc4de/screenshot - {}
RESULT: {}
]]></system-out>
    </testcase>
    <testcase classname="chrome.136_0_7103_93.windows.Sanity_Tests_US104253" name="Should open Address Management page" time="36.535">
      <system-out><![CDATA[
COMMAND: POST /session/8048b267361f29b71080faa2d1dcc4de/execute/async - {"script":"<script> [1562 bytes]","args":[{"selector":{"controlType":"sap.m.GenericTile","properties":{"header":"Address Management"}},"wdio_ui5_key":"sapm.GenericTile{\"header\":\"Address Management\"}"}]}
RESULT: {"script":"<script> [1562 bytes]","args":[{"selector":{"controlType":"sap.m.GenericTile","properties":{"header":"Address Management"}},"wdio_ui5_key":"sapm.GenericTile{\"header\":\"Address Management\"}"}]}
RESULT: undefined
COMMAND: POST /session/8048b267361f29b71080faa2d1dcc4de/element - {"using":"xpath","value":"//*[@id=\"__tile33\"]"}
RESULT: {"using":"xpath","value":"//*[@id=\"__tile33\"]"}
COMMAND: POST /session/8048b267361f29b71080faa2d1dcc4de/element/f.CD14743F84E57D52FFA41C1AE21FC06E.d.0020B3B15D0118B95FB99D5FF634CD4D.e.815/click - {}
RESULT: {}
COMMAND: GET /session/8048b267361f29b71080faa2d1dcc4de/screenshot - {}
RESULT: {}
COMMAND: POST /session/8048b267361f29b71080faa2d1dcc4de/elements - {"using":"xpath","value":"//span[text()='Error']"}
RESULT: {"using":"xpath","value":"//span[text()='Error']"}
RESULT: undefined
COMMAND: POST /session/8048b267361f29b71080faa2d1dcc4de/element - {"using":"xpath","value":"//*[@id=\"__tile33\"]"}
RESULT: {"using":"xpath","value":"//*[@id=\"__tile33\"]"}
COMMAND: POST /session/8048b267361f29b71080faa2d1dcc4de/element/f.CD14743F84E57D52FFA41C1AE21FC06E.d.0020B3B15D0118B95FB99D5FF634CD4D.e.815/click - {}
RESULT: undefined
COMMAND: POST /session/8048b267361f29b71080faa2d1dcc4de/element - {"using":"xpath","value":"//*[@id=\"__tile33\"]"}
RESULT: {"using":"xpath","value":"//*[@id=\"__tile33\"]"}
COMMAND: POST /session/8048b267361f29b71080faa2d1dcc4de/element/f.CD14743F84E57D52FFA41C1AE21FC06E.d.0020B3B15D0118B95FB99D5FF634CD4D.e.815/click - {}
RESULT: undefined
COMMAND: POST /session/8048b267361f29b71080faa2d1dcc4de/execute/async - {"script":"<script> [6424 bytes]","args":[{"element-6066-11e4-a52e-4f735466cecf":"f.CD14743F84E57D52FFA41C1AE21FC06E.d.0020B3B15D0118B95FB99D5FF634CD4D.e.290"},"getTitle",[]]}
COMMAND: POST /session/8048b267361f29b71080faa2d1dcc4de/execute/async - {"script":"<script> [1562 bytes]","args":[{"selector":{"id":"shellAppTitle"},"wdio_ui5_key":"shellAppTitle"}]}
RESULT: {"script":"<script> [1562 bytes]","args":[{"selector":{"id":"shellAppTitle"},"wdio_ui5_key":"shellAppTitle"}]}
COMMAND: POST /session/8048b267361f29b71080faa2d1dcc4de/execute/async - {"script":"<script> [6424 bytes]","args":[{"element-6066-11e4-a52e-4f735466cecf":"f.CD14743F84E57D52FFA41C1AE21FC06E.d.0020B3B15D0118B95FB99D5FF634CD4D.e.1167"},"getTitle",[]]}
RESULT: {"script":"<script> [6424 bytes]","args":[{"element-6066-11e4-a52e-4f735466cecf":"f.CD14743F84E57D52FFA41C1AE21FC06E.d.0020B3B15D0118B95FB99D5FF634CD4D.e.1167"},"getTitle",[]]}
RESULT: undefined
COMMAND: POST /session/8048b267361f29b71080faa2d1dcc4de/element/f.CD14743F84E57D52FFA41C1AE21FC06E.d.0020B3B15D0118B95FB99D5FF634CD4D.e.813/click - {}
RESULT: {}
COMMAND: GET /session/8048b267361f29b71080faa2d1dcc4de/screenshot - {}
RESULT: {}
]]></system-out>
    </testcase>
    <testcase classname="chrome.136_0_7103_93.windows.Sanity_Tests_US104253" name="Should open Bill Of Resources page" time="36.035">
      <system-out><![CDATA[
COMMAND: POST /session/8048b267361f29b71080faa2d1dcc4de/execute/async - {"script":"<script> [1562 bytes]","args":[{"selector":{"controlType":"sap.m.GenericTile","properties":{"header":"Bill Of Resources"}},"wdio_ui5_key":"sapm.GenericTile{\"header\":\"Bill Of Resources\"}"}]}
RESULT: {"script":"<script> [1562 bytes]","args":[{"selector":{"controlType":"sap.m.GenericTile","properties":{"header":"Bill Of Resources"}},"wdio_ui5_key":"sapm.GenericTile{\"header\":\"Bill Of Resources\"}"}]}
RESULT: undefined
COMMAND: POST /session/8048b267361f29b71080faa2d1dcc4de/element - {"using":"xpath","value":"//*[@id=\"__tile34\"]"}
RESULT: {"using":"xpath","value":"//*[@id=\"__tile34\"]"}
COMMAND: POST /session/8048b267361f29b71080faa2d1dcc4de/element/f.CD14743F84E57D52FFA41C1AE21FC06E.d.0020B3B15D0118B95FB99D5FF634CD4D.e.1169/click - {}
RESULT: {}
COMMAND: GET /session/8048b267361f29b71080faa2d1dcc4de/screenshot - {}
RESULT: {}
COMMAND: POST /session/8048b267361f29b71080faa2d1dcc4de/elements - {"using":"xpath","value":"//span[text()='Error']"}
RESULT: {"using":"xpath","value":"//span[text()='Error']"}
RESULT: undefined
COMMAND: POST /session/8048b267361f29b71080faa2d1dcc4de/element - {"using":"xpath","value":"//*[@id=\"__tile34\"]"}
RESULT: {"using":"xpath","value":"//*[@id=\"__tile34\"]"}
COMMAND: POST /session/8048b267361f29b71080faa2d1dcc4de/element/f.CD14743F84E57D52FFA41C1AE21FC06E.d.0020B3B15D0118B95FB99D5FF634CD4D.e.1169/click - {}
RESULT: undefined
COMMAND: POST /session/8048b267361f29b71080faa2d1dcc4de/element - {"using":"xpath","value":"//*[@id=\"__tile34\"]"}
RESULT: {"using":"xpath","value":"//*[@id=\"__tile34\"]"}
COMMAND: POST /session/8048b267361f29b71080faa2d1dcc4de/element/f.CD14743F84E57D52FFA41C1AE21FC06E.d.0020B3B15D0118B95FB99D5FF634CD4D.e.1169/click - {}
RESULT: undefined
COMMAND: POST /session/8048b267361f29b71080faa2d1dcc4de/execute/async - {"script":"<script> [6424 bytes]","args":[{"element-6066-11e4-a52e-4f735466cecf":"f.CD14743F84E57D52FFA41C1AE21FC06E.d.0020B3B15D0118B95FB99D5FF634CD4D.e.290"},"getTitle",[]]}
COMMAND: POST /session/8048b267361f29b71080faa2d1dcc4de/execute/async - {"script":"<script> [1562 bytes]","args":[{"selector":{"id":"shellAppTitle"},"wdio_ui5_key":"shellAppTitle"}]}
RESULT: {"script":"<script> [1562 bytes]","args":[{"selector":{"id":"shellAppTitle"},"wdio_ui5_key":"shellAppTitle"}]}
COMMAND: POST /session/8048b267361f29b71080faa2d1dcc4de/execute/async - {"script":"<script> [6424 bytes]","args":[{"element-6066-11e4-a52e-4f735466cecf":"f.CD14743F84E57D52FFA41C1AE21FC06E.d.0020B3B15D0118B95FB99D5FF634CD4D.e.1266"},"getTitle",[]]}
RESULT: {"script":"<script> [6424 bytes]","args":[{"element-6066-11e4-a52e-4f735466cecf":"f.CD14743F84E57D52FFA41C1AE21FC06E.d.0020B3B15D0118B95FB99D5FF634CD4D.e.1266"},"getTitle",[]]}
RESULT: undefined
COMMAND: POST /session/8048b267361f29b71080faa2d1dcc4de/element/f.CD14743F84E57D52FFA41C1AE21FC06E.d.0020B3B15D0118B95FB99D5FF634CD4D.e.813/click - {}
COMMAND: POST /session/8048b267361f29b71080faa2d1dcc4de/element - {"using":"xpath","value":"//*[@id=\"backBtn\"]"}
RESULT: {"using":"xpath","value":"//*[@id=\"backBtn\"]"}
COMMAND: POST /session/8048b267361f29b71080faa2d1dcc4de/element/f.CD14743F84E57D52FFA41C1AE21FC06E.d.0020B3B15D0118B95FB99D5FF634CD4D.e.813/click - {}
COMMAND: POST /session/8048b267361f29b71080faa2d1dcc4de/element - {"using":"xpath","value":"//*[@id=\"backBtn\"]"}
RESULT: {"using":"xpath","value":"//*[@id=\"backBtn\"]"}
COMMAND: POST /session/8048b267361f29b71080faa2d1dcc4de/element/f.CD14743F84E57D52FFA41C1AE21FC06E.d.0020B3B15D0118B95FB99D5FF634CD4D.e.1267/click - {}
RESULT: {}
COMMAND: GET /session/8048b267361f29b71080faa2d1dcc4de/screenshot - {}
RESULT: {}
]]></system-out>
    </testcase>
    <testcase classname="chrome.136_0_7103_93.windows.Sanity_Tests_US104253" name="Should open Manage Yards page" time="37.216">
      <system-out><![CDATA[
COMMAND: POST /session/8048b267361f29b71080faa2d1dcc4de/execute/async - {"script":"<script> [1562 bytes]","args":[{"selector":{"controlType":"sap.m.GenericTile","properties":{"header":"Manage Yards"}},"wdio_ui5_key":"sapm.GenericTile{\"header\":\"Manage Yards\"}"}]}
RESULT: {"script":"<script> [1562 bytes]","args":[{"selector":{"controlType":"sap.m.GenericTile","properties":{"header":"Manage Yards"}},"wdio_ui5_key":"sapm.GenericTile{\"header\":\"Manage Yards\"}"}]}
RESULT: undefined
COMMAND: POST /session/8048b267361f29b71080faa2d1dcc4de/element - {"using":"xpath","value":"//*[@id=\"__tile41\"]"}
RESULT: {"using":"xpath","value":"//*[@id=\"__tile41\"]"}
COMMAND: POST /session/8048b267361f29b71080faa2d1dcc4de/element/f.CD14743F84E57D52FFA41C1AE21FC06E.d.0020B3B15D0118B95FB99D5FF634CD4D.e.1269/click - {}
RESULT: {}
COMMAND: GET /session/8048b267361f29b71080faa2d1dcc4de/screenshot - {}
RESULT: {}
COMMAND: POST /session/8048b267361f29b71080faa2d1dcc4de/elements - {"using":"xpath","value":"//span[text()='Error']"}
RESULT: {"using":"xpath","value":"//span[text()='Error']"}
RESULT: undefined
COMMAND: POST /session/8048b267361f29b71080faa2d1dcc4de/element - {"using":"xpath","value":"//*[@id=\"__tile41\"]"}
RESULT: {"using":"xpath","value":"//*[@id=\"__tile41\"]"}
COMMAND: POST /session/8048b267361f29b71080faa2d1dcc4de/element/f.CD14743F84E57D52FFA41C1AE21FC06E.d.0020B3B15D0118B95FB99D5FF634CD4D.e.1269/click - {}
RESULT: undefined
COMMAND: POST /session/8048b267361f29b71080faa2d1dcc4de/element - {"using":"xpath","value":"//*[@id=\"__tile41\"]"}
RESULT: {"using":"xpath","value":"//*[@id=\"__tile41\"]"}
COMMAND: POST /session/8048b267361f29b71080faa2d1dcc4de/element/f.CD14743F84E57D52FFA41C1AE21FC06E.d.0020B3B15D0118B95FB99D5FF634CD4D.e.1269/click - {}
RESULT: undefined
COMMAND: POST /session/8048b267361f29b71080faa2d1dcc4de/execute/async - {"script":"<script> [6424 bytes]","args":[{"element-6066-11e4-a52e-4f735466cecf":"f.CD14743F84E57D52FFA41C1AE21FC06E.d.0020B3B15D0118B95FB99D5FF634CD4D.e.290"},"getTitle",[]]}
COMMAND: POST /session/8048b267361f29b71080faa2d1dcc4de/execute/async - {"script":"<script> [1562 bytes]","args":[{"selector":{"id":"shellAppTitle"},"wdio_ui5_key":"shellAppTitle"}]}
RESULT: {"script":"<script> [1562 bytes]","args":[{"selector":{"id":"shellAppTitle"},"wdio_ui5_key":"shellAppTitle"}]}
COMMAND: POST /session/8048b267361f29b71080faa2d1dcc4de/execute/async - {"script":"<script> [6424 bytes]","args":[{"element-6066-11e4-a52e-4f735466cecf":"f.CD14743F84E57D52FFA41C1AE21FC06E.d.0020B3B15D0118B95FB99D5FF634CD4D.e.1452"},"getTitle",[]]}
RESULT: {"script":"<script> [6424 bytes]","args":[{"element-6066-11e4-a52e-4f735466cecf":"f.CD14743F84E57D52FFA41C1AE21FC06E.d.0020B3B15D0118B95FB99D5FF634CD4D.e.1452"},"getTitle",[]]}
RESULT: undefined
COMMAND: POST /session/8048b267361f29b71080faa2d1dcc4de/element/f.CD14743F84E57D52FFA41C1AE21FC06E.d.0020B3B15D0118B95FB99D5FF634CD4D.e.1267/click - {}
RESULT: {}
COMMAND: GET /session/8048b267361f29b71080faa2d1dcc4de/screenshot - {}
RESULT: {}
]]></system-out>
    </testcase>
    <testcase classname="chrome.136_0_7103_93.windows.Sanity_Tests_US104253" name="Should open Manage Requests page" time="37.693">
      <system-out><![CDATA[
COMMAND: POST /session/8048b267361f29b71080faa2d1dcc4de/execute/async - {"script":"<script> [1562 bytes]","args":[{"selector":{"controlType":"sap.m.GenericTile","properties":{"header":"Manage Requests"}},"wdio_ui5_key":"sapm.GenericTile{\"header\":\"Manage Requests\"}"}]}
RESULT: {"script":"<script> [1562 bytes]","args":[{"selector":{"controlType":"sap.m.GenericTile","properties":{"header":"Manage Requests"}},"wdio_ui5_key":"sapm.GenericTile{\"header\":\"Manage Requests\"}"}]}
RESULT: undefined
COMMAND: POST /session/8048b267361f29b71080faa2d1dcc4de/element - {"using":"xpath","value":"//*[@id=\"__tile47\"]"}
RESULT: {"using":"xpath","value":"//*[@id=\"__tile47\"]"}
COMMAND: POST /session/8048b267361f29b71080faa2d1dcc4de/element/f.CD14743F84E57D52FFA41C1AE21FC06E.d.0020B3B15D0118B95FB99D5FF634CD4D.e.1454/click - {}
RESULT: {}
COMMAND: GET /session/8048b267361f29b71080faa2d1dcc4de/screenshot - {}
RESULT: {}
COMMAND: POST /session/8048b267361f29b71080faa2d1dcc4de/elements - {"using":"xpath","value":"//span[text()='Error']"}
RESULT: {"using":"xpath","value":"//span[text()='Error']"}
RESULT: undefined
COMMAND: POST /session/8048b267361f29b71080faa2d1dcc4de/element - {"using":"xpath","value":"//*[@id=\"__tile47\"]"}
RESULT: {"using":"xpath","value":"//*[@id=\"__tile47\"]"}
COMMAND: POST /session/8048b267361f29b71080faa2d1dcc4de/element/f.CD14743F84E57D52FFA41C1AE21FC06E.d.0020B3B15D0118B95FB99D5FF634CD4D.e.1454/click - {}
RESULT: undefined
COMMAND: POST /session/8048b267361f29b71080faa2d1dcc4de/element - {"using":"xpath","value":"//*[@id=\"__tile47\"]"}
RESULT: {"using":"xpath","value":"//*[@id=\"__tile47\"]"}
COMMAND: POST /session/8048b267361f29b71080faa2d1dcc4de/element/f.CD14743F84E57D52FFA41C1AE21FC06E.d.0020B3B15D0118B95FB99D5FF634CD4D.e.1454/click - {}
RESULT: undefined
COMMAND: POST /session/8048b267361f29b71080faa2d1dcc4de/execute/async - {"script":"<script> [6424 bytes]","args":[{"element-6066-11e4-a52e-4f735466cecf":"f.CD14743F84E57D52FFA41C1AE21FC06E.d.0020B3B15D0118B95FB99D5FF634CD4D.e.290"},"getTitle",[]]}
COMMAND: POST /session/8048b267361f29b71080faa2d1dcc4de/execute/async - {"script":"<script> [1562 bytes]","args":[{"selector":{"id":"shellAppTitle"},"wdio_ui5_key":"shellAppTitle"}]}
RESULT: {"script":"<script> [1562 bytes]","args":[{"selector":{"id":"shellAppTitle"},"wdio_ui5_key":"shellAppTitle"}]}
COMMAND: POST /session/8048b267361f29b71080faa2d1dcc4de/execute/async - {"script":"<script> [6424 bytes]","args":[{"element-6066-11e4-a52e-4f735466cecf":"f.CD14743F84E57D52FFA41C1AE21FC06E.d.0020B3B15D0118B95FB99D5FF634CD4D.e.1550"},"getTitle",[]]}
RESULT: {"script":"<script> [6424 bytes]","args":[{"element-6066-11e4-a52e-4f735466cecf":"f.CD14743F84E57D52FFA41C1AE21FC06E.d.0020B3B15D0118B95FB99D5FF634CD4D.e.1550"},"getTitle",[]]}
RESULT: undefined
COMMAND: POST /session/8048b267361f29b71080faa2d1dcc4de/element/f.CD14743F84E57D52FFA41C1AE21FC06E.d.0020B3B15D0118B95FB99D5FF634CD4D.e.1267/click - {}
COMMAND: POST /session/8048b267361f29b71080faa2d1dcc4de/element - {"using":"xpath","value":"//*[@id=\"backBtn\"]"}
RESULT: {"using":"xpath","value":"//*[@id=\"backBtn\"]"}
COMMAND: POST /session/8048b267361f29b71080faa2d1dcc4de/element/f.CD14743F84E57D52FFA41C1AE21FC06E.d.0020B3B15D0118B95FB99D5FF634CD4D.e.1267/click - {}
COMMAND: POST /session/8048b267361f29b71080faa2d1dcc4de/element - {"using":"xpath","value":"//*[@id=\"backBtn\"]"}
RESULT: {"using":"xpath","value":"//*[@id=\"backBtn\"]"}
COMMAND: POST /session/8048b267361f29b71080faa2d1dcc4de/element/f.CD14743F84E57D52FFA41C1AE21FC06E.d.0020B3B15D0118B95FB99D5FF634CD4D.e.1551/click - {}
RESULT: {}
COMMAND: GET /session/8048b267361f29b71080faa2d1dcc4de/screenshot - {}
RESULT: {}
]]></system-out>
    </testcase>
    <testcase classname="chrome.136_0_7103_93.windows.Sanity_Tests_US104253" name="Should open Manage Purchasing page" time="36.702">
      <system-out><![CDATA[
COMMAND: POST /session/8048b267361f29b71080faa2d1dcc4de/execute/async - {"script":"<script> [1562 bytes]","args":[{"selector":{"controlType":"sap.m.GenericTile","properties":{"header":"Manage Purchasing"}},"wdio_ui5_key":"sapm.GenericTile{\"header\":\"Manage Purchasing\"}"}]}
RESULT: {"script":"<script> [1562 bytes]","args":[{"selector":{"controlType":"sap.m.GenericTile","properties":{"header":"Manage Purchasing"}},"wdio_ui5_key":"sapm.GenericTile{\"header\":\"Manage Purchasing\"}"}]}
RESULT: undefined
COMMAND: POST /session/8048b267361f29b71080faa2d1dcc4de/element - {"using":"xpath","value":"//*[@id=\"__tile46\"]"}
RESULT: {"using":"xpath","value":"//*[@id=\"__tile46\"]"}
COMMAND: POST /session/8048b267361f29b71080faa2d1dcc4de/element/f.CD14743F84E57D52FFA41C1AE21FC06E.d.0020B3B15D0118B95FB99D5FF634CD4D.e.1554/click - {}
RESULT: {}
COMMAND: GET /session/8048b267361f29b71080faa2d1dcc4de/screenshot - {}
RESULT: {}
COMMAND: POST /session/8048b267361f29b71080faa2d1dcc4de/elements - {"using":"xpath","value":"//span[text()='Error']"}
RESULT: {"using":"xpath","value":"//span[text()='Error']"}
RESULT: undefined
COMMAND: POST /session/8048b267361f29b71080faa2d1dcc4de/element - {"using":"xpath","value":"//*[@id=\"__tile46\"]"}
RESULT: {"using":"xpath","value":"//*[@id=\"__tile46\"]"}
COMMAND: POST /session/8048b267361f29b71080faa2d1dcc4de/element/f.CD14743F84E57D52FFA41C1AE21FC06E.d.0020B3B15D0118B95FB99D5FF634CD4D.e.1554/click - {}
RESULT: undefined
COMMAND: POST /session/8048b267361f29b71080faa2d1dcc4de/element - {"using":"xpath","value":"//*[@id=\"__tile46\"]"}
RESULT: {"using":"xpath","value":"//*[@id=\"__tile46\"]"}
COMMAND: POST /session/8048b267361f29b71080faa2d1dcc4de/element/f.CD14743F84E57D52FFA41C1AE21FC06E.d.0020B3B15D0118B95FB99D5FF634CD4D.e.1554/click - {}
RESULT: undefined
COMMAND: POST /session/8048b267361f29b71080faa2d1dcc4de/execute/async - {"script":"<script> [6424 bytes]","args":[{"element-6066-11e4-a52e-4f735466cecf":"f.CD14743F84E57D52FFA41C1AE21FC06E.d.0020B3B15D0118B95FB99D5FF634CD4D.e.290"},"getTitle",[]]}
COMMAND: POST /session/8048b267361f29b71080faa2d1dcc4de/execute/async - {"script":"<script> [1562 bytes]","args":[{"selector":{"id":"shellAppTitle"},"wdio_ui5_key":"shellAppTitle"}]}
RESULT: {"script":"<script> [1562 bytes]","args":[{"selector":{"id":"shellAppTitle"},"wdio_ui5_key":"shellAppTitle"}]}
COMMAND: POST /session/8048b267361f29b71080faa2d1dcc4de/execute/async - {"script":"<script> [6424 bytes]","args":[{"element-6066-11e4-a52e-4f735466cecf":"f.CD14743F84E57D52FFA41C1AE21FC06E.d.0020B3B15D0118B95FB99D5FF634CD4D.e.1631"},"getTitle",[]]}
RESULT: {"script":"<script> [6424 bytes]","args":[{"element-6066-11e4-a52e-4f735466cecf":"f.CD14743F84E57D52FFA41C1AE21FC06E.d.0020B3B15D0118B95FB99D5FF634CD4D.e.1631"},"getTitle",[]]}
RESULT: undefined
COMMAND: POST /session/8048b267361f29b71080faa2d1dcc4de/element/f.CD14743F84E57D52FFA41C1AE21FC06E.d.0020B3B15D0118B95FB99D5FF634CD4D.e.1551/click - {}
RESULT: {}
COMMAND: GET /session/8048b267361f29b71080faa2d1dcc4de/screenshot - {}
RESULT: {}
]]></system-out>
    </testcase>
    <testcase classname="chrome.136_0_7103_93.windows.Sanity_Tests_US104253" name="Should open Planning Board page" time="36.772">
      <system-out><![CDATA[
COMMAND: POST /session/8048b267361f29b71080faa2d1dcc4de/execute/async - {"script":"<script> [1562 bytes]","args":[{"selector":{"controlType":"sap.m.GenericTile","properties":{"header":"Planning Board"}},"wdio_ui5_key":"sapm.GenericTile{\"header\":\"Planning Board\"}"}]}
RESULT: {"script":"<script> [1562 bytes]","args":[{"selector":{"controlType":"sap.m.GenericTile","properties":{"header":"Planning Board"}},"wdio_ui5_key":"sapm.GenericTile{\"header\":\"Planning Board\"}"}]}
RESULT: undefined
COMMAND: POST /session/8048b267361f29b71080faa2d1dcc4de/element - {"using":"xpath","value":"//*[@id=\"__tile130\"]"}
RESULT: {"using":"xpath","value":"//*[@id=\"__tile130\"]"}
COMMAND: POST /session/8048b267361f29b71080faa2d1dcc4de/element/f.CD14743F84E57D52FFA41C1AE21FC06E.d.0020B3B15D0118B95FB99D5FF634CD4D.e.1633/click - {}
RESULT: {}
COMMAND: GET /session/8048b267361f29b71080faa2d1dcc4de/screenshot - {}
RESULT: {}
COMMAND: POST /session/8048b267361f29b71080faa2d1dcc4de/elements - {"using":"xpath","value":"//span[text()='Error']"}
RESULT: {"using":"xpath","value":"//span[text()='Error']"}
RESULT: undefined
COMMAND: POST /session/8048b267361f29b71080faa2d1dcc4de/element - {"using":"xpath","value":"//*[@id=\"__tile130\"]"}
RESULT: {"using":"xpath","value":"//*[@id=\"__tile130\"]"}
COMMAND: POST /session/8048b267361f29b71080faa2d1dcc4de/element/f.CD14743F84E57D52FFA41C1AE21FC06E.d.0020B3B15D0118B95FB99D5FF634CD4D.e.1633/click - {}
RESULT: undefined
COMMAND: POST /session/8048b267361f29b71080faa2d1dcc4de/element - {"using":"xpath","value":"//*[@id=\"__tile130\"]"}
RESULT: {"using":"xpath","value":"//*[@id=\"__tile130\"]"}
COMMAND: POST /session/8048b267361f29b71080faa2d1dcc4de/element/f.CD14743F84E57D52FFA41C1AE21FC06E.d.0020B3B15D0118B95FB99D5FF634CD4D.e.1633/click - {}
RESULT: undefined
COMMAND: POST /session/8048b267361f29b71080faa2d1dcc4de/execute/async - {"script":"<script> [6424 bytes]","args":[{"element-6066-11e4-a52e-4f735466cecf":"f.CD14743F84E57D52FFA41C1AE21FC06E.d.0020B3B15D0118B95FB99D5FF634CD4D.e.290"},"getTitle",[]]}
COMMAND: POST /session/8048b267361f29b71080faa2d1dcc4de/execute/async - {"script":"<script> [1562 bytes]","args":[{"selector":{"id":"shellAppTitle"},"wdio_ui5_key":"shellAppTitle"}]}
RESULT: {"script":"<script> [1562 bytes]","args":[{"selector":{"id":"shellAppTitle"},"wdio_ui5_key":"shellAppTitle"}]}
COMMAND: POST /session/8048b267361f29b71080faa2d1dcc4de/execute/async - {"script":"<script> [6424 bytes]","args":[{"element-6066-11e4-a52e-4f735466cecf":"f.CD14743F84E57D52FFA41C1AE21FC06E.d.0020B3B15D0118B95FB99D5FF634CD4D.e.1682"},"getTitle",[]]}
RESULT: {"script":"<script> [6424 bytes]","args":[{"element-6066-11e4-a52e-4f735466cecf":"f.CD14743F84E57D52FFA41C1AE21FC06E.d.0020B3B15D0118B95FB99D5FF634CD4D.e.1682"},"getTitle",[]]}
RESULT: undefined
COMMAND: POST /session/8048b267361f29b71080faa2d1dcc4de/element/f.CD14743F84E57D52FFA41C1AE21FC06E.d.0020B3B15D0118B95FB99D5FF634CD4D.e.1551/click - {}
COMMAND: POST /session/8048b267361f29b71080faa2d1dcc4de/element/f.CD14743F84E57D52FFA41C1AE21FC06E.d.0020B3B15D0118B95FB99D5FF634CD4D.e.1551/click - {}
COMMAND: POST /session/8048b267361f29b71080faa2d1dcc4de/element - {"using":"xpath","value":"//*[@id=\"backBtn\"]"}
COMMAND: POST /session/8048b267361f29b71080faa2d1dcc4de/element - {"using":"xpath","value":"//*[@id=\"backBtn\"]"}
RESULT: {"using":"xpath","value":"//*[@id=\"backBtn\"]"}
COMMAND: POST /session/8048b267361f29b71080faa2d1dcc4de/element/f.CD14743F84E57D52FFA41C1AE21FC06E.d.0020B3B15D0118B95FB99D5FF634CD4D.e.1551/click - {}
RESULT: {"using":"xpath","value":"//*[@id=\"backBtn\"]"}
COMMAND: POST /session/8048b267361f29b71080faa2d1dcc4de/element/f.CD14743F84E57D52FFA41C1AE21FC06E.d.0020B3B15D0118B95FB99D5FF634CD4D.e.1551/click - {}
COMMAND: POST /session/8048b267361f29b71080faa2d1dcc4de/element - {"using":"xpath","value":"//*[@id=\"backBtn\"]"}
COMMAND: POST /session/8048b267361f29b71080faa2d1dcc4de/element - {"using":"xpath","value":"//*[@id=\"backBtn\"]"}
RESULT: {"using":"xpath","value":"//*[@id=\"backBtn\"]"}
COMMAND: POST /session/8048b267361f29b71080faa2d1dcc4de/element/f.CD14743F84E57D52FFA41C1AE21FC06E.d.0020B3B15D0118B95FB99D5FF634CD4D.e.1683/click - {}
RESULT: {"using":"xpath","value":"//*[@id=\"backBtn\"]"}
COMMAND: POST /session/8048b267361f29b71080faa2d1dcc4de/element/f.CD14743F84E57D52FFA41C1AE21FC06E.d.0020B3B15D0118B95FB99D5FF634CD4D.e.1683/click - {}
RESULT: {}
COMMAND: GET /session/8048b267361f29b71080faa2d1dcc4de/screenshot - {}
RESULT: {}
COMMAND: GET /session/8048b267361f29b71080faa2d1dcc4de/screenshot - {}
RESULT: {}
RESULT: {}
]]></system-out>
    </testcase>
    <testcase classname="chrome.136_0_7103_93.windows.Sanity_Tests_US104253" name="Should open Manage Contracts page" time="43.884">
      <system-out><![CDATA[
COMMAND: POST /session/8048b267361f29b71080faa2d1dcc4de/execute/async - {"script":"<script> [1562 bytes]","args":[{"selector":{"controlType":"sap.m.GenericTile","properties":{"header":"Manage Contracts"}},"wdio_ui5_key":"sapm.GenericTile{\"header\":\"Manage Contracts\"}"}]}
RESULT: {"script":"<script> [1562 bytes]","args":[{"selector":{"controlType":"sap.m.GenericTile","properties":{"header":"Manage Contracts"}},"wdio_ui5_key":"sapm.GenericTile{\"header\":\"Manage Contracts\"}"}]}
RESULT: undefined
COMMAND: POST /session/8048b267361f29b71080faa2d1dcc4de/element - {"using":"xpath","value":"//*[@id=\"__tile132\"]"}
RESULT: {"using":"xpath","value":"//*[@id=\"__tile132\"]"}
COMMAND: POST /session/8048b267361f29b71080faa2d1dcc4de/element/f.CD14743F84E57D52FFA41C1AE21FC06E.d.0020B3B15D0118B95FB99D5FF634CD4D.e.1685/click - {}
RESULT: {}
COMMAND: GET /session/8048b267361f29b71080faa2d1dcc4de/screenshot - {}
RESULT: {}
COMMAND: POST /session/8048b267361f29b71080faa2d1dcc4de/elements - {"using":"xpath","value":"//span[text()='Error']"}
RESULT: {"using":"xpath","value":"//span[text()='Error']"}
RESULT: undefined
COMMAND: POST /session/8048b267361f29b71080faa2d1dcc4de/element - {"using":"xpath","value":"//*[@id=\"__tile132\"]"}
RESULT: {"using":"xpath","value":"//*[@id=\"__tile132\"]"}
COMMAND: POST /session/8048b267361f29b71080faa2d1dcc4de/element/f.CD14743F84E57D52FFA41C1AE21FC06E.d.0020B3B15D0118B95FB99D5FF634CD4D.e.1685/click - {}
RESULT: undefined
COMMAND: POST /session/8048b267361f29b71080faa2d1dcc4de/element - {"using":"xpath","value":"//*[@id=\"__tile132\"]"}
RESULT: {"using":"xpath","value":"//*[@id=\"__tile132\"]"}
COMMAND: POST /session/8048b267361f29b71080faa2d1dcc4de/element/f.CD14743F84E57D52FFA41C1AE21FC06E.d.0020B3B15D0118B95FB99D5FF634CD4D.e.1685/click - {}
RESULT: undefined
COMMAND: POST /session/8048b267361f29b71080faa2d1dcc4de/execute/async - {"script":"<script> [6424 bytes]","args":[{"element-6066-11e4-a52e-4f735466cecf":"f.CD14743F84E57D52FFA41C1AE21FC06E.d.0020B3B15D0118B95FB99D5FF634CD4D.e.290"},"getTitle",[]]}
COMMAND: POST /session/8048b267361f29b71080faa2d1dcc4de/execute/async - {"script":"<script> [1562 bytes]","args":[{"selector":{"id":"shellAppTitle"},"wdio_ui5_key":"shellAppTitle"}]}
RESULT: {"script":"<script> [1562 bytes]","args":[{"selector":{"id":"shellAppTitle"},"wdio_ui5_key":"shellAppTitle"}]}
COMMAND: POST /session/8048b267361f29b71080faa2d1dcc4de/execute/async - {"script":"<script> [6424 bytes]","args":[{"element-6066-11e4-a52e-4f735466cecf":"f.CD14743F84E57D52FFA41C1AE21FC06E.d.0020B3B15D0118B95FB99D5FF634CD4D.e.1749"},"getTitle",[]]}
RESULT: {"script":"<script> [6424 bytes]","args":[{"element-6066-11e4-a52e-4f735466cecf":"f.CD14743F84E57D52FFA41C1AE21FC06E.d.0020B3B15D0118B95FB99D5FF634CD4D.e.1749"},"getTitle",[]]}
RESULT: undefined
COMMAND: POST /session/8048b267361f29b71080faa2d1dcc4de/element/f.CD14743F84E57D52FFA41C1AE21FC06E.d.0020B3B15D0118B95FB99D5FF634CD4D.e.1683/click - {}
RESULT: {}
COMMAND: GET /session/8048b267361f29b71080faa2d1dcc4de/screenshot - {}
RESULT: {}
]]></system-out>
    </testcase>
    <testcase classname="chrome.136_0_7103_93.windows.Sanity_Tests_US104253" name="Should open Manage Quotations page" time="36.833">
      <system-out><![CDATA[
COMMAND: POST /session/8048b267361f29b71080faa2d1dcc4de/execute/async - {"script":"<script> [1562 bytes]","args":[{"selector":{"controlType":"sap.m.GenericTile","properties":{"header":"Manage Quotations"}},"wdio_ui5_key":"sapm.GenericTile{\"header\":\"Manage Quotations\"}"}]}
RESULT: {"script":"<script> [1562 bytes]","args":[{"selector":{"controlType":"sap.m.GenericTile","properties":{"header":"Manage Quotations"}},"wdio_ui5_key":"sapm.GenericTile{\"header\":\"Manage Quotations\"}"}]}
RESULT: undefined
COMMAND: POST /session/8048b267361f29b71080faa2d1dcc4de/element - {"using":"xpath","value":"//*[@id=\"__tile133\"]"}
RESULT: {"using":"xpath","value":"//*[@id=\"__tile133\"]"}
COMMAND: POST /session/8048b267361f29b71080faa2d1dcc4de/element/f.CD14743F84E57D52FFA41C1AE21FC06E.d.0020B3B15D0118B95FB99D5FF634CD4D.e.1751/click - {}
RESULT: {}
COMMAND: GET /session/8048b267361f29b71080faa2d1dcc4de/screenshot - {}
RESULT: {}
COMMAND: POST /session/8048b267361f29b71080faa2d1dcc4de/elements - {"using":"xpath","value":"//span[text()='Error']"}
RESULT: {"using":"xpath","value":"//span[text()='Error']"}
RESULT: undefined
COMMAND: POST /session/8048b267361f29b71080faa2d1dcc4de/element - {"using":"xpath","value":"//*[@id=\"__tile133\"]"}
RESULT: {"using":"xpath","value":"//*[@id=\"__tile133\"]"}
COMMAND: POST /session/8048b267361f29b71080faa2d1dcc4de/element/f.CD14743F84E57D52FFA41C1AE21FC06E.d.0020B3B15D0118B95FB99D5FF634CD4D.e.1751/click - {}
RESULT: undefined
COMMAND: POST /session/8048b267361f29b71080faa2d1dcc4de/element - {"using":"xpath","value":"//*[@id=\"__tile133\"]"}
RESULT: {"using":"xpath","value":"//*[@id=\"__tile133\"]"}
COMMAND: POST /session/8048b267361f29b71080faa2d1dcc4de/element/f.CD14743F84E57D52FFA41C1AE21FC06E.d.0020B3B15D0118B95FB99D5FF634CD4D.e.1751/click - {}
RESULT: undefined
COMMAND: POST /session/8048b267361f29b71080faa2d1dcc4de/execute/async - {"script":"<script> [6424 bytes]","args":[{"element-6066-11e4-a52e-4f735466cecf":"f.CD14743F84E57D52FFA41C1AE21FC06E.d.0020B3B15D0118B95FB99D5FF634CD4D.e.290"},"getTitle",[]]}
COMMAND: POST /session/8048b267361f29b71080faa2d1dcc4de/execute/async - {"script":"<script> [1562 bytes]","args":[{"selector":{"id":"shellAppTitle"},"wdio_ui5_key":"shellAppTitle"}]}
RESULT: {"script":"<script> [1562 bytes]","args":[{"selector":{"id":"shellAppTitle"},"wdio_ui5_key":"shellAppTitle"}]}
COMMAND: POST /session/8048b267361f29b71080faa2d1dcc4de/execute/async - {"script":"<script> [6424 bytes]","args":[{"element-6066-11e4-a52e-4f735466cecf":"f.CD14743F84E57D52FFA41C1AE21FC06E.d.0020B3B15D0118B95FB99D5FF634CD4D.e.1827"},"getTitle",[]]}
RESULT: {"script":"<script> [6424 bytes]","args":[{"element-6066-11e4-a52e-4f735466cecf":"f.CD14743F84E57D52FFA41C1AE21FC06E.d.0020B3B15D0118B95FB99D5FF634CD4D.e.1827"},"getTitle",[]]}
RESULT: undefined
COMMAND: POST /session/8048b267361f29b71080faa2d1dcc4de/element/f.CD14743F84E57D52FFA41C1AE21FC06E.d.0020B3B15D0118B95FB99D5FF634CD4D.e.1683/click - {}
COMMAND: POST /session/8048b267361f29b71080faa2d1dcc4de/element - {"using":"xpath","value":"//*[@id=\"backBtn\"]"}
RESULT: {"using":"xpath","value":"//*[@id=\"backBtn\"]"}
COMMAND: POST /session/8048b267361f29b71080faa2d1dcc4de/element/f.CD14743F84E57D52FFA41C1AE21FC06E.d.0020B3B15D0118B95FB99D5FF634CD4D.e.1683/click - {}
COMMAND: POST /session/8048b267361f29b71080faa2d1dcc4de/element - {"using":"xpath","value":"//*[@id=\"backBtn\"]"}
RESULT: {"using":"xpath","value":"//*[@id=\"backBtn\"]"}
COMMAND: POST /session/8048b267361f29b71080faa2d1dcc4de/element/f.CD14743F84E57D52FFA41C1AE21FC06E.d.0020B3B15D0118B95FB99D5FF634CD4D.e.1828/click - {}
RESULT: {}
COMMAND: GET /session/8048b267361f29b71080faa2d1dcc4de/screenshot - {}
RESULT: {}
]]></system-out>
    </testcase>
    <testcase classname="chrome.136_0_7103_93.windows.Sanity_Tests_US104253" name="Should open Manage Handovers page" time="37.849">
      <system-out><![CDATA[
COMMAND: POST /session/8048b267361f29b71080faa2d1dcc4de/execute/async - {"script":"<script> [1562 bytes]","args":[{"selector":{"controlType":"sap.m.GenericTile","properties":{"header":"Manage Handovers"}},"wdio_ui5_key":"sapm.GenericTile{\"header\":\"Manage Handovers\"}"}]}
RESULT: {"script":"<script> [1562 bytes]","args":[{"selector":{"controlType":"sap.m.GenericTile","properties":{"header":"Manage Handovers"}},"wdio_ui5_key":"sapm.GenericTile{\"header\":\"Manage Handovers\"}"}]}
RESULT: undefined
COMMAND: POST /session/8048b267361f29b71080faa2d1dcc4de/element - {"using":"xpath","value":"//*[@id=\"__tile131\"]"}
RESULT: {"using":"xpath","value":"//*[@id=\"__tile131\"]"}
COMMAND: POST /session/8048b267361f29b71080faa2d1dcc4de/element/f.CD14743F84E57D52FFA41C1AE21FC06E.d.0020B3B15D0118B95FB99D5FF634CD4D.e.1830/click - {}
RESULT: {}
COMMAND: GET /session/8048b267361f29b71080faa2d1dcc4de/screenshot - {}
RESULT: {}
COMMAND: POST /session/8048b267361f29b71080faa2d1dcc4de/elements - {"using":"xpath","value":"//span[text()='Error']"}
RESULT: {"using":"xpath","value":"//span[text()='Error']"}
RESULT: undefined
COMMAND: POST /session/8048b267361f29b71080faa2d1dcc4de/element - {"using":"xpath","value":"//*[@id=\"__tile131\"]"}
RESULT: {"using":"xpath","value":"//*[@id=\"__tile131\"]"}
COMMAND: POST /session/8048b267361f29b71080faa2d1dcc4de/element/f.CD14743F84E57D52FFA41C1AE21FC06E.d.0020B3B15D0118B95FB99D5FF634CD4D.e.1830/click - {}
RESULT: undefined
COMMAND: POST /session/8048b267361f29b71080faa2d1dcc4de/element - {"using":"xpath","value":"//*[@id=\"__tile131\"]"}
RESULT: {"using":"xpath","value":"//*[@id=\"__tile131\"]"}
COMMAND: POST /session/8048b267361f29b71080faa2d1dcc4de/element/f.CD14743F84E57D52FFA41C1AE21FC06E.d.0020B3B15D0118B95FB99D5FF634CD4D.e.1830/click - {}
RESULT: undefined
COMMAND: POST /session/8048b267361f29b71080faa2d1dcc4de/execute/async - {"script":"<script> [6424 bytes]","args":[{"element-6066-11e4-a52e-4f735466cecf":"f.CD14743F84E57D52FFA41C1AE21FC06E.d.0020B3B15D0118B95FB99D5FF634CD4D.e.290"},"getTitle",[]]}
COMMAND: POST /session/8048b267361f29b71080faa2d1dcc4de/execute/async - {"script":"<script> [1562 bytes]","args":[{"selector":{"id":"shellAppTitle"},"wdio_ui5_key":"shellAppTitle"}]}
RESULT: {"script":"<script> [1562 bytes]","args":[{"selector":{"id":"shellAppTitle"},"wdio_ui5_key":"shellAppTitle"}]}
COMMAND: POST /session/8048b267361f29b71080faa2d1dcc4de/execute/async - {"script":"<script> [6424 bytes]","args":[{"element-6066-11e4-a52e-4f735466cecf":"f.CD14743F84E57D52FFA41C1AE21FC06E.d.0020B3B15D0118B95FB99D5FF634CD4D.e.1927"},"getTitle",[]]}
RESULT: {"script":"<script> [6424 bytes]","args":[{"element-6066-11e4-a52e-4f735466cecf":"f.CD14743F84E57D52FFA41C1AE21FC06E.d.0020B3B15D0118B95FB99D5FF634CD4D.e.1927"},"getTitle",[]]}
RESULT: undefined
COMMAND: POST /session/8048b267361f29b71080faa2d1dcc4de/element/f.CD14743F84E57D52FFA41C1AE21FC06E.d.0020B3B15D0118B95FB99D5FF634CD4D.e.1828/click - {}
RESULT: {}
COMMAND: GET /session/8048b267361f29b71080faa2d1dcc4de/screenshot - {}
RESULT: {}
]]></system-out>
    </testcase>
    <testcase classname="chrome.136_0_7103_93.windows.Sanity_Tests_US104253" name="Should open Delivery Monitor page" time="36.827">
      <system-out><![CDATA[
COMMAND: POST /session/8048b267361f29b71080faa2d1dcc4de/execute/async - {"script":"<script> [1562 bytes]","args":[{"selector":{"controlType":"sap.m.GenericTile","properties":{"header":"Delivery Monitor"}},"wdio_ui5_key":"sapm.GenericTile{\"header\":\"Delivery Monitor\"}"}]}
RESULT: {"script":"<script> [1562 bytes]","args":[{"selector":{"controlType":"sap.m.GenericTile","properties":{"header":"Delivery Monitor"}},"wdio_ui5_key":"sapm.GenericTile{\"header\":\"Delivery Monitor\"}"}]}
RESULT: undefined
COMMAND: POST /session/8048b267361f29b71080faa2d1dcc4de/element - {"using":"xpath","value":"//*[@id=\"__tile43\"]"}
RESULT: {"using":"xpath","value":"//*[@id=\"__tile43\"]"}
COMMAND: POST /session/8048b267361f29b71080faa2d1dcc4de/element/f.CD14743F84E57D52FFA41C1AE21FC06E.d.0020B3B15D0118B95FB99D5FF634CD4D.e.1929/click - {}
RESULT: {}
COMMAND: GET /session/8048b267361f29b71080faa2d1dcc4de/screenshot - {}
RESULT: {}
COMMAND: POST /session/8048b267361f29b71080faa2d1dcc4de/elements - {"using":"xpath","value":"//span[text()='Error']"}
RESULT: {"using":"xpath","value":"//span[text()='Error']"}
RESULT: undefined
COMMAND: POST /session/8048b267361f29b71080faa2d1dcc4de/element - {"using":"xpath","value":"//*[@id=\"__tile43\"]"}
RESULT: {"using":"xpath","value":"//*[@id=\"__tile43\"]"}
COMMAND: POST /session/8048b267361f29b71080faa2d1dcc4de/element/f.CD14743F84E57D52FFA41C1AE21FC06E.d.0020B3B15D0118B95FB99D5FF634CD4D.e.1929/click - {}
RESULT: undefined
COMMAND: POST /session/8048b267361f29b71080faa2d1dcc4de/element - {"using":"xpath","value":"//*[@id=\"__tile43\"]"}
RESULT: {"using":"xpath","value":"//*[@id=\"__tile43\"]"}
COMMAND: POST /session/8048b267361f29b71080faa2d1dcc4de/element/f.CD14743F84E57D52FFA41C1AE21FC06E.d.0020B3B15D0118B95FB99D5FF634CD4D.e.1929/click - {}
RESULT: undefined
COMMAND: POST /session/8048b267361f29b71080faa2d1dcc4de/execute/async - {"script":"<script> [6424 bytes]","args":[{"element-6066-11e4-a52e-4f735466cecf":"f.CD14743F84E57D52FFA41C1AE21FC06E.d.0020B3B15D0118B95FB99D5FF634CD4D.e.290"},"getTitle",[]]}
COMMAND: POST /session/8048b267361f29b71080faa2d1dcc4de/execute/async - {"script":"<script> [1562 bytes]","args":[{"selector":{"id":"shellAppTitle"},"wdio_ui5_key":"shellAppTitle"}]}
RESULT: {"script":"<script> [1562 bytes]","args":[{"selector":{"id":"shellAppTitle"},"wdio_ui5_key":"shellAppTitle"}]}
COMMAND: POST /session/8048b267361f29b71080faa2d1dcc4de/execute/async - {"script":"<script> [6424 bytes]","args":[{"element-6066-11e4-a52e-4f735466cecf":"f.CD14743F84E57D52FFA41C1AE21FC06E.d.0020B3B15D0118B95FB99D5FF634CD4D.e.2026"},"getTitle",[]]}
RESULT: {"script":"<script> [6424 bytes]","args":[{"element-6066-11e4-a52e-4f735466cecf":"f.CD14743F84E57D52FFA41C1AE21FC06E.d.0020B3B15D0118B95FB99D5FF634CD4D.e.2026"},"getTitle",[]]}
RESULT: undefined
COMMAND: POST /session/8048b267361f29b71080faa2d1dcc4de/element/f.CD14743F84E57D52FFA41C1AE21FC06E.d.0020B3B15D0118B95FB99D5FF634CD4D.e.1828/click - {}
COMMAND: POST /session/8048b267361f29b71080faa2d1dcc4de/element - {"using":"xpath","value":"//*[@id=\"backBtn\"]"}
RESULT: {"using":"xpath","value":"//*[@id=\"backBtn\"]"}
COMMAND: POST /session/8048b267361f29b71080faa2d1dcc4de/element/f.CD14743F84E57D52FFA41C1AE21FC06E.d.0020B3B15D0118B95FB99D5FF634CD4D.e.1828/click - {}
COMMAND: POST /session/8048b267361f29b71080faa2d1dcc4de/element - {"using":"xpath","value":"//*[@id=\"backBtn\"]"}
RESULT: {"using":"xpath","value":"//*[@id=\"backBtn\"]"}
COMMAND: POST /session/8048b267361f29b71080faa2d1dcc4de/element/f.CD14743F84E57D52FFA41C1AE21FC06E.d.0020B3B15D0118B95FB99D5FF634CD4D.e.2027/click - {}
RESULT: {}
COMMAND: GET /session/8048b267361f29b71080faa2d1dcc4de/screenshot - {}
RESULT: {}
]]></system-out>
    </testcase>
    <testcase classname="chrome.136_0_7103_93.windows.Sanity_Tests_US104253" name="Should open Manage Calendar Exceptions page" time="37.438">
      <system-out><![CDATA[
COMMAND: POST /session/8048b267361f29b71080faa2d1dcc4de/execute/async - {"script":"<script> [1562 bytes]","args":[{"selector":{"controlType":"sap.m.GenericTile","properties":{"header":"Manage Calendar Exceptions"}},"wdio_ui5_key":"sapm.GenericTile{\"header\":\"Manage Calendar Exceptions\"}"}]}
RESULT: {"script":"<script> [1562 bytes]","args":[{"selector":{"controlType":"sap.m.GenericTile","properties":{"header":"Manage Calendar Exceptions"}},"wdio_ui5_key":"sapm.GenericTile{\"header\":\"Manage Calendar Exceptions\"}"}]}
RESULT: undefined
COMMAND: POST /session/8048b267361f29b71080faa2d1dcc4de/element - {"using":"xpath","value":"//*[@id=\"__tile52\"]"}
RESULT: {"using":"xpath","value":"//*[@id=\"__tile52\"]"}
COMMAND: POST /session/8048b267361f29b71080faa2d1dcc4de/element/f.CD14743F84E57D52FFA41C1AE21FC06E.d.0020B3B15D0118B95FB99D5FF634CD4D.e.2029/click - {}
RESULT: {}
COMMAND: GET /session/8048b267361f29b71080faa2d1dcc4de/screenshot - {}
RESULT: {}
COMMAND: POST /session/8048b267361f29b71080faa2d1dcc4de/elements - {"using":"xpath","value":"//span[text()='Error']"}
RESULT: {"using":"xpath","value":"//span[text()='Error']"}
RESULT: undefined
COMMAND: POST /session/8048b267361f29b71080faa2d1dcc4de/element - {"using":"xpath","value":"//*[@id=\"__tile52\"]"}
RESULT: {"using":"xpath","value":"//*[@id=\"__tile52\"]"}
COMMAND: POST /session/8048b267361f29b71080faa2d1dcc4de/element/f.CD14743F84E57D52FFA41C1AE21FC06E.d.0020B3B15D0118B95FB99D5FF634CD4D.e.2029/click - {}
RESULT: undefined
COMMAND: POST /session/8048b267361f29b71080faa2d1dcc4de/element - {"using":"xpath","value":"//*[@id=\"__tile52\"]"}
RESULT: {"using":"xpath","value":"//*[@id=\"__tile52\"]"}
COMMAND: POST /session/8048b267361f29b71080faa2d1dcc4de/element/f.CD14743F84E57D52FFA41C1AE21FC06E.d.0020B3B15D0118B95FB99D5FF634CD4D.e.2029/click - {}
RESULT: undefined
COMMAND: POST /session/8048b267361f29b71080faa2d1dcc4de/execute/async - {"script":"<script> [6424 bytes]","args":[{"element-6066-11e4-a52e-4f735466cecf":"f.CD14743F84E57D52FFA41C1AE21FC06E.d.0020B3B15D0118B95FB99D5FF634CD4D.e.290"},"getTitle",[]]}
COMMAND: POST /session/8048b267361f29b71080faa2d1dcc4de/execute/async - {"script":"<script> [1562 bytes]","args":[{"selector":{"id":"shellAppTitle"},"wdio_ui5_key":"shellAppTitle"}]}
RESULT: {"script":"<script> [1562 bytes]","args":[{"selector":{"id":"shellAppTitle"},"wdio_ui5_key":"shellAppTitle"}]}
COMMAND: POST /session/8048b267361f29b71080faa2d1dcc4de/execute/async - {"script":"<script> [6424 bytes]","args":[{"element-6066-11e4-a52e-4f735466cecf":"f.CD14743F84E57D52FFA41C1AE21FC06E.d.0020B3B15D0118B95FB99D5FF634CD4D.e.2153"},"getTitle",[]]}
RESULT: {"script":"<script> [6424 bytes]","args":[{"element-6066-11e4-a52e-4f735466cecf":"f.CD14743F84E57D52FFA41C1AE21FC06E.d.0020B3B15D0118B95FB99D5FF634CD4D.e.2153"},"getTitle",[]]}
RESULT: undefined
COMMAND: POST /session/8048b267361f29b71080faa2d1dcc4de/element/f.CD14743F84E57D52FFA41C1AE21FC06E.d.0020B3B15D0118B95FB99D5FF634CD4D.e.2027/click - {}
RESULT: {}
COMMAND: GET /session/8048b267361f29b71080faa2d1dcc4de/screenshot - {}
RESULT: {}
]]></system-out>
    </testcase>
    <testcase classname="chrome.136_0_7103_93.windows.Sanity_Tests_US104253" name="Should open Manage States Performance page" time="37.458">
      <system-out><![CDATA[
COMMAND: POST /session/8048b267361f29b71080faa2d1dcc4de/execute/async - {"script":"<script> [1562 bytes]","args":[{"selector":{"controlType":"sap.m.GenericTile","properties":{"header":"Manage States & Performance"}},"wdio_ui5_key":"sapm.GenericTile{\"header\":\"Manage States & Performance\"}"}]}
RESULT: {"script":"<script> [1562 bytes]","args":[{"selector":{"controlType":"sap.m.GenericTile","properties":{"header":"Manage States & Performance"}},"wdio_ui5_key":"sapm.GenericTile{\"header\":\"Manage States & Performance\"}"}]}
RESULT: undefined
COMMAND: POST /session/8048b267361f29b71080faa2d1dcc4de/element - {"using":"xpath","value":"//*[@id=\"__tile56\"]"}
RESULT: {"using":"xpath","value":"//*[@id=\"__tile56\"]"}
COMMAND: POST /session/8048b267361f29b71080faa2d1dcc4de/element/f.CD14743F84E57D52FFA41C1AE21FC06E.d.0020B3B15D0118B95FB99D5FF634CD4D.e.2157/click - {}
RESULT: {}
COMMAND: GET /session/8048b267361f29b71080faa2d1dcc4de/screenshot - {}
RESULT: {}
COMMAND: POST /session/8048b267361f29b71080faa2d1dcc4de/elements - {"using":"xpath","value":"//span[text()='Error']"}
RESULT: {"using":"xpath","value":"//span[text()='Error']"}
RESULT: undefined
COMMAND: POST /session/8048b267361f29b71080faa2d1dcc4de/element - {"using":"xpath","value":"//*[@id=\"__tile56\"]"}
RESULT: {"using":"xpath","value":"//*[@id=\"__tile56\"]"}
COMMAND: POST /session/8048b267361f29b71080faa2d1dcc4de/element/f.CD14743F84E57D52FFA41C1AE21FC06E.d.0020B3B15D0118B95FB99D5FF634CD4D.e.2157/click - {}
RESULT: undefined
COMMAND: POST /session/8048b267361f29b71080faa2d1dcc4de/element - {"using":"xpath","value":"//*[@id=\"__tile56\"]"}
RESULT: {"using":"xpath","value":"//*[@id=\"__tile56\"]"}
COMMAND: POST /session/8048b267361f29b71080faa2d1dcc4de/element/f.CD14743F84E57D52FFA41C1AE21FC06E.d.0020B3B15D0118B95FB99D5FF634CD4D.e.2157/click - {}
RESULT: undefined
COMMAND: POST /session/8048b267361f29b71080faa2d1dcc4de/execute/async - {"script":"<script> [6424 bytes]","args":[{"element-6066-11e4-a52e-4f735466cecf":"f.CD14743F84E57D52FFA41C1AE21FC06E.d.0020B3B15D0118B95FB99D5FF634CD4D.e.290"},"getTitle",[]]}
COMMAND: POST /session/8048b267361f29b71080faa2d1dcc4de/execute/async - {"script":"<script> [1562 bytes]","args":[{"selector":{"id":"shellAppTitle"},"wdio_ui5_key":"shellAppTitle"}]}
RESULT: {"script":"<script> [1562 bytes]","args":[{"selector":{"id":"shellAppTitle"},"wdio_ui5_key":"shellAppTitle"}]}
COMMAND: POST /session/8048b267361f29b71080faa2d1dcc4de/execute/async - {"script":"<script> [6424 bytes]","args":[{"element-6066-11e4-a52e-4f735466cecf":"f.CD14743F84E57D52FFA41C1AE21FC06E.d.0020B3B15D0118B95FB99D5FF634CD4D.e.2249"},"getTitle",[]]}
RESULT: {"script":"<script> [6424 bytes]","args":[{"element-6066-11e4-a52e-4f735466cecf":"f.CD14743F84E57D52FFA41C1AE21FC06E.d.0020B3B15D0118B95FB99D5FF634CD4D.e.2249"},"getTitle",[]]}
RESULT: undefined
COMMAND: POST /session/8048b267361f29b71080faa2d1dcc4de/element/f.CD14743F84E57D52FFA41C1AE21FC06E.d.0020B3B15D0118B95FB99D5FF634CD4D.e.2027/click - {}
COMMAND: POST /session/8048b267361f29b71080faa2d1dcc4de/element - {"using":"xpath","value":"//*[@id=\"backBtn\"]"}
RESULT: {"using":"xpath","value":"//*[@id=\"backBtn\"]"}
COMMAND: POST /session/8048b267361f29b71080faa2d1dcc4de/element/f.CD14743F84E57D52FFA41C1AE21FC06E.d.0020B3B15D0118B95FB99D5FF634CD4D.e.2027/click - {}
COMMAND: POST /session/8048b267361f29b71080faa2d1dcc4de/element - {"using":"xpath","value":"//*[@id=\"backBtn\"]"}
RESULT: {"using":"xpath","value":"//*[@id=\"backBtn\"]"}
COMMAND: POST /session/8048b267361f29b71080faa2d1dcc4de/element/f.CD14743F84E57D52FFA41C1AE21FC06E.d.0020B3B15D0118B95FB99D5FF634CD4D.e.2250/click - {}
RESULT: {}
COMMAND: GET /session/8048b267361f29b71080faa2d1dcc4de/screenshot - {}
RESULT: {}
]]></system-out>
    </testcase>
    <testcase classname="chrome.136_0_7103_93.windows.Sanity_Tests_US104253" name="Should open Manage Billings page" time="38.505">
      <system-out><![CDATA[
COMMAND: POST /session/8048b267361f29b71080faa2d1dcc4de/execute/async - {"script":"<script> [1562 bytes]","args":[{"selector":{"controlType":"sap.m.GenericTile","properties":{"header":"Manage Billings"}},"wdio_ui5_key":"sapm.GenericTile{\"header\":\"Manage Billings\"}"}]}
RESULT: {"script":"<script> [1562 bytes]","args":[{"selector":{"controlType":"sap.m.GenericTile","properties":{"header":"Manage Billings"}},"wdio_ui5_key":"sapm.GenericTile{\"header\":\"Manage Billings\"}"}]}
RESULT: undefined
COMMAND: POST /session/8048b267361f29b71080faa2d1dcc4de/element - {"using":"xpath","value":"//*[@id=\"__tile51\"]"}
RESULT: {"using":"xpath","value":"//*[@id=\"__tile51\"]"}
COMMAND: POST /session/8048b267361f29b71080faa2d1dcc4de/element/f.CD14743F84E57D52FFA41C1AE21FC06E.d.0020B3B15D0118B95FB99D5FF634CD4D.e.2252/click - {}
RESULT: {}
COMMAND: GET /session/8048b267361f29b71080faa2d1dcc4de/screenshot - {}
RESULT: {}
COMMAND: POST /session/8048b267361f29b71080faa2d1dcc4de/elements - {"using":"xpath","value":"//span[text()='Error']"}
RESULT: {"using":"xpath","value":"//span[text()='Error']"}
RESULT: undefined
COMMAND: POST /session/8048b267361f29b71080faa2d1dcc4de/element - {"using":"xpath","value":"//*[@id=\"__tile51\"]"}
RESULT: {"using":"xpath","value":"//*[@id=\"__tile51\"]"}
COMMAND: POST /session/8048b267361f29b71080faa2d1dcc4de/element/f.CD14743F84E57D52FFA41C1AE21FC06E.d.0020B3B15D0118B95FB99D5FF634CD4D.e.2252/click - {}
RESULT: undefined
COMMAND: POST /session/8048b267361f29b71080faa2d1dcc4de/element - {"using":"xpath","value":"//*[@id=\"__tile51\"]"}
RESULT: {"using":"xpath","value":"//*[@id=\"__tile51\"]"}
COMMAND: POST /session/8048b267361f29b71080faa2d1dcc4de/element/f.CD14743F84E57D52FFA41C1AE21FC06E.d.0020B3B15D0118B95FB99D5FF634CD4D.e.2252/click - {}
RESULT: undefined
COMMAND: POST /session/8048b267361f29b71080faa2d1dcc4de/execute/async - {"script":"<script> [6424 bytes]","args":[{"element-6066-11e4-a52e-4f735466cecf":"f.CD14743F84E57D52FFA41C1AE21FC06E.d.0020B3B15D0118B95FB99D5FF634CD4D.e.290"},"getTitle",[]]}
COMMAND: POST /session/8048b267361f29b71080faa2d1dcc4de/execute/async - {"script":"<script> [1562 bytes]","args":[{"selector":{"id":"shellAppTitle"},"wdio_ui5_key":"shellAppTitle"}]}
RESULT: {"script":"<script> [1562 bytes]","args":[{"selector":{"id":"shellAppTitle"},"wdio_ui5_key":"shellAppTitle"}]}
COMMAND: POST /session/8048b267361f29b71080faa2d1dcc4de/execute/async - {"script":"<script> [6424 bytes]","args":[{"element-6066-11e4-a52e-4f735466cecf":"f.CD14743F84E57D52FFA41C1AE21FC06E.d.0020B3B15D0118B95FB99D5FF634CD4D.e.2466"},"getTitle",[]]}
RESULT: {"script":"<script> [6424 bytes]","args":[{"element-6066-11e4-a52e-4f735466cecf":"f.CD14743F84E57D52FFA41C1AE21FC06E.d.0020B3B15D0118B95FB99D5FF634CD4D.e.2466"},"getTitle",[]]}
RESULT: undefined
COMMAND: POST /session/8048b267361f29b71080faa2d1dcc4de/element/f.CD14743F84E57D52FFA41C1AE21FC06E.d.0020B3B15D0118B95FB99D5FF634CD4D.e.2250/click - {}
COMMAND: POST /session/8048b267361f29b71080faa2d1dcc4de/element/f.CD14743F84E57D52FFA41C1AE21FC06E.d.0020B3B15D0118B95FB99D5FF634CD4D.e.2250/click - {}
RESULT: {}
COMMAND: GET /session/8048b267361f29b71080faa2d1dcc4de/screenshot - {}
COMMAND: POST /session/8048b267361f29b71080faa2d1dcc4de/element - {"using":"xpath","value":"//*[@id=\"backBtn\"]"}
RESULT: {}
RESULT: {"using":"xpath","value":"//*[@id=\"backBtn\"]"}
COMMAND: POST /session/8048b267361f29b71080faa2d1dcc4de/elements - {"using":"xpath","value":"//*[@id=\"backBtn\"]"}
RESULT: {"using":"xpath","value":"//*[@id=\"backBtn\"]"}
COMMAND: POST /session/8048b267361f29b71080faa2d1dcc4de/elements - {"using":"xpath","value":"//*[@id=\"backBtn\"]"}
RESULT: {"using":"xpath","value":"//*[@id=\"backBtn\"]"}
COMMAND: POST /session/8048b267361f29b71080faa2d1dcc4de/elements - {"using":"xpath","value":"//*[@id=\"backBtn\"]"}
RESULT: {"using":"xpath","value":"//*[@id=\"backBtn\"]"}
COMMAND: POST /session/8048b267361f29b71080faa2d1dcc4de/elements - {"using":"xpath","value":"//*[@id=\"backBtn\"]"}
RESULT: {"using":"xpath","value":"//*[@id=\"backBtn\"]"}
COMMAND: POST /session/8048b267361f29b71080faa2d1dcc4de/elements - {"using":"xpath","value":"//*[@id=\"backBtn\"]"}
RESULT: {"using":"xpath","value":"//*[@id=\"backBtn\"]"}
COMMAND: POST /session/8048b267361f29b71080faa2d1dcc4de/elements - {"using":"xpath","value":"//*[@id=\"backBtn\"]"}
RESULT: {"using":"xpath","value":"//*[@id=\"backBtn\"]"}
COMMAND: POST /session/8048b267361f29b71080faa2d1dcc4de/elements - {"using":"xpath","value":"//*[@id=\"backBtn\"]"}
RESULT: {"using":"xpath","value":"//*[@id=\"backBtn\"]"}
COMMAND: POST /session/8048b267361f29b71080faa2d1dcc4de/elements - {"using":"xpath","value":"//*[@id=\"backBtn\"]"}
RESULT: {"using":"xpath","value":"//*[@id=\"backBtn\"]"}
COMMAND: POST /session/8048b267361f29b71080faa2d1dcc4de/elements - {"using":"xpath","value":"//*[@id=\"backBtn\"]"}
RESULT: {"using":"xpath","value":"//*[@id=\"backBtn\"]"}
COMMAND: POST /session/8048b267361f29b71080faa2d1dcc4de/elements - {"using":"xpath","value":"//*[@id=\"backBtn\"]"}
RESULT: {"using":"xpath","value":"//*[@id=\"backBtn\"]"}
COMMAND: POST /session/8048b267361f29b71080faa2d1dcc4de/elements - {"using":"xpath","value":"//*[@id=\"backBtn\"]"}
RESULT: {"using":"xpath","value":"//*[@id=\"backBtn\"]"}
COMMAND: POST /session/8048b267361f29b71080faa2d1dcc4de/elements - {"using":"xpath","value":"//*[@id=\"backBtn\"]"}
RESULT: {"using":"xpath","value":"//*[@id=\"backBtn\"]"}
COMMAND: POST /session/8048b267361f29b71080faa2d1dcc4de/elements - {"using":"xpath","value":"//*[@id=\"backBtn\"]"}
RESULT: {"using":"xpath","value":"//*[@id=\"backBtn\"]"}
COMMAND: POST /session/8048b267361f29b71080faa2d1dcc4de/elements - {"using":"xpath","value":"//*[@id=\"backBtn\"]"}
RESULT: {"using":"xpath","value":"//*[@id=\"backBtn\"]"}
COMMAND: POST /session/8048b267361f29b71080faa2d1dcc4de/elements - {"using":"xpath","value":"//*[@id=\"backBtn\"]"}
RESULT: {"using":"xpath","value":"//*[@id=\"backBtn\"]"}
COMMAND: POST /session/8048b267361f29b71080faa2d1dcc4de/elements - {"using":"xpath","value":"//*[@id=\"backBtn\"]"}
RESULT: {"using":"xpath","value":"//*[@id=\"backBtn\"]"}
COMMAND: POST /session/8048b267361f29b71080faa2d1dcc4de/elements - {"using":"xpath","value":"//*[@id=\"backBtn\"]"}
RESULT: {"using":"xpath","value":"//*[@id=\"backBtn\"]"}
COMMAND: POST /session/8048b267361f29b71080faa2d1dcc4de/elements - {"using":"xpath","value":"//*[@id=\"backBtn\"]"}
RESULT: {"using":"xpath","value":"//*[@id=\"backBtn\"]"}
]]></system-out>
    </testcase>
    <testcase classname="chrome.136_0_7103_93.windows.Sanity_Tests_US104253" name="Should open Manage Conditions Prices page" time="45.651">
      <system-out><![CDATA[
COMMAND: POST /session/8048b267361f29b71080faa2d1dcc4de/execute/async - {"script":"<script> [1562 bytes]","args":[{"selector":{"controlType":"sap.m.GenericTile","properties":{"header":"Manage Conditions & Prices"}},"wdio_ui5_key":"sapm.GenericTile{\"header\":\"Manage Conditions & Prices\"}"}]}
COMMAND: POST /session/8048b267361f29b71080faa2d1dcc4de/elements - {"using":"xpath","value":"//*[@id=\"backBtn\"]"}
RESULT: {"script":"<script> [1562 bytes]","args":[{"selector":{"controlType":"sap.m.GenericTile","properties":{"header":"Manage Conditions & Prices"}},"wdio_ui5_key":"sapm.GenericTile{\"header\":\"Manage Conditions & Prices\"}"}]}
RESULT: undefined
COMMAND: POST /session/8048b267361f29b71080faa2d1dcc4de/element - {"using":"xpath","value":"//*[@id=\"__tile53\"]"}
RESULT: {"using":"xpath","value":"//*[@id=\"backBtn\"]"}
RESULT: {"using":"xpath","value":"//*[@id=\"__tile53\"]"}
COMMAND: POST /session/8048b267361f29b71080faa2d1dcc4de/element/f.CD14743F84E57D52FFA41C1AE21FC06E.d.0020B3B15D0118B95FB99D5FF634CD4D.e.2468/click - {}
COMMAND: POST /session/8048b267361f29b71080faa2d1dcc4de/elements - {"using":"xpath","value":"//*[@id=\"backBtn\"]"}
RESULT: {}
COMMAND: GET /session/8048b267361f29b71080faa2d1dcc4de/screenshot - {}
RESULT: {"using":"xpath","value":"//*[@id=\"backBtn\"]"}
RESULT: {}
COMMAND: POST /session/8048b267361f29b71080faa2d1dcc4de/elements - {"using":"xpath","value":"//*[@id=\"backBtn\"]"}
RESULT: {"using":"xpath","value":"//*[@id=\"backBtn\"]"}
COMMAND: POST /session/8048b267361f29b71080faa2d1dcc4de/elements - {"using":"xpath","value":"//*[@id=\"backBtn\"]"}
RESULT: {"using":"xpath","value":"//*[@id=\"backBtn\"]"}
COMMAND: POST /session/8048b267361f29b71080faa2d1dcc4de/elements - {"using":"xpath","value":"//*[@id=\"backBtn\"]"}
RESULT: {"using":"xpath","value":"//*[@id=\"backBtn\"]"}
COMMAND: POST /session/8048b267361f29b71080faa2d1dcc4de/elements - {"using":"xpath","value":"//*[@id=\"backBtn\"]"}
RESULT: {"using":"xpath","value":"//*[@id=\"backBtn\"]"}
COMMAND: POST /session/8048b267361f29b71080faa2d1dcc4de/elements - {"using":"xpath","value":"//*[@id=\"backBtn\"]"}
RESULT: {"using":"xpath","value":"//*[@id=\"backBtn\"]"}
COMMAND: POST /session/8048b267361f29b71080faa2d1dcc4de/element - {"using":"xpath","value":"//*[@id=\"backBtn\"]"}
RESULT: {"using":"xpath","value":"//*[@id=\"backBtn\"]"}
COMMAND: POST /session/8048b267361f29b71080faa2d1dcc4de/element/f.CD14743F84E57D52FFA41C1AE21FC06E.d.0020B3B15D0118B95FB99D5FF634CD4D.e.2250/click - {}
COMMAND: POST /session/8048b267361f29b71080faa2d1dcc4de/element - {"using":"xpath","value":"//*[@id=\"backBtn\"]"}
RESULT: {"using":"xpath","value":"//*[@id=\"backBtn\"]"}
COMMAND: POST /session/8048b267361f29b71080faa2d1dcc4de/element/f.CD14743F84E57D52FFA41C1AE21FC06E.d.0020B3B15D0118B95FB99D5FF634CD4D.e.2473/click - {}
RESULT: {}
COMMAND: GET /session/8048b267361f29b71080faa2d1dcc4de/screenshot - {}
COMMAND: POST /session/8048b267361f29b71080faa2d1dcc4de/elements - {"using":"xpath","value":"//span[text()='Error']"}
RESULT: {}
RESULT: {"using":"xpath","value":"//span[text()='Error']"}
RESULT: undefined
COMMAND: POST /session/8048b267361f29b71080faa2d1dcc4de/element - {"using":"xpath","value":"//*[@id=\"__tile53\"]"}
RESULT: {"using":"xpath","value":"//*[@id=\"__tile53\"]"}
COMMAND: POST /session/8048b267361f29b71080faa2d1dcc4de/element/f.CD14743F84E57D52FFA41C1AE21FC06E.d.0020B3B15D0118B95FB99D5FF634CD4D.e.2468/click - {}
RESULT: {}
RESULT: undefined
COMMAND: POST /session/8048b267361f29b71080faa2d1dcc4de/element - {"using":"xpath","value":"//*[@id=\"__tile53\"]"}
COMMAND: GET /session/8048b267361f29b71080faa2d1dcc4de/screenshot - {}
RESULT: {"using":"xpath","value":"//*[@id=\"__tile53\"]"}
COMMAND: POST /session/8048b267361f29b71080faa2d1dcc4de/element/f.CD14743F84E57D52FFA41C1AE21FC06E.d.0020B3B15D0118B95FB99D5FF634CD4D.e.2468/click - {}
RESULT: {}
RESULT: undefined
COMMAND: POST /session/8048b267361f29b71080faa2d1dcc4de/execute/async - {"script":"<script> [6424 bytes]","args":[{"element-6066-11e4-a52e-4f735466cecf":"f.CD14743F84E57D52FFA41C1AE21FC06E.d.0020B3B15D0118B95FB99D5FF634CD4D.e.290"},"getTitle",[]]}
COMMAND: POST /session/8048b267361f29b71080faa2d1dcc4de/execute/async - {"script":"<script> [1562 bytes]","args":[{"selector":{"id":"shellAppTitle"},"wdio_ui5_key":"shellAppTitle"}]}
RESULT: {"script":"<script> [1562 bytes]","args":[{"selector":{"id":"shellAppTitle"},"wdio_ui5_key":"shellAppTitle"}]}
COMMAND: POST /session/8048b267361f29b71080faa2d1dcc4de/execute/async - {"script":"<script> [6424 bytes]","args":[{"element-6066-11e4-a52e-4f735466cecf":"f.CD14743F84E57D52FFA41C1AE21FC06E.d.0020B3B15D0118B95FB99D5FF634CD4D.e.2657"},"getTitle",[]]}
RESULT: {"script":"<script> [6424 bytes]","args":[{"element-6066-11e4-a52e-4f735466cecf":"f.CD14743F84E57D52FFA41C1AE21FC06E.d.0020B3B15D0118B95FB99D5FF634CD4D.e.2657"},"getTitle",[]]}
RESULT: undefined
COMMAND: POST /session/8048b267361f29b71080faa2d1dcc4de/element/f.CD14743F84E57D52FFA41C1AE21FC06E.d.0020B3B15D0118B95FB99D5FF634CD4D.e.2473/click - {}
RESULT: {}
COMMAND: GET /session/8048b267361f29b71080faa2d1dcc4de/screenshot - {}
RESULT: {}
]]></system-out>
    </testcase>
    <testcase classname="chrome.136_0_7103_93.windows.Sanity_Tests_US104253" name="Should open Billing Transfer page" time="44.083">
      <system-out><![CDATA[
COMMAND: POST /session/8048b267361f29b71080faa2d1dcc4de/execute/async - {"script":"<script> [1562 bytes]","args":[{"selector":{"controlType":"sap.m.GenericTile","properties":{"header":"Billing Transfer"}},"wdio_ui5_key":"sapm.GenericTile{\"header\":\"Billing Transfer\"}"}]}
RESULT: {"script":"<script> [1562 bytes]","args":[{"selector":{"controlType":"sap.m.GenericTile","properties":{"header":"Billing Transfer"}},"wdio_ui5_key":"sapm.GenericTile{\"header\":\"Billing Transfer\"}"}]}
RESULT: undefined
COMMAND: POST /session/8048b267361f29b71080faa2d1dcc4de/element - {"using":"xpath","value":"//*[@id=\"__tile50\"]"}
RESULT: {"using":"xpath","value":"//*[@id=\"__tile50\"]"}
COMMAND: POST /session/8048b267361f29b71080faa2d1dcc4de/element/f.CD14743F84E57D52FFA41C1AE21FC06E.d.0020B3B15D0118B95FB99D5FF634CD4D.e.2659/click - {}
RESULT: {}
COMMAND: GET /session/8048b267361f29b71080faa2d1dcc4de/screenshot - {}
RESULT: {}
COMMAND: POST /session/8048b267361f29b71080faa2d1dcc4de/elements - {"using":"xpath","value":"//span[text()='Error']"}
RESULT: {"using":"xpath","value":"//span[text()='Error']"}
RESULT: undefined
COMMAND: POST /session/8048b267361f29b71080faa2d1dcc4de/element - {"using":"xpath","value":"//*[@id=\"__tile50\"]"}
RESULT: {"using":"xpath","value":"//*[@id=\"__tile50\"]"}
COMMAND: POST /session/8048b267361f29b71080faa2d1dcc4de/element/f.CD14743F84E57D52FFA41C1AE21FC06E.d.0020B3B15D0118B95FB99D5FF634CD4D.e.2659/click - {}
RESULT: undefined
COMMAND: POST /session/8048b267361f29b71080faa2d1dcc4de/element - {"using":"xpath","value":"//*[@id=\"__tile50\"]"}
RESULT: {"using":"xpath","value":"//*[@id=\"__tile50\"]"}
COMMAND: POST /session/8048b267361f29b71080faa2d1dcc4de/element/f.CD14743F84E57D52FFA41C1AE21FC06E.d.0020B3B15D0118B95FB99D5FF634CD4D.e.2659/click - {}
RESULT: undefined
COMMAND: POST /session/8048b267361f29b71080faa2d1dcc4de/execute/async - {"script":"<script> [6424 bytes]","args":[{"element-6066-11e4-a52e-4f735466cecf":"f.CD14743F84E57D52FFA41C1AE21FC06E.d.0020B3B15D0118B95FB99D5FF634CD4D.e.290"},"getTitle",[]]}
COMMAND: POST /session/8048b267361f29b71080faa2d1dcc4de/execute/async - {"script":"<script> [1562 bytes]","args":[{"selector":{"id":"shellAppTitle"},"wdio_ui5_key":"shellAppTitle"}]}
RESULT: {"script":"<script> [1562 bytes]","args":[{"selector":{"id":"shellAppTitle"},"wdio_ui5_key":"shellAppTitle"}]}
COMMAND: POST /session/8048b267361f29b71080faa2d1dcc4de/execute/async - {"script":"<script> [6424 bytes]","args":[{"element-6066-11e4-a52e-4f735466cecf":"f.CD14743F84E57D52FFA41C1AE21FC06E.d.0020B3B15D0118B95FB99D5FF634CD4D.e.2803"},"getTitle",[]]}
RESULT: {"script":"<script> [6424 bytes]","args":[{"element-6066-11e4-a52e-4f735466cecf":"f.CD14743F84E57D52FFA41C1AE21FC06E.d.0020B3B15D0118B95FB99D5FF634CD4D.e.2803"},"getTitle",[]]}
RESULT: undefined
COMMAND: POST /session/8048b267361f29b71080faa2d1dcc4de/element/f.CD14743F84E57D52FFA41C1AE21FC06E.d.0020B3B15D0118B95FB99D5FF634CD4D.e.2473/click - {}
COMMAND: POST /session/8048b267361f29b71080faa2d1dcc4de/element - {"using":"xpath","value":"//*[@id=\"backBtn\"]"}
RESULT: {"using":"xpath","value":"//*[@id=\"backBtn\"]"}
COMMAND: POST /session/8048b267361f29b71080faa2d1dcc4de/element/f.CD14743F84E57D52FFA41C1AE21FC06E.d.0020B3B15D0118B95FB99D5FF634CD4D.e.2473/click - {}
COMMAND: POST /session/8048b267361f29b71080faa2d1dcc4de/element - {"using":"xpath","value":"//*[@id=\"backBtn\"]"}
RESULT: {"using":"xpath","value":"//*[@id=\"backBtn\"]"}
COMMAND: POST /session/8048b267361f29b71080faa2d1dcc4de/element/f.CD14743F84E57D52FFA41C1AE21FC06E.d.0020B3B15D0118B95FB99D5FF634CD4D.e.2804/click - {}
RESULT: {}
COMMAND: GET /session/8048b267361f29b71080faa2d1dcc4de/screenshot - {}
RESULT: {}
]]></system-out>
    </testcase>
    <testcase classname="chrome.136_0_7103_93.windows.Sanity_Tests_US104253" name="Should open Manage Pricing Rules page" time="37.701">
      <system-out><![CDATA[
COMMAND: POST /session/8048b267361f29b71080faa2d1dcc4de/execute/async - {"script":"<script> [1562 bytes]","args":[{"selector":{"controlType":"sap.m.GenericTile","properties":{"header":"Manage Pricing Rules"}},"wdio_ui5_key":"sapm.GenericTile{\"header\":\"Manage Pricing Rules\"}"}]}
RESULT: {"script":"<script> [1562 bytes]","args":[{"selector":{"controlType":"sap.m.GenericTile","properties":{"header":"Manage Pricing Rules"}},"wdio_ui5_key":"sapm.GenericTile{\"header\":\"Manage Pricing Rules\"}"}]}
RESULT: undefined
COMMAND: POST /session/8048b267361f29b71080faa2d1dcc4de/element - {"using":"xpath","value":"//*[@id=\"__tile55\"]"}
RESULT: {"using":"xpath","value":"//*[@id=\"__tile55\"]"}
COMMAND: POST /session/8048b267361f29b71080faa2d1dcc4de/element/f.CD14743F84E57D52FFA41C1AE21FC06E.d.0020B3B15D0118B95FB99D5FF634CD4D.e.2806/click - {}
RESULT: {}
COMMAND: GET /session/8048b267361f29b71080faa2d1dcc4de/screenshot - {}
RESULT: {}
COMMAND: POST /session/8048b267361f29b71080faa2d1dcc4de/elements - {"using":"xpath","value":"//span[text()='Error']"}
RESULT: {"using":"xpath","value":"//span[text()='Error']"}
RESULT: undefined
COMMAND: POST /session/8048b267361f29b71080faa2d1dcc4de/element - {"using":"xpath","value":"//*[@id=\"__tile55\"]"}
RESULT: {"using":"xpath","value":"//*[@id=\"__tile55\"]"}
COMMAND: POST /session/8048b267361f29b71080faa2d1dcc4de/element/f.CD14743F84E57D52FFA41C1AE21FC06E.d.0020B3B15D0118B95FB99D5FF634CD4D.e.2806/click - {}
RESULT: undefined
COMMAND: POST /session/8048b267361f29b71080faa2d1dcc4de/element - {"using":"xpath","value":"//*[@id=\"__tile55\"]"}
RESULT: {"using":"xpath","value":"//*[@id=\"__tile55\"]"}
COMMAND: POST /session/8048b267361f29b71080faa2d1dcc4de/element/f.CD14743F84E57D52FFA41C1AE21FC06E.d.0020B3B15D0118B95FB99D5FF634CD4D.e.2806/click - {}
RESULT: undefined
COMMAND: POST /session/8048b267361f29b71080faa2d1dcc4de/execute/async - {"script":"<script> [6424 bytes]","args":[{"element-6066-11e4-a52e-4f735466cecf":"f.CD14743F84E57D52FFA41C1AE21FC06E.d.0020B3B15D0118B95FB99D5FF634CD4D.e.290"},"getTitle",[]]}
COMMAND: POST /session/8048b267361f29b71080faa2d1dcc4de/execute/async - {"script":"<script> [1562 bytes]","args":[{"selector":{"id":"shellAppTitle"},"wdio_ui5_key":"shellAppTitle"}]}
RESULT: {"script":"<script> [1562 bytes]","args":[{"selector":{"id":"shellAppTitle"},"wdio_ui5_key":"shellAppTitle"}]}
COMMAND: POST /session/8048b267361f29b71080faa2d1dcc4de/execute/async - {"script":"<script> [6424 bytes]","args":[{"element-6066-11e4-a52e-4f735466cecf":"f.CD14743F84E57D52FFA41C1AE21FC06E.d.0020B3B15D0118B95FB99D5FF634CD4D.e.2854"},"getTitle",[]]}
RESULT: {"script":"<script> [6424 bytes]","args":[{"element-6066-11e4-a52e-4f735466cecf":"f.CD14743F84E57D52FFA41C1AE21FC06E.d.0020B3B15D0118B95FB99D5FF634CD4D.e.2854"},"getTitle",[]]}
RESULT: undefined
COMMAND: POST /session/8048b267361f29b71080faa2d1dcc4de/element/f.CD14743F84E57D52FFA41C1AE21FC06E.d.0020B3B15D0118B95FB99D5FF634CD4D.e.2804/click - {}
RESULT: {}
COMMAND: GET /session/8048b267361f29b71080faa2d1dcc4de/screenshot - {}
RESULT: {}
]]></system-out>
    </testcase>
    <testcase classname="chrome.136_0_7103_93.windows.Sanity_Tests_US104253" name="Should open Manage Price Determination Matrices page" time="36.623">
      <system-out><![CDATA[
COMMAND: POST /session/8048b267361f29b71080faa2d1dcc4de/execute/async - {"script":"<script> [1562 bytes]","args":[{"selector":{"controlType":"sap.m.GenericTile","properties":{"header":"Manage Price Determination Matrices"}},"wdio_ui5_key":"sapm.GenericTile{\"header\":\"Manage Price Determination Matrices\"}"}]}
RESULT: {"script":"<script> [1562 bytes]","args":[{"selector":{"controlType":"sap.m.GenericTile","properties":{"header":"Manage Price Determination Matrices"}},"wdio_ui5_key":"sapm.GenericTile{\"header\":\"Manage Price Determination Matrices\"}"}]}
RESULT: undefined
COMMAND: POST /session/8048b267361f29b71080faa2d1dcc4de/element - {"using":"xpath","value":"//*[@id=\"__tile54\"]"}
RESULT: {"using":"xpath","value":"//*[@id=\"__tile54\"]"}
COMMAND: POST /session/8048b267361f29b71080faa2d1dcc4de/element/f.CD14743F84E57D52FFA41C1AE21FC06E.d.0020B3B15D0118B95FB99D5FF634CD4D.e.2856/click - {}
RESULT: {}
COMMAND: GET /session/8048b267361f29b71080faa2d1dcc4de/screenshot - {}
RESULT: {}
COMMAND: POST /session/8048b267361f29b71080faa2d1dcc4de/elements - {"using":"xpath","value":"//span[text()='Error']"}
RESULT: {"using":"xpath","value":"//span[text()='Error']"}
RESULT: undefined
COMMAND: POST /session/8048b267361f29b71080faa2d1dcc4de/element - {"using":"xpath","value":"//*[@id=\"__tile54\"]"}
RESULT: {"using":"xpath","value":"//*[@id=\"__tile54\"]"}
COMMAND: POST /session/8048b267361f29b71080faa2d1dcc4de/element/f.CD14743F84E57D52FFA41C1AE21FC06E.d.0020B3B15D0118B95FB99D5FF634CD4D.e.2856/click - {}
RESULT: undefined
COMMAND: POST /session/8048b267361f29b71080faa2d1dcc4de/element - {"using":"xpath","value":"//*[@id=\"__tile54\"]"}
RESULT: {"using":"xpath","value":"//*[@id=\"__tile54\"]"}
COMMAND: POST /session/8048b267361f29b71080faa2d1dcc4de/element/f.CD14743F84E57D52FFA41C1AE21FC06E.d.0020B3B15D0118B95FB99D5FF634CD4D.e.2856/click - {}
RESULT: undefined
COMMAND: POST /session/8048b267361f29b71080faa2d1dcc4de/execute/async - {"script":"<script> [6424 bytes]","args":[{"element-6066-11e4-a52e-4f735466cecf":"f.CD14743F84E57D52FFA41C1AE21FC06E.d.0020B3B15D0118B95FB99D5FF634CD4D.e.290"},"getTitle",[]]}
COMMAND: POST /session/8048b267361f29b71080faa2d1dcc4de/execute/async - {"script":"<script> [1562 bytes]","args":[{"selector":{"id":"shellAppTitle"},"wdio_ui5_key":"shellAppTitle"}]}
RESULT: {"script":"<script> [1562 bytes]","args":[{"selector":{"id":"shellAppTitle"},"wdio_ui5_key":"shellAppTitle"}]}
COMMAND: POST /session/8048b267361f29b71080faa2d1dcc4de/execute/async - {"script":"<script> [6424 bytes]","args":[{"element-6066-11e4-a52e-4f735466cecf":"f.CD14743F84E57D52FFA41C1AE21FC06E.d.0020B3B15D0118B95FB99D5FF634CD4D.e.2938"},"getTitle",[]]}
RESULT: {"script":"<script> [6424 bytes]","args":[{"element-6066-11e4-a52e-4f735466cecf":"f.CD14743F84E57D52FFA41C1AE21FC06E.d.0020B3B15D0118B95FB99D5FF634CD4D.e.2938"},"getTitle",[]]}
RESULT: undefined
COMMAND: POST /session/8048b267361f29b71080faa2d1dcc4de/element/f.CD14743F84E57D52FFA41C1AE21FC06E.d.0020B3B15D0118B95FB99D5FF634CD4D.e.2804/click - {}
COMMAND: POST /session/8048b267361f29b71080faa2d1dcc4de/element - {"using":"xpath","value":"//*[@id=\"backBtn\"]"}
RESULT: {"using":"xpath","value":"//*[@id=\"backBtn\"]"}
COMMAND: POST /session/8048b267361f29b71080faa2d1dcc4de/element/f.CD14743F84E57D52FFA41C1AE21FC06E.d.0020B3B15D0118B95FB99D5FF634CD4D.e.2804/click - {}
COMMAND: POST /session/8048b267361f29b71080faa2d1dcc4de/element - {"using":"xpath","value":"//*[@id=\"backBtn\"]"}
RESULT: {"using":"xpath","value":"//*[@id=\"backBtn\"]"}
COMMAND: POST /session/8048b267361f29b71080faa2d1dcc4de/element/f.CD14743F84E57D52FFA41C1AE21FC06E.d.0020B3B15D0118B95FB99D5FF634CD4D.e.2939/click - {}
RESULT: {}
COMMAND: GET /session/8048b267361f29b71080faa2d1dcc4de/screenshot - {}
RESULT: {}
]]></system-out>
    </testcase>
    <testcase classname="chrome.136_0_7103_93.windows.Sanity_Tests_US104253" name="Should open Yard Overview page" time="39.68">
      <system-out><![CDATA[
COMMAND: POST /session/8048b267361f29b71080faa2d1dcc4de/execute/async - {"script":"<script> [1562 bytes]","args":[{"selector":{"controlType":"sap.m.GenericTile","properties":{"header":"Yard Overview"}},"wdio_ui5_key":"sapm.GenericTile{\"header\":\"Yard Overview\"}"}]}
RESULT: {"script":"<script> [1562 bytes]","args":[{"selector":{"controlType":"sap.m.GenericTile","properties":{"header":"Yard Overview"}},"wdio_ui5_key":"sapm.GenericTile{\"header\":\"Yard Overview\"}"}]}
RESULT: undefined
COMMAND: POST /session/8048b267361f29b71080faa2d1dcc4de/element - {"using":"xpath","value":"//*[@id=\"__tile102\"]"}
RESULT: {"using":"xpath","value":"//*[@id=\"__tile102\"]"}
COMMAND: POST /session/8048b267361f29b71080faa2d1dcc4de/element/f.CD14743F84E57D52FFA41C1AE21FC06E.d.0020B3B15D0118B95FB99D5FF634CD4D.e.2941/click - {}
RESULT: {}
COMMAND: GET /session/8048b267361f29b71080faa2d1dcc4de/screenshot - {}
RESULT: {}
COMMAND: POST /session/8048b267361f29b71080faa2d1dcc4de/elements - {"using":"xpath","value":"//span[text()='Error']"}
RESULT: {"using":"xpath","value":"//span[text()='Error']"}
RESULT: undefined
COMMAND: POST /session/8048b267361f29b71080faa2d1dcc4de/element - {"using":"xpath","value":"//*[@id=\"__tile102\"]"}
RESULT: {"using":"xpath","value":"//*[@id=\"__tile102\"]"}
COMMAND: POST /session/8048b267361f29b71080faa2d1dcc4de/element/f.CD14743F84E57D52FFA41C1AE21FC06E.d.0020B3B15D0118B95FB99D5FF634CD4D.e.2941/click - {}
RESULT: undefined
COMMAND: POST /session/8048b267361f29b71080faa2d1dcc4de/element - {"using":"xpath","value":"//*[@id=\"__tile102\"]"}
RESULT: {"using":"xpath","value":"//*[@id=\"__tile102\"]"}
COMMAND: POST /session/8048b267361f29b71080faa2d1dcc4de/element/f.CD14743F84E57D52FFA41C1AE21FC06E.d.0020B3B15D0118B95FB99D5FF634CD4D.e.2941/click - {}
RESULT: undefined
COMMAND: POST /session/8048b267361f29b71080faa2d1dcc4de/execute/async - {"script":"<script> [6424 bytes]","args":[{"element-6066-11e4-a52e-4f735466cecf":"f.CD14743F84E57D52FFA41C1AE21FC06E.d.0020B3B15D0118B95FB99D5FF634CD4D.e.290"},"getTitle",[]]}
COMMAND: POST /session/8048b267361f29b71080faa2d1dcc4de/execute/async - {"script":"<script> [1562 bytes]","args":[{"selector":{"id":"shellAppTitle"},"wdio_ui5_key":"shellAppTitle"}]}
RESULT: {"script":"<script> [1562 bytes]","args":[{"selector":{"id":"shellAppTitle"},"wdio_ui5_key":"shellAppTitle"}]}
COMMAND: POST /session/8048b267361f29b71080faa2d1dcc4de/execute/async - {"script":"<script> [6424 bytes]","args":[{"element-6066-11e4-a52e-4f735466cecf":"f.CD14743F84E57D52FFA41C1AE21FC06E.d.0020B3B15D0118B95FB99D5FF634CD4D.e.3006"},"getTitle",[]]}
RESULT: {"script":"<script> [6424 bytes]","args":[{"element-6066-11e4-a52e-4f735466cecf":"f.CD14743F84E57D52FFA41C1AE21FC06E.d.0020B3B15D0118B95FB99D5FF634CD4D.e.3006"},"getTitle",[]]}
RESULT: undefined
COMMAND: POST /session/8048b267361f29b71080faa2d1dcc4de/element/f.CD14743F84E57D52FFA41C1AE21FC06E.d.0020B3B15D0118B95FB99D5FF634CD4D.e.2939/click - {}
RESULT: {}
COMMAND: GET /session/8048b267361f29b71080faa2d1dcc4de/screenshot - {}
RESULT: {}
]]></system-out>
    </testcase>
    <testcase classname="chrome.136_0_7103_93.windows.Sanity_Tests_US104253" name="Should open Site Overview page" time="40.259">
      <system-out><![CDATA[
COMMAND: POST /session/8048b267361f29b71080faa2d1dcc4de/execute/async - {"script":"<script> [1562 bytes]","args":[{"selector":{"controlType":"sap.m.GenericTile","properties":{"header":"Site Overview"}},"wdio_ui5_key":"sapm.GenericTile{\"header\":\"Site Overview\"}"}]}
RESULT: {"script":"<script> [1562 bytes]","args":[{"selector":{"controlType":"sap.m.GenericTile","properties":{"header":"Site Overview"}},"wdio_ui5_key":"sapm.GenericTile{\"header\":\"Site Overview\"}"}]}
RESULT: undefined
COMMAND: POST /session/8048b267361f29b71080faa2d1dcc4de/element - {"using":"xpath","value":"//*[@id=\"__tile100\"]"}
RESULT: {"using":"xpath","value":"//*[@id=\"__tile100\"]"}
COMMAND: POST /session/8048b267361f29b71080faa2d1dcc4de/element/f.CD14743F84E57D52FFA41C1AE21FC06E.d.0020B3B15D0118B95FB99D5FF634CD4D.e.3009/click - {}
RESULT: {}
COMMAND: GET /session/8048b267361f29b71080faa2d1dcc4de/screenshot - {}
RESULT: {}
COMMAND: POST /session/8048b267361f29b71080faa2d1dcc4de/elements - {"using":"xpath","value":"//span[text()='Error']"}
RESULT: {"using":"xpath","value":"//span[text()='Error']"}
RESULT: undefined
COMMAND: POST /session/8048b267361f29b71080faa2d1dcc4de/element - {"using":"xpath","value":"//*[@id=\"__tile100\"]"}
RESULT: {"using":"xpath","value":"//*[@id=\"__tile100\"]"}
COMMAND: POST /session/8048b267361f29b71080faa2d1dcc4de/element/f.CD14743F84E57D52FFA41C1AE21FC06E.d.0020B3B15D0118B95FB99D5FF634CD4D.e.3009/click - {}
RESULT: undefined
COMMAND: POST /session/8048b267361f29b71080faa2d1dcc4de/element - {"using":"xpath","value":"//*[@id=\"__tile100\"]"}
RESULT: {"using":"xpath","value":"//*[@id=\"__tile100\"]"}
COMMAND: POST /session/8048b267361f29b71080faa2d1dcc4de/element/f.CD14743F84E57D52FFA41C1AE21FC06E.d.0020B3B15D0118B95FB99D5FF634CD4D.e.3009/click - {}
RESULT: undefined
COMMAND: POST /session/8048b267361f29b71080faa2d1dcc4de/execute/async - {"script":"<script> [6424 bytes]","args":[{"element-6066-11e4-a52e-4f735466cecf":"f.CD14743F84E57D52FFA41C1AE21FC06E.d.0020B3B15D0118B95FB99D5FF634CD4D.e.290"},"getTitle",[]]}
COMMAND: POST /session/8048b267361f29b71080faa2d1dcc4de/execute/async - {"script":"<script> [1562 bytes]","args":[{"selector":{"id":"shellAppTitle"},"wdio_ui5_key":"shellAppTitle"}]}
RESULT: {"script":"<script> [1562 bytes]","args":[{"selector":{"id":"shellAppTitle"},"wdio_ui5_key":"shellAppTitle"}]}
COMMAND: POST /session/8048b267361f29b71080faa2d1dcc4de/execute/async - {"script":"<script> [6424 bytes]","args":[{"element-6066-11e4-a52e-4f735466cecf":"f.CD14743F84E57D52FFA41C1AE21FC06E.d.0020B3B15D0118B95FB99D5FF634CD4D.e.3223"},"getTitle",[]]}
RESULT: {"script":"<script> [6424 bytes]","args":[{"element-6066-11e4-a52e-4f735466cecf":"f.CD14743F84E57D52FFA41C1AE21FC06E.d.0020B3B15D0118B95FB99D5FF634CD4D.e.3223"},"getTitle",[]]}
RESULT: undefined
COMMAND: POST /session/8048b267361f29b71080faa2d1dcc4de/element/f.CD14743F84E57D52FFA41C1AE21FC06E.d.0020B3B15D0118B95FB99D5FF634CD4D.e.2939/click - {}
COMMAND: POST /session/8048b267361f29b71080faa2d1dcc4de/element - {"using":"xpath","value":"//*[@id=\"backBtn\"]"}
RESULT: {"using":"xpath","value":"//*[@id=\"backBtn\"]"}
COMMAND: POST /session/8048b267361f29b71080faa2d1dcc4de/element/f.CD14743F84E57D52FFA41C1AE21FC06E.d.0020B3B15D0118B95FB99D5FF634CD4D.e.2939/click - {}
COMMAND: POST /session/8048b267361f29b71080faa2d1dcc4de/element - {"using":"xpath","value":"//*[@id=\"backBtn\"]"}
RESULT: {"using":"xpath","value":"//*[@id=\"backBtn\"]"}
COMMAND: POST /session/8048b267361f29b71080faa2d1dcc4de/element/f.CD14743F84E57D52FFA41C1AE21FC06E.d.0020B3B15D0118B95FB99D5FF634CD4D.e.3224/click - {}
RESULT: {}
COMMAND: GET /session/8048b267361f29b71080faa2d1dcc4de/screenshot - {}
RESULT: {}
]]></system-out>
    </testcase>
    <testcase classname="chrome.136_0_7103_93.windows.Sanity_Tests_US104253" name="Should open Trace Track Resources page" time="36.151">
      <system-out><![CDATA[
COMMAND: POST /session/8048b267361f29b71080faa2d1dcc4de/execute/async - {"script":"<script> [1562 bytes]","args":[{"selector":{"controlType":"sap.m.GenericTile","properties":{"header":"Trace & Track Resources"}},"wdio_ui5_key":"sapm.GenericTile{\"header\":\"Trace & Track Resources\"}"}]}
RESULT: {"script":"<script> [1562 bytes]","args":[{"selector":{"controlType":"sap.m.GenericTile","properties":{"header":"Trace & Track Resources"}},"wdio_ui5_key":"sapm.GenericTile{\"header\":\"Trace & Track Resources\"}"}]}
RESULT: undefined
COMMAND: POST /session/8048b267361f29b71080faa2d1dcc4de/element - {"using":"xpath","value":"//*[@id=\"__tile101\"]"}
RESULT: {"using":"xpath","value":"//*[@id=\"__tile101\"]"}
COMMAND: POST /session/8048b267361f29b71080faa2d1dcc4de/element/f.CD14743F84E57D52FFA41C1AE21FC06E.d.0020B3B15D0118B95FB99D5FF634CD4D.e.3226/click - {}
RESULT: {}
COMMAND: GET /session/8048b267361f29b71080faa2d1dcc4de/screenshot - {}
RESULT: {}
COMMAND: POST /session/8048b267361f29b71080faa2d1dcc4de/elements - {"using":"xpath","value":"//span[text()='Error']"}
RESULT: {"using":"xpath","value":"//span[text()='Error']"}
RESULT: undefined
COMMAND: POST /session/8048b267361f29b71080faa2d1dcc4de/element - {"using":"xpath","value":"//*[@id=\"__tile101\"]"}
RESULT: {"using":"xpath","value":"//*[@id=\"__tile101\"]"}
COMMAND: POST /session/8048b267361f29b71080faa2d1dcc4de/element/f.CD14743F84E57D52FFA41C1AE21FC06E.d.0020B3B15D0118B95FB99D5FF634CD4D.e.3226/click - {}
RESULT: undefined
COMMAND: POST /session/8048b267361f29b71080faa2d1dcc4de/element - {"using":"xpath","value":"//*[@id=\"__tile101\"]"}
RESULT: {"using":"xpath","value":"//*[@id=\"__tile101\"]"}
COMMAND: POST /session/8048b267361f29b71080faa2d1dcc4de/element/f.CD14743F84E57D52FFA41C1AE21FC06E.d.0020B3B15D0118B95FB99D5FF634CD4D.e.3226/click - {}
RESULT: undefined
COMMAND: POST /session/8048b267361f29b71080faa2d1dcc4de/execute/async - {"script":"<script> [6424 bytes]","args":[{"element-6066-11e4-a52e-4f735466cecf":"f.CD14743F84E57D52FFA41C1AE21FC06E.d.0020B3B15D0118B95FB99D5FF634CD4D.e.290"},"getTitle",[]]}
COMMAND: POST /session/8048b267361f29b71080faa2d1dcc4de/execute/async - {"script":"<script> [1562 bytes]","args":[{"selector":{"id":"shellAppTitle"},"wdio_ui5_key":"shellAppTitle"}]}
RESULT: {"script":"<script> [1562 bytes]","args":[{"selector":{"id":"shellAppTitle"},"wdio_ui5_key":"shellAppTitle"}]}
COMMAND: POST /session/8048b267361f29b71080faa2d1dcc4de/execute/async - {"script":"<script> [6424 bytes]","args":[{"element-6066-11e4-a52e-4f735466cecf":"f.CD14743F84E57D52FFA41C1AE21FC06E.d.0020B3B15D0118B95FB99D5FF634CD4D.e.3259"},"getTitle",[]]}
RESULT: {"script":"<script> [6424 bytes]","args":[{"element-6066-11e4-a52e-4f735466cecf":"f.CD14743F84E57D52FFA41C1AE21FC06E.d.0020B3B15D0118B95FB99D5FF634CD4D.e.3259"},"getTitle",[]]}
RESULT: undefined
COMMAND: POST /session/8048b267361f29b71080faa2d1dcc4de/element/f.CD14743F84E57D52FFA41C1AE21FC06E.d.0020B3B15D0118B95FB99D5FF634CD4D.e.3224/click - {}
RESULT: {}
COMMAND: GET /session/8048b267361f29b71080faa2d1dcc4de/screenshot - {}
RESULT: {}
]]></system-out>
    </testcase>
    <testcase classname="chrome.136_0_7103_93.windows.Sanity_Tests_US104253" name="Should open RU Inventory List page" time="36.662">
      <system-out><![CDATA[
COMMAND: POST /session/8048b267361f29b71080faa2d1dcc4de/execute/async - {"script":"<script> [1562 bytes]","args":[{"selector":{"controlType":"sap.m.GenericTile","properties":{"header":"RU Inventory List"}},"wdio_ui5_key":"sapm.GenericTile{\"header\":\"RU Inventory List\"}"}]}
RESULT: {"script":"<script> [1562 bytes]","args":[{"selector":{"controlType":"sap.m.GenericTile","properties":{"header":"RU Inventory List"}},"wdio_ui5_key":"sapm.GenericTile{\"header\":\"RU Inventory List\"}"}]}
RESULT: undefined
COMMAND: POST /session/8048b267361f29b71080faa2d1dcc4de/element - {"using":"xpath","value":"//*[@id=\"__tile99\"]"}
RESULT: {"using":"xpath","value":"//*[@id=\"__tile99\"]"}
COMMAND: POST /session/8048b267361f29b71080faa2d1dcc4de/element/f.CD14743F84E57D52FFA41C1AE21FC06E.d.0020B3B15D0118B95FB99D5FF634CD4D.e.3261/click - {}
RESULT: {}
COMMAND: GET /session/8048b267361f29b71080faa2d1dcc4de/screenshot - {}
RESULT: {}
COMMAND: POST /session/8048b267361f29b71080faa2d1dcc4de/elements - {"using":"xpath","value":"//span[text()='Error']"}
RESULT: {"using":"xpath","value":"//span[text()='Error']"}
RESULT: undefined
COMMAND: POST /session/8048b267361f29b71080faa2d1dcc4de/element - {"using":"xpath","value":"//*[@id=\"__tile99\"]"}
RESULT: {"using":"xpath","value":"//*[@id=\"__tile99\"]"}
COMMAND: POST /session/8048b267361f29b71080faa2d1dcc4de/element/f.CD14743F84E57D52FFA41C1AE21FC06E.d.0020B3B15D0118B95FB99D5FF634CD4D.e.3261/click - {}
RESULT: undefined
COMMAND: POST /session/8048b267361f29b71080faa2d1dcc4de/element - {"using":"xpath","value":"//*[@id=\"__tile99\"]"}
RESULT: {"using":"xpath","value":"//*[@id=\"__tile99\"]"}
COMMAND: POST /session/8048b267361f29b71080faa2d1dcc4de/element/f.CD14743F84E57D52FFA41C1AE21FC06E.d.0020B3B15D0118B95FB99D5FF634CD4D.e.3261/click - {}
RESULT: undefined
COMMAND: POST /session/8048b267361f29b71080faa2d1dcc4de/execute/async - {"script":"<script> [6424 bytes]","args":[{"element-6066-11e4-a52e-4f735466cecf":"f.CD14743F84E57D52FFA41C1AE21FC06E.d.0020B3B15D0118B95FB99D5FF634CD4D.e.290"},"getTitle",[]]}
COMMAND: POST /session/8048b267361f29b71080faa2d1dcc4de/execute/async - {"script":"<script> [1562 bytes]","args":[{"selector":{"id":"shellAppTitle"},"wdio_ui5_key":"shellAppTitle"}]}
RESULT: {"script":"<script> [1562 bytes]","args":[{"selector":{"id":"shellAppTitle"},"wdio_ui5_key":"shellAppTitle"}]}
COMMAND: POST /session/8048b267361f29b71080faa2d1dcc4de/execute/async - {"script":"<script> [6424 bytes]","args":[{"element-6066-11e4-a52e-4f735466cecf":"f.CD14743F84E57D52FFA41C1AE21FC06E.d.0020B3B15D0118B95FB99D5FF634CD4D.e.3463"},"getTitle",[]]}
RESULT: {"script":"<script> [6424 bytes]","args":[{"element-6066-11e4-a52e-4f735466cecf":"f.CD14743F84E57D52FFA41C1AE21FC06E.d.0020B3B15D0118B95FB99D5FF634CD4D.e.3463"},"getTitle",[]]}
RESULT: undefined
COMMAND: POST /session/8048b267361f29b71080faa2d1dcc4de/element/f.CD14743F84E57D52FFA41C1AE21FC06E.d.0020B3B15D0118B95FB99D5FF634CD4D.e.3224/click - {}
COMMAND: POST /session/8048b267361f29b71080faa2d1dcc4de/element - {"using":"xpath","value":"//*[@id=\"backBtn\"]"}
RESULT: {"using":"xpath","value":"//*[@id=\"backBtn\"]"}
COMMAND: POST /session/8048b267361f29b71080faa2d1dcc4de/element/f.CD14743F84E57D52FFA41C1AE21FC06E.d.0020B3B15D0118B95FB99D5FF634CD4D.e.3224/click - {}
COMMAND: POST /session/8048b267361f29b71080faa2d1dcc4de/element - {"using":"xpath","value":"//*[@id=\"backBtn\"]"}
RESULT: {"using":"xpath","value":"//*[@id=\"backBtn\"]"}
COMMAND: POST /session/8048b267361f29b71080faa2d1dcc4de/element/f.CD14743F84E57D52FFA41C1AE21FC06E.d.0020B3B15D0118B95FB99D5FF634CD4D.e.3464/click - {}
RESULT: {}
COMMAND: GET /session/8048b267361f29b71080faa2d1dcc4de/screenshot - {}
RESULT: {}
]]></system-out>
    </testcase>
    <testcase classname="chrome.136_0_7103_93.windows.Sanity_Tests_US104253" name="Should open Contracts Dashboard page" time="39.584">
      <system-out><![CDATA[
COMMAND: POST /session/8048b267361f29b71080faa2d1dcc4de/execute/async - {"script":"<script> [1562 bytes]","args":[{"selector":{"controlType":"sap.m.GenericTile","properties":{"header":"Contracts Dashboard"}},"wdio_ui5_key":"sapm.GenericTile{\"header\":\"Contracts Dashboard\"}"}]}
RESULT: {"script":"<script> [1562 bytes]","args":[{"selector":{"controlType":"sap.m.GenericTile","properties":{"header":"Contracts Dashboard"}},"wdio_ui5_key":"sapm.GenericTile{\"header\":\"Contracts Dashboard\"}"}]}
RESULT: undefined
COMMAND: POST /session/8048b267361f29b71080faa2d1dcc4de/element - {"using":"xpath","value":"//*[@id=\"__tile97\"]"}
RESULT: {"using":"xpath","value":"//*[@id=\"__tile97\"]"}
COMMAND: POST /session/8048b267361f29b71080faa2d1dcc4de/element/f.CD14743F84E57D52FFA41C1AE21FC06E.d.0020B3B15D0118B95FB99D5FF634CD4D.e.3466/click - {}
RESULT: {}
COMMAND: GET /session/8048b267361f29b71080faa2d1dcc4de/screenshot - {}
RESULT: {}
COMMAND: POST /session/8048b267361f29b71080faa2d1dcc4de/elements - {"using":"xpath","value":"//span[text()='Error']"}
RESULT: {"using":"xpath","value":"//span[text()='Error']"}
RESULT: undefined
COMMAND: POST /session/8048b267361f29b71080faa2d1dcc4de/element - {"using":"xpath","value":"//*[@id=\"__tile97\"]"}
RESULT: {"using":"xpath","value":"//*[@id=\"__tile97\"]"}
COMMAND: POST /session/8048b267361f29b71080faa2d1dcc4de/element/f.CD14743F84E57D52FFA41C1AE21FC06E.d.0020B3B15D0118B95FB99D5FF634CD4D.e.3466/click - {}
RESULT: undefined
COMMAND: POST /session/8048b267361f29b71080faa2d1dcc4de/element - {"using":"xpath","value":"//*[@id=\"__tile97\"]"}
RESULT: {"using":"xpath","value":"//*[@id=\"__tile97\"]"}
COMMAND: POST /session/8048b267361f29b71080faa2d1dcc4de/element/f.CD14743F84E57D52FFA41C1AE21FC06E.d.0020B3B15D0118B95FB99D5FF634CD4D.e.3466/click - {}
RESULT: undefined
COMMAND: POST /session/8048b267361f29b71080faa2d1dcc4de/execute/async - {"script":"<script> [6424 bytes]","args":[{"element-6066-11e4-a52e-4f735466cecf":"f.CD14743F84E57D52FFA41C1AE21FC06E.d.0020B3B15D0118B95FB99D5FF634CD4D.e.290"},"getTitle",[]]}
COMMAND: POST /session/8048b267361f29b71080faa2d1dcc4de/execute/async - {"script":"<script> [1562 bytes]","args":[{"selector":{"id":"shellAppTitle"},"wdio_ui5_key":"shellAppTitle"}]}
RESULT: {"script":"<script> [1562 bytes]","args":[{"selector":{"id":"shellAppTitle"},"wdio_ui5_key":"shellAppTitle"}]}
COMMAND: POST /session/8048b267361f29b71080faa2d1dcc4de/execute/async - {"script":"<script> [6424 bytes]","args":[{"element-6066-11e4-a52e-4f735466cecf":"f.CD14743F84E57D52FFA41C1AE21FC06E.d.0020B3B15D0118B95FB99D5FF634CD4D.e.3488"},"getTitle",[]]}
RESULT: {"script":"<script> [6424 bytes]","args":[{"element-6066-11e4-a52e-4f735466cecf":"f.CD14743F84E57D52FFA41C1AE21FC06E.d.0020B3B15D0118B95FB99D5FF634CD4D.e.3488"},"getTitle",[]]}
RESULT: undefined
COMMAND: POST /session/8048b267361f29b71080faa2d1dcc4de/element/f.CD14743F84E57D52FFA41C1AE21FC06E.d.0020B3B15D0118B95FB99D5FF634CD4D.e.3464/click - {}
RESULT: {}
COMMAND: GET /session/8048b267361f29b71080faa2d1dcc4de/screenshot - {}
RESULT: {}
]]></system-out>
    </testcase>
    <testcase classname="chrome.136_0_7103_93.windows.Sanity_Tests_US104253" name="Should open Bin Status Report page" time="42.771">
      <system-out><![CDATA[
COMMAND: POST /session/8048b267361f29b71080faa2d1dcc4de/execute/async - {"script":"<script> [1562 bytes]","args":[{"selector":{"controlType":"sap.m.GenericTile","properties":{"header":"Bin Status Report"}},"wdio_ui5_key":"sapm.GenericTile{\"header\":\"Bin Status Report\"}"}]}
RESULT: {"script":"<script> [1562 bytes]","args":[{"selector":{"controlType":"sap.m.GenericTile","properties":{"header":"Bin Status Report"}},"wdio_ui5_key":"sapm.GenericTile{\"header\":\"Bin Status Report\"}"}]}
RESULT: undefined
COMMAND: POST /session/8048b267361f29b71080faa2d1dcc4de/element - {"using":"xpath","value":"//*[@id=\"__tile104\"]"}
RESULT: {"using":"xpath","value":"//*[@id=\"__tile104\"]"}
COMMAND: POST /session/8048b267361f29b71080faa2d1dcc4de/element/f.CD14743F84E57D52FFA41C1AE21FC06E.d.0020B3B15D0118B95FB99D5FF634CD4D.e.3490/click - {}
RESULT: {}
COMMAND: GET /session/8048b267361f29b71080faa2d1dcc4de/screenshot - {}
RESULT: {}
COMMAND: POST /session/8048b267361f29b71080faa2d1dcc4de/elements - {"using":"xpath","value":"//span[text()='Error']"}
RESULT: {"using":"xpath","value":"//span[text()='Error']"}
RESULT: undefined
COMMAND: POST /session/8048b267361f29b71080faa2d1dcc4de/element - {"using":"xpath","value":"//*[@id=\"__tile104\"]"}
RESULT: {"using":"xpath","value":"//*[@id=\"__tile104\"]"}
COMMAND: POST /session/8048b267361f29b71080faa2d1dcc4de/element/f.CD14743F84E57D52FFA41C1AE21FC06E.d.0020B3B15D0118B95FB99D5FF634CD4D.e.3490/click - {}
RESULT: undefined
COMMAND: POST /session/8048b267361f29b71080faa2d1dcc4de/element - {"using":"xpath","value":"//*[@id=\"__tile104\"]"}
RESULT: {"using":"xpath","value":"//*[@id=\"__tile104\"]"}
COMMAND: POST /session/8048b267361f29b71080faa2d1dcc4de/element/f.CD14743F84E57D52FFA41C1AE21FC06E.d.0020B3B15D0118B95FB99D5FF634CD4D.e.3490/click - {}
RESULT: undefined
COMMAND: POST /session/8048b267361f29b71080faa2d1dcc4de/execute/async - {"script":"<script> [6424 bytes]","args":[{"element-6066-11e4-a52e-4f735466cecf":"f.CD14743F84E57D52FFA41C1AE21FC06E.d.0020B3B15D0118B95FB99D5FF634CD4D.e.290"},"getTitle",[]]}
COMMAND: POST /session/8048b267361f29b71080faa2d1dcc4de/execute/async - {"script":"<script> [1562 bytes]","args":[{"selector":{"id":"shellAppTitle"},"wdio_ui5_key":"shellAppTitle"}]}
RESULT: {"script":"<script> [1562 bytes]","args":[{"selector":{"id":"shellAppTitle"},"wdio_ui5_key":"shellAppTitle"}]}
COMMAND: POST /session/8048b267361f29b71080faa2d1dcc4de/execute/async - {"script":"<script> [6424 bytes]","args":[{"element-6066-11e4-a52e-4f735466cecf":"f.CD14743F84E57D52FFA41C1AE21FC06E.d.0020B3B15D0118B95FB99D5FF634CD4D.e.3588"},"getTitle",[]]}
RESULT: {"script":"<script> [6424 bytes]","args":[{"element-6066-11e4-a52e-4f735466cecf":"f.CD14743F84E57D52FFA41C1AE21FC06E.d.0020B3B15D0118B95FB99D5FF634CD4D.e.3588"},"getTitle",[]]}
RESULT: undefined
COMMAND: POST /session/8048b267361f29b71080faa2d1dcc4de/element/f.CD14743F84E57D52FFA41C1AE21FC06E.d.0020B3B15D0118B95FB99D5FF634CD4D.e.3464/click - {}
COMMAND: POST /session/8048b267361f29b71080faa2d1dcc4de/element - {"using":"xpath","value":"//*[@id=\"backBtn\"]"}
RESULT: {"using":"xpath","value":"//*[@id=\"backBtn\"]"}
COMMAND: POST /session/8048b267361f29b71080faa2d1dcc4de/element/f.CD14743F84E57D52FFA41C1AE21FC06E.d.0020B3B15D0118B95FB99D5FF634CD4D.e.3464/click - {}
COMMAND: POST /session/8048b267361f29b71080faa2d1dcc4de/element - {"using":"xpath","value":"//*[@id=\"backBtn\"]"}
RESULT: {"using":"xpath","value":"//*[@id=\"backBtn\"]"}
COMMAND: POST /session/8048b267361f29b71080faa2d1dcc4de/element/f.CD14743F84E57D52FFA41C1AE21FC06E.d.0020B3B15D0118B95FB99D5FF634CD4D.e.3589/click - {}
RESULT: {}
COMMAND: GET /session/8048b267361f29b71080faa2d1dcc4de/screenshot - {}
RESULT: {}
]]></system-out>
    </testcase>
    <testcase classname="chrome.136_0_7103_93.windows.Sanity_Tests_US104253" name="Should open Manage Warehouse Movements page" time="37.484">
      <system-out><![CDATA[
COMMAND: POST /session/8048b267361f29b71080faa2d1dcc4de/execute/async - {"script":"<script> [1562 bytes]","args":[{"selector":{"controlType":"sap.m.GenericTile","properties":{"header":"Manage Warehouse Movements"}},"wdio_ui5_key":"sapm.GenericTile{\"header\":\"Manage Warehouse Movements\"}"}]}
RESULT: {"script":"<script> [1562 bytes]","args":[{"selector":{"controlType":"sap.m.GenericTile","properties":{"header":"Manage Warehouse Movements"}},"wdio_ui5_key":"sapm.GenericTile{\"header\":\"Manage Warehouse Movements\"}"}]}
RESULT: undefined
COMMAND: POST /session/8048b267361f29b71080faa2d1dcc4de/element - {"using":"xpath","value":"//*[@id=\"__tile105\"]"}
RESULT: {"using":"xpath","value":"//*[@id=\"__tile105\"]"}
COMMAND: POST /session/8048b267361f29b71080faa2d1dcc4de/element/f.CD14743F84E57D52FFA41C1AE21FC06E.d.0020B3B15D0118B95FB99D5FF634CD4D.e.3593/click - {}
RESULT: {}
COMMAND: GET /session/8048b267361f29b71080faa2d1dcc4de/screenshot - {}
RESULT: {}
COMMAND: POST /session/8048b267361f29b71080faa2d1dcc4de/elements - {"using":"xpath","value":"//span[text()='Error']"}
RESULT: {"using":"xpath","value":"//span[text()='Error']"}
RESULT: undefined
COMMAND: POST /session/8048b267361f29b71080faa2d1dcc4de/element - {"using":"xpath","value":"//*[@id=\"__tile105\"]"}
RESULT: {"using":"xpath","value":"//*[@id=\"__tile105\"]"}
COMMAND: POST /session/8048b267361f29b71080faa2d1dcc4de/element/f.CD14743F84E57D52FFA41C1AE21FC06E.d.0020B3B15D0118B95FB99D5FF634CD4D.e.3593/click - {}
RESULT: undefined
COMMAND: POST /session/8048b267361f29b71080faa2d1dcc4de/element - {"using":"xpath","value":"//*[@id=\"__tile105\"]"}
RESULT: {"using":"xpath","value":"//*[@id=\"__tile105\"]"}
COMMAND: POST /session/8048b267361f29b71080faa2d1dcc4de/element/f.CD14743F84E57D52FFA41C1AE21FC06E.d.0020B3B15D0118B95FB99D5FF634CD4D.e.3593/click - {}
RESULT: undefined
COMMAND: POST /session/8048b267361f29b71080faa2d1dcc4de/execute/async - {"script":"<script> [6424 bytes]","args":[{"element-6066-11e4-a52e-4f735466cecf":"f.CD14743F84E57D52FFA41C1AE21FC06E.d.0020B3B15D0118B95FB99D5FF634CD4D.e.290"},"getTitle",[]]}
COMMAND: POST /session/8048b267361f29b71080faa2d1dcc4de/execute/async - {"script":"<script> [1562 bytes]","args":[{"selector":{"id":"shellAppTitle"},"wdio_ui5_key":"shellAppTitle"}]}
RESULT: {"script":"<script> [1562 bytes]","args":[{"selector":{"id":"shellAppTitle"},"wdio_ui5_key":"shellAppTitle"}]}
COMMAND: POST /session/8048b267361f29b71080faa2d1dcc4de/execute/async - {"script":"<script> [6424 bytes]","args":[{"element-6066-11e4-a52e-4f735466cecf":"f.CD14743F84E57D52FFA41C1AE21FC06E.d.0020B3B15D0118B95FB99D5FF634CD4D.e.3679"},"getTitle",[]]}
RESULT: {"script":"<script> [6424 bytes]","args":[{"element-6066-11e4-a52e-4f735466cecf":"f.CD14743F84E57D52FFA41C1AE21FC06E.d.0020B3B15D0118B95FB99D5FF634CD4D.e.3679"},"getTitle",[]]}
RESULT: undefined
COMMAND: POST /session/8048b267361f29b71080faa2d1dcc4de/element/f.CD14743F84E57D52FFA41C1AE21FC06E.d.0020B3B15D0118B95FB99D5FF634CD4D.e.3589/click - {}
RESULT: {}
COMMAND: GET /session/8048b267361f29b71080faa2d1dcc4de/screenshot - {}
RESULT: {}
]]></system-out>
    </testcase>
    <testcase classname="chrome.136_0_7103_93.windows.Sanity_Tests_US104253" name="Should open Bin Inventory List page" time="38.557">
      <system-out><![CDATA[
COMMAND: POST /session/8048b267361f29b71080faa2d1dcc4de/execute/async - {"script":"<script> [1562 bytes]","args":[{"selector":{"controlType":"sap.m.GenericTile","properties":{"header":"Bin Inventory List"}},"wdio_ui5_key":"sapm.GenericTile{\"header\":\"Bin Inventory List\"}"}]}
RESULT: {"script":"<script> [1562 bytes]","args":[{"selector":{"controlType":"sap.m.GenericTile","properties":{"header":"Bin Inventory List"}},"wdio_ui5_key":"sapm.GenericTile{\"header\":\"Bin Inventory List\"}"}]}
RESULT: undefined
COMMAND: POST /session/8048b267361f29b71080faa2d1dcc4de/element - {"using":"xpath","value":"//*[@id=\"__tile103\"]"}
RESULT: {"using":"xpath","value":"//*[@id=\"__tile103\"]"}
COMMAND: POST /session/8048b267361f29b71080faa2d1dcc4de/element/f.CD14743F84E57D52FFA41C1AE21FC06E.d.0020B3B15D0118B95FB99D5FF634CD4D.e.3681/click - {}
RESULT: {}
COMMAND: GET /session/8048b267361f29b71080faa2d1dcc4de/screenshot - {}
RESULT: {}
COMMAND: POST /session/8048b267361f29b71080faa2d1dcc4de/elements - {"using":"xpath","value":"//span[text()='Error']"}
RESULT: {"using":"xpath","value":"//span[text()='Error']"}
RESULT: undefined
COMMAND: POST /session/8048b267361f29b71080faa2d1dcc4de/element - {"using":"xpath","value":"//*[@id=\"__tile103\"]"}
RESULT: {"using":"xpath","value":"//*[@id=\"__tile103\"]"}
COMMAND: POST /session/8048b267361f29b71080faa2d1dcc4de/element/f.CD14743F84E57D52FFA41C1AE21FC06E.d.0020B3B15D0118B95FB99D5FF634CD4D.e.3681/click - {}
RESULT: undefined
COMMAND: POST /session/8048b267361f29b71080faa2d1dcc4de/element - {"using":"xpath","value":"//*[@id=\"__tile103\"]"}
RESULT: {"using":"xpath","value":"//*[@id=\"__tile103\"]"}
COMMAND: POST /session/8048b267361f29b71080faa2d1dcc4de/element/f.CD14743F84E57D52FFA41C1AE21FC06E.d.0020B3B15D0118B95FB99D5FF634CD4D.e.3681/click - {}
RESULT: undefined
COMMAND: POST /session/8048b267361f29b71080faa2d1dcc4de/execute/async - {"script":"<script> [6424 bytes]","args":[{"element-6066-11e4-a52e-4f735466cecf":"f.CD14743F84E57D52FFA41C1AE21FC06E.d.0020B3B15D0118B95FB99D5FF634CD4D.e.290"},"getTitle",[]]}
COMMAND: POST /session/8048b267361f29b71080faa2d1dcc4de/execute/async - {"script":"<script> [1562 bytes]","args":[{"selector":{"id":"shellAppTitle"},"wdio_ui5_key":"shellAppTitle"}]}
RESULT: {"script":"<script> [1562 bytes]","args":[{"selector":{"id":"shellAppTitle"},"wdio_ui5_key":"shellAppTitle"}]}
COMMAND: POST /session/8048b267361f29b71080faa2d1dcc4de/execute/async - {"script":"<script> [6424 bytes]","args":[{"element-6066-11e4-a52e-4f735466cecf":"f.CD14743F84E57D52FFA41C1AE21FC06E.d.0020B3B15D0118B95FB99D5FF634CD4D.e.3781"},"getTitle",[]]}
RESULT: {"script":"<script> [6424 bytes]","args":[{"element-6066-11e4-a52e-4f735466cecf":"f.CD14743F84E57D52FFA41C1AE21FC06E.d.0020B3B15D0118B95FB99D5FF634CD4D.e.3781"},"getTitle",[]]}
RESULT: undefined
COMMAND: POST /session/8048b267361f29b71080faa2d1dcc4de/element/f.CD14743F84E57D52FFA41C1AE21FC06E.d.0020B3B15D0118B95FB99D5FF634CD4D.e.3589/click - {}
COMMAND: POST /session/8048b267361f29b71080faa2d1dcc4de/element - {"using":"xpath","value":"//*[@id=\"backBtn\"]"}
RESULT: {"using":"xpath","value":"//*[@id=\"backBtn\"]"}
COMMAND: POST /session/8048b267361f29b71080faa2d1dcc4de/element/f.CD14743F84E57D52FFA41C1AE21FC06E.d.0020B3B15D0118B95FB99D5FF634CD4D.e.3589/click - {}
COMMAND: POST /session/8048b267361f29b71080faa2d1dcc4de/element - {"using":"xpath","value":"//*[@id=\"backBtn\"]"}
RESULT: {"using":"xpath","value":"//*[@id=\"backBtn\"]"}
COMMAND: POST /session/8048b267361f29b71080faa2d1dcc4de/element/f.CD14743F84E57D52FFA41C1AE21FC06E.d.0020B3B15D0118B95FB99D5FF634CD4D.e.3782/click - {}
RESULT: {}
COMMAND: GET /session/8048b267361f29b71080faa2d1dcc4de/screenshot - {}
RESULT: {}
]]></system-out>
    </testcase>
    <testcase classname="chrome.136_0_7103_93.windows.Sanity_Tests_US104253" name="Should open ISC Templates page" time="36.802">
      <system-out><![CDATA[
COMMAND: POST /session/8048b267361f29b71080faa2d1dcc4de/execute/async - {"script":"<script> [1562 bytes]","args":[{"selector":{"controlType":"sap.m.GenericTile","properties":{"header":"ISC Templates"}},"wdio_ui5_key":"sapm.GenericTile{\"header\":\"ISC Templates\"}"}]}
RESULT: {"script":"<script> [1562 bytes]","args":[{"selector":{"controlType":"sap.m.GenericTile","properties":{"header":"ISC Templates"}},"wdio_ui5_key":"sapm.GenericTile{\"header\":\"ISC Templates\"}"}]}
RESULT: undefined
COMMAND: POST /session/8048b267361f29b71080faa2d1dcc4de/element - {"using":"xpath","value":"//*[@id=\"__tile111\"]"}
RESULT: {"using":"xpath","value":"//*[@id=\"__tile111\"]"}
COMMAND: POST /session/8048b267361f29b71080faa2d1dcc4de/element/f.CD14743F84E57D52FFA41C1AE21FC06E.d.0020B3B15D0118B95FB99D5FF634CD4D.e.3784/click - {}
RESULT: {}
COMMAND: GET /session/8048b267361f29b71080faa2d1dcc4de/screenshot - {}
RESULT: {}
COMMAND: POST /session/8048b267361f29b71080faa2d1dcc4de/elements - {"using":"xpath","value":"//span[text()='Error']"}
RESULT: {"using":"xpath","value":"//span[text()='Error']"}
RESULT: undefined
COMMAND: POST /session/8048b267361f29b71080faa2d1dcc4de/element - {"using":"xpath","value":"//*[@id=\"__tile111\"]"}
RESULT: {"using":"xpath","value":"//*[@id=\"__tile111\"]"}
COMMAND: POST /session/8048b267361f29b71080faa2d1dcc4de/element/f.CD14743F84E57D52FFA41C1AE21FC06E.d.0020B3B15D0118B95FB99D5FF634CD4D.e.3784/click - {}
RESULT: undefined
COMMAND: POST /session/8048b267361f29b71080faa2d1dcc4de/element - {"using":"xpath","value":"//*[@id=\"__tile111\"]"}
RESULT: {"using":"xpath","value":"//*[@id=\"__tile111\"]"}
COMMAND: POST /session/8048b267361f29b71080faa2d1dcc4de/element/f.CD14743F84E57D52FFA41C1AE21FC06E.d.0020B3B15D0118B95FB99D5FF634CD4D.e.3784/click - {}
RESULT: undefined
COMMAND: POST /session/8048b267361f29b71080faa2d1dcc4de/execute/async - {"script":"<script> [6424 bytes]","args":[{"element-6066-11e4-a52e-4f735466cecf":"f.CD14743F84E57D52FFA41C1AE21FC06E.d.0020B3B15D0118B95FB99D5FF634CD4D.e.290"},"getTitle",[]]}
COMMAND: POST /session/8048b267361f29b71080faa2d1dcc4de/execute/async - {"script":"<script> [1562 bytes]","args":[{"selector":{"id":"shellAppTitle"},"wdio_ui5_key":"shellAppTitle"}]}
RESULT: {"script":"<script> [1562 bytes]","args":[{"selector":{"id":"shellAppTitle"},"wdio_ui5_key":"shellAppTitle"}]}
COMMAND: POST /session/8048b267361f29b71080faa2d1dcc4de/execute/async - {"script":"<script> [6424 bytes]","args":[{"element-6066-11e4-a52e-4f735466cecf":"f.CD14743F84E57D52FFA41C1AE21FC06E.d.0020B3B15D0118B95FB99D5FF634CD4D.e.3851"},"getTitle",[]]}
RESULT: {"script":"<script> [6424 bytes]","args":[{"element-6066-11e4-a52e-4f735466cecf":"f.CD14743F84E57D52FFA41C1AE21FC06E.d.0020B3B15D0118B95FB99D5FF634CD4D.e.3851"},"getTitle",[]]}
RESULT: undefined
COMMAND: POST /session/8048b267361f29b71080faa2d1dcc4de/element/f.CD14743F84E57D52FFA41C1AE21FC06E.d.0020B3B15D0118B95FB99D5FF634CD4D.e.3782/click - {}
RESULT: {}
COMMAND: GET /session/8048b267361f29b71080faa2d1dcc4de/screenshot - {}
RESULT: {}
]]></system-out>
    </testcase>
    <testcase classname="chrome.136_0_7103_93.windows.Sanity_Tests_US104253" name="Should open ISC Schedules page" time="36.447">
      <system-out><![CDATA[
COMMAND: POST /session/8048b267361f29b71080faa2d1dcc4de/execute/async - {"script":"<script> [1562 bytes]","args":[{"selector":{"controlType":"sap.m.GenericTile","properties":{"header":"ISC Schedules"}},"wdio_ui5_key":"sapm.GenericTile{\"header\":\"ISC Schedules\"}"}]}
RESULT: {"script":"<script> [1562 bytes]","args":[{"selector":{"controlType":"sap.m.GenericTile","properties":{"header":"ISC Schedules"}},"wdio_ui5_key":"sapm.GenericTile{\"header\":\"ISC Schedules\"}"}]}
RESULT: undefined
COMMAND: POST /session/8048b267361f29b71080faa2d1dcc4de/element - {"using":"xpath","value":"//*[@id=\"__tile109\"]"}
RESULT: {"using":"xpath","value":"//*[@id=\"__tile109\"]"}
COMMAND: POST /session/8048b267361f29b71080faa2d1dcc4de/element/f.CD14743F84E57D52FFA41C1AE21FC06E.d.0020B3B15D0118B95FB99D5FF634CD4D.e.3854/click - {}
RESULT: {}
COMMAND: GET /session/8048b267361f29b71080faa2d1dcc4de/screenshot - {}
RESULT: {}
COMMAND: POST /session/8048b267361f29b71080faa2d1dcc4de/elements - {"using":"xpath","value":"//span[text()='Error']"}
RESULT: {"using":"xpath","value":"//span[text()='Error']"}
RESULT: undefined
COMMAND: POST /session/8048b267361f29b71080faa2d1dcc4de/element - {"using":"xpath","value":"//*[@id=\"__tile109\"]"}
RESULT: {"using":"xpath","value":"//*[@id=\"__tile109\"]"}
COMMAND: POST /session/8048b267361f29b71080faa2d1dcc4de/element/f.CD14743F84E57D52FFA41C1AE21FC06E.d.0020B3B15D0118B95FB99D5FF634CD4D.e.3854/click - {}
RESULT: undefined
COMMAND: POST /session/8048b267361f29b71080faa2d1dcc4de/element - {"using":"xpath","value":"//*[@id=\"__tile109\"]"}
RESULT: {"using":"xpath","value":"//*[@id=\"__tile109\"]"}
COMMAND: POST /session/8048b267361f29b71080faa2d1dcc4de/element/f.CD14743F84E57D52FFA41C1AE21FC06E.d.0020B3B15D0118B95FB99D5FF634CD4D.e.3854/click - {}
RESULT: undefined
COMMAND: POST /session/8048b267361f29b71080faa2d1dcc4de/execute/async - {"script":"<script> [6424 bytes]","args":[{"element-6066-11e4-a52e-4f735466cecf":"f.CD14743F84E57D52FFA41C1AE21FC06E.d.0020B3B15D0118B95FB99D5FF634CD4D.e.290"},"getTitle",[]]}
COMMAND: POST /session/8048b267361f29b71080faa2d1dcc4de/execute/async - {"script":"<script> [1562 bytes]","args":[{"selector":{"id":"shellAppTitle"},"wdio_ui5_key":"shellAppTitle"}]}
RESULT: {"script":"<script> [1562 bytes]","args":[{"selector":{"id":"shellAppTitle"},"wdio_ui5_key":"shellAppTitle"}]}
COMMAND: POST /session/8048b267361f29b71080faa2d1dcc4de/execute/async - {"script":"<script> [6424 bytes]","args":[{"element-6066-11e4-a52e-4f735466cecf":"f.CD14743F84E57D52FFA41C1AE21FC06E.d.0020B3B15D0118B95FB99D5FF634CD4D.e.3922"},"getTitle",[]]}
RESULT: {"script":"<script> [6424 bytes]","args":[{"element-6066-11e4-a52e-4f735466cecf":"f.CD14743F84E57D52FFA41C1AE21FC06E.d.0020B3B15D0118B95FB99D5FF634CD4D.e.3922"},"getTitle",[]]}
RESULT: undefined
COMMAND: POST /session/8048b267361f29b71080faa2d1dcc4de/element/f.CD14743F84E57D52FFA41C1AE21FC06E.d.0020B3B15D0118B95FB99D5FF634CD4D.e.3782/click - {}
COMMAND: POST /session/8048b267361f29b71080faa2d1dcc4de/element - {"using":"xpath","value":"//*[@id=\"backBtn\"]"}
RESULT: {"using":"xpath","value":"//*[@id=\"backBtn\"]"}
COMMAND: POST /session/8048b267361f29b71080faa2d1dcc4de/element/f.CD14743F84E57D52FFA41C1AE21FC06E.d.0020B3B15D0118B95FB99D5FF634CD4D.e.3782/click - {}
COMMAND: POST /session/8048b267361f29b71080faa2d1dcc4de/element - {"using":"xpath","value":"//*[@id=\"backBtn\"]"}
RESULT: {"using":"xpath","value":"//*[@id=\"backBtn\"]"}
COMMAND: POST /session/8048b267361f29b71080faa2d1dcc4de/element/f.CD14743F84E57D52FFA41C1AE21FC06E.d.0020B3B15D0118B95FB99D5FF634CD4D.e.3923/click - {}
RESULT: {}
COMMAND: GET /session/8048b267361f29b71080faa2d1dcc4de/screenshot - {}
RESULT: {}
]]></system-out>
    </testcase>
    <testcase classname="chrome.136_0_7103_93.windows.Sanity_Tests_US104253" name="Should open ISC Dashboard page" time="37.744">
      <system-out><![CDATA[
COMMAND: POST /session/8048b267361f29b71080faa2d1dcc4de/execute/async - {"script":"<script> [1562 bytes]","args":[{"selector":{"controlType":"sap.m.GenericTile","properties":{"header":"ISC Dashboard"}},"wdio_ui5_key":"sapm.GenericTile{\"header\":\"ISC Dashboard\"}"}]}
RESULT: {"script":"<script> [1562 bytes]","args":[{"selector":{"controlType":"sap.m.GenericTile","properties":{"header":"ISC Dashboard"}},"wdio_ui5_key":"sapm.GenericTile{\"header\":\"ISC Dashboard\"}"}]}
RESULT: undefined
COMMAND: POST /session/8048b267361f29b71080faa2d1dcc4de/element - {"using":"xpath","value":"//*[@id=\"__tile106\"]"}
RESULT: {"using":"xpath","value":"//*[@id=\"__tile106\"]"}
COMMAND: POST /session/8048b267361f29b71080faa2d1dcc4de/element/f.CD14743F84E57D52FFA41C1AE21FC06E.d.0020B3B15D0118B95FB99D5FF634CD4D.e.3925/click - {}
RESULT: {}
COMMAND: GET /session/8048b267361f29b71080faa2d1dcc4de/screenshot - {}
RESULT: {}
COMMAND: POST /session/8048b267361f29b71080faa2d1dcc4de/elements - {"using":"xpath","value":"//span[text()='Error']"}
RESULT: {"using":"xpath","value":"//span[text()='Error']"}
RESULT: undefined
COMMAND: POST /session/8048b267361f29b71080faa2d1dcc4de/element - {"using":"xpath","value":"//*[@id=\"__tile106\"]"}
RESULT: {"using":"xpath","value":"//*[@id=\"__tile106\"]"}
COMMAND: POST /session/8048b267361f29b71080faa2d1dcc4de/element/f.CD14743F84E57D52FFA41C1AE21FC06E.d.0020B3B15D0118B95FB99D5FF634CD4D.e.3925/click - {}
RESULT: undefined
COMMAND: POST /session/8048b267361f29b71080faa2d1dcc4de/element - {"using":"xpath","value":"//*[@id=\"__tile106\"]"}
RESULT: {"using":"xpath","value":"//*[@id=\"__tile106\"]"}
COMMAND: POST /session/8048b267361f29b71080faa2d1dcc4de/element/f.CD14743F84E57D52FFA41C1AE21FC06E.d.0020B3B15D0118B95FB99D5FF634CD4D.e.3925/click - {}
RESULT: undefined
COMMAND: POST /session/8048b267361f29b71080faa2d1dcc4de/execute/async - {"script":"<script> [6424 bytes]","args":[{"element-6066-11e4-a52e-4f735466cecf":"f.CD14743F84E57D52FFA41C1AE21FC06E.d.0020B3B15D0118B95FB99D5FF634CD4D.e.290"},"getTitle",[]]}
COMMAND: POST /session/8048b267361f29b71080faa2d1dcc4de/execute/async - {"script":"<script> [1562 bytes]","args":[{"selector":{"id":"shellAppTitle"},"wdio_ui5_key":"shellAppTitle"}]}
RESULT: {"script":"<script> [1562 bytes]","args":[{"selector":{"id":"shellAppTitle"},"wdio_ui5_key":"shellAppTitle"}]}
COMMAND: POST /session/8048b267361f29b71080faa2d1dcc4de/execute/async - {"script":"<script> [6424 bytes]","args":[{"element-6066-11e4-a52e-4f735466cecf":"f.CD14743F84E57D52FFA41C1AE21FC06E.d.0020B3B15D0118B95FB99D5FF634CD4D.e.4038"},"getTitle",[]]}
RESULT: {"script":"<script> [6424 bytes]","args":[{"element-6066-11e4-a52e-4f735466cecf":"f.CD14743F84E57D52FFA41C1AE21FC06E.d.0020B3B15D0118B95FB99D5FF634CD4D.e.4038"},"getTitle",[]]}
RESULT: undefined
COMMAND: POST /session/8048b267361f29b71080faa2d1dcc4de/element/f.CD14743F84E57D52FFA41C1AE21FC06E.d.0020B3B15D0118B95FB99D5FF634CD4D.e.3923/click - {}
RESULT: {}
COMMAND: GET /session/8048b267361f29b71080faa2d1dcc4de/screenshot - {}
RESULT: {}
]]></system-out>
    </testcase>
    <testcase classname="chrome.136_0_7103_93.windows.Sanity_Tests_US104253" name="Should open ISC Orders page" time="38.583">
      <system-out><![CDATA[
COMMAND: POST /session/8048b267361f29b71080faa2d1dcc4de/execute/async - {"script":"<script> [1562 bytes]","args":[{"selector":{"controlType":"sap.m.GenericTile","properties":{"header":"ISC Orders"}},"wdio_ui5_key":"sapm.GenericTile{\"header\":\"ISC Orders\"}"}]}
RESULT: {"script":"<script> [1562 bytes]","args":[{"selector":{"controlType":"sap.m.GenericTile","properties":{"header":"ISC Orders"}},"wdio_ui5_key":"sapm.GenericTile{\"header\":\"ISC Orders\"}"}]}
RESULT: undefined
COMMAND: POST /session/8048b267361f29b71080faa2d1dcc4de/element - {"using":"xpath","value":"//*[@id=\"__tile108\"]"}
RESULT: {"using":"xpath","value":"//*[@id=\"__tile108\"]"}
COMMAND: POST /session/8048b267361f29b71080faa2d1dcc4de/element/f.CD14743F84E57D52FFA41C1AE21FC06E.d.0020B3B15D0118B95FB99D5FF634CD4D.e.4040/click - {}
RESULT: {}
COMMAND: GET /session/8048b267361f29b71080faa2d1dcc4de/screenshot - {}
RESULT: {}
COMMAND: POST /session/8048b267361f29b71080faa2d1dcc4de/elements - {"using":"xpath","value":"//span[text()='Error']"}
RESULT: {"using":"xpath","value":"//span[text()='Error']"}
RESULT: undefined
COMMAND: POST /session/8048b267361f29b71080faa2d1dcc4de/element - {"using":"xpath","value":"//*[@id=\"__tile108\"]"}
RESULT: {"using":"xpath","value":"//*[@id=\"__tile108\"]"}
COMMAND: POST /session/8048b267361f29b71080faa2d1dcc4de/element/f.CD14743F84E57D52FFA41C1AE21FC06E.d.0020B3B15D0118B95FB99D5FF634CD4D.e.4040/click - {}
RESULT: undefined
COMMAND: POST /session/8048b267361f29b71080faa2d1dcc4de/element - {"using":"xpath","value":"//*[@id=\"__tile108\"]"}
RESULT: {"using":"xpath","value":"//*[@id=\"__tile108\"]"}
COMMAND: POST /session/8048b267361f29b71080faa2d1dcc4de/element/f.CD14743F84E57D52FFA41C1AE21FC06E.d.0020B3B15D0118B95FB99D5FF634CD4D.e.4040/click - {}
RESULT: undefined
COMMAND: POST /session/8048b267361f29b71080faa2d1dcc4de/execute/async - {"script":"<script> [6424 bytes]","args":[{"element-6066-11e4-a52e-4f735466cecf":"f.CD14743F84E57D52FFA41C1AE21FC06E.d.0020B3B15D0118B95FB99D5FF634CD4D.e.290"},"getTitle",[]]}
COMMAND: POST /session/8048b267361f29b71080faa2d1dcc4de/execute/async - {"script":"<script> [1562 bytes]","args":[{"selector":{"id":"shellAppTitle"},"wdio_ui5_key":"shellAppTitle"}]}
RESULT: {"script":"<script> [1562 bytes]","args":[{"selector":{"id":"shellAppTitle"},"wdio_ui5_key":"shellAppTitle"}]}
COMMAND: POST /session/8048b267361f29b71080faa2d1dcc4de/execute/async - {"script":"<script> [6424 bytes]","args":[{"element-6066-11e4-a52e-4f735466cecf":"f.CD14743F84E57D52FFA41C1AE21FC06E.d.0020B3B15D0118B95FB99D5FF634CD4D.e.4154"},"getTitle",[]]}
RESULT: {"script":"<script> [6424 bytes]","args":[{"element-6066-11e4-a52e-4f735466cecf":"f.CD14743F84E57D52FFA41C1AE21FC06E.d.0020B3B15D0118B95FB99D5FF634CD4D.e.4154"},"getTitle",[]]}
RESULT: undefined
COMMAND: POST /session/8048b267361f29b71080faa2d1dcc4de/element/f.CD14743F84E57D52FFA41C1AE21FC06E.d.0020B3B15D0118B95FB99D5FF634CD4D.e.3923/click - {}
COMMAND: POST /session/8048b267361f29b71080faa2d1dcc4de/element - {"using":"xpath","value":"//*[@id=\"backBtn\"]"}
RESULT: {"using":"xpath","value":"//*[@id=\"backBtn\"]"}
COMMAND: POST /session/8048b267361f29b71080faa2d1dcc4de/element/f.CD14743F84E57D52FFA41C1AE21FC06E.d.0020B3B15D0118B95FB99D5FF634CD4D.e.3923/click - {}
COMMAND: POST /session/8048b267361f29b71080faa2d1dcc4de/element - {"using":"xpath","value":"//*[@id=\"backBtn\"]"}
RESULT: {"using":"xpath","value":"//*[@id=\"backBtn\"]"}
COMMAND: POST /session/8048b267361f29b71080faa2d1dcc4de/element/f.CD14743F84E57D52FFA41C1AE21FC06E.d.0020B3B15D0118B95FB99D5FF634CD4D.e.4155/click - {}
RESULT: {}
COMMAND: GET /session/8048b267361f29b71080faa2d1dcc4de/screenshot - {}
RESULT: {}
]]></system-out>
    </testcase>
    <testcase classname="chrome.136_0_7103_93.windows.Sanity_Tests_US104253" name="Should open ISC Tasks page" time="37.561">
      <system-out><![CDATA[
COMMAND: POST /session/8048b267361f29b71080faa2d1dcc4de/execute/async - {"script":"<script> [1562 bytes]","args":[{"selector":{"controlType":"sap.m.GenericTile","properties":{"header":"ISC Tasks"}},"wdio_ui5_key":"sapm.GenericTile{\"header\":\"ISC Tasks\"}"}]}
RESULT: {"script":"<script> [1562 bytes]","args":[{"selector":{"controlType":"sap.m.GenericTile","properties":{"header":"ISC Tasks"}},"wdio_ui5_key":"sapm.GenericTile{\"header\":\"ISC Tasks\"}"}]}
RESULT: undefined
COMMAND: POST /session/8048b267361f29b71080faa2d1dcc4de/element - {"using":"xpath","value":"//*[@id=\"__tile110\"]"}
RESULT: {"using":"xpath","value":"//*[@id=\"__tile110\"]"}
COMMAND: POST /session/8048b267361f29b71080faa2d1dcc4de/element/f.CD14743F84E57D52FFA41C1AE21FC06E.d.0020B3B15D0118B95FB99D5FF634CD4D.e.4157/click - {}
RESULT: {}
COMMAND: GET /session/8048b267361f29b71080faa2d1dcc4de/screenshot - {}
RESULT: {}
COMMAND: POST /session/8048b267361f29b71080faa2d1dcc4de/elements - {"using":"xpath","value":"//span[text()='Error']"}
RESULT: {"using":"xpath","value":"//span[text()='Error']"}
RESULT: undefined
COMMAND: POST /session/8048b267361f29b71080faa2d1dcc4de/element - {"using":"xpath","value":"//*[@id=\"__tile110\"]"}
RESULT: {"using":"xpath","value":"//*[@id=\"__tile110\"]"}
COMMAND: POST /session/8048b267361f29b71080faa2d1dcc4de/element/f.CD14743F84E57D52FFA41C1AE21FC06E.d.0020B3B15D0118B95FB99D5FF634CD4D.e.4157/click - {}
RESULT: undefined
COMMAND: POST /session/8048b267361f29b71080faa2d1dcc4de/element - {"using":"xpath","value":"//*[@id=\"__tile110\"]"}
RESULT: {"using":"xpath","value":"//*[@id=\"__tile110\"]"}
COMMAND: POST /session/8048b267361f29b71080faa2d1dcc4de/element/f.CD14743F84E57D52FFA41C1AE21FC06E.d.0020B3B15D0118B95FB99D5FF634CD4D.e.4157/click - {}
RESULT: undefined
COMMAND: POST /session/8048b267361f29b71080faa2d1dcc4de/execute/async - {"script":"<script> [6424 bytes]","args":[{"element-6066-11e4-a52e-4f735466cecf":"f.CD14743F84E57D52FFA41C1AE21FC06E.d.0020B3B15D0118B95FB99D5FF634CD4D.e.290"},"getTitle",[]]}
COMMAND: POST /session/8048b267361f29b71080faa2d1dcc4de/execute/async - {"script":"<script> [1562 bytes]","args":[{"selector":{"id":"shellAppTitle"},"wdio_ui5_key":"shellAppTitle"}]}
RESULT: {"script":"<script> [1562 bytes]","args":[{"selector":{"id":"shellAppTitle"},"wdio_ui5_key":"shellAppTitle"}]}
COMMAND: POST /session/8048b267361f29b71080faa2d1dcc4de/execute/async - {"script":"<script> [6424 bytes]","args":[{"element-6066-11e4-a52e-4f735466cecf":"f.CD14743F84E57D52FFA41C1AE21FC06E.d.0020B3B15D0118B95FB99D5FF634CD4D.e.4244"},"getTitle",[]]}
RESULT: {"script":"<script> [6424 bytes]","args":[{"element-6066-11e4-a52e-4f735466cecf":"f.CD14743F84E57D52FFA41C1AE21FC06E.d.0020B3B15D0118B95FB99D5FF634CD4D.e.4244"},"getTitle",[]]}
RESULT: undefined
COMMAND: POST /session/8048b267361f29b71080faa2d1dcc4de/element/f.CD14743F84E57D52FFA41C1AE21FC06E.d.0020B3B15D0118B95FB99D5FF634CD4D.e.4155/click - {}
RESULT: {}
COMMAND: GET /session/8048b267361f29b71080faa2d1dcc4de/screenshot - {}
RESULT: {}
]]></system-out>
    </testcase>
    <testcase classname="chrome.136_0_7103_93.windows.Sanity_Tests_US104253" name="Should open Manage Resource Logbook page" time="38.69">
      <system-out><![CDATA[
COMMAND: POST /session/8048b267361f29b71080faa2d1dcc4de/execute/async - {"script":"<script> [1562 bytes]","args":[{"selector":{"controlType":"sap.m.GenericTile","properties":{"header":"Manage Resource Logbook"}},"wdio_ui5_key":"sapm.GenericTile{\"header\":\"Manage Resource Logbook\"}"}]}
RESULT: {"script":"<script> [1562 bytes]","args":[{"selector":{"controlType":"sap.m.GenericTile","properties":{"header":"Manage Resource Logbook"}},"wdio_ui5_key":"sapm.GenericTile{\"header\":\"Manage Resource Logbook\"}"}]}
RESULT: undefined
COMMAND: POST /session/8048b267361f29b71080faa2d1dcc4de/element - {"using":"xpath","value":"//*[@id=\"__tile113\"]"}
RESULT: {"using":"xpath","value":"//*[@id=\"__tile113\"]"}
COMMAND: POST /session/8048b267361f29b71080faa2d1dcc4de/element/f.CD14743F84E57D52FFA41C1AE21FC06E.d.0020B3B15D0118B95FB99D5FF634CD4D.e.4246/click - {}
RESULT: {}
COMMAND: GET /session/8048b267361f29b71080faa2d1dcc4de/screenshot - {}
RESULT: {}
COMMAND: POST /session/8048b267361f29b71080faa2d1dcc4de/elements - {"using":"xpath","value":"//span[text()='Error']"}
RESULT: {"using":"xpath","value":"//span[text()='Error']"}
RESULT: undefined
COMMAND: POST /session/8048b267361f29b71080faa2d1dcc4de/element - {"using":"xpath","value":"//*[@id=\"__tile113\"]"}
RESULT: {"using":"xpath","value":"//*[@id=\"__tile113\"]"}
COMMAND: POST /session/8048b267361f29b71080faa2d1dcc4de/element/f.CD14743F84E57D52FFA41C1AE21FC06E.d.0020B3B15D0118B95FB99D5FF634CD4D.e.4246/click - {}
RESULT: undefined
COMMAND: POST /session/8048b267361f29b71080faa2d1dcc4de/element - {"using":"xpath","value":"//*[@id=\"__tile113\"]"}
RESULT: {"using":"xpath","value":"//*[@id=\"__tile113\"]"}
COMMAND: POST /session/8048b267361f29b71080faa2d1dcc4de/element/f.CD14743F84E57D52FFA41C1AE21FC06E.d.0020B3B15D0118B95FB99D5FF634CD4D.e.4246/click - {}
RESULT: undefined
COMMAND: POST /session/8048b267361f29b71080faa2d1dcc4de/execute/async - {"script":"<script> [6424 bytes]","args":[{"element-6066-11e4-a52e-4f735466cecf":"f.CD14743F84E57D52FFA41C1AE21FC06E.d.0020B3B15D0118B95FB99D5FF634CD4D.e.290"},"getTitle",[]]}
COMMAND: POST /session/8048b267361f29b71080faa2d1dcc4de/execute/async - {"script":"<script> [1562 bytes]","args":[{"selector":{"id":"shellAppTitle"},"wdio_ui5_key":"shellAppTitle"}]}
RESULT: {"script":"<script> [1562 bytes]","args":[{"selector":{"id":"shellAppTitle"},"wdio_ui5_key":"shellAppTitle"}]}
COMMAND: POST /session/8048b267361f29b71080faa2d1dcc4de/execute/async - {"script":"<script> [6424 bytes]","args":[{"element-6066-11e4-a52e-4f735466cecf":"f.CD14743F84E57D52FFA41C1AE21FC06E.d.0020B3B15D0118B95FB99D5FF634CD4D.e.4351"},"getTitle",[]]}
RESULT: {"script":"<script> [6424 bytes]","args":[{"element-6066-11e4-a52e-4f735466cecf":"f.CD14743F84E57D52FFA41C1AE21FC06E.d.0020B3B15D0118B95FB99D5FF634CD4D.e.4351"},"getTitle",[]]}
RESULT: undefined
COMMAND: POST /session/8048b267361f29b71080faa2d1dcc4de/element/f.CD14743F84E57D52FFA41C1AE21FC06E.d.0020B3B15D0118B95FB99D5FF634CD4D.e.4155/click - {}
COMMAND: POST /session/8048b267361f29b71080faa2d1dcc4de/element - {"using":"xpath","value":"//*[@id=\"backBtn\"]"}
RESULT: {"using":"xpath","value":"//*[@id=\"backBtn\"]"}
COMMAND: POST /session/8048b267361f29b71080faa2d1dcc4de/element/f.CD14743F84E57D52FFA41C1AE21FC06E.d.0020B3B15D0118B95FB99D5FF634CD4D.e.4155/click - {}
COMMAND: POST /session/8048b267361f29b71080faa2d1dcc4de/element - {"using":"xpath","value":"//*[@id=\"backBtn\"]"}
RESULT: {"using":"xpath","value":"//*[@id=\"backBtn\"]"}
COMMAND: POST /session/8048b267361f29b71080faa2d1dcc4de/element/f.CD14743F84E57D52FFA41C1AE21FC06E.d.0020B3B15D0118B95FB99D5FF634CD4D.e.4352/click - {}
RESULT: {}
COMMAND: GET /session/8048b267361f29b71080faa2d1dcc4de/screenshot - {}
RESULT: {}
]]></system-out>
    </testcase>
    <testcase classname="chrome.136_0_7103_93.windows.Sanity_Tests_US104253" name="Should open Manage Logbook page" time="36.446">
      <system-out><![CDATA[
COMMAND: POST /session/8048b267361f29b71080faa2d1dcc4de/execute/async - {"script":"<script> [1562 bytes]","args":[{"selector":{"controlType":"sap.m.GenericTile","properties":{"header":"Manage Logbook"}},"wdio_ui5_key":"sapm.GenericTile{\"header\":\"Manage Logbook\"}"}]}
RESULT: {"script":"<script> [1562 bytes]","args":[{"selector":{"controlType":"sap.m.GenericTile","properties":{"header":"Manage Logbook"}},"wdio_ui5_key":"sapm.GenericTile{\"header\":\"Manage Logbook\"}"}]}
RESULT: undefined
COMMAND: POST /session/8048b267361f29b71080faa2d1dcc4de/element - {"using":"xpath","value":"//*[@id=\"__tile112\"]"}
RESULT: {"using":"xpath","value":"//*[@id=\"__tile112\"]"}
COMMAND: POST /session/8048b267361f29b71080faa2d1dcc4de/element/f.CD14743F84E57D52FFA41C1AE21FC06E.d.0020B3B15D0118B95FB99D5FF634CD4D.e.4354/click - {}
RESULT: {}
COMMAND: GET /session/8048b267361f29b71080faa2d1dcc4de/screenshot - {}
RESULT: {}
COMMAND: POST /session/8048b267361f29b71080faa2d1dcc4de/elements - {"using":"xpath","value":"//span[text()='Error']"}
RESULT: {"using":"xpath","value":"//span[text()='Error']"}
RESULT: undefined
COMMAND: POST /session/8048b267361f29b71080faa2d1dcc4de/element - {"using":"xpath","value":"//*[@id=\"__tile112\"]"}
RESULT: {"using":"xpath","value":"//*[@id=\"__tile112\"]"}
COMMAND: POST /session/8048b267361f29b71080faa2d1dcc4de/element/f.CD14743F84E57D52FFA41C1AE21FC06E.d.0020B3B15D0118B95FB99D5FF634CD4D.e.4354/click - {}
RESULT: undefined
COMMAND: POST /session/8048b267361f29b71080faa2d1dcc4de/element - {"using":"xpath","value":"//*[@id=\"__tile112\"]"}
RESULT: {"using":"xpath","value":"//*[@id=\"__tile112\"]"}
COMMAND: POST /session/8048b267361f29b71080faa2d1dcc4de/element/f.CD14743F84E57D52FFA41C1AE21FC06E.d.0020B3B15D0118B95FB99D5FF634CD4D.e.4354/click - {}
RESULT: undefined
COMMAND: POST /session/8048b267361f29b71080faa2d1dcc4de/execute/async - {"script":"<script> [6424 bytes]","args":[{"element-6066-11e4-a52e-4f735466cecf":"f.CD14743F84E57D52FFA41C1AE21FC06E.d.0020B3B15D0118B95FB99D5FF634CD4D.e.290"},"getTitle",[]]}
COMMAND: POST /session/8048b267361f29b71080faa2d1dcc4de/execute/async - {"script":"<script> [1562 bytes]","args":[{"selector":{"id":"shellAppTitle"},"wdio_ui5_key":"shellAppTitle"}]}
RESULT: {"script":"<script> [1562 bytes]","args":[{"selector":{"id":"shellAppTitle"},"wdio_ui5_key":"shellAppTitle"}]}
COMMAND: POST /session/8048b267361f29b71080faa2d1dcc4de/execute/async - {"script":"<script> [6424 bytes]","args":[{"element-6066-11e4-a52e-4f735466cecf":"f.CD14743F84E57D52FFA41C1AE21FC06E.d.0020B3B15D0118B95FB99D5FF634CD4D.e.4430"},"getTitle",[]]}
RESULT: {"script":"<script> [6424 bytes]","args":[{"element-6066-11e4-a52e-4f735466cecf":"f.CD14743F84E57D52FFA41C1AE21FC06E.d.0020B3B15D0118B95FB99D5FF634CD4D.e.4430"},"getTitle",[]]}
RESULT: undefined
COMMAND: POST /session/8048b267361f29b71080faa2d1dcc4de/element/f.CD14743F84E57D52FFA41C1AE21FC06E.d.0020B3B15D0118B95FB99D5FF634CD4D.e.4352/click - {}
RESULT: {}
COMMAND: GET /session/8048b267361f29b71080faa2d1dcc4de/screenshot - {}
RESULT: {}
]]></system-out>
    </testcase>
    <testcase classname="chrome.136_0_7103_93.windows.Sanity_Tests_US104253" name="Should open ISC Orders Calendar page" time="38.35">
      <system-out><![CDATA[
COMMAND: POST /session/8048b267361f29b71080faa2d1dcc4de/execute/async - {"script":"<script> [1562 bytes]","args":[{"selector":{"controlType":"sap.m.GenericTile","properties":{"header":"ISC Orders Calendar"}},"wdio_ui5_key":"sapm.GenericTile{\"header\":\"ISC Orders Calendar\"}"}]}
RESULT: {"script":"<script> [1562 bytes]","args":[{"selector":{"controlType":"sap.m.GenericTile","properties":{"header":"ISC Orders Calendar"}},"wdio_ui5_key":"sapm.GenericTile{\"header\":\"ISC Orders Calendar\"}"}]}
RESULT: undefined
COMMAND: POST /session/8048b267361f29b71080faa2d1dcc4de/element - {"using":"xpath","value":"//*[@id=\"__tile107\"]"}
RESULT: {"using":"xpath","value":"//*[@id=\"__tile107\"]"}
COMMAND: POST /session/8048b267361f29b71080faa2d1dcc4de/element/f.CD14743F84E57D52FFA41C1AE21FC06E.d.0020B3B15D0118B95FB99D5FF634CD4D.e.4432/click - {}
RESULT: {}
COMMAND: GET /session/8048b267361f29b71080faa2d1dcc4de/screenshot - {}
RESULT: {}
COMMAND: POST /session/8048b267361f29b71080faa2d1dcc4de/elements - {"using":"xpath","value":"//span[text()='Error']"}
RESULT: {"using":"xpath","value":"//span[text()='Error']"}
RESULT: undefined
COMMAND: POST /session/8048b267361f29b71080faa2d1dcc4de/element - {"using":"xpath","value":"//*[@id=\"__tile107\"]"}
RESULT: {"using":"xpath","value":"//*[@id=\"__tile107\"]"}
COMMAND: POST /session/8048b267361f29b71080faa2d1dcc4de/element/f.CD14743F84E57D52FFA41C1AE21FC06E.d.0020B3B15D0118B95FB99D5FF634CD4D.e.4432/click - {}
RESULT: undefined
COMMAND: POST /session/8048b267361f29b71080faa2d1dcc4de/element - {"using":"xpath","value":"//*[@id=\"__tile107\"]"}
RESULT: {"using":"xpath","value":"//*[@id=\"__tile107\"]"}
COMMAND: POST /session/8048b267361f29b71080faa2d1dcc4de/element/f.CD14743F84E57D52FFA41C1AE21FC06E.d.0020B3B15D0118B95FB99D5FF634CD4D.e.4432/click - {}
RESULT: undefined
COMMAND: POST /session/8048b267361f29b71080faa2d1dcc4de/execute/async - {"script":"<script> [6424 bytes]","args":[{"element-6066-11e4-a52e-4f735466cecf":"f.CD14743F84E57D52FFA41C1AE21FC06E.d.0020B3B15D0118B95FB99D5FF634CD4D.e.290"},"getTitle",[]]}
COMMAND: POST /session/8048b267361f29b71080faa2d1dcc4de/execute/async - {"script":"<script> [1562 bytes]","args":[{"selector":{"id":"shellAppTitle"},"wdio_ui5_key":"shellAppTitle"}]}
RESULT: {"script":"<script> [1562 bytes]","args":[{"selector":{"id":"shellAppTitle"},"wdio_ui5_key":"shellAppTitle"}]}
COMMAND: POST /session/8048b267361f29b71080faa2d1dcc4de/execute/async - {"script":"<script> [6424 bytes]","args":[{"element-6066-11e4-a52e-4f735466cecf":"f.CD14743F84E57D52FFA41C1AE21FC06E.d.0020B3B15D0118B95FB99D5FF634CD4D.e.4642"},"getTitle",[]]}
RESULT: {"script":"<script> [6424 bytes]","args":[{"element-6066-11e4-a52e-4f735466cecf":"f.CD14743F84E57D52FFA41C1AE21FC06E.d.0020B3B15D0118B95FB99D5FF634CD4D.e.4642"},"getTitle",[]]}
RESULT: undefined
COMMAND: POST /session/8048b267361f29b71080faa2d1dcc4de/element/f.CD14743F84E57D52FFA41C1AE21FC06E.d.0020B3B15D0118B95FB99D5FF634CD4D.e.4352/click - {}
COMMAND: POST /session/8048b267361f29b71080faa2d1dcc4de/element - {"using":"xpath","value":"//*[@id=\"backBtn\"]"}
RESULT: {"using":"xpath","value":"//*[@id=\"backBtn\"]"}
COMMAND: POST /session/8048b267361f29b71080faa2d1dcc4de/element/f.CD14743F84E57D52FFA41C1AE21FC06E.d.0020B3B15D0118B95FB99D5FF634CD4D.e.4352/click - {}
COMMAND: POST /session/8048b267361f29b71080faa2d1dcc4de/element - {"using":"xpath","value":"//*[@id=\"backBtn\"]"}
RESULT: {"using":"xpath","value":"//*[@id=\"backBtn\"]"}
COMMAND: POST /session/8048b267361f29b71080faa2d1dcc4de/element/f.CD14743F84E57D52FFA41C1AE21FC06E.d.0020B3B15D0118B95FB99D5FF634CD4D.e.4643/click - {}
RESULT: {}
COMMAND: GET /session/8048b267361f29b71080faa2d1dcc4de/screenshot - {}
RESULT: {}
]]></system-out>
    </testcase>
    <testcase classname="chrome.136_0_7103_93.windows.Sanity_Tests_US104253" name="Should open Configure System page" time="36.769">
      <system-out><![CDATA[
COMMAND: POST /session/8048b267361f29b71080faa2d1dcc4de/execute/async - {"script":"<script> [1562 bytes]","args":[{"selector":{"controlType":"sap.m.GenericTile","properties":{"header":"Configure System"}},"wdio_ui5_key":"sapm.GenericTile{\"header\":\"Configure System\"}"}]}
RESULT: {"script":"<script> [1562 bytes]","args":[{"selector":{"controlType":"sap.m.GenericTile","properties":{"header":"Configure System"}},"wdio_ui5_key":"sapm.GenericTile{\"header\":\"Configure System\"}"}]}
RESULT: undefined
COMMAND: POST /session/8048b267361f29b71080faa2d1dcc4de/element - {"using":"xpath","value":"//*[@id=\"__tile114\"]"}
RESULT: {"using":"xpath","value":"//*[@id=\"__tile114\"]"}
COMMAND: POST /session/8048b267361f29b71080faa2d1dcc4de/element/f.CD14743F84E57D52FFA41C1AE21FC06E.d.0020B3B15D0118B95FB99D5FF634CD4D.e.4645/click - {}
RESULT: {}
COMMAND: GET /session/8048b267361f29b71080faa2d1dcc4de/screenshot - {}
RESULT: {}
COMMAND: POST /session/8048b267361f29b71080faa2d1dcc4de/elements - {"using":"xpath","value":"//span[text()='Error']"}
RESULT: {"using":"xpath","value":"//span[text()='Error']"}
RESULT: undefined
COMMAND: POST /session/8048b267361f29b71080faa2d1dcc4de/element - {"using":"xpath","value":"//*[@id=\"__tile114\"]"}
RESULT: {"using":"xpath","value":"//*[@id=\"__tile114\"]"}
COMMAND: POST /session/8048b267361f29b71080faa2d1dcc4de/element/f.CD14743F84E57D52FFA41C1AE21FC06E.d.0020B3B15D0118B95FB99D5FF634CD4D.e.4645/click - {}
RESULT: undefined
COMMAND: POST /session/8048b267361f29b71080faa2d1dcc4de/element - {"using":"xpath","value":"//*[@id=\"__tile114\"]"}
RESULT: {"using":"xpath","value":"//*[@id=\"__tile114\"]"}
COMMAND: POST /session/8048b267361f29b71080faa2d1dcc4de/element/f.CD14743F84E57D52FFA41C1AE21FC06E.d.0020B3B15D0118B95FB99D5FF634CD4D.e.4645/click - {}
RESULT: undefined
COMMAND: POST /session/8048b267361f29b71080faa2d1dcc4de/execute/async - {"script":"<script> [6424 bytes]","args":[{"element-6066-11e4-a52e-4f735466cecf":"f.CD14743F84E57D52FFA41C1AE21FC06E.d.0020B3B15D0118B95FB99D5FF634CD4D.e.290"},"getTitle",[]]}
COMMAND: POST /session/8048b267361f29b71080faa2d1dcc4de/execute/async - {"script":"<script> [1562 bytes]","args":[{"selector":{"id":"shellAppTitle"},"wdio_ui5_key":"shellAppTitle"}]}
RESULT: {"script":"<script> [1562 bytes]","args":[{"selector":{"id":"shellAppTitle"},"wdio_ui5_key":"shellAppTitle"}]}
COMMAND: POST /session/8048b267361f29b71080faa2d1dcc4de/execute/async - {"script":"<script> [6424 bytes]","args":[{"element-6066-11e4-a52e-4f735466cecf":"f.CD14743F84E57D52FFA41C1AE21FC06E.d.0020B3B15D0118B95FB99D5FF634CD4D.e.4686"},"getTitle",[]]}
RESULT: {"script":"<script> [6424 bytes]","args":[{"element-6066-11e4-a52e-4f735466cecf":"f.CD14743F84E57D52FFA41C1AE21FC06E.d.0020B3B15D0118B95FB99D5FF634CD4D.e.4686"},"getTitle",[]]}
RESULT: undefined
COMMAND: POST /session/8048b267361f29b71080faa2d1dcc4de/element/f.CD14743F84E57D52FFA41C1AE21FC06E.d.0020B3B15D0118B95FB99D5FF634CD4D.e.4643/click - {}
RESULT: {}
COMMAND: GET /session/8048b267361f29b71080faa2d1dcc4de/screenshot - {}
RESULT: {}
]]></system-out>
    </testcase>
    <testcase classname="chrome.136_0_7103_93.windows.Sanity_Tests_US104253" name="Should open Manage Classifications page" time="38.232">
      <system-out><![CDATA[
COMMAND: POST /session/8048b267361f29b71080faa2d1dcc4de/execute/async - {"script":"<script> [1562 bytes]","args":[{"selector":{"controlType":"sap.m.GenericTile","properties":{"header":"Manage Classifications"}},"wdio_ui5_key":"sapm.GenericTile{\"header\":\"Manage Classifications\"}"}]}
RESULT: {"script":"<script> [1562 bytes]","args":[{"selector":{"controlType":"sap.m.GenericTile","properties":{"header":"Manage Classifications"}},"wdio_ui5_key":"sapm.GenericTile{\"header\":\"Manage Classifications\"}"}]}
RESULT: undefined
COMMAND: POST /session/8048b267361f29b71080faa2d1dcc4de/element - {"using":"xpath","value":"//*[@id=\"__tile115\"]"}
RESULT: {"using":"xpath","value":"//*[@id=\"__tile115\"]"}
COMMAND: POST /session/8048b267361f29b71080faa2d1dcc4de/element/f.CD14743F84E57D52FFA41C1AE21FC06E.d.0020B3B15D0118B95FB99D5FF634CD4D.e.4689/click - {}
RESULT: {}
COMMAND: GET /session/8048b267361f29b71080faa2d1dcc4de/screenshot - {}
RESULT: {}
COMMAND: POST /session/8048b267361f29b71080faa2d1dcc4de/elements - {"using":"xpath","value":"//span[text()='Error']"}
RESULT: {"using":"xpath","value":"//span[text()='Error']"}
RESULT: undefined
COMMAND: POST /session/8048b267361f29b71080faa2d1dcc4de/element - {"using":"xpath","value":"//*[@id=\"__tile115\"]"}
RESULT: {"using":"xpath","value":"//*[@id=\"__tile115\"]"}
COMMAND: POST /session/8048b267361f29b71080faa2d1dcc4de/element/f.CD14743F84E57D52FFA41C1AE21FC06E.d.0020B3B15D0118B95FB99D5FF634CD4D.e.4689/click - {}
RESULT: undefined
COMMAND: POST /session/8048b267361f29b71080faa2d1dcc4de/element - {"using":"xpath","value":"//*[@id=\"__tile115\"]"}
RESULT: {"using":"xpath","value":"//*[@id=\"__tile115\"]"}
COMMAND: POST /session/8048b267361f29b71080faa2d1dcc4de/element/f.CD14743F84E57D52FFA41C1AE21FC06E.d.0020B3B15D0118B95FB99D5FF634CD4D.e.4689/click - {}
RESULT: undefined
COMMAND: POST /session/8048b267361f29b71080faa2d1dcc4de/execute/async - {"script":"<script> [6424 bytes]","args":[{"element-6066-11e4-a52e-4f735466cecf":"f.CD14743F84E57D52FFA41C1AE21FC06E.d.0020B3B15D0118B95FB99D5FF634CD4D.e.290"},"getTitle",[]]}
COMMAND: POST /session/8048b267361f29b71080faa2d1dcc4de/execute/async - {"script":"<script> [1562 bytes]","args":[{"selector":{"id":"shellAppTitle"},"wdio_ui5_key":"shellAppTitle"}]}
RESULT: {"script":"<script> [1562 bytes]","args":[{"selector":{"id":"shellAppTitle"},"wdio_ui5_key":"shellAppTitle"}]}
COMMAND: POST /session/8048b267361f29b71080faa2d1dcc4de/execute/async - {"script":"<script> [6424 bytes]","args":[{"element-6066-11e4-a52e-4f735466cecf":"f.CD14743F84E57D52FFA41C1AE21FC06E.d.0020B3B15D0118B95FB99D5FF634CD4D.e.4934"},"getTitle",[]]}
RESULT: {"script":"<script> [6424 bytes]","args":[{"element-6066-11e4-a52e-4f735466cecf":"f.CD14743F84E57D52FFA41C1AE21FC06E.d.0020B3B15D0118B95FB99D5FF634CD4D.e.4934"},"getTitle",[]]}
RESULT: undefined
COMMAND: POST /session/8048b267361f29b71080faa2d1dcc4de/element/f.CD14743F84E57D52FFA41C1AE21FC06E.d.0020B3B15D0118B95FB99D5FF634CD4D.e.4643/click - {}
COMMAND: POST /session/8048b267361f29b71080faa2d1dcc4de/element - {"using":"xpath","value":"//*[@id=\"backBtn\"]"}
RESULT: {"using":"xpath","value":"//*[@id=\"backBtn\"]"}
COMMAND: POST /session/8048b267361f29b71080faa2d1dcc4de/element/f.CD14743F84E57D52FFA41C1AE21FC06E.d.0020B3B15D0118B95FB99D5FF634CD4D.e.4643/click - {}
COMMAND: POST /session/8048b267361f29b71080faa2d1dcc4de/element - {"using":"xpath","value":"//*[@id=\"backBtn\"]"}
RESULT: {"using":"xpath","value":"//*[@id=\"backBtn\"]"}
COMMAND: POST /session/8048b267361f29b71080faa2d1dcc4de/element/f.CD14743F84E57D52FFA41C1AE21FC06E.d.0020B3B15D0118B95FB99D5FF634CD4D.e.4935/click - {}
RESULT: {}
COMMAND: GET /session/8048b267361f29b71080faa2d1dcc4de/screenshot - {}
RESULT: {}
]]></system-out>
    </testcase>
    <testcase classname="chrome.136_0_7103_93.windows.Sanity_Tests_US104253" name="Should open Data Explorer page" time="40.3">
      <system-out><![CDATA[
COMMAND: POST /session/8048b267361f29b71080faa2d1dcc4de/execute/async - {"script":"<script> [1562 bytes]","args":[{"selector":{"controlType":"sap.m.GenericTile","properties":{"header":"Data Explorer"}},"wdio_ui5_key":"sapm.GenericTile{\"header\":\"Data Explorer\"}"}]}
RESULT: {"script":"<script> [1562 bytes]","args":[{"selector":{"controlType":"sap.m.GenericTile","properties":{"header":"Data Explorer"}},"wdio_ui5_key":"sapm.GenericTile{\"header\":\"Data Explorer\"}"}]}
RESULT: undefined
COMMAND: POST /session/8048b267361f29b71080faa2d1dcc4de/element - {"using":"xpath","value":"//*[@id=\"__tile117\"]"}
RESULT: {"using":"xpath","value":"//*[@id=\"__tile117\"]"}
COMMAND: POST /session/8048b267361f29b71080faa2d1dcc4de/element/f.CD14743F84E57D52FFA41C1AE21FC06E.d.0020B3B15D0118B95FB99D5FF634CD4D.e.4937/click - {}
RESULT: {}
COMMAND: GET /session/8048b267361f29b71080faa2d1dcc4de/screenshot - {}
RESULT: {}
COMMAND: POST /session/8048b267361f29b71080faa2d1dcc4de/elements - {"using":"xpath","value":"//span[text()='Error']"}
RESULT: {"using":"xpath","value":"//span[text()='Error']"}
RESULT: undefined
COMMAND: POST /session/8048b267361f29b71080faa2d1dcc4de/element - {"using":"xpath","value":"//*[@id=\"__tile117\"]"}
RESULT: {"using":"xpath","value":"//*[@id=\"__tile117\"]"}
COMMAND: POST /session/8048b267361f29b71080faa2d1dcc4de/element/f.CD14743F84E57D52FFA41C1AE21FC06E.d.0020B3B15D0118B95FB99D5FF634CD4D.e.4937/click - {}
RESULT: undefined
COMMAND: POST /session/8048b267361f29b71080faa2d1dcc4de/element - {"using":"xpath","value":"//*[@id=\"__tile117\"]"}
RESULT: {"using":"xpath","value":"//*[@id=\"__tile117\"]"}
COMMAND: POST /session/8048b267361f29b71080faa2d1dcc4de/element/f.CD14743F84E57D52FFA41C1AE21FC06E.d.0020B3B15D0118B95FB99D5FF634CD4D.e.4937/click - {}
RESULT: undefined
COMMAND: POST /session/8048b267361f29b71080faa2d1dcc4de/execute/async - {"script":"<script> [6424 bytes]","args":[{"element-6066-11e4-a52e-4f735466cecf":"f.CD14743F84E57D52FFA41C1AE21FC06E.d.0020B3B15D0118B95FB99D5FF634CD4D.e.290"},"getTitle",[]]}
COMMAND: POST /session/8048b267361f29b71080faa2d1dcc4de/execute/async - {"script":"<script> [1562 bytes]","args":[{"selector":{"id":"shellAppTitle"},"wdio_ui5_key":"shellAppTitle"}]}
RESULT: {"script":"<script> [1562 bytes]","args":[{"selector":{"id":"shellAppTitle"},"wdio_ui5_key":"shellAppTitle"}]}
COMMAND: POST /session/8048b267361f29b71080faa2d1dcc4de/execute/async - {"script":"<script> [6424 bytes]","args":[{"element-6066-11e4-a52e-4f735466cecf":"f.CD14743F84E57D52FFA41C1AE21FC06E.d.0020B3B15D0118B95FB99D5FF634CD4D.e.5108"},"getTitle",[]]}
RESULT: {"script":"<script> [6424 bytes]","args":[{"element-6066-11e4-a52e-4f735466cecf":"f.CD14743F84E57D52FFA41C1AE21FC06E.d.0020B3B15D0118B95FB99D5FF634CD4D.e.5108"},"getTitle",[]]}
RESULT: undefined
COMMAND: POST /session/8048b267361f29b71080faa2d1dcc4de/element/f.CD14743F84E57D52FFA41C1AE21FC06E.d.0020B3B15D0118B95FB99D5FF634CD4D.e.4935/click - {}
RESULT: {}
COMMAND: GET /session/8048b267361f29b71080faa2d1dcc4de/screenshot - {}
RESULT: {}
]]></system-out>
    </testcase>
    <testcase classname="chrome.136_0_7103_93.windows.Sanity_Tests_US104253" name="Should open Performance Monitor page" time="36.626">
      <system-out><![CDATA[
COMMAND: POST /session/8048b267361f29b71080faa2d1dcc4de/execute/async - {"script":"<script> [1562 bytes]","args":[{"selector":{"controlType":"sap.m.GenericTile","properties":{"header":"Performance Monitor"}},"wdio_ui5_key":"sapm.GenericTile{\"header\":\"Performance Monitor\"}"}]}
RESULT: {"script":"<script> [1562 bytes]","args":[{"selector":{"controlType":"sap.m.GenericTile","properties":{"header":"Performance Monitor"}},"wdio_ui5_key":"sapm.GenericTile{\"header\":\"Performance Monitor\"}"}]}
RESULT: undefined
COMMAND: POST /session/8048b267361f29b71080faa2d1dcc4de/element - {"using":"xpath","value":"//*[@id=\"__tile116\"]"}
RESULT: {"using":"xpath","value":"//*[@id=\"__tile116\"]"}
COMMAND: POST /session/8048b267361f29b71080faa2d1dcc4de/element/f.CD14743F84E57D52FFA41C1AE21FC06E.d.0020B3B15D0118B95FB99D5FF634CD4D.e.5110/click - {}
RESULT: {}
COMMAND: GET /session/8048b267361f29b71080faa2d1dcc4de/screenshot - {}
RESULT: {}
COMMAND: POST /session/8048b267361f29b71080faa2d1dcc4de/elements - {"using":"xpath","value":"//span[text()='Error']"}
RESULT: {"using":"xpath","value":"//span[text()='Error']"}
RESULT: undefined
COMMAND: POST /session/8048b267361f29b71080faa2d1dcc4de/element - {"using":"xpath","value":"//*[@id=\"__tile116\"]"}
RESULT: {"using":"xpath","value":"//*[@id=\"__tile116\"]"}
COMMAND: POST /session/8048b267361f29b71080faa2d1dcc4de/element/f.CD14743F84E57D52FFA41C1AE21FC06E.d.0020B3B15D0118B95FB99D5FF634CD4D.e.5110/click - {}
RESULT: undefined
COMMAND: POST /session/8048b267361f29b71080faa2d1dcc4de/element - {"using":"xpath","value":"//*[@id=\"__tile116\"]"}
RESULT: {"using":"xpath","value":"//*[@id=\"__tile116\"]"}
COMMAND: POST /session/8048b267361f29b71080faa2d1dcc4de/element/f.CD14743F84E57D52FFA41C1AE21FC06E.d.0020B3B15D0118B95FB99D5FF634CD4D.e.5110/click - {}
RESULT: undefined
COMMAND: POST /session/8048b267361f29b71080faa2d1dcc4de/execute/async - {"script":"<script> [6424 bytes]","args":[{"element-6066-11e4-a52e-4f735466cecf":"f.CD14743F84E57D52FFA41C1AE21FC06E.d.0020B3B15D0118B95FB99D5FF634CD4D.e.290"},"getTitle",[]]}
COMMAND: POST /session/8048b267361f29b71080faa2d1dcc4de/execute/async - {"script":"<script> [1562 bytes]","args":[{"selector":{"id":"shellAppTitle"},"wdio_ui5_key":"shellAppTitle"}]}
RESULT: {"script":"<script> [1562 bytes]","args":[{"selector":{"id":"shellAppTitle"},"wdio_ui5_key":"shellAppTitle"}]}
COMMAND: POST /session/8048b267361f29b71080faa2d1dcc4de/execute/async - {"script":"<script> [6424 bytes]","args":[{"element-6066-11e4-a52e-4f735466cecf":"f.CD14743F84E57D52FFA41C1AE21FC06E.d.0020B3B15D0118B95FB99D5FF634CD4D.e.5152"},"getTitle",[]]}
RESULT: {"script":"<script> [6424 bytes]","args":[{"element-6066-11e4-a52e-4f735466cecf":"f.CD14743F84E57D52FFA41C1AE21FC06E.d.0020B3B15D0118B95FB99D5FF634CD4D.e.5152"},"getTitle",[]]}
RESULT: undefined
COMMAND: POST /session/8048b267361f29b71080faa2d1dcc4de/element/f.CD14743F84E57D52FFA41C1AE21FC06E.d.0020B3B15D0118B95FB99D5FF634CD4D.e.4935/click - {}
COMMAND: POST /session/8048b267361f29b71080faa2d1dcc4de/element - {"using":"xpath","value":"//*[@id=\"backBtn\"]"}
RESULT: {"using":"xpath","value":"//*[@id=\"backBtn\"]"}
COMMAND: POST /session/8048b267361f29b71080faa2d1dcc4de/element/f.CD14743F84E57D52FFA41C1AE21FC06E.d.0020B3B15D0118B95FB99D5FF634CD4D.e.4935/click - {}
COMMAND: POST /session/8048b267361f29b71080faa2d1dcc4de/element - {"using":"xpath","value":"//*[@id=\"backBtn\"]"}
RESULT: {"using":"xpath","value":"//*[@id=\"backBtn\"]"}
COMMAND: POST /session/8048b267361f29b71080faa2d1dcc4de/element/f.CD14743F84E57D52FFA41C1AE21FC06E.d.0020B3B15D0118B95FB99D5FF634CD4D.e.5153/click - {}
RESULT: {}
COMMAND: GET /session/8048b267361f29b71080faa2d1dcc4de/screenshot - {}
RESULT: {}
]]></system-out>
    </testcase>
    <testcase classname="chrome.136_0_7103_93.windows.Sanity_Tests_US104253" name="Should open Organizational Model page" time="36.128">
      <system-out><![CDATA[
COMMAND: POST /session/8048b267361f29b71080faa2d1dcc4de/execute/async - {"script":"<script> [1562 bytes]","args":[{"selector":{"controlType":"sap.m.GenericTile","properties":{"header":"Organizational Model"}},"wdio_ui5_key":"sapm.GenericTile{\"header\":\"Organizational Model\"}"}]}
RESULT: {"script":"<script> [1562 bytes]","args":[{"selector":{"controlType":"sap.m.GenericTile","properties":{"header":"Organizational Model"}},"wdio_ui5_key":"sapm.GenericTile{\"header\":\"Organizational Model\"}"}]}
RESULT: undefined
COMMAND: POST /session/8048b267361f29b71080faa2d1dcc4de/element - {"using":"xpath","value":"//*[@id=\"__tile120\"]"}
RESULT: {"using":"xpath","value":"//*[@id=\"__tile120\"]"}
COMMAND: POST /session/8048b267361f29b71080faa2d1dcc4de/element/f.CD14743F84E57D52FFA41C1AE21FC06E.d.0020B3B15D0118B95FB99D5FF634CD4D.e.5155/click - {}
RESULT: {}
COMMAND: GET /session/8048b267361f29b71080faa2d1dcc4de/screenshot - {}
RESULT: {}
COMMAND: POST /session/8048b267361f29b71080faa2d1dcc4de/elements - {"using":"xpath","value":"//span[text()='Error']"}
RESULT: {"using":"xpath","value":"//span[text()='Error']"}
RESULT: undefined
COMMAND: POST /session/8048b267361f29b71080faa2d1dcc4de/element - {"using":"xpath","value":"//*[@id=\"__tile120\"]"}
RESULT: {"using":"xpath","value":"//*[@id=\"__tile120\"]"}
COMMAND: POST /session/8048b267361f29b71080faa2d1dcc4de/element/f.CD14743F84E57D52FFA41C1AE21FC06E.d.0020B3B15D0118B95FB99D5FF634CD4D.e.5155/click - {}
RESULT: undefined
COMMAND: POST /session/8048b267361f29b71080faa2d1dcc4de/element - {"using":"xpath","value":"//*[@id=\"__tile120\"]"}
RESULT: {"using":"xpath","value":"//*[@id=\"__tile120\"]"}
COMMAND: POST /session/8048b267361f29b71080faa2d1dcc4de/element/f.CD14743F84E57D52FFA41C1AE21FC06E.d.0020B3B15D0118B95FB99D5FF634CD4D.e.5155/click - {}
RESULT: undefined
COMMAND: POST /session/8048b267361f29b71080faa2d1dcc4de/execute/async - {"script":"<script> [6424 bytes]","args":[{"element-6066-11e4-a52e-4f735466cecf":"f.CD14743F84E57D52FFA41C1AE21FC06E.d.0020B3B15D0118B95FB99D5FF634CD4D.e.290"},"getTitle",[]]}
COMMAND: POST /session/8048b267361f29b71080faa2d1dcc4de/execute/async - {"script":"<script> [1562 bytes]","args":[{"selector":{"id":"shellAppTitle"},"wdio_ui5_key":"shellAppTitle"}]}
RESULT: {"script":"<script> [1562 bytes]","args":[{"selector":{"id":"shellAppTitle"},"wdio_ui5_key":"shellAppTitle"}]}
COMMAND: POST /session/8048b267361f29b71080faa2d1dcc4de/execute/async - {"script":"<script> [6424 bytes]","args":[{"element-6066-11e4-a52e-4f735466cecf":"f.CD14743F84E57D52FFA41C1AE21FC06E.d.0020B3B15D0118B95FB99D5FF634CD4D.e.5174"},"getTitle",[]]}
RESULT: {"script":"<script> [6424 bytes]","args":[{"element-6066-11e4-a52e-4f735466cecf":"f.CD14743F84E57D52FFA41C1AE21FC06E.d.0020B3B15D0118B95FB99D5FF634CD4D.e.5174"},"getTitle",[]]}
RESULT: undefined
COMMAND: POST /session/8048b267361f29b71080faa2d1dcc4de/element/f.CD14743F84E57D52FFA41C1AE21FC06E.d.0020B3B15D0118B95FB99D5FF634CD4D.e.5153/click - {}
RESULT: {}
COMMAND: GET /session/8048b267361f29b71080faa2d1dcc4de/screenshot - {}
RESULT: {}
]]></system-out>
    </testcase>
    <testcase classname="chrome.136_0_7103_93.windows.Sanity_Tests_US104253" name="Should open Manage Roles page" time="39.309">
      <system-out><![CDATA[
COMMAND: POST /session/8048b267361f29b71080faa2d1dcc4de/execute/async - {"script":"<script> [1562 bytes]","args":[{"selector":{"controlType":"sap.m.GenericTile","properties":{"header":"Manage Roles"}},"wdio_ui5_key":"sapm.GenericTile{\"header\":\"Manage Roles\"}"}]}
RESULT: {"script":"<script> [1562 bytes]","args":[{"selector":{"controlType":"sap.m.GenericTile","properties":{"header":"Manage Roles"}},"wdio_ui5_key":"sapm.GenericTile{\"header\":\"Manage Roles\"}"}]}
RESULT: undefined
COMMAND: POST /session/8048b267361f29b71080faa2d1dcc4de/element - {"using":"xpath","value":"//*[@id=\"__tile119\"]"}
RESULT: {"using":"xpath","value":"//*[@id=\"__tile119\"]"}
COMMAND: POST /session/8048b267361f29b71080faa2d1dcc4de/element/f.CD14743F84E57D52FFA41C1AE21FC06E.d.0020B3B15D0118B95FB99D5FF634CD4D.e.5176/click - {}
RESULT: {}
COMMAND: GET /session/8048b267361f29b71080faa2d1dcc4de/screenshot - {}
RESULT: {}
COMMAND: POST /session/8048b267361f29b71080faa2d1dcc4de/elements - {"using":"xpath","value":"//span[text()='Error']"}
RESULT: {"using":"xpath","value":"//span[text()='Error']"}
RESULT: undefined
COMMAND: POST /session/8048b267361f29b71080faa2d1dcc4de/element - {"using":"xpath","value":"//*[@id=\"__tile119\"]"}
RESULT: {"using":"xpath","value":"//*[@id=\"__tile119\"]"}
COMMAND: POST /session/8048b267361f29b71080faa2d1dcc4de/element/f.CD14743F84E57D52FFA41C1AE21FC06E.d.0020B3B15D0118B95FB99D5FF634CD4D.e.5176/click - {}
RESULT: undefined
COMMAND: POST /session/8048b267361f29b71080faa2d1dcc4de/element - {"using":"xpath","value":"//*[@id=\"__tile119\"]"}
RESULT: {"using":"xpath","value":"//*[@id=\"__tile119\"]"}
COMMAND: POST /session/8048b267361f29b71080faa2d1dcc4de/element/f.CD14743F84E57D52FFA41C1AE21FC06E.d.0020B3B15D0118B95FB99D5FF634CD4D.e.5176/click - {}
RESULT: undefined
COMMAND: POST /session/8048b267361f29b71080faa2d1dcc4de/execute/async - {"script":"<script> [6424 bytes]","args":[{"element-6066-11e4-a52e-4f735466cecf":"f.CD14743F84E57D52FFA41C1AE21FC06E.d.0020B3B15D0118B95FB99D5FF634CD4D.e.290"},"getTitle",[]]}
COMMAND: POST /session/8048b267361f29b71080faa2d1dcc4de/execute/async - {"script":"<script> [1562 bytes]","args":[{"selector":{"id":"shellAppTitle"},"wdio_ui5_key":"shellAppTitle"}]}
RESULT: {"script":"<script> [1562 bytes]","args":[{"selector":{"id":"shellAppTitle"},"wdio_ui5_key":"shellAppTitle"}]}
COMMAND: POST /session/8048b267361f29b71080faa2d1dcc4de/execute/async - {"script":"<script> [6424 bytes]","args":[{"element-6066-11e4-a52e-4f735466cecf":"f.CD14743F84E57D52FFA41C1AE21FC06E.d.0020B3B15D0118B95FB99D5FF634CD4D.e.5221"},"getTitle",[]]}
RESULT: {"script":"<script> [6424 bytes]","args":[{"element-6066-11e4-a52e-4f735466cecf":"f.CD14743F84E57D52FFA41C1AE21FC06E.d.0020B3B15D0118B95FB99D5FF634CD4D.e.5221"},"getTitle",[]]}
RESULT: undefined
COMMAND: POST /session/8048b267361f29b71080faa2d1dcc4de/element/f.CD14743F84E57D52FFA41C1AE21FC06E.d.0020B3B15D0118B95FB99D5FF634CD4D.e.5153/click - {}
COMMAND: POST /session/8048b267361f29b71080faa2d1dcc4de/element - {"using":"xpath","value":"//*[@id=\"backBtn\"]"}
RESULT: {"using":"xpath","value":"//*[@id=\"backBtn\"]"}
COMMAND: POST /session/8048b267361f29b71080faa2d1dcc4de/element/f.CD14743F84E57D52FFA41C1AE21FC06E.d.0020B3B15D0118B95FB99D5FF634CD4D.e.5153/click - {}
COMMAND: POST /session/8048b267361f29b71080faa2d1dcc4de/element - {"using":"xpath","value":"//*[@id=\"backBtn\"]"}
RESULT: {"using":"xpath","value":"//*[@id=\"backBtn\"]"}
COMMAND: POST /session/8048b267361f29b71080faa2d1dcc4de/element/f.CD14743F84E57D52FFA41C1AE21FC06E.d.0020B3B15D0118B95FB99D5FF634CD4D.e.5222/click - {}
RESULT: {}
COMMAND: GET /session/8048b267361f29b71080faa2d1dcc4de/screenshot - {}
RESULT: {}
]]></system-out>
    </testcase>
    <testcase classname="chrome.136_0_7103_93.windows.Sanity_Tests_US104253" name="Should open Authorization Tables page" time="41.679">
      <system-out><![CDATA[
COMMAND: POST /session/8048b267361f29b71080faa2d1dcc4de/execute/async - {"script":"<script> [1562 bytes]","args":[{"selector":{"controlType":"sap.m.GenericTile","properties":{"header":"Authorization Tables"}},"wdio_ui5_key":"sapm.GenericTile{\"header\":\"Authorization Tables\"}"}]}
RESULT: {"script":"<script> [1562 bytes]","args":[{"selector":{"controlType":"sap.m.GenericTile","properties":{"header":"Authorization Tables"}},"wdio_ui5_key":"sapm.GenericTile{\"header\":\"Authorization Tables\"}"}]}
RESULT: undefined
COMMAND: POST /session/8048b267361f29b71080faa2d1dcc4de/element - {"using":"xpath","value":"//*[@id=\"__tile118\"]"}
RESULT: {"using":"xpath","value":"//*[@id=\"__tile118\"]"}
COMMAND: POST /session/8048b267361f29b71080faa2d1dcc4de/element/f.CD14743F84E57D52FFA41C1AE21FC06E.d.0020B3B15D0118B95FB99D5FF634CD4D.e.5224/click - {}
RESULT: {}
COMMAND: GET /session/8048b267361f29b71080faa2d1dcc4de/screenshot - {}
RESULT: {}
COMMAND: POST /session/8048b267361f29b71080faa2d1dcc4de/elements - {"using":"xpath","value":"//span[text()='Error']"}
RESULT: {"using":"xpath","value":"//span[text()='Error']"}
RESULT: undefined
COMMAND: POST /session/8048b267361f29b71080faa2d1dcc4de/element - {"using":"xpath","value":"//*[@id=\"__tile118\"]"}
RESULT: {"using":"xpath","value":"//*[@id=\"__tile118\"]"}
COMMAND: POST /session/8048b267361f29b71080faa2d1dcc4de/element/f.CD14743F84E57D52FFA41C1AE21FC06E.d.0020B3B15D0118B95FB99D5FF634CD4D.e.5224/click - {}
RESULT: undefined
COMMAND: POST /session/8048b267361f29b71080faa2d1dcc4de/element - {"using":"xpath","value":"//*[@id=\"__tile118\"]"}
RESULT: {"using":"xpath","value":"//*[@id=\"__tile118\"]"}
COMMAND: POST /session/8048b267361f29b71080faa2d1dcc4de/element/f.CD14743F84E57D52FFA41C1AE21FC06E.d.0020B3B15D0118B95FB99D5FF634CD4D.e.5224/click - {}
RESULT: undefined
COMMAND: POST /session/8048b267361f29b71080faa2d1dcc4de/execute/async - {"script":"<script> [6424 bytes]","args":[{"element-6066-11e4-a52e-4f735466cecf":"f.CD14743F84E57D52FFA41C1AE21FC06E.d.0020B3B15D0118B95FB99D5FF634CD4D.e.290"},"getTitle",[]]}
COMMAND: POST /session/8048b267361f29b71080faa2d1dcc4de/execute/async - {"script":"<script> [1562 bytes]","args":[{"selector":{"id":"shellAppTitle"},"wdio_ui5_key":"shellAppTitle"}]}
RESULT: {"script":"<script> [1562 bytes]","args":[{"selector":{"id":"shellAppTitle"},"wdio_ui5_key":"shellAppTitle"}]}
COMMAND: POST /session/8048b267361f29b71080faa2d1dcc4de/execute/async - {"script":"<script> [6424 bytes]","args":[{"element-6066-11e4-a52e-4f735466cecf":"f.CD14743F84E57D52FFA41C1AE21FC06E.d.0020B3B15D0118B95FB99D5FF634CD4D.e.5313"},"getTitle",[]]}
RESULT: {"script":"<script> [6424 bytes]","args":[{"element-6066-11e4-a52e-4f735466cecf":"f.CD14743F84E57D52FFA41C1AE21FC06E.d.0020B3B15D0118B95FB99D5FF634CD4D.e.5313"},"getTitle",[]]}
RESULT: undefined
COMMAND: POST /session/8048b267361f29b71080faa2d1dcc4de/element/f.CD14743F84E57D52FFA41C1AE21FC06E.d.0020B3B15D0118B95FB99D5FF634CD4D.e.5222/click - {}
RESULT: {}
COMMAND: GET /session/8048b267361f29b71080faa2d1dcc4de/screenshot - {}
RESULT: {}
]]></system-out>
    </testcase>
    <testcase classname="chrome.136_0_7103_93.windows.Sanity_Tests_US104253" name="Should open User Maintenance page" time="36.329">
      <system-out><![CDATA[
COMMAND: POST /session/8048b267361f29b71080faa2d1dcc4de/execute/async - {"script":"<script> [1562 bytes]","args":[{"selector":{"controlType":"sap.m.GenericTile","properties":{"header":"User Maintenance"}},"wdio_ui5_key":"sapm.GenericTile{\"header\":\"User Maintenance\"}"}]}
RESULT: {"script":"<script> [1562 bytes]","args":[{"selector":{"controlType":"sap.m.GenericTile","properties":{"header":"User Maintenance"}},"wdio_ui5_key":"sapm.GenericTile{\"header\":\"User Maintenance\"}"}]}
RESULT: undefined
COMMAND: POST /session/8048b267361f29b71080faa2d1dcc4de/element - {"using":"xpath","value":"//*[@id=\"__tile121\"]"}
RESULT: {"using":"xpath","value":"//*[@id=\"__tile121\"]"}
COMMAND: POST /session/8048b267361f29b71080faa2d1dcc4de/element/f.CD14743F84E57D52FFA41C1AE21FC06E.d.0020B3B15D0118B95FB99D5FF634CD4D.e.5315/click - {}
RESULT: {}
COMMAND: GET /session/8048b267361f29b71080faa2d1dcc4de/screenshot - {}
RESULT: {}
COMMAND: POST /session/8048b267361f29b71080faa2d1dcc4de/elements - {"using":"xpath","value":"//span[text()='Error']"}
RESULT: {"using":"xpath","value":"//span[text()='Error']"}
RESULT: undefined
COMMAND: POST /session/8048b267361f29b71080faa2d1dcc4de/element - {"using":"xpath","value":"//*[@id=\"__tile121\"]"}
RESULT: {"using":"xpath","value":"//*[@id=\"__tile121\"]"}
COMMAND: POST /session/8048b267361f29b71080faa2d1dcc4de/element/f.CD14743F84E57D52FFA41C1AE21FC06E.d.0020B3B15D0118B95FB99D5FF634CD4D.e.5315/click - {}
RESULT: undefined
COMMAND: POST /session/8048b267361f29b71080faa2d1dcc4de/element - {"using":"xpath","value":"//*[@id=\"__tile121\"]"}
RESULT: {"using":"xpath","value":"//*[@id=\"__tile121\"]"}
COMMAND: POST /session/8048b267361f29b71080faa2d1dcc4de/element/f.CD14743F84E57D52FFA41C1AE21FC06E.d.0020B3B15D0118B95FB99D5FF634CD4D.e.5315/click - {}
RESULT: undefined
COMMAND: POST /session/8048b267361f29b71080faa2d1dcc4de/execute/async - {"script":"<script> [6424 bytes]","args":[{"element-6066-11e4-a52e-4f735466cecf":"f.CD14743F84E57D52FFA41C1AE21FC06E.d.0020B3B15D0118B95FB99D5FF634CD4D.e.290"},"getTitle",[]]}
COMMAND: POST /session/8048b267361f29b71080faa2d1dcc4de/execute/async - {"script":"<script> [1562 bytes]","args":[{"selector":{"id":"shellAppTitle"},"wdio_ui5_key":"shellAppTitle"}]}
RESULT: {"script":"<script> [1562 bytes]","args":[{"selector":{"id":"shellAppTitle"},"wdio_ui5_key":"shellAppTitle"}]}
COMMAND: POST /session/8048b267361f29b71080faa2d1dcc4de/execute/async - {"script":"<script> [6424 bytes]","args":[{"element-6066-11e4-a52e-4f735466cecf":"f.CD14743F84E57D52FFA41C1AE21FC06E.d.0020B3B15D0118B95FB99D5FF634CD4D.e.5407"},"getTitle",[]]}
RESULT: {"script":"<script> [6424 bytes]","args":[{"element-6066-11e4-a52e-4f735466cecf":"f.CD14743F84E57D52FFA41C1AE21FC06E.d.0020B3B15D0118B95FB99D5FF634CD4D.e.5407"},"getTitle",[]]}
RESULT: undefined
COMMAND: POST /session/8048b267361f29b71080faa2d1dcc4de/element/f.CD14743F84E57D52FFA41C1AE21FC06E.d.0020B3B15D0118B95FB99D5FF634CD4D.e.5222/click - {}
COMMAND: POST /session/8048b267361f29b71080faa2d1dcc4de/element - {"using":"xpath","value":"//*[@id=\"backBtn\"]"}
RESULT: {"using":"xpath","value":"//*[@id=\"backBtn\"]"}
COMMAND: POST /session/8048b267361f29b71080faa2d1dcc4de/element/f.CD14743F84E57D52FFA41C1AE21FC06E.d.0020B3B15D0118B95FB99D5FF634CD4D.e.5222/click - {}
COMMAND: POST /session/8048b267361f29b71080faa2d1dcc4de/element - {"using":"xpath","value":"//*[@id=\"backBtn\"]"}
RESULT: {"using":"xpath","value":"//*[@id=\"backBtn\"]"}
COMMAND: POST /session/8048b267361f29b71080faa2d1dcc4de/element/f.CD14743F84E57D52FFA41C1AE21FC06E.d.0020B3B15D0118B95FB99D5FF634CD4D.e.5408/click - {}
RESULT: {}
COMMAND: GET /session/8048b267361f29b71080faa2d1dcc4de/screenshot - {}
RESULT: {}
]]></system-out>
    </testcase>
    <testcase classname="chrome.136_0_7103_93.windows.Sanity_Tests_US104253" name="Should open Schedule Jobs page" time="36.977">
      <system-out><![CDATA[
COMMAND: POST /session/8048b267361f29b71080faa2d1dcc4de/execute/async - {"script":"<script> [1562 bytes]","args":[{"selector":{"controlType":"sap.m.GenericTile","properties":{"header":"Schedule Jobs"}},"wdio_ui5_key":"sapm.GenericTile{\"header\":\"Schedule Jobs\"}"}]}
RESULT: {"script":"<script> [1562 bytes]","args":[{"selector":{"controlType":"sap.m.GenericTile","properties":{"header":"Schedule Jobs"}},"wdio_ui5_key":"sapm.GenericTile{\"header\":\"Schedule Jobs\"}"}]}
RESULT: undefined
COMMAND: POST /session/8048b267361f29b71080faa2d1dcc4de/element - {"using":"xpath","value":"//*[@id=\"__tile127\"]"}
RESULT: {"using":"xpath","value":"//*[@id=\"__tile127\"]"}
COMMAND: POST /session/8048b267361f29b71080faa2d1dcc4de/element/f.CD14743F84E57D52FFA41C1AE21FC06E.d.0020B3B15D0118B95FB99D5FF634CD4D.e.5412/click - {}
RESULT: {}
COMMAND: GET /session/8048b267361f29b71080faa2d1dcc4de/screenshot - {}
RESULT: {}
COMMAND: POST /session/8048b267361f29b71080faa2d1dcc4de/elements - {"using":"xpath","value":"//span[text()='Error']"}
RESULT: {"using":"xpath","value":"//span[text()='Error']"}
RESULT: undefined
COMMAND: POST /session/8048b267361f29b71080faa2d1dcc4de/element - {"using":"xpath","value":"//*[@id=\"__tile127\"]"}
RESULT: {"using":"xpath","value":"//*[@id=\"__tile127\"]"}
COMMAND: POST /session/8048b267361f29b71080faa2d1dcc4de/element/f.CD14743F84E57D52FFA41C1AE21FC06E.d.0020B3B15D0118B95FB99D5FF634CD4D.e.5412/click - {}
RESULT: undefined
COMMAND: POST /session/8048b267361f29b71080faa2d1dcc4de/element - {"using":"xpath","value":"//*[@id=\"__tile127\"]"}
RESULT: {"using":"xpath","value":"//*[@id=\"__tile127\"]"}
COMMAND: POST /session/8048b267361f29b71080faa2d1dcc4de/element/f.CD14743F84E57D52FFA41C1AE21FC06E.d.0020B3B15D0118B95FB99D5FF634CD4D.e.5412/click - {}
RESULT: undefined
COMMAND: POST /session/8048b267361f29b71080faa2d1dcc4de/execute/async - {"script":"<script> [6424 bytes]","args":[{"element-6066-11e4-a52e-4f735466cecf":"f.CD14743F84E57D52FFA41C1AE21FC06E.d.0020B3B15D0118B95FB99D5FF634CD4D.e.290"},"getTitle",[]]}
COMMAND: POST /session/8048b267361f29b71080faa2d1dcc4de/execute/async - {"script":"<script> [1562 bytes]","args":[{"selector":{"id":"shellAppTitle"},"wdio_ui5_key":"shellAppTitle"}]}
RESULT: {"script":"<script> [1562 bytes]","args":[{"selector":{"id":"shellAppTitle"},"wdio_ui5_key":"shellAppTitle"}]}
COMMAND: POST /session/8048b267361f29b71080faa2d1dcc4de/execute/async - {"script":"<script> [6424 bytes]","args":[{"element-6066-11e4-a52e-4f735466cecf":"f.CD14743F84E57D52FFA41C1AE21FC06E.d.0020B3B15D0118B95FB99D5FF634CD4D.e.5481"},"getTitle",[]]}
RESULT: {"script":"<script> [6424 bytes]","args":[{"element-6066-11e4-a52e-4f735466cecf":"f.CD14743F84E57D52FFA41C1AE21FC06E.d.0020B3B15D0118B95FB99D5FF634CD4D.e.5481"},"getTitle",[]]}
RESULT: undefined
COMMAND: POST /session/8048b267361f29b71080faa2d1dcc4de/element/f.CD14743F84E57D52FFA41C1AE21FC06E.d.0020B3B15D0118B95FB99D5FF634CD4D.e.5408/click - {}
COMMAND: POST /session/8048b267361f29b71080faa2d1dcc4de/element/f.CD14743F84E57D52FFA41C1AE21FC06E.d.0020B3B15D0118B95FB99D5FF634CD4D.e.5408/click - {}
RESULT: {}
COMMAND: GET /session/8048b267361f29b71080faa2d1dcc4de/screenshot - {}
COMMAND: POST /session/8048b267361f29b71080faa2d1dcc4de/element - {"using":"xpath","value":"//*[@id=\"backBtn\"]"}
RESULT: {}
RESULT: {"using":"xpath","value":"//*[@id=\"backBtn\"]"}
COMMAND: POST /session/8048b267361f29b71080faa2d1dcc4de/elements - {"using":"xpath","value":"//*[@id=\"backBtn\"]"}
RESULT: {"using":"xpath","value":"//*[@id=\"backBtn\"]"}
COMMAND: POST /session/8048b267361f29b71080faa2d1dcc4de/elements - {"using":"xpath","value":"//*[@id=\"backBtn\"]"}
RESULT: {"using":"xpath","value":"//*[@id=\"backBtn\"]"}
COMMAND: POST /session/8048b267361f29b71080faa2d1dcc4de/elements - {"using":"xpath","value":"//*[@id=\"backBtn\"]"}
RESULT: {"using":"xpath","value":"//*[@id=\"backBtn\"]"}
COMMAND: POST /session/8048b267361f29b71080faa2d1dcc4de/elements - {"using":"xpath","value":"//*[@id=\"backBtn\"]"}
RESULT: {"using":"xpath","value":"//*[@id=\"backBtn\"]"}
COMMAND: POST /session/8048b267361f29b71080faa2d1dcc4de/elements - {"using":"xpath","value":"//*[@id=\"backBtn\"]"}
RESULT: {"using":"xpath","value":"//*[@id=\"backBtn\"]"}
COMMAND: POST /session/8048b267361f29b71080faa2d1dcc4de/elements - {"using":"xpath","value":"//*[@id=\"backBtn\"]"}
RESULT: {"using":"xpath","value":"//*[@id=\"backBtn\"]"}
COMMAND: POST /session/8048b267361f29b71080faa2d1dcc4de/elements - {"using":"xpath","value":"//*[@id=\"backBtn\"]"}
RESULT: {"using":"xpath","value":"//*[@id=\"backBtn\"]"}
COMMAND: POST /session/8048b267361f29b71080faa2d1dcc4de/elements - {"using":"xpath","value":"//*[@id=\"backBtn\"]"}
RESULT: {"using":"xpath","value":"//*[@id=\"backBtn\"]"}
COMMAND: POST /session/8048b267361f29b71080faa2d1dcc4de/elements - {"using":"xpath","value":"//*[@id=\"backBtn\"]"}
RESULT: {"using":"xpath","value":"//*[@id=\"backBtn\"]"}
COMMAND: POST /session/8048b267361f29b71080faa2d1dcc4de/elements - {"using":"xpath","value":"//*[@id=\"backBtn\"]"}
RESULT: {"using":"xpath","value":"//*[@id=\"backBtn\"]"}
COMMAND: POST /session/8048b267361f29b71080faa2d1dcc4de/elements - {"using":"xpath","value":"//*[@id=\"backBtn\"]"}
RESULT: {"using":"xpath","value":"//*[@id=\"backBtn\"]"}
COMMAND: POST /session/8048b267361f29b71080faa2d1dcc4de/elements - {"using":"xpath","value":"//*[@id=\"backBtn\"]"}
RESULT: {"using":"xpath","value":"//*[@id=\"backBtn\"]"}
COMMAND: POST /session/8048b267361f29b71080faa2d1dcc4de/elements - {"using":"xpath","value":"//*[@id=\"backBtn\"]"}
RESULT: {"using":"xpath","value":"//*[@id=\"backBtn\"]"}
COMMAND: POST /session/8048b267361f29b71080faa2d1dcc4de/elements - {"using":"xpath","value":"//*[@id=\"backBtn\"]"}
RESULT: {"using":"xpath","value":"//*[@id=\"backBtn\"]"}
COMMAND: POST /session/8048b267361f29b71080faa2d1dcc4de/elements - {"using":"xpath","value":"//*[@id=\"backBtn\"]"}
RESULT: {"using":"xpath","value":"//*[@id=\"backBtn\"]"}
COMMAND: POST /session/8048b267361f29b71080faa2d1dcc4de/elements - {"using":"xpath","value":"//*[@id=\"backBtn\"]"}
RESULT: {"using":"xpath","value":"//*[@id=\"backBtn\"]"}
COMMAND: POST /session/8048b267361f29b71080faa2d1dcc4de/elements - {"using":"xpath","value":"//*[@id=\"backBtn\"]"}
RESULT: {"using":"xpath","value":"//*[@id=\"backBtn\"]"}
COMMAND: POST /session/8048b267361f29b71080faa2d1dcc4de/elements - {"using":"xpath","value":"//*[@id=\"backBtn\"]"}
RESULT: {"using":"xpath","value":"//*[@id=\"backBtn\"]"}
COMMAND: POST /session/8048b267361f29b71080faa2d1dcc4de/elements - {"using":"xpath","value":"//*[@id=\"backBtn\"]"}
RESULT: {"using":"xpath","value":"//*[@id=\"backBtn\"]"}
]]></system-out>
    </testcase>
    <testcase classname="chrome.136_0_7103_93.windows.Sanity_Tests_US104253" name="Should open Jobs Setup page" time="35.996">
      <system-out><![CDATA[
COMMAND: POST /session/8048b267361f29b71080faa2d1dcc4de/execute/async - {"script":"<script> [1562 bytes]","args":[{"selector":{"controlType":"sap.m.GenericTile","properties":{"header":"Jobs Setup"}},"wdio_ui5_key":"sapm.GenericTile{\"header\":\"Jobs Setup\"}"}]}
COMMAND: POST /session/8048b267361f29b71080faa2d1dcc4de/elements - {"using":"xpath","value":"//*[@id=\"backBtn\"]"}
RESULT: {"script":"<script> [1562 bytes]","args":[{"selector":{"controlType":"sap.m.GenericTile","properties":{"header":"Jobs Setup"}},"wdio_ui5_key":"sapm.GenericTile{\"header\":\"Jobs Setup\"}"}]}
RESULT: undefined
COMMAND: POST /session/8048b267361f29b71080faa2d1dcc4de/element - {"using":"xpath","value":"//*[@id=\"__tile128\"]"}
RESULT: {"using":"xpath","value":"//*[@id=\"backBtn\"]"}
RESULT: {"using":"xpath","value":"//*[@id=\"__tile128\"]"}
COMMAND: POST /session/8048b267361f29b71080faa2d1dcc4de/element/f.CD14743F84E57D52FFA41C1AE21FC06E.d.0020B3B15D0118B95FB99D5FF634CD4D.e.5483/click - {}
COMMAND: POST /session/8048b267361f29b71080faa2d1dcc4de/elements - {"using":"xpath","value":"//*[@id=\"backBtn\"]"}
RESULT: {}
COMMAND: GET /session/8048b267361f29b71080faa2d1dcc4de/screenshot - {}
RESULT: {"using":"xpath","value":"//*[@id=\"backBtn\"]"}
RESULT: {}
COMMAND: POST /session/8048b267361f29b71080faa2d1dcc4de/elements - {"using":"xpath","value":"//*[@id=\"backBtn\"]"}
RESULT: {"using":"xpath","value":"//*[@id=\"backBtn\"]"}
COMMAND: POST /session/8048b267361f29b71080faa2d1dcc4de/element - {"using":"xpath","value":"//*[@id=\"backBtn\"]"}
RESULT: {"using":"xpath","value":"//*[@id=\"backBtn\"]"}
COMMAND: POST /session/8048b267361f29b71080faa2d1dcc4de/element/f.CD14743F84E57D52FFA41C1AE21FC06E.d.0020B3B15D0118B95FB99D5FF634CD4D.e.5408/click - {}
COMMAND: POST /session/8048b267361f29b71080faa2d1dcc4de/element - {"using":"xpath","value":"//*[@id=\"backBtn\"]"}
RESULT: {"using":"xpath","value":"//*[@id=\"backBtn\"]"}
COMMAND: POST /session/8048b267361f29b71080faa2d1dcc4de/element/f.CD14743F84E57D52FFA41C1AE21FC06E.d.0020B3B15D0118B95FB99D5FF634CD4D.e.5545/click - {}
RESULT: {}
COMMAND: GET /session/8048b267361f29b71080faa2d1dcc4de/screenshot - {}
RESULT: {}
COMMAND: POST /session/8048b267361f29b71080faa2d1dcc4de/elements - {"using":"xpath","value":"//span[text()='Error']"}
RESULT: {"using":"xpath","value":"//span[text()='Error']"}
RESULT: undefined
COMMAND: POST /session/8048b267361f29b71080faa2d1dcc4de/element - {"using":"xpath","value":"//*[@id=\"__tile128\"]"}
RESULT: {"using":"xpath","value":"//*[@id=\"__tile128\"]"}
COMMAND: POST /session/8048b267361f29b71080faa2d1dcc4de/element/f.CD14743F84E57D52FFA41C1AE21FC06E.d.0020B3B15D0118B95FB99D5FF634CD4D.e.5483/click - {}
RESULT: undefined
COMMAND: POST /session/8048b267361f29b71080faa2d1dcc4de/element - {"using":"xpath","value":"//*[@id=\"__tile128\"]"}
RESULT: {"using":"xpath","value":"//*[@id=\"__tile128\"]"}
COMMAND: POST /session/8048b267361f29b71080faa2d1dcc4de/element/f.CD14743F84E57D52FFA41C1AE21FC06E.d.0020B3B15D0118B95FB99D5FF634CD4D.e.5483/click - {}
RESULT: undefined
COMMAND: POST /session/8048b267361f29b71080faa2d1dcc4de/execute/async - {"script":"<script> [6424 bytes]","args":[{"element-6066-11e4-a52e-4f735466cecf":"f.CD14743F84E57D52FFA41C1AE21FC06E.d.0020B3B15D0118B95FB99D5FF634CD4D.e.290"},"getTitle",[]]}
COMMAND: POST /session/8048b267361f29b71080faa2d1dcc4de/execute/async - {"script":"<script> [1562 bytes]","args":[{"selector":{"id":"shellAppTitle"},"wdio_ui5_key":"shellAppTitle"}]}
RESULT: {"script":"<script> [1562 bytes]","args":[{"selector":{"id":"shellAppTitle"},"wdio_ui5_key":"shellAppTitle"}]}
COMMAND: POST /session/8048b267361f29b71080faa2d1dcc4de/execute/async - {"script":"<script> [6424 bytes]","args":[{"element-6066-11e4-a52e-4f735466cecf":"f.CD14743F84E57D52FFA41C1AE21FC06E.d.0020B3B15D0118B95FB99D5FF634CD4D.e.5573"},"getTitle",[]]}
RESULT: {"script":"<script> [6424 bytes]","args":[{"element-6066-11e4-a52e-4f735466cecf":"f.CD14743F84E57D52FFA41C1AE21FC06E.d.0020B3B15D0118B95FB99D5FF634CD4D.e.5573"},"getTitle",[]]}
RESULT: undefined
COMMAND: POST /session/8048b267361f29b71080faa2d1dcc4de/element/f.CD14743F84E57D52FFA41C1AE21FC06E.d.0020B3B15D0118B95FB99D5FF634CD4D.e.5545/click - {}
COMMAND: POST /session/8048b267361f29b71080faa2d1dcc4de/element/f.CD14743F84E57D52FFA41C1AE21FC06E.d.0020B3B15D0118B95FB99D5FF634CD4D.e.5545/click - {}
RESULT: {}
COMMAND: GET /session/8048b267361f29b71080faa2d1dcc4de/screenshot - {}
RESULT: {}
COMMAND: GET /session/8048b267361f29b71080faa2d1dcc4de/screenshot - {}
RESULT: {}
RESULT: {}
]]></system-out>
    </testcase>
    <testcase classname="chrome.136_0_7103_93.windows.Sanity_Tests_US104253" name="Should open Target Systems Configuration page" time="36.06">
      <system-out><![CDATA[
COMMAND: POST /session/8048b267361f29b71080faa2d1dcc4de/execute/async - {"script":"<script> [1562 bytes]","args":[{"selector":{"controlType":"sap.m.GenericTile","properties":{"header":"Target Systems Configuration"}},"wdio_ui5_key":"sapm.GenericTile{\"header\":\"Target Systems Configuration\"}"}]}
RESULT: {"script":"<script> [1562 bytes]","args":[{"selector":{"controlType":"sap.m.GenericTile","properties":{"header":"Target Systems Configuration"}},"wdio_ui5_key":"sapm.GenericTile{\"header\":\"Target Systems Configuration\"}"}]}
RESULT: undefined
COMMAND: POST /session/8048b267361f29b71080faa2d1dcc4de/element - {"using":"xpath","value":"//*[@id=\"__tile129\"]"}
RESULT: {"using":"xpath","value":"//*[@id=\"__tile129\"]"}
COMMAND: POST /session/8048b267361f29b71080faa2d1dcc4de/element/f.CD14743F84E57D52FFA41C1AE21FC06E.d.0020B3B15D0118B95FB99D5FF634CD4D.e.5575/click - {}
RESULT: {}
COMMAND: GET /session/8048b267361f29b71080faa2d1dcc4de/screenshot - {}
RESULT: {}
COMMAND: POST /session/8048b267361f29b71080faa2d1dcc4de/elements - {"using":"xpath","value":"//span[text()='Error']"}
RESULT: {"using":"xpath","value":"//span[text()='Error']"}
RESULT: undefined
COMMAND: POST /session/8048b267361f29b71080faa2d1dcc4de/element - {"using":"xpath","value":"//*[@id=\"__tile129\"]"}
RESULT: {"using":"xpath","value":"//*[@id=\"__tile129\"]"}
COMMAND: POST /session/8048b267361f29b71080faa2d1dcc4de/element/f.CD14743F84E57D52FFA41C1AE21FC06E.d.0020B3B15D0118B95FB99D5FF634CD4D.e.5575/click - {}
RESULT: undefined
COMMAND: POST /session/8048b267361f29b71080faa2d1dcc4de/element - {"using":"xpath","value":"//*[@id=\"__tile129\"]"}
RESULT: {"using":"xpath","value":"//*[@id=\"__tile129\"]"}
COMMAND: POST /session/8048b267361f29b71080faa2d1dcc4de/element/f.CD14743F84E57D52FFA41C1AE21FC06E.d.0020B3B15D0118B95FB99D5FF634CD4D.e.5575/click - {}
RESULT: undefined
COMMAND: POST /session/8048b267361f29b71080faa2d1dcc4de/execute/async - {"script":"<script> [6424 bytes]","args":[{"element-6066-11e4-a52e-4f735466cecf":"f.CD14743F84E57D52FFA41C1AE21FC06E.d.0020B3B15D0118B95FB99D5FF634CD4D.e.290"},"getTitle",[]]}
COMMAND: POST /session/8048b267361f29b71080faa2d1dcc4de/execute/async - {"script":"<script> [1562 bytes]","args":[{"selector":{"id":"shellAppTitle"},"wdio_ui5_key":"shellAppTitle"}]}
RESULT: {"script":"<script> [1562 bytes]","args":[{"selector":{"id":"shellAppTitle"},"wdio_ui5_key":"shellAppTitle"}]}
COMMAND: POST /session/8048b267361f29b71080faa2d1dcc4de/execute/async - {"script":"<script> [6424 bytes]","args":[{"element-6066-11e4-a52e-4f735466cecf":"f.CD14743F84E57D52FFA41C1AE21FC06E.d.0020B3B15D0118B95FB99D5FF634CD4D.e.5628"},"getTitle",[]]}
RESULT: {"script":"<script> [6424 bytes]","args":[{"element-6066-11e4-a52e-4f735466cecf":"f.CD14743F84E57D52FFA41C1AE21FC06E.d.0020B3B15D0118B95FB99D5FF634CD4D.e.5628"},"getTitle",[]]}
RESULT: undefined
COMMAND: POST /session/8048b267361f29b71080faa2d1dcc4de/element/f.CD14743F84E57D52FFA41C1AE21FC06E.d.0020B3B15D0118B95FB99D5FF634CD4D.e.5545/click - {}
COMMAND: POST /session/8048b267361f29b71080faa2d1dcc4de/element/f.CD14743F84E57D52FFA41C1AE21FC06E.d.0020B3B15D0118B95FB99D5FF634CD4D.e.5545/click - {}
RESULT: {}
COMMAND: GET /session/8048b267361f29b71080faa2d1dcc4de/screenshot - {}
COMMAND: POST /session/8048b267361f29b71080faa2d1dcc4de/element - {"using":"xpath","value":"//*[@id=\"backBtn\"]"}
RESULT: {}
RESULT: {"using":"xpath","value":"//*[@id=\"backBtn\"]"}
COMMAND: POST /session/8048b267361f29b71080faa2d1dcc4de/elements - {"using":"xpath","value":"//*[@id=\"backBtn\"]"}
RESULT: {"using":"xpath","value":"//*[@id=\"backBtn\"]"}
COMMAND: POST /session/8048b267361f29b71080faa2d1dcc4de/elements - {"using":"xpath","value":"//*[@id=\"backBtn\"]"}
RESULT: {"using":"xpath","value":"//*[@id=\"backBtn\"]"}
COMMAND: POST /session/8048b267361f29b71080faa2d1dcc4de/elements - {"using":"xpath","value":"//*[@id=\"backBtn\"]"}
RESULT: {"using":"xpath","value":"//*[@id=\"backBtn\"]"}
COMMAND: POST /session/8048b267361f29b71080faa2d1dcc4de/elements - {"using":"xpath","value":"//*[@id=\"backBtn\"]"}
RESULT: {"using":"xpath","value":"//*[@id=\"backBtn\"]"}
COMMAND: POST /session/8048b267361f29b71080faa2d1dcc4de/elements - {"using":"xpath","value":"//*[@id=\"backBtn\"]"}
RESULT: {"using":"xpath","value":"//*[@id=\"backBtn\"]"}
COMMAND: POST /session/8048b267361f29b71080faa2d1dcc4de/elements - {"using":"xpath","value":"//*[@id=\"backBtn\"]"}
RESULT: {"using":"xpath","value":"//*[@id=\"backBtn\"]"}
COMMAND: POST /session/8048b267361f29b71080faa2d1dcc4de/elements - {"using":"xpath","value":"//*[@id=\"backBtn\"]"}
RESULT: {"using":"xpath","value":"//*[@id=\"backBtn\"]"}
COMMAND: POST /session/8048b267361f29b71080faa2d1dcc4de/elements - {"using":"xpath","value":"//*[@id=\"backBtn\"]"}
RESULT: {"using":"xpath","value":"//*[@id=\"backBtn\"]"}
COMMAND: POST /session/8048b267361f29b71080faa2d1dcc4de/elements - {"using":"xpath","value":"//*[@id=\"backBtn\"]"}
RESULT: {"using":"xpath","value":"//*[@id=\"backBtn\"]"}
COMMAND: POST /session/8048b267361f29b71080faa2d1dcc4de/elements - {"using":"xpath","value":"//*[@id=\"backBtn\"]"}
RESULT: {"using":"xpath","value":"//*[@id=\"backBtn\"]"}
COMMAND: POST /session/8048b267361f29b71080faa2d1dcc4de/elements - {"using":"xpath","value":"//*[@id=\"backBtn\"]"}
RESULT: {"using":"xpath","value":"//*[@id=\"backBtn\"]"}
COMMAND: POST /session/8048b267361f29b71080faa2d1dcc4de/elements - {"using":"xpath","value":"//*[@id=\"backBtn\"]"}
RESULT: {"using":"xpath","value":"//*[@id=\"backBtn\"]"}
COMMAND: POST /session/8048b267361f29b71080faa2d1dcc4de/elements - {"using":"xpath","value":"//*[@id=\"backBtn\"]"}
RESULT: {"using":"xpath","value":"//*[@id=\"backBtn\"]"}
COMMAND: POST /session/8048b267361f29b71080faa2d1dcc4de/elements - {"using":"xpath","value":"//*[@id=\"backBtn\"]"}
RESULT: {"using":"xpath","value":"//*[@id=\"backBtn\"]"}
COMMAND: POST /session/8048b267361f29b71080faa2d1dcc4de/elements - {"using":"xpath","value":"//*[@id=\"backBtn\"]"}
RESULT: {"using":"xpath","value":"//*[@id=\"backBtn\"]"}
COMMAND: POST /session/8048b267361f29b71080faa2d1dcc4de/elements - {"using":"xpath","value":"//*[@id=\"backBtn\"]"}
RESULT: {"using":"xpath","value":"//*[@id=\"backBtn\"]"}
COMMAND: POST /session/8048b267361f29b71080faa2d1dcc4de/elements - {"using":"xpath","value":"//*[@id=\"backBtn\"]"}
RESULT: {"using":"xpath","value":"//*[@id=\"backBtn\"]"}
COMMAND: POST /session/8048b267361f29b71080faa2d1dcc4de/elements - {"using":"xpath","value":"//*[@id=\"backBtn\"]"}
RESULT: {"using":"xpath","value":"//*[@id=\"backBtn\"]"}
COMMAND: POST /session/8048b267361f29b71080faa2d1dcc4de/elements - {"using":"xpath","value":"//*[@id=\"backBtn\"]"}
RESULT: {"using":"xpath","value":"//*[@id=\"backBtn\"]"}
COMMAND: POST /session/8048b267361f29b71080faa2d1dcc4de/elements - {"using":"xpath","value":"//*[@id=\"backBtn\"]"}
RESULT: {"using":"xpath","value":"//*[@id=\"backBtn\"]"}
COMMAND: POST /session/8048b267361f29b71080faa2d1dcc4de/elements - {"using":"xpath","value":"//*[@id=\"backBtn\"]"}
RESULT: {"using":"xpath","value":"//*[@id=\"backBtn\"]"}
COMMAND: POST /session/8048b267361f29b71080faa2d1dcc4de/elements - {"using":"xpath","value":"//*[@id=\"backBtn\"]"}
RESULT: {"using":"xpath","value":"//*[@id=\"backBtn\"]"}
COMMAND: POST /session/8048b267361f29b71080faa2d1dcc4de/elements - {"using":"xpath","value":"//*[@id=\"backBtn\"]"}
RESULT: {"using":"xpath","value":"//*[@id=\"backBtn\"]"}
COMMAND: POST /session/8048b267361f29b71080faa2d1dcc4de/elements - {"using":"xpath","value":"//*[@id=\"backBtn\"]"}
RESULT: {"using":"xpath","value":"//*[@id=\"backBtn\"]"}
COMMAND: POST /session/8048b267361f29b71080faa2d1dcc4de/elements - {"using":"xpath","value":"//*[@id=\"backBtn\"]"}
RESULT: {"using":"xpath","value":"//*[@id=\"backBtn\"]"}
COMMAND: POST /session/8048b267361f29b71080faa2d1dcc4de/elements - {"using":"xpath","value":"//*[@id=\"backBtn\"]"}
RESULT: {"using":"xpath","value":"//*[@id=\"backBtn\"]"}
COMMAND: POST /session/8048b267361f29b71080faa2d1dcc4de/elements - {"using":"xpath","value":"//*[@id=\"backBtn\"]"}
RESULT: {"using":"xpath","value":"//*[@id=\"backBtn\"]"}
COMMAND: POST /session/8048b267361f29b71080faa2d1dcc4de/elements - {"using":"xpath","value":"//*[@id=\"backBtn\"]"}
RESULT: {"using":"xpath","value":"//*[@id=\"backBtn\"]"}
COMMAND: POST /session/8048b267361f29b71080faa2d1dcc4de/elements - {"using":"xpath","value":"//*[@id=\"backBtn\"]"}
RESULT: {"using":"xpath","value":"//*[@id=\"backBtn\"]"}
COMMAND: POST /session/8048b267361f29b71080faa2d1dcc4de/elements - {"using":"xpath","value":"//*[@id=\"backBtn\"]"}
RESULT: {"using":"xpath","value":"//*[@id=\"backBtn\"]"}
COMMAND: POST /session/8048b267361f29b71080faa2d1dcc4de/elements - {"using":"xpath","value":"//*[@id=\"backBtn\"]"}
RESULT: {"using":"xpath","value":"//*[@id=\"backBtn\"]"}
COMMAND: POST /session/8048b267361f29b71080faa2d1dcc4de/elements - {"using":"xpath","value":"//*[@id=\"backBtn\"]"}
RESULT: {"using":"xpath","value":"//*[@id=\"backBtn\"]"}
COMMAND: POST /session/8048b267361f29b71080faa2d1dcc4de/elements - {"using":"xpath","value":"//*[@id=\"backBtn\"]"}
RESULT: {"using":"xpath","value":"//*[@id=\"backBtn\"]"}
COMMAND: POST /session/8048b267361f29b71080faa2d1dcc4de/elements - {"using":"xpath","value":"//*[@id=\"backBtn\"]"}
RESULT: {"using":"xpath","value":"//*[@id=\"backBtn\"]"}
COMMAND: POST /session/8048b267361f29b71080faa2d1dcc4de/elements - {"using":"xpath","value":"//*[@id=\"backBtn\"]"}
RESULT: {"using":"xpath","value":"//*[@id=\"backBtn\"]"}
COMMAND: POST /session/8048b267361f29b71080faa2d1dcc4de/elements - {"using":"xpath","value":"//*[@id=\"backBtn\"]"}
RESULT: {"using":"xpath","value":"//*[@id=\"backBtn\"]"}
COMMAND: POST /session/8048b267361f29b71080faa2d1dcc4de/elements - {"using":"xpath","value":"//*[@id=\"backBtn\"]"}
RESULT: {"using":"xpath","value":"//*[@id=\"backBtn\"]"}
COMMAND: POST /session/8048b267361f29b71080faa2d1dcc4de/elements - {"using":"xpath","value":"//*[@id=\"backBtn\"]"}
RESULT: {"using":"xpath","value":"//*[@id=\"backBtn\"]"}
COMMAND: POST /session/8048b267361f29b71080faa2d1dcc4de/elements - {"using":"xpath","value":"//*[@id=\"backBtn\"]"}
RESULT: {"using":"xpath","value":"//*[@id=\"backBtn\"]"}
COMMAND: DELETE /session/8048b267361f29b71080faa2d1dcc4de - {}
RESULT: {}
]]></system-out>
    </testcase>
  </testsuite>
</testsuites>