<?xml version="1.0" encoding="UTF-8"?>
<testsuites tests="23" failures="0" errors="0" skipped="0">
  <testsuite timestamp="2025-04-30T05:33:57" time="1075.749" tests="6" failures="0" errors="0" skipped="0">
    <properties>
      <property name="specId" value="0" />
      <property name="suiteName" value="Standard contract - add contract items by Insert Request US118222" />
      <property name="capabilities" value="chrome.135_0_7049_96.windows" />
      <property name="file" value="file:///D:/a/1/s/test/specs/R2C/standard-contract-add-contract-items-by-insert-request.spec.js" />
    </properties>
    <testcase classname="chrome.135_0_7049_96.windows.Standard_contract_-_add_contract_items_by_Insert_Request_US118222" name="Should create prerequisites yard partner site material and equipment" time="305.566">
      <system-out><![CDATA[
COMMAND: POST /session/39d2630e55d6b41de19dafc672cf7ebc/execute/async - {"script":"<script> [1562 bytes]","args":[{"selector":{"controlType":"sap.m.GenericTile","properties":{"header":"Manage Yards"}},"wdio_ui5_key":"sapm.GenericTile{\"header\":\"Manage Yards\"}"}]}
RESULT: {"script":"<script> [1562 bytes]","args":[{"selector":{"controlType":"sap.m.GenericTile","properties":{"header":"Manage Yards"}},"wdio_ui5_key":"sapm.GenericTile{\"header\":\"Manage Yards\"}"}]}
RESULT: undefined
COMMAND: POST /session/39d2630e55d6b41de19dafc672cf7ebc/element - {"using":"xpath","value":"//*[@id=\"__tile41\"]"}
RESULT: {"using":"xpath","value":"//*[@id=\"__tile41\"]"}
COMMAND: POST /session/39d2630e55d6b41de19dafc672cf7ebc/element/f.7175ED2F8B48EB9387EF736E08AAAD55.d.19CA3B7BF6C8D58A44F1177C8CE5CBF3.e.120/click - {}
RESULT: {}
COMMAND: GET /session/39d2630e55d6b41de19dafc672cf7ebc/screenshot - {}
RESULT: {}
COMMAND: POST /session/39d2630e55d6b41de19dafc672cf7ebc/execute/async - {"script":"<script> [1562 bytes]","args":[{"selector":{"controlType":"sap.ui.core.Icon","viewName":"etm.portal.ui.manageyards.view.Master","viewId":"application-manageyards-display-component---masterYard","properties":{"src":{"regex":{"source":"add"}}}},"wdio_ui5_key":"etmportal.ui.manageyards.view.Mastersap.ui.core.Icon{\"src\":{\"regex\":{\"source\":\"add\"}}}"}]}
RESULT: {"script":"<script> [1562 bytes]","args":[{"selector":{"controlType":"sap.ui.core.Icon","viewName":"etm.portal.ui.manageyards.view.Master","viewId":"application-manageyards-display-component---masterYard","properties":{"src":{"regex":{"source":"add"}}}},"wdio_ui5_key":"etmportal.ui.manageyards.view.Mastersap.ui.core.Icon{\"src\":{\"regex\":{\"source\":\"add\"}}}"}]}
RESULT: undefined
COMMAND: POST /session/39d2630e55d6b41de19dafc672cf7ebc/element - {"using":"xpath","value":"//*[@id=\"__button4-img\"]"}
RESULT: {"using":"xpath","value":"//*[@id=\"__button4-img\"]"}
COMMAND: POST /session/39d2630e55d6b41de19dafc672cf7ebc/element/f.7175ED2F8B48EB9387EF736E08AAAD55.d.19CA3B7BF6C8D58A44F1177C8CE5CBF3.e.168/click - {}
RESULT: {}
COMMAND: GET /session/39d2630e55d6b41de19dafc672cf7ebc/screenshot - {}
RESULT: {}
COMMAND: POST /session/39d2630e55d6b41de19dafc672cf7ebc/execute/async - {"script":"<script> [1562 bytes]","args":[{"selector":{"id":"application-manageyards-display-component---NewYard--yardId","interaction":{"idSuffix":"inner"}},"wdio_ui5_key":"applicationmanageyards-display-component---NewYard--yardId"}]}
RESULT: {"script":"<script> [1562 bytes]","args":[{"selector":{"id":"application-manageyards-display-component---NewYard--yardId","interaction":{"idSuffix":"inner"}},"wdio_ui5_key":"applicationmanageyards-display-component---NewYard--yardId"}]}
RESULT: undefined
COMMAND: POST /session/39d2630e55d6b41de19dafc672cf7ebc/element - {"using":"xpath","value":"//*[@id=\"application-manageyards-display-component---NewYard--addressDetailDetailsName1-inner\"]"}
RESULT: {"using":"xpath","value":"//*[@id=\"application-manageyards-display-component---NewYard--addressDetailDetailsName1-inner\"]"}
COMMAND: POST /session/39d2630e55d6b41de19dafc672cf7ebc/element/f.7175ED2F8B48EB9387EF736E08AAAD55.d.19CA3B7BF6C8D58A44F1177C8CE5CBF3.e.384/clear - {}
RESULT: {}
COMMAND: POST /session/39d2630e55d6b41de19dafc672cf7ebc/element/f.7175ED2F8B48EB9387EF736E08AAAD55.d.19CA3B7BF6C8D58A44F1177C8CE5CBF3.e.384/value - {"text":"WebdriverYardkro46"}
COMMAND: GET /session/39d2630e55d6b41de19dafc672cf7ebc/screenshot - {}
RESULT: {"text":"WebdriverYardkro46"}
COMMAND: POST /session/39d2630e55d6b41de19dafc672cf7ebc/element - {"using":"xpath","value":"//*[@id=\"application-manageyards-display-component---NewYard--addressDetailDetailsLanguage-inner\"]"}
COMMAND: GET /session/39d2630e55d6b41de19dafc672cf7ebc/screenshot - {}
RESULT: {}
RESULT: {"using":"xpath","value":"//*[@id=\"application-manageyards-display-component---NewYard--addressDetailDetailsLanguage-inner\"]"}
COMMAND: POST /session/39d2630e55d6b41de19dafc672cf7ebc/element/f.7175ED2F8B48EB9387EF736E08AAAD55.d.19CA3B7BF6C8D58A44F1177C8CE5CBF3.e.385/clear - {}
RESULT: {}
RESULT: {}
COMMAND: POST /session/39d2630e55d6b41de19dafc672cf7ebc/element/f.7175ED2F8B48EB9387EF736E08AAAD55.d.19CA3B7BF6C8D58A44F1177C8CE5CBF3.e.385/value - {"text":"Romanian"}
COMMAND: GET /session/39d2630e55d6b41de19dafc672cf7ebc/screenshot - {}
RESULT: {"text":"Romanian"}
COMMAND: POST /session/39d2630e55d6b41de19dafc672cf7ebc/element - {"using":"xpath","value":"//input[contains(@id ,\"application-manageyards-display-component---NewYard--addressDetailDetailsName1-inner\")]"}
COMMAND: GET /session/39d2630e55d6b41de19dafc672cf7ebc/screenshot - {}
RESULT: {}
RESULT: {"using":"xpath","value":"//input[contains(@id ,\"application-manageyards-display-component---NewYard--addressDetailDetailsName1-inner\")]"}
COMMAND: GET /session/39d2630e55d6b41de19dafc672cf7ebc/element/f.7175ED2F8B48EB9387EF736E08AAAD55.d.19CA3B7BF6C8D58A44F1177C8CE5CBF3.e.384/property/value - {}
RESULT: {}
RESULT: {}
COMMAND: GET /session/39d2630e55d6b41de19dafc672cf7ebc/screenshot - {}
RESULT: {}
COMMAND: POST /session/39d2630e55d6b41de19dafc672cf7ebc/element - {"using":"xpath","value":"//*[@id=\"application-manageyards-display-component---NewYard--addressDetailDetailsCity1-inner\"]"}
RESULT: {"using":"xpath","value":"//*[@id=\"application-manageyards-display-component---NewYard--addressDetailDetailsCity1-inner\"]"}
COMMAND: POST /session/39d2630e55d6b41de19dafc672cf7ebc/element/f.7175ED2F8B48EB9387EF736E08AAAD55.d.19CA3B7BF6C8D58A44F1177C8CE5CBF3.e.387/clear - {}
RESULT: {}
COMMAND: POST /session/39d2630e55d6b41de19dafc672cf7ebc/element/f.7175ED2F8B48EB9387EF736E08AAAD55.d.19CA3B7BF6C8D58A44F1177C8CE5CBF3.e.387/value - {"text":"Bucuresti"}
COMMAND: GET /session/39d2630e55d6b41de19dafc672cf7ebc/screenshot - {}
RESULT: {"text":"Bucuresti"}
COMMAND: GET /session/39d2630e55d6b41de19dafc672cf7ebc/screenshot - {}
RESULT: {}
RESULT: {}
COMMAND: POST /session/39d2630e55d6b41de19dafc672cf7ebc/element - {"using":"xpath","value":"//*[@id=\"application-manageyards-display-component---NewYard--addressDetailDetailsCountry-inner\"]"}
RESULT: {"using":"xpath","value":"//*[@id=\"application-manageyards-display-component---NewYard--addressDetailDetailsCountry-inner\"]"}
COMMAND: POST /session/39d2630e55d6b41de19dafc672cf7ebc/element/f.7175ED2F8B48EB9387EF736E08AAAD55.d.19CA3B7BF6C8D58A44F1177C8CE5CBF3.e.391/clear - {}
RESULT: {}
COMMAND: POST /session/39d2630e55d6b41de19dafc672cf7ebc/element/f.7175ED2F8B48EB9387EF736E08AAAD55.d.19CA3B7BF6C8D58A44F1177C8CE5CBF3.e.391/value - {"text":"Romania"}
COMMAND: GET /session/39d2630e55d6b41de19dafc672cf7ebc/screenshot - {}
RESULT: {"text":"Romania"}
COMMAND: GET /session/39d2630e55d6b41de19dafc672cf7ebc/screenshot - {}
RESULT: {}
RESULT: {}
COMMAND: POST /session/39d2630e55d6b41de19dafc672cf7ebc/element - {"using":"xpath","value":"//div[contains(text(), \"Commercial\")]"}
RESULT: {"using":"xpath","value":"//div[contains(text(), \"Commercial\")]"}
COMMAND: GET /session/39d2630e55d6b41de19dafc672cf7ebc/element/f.7175ED2F8B48EB9387EF736E08AAAD55.d.19CA3B7BF6C8D58A44F1177C8CE5CBF3.e.579/rect - {}
RESULT: {}
COMMAND: GET /session/39d2630e55d6b41de19dafc672cf7ebc/window/rect - {}
RESULT: {}
COMMAND: POST /session/39d2630e55d6b41de19dafc672cf7ebc/execute/sync - {"script":"<script> [92 bytes]","args":[]}
RESULT: {"script":"<script> [92 bytes]","args":[]}
COMMAND: POST /session/39d2630e55d6b41de19dafc672cf7ebc/actions - {"actions":[{"id":"action1","type":"wheel","parameters":{},"actions":[{"type":"scroll","x":-1841,"y":-44,"deltaX":0,"deltaY":0,"duration":0,"origin":{"element-6066-11e4-a52e-4f735466cecf":"f.7175ED2F8B48EB9387EF736E08AAAD55.d.19CA3B7BF6C8D58A44F1177C8CE5CBF3.e.579"}}]}]}
COMMAND: GET /session/39d2630e55d6b41de19dafc672cf7ebc/screenshot - {}
RESULT: {}
COMMAND: POST /session/39d2630e55d6b41de19dafc672cf7ebc/execute/sync - {"script":"<script> [79 bytes]","args":[{"element-6066-11e4-a52e-4f735466cecf":"f.7175ED2F8B48EB9387EF736E08AAAD55.d.19CA3B7BF6C8D58A44F1177C8CE5CBF3.e.579","ELEMENT":"f.7175ED2F8B48EB9387EF736E08AAAD55.d.19CA3B7BF6C8D58A44F1177C8CE5CBF3.e.579"},{"block":"start","inline":"nearest"}]}
RESULT: {"script":"<script> [79 bytes]","args":[{"element-6066-11e4-a52e-4f735466cecf":"f.7175ED2F8B48EB9387EF736E08AAAD55.d.19CA3B7BF6C8D58A44F1177C8CE5CBF3.e.579","ELEMENT":"f.7175ED2F8B48EB9387EF736E08AAAD55.d.19CA3B7BF6C8D58A44F1177C8CE5CBF3.e.579"},{"block":"start","inline":"nearest"}]}
COMMAND: GET /session/39d2630e55d6b41de19dafc672cf7ebc/screenshot - {}
RESULT: {}
COMMAND: POST /session/39d2630e55d6b41de19dafc672cf7ebc/execute/async - {"script":"<script> [1562 bytes]","args":[{"selector":{"id":"application-manageyards-display-component---NewYard--addressEditDetailsCostObjectCstType-arrow"},"wdio_ui5_key":"applicationmanageyards-display-component---NewYard--addressEditDetailsCostObjectCstType-arrow"}]}
RESULT: {"script":"<script> [1562 bytes]","args":[{"selector":{"id":"application-manageyards-display-component---NewYard--addressEditDetailsCostObjectCstType-arrow"},"wdio_ui5_key":"applicationmanageyards-display-component---NewYard--addressEditDetailsCostObjectCstType-arrow"}]}
RESULT: undefined
COMMAND: POST /session/39d2630e55d6b41de19dafc672cf7ebc/element - {"using":"xpath","value":"//*[@id=\"application-manageyards-display-component---NewYard--addressEditDetailsCostObjectCstType-arrow\"]"}
RESULT: {"using":"xpath","value":"//*[@id=\"application-manageyards-display-component---NewYard--addressEditDetailsCostObjectCstType-arrow\"]"}
COMMAND: POST /session/39d2630e55d6b41de19dafc672cf7ebc/element/f.7175ED2F8B48EB9387EF736E08AAAD55.d.19CA3B7BF6C8D58A44F1177C8CE5CBF3.e.587/click - {}
RESULT: {}
COMMAND: POST /session/39d2630e55d6b41de19dafc672cf7ebc/element - {"using":"xpath","value":"//span[contains(text(), \"Cost Center\")]"}
COMMAND: GET /session/39d2630e55d6b41de19dafc672cf7ebc/screenshot - {}
RESULT: {"using":"xpath","value":"//span[contains(text(), \"Cost Center\")]"}
COMMAND: POST /session/39d2630e55d6b41de19dafc672cf7ebc/element/f.7175ED2F8B48EB9387EF736E08AAAD55.d.19CA3B7BF6C8D58A44F1177C8CE5CBF3.e.588/click - {}
RESULT: {}
RESULT: {}
COMMAND: GET /session/39d2630e55d6b41de19dafc672cf7ebc/screenshot - {}
RESULT: {}
COMMAND: POST /session/39d2630e55d6b41de19dafc672cf7ebc/execute/async - {"script":"<script> [1562 bytes]","args":[{"selector":{"id":"application-manageyards-display-component---NewYard--addressNewCostObjectCstID-vhi"},"wdio_ui5_key":"applicationmanageyards-display-component---NewYard--addressNewCostObjectCstID-vhi"}]}
RESULT: {"script":"<script> [1562 bytes]","args":[{"selector":{"id":"application-manageyards-display-component---NewYard--addressNewCostObjectCstID-vhi"},"wdio_ui5_key":"applicationmanageyards-display-component---NewYard--addressNewCostObjectCstID-vhi"}]}
RESULT: undefined
COMMAND: POST /session/39d2630e55d6b41de19dafc672cf7ebc/element - {"using":"xpath","value":"//*[@id=\"application-manageyards-display-component---NewYard--addressNewCostObjectCstID-vhi\"]"}
RESULT: {"using":"xpath","value":"//*[@id=\"application-manageyards-display-component---NewYard--addressNewCostObjectCstID-vhi\"]"}
COMMAND: POST /session/39d2630e55d6b41de19dafc672cf7ebc/element/f.7175ED2F8B48EB9387EF736E08AAAD55.d.19CA3B7BF6C8D58A44F1177C8CE5CBF3.e.603/click - {}
RESULT: {}
COMMAND: GET /session/39d2630e55d6b41de19dafc672cf7ebc/screenshot - {}
RESULT: {}
COMMAND: POST /session/39d2630e55d6b41de19dafc672cf7ebc/execute/async - {"script":"<script> [1562 bytes]","args":[{"selector":{"controlType":"sap.m.SearchField","properties":{"placeholder":"Search"},"searchOpenDialogs":true,"interaction":{"idSuffix":"I"}},"wdio_ui5_key":"sapm.SearchField{\"placeholder\":\"Search\"}"}]}
RESULT: {"script":"<script> [1562 bytes]","args":[{"selector":{"controlType":"sap.m.SearchField","properties":{"placeholder":"Search"},"searchOpenDialogs":true,"interaction":{"idSuffix":"I"}},"wdio_ui5_key":"sapm.SearchField{\"placeholder\":\"Search\"}"}]}
RESULT: undefined
COMMAND: POST /session/39d2630e55d6b41de19dafc672cf7ebc/execute/async - {"script":"<script> [776 bytes]","args":[{"enterText":"10001013","selector":{"controlType":"sap.m.SearchField","properties":{"placeholder":"Search"},"searchOpenDialogs":true,"interaction":{"idSuffix":"I"}},"clearTextFirst":true,"interactionType":"ENTER_TEXT"}]}
RESULT: {"script":"<script> [776 bytes]","args":[{"enterText":"10001013","selector":{"controlType":"sap.m.SearchField","properties":{"placeholder":"Search"},"searchOpenDialogs":true,"interaction":{"idSuffix":"I"}},"clearTextFirst":true,"interactionType":"ENTER_TEXT"}]}
COMMAND: POST /session/39d2630e55d6b41de19dafc672cf7ebc/actions - {"actions":[{"id":"action2","type":"key","parameters":{},"actions":[{"type":"keyDown","value":"î€‡"},{"type":"pause","duration":10},{"type":"keyUp","value":"î€‡"}]}]}
RESULT: {"actions":[{"id":"action2","type":"key","parameters":{},"actions":[{"type":"keyDown","value":"î€‡"},{"type":"pause","duration":10},{"type":"keyUp","value":"î€‡"}]}]}
COMMAND: GET /session/39d2630e55d6b41de19dafc672cf7ebc/screenshot - {}
RESULT: {}
COMMAND: POST /session/39d2630e55d6b41de19dafc672cf7ebc/element - {"using":"xpath","value":"//span[contains(text(), \"General Management\")]"}
RESULT: {"using":"xpath","value":"//span[contains(text(), \"General Management\")]"}
COMMAND: POST /session/39d2630e55d6b41de19dafc672cf7ebc/element/f.7175ED2F8B48EB9387EF736E08AAAD55.d.19CA3B7BF6C8D58A44F1177C8CE5CBF3.e.643/click - {}
RESULT: {}
COMMAND: GET /session/39d2630e55d6b41de19dafc672cf7ebc/screenshot - {}
RESULT: {}
COMMAND: POST /session/39d2630e55d6b41de19dafc672cf7ebc/element - {"using":"xpath","value":"//bdi[contains(text(), \"OK\")]"}
RESULT: {"using":"xpath","value":"//bdi[contains(text(), \"OK\")]"}
COMMAND: POST /session/39d2630e55d6b41de19dafc672cf7ebc/element/f.7175ED2F8B48EB9387EF736E08AAAD55.d.19CA3B7BF6C8D58A44F1177C8CE5CBF3.e.644/click - {}
RESULT: {}
COMMAND: GET /session/39d2630e55d6b41de19dafc672cf7ebc/screenshot - {}
RESULT: {}
COMMAND: POST /session/39d2630e55d6b41de19dafc672cf7ebc/execute/async - {"script":"<script> [1562 bytes]","args":[{"selector":{"controlType":"sap.m.Button","viewName":"etm.portal.ui.manageyards.view.New","viewId":"application-manageyards-display-component---NewYard","i18NText":{"propertyName":"text","key":"save"},"interaction":{"idSuffix":"inner"}},"wdio_ui5_key":"etmportal.ui.manageyards.view.Newsap.m.Button{\"propertyName\":\"text\",\"key\":\"save\"}"}]}
RESULT: {"script":"<script> [1562 bytes]","args":[{"selector":{"controlType":"sap.m.Button","viewName":"etm.portal.ui.manageyards.view.New","viewId":"application-manageyards-display-component---NewYard","i18NText":{"propertyName":"text","key":"save"},"interaction":{"idSuffix":"inner"}},"wdio_ui5_key":"etmportal.ui.manageyards.view.Newsap.m.Button{\"propertyName\":\"text\",\"key\":\"save\"}"}]}
RESULT: undefined
COMMAND: POST /session/39d2630e55d6b41de19dafc672cf7ebc/element - {"using":"xpath","value":"//*[@id=\"__button18\"]"}
RESULT: {"using":"xpath","value":"//*[@id=\"__button18\"]"}
COMMAND: POST /session/39d2630e55d6b41de19dafc672cf7ebc/element/f.7175ED2F8B48EB9387EF736E08AAAD55.d.19CA3B7BF6C8D58A44F1177C8CE5CBF3.e.557/click - {}
RESULT: {}
COMMAND: GET /session/39d2630e55d6b41de19dafc672cf7ebc/screenshot - {}
RESULT: {}
COMMAND: POST /session/39d2630e55d6b41de19dafc672cf7ebc/element - {"using":"xpath","value":"//header/div/div[2]/div[2]/span"}
RESULT: {"using":"xpath","value":"//header/div/div[2]/div[2]/span"}
COMMAND: GET /session/39d2630e55d6b41de19dafc672cf7ebc/element/f.7175ED2F8B48EB9387EF736E08AAAD55.d.19CA3B7BF6C8D58A44F1177C8CE5CBF3.e.843/text - {}
RESULT: {}
COMMAND: POST /session/39d2630e55d6b41de19dafc672cf7ebc/execute/async - {"script":"<script> [1562 bytes]","args":[{"selector":{"controlType":"sap.m.OverflowToolbarButton","viewName":"etm.portal.ui.manageyards.view.Detail","viewId":"application-manageyards-display-component---detailYard","i18NText":{"propertyName":"tooltip","key":"closeColumn"},"interaction":{"idSuffix":"inner"}},"wdio_ui5_key":"etmportal.ui.manageyards.view.Detailsap.m.OverflowToolbarButton{\"propertyName\":\"tooltip\",\"key\":\"closeColumn\"}"}]}
RESULT: {"script":"<script> [1562 bytes]","args":[{"selector":{"controlType":"sap.m.OverflowToolbarButton","viewName":"etm.portal.ui.manageyards.view.Detail","viewId":"application-manageyards-display-component---detailYard","i18NText":{"propertyName":"tooltip","key":"closeColumn"},"interaction":{"idSuffix":"inner"}},"wdio_ui5_key":"etmportal.ui.manageyards.view.Detailsap.m.OverflowToolbarButton{\"propertyName\":\"tooltip\",\"key\":\"closeColumn\"}"}]}
RESULT: undefined
COMMAND: POST /session/39d2630e55d6b41de19dafc672cf7ebc/element - {"using":"xpath","value":"//*[@id=\"__button42\"]"}
RESULT: {"using":"xpath","value":"//*[@id=\"__button42\"]"}
COMMAND: POST /session/39d2630e55d6b41de19dafc672cf7ebc/element/f.7175ED2F8B48EB9387EF736E08AAAD55.d.19CA3B7BF6C8D58A44F1177C8CE5CBF3.e.845/click - {}
RESULT: {}
COMMAND: GET /session/39d2630e55d6b41de19dafc672cf7ebc/screenshot - {}
RESULT: {}
COMMAND: POST /session/39d2630e55d6b41de19dafc672cf7ebc/element - {"using":"css selector","value":"#shell-header-logo"}
RESULT: {"using":"css selector","value":"#shell-header-logo"}
COMMAND: POST /session/39d2630e55d6b41de19dafc672cf7ebc/element/f.7175ED2F8B48EB9387EF736E08AAAD55.d.19CA3B7BF6C8D58A44F1177C8CE5CBF3.e.123/click - {}
RESULT: {}
COMMAND: GET /session/39d2630e55d6b41de19dafc672cf7ebc/screenshot - {}
RESULT: {}
COMMAND: POST /session/39d2630e55d6b41de19dafc672cf7ebc/refresh - {}
RESULT: {}
COMMAND: GET /session/39d2630e55d6b41de19dafc672cf7ebc/screenshot - {}
RESULT: {}
COMMAND: POST /session/39d2630e55d6b41de19dafc672cf7ebc/execute/async - {"script":"<script> [189 bytes]","args":[]}
RESULT: {"script":"<script> [189 bytes]","args":[]}
COMMAND: POST /session/39d2630e55d6b41de19dafc672cf7ebc/execute/async - {"script":"<script> [123 bytes]","args":[]}
RESULT: {"script":"<script> [123 bytes]","args":[]}
COMMAND: POST /session/39d2630e55d6b41de19dafc672cf7ebc/timeouts - {"script":"<number>"}
RESULT: {"script":"<number>"}
COMMAND: GET /session/39d2630e55d6b41de19dafc672cf7ebc/timeouts - {}
RESULT: {}
RESULT: undefined
COMMAND: POST /session/39d2630e55d6b41de19dafc672cf7ebc/execute/async - {"script":"<script> [2676 bytes]","args":[]}
RESULT: {"script":"<script> [2676 bytes]","args":[]}
COMMAND: POST /session/39d2630e55d6b41de19dafc672cf7ebc/execute/async - {"script":"<script> [2342 bytes]","args":[{"protocol":"http","hostname":"0.0.0.0","path":"/","capabilities":{"browserName":"chrome","goog:chromeOptions":{"binary":"C:\\Program Files\\Google\\Chrome\\Application\\chrome.exe","args":["--start-maximized"]}},"logLevel":"warn","connectionRetryTimeout":120000,"connectionRetryCount":3,"logLevels":{},"enableDirectConnect":true,"strictSSL":true,"_":"65 more keys: [\"cacheDir\",\"port\",\"requestedCapabilities\",\"automationProtocol\",\"baseUrl\",\"waitforInterval\",\"waitforTimeout\",\"onReload\",\"beforeCommand\",\"afterCommand\",\"rootDir\",\"specs\",\"suites\",\"exclude\",\"groupLogsByTestSpec\",\"excludeDriverLogs\",\"bail\",\"framework\",\"reporters\",\"services\",\"maxInstances\",\"maxInstancesPerCapability\",\"injectGlobals\",\"filesToWatch\",\"execArgv\",\"runnerEnv\",\"runner\",\"shard\",\"specFileRetries\",\"specFileRetriesDelay\",\"specFileRetriesDeferred\",\"reporterSyncInterval\",\"reporterSyncTimeout\",\"cucumberFeaturesWithLineNumbers\",\"autoCompileOpts\",\"mochaOpts\",\"jasmineOpts\",\"cucumberOpts\",\"onPrepare\",\"onWorkerStart\",\"onWorkerEnd\",\"before\",\"beforeSession\",\"beforeSuite\",\"beforeHook\",\"beforeTest\",\"afterTest\",\"afterHook\",\"afterSuite\",\"afterSession\",\"after\",\"onComplete\",\"beforeAssertion\",\"afterAssertion\",\"beforeFeature\",\"beforeScenario\",\"beforeStep\",\"afterStep\",\"afterScenario\",\"afterFeature\",\"_\",\"suite\",\"$0\",\"ignoredWorkerServices\",\"wdi5\"]"}]}
RESULT: {"script":"<script> [2342 bytes]","args":[{"protocol":"http","hostname":"0.0.0.0","path":"/","capabilities":{"browserName":"chrome","goog:chromeOptions":{"binary":"C:\\Program Files\\Google\\Chrome\\Application\\chrome.exe","args":["--start-maximized"]}},"logLevel":"warn","connectionRetryTimeout":120000,"connectionRetryCount":3,"logLevels":{},"enableDirectConnect":true,"strictSSL":true,"_":"65 more keys: [\"cacheDir\",\"port\",\"requestedCapabilities\",\"automationProtocol\",\"baseUrl\",\"waitforInterval\",\"waitforTimeout\",\"onReload\",\"beforeCommand\",\"afterCommand\",\"rootDir\",\"specs\",\"suites\",\"exclude\",\"groupLogsByTestSpec\",\"excludeDriverLogs\",\"bail\",\"framework\",\"reporters\",\"services\",\"maxInstances\",\"maxInstancesPerCapability\",\"injectGlobals\",\"filesToWatch\",\"execArgv\",\"runnerEnv\",\"runner\",\"shard\",\"specFileRetries\",\"specFileRetriesDelay\",\"specFileRetriesDeferred\",\"reporterSyncInterval\",\"reporterSyncTimeout\",\"cucumberFeaturesWithLineNumbers\",\"autoCompileOpts\",\"mochaOpts\",\"jasmineOpts\",\"cucumberOpts\",\"onPrepare\",\"onWorkerStart\",\"onWorkerEnd\",\"before\",\"beforeSession\",\"beforeSuite\",\"beforeHook\",\"beforeTest\",\"afterTest\",\"afterHook\",\"afterSuite\",\"afterSession\",\"after\",\"onComplete\",\"beforeAssertion\",\"afterAssertion\",\"beforeFeature\",\"beforeScenario\",\"beforeStep\",\"afterStep\",\"afterScenario\",\"afterFeature\",\"_\",\"suite\",\"$0\",\"ignoredWorkerServices\",\"wdi5\"]"}]}
COMMAND: POST /session/39d2630e55d6b41de19dafc672cf7ebc/execute/async - {"script":"<script> [21126 bytes]","args":[35000]}
RESULT: {"script":"<script> [21126 bytes]","args":[35000]}
COMMAND: POST /session/39d2630e55d6b41de19dafc672cf7ebc/execute/async - {"script":"<script> [1562 bytes]","args":[{"selector":{"controlType":"sap.m.GenericTile","properties":{"header":"Manage Partners"}},"wdio_ui5_key":"sapm.GenericTile{\"header\":\"Manage Partners\"}"}]}
RESULT: {"script":"<script> [1562 bytes]","args":[{"selector":{"controlType":"sap.m.GenericTile","properties":{"header":"Manage Partners"}},"wdio_ui5_key":"sapm.GenericTile{\"header\":\"Manage Partners\"}"}]}
RESULT: undefined
COMMAND: POST /session/39d2630e55d6b41de19dafc672cf7ebc/element - {"using":"xpath","value":"//*[@id=\"__tile38\"]"}
RESULT: {"using":"xpath","value":"//*[@id=\"__tile38\"]"}
COMMAND: POST /session/39d2630e55d6b41de19dafc672cf7ebc/element/f.7175ED2F8B48EB9387EF736E08AAAD55.d.F595762C30430EC5CCEB1E778137C78D.e.1192/click - {}
RESULT: {}
COMMAND: GET /session/39d2630e55d6b41de19dafc672cf7ebc/screenshot - {}
RESULT: {}
COMMAND: POST /session/39d2630e55d6b41de19dafc672cf7ebc/execute/async - {"script":"<script> [1562 bytes]","args":[{"selector":{"controlType":"sap.ui.core.Icon","viewName":"etm.portal.ui.managepartners.view.Master","viewId":"application-managepartners-display-component---masterPtm","properties":{"src":{"regex":{"source":"add"}}}},"wdio_ui5_key":"etmportal.ui.managepartners.view.Mastersap.ui.core.Icon{\"src\":{\"regex\":{\"source\":\"add\"}}}"}]}
RESULT: {"script":"<script> [1562 bytes]","args":[{"selector":{"controlType":"sap.ui.core.Icon","viewName":"etm.portal.ui.managepartners.view.Master","viewId":"application-managepartners-display-component---masterPtm","properties":{"src":{"regex":{"source":"add"}}}},"wdio_ui5_key":"etmportal.ui.managepartners.view.Mastersap.ui.core.Icon{\"src\":{\"regex\":{\"source\":\"add\"}}}"}]}
RESULT: undefined
COMMAND: POST /session/39d2630e55d6b41de19dafc672cf7ebc/element - {"using":"xpath","value":"//*[@id=\"__button4-img\"]"}
RESULT: {"using":"xpath","value":"//*[@id=\"__button4-img\"]"}
COMMAND: POST /session/39d2630e55d6b41de19dafc672cf7ebc/element/f.7175ED2F8B48EB9387EF736E08AAAD55.d.F595762C30430EC5CCEB1E778137C78D.e.1243/click - {}
RESULT: {}
COMMAND: GET /session/39d2630e55d6b41de19dafc672cf7ebc/screenshot - {}
RESULT: {}
COMMAND: POST /session/39d2630e55d6b41de19dafc672cf7ebc/execute/async - {"script":"<script> [1562 bytes]","args":[{"selector":{"id":"application-managepartners-display-component---NewPartner--partnerId","interaction":{"idSuffix":"inner"}},"wdio_ui5_key":"applicationmanagepartners-display-component---NewPartner--partnerId"}]}
RESULT: {"script":"<script> [1562 bytes]","args":[{"selector":{"id":"application-managepartners-display-component---NewPartner--partnerId","interaction":{"idSuffix":"inner"}},"wdio_ui5_key":"applicationmanagepartners-display-component---NewPartner--partnerId"}]}
RESULT: undefined
COMMAND: POST /session/39d2630e55d6b41de19dafc672cf7ebc/execute/async - {"script":"<script> [1562 bytes]","args":[{"selector":{"id":"application-managepartners-display-component---NewPartner--addressDetailDetailsName1","interaction":{"idSuffix":"inner"}},"wdio_ui5_key":"applicationmanagepartners-display-component---NewPartner--addressDetailDetailsName1"}]}
RESULT: {"script":"<script> [1562 bytes]","args":[{"selector":{"id":"application-managepartners-display-component---NewPartner--addressDetailDetailsName1","interaction":{"idSuffix":"inner"}},"wdio_ui5_key":"applicationmanagepartners-display-component---NewPartner--addressDetailDetailsName1"}]}
RESULT: undefined
COMMAND: POST /session/39d2630e55d6b41de19dafc672cf7ebc/execute/async - {"script":"<script> [776 bytes]","args":[{"enterText":"WebdriverPartnern8pbd","selector":{"id":"application-managepartners-display-component---NewPartner--addressDetailDetailsName1","interaction":{"idSuffix":"inner"}},"clearTextFirst":true,"interactionType":"ENTER_TEXT"}]}
RESULT: {"script":"<script> [776 bytes]","args":[{"enterText":"WebdriverPartnern8pbd","selector":{"id":"application-managepartners-display-component---NewPartner--addressDetailDetailsName1","interaction":{"idSuffix":"inner"}},"clearTextFirst":true,"interactionType":"ENTER_TEXT"}]}
COMMAND: POST /session/39d2630e55d6b41de19dafc672cf7ebc/execute/async - {"script":"<script> [1562 bytes]","args":[{"selector":{"id":"application-managepartners-display-component---NewPartner--addressDetailDetailsLanguage","interaction":{"idSuffix":"inner"}},"wdio_ui5_key":"applicationmanagepartners-display-component---NewPartner--addressDetailDetailsLanguage"}]}
RESULT: {"script":"<script> [1562 bytes]","args":[{"selector":{"id":"application-managepartners-display-component---NewPartner--addressDetailDetailsLanguage","interaction":{"idSuffix":"inner"}},"wdio_ui5_key":"applicationmanagepartners-display-component---NewPartner--addressDetailDetailsLanguage"}]}
RESULT: undefined
COMMAND: POST /session/39d2630e55d6b41de19dafc672cf7ebc/execute/async - {"script":"<script> [776 bytes]","args":[{"enterText":"Romanian","selector":{"id":"application-managepartners-display-component---NewPartner--addressDetailDetailsLanguage","interaction":{"idSuffix":"inner"}},"clearTextFirst":true,"interactionType":"ENTER_TEXT"}]}
RESULT: {"script":"<script> [776 bytes]","args":[{"enterText":"Romanian","selector":{"id":"application-managepartners-display-component---NewPartner--addressDetailDetailsLanguage","interaction":{"idSuffix":"inner"}},"clearTextFirst":true,"interactionType":"ENTER_TEXT"}]}
COMMAND: POST /session/39d2630e55d6b41de19dafc672cf7ebc/element - {"using":"xpath","value":"//input[contains(@id ,\"application-managepartners-display-component---NewPartner--addressDetailDetailsName1-inner\")]"}
RESULT: {"using":"xpath","value":"//input[contains(@id ,\"application-managepartners-display-component---NewPartner--addressDetailDetailsName1-inner\")]"}
COMMAND: GET /session/39d2630e55d6b41de19dafc672cf7ebc/element/f.7175ED2F8B48EB9387EF736E08AAAD55.d.F595762C30430EC5CCEB1E778137C78D.e.1453/property/value - {}
RESULT: {}
COMMAND: POST /session/39d2630e55d6b41de19dafc672cf7ebc/execute/async - {"script":"<script> [1562 bytes]","args":[{"selector":{"id":"application-managepartners-display-component---NewPartner--addressDetailDetailsCity1","interaction":{"idSuffix":"inner"}},"wdio_ui5_key":"applicationmanagepartners-display-component---NewPartner--addressDetailDetailsCity1"}]}
COMMAND: GET /session/39d2630e55d6b41de19dafc672cf7ebc/screenshot - {}
RESULT: {"script":"<script> [1562 bytes]","args":[{"selector":{"id":"application-managepartners-display-component---NewPartner--addressDetailDetailsCity1","interaction":{"idSuffix":"inner"}},"wdio_ui5_key":"applicationmanagepartners-display-component---NewPartner--addressDetailDetailsCity1"}]}
RESULT: undefined
COMMAND: POST /session/39d2630e55d6b41de19dafc672cf7ebc/execute/async - {"script":"<script> [776 bytes]","args":[{"enterText":"Bucharest","selector":{"id":"application-managepartners-display-component---NewPartner--addressDetailDetailsCity1","interaction":{"idSuffix":"inner"}},"clearTextFirst":true,"interactionType":"ENTER_TEXT"}]}
RESULT: {}
RESULT: {"script":"<script> [776 bytes]","args":[{"enterText":"Bucharest","selector":{"id":"application-managepartners-display-component---NewPartner--addressDetailDetailsCity1","interaction":{"idSuffix":"inner"}},"clearTextFirst":true,"interactionType":"ENTER_TEXT"}]}
COMMAND: POST /session/39d2630e55d6b41de19dafc672cf7ebc/execute/async - {"script":"<script> [1562 bytes]","args":[{"selector":{"id":"application-managepartners-display-component---NewPartner--addressDetailDetailsCountry","interaction":{"idSuffix":"inner"}},"wdio_ui5_key":"applicationmanagepartners-display-component---NewPartner--addressDetailDetailsCountry"}]}
RESULT: {"script":"<script> [1562 bytes]","args":[{"selector":{"id":"application-managepartners-display-component---NewPartner--addressDetailDetailsCountry","interaction":{"idSuffix":"inner"}},"wdio_ui5_key":"applicationmanagepartners-display-component---NewPartner--addressDetailDetailsCountry"}]}
RESULT: undefined
COMMAND: POST /session/39d2630e55d6b41de19dafc672cf7ebc/execute/async - {"script":"<script> [6424 bytes]","args":[{"element-6066-11e4-a52e-4f735466cecf":"f.7175ED2F8B48EB9387EF736E08AAAD55.d.F595762C30430EC5CCEB1E778137C78D.e.1460"},"setValue",["Romania"]]}
RESULT: {"script":"<script> [6424 bytes]","args":[{"element-6066-11e4-a52e-4f735466cecf":"f.7175ED2F8B48EB9387EF736E08AAAD55.d.F595762C30430EC5CCEB1E778137C78D.e.1460"},"setValue",["Romania"]]}
COMMAND: POST /session/39d2630e55d6b41de19dafc672cf7ebc/execute/async - {"script":"<script> [1562 bytes]","args":[{"selector":{"id":"application-managepartners-display-component---NewPartner--partnerDetailInternal","interaction":{"idSuffix":"inner"}},"wdio_ui5_key":"applicationmanagepartners-display-component---NewPartner--partnerDetailInternal"}]}
RESULT: {"script":"<script> [1562 bytes]","args":[{"selector":{"id":"application-managepartners-display-component---NewPartner--partnerDetailInternal","interaction":{"idSuffix":"inner"}},"wdio_ui5_key":"applicationmanagepartners-display-component---NewPartner--partnerDetailInternal"}]}
RESULT: undefined
COMMAND: POST /session/39d2630e55d6b41de19dafc672cf7ebc/execute/async - {"script":"<script> [776 bytes]","args":[{"enterText":"External partner","selector":{"id":"application-managepartners-display-component---NewPartner--partnerDetailInternal","interaction":{"idSuffix":"inner"}},"clearTextFirst":true,"interactionType":"ENTER_TEXT"}]}
RESULT: {"script":"<script> [776 bytes]","args":[{"enterText":"External partner","selector":{"id":"application-managepartners-display-component---NewPartner--partnerDetailInternal","interaction":{"idSuffix":"inner"}},"clearTextFirst":true,"interactionType":"ENTER_TEXT"}]}
COMMAND: POST /session/39d2630e55d6b41de19dafc672cf7ebc/execute/async - {"script":"<script> [1562 bytes]","args":[{"selector":{"id":"application-managepartners-display-component---NewPartner--partnerDetailsCurrency","interaction":{"idSuffix":"inner"}},"wdio_ui5_key":"applicationmanagepartners-display-component---NewPartner--partnerDetailsCurrency"}]}
RESULT: {"script":"<script> [1562 bytes]","args":[{"selector":{"id":"application-managepartners-display-component---NewPartner--partnerDetailsCurrency","interaction":{"idSuffix":"inner"}},"wdio_ui5_key":"applicationmanagepartners-display-component---NewPartner--partnerDetailsCurrency"}]}
RESULT: undefined
COMMAND: POST /session/39d2630e55d6b41de19dafc672cf7ebc/execute/async - {"script":"<script> [776 bytes]","args":[{"enterText":"Euro","selector":{"id":"application-managepartners-display-component---NewPartner--partnerDetailsCurrency","interaction":{"idSuffix":"inner"}},"clearTextFirst":true,"interactionType":"ENTER_TEXT"}]}
RESULT: {"script":"<script> [776 bytes]","args":[{"enterText":"Euro","selector":{"id":"application-managepartners-display-component---NewPartner--partnerDetailsCurrency","interaction":{"idSuffix":"inner"}},"clearTextFirst":true,"interactionType":"ENTER_TEXT"}]}
COMMAND: POST /session/39d2630e55d6b41de19dafc672cf7ebc/execute/async - {"script":"<script> [1562 bytes]","args":[{"selector":{"controlType":"sap.m.Button","viewName":"etm.portal.ui.managepartners.view.NewPartner","viewId":"application-managepartners-display-component---NewPartner","properties":{"text":"Commercial"},"interaction":{"idSuffix":"BDI-content"}},"wdio_ui5_key":"etmportal.ui.managepartners.view.NewPartnersap.m.Button{\"text\":\"Commercial\"}"}]}
RESULT: {"script":"<script> [1562 bytes]","args":[{"selector":{"controlType":"sap.m.Button","viewName":"etm.portal.ui.managepartners.view.NewPartner","viewId":"application-managepartners-display-component---NewPartner","properties":{"text":"Commercial"},"interaction":{"idSuffix":"BDI-content"}},"wdio_ui5_key":"etmportal.ui.managepartners.view.NewPartnersap.m.Button{\"text\":\"Commercial\"}"}]}
RESULT: undefined
COMMAND: POST /session/39d2630e55d6b41de19dafc672cf7ebc/element - {"using":"xpath","value":"//*[@id=\"application-managepartners-display-component---NewPartner--ObjectPageLayout-anchBar-__section5-anchor\"]"}
RESULT: {"using":"xpath","value":"//*[@id=\"application-managepartners-display-component---NewPartner--ObjectPageLayout-anchBar-__section5-anchor\"]"}
COMMAND: POST /session/39d2630e55d6b41de19dafc672cf7ebc/element/f.7175ED2F8B48EB9387EF736E08AAAD55.d.F595762C30430EC5CCEB1E778137C78D.e.1674/click - {}
RESULT: {}
COMMAND: GET /session/39d2630e55d6b41de19dafc672cf7ebc/screenshot - {}
RESULT: {}
COMMAND: POST /session/39d2630e55d6b41de19dafc672cf7ebc/execute/async - {"script":"<script> [1562 bytes]","args":[{"selector":{"id":"application-managepartners-display-component---NewPartner--btnAddTableRow-img"},"wdio_ui5_key":"applicationmanagepartners-display-component---NewPartner--btnAddTableRow-img"}]}
RESULT: {"script":"<script> [1562 bytes]","args":[{"selector":{"id":"application-managepartners-display-component---NewPartner--btnAddTableRow-img"},"wdio_ui5_key":"applicationmanagepartners-display-component---NewPartner--btnAddTableRow-img"}]}
RESULT: undefined
COMMAND: POST /session/39d2630e55d6b41de19dafc672cf7ebc/element - {"using":"xpath","value":"//*[@id=\"application-managepartners-display-component---NewPartner--btnAddTableRow-img\"]"}
RESULT: {"using":"xpath","value":"//*[@id=\"application-managepartners-display-component---NewPartner--btnAddTableRow-img\"]"}
COMMAND: POST /session/39d2630e55d6b41de19dafc672cf7ebc/element/f.7175ED2F8B48EB9387EF736E08AAAD55.d.F595762C30430EC5CCEB1E778137C78D.e.1680/click - {}
RESULT: {}
COMMAND: POST /session/39d2630e55d6b41de19dafc672cf7ebc/element - {"using":"xpath","value":"//input[contains(@id ,\"application-managepartners-display-component---NewPartner--assignmentYard-application-managepartners-display-component---NewPartner\")]"}
COMMAND: GET /session/39d2630e55d6b41de19dafc672cf7ebc/screenshot - {}
RESULT: {"using":"xpath","value":"//input[contains(@id ,\"application-managepartners-display-component---NewPartner--assignmentYard-application-managepartners-display-component---NewPartner\")]"}
COMMAND: POST /session/39d2630e55d6b41de19dafc672cf7ebc/element/f.7175ED2F8B48EB9387EF736E08AAAD55.d.F595762C30430EC5CCEB1E778137C78D.e.1683/clear - {}
RESULT: {}
RESULT: {}
COMMAND: POST /session/39d2630e55d6b41de19dafc672cf7ebc/element/f.7175ED2F8B48EB9387EF736E08AAAD55.d.F595762C30430EC5CCEB1E778137C78D.e.1683/value - {"text":"427"}
COMMAND: GET /session/39d2630e55d6b41de19dafc672cf7ebc/screenshot - {}
RESULT: {"text":"427"}
COMMAND: GET /session/39d2630e55d6b41de19dafc672cf7ebc/screenshot - {}
RESULT: {}
RESULT: {}
COMMAND: POST /session/39d2630e55d6b41de19dafc672cf7ebc/execute/async - {"script":"<script> [1562 bytes]","args":[{"selector":{"controlType":"sap.m.Button","viewName":"etm.portal.ui.managepartners.view.NewPartner","viewId":"application-managepartners-display-component---NewPartner","i18NText":{"propertyName":"text","key":"save"},"interaction":{"idSuffix":"BDI-content"}},"wdio_ui5_key":"etmportal.ui.managepartners.view.NewPartnersap.m.Button{\"propertyName\":\"text\",\"key\":\"save\"}"}]}
RESULT: {"script":"<script> [1562 bytes]","args":[{"selector":{"controlType":"sap.m.Button","viewName":"etm.portal.ui.managepartners.view.NewPartner","viewId":"application-managepartners-display-component---NewPartner","i18NText":{"propertyName":"text","key":"save"},"interaction":{"idSuffix":"BDI-content"}},"wdio_ui5_key":"etmportal.ui.managepartners.view.NewPartnersap.m.Button{\"propertyName\":\"text\",\"key\":\"save\"}"}]}
RESULT: undefined
COMMAND: POST /session/39d2630e55d6b41de19dafc672cf7ebc/element - {"using":"xpath","value":"//*[@id=\"__button12\"]"}
RESULT: {"using":"xpath","value":"//*[@id=\"__button12\"]"}
COMMAND: POST /session/39d2630e55d6b41de19dafc672cf7ebc/element/f.7175ED2F8B48EB9387EF736E08AAAD55.d.F595762C30430EC5CCEB1E778137C78D.e.1614/click - {}
RESULT: {}
COMMAND: GET /session/39d2630e55d6b41de19dafc672cf7ebc/screenshot - {}
RESULT: {}
COMMAND: POST /session/39d2630e55d6b41de19dafc672cf7ebc/element - {"using":"xpath","value":"//header/div/div[2]/div[2]/span"}
RESULT: {"using":"xpath","value":"//header/div/div[2]/div[2]/span"}
COMMAND: GET /session/39d2630e55d6b41de19dafc672cf7ebc/element/f.7175ED2F8B48EB9387EF736E08AAAD55.d.F595762C30430EC5CCEB1E778137C78D.e.1856/text - {}
RESULT: {}
COMMAND: POST /session/39d2630e55d6b41de19dafc672cf7ebc/element - {"using":"xpath","value":"//header/div/div/div/div/div/div[2]/div/span"}
RESULT: {"using":"xpath","value":"//header/div/div/div/div/div/div[2]/div/span"}
COMMAND: GET /session/39d2630e55d6b41de19dafc672cf7ebc/element/f.7175ED2F8B48EB9387EF736E08AAAD55.d.F595762C30430EC5CCEB1E778137C78D.e.1857/text - {}
RESULT: {}
COMMAND: POST /session/39d2630e55d6b41de19dafc672cf7ebc/execute/async - {"script":"<script> [1562 bytes]","args":[{"selector":{"id":"application-managepartners-display-component---detailPtm--partnerType"},"wdio_ui5_key":"applicationmanagepartners-display-component---detailPtm--partnerType"}]}
RESULT: {"script":"<script> [1562 bytes]","args":[{"selector":{"id":"application-managepartners-display-component---detailPtm--partnerType"},"wdio_ui5_key":"applicationmanagepartners-display-component---detailPtm--partnerType"}]}
RESULT: undefined
COMMAND: POST /session/39d2630e55d6b41de19dafc672cf7ebc/execute/async - {"script":"<script> [6424 bytes]","args":[{"element-6066-11e4-a52e-4f735466cecf":"f.7175ED2F8B48EB9387EF736E08AAAD55.d.F595762C30430EC5CCEB1E778137C78D.e.1858"},"getText",[]]}
RESULT: {"script":"<script> [6424 bytes]","args":[{"element-6066-11e4-a52e-4f735466cecf":"f.7175ED2F8B48EB9387EF736E08AAAD55.d.F595762C30430EC5CCEB1E778137C78D.e.1858"},"getText",[]]}
COMMAND: POST /session/39d2630e55d6b41de19dafc672cf7ebc/element - {"using":"css selector","value":"#shell-header-logo"}
RESULT: {"using":"css selector","value":"#shell-header-logo"}
COMMAND: POST /session/39d2630e55d6b41de19dafc672cf7ebc/element/f.7175ED2F8B48EB9387EF736E08AAAD55.d.F595762C30430EC5CCEB1E778137C78D.e.1195/click - {}
RESULT: {}
COMMAND: GET /session/39d2630e55d6b41de19dafc672cf7ebc/screenshot - {}
RESULT: {}
COMMAND: POST /session/39d2630e55d6b41de19dafc672cf7ebc/execute/async - {"script":"<script> [1562 bytes]","args":[{"selector":{"controlType":"sap.m.GenericTile","properties":{"header":"Manage Sites"}},"wdio_ui5_key":"sapm.GenericTile{\"header\":\"Manage Sites\"}"}]}
RESULT: {"script":"<script> [1562 bytes]","args":[{"selector":{"controlType":"sap.m.GenericTile","properties":{"header":"Manage Sites"}},"wdio_ui5_key":"sapm.GenericTile{\"header\":\"Manage Sites\"}"}]}
RESULT: undefined
COMMAND: POST /session/39d2630e55d6b41de19dafc672cf7ebc/element - {"using":"xpath","value":"//*[@id=\"__tile40\"]"}
RESULT: {"using":"xpath","value":"//*[@id=\"__tile40\"]"}
COMMAND: POST /session/39d2630e55d6b41de19dafc672cf7ebc/element/f.7175ED2F8B48EB9387EF736E08AAAD55.d.F595762C30430EC5CCEB1E778137C78D.e.1860/click - {}
RESULT: {}
COMMAND: GET /session/39d2630e55d6b41de19dafc672cf7ebc/screenshot - {}
RESULT: {}
COMMAND: POST /session/39d2630e55d6b41de19dafc672cf7ebc/execute/async - {"script":"<script> [1562 bytes]","args":[{"selector":{"controlType":"sap.ui.core.Icon","viewName":"etm.portal.ui.managesites.view.Master","viewId":"application-managesites-display-component---masterSite","properties":{"src":{"regex":{"source":"add"}}}},"wdio_ui5_key":"etmportal.ui.managesites.view.Mastersap.ui.core.Icon{\"src\":{\"regex\":{\"source\":\"add\"}}}"}]}
RESULT: {"script":"<script> [1562 bytes]","args":[{"selector":{"controlType":"sap.ui.core.Icon","viewName":"etm.portal.ui.managesites.view.Master","viewId":"application-managesites-display-component---masterSite","properties":{"src":{"regex":{"source":"add"}}}},"wdio_ui5_key":"etmportal.ui.managesites.view.Mastersap.ui.core.Icon{\"src\":{\"regex\":{\"source\":\"add\"}}}"}]}
RESULT: undefined
COMMAND: POST /session/39d2630e55d6b41de19dafc672cf7ebc/element - {"using":"xpath","value":"//*[@id=\"__button52-img\"]"}
RESULT: {"using":"xpath","value":"//*[@id=\"__button52-img\"]"}
COMMAND: POST /session/39d2630e55d6b41de19dafc672cf7ebc/element/f.7175ED2F8B48EB9387EF736E08AAAD55.d.F595762C30430EC5CCEB1E778137C78D.e.1907/click - {}
RESULT: {}
COMMAND: POST /session/39d2630e55d6b41de19dafc672cf7ebc/execute/async - {"script":"<script> [1562 bytes]","args":[{"selector":{"id":"application-managesites-display-component---NewSite--siteId","interaction":{"idSuffix":"inner"}},"wdio_ui5_key":"applicationmanagesites-display-component---NewSite--siteId"}]}
COMMAND: GET /session/39d2630e55d6b41de19dafc672cf7ebc/screenshot - {}
RESULT: {"script":"<script> [1562 bytes]","args":[{"selector":{"id":"application-managesites-display-component---NewSite--siteId","interaction":{"idSuffix":"inner"}},"wdio_ui5_key":"applicationmanagesites-display-component---NewSite--siteId"}]}
RESULT: undefined
COMMAND: POST /session/39d2630e55d6b41de19dafc672cf7ebc/execute/async - {"script":"<script> [1562 bytes]","args":[{"selector":{"id":"application-managesites-display-component---NewSite--addressDetailDetailsName1","interaction":{"idSuffix":"inner"}},"wdio_ui5_key":"applicationmanagesites-display-component---NewSite--addressDetailDetailsName1"}]}
RESULT: {}
RESULT: {"script":"<script> [1562 bytes]","args":[{"selector":{"id":"application-managesites-display-component---NewSite--addressDetailDetailsName1","interaction":{"idSuffix":"inner"}},"wdio_ui5_key":"applicationmanagesites-display-component---NewSite--addressDetailDetailsName1"}]}
RESULT: undefined
COMMAND: POST /session/39d2630e55d6b41de19dafc672cf7ebc/execute/async - {"script":"<script> [776 bytes]","args":[{"enterText":"WebdriverSitew0yg9h","selector":{"id":"application-managesites-display-component---NewSite--addressDetailDetailsName1","interaction":{"idSuffix":"inner"}},"clearTextFirst":true,"interactionType":"ENTER_TEXT"}]}
RESULT: {"script":"<script> [776 bytes]","args":[{"enterText":"WebdriverSitew0yg9h","selector":{"id":"application-managesites-display-component---NewSite--addressDetailDetailsName1","interaction":{"idSuffix":"inner"}},"clearTextFirst":true,"interactionType":"ENTER_TEXT"}]}
COMMAND: POST /session/39d2630e55d6b41de19dafc672cf7ebc/execute/async - {"script":"<script> [1562 bytes]","args":[{"selector":{"id":"application-managesites-display-component---NewSite--addressDetailDetailsLanguage","interaction":{"idSuffix":"inner"}},"wdio_ui5_key":"applicationmanagesites-display-component---NewSite--addressDetailDetailsLanguage"}]}
RESULT: {"script":"<script> [1562 bytes]","args":[{"selector":{"id":"application-managesites-display-component---NewSite--addressDetailDetailsLanguage","interaction":{"idSuffix":"inner"}},"wdio_ui5_key":"applicationmanagesites-display-component---NewSite--addressDetailDetailsLanguage"}]}
RESULT: undefined
COMMAND: POST /session/39d2630e55d6b41de19dafc672cf7ebc/execute/async - {"script":"<script> [776 bytes]","args":[{"enterText":"Romanian","selector":{"id":"application-managesites-display-component---NewSite--addressDetailDetailsLanguage","interaction":{"idSuffix":"inner"}},"clearTextFirst":true,"interactionType":"ENTER_TEXT"}]}
RESULT: {"script":"<script> [776 bytes]","args":[{"enterText":"Romanian","selector":{"id":"application-managesites-display-component---NewSite--addressDetailDetailsLanguage","interaction":{"idSuffix":"inner"}},"clearTextFirst":true,"interactionType":"ENTER_TEXT"}]}
COMMAND: POST /session/39d2630e55d6b41de19dafc672cf7ebc/execute/async - {"script":"<script> [1562 bytes]","args":[{"selector":{"id":"application-managesites-display-component---NewSite--addressDetailDetailsCity1","interaction":{"idSuffix":"inner"}},"wdio_ui5_key":"applicationmanagesites-display-component---NewSite--addressDetailDetailsCity1"}]}
RESULT: {"script":"<script> [1562 bytes]","args":[{"selector":{"id":"application-managesites-display-component---NewSite--addressDetailDetailsCity1","interaction":{"idSuffix":"inner"}},"wdio_ui5_key":"applicationmanagesites-display-component---NewSite--addressDetailDetailsCity1"}]}
RESULT: undefined
COMMAND: POST /session/39d2630e55d6b41de19dafc672cf7ebc/execute/async - {"script":"<script> [776 bytes]","args":[{"enterText":"Bucharest","selector":{"id":"application-managesites-display-component---NewSite--addressDetailDetailsCity1","interaction":{"idSuffix":"inner"}},"clearTextFirst":true,"interactionType":"ENTER_TEXT"}]}
RESULT: {"script":"<script> [776 bytes]","args":[{"enterText":"Bucharest","selector":{"id":"application-managesites-display-component---NewSite--addressDetailDetailsCity1","interaction":{"idSuffix":"inner"}},"clearTextFirst":true,"interactionType":"ENTER_TEXT"}]}
COMMAND: POST /session/39d2630e55d6b41de19dafc672cf7ebc/execute/async - {"script":"<script> [1562 bytes]","args":[{"selector":{"id":"application-managesites-display-component---NewSite--addressDetailDetailsCountry","interaction":{"idSuffix":"inner"}},"wdio_ui5_key":"applicationmanagesites-display-component---NewSite--addressDetailDetailsCountry"}]}
RESULT: {"script":"<script> [1562 bytes]","args":[{"selector":{"id":"application-managesites-display-component---NewSite--addressDetailDetailsCountry","interaction":{"idSuffix":"inner"}},"wdio_ui5_key":"applicationmanagesites-display-component---NewSite--addressDetailDetailsCountry"}]}
RESULT: undefined
COMMAND: POST /session/39d2630e55d6b41de19dafc672cf7ebc/execute/async - {"script":"<script> [776 bytes]","args":[{"enterText":"Romania","selector":{"id":"application-managesites-display-component---NewSite--addressDetailDetailsCountry","interaction":{"idSuffix":"inner"}},"clearTextFirst":true,"interactionType":"ENTER_TEXT"}]}
RESULT: {"script":"<script> [776 bytes]","args":[{"enterText":"Romania","selector":{"id":"application-managesites-display-component---NewSite--addressDetailDetailsCountry","interaction":{"idSuffix":"inner"}},"clearTextFirst":true,"interactionType":"ENTER_TEXT"}]}
COMMAND: POST /session/39d2630e55d6b41de19dafc672cf7ebc/element - {"using":"css selector","value":"#application-managesites-display-component---NewSite--addressDetailDetailsCalendar-inner"}
RESULT: {"using":"css selector","value":"#application-managesites-display-component---NewSite--addressDetailDetailsCalendar-inner"}
COMMAND: POST /session/39d2630e55d6b41de19dafc672cf7ebc/element/f.7175ED2F8B48EB9387EF736E08AAAD55.d.F595762C30430EC5CCEB1E778137C78D.e.2100/clear - {}
RESULT: {}
COMMAND: POST /session/39d2630e55d6b41de19dafc672cf7ebc/element/f.7175ED2F8B48EB9387EF736E08AAAD55.d.F595762C30430EC5CCEB1E778137C78D.e.2100/value - {"text":"Germany"}
COMMAND: GET /session/39d2630e55d6b41de19dafc672cf7ebc/screenshot - {}
RESULT: {"text":"Germany"}
COMMAND: POST /session/39d2630e55d6b41de19dafc672cf7ebc/execute/async - {"script":"<script> [1562 bytes]","args":[{"selector":{"id":"application-managesites-display-component---NewSite--addressEditDetailsCostObjectCstType-arrow"},"wdio_ui5_key":"applicationmanagesites-display-component---NewSite--addressEditDetailsCostObjectCstType-arrow"}]}
COMMAND: GET /session/39d2630e55d6b41de19dafc672cf7ebc/screenshot - {}
RESULT: {}
RESULT: {"script":"<script> [1562 bytes]","args":[{"selector":{"id":"application-managesites-display-component---NewSite--addressEditDetailsCostObjectCstType-arrow"},"wdio_ui5_key":"applicationmanagesites-display-component---NewSite--addressEditDetailsCostObjectCstType-arrow"}]}
RESULT: undefined
COMMAND: POST /session/39d2630e55d6b41de19dafc672cf7ebc/element - {"using":"xpath","value":"//*[@id=\"application-managesites-display-component---NewSite--addressEditDetailsCostObjectCstType-arrow\"]"}
RESULT: {}
RESULT: {"using":"xpath","value":"//*[@id=\"application-managesites-display-component---NewSite--addressEditDetailsCostObjectCstType-arrow\"]"}
COMMAND: POST /session/39d2630e55d6b41de19dafc672cf7ebc/element/f.7175ED2F8B48EB9387EF736E08AAAD55.d.F595762C30430EC5CCEB1E778137C78D.e.2296/click - {}
RESULT: {}
COMMAND: POST /session/39d2630e55d6b41de19dafc672cf7ebc/element - {"using":"xpath","value":"//span[contains(text(), \"Work Breakdown Structure\")]"}
COMMAND: GET /session/39d2630e55d6b41de19dafc672cf7ebc/screenshot - {}
RESULT: {"using":"xpath","value":"//span[contains(text(), \"Work Breakdown Structure\")]"}
COMMAND: POST /session/39d2630e55d6b41de19dafc672cf7ebc/element/f.7175ED2F8B48EB9387EF736E08AAAD55.d.F595762C30430EC5CCEB1E778137C78D.e.2297/click - {}
RESULT: {}
RESULT: {}
COMMAND: GET /session/39d2630e55d6b41de19dafc672cf7ebc/screenshot - {}
RESULT: {}
COMMAND: POST /session/39d2630e55d6b41de19dafc672cf7ebc/execute/async - {"script":"<script> [1562 bytes]","args":[{"selector":{"id":"application-managesites-display-component---NewSite--addressNewCostObjectCstID-vhi"},"wdio_ui5_key":"applicationmanagesites-display-component---NewSite--addressNewCostObjectCstID-vhi"}]}
RESULT: {"script":"<script> [1562 bytes]","args":[{"selector":{"id":"application-managesites-display-component---NewSite--addressNewCostObjectCstID-vhi"},"wdio_ui5_key":"applicationmanagesites-display-component---NewSite--addressNewCostObjectCstID-vhi"}]}
RESULT: undefined
COMMAND: POST /session/39d2630e55d6b41de19dafc672cf7ebc/element - {"using":"xpath","value":"//*[@id=\"application-managesites-display-component---NewSite--addressNewCostObjectCstID-vhi\"]"}
RESULT: {"using":"xpath","value":"//*[@id=\"application-managesites-display-component---NewSite--addressNewCostObjectCstID-vhi\"]"}
COMMAND: POST /session/39d2630e55d6b41de19dafc672cf7ebc/element/f.7175ED2F8B48EB9387EF736E08AAAD55.d.F595762C30430EC5CCEB1E778137C78D.e.2302/click - {}
RESULT: {}
COMMAND: GET /session/39d2630e55d6b41de19dafc672cf7ebc/screenshot - {}
RESULT: {}
COMMAND: POST /session/39d2630e55d6b41de19dafc672cf7ebc/execute/async - {"script":"<script> [1562 bytes]","args":[{"selector":{"controlType":"sap.m.SearchField","properties":{"placeholder":"Search"},"searchOpenDialogs":true,"interaction":{"idSuffix":"I"}},"wdio_ui5_key":"sapm.SearchField{\"placeholder\":\"Search\"}"}]}
RESULT: {"script":"<script> [1562 bytes]","args":[{"selector":{"controlType":"sap.m.SearchField","properties":{"placeholder":"Search"},"searchOpenDialogs":true,"interaction":{"idSuffix":"I"}},"wdio_ui5_key":"sapm.SearchField{\"placeholder\":\"Search\"}"}]}
RESULT: undefined
COMMAND: POST /session/39d2630e55d6b41de19dafc672cf7ebc/execute/async - {"script":"<script> [776 bytes]","args":[{"enterText":"A1-000100-01","selector":{"controlType":"sap.m.SearchField","properties":{"placeholder":"Search"},"searchOpenDialogs":true,"interaction":{"idSuffix":"I"}},"clearTextFirst":true,"interactionType":"ENTER_TEXT"}]}
RESULT: {"script":"<script> [776 bytes]","args":[{"enterText":"A1-000100-01","selector":{"controlType":"sap.m.SearchField","properties":{"placeholder":"Search"},"searchOpenDialogs":true,"interaction":{"idSuffix":"I"}},"clearTextFirst":true,"interactionType":"ENTER_TEXT"}]}
COMMAND: POST /session/39d2630e55d6b41de19dafc672cf7ebc/actions - {"actions":[{"id":"action3","type":"key","parameters":{},"actions":[{"type":"keyDown","value":"î€‡"},{"type":"pause","duration":10},{"type":"keyUp","value":"î€‡"}]}]}
RESULT: {"actions":[{"id":"action3","type":"key","parameters":{},"actions":[{"type":"keyDown","value":"î€‡"},{"type":"pause","duration":10},{"type":"keyUp","value":"î€‡"}]}]}
COMMAND: GET /session/39d2630e55d6b41de19dafc672cf7ebc/screenshot - {}
RESULT: {}
COMMAND: POST /session/39d2630e55d6b41de19dafc672cf7ebc/element - {"using":"xpath","value":"//span[contains(text(), \"Template for ETO-Process\")]"}
RESULT: {"using":"xpath","value":"//span[contains(text(), \"Template for ETO-Process\")]"}
COMMAND: POST /session/39d2630e55d6b41de19dafc672cf7ebc/element/f.7175ED2F8B48EB9387EF736E08AAAD55.d.F595762C30430EC5CCEB1E778137C78D.e.2322/click - {}
RESULT: {}
COMMAND: GET /session/39d2630e55d6b41de19dafc672cf7ebc/screenshot - {}
RESULT: {}
COMMAND: POST /session/39d2630e55d6b41de19dafc672cf7ebc/element - {"using":"xpath","value":"//bdi[contains(text(), \"OK\")]"}
RESULT: {"using":"xpath","value":"//bdi[contains(text(), \"OK\")]"}
COMMAND: POST /session/39d2630e55d6b41de19dafc672cf7ebc/element/f.7175ED2F8B48EB9387EF736E08AAAD55.d.F595762C30430EC5CCEB1E778137C78D.e.2323/click - {}
RESULT: {}
COMMAND: GET /session/39d2630e55d6b41de19dafc672cf7ebc/screenshot - {}
RESULT: {}
COMMAND: POST /session/39d2630e55d6b41de19dafc672cf7ebc/element - {"using":"xpath","value":"//input[@id=\"application-managesites-display-component---NewSite--addressDetailDetailsYard-inner\"]"}
RESULT: {"using":"xpath","value":"//input[@id=\"application-managesites-display-component---NewSite--addressDetailDetailsYard-inner\"]"}
COMMAND: POST /session/39d2630e55d6b41de19dafc672cf7ebc/element/f.7175ED2F8B48EB9387EF736E08AAAD55.d.F595762C30430EC5CCEB1E778137C78D.e.2101/value - {"text":"427"}
RESULT: {"text":"427"}
COMMAND: GET /session/39d2630e55d6b41de19dafc672cf7ebc/screenshot - {}
RESULT: {}
COMMAND: POST /session/39d2630e55d6b41de19dafc672cf7ebc/actions - {"actions":[{"id":"action4","type":"key","parameters":{},"actions":[{"type":"keyDown","value":"î€‡"},{"type":"pause","duration":10},{"type":"keyUp","value":"î€‡"}]}]}
RESULT: {"actions":[{"id":"action4","type":"key","parameters":{},"actions":[{"type":"keyDown","value":"î€‡"},{"type":"pause","duration":10},{"type":"keyUp","value":"î€‡"}]}]}
COMMAND: GET /session/39d2630e55d6b41de19dafc672cf7ebc/screenshot - {}
RESULT: {}
COMMAND: POST /session/39d2630e55d6b41de19dafc672cf7ebc/element - {"using":"xpath","value":"//input[@id=\"application-managesites-display-component---NewSite--addressDetailDetailsPartner-inner\"]"}
RESULT: {"using":"xpath","value":"//input[@id=\"application-managesites-display-component---NewSite--addressDetailDetailsPartner-inner\"]"}
COMMAND: POST /session/39d2630e55d6b41de19dafc672cf7ebc/elements - {"using":"xpath","value":"//input[@id=\"application-managesites-display-component---NewSite--addressDetailDetailsPartner-inner\"]"}
RESULT: {"using":"xpath","value":"//input[@id=\"application-managesites-display-component---NewSite--addressDetailDetailsPartner-inner\"]"}
COMMAND: POST /session/39d2630e55d6b41de19dafc672cf7ebc/execute/async - {"script":"<script> [1562 bytes]","args":[{"selector":{"controlType":"sap.m.Button","viewName":"etm.portal.ui.managesites.view.NewSmartSite","viewId":"application-managesites-display-component---NewSite","properties":{"text":"Commercial"},"interaction":{"idSuffix":"BDI-content"}},"wdio_ui5_key":"etmportal.ui.managesites.view.NewSmartSitesap.m.Button{\"text\":\"Commercial\"}"}]}
RESULT: {"script":"<script> [1562 bytes]","args":[{"selector":{"controlType":"sap.m.Button","viewName":"etm.portal.ui.managesites.view.NewSmartSite","viewId":"application-managesites-display-component---NewSite","properties":{"text":"Commercial"},"interaction":{"idSuffix":"BDI-content"}},"wdio_ui5_key":"etmportal.ui.managesites.view.NewSmartSitesap.m.Button{\"text\":\"Commercial\"}"}]}
RESULT: undefined
COMMAND: POST /session/39d2630e55d6b41de19dafc672cf7ebc/element - {"using":"xpath","value":"//*[@id=\"application-managesites-display-component---NewSite--ObjectPageLayout-anchBar-__section31-anchor\"]"}
RESULT: {"using":"xpath","value":"//*[@id=\"application-managesites-display-component---NewSite--ObjectPageLayout-anchBar-__section31-anchor\"]"}
COMMAND: POST /session/39d2630e55d6b41de19dafc672cf7ebc/element/f.7175ED2F8B48EB9387EF736E08AAAD55.d.F595762C30430EC5CCEB1E778137C78D.e.2344/click - {}
RESULT: {}
COMMAND: POST /session/39d2630e55d6b41de19dafc672cf7ebc/execute/async - {"script":"<script> [1562 bytes]","args":[{"selector":{"controlType":"sap.m.Button","viewName":"etm.portal.ui.managesites.view.NewSmartSite","viewId":"application-managesites-display-component---NewSite","i18NText":{"propertyName":"text","key":"save"},"interaction":{"idSuffix":"BDI-content"}},"wdio_ui5_key":"etmportal.ui.managesites.view.NewSmartSitesap.m.Button{\"propertyName\":\"text\",\"key\":\"save\"}"}]}
COMMAND: GET /session/39d2630e55d6b41de19dafc672cf7ebc/screenshot - {}
RESULT: {"script":"<script> [1562 bytes]","args":[{"selector":{"controlType":"sap.m.Button","viewName":"etm.portal.ui.managesites.view.NewSmartSite","viewId":"application-managesites-display-component---NewSite","i18NText":{"propertyName":"text","key":"save"},"interaction":{"idSuffix":"BDI-content"}},"wdio_ui5_key":"etmportal.ui.managesites.view.NewSmartSitesap.m.Button{\"propertyName\":\"text\",\"key\":\"save\"}"}]}
RESULT: undefined
COMMAND: POST /session/39d2630e55d6b41de19dafc672cf7ebc/element - {"using":"xpath","value":"//*[@id=\"__button64\"]"}
RESULT: {}
RESULT: {"using":"xpath","value":"//*[@id=\"__button64\"]"}
COMMAND: POST /session/39d2630e55d6b41de19dafc672cf7ebc/element/f.7175ED2F8B48EB9387EF736E08AAAD55.d.F595762C30430EC5CCEB1E778137C78D.e.2266/click - {}
RESULT: {}
COMMAND: GET /session/39d2630e55d6b41de19dafc672cf7ebc/screenshot - {}
RESULT: {}
COMMAND: POST /session/39d2630e55d6b41de19dafc672cf7ebc/execute/async - {"script":"<script> [1562 bytes]","args":[{"selector":{"id":"application-managesites-display-component---detailSite--addressDetailDetailsYardText"},"wdio_ui5_key":"applicationmanagesites-display-component---detailSite--addressDetailDetailsYardText"}]}
RESULT: {"script":"<script> [1562 bytes]","args":[{"selector":{"id":"application-managesites-display-component---detailSite--addressDetailDetailsYardText"},"wdio_ui5_key":"applicationmanagesites-display-component---detailSite--addressDetailDetailsYardText"}]}
RESULT: undefined
COMMAND: POST /session/39d2630e55d6b41de19dafc672cf7ebc/element - {"using":"xpath","value":"//header/div/div[2]/div[2]/span"}
RESULT: {"using":"xpath","value":"//header/div/div[2]/div[2]/span"}
COMMAND: GET /session/39d2630e55d6b41de19dafc672cf7ebc/element/f.7175ED2F8B48EB9387EF736E08AAAD55.d.F595762C30430EC5CCEB1E778137C78D.e.2549/text - {}
RESULT: {}
COMMAND: POST /session/39d2630e55d6b41de19dafc672cf7ebc/element - {"using":"xpath","value":"//header/div/div/div/div/div/div[2]/div/span"}
RESULT: {"using":"xpath","value":"//header/div/div/div/div/div/div[2]/div/span"}
COMMAND: GET /session/39d2630e55d6b41de19dafc672cf7ebc/element/f.7175ED2F8B48EB9387EF736E08AAAD55.d.F595762C30430EC5CCEB1E778137C78D.e.2550/text - {}
RESULT: {}
COMMAND: POST /session/39d2630e55d6b41de19dafc672cf7ebc/element - {"using":"css selector","value":"#shell-header-logo"}
RESULT: {"using":"css selector","value":"#shell-header-logo"}
COMMAND: POST /session/39d2630e55d6b41de19dafc672cf7ebc/element/f.7175ED2F8B48EB9387EF736E08AAAD55.d.F595762C30430EC5CCEB1E778137C78D.e.1863/click - {}
RESULT: {}
COMMAND: GET /session/39d2630e55d6b41de19dafc672cf7ebc/screenshot - {}
RESULT: {}
]]></system-out>
    </testcase>
    <testcase classname="chrome.135_0_7049_96.windows.Standard_contract_-_add_contract_items_by_Insert_Request_US118222" name="Should create 2 new resources and a catalog item" time="376.888">
      <system-out><![CDATA[
COMMAND: POST /session/39d2630e55d6b41de19dafc672cf7ebc/execute/async - {"script":"<script> [1562 bytes]","args":[{"selector":{"controlType":"sap.m.GenericTile","properties":{"header":"Manage Resources"}},"wdio_ui5_key":"sapm.GenericTile{\"header\":\"Manage Resources\"}"}]}
RESULT: {"script":"<script> [1562 bytes]","args":[{"selector":{"controlType":"sap.m.GenericTile","properties":{"header":"Manage Resources"}},"wdio_ui5_key":"sapm.GenericTile{\"header\":\"Manage Resources\"}"}]}
RESULT: undefined
COMMAND: POST /session/39d2630e55d6b41de19dafc672cf7ebc/element - {"using":"xpath","value":"//*[@id=\"__tile39\"]"}
RESULT: {"using":"xpath","value":"//*[@id=\"__tile39\"]"}
COMMAND: POST /session/39d2630e55d6b41de19dafc672cf7ebc/element/f.7175ED2F8B48EB9387EF736E08AAAD55.d.F595762C30430EC5CCEB1E778137C78D.e.2552/click - {}
RESULT: {}
COMMAND: GET /session/39d2630e55d6b41de19dafc672cf7ebc/screenshot - {}
RESULT: {}
COMMAND: POST /session/39d2630e55d6b41de19dafc672cf7ebc/element - {"using":"xpath","value":"//button[@data-kt=\"addNewRUOverflowToolbarButton\"]"}
RESULT: {"using":"xpath","value":"//button[@data-kt=\"addNewRUOverflowToolbarButton\"]"}
COMMAND: POST /session/39d2630e55d6b41de19dafc672cf7ebc/element - {"using":"xpath","value":"//button[@data-kt=\"addNewRUOverflowToolbarButton\"]"}
RESULT: {"using":"xpath","value":"//button[@data-kt=\"addNewRUOverflowToolbarButton\"]"}
COMMAND: POST /session/39d2630e55d6b41de19dafc672cf7ebc/execute/sync - {"script":"<script> [8489 bytes]","args":[{"element-6066-11e4-a52e-4f735466cecf":"f.7175ED2F8B48EB9387EF736E08AAAD55.d.F595762C30430EC5CCEB1E778137C78D.e.2594","ELEMENT":"f.7175ED2F8B48EB9387EF736E08AAAD55.d.F595762C30430EC5CCEB1E778137C78D.e.2594"}]}
RESULT: {"script":"<script> [8489 bytes]","args":[{"element-6066-11e4-a52e-4f735466cecf":"f.7175ED2F8B48EB9387EF736E08AAAD55.d.F595762C30430EC5CCEB1E778137C78D.e.2594","ELEMENT":"f.7175ED2F8B48EB9387EF736E08AAAD55.d.F595762C30430EC5CCEB1E778137C78D.e.2594"}]}
COMMAND: POST /session/39d2630e55d6b41de19dafc672cf7ebc/element/f.7175ED2F8B48EB9387EF736E08AAAD55.d.F595762C30430EC5CCEB1E778137C78D.e.2594/click - {}
COMMAND: GET /session/39d2630e55d6b41de19dafc672cf7ebc/screenshot - {}
RESULT: {}
COMMAND: POST /session/39d2630e55d6b41de19dafc672cf7ebc/execute/async - {"script":"<script> [1562 bytes]","args":[{"selector":{"id":"application-manageresources-display-component---newResourceUnit--TYPE-arrow"},"wdio_ui5_key":"applicationmanageresources-display-component---newResourceUnit--TYPE-arrow"}]}
COMMAND: GET /session/39d2630e55d6b41de19dafc672cf7ebc/screenshot - {}
RESULT: {}
RESULT: {"script":"<script> [1562 bytes]","args":[{"selector":{"id":"application-manageresources-display-component---newResourceUnit--TYPE-arrow"},"wdio_ui5_key":"applicationmanageresources-display-component---newResourceUnit--TYPE-arrow"}]}
RESULT: undefined
COMMAND: POST /session/39d2630e55d6b41de19dafc672cf7ebc/element - {"using":"xpath","value":"//*[@id=\"application-manageresources-display-component---newResourceUnit--TYPE-arrow\"]"}
RESULT: {}
RESULT: {"using":"xpath","value":"//*[@id=\"application-manageresources-display-component---newResourceUnit--TYPE-arrow\"]"}
COMMAND: POST /session/39d2630e55d6b41de19dafc672cf7ebc/element/f.7175ED2F8B48EB9387EF736E08AAAD55.d.F595762C30430EC5CCEB1E778137C78D.e.2918/click - {}
RESULT: {}
COMMAND: POST /session/39d2630e55d6b41de19dafc672cf7ebc/execute/async - {"script":"<script> [1562 bytes]","args":[{"selector":{"controlType":"sap.m.StandardListItem","viewName":"reusables.view.manageresources.NewResourceUnit","viewId":"application-manageresources-display-component---newResourceUnit","properties":{"title":"Material"},"searchOpenDialogs":true,"interaction":{"idSuffix":"titleText"}},"wdio_ui5_key":"reusablesview.manageresources.NewResourceUnitsap.m.StandardListItem{\"title\":\"Material\"}"}]}
COMMAND: GET /session/39d2630e55d6b41de19dafc672cf7ebc/screenshot - {}
RESULT: {"script":"<script> [1562 bytes]","args":[{"selector":{"controlType":"sap.m.StandardListItem","viewName":"reusables.view.manageresources.NewResourceUnit","viewId":"application-manageresources-display-component---newResourceUnit","properties":{"title":"Material"},"searchOpenDialogs":true,"interaction":{"idSuffix":"titleText"}},"wdio_ui5_key":"reusablesview.manageresources.NewResourceUnitsap.m.StandardListItem{\"title\":\"Material\"}"}]}
RESULT: undefined
COMMAND: POST /session/39d2630e55d6b41de19dafc672cf7ebc/element - {"using":"xpath","value":"//*[@id=\"__item1122\"]"}
RESULT: {}
RESULT: {"using":"xpath","value":"//*[@id=\"__item1122\"]"}
COMMAND: POST /session/39d2630e55d6b41de19dafc672cf7ebc/element/f.7175ED2F8B48EB9387EF736E08AAAD55.d.F595762C30430EC5CCEB1E778137C78D.e.2921/click - {}
RESULT: {}
COMMAND: POST /session/39d2630e55d6b41de19dafc672cf7ebc/execute/async - {"script":"<script> [1562 bytes]","args":[{"selector":{"id":"application-manageresources-display-component---newResourceUnit--SHORT_TEXT","interaction":{"idSuffix":"inner"}},"wdio_ui5_key":"applicationmanageresources-display-component---newResourceUnit--SHORT_TEXT"}]}
COMMAND: GET /session/39d2630e55d6b41de19dafc672cf7ebc/screenshot - {}
RESULT: {"script":"<script> [1562 bytes]","args":[{"selector":{"id":"application-manageresources-display-component---newResourceUnit--SHORT_TEXT","interaction":{"idSuffix":"inner"}},"wdio_ui5_key":"applicationmanageresources-display-component---newResourceUnit--SHORT_TEXT"}]}
RESULT: undefined
COMMAND: POST /session/39d2630e55d6b41de19dafc672cf7ebc/execute/async - {"script":"<script> [776 bytes]","args":[{"enterText":"WebdriverRUR2Cq85cnl","selector":{"id":"application-manageresources-display-component---newResourceUnit--SHORT_TEXT","interaction":{"idSuffix":"inner"}},"clearTextFirst":true,"interactionType":"ENTER_TEXT"}]}
RESULT: {}
RESULT: {"script":"<script> [776 bytes]","args":[{"enterText":"WebdriverRUR2Cq85cnl","selector":{"id":"application-manageresources-display-component---newResourceUnit--SHORT_TEXT","interaction":{"idSuffix":"inner"}},"clearTextFirst":true,"interactionType":"ENTER_TEXT"}]}
COMMAND: POST /session/39d2630e55d6b41de19dafc672cf7ebc/execute/async - {"script":"<script> [1562 bytes]","args":[{"selector":{"id":"application-manageresources-display-component---newResourceUnit--BASE_UNIT_OF_MEASURE-arrow"},"wdio_ui5_key":"applicationmanageresources-display-component---newResourceUnit--BASE_UNIT_OF_MEASURE-arrow"}]}
RESULT: {"script":"<script> [1562 bytes]","args":[{"selector":{"id":"application-manageresources-display-component---newResourceUnit--BASE_UNIT_OF_MEASURE-arrow"},"wdio_ui5_key":"applicationmanageresources-display-component---newResourceUnit--BASE_UNIT_OF_MEASURE-arrow"}]}
RESULT: undefined
COMMAND: POST /session/39d2630e55d6b41de19dafc672cf7ebc/element - {"using":"xpath","value":"//*[@id=\"application-manageresources-display-component---newResourceUnit--BASE_UNIT_OF_MEASURE-arrow\"]"}
RESULT: {"using":"xpath","value":"//*[@id=\"application-manageresources-display-component---newResourceUnit--BASE_UNIT_OF_MEASURE-arrow\"]"}
COMMAND: POST /session/39d2630e55d6b41de19dafc672cf7ebc/element/f.7175ED2F8B48EB9387EF736E08AAAD55.d.F595762C30430EC5CCEB1E778137C78D.e.2977/click - {}
RESULT: {}
COMMAND: POST /session/39d2630e55d6b41de19dafc672cf7ebc/execute/async - {"script":"<script> [1562 bytes]","args":[{"selector":{"controlType":"sap.m.StandardListItem","viewName":"reusables.view.manageresources.NewResourceUnit","viewId":"application-manageresources-display-component---newResourceUnit","properties":{"title":"Piece"},"searchOpenDialogs":true,"interaction":{"idSuffix":"titleText"}},"wdio_ui5_key":"reusablesview.manageresources.NewResourceUnitsap.m.StandardListItem{\"title\":\"Piece\"}"}]}
COMMAND: GET /session/39d2630e55d6b41de19dafc672cf7ebc/screenshot - {}
RESULT: {"script":"<script> [1562 bytes]","args":[{"selector":{"controlType":"sap.m.StandardListItem","viewName":"reusables.view.manageresources.NewResourceUnit","viewId":"application-manageresources-display-component---newResourceUnit","properties":{"title":"Piece"},"searchOpenDialogs":true,"interaction":{"idSuffix":"titleText"}},"wdio_ui5_key":"reusablesview.manageresources.NewResourceUnitsap.m.StandardListItem{\"title\":\"Piece\"}"}]}
RESULT: undefined
COMMAND: POST /session/39d2630e55d6b41de19dafc672cf7ebc/element - {"using":"xpath","value":"//*[@id=\"__item1166\"]"}
RESULT: {}
RESULT: {"using":"xpath","value":"//*[@id=\"__item1166\"]"}
COMMAND: POST /session/39d2630e55d6b41de19dafc672cf7ebc/element/f.7175ED2F8B48EB9387EF736E08AAAD55.d.F595762C30430EC5CCEB1E778137C78D.e.2979/click - {}
RESULT: {}
COMMAND: POST /session/39d2630e55d6b41de19dafc672cf7ebc/element - {"using":"xpath","value":"//input[contains(@id ,\"application-manageresources-display-component---newResourceUnit--SHORT_TEXT-inner\")]"}
COMMAND: GET /session/39d2630e55d6b41de19dafc672cf7ebc/screenshot - {}
RESULT: {"using":"xpath","value":"//input[contains(@id ,\"application-manageresources-display-component---newResourceUnit--SHORT_TEXT-inner\")]"}
COMMAND: GET /session/39d2630e55d6b41de19dafc672cf7ebc/element/f.7175ED2F8B48EB9387EF736E08AAAD55.d.F595762C30430EC5CCEB1E778137C78D.e.2938/property/value - {}
RESULT: {}
RESULT: {}
COMMAND: POST /session/39d2630e55d6b41de19dafc672cf7ebc/execute/async - {"script":"<script> [1562 bytes]","args":[{"selector":{"id":"application-manageresources-display-component---newResourceUnit--WEIGHT_UNIT-arrow"},"wdio_ui5_key":"applicationmanageresources-display-component---newResourceUnit--WEIGHT_UNIT-arrow"}]}
COMMAND: GET /session/39d2630e55d6b41de19dafc672cf7ebc/screenshot - {}
RESULT: {"script":"<script> [1562 bytes]","args":[{"selector":{"id":"application-manageresources-display-component---newResourceUnit--WEIGHT_UNIT-arrow"},"wdio_ui5_key":"applicationmanageresources-display-component---newResourceUnit--WEIGHT_UNIT-arrow"}]}
RESULT: undefined
COMMAND: POST /session/39d2630e55d6b41de19dafc672cf7ebc/element - {"using":"xpath","value":"//*[@id=\"application-manageresources-display-component---newResourceUnit--WEIGHT_UNIT-arrow\"]"}
RESULT: {}
RESULT: {"using":"xpath","value":"//*[@id=\"application-manageresources-display-component---newResourceUnit--WEIGHT_UNIT-arrow\"]"}
COMMAND: POST /session/39d2630e55d6b41de19dafc672cf7ebc/element/f.7175ED2F8B48EB9387EF736E08AAAD55.d.F595762C30430EC5CCEB1E778137C78D.e.2980/click - {}
RESULT: {}
COMMAND: POST /session/39d2630e55d6b41de19dafc672cf7ebc/execute/async - {"script":"<script> [1562 bytes]","args":[{"selector":{"controlType":"sap.m.StandardListItem","viewName":"reusables.view.manageresources.NewResourceUnit","viewId":"application-manageresources-display-component---newResourceUnit","properties":{"title":"Gram"},"searchOpenDialogs":true,"interaction":{"idSuffix":"content"}},"wdio_ui5_key":"reusablesview.manageresources.NewResourceUnitsap.m.StandardListItem{\"title\":\"Gram\"}"}]}
COMMAND: GET /session/39d2630e55d6b41de19dafc672cf7ebc/screenshot - {}
RESULT: {"script":"<script> [1562 bytes]","args":[{"selector":{"controlType":"sap.m.StandardListItem","viewName":"reusables.view.manageresources.NewResourceUnit","viewId":"application-manageresources-display-component---newResourceUnit","properties":{"title":"Gram"},"searchOpenDialogs":true,"interaction":{"idSuffix":"content"}},"wdio_ui5_key":"reusablesview.manageresources.NewResourceUnitsap.m.StandardListItem{\"title\":\"Gram\"}"}]}
RESULT: undefined
COMMAND: POST /session/39d2630e55d6b41de19dafc672cf7ebc/element - {"using":"xpath","value":"//*[@id=\"__item1231\"]"}
RESULT: {}
RESULT: {"using":"xpath","value":"//*[@id=\"__item1231\"]"}
COMMAND: POST /session/39d2630e55d6b41de19dafc672cf7ebc/element/f.7175ED2F8B48EB9387EF736E08AAAD55.d.F595762C30430EC5CCEB1E778137C78D.e.2982/click - {}
RESULT: {}
COMMAND: POST /session/39d2630e55d6b41de19dafc672cf7ebc/execute/async - {"script":"<script> [1562 bytes]","args":[{"selector":{"id":"application-manageresources-display-component---newResourceUnit--newRRUPage-OPHeaderContent-collapseBtn-img"},"wdio_ui5_key":"applicationmanageresources-display-component---newResourceUnit--newRRUPage-OPHeaderContent-collapseBtn-img"}]}
COMMAND: GET /session/39d2630e55d6b41de19dafc672cf7ebc/screenshot - {}
RESULT: {"script":"<script> [1562 bytes]","args":[{"selector":{"id":"application-manageresources-display-component---newResourceUnit--newRRUPage-OPHeaderContent-collapseBtn-img"},"wdio_ui5_key":"applicationmanageresources-display-component---newResourceUnit--newRRUPage-OPHeaderContent-collapseBtn-img"}]}
RESULT: undefined
COMMAND: POST /session/39d2630e55d6b41de19dafc672cf7ebc/element - {"using":"xpath","value":"//*[@id=\"application-manageresources-display-component---newResourceUnit--newRRUPage-OPHeaderContent-collapseBtn-img\"]"}
RESULT: {}
RESULT: {"using":"xpath","value":"//*[@id=\"application-manageresources-display-component---newResourceUnit--newRRUPage-OPHeaderContent-collapseBtn-img\"]"}
COMMAND: POST /session/39d2630e55d6b41de19dafc672cf7ebc/element/f.7175ED2F8B48EB9387EF736E08AAAD55.d.F595762C30430EC5CCEB1E778137C78D.e.2928/click - {}
RESULT: {}
COMMAND: GET /session/39d2630e55d6b41de19dafc672cf7ebc/screenshot - {}
RESULT: {}
COMMAND: POST /session/39d2630e55d6b41de19dafc672cf7ebc/element - {"using":"xpath","value":"(//span[contains(@id ,\"application-manageresources-display-component---newResourceUnit--DIMENSION_UNIT-arrow\")])[1]"}
RESULT: {"using":"xpath","value":"(//span[contains(@id ,\"application-manageresources-display-component---newResourceUnit--DIMENSION_UNIT-arrow\")])[1]"}
COMMAND: POST /session/39d2630e55d6b41de19dafc672cf7ebc/element/f.7175ED2F8B48EB9387EF736E08AAAD55.d.F595762C30430EC5CCEB1E778137C78D.e.2986/click - {}
RESULT: {}
COMMAND: GET /session/39d2630e55d6b41de19dafc672cf7ebc/screenshot - {}
RESULT: {}
COMMAND: POST /session/39d2630e55d6b41de19dafc672cf7ebc/execute/async - {"script":"<script> [1562 bytes]","args":[{"selector":{"controlType":"sap.m.StandardListItem","viewName":"reusables.view.manageresources.NewResourceUnit","viewId":"application-manageresources-display-component---newResourceUnit","properties":{"title":"Centimeter"},"searchOpenDialogs":true,"interaction":{"idSuffix":"titleText"}},"wdio_ui5_key":"reusablesview.manageresources.NewResourceUnitsap.m.StandardListItem{\"title\":\"Centimeter\"}"}]}
RESULT: {"script":"<script> [1562 bytes]","args":[{"selector":{"controlType":"sap.m.StandardListItem","viewName":"reusables.view.manageresources.NewResourceUnit","viewId":"application-manageresources-display-component---newResourceUnit","properties":{"title":"Centimeter"},"searchOpenDialogs":true,"interaction":{"idSuffix":"titleText"}},"wdio_ui5_key":"reusablesview.manageresources.NewResourceUnitsap.m.StandardListItem{\"title\":\"Centimeter\"}"}]}
RESULT: undefined
COMMAND: POST /session/39d2630e55d6b41de19dafc672cf7ebc/element - {"using":"xpath","value":"//*[@id=\"__item1234\"]"}
RESULT: {"using":"xpath","value":"//*[@id=\"__item1234\"]"}
COMMAND: POST /session/39d2630e55d6b41de19dafc672cf7ebc/element/f.7175ED2F8B48EB9387EF736E08AAAD55.d.F595762C30430EC5CCEB1E778137C78D.e.2990/click - {}
RESULT: {}
COMMAND: POST /session/39d2630e55d6b41de19dafc672cf7ebc/execute/async - {"script":"<script> [1562 bytes]","args":[{"selector":{"id":"application-manageresources-display-component---newResourceUnit--newRRUPage-anchBar-application-manageresources-display-component---newResourceUnit--reference-anchor","interaction":{"idSuffix":"BDI-content"}},"wdio_ui5_key":"applicationmanageresources-display-component---newResourceUnit--newRRUPage-anchBar-application-manageresources-display-component---newResourceUnit--reference-anchor"}]}
COMMAND: GET /session/39d2630e55d6b41de19dafc672cf7ebc/screenshot - {}
RESULT: {"script":"<script> [1562 bytes]","args":[{"selector":{"id":"application-manageresources-display-component---newResourceUnit--newRRUPage-anchBar-application-manageresources-display-component---newResourceUnit--reference-anchor","interaction":{"idSuffix":"BDI-content"}},"wdio_ui5_key":"applicationmanageresources-display-component---newResourceUnit--newRRUPage-anchBar-application-manageresources-display-component---newResourceUnit--reference-anchor"}]}
RESULT: undefined
COMMAND: POST /session/39d2630e55d6b41de19dafc672cf7ebc/element - {"using":"xpath","value":"//*[@id=\"application-manageresources-display-component---newResourceUnit--newRRUPage-anchBar-application-manageresources-display-component---newResourceUnit--reference-anchor\"]"}
RESULT: {}
RESULT: {"using":"xpath","value":"//*[@id=\"application-manageresources-display-component---newResourceUnit--newRRUPage-anchBar-application-manageresources-display-component---newResourceUnit--reference-anchor\"]"}
COMMAND: POST /session/39d2630e55d6b41de19dafc672cf7ebc/element/f.7175ED2F8B48EB9387EF736E08AAAD55.d.F595762C30430EC5CCEB1E778137C78D.e.2992/click - {}
RESULT: {}
COMMAND: POST /session/39d2630e55d6b41de19dafc672cf7ebc/execute/async - {"script":"<script> [1562 bytes]","args":[{"selector":{"id":"application-manageresources-display-component---newResourceUnit--PLANNING_GROUP-arrow"},"wdio_ui5_key":"applicationmanageresources-display-component---newResourceUnit--PLANNING_GROUP-arrow"}]}
COMMAND: GET /session/39d2630e55d6b41de19dafc672cf7ebc/screenshot - {}
RESULT: {"script":"<script> [1562 bytes]","args":[{"selector":{"id":"application-manageresources-display-component---newResourceUnit--PLANNING_GROUP-arrow"},"wdio_ui5_key":"applicationmanageresources-display-component---newResourceUnit--PLANNING_GROUP-arrow"}]}
RESULT: undefined
COMMAND: POST /session/39d2630e55d6b41de19dafc672cf7ebc/element - {"using":"xpath","value":"//*[@id=\"application-manageresources-display-component---newResourceUnit--PLANNING_GROUP-arrow\"]"}
RESULT: {}
RESULT: {"using":"xpath","value":"//*[@id=\"application-manageresources-display-component---newResourceUnit--PLANNING_GROUP-arrow\"]"}
COMMAND: POST /session/39d2630e55d6b41de19dafc672cf7ebc/element/f.7175ED2F8B48EB9387EF736E08AAAD55.d.F595762C30430EC5CCEB1E778137C78D.e.2995/click - {}
RESULT: {}
COMMAND: POST /session/39d2630e55d6b41de19dafc672cf7ebc/execute/async - {"script":"<script> [1562 bytes]","args":[{"selector":{"controlType":"sap.m.StandardListItem","viewName":"reusables.view.manageresources.NewResourceUnit","viewId":"application-manageresources-display-component---newResourceUnit","properties":{"title":"Heavy Equi"},"searchOpenDialogs":true,"interaction":{"idSuffix":"content"}},"wdio_ui5_key":"reusablesview.manageresources.NewResourceUnitsap.m.StandardListItem{\"title\":\"Heavy Equi\"}"}]}
COMMAND: GET /session/39d2630e55d6b41de19dafc672cf7ebc/screenshot - {}
RESULT: {"script":"<script> [1562 bytes]","args":[{"selector":{"controlType":"sap.m.StandardListItem","viewName":"reusables.view.manageresources.NewResourceUnit","viewId":"application-manageresources-display-component---newResourceUnit","properties":{"title":"Heavy Equi"},"searchOpenDialogs":true,"interaction":{"idSuffix":"content"}},"wdio_ui5_key":"reusablesview.manageresources.NewResourceUnitsap.m.StandardListItem{\"title\":\"Heavy Equi\"}"}]}
RESULT: undefined
COMMAND: POST /session/39d2630e55d6b41de19dafc672cf7ebc/element - {"using":"xpath","value":"//*[@id=\"__item1242\"]"}
RESULT: {}
RESULT: {"using":"xpath","value":"//*[@id=\"__item1242\"]"}
COMMAND: POST /session/39d2630e55d6b41de19dafc672cf7ebc/element/f.7175ED2F8B48EB9387EF736E08AAAD55.d.F595762C30430EC5CCEB1E778137C78D.e.2999/click - {}
RESULT: {}
COMMAND: GET /session/39d2630e55d6b41de19dafc672cf7ebc/screenshot - {}
RESULT: {}
COMMAND: POST /session/39d2630e55d6b41de19dafc672cf7ebc/execute/async - {"script":"<script> [1562 bytes]","args":[{"selector":{"id":"application-manageresources-display-component---newResourceUnit--PLANNING_INDICATOR-arrow"},"wdio_ui5_key":"applicationmanageresources-display-component---newResourceUnit--PLANNING_INDICATOR-arrow"}]}
RESULT: {"script":"<script> [1562 bytes]","args":[{"selector":{"id":"application-manageresources-display-component---newResourceUnit--PLANNING_INDICATOR-arrow"},"wdio_ui5_key":"applicationmanageresources-display-component---newResourceUnit--PLANNING_INDICATOR-arrow"}]}
RESULT: undefined
COMMAND: POST /session/39d2630e55d6b41de19dafc672cf7ebc/element - {"using":"xpath","value":"//*[@id=\"application-manageresources-display-component---newResourceUnit--PLANNING_INDICATOR-arrow\"]"}
RESULT: {"using":"xpath","value":"//*[@id=\"application-manageresources-display-component---newResourceUnit--PLANNING_INDICATOR-arrow\"]"}
COMMAND: POST /session/39d2630e55d6b41de19dafc672cf7ebc/element/f.7175ED2F8B48EB9387EF736E08AAAD55.d.F595762C30430EC5CCEB1E778137C78D.e.3000/click - {}
RESULT: {}
COMMAND: POST /session/39d2630e55d6b41de19dafc672cf7ebc/execute/async - {"script":"<script> [1562 bytes]","args":[{"selector":{"controlType":"sap.m.StandardListItem","viewName":"reusables.view.manageresources.NewResourceUnit","viewId":"application-manageresources-display-component---newResourceUnit","properties":{"title":"10 - infinite"},"searchOpenDialogs":true,"interaction":{"idSuffix":"content"}},"wdio_ui5_key":"reusablesview.manageresources.NewResourceUnitsap.m.StandardListItem{\"title\":\"10 - infinite\"}"}]}
COMMAND: GET /session/39d2630e55d6b41de19dafc672cf7ebc/screenshot - {}
RESULT: {"script":"<script> [1562 bytes]","args":[{"selector":{"controlType":"sap.m.StandardListItem","viewName":"reusables.view.manageresources.NewResourceUnit","viewId":"application-manageresources-display-component---newResourceUnit","properties":{"title":"10 - infinite"},"searchOpenDialogs":true,"interaction":{"idSuffix":"content"}},"wdio_ui5_key":"reusablesview.manageresources.NewResourceUnitsap.m.StandardListItem{\"title\":\"10 - infinite\"}"}]}
RESULT: undefined
COMMAND: POST /session/39d2630e55d6b41de19dafc672cf7ebc/element - {"using":"xpath","value":"//*[@id=\"__item1252\"]"}
RESULT: {}
RESULT: {"using":"xpath","value":"//*[@id=\"__item1252\"]"}
COMMAND: POST /session/39d2630e55d6b41de19dafc672cf7ebc/element/f.7175ED2F8B48EB9387EF736E08AAAD55.d.F595762C30430EC5CCEB1E778137C78D.e.3002/click - {}
RESULT: {}
COMMAND: GET /session/39d2630e55d6b41de19dafc672cf7ebc/screenshot - {}
RESULT: {}
COMMAND: POST /session/39d2630e55d6b41de19dafc672cf7ebc/element - {"using":"xpath","value":"//bdi[contains(text(), \"Time Segment\")]"}
RESULT: {"using":"xpath","value":"//bdi[contains(text(), \"Time Segment\")]"}
COMMAND: GET /session/39d2630e55d6b41de19dafc672cf7ebc/element/f.7175ED2F8B48EB9387EF736E08AAAD55.d.F595762C30430EC5CCEB1E778137C78D.e.3003/rect - {}
RESULT: {}
COMMAND: GET /session/39d2630e55d6b41de19dafc672cf7ebc/window/rect - {}
RESULT: {}
COMMAND: POST /session/39d2630e55d6b41de19dafc672cf7ebc/execute/sync - {"script":"<script> [92 bytes]","args":[]}
RESULT: {"script":"<script> [92 bytes]","args":[]}
COMMAND: POST /session/39d2630e55d6b41de19dafc672cf7ebc/actions - {"actions":[{"id":"action5","type":"wheel","parameters":{},"actions":[{"type":"scroll","x":-1820,"y":-21,"deltaX":0,"deltaY":0,"duration":0,"origin":{"element-6066-11e4-a52e-4f735466cecf":"f.7175ED2F8B48EB9387EF736E08AAAD55.d.F595762C30430EC5CCEB1E778137C78D.e.3003"}}]}]}
COMMAND: GET /session/39d2630e55d6b41de19dafc672cf7ebc/screenshot - {}
RESULT: {}
COMMAND: POST /session/39d2630e55d6b41de19dafc672cf7ebc/execute/sync - {"script":"<script> [79 bytes]","args":[{"element-6066-11e4-a52e-4f735466cecf":"f.7175ED2F8B48EB9387EF736E08AAAD55.d.F595762C30430EC5CCEB1E778137C78D.e.3003","ELEMENT":"f.7175ED2F8B48EB9387EF736E08AAAD55.d.F595762C30430EC5CCEB1E778137C78D.e.3003"},{"block":"start","inline":"nearest"}]}
RESULT: {"script":"<script> [79 bytes]","args":[{"element-6066-11e4-a52e-4f735466cecf":"f.7175ED2F8B48EB9387EF736E08AAAD55.d.F595762C30430EC5CCEB1E778137C78D.e.3003","ELEMENT":"f.7175ED2F8B48EB9387EF736E08AAAD55.d.F595762C30430EC5CCEB1E778137C78D.e.3003"},{"block":"start","inline":"nearest"}]}
COMMAND: GET /session/39d2630e55d6b41de19dafc672cf7ebc/screenshot - {}
RESULT: {}
COMMAND: POST /session/39d2630e55d6b41de19dafc672cf7ebc/element - {"using":"xpath","value":"//span[@id=\"application-manageresources-display-component---newResourceUnit--btnAddTimeSegment-img\"]"}
RESULT: {"using":"xpath","value":"//span[@id=\"application-manageresources-display-component---newResourceUnit--btnAddTimeSegment-img\"]"}
COMMAND: POST /session/39d2630e55d6b41de19dafc672cf7ebc/execute/sync - {"script":"<script> [8489 bytes]","args":[{"element-6066-11e4-a52e-4f735466cecf":"f.7175ED2F8B48EB9387EF736E08AAAD55.d.F595762C30430EC5CCEB1E778137C78D.e.3006","ELEMENT":"f.7175ED2F8B48EB9387EF736E08AAAD55.d.F595762C30430EC5CCEB1E778137C78D.e.3006"}]}
RESULT: {"script":"<script> [8489 bytes]","args":[{"element-6066-11e4-a52e-4f735466cecf":"f.7175ED2F8B48EB9387EF736E08AAAD55.d.F595762C30430EC5CCEB1E778137C78D.e.3006","ELEMENT":"f.7175ED2F8B48EB9387EF736E08AAAD55.d.F595762C30430EC5CCEB1E778137C78D.e.3006"}]}
COMMAND: POST /session/39d2630e55d6b41de19dafc672cf7ebc/element/f.7175ED2F8B48EB9387EF736E08AAAD55.d.F595762C30430EC5CCEB1E778137C78D.e.3006/click - {}
COMMAND: GET /session/39d2630e55d6b41de19dafc672cf7ebc/screenshot - {}
RESULT: {}
COMMAND: GET /session/39d2630e55d6b41de19dafc672cf7ebc/screenshot - {}
COMMAND: POST /session/39d2630e55d6b41de19dafc672cf7ebc/element - {"using":"xpath","value":"//input[@id=\"application-manageresources-display-component---newResourceUnit--idRuTSAdmin-application-manageresources-display-component---newResourceUnit--RUTimeSegment-0-inner\"]"}
RESULT: {}
RESULT: {}
RESULT: {"using":"xpath","value":"//input[@id=\"application-manageresources-display-component---newResourceUnit--idRuTSAdmin-application-manageresources-display-component---newResourceUnit--RUTimeSegment-0-inner\"]"}
COMMAND: POST /session/39d2630e55d6b41de19dafc672cf7ebc/element/f.7175ED2F8B48EB9387EF736E08AAAD55.d.F595762C30430EC5CCEB1E778137C78D.e.3009/clear - {}
RESULT: {}
COMMAND: POST /session/39d2630e55d6b41de19dafc672cf7ebc/element/f.7175ED2F8B48EB9387EF736E08AAAD55.d.F595762C30430EC5CCEB1E778137C78D.e.3009/value - {"text":"WebdriverYardkro46"}
COMMAND: GET /session/39d2630e55d6b41de19dafc672cf7ebc/screenshot - {}
RESULT: {"text":"WebdriverYardkro46"}
COMMAND: GET /session/39d2630e55d6b41de19dafc672cf7ebc/screenshot - {}
RESULT: {}
RESULT: {}
COMMAND: POST /session/39d2630e55d6b41de19dafc672cf7ebc/actions - {"actions":[{"id":"action6","type":"key","parameters":{},"actions":[{"type":"keyDown","value":"î€‡"},{"type":"pause","duration":10},{"type":"keyUp","value":"î€‡"}]}]}
RESULT: {"actions":[{"id":"action6","type":"key","parameters":{},"actions":[{"type":"keyDown","value":"î€‡"},{"type":"pause","duration":10},{"type":"keyUp","value":"î€‡"}]}]}
COMMAND: GET /session/39d2630e55d6b41de19dafc672cf7ebc/screenshot - {}
RESULT: {}
COMMAND: POST /session/39d2630e55d6b41de19dafc672cf7ebc/execute/async - {"script":"<script> [1562 bytes]","args":[{"selector":{"controlType":"sap.m.Button","viewName":"reusables.view.manageresources.NewResourceUnit","viewId":"application-manageresources-display-component---newResourceUnit","i18NText":{"propertyName":"tooltip","key":"save"},"interaction":{"idSuffix":"BDI-content"}},"wdio_ui5_key":"reusablesview.manageresources.NewResourceUnitsap.m.Button{\"propertyName\":\"tooltip\",\"key\":\"save\"}"}]}
RESULT: {"script":"<script> [1562 bytes]","args":[{"selector":{"controlType":"sap.m.Button","viewName":"reusables.view.manageresources.NewResourceUnit","viewId":"application-manageresources-display-component---newResourceUnit","i18NText":{"propertyName":"tooltip","key":"save"},"interaction":{"idSuffix":"BDI-content"}},"wdio_ui5_key":"reusablesview.manageresources.NewResourceUnitsap.m.Button{\"propertyName\":\"tooltip\",\"key\":\"save\"}"}]}
RESULT: undefined
COMMAND: POST /session/39d2630e55d6b41de19dafc672cf7ebc/element - {"using":"xpath","value":"//*[@id=\"application-manageresources-display-component---newResourceUnit--createRuButton\"]"}
RESULT: {"using":"xpath","value":"//*[@id=\"application-manageresources-display-component---newResourceUnit--createRuButton\"]"}
COMMAND: POST /session/39d2630e55d6b41de19dafc672cf7ebc/element/f.7175ED2F8B48EB9387EF736E08AAAD55.d.F595762C30430EC5CCEB1E778137C78D.e.2934/click - {}
RESULT: {}
COMMAND: GET /session/39d2630e55d6b41de19dafc672cf7ebc/screenshot - {}
RESULT: {}
COMMAND: POST /session/39d2630e55d6b41de19dafc672cf7ebc/execute/async - {"script":"<script> [1562 bytes]","args":[{"selector":{"controlType":"sap.m.Title","properties":{"text":"Success"},"searchOpenDialogs":true},"wdio_ui5_key":"sapm.Title{\"text\":\"Success\"}"}]}
RESULT: {"script":"<script> [1562 bytes]","args":[{"selector":{"controlType":"sap.m.Title","properties":{"text":"Success"},"searchOpenDialogs":true},"wdio_ui5_key":"sapm.Title{\"text\":\"Success\"}"}]}
RESULT: undefined
COMMAND: POST /session/39d2630e55d6b41de19dafc672cf7ebc/execute/async - {"script":"<script> [6424 bytes]","args":[{"element-6066-11e4-a52e-4f735466cecf":"f.7175ED2F8B48EB9387EF736E08AAAD55.d.F595762C30430EC5CCEB1E778137C78D.e.3022"},"getText",[]]}
RESULT: {"script":"<script> [6424 bytes]","args":[{"element-6066-11e4-a52e-4f735466cecf":"f.7175ED2F8B48EB9387EF736E08AAAD55.d.F595762C30430EC5CCEB1E778137C78D.e.3022"},"getText",[]]}
COMMAND: POST /session/39d2630e55d6b41de19dafc672cf7ebc/element - {"using":"xpath","value":"//*[contains(@id, '__text') and (contains(text(), 'successfully created') or contains(., 'successfully created'))]"}
RESULT: {"using":"xpath","value":"//*[contains(@id, '__text') and (contains(text(), 'successfully created') or contains(., 'successfully created'))]"}
COMMAND: GET /session/39d2630e55d6b41de19dafc672cf7ebc/element/f.7175ED2F8B48EB9387EF736E08AAAD55.d.F595762C30430EC5CCEB1E778137C78D.e.3020/text - {}
RESULT: {}
COMMAND: POST /session/39d2630e55d6b41de19dafc672cf7ebc/execute/async - {"script":"<script> [1562 bytes]","args":[{"selector":{"controlType":"sap.m.Button","properties":{"text":"Close"},"searchOpenDialogs":true,"interaction":{"idSuffix":"BDI-content"}},"wdio_ui5_key":"sapm.Button{\"text\":\"Close\"}"}]}
RESULT: {"script":"<script> [1562 bytes]","args":[{"selector":{"controlType":"sap.m.Button","properties":{"text":"Close"},"searchOpenDialogs":true,"interaction":{"idSuffix":"BDI-content"}},"wdio_ui5_key":"sapm.Button{\"text\":\"Close\"}"}]}
RESULT: undefined
COMMAND: POST /session/39d2630e55d6b41de19dafc672cf7ebc/element - {"using":"xpath","value":"//*[@id=\"__mbox-btn-0\"]"}
RESULT: {"using":"xpath","value":"//*[@id=\"__mbox-btn-0\"]"}
COMMAND: POST /session/39d2630e55d6b41de19dafc672cf7ebc/element/f.7175ED2F8B48EB9387EF736E08AAAD55.d.F595762C30430EC5CCEB1E778137C78D.e.3019/click - {}
RESULT: {}
COMMAND: GET /session/39d2630e55d6b41de19dafc672cf7ebc/screenshot - {}
RESULT: {}
COMMAND: POST /session/39d2630e55d6b41de19dafc672cf7ebc/execute/async - {"script":"<script> [1562 bytes]","args":[{"selector":{"controlType":"sap.ui.core.Icon","viewName":"etm.portal.ui.manageresources.view.Detail","viewId":"application-manageresources-display-component---detailRU","properties":{"src":{"regex":{"source":"overflow"}}}},"wdio_ui5_key":"etmportal.ui.manageresources.view.Detailsap.ui.core.Icon{\"src\":{\"regex\":{\"source\":\"overflow\"}}}"}]}
RESULT: {"script":"<script> [1562 bytes]","args":[{"selector":{"controlType":"sap.ui.core.Icon","viewName":"etm.portal.ui.manageresources.view.Detail","viewId":"application-manageresources-display-component---detailRU","properties":{"src":{"regex":{"source":"overflow"}}}},"wdio_ui5_key":"etmportal.ui.manageresources.view.Detailsap.ui.core.Icon{\"src\":{\"regex\":{\"source\":\"overflow\"}}}"}]}
RESULT: undefined
COMMAND: POST /session/39d2630e55d6b41de19dafc672cf7ebc/element - {"using":"xpath","value":"//*[@id=\"__title36-_actionsToolbar-overflowButton-img\"]"}
RESULT: {"using":"xpath","value":"//*[@id=\"__title36-_actionsToolbar-overflowButton-img\"]"}
COMMAND: POST /session/39d2630e55d6b41de19dafc672cf7ebc/element/f.7175ED2F8B48EB9387EF736E08AAAD55.d.F595762C30430EC5CCEB1E778137C78D.e.3051/click - {}
RESULT: {}
COMMAND: POST /session/39d2630e55d6b41de19dafc672cf7ebc/execute/async - {"script":"<script> [1562 bytes]","args":[{"selector":{"controlType":"sap.m.Button","viewName":"etm.portal.ui.manageresources.view.Detail","viewId":"application-manageresources-display-component---detailRU","i18NText":{"propertyName":"tooltip","key":"closeColumn"},"searchOpenDialogs":true,"interaction":{"idSuffix":"inner"}},"wdio_ui5_key":"etmportal.ui.manageresources.view.Detailsap.m.Button{\"propertyName\":\"tooltip\",\"key\":\"closeColumn\"}"}]}
COMMAND: GET /session/39d2630e55d6b41de19dafc672cf7ebc/screenshot - {}
RESULT: {"script":"<script> [1562 bytes]","args":[{"selector":{"controlType":"sap.m.Button","viewName":"etm.portal.ui.manageresources.view.Detail","viewId":"application-manageresources-display-component---detailRU","i18NText":{"propertyName":"tooltip","key":"closeColumn"},"searchOpenDialogs":true,"interaction":{"idSuffix":"inner"}},"wdio_ui5_key":"etmportal.ui.manageresources.view.Detailsap.m.Button{\"propertyName\":\"tooltip\",\"key\":\"closeColumn\"}"}]}
RESULT: undefined
COMMAND: POST /session/39d2630e55d6b41de19dafc672cf7ebc/element - {"using":"xpath","value":"//*[@id=\"__button147\"]"}
RESULT: {}
RESULT: {"using":"xpath","value":"//*[@id=\"__button147\"]"}
COMMAND: POST /session/39d2630e55d6b41de19dafc672cf7ebc/element/f.7175ED2F8B48EB9387EF736E08AAAD55.d.F595762C30430EC5CCEB1E778137C78D.e.3053/click - {}
RESULT: {}
COMMAND: GET /session/39d2630e55d6b41de19dafc672cf7ebc/screenshot - {}
RESULT: {}
COMMAND: POST /session/39d2630e55d6b41de19dafc672cf7ebc/refresh - {}
RESULT: {}
COMMAND: GET /session/39d2630e55d6b41de19dafc672cf7ebc/screenshot - {}
RESULT: {}
COMMAND: POST /session/39d2630e55d6b41de19dafc672cf7ebc/execute/async - {"script":"<script> [189 bytes]","args":[]}
RESULT: {"script":"<script> [189 bytes]","args":[]}
COMMAND: POST /session/39d2630e55d6b41de19dafc672cf7ebc/execute/async - {"script":"<script> [123 bytes]","args":[]}
RESULT: {"script":"<script> [123 bytes]","args":[]}
COMMAND: POST /session/39d2630e55d6b41de19dafc672cf7ebc/timeouts - {"script":"<number>"}
RESULT: {"script":"<number>"}
COMMAND: GET /session/39d2630e55d6b41de19dafc672cf7ebc/timeouts - {}
RESULT: {}
RESULT: undefined
COMMAND: POST /session/39d2630e55d6b41de19dafc672cf7ebc/execute/async - {"script":"<script> [2676 bytes]","args":[]}
RESULT: {"script":"<script> [2676 bytes]","args":[]}
COMMAND: POST /session/39d2630e55d6b41de19dafc672cf7ebc/execute/async - {"script":"<script> [2342 bytes]","args":[{"protocol":"http","hostname":"0.0.0.0","path":"/","capabilities":{"browserName":"chrome","goog:chromeOptions":{"binary":"C:\\Program Files\\Google\\Chrome\\Application\\chrome.exe","args":["--start-maximized"]}},"logLevel":"warn","connectionRetryTimeout":120000,"connectionRetryCount":3,"logLevels":{},"enableDirectConnect":true,"strictSSL":true,"_":"65 more keys: [\"cacheDir\",\"port\",\"requestedCapabilities\",\"automationProtocol\",\"baseUrl\",\"waitforInterval\",\"waitforTimeout\",\"onReload\",\"beforeCommand\",\"afterCommand\",\"rootDir\",\"specs\",\"suites\",\"exclude\",\"groupLogsByTestSpec\",\"excludeDriverLogs\",\"bail\",\"framework\",\"reporters\",\"services\",\"maxInstances\",\"maxInstancesPerCapability\",\"injectGlobals\",\"filesToWatch\",\"execArgv\",\"runnerEnv\",\"runner\",\"shard\",\"specFileRetries\",\"specFileRetriesDelay\",\"specFileRetriesDeferred\",\"reporterSyncInterval\",\"reporterSyncTimeout\",\"cucumberFeaturesWithLineNumbers\",\"autoCompileOpts\",\"mochaOpts\",\"jasmineOpts\",\"cucumberOpts\",\"onPrepare\",\"onWorkerStart\",\"onWorkerEnd\",\"before\",\"beforeSession\",\"beforeSuite\",\"beforeHook\",\"beforeTest\",\"afterTest\",\"afterHook\",\"afterSuite\",\"afterSession\",\"after\",\"onComplete\",\"beforeAssertion\",\"afterAssertion\",\"beforeFeature\",\"beforeScenario\",\"beforeStep\",\"afterStep\",\"afterScenario\",\"afterFeature\",\"_\",\"suite\",\"$0\",\"ignoredWorkerServices\",\"wdi5\"]"}]}
RESULT: {"script":"<script> [2342 bytes]","args":[{"protocol":"http","hostname":"0.0.0.0","path":"/","capabilities":{"browserName":"chrome","goog:chromeOptions":{"binary":"C:\\Program Files\\Google\\Chrome\\Application\\chrome.exe","args":["--start-maximized"]}},"logLevel":"warn","connectionRetryTimeout":120000,"connectionRetryCount":3,"logLevels":{},"enableDirectConnect":true,"strictSSL":true,"_":"65 more keys: [\"cacheDir\",\"port\",\"requestedCapabilities\",\"automationProtocol\",\"baseUrl\",\"waitforInterval\",\"waitforTimeout\",\"onReload\",\"beforeCommand\",\"afterCommand\",\"rootDir\",\"specs\",\"suites\",\"exclude\",\"groupLogsByTestSpec\",\"excludeDriverLogs\",\"bail\",\"framework\",\"reporters\",\"services\",\"maxInstances\",\"maxInstancesPerCapability\",\"injectGlobals\",\"filesToWatch\",\"execArgv\",\"runnerEnv\",\"runner\",\"shard\",\"specFileRetries\",\"specFileRetriesDelay\",\"specFileRetriesDeferred\",\"reporterSyncInterval\",\"reporterSyncTimeout\",\"cucumberFeaturesWithLineNumbers\",\"autoCompileOpts\",\"mochaOpts\",\"jasmineOpts\",\"cucumberOpts\",\"onPrepare\",\"onWorkerStart\",\"onWorkerEnd\",\"before\",\"beforeSession\",\"beforeSuite\",\"beforeHook\",\"beforeTest\",\"afterTest\",\"afterHook\",\"afterSuite\",\"afterSession\",\"after\",\"onComplete\",\"beforeAssertion\",\"afterAssertion\",\"beforeFeature\",\"beforeScenario\",\"beforeStep\",\"afterStep\",\"afterScenario\",\"afterFeature\",\"_\",\"suite\",\"$0\",\"ignoredWorkerServices\",\"wdi5\"]"}]}
COMMAND: POST /session/39d2630e55d6b41de19dafc672cf7ebc/execute/async - {"script":"<script> [21126 bytes]","args":[35000]}
RESULT: {"script":"<script> [21126 bytes]","args":[35000]}
COMMAND: POST /session/39d2630e55d6b41de19dafc672cf7ebc/element - {"using":"css selector","value":"#shell-header-logo"}
RESULT: {"using":"css selector","value":"#shell-header-logo"}
COMMAND: POST /session/39d2630e55d6b41de19dafc672cf7ebc/element/f.7175ED2F8B48EB9387EF736E08AAAD55.d.A796C09797E13DD1A5302FCDA86C7764.e.3154/click - {}
RESULT: {}
COMMAND: GET /session/39d2630e55d6b41de19dafc672cf7ebc/screenshot - {}
RESULT: {}
COMMAND: POST /session/39d2630e55d6b41de19dafc672cf7ebc/execute/async - {"script":"<script> [1562 bytes]","args":[{"selector":{"controlType":"sap.m.GenericTile","properties":{"header":"Manage Resources"}},"wdio_ui5_key":"sapm.GenericTile{\"header\":\"Manage Resources\"}"}]}
RESULT: {"script":"<script> [1562 bytes]","args":[{"selector":{"controlType":"sap.m.GenericTile","properties":{"header":"Manage Resources"}},"wdio_ui5_key":"sapm.GenericTile{\"header\":\"Manage Resources\"}"}]}
RESULT: undefined
COMMAND: POST /session/39d2630e55d6b41de19dafc672cf7ebc/element - {"using":"xpath","value":"//*[@id=\"__tile39\"]"}
RESULT: {"using":"xpath","value":"//*[@id=\"__tile39\"]"}
COMMAND: POST /session/39d2630e55d6b41de19dafc672cf7ebc/element/f.7175ED2F8B48EB9387EF736E08AAAD55.d.A796C09797E13DD1A5302FCDA86C7764.e.3311/click - {}
RESULT: {}
COMMAND: GET /session/39d2630e55d6b41de19dafc672cf7ebc/screenshot - {}
RESULT: {}
COMMAND: POST /session/39d2630e55d6b41de19dafc672cf7ebc/element - {"using":"xpath","value":"//button[@data-kt=\"addNewRUOverflowToolbarButton\"]"}
RESULT: {"using":"xpath","value":"//button[@data-kt=\"addNewRUOverflowToolbarButton\"]"}
COMMAND: POST /session/39d2630e55d6b41de19dafc672cf7ebc/execute/sync - {"script":"<script> [8489 bytes]","args":[{"element-6066-11e4-a52e-4f735466cecf":"f.7175ED2F8B48EB9387EF736E08AAAD55.d.A796C09797E13DD1A5302FCDA86C7764.e.3381","ELEMENT":"f.7175ED2F8B48EB9387EF736E08AAAD55.d.A796C09797E13DD1A5302FCDA86C7764.e.3381"}]}
RESULT: {"script":"<script> [8489 bytes]","args":[{"element-6066-11e4-a52e-4f735466cecf":"f.7175ED2F8B48EB9387EF736E08AAAD55.d.A796C09797E13DD1A5302FCDA86C7764.e.3381","ELEMENT":"f.7175ED2F8B48EB9387EF736E08AAAD55.d.A796C09797E13DD1A5302FCDA86C7764.e.3381"}]}
COMMAND: POST /session/39d2630e55d6b41de19dafc672cf7ebc/element/f.7175ED2F8B48EB9387EF736E08AAAD55.d.A796C09797E13DD1A5302FCDA86C7764.e.3381/click - {}
COMMAND: GET /session/39d2630e55d6b41de19dafc672cf7ebc/screenshot - {}
RESULT: {}
COMMAND: GET /session/39d2630e55d6b41de19dafc672cf7ebc/screenshot - {}
RESULT: {}
COMMAND: POST /session/39d2630e55d6b41de19dafc672cf7ebc/execute/async - {"script":"<script> [1562 bytes]","args":[{"selector":{"id":"application-manageresources-display-component---newResourceUnit--TYPE-arrow"},"wdio_ui5_key":"applicationmanageresources-display-component---newResourceUnit--TYPE-arrow"}]}
RESULT: {}
RESULT: {"script":"<script> [1562 bytes]","args":[{"selector":{"id":"application-manageresources-display-component---newResourceUnit--TYPE-arrow"},"wdio_ui5_key":"applicationmanageresources-display-component---newResourceUnit--TYPE-arrow"}]}
RESULT: undefined
COMMAND: POST /session/39d2630e55d6b41de19dafc672cf7ebc/element - {"using":"xpath","value":"//*[@id=\"application-manageresources-display-component---newResourceUnit--TYPE-arrow\"]"}
RESULT: {"using":"xpath","value":"//*[@id=\"application-manageresources-display-component---newResourceUnit--TYPE-arrow\"]"}
COMMAND: POST /session/39d2630e55d6b41de19dafc672cf7ebc/element/f.7175ED2F8B48EB9387EF736E08AAAD55.d.A796C09797E13DD1A5302FCDA86C7764.e.3790/click - {}
RESULT: {}
COMMAND: POST /session/39d2630e55d6b41de19dafc672cf7ebc/execute/async - {"script":"<script> [1562 bytes]","args":[{"selector":{"controlType":"sap.m.StandardListItem","viewName":"reusables.view.manageresources.NewResourceUnit","viewId":"application-manageresources-display-component---newResourceUnit","properties":{"title":"Equipment"},"searchOpenDialogs":true,"interaction":{"idSuffix":"content"}},"wdio_ui5_key":"reusablesview.manageresources.NewResourceUnitsap.m.StandardListItem{\"title\":\"Equipment\"}"}]}
COMMAND: GET /session/39d2630e55d6b41de19dafc672cf7ebc/screenshot - {}
RESULT: {"script":"<script> [1562 bytes]","args":[{"selector":{"controlType":"sap.m.StandardListItem","viewName":"reusables.view.manageresources.NewResourceUnit","viewId":"application-manageresources-display-component---newResourceUnit","properties":{"title":"Equipment"},"searchOpenDialogs":true,"interaction":{"idSuffix":"content"}},"wdio_ui5_key":"reusablesview.manageresources.NewResourceUnitsap.m.StandardListItem{\"title\":\"Equipment\"}"}]}
RESULT: undefined
COMMAND: POST /session/39d2630e55d6b41de19dafc672cf7ebc/element - {"using":"xpath","value":"//*[@id=\"__item181\"]"}
RESULT: {}
RESULT: {"using":"xpath","value":"//*[@id=\"__item181\"]"}
COMMAND: POST /session/39d2630e55d6b41de19dafc672cf7ebc/element/f.7175ED2F8B48EB9387EF736E08AAAD55.d.A796C09797E13DD1A5302FCDA86C7764.e.3793/click - {}
RESULT: {}
COMMAND: POST /session/39d2630e55d6b41de19dafc672cf7ebc/execute/async - {"script":"<script> [1562 bytes]","args":[{"selector":{"id":"application-manageresources-display-component---newResourceUnit--resourceId","interaction":{"idSuffix":"inner"}},"wdio_ui5_key":"applicationmanageresources-display-component---newResourceUnit--resourceId"}]}
COMMAND: GET /session/39d2630e55d6b41de19dafc672cf7ebc/screenshot - {}
RESULT: {"script":"<script> [1562 bytes]","args":[{"selector":{"id":"application-manageresources-display-component---newResourceUnit--resourceId","interaction":{"idSuffix":"inner"}},"wdio_ui5_key":"applicationmanageresources-display-component---newResourceUnit--resourceId"}]}
RESULT: undefined
COMMAND: POST /session/39d2630e55d6b41de19dafc672cf7ebc/execute/async - {"script":"<script> [776 bytes]","args":[{"enterText":"WdIOR2cEquipwzblp","selector":{"id":"application-manageresources-display-component---newResourceUnit--resourceId","interaction":{"idSuffix":"inner"}},"clearTextFirst":true,"interactionType":"ENTER_TEXT"}]}
RESULT: {}
RESULT: {"script":"<script> [776 bytes]","args":[{"enterText":"WdIOR2cEquipwzblp","selector":{"id":"application-manageresources-display-component---newResourceUnit--resourceId","interaction":{"idSuffix":"inner"}},"clearTextFirst":true,"interactionType":"ENTER_TEXT"}]}
COMMAND: POST /session/39d2630e55d6b41de19dafc672cf7ebc/execute/async - {"script":"<script> [1562 bytes]","args":[{"selector":{"id":"application-manageresources-display-component---newResourceUnit--SHORT_TEXT","interaction":{"idSuffix":"inner"}},"wdio_ui5_key":"applicationmanageresources-display-component---newResourceUnit--SHORT_TEXT"}]}
RESULT: {"script":"<script> [1562 bytes]","args":[{"selector":{"id":"application-manageresources-display-component---newResourceUnit--SHORT_TEXT","interaction":{"idSuffix":"inner"}},"wdio_ui5_key":"applicationmanageresources-display-component---newResourceUnit--SHORT_TEXT"}]}
RESULT: undefined
COMMAND: POST /session/39d2630e55d6b41de19dafc672cf7ebc/execute/async - {"script":"<script> [776 bytes]","args":[{"enterText":"WdIOR2cEquipwzblp","selector":{"id":"application-manageresources-display-component---newResourceUnit--SHORT_TEXT","interaction":{"idSuffix":"inner"}},"clearTextFirst":true,"interactionType":"ENTER_TEXT"}]}
RESULT: {"script":"<script> [776 bytes]","args":[{"enterText":"WdIOR2cEquipwzblp","selector":{"id":"application-manageresources-display-component---newResourceUnit--SHORT_TEXT","interaction":{"idSuffix":"inner"}},"clearTextFirst":true,"interactionType":"ENTER_TEXT"}]}
COMMAND: POST /session/39d2630e55d6b41de19dafc672cf7ebc/execute/async - {"script":"<script> [1562 bytes]","args":[{"selector":{"id":"application-manageresources-display-component---newResourceUnit--BASE_UNIT_OF_MEASURE","interaction":{"idSuffix":"inner"}},"wdio_ui5_key":"applicationmanageresources-display-component---newResourceUnit--BASE_UNIT_OF_MEASURE"}]}
RESULT: {"script":"<script> [1562 bytes]","args":[{"selector":{"id":"application-manageresources-display-component---newResourceUnit--BASE_UNIT_OF_MEASURE","interaction":{"idSuffix":"inner"}},"wdio_ui5_key":"applicationmanageresources-display-component---newResourceUnit--BASE_UNIT_OF_MEASURE"}]}
RESULT: undefined
COMMAND: POST /session/39d2630e55d6b41de19dafc672cf7ebc/execute/async - {"script":"<script> [776 bytes]","args":[{"enterText":"Piece","selector":{"id":"application-manageresources-display-component---newResourceUnit--BASE_UNIT_OF_MEASURE","interaction":{"idSuffix":"inner"}},"clearTextFirst":true,"interactionType":"ENTER_TEXT"}]}
RESULT: {"script":"<script> [776 bytes]","args":[{"enterText":"Piece","selector":{"id":"application-manageresources-display-component---newResourceUnit--BASE_UNIT_OF_MEASURE","interaction":{"idSuffix":"inner"}},"clearTextFirst":true,"interactionType":"ENTER_TEXT"}]}
COMMAND: POST /session/39d2630e55d6b41de19dafc672cf7ebc/execute/async - {"script":"<script> [1562 bytes]","args":[{"selector":{"id":"application-manageresources-display-component---newResourceUnit--WEIGHT_UNIT","interaction":{"idSuffix":"inner"}},"wdio_ui5_key":"applicationmanageresources-display-component---newResourceUnit--WEIGHT_UNIT"}]}
RESULT: {"script":"<script> [1562 bytes]","args":[{"selector":{"id":"application-manageresources-display-component---newResourceUnit--WEIGHT_UNIT","interaction":{"idSuffix":"inner"}},"wdio_ui5_key":"applicationmanageresources-display-component---newResourceUnit--WEIGHT_UNIT"}]}
RESULT: undefined
COMMAND: POST /session/39d2630e55d6b41de19dafc672cf7ebc/execute/async - {"script":"<script> [776 bytes]","args":[{"enterText":"Gram","selector":{"id":"application-manageresources-display-component---newResourceUnit--WEIGHT_UNIT","interaction":{"idSuffix":"inner"}},"clearTextFirst":true,"interactionType":"ENTER_TEXT"}]}
RESULT: {"script":"<script> [776 bytes]","args":[{"enterText":"Gram","selector":{"id":"application-manageresources-display-component---newResourceUnit--WEIGHT_UNIT","interaction":{"idSuffix":"inner"}},"clearTextFirst":true,"interactionType":"ENTER_TEXT"}]}
COMMAND: POST /session/39d2630e55d6b41de19dafc672cf7ebc/execute/async - {"script":"<script> [1562 bytes]","args":[{"selector":{"id":"application-manageresources-display-component---newResourceUnit--newRRUPage-OPHeaderContent-collapseBtn-img"},"wdio_ui5_key":"applicationmanageresources-display-component---newResourceUnit--newRRUPage-OPHeaderContent-collapseBtn-img"}]}
RESULT: {"script":"<script> [1562 bytes]","args":[{"selector":{"id":"application-manageresources-display-component---newResourceUnit--newRRUPage-OPHeaderContent-collapseBtn-img"},"wdio_ui5_key":"applicationmanageresources-display-component---newResourceUnit--newRRUPage-OPHeaderContent-collapseBtn-img"}]}
RESULT: undefined
COMMAND: POST /session/39d2630e55d6b41de19dafc672cf7ebc/element - {"using":"xpath","value":"//*[@id=\"application-manageresources-display-component---newResourceUnit--newRRUPage-OPHeaderContent-collapseBtn-img\"]"}
RESULT: {"using":"xpath","value":"//*[@id=\"application-manageresources-display-component---newResourceUnit--newRRUPage-OPHeaderContent-collapseBtn-img\"]"}
COMMAND: POST /session/39d2630e55d6b41de19dafc672cf7ebc/element/f.7175ED2F8B48EB9387EF736E08AAAD55.d.A796C09797E13DD1A5302FCDA86C7764.e.3801/click - {}
RESULT: {}
COMMAND: GET /session/39d2630e55d6b41de19dafc672cf7ebc/screenshot - {}
RESULT: {}
COMMAND: POST /session/39d2630e55d6b41de19dafc672cf7ebc/element - {"using":"xpath","value":"(//span[contains(@id ,\"application-manageresources-display-component---newResourceUnit--DIMENSION_UNIT-arrow\")])[1]"}
RESULT: {"using":"xpath","value":"(//span[contains(@id ,\"application-manageresources-display-component---newResourceUnit--DIMENSION_UNIT-arrow\")])[1]"}
COMMAND: POST /session/39d2630e55d6b41de19dafc672cf7ebc/element/f.7175ED2F8B48EB9387EF736E08AAAD55.d.A796C09797E13DD1A5302FCDA86C7764.e.3926/click - {}
RESULT: {}
COMMAND: GET /session/39d2630e55d6b41de19dafc672cf7ebc/screenshot - {}
RESULT: {}
COMMAND: POST /session/39d2630e55d6b41de19dafc672cf7ebc/execute/async - {"script":"<script> [1562 bytes]","args":[{"selector":{"controlType":"sap.m.StandardListItem","viewName":"reusables.view.manageresources.NewResourceUnit","viewId":"application-manageresources-display-component---newResourceUnit","properties":{"title":"Centimeter"},"searchOpenDialogs":true,"interaction":{"idSuffix":"titleText"}},"wdio_ui5_key":"reusablesview.manageresources.NewResourceUnitsap.m.StandardListItem{\"title\":\"Centimeter\"}"}]}
RESULT: {"script":"<script> [1562 bytes]","args":[{"selector":{"controlType":"sap.m.StandardListItem","viewName":"reusables.view.manageresources.NewResourceUnit","viewId":"application-manageresources-display-component---newResourceUnit","properties":{"title":"Centimeter"},"searchOpenDialogs":true,"interaction":{"idSuffix":"titleText"}},"wdio_ui5_key":"reusablesview.manageresources.NewResourceUnitsap.m.StandardListItem{\"title\":\"Centimeter\"}"}]}
RESULT: undefined
COMMAND: POST /session/39d2630e55d6b41de19dafc672cf7ebc/element - {"using":"xpath","value":"//*[@id=\"__item224\"]"}
RESULT: {"using":"xpath","value":"//*[@id=\"__item224\"]"}
COMMAND: POST /session/39d2630e55d6b41de19dafc672cf7ebc/element/f.7175ED2F8B48EB9387EF736E08AAAD55.d.A796C09797E13DD1A5302FCDA86C7764.e.3928/click - {}
RESULT: {}
COMMAND: GET /session/39d2630e55d6b41de19dafc672cf7ebc/screenshot - {}
RESULT: {}
COMMAND: POST /session/39d2630e55d6b41de19dafc672cf7ebc/execute/async - {"script":"<script> [1562 bytes]","args":[{"selector":{"id":"application-manageresources-display-component---newResourceUnit--newRRUPage-anchBar-application-manageresources-display-component---newResourceUnit--control-anchor","interaction":{"idSuffix":"BDI-content"}},"wdio_ui5_key":"applicationmanageresources-display-component---newResourceUnit--newRRUPage-anchBar-application-manageresources-display-component---newResourceUnit--control-anchor"}]}
RESULT: {"script":"<script> [1562 bytes]","args":[{"selector":{"id":"application-manageresources-display-component---newResourceUnit--newRRUPage-anchBar-application-manageresources-display-component---newResourceUnit--control-anchor","interaction":{"idSuffix":"BDI-content"}},"wdio_ui5_key":"applicationmanageresources-display-component---newResourceUnit--newRRUPage-anchBar-application-manageresources-display-component---newResourceUnit--control-anchor"}]}
RESULT: undefined
COMMAND: POST /session/39d2630e55d6b41de19dafc672cf7ebc/element - {"using":"xpath","value":"//*[@id=\"application-manageresources-display-component---newResourceUnit--newRRUPage-anchBar-application-manageresources-display-component---newResourceUnit--control-anchor\"]"}
RESULT: {"using":"xpath","value":"//*[@id=\"application-manageresources-display-component---newResourceUnit--newRRUPage-anchBar-application-manageresources-display-component---newResourceUnit--control-anchor\"]"}
COMMAND: POST /session/39d2630e55d6b41de19dafc672cf7ebc/element/f.7175ED2F8B48EB9387EF736E08AAAD55.d.A796C09797E13DD1A5302FCDA86C7764.e.3930/click - {}
RESULT: {}
COMMAND: POST /session/39d2630e55d6b41de19dafc672cf7ebc/execute/async - {"script":"<script> [1562 bytes]","args":[{"selector":{"id":"application-manageresources-display-component---newResourceUnit--PLANNING_GROUP","interaction":{"idSuffix":"inner"}},"wdio_ui5_key":"applicationmanageresources-display-component---newResourceUnit--PLANNING_GROUP"}]}
COMMAND: GET /session/39d2630e55d6b41de19dafc672cf7ebc/screenshot - {}
RESULT: {"script":"<script> [1562 bytes]","args":[{"selector":{"id":"application-manageresources-display-component---newResourceUnit--PLANNING_GROUP","interaction":{"idSuffix":"inner"}},"wdio_ui5_key":"applicationmanageresources-display-component---newResourceUnit--PLANNING_GROUP"}]}
RESULT: undefined
COMMAND: POST /session/39d2630e55d6b41de19dafc672cf7ebc/execute/async - {"script":"<script> [776 bytes]","args":[{"enterText":"Heavy Equi","selector":{"id":"application-manageresources-display-component---newResourceUnit--PLANNING_GROUP","interaction":{"idSuffix":"inner"}},"clearTextFirst":true,"interactionType":"ENTER_TEXT"}]}
RESULT: {}
RESULT: {"script":"<script> [776 bytes]","args":[{"enterText":"Heavy Equi","selector":{"id":"application-manageresources-display-component---newResourceUnit--PLANNING_GROUP","interaction":{"idSuffix":"inner"}},"clearTextFirst":true,"interactionType":"ENTER_TEXT"}]}
COMMAND: POST /session/39d2630e55d6b41de19dafc672cf7ebc/execute/async - {"script":"<script> [1562 bytes]","args":[{"selector":{"id":"application-manageresources-display-component---newResourceUnit--ITEM_TYPE-arrow"},"wdio_ui5_key":"applicationmanageresources-display-component---newResourceUnit--ITEM_TYPE-arrow"}]}
RESULT: {"script":"<script> [1562 bytes]","args":[{"selector":{"id":"application-manageresources-display-component---newResourceUnit--ITEM_TYPE-arrow"},"wdio_ui5_key":"applicationmanageresources-display-component---newResourceUnit--ITEM_TYPE-arrow"}]}
RESULT: undefined
COMMAND: POST /session/39d2630e55d6b41de19dafc672cf7ebc/element - {"using":"xpath","value":"//*[@id=\"application-manageresources-display-component---newResourceUnit--ITEM_TYPE-arrow\"]"}
RESULT: {"using":"xpath","value":"//*[@id=\"application-manageresources-display-component---newResourceUnit--ITEM_TYPE-arrow\"]"}
COMMAND: POST /session/39d2630e55d6b41de19dafc672cf7ebc/element/f.7175ED2F8B48EB9387EF736E08AAAD55.d.A796C09797E13DD1A5302FCDA86C7764.e.3935/click - {}
RESULT: {}
COMMAND: POST /session/39d2630e55d6b41de19dafc672cf7ebc/execute/async - {"script":"<script> [1562 bytes]","args":[{"selector":{"controlType":"sap.m.StandardListItem","viewName":"reusables.view.manageresources.NewResourceUnit","viewId":"application-manageresources-display-component---newResourceUnit","properties":{"title":"Resource Unit"},"searchOpenDialogs":true,"interaction":{"idSuffix":"titleText"}},"wdio_ui5_key":"reusablesview.manageresources.NewResourceUnitsap.m.StandardListItem{\"title\":\"Resource Unit\"}"}]}
COMMAND: GET /session/39d2630e55d6b41de19dafc672cf7ebc/screenshot - {}
RESULT: {"script":"<script> [1562 bytes]","args":[{"selector":{"controlType":"sap.m.StandardListItem","viewName":"reusables.view.manageresources.NewResourceUnit","viewId":"application-manageresources-display-component---newResourceUnit","properties":{"title":"Resource Unit"},"searchOpenDialogs":true,"interaction":{"idSuffix":"titleText"}},"wdio_ui5_key":"reusablesview.manageresources.NewResourceUnitsap.m.StandardListItem{\"title\":\"Resource Unit\"}"}]}
RESULT: undefined
COMMAND: POST /session/39d2630e55d6b41de19dafc672cf7ebc/element - {"using":"xpath","value":"//*[@id=\"__item246\"]"}
RESULT: {}
RESULT: {"using":"xpath","value":"//*[@id=\"__item246\"]"}
COMMAND: POST /session/39d2630e55d6b41de19dafc672cf7ebc/element/f.7175ED2F8B48EB9387EF736E08AAAD55.d.A796C09797E13DD1A5302FCDA86C7764.e.3937/click - {}
RESULT: {}
COMMAND: POST /session/39d2630e55d6b41de19dafc672cf7ebc/element - {"using":"xpath","value":"//bdi[contains(text(), \"Time Segment\")]"}
COMMAND: GET /session/39d2630e55d6b41de19dafc672cf7ebc/screenshot - {}
RESULT: {"using":"xpath","value":"//bdi[contains(text(), \"Time Segment\")]"}
COMMAND: GET /session/39d2630e55d6b41de19dafc672cf7ebc/element/f.7175ED2F8B48EB9387EF736E08AAAD55.d.A796C09797E13DD1A5302FCDA86C7764.e.3938/rect - {}
RESULT: {}
RESULT: {}
COMMAND: GET /session/39d2630e55d6b41de19dafc672cf7ebc/window/rect - {}
RESULT: {}
COMMAND: POST /session/39d2630e55d6b41de19dafc672cf7ebc/execute/sync - {"script":"<script> [92 bytes]","args":[]}
RESULT: {"script":"<script> [92 bytes]","args":[]}
COMMAND: POST /session/39d2630e55d6b41de19dafc672cf7ebc/actions - {"actions":[{"id":"action7","type":"wheel","parameters":{},"actions":[{"type":"scroll","x":-1820,"y":-21,"deltaX":0,"deltaY":0,"duration":0,"origin":{"element-6066-11e4-a52e-4f735466cecf":"f.7175ED2F8B48EB9387EF736E08AAAD55.d.A796C09797E13DD1A5302FCDA86C7764.e.3938"}}]}]}
COMMAND: GET /session/39d2630e55d6b41de19dafc672cf7ebc/screenshot - {}
RESULT: {}
COMMAND: POST /session/39d2630e55d6b41de19dafc672cf7ebc/execute/sync - {"script":"<script> [79 bytes]","args":[{"element-6066-11e4-a52e-4f735466cecf":"f.7175ED2F8B48EB9387EF736E08AAAD55.d.A796C09797E13DD1A5302FCDA86C7764.e.3938","ELEMENT":"f.7175ED2F8B48EB9387EF736E08AAAD55.d.A796C09797E13DD1A5302FCDA86C7764.e.3938"},{"block":"start","inline":"nearest"}]}
RESULT: {"script":"<script> [79 bytes]","args":[{"element-6066-11e4-a52e-4f735466cecf":"f.7175ED2F8B48EB9387EF736E08AAAD55.d.A796C09797E13DD1A5302FCDA86C7764.e.3938","ELEMENT":"f.7175ED2F8B48EB9387EF736E08AAAD55.d.A796C09797E13DD1A5302FCDA86C7764.e.3938"},{"block":"start","inline":"nearest"}]}
COMMAND: POST /session/39d2630e55d6b41de19dafc672cf7ebc/execute/async - {"script":"<script> [1562 bytes]","args":[{"selector":{"id":"application-manageresources-display-component---newResourceUnit--btnAddTimeSegment-img"},"wdio_ui5_key":"applicationmanageresources-display-component---newResourceUnit--btnAddTimeSegment-img"}]}
COMMAND: GET /session/39d2630e55d6b41de19dafc672cf7ebc/screenshot - {}
RESULT: {"script":"<script> [1562 bytes]","args":[{"selector":{"id":"application-manageresources-display-component---newResourceUnit--btnAddTimeSegment-img"},"wdio_ui5_key":"applicationmanageresources-display-component---newResourceUnit--btnAddTimeSegment-img"}]}
RESULT: undefined
COMMAND: POST /session/39d2630e55d6b41de19dafc672cf7ebc/element - {"using":"xpath","value":"//*[@id=\"application-manageresources-display-component---newResourceUnit--btnAddTimeSegment-img\"]"}
RESULT: {}
RESULT: {"using":"xpath","value":"//*[@id=\"application-manageresources-display-component---newResourceUnit--btnAddTimeSegment-img\"]"}
COMMAND: POST /session/39d2630e55d6b41de19dafc672cf7ebc/element/f.7175ED2F8B48EB9387EF736E08AAAD55.d.A796C09797E13DD1A5302FCDA86C7764.e.3939/click - {}
RESULT: {}
COMMAND: GET /session/39d2630e55d6b41de19dafc672cf7ebc/screenshot - {}
RESULT: {}
COMMAND: POST /session/39d2630e55d6b41de19dafc672cf7ebc/element - {"using":"xpath","value":"//input[@id=\"application-manageresources-display-component---newResourceUnit--idRuTSAdmin-application-manageresources-display-component---newResourceUnit--RUTimeSegment-0-inner\"]"}
RESULT: {"using":"xpath","value":"//input[@id=\"application-manageresources-display-component---newResourceUnit--idRuTSAdmin-application-manageresources-display-component---newResourceUnit--RUTimeSegment-0-inner\"]"}
COMMAND: POST /session/39d2630e55d6b41de19dafc672cf7ebc/element/f.7175ED2F8B48EB9387EF736E08AAAD55.d.A796C09797E13DD1A5302FCDA86C7764.e.3945/clear - {}
RESULT: {}
COMMAND: POST /session/39d2630e55d6b41de19dafc672cf7ebc/element/f.7175ED2F8B48EB9387EF736E08AAAD55.d.A796C09797E13DD1A5302FCDA86C7764.e.3945/value - {"text":"WebdriverYardkro46"}
COMMAND: GET /session/39d2630e55d6b41de19dafc672cf7ebc/screenshot - {}
RESULT: {"text":"WebdriverYardkro46"}
COMMAND: GET /session/39d2630e55d6b41de19dafc672cf7ebc/screenshot - {}
RESULT: {}
RESULT: {}
COMMAND: POST /session/39d2630e55d6b41de19dafc672cf7ebc/actions - {"actions":[{"id":"action8","type":"key","parameters":{},"actions":[{"type":"keyDown","value":"î€‡"},{"type":"pause","duration":10},{"type":"keyUp","value":"î€‡"}]}]}
RESULT: {"actions":[{"id":"action8","type":"key","parameters":{},"actions":[{"type":"keyDown","value":"î€‡"},{"type":"pause","duration":10},{"type":"keyUp","value":"î€‡"}]}]}
COMMAND: POST /session/39d2630e55d6b41de19dafc672cf7ebc/execute/async - {"script":"<script> [1562 bytes]","args":[{"selector":{"controlType":"sap.ui.core.Icon","viewName":"reusables.view.manageresources.NewResourceUnit","viewId":"application-manageresources-display-component---newResourceUnit","properties":{"src":{"regex":{"source":"slim\\-arrow\\-down"}}},"ancestor":{"controlType":"sap.m.ComboBox","viewName":"reusables.view.manageresources.NewResourceUnit","viewId":"application-manageresources-display-component---newResourceUnit","bindingPath":{"path":"/RESOURCE_UNIT_TIME_SEQUENCES/0","propertyPath":"COST_OBJECT_ADMIN_CST_TYPE","modelName":"oNewRruModel"}}},"wdio_ui5_key":"reusablesview.manageresources.NewResourceUnitsap.ui.core.Icon{\"src\":{\"regex\":{\"source\":\"slim\\\\-arrow\\\\-down\"}}}{\"controlType\":\"sap.m.ComboBox\",\"viewName\":\"reusables.view.manageresources.NewResourceUnit\",\"viewId\":\"application-manageresources-display-component---newResourceUnit\",\"bindingPath\":{\"path\":\"/RESOURCE_UNIT_TIME_SEQUENCES/0\",\"propertyPath\":\"COST_OBJECT_ADMIN_CST_TYPE\",\"modelName\":\"oNewRruModel\"}}"}]}
COMMAND: GET /session/39d2630e55d6b41de19dafc672cf7ebc/screenshot - {}
RESULT: {"script":"<script> [1562 bytes]","args":[{"selector":{"controlType":"sap.ui.core.Icon","viewName":"reusables.view.manageresources.NewResourceUnit","viewId":"application-manageresources-display-component---newResourceUnit","properties":{"src":{"regex":{"source":"slim\\-arrow\\-down"}}},"ancestor":{"controlType":"sap.m.ComboBox","viewName":"reusables.view.manageresources.NewResourceUnit","viewId":"application-manageresources-display-component---newResourceUnit","bindingPath":{"path":"/RESOURCE_UNIT_TIME_SEQUENCES/0","propertyPath":"COST_OBJECT_ADMIN_CST_TYPE","modelName":"oNewRruModel"}}},"wdio_ui5_key":"reusablesview.manageresources.NewResourceUnitsap.ui.core.Icon{\"src\":{\"regex\":{\"source\":\"slim\\\\-arrow\\\\-down\"}}}{\"controlType\":\"sap.m.ComboBox\",\"viewName\":\"reusables.view.manageresources.NewResourceUnit\",\"viewId\":\"application-manageresources-display-component---newResourceUnit\",\"bindingPath\":{\"path\":\"/RESOURCE_UNIT_TIME_SEQUENCES/0\",\"propertyPath\":\"COST_OBJECT_ADMIN_CST_TYPE\",\"modelName\":\"oNewRruModel\"}}"}]}
RESULT: undefined
COMMAND: POST /session/39d2630e55d6b41de19dafc672cf7ebc/element - {"using":"xpath","value":"//*[@id=\"__box7-application-manageresources-display-component---newResourceUnit--RUTimeSegment-0-arrow\"]"}
RESULT: {}
RESULT: {"using":"xpath","value":"//*[@id=\"__box7-application-manageresources-display-component---newResourceUnit--RUTimeSegment-0-arrow\"]"}
COMMAND: POST /session/39d2630e55d6b41de19dafc672cf7ebc/element/f.7175ED2F8B48EB9387EF736E08AAAD55.d.A796C09797E13DD1A5302FCDA86C7764.e.3959/click - {}
RESULT: {}
COMMAND: POST /session/39d2630e55d6b41de19dafc672cf7ebc/execute/async - {"script":"<script> [1562 bytes]","args":[{"selector":{"controlType":"sap.m.StandardListItem","viewName":"reusables.view.manageresources.NewResourceUnit","viewId":"application-manageresources-display-component---newResourceUnit","properties":{"title":"PM Order"},"searchOpenDialogs":true,"interaction":{"idSuffix":"titleText"}},"wdio_ui5_key":"reusablesview.manageresources.NewResourceUnitsap.m.StandardListItem{\"title\":\"PM Order\"}"}]}
COMMAND: GET /session/39d2630e55d6b41de19dafc672cf7ebc/screenshot - {}
RESULT: {"script":"<script> [1562 bytes]","args":[{"selector":{"controlType":"sap.m.StandardListItem","viewName":"reusables.view.manageresources.NewResourceUnit","viewId":"application-manageresources-display-component---newResourceUnit","properties":{"title":"PM Order"},"searchOpenDialogs":true,"interaction":{"idSuffix":"titleText"}},"wdio_ui5_key":"reusablesview.manageresources.NewResourceUnitsap.m.StandardListItem{\"title\":\"PM Order\"}"}]}
RESULT: undefined
COMMAND: POST /session/39d2630e55d6b41de19dafc672cf7ebc/element - {"using":"xpath","value":"//*[@id=\"__item840\"]"}
RESULT: {}
RESULT: {"using":"xpath","value":"//*[@id=\"__item840\"]"}
COMMAND: POST /session/39d2630e55d6b41de19dafc672cf7ebc/element/f.7175ED2F8B48EB9387EF736E08AAAD55.d.A796C09797E13DD1A5302FCDA86C7764.e.3963/click - {}
RESULT: {}
COMMAND: GET /session/39d2630e55d6b41de19dafc672cf7ebc/screenshot - {}
RESULT: {}
COMMAND: POST /session/39d2630e55d6b41de19dafc672cf7ebc/element - {"using":"xpath","value":"(//input[contains(@id ,\"-application-manageresources-display-component---newResourceUnit--RUTimeSegment-0-inner\")])[8]"}
RESULT: {"using":"xpath","value":"(//input[contains(@id ,\"-application-manageresources-display-component---newResourceUnit--RUTimeSegment-0-inner\")])[8]"}
COMMAND: POST /session/39d2630e55d6b41de19dafc672cf7ebc/element/f.7175ED2F8B48EB9387EF736E08AAAD55.d.A796C09797E13DD1A5302FCDA86C7764.e.3966/clear - {}
RESULT: {}
COMMAND: POST /session/39d2630e55d6b41de19dafc672cf7ebc/element/f.7175ED2F8B48EB9387EF736E08AAAD55.d.A796C09797E13DD1A5302FCDA86C7764.e.3966/value - {"text":"4000360"}
COMMAND: GET /session/39d2630e55d6b41de19dafc672cf7ebc/screenshot - {}
RESULT: {"text":"4000360"}
COMMAND: GET /session/39d2630e55d6b41de19dafc672cf7ebc/screenshot - {}
RESULT: {}
RESULT: {}
COMMAND: POST /session/39d2630e55d6b41de19dafc672cf7ebc/actions - {"actions":[{"id":"action9","type":"key","parameters":{},"actions":[{"type":"keyDown","value":"î€‡"},{"type":"pause","duration":10},{"type":"keyUp","value":"î€‡"}]}]}
RESULT: {"actions":[{"id":"action9","type":"key","parameters":{},"actions":[{"type":"keyDown","value":"î€‡"},{"type":"pause","duration":10},{"type":"keyUp","value":"î€‡"}]}]}
COMMAND: GET /session/39d2630e55d6b41de19dafc672cf7ebc/screenshot - {}
RESULT: {}
COMMAND: POST /session/39d2630e55d6b41de19dafc672cf7ebc/element - {"using":"xpath","value":"//input[contains(@id ,\"application-manageresources-display-component---newResourceUnit--newTimeSegmentFromDatePicker-application-manageresources-display-component---newResourceUnit--RUTimeSegment-0-inner\")]"}
RESULT: {"using":"xpath","value":"//input[contains(@id ,\"application-manageresources-display-component---newResourceUnit--newTimeSegmentFromDatePicker-application-manageresources-display-component---newResourceUnit--RUTimeSegment-0-inner\")]"}
COMMAND: POST /session/39d2630e55d6b41de19dafc672cf7ebc/element/f.7175ED2F8B48EB9387EF736E08AAAD55.d.A796C09797E13DD1A5302FCDA86C7764.e.3952/clear - {}
RESULT: {}
COMMAND: POST /session/39d2630e55d6b41de19dafc672cf7ebc/element/f.7175ED2F8B48EB9387EF736E08AAAD55.d.A796C09797E13DD1A5302FCDA86C7764.e.3952/clear - {}
COMMAND: GET /session/39d2630e55d6b41de19dafc672cf7ebc/screenshot - {}
RESULT: {}
COMMAND: POST /session/39d2630e55d6b41de19dafc672cf7ebc/element/f.7175ED2F8B48EB9387EF736E08AAAD55.d.A796C09797E13DD1A5302FCDA86C7764.e.3952/value - {"text":"05/30/24"}
COMMAND: GET /session/39d2630e55d6b41de19dafc672cf7ebc/screenshot - {}
RESULT: {}
RESULT: {"text":"05/30/24"}
COMMAND: POST /session/39d2630e55d6b41de19dafc672cf7ebc/execute/async - {"script":"<script> [1562 bytes]","args":[{"selector":{"id":"application-manageresources-display-component---newResourceUnit--newRRUPage-anchBar-application-manageresources-display-component---newResourceUnit--resource-anchor","interaction":{"idSuffix":"BDI-content"}},"wdio_ui5_key":"applicationmanageresources-display-component---newResourceUnit--newRRUPage-anchBar-application-manageresources-display-component---newResourceUnit--resource-anchor"}]}
COMMAND: GET /session/39d2630e55d6b41de19dafc672cf7ebc/screenshot - {}
RESULT: {}
RESULT: {}
RESULT: {"script":"<script> [1562 bytes]","args":[{"selector":{"id":"application-manageresources-display-component---newResourceUnit--newRRUPage-anchBar-application-manageresources-display-component---newResourceUnit--resource-anchor","interaction":{"idSuffix":"BDI-content"}},"wdio_ui5_key":"applicationmanageresources-display-component---newResourceUnit--newRRUPage-anchBar-application-manageresources-display-component---newResourceUnit--resource-anchor"}]}
RESULT: undefined
COMMAND: POST /session/39d2630e55d6b41de19dafc672cf7ebc/element - {"using":"xpath","value":"//*[@id=\"application-manageresources-display-component---newResourceUnit--newRRUPage-anchBar-application-manageresources-display-component---newResourceUnit--resource-anchor\"]"}
RESULT: {"using":"xpath","value":"//*[@id=\"application-manageresources-display-component---newResourceUnit--newRRUPage-anchBar-application-manageresources-display-component---newResourceUnit--resource-anchor\"]"}
COMMAND: POST /session/39d2630e55d6b41de19dafc672cf7ebc/element/f.7175ED2F8B48EB9387EF736E08AAAD55.d.A796C09797E13DD1A5302FCDA86C7764.e.3987/click - {}
RESULT: {}
COMMAND: POST /session/39d2630e55d6b41de19dafc672cf7ebc/execute/async - {"script":"<script> [1562 bytes]","args":[{"selector":{"id":"application-manageresources-display-component---newResourceUnit--PLANNED_DELIVERY_DATE","interaction":{"idSuffix":"inner"}},"wdio_ui5_key":"applicationmanageresources-display-component---newResourceUnit--PLANNED_DELIVERY_DATE"}]}
COMMAND: GET /session/39d2630e55d6b41de19dafc672cf7ebc/screenshot - {}
RESULT: {"script":"<script> [1562 bytes]","args":[{"selector":{"id":"application-manageresources-display-component---newResourceUnit--PLANNED_DELIVERY_DATE","interaction":{"idSuffix":"inner"}},"wdio_ui5_key":"applicationmanageresources-display-component---newResourceUnit--PLANNED_DELIVERY_DATE"}]}
RESULT: undefined
COMMAND: POST /session/39d2630e55d6b41de19dafc672cf7ebc/execute/async - {"script":"<script> [6424 bytes]","args":[{"element-6066-11e4-a52e-4f735466cecf":"f.7175ED2F8B48EB9387EF736E08AAAD55.d.A796C09797E13DD1A5302FCDA86C7764.e.3847"},"setValue",["05/30/24"]]}
RESULT: {}
RESULT: {"script":"<script> [6424 bytes]","args":[{"element-6066-11e4-a52e-4f735466cecf":"f.7175ED2F8B48EB9387EF736E08AAAD55.d.A796C09797E13DD1A5302FCDA86C7764.e.3847"},"setValue",["05/30/24"]]}
COMMAND: POST /session/39d2630e55d6b41de19dafc672cf7ebc/execute/async - {"script":"<script> [1562 bytes]","args":[{"selector":{"id":"application-manageresources-display-component---newResourceUnit--RETIRE_PLANNED_DATE","interaction":{"idSuffix":"inner"}},"wdio_ui5_key":"applicationmanageresources-display-component---newResourceUnit--RETIRE_PLANNED_DATE"}]}
RESULT: {"script":"<script> [1562 bytes]","args":[{"selector":{"id":"application-manageresources-display-component---newResourceUnit--RETIRE_PLANNED_DATE","interaction":{"idSuffix":"inner"}},"wdio_ui5_key":"applicationmanageresources-display-component---newResourceUnit--RETIRE_PLANNED_DATE"}]}
RESULT: undefined
COMMAND: POST /session/39d2630e55d6b41de19dafc672cf7ebc/execute/async - {"script":"<script> [776 bytes]","args":[{"enterText":"3/14/29","selector":{"id":"application-manageresources-display-component---newResourceUnit--RETIRE_PLANNED_DATE","interaction":{"idSuffix":"inner"}},"clearTextFirst":true,"interactionType":"ENTER_TEXT"}]}
RESULT: {"script":"<script> [776 bytes]","args":[{"enterText":"3/14/29","selector":{"id":"application-manageresources-display-component---newResourceUnit--RETIRE_PLANNED_DATE","interaction":{"idSuffix":"inner"}},"clearTextFirst":true,"interactionType":"ENTER_TEXT"}]}
COMMAND: POST /session/39d2630e55d6b41de19dafc672cf7ebc/execute/async - {"script":"<script> [1562 bytes]","args":[{"selector":{"controlType":"sap.m.Button","viewName":"reusables.view.manageresources.NewResourceUnit","viewId":"application-manageresources-display-component---newResourceUnit","i18NText":{"propertyName":"tooltip","key":"save"},"interaction":{"idSuffix":"BDI-content"}},"wdio_ui5_key":"reusablesview.manageresources.NewResourceUnitsap.m.Button{\"propertyName\":\"tooltip\",\"key\":\"save\"}"}]}
RESULT: {"script":"<script> [1562 bytes]","args":[{"selector":{"controlType":"sap.m.Button","viewName":"reusables.view.manageresources.NewResourceUnit","viewId":"application-manageresources-display-component---newResourceUnit","i18NText":{"propertyName":"tooltip","key":"save"},"interaction":{"idSuffix":"BDI-content"}},"wdio_ui5_key":"reusablesview.manageresources.NewResourceUnitsap.m.Button{\"propertyName\":\"tooltip\",\"key\":\"save\"}"}]}
RESULT: undefined
COMMAND: POST /session/39d2630e55d6b41de19dafc672cf7ebc/element - {"using":"xpath","value":"//*[@id=\"application-manageresources-display-component---newResourceUnit--createRuButton\"]"}
RESULT: {"using":"xpath","value":"//*[@id=\"application-manageresources-display-component---newResourceUnit--createRuButton\"]"}
COMMAND: POST /session/39d2630e55d6b41de19dafc672cf7ebc/element/f.7175ED2F8B48EB9387EF736E08AAAD55.d.A796C09797E13DD1A5302FCDA86C7764.e.3807/click - {}
RESULT: {}
COMMAND: GET /session/39d2630e55d6b41de19dafc672cf7ebc/screenshot - {}
RESULT: {}
COMMAND: POST /session/39d2630e55d6b41de19dafc672cf7ebc/execute/async - {"script":"<script> [1562 bytes]","args":[{"selector":{"controlType":"sap.m.Button","properties":{"text":"Close"},"searchOpenDialogs":true,"interaction":{"idSuffix":"inner"}},"wdio_ui5_key":"sapm.Button{\"text\":\"Close\"}"}]}
RESULT: {"script":"<script> [1562 bytes]","args":[{"selector":{"controlType":"sap.m.Button","properties":{"text":"Close"},"searchOpenDialogs":true,"interaction":{"idSuffix":"inner"}},"wdio_ui5_key":"sapm.Button{\"text\":\"Close\"}"}]}
RESULT: undefined
COMMAND: POST /session/39d2630e55d6b41de19dafc672cf7ebc/element - {"using":"xpath","value":"//*[@id=\"__mbox-btn-0\"]"}
RESULT: {"using":"xpath","value":"//*[@id=\"__mbox-btn-0\"]"}
COMMAND: POST /session/39d2630e55d6b41de19dafc672cf7ebc/element/f.7175ED2F8B48EB9387EF736E08AAAD55.d.A796C09797E13DD1A5302FCDA86C7764.e.3995/click - {}
RESULT: {}
COMMAND: GET /session/39d2630e55d6b41de19dafc672cf7ebc/screenshot - {}
RESULT: {}
COMMAND: POST /session/39d2630e55d6b41de19dafc672cf7ebc/execute/async - {"script":"<script> [1562 bytes]","args":[{"selector":{"controlType":"sap.m.Text","viewName":"etm.portal.ui.manageresources.view.Detail","viewId":"application-manageresources-display-component---detailRU","bindingPath":{"propertyPath":"ID","modelName":"catalogModel"}},"wdio_ui5_key":"etmportal.ui.manageresources.view.Detailsap.m.Text{\"propertyPath\":\"ID\",\"modelName\":\"catalogModel\"}"}]}
RESULT: {"script":"<script> [1562 bytes]","args":[{"selector":{"controlType":"sap.m.Text","viewName":"etm.portal.ui.manageresources.view.Detail","viewId":"application-manageresources-display-component---detailRU","bindingPath":{"propertyPath":"ID","modelName":"catalogModel"}},"wdio_ui5_key":"etmportal.ui.manageresources.view.Detailsap.m.Text{\"propertyPath\":\"ID\",\"modelName\":\"catalogModel\"}"}]}
RESULT: undefined
COMMAND: POST /session/39d2630e55d6b41de19dafc672cf7ebc/execute/async - {"script":"<script> [6424 bytes]","args":[{"element-6066-11e4-a52e-4f735466cecf":"f.7175ED2F8B48EB9387EF736E08AAAD55.d.A796C09797E13DD1A5302FCDA86C7764.e.4052"},"getText",[]]}
RESULT: {"script":"<script> [6424 bytes]","args":[{"element-6066-11e4-a52e-4f735466cecf":"f.7175ED2F8B48EB9387EF736E08AAAD55.d.A796C09797E13DD1A5302FCDA86C7764.e.4052"},"getText",[]]}
COMMAND: POST /session/39d2630e55d6b41de19dafc672cf7ebc/element - {"using":"css selector","value":"#shell-header-logo"}
RESULT: {"using":"css selector","value":"#shell-header-logo"}
COMMAND: POST /session/39d2630e55d6b41de19dafc672cf7ebc/element/f.7175ED2F8B48EB9387EF736E08AAAD55.d.A796C09797E13DD1A5302FCDA86C7764.e.3314/click - {}
RESULT: {}
COMMAND: GET /session/39d2630e55d6b41de19dafc672cf7ebc/screenshot - {}
RESULT: {}
COMMAND: POST /session/39d2630e55d6b41de19dafc672cf7ebc/execute/async - {"script":"<script> [1562 bytes]","args":[{"selector":{"controlType":"sap.m.GenericTile","properties":{"header":"Manage Catalogs"}},"wdio_ui5_key":"sapm.GenericTile{\"header\":\"Manage Catalogs\"}"}]}
RESULT: {"script":"<script> [1562 bytes]","args":[{"selector":{"controlType":"sap.m.GenericTile","properties":{"header":"Manage Catalogs"}},"wdio_ui5_key":"sapm.GenericTile{\"header\":\"Manage Catalogs\"}"}]}
RESULT: undefined
COMMAND: POST /session/39d2630e55d6b41de19dafc672cf7ebc/element - {"using":"xpath","value":"//*[@id=\"__tile37\"]"}
RESULT: {"using":"xpath","value":"//*[@id=\"__tile37\"]"}
COMMAND: POST /session/39d2630e55d6b41de19dafc672cf7ebc/element/f.7175ED2F8B48EB9387EF736E08AAAD55.d.A796C09797E13DD1A5302FCDA86C7764.e.4054/click - {}
RESULT: {}
COMMAND: GET /session/39d2630e55d6b41de19dafc672cf7ebc/screenshot - {}
RESULT: {}
COMMAND: POST /session/39d2630e55d6b41de19dafc672cf7ebc/execute/async - {"script":"<script> [1562 bytes]","args":[{"selector":{"controlType":"sap.m.Text","viewName":"etm.portal.ui.managecatalogs.view.MasterCatalogs","viewId":"application-managecatalogs-display-component---masterCatalogs","bindingPath":{"path":"/Catalogs('0D7502D073D53A0F1700BE067B89AFF9')","propertyPath":"DESCRIPTION","modelName":"catalogModel"}},"wdio_ui5_key":"etmportal.ui.managecatalogs.view.MasterCatalogssap.m.Text{\"path\":\"/Catalogs('0D7502D073D53A0F1700BE067B89AFF9')\",\"propertyPath\":\"DESCRIPTION\",\"modelName\":\"catalogModel\"}"}]}
RESULT: {"script":"<script> [1562 bytes]","args":[{"selector":{"controlType":"sap.m.Text","viewName":"etm.portal.ui.managecatalogs.view.MasterCatalogs","viewId":"application-managecatalogs-display-component---masterCatalogs","bindingPath":{"path":"/Catalogs('0D7502D073D53A0F1700BE067B89AFF9')","propertyPath":"DESCRIPTION","modelName":"catalogModel"}},"wdio_ui5_key":"etmportal.ui.managecatalogs.view.MasterCatalogssap.m.Text{\"path\":\"/Catalogs('0D7502D073D53A0F1700BE067B89AFF9')\",\"propertyPath\":\"DESCRIPTION\",\"modelName\":\"catalogModel\"}"}]}
RESULT: undefined
COMMAND: POST /session/39d2630e55d6b41de19dafc672cf7ebc/element - {"using":"xpath","value":"//*[@id=\"__text939-application-managecatalogs-display-component---masterCatalogs--CatalogsTable-11\"]"}
RESULT: {"using":"xpath","value":"//*[@id=\"__text939-application-managecatalogs-display-component---masterCatalogs--CatalogsTable-11\"]"}
COMMAND: POST /session/39d2630e55d6b41de19dafc672cf7ebc/element/f.7175ED2F8B48EB9387EF736E08AAAD55.d.A796C09797E13DD1A5302FCDA86C7764.e.4123/click - {}
RESULT: {}
COMMAND: POST /session/39d2630e55d6b41de19dafc672cf7ebc/execute/async - {"script":"<script> [1562 bytes]","args":[{"selector":{"controlType":"sap.ui.layout.HorizontalLayout","viewName":"etm.portal.ui.managecatalogs.view.MasterItems","viewId":"application-managecatalogs-display-component---masterCatalogItems","ancestor":{"id":"application-managecatalogs-display-component---masterCatalogItems--idCatalogItemsTree-rows-row0"}},"wdio_ui5_key":"etmportal.ui.managecatalogs.view.MasterItemssap.ui.layout.HorizontalLayout{\"id\":\"application-managecatalogs-display-component---masterCatalogItems--idCatalogItemsTree-rows-row0\"}"}]}
COMMAND: GET /session/39d2630e55d6b41de19dafc672cf7ebc/screenshot - {}
RESULT: {"script":"<script> [1562 bytes]","args":[{"selector":{"controlType":"sap.ui.layout.HorizontalLayout","viewName":"etm.portal.ui.managecatalogs.view.MasterItems","viewId":"application-managecatalogs-display-component---masterCatalogItems","ancestor":{"id":"application-managecatalogs-display-component---masterCatalogItems--idCatalogItemsTree-rows-row0"}},"wdio_ui5_key":"etmportal.ui.managecatalogs.view.MasterItemssap.ui.layout.HorizontalLayout{\"id\":\"application-managecatalogs-display-component---masterCatalogItems--idCatalogItemsTree-rows-row0\"}"}]}
RESULT: undefined
COMMAND: POST /session/39d2630e55d6b41de19dafc672cf7ebc/element - {"using":"xpath","value":"//*[@id=\"__layout280-__clone2422\"]"}
RESULT: {}
RESULT: {"using":"xpath","value":"//*[@id=\"__layout280-__clone2422\"]"}
COMMAND: POST /session/39d2630e55d6b41de19dafc672cf7ebc/element/f.7175ED2F8B48EB9387EF736E08AAAD55.d.A796C09797E13DD1A5302FCDA86C7764.e.4157/click - {}
RESULT: {}
COMMAND: GET /session/39d2630e55d6b41de19dafc672cf7ebc/screenshot - {}
RESULT: {}
COMMAND: POST /session/39d2630e55d6b41de19dafc672cf7ebc/execute/async - {"script":"<script> [1562 bytes]","args":[{"selector":{"controlType":"sap.m.Button","viewName":"etm.portal.ui.managecatalogs.view.Detail","viewId":"application-managecatalogs-display-component---detailCatalog","i18NText":{"propertyName":"text","key":"edit"},"interaction":{"idSuffix":"BDI-content"}},"wdio_ui5_key":"etmportal.ui.managecatalogs.view.Detailsap.m.Button{\"propertyName\":\"text\",\"key\":\"edit\"}"}]}
RESULT: {"script":"<script> [1562 bytes]","args":[{"selector":{"controlType":"sap.m.Button","viewName":"etm.portal.ui.managecatalogs.view.Detail","viewId":"application-managecatalogs-display-component---detailCatalog","i18NText":{"propertyName":"text","key":"edit"},"interaction":{"idSuffix":"BDI-content"}},"wdio_ui5_key":"etmportal.ui.managecatalogs.view.Detailsap.m.Button{\"propertyName\":\"text\",\"key\":\"edit\"}"}]}
RESULT: undefined
COMMAND: POST /session/39d2630e55d6b41de19dafc672cf7ebc/element - {"using":"xpath","value":"//*[@id=\"__button122\"]"}
RESULT: {"using":"xpath","value":"//*[@id=\"__button122\"]"}
COMMAND: POST /session/39d2630e55d6b41de19dafc672cf7ebc/element/f.7175ED2F8B48EB9387EF736E08AAAD55.d.A796C09797E13DD1A5302FCDA86C7764.e.4272/click - {}
RESULT: {}
COMMAND: GET /session/39d2630e55d6b41de19dafc672cf7ebc/screenshot - {}
RESULT: {}
COMMAND: POST /session/39d2630e55d6b41de19dafc672cf7ebc/element - {"using":"xpath","value":"//bdi[contains(text(), \"Unlock\")]"}
RESULT: {"using":"xpath","value":"//bdi[contains(text(), \"Unlock\")]"}
COMMAND: POST /session/39d2630e55d6b41de19dafc672cf7ebc/elements - {"using":"xpath","value":"//bdi[contains(text(), \"Unlock\")]"}
RESULT: {"using":"xpath","value":"//bdi[contains(text(), \"Unlock\")]"}
COMMAND: POST /session/39d2630e55d6b41de19dafc672cf7ebc/execute/async - {"script":"<script> [1562 bytes]","args":[{"selector":{"controlType":"sap.ui.core.Icon","viewName":"etm.portal.ui.managecatalogs.view.Detail","viewId":"application-managecatalogs-display-component---detailCatalog","properties":{"src":{"regex":{"source":"add\\-folder"}}}},"wdio_ui5_key":"etmportal.ui.managecatalogs.view.Detailsap.ui.core.Icon{\"src\":{\"regex\":{\"source\":\"add\\\\-folder\"}}}"}]}
RESULT: {"script":"<script> [1562 bytes]","args":[{"selector":{"controlType":"sap.ui.core.Icon","viewName":"etm.portal.ui.managecatalogs.view.Detail","viewId":"application-managecatalogs-display-component---detailCatalog","properties":{"src":{"regex":{"source":"add\\-folder"}}}},"wdio_ui5_key":"etmportal.ui.managecatalogs.view.Detailsap.ui.core.Icon{\"src\":{\"regex\":{\"source\":\"add\\\\-folder\"}}}"}]}
RESULT: undefined
COMMAND: POST /session/39d2630e55d6b41de19dafc672cf7ebc/element - {"using":"xpath","value":"//*[@id=\"__button130-img\"]"}
RESULT: {"using":"xpath","value":"//*[@id=\"__button130-img\"]"}
COMMAND: POST /session/39d2630e55d6b41de19dafc672cf7ebc/element/f.7175ED2F8B48EB9387EF736E08AAAD55.d.A796C09797E13DD1A5302FCDA86C7764.e.4282/click - {}
RESULT: {}
COMMAND: GET /session/39d2630e55d6b41de19dafc672cf7ebc/screenshot - {}
RESULT: {}
COMMAND: POST /session/39d2630e55d6b41de19dafc672cf7ebc/execute/async - {"script":"<script> [1562 bytes]","args":[{"selector":{"id":"application-managecatalogs-display-component---detailCatalog--numberInput","searchOpenDialogs":true,"interaction":{"idSuffix":"inner"}},"wdio_ui5_key":"applicationmanagecatalogs-display-component---detailCatalog--numberInput"}]}
RESULT: {"script":"<script> [1562 bytes]","args":[{"selector":{"id":"application-managecatalogs-display-component---detailCatalog--numberInput","searchOpenDialogs":true,"interaction":{"idSuffix":"inner"}},"wdio_ui5_key":"applicationmanagecatalogs-display-component---detailCatalog--numberInput"}]}
RESULT: undefined
COMMAND: POST /session/39d2630e55d6b41de19dafc672cf7ebc/execute/async - {"script":"<script> [776 bytes]","args":[{"enterText":"Sectionyfc8w","selector":{"id":"application-managecatalogs-display-component---detailCatalog--numberInput","searchOpenDialogs":true,"interaction":{"idSuffix":"inner"}},"clearTextFirst":true,"interactionType":"ENTER_TEXT"}]}
RESULT: {"script":"<script> [776 bytes]","args":[{"enterText":"Sectionyfc8w","selector":{"id":"application-managecatalogs-display-component---detailCatalog--numberInput","searchOpenDialogs":true,"interaction":{"idSuffix":"inner"}},"clearTextFirst":true,"interactionType":"ENTER_TEXT"}]}
COMMAND: POST /session/39d2630e55d6b41de19dafc672cf7ebc/element - {"using":"css selector","value":"#application-managecatalogs-display-component---detailCatalog--nameInput-inner"}
RESULT: {"using":"css selector","value":"#application-managecatalogs-display-component---detailCatalog--nameInput-inner"}
COMMAND: POST /session/39d2630e55d6b41de19dafc672cf7ebc/elements - {"using":"css selector","value":"#application-managecatalogs-display-component---detailCatalog--nameInput-inner"}
RESULT: {"using":"css selector","value":"#application-managecatalogs-display-component---detailCatalog--nameInput-inner"}
COMMAND: POST /session/39d2630e55d6b41de19dafc672cf7ebc/element/f.7175ED2F8B48EB9387EF736E08AAAD55.d.A796C09797E13DD1A5302FCDA86C7764.e.4286/clear - {}
RESULT: {}
COMMAND: POST /session/39d2630e55d6b41de19dafc672cf7ebc/element/f.7175ED2F8B48EB9387EF736E08AAAD55.d.A796C09797E13DD1A5302FCDA86C7764.e.4286/value - {"text":"Webdriveraps19"}
COMMAND: GET /session/39d2630e55d6b41de19dafc672cf7ebc/screenshot - {}
RESULT: {"text":"Webdriveraps19"}
COMMAND: POST /session/39d2630e55d6b41de19dafc672cf7ebc/execute/async - {"script":"<script> [1562 bytes]","args":[{"selector":{"controlType":"sap.m.Button","viewName":"etm.portal.ui.managecatalogs.view.Detail","viewId":"application-managecatalogs-display-component---detailCatalog","i18NText":{"propertyName":"text","key":"create"},"searchOpenDialogs":true,"interaction":{"idSuffix":"BDI-content"}},"wdio_ui5_key":"etmportal.ui.managecatalogs.view.Detailsap.m.Button{\"propertyName\":\"text\",\"key\":\"create\"}"}]}
COMMAND: GET /session/39d2630e55d6b41de19dafc672cf7ebc/screenshot - {}
RESULT: {}
RESULT: {"script":"<script> [1562 bytes]","args":[{"selector":{"controlType":"sap.m.Button","viewName":"etm.portal.ui.managecatalogs.view.Detail","viewId":"application-managecatalogs-display-component---detailCatalog","i18NText":{"propertyName":"text","key":"create"},"searchOpenDialogs":true,"interaction":{"idSuffix":"BDI-content"}},"wdio_ui5_key":"etmportal.ui.managecatalogs.view.Detailsap.m.Button{\"propertyName\":\"text\",\"key\":\"create\"}"}]}
RESULT: undefined
COMMAND: POST /session/39d2630e55d6b41de19dafc672cf7ebc/element - {"using":"xpath","value":"//*[@id=\"__button100\"]"}
RESULT: {}
RESULT: {"using":"xpath","value":"//*[@id=\"__button100\"]"}
COMMAND: POST /session/39d2630e55d6b41de19dafc672cf7ebc/element/f.7175ED2F8B48EB9387EF736E08AAAD55.d.A796C09797E13DD1A5302FCDA86C7764.e.4291/click - {}
RESULT: {}
COMMAND: GET /session/39d2630e55d6b41de19dafc672cf7ebc/screenshot - {}
RESULT: {}
COMMAND: POST /session/39d2630e55d6b41de19dafc672cf7ebc/element - {"using":"xpath","value":"//button[@title=\"Save\"]"}
RESULT: {"using":"xpath","value":"//button[@title=\"Save\"]"}
COMMAND: POST /session/39d2630e55d6b41de19dafc672cf7ebc/element/f.7175ED2F8B48EB9387EF736E08AAAD55.d.A796C09797E13DD1A5302FCDA86C7764.e.4292/click - {}
RESULT: {}
COMMAND: POST /session/39d2630e55d6b41de19dafc672cf7ebc/execute/async - {"script":"<script> [1562 bytes]","args":[{"selector":{"controlType":"sap.ui.core.Icon","viewName":"etm.portal.ui.managecatalogs.view.Detail","viewId":"application-managecatalogs-display-component---detailCatalog","properties":{"src":{"regex":{"source":"decline"}}}},"wdio_ui5_key":"etmportal.ui.managecatalogs.view.Detailsap.ui.core.Icon{\"src\":{\"regex\":{\"source\":\"decline\"}}}"}]}
COMMAND: GET /session/39d2630e55d6b41de19dafc672cf7ebc/screenshot - {}
RESULT: {"script":"<script> [1562 bytes]","args":[{"selector":{"controlType":"sap.ui.core.Icon","viewName":"etm.portal.ui.managecatalogs.view.Detail","viewId":"application-managecatalogs-display-component---detailCatalog","properties":{"src":{"regex":{"source":"decline"}}}},"wdio_ui5_key":"etmportal.ui.managecatalogs.view.Detailsap.ui.core.Icon{\"src\":{\"regex\":{\"source\":\"decline\"}}}"}]}
RESULT: undefined
COMMAND: POST /session/39d2630e55d6b41de19dafc672cf7ebc/element - {"using":"xpath","value":"//*[@id=\"__button125-img\"]"}
RESULT: {}
RESULT: {"using":"xpath","value":"//*[@id=\"__button125-img\"]"}
COMMAND: POST /session/39d2630e55d6b41de19dafc672cf7ebc/element/f.7175ED2F8B48EB9387EF736E08AAAD55.d.A796C09797E13DD1A5302FCDA86C7764.e.4298/click - {}
RESULT: {}
COMMAND: GET /session/39d2630e55d6b41de19dafc672cf7ebc/screenshot - {}
RESULT: {}
COMMAND: POST /session/39d2630e55d6b41de19dafc672cf7ebc/execute/async - {"script":"<script> [1562 bytes]","args":[{"selector":{"controlType":"sap.ui.core.Icon","viewName":"etm.portal.ui.managecatalogs.view.MasterItems","viewId":"application-managecatalogs-display-component---masterCatalogItems","properties":{"src":{"regex":{"source":"refresh"}}}},"wdio_ui5_key":"etmportal.ui.managecatalogs.view.MasterItemssap.ui.core.Icon{\"src\":{\"regex\":{\"source\":\"refresh\"}}}"}]}
RESULT: {"script":"<script> [1562 bytes]","args":[{"selector":{"controlType":"sap.ui.core.Icon","viewName":"etm.portal.ui.managecatalogs.view.MasterItems","viewId":"application-managecatalogs-display-component---masterCatalogItems","properties":{"src":{"regex":{"source":"refresh"}}}},"wdio_ui5_key":"etmportal.ui.managecatalogs.view.MasterItemssap.ui.core.Icon{\"src\":{\"regex\":{\"source\":\"refresh\"}}}"}]}
RESULT: undefined
COMMAND: POST /session/39d2630e55d6b41de19dafc672cf7ebc/element - {"using":"xpath","value":"//*[@id=\"__button98-img\"]"}
RESULT: {"using":"xpath","value":"//*[@id=\"__button98-img\"]"}
COMMAND: POST /session/39d2630e55d6b41de19dafc672cf7ebc/element/f.7175ED2F8B48EB9387EF736E08AAAD55.d.A796C09797E13DD1A5302FCDA86C7764.e.4332/click - {}
RESULT: {}
COMMAND: POST /session/39d2630e55d6b41de19dafc672cf7ebc/execute/async - {"script":"<script> [1562 bytes]","args":[{"selector":{"id":"application-managecatalogs-display-component---masterCatalogItems--searchItemsField","interaction":{"idSuffix":"I"}},"wdio_ui5_key":"applicationmanagecatalogs-display-component---masterCatalogItems--searchItemsField"}]}
COMMAND: GET /session/39d2630e55d6b41de19dafc672cf7ebc/screenshot - {}
RESULT: {"script":"<script> [1562 bytes]","args":[{"selector":{"id":"application-managecatalogs-display-component---masterCatalogItems--searchItemsField","interaction":{"idSuffix":"I"}},"wdio_ui5_key":"applicationmanagecatalogs-display-component---masterCatalogItems--searchItemsField"}]}
RESULT: undefined
COMMAND: POST /session/39d2630e55d6b41de19dafc672cf7ebc/execute/async - {"script":"<script> [776 bytes]","args":[{"enterText":"Webdriveraps19","selector":{"id":"application-managecatalogs-display-component---masterCatalogItems--searchItemsField","interaction":{"idSuffix":"I"}},"clearTextFirst":true,"interactionType":"ENTER_TEXT"}]}
RESULT: {}
RESULT: {"script":"<script> [776 bytes]","args":[{"enterText":"Webdriveraps19","selector":{"id":"application-managecatalogs-display-component---masterCatalogItems--searchItemsField","interaction":{"idSuffix":"I"}},"clearTextFirst":true,"interactionType":"ENTER_TEXT"}]}
COMMAND: POST /session/39d2630e55d6b41de19dafc672cf7ebc/actions - {"actions":[{"id":"action10","type":"key","parameters":{},"actions":[{"type":"keyDown","value":"î€‡"},{"type":"pause","duration":10},{"type":"keyUp","value":"î€‡"}]}]}
RESULT: {"actions":[{"id":"action10","type":"key","parameters":{},"actions":[{"type":"keyDown","value":"î€‡"},{"type":"pause","duration":10},{"type":"keyUp","value":"î€‡"}]}]}
COMMAND: POST /session/39d2630e55d6b41de19dafc672cf7ebc/element - {"using":"xpath","value":"(//span[contains(text(), \"Webdriveraps19\")])[1]"}
COMMAND: GET /session/39d2630e55d6b41de19dafc672cf7ebc/screenshot - {}
RESULT: {"using":"xpath","value":"(//span[contains(text(), \"Webdriveraps19\")])[1]"}
COMMAND: POST /session/39d2630e55d6b41de19dafc672cf7ebc/element/f.7175ED2F8B48EB9387EF736E08AAAD55.d.A796C09797E13DD1A5302FCDA86C7764.e.4335/click - {}
RESULT: {}
RESULT: {}
COMMAND: GET /session/39d2630e55d6b41de19dafc672cf7ebc/screenshot - {}
RESULT: {}
RESULT: undefined
COMMAND: POST /session/39d2630e55d6b41de19dafc672cf7ebc/element - {"using":"xpath","value":"//*[@id=\"__button122\"]"}
RESULT: {"using":"xpath","value":"//*[@id=\"__button122\"]"}
COMMAND: POST /session/39d2630e55d6b41de19dafc672cf7ebc/element/f.7175ED2F8B48EB9387EF736E08AAAD55.d.A796C09797E13DD1A5302FCDA86C7764.e.4372/click - {}
RESULT: {}
COMMAND: GET /session/39d2630e55d6b41de19dafc672cf7ebc/screenshot - {}
RESULT: {}
RESULT: undefined
COMMAND: POST /session/39d2630e55d6b41de19dafc672cf7ebc/element - {"using":"xpath","value":"//*[@id=\"__button130-img\"]"}
RESULT: {"using":"xpath","value":"//*[@id=\"__button130-img\"]"}
COMMAND: POST /session/39d2630e55d6b41de19dafc672cf7ebc/element/f.7175ED2F8B48EB9387EF736E08AAAD55.d.A796C09797E13DD1A5302FCDA86C7764.e.4420/click - {}
RESULT: {}
COMMAND: GET /session/39d2630e55d6b41de19dafc672cf7ebc/screenshot - {}
RESULT: {}
RESULT: undefined
COMMAND: POST /session/39d2630e55d6b41de19dafc672cf7ebc/execute/async - {"script":"<script> [776 bytes]","args":[{"enterText":"SecondSectionpoqaa","selector":{"id":"application-managecatalogs-display-component---detailCatalog--numberInput","searchOpenDialogs":true,"interaction":{"idSuffix":"inner"}},"clearTextFirst":true,"interactionType":"ENTER_TEXT"}]}
RESULT: {"script":"<script> [776 bytes]","args":[{"enterText":"SecondSectionpoqaa","selector":{"id":"application-managecatalogs-display-component---detailCatalog--numberInput","searchOpenDialogs":true,"interaction":{"idSuffix":"inner"}},"clearTextFirst":true,"interactionType":"ENTER_TEXT"}]}
COMMAND: POST /session/39d2630e55d6b41de19dafc672cf7ebc/element - {"using":"xpath","value":"//input[contains(@id ,\"application-managecatalogs-display-component---detailCatalog--nameInput-inner\")]"}
RESULT: {"using":"xpath","value":"//input[contains(@id ,\"application-managecatalogs-display-component---detailCatalog--nameInput-inner\")]"}
COMMAND: POST /session/39d2630e55d6b41de19dafc672cf7ebc/elements - {"using":"xpath","value":"//input[contains(@id ,\"application-managecatalogs-display-component---detailCatalog--nameInput-inner\")]"}
RESULT: {"using":"xpath","value":"//input[contains(@id ,\"application-managecatalogs-display-component---detailCatalog--nameInput-inner\")]"}
COMMAND: POST /session/39d2630e55d6b41de19dafc672cf7ebc/element/f.7175ED2F8B48EB9387EF736E08AAAD55.d.A796C09797E13DD1A5302FCDA86C7764.e.4423/clear - {}
RESULT: {}
COMMAND: POST /session/39d2630e55d6b41de19dafc672cf7ebc/element/f.7175ED2F8B48EB9387EF736E08AAAD55.d.A796C09797E13DD1A5302FCDA86C7764.e.4423/value - {"text":"webdriversecondbjh39"}
COMMAND: GET /session/39d2630e55d6b41de19dafc672cf7ebc/screenshot - {}
RESULT: {"text":"webdriversecondbjh39"}
RESULT: undefined
COMMAND: POST /session/39d2630e55d6b41de19dafc672cf7ebc/element - {"using":"xpath","value":"//*[@id=\"__button100\"]"}
COMMAND: GET /session/39d2630e55d6b41de19dafc672cf7ebc/screenshot - {}
RESULT: {}
RESULT: {"using":"xpath","value":"//*[@id=\"__button100\"]"}
COMMAND: POST /session/39d2630e55d6b41de19dafc672cf7ebc/element/f.7175ED2F8B48EB9387EF736E08AAAD55.d.A796C09797E13DD1A5302FCDA86C7764.e.4427/click - {}
RESULT: {}
RESULT: {}
COMMAND: GET /session/39d2630e55d6b41de19dafc672cf7ebc/screenshot - {}
RESULT: {}
COMMAND: POST /session/39d2630e55d6b41de19dafc672cf7ebc/element - {"using":"xpath","value":"//button[@title=\"Save\"]"}
RESULT: {"using":"xpath","value":"//button[@title=\"Save\"]"}
COMMAND: POST /session/39d2630e55d6b41de19dafc672cf7ebc/element/f.7175ED2F8B48EB9387EF736E08AAAD55.d.A796C09797E13DD1A5302FCDA86C7764.e.4405/click - {}
RESULT: {}
COMMAND: GET /session/39d2630e55d6b41de19dafc672cf7ebc/screenshot - {}
RESULT: {}
RESULT: undefined
COMMAND: POST /session/39d2630e55d6b41de19dafc672cf7ebc/element - {"using":"xpath","value":"//*[@id=\"__button125-img\"]"}
RESULT: {"using":"xpath","value":"//*[@id=\"__button125-img\"]"}
COMMAND: POST /session/39d2630e55d6b41de19dafc672cf7ebc/element/f.7175ED2F8B48EB9387EF736E08AAAD55.d.A796C09797E13DD1A5302FCDA86C7764.e.4379/click - {}
RESULT: {}
COMMAND: GET /session/39d2630e55d6b41de19dafc672cf7ebc/screenshot - {}
RESULT: {}
RESULT: undefined
COMMAND: POST /session/39d2630e55d6b41de19dafc672cf7ebc/element - {"using":"xpath","value":"//*[@id=\"__button98-img\"]"}
RESULT: {"using":"xpath","value":"//*[@id=\"__button98-img\"]"}
COMMAND: POST /session/39d2630e55d6b41de19dafc672cf7ebc/element/f.7175ED2F8B48EB9387EF736E08AAAD55.d.A796C09797E13DD1A5302FCDA86C7764.e.4464/click - {}
RESULT: {}
COMMAND: GET /session/39d2630e55d6b41de19dafc672cf7ebc/screenshot - {}
RESULT: {}
RESULT: undefined
COMMAND: POST /session/39d2630e55d6b41de19dafc672cf7ebc/execute/async - {"script":"<script> [776 bytes]","args":[{"enterText":"SecondSectionpoqaa","selector":{"id":"application-managecatalogs-display-component---masterCatalogItems--searchItemsField","interaction":{"idSuffix":"I"}},"clearTextFirst":true,"interactionType":"ENTER_TEXT"}]}
RESULT: {"script":"<script> [776 bytes]","args":[{"enterText":"SecondSectionpoqaa","selector":{"id":"application-managecatalogs-display-component---masterCatalogItems--searchItemsField","interaction":{"idSuffix":"I"}},"clearTextFirst":true,"interactionType":"ENTER_TEXT"}]}
COMMAND: POST /session/39d2630e55d6b41de19dafc672cf7ebc/actions - {"actions":[{"id":"action11","type":"key","parameters":{},"actions":[{"type":"keyDown","value":"î€‡"},{"type":"pause","duration":10},{"type":"keyUp","value":"î€‡"}]}]}
RESULT: {"actions":[{"id":"action11","type":"key","parameters":{},"actions":[{"type":"keyDown","value":"î€‡"},{"type":"pause","duration":10},{"type":"keyUp","value":"î€‡"}]}]}
COMMAND: POST /session/39d2630e55d6b41de19dafc672cf7ebc/element - {"using":"xpath","value":"(//span[contains(text(), \"SecondSectionpoqaa\")])[1]"}
COMMAND: GET /session/39d2630e55d6b41de19dafc672cf7ebc/screenshot - {}
RESULT: {"using":"xpath","value":"(//span[contains(text(), \"SecondSectionpoqaa\")])[1]"}
COMMAND: POST /session/39d2630e55d6b41de19dafc672cf7ebc/element/f.7175ED2F8B48EB9387EF736E08AAAD55.d.A796C09797E13DD1A5302FCDA86C7764.e.4467/click - {}
RESULT: {}
RESULT: {}
COMMAND: POST /session/39d2630e55d6b41de19dafc672cf7ebc/element - {"using":"xpath","value":"(//span[contains(text(), \"SecondSectionpoqaa\")])[1]"}
COMMAND: GET /session/39d2630e55d6b41de19dafc672cf7ebc/screenshot - {}
RESULT: {"using":"xpath","value":"(//span[contains(text(), \"SecondSectionpoqaa\")])[1]"}
COMMAND: GET /session/39d2630e55d6b41de19dafc672cf7ebc/element/f.7175ED2F8B48EB9387EF736E08AAAD55.d.A796C09797E13DD1A5302FCDA86C7764.e.4467/text - {}
RESULT: {}
COMMAND: POST /session/39d2630e55d6b41de19dafc672cf7ebc/element - {"using":"xpath","value":"(//span[contains(text(), \"SecondSectionpoqaa\")])[1]"}
RESULT: {"using":"xpath","value":"(//span[contains(text(), \"SecondSectionpoqaa\")])[1]"}
COMMAND: GET /session/39d2630e55d6b41de19dafc672cf7ebc/element/f.7175ED2F8B48EB9387EF736E08AAAD55.d.A796C09797E13DD1A5302FCDA86C7764.e.4467/text - {}
COMMAND: POST /session/39d2630e55d6b41de19dafc672cf7ebc/element - {"using":"xpath","value":"(//span[contains(text(), \"SecondSectionpoqaa\")])[1]"}
RESULT: {"using":"xpath","value":"(//span[contains(text(), \"SecondSectionpoqaa\")])[1]"}
COMMAND: GET /session/39d2630e55d6b41de19dafc672cf7ebc/element/f.7175ED2F8B48EB9387EF736E08AAAD55.d.A796C09797E13DD1A5302FCDA86C7764.e.4520/text - {}
RESULT: {}
COMMAND: POST /session/39d2630e55d6b41de19dafc672cf7ebc/refresh - {}
RESULT: {}
COMMAND: GET /session/39d2630e55d6b41de19dafc672cf7ebc/screenshot - {}
RESULT: {}
COMMAND: POST /session/39d2630e55d6b41de19dafc672cf7ebc/execute/async - {"script":"<script> [189 bytes]","args":[]}
RESULT: {"script":"<script> [189 bytes]","args":[]}
COMMAND: POST /session/39d2630e55d6b41de19dafc672cf7ebc/execute/async - {"script":"<script> [123 bytes]","args":[]}
RESULT: {"script":"<script> [123 bytes]","args":[]}
COMMAND: POST /session/39d2630e55d6b41de19dafc672cf7ebc/timeouts - {"script":"<number>"}
RESULT: {"script":"<number>"}
COMMAND: GET /session/39d2630e55d6b41de19dafc672cf7ebc/timeouts - {}
RESULT: {}
RESULT: undefined
COMMAND: POST /session/39d2630e55d6b41de19dafc672cf7ebc/execute/async - {"script":"<script> [2676 bytes]","args":[]}
RESULT: {"script":"<script> [2676 bytes]","args":[]}
COMMAND: POST /session/39d2630e55d6b41de19dafc672cf7ebc/execute/async - {"script":"<script> [2342 bytes]","args":[{"protocol":"http","hostname":"0.0.0.0","path":"/","capabilities":{"browserName":"chrome","goog:chromeOptions":{"binary":"C:\\Program Files\\Google\\Chrome\\Application\\chrome.exe","args":["--start-maximized"]}},"logLevel":"warn","connectionRetryTimeout":120000,"connectionRetryCount":3,"logLevels":{},"enableDirectConnect":true,"strictSSL":true,"_":"65 more keys: [\"cacheDir\",\"port\",\"requestedCapabilities\",\"automationProtocol\",\"baseUrl\",\"waitforInterval\",\"waitforTimeout\",\"onReload\",\"beforeCommand\",\"afterCommand\",\"rootDir\",\"specs\",\"suites\",\"exclude\",\"groupLogsByTestSpec\",\"excludeDriverLogs\",\"bail\",\"framework\",\"reporters\",\"services\",\"maxInstances\",\"maxInstancesPerCapability\",\"injectGlobals\",\"filesToWatch\",\"execArgv\",\"runnerEnv\",\"runner\",\"shard\",\"specFileRetries\",\"specFileRetriesDelay\",\"specFileRetriesDeferred\",\"reporterSyncInterval\",\"reporterSyncTimeout\",\"cucumberFeaturesWithLineNumbers\",\"autoCompileOpts\",\"mochaOpts\",\"jasmineOpts\",\"cucumberOpts\",\"onPrepare\",\"onWorkerStart\",\"onWorkerEnd\",\"before\",\"beforeSession\",\"beforeSuite\",\"beforeHook\",\"beforeTest\",\"afterTest\",\"afterHook\",\"afterSuite\",\"afterSession\",\"after\",\"onComplete\",\"beforeAssertion\",\"afterAssertion\",\"beforeFeature\",\"beforeScenario\",\"beforeStep\",\"afterStep\",\"afterScenario\",\"afterFeature\",\"_\",\"suite\",\"$0\",\"ignoredWorkerServices\",\"wdi5\"]"}]}
RESULT: {"script":"<script> [2342 bytes]","args":[{"protocol":"http","hostname":"0.0.0.0","path":"/","capabilities":{"browserName":"chrome","goog:chromeOptions":{"binary":"C:\\Program Files\\Google\\Chrome\\Application\\chrome.exe","args":["--start-maximized"]}},"logLevel":"warn","connectionRetryTimeout":120000,"connectionRetryCount":3,"logLevels":{},"enableDirectConnect":true,"strictSSL":true,"_":"65 more keys: [\"cacheDir\",\"port\",\"requestedCapabilities\",\"automationProtocol\",\"baseUrl\",\"waitforInterval\",\"waitforTimeout\",\"onReload\",\"beforeCommand\",\"afterCommand\",\"rootDir\",\"specs\",\"suites\",\"exclude\",\"groupLogsByTestSpec\",\"excludeDriverLogs\",\"bail\",\"framework\",\"reporters\",\"services\",\"maxInstances\",\"maxInstancesPerCapability\",\"injectGlobals\",\"filesToWatch\",\"execArgv\",\"runnerEnv\",\"runner\",\"shard\",\"specFileRetries\",\"specFileRetriesDelay\",\"specFileRetriesDeferred\",\"reporterSyncInterval\",\"reporterSyncTimeout\",\"cucumberFeaturesWithLineNumbers\",\"autoCompileOpts\",\"mochaOpts\",\"jasmineOpts\",\"cucumberOpts\",\"onPrepare\",\"onWorkerStart\",\"onWorkerEnd\",\"before\",\"beforeSession\",\"beforeSuite\",\"beforeHook\",\"beforeTest\",\"afterTest\",\"afterHook\",\"afterSuite\",\"afterSession\",\"after\",\"onComplete\",\"beforeAssertion\",\"afterAssertion\",\"beforeFeature\",\"beforeScenario\",\"beforeStep\",\"afterStep\",\"afterScenario\",\"afterFeature\",\"_\",\"suite\",\"$0\",\"ignoredWorkerServices\",\"wdi5\"]"}]}
COMMAND: POST /session/39d2630e55d6b41de19dafc672cf7ebc/execute/async - {"script":"<script> [21126 bytes]","args":[35000]}
RESULT: {"script":"<script> [21126 bytes]","args":[35000]}
COMMAND: POST /session/39d2630e55d6b41de19dafc672cf7ebc/execute/async - {"script":"<script> [1562 bytes]","args":[{"selector":{"controlType":"sap.m.Button","viewName":"etm.portal.ui.managecatalogs.view.Detail","viewId":"application-managecatalogs-display-component---detailCatalog","i18NText":{"propertyName":"text","key":"edit"},"interaction":{"idSuffix":"BDI-content"}},"wdio_ui5_key":"etmportal.ui.managecatalogs.view.Detailsap.m.Button{\"propertyName\":\"text\",\"key\":\"edit\"}"}]}
RESULT: {"script":"<script> [1562 bytes]","args":[{"selector":{"controlType":"sap.m.Button","viewName":"etm.portal.ui.managecatalogs.view.Detail","viewId":"application-managecatalogs-display-component---detailCatalog","i18NText":{"propertyName":"text","key":"edit"},"interaction":{"idSuffix":"BDI-content"}},"wdio_ui5_key":"etmportal.ui.managecatalogs.view.Detailsap.m.Button{\"propertyName\":\"text\",\"key\":\"edit\"}"}]}
RESULT: undefined
COMMAND: POST /session/39d2630e55d6b41de19dafc672cf7ebc/element - {"using":"xpath","value":"//*[@id=\"__button25\"]"}
RESULT: {"using":"xpath","value":"//*[@id=\"__button25\"]"}
COMMAND: POST /session/39d2630e55d6b41de19dafc672cf7ebc/element/f.7175ED2F8B48EB9387EF736E08AAAD55.d.CBDEB2CF87B11DFB65403950D13E0962.e.4577/click - {}
RESULT: {}
COMMAND: GET /session/39d2630e55d6b41de19dafc672cf7ebc/screenshot - {}
RESULT: {}
COMMAND: POST /session/39d2630e55d6b41de19dafc672cf7ebc/element - {"using":"xpath","value":"//button[contains(@title ,\"Create Catalog Item\")]"}
RESULT: {"using":"xpath","value":"//button[contains(@title ,\"Create Catalog Item\")]"}
COMMAND: POST /session/39d2630e55d6b41de19dafc672cf7ebc/element/f.7175ED2F8B48EB9387EF736E08AAAD55.d.CBDEB2CF87B11DFB65403950D13E0962.e.4586/click - {}
RESULT: {}
COMMAND: POST /session/39d2630e55d6b41de19dafc672cf7ebc/execute/async - {"script":"<script> [1562 bytes]","args":[{"selector":{"id":"application-managecatalogs-display-component---detailCatalog--newItemNumberInput","searchOpenDialogs":true,"interaction":{"idSuffix":"inner"}},"wdio_ui5_key":"applicationmanagecatalogs-display-component---detailCatalog--newItemNumberInput"}]}
COMMAND: GET /session/39d2630e55d6b41de19dafc672cf7ebc/screenshot - {}
RESULT: {"script":"<script> [1562 bytes]","args":[{"selector":{"id":"application-managecatalogs-display-component---detailCatalog--newItemNumberInput","searchOpenDialogs":true,"interaction":{"idSuffix":"inner"}},"wdio_ui5_key":"applicationmanagecatalogs-display-component---detailCatalog--newItemNumberInput"}]}
RESULT: undefined
COMMAND: POST /session/39d2630e55d6b41de19dafc672cf7ebc/execute/async - {"script":"<script> [776 bytes]","args":[{"enterText":"catalogItem1gt5w","selector":{"id":"application-managecatalogs-display-component---detailCatalog--newItemNumberInput","searchOpenDialogs":true,"interaction":{"idSuffix":"inner"}},"clearTextFirst":true,"interactionType":"ENTER_TEXT"}]}
RESULT: {}
RESULT: {"script":"<script> [776 bytes]","args":[{"enterText":"catalogItem1gt5w","selector":{"id":"application-managecatalogs-display-component---detailCatalog--newItemNumberInput","searchOpenDialogs":true,"interaction":{"idSuffix":"inner"}},"clearTextFirst":true,"interactionType":"ENTER_TEXT"}]}
COMMAND: POST /session/39d2630e55d6b41de19dafc672cf7ebc/execute/async - {"script":"<script> [1562 bytes]","args":[{"selector":{"controlType":"sap.m.Input","viewName":"etm.portal.ui.managecatalogs.view.Detail","viewId":"application-managecatalogs-display-component---detailCatalog","bindingPath":{"path":"","propertyPath":"/DESCRIPTION"},"searchOpenDialogs":true,"interaction":{"idSuffix":"inner"}},"wdio_ui5_key":"etmportal.ui.managecatalogs.view.Detailsap.m.Input{\"path\":\"\",\"propertyPath\":\"/DESCRIPTION\"}"}]}
RESULT: {"script":"<script> [1562 bytes]","args":[{"selector":{"controlType":"sap.m.Input","viewName":"etm.portal.ui.managecatalogs.view.Detail","viewId":"application-managecatalogs-display-component---detailCatalog","bindingPath":{"path":"","propertyPath":"/DESCRIPTION"},"searchOpenDialogs":true,"interaction":{"idSuffix":"inner"}},"wdio_ui5_key":"etmportal.ui.managecatalogs.view.Detailsap.m.Input{\"path\":\"\",\"propertyPath\":\"/DESCRIPTION\"}"}]}
RESULT: undefined
COMMAND: POST /session/39d2630e55d6b41de19dafc672cf7ebc/execute/async - {"script":"<script> [776 bytes]","args":[{"enterText":"catalogItemNamehg9a7","selector":{"controlType":"sap.m.Input","viewName":"etm.portal.ui.managecatalogs.view.Detail","viewId":"application-managecatalogs-display-component---detailCatalog","bindingPath":{"path":"","propertyPath":"/DESCRIPTION"},"searchOpenDialogs":true,"interaction":{"idSuffix":"inner"}},"clearTextFirst":true,"interactionType":"ENTER_TEXT"}]}
RESULT: {"script":"<script> [776 bytes]","args":[{"enterText":"catalogItemNamehg9a7","selector":{"controlType":"sap.m.Input","viewName":"etm.portal.ui.managecatalogs.view.Detail","viewId":"application-managecatalogs-display-component---detailCatalog","bindingPath":{"path":"","propertyPath":"/DESCRIPTION"},"searchOpenDialogs":true,"interaction":{"idSuffix":"inner"}},"clearTextFirst":true,"interactionType":"ENTER_TEXT"}]}
COMMAND: POST /session/39d2630e55d6b41de19dafc672cf7ebc/actions - {"actions":[{"id":"action12","type":"key","parameters":{},"actions":[{"type":"keyDown","value":"î€„"},{"type":"pause","duration":10},{"type":"keyUp","value":"î€„"}]}]}
RESULT: {"actions":[{"id":"action12","type":"key","parameters":{},"actions":[{"type":"keyDown","value":"î€„"},{"type":"pause","duration":10},{"type":"keyUp","value":"î€„"}]}]}
COMMAND: GET /session/39d2630e55d6b41de19dafc672cf7ebc/screenshot - {}
RESULT: {}
COMMAND: POST /session/39d2630e55d6b41de19dafc672cf7ebc/actions - {"actions":[{"id":"action13","type":"key","parameters":{},"actions":[{"type":"keyDown","value":"î€‡"},{"type":"pause","duration":10},{"type":"keyUp","value":"î€‡"}]}]}
RESULT: {"actions":[{"id":"action13","type":"key","parameters":{},"actions":[{"type":"keyDown","value":"î€‡"},{"type":"pause","duration":10},{"type":"keyUp","value":"î€‡"}]}]}
COMMAND: GET /session/39d2630e55d6b41de19dafc672cf7ebc/screenshot - {}
RESULT: {}
COMMAND: POST /session/39d2630e55d6b41de19dafc672cf7ebc/element - {"using":"xpath","value":"//button[@title=\"Save\"]"}
RESULT: {"using":"xpath","value":"//button[@title=\"Save\"]"}
COMMAND: POST /session/39d2630e55d6b41de19dafc672cf7ebc/element/f.7175ED2F8B48EB9387EF736E08AAAD55.d.CBDEB2CF87B11DFB65403950D13E0962.e.4594/click - {}
RESULT: {}
COMMAND: GET /session/39d2630e55d6b41de19dafc672cf7ebc/screenshot - {}
RESULT: {}
COMMAND: POST /session/39d2630e55d6b41de19dafc672cf7ebc/execute/async - {"script":"<script> [1562 bytes]","args":[{"selector":{"controlType":"sap.ui.core.Icon","viewName":"etm.portal.ui.managecatalogs.view.Detail","viewId":"application-managecatalogs-display-component---detailCatalog","properties":{"src":{"regex":{"source":"decline"}}}},"wdio_ui5_key":"etmportal.ui.managecatalogs.view.Detailsap.ui.core.Icon{\"src\":{\"regex\":{\"source\":\"decline\"}}}"}]}
RESULT: {"script":"<script> [1562 bytes]","args":[{"selector":{"controlType":"sap.ui.core.Icon","viewName":"etm.portal.ui.managecatalogs.view.Detail","viewId":"application-managecatalogs-display-component---detailCatalog","properties":{"src":{"regex":{"source":"decline"}}}},"wdio_ui5_key":"etmportal.ui.managecatalogs.view.Detailsap.ui.core.Icon{\"src\":{\"regex\":{\"source\":\"decline\"}}}"}]}
RESULT: undefined
COMMAND: POST /session/39d2630e55d6b41de19dafc672cf7ebc/element - {"using":"xpath","value":"//*[@id=\"__button28-img\"]"}
RESULT: {"using":"xpath","value":"//*[@id=\"__button28-img\"]"}
COMMAND: POST /session/39d2630e55d6b41de19dafc672cf7ebc/element/f.7175ED2F8B48EB9387EF736E08AAAD55.d.CBDEB2CF87B11DFB65403950D13E0962.e.4600/click - {}
RESULT: {}
COMMAND: GET /session/39d2630e55d6b41de19dafc672cf7ebc/screenshot - {}
RESULT: {}
COMMAND: POST /session/39d2630e55d6b41de19dafc672cf7ebc/execute/async - {"script":"<script> [1562 bytes]","args":[{"selector":{"controlType":"sap.ui.core.Icon","viewName":"etm.portal.ui.managecatalogs.view.MasterItems","viewId":"application-managecatalogs-display-component---masterCatalogItems","properties":{"src":{"regex":{"source":"refresh"}}}},"wdio_ui5_key":"etmportal.ui.managecatalogs.view.MasterItemssap.ui.core.Icon{\"src\":{\"regex\":{\"source\":\"refresh\"}}}"}]}
RESULT: {"script":"<script> [1562 bytes]","args":[{"selector":{"controlType":"sap.ui.core.Icon","viewName":"etm.portal.ui.managecatalogs.view.MasterItems","viewId":"application-managecatalogs-display-component---masterCatalogItems","properties":{"src":{"regex":{"source":"refresh"}}}},"wdio_ui5_key":"etmportal.ui.managecatalogs.view.MasterItemssap.ui.core.Icon{\"src\":{\"regex\":{\"source\":\"refresh\"}}}"}]}
RESULT: undefined
COMMAND: POST /session/39d2630e55d6b41de19dafc672cf7ebc/element - {"using":"xpath","value":"//*[@id=\"__button1-img\"]"}
RESULT: {"using":"xpath","value":"//*[@id=\"__button1-img\"]"}
COMMAND: POST /session/39d2630e55d6b41de19dafc672cf7ebc/element/f.7175ED2F8B48EB9387EF736E08AAAD55.d.CBDEB2CF87B11DFB65403950D13E0962.e.4608/click - {}
RESULT: {}
COMMAND: GET /session/39d2630e55d6b41de19dafc672cf7ebc/screenshot - {}
RESULT: {}
COMMAND: POST /session/39d2630e55d6b41de19dafc672cf7ebc/execute/async - {"script":"<script> [1562 bytes]","args":[{"selector":{"id":"application-managecatalogs-display-component---masterCatalogItems--searchItemsField","interaction":{"idSuffix":"I"}},"wdio_ui5_key":"applicationmanagecatalogs-display-component---masterCatalogItems--searchItemsField"}]}
RESULT: {"script":"<script> [1562 bytes]","args":[{"selector":{"id":"application-managecatalogs-display-component---masterCatalogItems--searchItemsField","interaction":{"idSuffix":"I"}},"wdio_ui5_key":"applicationmanagecatalogs-display-component---masterCatalogItems--searchItemsField"}]}
RESULT: undefined
COMMAND: POST /session/39d2630e55d6b41de19dafc672cf7ebc/execute/async - {"script":"<script> [776 bytes]","args":[{"enterText":"catalogItemNamehg9a7","selector":{"id":"application-managecatalogs-display-component---masterCatalogItems--searchItemsField","interaction":{"idSuffix":"I"}},"clearTextFirst":true,"interactionType":"ENTER_TEXT"}]}
RESULT: {"script":"<script> [776 bytes]","args":[{"enterText":"catalogItemNamehg9a7","selector":{"id":"application-managecatalogs-display-component---masterCatalogItems--searchItemsField","interaction":{"idSuffix":"I"}},"clearTextFirst":true,"interactionType":"ENTER_TEXT"}]}
COMMAND: POST /session/39d2630e55d6b41de19dafc672cf7ebc/actions - {"actions":[{"id":"action14","type":"key","parameters":{},"actions":[{"type":"keyDown","value":"î€‡"},{"type":"pause","duration":10},{"type":"keyUp","value":"î€‡"}]}]}
RESULT: {"actions":[{"id":"action14","type":"key","parameters":{},"actions":[{"type":"keyDown","value":"î€‡"},{"type":"pause","duration":10},{"type":"keyUp","value":"î€‡"}]}]}
COMMAND: POST /session/39d2630e55d6b41de19dafc672cf7ebc/element - {"using":"xpath","value":"(//span[contains(text(), \"catalogItemNamehg9a7\")])[1]"}
COMMAND: GET /session/39d2630e55d6b41de19dafc672cf7ebc/screenshot - {}
RESULT: {"using":"xpath","value":"(//span[contains(text(), \"catalogItemNamehg9a7\")])[1]"}
COMMAND: POST /session/39d2630e55d6b41de19dafc672cf7ebc/element/f.7175ED2F8B48EB9387EF736E08AAAD55.d.CBDEB2CF87B11DFB65403950D13E0962.e.4643/click - {}
RESULT: {}
RESULT: {}
COMMAND: GET /session/39d2630e55d6b41de19dafc672cf7ebc/screenshot - {}
RESULT: {}
COMMAND: POST /session/39d2630e55d6b41de19dafc672cf7ebc/element - {"using":"xpath","value":"//span[contains(text(), \"catalogItem1gt5w\")]"}
RESULT: {"using":"xpath","value":"//span[contains(text(), \"catalogItem1gt5w\")]"}
COMMAND: GET /session/39d2630e55d6b41de19dafc672cf7ebc/element/f.7175ED2F8B48EB9387EF736E08AAAD55.d.CBDEB2CF87B11DFB65403950D13E0962.e.4702/text - {}
RESULT: {}
]]></system-out>
    </testcase>
    <testcase classname="chrome.135_0_7049_96.windows.Standard_contract_-_add_contract_items_by_Insert_Request_US118222" name="Should assign resources to the catalog item" time="54.615">
      <system-out><![CDATA[
RESULT: undefined
COMMAND: POST /session/39d2630e55d6b41de19dafc672cf7ebc/element - {"using":"xpath","value":"//*[@id=\"__button25\"]"}
RESULT: {"using":"xpath","value":"//*[@id=\"__button25\"]"}
COMMAND: POST /session/39d2630e55d6b41de19dafc672cf7ebc/element/f.7175ED2F8B48EB9387EF736E08AAAD55.d.CBDEB2CF87B11DFB65403950D13E0962.e.4703/click - {}
RESULT: {}
COMMAND: GET /session/39d2630e55d6b41de19dafc672cf7ebc/screenshot - {}
RESULT: {}
COMMAND: POST /session/39d2630e55d6b41de19dafc672cf7ebc/execute/async - {"script":"<script> [1562 bytes]","args":[{"selector":{"id":"application-managecatalogs-display-component---detailCatalog--BASE_UNIT_OF_MEASURE-arrow"},"wdio_ui5_key":"applicationmanagecatalogs-display-component---detailCatalog--BASE_UNIT_OF_MEASURE-arrow"}]}
RESULT: {"script":"<script> [1562 bytes]","args":[{"selector":{"id":"application-managecatalogs-display-component---detailCatalog--BASE_UNIT_OF_MEASURE-arrow"},"wdio_ui5_key":"applicationmanagecatalogs-display-component---detailCatalog--BASE_UNIT_OF_MEASURE-arrow"}]}
RESULT: undefined
COMMAND: POST /session/39d2630e55d6b41de19dafc672cf7ebc/element - {"using":"xpath","value":"//*[@id=\"application-managecatalogs-display-component---detailCatalog--BASE_UNIT_OF_MEASURE-arrow\"]"}
RESULT: {"using":"xpath","value":"//*[@id=\"application-managecatalogs-display-component---detailCatalog--BASE_UNIT_OF_MEASURE-arrow\"]"}
COMMAND: POST /session/39d2630e55d6b41de19dafc672cf7ebc/element/f.7175ED2F8B48EB9387EF736E08AAAD55.d.CBDEB2CF87B11DFB65403950D13E0962.e.4734/click - {}
RESULT: {}
COMMAND: POST /session/39d2630e55d6b41de19dafc672cf7ebc/execute/async - {"script":"<script> [1562 bytes]","args":[{"selector":{"controlType":"sap.m.StandardListItem","viewName":"etm.portal.ui.managecatalogs.view.Detail","viewId":"application-managecatalogs-display-component---detailCatalog","properties":{"title":"Piece"},"searchOpenDialogs":true,"interaction":{"idSuffix":"titleText"}},"wdio_ui5_key":"etmportal.ui.managecatalogs.view.Detailsap.m.StandardListItem{\"title\":\"Piece\"}"}]}
COMMAND: GET /session/39d2630e55d6b41de19dafc672cf7ebc/screenshot - {}
RESULT: {"script":"<script> [1562 bytes]","args":[{"selector":{"controlType":"sap.m.StandardListItem","viewName":"etm.portal.ui.managecatalogs.view.Detail","viewId":"application-managecatalogs-display-component---detailCatalog","properties":{"title":"Piece"},"searchOpenDialogs":true,"interaction":{"idSuffix":"titleText"}},"wdio_ui5_key":"etmportal.ui.managecatalogs.view.Detailsap.m.StandardListItem{\"title\":\"Piece\"}"}]}
RESULT: undefined
COMMAND: POST /session/39d2630e55d6b41de19dafc672cf7ebc/element - {"using":"xpath","value":"//*[@id=\"__item224\"]"}
RESULT: {}
RESULT: {"using":"xpath","value":"//*[@id=\"__item224\"]"}
COMMAND: POST /session/39d2630e55d6b41de19dafc672cf7ebc/element/f.7175ED2F8B48EB9387EF736E08AAAD55.d.CBDEB2CF87B11DFB65403950D13E0962.e.4736/click - {}
RESULT: {}
COMMAND: POST /session/39d2630e55d6b41de19dafc672cf7ebc/execute/async - {"script":"<script> [1562 bytes]","args":[{"selector":{"id":"application-managecatalogs-display-component---detailCatalog--ObjectPageLayout-anchBar-application-managecatalogs-display-component---detailCatalog--sectionRUs-anchor","interaction":{"idSuffix":"BDI-content"}},"wdio_ui5_key":"applicationmanagecatalogs-display-component---detailCatalog--ObjectPageLayout-anchBar-application-managecatalogs-display-component---detailCatalog--sectionRUs-anchor"}]}
COMMAND: GET /session/39d2630e55d6b41de19dafc672cf7ebc/screenshot - {}
RESULT: {"script":"<script> [1562 bytes]","args":[{"selector":{"id":"application-managecatalogs-display-component---detailCatalog--ObjectPageLayout-anchBar-application-managecatalogs-display-component---detailCatalog--sectionRUs-anchor","interaction":{"idSuffix":"BDI-content"}},"wdio_ui5_key":"applicationmanagecatalogs-display-component---detailCatalog--ObjectPageLayout-anchBar-application-managecatalogs-display-component---detailCatalog--sectionRUs-anchor"}]}
RESULT: undefined
COMMAND: POST /session/39d2630e55d6b41de19dafc672cf7ebc/element - {"using":"xpath","value":"//*[@id=\"application-managecatalogs-display-component---detailCatalog--ObjectPageLayout-anchBar-application-managecatalogs-display-component---detailCatalog--sectionRUs-anchor\"]"}
RESULT: {}
RESULT: {"using":"xpath","value":"//*[@id=\"application-managecatalogs-display-component---detailCatalog--ObjectPageLayout-anchBar-application-managecatalogs-display-component---detailCatalog--sectionRUs-anchor\"]"}
COMMAND: POST /session/39d2630e55d6b41de19dafc672cf7ebc/element/f.7175ED2F8B48EB9387EF736E08AAAD55.d.CBDEB2CF87B11DFB65403950D13E0962.e.4738/click - {}
RESULT: {}
COMMAND: POST /session/39d2630e55d6b41de19dafc672cf7ebc/element - {"using":"xpath","value":"//button[contains(@data-kt ,\"catalogItemAssignRuButton\")]"}
COMMAND: GET /session/39d2630e55d6b41de19dafc672cf7ebc/screenshot - {}
RESULT: {"using":"xpath","value":"//button[contains(@data-kt ,\"catalogItemAssignRuButton\")]"}
COMMAND: POST /session/39d2630e55d6b41de19dafc672cf7ebc/element/f.7175ED2F8B48EB9387EF736E08AAAD55.d.CBDEB2CF87B11DFB65403950D13E0962.e.4742/click - {}
RESULT: {}
RESULT: {}
COMMAND: GET /session/39d2630e55d6b41de19dafc672cf7ebc/screenshot - {}
RESULT: {}
COMMAND: POST /session/39d2630e55d6b41de19dafc672cf7ebc/actions - {"actions":[{"id":"action15","type":"key","parameters":{},"actions":[{"type":"keyDown","value":"î€‡"},{"type":"pause","duration":10},{"type":"keyUp","value":"î€‡"}]}]}
RESULT: {"actions":[{"id":"action15","type":"key","parameters":{},"actions":[{"type":"keyDown","value":"î€‡"},{"type":"pause","duration":10},{"type":"keyUp","value":"î€‡"}]}]}
COMMAND: POST /session/39d2630e55d6b41de19dafc672cf7ebc/execute/async - {"script":"<script> [1562 bytes]","args":[{"selector":{"id":"application-managecatalogs-display-component---detailCatalog--assignRUSearchField-vhi","searchOpenDialogs":true},"wdio_ui5_key":"applicationmanagecatalogs-display-component---detailCatalog--assignRUSearchField-vhi"}]}
COMMAND: GET /session/39d2630e55d6b41de19dafc672cf7ebc/screenshot - {}
RESULT: {"script":"<script> [1562 bytes]","args":[{"selector":{"id":"application-managecatalogs-display-component---detailCatalog--assignRUSearchField-vhi","searchOpenDialogs":true},"wdio_ui5_key":"applicationmanagecatalogs-display-component---detailCatalog--assignRUSearchField-vhi"}]}
RESULT: undefined
COMMAND: POST /session/39d2630e55d6b41de19dafc672cf7ebc/element - {"using":"xpath","value":"//*[@id=\"application-managecatalogs-display-component---detailCatalog--assignRUSearchField-vhi\"]"}
RESULT: {}
RESULT: {"using":"xpath","value":"//*[@id=\"application-managecatalogs-display-component---detailCatalog--assignRUSearchField-vhi\"]"}
COMMAND: POST /session/39d2630e55d6b41de19dafc672cf7ebc/element/f.7175ED2F8B48EB9387EF736E08AAAD55.d.CBDEB2CF87B11DFB65403950D13E0962.e.4765/click - {}
RESULT: {}
COMMAND: GET /session/39d2630e55d6b41de19dafc672cf7ebc/screenshot - {}
RESULT: {}
COMMAND: POST /session/39d2630e55d6b41de19dafc672cf7ebc/element - {"using":"xpath","value":"//input[contains(@id ,\"searchField-I\")]"}
RESULT: {"using":"xpath","value":"//input[contains(@id ,\"searchField-I\")]"}
COMMAND: POST /session/39d2630e55d6b41de19dafc672cf7ebc/element/f.7175ED2F8B48EB9387EF736E08AAAD55.d.CBDEB2CF87B11DFB65403950D13E0962.e.4768/clear - {}
RESULT: {}
COMMAND: POST /session/39d2630e55d6b41de19dafc672cf7ebc/element/f.7175ED2F8B48EB9387EF736E08AAAD55.d.CBDEB2CF87B11DFB65403950D13E0962.e.4768/value - {"text":"WdIOR2cEquipwzblp"}
COMMAND: GET /session/39d2630e55d6b41de19dafc672cf7ebc/screenshot - {}
RESULT: {"text":"WdIOR2cEquipwzblp"}
COMMAND: GET /session/39d2630e55d6b41de19dafc672cf7ebc/screenshot - {}
RESULT: {}
RESULT: {}
COMMAND: POST /session/39d2630e55d6b41de19dafc672cf7ebc/actions - {"actions":[{"id":"action16","type":"key","parameters":{},"actions":[{"type":"keyDown","value":"î€‡"},{"type":"pause","duration":10},{"type":"keyUp","value":"î€‡"}]}]}
RESULT: {"actions":[{"id":"action16","type":"key","parameters":{},"actions":[{"type":"keyDown","value":"î€‡"},{"type":"pause","duration":10},{"type":"keyUp","value":"î€‡"}]}]}
COMMAND: GET /session/39d2630e55d6b41de19dafc672cf7ebc/screenshot - {}
RESULT: {}
COMMAND: POST /session/39d2630e55d6b41de19dafc672cf7ebc/actions - {"actions":[{"id":"action17","type":"key","parameters":{},"actions":[{"type":"keyDown","value":"î€„"},{"type":"pause","duration":10},{"type":"keyUp","value":"î€„"}]}]}
RESULT: {"actions":[{"id":"action17","type":"key","parameters":{},"actions":[{"type":"keyDown","value":"î€„"},{"type":"pause","duration":10},{"type":"keyUp","value":"î€„"}]}]}
COMMAND: GET /session/39d2630e55d6b41de19dafc672cf7ebc/screenshot - {}
RESULT: {}
COMMAND: POST /session/39d2630e55d6b41de19dafc672cf7ebc/actions - {"actions":[{"id":"action18","type":"key","parameters":{},"actions":[{"type":"keyDown","value":"î€‡"},{"type":"pause","duration":10},{"type":"keyUp","value":"î€‡"}]}]}
RESULT: {"actions":[{"id":"action18","type":"key","parameters":{},"actions":[{"type":"keyDown","value":"î€‡"},{"type":"pause","duration":10},{"type":"keyUp","value":"î€‡"}]}]}
COMMAND: GET /session/39d2630e55d6b41de19dafc672cf7ebc/screenshot - {}
RESULT: {}
COMMAND: POST /session/39d2630e55d6b41de19dafc672cf7ebc/element - {"using":"xpath","value":"//bdi[contains(@id ,\"application-managecatalogs-display-component---detailCatalog--RUAssignmentSaveButton-BDI-content\")]"}
RESULT: {"using":"xpath","value":"//bdi[contains(@id ,\"application-managecatalogs-display-component---detailCatalog--RUAssignmentSaveButton-BDI-content\")]"}
COMMAND: POST /session/39d2630e55d6b41de19dafc672cf7ebc/element/f.7175ED2F8B48EB9387EF736E08AAAD55.d.CBDEB2CF87B11DFB65403950D13E0962.e.4786/click - {}
RESULT: {}
COMMAND: GET /session/39d2630e55d6b41de19dafc672cf7ebc/screenshot - {}
RESULT: {}
COMMAND: POST /session/39d2630e55d6b41de19dafc672cf7ebc/element - {"using":"xpath","value":"//bdi[contains(@id ,\"application-managecatalogs-display-component---detailCatalog--ObjectPageLayout-anchBar-application-managecatalogs-display-component---detailCatalog--sectionRUs-anchor-BDI-content\")]"}
RESULT: {"using":"xpath","value":"//bdi[contains(@id ,\"application-managecatalogs-display-component---detailCatalog--ObjectPageLayout-anchBar-application-managecatalogs-display-component---detailCatalog--sectionRUs-anchor-BDI-content\")]"}
COMMAND: POST /session/39d2630e55d6b41de19dafc672cf7ebc/element/f.7175ED2F8B48EB9387EF736E08AAAD55.d.CBDEB2CF87B11DFB65403950D13E0962.e.4803/click - {}
RESULT: {}
COMMAND: GET /session/39d2630e55d6b41de19dafc672cf7ebc/screenshot - {}
RESULT: {}
COMMAND: POST /session/39d2630e55d6b41de19dafc672cf7ebc/element - {"using":"xpath","value":"//button[contains(@data-kt ,\"catalogItemAssignRuButton\")]"}
RESULT: {"using":"xpath","value":"//button[contains(@data-kt ,\"catalogItemAssignRuButton\")]"}
COMMAND: POST /session/39d2630e55d6b41de19dafc672cf7ebc/element/f.7175ED2F8B48EB9387EF736E08AAAD55.d.CBDEB2CF87B11DFB65403950D13E0962.e.4742/click - {}
RESULT: {}
COMMAND: GET /session/39d2630e55d6b41de19dafc672cf7ebc/screenshot - {}
RESULT: {}
COMMAND: POST /session/39d2630e55d6b41de19dafc672cf7ebc/actions - {"actions":[{"id":"action19","type":"key","parameters":{},"actions":[{"type":"keyDown","value":"î€‡"},{"type":"pause","duration":10},{"type":"keyUp","value":"î€‡"}]}]}
RESULT: {"actions":[{"id":"action19","type":"key","parameters":{},"actions":[{"type":"keyDown","value":"î€‡"},{"type":"pause","duration":10},{"type":"keyUp","value":"î€‡"}]}]}
RESULT: undefined
COMMAND: POST /session/39d2630e55d6b41de19dafc672cf7ebc/element - {"using":"xpath","value":"//*[@id=\"application-managecatalogs-display-component---detailCatalog--assignRUSearchField-vhi\"]"}
COMMAND: GET /session/39d2630e55d6b41de19dafc672cf7ebc/screenshot - {}
RESULT: {"using":"xpath","value":"//*[@id=\"application-managecatalogs-display-component---detailCatalog--assignRUSearchField-vhi\"]"}
COMMAND: POST /session/39d2630e55d6b41de19dafc672cf7ebc/elements - {"using":"xpath","value":"//*[@id=\"application-managecatalogs-display-component---detailCatalog--assignRUSearchField-vhi\"]"}
RESULT: {}
RESULT: {"using":"xpath","value":"//*[@id=\"application-managecatalogs-display-component---detailCatalog--assignRUSearchField-vhi\"]"}
COMMAND: POST /session/39d2630e55d6b41de19dafc672cf7ebc/element - {"using":"xpath","value":"//*[@id=\"application-managecatalogs-display-component---detailCatalog--assignRUSearchField-vhi\"]"}
RESULT: {"using":"xpath","value":"//*[@id=\"application-managecatalogs-display-component---detailCatalog--assignRUSearchField-vhi\"]"}
COMMAND: POST /session/39d2630e55d6b41de19dafc672cf7ebc/element/f.7175ED2F8B48EB9387EF736E08AAAD55.d.CBDEB2CF87B11DFB65403950D13E0962.e.4830/click - {}
RESULT: {}
COMMAND: POST /session/39d2630e55d6b41de19dafc672cf7ebc/execute/async - {"script":"<script> [1562 bytes]","args":[{"selector":{"controlType":"sap.m.SearchField","viewName":"etm.portal.ui.managecatalogs.view.Detail","viewId":"application-managecatalogs-display-component---detailCatalog","searchOpenDialogs":true,"interaction":{"idSuffix":"I"}},"wdio_ui5_key":"etmportal.ui.managecatalogs.view.Detailsap.m.SearchField"}]}
COMMAND: GET /session/39d2630e55d6b41de19dafc672cf7ebc/screenshot - {}
RESULT: {"script":"<script> [1562 bytes]","args":[{"selector":{"controlType":"sap.m.SearchField","viewName":"etm.portal.ui.managecatalogs.view.Detail","viewId":"application-managecatalogs-display-component---detailCatalog","searchOpenDialogs":true,"interaction":{"idSuffix":"I"}},"wdio_ui5_key":"etmportal.ui.managecatalogs.view.Detailsap.m.SearchField"}]}
RESULT: undefined
COMMAND: POST /session/39d2630e55d6b41de19dafc672cf7ebc/execute/async - {"script":"<script> [776 bytes]","args":[{"enterText":"WebdriverRUR2Cq85cnl","selector":{"controlType":"sap.m.SearchField","viewName":"etm.portal.ui.managecatalogs.view.Detail","viewId":"application-managecatalogs-display-component---detailCatalog","searchOpenDialogs":true,"interaction":{"idSuffix":"I"}},"clearTextFirst":true,"interactionType":"ENTER_TEXT"}]}
RESULT: {}
RESULT: {"script":"<script> [776 bytes]","args":[{"enterText":"WebdriverRUR2Cq85cnl","selector":{"controlType":"sap.m.SearchField","viewName":"etm.portal.ui.managecatalogs.view.Detail","viewId":"application-managecatalogs-display-component---detailCatalog","searchOpenDialogs":true,"interaction":{"idSuffix":"I"}},"clearTextFirst":true,"interactionType":"ENTER_TEXT"}]}
COMMAND: POST /session/39d2630e55d6b41de19dafc672cf7ebc/actions - {"actions":[{"id":"action20","type":"key","parameters":{},"actions":[{"type":"keyDown","value":"î€‡"},{"type":"pause","duration":10},{"type":"keyUp","value":"î€‡"}]}]}
RESULT: {"actions":[{"id":"action20","type":"key","parameters":{},"actions":[{"type":"keyDown","value":"î€‡"},{"type":"pause","duration":10},{"type":"keyUp","value":"î€‡"}]}]}
COMMAND: GET /session/39d2630e55d6b41de19dafc672cf7ebc/screenshot - {}
RESULT: {}
COMMAND: POST /session/39d2630e55d6b41de19dafc672cf7ebc/element - {"using":"xpath","value":"(//span[contains(text(), \"WebdriverRUR2Cq85cnl\")])[1]"}
RESULT: {"using":"xpath","value":"(//span[contains(text(), \"WebdriverRUR2Cq85cnl\")])[1]"}
COMMAND: POST /session/39d2630e55d6b41de19dafc672cf7ebc/element/f.7175ED2F8B48EB9387EF736E08AAAD55.d.CBDEB2CF87B11DFB65403950D13E0962.e.4860/click - {}
RESULT: {}
COMMAND: POST /session/39d2630e55d6b41de19dafc672cf7ebc/execute/async - {"script":"<script> [1562 bytes]","args":[{"selector":{"id":"application-managecatalogs-display-component---detailCatalog--RUAssignmentSaveButton","searchOpenDialogs":true,"interaction":{"idSuffix":"BDI-content"}},"wdio_ui5_key":"applicationmanagecatalogs-display-component---detailCatalog--RUAssignmentSaveButton"}]}
COMMAND: GET /session/39d2630e55d6b41de19dafc672cf7ebc/screenshot - {}
RESULT: {"script":"<script> [1562 bytes]","args":[{"selector":{"id":"application-managecatalogs-display-component---detailCatalog--RUAssignmentSaveButton","searchOpenDialogs":true,"interaction":{"idSuffix":"BDI-content"}},"wdio_ui5_key":"applicationmanagecatalogs-display-component---detailCatalog--RUAssignmentSaveButton"}]}
RESULT: undefined
COMMAND: POST /session/39d2630e55d6b41de19dafc672cf7ebc/element - {"using":"xpath","value":"//*[@id=\"application-managecatalogs-display-component---detailCatalog--RUAssignmentSaveButton\"]"}
RESULT: {}
RESULT: {"using":"xpath","value":"//*[@id=\"application-managecatalogs-display-component---detailCatalog--RUAssignmentSaveButton\"]"}
COMMAND: POST /session/39d2630e55d6b41de19dafc672cf7ebc/element/f.7175ED2F8B48EB9387EF736E08AAAD55.d.CBDEB2CF87B11DFB65403950D13E0962.e.4863/click - {}
RESULT: {}
COMMAND: GET /session/39d2630e55d6b41de19dafc672cf7ebc/screenshot - {}
RESULT: {}
COMMAND: POST /session/39d2630e55d6b41de19dafc672cf7ebc/element - {"using":"xpath","value":"//bdi[contains(text(), \"Save\")]"}
RESULT: {"using":"xpath","value":"//bdi[contains(text(), \"Save\")]"}
COMMAND: POST /session/39d2630e55d6b41de19dafc672cf7ebc/element/f.7175ED2F8B48EB9387EF736E08AAAD55.d.CBDEB2CF87B11DFB65403950D13E0962.e.4885/click - {}
RESULT: {}
COMMAND: GET /session/39d2630e55d6b41de19dafc672cf7ebc/screenshot - {}
RESULT: {}
COMMAND: POST /session/39d2630e55d6b41de19dafc672cf7ebc/element - {"using":"css selector","value":"#shell-header-logo"}
RESULT: {"using":"css selector","value":"#shell-header-logo"}
COMMAND: POST /session/39d2630e55d6b41de19dafc672cf7ebc/element/f.7175ED2F8B48EB9387EF736E08AAAD55.d.CBDEB2CF87B11DFB65403950D13E0962.e.4544/click - {}
RESULT: {}
COMMAND: GET /session/39d2630e55d6b41de19dafc672cf7ebc/screenshot - {}
RESULT: {}
]]></system-out>
    </testcase>
    <testcase classname="chrome.135_0_7049_96.windows.Standard_contract_-_add_contract_items_by_Insert_Request_US118222" name="Should create a new contract" time="85.266">
      <system-out><![CDATA[
COMMAND: POST /session/39d2630e55d6b41de19dafc672cf7ebc/execute/async - {"script":"<script> [1562 bytes]","args":[{"selector":{"controlType":"sap.m.Text","viewName":"etm.portal.ui.managecontractstile.view.Master","properties":{"text":"Manage Contracts"},"interaction":{"idSuffix":"inner"}},"wdio_ui5_key":"etmportal.ui.managecontractstile.view.Mastersap.m.Text{\"text\":\"Manage Contracts\"}"}]}
RESULT: {"script":"<script> [1562 bytes]","args":[{"selector":{"controlType":"sap.m.Text","viewName":"etm.portal.ui.managecontractstile.view.Master","properties":{"text":"Manage Contracts"},"interaction":{"idSuffix":"inner"}},"wdio_ui5_key":"etmportal.ui.managecontractstile.view.Mastersap.m.Text{\"text\":\"Manage Contracts\"}"}]}
RESULT: undefined
COMMAND: POST /session/39d2630e55d6b41de19dafc672cf7ebc/element - {"using":"xpath","value":"//*[@id=\"__tile130-title\"]"}
RESULT: {"using":"xpath","value":"//*[@id=\"__tile130-title\"]"}
COMMAND: POST /session/39d2630e55d6b41de19dafc672cf7ebc/element/f.7175ED2F8B48EB9387EF736E08AAAD55.d.CBDEB2CF87B11DFB65403950D13E0962.e.4919/click - {}
RESULT: {}
COMMAND: GET /session/39d2630e55d6b41de19dafc672cf7ebc/screenshot - {}
RESULT: {}
COMMAND: POST /session/39d2630e55d6b41de19dafc672cf7ebc/element - {"using":"xpath","value":"//button[@data-kt=\"addButton\"]"}
RESULT: {"using":"xpath","value":"//button[@data-kt=\"addButton\"]"}
COMMAND: POST /session/39d2630e55d6b41de19dafc672cf7ebc/element/f.7175ED2F8B48EB9387EF736E08AAAD55.d.CBDEB2CF87B11DFB65403950D13E0962.e.4972/click - {}
RESULT: {}
COMMAND: GET /session/39d2630e55d6b41de19dafc672cf7ebc/screenshot - {}
RESULT: {}
COMMAND: POST /session/39d2630e55d6b41de19dafc672cf7ebc/execute/async - {"script":"<script> [1562 bytes]","args":[{"selector":{"id":"application-managecontracts-display-component---AddNewContract--projectDescription","interaction":{"idSuffix":"inner"}},"wdio_ui5_key":"applicationmanagecontracts-display-component---AddNewContract--projectDescription"}]}
RESULT: {"script":"<script> [1562 bytes]","args":[{"selector":{"id":"application-managecontracts-display-component---AddNewContract--projectDescription","interaction":{"idSuffix":"inner"}},"wdio_ui5_key":"applicationmanagecontracts-display-component---AddNewContract--projectDescription"}]}
RESULT: undefined
COMMAND: POST /session/39d2630e55d6b41de19dafc672cf7ebc/execute/async - {"script":"<script> [776 bytes]","args":[{"enterText":"WdIOR2c75ik8","selector":{"id":"application-managecontracts-display-component---AddNewContract--projectDescription","interaction":{"idSuffix":"inner"}},"clearTextFirst":true,"interactionType":"ENTER_TEXT"}]}
RESULT: {"script":"<script> [776 bytes]","args":[{"enterText":"WdIOR2c75ik8","selector":{"id":"application-managecontracts-display-component---AddNewContract--projectDescription","interaction":{"idSuffix":"inner"}},"clearTextFirst":true,"interactionType":"ENTER_TEXT"}]}
COMMAND: POST /session/39d2630e55d6b41de19dafc672cf7ebc/element - {"using":"xpath","value":"//input[@id=\"application-managecontracts-display-component---AddNewContract--yardId-inner\"]"}
RESULT: {"using":"xpath","value":"//input[@id=\"application-managecontracts-display-component---AddNewContract--yardId-inner\"]"}
COMMAND: POST /session/39d2630e55d6b41de19dafc672cf7ebc/element/f.7175ED2F8B48EB9387EF736E08AAAD55.d.CBDEB2CF87B11DFB65403950D13E0962.e.5254/clear - {}
RESULT: {}
COMMAND: POST /session/39d2630e55d6b41de19dafc672cf7ebc/element/f.7175ED2F8B48EB9387EF736E08AAAD55.d.CBDEB2CF87B11DFB65403950D13E0962.e.5254/value - {"text":"WebdriverYardkro46"}
COMMAND: GET /session/39d2630e55d6b41de19dafc672cf7ebc/screenshot - {}
RESULT: {"text":"WebdriverYardkro46"}
COMMAND: GET /session/39d2630e55d6b41de19dafc672cf7ebc/screenshot - {}
RESULT: {}
RESULT: {}
COMMAND: POST /session/39d2630e55d6b41de19dafc672cf7ebc/actions - {"actions":[{"id":"action21","type":"key","parameters":{},"actions":[{"type":"keyDown","value":"î€‡"},{"type":"pause","duration":10},{"type":"keyUp","value":"î€‡"}]}]}
RESULT: {"actions":[{"id":"action21","type":"key","parameters":{},"actions":[{"type":"keyDown","value":"î€‡"},{"type":"pause","duration":10},{"type":"keyUp","value":"î€‡"}]}]}
COMMAND: GET /session/39d2630e55d6b41de19dafc672cf7ebc/screenshot - {}
RESULT: {}
COMMAND: POST /session/39d2630e55d6b41de19dafc672cf7ebc/element - {"using":"xpath","value":"//input[@id=\"application-managecontracts-display-component---AddNewContract--customerSelect-inner\"]"}
RESULT: {"using":"xpath","value":"//input[@id=\"application-managecontracts-display-component---AddNewContract--customerSelect-inner\"]"}
COMMAND: POST /session/39d2630e55d6b41de19dafc672cf7ebc/element/f.7175ED2F8B48EB9387EF736E08AAAD55.d.CBDEB2CF87B11DFB65403950D13E0962.e.5252/clear - {}
RESULT: {}
COMMAND: POST /session/39d2630e55d6b41de19dafc672cf7ebc/element/f.7175ED2F8B48EB9387EF736E08AAAD55.d.CBDEB2CF87B11DFB65403950D13E0962.e.5252/value - {"text":"WebdriverPartnern8pbd"}
COMMAND: GET /session/39d2630e55d6b41de19dafc672cf7ebc/screenshot - {}
RESULT: {"text":"WebdriverPartnern8pbd"}
COMMAND: GET /session/39d2630e55d6b41de19dafc672cf7ebc/screenshot - {}
RESULT: {}
RESULT: {}
COMMAND: POST /session/39d2630e55d6b41de19dafc672cf7ebc/actions - {"actions":[{"id":"action22","type":"key","parameters":{},"actions":[{"type":"keyDown","value":"î€‡"},{"type":"pause","duration":10},{"type":"keyUp","value":"î€‡"}]}]}
RESULT: {"actions":[{"id":"action22","type":"key","parameters":{},"actions":[{"type":"keyDown","value":"î€‡"},{"type":"pause","duration":10},{"type":"keyUp","value":"î€‡"}]}]}
COMMAND: GET /session/39d2630e55d6b41de19dafc672cf7ebc/screenshot - {}
RESULT: {}
COMMAND: POST /session/39d2630e55d6b41de19dafc672cf7ebc/element - {"using":"xpath","value":"//input[@id=\"application-managecontracts-display-component---AddNewContract--site-inner\"]"}
RESULT: {"using":"xpath","value":"//input[@id=\"application-managecontracts-display-component---AddNewContract--site-inner\"]"}
COMMAND: POST /session/39d2630e55d6b41de19dafc672cf7ebc/element/f.7175ED2F8B48EB9387EF736E08AAAD55.d.CBDEB2CF87B11DFB65403950D13E0962.e.5253/clear - {}
RESULT: {}
COMMAND: POST /session/39d2630e55d6b41de19dafc672cf7ebc/element/f.7175ED2F8B48EB9387EF736E08AAAD55.d.CBDEB2CF87B11DFB65403950D13E0962.e.5253/value - {"text":"WebdriverSitew0yg9h"}
COMMAND: GET /session/39d2630e55d6b41de19dafc672cf7ebc/screenshot - {}
RESULT: {"text":"WebdriverSitew0yg9h"}
COMMAND: GET /session/39d2630e55d6b41de19dafc672cf7ebc/screenshot - {}
RESULT: {}
RESULT: {}
COMMAND: POST /session/39d2630e55d6b41de19dafc672cf7ebc/actions - {"actions":[{"id":"action23","type":"key","parameters":{},"actions":[{"type":"keyDown","value":"î€‡"},{"type":"pause","duration":10},{"type":"keyUp","value":"î€‡"}]}]}
RESULT: {"actions":[{"id":"action23","type":"key","parameters":{},"actions":[{"type":"keyDown","value":"î€‡"},{"type":"pause","duration":10},{"type":"keyUp","value":"î€‡"}]}]}
COMMAND: GET /session/39d2630e55d6b41de19dafc672cf7ebc/screenshot - {}
RESULT: {}
COMMAND: POST /session/39d2630e55d6b41de19dafc672cf7ebc/element - {"using":"xpath","value":"//button[@data-kt=\"saveButton\"]"}
RESULT: {"using":"xpath","value":"//button[@data-kt=\"saveButton\"]"}
COMMAND: POST /session/39d2630e55d6b41de19dafc672cf7ebc/element/f.7175ED2F8B48EB9387EF736E08AAAD55.d.CBDEB2CF87B11DFB65403950D13E0962.e.5278/click - {}
RESULT: {}
COMMAND: GET /session/39d2630e55d6b41de19dafc672cf7ebc/screenshot - {}
RESULT: {}
COMMAND: POST /session/39d2630e55d6b41de19dafc672cf7ebc/execute/async - {"script":"<script> [1562 bytes]","args":[{"selector":{"id":"contractDetailTitleNoExpanded","viewName":"etm.portal.ui.managecontracts.view.Detail"},"wdio_ui5_key":"contractDetailTitleNoExpandedetmportal.ui.managecontracts.view.Detail"}]}
RESULT: {"script":"<script> [1562 bytes]","args":[{"selector":{"id":"contractDetailTitleNoExpanded","viewName":"etm.portal.ui.managecontracts.view.Detail"},"wdio_ui5_key":"contractDetailTitleNoExpandedetmportal.ui.managecontracts.view.Detail"}]}
RESULT: undefined
COMMAND: POST /session/39d2630e55d6b41de19dafc672cf7ebc/execute/async - {"script":"<script> [6424 bytes]","args":[{"element-6066-11e4-a52e-4f735466cecf":"f.7175ED2F8B48EB9387EF736E08AAAD55.d.CBDEB2CF87B11DFB65403950D13E0962.e.5360"},"getText",[]]}
RESULT: {"script":"<script> [6424 bytes]","args":[{"element-6066-11e4-a52e-4f735466cecf":"f.7175ED2F8B48EB9387EF736E08AAAD55.d.CBDEB2CF87B11DFB65403950D13E0962.e.5360"},"getText",[]]}
]]></system-out>
    </testcase>
    <testcase classname="chrome.135_0_7049_96.windows.Standard_contract_-_add_contract_items_by_Insert_Request_US118222" name="Should create a new request and plan it" time="169.303">
      <system-out><![CDATA[
COMMAND: POST /session/39d2630e55d6b41de19dafc672cf7ebc/element - {"using":"css selector","value":"#shell-header-logo"}
RESULT: {"using":"css selector","value":"#shell-header-logo"}
COMMAND: POST /session/39d2630e55d6b41de19dafc672cf7ebc/element/f.7175ED2F8B48EB9387EF736E08AAAD55.d.CBDEB2CF87B11DFB65403950D13E0962.e.4921/click - {}
RESULT: {}
COMMAND: GET /session/39d2630e55d6b41de19dafc672cf7ebc/screenshot - {}
RESULT: {}
COMMAND: POST /session/39d2630e55d6b41de19dafc672cf7ebc/execute/async - {"script":"<script> [1562 bytes]","args":[{"selector":{"controlType":"sap.m.GenericTile","properties":{"header":"Manage Requests"}},"wdio_ui5_key":"sapm.GenericTile{\"header\":\"Manage Requests\"}"}]}
RESULT: {"script":"<script> [1562 bytes]","args":[{"selector":{"controlType":"sap.m.GenericTile","properties":{"header":"Manage Requests"}},"wdio_ui5_key":"sapm.GenericTile{\"header\":\"Manage Requests\"}"}]}
RESULT: undefined
COMMAND: POST /session/39d2630e55d6b41de19dafc672cf7ebc/element - {"using":"xpath","value":"//*[@id=\"__tile47\"]"}
RESULT: {"using":"xpath","value":"//*[@id=\"__tile47\"]"}
COMMAND: POST /session/39d2630e55d6b41de19dafc672cf7ebc/element/f.7175ED2F8B48EB9387EF736E08AAAD55.d.CBDEB2CF87B11DFB65403950D13E0962.e.5363/click - {}
RESULT: {}
COMMAND: GET /session/39d2630e55d6b41de19dafc672cf7ebc/screenshot - {}
RESULT: {}
COMMAND: POST /session/39d2630e55d6b41de19dafc672cf7ebc/element - {"using":"xpath","value":"//button[contains(@data-kt ,\"btnCreateNewOverflowToolbarButton\")]"}
COMMAND: POST /session/39d2630e55d6b41de19dafc672cf7ebc/element - {"using":"xpath","value":"(//span[contains(@class ,\"sapMObjStatusText\")])[1]"}
RESULT: {"using":"xpath","value":"//button[contains(@data-kt ,\"btnCreateNewOverflowToolbarButton\")]"}
COMMAND: POST /session/39d2630e55d6b41de19dafc672cf7ebc/element/f.7175ED2F8B48EB9387EF736E08AAAD55.d.CBDEB2CF87B11DFB65403950D13E0962.e.5435/click - {}
RESULT: {"using":"xpath","value":"(//span[contains(@class ,\"sapMObjStatusText\")])[1]"}
COMMAND: POST /session/39d2630e55d6b41de19dafc672cf7ebc/execute/sync - {"script":"<script> [8489 bytes]","args":[{"element-6066-11e4-a52e-4f735466cecf":"f.7175ED2F8B48EB9387EF736E08AAAD55.d.CBDEB2CF87B11DFB65403950D13E0962.e.5716","ELEMENT":"f.7175ED2F8B48EB9387EF736E08AAAD55.d.CBDEB2CF87B11DFB65403950D13E0962.e.5716"}]}
RESULT: {}
COMMAND: GET /session/39d2630e55d6b41de19dafc672cf7ebc/screenshot - {}
COMMAND: POST /session/39d2630e55d6b41de19dafc672cf7ebc/element - {"using":"xpath","value":"(//span[contains(@class ,\"sapMObjStatusText\")])[1]"}
RESULT: {}
RESULT: {"using":"xpath","value":"(//span[contains(@class ,\"sapMObjStatusText\")])[1]"}
COMMAND: POST /session/39d2630e55d6b41de19dafc672cf7ebc/execute/sync - {"script":"<script> [8489 bytes]","args":[{"element-6066-11e4-a52e-4f735466cecf":"f.7175ED2F8B48EB9387EF736E08AAAD55.d.CBDEB2CF87B11DFB65403950D13E0962.e.6058","ELEMENT":"f.7175ED2F8B48EB9387EF736E08AAAD55.d.CBDEB2CF87B11DFB65403950D13E0962.e.6058"}]}
RESULT: {"script":"<script> [8489 bytes]","args":[{"element-6066-11e4-a52e-4f735466cecf":"f.7175ED2F8B48EB9387EF736E08AAAD55.d.CBDEB2CF87B11DFB65403950D13E0962.e.6058","ELEMENT":"f.7175ED2F8B48EB9387EF736E08AAAD55.d.CBDEB2CF87B11DFB65403950D13E0962.e.6058"}]}
COMMAND: GET /session/39d2630e55d6b41de19dafc672cf7ebc/screenshot - {}
RESULT: {}
COMMAND: POST /session/39d2630e55d6b41de19dafc672cf7ebc/element - {"using":"xpath","value":"//input[contains(@id ,\"yardId-inner\")]"}
RESULT: {"using":"xpath","value":"//input[contains(@id ,\"yardId-inner\")]"}
COMMAND: POST /session/39d2630e55d6b41de19dafc672cf7ebc/execute/sync - {"script":"<script> [8489 bytes]","args":[{"element-6066-11e4-a52e-4f735466cecf":"f.7175ED2F8B48EB9387EF736E08AAAD55.d.CBDEB2CF87B11DFB65403950D13E0962.e.5912","ELEMENT":"f.7175ED2F8B48EB9387EF736E08AAAD55.d.CBDEB2CF87B11DFB65403950D13E0962.e.5912"}]}
RESULT: {"script":"<script> [8489 bytes]","args":[{"element-6066-11e4-a52e-4f735466cecf":"f.7175ED2F8B48EB9387EF736E08AAAD55.d.CBDEB2CF87B11DFB65403950D13E0962.e.5912","ELEMENT":"f.7175ED2F8B48EB9387EF736E08AAAD55.d.CBDEB2CF87B11DFB65403950D13E0962.e.5912"}]}
COMMAND: POST /session/39d2630e55d6b41de19dafc672cf7ebc/element - {"using":"xpath","value":"//input[contains(@id ,\"requestContractNo-inner\")]"}
COMMAND: POST /session/39d2630e55d6b41de19dafc672cf7ebc/element - {"using":"xpath","value":"//input[contains(@id ,\"requestContractNo-inner\")]"}
COMMAND: GET /session/39d2630e55d6b41de19dafc672cf7ebc/screenshot - {}
RESULT: {"using":"xpath","value":"//input[contains(@id ,\"requestContractNo-inner\")]"}
COMMAND: POST /session/39d2630e55d6b41de19dafc672cf7ebc/element/f.7175ED2F8B48EB9387EF736E08AAAD55.d.CBDEB2CF87B11DFB65403950D13E0962.e.5907/value - {"text":"10372"}
RESULT: {"using":"xpath","value":"//input[contains(@id ,\"requestContractNo-inner\")]"}
COMMAND: GET /session/39d2630e55d6b41de19dafc672cf7ebc/element/f.7175ED2F8B48EB9387EF736E08AAAD55.d.CBDEB2CF87B11DFB65403950D13E0962.e.5907/enabled - {}
RESULT: {}
RESULT: {"text":"10372"}
COMMAND: GET /session/39d2630e55d6b41de19dafc672cf7ebc/screenshot - {}
RESULT: {}
COMMAND: GET /session/39d2630e55d6b41de19dafc672cf7ebc/screenshot - {}
RESULT: {}
RESULT: {}
COMMAND: POST /session/39d2630e55d6b41de19dafc672cf7ebc/actions - {"actions":[{"id":"action24","type":"key","parameters":{},"actions":[{"type":"keyDown","value":"î€‡"},{"type":"pause","duration":10},{"type":"keyUp","value":"î€‡"}]}]}
RESULT: {"actions":[{"id":"action24","type":"key","parameters":{},"actions":[{"type":"keyDown","value":"î€‡"},{"type":"pause","duration":10},{"type":"keyUp","value":"î€‡"}]}]}
COMMAND: GET /session/39d2630e55d6b41de19dafc672cf7ebc/screenshot - {}
RESULT: {}
COMMAND: POST /session/39d2630e55d6b41de19dafc672cf7ebc/execute/async - {"script":"<script> [1562 bytes]","args":[{"selector":{"controlType":"sap.ui.core.Icon","viewName":"etm.portal.ui.managerequests.view.NewRequest","properties":{"src":{"regex":{"source":"add"}}}},"wdio_ui5_key":"etmportal.ui.managerequests.view.NewRequestsap.ui.core.Icon{\"src\":{\"regex\":{\"source\":\"add\"}}}"}]}
RESULT: {"script":"<script> [1562 bytes]","args":[{"selector":{"controlType":"sap.ui.core.Icon","viewName":"etm.portal.ui.managerequests.view.NewRequest","properties":{"src":{"regex":{"source":"add"}}}},"wdio_ui5_key":"etmportal.ui.managerequests.view.NewRequestsap.ui.core.Icon{\"src\":{\"regex\":{\"source\":\"add\"}}}"}]}
RESULT: undefined
COMMAND: POST /session/39d2630e55d6b41de19dafc672cf7ebc/element - {"using":"xpath","value":"//*[@id=\"__xmlview61--btnAddTableRow-img\"]"}
RESULT: {"using":"xpath","value":"//*[@id=\"__xmlview61--btnAddTableRow-img\"]"}
COMMAND: POST /session/39d2630e55d6b41de19dafc672cf7ebc/element/f.7175ED2F8B48EB9387EF736E08AAAD55.d.CBDEB2CF87B11DFB65403950D13E0962.e.5886/click - {}
RESULT: {}
COMMAND: GET /session/39d2630e55d6b41de19dafc672cf7ebc/screenshot - {}
RESULT: {}
COMMAND: POST /session/39d2630e55d6b41de19dafc672cf7ebc/execute/async - {"script":"<script> [1562 bytes]","args":[{"selector":{"controlType":"sap.ui.unified.MenuItem","viewName":"etm.portal.ui.managerequests.view.NewRequest","i18NText":{"propertyName":"text","key":"standardEntry"},"searchOpenDialogs":true,"interaction":{"idSuffix":"txt"}},"wdio_ui5_key":"etmportal.ui.managerequests.view.NewRequestsap.ui.unified.MenuItem{\"propertyName\":\"text\",\"key\":\"standardEntry\"}"}]}
RESULT: {"script":"<script> [1562 bytes]","args":[{"selector":{"controlType":"sap.ui.unified.MenuItem","viewName":"etm.portal.ui.managerequests.view.NewRequest","i18NText":{"propertyName":"text","key":"standardEntry"},"searchOpenDialogs":true,"interaction":{"idSuffix":"txt"}},"wdio_ui5_key":"etmportal.ui.managerequests.view.NewRequestsap.ui.unified.MenuItem{\"propertyName\":\"text\",\"key\":\"standardEntry\"}"}]}
RESULT: undefined
COMMAND: POST /session/39d2630e55d6b41de19dafc672cf7ebc/element - {"using":"xpath","value":"//*[@id=\"__item2028\"]"}
RESULT: {"using":"xpath","value":"//*[@id=\"__item2028\"]"}
COMMAND: POST /session/39d2630e55d6b41de19dafc672cf7ebc/element/f.7175ED2F8B48EB9387EF736E08AAAD55.d.CBDEB2CF87B11DFB65403950D13E0962.e.6071/click - {}
RESULT: {}
COMMAND: GET /session/39d2630e55d6b41de19dafc672cf7ebc/screenshot - {}
RESULT: {}
RESULT: undefined
COMMAND: POST /session/39d2630e55d6b41de19dafc672cf7ebc/element - {"using":"xpath","value":"//*[@id=\"__xmlview61--btnAddTableRow-img\"]"}
RESULT: {"using":"xpath","value":"//*[@id=\"__xmlview61--btnAddTableRow-img\"]"}
COMMAND: POST /session/39d2630e55d6b41de19dafc672cf7ebc/element/f.7175ED2F8B48EB9387EF736E08AAAD55.d.CBDEB2CF87B11DFB65403950D13E0962.e.5886/click - {}
RESULT: {}
COMMAND: GET /session/39d2630e55d6b41de19dafc672cf7ebc/screenshot - {}
RESULT: {}
RESULT: undefined
COMMAND: POST /session/39d2630e55d6b41de19dafc672cf7ebc/element - {"using":"xpath","value":"//*[@id=\"__item2028\"]"}
RESULT: {"using":"xpath","value":"//*[@id=\"__item2028\"]"}
COMMAND: POST /session/39d2630e55d6b41de19dafc672cf7ebc/element/f.7175ED2F8B48EB9387EF736E08AAAD55.d.CBDEB2CF87B11DFB65403950D13E0962.e.6083/click - {}
RESULT: {}
COMMAND: GET /session/39d2630e55d6b41de19dafc672cf7ebc/screenshot - {}
RESULT: {}
COMMAND: POST /session/39d2630e55d6b41de19dafc672cf7ebc/element - {"using":"xpath","value":"(//input[contains(@id ,\"requestItemsTable-0-inner\")])[1]"}
RESULT: {"using":"xpath","value":"(//input[contains(@id ,\"requestItemsTable-0-inner\")])[1]"}
COMMAND: POST /session/39d2630e55d6b41de19dafc672cf7ebc/element/f.7175ED2F8B48EB9387EF736E08AAAD55.d.CBDEB2CF87B11DFB65403950D13E0962.e.6073/clear - {}
RESULT: {}
COMMAND: POST /session/39d2630e55d6b41de19dafc672cf7ebc/element/f.7175ED2F8B48EB9387EF736E08AAAD55.d.CBDEB2CF87B11DFB65403950D13E0962.e.6073/value - {"text":"catalogItem1gt5w"}
COMMAND: GET /session/39d2630e55d6b41de19dafc672cf7ebc/screenshot - {}
RESULT: {"text":"catalogItem1gt5w"}
COMMAND: GET /session/39d2630e55d6b41de19dafc672cf7ebc/screenshot - {}
RESULT: {}
RESULT: {}
COMMAND: POST /session/39d2630e55d6b41de19dafc672cf7ebc/actions - {"actions":[{"id":"action25","type":"key","parameters":{},"actions":[{"type":"keyDown","value":"î€‡"},{"type":"pause","duration":10},{"type":"keyUp","value":"î€‡"}]}]}
RESULT: {"actions":[{"id":"action25","type":"key","parameters":{},"actions":[{"type":"keyDown","value":"î€‡"},{"type":"pause","duration":10},{"type":"keyUp","value":"î€‡"}]}]}
COMMAND: POST /session/39d2630e55d6b41de19dafc672cf7ebc/element - {"using":"xpath","value":"(//input[contains(@id ,\"requestItemsTable-1-inner\")])[1]"}
COMMAND: GET /session/39d2630e55d6b41de19dafc672cf7ebc/screenshot - {}
RESULT: {"using":"xpath","value":"(//input[contains(@id ,\"requestItemsTable-1-inner\")])[1]"}
COMMAND: POST /session/39d2630e55d6b41de19dafc672cf7ebc/element/f.7175ED2F8B48EB9387EF736E08AAAD55.d.CBDEB2CF87B11DFB65403950D13E0962.e.6085/clear - {}
RESULT: {}
RESULT: {}
COMMAND: POST /session/39d2630e55d6b41de19dafc672cf7ebc/element/f.7175ED2F8B48EB9387EF736E08AAAD55.d.CBDEB2CF87B11DFB65403950D13E0962.e.6085/value - {"text":"catalogItem1gt5w"}
COMMAND: GET /session/39d2630e55d6b41de19dafc672cf7ebc/screenshot - {}
RESULT: {"text":"catalogItem1gt5w"}
COMMAND: GET /session/39d2630e55d6b41de19dafc672cf7ebc/screenshot - {}
RESULT: {}
RESULT: {}
COMMAND: POST /session/39d2630e55d6b41de19dafc672cf7ebc/actions - {"actions":[{"id":"action26","type":"key","parameters":{},"actions":[{"type":"keyDown","value":"î€‡"},{"type":"pause","duration":10},{"type":"keyUp","value":"î€‡"}]}]}
RESULT: {"actions":[{"id":"action26","type":"key","parameters":{},"actions":[{"type":"keyDown","value":"î€‡"},{"type":"pause","duration":10},{"type":"keyUp","value":"î€‡"}]}]}
COMMAND: GET /session/39d2630e55d6b41de19dafc672cf7ebc/screenshot - {}
RESULT: {}
COMMAND: POST /session/39d2630e55d6b41de19dafc672cf7ebc/execute/async - {"script":"<script> [1562 bytes]","args":[{"selector":{"controlType":"sap.ui.core.Icon","viewName":"etm.portal.ui.managerequests.view.NewRequest","properties":{"src":{"regex":{"source":"slim\\-arrow\\-down"}}},"ancestor":{"controlType":"sap.m.Button","viewName":"etm.portal.ui.managerequests.view.NewRequest","properties":{"icon":"sap-icon://slim-arrow-down"}}},"wdio_ui5_key":"etmportal.ui.managerequests.view.NewRequestsap.ui.core.Icon{\"src\":{\"regex\":{\"source\":\"slim\\\\-arrow\\\\-down\"}}}{\"controlType\":\"sap.m.Button\",\"viewName\":\"etm.portal.ui.managerequests.view.NewRequest\",\"properties\":{\"icon\":\"sap-icon://slim-arrow-down\"}}"}]}
RESULT: {"script":"<script> [1562 bytes]","args":[{"selector":{"controlType":"sap.ui.core.Icon","viewName":"etm.portal.ui.managerequests.view.NewRequest","properties":{"src":{"regex":{"source":"slim\\-arrow\\-down"}}},"ancestor":{"controlType":"sap.m.Button","viewName":"etm.portal.ui.managerequests.view.NewRequest","properties":{"icon":"sap-icon://slim-arrow-down"}}},"wdio_ui5_key":"etmportal.ui.managerequests.view.NewRequestsap.ui.core.Icon{\"src\":{\"regex\":{\"source\":\"slim\\\\-arrow\\\\-down\"}}}{\"controlType\":\"sap.m.Button\",\"viewName\":\"etm.portal.ui.managerequests.view.NewRequest\",\"properties\":{\"icon\":\"sap-icon://slim-arrow-down\"}}"}]}
RESULT: undefined
COMMAND: POST /session/39d2630e55d6b41de19dafc672cf7ebc/element - {"using":"xpath","value":"//*[@id=\"__title48-expandBtn-img\"]"}
RESULT: {"using":"xpath","value":"//*[@id=\"__title48-expandBtn-img\"]"}
COMMAND: POST /session/39d2630e55d6b41de19dafc672cf7ebc/element/f.7175ED2F8B48EB9387EF736E08AAAD55.d.CBDEB2CF87B11DFB65403950D13E0962.e.6106/click - {}
RESULT: {}
COMMAND: POST /session/39d2630e55d6b41de19dafc672cf7ebc/element - {"using":"xpath","value":"//div[contains(@data-kt ,\"splitAllocationObjectStatus\")]"}
COMMAND: GET /session/39d2630e55d6b41de19dafc672cf7ebc/screenshot - {}
RESULT: {"using":"xpath","value":"//div[contains(@data-kt ,\"splitAllocationObjectStatus\")]"}
COMMAND: POST /session/39d2630e55d6b41de19dafc672cf7ebc/elements - {"using":"xpath","value":"//div[contains(@data-kt ,\"splitAllocationObjectStatus\")]"}
RESULT: {}
RESULT: {"using":"xpath","value":"//div[contains(@data-kt ,\"splitAllocationObjectStatus\")]"}
COMMAND: POST /session/39d2630e55d6b41de19dafc672cf7ebc/execute/async - {"script":"<script> [1562 bytes]","args":[{"selector":{"controlType":"sap.ui.core.Icon","viewName":"etm.portal.ui.managerequests.view.NewRequest","properties":{"src":{"regex":{"source":"message\\-error"}}},"ancestor":{"controlType":"sap.m.ColumnListItem","viewName":"etm.portal.ui.managerequests.view.NewRequest","bindingPath":{"modelName":"newRequestItems","path":"/RequestItems/0"},"ancestor":{"id":"requestItemsTable","viewName":"etm.portal.ui.managerequests.view.NewRequest"}}},"wdio_ui5_key":"etmportal.ui.managerequests.view.NewRequestsap.ui.core.Icon{\"src\":{\"regex\":{\"source\":\"message\\\\-error\"}}}{\"controlType\":\"sap.m.ColumnListItem\",\"viewName\":\"etm.portal.ui.managerequests.view.NewRequest\",\"bindingPath\":{\"modelName\":\"newRequestItems\",\"path\":\"/RequestItems/0\"},\"ancestor\":{\"id\":\"requestItemsTable\",\"viewName\":\"etm.portal.ui.managerequests.view.NewRequest\"}}"}]}
RESULT: {"script":"<script> [1562 bytes]","args":[{"selector":{"controlType":"sap.ui.core.Icon","viewName":"etm.portal.ui.managerequests.view.NewRequest","properties":{"src":{"regex":{"source":"message\\-error"}}},"ancestor":{"controlType":"sap.m.ColumnListItem","viewName":"etm.portal.ui.managerequests.view.NewRequest","bindingPath":{"modelName":"newRequestItems","path":"/RequestItems/0"},"ancestor":{"id":"requestItemsTable","viewName":"etm.portal.ui.managerequests.view.NewRequest"}}},"wdio_ui5_key":"etmportal.ui.managerequests.view.NewRequestsap.ui.core.Icon{\"src\":{\"regex\":{\"source\":\"message\\\\-error\"}}}{\"controlType\":\"sap.m.ColumnListItem\",\"viewName\":\"etm.portal.ui.managerequests.view.NewRequest\",\"bindingPath\":{\"modelName\":\"newRequestItems\",\"path\":\"/RequestItems/0\"},\"ancestor\":{\"id\":\"requestItemsTable\",\"viewName\":\"etm.portal.ui.managerequests.view.NewRequest\"}}"}]}
RESULT: undefined
COMMAND: POST /session/39d2630e55d6b41de19dafc672cf7ebc/element - {"using":"xpath","value":"//*[@id=\"__status15-__xmlview61--requestItemsTable-0-icon\"]"}
RESULT: {"using":"xpath","value":"//*[@id=\"__status15-__xmlview61--requestItemsTable-0-icon\"]"}
COMMAND: POST /session/39d2630e55d6b41de19dafc672cf7ebc/element/f.7175ED2F8B48EB9387EF736E08AAAD55.d.CBDEB2CF87B11DFB65403950D13E0962.e.6113/click - {}
RESULT: {}
COMMAND: GET /session/39d2630e55d6b41de19dafc672cf7ebc/screenshot - {}
RESULT: {}
COMMAND: POST /session/39d2630e55d6b41de19dafc672cf7ebc/execute/async - {"script":"<script> [1562 bytes]","args":[{"selector":{"id":"costObjectAdminTypeComboBox","viewName":"etm.portal.ui.managerequests.view.NewRequest","searchOpenDialogs":true,"interaction":{"idSuffix":"inner"}},"wdio_ui5_key":"costObjectAdminTypeComboBoxetmportal.ui.managerequests.view.NewRequest"}]}
RESULT: {"script":"<script> [1562 bytes]","args":[{"selector":{"id":"costObjectAdminTypeComboBox","viewName":"etm.portal.ui.managerequests.view.NewRequest","searchOpenDialogs":true,"interaction":{"idSuffix":"inner"}},"wdio_ui5_key":"costObjectAdminTypeComboBoxetmportal.ui.managerequests.view.NewRequest"}]}
RESULT: undefined
COMMAND: POST /session/39d2630e55d6b41de19dafc672cf7ebc/execute/async - {"script":"<script> [776 bytes]","args":[{"enterText":"Cost Center","selector":{"id":"costObjectAdminTypeComboBox","viewName":"etm.portal.ui.managerequests.view.NewRequest","searchOpenDialogs":true,"interaction":{"idSuffix":"inner"}},"clearTextFirst":true,"interactionType":"ENTER_TEXT"}]}
RESULT: {"script":"<script> [776 bytes]","args":[{"enterText":"Cost Center","selector":{"id":"costObjectAdminTypeComboBox","viewName":"etm.portal.ui.managerequests.view.NewRequest","searchOpenDialogs":true,"interaction":{"idSuffix":"inner"}},"clearTextFirst":true,"interactionType":"ENTER_TEXT"}]}
COMMAND: POST /session/39d2630e55d6b41de19dafc672cf7ebc/actions - {"actions":[{"id":"action27","type":"key","parameters":{},"actions":[{"type":"keyDown","value":"î€‡"},{"type":"pause","duration":10},{"type":"keyUp","value":"î€‡"}]}]}
RESULT: {"actions":[{"id":"action27","type":"key","parameters":{},"actions":[{"type":"keyDown","value":"î€‡"},{"type":"pause","duration":10},{"type":"keyUp","value":"î€‡"}]}]}
COMMAND: GET /session/39d2630e55d6b41de19dafc672cf7ebc/screenshot - {}
RESULT: {}
COMMAND: POST /session/39d2630e55d6b41de19dafc672cf7ebc/execute/async - {"script":"<script> [1562 bytes]","args":[{"selector":{"controlType":"sap.ui.core.Icon","viewName":"etm.portal.ui.managerequests.view.NewRequest","properties":{"src":{"regex":{"source":"value\\-help"}}},"searchOpenDialogs":true},"wdio_ui5_key":"etmportal.ui.managerequests.view.NewRequestsap.ui.core.Icon{\"src\":{\"regex\":{\"source\":\"value\\\\-help\"}}}"}]}
RESULT: {"script":"<script> [1562 bytes]","args":[{"selector":{"controlType":"sap.ui.core.Icon","viewName":"etm.portal.ui.managerequests.view.NewRequest","properties":{"src":{"regex":{"source":"value\\-help"}}},"searchOpenDialogs":true},"wdio_ui5_key":"etmportal.ui.managerequests.view.NewRequestsap.ui.core.Icon{\"src\":{\"regex\":{\"source\":\"value\\\\-help\"}}}"}]}
RESULT: undefined
COMMAND: POST /session/39d2630e55d6b41de19dafc672cf7ebc/element - {"using":"xpath","value":"//*[@id=\"__xmlview61--costObjectIdComboBox-vhi\"]"}
RESULT: {"using":"xpath","value":"//*[@id=\"__xmlview61--costObjectIdComboBox-vhi\"]"}
COMMAND: POST /session/39d2630e55d6b41de19dafc672cf7ebc/element/f.7175ED2F8B48EB9387EF736E08AAAD55.d.CBDEB2CF87B11DFB65403950D13E0962.e.6125/click - {}
RESULT: {}
COMMAND: POST /session/39d2630e55d6b41de19dafc672cf7ebc/execute/async - {"script":"<script> [1562 bytes]","args":[{"selector":{"controlType":"sap.m.SearchField","properties":{"placeholder":"Search"},"searchOpenDialogs":true,"interaction":{"idSuffix":"I"}},"wdio_ui5_key":"sapm.SearchField{\"placeholder\":\"Search\"}"}]}
COMMAND: GET /session/39d2630e55d6b41de19dafc672cf7ebc/screenshot - {}
RESULT: {"script":"<script> [1562 bytes]","args":[{"selector":{"controlType":"sap.m.SearchField","properties":{"placeholder":"Search"},"searchOpenDialogs":true,"interaction":{"idSuffix":"I"}},"wdio_ui5_key":"sapm.SearchField{\"placeholder\":\"Search\"}"}]}
RESULT: undefined
COMMAND: POST /session/39d2630e55d6b41de19dafc672cf7ebc/execute/async - {"script":"<script> [776 bytes]","args":[{"enterText":"10001013","selector":{"controlType":"sap.m.SearchField","properties":{"placeholder":"Search"},"searchOpenDialogs":true,"interaction":{"idSuffix":"I"}},"clearTextFirst":true,"interactionType":"ENTER_TEXT"}]}
RESULT: {}
RESULT: {"script":"<script> [776 bytes]","args":[{"enterText":"10001013","selector":{"controlType":"sap.m.SearchField","properties":{"placeholder":"Search"},"searchOpenDialogs":true,"interaction":{"idSuffix":"I"}},"clearTextFirst":true,"interactionType":"ENTER_TEXT"}]}
COMMAND: POST /session/39d2630e55d6b41de19dafc672cf7ebc/actions - {"actions":[{"id":"action28","type":"key","parameters":{},"actions":[{"type":"keyDown","value":"î€‡"},{"type":"pause","duration":10},{"type":"keyUp","value":"î€‡"}]}]}
RESULT: {"actions":[{"id":"action28","type":"key","parameters":{},"actions":[{"type":"keyDown","value":"î€‡"},{"type":"pause","duration":10},{"type":"keyUp","value":"î€‡"}]}]}
COMMAND: GET /session/39d2630e55d6b41de19dafc672cf7ebc/screenshot - {}
RESULT: {}
COMMAND: POST /session/39d2630e55d6b41de19dafc672cf7ebc/element - {"using":"xpath","value":"//span[contains(text(), \"General Management\")]"}
RESULT: {"using":"xpath","value":"//span[contains(text(), \"General Management\")]"}
COMMAND: POST /session/39d2630e55d6b41de19dafc672cf7ebc/element/f.7175ED2F8B48EB9387EF736E08AAAD55.d.CBDEB2CF87B11DFB65403950D13E0962.e.6164/click - {}
RESULT: {}
COMMAND: GET /session/39d2630e55d6b41de19dafc672cf7ebc/screenshot - {}
RESULT: {}
COMMAND: POST /session/39d2630e55d6b41de19dafc672cf7ebc/element - {"using":"xpath","value":"//bdi[contains(text(), \"OK\")]"}
RESULT: {"using":"xpath","value":"//bdi[contains(text(), \"OK\")]"}
COMMAND: POST /session/39d2630e55d6b41de19dafc672cf7ebc/element/f.7175ED2F8B48EB9387EF736E08AAAD55.d.CBDEB2CF87B11DFB65403950D13E0962.e.6165/click - {}
RESULT: {}
COMMAND: GET /session/39d2630e55d6b41de19dafc672cf7ebc/screenshot - {}
RESULT: {}
COMMAND: POST /session/39d2630e55d6b41de19dafc672cf7ebc/element - {"using":"xpath","value":"(//bdi[contains(@id ,\"BDI-content\")][contains(text(), \"Save\")])[1]"}
RESULT: {"using":"xpath","value":"(//bdi[contains(@id ,\"BDI-content\")][contains(text(), \"Save\")])[1]"}
COMMAND: POST /session/39d2630e55d6b41de19dafc672cf7ebc/element/f.7175ED2F8B48EB9387EF736E08AAAD55.d.CBDEB2CF87B11DFB65403950D13E0962.e.6169/click - {}
RESULT: {}
COMMAND: GET /session/39d2630e55d6b41de19dafc672cf7ebc/screenshot - {}
RESULT: {}
COMMAND: POST /session/39d2630e55d6b41de19dafc672cf7ebc/execute/async - {"script":"<script> [1562 bytes]","args":[{"selector":{"controlType":"sap.ui.core.Icon","viewName":"etm.portal.ui.managerequests.view.NewRequest","properties":{"src":{"regex":{"source":"message\\-error"}}},"ancestor":{"controlType":"sap.m.ColumnListItem","viewName":"etm.portal.ui.managerequests.view.NewRequest","bindingPath":{"modelName":"newRequestItems","path":"/RequestItems/1"},"ancestor":{"id":"requestItemsTable","viewName":"etm.portal.ui.managerequests.view.NewRequest"}}},"wdio_ui5_key":"etmportal.ui.managerequests.view.NewRequestsap.ui.core.Icon{\"src\":{\"regex\":{\"source\":\"message\\\\-error\"}}}{\"controlType\":\"sap.m.ColumnListItem\",\"viewName\":\"etm.portal.ui.managerequests.view.NewRequest\",\"bindingPath\":{\"modelName\":\"newRequestItems\",\"path\":\"/RequestItems/1\"},\"ancestor\":{\"id\":\"requestItemsTable\",\"viewName\":\"etm.portal.ui.managerequests.view.NewRequest\"}}"}]}
RESULT: {"script":"<script> [1562 bytes]","args":[{"selector":{"controlType":"sap.ui.core.Icon","viewName":"etm.portal.ui.managerequests.view.NewRequest","properties":{"src":{"regex":{"source":"message\\-error"}}},"ancestor":{"controlType":"sap.m.ColumnListItem","viewName":"etm.portal.ui.managerequests.view.NewRequest","bindingPath":{"modelName":"newRequestItems","path":"/RequestItems/1"},"ancestor":{"id":"requestItemsTable","viewName":"etm.portal.ui.managerequests.view.NewRequest"}}},"wdio_ui5_key":"etmportal.ui.managerequests.view.NewRequestsap.ui.core.Icon{\"src\":{\"regex\":{\"source\":\"message\\\\-error\"}}}{\"controlType\":\"sap.m.ColumnListItem\",\"viewName\":\"etm.portal.ui.managerequests.view.NewRequest\",\"bindingPath\":{\"modelName\":\"newRequestItems\",\"path\":\"/RequestItems/1\"},\"ancestor\":{\"id\":\"requestItemsTable\",\"viewName\":\"etm.portal.ui.managerequests.view.NewRequest\"}}"}]}
RESULT: undefined
COMMAND: POST /session/39d2630e55d6b41de19dafc672cf7ebc/element - {"using":"xpath","value":"//*[@id=\"__status15-__xmlview61--requestItemsTable-1-icon\"]"}
RESULT: {"using":"xpath","value":"//*[@id=\"__status15-__xmlview61--requestItemsTable-1-icon\"]"}
COMMAND: POST /session/39d2630e55d6b41de19dafc672cf7ebc/element/f.7175ED2F8B48EB9387EF736E08AAAD55.d.CBDEB2CF87B11DFB65403950D13E0962.e.6172/click - {}
RESULT: {}
COMMAND: GET /session/39d2630e55d6b41de19dafc672cf7ebc/screenshot - {}
RESULT: {}
RESULT: undefined
COMMAND: POST /session/39d2630e55d6b41de19dafc672cf7ebc/execute/async - {"script":"<script> [776 bytes]","args":[{"enterText":"Cost Center","selector":{"id":"costObjectAdminTypeComboBox","viewName":"etm.portal.ui.managerequests.view.NewRequest","searchOpenDialogs":true,"interaction":{"idSuffix":"inner"}},"clearTextFirst":true,"interactionType":"ENTER_TEXT"}]}
RESULT: {"script":"<script> [776 bytes]","args":[{"enterText":"Cost Center","selector":{"id":"costObjectAdminTypeComboBox","viewName":"etm.portal.ui.managerequests.view.NewRequest","searchOpenDialogs":true,"interaction":{"idSuffix":"inner"}},"clearTextFirst":true,"interactionType":"ENTER_TEXT"}]}
COMMAND: POST /session/39d2630e55d6b41de19dafc672cf7ebc/actions - {"actions":[{"id":"action29","type":"key","parameters":{},"actions":[{"type":"keyDown","value":"î€‡"},{"type":"pause","duration":10},{"type":"keyUp","value":"î€‡"}]}]}
RESULT: {"actions":[{"id":"action29","type":"key","parameters":{},"actions":[{"type":"keyDown","value":"î€‡"},{"type":"pause","duration":10},{"type":"keyUp","value":"î€‡"}]}]}
COMMAND: GET /session/39d2630e55d6b41de19dafc672cf7ebc/screenshot - {}
RESULT: {}
RESULT: undefined
COMMAND: POST /session/39d2630e55d6b41de19dafc672cf7ebc/element - {"using":"xpath","value":"//*[@id=\"__xmlview61--costObjectIdComboBox-vhi\"]"}
RESULT: {"using":"xpath","value":"//*[@id=\"__xmlview61--costObjectIdComboBox-vhi\"]"}
COMMAND: POST /session/39d2630e55d6b41de19dafc672cf7ebc/element/f.7175ED2F8B48EB9387EF736E08AAAD55.d.CBDEB2CF87B11DFB65403950D13E0962.e.6182/click - {}
RESULT: {}
RESULT: undefined
COMMAND: POST /session/39d2630e55d6b41de19dafc672cf7ebc/execute/async - {"script":"<script> [776 bytes]","args":[{"enterText":"10001013","selector":{"controlType":"sap.m.SearchField","properties":{"placeholder":"Search"},"searchOpenDialogs":true,"interaction":{"idSuffix":"I"}},"clearTextFirst":true,"interactionType":"ENTER_TEXT"}]}
COMMAND: GET /session/39d2630e55d6b41de19dafc672cf7ebc/screenshot - {}
RESULT: {"script":"<script> [776 bytes]","args":[{"enterText":"10001013","selector":{"controlType":"sap.m.SearchField","properties":{"placeholder":"Search"},"searchOpenDialogs":true,"interaction":{"idSuffix":"I"}},"clearTextFirst":true,"interactionType":"ENTER_TEXT"}]}
COMMAND: POST /session/39d2630e55d6b41de19dafc672cf7ebc/actions - {"actions":[{"id":"action30","type":"key","parameters":{},"actions":[{"type":"keyDown","value":"î€‡"},{"type":"pause","duration":10},{"type":"keyUp","value":"î€‡"}]}]}
RESULT: {}
RESULT: {"actions":[{"id":"action30","type":"key","parameters":{},"actions":[{"type":"keyDown","value":"î€‡"},{"type":"pause","duration":10},{"type":"keyUp","value":"î€‡"}]}]}
COMMAND: GET /session/39d2630e55d6b41de19dafc672cf7ebc/screenshot - {}
RESULT: {}
COMMAND: POST /session/39d2630e55d6b41de19dafc672cf7ebc/element - {"using":"xpath","value":"//span[contains(text(), \"General Management\")]"}
RESULT: {"using":"xpath","value":"//span[contains(text(), \"General Management\")]"}
COMMAND: POST /session/39d2630e55d6b41de19dafc672cf7ebc/element/f.7175ED2F8B48EB9387EF736E08AAAD55.d.CBDEB2CF87B11DFB65403950D13E0962.e.6221/click - {}
RESULT: {}
COMMAND: GET /session/39d2630e55d6b41de19dafc672cf7ebc/screenshot - {}
RESULT: {}
COMMAND: POST /session/39d2630e55d6b41de19dafc672cf7ebc/element - {"using":"xpath","value":"//bdi[contains(text(), \"OK\")]"}
RESULT: {"using":"xpath","value":"//bdi[contains(text(), \"OK\")]"}
COMMAND: POST /session/39d2630e55d6b41de19dafc672cf7ebc/element/f.7175ED2F8B48EB9387EF736E08AAAD55.d.CBDEB2CF87B11DFB65403950D13E0962.e.6222/click - {}
RESULT: {}
COMMAND: GET /session/39d2630e55d6b41de19dafc672cf7ebc/screenshot - {}
RESULT: {}
COMMAND: POST /session/39d2630e55d6b41de19dafc672cf7ebc/element - {"using":"xpath","value":"(//bdi[contains(@id ,\"BDI-content\")][contains(text(), \"Save\")])[1]"}
RESULT: {"using":"xpath","value":"(//bdi[contains(@id ,\"BDI-content\")][contains(text(), \"Save\")])[1]"}
COMMAND: POST /session/39d2630e55d6b41de19dafc672cf7ebc/element/f.7175ED2F8B48EB9387EF736E08AAAD55.d.CBDEB2CF87B11DFB65403950D13E0962.e.6226/click - {}
RESULT: {}
COMMAND: GET /session/39d2630e55d6b41de19dafc672cf7ebc/screenshot - {}
RESULT: {}
COMMAND: POST /session/39d2630e55d6b41de19dafc672cf7ebc/execute/async - {"script":"<script> [1562 bytes]","args":[{"selector":{"controlType":"sap.m.Button","viewName":"etm.portal.ui.managerequests.view.NewRequest","i18NText":{"propertyName":"tooltip","key":"save"},"interaction":{"idSuffix":"content"}},"wdio_ui5_key":"etmportal.ui.managerequests.view.NewRequestsap.m.Button{\"propertyName\":\"tooltip\",\"key\":\"save\"}"}]}
RESULT: {"script":"<script> [1562 bytes]","args":[{"selector":{"controlType":"sap.m.Button","viewName":"etm.portal.ui.managerequests.view.NewRequest","i18NText":{"propertyName":"tooltip","key":"save"},"interaction":{"idSuffix":"content"}},"wdio_ui5_key":"etmportal.ui.managerequests.view.NewRequestsap.m.Button{\"propertyName\":\"tooltip\",\"key\":\"save\"}"}]}
RESULT: undefined
COMMAND: POST /session/39d2630e55d6b41de19dafc672cf7ebc/element - {"using":"xpath","value":"//*[@id=\"__button105\"]"}
RESULT: {"using":"xpath","value":"//*[@id=\"__button105\"]"}
COMMAND: POST /session/39d2630e55d6b41de19dafc672cf7ebc/element/f.7175ED2F8B48EB9387EF736E08AAAD55.d.CBDEB2CF87B11DFB65403950D13E0962.e.6010/click - {}
RESULT: {}
COMMAND: GET /session/39d2630e55d6b41de19dafc672cf7ebc/screenshot - {}
RESULT: {}
COMMAND: POST /session/39d2630e55d6b41de19dafc672cf7ebc/execute/async - {"script":"<script> [1562 bytes]","args":[{"selector":{"controlType":"sap.m.Title","properties":{"text":"Success"},"searchOpenDialogs":true},"wdio_ui5_key":"sapm.Title{\"text\":\"Success\"}"}]}
RESULT: {"script":"<script> [1562 bytes]","args":[{"selector":{"controlType":"sap.m.Title","properties":{"text":"Success"},"searchOpenDialogs":true},"wdio_ui5_key":"sapm.Title{\"text\":\"Success\"}"}]}
RESULT: undefined
COMMAND: POST /session/39d2630e55d6b41de19dafc672cf7ebc/execute/async - {"script":"<script> [6424 bytes]","args":[{"element-6066-11e4-a52e-4f735466cecf":"f.7175ED2F8B48EB9387EF736E08AAAD55.d.CBDEB2CF87B11DFB65403950D13E0962.e.6232"},"getText",[]]}
RESULT: {"script":"<script> [6424 bytes]","args":[{"element-6066-11e4-a52e-4f735466cecf":"f.7175ED2F8B48EB9387EF736E08AAAD55.d.CBDEB2CF87B11DFB65403950D13E0962.e.6232"},"getText",[]]}
COMMAND: POST /session/39d2630e55d6b41de19dafc672cf7ebc/execute/async - {"script":"<script> [1562 bytes]","args":[{"selector":{"controlType":"sap.m.Button","properties":{"text":"Close"},"searchOpenDialogs":true,"interaction":{"idSuffix":"BDI-content"}},"wdio_ui5_key":"sapm.Button{\"text\":\"Close\"}"}]}
RESULT: {"script":"<script> [1562 bytes]","args":[{"selector":{"controlType":"sap.m.Button","properties":{"text":"Close"},"searchOpenDialogs":true,"interaction":{"idSuffix":"BDI-content"}},"wdio_ui5_key":"sapm.Button{\"text\":\"Close\"}"}]}
RESULT: undefined
COMMAND: POST /session/39d2630e55d6b41de19dafc672cf7ebc/element - {"using":"xpath","value":"//*[@id=\"__mbox-btn-4\"]"}
RESULT: {"using":"xpath","value":"//*[@id=\"__mbox-btn-4\"]"}
COMMAND: POST /session/39d2630e55d6b41de19dafc672cf7ebc/element/f.7175ED2F8B48EB9387EF736E08AAAD55.d.CBDEB2CF87B11DFB65403950D13E0962.e.6230/click - {}
RESULT: {}
COMMAND: GET /session/39d2630e55d6b41de19dafc672cf7ebc/screenshot - {}
RESULT: {}
COMMAND: POST /session/39d2630e55d6b41de19dafc672cf7ebc/execute/async - {"script":"<script> [1562 bytes]","args":[{"selector":{"controlType":"sap.m.Text","viewName":"etm.portal.ui.managerequests.view.Detail","bindingPath":{"propertyPath":"NO","modelName":"catalogModel"}},"wdio_ui5_key":"etmportal.ui.managerequests.view.Detailsap.m.Text{\"propertyPath\":\"NO\",\"modelName\":\"catalogModel\"}"}]}
RESULT: {"script":"<script> [1562 bytes]","args":[{"selector":{"controlType":"sap.m.Text","viewName":"etm.portal.ui.managerequests.view.Detail","bindingPath":{"propertyPath":"NO","modelName":"catalogModel"}},"wdio_ui5_key":"etmportal.ui.managerequests.view.Detailsap.m.Text{\"propertyPath\":\"NO\",\"modelName\":\"catalogModel\"}"}]}
RESULT: undefined
COMMAND: POST /session/39d2630e55d6b41de19dafc672cf7ebc/execute/async - {"script":"<script> [6424 bytes]","args":[{"element-6066-11e4-a52e-4f735466cecf":"f.7175ED2F8B48EB9387EF736E08AAAD55.d.CBDEB2CF87B11DFB65403950D13E0962.e.6367"},"getText",[]]}
RESULT: {"script":"<script> [6424 bytes]","args":[{"element-6066-11e4-a52e-4f735466cecf":"f.7175ED2F8B48EB9387EF736E08AAAD55.d.CBDEB2CF87B11DFB65403950D13E0962.e.6367"},"getText",[]]}
COMMAND: POST /session/39d2630e55d6b41de19dafc672cf7ebc/execute/async - {"script":"<script> [1562 bytes]","args":[{"selector":{"controlType":"sap.ui.core.Icon","viewName":"etm.portal.ui.managerequests.view.Detail","properties":{"src":{"regex":{"source":"date\\-time"}}},"ancestor":{"controlType":"sap.m.ColumnListItem","viewName":"etm.portal.ui.managerequests.view.Detail","bindingPath":{"path":"/SmartRequestItemsPlanningBoard(ITEM=10m,REQUEST='20285')"},"ancestor":{"id":"requestItemsTable","viewName":"etm.portal.ui.managerequests.view.Detail"}}},"wdio_ui5_key":"etmportal.ui.managerequests.view.Detailsap.ui.core.Icon{\"src\":{\"regex\":{\"source\":\"date\\\\-time\"}}}{\"controlType\":\"sap.m.ColumnListItem\",\"viewName\":\"etm.portal.ui.managerequests.view.Detail\",\"bindingPath\":{\"path\":\"/SmartRequestItemsPlanningBoard(ITEM=10m,REQUEST='20285')\"},\"ancestor\":{\"id\":\"requestItemsTable\",\"viewName\":\"etm.portal.ui.managerequests.view.Detail\"}}"}]}
RESULT: {"script":"<script> [1562 bytes]","args":[{"selector":{"controlType":"sap.ui.core.Icon","viewName":"etm.portal.ui.managerequests.view.Detail","properties":{"src":{"regex":{"source":"date\\-time"}}},"ancestor":{"controlType":"sap.m.ColumnListItem","viewName":"etm.portal.ui.managerequests.view.Detail","bindingPath":{"path":"/SmartRequestItemsPlanningBoard(ITEM=10m,REQUEST='20285')"},"ancestor":{"id":"requestItemsTable","viewName":"etm.portal.ui.managerequests.view.Detail"}}},"wdio_ui5_key":"etmportal.ui.managerequests.view.Detailsap.ui.core.Icon{\"src\":{\"regex\":{\"source\":\"date\\\\-time\"}}}{\"controlType\":\"sap.m.ColumnListItem\",\"viewName\":\"etm.portal.ui.managerequests.view.Detail\",\"bindingPath\":{\"path\":\"/SmartRequestItemsPlanningBoard(ITEM=10m,REQUEST='20285')\"},\"ancestor\":{\"id\":\"requestItemsTable\",\"viewName\":\"etm.portal.ui.managerequests.view.Detail\"}}"}]}
RESULT: undefined
COMMAND: POST /session/39d2630e55d6b41de19dafc672cf7ebc/element - {"using":"xpath","value":"//*[@id=\"__button135-__clone7816-img\"]"}
RESULT: {"using":"xpath","value":"//*[@id=\"__button135-__clone7816-img\"]"}
COMMAND: POST /session/39d2630e55d6b41de19dafc672cf7ebc/element/f.7175ED2F8B48EB9387EF736E08AAAD55.d.CBDEB2CF87B11DFB65403950D13E0962.e.6368/click - {}
RESULT: {}
COMMAND: POST /session/39d2630e55d6b41de19dafc672cf7ebc/execute/async - {"script":"<script> [1562 bytes]","args":[{"selector":{"controlType":"sap.m.Button","viewName":"etm.portal.ui.managerequests.view.Detail","properties":{"text":"Close"},"searchOpenDialogs":true,"interaction":{"idSuffix":"BDI-content"}},"wdio_ui5_key":"etmportal.ui.managerequests.view.Detailsap.m.Button{\"text\":\"Close\"}"}]}
COMMAND: GET /session/39d2630e55d6b41de19dafc672cf7ebc/screenshot - {}
RESULT: {"script":"<script> [1562 bytes]","args":[{"selector":{"controlType":"sap.m.Button","viewName":"etm.portal.ui.managerequests.view.Detail","properties":{"text":"Close"},"searchOpenDialogs":true,"interaction":{"idSuffix":"BDI-content"}},"wdio_ui5_key":"etmportal.ui.managerequests.view.Detailsap.m.Button{\"text\":\"Close\"}"}]}
RESULT: undefined
COMMAND: POST /session/39d2630e55d6b41de19dafc672cf7ebc/element - {"using":"xpath","value":"//*[@id=\"__button145\"]"}
RESULT: {}
RESULT: {"using":"xpath","value":"//*[@id=\"__button145\"]"}
COMMAND: POST /session/39d2630e55d6b41de19dafc672cf7ebc/element/f.7175ED2F8B48EB9387EF736E08AAAD55.d.CBDEB2CF87B11DFB65403950D13E0962.e.6371/click - {}
RESULT: {}
COMMAND: POST /session/39d2630e55d6b41de19dafc672cf7ebc/execute/async - {"script":"<script> [1562 bytes]","args":[{"selector":{"controlType":"sap.ui.core.Icon","viewName":"etm.portal.ui.managerequests.view.Detail","properties":{"src":{"regex":{"source":"date\\-time"}}},"ancestor":{"controlType":"sap.m.ColumnListItem","viewName":"etm.portal.ui.managerequests.view.Detail","bindingPath":{"path":"/SmartRequestItemsPlanningBoard(ITEM=20m,REQUEST='20285')"},"ancestor":{"id":"requestItemsTable","viewName":"etm.portal.ui.managerequests.view.Detail"}}},"wdio_ui5_key":"etmportal.ui.managerequests.view.Detailsap.ui.core.Icon{\"src\":{\"regex\":{\"source\":\"date\\\\-time\"}}}{\"controlType\":\"sap.m.ColumnListItem\",\"viewName\":\"etm.portal.ui.managerequests.view.Detail\",\"bindingPath\":{\"path\":\"/SmartRequestItemsPlanningBoard(ITEM=20m,REQUEST='20285')\"},\"ancestor\":{\"id\":\"requestItemsTable\",\"viewName\":\"etm.portal.ui.managerequests.view.Detail\"}}"}]}
COMMAND: GET /session/39d2630e55d6b41de19dafc672cf7ebc/screenshot - {}
RESULT: {"script":"<script> [1562 bytes]","args":[{"selector":{"controlType":"sap.ui.core.Icon","viewName":"etm.portal.ui.managerequests.view.Detail","properties":{"src":{"regex":{"source":"date\\-time"}}},"ancestor":{"controlType":"sap.m.ColumnListItem","viewName":"etm.portal.ui.managerequests.view.Detail","bindingPath":{"path":"/SmartRequestItemsPlanningBoard(ITEM=20m,REQUEST='20285')"},"ancestor":{"id":"requestItemsTable","viewName":"etm.portal.ui.managerequests.view.Detail"}}},"wdio_ui5_key":"etmportal.ui.managerequests.view.Detailsap.ui.core.Icon{\"src\":{\"regex\":{\"source\":\"date\\\\-time\"}}}{\"controlType\":\"sap.m.ColumnListItem\",\"viewName\":\"etm.portal.ui.managerequests.view.Detail\",\"bindingPath\":{\"path\":\"/SmartRequestItemsPlanningBoard(ITEM=20m,REQUEST='20285')\"},\"ancestor\":{\"id\":\"requestItemsTable\",\"viewName\":\"etm.portal.ui.managerequests.view.Detail\"}}"}]}
RESULT: undefined
COMMAND: POST /session/39d2630e55d6b41de19dafc672cf7ebc/element - {"using":"xpath","value":"//*[@id=\"__button135-__clone7817-img\"]"}
RESULT: {}
RESULT: {"using":"xpath","value":"//*[@id=\"__button135-__clone7817-img\"]"}
COMMAND: POST /session/39d2630e55d6b41de19dafc672cf7ebc/element/f.7175ED2F8B48EB9387EF736E08AAAD55.d.CBDEB2CF87B11DFB65403950D13E0962.e.6378/click - {}
RESULT: {}
RESULT: undefined
COMMAND: POST /session/39d2630e55d6b41de19dafc672cf7ebc/element - {"using":"xpath","value":"//*[@id=\"__button145\"]"}
COMMAND: GET /session/39d2630e55d6b41de19dafc672cf7ebc/screenshot - {}
RESULT: {"using":"xpath","value":"//*[@id=\"__button145\"]"}
COMMAND: POST /session/39d2630e55d6b41de19dafc672cf7ebc/elements - {"using":"xpath","value":"//*[@id=\"__button145\"]"}
RESULT: {}
RESULT: {"using":"xpath","value":"//*[@id=\"__button145\"]"}
COMMAND: POST /session/39d2630e55d6b41de19dafc672cf7ebc/element - {"using":"xpath","value":"//*[@id=\"__button145\"]"}
RESULT: {"using":"xpath","value":"//*[@id=\"__button145\"]"}
COMMAND: POST /session/39d2630e55d6b41de19dafc672cf7ebc/element/f.7175ED2F8B48EB9387EF736E08AAAD55.d.CBDEB2CF87B11DFB65403950D13E0962.e.6382/click - {}
RESULT: {}
COMMAND: POST /session/39d2630e55d6b41de19dafc672cf7ebc/element - {"using":"css selector","value":"#shell-header-logo"}
COMMAND: GET /session/39d2630e55d6b41de19dafc672cf7ebc/screenshot - {}
RESULT: {"using":"css selector","value":"#shell-header-logo"}
COMMAND: POST /session/39d2630e55d6b41de19dafc672cf7ebc/element/f.7175ED2F8B48EB9387EF736E08AAAD55.d.CBDEB2CF87B11DFB65403950D13E0962.e.5367/click - {}
RESULT: {}
RESULT: {}
COMMAND: GET /session/39d2630e55d6b41de19dafc672cf7ebc/screenshot - {}
RESULT: {}
]]></system-out>
    </testcase>
    <testcase classname="chrome.135_0_7049_96.windows.Standard_contract_-_add_contract_items_by_Insert_Request_US118222" name="Should insert the request into the contract" time="51.684">
      <system-out><![CDATA[
COMMAND: POST /session/39d2630e55d6b41de19dafc672cf7ebc/execute/async - {"script":"<script> [1562 bytes]","args":[{"selector":{"controlType":"sap.m.GenericTile","properties":{"header":"Manage Contracts"}},"wdio_ui5_key":"sapm.GenericTile{\"header\":\"Manage Contracts\"}"}]}
RESULT: {"script":"<script> [1562 bytes]","args":[{"selector":{"controlType":"sap.m.GenericTile","properties":{"header":"Manage Contracts"}},"wdio_ui5_key":"sapm.GenericTile{\"header\":\"Manage Contracts\"}"}]}
RESULT: undefined
COMMAND: POST /session/39d2630e55d6b41de19dafc672cf7ebc/element - {"using":"xpath","value":"//*[@id=\"__tile130\"]"}
RESULT: {"using":"xpath","value":"//*[@id=\"__tile130\"]"}
COMMAND: POST /session/39d2630e55d6b41de19dafc672cf7ebc/element/f.7175ED2F8B48EB9387EF736E08AAAD55.d.CBDEB2CF87B11DFB65403950D13E0962.e.6407/click - {}
RESULT: {}
COMMAND: GET /session/39d2630e55d6b41de19dafc672cf7ebc/screenshot - {}
COMMAND: POST /session/39d2630e55d6b41de19dafc672cf7ebc/execute/async - {"script":"<script> [1562 bytes]","args":[{"selector":{"controlType":"sap.m.SearchField","viewName":"etm.portal.ui.managecontracts.view.Master","bindingPath":{"path":"","propertyPath":"/_BASIC_SEARCH_FIELD","modelName":"fi1t3rM0d31"},"interaction":{"idSuffix":"I"}},"wdio_ui5_key":"etmportal.ui.managecontracts.view.Mastersap.m.SearchField{\"path\":\"\",\"propertyPath\":\"/_BASIC_SEARCH_FIELD\",\"modelName\":\"fi1t3rM0d31\"}"}]}
RESULT: {}
RESULT: {"script":"<script> [1562 bytes]","args":[{"selector":{"controlType":"sap.m.SearchField","viewName":"etm.portal.ui.managecontracts.view.Master","bindingPath":{"path":"","propertyPath":"/_BASIC_SEARCH_FIELD","modelName":"fi1t3rM0d31"},"interaction":{"idSuffix":"I"}},"wdio_ui5_key":"etmportal.ui.managecontracts.view.Mastersap.m.SearchField{\"path\":\"\",\"propertyPath\":\"/_BASIC_SEARCH_FIELD\",\"modelName\":\"fi1t3rM0d31\"}"}]}
RESULT: undefined
COMMAND: POST /session/39d2630e55d6b41de19dafc672cf7ebc/execute/async - {"script":"<script> [776 bytes]","args":[{"enterText":"10372","selector":{"controlType":"sap.m.SearchField","viewName":"etm.portal.ui.managecontracts.view.Master","bindingPath":{"path":"","propertyPath":"/_BASIC_SEARCH_FIELD","modelName":"fi1t3rM0d31"},"interaction":{"idSuffix":"I"}},"clearTextFirst":true,"interactionType":"ENTER_TEXT"}]}
RESULT: {"script":"<script> [776 bytes]","args":[{"enterText":"10372","selector":{"controlType":"sap.m.SearchField","viewName":"etm.portal.ui.managecontracts.view.Master","bindingPath":{"path":"","propertyPath":"/_BASIC_SEARCH_FIELD","modelName":"fi1t3rM0d31"},"interaction":{"idSuffix":"I"}},"clearTextFirst":true,"interactionType":"ENTER_TEXT"}]}
COMMAND: POST /session/39d2630e55d6b41de19dafc672cf7ebc/actions - {"actions":[{"id":"action31","type":"key","parameters":{},"actions":[{"type":"keyDown","value":"î€‡"},{"type":"pause","duration":10},{"type":"keyUp","value":"î€‡"}]}]}
RESULT: {"actions":[{"id":"action31","type":"key","parameters":{},"actions":[{"type":"keyDown","value":"î€‡"},{"type":"pause","duration":10},{"type":"keyUp","value":"î€‡"}]}]}
COMMAND: GET /session/39d2630e55d6b41de19dafc672cf7ebc/screenshot - {}
RESULT: {}
COMMAND: POST /session/39d2630e55d6b41de19dafc672cf7ebc/execute/async - {"script":"<script> [1562 bytes]","args":[{"selector":{"controlType":"sap.ui.core.Icon","viewName":"etm.portal.ui.managecontracts.view.Master","properties":{"src":{"regex":{"source":"slim\\-arrow\\-right"}}}},"wdio_ui5_key":"etmportal.ui.managecontracts.view.Mastersap.ui.core.Icon{\"src\":{\"regex\":{\"source\":\"slim\\\\-arrow\\\\-right\"}}}"}]}
RESULT: {"script":"<script> [1562 bytes]","args":[{"selector":{"controlType":"sap.ui.core.Icon","viewName":"etm.portal.ui.managecontracts.view.Master","properties":{"src":{"regex":{"source":"slim\\-arrow\\-right"}}}},"wdio_ui5_key":"etmportal.ui.managecontracts.view.Mastersap.ui.core.Icon{\"src\":{\"regex\":{\"source\":\"slim\\\\-arrow\\\\-right\"}}}"}]}
RESULT: undefined
COMMAND: POST /session/39d2630e55d6b41de19dafc672cf7ebc/element - {"using":"xpath","value":"//*[@id=\"__item2315-__clone7926-imgNav\"]"}
RESULT: {"using":"xpath","value":"//*[@id=\"__item2315-__clone7926-imgNav\"]"}
COMMAND: POST /session/39d2630e55d6b41de19dafc672cf7ebc/element/f.7175ED2F8B48EB9387EF736E08AAAD55.d.CBDEB2CF87B11DFB65403950D13E0962.e.6534/click - {}
RESULT: {}
COMMAND: POST /session/39d2630e55d6b41de19dafc672cf7ebc/execute/async - {"script":"<script> [1562 bytes]","args":[{"selector":{"id":"addRequestItemBtn","viewName":"etm.portal.ui.managecontracts.view.Detail","interaction":{"idSuffix":"BDI-content"}},"wdio_ui5_key":"addRequestItemBtnetmportal.ui.managecontracts.view.Detail"}]}
COMMAND: GET /session/39d2630e55d6b41de19dafc672cf7ebc/screenshot - {}
RESULT: {"script":"<script> [1562 bytes]","args":[{"selector":{"id":"addRequestItemBtn","viewName":"etm.portal.ui.managecontracts.view.Detail","interaction":{"idSuffix":"BDI-content"}},"wdio_ui5_key":"addRequestItemBtnetmportal.ui.managecontracts.view.Detail"}]}
RESULT: undefined
COMMAND: POST /session/39d2630e55d6b41de19dafc672cf7ebc/element - {"using":"xpath","value":"//*[@id=\"__xmlview64--addRequestItemBtn\"]"}
RESULT: {}
RESULT: {"using":"xpath","value":"//*[@id=\"__xmlview64--addRequestItemBtn\"]"}
COMMAND: POST /session/39d2630e55d6b41de19dafc672cf7ebc/element/f.7175ED2F8B48EB9387EF736E08AAAD55.d.CBDEB2CF87B11DFB65403950D13E0962.e.6598/click - {}
RESULT: {}
COMMAND: GET /session/39d2630e55d6b41de19dafc672cf7ebc/screenshot - {}
RESULT: {}
COMMAND: POST /session/39d2630e55d6b41de19dafc672cf7ebc/element - {"using":"xpath","value":"//div[contains(@id ,\"popupRequestTable-sa-CbBg\")]"}
RESULT: {"using":"xpath","value":"//div[contains(@id ,\"popupRequestTable-sa-CbBg\")]"}
COMMAND: POST /session/39d2630e55d6b41de19dafc672cf7ebc/element/f.7175ED2F8B48EB9387EF736E08AAAD55.d.CBDEB2CF87B11DFB65403950D13E0962.e.6715/click - {}
RESULT: {}
COMMAND: GET /session/39d2630e55d6b41de19dafc672cf7ebc/screenshot - {}
RESULT: {}
COMMAND: POST /session/39d2630e55d6b41de19dafc672cf7ebc/execute/async - {"script":"<script> [1562 bytes]","args":[{"selector":{"controlType":"sap.m.Button","viewName":"etm.portal.ui.managecontracts.view.Detail","i18NText":{"propertyName":"text","key":"selectionDone"},"searchOpenDialogs":true,"interaction":{"idSuffix":"BDI-content"}},"wdio_ui5_key":"etmportal.ui.managecontracts.view.Detailsap.m.Button{\"propertyName\":\"text\",\"key\":\"selectionDone\"}"}]}
RESULT: {"script":"<script> [1562 bytes]","args":[{"selector":{"controlType":"sap.m.Button","viewName":"etm.portal.ui.managecontracts.view.Detail","i18NText":{"propertyName":"text","key":"selectionDone"},"searchOpenDialogs":true,"interaction":{"idSuffix":"BDI-content"}},"wdio_ui5_key":"etmportal.ui.managecontracts.view.Detailsap.m.Button{\"propertyName\":\"text\",\"key\":\"selectionDone\"}"}]}
RESULT: undefined
COMMAND: POST /session/39d2630e55d6b41de19dafc672cf7ebc/element - {"using":"xpath","value":"//*[@id=\"__button157\"]"}
RESULT: {"using":"xpath","value":"//*[@id=\"__button157\"]"}
COMMAND: POST /session/39d2630e55d6b41de19dafc672cf7ebc/element/f.7175ED2F8B48EB9387EF736E08AAAD55.d.CBDEB2CF87B11DFB65403950D13E0962.e.6717/click - {}
RESULT: {}
COMMAND: POST /session/39d2630e55d6b41de19dafc672cf7ebc/execute/async - {"script":"<script> [1562 bytes]","args":[{"selector":{"controlType":"sap.m.Text","properties":{"text":"Started processing request items into the contract."},"searchOpenDialogs":true},"wdio_ui5_key":"sapm.Text{\"text\":\"Started processing request items into the contract.\"}"}]}
COMMAND: GET /session/39d2630e55d6b41de19dafc672cf7ebc/screenshot - {}
RESULT: {"script":"<script> [1562 bytes]","args":[{"selector":{"controlType":"sap.m.Text","properties":{"text":"Started processing request items into the contract."},"searchOpenDialogs":true},"wdio_ui5_key":"sapm.Text{\"text\":\"Started processing request items into the contract.\"}"}]}
RESULT: undefined
COMMAND: POST /session/39d2630e55d6b41de19dafc672cf7ebc/execute/async - {"script":"<script> [6424 bytes]","args":[{"element-6066-11e4-a52e-4f735466cecf":"f.7175ED2F8B48EB9387EF736E08AAAD55.d.CBDEB2CF87B11DFB65403950D13E0962.e.6719"},"getText",[]]}
RESULT: {}
RESULT: {"script":"<script> [6424 bytes]","args":[{"element-6066-11e4-a52e-4f735466cecf":"f.7175ED2F8B48EB9387EF736E08AAAD55.d.CBDEB2CF87B11DFB65403950D13E0962.e.6719"},"getText",[]]}
COMMAND: POST /session/39d2630e55d6b41de19dafc672cf7ebc/execute/async - {"script":"<script> [1562 bytes]","args":[{"selector":{"controlType":"sap.m.Button","properties":{"text":"OK"},"searchOpenDialogs":true,"interaction":{"idSuffix":"inner"}},"wdio_ui5_key":"sapm.Button{\"text\":\"OK\"}"}]}
RESULT: {"script":"<script> [1562 bytes]","args":[{"selector":{"controlType":"sap.m.Button","properties":{"text":"OK"},"searchOpenDialogs":true,"interaction":{"idSuffix":"inner"}},"wdio_ui5_key":"sapm.Button{\"text\":\"OK\"}"}]}
RESULT: undefined
COMMAND: POST /session/39d2630e55d6b41de19dafc672cf7ebc/element - {"using":"xpath","value":"//*[@id=\"__mbox-btn-5\"]"}
RESULT: {"using":"xpath","value":"//*[@id=\"__mbox-btn-5\"]"}
COMMAND: POST /session/39d2630e55d6b41de19dafc672cf7ebc/element/f.7175ED2F8B48EB9387EF736E08AAAD55.d.CBDEB2CF87B11DFB65403950D13E0962.e.6718/click - {}
RESULT: {}
COMMAND: POST /session/39d2630e55d6b41de19dafc672cf7ebc/execute/async - {"script":"<script> [1562 bytes]","args":[{"selector":{"id":"headerBillingItemsTabFilter","viewName":"etm.portal.ui.managecontracts.view.Detail","interaction":{"idSuffix":"text"}},"wdio_ui5_key":"headerBillingItemsTabFilteretmportal.ui.managecontracts.view.Detail"}]}
COMMAND: GET /session/39d2630e55d6b41de19dafc672cf7ebc/screenshot - {}
RESULT: {"script":"<script> [1562 bytes]","args":[{"selector":{"id":"headerBillingItemsTabFilter","viewName":"etm.portal.ui.managecontracts.view.Detail","interaction":{"idSuffix":"text"}},"wdio_ui5_key":"headerBillingItemsTabFilteretmportal.ui.managecontracts.view.Detail"}]}
RESULT: undefined
COMMAND: POST /session/39d2630e55d6b41de19dafc672cf7ebc/element - {"using":"xpath","value":"//*[@id=\"__xmlview64--headerBillingItemsTabFilter\"]"}
RESULT: {}
RESULT: {"using":"xpath","value":"//*[@id=\"__xmlview64--headerBillingItemsTabFilter\"]"}
COMMAND: POST /session/39d2630e55d6b41de19dafc672cf7ebc/element/f.7175ED2F8B48EB9387EF736E08AAAD55.d.CBDEB2CF87B11DFB65403950D13E0962.e.6729/click - {}
RESULT: {}
COMMAND: GET /session/39d2630e55d6b41de19dafc672cf7ebc/screenshot - {}
RESULT: {}
COMMAND: POST /session/39d2630e55d6b41de19dafc672cf7ebc/execute/async - {"script":"<script> [1562 bytes]","args":[{"selector":{"controlType":"sap.ui.core.Icon","viewName":"etm.portal.ui.managecontracts.view.Detail","properties":{"src":{"regex":{"source":"synchronize"}}}},"wdio_ui5_key":"etmportal.ui.managecontracts.view.Detailsap.ui.core.Icon{\"src\":{\"regex\":{\"source\":\"synchronize\"}}}"}]}
RESULT: {"script":"<script> [1562 bytes]","args":[{"selector":{"controlType":"sap.ui.core.Icon","viewName":"etm.portal.ui.managecontracts.view.Detail","properties":{"src":{"regex":{"source":"synchronize"}}}},"wdio_ui5_key":"etmportal.ui.managecontracts.view.Detailsap.ui.core.Icon{\"src\":{\"regex\":{\"source\":\"synchronize\"}}}"}]}
RESULT: undefined
COMMAND: POST /session/39d2630e55d6b41de19dafc672cf7ebc/element - {"using":"xpath","value":"//*[@id=\"__xmlview64--btnToggleUpdate-img\"]"}
RESULT: {"using":"xpath","value":"//*[@id=\"__xmlview64--btnToggleUpdate-img\"]"}
COMMAND: POST /session/39d2630e55d6b41de19dafc672cf7ebc/element/f.7175ED2F8B48EB9387EF736E08AAAD55.d.CBDEB2CF87B11DFB65403950D13E0962.e.6597/click - {}
RESULT: {}
COMMAND: GET /session/39d2630e55d6b41de19dafc672cf7ebc/screenshot - {}
RESULT: {}
RESULT: undefined
COMMAND: POST /session/39d2630e55d6b41de19dafc672cf7ebc/element - {"using":"xpath","value":"//*[@id=\"__xmlview64--headerBillingItemsTabFilter\"]"}
RESULT: {"using":"xpath","value":"//*[@id=\"__xmlview64--headerBillingItemsTabFilter\"]"}
COMMAND: POST /session/39d2630e55d6b41de19dafc672cf7ebc/element/f.7175ED2F8B48EB9387EF736E08AAAD55.d.CBDEB2CF87B11DFB65403950D13E0962.e.6729/click - {}
RESULT: {}
COMMAND: POST /session/39d2630e55d6b41de19dafc672cf7ebc/execute/async - {"script":"<script> [1562 bytes]","args":[{"selector":{"controlType":"sap.m.Title","viewName":"etm.portal.ui.managecontracts.view.Detail","properties":{"text":"Contract Items (2)"}},"wdio_ui5_key":"etmportal.ui.managecontracts.view.Detailsap.m.Title{\"text\":\"Contract Items (2)\"}"}]}
COMMAND: GET /session/39d2630e55d6b41de19dafc672cf7ebc/screenshot - {}
RESULT: {"script":"<script> [1562 bytes]","args":[{"selector":{"controlType":"sap.m.Title","viewName":"etm.portal.ui.managecontracts.view.Detail","properties":{"text":"Contract Items (2)"}},"wdio_ui5_key":"etmportal.ui.managecontracts.view.Detailsap.m.Title{\"text\":\"Contract Items (2)\"}"}]}
RESULT: undefined
COMMAND: POST /session/39d2630e55d6b41de19dafc672cf7ebc/execute/async - {"script":"<script> [6424 bytes]","args":[{"element-6066-11e4-a52e-4f735466cecf":"f.7175ED2F8B48EB9387EF736E08AAAD55.d.CBDEB2CF87B11DFB65403950D13E0962.e.6738"},"getText",[]]}
RESULT: {}
RESULT: {"script":"<script> [6424 bytes]","args":[{"element-6066-11e4-a52e-4f735466cecf":"f.7175ED2F8B48EB9387EF736E08AAAD55.d.CBDEB2CF87B11DFB65403950D13E0962.e.6738"},"getText",[]]}
COMMAND: POST /session/39d2630e55d6b41de19dafc672cf7ebc/execute/async - {"script":"<script> [1562 bytes]","args":[{"selector":{"controlType":"sap.m.ObjectStatus","viewName":"etm.portal.ui.managecontracts.view.Detail","bindingPath":{"path":"/SmartContractItems(CONTRACT='10372',ITEM=10m,SUB_ITEM=0m)","propertyPath":"STATUS"}},"wdio_ui5_key":"etmportal.ui.managecontracts.view.Detailsap.m.ObjectStatus{\"path\":\"/SmartContractItems(CONTRACT='10372',ITEM=10m,SUB_ITEM=0m)\",\"propertyPath\":\"STATUS\"}"}]}
RESULT: {"script":"<script> [1562 bytes]","args":[{"selector":{"controlType":"sap.m.ObjectStatus","viewName":"etm.portal.ui.managecontracts.view.Detail","bindingPath":{"path":"/SmartContractItems(CONTRACT='10372',ITEM=10m,SUB_ITEM=0m)","propertyPath":"STATUS"}},"wdio_ui5_key":"etmportal.ui.managecontracts.view.Detailsap.m.ObjectStatus{\"path\":\"/SmartContractItems(CONTRACT='10372',ITEM=10m,SUB_ITEM=0m)\",\"propertyPath\":\"STATUS\"}"}]}
RESULT: undefined
COMMAND: POST /session/39d2630e55d6b41de19dafc672cf7ebc/execute/async - {"script":"<script> [6424 bytes]","args":[{"element-6066-11e4-a52e-4f735466cecf":"f.7175ED2F8B48EB9387EF736E08AAAD55.d.CBDEB2CF87B11DFB65403950D13E0962.e.6740"},"getText",[]]}
RESULT: {"script":"<script> [6424 bytes]","args":[{"element-6066-11e4-a52e-4f735466cecf":"f.7175ED2F8B48EB9387EF736E08AAAD55.d.CBDEB2CF87B11DFB65403950D13E0962.e.6740"},"getText",[]]}
COMMAND: POST /session/39d2630e55d6b41de19dafc672cf7ebc/execute/async - {"script":"<script> [1562 bytes]","args":[{"selector":{"controlType":"sap.m.ObjectStatus","viewName":"etm.portal.ui.managecontracts.view.Detail","bindingPath":{"path":"/SmartContractItems(CONTRACT='10372',ITEM=20m,SUB_ITEM=0m)","propertyPath":"STATUS"}},"wdio_ui5_key":"etmportal.ui.managecontracts.view.Detailsap.m.ObjectStatus{\"path\":\"/SmartContractItems(CONTRACT='10372',ITEM=20m,SUB_ITEM=0m)\",\"propertyPath\":\"STATUS\"}"}]}
RESULT: {"script":"<script> [1562 bytes]","args":[{"selector":{"controlType":"sap.m.ObjectStatus","viewName":"etm.portal.ui.managecontracts.view.Detail","bindingPath":{"path":"/SmartContractItems(CONTRACT='10372',ITEM=20m,SUB_ITEM=0m)","propertyPath":"STATUS"}},"wdio_ui5_key":"etmportal.ui.managecontracts.view.Detailsap.m.ObjectStatus{\"path\":\"/SmartContractItems(CONTRACT='10372',ITEM=20m,SUB_ITEM=0m)\",\"propertyPath\":\"STATUS\"}"}]}
RESULT: undefined
COMMAND: POST /session/39d2630e55d6b41de19dafc672cf7ebc/execute/async - {"script":"<script> [6424 bytes]","args":[{"element-6066-11e4-a52e-4f735466cecf":"f.7175ED2F8B48EB9387EF736E08AAAD55.d.CBDEB2CF87B11DFB65403950D13E0962.e.6741"},"getText",[]]}
RESULT: {"script":"<script> [6424 bytes]","args":[{"element-6066-11e4-a52e-4f735466cecf":"f.7175ED2F8B48EB9387EF736E08AAAD55.d.CBDEB2CF87B11DFB65403950D13E0962.e.6741"},"getText",[]]}
]]></system-out>
    </testcase>
  </testsuite>
  <testsuite timestamp="2025-04-30T05:51:53" time="84.586" tests="1" failures="0" errors="0" skipped="0">
    <properties>
      <property name="specId" value="0" />
      <property name="suiteName" value="Manage contracts - revert request US152962" />
      <property name="capabilities" value="chrome.135_0_7049_96.windows" />
      <property name="file" value="file:///D:/a/1/s/test/specs/R2C/manage-contracts-revert-request.spec.js" />
    </properties>
    <testcase classname="chrome.135_0_7049_96.windows.Manage_contracts_-_revert_request_US152962" name="Should revert the request" time="84.583">
      <system-out><![CDATA[
COMMAND: POST /session/39d2630e55d6b41de19dafc672cf7ebc/execute/async - {"script":"<script> [1562 bytes]","args":[{"selector":{"id":"revertPlanningBtn","viewName":"etm.portal.ui.managecontracts.view.Detail","interaction":{"idSuffix":"BDI-content"}},"wdio_ui5_key":"revertPlanningBtnetmportal.ui.managecontracts.view.Detail"}]}
RESULT: {"script":"<script> [1562 bytes]","args":[{"selector":{"id":"revertPlanningBtn","viewName":"etm.portal.ui.managecontracts.view.Detail","interaction":{"idSuffix":"BDI-content"}},"wdio_ui5_key":"revertPlanningBtnetmportal.ui.managecontracts.view.Detail"}]}
RESULT: undefined
COMMAND: POST /session/39d2630e55d6b41de19dafc672cf7ebc/element - {"using":"xpath","value":"//*[@id=\"__xmlview64--revertPlanningBtn\"]"}
RESULT: {"using":"xpath","value":"//*[@id=\"__xmlview64--revertPlanningBtn\"]"}
COMMAND: POST /session/39d2630e55d6b41de19dafc672cf7ebc/element/f.7175ED2F8B48EB9387EF736E08AAAD55.d.CBDEB2CF87B11DFB65403950D13E0962.e.6601/click - {}
RESULT: {}
COMMAND: POST /session/39d2630e55d6b41de19dafc672cf7ebc/element - {"using":"xpath","value":"(//div[contains(@id ,\"selectMulti-CbBg\")])[2]"}
COMMAND: GET /session/39d2630e55d6b41de19dafc672cf7ebc/screenshot - {}
RESULT: {"using":"xpath","value":"(//div[contains(@id ,\"selectMulti-CbBg\")])[2]"}
COMMAND: POST /session/39d2630e55d6b41de19dafc672cf7ebc/element/f.7175ED2F8B48EB9387EF736E08AAAD55.d.CBDEB2CF87B11DFB65403950D13E0962.e.6788/click - {}
RESULT: {}
RESULT: {}
COMMAND: GET /session/39d2630e55d6b41de19dafc672cf7ebc/screenshot - {}
RESULT: {}
COMMAND: POST /session/39d2630e55d6b41de19dafc672cf7ebc/element - {"using":"xpath","value":"//span[contains(@id ,\"executeRevertPlanningBtn-content\")]"}
RESULT: {"using":"xpath","value":"//span[contains(@id ,\"executeRevertPlanningBtn-content\")]"}
COMMAND: POST /session/39d2630e55d6b41de19dafc672cf7ebc/element/f.7175ED2F8B48EB9387EF736E08AAAD55.d.CBDEB2CF87B11DFB65403950D13E0962.e.6789/click - {}
RESULT: {}
COMMAND: GET /session/39d2630e55d6b41de19dafc672cf7ebc/screenshot - {}
RESULT: {}
COMMAND: POST /session/39d2630e55d6b41de19dafc672cf7ebc/actions - {"actions":[{"id":"action32","type":"key","parameters":{},"actions":[{"type":"keyDown","value":"î€‡"},{"type":"pause","duration":10},{"type":"keyUp","value":"î€‡"}]}]}
RESULT: {"actions":[{"id":"action32","type":"key","parameters":{},"actions":[{"type":"keyDown","value":"î€‡"},{"type":"pause","duration":10},{"type":"keyUp","value":"î€‡"}]}]}
COMMAND: GET /session/39d2630e55d6b41de19dafc672cf7ebc/screenshot - {}
RESULT: {}
COMMAND: POST /session/39d2630e55d6b41de19dafc672cf7ebc/refresh - {}
RESULT: {}
COMMAND: GET /session/39d2630e55d6b41de19dafc672cf7ebc/screenshot - {}
RESULT: {}
COMMAND: POST /session/39d2630e55d6b41de19dafc672cf7ebc/execute/async - {"script":"<script> [189 bytes]","args":[]}
RESULT: {"script":"<script> [189 bytes]","args":[]}
COMMAND: POST /session/39d2630e55d6b41de19dafc672cf7ebc/execute/async - {"script":"<script> [123 bytes]","args":[]}
RESULT: {"script":"<script> [123 bytes]","args":[]}
COMMAND: POST /session/39d2630e55d6b41de19dafc672cf7ebc/timeouts - {"script":"<number>"}
RESULT: {"script":"<number>"}
COMMAND: GET /session/39d2630e55d6b41de19dafc672cf7ebc/timeouts - {}
RESULT: {}
RESULT: undefined
COMMAND: POST /session/39d2630e55d6b41de19dafc672cf7ebc/execute/async - {"script":"<script> [2676 bytes]","args":[]}
RESULT: {"script":"<script> [2676 bytes]","args":[]}
COMMAND: POST /session/39d2630e55d6b41de19dafc672cf7ebc/execute/async - {"script":"<script> [2342 bytes]","args":[{"protocol":"http","hostname":"0.0.0.0","path":"/","capabilities":{"browserName":"chrome","goog:chromeOptions":{"binary":"C:\\Program Files\\Google\\Chrome\\Application\\chrome.exe","args":["--start-maximized"]}},"logLevel":"warn","connectionRetryTimeout":120000,"connectionRetryCount":3,"logLevels":{},"enableDirectConnect":true,"strictSSL":true,"_":"65 more keys: [\"cacheDir\",\"port\",\"requestedCapabilities\",\"automationProtocol\",\"baseUrl\",\"waitforInterval\",\"waitforTimeout\",\"onReload\",\"beforeCommand\",\"afterCommand\",\"rootDir\",\"specs\",\"suites\",\"exclude\",\"groupLogsByTestSpec\",\"excludeDriverLogs\",\"bail\",\"framework\",\"reporters\",\"services\",\"maxInstances\",\"maxInstancesPerCapability\",\"injectGlobals\",\"filesToWatch\",\"execArgv\",\"runnerEnv\",\"runner\",\"shard\",\"specFileRetries\",\"specFileRetriesDelay\",\"specFileRetriesDeferred\",\"reporterSyncInterval\",\"reporterSyncTimeout\",\"cucumberFeaturesWithLineNumbers\",\"autoCompileOpts\",\"mochaOpts\",\"jasmineOpts\",\"cucumberOpts\",\"onPrepare\",\"onWorkerStart\",\"onWorkerEnd\",\"before\",\"beforeSession\",\"beforeSuite\",\"beforeHook\",\"beforeTest\",\"afterTest\",\"afterHook\",\"afterSuite\",\"afterSession\",\"after\",\"onComplete\",\"beforeAssertion\",\"afterAssertion\",\"beforeFeature\",\"beforeScenario\",\"beforeStep\",\"afterStep\",\"afterScenario\",\"afterFeature\",\"_\",\"suite\",\"$0\",\"ignoredWorkerServices\",\"wdi5\"]"}]}
RESULT: {"script":"<script> [2342 bytes]","args":[{"protocol":"http","hostname":"0.0.0.0","path":"/","capabilities":{"browserName":"chrome","goog:chromeOptions":{"binary":"C:\\Program Files\\Google\\Chrome\\Application\\chrome.exe","args":["--start-maximized"]}},"logLevel":"warn","connectionRetryTimeout":120000,"connectionRetryCount":3,"logLevels":{},"enableDirectConnect":true,"strictSSL":true,"_":"65 more keys: [\"cacheDir\",\"port\",\"requestedCapabilities\",\"automationProtocol\",\"baseUrl\",\"waitforInterval\",\"waitforTimeout\",\"onReload\",\"beforeCommand\",\"afterCommand\",\"rootDir\",\"specs\",\"suites\",\"exclude\",\"groupLogsByTestSpec\",\"excludeDriverLogs\",\"bail\",\"framework\",\"reporters\",\"services\",\"maxInstances\",\"maxInstancesPerCapability\",\"injectGlobals\",\"filesToWatch\",\"execArgv\",\"runnerEnv\",\"runner\",\"shard\",\"specFileRetries\",\"specFileRetriesDelay\",\"specFileRetriesDeferred\",\"reporterSyncInterval\",\"reporterSyncTimeout\",\"cucumberFeaturesWithLineNumbers\",\"autoCompileOpts\",\"mochaOpts\",\"jasmineOpts\",\"cucumberOpts\",\"onPrepare\",\"onWorkerStart\",\"onWorkerEnd\",\"before\",\"beforeSession\",\"beforeSuite\",\"beforeHook\",\"beforeTest\",\"afterTest\",\"afterHook\",\"afterSuite\",\"afterSession\",\"after\",\"onComplete\",\"beforeAssertion\",\"afterAssertion\",\"beforeFeature\",\"beforeScenario\",\"beforeStep\",\"afterStep\",\"afterScenario\",\"afterFeature\",\"_\",\"suite\",\"$0\",\"ignoredWorkerServices\",\"wdi5\"]"}]}
COMMAND: POST /session/39d2630e55d6b41de19dafc672cf7ebc/execute/async - {"script":"<script> [21126 bytes]","args":[35000]}
RESULT: {"script":"<script> [21126 bytes]","args":[35000]}
COMMAND: POST /session/39d2630e55d6b41de19dafc672cf7ebc/execute/async - {"script":"<script> [1562 bytes]","args":[{"selector":{"controlType":"sap.m.Title","viewName":"etm.portal.ui.managecontracts.view.Detail","properties":{"text":"Contract Items (1)"}},"wdio_ui5_key":"etmportal.ui.managecontracts.view.Detailsap.m.Title{\"text\":\"Contract Items (1)\"}"}]}
RESULT: {"script":"<script> [1562 bytes]","args":[{"selector":{"controlType":"sap.m.Title","viewName":"etm.portal.ui.managecontracts.view.Detail","properties":{"text":"Contract Items (1)"}},"wdio_ui5_key":"etmportal.ui.managecontracts.view.Detailsap.m.Title{\"text\":\"Contract Items (1)\"}"}]}
RESULT: undefined
COMMAND: POST /session/39d2630e55d6b41de19dafc672cf7ebc/execute/async - {"script":"<script> [6424 bytes]","args":[{"element-6066-11e4-a52e-4f735466cecf":"f.7175ED2F8B48EB9387EF736E08AAAD55.d.20CD7B6C656DD5469975D77AB0C21A8D.e.7012"},"getText",[]]}
RESULT: {"script":"<script> [6424 bytes]","args":[{"element-6066-11e4-a52e-4f735466cecf":"f.7175ED2F8B48EB9387EF736E08AAAD55.d.20CD7B6C656DD5469975D77AB0C21A8D.e.7012"},"getText",[]]}
COMMAND: POST /session/39d2630e55d6b41de19dafc672cf7ebc/execute/async - {"script":"<script> [1562 bytes]","args":[{"selector":{"id":"contractDetailEditBtn","viewName":"etm.portal.ui.managecontracts.view.Detail","interaction":{"idSuffix":"inner"}},"wdio_ui5_key":"contractDetailEditBtnetmportal.ui.managecontracts.view.Detail"}]}
RESULT: {"script":"<script> [1562 bytes]","args":[{"selector":{"id":"contractDetailEditBtn","viewName":"etm.portal.ui.managecontracts.view.Detail","interaction":{"idSuffix":"inner"}},"wdio_ui5_key":"contractDetailEditBtnetmportal.ui.managecontracts.view.Detail"}]}
RESULT: undefined
COMMAND: POST /session/39d2630e55d6b41de19dafc672cf7ebc/element - {"using":"xpath","value":"//*[@id=\"__xmlview1--contractDetailEditBtn\"]"}
RESULT: {"using":"xpath","value":"//*[@id=\"__xmlview1--contractDetailEditBtn\"]"}
COMMAND: POST /session/39d2630e55d6b41de19dafc672cf7ebc/element/f.7175ED2F8B48EB9387EF736E08AAAD55.d.20CD7B6C656DD5469975D77AB0C21A8D.e.7014/click - {}
RESULT: {}
COMMAND: GET /session/39d2630e55d6b41de19dafc672cf7ebc/screenshot - {}
RESULT: {}
COMMAND: POST /session/39d2630e55d6b41de19dafc672cf7ebc/element - {"using":"xpath","value":"(//span[contains(text(), \"Header Billing Items\")])[2]"}
RESULT: {"using":"xpath","value":"(//span[contains(text(), \"Header Billing Items\")])[2]"}
COMMAND: POST /session/39d2630e55d6b41de19dafc672cf7ebc/element/f.7175ED2F8B48EB9387EF736E08AAAD55.d.20CD7B6C656DD5469975D77AB0C21A8D.e.7079/click - {}
RESULT: {}
COMMAND: GET /session/39d2630e55d6b41de19dafc672cf7ebc/screenshot - {}
RESULT: {}
COMMAND: POST /session/39d2630e55d6b41de19dafc672cf7ebc/element - {"using":"xpath","value":"//div[contains(@id ,\"ProductsTable-sa-CbBg\")]"}
RESULT: {"using":"xpath","value":"//div[contains(@id ,\"ProductsTable-sa-CbBg\")]"}
COMMAND: POST /session/39d2630e55d6b41de19dafc672cf7ebc/element/f.7175ED2F8B48EB9387EF736E08AAAD55.d.20CD7B6C656DD5469975D77AB0C21A8D.e.7082/click - {}
RESULT: {}
COMMAND: GET /session/39d2630e55d6b41de19dafc672cf7ebc/screenshot - {}
RESULT: {}
COMMAND: POST /session/39d2630e55d6b41de19dafc672cf7ebc/execute/async - {"script":"<script> [1562 bytes]","args":[{"selector":{"id":"deleteBtn","viewName":"etm.portal.ui.managecontracts.view.EditContract","interaction":{"idSuffix":"BDI-content"}},"wdio_ui5_key":"deleteBtnetmportal.ui.managecontracts.view.EditContract"}]}
RESULT: {"script":"<script> [1562 bytes]","args":[{"selector":{"id":"deleteBtn","viewName":"etm.portal.ui.managecontracts.view.EditContract","interaction":{"idSuffix":"BDI-content"}},"wdio_ui5_key":"deleteBtnetmportal.ui.managecontracts.view.EditContract"}]}
RESULT: undefined
COMMAND: POST /session/39d2630e55d6b41de19dafc672cf7ebc/element - {"using":"xpath","value":"//*[@id=\"__xmlview2--deleteBtn\"]"}
RESULT: {"using":"xpath","value":"//*[@id=\"__xmlview2--deleteBtn\"]"}
COMMAND: POST /session/39d2630e55d6b41de19dafc672cf7ebc/element/f.7175ED2F8B48EB9387EF736E08AAAD55.d.20CD7B6C656DD5469975D77AB0C21A8D.e.7085/click - {}
RESULT: {}
COMMAND: POST /session/39d2630e55d6b41de19dafc672cf7ebc/element - {"using":"xpath","value":"//bdi[contains(@id ,\"BDI-content\")][contains(text(), \"OK\")]"}
COMMAND: GET /session/39d2630e55d6b41de19dafc672cf7ebc/screenshot - {}
RESULT: {"using":"xpath","value":"//bdi[contains(@id ,\"BDI-content\")][contains(text(), \"OK\")]"}
COMMAND: POST /session/39d2630e55d6b41de19dafc672cf7ebc/element/f.7175ED2F8B48EB9387EF736E08AAAD55.d.20CD7B6C656DD5469975D77AB0C21A8D.e.7087/click - {}
RESULT: {}
RESULT: {}
COMMAND: GET /session/39d2630e55d6b41de19dafc672cf7ebc/screenshot - {}
RESULT: {}
COMMAND: POST /session/39d2630e55d6b41de19dafc672cf7ebc/element - {"using":"xpath","value":"//bdi[contains(@id ,\"BDI-content\")][contains(text(), \"Save\")]"}
RESULT: {"using":"xpath","value":"//bdi[contains(@id ,\"BDI-content\")][contains(text(), \"Save\")]"}
COMMAND: POST /session/39d2630e55d6b41de19dafc672cf7ebc/element/f.7175ED2F8B48EB9387EF736E08AAAD55.d.20CD7B6C656DD5469975D77AB0C21A8D.e.7089/click - {}
RESULT: {}
COMMAND: GET /session/39d2630e55d6b41de19dafc672cf7ebc/screenshot - {}
RESULT: {}
COMMAND: POST /session/39d2630e55d6b41de19dafc672cf7ebc/element - {"using":"xpath","value":"(//span[contains(text(), \"Header Billing Items\")])[1]"}
RESULT: {"using":"xpath","value":"(//span[contains(text(), \"Header Billing Items\")])[1]"}
COMMAND: POST /session/39d2630e55d6b41de19dafc672cf7ebc/element/f.7175ED2F8B48EB9387EF736E08AAAD55.d.20CD7B6C656DD5469975D77AB0C21A8D.e.7092/click - {}
RESULT: {}
COMMAND: GET /session/39d2630e55d6b41de19dafc672cf7ebc/screenshot - {}
RESULT: {}
COMMAND: POST /session/39d2630e55d6b41de19dafc672cf7ebc/execute/async - {"script":"<script> [1562 bytes]","args":[{"selector":{"controlType":"sap.m.ObjectStatus","viewName":"etm.portal.ui.managecontracts.view.Detail","bindingPath":{"path":"/SmartContractItems(CONTRACT='10372',ITEM=10m,SUB_ITEM=0m)","propertyPath":"STATUS"}},"wdio_ui5_key":"etmportal.ui.managecontracts.view.Detailsap.m.ObjectStatus{\"path\":\"/SmartContractItems(CONTRACT='10372',ITEM=10m,SUB_ITEM=0m)\",\"propertyPath\":\"STATUS\"}"}]}
RESULT: {"script":"<script> [1562 bytes]","args":[{"selector":{"controlType":"sap.m.ObjectStatus","viewName":"etm.portal.ui.managecontracts.view.Detail","bindingPath":{"path":"/SmartContractItems(CONTRACT='10372',ITEM=10m,SUB_ITEM=0m)","propertyPath":"STATUS"}},"wdio_ui5_key":"etmportal.ui.managecontracts.view.Detailsap.m.ObjectStatus{\"path\":\"/SmartContractItems(CONTRACT='10372',ITEM=10m,SUB_ITEM=0m)\",\"propertyPath\":\"STATUS\"}"}]}
RESULT: undefined
COMMAND: POST /session/39d2630e55d6b41de19dafc672cf7ebc/execute/async - {"script":"<script> [6424 bytes]","args":[{"element-6066-11e4-a52e-4f735466cecf":"f.7175ED2F8B48EB9387EF736E08AAAD55.d.20CD7B6C656DD5469975D77AB0C21A8D.e.7096"},"getText",[]]}
RESULT: {"script":"<script> [6424 bytes]","args":[{"element-6066-11e4-a52e-4f735466cecf":"f.7175ED2F8B48EB9387EF736E08AAAD55.d.20CD7B6C656DD5469975D77AB0C21A8D.e.7096"},"getText",[]]}
COMMAND: POST /session/39d2630e55d6b41de19dafc672cf7ebc/element - {"using":"css selector","value":"#shell-header-logo"}
RESULT: {"using":"css selector","value":"#shell-header-logo"}
COMMAND: POST /session/39d2630e55d6b41de19dafc672cf7ebc/element/f.7175ED2F8B48EB9387EF736E08AAAD55.d.20CD7B6C656DD5469975D77AB0C21A8D.e.6949/click - {}
RESULT: {}
COMMAND: GET /session/39d2630e55d6b41de19dafc672cf7ebc/screenshot - {}
RESULT: {}
COMMAND: POST /session/39d2630e55d6b41de19dafc672cf7ebc/execute/async - {"script":"<script> [1562 bytes]","args":[{"selector":{"controlType":"sap.m.GenericTile","properties":{"header":"Manage Requests"}},"wdio_ui5_key":"sapm.GenericTile{\"header\":\"Manage Requests\"}"}]}
RESULT: {"script":"<script> [1562 bytes]","args":[{"selector":{"controlType":"sap.m.GenericTile","properties":{"header":"Manage Requests"}},"wdio_ui5_key":"sapm.GenericTile{\"header\":\"Manage Requests\"}"}]}
RESULT: undefined
COMMAND: POST /session/39d2630e55d6b41de19dafc672cf7ebc/element - {"using":"xpath","value":"//*[@id=\"__tile47\"]"}
RESULT: {"using":"xpath","value":"//*[@id=\"__tile47\"]"}
COMMAND: POST /session/39d2630e55d6b41de19dafc672cf7ebc/element/f.7175ED2F8B48EB9387EF736E08AAAD55.d.20CD7B6C656DD5469975D77AB0C21A8D.e.7107/click - {}
RESULT: {}
COMMAND: GET /session/39d2630e55d6b41de19dafc672cf7ebc/screenshot - {}
COMMAND: POST /session/39d2630e55d6b41de19dafc672cf7ebc/execute/async - {"script":"<script> [1562 bytes]","args":[{"selector":{"controlType":"sap.m.SearchField","viewName":"etm.portal.ui.managerequests.view.Master","bindingPath":{"path":"","propertyPath":"/_BASIC_SEARCH_FIELD","modelName":"fi1t3rM0d31"},"interaction":{"idSuffix":"I"}},"wdio_ui5_key":"etmportal.ui.managerequests.view.Mastersap.m.SearchField{\"path\":\"\",\"propertyPath\":\"/_BASIC_SEARCH_FIELD\",\"modelName\":\"fi1t3rM0d31\"}"}]}
RESULT: {}
RESULT: {"script":"<script> [1562 bytes]","args":[{"selector":{"controlType":"sap.m.SearchField","viewName":"etm.portal.ui.managerequests.view.Master","bindingPath":{"path":"","propertyPath":"/_BASIC_SEARCH_FIELD","modelName":"fi1t3rM0d31"},"interaction":{"idSuffix":"I"}},"wdio_ui5_key":"etmportal.ui.managerequests.view.Mastersap.m.SearchField{\"path\":\"\",\"propertyPath\":\"/_BASIC_SEARCH_FIELD\",\"modelName\":\"fi1t3rM0d31\"}"}]}
RESULT: undefined
COMMAND: POST /session/39d2630e55d6b41de19dafc672cf7ebc/execute/async - {"script":"<script> [776 bytes]","args":[{"enterText":"20285","selector":{"controlType":"sap.m.SearchField","viewName":"etm.portal.ui.managerequests.view.Master","bindingPath":{"path":"","propertyPath":"/_BASIC_SEARCH_FIELD","modelName":"fi1t3rM0d31"},"interaction":{"idSuffix":"I"}},"clearTextFirst":true,"interactionType":"ENTER_TEXT"}]}
RESULT: {"script":"<script> [776 bytes]","args":[{"enterText":"20285","selector":{"controlType":"sap.m.SearchField","viewName":"etm.portal.ui.managerequests.view.Master","bindingPath":{"path":"","propertyPath":"/_BASIC_SEARCH_FIELD","modelName":"fi1t3rM0d31"},"interaction":{"idSuffix":"I"}},"clearTextFirst":true,"interactionType":"ENTER_TEXT"}]}
COMMAND: POST /session/39d2630e55d6b41de19dafc672cf7ebc/actions - {"actions":[{"id":"action33","type":"key","parameters":{},"actions":[{"type":"keyDown","value":"î€‡"},{"type":"pause","duration":10},{"type":"keyUp","value":"î€‡"}]}]}
RESULT: {"actions":[{"id":"action33","type":"key","parameters":{},"actions":[{"type":"keyDown","value":"î€‡"},{"type":"pause","duration":10},{"type":"keyUp","value":"î€‡"}]}]}
COMMAND: GET /session/39d2630e55d6b41de19dafc672cf7ebc/screenshot - {}
RESULT: {}
COMMAND: POST /session/39d2630e55d6b41de19dafc672cf7ebc/execute/async - {"script":"<script> [1562 bytes]","args":[{"selector":{"controlType":"sap.m.Text","viewName":"etm.portal.ui.managerequests.view.Master","bindingPath":{"path":"/SmartManageRequests('20285')","propertyPath":"NO"}},"wdio_ui5_key":"etmportal.ui.managerequests.view.Mastersap.m.Text{\"path\":\"/SmartManageRequests('20285')\",\"propertyPath\":\"NO\"}"}]}
RESULT: {"script":"<script> [1562 bytes]","args":[{"selector":{"controlType":"sap.m.Text","viewName":"etm.portal.ui.managerequests.view.Master","bindingPath":{"path":"/SmartManageRequests('20285')","propertyPath":"NO"}},"wdio_ui5_key":"etmportal.ui.managerequests.view.Mastersap.m.Text{\"path\":\"/SmartManageRequests('20285')\",\"propertyPath\":\"NO\"}"}]}
RESULT: undefined
COMMAND: POST /session/39d2630e55d6b41de19dafc672cf7ebc/element - {"using":"xpath","value":"//*[@id=\"__text463-__clone176\"]"}
RESULT: {"using":"xpath","value":"//*[@id=\"__text463-__clone176\"]"}
COMMAND: POST /session/39d2630e55d6b41de19dafc672cf7ebc/element/f.7175ED2F8B48EB9387EF736E08AAAD55.d.20CD7B6C656DD5469975D77AB0C21A8D.e.7242/click - {}
RESULT: {}
COMMAND: GET /session/39d2630e55d6b41de19dafc672cf7ebc/screenshot - {}
RESULT: {}
COMMAND: POST /session/39d2630e55d6b41de19dafc672cf7ebc/execute/async - {"script":"<script> [1562 bytes]","args":[{"selector":{"controlType":"sap.ui.core.Icon","viewName":"etm.portal.ui.managerequests.view.Detail","properties":{"src":{"regex":{"source":"slim\\-arrow\\-up"}}}},"wdio_ui5_key":"etmportal.ui.managerequests.view.Detailsap.ui.core.Icon{\"src\":{\"regex\":{\"source\":\"slim\\\\-arrow\\\\-up\"}}}"}]}
RESULT: {"script":"<script> [1562 bytes]","args":[{"selector":{"controlType":"sap.ui.core.Icon","viewName":"etm.portal.ui.managerequests.view.Detail","properties":{"src":{"regex":{"source":"slim\\-arrow\\-up"}}}},"wdio_ui5_key":"etmportal.ui.managerequests.view.Detailsap.ui.core.Icon{\"src\":{\"regex\":{\"source\":\"slim\\\\-arrow\\\\-up\"}}}"}]}
RESULT: undefined
COMMAND: POST /session/39d2630e55d6b41de19dafc672cf7ebc/element - {"using":"xpath","value":"//*[@id=\"__xmlview62--detailRequestPage-OPHeaderContent-collapseBtn-img\"]"}
RESULT: {"using":"xpath","value":"//*[@id=\"__xmlview62--detailRequestPage-OPHeaderContent-collapseBtn-img\"]"}
COMMAND: POST /session/39d2630e55d6b41de19dafc672cf7ebc/element/f.7175ED2F8B48EB9387EF736E08AAAD55.d.20CD7B6C656DD5469975D77AB0C21A8D.e.7403/click - {}
RESULT: {}
COMMAND: GET /session/39d2630e55d6b41de19dafc672cf7ebc/screenshot - {}
RESULT: {}
COMMAND: POST /session/39d2630e55d6b41de19dafc672cf7ebc/execute/async - {"script":"<script> [1562 bytes]","args":[{"selector":{"controlType":"sap.m.Text","viewName":"etm.portal.ui.managerequests.view.Detail","bindingPath":{"path":"/SmartRequestItemsPlanningBoard(ITEM=20m,REQUEST='20285')","propertyPath":"STATUS_DESC"}},"wdio_ui5_key":"etmportal.ui.managerequests.view.Detailsap.m.Text{\"path\":\"/SmartRequestItemsPlanningBoard(ITEM=20m,REQUEST='20285')\",\"propertyPath\":\"STATUS_DESC\"}"}]}
RESULT: {"script":"<script> [1562 bytes]","args":[{"selector":{"controlType":"sap.m.Text","viewName":"etm.portal.ui.managerequests.view.Detail","bindingPath":{"path":"/SmartRequestItemsPlanningBoard(ITEM=20m,REQUEST='20285')","propertyPath":"STATUS_DESC"}},"wdio_ui5_key":"etmportal.ui.managerequests.view.Detailsap.m.Text{\"path\":\"/SmartRequestItemsPlanningBoard(ITEM=20m,REQUEST='20285')\",\"propertyPath\":\"STATUS_DESC\"}"}]}
RESULT: undefined
COMMAND: POST /session/39d2630e55d6b41de19dafc672cf7ebc/execute/async - {"script":"<script> [6424 bytes]","args":[{"element-6066-11e4-a52e-4f735466cecf":"f.7175ED2F8B48EB9387EF736E08AAAD55.d.20CD7B6C656DD5469975D77AB0C21A8D.e.7453"},"getText",[]]}
RESULT: {"script":"<script> [6424 bytes]","args":[{"element-6066-11e4-a52e-4f735466cecf":"f.7175ED2F8B48EB9387EF736E08AAAD55.d.20CD7B6C656DD5469975D77AB0C21A8D.e.7453"},"getText",[]]}
COMMAND: POST /session/39d2630e55d6b41de19dafc672cf7ebc/element - {"using":"css selector","value":"#shell-header-logo"}
RESULT: {"using":"css selector","value":"#shell-header-logo"}
COMMAND: POST /session/39d2630e55d6b41de19dafc672cf7ebc/element/f.7175ED2F8B48EB9387EF736E08AAAD55.d.20CD7B6C656DD5469975D77AB0C21A8D.e.7117/click - {}
RESULT: {}
COMMAND: GET /session/39d2630e55d6b41de19dafc672cf7ebc/screenshot - {}
RESULT: {}
]]></system-out>
    </testcase>
  </testsuite>
  <testsuite timestamp="2025-04-30T05:53:18" time="235.718" tests="4" failures="0" errors="0" skipped="0">
    <properties>
      <property name="specId" value="0" />
      <property name="suiteName" value="Standard contract close-reopen US111278" />
      <property name="capabilities" value="chrome.135_0_7049_96.windows" />
      <property name="file" value="file:///D:/a/1/s/test/specs/R2C/standard-contract-close-reopen.spec.js" />
    </properties>
    <testcase classname="chrome.135_0_7049_96.windows.Standard_contract_close-reopen_US111278" name="Should create a new contract and add an item" time="130.079">
      <system-out><![CDATA[
COMMAND: POST /session/39d2630e55d6b41de19dafc672cf7ebc/execute/async - {"script":"<script> [1562 bytes]","args":[{"selector":{"controlType":"sap.m.Text","viewName":"etm.portal.ui.managecontractstile.view.Master","properties":{"text":"Manage Contracts"},"interaction":{"idSuffix":"inner"}},"wdio_ui5_key":"etmportal.ui.managecontractstile.view.Mastersap.m.Text{\"text\":\"Manage Contracts\"}"}]}
RESULT: {"script":"<script> [1562 bytes]","args":[{"selector":{"controlType":"sap.m.Text","viewName":"etm.portal.ui.managecontractstile.view.Master","properties":{"text":"Manage Contracts"},"interaction":{"idSuffix":"inner"}},"wdio_ui5_key":"etmportal.ui.managecontractstile.view.Mastersap.m.Text{\"text\":\"Manage Contracts\"}"}]}
RESULT: undefined
COMMAND: POST /session/39d2630e55d6b41de19dafc672cf7ebc/element - {"using":"xpath","value":"//*[@id=\"__tile130-title\"]"}
RESULT: {"using":"xpath","value":"//*[@id=\"__tile130-title\"]"}
COMMAND: POST /session/39d2630e55d6b41de19dafc672cf7ebc/element/f.7175ED2F8B48EB9387EF736E08AAAD55.d.20CD7B6C656DD5469975D77AB0C21A8D.e.7457/click - {}
RESULT: {}
COMMAND: GET /session/39d2630e55d6b41de19dafc672cf7ebc/screenshot - {}
RESULT: {}
COMMAND: POST /session/39d2630e55d6b41de19dafc672cf7ebc/element - {"using":"xpath","value":"//button[@data-kt=\"addButton\"]"}
RESULT: {"using":"xpath","value":"//button[@data-kt=\"addButton\"]"}
COMMAND: POST /session/39d2630e55d6b41de19dafc672cf7ebc/element/f.7175ED2F8B48EB9387EF736E08AAAD55.d.20CD7B6C656DD5469975D77AB0C21A8D.e.7538/click - {}
RESULT: {}
COMMAND: GET /session/39d2630e55d6b41de19dafc672cf7ebc/screenshot - {}
RESULT: {}
COMMAND: POST /session/39d2630e55d6b41de19dafc672cf7ebc/execute/async - {"script":"<script> [1562 bytes]","args":[{"selector":{"id":"application-managecontracts-display-component---AddNewContract--projectDescription","interaction":{"idSuffix":"inner"}},"wdio_ui5_key":"applicationmanagecontracts-display-component---AddNewContract--projectDescription"}]}
RESULT: {"script":"<script> [1562 bytes]","args":[{"selector":{"id":"application-managecontracts-display-component---AddNewContract--projectDescription","interaction":{"idSuffix":"inner"}},"wdio_ui5_key":"applicationmanagecontracts-display-component---AddNewContract--projectDescription"}]}
RESULT: undefined
COMMAND: POST /session/39d2630e55d6b41de19dafc672cf7ebc/execute/async - {"script":"<script> [776 bytes]","args":[{"enterText":"WdIOR2convggh","selector":{"id":"application-managecontracts-display-component---AddNewContract--projectDescription","interaction":{"idSuffix":"inner"}},"clearTextFirst":true,"interactionType":"ENTER_TEXT"}]}
RESULT: {"script":"<script> [776 bytes]","args":[{"enterText":"WdIOR2convggh","selector":{"id":"application-managecontracts-display-component---AddNewContract--projectDescription","interaction":{"idSuffix":"inner"}},"clearTextFirst":true,"interactionType":"ENTER_TEXT"}]}
COMMAND: POST /session/39d2630e55d6b41de19dafc672cf7ebc/element - {"using":"xpath","value":"//input[@id=\"application-managecontracts-display-component---AddNewContract--yardId-inner\"]"}
RESULT: {"using":"xpath","value":"//input[@id=\"application-managecontracts-display-component---AddNewContract--yardId-inner\"]"}
COMMAND: POST /session/39d2630e55d6b41de19dafc672cf7ebc/element/f.7175ED2F8B48EB9387EF736E08AAAD55.d.20CD7B6C656DD5469975D77AB0C21A8D.e.7785/clear - {}
RESULT: {}
COMMAND: POST /session/39d2630e55d6b41de19dafc672cf7ebc/element/f.7175ED2F8B48EB9387EF736E08AAAD55.d.20CD7B6C656DD5469975D77AB0C21A8D.e.7785/value - {"text":"WebdriverYardkro46"}
COMMAND: GET /session/39d2630e55d6b41de19dafc672cf7ebc/screenshot - {}
RESULT: {"text":"WebdriverYardkro46"}
COMMAND: GET /session/39d2630e55d6b41de19dafc672cf7ebc/screenshot - {}
RESULT: {}
RESULT: {}
COMMAND: POST /session/39d2630e55d6b41de19dafc672cf7ebc/actions - {"actions":[{"id":"action34","type":"key","parameters":{},"actions":[{"type":"keyDown","value":"î€‡"},{"type":"pause","duration":10},{"type":"keyUp","value":"î€‡"}]}]}
RESULT: {"actions":[{"id":"action34","type":"key","parameters":{},"actions":[{"type":"keyDown","value":"î€‡"},{"type":"pause","duration":10},{"type":"keyUp","value":"î€‡"}]}]}
COMMAND: GET /session/39d2630e55d6b41de19dafc672cf7ebc/screenshot - {}
RESULT: {}
COMMAND: POST /session/39d2630e55d6b41de19dafc672cf7ebc/element - {"using":"xpath","value":"//input[@id=\"application-managecontracts-display-component---AddNewContract--customerSelect-inner\"]"}
RESULT: {"using":"xpath","value":"//input[@id=\"application-managecontracts-display-component---AddNewContract--customerSelect-inner\"]"}
COMMAND: POST /session/39d2630e55d6b41de19dafc672cf7ebc/element/f.7175ED2F8B48EB9387EF736E08AAAD55.d.20CD7B6C656DD5469975D77AB0C21A8D.e.7783/clear - {}
RESULT: {}
COMMAND: POST /session/39d2630e55d6b41de19dafc672cf7ebc/element/f.7175ED2F8B48EB9387EF736E08AAAD55.d.20CD7B6C656DD5469975D77AB0C21A8D.e.7783/value - {"text":"WebdriverPartnern8pbd"}
COMMAND: GET /session/39d2630e55d6b41de19dafc672cf7ebc/screenshot - {}
RESULT: {"text":"WebdriverPartnern8pbd"}
COMMAND: GET /session/39d2630e55d6b41de19dafc672cf7ebc/screenshot - {}
RESULT: {}
RESULT: {}
COMMAND: POST /session/39d2630e55d6b41de19dafc672cf7ebc/actions - {"actions":[{"id":"action35","type":"key","parameters":{},"actions":[{"type":"keyDown","value":"î€‡"},{"type":"pause","duration":10},{"type":"keyUp","value":"î€‡"}]}]}
RESULT: {"actions":[{"id":"action35","type":"key","parameters":{},"actions":[{"type":"keyDown","value":"î€‡"},{"type":"pause","duration":10},{"type":"keyUp","value":"î€‡"}]}]}
COMMAND: GET /session/39d2630e55d6b41de19dafc672cf7ebc/screenshot - {}
RESULT: {}
COMMAND: POST /session/39d2630e55d6b41de19dafc672cf7ebc/element - {"using":"xpath","value":"//input[@id=\"application-managecontracts-display-component---AddNewContract--site-inner\"]"}
RESULT: {"using":"xpath","value":"//input[@id=\"application-managecontracts-display-component---AddNewContract--site-inner\"]"}
COMMAND: POST /session/39d2630e55d6b41de19dafc672cf7ebc/element/f.7175ED2F8B48EB9387EF736E08AAAD55.d.20CD7B6C656DD5469975D77AB0C21A8D.e.7784/clear - {}
RESULT: {}
COMMAND: POST /session/39d2630e55d6b41de19dafc672cf7ebc/element/f.7175ED2F8B48EB9387EF736E08AAAD55.d.20CD7B6C656DD5469975D77AB0C21A8D.e.7784/value - {"text":"WebdriverSitew0yg9h"}
COMMAND: GET /session/39d2630e55d6b41de19dafc672cf7ebc/screenshot - {}
RESULT: {"text":"WebdriverSitew0yg9h"}
COMMAND: GET /session/39d2630e55d6b41de19dafc672cf7ebc/screenshot - {}
RESULT: {}
RESULT: {}
COMMAND: POST /session/39d2630e55d6b41de19dafc672cf7ebc/actions - {"actions":[{"id":"action36","type":"key","parameters":{},"actions":[{"type":"keyDown","value":"î€‡"},{"type":"pause","duration":10},{"type":"keyUp","value":"î€‡"}]}]}
RESULT: {"actions":[{"id":"action36","type":"key","parameters":{},"actions":[{"type":"keyDown","value":"î€‡"},{"type":"pause","duration":10},{"type":"keyUp","value":"î€‡"}]}]}
COMMAND: GET /session/39d2630e55d6b41de19dafc672cf7ebc/screenshot - {}
RESULT: {}
COMMAND: POST /session/39d2630e55d6b41de19dafc672cf7ebc/element - {"using":"xpath","value":"//button[@data-kt=\"saveButton\"]"}
RESULT: {"using":"xpath","value":"//button[@data-kt=\"saveButton\"]"}
COMMAND: POST /session/39d2630e55d6b41de19dafc672cf7ebc/element/f.7175ED2F8B48EB9387EF736E08AAAD55.d.20CD7B6C656DD5469975D77AB0C21A8D.e.7801/click - {}
RESULT: {}
COMMAND: GET /session/39d2630e55d6b41de19dafc672cf7ebc/screenshot - {}
RESULT: {}
COMMAND: POST /session/39d2630e55d6b41de19dafc672cf7ebc/execute/async - {"script":"<script> [1562 bytes]","args":[{"selector":{"id":"contractDetailTitleNoExpanded","viewName":"etm.portal.ui.managecontracts.view.Detail"},"wdio_ui5_key":"contractDetailTitleNoExpandedetmportal.ui.managecontracts.view.Detail"}]}
RESULT: {"script":"<script> [1562 bytes]","args":[{"selector":{"id":"contractDetailTitleNoExpanded","viewName":"etm.portal.ui.managecontracts.view.Detail"},"wdio_ui5_key":"contractDetailTitleNoExpandedetmportal.ui.managecontracts.view.Detail"}]}
RESULT: undefined
COMMAND: POST /session/39d2630e55d6b41de19dafc672cf7ebc/execute/async - {"script":"<script> [6424 bytes]","args":[{"element-6066-11e4-a52e-4f735466cecf":"f.7175ED2F8B48EB9387EF736E08AAAD55.d.20CD7B6C656DD5469975D77AB0C21A8D.e.7820"},"getText",[]]}
RESULT: {"script":"<script> [6424 bytes]","args":[{"element-6066-11e4-a52e-4f735466cecf":"f.7175ED2F8B48EB9387EF736E08AAAD55.d.20CD7B6C656DD5469975D77AB0C21A8D.e.7820"},"getText",[]]}
COMMAND: POST /session/39d2630e55d6b41de19dafc672cf7ebc/execute/async - {"script":"<script> [1562 bytes]","args":[{"selector":{"id":"closeContractBtn","viewName":"etm.portal.ui.managecontracts.view.Detail"},"wdio_ui5_key":"closeContractBtnetmportal.ui.managecontracts.view.Detail"}]}
RESULT: {"script":"<script> [1562 bytes]","args":[{"selector":{"id":"closeContractBtn","viewName":"etm.portal.ui.managecontracts.view.Detail"},"wdio_ui5_key":"closeContractBtnetmportal.ui.managecontracts.view.Detail"}]}
RESULT: undefined
COMMAND: POST /session/39d2630e55d6b41de19dafc672cf7ebc/execute/async - {"script":"<script> [6424 bytes]","args":[{"element-6066-11e4-a52e-4f735466cecf":"f.7175ED2F8B48EB9387EF736E08AAAD55.d.20CD7B6C656DD5469975D77AB0C21A8D.e.7821"},"getEnabled",[]]}
RESULT: {"script":"<script> [6424 bytes]","args":[{"element-6066-11e4-a52e-4f735466cecf":"f.7175ED2F8B48EB9387EF736E08AAAD55.d.20CD7B6C656DD5469975D77AB0C21A8D.e.7821"},"getEnabled",[]]}
COMMAND: POST /session/39d2630e55d6b41de19dafc672cf7ebc/element - {"using":"xpath","value":"//button[@data-kt=\"contractDetailEditBtnButton\"]"}
RESULT: {"using":"xpath","value":"//button[@data-kt=\"contractDetailEditBtnButton\"]"}
COMMAND: POST /session/39d2630e55d6b41de19dafc672cf7ebc/element/f.7175ED2F8B48EB9387EF736E08AAAD55.d.20CD7B6C656DD5469975D77AB0C21A8D.e.7822/click - {}
RESULT: {}
COMMAND: GET /session/39d2630e55d6b41de19dafc672cf7ebc/screenshot - {}
RESULT: {}
COMMAND: POST /session/39d2630e55d6b41de19dafc672cf7ebc/element - {"using":"xpath","value":"(//span[contains(text(), \"Additional Addresses\")])[2]"}
RESULT: {"using":"xpath","value":"(//span[contains(text(), \"Additional Addresses\")])[2]"}
COMMAND: POST /session/39d2630e55d6b41de19dafc672cf7ebc/element/f.7175ED2F8B48EB9387EF736E08AAAD55.d.20CD7B6C656DD5469975D77AB0C21A8D.e.7879/click - {}
RESULT: {}
COMMAND: GET /session/39d2630e55d6b41de19dafc672cf7ebc/screenshot - {}
RESULT: {}
COMMAND: POST /session/39d2630e55d6b41de19dafc672cf7ebc/element - {"using":"xpath","value":"//button[@data-kt=\"btnAddTableRowOverflowToolbarButton\"]"}
RESULT: {"using":"xpath","value":"//button[@data-kt=\"btnAddTableRowOverflowToolbarButton\"]"}
COMMAND: POST /session/39d2630e55d6b41de19dafc672cf7ebc/element/f.7175ED2F8B48EB9387EF736E08AAAD55.d.20CD7B6C656DD5469975D77AB0C21A8D.e.7881/click - {}
RESULT: {}
COMMAND: GET /session/39d2630e55d6b41de19dafc672cf7ebc/screenshot - {}
RESULT: {}
COMMAND: POST /session/39d2630e55d6b41de19dafc672cf7ebc/element - {"using":"xpath","value":"//div[(text() = 'Standard Entry' or . = 'Standard Entry')]"}
RESULT: {"using":"xpath","value":"//div[(text() = 'Standard Entry' or . = 'Standard Entry')]"}
COMMAND: POST /session/39d2630e55d6b41de19dafc672cf7ebc/element/f.7175ED2F8B48EB9387EF736E08AAAD55.d.20CD7B6C656DD5469975D77AB0C21A8D.e.7883/click - {}
RESULT: {}
COMMAND: POST /session/39d2630e55d6b41de19dafc672cf7ebc/element - {"using":"xpath","value":"//td[6]/div/div/input[1]"}
COMMAND: GET /session/39d2630e55d6b41de19dafc672cf7ebc/screenshot - {}
RESULT: {"using":"xpath","value":"//td[6]/div/div/input[1]"}
COMMAND: POST /session/39d2630e55d6b41de19dafc672cf7ebc/element/f.7175ED2F8B48EB9387EF736E08AAAD55.d.20CD7B6C656DD5469975D77AB0C21A8D.e.7885/click - {}
RESULT: {}
RESULT: {}
COMMAND: POST /session/39d2630e55d6b41de19dafc672cf7ebc/actions - {"actions":[{"id":"action37","type":"key","parameters":{},"actions":[{"type":"keyDown","value":"î€ƒ"},{"type":"pause","duration":10},{"type":"keyUp","value":"î€ƒ"}]}]}
COMMAND: GET /session/39d2630e55d6b41de19dafc672cf7ebc/screenshot - {}
RESULT: {"actions":[{"id":"action37","type":"key","parameters":{},"actions":[{"type":"keyDown","value":"î€ƒ"},{"type":"pause","duration":10},{"type":"keyUp","value":"î€ƒ"}]}]}
COMMAND: POST /session/39d2630e55d6b41de19dafc672cf7ebc/element - {"using":"xpath","value":"//td[6]/div/div/input[1]"}
COMMAND: GET /session/39d2630e55d6b41de19dafc672cf7ebc/screenshot - {}
RESULT: {}
RESULT: {"using":"xpath","value":"//td[6]/div/div/input[1]"}
COMMAND: POST /session/39d2630e55d6b41de19dafc672cf7ebc/element/f.7175ED2F8B48EB9387EF736E08AAAD55.d.20CD7B6C656DD5469975D77AB0C21A8D.e.7885/clear - {}
RESULT: {}
RESULT: {}
COMMAND: POST /session/39d2630e55d6b41de19dafc672cf7ebc/element/f.7175ED2F8B48EB9387EF736E08AAAD55.d.20CD7B6C656DD5469975D77AB0C21A8D.e.7885/value - {"text":"Material"}
COMMAND: GET /session/39d2630e55d6b41de19dafc672cf7ebc/screenshot - {}
RESULT: {"text":"Material"}
COMMAND: GET /session/39d2630e55d6b41de19dafc672cf7ebc/screenshot - {}
RESULT: {}
RESULT: {}
COMMAND: POST /session/39d2630e55d6b41de19dafc672cf7ebc/actions - {"actions":[{"id":"action38","type":"key","parameters":{},"actions":[{"type":"keyDown","value":"î€‡"},{"type":"pause","duration":10},{"type":"keyUp","value":"î€‡"}]}]}
RESULT: {"actions":[{"id":"action38","type":"key","parameters":{},"actions":[{"type":"keyDown","value":"î€‡"},{"type":"pause","duration":10},{"type":"keyUp","value":"î€‡"}]}]}
COMMAND: GET /session/39d2630e55d6b41de19dafc672cf7ebc/screenshot - {}
RESULT: {}
COMMAND: POST /session/39d2630e55d6b41de19dafc672cf7ebc/actions - {"actions":[{"id":"action39","type":"key","parameters":{},"actions":[{"type":"keyDown","value":"î€‡"},{"type":"pause","duration":10},{"type":"keyUp","value":"î€‡"}]}]}
RESULT: {"actions":[{"id":"action39","type":"key","parameters":{},"actions":[{"type":"keyDown","value":"î€‡"},{"type":"pause","duration":10},{"type":"keyUp","value":"î€‡"}]}]}
COMMAND: POST /session/39d2630e55d6b41de19dafc672cf7ebc/element - {"using":"xpath","value":"//td[7]/div/div/input"}
COMMAND: GET /session/39d2630e55d6b41de19dafc672cf7ebc/screenshot - {}
RESULT: {"using":"xpath","value":"//td[7]/div/div/input"}
COMMAND: POST /session/39d2630e55d6b41de19dafc672cf7ebc/element/f.7175ED2F8B48EB9387EF736E08AAAD55.d.20CD7B6C656DD5469975D77AB0C21A8D.e.7898/clear - {}
RESULT: {}
RESULT: {}
COMMAND: POST /session/39d2630e55d6b41de19dafc672cf7ebc/element/f.7175ED2F8B48EB9387EF736E08AAAD55.d.20CD7B6C656DD5469975D77AB0C21A8D.e.7898/value - {"text":"WebdriverRUR2Cq85cnl"}
COMMAND: GET /session/39d2630e55d6b41de19dafc672cf7ebc/screenshot - {}
RESULT: {"text":"WebdriverRUR2Cq85cnl"}
COMMAND: GET /session/39d2630e55d6b41de19dafc672cf7ebc/screenshot - {}
RESULT: {}
RESULT: {}
COMMAND: POST /session/39d2630e55d6b41de19dafc672cf7ebc/actions - {"actions":[{"id":"action40","type":"key","parameters":{},"actions":[{"type":"keyDown","value":"î€‡"},{"type":"pause","duration":10},{"type":"keyUp","value":"î€‡"}]}]}
RESULT: {"actions":[{"id":"action40","type":"key","parameters":{},"actions":[{"type":"keyDown","value":"î€‡"},{"type":"pause","duration":10},{"type":"keyUp","value":"î€‡"}]}]}
COMMAND: GET /session/39d2630e55d6b41de19dafc672cf7ebc/screenshot - {}
RESULT: {}
COMMAND: POST /session/39d2630e55d6b41de19dafc672cf7ebc/actions - {"actions":[{"id":"action41","type":"key","parameters":{},"actions":[{"type":"keyDown","value":"î€‡"},{"type":"pause","duration":10},{"type":"keyUp","value":"î€‡"}]}]}
RESULT: {"actions":[{"id":"action41","type":"key","parameters":{},"actions":[{"type":"keyDown","value":"î€‡"},{"type":"pause","duration":10},{"type":"keyUp","value":"î€‡"}]}]}
COMMAND: GET /session/39d2630e55d6b41de19dafc672cf7ebc/screenshot - {}
RESULT: {}
COMMAND: POST /session/39d2630e55d6b41de19dafc672cf7ebc/element - {"using":"xpath","value":"(//button[@data-kt=\"saveButton\"])[2]"}
RESULT: {"using":"xpath","value":"(//button[@data-kt=\"saveButton\"])[2]"}
COMMAND: POST /session/39d2630e55d6b41de19dafc672cf7ebc/element/f.7175ED2F8B48EB9387EF736E08AAAD55.d.20CD7B6C656DD5469975D77AB0C21A8D.e.7924/click - {}
RESULT: {}
COMMAND: GET /session/39d2630e55d6b41de19dafc672cf7ebc/screenshot - {}
RESULT: {}
]]></system-out>
    </testcase>
    <testcase classname="chrome.135_0_7049_96.windows.Standard_contract_close-reopen_US111278" name="It should close the contract" time="20.679">
      <system-out><![CDATA[
RESULT: undefined
COMMAND: POST /session/39d2630e55d6b41de19dafc672cf7ebc/element - {"using":"xpath","value":"//*[@id=\"__xmlview64--closeContractBtn\"]"}
RESULT: {"using":"xpath","value":"//*[@id=\"__xmlview64--closeContractBtn\"]"}
COMMAND: POST /session/39d2630e55d6b41de19dafc672cf7ebc/element/f.7175ED2F8B48EB9387EF736E08AAAD55.d.20CD7B6C656DD5469975D77AB0C21A8D.e.7821/click - {}
RESULT: {}
COMMAND: GET /session/39d2630e55d6b41de19dafc672cf7ebc/screenshot - {}
RESULT: {}
COMMAND: POST /session/39d2630e55d6b41de19dafc672cf7ebc/element - {"using":"xpath","value":"//span[contains(text(), \"Do you want to close the whole contract?\")]"}
RESULT: {"using":"xpath","value":"//span[contains(text(), \"Do you want to close the whole contract?\")]"}
COMMAND: POST /session/39d2630e55d6b41de19dafc672cf7ebc/execute/sync - {"script":"<script> [8489 bytes]","args":[{"element-6066-11e4-a52e-4f735466cecf":"f.7175ED2F8B48EB9387EF736E08AAAD55.d.20CD7B6C656DD5469975D77AB0C21A8D.e.7928","ELEMENT":"f.7175ED2F8B48EB9387EF736E08AAAD55.d.20CD7B6C656DD5469975D77AB0C21A8D.e.7928"}]}
RESULT: {"script":"<script> [8489 bytes]","args":[{"element-6066-11e4-a52e-4f735466cecf":"f.7175ED2F8B48EB9387EF736E08AAAD55.d.20CD7B6C656DD5469975D77AB0C21A8D.e.7928","ELEMENT":"f.7175ED2F8B48EB9387EF736E08AAAD55.d.20CD7B6C656DD5469975D77AB0C21A8D.e.7928"}]}
COMMAND: POST /session/39d2630e55d6b41de19dafc672cf7ebc/element - {"using":"xpath","value":"//bdi[contains(text(), \"OK\")]"}
COMMAND: GET /session/39d2630e55d6b41de19dafc672cf7ebc/screenshot - {}
RESULT: {"using":"xpath","value":"//bdi[contains(text(), \"OK\")]"}
COMMAND: POST /session/39d2630e55d6b41de19dafc672cf7ebc/element/f.7175ED2F8B48EB9387EF736E08AAAD55.d.20CD7B6C656DD5469975D77AB0C21A8D.e.7929/click - {}
RESULT: {}
RESULT: {}
COMMAND: GET /session/39d2630e55d6b41de19dafc672cf7ebc/screenshot - {}
RESULT: {}
COMMAND: POST /session/39d2630e55d6b41de19dafc672cf7ebc/element - {"using":"xpath","value":"//input[contains(@id ,\"smartContractFilterBar-btnBasicSearch-I\")]"}
RESULT: {"using":"xpath","value":"//input[contains(@id ,\"smartContractFilterBar-btnBasicSearch-I\")]"}
COMMAND: POST /session/39d2630e55d6b41de19dafc672cf7ebc/element/f.7175ED2F8B48EB9387EF736E08AAAD55.d.20CD7B6C656DD5469975D77AB0C21A8D.e.7462/clear - {}
RESULT: {}
COMMAND: POST /session/39d2630e55d6b41de19dafc672cf7ebc/element/f.7175ED2F8B48EB9387EF736E08AAAD55.d.20CD7B6C656DD5469975D77AB0C21A8D.e.7462/value - {"text":"10374"}
COMMAND: GET /session/39d2630e55d6b41de19dafc672cf7ebc/screenshot - {}
RESULT: {"text":"10374"}
COMMAND: POST /session/39d2630e55d6b41de19dafc672cf7ebc/actions - {"actions":[{"id":"action42","type":"key","parameters":{},"actions":[{"type":"keyDown","value":"î€‡"},{"type":"pause","duration":10},{"type":"keyUp","value":"î€‡"}]}]}
COMMAND: GET /session/39d2630e55d6b41de19dafc672cf7ebc/screenshot - {}
RESULT: {}
RESULT: {"actions":[{"id":"action42","type":"key","parameters":{},"actions":[{"type":"keyDown","value":"î€‡"},{"type":"pause","duration":10},{"type":"keyUp","value":"î€‡"}]}]}
COMMAND: GET /session/39d2630e55d6b41de19dafc672cf7ebc/screenshot - {}
RESULT: {}
RESULT: {}
COMMAND: POST /session/39d2630e55d6b41de19dafc672cf7ebc/execute/async - {"script":"<script> [1562 bytes]","args":[{"selector":{"controlType":"sap.ui.core.Icon","viewName":"etm.portal.ui.managecontracts.view.Master","properties":{"src":{"regex":{"source":"slim\\-arrow\\-right"}}}},"wdio_ui5_key":"etmportal.ui.managecontracts.view.Mastersap.ui.core.Icon{\"src\":{\"regex\":{\"source\":\"slim\\\\-arrow\\\\-right\"}}}"}]}
RESULT: {"script":"<script> [1562 bytes]","args":[{"selector":{"controlType":"sap.ui.core.Icon","viewName":"etm.portal.ui.managecontracts.view.Master","properties":{"src":{"regex":{"source":"slim\\-arrow\\-right"}}}},"wdio_ui5_key":"etmportal.ui.managecontracts.view.Mastersap.ui.core.Icon{\"src\":{\"regex\":{\"source\":\"slim\\\\-arrow\\\\-right\"}}}"}]}
RESULT: undefined
COMMAND: POST /session/39d2630e55d6b41de19dafc672cf7ebc/element - {"using":"xpath","value":"//*[@id=\"__item129-__clone4204-imgNav\"]"}
RESULT: {"using":"xpath","value":"//*[@id=\"__item129-__clone4204-imgNav\"]"}
COMMAND: POST /session/39d2630e55d6b41de19dafc672cf7ebc/element/f.7175ED2F8B48EB9387EF736E08AAAD55.d.20CD7B6C656DD5469975D77AB0C21A8D.e.8152/click - {}
RESULT: {}
COMMAND: POST /session/39d2630e55d6b41de19dafc672cf7ebc/execute/async - {"script":"<script> [1562 bytes]","args":[{"selector":{"controlType":"sap.m.ObjectStatus","viewName":"etm.portal.ui.managecontracts.view.Detail","bindingPath":{"propertyPath":"LINK_TO_LOGISTICAL_STATUS/DESCRIPTION","modelName":"catalogModel"}},"wdio_ui5_key":"etmportal.ui.managecontracts.view.Detailsap.m.ObjectStatus{\"propertyPath\":\"LINK_TO_LOGISTICAL_STATUS/DESCRIPTION\",\"modelName\":\"catalogModel\"}"}]}
COMMAND: GET /session/39d2630e55d6b41de19dafc672cf7ebc/screenshot - {}
RESULT: {"script":"<script> [1562 bytes]","args":[{"selector":{"controlType":"sap.m.ObjectStatus","viewName":"etm.portal.ui.managecontracts.view.Detail","bindingPath":{"propertyPath":"LINK_TO_LOGISTICAL_STATUS/DESCRIPTION","modelName":"catalogModel"}},"wdio_ui5_key":"etmportal.ui.managecontracts.view.Detailsap.m.ObjectStatus{\"propertyPath\":\"LINK_TO_LOGISTICAL_STATUS/DESCRIPTION\",\"modelName\":\"catalogModel\"}"}]}
RESULT: undefined
COMMAND: POST /session/39d2630e55d6b41de19dafc672cf7ebc/execute/async - {"script":"<script> [6424 bytes]","args":[{"element-6066-11e4-a52e-4f735466cecf":"f.7175ED2F8B48EB9387EF736E08AAAD55.d.20CD7B6C656DD5469975D77AB0C21A8D.e.8194"},"getText",[]]}
RESULT: {}
RESULT: {"script":"<script> [6424 bytes]","args":[{"element-6066-11e4-a52e-4f735466cecf":"f.7175ED2F8B48EB9387EF736E08AAAD55.d.20CD7B6C656DD5469975D77AB0C21A8D.e.8194"},"getText",[]]}
]]></system-out>
    </testcase>
    <testcase classname="chrome.135_0_7049_96.windows.Standard_contract_close-reopen_US111278" name="Should reopen the contract" time="10.43">
      <system-out><![CDATA[
COMMAND: POST /session/39d2630e55d6b41de19dafc672cf7ebc/execute/async - {"script":"<script> [1562 bytes]","args":[{"selector":{"id":"openContractBtn","viewName":"etm.portal.ui.managecontracts.view.Detail"},"wdio_ui5_key":"openContractBtnetmportal.ui.managecontracts.view.Detail"}]}
RESULT: {"script":"<script> [1562 bytes]","args":[{"selector":{"id":"openContractBtn","viewName":"etm.portal.ui.managecontracts.view.Detail"},"wdio_ui5_key":"openContractBtnetmportal.ui.managecontracts.view.Detail"}]}
RESULT: undefined
COMMAND: POST /session/39d2630e55d6b41de19dafc672cf7ebc/execute/async - {"script":"<script> [6424 bytes]","args":[{"element-6066-11e4-a52e-4f735466cecf":"f.7175ED2F8B48EB9387EF736E08AAAD55.d.20CD7B6C656DD5469975D77AB0C21A8D.e.8174"},"getEnabled",[]]}
RESULT: {"script":"<script> [6424 bytes]","args":[{"element-6066-11e4-a52e-4f735466cecf":"f.7175ED2F8B48EB9387EF736E08AAAD55.d.20CD7B6C656DD5469975D77AB0C21A8D.e.8174"},"getEnabled",[]]}
COMMAND: POST /session/39d2630e55d6b41de19dafc672cf7ebc/element - {"using":"xpath","value":"//bdi[contains(text(), \"Edit\")]"}
RESULT: {"using":"xpath","value":"//bdi[contains(text(), \"Edit\")]"}
COMMAND: POST /session/39d2630e55d6b41de19dafc672cf7ebc/element - {"using":"xpath","value":"//bdi[contains(text(), \"Edit\")]"}
RESULT: undefined
COMMAND: POST /session/39d2630e55d6b41de19dafc672cf7ebc/element - {"using":"xpath","value":"//*[@id=\"__xmlview64--openContractBtn\"]"}
RESULT: {"using":"xpath","value":"//*[@id=\"__xmlview64--openContractBtn\"]"}
COMMAND: POST /session/39d2630e55d6b41de19dafc672cf7ebc/element/f.7175ED2F8B48EB9387EF736E08AAAD55.d.20CD7B6C656DD5469975D77AB0C21A8D.e.8174/click - {}
RESULT: {"using":"xpath","value":"//bdi[contains(text(), \"Edit\")]"}
RESULT: {}
COMMAND: POST /session/39d2630e55d6b41de19dafc672cf7ebc/execute/async - {"script":"<script> [1562 bytes]","args":[{"selector":{"controlType":"sap.m.Text","properties":{"text":"Contract has been reopened successfully"},"searchOpenDialogs":true},"wdio_ui5_key":"sapm.Text{\"text\":\"Contract has been reopened successfully\"}"}]}
COMMAND: GET /session/39d2630e55d6b41de19dafc672cf7ebc/screenshot - {}
RESULT: {"script":"<script> [1562 bytes]","args":[{"selector":{"controlType":"sap.m.Text","properties":{"text":"Contract has been reopened successfully"},"searchOpenDialogs":true},"wdio_ui5_key":"sapm.Text{\"text\":\"Contract has been reopened successfully\"}"}]}
RESULT: undefined
COMMAND: POST /session/39d2630e55d6b41de19dafc672cf7ebc/execute/async - {"script":"<script> [6424 bytes]","args":[{"element-6066-11e4-a52e-4f735466cecf":"f.7175ED2F8B48EB9387EF736E08AAAD55.d.20CD7B6C656DD5469975D77AB0C21A8D.e.8197"},"getText",[]]}
RESULT: {}
RESULT: {"script":"<script> [6424 bytes]","args":[{"element-6066-11e4-a52e-4f735466cecf":"f.7175ED2F8B48EB9387EF736E08AAAD55.d.20CD7B6C656DD5469975D77AB0C21A8D.e.8197"},"getText",[]]}
COMMAND: POST /session/39d2630e55d6b41de19dafc672cf7ebc/element - {"using":"xpath","value":"//bdi[contains(text(), \"OK\")]"}
RESULT: {"using":"xpath","value":"//bdi[contains(text(), \"OK\")]"}
COMMAND: POST /session/39d2630e55d6b41de19dafc672cf7ebc/element/f.7175ED2F8B48EB9387EF736E08AAAD55.d.20CD7B6C656DD5469975D77AB0C21A8D.e.8198/click - {}
RESULT: {}
COMMAND: GET /session/39d2630e55d6b41de19dafc672cf7ebc/screenshot - {}
RESULT: {}
COMMAND: POST /session/39d2630e55d6b41de19dafc672cf7ebc/element - {"using":"xpath","value":"//bdi[contains(text(), \"Edit\")]"}
RESULT: undefined
COMMAND: POST /session/39d2630e55d6b41de19dafc672cf7ebc/execute/async - {"script":"<script> [6424 bytes]","args":[{"element-6066-11e4-a52e-4f735466cecf":"f.7175ED2F8B48EB9387EF736E08AAAD55.d.20CD7B6C656DD5469975D77AB0C21A8D.e.7821"},"getEnabled",[]]}
RESULT: {"using":"xpath","value":"//bdi[contains(text(), \"Edit\")]"}
COMMAND: POST /session/39d2630e55d6b41de19dafc672cf7ebc/execute/sync - {"script":"<script> [8489 bytes]","args":[{"element-6066-11e4-a52e-4f735466cecf":"f.7175ED2F8B48EB9387EF736E08AAAD55.d.20CD7B6C656DD5469975D77AB0C21A8D.e.8199","ELEMENT":"f.7175ED2F8B48EB9387EF736E08AAAD55.d.20CD7B6C656DD5469975D77AB0C21A8D.e.8199"}]}
COMMAND: POST /session/39d2630e55d6b41de19dafc672cf7ebc/execute/async - {"script":"<script> [1562 bytes]","args":[{"selector":{"id":"closeContractBtn","viewName":"etm.portal.ui.managecontracts.view.Detail"},"wdio_ui5_key":"closeContractBtnetmportal.ui.managecontracts.view.Detail"}]}
RESULT: {"script":"<script> [8489 bytes]","args":[{"element-6066-11e4-a52e-4f735466cecf":"f.7175ED2F8B48EB9387EF736E08AAAD55.d.20CD7B6C656DD5469975D77AB0C21A8D.e.8199","ELEMENT":"f.7175ED2F8B48EB9387EF736E08AAAD55.d.20CD7B6C656DD5469975D77AB0C21A8D.e.8199"}]}
COMMAND: GET /session/39d2630e55d6b41de19dafc672cf7ebc/screenshot - {}
RESULT: {"script":"<script> [1562 bytes]","args":[{"selector":{"id":"closeContractBtn","viewName":"etm.portal.ui.managecontracts.view.Detail"},"wdio_ui5_key":"closeContractBtnetmportal.ui.managecontracts.view.Detail"}]}
COMMAND: POST /session/39d2630e55d6b41de19dafc672cf7ebc/execute/async - {"script":"<script> [6424 bytes]","args":[{"element-6066-11e4-a52e-4f735466cecf":"f.7175ED2F8B48EB9387EF736E08AAAD55.d.20CD7B6C656DD5469975D77AB0C21A8D.e.8200"},"getEnabled",[]]}
RESULT: {}
RESULT: {"script":"<script> [6424 bytes]","args":[{"element-6066-11e4-a52e-4f735466cecf":"f.7175ED2F8B48EB9387EF736E08AAAD55.d.20CD7B6C656DD5469975D77AB0C21A8D.e.8200"},"getEnabled",[]]}
]]></system-out>
    </testcase>
    <testcase classname="chrome.135_0_7049_96.windows.Standard_contract_close-reopen_US111278" name="Should verify for multiple statuses that open button is not visible" time="70.948">
      <system-out><![CDATA[
COMMAND: POST /session/39d2630e55d6b41de19dafc672cf7ebc/execute/async - {"script":"<script> [1562 bytes]","args":[{"selector":{"controlType":"sap.ui.core.Icon","viewName":"etm.portal.ui.managecontracts.view.Detail","properties":{"src":{"regex":{"source":"decline"}}}},"wdio_ui5_key":"etmportal.ui.managecontracts.view.Detailsap.ui.core.Icon{\"src\":{\"regex\":{\"source\":\"decline\"}}}"}]}
RESULT: {"script":"<script> [1562 bytes]","args":[{"selector":{"controlType":"sap.ui.core.Icon","viewName":"etm.portal.ui.managecontracts.view.Detail","properties":{"src":{"regex":{"source":"decline"}}}},"wdio_ui5_key":"etmportal.ui.managecontracts.view.Detailsap.ui.core.Icon{\"src\":{\"regex\":{\"source\":\"decline\"}}}"}]}
RESULT: undefined
COMMAND: POST /session/39d2630e55d6b41de19dafc672cf7ebc/element - {"using":"xpath","value":"//*[@id=\"__xmlview64--closeColumnBtn-img\"]"}
RESULT: {"using":"xpath","value":"//*[@id=\"__xmlview64--closeColumnBtn-img\"]"}
COMMAND: POST /session/39d2630e55d6b41de19dafc672cf7ebc/element/f.7175ED2F8B48EB9387EF736E08AAAD55.d.20CD7B6C656DD5469975D77AB0C21A8D.e.8170/click - {}
RESULT: {}
COMMAND: GET /session/39d2630e55d6b41de19dafc672cf7ebc/screenshot - {}
COMMAND: POST /session/39d2630e55d6b41de19dafc672cf7ebc/element - {"using":"xpath","value":"//div[contains(@id ,\"smartContractFilterBar-btnBasicSearch-reset\")]"}
RESULT: {}
RESULT: {"using":"xpath","value":"//div[contains(@id ,\"smartContractFilterBar-btnBasicSearch-reset\")]"}
COMMAND: POST /session/39d2630e55d6b41de19dafc672cf7ebc/element/f.7175ED2F8B48EB9387EF736E08AAAD55.d.20CD7B6C656DD5469975D77AB0C21A8D.e.8173/click - {}
RESULT: {}
COMMAND: GET /session/39d2630e55d6b41de19dafc672cf7ebc/screenshot - {}
COMMAND: POST /session/39d2630e55d6b41de19dafc672cf7ebc/execute/async - {"script":"<script> [1562 bytes]","args":[{"selector":{"controlType":"sap.ui.core.Icon","viewName":"etm.portal.ui.managecontracts.view.Master","properties":{"src":{"regex":{"source":"slim\\-arrow\\-down"}}},"ancestor":{"id":"smartContractStatusFilter","viewName":"etm.portal.ui.managecontracts.view.Master"}},"wdio_ui5_key":"etmportal.ui.managecontracts.view.Mastersap.ui.core.Icon{\"src\":{\"regex\":{\"source\":\"slim\\\\-arrow\\\\-down\"}}}{\"id\":\"smartContractStatusFilter\",\"viewName\":\"etm.portal.ui.managecontracts.view.Master\"}"}]}
RESULT: {}
RESULT: {"script":"<script> [1562 bytes]","args":[{"selector":{"controlType":"sap.ui.core.Icon","viewName":"etm.portal.ui.managecontracts.view.Master","properties":{"src":{"regex":{"source":"slim\\-arrow\\-down"}}},"ancestor":{"id":"smartContractStatusFilter","viewName":"etm.portal.ui.managecontracts.view.Master"}},"wdio_ui5_key":"etmportal.ui.managecontracts.view.Mastersap.ui.core.Icon{\"src\":{\"regex\":{\"source\":\"slim\\\\-arrow\\\\-down\"}}}{\"id\":\"smartContractStatusFilter\",\"viewName\":\"etm.portal.ui.managecontracts.view.Master\"}"}]}
RESULT: undefined
COMMAND: POST /session/39d2630e55d6b41de19dafc672cf7ebc/element - {"using":"xpath","value":"//*[@id=\"__xmlview63--smartContractStatusFilter-arrow\"]"}
RESULT: {"using":"xpath","value":"//*[@id=\"__xmlview63--smartContractStatusFilter-arrow\"]"}
COMMAND: POST /session/39d2630e55d6b41de19dafc672cf7ebc/element/f.7175ED2F8B48EB9387EF736E08AAAD55.d.20CD7B6C656DD5469975D77AB0C21A8D.e.8248/click - {}
RESULT: {}
COMMAND: POST /session/39d2630e55d6b41de19dafc672cf7ebc/execute/async - {"script":"<script> [1562 bytes]","args":[{"selector":{"controlType":"sap.m.CheckBox","viewName":"etm.portal.ui.managecontracts.view.Master","properties":{"editable":true},"searchOpenDialogs":true,"ancestor":{"controlType":"sap.m.StandardListItem","viewName":"etm.portal.ui.managecontracts.view.Master","properties":{"title":"partial provided"},"searchOpenDialogs":true},"interaction":{"idSuffix":"CbBg"}},"wdio_ui5_key":"etmportal.ui.managecontracts.view.Mastersap.m.CheckBox{\"editable\":true}{\"controlType\":\"sap.m.StandardListItem\",\"viewName\":\"etm.portal.ui.managecontracts.view.Master\",\"properties\":{\"title\":\"partial provided\"},\"searchOpenDialogs\":true}"}]}
COMMAND: GET /session/39d2630e55d6b41de19dafc672cf7ebc/screenshot - {}
RESULT: {"script":"<script> [1562 bytes]","args":[{"selector":{"controlType":"sap.m.CheckBox","viewName":"etm.portal.ui.managecontracts.view.Master","properties":{"editable":true},"searchOpenDialogs":true,"ancestor":{"controlType":"sap.m.StandardListItem","viewName":"etm.portal.ui.managecontracts.view.Master","properties":{"title":"partial provided"},"searchOpenDialogs":true},"interaction":{"idSuffix":"CbBg"}},"wdio_ui5_key":"etmportal.ui.managecontracts.view.Mastersap.m.CheckBox{\"editable\":true}{\"controlType\":\"sap.m.StandardListItem\",\"viewName\":\"etm.portal.ui.managecontracts.view.Master\",\"properties\":{\"title\":\"partial provided\"},\"searchOpenDialogs\":true}"}]}
RESULT: undefined
COMMAND: POST /session/39d2630e55d6b41de19dafc672cf7ebc/element - {"using":"xpath","value":"//*[@id=\"__item1482-selectMulti\"]"}
RESULT: {}
RESULT: {"using":"xpath","value":"//*[@id=\"__item1482-selectMulti\"]"}
COMMAND: POST /session/39d2630e55d6b41de19dafc672cf7ebc/element/f.7175ED2F8B48EB9387EF736E08AAAD55.d.20CD7B6C656DD5469975D77AB0C21A8D.e.8257/click - {}
RESULT: {}
COMMAND: GET /session/39d2630e55d6b41de19dafc672cf7ebc/screenshot - {}
RESULT: {}
COMMAND: POST /session/39d2630e55d6b41de19dafc672cf7ebc/element - {"using":"xpath","value":"(//span[contains(@title ,\"Navigation\")])[2]"}
RESULT: {"using":"xpath","value":"(//span[contains(@title ,\"Navigation\")])[2]"}
COMMAND: POST /session/39d2630e55d6b41de19dafc672cf7ebc/element/f.7175ED2F8B48EB9387EF736E08AAAD55.d.20CD7B6C656DD5469975D77AB0C21A8D.e.8276/click - {}
RESULT: {}
COMMAND: GET /session/39d2630e55d6b41de19dafc672cf7ebc/screenshot - {}
RESULT: {}
COMMAND: POST /session/39d2630e55d6b41de19dafc672cf7ebc/element - {"using":"xpath","value":"//bdi[contains(@id ,\"closeContractBtn-BDI-content\")]"}
RESULT: {"using":"xpath","value":"//bdi[contains(@id ,\"closeContractBtn-BDI-content\")]"}
COMMAND: POST /session/39d2630e55d6b41de19dafc672cf7ebc/element - {"using":"xpath","value":"//bdi[contains(@id ,\"closeContractBtn-BDI-content\")]"}
RESULT: undefined
COMMAND: POST /session/39d2630e55d6b41de19dafc672cf7ebc/element - {"using":"xpath","value":"//*[@id=\"__xmlview64--closeColumnBtn-img\"]"}
RESULT: {"using":"xpath","value":"//bdi[contains(@id ,\"closeContractBtn-BDI-content\")]"}
RESULT: {"using":"xpath","value":"//*[@id=\"__xmlview64--closeColumnBtn-img\"]"}
COMMAND: POST /session/39d2630e55d6b41de19dafc672cf7ebc/element/f.7175ED2F8B48EB9387EF736E08AAAD55.d.20CD7B6C656DD5469975D77AB0C21A8D.e.8170/click - {}
RESULT: {}
COMMAND: GET /session/39d2630e55d6b41de19dafc672cf7ebc/screenshot - {}
COMMAND: POST /session/39d2630e55d6b41de19dafc672cf7ebc/refresh - {}
RESULT: {}
RESULT: {}
COMMAND: GET /session/39d2630e55d6b41de19dafc672cf7ebc/screenshot - {}
RESULT: {}
COMMAND: POST /session/39d2630e55d6b41de19dafc672cf7ebc/execute/async - {"script":"<script> [189 bytes]","args":[]}
RESULT: {"script":"<script> [189 bytes]","args":[]}
COMMAND: POST /session/39d2630e55d6b41de19dafc672cf7ebc/execute/async - {"script":"<script> [123 bytes]","args":[]}
RESULT: {"script":"<script> [123 bytes]","args":[]}
COMMAND: POST /session/39d2630e55d6b41de19dafc672cf7ebc/timeouts - {"script":"<number>"}
RESULT: {"script":"<number>"}
COMMAND: GET /session/39d2630e55d6b41de19dafc672cf7ebc/timeouts - {}
RESULT: {}
RESULT: undefined
COMMAND: POST /session/39d2630e55d6b41de19dafc672cf7ebc/execute/async - {"script":"<script> [2676 bytes]","args":[]}
RESULT: {"script":"<script> [2676 bytes]","args":[]}
COMMAND: POST /session/39d2630e55d6b41de19dafc672cf7ebc/execute/async - {"script":"<script> [2342 bytes]","args":[{"protocol":"http","hostname":"0.0.0.0","path":"/","capabilities":{"browserName":"chrome","goog:chromeOptions":{"binary":"C:\\Program Files\\Google\\Chrome\\Application\\chrome.exe","args":["--start-maximized"]}},"logLevel":"warn","connectionRetryTimeout":120000,"connectionRetryCount":3,"logLevels":{},"enableDirectConnect":true,"strictSSL":true,"_":"65 more keys: [\"cacheDir\",\"port\",\"requestedCapabilities\",\"automationProtocol\",\"baseUrl\",\"waitforInterval\",\"waitforTimeout\",\"onReload\",\"beforeCommand\",\"afterCommand\",\"rootDir\",\"specs\",\"suites\",\"exclude\",\"groupLogsByTestSpec\",\"excludeDriverLogs\",\"bail\",\"framework\",\"reporters\",\"services\",\"maxInstances\",\"maxInstancesPerCapability\",\"injectGlobals\",\"filesToWatch\",\"execArgv\",\"runnerEnv\",\"runner\",\"shard\",\"specFileRetries\",\"specFileRetriesDelay\",\"specFileRetriesDeferred\",\"reporterSyncInterval\",\"reporterSyncTimeout\",\"cucumberFeaturesWithLineNumbers\",\"autoCompileOpts\",\"mochaOpts\",\"jasmineOpts\",\"cucumberOpts\",\"onPrepare\",\"onWorkerStart\",\"onWorkerEnd\",\"before\",\"beforeSession\",\"beforeSuite\",\"beforeHook\",\"beforeTest\",\"afterTest\",\"afterHook\",\"afterSuite\",\"afterSession\",\"after\",\"onComplete\",\"beforeAssertion\",\"afterAssertion\",\"beforeFeature\",\"beforeScenario\",\"beforeStep\",\"afterStep\",\"afterScenario\",\"afterFeature\",\"_\",\"suite\",\"$0\",\"ignoredWorkerServices\",\"wdi5\"]"}]}
RESULT: {"script":"<script> [2342 bytes]","args":[{"protocol":"http","hostname":"0.0.0.0","path":"/","capabilities":{"browserName":"chrome","goog:chromeOptions":{"binary":"C:\\Program Files\\Google\\Chrome\\Application\\chrome.exe","args":["--start-maximized"]}},"logLevel":"warn","connectionRetryTimeout":120000,"connectionRetryCount":3,"logLevels":{},"enableDirectConnect":true,"strictSSL":true,"_":"65 more keys: [\"cacheDir\",\"port\",\"requestedCapabilities\",\"automationProtocol\",\"baseUrl\",\"waitforInterval\",\"waitforTimeout\",\"onReload\",\"beforeCommand\",\"afterCommand\",\"rootDir\",\"specs\",\"suites\",\"exclude\",\"groupLogsByTestSpec\",\"excludeDriverLogs\",\"bail\",\"framework\",\"reporters\",\"services\",\"maxInstances\",\"maxInstancesPerCapability\",\"injectGlobals\",\"filesToWatch\",\"execArgv\",\"runnerEnv\",\"runner\",\"shard\",\"specFileRetries\",\"specFileRetriesDelay\",\"specFileRetriesDeferred\",\"reporterSyncInterval\",\"reporterSyncTimeout\",\"cucumberFeaturesWithLineNumbers\",\"autoCompileOpts\",\"mochaOpts\",\"jasmineOpts\",\"cucumberOpts\",\"onPrepare\",\"onWorkerStart\",\"onWorkerEnd\",\"before\",\"beforeSession\",\"beforeSuite\",\"beforeHook\",\"beforeTest\",\"afterTest\",\"afterHook\",\"afterSuite\",\"afterSession\",\"after\",\"onComplete\",\"beforeAssertion\",\"afterAssertion\",\"beforeFeature\",\"beforeScenario\",\"beforeStep\",\"afterStep\",\"afterScenario\",\"afterFeature\",\"_\",\"suite\",\"$0\",\"ignoredWorkerServices\",\"wdi5\"]"}]}
COMMAND: POST /session/39d2630e55d6b41de19dafc672cf7ebc/execute/async - {"script":"<script> [21126 bytes]","args":[35000]}
RESULT: {"script":"<script> [21126 bytes]","args":[35000]}
COMMAND: POST /session/39d2630e55d6b41de19dafc672cf7ebc/execute/async - {"script":"<script> [1562 bytes]","args":[{"selector":{"controlType":"sap.ui.core.Icon","viewName":"etm.portal.ui.managecontracts.view.Master","properties":{"src":{"regex":{"source":"slim\\-arrow\\-down"}}},"ancestor":{"id":"smartContractStatusFilter","viewName":"etm.portal.ui.managecontracts.view.Master"}},"wdio_ui5_key":"etmportal.ui.managecontracts.view.Mastersap.ui.core.Icon{\"src\":{\"regex\":{\"source\":\"slim\\\\-arrow\\\\-down\"}}}{\"id\":\"smartContractStatusFilter\",\"viewName\":\"etm.portal.ui.managecontracts.view.Master\"}"}]}
RESULT: {"script":"<script> [1562 bytes]","args":[{"selector":{"controlType":"sap.ui.core.Icon","viewName":"etm.portal.ui.managecontracts.view.Master","properties":{"src":{"regex":{"source":"slim\\-arrow\\-down"}}},"ancestor":{"id":"smartContractStatusFilter","viewName":"etm.portal.ui.managecontracts.view.Master"}},"wdio_ui5_key":"etmportal.ui.managecontracts.view.Mastersap.ui.core.Icon{\"src\":{\"regex\":{\"source\":\"slim\\\\-arrow\\\\-down\"}}}{\"id\":\"smartContractStatusFilter\",\"viewName\":\"etm.portal.ui.managecontracts.view.Master\"}"}]}
RESULT: undefined
COMMAND: POST /session/39d2630e55d6b41de19dafc672cf7ebc/element - {"using":"xpath","value":"//*[@id=\"__xmlview0--smartContractStatusFilter-arrow\"]"}
RESULT: {"using":"xpath","value":"//*[@id=\"__xmlview0--smartContractStatusFilter-arrow\"]"}
COMMAND: POST /session/39d2630e55d6b41de19dafc672cf7ebc/element/f.7175ED2F8B48EB9387EF736E08AAAD55.d.2B7D6CB7DF5604DD09948C7AA9F08829.e.8668/click - {}
RESULT: {}
COMMAND: GET /session/39d2630e55d6b41de19dafc672cf7ebc/screenshot - {}
RESULT: {}
COMMAND: POST /session/39d2630e55d6b41de19dafc672cf7ebc/execute/async - {"script":"<script> [1562 bytes]","args":[{"selector":{"controlType":"sap.m.CheckBox","viewName":"etm.portal.ui.managecontracts.view.Master","properties":{"editable":true},"searchOpenDialogs":true,"ancestor":{"controlType":"sap.m.StandardListItem","viewName":"etm.portal.ui.managecontracts.view.Master","properties":{"title":"partial billed"},"searchOpenDialogs":true},"interaction":{"idSuffix":"CbBg"}},"wdio_ui5_key":"etmportal.ui.managecontracts.view.Mastersap.m.CheckBox{\"editable\":true}{\"controlType\":\"sap.m.StandardListItem\",\"viewName\":\"etm.portal.ui.managecontracts.view.Master\",\"properties\":{\"title\":\"partial billed\"},\"searchOpenDialogs\":true}"}]}
RESULT: {"script":"<script> [1562 bytes]","args":[{"selector":{"controlType":"sap.m.CheckBox","viewName":"etm.portal.ui.managecontracts.view.Master","properties":{"editable":true},"searchOpenDialogs":true,"ancestor":{"controlType":"sap.m.StandardListItem","viewName":"etm.portal.ui.managecontracts.view.Master","properties":{"title":"partial billed"},"searchOpenDialogs":true},"interaction":{"idSuffix":"CbBg"}},"wdio_ui5_key":"etmportal.ui.managecontracts.view.Mastersap.m.CheckBox{\"editable\":true}{\"controlType\":\"sap.m.StandardListItem\",\"viewName\":\"etm.portal.ui.managecontracts.view.Master\",\"properties\":{\"title\":\"partial billed\"},\"searchOpenDialogs\":true}"}]}
RESULT: undefined
COMMAND: POST /session/39d2630e55d6b41de19dafc672cf7ebc/element - {"using":"xpath","value":"//*[@id=\"__item41-selectMulti\"]"}
RESULT: {"using":"xpath","value":"//*[@id=\"__item41-selectMulti\"]"}
COMMAND: POST /session/39d2630e55d6b41de19dafc672cf7ebc/element/f.7175ED2F8B48EB9387EF736E08AAAD55.d.2B7D6CB7DF5604DD09948C7AA9F08829.e.8677/click - {}
RESULT: {}
COMMAND: GET /session/39d2630e55d6b41de19dafc672cf7ebc/screenshot - {}
RESULT: {}
COMMAND: POST /session/39d2630e55d6b41de19dafc672cf7ebc/element - {"using":"xpath","value":"(//span[contains(@title ,\"Navigation\")])[2]"}
RESULT: {"using":"xpath","value":"(//span[contains(@title ,\"Navigation\")])[2]"}
COMMAND: POST /session/39d2630e55d6b41de19dafc672cf7ebc/element/f.7175ED2F8B48EB9387EF736E08AAAD55.d.2B7D6CB7DF5604DD09948C7AA9F08829.e.8713/click - {}
RESULT: {}
COMMAND: GET /session/39d2630e55d6b41de19dafc672cf7ebc/screenshot - {}
RESULT: {}
COMMAND: POST /session/39d2630e55d6b41de19dafc672cf7ebc/element - {"using":"xpath","value":"//bdi[contains(@id ,\"closeContractBtn-BDI-content\")]"}
COMMAND: POST /session/39d2630e55d6b41de19dafc672cf7ebc/element - {"using":"css selector","value":"#shell-header-logo"}
RESULT: {"using":"xpath","value":"//bdi[contains(@id ,\"closeContractBtn-BDI-content\")]"}
RESULT: {"using":"css selector","value":"#shell-header-logo"}
COMMAND: POST /session/39d2630e55d6b41de19dafc672cf7ebc/element/f.7175ED2F8B48EB9387EF736E08AAAD55.d.2B7D6CB7DF5604DD09948C7AA9F08829.e.8607/click - {}
RESULT: {}
COMMAND: GET /session/39d2630e55d6b41de19dafc672cf7ebc/screenshot - {}
RESULT: {}
]]></system-out>
    </testcase>
  </testsuite>
  <testsuite timestamp="2025-04-30T05:57:14" time="54.536" tests="1" failures="0" errors="0" skipped="0">
    <properties>
      <property name="specId" value="0" />
      <property name="suiteName" value="Standard contract decline US151279" />
      <property name="capabilities" value="chrome.135_0_7049_96.windows" />
      <property name="file" value="file:///D:/a/1/s/test/specs/R2C/standard-contract-decline.spec.js" />
    </properties>
    <testcase classname="chrome.135_0_7049_96.windows.Standard_contract_decline_US151279" name="Should decline a contract" time="46.167">
      <system-out><![CDATA[
COMMAND: POST /session/39d2630e55d6b41de19dafc672cf7ebc/execute/async - {"script":"<script> [1562 bytes]","args":[{"selector":{"controlType":"sap.m.GenericTile","properties":{"header":"Manage Contracts"}},"wdio_ui5_key":"sapm.GenericTile{\"header\":\"Manage Contracts\"}"}]}
RESULT: {"script":"<script> [1562 bytes]","args":[{"selector":{"controlType":"sap.m.GenericTile","properties":{"header":"Manage Contracts"}},"wdio_ui5_key":"sapm.GenericTile{\"header\":\"Manage Contracts\"}"}]}
RESULT: undefined
COMMAND: POST /session/39d2630e55d6b41de19dafc672cf7ebc/element - {"using":"xpath","value":"//*[@id=\"__tile130\"]"}
RESULT: {"using":"xpath","value":"//*[@id=\"__tile130\"]"}
COMMAND: POST /session/39d2630e55d6b41de19dafc672cf7ebc/element/f.7175ED2F8B48EB9387EF736E08AAAD55.d.2B7D6CB7DF5604DD09948C7AA9F08829.e.9089/click - {}
RESULT: {}
COMMAND: GET /session/39d2630e55d6b41de19dafc672cf7ebc/screenshot - {}
RESULT: {}
COMMAND: POST /session/39d2630e55d6b41de19dafc672cf7ebc/element - {"using":"xpath","value":"//input[contains(@id ,\"smartContractFilterBar-btnBasicSearch-I\")]"}
RESULT: {"using":"xpath","value":"//input[contains(@id ,\"smartContractFilterBar-btnBasicSearch-I\")]"}
COMMAND: POST /session/39d2630e55d6b41de19dafc672cf7ebc/element/f.7175ED2F8B48EB9387EF736E08AAAD55.d.2B7D6CB7DF5604DD09948C7AA9F08829.e.9094/clear - {}
RESULT: {}
COMMAND: POST /session/39d2630e55d6b41de19dafc672cf7ebc/element/f.7175ED2F8B48EB9387EF736E08AAAD55.d.2B7D6CB7DF5604DD09948C7AA9F08829.e.9094/value - {"text":"10374"}
COMMAND: GET /session/39d2630e55d6b41de19dafc672cf7ebc/screenshot - {}
RESULT: {"text":"10374"}
COMMAND: POST /session/39d2630e55d6b41de19dafc672cf7ebc/actions - {"actions":[{"id":"action43","type":"key","parameters":{},"actions":[{"type":"keyDown","value":"î€‡"},{"type":"pause","duration":10},{"type":"keyUp","value":"î€‡"}]}]}
COMMAND: GET /session/39d2630e55d6b41de19dafc672cf7ebc/screenshot - {}
RESULT: {}
RESULT: {"actions":[{"id":"action43","type":"key","parameters":{},"actions":[{"type":"keyDown","value":"î€‡"},{"type":"pause","duration":10},{"type":"keyUp","value":"î€‡"}]}]}
COMMAND: GET /session/39d2630e55d6b41de19dafc672cf7ebc/screenshot - {}
RESULT: {}
RESULT: {}
COMMAND: POST /session/39d2630e55d6b41de19dafc672cf7ebc/execute/async - {"script":"<script> [1562 bytes]","args":[{"selector":{"controlType":"sap.ui.core.Icon","viewName":"etm.portal.ui.managecontracts.view.Master","properties":{"src":{"regex":{"source":"slim\\-arrow\\-right"}}}},"wdio_ui5_key":"etmportal.ui.managecontracts.view.Mastersap.ui.core.Icon{\"src\":{\"regex\":{\"source\":\"slim\\\\-arrow\\\\-right\"}}}"}]}
RESULT: {"script":"<script> [1562 bytes]","args":[{"selector":{"controlType":"sap.ui.core.Icon","viewName":"etm.portal.ui.managecontracts.view.Master","properties":{"src":{"regex":{"source":"slim\\-arrow\\-right"}}}},"wdio_ui5_key":"etmportal.ui.managecontracts.view.Mastersap.ui.core.Icon{\"src\":{\"regex\":{\"source\":\"slim\\\\-arrow\\\\-right\"}}}"}]}
RESULT: undefined
COMMAND: POST /session/39d2630e55d6b41de19dafc672cf7ebc/element - {"using":"xpath","value":"//*[@id=\"__item77-__clone215-imgNav\"]"}
RESULT: {"using":"xpath","value":"//*[@id=\"__item77-__clone215-imgNav\"]"}
COMMAND: POST /session/39d2630e55d6b41de19dafc672cf7ebc/element/f.7175ED2F8B48EB9387EF736E08AAAD55.d.2B7D6CB7DF5604DD09948C7AA9F08829.e.9219/click - {}
RESULT: {}
COMMAND: GET /session/39d2630e55d6b41de19dafc672cf7ebc/screenshot - {}
RESULT: {}
COMMAND: POST /session/39d2630e55d6b41de19dafc672cf7ebc/execute/async - {"script":"<script> [1562 bytes]","args":[{"selector":{"id":"cancelContractBtn","viewName":"etm.portal.ui.managecontracts.view.Detail","interaction":{"idSuffix":"BDI-content"}},"wdio_ui5_key":"cancelContractBtnetmportal.ui.managecontracts.view.Detail"}]}
RESULT: {"script":"<script> [1562 bytes]","args":[{"selector":{"id":"cancelContractBtn","viewName":"etm.portal.ui.managecontracts.view.Detail","interaction":{"idSuffix":"BDI-content"}},"wdio_ui5_key":"cancelContractBtnetmportal.ui.managecontracts.view.Detail"}]}
RESULT: undefined
COMMAND: POST /session/39d2630e55d6b41de19dafc672cf7ebc/element - {"using":"xpath","value":"//*[@id=\"__xmlview61--cancelContractBtn\"]"}
RESULT: {"using":"xpath","value":"//*[@id=\"__xmlview61--cancelContractBtn\"]"}
COMMAND: POST /session/39d2630e55d6b41de19dafc672cf7ebc/element/f.7175ED2F8B48EB9387EF736E08AAAD55.d.2B7D6CB7DF5604DD09948C7AA9F08829.e.9328/click - {}
RESULT: {}
COMMAND: GET /session/39d2630e55d6b41de19dafc672cf7ebc/screenshot - {}
RESULT: {}
COMMAND: POST /session/39d2630e55d6b41de19dafc672cf7ebc/execute/async - {"script":"<script> [1562 bytes]","args":[{"selector":{"controlType":"sap.m.Text","properties":{"text":"Do you want to cancel the whole contract?"},"searchOpenDialogs":true},"wdio_ui5_key":"sapm.Text{\"text\":\"Do you want to cancel the whole contract?\"}"}]}
RESULT: {"script":"<script> [1562 bytes]","args":[{"selector":{"controlType":"sap.m.Text","properties":{"text":"Do you want to cancel the whole contract?"},"searchOpenDialogs":true},"wdio_ui5_key":"sapm.Text{\"text\":\"Do you want to cancel the whole contract?\"}"}]}
RESULT: undefined
COMMAND: POST /session/39d2630e55d6b41de19dafc672cf7ebc/execute/async - {"script":"<script> [6424 bytes]","args":[{"element-6066-11e4-a52e-4f735466cecf":"f.7175ED2F8B48EB9387EF736E08AAAD55.d.2B7D6CB7DF5604DD09948C7AA9F08829.e.9375"},"getText",[]]}
RESULT: {"script":"<script> [6424 bytes]","args":[{"element-6066-11e4-a52e-4f735466cecf":"f.7175ED2F8B48EB9387EF736E08AAAD55.d.2B7D6CB7DF5604DD09948C7AA9F08829.e.9375"},"getText",[]]}
COMMAND: POST /session/39d2630e55d6b41de19dafc672cf7ebc/element - {"using":"xpath","value":"//bdi[contains(text(), \"OK\")]"}
RESULT: {"using":"xpath","value":"//bdi[contains(text(), \"OK\")]"}
COMMAND: POST /session/39d2630e55d6b41de19dafc672cf7ebc/element/f.7175ED2F8B48EB9387EF736E08AAAD55.d.2B7D6CB7DF5604DD09948C7AA9F08829.e.9376/click - {}
RESULT: {}
COMMAND: GET /session/39d2630e55d6b41de19dafc672cf7ebc/screenshot - {}
RESULT: {}
COMMAND: POST /session/39d2630e55d6b41de19dafc672cf7ebc/element - {"using":"xpath","value":"//input[contains(@id ,\"smartContractFilterBar-btnBasicSearch-I\")]"}
RESULT: {"using":"xpath","value":"//input[contains(@id ,\"smartContractFilterBar-btnBasicSearch-I\")]"}
COMMAND: POST /session/39d2630e55d6b41de19dafc672cf7ebc/element/f.7175ED2F8B48EB9387EF736E08AAAD55.d.2B7D6CB7DF5604DD09948C7AA9F08829.e.9094/clear - {}
RESULT: {}
COMMAND: POST /session/39d2630e55d6b41de19dafc672cf7ebc/element/f.7175ED2F8B48EB9387EF736E08AAAD55.d.2B7D6CB7DF5604DD09948C7AA9F08829.e.9094/value - {"text":"10374"}
COMMAND: GET /session/39d2630e55d6b41de19dafc672cf7ebc/screenshot - {}
RESULT: {"text":"10374"}
COMMAND: POST /session/39d2630e55d6b41de19dafc672cf7ebc/actions - {"actions":[{"id":"action44","type":"key","parameters":{},"actions":[{"type":"keyDown","value":"î€‡"},{"type":"pause","duration":10},{"type":"keyUp","value":"î€‡"}]}]}
COMMAND: GET /session/39d2630e55d6b41de19dafc672cf7ebc/screenshot - {}
RESULT: {}
RESULT: {"actions":[{"id":"action44","type":"key","parameters":{},"actions":[{"type":"keyDown","value":"î€‡"},{"type":"pause","duration":10},{"type":"keyUp","value":"î€‡"}]}]}
COMMAND: GET /session/39d2630e55d6b41de19dafc672cf7ebc/screenshot - {}
RESULT: {}
RESULT: {}
COMMAND: POST /session/39d2630e55d6b41de19dafc672cf7ebc/execute/async - {"script":"<script> [1562 bytes]","args":[{"selector":{"controlType":"sap.m.ObjectStatus","viewName":"etm.portal.ui.managecontracts.view.Master","bindingPath":{"path":"/SmartContractHeaders('10374')","propertyPath":"STATUS_DESCRIPTION"}},"wdio_ui5_key":"etmportal.ui.managecontracts.view.Mastersap.m.ObjectStatus{\"path\":\"/SmartContractHeaders('10374')\",\"propertyPath\":\"STATUS_DESCRIPTION\"}"}]}
RESULT: {"script":"<script> [1562 bytes]","args":[{"selector":{"controlType":"sap.m.ObjectStatus","viewName":"etm.portal.ui.managecontracts.view.Master","bindingPath":{"path":"/SmartContractHeaders('10374')","propertyPath":"STATUS_DESCRIPTION"}},"wdio_ui5_key":"etmportal.ui.managecontracts.view.Mastersap.m.ObjectStatus{\"path\":\"/SmartContractHeaders('10374')\",\"propertyPath\":\"STATUS_DESCRIPTION\"}"}]}
RESULT: undefined
COMMAND: POST /session/39d2630e55d6b41de19dafc672cf7ebc/execute/async - {"script":"<script> [6424 bytes]","args":[{"element-6066-11e4-a52e-4f735466cecf":"f.7175ED2F8B48EB9387EF736E08AAAD55.d.2B7D6CB7DF5604DD09948C7AA9F08829.e.9428"},"getText",[]]}
RESULT: {"script":"<script> [6424 bytes]","args":[{"element-6066-11e4-a52e-4f735466cecf":"f.7175ED2F8B48EB9387EF736E08AAAD55.d.2B7D6CB7DF5604DD09948C7AA9F08829.e.9428"},"getText",[]]}
RESULT: undefined
COMMAND: POST /session/39d2630e55d6b41de19dafc672cf7ebc/element - {"using":"xpath","value":"//*[@id=\"__item77-__clone215-imgNav\"]"}
RESULT: {"using":"xpath","value":"//*[@id=\"__item77-__clone215-imgNav\"]"}
COMMAND: POST /session/39d2630e55d6b41de19dafc672cf7ebc/element/f.7175ED2F8B48EB9387EF736E08AAAD55.d.2B7D6CB7DF5604DD09948C7AA9F08829.e.9219/click - {}
RESULT: {}
COMMAND: GET /session/39d2630e55d6b41de19dafc672cf7ebc/screenshot - {}
RESULT: {}
COMMAND: POST /session/39d2630e55d6b41de19dafc672cf7ebc/execute/async - {"script":"<script> [1562 bytes]","args":[{"selector":{"controlType":"sap.m.ObjectStatus","viewName":"etm.portal.ui.managecontracts.view.Detail","bindingPath":{"path":"/SmartContractItems(CONTRACT='10374',ITEM=10m,SUB_ITEM=0m)","propertyPath":"STATUS"}},"wdio_ui5_key":"etmportal.ui.managecontracts.view.Detailsap.m.ObjectStatus{\"path\":\"/SmartContractItems(CONTRACT='10374',ITEM=10m,SUB_ITEM=0m)\",\"propertyPath\":\"STATUS\"}"}]}
RESULT: {"script":"<script> [1562 bytes]","args":[{"selector":{"controlType":"sap.m.ObjectStatus","viewName":"etm.portal.ui.managecontracts.view.Detail","bindingPath":{"path":"/SmartContractItems(CONTRACT='10374',ITEM=10m,SUB_ITEM=0m)","propertyPath":"STATUS"}},"wdio_ui5_key":"etmportal.ui.managecontracts.view.Detailsap.m.ObjectStatus{\"path\":\"/SmartContractItems(CONTRACT='10374',ITEM=10m,SUB_ITEM=0m)\",\"propertyPath\":\"STATUS\"}"}]}
RESULT: undefined
COMMAND: POST /session/39d2630e55d6b41de19dafc672cf7ebc/execute/async - {"script":"<script> [6424 bytes]","args":[{"element-6066-11e4-a52e-4f735466cecf":"f.7175ED2F8B48EB9387EF736E08AAAD55.d.2B7D6CB7DF5604DD09948C7AA9F08829.e.9452"},"getText",[]]}
RESULT: {"script":"<script> [6424 bytes]","args":[{"element-6066-11e4-a52e-4f735466cecf":"f.7175ED2F8B48EB9387EF736E08AAAD55.d.2B7D6CB7DF5604DD09948C7AA9F08829.e.9452"},"getText",[]]}
COMMAND: POST /session/39d2630e55d6b41de19dafc672cf7ebc/element - {"using":"css selector","value":"#shell-header-logo"}
RESULT: {"using":"css selector","value":"#shell-header-logo"}
COMMAND: POST /session/39d2630e55d6b41de19dafc672cf7ebc/element/f.7175ED2F8B48EB9387EF736E08AAAD55.d.2B7D6CB7DF5604DD09948C7AA9F08829.e.9092/click - {}
RESULT: {}
COMMAND: GET /session/39d2630e55d6b41de19dafc672cf7ebc/screenshot - {}
RESULT: {}
]]></system-out>
    </testcase>
  </testsuite>
  <testsuite timestamp="2025-04-30T05:58:08" time="172.676" tests="2" failures="0" errors="0" skipped="0">
    <properties>
      <property name="specId" value="0" />
      <property name="suiteName" value="Insert service into a contract US152956" />
      <property name="capabilities" value="chrome.135_0_7049_96.windows" />
      <property name="file" value="file:///D:/a/1/s/test/specs/R2C/insert-service-into-a-contract.spec.js" />
    </properties>
    <testcase classname="chrome.135_0_7049_96.windows.Insert_service_into_a_contract_US152956" name="Should create a new contract" time="88.214">
      <system-out><![CDATA[
COMMAND: POST /session/39d2630e55d6b41de19dafc672cf7ebc/execute/async - {"script":"<script> [1562 bytes]","args":[{"selector":{"controlType":"sap.m.Text","viewName":"etm.portal.ui.managecontractstile.view.Master","properties":{"text":"Manage Contracts"},"interaction":{"idSuffix":"inner"}},"wdio_ui5_key":"etmportal.ui.managecontractstile.view.Mastersap.m.Text{\"text\":\"Manage Contracts\"}"}]}
RESULT: {"script":"<script> [1562 bytes]","args":[{"selector":{"controlType":"sap.m.Text","viewName":"etm.portal.ui.managecontractstile.view.Master","properties":{"text":"Manage Contracts"},"interaction":{"idSuffix":"inner"}},"wdio_ui5_key":"etmportal.ui.managecontractstile.view.Mastersap.m.Text{\"text\":\"Manage Contracts\"}"}]}
RESULT: undefined
COMMAND: POST /session/39d2630e55d6b41de19dafc672cf7ebc/element - {"using":"xpath","value":"//*[@id=\"__tile130-title\"]"}
RESULT: {"using":"xpath","value":"//*[@id=\"__tile130-title\"]"}
COMMAND: POST /session/39d2630e55d6b41de19dafc672cf7ebc/element/f.7175ED2F8B48EB9387EF736E08AAAD55.d.2B7D6CB7DF5604DD09948C7AA9F08829.e.9456/click - {}
RESULT: {}
COMMAND: GET /session/39d2630e55d6b41de19dafc672cf7ebc/screenshot - {}
RESULT: {}
COMMAND: POST /session/39d2630e55d6b41de19dafc672cf7ebc/element - {"using":"xpath","value":"//button[@data-kt=\"addButton\"]"}
RESULT: {"using":"xpath","value":"//button[@data-kt=\"addButton\"]"}
COMMAND: POST /session/39d2630e55d6b41de19dafc672cf7ebc/element/f.7175ED2F8B48EB9387EF736E08AAAD55.d.2B7D6CB7DF5604DD09948C7AA9F08829.e.9527/click - {}
RESULT: {}
COMMAND: GET /session/39d2630e55d6b41de19dafc672cf7ebc/screenshot - {}
RESULT: {}
COMMAND: POST /session/39d2630e55d6b41de19dafc672cf7ebc/execute/async - {"script":"<script> [1562 bytes]","args":[{"selector":{"id":"application-managecontracts-display-component---AddNewContract--projectDescription","interaction":{"idSuffix":"inner"}},"wdio_ui5_key":"applicationmanagecontracts-display-component---AddNewContract--projectDescription"}]}
RESULT: {"script":"<script> [1562 bytes]","args":[{"selector":{"id":"application-managecontracts-display-component---AddNewContract--projectDescription","interaction":{"idSuffix":"inner"}},"wdio_ui5_key":"applicationmanagecontracts-display-component---AddNewContract--projectDescription"}]}
RESULT: undefined
COMMAND: POST /session/39d2630e55d6b41de19dafc672cf7ebc/execute/async - {"script":"<script> [776 bytes]","args":[{"enterText":"WdIOR2c1vmgl","selector":{"id":"application-managecontracts-display-component---AddNewContract--projectDescription","interaction":{"idSuffix":"inner"}},"clearTextFirst":true,"interactionType":"ENTER_TEXT"}]}
RESULT: {"script":"<script> [776 bytes]","args":[{"enterText":"WdIOR2c1vmgl","selector":{"id":"application-managecontracts-display-component---AddNewContract--projectDescription","interaction":{"idSuffix":"inner"}},"clearTextFirst":true,"interactionType":"ENTER_TEXT"}]}
COMMAND: POST /session/39d2630e55d6b41de19dafc672cf7ebc/element - {"using":"xpath","value":"//input[@id=\"application-managecontracts-display-component---AddNewContract--yardId-inner\"]"}
RESULT: {"using":"xpath","value":"//input[@id=\"application-managecontracts-display-component---AddNewContract--yardId-inner\"]"}
COMMAND: POST /session/39d2630e55d6b41de19dafc672cf7ebc/element/f.7175ED2F8B48EB9387EF736E08AAAD55.d.2B7D6CB7DF5604DD09948C7AA9F08829.e.9778/clear - {}
RESULT: {}
COMMAND: POST /session/39d2630e55d6b41de19dafc672cf7ebc/element/f.7175ED2F8B48EB9387EF736E08AAAD55.d.2B7D6CB7DF5604DD09948C7AA9F08829.e.9778/value - {"text":"WebdriverYardkro46"}
COMMAND: GET /session/39d2630e55d6b41de19dafc672cf7ebc/screenshot - {}
RESULT: {"text":"WebdriverYardkro46"}
COMMAND: GET /session/39d2630e55d6b41de19dafc672cf7ebc/screenshot - {}
RESULT: {}
RESULT: {}
COMMAND: POST /session/39d2630e55d6b41de19dafc672cf7ebc/actions - {"actions":[{"id":"action45","type":"key","parameters":{},"actions":[{"type":"keyDown","value":"î€‡"},{"type":"pause","duration":10},{"type":"keyUp","value":"î€‡"}]}]}
RESULT: {"actions":[{"id":"action45","type":"key","parameters":{},"actions":[{"type":"keyDown","value":"î€‡"},{"type":"pause","duration":10},{"type":"keyUp","value":"î€‡"}]}]}
COMMAND: GET /session/39d2630e55d6b41de19dafc672cf7ebc/screenshot - {}
RESULT: {}
COMMAND: POST /session/39d2630e55d6b41de19dafc672cf7ebc/element - {"using":"xpath","value":"//input[@id=\"application-managecontracts-display-component---AddNewContract--customerSelect-inner\"]"}
RESULT: {"using":"xpath","value":"//input[@id=\"application-managecontracts-display-component---AddNewContract--customerSelect-inner\"]"}
COMMAND: POST /session/39d2630e55d6b41de19dafc672cf7ebc/element/f.7175ED2F8B48EB9387EF736E08AAAD55.d.2B7D6CB7DF5604DD09948C7AA9F08829.e.9776/clear - {}
RESULT: {}
COMMAND: POST /session/39d2630e55d6b41de19dafc672cf7ebc/element/f.7175ED2F8B48EB9387EF736E08AAAD55.d.2B7D6CB7DF5604DD09948C7AA9F08829.e.9776/value - {"text":"WebdriverPartnern8pbd"}
COMMAND: GET /session/39d2630e55d6b41de19dafc672cf7ebc/screenshot - {}
RESULT: {"text":"WebdriverPartnern8pbd"}
COMMAND: GET /session/39d2630e55d6b41de19dafc672cf7ebc/screenshot - {}
RESULT: {}
RESULT: {}
COMMAND: POST /session/39d2630e55d6b41de19dafc672cf7ebc/actions - {"actions":[{"id":"action46","type":"key","parameters":{},"actions":[{"type":"keyDown","value":"î€‡"},{"type":"pause","duration":10},{"type":"keyUp","value":"î€‡"}]}]}
RESULT: {"actions":[{"id":"action46","type":"key","parameters":{},"actions":[{"type":"keyDown","value":"î€‡"},{"type":"pause","duration":10},{"type":"keyUp","value":"î€‡"}]}]}
COMMAND: GET /session/39d2630e55d6b41de19dafc672cf7ebc/screenshot - {}
RESULT: {}
COMMAND: POST /session/39d2630e55d6b41de19dafc672cf7ebc/element - {"using":"xpath","value":"//input[@id=\"application-managecontracts-display-component---AddNewContract--site-inner\"]"}
RESULT: {"using":"xpath","value":"//input[@id=\"application-managecontracts-display-component---AddNewContract--site-inner\"]"}
COMMAND: POST /session/39d2630e55d6b41de19dafc672cf7ebc/element/f.7175ED2F8B48EB9387EF736E08AAAD55.d.2B7D6CB7DF5604DD09948C7AA9F08829.e.9777/clear - {}
RESULT: {}
COMMAND: POST /session/39d2630e55d6b41de19dafc672cf7ebc/element/f.7175ED2F8B48EB9387EF736E08AAAD55.d.2B7D6CB7DF5604DD09948C7AA9F08829.e.9777/value - {"text":"WebdriverSitew0yg9h"}
COMMAND: GET /session/39d2630e55d6b41de19dafc672cf7ebc/screenshot - {}
RESULT: {"text":"WebdriverSitew0yg9h"}
COMMAND: GET /session/39d2630e55d6b41de19dafc672cf7ebc/screenshot - {}
RESULT: {}
RESULT: {}
COMMAND: POST /session/39d2630e55d6b41de19dafc672cf7ebc/actions - {"actions":[{"id":"action47","type":"key","parameters":{},"actions":[{"type":"keyDown","value":"î€‡"},{"type":"pause","duration":10},{"type":"keyUp","value":"î€‡"}]}]}
RESULT: {"actions":[{"id":"action47","type":"key","parameters":{},"actions":[{"type":"keyDown","value":"î€‡"},{"type":"pause","duration":10},{"type":"keyUp","value":"î€‡"}]}]}
COMMAND: GET /session/39d2630e55d6b41de19dafc672cf7ebc/screenshot - {}
RESULT: {}
COMMAND: POST /session/39d2630e55d6b41de19dafc672cf7ebc/element - {"using":"xpath","value":"//button[@data-kt=\"saveButton\"]"}
RESULT: {"using":"xpath","value":"//button[@data-kt=\"saveButton\"]"}
COMMAND: POST /session/39d2630e55d6b41de19dafc672cf7ebc/element/f.7175ED2F8B48EB9387EF736E08AAAD55.d.2B7D6CB7DF5604DD09948C7AA9F08829.e.9793/click - {}
RESULT: {}
COMMAND: GET /session/39d2630e55d6b41de19dafc672cf7ebc/screenshot - {}
RESULT: {}
COMMAND: POST /session/39d2630e55d6b41de19dafc672cf7ebc/execute/async - {"script":"<script> [1562 bytes]","args":[{"selector":{"id":"contractDetailTitleNoExpanded","viewName":"etm.portal.ui.managecontracts.view.Detail"},"wdio_ui5_key":"contractDetailTitleNoExpandedetmportal.ui.managecontracts.view.Detail"}]}
RESULT: {"script":"<script> [1562 bytes]","args":[{"selector":{"id":"contractDetailTitleNoExpanded","viewName":"etm.portal.ui.managecontracts.view.Detail"},"wdio_ui5_key":"contractDetailTitleNoExpandedetmportal.ui.managecontracts.view.Detail"}]}
RESULT: undefined
COMMAND: POST /session/39d2630e55d6b41de19dafc672cf7ebc/execute/async - {"script":"<script> [6424 bytes]","args":[{"element-6066-11e4-a52e-4f735466cecf":"f.7175ED2F8B48EB9387EF736E08AAAD55.d.2B7D6CB7DF5604DD09948C7AA9F08829.e.9875"},"getText",[]]}
RESULT: {"script":"<script> [6424 bytes]","args":[{"element-6066-11e4-a52e-4f735466cecf":"f.7175ED2F8B48EB9387EF736E08AAAD55.d.2B7D6CB7DF5604DD09948C7AA9F08829.e.9875"},"getText",[]]}
]]></system-out>
    </testcase>
    <testcase classname="chrome.135_0_7049_96.windows.Insert_service_into_a_contract_US152956" name="Should add a service unit and a service group to the contract" time="80.161">
      <system-out><![CDATA[
COMMAND: POST /session/39d2630e55d6b41de19dafc672cf7ebc/element - {"using":"xpath","value":"//button[@data-kt=\"contractDetailEditBtnButton\"]"}
RESULT: {"using":"xpath","value":"//button[@data-kt=\"contractDetailEditBtnButton\"]"}
COMMAND: POST /session/39d2630e55d6b41de19dafc672cf7ebc/execute/sync - {"script":"<script> [8489 bytes]","args":[{"element-6066-11e4-a52e-4f735466cecf":"f.7175ED2F8B48EB9387EF736E08AAAD55.d.2B7D6CB7DF5604DD09948C7AA9F08829.e.9876","ELEMENT":"f.7175ED2F8B48EB9387EF736E08AAAD55.d.2B7D6CB7DF5604DD09948C7AA9F08829.e.9876"}]}
RESULT: {"script":"<script> [8489 bytes]","args":[{"element-6066-11e4-a52e-4f735466cecf":"f.7175ED2F8B48EB9387EF736E08AAAD55.d.2B7D6CB7DF5604DD09948C7AA9F08829.e.9876","ELEMENT":"f.7175ED2F8B48EB9387EF736E08AAAD55.d.2B7D6CB7DF5604DD09948C7AA9F08829.e.9876"}]}
COMMAND: POST /session/39d2630e55d6b41de19dafc672cf7ebc/execute/sync - {"script":"<script> [8489 bytes]","args":[{"element-6066-11e4-a52e-4f735466cecf":"f.7175ED2F8B48EB9387EF736E08AAAD55.d.2B7D6CB7DF5604DD09948C7AA9F08829.e.9876","ELEMENT":"f.7175ED2F8B48EB9387EF736E08AAAD55.d.2B7D6CB7DF5604DD09948C7AA9F08829.e.9876"}]}
COMMAND: GET /session/39d2630e55d6b41de19dafc672cf7ebc/screenshot - {}
RESULT: {"script":"<script> [8489 bytes]","args":[{"element-6066-11e4-a52e-4f735466cecf":"f.7175ED2F8B48EB9387EF736E08AAAD55.d.2B7D6CB7DF5604DD09948C7AA9F08829.e.9876","ELEMENT":"f.7175ED2F8B48EB9387EF736E08AAAD55.d.2B7D6CB7DF5604DD09948C7AA9F08829.e.9876"}]}
COMMAND: POST /session/39d2630e55d6b41de19dafc672cf7ebc/execute/sync - {"script":"<script> [5351 bytes]","args":[{"element-6066-11e4-a52e-4f735466cecf":"f.7175ED2F8B48EB9387EF736E08AAAD55.d.2B7D6CB7DF5604DD09948C7AA9F08829.e.9876","ELEMENT":"f.7175ED2F8B48EB9387EF736E08AAAD55.d.2B7D6CB7DF5604DD09948C7AA9F08829.e.9876"}]}
COMMAND: GET /session/39d2630e55d6b41de19dafc672cf7ebc/screenshot - {}
RESULT: {}
RESULT: {"script":"<script> [5351 bytes]","args":[{"element-6066-11e4-a52e-4f735466cecf":"f.7175ED2F8B48EB9387EF736E08AAAD55.d.2B7D6CB7DF5604DD09948C7AA9F08829.e.9876","ELEMENT":"f.7175ED2F8B48EB9387EF736E08AAAD55.d.2B7D6CB7DF5604DD09948C7AA9F08829.e.9876"}]}
COMMAND: POST /session/39d2630e55d6b41de19dafc672cf7ebc/element/f.7175ED2F8B48EB9387EF736E08AAAD55.d.2B7D6CB7DF5604DD09948C7AA9F08829.e.9876/click - {}
COMMAND: GET /session/39d2630e55d6b41de19dafc672cf7ebc/screenshot - {}
RESULT: {}
RESULT: {}
COMMAND: GET /session/39d2630e55d6b41de19dafc672cf7ebc/screenshot - {}
RESULT: {}
RESULT: {}
COMMAND: POST /session/39d2630e55d6b41de19dafc672cf7ebc/element - {"using":"xpath","value":"(//span[contains(text(), \"Additional Addresses\")])[2]"}
RESULT: {"using":"xpath","value":"(//span[contains(text(), \"Additional Addresses\")])[2]"}
COMMAND: POST /session/39d2630e55d6b41de19dafc672cf7ebc/element/f.7175ED2F8B48EB9387EF736E08AAAD55.d.2B7D6CB7DF5604DD09948C7AA9F08829.e.9935/click - {}
RESULT: {}
COMMAND: GET /session/39d2630e55d6b41de19dafc672cf7ebc/screenshot - {}
RESULT: {}
COMMAND: POST /session/39d2630e55d6b41de19dafc672cf7ebc/element - {"using":"xpath","value":"//button[@data-kt=\"btnAddTableRowOverflowToolbarButton\"]"}
RESULT: {"using":"xpath","value":"//button[@data-kt=\"btnAddTableRowOverflowToolbarButton\"]"}
COMMAND: POST /session/39d2630e55d6b41de19dafc672cf7ebc/element/f.7175ED2F8B48EB9387EF736E08AAAD55.d.2B7D6CB7DF5604DD09948C7AA9F08829.e.9937/click - {}
RESULT: {}
COMMAND: GET /session/39d2630e55d6b41de19dafc672cf7ebc/screenshot - {}
RESULT: {}
COMMAND: POST /session/39d2630e55d6b41de19dafc672cf7ebc/element - {"using":"xpath","value":"//div[(text() = 'Standard Entry' or . = 'Standard Entry')]"}
RESULT: {"using":"xpath","value":"//div[(text() = 'Standard Entry' or . = 'Standard Entry')]"}
COMMAND: POST /session/39d2630e55d6b41de19dafc672cf7ebc/element/f.7175ED2F8B48EB9387EF736E08AAAD55.d.2B7D6CB7DF5604DD09948C7AA9F08829.e.9939/click - {}
RESULT: {}
COMMAND: POST /session/39d2630e55d6b41de19dafc672cf7ebc/element - {"using":"xpath","value":"//button[@data-kt=\"btnAddTableRowOverflowToolbarButton\"]"}
COMMAND: GET /session/39d2630e55d6b41de19dafc672cf7ebc/screenshot - {}
RESULT: {"using":"xpath","value":"//button[@data-kt=\"btnAddTableRowOverflowToolbarButton\"]"}
COMMAND: POST /session/39d2630e55d6b41de19dafc672cf7ebc/element/f.7175ED2F8B48EB9387EF736E08AAAD55.d.2B7D6CB7DF5604DD09948C7AA9F08829.e.9937/click - {}
RESULT: {}
RESULT: {}
COMMAND: GET /session/39d2630e55d6b41de19dafc672cf7ebc/screenshot - {}
RESULT: {}
COMMAND: POST /session/39d2630e55d6b41de19dafc672cf7ebc/element - {"using":"xpath","value":"//div[(text() = 'Standard Entry' or . = 'Standard Entry')]"}
RESULT: {"using":"xpath","value":"//div[(text() = 'Standard Entry' or . = 'Standard Entry')]"}
COMMAND: POST /session/39d2630e55d6b41de19dafc672cf7ebc/element/f.7175ED2F8B48EB9387EF736E08AAAD55.d.2B7D6CB7DF5604DD09948C7AA9F08829.e.9951/click - {}
RESULT: {}
COMMAND: POST /session/39d2630e55d6b41de19dafc672cf7ebc/element - {"using":"xpath","value":"(//td[6]/div/div/input)[1]"}
COMMAND: GET /session/39d2630e55d6b41de19dafc672cf7ebc/screenshot - {}
RESULT: {"using":"xpath","value":"(//td[6]/div/div/input)[1]"}
COMMAND: POST /session/39d2630e55d6b41de19dafc672cf7ebc/element/f.7175ED2F8B48EB9387EF736E08AAAD55.d.2B7D6CB7DF5604DD09948C7AA9F08829.e.9953/click - {}
RESULT: {}
RESULT: {}
COMMAND: POST /session/39d2630e55d6b41de19dafc672cf7ebc/actions - {"actions":[{"id":"action48","type":"key","parameters":{},"actions":[{"type":"keyDown","value":"î€ƒ"},{"type":"pause","duration":10},{"type":"keyUp","value":"î€ƒ"}]}]}
COMMAND: GET /session/39d2630e55d6b41de19dafc672cf7ebc/screenshot - {}
RESULT: {"actions":[{"id":"action48","type":"key","parameters":{},"actions":[{"type":"keyDown","value":"î€ƒ"},{"type":"pause","duration":10},{"type":"keyUp","value":"î€ƒ"}]}]}
COMMAND: POST /session/39d2630e55d6b41de19dafc672cf7ebc/element - {"using":"xpath","value":"(//td[6]/div/div/input)[1]"}
COMMAND: GET /session/39d2630e55d6b41de19dafc672cf7ebc/screenshot - {}
RESULT: {}
RESULT: {"using":"xpath","value":"(//td[6]/div/div/input)[1]"}
COMMAND: POST /session/39d2630e55d6b41de19dafc672cf7ebc/element/f.7175ED2F8B48EB9387EF736E08AAAD55.d.2B7D6CB7DF5604DD09948C7AA9F08829.e.9953/clear - {}
RESULT: {}
RESULT: {}
COMMAND: POST /session/39d2630e55d6b41de19dafc672cf7ebc/element/f.7175ED2F8B48EB9387EF736E08AAAD55.d.2B7D6CB7DF5604DD09948C7AA9F08829.e.9953/value - {"text":"Service Unit"}
COMMAND: GET /session/39d2630e55d6b41de19dafc672cf7ebc/screenshot - {}
RESULT: {"text":"Service Unit"}
COMMAND: GET /session/39d2630e55d6b41de19dafc672cf7ebc/screenshot - {}
RESULT: {}
RESULT: {}
COMMAND: POST /session/39d2630e55d6b41de19dafc672cf7ebc/actions - {"actions":[{"id":"action49","type":"key","parameters":{},"actions":[{"type":"keyDown","value":"î€‡"},{"type":"pause","duration":10},{"type":"keyUp","value":"î€‡"}]}]}
RESULT: {"actions":[{"id":"action49","type":"key","parameters":{},"actions":[{"type":"keyDown","value":"î€‡"},{"type":"pause","duration":10},{"type":"keyUp","value":"î€‡"}]}]}
COMMAND: GET /session/39d2630e55d6b41de19dafc672cf7ebc/screenshot - {}
RESULT: {}
COMMAND: POST /session/39d2630e55d6b41de19dafc672cf7ebc/actions - {"actions":[{"id":"action50","type":"key","parameters":{},"actions":[{"type":"keyDown","value":"î€‡"},{"type":"pause","duration":10},{"type":"keyUp","value":"î€‡"}]}]}
RESULT: {"actions":[{"id":"action50","type":"key","parameters":{},"actions":[{"type":"keyDown","value":"î€‡"},{"type":"pause","duration":10},{"type":"keyUp","value":"î€‡"}]}]}
COMMAND: POST /session/39d2630e55d6b41de19dafc672cf7ebc/element - {"using":"xpath","value":"(//td[7]/div/div/input)[1]"}
COMMAND: GET /session/39d2630e55d6b41de19dafc672cf7ebc/screenshot - {}
RESULT: {"using":"xpath","value":"(//td[7]/div/div/input)[1]"}
COMMAND: POST /session/39d2630e55d6b41de19dafc672cf7ebc/element/f.7175ED2F8B48EB9387EF736E08AAAD55.d.2B7D6CB7DF5604DD09948C7AA9F08829.e.9969/clear - {}
RESULT: {}
RESULT: {}
COMMAND: POST /session/39d2630e55d6b41de19dafc672cf7ebc/element/f.7175ED2F8B48EB9387EF736E08AAAD55.d.2B7D6CB7DF5604DD09948C7AA9F08829.e.9969/value - {"text":"1000001"}
COMMAND: GET /session/39d2630e55d6b41de19dafc672cf7ebc/screenshot - {}
RESULT: {"text":"1000001"}
COMMAND: GET /session/39d2630e55d6b41de19dafc672cf7ebc/screenshot - {}
RESULT: {}
RESULT: {}
COMMAND: POST /session/39d2630e55d6b41de19dafc672cf7ebc/actions - {"actions":[{"id":"action51","type":"key","parameters":{},"actions":[{"type":"keyDown","value":"î€‡"},{"type":"pause","duration":10},{"type":"keyUp","value":"î€‡"}]}]}
RESULT: {"actions":[{"id":"action51","type":"key","parameters":{},"actions":[{"type":"keyDown","value":"î€‡"},{"type":"pause","duration":10},{"type":"keyUp","value":"î€‡"}]}]}
COMMAND: GET /session/39d2630e55d6b41de19dafc672cf7ebc/screenshot - {}
RESULT: {}
COMMAND: POST /session/39d2630e55d6b41de19dafc672cf7ebc/actions - {"actions":[{"id":"action52","type":"key","parameters":{},"actions":[{"type":"keyDown","value":"î€‡"},{"type":"pause","duration":10},{"type":"keyUp","value":"î€‡"}]}]}
RESULT: {"actions":[{"id":"action52","type":"key","parameters":{},"actions":[{"type":"keyDown","value":"î€‡"},{"type":"pause","duration":10},{"type":"keyUp","value":"î€‡"}]}]}
COMMAND: GET /session/39d2630e55d6b41de19dafc672cf7ebc/screenshot - {}
RESULT: {}
COMMAND: POST /session/39d2630e55d6b41de19dafc672cf7ebc/element - {"using":"xpath","value":"(//td[6]/div/div/input)[2]"}
RESULT: {"using":"xpath","value":"(//td[6]/div/div/input)[2]"}
COMMAND: POST /session/39d2630e55d6b41de19dafc672cf7ebc/element/f.7175ED2F8B48EB9387EF736E08AAAD55.d.2B7D6CB7DF5604DD09948C7AA9F08829.e.9941/click - {}
RESULT: {}
COMMAND: POST /session/39d2630e55d6b41de19dafc672cf7ebc/actions - {"actions":[{"id":"action53","type":"key","parameters":{},"actions":[{"type":"keyDown","value":"î€ƒ"},{"type":"pause","duration":10},{"type":"keyUp","value":"î€ƒ"}]}]}
COMMAND: GET /session/39d2630e55d6b41de19dafc672cf7ebc/screenshot - {}
RESULT: {"actions":[{"id":"action53","type":"key","parameters":{},"actions":[{"type":"keyDown","value":"î€ƒ"},{"type":"pause","duration":10},{"type":"keyUp","value":"î€ƒ"}]}]}
COMMAND: POST /session/39d2630e55d6b41de19dafc672cf7ebc/element - {"using":"xpath","value":"(//td[6]/div/div/input)[2]"}
COMMAND: GET /session/39d2630e55d6b41de19dafc672cf7ebc/screenshot - {}
RESULT: {}
RESULT: {}
RESULT: {"using":"xpath","value":"(//td[6]/div/div/input)[2]"}
COMMAND: POST /session/39d2630e55d6b41de19dafc672cf7ebc/element/f.7175ED2F8B48EB9387EF736E08AAAD55.d.2B7D6CB7DF5604DD09948C7AA9F08829.e.9941/clear - {}
RESULT: {}
COMMAND: POST /session/39d2630e55d6b41de19dafc672cf7ebc/element/f.7175ED2F8B48EB9387EF736E08AAAD55.d.2B7D6CB7DF5604DD09948C7AA9F08829.e.9941/value - {"text":"Service Unit Group"}
COMMAND: GET /session/39d2630e55d6b41de19dafc672cf7ebc/screenshot - {}
RESULT: {"text":"Service Unit Group"}
COMMAND: GET /session/39d2630e55d6b41de19dafc672cf7ebc/screenshot - {}
RESULT: {}
RESULT: {}
COMMAND: POST /session/39d2630e55d6b41de19dafc672cf7ebc/actions - {"actions":[{"id":"action54","type":"key","parameters":{},"actions":[{"type":"keyDown","value":"î€‡"},{"type":"pause","duration":10},{"type":"keyUp","value":"î€‡"}]}]}
RESULT: {"actions":[{"id":"action54","type":"key","parameters":{},"actions":[{"type":"keyDown","value":"î€‡"},{"type":"pause","duration":10},{"type":"keyUp","value":"î€‡"}]}]}
COMMAND: GET /session/39d2630e55d6b41de19dafc672cf7ebc/screenshot - {}
RESULT: {}
COMMAND: POST /session/39d2630e55d6b41de19dafc672cf7ebc/actions - {"actions":[{"id":"action55","type":"key","parameters":{},"actions":[{"type":"keyDown","value":"î€‡"},{"type":"pause","duration":10},{"type":"keyUp","value":"î€‡"}]}]}
RESULT: {"actions":[{"id":"action55","type":"key","parameters":{},"actions":[{"type":"keyDown","value":"î€‡"},{"type":"pause","duration":10},{"type":"keyUp","value":"î€‡"}]}]}
COMMAND: POST /session/39d2630e55d6b41de19dafc672cf7ebc/element - {"using":"xpath","value":"(//td[7]/div/div/input)[2]"}
COMMAND: GET /session/39d2630e55d6b41de19dafc672cf7ebc/screenshot - {}
RESULT: {"using":"xpath","value":"(//td[7]/div/div/input)[2]"}
COMMAND: POST /session/39d2630e55d6b41de19dafc672cf7ebc/element/f.7175ED2F8B48EB9387EF736E08AAAD55.d.2B7D6CB7DF5604DD09948C7AA9F08829.e.9998/clear - {}
RESULT: {}
RESULT: {}
COMMAND: POST /session/39d2630e55d6b41de19dafc672cf7ebc/element/f.7175ED2F8B48EB9387EF736E08AAAD55.d.2B7D6CB7DF5604DD09948C7AA9F08829.e.9998/value - {"text":"1100001"}
COMMAND: GET /session/39d2630e55d6b41de19dafc672cf7ebc/screenshot - {}
RESULT: {"text":"1100001"}
COMMAND: GET /session/39d2630e55d6b41de19dafc672cf7ebc/screenshot - {}
RESULT: {}
RESULT: {}
COMMAND: POST /session/39d2630e55d6b41de19dafc672cf7ebc/actions - {"actions":[{"id":"action56","type":"key","parameters":{},"actions":[{"type":"keyDown","value":"î€‡"},{"type":"pause","duration":10},{"type":"keyUp","value":"î€‡"}]}]}
RESULT: {"actions":[{"id":"action56","type":"key","parameters":{},"actions":[{"type":"keyDown","value":"î€‡"},{"type":"pause","duration":10},{"type":"keyUp","value":"î€‡"}]}]}
COMMAND: GET /session/39d2630e55d6b41de19dafc672cf7ebc/screenshot - {}
RESULT: {}
COMMAND: POST /session/39d2630e55d6b41de19dafc672cf7ebc/actions - {"actions":[{"id":"action57","type":"key","parameters":{},"actions":[{"type":"keyDown","value":"î€‡"},{"type":"pause","duration":10},{"type":"keyUp","value":"î€‡"}]}]}
RESULT: {"actions":[{"id":"action57","type":"key","parameters":{},"actions":[{"type":"keyDown","value":"î€‡"},{"type":"pause","duration":10},{"type":"keyUp","value":"î€‡"}]}]}
COMMAND: GET /session/39d2630e55d6b41de19dafc672cf7ebc/screenshot - {}
RESULT: {}
COMMAND: POST /session/39d2630e55d6b41de19dafc672cf7ebc/element - {"using":"xpath","value":"(//button[@data-kt=\"saveButton\"])[2]"}
RESULT: {"using":"xpath","value":"(//button[@data-kt=\"saveButton\"])[2]"}
COMMAND: POST /session/39d2630e55d6b41de19dafc672cf7ebc/element/f.7175ED2F8B48EB9387EF736E08AAAD55.d.2B7D6CB7DF5604DD09948C7AA9F08829.e.10022/click - {}
RESULT: {}
COMMAND: GET /session/39d2630e55d6b41de19dafc672cf7ebc/screenshot - {}
RESULT: {}
COMMAND: POST /session/39d2630e55d6b41de19dafc672cf7ebc/element - {"using":"xpath","value":"(//span[contains(text(), \"Additional Addresses\")])[1]"}
RESULT: {"using":"xpath","value":"(//span[contains(text(), \"Additional Addresses\")])[1]"}
COMMAND: POST /session/39d2630e55d6b41de19dafc672cf7ebc/element/f.7175ED2F8B48EB9387EF736E08AAAD55.d.2B7D6CB7DF5604DD09948C7AA9F08829.e.10025/click - {}
RESULT: {}
COMMAND: GET /session/39d2630e55d6b41de19dafc672cf7ebc/screenshot - {}
RESULT: {}
COMMAND: POST /session/39d2630e55d6b41de19dafc672cf7ebc/execute/async - {"script":"<script> [1562 bytes]","args":[{"selector":{"controlType":"sap.m.Title","viewName":"etm.portal.ui.managecontracts.view.Detail","properties":{"text":"Contract Items (2)"}},"wdio_ui5_key":"etmportal.ui.managecontracts.view.Detailsap.m.Title{\"text\":\"Contract Items (2)\"}"}]}
RESULT: {"script":"<script> [1562 bytes]","args":[{"selector":{"controlType":"sap.m.Title","viewName":"etm.portal.ui.managecontracts.view.Detail","properties":{"text":"Contract Items (2)"}},"wdio_ui5_key":"etmportal.ui.managecontracts.view.Detailsap.m.Title{\"text\":\"Contract Items (2)\"}"}]}
RESULT: undefined
COMMAND: POST /session/39d2630e55d6b41de19dafc672cf7ebc/execute/async - {"script":"<script> [6424 bytes]","args":[{"element-6066-11e4-a52e-4f735466cecf":"f.7175ED2F8B48EB9387EF736E08AAAD55.d.2B7D6CB7DF5604DD09948C7AA9F08829.e.10027"},"getText",[]]}
RESULT: {"script":"<script> [6424 bytes]","args":[{"element-6066-11e4-a52e-4f735466cecf":"f.7175ED2F8B48EB9387EF736E08AAAD55.d.2B7D6CB7DF5604DD09948C7AA9F08829.e.10027"},"getText",[]]}
COMMAND: POST /session/39d2630e55d6b41de19dafc672cf7ebc/element - {"using":"xpath","value":"(//span[contains(@class ,\"sapMObjStatusText\")])[1]"}
RESULT: {"using":"xpath","value":"(//span[contains(@class ,\"sapMObjStatusText\")])[1]"}
COMMAND: GET /session/39d2630e55d6b41de19dafc672cf7ebc/element/f.7175ED2F8B48EB9387EF736E08AAAD55.d.2B7D6CB7DF5604DD09948C7AA9F08829.e.10028/text - {}
RESULT: {}
COMMAND: POST /session/39d2630e55d6b41de19dafc672cf7ebc/element - {"using":"xpath","value":"(//span[contains(@class ,\"sapMObjStatusText\")])[4]"}
RESULT: {"using":"xpath","value":"(//span[contains(@class ,\"sapMObjStatusText\")])[4]"}
COMMAND: GET /session/39d2630e55d6b41de19dafc672cf7ebc/element/f.7175ED2F8B48EB9387EF736E08AAAD55.d.2B7D6CB7DF5604DD09948C7AA9F08829.e.10029/text - {}
RESULT: {}
COMMAND: POST /session/39d2630e55d6b41de19dafc672cf7ebc/element - {"using":"css selector","value":"#shell-header-logo"}
RESULT: {"using":"css selector","value":"#shell-header-logo"}
COMMAND: POST /session/39d2630e55d6b41de19dafc672cf7ebc/element/f.7175ED2F8B48EB9387EF736E08AAAD55.d.2B7D6CB7DF5604DD09948C7AA9F08829.e.9459/click - {}
RESULT: {}
COMMAND: GET /session/39d2630e55d6b41de19dafc672cf7ebc/screenshot - {}
RESULT: {}
]]></system-out>
    </testcase>
  </testsuite>
  <testsuite timestamp="2025-04-30T06:01:01" time="136.37" tests="2" failures="0" errors="0" skipped="0">
    <properties>
      <property name="specId" value="0" />
      <property name="suiteName" value="Reduced contract US151275" />
      <property name="capabilities" value="chrome.135_0_7049_96.windows" />
      <property name="file" value="file:///D:/a/1/s/test/specs/R2C/reduced-contract-creation.spec.js" />
    </properties>
    <testcase classname="chrome.135_0_7049_96.windows.Reduced_contract_US151275" name="Should create a new reduced contract" time="86.533">
      <system-out><![CDATA[
RESULT: undefined
COMMAND: POST /session/39d2630e55d6b41de19dafc672cf7ebc/element - {"using":"xpath","value":"//*[@id=\"__tile130\"]"}
RESULT: {"using":"xpath","value":"//*[@id=\"__tile130\"]"}
COMMAND: POST /session/39d2630e55d6b41de19dafc672cf7ebc/element/f.7175ED2F8B48EB9387EF736E08AAAD55.d.2B7D6CB7DF5604DD09948C7AA9F08829.e.9089/click - {}
RESULT: {}
COMMAND: GET /session/39d2630e55d6b41de19dafc672cf7ebc/screenshot - {}
RESULT: {}
COMMAND: POST /session/39d2630e55d6b41de19dafc672cf7ebc/element - {"using":"xpath","value":"//button[@data-kt=\"addButton\"]"}
RESULT: {"using":"xpath","value":"//button[@data-kt=\"addButton\"]"}
COMMAND: POST /session/39d2630e55d6b41de19dafc672cf7ebc/element/f.7175ED2F8B48EB9387EF736E08AAAD55.d.2B7D6CB7DF5604DD09948C7AA9F08829.e.10100/click - {}
RESULT: {}
COMMAND: GET /session/39d2630e55d6b41de19dafc672cf7ebc/screenshot - {}
RESULT: {}
COMMAND: POST /session/39d2630e55d6b41de19dafc672cf7ebc/execute/async - {"script":"<script> [1562 bytes]","args":[{"selector":{"id":"application-managecontracts-display-component---AddNewContract--contractType","interaction":{"idSuffix":"arrow"}},"wdio_ui5_key":"applicationmanagecontracts-display-component---AddNewContract--contractType"}]}
RESULT: {"script":"<script> [1562 bytes]","args":[{"selector":{"id":"application-managecontracts-display-component---AddNewContract--contractType","interaction":{"idSuffix":"arrow"}},"wdio_ui5_key":"applicationmanagecontracts-display-component---AddNewContract--contractType"}]}
RESULT: undefined
COMMAND: POST /session/39d2630e55d6b41de19dafc672cf7ebc/element - {"using":"xpath","value":"//*[@id=\"application-managecontracts-display-component---AddNewContract--contractType\"]"}
RESULT: {"using":"xpath","value":"//*[@id=\"application-managecontracts-display-component---AddNewContract--contractType\"]"}
COMMAND: POST /session/39d2630e55d6b41de19dafc672cf7ebc/element/f.7175ED2F8B48EB9387EF736E08AAAD55.d.2B7D6CB7DF5604DD09948C7AA9F08829.e.10380/click - {}
RESULT: {}
COMMAND: GET /session/39d2630e55d6b41de19dafc672cf7ebc/screenshot - {}
RESULT: {}
COMMAND: POST /session/39d2630e55d6b41de19dafc672cf7ebc/execute/async - {"script":"<script> [1562 bytes]","args":[{"selector":{"controlType":"sap.ui.core.Item","viewName":"etm.portal.ui.managecontracts.view.AddNewContract","viewId":"application-managecontracts-display-component---AddNewContract","bindingPath":{"path":"/ContractTypes('02')","propertyPath":"ID","modelName":"catalogModel"},"searchOpenDialogs":true},"wdio_ui5_key":"etmportal.ui.managecontracts.view.AddNewContractsap.ui.core.Item{\"path\":\"/ContractTypes('02')\",\"propertyPath\":\"ID\",\"modelName\":\"catalogModel\"}"}]}
RESULT: {"script":"<script> [1562 bytes]","args":[{"selector":{"controlType":"sap.ui.core.Item","viewName":"etm.portal.ui.managecontracts.view.AddNewContract","viewId":"application-managecontracts-display-component---AddNewContract","bindingPath":{"path":"/ContractTypes('02')","propertyPath":"ID","modelName":"catalogModel"},"searchOpenDialogs":true},"wdio_ui5_key":"etmportal.ui.managecontracts.view.AddNewContractsap.ui.core.Item{\"path\":\"/ContractTypes('02')\",\"propertyPath\":\"ID\",\"modelName\":\"catalogModel\"}"}]}
RESULT: undefined
COMMAND: POST /session/39d2630e55d6b41de19dafc672cf7ebc/element - {"using":"xpath","value":"//*[@id=\"__item1508-application-managecontracts-display-component---AddNewContract--contractType-1\"]"}
RESULT: {"using":"xpath","value":"//*[@id=\"__item1508-application-managecontracts-display-component---AddNewContract--contractType-1\"]"}
COMMAND: POST /session/39d2630e55d6b41de19dafc672cf7ebc/element/f.7175ED2F8B48EB9387EF736E08AAAD55.d.2B7D6CB7DF5604DD09948C7AA9F08829.e.10381/click - {}
RESULT: {}
COMMAND: GET /session/39d2630e55d6b41de19dafc672cf7ebc/screenshot - {}
RESULT: {}
RESULT: undefined
COMMAND: POST /session/39d2630e55d6b41de19dafc672cf7ebc/execute/async - {"script":"<script> [776 bytes]","args":[{"enterText":"WdIOReducedv7xgoh","selector":{"id":"application-managecontracts-display-component---AddNewContract--projectDescription","interaction":{"idSuffix":"inner"}},"clearTextFirst":true,"interactionType":"ENTER_TEXT"}]}
RESULT: {"script":"<script> [776 bytes]","args":[{"enterText":"WdIOReducedv7xgoh","selector":{"id":"application-managecontracts-display-component---AddNewContract--projectDescription","interaction":{"idSuffix":"inner"}},"clearTextFirst":true,"interactionType":"ENTER_TEXT"}]}
COMMAND: POST /session/39d2630e55d6b41de19dafc672cf7ebc/element - {"using":"xpath","value":"//input[@id=\"application-managecontracts-display-component---AddNewContract--yardId-inner\"]"}
RESULT: {"using":"xpath","value":"//input[@id=\"application-managecontracts-display-component---AddNewContract--yardId-inner\"]"}
COMMAND: POST /session/39d2630e55d6b41de19dafc672cf7ebc/element/f.7175ED2F8B48EB9387EF736E08AAAD55.d.2B7D6CB7DF5604DD09948C7AA9F08829.e.10360/clear - {}
RESULT: {}
COMMAND: POST /session/39d2630e55d6b41de19dafc672cf7ebc/element/f.7175ED2F8B48EB9387EF736E08AAAD55.d.2B7D6CB7DF5604DD09948C7AA9F08829.e.10360/value - {"text":"WebdriverYardkro46"}
COMMAND: GET /session/39d2630e55d6b41de19dafc672cf7ebc/screenshot - {}
RESULT: {"text":"WebdriverYardkro46"}
COMMAND: GET /session/39d2630e55d6b41de19dafc672cf7ebc/screenshot - {}
RESULT: {}
RESULT: {}
COMMAND: POST /session/39d2630e55d6b41de19dafc672cf7ebc/actions - {"actions":[{"id":"action58","type":"key","parameters":{},"actions":[{"type":"keyDown","value":"î€‡"},{"type":"pause","duration":10},{"type":"keyUp","value":"î€‡"}]}]}
RESULT: {"actions":[{"id":"action58","type":"key","parameters":{},"actions":[{"type":"keyDown","value":"î€‡"},{"type":"pause","duration":10},{"type":"keyUp","value":"î€‡"}]}]}
COMMAND: GET /session/39d2630e55d6b41de19dafc672cf7ebc/screenshot - {}
RESULT: {}
COMMAND: POST /session/39d2630e55d6b41de19dafc672cf7ebc/element - {"using":"xpath","value":"//input[@id=\"application-managecontracts-display-component---AddNewContract--customerSelect-inner\"]"}
RESULT: {"using":"xpath","value":"//input[@id=\"application-managecontracts-display-component---AddNewContract--customerSelect-inner\"]"}
COMMAND: POST /session/39d2630e55d6b41de19dafc672cf7ebc/element/f.7175ED2F8B48EB9387EF736E08AAAD55.d.2B7D6CB7DF5604DD09948C7AA9F08829.e.10358/clear - {}
RESULT: {}
COMMAND: POST /session/39d2630e55d6b41de19dafc672cf7ebc/element/f.7175ED2F8B48EB9387EF736E08AAAD55.d.2B7D6CB7DF5604DD09948C7AA9F08829.e.10358/value - {"text":"WebdriverPartnern8pbd"}
COMMAND: GET /session/39d2630e55d6b41de19dafc672cf7ebc/screenshot - {}
RESULT: {"text":"WebdriverPartnern8pbd"}
COMMAND: GET /session/39d2630e55d6b41de19dafc672cf7ebc/screenshot - {}
RESULT: {}
RESULT: {}
COMMAND: POST /session/39d2630e55d6b41de19dafc672cf7ebc/actions - {"actions":[{"id":"action59","type":"key","parameters":{},"actions":[{"type":"keyDown","value":"î€‡"},{"type":"pause","duration":10},{"type":"keyUp","value":"î€‡"}]}]}
RESULT: {"actions":[{"id":"action59","type":"key","parameters":{},"actions":[{"type":"keyDown","value":"î€‡"},{"type":"pause","duration":10},{"type":"keyUp","value":"î€‡"}]}]}
COMMAND: GET /session/39d2630e55d6b41de19dafc672cf7ebc/screenshot - {}
RESULT: {}
COMMAND: POST /session/39d2630e55d6b41de19dafc672cf7ebc/execute/async - {"script":"<script> [1562 bytes]","args":[{"selector":{"id":"application-managecontracts-display-component---AddNewContract--calendarInput-arrow"},"wdio_ui5_key":"applicationmanagecontracts-display-component---AddNewContract--calendarInput-arrow"}]}
RESULT: {"script":"<script> [1562 bytes]","args":[{"selector":{"id":"application-managecontracts-display-component---AddNewContract--calendarInput-arrow"},"wdio_ui5_key":"applicationmanagecontracts-display-component---AddNewContract--calendarInput-arrow"}]}
RESULT: undefined
COMMAND: POST /session/39d2630e55d6b41de19dafc672cf7ebc/element - {"using":"xpath","value":"//*[@id=\"application-managecontracts-display-component---AddNewContract--calendarInput-arrow\"]"}
RESULT: {"using":"xpath","value":"//*[@id=\"application-managecontracts-display-component---AddNewContract--calendarInput-arrow\"]"}
COMMAND: POST /session/39d2630e55d6b41de19dafc672cf7ebc/element/f.7175ED2F8B48EB9387EF736E08AAAD55.d.2B7D6CB7DF5604DD09948C7AA9F08829.e.10385/click - {}
RESULT: {}
COMMAND: GET /session/39d2630e55d6b41de19dafc672cf7ebc/screenshot - {}
RESULT: {}
COMMAND: POST /session/39d2630e55d6b41de19dafc672cf7ebc/execute/async - {"script":"<script> [1562 bytes]","args":[{"selector":{"controlType":"sap.m.StandardListItem","viewName":"etm.portal.ui.managecontracts.view.AddNewContract","viewId":"application-managecontracts-display-component---AddNewContract","properties":{"title":"1 - Calendar unit test patch"},"searchOpenDialogs":true,"interaction":{"idSuffix":"titleText"}},"wdio_ui5_key":"etmportal.ui.managecontracts.view.AddNewContractsap.m.StandardListItem{\"title\":\"1 - Calendar unit test patch\"}"}]}
RESULT: {"script":"<script> [1562 bytes]","args":[{"selector":{"controlType":"sap.m.StandardListItem","viewName":"etm.portal.ui.managecontracts.view.AddNewContract","viewId":"application-managecontracts-display-component---AddNewContract","properties":{"title":"1 - Calendar unit test patch"},"searchOpenDialogs":true,"interaction":{"idSuffix":"titleText"}},"wdio_ui5_key":"etmportal.ui.managecontracts.view.AddNewContractsap.m.StandardListItem{\"title\":\"1 - Calendar unit test patch\"}"}]}
RESULT: undefined
COMMAND: POST /session/39d2630e55d6b41de19dafc672cf7ebc/element - {"using":"xpath","value":"//*[@id=\"__item2136\"]"}
RESULT: {"using":"xpath","value":"//*[@id=\"__item2136\"]"}
COMMAND: POST /session/39d2630e55d6b41de19dafc672cf7ebc/element/f.7175ED2F8B48EB9387EF736E08AAAD55.d.2B7D6CB7DF5604DD09948C7AA9F08829.e.10387/click - {}
RESULT: {}
COMMAND: GET /session/39d2630e55d6b41de19dafc672cf7ebc/screenshot - {}
RESULT: {}
COMMAND: POST /session/39d2630e55d6b41de19dafc672cf7ebc/execute/async - {"script":"<script> [1562 bytes]","args":[{"selector":{"id":"application-managecontracts-display-component---AddNewContract--streetInput","interaction":{"idSuffix":"inner"}},"wdio_ui5_key":"applicationmanagecontracts-display-component---AddNewContract--streetInput"}]}
RESULT: {"script":"<script> [1562 bytes]","args":[{"selector":{"id":"application-managecontracts-display-component---AddNewContract--streetInput","interaction":{"idSuffix":"inner"}},"wdio_ui5_key":"applicationmanagecontracts-display-component---AddNewContract--streetInput"}]}
RESULT: undefined
COMMAND: POST /session/39d2630e55d6b41de19dafc672cf7ebc/execute/async - {"script":"<script> [776 bytes]","args":[{"enterText":"StreetWdIO","selector":{"id":"application-managecontracts-display-component---AddNewContract--streetInput","interaction":{"idSuffix":"inner"}},"clearTextFirst":true,"interactionType":"ENTER_TEXT"}]}
RESULT: {"script":"<script> [776 bytes]","args":[{"enterText":"StreetWdIO","selector":{"id":"application-managecontracts-display-component---AddNewContract--streetInput","interaction":{"idSuffix":"inner"}},"clearTextFirst":true,"interactionType":"ENTER_TEXT"}]}
COMMAND: POST /session/39d2630e55d6b41de19dafc672cf7ebc/execute/async - {"script":"<script> [1562 bytes]","args":[{"selector":{"id":"application-managecontracts-display-component---AddNewContract--numberInput","interaction":{"idSuffix":"inner"}},"wdio_ui5_key":"applicationmanagecontracts-display-component---AddNewContract--numberInput"}]}
RESULT: {"script":"<script> [1562 bytes]","args":[{"selector":{"id":"application-managecontracts-display-component---AddNewContract--numberInput","interaction":{"idSuffix":"inner"}},"wdio_ui5_key":"applicationmanagecontracts-display-component---AddNewContract--numberInput"}]}
RESULT: undefined
COMMAND: POST /session/39d2630e55d6b41de19dafc672cf7ebc/execute/async - {"script":"<script> [776 bytes]","args":[{"enterText":"3","selector":{"id":"application-managecontracts-display-component---AddNewContract--numberInput","interaction":{"idSuffix":"inner"}},"clearTextFirst":true,"interactionType":"ENTER_TEXT"}]}
RESULT: {"script":"<script> [776 bytes]","args":[{"enterText":"3","selector":{"id":"application-managecontracts-display-component---AddNewContract--numberInput","interaction":{"idSuffix":"inner"}},"clearTextFirst":true,"interactionType":"ENTER_TEXT"}]}
COMMAND: POST /session/39d2630e55d6b41de19dafc672cf7ebc/execute/async - {"script":"<script> [1562 bytes]","args":[{"selector":{"id":"application-managecontracts-display-component---AddNewContract--cityInput","interaction":{"idSuffix":"inner"}},"wdio_ui5_key":"applicationmanagecontracts-display-component---AddNewContract--cityInput"}]}
RESULT: {"script":"<script> [1562 bytes]","args":[{"selector":{"id":"application-managecontracts-display-component---AddNewContract--cityInput","interaction":{"idSuffix":"inner"}},"wdio_ui5_key":"applicationmanagecontracts-display-component---AddNewContract--cityInput"}]}
RESULT: undefined
COMMAND: POST /session/39d2630e55d6b41de19dafc672cf7ebc/execute/async - {"script":"<script> [776 bytes]","args":[{"enterText":"Bucharest","selector":{"id":"application-managecontracts-display-component---AddNewContract--cityInput","interaction":{"idSuffix":"inner"}},"clearTextFirst":true,"interactionType":"ENTER_TEXT"}]}
RESULT: {"script":"<script> [776 bytes]","args":[{"enterText":"Bucharest","selector":{"id":"application-managecontracts-display-component---AddNewContract--cityInput","interaction":{"idSuffix":"inner"}},"clearTextFirst":true,"interactionType":"ENTER_TEXT"}]}
COMMAND: POST /session/39d2630e55d6b41de19dafc672cf7ebc/execute/async - {"script":"<script> [1562 bytes]","args":[{"selector":{"id":"application-managecontracts-display-component---AddNewContract--zipInput","interaction":{"idSuffix":"inner"}},"wdio_ui5_key":"applicationmanagecontracts-display-component---AddNewContract--zipInput"}]}
RESULT: {"script":"<script> [1562 bytes]","args":[{"selector":{"id":"application-managecontracts-display-component---AddNewContract--zipInput","interaction":{"idSuffix":"inner"}},"wdio_ui5_key":"applicationmanagecontracts-display-component---AddNewContract--zipInput"}]}
RESULT: undefined
COMMAND: POST /session/39d2630e55d6b41de19dafc672cf7ebc/execute/async - {"script":"<script> [776 bytes]","args":[{"enterText":"021210","selector":{"id":"application-managecontracts-display-component---AddNewContract--zipInput","interaction":{"idSuffix":"inner"}},"clearTextFirst":true,"interactionType":"ENTER_TEXT"}]}
RESULT: {"script":"<script> [776 bytes]","args":[{"enterText":"021210","selector":{"id":"application-managecontracts-display-component---AddNewContract--zipInput","interaction":{"idSuffix":"inner"}},"clearTextFirst":true,"interactionType":"ENTER_TEXT"}]}
COMMAND: POST /session/39d2630e55d6b41de19dafc672cf7ebc/element - {"using":"xpath","value":"//bdi[contains(@id ,\"application-managecontracts-display-component---AddNewContract--saveBtn-BDI-content\")]"}
RESULT: {"using":"xpath","value":"//bdi[contains(@id ,\"application-managecontracts-display-component---AddNewContract--saveBtn-BDI-content\")]"}
COMMAND: POST /session/39d2630e55d6b41de19dafc672cf7ebc/element/f.7175ED2F8B48EB9387EF736E08AAAD55.d.2B7D6CB7DF5604DD09948C7AA9F08829.e.10392/click - {}
RESULT: {}
COMMAND: GET /session/39d2630e55d6b41de19dafc672cf7ebc/screenshot - {}
RESULT: {}
COMMAND: POST /session/39d2630e55d6b41de19dafc672cf7ebc/element - {"using":"xpath","value":"//button[contains(@data-kt ,\"contractDetailEditBtnButton\")]"}
RESULT: {"using":"xpath","value":"//button[contains(@data-kt ,\"contractDetailEditBtnButton\")]"}
COMMAND: POST /session/39d2630e55d6b41de19dafc672cf7ebc/execute/sync - {"script":"<script> [8489 bytes]","args":[{"element-6066-11e4-a52e-4f735466cecf":"f.7175ED2F8B48EB9387EF736E08AAAD55.d.2B7D6CB7DF5604DD09948C7AA9F08829.e.10460","ELEMENT":"f.7175ED2F8B48EB9387EF736E08AAAD55.d.2B7D6CB7DF5604DD09948C7AA9F08829.e.10460"}]}
RESULT: {"script":"<script> [8489 bytes]","args":[{"element-6066-11e4-a52e-4f735466cecf":"f.7175ED2F8B48EB9387EF736E08AAAD55.d.2B7D6CB7DF5604DD09948C7AA9F08829.e.10460","ELEMENT":"f.7175ED2F8B48EB9387EF736E08AAAD55.d.2B7D6CB7DF5604DD09948C7AA9F08829.e.10460"}]}
COMMAND: POST /session/39d2630e55d6b41de19dafc672cf7ebc/execute/sync - {"script":"<script> [8489 bytes]","args":[{"element-6066-11e4-a52e-4f735466cecf":"f.7175ED2F8B48EB9387EF736E08AAAD55.d.2B7D6CB7DF5604DD09948C7AA9F08829.e.10460","ELEMENT":"f.7175ED2F8B48EB9387EF736E08AAAD55.d.2B7D6CB7DF5604DD09948C7AA9F08829.e.10460"}]}
COMMAND: GET /session/39d2630e55d6b41de19dafc672cf7ebc/screenshot - {}
RESULT: {"script":"<script> [8489 bytes]","args":[{"element-6066-11e4-a52e-4f735466cecf":"f.7175ED2F8B48EB9387EF736E08AAAD55.d.2B7D6CB7DF5604DD09948C7AA9F08829.e.10460","ELEMENT":"f.7175ED2F8B48EB9387EF736E08AAAD55.d.2B7D6CB7DF5604DD09948C7AA9F08829.e.10460"}]}
COMMAND: POST /session/39d2630e55d6b41de19dafc672cf7ebc/execute/sync - {"script":"<script> [5351 bytes]","args":[{"element-6066-11e4-a52e-4f735466cecf":"f.7175ED2F8B48EB9387EF736E08AAAD55.d.2B7D6CB7DF5604DD09948C7AA9F08829.e.10460","ELEMENT":"f.7175ED2F8B48EB9387EF736E08AAAD55.d.2B7D6CB7DF5604DD09948C7AA9F08829.e.10460"}]}
COMMAND: GET /session/39d2630e55d6b41de19dafc672cf7ebc/screenshot - {}
RESULT: {}
RESULT: {"script":"<script> [5351 bytes]","args":[{"element-6066-11e4-a52e-4f735466cecf":"f.7175ED2F8B48EB9387EF736E08AAAD55.d.2B7D6CB7DF5604DD09948C7AA9F08829.e.10460","ELEMENT":"f.7175ED2F8B48EB9387EF736E08AAAD55.d.2B7D6CB7DF5604DD09948C7AA9F08829.e.10460"}]}
COMMAND: POST /session/39d2630e55d6b41de19dafc672cf7ebc/execute/async - {"script":"<script> [1562 bytes]","args":[{"selector":{"controlType":"sap.m.Text","viewName":"etm.portal.ui.managecontracts.view.Detail","bindingPath":{"propertyPath":"LINK_TO_C_CONTRACT_TYPES/DESCRIPTION","modelName":"catalogModel"}},"wdio_ui5_key":"etmportal.ui.managecontracts.view.Detailsap.m.Text{\"propertyPath\":\"LINK_TO_C_CONTRACT_TYPES/DESCRIPTION\",\"modelName\":\"catalogModel\"}"}]}
COMMAND: GET /session/39d2630e55d6b41de19dafc672cf7ebc/screenshot - {}
RESULT: {}
RESULT: {"script":"<script> [1562 bytes]","args":[{"selector":{"controlType":"sap.m.Text","viewName":"etm.portal.ui.managecontracts.view.Detail","bindingPath":{"propertyPath":"LINK_TO_C_CONTRACT_TYPES/DESCRIPTION","modelName":"catalogModel"}},"wdio_ui5_key":"etmportal.ui.managecontracts.view.Detailsap.m.Text{\"propertyPath\":\"LINK_TO_C_CONTRACT_TYPES/DESCRIPTION\",\"modelName\":\"catalogModel\"}"}]}
RESULT: undefined
COMMAND: POST /session/39d2630e55d6b41de19dafc672cf7ebc/execute/async - {"script":"<script> [6424 bytes]","args":[{"element-6066-11e4-a52e-4f735466cecf":"f.7175ED2F8B48EB9387EF736E08AAAD55.d.2B7D6CB7DF5604DD09948C7AA9F08829.e.10462"},"getText",[]]}
RESULT: {}
RESULT: {"script":"<script> [6424 bytes]","args":[{"element-6066-11e4-a52e-4f735466cecf":"f.7175ED2F8B48EB9387EF736E08AAAD55.d.2B7D6CB7DF5604DD09948C7AA9F08829.e.10462"},"getText",[]]}
COMMAND: POST /session/39d2630e55d6b41de19dafc672cf7ebc/element/f.7175ED2F8B48EB9387EF736E08AAAD55.d.2B7D6CB7DF5604DD09948C7AA9F08829.e.10460/click - {}
RESULT: {}
COMMAND: GET /session/39d2630e55d6b41de19dafc672cf7ebc/screenshot - {}
RESULT: {}
]]></system-out>
    </testcase>
    <testcase classname="chrome.135_0_7049_96.windows.Reduced_contract_US151275" name="Should add a RU to the contract" time="44.502">
      <system-out><![CDATA[
COMMAND: POST /session/39d2630e55d6b41de19dafc672cf7ebc/element - {"using":"xpath","value":"(//span[contains(text(), \"Header Billing Items\")])[2]"}
RESULT: {"using":"xpath","value":"(//span[contains(text(), \"Header Billing Items\")])[2]"}
COMMAND: POST /session/39d2630e55d6b41de19dafc672cf7ebc/element/f.7175ED2F8B48EB9387EF736E08AAAD55.d.2B7D6CB7DF5604DD09948C7AA9F08829.e.10513/click - {}
RESULT: {}
COMMAND: GET /session/39d2630e55d6b41de19dafc672cf7ebc/screenshot - {}
RESULT: {}
COMMAND: POST /session/39d2630e55d6b41de19dafc672cf7ebc/element - {"using":"xpath","value":"//button[@data-kt=\"btnAddTableRowOverflowToolbarButton\"]"}
RESULT: {"using":"xpath","value":"//button[@data-kt=\"btnAddTableRowOverflowToolbarButton\"]"}
COMMAND: POST /session/39d2630e55d6b41de19dafc672cf7ebc/element/f.7175ED2F8B48EB9387EF736E08AAAD55.d.2B7D6CB7DF5604DD09948C7AA9F08829.e.10516/click - {}
RESULT: {}
COMMAND: GET /session/39d2630e55d6b41de19dafc672cf7ebc/screenshot - {}
RESULT: {}
COMMAND: POST /session/39d2630e55d6b41de19dafc672cf7ebc/element - {"using":"xpath","value":"//div[(text() = 'Standard Entry' or . = 'Standard Entry')]"}
RESULT: {"using":"xpath","value":"//div[(text() = 'Standard Entry' or . = 'Standard Entry')]"}
COMMAND: POST /session/39d2630e55d6b41de19dafc672cf7ebc/element/f.7175ED2F8B48EB9387EF736E08AAAD55.d.2B7D6CB7DF5604DD09948C7AA9F08829.e.10518/click - {}
RESULT: {}
COMMAND: POST /session/39d2630e55d6b41de19dafc672cf7ebc/element - {"using":"xpath","value":"//td[6]/div/div/input[1]"}
COMMAND: GET /session/39d2630e55d6b41de19dafc672cf7ebc/screenshot - {}
RESULT: {"using":"xpath","value":"//td[6]/div/div/input[1]"}
COMMAND: POST /session/39d2630e55d6b41de19dafc672cf7ebc/element/f.7175ED2F8B48EB9387EF736E08AAAD55.d.2B7D6CB7DF5604DD09948C7AA9F08829.e.10520/click - {}
RESULT: {}
RESULT: {}
COMMAND: POST /session/39d2630e55d6b41de19dafc672cf7ebc/actions - {"actions":[{"id":"action60","type":"key","parameters":{},"actions":[{"type":"keyDown","value":"î€ƒ"},{"type":"pause","duration":10},{"type":"keyUp","value":"î€ƒ"}]}]}
COMMAND: GET /session/39d2630e55d6b41de19dafc672cf7ebc/screenshot - {}
RESULT: {"actions":[{"id":"action60","type":"key","parameters":{},"actions":[{"type":"keyDown","value":"î€ƒ"},{"type":"pause","duration":10},{"type":"keyUp","value":"î€ƒ"}]}]}
COMMAND: POST /session/39d2630e55d6b41de19dafc672cf7ebc/element - {"using":"xpath","value":"//td[6]/div/div/input[1]"}
COMMAND: GET /session/39d2630e55d6b41de19dafc672cf7ebc/screenshot - {}
RESULT: {}
RESULT: {"using":"xpath","value":"//td[6]/div/div/input[1]"}
COMMAND: POST /session/39d2630e55d6b41de19dafc672cf7ebc/element/f.7175ED2F8B48EB9387EF736E08AAAD55.d.2B7D6CB7DF5604DD09948C7AA9F08829.e.10520/clear - {}
RESULT: {}
RESULT: {}
COMMAND: POST /session/39d2630e55d6b41de19dafc672cf7ebc/element/f.7175ED2F8B48EB9387EF736E08AAAD55.d.2B7D6CB7DF5604DD09948C7AA9F08829.e.10520/value - {"text":"Material"}
COMMAND: GET /session/39d2630e55d6b41de19dafc672cf7ebc/screenshot - {}
RESULT: {"text":"Material"}
COMMAND: GET /session/39d2630e55d6b41de19dafc672cf7ebc/screenshot - {}
RESULT: {}
RESULT: {}
COMMAND: POST /session/39d2630e55d6b41de19dafc672cf7ebc/actions - {"actions":[{"id":"action61","type":"key","parameters":{},"actions":[{"type":"keyDown","value":"î€‡"},{"type":"pause","duration":10},{"type":"keyUp","value":"î€‡"}]}]}
RESULT: {"actions":[{"id":"action61","type":"key","parameters":{},"actions":[{"type":"keyDown","value":"î€‡"},{"type":"pause","duration":10},{"type":"keyUp","value":"î€‡"}]}]}
COMMAND: GET /session/39d2630e55d6b41de19dafc672cf7ebc/screenshot - {}
RESULT: {}
COMMAND: POST /session/39d2630e55d6b41de19dafc672cf7ebc/actions - {"actions":[{"id":"action62","type":"key","parameters":{},"actions":[{"type":"keyDown","value":"î€‡"},{"type":"pause","duration":10},{"type":"keyUp","value":"î€‡"}]}]}
RESULT: {"actions":[{"id":"action62","type":"key","parameters":{},"actions":[{"type":"keyDown","value":"î€‡"},{"type":"pause","duration":10},{"type":"keyUp","value":"î€‡"}]}]}
COMMAND: POST /session/39d2630e55d6b41de19dafc672cf7ebc/element - {"using":"xpath","value":"//td[7]/div/div/input"}
COMMAND: GET /session/39d2630e55d6b41de19dafc672cf7ebc/screenshot - {}
RESULT: {"using":"xpath","value":"//td[7]/div/div/input"}
COMMAND: POST /session/39d2630e55d6b41de19dafc672cf7ebc/element/f.7175ED2F8B48EB9387EF736E08AAAD55.d.2B7D6CB7DF5604DD09948C7AA9F08829.e.10533/clear - {}
RESULT: {}
RESULT: {}
COMMAND: POST /session/39d2630e55d6b41de19dafc672cf7ebc/element/f.7175ED2F8B48EB9387EF736E08AAAD55.d.2B7D6CB7DF5604DD09948C7AA9F08829.e.10533/value - {"text":"WebdriverRUR2C"}
COMMAND: GET /session/39d2630e55d6b41de19dafc672cf7ebc/screenshot - {}
RESULT: {"text":"WebdriverRUR2C"}
COMMAND: GET /session/39d2630e55d6b41de19dafc672cf7ebc/screenshot - {}
RESULT: {}
RESULT: {}
COMMAND: POST /session/39d2630e55d6b41de19dafc672cf7ebc/actions - {"actions":[{"id":"action63","type":"key","parameters":{},"actions":[{"type":"keyDown","value":"î€‡"},{"type":"pause","duration":10},{"type":"keyUp","value":"î€‡"}]}]}
RESULT: {"actions":[{"id":"action63","type":"key","parameters":{},"actions":[{"type":"keyDown","value":"î€‡"},{"type":"pause","duration":10},{"type":"keyUp","value":"î€‡"}]}]}
COMMAND: GET /session/39d2630e55d6b41de19dafc672cf7ebc/screenshot - {}
RESULT: {}
COMMAND: POST /session/39d2630e55d6b41de19dafc672cf7ebc/actions - {"actions":[{"id":"action64","type":"key","parameters":{},"actions":[{"type":"keyDown","value":"î€‡"},{"type":"pause","duration":10},{"type":"keyUp","value":"î€‡"}]}]}
RESULT: {"actions":[{"id":"action64","type":"key","parameters":{},"actions":[{"type":"keyDown","value":"î€‡"},{"type":"pause","duration":10},{"type":"keyUp","value":"î€‡"}]}]}
COMMAND: GET /session/39d2630e55d6b41de19dafc672cf7ebc/screenshot - {}
RESULT: {}
COMMAND: POST /session/39d2630e55d6b41de19dafc672cf7ebc/element - {"using":"xpath","value":"(//button[@data-kt=\"saveButton\"])[2]"}
RESULT: {"using":"xpath","value":"(//button[@data-kt=\"saveButton\"])[2]"}
COMMAND: POST /session/39d2630e55d6b41de19dafc672cf7ebc/element/f.7175ED2F8B48EB9387EF736E08AAAD55.d.2B7D6CB7DF5604DD09948C7AA9F08829.e.10557/click - {}
RESULT: {}
COMMAND: GET /session/39d2630e55d6b41de19dafc672cf7ebc/screenshot - {}
RESULT: {}
COMMAND: POST /session/39d2630e55d6b41de19dafc672cf7ebc/element - {"using":"xpath","value":"//button[contains(@data-kt ,\"contractDetailEditBtnButton\")]"}
RESULT: {"using":"xpath","value":"//button[contains(@data-kt ,\"contractDetailEditBtnButton\")]"}
COMMAND: POST /session/39d2630e55d6b41de19dafc672cf7ebc/execute/sync - {"script":"<script> [8489 bytes]","args":[{"element-6066-11e4-a52e-4f735466cecf":"f.7175ED2F8B48EB9387EF736E08AAAD55.d.2B7D6CB7DF5604DD09948C7AA9F08829.e.10460","ELEMENT":"f.7175ED2F8B48EB9387EF736E08AAAD55.d.2B7D6CB7DF5604DD09948C7AA9F08829.e.10460"}]}
RESULT: {"script":"<script> [8489 bytes]","args":[{"element-6066-11e4-a52e-4f735466cecf":"f.7175ED2F8B48EB9387EF736E08AAAD55.d.2B7D6CB7DF5604DD09948C7AA9F08829.e.10460","ELEMENT":"f.7175ED2F8B48EB9387EF736E08AAAD55.d.2B7D6CB7DF5604DD09948C7AA9F08829.e.10460"}]}
COMMAND: POST /session/39d2630e55d6b41de19dafc672cf7ebc/execute/sync - {"script":"<script> [8489 bytes]","args":[{"element-6066-11e4-a52e-4f735466cecf":"f.7175ED2F8B48EB9387EF736E08AAAD55.d.2B7D6CB7DF5604DD09948C7AA9F08829.e.10460","ELEMENT":"f.7175ED2F8B48EB9387EF736E08AAAD55.d.2B7D6CB7DF5604DD09948C7AA9F08829.e.10460"}]}
COMMAND: GET /session/39d2630e55d6b41de19dafc672cf7ebc/screenshot - {}
RESULT: {"script":"<script> [8489 bytes]","args":[{"element-6066-11e4-a52e-4f735466cecf":"f.7175ED2F8B48EB9387EF736E08AAAD55.d.2B7D6CB7DF5604DD09948C7AA9F08829.e.10460","ELEMENT":"f.7175ED2F8B48EB9387EF736E08AAAD55.d.2B7D6CB7DF5604DD09948C7AA9F08829.e.10460"}]}
COMMAND: POST /session/39d2630e55d6b41de19dafc672cf7ebc/execute/sync - {"script":"<script> [5351 bytes]","args":[{"element-6066-11e4-a52e-4f735466cecf":"f.7175ED2F8B48EB9387EF736E08AAAD55.d.2B7D6CB7DF5604DD09948C7AA9F08829.e.10460","ELEMENT":"f.7175ED2F8B48EB9387EF736E08AAAD55.d.2B7D6CB7DF5604DD09948C7AA9F08829.e.10460"}]}
COMMAND: GET /session/39d2630e55d6b41de19dafc672cf7ebc/screenshot - {}
RESULT: {}
RESULT: {"script":"<script> [5351 bytes]","args":[{"element-6066-11e4-a52e-4f735466cecf":"f.7175ED2F8B48EB9387EF736E08AAAD55.d.2B7D6CB7DF5604DD09948C7AA9F08829.e.10460","ELEMENT":"f.7175ED2F8B48EB9387EF736E08AAAD55.d.2B7D6CB7DF5604DD09948C7AA9F08829.e.10460"}]}
COMMAND: POST /session/39d2630e55d6b41de19dafc672cf7ebc/element - {"using":"xpath","value":"(//span[contains(text(), \"Header Billing Items\")])[1]"}
COMMAND: GET /session/39d2630e55d6b41de19dafc672cf7ebc/screenshot - {}
RESULT: {}
RESULT: {"using":"xpath","value":"(//span[contains(text(), \"Header Billing Items\")])[1]"}
COMMAND: POST /session/39d2630e55d6b41de19dafc672cf7ebc/element/f.7175ED2F8B48EB9387EF736E08AAAD55.d.2B7D6CB7DF5604DD09948C7AA9F08829.e.10560/click - {}
RESULT: {}
RESULT: {}
COMMAND: GET /session/39d2630e55d6b41de19dafc672cf7ebc/screenshot - {}
RESULT: {}
COMMAND: POST /session/39d2630e55d6b41de19dafc672cf7ebc/execute/async - {"script":"<script> [1562 bytes]","args":[{"selector":{"controlType":"sap.m.Title","viewName":"etm.portal.ui.managecontracts.view.Detail","properties":{"text":"Contract Items (1)"}},"wdio_ui5_key":"etmportal.ui.managecontracts.view.Detailsap.m.Title{\"text\":\"Contract Items (1)\"}"}]}
RESULT: {"script":"<script> [1562 bytes]","args":[{"selector":{"controlType":"sap.m.Title","viewName":"etm.portal.ui.managecontracts.view.Detail","properties":{"text":"Contract Items (1)"}},"wdio_ui5_key":"etmportal.ui.managecontracts.view.Detailsap.m.Title{\"text\":\"Contract Items (1)\"}"}]}
RESULT: undefined
COMMAND: POST /session/39d2630e55d6b41de19dafc672cf7ebc/execute/async - {"script":"<script> [6424 bytes]","args":[{"element-6066-11e4-a52e-4f735466cecf":"f.7175ED2F8B48EB9387EF736E08AAAD55.d.2B7D6CB7DF5604DD09948C7AA9F08829.e.10562"},"getText",[]]}
RESULT: {"script":"<script> [6424 bytes]","args":[{"element-6066-11e4-a52e-4f735466cecf":"f.7175ED2F8B48EB9387EF736E08AAAD55.d.2B7D6CB7DF5604DD09948C7AA9F08829.e.10562"},"getText",[]]}
COMMAND: POST /session/39d2630e55d6b41de19dafc672cf7ebc/element - {"using":"xpath","value":"(//span[contains(@class ,\"sapMObjStatusText\")])[1]"}
RESULT: {"using":"xpath","value":"(//span[contains(@class ,\"sapMObjStatusText\")])[1]"}
COMMAND: GET /session/39d2630e55d6b41de19dafc672cf7ebc/element/f.7175ED2F8B48EB9387EF736E08AAAD55.d.2B7D6CB7DF5604DD09948C7AA9F08829.e.10563/text - {}
RESULT: {}
COMMAND: POST /session/39d2630e55d6b41de19dafc672cf7ebc/element - {"using":"css selector","value":"#shell-header-logo"}
RESULT: {"using":"css selector","value":"#shell-header-logo"}
COMMAND: POST /session/39d2630e55d6b41de19dafc672cf7ebc/element/f.7175ED2F8B48EB9387EF736E08AAAD55.d.2B7D6CB7DF5604DD09948C7AA9F08829.e.10035/click - {}
RESULT: {}
COMMAND: GET /session/39d2630e55d6b41de19dafc672cf7ebc/screenshot - {}
RESULT: {}
]]></system-out>
    </testcase>
  </testsuite>
  <testsuite timestamp="2025-04-30T06:03:17" time="1250.044" tests="7" failures="0" errors="0" skipped="0">
    <properties>
      <property name="specId" value="0" />
      <property name="suiteName" value="E2E - Logistical and commercial statuses" />
      <property name="capabilities" value="chrome.135_0_7049_96.windows" />
      <property name="file" value="file:///D:/a/1/s/test/specs/R2C/E2E-Logistical-and-commercial-status.spec.js" />
    </properties>
    <testcase classname="chrome.135_0_7049_96.windows.E2E_-_Logistical_and_commercial_statuses" name="Should create prerequisites yard partner and site" time="283.015">
      <system-out><![CDATA[
COMMAND: POST /session/39d2630e55d6b41de19dafc672cf7ebc/execute/async - {"script":"<script> [1562 bytes]","args":[{"selector":{"controlType":"sap.m.GenericTile","properties":{"header":"Manage Yards"}},"wdio_ui5_key":"sapm.GenericTile{\"header\":\"Manage Yards\"}"}]}
RESULT: {"script":"<script> [1562 bytes]","args":[{"selector":{"controlType":"sap.m.GenericTile","properties":{"header":"Manage Yards"}},"wdio_ui5_key":"sapm.GenericTile{\"header\":\"Manage Yards\"}"}]}
RESULT: undefined
COMMAND: POST /session/39d2630e55d6b41de19dafc672cf7ebc/element - {"using":"xpath","value":"//*[@id=\"__tile41\"]"}
RESULT: {"using":"xpath","value":"//*[@id=\"__tile41\"]"}
COMMAND: POST /session/39d2630e55d6b41de19dafc672cf7ebc/element/f.7175ED2F8B48EB9387EF736E08AAAD55.d.2B7D6CB7DF5604DD09948C7AA9F08829.e.10567/click - {}
RESULT: {}
COMMAND: GET /session/39d2630e55d6b41de19dafc672cf7ebc/screenshot - {}
RESULT: {}
COMMAND: POST /session/39d2630e55d6b41de19dafc672cf7ebc/execute/async - {"script":"<script> [1562 bytes]","args":[{"selector":{"controlType":"sap.ui.core.Icon","viewName":"etm.portal.ui.manageyards.view.Master","viewId":"application-manageyards-display-component---masterYard","properties":{"src":{"regex":{"source":"add"}}}},"wdio_ui5_key":"etmportal.ui.manageyards.view.Mastersap.ui.core.Icon{\"src\":{\"regex\":{\"source\":\"add\"}}}"}]}
RESULT: {"script":"<script> [1562 bytes]","args":[{"selector":{"controlType":"sap.ui.core.Icon","viewName":"etm.portal.ui.manageyards.view.Master","viewId":"application-manageyards-display-component---masterYard","properties":{"src":{"regex":{"source":"add"}}}},"wdio_ui5_key":"etmportal.ui.manageyards.view.Mastersap.ui.core.Icon{\"src\":{\"regex\":{\"source\":\"add\"}}}"}]}
RESULT: undefined
COMMAND: POST /session/39d2630e55d6b41de19dafc672cf7ebc/element - {"using":"xpath","value":"//*[@id=\"__button96-img\"]"}
RESULT: {"using":"xpath","value":"//*[@id=\"__button96-img\"]"}
COMMAND: POST /session/39d2630e55d6b41de19dafc672cf7ebc/element/f.7175ED2F8B48EB9387EF736E08AAAD55.d.2B7D6CB7DF5604DD09948C7AA9F08829.e.10604/click - {}
RESULT: {}
COMMAND: GET /session/39d2630e55d6b41de19dafc672cf7ebc/screenshot - {}
RESULT: {}
COMMAND: POST /session/39d2630e55d6b41de19dafc672cf7ebc/execute/async - {"script":"<script> [1562 bytes]","args":[{"selector":{"id":"application-manageyards-display-component---NewYard--yardId","interaction":{"idSuffix":"inner"}},"wdio_ui5_key":"applicationmanageyards-display-component---NewYard--yardId"}]}
RESULT: {"script":"<script> [1562 bytes]","args":[{"selector":{"id":"application-manageyards-display-component---NewYard--yardId","interaction":{"idSuffix":"inner"}},"wdio_ui5_key":"applicationmanageyards-display-component---NewYard--yardId"}]}
RESULT: undefined
COMMAND: POST /session/39d2630e55d6b41de19dafc672cf7ebc/element - {"using":"xpath","value":"//*[@id=\"application-manageyards-display-component---NewYard--addressDetailDetailsName1-inner\"]"}
RESULT: {"using":"xpath","value":"//*[@id=\"application-manageyards-display-component---NewYard--addressDetailDetailsName1-inner\"]"}
COMMAND: POST /session/39d2630e55d6b41de19dafc672cf7ebc/element/f.7175ED2F8B48EB9387EF736E08AAAD55.d.2B7D6CB7DF5604DD09948C7AA9F08829.e.10836/clear - {}
RESULT: {}
COMMAND: POST /session/39d2630e55d6b41de19dafc672cf7ebc/element/f.7175ED2F8B48EB9387EF736E08AAAD55.d.2B7D6CB7DF5604DD09948C7AA9F08829.e.10836/value - {"text":"WebdriverYardubahp"}
COMMAND: GET /session/39d2630e55d6b41de19dafc672cf7ebc/screenshot - {}
RESULT: {"text":"WebdriverYardubahp"}
COMMAND: POST /session/39d2630e55d6b41de19dafc672cf7ebc/element - {"using":"xpath","value":"//*[@id=\"application-manageyards-display-component---NewYard--addressDetailDetailsLanguage-inner\"]"}
COMMAND: GET /session/39d2630e55d6b41de19dafc672cf7ebc/screenshot - {}
RESULT: {}
RESULT: {"using":"xpath","value":"//*[@id=\"application-manageyards-display-component---NewYard--addressDetailDetailsLanguage-inner\"]"}
COMMAND: POST /session/39d2630e55d6b41de19dafc672cf7ebc/element/f.7175ED2F8B48EB9387EF736E08AAAD55.d.2B7D6CB7DF5604DD09948C7AA9F08829.e.10837/clear - {}
RESULT: {}
RESULT: {}
COMMAND: POST /session/39d2630e55d6b41de19dafc672cf7ebc/element/f.7175ED2F8B48EB9387EF736E08AAAD55.d.2B7D6CB7DF5604DD09948C7AA9F08829.e.10837/value - {"text":"Romanian"}
COMMAND: GET /session/39d2630e55d6b41de19dafc672cf7ebc/screenshot - {}
RESULT: {"text":"Romanian"}
COMMAND: POST /session/39d2630e55d6b41de19dafc672cf7ebc/element - {"using":"xpath","value":"//input[contains(@id ,\"application-manageyards-display-component---NewYard--addressDetailDetailsName1-inner\")]"}
COMMAND: GET /session/39d2630e55d6b41de19dafc672cf7ebc/screenshot - {}
RESULT: {}
RESULT: {"using":"xpath","value":"//input[contains(@id ,\"application-manageyards-display-component---NewYard--addressDetailDetailsName1-inner\")]"}
COMMAND: GET /session/39d2630e55d6b41de19dafc672cf7ebc/element/f.7175ED2F8B48EB9387EF736E08AAAD55.d.2B7D6CB7DF5604DD09948C7AA9F08829.e.10836/property/value - {}
RESULT: {}
RESULT: {}
COMMAND: GET /session/39d2630e55d6b41de19dafc672cf7ebc/screenshot - {}
RESULT: {}
COMMAND: POST /session/39d2630e55d6b41de19dafc672cf7ebc/element - {"using":"xpath","value":"//*[@id=\"application-manageyards-display-component---NewYard--addressDetailDetailsCity1-inner\"]"}
RESULT: {"using":"xpath","value":"//*[@id=\"application-manageyards-display-component---NewYard--addressDetailDetailsCity1-inner\"]"}
COMMAND: POST /session/39d2630e55d6b41de19dafc672cf7ebc/element/f.7175ED2F8B48EB9387EF736E08AAAD55.d.2B7D6CB7DF5604DD09948C7AA9F08829.e.10839/clear - {}
RESULT: {}
COMMAND: POST /session/39d2630e55d6b41de19dafc672cf7ebc/element/f.7175ED2F8B48EB9387EF736E08AAAD55.d.2B7D6CB7DF5604DD09948C7AA9F08829.e.10839/value - {"text":"Bucuresti"}
COMMAND: GET /session/39d2630e55d6b41de19dafc672cf7ebc/screenshot - {}
RESULT: {"text":"Bucuresti"}
COMMAND: GET /session/39d2630e55d6b41de19dafc672cf7ebc/screenshot - {}
RESULT: {}
RESULT: {}
COMMAND: POST /session/39d2630e55d6b41de19dafc672cf7ebc/element - {"using":"xpath","value":"//*[@id=\"application-manageyards-display-component---NewYard--addressDetailDetailsCountry-inner\"]"}
RESULT: {"using":"xpath","value":"//*[@id=\"application-manageyards-display-component---NewYard--addressDetailDetailsCountry-inner\"]"}
COMMAND: POST /session/39d2630e55d6b41de19dafc672cf7ebc/element/f.7175ED2F8B48EB9387EF736E08AAAD55.d.2B7D6CB7DF5604DD09948C7AA9F08829.e.10843/clear - {}
RESULT: {}
COMMAND: POST /session/39d2630e55d6b41de19dafc672cf7ebc/element/f.7175ED2F8B48EB9387EF736E08AAAD55.d.2B7D6CB7DF5604DD09948C7AA9F08829.e.10843/value - {"text":"Romania"}
COMMAND: GET /session/39d2630e55d6b41de19dafc672cf7ebc/screenshot - {}
RESULT: {"text":"Romania"}
COMMAND: GET /session/39d2630e55d6b41de19dafc672cf7ebc/screenshot - {}
RESULT: {}
RESULT: {}
COMMAND: POST /session/39d2630e55d6b41de19dafc672cf7ebc/element - {"using":"xpath","value":"//div[contains(text(), \"Commercial\")]"}
RESULT: {"using":"xpath","value":"//div[contains(text(), \"Commercial\")]"}
COMMAND: GET /session/39d2630e55d6b41de19dafc672cf7ebc/element/f.7175ED2F8B48EB9387EF736E08AAAD55.d.2B7D6CB7DF5604DD09948C7AA9F08829.e.11030/rect - {}
RESULT: {}
COMMAND: GET /session/39d2630e55d6b41de19dafc672cf7ebc/window/rect - {}
RESULT: {}
COMMAND: POST /session/39d2630e55d6b41de19dafc672cf7ebc/execute/sync - {"script":"<script> [92 bytes]","args":[]}
RESULT: {"script":"<script> [92 bytes]","args":[]}
COMMAND: POST /session/39d2630e55d6b41de19dafc672cf7ebc/actions - {"actions":[{"id":"action65","type":"wheel","parameters":{},"actions":[{"type":"scroll","x":-1841,"y":-44,"deltaX":0,"deltaY":0,"duration":0,"origin":{"element-6066-11e4-a52e-4f735466cecf":"f.7175ED2F8B48EB9387EF736E08AAAD55.d.2B7D6CB7DF5604DD09948C7AA9F08829.e.11030"}}]}]}
COMMAND: GET /session/39d2630e55d6b41de19dafc672cf7ebc/screenshot - {}
RESULT: {}
COMMAND: POST /session/39d2630e55d6b41de19dafc672cf7ebc/execute/sync - {"script":"<script> [79 bytes]","args":[{"element-6066-11e4-a52e-4f735466cecf":"f.7175ED2F8B48EB9387EF736E08AAAD55.d.2B7D6CB7DF5604DD09948C7AA9F08829.e.11030","ELEMENT":"f.7175ED2F8B48EB9387EF736E08AAAD55.d.2B7D6CB7DF5604DD09948C7AA9F08829.e.11030"},{"block":"start","inline":"nearest"}]}
RESULT: {"script":"<script> [79 bytes]","args":[{"element-6066-11e4-a52e-4f735466cecf":"f.7175ED2F8B48EB9387EF736E08AAAD55.d.2B7D6CB7DF5604DD09948C7AA9F08829.e.11030","ELEMENT":"f.7175ED2F8B48EB9387EF736E08AAAD55.d.2B7D6CB7DF5604DD09948C7AA9F08829.e.11030"},{"block":"start","inline":"nearest"}]}
COMMAND: GET /session/39d2630e55d6b41de19dafc672cf7ebc/screenshot - {}
RESULT: {}
COMMAND: POST /session/39d2630e55d6b41de19dafc672cf7ebc/execute/async - {"script":"<script> [1562 bytes]","args":[{"selector":{"id":"application-manageyards-display-component---NewYard--addressEditDetailsCostObjectCstType-arrow"},"wdio_ui5_key":"applicationmanageyards-display-component---NewYard--addressEditDetailsCostObjectCstType-arrow"}]}
RESULT: {"script":"<script> [1562 bytes]","args":[{"selector":{"id":"application-manageyards-display-component---NewYard--addressEditDetailsCostObjectCstType-arrow"},"wdio_ui5_key":"applicationmanageyards-display-component---NewYard--addressEditDetailsCostObjectCstType-arrow"}]}
RESULT: undefined
COMMAND: POST /session/39d2630e55d6b41de19dafc672cf7ebc/element - {"using":"xpath","value":"//*[@id=\"application-manageyards-display-component---NewYard--addressEditDetailsCostObjectCstType-arrow\"]"}
RESULT: {"using":"xpath","value":"//*[@id=\"application-manageyards-display-component---NewYard--addressEditDetailsCostObjectCstType-arrow\"]"}
COMMAND: POST /session/39d2630e55d6b41de19dafc672cf7ebc/element/f.7175ED2F8B48EB9387EF736E08AAAD55.d.2B7D6CB7DF5604DD09948C7AA9F08829.e.11038/click - {}
RESULT: {}
COMMAND: POST /session/39d2630e55d6b41de19dafc672cf7ebc/element - {"using":"xpath","value":"//span[contains(text(), \"Cost Center\")]"}
COMMAND: GET /session/39d2630e55d6b41de19dafc672cf7ebc/screenshot - {}
RESULT: {"using":"xpath","value":"//span[contains(text(), \"Cost Center\")]"}
COMMAND: POST /session/39d2630e55d6b41de19dafc672cf7ebc/element/f.7175ED2F8B48EB9387EF736E08AAAD55.d.2B7D6CB7DF5604DD09948C7AA9F08829.e.11039/click - {}
RESULT: {}
RESULT: {}
COMMAND: GET /session/39d2630e55d6b41de19dafc672cf7ebc/screenshot - {}
RESULT: {}
COMMAND: POST /session/39d2630e55d6b41de19dafc672cf7ebc/execute/async - {"script":"<script> [1562 bytes]","args":[{"selector":{"id":"application-manageyards-display-component---NewYard--addressNewCostObjectCstID-vhi"},"wdio_ui5_key":"applicationmanageyards-display-component---NewYard--addressNewCostObjectCstID-vhi"}]}
RESULT: {"script":"<script> [1562 bytes]","args":[{"selector":{"id":"application-manageyards-display-component---NewYard--addressNewCostObjectCstID-vhi"},"wdio_ui5_key":"applicationmanageyards-display-component---NewYard--addressNewCostObjectCstID-vhi"}]}
RESULT: undefined
COMMAND: POST /session/39d2630e55d6b41de19dafc672cf7ebc/element - {"using":"xpath","value":"//*[@id=\"application-manageyards-display-component---NewYard--addressNewCostObjectCstID-vhi\"]"}
RESULT: {"using":"xpath","value":"//*[@id=\"application-manageyards-display-component---NewYard--addressNewCostObjectCstID-vhi\"]"}
COMMAND: POST /session/39d2630e55d6b41de19dafc672cf7ebc/element/f.7175ED2F8B48EB9387EF736E08AAAD55.d.2B7D6CB7DF5604DD09948C7AA9F08829.e.11043/click - {}
RESULT: {}
COMMAND: GET /session/39d2630e55d6b41de19dafc672cf7ebc/screenshot - {}
RESULT: {}
COMMAND: POST /session/39d2630e55d6b41de19dafc672cf7ebc/execute/async - {"script":"<script> [1562 bytes]","args":[{"selector":{"controlType":"sap.m.SearchField","properties":{"placeholder":"Search"},"searchOpenDialogs":true,"interaction":{"idSuffix":"I"}},"wdio_ui5_key":"sapm.SearchField{\"placeholder\":\"Search\"}"}]}
RESULT: {"script":"<script> [1562 bytes]","args":[{"selector":{"controlType":"sap.m.SearchField","properties":{"placeholder":"Search"},"searchOpenDialogs":true,"interaction":{"idSuffix":"I"}},"wdio_ui5_key":"sapm.SearchField{\"placeholder\":\"Search\"}"}]}
RESULT: undefined
COMMAND: POST /session/39d2630e55d6b41de19dafc672cf7ebc/execute/async - {"script":"<script> [776 bytes]","args":[{"enterText":"10001013","selector":{"controlType":"sap.m.SearchField","properties":{"placeholder":"Search"},"searchOpenDialogs":true,"interaction":{"idSuffix":"I"}},"clearTextFirst":true,"interactionType":"ENTER_TEXT"}]}
RESULT: {"script":"<script> [776 bytes]","args":[{"enterText":"10001013","selector":{"controlType":"sap.m.SearchField","properties":{"placeholder":"Search"},"searchOpenDialogs":true,"interaction":{"idSuffix":"I"}},"clearTextFirst":true,"interactionType":"ENTER_TEXT"}]}
COMMAND: POST /session/39d2630e55d6b41de19dafc672cf7ebc/actions - {"actions":[{"id":"action66","type":"key","parameters":{},"actions":[{"type":"keyDown","value":"î€‡"},{"type":"pause","duration":10},{"type":"keyUp","value":"î€‡"}]}]}
RESULT: {"actions":[{"id":"action66","type":"key","parameters":{},"actions":[{"type":"keyDown","value":"î€‡"},{"type":"pause","duration":10},{"type":"keyUp","value":"î€‡"}]}]}
COMMAND: GET /session/39d2630e55d6b41de19dafc672cf7ebc/screenshot - {}
RESULT: {}
COMMAND: POST /session/39d2630e55d6b41de19dafc672cf7ebc/element - {"using":"xpath","value":"//span[contains(text(), \"General Management\")]"}
RESULT: {"using":"xpath","value":"//span[contains(text(), \"General Management\")]"}
COMMAND: POST /session/39d2630e55d6b41de19dafc672cf7ebc/element/f.7175ED2F8B48EB9387EF736E08AAAD55.d.2B7D6CB7DF5604DD09948C7AA9F08829.e.11083/click - {}
RESULT: {}
COMMAND: GET /session/39d2630e55d6b41de19dafc672cf7ebc/screenshot - {}
RESULT: {}
COMMAND: POST /session/39d2630e55d6b41de19dafc672cf7ebc/element - {"using":"xpath","value":"//bdi[contains(text(), \"OK\")]"}
RESULT: {"using":"xpath","value":"//bdi[contains(text(), \"OK\")]"}
COMMAND: POST /session/39d2630e55d6b41de19dafc672cf7ebc/element/f.7175ED2F8B48EB9387EF736E08AAAD55.d.2B7D6CB7DF5604DD09948C7AA9F08829.e.11084/click - {}
RESULT: {}
COMMAND: GET /session/39d2630e55d6b41de19dafc672cf7ebc/screenshot - {}
RESULT: {}
COMMAND: POST /session/39d2630e55d6b41de19dafc672cf7ebc/execute/async - {"script":"<script> [1562 bytes]","args":[{"selector":{"controlType":"sap.m.Button","viewName":"etm.portal.ui.manageyards.view.New","viewId":"application-manageyards-display-component---NewYard","i18NText":{"propertyName":"text","key":"save"},"interaction":{"idSuffix":"inner"}},"wdio_ui5_key":"etmportal.ui.manageyards.view.Newsap.m.Button{\"propertyName\":\"text\",\"key\":\"save\"}"}]}
RESULT: {"script":"<script> [1562 bytes]","args":[{"selector":{"controlType":"sap.m.Button","viewName":"etm.portal.ui.manageyards.view.New","viewId":"application-manageyards-display-component---NewYard","i18NText":{"propertyName":"text","key":"save"},"interaction":{"idSuffix":"inner"}},"wdio_ui5_key":"etmportal.ui.manageyards.view.Newsap.m.Button{\"propertyName\":\"text\",\"key\":\"save\"}"}]}
RESULT: undefined
COMMAND: POST /session/39d2630e55d6b41de19dafc672cf7ebc/element - {"using":"xpath","value":"//*[@id=\"__button110\"]"}
RESULT: {"using":"xpath","value":"//*[@id=\"__button110\"]"}
COMMAND: POST /session/39d2630e55d6b41de19dafc672cf7ebc/element/f.7175ED2F8B48EB9387EF736E08AAAD55.d.2B7D6CB7DF5604DD09948C7AA9F08829.e.11011/click - {}
RESULT: {}
COMMAND: GET /session/39d2630e55d6b41de19dafc672cf7ebc/screenshot - {}
RESULT: {}
COMMAND: POST /session/39d2630e55d6b41de19dafc672cf7ebc/element - {"using":"xpath","value":"//header/div/div[2]/div[2]/span"}
RESULT: {"using":"xpath","value":"//header/div/div[2]/div[2]/span"}
COMMAND: GET /session/39d2630e55d6b41de19dafc672cf7ebc/element/f.7175ED2F8B48EB9387EF736E08AAAD55.d.2B7D6CB7DF5604DD09948C7AA9F08829.e.11281/text - {}
RESULT: {}
COMMAND: POST /session/39d2630e55d6b41de19dafc672cf7ebc/execute/async - {"script":"<script> [1562 bytes]","args":[{"selector":{"controlType":"sap.m.OverflowToolbarButton","viewName":"etm.portal.ui.manageyards.view.Detail","viewId":"application-manageyards-display-component---detailYard","i18NText":{"propertyName":"tooltip","key":"closeColumn"},"interaction":{"idSuffix":"inner"}},"wdio_ui5_key":"etmportal.ui.manageyards.view.Detailsap.m.OverflowToolbarButton{\"propertyName\":\"tooltip\",\"key\":\"closeColumn\"}"}]}
RESULT: {"script":"<script> [1562 bytes]","args":[{"selector":{"controlType":"sap.m.OverflowToolbarButton","viewName":"etm.portal.ui.manageyards.view.Detail","viewId":"application-manageyards-display-component---detailYard","i18NText":{"propertyName":"tooltip","key":"closeColumn"},"interaction":{"idSuffix":"inner"}},"wdio_ui5_key":"etmportal.ui.manageyards.view.Detailsap.m.OverflowToolbarButton{\"propertyName\":\"tooltip\",\"key\":\"closeColumn\"}"}]}
RESULT: undefined
COMMAND: POST /session/39d2630e55d6b41de19dafc672cf7ebc/element - {"using":"xpath","value":"//*[@id=\"__button134\"]"}
RESULT: {"using":"xpath","value":"//*[@id=\"__button134\"]"}
COMMAND: POST /session/39d2630e55d6b41de19dafc672cf7ebc/element/f.7175ED2F8B48EB9387EF736E08AAAD55.d.2B7D6CB7DF5604DD09948C7AA9F08829.e.11283/click - {}
RESULT: {}
COMMAND: GET /session/39d2630e55d6b41de19dafc672cf7ebc/screenshot - {}
RESULT: {}
COMMAND: POST /session/39d2630e55d6b41de19dafc672cf7ebc/element - {"using":"css selector","value":"#shell-header-logo"}
RESULT: {"using":"css selector","value":"#shell-header-logo"}
COMMAND: POST /session/39d2630e55d6b41de19dafc672cf7ebc/element/f.7175ED2F8B48EB9387EF736E08AAAD55.d.2B7D6CB7DF5604DD09948C7AA9F08829.e.10570/click - {}
RESULT: {}
COMMAND: GET /session/39d2630e55d6b41de19dafc672cf7ebc/screenshot - {}
RESULT: {}
COMMAND: POST /session/39d2630e55d6b41de19dafc672cf7ebc/refresh - {}
RESULT: {}
COMMAND: GET /session/39d2630e55d6b41de19dafc672cf7ebc/screenshot - {}
RESULT: {}
COMMAND: POST /session/39d2630e55d6b41de19dafc672cf7ebc/execute/async - {"script":"<script> [189 bytes]","args":[]}
RESULT: {"script":"<script> [189 bytes]","args":[]}
COMMAND: POST /session/39d2630e55d6b41de19dafc672cf7ebc/execute/async - {"script":"<script> [123 bytes]","args":[]}
RESULT: {"script":"<script> [123 bytes]","args":[]}
COMMAND: POST /session/39d2630e55d6b41de19dafc672cf7ebc/timeouts - {"script":"<number>"}
RESULT: {"script":"<number>"}
COMMAND: GET /session/39d2630e55d6b41de19dafc672cf7ebc/timeouts - {}
RESULT: {}
RESULT: undefined
COMMAND: POST /session/39d2630e55d6b41de19dafc672cf7ebc/execute/async - {"script":"<script> [2676 bytes]","args":[]}
RESULT: {"script":"<script> [2676 bytes]","args":[]}
COMMAND: POST /session/39d2630e55d6b41de19dafc672cf7ebc/execute/async - {"script":"<script> [2342 bytes]","args":[{"protocol":"http","hostname":"0.0.0.0","path":"/","capabilities":{"browserName":"chrome","goog:chromeOptions":{"binary":"C:\\Program Files\\Google\\Chrome\\Application\\chrome.exe","args":["--start-maximized"]}},"logLevel":"warn","connectionRetryTimeout":120000,"connectionRetryCount":3,"logLevels":{},"enableDirectConnect":true,"strictSSL":true,"_":"65 more keys: [\"cacheDir\",\"port\",\"requestedCapabilities\",\"automationProtocol\",\"baseUrl\",\"waitforInterval\",\"waitforTimeout\",\"onReload\",\"beforeCommand\",\"afterCommand\",\"rootDir\",\"specs\",\"suites\",\"exclude\",\"groupLogsByTestSpec\",\"excludeDriverLogs\",\"bail\",\"framework\",\"reporters\",\"services\",\"maxInstances\",\"maxInstancesPerCapability\",\"injectGlobals\",\"filesToWatch\",\"execArgv\",\"runnerEnv\",\"runner\",\"shard\",\"specFileRetries\",\"specFileRetriesDelay\",\"specFileRetriesDeferred\",\"reporterSyncInterval\",\"reporterSyncTimeout\",\"cucumberFeaturesWithLineNumbers\",\"autoCompileOpts\",\"mochaOpts\",\"jasmineOpts\",\"cucumberOpts\",\"onPrepare\",\"onWorkerStart\",\"onWorkerEnd\",\"before\",\"beforeSession\",\"beforeSuite\",\"beforeHook\",\"beforeTest\",\"afterTest\",\"afterHook\",\"afterSuite\",\"afterSession\",\"after\",\"onComplete\",\"beforeAssertion\",\"afterAssertion\",\"beforeFeature\",\"beforeScenario\",\"beforeStep\",\"afterStep\",\"afterScenario\",\"afterFeature\",\"_\",\"suite\",\"$0\",\"ignoredWorkerServices\",\"wdi5\"]"}]}
RESULT: {"script":"<script> [2342 bytes]","args":[{"protocol":"http","hostname":"0.0.0.0","path":"/","capabilities":{"browserName":"chrome","goog:chromeOptions":{"binary":"C:\\Program Files\\Google\\Chrome\\Application\\chrome.exe","args":["--start-maximized"]}},"logLevel":"warn","connectionRetryTimeout":120000,"connectionRetryCount":3,"logLevels":{},"enableDirectConnect":true,"strictSSL":true,"_":"65 more keys: [\"cacheDir\",\"port\",\"requestedCapabilities\",\"automationProtocol\",\"baseUrl\",\"waitforInterval\",\"waitforTimeout\",\"onReload\",\"beforeCommand\",\"afterCommand\",\"rootDir\",\"specs\",\"suites\",\"exclude\",\"groupLogsByTestSpec\",\"excludeDriverLogs\",\"bail\",\"framework\",\"reporters\",\"services\",\"maxInstances\",\"maxInstancesPerCapability\",\"injectGlobals\",\"filesToWatch\",\"execArgv\",\"runnerEnv\",\"runner\",\"shard\",\"specFileRetries\",\"specFileRetriesDelay\",\"specFileRetriesDeferred\",\"reporterSyncInterval\",\"reporterSyncTimeout\",\"cucumberFeaturesWithLineNumbers\",\"autoCompileOpts\",\"mochaOpts\",\"jasmineOpts\",\"cucumberOpts\",\"onPrepare\",\"onWorkerStart\",\"onWorkerEnd\",\"before\",\"beforeSession\",\"beforeSuite\",\"beforeHook\",\"beforeTest\",\"afterTest\",\"afterHook\",\"afterSuite\",\"afterSession\",\"after\",\"onComplete\",\"beforeAssertion\",\"afterAssertion\",\"beforeFeature\",\"beforeScenario\",\"beforeStep\",\"afterStep\",\"afterScenario\",\"afterFeature\",\"_\",\"suite\",\"$0\",\"ignoredWorkerServices\",\"wdi5\"]"}]}
COMMAND: POST /session/39d2630e55d6b41de19dafc672cf7ebc/execute/async - {"script":"<script> [21126 bytes]","args":[35000]}
RESULT: {"script":"<script> [21126 bytes]","args":[35000]}
COMMAND: POST /session/39d2630e55d6b41de19dafc672cf7ebc/execute/async - {"script":"<script> [1562 bytes]","args":[{"selector":{"controlType":"sap.m.GenericTile","properties":{"header":"Manage Partners"}},"wdio_ui5_key":"sapm.GenericTile{\"header\":\"Manage Partners\"}"}]}
RESULT: {"script":"<script> [1562 bytes]","args":[{"selector":{"controlType":"sap.m.GenericTile","properties":{"header":"Manage Partners"}},"wdio_ui5_key":"sapm.GenericTile{\"header\":\"Manage Partners\"}"}]}
RESULT: undefined
COMMAND: POST /session/39d2630e55d6b41de19dafc672cf7ebc/element - {"using":"xpath","value":"//*[@id=\"__tile38\"]"}
RESULT: {"using":"xpath","value":"//*[@id=\"__tile38\"]"}
COMMAND: POST /session/39d2630e55d6b41de19dafc672cf7ebc/element/f.7175ED2F8B48EB9387EF736E08AAAD55.d.30DE17AE77C5E8E4C4545CBA2E4AB345.e.11637/click - {}
RESULT: {}
COMMAND: GET /session/39d2630e55d6b41de19dafc672cf7ebc/screenshot - {}
RESULT: {}
COMMAND: POST /session/39d2630e55d6b41de19dafc672cf7ebc/execute/async - {"script":"<script> [1562 bytes]","args":[{"selector":{"controlType":"sap.ui.core.Icon","viewName":"etm.portal.ui.managepartners.view.Master","viewId":"application-managepartners-display-component---masterPtm","properties":{"src":{"regex":{"source":"add"}}}},"wdio_ui5_key":"etmportal.ui.managepartners.view.Mastersap.ui.core.Icon{\"src\":{\"regex\":{\"source\":\"add\"}}}"}]}
RESULT: {"script":"<script> [1562 bytes]","args":[{"selector":{"controlType":"sap.ui.core.Icon","viewName":"etm.portal.ui.managepartners.view.Master","viewId":"application-managepartners-display-component---masterPtm","properties":{"src":{"regex":{"source":"add"}}}},"wdio_ui5_key":"etmportal.ui.managepartners.view.Mastersap.ui.core.Icon{\"src\":{\"regex\":{\"source\":\"add\"}}}"}]}
RESULT: undefined
COMMAND: POST /session/39d2630e55d6b41de19dafc672cf7ebc/element - {"using":"xpath","value":"//*[@id=\"__button4-img\"]"}
RESULT: {"using":"xpath","value":"//*[@id=\"__button4-img\"]"}
COMMAND: POST /session/39d2630e55d6b41de19dafc672cf7ebc/element/f.7175ED2F8B48EB9387EF736E08AAAD55.d.30DE17AE77C5E8E4C4545CBA2E4AB345.e.11785/click - {}
RESULT: {}
COMMAND: GET /session/39d2630e55d6b41de19dafc672cf7ebc/screenshot - {}
RESULT: {}
COMMAND: POST /session/39d2630e55d6b41de19dafc672cf7ebc/execute/async - {"script":"<script> [1562 bytes]","args":[{"selector":{"id":"application-managepartners-display-component---NewPartner--partnerId","interaction":{"idSuffix":"inner"}},"wdio_ui5_key":"applicationmanagepartners-display-component---NewPartner--partnerId"}]}
RESULT: {"script":"<script> [1562 bytes]","args":[{"selector":{"id":"application-managepartners-display-component---NewPartner--partnerId","interaction":{"idSuffix":"inner"}},"wdio_ui5_key":"applicationmanagepartners-display-component---NewPartner--partnerId"}]}
RESULT: undefined
COMMAND: POST /session/39d2630e55d6b41de19dafc672cf7ebc/execute/async - {"script":"<script> [1562 bytes]","args":[{"selector":{"id":"application-managepartners-display-component---NewPartner--addressDetailDetailsName1","interaction":{"idSuffix":"inner"}},"wdio_ui5_key":"applicationmanagepartners-display-component---NewPartner--addressDetailDetailsName1"}]}
RESULT: {"script":"<script> [1562 bytes]","args":[{"selector":{"id":"application-managepartners-display-component---NewPartner--addressDetailDetailsName1","interaction":{"idSuffix":"inner"}},"wdio_ui5_key":"applicationmanagepartners-display-component---NewPartner--addressDetailDetailsName1"}]}
RESULT: undefined
COMMAND: POST /session/39d2630e55d6b41de19dafc672cf7ebc/execute/async - {"script":"<script> [776 bytes]","args":[{"enterText":"WebdriverPartner8jk9n","selector":{"id":"application-managepartners-display-component---NewPartner--addressDetailDetailsName1","interaction":{"idSuffix":"inner"}},"clearTextFirst":true,"interactionType":"ENTER_TEXT"}]}
RESULT: {"script":"<script> [776 bytes]","args":[{"enterText":"WebdriverPartner8jk9n","selector":{"id":"application-managepartners-display-component---NewPartner--addressDetailDetailsName1","interaction":{"idSuffix":"inner"}},"clearTextFirst":true,"interactionType":"ENTER_TEXT"}]}
COMMAND: POST /session/39d2630e55d6b41de19dafc672cf7ebc/execute/async - {"script":"<script> [1562 bytes]","args":[{"selector":{"id":"application-managepartners-display-component---NewPartner--addressDetailDetailsLanguage","interaction":{"idSuffix":"inner"}},"wdio_ui5_key":"applicationmanagepartners-display-component---NewPartner--addressDetailDetailsLanguage"}]}
RESULT: {"script":"<script> [1562 bytes]","args":[{"selector":{"id":"application-managepartners-display-component---NewPartner--addressDetailDetailsLanguage","interaction":{"idSuffix":"inner"}},"wdio_ui5_key":"applicationmanagepartners-display-component---NewPartner--addressDetailDetailsLanguage"}]}
RESULT: undefined
COMMAND: POST /session/39d2630e55d6b41de19dafc672cf7ebc/execute/async - {"script":"<script> [776 bytes]","args":[{"enterText":"Romanian","selector":{"id":"application-managepartners-display-component---NewPartner--addressDetailDetailsLanguage","interaction":{"idSuffix":"inner"}},"clearTextFirst":true,"interactionType":"ENTER_TEXT"}]}
RESULT: {"script":"<script> [776 bytes]","args":[{"enterText":"Romanian","selector":{"id":"application-managepartners-display-component---NewPartner--addressDetailDetailsLanguage","interaction":{"idSuffix":"inner"}},"clearTextFirst":true,"interactionType":"ENTER_TEXT"}]}
COMMAND: POST /session/39d2630e55d6b41de19dafc672cf7ebc/element - {"using":"xpath","value":"//input[contains(@id ,\"application-managepartners-display-component---NewPartner--addressDetailDetailsName1-inner\")]"}
RESULT: {"using":"xpath","value":"//input[contains(@id ,\"application-managepartners-display-component---NewPartner--addressDetailDetailsName1-inner\")]"}
COMMAND: GET /session/39d2630e55d6b41de19dafc672cf7ebc/element/f.7175ED2F8B48EB9387EF736E08AAAD55.d.30DE17AE77C5E8E4C4545CBA2E4AB345.e.11894/property/value - {}
RESULT: {}
COMMAND: POST /session/39d2630e55d6b41de19dafc672cf7ebc/execute/async - {"script":"<script> [1562 bytes]","args":[{"selector":{"id":"application-managepartners-display-component---NewPartner--addressDetailDetailsCity1","interaction":{"idSuffix":"inner"}},"wdio_ui5_key":"applicationmanagepartners-display-component---NewPartner--addressDetailDetailsCity1"}]}
COMMAND: GET /session/39d2630e55d6b41de19dafc672cf7ebc/screenshot - {}
RESULT: {}
RESULT: {"script":"<script> [1562 bytes]","args":[{"selector":{"id":"application-managepartners-display-component---NewPartner--addressDetailDetailsCity1","interaction":{"idSuffix":"inner"}},"wdio_ui5_key":"applicationmanagepartners-display-component---NewPartner--addressDetailDetailsCity1"}]}
RESULT: undefined
COMMAND: POST /session/39d2630e55d6b41de19dafc672cf7ebc/execute/async - {"script":"<script> [776 bytes]","args":[{"enterText":"Bucharest","selector":{"id":"application-managepartners-display-component---NewPartner--addressDetailDetailsCity1","interaction":{"idSuffix":"inner"}},"clearTextFirst":true,"interactionType":"ENTER_TEXT"}]}
RESULT: {"script":"<script> [776 bytes]","args":[{"enterText":"Bucharest","selector":{"id":"application-managepartners-display-component---NewPartner--addressDetailDetailsCity1","interaction":{"idSuffix":"inner"}},"clearTextFirst":true,"interactionType":"ENTER_TEXT"}]}
COMMAND: POST /session/39d2630e55d6b41de19dafc672cf7ebc/execute/async - {"script":"<script> [1562 bytes]","args":[{"selector":{"id":"application-managepartners-display-component---NewPartner--addressDetailDetailsCountry","interaction":{"idSuffix":"inner"}},"wdio_ui5_key":"applicationmanagepartners-display-component---NewPartner--addressDetailDetailsCountry"}]}
RESULT: {"script":"<script> [1562 bytes]","args":[{"selector":{"id":"application-managepartners-display-component---NewPartner--addressDetailDetailsCountry","interaction":{"idSuffix":"inner"}},"wdio_ui5_key":"applicationmanagepartners-display-component---NewPartner--addressDetailDetailsCountry"}]}
RESULT: undefined
COMMAND: POST /session/39d2630e55d6b41de19dafc672cf7ebc/execute/async - {"script":"<script> [6424 bytes]","args":[{"element-6066-11e4-a52e-4f735466cecf":"f.7175ED2F8B48EB9387EF736E08AAAD55.d.30DE17AE77C5E8E4C4545CBA2E4AB345.e.11901"},"setValue",["Romania"]]}
RESULT: {"script":"<script> [6424 bytes]","args":[{"element-6066-11e4-a52e-4f735466cecf":"f.7175ED2F8B48EB9387EF736E08AAAD55.d.30DE17AE77C5E8E4C4545CBA2E4AB345.e.11901"},"setValue",["Romania"]]}
COMMAND: POST /session/39d2630e55d6b41de19dafc672cf7ebc/execute/async - {"script":"<script> [1562 bytes]","args":[{"selector":{"id":"application-managepartners-display-component---NewPartner--partnerDetailInternal","interaction":{"idSuffix":"inner"}},"wdio_ui5_key":"applicationmanagepartners-display-component---NewPartner--partnerDetailInternal"}]}
RESULT: {"script":"<script> [1562 bytes]","args":[{"selector":{"id":"application-managepartners-display-component---NewPartner--partnerDetailInternal","interaction":{"idSuffix":"inner"}},"wdio_ui5_key":"applicationmanagepartners-display-component---NewPartner--partnerDetailInternal"}]}
RESULT: undefined
COMMAND: POST /session/39d2630e55d6b41de19dafc672cf7ebc/execute/async - {"script":"<script> [776 bytes]","args":[{"enterText":"External partner","selector":{"id":"application-managepartners-display-component---NewPartner--partnerDetailInternal","interaction":{"idSuffix":"inner"}},"clearTextFirst":true,"interactionType":"ENTER_TEXT"}]}
RESULT: {"script":"<script> [776 bytes]","args":[{"enterText":"External partner","selector":{"id":"application-managepartners-display-component---NewPartner--partnerDetailInternal","interaction":{"idSuffix":"inner"}},"clearTextFirst":true,"interactionType":"ENTER_TEXT"}]}
COMMAND: POST /session/39d2630e55d6b41de19dafc672cf7ebc/execute/async - {"script":"<script> [1562 bytes]","args":[{"selector":{"id":"application-managepartners-display-component---NewPartner--partnerDetailsCurrency","interaction":{"idSuffix":"inner"}},"wdio_ui5_key":"applicationmanagepartners-display-component---NewPartner--partnerDetailsCurrency"}]}
RESULT: {"script":"<script> [1562 bytes]","args":[{"selector":{"id":"application-managepartners-display-component---NewPartner--partnerDetailsCurrency","interaction":{"idSuffix":"inner"}},"wdio_ui5_key":"applicationmanagepartners-display-component---NewPartner--partnerDetailsCurrency"}]}
RESULT: undefined
COMMAND: POST /session/39d2630e55d6b41de19dafc672cf7ebc/execute/async - {"script":"<script> [776 bytes]","args":[{"enterText":"Euro","selector":{"id":"application-managepartners-display-component---NewPartner--partnerDetailsCurrency","interaction":{"idSuffix":"inner"}},"clearTextFirst":true,"interactionType":"ENTER_TEXT"}]}
RESULT: {"script":"<script> [776 bytes]","args":[{"enterText":"Euro","selector":{"id":"application-managepartners-display-component---NewPartner--partnerDetailsCurrency","interaction":{"idSuffix":"inner"}},"clearTextFirst":true,"interactionType":"ENTER_TEXT"}]}
COMMAND: POST /session/39d2630e55d6b41de19dafc672cf7ebc/execute/async - {"script":"<script> [1562 bytes]","args":[{"selector":{"controlType":"sap.m.Button","viewName":"etm.portal.ui.managepartners.view.NewPartner","viewId":"application-managepartners-display-component---NewPartner","properties":{"text":"Commercial"},"interaction":{"idSuffix":"BDI-content"}},"wdio_ui5_key":"etmportal.ui.managepartners.view.NewPartnersap.m.Button{\"text\":\"Commercial\"}"}]}
RESULT: {"script":"<script> [1562 bytes]","args":[{"selector":{"controlType":"sap.m.Button","viewName":"etm.portal.ui.managepartners.view.NewPartner","viewId":"application-managepartners-display-component---NewPartner","properties":{"text":"Commercial"},"interaction":{"idSuffix":"BDI-content"}},"wdio_ui5_key":"etmportal.ui.managepartners.view.NewPartnersap.m.Button{\"text\":\"Commercial\"}"}]}
RESULT: undefined
COMMAND: POST /session/39d2630e55d6b41de19dafc672cf7ebc/element - {"using":"xpath","value":"//*[@id=\"application-managepartners-display-component---NewPartner--ObjectPageLayout-anchBar-__section5-anchor\"]"}
RESULT: {"using":"xpath","value":"//*[@id=\"application-managepartners-display-component---NewPartner--ObjectPageLayout-anchBar-__section5-anchor\"]"}
COMMAND: POST /session/39d2630e55d6b41de19dafc672cf7ebc/element/f.7175ED2F8B48EB9387EF736E08AAAD55.d.30DE17AE77C5E8E4C4545CBA2E4AB345.e.12108/click - {}
RESULT: {}
COMMAND: GET /session/39d2630e55d6b41de19dafc672cf7ebc/screenshot - {}
RESULT: {}
COMMAND: POST /session/39d2630e55d6b41de19dafc672cf7ebc/execute/async - {"script":"<script> [1562 bytes]","args":[{"selector":{"id":"application-managepartners-display-component---NewPartner--btnAddTableRow-img"},"wdio_ui5_key":"applicationmanagepartners-display-component---NewPartner--btnAddTableRow-img"}]}
RESULT: {"script":"<script> [1562 bytes]","args":[{"selector":{"id":"application-managepartners-display-component---NewPartner--btnAddTableRow-img"},"wdio_ui5_key":"applicationmanagepartners-display-component---NewPartner--btnAddTableRow-img"}]}
RESULT: undefined
COMMAND: POST /session/39d2630e55d6b41de19dafc672cf7ebc/element - {"using":"xpath","value":"//*[@id=\"application-managepartners-display-component---NewPartner--btnAddTableRow-img\"]"}
RESULT: {"using":"xpath","value":"//*[@id=\"application-managepartners-display-component---NewPartner--btnAddTableRow-img\"]"}
COMMAND: POST /session/39d2630e55d6b41de19dafc672cf7ebc/element/f.7175ED2F8B48EB9387EF736E08AAAD55.d.30DE17AE77C5E8E4C4545CBA2E4AB345.e.12114/click - {}
RESULT: {}
COMMAND: POST /session/39d2630e55d6b41de19dafc672cf7ebc/element - {"using":"xpath","value":"//input[contains(@id ,\"application-managepartners-display-component---NewPartner--assignmentYard-application-managepartners-display-component---NewPartner\")]"}
COMMAND: GET /session/39d2630e55d6b41de19dafc672cf7ebc/screenshot - {}
RESULT: {"using":"xpath","value":"//input[contains(@id ,\"application-managepartners-display-component---NewPartner--assignmentYard-application-managepartners-display-component---NewPartner\")]"}
COMMAND: POST /session/39d2630e55d6b41de19dafc672cf7ebc/element/f.7175ED2F8B48EB9387EF736E08AAAD55.d.30DE17AE77C5E8E4C4545CBA2E4AB345.e.12117/clear - {}
RESULT: {}
RESULT: {}
COMMAND: POST /session/39d2630e55d6b41de19dafc672cf7ebc/element/f.7175ED2F8B48EB9387EF736E08AAAD55.d.30DE17AE77C5E8E4C4545CBA2E4AB345.e.12117/value - {"text":"435"}
COMMAND: GET /session/39d2630e55d6b41de19dafc672cf7ebc/screenshot - {}
RESULT: {"text":"435"}
COMMAND: GET /session/39d2630e55d6b41de19dafc672cf7ebc/screenshot - {}
RESULT: {}
RESULT: {}
COMMAND: POST /session/39d2630e55d6b41de19dafc672cf7ebc/execute/async - {"script":"<script> [1562 bytes]","args":[{"selector":{"controlType":"sap.m.Button","viewName":"etm.portal.ui.managepartners.view.NewPartner","viewId":"application-managepartners-display-component---NewPartner","i18NText":{"propertyName":"text","key":"save"},"interaction":{"idSuffix":"BDI-content"}},"wdio_ui5_key":"etmportal.ui.managepartners.view.NewPartnersap.m.Button{\"propertyName\":\"text\",\"key\":\"save\"}"}]}
RESULT: {"script":"<script> [1562 bytes]","args":[{"selector":{"controlType":"sap.m.Button","viewName":"etm.portal.ui.managepartners.view.NewPartner","viewId":"application-managepartners-display-component---NewPartner","i18NText":{"propertyName":"text","key":"save"},"interaction":{"idSuffix":"BDI-content"}},"wdio_ui5_key":"etmportal.ui.managepartners.view.NewPartnersap.m.Button{\"propertyName\":\"text\",\"key\":\"save\"}"}]}
RESULT: undefined
COMMAND: POST /session/39d2630e55d6b41de19dafc672cf7ebc/element - {"using":"xpath","value":"//*[@id=\"__button12\"]"}
RESULT: {"using":"xpath","value":"//*[@id=\"__button12\"]"}
COMMAND: POST /session/39d2630e55d6b41de19dafc672cf7ebc/element/f.7175ED2F8B48EB9387EF736E08AAAD55.d.30DE17AE77C5E8E4C4545CBA2E4AB345.e.12087/click - {}
RESULT: {}
COMMAND: GET /session/39d2630e55d6b41de19dafc672cf7ebc/screenshot - {}
RESULT: {}
COMMAND: POST /session/39d2630e55d6b41de19dafc672cf7ebc/element - {"using":"xpath","value":"//header/div/div[2]/div[2]/span"}
RESULT: {"using":"xpath","value":"//header/div/div[2]/div[2]/span"}
COMMAND: GET /session/39d2630e55d6b41de19dafc672cf7ebc/element/f.7175ED2F8B48EB9387EF736E08AAAD55.d.30DE17AE77C5E8E4C4545CBA2E4AB345.e.12288/text - {}
RESULT: {}
COMMAND: POST /session/39d2630e55d6b41de19dafc672cf7ebc/element - {"using":"xpath","value":"//header/div/div/div/div/div/div[2]/div/span"}
RESULT: {"using":"xpath","value":"//header/div/div/div/div/div/div[2]/div/span"}
COMMAND: GET /session/39d2630e55d6b41de19dafc672cf7ebc/element/f.7175ED2F8B48EB9387EF736E08AAAD55.d.30DE17AE77C5E8E4C4545CBA2E4AB345.e.12289/text - {}
RESULT: {}
COMMAND: POST /session/39d2630e55d6b41de19dafc672cf7ebc/execute/async - {"script":"<script> [1562 bytes]","args":[{"selector":{"id":"application-managepartners-display-component---detailPtm--partnerType"},"wdio_ui5_key":"applicationmanagepartners-display-component---detailPtm--partnerType"}]}
RESULT: {"script":"<script> [1562 bytes]","args":[{"selector":{"id":"application-managepartners-display-component---detailPtm--partnerType"},"wdio_ui5_key":"applicationmanagepartners-display-component---detailPtm--partnerType"}]}
RESULT: undefined
COMMAND: POST /session/39d2630e55d6b41de19dafc672cf7ebc/execute/async - {"script":"<script> [6424 bytes]","args":[{"element-6066-11e4-a52e-4f735466cecf":"f.7175ED2F8B48EB9387EF736E08AAAD55.d.30DE17AE77C5E8E4C4545CBA2E4AB345.e.12290"},"getText",[]]}
RESULT: {"script":"<script> [6424 bytes]","args":[{"element-6066-11e4-a52e-4f735466cecf":"f.7175ED2F8B48EB9387EF736E08AAAD55.d.30DE17AE77C5E8E4C4545CBA2E4AB345.e.12290"},"getText",[]]}
COMMAND: POST /session/39d2630e55d6b41de19dafc672cf7ebc/element - {"using":"css selector","value":"#shell-header-logo"}
RESULT: {"using":"css selector","value":"#shell-header-logo"}
COMMAND: POST /session/39d2630e55d6b41de19dafc672cf7ebc/element/f.7175ED2F8B48EB9387EF736E08AAAD55.d.30DE17AE77C5E8E4C4545CBA2E4AB345.e.11638/click - {}
RESULT: {}
COMMAND: GET /session/39d2630e55d6b41de19dafc672cf7ebc/screenshot - {}
RESULT: {}
COMMAND: POST /session/39d2630e55d6b41de19dafc672cf7ebc/execute/async - {"script":"<script> [1562 bytes]","args":[{"selector":{"controlType":"sap.m.GenericTile","properties":{"header":"Manage Sites"}},"wdio_ui5_key":"sapm.GenericTile{\"header\":\"Manage Sites\"}"}]}
RESULT: {"script":"<script> [1562 bytes]","args":[{"selector":{"controlType":"sap.m.GenericTile","properties":{"header":"Manage Sites"}},"wdio_ui5_key":"sapm.GenericTile{\"header\":\"Manage Sites\"}"}]}
RESULT: undefined
COMMAND: POST /session/39d2630e55d6b41de19dafc672cf7ebc/element - {"using":"xpath","value":"//*[@id=\"__tile40\"]"}
RESULT: {"using":"xpath","value":"//*[@id=\"__tile40\"]"}
COMMAND: POST /session/39d2630e55d6b41de19dafc672cf7ebc/element/f.7175ED2F8B48EB9387EF736E08AAAD55.d.30DE17AE77C5E8E4C4545CBA2E4AB345.e.12292/click - {}
RESULT: {}
COMMAND: GET /session/39d2630e55d6b41de19dafc672cf7ebc/screenshot - {}
RESULT: {}
COMMAND: POST /session/39d2630e55d6b41de19dafc672cf7ebc/execute/async - {"script":"<script> [1562 bytes]","args":[{"selector":{"controlType":"sap.ui.core.Icon","viewName":"etm.portal.ui.managesites.view.Master","viewId":"application-managesites-display-component---masterSite","properties":{"src":{"regex":{"source":"add"}}}},"wdio_ui5_key":"etmportal.ui.managesites.view.Mastersap.ui.core.Icon{\"src\":{\"regex\":{\"source\":\"add\"}}}"}]}
RESULT: {"script":"<script> [1562 bytes]","args":[{"selector":{"controlType":"sap.ui.core.Icon","viewName":"etm.portal.ui.managesites.view.Master","viewId":"application-managesites-display-component---masterSite","properties":{"src":{"regex":{"source":"add"}}}},"wdio_ui5_key":"etmportal.ui.managesites.view.Mastersap.ui.core.Icon{\"src\":{\"regex\":{\"source\":\"add\"}}}"}]}
RESULT: undefined
COMMAND: POST /session/39d2630e55d6b41de19dafc672cf7ebc/element - {"using":"xpath","value":"//*[@id=\"__button52-img\"]"}
RESULT: {"using":"xpath","value":"//*[@id=\"__button52-img\"]"}
COMMAND: POST /session/39d2630e55d6b41de19dafc672cf7ebc/element/f.7175ED2F8B48EB9387EF736E08AAAD55.d.30DE17AE77C5E8E4C4545CBA2E4AB345.e.12342/click - {}
RESULT: {}
COMMAND: POST /session/39d2630e55d6b41de19dafc672cf7ebc/execute/async - {"script":"<script> [1562 bytes]","args":[{"selector":{"id":"application-managesites-display-component---NewSite--siteId","interaction":{"idSuffix":"inner"}},"wdio_ui5_key":"applicationmanagesites-display-component---NewSite--siteId"}]}
COMMAND: GET /session/39d2630e55d6b41de19dafc672cf7ebc/screenshot - {}
RESULT: {"script":"<script> [1562 bytes]","args":[{"selector":{"id":"application-managesites-display-component---NewSite--siteId","interaction":{"idSuffix":"inner"}},"wdio_ui5_key":"applicationmanagesites-display-component---NewSite--siteId"}]}
RESULT: undefined
COMMAND: POST /session/39d2630e55d6b41de19dafc672cf7ebc/execute/async - {"script":"<script> [1562 bytes]","args":[{"selector":{"id":"application-managesites-display-component---NewSite--addressDetailDetailsName1","interaction":{"idSuffix":"inner"}},"wdio_ui5_key":"applicationmanagesites-display-component---NewSite--addressDetailDetailsName1"}]}
RESULT: {}
RESULT: {"script":"<script> [1562 bytes]","args":[{"selector":{"id":"application-managesites-display-component---NewSite--addressDetailDetailsName1","interaction":{"idSuffix":"inner"}},"wdio_ui5_key":"applicationmanagesites-display-component---NewSite--addressDetailDetailsName1"}]}
RESULT: undefined
COMMAND: POST /session/39d2630e55d6b41de19dafc672cf7ebc/execute/async - {"script":"<script> [776 bytes]","args":[{"enterText":"WebdriverSitew1tec","selector":{"id":"application-managesites-display-component---NewSite--addressDetailDetailsName1","interaction":{"idSuffix":"inner"}},"clearTextFirst":true,"interactionType":"ENTER_TEXT"}]}
RESULT: {"script":"<script> [776 bytes]","args":[{"enterText":"WebdriverSitew1tec","selector":{"id":"application-managesites-display-component---NewSite--addressDetailDetailsName1","interaction":{"idSuffix":"inner"}},"clearTextFirst":true,"interactionType":"ENTER_TEXT"}]}
COMMAND: POST /session/39d2630e55d6b41de19dafc672cf7ebc/execute/async - {"script":"<script> [1562 bytes]","args":[{"selector":{"id":"application-managesites-display-component---NewSite--addressDetailDetailsLanguage","interaction":{"idSuffix":"inner"}},"wdio_ui5_key":"applicationmanagesites-display-component---NewSite--addressDetailDetailsLanguage"}]}
RESULT: {"script":"<script> [1562 bytes]","args":[{"selector":{"id":"application-managesites-display-component---NewSite--addressDetailDetailsLanguage","interaction":{"idSuffix":"inner"}},"wdio_ui5_key":"applicationmanagesites-display-component---NewSite--addressDetailDetailsLanguage"}]}
RESULT: undefined
COMMAND: POST /session/39d2630e55d6b41de19dafc672cf7ebc/execute/async - {"script":"<script> [776 bytes]","args":[{"enterText":"Romanian","selector":{"id":"application-managesites-display-component---NewSite--addressDetailDetailsLanguage","interaction":{"idSuffix":"inner"}},"clearTextFirst":true,"interactionType":"ENTER_TEXT"}]}
RESULT: {"script":"<script> [776 bytes]","args":[{"enterText":"Romanian","selector":{"id":"application-managesites-display-component---NewSite--addressDetailDetailsLanguage","interaction":{"idSuffix":"inner"}},"clearTextFirst":true,"interactionType":"ENTER_TEXT"}]}
COMMAND: POST /session/39d2630e55d6b41de19dafc672cf7ebc/execute/async - {"script":"<script> [1562 bytes]","args":[{"selector":{"id":"application-managesites-display-component---NewSite--addressDetailDetailsCity1","interaction":{"idSuffix":"inner"}},"wdio_ui5_key":"applicationmanagesites-display-component---NewSite--addressDetailDetailsCity1"}]}
RESULT: {"script":"<script> [1562 bytes]","args":[{"selector":{"id":"application-managesites-display-component---NewSite--addressDetailDetailsCity1","interaction":{"idSuffix":"inner"}},"wdio_ui5_key":"applicationmanagesites-display-component---NewSite--addressDetailDetailsCity1"}]}
RESULT: undefined
COMMAND: POST /session/39d2630e55d6b41de19dafc672cf7ebc/execute/async - {"script":"<script> [776 bytes]","args":[{"enterText":"Bucharest","selector":{"id":"application-managesites-display-component---NewSite--addressDetailDetailsCity1","interaction":{"idSuffix":"inner"}},"clearTextFirst":true,"interactionType":"ENTER_TEXT"}]}
RESULT: {"script":"<script> [776 bytes]","args":[{"enterText":"Bucharest","selector":{"id":"application-managesites-display-component---NewSite--addressDetailDetailsCity1","interaction":{"idSuffix":"inner"}},"clearTextFirst":true,"interactionType":"ENTER_TEXT"}]}
COMMAND: POST /session/39d2630e55d6b41de19dafc672cf7ebc/execute/async - {"script":"<script> [1562 bytes]","args":[{"selector":{"id":"application-managesites-display-component---NewSite--addressDetailDetailsCountry","interaction":{"idSuffix":"inner"}},"wdio_ui5_key":"applicationmanagesites-display-component---NewSite--addressDetailDetailsCountry"}]}
RESULT: {"script":"<script> [1562 bytes]","args":[{"selector":{"id":"application-managesites-display-component---NewSite--addressDetailDetailsCountry","interaction":{"idSuffix":"inner"}},"wdio_ui5_key":"applicationmanagesites-display-component---NewSite--addressDetailDetailsCountry"}]}
RESULT: undefined
COMMAND: POST /session/39d2630e55d6b41de19dafc672cf7ebc/execute/async - {"script":"<script> [776 bytes]","args":[{"enterText":"Romania","selector":{"id":"application-managesites-display-component---NewSite--addressDetailDetailsCountry","interaction":{"idSuffix":"inner"}},"clearTextFirst":true,"interactionType":"ENTER_TEXT"}]}
RESULT: {"script":"<script> [776 bytes]","args":[{"enterText":"Romania","selector":{"id":"application-managesites-display-component---NewSite--addressDetailDetailsCountry","interaction":{"idSuffix":"inner"}},"clearTextFirst":true,"interactionType":"ENTER_TEXT"}]}
COMMAND: POST /session/39d2630e55d6b41de19dafc672cf7ebc/element - {"using":"css selector","value":"#application-managesites-display-component---NewSite--addressDetailDetailsCalendar-inner"}
RESULT: {"using":"css selector","value":"#application-managesites-display-component---NewSite--addressDetailDetailsCalendar-inner"}
COMMAND: POST /session/39d2630e55d6b41de19dafc672cf7ebc/element/f.7175ED2F8B48EB9387EF736E08AAAD55.d.30DE17AE77C5E8E4C4545CBA2E4AB345.e.12583/clear - {}
RESULT: {}
COMMAND: POST /session/39d2630e55d6b41de19dafc672cf7ebc/element/f.7175ED2F8B48EB9387EF736E08AAAD55.d.30DE17AE77C5E8E4C4545CBA2E4AB345.e.12583/value - {"text":"Germany"}
COMMAND: GET /session/39d2630e55d6b41de19dafc672cf7ebc/screenshot - {}
RESULT: {"text":"Germany"}
COMMAND: POST /session/39d2630e55d6b41de19dafc672cf7ebc/execute/async - {"script":"<script> [1562 bytes]","args":[{"selector":{"id":"application-managesites-display-component---NewSite--addressEditDetailsCostObjectCstType-arrow"},"wdio_ui5_key":"applicationmanagesites-display-component---NewSite--addressEditDetailsCostObjectCstType-arrow"}]}
COMMAND: GET /session/39d2630e55d6b41de19dafc672cf7ebc/screenshot - {}
RESULT: {}
RESULT: {"script":"<script> [1562 bytes]","args":[{"selector":{"id":"application-managesites-display-component---NewSite--addressEditDetailsCostObjectCstType-arrow"},"wdio_ui5_key":"applicationmanagesites-display-component---NewSite--addressEditDetailsCostObjectCstType-arrow"}]}
RESULT: undefined
COMMAND: POST /session/39d2630e55d6b41de19dafc672cf7ebc/element - {"using":"xpath","value":"//*[@id=\"application-managesites-display-component---NewSite--addressEditDetailsCostObjectCstType-arrow\"]"}
RESULT: {}
RESULT: {"using":"xpath","value":"//*[@id=\"application-managesites-display-component---NewSite--addressEditDetailsCostObjectCstType-arrow\"]"}
COMMAND: POST /session/39d2630e55d6b41de19dafc672cf7ebc/element/f.7175ED2F8B48EB9387EF736E08AAAD55.d.30DE17AE77C5E8E4C4545CBA2E4AB345.e.12729/click - {}
RESULT: {}
COMMAND: POST /session/39d2630e55d6b41de19dafc672cf7ebc/element - {"using":"xpath","value":"//span[contains(text(), \"Work Breakdown Structure\")]"}
COMMAND: GET /session/39d2630e55d6b41de19dafc672cf7ebc/screenshot - {}
RESULT: {"using":"xpath","value":"//span[contains(text(), \"Work Breakdown Structure\")]"}
COMMAND: POST /session/39d2630e55d6b41de19dafc672cf7ebc/element/f.7175ED2F8B48EB9387EF736E08AAAD55.d.30DE17AE77C5E8E4C4545CBA2E4AB345.e.12730/click - {}
RESULT: {}
RESULT: {}
COMMAND: GET /session/39d2630e55d6b41de19dafc672cf7ebc/screenshot - {}
RESULT: {}
COMMAND: POST /session/39d2630e55d6b41de19dafc672cf7ebc/execute/async - {"script":"<script> [1562 bytes]","args":[{"selector":{"id":"application-managesites-display-component---NewSite--addressNewCostObjectCstID-vhi"},"wdio_ui5_key":"applicationmanagesites-display-component---NewSite--addressNewCostObjectCstID-vhi"}]}
RESULT: {"script":"<script> [1562 bytes]","args":[{"selector":{"id":"application-managesites-display-component---NewSite--addressNewCostObjectCstID-vhi"},"wdio_ui5_key":"applicationmanagesites-display-component---NewSite--addressNewCostObjectCstID-vhi"}]}
RESULT: undefined
COMMAND: POST /session/39d2630e55d6b41de19dafc672cf7ebc/element - {"using":"xpath","value":"//*[@id=\"application-managesites-display-component---NewSite--addressNewCostObjectCstID-vhi\"]"}
RESULT: {"using":"xpath","value":"//*[@id=\"application-managesites-display-component---NewSite--addressNewCostObjectCstID-vhi\"]"}
COMMAND: POST /session/39d2630e55d6b41de19dafc672cf7ebc/element/f.7175ED2F8B48EB9387EF736E08AAAD55.d.30DE17AE77C5E8E4C4545CBA2E4AB345.e.12735/click - {}
RESULT: {}
COMMAND: GET /session/39d2630e55d6b41de19dafc672cf7ebc/screenshot - {}
RESULT: {}
COMMAND: POST /session/39d2630e55d6b41de19dafc672cf7ebc/execute/async - {"script":"<script> [1562 bytes]","args":[{"selector":{"controlType":"sap.m.SearchField","properties":{"placeholder":"Search"},"searchOpenDialogs":true,"interaction":{"idSuffix":"I"}},"wdio_ui5_key":"sapm.SearchField{\"placeholder\":\"Search\"}"}]}
RESULT: {"script":"<script> [1562 bytes]","args":[{"selector":{"controlType":"sap.m.SearchField","properties":{"placeholder":"Search"},"searchOpenDialogs":true,"interaction":{"idSuffix":"I"}},"wdio_ui5_key":"sapm.SearchField{\"placeholder\":\"Search\"}"}]}
RESULT: undefined
COMMAND: POST /session/39d2630e55d6b41de19dafc672cf7ebc/execute/async - {"script":"<script> [776 bytes]","args":[{"enterText":"A1-000100-01","selector":{"controlType":"sap.m.SearchField","properties":{"placeholder":"Search"},"searchOpenDialogs":true,"interaction":{"idSuffix":"I"}},"clearTextFirst":true,"interactionType":"ENTER_TEXT"}]}
RESULT: {"script":"<script> [776 bytes]","args":[{"enterText":"A1-000100-01","selector":{"controlType":"sap.m.SearchField","properties":{"placeholder":"Search"},"searchOpenDialogs":true,"interaction":{"idSuffix":"I"}},"clearTextFirst":true,"interactionType":"ENTER_TEXT"}]}
COMMAND: POST /session/39d2630e55d6b41de19dafc672cf7ebc/actions - {"actions":[{"id":"action67","type":"key","parameters":{},"actions":[{"type":"keyDown","value":"î€‡"},{"type":"pause","duration":10},{"type":"keyUp","value":"î€‡"}]}]}
RESULT: {"actions":[{"id":"action67","type":"key","parameters":{},"actions":[{"type":"keyDown","value":"î€‡"},{"type":"pause","duration":10},{"type":"keyUp","value":"î€‡"}]}]}
COMMAND: GET /session/39d2630e55d6b41de19dafc672cf7ebc/screenshot - {}
RESULT: {}
COMMAND: POST /session/39d2630e55d6b41de19dafc672cf7ebc/element - {"using":"xpath","value":"//span[contains(text(), \"Template for ETO-Process\")]"}
RESULT: {"using":"xpath","value":"//span[contains(text(), \"Template for ETO-Process\")]"}
COMMAND: POST /session/39d2630e55d6b41de19dafc672cf7ebc/element/f.7175ED2F8B48EB9387EF736E08AAAD55.d.30DE17AE77C5E8E4C4545CBA2E4AB345.e.12755/click - {}
RESULT: {}
COMMAND: GET /session/39d2630e55d6b41de19dafc672cf7ebc/screenshot - {}
RESULT: {}
COMMAND: POST /session/39d2630e55d6b41de19dafc672cf7ebc/element - {"using":"xpath","value":"//bdi[contains(text(), \"OK\")]"}
RESULT: {"using":"xpath","value":"//bdi[contains(text(), \"OK\")]"}
COMMAND: POST /session/39d2630e55d6b41de19dafc672cf7ebc/element/f.7175ED2F8B48EB9387EF736E08AAAD55.d.30DE17AE77C5E8E4C4545CBA2E4AB345.e.12756/click - {}
RESULT: {}
COMMAND: GET /session/39d2630e55d6b41de19dafc672cf7ebc/screenshot - {}
RESULT: {}
COMMAND: POST /session/39d2630e55d6b41de19dafc672cf7ebc/element - {"using":"xpath","value":"//input[@id=\"application-managesites-display-component---NewSite--addressDetailDetailsYard-inner\"]"}
RESULT: {"using":"xpath","value":"//input[@id=\"application-managesites-display-component---NewSite--addressDetailDetailsYard-inner\"]"}
COMMAND: POST /session/39d2630e55d6b41de19dafc672cf7ebc/element/f.7175ED2F8B48EB9387EF736E08AAAD55.d.30DE17AE77C5E8E4C4545CBA2E4AB345.e.12584/value - {"text":"435"}
RESULT: {"text":"435"}
COMMAND: GET /session/39d2630e55d6b41de19dafc672cf7ebc/screenshot - {}
RESULT: {}
COMMAND: POST /session/39d2630e55d6b41de19dafc672cf7ebc/actions - {"actions":[{"id":"action68","type":"key","parameters":{},"actions":[{"type":"keyDown","value":"î€‡"},{"type":"pause","duration":10},{"type":"keyUp","value":"î€‡"}]}]}
RESULT: {"actions":[{"id":"action68","type":"key","parameters":{},"actions":[{"type":"keyDown","value":"î€‡"},{"type":"pause","duration":10},{"type":"keyUp","value":"î€‡"}]}]}
COMMAND: GET /session/39d2630e55d6b41de19dafc672cf7ebc/screenshot - {}
RESULT: {}
COMMAND: POST /session/39d2630e55d6b41de19dafc672cf7ebc/element - {"using":"xpath","value":"//input[@id=\"application-managesites-display-component---NewSite--addressDetailDetailsPartner-inner\"]"}
RESULT: {"using":"xpath","value":"//input[@id=\"application-managesites-display-component---NewSite--addressDetailDetailsPartner-inner\"]"}
COMMAND: POST /session/39d2630e55d6b41de19dafc672cf7ebc/elements - {"using":"xpath","value":"//input[@id=\"application-managesites-display-component---NewSite--addressDetailDetailsPartner-inner\"]"}
RESULT: {"using":"xpath","value":"//input[@id=\"application-managesites-display-component---NewSite--addressDetailDetailsPartner-inner\"]"}
COMMAND: POST /session/39d2630e55d6b41de19dafc672cf7ebc/execute/async - {"script":"<script> [1562 bytes]","args":[{"selector":{"controlType":"sap.m.Button","viewName":"etm.portal.ui.managesites.view.NewSmartSite","viewId":"application-managesites-display-component---NewSite","properties":{"text":"Commercial"},"interaction":{"idSuffix":"BDI-content"}},"wdio_ui5_key":"etmportal.ui.managesites.view.NewSmartSitesap.m.Button{\"text\":\"Commercial\"}"}]}
RESULT: {"script":"<script> [1562 bytes]","args":[{"selector":{"controlType":"sap.m.Button","viewName":"etm.portal.ui.managesites.view.NewSmartSite","viewId":"application-managesites-display-component---NewSite","properties":{"text":"Commercial"},"interaction":{"idSuffix":"BDI-content"}},"wdio_ui5_key":"etmportal.ui.managesites.view.NewSmartSitesap.m.Button{\"text\":\"Commercial\"}"}]}
RESULT: undefined
COMMAND: POST /session/39d2630e55d6b41de19dafc672cf7ebc/element - {"using":"xpath","value":"//*[@id=\"application-managesites-display-component---NewSite--ObjectPageLayout-anchBar-__section31-anchor\"]"}
RESULT: {"using":"xpath","value":"//*[@id=\"application-managesites-display-component---NewSite--ObjectPageLayout-anchBar-__section31-anchor\"]"}
COMMAND: POST /session/39d2630e55d6b41de19dafc672cf7ebc/element/f.7175ED2F8B48EB9387EF736E08AAAD55.d.30DE17AE77C5E8E4C4545CBA2E4AB345.e.12763/click - {}
RESULT: {}
COMMAND: POST /session/39d2630e55d6b41de19dafc672cf7ebc/execute/async - {"script":"<script> [1562 bytes]","args":[{"selector":{"controlType":"sap.m.Button","viewName":"etm.portal.ui.managesites.view.NewSmartSite","viewId":"application-managesites-display-component---NewSite","i18NText":{"propertyName":"text","key":"save"},"interaction":{"idSuffix":"BDI-content"}},"wdio_ui5_key":"etmportal.ui.managesites.view.NewSmartSitesap.m.Button{\"propertyName\":\"text\",\"key\":\"save\"}"}]}
COMMAND: GET /session/39d2630e55d6b41de19dafc672cf7ebc/screenshot - {}
RESULT: {"script":"<script> [1562 bytes]","args":[{"selector":{"controlType":"sap.m.Button","viewName":"etm.portal.ui.managesites.view.NewSmartSite","viewId":"application-managesites-display-component---NewSite","i18NText":{"propertyName":"text","key":"save"},"interaction":{"idSuffix":"BDI-content"}},"wdio_ui5_key":"etmportal.ui.managesites.view.NewSmartSitesap.m.Button{\"propertyName\":\"text\",\"key\":\"save\"}"}]}
RESULT: undefined
COMMAND: POST /session/39d2630e55d6b41de19dafc672cf7ebc/element - {"using":"xpath","value":"//*[@id=\"__button64\"]"}
RESULT: {}
RESULT: {"using":"xpath","value":"//*[@id=\"__button64\"]"}
COMMAND: POST /session/39d2630e55d6b41de19dafc672cf7ebc/element/f.7175ED2F8B48EB9387EF736E08AAAD55.d.30DE17AE77C5E8E4C4545CBA2E4AB345.e.12702/click - {}
RESULT: {}
COMMAND: GET /session/39d2630e55d6b41de19dafc672cf7ebc/screenshot - {}
RESULT: {}
COMMAND: POST /session/39d2630e55d6b41de19dafc672cf7ebc/execute/async - {"script":"<script> [1562 bytes]","args":[{"selector":{"id":"application-managesites-display-component---detailSite--addressDetailDetailsYardText"},"wdio_ui5_key":"applicationmanagesites-display-component---detailSite--addressDetailDetailsYardText"}]}
RESULT: {"script":"<script> [1562 bytes]","args":[{"selector":{"id":"application-managesites-display-component---detailSite--addressDetailDetailsYardText"},"wdio_ui5_key":"applicationmanagesites-display-component---detailSite--addressDetailDetailsYardText"}]}
RESULT: undefined
COMMAND: POST /session/39d2630e55d6b41de19dafc672cf7ebc/element - {"using":"xpath","value":"//header/div/div[2]/div[2]/span"}
RESULT: {"using":"xpath","value":"//header/div/div[2]/div[2]/span"}
COMMAND: GET /session/39d2630e55d6b41de19dafc672cf7ebc/element/f.7175ED2F8B48EB9387EF736E08AAAD55.d.30DE17AE77C5E8E4C4545CBA2E4AB345.e.12965/text - {}
RESULT: {}
COMMAND: POST /session/39d2630e55d6b41de19dafc672cf7ebc/element - {"using":"xpath","value":"//header/div/div/div/div/div/div[2]/div/span"}
RESULT: {"using":"xpath","value":"//header/div/div/div/div/div/div[2]/div/span"}
COMMAND: GET /session/39d2630e55d6b41de19dafc672cf7ebc/element/f.7175ED2F8B48EB9387EF736E08AAAD55.d.30DE17AE77C5E8E4C4545CBA2E4AB345.e.12966/text - {}
RESULT: {}
COMMAND: POST /session/39d2630e55d6b41de19dafc672cf7ebc/element - {"using":"css selector","value":"#shell-header-logo"}
RESULT: {"using":"css selector","value":"#shell-header-logo"}
COMMAND: POST /session/39d2630e55d6b41de19dafc672cf7ebc/element/f.7175ED2F8B48EB9387EF736E08AAAD55.d.30DE17AE77C5E8E4C4545CBA2E4AB345.e.12297/click - {}
RESULT: {}
COMMAND: GET /session/39d2630e55d6b41de19dafc672cf7ebc/screenshot - {}
RESULT: {}
]]></system-out>
    </testcase>
    <testcase classname="chrome.135_0_7049_96.windows.E2E_-_Logistical_and_commercial_statuses" name="It should stock increase the resource" time="187.991">
      <system-out><![CDATA[
COMMAND: POST /session/39d2630e55d6b41de19dafc672cf7ebc/execute/async - {"script":"<script> [1562 bytes]","args":[{"selector":{"controlType":"sap.m.GenericTile","properties":{"header":"Manage Resources"}},"wdio_ui5_key":"sapm.GenericTile{\"header\":\"Manage Resources\"}"}]}
RESULT: {"script":"<script> [1562 bytes]","args":[{"selector":{"controlType":"sap.m.GenericTile","properties":{"header":"Manage Resources"}},"wdio_ui5_key":"sapm.GenericTile{\"header\":\"Manage Resources\"}"}]}
RESULT: undefined
COMMAND: POST /session/39d2630e55d6b41de19dafc672cf7ebc/element - {"using":"xpath","value":"//*[@id=\"__tile39\"]"}
RESULT: {"using":"xpath","value":"//*[@id=\"__tile39\"]"}
COMMAND: POST /session/39d2630e55d6b41de19dafc672cf7ebc/element/f.7175ED2F8B48EB9387EF736E08AAAD55.d.30DE17AE77C5E8E4C4545CBA2E4AB345.e.12968/click - {}
RESULT: {}
COMMAND: GET /session/39d2630e55d6b41de19dafc672cf7ebc/screenshot - {}
RESULT: {}
COMMAND: POST /session/39d2630e55d6b41de19dafc672cf7ebc/element - {"using":"xpath","value":"//button[@data-kt=\"addNewRUOverflowToolbarButton\"]"}
RESULT: {"using":"xpath","value":"//button[@data-kt=\"addNewRUOverflowToolbarButton\"]"}
COMMAND: POST /session/39d2630e55d6b41de19dafc672cf7ebc/execute/sync - {"script":"<script> [8489 bytes]","args":[{"element-6066-11e4-a52e-4f735466cecf":"f.7175ED2F8B48EB9387EF736E08AAAD55.d.30DE17AE77C5E8E4C4545CBA2E4AB345.e.13009","ELEMENT":"f.7175ED2F8B48EB9387EF736E08AAAD55.d.30DE17AE77C5E8E4C4545CBA2E4AB345.e.13009"}]}
RESULT: {"script":"<script> [8489 bytes]","args":[{"element-6066-11e4-a52e-4f735466cecf":"f.7175ED2F8B48EB9387EF736E08AAAD55.d.30DE17AE77C5E8E4C4545CBA2E4AB345.e.13009","ELEMENT":"f.7175ED2F8B48EB9387EF736E08AAAD55.d.30DE17AE77C5E8E4C4545CBA2E4AB345.e.13009"}]}
COMMAND: POST /session/39d2630e55d6b41de19dafc672cf7ebc/element/f.7175ED2F8B48EB9387EF736E08AAAD55.d.30DE17AE77C5E8E4C4545CBA2E4AB345.e.13009/click - {}
COMMAND: GET /session/39d2630e55d6b41de19dafc672cf7ebc/screenshot - {}
RESULT: {}
COMMAND: POST /session/39d2630e55d6b41de19dafc672cf7ebc/execute/async - {"script":"<script> [1562 bytes]","args":[{"selector":{"id":"application-manageresources-display-component---newResourceUnit--TYPE-arrow"},"wdio_ui5_key":"applicationmanageresources-display-component---newResourceUnit--TYPE-arrow"}]}
COMMAND: GET /session/39d2630e55d6b41de19dafc672cf7ebc/screenshot - {}
RESULT: {}
RESULT: {"script":"<script> [1562 bytes]","args":[{"selector":{"id":"application-manageresources-display-component---newResourceUnit--TYPE-arrow"},"wdio_ui5_key":"applicationmanageresources-display-component---newResourceUnit--TYPE-arrow"}]}
RESULT: undefined
COMMAND: POST /session/39d2630e55d6b41de19dafc672cf7ebc/element - {"using":"xpath","value":"//*[@id=\"application-manageresources-display-component---newResourceUnit--TYPE-arrow\"]"}
RESULT: {}
RESULT: {"using":"xpath","value":"//*[@id=\"application-manageresources-display-component---newResourceUnit--TYPE-arrow\"]"}
COMMAND: POST /session/39d2630e55d6b41de19dafc672cf7ebc/element/f.7175ED2F8B48EB9387EF736E08AAAD55.d.30DE17AE77C5E8E4C4545CBA2E4AB345.e.13331/click - {}
RESULT: {}
COMMAND: POST /session/39d2630e55d6b41de19dafc672cf7ebc/execute/async - {"script":"<script> [1562 bytes]","args":[{"selector":{"controlType":"sap.m.StandardListItem","viewName":"reusables.view.manageresources.NewResourceUnit","viewId":"application-manageresources-display-component---newResourceUnit","properties":{"title":"Material"},"searchOpenDialogs":true,"interaction":{"idSuffix":"titleText"}},"wdio_ui5_key":"reusablesview.manageresources.NewResourceUnitsap.m.StandardListItem{\"title\":\"Material\"}"}]}
COMMAND: GET /session/39d2630e55d6b41de19dafc672cf7ebc/screenshot - {}
RESULT: {"script":"<script> [1562 bytes]","args":[{"selector":{"controlType":"sap.m.StandardListItem","viewName":"reusables.view.manageresources.NewResourceUnit","viewId":"application-manageresources-display-component---newResourceUnit","properties":{"title":"Material"},"searchOpenDialogs":true,"interaction":{"idSuffix":"titleText"}},"wdio_ui5_key":"reusablesview.manageresources.NewResourceUnitsap.m.StandardListItem{\"title\":\"Material\"}"}]}
RESULT: undefined
COMMAND: POST /session/39d2630e55d6b41de19dafc672cf7ebc/element - {"using":"xpath","value":"//*[@id=\"__item1019\"]"}
RESULT: {}
RESULT: {"using":"xpath","value":"//*[@id=\"__item1019\"]"}
COMMAND: POST /session/39d2630e55d6b41de19dafc672cf7ebc/element/f.7175ED2F8B48EB9387EF736E08AAAD55.d.30DE17AE77C5E8E4C4545CBA2E4AB345.e.13334/click - {}
RESULT: {}
COMMAND: POST /session/39d2630e55d6b41de19dafc672cf7ebc/execute/async - {"script":"<script> [1562 bytes]","args":[{"selector":{"id":"application-manageresources-display-component---newResourceUnit--SHORT_TEXT","interaction":{"idSuffix":"inner"}},"wdio_ui5_key":"applicationmanageresources-display-component---newResourceUnit--SHORT_TEXT"}]}
COMMAND: GET /session/39d2630e55d6b41de19dafc672cf7ebc/screenshot - {}
RESULT: {"script":"<script> [1562 bytes]","args":[{"selector":{"id":"application-manageresources-display-component---newResourceUnit--SHORT_TEXT","interaction":{"idSuffix":"inner"}},"wdio_ui5_key":"applicationmanageresources-display-component---newResourceUnit--SHORT_TEXT"}]}
RESULT: undefined
COMMAND: POST /session/39d2630e55d6b41de19dafc672cf7ebc/execute/async - {"script":"<script> [776 bytes]","args":[{"enterText":"WebdriverRUR2Cdj5ss","selector":{"id":"application-manageresources-display-component---newResourceUnit--SHORT_TEXT","interaction":{"idSuffix":"inner"}},"clearTextFirst":true,"interactionType":"ENTER_TEXT"}]}
RESULT: {}
RESULT: {"script":"<script> [776 bytes]","args":[{"enterText":"WebdriverRUR2Cdj5ss","selector":{"id":"application-manageresources-display-component---newResourceUnit--SHORT_TEXT","interaction":{"idSuffix":"inner"}},"clearTextFirst":true,"interactionType":"ENTER_TEXT"}]}
COMMAND: POST /session/39d2630e55d6b41de19dafc672cf7ebc/execute/async - {"script":"<script> [1562 bytes]","args":[{"selector":{"id":"application-manageresources-display-component---newResourceUnit--BASE_UNIT_OF_MEASURE-arrow"},"wdio_ui5_key":"applicationmanageresources-display-component---newResourceUnit--BASE_UNIT_OF_MEASURE-arrow"}]}
RESULT: {"script":"<script> [1562 bytes]","args":[{"selector":{"id":"application-manageresources-display-component---newResourceUnit--BASE_UNIT_OF_MEASURE-arrow"},"wdio_ui5_key":"applicationmanageresources-display-component---newResourceUnit--BASE_UNIT_OF_MEASURE-arrow"}]}
RESULT: undefined
COMMAND: POST /session/39d2630e55d6b41de19dafc672cf7ebc/element - {"using":"xpath","value":"//*[@id=\"application-manageresources-display-component---newResourceUnit--BASE_UNIT_OF_MEASURE-arrow\"]"}
RESULT: {"using":"xpath","value":"//*[@id=\"application-manageresources-display-component---newResourceUnit--BASE_UNIT_OF_MEASURE-arrow\"]"}
COMMAND: POST /session/39d2630e55d6b41de19dafc672cf7ebc/element/f.7175ED2F8B48EB9387EF736E08AAAD55.d.30DE17AE77C5E8E4C4545CBA2E4AB345.e.13390/click - {}
RESULT: {}
COMMAND: POST /session/39d2630e55d6b41de19dafc672cf7ebc/execute/async - {"script":"<script> [1562 bytes]","args":[{"selector":{"controlType":"sap.m.StandardListItem","viewName":"reusables.view.manageresources.NewResourceUnit","viewId":"application-manageresources-display-component---newResourceUnit","properties":{"title":"Piece"},"searchOpenDialogs":true,"interaction":{"idSuffix":"titleText"}},"wdio_ui5_key":"reusablesview.manageresources.NewResourceUnitsap.m.StandardListItem{\"title\":\"Piece\"}"}]}
COMMAND: GET /session/39d2630e55d6b41de19dafc672cf7ebc/screenshot - {}
RESULT: {"script":"<script> [1562 bytes]","args":[{"selector":{"controlType":"sap.m.StandardListItem","viewName":"reusables.view.manageresources.NewResourceUnit","viewId":"application-manageresources-display-component---newResourceUnit","properties":{"title":"Piece"},"searchOpenDialogs":true,"interaction":{"idSuffix":"titleText"}},"wdio_ui5_key":"reusablesview.manageresources.NewResourceUnitsap.m.StandardListItem{\"title\":\"Piece\"}"}]}
RESULT: undefined
COMMAND: POST /session/39d2630e55d6b41de19dafc672cf7ebc/element - {"using":"xpath","value":"//*[@id=\"__item1063\"]"}
RESULT: {}
RESULT: {"using":"xpath","value":"//*[@id=\"__item1063\"]"}
COMMAND: POST /session/39d2630e55d6b41de19dafc672cf7ebc/element/f.7175ED2F8B48EB9387EF736E08AAAD55.d.30DE17AE77C5E8E4C4545CBA2E4AB345.e.13392/click - {}
RESULT: {}
COMMAND: POST /session/39d2630e55d6b41de19dafc672cf7ebc/element - {"using":"xpath","value":"//input[contains(@id ,\"application-manageresources-display-component---newResourceUnit--SHORT_TEXT-inner\")]"}
COMMAND: GET /session/39d2630e55d6b41de19dafc672cf7ebc/screenshot - {}
RESULT: {"using":"xpath","value":"//input[contains(@id ,\"application-manageresources-display-component---newResourceUnit--SHORT_TEXT-inner\")]"}
COMMAND: GET /session/39d2630e55d6b41de19dafc672cf7ebc/element/f.7175ED2F8B48EB9387EF736E08AAAD55.d.30DE17AE77C5E8E4C4545CBA2E4AB345.e.13351/property/value - {}
RESULT: {}
RESULT: {}
COMMAND: POST /session/39d2630e55d6b41de19dafc672cf7ebc/execute/async - {"script":"<script> [1562 bytes]","args":[{"selector":{"id":"application-manageresources-display-component---newResourceUnit--WEIGHT_UNIT-arrow"},"wdio_ui5_key":"applicationmanageresources-display-component---newResourceUnit--WEIGHT_UNIT-arrow"}]}
COMMAND: GET /session/39d2630e55d6b41de19dafc672cf7ebc/screenshot - {}
RESULT: {"script":"<script> [1562 bytes]","args":[{"selector":{"id":"application-manageresources-display-component---newResourceUnit--WEIGHT_UNIT-arrow"},"wdio_ui5_key":"applicationmanageresources-display-component---newResourceUnit--WEIGHT_UNIT-arrow"}]}
RESULT: undefined
COMMAND: POST /session/39d2630e55d6b41de19dafc672cf7ebc/element - {"using":"xpath","value":"//*[@id=\"application-manageresources-display-component---newResourceUnit--WEIGHT_UNIT-arrow\"]"}
RESULT: {}
RESULT: {"using":"xpath","value":"//*[@id=\"application-manageresources-display-component---newResourceUnit--WEIGHT_UNIT-arrow\"]"}
COMMAND: POST /session/39d2630e55d6b41de19dafc672cf7ebc/element/f.7175ED2F8B48EB9387EF736E08AAAD55.d.30DE17AE77C5E8E4C4545CBA2E4AB345.e.13393/click - {}
RESULT: {}
COMMAND: POST /session/39d2630e55d6b41de19dafc672cf7ebc/execute/async - {"script":"<script> [1562 bytes]","args":[{"selector":{"controlType":"sap.m.StandardListItem","viewName":"reusables.view.manageresources.NewResourceUnit","viewId":"application-manageresources-display-component---newResourceUnit","properties":{"title":"Gram"},"searchOpenDialogs":true,"interaction":{"idSuffix":"content"}},"wdio_ui5_key":"reusablesview.manageresources.NewResourceUnitsap.m.StandardListItem{\"title\":\"Gram\"}"}]}
COMMAND: GET /session/39d2630e55d6b41de19dafc672cf7ebc/screenshot - {}
RESULT: {"script":"<script> [1562 bytes]","args":[{"selector":{"controlType":"sap.m.StandardListItem","viewName":"reusables.view.manageresources.NewResourceUnit","viewId":"application-manageresources-display-component---newResourceUnit","properties":{"title":"Gram"},"searchOpenDialogs":true,"interaction":{"idSuffix":"content"}},"wdio_ui5_key":"reusablesview.manageresources.NewResourceUnitsap.m.StandardListItem{\"title\":\"Gram\"}"}]}
RESULT: undefined
COMMAND: POST /session/39d2630e55d6b41de19dafc672cf7ebc/element - {"using":"xpath","value":"//*[@id=\"__item1128\"]"}
RESULT: {}
RESULT: {"using":"xpath","value":"//*[@id=\"__item1128\"]"}
COMMAND: POST /session/39d2630e55d6b41de19dafc672cf7ebc/element/f.7175ED2F8B48EB9387EF736E08AAAD55.d.30DE17AE77C5E8E4C4545CBA2E4AB345.e.13395/click - {}
RESULT: {}
COMMAND: POST /session/39d2630e55d6b41de19dafc672cf7ebc/execute/async - {"script":"<script> [1562 bytes]","args":[{"selector":{"id":"application-manageresources-display-component---newResourceUnit--newRRUPage-OPHeaderContent-collapseBtn-img"},"wdio_ui5_key":"applicationmanageresources-display-component---newResourceUnit--newRRUPage-OPHeaderContent-collapseBtn-img"}]}
COMMAND: GET /session/39d2630e55d6b41de19dafc672cf7ebc/screenshot - {}
RESULT: {"script":"<script> [1562 bytes]","args":[{"selector":{"id":"application-manageresources-display-component---newResourceUnit--newRRUPage-OPHeaderContent-collapseBtn-img"},"wdio_ui5_key":"applicationmanageresources-display-component---newResourceUnit--newRRUPage-OPHeaderContent-collapseBtn-img"}]}
RESULT: undefined
COMMAND: POST /session/39d2630e55d6b41de19dafc672cf7ebc/element - {"using":"xpath","value":"//*[@id=\"application-manageresources-display-component---newResourceUnit--newRRUPage-OPHeaderContent-collapseBtn-img\"]"}
RESULT: {}
RESULT: {"using":"xpath","value":"//*[@id=\"application-manageresources-display-component---newResourceUnit--newRRUPage-OPHeaderContent-collapseBtn-img\"]"}
COMMAND: POST /session/39d2630e55d6b41de19dafc672cf7ebc/element/f.7175ED2F8B48EB9387EF736E08AAAD55.d.30DE17AE77C5E8E4C4545CBA2E4AB345.e.13341/click - {}
RESULT: {}
COMMAND: GET /session/39d2630e55d6b41de19dafc672cf7ebc/screenshot - {}
RESULT: {}
COMMAND: POST /session/39d2630e55d6b41de19dafc672cf7ebc/element - {"using":"xpath","value":"(//span[contains(@id ,\"application-manageresources-display-component---newResourceUnit--DIMENSION_UNIT-arrow\")])[1]"}
RESULT: {"using":"xpath","value":"(//span[contains(@id ,\"application-manageresources-display-component---newResourceUnit--DIMENSION_UNIT-arrow\")])[1]"}
COMMAND: POST /session/39d2630e55d6b41de19dafc672cf7ebc/element/f.7175ED2F8B48EB9387EF736E08AAAD55.d.30DE17AE77C5E8E4C4545CBA2E4AB345.e.13401/click - {}
RESULT: {}
COMMAND: GET /session/39d2630e55d6b41de19dafc672cf7ebc/screenshot - {}
RESULT: {}
COMMAND: POST /session/39d2630e55d6b41de19dafc672cf7ebc/execute/async - {"script":"<script> [1562 bytes]","args":[{"selector":{"controlType":"sap.m.StandardListItem","viewName":"reusables.view.manageresources.NewResourceUnit","viewId":"application-manageresources-display-component---newResourceUnit","properties":{"title":"Centimeter"},"searchOpenDialogs":true,"interaction":{"idSuffix":"titleText"}},"wdio_ui5_key":"reusablesview.manageresources.NewResourceUnitsap.m.StandardListItem{\"title\":\"Centimeter\"}"}]}
RESULT: {"script":"<script> [1562 bytes]","args":[{"selector":{"controlType":"sap.m.StandardListItem","viewName":"reusables.view.manageresources.NewResourceUnit","viewId":"application-manageresources-display-component---newResourceUnit","properties":{"title":"Centimeter"},"searchOpenDialogs":true,"interaction":{"idSuffix":"titleText"}},"wdio_ui5_key":"reusablesview.manageresources.NewResourceUnitsap.m.StandardListItem{\"title\":\"Centimeter\"}"}]}
RESULT: undefined
COMMAND: POST /session/39d2630e55d6b41de19dafc672cf7ebc/element - {"using":"xpath","value":"//*[@id=\"__item1131\"]"}
RESULT: {"using":"xpath","value":"//*[@id=\"__item1131\"]"}
COMMAND: POST /session/39d2630e55d6b41de19dafc672cf7ebc/element/f.7175ED2F8B48EB9387EF736E08AAAD55.d.30DE17AE77C5E8E4C4545CBA2E4AB345.e.13403/click - {}
RESULT: {}
COMMAND: POST /session/39d2630e55d6b41de19dafc672cf7ebc/execute/async - {"script":"<script> [1562 bytes]","args":[{"selector":{"id":"application-manageresources-display-component---newResourceUnit--newRRUPage-anchBar-application-manageresources-display-component---newResourceUnit--reference-anchor","interaction":{"idSuffix":"BDI-content"}},"wdio_ui5_key":"applicationmanageresources-display-component---newResourceUnit--newRRUPage-anchBar-application-manageresources-display-component---newResourceUnit--reference-anchor"}]}
COMMAND: GET /session/39d2630e55d6b41de19dafc672cf7ebc/screenshot - {}
RESULT: {"script":"<script> [1562 bytes]","args":[{"selector":{"id":"application-manageresources-display-component---newResourceUnit--newRRUPage-anchBar-application-manageresources-display-component---newResourceUnit--reference-anchor","interaction":{"idSuffix":"BDI-content"}},"wdio_ui5_key":"applicationmanageresources-display-component---newResourceUnit--newRRUPage-anchBar-application-manageresources-display-component---newResourceUnit--reference-anchor"}]}
RESULT: undefined
COMMAND: POST /session/39d2630e55d6b41de19dafc672cf7ebc/element - {"using":"xpath","value":"//*[@id=\"application-manageresources-display-component---newResourceUnit--newRRUPage-anchBar-application-manageresources-display-component---newResourceUnit--reference-anchor\"]"}
RESULT: {}
RESULT: {"using":"xpath","value":"//*[@id=\"application-manageresources-display-component---newResourceUnit--newRRUPage-anchBar-application-manageresources-display-component---newResourceUnit--reference-anchor\"]"}
COMMAND: POST /session/39d2630e55d6b41de19dafc672cf7ebc/element/f.7175ED2F8B48EB9387EF736E08AAAD55.d.30DE17AE77C5E8E4C4545CBA2E4AB345.e.13405/click - {}
RESULT: {}
COMMAND: POST /session/39d2630e55d6b41de19dafc672cf7ebc/execute/async - {"script":"<script> [1562 bytes]","args":[{"selector":{"id":"application-manageresources-display-component---newResourceUnit--PLANNING_GROUP-arrow"},"wdio_ui5_key":"applicationmanageresources-display-component---newResourceUnit--PLANNING_GROUP-arrow"}]}
COMMAND: GET /session/39d2630e55d6b41de19dafc672cf7ebc/screenshot - {}
RESULT: {"script":"<script> [1562 bytes]","args":[{"selector":{"id":"application-manageresources-display-component---newResourceUnit--PLANNING_GROUP-arrow"},"wdio_ui5_key":"applicationmanageresources-display-component---newResourceUnit--PLANNING_GROUP-arrow"}]}
RESULT: undefined
COMMAND: POST /session/39d2630e55d6b41de19dafc672cf7ebc/element - {"using":"xpath","value":"//*[@id=\"application-manageresources-display-component---newResourceUnit--PLANNING_GROUP-arrow\"]"}
RESULT: {}
RESULT: {"using":"xpath","value":"//*[@id=\"application-manageresources-display-component---newResourceUnit--PLANNING_GROUP-arrow\"]"}
COMMAND: POST /session/39d2630e55d6b41de19dafc672cf7ebc/element/f.7175ED2F8B48EB9387EF736E08AAAD55.d.30DE17AE77C5E8E4C4545CBA2E4AB345.e.13411/click - {}
RESULT: {}
COMMAND: POST /session/39d2630e55d6b41de19dafc672cf7ebc/execute/async - {"script":"<script> [1562 bytes]","args":[{"selector":{"controlType":"sap.m.StandardListItem","viewName":"reusables.view.manageresources.NewResourceUnit","viewId":"application-manageresources-display-component---newResourceUnit","properties":{"title":"Heavy Equi"},"searchOpenDialogs":true,"interaction":{"idSuffix":"content"}},"wdio_ui5_key":"reusablesview.manageresources.NewResourceUnitsap.m.StandardListItem{\"title\":\"Heavy Equi\"}"}]}
COMMAND: GET /session/39d2630e55d6b41de19dafc672cf7ebc/screenshot - {}
RESULT: {"script":"<script> [1562 bytes]","args":[{"selector":{"controlType":"sap.m.StandardListItem","viewName":"reusables.view.manageresources.NewResourceUnit","viewId":"application-manageresources-display-component---newResourceUnit","properties":{"title":"Heavy Equi"},"searchOpenDialogs":true,"interaction":{"idSuffix":"content"}},"wdio_ui5_key":"reusablesview.manageresources.NewResourceUnitsap.m.StandardListItem{\"title\":\"Heavy Equi\"}"}]}
RESULT: undefined
COMMAND: POST /session/39d2630e55d6b41de19dafc672cf7ebc/element - {"using":"xpath","value":"//*[@id=\"__item1139\"]"}
RESULT: {}
RESULT: {"using":"xpath","value":"//*[@id=\"__item1139\"]"}
COMMAND: POST /session/39d2630e55d6b41de19dafc672cf7ebc/element/f.7175ED2F8B48EB9387EF736E08AAAD55.d.30DE17AE77C5E8E4C4545CBA2E4AB345.e.13413/click - {}
RESULT: {}
COMMAND: GET /session/39d2630e55d6b41de19dafc672cf7ebc/screenshot - {}
RESULT: {}
COMMAND: POST /session/39d2630e55d6b41de19dafc672cf7ebc/execute/async - {"script":"<script> [1562 bytes]","args":[{"selector":{"id":"application-manageresources-display-component---newResourceUnit--PLANNING_INDICATOR-arrow"},"wdio_ui5_key":"applicationmanageresources-display-component---newResourceUnit--PLANNING_INDICATOR-arrow"}]}
RESULT: {"script":"<script> [1562 bytes]","args":[{"selector":{"id":"application-manageresources-display-component---newResourceUnit--PLANNING_INDICATOR-arrow"},"wdio_ui5_key":"applicationmanageresources-display-component---newResourceUnit--PLANNING_INDICATOR-arrow"}]}
RESULT: undefined
COMMAND: POST /session/39d2630e55d6b41de19dafc672cf7ebc/element - {"using":"xpath","value":"//*[@id=\"application-manageresources-display-component---newResourceUnit--PLANNING_INDICATOR-arrow\"]"}
RESULT: {"using":"xpath","value":"//*[@id=\"application-manageresources-display-component---newResourceUnit--PLANNING_INDICATOR-arrow\"]"}
COMMAND: POST /session/39d2630e55d6b41de19dafc672cf7ebc/element/f.7175ED2F8B48EB9387EF736E08AAAD55.d.30DE17AE77C5E8E4C4545CBA2E4AB345.e.13414/click - {}
RESULT: {}
COMMAND: POST /session/39d2630e55d6b41de19dafc672cf7ebc/execute/async - {"script":"<script> [1562 bytes]","args":[{"selector":{"controlType":"sap.m.StandardListItem","viewName":"reusables.view.manageresources.NewResourceUnit","viewId":"application-manageresources-display-component---newResourceUnit","properties":{"title":"10 - infinite"},"searchOpenDialogs":true,"interaction":{"idSuffix":"content"}},"wdio_ui5_key":"reusablesview.manageresources.NewResourceUnitsap.m.StandardListItem{\"title\":\"10 - infinite\"}"}]}
COMMAND: GET /session/39d2630e55d6b41de19dafc672cf7ebc/screenshot - {}
RESULT: {"script":"<script> [1562 bytes]","args":[{"selector":{"controlType":"sap.m.StandardListItem","viewName":"reusables.view.manageresources.NewResourceUnit","viewId":"application-manageresources-display-component---newResourceUnit","properties":{"title":"10 - infinite"},"searchOpenDialogs":true,"interaction":{"idSuffix":"content"}},"wdio_ui5_key":"reusablesview.manageresources.NewResourceUnitsap.m.StandardListItem{\"title\":\"10 - infinite\"}"}]}
RESULT: undefined
COMMAND: POST /session/39d2630e55d6b41de19dafc672cf7ebc/element - {"using":"xpath","value":"//*[@id=\"__item1149\"]"}
RESULT: {}
RESULT: {"using":"xpath","value":"//*[@id=\"__item1149\"]"}
COMMAND: POST /session/39d2630e55d6b41de19dafc672cf7ebc/element/f.7175ED2F8B48EB9387EF736E08AAAD55.d.30DE17AE77C5E8E4C4545CBA2E4AB345.e.13416/click - {}
RESULT: {}
COMMAND: GET /session/39d2630e55d6b41de19dafc672cf7ebc/screenshot - {}
RESULT: {}
COMMAND: POST /session/39d2630e55d6b41de19dafc672cf7ebc/element - {"using":"xpath","value":"//bdi[contains(text(), \"Time Segment\")]"}
RESULT: {"using":"xpath","value":"//bdi[contains(text(), \"Time Segment\")]"}
COMMAND: GET /session/39d2630e55d6b41de19dafc672cf7ebc/element/f.7175ED2F8B48EB9387EF736E08AAAD55.d.30DE17AE77C5E8E4C4545CBA2E4AB345.e.13417/rect - {}
RESULT: {}
COMMAND: GET /session/39d2630e55d6b41de19dafc672cf7ebc/window/rect - {}
RESULT: {}
COMMAND: POST /session/39d2630e55d6b41de19dafc672cf7ebc/execute/sync - {"script":"<script> [92 bytes]","args":[]}
RESULT: {"script":"<script> [92 bytes]","args":[]}
COMMAND: POST /session/39d2630e55d6b41de19dafc672cf7ebc/actions - {"actions":[{"id":"action69","type":"wheel","parameters":{},"actions":[{"type":"scroll","x":-1820,"y":-21,"deltaX":0,"deltaY":0,"duration":0,"origin":{"element-6066-11e4-a52e-4f735466cecf":"f.7175ED2F8B48EB9387EF736E08AAAD55.d.30DE17AE77C5E8E4C4545CBA2E4AB345.e.13417"}}]}]}
COMMAND: GET /session/39d2630e55d6b41de19dafc672cf7ebc/screenshot - {}
RESULT: {}
COMMAND: POST /session/39d2630e55d6b41de19dafc672cf7ebc/execute/sync - {"script":"<script> [79 bytes]","args":[{"element-6066-11e4-a52e-4f735466cecf":"f.7175ED2F8B48EB9387EF736E08AAAD55.d.30DE17AE77C5E8E4C4545CBA2E4AB345.e.13417","ELEMENT":"f.7175ED2F8B48EB9387EF736E08AAAD55.d.30DE17AE77C5E8E4C4545CBA2E4AB345.e.13417"},{"block":"start","inline":"nearest"}]}
RESULT: {"script":"<script> [79 bytes]","args":[{"element-6066-11e4-a52e-4f735466cecf":"f.7175ED2F8B48EB9387EF736E08AAAD55.d.30DE17AE77C5E8E4C4545CBA2E4AB345.e.13417","ELEMENT":"f.7175ED2F8B48EB9387EF736E08AAAD55.d.30DE17AE77C5E8E4C4545CBA2E4AB345.e.13417"},{"block":"start","inline":"nearest"}]}
COMMAND: GET /session/39d2630e55d6b41de19dafc672cf7ebc/screenshot - {}
RESULT: {}
COMMAND: POST /session/39d2630e55d6b41de19dafc672cf7ebc/element - {"using":"xpath","value":"//span[@id=\"application-manageresources-display-component---newResourceUnit--btnAddTimeSegment-img\"]"}
RESULT: {"using":"xpath","value":"//span[@id=\"application-manageresources-display-component---newResourceUnit--btnAddTimeSegment-img\"]"}
COMMAND: POST /session/39d2630e55d6b41de19dafc672cf7ebc/execute/sync - {"script":"<script> [8489 bytes]","args":[{"element-6066-11e4-a52e-4f735466cecf":"f.7175ED2F8B48EB9387EF736E08AAAD55.d.30DE17AE77C5E8E4C4545CBA2E4AB345.e.13420","ELEMENT":"f.7175ED2F8B48EB9387EF736E08AAAD55.d.30DE17AE77C5E8E4C4545CBA2E4AB345.e.13420"}]}
RESULT: {"script":"<script> [8489 bytes]","args":[{"element-6066-11e4-a52e-4f735466cecf":"f.7175ED2F8B48EB9387EF736E08AAAD55.d.30DE17AE77C5E8E4C4545CBA2E4AB345.e.13420","ELEMENT":"f.7175ED2F8B48EB9387EF736E08AAAD55.d.30DE17AE77C5E8E4C4545CBA2E4AB345.e.13420"}]}
COMMAND: POST /session/39d2630e55d6b41de19dafc672cf7ebc/element/f.7175ED2F8B48EB9387EF736E08AAAD55.d.30DE17AE77C5E8E4C4545CBA2E4AB345.e.13420/click - {}
COMMAND: GET /session/39d2630e55d6b41de19dafc672cf7ebc/screenshot - {}
RESULT: {}
COMMAND: GET /session/39d2630e55d6b41de19dafc672cf7ebc/screenshot - {}
COMMAND: POST /session/39d2630e55d6b41de19dafc672cf7ebc/element - {"using":"xpath","value":"//input[@id=\"application-manageresources-display-component---newResourceUnit--idRuTSAdmin-application-manageresources-display-component---newResourceUnit--RUTimeSegment-0-inner\"]"}
RESULT: {}
RESULT: {}
RESULT: {"using":"xpath","value":"//input[@id=\"application-manageresources-display-component---newResourceUnit--idRuTSAdmin-application-manageresources-display-component---newResourceUnit--RUTimeSegment-0-inner\"]"}
COMMAND: POST /session/39d2630e55d6b41de19dafc672cf7ebc/element/f.7175ED2F8B48EB9387EF736E08AAAD55.d.30DE17AE77C5E8E4C4545CBA2E4AB345.e.13423/clear - {}
RESULT: {}
COMMAND: POST /session/39d2630e55d6b41de19dafc672cf7ebc/element/f.7175ED2F8B48EB9387EF736E08AAAD55.d.30DE17AE77C5E8E4C4545CBA2E4AB345.e.13423/value - {"text":"WebdriverYardubahp"}
COMMAND: GET /session/39d2630e55d6b41de19dafc672cf7ebc/screenshot - {}
RESULT: {"text":"WebdriverYardubahp"}
COMMAND: GET /session/39d2630e55d6b41de19dafc672cf7ebc/screenshot - {}
RESULT: {}
RESULT: {}
COMMAND: POST /session/39d2630e55d6b41de19dafc672cf7ebc/actions - {"actions":[{"id":"action70","type":"key","parameters":{},"actions":[{"type":"keyDown","value":"î€‡"},{"type":"pause","duration":10},{"type":"keyUp","value":"î€‡"}]}]}
RESULT: {"actions":[{"id":"action70","type":"key","parameters":{},"actions":[{"type":"keyDown","value":"î€‡"},{"type":"pause","duration":10},{"type":"keyUp","value":"î€‡"}]}]}
COMMAND: GET /session/39d2630e55d6b41de19dafc672cf7ebc/screenshot - {}
RESULT: {}
COMMAND: POST /session/39d2630e55d6b41de19dafc672cf7ebc/execute/async - {"script":"<script> [1562 bytes]","args":[{"selector":{"controlType":"sap.m.Button","viewName":"reusables.view.manageresources.NewResourceUnit","viewId":"application-manageresources-display-component---newResourceUnit","i18NText":{"propertyName":"tooltip","key":"save"},"interaction":{"idSuffix":"BDI-content"}},"wdio_ui5_key":"reusablesview.manageresources.NewResourceUnitsap.m.Button{\"propertyName\":\"tooltip\",\"key\":\"save\"}"}]}
RESULT: {"script":"<script> [1562 bytes]","args":[{"selector":{"controlType":"sap.m.Button","viewName":"reusables.view.manageresources.NewResourceUnit","viewId":"application-manageresources-display-component---newResourceUnit","i18NText":{"propertyName":"tooltip","key":"save"},"interaction":{"idSuffix":"BDI-content"}},"wdio_ui5_key":"reusablesview.manageresources.NewResourceUnitsap.m.Button{\"propertyName\":\"tooltip\",\"key\":\"save\"}"}]}
RESULT: undefined
COMMAND: POST /session/39d2630e55d6b41de19dafc672cf7ebc/element - {"using":"xpath","value":"//*[@id=\"application-manageresources-display-component---newResourceUnit--createRuButton\"]"}
RESULT: {"using":"xpath","value":"//*[@id=\"application-manageresources-display-component---newResourceUnit--createRuButton\"]"}
COMMAND: POST /session/39d2630e55d6b41de19dafc672cf7ebc/element/f.7175ED2F8B48EB9387EF736E08AAAD55.d.30DE17AE77C5E8E4C4545CBA2E4AB345.e.13347/click - {}
RESULT: {}
COMMAND: GET /session/39d2630e55d6b41de19dafc672cf7ebc/screenshot - {}
RESULT: {}
COMMAND: POST /session/39d2630e55d6b41de19dafc672cf7ebc/execute/async - {"script":"<script> [1562 bytes]","args":[{"selector":{"controlType":"sap.m.Title","properties":{"text":"Success"},"searchOpenDialogs":true},"wdio_ui5_key":"sapm.Title{\"text\":\"Success\"}"}]}
RESULT: {"script":"<script> [1562 bytes]","args":[{"selector":{"controlType":"sap.m.Title","properties":{"text":"Success"},"searchOpenDialogs":true},"wdio_ui5_key":"sapm.Title{\"text\":\"Success\"}"}]}
RESULT: undefined
COMMAND: POST /session/39d2630e55d6b41de19dafc672cf7ebc/execute/async - {"script":"<script> [6424 bytes]","args":[{"element-6066-11e4-a52e-4f735466cecf":"f.7175ED2F8B48EB9387EF736E08AAAD55.d.30DE17AE77C5E8E4C4545CBA2E4AB345.e.13436"},"getText",[]]}
RESULT: {"script":"<script> [6424 bytes]","args":[{"element-6066-11e4-a52e-4f735466cecf":"f.7175ED2F8B48EB9387EF736E08AAAD55.d.30DE17AE77C5E8E4C4545CBA2E4AB345.e.13436"},"getText",[]]}
COMMAND: POST /session/39d2630e55d6b41de19dafc672cf7ebc/element - {"using":"xpath","value":"//*[contains(@id, '__text') and (contains(text(), 'successfully created') or contains(., 'successfully created'))]"}
RESULT: {"using":"xpath","value":"//*[contains(@id, '__text') and (contains(text(), 'successfully created') or contains(., 'successfully created'))]"}
COMMAND: GET /session/39d2630e55d6b41de19dafc672cf7ebc/element/f.7175ED2F8B48EB9387EF736E08AAAD55.d.30DE17AE77C5E8E4C4545CBA2E4AB345.e.13434/text - {}
RESULT: {}
COMMAND: POST /session/39d2630e55d6b41de19dafc672cf7ebc/execute/async - {"script":"<script> [1562 bytes]","args":[{"selector":{"controlType":"sap.m.Button","properties":{"text":"Close"},"searchOpenDialogs":true,"interaction":{"idSuffix":"BDI-content"}},"wdio_ui5_key":"sapm.Button{\"text\":\"Close\"}"}]}
RESULT: {"script":"<script> [1562 bytes]","args":[{"selector":{"controlType":"sap.m.Button","properties":{"text":"Close"},"searchOpenDialogs":true,"interaction":{"idSuffix":"BDI-content"}},"wdio_ui5_key":"sapm.Button{\"text\":\"Close\"}"}]}
RESULT: undefined
COMMAND: POST /session/39d2630e55d6b41de19dafc672cf7ebc/element - {"using":"xpath","value":"//*[@id=\"__mbox-btn-0\"]"}
RESULT: {"using":"xpath","value":"//*[@id=\"__mbox-btn-0\"]"}
COMMAND: POST /session/39d2630e55d6b41de19dafc672cf7ebc/element/f.7175ED2F8B48EB9387EF736E08AAAD55.d.30DE17AE77C5E8E4C4545CBA2E4AB345.e.13433/click - {}
RESULT: {}
COMMAND: GET /session/39d2630e55d6b41de19dafc672cf7ebc/screenshot - {}
RESULT: {}
COMMAND: POST /session/39d2630e55d6b41de19dafc672cf7ebc/execute/async - {"script":"<script> [1562 bytes]","args":[{"selector":{"controlType":"sap.ui.core.Icon","viewName":"etm.portal.ui.manageresources.view.Detail","viewId":"application-manageresources-display-component---detailRU","properties":{"src":{"regex":{"source":"overflow"}}}},"wdio_ui5_key":"etmportal.ui.manageresources.view.Detailsap.ui.core.Icon{\"src\":{\"regex\":{\"source\":\"overflow\"}}}"}]}
RESULT: {"script":"<script> [1562 bytes]","args":[{"selector":{"controlType":"sap.ui.core.Icon","viewName":"etm.portal.ui.manageresources.view.Detail","viewId":"application-manageresources-display-component---detailRU","properties":{"src":{"regex":{"source":"overflow"}}}},"wdio_ui5_key":"etmportal.ui.manageresources.view.Detailsap.ui.core.Icon{\"src\":{\"regex\":{\"source\":\"overflow\"}}}"}]}
RESULT: undefined
COMMAND: POST /session/39d2630e55d6b41de19dafc672cf7ebc/element - {"using":"xpath","value":"//*[@id=\"__title36-_actionsToolbar-overflowButton-img\"]"}
RESULT: {"using":"xpath","value":"//*[@id=\"__title36-_actionsToolbar-overflowButton-img\"]"}
COMMAND: POST /session/39d2630e55d6b41de19dafc672cf7ebc/element/f.7175ED2F8B48EB9387EF736E08AAAD55.d.30DE17AE77C5E8E4C4545CBA2E4AB345.e.13467/click - {}
RESULT: {}
COMMAND: POST /session/39d2630e55d6b41de19dafc672cf7ebc/execute/async - {"script":"<script> [1562 bytes]","args":[{"selector":{"controlType":"sap.m.Button","viewName":"etm.portal.ui.manageresources.view.Detail","viewId":"application-manageresources-display-component---detailRU","i18NText":{"propertyName":"tooltip","key":"closeColumn"},"searchOpenDialogs":true,"interaction":{"idSuffix":"inner"}},"wdio_ui5_key":"etmportal.ui.manageresources.view.Detailsap.m.Button{\"propertyName\":\"tooltip\",\"key\":\"closeColumn\"}"}]}
COMMAND: GET /session/39d2630e55d6b41de19dafc672cf7ebc/screenshot - {}
RESULT: {"script":"<script> [1562 bytes]","args":[{"selector":{"controlType":"sap.m.Button","viewName":"etm.portal.ui.manageresources.view.Detail","viewId":"application-manageresources-display-component---detailRU","i18NText":{"propertyName":"tooltip","key":"closeColumn"},"searchOpenDialogs":true,"interaction":{"idSuffix":"inner"}},"wdio_ui5_key":"etmportal.ui.manageresources.view.Detailsap.m.Button{\"propertyName\":\"tooltip\",\"key\":\"closeColumn\"}"}]}
RESULT: undefined
COMMAND: POST /session/39d2630e55d6b41de19dafc672cf7ebc/element - {"using":"xpath","value":"//*[@id=\"__button147\"]"}
RESULT: {}
RESULT: {"using":"xpath","value":"//*[@id=\"__button147\"]"}
COMMAND: POST /session/39d2630e55d6b41de19dafc672cf7ebc/element/f.7175ED2F8B48EB9387EF736E08AAAD55.d.30DE17AE77C5E8E4C4545CBA2E4AB345.e.13469/click - {}
RESULT: {}
COMMAND: GET /session/39d2630e55d6b41de19dafc672cf7ebc/screenshot - {}
RESULT: {}
COMMAND: POST /session/39d2630e55d6b41de19dafc672cf7ebc/refresh - {}
RESULT: {}
COMMAND: GET /session/39d2630e55d6b41de19dafc672cf7ebc/screenshot - {}
RESULT: {}
COMMAND: POST /session/39d2630e55d6b41de19dafc672cf7ebc/execute/async - {"script":"<script> [189 bytes]","args":[]}
RESULT: {"script":"<script> [189 bytes]","args":[]}
COMMAND: POST /session/39d2630e55d6b41de19dafc672cf7ebc/execute/async - {"script":"<script> [123 bytes]","args":[]}
RESULT: {"script":"<script> [123 bytes]","args":[]}
COMMAND: POST /session/39d2630e55d6b41de19dafc672cf7ebc/timeouts - {"script":"<number>"}
RESULT: {"script":"<number>"}
COMMAND: GET /session/39d2630e55d6b41de19dafc672cf7ebc/timeouts - {}
RESULT: {}
RESULT: undefined
COMMAND: POST /session/39d2630e55d6b41de19dafc672cf7ebc/execute/async - {"script":"<script> [2676 bytes]","args":[]}
RESULT: {"script":"<script> [2676 bytes]","args":[]}
COMMAND: POST /session/39d2630e55d6b41de19dafc672cf7ebc/execute/async - {"script":"<script> [2342 bytes]","args":[{"protocol":"http","hostname":"0.0.0.0","path":"/","capabilities":{"browserName":"chrome","goog:chromeOptions":{"binary":"C:\\Program Files\\Google\\Chrome\\Application\\chrome.exe","args":["--start-maximized"]}},"logLevel":"warn","connectionRetryTimeout":120000,"connectionRetryCount":3,"logLevels":{},"enableDirectConnect":true,"strictSSL":true,"_":"65 more keys: [\"cacheDir\",\"port\",\"requestedCapabilities\",\"automationProtocol\",\"baseUrl\",\"waitforInterval\",\"waitforTimeout\",\"onReload\",\"beforeCommand\",\"afterCommand\",\"rootDir\",\"specs\",\"suites\",\"exclude\",\"groupLogsByTestSpec\",\"excludeDriverLogs\",\"bail\",\"framework\",\"reporters\",\"services\",\"maxInstances\",\"maxInstancesPerCapability\",\"injectGlobals\",\"filesToWatch\",\"execArgv\",\"runnerEnv\",\"runner\",\"shard\",\"specFileRetries\",\"specFileRetriesDelay\",\"specFileRetriesDeferred\",\"reporterSyncInterval\",\"reporterSyncTimeout\",\"cucumberFeaturesWithLineNumbers\",\"autoCompileOpts\",\"mochaOpts\",\"jasmineOpts\",\"cucumberOpts\",\"onPrepare\",\"onWorkerStart\",\"onWorkerEnd\",\"before\",\"beforeSession\",\"beforeSuite\",\"beforeHook\",\"beforeTest\",\"afterTest\",\"afterHook\",\"afterSuite\",\"afterSession\",\"after\",\"onComplete\",\"beforeAssertion\",\"afterAssertion\",\"beforeFeature\",\"beforeScenario\",\"beforeStep\",\"afterStep\",\"afterScenario\",\"afterFeature\",\"_\",\"suite\",\"$0\",\"ignoredWorkerServices\",\"wdi5\"]"}]}
RESULT: {"script":"<script> [2342 bytes]","args":[{"protocol":"http","hostname":"0.0.0.0","path":"/","capabilities":{"browserName":"chrome","goog:chromeOptions":{"binary":"C:\\Program Files\\Google\\Chrome\\Application\\chrome.exe","args":["--start-maximized"]}},"logLevel":"warn","connectionRetryTimeout":120000,"connectionRetryCount":3,"logLevels":{},"enableDirectConnect":true,"strictSSL":true,"_":"65 more keys: [\"cacheDir\",\"port\",\"requestedCapabilities\",\"automationProtocol\",\"baseUrl\",\"waitforInterval\",\"waitforTimeout\",\"onReload\",\"beforeCommand\",\"afterCommand\",\"rootDir\",\"specs\",\"suites\",\"exclude\",\"groupLogsByTestSpec\",\"excludeDriverLogs\",\"bail\",\"framework\",\"reporters\",\"services\",\"maxInstances\",\"maxInstancesPerCapability\",\"injectGlobals\",\"filesToWatch\",\"execArgv\",\"runnerEnv\",\"runner\",\"shard\",\"specFileRetries\",\"specFileRetriesDelay\",\"specFileRetriesDeferred\",\"reporterSyncInterval\",\"reporterSyncTimeout\",\"cucumberFeaturesWithLineNumbers\",\"autoCompileOpts\",\"mochaOpts\",\"jasmineOpts\",\"cucumberOpts\",\"onPrepare\",\"onWorkerStart\",\"onWorkerEnd\",\"before\",\"beforeSession\",\"beforeSuite\",\"beforeHook\",\"beforeTest\",\"afterTest\",\"afterHook\",\"afterSuite\",\"afterSession\",\"after\",\"onComplete\",\"beforeAssertion\",\"afterAssertion\",\"beforeFeature\",\"beforeScenario\",\"beforeStep\",\"afterStep\",\"afterScenario\",\"afterFeature\",\"_\",\"suite\",\"$0\",\"ignoredWorkerServices\",\"wdi5\"]"}]}
COMMAND: POST /session/39d2630e55d6b41de19dafc672cf7ebc/execute/async - {"script":"<script> [21126 bytes]","args":[35000]}
RESULT: {"script":"<script> [21126 bytes]","args":[35000]}
COMMAND: POST /session/39d2630e55d6b41de19dafc672cf7ebc/element - {"using":"css selector","value":"#shell-header-logo"}
RESULT: {"using":"css selector","value":"#shell-header-logo"}
COMMAND: POST /session/39d2630e55d6b41de19dafc672cf7ebc/element/f.7175ED2F8B48EB9387EF736E08AAAD55.d.E531CD47D73278D75921017372EEE78E.e.13604/click - {}
RESULT: {}
COMMAND: GET /session/39d2630e55d6b41de19dafc672cf7ebc/screenshot - {}
RESULT: {}
COMMAND: POST /session/39d2630e55d6b41de19dafc672cf7ebc/execute/async - {"script":"<script> [1562 bytes]","args":[{"selector":{"controlType":"sap.m.Text","viewName":"etm.portal.ui.managehandoverstile.view.Master","properties":{"text":"Manage Handovers"},"interaction":{"idSuffix":"inner"}},"wdio_ui5_key":"etmportal.ui.managehandoverstile.view.Mastersap.m.Text{\"text\":\"Manage Handovers\"}"}]}
RESULT: {"script":"<script> [1562 bytes]","args":[{"selector":{"controlType":"sap.m.Text","viewName":"etm.portal.ui.managehandoverstile.view.Master","properties":{"text":"Manage Handovers"},"interaction":{"idSuffix":"inner"}},"wdio_ui5_key":"etmportal.ui.managehandoverstile.view.Mastersap.m.Text{\"text\":\"Manage Handovers\"}"}]}
RESULT: undefined
COMMAND: POST /session/39d2630e55d6b41de19dafc672cf7ebc/element - {"using":"xpath","value":"//*[@id=\"__tile133-title\"]"}
RESULT: {"using":"xpath","value":"//*[@id=\"__tile133-title\"]"}
COMMAND: POST /session/39d2630e55d6b41de19dafc672cf7ebc/element/f.7175ED2F8B48EB9387EF736E08AAAD55.d.E531CD47D73278D75921017372EEE78E.e.13788/click - {}
RESULT: {}
COMMAND: GET /session/39d2630e55d6b41de19dafc672cf7ebc/screenshot - {}
RESULT: {}
COMMAND: POST /session/39d2630e55d6b41de19dafc672cf7ebc/element - {"using":"xpath","value":"//button[@data-kt=\"masterHOAddButton\"]"}
RESULT: {"using":"xpath","value":"//button[@data-kt=\"masterHOAddButton\"]"}
COMMAND: POST /session/39d2630e55d6b41de19dafc672cf7ebc/execute/sync - {"script":"<script> [8489 bytes]","args":[{"element-6066-11e4-a52e-4f735466cecf":"f.7175ED2F8B48EB9387EF736E08AAAD55.d.E531CD47D73278D75921017372EEE78E.e.13828","ELEMENT":"f.7175ED2F8B48EB9387EF736E08AAAD55.d.E531CD47D73278D75921017372EEE78E.e.13828"}]}
RESULT: {"script":"<script> [8489 bytes]","args":[{"element-6066-11e4-a52e-4f735466cecf":"f.7175ED2F8B48EB9387EF736E08AAAD55.d.E531CD47D73278D75921017372EEE78E.e.13828","ELEMENT":"f.7175ED2F8B48EB9387EF736E08AAAD55.d.E531CD47D73278D75921017372EEE78E.e.13828"}]}
COMMAND: POST /session/39d2630e55d6b41de19dafc672cf7ebc/element/f.7175ED2F8B48EB9387EF736E08AAAD55.d.E531CD47D73278D75921017372EEE78E.e.13828/click - {}
COMMAND: GET /session/39d2630e55d6b41de19dafc672cf7ebc/screenshot - {}
RESULT: {}
COMMAND: GET /session/39d2630e55d6b41de19dafc672cf7ebc/screenshot - {}
COMMAND: POST /session/39d2630e55d6b41de19dafc672cf7ebc/element - {"using":"xpath","value":"//span[contains(@id ,\"AddNewHO--typeSelect-arrow\")]"}
RESULT: {}
RESULT: {}
RESULT: {"using":"xpath","value":"//span[contains(@id ,\"AddNewHO--typeSelect-arrow\")]"}
COMMAND: POST /session/39d2630e55d6b41de19dafc672cf7ebc/element/f.7175ED2F8B48EB9387EF736E08AAAD55.d.E531CD47D73278D75921017372EEE78E.e.14126/click - {}
RESULT: {}
COMMAND: GET /session/39d2630e55d6b41de19dafc672cf7ebc/screenshot - {}
RESULT: {}
COMMAND: POST /session/39d2630e55d6b41de19dafc672cf7ebc/element - {"using":"xpath","value":"(//li[contains(text(), \"stock increase yard\")])[1]"}
RESULT: {"using":"xpath","value":"(//li[contains(text(), \"stock increase yard\")])[1]"}
COMMAND: POST /session/39d2630e55d6b41de19dafc672cf7ebc/element/f.7175ED2F8B48EB9387EF736E08AAAD55.d.E531CD47D73278D75921017372EEE78E.e.14127/click - {}
RESULT: {}
COMMAND: GET /session/39d2630e55d6b41de19dafc672cf7ebc/screenshot - {}
RESULT: {}
COMMAND: POST /session/39d2630e55d6b41de19dafc672cf7ebc/execute/async - {"script":"<script> [1562 bytes]","args":[{"selector":{"id":"application-managehandovers-display-component---AddNewHO--dueDate","interaction":{"idSuffix":"inner"}},"wdio_ui5_key":"applicationmanagehandovers-display-component---AddNewHO--dueDate"}]}
RESULT: {"script":"<script> [1562 bytes]","args":[{"selector":{"id":"application-managehandovers-display-component---AddNewHO--dueDate","interaction":{"idSuffix":"inner"}},"wdio_ui5_key":"applicationmanagehandovers-display-component---AddNewHO--dueDate"}]}
RESULT: undefined
COMMAND: POST /session/39d2630e55d6b41de19dafc672cf7ebc/execute/async - {"script":"<script> [6424 bytes]","args":[{"element-6066-11e4-a52e-4f735466cecf":"f.7175ED2F8B48EB9387EF736E08AAAD55.d.E531CD47D73278D75921017372EEE78E.e.14129"},"setValue",["04/30/2025"]]}
RESULT: {"script":"<script> [6424 bytes]","args":[{"element-6066-11e4-a52e-4f735466cecf":"f.7175ED2F8B48EB9387EF736E08AAAD55.d.E531CD47D73278D75921017372EEE78E.e.14129"},"setValue",["04/30/2025"]]}
COMMAND: POST /session/39d2630e55d6b41de19dafc672cf7ebc/element - {"using":"xpath","value":"//input[@id=\"generalSectionFrg--receiveYard-inner\"]"}
RESULT: {"using":"xpath","value":"//input[@id=\"generalSectionFrg--receiveYard-inner\"]"}
COMMAND: POST /session/39d2630e55d6b41de19dafc672cf7ebc/element/f.7175ED2F8B48EB9387EF736E08AAAD55.d.E531CD47D73278D75921017372EEE78E.e.14135/clear - {}
RESULT: {}
COMMAND: POST /session/39d2630e55d6b41de19dafc672cf7ebc/element/f.7175ED2F8B48EB9387EF736E08AAAD55.d.E531CD47D73278D75921017372EEE78E.e.14135/value - {"text":"WebdriverYardubahp"}
COMMAND: GET /session/39d2630e55d6b41de19dafc672cf7ebc/screenshot - {}
RESULT: {"text":"WebdriverYardubahp"}
COMMAND: GET /session/39d2630e55d6b41de19dafc672cf7ebc/screenshot - {}
RESULT: {}
RESULT: {}
COMMAND: POST /session/39d2630e55d6b41de19dafc672cf7ebc/execute/async - {"script":"<script> [1562 bytes]","args":[{"selector":{"id":"application-managehandovers-display-component---AddNewHO--ObjectPageLayout-anchBar-application-managehandovers-display-component---AddNewHO--section4-anchor","interaction":{"idSuffix":"BDI-content"}},"wdio_ui5_key":"applicationmanagehandovers-display-component---AddNewHO--ObjectPageLayout-anchBar-application-managehandovers-display-component---AddNewHO--section4-anchor"}]}
RESULT: {"script":"<script> [1562 bytes]","args":[{"selector":{"id":"application-managehandovers-display-component---AddNewHO--ObjectPageLayout-anchBar-application-managehandovers-display-component---AddNewHO--section4-anchor","interaction":{"idSuffix":"BDI-content"}},"wdio_ui5_key":"applicationmanagehandovers-display-component---AddNewHO--ObjectPageLayout-anchBar-application-managehandovers-display-component---AddNewHO--section4-anchor"}]}
RESULT: undefined
COMMAND: POST /session/39d2630e55d6b41de19dafc672cf7ebc/element - {"using":"xpath","value":"//*[@id=\"application-managehandovers-display-component---AddNewHO--ObjectPageLayout-anchBar-application-managehandovers-display-component---AddNewHO--section4-anchor\"]"}
RESULT: {"using":"xpath","value":"//*[@id=\"application-managehandovers-display-component---AddNewHO--ObjectPageLayout-anchBar-application-managehandovers-display-component---AddNewHO--section4-anchor\"]"}
COMMAND: POST /session/39d2630e55d6b41de19dafc672cf7ebc/element/f.7175ED2F8B48EB9387EF736E08AAAD55.d.E531CD47D73278D75921017372EEE78E.e.14156/click - {}
RESULT: {}
COMMAND: GET /session/39d2630e55d6b41de19dafc672cf7ebc/screenshot - {}
RESULT: {}
COMMAND: POST /session/39d2630e55d6b41de19dafc672cf7ebc/element - {"using":"xpath","value":"//button[@aria-label=\"Add\"]"}
RESULT: {"using":"xpath","value":"//button[@aria-label=\"Add\"]"}
COMMAND: POST /session/39d2630e55d6b41de19dafc672cf7ebc/element/f.7175ED2F8B48EB9387EF736E08AAAD55.d.E531CD47D73278D75921017372EEE78E.e.14160/click - {}
RESULT: {}
COMMAND: GET /session/39d2630e55d6b41de19dafc672cf7ebc/screenshot - {}
RESULT: {}
COMMAND: POST /session/39d2630e55d6b41de19dafc672cf7ebc/execute/async - {"script":"<script> [1562 bytes]","args":[{"selector":{"id":"application-managehandovers-display-component---AddNewHO--smartFilterBar-btnBasicSearch","searchOpenDialogs":true,"interaction":{"idSuffix":"I"}},"wdio_ui5_key":"applicationmanagehandovers-display-component---AddNewHO--smartFilterBar-btnBasicSearch"}]}
RESULT: {"script":"<script> [1562 bytes]","args":[{"selector":{"id":"application-managehandovers-display-component---AddNewHO--smartFilterBar-btnBasicSearch","searchOpenDialogs":true,"interaction":{"idSuffix":"I"}},"wdio_ui5_key":"applicationmanagehandovers-display-component---AddNewHO--smartFilterBar-btnBasicSearch"}]}
RESULT: undefined
COMMAND: POST /session/39d2630e55d6b41de19dafc672cf7ebc/execute/async - {"script":"<script> [776 bytes]","args":[{"enterText":"WebdriverRUR2Cdj5ss","selector":{"id":"application-managehandovers-display-component---AddNewHO--smartFilterBar-btnBasicSearch","searchOpenDialogs":true,"interaction":{"idSuffix":"I"}},"clearTextFirst":true,"interactionType":"ENTER_TEXT"}]}
RESULT: {"script":"<script> [776 bytes]","args":[{"enterText":"WebdriverRUR2Cdj5ss","selector":{"id":"application-managehandovers-display-component---AddNewHO--smartFilterBar-btnBasicSearch","searchOpenDialogs":true,"interaction":{"idSuffix":"I"}},"clearTextFirst":true,"interactionType":"ENTER_TEXT"}]}
COMMAND: POST /session/39d2630e55d6b41de19dafc672cf7ebc/actions - {"actions":[{"id":"action71","type":"key","parameters":{},"actions":[{"type":"keyDown","value":"î€‡"},{"type":"pause","duration":10},{"type":"keyUp","value":"î€‡"}]}]}
RESULT: {"actions":[{"id":"action71","type":"key","parameters":{},"actions":[{"type":"keyDown","value":"î€‡"},{"type":"pause","duration":10},{"type":"keyUp","value":"î€‡"}]}]}
COMMAND: POST /session/39d2630e55d6b41de19dafc672cf7ebc/execute/async - {"script":"<script> [1562 bytes]","args":[{"selector":{"id":"application-managehandovers-display-component---AddNewHO--popup-sa","searchOpenDialogs":true,"interaction":{"idSuffix":"CbBg"}},"wdio_ui5_key":"applicationmanagehandovers-display-component---AddNewHO--popup-sa"}]}
COMMAND: GET /session/39d2630e55d6b41de19dafc672cf7ebc/screenshot - {}
RESULT: {"script":"<script> [1562 bytes]","args":[{"selector":{"id":"application-managehandovers-display-component---AddNewHO--popup-sa","searchOpenDialogs":true,"interaction":{"idSuffix":"CbBg"}},"wdio_ui5_key":"applicationmanagehandovers-display-component---AddNewHO--popup-sa"}]}
RESULT: undefined
COMMAND: POST /session/39d2630e55d6b41de19dafc672cf7ebc/element - {"using":"xpath","value":"//*[@id=\"application-managehandovers-display-component---AddNewHO--popup-sa\"]"}
RESULT: {}
RESULT: {"using":"xpath","value":"//*[@id=\"application-managehandovers-display-component---AddNewHO--popup-sa\"]"}
COMMAND: POST /session/39d2630e55d6b41de19dafc672cf7ebc/element/f.7175ED2F8B48EB9387EF736E08AAAD55.d.E531CD47D73278D75921017372EEE78E.e.14314/click - {}
RESULT: {}
COMMAND: GET /session/39d2630e55d6b41de19dafc672cf7ebc/screenshot - {}
RESULT: {}
COMMAND: POST /session/39d2630e55d6b41de19dafc672cf7ebc/element - {"using":"xpath","value":"//bdi[contains(text(), \"Select\")]"}
RESULT: {"using":"xpath","value":"//bdi[contains(text(), \"Select\")]"}
COMMAND: POST /session/39d2630e55d6b41de19dafc672cf7ebc/element/f.7175ED2F8B48EB9387EF736E08AAAD55.d.E531CD47D73278D75921017372EEE78E.e.14315/click - {}
RESULT: {}
COMMAND: GET /session/39d2630e55d6b41de19dafc672cf7ebc/screenshot - {}
RESULT: {}
COMMAND: POST /session/39d2630e55d6b41de19dafc672cf7ebc/execute/async - {"script":"<script> [1562 bytes]","args":[{"selector":{"controlType":"sap.m.Input","viewName":"etm.portal.ui.managehandovers.view.AddNewHO","viewId":"application-managehandovers-display-component---AddNewHO","bindingPath":{"path":"/items/0","propertyPath":"TYPE","modelName":"hoItemsModel"},"interaction":{"idSuffix":"inner"}},"wdio_ui5_key":"etmportal.ui.managehandovers.view.AddNewHOsap.m.Input{\"path\":\"/items/0\",\"propertyPath\":\"TYPE\",\"modelName\":\"hoItemsModel\"}"}]}
RESULT: {"script":"<script> [1562 bytes]","args":[{"selector":{"controlType":"sap.m.Input","viewName":"etm.portal.ui.managehandovers.view.AddNewHO","viewId":"application-managehandovers-display-component---AddNewHO","bindingPath":{"path":"/items/0","propertyPath":"TYPE","modelName":"hoItemsModel"},"interaction":{"idSuffix":"inner"}},"wdio_ui5_key":"etmportal.ui.managehandovers.view.AddNewHOsap.m.Input{\"path\":\"/items/0\",\"propertyPath\":\"TYPE\",\"modelName\":\"hoItemsModel\"}"}]}
RESULT: undefined
COMMAND: POST /session/39d2630e55d6b41de19dafc672cf7ebc/execute/async - {"script":"<script> [776 bytes]","args":[{"enterText":"100","selector":{"controlType":"sap.m.Input","viewName":"etm.portal.ui.managehandovers.view.AddNewHO","viewId":"application-managehandovers-display-component---AddNewHO","bindingPath":{"path":"/items/0","propertyPath":"TYPE","modelName":"hoItemsModel"},"interaction":{"idSuffix":"inner"}},"clearTextFirst":true,"interactionType":"ENTER_TEXT"}]}
RESULT: {"script":"<script> [776 bytes]","args":[{"enterText":"100","selector":{"controlType":"sap.m.Input","viewName":"etm.portal.ui.managehandovers.view.AddNewHO","viewId":"application-managehandovers-display-component---AddNewHO","bindingPath":{"path":"/items/0","propertyPath":"TYPE","modelName":"hoItemsModel"},"interaction":{"idSuffix":"inner"}},"clearTextFirst":true,"interactionType":"ENTER_TEXT"}]}
COMMAND: POST /session/39d2630e55d6b41de19dafc672cf7ebc/element - {"using":"xpath","value":"//button[@data-kt=\"AddNewHOSaveButton\"]"}
RESULT: {"using":"xpath","value":"//button[@data-kt=\"AddNewHOSaveButton\"]"}
COMMAND: POST /session/39d2630e55d6b41de19dafc672cf7ebc/element/f.7175ED2F8B48EB9387EF736E08AAAD55.d.E531CD47D73278D75921017372EEE78E.e.14320/click - {}
RESULT: {}
COMMAND: GET /session/39d2630e55d6b41de19dafc672cf7ebc/screenshot - {}
RESULT: {}
COMMAND: POST /session/39d2630e55d6b41de19dafc672cf7ebc/execute/async - {"script":"<script> [1562 bytes]","args":[{"selector":{"id":"receiptDatePicker","viewName":"etm.portal.ui.managehandovers.view.DetailExecuteHO","interaction":{"idSuffix":"inner"}},"wdio_ui5_key":"receiptDatePickeretmportal.ui.managehandovers.view.DetailExecuteHO"}]}
RESULT: {"script":"<script> [1562 bytes]","args":[{"selector":{"id":"receiptDatePicker","viewName":"etm.portal.ui.managehandovers.view.DetailExecuteHO","interaction":{"idSuffix":"inner"}},"wdio_ui5_key":"receiptDatePickeretmportal.ui.managehandovers.view.DetailExecuteHO"}]}
RESULT: undefined
COMMAND: POST /session/39d2630e55d6b41de19dafc672cf7ebc/execute/async - {"script":"<script> [6424 bytes]","args":[{"element-6066-11e4-a52e-4f735466cecf":"f.7175ED2F8B48EB9387EF736E08AAAD55.d.E531CD47D73278D75921017372EEE78E.e.14349"},"setValue",["04/30/2025"]]}
RESULT: {"script":"<script> [6424 bytes]","args":[{"element-6066-11e4-a52e-4f735466cecf":"f.7175ED2F8B48EB9387EF736E08AAAD55.d.E531CD47D73278D75921017372EEE78E.e.14349"},"setValue",["04/30/2025"]]}
COMMAND: POST /session/39d2630e55d6b41de19dafc672cf7ebc/element - {"using":"xpath","value":"//button[@data-kt=\"PickingTableConfirmAllButton\"]"}
RESULT: {"using":"xpath","value":"//button[@data-kt=\"PickingTableConfirmAllButton\"]"}
COMMAND: POST /session/39d2630e55d6b41de19dafc672cf7ebc/element/f.7175ED2F8B48EB9387EF736E08AAAD55.d.E531CD47D73278D75921017372EEE78E.e.14364/click - {}
RESULT: {}
COMMAND: GET /session/39d2630e55d6b41de19dafc672cf7ebc/screenshot - {}
RESULT: {}
COMMAND: POST /session/39d2630e55d6b41de19dafc672cf7ebc/element - {"using":"xpath","value":"//bdi[contains(text(), \"OK\")]"}
RESULT: {"using":"xpath","value":"//bdi[contains(text(), \"OK\")]"}
COMMAND: POST /session/39d2630e55d6b41de19dafc672cf7ebc/element/f.7175ED2F8B48EB9387EF736E08AAAD55.d.E531CD47D73278D75921017372EEE78E.e.14367/click - {}
RESULT: {}
COMMAND: GET /session/39d2630e55d6b41de19dafc672cf7ebc/screenshot - {}
RESULT: {}
COMMAND: POST /session/39d2630e55d6b41de19dafc672cf7ebc/element - {"using":"xpath","value":"(//bdi[contains(text(), \"Receive\")])[2]"}
RESULT: {"using":"xpath","value":"(//bdi[contains(text(), \"Receive\")])[2]"}
COMMAND: POST /session/39d2630e55d6b41de19dafc672cf7ebc/element/f.7175ED2F8B48EB9387EF736E08AAAD55.d.E531CD47D73278D75921017372EEE78E.e.14368/click - {}
RESULT: {}
COMMAND: GET /session/39d2630e55d6b41de19dafc672cf7ebc/screenshot - {}
RESULT: {}
COMMAND: POST /session/39d2630e55d6b41de19dafc672cf7ebc/element - {"using":"css selector","value":"#shell-header-logo"}
RESULT: {"using":"css selector","value":"#shell-header-logo"}
COMMAND: POST /session/39d2630e55d6b41de19dafc672cf7ebc/element/f.7175ED2F8B48EB9387EF736E08AAAD55.d.E531CD47D73278D75921017372EEE78E.e.13791/click - {}
RESULT: {}
]]></system-out>
    </testcase>
    <testcase classname="chrome.135_0_7049_96.windows.E2E_-_Logistical_and_commercial_statuses" name="Should add a pricing rule and a condition to the RU" time="99.118">
      <system-out><![CDATA[
COMMAND: POST /session/39d2630e55d6b41de19dafc672cf7ebc/execute/async - {"script":"<script> [1562 bytes]","args":[{"selector":{"controlType":"sap.m.GenericTile","properties":{"header":"Manage Pricing Rules"}},"wdio_ui5_key":"sapm.GenericTile{\"header\":\"Manage Pricing Rules\"}"}]}
COMMAND: GET /session/39d2630e55d6b41de19dafc672cf7ebc/screenshot - {}
RESULT: {"script":"<script> [1562 bytes]","args":[{"selector":{"controlType":"sap.m.GenericTile","properties":{"header":"Manage Pricing Rules"}},"wdio_ui5_key":"sapm.GenericTile{\"header\":\"Manage Pricing Rules\"}"}]}
RESULT: undefined
COMMAND: POST /session/39d2630e55d6b41de19dafc672cf7ebc/element - {"using":"xpath","value":"//*[@id=\"__tile55\"]"}
RESULT: {}
RESULT: {"using":"xpath","value":"//*[@id=\"__tile55\"]"}
COMMAND: POST /session/39d2630e55d6b41de19dafc672cf7ebc/element/f.7175ED2F8B48EB9387EF736E08AAAD55.d.E531CD47D73278D75921017372EEE78E.e.14520/click - {}
RESULT: {}
COMMAND: GET /session/39d2630e55d6b41de19dafc672cf7ebc/screenshot - {}
RESULT: {}
COMMAND: POST /session/39d2630e55d6b41de19dafc672cf7ebc/execute/async - {"script":"<script> [1562 bytes]","args":[{"selector":{"controlType":"sap.ui.core.Icon","viewName":"etm.portal.ui.managepricingrules.view.MasterHeader","viewId":"application-managepricingrules-display-component---priceInfoHeader","properties":{"src":{"regex":{"source":"activity\\-items"}}}},"wdio_ui5_key":"etmportal.ui.managepricingrules.view.MasterHeadersap.ui.core.Icon{\"src\":{\"regex\":{\"source\":\"activity\\\\-items\"}}}"}]}
RESULT: {"script":"<script> [1562 bytes]","args":[{"selector":{"controlType":"sap.ui.core.Icon","viewName":"etm.portal.ui.managepricingrules.view.MasterHeader","viewId":"application-managepricingrules-display-component---priceInfoHeader","properties":{"src":{"regex":{"source":"activity\\-items"}}}},"wdio_ui5_key":"etmportal.ui.managepricingrules.view.MasterHeadersap.ui.core.Icon{\"src\":{\"regex\":{\"source\":\"activity\\\\-items\"}}}"}]}
RESULT: undefined
COMMAND: POST /session/39d2630e55d6b41de19dafc672cf7ebc/element - {"using":"xpath","value":"//*[@id=\"__filter22-icon\"]"}
RESULT: {"using":"xpath","value":"//*[@id=\"__filter22-icon\"]"}
COMMAND: POST /session/39d2630e55d6b41de19dafc672cf7ebc/element/f.7175ED2F8B48EB9387EF736E08AAAD55.d.E531CD47D73278D75921017372EEE78E.e.14607/click - {}
RESULT: {}
COMMAND: GET /session/39d2630e55d6b41de19dafc672cf7ebc/screenshot - {}
RESULT: {}
COMMAND: POST /session/39d2630e55d6b41de19dafc672cf7ebc/execute/async - {"script":"<script> [1562 bytes]","args":[{"selector":{"controlType":"sap.ui.core.Icon","viewName":"etm.portal.ui.managepricingrules.view.MasterItem","viewId":"application-managepricingrules-display-component---priceInfoItem","properties":{"src":{"regex":{"source":"add"}}}},"wdio_ui5_key":"etmportal.ui.managepricingrules.view.MasterItemsap.ui.core.Icon{\"src\":{\"regex\":{\"source\":\"add\"}}}"}]}
RESULT: {"script":"<script> [1562 bytes]","args":[{"selector":{"controlType":"sap.ui.core.Icon","viewName":"etm.portal.ui.managepricingrules.view.MasterItem","viewId":"application-managepricingrules-display-component---priceInfoItem","properties":{"src":{"regex":{"source":"add"}}}},"wdio_ui5_key":"etmportal.ui.managepricingrules.view.MasterItemsap.ui.core.Icon{\"src\":{\"regex\":{\"source\":\"add\"}}}"}]}
RESULT: undefined
COMMAND: POST /session/39d2630e55d6b41de19dafc672cf7ebc/element - {"using":"xpath","value":"//*[@id=\"__button76-img\"]"}
RESULT: {"using":"xpath","value":"//*[@id=\"__button76-img\"]"}
COMMAND: POST /session/39d2630e55d6b41de19dafc672cf7ebc/element/f.7175ED2F8B48EB9387EF736E08AAAD55.d.E531CD47D73278D75921017372EEE78E.e.14653/click - {}
RESULT: {}
COMMAND: GET /session/39d2630e55d6b41de19dafc672cf7ebc/screenshot - {}
RESULT: {}
COMMAND: POST /session/39d2630e55d6b41de19dafc672cf7ebc/element - {"using":"xpath","value":"//input[@id=\"application-managepricingrules-display-component---newInfoPriceItem--condRU-inner\"]"}
RESULT: {"using":"xpath","value":"//input[@id=\"application-managepricingrules-display-component---newInfoPriceItem--condRU-inner\"]"}
COMMAND: POST /session/39d2630e55d6b41de19dafc672cf7ebc/element/f.7175ED2F8B48EB9387EF736E08AAAD55.d.E531CD47D73278D75921017372EEE78E.e.14864/clear - {}
RESULT: {}
COMMAND: POST /session/39d2630e55d6b41de19dafc672cf7ebc/element/f.7175ED2F8B48EB9387EF736E08AAAD55.d.E531CD47D73278D75921017372EEE78E.e.14864/value - {"text":"WebdriverRUR2Cdj5ss"}
COMMAND: GET /session/39d2630e55d6b41de19dafc672cf7ebc/screenshot - {}
RESULT: {"text":"WebdriverRUR2Cdj5ss"}
COMMAND: POST /session/39d2630e55d6b41de19dafc672cf7ebc/execute/async - {"script":"<script> [1562 bytes]","args":[{"selector":{"id":"application-managepricingrules-display-component---newInfoPriceItem--condValidTo","interaction":{"idSuffix":"inner"}},"wdio_ui5_key":"applicationmanagepricingrules-display-component---newInfoPriceItem--condValidTo"}]}
COMMAND: GET /session/39d2630e55d6b41de19dafc672cf7ebc/screenshot - {}
RESULT: {}
RESULT: {"script":"<script> [1562 bytes]","args":[{"selector":{"id":"application-managepricingrules-display-component---newInfoPriceItem--condValidTo","interaction":{"idSuffix":"inner"}},"wdio_ui5_key":"applicationmanagepricingrules-display-component---newInfoPriceItem--condValidTo"}]}
RESULT: undefined
COMMAND: POST /session/39d2630e55d6b41de19dafc672cf7ebc/execute/async - {"script":"<script> [776 bytes]","args":[{"enterText":"5/18/33","selector":{"id":"application-managepricingrules-display-component---newInfoPriceItem--condValidTo","interaction":{"idSuffix":"inner"}},"clearTextFirst":true,"interactionType":"ENTER_TEXT"}]}
RESULT: {}
RESULT: {"script":"<script> [776 bytes]","args":[{"enterText":"5/18/33","selector":{"id":"application-managepricingrules-display-component---newInfoPriceItem--condValidTo","interaction":{"idSuffix":"inner"}},"clearTextFirst":true,"interactionType":"ENTER_TEXT"}]}
COMMAND: POST /session/39d2630e55d6b41de19dafc672cf7ebc/execute/async - {"script":"<script> [1562 bytes]","args":[{"selector":{"id":"application-managepricingrules-display-component---newInfoPriceItem--billType-arrow"},"wdio_ui5_key":"applicationmanagepricingrules-display-component---newInfoPriceItem--billType-arrow"}]}
RESULT: {"script":"<script> [1562 bytes]","args":[{"selector":{"id":"application-managepricingrules-display-component---newInfoPriceItem--billType-arrow"},"wdio_ui5_key":"applicationmanagepricingrules-display-component---newInfoPriceItem--billType-arrow"}]}
RESULT: undefined
COMMAND: POST /session/39d2630e55d6b41de19dafc672cf7ebc/element - {"using":"xpath","value":"//*[@id=\"application-managepricingrules-display-component---newInfoPriceItem--billType-arrow\"]"}
RESULT: {"using":"xpath","value":"//*[@id=\"application-managepricingrules-display-component---newInfoPriceItem--billType-arrow\"]"}
COMMAND: POST /session/39d2630e55d6b41de19dafc672cf7ebc/element/f.7175ED2F8B48EB9387EF736E08AAAD55.d.E531CD47D73278D75921017372EEE78E.e.14958/click - {}
RESULT: {}
COMMAND: POST /session/39d2630e55d6b41de19dafc672cf7ebc/element - {"using":"xpath","value":"//span[contains(text(), \"TB - Time based\")]"}
COMMAND: GET /session/39d2630e55d6b41de19dafc672cf7ebc/screenshot - {}
RESULT: {"using":"xpath","value":"//span[contains(text(), \"TB - Time based\")]"}
COMMAND: POST /session/39d2630e55d6b41de19dafc672cf7ebc/element/f.7175ED2F8B48EB9387EF736E08AAAD55.d.E531CD47D73278D75921017372EEE78E.e.14999/click - {}
RESULT: {}
RESULT: {}
COMMAND: POST /session/39d2630e55d6b41de19dafc672cf7ebc/execute/async - {"script":"<script> [1562 bytes]","args":[{"selector":{"id":"application-managepricingrules-display-component---newInfoPriceItem--priceProc-arrow"},"wdio_ui5_key":"applicationmanagepricingrules-display-component---newInfoPriceItem--priceProc-arrow"}]}
COMMAND: GET /session/39d2630e55d6b41de19dafc672cf7ebc/screenshot - {}
RESULT: {"script":"<script> [1562 bytes]","args":[{"selector":{"id":"application-managepricingrules-display-component---newInfoPriceItem--priceProc-arrow"},"wdio_ui5_key":"applicationmanagepricingrules-display-component---newInfoPriceItem--priceProc-arrow"}]}
RESULT: undefined
COMMAND: POST /session/39d2630e55d6b41de19dafc672cf7ebc/element - {"using":"xpath","value":"//*[@id=\"application-managepricingrules-display-component---newInfoPriceItem--priceProc-arrow\"]"}
RESULT: {}
RESULT: {"using":"xpath","value":"//*[@id=\"application-managepricingrules-display-component---newInfoPriceItem--priceProc-arrow\"]"}
COMMAND: POST /session/39d2630e55d6b41de19dafc672cf7ebc/element/f.7175ED2F8B48EB9387EF736E08AAAD55.d.E531CD47D73278D75921017372EEE78E.e.14965/click - {}
RESULT: {}
COMMAND: POST /session/39d2630e55d6b41de19dafc672cf7ebc/element - {"using":"xpath","value":"//span[contains(text(), \"TBS - Time based standard\")]"}
COMMAND: GET /session/39d2630e55d6b41de19dafc672cf7ebc/screenshot - {}
RESULT: {"using":"xpath","value":"//span[contains(text(), \"TBS - Time based standard\")]"}
COMMAND: POST /session/39d2630e55d6b41de19dafc672cf7ebc/element/f.7175ED2F8B48EB9387EF736E08AAAD55.d.E531CD47D73278D75921017372EEE78E.e.15000/click - {}
RESULT: {}
RESULT: {}
COMMAND: POST /session/39d2630e55d6b41de19dafc672cf7ebc/execute/async - {"script":"<script> [1562 bytes]","args":[{"selector":{"id":"application-managepricingrules-display-component---newInfoPriceItem--calcBase-arrow"},"wdio_ui5_key":"applicationmanagepricingrules-display-component---newInfoPriceItem--calcBase-arrow"}]}
COMMAND: GET /session/39d2630e55d6b41de19dafc672cf7ebc/screenshot - {}
RESULT: {"script":"<script> [1562 bytes]","args":[{"selector":{"id":"application-managepricingrules-display-component---newInfoPriceItem--calcBase-arrow"},"wdio_ui5_key":"applicationmanagepricingrules-display-component---newInfoPriceItem--calcBase-arrow"}]}
RESULT: undefined
COMMAND: POST /session/39d2630e55d6b41de19dafc672cf7ebc/element - {"using":"xpath","value":"//*[@id=\"application-managepricingrules-display-component---newInfoPriceItem--calcBase-arrow\"]"}
RESULT: {}
RESULT: {"using":"xpath","value":"//*[@id=\"application-managepricingrules-display-component---newInfoPriceItem--calcBase-arrow\"]"}
COMMAND: POST /session/39d2630e55d6b41de19dafc672cf7ebc/element/f.7175ED2F8B48EB9387EF736E08AAAD55.d.E531CD47D73278D75921017372EEE78E.e.14972/click - {}
RESULT: {}
COMMAND: GET /session/39d2630e55d6b41de19dafc672cf7ebc/screenshot - {}
RESULT: {}
COMMAND: POST /session/39d2630e55d6b41de19dafc672cf7ebc/element - {"using":"xpath","value":"//span[contains(text(), \"0006 - TB(calendar days)\")]"}
RESULT: {"using":"xpath","value":"//span[contains(text(), \"0006 - TB(calendar days)\")]"}
COMMAND: POST /session/39d2630e55d6b41de19dafc672cf7ebc/element/f.7175ED2F8B48EB9387EF736E08AAAD55.d.E531CD47D73278D75921017372EEE78E.e.15001/click - {}
RESULT: {}
COMMAND: POST /session/39d2630e55d6b41de19dafc672cf7ebc/execute/async - {"script":"<script> [1562 bytes]","args":[{"selector":{"id":"application-managepricingrules-display-component---newInfoPriceItem--daysMonth","interaction":{"idSuffix":"inner"}},"wdio_ui5_key":"applicationmanagepricingrules-display-component---newInfoPriceItem--daysMonth"}]}
COMMAND: GET /session/39d2630e55d6b41de19dafc672cf7ebc/screenshot - {}
RESULT: {"script":"<script> [1562 bytes]","args":[{"selector":{"id":"application-managepricingrules-display-component---newInfoPriceItem--daysMonth","interaction":{"idSuffix":"inner"}},"wdio_ui5_key":"applicationmanagepricingrules-display-component---newInfoPriceItem--daysMonth"}]}
RESULT: undefined
COMMAND: POST /session/39d2630e55d6b41de19dafc672cf7ebc/execute/async - {"script":"<script> [776 bytes]","args":[{"enterText":"30","selector":{"id":"application-managepricingrules-display-component---newInfoPriceItem--daysMonth","interaction":{"idSuffix":"inner"}},"clearTextFirst":true,"interactionType":"ENTER_TEXT"}]}
RESULT: {}
RESULT: {"script":"<script> [776 bytes]","args":[{"enterText":"30","selector":{"id":"application-managepricingrules-display-component---newInfoPriceItem--daysMonth","interaction":{"idSuffix":"inner"}},"clearTextFirst":true,"interactionType":"ENTER_TEXT"}]}
COMMAND: POST /session/39d2630e55d6b41de19dafc672cf7ebc/element - {"using":"xpath","value":"//button[@data-kt=\"saveNewRuleButton\"]"}
RESULT: {"using":"xpath","value":"//button[@data-kt=\"saveNewRuleButton\"]"}
COMMAND: POST /session/39d2630e55d6b41de19dafc672cf7ebc/element/f.7175ED2F8B48EB9387EF736E08AAAD55.d.E531CD47D73278D75921017372EEE78E.e.14992/click - {}
RESULT: {}
COMMAND: GET /session/39d2630e55d6b41de19dafc672cf7ebc/screenshot - {}
RESULT: {}
COMMAND: POST /session/39d2630e55d6b41de19dafc672cf7ebc/element - {"using":"css selector","value":"#shell-header-logo"}
RESULT: {"using":"css selector","value":"#shell-header-logo"}
COMMAND: POST /session/39d2630e55d6b41de19dafc672cf7ebc/element/f.7175ED2F8B48EB9387EF736E08AAAD55.d.E531CD47D73278D75921017372EEE78E.e.14523/click - {}
RESULT: {}
COMMAND: GET /session/39d2630e55d6b41de19dafc672cf7ebc/screenshot - {}
RESULT: {}
COMMAND: POST /session/39d2630e55d6b41de19dafc672cf7ebc/execute/async - {"script":"<script> [1562 bytes]","args":[{"selector":{"controlType":"sap.m.Text","properties":{"text":"Manage Conditions & Prices"},"interaction":{"idSuffix":"inner"}},"wdio_ui5_key":"sapm.Text{\"text\":\"Manage Conditions & Prices\"}"}]}
RESULT: {"script":"<script> [1562 bytes]","args":[{"selector":{"controlType":"sap.m.Text","properties":{"text":"Manage Conditions & Prices"},"interaction":{"idSuffix":"inner"}},"wdio_ui5_key":"sapm.Text{\"text\":\"Manage Conditions & Prices\"}"}]}
RESULT: undefined
COMMAND: POST /session/39d2630e55d6b41de19dafc672cf7ebc/element - {"using":"xpath","value":"//*[@id=\"__tile53-title\"]"}
RESULT: {"using":"xpath","value":"//*[@id=\"__tile53-title\"]"}
COMMAND: POST /session/39d2630e55d6b41de19dafc672cf7ebc/element/f.7175ED2F8B48EB9387EF736E08AAAD55.d.E531CD47D73278D75921017372EEE78E.e.15020/click - {}
RESULT: {}
COMMAND: GET /session/39d2630e55d6b41de19dafc672cf7ebc/screenshot - {}
RESULT: {}
COMMAND: POST /session/39d2630e55d6b41de19dafc672cf7ebc/element - {"using":"xpath","value":"//button[@aria-label=\"Create\"]"}
RESULT: {"using":"xpath","value":"//button[@aria-label=\"Create\"]"}
COMMAND: POST /session/39d2630e55d6b41de19dafc672cf7ebc/element/f.7175ED2F8B48EB9387EF736E08AAAD55.d.E531CD47D73278D75921017372EEE78E.e.15058/click - {}
RESULT: {}
COMMAND: POST /session/39d2630e55d6b41de19dafc672cf7ebc/actions - {"actions":[{"id":"action72","type":"key","parameters":{},"actions":[{"type":"keyDown","value":"î€‡"},{"type":"pause","duration":10},{"type":"keyUp","value":"î€‡"}]}]}
COMMAND: GET /session/39d2630e55d6b41de19dafc672cf7ebc/screenshot - {}
RESULT: {"actions":[{"id":"action72","type":"key","parameters":{},"actions":[{"type":"keyDown","value":"î€‡"},{"type":"pause","duration":10},{"type":"keyUp","value":"î€‡"}]}]}
COMMAND: GET /session/39d2630e55d6b41de19dafc672cf7ebc/screenshot - {}
COMMAND: POST /session/39d2630e55d6b41de19dafc672cf7ebc/execute/async - {"script":"<script> [1562 bytes]","args":[{"selector":{"id":"application-manageconditionprice-display-component---newCondition--condBillCond-arrow"},"wdio_ui5_key":"applicationmanageconditionprice-display-component---newCondition--condBillCond-arrow"}]}
RESULT: {}
RESULT: {}
RESULT: {"script":"<script> [1562 bytes]","args":[{"selector":{"id":"application-manageconditionprice-display-component---newCondition--condBillCond-arrow"},"wdio_ui5_key":"applicationmanageconditionprice-display-component---newCondition--condBillCond-arrow"}]}
RESULT: undefined
COMMAND: POST /session/39d2630e55d6b41de19dafc672cf7ebc/element - {"using":"xpath","value":"//*[@id=\"application-manageconditionprice-display-component---newCondition--condBillCond-arrow\"]"}
RESULT: {"using":"xpath","value":"//*[@id=\"application-manageconditionprice-display-component---newCondition--condBillCond-arrow\"]"}
COMMAND: POST /session/39d2630e55d6b41de19dafc672cf7ebc/element/f.7175ED2F8B48EB9387EF736E08AAAD55.d.E531CD47D73278D75921017372EEE78E.e.15513/click - {}
RESULT: {}
COMMAND: POST /session/39d2630e55d6b41de19dafc672cf7ebc/element - {"using":"xpath","value":"//span[contains(text(), \"DISP - D&I special price\")]"}
COMMAND: GET /session/39d2630e55d6b41de19dafc672cf7ebc/screenshot - {}
RESULT: {"using":"xpath","value":"//span[contains(text(), \"DISP - D&I special price\")]"}
COMMAND: POST /session/39d2630e55d6b41de19dafc672cf7ebc/element/f.7175ED2F8B48EB9387EF736E08AAAD55.d.E531CD47D73278D75921017372EEE78E.e.15516/click - {}
RESULT: {}
RESULT: {}
COMMAND: POST /session/39d2630e55d6b41de19dafc672cf7ebc/execute/async - {"script":"<script> [1562 bytes]","args":[{"selector":{"id":"application-manageconditionprice-display-component---newCondition--condValidTo","interaction":{"idSuffix":"inner"}},"wdio_ui5_key":"applicationmanageconditionprice-display-component---newCondition--condValidTo"}]}
COMMAND: GET /session/39d2630e55d6b41de19dafc672cf7ebc/screenshot - {}
RESULT: {"script":"<script> [1562 bytes]","args":[{"selector":{"id":"application-manageconditionprice-display-component---newCondition--condValidTo","interaction":{"idSuffix":"inner"}},"wdio_ui5_key":"applicationmanageconditionprice-display-component---newCondition--condValidTo"}]}
RESULT: undefined
COMMAND: POST /session/39d2630e55d6b41de19dafc672cf7ebc/execute/async - {"script":"<script> [776 bytes]","args":[{"enterText":"5/11/33","selector":{"id":"application-manageconditionprice-display-component---newCondition--condValidTo","interaction":{"idSuffix":"inner"}},"clearTextFirst":true,"interactionType":"ENTER_TEXT"}]}
RESULT: {}
RESULT: {"script":"<script> [776 bytes]","args":[{"enterText":"5/11/33","selector":{"id":"application-manageconditionprice-display-component---newCondition--condValidTo","interaction":{"idSuffix":"inner"}},"clearTextFirst":true,"interactionType":"ENTER_TEXT"}]}
COMMAND: POST /session/39d2630e55d6b41de19dafc672cf7ebc/element - {"using":"xpath","value":"//input[@id=\"application-manageconditionprice-display-component---newCondition--condRU-inner\"]"}
RESULT: {"using":"xpath","value":"//input[@id=\"application-manageconditionprice-display-component---newCondition--condRU-inner\"]"}
COMMAND: POST /session/39d2630e55d6b41de19dafc672cf7ebc/element/f.7175ED2F8B48EB9387EF736E08AAAD55.d.E531CD47D73278D75921017372EEE78E.e.15247/clear - {}
RESULT: {}
COMMAND: POST /session/39d2630e55d6b41de19dafc672cf7ebc/element/f.7175ED2F8B48EB9387EF736E08AAAD55.d.E531CD47D73278D75921017372EEE78E.e.15247/value - {"text":"WebdriverRUR2Cdj5ss"}
COMMAND: GET /session/39d2630e55d6b41de19dafc672cf7ebc/screenshot - {}
RESULT: {"text":"WebdriverRUR2Cdj5ss"}
COMMAND: GET /session/39d2630e55d6b41de19dafc672cf7ebc/screenshot - {}
RESULT: {}
RESULT: {}
COMMAND: POST /session/39d2630e55d6b41de19dafc672cf7ebc/actions - {"actions":[{"id":"action73","type":"key","parameters":{},"actions":[{"type":"keyDown","value":"î€‡"},{"type":"pause","duration":10},{"type":"keyUp","value":"î€‡"}]}]}
RESULT: {"actions":[{"id":"action73","type":"key","parameters":{},"actions":[{"type":"keyDown","value":"î€‡"},{"type":"pause","duration":10},{"type":"keyUp","value":"î€‡"}]}]}
COMMAND: POST /session/39d2630e55d6b41de19dafc672cf7ebc/execute/async - {"script":"<script> [1562 bytes]","args":[{"selector":{"id":"application-manageconditionprice-display-component---newCondition--condBaseQty","interaction":{"idSuffix":"inner"}},"wdio_ui5_key":"applicationmanageconditionprice-display-component---newCondition--condBaseQty"}]}
COMMAND: GET /session/39d2630e55d6b41de19dafc672cf7ebc/screenshot - {}
RESULT: {"script":"<script> [1562 bytes]","args":[{"selector":{"id":"application-manageconditionprice-display-component---newCondition--condBaseQty","interaction":{"idSuffix":"inner"}},"wdio_ui5_key":"applicationmanageconditionprice-display-component---newCondition--condBaseQty"}]}
RESULT: undefined
COMMAND: POST /session/39d2630e55d6b41de19dafc672cf7ebc/execute/async - {"script":"<script> [776 bytes]","args":[{"enterText":"1","selector":{"id":"application-manageconditionprice-display-component---newCondition--condBaseQty","interaction":{"idSuffix":"inner"}},"clearTextFirst":true,"interactionType":"ENTER_TEXT"}]}
RESULT: {}
RESULT: {"script":"<script> [776 bytes]","args":[{"enterText":"1","selector":{"id":"application-manageconditionprice-display-component---newCondition--condBaseQty","interaction":{"idSuffix":"inner"}},"clearTextFirst":true,"interactionType":"ENTER_TEXT"}]}
COMMAND: POST /session/39d2630e55d6b41de19dafc672cf7ebc/execute/async - {"script":"<script> [1562 bytes]","args":[{"selector":{"id":"application-manageconditionprice-display-component---newCondition--condValue","interaction":{"idSuffix":"inner"}},"wdio_ui5_key":"applicationmanageconditionprice-display-component---newCondition--condValue"}]}
RESULT: {"script":"<script> [1562 bytes]","args":[{"selector":{"id":"application-manageconditionprice-display-component---newCondition--condValue","interaction":{"idSuffix":"inner"}},"wdio_ui5_key":"applicationmanageconditionprice-display-component---newCondition--condValue"}]}
RESULT: undefined
COMMAND: POST /session/39d2630e55d6b41de19dafc672cf7ebc/execute/async - {"script":"<script> [776 bytes]","args":[{"enterText":"100","selector":{"id":"application-manageconditionprice-display-component---newCondition--condValue","interaction":{"idSuffix":"inner"}},"clearTextFirst":true,"interactionType":"ENTER_TEXT"}]}
RESULT: {"script":"<script> [776 bytes]","args":[{"enterText":"100","selector":{"id":"application-manageconditionprice-display-component---newCondition--condValue","interaction":{"idSuffix":"inner"}},"clearTextFirst":true,"interactionType":"ENTER_TEXT"}]}
COMMAND: POST /session/39d2630e55d6b41de19dafc672cf7ebc/execute/async - {"script":"<script> [1562 bytes]","args":[{"selector":{"id":"application-manageconditionprice-display-component---newCondition--condCurr-arrow"},"wdio_ui5_key":"applicationmanageconditionprice-display-component---newCondition--condCurr-arrow"}]}
RESULT: {"script":"<script> [1562 bytes]","args":[{"selector":{"id":"application-manageconditionprice-display-component---newCondition--condCurr-arrow"},"wdio_ui5_key":"applicationmanageconditionprice-display-component---newCondition--condCurr-arrow"}]}
RESULT: undefined
COMMAND: POST /session/39d2630e55d6b41de19dafc672cf7ebc/element - {"using":"xpath","value":"//*[@id=\"application-manageconditionprice-display-component---newCondition--condCurr-arrow\"]"}
RESULT: {"using":"xpath","value":"//*[@id=\"application-manageconditionprice-display-component---newCondition--condCurr-arrow\"]"}
COMMAND: POST /session/39d2630e55d6b41de19dafc672cf7ebc/element/f.7175ED2F8B48EB9387EF736E08AAAD55.d.E531CD47D73278D75921017372EEE78E.e.15477/click - {}
RESULT: {}
COMMAND: POST /session/39d2630e55d6b41de19dafc672cf7ebc/element - {"using":"xpath","value":"//span[contains(text(), \"Euro\")]"}
COMMAND: GET /session/39d2630e55d6b41de19dafc672cf7ebc/screenshot - {}
RESULT: {"using":"xpath","value":"//span[contains(text(), \"Euro\")]"}
COMMAND: POST /session/39d2630e55d6b41de19dafc672cf7ebc/element/f.7175ED2F8B48EB9387EF736E08AAAD55.d.E531CD47D73278D75921017372EEE78E.e.15552/click - {}
RESULT: {}
RESULT: {}
COMMAND: POST /session/39d2630e55d6b41de19dafc672cf7ebc/element - {"using":"xpath","value":"//button[@data-kt=\"saveButton\"]"}
COMMAND: GET /session/39d2630e55d6b41de19dafc672cf7ebc/screenshot - {}
RESULT: {"using":"xpath","value":"//button[@data-kt=\"saveButton\"]"}
COMMAND: POST /session/39d2630e55d6b41de19dafc672cf7ebc/element/f.7175ED2F8B48EB9387EF736E08AAAD55.d.E531CD47D73278D75921017372EEE78E.e.15478/click - {}
RESULT: {}
RESULT: {}
COMMAND: GET /session/39d2630e55d6b41de19dafc672cf7ebc/screenshot - {}
RESULT: {}
COMMAND: POST /session/39d2630e55d6b41de19dafc672cf7ebc/element - {"using":"css selector","value":"#shell-header-logo"}
RESULT: {"using":"css selector","value":"#shell-header-logo"}
COMMAND: POST /session/39d2630e55d6b41de19dafc672cf7ebc/element/f.7175ED2F8B48EB9387EF736E08AAAD55.d.E531CD47D73278D75921017372EEE78E.e.15023/click - {}
RESULT: {}
COMMAND: GET /session/39d2630e55d6b41de19dafc672cf7ebc/screenshot - {}
RESULT: {}
]]></system-out>
    </testcase>
    <testcase classname="chrome.135_0_7049_96.windows.E2E_-_Logistical_and_commercial_statuses" name="Should create a new contract" time="56.627">
      <system-out><![CDATA[
COMMAND: POST /session/39d2630e55d6b41de19dafc672cf7ebc/execute/async - {"script":"<script> [1562 bytes]","args":[{"selector":{"controlType":"sap.m.GenericTile","viewName":"etm.portal.ui.managecontractstile.view.Master","i18NText":{"propertyName":"header","key":"manageContractsTileTitle"}},"wdio_ui5_key":"etmportal.ui.managecontractstile.view.Mastersap.m.GenericTile{\"propertyName\":\"header\",\"key\":\"manageContractsTileTitle\"}"}]}
RESULT: {"script":"<script> [1562 bytes]","args":[{"selector":{"controlType":"sap.m.GenericTile","viewName":"etm.portal.ui.managecontractstile.view.Master","i18NText":{"propertyName":"header","key":"manageContractsTileTitle"}},"wdio_ui5_key":"etmportal.ui.managecontractstile.view.Mastersap.m.GenericTile{\"propertyName\":\"header\",\"key\":\"manageContractsTileTitle\"}"}]}
RESULT: undefined
COMMAND: POST /session/39d2630e55d6b41de19dafc672cf7ebc/element - {"using":"xpath","value":"//*[@id=\"__tile130\"]"}
RESULT: {"using":"xpath","value":"//*[@id=\"__tile130\"]"}
COMMAND: POST /session/39d2630e55d6b41de19dafc672cf7ebc/element/f.7175ED2F8B48EB9387EF736E08AAAD55.d.E531CD47D73278D75921017372EEE78E.e.15700/click - {}
RESULT: {}
COMMAND: GET /session/39d2630e55d6b41de19dafc672cf7ebc/screenshot - {}
RESULT: {}
COMMAND: POST /session/39d2630e55d6b41de19dafc672cf7ebc/element - {"using":"xpath","value":"//button[@data-kt=\"addButton\"]"}
RESULT: {"using":"xpath","value":"//button[@data-kt=\"addButton\"]"}
COMMAND: POST /session/39d2630e55d6b41de19dafc672cf7ebc/element/f.7175ED2F8B48EB9387EF736E08AAAD55.d.E531CD47D73278D75921017372EEE78E.e.15780/click - {}
RESULT: {}
COMMAND: GET /session/39d2630e55d6b41de19dafc672cf7ebc/screenshot - {}
RESULT: {}
COMMAND: POST /session/39d2630e55d6b41de19dafc672cf7ebc/execute/async - {"script":"<script> [1562 bytes]","args":[{"selector":{"id":"application-managecontracts-display-component---AddNewContract--projectDescription","interaction":{"idSuffix":"inner"}},"wdio_ui5_key":"applicationmanagecontracts-display-component---AddNewContract--projectDescription"}]}
RESULT: {"script":"<script> [1562 bytes]","args":[{"selector":{"id":"application-managecontracts-display-component---AddNewContract--projectDescription","interaction":{"idSuffix":"inner"}},"wdio_ui5_key":"applicationmanagecontracts-display-component---AddNewContract--projectDescription"}]}
RESULT: undefined
COMMAND: POST /session/39d2630e55d6b41de19dafc672cf7ebc/execute/async - {"script":"<script> [776 bytes]","args":[{"enterText":"WdIOR2cknaj7","selector":{"id":"application-managecontracts-display-component---AddNewContract--projectDescription","interaction":{"idSuffix":"inner"}},"clearTextFirst":true,"interactionType":"ENTER_TEXT"}]}
RESULT: {"script":"<script> [776 bytes]","args":[{"enterText":"WdIOR2cknaj7","selector":{"id":"application-managecontracts-display-component---AddNewContract--projectDescription","interaction":{"idSuffix":"inner"}},"clearTextFirst":true,"interactionType":"ENTER_TEXT"}]}
COMMAND: POST /session/39d2630e55d6b41de19dafc672cf7ebc/element - {"using":"xpath","value":"//input[@id=\"application-managecontracts-display-component---AddNewContract--yardId-inner\"]"}
RESULT: {"using":"xpath","value":"//input[@id=\"application-managecontracts-display-component---AddNewContract--yardId-inner\"]"}
COMMAND: POST /session/39d2630e55d6b41de19dafc672cf7ebc/element/f.7175ED2F8B48EB9387EF736E08AAAD55.d.E531CD47D73278D75921017372EEE78E.e.16031/clear - {}
RESULT: {}
COMMAND: POST /session/39d2630e55d6b41de19dafc672cf7ebc/element/f.7175ED2F8B48EB9387EF736E08AAAD55.d.E531CD47D73278D75921017372EEE78E.e.16031/value - {"text":"WebdriverYardubahp"}
COMMAND: GET /session/39d2630e55d6b41de19dafc672cf7ebc/screenshot - {}
RESULT: {"text":"WebdriverYardubahp"}
COMMAND: GET /session/39d2630e55d6b41de19dafc672cf7ebc/screenshot - {}
RESULT: {}
RESULT: {}
COMMAND: POST /session/39d2630e55d6b41de19dafc672cf7ebc/actions - {"actions":[{"id":"action74","type":"key","parameters":{},"actions":[{"type":"keyDown","value":"î€‡"},{"type":"pause","duration":10},{"type":"keyUp","value":"î€‡"}]}]}
RESULT: {"actions":[{"id":"action74","type":"key","parameters":{},"actions":[{"type":"keyDown","value":"î€‡"},{"type":"pause","duration":10},{"type":"keyUp","value":"î€‡"}]}]}
COMMAND: GET /session/39d2630e55d6b41de19dafc672cf7ebc/screenshot - {}
RESULT: {}
COMMAND: POST /session/39d2630e55d6b41de19dafc672cf7ebc/element - {"using":"xpath","value":"//input[@id=\"application-managecontracts-display-component---AddNewContract--customerSelect-inner\"]"}
RESULT: {"using":"xpath","value":"//input[@id=\"application-managecontracts-display-component---AddNewContract--customerSelect-inner\"]"}
COMMAND: POST /session/39d2630e55d6b41de19dafc672cf7ebc/element/f.7175ED2F8B48EB9387EF736E08AAAD55.d.E531CD47D73278D75921017372EEE78E.e.16029/clear - {}
RESULT: {}
COMMAND: POST /session/39d2630e55d6b41de19dafc672cf7ebc/element/f.7175ED2F8B48EB9387EF736E08AAAD55.d.E531CD47D73278D75921017372EEE78E.e.16029/value - {"text":"WebdriverPartner8jk9n"}
COMMAND: GET /session/39d2630e55d6b41de19dafc672cf7ebc/screenshot - {}
RESULT: {"text":"WebdriverPartner8jk9n"}
COMMAND: GET /session/39d2630e55d6b41de19dafc672cf7ebc/screenshot - {}
RESULT: {}
RESULT: {}
COMMAND: POST /session/39d2630e55d6b41de19dafc672cf7ebc/actions - {"actions":[{"id":"action75","type":"key","parameters":{},"actions":[{"type":"keyDown","value":"î€‡"},{"type":"pause","duration":10},{"type":"keyUp","value":"î€‡"}]}]}
RESULT: {"actions":[{"id":"action75","type":"key","parameters":{},"actions":[{"type":"keyDown","value":"î€‡"},{"type":"pause","duration":10},{"type":"keyUp","value":"î€‡"}]}]}
COMMAND: GET /session/39d2630e55d6b41de19dafc672cf7ebc/screenshot - {}
RESULT: {}
COMMAND: POST /session/39d2630e55d6b41de19dafc672cf7ebc/element - {"using":"xpath","value":"//input[@id=\"application-managecontracts-display-component---AddNewContract--site-inner\"]"}
RESULT: {"using":"xpath","value":"//input[@id=\"application-managecontracts-display-component---AddNewContract--site-inner\"]"}
COMMAND: POST /session/39d2630e55d6b41de19dafc672cf7ebc/element/f.7175ED2F8B48EB9387EF736E08AAAD55.d.E531CD47D73278D75921017372EEE78E.e.16030/clear - {}
RESULT: {}
COMMAND: POST /session/39d2630e55d6b41de19dafc672cf7ebc/element/f.7175ED2F8B48EB9387EF736E08AAAD55.d.E531CD47D73278D75921017372EEE78E.e.16030/value - {"text":"WebdriverSitew1tec"}
COMMAND: GET /session/39d2630e55d6b41de19dafc672cf7ebc/screenshot - {}
RESULT: {"text":"WebdriverSitew1tec"}
COMMAND: GET /session/39d2630e55d6b41de19dafc672cf7ebc/screenshot - {}
RESULT: {}
RESULT: {}
COMMAND: POST /session/39d2630e55d6b41de19dafc672cf7ebc/actions - {"actions":[{"id":"action76","type":"key","parameters":{},"actions":[{"type":"keyDown","value":"î€‡"},{"type":"pause","duration":10},{"type":"keyUp","value":"î€‡"}]}]}
RESULT: {"actions":[{"id":"action76","type":"key","parameters":{},"actions":[{"type":"keyDown","value":"î€‡"},{"type":"pause","duration":10},{"type":"keyUp","value":"î€‡"}]}]}
COMMAND: POST /session/39d2630e55d6b41de19dafc672cf7ebc/element - {"using":"xpath","value":"//button[@data-kt=\"saveButton\"]"}
COMMAND: GET /session/39d2630e55d6b41de19dafc672cf7ebc/screenshot - {}
RESULT: {"using":"xpath","value":"//button[@data-kt=\"saveButton\"]"}
COMMAND: POST /session/39d2630e55d6b41de19dafc672cf7ebc/element/f.7175ED2F8B48EB9387EF736E08AAAD55.d.E531CD47D73278D75921017372EEE78E.e.16046/click - {}
RESULT: {}
RESULT: {}
COMMAND: GET /session/39d2630e55d6b41de19dafc672cf7ebc/screenshot - {}
RESULT: {}
COMMAND: POST /session/39d2630e55d6b41de19dafc672cf7ebc/execute/async - {"script":"<script> [1562 bytes]","args":[{"selector":{"id":"contractDetailTitleNoExpanded","viewName":"etm.portal.ui.managecontracts.view.Detail"},"wdio_ui5_key":"contractDetailTitleNoExpandedetmportal.ui.managecontracts.view.Detail"}]}
RESULT: {"script":"<script> [1562 bytes]","args":[{"selector":{"id":"contractDetailTitleNoExpanded","viewName":"etm.portal.ui.managecontracts.view.Detail"},"wdio_ui5_key":"contractDetailTitleNoExpandedetmportal.ui.managecontracts.view.Detail"}]}
RESULT: undefined
COMMAND: POST /session/39d2630e55d6b41de19dafc672cf7ebc/execute/async - {"script":"<script> [6424 bytes]","args":[{"element-6066-11e4-a52e-4f735466cecf":"f.7175ED2F8B48EB9387EF736E08AAAD55.d.E531CD47D73278D75921017372EEE78E.e.16126"},"getText",[]]}
RESULT: {"script":"<script> [6424 bytes]","args":[{"element-6066-11e4-a52e-4f735466cecf":"f.7175ED2F8B48EB9387EF736E08AAAD55.d.E531CD47D73278D75921017372EEE78E.e.16126"},"getText",[]]}
]]></system-out>
    </testcase>
    <testcase classname="chrome.135_0_7049_96.windows.E2E_-_Logistical_and_commercial_statuses" name="Should add materialID to the contract" time="43.949">
      <system-out><![CDATA[
COMMAND: POST /session/39d2630e55d6b41de19dafc672cf7ebc/element - {"using":"xpath","value":"//button[@data-kt=\"contractDetailEditBtnButton\"]"}
RESULT: {"using":"xpath","value":"//button[@data-kt=\"contractDetailEditBtnButton\"]"}
COMMAND: POST /session/39d2630e55d6b41de19dafc672cf7ebc/element/f.7175ED2F8B48EB9387EF736E08AAAD55.d.E531CD47D73278D75921017372EEE78E.e.16127/click - {}
RESULT: {}
COMMAND: GET /session/39d2630e55d6b41de19dafc672cf7ebc/screenshot - {}
RESULT: {}
COMMAND: POST /session/39d2630e55d6b41de19dafc672cf7ebc/element - {"using":"xpath","value":"(//span[contains(text(), \"Additional Addresses\")])[2]"}
RESULT: {"using":"xpath","value":"(//span[contains(text(), \"Additional Addresses\")])[2]"}
COMMAND: POST /session/39d2630e55d6b41de19dafc672cf7ebc/element/f.7175ED2F8B48EB9387EF736E08AAAD55.d.E531CD47D73278D75921017372EEE78E.e.16184/click - {}
RESULT: {}
COMMAND: GET /session/39d2630e55d6b41de19dafc672cf7ebc/screenshot - {}
RESULT: {}
COMMAND: POST /session/39d2630e55d6b41de19dafc672cf7ebc/element - {"using":"xpath","value":"//button[@data-kt=\"btnAddTableRowOverflowToolbarButton\"]"}
RESULT: {"using":"xpath","value":"//button[@data-kt=\"btnAddTableRowOverflowToolbarButton\"]"}
COMMAND: POST /session/39d2630e55d6b41de19dafc672cf7ebc/element/f.7175ED2F8B48EB9387EF736E08AAAD55.d.E531CD47D73278D75921017372EEE78E.e.16188/click - {}
RESULT: {}
COMMAND: GET /session/39d2630e55d6b41de19dafc672cf7ebc/screenshot - {}
RESULT: {}
COMMAND: POST /session/39d2630e55d6b41de19dafc672cf7ebc/element - {"using":"xpath","value":"//div[(text() = 'Standard Entry' or . = 'Standard Entry')]"}
RESULT: {"using":"xpath","value":"//div[(text() = 'Standard Entry' or . = 'Standard Entry')]"}
COMMAND: POST /session/39d2630e55d6b41de19dafc672cf7ebc/element/f.7175ED2F8B48EB9387EF736E08AAAD55.d.E531CD47D73278D75921017372EEE78E.e.16190/click - {}
RESULT: {}
COMMAND: POST /session/39d2630e55d6b41de19dafc672cf7ebc/element - {"using":"xpath","value":"//td[6]/div/div/input[1]"}
COMMAND: GET /session/39d2630e55d6b41de19dafc672cf7ebc/screenshot - {}
RESULT: {"using":"xpath","value":"//td[6]/div/div/input[1]"}
COMMAND: POST /session/39d2630e55d6b41de19dafc672cf7ebc/element/f.7175ED2F8B48EB9387EF736E08AAAD55.d.E531CD47D73278D75921017372EEE78E.e.16192/click - {}
RESULT: {}
RESULT: {}
COMMAND: POST /session/39d2630e55d6b41de19dafc672cf7ebc/actions - {"actions":[{"id":"action77","type":"key","parameters":{},"actions":[{"type":"keyDown","value":"î€ƒ"},{"type":"pause","duration":10},{"type":"keyUp","value":"î€ƒ"}]}]}
COMMAND: GET /session/39d2630e55d6b41de19dafc672cf7ebc/screenshot - {}
RESULT: {"actions":[{"id":"action77","type":"key","parameters":{},"actions":[{"type":"keyDown","value":"î€ƒ"},{"type":"pause","duration":10},{"type":"keyUp","value":"î€ƒ"}]}]}
COMMAND: POST /session/39d2630e55d6b41de19dafc672cf7ebc/element - {"using":"xpath","value":"//td[6]/div/div/input[1]"}
COMMAND: GET /session/39d2630e55d6b41de19dafc672cf7ebc/screenshot - {}
RESULT: {}
RESULT: {"using":"xpath","value":"//td[6]/div/div/input[1]"}
COMMAND: POST /session/39d2630e55d6b41de19dafc672cf7ebc/element/f.7175ED2F8B48EB9387EF736E08AAAD55.d.E531CD47D73278D75921017372EEE78E.e.16192/clear - {}
RESULT: {}
RESULT: {}
COMMAND: POST /session/39d2630e55d6b41de19dafc672cf7ebc/element/f.7175ED2F8B48EB9387EF736E08AAAD55.d.E531CD47D73278D75921017372EEE78E.e.16192/value - {"text":"Material"}
COMMAND: GET /session/39d2630e55d6b41de19dafc672cf7ebc/screenshot - {}
RESULT: {"text":"Material"}
COMMAND: GET /session/39d2630e55d6b41de19dafc672cf7ebc/screenshot - {}
RESULT: {}
RESULT: {}
COMMAND: POST /session/39d2630e55d6b41de19dafc672cf7ebc/actions - {"actions":[{"id":"action78","type":"key","parameters":{},"actions":[{"type":"keyDown","value":"î€‡"},{"type":"pause","duration":10},{"type":"keyUp","value":"î€‡"}]}]}
RESULT: {"actions":[{"id":"action78","type":"key","parameters":{},"actions":[{"type":"keyDown","value":"î€‡"},{"type":"pause","duration":10},{"type":"keyUp","value":"î€‡"}]}]}
COMMAND: GET /session/39d2630e55d6b41de19dafc672cf7ebc/screenshot - {}
RESULT: {}
COMMAND: POST /session/39d2630e55d6b41de19dafc672cf7ebc/actions - {"actions":[{"id":"action79","type":"key","parameters":{},"actions":[{"type":"keyDown","value":"î€‡"},{"type":"pause","duration":10},{"type":"keyUp","value":"î€‡"}]}]}
RESULT: {"actions":[{"id":"action79","type":"key","parameters":{},"actions":[{"type":"keyDown","value":"î€‡"},{"type":"pause","duration":10},{"type":"keyUp","value":"î€‡"}]}]}
COMMAND: POST /session/39d2630e55d6b41de19dafc672cf7ebc/element - {"using":"xpath","value":"//td[7]/div/div/input"}
COMMAND: GET /session/39d2630e55d6b41de19dafc672cf7ebc/screenshot - {}
RESULT: {"using":"xpath","value":"//td[7]/div/div/input"}
COMMAND: POST /session/39d2630e55d6b41de19dafc672cf7ebc/element/f.7175ED2F8B48EB9387EF736E08AAAD55.d.E531CD47D73278D75921017372EEE78E.e.16205/clear - {}
RESULT: {}
RESULT: {}
COMMAND: POST /session/39d2630e55d6b41de19dafc672cf7ebc/element/f.7175ED2F8B48EB9387EF736E08AAAD55.d.E531CD47D73278D75921017372EEE78E.e.16205/value - {"text":"WebdriverRUR2Cdj5ss"}
COMMAND: GET /session/39d2630e55d6b41de19dafc672cf7ebc/screenshot - {}
RESULT: {"text":"WebdriverRUR2Cdj5ss"}
COMMAND: GET /session/39d2630e55d6b41de19dafc672cf7ebc/screenshot - {}
RESULT: {}
RESULT: {}
COMMAND: POST /session/39d2630e55d6b41de19dafc672cf7ebc/actions - {"actions":[{"id":"action80","type":"key","parameters":{},"actions":[{"type":"keyDown","value":"î€‡"},{"type":"pause","duration":10},{"type":"keyUp","value":"î€‡"}]}]}
RESULT: {"actions":[{"id":"action80","type":"key","parameters":{},"actions":[{"type":"keyDown","value":"î€‡"},{"type":"pause","duration":10},{"type":"keyUp","value":"î€‡"}]}]}
COMMAND: GET /session/39d2630e55d6b41de19dafc672cf7ebc/screenshot - {}
RESULT: {}
COMMAND: POST /session/39d2630e55d6b41de19dafc672cf7ebc/actions - {"actions":[{"id":"action81","type":"key","parameters":{},"actions":[{"type":"keyDown","value":"î€‡"},{"type":"pause","duration":10},{"type":"keyUp","value":"î€‡"}]}]}
RESULT: {"actions":[{"id":"action81","type":"key","parameters":{},"actions":[{"type":"keyDown","value":"î€‡"},{"type":"pause","duration":10},{"type":"keyUp","value":"î€‡"}]}]}
COMMAND: GET /session/39d2630e55d6b41de19dafc672cf7ebc/screenshot - {}
RESULT: {}
COMMAND: POST /session/39d2630e55d6b41de19dafc672cf7ebc/element - {"using":"xpath","value":"(//button[@data-kt=\"saveButton\"])[2]"}
RESULT: {"using":"xpath","value":"(//button[@data-kt=\"saveButton\"])[2]"}
COMMAND: POST /session/39d2630e55d6b41de19dafc672cf7ebc/element/f.7175ED2F8B48EB9387EF736E08AAAD55.d.E531CD47D73278D75921017372EEE78E.e.16228/click - {}
RESULT: {}
COMMAND: GET /session/39d2630e55d6b41de19dafc672cf7ebc/screenshot - {}
RESULT: {}
]]></system-out>
    </testcase>
    <testcase classname="chrome.135_0_7049_96.windows.E2E_-_Logistical_and_commercial_statuses" name="It should follow the handover steps to the status fully provided" time="362.7">
      <system-out><![CDATA[
COMMAND: POST /session/39d2630e55d6b41de19dafc672cf7ebc/execute/async - {"script":"<script> [1562 bytes]","args":[{"selector":{"id":"contractDetailProvideButton","viewName":"etm.portal.ui.managecontracts.view.Detail","interaction":{"idSuffix":"BDI-content"}},"wdio_ui5_key":"contractDetailProvideButtonetmportal.ui.managecontracts.view.Detail"}]}
RESULT: {"script":"<script> [1562 bytes]","args":[{"selector":{"id":"contractDetailProvideButton","viewName":"etm.portal.ui.managecontracts.view.Detail","interaction":{"idSuffix":"BDI-content"}},"wdio_ui5_key":"contractDetailProvideButtonetmportal.ui.managecontracts.view.Detail"}]}
RESULT: undefined
COMMAND: POST /session/39d2630e55d6b41de19dafc672cf7ebc/element - {"using":"xpath","value":"//*[@id=\"__xmlview61--contractDetailProvideButton\"]"}
RESULT: {"using":"xpath","value":"//*[@id=\"__xmlview61--contractDetailProvideButton\"]"}
COMMAND: POST /session/39d2630e55d6b41de19dafc672cf7ebc/element/f.7175ED2F8B48EB9387EF736E08AAAD55.d.E531CD47D73278D75921017372EEE78E.e.16233/click - {}
RESULT: {}
COMMAND: GET /session/39d2630e55d6b41de19dafc672cf7ebc/screenshot - {}
COMMAND: POST /session/39d2630e55d6b41de19dafc672cf7ebc/execute/async - {"script":"<script> [1562 bytes]","args":[{"selector":{"id":"application-managehandovers-display-component---AddNewHO--oneStep","interaction":{"idSuffix":"CbBg"}},"wdio_ui5_key":"applicationmanagehandovers-display-component---AddNewHO--oneStep"}]}
RESULT: {}
RESULT: {"script":"<script> [1562 bytes]","args":[{"selector":{"id":"application-managehandovers-display-component---AddNewHO--oneStep","interaction":{"idSuffix":"CbBg"}},"wdio_ui5_key":"applicationmanagehandovers-display-component---AddNewHO--oneStep"}]}
RESULT: undefined
COMMAND: POST /session/39d2630e55d6b41de19dafc672cf7ebc/element - {"using":"xpath","value":"//*[@id=\"application-managehandovers-display-component---AddNewHO--oneStep\"]"}
RESULT: {"using":"xpath","value":"//*[@id=\"application-managehandovers-display-component---AddNewHO--oneStep\"]"}
COMMAND: POST /session/39d2630e55d6b41de19dafc672cf7ebc/element/f.7175ED2F8B48EB9387EF736E08AAAD55.d.E531CD47D73278D75921017372EEE78E.e.16404/click - {}
RESULT: {}
RESULT: undefined
COMMAND: POST /session/39d2630e55d6b41de19dafc672cf7ebc/execute/async - {"script":"<script> [776 bytes]","args":[{"enterText":"04/30/25","selector":{"id":"application-managehandovers-display-component---AddNewHO--dueDate","interaction":{"idSuffix":"inner"}},"clearTextFirst":true,"interactionType":"ENTER_TEXT"}]}
COMMAND: GET /session/39d2630e55d6b41de19dafc672cf7ebc/screenshot - {}
RESULT: {"script":"<script> [776 bytes]","args":[{"enterText":"04/30/25","selector":{"id":"application-managehandovers-display-component---AddNewHO--dueDate","interaction":{"idSuffix":"inner"}},"clearTextFirst":true,"interactionType":"ENTER_TEXT"}]}
RESULT: undefined
COMMAND: POST /session/39d2630e55d6b41de19dafc672cf7ebc/element - {"using":"xpath","value":"//*[@id=\"application-managehandovers-display-component---AddNewHO--ObjectPageLayout-anchBar-application-managehandovers-display-component---AddNewHO--section4-anchor\"]"}
RESULT: {}
RESULT: {"using":"xpath","value":"//*[@id=\"application-managehandovers-display-component---AddNewHO--ObjectPageLayout-anchBar-application-managehandovers-display-component---AddNewHO--section4-anchor\"]"}
COMMAND: POST /session/39d2630e55d6b41de19dafc672cf7ebc/element/f.7175ED2F8B48EB9387EF736E08AAAD55.d.E531CD47D73278D75921017372EEE78E.e.16407/click - {}
RESULT: {}
COMMAND: POST /session/39d2630e55d6b41de19dafc672cf7ebc/execute/async - {"script":"<script> [1562 bytes]","args":[{"selector":{"controlType":"sap.ui.core.Icon","viewName":"etm.portal.ui.managehandovers.view.AddNewHO","viewId":"application-managehandovers-display-component---AddNewHO","properties":{"src":{"regex":{"source":"add"}}}},"wdio_ui5_key":"etmportal.ui.managehandovers.view.AddNewHOsap.ui.core.Icon{\"src\":{\"regex\":{\"source\":\"add\"}}}"}]}
COMMAND: GET /session/39d2630e55d6b41de19dafc672cf7ebc/screenshot - {}
RESULT: {"script":"<script> [1562 bytes]","args":[{"selector":{"controlType":"sap.ui.core.Icon","viewName":"etm.portal.ui.managehandovers.view.AddNewHO","viewId":"application-managehandovers-display-component---AddNewHO","properties":{"src":{"regex":{"source":"add"}}}},"wdio_ui5_key":"etmportal.ui.managehandovers.view.AddNewHOsap.ui.core.Icon{\"src\":{\"regex\":{\"source\":\"add\"}}}"}]}
RESULT: undefined
COMMAND: POST /session/39d2630e55d6b41de19dafc672cf7ebc/element - {"using":"xpath","value":"//*[@id=\"__button172-img\"]"}
RESULT: {}
RESULT: {"using":"xpath","value":"//*[@id=\"__button172-img\"]"}
COMMAND: POST /session/39d2630e55d6b41de19dafc672cf7ebc/element/f.7175ED2F8B48EB9387EF736E08AAAD55.d.E531CD47D73278D75921017372EEE78E.e.16411/click - {}
RESULT: {}
COMMAND: GET /session/39d2630e55d6b41de19dafc672cf7ebc/screenshot - {}
RESULT: {}
RESULT: undefined
COMMAND: POST /session/39d2630e55d6b41de19dafc672cf7ebc/element - {"using":"xpath","value":"//*[@id=\"application-managehandovers-display-component---AddNewHO--popup-sa\"]"}
RESULT: {"using":"xpath","value":"//*[@id=\"application-managehandovers-display-component---AddNewHO--popup-sa\"]"}
COMMAND: POST /session/39d2630e55d6b41de19dafc672cf7ebc/element/f.7175ED2F8B48EB9387EF736E08AAAD55.d.E531CD47D73278D75921017372EEE78E.e.16421/click - {}
RESULT: {}
COMMAND: POST /session/39d2630e55d6b41de19dafc672cf7ebc/execute/async - {"script":"<script> [1562 bytes]","args":[{"selector":{"controlType":"sap.m.Button","viewName":"etm.portal.ui.managehandovers.view.AddNewHO","viewId":"application-managehandovers-display-component---AddNewHO","i18NText":{"propertyName":"text","key":"select"},"searchOpenDialogs":true,"interaction":{"idSuffix":"inner"}},"wdio_ui5_key":"etmportal.ui.managehandovers.view.AddNewHOsap.m.Button{\"propertyName\":\"text\",\"key\":\"select\"}"}]}
COMMAND: GET /session/39d2630e55d6b41de19dafc672cf7ebc/screenshot - {}
RESULT: {"script":"<script> [1562 bytes]","args":[{"selector":{"controlType":"sap.m.Button","viewName":"etm.portal.ui.managehandovers.view.AddNewHO","viewId":"application-managehandovers-display-component---AddNewHO","i18NText":{"propertyName":"text","key":"select"},"searchOpenDialogs":true,"interaction":{"idSuffix":"inner"}},"wdio_ui5_key":"etmportal.ui.managehandovers.view.AddNewHOsap.m.Button{\"propertyName\":\"text\",\"key\":\"select\"}"}]}
RESULT: undefined
COMMAND: POST /session/39d2630e55d6b41de19dafc672cf7ebc/element - {"using":"xpath","value":"//*[@id=\"__button176\"]"}
RESULT: {}
RESULT: {"using":"xpath","value":"//*[@id=\"__button176\"]"}
COMMAND: POST /session/39d2630e55d6b41de19dafc672cf7ebc/element/f.7175ED2F8B48EB9387EF736E08AAAD55.d.E531CD47D73278D75921017372EEE78E.e.16424/click - {}
RESULT: {}
COMMAND: POST /session/39d2630e55d6b41de19dafc672cf7ebc/execute/async - {"script":"<script> [1562 bytes]","args":[{"selector":{"id":"application-managehandovers-display-component---AddNewHO--confirmCreationButton","interaction":{"idSuffix":"BDI-content"}},"wdio_ui5_key":"applicationmanagehandovers-display-component---AddNewHO--confirmCreationButton"}]}
COMMAND: GET /session/39d2630e55d6b41de19dafc672cf7ebc/screenshot - {}
RESULT: {"script":"<script> [1562 bytes]","args":[{"selector":{"id":"application-managehandovers-display-component---AddNewHO--confirmCreationButton","interaction":{"idSuffix":"BDI-content"}},"wdio_ui5_key":"applicationmanagehandovers-display-component---AddNewHO--confirmCreationButton"}]}
RESULT: undefined
COMMAND: POST /session/39d2630e55d6b41de19dafc672cf7ebc/element - {"using":"xpath","value":"//*[@id=\"application-managehandovers-display-component---AddNewHO--confirmCreationButton\"]"}
RESULT: {}
RESULT: {"using":"xpath","value":"//*[@id=\"application-managehandovers-display-component---AddNewHO--confirmCreationButton\"]"}
COMMAND: POST /session/39d2630e55d6b41de19dafc672cf7ebc/element/f.7175ED2F8B48EB9387EF736E08AAAD55.d.E531CD47D73278D75921017372EEE78E.e.16356/click - {}
RESULT: {}
COMMAND: GET /session/39d2630e55d6b41de19dafc672cf7ebc/screenshot - {}
RESULT: {}
COMMAND: POST /session/39d2630e55d6b41de19dafc672cf7ebc/element - {"using":"xpath","value":"//a[contains(@data-kt ,\"GeneralSectionReceiveContracttLink\")]"}
RESULT: {"using":"xpath","value":"//a[contains(@data-kt ,\"GeneralSectionReceiveContracttLink\")]"}
COMMAND: POST /session/39d2630e55d6b41de19dafc672cf7ebc/element/f.7175ED2F8B48EB9387EF736E08AAAD55.d.E531CD47D73278D75921017372EEE78E.e.16473/click - {}
RESULT: {}
COMMAND: GET /session/39d2630e55d6b41de19dafc672cf7ebc/screenshot - {}
RESULT: {}
COMMAND: POST /session/39d2630e55d6b41de19dafc672cf7ebc/element - {"using":"xpath","value":"//a[contains(@data-kt ,\"ContextMenuId2Link\")]"}
RESULT: {"using":"xpath","value":"//a[contains(@data-kt ,\"ContextMenuId2Link\")]"}
COMMAND: POST /session/39d2630e55d6b41de19dafc672cf7ebc/element/f.7175ED2F8B48EB9387EF736E08AAAD55.d.E531CD47D73278D75921017372EEE78E.e.16477/click - {}
RESULT: {}
COMMAND: GET /session/39d2630e55d6b41de19dafc672cf7ebc/screenshot - {}
RESULT: {}
COMMAND: POST /session/39d2630e55d6b41de19dafc672cf7ebc/execute/async - {"script":"<script> [1562 bytes]","args":[{"selector":{"controlType":"sap.m.ObjectStatus","viewName":"etm.portal.ui.managecontracts.view.Detail","bindingPath":{"propertyPath":"LINK_TO_LOGISTICAL_STATUS/DESCRIPTION","modelName":"catalogModel"}},"wdio_ui5_key":"etmportal.ui.managecontracts.view.Detailsap.m.ObjectStatus{\"propertyPath\":\"LINK_TO_LOGISTICAL_STATUS/DESCRIPTION\",\"modelName\":\"catalogModel\"}"}]}
RESULT: {"script":"<script> [1562 bytes]","args":[{"selector":{"controlType":"sap.m.ObjectStatus","viewName":"etm.portal.ui.managecontracts.view.Detail","bindingPath":{"propertyPath":"LINK_TO_LOGISTICAL_STATUS/DESCRIPTION","modelName":"catalogModel"}},"wdio_ui5_key":"etmportal.ui.managecontracts.view.Detailsap.m.ObjectStatus{\"propertyPath\":\"LINK_TO_LOGISTICAL_STATUS/DESCRIPTION\",\"modelName\":\"catalogModel\"}"}]}
RESULT: undefined
COMMAND: POST /session/39d2630e55d6b41de19dafc672cf7ebc/execute/async - {"script":"<script> [6424 bytes]","args":[{"element-6066-11e4-a52e-4f735466cecf":"f.7175ED2F8B48EB9387EF736E08AAAD55.d.E531CD47D73278D75921017372EEE78E.e.16694"},"getText",[]]}
RESULT: {"script":"<script> [6424 bytes]","args":[{"element-6066-11e4-a52e-4f735466cecf":"f.7175ED2F8B48EB9387EF736E08AAAD55.d.E531CD47D73278D75921017372EEE78E.e.16694"},"getText",[]]}
COMMAND: POST /session/39d2630e55d6b41de19dafc672cf7ebc/execute/async - {"script":"<script> [1562 bytes]","args":[{"selector":{"controlType":"sap.m.ObjectStatus","viewName":"etm.portal.ui.managecontracts.view.Detail","bindingPath":{"propertyPath":"LINK_TO_COMMERCIAL_STATUS/DESCRIPTION","modelName":"catalogModel"}},"wdio_ui5_key":"etmportal.ui.managecontracts.view.Detailsap.m.ObjectStatus{\"propertyPath\":\"LINK_TO_COMMERCIAL_STATUS/DESCRIPTION\",\"modelName\":\"catalogModel\"}"}]}
RESULT: {"script":"<script> [1562 bytes]","args":[{"selector":{"controlType":"sap.m.ObjectStatus","viewName":"etm.portal.ui.managecontracts.view.Detail","bindingPath":{"propertyPath":"LINK_TO_COMMERCIAL_STATUS/DESCRIPTION","modelName":"catalogModel"}},"wdio_ui5_key":"etmportal.ui.managecontracts.view.Detailsap.m.ObjectStatus{\"propertyPath\":\"LINK_TO_COMMERCIAL_STATUS/DESCRIPTION\",\"modelName\":\"catalogModel\"}"}]}
RESULT: undefined
COMMAND: POST /session/39d2630e55d6b41de19dafc672cf7ebc/execute/async - {"script":"<script> [6424 bytes]","args":[{"element-6066-11e4-a52e-4f735466cecf":"f.7175ED2F8B48EB9387EF736E08AAAD55.d.E531CD47D73278D75921017372EEE78E.e.16695"},"getText",[]]}
RESULT: {"script":"<script> [6424 bytes]","args":[{"element-6066-11e4-a52e-4f735466cecf":"f.7175ED2F8B48EB9387EF736E08AAAD55.d.E531CD47D73278D75921017372EEE78E.e.16695"},"getText",[]]}
COMMAND: POST /session/39d2630e55d6b41de19dafc672cf7ebc/execute/async - {"script":"<script> [1562 bytes]","args":[{"selector":{"id":"backBtn"},"wdio_ui5_key":"backBtn"}]}
RESULT: {"script":"<script> [1562 bytes]","args":[{"selector":{"id":"backBtn"},"wdio_ui5_key":"backBtn"}]}
RESULT: undefined
COMMAND: POST /session/39d2630e55d6b41de19dafc672cf7ebc/element - {"using":"xpath","value":"//*[@id=\"backBtn\"]"}
RESULT: {"using":"xpath","value":"//*[@id=\"backBtn\"]"}
COMMAND: POST /session/39d2630e55d6b41de19dafc672cf7ebc/element/f.7175ED2F8B48EB9387EF736E08AAAD55.d.E531CD47D73278D75921017372EEE78E.e.16696/click - {}
RESULT: {}
COMMAND: GET /session/39d2630e55d6b41de19dafc672cf7ebc/screenshot - {}
COMMAND: POST /session/39d2630e55d6b41de19dafc672cf7ebc/execute/async - {"script":"<script> [1562 bytes]","args":[{"selector":{"controlType":"sap.m.Text","viewName":"etm.portal.ui.managehandovers.view.DetailExecuteHO","bindingPath":{"propertyPath":"NO","modelName":"catalogModel"}},"wdio_ui5_key":"etmportal.ui.managehandovers.view.DetailExecuteHOsap.m.Text{\"propertyPath\":\"NO\",\"modelName\":\"catalogModel\"}"}]}
RESULT: {}
RESULT: {"script":"<script> [1562 bytes]","args":[{"selector":{"controlType":"sap.m.Text","viewName":"etm.portal.ui.managehandovers.view.DetailExecuteHO","bindingPath":{"propertyPath":"NO","modelName":"catalogModel"}},"wdio_ui5_key":"etmportal.ui.managehandovers.view.DetailExecuteHOsap.m.Text{\"propertyPath\":\"NO\",\"modelName\":\"catalogModel\"}"}]}
RESULT: undefined
COMMAND: POST /session/39d2630e55d6b41de19dafc672cf7ebc/execute/async - {"script":"<script> [6424 bytes]","args":[{"element-6066-11e4-a52e-4f735466cecf":"f.7175ED2F8B48EB9387EF736E08AAAD55.d.E531CD47D73278D75921017372EEE78E.e.16836"},"getText",[]]}
RESULT: {"script":"<script> [6424 bytes]","args":[{"element-6066-11e4-a52e-4f735466cecf":"f.7175ED2F8B48EB9387EF736E08AAAD55.d.E531CD47D73278D75921017372EEE78E.e.16836"},"getText",[]]}
COMMAND: POST /session/39d2630e55d6b41de19dafc672cf7ebc/execute/async - {"script":"<script> [1562 bytes]","args":[{"selector":{"controlType":"sap.m.Button","viewName":"etm.portal.ui.managehandovers.view.DetailExecuteHO","i18NText":{"propertyName":"text","key":"confirmAll"},"interaction":{"idSuffix":"inner"}},"wdio_ui5_key":"etmportal.ui.managehandovers.view.DetailExecuteHOsap.m.Button{\"propertyName\":\"text\",\"key\":\"confirmAll\"}"}]}
RESULT: {"script":"<script> [1562 bytes]","args":[{"selector":{"controlType":"sap.m.Button","viewName":"etm.portal.ui.managehandovers.view.DetailExecuteHO","i18NText":{"propertyName":"text","key":"confirmAll"},"interaction":{"idSuffix":"inner"}},"wdio_ui5_key":"etmportal.ui.managehandovers.view.DetailExecuteHOsap.m.Button{\"propertyName\":\"text\",\"key\":\"confirmAll\"}"}]}
RESULT: undefined
COMMAND: POST /session/39d2630e55d6b41de19dafc672cf7ebc/element - {"using":"xpath","value":"//*[@id=\"__button259\"]"}
RESULT: {"using":"xpath","value":"//*[@id=\"__button259\"]"}
COMMAND: POST /session/39d2630e55d6b41de19dafc672cf7ebc/element/f.7175ED2F8B48EB9387EF736E08AAAD55.d.E531CD47D73278D75921017372EEE78E.e.16838/click - {}
RESULT: {}
COMMAND: GET /session/39d2630e55d6b41de19dafc672cf7ebc/screenshot - {}
RESULT: {}
COMMAND: POST /session/39d2630e55d6b41de19dafc672cf7ebc/execute/async - {"script":"<script> [1562 bytes]","args":[{"selector":{"controlType":"sap.m.Button","properties":{"text":"OK"},"searchOpenDialogs":true,"interaction":{"idSuffix":"content"}},"wdio_ui5_key":"sapm.Button{\"text\":\"OK\"}"}]}
RESULT: {"script":"<script> [1562 bytes]","args":[{"selector":{"controlType":"sap.m.Button","properties":{"text":"OK"},"searchOpenDialogs":true,"interaction":{"idSuffix":"content"}},"wdio_ui5_key":"sapm.Button{\"text\":\"OK\"}"}]}
RESULT: undefined
COMMAND: POST /session/39d2630e55d6b41de19dafc672cf7ebc/element - {"using":"xpath","value":"//*[@id=\"__mbox-btn-2\"]"}
RESULT: {"using":"xpath","value":"//*[@id=\"__mbox-btn-2\"]"}
COMMAND: POST /session/39d2630e55d6b41de19dafc672cf7ebc/element/f.7175ED2F8B48EB9387EF736E08AAAD55.d.E531CD47D73278D75921017372EEE78E.e.16841/click - {}
RESULT: {}
COMMAND: GET /session/39d2630e55d6b41de19dafc672cf7ebc/screenshot - {}
RESULT: {}
COMMAND: POST /session/39d2630e55d6b41de19dafc672cf7ebc/element - {"using":"xpath","value":"//button[contains(@data-kt ,\"execHoPickFooterButton\")]"}
RESULT: {"using":"xpath","value":"//button[contains(@data-kt ,\"execHoPickFooterButton\")]"}
COMMAND: POST /session/39d2630e55d6b41de19dafc672cf7ebc/element/f.7175ED2F8B48EB9387EF736E08AAAD55.d.E531CD47D73278D75921017372EEE78E.e.16844/click - {}
RESULT: {}
COMMAND: GET /session/39d2630e55d6b41de19dafc672cf7ebc/screenshot - {}
RESULT: {}
COMMAND: POST /session/39d2630e55d6b41de19dafc672cf7ebc/refresh - {}
RESULT: {}
COMMAND: GET /session/39d2630e55d6b41de19dafc672cf7ebc/screenshot - {}
RESULT: {}
COMMAND: POST /session/39d2630e55d6b41de19dafc672cf7ebc/refresh - {}
RESULT: {}
COMMAND: GET /session/39d2630e55d6b41de19dafc672cf7ebc/screenshot - {}
RESULT: {}
COMMAND: POST /session/39d2630e55d6b41de19dafc672cf7ebc/window/fullscreen - {}
RESULT: {}
COMMAND: POST /session/39d2630e55d6b41de19dafc672cf7ebc/execute/async - {"script":"<script> [189 bytes]","args":[]}
RESULT: {"script":"<script> [189 bytes]","args":[]}
COMMAND: POST /session/39d2630e55d6b41de19dafc672cf7ebc/execute/async - {"script":"<script> [123 bytes]","args":[]}
RESULT: {"script":"<script> [123 bytes]","args":[]}
COMMAND: POST /session/39d2630e55d6b41de19dafc672cf7ebc/timeouts - {"script":"<number>"}
RESULT: {"script":"<number>"}
COMMAND: GET /session/39d2630e55d6b41de19dafc672cf7ebc/timeouts - {}
RESULT: {}
RESULT: undefined
COMMAND: POST /session/39d2630e55d6b41de19dafc672cf7ebc/execute/async - {"script":"<script> [2676 bytes]","args":[]}
RESULT: {"script":"<script> [2676 bytes]","args":[]}
COMMAND: POST /session/39d2630e55d6b41de19dafc672cf7ebc/execute/async - {"script":"<script> [2342 bytes]","args":[{"protocol":"http","hostname":"0.0.0.0","path":"/","capabilities":{"browserName":"chrome","goog:chromeOptions":{"binary":"C:\\Program Files\\Google\\Chrome\\Application\\chrome.exe","args":["--start-maximized"]}},"logLevel":"warn","connectionRetryTimeout":120000,"connectionRetryCount":3,"logLevels":{},"enableDirectConnect":true,"strictSSL":true,"_":"65 more keys: [\"cacheDir\",\"port\",\"requestedCapabilities\",\"automationProtocol\",\"baseUrl\",\"waitforInterval\",\"waitforTimeout\",\"onReload\",\"beforeCommand\",\"afterCommand\",\"rootDir\",\"specs\",\"suites\",\"exclude\",\"groupLogsByTestSpec\",\"excludeDriverLogs\",\"bail\",\"framework\",\"reporters\",\"services\",\"maxInstances\",\"maxInstancesPerCapability\",\"injectGlobals\",\"filesToWatch\",\"execArgv\",\"runnerEnv\",\"runner\",\"shard\",\"specFileRetries\",\"specFileRetriesDelay\",\"specFileRetriesDeferred\",\"reporterSyncInterval\",\"reporterSyncTimeout\",\"cucumberFeaturesWithLineNumbers\",\"autoCompileOpts\",\"mochaOpts\",\"jasmineOpts\",\"cucumberOpts\",\"onPrepare\",\"onWorkerStart\",\"onWorkerEnd\",\"before\",\"beforeSession\",\"beforeSuite\",\"beforeHook\",\"beforeTest\",\"afterTest\",\"afterHook\",\"afterSuite\",\"afterSession\",\"after\",\"onComplete\",\"beforeAssertion\",\"afterAssertion\",\"beforeFeature\",\"beforeScenario\",\"beforeStep\",\"afterStep\",\"afterScenario\",\"afterFeature\",\"_\",\"suite\",\"$0\",\"ignoredWorkerServices\",\"wdi5\"]"}]}
RESULT: {"script":"<script> [2342 bytes]","args":[{"protocol":"http","hostname":"0.0.0.0","path":"/","capabilities":{"browserName":"chrome","goog:chromeOptions":{"binary":"C:\\Program Files\\Google\\Chrome\\Application\\chrome.exe","args":["--start-maximized"]}},"logLevel":"warn","connectionRetryTimeout":120000,"connectionRetryCount":3,"logLevels":{},"enableDirectConnect":true,"strictSSL":true,"_":"65 more keys: [\"cacheDir\",\"port\",\"requestedCapabilities\",\"automationProtocol\",\"baseUrl\",\"waitforInterval\",\"waitforTimeout\",\"onReload\",\"beforeCommand\",\"afterCommand\",\"rootDir\",\"specs\",\"suites\",\"exclude\",\"groupLogsByTestSpec\",\"excludeDriverLogs\",\"bail\",\"framework\",\"reporters\",\"services\",\"maxInstances\",\"maxInstancesPerCapability\",\"injectGlobals\",\"filesToWatch\",\"execArgv\",\"runnerEnv\",\"runner\",\"shard\",\"specFileRetries\",\"specFileRetriesDelay\",\"specFileRetriesDeferred\",\"reporterSyncInterval\",\"reporterSyncTimeout\",\"cucumberFeaturesWithLineNumbers\",\"autoCompileOpts\",\"mochaOpts\",\"jasmineOpts\",\"cucumberOpts\",\"onPrepare\",\"onWorkerStart\",\"onWorkerEnd\",\"before\",\"beforeSession\",\"beforeSuite\",\"beforeHook\",\"beforeTest\",\"afterTest\",\"afterHook\",\"afterSuite\",\"afterSession\",\"after\",\"onComplete\",\"beforeAssertion\",\"afterAssertion\",\"beforeFeature\",\"beforeScenario\",\"beforeStep\",\"afterStep\",\"afterScenario\",\"afterFeature\",\"_\",\"suite\",\"$0\",\"ignoredWorkerServices\",\"wdi5\"]"}]}
COMMAND: POST /session/39d2630e55d6b41de19dafc672cf7ebc/execute/async - {"script":"<script> [21126 bytes]","args":[35000]}
RESULT: {"script":"<script> [21126 bytes]","args":[35000]}
COMMAND: POST /session/39d2630e55d6b41de19dafc672cf7ebc/execute/async - {"script":"<script> [1562 bytes]","args":[{"selector":{"controlType":"sap.m.SearchField","viewName":"etm.portal.ui.managehandovers.view.MasterHO","bindingPath":{"path":"","propertyPath":"/_BASIC_SEARCH_FIELD","modelName":"fi1t3rM0d31"},"interaction":{"idSuffix":"I"}},"wdio_ui5_key":"etmportal.ui.managehandovers.view.MasterHOsap.m.SearchField{\"path\":\"\",\"propertyPath\":\"/_BASIC_SEARCH_FIELD\",\"modelName\":\"fi1t3rM0d31\"}"}]}
RESULT: {"script":"<script> [1562 bytes]","args":[{"selector":{"controlType":"sap.m.SearchField","viewName":"etm.portal.ui.managehandovers.view.MasterHO","bindingPath":{"path":"","propertyPath":"/_BASIC_SEARCH_FIELD","modelName":"fi1t3rM0d31"},"interaction":{"idSuffix":"I"}},"wdio_ui5_key":"etmportal.ui.managehandovers.view.MasterHOsap.m.SearchField{\"path\":\"\",\"propertyPath\":\"/_BASIC_SEARCH_FIELD\",\"modelName\":\"fi1t3rM0d31\"}"}]}
RESULT: undefined
COMMAND: POST /session/39d2630e55d6b41de19dafc672cf7ebc/execute/async - {"script":"<script> [776 bytes]","args":[{"enterText":"30534","selector":{"controlType":"sap.m.SearchField","viewName":"etm.portal.ui.managehandovers.view.MasterHO","bindingPath":{"path":"","propertyPath":"/_BASIC_SEARCH_FIELD","modelName":"fi1t3rM0d31"},"interaction":{"idSuffix":"I"}},"clearTextFirst":true,"interactionType":"ENTER_TEXT"}]}
RESULT: {"script":"<script> [776 bytes]","args":[{"enterText":"30534","selector":{"controlType":"sap.m.SearchField","viewName":"etm.portal.ui.managehandovers.view.MasterHO","bindingPath":{"path":"","propertyPath":"/_BASIC_SEARCH_FIELD","modelName":"fi1t3rM0d31"},"interaction":{"idSuffix":"I"}},"clearTextFirst":true,"interactionType":"ENTER_TEXT"}]}
COMMAND: POST /session/39d2630e55d6b41de19dafc672cf7ebc/actions - {"actions":[{"id":"action82","type":"key","parameters":{},"actions":[{"type":"keyDown","value":"î€‡"},{"type":"pause","duration":10},{"type":"keyUp","value":"î€‡"}]}]}
RESULT: {"actions":[{"id":"action82","type":"key","parameters":{},"actions":[{"type":"keyDown","value":"î€‡"},{"type":"pause","duration":10},{"type":"keyUp","value":"î€‡"}]}]}
COMMAND: GET /session/39d2630e55d6b41de19dafc672cf7ebc/screenshot - {}
RESULT: {}
COMMAND: POST /session/39d2630e55d6b41de19dafc672cf7ebc/execute/async - {"script":"<script> [1562 bytes]","args":[{"selector":{"controlType":"sap.m.Title","viewName":"etm.portal.ui.managehandovers.view.MasterHO","properties":{"text":"Records (1)"}},"wdio_ui5_key":"etmportal.ui.managehandovers.view.MasterHOsap.m.Title{\"text\":\"Records (1)\"}"}]}
RESULT: {"script":"<script> [1562 bytes]","args":[{"selector":{"controlType":"sap.m.Title","viewName":"etm.portal.ui.managehandovers.view.MasterHO","properties":{"text":"Records (1)"}},"wdio_ui5_key":"etmportal.ui.managehandovers.view.MasterHOsap.m.Title{\"text\":\"Records (1)\"}"}]}
RESULT: undefined
COMMAND: POST /session/39d2630e55d6b41de19dafc672cf7ebc/execute/async - {"script":"<script> [6424 bytes]","args":[{"element-6066-11e4-a52e-4f735466cecf":"f.7175ED2F8B48EB9387EF736E08AAAD55.d.5164E8936D1219605BE14929298121CD.e.17126"},"getText",[]]}
RESULT: {"script":"<script> [6424 bytes]","args":[{"element-6066-11e4-a52e-4f735466cecf":"f.7175ED2F8B48EB9387EF736E08AAAD55.d.5164E8936D1219605BE14929298121CD.e.17126"},"getText",[]]}
COMMAND: POST /session/39d2630e55d6b41de19dafc672cf7ebc/execute/async - {"script":"<script> [1562 bytes]","args":[{"selector":{"controlType":"sap.ui.core.Icon","viewName":"etm.portal.ui.managehandovers.view.MasterHO","properties":{"src":{"regex":{"source":"slim\\-arrow\\-right"}}}},"wdio_ui5_key":"etmportal.ui.managehandovers.view.MasterHOsap.ui.core.Icon{\"src\":{\"regex\":{\"source\":\"slim\\\\-arrow\\\\-right\"}}}"}]}
RESULT: {"script":"<script> [1562 bytes]","args":[{"selector":{"controlType":"sap.ui.core.Icon","viewName":"etm.portal.ui.managehandovers.view.MasterHO","properties":{"src":{"regex":{"source":"slim\\-arrow\\-right"}}}},"wdio_ui5_key":"etmportal.ui.managehandovers.view.MasterHOsap.ui.core.Icon{\"src\":{\"regex\":{\"source\":\"slim\\\\-arrow\\\\-right\"}}}"}]}
RESULT: undefined
COMMAND: POST /session/39d2630e55d6b41de19dafc672cf7ebc/element - {"using":"xpath","value":"//*[@id=\"__item20-__clone16-imgNav\"]"}
RESULT: {"using":"xpath","value":"//*[@id=\"__item20-__clone16-imgNav\"]"}
COMMAND: POST /session/39d2630e55d6b41de19dafc672cf7ebc/element/f.7175ED2F8B48EB9387EF736E08AAAD55.d.5164E8936D1219605BE14929298121CD.e.17125/click - {}
RESULT: {}
COMMAND: GET /session/39d2630e55d6b41de19dafc672cf7ebc/screenshot - {}
RESULT: {}
COMMAND: POST /session/39d2630e55d6b41de19dafc672cf7ebc/element - {"using":"xpath","value":"//a[contains(@data-kt ,\"GeneralSectionReceiveContracttLink\")]"}
RESULT: {"using":"xpath","value":"//a[contains(@data-kt ,\"GeneralSectionReceiveContracttLink\")]"}
COMMAND: POST /session/39d2630e55d6b41de19dafc672cf7ebc/element/f.7175ED2F8B48EB9387EF736E08AAAD55.d.5164E8936D1219605BE14929298121CD.e.17229/click - {}
RESULT: {}
COMMAND: GET /session/39d2630e55d6b41de19dafc672cf7ebc/screenshot - {}
RESULT: {}
COMMAND: POST /session/39d2630e55d6b41de19dafc672cf7ebc/element - {"using":"xpath","value":"//a[contains(@data-kt ,\"ContextMenuId2Link\")]"}
RESULT: {"using":"xpath","value":"//a[contains(@data-kt ,\"ContextMenuId2Link\")]"}
COMMAND: POST /session/39d2630e55d6b41de19dafc672cf7ebc/element/f.7175ED2F8B48EB9387EF736E08AAAD55.d.5164E8936D1219605BE14929298121CD.e.17234/click - {}
RESULT: {}
COMMAND: GET /session/39d2630e55d6b41de19dafc672cf7ebc/screenshot - {}
RESULT: {}
COMMAND: POST /session/39d2630e55d6b41de19dafc672cf7ebc/execute/async - {"script":"<script> [1562 bytes]","args":[{"selector":{"controlType":"sap.m.ObjectStatus","viewName":"etm.portal.ui.managecontracts.view.Detail","bindingPath":{"propertyPath":"LINK_TO_LOGISTICAL_STATUS/DESCRIPTION","modelName":"catalogModel"}},"wdio_ui5_key":"etmportal.ui.managecontracts.view.Detailsap.m.ObjectStatus{\"propertyPath\":\"LINK_TO_LOGISTICAL_STATUS/DESCRIPTION\",\"modelName\":\"catalogModel\"}"}]}
RESULT: {"script":"<script> [1562 bytes]","args":[{"selector":{"controlType":"sap.m.ObjectStatus","viewName":"etm.portal.ui.managecontracts.view.Detail","bindingPath":{"propertyPath":"LINK_TO_LOGISTICAL_STATUS/DESCRIPTION","modelName":"catalogModel"}},"wdio_ui5_key":"etmportal.ui.managecontracts.view.Detailsap.m.ObjectStatus{\"propertyPath\":\"LINK_TO_LOGISTICAL_STATUS/DESCRIPTION\",\"modelName\":\"catalogModel\"}"}]}
RESULT: undefined
COMMAND: POST /session/39d2630e55d6b41de19dafc672cf7ebc/execute/async - {"script":"<script> [6424 bytes]","args":[{"element-6066-11e4-a52e-4f735466cecf":"f.7175ED2F8B48EB9387EF736E08AAAD55.d.5164E8936D1219605BE14929298121CD.e.17464"},"getText",[]]}
RESULT: {"script":"<script> [6424 bytes]","args":[{"element-6066-11e4-a52e-4f735466cecf":"f.7175ED2F8B48EB9387EF736E08AAAD55.d.5164E8936D1219605BE14929298121CD.e.17464"},"getText",[]]}
COMMAND: POST /session/39d2630e55d6b41de19dafc672cf7ebc/execute/async - {"script":"<script> [1562 bytes]","args":[{"selector":{"controlType":"sap.m.ObjectStatus","viewName":"etm.portal.ui.managecontracts.view.Detail","bindingPath":{"propertyPath":"LINK_TO_COMMERCIAL_STATUS/DESCRIPTION","modelName":"catalogModel"}},"wdio_ui5_key":"etmportal.ui.managecontracts.view.Detailsap.m.ObjectStatus{\"propertyPath\":\"LINK_TO_COMMERCIAL_STATUS/DESCRIPTION\",\"modelName\":\"catalogModel\"}"}]}
RESULT: {"script":"<script> [1562 bytes]","args":[{"selector":{"controlType":"sap.m.ObjectStatus","viewName":"etm.portal.ui.managecontracts.view.Detail","bindingPath":{"propertyPath":"LINK_TO_COMMERCIAL_STATUS/DESCRIPTION","modelName":"catalogModel"}},"wdio_ui5_key":"etmportal.ui.managecontracts.view.Detailsap.m.ObjectStatus{\"propertyPath\":\"LINK_TO_COMMERCIAL_STATUS/DESCRIPTION\",\"modelName\":\"catalogModel\"}"}]}
RESULT: undefined
COMMAND: POST /session/39d2630e55d6b41de19dafc672cf7ebc/execute/async - {"script":"<script> [6424 bytes]","args":[{"element-6066-11e4-a52e-4f735466cecf":"f.7175ED2F8B48EB9387EF736E08AAAD55.d.5164E8936D1219605BE14929298121CD.e.17465"},"getText",[]]}
RESULT: {"script":"<script> [6424 bytes]","args":[{"element-6066-11e4-a52e-4f735466cecf":"f.7175ED2F8B48EB9387EF736E08AAAD55.d.5164E8936D1219605BE14929298121CD.e.17465"},"getText",[]]}
COMMAND: POST /session/39d2630e55d6b41de19dafc672cf7ebc/execute/async - {"script":"<script> [1562 bytes]","args":[{"selector":{"id":"backBtn"},"wdio_ui5_key":"backBtn"}]}
RESULT: {"script":"<script> [1562 bytes]","args":[{"selector":{"id":"backBtn"},"wdio_ui5_key":"backBtn"}]}
RESULT: undefined
COMMAND: POST /session/39d2630e55d6b41de19dafc672cf7ebc/element - {"using":"xpath","value":"//*[@id=\"backBtn\"]"}
RESULT: {"using":"xpath","value":"//*[@id=\"backBtn\"]"}
COMMAND: POST /session/39d2630e55d6b41de19dafc672cf7ebc/element/f.7175ED2F8B48EB9387EF736E08AAAD55.d.5164E8936D1219605BE14929298121CD.e.17468/click - {}
RESULT: {}
COMMAND: GET /session/39d2630e55d6b41de19dafc672cf7ebc/screenshot - {}
COMMAND: POST /session/39d2630e55d6b41de19dafc672cf7ebc/execute/async - {"script":"<script> [1562 bytes]","args":[{"selector":{"controlType":"sap.m.Button","viewName":"etm.portal.ui.managehandovers.view.DetailExecuteHO","i18NText":{"propertyName":"text","key":"confirmAll"},"interaction":{"idSuffix":"BDI-content"}},"wdio_ui5_key":"etmportal.ui.managehandovers.view.DetailExecuteHOsap.m.Button{\"propertyName\":\"text\",\"key\":\"confirmAll\"}"}]}
RESULT: {}
RESULT: {"script":"<script> [1562 bytes]","args":[{"selector":{"controlType":"sap.m.Button","viewName":"etm.portal.ui.managehandovers.view.DetailExecuteHO","i18NText":{"propertyName":"text","key":"confirmAll"},"interaction":{"idSuffix":"BDI-content"}},"wdio_ui5_key":"etmportal.ui.managehandovers.view.DetailExecuteHOsap.m.Button{\"propertyName\":\"text\",\"key\":\"confirmAll\"}"}]}
RESULT: undefined
COMMAND: POST /session/39d2630e55d6b41de19dafc672cf7ebc/element - {"using":"xpath","value":"//*[@id=\"__button84\"]"}
RESULT: {"using":"xpath","value":"//*[@id=\"__button84\"]"}
COMMAND: POST /session/39d2630e55d6b41de19dafc672cf7ebc/element/f.7175ED2F8B48EB9387EF736E08AAAD55.d.5164E8936D1219605BE14929298121CD.e.17757/click - {}
RESULT: {}
COMMAND: GET /session/39d2630e55d6b41de19dafc672cf7ebc/screenshot - {}
RESULT: {}
COMMAND: POST /session/39d2630e55d6b41de19dafc672cf7ebc/execute/async - {"script":"<script> [1562 bytes]","args":[{"selector":{"controlType":"sap.m.Button","properties":{"text":"OK"},"searchOpenDialogs":true,"interaction":{"idSuffix":"inner"}},"wdio_ui5_key":"sapm.Button{\"text\":\"OK\"}"}]}
RESULT: {"script":"<script> [1562 bytes]","args":[{"selector":{"controlType":"sap.m.Button","properties":{"text":"OK"},"searchOpenDialogs":true,"interaction":{"idSuffix":"inner"}},"wdio_ui5_key":"sapm.Button{\"text\":\"OK\"}"}]}
RESULT: undefined
COMMAND: POST /session/39d2630e55d6b41de19dafc672cf7ebc/element - {"using":"xpath","value":"//*[@id=\"__mbox-btn-0\"]"}
RESULT: {"using":"xpath","value":"//*[@id=\"__mbox-btn-0\"]"}
COMMAND: POST /session/39d2630e55d6b41de19dafc672cf7ebc/element/f.7175ED2F8B48EB9387EF736E08AAAD55.d.5164E8936D1219605BE14929298121CD.e.17761/click - {}
RESULT: {}
COMMAND: GET /session/39d2630e55d6b41de19dafc672cf7ebc/screenshot - {}
RESULT: {}
COMMAND: POST /session/39d2630e55d6b41de19dafc672cf7ebc/element - {"using":"xpath","value":"//button[contains(@data-kt ,\"execHoIssueFooterButton\")]"}
RESULT: {"using":"xpath","value":"//button[contains(@data-kt ,\"execHoIssueFooterButton\")]"}
COMMAND: POST /session/39d2630e55d6b41de19dafc672cf7ebc/element/f.7175ED2F8B48EB9387EF736E08AAAD55.d.5164E8936D1219605BE14929298121CD.e.17764/click - {}
RESULT: {}
COMMAND: GET /session/39d2630e55d6b41de19dafc672cf7ebc/screenshot - {}
RESULT: {}
COMMAND: POST /session/39d2630e55d6b41de19dafc672cf7ebc/refresh - {}
RESULT: {}
COMMAND: GET /session/39d2630e55d6b41de19dafc672cf7ebc/screenshot - {}
RESULT: {}
COMMAND: POST /session/39d2630e55d6b41de19dafc672cf7ebc/refresh - {}
RESULT: {}
COMMAND: GET /session/39d2630e55d6b41de19dafc672cf7ebc/screenshot - {}
RESULT: {}
COMMAND: POST /session/39d2630e55d6b41de19dafc672cf7ebc/window/fullscreen - {}
RESULT: {}
COMMAND: POST /session/39d2630e55d6b41de19dafc672cf7ebc/execute/async - {"script":"<script> [189 bytes]","args":[]}
RESULT: {"script":"<script> [189 bytes]","args":[]}
COMMAND: POST /session/39d2630e55d6b41de19dafc672cf7ebc/execute/async - {"script":"<script> [123 bytes]","args":[]}
RESULT: {"script":"<script> [123 bytes]","args":[]}
COMMAND: POST /session/39d2630e55d6b41de19dafc672cf7ebc/timeouts - {"script":"<number>"}
RESULT: {"script":"<number>"}
COMMAND: GET /session/39d2630e55d6b41de19dafc672cf7ebc/timeouts - {}
RESULT: {}
RESULT: undefined
COMMAND: POST /session/39d2630e55d6b41de19dafc672cf7ebc/execute/async - {"script":"<script> [2676 bytes]","args":[]}
RESULT: {"script":"<script> [2676 bytes]","args":[]}
COMMAND: POST /session/39d2630e55d6b41de19dafc672cf7ebc/execute/async - {"script":"<script> [2342 bytes]","args":[{"protocol":"http","hostname":"0.0.0.0","path":"/","capabilities":{"browserName":"chrome","goog:chromeOptions":{"binary":"C:\\Program Files\\Google\\Chrome\\Application\\chrome.exe","args":["--start-maximized"]}},"logLevel":"warn","connectionRetryTimeout":120000,"connectionRetryCount":3,"logLevels":{},"enableDirectConnect":true,"strictSSL":true,"_":"65 more keys: [\"cacheDir\",\"port\",\"requestedCapabilities\",\"automationProtocol\",\"baseUrl\",\"waitforInterval\",\"waitforTimeout\",\"onReload\",\"beforeCommand\",\"afterCommand\",\"rootDir\",\"specs\",\"suites\",\"exclude\",\"groupLogsByTestSpec\",\"excludeDriverLogs\",\"bail\",\"framework\",\"reporters\",\"services\",\"maxInstances\",\"maxInstancesPerCapability\",\"injectGlobals\",\"filesToWatch\",\"execArgv\",\"runnerEnv\",\"runner\",\"shard\",\"specFileRetries\",\"specFileRetriesDelay\",\"specFileRetriesDeferred\",\"reporterSyncInterval\",\"reporterSyncTimeout\",\"cucumberFeaturesWithLineNumbers\",\"autoCompileOpts\",\"mochaOpts\",\"jasmineOpts\",\"cucumberOpts\",\"onPrepare\",\"onWorkerStart\",\"onWorkerEnd\",\"before\",\"beforeSession\",\"beforeSuite\",\"beforeHook\",\"beforeTest\",\"afterTest\",\"afterHook\",\"afterSuite\",\"afterSession\",\"after\",\"onComplete\",\"beforeAssertion\",\"afterAssertion\",\"beforeFeature\",\"beforeScenario\",\"beforeStep\",\"afterStep\",\"afterScenario\",\"afterFeature\",\"_\",\"suite\",\"$0\",\"ignoredWorkerServices\",\"wdi5\"]"}]}
RESULT: {"script":"<script> [2342 bytes]","args":[{"protocol":"http","hostname":"0.0.0.0","path":"/","capabilities":{"browserName":"chrome","goog:chromeOptions":{"binary":"C:\\Program Files\\Google\\Chrome\\Application\\chrome.exe","args":["--start-maximized"]}},"logLevel":"warn","connectionRetryTimeout":120000,"connectionRetryCount":3,"logLevels":{},"enableDirectConnect":true,"strictSSL":true,"_":"65 more keys: [\"cacheDir\",\"port\",\"requestedCapabilities\",\"automationProtocol\",\"baseUrl\",\"waitforInterval\",\"waitforTimeout\",\"onReload\",\"beforeCommand\",\"afterCommand\",\"rootDir\",\"specs\",\"suites\",\"exclude\",\"groupLogsByTestSpec\",\"excludeDriverLogs\",\"bail\",\"framework\",\"reporters\",\"services\",\"maxInstances\",\"maxInstancesPerCapability\",\"injectGlobals\",\"filesToWatch\",\"execArgv\",\"runnerEnv\",\"runner\",\"shard\",\"specFileRetries\",\"specFileRetriesDelay\",\"specFileRetriesDeferred\",\"reporterSyncInterval\",\"reporterSyncTimeout\",\"cucumberFeaturesWithLineNumbers\",\"autoCompileOpts\",\"mochaOpts\",\"jasmineOpts\",\"cucumberOpts\",\"onPrepare\",\"onWorkerStart\",\"onWorkerEnd\",\"before\",\"beforeSession\",\"beforeSuite\",\"beforeHook\",\"beforeTest\",\"afterTest\",\"afterHook\",\"afterSuite\",\"afterSession\",\"after\",\"onComplete\",\"beforeAssertion\",\"afterAssertion\",\"beforeFeature\",\"beforeScenario\",\"beforeStep\",\"afterStep\",\"afterScenario\",\"afterFeature\",\"_\",\"suite\",\"$0\",\"ignoredWorkerServices\",\"wdi5\"]"}]}
COMMAND: POST /session/39d2630e55d6b41de19dafc672cf7ebc/execute/async - {"script":"<script> [21126 bytes]","args":[35000]}
RESULT: {"script":"<script> [21126 bytes]","args":[35000]}
COMMAND: POST /session/39d2630e55d6b41de19dafc672cf7ebc/execute/async - {"script":"<script> [1562 bytes]","args":[{"selector":{"controlType":"sap.m.SearchField","viewName":"etm.portal.ui.managehandovers.view.MasterHO","bindingPath":{"path":"","propertyPath":"/_BASIC_SEARCH_FIELD","modelName":"fi1t3rM0d31"},"interaction":{"idSuffix":"I"}},"wdio_ui5_key":"etmportal.ui.managehandovers.view.MasterHOsap.m.SearchField{\"path\":\"\",\"propertyPath\":\"/_BASIC_SEARCH_FIELD\",\"modelName\":\"fi1t3rM0d31\"}"}]}
RESULT: {"script":"<script> [1562 bytes]","args":[{"selector":{"controlType":"sap.m.SearchField","viewName":"etm.portal.ui.managehandovers.view.MasterHO","bindingPath":{"path":"","propertyPath":"/_BASIC_SEARCH_FIELD","modelName":"fi1t3rM0d31"},"interaction":{"idSuffix":"I"}},"wdio_ui5_key":"etmportal.ui.managehandovers.view.MasterHOsap.m.SearchField{\"path\":\"\",\"propertyPath\":\"/_BASIC_SEARCH_FIELD\",\"modelName\":\"fi1t3rM0d31\"}"}]}
RESULT: undefined
COMMAND: POST /session/39d2630e55d6b41de19dafc672cf7ebc/execute/async - {"script":"<script> [776 bytes]","args":[{"enterText":"30534","selector":{"controlType":"sap.m.SearchField","viewName":"etm.portal.ui.managehandovers.view.MasterHO","bindingPath":{"path":"","propertyPath":"/_BASIC_SEARCH_FIELD","modelName":"fi1t3rM0d31"},"interaction":{"idSuffix":"I"}},"clearTextFirst":true,"interactionType":"ENTER_TEXT"}]}
RESULT: {"script":"<script> [776 bytes]","args":[{"enterText":"30534","selector":{"controlType":"sap.m.SearchField","viewName":"etm.portal.ui.managehandovers.view.MasterHO","bindingPath":{"path":"","propertyPath":"/_BASIC_SEARCH_FIELD","modelName":"fi1t3rM0d31"},"interaction":{"idSuffix":"I"}},"clearTextFirst":true,"interactionType":"ENTER_TEXT"}]}
COMMAND: POST /session/39d2630e55d6b41de19dafc672cf7ebc/actions - {"actions":[{"id":"action83","type":"key","parameters":{},"actions":[{"type":"keyDown","value":"î€‡"},{"type":"pause","duration":10},{"type":"keyUp","value":"î€‡"}]}]}
RESULT: {"actions":[{"id":"action83","type":"key","parameters":{},"actions":[{"type":"keyDown","value":"î€‡"},{"type":"pause","duration":10},{"type":"keyUp","value":"î€‡"}]}]}
COMMAND: GET /session/39d2630e55d6b41de19dafc672cf7ebc/screenshot - {}
RESULT: {}
COMMAND: POST /session/39d2630e55d6b41de19dafc672cf7ebc/execute/async - {"script":"<script> [1562 bytes]","args":[{"selector":{"controlType":"sap.m.Title","viewName":"etm.portal.ui.managehandovers.view.MasterHO","properties":{"text":"Records (1)"}},"wdio_ui5_key":"etmportal.ui.managehandovers.view.MasterHOsap.m.Title{\"text\":\"Records (1)\"}"}]}
RESULT: {"script":"<script> [1562 bytes]","args":[{"selector":{"controlType":"sap.m.Title","viewName":"etm.portal.ui.managehandovers.view.MasterHO","properties":{"text":"Records (1)"}},"wdio_ui5_key":"etmportal.ui.managehandovers.view.MasterHOsap.m.Title{\"text\":\"Records (1)\"}"}]}
RESULT: undefined
COMMAND: POST /session/39d2630e55d6b41de19dafc672cf7ebc/execute/async - {"script":"<script> [6424 bytes]","args":[{"element-6066-11e4-a52e-4f735466cecf":"f.7175ED2F8B48EB9387EF736E08AAAD55.d.45F91B293C48A88A14EAFA79A9D954D6.e.17946"},"getText",[]]}
RESULT: {"script":"<script> [6424 bytes]","args":[{"element-6066-11e4-a52e-4f735466cecf":"f.7175ED2F8B48EB9387EF736E08AAAD55.d.45F91B293C48A88A14EAFA79A9D954D6.e.17946"},"getText",[]]}
COMMAND: POST /session/39d2630e55d6b41de19dafc672cf7ebc/execute/async - {"script":"<script> [1562 bytes]","args":[{"selector":{"controlType":"sap.ui.core.Icon","viewName":"etm.portal.ui.managehandovers.view.MasterHO","properties":{"src":{"regex":{"source":"slim\\-arrow\\-right"}}}},"wdio_ui5_key":"etmportal.ui.managehandovers.view.MasterHOsap.ui.core.Icon{\"src\":{\"regex\":{\"source\":\"slim\\\\-arrow\\\\-right\"}}}"}]}
RESULT: {"script":"<script> [1562 bytes]","args":[{"selector":{"controlType":"sap.ui.core.Icon","viewName":"etm.portal.ui.managehandovers.view.MasterHO","properties":{"src":{"regex":{"source":"slim\\-arrow\\-right"}}}},"wdio_ui5_key":"etmportal.ui.managehandovers.view.MasterHOsap.ui.core.Icon{\"src\":{\"regex\":{\"source\":\"slim\\\\-arrow\\\\-right\"}}}"}]}
RESULT: undefined
COMMAND: POST /session/39d2630e55d6b41de19dafc672cf7ebc/element - {"using":"xpath","value":"//*[@id=\"__item20-__clone17-imgNav\"]"}
RESULT: {"using":"xpath","value":"//*[@id=\"__item20-__clone17-imgNav\"]"}
COMMAND: POST /session/39d2630e55d6b41de19dafc672cf7ebc/element/f.7175ED2F8B48EB9387EF736E08AAAD55.d.45F91B293C48A88A14EAFA79A9D954D6.e.17945/click - {}
RESULT: {}
COMMAND: GET /session/39d2630e55d6b41de19dafc672cf7ebc/screenshot - {}
RESULT: {}
COMMAND: POST /session/39d2630e55d6b41de19dafc672cf7ebc/execute/async - {"script":"<script> [1562 bytes]","args":[{"selector":{"controlType":"sap.m.ObjectStatus","viewName":"etm.portal.ui.managehandovers.view.DetailExecuteHO","labelFor":{"text":"Status"}},"wdio_ui5_key":"etmportal.ui.managehandovers.view.DetailExecuteHOsap.m.ObjectStatus{\"text\":\"Status\"}"}]}
RESULT: {"script":"<script> [1562 bytes]","args":[{"selector":{"controlType":"sap.m.ObjectStatus","viewName":"etm.portal.ui.managehandovers.view.DetailExecuteHO","labelFor":{"text":"Status"}},"wdio_ui5_key":"etmportal.ui.managehandovers.view.DetailExecuteHOsap.m.ObjectStatus{\"text\":\"Status\"}"}]}
RESULT: undefined
COMMAND: POST /session/39d2630e55d6b41de19dafc672cf7ebc/execute/async - {"script":"<script> [6424 bytes]","args":[{"element-6066-11e4-a52e-4f735466cecf":"f.7175ED2F8B48EB9387EF736E08AAAD55.d.45F91B293C48A88A14EAFA79A9D954D6.e.18047"},"getText",[]]}
RESULT: {"script":"<script> [6424 bytes]","args":[{"element-6066-11e4-a52e-4f735466cecf":"f.7175ED2F8B48EB9387EF736E08AAAD55.d.45F91B293C48A88A14EAFA79A9D954D6.e.18047"},"getText",[]]}
COMMAND: POST /session/39d2630e55d6b41de19dafc672cf7ebc/execute/async - {"script":"<script> [1562 bytes]","args":[{"selector":{"controlType":"sap.m.Button","viewName":"etm.portal.ui.managehandovers.view.DetailExecuteHO","i18NText":{"propertyName":"text","key":"confirmAll"},"interaction":{"idSuffix":"BDI-content"}},"wdio_ui5_key":"etmportal.ui.managehandovers.view.DetailExecuteHOsap.m.Button{\"propertyName\":\"text\",\"key\":\"confirmAll\"}"}]}
RESULT: {"script":"<script> [1562 bytes]","args":[{"selector":{"controlType":"sap.m.Button","viewName":"etm.portal.ui.managehandovers.view.DetailExecuteHO","i18NText":{"propertyName":"text","key":"confirmAll"},"interaction":{"idSuffix":"BDI-content"}},"wdio_ui5_key":"etmportal.ui.managehandovers.view.DetailExecuteHOsap.m.Button{\"propertyName\":\"text\",\"key\":\"confirmAll\"}"}]}
RESULT: undefined
COMMAND: POST /session/39d2630e55d6b41de19dafc672cf7ebc/element - {"using":"xpath","value":"//*[@id=\"__button30\"]"}
RESULT: {"using":"xpath","value":"//*[@id=\"__button30\"]"}
COMMAND: POST /session/39d2630e55d6b41de19dafc672cf7ebc/element/f.7175ED2F8B48EB9387EF736E08AAAD55.d.45F91B293C48A88A14EAFA79A9D954D6.e.18049/click - {}
RESULT: {}
COMMAND: GET /session/39d2630e55d6b41de19dafc672cf7ebc/screenshot - {}
RESULT: {}
COMMAND: POST /session/39d2630e55d6b41de19dafc672cf7ebc/execute/async - {"script":"<script> [1562 bytes]","args":[{"selector":{"controlType":"sap.m.Button","properties":{"text":"OK"},"searchOpenDialogs":true,"interaction":{"idSuffix":"BDI-content"}},"wdio_ui5_key":"sapm.Button{\"text\":\"OK\"}"}]}
RESULT: {"script":"<script> [1562 bytes]","args":[{"selector":{"controlType":"sap.m.Button","properties":{"text":"OK"},"searchOpenDialogs":true,"interaction":{"idSuffix":"BDI-content"}},"wdio_ui5_key":"sapm.Button{\"text\":\"OK\"}"}]}
RESULT: undefined
COMMAND: POST /session/39d2630e55d6b41de19dafc672cf7ebc/element - {"using":"xpath","value":"//*[@id=\"__mbox-btn-0\"]"}
RESULT: {"using":"xpath","value":"//*[@id=\"__mbox-btn-0\"]"}
COMMAND: POST /session/39d2630e55d6b41de19dafc672cf7ebc/element/f.7175ED2F8B48EB9387EF736E08AAAD55.d.45F91B293C48A88A14EAFA79A9D954D6.e.18050/click - {}
RESULT: {}
COMMAND: GET /session/39d2630e55d6b41de19dafc672cf7ebc/screenshot - {}
RESULT: {}
COMMAND: POST /session/39d2630e55d6b41de19dafc672cf7ebc/element - {"using":"xpath","value":"//button[contains(@data-kt ,\"execHoReceiveFooterButton\")]"}
RESULT: {"using":"xpath","value":"//button[contains(@data-kt ,\"execHoReceiveFooterButton\")]"}
COMMAND: POST /session/39d2630e55d6b41de19dafc672cf7ebc/element/f.7175ED2F8B48EB9387EF736E08AAAD55.d.45F91B293C48A88A14EAFA79A9D954D6.e.18007/click - {}
RESULT: {}
COMMAND: GET /session/39d2630e55d6b41de19dafc672cf7ebc/screenshot - {}
RESULT: {}
COMMAND: POST /session/39d2630e55d6b41de19dafc672cf7ebc/refresh - {}
RESULT: {}
COMMAND: GET /session/39d2630e55d6b41de19dafc672cf7ebc/screenshot - {}
RESULT: {}
COMMAND: POST /session/39d2630e55d6b41de19dafc672cf7ebc/refresh - {}
RESULT: {}
COMMAND: GET /session/39d2630e55d6b41de19dafc672cf7ebc/screenshot - {}
RESULT: {}
COMMAND: POST /session/39d2630e55d6b41de19dafc672cf7ebc/window/fullscreen - {}
RESULT: {}
COMMAND: POST /session/39d2630e55d6b41de19dafc672cf7ebc/execute/async - {"script":"<script> [189 bytes]","args":[]}
RESULT: {"script":"<script> [189 bytes]","args":[]}
COMMAND: POST /session/39d2630e55d6b41de19dafc672cf7ebc/execute/async - {"script":"<script> [123 bytes]","args":[]}
RESULT: {"script":"<script> [123 bytes]","args":[]}
COMMAND: POST /session/39d2630e55d6b41de19dafc672cf7ebc/timeouts - {"script":"<number>"}
RESULT: {"script":"<number>"}
COMMAND: GET /session/39d2630e55d6b41de19dafc672cf7ebc/timeouts - {}
RESULT: {}
RESULT: undefined
COMMAND: POST /session/39d2630e55d6b41de19dafc672cf7ebc/execute/async - {"script":"<script> [2676 bytes]","args":[]}
RESULT: {"script":"<script> [2676 bytes]","args":[]}
COMMAND: POST /session/39d2630e55d6b41de19dafc672cf7ebc/execute/async - {"script":"<script> [2342 bytes]","args":[{"protocol":"http","hostname":"0.0.0.0","path":"/","capabilities":{"browserName":"chrome","goog:chromeOptions":{"binary":"C:\\Program Files\\Google\\Chrome\\Application\\chrome.exe","args":["--start-maximized"]}},"logLevel":"warn","connectionRetryTimeout":120000,"connectionRetryCount":3,"logLevels":{},"enableDirectConnect":true,"strictSSL":true,"_":"65 more keys: [\"cacheDir\",\"port\",\"requestedCapabilities\",\"automationProtocol\",\"baseUrl\",\"waitforInterval\",\"waitforTimeout\",\"onReload\",\"beforeCommand\",\"afterCommand\",\"rootDir\",\"specs\",\"suites\",\"exclude\",\"groupLogsByTestSpec\",\"excludeDriverLogs\",\"bail\",\"framework\",\"reporters\",\"services\",\"maxInstances\",\"maxInstancesPerCapability\",\"injectGlobals\",\"filesToWatch\",\"execArgv\",\"runnerEnv\",\"runner\",\"shard\",\"specFileRetries\",\"specFileRetriesDelay\",\"specFileRetriesDeferred\",\"reporterSyncInterval\",\"reporterSyncTimeout\",\"cucumberFeaturesWithLineNumbers\",\"autoCompileOpts\",\"mochaOpts\",\"jasmineOpts\",\"cucumberOpts\",\"onPrepare\",\"onWorkerStart\",\"onWorkerEnd\",\"before\",\"beforeSession\",\"beforeSuite\",\"beforeHook\",\"beforeTest\",\"afterTest\",\"afterHook\",\"afterSuite\",\"afterSession\",\"after\",\"onComplete\",\"beforeAssertion\",\"afterAssertion\",\"beforeFeature\",\"beforeScenario\",\"beforeStep\",\"afterStep\",\"afterScenario\",\"afterFeature\",\"_\",\"suite\",\"$0\",\"ignoredWorkerServices\",\"wdi5\"]"}]}
RESULT: {"script":"<script> [2342 bytes]","args":[{"protocol":"http","hostname":"0.0.0.0","path":"/","capabilities":{"browserName":"chrome","goog:chromeOptions":{"binary":"C:\\Program Files\\Google\\Chrome\\Application\\chrome.exe","args":["--start-maximized"]}},"logLevel":"warn","connectionRetryTimeout":120000,"connectionRetryCount":3,"logLevels":{},"enableDirectConnect":true,"strictSSL":true,"_":"65 more keys: [\"cacheDir\",\"port\",\"requestedCapabilities\",\"automationProtocol\",\"baseUrl\",\"waitforInterval\",\"waitforTimeout\",\"onReload\",\"beforeCommand\",\"afterCommand\",\"rootDir\",\"specs\",\"suites\",\"exclude\",\"groupLogsByTestSpec\",\"excludeDriverLogs\",\"bail\",\"framework\",\"reporters\",\"services\",\"maxInstances\",\"maxInstancesPerCapability\",\"injectGlobals\",\"filesToWatch\",\"execArgv\",\"runnerEnv\",\"runner\",\"shard\",\"specFileRetries\",\"specFileRetriesDelay\",\"specFileRetriesDeferred\",\"reporterSyncInterval\",\"reporterSyncTimeout\",\"cucumberFeaturesWithLineNumbers\",\"autoCompileOpts\",\"mochaOpts\",\"jasmineOpts\",\"cucumberOpts\",\"onPrepare\",\"onWorkerStart\",\"onWorkerEnd\",\"before\",\"beforeSession\",\"beforeSuite\",\"beforeHook\",\"beforeTest\",\"afterTest\",\"afterHook\",\"afterSuite\",\"afterSession\",\"after\",\"onComplete\",\"beforeAssertion\",\"afterAssertion\",\"beforeFeature\",\"beforeScenario\",\"beforeStep\",\"afterStep\",\"afterScenario\",\"afterFeature\",\"_\",\"suite\",\"$0\",\"ignoredWorkerServices\",\"wdi5\"]"}]}
COMMAND: POST /session/39d2630e55d6b41de19dafc672cf7ebc/execute/async - {"script":"<script> [21126 bytes]","args":[35000]}
RESULT: {"script":"<script> [21126 bytes]","args":[35000]}
COMMAND: POST /session/39d2630e55d6b41de19dafc672cf7ebc/execute/async - {"script":"<script> [1562 bytes]","args":[{"selector":{"controlType":"sap.m.SearchField","viewName":"etm.portal.ui.managehandovers.view.MasterHO","bindingPath":{"path":"","propertyPath":"/_BASIC_SEARCH_FIELD","modelName":"fi1t3rM0d31"},"interaction":{"idSuffix":"I"}},"wdio_ui5_key":"etmportal.ui.managehandovers.view.MasterHOsap.m.SearchField{\"path\":\"\",\"propertyPath\":\"/_BASIC_SEARCH_FIELD\",\"modelName\":\"fi1t3rM0d31\"}"}]}
RESULT: {"script":"<script> [1562 bytes]","args":[{"selector":{"controlType":"sap.m.SearchField","viewName":"etm.portal.ui.managehandovers.view.MasterHO","bindingPath":{"path":"","propertyPath":"/_BASIC_SEARCH_FIELD","modelName":"fi1t3rM0d31"},"interaction":{"idSuffix":"I"}},"wdio_ui5_key":"etmportal.ui.managehandovers.view.MasterHOsap.m.SearchField{\"path\":\"\",\"propertyPath\":\"/_BASIC_SEARCH_FIELD\",\"modelName\":\"fi1t3rM0d31\"}"}]}
RESULT: undefined
COMMAND: POST /session/39d2630e55d6b41de19dafc672cf7ebc/execute/async - {"script":"<script> [776 bytes]","args":[{"enterText":"30534","selector":{"controlType":"sap.m.SearchField","viewName":"etm.portal.ui.managehandovers.view.MasterHO","bindingPath":{"path":"","propertyPath":"/_BASIC_SEARCH_FIELD","modelName":"fi1t3rM0d31"},"interaction":{"idSuffix":"I"}},"clearTextFirst":true,"interactionType":"ENTER_TEXT"}]}
RESULT: {"script":"<script> [776 bytes]","args":[{"enterText":"30534","selector":{"controlType":"sap.m.SearchField","viewName":"etm.portal.ui.managehandovers.view.MasterHO","bindingPath":{"path":"","propertyPath":"/_BASIC_SEARCH_FIELD","modelName":"fi1t3rM0d31"},"interaction":{"idSuffix":"I"}},"clearTextFirst":true,"interactionType":"ENTER_TEXT"}]}
COMMAND: POST /session/39d2630e55d6b41de19dafc672cf7ebc/actions - {"actions":[{"id":"action84","type":"key","parameters":{},"actions":[{"type":"keyDown","value":"î€‡"},{"type":"pause","duration":10},{"type":"keyUp","value":"î€‡"}]}]}
RESULT: {"actions":[{"id":"action84","type":"key","parameters":{},"actions":[{"type":"keyDown","value":"î€‡"},{"type":"pause","duration":10},{"type":"keyUp","value":"î€‡"}]}]}
COMMAND: GET /session/39d2630e55d6b41de19dafc672cf7ebc/screenshot - {}
RESULT: {}
COMMAND: POST /session/39d2630e55d6b41de19dafc672cf7ebc/execute/async - {"script":"<script> [1562 bytes]","args":[{"selector":{"controlType":"sap.m.Title","viewName":"etm.portal.ui.managehandovers.view.MasterHO","properties":{"text":"Records (1)"}},"wdio_ui5_key":"etmportal.ui.managehandovers.view.MasterHOsap.m.Title{\"text\":\"Records (1)\"}"}]}
RESULT: {"script":"<script> [1562 bytes]","args":[{"selector":{"controlType":"sap.m.Title","viewName":"etm.portal.ui.managehandovers.view.MasterHO","properties":{"text":"Records (1)"}},"wdio_ui5_key":"etmportal.ui.managehandovers.view.MasterHOsap.m.Title{\"text\":\"Records (1)\"}"}]}
RESULT: undefined
COMMAND: POST /session/39d2630e55d6b41de19dafc672cf7ebc/execute/async - {"script":"<script> [6424 bytes]","args":[{"element-6066-11e4-a52e-4f735466cecf":"f.7175ED2F8B48EB9387EF736E08AAAD55.d.694EC5359114F51E8D1E88D45B9E39AE.e.18220"},"getText",[]]}
RESULT: {"script":"<script> [6424 bytes]","args":[{"element-6066-11e4-a52e-4f735466cecf":"f.7175ED2F8B48EB9387EF736E08AAAD55.d.694EC5359114F51E8D1E88D45B9E39AE.e.18220"},"getText",[]]}
COMMAND: POST /session/39d2630e55d6b41de19dafc672cf7ebc/execute/async - {"script":"<script> [1562 bytes]","args":[{"selector":{"controlType":"sap.ui.core.Icon","viewName":"etm.portal.ui.managehandovers.view.MasterHO","properties":{"src":{"regex":{"source":"slim\\-arrow\\-right"}}}},"wdio_ui5_key":"etmportal.ui.managehandovers.view.MasterHOsap.ui.core.Icon{\"src\":{\"regex\":{\"source\":\"slim\\\\-arrow\\\\-right\"}}}"}]}
RESULT: {"script":"<script> [1562 bytes]","args":[{"selector":{"controlType":"sap.ui.core.Icon","viewName":"etm.portal.ui.managehandovers.view.MasterHO","properties":{"src":{"regex":{"source":"slim\\-arrow\\-right"}}}},"wdio_ui5_key":"etmportal.ui.managehandovers.view.MasterHOsap.ui.core.Icon{\"src\":{\"regex\":{\"source\":\"slim\\\\-arrow\\\\-right\"}}}"}]}
RESULT: undefined
COMMAND: POST /session/39d2630e55d6b41de19dafc672cf7ebc/element - {"using":"xpath","value":"//*[@id=\"__item30-__clone17-imgNav\"]"}
RESULT: {"using":"xpath","value":"//*[@id=\"__item30-__clone17-imgNav\"]"}
COMMAND: POST /session/39d2630e55d6b41de19dafc672cf7ebc/element/f.7175ED2F8B48EB9387EF736E08AAAD55.d.694EC5359114F51E8D1E88D45B9E39AE.e.18219/click - {}
RESULT: {}
COMMAND: GET /session/39d2630e55d6b41de19dafc672cf7ebc/screenshot - {}
RESULT: {}
COMMAND: POST /session/39d2630e55d6b41de19dafc672cf7ebc/execute/async - {"script":"<script> [1562 bytes]","args":[{"selector":{"controlType":"sap.m.ObjectStatus","viewName":"etm.portal.ui.managehandovers.view.DetailManageHO","viewId":"application-managehandovers-display-component---detailManageHO","labelFor":{"text":"Status"}},"wdio_ui5_key":"etmportal.ui.managehandovers.view.DetailManageHOsap.m.ObjectStatus{\"text\":\"Status\"}"}]}
RESULT: {"script":"<script> [1562 bytes]","args":[{"selector":{"controlType":"sap.m.ObjectStatus","viewName":"etm.portal.ui.managehandovers.view.DetailManageHO","viewId":"application-managehandovers-display-component---detailManageHO","labelFor":{"text":"Status"}},"wdio_ui5_key":"etmportal.ui.managehandovers.view.DetailManageHOsap.m.ObjectStatus{\"text\":\"Status\"}"}]}
RESULT: undefined
COMMAND: POST /session/39d2630e55d6b41de19dafc672cf7ebc/execute/async - {"script":"<script> [6424 bytes]","args":[{"element-6066-11e4-a52e-4f735466cecf":"f.7175ED2F8B48EB9387EF736E08AAAD55.d.694EC5359114F51E8D1E88D45B9E39AE.e.18312"},"getText",[]]}
RESULT: {"script":"<script> [6424 bytes]","args":[{"element-6066-11e4-a52e-4f735466cecf":"f.7175ED2F8B48EB9387EF736E08AAAD55.d.694EC5359114F51E8D1E88D45B9E39AE.e.18312"},"getText",[]]}
COMMAND: POST /session/39d2630e55d6b41de19dafc672cf7ebc/element - {"using":"xpath","value":"//a[contains(@data-kt ,\"GeneralSectionReceiveContracttLink\")]"}
RESULT: {"using":"xpath","value":"//a[contains(@data-kt ,\"GeneralSectionReceiveContracttLink\")]"}
COMMAND: POST /session/39d2630e55d6b41de19dafc672cf7ebc/element/f.7175ED2F8B48EB9387EF736E08AAAD55.d.694EC5359114F51E8D1E88D45B9E39AE.e.18313/click - {}
RESULT: {}
COMMAND: GET /session/39d2630e55d6b41de19dafc672cf7ebc/screenshot - {}
RESULT: {}
COMMAND: POST /session/39d2630e55d6b41de19dafc672cf7ebc/element - {"using":"xpath","value":"//a[contains(@data-kt ,\"ContextMenuId2Link\")]"}
RESULT: {"using":"xpath","value":"//a[contains(@data-kt ,\"ContextMenuId2Link\")]"}
COMMAND: POST /session/39d2630e55d6b41de19dafc672cf7ebc/element/f.7175ED2F8B48EB9387EF736E08AAAD55.d.694EC5359114F51E8D1E88D45B9E39AE.e.18316/click - {}
RESULT: {}
COMMAND: GET /session/39d2630e55d6b41de19dafc672cf7ebc/screenshot - {}
RESULT: {}
COMMAND: POST /session/39d2630e55d6b41de19dafc672cf7ebc/execute/async - {"script":"<script> [1562 bytes]","args":[{"selector":{"controlType":"sap.m.ObjectStatus","viewName":"etm.portal.ui.managecontracts.view.Detail","bindingPath":{"propertyPath":"LINK_TO_LOGISTICAL_STATUS/DESCRIPTION","modelName":"catalogModel"}},"wdio_ui5_key":"etmportal.ui.managecontracts.view.Detailsap.m.ObjectStatus{\"propertyPath\":\"LINK_TO_LOGISTICAL_STATUS/DESCRIPTION\",\"modelName\":\"catalogModel\"}"}]}
RESULT: {"script":"<script> [1562 bytes]","args":[{"selector":{"controlType":"sap.m.ObjectStatus","viewName":"etm.portal.ui.managecontracts.view.Detail","bindingPath":{"propertyPath":"LINK_TO_LOGISTICAL_STATUS/DESCRIPTION","modelName":"catalogModel"}},"wdio_ui5_key":"etmportal.ui.managecontracts.view.Detailsap.m.ObjectStatus{\"propertyPath\":\"LINK_TO_LOGISTICAL_STATUS/DESCRIPTION\",\"modelName\":\"catalogModel\"}"}]}
RESULT: undefined
COMMAND: POST /session/39d2630e55d6b41de19dafc672cf7ebc/execute/async - {"script":"<script> [6424 bytes]","args":[{"element-6066-11e4-a52e-4f735466cecf":"f.7175ED2F8B48EB9387EF736E08AAAD55.d.694EC5359114F51E8D1E88D45B9E39AE.e.18551"},"getText",[]]}
RESULT: {"script":"<script> [6424 bytes]","args":[{"element-6066-11e4-a52e-4f735466cecf":"f.7175ED2F8B48EB9387EF736E08AAAD55.d.694EC5359114F51E8D1E88D45B9E39AE.e.18551"},"getText",[]]}
COMMAND: POST /session/39d2630e55d6b41de19dafc672cf7ebc/execute/async - {"script":"<script> [1562 bytes]","args":[{"selector":{"controlType":"sap.m.ObjectStatus","viewName":"etm.portal.ui.managecontracts.view.Detail","bindingPath":{"propertyPath":"LINK_TO_COMMERCIAL_STATUS/DESCRIPTION","modelName":"catalogModel"}},"wdio_ui5_key":"etmportal.ui.managecontracts.view.Detailsap.m.ObjectStatus{\"propertyPath\":\"LINK_TO_COMMERCIAL_STATUS/DESCRIPTION\",\"modelName\":\"catalogModel\"}"}]}
RESULT: {"script":"<script> [1562 bytes]","args":[{"selector":{"controlType":"sap.m.ObjectStatus","viewName":"etm.portal.ui.managecontracts.view.Detail","bindingPath":{"propertyPath":"LINK_TO_COMMERCIAL_STATUS/DESCRIPTION","modelName":"catalogModel"}},"wdio_ui5_key":"etmportal.ui.managecontracts.view.Detailsap.m.ObjectStatus{\"propertyPath\":\"LINK_TO_COMMERCIAL_STATUS/DESCRIPTION\",\"modelName\":\"catalogModel\"}"}]}
RESULT: undefined
COMMAND: POST /session/39d2630e55d6b41de19dafc672cf7ebc/execute/async - {"script":"<script> [6424 bytes]","args":[{"element-6066-11e4-a52e-4f735466cecf":"f.7175ED2F8B48EB9387EF736E08AAAD55.d.694EC5359114F51E8D1E88D45B9E39AE.e.18552"},"getText",[]]}
RESULT: {"script":"<script> [6424 bytes]","args":[{"element-6066-11e4-a52e-4f735466cecf":"f.7175ED2F8B48EB9387EF736E08AAAD55.d.694EC5359114F51E8D1E88D45B9E39AE.e.18552"},"getText",[]]}
]]></system-out>
    </testcase>
    <testcase classname="chrome.135_0_7049_96.windows.E2E_-_Logistical_and_commercial_statuses" name="It should follow the handover steps to the status fully returned" time="211.413">
      <system-out><![CDATA[
COMMAND: POST /session/39d2630e55d6b41de19dafc672cf7ebc/execute/async - {"script":"<script> [1562 bytes]","args":[{"selector":{"id":"contractDetailReturnButton","viewName":"etm.portal.ui.managecontracts.view.Detail","interaction":{"idSuffix":"BDI-content"}},"wdio_ui5_key":"contractDetailReturnButtonetmportal.ui.managecontracts.view.Detail"}]}
RESULT: {"script":"<script> [1562 bytes]","args":[{"selector":{"id":"contractDetailReturnButton","viewName":"etm.portal.ui.managecontracts.view.Detail","interaction":{"idSuffix":"BDI-content"}},"wdio_ui5_key":"contractDetailReturnButtonetmportal.ui.managecontracts.view.Detail"}]}
RESULT: undefined
COMMAND: POST /session/39d2630e55d6b41de19dafc672cf7ebc/element - {"using":"xpath","value":"//*[@id=\"__xmlview2--contractDetailReturnButton\"]"}
RESULT: {"using":"xpath","value":"//*[@id=\"__xmlview2--contractDetailReturnButton\"]"}
COMMAND: POST /session/39d2630e55d6b41de19dafc672cf7ebc/element/f.7175ED2F8B48EB9387EF736E08AAAD55.d.694EC5359114F51E8D1E88D45B9E39AE.e.18420/click - {}
RESULT: {}
COMMAND: POST /session/39d2630e55d6b41de19dafc672cf7ebc/execute/async - {"script":"<script> [1562 bytes]","args":[{"selector":{"id":"application-managehandovers-display-component---AddNewHO--dueDate","interaction":{"idSuffix":"inner"}},"wdio_ui5_key":"applicationmanagehandovers-display-component---AddNewHO--dueDate"}]}
COMMAND: GET /session/39d2630e55d6b41de19dafc672cf7ebc/screenshot - {}
RESULT: {"script":"<script> [1562 bytes]","args":[{"selector":{"id":"application-managehandovers-display-component---AddNewHO--dueDate","interaction":{"idSuffix":"inner"}},"wdio_ui5_key":"applicationmanagehandovers-display-component---AddNewHO--dueDate"}]}
RESULT: undefined
COMMAND: POST /session/39d2630e55d6b41de19dafc672cf7ebc/execute/async - {"script":"<script> [776 bytes]","args":[{"enterText":"04/30/25","selector":{"id":"application-managehandovers-display-component---AddNewHO--dueDate","interaction":{"idSuffix":"inner"}},"clearTextFirst":true,"interactionType":"ENTER_TEXT"}]}
RESULT: {}
RESULT: {"script":"<script> [776 bytes]","args":[{"enterText":"04/30/25","selector":{"id":"application-managehandovers-display-component---AddNewHO--dueDate","interaction":{"idSuffix":"inner"}},"clearTextFirst":true,"interactionType":"ENTER_TEXT"}]}
COMMAND: POST /session/39d2630e55d6b41de19dafc672cf7ebc/element - {"using":"xpath","value":"//bdi[contains(@id ,\"application-managehandovers-display-component---AddNewHO--ObjectPageLayout-anchBar-application-managehandovers-display-component---AddNewHO--section4-anchor-BDI-content\")]"}
RESULT: {"using":"xpath","value":"//bdi[contains(@id ,\"application-managehandovers-display-component---AddNewHO--ObjectPageLayout-anchBar-application-managehandovers-display-component---AddNewHO--section4-anchor-BDI-content\")]"}
COMMAND: POST /session/39d2630e55d6b41de19dafc672cf7ebc/element/f.7175ED2F8B48EB9387EF736E08AAAD55.d.694EC5359114F51E8D1E88D45B9E39AE.e.18719/click - {}
RESULT: {}
COMMAND: GET /session/39d2630e55d6b41de19dafc672cf7ebc/screenshot - {}
RESULT: {}
COMMAND: POST /session/39d2630e55d6b41de19dafc672cf7ebc/element - {"using":"xpath","value":"//button[contains(@data-kt ,\"AddNewHOProvideAddItemsButton\")]"}
RESULT: {"using":"xpath","value":"//button[contains(@data-kt ,\"AddNewHOProvideAddItemsButton\")]"}
COMMAND: POST /session/39d2630e55d6b41de19dafc672cf7ebc/element/f.7175ED2F8B48EB9387EF736E08AAAD55.d.694EC5359114F51E8D1E88D45B9E39AE.e.18724/click - {}
RESULT: {}
COMMAND: GET /session/39d2630e55d6b41de19dafc672cf7ebc/screenshot - {}
RESULT: {}
COMMAND: POST /session/39d2630e55d6b41de19dafc672cf7ebc/execute/async - {"script":"<script> [1562 bytes]","args":[{"selector":{"id":"application-managehandovers-display-component---AddNewHO--popup-sa","searchOpenDialogs":true,"interaction":{"idSuffix":"CbBg"}},"wdio_ui5_key":"applicationmanagehandovers-display-component---AddNewHO--popup-sa"}]}
RESULT: {"script":"<script> [1562 bytes]","args":[{"selector":{"id":"application-managehandovers-display-component---AddNewHO--popup-sa","searchOpenDialogs":true,"interaction":{"idSuffix":"CbBg"}},"wdio_ui5_key":"applicationmanagehandovers-display-component---AddNewHO--popup-sa"}]}
RESULT: undefined
COMMAND: POST /session/39d2630e55d6b41de19dafc672cf7ebc/element - {"using":"xpath","value":"//*[@id=\"application-managehandovers-display-component---AddNewHO--popup-sa\"]"}
RESULT: {"using":"xpath","value":"//*[@id=\"application-managehandovers-display-component---AddNewHO--popup-sa\"]"}
COMMAND: POST /session/39d2630e55d6b41de19dafc672cf7ebc/element/f.7175ED2F8B48EB9387EF736E08AAAD55.d.694EC5359114F51E8D1E88D45B9E39AE.e.18735/click - {}
RESULT: {}
COMMAND: POST /session/39d2630e55d6b41de19dafc672cf7ebc/execute/async - {"script":"<script> [1562 bytes]","args":[{"selector":{"controlType":"sap.m.Button","viewName":"etm.portal.ui.managehandovers.view.AddNewHO","viewId":"application-managehandovers-display-component---AddNewHO","i18NText":{"propertyName":"text","key":"select"},"searchOpenDialogs":true,"interaction":{"idSuffix":"BDI-content"}},"wdio_ui5_key":"etmportal.ui.managehandovers.view.AddNewHOsap.m.Button{\"propertyName\":\"text\",\"key\":\"select\"}"}]}
COMMAND: GET /session/39d2630e55d6b41de19dafc672cf7ebc/screenshot - {}
RESULT: {"script":"<script> [1562 bytes]","args":[{"selector":{"controlType":"sap.m.Button","viewName":"etm.portal.ui.managehandovers.view.AddNewHO","viewId":"application-managehandovers-display-component---AddNewHO","i18NText":{"propertyName":"text","key":"select"},"searchOpenDialogs":true,"interaction":{"idSuffix":"BDI-content"}},"wdio_ui5_key":"etmportal.ui.managehandovers.view.AddNewHOsap.m.Button{\"propertyName\":\"text\",\"key\":\"select\"}"}]}
RESULT: undefined
COMMAND: POST /session/39d2630e55d6b41de19dafc672cf7ebc/element - {"using":"xpath","value":"//*[@id=\"__button60\"]"}
RESULT: {}
RESULT: {"using":"xpath","value":"//*[@id=\"__button60\"]"}
COMMAND: POST /session/39d2630e55d6b41de19dafc672cf7ebc/element/f.7175ED2F8B48EB9387EF736E08AAAD55.d.694EC5359114F51E8D1E88D45B9E39AE.e.18738/click - {}
RESULT: {}
COMMAND: GET /session/39d2630e55d6b41de19dafc672cf7ebc/screenshot - {}
RESULT: {}
COMMAND: POST /session/39d2630e55d6b41de19dafc672cf7ebc/execute/async - {"script":"<script> [1562 bytes]","args":[{"selector":{"id":"application-managehandovers-display-component---AddNewHO--confirmCreationButton","interaction":{"idSuffix":"BDI-content"}},"wdio_ui5_key":"applicationmanagehandovers-display-component---AddNewHO--confirmCreationButton"}]}
RESULT: {"script":"<script> [1562 bytes]","args":[{"selector":{"id":"application-managehandovers-display-component---AddNewHO--confirmCreationButton","interaction":{"idSuffix":"BDI-content"}},"wdio_ui5_key":"applicationmanagehandovers-display-component---AddNewHO--confirmCreationButton"}]}
RESULT: undefined
COMMAND: POST /session/39d2630e55d6b41de19dafc672cf7ebc/element - {"using":"xpath","value":"//*[@id=\"application-managehandovers-display-component---AddNewHO--confirmCreationButton\"]"}
RESULT: {"using":"xpath","value":"//*[@id=\"application-managehandovers-display-component---AddNewHO--confirmCreationButton\"]"}
COMMAND: POST /session/39d2630e55d6b41de19dafc672cf7ebc/element/f.7175ED2F8B48EB9387EF736E08AAAD55.d.694EC5359114F51E8D1E88D45B9E39AE.e.18682/click - {}
RESULT: {}
COMMAND: GET /session/39d2630e55d6b41de19dafc672cf7ebc/screenshot - {}
RESULT: {}
COMMAND: POST /session/39d2630e55d6b41de19dafc672cf7ebc/execute/async - {"script":"<script> [1562 bytes]","args":[{"selector":{"controlType":"sap.m.Text","viewName":"etm.portal.ui.managehandovers.view.DetailExecuteHO","bindingPath":{"propertyPath":"NO","modelName":"catalogModel"}},"wdio_ui5_key":"etmportal.ui.managehandovers.view.DetailExecuteHOsap.m.Text{\"propertyPath\":\"NO\",\"modelName\":\"catalogModel\"}"}]}
RESULT: {"script":"<script> [1562 bytes]","args":[{"selector":{"controlType":"sap.m.Text","viewName":"etm.portal.ui.managehandovers.view.DetailExecuteHO","bindingPath":{"propertyPath":"NO","modelName":"catalogModel"}},"wdio_ui5_key":"etmportal.ui.managehandovers.view.DetailExecuteHOsap.m.Text{\"propertyPath\":\"NO\",\"modelName\":\"catalogModel\"}"}]}
RESULT: undefined
COMMAND: POST /session/39d2630e55d6b41de19dafc672cf7ebc/execute/async - {"script":"<script> [6424 bytes]","args":[{"element-6066-11e4-a52e-4f735466cecf":"f.7175ED2F8B48EB9387EF736E08AAAD55.d.694EC5359114F51E8D1E88D45B9E39AE.e.18795"},"getText",[]]}
RESULT: {"script":"<script> [6424 bytes]","args":[{"element-6066-11e4-a52e-4f735466cecf":"f.7175ED2F8B48EB9387EF736E08AAAD55.d.694EC5359114F51E8D1E88D45B9E39AE.e.18795"},"getText",[]]}
COMMAND: POST /session/39d2630e55d6b41de19dafc672cf7ebc/element - {"using":"xpath","value":"//a[contains(@data-kt ,\"GeneralSectionSendContractLink\")]"}
RESULT: {"using":"xpath","value":"//a[contains(@data-kt ,\"GeneralSectionSendContractLink\")]"}
COMMAND: POST /session/39d2630e55d6b41de19dafc672cf7ebc/element/f.7175ED2F8B48EB9387EF736E08AAAD55.d.694EC5359114F51E8D1E88D45B9E39AE.e.18776/click - {}
RESULT: {}
COMMAND: GET /session/39d2630e55d6b41de19dafc672cf7ebc/screenshot - {}
RESULT: {}
COMMAND: POST /session/39d2630e55d6b41de19dafc672cf7ebc/element - {"using":"xpath","value":"//a[contains(@data-kt ,\"ContextMenuId2Link\")]"}
RESULT: {"using":"xpath","value":"//a[contains(@data-kt ,\"ContextMenuId2Link\")]"}
COMMAND: POST /session/39d2630e55d6b41de19dafc672cf7ebc/elements - {"using":"xpath","value":"//a[contains(@data-kt ,\"ContextMenuId2Link\")]"}
RESULT: {"using":"xpath","value":"//a[contains(@data-kt ,\"ContextMenuId2Link\")]"}
COMMAND: POST /session/39d2630e55d6b41de19dafc672cf7ebc/element/f.7175ED2F8B48EB9387EF736E08AAAD55.d.694EC5359114F51E8D1E88D45B9E39AE.e.18799/click - {}
RESULT: {}
COMMAND: GET /session/39d2630e55d6b41de19dafc672cf7ebc/screenshot - {}
RESULT: {}
COMMAND: POST /session/39d2630e55d6b41de19dafc672cf7ebc/execute/async - {"script":"<script> [1562 bytes]","args":[{"selector":{"controlType":"sap.m.Link","viewName":"etm.portal.ui.managehandovers.view.DetailExecuteHO","properties":{"text":"Contract Overview"},"searchOpenDialogs":true},"wdio_ui5_key":"etmportal.ui.managehandovers.view.DetailExecuteHOsap.m.Link{\"text\":\"Contract Overview\"}"}]}
RESULT: {"script":"<script> [1562 bytes]","args":[{"selector":{"controlType":"sap.m.Link","viewName":"etm.portal.ui.managehandovers.view.DetailExecuteHO","properties":{"text":"Contract Overview"},"searchOpenDialogs":true},"wdio_ui5_key":"etmportal.ui.managehandovers.view.DetailExecuteHOsap.m.Link{\"text\":\"Contract Overview\"}"}]}
RESULT: undefined
RESULT: undefined
COMMAND: POST /session/39d2630e55d6b41de19dafc672cf7ebc/execute/async - {"script":"<script> [6424 bytes]","args":[{"element-6066-11e4-a52e-4f735466cecf":"f.7175ED2F8B48EB9387EF736E08AAAD55.d.694EC5359114F51E8D1E88D45B9E39AE.e.18551"},"getText",[]]}
COMMAND: POST /session/39d2630e55d6b41de19dafc672cf7ebc/execute/async - {"script":"<script> [1562 bytes]","args":[{"selector":{"controlType":"sap.m.ObjectStatus","viewName":"etm.portal.ui.managecontracts.view.Detail","bindingPath":{"propertyPath":"LINK_TO_LOGISTICAL_STATUS/DESCRIPTION","modelName":"catalogModel"}},"wdio_ui5_key":"etmportal.ui.managecontracts.view.Detailsap.m.ObjectStatus{\"propertyPath\":\"LINK_TO_LOGISTICAL_STATUS/DESCRIPTION\",\"modelName\":\"catalogModel\"}"}]}
RESULT: {"script":"<script> [1562 bytes]","args":[{"selector":{"controlType":"sap.m.ObjectStatus","viewName":"etm.portal.ui.managecontracts.view.Detail","bindingPath":{"propertyPath":"LINK_TO_LOGISTICAL_STATUS/DESCRIPTION","modelName":"catalogModel"}},"wdio_ui5_key":"etmportal.ui.managecontracts.view.Detailsap.m.ObjectStatus{\"propertyPath\":\"LINK_TO_LOGISTICAL_STATUS/DESCRIPTION\",\"modelName\":\"catalogModel\"}"}]}
COMMAND: POST /session/39d2630e55d6b41de19dafc672cf7ebc/execute/async - {"script":"<script> [6424 bytes]","args":[{"element-6066-11e4-a52e-4f735466cecf":"f.7175ED2F8B48EB9387EF736E08AAAD55.d.694EC5359114F51E8D1E88D45B9E39AE.e.19020"},"getText",[]]}
RESULT: {"script":"<script> [6424 bytes]","args":[{"element-6066-11e4-a52e-4f735466cecf":"f.7175ED2F8B48EB9387EF736E08AAAD55.d.694EC5359114F51E8D1E88D45B9E39AE.e.19020"},"getText",[]]}
RESULT: undefined
COMMAND: POST /session/39d2630e55d6b41de19dafc672cf7ebc/execute/async - {"script":"<script> [6424 bytes]","args":[{"element-6066-11e4-a52e-4f735466cecf":"f.7175ED2F8B48EB9387EF736E08AAAD55.d.694EC5359114F51E8D1E88D45B9E39AE.e.18552"},"getText",[]]}
COMMAND: POST /session/39d2630e55d6b41de19dafc672cf7ebc/execute/async - {"script":"<script> [1562 bytes]","args":[{"selector":{"controlType":"sap.m.ObjectStatus","viewName":"etm.portal.ui.managecontracts.view.Detail","bindingPath":{"propertyPath":"LINK_TO_COMMERCIAL_STATUS/DESCRIPTION","modelName":"catalogModel"}},"wdio_ui5_key":"etmportal.ui.managecontracts.view.Detailsap.m.ObjectStatus{\"propertyPath\":\"LINK_TO_COMMERCIAL_STATUS/DESCRIPTION\",\"modelName\":\"catalogModel\"}"}]}
RESULT: {"script":"<script> [1562 bytes]","args":[{"selector":{"controlType":"sap.m.ObjectStatus","viewName":"etm.portal.ui.managecontracts.view.Detail","bindingPath":{"propertyPath":"LINK_TO_COMMERCIAL_STATUS/DESCRIPTION","modelName":"catalogModel"}},"wdio_ui5_key":"etmportal.ui.managecontracts.view.Detailsap.m.ObjectStatus{\"propertyPath\":\"LINK_TO_COMMERCIAL_STATUS/DESCRIPTION\",\"modelName\":\"catalogModel\"}"}]}
COMMAND: POST /session/39d2630e55d6b41de19dafc672cf7ebc/execute/async - {"script":"<script> [6424 bytes]","args":[{"element-6066-11e4-a52e-4f735466cecf":"f.7175ED2F8B48EB9387EF736E08AAAD55.d.694EC5359114F51E8D1E88D45B9E39AE.e.19021"},"getText",[]]}
RESULT: {"script":"<script> [6424 bytes]","args":[{"element-6066-11e4-a52e-4f735466cecf":"f.7175ED2F8B48EB9387EF736E08AAAD55.d.694EC5359114F51E8D1E88D45B9E39AE.e.19021"},"getText",[]]}
COMMAND: POST /session/39d2630e55d6b41de19dafc672cf7ebc/execute/async - {"script":"<script> [1562 bytes]","args":[{"selector":{"id":"backBtn"},"wdio_ui5_key":"backBtn"}]}
RESULT: {"script":"<script> [1562 bytes]","args":[{"selector":{"id":"backBtn"},"wdio_ui5_key":"backBtn"}]}
RESULT: undefined
COMMAND: POST /session/39d2630e55d6b41de19dafc672cf7ebc/element - {"using":"xpath","value":"//*[@id=\"backBtn\"]"}
RESULT: {"using":"xpath","value":"//*[@id=\"backBtn\"]"}
COMMAND: POST /session/39d2630e55d6b41de19dafc672cf7ebc/element/f.7175ED2F8B48EB9387EF736E08AAAD55.d.694EC5359114F51E8D1E88D45B9E39AE.e.19022/click - {}
RESULT: {}
COMMAND: GET /session/39d2630e55d6b41de19dafc672cf7ebc/screenshot - {}
COMMAND: POST /session/39d2630e55d6b41de19dafc672cf7ebc/execute/async - {"script":"<script> [1562 bytes]","args":[{"selector":{"controlType":"sap.m.Button","viewName":"etm.portal.ui.managehandovers.view.DetailExecuteHO","i18NText":{"propertyName":"text","key":"confirmAll"},"interaction":{"idSuffix":"BDI-content"}},"wdio_ui5_key":"etmportal.ui.managehandovers.view.DetailExecuteHOsap.m.Button{\"propertyName\":\"text\",\"key\":\"confirmAll\"}"}]}
RESULT: {}
RESULT: {"script":"<script> [1562 bytes]","args":[{"selector":{"controlType":"sap.m.Button","viewName":"etm.portal.ui.managehandovers.view.DetailExecuteHO","i18NText":{"propertyName":"text","key":"confirmAll"},"interaction":{"idSuffix":"BDI-content"}},"wdio_ui5_key":"etmportal.ui.managehandovers.view.DetailExecuteHOsap.m.Button{\"propertyName\":\"text\",\"key\":\"confirmAll\"}"}]}
RESULT: undefined
COMMAND: POST /session/39d2630e55d6b41de19dafc672cf7ebc/element - {"using":"xpath","value":"//*[@id=\"__button143\"]"}
RESULT: {"using":"xpath","value":"//*[@id=\"__button143\"]"}
COMMAND: POST /session/39d2630e55d6b41de19dafc672cf7ebc/element/f.7175ED2F8B48EB9387EF736E08AAAD55.d.694EC5359114F51E8D1E88D45B9E39AE.e.19317/click - {}
RESULT: {}
COMMAND: POST /session/39d2630e55d6b41de19dafc672cf7ebc/execute/async - {"script":"<script> [1562 bytes]","args":[{"selector":{"controlType":"sap.m.Button","properties":{"text":"OK"},"searchOpenDialogs":true,"interaction":{"idSuffix":"BDI-content"}},"wdio_ui5_key":"sapm.Button{\"text\":\"OK\"}"}]}
COMMAND: GET /session/39d2630e55d6b41de19dafc672cf7ebc/screenshot - {}
RESULT: {"script":"<script> [1562 bytes]","args":[{"selector":{"controlType":"sap.m.Button","properties":{"text":"OK"},"searchOpenDialogs":true,"interaction":{"idSuffix":"BDI-content"}},"wdio_ui5_key":"sapm.Button{\"text\":\"OK\"}"}]}
RESULT: undefined
COMMAND: POST /session/39d2630e55d6b41de19dafc672cf7ebc/element - {"using":"xpath","value":"//*[@id=\"__mbox-btn-0\"]"}
RESULT: {}
RESULT: {"using":"xpath","value":"//*[@id=\"__mbox-btn-0\"]"}
COMMAND: POST /session/39d2630e55d6b41de19dafc672cf7ebc/element/f.7175ED2F8B48EB9387EF736E08AAAD55.d.694EC5359114F51E8D1E88D45B9E39AE.e.19320/click - {}
RESULT: {}
COMMAND: GET /session/39d2630e55d6b41de19dafc672cf7ebc/screenshot - {}
RESULT: {}
COMMAND: POST /session/39d2630e55d6b41de19dafc672cf7ebc/element - {"using":"xpath","value":"//button[contains(@data-kt ,\"execHoIssueFooterButton\")]"}
RESULT: {"using":"xpath","value":"//button[contains(@data-kt ,\"execHoIssueFooterButton\")]"}
COMMAND: POST /session/39d2630e55d6b41de19dafc672cf7ebc/element/f.7175ED2F8B48EB9387EF736E08AAAD55.d.694EC5359114F51E8D1E88D45B9E39AE.e.19324/click - {}
RESULT: {}
COMMAND: GET /session/39d2630e55d6b41de19dafc672cf7ebc/screenshot - {}
RESULT: {}
COMMAND: POST /session/39d2630e55d6b41de19dafc672cf7ebc/refresh - {}
RESULT: {}
COMMAND: GET /session/39d2630e55d6b41de19dafc672cf7ebc/screenshot - {}
RESULT: {}
COMMAND: POST /session/39d2630e55d6b41de19dafc672cf7ebc/refresh - {}
RESULT: {}
COMMAND: GET /session/39d2630e55d6b41de19dafc672cf7ebc/screenshot - {}
RESULT: {}
COMMAND: POST /session/39d2630e55d6b41de19dafc672cf7ebc/window/fullscreen - {}
RESULT: {}
COMMAND: POST /session/39d2630e55d6b41de19dafc672cf7ebc/execute/async - {"script":"<script> [189 bytes]","args":[]}
RESULT: {"script":"<script> [189 bytes]","args":[]}
COMMAND: POST /session/39d2630e55d6b41de19dafc672cf7ebc/execute/async - {"script":"<script> [123 bytes]","args":[]}
RESULT: {"script":"<script> [123 bytes]","args":[]}
COMMAND: POST /session/39d2630e55d6b41de19dafc672cf7ebc/timeouts - {"script":"<number>"}
RESULT: {"script":"<number>"}
COMMAND: GET /session/39d2630e55d6b41de19dafc672cf7ebc/timeouts - {}
RESULT: {}
RESULT: undefined
COMMAND: POST /session/39d2630e55d6b41de19dafc672cf7ebc/execute/async - {"script":"<script> [2676 bytes]","args":[]}
RESULT: {"script":"<script> [2676 bytes]","args":[]}
COMMAND: POST /session/39d2630e55d6b41de19dafc672cf7ebc/execute/async - {"script":"<script> [2342 bytes]","args":[{"protocol":"http","hostname":"0.0.0.0","path":"/","capabilities":{"browserName":"chrome","goog:chromeOptions":{"binary":"C:\\Program Files\\Google\\Chrome\\Application\\chrome.exe","args":["--start-maximized"]}},"logLevel":"warn","connectionRetryTimeout":120000,"connectionRetryCount":3,"logLevels":{},"enableDirectConnect":true,"strictSSL":true,"_":"65 more keys: [\"cacheDir\",\"port\",\"requestedCapabilities\",\"automationProtocol\",\"baseUrl\",\"waitforInterval\",\"waitforTimeout\",\"onReload\",\"beforeCommand\",\"afterCommand\",\"rootDir\",\"specs\",\"suites\",\"exclude\",\"groupLogsByTestSpec\",\"excludeDriverLogs\",\"bail\",\"framework\",\"reporters\",\"services\",\"maxInstances\",\"maxInstancesPerCapability\",\"injectGlobals\",\"filesToWatch\",\"execArgv\",\"runnerEnv\",\"runner\",\"shard\",\"specFileRetries\",\"specFileRetriesDelay\",\"specFileRetriesDeferred\",\"reporterSyncInterval\",\"reporterSyncTimeout\",\"cucumberFeaturesWithLineNumbers\",\"autoCompileOpts\",\"mochaOpts\",\"jasmineOpts\",\"cucumberOpts\",\"onPrepare\",\"onWorkerStart\",\"onWorkerEnd\",\"before\",\"beforeSession\",\"beforeSuite\",\"beforeHook\",\"beforeTest\",\"afterTest\",\"afterHook\",\"afterSuite\",\"afterSession\",\"after\",\"onComplete\",\"beforeAssertion\",\"afterAssertion\",\"beforeFeature\",\"beforeScenario\",\"beforeStep\",\"afterStep\",\"afterScenario\",\"afterFeature\",\"_\",\"suite\",\"$0\",\"ignoredWorkerServices\",\"wdi5\"]"}]}
RESULT: {"script":"<script> [2342 bytes]","args":[{"protocol":"http","hostname":"0.0.0.0","path":"/","capabilities":{"browserName":"chrome","goog:chromeOptions":{"binary":"C:\\Program Files\\Google\\Chrome\\Application\\chrome.exe","args":["--start-maximized"]}},"logLevel":"warn","connectionRetryTimeout":120000,"connectionRetryCount":3,"logLevels":{},"enableDirectConnect":true,"strictSSL":true,"_":"65 more keys: [\"cacheDir\",\"port\",\"requestedCapabilities\",\"automationProtocol\",\"baseUrl\",\"waitforInterval\",\"waitforTimeout\",\"onReload\",\"beforeCommand\",\"afterCommand\",\"rootDir\",\"specs\",\"suites\",\"exclude\",\"groupLogsByTestSpec\",\"excludeDriverLogs\",\"bail\",\"framework\",\"reporters\",\"services\",\"maxInstances\",\"maxInstancesPerCapability\",\"injectGlobals\",\"filesToWatch\",\"execArgv\",\"runnerEnv\",\"runner\",\"shard\",\"specFileRetries\",\"specFileRetriesDelay\",\"specFileRetriesDeferred\",\"reporterSyncInterval\",\"reporterSyncTimeout\",\"cucumberFeaturesWithLineNumbers\",\"autoCompileOpts\",\"mochaOpts\",\"jasmineOpts\",\"cucumberOpts\",\"onPrepare\",\"onWorkerStart\",\"onWorkerEnd\",\"before\",\"beforeSession\",\"beforeSuite\",\"beforeHook\",\"beforeTest\",\"afterTest\",\"afterHook\",\"afterSuite\",\"afterSession\",\"after\",\"onComplete\",\"beforeAssertion\",\"afterAssertion\",\"beforeFeature\",\"beforeScenario\",\"beforeStep\",\"afterStep\",\"afterScenario\",\"afterFeature\",\"_\",\"suite\",\"$0\",\"ignoredWorkerServices\",\"wdi5\"]"}]}
COMMAND: POST /session/39d2630e55d6b41de19dafc672cf7ebc/execute/async - {"script":"<script> [21126 bytes]","args":[35000]}
RESULT: {"script":"<script> [21126 bytes]","args":[35000]}
COMMAND: POST /session/39d2630e55d6b41de19dafc672cf7ebc/execute/async - {"script":"<script> [1562 bytes]","args":[{"selector":{"controlType":"sap.m.SearchField","viewName":"etm.portal.ui.managehandovers.view.MasterHO","bindingPath":{"path":"","propertyPath":"/_BASIC_SEARCH_FIELD","modelName":"fi1t3rM0d31"},"interaction":{"idSuffix":"I"}},"wdio_ui5_key":"etmportal.ui.managehandovers.view.MasterHOsap.m.SearchField{\"path\":\"\",\"propertyPath\":\"/_BASIC_SEARCH_FIELD\",\"modelName\":\"fi1t3rM0d31\"}"}]}
RESULT: {"script":"<script> [1562 bytes]","args":[{"selector":{"controlType":"sap.m.SearchField","viewName":"etm.portal.ui.managehandovers.view.MasterHO","bindingPath":{"path":"","propertyPath":"/_BASIC_SEARCH_FIELD","modelName":"fi1t3rM0d31"},"interaction":{"idSuffix":"I"}},"wdio_ui5_key":"etmportal.ui.managehandovers.view.MasterHOsap.m.SearchField{\"path\":\"\",\"propertyPath\":\"/_BASIC_SEARCH_FIELD\",\"modelName\":\"fi1t3rM0d31\"}"}]}
RESULT: undefined
COMMAND: POST /session/39d2630e55d6b41de19dafc672cf7ebc/execute/async - {"script":"<script> [776 bytes]","args":[{"enterText":"30537","selector":{"controlType":"sap.m.SearchField","viewName":"etm.portal.ui.managehandovers.view.MasterHO","bindingPath":{"path":"","propertyPath":"/_BASIC_SEARCH_FIELD","modelName":"fi1t3rM0d31"},"interaction":{"idSuffix":"I"}},"clearTextFirst":true,"interactionType":"ENTER_TEXT"}]}
RESULT: {"script":"<script> [776 bytes]","args":[{"enterText":"30537","selector":{"controlType":"sap.m.SearchField","viewName":"etm.portal.ui.managehandovers.view.MasterHO","bindingPath":{"path":"","propertyPath":"/_BASIC_SEARCH_FIELD","modelName":"fi1t3rM0d31"},"interaction":{"idSuffix":"I"}},"clearTextFirst":true,"interactionType":"ENTER_TEXT"}]}
COMMAND: POST /session/39d2630e55d6b41de19dafc672cf7ebc/actions - {"actions":[{"id":"action85","type":"key","parameters":{},"actions":[{"type":"keyDown","value":"î€‡"},{"type":"pause","duration":10},{"type":"keyUp","value":"î€‡"}]}]}
RESULT: {"actions":[{"id":"action85","type":"key","parameters":{},"actions":[{"type":"keyDown","value":"î€‡"},{"type":"pause","duration":10},{"type":"keyUp","value":"î€‡"}]}]}
COMMAND: GET /session/39d2630e55d6b41de19dafc672cf7ebc/screenshot - {}
RESULT: {}
COMMAND: POST /session/39d2630e55d6b41de19dafc672cf7ebc/execute/async - {"script":"<script> [1562 bytes]","args":[{"selector":{"controlType":"sap.m.Title","viewName":"etm.portal.ui.managehandovers.view.MasterHO","properties":{"text":"Records (1)"}},"wdio_ui5_key":"etmportal.ui.managehandovers.view.MasterHOsap.m.Title{\"text\":\"Records (1)\"}"}]}
RESULT: {"script":"<script> [1562 bytes]","args":[{"selector":{"controlType":"sap.m.Title","viewName":"etm.portal.ui.managehandovers.view.MasterHO","properties":{"text":"Records (1)"}},"wdio_ui5_key":"etmportal.ui.managehandovers.view.MasterHOsap.m.Title{\"text\":\"Records (1)\"}"}]}
RESULT: undefined
COMMAND: POST /session/39d2630e55d6b41de19dafc672cf7ebc/execute/async - {"script":"<script> [6424 bytes]","args":[{"element-6066-11e4-a52e-4f735466cecf":"f.7175ED2F8B48EB9387EF736E08AAAD55.d.F0C32178283ABC0300AD8F5DE6637258.e.19510"},"getText",[]]}
RESULT: {"script":"<script> [6424 bytes]","args":[{"element-6066-11e4-a52e-4f735466cecf":"f.7175ED2F8B48EB9387EF736E08AAAD55.d.F0C32178283ABC0300AD8F5DE6637258.e.19510"},"getText",[]]}
COMMAND: POST /session/39d2630e55d6b41de19dafc672cf7ebc/execute/async - {"script":"<script> [1562 bytes]","args":[{"selector":{"controlType":"sap.ui.core.Icon","viewName":"etm.portal.ui.managehandovers.view.MasterHO","properties":{"src":{"regex":{"source":"slim\\-arrow\\-right"}}}},"wdio_ui5_key":"etmportal.ui.managehandovers.view.MasterHOsap.ui.core.Icon{\"src\":{\"regex\":{\"source\":\"slim\\\\-arrow\\\\-right\"}}}"}]}
RESULT: {"script":"<script> [1562 bytes]","args":[{"selector":{"controlType":"sap.ui.core.Icon","viewName":"etm.portal.ui.managehandovers.view.MasterHO","properties":{"src":{"regex":{"source":"slim\\-arrow\\-right"}}}},"wdio_ui5_key":"etmportal.ui.managehandovers.view.MasterHOsap.ui.core.Icon{\"src\":{\"regex\":{\"source\":\"slim\\\\-arrow\\\\-right\"}}}"}]}
RESULT: undefined
COMMAND: POST /session/39d2630e55d6b41de19dafc672cf7ebc/element - {"using":"xpath","value":"//*[@id=\"__item20-__clone16-imgNav\"]"}
RESULT: {"using":"xpath","value":"//*[@id=\"__item20-__clone16-imgNav\"]"}
COMMAND: POST /session/39d2630e55d6b41de19dafc672cf7ebc/element/f.7175ED2F8B48EB9387EF736E08AAAD55.d.F0C32178283ABC0300AD8F5DE6637258.e.19509/click - {}
RESULT: {}
COMMAND: GET /session/39d2630e55d6b41de19dafc672cf7ebc/screenshot - {}
RESULT: {}
COMMAND: POST /session/39d2630e55d6b41de19dafc672cf7ebc/execute/async - {"script":"<script> [1562 bytes]","args":[{"selector":{"controlType":"sap.m.ObjectStatus","viewName":"etm.portal.ui.managehandovers.view.DetailManageHO","viewId":"application-managehandovers-display-component---detailManageHO","labelFor":{"text":"Status"}},"wdio_ui5_key":"etmportal.ui.managehandovers.view.DetailManageHOsap.m.ObjectStatus{\"text\":\"Status\"}"}]}
RESULT: {"script":"<script> [1562 bytes]","args":[{"selector":{"controlType":"sap.m.ObjectStatus","viewName":"etm.portal.ui.managehandovers.view.DetailManageHO","viewId":"application-managehandovers-display-component---detailManageHO","labelFor":{"text":"Status"}},"wdio_ui5_key":"etmportal.ui.managehandovers.view.DetailManageHOsap.m.ObjectStatus{\"text\":\"Status\"}"}]}
RESULT: undefined
COMMAND: POST /session/39d2630e55d6b41de19dafc672cf7ebc/execute/async - {"script":"<script> [6424 bytes]","args":[{"element-6066-11e4-a52e-4f735466cecf":"f.7175ED2F8B48EB9387EF736E08AAAD55.d.F0C32178283ABC0300AD8F5DE6637258.e.19595"},"getText",[]]}
RESULT: {"script":"<script> [6424 bytes]","args":[{"element-6066-11e4-a52e-4f735466cecf":"f.7175ED2F8B48EB9387EF736E08AAAD55.d.F0C32178283ABC0300AD8F5DE6637258.e.19595"},"getText",[]]}
COMMAND: POST /session/39d2630e55d6b41de19dafc672cf7ebc/element - {"using":"xpath","value":"//a[contains(@data-kt ,\"GeneralSectionSendContractLink\")]"}
RESULT: {"using":"xpath","value":"//a[contains(@data-kt ,\"GeneralSectionSendContractLink\")]"}
COMMAND: POST /session/39d2630e55d6b41de19dafc672cf7ebc/element/f.7175ED2F8B48EB9387EF736E08AAAD55.d.F0C32178283ABC0300AD8F5DE6637258.e.19596/click - {}
RESULT: {}
COMMAND: GET /session/39d2630e55d6b41de19dafc672cf7ebc/screenshot - {}
RESULT: {}
COMMAND: POST /session/39d2630e55d6b41de19dafc672cf7ebc/elements - {"using":"xpath","value":"//a[contains(@data-kt ,\"ContextMenuId2Link\")]"}
RESULT: {"using":"xpath","value":"//a[contains(@data-kt ,\"ContextMenuId2Link\")]"}
COMMAND: POST /session/39d2630e55d6b41de19dafc672cf7ebc/element/f.7175ED2F8B48EB9387EF736E08AAAD55.d.694EC5359114F51E8D1E88D45B9E39AE.e.18799/click - {}
COMMAND: POST /session/39d2630e55d6b41de19dafc672cf7ebc/element - {"using":"xpath","value":"//a[contains(@data-kt ,\"ContextMenuId2Link\")]"}
RESULT: {"using":"xpath","value":"//a[contains(@data-kt ,\"ContextMenuId2Link\")]"}
COMMAND: POST /session/39d2630e55d6b41de19dafc672cf7ebc/element/f.7175ED2F8B48EB9387EF736E08AAAD55.d.694EC5359114F51E8D1E88D45B9E39AE.e.18799/click - {}
COMMAND: POST /session/39d2630e55d6b41de19dafc672cf7ebc/element - {"using":"xpath","value":"//a[contains(@data-kt ,\"ContextMenuId2Link\")]"}
RESULT: {"using":"xpath","value":"//a[contains(@data-kt ,\"ContextMenuId2Link\")]"}
COMMAND: POST /session/39d2630e55d6b41de19dafc672cf7ebc/element/f.7175ED2F8B48EB9387EF736E08AAAD55.d.F0C32178283ABC0300AD8F5DE6637258.e.19599/click - {}
RESULT: {}
COMMAND: GET /session/39d2630e55d6b41de19dafc672cf7ebc/screenshot - {}
RESULT: {}
COMMAND: POST /session/39d2630e55d6b41de19dafc672cf7ebc/execute/async - {"script":"<script> [1562 bytes]","args":[{"selector":{"controlType":"sap.m.ObjectStatus","viewName":"etm.portal.ui.managecontracts.view.Detail","bindingPath":{"propertyPath":"LINK_TO_COMMERCIAL_STATUS/DESCRIPTION","modelName":"catalogModel"}},"wdio_ui5_key":"etmportal.ui.managecontracts.view.Detailsap.m.ObjectStatus{\"propertyPath\":\"LINK_TO_COMMERCIAL_STATUS/DESCRIPTION\",\"modelName\":\"catalogModel\"}"}]}
RESULT: {"script":"<script> [1562 bytes]","args":[{"selector":{"controlType":"sap.m.ObjectStatus","viewName":"etm.portal.ui.managecontracts.view.Detail","bindingPath":{"propertyPath":"LINK_TO_COMMERCIAL_STATUS/DESCRIPTION","modelName":"catalogModel"}},"wdio_ui5_key":"etmportal.ui.managecontracts.view.Detailsap.m.ObjectStatus{\"propertyPath\":\"LINK_TO_COMMERCIAL_STATUS/DESCRIPTION\",\"modelName\":\"catalogModel\"}"}]}
RESULT: undefined
COMMAND: POST /session/39d2630e55d6b41de19dafc672cf7ebc/execute/async - {"script":"<script> [6424 bytes]","args":[{"element-6066-11e4-a52e-4f735466cecf":"f.7175ED2F8B48EB9387EF736E08AAAD55.d.F0C32178283ABC0300AD8F5DE6637258.e.19834"},"getText",[]]}
RESULT: {"script":"<script> [6424 bytes]","args":[{"element-6066-11e4-a52e-4f735466cecf":"f.7175ED2F8B48EB9387EF736E08AAAD55.d.F0C32178283ABC0300AD8F5DE6637258.e.19834"},"getText",[]]}
COMMAND: POST /session/39d2630e55d6b41de19dafc672cf7ebc/execute/async - {"script":"<script> [1562 bytes]","args":[{"selector":{"controlType":"sap.m.ObjectStatus","viewName":"etm.portal.ui.managecontracts.view.Detail","bindingPath":{"propertyPath":"LINK_TO_LOGISTICAL_STATUS/DESCRIPTION","modelName":"catalogModel"}},"wdio_ui5_key":"etmportal.ui.managecontracts.view.Detailsap.m.ObjectStatus{\"propertyPath\":\"LINK_TO_LOGISTICAL_STATUS/DESCRIPTION\",\"modelName\":\"catalogModel\"}"}]}
RESULT: {"script":"<script> [1562 bytes]","args":[{"selector":{"controlType":"sap.m.ObjectStatus","viewName":"etm.portal.ui.managecontracts.view.Detail","bindingPath":{"propertyPath":"LINK_TO_LOGISTICAL_STATUS/DESCRIPTION","modelName":"catalogModel"}},"wdio_ui5_key":"etmportal.ui.managecontracts.view.Detailsap.m.ObjectStatus{\"propertyPath\":\"LINK_TO_LOGISTICAL_STATUS/DESCRIPTION\",\"modelName\":\"catalogModel\"}"}]}
RESULT: undefined
COMMAND: POST /session/39d2630e55d6b41de19dafc672cf7ebc/execute/async - {"script":"<script> [6424 bytes]","args":[{"element-6066-11e4-a52e-4f735466cecf":"f.7175ED2F8B48EB9387EF736E08AAAD55.d.F0C32178283ABC0300AD8F5DE6637258.e.19835"},"getText",[]]}
RESULT: {"script":"<script> [6424 bytes]","args":[{"element-6066-11e4-a52e-4f735466cecf":"f.7175ED2F8B48EB9387EF736E08AAAD55.d.F0C32178283ABC0300AD8F5DE6637258.e.19835"},"getText",[]]}
COMMAND: POST /session/39d2630e55d6b41de19dafc672cf7ebc/element - {"using":"xpath","value":"//button[@data-kt=\"contractDetailEditBtnButton\"]"}
RESULT: {"using":"xpath","value":"//button[@data-kt=\"contractDetailEditBtnButton\"]"}
COMMAND: POST /session/39d2630e55d6b41de19dafc672cf7ebc/element/f.7175ED2F8B48EB9387EF736E08AAAD55.d.F0C32178283ABC0300AD8F5DE6637258.e.19662/click - {}
RESULT: {}
COMMAND: GET /session/39d2630e55d6b41de19dafc672cf7ebc/screenshot - {}
RESULT: {}
COMMAND: POST /session/39d2630e55d6b41de19dafc672cf7ebc/element - {"using":"xpath","value":"(//span[contains(text(), \"Additional Addresses\")])[2]"}
RESULT: {"using":"xpath","value":"(//span[contains(text(), \"Additional Addresses\")])[2]"}
COMMAND: POST /session/39d2630e55d6b41de19dafc672cf7ebc/element/f.7175ED2F8B48EB9387EF736E08AAAD55.d.F0C32178283ABC0300AD8F5DE6637258.e.19894/click - {}
RESULT: {}
COMMAND: GET /session/39d2630e55d6b41de19dafc672cf7ebc/screenshot - {}
RESULT: {}
COMMAND: POST /session/39d2630e55d6b41de19dafc672cf7ebc/element - {"using":"xpath","value":"//button[@data-kt=\"btnAddTableRowOverflowToolbarButton\"]"}
RESULT: {"using":"xpath","value":"//button[@data-kt=\"btnAddTableRowOverflowToolbarButton\"]"}
COMMAND: POST /session/39d2630e55d6b41de19dafc672cf7ebc/element/f.7175ED2F8B48EB9387EF736E08AAAD55.d.F0C32178283ABC0300AD8F5DE6637258.e.19898/click - {}
RESULT: {}
COMMAND: GET /session/39d2630e55d6b41de19dafc672cf7ebc/screenshot - {}
RESULT: {}
COMMAND: POST /session/39d2630e55d6b41de19dafc672cf7ebc/element - {"using":"xpath","value":"//div[(text() = 'Standard Entry' or . = 'Standard Entry')]"}
RESULT: {"using":"xpath","value":"//div[(text() = 'Standard Entry' or . = 'Standard Entry')]"}
COMMAND: POST /session/39d2630e55d6b41de19dafc672cf7ebc/element/f.7175ED2F8B48EB9387EF736E08AAAD55.d.F0C32178283ABC0300AD8F5DE6637258.e.19900/click - {}
RESULT: {}
COMMAND: POST /session/39d2630e55d6b41de19dafc672cf7ebc/execute/async - {"script":"<script> [1562 bytes]","args":[{"selector":{"controlType":"sap.ui.core.Icon","viewName":"etm.portal.ui.managecontracts.view.EditContract","properties":{"src":{"regex":{"source":"slim\\-arrow\\-down"}}},"ancestor":{"controlType":"sap.m.ComboBox","viewName":"etm.portal.ui.managecontracts.view.EditContract","bindingPath":{"propertyPath":"RU_TYPE","modelName":"catalogModel"}}},"wdio_ui5_key":"etmportal.ui.managecontracts.view.EditContractsap.ui.core.Icon{\"src\":{\"regex\":{\"source\":\"slim\\\\-arrow\\\\-down\"}}}{\"controlType\":\"sap.m.ComboBox\",\"viewName\":\"etm.portal.ui.managecontracts.view.EditContract\",\"bindingPath\":{\"propertyPath\":\"RU_TYPE\",\"modelName\":\"catalogModel\"}}"}]}
COMMAND: GET /session/39d2630e55d6b41de19dafc672cf7ebc/screenshot - {}
RESULT: {"script":"<script> [1562 bytes]","args":[{"selector":{"controlType":"sap.ui.core.Icon","viewName":"etm.portal.ui.managecontracts.view.EditContract","properties":{"src":{"regex":{"source":"slim\\-arrow\\-down"}}},"ancestor":{"controlType":"sap.m.ComboBox","viewName":"etm.portal.ui.managecontracts.view.EditContract","bindingPath":{"propertyPath":"RU_TYPE","modelName":"catalogModel"}}},"wdio_ui5_key":"etmportal.ui.managecontracts.view.EditContractsap.ui.core.Icon{\"src\":{\"regex\":{\"source\":\"slim\\\\-arrow\\\\-down\"}}}{\"controlType\":\"sap.m.ComboBox\",\"viewName\":\"etm.portal.ui.managecontracts.view.EditContract\",\"bindingPath\":{\"propertyPath\":\"RU_TYPE\",\"modelName\":\"catalogModel\"}}"}]}
RESULT: undefined
COMMAND: POST /session/39d2630e55d6b41de19dafc672cf7ebc/element - {"using":"xpath","value":"//*[@id=\"__box20-arrow\"]"}
RESULT: {}
RESULT: {"using":"xpath","value":"//*[@id=\"__box20-arrow\"]"}
COMMAND: POST /session/39d2630e55d6b41de19dafc672cf7ebc/element/f.7175ED2F8B48EB9387EF736E08AAAD55.d.F0C32178283ABC0300AD8F5DE6637258.e.19915/click - {}
RESULT: {}
COMMAND: POST /session/39d2630e55d6b41de19dafc672cf7ebc/execute/async - {"script":"<script> [1562 bytes]","args":[{"selector":{"controlType":"sap.m.StandardListItem","viewName":"etm.portal.ui.managecontracts.view.EditContract","properties":{"title":"Material"},"searchOpenDialogs":true,"interaction":{"idSuffix":"content"}},"wdio_ui5_key":"etmportal.ui.managecontracts.view.EditContractsap.m.StandardListItem{\"title\":\"Material\"}"}]}
COMMAND: GET /session/39d2630e55d6b41de19dafc672cf7ebc/screenshot - {}
RESULT: {"script":"<script> [1562 bytes]","args":[{"selector":{"controlType":"sap.m.StandardListItem","viewName":"etm.portal.ui.managecontracts.view.EditContract","properties":{"title":"Material"},"searchOpenDialogs":true,"interaction":{"idSuffix":"content"}},"wdio_ui5_key":"etmportal.ui.managecontracts.view.EditContractsap.m.StandardListItem{\"title\":\"Material\"}"}]}
RESULT: undefined
COMMAND: POST /session/39d2630e55d6b41de19dafc672cf7ebc/element - {"using":"xpath","value":"//*[@id=\"__item96\"]"}
RESULT: {}
RESULT: {"using":"xpath","value":"//*[@id=\"__item96\"]"}
COMMAND: POST /session/39d2630e55d6b41de19dafc672cf7ebc/element/f.7175ED2F8B48EB9387EF736E08AAAD55.d.F0C32178283ABC0300AD8F5DE6637258.e.19918/click - {}
RESULT: {}
COMMAND: POST /session/39d2630e55d6b41de19dafc672cf7ebc/element - {"using":"xpath","value":"//td[7]/div/div/input"}
COMMAND: GET /session/39d2630e55d6b41de19dafc672cf7ebc/screenshot - {}
RESULT: {"using":"xpath","value":"//td[7]/div/div/input"}
COMMAND: POST /session/39d2630e55d6b41de19dafc672cf7ebc/element/f.7175ED2F8B48EB9387EF736E08AAAD55.d.F0C32178283ABC0300AD8F5DE6637258.e.19921/clear - {}
RESULT: {}
RESULT: {}
COMMAND: POST /session/39d2630e55d6b41de19dafc672cf7ebc/element/f.7175ED2F8B48EB9387EF736E08AAAD55.d.F0C32178283ABC0300AD8F5DE6637258.e.19921/value - {"text":"WebdriverRUR2Cdj5ss"}
COMMAND: GET /session/39d2630e55d6b41de19dafc672cf7ebc/screenshot - {}
RESULT: {"text":"WebdriverRUR2Cdj5ss"}
COMMAND: GET /session/39d2630e55d6b41de19dafc672cf7ebc/screenshot - {}
RESULT: {}
RESULT: {}
COMMAND: POST /session/39d2630e55d6b41de19dafc672cf7ebc/actions - {"actions":[{"id":"action86","type":"key","parameters":{},"actions":[{"type":"keyDown","value":"î€‡"},{"type":"pause","duration":10},{"type":"keyUp","value":"î€‡"}]}]}
RESULT: {"actions":[{"id":"action86","type":"key","parameters":{},"actions":[{"type":"keyDown","value":"î€‡"},{"type":"pause","duration":10},{"type":"keyUp","value":"î€‡"}]}]}
COMMAND: GET /session/39d2630e55d6b41de19dafc672cf7ebc/screenshot - {}
RESULT: {}
COMMAND: POST /session/39d2630e55d6b41de19dafc672cf7ebc/element - {"using":"xpath","value":"//button[@data-kt=\"saveButton\"]"}
RESULT: {"using":"xpath","value":"//button[@data-kt=\"saveButton\"]"}
COMMAND: POST /session/39d2630e55d6b41de19dafc672cf7ebc/element/f.7175ED2F8B48EB9387EF736E08AAAD55.d.F0C32178283ABC0300AD8F5DE6637258.e.19944/click - {}
RESULT: {}
COMMAND: GET /session/39d2630e55d6b41de19dafc672cf7ebc/screenshot - {}
RESULT: {}
RESULT: undefined
COMMAND: POST /session/39d2630e55d6b41de19dafc672cf7ebc/execute/async - {"script":"<script> [6424 bytes]","args":[{"element-6066-11e4-a52e-4f735466cecf":"f.7175ED2F8B48EB9387EF736E08AAAD55.d.F0C32178283ABC0300AD8F5DE6637258.e.19835"},"getText",[]]}
RESULT: {"script":"<script> [6424 bytes]","args":[{"element-6066-11e4-a52e-4f735466cecf":"f.7175ED2F8B48EB9387EF736E08AAAD55.d.F0C32178283ABC0300AD8F5DE6637258.e.19835"},"getText",[]]}
COMMAND: DELETE /session/39d2630e55d6b41de19dafc672cf7ebc - {}
RESULT: {}
]]></system-out>
    </testcase>
  </testsuite>
</testsuites>