<?xml version="1.0" encoding="UTF-8"?>
<testsuites tests="11" failures="0" errors="0" skipped="0">
  <testsuite timestamp="2025-04-17T17:31:53" time="1354.707" tests="11" failures="0" errors="0" skipped="0">
    <properties>
      <property name="specId" value="0"/>
      <property name="suiteName" value="Partner specific tests US150819 US151080 US151654 US151176 US103444 US151078 US151079 US151109 US151174 US151175 US151189"/>
      <property name="capabilities" value="chrome.135_0_7049_42.windows"/>
      <property name="file" value="file:///D:/a/1/s/test/specs/BTS/manage-partners.spec.js"/>
    </properties>
    <testcase classname="chrome.135_0_7049_42.windows.Partner_specific_tests_US150819_US151080_US151654_US151176_US103444_US151078_US151079_US151109_US151174_US151175_US151189" name="Should create a new yard prerequisite" time="123.327">
      <system-out><![CDATA[
COMMAND: POST /session/7f1686e11a340d92304ee7762c65784d/window/fullscreen - {}
RESULT: {}
COMMAND: POST /session/7f1686e11a340d92304ee7762c65784d/element - {"using":"xpath","value":"//li[.//span[text()=\"Manage Partners\"]]"}
RESULT: {"using":"xpath","value":"//li[.//span[text()=\"Manage Partners\"]]"}
COMMAND: POST /session/7f1686e11a340d92304ee7762c65784d/element - {"using":"xpath","value":"//li[.//span[text()=\"Manage Partners\"]]"}
RESULT: {"using":"xpath","value":"//li[.//span[text()=\"Manage Partners\"]]"}
COMMAND: POST /session/7f1686e11a340d92304ee7762c65784d/element - {"using":"css selector","value":"#shell-header-logo"}
RESULT: {"using":"css selector","value":"#shell-header-logo"}
COMMAND: POST /session/7f1686e11a340d92304ee7762c65784d/element/f.45271FC9FC22FBF7EF0A590A71DD44AE.d.1C143C3B8B43AA02955E9B5EEAD5EA6F.e.276/click - {}
COMMAND: POST /session/7f1686e11a340d92304ee7762c65784d/execute/sync - {"script":"<script> [8489 bytes]","args":[{"element-6066-11e4-a52e-4f735466cecf":"f.45271FC9FC22FBF7EF0A590A71DD44AE.d.1C143C3B8B43AA02955E9B5EEAD5EA6F.e.276","ELEMENT":"f.45271FC9FC22FBF7EF0A590A71DD44AE.d.1C143C3B8B43AA02955E9B5EEAD5EA6F.e.276"}]}
RESULT: {"script":"<script> [8489 bytes]","args":[{"element-6066-11e4-a52e-4f735466cecf":"f.45271FC9FC22FBF7EF0A590A71DD44AE.d.1C143C3B8B43AA02955E9B5EEAD5EA6F.e.276","ELEMENT":"f.45271FC9FC22FBF7EF0A590A71DD44AE.d.1C143C3B8B43AA02955E9B5EEAD5EA6F.e.276"}]}
COMMAND: POST /session/7f1686e11a340d92304ee7762c65784d/execute/sync - {"script":"<script> [5351 bytes]","args":[{"element-6066-11e4-a52e-4f735466cecf":"f.45271FC9FC22FBF7EF0A590A71DD44AE.d.1C143C3B8B43AA02955E9B5EEAD5EA6F.e.276","ELEMENT":"f.45271FC9FC22FBF7EF0A590A71DD44AE.d.1C143C3B8B43AA02955E9B5EEAD5EA6F.e.276"}]}
COMMAND: GET /session/7f1686e11a340d92304ee7762c65784d/screenshot - {}
RESULT: {}
COMMAND: GET /session/7f1686e11a340d92304ee7762c65784d/screenshot - {}
RESULT: {"script":"<script> [5351 bytes]","args":[{"element-6066-11e4-a52e-4f735466cecf":"f.45271FC9FC22FBF7EF0A590A71DD44AE.d.1C143C3B8B43AA02955E9B5EEAD5EA6F.e.276","ELEMENT":"f.45271FC9FC22FBF7EF0A590A71DD44AE.d.1C143C3B8B43AA02955E9B5EEAD5EA6F.e.276"}]}
COMMAND: GET /session/7f1686e11a340d92304ee7762c65784d/screenshot - {}
RESULT: {}
RESULT: {}
RESULT: {}
COMMAND: POST /session/7f1686e11a340d92304ee7762c65784d/execute/async - {"script":"<script> [1562 bytes]","args":[{"selector":{"controlType":"sap.m.GenericTile","properties":{"header":"Manage Yards"}},"wdio_ui5_key":"sapm.GenericTile{\"header\":\"Manage Yards\"}"}]}
RESULT: {"script":"<script> [1562 bytes]","args":[{"selector":{"controlType":"sap.m.GenericTile","properties":{"header":"Manage Yards"}},"wdio_ui5_key":"sapm.GenericTile{\"header\":\"Manage Yards\"}"}]}
RESULT: undefined
COMMAND: POST /session/7f1686e11a340d92304ee7762c65784d/element - {"using":"xpath","value":"//*[@id=\"__tile41\"]"}
RESULT: {"using":"xpath","value":"//*[@id=\"__tile41\"]"}
COMMAND: POST /session/7f1686e11a340d92304ee7762c65784d/element/f.45271FC9FC22FBF7EF0A590A71DD44AE.d.1C143C3B8B43AA02955E9B5EEAD5EA6F.e.178/click - {}
RESULT: {}
COMMAND: POST /session/7f1686e11a340d92304ee7762c65784d/element - {"using":"xpath","value":"//button[@data-kt=\"addNewYardOverflowToolbarButton\"]"}
COMMAND: GET /session/7f1686e11a340d92304ee7762c65784d/screenshot - {}
RESULT: {"using":"xpath","value":"//button[@data-kt=\"addNewYardOverflowToolbarButton\"]"}
COMMAND: POST /session/7f1686e11a340d92304ee7762c65784d/elements - {"using":"xpath","value":"//button[@data-kt=\"addNewYardOverflowToolbarButton\"]"}
RESULT: {}
RESULT: {"using":"xpath","value":"//button[@data-kt=\"addNewYardOverflowToolbarButton\"]"}
COMMAND: POST /session/7f1686e11a340d92304ee7762c65784d/elements - {"using":"xpath","value":"//button[@data-kt=\"addNewYardOverflowToolbarButton\"]"}
RESULT: {"using":"xpath","value":"//button[@data-kt=\"addNewYardOverflowToolbarButton\"]"}
COMMAND: POST /session/7f1686e11a340d92304ee7762c65784d/elements - {"using":"xpath","value":"//button[@data-kt=\"addNewYardOverflowToolbarButton\"]"}
RESULT: {"using":"xpath","value":"//button[@data-kt=\"addNewYardOverflowToolbarButton\"]"}
COMMAND: POST /session/7f1686e11a340d92304ee7762c65784d/elements - {"using":"xpath","value":"//button[@data-kt=\"addNewYardOverflowToolbarButton\"]"}
RESULT: {"using":"xpath","value":"//button[@data-kt=\"addNewYardOverflowToolbarButton\"]"}
COMMAND: POST /session/7f1686e11a340d92304ee7762c65784d/elements - {"using":"xpath","value":"//button[@data-kt=\"addNewYardOverflowToolbarButton\"]"}
RESULT: {"using":"xpath","value":"//button[@data-kt=\"addNewYardOverflowToolbarButton\"]"}
COMMAND: POST /session/7f1686e11a340d92304ee7762c65784d/elements - {"using":"xpath","value":"//button[@data-kt=\"addNewYardOverflowToolbarButton\"]"}
RESULT: {"using":"xpath","value":"//button[@data-kt=\"addNewYardOverflowToolbarButton\"]"}
COMMAND: POST /session/7f1686e11a340d92304ee7762c65784d/elements - {"using":"xpath","value":"//button[@data-kt=\"addNewYardOverflowToolbarButton\"]"}
RESULT: {"using":"xpath","value":"//button[@data-kt=\"addNewYardOverflowToolbarButton\"]"}
COMMAND: POST /session/7f1686e11a340d92304ee7762c65784d/elements - {"using":"xpath","value":"//button[@data-kt=\"addNewYardOverflowToolbarButton\"]"}
RESULT: {"using":"xpath","value":"//button[@data-kt=\"addNewYardOverflowToolbarButton\"]"}
COMMAND: POST /session/7f1686e11a340d92304ee7762c65784d/elements - {"using":"xpath","value":"//button[@data-kt=\"addNewYardOverflowToolbarButton\"]"}
RESULT: {"using":"xpath","value":"//button[@data-kt=\"addNewYardOverflowToolbarButton\"]"}
COMMAND: POST /session/7f1686e11a340d92304ee7762c65784d/elements - {"using":"xpath","value":"//button[@data-kt=\"addNewYardOverflowToolbarButton\"]"}
RESULT: {"using":"xpath","value":"//button[@data-kt=\"addNewYardOverflowToolbarButton\"]"}
COMMAND: POST /session/7f1686e11a340d92304ee7762c65784d/elements - {"using":"xpath","value":"//button[@data-kt=\"addNewYardOverflowToolbarButton\"]"}
RESULT: {"using":"xpath","value":"//button[@data-kt=\"addNewYardOverflowToolbarButton\"]"}
COMMAND: POST /session/7f1686e11a340d92304ee7762c65784d/elements - {"using":"xpath","value":"//button[@data-kt=\"addNewYardOverflowToolbarButton\"]"}
RESULT: {"using":"xpath","value":"//button[@data-kt=\"addNewYardOverflowToolbarButton\"]"}
COMMAND: POST /session/7f1686e11a340d92304ee7762c65784d/elements - {"using":"xpath","value":"//button[@data-kt=\"addNewYardOverflowToolbarButton\"]"}
RESULT: {"using":"xpath","value":"//button[@data-kt=\"addNewYardOverflowToolbarButton\"]"}
COMMAND: POST /session/7f1686e11a340d92304ee7762c65784d/elements - {"using":"xpath","value":"//button[@data-kt=\"addNewYardOverflowToolbarButton\"]"}
RESULT: {"using":"xpath","value":"//button[@data-kt=\"addNewYardOverflowToolbarButton\"]"}
COMMAND: POST /session/7f1686e11a340d92304ee7762c65784d/elements - {"using":"xpath","value":"//button[@data-kt=\"addNewYardOverflowToolbarButton\"]"}
RESULT: {"using":"xpath","value":"//button[@data-kt=\"addNewYardOverflowToolbarButton\"]"}
COMMAND: POST /session/7f1686e11a340d92304ee7762c65784d/elements - {"using":"xpath","value":"//button[@data-kt=\"addNewYardOverflowToolbarButton\"]"}
RESULT: {"using":"xpath","value":"//button[@data-kt=\"addNewYardOverflowToolbarButton\"]"}
COMMAND: POST /session/7f1686e11a340d92304ee7762c65784d/elements - {"using":"xpath","value":"//button[@data-kt=\"addNewYardOverflowToolbarButton\"]"}
RESULT: {"using":"xpath","value":"//button[@data-kt=\"addNewYardOverflowToolbarButton\"]"}
COMMAND: POST /session/7f1686e11a340d92304ee7762c65784d/elements - {"using":"xpath","value":"//button[@data-kt=\"addNewYardOverflowToolbarButton\"]"}
RESULT: {"using":"xpath","value":"//button[@data-kt=\"addNewYardOverflowToolbarButton\"]"}
COMMAND: POST /session/7f1686e11a340d92304ee7762c65784d/elements - {"using":"xpath","value":"//button[@data-kt=\"addNewYardOverflowToolbarButton\"]"}
RESULT: {"using":"xpath","value":"//button[@data-kt=\"addNewYardOverflowToolbarButton\"]"}
COMMAND: POST /session/7f1686e11a340d92304ee7762c65784d/elements - {"using":"xpath","value":"//button[@data-kt=\"addNewYardOverflowToolbarButton\"]"}
RESULT: {"using":"xpath","value":"//button[@data-kt=\"addNewYardOverflowToolbarButton\"]"}
COMMAND: POST /session/7f1686e11a340d92304ee7762c65784d/elements - {"using":"xpath","value":"//button[@data-kt=\"addNewYardOverflowToolbarButton\"]"}
RESULT: {"using":"xpath","value":"//button[@data-kt=\"addNewYardOverflowToolbarButton\"]"}
COMMAND: POST /session/7f1686e11a340d92304ee7762c65784d/elements - {"using":"xpath","value":"//button[@data-kt=\"addNewYardOverflowToolbarButton\"]"}
RESULT: {"using":"xpath","value":"//button[@data-kt=\"addNewYardOverflowToolbarButton\"]"}
COMMAND: POST /session/7f1686e11a340d92304ee7762c65784d/elements - {"using":"xpath","value":"//button[@data-kt=\"addNewYardOverflowToolbarButton\"]"}
RESULT: {"using":"xpath","value":"//button[@data-kt=\"addNewYardOverflowToolbarButton\"]"}
COMMAND: POST /session/7f1686e11a340d92304ee7762c65784d/elements - {"using":"xpath","value":"//button[@data-kt=\"addNewYardOverflowToolbarButton\"]"}
RESULT: {"using":"xpath","value":"//button[@data-kt=\"addNewYardOverflowToolbarButton\"]"}
COMMAND: POST /session/7f1686e11a340d92304ee7762c65784d/element - {"using":"xpath","value":"//button[@data-kt=\"addNewYardOverflowToolbarButton\"]"}
RESULT: {"using":"xpath","value":"//button[@data-kt=\"addNewYardOverflowToolbarButton\"]"}
COMMAND: POST /session/7f1686e11a340d92304ee7762c65784d/execute/sync - {"script":"<script> [8489 bytes]","args":[{"element-6066-11e4-a52e-4f735466cecf":"f.45271FC9FC22FBF7EF0A590A71DD44AE.d.1C143C3B8B43AA02955E9B5EEAD5EA6F.e.309","ELEMENT":"f.45271FC9FC22FBF7EF0A590A71DD44AE.d.1C143C3B8B43AA02955E9B5EEAD5EA6F.e.309"}]}
RESULT: {"script":"<script> [8489 bytes]","args":[{"element-6066-11e4-a52e-4f735466cecf":"f.45271FC9FC22FBF7EF0A590A71DD44AE.d.1C143C3B8B43AA02955E9B5EEAD5EA6F.e.309","ELEMENT":"f.45271FC9FC22FBF7EF0A590A71DD44AE.d.1C143C3B8B43AA02955E9B5EEAD5EA6F.e.309"}]}
COMMAND: GET /session/7f1686e11a340d92304ee7762c65784d/element/f.45271FC9FC22FBF7EF0A590A71DD44AE.d.1C143C3B8B43AA02955E9B5EEAD5EA6F.e.309/enabled - {}
COMMAND: GET /session/7f1686e11a340d92304ee7762c65784d/screenshot - {}
RESULT: {}
COMMAND: POST /session/7f1686e11a340d92304ee7762c65784d/execute/sync - {"script":"<script> [8489 bytes]","args":[{"element-6066-11e4-a52e-4f735466cecf":"f.45271FC9FC22FBF7EF0A590A71DD44AE.d.1C143C3B8B43AA02955E9B5EEAD5EA6F.e.309","ELEMENT":"f.45271FC9FC22FBF7EF0A590A71DD44AE.d.1C143C3B8B43AA02955E9B5EEAD5EA6F.e.309"}]}
COMMAND: GET /session/7f1686e11a340d92304ee7762c65784d/screenshot - {}
RESULT: {}
RESULT: {"script":"<script> [8489 bytes]","args":[{"element-6066-11e4-a52e-4f735466cecf":"f.45271FC9FC22FBF7EF0A590A71DD44AE.d.1C143C3B8B43AA02955E9B5EEAD5EA6F.e.309","ELEMENT":"f.45271FC9FC22FBF7EF0A590A71DD44AE.d.1C143C3B8B43AA02955E9B5EEAD5EA6F.e.309"}]}
COMMAND: POST /session/7f1686e11a340d92304ee7762c65784d/execute/sync - {"script":"<script> [5351 bytes]","args":[{"element-6066-11e4-a52e-4f735466cecf":"f.45271FC9FC22FBF7EF0A590A71DD44AE.d.1C143C3B8B43AA02955E9B5EEAD5EA6F.e.309","ELEMENT":"f.45271FC9FC22FBF7EF0A590A71DD44AE.d.1C143C3B8B43AA02955E9B5EEAD5EA6F.e.309"}]}
COMMAND: GET /session/7f1686e11a340d92304ee7762c65784d/screenshot - {}
RESULT: {}
RESULT: {"script":"<script> [5351 bytes]","args":[{"element-6066-11e4-a52e-4f735466cecf":"f.45271FC9FC22FBF7EF0A590A71DD44AE.d.1C143C3B8B43AA02955E9B5EEAD5EA6F.e.309","ELEMENT":"f.45271FC9FC22FBF7EF0A590A71DD44AE.d.1C143C3B8B43AA02955E9B5EEAD5EA6F.e.309"}]}
COMMAND: POST /session/7f1686e11a340d92304ee7762c65784d/element/f.45271FC9FC22FBF7EF0A590A71DD44AE.d.1C143C3B8B43AA02955E9B5EEAD5EA6F.e.309/click - {}
COMMAND: GET /session/7f1686e11a340d92304ee7762c65784d/screenshot - {}
RESULT: {}
RESULT: {}
COMMAND: GET /session/7f1686e11a340d92304ee7762c65784d/screenshot - {}
COMMAND: POST /session/7f1686e11a340d92304ee7762c65784d/element - {"using":"xpath","value":"//input[@id=\"application-manageyards-display-component---NewYard--yardId-inner\"]"}
RESULT: {}
RESULT: {}
RESULT: {"using":"xpath","value":"//input[@id=\"application-manageyards-display-component---NewYard--yardId-inner\"]"}
COMMAND: POST /session/7f1686e11a340d92304ee7762c65784d/element - {"using":"xpath","value":"//input[@id=\"application-manageyards-display-component---NewYard--yardId-inner\"]"}
RESULT: {"using":"xpath","value":"//input[@id=\"application-manageyards-display-component---NewYard--yardId-inner\"]"}
COMMAND: POST /session/7f1686e11a340d92304ee7762c65784d/execute/async - {"script":"<script> [1562 bytes]","args":[{"selector":{"id":"application-manageyards-display-component---NewYard--addressDetailDetailsName1","interaction":{"idSuffix":"inner"}},"wdio_ui5_key":"applicationmanageyards-display-component---NewYard--addressDetailDetailsName1"}]}
RESULT: {"script":"<script> [1562 bytes]","args":[{"selector":{"id":"application-manageyards-display-component---NewYard--addressDetailDetailsName1","interaction":{"idSuffix":"inner"}},"wdio_ui5_key":"applicationmanageyards-display-component---NewYard--addressDetailDetailsName1"}]}
RESULT: undefined
COMMAND: POST /session/7f1686e11a340d92304ee7762c65784d/execute/async - {"script":"<script> [776 bytes]","args":[{"enterText":"Intracompany Yard wdIO","selector":{"id":"application-manageyards-display-component---NewYard--addressDetailDetailsName1","interaction":{"idSuffix":"inner"}},"clearTextFirst":true,"interactionType":"ENTER_TEXT"}]}
RESULT: {"script":"<script> [776 bytes]","args":[{"enterText":"Intracompany Yard wdIO","selector":{"id":"application-manageyards-display-component---NewYard--addressDetailDetailsName1","interaction":{"idSuffix":"inner"}},"clearTextFirst":true,"interactionType":"ENTER_TEXT"}]}
COMMAND: POST /session/7f1686e11a340d92304ee7762c65784d/execute/async - {"script":"<script> [1562 bytes]","args":[{"selector":{"id":"application-manageyards-display-component---NewYard--addressDetailDetailsLanguage-arrow"},"wdio_ui5_key":"applicationmanageyards-display-component---NewYard--addressDetailDetailsLanguage-arrow"}]}
RESULT: {"script":"<script> [1562 bytes]","args":[{"selector":{"id":"application-manageyards-display-component---NewYard--addressDetailDetailsLanguage-arrow"},"wdio_ui5_key":"applicationmanageyards-display-component---NewYard--addressDetailDetailsLanguage-arrow"}]}
RESULT: undefined
COMMAND: POST /session/7f1686e11a340d92304ee7762c65784d/element - {"using":"xpath","value":"//*[@id=\"application-manageyards-display-component---NewYard--addressDetailDetailsLanguage-arrow\"]"}
RESULT: {"using":"xpath","value":"//*[@id=\"application-manageyards-display-component---NewYard--addressDetailDetailsLanguage-arrow\"]"}
COMMAND: POST /session/7f1686e11a340d92304ee7762c65784d/element/f.45271FC9FC22FBF7EF0A590A71DD44AE.d.1C143C3B8B43AA02955E9B5EEAD5EA6F.e.749/click - {}
RESULT: {}
COMMAND: POST /session/7f1686e11a340d92304ee7762c65784d/element - {"using":"xpath","value":"//span[contains(text(), \"English\")]"}
COMMAND: GET /session/7f1686e11a340d92304ee7762c65784d/screenshot - {}
RESULT: {"using":"xpath","value":"//span[contains(text(), \"English\")]"}
COMMAND: POST /session/7f1686e11a340d92304ee7762c65784d/element/f.45271FC9FC22FBF7EF0A590A71DD44AE.d.1C143C3B8B43AA02955E9B5EEAD5EA6F.e.750/click - {}
RESULT: {}
RESULT: {}
COMMAND: POST /session/7f1686e11a340d92304ee7762c65784d/execute/async - {"script":"<script> [1562 bytes]","args":[{"selector":{"id":"application-manageyards-display-component---NewYard--addressDetailDetailsCity1","interaction":{"idSuffix":"inner"}},"wdio_ui5_key":"applicationmanageyards-display-component---NewYard--addressDetailDetailsCity1"}]}
COMMAND: GET /session/7f1686e11a340d92304ee7762c65784d/screenshot - {}
RESULT: {"script":"<script> [1562 bytes]","args":[{"selector":{"id":"application-manageyards-display-component---NewYard--addressDetailDetailsCity1","interaction":{"idSuffix":"inner"}},"wdio_ui5_key":"applicationmanageyards-display-component---NewYard--addressDetailDetailsCity1"}]}
RESULT: undefined
COMMAND: POST /session/7f1686e11a340d92304ee7762c65784d/execute/async - {"script":"<script> [776 bytes]","args":[{"enterText":"Rosario","selector":{"id":"application-manageyards-display-component---NewYard--addressDetailDetailsCity1","interaction":{"idSuffix":"inner"}},"clearTextFirst":true,"interactionType":"ENTER_TEXT"}]}
RESULT: {}
RESULT: {"script":"<script> [776 bytes]","args":[{"enterText":"Rosario","selector":{"id":"application-manageyards-display-component---NewYard--addressDetailDetailsCity1","interaction":{"idSuffix":"inner"}},"clearTextFirst":true,"interactionType":"ENTER_TEXT"}]}
COMMAND: POST /session/7f1686e11a340d92304ee7762c65784d/execute/async - {"script":"<script> [1562 bytes]","args":[{"selector":{"id":"application-manageyards-display-component---NewYard--addressDetailDetailsCountry-arrow"},"wdio_ui5_key":"applicationmanageyards-display-component---NewYard--addressDetailDetailsCountry-arrow"}]}
RESULT: {"script":"<script> [1562 bytes]","args":[{"selector":{"id":"application-manageyards-display-component---NewYard--addressDetailDetailsCountry-arrow"},"wdio_ui5_key":"applicationmanageyards-display-component---NewYard--addressDetailDetailsCountry-arrow"}]}
RESULT: undefined
COMMAND: POST /session/7f1686e11a340d92304ee7762c65784d/element - {"using":"xpath","value":"//*[@id=\"application-manageyards-display-component---NewYard--addressDetailDetailsCountry-arrow\"]"}
RESULT: {"using":"xpath","value":"//*[@id=\"application-manageyards-display-component---NewYard--addressDetailDetailsCountry-arrow\"]"}
COMMAND: POST /session/7f1686e11a340d92304ee7762c65784d/element/f.45271FC9FC22FBF7EF0A590A71DD44AE.d.1C143C3B8B43AA02955E9B5EEAD5EA6F.e.752/click - {}
RESULT: {}
COMMAND: POST /session/7f1686e11a340d92304ee7762c65784d/element - {"using":"xpath","value":"//span[contains(text(), \"Argentina\")]"}
COMMAND: GET /session/7f1686e11a340d92304ee7762c65784d/screenshot - {}
RESULT: {"using":"xpath","value":"//span[contains(text(), \"Argentina\")]"}
COMMAND: POST /session/7f1686e11a340d92304ee7762c65784d/element/f.45271FC9FC22FBF7EF0A590A71DD44AE.d.1C143C3B8B43AA02955E9B5EEAD5EA6F.e.753/click - {}
RESULT: {}
RESULT: {}
COMMAND: POST /session/7f1686e11a340d92304ee7762c65784d/execute/async - {"script":"<script> [1562 bytes]","args":[{"selector":{"id":"application-manageyards-display-component---NewYard--addressEditDetailsCostObjectCstType-arrow"},"wdio_ui5_key":"applicationmanageyards-display-component---NewYard--addressEditDetailsCostObjectCstType-arrow"}]}
COMMAND: GET /session/7f1686e11a340d92304ee7762c65784d/screenshot - {}
RESULT: {"script":"<script> [1562 bytes]","args":[{"selector":{"id":"application-manageyards-display-component---NewYard--addressEditDetailsCostObjectCstType-arrow"},"wdio_ui5_key":"applicationmanageyards-display-component---NewYard--addressEditDetailsCostObjectCstType-arrow"}]}
RESULT: undefined
COMMAND: POST /session/7f1686e11a340d92304ee7762c65784d/element - {"using":"xpath","value":"//*[@id=\"application-manageyards-display-component---NewYard--addressEditDetailsCostObjectCstType-arrow\"]"}
RESULT: {}
RESULT: {"using":"xpath","value":"//*[@id=\"application-manageyards-display-component---NewYard--addressEditDetailsCostObjectCstType-arrow\"]"}
COMMAND: POST /session/7f1686e11a340d92304ee7762c65784d/element/f.45271FC9FC22FBF7EF0A590A71DD44AE.d.1C143C3B8B43AA02955E9B5EEAD5EA6F.e.755/click - {}
RESULT: {}
COMMAND: POST /session/7f1686e11a340d92304ee7762c65784d/element - {"using":"xpath","value":"//span[contains(text(), \"Cost Center\")]"}
COMMAND: GET /session/7f1686e11a340d92304ee7762c65784d/screenshot - {}
RESULT: {"using":"xpath","value":"//span[contains(text(), \"Cost Center\")]"}
COMMAND: POST /session/7f1686e11a340d92304ee7762c65784d/element/f.45271FC9FC22FBF7EF0A590A71DD44AE.d.1C143C3B8B43AA02955E9B5EEAD5EA6F.e.756/click - {}
RESULT: {}
RESULT: {}
COMMAND: GET /session/7f1686e11a340d92304ee7762c65784d/screenshot - {}
RESULT: {}
COMMAND: POST /session/7f1686e11a340d92304ee7762c65784d/element - {"using":"xpath","value":"//span[@id=\"application-manageyards-display-component---NewYard--addressNewCostObjectCstID-vhi\"]"}
RESULT: {"using":"xpath","value":"//span[@id=\"application-manageyards-display-component---NewYard--addressNewCostObjectCstID-vhi\"]"}
COMMAND: POST /session/7f1686e11a340d92304ee7762c65784d/execute/sync - {"script":"<script> [8489 bytes]","args":[{"element-6066-11e4-a52e-4f735466cecf":"f.45271FC9FC22FBF7EF0A590A71DD44AE.d.1C143C3B8B43AA02955E9B5EEAD5EA6F.e.759","ELEMENT":"f.45271FC9FC22FBF7EF0A590A71DD44AE.d.1C143C3B8B43AA02955E9B5EEAD5EA6F.e.759"}]}
RESULT: {"script":"<script> [8489 bytes]","args":[{"element-6066-11e4-a52e-4f735466cecf":"f.45271FC9FC22FBF7EF0A590A71DD44AE.d.1C143C3B8B43AA02955E9B5EEAD5EA6F.e.759","ELEMENT":"f.45271FC9FC22FBF7EF0A590A71DD44AE.d.1C143C3B8B43AA02955E9B5EEAD5EA6F.e.759"}]}
COMMAND: POST /session/7f1686e11a340d92304ee7762c65784d/execute/async - {"script":"<script> [1562 bytes]","args":[{"selector":{"id":"application-manageyards-display-component---NewYard--addressNewCostObjectCstID-vhi"},"wdio_ui5_key":"applicationmanageyards-display-component---NewYard--addressNewCostObjectCstID-vhi"}]}
COMMAND: GET /session/7f1686e11a340d92304ee7762c65784d/screenshot - {}
RESULT: {"script":"<script> [1562 bytes]","args":[{"selector":{"id":"application-manageyards-display-component---NewYard--addressNewCostObjectCstID-vhi"},"wdio_ui5_key":"applicationmanageyards-display-component---NewYard--addressNewCostObjectCstID-vhi"}]}
RESULT: undefined
COMMAND: POST /session/7f1686e11a340d92304ee7762c65784d/element - {"using":"xpath","value":"//*[@id=\"application-manageyards-display-component---NewYard--addressNewCostObjectCstID-vhi\"]"}
RESULT: {}
RESULT: {"using":"xpath","value":"//*[@id=\"application-manageyards-display-component---NewYard--addressNewCostObjectCstID-vhi\"]"}
COMMAND: POST /session/7f1686e11a340d92304ee7762c65784d/element/f.45271FC9FC22FBF7EF0A590A71DD44AE.d.1C143C3B8B43AA02955E9B5EEAD5EA6F.e.759/click - {}
RESULT: {}
COMMAND: GET /session/7f1686e11a340d92304ee7762c65784d/screenshot - {}
RESULT: {}
COMMAND: POST /session/7f1686e11a340d92304ee7762c65784d/execute/async - {"script":"<script> [1562 bytes]","args":[{"selector":{"controlType":"sap.m.SearchField","properties":{"placeholder":"Search"},"searchOpenDialogs":true,"interaction":{"idSuffix":"I"}},"wdio_ui5_key":"sapm.SearchField{\"placeholder\":\"Search\"}"}]}
RESULT: {"script":"<script> [1562 bytes]","args":[{"selector":{"controlType":"sap.m.SearchField","properties":{"placeholder":"Search"},"searchOpenDialogs":true,"interaction":{"idSuffix":"I"}},"wdio_ui5_key":"sapm.SearchField{\"placeholder\":\"Search\"}"}]}
RESULT: undefined
COMMAND: POST /session/7f1686e11a340d92304ee7762c65784d/execute/async - {"script":"<script> [776 bytes]","args":[{"enterText":"10001013","selector":{"controlType":"sap.m.SearchField","properties":{"placeholder":"Search"},"searchOpenDialogs":true,"interaction":{"idSuffix":"I"}},"clearTextFirst":true,"interactionType":"ENTER_TEXT"}]}
RESULT: {"script":"<script> [776 bytes]","args":[{"enterText":"10001013","selector":{"controlType":"sap.m.SearchField","properties":{"placeholder":"Search"},"searchOpenDialogs":true,"interaction":{"idSuffix":"I"}},"clearTextFirst":true,"interactionType":"ENTER_TEXT"}]}
COMMAND: POST /session/7f1686e11a340d92304ee7762c65784d/actions - {"actions":[{"id":"action1","type":"key","parameters":{},"actions":[{"type":"keyDown","value":""},{"type":"pause","duration":10},{"type":"keyUp","value":""}]}]}
RESULT: {"actions":[{"id":"action1","type":"key","parameters":{},"actions":[{"type":"keyDown","value":""},{"type":"pause","duration":10},{"type":"keyUp","value":""}]}]}
COMMAND: GET /session/7f1686e11a340d92304ee7762c65784d/screenshot - {}
RESULT: {}
COMMAND: POST /session/7f1686e11a340d92304ee7762c65784d/element - {"using":"xpath","value":"//span[contains(text(), \"General Management\")]"}
RESULT: {"using":"xpath","value":"//span[contains(text(), \"General Management\")]"}
COMMAND: POST /session/7f1686e11a340d92304ee7762c65784d/element/f.45271FC9FC22FBF7EF0A590A71DD44AE.d.1C143C3B8B43AA02955E9B5EEAD5EA6F.e.769/click - {}
RESULT: {}
COMMAND: GET /session/7f1686e11a340d92304ee7762c65784d/screenshot - {}
RESULT: {}
COMMAND: POST /session/7f1686e11a340d92304ee7762c65784d/element - {"using":"xpath","value":"//bdi[contains(text(), \"OK\")]"}
RESULT: {"using":"xpath","value":"//bdi[contains(text(), \"OK\")]"}
COMMAND: POST /session/7f1686e11a340d92304ee7762c65784d/element/f.45271FC9FC22FBF7EF0A590A71DD44AE.d.1C143C3B8B43AA02955E9B5EEAD5EA6F.e.771/click - {}
RESULT: {}
COMMAND: GET /session/7f1686e11a340d92304ee7762c65784d/screenshot - {}
RESULT: {}
COMMAND: POST /session/7f1686e11a340d92304ee7762c65784d/execute/async - {"script":"<script> [1562 bytes]","args":[{"selector":{"id":"application-manageyards-display-component---NewYard--addressEditDetailsCurrency-arrow"},"wdio_ui5_key":"applicationmanageyards-display-component---NewYard--addressEditDetailsCurrency-arrow"}]}
RESULT: {"script":"<script> [1562 bytes]","args":[{"selector":{"id":"application-manageyards-display-component---NewYard--addressEditDetailsCurrency-arrow"},"wdio_ui5_key":"applicationmanageyards-display-component---NewYard--addressEditDetailsCurrency-arrow"}]}
RESULT: undefined
COMMAND: POST /session/7f1686e11a340d92304ee7762c65784d/element - {"using":"xpath","value":"//*[@id=\"application-manageyards-display-component---NewYard--addressEditDetailsCurrency-arrow\"]"}
RESULT: {"using":"xpath","value":"//*[@id=\"application-manageyards-display-component---NewYard--addressEditDetailsCurrency-arrow\"]"}
COMMAND: POST /session/7f1686e11a340d92304ee7762c65784d/element/f.45271FC9FC22FBF7EF0A590A71DD44AE.d.1C143C3B8B43AA02955E9B5EEAD5EA6F.e.774/click - {}
RESULT: {}
COMMAND: POST /session/7f1686e11a340d92304ee7762c65784d/element - {"using":"xpath","value":"//span[contains(text(), \"Euro\")]"}
COMMAND: GET /session/7f1686e11a340d92304ee7762c65784d/screenshot - {}
RESULT: {"using":"xpath","value":"//span[contains(text(), \"Euro\")]"}
COMMAND: POST /session/7f1686e11a340d92304ee7762c65784d/element/f.45271FC9FC22FBF7EF0A590A71DD44AE.d.1C143C3B8B43AA02955E9B5EEAD5EA6F.e.775/click - {}
RESULT: {}
RESULT: {}
COMMAND: POST /session/7f1686e11a340d92304ee7762c65784d/execute/async - {"script":"<script> [1562 bytes]","args":[{"selector":{"controlType":"sap.m.Input","viewName":"etm.portal.ui.manageyards.view.New","viewId":"application-manageyards-display-component---NewYard","bindingPath":{"path":"","propertyPath":"/CONTROLLING_AREA","modelName":"NewYardModel"},"interaction":{"idSuffix":"inner"}},"wdio_ui5_key":"etmportal.ui.manageyards.view.Newsap.m.Input{\"path\":\"\",\"propertyPath\":\"/CONTROLLING_AREA\",\"modelName\":\"NewYardModel\"}"}]}
COMMAND: GET /session/7f1686e11a340d92304ee7762c65784d/screenshot - {}
RESULT: {"script":"<script> [1562 bytes]","args":[{"selector":{"controlType":"sap.m.Input","viewName":"etm.portal.ui.manageyards.view.New","viewId":"application-manageyards-display-component---NewYard","bindingPath":{"path":"","propertyPath":"/CONTROLLING_AREA","modelName":"NewYardModel"},"interaction":{"idSuffix":"inner"}},"wdio_ui5_key":"etmportal.ui.manageyards.view.Newsap.m.Input{\"path\":\"\",\"propertyPath\":\"/CONTROLLING_AREA\",\"modelName\":\"NewYardModel\"}"}]}
RESULT: undefined
COMMAND: POST /session/7f1686e11a340d92304ee7762c65784d/execute/async - {"script":"<script> [776 bytes]","args":[{"enterText":"Z001","selector":{"controlType":"sap.m.Input","viewName":"etm.portal.ui.manageyards.view.New","viewId":"application-manageyards-display-component---NewYard","bindingPath":{"path":"","propertyPath":"/CONTROLLING_AREA","modelName":"NewYardModel"},"interaction":{"idSuffix":"inner"}},"clearTextFirst":true,"interactionType":"ENTER_TEXT"}]}
RESULT: {}
RESULT: {"script":"<script> [776 bytes]","args":[{"enterText":"Z001","selector":{"controlType":"sap.m.Input","viewName":"etm.portal.ui.manageyards.view.New","viewId":"application-manageyards-display-component---NewYard","bindingPath":{"path":"","propertyPath":"/CONTROLLING_AREA","modelName":"NewYardModel"},"interaction":{"idSuffix":"inner"}},"clearTextFirst":true,"interactionType":"ENTER_TEXT"}]}
COMMAND: POST /session/7f1686e11a340d92304ee7762c65784d/execute/async - {"script":"<script> [1562 bytes]","args":[{"selector":{"id":"application-manageyards-display-component---NewYard--companyCodeComboBox","interaction":{"idSuffix":"inner"}},"wdio_ui5_key":"applicationmanageyards-display-component---NewYard--companyCodeComboBox"}]}
RESULT: {"script":"<script> [1562 bytes]","args":[{"selector":{"id":"application-manageyards-display-component---NewYard--companyCodeComboBox","interaction":{"idSuffix":"inner"}},"wdio_ui5_key":"applicationmanageyards-display-component---NewYard--companyCodeComboBox"}]}
RESULT: undefined
COMMAND: POST /session/7f1686e11a340d92304ee7762c65784d/execute/async - {"script":"<script> [776 bytes]","args":[{"enterText":"1000","selector":{"id":"application-manageyards-display-component---NewYard--companyCodeComboBox","interaction":{"idSuffix":"inner"}},"clearTextFirst":true,"interactionType":"ENTER_TEXT"}]}
RESULT: {"script":"<script> [776 bytes]","args":[{"enterText":"1000","selector":{"id":"application-manageyards-display-component---NewYard--companyCodeComboBox","interaction":{"idSuffix":"inner"}},"clearTextFirst":true,"interactionType":"ENTER_TEXT"}]}
COMMAND: POST /session/7f1686e11a340d92304ee7762c65784d/execute/async - {"script":"<script> [1562 bytes]","args":[{"selector":{"controlType":"sap.m.Input","viewName":"etm.portal.ui.manageyards.view.New","viewId":"application-manageyards-display-component---NewYard","bindingPath":{"path":"","propertyPath":"/PLANT","modelName":"NewYardModel"},"interaction":{"idSuffix":"inner"}},"wdio_ui5_key":"etmportal.ui.manageyards.view.Newsap.m.Input{\"path\":\"\",\"propertyPath\":\"/PLANT\",\"modelName\":\"NewYardModel\"}"}]}
RESULT: {"script":"<script> [1562 bytes]","args":[{"selector":{"controlType":"sap.m.Input","viewName":"etm.portal.ui.manageyards.view.New","viewId":"application-manageyards-display-component---NewYard","bindingPath":{"path":"","propertyPath":"/PLANT","modelName":"NewYardModel"},"interaction":{"idSuffix":"inner"}},"wdio_ui5_key":"etmportal.ui.manageyards.view.Newsap.m.Input{\"path\":\"\",\"propertyPath\":\"/PLANT\",\"modelName\":\"NewYardModel\"}"}]}
RESULT: undefined
COMMAND: POST /session/7f1686e11a340d92304ee7762c65784d/execute/async - {"script":"<script> [776 bytes]","args":[{"enterText":"1001","selector":{"controlType":"sap.m.Input","viewName":"etm.portal.ui.manageyards.view.New","viewId":"application-manageyards-display-component---NewYard","bindingPath":{"path":"","propertyPath":"/PLANT","modelName":"NewYardModel"},"interaction":{"idSuffix":"inner"}},"clearTextFirst":true,"interactionType":"ENTER_TEXT"}]}
RESULT: {"script":"<script> [776 bytes]","args":[{"enterText":"1001","selector":{"controlType":"sap.m.Input","viewName":"etm.portal.ui.manageyards.view.New","viewId":"application-manageyards-display-component---NewYard","bindingPath":{"path":"","propertyPath":"/PLANT","modelName":"NewYardModel"},"interaction":{"idSuffix":"inner"}},"clearTextFirst":true,"interactionType":"ENTER_TEXT"}]}
COMMAND: POST /session/7f1686e11a340d92304ee7762c65784d/execute/async - {"script":"<script> [1562 bytes]","args":[{"selector":{"controlType":"sap.m.Input","viewName":"etm.portal.ui.manageyards.view.New","viewId":"application-manageyards-display-component---NewYard","bindingPath":{"path":"","propertyPath":"/SALES_AREA_VKORG","modelName":"NewYardModel"},"interaction":{"idSuffix":"inner"}},"wdio_ui5_key":"etmportal.ui.manageyards.view.Newsap.m.Input{\"path\":\"\",\"propertyPath\":\"/SALES_AREA_VKORG\",\"modelName\":\"NewYardModel\"}"}]}
RESULT: {"script":"<script> [1562 bytes]","args":[{"selector":{"controlType":"sap.m.Input","viewName":"etm.portal.ui.manageyards.view.New","viewId":"application-manageyards-display-component---NewYard","bindingPath":{"path":"","propertyPath":"/SALES_AREA_VKORG","modelName":"NewYardModel"},"interaction":{"idSuffix":"inner"}},"wdio_ui5_key":"etmportal.ui.manageyards.view.Newsap.m.Input{\"path\":\"\",\"propertyPath\":\"/SALES_AREA_VKORG\",\"modelName\":\"NewYardModel\"}"}]}
RESULT: undefined
COMMAND: POST /session/7f1686e11a340d92304ee7762c65784d/execute/async - {"script":"<script> [776 bytes]","args":[{"enterText":"C002","selector":{"controlType":"sap.m.Input","viewName":"etm.portal.ui.manageyards.view.New","viewId":"application-manageyards-display-component---NewYard","bindingPath":{"path":"","propertyPath":"/SALES_AREA_VKORG","modelName":"NewYardModel"},"interaction":{"idSuffix":"inner"}},"clearTextFirst":true,"interactionType":"ENTER_TEXT"}]}
RESULT: {"script":"<script> [776 bytes]","args":[{"enterText":"C002","selector":{"controlType":"sap.m.Input","viewName":"etm.portal.ui.manageyards.view.New","viewId":"application-manageyards-display-component---NewYard","bindingPath":{"path":"","propertyPath":"/SALES_AREA_VKORG","modelName":"NewYardModel"},"interaction":{"idSuffix":"inner"}},"clearTextFirst":true,"interactionType":"ENTER_TEXT"}]}
COMMAND: POST /session/7f1686e11a340d92304ee7762c65784d/execute/async - {"script":"<script> [1562 bytes]","args":[{"selector":{"controlType":"sap.m.Input","viewName":"etm.portal.ui.manageyards.view.New","viewId":"application-manageyards-display-component---NewYard","bindingPath":{"path":"","propertyPath":"/SALES_AREA_VTWEG","modelName":"NewYardModel"},"interaction":{"idSuffix":"inner"}},"wdio_ui5_key":"etmportal.ui.manageyards.view.Newsap.m.Input{\"path\":\"\",\"propertyPath\":\"/SALES_AREA_VTWEG\",\"modelName\":\"NewYardModel\"}"}]}
RESULT: {"script":"<script> [1562 bytes]","args":[{"selector":{"controlType":"sap.m.Input","viewName":"etm.portal.ui.manageyards.view.New","viewId":"application-manageyards-display-component---NewYard","bindingPath":{"path":"","propertyPath":"/SALES_AREA_VTWEG","modelName":"NewYardModel"},"interaction":{"idSuffix":"inner"}},"wdio_ui5_key":"etmportal.ui.manageyards.view.Newsap.m.Input{\"path\":\"\",\"propertyPath\":\"/SALES_AREA_VTWEG\",\"modelName\":\"NewYardModel\"}"}]}
RESULT: undefined
COMMAND: POST /session/7f1686e11a340d92304ee7762c65784d/execute/async - {"script":"<script> [776 bytes]","args":[{"enterText":"C2","selector":{"controlType":"sap.m.Input","viewName":"etm.portal.ui.manageyards.view.New","viewId":"application-manageyards-display-component---NewYard","bindingPath":{"path":"","propertyPath":"/SALES_AREA_VTWEG","modelName":"NewYardModel"},"interaction":{"idSuffix":"inner"}},"clearTextFirst":true,"interactionType":"ENTER_TEXT"}]}
RESULT: {"script":"<script> [776 bytes]","args":[{"enterText":"C2","selector":{"controlType":"sap.m.Input","viewName":"etm.portal.ui.manageyards.view.New","viewId":"application-manageyards-display-component---NewYard","bindingPath":{"path":"","propertyPath":"/SALES_AREA_VTWEG","modelName":"NewYardModel"},"interaction":{"idSuffix":"inner"}},"clearTextFirst":true,"interactionType":"ENTER_TEXT"}]}
COMMAND: POST /session/7f1686e11a340d92304ee7762c65784d/execute/async - {"script":"<script> [1562 bytes]","args":[{"selector":{"controlType":"sap.m.Input","viewName":"etm.portal.ui.manageyards.view.New","viewId":"application-manageyards-display-component---NewYard","bindingPath":{"path":"","propertyPath":"/SALES_AREA_SPART","modelName":"NewYardModel"},"interaction":{"idSuffix":"inner"}},"wdio_ui5_key":"etmportal.ui.manageyards.view.Newsap.m.Input{\"path\":\"\",\"propertyPath\":\"/SALES_AREA_SPART\",\"modelName\":\"NewYardModel\"}"}]}
RESULT: {"script":"<script> [1562 bytes]","args":[{"selector":{"controlType":"sap.m.Input","viewName":"etm.portal.ui.manageyards.view.New","viewId":"application-manageyards-display-component---NewYard","bindingPath":{"path":"","propertyPath":"/SALES_AREA_SPART","modelName":"NewYardModel"},"interaction":{"idSuffix":"inner"}},"wdio_ui5_key":"etmportal.ui.manageyards.view.Newsap.m.Input{\"path\":\"\",\"propertyPath\":\"/SALES_AREA_SPART\",\"modelName\":\"NewYardModel\"}"}]}
RESULT: undefined
COMMAND: POST /session/7f1686e11a340d92304ee7762c65784d/execute/async - {"script":"<script> [776 bytes]","args":[{"enterText":"C2","selector":{"controlType":"sap.m.Input","viewName":"etm.portal.ui.manageyards.view.New","viewId":"application-manageyards-display-component---NewYard","bindingPath":{"path":"","propertyPath":"/SALES_AREA_SPART","modelName":"NewYardModel"},"interaction":{"idSuffix":"inner"}},"clearTextFirst":true,"interactionType":"ENTER_TEXT"}]}
RESULT: {"script":"<script> [776 bytes]","args":[{"enterText":"C2","selector":{"controlType":"sap.m.Input","viewName":"etm.portal.ui.manageyards.view.New","viewId":"application-manageyards-display-component---NewYard","bindingPath":{"path":"","propertyPath":"/SALES_AREA_SPART","modelName":"NewYardModel"},"interaction":{"idSuffix":"inner"}},"clearTextFirst":true,"interactionType":"ENTER_TEXT"}]}
COMMAND: POST /session/7f1686e11a340d92304ee7762c65784d/execute/async - {"script":"<script> [1562 bytes]","args":[{"selector":{"controlType":"sap.m.Input","viewName":"etm.portal.ui.manageyards.view.New","viewId":"application-manageyards-display-component---NewYard","bindingPath":{"path":"","propertyPath":"/SHIP_POINT","modelName":"NewYardModel"},"interaction":{"idSuffix":"inner"}},"wdio_ui5_key":"etmportal.ui.manageyards.view.Newsap.m.Input{\"path\":\"\",\"propertyPath\":\"/SHIP_POINT\",\"modelName\":\"NewYardModel\"}"}]}
RESULT: {"script":"<script> [1562 bytes]","args":[{"selector":{"controlType":"sap.m.Input","viewName":"etm.portal.ui.manageyards.view.New","viewId":"application-manageyards-display-component---NewYard","bindingPath":{"path":"","propertyPath":"/SHIP_POINT","modelName":"NewYardModel"},"interaction":{"idSuffix":"inner"}},"wdio_ui5_key":"etmportal.ui.manageyards.view.Newsap.m.Input{\"path\":\"\",\"propertyPath\":\"/SHIP_POINT\",\"modelName\":\"NewYardModel\"}"}]}
RESULT: undefined
COMMAND: POST /session/7f1686e11a340d92304ee7762c65784d/execute/async - {"script":"<script> [776 bytes]","args":[{"enterText":"1710","selector":{"controlType":"sap.m.Input","viewName":"etm.portal.ui.manageyards.view.New","viewId":"application-manageyards-display-component---NewYard","bindingPath":{"path":"","propertyPath":"/SHIP_POINT","modelName":"NewYardModel"},"interaction":{"idSuffix":"inner"}},"clearTextFirst":true,"interactionType":"ENTER_TEXT"}]}
RESULT: {"script":"<script> [776 bytes]","args":[{"enterText":"1710","selector":{"controlType":"sap.m.Input","viewName":"etm.portal.ui.manageyards.view.New","viewId":"application-manageyards-display-component---NewYard","bindingPath":{"path":"","propertyPath":"/SHIP_POINT","modelName":"NewYardModel"},"interaction":{"idSuffix":"inner"}},"clearTextFirst":true,"interactionType":"ENTER_TEXT"}]}
COMMAND: POST /session/7f1686e11a340d92304ee7762c65784d/execute/async - {"script":"<script> [1562 bytes]","args":[{"selector":{"controlType":"sap.m.Input","viewName":"etm.portal.ui.manageyards.view.New","viewId":"application-manageyards-display-component---NewYard","bindingPath":{"path":"","propertyPath":"/DELIVERY_TYPE","modelName":"NewYardModel"},"interaction":{"idSuffix":"inner"}},"wdio_ui5_key":"etmportal.ui.manageyards.view.Newsap.m.Input{\"path\":\"\",\"propertyPath\":\"/DELIVERY_TYPE\",\"modelName\":\"NewYardModel\"}"}]}
RESULT: {"script":"<script> [1562 bytes]","args":[{"selector":{"controlType":"sap.m.Input","viewName":"etm.portal.ui.manageyards.view.New","viewId":"application-manageyards-display-component---NewYard","bindingPath":{"path":"","propertyPath":"/DELIVERY_TYPE","modelName":"NewYardModel"},"interaction":{"idSuffix":"inner"}},"wdio_ui5_key":"etmportal.ui.manageyards.view.Newsap.m.Input{\"path\":\"\",\"propertyPath\":\"/DELIVERY_TYPE\",\"modelName\":\"NewYardModel\"}"}]}
RESULT: undefined
COMMAND: POST /session/7f1686e11a340d92304ee7762c65784d/execute/async - {"script":"<script> [776 bytes]","args":[{"enterText":"ZL01","selector":{"controlType":"sap.m.Input","viewName":"etm.portal.ui.manageyards.view.New","viewId":"application-manageyards-display-component---NewYard","bindingPath":{"path":"","propertyPath":"/DELIVERY_TYPE","modelName":"NewYardModel"},"interaction":{"idSuffix":"inner"}},"clearTextFirst":true,"interactionType":"ENTER_TEXT"}]}
RESULT: {"script":"<script> [776 bytes]","args":[{"enterText":"ZL01","selector":{"controlType":"sap.m.Input","viewName":"etm.portal.ui.manageyards.view.New","viewId":"application-manageyards-display-component---NewYard","bindingPath":{"path":"","propertyPath":"/DELIVERY_TYPE","modelName":"NewYardModel"},"interaction":{"idSuffix":"inner"}},"clearTextFirst":true,"interactionType":"ENTER_TEXT"}]}
COMMAND: POST /session/7f1686e11a340d92304ee7762c65784d/execute/async - {"script":"<script> [1562 bytes]","args":[{"selector":{"controlType":"sap.m.Input","viewName":"etm.portal.ui.manageyards.view.New","viewId":"application-manageyards-display-component---NewYard","bindingPath":{"path":"","propertyPath":"/AUART","modelName":"NewYardModel"},"interaction":{"idSuffix":"inner"}},"wdio_ui5_key":"etmportal.ui.manageyards.view.Newsap.m.Input{\"path\":\"\",\"propertyPath\":\"/AUART\",\"modelName\":\"NewYardModel\"}"}]}
RESULT: {"script":"<script> [1562 bytes]","args":[{"selector":{"controlType":"sap.m.Input","viewName":"etm.portal.ui.manageyards.view.New","viewId":"application-manageyards-display-component---NewYard","bindingPath":{"path":"","propertyPath":"/AUART","modelName":"NewYardModel"},"interaction":{"idSuffix":"inner"}},"wdio_ui5_key":"etmportal.ui.manageyards.view.Newsap.m.Input{\"path\":\"\",\"propertyPath\":\"/AUART\",\"modelName\":\"NewYardModel\"}"}]}
RESULT: undefined
COMMAND: POST /session/7f1686e11a340d92304ee7762c65784d/execute/async - {"script":"<script> [776 bytes]","args":[{"enterText":"TA","selector":{"controlType":"sap.m.Input","viewName":"etm.portal.ui.manageyards.view.New","viewId":"application-manageyards-display-component---NewYard","bindingPath":{"path":"","propertyPath":"/AUART","modelName":"NewYardModel"},"interaction":{"idSuffix":"inner"}},"clearTextFirst":true,"interactionType":"ENTER_TEXT"}]}
RESULT: {"script":"<script> [776 bytes]","args":[{"enterText":"TA","selector":{"controlType":"sap.m.Input","viewName":"etm.portal.ui.manageyards.view.New","viewId":"application-manageyards-display-component---NewYard","bindingPath":{"path":"","propertyPath":"/AUART","modelName":"NewYardModel"},"interaction":{"idSuffix":"inner"}},"clearTextFirst":true,"interactionType":"ENTER_TEXT"}]}
COMMAND: POST /session/7f1686e11a340d92304ee7762c65784d/element - {"using":"xpath","value":"//button[@data-kt=\"newYardSaveButton\"]"}
RESULT: {"using":"xpath","value":"//button[@data-kt=\"newYardSaveButton\"]"}
COMMAND: POST /session/7f1686e11a340d92304ee7762c65784d/element/f.45271FC9FC22FBF7EF0A590A71DD44AE.d.1C143C3B8B43AA02955E9B5EEAD5EA6F.e.732/click - {}
RESULT: {}
COMMAND: GET /session/7f1686e11a340d92304ee7762c65784d/screenshot - {}
RESULT: {}
COMMAND: POST /session/7f1686e11a340d92304ee7762c65784d/element - {"using":"xpath","value":"//header[contains(@id, 'ObjectPageLayout-headerTitle')]/div[1]/div[2]/div[1]/span[1]"}
RESULT: {"using":"xpath","value":"//header[contains(@id, 'ObjectPageLayout-headerTitle')]/div[1]/div[2]/div[1]/span[1]"}
COMMAND: POST /session/7f1686e11a340d92304ee7762c65784d/elements - {"using":"xpath","value":"//header[contains(@id, 'ObjectPageLayout-headerTitle')]/div[1]/div[2]/div[1]/span[1]"}
RESULT: {"using":"xpath","value":"//header[contains(@id, 'ObjectPageLayout-headerTitle')]/div[1]/div[2]/div[1]/span[1]"}
COMMAND: POST /session/7f1686e11a340d92304ee7762c65784d/execute/sync - {"script":"<script> [56 bytes]","args":[{"element-6066-11e4-a52e-4f735466cecf":"f.45271FC9FC22FBF7EF0A590A71DD44AE.d.1C143C3B8B43AA02955E9B5EEAD5EA6F.e.999","ELEMENT":"f.45271FC9FC22FBF7EF0A590A71DD44AE.d.1C143C3B8B43AA02955E9B5EEAD5EA6F.e.999"}]}
RESULT: {"script":"<script> [56 bytes]","args":[{"element-6066-11e4-a52e-4f735466cecf":"f.45271FC9FC22FBF7EF0A590A71DD44AE.d.1C143C3B8B43AA02955E9B5EEAD5EA6F.e.999","ELEMENT":"f.45271FC9FC22FBF7EF0A590A71DD44AE.d.1C143C3B8B43AA02955E9B5EEAD5EA6F.e.999"}]}
COMMAND: GET /session/7f1686e11a340d92304ee7762c65784d/screenshot - {}
RESULT: {}
COMMAND: POST /session/7f1686e11a340d92304ee7762c65784d/element - {"using":"css selector","value":"#shell-header-logo"}
RESULT: {"using":"css selector","value":"#shell-header-logo"}
COMMAND: POST /session/7f1686e11a340d92304ee7762c65784d/element/f.45271FC9FC22FBF7EF0A590A71DD44AE.d.1C143C3B8B43AA02955E9B5EEAD5EA6F.e.276/click - {}
RESULT: {}
COMMAND: GET /session/7f1686e11a340d92304ee7762c65784d/screenshot - {}
RESULT: {}
COMMAND: POST /session/7f1686e11a340d92304ee7762c65784d/execute/sync - {"script":"<script> [299 bytes]","args":[["getModel","getResource"]]}
RESULT: {"script":"<script> [299 bytes]","args":[["getModel","getResource"]]}
COMMAND: GET /session/7f1686e11a340d92304ee7762c65784d/screenshot - {}
]]></system-out>
    </testcase>
    <testcase classname="chrome.135_0_7049_42.windows.Partner_specific_tests_US150819_US151080_US151654_US151176_US103444_US151078_US151079_US151109_US151174_US151175_US151189" name="Should create new external partner US150819" time="92.199">
      <system-out><![CDATA[
COMMAND: POST /session/7f1686e11a340d92304ee7762c65784d/element - {"using":"xpath","value":"//li[.//span[text()=\"Manage Partners\"]]"}
RESULT: {}
RESULT: {"using":"xpath","value":"//li[.//span[text()=\"Manage Partners\"]]"}
COMMAND: POST /session/7f1686e11a340d92304ee7762c65784d/element - {"using":"xpath","value":"//li[.//span[text()=\"Manage Partners\"]]"}
RESULT: {"using":"xpath","value":"//li[.//span[text()=\"Manage Partners\"]]"}
COMMAND: POST /session/7f1686e11a340d92304ee7762c65784d/element - {"using":"css selector","value":"#shell-header-logo"}
RESULT: {"using":"css selector","value":"#shell-header-logo"}
COMMAND: POST /session/7f1686e11a340d92304ee7762c65784d/element/f.45271FC9FC22FBF7EF0A590A71DD44AE.d.1C143C3B8B43AA02955E9B5EEAD5EA6F.e.1002/click - {}
COMMAND: POST /session/7f1686e11a340d92304ee7762c65784d/execute/sync - {"script":"<script> [8489 bytes]","args":[{"element-6066-11e4-a52e-4f735466cecf":"f.45271FC9FC22FBF7EF0A590A71DD44AE.d.1C143C3B8B43AA02955E9B5EEAD5EA6F.e.1002","ELEMENT":"f.45271FC9FC22FBF7EF0A590A71DD44AE.d.1C143C3B8B43AA02955E9B5EEAD5EA6F.e.1002"}]}
RESULT: {}
COMMAND: GET /session/7f1686e11a340d92304ee7762c65784d/screenshot - {}
RESULT: {"script":"<script> [8489 bytes]","args":[{"element-6066-11e4-a52e-4f735466cecf":"f.45271FC9FC22FBF7EF0A590A71DD44AE.d.1C143C3B8B43AA02955E9B5EEAD5EA6F.e.1002","ELEMENT":"f.45271FC9FC22FBF7EF0A590A71DD44AE.d.1C143C3B8B43AA02955E9B5EEAD5EA6F.e.1002"}]}
COMMAND: POST /session/7f1686e11a340d92304ee7762c65784d/execute/sync - {"script":"<script> [5351 bytes]","args":[{"element-6066-11e4-a52e-4f735466cecf":"f.45271FC9FC22FBF7EF0A590A71DD44AE.d.1C143C3B8B43AA02955E9B5EEAD5EA6F.e.1002","ELEMENT":"f.45271FC9FC22FBF7EF0A590A71DD44AE.d.1C143C3B8B43AA02955E9B5EEAD5EA6F.e.1002"}]}
COMMAND: GET /session/7f1686e11a340d92304ee7762c65784d/screenshot - {}
RESULT: {}
RESULT: {"script":"<script> [5351 bytes]","args":[{"element-6066-11e4-a52e-4f735466cecf":"f.45271FC9FC22FBF7EF0A590A71DD44AE.d.1C143C3B8B43AA02955E9B5EEAD5EA6F.e.1002","ELEMENT":"f.45271FC9FC22FBF7EF0A590A71DD44AE.d.1C143C3B8B43AA02955E9B5EEAD5EA6F.e.1002"}]}
COMMAND: GET /session/7f1686e11a340d92304ee7762c65784d/screenshot - {}
RESULT: {}
RESULT: {}
COMMAND: POST /session/7f1686e11a340d92304ee7762c65784d/window/fullscreen - {}
RESULT: {}
COMMAND: POST /session/7f1686e11a340d92304ee7762c65784d/execute/async - {"script":"<script> [1562 bytes]","args":[{"selector":{"controlType":"sap.m.GenericTile","properties":{"header":"Manage Partners"}},"wdio_ui5_key":"sapm.GenericTile{\"header\":\"Manage Partners\"}"}]}
RESULT: {"script":"<script> [1562 bytes]","args":[{"selector":{"controlType":"sap.m.GenericTile","properties":{"header":"Manage Partners"}},"wdio_ui5_key":"sapm.GenericTile{\"header\":\"Manage Partners\"}"}]}
RESULT: undefined
COMMAND: POST /session/7f1686e11a340d92304ee7762c65784d/element - {"using":"xpath","value":"//*[@id=\"__tile38\"]"}
RESULT: {"using":"xpath","value":"//*[@id=\"__tile38\"]"}
COMMAND: POST /session/7f1686e11a340d92304ee7762c65784d/element/f.45271FC9FC22FBF7EF0A590A71DD44AE.d.1C143C3B8B43AA02955E9B5EEAD5EA6F.e.169/click - {}
RESULT: {}
COMMAND: POST /session/7f1686e11a340d92304ee7762c65784d/element - {"using":"xpath","value":"//button[@data-kt=\"addButton\"]"}
COMMAND: GET /session/7f1686e11a340d92304ee7762c65784d/screenshot - {}
RESULT: {}
RESULT: {"using":"xpath","value":"//button[@data-kt=\"addButton\"]"}
COMMAND: POST /session/7f1686e11a340d92304ee7762c65784d/elements - {"using":"xpath","value":"//button[@data-kt=\"addButton\"]"}
RESULT: {"using":"xpath","value":"//button[@data-kt=\"addButton\"]"}
COMMAND: POST /session/7f1686e11a340d92304ee7762c65784d/elements - {"using":"xpath","value":"//button[@data-kt=\"addButton\"]"}
RESULT: {"using":"xpath","value":"//button[@data-kt=\"addButton\"]"}
COMMAND: POST /session/7f1686e11a340d92304ee7762c65784d/elements - {"using":"xpath","value":"//button[@data-kt=\"addButton\"]"}
RESULT: {"using":"xpath","value":"//button[@data-kt=\"addButton\"]"}
COMMAND: POST /session/7f1686e11a340d92304ee7762c65784d/elements - {"using":"xpath","value":"//button[@data-kt=\"addButton\"]"}
RESULT: {"using":"xpath","value":"//button[@data-kt=\"addButton\"]"}
COMMAND: POST /session/7f1686e11a340d92304ee7762c65784d/elements - {"using":"xpath","value":"//button[@data-kt=\"addButton\"]"}
RESULT: {"using":"xpath","value":"//button[@data-kt=\"addButton\"]"}
COMMAND: POST /session/7f1686e11a340d92304ee7762c65784d/elements - {"using":"xpath","value":"//button[@data-kt=\"addButton\"]"}
RESULT: {"using":"xpath","value":"//button[@data-kt=\"addButton\"]"}
COMMAND: POST /session/7f1686e11a340d92304ee7762c65784d/elements - {"using":"xpath","value":"//button[@data-kt=\"addButton\"]"}
RESULT: {"using":"xpath","value":"//button[@data-kt=\"addButton\"]"}
COMMAND: POST /session/7f1686e11a340d92304ee7762c65784d/elements - {"using":"xpath","value":"//button[@data-kt=\"addButton\"]"}
RESULT: {"using":"xpath","value":"//button[@data-kt=\"addButton\"]"}
COMMAND: POST /session/7f1686e11a340d92304ee7762c65784d/elements - {"using":"xpath","value":"//button[@data-kt=\"addButton\"]"}
RESULT: {"using":"xpath","value":"//button[@data-kt=\"addButton\"]"}
COMMAND: POST /session/7f1686e11a340d92304ee7762c65784d/elements - {"using":"xpath","value":"//button[@data-kt=\"addButton\"]"}
RESULT: {"using":"xpath","value":"//button[@data-kt=\"addButton\"]"}
COMMAND: POST /session/7f1686e11a340d92304ee7762c65784d/elements - {"using":"xpath","value":"//button[@data-kt=\"addButton\"]"}
RESULT: {"using":"xpath","value":"//button[@data-kt=\"addButton\"]"}
COMMAND: POST /session/7f1686e11a340d92304ee7762c65784d/elements - {"using":"xpath","value":"//button[@data-kt=\"addButton\"]"}
RESULT: {"using":"xpath","value":"//button[@data-kt=\"addButton\"]"}
COMMAND: POST /session/7f1686e11a340d92304ee7762c65784d/elements - {"using":"xpath","value":"//button[@data-kt=\"addButton\"]"}
RESULT: {"using":"xpath","value":"//button[@data-kt=\"addButton\"]"}
COMMAND: POST /session/7f1686e11a340d92304ee7762c65784d/elements - {"using":"xpath","value":"//button[@data-kt=\"addButton\"]"}
RESULT: {"using":"xpath","value":"//button[@data-kt=\"addButton\"]"}
COMMAND: POST /session/7f1686e11a340d92304ee7762c65784d/elements - {"using":"xpath","value":"//button[@data-kt=\"addButton\"]"}
RESULT: {"using":"xpath","value":"//button[@data-kt=\"addButton\"]"}
COMMAND: POST /session/7f1686e11a340d92304ee7762c65784d/elements - {"using":"xpath","value":"//button[@data-kt=\"addButton\"]"}
RESULT: {"using":"xpath","value":"//button[@data-kt=\"addButton\"]"}
COMMAND: POST /session/7f1686e11a340d92304ee7762c65784d/elements - {"using":"xpath","value":"//button[@data-kt=\"addButton\"]"}
RESULT: {"using":"xpath","value":"//button[@data-kt=\"addButton\"]"}
COMMAND: POST /session/7f1686e11a340d92304ee7762c65784d/elements - {"using":"xpath","value":"//button[@data-kt=\"addButton\"]"}
RESULT: {"using":"xpath","value":"//button[@data-kt=\"addButton\"]"}
COMMAND: POST /session/7f1686e11a340d92304ee7762c65784d/elements - {"using":"xpath","value":"//button[@data-kt=\"addButton\"]"}
RESULT: {"using":"xpath","value":"//button[@data-kt=\"addButton\"]"}
COMMAND: POST /session/7f1686e11a340d92304ee7762c65784d/elements - {"using":"xpath","value":"//button[@data-kt=\"addButton\"]"}
RESULT: {"using":"xpath","value":"//button[@data-kt=\"addButton\"]"}
COMMAND: POST /session/7f1686e11a340d92304ee7762c65784d/elements - {"using":"xpath","value":"//button[@data-kt=\"addButton\"]"}
RESULT: {"using":"xpath","value":"//button[@data-kt=\"addButton\"]"}
COMMAND: POST /session/7f1686e11a340d92304ee7762c65784d/elements - {"using":"xpath","value":"//button[@data-kt=\"addButton\"]"}
RESULT: {"using":"xpath","value":"//button[@data-kt=\"addButton\"]"}
COMMAND: POST /session/7f1686e11a340d92304ee7762c65784d/elements - {"using":"xpath","value":"//button[@data-kt=\"addButton\"]"}
RESULT: {"using":"xpath","value":"//button[@data-kt=\"addButton\"]"}
COMMAND: POST /session/7f1686e11a340d92304ee7762c65784d/element - {"using":"xpath","value":"//button[@data-kt=\"addButton\"]"}
RESULT: {"using":"xpath","value":"//button[@data-kt=\"addButton\"]"}
COMMAND: POST /session/7f1686e11a340d92304ee7762c65784d/execute/sync - {"script":"<script> [8489 bytes]","args":[{"element-6066-11e4-a52e-4f735466cecf":"f.45271FC9FC22FBF7EF0A590A71DD44AE.d.1C143C3B8B43AA02955E9B5EEAD5EA6F.e.1047","ELEMENT":"f.45271FC9FC22FBF7EF0A590A71DD44AE.d.1C143C3B8B43AA02955E9B5EEAD5EA6F.e.1047"}]}
RESULT: {"script":"<script> [8489 bytes]","args":[{"element-6066-11e4-a52e-4f735466cecf":"f.45271FC9FC22FBF7EF0A590A71DD44AE.d.1C143C3B8B43AA02955E9B5EEAD5EA6F.e.1047","ELEMENT":"f.45271FC9FC22FBF7EF0A590A71DD44AE.d.1C143C3B8B43AA02955E9B5EEAD5EA6F.e.1047"}]}
COMMAND: GET /session/7f1686e11a340d92304ee7762c65784d/element/f.45271FC9FC22FBF7EF0A590A71DD44AE.d.1C143C3B8B43AA02955E9B5EEAD5EA6F.e.1047/enabled - {}
COMMAND: GET /session/7f1686e11a340d92304ee7762c65784d/screenshot - {}
RESULT: {}
COMMAND: POST /session/7f1686e11a340d92304ee7762c65784d/execute/sync - {"script":"<script> [8489 bytes]","args":[{"element-6066-11e4-a52e-4f735466cecf":"f.45271FC9FC22FBF7EF0A590A71DD44AE.d.1C143C3B8B43AA02955E9B5EEAD5EA6F.e.1047","ELEMENT":"f.45271FC9FC22FBF7EF0A590A71DD44AE.d.1C143C3B8B43AA02955E9B5EEAD5EA6F.e.1047"}]}
COMMAND: GET /session/7f1686e11a340d92304ee7762c65784d/screenshot - {}
RESULT: {}
RESULT: {"script":"<script> [8489 bytes]","args":[{"element-6066-11e4-a52e-4f735466cecf":"f.45271FC9FC22FBF7EF0A590A71DD44AE.d.1C143C3B8B43AA02955E9B5EEAD5EA6F.e.1047","ELEMENT":"f.45271FC9FC22FBF7EF0A590A71DD44AE.d.1C143C3B8B43AA02955E9B5EEAD5EA6F.e.1047"}]}
COMMAND: POST /session/7f1686e11a340d92304ee7762c65784d/execute/sync - {"script":"<script> [5351 bytes]","args":[{"element-6066-11e4-a52e-4f735466cecf":"f.45271FC9FC22FBF7EF0A590A71DD44AE.d.1C143C3B8B43AA02955E9B5EEAD5EA6F.e.1047","ELEMENT":"f.45271FC9FC22FBF7EF0A590A71DD44AE.d.1C143C3B8B43AA02955E9B5EEAD5EA6F.e.1047"}]}
COMMAND: GET /session/7f1686e11a340d92304ee7762c65784d/screenshot - {}
RESULT: {}
RESULT: {"script":"<script> [5351 bytes]","args":[{"element-6066-11e4-a52e-4f735466cecf":"f.45271FC9FC22FBF7EF0A590A71DD44AE.d.1C143C3B8B43AA02955E9B5EEAD5EA6F.e.1047","ELEMENT":"f.45271FC9FC22FBF7EF0A590A71DD44AE.d.1C143C3B8B43AA02955E9B5EEAD5EA6F.e.1047"}]}
COMMAND: POST /session/7f1686e11a340d92304ee7762c65784d/element/f.45271FC9FC22FBF7EF0A590A71DD44AE.d.1C143C3B8B43AA02955E9B5EEAD5EA6F.e.1047/click - {}
COMMAND: GET /session/7f1686e11a340d92304ee7762c65784d/screenshot - {}
RESULT: {}
RESULT: {}
COMMAND: GET /session/7f1686e11a340d92304ee7762c65784d/screenshot - {}
COMMAND: POST /session/7f1686e11a340d92304ee7762c65784d/execute/async - {"script":"<script> [1562 bytes]","args":[{"selector":{"id":"application-managepartners-display-component---NewPartner--addressDetailDetailsName1","interaction":{"idSuffix":"inner"}},"wdio_ui5_key":"applicationmanagepartners-display-component---NewPartner--addressDetailDetailsName1"}]}
RESULT: {}
RESULT: {}
RESULT: {"script":"<script> [1562 bytes]","args":[{"selector":{"id":"application-managepartners-display-component---NewPartner--addressDetailDetailsName1","interaction":{"idSuffix":"inner"}},"wdio_ui5_key":"applicationmanagepartners-display-component---NewPartner--addressDetailDetailsName1"}]}
RESULT: undefined
COMMAND: POST /session/7f1686e11a340d92304ee7762c65784d/execute/async - {"script":"<script> [776 bytes]","args":[{"enterText":"External Partner WDIO","selector":{"id":"application-managepartners-display-component---NewPartner--addressDetailDetailsName1","interaction":{"idSuffix":"inner"}},"clearTextFirst":true,"interactionType":"ENTER_TEXT"}]}
RESULT: {"script":"<script> [776 bytes]","args":[{"enterText":"External Partner WDIO","selector":{"id":"application-managepartners-display-component---NewPartner--addressDetailDetailsName1","interaction":{"idSuffix":"inner"}},"clearTextFirst":true,"interactionType":"ENTER_TEXT"}]}
COMMAND: POST /session/7f1686e11a340d92304ee7762c65784d/execute/async - {"script":"<script> [1562 bytes]","args":[{"selector":{"id":"application-managepartners-display-component---NewPartner--addressDetailDetailsLanguage-arrow"},"wdio_ui5_key":"applicationmanagepartners-display-component---NewPartner--addressDetailDetailsLanguage-arrow"}]}
RESULT: {"script":"<script> [1562 bytes]","args":[{"selector":{"id":"application-managepartners-display-component---NewPartner--addressDetailDetailsLanguage-arrow"},"wdio_ui5_key":"applicationmanagepartners-display-component---NewPartner--addressDetailDetailsLanguage-arrow"}]}
RESULT: undefined
COMMAND: POST /session/7f1686e11a340d92304ee7762c65784d/element - {"using":"xpath","value":"//*[@id=\"application-managepartners-display-component---NewPartner--addressDetailDetailsLanguage-arrow\"]"}
RESULT: {"using":"xpath","value":"//*[@id=\"application-managepartners-display-component---NewPartner--addressDetailDetailsLanguage-arrow\"]"}
COMMAND: POST /session/7f1686e11a340d92304ee7762c65784d/element/f.45271FC9FC22FBF7EF0A590A71DD44AE.d.1C143C3B8B43AA02955E9B5EEAD5EA6F.e.1493/click - {}
RESULT: {}
COMMAND: POST /session/7f1686e11a340d92304ee7762c65784d/element - {"using":"xpath","value":"//span[contains(text(), \"English\")]"}
COMMAND: GET /session/7f1686e11a340d92304ee7762c65784d/screenshot - {}
RESULT: {"using":"xpath","value":"//span[contains(text(), \"English\")]"}
COMMAND: POST /session/7f1686e11a340d92304ee7762c65784d/element/f.45271FC9FC22FBF7EF0A590A71DD44AE.d.1C143C3B8B43AA02955E9B5EEAD5EA6F.e.1494/click - {}
RESULT: {}
RESULT: {}
COMMAND: GET /session/7f1686e11a340d92304ee7762c65784d/screenshot - {}
RESULT: {}
COMMAND: POST /session/7f1686e11a340d92304ee7762c65784d/execute/async - {"script":"<script> [1562 bytes]","args":[{"selector":{"id":"application-managepartners-display-component---NewPartner--addressDetailDetailsCity1","interaction":{"idSuffix":"inner"}},"wdio_ui5_key":"applicationmanagepartners-display-component---NewPartner--addressDetailDetailsCity1"}]}
RESULT: {"script":"<script> [1562 bytes]","args":[{"selector":{"id":"application-managepartners-display-component---NewPartner--addressDetailDetailsCity1","interaction":{"idSuffix":"inner"}},"wdio_ui5_key":"applicationmanagepartners-display-component---NewPartner--addressDetailDetailsCity1"}]}
RESULT: undefined
COMMAND: POST /session/7f1686e11a340d92304ee7762c65784d/execute/async - {"script":"<script> [776 bytes]","args":[{"enterText":"Rosario","selector":{"id":"application-managepartners-display-component---NewPartner--addressDetailDetailsCity1","interaction":{"idSuffix":"inner"}},"clearTextFirst":true,"interactionType":"ENTER_TEXT"}]}
RESULT: {"script":"<script> [776 bytes]","args":[{"enterText":"Rosario","selector":{"id":"application-managepartners-display-component---NewPartner--addressDetailDetailsCity1","interaction":{"idSuffix":"inner"}},"clearTextFirst":true,"interactionType":"ENTER_TEXT"}]}
COMMAND: POST /session/7f1686e11a340d92304ee7762c65784d/execute/async - {"script":"<script> [1562 bytes]","args":[{"selector":{"id":"application-managepartners-display-component---NewPartner--addressDetailDetailsCountry-arrow"},"wdio_ui5_key":"applicationmanagepartners-display-component---NewPartner--addressDetailDetailsCountry-arrow"}]}
RESULT: {"script":"<script> [1562 bytes]","args":[{"selector":{"id":"application-managepartners-display-component---NewPartner--addressDetailDetailsCountry-arrow"},"wdio_ui5_key":"applicationmanagepartners-display-component---NewPartner--addressDetailDetailsCountry-arrow"}]}
RESULT: undefined
COMMAND: POST /session/7f1686e11a340d92304ee7762c65784d/element - {"using":"xpath","value":"//*[@id=\"application-managepartners-display-component---NewPartner--addressDetailDetailsCountry-arrow\"]"}
RESULT: {"using":"xpath","value":"//*[@id=\"application-managepartners-display-component---NewPartner--addressDetailDetailsCountry-arrow\"]"}
COMMAND: POST /session/7f1686e11a340d92304ee7762c65784d/element/f.45271FC9FC22FBF7EF0A590A71DD44AE.d.1C143C3B8B43AA02955E9B5EEAD5EA6F.e.1461/click - {}
RESULT: {}
COMMAND: POST /session/7f1686e11a340d92304ee7762c65784d/element - {"using":"xpath","value":"//span[contains(text(), \"Argentina\")]"}
COMMAND: GET /session/7f1686e11a340d92304ee7762c65784d/screenshot - {}
RESULT: {"using":"xpath","value":"//span[contains(text(), \"Argentina\")]"}
COMMAND: POST /session/7f1686e11a340d92304ee7762c65784d/element/f.45271FC9FC22FBF7EF0A590A71DD44AE.d.1C143C3B8B43AA02955E9B5EEAD5EA6F.e.1496/click - {}
RESULT: {}
RESULT: {}
COMMAND: GET /session/7f1686e11a340d92304ee7762c65784d/screenshot - {}
RESULT: {}
COMMAND: POST /session/7f1686e11a340d92304ee7762c65784d/element - {"using":"xpath","value":"//bdi[contains(text(), \"Commercial\")]"}
RESULT: {"using":"xpath","value":"//bdi[contains(text(), \"Commercial\")]"}
COMMAND: POST /session/7f1686e11a340d92304ee7762c65784d/element/f.45271FC9FC22FBF7EF0A590A71DD44AE.d.1C143C3B8B43AA02955E9B5EEAD5EA6F.e.1497/click - {}
RESULT: {}
COMMAND: GET /session/7f1686e11a340d92304ee7762c65784d/screenshot - {}
RESULT: {}
COMMAND: POST /session/7f1686e11a340d92304ee7762c65784d/execute/async - {"script":"<script> [1562 bytes]","args":[{"selector":{"id":"application-managepartners-display-component---NewPartner--partnerDetailInternal-arrow"},"wdio_ui5_key":"applicationmanagepartners-display-component---NewPartner--partnerDetailInternal-arrow"}]}
RESULT: {"script":"<script> [1562 bytes]","args":[{"selector":{"id":"application-managepartners-display-component---NewPartner--partnerDetailInternal-arrow"},"wdio_ui5_key":"applicationmanagepartners-display-component---NewPartner--partnerDetailInternal-arrow"}]}
RESULT: undefined
COMMAND: POST /session/7f1686e11a340d92304ee7762c65784d/element - {"using":"xpath","value":"//*[@id=\"application-managepartners-display-component---NewPartner--partnerDetailInternal-arrow\"]"}
RESULT: {"using":"xpath","value":"//*[@id=\"application-managepartners-display-component---NewPartner--partnerDetailInternal-arrow\"]"}
COMMAND: POST /session/7f1686e11a340d92304ee7762c65784d/element/f.45271FC9FC22FBF7EF0A590A71DD44AE.d.1C143C3B8B43AA02955E9B5EEAD5EA6F.e.1503/click - {}
RESULT: {}
COMMAND: POST /session/7f1686e11a340d92304ee7762c65784d/element - {"using":"xpath","value":"//span[contains(text(), \"External partner\")]"}
COMMAND: GET /session/7f1686e11a340d92304ee7762c65784d/screenshot - {}
RESULT: {"using":"xpath","value":"//span[contains(text(), \"External partner\")]"}
COMMAND: POST /session/7f1686e11a340d92304ee7762c65784d/element/f.45271FC9FC22FBF7EF0A590A71DD44AE.d.1C143C3B8B43AA02955E9B5EEAD5EA6F.e.1504/click - {}
RESULT: {}
RESULT: {}
COMMAND: POST /session/7f1686e11a340d92304ee7762c65784d/execute/async - {"script":"<script> [1562 bytes]","args":[{"selector":{"id":"application-managepartners-display-component---NewPartner--partnerDetailsCurrency-arrow"},"wdio_ui5_key":"applicationmanagepartners-display-component---NewPartner--partnerDetailsCurrency-arrow"}]}
COMMAND: GET /session/7f1686e11a340d92304ee7762c65784d/screenshot - {}
RESULT: {"script":"<script> [1562 bytes]","args":[{"selector":{"id":"application-managepartners-display-component---NewPartner--partnerDetailsCurrency-arrow"},"wdio_ui5_key":"applicationmanagepartners-display-component---NewPartner--partnerDetailsCurrency-arrow"}]}
RESULT: undefined
COMMAND: POST /session/7f1686e11a340d92304ee7762c65784d/element - {"using":"xpath","value":"//*[@id=\"application-managepartners-display-component---NewPartner--partnerDetailsCurrency-arrow\"]"}
RESULT: {}
RESULT: {"using":"xpath","value":"//*[@id=\"application-managepartners-display-component---NewPartner--partnerDetailsCurrency-arrow\"]"}
COMMAND: POST /session/7f1686e11a340d92304ee7762c65784d/element/f.45271FC9FC22FBF7EF0A590A71DD44AE.d.1C143C3B8B43AA02955E9B5EEAD5EA6F.e.1509/click - {}
RESULT: {}
COMMAND: POST /session/7f1686e11a340d92304ee7762c65784d/element - {"using":"xpath","value":"//span[contains(text(), \"US Dollar\")]"}
COMMAND: GET /session/7f1686e11a340d92304ee7762c65784d/screenshot - {}
RESULT: {"using":"xpath","value":"//span[contains(text(), \"US Dollar\")]"}
COMMAND: POST /session/7f1686e11a340d92304ee7762c65784d/element/f.45271FC9FC22FBF7EF0A590A71DD44AE.d.1C143C3B8B43AA02955E9B5EEAD5EA6F.e.1510/click - {}
RESULT: {}
RESULT: {}
COMMAND: GET /session/7f1686e11a340d92304ee7762c65784d/screenshot - {}
RESULT: {}
COMMAND: POST /session/7f1686e11a340d92304ee7762c65784d/element - {"using":"xpath","value":"//input[@id=\"application-managepartners-display-component---NewPartner--companyCodeComboBox-inner\"]"}
RESULT: {"using":"xpath","value":"//input[@id=\"application-managepartners-display-component---NewPartner--companyCodeComboBox-inner\"]"}
COMMAND: POST /session/7f1686e11a340d92304ee7762c65784d/element/f.45271FC9FC22FBF7EF0A590A71DD44AE.d.1C143C3B8B43AA02955E9B5EEAD5EA6F.e.1353/clear - {}
RESULT: {}
COMMAND: POST /session/7f1686e11a340d92304ee7762c65784d/element/f.45271FC9FC22FBF7EF0A590A71DD44AE.d.1C143C3B8B43AA02955E9B5EEAD5EA6F.e.1353/value - {"text":"C002"}
COMMAND: GET /session/7f1686e11a340d92304ee7762c65784d/screenshot - {}
RESULT: {"text":"C002"}
COMMAND: GET /session/7f1686e11a340d92304ee7762c65784d/screenshot - {}
RESULT: {}
RESULT: {}
COMMAND: POST /session/7f1686e11a340d92304ee7762c65784d/element - {"using":"xpath","value":"//span[contains(text(), \"C002\")]"}
RESULT: {"using":"xpath","value":"//span[contains(text(), \"C002\")]"}
COMMAND: POST /session/7f1686e11a340d92304ee7762c65784d/element/f.45271FC9FC22FBF7EF0A590A71DD44AE.d.1C143C3B8B43AA02955E9B5EEAD5EA6F.e.1514/click - {}
RESULT: {}
COMMAND: GET /session/7f1686e11a340d92304ee7762c65784d/screenshot - {}
RESULT: {}
COMMAND: POST /session/7f1686e11a340d92304ee7762c65784d/execute/async - {"script":"<script> [1562 bytes]","args":[{"selector":{"id":"application-managepartners-display-component---NewPartner--btnAddTableRow-img"},"wdio_ui5_key":"applicationmanagepartners-display-component---NewPartner--btnAddTableRow-img"}]}
RESULT: {"script":"<script> [1562 bytes]","args":[{"selector":{"id":"application-managepartners-display-component---NewPartner--btnAddTableRow-img"},"wdio_ui5_key":"applicationmanagepartners-display-component---NewPartner--btnAddTableRow-img"}]}
RESULT: undefined
COMMAND: POST /session/7f1686e11a340d92304ee7762c65784d/element - {"using":"xpath","value":"//*[@id=\"application-managepartners-display-component---NewPartner--btnAddTableRow-img\"]"}
RESULT: {"using":"xpath","value":"//*[@id=\"application-managepartners-display-component---NewPartner--btnAddTableRow-img\"]"}
COMMAND: POST /session/7f1686e11a340d92304ee7762c65784d/element/f.45271FC9FC22FBF7EF0A590A71DD44AE.d.1C143C3B8B43AA02955E9B5EEAD5EA6F.e.1515/click - {}
RESULT: {}
COMMAND: GET /session/7f1686e11a340d92304ee7762c65784d/screenshot - {}
RESULT: {}
COMMAND: POST /session/7f1686e11a340d92304ee7762c65784d/element - {"using":"xpath","value":"//input[@id=\"application-managepartners-display-component---NewPartner--assignmentYard-application-managepartners-display-component---NewPartner--assignmentsTable-0-inner\"]"}
RESULT: {"using":"xpath","value":"//input[@id=\"application-managepartners-display-component---NewPartner--assignmentYard-application-managepartners-display-component---NewPartner--assignmentsTable-0-inner\"]"}
COMMAND: POST /session/7f1686e11a340d92304ee7762c65784d/element/f.45271FC9FC22FBF7EF0A590A71DD44AE.d.1C143C3B8B43AA02955E9B5EEAD5EA6F.e.1518/clear - {}
RESULT: {}
COMMAND: POST /session/7f1686e11a340d92304ee7762c65784d/element/f.45271FC9FC22FBF7EF0A590A71DD44AE.d.1C143C3B8B43AA02955E9B5EEAD5EA6F.e.1518/value - {"text":"553"}
COMMAND: GET /session/7f1686e11a340d92304ee7762c65784d/screenshot - {}
RESULT: {"text":"553"}
COMMAND: GET /session/7f1686e11a340d92304ee7762c65784d/screenshot - {}
RESULT: {}
RESULT: {}
COMMAND: POST /session/7f1686e11a340d92304ee7762c65784d/element - {"using":"xpath","value":"//li[.//span[text()='553']]"}
RESULT: {"using":"xpath","value":"//li[.//span[text()='553']]"}
COMMAND: POST /session/7f1686e11a340d92304ee7762c65784d/element/f.45271FC9FC22FBF7EF0A590A71DD44AE.d.1C143C3B8B43AA02955E9B5EEAD5EA6F.e.1526/click - {}
RESULT: {}
COMMAND: GET /session/7f1686e11a340d92304ee7762c65784d/screenshot - {}
RESULT: {}
COMMAND: POST /session/7f1686e11a340d92304ee7762c65784d/actions - {"actions":[{"id":"action2","type":"key","parameters":{},"actions":[{"type":"keyDown","value":""},{"type":"pause","duration":10},{"type":"keyUp","value":""}]}]}
RESULT: {"actions":[{"id":"action2","type":"key","parameters":{},"actions":[{"type":"keyDown","value":""},{"type":"pause","duration":10},{"type":"keyUp","value":""}]}]}
COMMAND: POST /session/7f1686e11a340d92304ee7762c65784d/element - {"using":"xpath","value":"//td[contains(@id, \"assignmentsTable-0-cell2\")]/div/div"}
COMMAND: GET /session/7f1686e11a340d92304ee7762c65784d/screenshot - {}
RESULT: {"using":"xpath","value":"//td[contains(@id, \"assignmentsTable-0-cell2\")]/div/div"}
COMMAND: POST /session/7f1686e11a340d92304ee7762c65784d/element/f.45271FC9FC22FBF7EF0A590A71DD44AE.d.1C143C3B8B43AA02955E9B5EEAD5EA6F.e.1529/click - {}
RESULT: {}
RESULT: {}
COMMAND: GET /session/7f1686e11a340d92304ee7762c65784d/screenshot - {}
RESULT: {}
COMMAND: POST /session/7f1686e11a340d92304ee7762c65784d/element - {"using":"xpath","value":"//button[@data-kt=\"saveButton\"]"}
RESULT: {"using":"xpath","value":"//button[@data-kt=\"saveButton\"]"}
COMMAND: POST /session/7f1686e11a340d92304ee7762c65784d/element/f.45271FC9FC22FBF7EF0A590A71DD44AE.d.1C143C3B8B43AA02955E9B5EEAD5EA6F.e.1404/click - {}
RESULT: {}
COMMAND: GET /session/7f1686e11a340d92304ee7762c65784d/screenshot - {}
RESULT: {}
COMMAND: POST /session/7f1686e11a340d92304ee7762c65784d/element - {"using":"xpath","value":"//header[contains(@id, 'ObjectPageLayout-headerTitle')]/div[1]/div[2]/div[2]/span[1]"}
RESULT: {"using":"xpath","value":"//header[contains(@id, 'ObjectPageLayout-headerTitle')]/div[1]/div[2]/div[2]/span[1]"}
COMMAND: POST /session/7f1686e11a340d92304ee7762c65784d/elements - {"using":"xpath","value":"//header[contains(@id, 'ObjectPageLayout-headerTitle')]/div[1]/div[2]/div[2]/span[1]"}
RESULT: {"using":"xpath","value":"//header[contains(@id, 'ObjectPageLayout-headerTitle')]/div[1]/div[2]/div[2]/span[1]"}
COMMAND: POST /session/7f1686e11a340d92304ee7762c65784d/execute/sync - {"script":"<script> [56 bytes]","args":[{"element-6066-11e4-a52e-4f735466cecf":"f.45271FC9FC22FBF7EF0A590A71DD44AE.d.1C143C3B8B43AA02955E9B5EEAD5EA6F.e.1690","ELEMENT":"f.45271FC9FC22FBF7EF0A590A71DD44AE.d.1C143C3B8B43AA02955E9B5EEAD5EA6F.e.1690"}]}
RESULT: {"script":"<script> [56 bytes]","args":[{"element-6066-11e4-a52e-4f735466cecf":"f.45271FC9FC22FBF7EF0A590A71DD44AE.d.1C143C3B8B43AA02955E9B5EEAD5EA6F.e.1690","ELEMENT":"f.45271FC9FC22FBF7EF0A590A71DD44AE.d.1C143C3B8B43AA02955E9B5EEAD5EA6F.e.1690"}]}
COMMAND: POST /session/7f1686e11a340d92304ee7762c65784d/element - {"using":"css selector","value":"#shell-header-logo"}
COMMAND: GET /session/7f1686e11a340d92304ee7762c65784d/screenshot - {}
RESULT: {"using":"css selector","value":"#shell-header-logo"}
COMMAND: POST /session/7f1686e11a340d92304ee7762c65784d/element/f.45271FC9FC22FBF7EF0A590A71DD44AE.d.1C143C3B8B43AA02955E9B5EEAD5EA6F.e.1002/click - {}
RESULT: {}
RESULT: {}
COMMAND: GET /session/7f1686e11a340d92304ee7762c65784d/screenshot - {}
RESULT: {}
COMMAND: POST /session/7f1686e11a340d92304ee7762c65784d/execute/sync - {"script":"<script> [299 bytes]","args":[["getModel","getResource"]]}
RESULT: {"script":"<script> [299 bytes]","args":[["getModel","getResource"]]}
COMMAND: GET /session/7f1686e11a340d92304ee7762c65784d/screenshot - {}
]]></system-out>
    </testcase>
    <testcase classname="chrome.135_0_7049_42.windows.Partner_specific_tests_US150819_US151080_US151654_US151176_US103444_US151078_US151079_US151109_US151174_US151175_US151189" name="Should filter and search partners US151080" time="94.061">
      <system-out><![CDATA[
COMMAND: POST /session/7f1686e11a340d92304ee7762c65784d/element - {"using":"xpath","value":"//li[.//span[text()=\"Manage Partners\"]]"}
RESULT: {}
RESULT: {"using":"xpath","value":"//li[.//span[text()=\"Manage Partners\"]]"}
COMMAND: POST /session/7f1686e11a340d92304ee7762c65784d/element - {"using":"xpath","value":"//li[.//span[text()=\"Manage Partners\"]]"}
RESULT: {"using":"xpath","value":"//li[.//span[text()=\"Manage Partners\"]]"}
COMMAND: POST /session/7f1686e11a340d92304ee7762c65784d/element - {"using":"css selector","value":"#shell-header-logo"}
RESULT: {"using":"css selector","value":"#shell-header-logo"}
COMMAND: POST /session/7f1686e11a340d92304ee7762c65784d/element/f.45271FC9FC22FBF7EF0A590A71DD44AE.d.1C143C3B8B43AA02955E9B5EEAD5EA6F.e.1692/click - {}
COMMAND: POST /session/7f1686e11a340d92304ee7762c65784d/execute/sync - {"script":"<script> [8489 bytes]","args":[{"element-6066-11e4-a52e-4f735466cecf":"f.45271FC9FC22FBF7EF0A590A71DD44AE.d.1C143C3B8B43AA02955E9B5EEAD5EA6F.e.1692","ELEMENT":"f.45271FC9FC22FBF7EF0A590A71DD44AE.d.1C143C3B8B43AA02955E9B5EEAD5EA6F.e.1692"}]}
RESULT: {}
COMMAND: GET /session/7f1686e11a340d92304ee7762c65784d/screenshot - {}
RESULT: {"script":"<script> [8489 bytes]","args":[{"element-6066-11e4-a52e-4f735466cecf":"f.45271FC9FC22FBF7EF0A590A71DD44AE.d.1C143C3B8B43AA02955E9B5EEAD5EA6F.e.1692","ELEMENT":"f.45271FC9FC22FBF7EF0A590A71DD44AE.d.1C143C3B8B43AA02955E9B5EEAD5EA6F.e.1692"}]}
COMMAND: POST /session/7f1686e11a340d92304ee7762c65784d/execute/sync - {"script":"<script> [5351 bytes]","args":[{"element-6066-11e4-a52e-4f735466cecf":"f.45271FC9FC22FBF7EF0A590A71DD44AE.d.1C143C3B8B43AA02955E9B5EEAD5EA6F.e.1692","ELEMENT":"f.45271FC9FC22FBF7EF0A590A71DD44AE.d.1C143C3B8B43AA02955E9B5EEAD5EA6F.e.1692"}]}
COMMAND: GET /session/7f1686e11a340d92304ee7762c65784d/screenshot - {}
RESULT: {}
RESULT: {"script":"<script> [5351 bytes]","args":[{"element-6066-11e4-a52e-4f735466cecf":"f.45271FC9FC22FBF7EF0A590A71DD44AE.d.1C143C3B8B43AA02955E9B5EEAD5EA6F.e.1692","ELEMENT":"f.45271FC9FC22FBF7EF0A590A71DD44AE.d.1C143C3B8B43AA02955E9B5EEAD5EA6F.e.1692"}]}
COMMAND: GET /session/7f1686e11a340d92304ee7762c65784d/screenshot - {}
RESULT: {}
RESULT: {}
RESULT: undefined
COMMAND: POST /session/7f1686e11a340d92304ee7762c65784d/element - {"using":"xpath","value":"//*[@id=\"__tile38\"]"}
RESULT: {"using":"xpath","value":"//*[@id=\"__tile38\"]"}
COMMAND: POST /session/7f1686e11a340d92304ee7762c65784d/element/f.45271FC9FC22FBF7EF0A590A71DD44AE.d.1C143C3B8B43AA02955E9B5EEAD5EA6F.e.169/click - {}
RESULT: {}
COMMAND: POST /session/7f1686e11a340d92304ee7762c65784d/element - {"using":"xpath","value":"//button[@data-kt=\"addButton\"]"}
COMMAND: GET /session/7f1686e11a340d92304ee7762c65784d/screenshot - {}
RESULT: {"using":"xpath","value":"//button[@data-kt=\"addButton\"]"}
COMMAND: POST /session/7f1686e11a340d92304ee7762c65784d/elements - {"using":"xpath","value":"//button[@data-kt=\"addButton\"]"}
RESULT: {}
RESULT: {"using":"xpath","value":"//button[@data-kt=\"addButton\"]"}
COMMAND: POST /session/7f1686e11a340d92304ee7762c65784d/elements - {"using":"xpath","value":"//button[@data-kt=\"addButton\"]"}
RESULT: {"using":"xpath","value":"//button[@data-kt=\"addButton\"]"}
COMMAND: POST /session/7f1686e11a340d92304ee7762c65784d/elements - {"using":"xpath","value":"//button[@data-kt=\"addButton\"]"}
RESULT: {"using":"xpath","value":"//button[@data-kt=\"addButton\"]"}
COMMAND: POST /session/7f1686e11a340d92304ee7762c65784d/elements - {"using":"xpath","value":"//button[@data-kt=\"addButton\"]"}
RESULT: {"using":"xpath","value":"//button[@data-kt=\"addButton\"]"}
COMMAND: POST /session/7f1686e11a340d92304ee7762c65784d/elements - {"using":"xpath","value":"//button[@data-kt=\"addButton\"]"}
RESULT: {"using":"xpath","value":"//button[@data-kt=\"addButton\"]"}
COMMAND: POST /session/7f1686e11a340d92304ee7762c65784d/elements - {"using":"xpath","value":"//button[@data-kt=\"addButton\"]"}
RESULT: {"using":"xpath","value":"//button[@data-kt=\"addButton\"]"}
COMMAND: POST /session/7f1686e11a340d92304ee7762c65784d/elements - {"using":"xpath","value":"//button[@data-kt=\"addButton\"]"}
RESULT: {"using":"xpath","value":"//button[@data-kt=\"addButton\"]"}
COMMAND: POST /session/7f1686e11a340d92304ee7762c65784d/elements - {"using":"xpath","value":"//button[@data-kt=\"addButton\"]"}
RESULT: {"using":"xpath","value":"//button[@data-kt=\"addButton\"]"}
COMMAND: POST /session/7f1686e11a340d92304ee7762c65784d/elements - {"using":"xpath","value":"//button[@data-kt=\"addButton\"]"}
RESULT: {"using":"xpath","value":"//button[@data-kt=\"addButton\"]"}
COMMAND: POST /session/7f1686e11a340d92304ee7762c65784d/elements - {"using":"xpath","value":"//button[@data-kt=\"addButton\"]"}
RESULT: {"using":"xpath","value":"//button[@data-kt=\"addButton\"]"}
COMMAND: POST /session/7f1686e11a340d92304ee7762c65784d/elements - {"using":"xpath","value":"//button[@data-kt=\"addButton\"]"}
RESULT: {"using":"xpath","value":"//button[@data-kt=\"addButton\"]"}
COMMAND: POST /session/7f1686e11a340d92304ee7762c65784d/elements - {"using":"xpath","value":"//button[@data-kt=\"addButton\"]"}
RESULT: {"using":"xpath","value":"//button[@data-kt=\"addButton\"]"}
COMMAND: POST /session/7f1686e11a340d92304ee7762c65784d/elements - {"using":"xpath","value":"//button[@data-kt=\"addButton\"]"}
RESULT: {"using":"xpath","value":"//button[@data-kt=\"addButton\"]"}
COMMAND: POST /session/7f1686e11a340d92304ee7762c65784d/elements - {"using":"xpath","value":"//button[@data-kt=\"addButton\"]"}
RESULT: {"using":"xpath","value":"//button[@data-kt=\"addButton\"]"}
COMMAND: POST /session/7f1686e11a340d92304ee7762c65784d/elements - {"using":"xpath","value":"//button[@data-kt=\"addButton\"]"}
RESULT: {"using":"xpath","value":"//button[@data-kt=\"addButton\"]"}
COMMAND: POST /session/7f1686e11a340d92304ee7762c65784d/elements - {"using":"xpath","value":"//button[@data-kt=\"addButton\"]"}
RESULT: {"using":"xpath","value":"//button[@data-kt=\"addButton\"]"}
COMMAND: POST /session/7f1686e11a340d92304ee7762c65784d/elements - {"using":"xpath","value":"//button[@data-kt=\"addButton\"]"}
RESULT: {"using":"xpath","value":"//button[@data-kt=\"addButton\"]"}
COMMAND: POST /session/7f1686e11a340d92304ee7762c65784d/elements - {"using":"xpath","value":"//button[@data-kt=\"addButton\"]"}
RESULT: {"using":"xpath","value":"//button[@data-kt=\"addButton\"]"}
COMMAND: POST /session/7f1686e11a340d92304ee7762c65784d/elements - {"using":"xpath","value":"//button[@data-kt=\"addButton\"]"}
RESULT: {"using":"xpath","value":"//button[@data-kt=\"addButton\"]"}
COMMAND: POST /session/7f1686e11a340d92304ee7762c65784d/elements - {"using":"xpath","value":"//button[@data-kt=\"addButton\"]"}
RESULT: {"using":"xpath","value":"//button[@data-kt=\"addButton\"]"}
COMMAND: POST /session/7f1686e11a340d92304ee7762c65784d/element - {"using":"xpath","value":"//button[@data-kt=\"addButton\"]"}
RESULT: {"using":"xpath","value":"//button[@data-kt=\"addButton\"]"}
COMMAND: POST /session/7f1686e11a340d92304ee7762c65784d/execute/sync - {"script":"<script> [8489 bytes]","args":[{"element-6066-11e4-a52e-4f735466cecf":"f.45271FC9FC22FBF7EF0A590A71DD44AE.d.1C143C3B8B43AA02955E9B5EEAD5EA6F.e.1726","ELEMENT":"f.45271FC9FC22FBF7EF0A590A71DD44AE.d.1C143C3B8B43AA02955E9B5EEAD5EA6F.e.1726"}]}
RESULT: {"script":"<script> [8489 bytes]","args":[{"element-6066-11e4-a52e-4f735466cecf":"f.45271FC9FC22FBF7EF0A590A71DD44AE.d.1C143C3B8B43AA02955E9B5EEAD5EA6F.e.1726","ELEMENT":"f.45271FC9FC22FBF7EF0A590A71DD44AE.d.1C143C3B8B43AA02955E9B5EEAD5EA6F.e.1726"}]}
COMMAND: GET /session/7f1686e11a340d92304ee7762c65784d/element/f.45271FC9FC22FBF7EF0A590A71DD44AE.d.1C143C3B8B43AA02955E9B5EEAD5EA6F.e.1726/enabled - {}
COMMAND: GET /session/7f1686e11a340d92304ee7762c65784d/screenshot - {}
RESULT: {}
COMMAND: POST /session/7f1686e11a340d92304ee7762c65784d/execute/sync - {"script":"<script> [8489 bytes]","args":[{"element-6066-11e4-a52e-4f735466cecf":"f.45271FC9FC22FBF7EF0A590A71DD44AE.d.1C143C3B8B43AA02955E9B5EEAD5EA6F.e.1726","ELEMENT":"f.45271FC9FC22FBF7EF0A590A71DD44AE.d.1C143C3B8B43AA02955E9B5EEAD5EA6F.e.1726"}]}
COMMAND: GET /session/7f1686e11a340d92304ee7762c65784d/screenshot - {}
RESULT: {}
RESULT: {"script":"<script> [8489 bytes]","args":[{"element-6066-11e4-a52e-4f735466cecf":"f.45271FC9FC22FBF7EF0A590A71DD44AE.d.1C143C3B8B43AA02955E9B5EEAD5EA6F.e.1726","ELEMENT":"f.45271FC9FC22FBF7EF0A590A71DD44AE.d.1C143C3B8B43AA02955E9B5EEAD5EA6F.e.1726"}]}
COMMAND: POST /session/7f1686e11a340d92304ee7762c65784d/execute/sync - {"script":"<script> [5351 bytes]","args":[{"element-6066-11e4-a52e-4f735466cecf":"f.45271FC9FC22FBF7EF0A590A71DD44AE.d.1C143C3B8B43AA02955E9B5EEAD5EA6F.e.1726","ELEMENT":"f.45271FC9FC22FBF7EF0A590A71DD44AE.d.1C143C3B8B43AA02955E9B5EEAD5EA6F.e.1726"}]}
COMMAND: GET /session/7f1686e11a340d92304ee7762c65784d/screenshot - {}
RESULT: {}
RESULT: {"script":"<script> [5351 bytes]","args":[{"element-6066-11e4-a52e-4f735466cecf":"f.45271FC9FC22FBF7EF0A590A71DD44AE.d.1C143C3B8B43AA02955E9B5EEAD5EA6F.e.1726","ELEMENT":"f.45271FC9FC22FBF7EF0A590A71DD44AE.d.1C143C3B8B43AA02955E9B5EEAD5EA6F.e.1726"}]}
COMMAND: GET /session/7f1686e11a340d92304ee7762c65784d/screenshot - {}
RESULT: {}
RESULT: {}
COMMAND: POST /session/7f1686e11a340d92304ee7762c65784d/execute/async - {"script":"<script> [1562 bytes]","args":[{"selector":{"id":"application-managepartners-display-component---masterPtm--smartTable-btnPersonalisation-img"},"wdio_ui5_key":"applicationmanagepartners-display-component---masterPtm--smartTable-btnPersonalisation-img"}]}
RESULT: {"script":"<script> [1562 bytes]","args":[{"selector":{"id":"application-managepartners-display-component---masterPtm--smartTable-btnPersonalisation-img"},"wdio_ui5_key":"applicationmanagepartners-display-component---masterPtm--smartTable-btnPersonalisation-img"}]}
RESULT: undefined
COMMAND: POST /session/7f1686e11a340d92304ee7762c65784d/element - {"using":"xpath","value":"//*[@id=\"application-managepartners-display-component---masterPtm--smartTable-btnPersonalisation-img\"]"}
RESULT: {"using":"xpath","value":"//*[@id=\"application-managepartners-display-component---masterPtm--smartTable-btnPersonalisation-img\"]"}
COMMAND: POST /session/7f1686e11a340d92304ee7762c65784d/element/f.45271FC9FC22FBF7EF0A590A71DD44AE.d.1C143C3B8B43AA02955E9B5EEAD5EA6F.e.1742/click - {}
RESULT: {}
COMMAND: GET /session/7f1686e11a340d92304ee7762c65784d/screenshot - {}
RESULT: {}
COMMAND: POST /session/7f1686e11a340d92304ee7762c65784d/execute/async - {"script":"<script> [1562 bytes]","args":[{"selector":{"controlType":"sap.m.IconTabFilter","viewName":"etm.portal.ui.managepartners.view.Master","viewId":"application-managepartners-display-component---masterPtm","properties":{"text":"Sort"},"searchOpenDialogs":true,"interaction":{"idSuffix":"text"}},"wdio_ui5_key":"etmportal.ui.managepartners.view.Mastersap.m.IconTabFilter{\"text\":\"Sort\"}"}]}
RESULT: {"script":"<script> [1562 bytes]","args":[{"selector":{"controlType":"sap.m.IconTabFilter","viewName":"etm.portal.ui.managepartners.view.Master","viewId":"application-managepartners-display-component---masterPtm","properties":{"text":"Sort"},"searchOpenDialogs":true,"interaction":{"idSuffix":"text"}},"wdio_ui5_key":"etmportal.ui.managepartners.view.Mastersap.m.IconTabFilter{\"text\":\"Sort\"}"}]}
RESULT: undefined
COMMAND: POST /session/7f1686e11a340d92304ee7762c65784d/element - {"using":"xpath","value":"//*[@id=\"__filter1\"]"}
RESULT: {"using":"xpath","value":"//*[@id=\"__filter1\"]"}
COMMAND: POST /session/7f1686e11a340d92304ee7762c65784d/element/f.45271FC9FC22FBF7EF0A590A71DD44AE.d.1C143C3B8B43AA02955E9B5EEAD5EA6F.e.1882/click - {}
RESULT: {}
COMMAND: GET /session/7f1686e11a340d92304ee7762c65784d/screenshot - {}
RESULT: {}
COMMAND: POST /session/7f1686e11a340d92304ee7762c65784d/element - {"using":"xpath","value":"//input[@placeholder=\"Sort by\"]/following-sibling::div//span"}
RESULT: {"using":"xpath","value":"//input[@placeholder=\"Sort by\"]/following-sibling::div//span"}
COMMAND: POST /session/7f1686e11a340d92304ee7762c65784d/element/f.45271FC9FC22FBF7EF0A590A71DD44AE.d.1C143C3B8B43AA02955E9B5EEAD5EA6F.e.1884/click - {}
RESULT: {}
COMMAND: GET /session/7f1686e11a340d92304ee7762c65784d/screenshot - {}
RESULT: {}
COMMAND: POST /session/7f1686e11a340d92304ee7762c65784d/element - {"using":"xpath","value":"//li[.//span[text()=\"Language\"]]"}
RESULT: {"using":"xpath","value":"//li[.//span[text()=\"Language\"]]"}
COMMAND: POST /session/7f1686e11a340d92304ee7762c65784d/element/f.45271FC9FC22FBF7EF0A590A71DD44AE.d.1C143C3B8B43AA02955E9B5EEAD5EA6F.e.1885/click - {}
RESULT: {}
COMMAND: GET /session/7f1686e11a340d92304ee7762c65784d/screenshot - {}
RESULT: {}
COMMAND: POST /session/7f1686e11a340d92304ee7762c65784d/element - {"using":"xpath","value":"//bdi[contains(text(), \"OK\")]"}
RESULT: {"using":"xpath","value":"//bdi[contains(text(), \"OK\")]"}
COMMAND: POST /session/7f1686e11a340d92304ee7762c65784d/element/f.45271FC9FC22FBF7EF0A590A71DD44AE.d.1C143C3B8B43AA02955E9B5EEAD5EA6F.e.1889/click - {}
RESULT: {}
COMMAND: GET /session/7f1686e11a340d92304ee7762c65784d/screenshot - {}
RESULT: {}
COMMAND: POST /session/7f1686e11a340d92304ee7762c65784d/element - {"using":"xpath","value":"//table[contains(@id, \"customPartnersTable\")]//tbody/tr[1]/td[3]/span"}
RESULT: {"using":"xpath","value":"//table[contains(@id, \"customPartnersTable\")]//tbody/tr[1]/td[3]/span"}
COMMAND: POST /session/7f1686e11a340d92304ee7762c65784d/execute/sync - {"script":"<script> [56 bytes]","args":[{"element-6066-11e4-a52e-4f735466cecf":"f.45271FC9FC22FBF7EF0A590A71DD44AE.d.1C143C3B8B43AA02955E9B5EEAD5EA6F.e.2022","ELEMENT":"f.45271FC9FC22FBF7EF0A590A71DD44AE.d.1C143C3B8B43AA02955E9B5EEAD5EA6F.e.2022"}]}
RESULT: {"script":"<script> [56 bytes]","args":[{"element-6066-11e4-a52e-4f735466cecf":"f.45271FC9FC22FBF7EF0A590A71DD44AE.d.1C143C3B8B43AA02955E9B5EEAD5EA6F.e.2022","ELEMENT":"f.45271FC9FC22FBF7EF0A590A71DD44AE.d.1C143C3B8B43AA02955E9B5EEAD5EA6F.e.2022"}]}
RESULT: undefined
COMMAND: POST /session/7f1686e11a340d92304ee7762c65784d/element - {"using":"xpath","value":"//*[@id=\"application-managepartners-display-component---masterPtm--smartTable-btnPersonalisation-img\"]"}
COMMAND: GET /session/7f1686e11a340d92304ee7762c65784d/screenshot - {}
RESULT: {"using":"xpath","value":"//*[@id=\"application-managepartners-display-component---masterPtm--smartTable-btnPersonalisation-img\"]"}
COMMAND: POST /session/7f1686e11a340d92304ee7762c65784d/element/f.45271FC9FC22FBF7EF0A590A71DD44AE.d.1C143C3B8B43AA02955E9B5EEAD5EA6F.e.1742/click - {}
RESULT: {}
RESULT: {}
COMMAND: GET /session/7f1686e11a340d92304ee7762c65784d/screenshot - {}
RESULT: {}
COMMAND: POST /session/7f1686e11a340d92304ee7762c65784d/element - {"using":"xpath","value":"//bdi[contains(text(), \"Reset\")]"}
RESULT: {"using":"xpath","value":"//bdi[contains(text(), \"Reset\")]"}
COMMAND: POST /session/7f1686e11a340d92304ee7762c65784d/element/f.45271FC9FC22FBF7EF0A590A71DD44AE.d.1C143C3B8B43AA02955E9B5EEAD5EA6F.e.2029/click - {}
RESULT: {}
COMMAND: GET /session/7f1686e11a340d92304ee7762c65784d/screenshot - {}
RESULT: {}
COMMAND: POST /session/7f1686e11a340d92304ee7762c65784d/element - {"using":"xpath","value":"(//bdi[contains(text(), \"OK\")])[2]"}
RESULT: {"using":"xpath","value":"(//bdi[contains(text(), \"OK\")])[2]"}
COMMAND: POST /session/7f1686e11a340d92304ee7762c65784d/element/f.45271FC9FC22FBF7EF0A590A71DD44AE.d.1C143C3B8B43AA02955E9B5EEAD5EA6F.e.2031/click - {}
RESULT: {}
COMMAND: GET /session/7f1686e11a340d92304ee7762c65784d/screenshot - {}
RESULT: {}
COMMAND: POST /session/7f1686e11a340d92304ee7762c65784d/element - {"using":"xpath","value":"//bdi[contains(text(), \"OK\")]"}
RESULT: {"using":"xpath","value":"//bdi[contains(text(), \"OK\")]"}
COMMAND: POST /session/7f1686e11a340d92304ee7762c65784d/element/f.45271FC9FC22FBF7EF0A590A71DD44AE.d.1C143C3B8B43AA02955E9B5EEAD5EA6F.e.2090/click - {}
RESULT: {}
COMMAND: GET /session/7f1686e11a340d92304ee7762c65784d/screenshot - {}
RESULT: {}
COMMAND: POST /session/7f1686e11a340d92304ee7762c65784d/element - {"using":"xpath","value":"//table[contains(@id, \"customPartnersTable\")]//tbody/tr[1]/td[3]/span"}
RESULT: {"using":"xpath","value":"//table[contains(@id, \"customPartnersTable\")]//tbody/tr[1]/td[3]/span"}
COMMAND: POST /session/7f1686e11a340d92304ee7762c65784d/execute/sync - {"script":"<script> [56 bytes]","args":[{"element-6066-11e4-a52e-4f735466cecf":"f.45271FC9FC22FBF7EF0A590A71DD44AE.d.1C143C3B8B43AA02955E9B5EEAD5EA6F.e.2092","ELEMENT":"f.45271FC9FC22FBF7EF0A590A71DD44AE.d.1C143C3B8B43AA02955E9B5EEAD5EA6F.e.2092"}]}
RESULT: {"script":"<script> [56 bytes]","args":[{"element-6066-11e4-a52e-4f735466cecf":"f.45271FC9FC22FBF7EF0A590A71DD44AE.d.1C143C3B8B43AA02955E9B5EEAD5EA6F.e.2092","ELEMENT":"f.45271FC9FC22FBF7EF0A590A71DD44AE.d.1C143C3B8B43AA02955E9B5EEAD5EA6F.e.2092"}]}
RESULT: undefined
COMMAND: POST /session/7f1686e11a340d92304ee7762c65784d/element - {"using":"xpath","value":"//*[@id=\"application-managepartners-display-component---masterPtm--smartTable-btnPersonalisation-img\"]"}
COMMAND: GET /session/7f1686e11a340d92304ee7762c65784d/screenshot - {}
RESULT: {"using":"xpath","value":"//*[@id=\"application-managepartners-display-component---masterPtm--smartTable-btnPersonalisation-img\"]"}
COMMAND: POST /session/7f1686e11a340d92304ee7762c65784d/element/f.45271FC9FC22FBF7EF0A590A71DD44AE.d.1C143C3B8B43AA02955E9B5EEAD5EA6F.e.1742/click - {}
RESULT: {}
RESULT: {}
COMMAND: GET /session/7f1686e11a340d92304ee7762c65784d/screenshot - {}
RESULT: {}
COMMAND: POST /session/7f1686e11a340d92304ee7762c65784d/execute/async - {"script":"<script> [1562 bytes]","args":[{"selector":{"controlType":"sap.m.IconTabFilter","viewName":"etm.portal.ui.managepartners.view.Master","viewId":"application-managepartners-display-component---masterPtm","properties":{"text":"Filter"},"searchOpenDialogs":true,"interaction":{"idSuffix":"text"}},"wdio_ui5_key":"etmportal.ui.managepartners.view.Mastersap.m.IconTabFilter{\"text\":\"Filter\"}"}]}
RESULT: {"script":"<script> [1562 bytes]","args":[{"selector":{"controlType":"sap.m.IconTabFilter","viewName":"etm.portal.ui.managepartners.view.Master","viewId":"application-managepartners-display-component---masterPtm","properties":{"text":"Filter"},"searchOpenDialogs":true,"interaction":{"idSuffix":"text"}},"wdio_ui5_key":"etmportal.ui.managepartners.view.Mastersap.m.IconTabFilter{\"text\":\"Filter\"}"}]}
RESULT: undefined
COMMAND: POST /session/7f1686e11a340d92304ee7762c65784d/element - {"using":"xpath","value":"//*[@id=\"__filter10\"]"}
RESULT: {"using":"xpath","value":"//*[@id=\"__filter10\"]"}
COMMAND: POST /session/7f1686e11a340d92304ee7762c65784d/element/f.45271FC9FC22FBF7EF0A590A71DD44AE.d.1C143C3B8B43AA02955E9B5EEAD5EA6F.e.2097/click - {}
RESULT: {}
COMMAND: GET /session/7f1686e11a340d92304ee7762c65784d/screenshot - {}
RESULT: {}
COMMAND: POST /session/7f1686e11a340d92304ee7762c65784d/element - {"using":"xpath","value":"//input[@placeholder=\"Filter by\"]/following-sibling::div//span"}
RESULT: {"using":"xpath","value":"//input[@placeholder=\"Filter by\"]/following-sibling::div//span"}
COMMAND: POST /session/7f1686e11a340d92304ee7762c65784d/element/f.45271FC9FC22FBF7EF0A590A71DD44AE.d.1C143C3B8B43AA02955E9B5EEAD5EA6F.e.2099/click - {}
RESULT: {}
COMMAND: GET /session/7f1686e11a340d92304ee7762c65784d/screenshot - {}
RESULT: {}
COMMAND: POST /session/7f1686e11a340d92304ee7762c65784d/element - {"using":"xpath","value":"//li[.//span[text()=\"Preferred Yard\"]]"}
RESULT: {"using":"xpath","value":"//li[.//span[text()=\"Preferred Yard\"]]"}
COMMAND: POST /session/7f1686e11a340d92304ee7762c65784d/element/f.45271FC9FC22FBF7EF0A590A71DD44AE.d.1C143C3B8B43AA02955E9B5EEAD5EA6F.e.2100/click - {}
RESULT: {}
COMMAND: GET /session/7f1686e11a340d92304ee7762c65784d/screenshot - {}
RESULT: {}
COMMAND: POST /session/7f1686e11a340d92304ee7762c65784d/execute/async - {"script":"<script> [1562 bytes]","args":[{"selector":{"id":"FilterPanel-filterItemControl_BASIC-application-managepartners-display-component---masterPtm--smartTable-YARDYARD-vhi","searchOpenDialogs":true},"wdio_ui5_key":"FilterPanelfilterItemControl_BASIC-application-managepartners-display-component---masterPtm--smartTable-YARDYARD-vhi"}]}
RESULT: {"script":"<script> [1562 bytes]","args":[{"selector":{"id":"FilterPanel-filterItemControl_BASIC-application-managepartners-display-component---masterPtm--smartTable-YARDYARD-vhi","searchOpenDialogs":true},"wdio_ui5_key":"FilterPanelfilterItemControl_BASIC-application-managepartners-display-component---masterPtm--smartTable-YARDYARD-vhi"}]}
RESULT: undefined
COMMAND: POST /session/7f1686e11a340d92304ee7762c65784d/element - {"using":"xpath","value":"//*[@id=\"FilterPanel-filterItemControl_BASIC-application-managepartners-display-component---masterPtm--smartTable-YARDYARD-vhi\"]"}
RESULT: {"using":"xpath","value":"//*[@id=\"FilterPanel-filterItemControl_BASIC-application-managepartners-display-component---masterPtm--smartTable-YARDYARD-vhi\"]"}
COMMAND: POST /session/7f1686e11a340d92304ee7762c65784d/element/f.45271FC9FC22FBF7EF0A590A71DD44AE.d.1C143C3B8B43AA02955E9B5EEAD5EA6F.e.2103/click - {}
RESULT: {}
COMMAND: GET /session/7f1686e11a340d92304ee7762c65784d/screenshot - {}
RESULT: {}
COMMAND: POST /session/7f1686e11a340d92304ee7762c65784d/execute/async - {"script":"<script> [1562 bytes]","args":[{"selector":{"id":"FilterPanel-filterItemControl_BASIC-application-managepartners-display-component---masterPtm--smartTable-YARDYARD-valueHelpDialog-smartFilterBar-btnBasicSearch","searchOpenDialogs":true,"interaction":{"idSuffix":"I"}},"wdio_ui5_key":"FilterPanelfilterItemControl_BASIC-application-managepartners-display-component---masterPtm--smartTable-YARDYARD-valueHelpDialog-smartFilterBar-btnBasicSearch"}]}
RESULT: {"script":"<script> [1562 bytes]","args":[{"selector":{"id":"FilterPanel-filterItemControl_BASIC-application-managepartners-display-component---masterPtm--smartTable-YARDYARD-valueHelpDialog-smartFilterBar-btnBasicSearch","searchOpenDialogs":true,"interaction":{"idSuffix":"I"}},"wdio_ui5_key":"FilterPanelfilterItemControl_BASIC-application-managepartners-display-component---masterPtm--smartTable-YARDYARD-valueHelpDialog-smartFilterBar-btnBasicSearch"}]}
RESULT: undefined
COMMAND: POST /session/7f1686e11a340d92304ee7762c65784d/execute/async - {"script":"<script> [776 bytes]","args":[{"enterText":"553","selector":{"id":"FilterPanel-filterItemControl_BASIC-application-managepartners-display-component---masterPtm--smartTable-YARDYARD-valueHelpDialog-smartFilterBar-btnBasicSearch","searchOpenDialogs":true,"interaction":{"idSuffix":"I"}},"clearTextFirst":true,"interactionType":"ENTER_TEXT"}]}
RESULT: {"script":"<script> [776 bytes]","args":[{"enterText":"553","selector":{"id":"FilterPanel-filterItemControl_BASIC-application-managepartners-display-component---masterPtm--smartTable-YARDYARD-valueHelpDialog-smartFilterBar-btnBasicSearch","searchOpenDialogs":true,"interaction":{"idSuffix":"I"}},"clearTextFirst":true,"interactionType":"ENTER_TEXT"}]}
COMMAND: POST /session/7f1686e11a340d92304ee7762c65784d/actions - {"actions":[{"id":"action3","type":"key","parameters":{},"actions":[{"type":"keyDown","value":""},{"type":"pause","duration":10},{"type":"keyUp","value":""}]}]}
RESULT: {"actions":[{"id":"action3","type":"key","parameters":{},"actions":[{"type":"keyDown","value":""},{"type":"pause","duration":10},{"type":"keyUp","value":""}]}]}
COMMAND: GET /session/7f1686e11a340d92304ee7762c65784d/screenshot - {}
RESULT: {}
COMMAND: POST /session/7f1686e11a340d92304ee7762c65784d/elements - {"using":"xpath","value":"//table[contains(@id, \"smartTable-YARDYARD-valueHelpDialog-table-table\")]/tbody/tr"}
RESULT: {"using":"xpath","value":"//table[contains(@id, \"smartTable-YARDYARD-valueHelpDialog-table-table\")]/tbody/tr"}
COMMAND: POST /session/7f1686e11a340d92304ee7762c65784d/element - {"using":"xpath","value":"//table[contains(@id, \"smartTable-YARDYARD-valueHelpDialog-table-table\")]/tbody/tr[1]/td[1]/div/span"}
RESULT: {"using":"xpath","value":"//table[contains(@id, \"smartTable-YARDYARD-valueHelpDialog-table-table\")]/tbody/tr[1]/td[1]/div/span"}
COMMAND: POST /session/7f1686e11a340d92304ee7762c65784d/elements - {"using":"xpath","value":"//table[contains(@id, \"smartTable-YARDYARD-valueHelpDialog-table-table\")]/tbody/tr[1]/td[1]/div/span"}
RESULT: {"using":"xpath","value":"//table[contains(@id, \"smartTable-YARDYARD-valueHelpDialog-table-table\")]/tbody/tr[1]/td[1]/div/span"}
COMMAND: POST /session/7f1686e11a340d92304ee7762c65784d/execute/sync - {"script":"<script> [56 bytes]","args":[{"element-6066-11e4-a52e-4f735466cecf":"f.45271FC9FC22FBF7EF0A590A71DD44AE.d.1C143C3B8B43AA02955E9B5EEAD5EA6F.e.2122","ELEMENT":"f.45271FC9FC22FBF7EF0A590A71DD44AE.d.1C143C3B8B43AA02955E9B5EEAD5EA6F.e.2122"}]}
RESULT: {"script":"<script> [56 bytes]","args":[{"element-6066-11e4-a52e-4f735466cecf":"f.45271FC9FC22FBF7EF0A590A71DD44AE.d.1C143C3B8B43AA02955E9B5EEAD5EA6F.e.2122","ELEMENT":"f.45271FC9FC22FBF7EF0A590A71DD44AE.d.1C143C3B8B43AA02955E9B5EEAD5EA6F.e.2122"}]}
COMMAND: POST /session/7f1686e11a340d92304ee7762c65784d/element - {"using":"xpath","value":"//table[contains(@id, \"smartTable-YARDYARD-valueHelpDialog-table-table\")]/tbody/tr[2]/td[1]/div/span"}
COMMAND: GET /session/7f1686e11a340d92304ee7762c65784d/screenshot - {}
RESULT: {"using":"xpath","value":"//table[contains(@id, \"smartTable-YARDYARD-valueHelpDialog-table-table\")]/tbody/tr[2]/td[1]/div/span"}
COMMAND: POST /session/7f1686e11a340d92304ee7762c65784d/elements - {"using":"xpath","value":"//table[contains(@id, \"smartTable-YARDYARD-valueHelpDialog-table-table\")]/tbody/tr[2]/td[1]/div/span"}
RESULT: {}
RESULT: {"using":"xpath","value":"//table[contains(@id, \"smartTable-YARDYARD-valueHelpDialog-table-table\")]/tbody/tr[2]/td[1]/div/span"}
COMMAND: POST /session/7f1686e11a340d92304ee7762c65784d/execute/sync - {"script":"<script> [56 bytes]","args":[{"element-6066-11e4-a52e-4f735466cecf":"f.45271FC9FC22FBF7EF0A590A71DD44AE.d.1C143C3B8B43AA02955E9B5EEAD5EA6F.e.2123","ELEMENT":"f.45271FC9FC22FBF7EF0A590A71DD44AE.d.1C143C3B8B43AA02955E9B5EEAD5EA6F.e.2123"}]}
RESULT: {"script":"<script> [56 bytes]","args":[{"element-6066-11e4-a52e-4f735466cecf":"f.45271FC9FC22FBF7EF0A590A71DD44AE.d.1C143C3B8B43AA02955E9B5EEAD5EA6F.e.2123","ELEMENT":"f.45271FC9FC22FBF7EF0A590A71DD44AE.d.1C143C3B8B43AA02955E9B5EEAD5EA6F.e.2123"}]}
COMMAND: POST /session/7f1686e11a340d92304ee7762c65784d/element - {"using":"xpath","value":"//div[contains(@id, \"YARDYARD-valueHelpDialog-table-rowsel1\")]"}
COMMAND: GET /session/7f1686e11a340d92304ee7762c65784d/screenshot - {}
RESULT: {"using":"xpath","value":"//div[contains(@id, \"YARDYARD-valueHelpDialog-table-rowsel1\")]"}
COMMAND: POST /session/7f1686e11a340d92304ee7762c65784d/element/f.45271FC9FC22FBF7EF0A590A71DD44AE.d.1C143C3B8B43AA02955E9B5EEAD5EA6F.e.2124/click - {}
RESULT: {}
RESULT: {}
COMMAND: GET /session/7f1686e11a340d92304ee7762c65784d/screenshot - {}
RESULT: {}
COMMAND: POST /session/7f1686e11a340d92304ee7762c65784d/element - {"using":"xpath","value":"(//bdi[contains(text(), \"OK\")])[2]"}
RESULT: {"using":"xpath","value":"(//bdi[contains(text(), \"OK\")])[2]"}
COMMAND: POST /session/7f1686e11a340d92304ee7762c65784d/element/f.45271FC9FC22FBF7EF0A590A71DD44AE.d.1C143C3B8B43AA02955E9B5EEAD5EA6F.e.2126/click - {}
RESULT: {}
COMMAND: GET /session/7f1686e11a340d92304ee7762c65784d/screenshot - {}
RESULT: {}
COMMAND: POST /session/7f1686e11a340d92304ee7762c65784d/element - {"using":"xpath","value":"//bdi[contains(text(), \"OK\")]"}
RESULT: {"using":"xpath","value":"//bdi[contains(text(), \"OK\")]"}
COMMAND: POST /session/7f1686e11a340d92304ee7762c65784d/element/f.45271FC9FC22FBF7EF0A590A71DD44AE.d.1C143C3B8B43AA02955E9B5EEAD5EA6F.e.2129/click - {}
RESULT: {}
COMMAND: GET /session/7f1686e11a340d92304ee7762c65784d/screenshot - {}
RESULT: {}
COMMAND: POST /session/7f1686e11a340d92304ee7762c65784d/element - {"using":"xpath","value":"//table[contains(@id, \"customPartnersTable\")]//tbody/tr[1]/td[3]/span"}
RESULT: {"using":"xpath","value":"//table[contains(@id, \"customPartnersTable\")]//tbody/tr[1]/td[3]/span"}
COMMAND: POST /session/7f1686e11a340d92304ee7762c65784d/execute/sync - {"script":"<script> [56 bytes]","args":[{"element-6066-11e4-a52e-4f735466cecf":"f.45271FC9FC22FBF7EF0A590A71DD44AE.d.1C143C3B8B43AA02955E9B5EEAD5EA6F.e.2092","ELEMENT":"f.45271FC9FC22FBF7EF0A590A71DD44AE.d.1C143C3B8B43AA02955E9B5EEAD5EA6F.e.2092"}]}
RESULT: {"script":"<script> [56 bytes]","args":[{"element-6066-11e4-a52e-4f735466cecf":"f.45271FC9FC22FBF7EF0A590A71DD44AE.d.1C143C3B8B43AA02955E9B5EEAD5EA6F.e.2092","ELEMENT":"f.45271FC9FC22FBF7EF0A590A71DD44AE.d.1C143C3B8B43AA02955E9B5EEAD5EA6F.e.2092"}]}
COMMAND: POST /session/7f1686e11a340d92304ee7762c65784d/element - {"using":"css selector","value":"#shell-header-logo"}
COMMAND: GET /session/7f1686e11a340d92304ee7762c65784d/screenshot - {}
RESULT: {"using":"css selector","value":"#shell-header-logo"}
COMMAND: POST /session/7f1686e11a340d92304ee7762c65784d/element/f.45271FC9FC22FBF7EF0A590A71DD44AE.d.1C143C3B8B43AA02955E9B5EEAD5EA6F.e.1692/click - {}
RESULT: {}
RESULT: {}
COMMAND: GET /session/7f1686e11a340d92304ee7762c65784d/screenshot - {}
RESULT: {}
]]></system-out>
    </testcase>
    <testcase classname="chrome.135_0_7049_42.windows.Partner_specific_tests_US150819_US151080_US151654_US151176_US103444_US151078_US151079_US151109_US151174_US151175_US151189" name="Should deactivate the created partner in earlier step US151654" time="53.862">
      <system-out><![CDATA[
COMMAND: POST /session/7f1686e11a340d92304ee7762c65784d/element - {"using":"xpath","value":"//li[.//span[text()=\"Manage Partners\"]]"}
RESULT: {"using":"xpath","value":"//li[.//span[text()=\"Manage Partners\"]]"}
COMMAND: POST /session/7f1686e11a340d92304ee7762c65784d/element - {"using":"xpath","value":"//li[.//span[text()=\"Manage Partners\"]]"}
RESULT: {"using":"xpath","value":"//li[.//span[text()=\"Manage Partners\"]]"}
COMMAND: POST /session/7f1686e11a340d92304ee7762c65784d/element - {"using":"css selector","value":"#shell-header-logo"}
RESULT: {"using":"css selector","value":"#shell-header-logo"}
COMMAND: POST /session/7f1686e11a340d92304ee7762c65784d/element/f.45271FC9FC22FBF7EF0A590A71DD44AE.d.1C143C3B8B43AA02955E9B5EEAD5EA6F.e.2179/click - {}
COMMAND: POST /session/7f1686e11a340d92304ee7762c65784d/execute/sync - {"script":"<script> [8489 bytes]","args":[{"element-6066-11e4-a52e-4f735466cecf":"f.45271FC9FC22FBF7EF0A590A71DD44AE.d.1C143C3B8B43AA02955E9B5EEAD5EA6F.e.2179","ELEMENT":"f.45271FC9FC22FBF7EF0A590A71DD44AE.d.1C143C3B8B43AA02955E9B5EEAD5EA6F.e.2179"}]}
RESULT: {"script":"<script> [8489 bytes]","args":[{"element-6066-11e4-a52e-4f735466cecf":"f.45271FC9FC22FBF7EF0A590A71DD44AE.d.1C143C3B8B43AA02955E9B5EEAD5EA6F.e.2179","ELEMENT":"f.45271FC9FC22FBF7EF0A590A71DD44AE.d.1C143C3B8B43AA02955E9B5EEAD5EA6F.e.2179"}]}
COMMAND: POST /session/7f1686e11a340d92304ee7762c65784d/execute/sync - {"script":"<script> [5351 bytes]","args":[{"element-6066-11e4-a52e-4f735466cecf":"f.45271FC9FC22FBF7EF0A590A71DD44AE.d.1C143C3B8B43AA02955E9B5EEAD5EA6F.e.2179","ELEMENT":"f.45271FC9FC22FBF7EF0A590A71DD44AE.d.1C143C3B8B43AA02955E9B5EEAD5EA6F.e.2179"}]}
COMMAND: GET /session/7f1686e11a340d92304ee7762c65784d/screenshot - {}
RESULT: {}
COMMAND: GET /session/7f1686e11a340d92304ee7762c65784d/screenshot - {}
RESULT: {"script":"<script> [5351 bytes]","args":[{"element-6066-11e4-a52e-4f735466cecf":"f.45271FC9FC22FBF7EF0A590A71DD44AE.d.1C143C3B8B43AA02955E9B5EEAD5EA6F.e.2179","ELEMENT":"f.45271FC9FC22FBF7EF0A590A71DD44AE.d.1C143C3B8B43AA02955E9B5EEAD5EA6F.e.2179"}]}
COMMAND: GET /session/7f1686e11a340d92304ee7762c65784d/screenshot - {}
RESULT: {}
RESULT: {}
RESULT: {}
RESULT: undefined
COMMAND: POST /session/7f1686e11a340d92304ee7762c65784d/element - {"using":"xpath","value":"//*[@id=\"__tile38\"]"}
RESULT: {"using":"xpath","value":"//*[@id=\"__tile38\"]"}
COMMAND: POST /session/7f1686e11a340d92304ee7762c65784d/element/f.45271FC9FC22FBF7EF0A590A71DD44AE.d.1C143C3B8B43AA02955E9B5EEAD5EA6F.e.169/click - {}
RESULT: {}
COMMAND: POST /session/7f1686e11a340d92304ee7762c65784d/element - {"using":"xpath","value":"//button[@data-kt=\"addButton\"]"}
COMMAND: GET /session/7f1686e11a340d92304ee7762c65784d/screenshot - {}
RESULT: {"using":"xpath","value":"//button[@data-kt=\"addButton\"]"}
COMMAND: POST /session/7f1686e11a340d92304ee7762c65784d/elements - {"using":"xpath","value":"//button[@data-kt=\"addButton\"]"}
RESULT: {}
RESULT: {"using":"xpath","value":"//button[@data-kt=\"addButton\"]"}
COMMAND: POST /session/7f1686e11a340d92304ee7762c65784d/elements - {"using":"xpath","value":"//button[@data-kt=\"addButton\"]"}
RESULT: {"using":"xpath","value":"//button[@data-kt=\"addButton\"]"}
COMMAND: POST /session/7f1686e11a340d92304ee7762c65784d/elements - {"using":"xpath","value":"//button[@data-kt=\"addButton\"]"}
RESULT: {"using":"xpath","value":"//button[@data-kt=\"addButton\"]"}
COMMAND: POST /session/7f1686e11a340d92304ee7762c65784d/elements - {"using":"xpath","value":"//button[@data-kt=\"addButton\"]"}
RESULT: {"using":"xpath","value":"//button[@data-kt=\"addButton\"]"}
COMMAND: POST /session/7f1686e11a340d92304ee7762c65784d/elements - {"using":"xpath","value":"//button[@data-kt=\"addButton\"]"}
RESULT: {"using":"xpath","value":"//button[@data-kt=\"addButton\"]"}
COMMAND: POST /session/7f1686e11a340d92304ee7762c65784d/elements - {"using":"xpath","value":"//button[@data-kt=\"addButton\"]"}
RESULT: {"using":"xpath","value":"//button[@data-kt=\"addButton\"]"}
COMMAND: POST /session/7f1686e11a340d92304ee7762c65784d/elements - {"using":"xpath","value":"//button[@data-kt=\"addButton\"]"}
RESULT: {"using":"xpath","value":"//button[@data-kt=\"addButton\"]"}
COMMAND: POST /session/7f1686e11a340d92304ee7762c65784d/element - {"using":"xpath","value":"//button[@data-kt=\"addButton\"]"}
RESULT: {"using":"xpath","value":"//button[@data-kt=\"addButton\"]"}
COMMAND: POST /session/7f1686e11a340d92304ee7762c65784d/execute/sync - {"script":"<script> [8489 bytes]","args":[{"element-6066-11e4-a52e-4f735466cecf":"f.45271FC9FC22FBF7EF0A590A71DD44AE.d.1C143C3B8B43AA02955E9B5EEAD5EA6F.e.2213","ELEMENT":"f.45271FC9FC22FBF7EF0A590A71DD44AE.d.1C143C3B8B43AA02955E9B5EEAD5EA6F.e.2213"}]}
RESULT: {"script":"<script> [8489 bytes]","args":[{"element-6066-11e4-a52e-4f735466cecf":"f.45271FC9FC22FBF7EF0A590A71DD44AE.d.1C143C3B8B43AA02955E9B5EEAD5EA6F.e.2213","ELEMENT":"f.45271FC9FC22FBF7EF0A590A71DD44AE.d.1C143C3B8B43AA02955E9B5EEAD5EA6F.e.2213"}]}
COMMAND: GET /session/7f1686e11a340d92304ee7762c65784d/element/f.45271FC9FC22FBF7EF0A590A71DD44AE.d.1C143C3B8B43AA02955E9B5EEAD5EA6F.e.2213/enabled - {}
COMMAND: GET /session/7f1686e11a340d92304ee7762c65784d/screenshot - {}
RESULT: {}
COMMAND: POST /session/7f1686e11a340d92304ee7762c65784d/execute/sync - {"script":"<script> [8489 bytes]","args":[{"element-6066-11e4-a52e-4f735466cecf":"f.45271FC9FC22FBF7EF0A590A71DD44AE.d.1C143C3B8B43AA02955E9B5EEAD5EA6F.e.2213","ELEMENT":"f.45271FC9FC22FBF7EF0A590A71DD44AE.d.1C143C3B8B43AA02955E9B5EEAD5EA6F.e.2213"}]}
COMMAND: GET /session/7f1686e11a340d92304ee7762c65784d/screenshot - {}
RESULT: {}
RESULT: {"script":"<script> [8489 bytes]","args":[{"element-6066-11e4-a52e-4f735466cecf":"f.45271FC9FC22FBF7EF0A590A71DD44AE.d.1C143C3B8B43AA02955E9B5EEAD5EA6F.e.2213","ELEMENT":"f.45271FC9FC22FBF7EF0A590A71DD44AE.d.1C143C3B8B43AA02955E9B5EEAD5EA6F.e.2213"}]}
COMMAND: POST /session/7f1686e11a340d92304ee7762c65784d/execute/sync - {"script":"<script> [5351 bytes]","args":[{"element-6066-11e4-a52e-4f735466cecf":"f.45271FC9FC22FBF7EF0A590A71DD44AE.d.1C143C3B8B43AA02955E9B5EEAD5EA6F.e.2213","ELEMENT":"f.45271FC9FC22FBF7EF0A590A71DD44AE.d.1C143C3B8B43AA02955E9B5EEAD5EA6F.e.2213"}]}
COMMAND: GET /session/7f1686e11a340d92304ee7762c65784d/screenshot - {}
RESULT: {}
RESULT: {"script":"<script> [5351 bytes]","args":[{"element-6066-11e4-a52e-4f735466cecf":"f.45271FC9FC22FBF7EF0A590A71DD44AE.d.1C143C3B8B43AA02955E9B5EEAD5EA6F.e.2213","ELEMENT":"f.45271FC9FC22FBF7EF0A590A71DD44AE.d.1C143C3B8B43AA02955E9B5EEAD5EA6F.e.2213"}]}
COMMAND: GET /session/7f1686e11a340d92304ee7762c65784d/screenshot - {}
RESULT: {}
RESULT: {}
COMMAND: POST /session/7f1686e11a340d92304ee7762c65784d/execute/async - {"script":"<script> [1562 bytes]","args":[{"selector":{"id":"application-managepartners-display-component---masterPtm--smartFilterBar-btnBasicSearch","interaction":{"idSuffix":"I"}},"wdio_ui5_key":"applicationmanagepartners-display-component---masterPtm--smartFilterBar-btnBasicSearch"}]}
RESULT: {"script":"<script> [1562 bytes]","args":[{"selector":{"id":"application-managepartners-display-component---masterPtm--smartFilterBar-btnBasicSearch","interaction":{"idSuffix":"I"}},"wdio_ui5_key":"applicationmanagepartners-display-component---masterPtm--smartFilterBar-btnBasicSearch"}]}
RESULT: undefined
COMMAND: POST /session/7f1686e11a340d92304ee7762c65784d/execute/async - {"script":"<script> [776 bytes]","args":[{"enterText":"1406","selector":{"id":"application-managepartners-display-component---masterPtm--smartFilterBar-btnBasicSearch","interaction":{"idSuffix":"I"}},"clearTextFirst":true,"interactionType":"ENTER_TEXT"}]}
RESULT: {"script":"<script> [776 bytes]","args":[{"enterText":"1406","selector":{"id":"application-managepartners-display-component---masterPtm--smartFilterBar-btnBasicSearch","interaction":{"idSuffix":"I"}},"clearTextFirst":true,"interactionType":"ENTER_TEXT"}]}
COMMAND: POST /session/7f1686e11a340d92304ee7762c65784d/actions - {"actions":[{"id":"action4","type":"key","parameters":{},"actions":[{"type":"keyDown","value":""},{"type":"pause","duration":10},{"type":"keyUp","value":""}]}]}
RESULT: {"actions":[{"id":"action4","type":"key","parameters":{},"actions":[{"type":"keyDown","value":""},{"type":"pause","duration":10},{"type":"keyUp","value":""}]}]}
COMMAND: GET /session/7f1686e11a340d92304ee7762c65784d/screenshot - {}
RESULT: {}
COMMAND: POST /session/7f1686e11a340d92304ee7762c65784d/elements - {"using":"xpath","value":"//table[contains(@id, \"customPartnersTable-listUl\")]/tbody/tr"}
RESULT: {"using":"xpath","value":"//table[contains(@id, \"customPartnersTable-listUl\")]/tbody/tr"}
COMMAND: POST /session/7f1686e11a340d92304ee7762c65784d/element - {"using":"xpath","value":"//table[contains(@id, \"customPartnersTable-listUl\")]/tbody/tr[1]/td[3]/span"}
RESULT: {"using":"xpath","value":"//table[contains(@id, \"customPartnersTable-listUl\")]/tbody/tr[1]/td[3]/span"}
COMMAND: POST /session/7f1686e11a340d92304ee7762c65784d/elements - {"using":"xpath","value":"//table[contains(@id, \"customPartnersTable-listUl\")]/tbody/tr[1]/td[3]/span"}
RESULT: {"using":"xpath","value":"//table[contains(@id, \"customPartnersTable-listUl\")]/tbody/tr[1]/td[3]/span"}
COMMAND: POST /session/7f1686e11a340d92304ee7762c65784d/execute/sync - {"script":"<script> [56 bytes]","args":[{"element-6066-11e4-a52e-4f735466cecf":"f.45271FC9FC22FBF7EF0A590A71DD44AE.d.1C143C3B8B43AA02955E9B5EEAD5EA6F.e.2359","ELEMENT":"f.45271FC9FC22FBF7EF0A590A71DD44AE.d.1C143C3B8B43AA02955E9B5EEAD5EA6F.e.2359"}]}
RESULT: {"script":"<script> [56 bytes]","args":[{"element-6066-11e4-a52e-4f735466cecf":"f.45271FC9FC22FBF7EF0A590A71DD44AE.d.1C143C3B8B43AA02955E9B5EEAD5EA6F.e.2359","ELEMENT":"f.45271FC9FC22FBF7EF0A590A71DD44AE.d.1C143C3B8B43AA02955E9B5EEAD5EA6F.e.2359"}]}
COMMAND: POST /session/7f1686e11a340d92304ee7762c65784d/element - {"using":"xpath","value":"//table[contains(@id, \"customPartnersTable-listUl\")]/tbody/tr[1]/td[7]/div/span"}
COMMAND: GET /session/7f1686e11a340d92304ee7762c65784d/screenshot - {}
RESULT: {"using":"xpath","value":"//table[contains(@id, \"customPartnersTable-listUl\")]/tbody/tr[1]/td[7]/div/span"}
COMMAND: POST /session/7f1686e11a340d92304ee7762c65784d/execute/sync - {"script":"<script> [56 bytes]","args":[{"element-6066-11e4-a52e-4f735466cecf":"f.45271FC9FC22FBF7EF0A590A71DD44AE.d.1C143C3B8B43AA02955E9B5EEAD5EA6F.e.2360","ELEMENT":"f.45271FC9FC22FBF7EF0A590A71DD44AE.d.1C143C3B8B43AA02955E9B5EEAD5EA6F.e.2360"}]}
RESULT: {}
RESULT: {"script":"<script> [56 bytes]","args":[{"element-6066-11e4-a52e-4f735466cecf":"f.45271FC9FC22FBF7EF0A590A71DD44AE.d.1C143C3B8B43AA02955E9B5EEAD5EA6F.e.2360","ELEMENT":"f.45271FC9FC22FBF7EF0A590A71DD44AE.d.1C143C3B8B43AA02955E9B5EEAD5EA6F.e.2360"}]}
COMMAND: POST /session/7f1686e11a340d92304ee7762c65784d/element - {"using":"xpath","value":"//table[contains(@id, \"customPartnersTable-listUl\")]/tbody/tr[1]/td[2]/div/div"}
COMMAND: GET /session/7f1686e11a340d92304ee7762c65784d/screenshot - {}
RESULT: {"using":"xpath","value":"//table[contains(@id, \"customPartnersTable-listUl\")]/tbody/tr[1]/td[2]/div/div"}
COMMAND: POST /session/7f1686e11a340d92304ee7762c65784d/element/f.45271FC9FC22FBF7EF0A590A71DD44AE.d.1C143C3B8B43AA02955E9B5EEAD5EA6F.e.2361/click - {}
RESULT: {}
RESULT: {}
COMMAND: GET /session/7f1686e11a340d92304ee7762c65784d/screenshot - {}
RESULT: {}
COMMAND: POST /session/7f1686e11a340d92304ee7762c65784d/element - {"using":"xpath","value":"//bdi[contains(text(), \"Deactivate\")]"}
RESULT: {"using":"xpath","value":"//bdi[contains(text(), \"Deactivate\")]"}
COMMAND: POST /session/7f1686e11a340d92304ee7762c65784d/element/f.45271FC9FC22FBF7EF0A590A71DD44AE.d.1C143C3B8B43AA02955E9B5EEAD5EA6F.e.2362/click - {}
RESULT: {}
COMMAND: GET /session/7f1686e11a340d92304ee7762c65784d/screenshot - {}
RESULT: {}
COMMAND: POST /session/7f1686e11a340d92304ee7762c65784d/element - {"using":"xpath","value":"//bdi[contains(text(), \"Yes\")]"}
RESULT: {"using":"xpath","value":"//bdi[contains(text(), \"Yes\")]"}
COMMAND: POST /session/7f1686e11a340d92304ee7762c65784d/element/f.45271FC9FC22FBF7EF0A590A71DD44AE.d.1C143C3B8B43AA02955E9B5EEAD5EA6F.e.2364/click - {}
RESULT: {}
COMMAND: GET /session/7f1686e11a340d92304ee7762c65784d/screenshot - {}
RESULT: {}
COMMAND: POST /session/7f1686e11a340d92304ee7762c65784d/element - {"using":"xpath","value":"//table[contains(@id, \"customPartnersTable-listUl\")]/tbody/tr[1]/td[7]/div/span"}
RESULT: {"using":"xpath","value":"//table[contains(@id, \"customPartnersTable-listUl\")]/tbody/tr[1]/td[7]/div/span"}
COMMAND: POST /session/7f1686e11a340d92304ee7762c65784d/execute/sync - {"script":"<script> [56 bytes]","args":[{"element-6066-11e4-a52e-4f735466cecf":"f.45271FC9FC22FBF7EF0A590A71DD44AE.d.1C143C3B8B43AA02955E9B5EEAD5EA6F.e.2360","ELEMENT":"f.45271FC9FC22FBF7EF0A590A71DD44AE.d.1C143C3B8B43AA02955E9B5EEAD5EA6F.e.2360"}]}
RESULT: {"script":"<script> [56 bytes]","args":[{"element-6066-11e4-a52e-4f735466cecf":"f.45271FC9FC22FBF7EF0A590A71DD44AE.d.1C143C3B8B43AA02955E9B5EEAD5EA6F.e.2360","ELEMENT":"f.45271FC9FC22FBF7EF0A590A71DD44AE.d.1C143C3B8B43AA02955E9B5EEAD5EA6F.e.2360"}]}
COMMAND: GET /session/7f1686e11a340d92304ee7762c65784d/screenshot - {}
RESULT: {}
COMMAND: POST /session/7f1686e11a340d92304ee7762c65784d/element - {"using":"css selector","value":"#shell-header-logo"}
RESULT: {"using":"css selector","value":"#shell-header-logo"}
COMMAND: POST /session/7f1686e11a340d92304ee7762c65784d/element/f.45271FC9FC22FBF7EF0A590A71DD44AE.d.1C143C3B8B43AA02955E9B5EEAD5EA6F.e.2179/click - {}
RESULT: {}
COMMAND: GET /session/7f1686e11a340d92304ee7762c65784d/screenshot - {}
RESULT: {}
]]></system-out>
    </testcase>
    <testcase classname="chrome.135_0_7049_42.windows.Partner_specific_tests_US150819_US151080_US151654_US151176_US103444_US151078_US151079_US151109_US151174_US151175_US151189" name="Should activate the created partner again US151176" time="52.881">
      <system-out><![CDATA[
COMMAND: POST /session/7f1686e11a340d92304ee7762c65784d/element - {"using":"xpath","value":"//li[.//span[text()=\"Manage Partners\"]]"}
RESULT: {"using":"xpath","value":"//li[.//span[text()=\"Manage Partners\"]]"}
COMMAND: POST /session/7f1686e11a340d92304ee7762c65784d/element - {"using":"xpath","value":"//li[.//span[text()=\"Manage Partners\"]]"}
RESULT: {"using":"xpath","value":"//li[.//span[text()=\"Manage Partners\"]]"}
COMMAND: POST /session/7f1686e11a340d92304ee7762c65784d/element - {"using":"css selector","value":"#shell-header-logo"}
RESULT: {"using":"css selector","value":"#shell-header-logo"}
COMMAND: POST /session/7f1686e11a340d92304ee7762c65784d/element/f.45271FC9FC22FBF7EF0A590A71DD44AE.d.1C143C3B8B43AA02955E9B5EEAD5EA6F.e.2368/click - {}
COMMAND: POST /session/7f1686e11a340d92304ee7762c65784d/execute/sync - {"script":"<script> [8489 bytes]","args":[{"element-6066-11e4-a52e-4f735466cecf":"f.45271FC9FC22FBF7EF0A590A71DD44AE.d.1C143C3B8B43AA02955E9B5EEAD5EA6F.e.2368","ELEMENT":"f.45271FC9FC22FBF7EF0A590A71DD44AE.d.1C143C3B8B43AA02955E9B5EEAD5EA6F.e.2368"}]}
RESULT: {}
COMMAND: GET /session/7f1686e11a340d92304ee7762c65784d/screenshot - {}
RESULT: {"script":"<script> [8489 bytes]","args":[{"element-6066-11e4-a52e-4f735466cecf":"f.45271FC9FC22FBF7EF0A590A71DD44AE.d.1C143C3B8B43AA02955E9B5EEAD5EA6F.e.2368","ELEMENT":"f.45271FC9FC22FBF7EF0A590A71DD44AE.d.1C143C3B8B43AA02955E9B5EEAD5EA6F.e.2368"}]}
COMMAND: POST /session/7f1686e11a340d92304ee7762c65784d/execute/sync - {"script":"<script> [5351 bytes]","args":[{"element-6066-11e4-a52e-4f735466cecf":"f.45271FC9FC22FBF7EF0A590A71DD44AE.d.1C143C3B8B43AA02955E9B5EEAD5EA6F.e.2368","ELEMENT":"f.45271FC9FC22FBF7EF0A590A71DD44AE.d.1C143C3B8B43AA02955E9B5EEAD5EA6F.e.2368"}]}
COMMAND: GET /session/7f1686e11a340d92304ee7762c65784d/screenshot - {}
RESULT: {}
RESULT: {"script":"<script> [5351 bytes]","args":[{"element-6066-11e4-a52e-4f735466cecf":"f.45271FC9FC22FBF7EF0A590A71DD44AE.d.1C143C3B8B43AA02955E9B5EEAD5EA6F.e.2368","ELEMENT":"f.45271FC9FC22FBF7EF0A590A71DD44AE.d.1C143C3B8B43AA02955E9B5EEAD5EA6F.e.2368"}]}
COMMAND: GET /session/7f1686e11a340d92304ee7762c65784d/screenshot - {}
RESULT: {}
RESULT: {}
RESULT: undefined
COMMAND: POST /session/7f1686e11a340d92304ee7762c65784d/element - {"using":"xpath","value":"//*[@id=\"__tile38\"]"}
RESULT: {"using":"xpath","value":"//*[@id=\"__tile38\"]"}
COMMAND: POST /session/7f1686e11a340d92304ee7762c65784d/element/f.45271FC9FC22FBF7EF0A590A71DD44AE.d.1C143C3B8B43AA02955E9B5EEAD5EA6F.e.169/click - {}
RESULT: {}
COMMAND: POST /session/7f1686e11a340d92304ee7762c65784d/element - {"using":"xpath","value":"//button[@data-kt=\"addButton\"]"}
COMMAND: GET /session/7f1686e11a340d92304ee7762c65784d/screenshot - {}
RESULT: {"using":"xpath","value":"//button[@data-kt=\"addButton\"]"}
COMMAND: POST /session/7f1686e11a340d92304ee7762c65784d/elements - {"using":"xpath","value":"//button[@data-kt=\"addButton\"]"}
RESULT: {}
RESULT: {"using":"xpath","value":"//button[@data-kt=\"addButton\"]"}
COMMAND: POST /session/7f1686e11a340d92304ee7762c65784d/elements - {"using":"xpath","value":"//button[@data-kt=\"addButton\"]"}
RESULT: {"using":"xpath","value":"//button[@data-kt=\"addButton\"]"}
COMMAND: POST /session/7f1686e11a340d92304ee7762c65784d/elements - {"using":"xpath","value":"//button[@data-kt=\"addButton\"]"}
RESULT: {"using":"xpath","value":"//button[@data-kt=\"addButton\"]"}
COMMAND: POST /session/7f1686e11a340d92304ee7762c65784d/elements - {"using":"xpath","value":"//button[@data-kt=\"addButton\"]"}
RESULT: {"using":"xpath","value":"//button[@data-kt=\"addButton\"]"}
COMMAND: POST /session/7f1686e11a340d92304ee7762c65784d/elements - {"using":"xpath","value":"//button[@data-kt=\"addButton\"]"}
RESULT: {"using":"xpath","value":"//button[@data-kt=\"addButton\"]"}
COMMAND: POST /session/7f1686e11a340d92304ee7762c65784d/elements - {"using":"xpath","value":"//button[@data-kt=\"addButton\"]"}
RESULT: {"using":"xpath","value":"//button[@data-kt=\"addButton\"]"}
COMMAND: POST /session/7f1686e11a340d92304ee7762c65784d/elements - {"using":"xpath","value":"//button[@data-kt=\"addButton\"]"}
RESULT: {"using":"xpath","value":"//button[@data-kt=\"addButton\"]"}
COMMAND: POST /session/7f1686e11a340d92304ee7762c65784d/elements - {"using":"xpath","value":"//button[@data-kt=\"addButton\"]"}
RESULT: {"using":"xpath","value":"//button[@data-kt=\"addButton\"]"}
COMMAND: POST /session/7f1686e11a340d92304ee7762c65784d/elements - {"using":"xpath","value":"//button[@data-kt=\"addButton\"]"}
RESULT: {"using":"xpath","value":"//button[@data-kt=\"addButton\"]"}
COMMAND: POST /session/7f1686e11a340d92304ee7762c65784d/elements - {"using":"xpath","value":"//button[@data-kt=\"addButton\"]"}
RESULT: {"using":"xpath","value":"//button[@data-kt=\"addButton\"]"}
COMMAND: POST /session/7f1686e11a340d92304ee7762c65784d/elements - {"using":"xpath","value":"//button[@data-kt=\"addButton\"]"}
RESULT: {"using":"xpath","value":"//button[@data-kt=\"addButton\"]"}
COMMAND: POST /session/7f1686e11a340d92304ee7762c65784d/elements - {"using":"xpath","value":"//button[@data-kt=\"addButton\"]"}
RESULT: {"using":"xpath","value":"//button[@data-kt=\"addButton\"]"}
COMMAND: POST /session/7f1686e11a340d92304ee7762c65784d/elements - {"using":"xpath","value":"//button[@data-kt=\"addButton\"]"}
RESULT: {"using":"xpath","value":"//button[@data-kt=\"addButton\"]"}
COMMAND: POST /session/7f1686e11a340d92304ee7762c65784d/elements - {"using":"xpath","value":"//button[@data-kt=\"addButton\"]"}
RESULT: {"using":"xpath","value":"//button[@data-kt=\"addButton\"]"}
COMMAND: POST /session/7f1686e11a340d92304ee7762c65784d/elements - {"using":"xpath","value":"//button[@data-kt=\"addButton\"]"}
RESULT: {"using":"xpath","value":"//button[@data-kt=\"addButton\"]"}
COMMAND: POST /session/7f1686e11a340d92304ee7762c65784d/elements - {"using":"xpath","value":"//button[@data-kt=\"addButton\"]"}
RESULT: {"using":"xpath","value":"//button[@data-kt=\"addButton\"]"}
COMMAND: POST /session/7f1686e11a340d92304ee7762c65784d/elements - {"using":"xpath","value":"//button[@data-kt=\"addButton\"]"}
RESULT: {"using":"xpath","value":"//button[@data-kt=\"addButton\"]"}
COMMAND: POST /session/7f1686e11a340d92304ee7762c65784d/element - {"using":"xpath","value":"//button[@data-kt=\"addButton\"]"}
RESULT: {"using":"xpath","value":"//button[@data-kt=\"addButton\"]"}
COMMAND: POST /session/7f1686e11a340d92304ee7762c65784d/execute/sync - {"script":"<script> [8489 bytes]","args":[{"element-6066-11e4-a52e-4f735466cecf":"f.45271FC9FC22FBF7EF0A590A71DD44AE.d.1C143C3B8B43AA02955E9B5EEAD5EA6F.e.2402","ELEMENT":"f.45271FC9FC22FBF7EF0A590A71DD44AE.d.1C143C3B8B43AA02955E9B5EEAD5EA6F.e.2402"}]}
RESULT: {"script":"<script> [8489 bytes]","args":[{"element-6066-11e4-a52e-4f735466cecf":"f.45271FC9FC22FBF7EF0A590A71DD44AE.d.1C143C3B8B43AA02955E9B5EEAD5EA6F.e.2402","ELEMENT":"f.45271FC9FC22FBF7EF0A590A71DD44AE.d.1C143C3B8B43AA02955E9B5EEAD5EA6F.e.2402"}]}
COMMAND: GET /session/7f1686e11a340d92304ee7762c65784d/element/f.45271FC9FC22FBF7EF0A590A71DD44AE.d.1C143C3B8B43AA02955E9B5EEAD5EA6F.e.2402/enabled - {}
COMMAND: GET /session/7f1686e11a340d92304ee7762c65784d/screenshot - {}
RESULT: {}
COMMAND: POST /session/7f1686e11a340d92304ee7762c65784d/execute/sync - {"script":"<script> [8489 bytes]","args":[{"element-6066-11e4-a52e-4f735466cecf":"f.45271FC9FC22FBF7EF0A590A71DD44AE.d.1C143C3B8B43AA02955E9B5EEAD5EA6F.e.2402","ELEMENT":"f.45271FC9FC22FBF7EF0A590A71DD44AE.d.1C143C3B8B43AA02955E9B5EEAD5EA6F.e.2402"}]}
COMMAND: GET /session/7f1686e11a340d92304ee7762c65784d/screenshot - {}
RESULT: {}
RESULT: {"script":"<script> [8489 bytes]","args":[{"element-6066-11e4-a52e-4f735466cecf":"f.45271FC9FC22FBF7EF0A590A71DD44AE.d.1C143C3B8B43AA02955E9B5EEAD5EA6F.e.2402","ELEMENT":"f.45271FC9FC22FBF7EF0A590A71DD44AE.d.1C143C3B8B43AA02955E9B5EEAD5EA6F.e.2402"}]}
COMMAND: POST /session/7f1686e11a340d92304ee7762c65784d/execute/sync - {"script":"<script> [5351 bytes]","args":[{"element-6066-11e4-a52e-4f735466cecf":"f.45271FC9FC22FBF7EF0A590A71DD44AE.d.1C143C3B8B43AA02955E9B5EEAD5EA6F.e.2402","ELEMENT":"f.45271FC9FC22FBF7EF0A590A71DD44AE.d.1C143C3B8B43AA02955E9B5EEAD5EA6F.e.2402"}]}
COMMAND: GET /session/7f1686e11a340d92304ee7762c65784d/screenshot - {}
RESULT: {}
RESULT: {"script":"<script> [5351 bytes]","args":[{"element-6066-11e4-a52e-4f735466cecf":"f.45271FC9FC22FBF7EF0A590A71DD44AE.d.1C143C3B8B43AA02955E9B5EEAD5EA6F.e.2402","ELEMENT":"f.45271FC9FC22FBF7EF0A590A71DD44AE.d.1C143C3B8B43AA02955E9B5EEAD5EA6F.e.2402"}]}
COMMAND: GET /session/7f1686e11a340d92304ee7762c65784d/screenshot - {}
RESULT: {}
RESULT: {}
RESULT: undefined
COMMAND: POST /session/7f1686e11a340d92304ee7762c65784d/execute/async - {"script":"<script> [776 bytes]","args":[{"enterText":"1406","selector":{"id":"application-managepartners-display-component---masterPtm--smartFilterBar-btnBasicSearch","interaction":{"idSuffix":"I"}},"clearTextFirst":true,"interactionType":"ENTER_TEXT"}]}
RESULT: {"script":"<script> [776 bytes]","args":[{"enterText":"1406","selector":{"id":"application-managepartners-display-component---masterPtm--smartFilterBar-btnBasicSearch","interaction":{"idSuffix":"I"}},"clearTextFirst":true,"interactionType":"ENTER_TEXT"}]}
COMMAND: POST /session/7f1686e11a340d92304ee7762c65784d/actions - {"actions":[{"id":"action5","type":"key","parameters":{},"actions":[{"type":"keyDown","value":""},{"type":"pause","duration":10},{"type":"keyUp","value":""}]}]}
RESULT: {"actions":[{"id":"action5","type":"key","parameters":{},"actions":[{"type":"keyDown","value":""},{"type":"pause","duration":10},{"type":"keyUp","value":""}]}]}
COMMAND: GET /session/7f1686e11a340d92304ee7762c65784d/screenshot - {}
RESULT: {}
COMMAND: POST /session/7f1686e11a340d92304ee7762c65784d/elements - {"using":"xpath","value":"//table[contains(@id, \"customPartnersTable-listUl\")]/tbody/tr"}
RESULT: {"using":"xpath","value":"//table[contains(@id, \"customPartnersTable-listUl\")]/tbody/tr"}
COMMAND: POST /session/7f1686e11a340d92304ee7762c65784d/element - {"using":"xpath","value":"//table[contains(@id, \"customPartnersTable-listUl\")]/tbody/tr[1]/td[3]/span"}
RESULT: {"using":"xpath","value":"//table[contains(@id, \"customPartnersTable-listUl\")]/tbody/tr[1]/td[3]/span"}
COMMAND: POST /session/7f1686e11a340d92304ee7762c65784d/elements - {"using":"xpath","value":"//table[contains(@id, \"customPartnersTable-listUl\")]/tbody/tr[1]/td[3]/span"}
RESULT: {"using":"xpath","value":"//table[contains(@id, \"customPartnersTable-listUl\")]/tbody/tr[1]/td[3]/span"}
COMMAND: POST /session/7f1686e11a340d92304ee7762c65784d/execute/sync - {"script":"<script> [56 bytes]","args":[{"element-6066-11e4-a52e-4f735466cecf":"f.45271FC9FC22FBF7EF0A590A71DD44AE.d.1C143C3B8B43AA02955E9B5EEAD5EA6F.e.2548","ELEMENT":"f.45271FC9FC22FBF7EF0A590A71DD44AE.d.1C143C3B8B43AA02955E9B5EEAD5EA6F.e.2548"}]}
RESULT: {"script":"<script> [56 bytes]","args":[{"element-6066-11e4-a52e-4f735466cecf":"f.45271FC9FC22FBF7EF0A590A71DD44AE.d.1C143C3B8B43AA02955E9B5EEAD5EA6F.e.2548","ELEMENT":"f.45271FC9FC22FBF7EF0A590A71DD44AE.d.1C143C3B8B43AA02955E9B5EEAD5EA6F.e.2548"}]}
COMMAND: POST /session/7f1686e11a340d92304ee7762c65784d/element - {"using":"xpath","value":"//table[contains(@id, \"customPartnersTable-listUl\")]/tbody/tr[1]/td[7]/div/span"}
COMMAND: GET /session/7f1686e11a340d92304ee7762c65784d/screenshot - {}
RESULT: {"using":"xpath","value":"//table[contains(@id, \"customPartnersTable-listUl\")]/tbody/tr[1]/td[7]/div/span"}
COMMAND: POST /session/7f1686e11a340d92304ee7762c65784d/execute/sync - {"script":"<script> [56 bytes]","args":[{"element-6066-11e4-a52e-4f735466cecf":"f.45271FC9FC22FBF7EF0A590A71DD44AE.d.1C143C3B8B43AA02955E9B5EEAD5EA6F.e.2549","ELEMENT":"f.45271FC9FC22FBF7EF0A590A71DD44AE.d.1C143C3B8B43AA02955E9B5EEAD5EA6F.e.2549"}]}
RESULT: {}
RESULT: {"script":"<script> [56 bytes]","args":[{"element-6066-11e4-a52e-4f735466cecf":"f.45271FC9FC22FBF7EF0A590A71DD44AE.d.1C143C3B8B43AA02955E9B5EEAD5EA6F.e.2549","ELEMENT":"f.45271FC9FC22FBF7EF0A590A71DD44AE.d.1C143C3B8B43AA02955E9B5EEAD5EA6F.e.2549"}]}
COMMAND: POST /session/7f1686e11a340d92304ee7762c65784d/element - {"using":"xpath","value":"//table[contains(@id, \"customPartnersTable-listUl\")]/tbody/tr[1]/td[2]/div/div"}
COMMAND: GET /session/7f1686e11a340d92304ee7762c65784d/screenshot - {}
RESULT: {"using":"xpath","value":"//table[contains(@id, \"customPartnersTable-listUl\")]/tbody/tr[1]/td[2]/div/div"}
COMMAND: POST /session/7f1686e11a340d92304ee7762c65784d/element/f.45271FC9FC22FBF7EF0A590A71DD44AE.d.1C143C3B8B43AA02955E9B5EEAD5EA6F.e.2550/click - {}
RESULT: {}
RESULT: {}
COMMAND: GET /session/7f1686e11a340d92304ee7762c65784d/screenshot - {}
RESULT: {}
COMMAND: POST /session/7f1686e11a340d92304ee7762c65784d/element - {"using":"xpath","value":"//bdi[contains(text(), \"Activate\")]"}
RESULT: {"using":"xpath","value":"//bdi[contains(text(), \"Activate\")]"}
COMMAND: POST /session/7f1686e11a340d92304ee7762c65784d/element/f.45271FC9FC22FBF7EF0A590A71DD44AE.d.1C143C3B8B43AA02955E9B5EEAD5EA6F.e.2551/click - {}
RESULT: {}
COMMAND: GET /session/7f1686e11a340d92304ee7762c65784d/screenshot - {}
RESULT: {}
COMMAND: POST /session/7f1686e11a340d92304ee7762c65784d/element - {"using":"xpath","value":"//bdi[contains(text(), \"Yes\")]"}
RESULT: {"using":"xpath","value":"//bdi[contains(text(), \"Yes\")]"}
COMMAND: POST /session/7f1686e11a340d92304ee7762c65784d/element/f.45271FC9FC22FBF7EF0A590A71DD44AE.d.1C143C3B8B43AA02955E9B5EEAD5EA6F.e.2553/click - {}
RESULT: {}
COMMAND: GET /session/7f1686e11a340d92304ee7762c65784d/screenshot - {}
RESULT: {}
COMMAND: POST /session/7f1686e11a340d92304ee7762c65784d/element - {"using":"xpath","value":"//table[contains(@id, \"customPartnersTable-listUl\")]/tbody/tr[1]/td[7]/div/span"}
RESULT: {"using":"xpath","value":"//table[contains(@id, \"customPartnersTable-listUl\")]/tbody/tr[1]/td[7]/div/span"}
COMMAND: POST /session/7f1686e11a340d92304ee7762c65784d/execute/sync - {"script":"<script> [56 bytes]","args":[{"element-6066-11e4-a52e-4f735466cecf":"f.45271FC9FC22FBF7EF0A590A71DD44AE.d.1C143C3B8B43AA02955E9B5EEAD5EA6F.e.2549","ELEMENT":"f.45271FC9FC22FBF7EF0A590A71DD44AE.d.1C143C3B8B43AA02955E9B5EEAD5EA6F.e.2549"}]}
RESULT: {"script":"<script> [56 bytes]","args":[{"element-6066-11e4-a52e-4f735466cecf":"f.45271FC9FC22FBF7EF0A590A71DD44AE.d.1C143C3B8B43AA02955E9B5EEAD5EA6F.e.2549","ELEMENT":"f.45271FC9FC22FBF7EF0A590A71DD44AE.d.1C143C3B8B43AA02955E9B5EEAD5EA6F.e.2549"}]}
COMMAND: GET /session/7f1686e11a340d92304ee7762c65784d/screenshot - {}
RESULT: {}
COMMAND: POST /session/7f1686e11a340d92304ee7762c65784d/element - {"using":"css selector","value":"#shell-header-logo"}
RESULT: {"using":"css selector","value":"#shell-header-logo"}
COMMAND: POST /session/7f1686e11a340d92304ee7762c65784d/element/f.45271FC9FC22FBF7EF0A590A71DD44AE.d.1C143C3B8B43AA02955E9B5EEAD5EA6F.e.2368/click - {}
RESULT: {}
COMMAND: GET /session/7f1686e11a340d92304ee7762c65784d/screenshot - {}
RESULT: {}
]]></system-out>
    </testcase>
    <testcase classname="chrome.135_0_7049_42.windows.Partner_specific_tests_US150819_US151080_US151654_US151176_US103444_US151078_US151079_US151109_US151174_US151175_US151189" name="Should edit the created external partner and save it and check its content US103444" time="60.687">
      <system-out><![CDATA[
COMMAND: POST /session/7f1686e11a340d92304ee7762c65784d/element - {"using":"xpath","value":"//li[.//span[text()=\"Manage Partners\"]]"}
RESULT: {"using":"xpath","value":"//li[.//span[text()=\"Manage Partners\"]]"}
COMMAND: POST /session/7f1686e11a340d92304ee7762c65784d/element - {"using":"xpath","value":"//li[.//span[text()=\"Manage Partners\"]]"}
RESULT: {"using":"xpath","value":"//li[.//span[text()=\"Manage Partners\"]]"}
COMMAND: POST /session/7f1686e11a340d92304ee7762c65784d/element - {"using":"css selector","value":"#shell-header-logo"}
RESULT: {"using":"css selector","value":"#shell-header-logo"}
COMMAND: POST /session/7f1686e11a340d92304ee7762c65784d/element/f.45271FC9FC22FBF7EF0A590A71DD44AE.d.1C143C3B8B43AA02955E9B5EEAD5EA6F.e.2557/click - {}
COMMAND: POST /session/7f1686e11a340d92304ee7762c65784d/execute/sync - {"script":"<script> [8489 bytes]","args":[{"element-6066-11e4-a52e-4f735466cecf":"f.45271FC9FC22FBF7EF0A590A71DD44AE.d.1C143C3B8B43AA02955E9B5EEAD5EA6F.e.2557","ELEMENT":"f.45271FC9FC22FBF7EF0A590A71DD44AE.d.1C143C3B8B43AA02955E9B5EEAD5EA6F.e.2557"}]}
RESULT: {}
COMMAND: GET /session/7f1686e11a340d92304ee7762c65784d/screenshot - {}
RESULT: {"script":"<script> [8489 bytes]","args":[{"element-6066-11e4-a52e-4f735466cecf":"f.45271FC9FC22FBF7EF0A590A71DD44AE.d.1C143C3B8B43AA02955E9B5EEAD5EA6F.e.2557","ELEMENT":"f.45271FC9FC22FBF7EF0A590A71DD44AE.d.1C143C3B8B43AA02955E9B5EEAD5EA6F.e.2557"}]}
COMMAND: POST /session/7f1686e11a340d92304ee7762c65784d/execute/sync - {"script":"<script> [5351 bytes]","args":[{"element-6066-11e4-a52e-4f735466cecf":"f.45271FC9FC22FBF7EF0A590A71DD44AE.d.1C143C3B8B43AA02955E9B5EEAD5EA6F.e.2557","ELEMENT":"f.45271FC9FC22FBF7EF0A590A71DD44AE.d.1C143C3B8B43AA02955E9B5EEAD5EA6F.e.2557"}]}
COMMAND: GET /session/7f1686e11a340d92304ee7762c65784d/screenshot - {}
RESULT: {}
RESULT: {"script":"<script> [5351 bytes]","args":[{"element-6066-11e4-a52e-4f735466cecf":"f.45271FC9FC22FBF7EF0A590A71DD44AE.d.1C143C3B8B43AA02955E9B5EEAD5EA6F.e.2557","ELEMENT":"f.45271FC9FC22FBF7EF0A590A71DD44AE.d.1C143C3B8B43AA02955E9B5EEAD5EA6F.e.2557"}]}
COMMAND: GET /session/7f1686e11a340d92304ee7762c65784d/screenshot - {}
RESULT: {}
RESULT: {}
RESULT: undefined
COMMAND: POST /session/7f1686e11a340d92304ee7762c65784d/element - {"using":"xpath","value":"//*[@id=\"__tile38\"]"}
RESULT: {"using":"xpath","value":"//*[@id=\"__tile38\"]"}
COMMAND: POST /session/7f1686e11a340d92304ee7762c65784d/element/f.45271FC9FC22FBF7EF0A590A71DD44AE.d.1C143C3B8B43AA02955E9B5EEAD5EA6F.e.169/click - {}
RESULT: {}
COMMAND: POST /session/7f1686e11a340d92304ee7762c65784d/element - {"using":"xpath","value":"//button[@data-kt=\"addButton\"]"}
COMMAND: GET /session/7f1686e11a340d92304ee7762c65784d/screenshot - {}
RESULT: {"using":"xpath","value":"//button[@data-kt=\"addButton\"]"}
COMMAND: POST /session/7f1686e11a340d92304ee7762c65784d/elements - {"using":"xpath","value":"//button[@data-kt=\"addButton\"]"}
RESULT: {}
RESULT: {"using":"xpath","value":"//button[@data-kt=\"addButton\"]"}
COMMAND: POST /session/7f1686e11a340d92304ee7762c65784d/elements - {"using":"xpath","value":"//button[@data-kt=\"addButton\"]"}
RESULT: {"using":"xpath","value":"//button[@data-kt=\"addButton\"]"}
COMMAND: POST /session/7f1686e11a340d92304ee7762c65784d/elements - {"using":"xpath","value":"//button[@data-kt=\"addButton\"]"}
RESULT: {"using":"xpath","value":"//button[@data-kt=\"addButton\"]"}
COMMAND: POST /session/7f1686e11a340d92304ee7762c65784d/elements - {"using":"xpath","value":"//button[@data-kt=\"addButton\"]"}
RESULT: {"using":"xpath","value":"//button[@data-kt=\"addButton\"]"}
COMMAND: POST /session/7f1686e11a340d92304ee7762c65784d/elements - {"using":"xpath","value":"//button[@data-kt=\"addButton\"]"}
RESULT: {"using":"xpath","value":"//button[@data-kt=\"addButton\"]"}
COMMAND: POST /session/7f1686e11a340d92304ee7762c65784d/elements - {"using":"xpath","value":"//button[@data-kt=\"addButton\"]"}
RESULT: {"using":"xpath","value":"//button[@data-kt=\"addButton\"]"}
COMMAND: POST /session/7f1686e11a340d92304ee7762c65784d/elements - {"using":"xpath","value":"//button[@data-kt=\"addButton\"]"}
RESULT: {"using":"xpath","value":"//button[@data-kt=\"addButton\"]"}
COMMAND: POST /session/7f1686e11a340d92304ee7762c65784d/elements - {"using":"xpath","value":"//button[@data-kt=\"addButton\"]"}
RESULT: {"using":"xpath","value":"//button[@data-kt=\"addButton\"]"}
COMMAND: POST /session/7f1686e11a340d92304ee7762c65784d/elements - {"using":"xpath","value":"//button[@data-kt=\"addButton\"]"}
RESULT: {"using":"xpath","value":"//button[@data-kt=\"addButton\"]"}
COMMAND: POST /session/7f1686e11a340d92304ee7762c65784d/elements - {"using":"xpath","value":"//button[@data-kt=\"addButton\"]"}
RESULT: {"using":"xpath","value":"//button[@data-kt=\"addButton\"]"}
COMMAND: POST /session/7f1686e11a340d92304ee7762c65784d/elements - {"using":"xpath","value":"//button[@data-kt=\"addButton\"]"}
RESULT: {"using":"xpath","value":"//button[@data-kt=\"addButton\"]"}
COMMAND: POST /session/7f1686e11a340d92304ee7762c65784d/elements - {"using":"xpath","value":"//button[@data-kt=\"addButton\"]"}
RESULT: {"using":"xpath","value":"//button[@data-kt=\"addButton\"]"}
COMMAND: POST /session/7f1686e11a340d92304ee7762c65784d/elements - {"using":"xpath","value":"//button[@data-kt=\"addButton\"]"}
RESULT: {"using":"xpath","value":"//button[@data-kt=\"addButton\"]"}
COMMAND: POST /session/7f1686e11a340d92304ee7762c65784d/elements - {"using":"xpath","value":"//button[@data-kt=\"addButton\"]"}
RESULT: {"using":"xpath","value":"//button[@data-kt=\"addButton\"]"}
COMMAND: POST /session/7f1686e11a340d92304ee7762c65784d/element - {"using":"xpath","value":"//button[@data-kt=\"addButton\"]"}
RESULT: {"using":"xpath","value":"//button[@data-kt=\"addButton\"]"}
COMMAND: POST /session/7f1686e11a340d92304ee7762c65784d/execute/sync - {"script":"<script> [8489 bytes]","args":[{"element-6066-11e4-a52e-4f735466cecf":"f.45271FC9FC22FBF7EF0A590A71DD44AE.d.1C143C3B8B43AA02955E9B5EEAD5EA6F.e.2592","ELEMENT":"f.45271FC9FC22FBF7EF0A590A71DD44AE.d.1C143C3B8B43AA02955E9B5EEAD5EA6F.e.2592"}]}
RESULT: {"script":"<script> [8489 bytes]","args":[{"element-6066-11e4-a52e-4f735466cecf":"f.45271FC9FC22FBF7EF0A590A71DD44AE.d.1C143C3B8B43AA02955E9B5EEAD5EA6F.e.2592","ELEMENT":"f.45271FC9FC22FBF7EF0A590A71DD44AE.d.1C143C3B8B43AA02955E9B5EEAD5EA6F.e.2592"}]}
COMMAND: GET /session/7f1686e11a340d92304ee7762c65784d/element/f.45271FC9FC22FBF7EF0A590A71DD44AE.d.1C143C3B8B43AA02955E9B5EEAD5EA6F.e.2592/enabled - {}
COMMAND: GET /session/7f1686e11a340d92304ee7762c65784d/screenshot - {}
RESULT: {}
COMMAND: POST /session/7f1686e11a340d92304ee7762c65784d/execute/sync - {"script":"<script> [8489 bytes]","args":[{"element-6066-11e4-a52e-4f735466cecf":"f.45271FC9FC22FBF7EF0A590A71DD44AE.d.1C143C3B8B43AA02955E9B5EEAD5EA6F.e.2592","ELEMENT":"f.45271FC9FC22FBF7EF0A590A71DD44AE.d.1C143C3B8B43AA02955E9B5EEAD5EA6F.e.2592"}]}
COMMAND: GET /session/7f1686e11a340d92304ee7762c65784d/screenshot - {}
RESULT: {}
RESULT: {"script":"<script> [8489 bytes]","args":[{"element-6066-11e4-a52e-4f735466cecf":"f.45271FC9FC22FBF7EF0A590A71DD44AE.d.1C143C3B8B43AA02955E9B5EEAD5EA6F.e.2592","ELEMENT":"f.45271FC9FC22FBF7EF0A590A71DD44AE.d.1C143C3B8B43AA02955E9B5EEAD5EA6F.e.2592"}]}
COMMAND: POST /session/7f1686e11a340d92304ee7762c65784d/execute/sync - {"script":"<script> [5351 bytes]","args":[{"element-6066-11e4-a52e-4f735466cecf":"f.45271FC9FC22FBF7EF0A590A71DD44AE.d.1C143C3B8B43AA02955E9B5EEAD5EA6F.e.2592","ELEMENT":"f.45271FC9FC22FBF7EF0A590A71DD44AE.d.1C143C3B8B43AA02955E9B5EEAD5EA6F.e.2592"}]}
COMMAND: GET /session/7f1686e11a340d92304ee7762c65784d/screenshot - {}
RESULT: {}
RESULT: {"script":"<script> [5351 bytes]","args":[{"element-6066-11e4-a52e-4f735466cecf":"f.45271FC9FC22FBF7EF0A590A71DD44AE.d.1C143C3B8B43AA02955E9B5EEAD5EA6F.e.2592","ELEMENT":"f.45271FC9FC22FBF7EF0A590A71DD44AE.d.1C143C3B8B43AA02955E9B5EEAD5EA6F.e.2592"}]}
COMMAND: GET /session/7f1686e11a340d92304ee7762c65784d/screenshot - {}
RESULT: {}
RESULT: {}
RESULT: undefined
COMMAND: POST /session/7f1686e11a340d92304ee7762c65784d/execute/async - {"script":"<script> [776 bytes]","args":[{"enterText":"1406","selector":{"id":"application-managepartners-display-component---masterPtm--smartFilterBar-btnBasicSearch","interaction":{"idSuffix":"I"}},"clearTextFirst":true,"interactionType":"ENTER_TEXT"}]}
RESULT: {"script":"<script> [776 bytes]","args":[{"enterText":"1406","selector":{"id":"application-managepartners-display-component---masterPtm--smartFilterBar-btnBasicSearch","interaction":{"idSuffix":"I"}},"clearTextFirst":true,"interactionType":"ENTER_TEXT"}]}
COMMAND: POST /session/7f1686e11a340d92304ee7762c65784d/actions - {"actions":[{"id":"action6","type":"key","parameters":{},"actions":[{"type":"keyDown","value":""},{"type":"pause","duration":10},{"type":"keyUp","value":""}]}]}
RESULT: {"actions":[{"id":"action6","type":"key","parameters":{},"actions":[{"type":"keyDown","value":""},{"type":"pause","duration":10},{"type":"keyUp","value":""}]}]}
COMMAND: GET /session/7f1686e11a340d92304ee7762c65784d/screenshot - {}
RESULT: {}
COMMAND: POST /session/7f1686e11a340d92304ee7762c65784d/elements - {"using":"xpath","value":"//table[contains(@id, \"customPartnersTable-listUl\")]/tbody/tr"}
RESULT: {"using":"xpath","value":"//table[contains(@id, \"customPartnersTable-listUl\")]/tbody/tr"}
COMMAND: POST /session/7f1686e11a340d92304ee7762c65784d/element - {"using":"xpath","value":"//table[contains(@id, \"customPartnersTable-listUl\")]/tbody/tr[1]/td[3]/span"}
RESULT: {"using":"xpath","value":"//table[contains(@id, \"customPartnersTable-listUl\")]/tbody/tr[1]/td[3]/span"}
COMMAND: POST /session/7f1686e11a340d92304ee7762c65784d/elements - {"using":"xpath","value":"//table[contains(@id, \"customPartnersTable-listUl\")]/tbody/tr[1]/td[3]/span"}
RESULT: {"using":"xpath","value":"//table[contains(@id, \"customPartnersTable-listUl\")]/tbody/tr[1]/td[3]/span"}
COMMAND: POST /session/7f1686e11a340d92304ee7762c65784d/execute/sync - {"script":"<script> [56 bytes]","args":[{"element-6066-11e4-a52e-4f735466cecf":"f.45271FC9FC22FBF7EF0A590A71DD44AE.d.1C143C3B8B43AA02955E9B5EEAD5EA6F.e.2738","ELEMENT":"f.45271FC9FC22FBF7EF0A590A71DD44AE.d.1C143C3B8B43AA02955E9B5EEAD5EA6F.e.2738"}]}
RESULT: {"script":"<script> [56 bytes]","args":[{"element-6066-11e4-a52e-4f735466cecf":"f.45271FC9FC22FBF7EF0A590A71DD44AE.d.1C143C3B8B43AA02955E9B5EEAD5EA6F.e.2738","ELEMENT":"f.45271FC9FC22FBF7EF0A590A71DD44AE.d.1C143C3B8B43AA02955E9B5EEAD5EA6F.e.2738"}]}
COMMAND: POST /session/7f1686e11a340d92304ee7762c65784d/element - {"using":"xpath","value":"(//span[contains(@id, \"imgNav\")])[1]"}
COMMAND: GET /session/7f1686e11a340d92304ee7762c65784d/screenshot - {}
RESULT: {"using":"xpath","value":"(//span[contains(@id, \"imgNav\")])[1]"}
COMMAND: POST /session/7f1686e11a340d92304ee7762c65784d/element/f.45271FC9FC22FBF7EF0A590A71DD44AE.d.1C143C3B8B43AA02955E9B5EEAD5EA6F.e.2735/click - {}
RESULT: {}
RESULT: {}
COMMAND: GET /session/7f1686e11a340d92304ee7762c65784d/screenshot - {}
RESULT: {}
COMMAND: POST /session/7f1686e11a340d92304ee7762c65784d/element - {"using":"xpath","value":"//bdi[contains(text(), \"Edit\")]"}
RESULT: {"using":"xpath","value":"//bdi[contains(text(), \"Edit\")]"}
COMMAND: POST /session/7f1686e11a340d92304ee7762c65784d/element/f.45271FC9FC22FBF7EF0A590A71DD44AE.d.1C143C3B8B43AA02955E9B5EEAD5EA6F.e.2875/click - {}
RESULT: {}
COMMAND: GET /session/7f1686e11a340d92304ee7762c65784d/screenshot - {}
RESULT: {}
COMMAND: POST /session/7f1686e11a340d92304ee7762c65784d/execute/async - {"script":"<script> [1562 bytes]","args":[{"selector":{"controlType":"sap.m.Input","viewName":"etm.portal.ui.managepartners.view.EditDetail","labelFor":{"text":"Name"},"interaction":{"idSuffix":"inner"}},"wdio_ui5_key":"etmportal.ui.managepartners.view.EditDetailsap.m.Input{\"text\":\"Name\"}"}]}
RESULT: {"script":"<script> [1562 bytes]","args":[{"selector":{"controlType":"sap.m.Input","viewName":"etm.portal.ui.managepartners.view.EditDetail","labelFor":{"text":"Name"},"interaction":{"idSuffix":"inner"}},"wdio_ui5_key":"etmportal.ui.managepartners.view.EditDetailsap.m.Input{\"text\":\"Name\"}"}]}
RESULT: undefined
COMMAND: POST /session/7f1686e11a340d92304ee7762c65784d/execute/async - {"script":"<script> [776 bytes]","args":[{"enterText":"External EDIT","selector":{"controlType":"sap.m.Input","viewName":"etm.portal.ui.managepartners.view.EditDetail","labelFor":{"text":"Name"},"interaction":{"idSuffix":"inner"}},"clearTextFirst":true,"interactionType":"ENTER_TEXT"}]}
RESULT: {"script":"<script> [776 bytes]","args":[{"enterText":"External EDIT","selector":{"controlType":"sap.m.Input","viewName":"etm.portal.ui.managepartners.view.EditDetail","labelFor":{"text":"Name"},"interaction":{"idSuffix":"inner"}},"clearTextFirst":true,"interactionType":"ENTER_TEXT"}]}
COMMAND: POST /session/7f1686e11a340d92304ee7762c65784d/element - {"using":"xpath","value":"(//span[contains(@id,\"addressDetailDetailsLanguage-arrow\")])[1]"}
RESULT: {"using":"xpath","value":"(//span[contains(@id,\"addressDetailDetailsLanguage-arrow\")])[1]"}
COMMAND: POST /session/7f1686e11a340d92304ee7762c65784d/element/f.45271FC9FC22FBF7EF0A590A71DD44AE.d.1C143C3B8B43AA02955E9B5EEAD5EA6F.e.2953/click - {}
RESULT: {}
COMMAND: POST /session/7f1686e11a340d92304ee7762c65784d/element - {"using":"xpath","value":"//span[contains(text(), \"Chinese\")]"}
COMMAND: GET /session/7f1686e11a340d92304ee7762c65784d/screenshot - {}
RESULT: {"using":"xpath","value":"//span[contains(text(), \"Chinese\")]"}
COMMAND: POST /session/7f1686e11a340d92304ee7762c65784d/element/f.45271FC9FC22FBF7EF0A590A71DD44AE.d.1C143C3B8B43AA02955E9B5EEAD5EA6F.e.2954/click - {}
RESULT: {}
RESULT: {}
COMMAND: GET /session/7f1686e11a340d92304ee7762c65784d/screenshot - {}
RESULT: {}
COMMAND: POST /session/7f1686e11a340d92304ee7762c65784d/execute/async - {"script":"<script> [1562 bytes]","args":[{"selector":{"controlType":"sap.m.Input","viewName":"etm.portal.ui.managepartners.view.EditDetail","labelFor":{"text":"City"},"interaction":{"idSuffix":"inner"}},"wdio_ui5_key":"etmportal.ui.managepartners.view.EditDetailsap.m.Input{\"text\":\"City\"}"}]}
RESULT: {"script":"<script> [1562 bytes]","args":[{"selector":{"controlType":"sap.m.Input","viewName":"etm.portal.ui.managepartners.view.EditDetail","labelFor":{"text":"City"},"interaction":{"idSuffix":"inner"}},"wdio_ui5_key":"etmportal.ui.managepartners.view.EditDetailsap.m.Input{\"text\":\"City\"}"}]}
RESULT: undefined
COMMAND: POST /session/7f1686e11a340d92304ee7762c65784d/execute/async - {"script":"<script> [776 bytes]","args":[{"enterText":"Clooj-Napoca","selector":{"controlType":"sap.m.Input","viewName":"etm.portal.ui.managepartners.view.EditDetail","labelFor":{"text":"City"},"interaction":{"idSuffix":"inner"}},"clearTextFirst":true,"interactionType":"ENTER_TEXT"}]}
RESULT: {"script":"<script> [776 bytes]","args":[{"enterText":"Clooj-Napoca","selector":{"controlType":"sap.m.Input","viewName":"etm.portal.ui.managepartners.view.EditDetail","labelFor":{"text":"City"},"interaction":{"idSuffix":"inner"}},"clearTextFirst":true,"interactionType":"ENTER_TEXT"}]}
COMMAND: POST /session/7f1686e11a340d92304ee7762c65784d/element - {"using":"xpath","value":"//button[@data-kt=\"saveButton\"]"}
RESULT: {"using":"xpath","value":"//button[@data-kt=\"saveButton\"]"}
COMMAND: POST /session/7f1686e11a340d92304ee7762c65784d/element/f.45271FC9FC22FBF7EF0A590A71DD44AE.d.1C143C3B8B43AA02955E9B5EEAD5EA6F.e.2937/click - {}
RESULT: {}
COMMAND: GET /session/7f1686e11a340d92304ee7762c65784d/screenshot - {}
RESULT: {}
COMMAND: POST /session/7f1686e11a340d92304ee7762c65784d/execute/async - {"script":"<script> [1562 bytes]","args":[{"selector":{"id":"application-managepartners-display-component---detailPtm--addressDetailDetailsName1"},"wdio_ui5_key":"applicationmanagepartners-display-component---detailPtm--addressDetailDetailsName1"}]}
RESULT: {"script":"<script> [1562 bytes]","args":[{"selector":{"id":"application-managepartners-display-component---detailPtm--addressDetailDetailsName1"},"wdio_ui5_key":"applicationmanagepartners-display-component---detailPtm--addressDetailDetailsName1"}]}
RESULT: undefined
COMMAND: POST /session/7f1686e11a340d92304ee7762c65784d/execute/async - {"script":"<script> [6424 bytes]","args":[{"element-6066-11e4-a52e-4f735466cecf":"f.45271FC9FC22FBF7EF0A590A71DD44AE.d.1C143C3B8B43AA02955E9B5EEAD5EA6F.e.2985"},"getValue",[]]}
RESULT: {"script":"<script> [6424 bytes]","args":[{"element-6066-11e4-a52e-4f735466cecf":"f.45271FC9FC22FBF7EF0A590A71DD44AE.d.1C143C3B8B43AA02955E9B5EEAD5EA6F.e.2985"},"getValue",[]]}
COMMAND: POST /session/7f1686e11a340d92304ee7762c65784d/element - {"using":"xpath","value":"//input[@id = \"application-managepartners-display-component---detailPtm--addressDetailDetailsLanguage-inner\"]"}
RESULT: {"using":"xpath","value":"//input[@id = \"application-managepartners-display-component---detailPtm--addressDetailDetailsLanguage-inner\"]"}
COMMAND: GET /session/7f1686e11a340d92304ee7762c65784d/element/f.45271FC9FC22FBF7EF0A590A71DD44AE.d.1C143C3B8B43AA02955E9B5EEAD5EA6F.e.2986/property/value - {}
RESULT: {}
COMMAND: POST /session/7f1686e11a340d92304ee7762c65784d/execute/async - {"script":"<script> [1562 bytes]","args":[{"selector":{"id":"application-managepartners-display-component---detailPtm--addressDetailDetailsCity1"},"wdio_ui5_key":"applicationmanagepartners-display-component---detailPtm--addressDetailDetailsCity1"}]}
COMMAND: GET /session/7f1686e11a340d92304ee7762c65784d/screenshot - {}
RESULT: {"script":"<script> [1562 bytes]","args":[{"selector":{"id":"application-managepartners-display-component---detailPtm--addressDetailDetailsCity1"},"wdio_ui5_key":"applicationmanagepartners-display-component---detailPtm--addressDetailDetailsCity1"}]}
RESULT: undefined
COMMAND: POST /session/7f1686e11a340d92304ee7762c65784d/execute/async - {"script":"<script> [6424 bytes]","args":[{"element-6066-11e4-a52e-4f735466cecf":"f.45271FC9FC22FBF7EF0A590A71DD44AE.d.1C143C3B8B43AA02955E9B5EEAD5EA6F.e.2987"},"getValue",[]]}
RESULT: {}
RESULT: {"script":"<script> [6424 bytes]","args":[{"element-6066-11e4-a52e-4f735466cecf":"f.45271FC9FC22FBF7EF0A590A71DD44AE.d.1C143C3B8B43AA02955E9B5EEAD5EA6F.e.2987"},"getValue",[]]}
COMMAND: POST /session/7f1686e11a340d92304ee7762c65784d/element - {"using":"css selector","value":"#shell-header-logo"}
RESULT: {"using":"css selector","value":"#shell-header-logo"}
COMMAND: POST /session/7f1686e11a340d92304ee7762c65784d/element/f.45271FC9FC22FBF7EF0A590A71DD44AE.d.1C143C3B8B43AA02955E9B5EEAD5EA6F.e.2557/click - {}
RESULT: {}
COMMAND: GET /session/7f1686e11a340d92304ee7762c65784d/screenshot - {}
RESULT: {}
]]></system-out>
    </testcase>
    <testcase classname="chrome.135_0_7049_42.windows.Partner_specific_tests_US150819_US151080_US151654_US151176_US103444_US151078_US151079_US151109_US151174_US151175_US151189" name="Should create a new intercompany partner edit some of its fields US151078" time="235.207">
      <system-out><![CDATA[
COMMAND: POST /session/7f1686e11a340d92304ee7762c65784d/element - {"using":"xpath","value":"//li[.//span[text()=\"Manage Partners\"]]"}
RESULT: {"using":"xpath","value":"//li[.//span[text()=\"Manage Partners\"]]"}
COMMAND: POST /session/7f1686e11a340d92304ee7762c65784d/element - {"using":"xpath","value":"//li[.//span[text()=\"Manage Partners\"]]"}
RESULT: {"using":"xpath","value":"//li[.//span[text()=\"Manage Partners\"]]"}
COMMAND: POST /session/7f1686e11a340d92304ee7762c65784d/element - {"using":"css selector","value":"#shell-header-logo"}
RESULT: {"using":"css selector","value":"#shell-header-logo"}
COMMAND: POST /session/7f1686e11a340d92304ee7762c65784d/element/f.45271FC9FC22FBF7EF0A590A71DD44AE.d.1C143C3B8B43AA02955E9B5EEAD5EA6F.e.3017/click - {}
COMMAND: POST /session/7f1686e11a340d92304ee7762c65784d/execute/sync - {"script":"<script> [8489 bytes]","args":[{"element-6066-11e4-a52e-4f735466cecf":"f.45271FC9FC22FBF7EF0A590A71DD44AE.d.1C143C3B8B43AA02955E9B5EEAD5EA6F.e.3017","ELEMENT":"f.45271FC9FC22FBF7EF0A590A71DD44AE.d.1C143C3B8B43AA02955E9B5EEAD5EA6F.e.3017"}]}
RESULT: {}
COMMAND: GET /session/7f1686e11a340d92304ee7762c65784d/screenshot - {}
RESULT: {"script":"<script> [8489 bytes]","args":[{"element-6066-11e4-a52e-4f735466cecf":"f.45271FC9FC22FBF7EF0A590A71DD44AE.d.1C143C3B8B43AA02955E9B5EEAD5EA6F.e.3017","ELEMENT":"f.45271FC9FC22FBF7EF0A590A71DD44AE.d.1C143C3B8B43AA02955E9B5EEAD5EA6F.e.3017"}]}
COMMAND: POST /session/7f1686e11a340d92304ee7762c65784d/execute/sync - {"script":"<script> [5351 bytes]","args":[{"element-6066-11e4-a52e-4f735466cecf":"f.45271FC9FC22FBF7EF0A590A71DD44AE.d.1C143C3B8B43AA02955E9B5EEAD5EA6F.e.3017","ELEMENT":"f.45271FC9FC22FBF7EF0A590A71DD44AE.d.1C143C3B8B43AA02955E9B5EEAD5EA6F.e.3017"}]}
COMMAND: GET /session/7f1686e11a340d92304ee7762c65784d/screenshot - {}
RESULT: {}
RESULT: {"script":"<script> [5351 bytes]","args":[{"element-6066-11e4-a52e-4f735466cecf":"f.45271FC9FC22FBF7EF0A590A71DD44AE.d.1C143C3B8B43AA02955E9B5EEAD5EA6F.e.3017","ELEMENT":"f.45271FC9FC22FBF7EF0A590A71DD44AE.d.1C143C3B8B43AA02955E9B5EEAD5EA6F.e.3017"}]}
COMMAND: GET /session/7f1686e11a340d92304ee7762c65784d/screenshot - {}
RESULT: {}
RESULT: {}
COMMAND: POST /session/7f1686e11a340d92304ee7762c65784d/refresh - {}
RESULT: {}
COMMAND: GET /session/7f1686e11a340d92304ee7762c65784d/screenshot - {}
RESULT: {}
COMMAND: POST /session/7f1686e11a340d92304ee7762c65784d/refresh - {}
RESULT: {}
COMMAND: GET /session/7f1686e11a340d92304ee7762c65784d/screenshot - {}
RESULT: {}
COMMAND: POST /session/7f1686e11a340d92304ee7762c65784d/window/fullscreen - {}
RESULT: {}
COMMAND: POST /session/7f1686e11a340d92304ee7762c65784d/execute/async - {"script":"<script> [189 bytes]","args":[]}
RESULT: {"script":"<script> [189 bytes]","args":[]}
COMMAND: POST /session/7f1686e11a340d92304ee7762c65784d/execute/async - {"script":"<script> [123 bytes]","args":[]}
RESULT: {"script":"<script> [123 bytes]","args":[]}
COMMAND: POST /session/7f1686e11a340d92304ee7762c65784d/timeouts - {"script":"<number>"}
RESULT: {"script":"<number>"}
COMMAND: GET /session/7f1686e11a340d92304ee7762c65784d/timeouts - {}
RESULT: {}
RESULT: undefined
COMMAND: POST /session/7f1686e11a340d92304ee7762c65784d/execute/async - {"script":"<script> [2676 bytes]","args":[]}
RESULT: {"script":"<script> [2676 bytes]","args":[]}
COMMAND: POST /session/7f1686e11a340d92304ee7762c65784d/execute/async - {"script":"<script> [2342 bytes]","args":[{"protocol":"http","hostname":"0.0.0.0","path":"/","capabilities":{"browserName":"chrome","goog:chromeOptions":{"binary":"C:\\Program Files\\Google\\Chrome\\Application\\chrome.exe","args":["--start-maximized"]}},"logLevel":"warn","connectionRetryTimeout":120000,"connectionRetryCount":3,"logLevels":{},"enableDirectConnect":true,"strictSSL":true,"_":"65 more keys: [\"cacheDir\",\"port\",\"requestedCapabilities\",\"automationProtocol\",\"baseUrl\",\"waitforInterval\",\"waitforTimeout\",\"onReload\",\"beforeCommand\",\"afterCommand\",\"rootDir\",\"specs\",\"suites\",\"exclude\",\"groupLogsByTestSpec\",\"excludeDriverLogs\",\"bail\",\"framework\",\"reporters\",\"services\",\"maxInstances\",\"maxInstancesPerCapability\",\"injectGlobals\",\"filesToWatch\",\"execArgv\",\"runnerEnv\",\"runner\",\"shard\",\"specFileRetries\",\"specFileRetriesDelay\",\"specFileRetriesDeferred\",\"reporterSyncInterval\",\"reporterSyncTimeout\",\"cucumberFeaturesWithLineNumbers\",\"autoCompileOpts\",\"mochaOpts\",\"jasmineOpts\",\"cucumberOpts\",\"onPrepare\",\"onWorkerStart\",\"onWorkerEnd\",\"before\",\"beforeSession\",\"beforeSuite\",\"beforeHook\",\"beforeTest\",\"afterTest\",\"afterHook\",\"afterSuite\",\"afterSession\",\"after\",\"onComplete\",\"beforeAssertion\",\"afterAssertion\",\"beforeFeature\",\"beforeScenario\",\"beforeStep\",\"afterStep\",\"afterScenario\",\"afterFeature\",\"_\",\"suite\",\"$0\",\"ignoredWorkerServices\",\"wdi5\"]"}]}
RESULT: {"script":"<script> [2342 bytes]","args":[{"protocol":"http","hostname":"0.0.0.0","path":"/","capabilities":{"browserName":"chrome","goog:chromeOptions":{"binary":"C:\\Program Files\\Google\\Chrome\\Application\\chrome.exe","args":["--start-maximized"]}},"logLevel":"warn","connectionRetryTimeout":120000,"connectionRetryCount":3,"logLevels":{},"enableDirectConnect":true,"strictSSL":true,"_":"65 more keys: [\"cacheDir\",\"port\",\"requestedCapabilities\",\"automationProtocol\",\"baseUrl\",\"waitforInterval\",\"waitforTimeout\",\"onReload\",\"beforeCommand\",\"afterCommand\",\"rootDir\",\"specs\",\"suites\",\"exclude\",\"groupLogsByTestSpec\",\"excludeDriverLogs\",\"bail\",\"framework\",\"reporters\",\"services\",\"maxInstances\",\"maxInstancesPerCapability\",\"injectGlobals\",\"filesToWatch\",\"execArgv\",\"runnerEnv\",\"runner\",\"shard\",\"specFileRetries\",\"specFileRetriesDelay\",\"specFileRetriesDeferred\",\"reporterSyncInterval\",\"reporterSyncTimeout\",\"cucumberFeaturesWithLineNumbers\",\"autoCompileOpts\",\"mochaOpts\",\"jasmineOpts\",\"cucumberOpts\",\"onPrepare\",\"onWorkerStart\",\"onWorkerEnd\",\"before\",\"beforeSession\",\"beforeSuite\",\"beforeHook\",\"beforeTest\",\"afterTest\",\"afterHook\",\"afterSuite\",\"afterSession\",\"after\",\"onComplete\",\"beforeAssertion\",\"afterAssertion\",\"beforeFeature\",\"beforeScenario\",\"beforeStep\",\"afterStep\",\"afterScenario\",\"afterFeature\",\"_\",\"suite\",\"$0\",\"ignoredWorkerServices\",\"wdi5\"]"}]}
COMMAND: POST /session/7f1686e11a340d92304ee7762c65784d/execute/async - {"script":"<script> [21126 bytes]","args":[35000]}
RESULT: {"script":"<script> [21126 bytes]","args":[35000]}
COMMAND: POST /session/7f1686e11a340d92304ee7762c65784d/window/fullscreen - {}
RESULT: {}
COMMAND: POST /session/7f1686e11a340d92304ee7762c65784d/window/fullscreen - {}
RESULT: {}
COMMAND: POST /session/7f1686e11a340d92304ee7762c65784d/execute/async - {"script":"<script> [1562 bytes]","args":[{"selector":{"controlType":"sap.m.GenericTile","properties":{"header":"Manage Partners"}},"wdio_ui5_key":"sapm.GenericTile{\"header\":\"Manage Partners\"}"}]}
RESULT: {"script":"<script> [1562 bytes]","args":[{"selector":{"controlType":"sap.m.GenericTile","properties":{"header":"Manage Partners"}},"wdio_ui5_key":"sapm.GenericTile{\"header\":\"Manage Partners\"}"}]}
RESULT: undefined
COMMAND: POST /session/7f1686e11a340d92304ee7762c65784d/element - {"using":"xpath","value":"//*[@id=\"__tile30\"]"}
RESULT: {"using":"xpath","value":"//*[@id=\"__tile30\"]"}
COMMAND: POST /session/7f1686e11a340d92304ee7762c65784d/element/f.45271FC9FC22FBF7EF0A590A71DD44AE.d.B06F9E3A3A9E78FFEC0F85432A92C895.e.3085/click - {}
RESULT: {}
COMMAND: POST /session/7f1686e11a340d92304ee7762c65784d/element - {"using":"xpath","value":"//button[@data-kt=\"addButton\"]"}
COMMAND: GET /session/7f1686e11a340d92304ee7762c65784d/screenshot - {}
RESULT: {"using":"xpath","value":"//button[@data-kt=\"addButton\"]"}
COMMAND: POST /session/7f1686e11a340d92304ee7762c65784d/elements - {"using":"xpath","value":"//button[@data-kt=\"addButton\"]"}
RESULT: {}
RESULT: {"using":"xpath","value":"//button[@data-kt=\"addButton\"]"}
COMMAND: POST /session/7f1686e11a340d92304ee7762c65784d/elements - {"using":"xpath","value":"//button[@data-kt=\"addButton\"]"}
RESULT: {"using":"xpath","value":"//button[@data-kt=\"addButton\"]"}
COMMAND: POST /session/7f1686e11a340d92304ee7762c65784d/elements - {"using":"xpath","value":"//button[@data-kt=\"addButton\"]"}
RESULT: {"using":"xpath","value":"//button[@data-kt=\"addButton\"]"}
COMMAND: POST /session/7f1686e11a340d92304ee7762c65784d/elements - {"using":"xpath","value":"//button[@data-kt=\"addButton\"]"}
RESULT: {"using":"xpath","value":"//button[@data-kt=\"addButton\"]"}
COMMAND: POST /session/7f1686e11a340d92304ee7762c65784d/elements - {"using":"xpath","value":"//button[@data-kt=\"addButton\"]"}
RESULT: {"using":"xpath","value":"//button[@data-kt=\"addButton\"]"}
COMMAND: POST /session/7f1686e11a340d92304ee7762c65784d/elements - {"using":"xpath","value":"//button[@data-kt=\"addButton\"]"}
RESULT: {"using":"xpath","value":"//button[@data-kt=\"addButton\"]"}
COMMAND: POST /session/7f1686e11a340d92304ee7762c65784d/elements - {"using":"xpath","value":"//button[@data-kt=\"addButton\"]"}
RESULT: {"using":"xpath","value":"//button[@data-kt=\"addButton\"]"}
COMMAND: POST /session/7f1686e11a340d92304ee7762c65784d/elements - {"using":"xpath","value":"//button[@data-kt=\"addButton\"]"}
RESULT: {"using":"xpath","value":"//button[@data-kt=\"addButton\"]"}
COMMAND: POST /session/7f1686e11a340d92304ee7762c65784d/elements - {"using":"xpath","value":"//button[@data-kt=\"addButton\"]"}
RESULT: {"using":"xpath","value":"//button[@data-kt=\"addButton\"]"}
COMMAND: POST /session/7f1686e11a340d92304ee7762c65784d/elements - {"using":"xpath","value":"//button[@data-kt=\"addButton\"]"}
RESULT: {"using":"xpath","value":"//button[@data-kt=\"addButton\"]"}
COMMAND: POST /session/7f1686e11a340d92304ee7762c65784d/elements - {"using":"xpath","value":"//button[@data-kt=\"addButton\"]"}
RESULT: {"using":"xpath","value":"//button[@data-kt=\"addButton\"]"}
COMMAND: POST /session/7f1686e11a340d92304ee7762c65784d/elements - {"using":"xpath","value":"//button[@data-kt=\"addButton\"]"}
RESULT: {"using":"xpath","value":"//button[@data-kt=\"addButton\"]"}
COMMAND: POST /session/7f1686e11a340d92304ee7762c65784d/elements - {"using":"xpath","value":"//button[@data-kt=\"addButton\"]"}
RESULT: {"using":"xpath","value":"//button[@data-kt=\"addButton\"]"}
COMMAND: POST /session/7f1686e11a340d92304ee7762c65784d/elements - {"using":"xpath","value":"//button[@data-kt=\"addButton\"]"}
RESULT: {"using":"xpath","value":"//button[@data-kt=\"addButton\"]"}
COMMAND: POST /session/7f1686e11a340d92304ee7762c65784d/elements - {"using":"xpath","value":"//button[@data-kt=\"addButton\"]"}
RESULT: {"using":"xpath","value":"//button[@data-kt=\"addButton\"]"}
COMMAND: POST /session/7f1686e11a340d92304ee7762c65784d/elements - {"using":"xpath","value":"//button[@data-kt=\"addButton\"]"}
RESULT: {"using":"xpath","value":"//button[@data-kt=\"addButton\"]"}
COMMAND: POST /session/7f1686e11a340d92304ee7762c65784d/elements - {"using":"xpath","value":"//button[@data-kt=\"addButton\"]"}
RESULT: {"using":"xpath","value":"//button[@data-kt=\"addButton\"]"}
COMMAND: POST /session/7f1686e11a340d92304ee7762c65784d/elements - {"using":"xpath","value":"//button[@data-kt=\"addButton\"]"}
RESULT: {"using":"xpath","value":"//button[@data-kt=\"addButton\"]"}
COMMAND: POST /session/7f1686e11a340d92304ee7762c65784d/elements - {"using":"xpath","value":"//button[@data-kt=\"addButton\"]"}
RESULT: {"using":"xpath","value":"//button[@data-kt=\"addButton\"]"}
COMMAND: POST /session/7f1686e11a340d92304ee7762c65784d/elements - {"using":"xpath","value":"//button[@data-kt=\"addButton\"]"}
RESULT: {"using":"xpath","value":"//button[@data-kt=\"addButton\"]"}
COMMAND: POST /session/7f1686e11a340d92304ee7762c65784d/elements - {"using":"xpath","value":"//button[@data-kt=\"addButton\"]"}
RESULT: {"using":"xpath","value":"//button[@data-kt=\"addButton\"]"}
COMMAND: POST /session/7f1686e11a340d92304ee7762c65784d/elements - {"using":"xpath","value":"//button[@data-kt=\"addButton\"]"}
RESULT: {"using":"xpath","value":"//button[@data-kt=\"addButton\"]"}
COMMAND: POST /session/7f1686e11a340d92304ee7762c65784d/elements - {"using":"xpath","value":"//button[@data-kt=\"addButton\"]"}
RESULT: {"using":"xpath","value":"//button[@data-kt=\"addButton\"]"}
COMMAND: POST /session/7f1686e11a340d92304ee7762c65784d/elements - {"using":"xpath","value":"//button[@data-kt=\"addButton\"]"}
RESULT: {"using":"xpath","value":"//button[@data-kt=\"addButton\"]"}
COMMAND: POST /session/7f1686e11a340d92304ee7762c65784d/elements - {"using":"xpath","value":"//button[@data-kt=\"addButton\"]"}
RESULT: {"using":"xpath","value":"//button[@data-kt=\"addButton\"]"}
COMMAND: POST /session/7f1686e11a340d92304ee7762c65784d/elements - {"using":"xpath","value":"//button[@data-kt=\"addButton\"]"}
RESULT: {"using":"xpath","value":"//button[@data-kt=\"addButton\"]"}
COMMAND: POST /session/7f1686e11a340d92304ee7762c65784d/elements - {"using":"xpath","value":"//button[@data-kt=\"addButton\"]"}
RESULT: {"using":"xpath","value":"//button[@data-kt=\"addButton\"]"}
COMMAND: POST /session/7f1686e11a340d92304ee7762c65784d/elements - {"using":"xpath","value":"//button[@data-kt=\"addButton\"]"}
RESULT: {"using":"xpath","value":"//button[@data-kt=\"addButton\"]"}
COMMAND: POST /session/7f1686e11a340d92304ee7762c65784d/elements - {"using":"xpath","value":"//button[@data-kt=\"addButton\"]"}
RESULT: {"using":"xpath","value":"//button[@data-kt=\"addButton\"]"}
COMMAND: POST /session/7f1686e11a340d92304ee7762c65784d/elements - {"using":"xpath","value":"//button[@data-kt=\"addButton\"]"}
RESULT: {"using":"xpath","value":"//button[@data-kt=\"addButton\"]"}
COMMAND: POST /session/7f1686e11a340d92304ee7762c65784d/elements - {"using":"xpath","value":"//button[@data-kt=\"addButton\"]"}
RESULT: {"using":"xpath","value":"//button[@data-kt=\"addButton\"]"}
COMMAND: POST /session/7f1686e11a340d92304ee7762c65784d/elements - {"using":"xpath","value":"//button[@data-kt=\"addButton\"]"}
RESULT: {"using":"xpath","value":"//button[@data-kt=\"addButton\"]"}
COMMAND: POST /session/7f1686e11a340d92304ee7762c65784d/elements - {"using":"xpath","value":"//button[@data-kt=\"addButton\"]"}
RESULT: {"using":"xpath","value":"//button[@data-kt=\"addButton\"]"}
COMMAND: POST /session/7f1686e11a340d92304ee7762c65784d/elements - {"using":"xpath","value":"//button[@data-kt=\"addButton\"]"}
RESULT: {"using":"xpath","value":"//button[@data-kt=\"addButton\"]"}
COMMAND: POST /session/7f1686e11a340d92304ee7762c65784d/elements - {"using":"xpath","value":"//button[@data-kt=\"addButton\"]"}
RESULT: {"using":"xpath","value":"//button[@data-kt=\"addButton\"]"}
COMMAND: POST /session/7f1686e11a340d92304ee7762c65784d/elements - {"using":"xpath","value":"//button[@data-kt=\"addButton\"]"}
RESULT: {"using":"xpath","value":"//button[@data-kt=\"addButton\"]"}
COMMAND: POST /session/7f1686e11a340d92304ee7762c65784d/elements - {"using":"xpath","value":"//button[@data-kt=\"addButton\"]"}
RESULT: {"using":"xpath","value":"//button[@data-kt=\"addButton\"]"}
COMMAND: POST /session/7f1686e11a340d92304ee7762c65784d/elements - {"using":"xpath","value":"//button[@data-kt=\"addButton\"]"}
RESULT: {"using":"xpath","value":"//button[@data-kt=\"addButton\"]"}
COMMAND: POST /session/7f1686e11a340d92304ee7762c65784d/elements - {"using":"xpath","value":"//button[@data-kt=\"addButton\"]"}
RESULT: {"using":"xpath","value":"//button[@data-kt=\"addButton\"]"}
COMMAND: POST /session/7f1686e11a340d92304ee7762c65784d/elements - {"using":"xpath","value":"//button[@data-kt=\"addButton\"]"}
RESULT: {"using":"xpath","value":"//button[@data-kt=\"addButton\"]"}
COMMAND: POST /session/7f1686e11a340d92304ee7762c65784d/elements - {"using":"xpath","value":"//button[@data-kt=\"addButton\"]"}
RESULT: {"using":"xpath","value":"//button[@data-kt=\"addButton\"]"}
COMMAND: POST /session/7f1686e11a340d92304ee7762c65784d/elements - {"using":"xpath","value":"//button[@data-kt=\"addButton\"]"}
RESULT: {"using":"xpath","value":"//button[@data-kt=\"addButton\"]"}
COMMAND: POST /session/7f1686e11a340d92304ee7762c65784d/elements - {"using":"xpath","value":"//button[@data-kt=\"addButton\"]"}
RESULT: {"using":"xpath","value":"//button[@data-kt=\"addButton\"]"}
COMMAND: POST /session/7f1686e11a340d92304ee7762c65784d/element - {"using":"xpath","value":"//button[@data-kt=\"addButton\"]"}
RESULT: {"using":"xpath","value":"//button[@data-kt=\"addButton\"]"}
COMMAND: POST /session/7f1686e11a340d92304ee7762c65784d/execute/sync - {"script":"<script> [8489 bytes]","args":[{"element-6066-11e4-a52e-4f735466cecf":"f.45271FC9FC22FBF7EF0A590A71DD44AE.d.B06F9E3A3A9E78FFEC0F85432A92C895.e.3200","ELEMENT":"f.45271FC9FC22FBF7EF0A590A71DD44AE.d.B06F9E3A3A9E78FFEC0F85432A92C895.e.3200"}]}
RESULT: {"script":"<script> [8489 bytes]","args":[{"element-6066-11e4-a52e-4f735466cecf":"f.45271FC9FC22FBF7EF0A590A71DD44AE.d.B06F9E3A3A9E78FFEC0F85432A92C895.e.3200","ELEMENT":"f.45271FC9FC22FBF7EF0A590A71DD44AE.d.B06F9E3A3A9E78FFEC0F85432A92C895.e.3200"}]}
COMMAND: GET /session/7f1686e11a340d92304ee7762c65784d/element/f.45271FC9FC22FBF7EF0A590A71DD44AE.d.B06F9E3A3A9E78FFEC0F85432A92C895.e.3200/enabled - {}
COMMAND: GET /session/7f1686e11a340d92304ee7762c65784d/screenshot - {}
RESULT: {}
COMMAND: POST /session/7f1686e11a340d92304ee7762c65784d/execute/sync - {"script":"<script> [8489 bytes]","args":[{"element-6066-11e4-a52e-4f735466cecf":"f.45271FC9FC22FBF7EF0A590A71DD44AE.d.B06F9E3A3A9E78FFEC0F85432A92C895.e.3200","ELEMENT":"f.45271FC9FC22FBF7EF0A590A71DD44AE.d.B06F9E3A3A9E78FFEC0F85432A92C895.e.3200"}]}
COMMAND: GET /session/7f1686e11a340d92304ee7762c65784d/screenshot - {}
RESULT: {}
RESULT: {"script":"<script> [8489 bytes]","args":[{"element-6066-11e4-a52e-4f735466cecf":"f.45271FC9FC22FBF7EF0A590A71DD44AE.d.B06F9E3A3A9E78FFEC0F85432A92C895.e.3200","ELEMENT":"f.45271FC9FC22FBF7EF0A590A71DD44AE.d.B06F9E3A3A9E78FFEC0F85432A92C895.e.3200"}]}
COMMAND: POST /session/7f1686e11a340d92304ee7762c65784d/execute/sync - {"script":"<script> [5351 bytes]","args":[{"element-6066-11e4-a52e-4f735466cecf":"f.45271FC9FC22FBF7EF0A590A71DD44AE.d.B06F9E3A3A9E78FFEC0F85432A92C895.e.3200","ELEMENT":"f.45271FC9FC22FBF7EF0A590A71DD44AE.d.B06F9E3A3A9E78FFEC0F85432A92C895.e.3200"}]}
COMMAND: GET /session/7f1686e11a340d92304ee7762c65784d/screenshot - {}
RESULT: {}
RESULT: {"script":"<script> [5351 bytes]","args":[{"element-6066-11e4-a52e-4f735466cecf":"f.45271FC9FC22FBF7EF0A590A71DD44AE.d.B06F9E3A3A9E78FFEC0F85432A92C895.e.3200","ELEMENT":"f.45271FC9FC22FBF7EF0A590A71DD44AE.d.B06F9E3A3A9E78FFEC0F85432A92C895.e.3200"}]}
COMMAND: POST /session/7f1686e11a340d92304ee7762c65784d/element/f.45271FC9FC22FBF7EF0A590A71DD44AE.d.B06F9E3A3A9E78FFEC0F85432A92C895.e.3200/click - {}
COMMAND: GET /session/7f1686e11a340d92304ee7762c65784d/screenshot - {}
RESULT: {}
RESULT: {}
COMMAND: GET /session/7f1686e11a340d92304ee7762c65784d/screenshot - {}
RESULT: {}
RESULT: {}
COMMAND: POST /session/7f1686e11a340d92304ee7762c65784d/execute/async - {"script":"<script> [1562 bytes]","args":[{"selector":{"id":"application-managepartners-display-component---NewPartner--addressDetailDetailsName1","interaction":{"idSuffix":"inner"}},"wdio_ui5_key":"applicationmanagepartners-display-component---NewPartner--addressDetailDetailsName1"}]}
RESULT: {"script":"<script> [1562 bytes]","args":[{"selector":{"id":"application-managepartners-display-component---NewPartner--addressDetailDetailsName1","interaction":{"idSuffix":"inner"}},"wdio_ui5_key":"applicationmanagepartners-display-component---NewPartner--addressDetailDetailsName1"}]}
RESULT: undefined
COMMAND: POST /session/7f1686e11a340d92304ee7762c65784d/execute/async - {"script":"<script> [776 bytes]","args":[{"enterText":"Intercompany Partner WDIO","selector":{"id":"application-managepartners-display-component---NewPartner--addressDetailDetailsName1","interaction":{"idSuffix":"inner"}},"clearTextFirst":true,"interactionType":"ENTER_TEXT"}]}
RESULT: {"script":"<script> [776 bytes]","args":[{"enterText":"Intercompany Partner WDIO","selector":{"id":"application-managepartners-display-component---NewPartner--addressDetailDetailsName1","interaction":{"idSuffix":"inner"}},"clearTextFirst":true,"interactionType":"ENTER_TEXT"}]}
COMMAND: POST /session/7f1686e11a340d92304ee7762c65784d/execute/async - {"script":"<script> [1562 bytes]","args":[{"selector":{"id":"application-managepartners-display-component---NewPartner--addressDetailDetailsLanguage-arrow"},"wdio_ui5_key":"applicationmanagepartners-display-component---NewPartner--addressDetailDetailsLanguage-arrow"}]}
RESULT: {"script":"<script> [1562 bytes]","args":[{"selector":{"id":"application-managepartners-display-component---NewPartner--addressDetailDetailsLanguage-arrow"},"wdio_ui5_key":"applicationmanagepartners-display-component---NewPartner--addressDetailDetailsLanguage-arrow"}]}
RESULT: undefined
COMMAND: POST /session/7f1686e11a340d92304ee7762c65784d/element - {"using":"xpath","value":"//*[@id=\"application-managepartners-display-component---NewPartner--addressDetailDetailsLanguage-arrow\"]"}
RESULT: {"using":"xpath","value":"//*[@id=\"application-managepartners-display-component---NewPartner--addressDetailDetailsLanguage-arrow\"]"}
COMMAND: POST /session/7f1686e11a340d92304ee7762c65784d/element/f.45271FC9FC22FBF7EF0A590A71DD44AE.d.B06F9E3A3A9E78FFEC0F85432A92C895.e.3648/click - {}
RESULT: {}
COMMAND: POST /session/7f1686e11a340d92304ee7762c65784d/element - {"using":"xpath","value":"//span[contains(text(), \"English\")]"}
COMMAND: GET /session/7f1686e11a340d92304ee7762c65784d/screenshot - {}
RESULT: {"using":"xpath","value":"//span[contains(text(), \"English\")]"}
COMMAND: POST /session/7f1686e11a340d92304ee7762c65784d/element/f.45271FC9FC22FBF7EF0A590A71DD44AE.d.B06F9E3A3A9E78FFEC0F85432A92C895.e.3649/click - {}
RESULT: {}
RESULT: {}
COMMAND: GET /session/7f1686e11a340d92304ee7762c65784d/screenshot - {}
RESULT: {}
COMMAND: POST /session/7f1686e11a340d92304ee7762c65784d/execute/async - {"script":"<script> [1562 bytes]","args":[{"selector":{"id":"application-managepartners-display-component---NewPartner--addressDetailDetailsCity1","interaction":{"idSuffix":"inner"}},"wdio_ui5_key":"applicationmanagepartners-display-component---NewPartner--addressDetailDetailsCity1"}]}
RESULT: {"script":"<script> [1562 bytes]","args":[{"selector":{"id":"application-managepartners-display-component---NewPartner--addressDetailDetailsCity1","interaction":{"idSuffix":"inner"}},"wdio_ui5_key":"applicationmanagepartners-display-component---NewPartner--addressDetailDetailsCity1"}]}
RESULT: undefined
COMMAND: POST /session/7f1686e11a340d92304ee7762c65784d/execute/async - {"script":"<script> [776 bytes]","args":[{"enterText":"Rosario","selector":{"id":"application-managepartners-display-component---NewPartner--addressDetailDetailsCity1","interaction":{"idSuffix":"inner"}},"clearTextFirst":true,"interactionType":"ENTER_TEXT"}]}
RESULT: {"script":"<script> [776 bytes]","args":[{"enterText":"Rosario","selector":{"id":"application-managepartners-display-component---NewPartner--addressDetailDetailsCity1","interaction":{"idSuffix":"inner"}},"clearTextFirst":true,"interactionType":"ENTER_TEXT"}]}
COMMAND: POST /session/7f1686e11a340d92304ee7762c65784d/execute/async - {"script":"<script> [1562 bytes]","args":[{"selector":{"id":"application-managepartners-display-component---NewPartner--addressDetailDetailsCountry-arrow"},"wdio_ui5_key":"applicationmanagepartners-display-component---NewPartner--addressDetailDetailsCountry-arrow"}]}
RESULT: {"script":"<script> [1562 bytes]","args":[{"selector":{"id":"application-managepartners-display-component---NewPartner--addressDetailDetailsCountry-arrow"},"wdio_ui5_key":"applicationmanagepartners-display-component---NewPartner--addressDetailDetailsCountry-arrow"}]}
RESULT: undefined
COMMAND: POST /session/7f1686e11a340d92304ee7762c65784d/element - {"using":"xpath","value":"//*[@id=\"application-managepartners-display-component---NewPartner--addressDetailDetailsCountry-arrow\"]"}
RESULT: {"using":"xpath","value":"//*[@id=\"application-managepartners-display-component---NewPartner--addressDetailDetailsCountry-arrow\"]"}
COMMAND: POST /session/7f1686e11a340d92304ee7762c65784d/element/f.45271FC9FC22FBF7EF0A590A71DD44AE.d.B06F9E3A3A9E78FFEC0F85432A92C895.e.3635/click - {}
RESULT: {}
COMMAND: POST /session/7f1686e11a340d92304ee7762c65784d/element - {"using":"xpath","value":"//span[contains(text(), \"Argentina\")]"}
COMMAND: GET /session/7f1686e11a340d92304ee7762c65784d/screenshot - {}
RESULT: {"using":"xpath","value":"//span[contains(text(), \"Argentina\")]"}
COMMAND: POST /session/7f1686e11a340d92304ee7762c65784d/element/f.45271FC9FC22FBF7EF0A590A71DD44AE.d.B06F9E3A3A9E78FFEC0F85432A92C895.e.3651/click - {}
RESULT: {}
RESULT: {}
COMMAND: GET /session/7f1686e11a340d92304ee7762c65784d/screenshot - {}
RESULT: {}
COMMAND: POST /session/7f1686e11a340d92304ee7762c65784d/element - {"using":"xpath","value":"//bdi[contains(text(), \"Commercial\")]"}
RESULT: {"using":"xpath","value":"//bdi[contains(text(), \"Commercial\")]"}
COMMAND: POST /session/7f1686e11a340d92304ee7762c65784d/element/f.45271FC9FC22FBF7EF0A590A71DD44AE.d.B06F9E3A3A9E78FFEC0F85432A92C895.e.3652/click - {}
RESULT: {}
COMMAND: GET /session/7f1686e11a340d92304ee7762c65784d/screenshot - {}
RESULT: {}
COMMAND: POST /session/7f1686e11a340d92304ee7762c65784d/execute/async - {"script":"<script> [1562 bytes]","args":[{"selector":{"id":"application-managepartners-display-component---NewPartner--partnerDetailInternal-arrow"},"wdio_ui5_key":"applicationmanagepartners-display-component---NewPartner--partnerDetailInternal-arrow"}]}
RESULT: {"script":"<script> [1562 bytes]","args":[{"selector":{"id":"application-managepartners-display-component---NewPartner--partnerDetailInternal-arrow"},"wdio_ui5_key":"applicationmanagepartners-display-component---NewPartner--partnerDetailInternal-arrow"}]}
RESULT: undefined
COMMAND: POST /session/7f1686e11a340d92304ee7762c65784d/element - {"using":"xpath","value":"//*[@id=\"application-managepartners-display-component---NewPartner--partnerDetailInternal-arrow\"]"}
RESULT: {"using":"xpath","value":"//*[@id=\"application-managepartners-display-component---NewPartner--partnerDetailInternal-arrow\"]"}
COMMAND: POST /session/7f1686e11a340d92304ee7762c65784d/element/f.45271FC9FC22FBF7EF0A590A71DD44AE.d.B06F9E3A3A9E78FFEC0F85432A92C895.e.3658/click - {}
RESULT: {}
COMMAND: POST /session/7f1686e11a340d92304ee7762c65784d/element - {"using":"xpath","value":"//span[contains(text(), \"Affiliated company\")]"}
COMMAND: GET /session/7f1686e11a340d92304ee7762c65784d/screenshot - {}
RESULT: {"using":"xpath","value":"//span[contains(text(), \"Affiliated company\")]"}
COMMAND: POST /session/7f1686e11a340d92304ee7762c65784d/element/f.45271FC9FC22FBF7EF0A590A71DD44AE.d.B06F9E3A3A9E78FFEC0F85432A92C895.e.3659/click - {}
RESULT: {}
RESULT: {}
COMMAND: POST /session/7f1686e11a340d92304ee7762c65784d/execute/async - {"script":"<script> [1562 bytes]","args":[{"selector":{"id":"application-managepartners-display-component---NewPartner--partnerDetailsCurrency-arrow"},"wdio_ui5_key":"applicationmanagepartners-display-component---NewPartner--partnerDetailsCurrency-arrow"}]}
COMMAND: GET /session/7f1686e11a340d92304ee7762c65784d/screenshot - {}
RESULT: {"script":"<script> [1562 bytes]","args":[{"selector":{"id":"application-managepartners-display-component---NewPartner--partnerDetailsCurrency-arrow"},"wdio_ui5_key":"applicationmanagepartners-display-component---NewPartner--partnerDetailsCurrency-arrow"}]}
RESULT: undefined
COMMAND: POST /session/7f1686e11a340d92304ee7762c65784d/element - {"using":"xpath","value":"//*[@id=\"application-managepartners-display-component---NewPartner--partnerDetailsCurrency-arrow\"]"}
RESULT: {}
RESULT: {"using":"xpath","value":"//*[@id=\"application-managepartners-display-component---NewPartner--partnerDetailsCurrency-arrow\"]"}
COMMAND: POST /session/7f1686e11a340d92304ee7762c65784d/element/f.45271FC9FC22FBF7EF0A590A71DD44AE.d.B06F9E3A3A9E78FFEC0F85432A92C895.e.3666/click - {}
RESULT: {}
COMMAND: POST /session/7f1686e11a340d92304ee7762c65784d/element - {"using":"xpath","value":"//span[contains(text(), \"Euro\")]"}
COMMAND: GET /session/7f1686e11a340d92304ee7762c65784d/screenshot - {}
RESULT: {"using":"xpath","value":"//span[contains(text(), \"Euro\")]"}
COMMAND: POST /session/7f1686e11a340d92304ee7762c65784d/element/f.45271FC9FC22FBF7EF0A590A71DD44AE.d.B06F9E3A3A9E78FFEC0F85432A92C895.e.3667/click - {}
RESULT: {}
RESULT: {}
COMMAND: POST /session/7f1686e11a340d92304ee7762c65784d/execute/async - {"script":"<script> [1562 bytes]","args":[{"selector":{"id":"application-managepartners-display-component---NewPartner--addressEditDetailsCostObjectCstType-arrow"},"wdio_ui5_key":"applicationmanagepartners-display-component---NewPartner--addressEditDetailsCostObjectCstType-arrow"}]}
COMMAND: GET /session/7f1686e11a340d92304ee7762c65784d/screenshot - {}
RESULT: {"script":"<script> [1562 bytes]","args":[{"selector":{"id":"application-managepartners-display-component---NewPartner--addressEditDetailsCostObjectCstType-arrow"},"wdio_ui5_key":"applicationmanagepartners-display-component---NewPartner--addressEditDetailsCostObjectCstType-arrow"}]}
RESULT: undefined
COMMAND: POST /session/7f1686e11a340d92304ee7762c65784d/element - {"using":"xpath","value":"//*[@id=\"application-managepartners-display-component---NewPartner--addressEditDetailsCostObjectCstType-arrow\"]"}
RESULT: {}
RESULT: {"using":"xpath","value":"//*[@id=\"application-managepartners-display-component---NewPartner--addressEditDetailsCostObjectCstType-arrow\"]"}
COMMAND: POST /session/7f1686e11a340d92304ee7762c65784d/element/f.45271FC9FC22FBF7EF0A590A71DD44AE.d.B06F9E3A3A9E78FFEC0F85432A92C895.e.3668/click - {}
RESULT: {}
COMMAND: POST /session/7f1686e11a340d92304ee7762c65784d/element - {"using":"xpath","value":"//span[contains(text(), \"Cost Center\")]"}
COMMAND: GET /session/7f1686e11a340d92304ee7762c65784d/screenshot - {}
RESULT: {"using":"xpath","value":"//span[contains(text(), \"Cost Center\")]"}
COMMAND: POST /session/7f1686e11a340d92304ee7762c65784d/element/f.45271FC9FC22FBF7EF0A590A71DD44AE.d.B06F9E3A3A9E78FFEC0F85432A92C895.e.3669/click - {}
RESULT: {}
RESULT: {}
COMMAND: GET /session/7f1686e11a340d92304ee7762c65784d/screenshot - {}
RESULT: {}
COMMAND: POST /session/7f1686e11a340d92304ee7762c65784d/element - {"using":"xpath","value":"//span[@id=\"application-managepartners-display-component---NewPartner--addressNewCostObjectCstID-vhi\"]"}
RESULT: {"using":"xpath","value":"//span[@id=\"application-managepartners-display-component---NewPartner--addressNewCostObjectCstID-vhi\"]"}
COMMAND: POST /session/7f1686e11a340d92304ee7762c65784d/execute/sync - {"script":"<script> [8489 bytes]","args":[{"element-6066-11e4-a52e-4f735466cecf":"f.45271FC9FC22FBF7EF0A590A71DD44AE.d.B06F9E3A3A9E78FFEC0F85432A92C895.e.3672","ELEMENT":"f.45271FC9FC22FBF7EF0A590A71DD44AE.d.B06F9E3A3A9E78FFEC0F85432A92C895.e.3672"}]}
RESULT: {"script":"<script> [8489 bytes]","args":[{"element-6066-11e4-a52e-4f735466cecf":"f.45271FC9FC22FBF7EF0A590A71DD44AE.d.B06F9E3A3A9E78FFEC0F85432A92C895.e.3672","ELEMENT":"f.45271FC9FC22FBF7EF0A590A71DD44AE.d.B06F9E3A3A9E78FFEC0F85432A92C895.e.3672"}]}
COMMAND: POST /session/7f1686e11a340d92304ee7762c65784d/execute/async - {"script":"<script> [1562 bytes]","args":[{"selector":{"id":"application-managepartners-display-component---NewPartner--addressNewCostObjectCstID-vhi"},"wdio_ui5_key":"applicationmanagepartners-display-component---NewPartner--addressNewCostObjectCstID-vhi"}]}
COMMAND: GET /session/7f1686e11a340d92304ee7762c65784d/screenshot - {}
RESULT: {"script":"<script> [1562 bytes]","args":[{"selector":{"id":"application-managepartners-display-component---NewPartner--addressNewCostObjectCstID-vhi"},"wdio_ui5_key":"applicationmanagepartners-display-component---NewPartner--addressNewCostObjectCstID-vhi"}]}
RESULT: undefined
COMMAND: POST /session/7f1686e11a340d92304ee7762c65784d/element - {"using":"xpath","value":"//*[@id=\"application-managepartners-display-component---NewPartner--addressNewCostObjectCstID-vhi\"]"}
RESULT: {}
RESULT: {"using":"xpath","value":"//*[@id=\"application-managepartners-display-component---NewPartner--addressNewCostObjectCstID-vhi\"]"}
COMMAND: POST /session/7f1686e11a340d92304ee7762c65784d/element/f.45271FC9FC22FBF7EF0A590A71DD44AE.d.B06F9E3A3A9E78FFEC0F85432A92C895.e.3672/click - {}
RESULT: {}
COMMAND: GET /session/7f1686e11a340d92304ee7762c65784d/screenshot - {}
RESULT: {}
COMMAND: POST /session/7f1686e11a340d92304ee7762c65784d/execute/async - {"script":"<script> [1562 bytes]","args":[{"selector":{"controlType":"sap.m.SearchField","properties":{"placeholder":"Search"},"searchOpenDialogs":true,"interaction":{"idSuffix":"I"}},"wdio_ui5_key":"sapm.SearchField{\"placeholder\":\"Search\"}"}]}
RESULT: {"script":"<script> [1562 bytes]","args":[{"selector":{"controlType":"sap.m.SearchField","properties":{"placeholder":"Search"},"searchOpenDialogs":true,"interaction":{"idSuffix":"I"}},"wdio_ui5_key":"sapm.SearchField{\"placeholder\":\"Search\"}"}]}
RESULT: undefined
COMMAND: POST /session/7f1686e11a340d92304ee7762c65784d/execute/async - {"script":"<script> [776 bytes]","args":[{"enterText":"10001013","selector":{"controlType":"sap.m.SearchField","properties":{"placeholder":"Search"},"searchOpenDialogs":true,"interaction":{"idSuffix":"I"}},"clearTextFirst":true,"interactionType":"ENTER_TEXT"}]}
RESULT: {"script":"<script> [776 bytes]","args":[{"enterText":"10001013","selector":{"controlType":"sap.m.SearchField","properties":{"placeholder":"Search"},"searchOpenDialogs":true,"interaction":{"idSuffix":"I"}},"clearTextFirst":true,"interactionType":"ENTER_TEXT"}]}
COMMAND: POST /session/7f1686e11a340d92304ee7762c65784d/actions - {"actions":[{"id":"action7","type":"key","parameters":{},"actions":[{"type":"keyDown","value":""},{"type":"pause","duration":10},{"type":"keyUp","value":""}]}]}
RESULT: {"actions":[{"id":"action7","type":"key","parameters":{},"actions":[{"type":"keyDown","value":""},{"type":"pause","duration":10},{"type":"keyUp","value":""}]}]}
COMMAND: GET /session/7f1686e11a340d92304ee7762c65784d/screenshot - {}
RESULT: {}
COMMAND: POST /session/7f1686e11a340d92304ee7762c65784d/element - {"using":"xpath","value":"//span[contains(text(), \"General Management\")]"}
RESULT: {"using":"xpath","value":"//span[contains(text(), \"General Management\")]"}
COMMAND: POST /session/7f1686e11a340d92304ee7762c65784d/element/f.45271FC9FC22FBF7EF0A590A71DD44AE.d.B06F9E3A3A9E78FFEC0F85432A92C895.e.3714/click - {}
RESULT: {}
COMMAND: GET /session/7f1686e11a340d92304ee7762c65784d/screenshot - {}
RESULT: {}
COMMAND: POST /session/7f1686e11a340d92304ee7762c65784d/element - {"using":"xpath","value":"//bdi[contains(text(), \"OK\")]"}
RESULT: {"using":"xpath","value":"//bdi[contains(text(), \"OK\")]"}
COMMAND: POST /session/7f1686e11a340d92304ee7762c65784d/element/f.45271FC9FC22FBF7EF0A590A71DD44AE.d.B06F9E3A3A9E78FFEC0F85432A92C895.e.3715/click - {}
RESULT: {}
COMMAND: GET /session/7f1686e11a340d92304ee7762c65784d/screenshot - {}
RESULT: {}
COMMAND: POST /session/7f1686e11a340d92304ee7762c65784d/element - {"using":"xpath","value":"//input[@id=\"application-managepartners-display-component---NewPartner--companyCodeComboBox-inner\"]"}
RESULT: {"using":"xpath","value":"//input[@id=\"application-managepartners-display-component---NewPartner--companyCodeComboBox-inner\"]"}
COMMAND: POST /session/7f1686e11a340d92304ee7762c65784d/element/f.45271FC9FC22FBF7EF0A590A71DD44AE.d.B06F9E3A3A9E78FFEC0F85432A92C895.e.3514/clear - {}
RESULT: {}
COMMAND: POST /session/7f1686e11a340d92304ee7762c65784d/element/f.45271FC9FC22FBF7EF0A590A71DD44AE.d.B06F9E3A3A9E78FFEC0F85432A92C895.e.3514/value - {"text":"C002"}
COMMAND: GET /session/7f1686e11a340d92304ee7762c65784d/screenshot - {}
RESULT: {"text":"C002"}
COMMAND: GET /session/7f1686e11a340d92304ee7762c65784d/screenshot - {}
RESULT: {}
RESULT: {}
COMMAND: POST /session/7f1686e11a340d92304ee7762c65784d/element - {"using":"xpath","value":"//span[contains(text(), \"C002\")]"}
RESULT: {"using":"xpath","value":"//span[contains(text(), \"C002\")]"}
COMMAND: POST /session/7f1686e11a340d92304ee7762c65784d/element/f.45271FC9FC22FBF7EF0A590A71DD44AE.d.B06F9E3A3A9E78FFEC0F85432A92C895.e.3721/click - {}
RESULT: {}
COMMAND: GET /session/7f1686e11a340d92304ee7762c65784d/screenshot - {}
RESULT: {}
COMMAND: POST /session/7f1686e11a340d92304ee7762c65784d/execute/async - {"script":"<script> [1562 bytes]","args":[{"selector":{"id":"application-managepartners-display-component---NewPartner--btnAddTableRow-img"},"wdio_ui5_key":"applicationmanagepartners-display-component---NewPartner--btnAddTableRow-img"}]}
RESULT: {"script":"<script> [1562 bytes]","args":[{"selector":{"id":"application-managepartners-display-component---NewPartner--btnAddTableRow-img"},"wdio_ui5_key":"applicationmanagepartners-display-component---NewPartner--btnAddTableRow-img"}]}
RESULT: undefined
COMMAND: POST /session/7f1686e11a340d92304ee7762c65784d/element - {"using":"xpath","value":"//*[@id=\"application-managepartners-display-component---NewPartner--btnAddTableRow-img\"]"}
RESULT: {"using":"xpath","value":"//*[@id=\"application-managepartners-display-component---NewPartner--btnAddTableRow-img\"]"}
COMMAND: POST /session/7f1686e11a340d92304ee7762c65784d/element/f.45271FC9FC22FBF7EF0A590A71DD44AE.d.B06F9E3A3A9E78FFEC0F85432A92C895.e.3722/click - {}
RESULT: {}
COMMAND: GET /session/7f1686e11a340d92304ee7762c65784d/screenshot - {}
RESULT: {}
COMMAND: POST /session/7f1686e11a340d92304ee7762c65784d/element - {"using":"xpath","value":"//input[@id=\"application-managepartners-display-component---NewPartner--assignmentYard-application-managepartners-display-component---NewPartner--assignmentsTable-0-inner\"]"}
RESULT: {"using":"xpath","value":"//input[@id=\"application-managepartners-display-component---NewPartner--assignmentYard-application-managepartners-display-component---NewPartner--assignmentsTable-0-inner\"]"}
COMMAND: POST /session/7f1686e11a340d92304ee7762c65784d/element/f.45271FC9FC22FBF7EF0A590A71DD44AE.d.B06F9E3A3A9E78FFEC0F85432A92C895.e.3725/clear - {}
RESULT: {}
COMMAND: POST /session/7f1686e11a340d92304ee7762c65784d/element/f.45271FC9FC22FBF7EF0A590A71DD44AE.d.B06F9E3A3A9E78FFEC0F85432A92C895.e.3725/value - {"text":"553"}
COMMAND: GET /session/7f1686e11a340d92304ee7762c65784d/screenshot - {}
RESULT: {"text":"553"}
COMMAND: GET /session/7f1686e11a340d92304ee7762c65784d/screenshot - {}
RESULT: {}
RESULT: {}
COMMAND: POST /session/7f1686e11a340d92304ee7762c65784d/element - {"using":"xpath","value":"//li[.//span[text()='553']]"}
RESULT: {"using":"xpath","value":"//li[.//span[text()='553']]"}
COMMAND: POST /session/7f1686e11a340d92304ee7762c65784d/element/f.45271FC9FC22FBF7EF0A590A71DD44AE.d.B06F9E3A3A9E78FFEC0F85432A92C895.e.3734/click - {}
RESULT: {}
COMMAND: GET /session/7f1686e11a340d92304ee7762c65784d/screenshot - {}
RESULT: {}
COMMAND: POST /session/7f1686e11a340d92304ee7762c65784d/actions - {"actions":[{"id":"action8","type":"key","parameters":{},"actions":[{"type":"keyDown","value":""},{"type":"pause","duration":10},{"type":"keyUp","value":""}]}]}
RESULT: {"actions":[{"id":"action8","type":"key","parameters":{},"actions":[{"type":"keyDown","value":""},{"type":"pause","duration":10},{"type":"keyUp","value":""}]}]}
COMMAND: POST /session/7f1686e11a340d92304ee7762c65784d/execute/async - {"script":"<script> [1562 bytes]","args":[{"selector":{"id":"application-managepartners-display-component---NewPartner--externalCustomerComboBox-application-managepartners-display-component---NewPartner--assignmentsTable-0-vhi"},"wdio_ui5_key":"applicationmanagepartners-display-component---NewPartner--externalCustomerComboBox-application-managepartners-display-component---NewPartner--assignmentsTable-0-vhi"}]}
COMMAND: GET /session/7f1686e11a340d92304ee7762c65784d/screenshot - {}
RESULT: {"script":"<script> [1562 bytes]","args":[{"selector":{"id":"application-managepartners-display-component---NewPartner--externalCustomerComboBox-application-managepartners-display-component---NewPartner--assignmentsTable-0-vhi"},"wdio_ui5_key":"applicationmanagepartners-display-component---NewPartner--externalCustomerComboBox-application-managepartners-display-component---NewPartner--assignmentsTable-0-vhi"}]}
RESULT: undefined
COMMAND: POST /session/7f1686e11a340d92304ee7762c65784d/element - {"using":"xpath","value":"//*[@id=\"application-managepartners-display-component---NewPartner--externalCustomerComboBox-application-managepartners-display-component---NewPartner--assignmentsTable-0-vhi\"]"}
RESULT: {}
RESULT: {"using":"xpath","value":"//*[@id=\"application-managepartners-display-component---NewPartner--externalCustomerComboBox-application-managepartners-display-component---NewPartner--assignmentsTable-0-vhi\"]"}
COMMAND: POST /session/7f1686e11a340d92304ee7762c65784d/element/f.45271FC9FC22FBF7EF0A590A71DD44AE.d.B06F9E3A3A9E78FFEC0F85432A92C895.e.3738/click - {}
RESULT: {}
RESULT: undefined
COMMAND: POST /session/7f1686e11a340d92304ee7762c65784d/execute/async - {"script":"<script> [776 bytes]","args":[{"enterText":"300003","selector":{"controlType":"sap.m.SearchField","properties":{"placeholder":"Search"},"searchOpenDialogs":true,"interaction":{"idSuffix":"I"}},"clearTextFirst":true,"interactionType":"ENTER_TEXT"}]}
COMMAND: GET /session/7f1686e11a340d92304ee7762c65784d/screenshot - {}
RESULT: {"script":"<script> [776 bytes]","args":[{"enterText":"300003","selector":{"controlType":"sap.m.SearchField","properties":{"placeholder":"Search"},"searchOpenDialogs":true,"interaction":{"idSuffix":"I"}},"clearTextFirst":true,"interactionType":"ENTER_TEXT"}]}
COMMAND: POST /session/7f1686e11a340d92304ee7762c65784d/actions - {"actions":[{"id":"action9","type":"key","parameters":{},"actions":[{"type":"keyDown","value":""},{"type":"pause","duration":10},{"type":"keyUp","value":""}]}]}
RESULT: {}
RESULT: {"actions":[{"id":"action9","type":"key","parameters":{},"actions":[{"type":"keyDown","value":""},{"type":"pause","duration":10},{"type":"keyUp","value":""}]}]}
COMMAND: GET /session/7f1686e11a340d92304ee7762c65784d/screenshot - {}
RESULT: {}
COMMAND: POST /session/7f1686e11a340d92304ee7762c65784d/element - {"using":"xpath","value":"//span[contains(text(), \"300003\")]"}
RESULT: {"using":"xpath","value":"//span[contains(text(), \"300003\")]"}
COMMAND: POST /session/7f1686e11a340d92304ee7762c65784d/element/f.45271FC9FC22FBF7EF0A590A71DD44AE.d.B06F9E3A3A9E78FFEC0F85432A92C895.e.3756/click - {}
RESULT: {}
COMMAND: GET /session/7f1686e11a340d92304ee7762c65784d/screenshot - {}
RESULT: {}
COMMAND: POST /session/7f1686e11a340d92304ee7762c65784d/element - {"using":"xpath","value":"//bdi[contains(text(), \"OK\")]"}
RESULT: {"using":"xpath","value":"//bdi[contains(text(), \"OK\")]"}
COMMAND: POST /session/7f1686e11a340d92304ee7762c65784d/element/f.45271FC9FC22FBF7EF0A590A71DD44AE.d.B06F9E3A3A9E78FFEC0F85432A92C895.e.3758/click - {}
RESULT: {}
COMMAND: GET /session/7f1686e11a340d92304ee7762c65784d/screenshot - {}
RESULT: {}
COMMAND: POST /session/7f1686e11a340d92304ee7762c65784d/execute/async - {"script":"<script> [1562 bytes]","args":[{"selector":{"id":"application-managepartners-display-component---NewPartner--intercompVendorComboBox-application-managepartners-display-component---NewPartner--assignmentsTable-0-vhi"},"wdio_ui5_key":"applicationmanagepartners-display-component---NewPartner--intercompVendorComboBox-application-managepartners-display-component---NewPartner--assignmentsTable-0-vhi"}]}
RESULT: {"script":"<script> [1562 bytes]","args":[{"selector":{"id":"application-managepartners-display-component---NewPartner--intercompVendorComboBox-application-managepartners-display-component---NewPartner--assignmentsTable-0-vhi"},"wdio_ui5_key":"applicationmanagepartners-display-component---NewPartner--intercompVendorComboBox-application-managepartners-display-component---NewPartner--assignmentsTable-0-vhi"}]}
RESULT: undefined
COMMAND: POST /session/7f1686e11a340d92304ee7762c65784d/element - {"using":"xpath","value":"//*[@id=\"application-managepartners-display-component---NewPartner--intercompVendorComboBox-application-managepartners-display-component---NewPartner--assignmentsTable-0-vhi\"]"}
RESULT: {"using":"xpath","value":"//*[@id=\"application-managepartners-display-component---NewPartner--intercompVendorComboBox-application-managepartners-display-component---NewPartner--assignmentsTable-0-vhi\"]"}
COMMAND: POST /session/7f1686e11a340d92304ee7762c65784d/element/f.45271FC9FC22FBF7EF0A590A71DD44AE.d.B06F9E3A3A9E78FFEC0F85432A92C895.e.3761/click - {}
RESULT: {}
RESULT: undefined
COMMAND: POST /session/7f1686e11a340d92304ee7762c65784d/execute/async - {"script":"<script> [776 bytes]","args":[{"enterText":"100005","selector":{"controlType":"sap.m.SearchField","properties":{"placeholder":"Search"},"searchOpenDialogs":true,"interaction":{"idSuffix":"I"}},"clearTextFirst":true,"interactionType":"ENTER_TEXT"}]}
COMMAND: GET /session/7f1686e11a340d92304ee7762c65784d/screenshot - {}
RESULT: {"script":"<script> [776 bytes]","args":[{"enterText":"100005","selector":{"controlType":"sap.m.SearchField","properties":{"placeholder":"Search"},"searchOpenDialogs":true,"interaction":{"idSuffix":"I"}},"clearTextFirst":true,"interactionType":"ENTER_TEXT"}]}
COMMAND: POST /session/7f1686e11a340d92304ee7762c65784d/actions - {"actions":[{"id":"action10","type":"key","parameters":{},"actions":[{"type":"keyDown","value":""},{"type":"pause","duration":10},{"type":"keyUp","value":""}]}]}
RESULT: {}
RESULT: {"actions":[{"id":"action10","type":"key","parameters":{},"actions":[{"type":"keyDown","value":""},{"type":"pause","duration":10},{"type":"keyUp","value":""}]}]}
COMMAND: GET /session/7f1686e11a340d92304ee7762c65784d/screenshot - {}
RESULT: {}
COMMAND: POST /session/7f1686e11a340d92304ee7762c65784d/element - {"using":"xpath","value":"//span[contains(text(), \"Penguins - Field/12345 Berlin\")]"}
RESULT: {"using":"xpath","value":"//span[contains(text(), \"Penguins - Field/12345 Berlin\")]"}
COMMAND: POST /session/7f1686e11a340d92304ee7762c65784d/element/f.45271FC9FC22FBF7EF0A590A71DD44AE.d.B06F9E3A3A9E78FFEC0F85432A92C895.e.3779/click - {}
RESULT: {}
COMMAND: GET /session/7f1686e11a340d92304ee7762c65784d/screenshot - {}
RESULT: {}
COMMAND: POST /session/7f1686e11a340d92304ee7762c65784d/element - {"using":"xpath","value":"//bdi[contains(text(), \"OK\")]"}
RESULT: {"using":"xpath","value":"//bdi[contains(text(), \"OK\")]"}
COMMAND: POST /session/7f1686e11a340d92304ee7762c65784d/element/f.45271FC9FC22FBF7EF0A590A71DD44AE.d.B06F9E3A3A9E78FFEC0F85432A92C895.e.3780/click - {}
RESULT: {}
COMMAND: GET /session/7f1686e11a340d92304ee7762c65784d/screenshot - {}
RESULT: {}
COMMAND: POST /session/7f1686e11a340d92304ee7762c65784d/element - {"using":"xpath","value":"//button[@data-kt=\"saveButton\"]"}
RESULT: {"using":"xpath","value":"//button[@data-kt=\"saveButton\"]"}
COMMAND: POST /session/7f1686e11a340d92304ee7762c65784d/element/f.45271FC9FC22FBF7EF0A590A71DD44AE.d.B06F9E3A3A9E78FFEC0F85432A92C895.e.3585/click - {}
RESULT: {}
COMMAND: GET /session/7f1686e11a340d92304ee7762c65784d/screenshot - {}
RESULT: {}
COMMAND: POST /session/7f1686e11a340d92304ee7762c65784d/element - {"using":"xpath","value":"//header[contains(@id, 'ObjectPageLayout-headerTitle')]/div[1]/div[2]/div[2]/span[1]"}
RESULT: {"using":"xpath","value":"//header[contains(@id, 'ObjectPageLayout-headerTitle')]/div[1]/div[2]/div[2]/span[1]"}
COMMAND: POST /session/7f1686e11a340d92304ee7762c65784d/elements - {"using":"xpath","value":"//header[contains(@id, 'ObjectPageLayout-headerTitle')]/div[1]/div[2]/div[2]/span[1]"}
RESULT: {"using":"xpath","value":"//header[contains(@id, 'ObjectPageLayout-headerTitle')]/div[1]/div[2]/div[2]/span[1]"}
COMMAND: POST /session/7f1686e11a340d92304ee7762c65784d/execute/sync - {"script":"<script> [56 bytes]","args":[{"element-6066-11e4-a52e-4f735466cecf":"f.45271FC9FC22FBF7EF0A590A71DD44AE.d.B06F9E3A3A9E78FFEC0F85432A92C895.e.3948","ELEMENT":"f.45271FC9FC22FBF7EF0A590A71DD44AE.d.B06F9E3A3A9E78FFEC0F85432A92C895.e.3948"}]}
RESULT: {"script":"<script> [56 bytes]","args":[{"element-6066-11e4-a52e-4f735466cecf":"f.45271FC9FC22FBF7EF0A590A71DD44AE.d.B06F9E3A3A9E78FFEC0F85432A92C895.e.3948","ELEMENT":"f.45271FC9FC22FBF7EF0A590A71DD44AE.d.B06F9E3A3A9E78FFEC0F85432A92C895.e.3948"}]}
COMMAND: POST /session/7f1686e11a340d92304ee7762c65784d/element - {"using":"css selector","value":"#shell-header-logo"}
COMMAND: GET /session/7f1686e11a340d92304ee7762c65784d/screenshot - {}
RESULT: {"using":"css selector","value":"#shell-header-logo"}
COMMAND: POST /session/7f1686e11a340d92304ee7762c65784d/element/f.45271FC9FC22FBF7EF0A590A71DD44AE.d.B06F9E3A3A9E78FFEC0F85432A92C895.e.3164/click - {}
RESULT: {}
RESULT: {}
COMMAND: GET /session/7f1686e11a340d92304ee7762c65784d/screenshot - {}
RESULT: {}
COMMAND: POST /session/7f1686e11a340d92304ee7762c65784d/execute/sync - {"script":"<script> [299 bytes]","args":[["getModel","getResource"]]}
RESULT: {"script":"<script> [299 bytes]","args":[["getModel","getResource"]]}
RESULT: undefined
COMMAND: POST /session/7f1686e11a340d92304ee7762c65784d/element - {"using":"xpath","value":"//*[@id=\"__tile30\"]"}
COMMAND: GET /session/7f1686e11a340d92304ee7762c65784d/screenshot - {}
RESULT: {"using":"xpath","value":"//*[@id=\"__tile30\"]"}
COMMAND: POST /session/7f1686e11a340d92304ee7762c65784d/element/f.45271FC9FC22FBF7EF0A590A71DD44AE.d.B06F9E3A3A9E78FFEC0F85432A92C895.e.3085/click - {}
RESULT: {}
RESULT: {}
COMMAND: POST /session/7f1686e11a340d92304ee7762c65784d/element - {"using":"xpath","value":"//button[@data-kt=\"addButton\"]"}
COMMAND: GET /session/7f1686e11a340d92304ee7762c65784d/screenshot - {}
RESULT: {"using":"xpath","value":"//button[@data-kt=\"addButton\"]"}
COMMAND: POST /session/7f1686e11a340d92304ee7762c65784d/elements - {"using":"xpath","value":"//button[@data-kt=\"addButton\"]"}
RESULT: {}
RESULT: {"using":"xpath","value":"//button[@data-kt=\"addButton\"]"}
COMMAND: POST /session/7f1686e11a340d92304ee7762c65784d/elements - {"using":"xpath","value":"//button[@data-kt=\"addButton\"]"}
RESULT: {"using":"xpath","value":"//button[@data-kt=\"addButton\"]"}
COMMAND: POST /session/7f1686e11a340d92304ee7762c65784d/elements - {"using":"xpath","value":"//button[@data-kt=\"addButton\"]"}
RESULT: {"using":"xpath","value":"//button[@data-kt=\"addButton\"]"}
COMMAND: POST /session/7f1686e11a340d92304ee7762c65784d/element - {"using":"xpath","value":"//button[@data-kt=\"addButton\"]"}
RESULT: {"using":"xpath","value":"//button[@data-kt=\"addButton\"]"}
COMMAND: POST /session/7f1686e11a340d92304ee7762c65784d/execute/sync - {"script":"<script> [8489 bytes]","args":[{"element-6066-11e4-a52e-4f735466cecf":"f.45271FC9FC22FBF7EF0A590A71DD44AE.d.B06F9E3A3A9E78FFEC0F85432A92C895.e.3998","ELEMENT":"f.45271FC9FC22FBF7EF0A590A71DD44AE.d.B06F9E3A3A9E78FFEC0F85432A92C895.e.3998"}]}
RESULT: {"script":"<script> [8489 bytes]","args":[{"element-6066-11e4-a52e-4f735466cecf":"f.45271FC9FC22FBF7EF0A590A71DD44AE.d.B06F9E3A3A9E78FFEC0F85432A92C895.e.3998","ELEMENT":"f.45271FC9FC22FBF7EF0A590A71DD44AE.d.B06F9E3A3A9E78FFEC0F85432A92C895.e.3998"}]}
COMMAND: GET /session/7f1686e11a340d92304ee7762c65784d/element/f.45271FC9FC22FBF7EF0A590A71DD44AE.d.B06F9E3A3A9E78FFEC0F85432A92C895.e.3998/enabled - {}
COMMAND: GET /session/7f1686e11a340d92304ee7762c65784d/screenshot - {}
RESULT: {}
COMMAND: POST /session/7f1686e11a340d92304ee7762c65784d/execute/sync - {"script":"<script> [8489 bytes]","args":[{"element-6066-11e4-a52e-4f735466cecf":"f.45271FC9FC22FBF7EF0A590A71DD44AE.d.B06F9E3A3A9E78FFEC0F85432A92C895.e.3998","ELEMENT":"f.45271FC9FC22FBF7EF0A590A71DD44AE.d.B06F9E3A3A9E78FFEC0F85432A92C895.e.3998"}]}
COMMAND: GET /session/7f1686e11a340d92304ee7762c65784d/screenshot - {}
RESULT: {}
RESULT: {"script":"<script> [8489 bytes]","args":[{"element-6066-11e4-a52e-4f735466cecf":"f.45271FC9FC22FBF7EF0A590A71DD44AE.d.B06F9E3A3A9E78FFEC0F85432A92C895.e.3998","ELEMENT":"f.45271FC9FC22FBF7EF0A590A71DD44AE.d.B06F9E3A3A9E78FFEC0F85432A92C895.e.3998"}]}
COMMAND: POST /session/7f1686e11a340d92304ee7762c65784d/execute/sync - {"script":"<script> [5351 bytes]","args":[{"element-6066-11e4-a52e-4f735466cecf":"f.45271FC9FC22FBF7EF0A590A71DD44AE.d.B06F9E3A3A9E78FFEC0F85432A92C895.e.3998","ELEMENT":"f.45271FC9FC22FBF7EF0A590A71DD44AE.d.B06F9E3A3A9E78FFEC0F85432A92C895.e.3998"}]}
COMMAND: GET /session/7f1686e11a340d92304ee7762c65784d/screenshot - {}
RESULT: {}
RESULT: {"script":"<script> [5351 bytes]","args":[{"element-6066-11e4-a52e-4f735466cecf":"f.45271FC9FC22FBF7EF0A590A71DD44AE.d.B06F9E3A3A9E78FFEC0F85432A92C895.e.3998","ELEMENT":"f.45271FC9FC22FBF7EF0A590A71DD44AE.d.B06F9E3A3A9E78FFEC0F85432A92C895.e.3998"}]}
COMMAND: GET /session/7f1686e11a340d92304ee7762c65784d/screenshot - {}
RESULT: {}
RESULT: {}
COMMAND: POST /session/7f1686e11a340d92304ee7762c65784d/execute/async - {"script":"<script> [1562 bytes]","args":[{"selector":{"id":"application-managepartners-display-component---masterPtm--smartFilterBar-btnBasicSearch","interaction":{"idSuffix":"I"}},"wdio_ui5_key":"applicationmanagepartners-display-component---masterPtm--smartFilterBar-btnBasicSearch"}]}
RESULT: {"script":"<script> [1562 bytes]","args":[{"selector":{"id":"application-managepartners-display-component---masterPtm--smartFilterBar-btnBasicSearch","interaction":{"idSuffix":"I"}},"wdio_ui5_key":"applicationmanagepartners-display-component---masterPtm--smartFilterBar-btnBasicSearch"}]}
RESULT: undefined
COMMAND: POST /session/7f1686e11a340d92304ee7762c65784d/execute/async - {"script":"<script> [776 bytes]","args":[{"enterText":"1407","selector":{"id":"application-managepartners-display-component---masterPtm--smartFilterBar-btnBasicSearch","interaction":{"idSuffix":"I"}},"clearTextFirst":true,"interactionType":"ENTER_TEXT"}]}
RESULT: {"script":"<script> [776 bytes]","args":[{"enterText":"1407","selector":{"id":"application-managepartners-display-component---masterPtm--smartFilterBar-btnBasicSearch","interaction":{"idSuffix":"I"}},"clearTextFirst":true,"interactionType":"ENTER_TEXT"}]}
COMMAND: POST /session/7f1686e11a340d92304ee7762c65784d/actions - {"actions":[{"id":"action11","type":"key","parameters":{},"actions":[{"type":"keyDown","value":""},{"type":"pause","duration":10},{"type":"keyUp","value":""}]}]}
RESULT: {"actions":[{"id":"action11","type":"key","parameters":{},"actions":[{"type":"keyDown","value":""},{"type":"pause","duration":10},{"type":"keyUp","value":""}]}]}
COMMAND: GET /session/7f1686e11a340d92304ee7762c65784d/screenshot - {}
RESULT: {}
COMMAND: POST /session/7f1686e11a340d92304ee7762c65784d/elements - {"using":"xpath","value":"//table[contains(@id, \"customPartnersTable-listUl\")]/tbody/tr"}
RESULT: {"using":"xpath","value":"//table[contains(@id, \"customPartnersTable-listUl\")]/tbody/tr"}
COMMAND: POST /session/7f1686e11a340d92304ee7762c65784d/element - {"using":"xpath","value":"//table[contains(@id, \"customPartnersTable-listUl\")]/tbody/tr[1]/td[3]/span"}
RESULT: {"using":"xpath","value":"//table[contains(@id, \"customPartnersTable-listUl\")]/tbody/tr[1]/td[3]/span"}
COMMAND: POST /session/7f1686e11a340d92304ee7762c65784d/elements - {"using":"xpath","value":"//table[contains(@id, \"customPartnersTable-listUl\")]/tbody/tr[1]/td[3]/span"}
RESULT: {"using":"xpath","value":"//table[contains(@id, \"customPartnersTable-listUl\")]/tbody/tr[1]/td[3]/span"}
COMMAND: POST /session/7f1686e11a340d92304ee7762c65784d/execute/sync - {"script":"<script> [56 bytes]","args":[{"element-6066-11e4-a52e-4f735466cecf":"f.45271FC9FC22FBF7EF0A590A71DD44AE.d.B06F9E3A3A9E78FFEC0F85432A92C895.e.4133","ELEMENT":"f.45271FC9FC22FBF7EF0A590A71DD44AE.d.B06F9E3A3A9E78FFEC0F85432A92C895.e.4133"}]}
RESULT: {"script":"<script> [56 bytes]","args":[{"element-6066-11e4-a52e-4f735466cecf":"f.45271FC9FC22FBF7EF0A590A71DD44AE.d.B06F9E3A3A9E78FFEC0F85432A92C895.e.4133","ELEMENT":"f.45271FC9FC22FBF7EF0A590A71DD44AE.d.B06F9E3A3A9E78FFEC0F85432A92C895.e.4133"}]}
COMMAND: POST /session/7f1686e11a340d92304ee7762c65784d/element - {"using":"xpath","value":"(//span[contains(@id, \"imgNav\")])[1]"}
COMMAND: GET /session/7f1686e11a340d92304ee7762c65784d/screenshot - {}
RESULT: {"using":"xpath","value":"(//span[contains(@id, \"imgNav\")])[1]"}
COMMAND: POST /session/7f1686e11a340d92304ee7762c65784d/element/f.45271FC9FC22FBF7EF0A590A71DD44AE.d.B06F9E3A3A9E78FFEC0F85432A92C895.e.4131/click - {}
RESULT: {}
RESULT: {}
COMMAND: GET /session/7f1686e11a340d92304ee7762c65784d/screenshot - {}
RESULT: {}
COMMAND: POST /session/7f1686e11a340d92304ee7762c65784d/element - {"using":"xpath","value":"//bdi[contains(text(), \"Edit\")]"}
RESULT: {"using":"xpath","value":"//bdi[contains(text(), \"Edit\")]"}
COMMAND: POST /session/7f1686e11a340d92304ee7762c65784d/element/f.45271FC9FC22FBF7EF0A590A71DD44AE.d.B06F9E3A3A9E78FFEC0F85432A92C895.e.4277/click - {}
RESULT: {}
COMMAND: GET /session/7f1686e11a340d92304ee7762c65784d/screenshot - {}
RESULT: {}
COMMAND: POST /session/7f1686e11a340d92304ee7762c65784d/execute/async - {"script":"<script> [1562 bytes]","args":[{"selector":{"controlType":"sap.m.Input","viewName":"etm.portal.ui.managepartners.view.EditDetail","labelFor":{"text":"Name"},"interaction":{"idSuffix":"inner"}},"wdio_ui5_key":"etmportal.ui.managepartners.view.EditDetailsap.m.Input{\"text\":\"Name\"}"}]}
RESULT: {"script":"<script> [1562 bytes]","args":[{"selector":{"controlType":"sap.m.Input","viewName":"etm.portal.ui.managepartners.view.EditDetail","labelFor":{"text":"Name"},"interaction":{"idSuffix":"inner"}},"wdio_ui5_key":"etmportal.ui.managepartners.view.EditDetailsap.m.Input{\"text\":\"Name\"}"}]}
RESULT: undefined
COMMAND: POST /session/7f1686e11a340d92304ee7762c65784d/execute/async - {"script":"<script> [776 bytes]","args":[{"enterText":"Intercompany EDIT","selector":{"controlType":"sap.m.Input","viewName":"etm.portal.ui.managepartners.view.EditDetail","labelFor":{"text":"Name"},"interaction":{"idSuffix":"inner"}},"clearTextFirst":true,"interactionType":"ENTER_TEXT"}]}
RESULT: {"script":"<script> [776 bytes]","args":[{"enterText":"Intercompany EDIT","selector":{"controlType":"sap.m.Input","viewName":"etm.portal.ui.managepartners.view.EditDetail","labelFor":{"text":"Name"},"interaction":{"idSuffix":"inner"}},"clearTextFirst":true,"interactionType":"ENTER_TEXT"}]}
COMMAND: POST /session/7f1686e11a340d92304ee7762c65784d/element - {"using":"xpath","value":"(//span[contains(@id,\"addressDetailDetailsLanguage-arrow\")])[1]"}
RESULT: {"using":"xpath","value":"(//span[contains(@id,\"addressDetailDetailsLanguage-arrow\")])[1]"}
COMMAND: POST /session/7f1686e11a340d92304ee7762c65784d/element/f.45271FC9FC22FBF7EF0A590A71DD44AE.d.B06F9E3A3A9E78FFEC0F85432A92C895.e.4360/click - {}
RESULT: {}
COMMAND: POST /session/7f1686e11a340d92304ee7762c65784d/element - {"using":"xpath","value":"//span[contains(text(), \"Chinese\")]"}
COMMAND: GET /session/7f1686e11a340d92304ee7762c65784d/screenshot - {}
RESULT: {"using":"xpath","value":"//span[contains(text(), \"Chinese\")]"}
COMMAND: POST /session/7f1686e11a340d92304ee7762c65784d/element/f.45271FC9FC22FBF7EF0A590A71DD44AE.d.B06F9E3A3A9E78FFEC0F85432A92C895.e.4361/click - {}
RESULT: {}
RESULT: {}
COMMAND: GET /session/7f1686e11a340d92304ee7762c65784d/screenshot - {}
RESULT: {}
COMMAND: POST /session/7f1686e11a340d92304ee7762c65784d/execute/async - {"script":"<script> [1562 bytes]","args":[{"selector":{"controlType":"sap.m.Input","viewName":"etm.portal.ui.managepartners.view.EditDetail","labelFor":{"text":"City"},"interaction":{"idSuffix":"inner"}},"wdio_ui5_key":"etmportal.ui.managepartners.view.EditDetailsap.m.Input{\"text\":\"City\"}"}]}
RESULT: {"script":"<script> [1562 bytes]","args":[{"selector":{"controlType":"sap.m.Input","viewName":"etm.portal.ui.managepartners.view.EditDetail","labelFor":{"text":"City"},"interaction":{"idSuffix":"inner"}},"wdio_ui5_key":"etmportal.ui.managepartners.view.EditDetailsap.m.Input{\"text\":\"City\"}"}]}
RESULT: undefined
COMMAND: POST /session/7f1686e11a340d92304ee7762c65784d/execute/async - {"script":"<script> [776 bytes]","args":[{"enterText":"Clooj-Napoca","selector":{"controlType":"sap.m.Input","viewName":"etm.portal.ui.managepartners.view.EditDetail","labelFor":{"text":"City"},"interaction":{"idSuffix":"inner"}},"clearTextFirst":true,"interactionType":"ENTER_TEXT"}]}
RESULT: {"script":"<script> [776 bytes]","args":[{"enterText":"Clooj-Napoca","selector":{"controlType":"sap.m.Input","viewName":"etm.portal.ui.managepartners.view.EditDetail","labelFor":{"text":"City"},"interaction":{"idSuffix":"inner"}},"clearTextFirst":true,"interactionType":"ENTER_TEXT"}]}
COMMAND: POST /session/7f1686e11a340d92304ee7762c65784d/element - {"using":"xpath","value":"//button[@data-kt=\"saveButton\"]"}
RESULT: {"using":"xpath","value":"//button[@data-kt=\"saveButton\"]"}
COMMAND: POST /session/7f1686e11a340d92304ee7762c65784d/element/f.45271FC9FC22FBF7EF0A590A71DD44AE.d.B06F9E3A3A9E78FFEC0F85432A92C895.e.4340/click - {}
RESULT: {}
COMMAND: GET /session/7f1686e11a340d92304ee7762c65784d/screenshot - {}
RESULT: {}
COMMAND: POST /session/7f1686e11a340d92304ee7762c65784d/execute/async - {"script":"<script> [1562 bytes]","args":[{"selector":{"id":"application-managepartners-display-component---detailPtm--addressDetailDetailsName1"},"wdio_ui5_key":"applicationmanagepartners-display-component---detailPtm--addressDetailDetailsName1"}]}
RESULT: {"script":"<script> [1562 bytes]","args":[{"selector":{"id":"application-managepartners-display-component---detailPtm--addressDetailDetailsName1"},"wdio_ui5_key":"applicationmanagepartners-display-component---detailPtm--addressDetailDetailsName1"}]}
RESULT: undefined
COMMAND: POST /session/7f1686e11a340d92304ee7762c65784d/execute/async - {"script":"<script> [6424 bytes]","args":[{"element-6066-11e4-a52e-4f735466cecf":"f.45271FC9FC22FBF7EF0A590A71DD44AE.d.B06F9E3A3A9E78FFEC0F85432A92C895.e.4392"},"getValue",[]]}
RESULT: {"script":"<script> [6424 bytes]","args":[{"element-6066-11e4-a52e-4f735466cecf":"f.45271FC9FC22FBF7EF0A590A71DD44AE.d.B06F9E3A3A9E78FFEC0F85432A92C895.e.4392"},"getValue",[]]}
COMMAND: POST /session/7f1686e11a340d92304ee7762c65784d/element - {"using":"xpath","value":"//input[@id = \"application-managepartners-display-component---detailPtm--addressDetailDetailsLanguage-inner\"]"}
RESULT: {"using":"xpath","value":"//input[@id = \"application-managepartners-display-component---detailPtm--addressDetailDetailsLanguage-inner\"]"}
COMMAND: GET /session/7f1686e11a340d92304ee7762c65784d/element/f.45271FC9FC22FBF7EF0A590A71DD44AE.d.B06F9E3A3A9E78FFEC0F85432A92C895.e.4393/property/value - {}
RESULT: {}
COMMAND: POST /session/7f1686e11a340d92304ee7762c65784d/execute/async - {"script":"<script> [1562 bytes]","args":[{"selector":{"id":"application-managepartners-display-component---detailPtm--addressDetailDetailsCity1"},"wdio_ui5_key":"applicationmanagepartners-display-component---detailPtm--addressDetailDetailsCity1"}]}
COMMAND: GET /session/7f1686e11a340d92304ee7762c65784d/screenshot - {}
RESULT: {"script":"<script> [1562 bytes]","args":[{"selector":{"id":"application-managepartners-display-component---detailPtm--addressDetailDetailsCity1"},"wdio_ui5_key":"applicationmanagepartners-display-component---detailPtm--addressDetailDetailsCity1"}]}
RESULT: undefined
COMMAND: POST /session/7f1686e11a340d92304ee7762c65784d/execute/async - {"script":"<script> [6424 bytes]","args":[{"element-6066-11e4-a52e-4f735466cecf":"f.45271FC9FC22FBF7EF0A590A71DD44AE.d.B06F9E3A3A9E78FFEC0F85432A92C895.e.4394"},"getValue",[]]}
RESULT: {}
RESULT: {"script":"<script> [6424 bytes]","args":[{"element-6066-11e4-a52e-4f735466cecf":"f.45271FC9FC22FBF7EF0A590A71DD44AE.d.B06F9E3A3A9E78FFEC0F85432A92C895.e.4394"},"getValue",[]]}
COMMAND: POST /session/7f1686e11a340d92304ee7762c65784d/element - {"using":"css selector","value":"#shell-header-logo"}
RESULT: {"using":"css selector","value":"#shell-header-logo"}
COMMAND: POST /session/7f1686e11a340d92304ee7762c65784d/element/f.45271FC9FC22FBF7EF0A590A71DD44AE.d.B06F9E3A3A9E78FFEC0F85432A92C895.e.3953/click - {}
RESULT: {}
COMMAND: GET /session/7f1686e11a340d92304ee7762c65784d/screenshot - {}
RESULT: {}
]]></system-out>
    </testcase>
    <testcase classname="chrome.135_0_7049_42.windows.Partner_specific_tests_US150819_US151080_US151654_US151176_US103444_US151078_US151079_US151109_US151174_US151175_US151189" name="Should create a new intracompany partner edit some of its fields US151079" time="228.703">
      <system-out><![CDATA[
COMMAND: POST /session/7f1686e11a340d92304ee7762c65784d/element - {"using":"xpath","value":"//li[.//span[text()=\"Manage Partners\"]]"}
RESULT: {"using":"xpath","value":"//li[.//span[text()=\"Manage Partners\"]]"}
COMMAND: POST /session/7f1686e11a340d92304ee7762c65784d/element - {"using":"xpath","value":"//li[.//span[text()=\"Manage Partners\"]]"}
RESULT: {"using":"xpath","value":"//li[.//span[text()=\"Manage Partners\"]]"}
COMMAND: POST /session/7f1686e11a340d92304ee7762c65784d/element - {"using":"css selector","value":"#shell-header-logo"}
RESULT: {"using":"css selector","value":"#shell-header-logo"}
COMMAND: POST /session/7f1686e11a340d92304ee7762c65784d/element/f.45271FC9FC22FBF7EF0A590A71DD44AE.d.B06F9E3A3A9E78FFEC0F85432A92C895.e.4424/click - {}
COMMAND: POST /session/7f1686e11a340d92304ee7762c65784d/execute/sync - {"script":"<script> [8489 bytes]","args":[{"element-6066-11e4-a52e-4f735466cecf":"f.45271FC9FC22FBF7EF0A590A71DD44AE.d.B06F9E3A3A9E78FFEC0F85432A92C895.e.4424","ELEMENT":"f.45271FC9FC22FBF7EF0A590A71DD44AE.d.B06F9E3A3A9E78FFEC0F85432A92C895.e.4424"}]}
RESULT: {}
COMMAND: GET /session/7f1686e11a340d92304ee7762c65784d/screenshot - {}
RESULT: {"script":"<script> [8489 bytes]","args":[{"element-6066-11e4-a52e-4f735466cecf":"f.45271FC9FC22FBF7EF0A590A71DD44AE.d.B06F9E3A3A9E78FFEC0F85432A92C895.e.4424","ELEMENT":"f.45271FC9FC22FBF7EF0A590A71DD44AE.d.B06F9E3A3A9E78FFEC0F85432A92C895.e.4424"}]}
COMMAND: POST /session/7f1686e11a340d92304ee7762c65784d/execute/sync - {"script":"<script> [5351 bytes]","args":[{"element-6066-11e4-a52e-4f735466cecf":"f.45271FC9FC22FBF7EF0A590A71DD44AE.d.B06F9E3A3A9E78FFEC0F85432A92C895.e.4424","ELEMENT":"f.45271FC9FC22FBF7EF0A590A71DD44AE.d.B06F9E3A3A9E78FFEC0F85432A92C895.e.4424"}]}
COMMAND: GET /session/7f1686e11a340d92304ee7762c65784d/screenshot - {}
RESULT: {}
RESULT: {"script":"<script> [5351 bytes]","args":[{"element-6066-11e4-a52e-4f735466cecf":"f.45271FC9FC22FBF7EF0A590A71DD44AE.d.B06F9E3A3A9E78FFEC0F85432A92C895.e.4424","ELEMENT":"f.45271FC9FC22FBF7EF0A590A71DD44AE.d.B06F9E3A3A9E78FFEC0F85432A92C895.e.4424"}]}
COMMAND: GET /session/7f1686e11a340d92304ee7762c65784d/screenshot - {}
RESULT: {}
RESULT: {}
COMMAND: POST /session/7f1686e11a340d92304ee7762c65784d/refresh - {}
RESULT: {}
COMMAND: GET /session/7f1686e11a340d92304ee7762c65784d/screenshot - {}
RESULT: {}
COMMAND: POST /session/7f1686e11a340d92304ee7762c65784d/refresh - {}
RESULT: {}
COMMAND: GET /session/7f1686e11a340d92304ee7762c65784d/screenshot - {}
RESULT: {}
COMMAND: POST /session/7f1686e11a340d92304ee7762c65784d/window/fullscreen - {}
RESULT: {}
COMMAND: POST /session/7f1686e11a340d92304ee7762c65784d/execute/async - {"script":"<script> [189 bytes]","args":[]}
RESULT: {"script":"<script> [189 bytes]","args":[]}
COMMAND: POST /session/7f1686e11a340d92304ee7762c65784d/execute/async - {"script":"<script> [123 bytes]","args":[]}
RESULT: {"script":"<script> [123 bytes]","args":[]}
COMMAND: POST /session/7f1686e11a340d92304ee7762c65784d/timeouts - {"script":"<number>"}
RESULT: {"script":"<number>"}
COMMAND: GET /session/7f1686e11a340d92304ee7762c65784d/timeouts - {}
RESULT: {}
RESULT: undefined
COMMAND: POST /session/7f1686e11a340d92304ee7762c65784d/execute/async - {"script":"<script> [2676 bytes]","args":[]}
RESULT: {"script":"<script> [2676 bytes]","args":[]}
COMMAND: POST /session/7f1686e11a340d92304ee7762c65784d/execute/async - {"script":"<script> [2342 bytes]","args":[{"protocol":"http","hostname":"0.0.0.0","path":"/","capabilities":{"browserName":"chrome","goog:chromeOptions":{"binary":"C:\\Program Files\\Google\\Chrome\\Application\\chrome.exe","args":["--start-maximized"]}},"logLevel":"warn","connectionRetryTimeout":120000,"connectionRetryCount":3,"logLevels":{},"enableDirectConnect":true,"strictSSL":true,"_":"65 more keys: [\"cacheDir\",\"port\",\"requestedCapabilities\",\"automationProtocol\",\"baseUrl\",\"waitforInterval\",\"waitforTimeout\",\"onReload\",\"beforeCommand\",\"afterCommand\",\"rootDir\",\"specs\",\"suites\",\"exclude\",\"groupLogsByTestSpec\",\"excludeDriverLogs\",\"bail\",\"framework\",\"reporters\",\"services\",\"maxInstances\",\"maxInstancesPerCapability\",\"injectGlobals\",\"filesToWatch\",\"execArgv\",\"runnerEnv\",\"runner\",\"shard\",\"specFileRetries\",\"specFileRetriesDelay\",\"specFileRetriesDeferred\",\"reporterSyncInterval\",\"reporterSyncTimeout\",\"cucumberFeaturesWithLineNumbers\",\"autoCompileOpts\",\"mochaOpts\",\"jasmineOpts\",\"cucumberOpts\",\"onPrepare\",\"onWorkerStart\",\"onWorkerEnd\",\"before\",\"beforeSession\",\"beforeSuite\",\"beforeHook\",\"beforeTest\",\"afterTest\",\"afterHook\",\"afterSuite\",\"afterSession\",\"after\",\"onComplete\",\"beforeAssertion\",\"afterAssertion\",\"beforeFeature\",\"beforeScenario\",\"beforeStep\",\"afterStep\",\"afterScenario\",\"afterFeature\",\"_\",\"suite\",\"$0\",\"ignoredWorkerServices\",\"wdi5\"]"}]}
RESULT: {"script":"<script> [2342 bytes]","args":[{"protocol":"http","hostname":"0.0.0.0","path":"/","capabilities":{"browserName":"chrome","goog:chromeOptions":{"binary":"C:\\Program Files\\Google\\Chrome\\Application\\chrome.exe","args":["--start-maximized"]}},"logLevel":"warn","connectionRetryTimeout":120000,"connectionRetryCount":3,"logLevels":{},"enableDirectConnect":true,"strictSSL":true,"_":"65 more keys: [\"cacheDir\",\"port\",\"requestedCapabilities\",\"automationProtocol\",\"baseUrl\",\"waitforInterval\",\"waitforTimeout\",\"onReload\",\"beforeCommand\",\"afterCommand\",\"rootDir\",\"specs\",\"suites\",\"exclude\",\"groupLogsByTestSpec\",\"excludeDriverLogs\",\"bail\",\"framework\",\"reporters\",\"services\",\"maxInstances\",\"maxInstancesPerCapability\",\"injectGlobals\",\"filesToWatch\",\"execArgv\",\"runnerEnv\",\"runner\",\"shard\",\"specFileRetries\",\"specFileRetriesDelay\",\"specFileRetriesDeferred\",\"reporterSyncInterval\",\"reporterSyncTimeout\",\"cucumberFeaturesWithLineNumbers\",\"autoCompileOpts\",\"mochaOpts\",\"jasmineOpts\",\"cucumberOpts\",\"onPrepare\",\"onWorkerStart\",\"onWorkerEnd\",\"before\",\"beforeSession\",\"beforeSuite\",\"beforeHook\",\"beforeTest\",\"afterTest\",\"afterHook\",\"afterSuite\",\"afterSession\",\"after\",\"onComplete\",\"beforeAssertion\",\"afterAssertion\",\"beforeFeature\",\"beforeScenario\",\"beforeStep\",\"afterStep\",\"afterScenario\",\"afterFeature\",\"_\",\"suite\",\"$0\",\"ignoredWorkerServices\",\"wdi5\"]"}]}
COMMAND: POST /session/7f1686e11a340d92304ee7762c65784d/execute/async - {"script":"<script> [21126 bytes]","args":[35000]}
RESULT: {"script":"<script> [21126 bytes]","args":[35000]}
COMMAND: POST /session/7f1686e11a340d92304ee7762c65784d/window/fullscreen - {}
RESULT: {}
COMMAND: POST /session/7f1686e11a340d92304ee7762c65784d/window/fullscreen - {}
RESULT: {}
COMMAND: POST /session/7f1686e11a340d92304ee7762c65784d/execute/async - {"script":"<script> [1562 bytes]","args":[{"selector":{"controlType":"sap.m.GenericTile","properties":{"header":"Manage Partners"}},"wdio_ui5_key":"sapm.GenericTile{\"header\":\"Manage Partners\"}"}]}
RESULT: {"script":"<script> [1562 bytes]","args":[{"selector":{"controlType":"sap.m.GenericTile","properties":{"header":"Manage Partners"}},"wdio_ui5_key":"sapm.GenericTile{\"header\":\"Manage Partners\"}"}]}
RESULT: undefined
COMMAND: POST /session/7f1686e11a340d92304ee7762c65784d/element - {"using":"xpath","value":"//*[@id=\"__tile30\"]"}
RESULT: {"using":"xpath","value":"//*[@id=\"__tile30\"]"}
COMMAND: POST /session/7f1686e11a340d92304ee7762c65784d/element/f.45271FC9FC22FBF7EF0A590A71DD44AE.d.ACF486AB6D462CEB331164EDC7D84F0E.e.4489/click - {}
RESULT: {}
COMMAND: POST /session/7f1686e11a340d92304ee7762c65784d/element - {"using":"xpath","value":"//button[@data-kt=\"addButton\"]"}
COMMAND: GET /session/7f1686e11a340d92304ee7762c65784d/screenshot - {}
RESULT: {"using":"xpath","value":"//button[@data-kt=\"addButton\"]"}
COMMAND: POST /session/7f1686e11a340d92304ee7762c65784d/elements - {"using":"xpath","value":"//button[@data-kt=\"addButton\"]"}
RESULT: {}
RESULT: {"using":"xpath","value":"//button[@data-kt=\"addButton\"]"}
COMMAND: POST /session/7f1686e11a340d92304ee7762c65784d/elements - {"using":"xpath","value":"//button[@data-kt=\"addButton\"]"}
RESULT: {"using":"xpath","value":"//button[@data-kt=\"addButton\"]"}
COMMAND: POST /session/7f1686e11a340d92304ee7762c65784d/elements - {"using":"xpath","value":"//button[@data-kt=\"addButton\"]"}
RESULT: {"using":"xpath","value":"//button[@data-kt=\"addButton\"]"}
COMMAND: POST /session/7f1686e11a340d92304ee7762c65784d/elements - {"using":"xpath","value":"//button[@data-kt=\"addButton\"]"}
RESULT: {"using":"xpath","value":"//button[@data-kt=\"addButton\"]"}
COMMAND: POST /session/7f1686e11a340d92304ee7762c65784d/elements - {"using":"xpath","value":"//button[@data-kt=\"addButton\"]"}
RESULT: {"using":"xpath","value":"//button[@data-kt=\"addButton\"]"}
COMMAND: POST /session/7f1686e11a340d92304ee7762c65784d/elements - {"using":"xpath","value":"//button[@data-kt=\"addButton\"]"}
RESULT: {"using":"xpath","value":"//button[@data-kt=\"addButton\"]"}
COMMAND: POST /session/7f1686e11a340d92304ee7762c65784d/elements - {"using":"xpath","value":"//button[@data-kt=\"addButton\"]"}
RESULT: {"using":"xpath","value":"//button[@data-kt=\"addButton\"]"}
COMMAND: POST /session/7f1686e11a340d92304ee7762c65784d/elements - {"using":"xpath","value":"//button[@data-kt=\"addButton\"]"}
RESULT: {"using":"xpath","value":"//button[@data-kt=\"addButton\"]"}
COMMAND: POST /session/7f1686e11a340d92304ee7762c65784d/elements - {"using":"xpath","value":"//button[@data-kt=\"addButton\"]"}
RESULT: {"using":"xpath","value":"//button[@data-kt=\"addButton\"]"}
COMMAND: POST /session/7f1686e11a340d92304ee7762c65784d/elements - {"using":"xpath","value":"//button[@data-kt=\"addButton\"]"}
RESULT: {"using":"xpath","value":"//button[@data-kt=\"addButton\"]"}
COMMAND: POST /session/7f1686e11a340d92304ee7762c65784d/elements - {"using":"xpath","value":"//button[@data-kt=\"addButton\"]"}
RESULT: {"using":"xpath","value":"//button[@data-kt=\"addButton\"]"}
COMMAND: POST /session/7f1686e11a340d92304ee7762c65784d/elements - {"using":"xpath","value":"//button[@data-kt=\"addButton\"]"}
RESULT: {"using":"xpath","value":"//button[@data-kt=\"addButton\"]"}
COMMAND: POST /session/7f1686e11a340d92304ee7762c65784d/elements - {"using":"xpath","value":"//button[@data-kt=\"addButton\"]"}
RESULT: {"using":"xpath","value":"//button[@data-kt=\"addButton\"]"}
COMMAND: POST /session/7f1686e11a340d92304ee7762c65784d/elements - {"using":"xpath","value":"//button[@data-kt=\"addButton\"]"}
RESULT: {"using":"xpath","value":"//button[@data-kt=\"addButton\"]"}
COMMAND: POST /session/7f1686e11a340d92304ee7762c65784d/elements - {"using":"xpath","value":"//button[@data-kt=\"addButton\"]"}
RESULT: {"using":"xpath","value":"//button[@data-kt=\"addButton\"]"}
COMMAND: POST /session/7f1686e11a340d92304ee7762c65784d/elements - {"using":"xpath","value":"//button[@data-kt=\"addButton\"]"}
RESULT: {"using":"xpath","value":"//button[@data-kt=\"addButton\"]"}
COMMAND: POST /session/7f1686e11a340d92304ee7762c65784d/elements - {"using":"xpath","value":"//button[@data-kt=\"addButton\"]"}
RESULT: {"using":"xpath","value":"//button[@data-kt=\"addButton\"]"}
COMMAND: POST /session/7f1686e11a340d92304ee7762c65784d/elements - {"using":"xpath","value":"//button[@data-kt=\"addButton\"]"}
RESULT: {"using":"xpath","value":"//button[@data-kt=\"addButton\"]"}
COMMAND: POST /session/7f1686e11a340d92304ee7762c65784d/elements - {"using":"xpath","value":"//button[@data-kt=\"addButton\"]"}
RESULT: {"using":"xpath","value":"//button[@data-kt=\"addButton\"]"}
COMMAND: POST /session/7f1686e11a340d92304ee7762c65784d/elements - {"using":"xpath","value":"//button[@data-kt=\"addButton\"]"}
RESULT: {"using":"xpath","value":"//button[@data-kt=\"addButton\"]"}
COMMAND: POST /session/7f1686e11a340d92304ee7762c65784d/elements - {"using":"xpath","value":"//button[@data-kt=\"addButton\"]"}
RESULT: {"using":"xpath","value":"//button[@data-kt=\"addButton\"]"}
COMMAND: POST /session/7f1686e11a340d92304ee7762c65784d/elements - {"using":"xpath","value":"//button[@data-kt=\"addButton\"]"}
RESULT: {"using":"xpath","value":"//button[@data-kt=\"addButton\"]"}
COMMAND: POST /session/7f1686e11a340d92304ee7762c65784d/elements - {"using":"xpath","value":"//button[@data-kt=\"addButton\"]"}
RESULT: {"using":"xpath","value":"//button[@data-kt=\"addButton\"]"}
COMMAND: POST /session/7f1686e11a340d92304ee7762c65784d/elements - {"using":"xpath","value":"//button[@data-kt=\"addButton\"]"}
RESULT: {"using":"xpath","value":"//button[@data-kt=\"addButton\"]"}
COMMAND: POST /session/7f1686e11a340d92304ee7762c65784d/elements - {"using":"xpath","value":"//button[@data-kt=\"addButton\"]"}
RESULT: {"using":"xpath","value":"//button[@data-kt=\"addButton\"]"}
COMMAND: POST /session/7f1686e11a340d92304ee7762c65784d/elements - {"using":"xpath","value":"//button[@data-kt=\"addButton\"]"}
RESULT: {"using":"xpath","value":"//button[@data-kt=\"addButton\"]"}
COMMAND: POST /session/7f1686e11a340d92304ee7762c65784d/elements - {"using":"xpath","value":"//button[@data-kt=\"addButton\"]"}
RESULT: {"using":"xpath","value":"//button[@data-kt=\"addButton\"]"}
COMMAND: POST /session/7f1686e11a340d92304ee7762c65784d/elements - {"using":"xpath","value":"//button[@data-kt=\"addButton\"]"}
RESULT: {"using":"xpath","value":"//button[@data-kt=\"addButton\"]"}
COMMAND: POST /session/7f1686e11a340d92304ee7762c65784d/elements - {"using":"xpath","value":"//button[@data-kt=\"addButton\"]"}
RESULT: {"using":"xpath","value":"//button[@data-kt=\"addButton\"]"}
COMMAND: POST /session/7f1686e11a340d92304ee7762c65784d/elements - {"using":"xpath","value":"//button[@data-kt=\"addButton\"]"}
RESULT: {"using":"xpath","value":"//button[@data-kt=\"addButton\"]"}
COMMAND: POST /session/7f1686e11a340d92304ee7762c65784d/elements - {"using":"xpath","value":"//button[@data-kt=\"addButton\"]"}
RESULT: {"using":"xpath","value":"//button[@data-kt=\"addButton\"]"}
COMMAND: POST /session/7f1686e11a340d92304ee7762c65784d/elements - {"using":"xpath","value":"//button[@data-kt=\"addButton\"]"}
RESULT: {"using":"xpath","value":"//button[@data-kt=\"addButton\"]"}
COMMAND: POST /session/7f1686e11a340d92304ee7762c65784d/elements - {"using":"xpath","value":"//button[@data-kt=\"addButton\"]"}
RESULT: {"using":"xpath","value":"//button[@data-kt=\"addButton\"]"}
COMMAND: POST /session/7f1686e11a340d92304ee7762c65784d/elements - {"using":"xpath","value":"//button[@data-kt=\"addButton\"]"}
RESULT: {"using":"xpath","value":"//button[@data-kt=\"addButton\"]"}
COMMAND: POST /session/7f1686e11a340d92304ee7762c65784d/element - {"using":"xpath","value":"//button[@data-kt=\"addButton\"]"}
RESULT: {"using":"xpath","value":"//button[@data-kt=\"addButton\"]"}
COMMAND: POST /session/7f1686e11a340d92304ee7762c65784d/execute/sync - {"script":"<script> [8489 bytes]","args":[{"element-6066-11e4-a52e-4f735466cecf":"f.45271FC9FC22FBF7EF0A590A71DD44AE.d.ACF486AB6D462CEB331164EDC7D84F0E.e.4605","ELEMENT":"f.45271FC9FC22FBF7EF0A590A71DD44AE.d.ACF486AB6D462CEB331164EDC7D84F0E.e.4605"}]}
RESULT: {"script":"<script> [8489 bytes]","args":[{"element-6066-11e4-a52e-4f735466cecf":"f.45271FC9FC22FBF7EF0A590A71DD44AE.d.ACF486AB6D462CEB331164EDC7D84F0E.e.4605","ELEMENT":"f.45271FC9FC22FBF7EF0A590A71DD44AE.d.ACF486AB6D462CEB331164EDC7D84F0E.e.4605"}]}
COMMAND: GET /session/7f1686e11a340d92304ee7762c65784d/element/f.45271FC9FC22FBF7EF0A590A71DD44AE.d.ACF486AB6D462CEB331164EDC7D84F0E.e.4605/enabled - {}
COMMAND: GET /session/7f1686e11a340d92304ee7762c65784d/screenshot - {}
RESULT: {}
COMMAND: POST /session/7f1686e11a340d92304ee7762c65784d/execute/sync - {"script":"<script> [8489 bytes]","args":[{"element-6066-11e4-a52e-4f735466cecf":"f.45271FC9FC22FBF7EF0A590A71DD44AE.d.ACF486AB6D462CEB331164EDC7D84F0E.e.4605","ELEMENT":"f.45271FC9FC22FBF7EF0A590A71DD44AE.d.ACF486AB6D462CEB331164EDC7D84F0E.e.4605"}]}
COMMAND: GET /session/7f1686e11a340d92304ee7762c65784d/screenshot - {}
RESULT: {}
RESULT: {"script":"<script> [8489 bytes]","args":[{"element-6066-11e4-a52e-4f735466cecf":"f.45271FC9FC22FBF7EF0A590A71DD44AE.d.ACF486AB6D462CEB331164EDC7D84F0E.e.4605","ELEMENT":"f.45271FC9FC22FBF7EF0A590A71DD44AE.d.ACF486AB6D462CEB331164EDC7D84F0E.e.4605"}]}
COMMAND: POST /session/7f1686e11a340d92304ee7762c65784d/execute/sync - {"script":"<script> [5351 bytes]","args":[{"element-6066-11e4-a52e-4f735466cecf":"f.45271FC9FC22FBF7EF0A590A71DD44AE.d.ACF486AB6D462CEB331164EDC7D84F0E.e.4605","ELEMENT":"f.45271FC9FC22FBF7EF0A590A71DD44AE.d.ACF486AB6D462CEB331164EDC7D84F0E.e.4605"}]}
COMMAND: GET /session/7f1686e11a340d92304ee7762c65784d/screenshot - {}
RESULT: {}
RESULT: {"script":"<script> [5351 bytes]","args":[{"element-6066-11e4-a52e-4f735466cecf":"f.45271FC9FC22FBF7EF0A590A71DD44AE.d.ACF486AB6D462CEB331164EDC7D84F0E.e.4605","ELEMENT":"f.45271FC9FC22FBF7EF0A590A71DD44AE.d.ACF486AB6D462CEB331164EDC7D84F0E.e.4605"}]}
COMMAND: POST /session/7f1686e11a340d92304ee7762c65784d/element/f.45271FC9FC22FBF7EF0A590A71DD44AE.d.ACF486AB6D462CEB331164EDC7D84F0E.e.4605/click - {}
COMMAND: GET /session/7f1686e11a340d92304ee7762c65784d/screenshot - {}
RESULT: {}
RESULT: {}
COMMAND: GET /session/7f1686e11a340d92304ee7762c65784d/screenshot - {}
COMMAND: POST /session/7f1686e11a340d92304ee7762c65784d/execute/async - {"script":"<script> [1562 bytes]","args":[{"selector":{"id":"application-managepartners-display-component---NewPartner--addressDetailDetailsName1","interaction":{"idSuffix":"inner"}},"wdio_ui5_key":"applicationmanagepartners-display-component---NewPartner--addressDetailDetailsName1"}]}
RESULT: {}
RESULT: {}
RESULT: {"script":"<script> [1562 bytes]","args":[{"selector":{"id":"application-managepartners-display-component---NewPartner--addressDetailDetailsName1","interaction":{"idSuffix":"inner"}},"wdio_ui5_key":"applicationmanagepartners-display-component---NewPartner--addressDetailDetailsName1"}]}
RESULT: undefined
COMMAND: POST /session/7f1686e11a340d92304ee7762c65784d/execute/async - {"script":"<script> [776 bytes]","args":[{"enterText":"Intracompany Partner WDIO","selector":{"id":"application-managepartners-display-component---NewPartner--addressDetailDetailsName1","interaction":{"idSuffix":"inner"}},"clearTextFirst":true,"interactionType":"ENTER_TEXT"}]}
RESULT: {"script":"<script> [776 bytes]","args":[{"enterText":"Intracompany Partner WDIO","selector":{"id":"application-managepartners-display-component---NewPartner--addressDetailDetailsName1","interaction":{"idSuffix":"inner"}},"clearTextFirst":true,"interactionType":"ENTER_TEXT"}]}
COMMAND: POST /session/7f1686e11a340d92304ee7762c65784d/execute/async - {"script":"<script> [1562 bytes]","args":[{"selector":{"id":"application-managepartners-display-component---NewPartner--addressDetailDetailsLanguage-arrow"},"wdio_ui5_key":"applicationmanagepartners-display-component---NewPartner--addressDetailDetailsLanguage-arrow"}]}
RESULT: {"script":"<script> [1562 bytes]","args":[{"selector":{"id":"application-managepartners-display-component---NewPartner--addressDetailDetailsLanguage-arrow"},"wdio_ui5_key":"applicationmanagepartners-display-component---NewPartner--addressDetailDetailsLanguage-arrow"}]}
RESULT: undefined
COMMAND: POST /session/7f1686e11a340d92304ee7762c65784d/element - {"using":"xpath","value":"//*[@id=\"application-managepartners-display-component---NewPartner--addressDetailDetailsLanguage-arrow\"]"}
RESULT: {"using":"xpath","value":"//*[@id=\"application-managepartners-display-component---NewPartner--addressDetailDetailsLanguage-arrow\"]"}
COMMAND: POST /session/7f1686e11a340d92304ee7762c65784d/element/f.45271FC9FC22FBF7EF0A590A71DD44AE.d.ACF486AB6D462CEB331164EDC7D84F0E.e.5051/click - {}
RESULT: {}
COMMAND: POST /session/7f1686e11a340d92304ee7762c65784d/element - {"using":"xpath","value":"//span[contains(text(), \"English\")]"}
COMMAND: GET /session/7f1686e11a340d92304ee7762c65784d/screenshot - {}
RESULT: {"using":"xpath","value":"//span[contains(text(), \"English\")]"}
COMMAND: POST /session/7f1686e11a340d92304ee7762c65784d/element/f.45271FC9FC22FBF7EF0A590A71DD44AE.d.ACF486AB6D462CEB331164EDC7D84F0E.e.5052/click - {}
RESULT: {}
RESULT: {}
COMMAND: GET /session/7f1686e11a340d92304ee7762c65784d/screenshot - {}
RESULT: {}
COMMAND: POST /session/7f1686e11a340d92304ee7762c65784d/execute/async - {"script":"<script> [1562 bytes]","args":[{"selector":{"id":"application-managepartners-display-component---NewPartner--addressDetailDetailsCity1","interaction":{"idSuffix":"inner"}},"wdio_ui5_key":"applicationmanagepartners-display-component---NewPartner--addressDetailDetailsCity1"}]}
RESULT: {"script":"<script> [1562 bytes]","args":[{"selector":{"id":"application-managepartners-display-component---NewPartner--addressDetailDetailsCity1","interaction":{"idSuffix":"inner"}},"wdio_ui5_key":"applicationmanagepartners-display-component---NewPartner--addressDetailDetailsCity1"}]}
RESULT: undefined
COMMAND: POST /session/7f1686e11a340d92304ee7762c65784d/execute/async - {"script":"<script> [776 bytes]","args":[{"enterText":"Rosario","selector":{"id":"application-managepartners-display-component---NewPartner--addressDetailDetailsCity1","interaction":{"idSuffix":"inner"}},"clearTextFirst":true,"interactionType":"ENTER_TEXT"}]}
RESULT: {"script":"<script> [776 bytes]","args":[{"enterText":"Rosario","selector":{"id":"application-managepartners-display-component---NewPartner--addressDetailDetailsCity1","interaction":{"idSuffix":"inner"}},"clearTextFirst":true,"interactionType":"ENTER_TEXT"}]}
COMMAND: POST /session/7f1686e11a340d92304ee7762c65784d/execute/async - {"script":"<script> [1562 bytes]","args":[{"selector":{"id":"application-managepartners-display-component---NewPartner--addressDetailDetailsCountry-arrow"},"wdio_ui5_key":"applicationmanagepartners-display-component---NewPartner--addressDetailDetailsCountry-arrow"}]}
RESULT: {"script":"<script> [1562 bytes]","args":[{"selector":{"id":"application-managepartners-display-component---NewPartner--addressDetailDetailsCountry-arrow"},"wdio_ui5_key":"applicationmanagepartners-display-component---NewPartner--addressDetailDetailsCountry-arrow"}]}
RESULT: undefined
COMMAND: POST /session/7f1686e11a340d92304ee7762c65784d/element - {"using":"xpath","value":"//*[@id=\"application-managepartners-display-component---NewPartner--addressDetailDetailsCountry-arrow\"]"}
RESULT: {"using":"xpath","value":"//*[@id=\"application-managepartners-display-component---NewPartner--addressDetailDetailsCountry-arrow\"]"}
COMMAND: POST /session/7f1686e11a340d92304ee7762c65784d/element/f.45271FC9FC22FBF7EF0A590A71DD44AE.d.ACF486AB6D462CEB331164EDC7D84F0E.e.5038/click - {}
RESULT: {}
COMMAND: POST /session/7f1686e11a340d92304ee7762c65784d/element - {"using":"xpath","value":"//span[contains(text(), \"Argentina\")]"}
COMMAND: GET /session/7f1686e11a340d92304ee7762c65784d/screenshot - {}
RESULT: {"using":"xpath","value":"//span[contains(text(), \"Argentina\")]"}
COMMAND: POST /session/7f1686e11a340d92304ee7762c65784d/element/f.45271FC9FC22FBF7EF0A590A71DD44AE.d.ACF486AB6D462CEB331164EDC7D84F0E.e.5054/click - {}
RESULT: {}
RESULT: {}
COMMAND: GET /session/7f1686e11a340d92304ee7762c65784d/screenshot - {}
RESULT: {}
COMMAND: POST /session/7f1686e11a340d92304ee7762c65784d/element - {"using":"xpath","value":"//bdi[contains(text(), \"Commercial\")]"}
RESULT: {"using":"xpath","value":"//bdi[contains(text(), \"Commercial\")]"}
COMMAND: POST /session/7f1686e11a340d92304ee7762c65784d/element/f.45271FC9FC22FBF7EF0A590A71DD44AE.d.ACF486AB6D462CEB331164EDC7D84F0E.e.5055/click - {}
RESULT: {}
COMMAND: GET /session/7f1686e11a340d92304ee7762c65784d/screenshot - {}
RESULT: {}
COMMAND: POST /session/7f1686e11a340d92304ee7762c65784d/execute/async - {"script":"<script> [1562 bytes]","args":[{"selector":{"id":"application-managepartners-display-component---NewPartner--partnerDetailInternal-arrow"},"wdio_ui5_key":"applicationmanagepartners-display-component---NewPartner--partnerDetailInternal-arrow"}]}
RESULT: {"script":"<script> [1562 bytes]","args":[{"selector":{"id":"application-managepartners-display-component---NewPartner--partnerDetailInternal-arrow"},"wdio_ui5_key":"applicationmanagepartners-display-component---NewPartner--partnerDetailInternal-arrow"}]}
RESULT: undefined
COMMAND: POST /session/7f1686e11a340d92304ee7762c65784d/element - {"using":"xpath","value":"//*[@id=\"application-managepartners-display-component---NewPartner--partnerDetailInternal-arrow\"]"}
RESULT: {"using":"xpath","value":"//*[@id=\"application-managepartners-display-component---NewPartner--partnerDetailInternal-arrow\"]"}
COMMAND: POST /session/7f1686e11a340d92304ee7762c65784d/element/f.45271FC9FC22FBF7EF0A590A71DD44AE.d.ACF486AB6D462CEB331164EDC7D84F0E.e.5063/click - {}
RESULT: {}
COMMAND: POST /session/7f1686e11a340d92304ee7762c65784d/element - {"using":"xpath","value":"//span[contains(text(), \"Affiliated company\")]"}
COMMAND: GET /session/7f1686e11a340d92304ee7762c65784d/screenshot - {}
RESULT: {"using":"xpath","value":"//span[contains(text(), \"Affiliated company\")]"}
COMMAND: POST /session/7f1686e11a340d92304ee7762c65784d/element/f.45271FC9FC22FBF7EF0A590A71DD44AE.d.ACF486AB6D462CEB331164EDC7D84F0E.e.5064/click - {}
RESULT: {}
RESULT: {}
COMMAND: POST /session/7f1686e11a340d92304ee7762c65784d/execute/async - {"script":"<script> [1562 bytes]","args":[{"selector":{"id":"application-managepartners-display-component---NewPartner--partnerDetailsCurrency-arrow"},"wdio_ui5_key":"applicationmanagepartners-display-component---NewPartner--partnerDetailsCurrency-arrow"}]}
COMMAND: GET /session/7f1686e11a340d92304ee7762c65784d/screenshot - {}
RESULT: {"script":"<script> [1562 bytes]","args":[{"selector":{"id":"application-managepartners-display-component---NewPartner--partnerDetailsCurrency-arrow"},"wdio_ui5_key":"applicationmanagepartners-display-component---NewPartner--partnerDetailsCurrency-arrow"}]}
RESULT: undefined
COMMAND: POST /session/7f1686e11a340d92304ee7762c65784d/element - {"using":"xpath","value":"//*[@id=\"application-managepartners-display-component---NewPartner--partnerDetailsCurrency-arrow\"]"}
RESULT: {}
RESULT: {"using":"xpath","value":"//*[@id=\"application-managepartners-display-component---NewPartner--partnerDetailsCurrency-arrow\"]"}
COMMAND: POST /session/7f1686e11a340d92304ee7762c65784d/element/f.45271FC9FC22FBF7EF0A590A71DD44AE.d.ACF486AB6D462CEB331164EDC7D84F0E.e.5071/click - {}
RESULT: {}
COMMAND: POST /session/7f1686e11a340d92304ee7762c65784d/element - {"using":"xpath","value":"//span[contains(text(), \"Euro\")]"}
COMMAND: GET /session/7f1686e11a340d92304ee7762c65784d/screenshot - {}
RESULT: {"using":"xpath","value":"//span[contains(text(), \"Euro\")]"}
COMMAND: POST /session/7f1686e11a340d92304ee7762c65784d/element/f.45271FC9FC22FBF7EF0A590A71DD44AE.d.ACF486AB6D462CEB331164EDC7D84F0E.e.5072/click - {}
RESULT: {}
RESULT: {}
COMMAND: POST /session/7f1686e11a340d92304ee7762c65784d/execute/async - {"script":"<script> [1562 bytes]","args":[{"selector":{"id":"application-managepartners-display-component---NewPartner--addressEditDetailsCostObjectCstType-arrow"},"wdio_ui5_key":"applicationmanagepartners-display-component---NewPartner--addressEditDetailsCostObjectCstType-arrow"}]}
COMMAND: GET /session/7f1686e11a340d92304ee7762c65784d/screenshot - {}
RESULT: {"script":"<script> [1562 bytes]","args":[{"selector":{"id":"application-managepartners-display-component---NewPartner--addressEditDetailsCostObjectCstType-arrow"},"wdio_ui5_key":"applicationmanagepartners-display-component---NewPartner--addressEditDetailsCostObjectCstType-arrow"}]}
RESULT: undefined
COMMAND: POST /session/7f1686e11a340d92304ee7762c65784d/element - {"using":"xpath","value":"//*[@id=\"application-managepartners-display-component---NewPartner--addressEditDetailsCostObjectCstType-arrow\"]"}
RESULT: {}
RESULT: {"using":"xpath","value":"//*[@id=\"application-managepartners-display-component---NewPartner--addressEditDetailsCostObjectCstType-arrow\"]"}
COMMAND: POST /session/7f1686e11a340d92304ee7762c65784d/element/f.45271FC9FC22FBF7EF0A590A71DD44AE.d.ACF486AB6D462CEB331164EDC7D84F0E.e.5073/click - {}
RESULT: {}
COMMAND: POST /session/7f1686e11a340d92304ee7762c65784d/element - {"using":"xpath","value":"//span[contains(text(), \"Cost Center\")]"}
COMMAND: GET /session/7f1686e11a340d92304ee7762c65784d/screenshot - {}
RESULT: {"using":"xpath","value":"//span[contains(text(), \"Cost Center\")]"}
COMMAND: POST /session/7f1686e11a340d92304ee7762c65784d/element/f.45271FC9FC22FBF7EF0A590A71DD44AE.d.ACF486AB6D462CEB331164EDC7D84F0E.e.5074/click - {}
RESULT: {}
RESULT: {}
COMMAND: GET /session/7f1686e11a340d92304ee7762c65784d/screenshot - {}
RESULT: {}
COMMAND: POST /session/7f1686e11a340d92304ee7762c65784d/element - {"using":"xpath","value":"//span[@id=\"application-managepartners-display-component---NewPartner--addressNewCostObjectCstID-vhi\"]"}
RESULT: {"using":"xpath","value":"//span[@id=\"application-managepartners-display-component---NewPartner--addressNewCostObjectCstID-vhi\"]"}
COMMAND: POST /session/7f1686e11a340d92304ee7762c65784d/execute/sync - {"script":"<script> [8489 bytes]","args":[{"element-6066-11e4-a52e-4f735466cecf":"f.45271FC9FC22FBF7EF0A590A71DD44AE.d.ACF486AB6D462CEB331164EDC7D84F0E.e.5077","ELEMENT":"f.45271FC9FC22FBF7EF0A590A71DD44AE.d.ACF486AB6D462CEB331164EDC7D84F0E.e.5077"}]}
RESULT: {"script":"<script> [8489 bytes]","args":[{"element-6066-11e4-a52e-4f735466cecf":"f.45271FC9FC22FBF7EF0A590A71DD44AE.d.ACF486AB6D462CEB331164EDC7D84F0E.e.5077","ELEMENT":"f.45271FC9FC22FBF7EF0A590A71DD44AE.d.ACF486AB6D462CEB331164EDC7D84F0E.e.5077"}]}
COMMAND: POST /session/7f1686e11a340d92304ee7762c65784d/execute/async - {"script":"<script> [1562 bytes]","args":[{"selector":{"id":"application-managepartners-display-component---NewPartner--addressNewCostObjectCstID-vhi"},"wdio_ui5_key":"applicationmanagepartners-display-component---NewPartner--addressNewCostObjectCstID-vhi"}]}
COMMAND: GET /session/7f1686e11a340d92304ee7762c65784d/screenshot - {}
RESULT: {"script":"<script> [1562 bytes]","args":[{"selector":{"id":"application-managepartners-display-component---NewPartner--addressNewCostObjectCstID-vhi"},"wdio_ui5_key":"applicationmanagepartners-display-component---NewPartner--addressNewCostObjectCstID-vhi"}]}
RESULT: undefined
COMMAND: POST /session/7f1686e11a340d92304ee7762c65784d/element - {"using":"xpath","value":"//*[@id=\"application-managepartners-display-component---NewPartner--addressNewCostObjectCstID-vhi\"]"}
RESULT: {}
RESULT: {"using":"xpath","value":"//*[@id=\"application-managepartners-display-component---NewPartner--addressNewCostObjectCstID-vhi\"]"}
COMMAND: POST /session/7f1686e11a340d92304ee7762c65784d/element/f.45271FC9FC22FBF7EF0A590A71DD44AE.d.ACF486AB6D462CEB331164EDC7D84F0E.e.5077/click - {}
RESULT: {}
COMMAND: GET /session/7f1686e11a340d92304ee7762c65784d/screenshot - {}
RESULT: {}
COMMAND: POST /session/7f1686e11a340d92304ee7762c65784d/execute/async - {"script":"<script> [1562 bytes]","args":[{"selector":{"controlType":"sap.m.SearchField","properties":{"placeholder":"Search"},"searchOpenDialogs":true,"interaction":{"idSuffix":"I"}},"wdio_ui5_key":"sapm.SearchField{\"placeholder\":\"Search\"}"}]}
RESULT: {"script":"<script> [1562 bytes]","args":[{"selector":{"controlType":"sap.m.SearchField","properties":{"placeholder":"Search"},"searchOpenDialogs":true,"interaction":{"idSuffix":"I"}},"wdio_ui5_key":"sapm.SearchField{\"placeholder\":\"Search\"}"}]}
RESULT: undefined
COMMAND: POST /session/7f1686e11a340d92304ee7762c65784d/execute/async - {"script":"<script> [776 bytes]","args":[{"enterText":"10001013","selector":{"controlType":"sap.m.SearchField","properties":{"placeholder":"Search"},"searchOpenDialogs":true,"interaction":{"idSuffix":"I"}},"clearTextFirst":true,"interactionType":"ENTER_TEXT"}]}
RESULT: {"script":"<script> [776 bytes]","args":[{"enterText":"10001013","selector":{"controlType":"sap.m.SearchField","properties":{"placeholder":"Search"},"searchOpenDialogs":true,"interaction":{"idSuffix":"I"}},"clearTextFirst":true,"interactionType":"ENTER_TEXT"}]}
COMMAND: POST /session/7f1686e11a340d92304ee7762c65784d/actions - {"actions":[{"id":"action12","type":"key","parameters":{},"actions":[{"type":"keyDown","value":""},{"type":"pause","duration":10},{"type":"keyUp","value":""}]}]}
RESULT: {"actions":[{"id":"action12","type":"key","parameters":{},"actions":[{"type":"keyDown","value":""},{"type":"pause","duration":10},{"type":"keyUp","value":""}]}]}
COMMAND: GET /session/7f1686e11a340d92304ee7762c65784d/screenshot - {}
RESULT: {}
COMMAND: POST /session/7f1686e11a340d92304ee7762c65784d/element - {"using":"xpath","value":"//span[contains(text(), \"General Management\")]"}
RESULT: {"using":"xpath","value":"//span[contains(text(), \"General Management\")]"}
COMMAND: POST /session/7f1686e11a340d92304ee7762c65784d/element/f.45271FC9FC22FBF7EF0A590A71DD44AE.d.ACF486AB6D462CEB331164EDC7D84F0E.e.5120/click - {}
RESULT: {}
COMMAND: GET /session/7f1686e11a340d92304ee7762c65784d/screenshot - {}
RESULT: {}
COMMAND: POST /session/7f1686e11a340d92304ee7762c65784d/element - {"using":"xpath","value":"//bdi[contains(text(), \"OK\")]"}
RESULT: {"using":"xpath","value":"//bdi[contains(text(), \"OK\")]"}
COMMAND: POST /session/7f1686e11a340d92304ee7762c65784d/element/f.45271FC9FC22FBF7EF0A590A71DD44AE.d.ACF486AB6D462CEB331164EDC7D84F0E.e.5121/click - {}
RESULT: {}
COMMAND: GET /session/7f1686e11a340d92304ee7762c65784d/screenshot - {}
RESULT: {}
COMMAND: POST /session/7f1686e11a340d92304ee7762c65784d/element - {"using":"xpath","value":"//input[@id=\"application-managepartners-display-component---NewPartner--companyCodeComboBox-inner\"]"}
RESULT: {"using":"xpath","value":"//input[@id=\"application-managepartners-display-component---NewPartner--companyCodeComboBox-inner\"]"}
COMMAND: POST /session/7f1686e11a340d92304ee7762c65784d/element/f.45271FC9FC22FBF7EF0A590A71DD44AE.d.ACF486AB6D462CEB331164EDC7D84F0E.e.4917/clear - {}
RESULT: {}
COMMAND: POST /session/7f1686e11a340d92304ee7762c65784d/element/f.45271FC9FC22FBF7EF0A590A71DD44AE.d.ACF486AB6D462CEB331164EDC7D84F0E.e.4917/value - {"text":"1000"}
COMMAND: GET /session/7f1686e11a340d92304ee7762c65784d/screenshot - {}
RESULT: {"text":"1000"}
COMMAND: GET /session/7f1686e11a340d92304ee7762c65784d/screenshot - {}
RESULT: {}
RESULT: {}
COMMAND: POST /session/7f1686e11a340d92304ee7762c65784d/element - {"using":"xpath","value":"//span[contains(text(), \"1000\")]"}
RESULT: {"using":"xpath","value":"//span[contains(text(), \"1000\")]"}
COMMAND: POST /session/7f1686e11a340d92304ee7762c65784d/element/f.45271FC9FC22FBF7EF0A590A71DD44AE.d.ACF486AB6D462CEB331164EDC7D84F0E.e.5127/click - {}
RESULT: {}
COMMAND: GET /session/7f1686e11a340d92304ee7762c65784d/screenshot - {}
RESULT: {}
COMMAND: POST /session/7f1686e11a340d92304ee7762c65784d/execute/async - {"script":"<script> [1562 bytes]","args":[{"selector":{"id":"application-managepartners-display-component---NewPartner--btnAddTableRow-img"},"wdio_ui5_key":"applicationmanagepartners-display-component---NewPartner--btnAddTableRow-img"}]}
RESULT: {"script":"<script> [1562 bytes]","args":[{"selector":{"id":"application-managepartners-display-component---NewPartner--btnAddTableRow-img"},"wdio_ui5_key":"applicationmanagepartners-display-component---NewPartner--btnAddTableRow-img"}]}
RESULT: undefined
COMMAND: POST /session/7f1686e11a340d92304ee7762c65784d/element - {"using":"xpath","value":"//*[@id=\"application-managepartners-display-component---NewPartner--btnAddTableRow-img\"]"}
RESULT: {"using":"xpath","value":"//*[@id=\"application-managepartners-display-component---NewPartner--btnAddTableRow-img\"]"}
COMMAND: POST /session/7f1686e11a340d92304ee7762c65784d/element/f.45271FC9FC22FBF7EF0A590A71DD44AE.d.ACF486AB6D462CEB331164EDC7D84F0E.e.5128/click - {}
RESULT: {}
COMMAND: GET /session/7f1686e11a340d92304ee7762c65784d/screenshot - {}
RESULT: {}
COMMAND: POST /session/7f1686e11a340d92304ee7762c65784d/element - {"using":"xpath","value":"//input[@id=\"application-managepartners-display-component---NewPartner--assignmentYard-application-managepartners-display-component---NewPartner--assignmentsTable-0-inner\"]"}
RESULT: {"using":"xpath","value":"//input[@id=\"application-managepartners-display-component---NewPartner--assignmentYard-application-managepartners-display-component---NewPartner--assignmentsTable-0-inner\"]"}
COMMAND: POST /session/7f1686e11a340d92304ee7762c65784d/element/f.45271FC9FC22FBF7EF0A590A71DD44AE.d.ACF486AB6D462CEB331164EDC7D84F0E.e.5131/clear - {}
RESULT: {}
COMMAND: POST /session/7f1686e11a340d92304ee7762c65784d/element/f.45271FC9FC22FBF7EF0A590A71DD44AE.d.ACF486AB6D462CEB331164EDC7D84F0E.e.5131/value - {"text":"553"}
COMMAND: GET /session/7f1686e11a340d92304ee7762c65784d/screenshot - {}
RESULT: {"text":"553"}
COMMAND: GET /session/7f1686e11a340d92304ee7762c65784d/screenshot - {}
RESULT: {}
RESULT: {}
COMMAND: POST /session/7f1686e11a340d92304ee7762c65784d/element - {"using":"xpath","value":"//li[.//span[text()='553']]"}
RESULT: {"using":"xpath","value":"//li[.//span[text()='553']]"}
COMMAND: POST /session/7f1686e11a340d92304ee7762c65784d/element/f.45271FC9FC22FBF7EF0A590A71DD44AE.d.ACF486AB6D462CEB331164EDC7D84F0E.e.5140/click - {}
RESULT: {}
COMMAND: GET /session/7f1686e11a340d92304ee7762c65784d/screenshot - {}
RESULT: {}
COMMAND: POST /session/7f1686e11a340d92304ee7762c65784d/actions - {"actions":[{"id":"action13","type":"key","parameters":{},"actions":[{"type":"keyDown","value":""},{"type":"pause","duration":10},{"type":"keyUp","value":""}]}]}
RESULT: {"actions":[{"id":"action13","type":"key","parameters":{},"actions":[{"type":"keyDown","value":""},{"type":"pause","duration":10},{"type":"keyUp","value":""}]}]}
COMMAND: POST /session/7f1686e11a340d92304ee7762c65784d/execute/async - {"script":"<script> [1562 bytes]","args":[{"selector":{"id":"application-managepartners-display-component---NewPartner--externalCustomerComboBox-application-managepartners-display-component---NewPartner--assignmentsTable-0-vhi"},"wdio_ui5_key":"applicationmanagepartners-display-component---NewPartner--externalCustomerComboBox-application-managepartners-display-component---NewPartner--assignmentsTable-0-vhi"}]}
COMMAND: GET /session/7f1686e11a340d92304ee7762c65784d/screenshot - {}
RESULT: {"script":"<script> [1562 bytes]","args":[{"selector":{"id":"application-managepartners-display-component---NewPartner--externalCustomerComboBox-application-managepartners-display-component---NewPartner--assignmentsTable-0-vhi"},"wdio_ui5_key":"applicationmanagepartners-display-component---NewPartner--externalCustomerComboBox-application-managepartners-display-component---NewPartner--assignmentsTable-0-vhi"}]}
RESULT: undefined
COMMAND: POST /session/7f1686e11a340d92304ee7762c65784d/element - {"using":"xpath","value":"//*[@id=\"application-managepartners-display-component---NewPartner--externalCustomerComboBox-application-managepartners-display-component---NewPartner--assignmentsTable-0-vhi\"]"}
RESULT: {}
RESULT: {"using":"xpath","value":"//*[@id=\"application-managepartners-display-component---NewPartner--externalCustomerComboBox-application-managepartners-display-component---NewPartner--assignmentsTable-0-vhi\"]"}
COMMAND: POST /session/7f1686e11a340d92304ee7762c65784d/element/f.45271FC9FC22FBF7EF0A590A71DD44AE.d.ACF486AB6D462CEB331164EDC7D84F0E.e.5144/click - {}
RESULT: {}
RESULT: undefined
COMMAND: POST /session/7f1686e11a340d92304ee7762c65784d/execute/async - {"script":"<script> [776 bytes]","args":[{"enterText":"300003","selector":{"controlType":"sap.m.SearchField","properties":{"placeholder":"Search"},"searchOpenDialogs":true,"interaction":{"idSuffix":"I"}},"clearTextFirst":true,"interactionType":"ENTER_TEXT"}]}
COMMAND: GET /session/7f1686e11a340d92304ee7762c65784d/screenshot - {}
RESULT: {"script":"<script> [776 bytes]","args":[{"enterText":"300003","selector":{"controlType":"sap.m.SearchField","properties":{"placeholder":"Search"},"searchOpenDialogs":true,"interaction":{"idSuffix":"I"}},"clearTextFirst":true,"interactionType":"ENTER_TEXT"}]}
COMMAND: POST /session/7f1686e11a340d92304ee7762c65784d/actions - {"actions":[{"id":"action14","type":"key","parameters":{},"actions":[{"type":"keyDown","value":""},{"type":"pause","duration":10},{"type":"keyUp","value":""}]}]}
RESULT: {}
RESULT: {"actions":[{"id":"action14","type":"key","parameters":{},"actions":[{"type":"keyDown","value":""},{"type":"pause","duration":10},{"type":"keyUp","value":""}]}]}
COMMAND: GET /session/7f1686e11a340d92304ee7762c65784d/screenshot - {}
RESULT: {}
COMMAND: POST /session/7f1686e11a340d92304ee7762c65784d/element - {"using":"xpath","value":"//span[contains(text(), \"300003\")]"}
RESULT: {"using":"xpath","value":"//span[contains(text(), \"300003\")]"}
COMMAND: POST /session/7f1686e11a340d92304ee7762c65784d/element/f.45271FC9FC22FBF7EF0A590A71DD44AE.d.ACF486AB6D462CEB331164EDC7D84F0E.e.5162/click - {}
RESULT: {}
COMMAND: GET /session/7f1686e11a340d92304ee7762c65784d/screenshot - {}
RESULT: {}
COMMAND: POST /session/7f1686e11a340d92304ee7762c65784d/element - {"using":"xpath","value":"//bdi[contains(text(), \"OK\")]"}
RESULT: {"using":"xpath","value":"//bdi[contains(text(), \"OK\")]"}
COMMAND: POST /session/7f1686e11a340d92304ee7762c65784d/element/f.45271FC9FC22FBF7EF0A590A71DD44AE.d.ACF486AB6D462CEB331164EDC7D84F0E.e.5164/click - {}
RESULT: {}
COMMAND: GET /session/7f1686e11a340d92304ee7762c65784d/screenshot - {}
RESULT: {}
COMMAND: POST /session/7f1686e11a340d92304ee7762c65784d/execute/async - {"script":"<script> [1562 bytes]","args":[{"selector":{"id":"application-managepartners-display-component---NewPartner--intercompVendorComboBox-application-managepartners-display-component---NewPartner--assignmentsTable-0-vhi"},"wdio_ui5_key":"applicationmanagepartners-display-component---NewPartner--intercompVendorComboBox-application-managepartners-display-component---NewPartner--assignmentsTable-0-vhi"}]}
RESULT: {"script":"<script> [1562 bytes]","args":[{"selector":{"id":"application-managepartners-display-component---NewPartner--intercompVendorComboBox-application-managepartners-display-component---NewPartner--assignmentsTable-0-vhi"},"wdio_ui5_key":"applicationmanagepartners-display-component---NewPartner--intercompVendorComboBox-application-managepartners-display-component---NewPartner--assignmentsTable-0-vhi"}]}
RESULT: undefined
COMMAND: POST /session/7f1686e11a340d92304ee7762c65784d/element - {"using":"xpath","value":"//*[@id=\"application-managepartners-display-component---NewPartner--intercompVendorComboBox-application-managepartners-display-component---NewPartner--assignmentsTable-0-vhi\"]"}
RESULT: {"using":"xpath","value":"//*[@id=\"application-managepartners-display-component---NewPartner--intercompVendorComboBox-application-managepartners-display-component---NewPartner--assignmentsTable-0-vhi\"]"}
COMMAND: POST /session/7f1686e11a340d92304ee7762c65784d/element/f.45271FC9FC22FBF7EF0A590A71DD44AE.d.ACF486AB6D462CEB331164EDC7D84F0E.e.5167/click - {}
RESULT: {}
RESULT: undefined
COMMAND: POST /session/7f1686e11a340d92304ee7762c65784d/execute/async - {"script":"<script> [776 bytes]","args":[{"enterText":"100005","selector":{"controlType":"sap.m.SearchField","properties":{"placeholder":"Search"},"searchOpenDialogs":true,"interaction":{"idSuffix":"I"}},"clearTextFirst":true,"interactionType":"ENTER_TEXT"}]}
COMMAND: GET /session/7f1686e11a340d92304ee7762c65784d/screenshot - {}
RESULT: {"script":"<script> [776 bytes]","args":[{"enterText":"100005","selector":{"controlType":"sap.m.SearchField","properties":{"placeholder":"Search"},"searchOpenDialogs":true,"interaction":{"idSuffix":"I"}},"clearTextFirst":true,"interactionType":"ENTER_TEXT"}]}
COMMAND: POST /session/7f1686e11a340d92304ee7762c65784d/actions - {"actions":[{"id":"action15","type":"key","parameters":{},"actions":[{"type":"keyDown","value":""},{"type":"pause","duration":10},{"type":"keyUp","value":""}]}]}
RESULT: {}
RESULT: {"actions":[{"id":"action15","type":"key","parameters":{},"actions":[{"type":"keyDown","value":""},{"type":"pause","duration":10},{"type":"keyUp","value":""}]}]}
COMMAND: GET /session/7f1686e11a340d92304ee7762c65784d/screenshot - {}
RESULT: {}
COMMAND: POST /session/7f1686e11a340d92304ee7762c65784d/element - {"using":"xpath","value":"//span[contains(text(), \"Penguins - Field/12345 Berlin\")]"}
RESULT: {"using":"xpath","value":"//span[contains(text(), \"Penguins - Field/12345 Berlin\")]"}
COMMAND: POST /session/7f1686e11a340d92304ee7762c65784d/element/f.45271FC9FC22FBF7EF0A590A71DD44AE.d.ACF486AB6D462CEB331164EDC7D84F0E.e.5185/click - {}
RESULT: {}
COMMAND: GET /session/7f1686e11a340d92304ee7762c65784d/screenshot - {}
RESULT: {}
COMMAND: POST /session/7f1686e11a340d92304ee7762c65784d/element - {"using":"xpath","value":"//bdi[contains(text(), \"OK\")]"}
RESULT: {"using":"xpath","value":"//bdi[contains(text(), \"OK\")]"}
COMMAND: POST /session/7f1686e11a340d92304ee7762c65784d/element/f.45271FC9FC22FBF7EF0A590A71DD44AE.d.ACF486AB6D462CEB331164EDC7D84F0E.e.5186/click - {}
RESULT: {}
COMMAND: GET /session/7f1686e11a340d92304ee7762c65784d/screenshot - {}
RESULT: {}
COMMAND: POST /session/7f1686e11a340d92304ee7762c65784d/element - {"using":"xpath","value":"//button[@data-kt=\"saveButton\"]"}
RESULT: {"using":"xpath","value":"//button[@data-kt=\"saveButton\"]"}
COMMAND: POST /session/7f1686e11a340d92304ee7762c65784d/element/f.45271FC9FC22FBF7EF0A590A71DD44AE.d.ACF486AB6D462CEB331164EDC7D84F0E.e.4988/click - {}
RESULT: {}
COMMAND: GET /session/7f1686e11a340d92304ee7762c65784d/screenshot - {}
RESULT: {}
COMMAND: POST /session/7f1686e11a340d92304ee7762c65784d/element - {"using":"xpath","value":"//header[contains(@id, 'ObjectPageLayout-headerTitle')]/div[1]/div[2]/div[2]/span[1]"}
RESULT: {"using":"xpath","value":"//header[contains(@id, 'ObjectPageLayout-headerTitle')]/div[1]/div[2]/div[2]/span[1]"}
COMMAND: POST /session/7f1686e11a340d92304ee7762c65784d/elements - {"using":"xpath","value":"//header[contains(@id, 'ObjectPageLayout-headerTitle')]/div[1]/div[2]/div[2]/span[1]"}
RESULT: {"using":"xpath","value":"//header[contains(@id, 'ObjectPageLayout-headerTitle')]/div[1]/div[2]/div[2]/span[1]"}
COMMAND: POST /session/7f1686e11a340d92304ee7762c65784d/execute/sync - {"script":"<script> [56 bytes]","args":[{"element-6066-11e4-a52e-4f735466cecf":"f.45271FC9FC22FBF7EF0A590A71DD44AE.d.ACF486AB6D462CEB331164EDC7D84F0E.e.5353","ELEMENT":"f.45271FC9FC22FBF7EF0A590A71DD44AE.d.ACF486AB6D462CEB331164EDC7D84F0E.e.5353"}]}
RESULT: {"script":"<script> [56 bytes]","args":[{"element-6066-11e4-a52e-4f735466cecf":"f.45271FC9FC22FBF7EF0A590A71DD44AE.d.ACF486AB6D462CEB331164EDC7D84F0E.e.5353","ELEMENT":"f.45271FC9FC22FBF7EF0A590A71DD44AE.d.ACF486AB6D462CEB331164EDC7D84F0E.e.5353"}]}
COMMAND: POST /session/7f1686e11a340d92304ee7762c65784d/element - {"using":"css selector","value":"#shell-header-logo"}
COMMAND: GET /session/7f1686e11a340d92304ee7762c65784d/screenshot - {}
RESULT: {"using":"css selector","value":"#shell-header-logo"}
COMMAND: POST /session/7f1686e11a340d92304ee7762c65784d/element/f.45271FC9FC22FBF7EF0A590A71DD44AE.d.ACF486AB6D462CEB331164EDC7D84F0E.e.4569/click - {}
RESULT: {}
RESULT: {}
COMMAND: GET /session/7f1686e11a340d92304ee7762c65784d/screenshot - {}
RESULT: {}
COMMAND: POST /session/7f1686e11a340d92304ee7762c65784d/execute/sync - {"script":"<script> [299 bytes]","args":[["getModel","getResource"]]}
RESULT: {"script":"<script> [299 bytes]","args":[["getModel","getResource"]]}
RESULT: undefined
COMMAND: POST /session/7f1686e11a340d92304ee7762c65784d/element - {"using":"xpath","value":"//*[@id=\"__tile30\"]"}
COMMAND: GET /session/7f1686e11a340d92304ee7762c65784d/screenshot - {}
RESULT: {"using":"xpath","value":"//*[@id=\"__tile30\"]"}
COMMAND: POST /session/7f1686e11a340d92304ee7762c65784d/element/f.45271FC9FC22FBF7EF0A590A71DD44AE.d.ACF486AB6D462CEB331164EDC7D84F0E.e.4489/click - {}
RESULT: {}
RESULT: {}
COMMAND: POST /session/7f1686e11a340d92304ee7762c65784d/element - {"using":"xpath","value":"//button[@data-kt=\"addButton\"]"}
COMMAND: GET /session/7f1686e11a340d92304ee7762c65784d/screenshot - {}
RESULT: {"using":"xpath","value":"//button[@data-kt=\"addButton\"]"}
COMMAND: POST /session/7f1686e11a340d92304ee7762c65784d/elements - {"using":"xpath","value":"//button[@data-kt=\"addButton\"]"}
RESULT: {}
RESULT: {"using":"xpath","value":"//button[@data-kt=\"addButton\"]"}
COMMAND: POST /session/7f1686e11a340d92304ee7762c65784d/elements - {"using":"xpath","value":"//button[@data-kt=\"addButton\"]"}
RESULT: {"using":"xpath","value":"//button[@data-kt=\"addButton\"]"}
COMMAND: POST /session/7f1686e11a340d92304ee7762c65784d/elements - {"using":"xpath","value":"//button[@data-kt=\"addButton\"]"}
RESULT: {"using":"xpath","value":"//button[@data-kt=\"addButton\"]"}
COMMAND: POST /session/7f1686e11a340d92304ee7762c65784d/elements - {"using":"xpath","value":"//button[@data-kt=\"addButton\"]"}
RESULT: {"using":"xpath","value":"//button[@data-kt=\"addButton\"]"}
COMMAND: POST /session/7f1686e11a340d92304ee7762c65784d/element - {"using":"xpath","value":"//button[@data-kt=\"addButton\"]"}
RESULT: {"using":"xpath","value":"//button[@data-kt=\"addButton\"]"}
COMMAND: POST /session/7f1686e11a340d92304ee7762c65784d/execute/sync - {"script":"<script> [8489 bytes]","args":[{"element-6066-11e4-a52e-4f735466cecf":"f.45271FC9FC22FBF7EF0A590A71DD44AE.d.ACF486AB6D462CEB331164EDC7D84F0E.e.5401","ELEMENT":"f.45271FC9FC22FBF7EF0A590A71DD44AE.d.ACF486AB6D462CEB331164EDC7D84F0E.e.5401"}]}
RESULT: {"script":"<script> [8489 bytes]","args":[{"element-6066-11e4-a52e-4f735466cecf":"f.45271FC9FC22FBF7EF0A590A71DD44AE.d.ACF486AB6D462CEB331164EDC7D84F0E.e.5401","ELEMENT":"f.45271FC9FC22FBF7EF0A590A71DD44AE.d.ACF486AB6D462CEB331164EDC7D84F0E.e.5401"}]}
COMMAND: GET /session/7f1686e11a340d92304ee7762c65784d/element/f.45271FC9FC22FBF7EF0A590A71DD44AE.d.ACF486AB6D462CEB331164EDC7D84F0E.e.5401/enabled - {}
COMMAND: GET /session/7f1686e11a340d92304ee7762c65784d/screenshot - {}
RESULT: {}
COMMAND: POST /session/7f1686e11a340d92304ee7762c65784d/execute/sync - {"script":"<script> [8489 bytes]","args":[{"element-6066-11e4-a52e-4f735466cecf":"f.45271FC9FC22FBF7EF0A590A71DD44AE.d.ACF486AB6D462CEB331164EDC7D84F0E.e.5401","ELEMENT":"f.45271FC9FC22FBF7EF0A590A71DD44AE.d.ACF486AB6D462CEB331164EDC7D84F0E.e.5401"}]}
COMMAND: GET /session/7f1686e11a340d92304ee7762c65784d/screenshot - {}
RESULT: {}
RESULT: {}
RESULT: {"script":"<script> [8489 bytes]","args":[{"element-6066-11e4-a52e-4f735466cecf":"f.45271FC9FC22FBF7EF0A590A71DD44AE.d.ACF486AB6D462CEB331164EDC7D84F0E.e.5401","ELEMENT":"f.45271FC9FC22FBF7EF0A590A71DD44AE.d.ACF486AB6D462CEB331164EDC7D84F0E.e.5401"}]}
COMMAND: POST /session/7f1686e11a340d92304ee7762c65784d/execute/sync - {"script":"<script> [5351 bytes]","args":[{"element-6066-11e4-a52e-4f735466cecf":"f.45271FC9FC22FBF7EF0A590A71DD44AE.d.ACF486AB6D462CEB331164EDC7D84F0E.e.5401","ELEMENT":"f.45271FC9FC22FBF7EF0A590A71DD44AE.d.ACF486AB6D462CEB331164EDC7D84F0E.e.5401"}]}
COMMAND: GET /session/7f1686e11a340d92304ee7762c65784d/screenshot - {}
RESULT: {"script":"<script> [5351 bytes]","args":[{"element-6066-11e4-a52e-4f735466cecf":"f.45271FC9FC22FBF7EF0A590A71DD44AE.d.ACF486AB6D462CEB331164EDC7D84F0E.e.5401","ELEMENT":"f.45271FC9FC22FBF7EF0A590A71DD44AE.d.ACF486AB6D462CEB331164EDC7D84F0E.e.5401"}]}
COMMAND: GET /session/7f1686e11a340d92304ee7762c65784d/screenshot - {}
RESULT: {}
RESULT: {}
COMMAND: POST /session/7f1686e11a340d92304ee7762c65784d/execute/async - {"script":"<script> [1562 bytes]","args":[{"selector":{"id":"application-managepartners-display-component---masterPtm--smartFilterBar-btnBasicSearch","interaction":{"idSuffix":"I"}},"wdio_ui5_key":"applicationmanagepartners-display-component---masterPtm--smartFilterBar-btnBasicSearch"}]}
RESULT: {"script":"<script> [1562 bytes]","args":[{"selector":{"id":"application-managepartners-display-component---masterPtm--smartFilterBar-btnBasicSearch","interaction":{"idSuffix":"I"}},"wdio_ui5_key":"applicationmanagepartners-display-component---masterPtm--smartFilterBar-btnBasicSearch"}]}
RESULT: undefined
COMMAND: POST /session/7f1686e11a340d92304ee7762c65784d/execute/async - {"script":"<script> [776 bytes]","args":[{"enterText":"1409","selector":{"id":"application-managepartners-display-component---masterPtm--smartFilterBar-btnBasicSearch","interaction":{"idSuffix":"I"}},"clearTextFirst":true,"interactionType":"ENTER_TEXT"}]}
RESULT: {"script":"<script> [776 bytes]","args":[{"enterText":"1409","selector":{"id":"application-managepartners-display-component---masterPtm--smartFilterBar-btnBasicSearch","interaction":{"idSuffix":"I"}},"clearTextFirst":true,"interactionType":"ENTER_TEXT"}]}
COMMAND: POST /session/7f1686e11a340d92304ee7762c65784d/actions - {"actions":[{"id":"action16","type":"key","parameters":{},"actions":[{"type":"keyDown","value":""},{"type":"pause","duration":10},{"type":"keyUp","value":""}]}]}
RESULT: {"actions":[{"id":"action16","type":"key","parameters":{},"actions":[{"type":"keyDown","value":""},{"type":"pause","duration":10},{"type":"keyUp","value":""}]}]}
COMMAND: GET /session/7f1686e11a340d92304ee7762c65784d/screenshot - {}
RESULT: {}
COMMAND: POST /session/7f1686e11a340d92304ee7762c65784d/elements - {"using":"xpath","value":"//table[contains(@id, \"customPartnersTable-listUl\")]/tbody/tr"}
RESULT: {"using":"xpath","value":"//table[contains(@id, \"customPartnersTable-listUl\")]/tbody/tr"}
COMMAND: POST /session/7f1686e11a340d92304ee7762c65784d/element - {"using":"xpath","value":"//table[contains(@id, \"customPartnersTable-listUl\")]/tbody/tr[1]/td[3]/span"}
RESULT: {"using":"xpath","value":"//table[contains(@id, \"customPartnersTable-listUl\")]/tbody/tr[1]/td[3]/span"}
COMMAND: POST /session/7f1686e11a340d92304ee7762c65784d/elements - {"using":"xpath","value":"//table[contains(@id, \"customPartnersTable-listUl\")]/tbody/tr[1]/td[3]/span"}
RESULT: {"using":"xpath","value":"//table[contains(@id, \"customPartnersTable-listUl\")]/tbody/tr[1]/td[3]/span"}
COMMAND: POST /session/7f1686e11a340d92304ee7762c65784d/execute/sync - {"script":"<script> [56 bytes]","args":[{"element-6066-11e4-a52e-4f735466cecf":"f.45271FC9FC22FBF7EF0A590A71DD44AE.d.ACF486AB6D462CEB331164EDC7D84F0E.e.5538","ELEMENT":"f.45271FC9FC22FBF7EF0A590A71DD44AE.d.ACF486AB6D462CEB331164EDC7D84F0E.e.5538"}]}
RESULT: {"script":"<script> [56 bytes]","args":[{"element-6066-11e4-a52e-4f735466cecf":"f.45271FC9FC22FBF7EF0A590A71DD44AE.d.ACF486AB6D462CEB331164EDC7D84F0E.e.5538","ELEMENT":"f.45271FC9FC22FBF7EF0A590A71DD44AE.d.ACF486AB6D462CEB331164EDC7D84F0E.e.5538"}]}
COMMAND: POST /session/7f1686e11a340d92304ee7762c65784d/element - {"using":"xpath","value":"(//span[contains(@id, \"imgNav\")])[1]"}
COMMAND: GET /session/7f1686e11a340d92304ee7762c65784d/screenshot - {}
RESULT: {"using":"xpath","value":"(//span[contains(@id, \"imgNav\")])[1]"}
COMMAND: POST /session/7f1686e11a340d92304ee7762c65784d/element/f.45271FC9FC22FBF7EF0A590A71DD44AE.d.ACF486AB6D462CEB331164EDC7D84F0E.e.5536/click - {}
RESULT: {}
RESULT: {}
COMMAND: GET /session/7f1686e11a340d92304ee7762c65784d/screenshot - {}
RESULT: {}
COMMAND: POST /session/7f1686e11a340d92304ee7762c65784d/element - {"using":"xpath","value":"//bdi[contains(text(), \"Edit\")]"}
RESULT: {"using":"xpath","value":"//bdi[contains(text(), \"Edit\")]"}
COMMAND: POST /session/7f1686e11a340d92304ee7762c65784d/element/f.45271FC9FC22FBF7EF0A590A71DD44AE.d.ACF486AB6D462CEB331164EDC7D84F0E.e.5683/click - {}
RESULT: {}
COMMAND: GET /session/7f1686e11a340d92304ee7762c65784d/screenshot - {}
RESULT: {}
COMMAND: POST /session/7f1686e11a340d92304ee7762c65784d/execute/async - {"script":"<script> [1562 bytes]","args":[{"selector":{"controlType":"sap.m.Input","viewName":"etm.portal.ui.managepartners.view.EditDetail","labelFor":{"text":"Name"},"interaction":{"idSuffix":"inner"}},"wdio_ui5_key":"etmportal.ui.managepartners.view.EditDetailsap.m.Input{\"text\":\"Name\"}"}]}
RESULT: {"script":"<script> [1562 bytes]","args":[{"selector":{"controlType":"sap.m.Input","viewName":"etm.portal.ui.managepartners.view.EditDetail","labelFor":{"text":"Name"},"interaction":{"idSuffix":"inner"}},"wdio_ui5_key":"etmportal.ui.managepartners.view.EditDetailsap.m.Input{\"text\":\"Name\"}"}]}
RESULT: undefined
COMMAND: POST /session/7f1686e11a340d92304ee7762c65784d/execute/async - {"script":"<script> [776 bytes]","args":[{"enterText":"Intracompany EDIT","selector":{"controlType":"sap.m.Input","viewName":"etm.portal.ui.managepartners.view.EditDetail","labelFor":{"text":"Name"},"interaction":{"idSuffix":"inner"}},"clearTextFirst":true,"interactionType":"ENTER_TEXT"}]}
RESULT: {"script":"<script> [776 bytes]","args":[{"enterText":"Intracompany EDIT","selector":{"controlType":"sap.m.Input","viewName":"etm.portal.ui.managepartners.view.EditDetail","labelFor":{"text":"Name"},"interaction":{"idSuffix":"inner"}},"clearTextFirst":true,"interactionType":"ENTER_TEXT"}]}
COMMAND: POST /session/7f1686e11a340d92304ee7762c65784d/element - {"using":"xpath","value":"(//span[contains(@id,\"addressDetailDetailsLanguage-arrow\")])[1]"}
RESULT: {"using":"xpath","value":"(//span[contains(@id,\"addressDetailDetailsLanguage-arrow\")])[1]"}
COMMAND: POST /session/7f1686e11a340d92304ee7762c65784d/element/f.45271FC9FC22FBF7EF0A590A71DD44AE.d.ACF486AB6D462CEB331164EDC7D84F0E.e.5766/click - {}
RESULT: {}
COMMAND: POST /session/7f1686e11a340d92304ee7762c65784d/element - {"using":"xpath","value":"//span[contains(text(), \"Chinese\")]"}
COMMAND: GET /session/7f1686e11a340d92304ee7762c65784d/screenshot - {}
RESULT: {"using":"xpath","value":"//span[contains(text(), \"Chinese\")]"}
COMMAND: POST /session/7f1686e11a340d92304ee7762c65784d/element/f.45271FC9FC22FBF7EF0A590A71DD44AE.d.ACF486AB6D462CEB331164EDC7D84F0E.e.5767/click - {}
RESULT: {}
RESULT: {}
COMMAND: GET /session/7f1686e11a340d92304ee7762c65784d/screenshot - {}
RESULT: {}
COMMAND: POST /session/7f1686e11a340d92304ee7762c65784d/execute/async - {"script":"<script> [1562 bytes]","args":[{"selector":{"controlType":"sap.m.Input","viewName":"etm.portal.ui.managepartners.view.EditDetail","labelFor":{"text":"City"},"interaction":{"idSuffix":"inner"}},"wdio_ui5_key":"etmportal.ui.managepartners.view.EditDetailsap.m.Input{\"text\":\"City\"}"}]}
RESULT: {"script":"<script> [1562 bytes]","args":[{"selector":{"controlType":"sap.m.Input","viewName":"etm.portal.ui.managepartners.view.EditDetail","labelFor":{"text":"City"},"interaction":{"idSuffix":"inner"}},"wdio_ui5_key":"etmportal.ui.managepartners.view.EditDetailsap.m.Input{\"text\":\"City\"}"}]}
RESULT: undefined
COMMAND: POST /session/7f1686e11a340d92304ee7762c65784d/execute/async - {"script":"<script> [776 bytes]","args":[{"enterText":"Clooj-Napoca","selector":{"controlType":"sap.m.Input","viewName":"etm.portal.ui.managepartners.view.EditDetail","labelFor":{"text":"City"},"interaction":{"idSuffix":"inner"}},"clearTextFirst":true,"interactionType":"ENTER_TEXT"}]}
RESULT: {"script":"<script> [776 bytes]","args":[{"enterText":"Clooj-Napoca","selector":{"controlType":"sap.m.Input","viewName":"etm.portal.ui.managepartners.view.EditDetail","labelFor":{"text":"City"},"interaction":{"idSuffix":"inner"}},"clearTextFirst":true,"interactionType":"ENTER_TEXT"}]}
COMMAND: POST /session/7f1686e11a340d92304ee7762c65784d/element - {"using":"xpath","value":"//button[@data-kt=\"saveButton\"]"}
RESULT: {"using":"xpath","value":"//button[@data-kt=\"saveButton\"]"}
COMMAND: POST /session/7f1686e11a340d92304ee7762c65784d/element/f.45271FC9FC22FBF7EF0A590A71DD44AE.d.ACF486AB6D462CEB331164EDC7D84F0E.e.5745/click - {}
RESULT: {}
COMMAND: GET /session/7f1686e11a340d92304ee7762c65784d/screenshot - {}
RESULT: {}
COMMAND: POST /session/7f1686e11a340d92304ee7762c65784d/execute/async - {"script":"<script> [1562 bytes]","args":[{"selector":{"id":"application-managepartners-display-component---detailPtm--addressDetailDetailsName1"},"wdio_ui5_key":"applicationmanagepartners-display-component---detailPtm--addressDetailDetailsName1"}]}
RESULT: {"script":"<script> [1562 bytes]","args":[{"selector":{"id":"application-managepartners-display-component---detailPtm--addressDetailDetailsName1"},"wdio_ui5_key":"applicationmanagepartners-display-component---detailPtm--addressDetailDetailsName1"}]}
RESULT: undefined
COMMAND: POST /session/7f1686e11a340d92304ee7762c65784d/execute/async - {"script":"<script> [6424 bytes]","args":[{"element-6066-11e4-a52e-4f735466cecf":"f.45271FC9FC22FBF7EF0A590A71DD44AE.d.ACF486AB6D462CEB331164EDC7D84F0E.e.5798"},"getValue",[]]}
RESULT: {"script":"<script> [6424 bytes]","args":[{"element-6066-11e4-a52e-4f735466cecf":"f.45271FC9FC22FBF7EF0A590A71DD44AE.d.ACF486AB6D462CEB331164EDC7D84F0E.e.5798"},"getValue",[]]}
COMMAND: POST /session/7f1686e11a340d92304ee7762c65784d/element - {"using":"xpath","value":"//input[@id = \"application-managepartners-display-component---detailPtm--addressDetailDetailsLanguage-inner\"]"}
RESULT: {"using":"xpath","value":"//input[@id = \"application-managepartners-display-component---detailPtm--addressDetailDetailsLanguage-inner\"]"}
COMMAND: GET /session/7f1686e11a340d92304ee7762c65784d/element/f.45271FC9FC22FBF7EF0A590A71DD44AE.d.ACF486AB6D462CEB331164EDC7D84F0E.e.5799/property/value - {}
RESULT: {}
COMMAND: POST /session/7f1686e11a340d92304ee7762c65784d/execute/async - {"script":"<script> [1562 bytes]","args":[{"selector":{"id":"application-managepartners-display-component---detailPtm--addressDetailDetailsCity1"},"wdio_ui5_key":"applicationmanagepartners-display-component---detailPtm--addressDetailDetailsCity1"}]}
COMMAND: GET /session/7f1686e11a340d92304ee7762c65784d/screenshot - {}
RESULT: {"script":"<script> [1562 bytes]","args":[{"selector":{"id":"application-managepartners-display-component---detailPtm--addressDetailDetailsCity1"},"wdio_ui5_key":"applicationmanagepartners-display-component---detailPtm--addressDetailDetailsCity1"}]}
RESULT: undefined
COMMAND: POST /session/7f1686e11a340d92304ee7762c65784d/execute/async - {"script":"<script> [6424 bytes]","args":[{"element-6066-11e4-a52e-4f735466cecf":"f.45271FC9FC22FBF7EF0A590A71DD44AE.d.ACF486AB6D462CEB331164EDC7D84F0E.e.5800"},"getValue",[]]}
RESULT: {}
RESULT: {"script":"<script> [6424 bytes]","args":[{"element-6066-11e4-a52e-4f735466cecf":"f.45271FC9FC22FBF7EF0A590A71DD44AE.d.ACF486AB6D462CEB331164EDC7D84F0E.e.5800"},"getValue",[]]}
COMMAND: POST /session/7f1686e11a340d92304ee7762c65784d/element - {"using":"css selector","value":"#shell-header-logo"}
RESULT: {"using":"css selector","value":"#shell-header-logo"}
COMMAND: POST /session/7f1686e11a340d92304ee7762c65784d/element/f.45271FC9FC22FBF7EF0A590A71DD44AE.d.ACF486AB6D462CEB331164EDC7D84F0E.e.5356/click - {}
RESULT: {}
COMMAND: GET /session/7f1686e11a340d92304ee7762c65784d/screenshot - {}
RESULT: {}
]]></system-out>
    </testcase>
    <testcase classname="chrome.135_0_7049_42.windows.Partner_specific_tests_US150819_US151080_US151654_US151176_US103444_US151078_US151079_US151109_US151174_US151175_US151189" name="Should do filtering and navigation tests US151109" time="156.48">
      <system-out><![CDATA[
COMMAND: POST /session/7f1686e11a340d92304ee7762c65784d/element - {"using":"xpath","value":"//li[.//span[text()=\"Manage Partners\"]]"}
RESULT: {"using":"xpath","value":"//li[.//span[text()=\"Manage Partners\"]]"}
COMMAND: POST /session/7f1686e11a340d92304ee7762c65784d/element - {"using":"xpath","value":"//li[.//span[text()=\"Manage Partners\"]]"}
RESULT: {"using":"xpath","value":"//li[.//span[text()=\"Manage Partners\"]]"}
COMMAND: POST /session/7f1686e11a340d92304ee7762c65784d/element - {"using":"css selector","value":"#shell-header-logo"}
RESULT: {"using":"css selector","value":"#shell-header-logo"}
COMMAND: POST /session/7f1686e11a340d92304ee7762c65784d/element/f.45271FC9FC22FBF7EF0A590A71DD44AE.d.ACF486AB6D462CEB331164EDC7D84F0E.e.5830/click - {}
COMMAND: POST /session/7f1686e11a340d92304ee7762c65784d/execute/sync - {"script":"<script> [8489 bytes]","args":[{"element-6066-11e4-a52e-4f735466cecf":"f.45271FC9FC22FBF7EF0A590A71DD44AE.d.ACF486AB6D462CEB331164EDC7D84F0E.e.5830","ELEMENT":"f.45271FC9FC22FBF7EF0A590A71DD44AE.d.ACF486AB6D462CEB331164EDC7D84F0E.e.5830"}]}
RESULT: {"script":"<script> [8489 bytes]","args":[{"element-6066-11e4-a52e-4f735466cecf":"f.45271FC9FC22FBF7EF0A590A71DD44AE.d.ACF486AB6D462CEB331164EDC7D84F0E.e.5830","ELEMENT":"f.45271FC9FC22FBF7EF0A590A71DD44AE.d.ACF486AB6D462CEB331164EDC7D84F0E.e.5830"}]}
COMMAND: POST /session/7f1686e11a340d92304ee7762c65784d/execute/sync - {"script":"<script> [5351 bytes]","args":[{"element-6066-11e4-a52e-4f735466cecf":"f.45271FC9FC22FBF7EF0A590A71DD44AE.d.ACF486AB6D462CEB331164EDC7D84F0E.e.5830","ELEMENT":"f.45271FC9FC22FBF7EF0A590A71DD44AE.d.ACF486AB6D462CEB331164EDC7D84F0E.e.5830"}]}
COMMAND: GET /session/7f1686e11a340d92304ee7762c65784d/screenshot - {}
RESULT: {}
COMMAND: GET /session/7f1686e11a340d92304ee7762c65784d/screenshot - {}
RESULT: {"script":"<script> [5351 bytes]","args":[{"element-6066-11e4-a52e-4f735466cecf":"f.45271FC9FC22FBF7EF0A590A71DD44AE.d.ACF486AB6D462CEB331164EDC7D84F0E.e.5830","ELEMENT":"f.45271FC9FC22FBF7EF0A590A71DD44AE.d.ACF486AB6D462CEB331164EDC7D84F0E.e.5830"}]}
COMMAND: GET /session/7f1686e11a340d92304ee7762c65784d/screenshot - {}
RESULT: {}
RESULT: {}
RESULT: {}
RESULT: undefined
COMMAND: POST /session/7f1686e11a340d92304ee7762c65784d/element - {"using":"xpath","value":"//*[@id=\"__tile30\"]"}
RESULT: {"using":"xpath","value":"//*[@id=\"__tile30\"]"}
COMMAND: POST /session/7f1686e11a340d92304ee7762c65784d/element/f.45271FC9FC22FBF7EF0A590A71DD44AE.d.ACF486AB6D462CEB331164EDC7D84F0E.e.4489/click - {}
RESULT: {}
COMMAND: POST /session/7f1686e11a340d92304ee7762c65784d/element - {"using":"xpath","value":"//button[@data-kt=\"addButton\"]"}
COMMAND: GET /session/7f1686e11a340d92304ee7762c65784d/screenshot - {}
RESULT: {"using":"xpath","value":"//button[@data-kt=\"addButton\"]"}
COMMAND: POST /session/7f1686e11a340d92304ee7762c65784d/elements - {"using":"xpath","value":"//button[@data-kt=\"addButton\"]"}
RESULT: {}
RESULT: {"using":"xpath","value":"//button[@data-kt=\"addButton\"]"}
COMMAND: POST /session/7f1686e11a340d92304ee7762c65784d/elements - {"using":"xpath","value":"//button[@data-kt=\"addButton\"]"}
RESULT: {"using":"xpath","value":"//button[@data-kt=\"addButton\"]"}
COMMAND: POST /session/7f1686e11a340d92304ee7762c65784d/elements - {"using":"xpath","value":"//button[@data-kt=\"addButton\"]"}
RESULT: {"using":"xpath","value":"//button[@data-kt=\"addButton\"]"}
COMMAND: POST /session/7f1686e11a340d92304ee7762c65784d/elements - {"using":"xpath","value":"//button[@data-kt=\"addButton\"]"}
RESULT: {"using":"xpath","value":"//button[@data-kt=\"addButton\"]"}
COMMAND: POST /session/7f1686e11a340d92304ee7762c65784d/elements - {"using":"xpath","value":"//button[@data-kt=\"addButton\"]"}
RESULT: {"using":"xpath","value":"//button[@data-kt=\"addButton\"]"}
COMMAND: POST /session/7f1686e11a340d92304ee7762c65784d/element - {"using":"xpath","value":"//button[@data-kt=\"addButton\"]"}
RESULT: {"using":"xpath","value":"//button[@data-kt=\"addButton\"]"}
COMMAND: POST /session/7f1686e11a340d92304ee7762c65784d/execute/sync - {"script":"<script> [8489 bytes]","args":[{"element-6066-11e4-a52e-4f735466cecf":"f.45271FC9FC22FBF7EF0A590A71DD44AE.d.ACF486AB6D462CEB331164EDC7D84F0E.e.5865","ELEMENT":"f.45271FC9FC22FBF7EF0A590A71DD44AE.d.ACF486AB6D462CEB331164EDC7D84F0E.e.5865"}]}
RESULT: {"script":"<script> [8489 bytes]","args":[{"element-6066-11e4-a52e-4f735466cecf":"f.45271FC9FC22FBF7EF0A590A71DD44AE.d.ACF486AB6D462CEB331164EDC7D84F0E.e.5865","ELEMENT":"f.45271FC9FC22FBF7EF0A590A71DD44AE.d.ACF486AB6D462CEB331164EDC7D84F0E.e.5865"}]}
COMMAND: GET /session/7f1686e11a340d92304ee7762c65784d/element/f.45271FC9FC22FBF7EF0A590A71DD44AE.d.ACF486AB6D462CEB331164EDC7D84F0E.e.5865/enabled - {}
COMMAND: GET /session/7f1686e11a340d92304ee7762c65784d/screenshot - {}
RESULT: {}
COMMAND: POST /session/7f1686e11a340d92304ee7762c65784d/execute/sync - {"script":"<script> [8489 bytes]","args":[{"element-6066-11e4-a52e-4f735466cecf":"f.45271FC9FC22FBF7EF0A590A71DD44AE.d.ACF486AB6D462CEB331164EDC7D84F0E.e.5865","ELEMENT":"f.45271FC9FC22FBF7EF0A590A71DD44AE.d.ACF486AB6D462CEB331164EDC7D84F0E.e.5865"}]}
COMMAND: GET /session/7f1686e11a340d92304ee7762c65784d/screenshot - {}
RESULT: {}
RESULT: {"script":"<script> [8489 bytes]","args":[{"element-6066-11e4-a52e-4f735466cecf":"f.45271FC9FC22FBF7EF0A590A71DD44AE.d.ACF486AB6D462CEB331164EDC7D84F0E.e.5865","ELEMENT":"f.45271FC9FC22FBF7EF0A590A71DD44AE.d.ACF486AB6D462CEB331164EDC7D84F0E.e.5865"}]}
COMMAND: POST /session/7f1686e11a340d92304ee7762c65784d/execute/sync - {"script":"<script> [5351 bytes]","args":[{"element-6066-11e4-a52e-4f735466cecf":"f.45271FC9FC22FBF7EF0A590A71DD44AE.d.ACF486AB6D462CEB331164EDC7D84F0E.e.5865","ELEMENT":"f.45271FC9FC22FBF7EF0A590A71DD44AE.d.ACF486AB6D462CEB331164EDC7D84F0E.e.5865"}]}
COMMAND: GET /session/7f1686e11a340d92304ee7762c65784d/screenshot - {}
RESULT: {}
RESULT: {"script":"<script> [5351 bytes]","args":[{"element-6066-11e4-a52e-4f735466cecf":"f.45271FC9FC22FBF7EF0A590A71DD44AE.d.ACF486AB6D462CEB331164EDC7D84F0E.e.5865","ELEMENT":"f.45271FC9FC22FBF7EF0A590A71DD44AE.d.ACF486AB6D462CEB331164EDC7D84F0E.e.5865"}]}
COMMAND: GET /session/7f1686e11a340d92304ee7762c65784d/screenshot - {}
RESULT: {}
RESULT: {}
COMMAND: POST /session/7f1686e11a340d92304ee7762c65784d/element - {"using":"xpath","value":"//span[@id=\"application-managepartners-display-component---masterPtm--smartTable-header-inner\"]"}
RESULT: {"using":"xpath","value":"//span[@id=\"application-managepartners-display-component---masterPtm--smartTable-header-inner\"]"}
COMMAND: POST /session/7f1686e11a340d92304ee7762c65784d/elements - {"using":"xpath","value":"//span[@id=\"application-managepartners-display-component---masterPtm--smartTable-header-inner\"]"}
RESULT: {"using":"xpath","value":"//span[@id=\"application-managepartners-display-component---masterPtm--smartTable-header-inner\"]"}
COMMAND: POST /session/7f1686e11a340d92304ee7762c65784d/execute/sync - {"script":"<script> [56 bytes]","args":[{"element-6066-11e4-a52e-4f735466cecf":"f.45271FC9FC22FBF7EF0A590A71DD44AE.d.ACF486AB6D462CEB331164EDC7D84F0E.e.5999","ELEMENT":"f.45271FC9FC22FBF7EF0A590A71DD44AE.d.ACF486AB6D462CEB331164EDC7D84F0E.e.5999"}]}
RESULT: {"script":"<script> [56 bytes]","args":[{"element-6066-11e4-a52e-4f735466cecf":"f.45271FC9FC22FBF7EF0A590A71DD44AE.d.ACF486AB6D462CEB331164EDC7D84F0E.e.5999","ELEMENT":"f.45271FC9FC22FBF7EF0A590A71DD44AE.d.ACF486AB6D462CEB331164EDC7D84F0E.e.5999"}]}
RESULT: undefined
COMMAND: POST /session/7f1686e11a340d92304ee7762c65784d/execute/async - {"script":"<script> [776 bytes]","args":[{"enterText":"External Partner WDIO","selector":{"id":"application-managepartners-display-component---masterPtm--smartFilterBar-btnBasicSearch","interaction":{"idSuffix":"I"}},"clearTextFirst":true,"interactionType":"ENTER_TEXT"}]}
COMMAND: GET /session/7f1686e11a340d92304ee7762c65784d/screenshot - {}
RESULT: {"script":"<script> [776 bytes]","args":[{"enterText":"External Partner WDIO","selector":{"id":"application-managepartners-display-component---masterPtm--smartFilterBar-btnBasicSearch","interaction":{"idSuffix":"I"}},"clearTextFirst":true,"interactionType":"ENTER_TEXT"}]}
RESULT: {}
COMMAND: POST /session/7f1686e11a340d92304ee7762c65784d/actions - {"actions":[{"id":"action17","type":"key","parameters":{},"actions":[{"type":"keyDown","value":""},{"type":"pause","duration":10},{"type":"keyUp","value":""}]}]}
RESULT: {"actions":[{"id":"action17","type":"key","parameters":{},"actions":[{"type":"keyDown","value":""},{"type":"pause","duration":10},{"type":"keyUp","value":""}]}]}
COMMAND: GET /session/7f1686e11a340d92304ee7762c65784d/screenshot - {}
RESULT: {}
COMMAND: POST /session/7f1686e11a340d92304ee7762c65784d/element - {"using":"xpath","value":"//span[@id=\"application-managepartners-display-component---masterPtm--smartTable-header-inner\"]"}
RESULT: {"using":"xpath","value":"//span[@id=\"application-managepartners-display-component---masterPtm--smartTable-header-inner\"]"}
COMMAND: POST /session/7f1686e11a340d92304ee7762c65784d/elements - {"using":"xpath","value":"//span[@id=\"application-managepartners-display-component---masterPtm--smartTable-header-inner\"]"}
RESULT: {"using":"xpath","value":"//span[@id=\"application-managepartners-display-component---masterPtm--smartTable-header-inner\"]"}
COMMAND: POST /session/7f1686e11a340d92304ee7762c65784d/execute/sync - {"script":"<script> [56 bytes]","args":[{"element-6066-11e4-a52e-4f735466cecf":"f.45271FC9FC22FBF7EF0A590A71DD44AE.d.ACF486AB6D462CEB331164EDC7D84F0E.e.5999","ELEMENT":"f.45271FC9FC22FBF7EF0A590A71DD44AE.d.ACF486AB6D462CEB331164EDC7D84F0E.e.5999"}]}
RESULT: {"script":"<script> [56 bytes]","args":[{"element-6066-11e4-a52e-4f735466cecf":"f.45271FC9FC22FBF7EF0A590A71DD44AE.d.ACF486AB6D462CEB331164EDC7D84F0E.e.5999","ELEMENT":"f.45271FC9FC22FBF7EF0A590A71DD44AE.d.ACF486AB6D462CEB331164EDC7D84F0E.e.5999"}]}
COMMAND: POST /session/7f1686e11a340d92304ee7762c65784d/element - {"using":"xpath","value":"//div[contains(@id, \"managepartners-display-component---masterPtm--smartFilterBar-btnBasicSearch-reset\")]"}
COMMAND: GET /session/7f1686e11a340d92304ee7762c65784d/screenshot - {}
RESULT: {"using":"xpath","value":"//div[contains(@id, \"managepartners-display-component---masterPtm--smartFilterBar-btnBasicSearch-reset\")]"}
COMMAND: POST /session/7f1686e11a340d92304ee7762c65784d/element/f.45271FC9FC22FBF7EF0A590A71DD44AE.d.ACF486AB6D462CEB331164EDC7D84F0E.e.6081/click - {}
RESULT: {}
RESULT: {}
COMMAND: GET /session/7f1686e11a340d92304ee7762c65784d/screenshot - {}
RESULT: {}
COMMAND: POST /session/7f1686e11a340d92304ee7762c65784d/execute/async - {"script":"<script> [1562 bytes]","args":[{"selector":{"id":"application-managepartners-display-component---masterPtm--smartFilterBar-filterItemControl_BASIC-MAIN_ADDRESS-vhi"},"wdio_ui5_key":"applicationmanagepartners-display-component---masterPtm--smartFilterBar-filterItemControl_BASIC-MAIN_ADDRESS-vhi"}]}
RESULT: {"script":"<script> [1562 bytes]","args":[{"selector":{"id":"application-managepartners-display-component---masterPtm--smartFilterBar-filterItemControl_BASIC-MAIN_ADDRESS-vhi"},"wdio_ui5_key":"applicationmanagepartners-display-component---masterPtm--smartFilterBar-filterItemControl_BASIC-MAIN_ADDRESS-vhi"}]}
RESULT: undefined
COMMAND: POST /session/7f1686e11a340d92304ee7762c65784d/element - {"using":"xpath","value":"//*[@id=\"application-managepartners-display-component---masterPtm--smartFilterBar-filterItemControl_BASIC-MAIN_ADDRESS-vhi\"]"}
RESULT: {"using":"xpath","value":"//*[@id=\"application-managepartners-display-component---masterPtm--smartFilterBar-filterItemControl_BASIC-MAIN_ADDRESS-vhi\"]"}
COMMAND: POST /session/7f1686e11a340d92304ee7762c65784d/element/f.45271FC9FC22FBF7EF0A590A71DD44AE.d.ACF486AB6D462CEB331164EDC7D84F0E.e.6170/click - {}
RESULT: {}
COMMAND: GET /session/7f1686e11a340d92304ee7762c65784d/screenshot - {}
RESULT: {}
COMMAND: POST /session/7f1686e11a340d92304ee7762c65784d/execute/async - {"script":"<script> [1562 bytes]","args":[{"selector":{"id":"application-managepartners-display-component---masterPtm--smartFilterBar-filterItemControl_BASIC-MAIN_ADDRESS-valueHelpDialog-smartFilterBar-btnBasicSearch","searchOpenDialogs":true,"interaction":{"idSuffix":"I"}},"wdio_ui5_key":"applicationmanagepartners-display-component---masterPtm--smartFilterBar-filterItemControl_BASIC-MAIN_ADDRESS-valueHelpDialog-smartFilterBar-btnBasicSearch"}]}
RESULT: {"script":"<script> [1562 bytes]","args":[{"selector":{"id":"application-managepartners-display-component---masterPtm--smartFilterBar-filterItemControl_BASIC-MAIN_ADDRESS-valueHelpDialog-smartFilterBar-btnBasicSearch","searchOpenDialogs":true,"interaction":{"idSuffix":"I"}},"wdio_ui5_key":"applicationmanagepartners-display-component---masterPtm--smartFilterBar-filterItemControl_BASIC-MAIN_ADDRESS-valueHelpDialog-smartFilterBar-btnBasicSearch"}]}
RESULT: undefined
COMMAND: POST /session/7f1686e11a340d92304ee7762c65784d/execute/async - {"script":"<script> [776 bytes]","args":[{"enterText":"Romania","selector":{"id":"application-managepartners-display-component---masterPtm--smartFilterBar-filterItemControl_BASIC-MAIN_ADDRESS-valueHelpDialog-smartFilterBar-btnBasicSearch","searchOpenDialogs":true,"interaction":{"idSuffix":"I"}},"clearTextFirst":true,"interactionType":"ENTER_TEXT"}]}
RESULT: {"script":"<script> [776 bytes]","args":[{"enterText":"Romania","selector":{"id":"application-managepartners-display-component---masterPtm--smartFilterBar-filterItemControl_BASIC-MAIN_ADDRESS-valueHelpDialog-smartFilterBar-btnBasicSearch","searchOpenDialogs":true,"interaction":{"idSuffix":"I"}},"clearTextFirst":true,"interactionType":"ENTER_TEXT"}]}
COMMAND: POST /session/7f1686e11a340d92304ee7762c65784d/actions - {"actions":[{"id":"action18","type":"key","parameters":{},"actions":[{"type":"keyDown","value":""},{"type":"pause","duration":10},{"type":"keyUp","value":""}]}]}
RESULT: {"actions":[{"id":"action18","type":"key","parameters":{},"actions":[{"type":"keyDown","value":""},{"type":"pause","duration":10},{"type":"keyUp","value":""}]}]}
COMMAND: POST /session/7f1686e11a340d92304ee7762c65784d/elements - {"using":"xpath","value":"//table[contains(@id, \"smartFilterBar-filterItemControl_BASIC-MAIN_ADDRESS-valueHelpDialog-table-table\")]/tbody/tr"}
COMMAND: GET /session/7f1686e11a340d92304ee7762c65784d/screenshot - {}
RESULT: {"using":"xpath","value":"//table[contains(@id, \"smartFilterBar-filterItemControl_BASIC-MAIN_ADDRESS-valueHelpDialog-table-table\")]/tbody/tr"}
COMMAND: POST /session/7f1686e11a340d92304ee7762c65784d/element - {"using":"xpath","value":"//table[contains(@id, \"smartFilterBar-filterItemControl_BASIC-MAIN_ADDRESS-valueHelpDialog-table-table\")]/tbody/tr[1]/td[1]/div/span"}
RESULT: {}
RESULT: {"using":"xpath","value":"//table[contains(@id, \"smartFilterBar-filterItemControl_BASIC-MAIN_ADDRESS-valueHelpDialog-table-table\")]/tbody/tr[1]/td[1]/div/span"}
COMMAND: POST /session/7f1686e11a340d92304ee7762c65784d/elements - {"using":"xpath","value":"//table[contains(@id, \"smartFilterBar-filterItemControl_BASIC-MAIN_ADDRESS-valueHelpDialog-table-table\")]/tbody/tr[1]/td[1]/div/span"}
RESULT: {"using":"xpath","value":"//table[contains(@id, \"smartFilterBar-filterItemControl_BASIC-MAIN_ADDRESS-valueHelpDialog-table-table\")]/tbody/tr[1]/td[1]/div/span"}
COMMAND: POST /session/7f1686e11a340d92304ee7762c65784d/execute/sync - {"script":"<script> [56 bytes]","args":[{"element-6066-11e4-a52e-4f735466cecf":"f.45271FC9FC22FBF7EF0A590A71DD44AE.d.ACF486AB6D462CEB331164EDC7D84F0E.e.6191","ELEMENT":"f.45271FC9FC22FBF7EF0A590A71DD44AE.d.ACF486AB6D462CEB331164EDC7D84F0E.e.6191"}]}
RESULT: {"script":"<script> [56 bytes]","args":[{"element-6066-11e4-a52e-4f735466cecf":"f.45271FC9FC22FBF7EF0A590A71DD44AE.d.ACF486AB6D462CEB331164EDC7D84F0E.e.6191","ELEMENT":"f.45271FC9FC22FBF7EF0A590A71DD44AE.d.ACF486AB6D462CEB331164EDC7D84F0E.e.6191"}]}
COMMAND: POST /session/7f1686e11a340d92304ee7762c65784d/element - {"using":"xpath","value":"//div[contains(@id, \"filterItemControl_BASIC-MAIN_ADDRESS-valueHelpDialog-table-rowsel0\")]"}
COMMAND: GET /session/7f1686e11a340d92304ee7762c65784d/screenshot - {}
RESULT: {"using":"xpath","value":"//div[contains(@id, \"filterItemControl_BASIC-MAIN_ADDRESS-valueHelpDialog-table-rowsel0\")]"}
COMMAND: POST /session/7f1686e11a340d92304ee7762c65784d/element/f.45271FC9FC22FBF7EF0A590A71DD44AE.d.ACF486AB6D462CEB331164EDC7D84F0E.e.6192/click - {}
RESULT: {}
RESULT: {}
COMMAND: GET /session/7f1686e11a340d92304ee7762c65784d/screenshot - {}
RESULT: {}
COMMAND: POST /session/7f1686e11a340d92304ee7762c65784d/element - {"using":"xpath","value":"(//bdi[contains(text(), \"OK\")])[1]"}
RESULT: {"using":"xpath","value":"(//bdi[contains(text(), \"OK\")])[1]"}
COMMAND: POST /session/7f1686e11a340d92304ee7762c65784d/element/f.45271FC9FC22FBF7EF0A590A71DD44AE.d.ACF486AB6D462CEB331164EDC7D84F0E.e.6194/click - {}
RESULT: {}
COMMAND: GET /session/7f1686e11a340d92304ee7762c65784d/screenshot - {}
RESULT: {}
COMMAND: POST /session/7f1686e11a340d92304ee7762c65784d/element - {"using":"xpath","value":"//span[@id=\"application-managepartners-display-component---masterPtm--smartTable-header-inner\"]"}
RESULT: {"using":"xpath","value":"//span[@id=\"application-managepartners-display-component---masterPtm--smartTable-header-inner\"]"}
COMMAND: POST /session/7f1686e11a340d92304ee7762c65784d/elements - {"using":"xpath","value":"//span[@id=\"application-managepartners-display-component---masterPtm--smartTable-header-inner\"]"}
RESULT: {"using":"xpath","value":"//span[@id=\"application-managepartners-display-component---masterPtm--smartTable-header-inner\"]"}
COMMAND: POST /session/7f1686e11a340d92304ee7762c65784d/execute/sync - {"script":"<script> [56 bytes]","args":[{"element-6066-11e4-a52e-4f735466cecf":"f.45271FC9FC22FBF7EF0A590A71DD44AE.d.ACF486AB6D462CEB331164EDC7D84F0E.e.5999","ELEMENT":"f.45271FC9FC22FBF7EF0A590A71DD44AE.d.ACF486AB6D462CEB331164EDC7D84F0E.e.5999"}]}
RESULT: {"script":"<script> [56 bytes]","args":[{"element-6066-11e4-a52e-4f735466cecf":"f.45271FC9FC22FBF7EF0A590A71DD44AE.d.ACF486AB6D462CEB331164EDC7D84F0E.e.5999","ELEMENT":"f.45271FC9FC22FBF7EF0A590A71DD44AE.d.ACF486AB6D462CEB331164EDC7D84F0E.e.5999"}]}
COMMAND: POST /session/7f1686e11a340d92304ee7762c65784d/element - {"using":"xpath","value":"//span[contains(@title, \"Remove\")]"}
COMMAND: GET /session/7f1686e11a340d92304ee7762c65784d/screenshot - {}
RESULT: {"using":"xpath","value":"//span[contains(@title, \"Remove\")]"}
COMMAND: POST /session/7f1686e11a340d92304ee7762c65784d/element/f.45271FC9FC22FBF7EF0A590A71DD44AE.d.ACF486AB6D462CEB331164EDC7D84F0E.e.6207/click - {}
RESULT: {}
RESULT: {}
COMMAND: GET /session/7f1686e11a340d92304ee7762c65784d/screenshot - {}
RESULT: {}
COMMAND: POST /session/7f1686e11a340d92304ee7762c65784d/element - {"using":"xpath","value":"//span[@id=\"application-managepartners-display-component---masterPtm--smartTable-header-inner\"]"}
RESULT: {"using":"xpath","value":"//span[@id=\"application-managepartners-display-component---masterPtm--smartTable-header-inner\"]"}
COMMAND: POST /session/7f1686e11a340d92304ee7762c65784d/elements - {"using":"xpath","value":"//span[@id=\"application-managepartners-display-component---masterPtm--smartTable-header-inner\"]"}
RESULT: {"using":"xpath","value":"//span[@id=\"application-managepartners-display-component---masterPtm--smartTable-header-inner\"]"}
COMMAND: POST /session/7f1686e11a340d92304ee7762c65784d/execute/sync - {"script":"<script> [56 bytes]","args":[{"element-6066-11e4-a52e-4f735466cecf":"f.45271FC9FC22FBF7EF0A590A71DD44AE.d.ACF486AB6D462CEB331164EDC7D84F0E.e.5999","ELEMENT":"f.45271FC9FC22FBF7EF0A590A71DD44AE.d.ACF486AB6D462CEB331164EDC7D84F0E.e.5999"}]}
RESULT: {"script":"<script> [56 bytes]","args":[{"element-6066-11e4-a52e-4f735466cecf":"f.45271FC9FC22FBF7EF0A590A71DD44AE.d.ACF486AB6D462CEB331164EDC7D84F0E.e.5999","ELEMENT":"f.45271FC9FC22FBF7EF0A590A71DD44AE.d.ACF486AB6D462CEB331164EDC7D84F0E.e.5999"}]}
COMMAND: POST /session/7f1686e11a340d92304ee7762c65784d/execute/async - {"script":"<script> [1562 bytes]","args":[{"selector":{"id":"application-managepartners-display-component---masterPtm--smartFilterBar-filterItemControl_BASIC-YARD-vhi"},"wdio_ui5_key":"applicationmanagepartners-display-component---masterPtm--smartFilterBar-filterItemControl_BASIC-YARD-vhi"}]}
COMMAND: GET /session/7f1686e11a340d92304ee7762c65784d/screenshot - {}
RESULT: {"script":"<script> [1562 bytes]","args":[{"selector":{"id":"application-managepartners-display-component---masterPtm--smartFilterBar-filterItemControl_BASIC-YARD-vhi"},"wdio_ui5_key":"applicationmanagepartners-display-component---masterPtm--smartFilterBar-filterItemControl_BASIC-YARD-vhi"}]}
RESULT: undefined
COMMAND: POST /session/7f1686e11a340d92304ee7762c65784d/element - {"using":"xpath","value":"//*[@id=\"application-managepartners-display-component---masterPtm--smartFilterBar-filterItemControl_BASIC-YARD-vhi\"]"}
RESULT: {}
RESULT: {"using":"xpath","value":"//*[@id=\"application-managepartners-display-component---masterPtm--smartFilterBar-filterItemControl_BASIC-YARD-vhi\"]"}
COMMAND: POST /session/7f1686e11a340d92304ee7762c65784d/element/f.45271FC9FC22FBF7EF0A590A71DD44AE.d.ACF486AB6D462CEB331164EDC7D84F0E.e.6312/click - {}
RESULT: {}
COMMAND: GET /session/7f1686e11a340d92304ee7762c65784d/screenshot - {}
RESULT: {}
COMMAND: POST /session/7f1686e11a340d92304ee7762c65784d/execute/async - {"script":"<script> [1562 bytes]","args":[{"selector":{"id":"application-managepartners-display-component---masterPtm--smartFilterBar-filterItemControl_BASIC-YARD-valueHelpDialog-smartFilterBar-btnBasicSearch","searchOpenDialogs":true,"interaction":{"idSuffix":"I"}},"wdio_ui5_key":"applicationmanagepartners-display-component---masterPtm--smartFilterBar-filterItemControl_BASIC-YARD-valueHelpDialog-smartFilterBar-btnBasicSearch"}]}
RESULT: {"script":"<script> [1562 bytes]","args":[{"selector":{"id":"application-managepartners-display-component---masterPtm--smartFilterBar-filterItemControl_BASIC-YARD-valueHelpDialog-smartFilterBar-btnBasicSearch","searchOpenDialogs":true,"interaction":{"idSuffix":"I"}},"wdio_ui5_key":"applicationmanagepartners-display-component---masterPtm--smartFilterBar-filterItemControl_BASIC-YARD-valueHelpDialog-smartFilterBar-btnBasicSearch"}]}
RESULT: undefined
COMMAND: POST /session/7f1686e11a340d92304ee7762c65784d/execute/async - {"script":"<script> [776 bytes]","args":[{"enterText":"Test","selector":{"id":"application-managepartners-display-component---masterPtm--smartFilterBar-filterItemControl_BASIC-YARD-valueHelpDialog-smartFilterBar-btnBasicSearch","searchOpenDialogs":true,"interaction":{"idSuffix":"I"}},"clearTextFirst":true,"interactionType":"ENTER_TEXT"}]}
RESULT: {"script":"<script> [776 bytes]","args":[{"enterText":"Test","selector":{"id":"application-managepartners-display-component---masterPtm--smartFilterBar-filterItemControl_BASIC-YARD-valueHelpDialog-smartFilterBar-btnBasicSearch","searchOpenDialogs":true,"interaction":{"idSuffix":"I"}},"clearTextFirst":true,"interactionType":"ENTER_TEXT"}]}
COMMAND: POST /session/7f1686e11a340d92304ee7762c65784d/actions - {"actions":[{"id":"action19","type":"key","parameters":{},"actions":[{"type":"keyDown","value":""},{"type":"pause","duration":10},{"type":"keyUp","value":""}]}]}
RESULT: {"actions":[{"id":"action19","type":"key","parameters":{},"actions":[{"type":"keyDown","value":""},{"type":"pause","duration":10},{"type":"keyUp","value":""}]}]}
COMMAND: POST /session/7f1686e11a340d92304ee7762c65784d/elements - {"using":"xpath","value":"//table[contains(@id, \"smartFilterBar-filterItemControl_BASIC-YARD-valueHelpDialog-table-table\")]/tbody/tr"}
COMMAND: GET /session/7f1686e11a340d92304ee7762c65784d/screenshot - {}
RESULT: {"using":"xpath","value":"//table[contains(@id, \"smartFilterBar-filterItemControl_BASIC-YARD-valueHelpDialog-table-table\")]/tbody/tr"}
COMMAND: POST /session/7f1686e11a340d92304ee7762c65784d/element - {"using":"xpath","value":"//table[contains(@id, \"smartFilterBar-filterItemControl_BASIC-YARD-valueHelpDialog-table-table\")]/tbody/tr[1]/td[1]/div/span"}
RESULT: {}
RESULT: {"using":"xpath","value":"//table[contains(@id, \"smartFilterBar-filterItemControl_BASIC-YARD-valueHelpDialog-table-table\")]/tbody/tr[1]/td[1]/div/span"}
COMMAND: POST /session/7f1686e11a340d92304ee7762c65784d/elements - {"using":"xpath","value":"//table[contains(@id, \"smartFilterBar-filterItemControl_BASIC-YARD-valueHelpDialog-table-table\")]/tbody/tr[1]/td[1]/div/span"}
RESULT: {"using":"xpath","value":"//table[contains(@id, \"smartFilterBar-filterItemControl_BASIC-YARD-valueHelpDialog-table-table\")]/tbody/tr[1]/td[1]/div/span"}
COMMAND: POST /session/7f1686e11a340d92304ee7762c65784d/execute/sync - {"script":"<script> [56 bytes]","args":[{"element-6066-11e4-a52e-4f735466cecf":"f.45271FC9FC22FBF7EF0A590A71DD44AE.d.ACF486AB6D462CEB331164EDC7D84F0E.e.6333","ELEMENT":"f.45271FC9FC22FBF7EF0A590A71DD44AE.d.ACF486AB6D462CEB331164EDC7D84F0E.e.6333"}]}
RESULT: {"script":"<script> [56 bytes]","args":[{"element-6066-11e4-a52e-4f735466cecf":"f.45271FC9FC22FBF7EF0A590A71DD44AE.d.ACF486AB6D462CEB331164EDC7D84F0E.e.6333","ELEMENT":"f.45271FC9FC22FBF7EF0A590A71DD44AE.d.ACF486AB6D462CEB331164EDC7D84F0E.e.6333"}]}
COMMAND: POST /session/7f1686e11a340d92304ee7762c65784d/element - {"using":"xpath","value":"//table[contains(@id, \"smartFilterBar-filterItemControl_BASIC-YARD-valueHelpDialog-table-table\")]/tbody/tr[2]/td[1]/div/span"}
COMMAND: GET /session/7f1686e11a340d92304ee7762c65784d/screenshot - {}
RESULT: {"using":"xpath","value":"//table[contains(@id, \"smartFilterBar-filterItemControl_BASIC-YARD-valueHelpDialog-table-table\")]/tbody/tr[2]/td[1]/div/span"}
COMMAND: POST /session/7f1686e11a340d92304ee7762c65784d/elements - {"using":"xpath","value":"//table[contains(@id, \"smartFilterBar-filterItemControl_BASIC-YARD-valueHelpDialog-table-table\")]/tbody/tr[2]/td[1]/div/span"}
RESULT: {}
RESULT: {"using":"xpath","value":"//table[contains(@id, \"smartFilterBar-filterItemControl_BASIC-YARD-valueHelpDialog-table-table\")]/tbody/tr[2]/td[1]/div/span"}
COMMAND: POST /session/7f1686e11a340d92304ee7762c65784d/execute/sync - {"script":"<script> [56 bytes]","args":[{"element-6066-11e4-a52e-4f735466cecf":"f.45271FC9FC22FBF7EF0A590A71DD44AE.d.ACF486AB6D462CEB331164EDC7D84F0E.e.6334","ELEMENT":"f.45271FC9FC22FBF7EF0A590A71DD44AE.d.ACF486AB6D462CEB331164EDC7D84F0E.e.6334"}]}
RESULT: {"script":"<script> [56 bytes]","args":[{"element-6066-11e4-a52e-4f735466cecf":"f.45271FC9FC22FBF7EF0A590A71DD44AE.d.ACF486AB6D462CEB331164EDC7D84F0E.e.6334","ELEMENT":"f.45271FC9FC22FBF7EF0A590A71DD44AE.d.ACF486AB6D462CEB331164EDC7D84F0E.e.6334"}]}
COMMAND: POST /session/7f1686e11a340d92304ee7762c65784d/element - {"using":"xpath","value":"//table[contains(@id, \"smartFilterBar-filterItemControl_BASIC-YARD-valueHelpDialog-table-table\")]/tbody/tr[3]/td[1]/div/span"}
COMMAND: GET /session/7f1686e11a340d92304ee7762c65784d/screenshot - {}
RESULT: {"using":"xpath","value":"//table[contains(@id, \"smartFilterBar-filterItemControl_BASIC-YARD-valueHelpDialog-table-table\")]/tbody/tr[3]/td[1]/div/span"}
COMMAND: POST /session/7f1686e11a340d92304ee7762c65784d/elements - {"using":"xpath","value":"//table[contains(@id, \"smartFilterBar-filterItemControl_BASIC-YARD-valueHelpDialog-table-table\")]/tbody/tr[3]/td[1]/div/span"}
RESULT: {}
RESULT: {"using":"xpath","value":"//table[contains(@id, \"smartFilterBar-filterItemControl_BASIC-YARD-valueHelpDialog-table-table\")]/tbody/tr[3]/td[1]/div/span"}
COMMAND: POST /session/7f1686e11a340d92304ee7762c65784d/execute/sync - {"script":"<script> [56 bytes]","args":[{"element-6066-11e4-a52e-4f735466cecf":"f.45271FC9FC22FBF7EF0A590A71DD44AE.d.ACF486AB6D462CEB331164EDC7D84F0E.e.6335","ELEMENT":"f.45271FC9FC22FBF7EF0A590A71DD44AE.d.ACF486AB6D462CEB331164EDC7D84F0E.e.6335"}]}
RESULT: {"script":"<script> [56 bytes]","args":[{"element-6066-11e4-a52e-4f735466cecf":"f.45271FC9FC22FBF7EF0A590A71DD44AE.d.ACF486AB6D462CEB331164EDC7D84F0E.e.6335","ELEMENT":"f.45271FC9FC22FBF7EF0A590A71DD44AE.d.ACF486AB6D462CEB331164EDC7D84F0E.e.6335"}]}
COMMAND: POST /session/7f1686e11a340d92304ee7762c65784d/element - {"using":"xpath","value":"//div[contains(@id, \"filterItemControl_BASIC-YARD-valueHelpDialog-table-rowsel2\")]"}
COMMAND: GET /session/7f1686e11a340d92304ee7762c65784d/screenshot - {}
RESULT: {"using":"xpath","value":"//div[contains(@id, \"filterItemControl_BASIC-YARD-valueHelpDialog-table-rowsel2\")]"}
COMMAND: POST /session/7f1686e11a340d92304ee7762c65784d/element/f.45271FC9FC22FBF7EF0A590A71DD44AE.d.ACF486AB6D462CEB331164EDC7D84F0E.e.6336/click - {}
RESULT: {}
RESULT: {}
COMMAND: GET /session/7f1686e11a340d92304ee7762c65784d/screenshot - {}
RESULT: {}
COMMAND: POST /session/7f1686e11a340d92304ee7762c65784d/element - {"using":"xpath","value":"(//bdi[contains(text(), \"OK\")])[1]"}
RESULT: {"using":"xpath","value":"(//bdi[contains(text(), \"OK\")])[1]"}
COMMAND: POST /session/7f1686e11a340d92304ee7762c65784d/element/f.45271FC9FC22FBF7EF0A590A71DD44AE.d.ACF486AB6D462CEB331164EDC7D84F0E.e.6338/click - {}
RESULT: {}
COMMAND: GET /session/7f1686e11a340d92304ee7762c65784d/screenshot - {}
RESULT: {}
COMMAND: POST /session/7f1686e11a340d92304ee7762c65784d/element - {"using":"xpath","value":"//span[@id=\"application-managepartners-display-component---masterPtm--smartTable-header-inner\"]"}
RESULT: {"using":"xpath","value":"//span[@id=\"application-managepartners-display-component---masterPtm--smartTable-header-inner\"]"}
COMMAND: POST /session/7f1686e11a340d92304ee7762c65784d/elements - {"using":"xpath","value":"//span[@id=\"application-managepartners-display-component---masterPtm--smartTable-header-inner\"]"}
RESULT: {"using":"xpath","value":"//span[@id=\"application-managepartners-display-component---masterPtm--smartTable-header-inner\"]"}
COMMAND: POST /session/7f1686e11a340d92304ee7762c65784d/execute/sync - {"script":"<script> [56 bytes]","args":[{"element-6066-11e4-a52e-4f735466cecf":"f.45271FC9FC22FBF7EF0A590A71DD44AE.d.ACF486AB6D462CEB331164EDC7D84F0E.e.5999","ELEMENT":"f.45271FC9FC22FBF7EF0A590A71DD44AE.d.ACF486AB6D462CEB331164EDC7D84F0E.e.5999"}]}
RESULT: {"script":"<script> [56 bytes]","args":[{"element-6066-11e4-a52e-4f735466cecf":"f.45271FC9FC22FBF7EF0A590A71DD44AE.d.ACF486AB6D462CEB331164EDC7D84F0E.e.5999","ELEMENT":"f.45271FC9FC22FBF7EF0A590A71DD44AE.d.ACF486AB6D462CEB331164EDC7D84F0E.e.5999"}]}
COMMAND: POST /session/7f1686e11a340d92304ee7762c65784d/element - {"using":"xpath","value":"//span[contains(@title, \"Remove\")]"}
COMMAND: GET /session/7f1686e11a340d92304ee7762c65784d/screenshot - {}
RESULT: {"using":"xpath","value":"//span[contains(@title, \"Remove\")]"}
COMMAND: POST /session/7f1686e11a340d92304ee7762c65784d/element/f.45271FC9FC22FBF7EF0A590A71DD44AE.d.ACF486AB6D462CEB331164EDC7D84F0E.e.6351/click - {}
RESULT: {}
RESULT: {}
COMMAND: GET /session/7f1686e11a340d92304ee7762c65784d/screenshot - {}
RESULT: {}
COMMAND: POST /session/7f1686e11a340d92304ee7762c65784d/element - {"using":"xpath","value":"//span[@id=\"application-managepartners-display-component---masterPtm--smartTable-header-inner\"]"}
RESULT: {"using":"xpath","value":"//span[@id=\"application-managepartners-display-component---masterPtm--smartTable-header-inner\"]"}
COMMAND: POST /session/7f1686e11a340d92304ee7762c65784d/elements - {"using":"xpath","value":"//span[@id=\"application-managepartners-display-component---masterPtm--smartTable-header-inner\"]"}
RESULT: {"using":"xpath","value":"//span[@id=\"application-managepartners-display-component---masterPtm--smartTable-header-inner\"]"}
COMMAND: POST /session/7f1686e11a340d92304ee7762c65784d/execute/sync - {"script":"<script> [56 bytes]","args":[{"element-6066-11e4-a52e-4f735466cecf":"f.45271FC9FC22FBF7EF0A590A71DD44AE.d.ACF486AB6D462CEB331164EDC7D84F0E.e.5999","ELEMENT":"f.45271FC9FC22FBF7EF0A590A71DD44AE.d.ACF486AB6D462CEB331164EDC7D84F0E.e.5999"}]}
RESULT: {"script":"<script> [56 bytes]","args":[{"element-6066-11e4-a52e-4f735466cecf":"f.45271FC9FC22FBF7EF0A590A71DD44AE.d.ACF486AB6D462CEB331164EDC7D84F0E.e.5999","ELEMENT":"f.45271FC9FC22FBF7EF0A590A71DD44AE.d.ACF486AB6D462CEB331164EDC7D84F0E.e.5999"}]}
COMMAND: POST /session/7f1686e11a340d92304ee7762c65784d/execute/async - {"script":"<script> [1562 bytes]","args":[{"selector":{"id":"application-managepartners-display-component---masterPtm--smartFilterBar-filterItemControl_BASIC-ALL_TAGS-vhi"},"wdio_ui5_key":"applicationmanagepartners-display-component---masterPtm--smartFilterBar-filterItemControl_BASIC-ALL_TAGS-vhi"}]}
COMMAND: GET /session/7f1686e11a340d92304ee7762c65784d/screenshot - {}
RESULT: {"script":"<script> [1562 bytes]","args":[{"selector":{"id":"application-managepartners-display-component---masterPtm--smartFilterBar-filterItemControl_BASIC-ALL_TAGS-vhi"},"wdio_ui5_key":"applicationmanagepartners-display-component---masterPtm--smartFilterBar-filterItemControl_BASIC-ALL_TAGS-vhi"}]}
RESULT: undefined
COMMAND: POST /session/7f1686e11a340d92304ee7762c65784d/element - {"using":"xpath","value":"//*[@id=\"application-managepartners-display-component---masterPtm--smartFilterBar-filterItemControl_BASIC-ALL_TAGS-vhi\"]"}
RESULT: {}
RESULT: {"using":"xpath","value":"//*[@id=\"application-managepartners-display-component---masterPtm--smartFilterBar-filterItemControl_BASIC-ALL_TAGS-vhi\"]"}
COMMAND: POST /session/7f1686e11a340d92304ee7762c65784d/element/f.45271FC9FC22FBF7EF0A590A71DD44AE.d.ACF486AB6D462CEB331164EDC7D84F0E.e.6457/click - {}
RESULT: {}
COMMAND: GET /session/7f1686e11a340d92304ee7762c65784d/screenshot - {}
RESULT: {}
COMMAND: POST /session/7f1686e11a340d92304ee7762c65784d/execute/async - {"script":"<script> [1562 bytes]","args":[{"selector":{"id":"application-managepartners-display-component---masterPtm--smartFilterBar-filterItemControl_BASIC-ALL_TAGS-valueHelpDialog-smartFilterBar-btnBasicSearch","searchOpenDialogs":true,"interaction":{"idSuffix":"I"}},"wdio_ui5_key":"applicationmanagepartners-display-component---masterPtm--smartFilterBar-filterItemControl_BASIC-ALL_TAGS-valueHelpDialog-smartFilterBar-btnBasicSearch"}]}
RESULT: {"script":"<script> [1562 bytes]","args":[{"selector":{"id":"application-managepartners-display-component---masterPtm--smartFilterBar-filterItemControl_BASIC-ALL_TAGS-valueHelpDialog-smartFilterBar-btnBasicSearch","searchOpenDialogs":true,"interaction":{"idSuffix":"I"}},"wdio_ui5_key":"applicationmanagepartners-display-component---masterPtm--smartFilterBar-filterItemControl_BASIC-ALL_TAGS-valueHelpDialog-smartFilterBar-btnBasicSearch"}]}
RESULT: undefined
COMMAND: POST /session/7f1686e11a340d92304ee7762c65784d/execute/async - {"script":"<script> [776 bytes]","args":[{"enterText":"test-tag-1","selector":{"id":"application-managepartners-display-component---masterPtm--smartFilterBar-filterItemControl_BASIC-ALL_TAGS-valueHelpDialog-smartFilterBar-btnBasicSearch","searchOpenDialogs":true,"interaction":{"idSuffix":"I"}},"clearTextFirst":true,"interactionType":"ENTER_TEXT"}]}
RESULT: {"script":"<script> [776 bytes]","args":[{"enterText":"test-tag-1","selector":{"id":"application-managepartners-display-component---masterPtm--smartFilterBar-filterItemControl_BASIC-ALL_TAGS-valueHelpDialog-smartFilterBar-btnBasicSearch","searchOpenDialogs":true,"interaction":{"idSuffix":"I"}},"clearTextFirst":true,"interactionType":"ENTER_TEXT"}]}
COMMAND: POST /session/7f1686e11a340d92304ee7762c65784d/actions - {"actions":[{"id":"action20","type":"key","parameters":{},"actions":[{"type":"keyDown","value":""},{"type":"pause","duration":10},{"type":"keyUp","value":""}]}]}
RESULT: {"actions":[{"id":"action20","type":"key","parameters":{},"actions":[{"type":"keyDown","value":""},{"type":"pause","duration":10},{"type":"keyUp","value":""}]}]}
COMMAND: POST /session/7f1686e11a340d92304ee7762c65784d/elements - {"using":"xpath","value":"//table[contains(@id, \"smartFilterBar-filterItemControl_BASIC-ALL_TAGS-valueHelpDialog-table-table\")]/tbody/tr"}
COMMAND: GET /session/7f1686e11a340d92304ee7762c65784d/screenshot - {}
RESULT: {"using":"xpath","value":"//table[contains(@id, \"smartFilterBar-filterItemControl_BASIC-ALL_TAGS-valueHelpDialog-table-table\")]/tbody/tr"}
COMMAND: POST /session/7f1686e11a340d92304ee7762c65784d/element - {"using":"xpath","value":"//table[contains(@id, \"smartFilterBar-filterItemControl_BASIC-ALL_TAGS-valueHelpDialog-table-table\")]/tbody/tr[1]/td[1]/div/span"}
RESULT: {}
RESULT: {"using":"xpath","value":"//table[contains(@id, \"smartFilterBar-filterItemControl_BASIC-ALL_TAGS-valueHelpDialog-table-table\")]/tbody/tr[1]/td[1]/div/span"}
COMMAND: POST /session/7f1686e11a340d92304ee7762c65784d/elements - {"using":"xpath","value":"//table[contains(@id, \"smartFilterBar-filterItemControl_BASIC-ALL_TAGS-valueHelpDialog-table-table\")]/tbody/tr[1]/td[1]/div/span"}
RESULT: {"using":"xpath","value":"//table[contains(@id, \"smartFilterBar-filterItemControl_BASIC-ALL_TAGS-valueHelpDialog-table-table\")]/tbody/tr[1]/td[1]/div/span"}
COMMAND: POST /session/7f1686e11a340d92304ee7762c65784d/execute/sync - {"script":"<script> [56 bytes]","args":[{"element-6066-11e4-a52e-4f735466cecf":"f.45271FC9FC22FBF7EF0A590A71DD44AE.d.ACF486AB6D462CEB331164EDC7D84F0E.e.6478","ELEMENT":"f.45271FC9FC22FBF7EF0A590A71DD44AE.d.ACF486AB6D462CEB331164EDC7D84F0E.e.6478"}]}
RESULT: {"script":"<script> [56 bytes]","args":[{"element-6066-11e4-a52e-4f735466cecf":"f.45271FC9FC22FBF7EF0A590A71DD44AE.d.ACF486AB6D462CEB331164EDC7D84F0E.e.6478","ELEMENT":"f.45271FC9FC22FBF7EF0A590A71DD44AE.d.ACF486AB6D462CEB331164EDC7D84F0E.e.6478"}]}
COMMAND: POST /session/7f1686e11a340d92304ee7762c65784d/element - {"using":"xpath","value":"//div[contains(@id, \"filterItemControl_BASIC-ALL_TAGS-valueHelpDialog-table-rowsel0\")]"}
COMMAND: GET /session/7f1686e11a340d92304ee7762c65784d/screenshot - {}
RESULT: {"using":"xpath","value":"//div[contains(@id, \"filterItemControl_BASIC-ALL_TAGS-valueHelpDialog-table-rowsel0\")]"}
COMMAND: POST /session/7f1686e11a340d92304ee7762c65784d/element/f.45271FC9FC22FBF7EF0A590A71DD44AE.d.ACF486AB6D462CEB331164EDC7D84F0E.e.6479/click - {}
RESULT: {}
RESULT: {}
COMMAND: GET /session/7f1686e11a340d92304ee7762c65784d/screenshot - {}
RESULT: {}
COMMAND: POST /session/7f1686e11a340d92304ee7762c65784d/element - {"using":"xpath","value":"(//bdi[contains(text(), \"OK\")])[1]"}
RESULT: {"using":"xpath","value":"(//bdi[contains(text(), \"OK\")])[1]"}
COMMAND: POST /session/7f1686e11a340d92304ee7762c65784d/element/f.45271FC9FC22FBF7EF0A590A71DD44AE.d.ACF486AB6D462CEB331164EDC7D84F0E.e.6481/click - {}
RESULT: {}
COMMAND: GET /session/7f1686e11a340d92304ee7762c65784d/screenshot - {}
RESULT: {}
COMMAND: POST /session/7f1686e11a340d92304ee7762c65784d/element - {"using":"xpath","value":"//span[@id=\"application-managepartners-display-component---masterPtm--smartTable-header-inner\"]"}
RESULT: {"using":"xpath","value":"//span[@id=\"application-managepartners-display-component---masterPtm--smartTable-header-inner\"]"}
COMMAND: POST /session/7f1686e11a340d92304ee7762c65784d/elements - {"using":"xpath","value":"//span[@id=\"application-managepartners-display-component---masterPtm--smartTable-header-inner\"]"}
RESULT: {"using":"xpath","value":"//span[@id=\"application-managepartners-display-component---masterPtm--smartTable-header-inner\"]"}
COMMAND: POST /session/7f1686e11a340d92304ee7762c65784d/execute/sync - {"script":"<script> [56 bytes]","args":[{"element-6066-11e4-a52e-4f735466cecf":"f.45271FC9FC22FBF7EF0A590A71DD44AE.d.ACF486AB6D462CEB331164EDC7D84F0E.e.5999","ELEMENT":"f.45271FC9FC22FBF7EF0A590A71DD44AE.d.ACF486AB6D462CEB331164EDC7D84F0E.e.5999"}]}
RESULT: {"script":"<script> [56 bytes]","args":[{"element-6066-11e4-a52e-4f735466cecf":"f.45271FC9FC22FBF7EF0A590A71DD44AE.d.ACF486AB6D462CEB331164EDC7D84F0E.e.5999","ELEMENT":"f.45271FC9FC22FBF7EF0A590A71DD44AE.d.ACF486AB6D462CEB331164EDC7D84F0E.e.5999"}]}
COMMAND: POST /session/7f1686e11a340d92304ee7762c65784d/element - {"using":"xpath","value":"//span[contains(@title, \"Remove\")]"}
COMMAND: GET /session/7f1686e11a340d92304ee7762c65784d/screenshot - {}
RESULT: {"using":"xpath","value":"//span[contains(@title, \"Remove\")]"}
COMMAND: POST /session/7f1686e11a340d92304ee7762c65784d/element/f.45271FC9FC22FBF7EF0A590A71DD44AE.d.ACF486AB6D462CEB331164EDC7D84F0E.e.6503/click - {}
RESULT: {}
RESULT: {}
COMMAND: GET /session/7f1686e11a340d92304ee7762c65784d/screenshot - {}
RESULT: {}
COMMAND: POST /session/7f1686e11a340d92304ee7762c65784d/execute/async - {"script":"<script> [1562 bytes]","args":[{"selector":{"id":"application-managepartners-display-component---masterPtm--partnerTypes-arrow"},"wdio_ui5_key":"applicationmanagepartners-display-component---masterPtm--partnerTypes-arrow"}]}
RESULT: {"script":"<script> [1562 bytes]","args":[{"selector":{"id":"application-managepartners-display-component---masterPtm--partnerTypes-arrow"},"wdio_ui5_key":"applicationmanagepartners-display-component---masterPtm--partnerTypes-arrow"}]}
RESULT: undefined
COMMAND: POST /session/7f1686e11a340d92304ee7762c65784d/element - {"using":"xpath","value":"//*[@id=\"application-managepartners-display-component---masterPtm--partnerTypes-arrow\"]"}
RESULT: {"using":"xpath","value":"//*[@id=\"application-managepartners-display-component---masterPtm--partnerTypes-arrow\"]"}
COMMAND: POST /session/7f1686e11a340d92304ee7762c65784d/element/f.45271FC9FC22FBF7EF0A590A71DD44AE.d.ACF486AB6D462CEB331164EDC7D84F0E.e.6609/click - {}
RESULT: {}
COMMAND: GET /session/7f1686e11a340d92304ee7762c65784d/screenshot - {}
RESULT: {}
COMMAND: POST /session/7f1686e11a340d92304ee7762c65784d/element - {"using":"xpath","value":"//li[.//span[text()=\"External partner\"]]//div[contains(@class,\"sapMCbBg\")]"}
RESULT: {"using":"xpath","value":"//li[.//span[text()=\"External partner\"]]//div[contains(@class,\"sapMCbBg\")]"}
COMMAND: POST /session/7f1686e11a340d92304ee7762c65784d/element/f.45271FC9FC22FBF7EF0A590A71DD44AE.d.ACF486AB6D462CEB331164EDC7D84F0E.e.6612/click - {}
RESULT: {}
COMMAND: GET /session/7f1686e11a340d92304ee7762c65784d/screenshot - {}
RESULT: {}
COMMAND: POST /session/7f1686e11a340d92304ee7762c65784d/element - {"using":"xpath","value":"//span[@id=\"application-managepartners-display-component---masterPtm--smartTable-header-inner\"]"}
RESULT: {"using":"xpath","value":"//span[@id=\"application-managepartners-display-component---masterPtm--smartTable-header-inner\"]"}
COMMAND: POST /session/7f1686e11a340d92304ee7762c65784d/elements - {"using":"xpath","value":"//span[@id=\"application-managepartners-display-component---masterPtm--smartTable-header-inner\"]"}
RESULT: {"using":"xpath","value":"//span[@id=\"application-managepartners-display-component---masterPtm--smartTable-header-inner\"]"}
COMMAND: POST /session/7f1686e11a340d92304ee7762c65784d/execute/sync - {"script":"<script> [56 bytes]","args":[{"element-6066-11e4-a52e-4f735466cecf":"f.45271FC9FC22FBF7EF0A590A71DD44AE.d.ACF486AB6D462CEB331164EDC7D84F0E.e.5999","ELEMENT":"f.45271FC9FC22FBF7EF0A590A71DD44AE.d.ACF486AB6D462CEB331164EDC7D84F0E.e.5999"}]}
RESULT: {"script":"<script> [56 bytes]","args":[{"element-6066-11e4-a52e-4f735466cecf":"f.45271FC9FC22FBF7EF0A590A71DD44AE.d.ACF486AB6D462CEB331164EDC7D84F0E.e.5999","ELEMENT":"f.45271FC9FC22FBF7EF0A590A71DD44AE.d.ACF486AB6D462CEB331164EDC7D84F0E.e.5999"}]}
COMMAND: POST /session/7f1686e11a340d92304ee7762c65784d/element - {"using":"xpath","value":"//span[contains(@title, \"Remove\")]"}
COMMAND: GET /session/7f1686e11a340d92304ee7762c65784d/screenshot - {}
RESULT: {"using":"xpath","value":"//span[contains(@title, \"Remove\")]"}
COMMAND: POST /session/7f1686e11a340d92304ee7762c65784d/element/f.45271FC9FC22FBF7EF0A590A71DD44AE.d.ACF486AB6D462CEB331164EDC7D84F0E.e.6688/click - {}
RESULT: {}
RESULT: {}
COMMAND: GET /session/7f1686e11a340d92304ee7762c65784d/screenshot - {}
RESULT: {}
COMMAND: POST /session/7f1686e11a340d92304ee7762c65784d/execute/async - {"script":"<script> [1562 bytes]","args":[{"selector":{"id":"application-managepartners-display-component---masterPtm--smartFilterBar-btnFilters","interaction":{"idSuffix":"BDI-content"}},"wdio_ui5_key":"applicationmanagepartners-display-component---masterPtm--smartFilterBar-btnFilters"}]}
RESULT: {"script":"<script> [1562 bytes]","args":[{"selector":{"id":"application-managepartners-display-component---masterPtm--smartFilterBar-btnFilters","interaction":{"idSuffix":"BDI-content"}},"wdio_ui5_key":"applicationmanagepartners-display-component---masterPtm--smartFilterBar-btnFilters"}]}
RESULT: undefined
COMMAND: POST /session/7f1686e11a340d92304ee7762c65784d/element - {"using":"xpath","value":"//*[@id=\"application-managepartners-display-component---masterPtm--smartFilterBar-btnFilters\"]"}
RESULT: {"using":"xpath","value":"//*[@id=\"application-managepartners-display-component---masterPtm--smartFilterBar-btnFilters\"]"}
COMMAND: POST /session/7f1686e11a340d92304ee7762c65784d/element/f.45271FC9FC22FBF7EF0A590A71DD44AE.d.ACF486AB6D462CEB331164EDC7D84F0E.e.5852/click - {}
RESULT: {}
COMMAND: GET /session/7f1686e11a340d92304ee7762c65784d/screenshot - {}
RESULT: {}
COMMAND: POST /session/7f1686e11a340d92304ee7762c65784d/elements - {"using":"xpath","value":"//table[contains(@id, \"listView-innerSelectionPanelTable-listUl\")]/tbody/tr"}
RESULT: {"using":"xpath","value":"//table[contains(@id, \"listView-innerSelectionPanelTable-listUl\")]/tbody/tr"}
COMMAND: POST /session/7f1686e11a340d92304ee7762c65784d/element - {"using":"xpath","value":"//table[contains(@id, \"listView-innerSelectionPanelTable-listUl\")]/tbody/tr[2]/td[2]/div/div"}
RESULT: {"using":"xpath","value":"//table[contains(@id, \"listView-innerSelectionPanelTable-listUl\")]/tbody/tr[2]/td[2]/div/div"}
COMMAND: POST /session/7f1686e11a340d92304ee7762c65784d/element - {"using":"xpath","value":"//table[contains(@id, \"listView-innerSelectionPanelTable-listUl\")]/tbody/tr[2]/td[2]/div"}
RESULT: {"using":"xpath","value":"//table[contains(@id, \"listView-innerSelectionPanelTable-listUl\")]/tbody/tr[2]/td[2]/div"}
COMMAND: POST /session/7f1686e11a340d92304ee7762c65784d/element - {"using":"xpath","value":"//table[contains(@id, \"listView-innerSelectionPanelTable-listUl\")]/tbody/tr[2]/td[3]/div/div/span/span[1]/bdi"}
RESULT: {"using":"xpath","value":"//table[contains(@id, \"listView-innerSelectionPanelTable-listUl\")]/tbody/tr[2]/td[3]/div/div/span/span[1]/bdi"}
COMMAND: POST /session/7f1686e11a340d92304ee7762c65784d/execute/sync - {"script":"<script> [56 bytes]","args":[{"element-6066-11e4-a52e-4f735466cecf":"f.45271FC9FC22FBF7EF0A590A71DD44AE.d.ACF486AB6D462CEB331164EDC7D84F0E.e.6793","ELEMENT":"f.45271FC9FC22FBF7EF0A590A71DD44AE.d.ACF486AB6D462CEB331164EDC7D84F0E.e.6793"}]}
RESULT: {"script":"<script> [56 bytes]","args":[{"element-6066-11e4-a52e-4f735466cecf":"f.45271FC9FC22FBF7EF0A590A71DD44AE.d.ACF486AB6D462CEB331164EDC7D84F0E.e.6793","ELEMENT":"f.45271FC9FC22FBF7EF0A590A71DD44AE.d.ACF486AB6D462CEB331164EDC7D84F0E.e.6793"}]}
COMMAND: GET /session/7f1686e11a340d92304ee7762c65784d/element/f.45271FC9FC22FBF7EF0A590A71DD44AE.d.ACF486AB6D462CEB331164EDC7D84F0E.e.6792/attribute/aria-checked - {}
COMMAND: GET /session/7f1686e11a340d92304ee7762c65784d/screenshot - {}
RESULT: {}
COMMAND: POST /session/7f1686e11a340d92304ee7762c65784d/element - {"using":"xpath","value":"//table[contains(@id, \"listView-innerSelectionPanelTable-listUl\")]/tbody/tr[3]/td[2]/div/div"}
RESULT: {}
RESULT: {"using":"xpath","value":"//table[contains(@id, \"listView-innerSelectionPanelTable-listUl\")]/tbody/tr[3]/td[2]/div/div"}
COMMAND: POST /session/7f1686e11a340d92304ee7762c65784d/element - {"using":"xpath","value":"//table[contains(@id, \"listView-innerSelectionPanelTable-listUl\")]/tbody/tr[3]/td[2]/div"}
RESULT: {"using":"xpath","value":"//table[contains(@id, \"listView-innerSelectionPanelTable-listUl\")]/tbody/tr[3]/td[2]/div"}
COMMAND: POST /session/7f1686e11a340d92304ee7762c65784d/element - {"using":"xpath","value":"//table[contains(@id, \"listView-innerSelectionPanelTable-listUl\")]/tbody/tr[3]/td[3]/div/div/span/span[1]/bdi"}
RESULT: {"using":"xpath","value":"//table[contains(@id, \"listView-innerSelectionPanelTable-listUl\")]/tbody/tr[3]/td[3]/div/div/span/span[1]/bdi"}
COMMAND: POST /session/7f1686e11a340d92304ee7762c65784d/execute/sync - {"script":"<script> [56 bytes]","args":[{"element-6066-11e4-a52e-4f735466cecf":"f.45271FC9FC22FBF7EF0A590A71DD44AE.d.ACF486AB6D462CEB331164EDC7D84F0E.e.6796","ELEMENT":"f.45271FC9FC22FBF7EF0A590A71DD44AE.d.ACF486AB6D462CEB331164EDC7D84F0E.e.6796"}]}
RESULT: {"script":"<script> [56 bytes]","args":[{"element-6066-11e4-a52e-4f735466cecf":"f.45271FC9FC22FBF7EF0A590A71DD44AE.d.ACF486AB6D462CEB331164EDC7D84F0E.e.6796","ELEMENT":"f.45271FC9FC22FBF7EF0A590A71DD44AE.d.ACF486AB6D462CEB331164EDC7D84F0E.e.6796"}]}
COMMAND: GET /session/7f1686e11a340d92304ee7762c65784d/element/f.45271FC9FC22FBF7EF0A590A71DD44AE.d.ACF486AB6D462CEB331164EDC7D84F0E.e.6795/attribute/aria-checked - {}
COMMAND: GET /session/7f1686e11a340d92304ee7762c65784d/screenshot - {}
RESULT: {}
COMMAND: POST /session/7f1686e11a340d92304ee7762c65784d/element - {"using":"xpath","value":"//table[contains(@id, \"listView-innerSelectionPanelTable-listUl\")]/tbody/tr[4]/td[2]/div/div"}
RESULT: {}
RESULT: {"using":"xpath","value":"//table[contains(@id, \"listView-innerSelectionPanelTable-listUl\")]/tbody/tr[4]/td[2]/div/div"}
COMMAND: POST /session/7f1686e11a340d92304ee7762c65784d/element - {"using":"xpath","value":"//table[contains(@id, \"listView-innerSelectionPanelTable-listUl\")]/tbody/tr[4]/td[2]/div"}
RESULT: {"using":"xpath","value":"//table[contains(@id, \"listView-innerSelectionPanelTable-listUl\")]/tbody/tr[4]/td[2]/div"}
COMMAND: POST /session/7f1686e11a340d92304ee7762c65784d/element - {"using":"xpath","value":"//table[contains(@id, \"listView-innerSelectionPanelTable-listUl\")]/tbody/tr[4]/td[3]/div/div/span/span[1]/bdi"}
RESULT: {"using":"xpath","value":"//table[contains(@id, \"listView-innerSelectionPanelTable-listUl\")]/tbody/tr[4]/td[3]/div/div/span/span[1]/bdi"}
COMMAND: POST /session/7f1686e11a340d92304ee7762c65784d/execute/sync - {"script":"<script> [56 bytes]","args":[{"element-6066-11e4-a52e-4f735466cecf":"f.45271FC9FC22FBF7EF0A590A71DD44AE.d.ACF486AB6D462CEB331164EDC7D84F0E.e.6799","ELEMENT":"f.45271FC9FC22FBF7EF0A590A71DD44AE.d.ACF486AB6D462CEB331164EDC7D84F0E.e.6799"}]}
RESULT: {"script":"<script> [56 bytes]","args":[{"element-6066-11e4-a52e-4f735466cecf":"f.45271FC9FC22FBF7EF0A590A71DD44AE.d.ACF486AB6D462CEB331164EDC7D84F0E.e.6799","ELEMENT":"f.45271FC9FC22FBF7EF0A590A71DD44AE.d.ACF486AB6D462CEB331164EDC7D84F0E.e.6799"}]}
COMMAND: GET /session/7f1686e11a340d92304ee7762c65784d/element/f.45271FC9FC22FBF7EF0A590A71DD44AE.d.ACF486AB6D462CEB331164EDC7D84F0E.e.6798/attribute/aria-checked - {}
COMMAND: GET /session/7f1686e11a340d92304ee7762c65784d/screenshot - {}
RESULT: {}
COMMAND: POST /session/7f1686e11a340d92304ee7762c65784d/element - {"using":"xpath","value":"//table[contains(@id, \"listView-innerSelectionPanelTable-listUl\")]/tbody/tr[5]/td[2]/div/div"}
RESULT: {}
RESULT: {"using":"xpath","value":"//table[contains(@id, \"listView-innerSelectionPanelTable-listUl\")]/tbody/tr[5]/td[2]/div/div"}
COMMAND: POST /session/7f1686e11a340d92304ee7762c65784d/element - {"using":"xpath","value":"//table[contains(@id, \"listView-innerSelectionPanelTable-listUl\")]/tbody/tr[5]/td[2]/div"}
RESULT: {"using":"xpath","value":"//table[contains(@id, \"listView-innerSelectionPanelTable-listUl\")]/tbody/tr[5]/td[2]/div"}
COMMAND: POST /session/7f1686e11a340d92304ee7762c65784d/element - {"using":"xpath","value":"//table[contains(@id, \"listView-innerSelectionPanelTable-listUl\")]/tbody/tr[5]/td[3]/div/div/span/span[1]/bdi"}
RESULT: {"using":"xpath","value":"//table[contains(@id, \"listView-innerSelectionPanelTable-listUl\")]/tbody/tr[5]/td[3]/div/div/span/span[1]/bdi"}
COMMAND: POST /session/7f1686e11a340d92304ee7762c65784d/execute/sync - {"script":"<script> [56 bytes]","args":[{"element-6066-11e4-a52e-4f735466cecf":"f.45271FC9FC22FBF7EF0A590A71DD44AE.d.ACF486AB6D462CEB331164EDC7D84F0E.e.6802","ELEMENT":"f.45271FC9FC22FBF7EF0A590A71DD44AE.d.ACF486AB6D462CEB331164EDC7D84F0E.e.6802"}]}
RESULT: {"script":"<script> [56 bytes]","args":[{"element-6066-11e4-a52e-4f735466cecf":"f.45271FC9FC22FBF7EF0A590A71DD44AE.d.ACF486AB6D462CEB331164EDC7D84F0E.e.6802","ELEMENT":"f.45271FC9FC22FBF7EF0A590A71DD44AE.d.ACF486AB6D462CEB331164EDC7D84F0E.e.6802"}]}
COMMAND: GET /session/7f1686e11a340d92304ee7762c65784d/element/f.45271FC9FC22FBF7EF0A590A71DD44AE.d.ACF486AB6D462CEB331164EDC7D84F0E.e.6801/attribute/aria-checked - {}
COMMAND: GET /session/7f1686e11a340d92304ee7762c65784d/screenshot - {}
RESULT: {}
COMMAND: POST /session/7f1686e11a340d92304ee7762c65784d/element - {"using":"xpath","value":"//table[contains(@id, \"listView-innerSelectionPanelTable-listUl\")]/tbody/tr[6]/td[2]/div/div"}
RESULT: {}
RESULT: {"using":"xpath","value":"//table[contains(@id, \"listView-innerSelectionPanelTable-listUl\")]/tbody/tr[6]/td[2]/div/div"}
COMMAND: POST /session/7f1686e11a340d92304ee7762c65784d/element - {"using":"xpath","value":"//table[contains(@id, \"listView-innerSelectionPanelTable-listUl\")]/tbody/tr[6]/td[2]/div"}
RESULT: {"using":"xpath","value":"//table[contains(@id, \"listView-innerSelectionPanelTable-listUl\")]/tbody/tr[6]/td[2]/div"}
COMMAND: POST /session/7f1686e11a340d92304ee7762c65784d/element - {"using":"xpath","value":"//table[contains(@id, \"listView-innerSelectionPanelTable-listUl\")]/tbody/tr[6]/td[3]/div/div/span/span[1]/bdi"}
RESULT: {"using":"xpath","value":"//table[contains(@id, \"listView-innerSelectionPanelTable-listUl\")]/tbody/tr[6]/td[3]/div/div/span/span[1]/bdi"}
COMMAND: POST /session/7f1686e11a340d92304ee7762c65784d/execute/sync - {"script":"<script> [56 bytes]","args":[{"element-6066-11e4-a52e-4f735466cecf":"f.45271FC9FC22FBF7EF0A590A71DD44AE.d.ACF486AB6D462CEB331164EDC7D84F0E.e.6805","ELEMENT":"f.45271FC9FC22FBF7EF0A590A71DD44AE.d.ACF486AB6D462CEB331164EDC7D84F0E.e.6805"}]}
RESULT: {"script":"<script> [56 bytes]","args":[{"element-6066-11e4-a52e-4f735466cecf":"f.45271FC9FC22FBF7EF0A590A71DD44AE.d.ACF486AB6D462CEB331164EDC7D84F0E.e.6805","ELEMENT":"f.45271FC9FC22FBF7EF0A590A71DD44AE.d.ACF486AB6D462CEB331164EDC7D84F0E.e.6805"}]}
COMMAND: GET /session/7f1686e11a340d92304ee7762c65784d/element/f.45271FC9FC22FBF7EF0A590A71DD44AE.d.ACF486AB6D462CEB331164EDC7D84F0E.e.6804/attribute/aria-checked - {}
COMMAND: GET /session/7f1686e11a340d92304ee7762c65784d/screenshot - {}
RESULT: {}
COMMAND: POST /session/7f1686e11a340d92304ee7762c65784d/element - {"using":"xpath","value":"//table[contains(@id, \"listView-innerSelectionPanelTable-listUl\")]/tbody/tr[7]/td[2]/div/div"}
RESULT: {}
RESULT: {"using":"xpath","value":"//table[contains(@id, \"listView-innerSelectionPanelTable-listUl\")]/tbody/tr[7]/td[2]/div/div"}
COMMAND: POST /session/7f1686e11a340d92304ee7762c65784d/element - {"using":"xpath","value":"//table[contains(@id, \"listView-innerSelectionPanelTable-listUl\")]/tbody/tr[7]/td[2]/div"}
RESULT: {"using":"xpath","value":"//table[contains(@id, \"listView-innerSelectionPanelTable-listUl\")]/tbody/tr[7]/td[2]/div"}
COMMAND: POST /session/7f1686e11a340d92304ee7762c65784d/element - {"using":"xpath","value":"//table[contains(@id, \"listView-innerSelectionPanelTable-listUl\")]/tbody/tr[7]/td[3]/div/div/span/span[1]/bdi"}
RESULT: {"using":"xpath","value":"//table[contains(@id, \"listView-innerSelectionPanelTable-listUl\")]/tbody/tr[7]/td[3]/div/div/span/span[1]/bdi"}
COMMAND: POST /session/7f1686e11a340d92304ee7762c65784d/execute/sync - {"script":"<script> [56 bytes]","args":[{"element-6066-11e4-a52e-4f735466cecf":"f.45271FC9FC22FBF7EF0A590A71DD44AE.d.ACF486AB6D462CEB331164EDC7D84F0E.e.6808","ELEMENT":"f.45271FC9FC22FBF7EF0A590A71DD44AE.d.ACF486AB6D462CEB331164EDC7D84F0E.e.6808"}]}
RESULT: {"script":"<script> [56 bytes]","args":[{"element-6066-11e4-a52e-4f735466cecf":"f.45271FC9FC22FBF7EF0A590A71DD44AE.d.ACF486AB6D462CEB331164EDC7D84F0E.e.6808","ELEMENT":"f.45271FC9FC22FBF7EF0A590A71DD44AE.d.ACF486AB6D462CEB331164EDC7D84F0E.e.6808"}]}
COMMAND: GET /session/7f1686e11a340d92304ee7762c65784d/element/f.45271FC9FC22FBF7EF0A590A71DD44AE.d.ACF486AB6D462CEB331164EDC7D84F0E.e.6807/attribute/aria-checked - {}
COMMAND: GET /session/7f1686e11a340d92304ee7762c65784d/screenshot - {}
RESULT: {}
COMMAND: POST /session/7f1686e11a340d92304ee7762c65784d/element - {"using":"xpath","value":"//table[contains(@id, \"listView-innerSelectionPanelTable-listUl\")]/tbody/tr[8]/td[2]/div/div"}
RESULT: {}
RESULT: {"using":"xpath","value":"//table[contains(@id, \"listView-innerSelectionPanelTable-listUl\")]/tbody/tr[8]/td[2]/div/div"}
COMMAND: POST /session/7f1686e11a340d92304ee7762c65784d/element - {"using":"xpath","value":"//table[contains(@id, \"listView-innerSelectionPanelTable-listUl\")]/tbody/tr[8]/td[2]/div"}
RESULT: {"using":"xpath","value":"//table[contains(@id, \"listView-innerSelectionPanelTable-listUl\")]/tbody/tr[8]/td[2]/div"}
COMMAND: POST /session/7f1686e11a340d92304ee7762c65784d/element - {"using":"xpath","value":"//table[contains(@id, \"listView-innerSelectionPanelTable-listUl\")]/tbody/tr[8]/td[3]/div/div/span/span[1]/bdi"}
RESULT: {"using":"xpath","value":"//table[contains(@id, \"listView-innerSelectionPanelTable-listUl\")]/tbody/tr[8]/td[3]/div/div/span/span[1]/bdi"}
COMMAND: POST /session/7f1686e11a340d92304ee7762c65784d/execute/sync - {"script":"<script> [56 bytes]","args":[{"element-6066-11e4-a52e-4f735466cecf":"f.45271FC9FC22FBF7EF0A590A71DD44AE.d.ACF486AB6D462CEB331164EDC7D84F0E.e.6811","ELEMENT":"f.45271FC9FC22FBF7EF0A590A71DD44AE.d.ACF486AB6D462CEB331164EDC7D84F0E.e.6811"}]}
RESULT: {"script":"<script> [56 bytes]","args":[{"element-6066-11e4-a52e-4f735466cecf":"f.45271FC9FC22FBF7EF0A590A71DD44AE.d.ACF486AB6D462CEB331164EDC7D84F0E.e.6811","ELEMENT":"f.45271FC9FC22FBF7EF0A590A71DD44AE.d.ACF486AB6D462CEB331164EDC7D84F0E.e.6811"}]}
COMMAND: GET /session/7f1686e11a340d92304ee7762c65784d/element/f.45271FC9FC22FBF7EF0A590A71DD44AE.d.ACF486AB6D462CEB331164EDC7D84F0E.e.6810/attribute/aria-checked - {}
COMMAND: GET /session/7f1686e11a340d92304ee7762c65784d/screenshot - {}
RESULT: {}
COMMAND: POST /session/7f1686e11a340d92304ee7762c65784d/element - {"using":"xpath","value":"//table[contains(@id, \"listView-innerSelectionPanelTable-listUl\")]/tbody/tr[9]/td[2]/div/div"}
RESULT: {}
RESULT: {"using":"xpath","value":"//table[contains(@id, \"listView-innerSelectionPanelTable-listUl\")]/tbody/tr[9]/td[2]/div/div"}
COMMAND: POST /session/7f1686e11a340d92304ee7762c65784d/element - {"using":"xpath","value":"//table[contains(@id, \"listView-innerSelectionPanelTable-listUl\")]/tbody/tr[9]/td[2]/div"}
RESULT: {"using":"xpath","value":"//table[contains(@id, \"listView-innerSelectionPanelTable-listUl\")]/tbody/tr[9]/td[2]/div"}
COMMAND: POST /session/7f1686e11a340d92304ee7762c65784d/element - {"using":"xpath","value":"//table[contains(@id, \"listView-innerSelectionPanelTable-listUl\")]/tbody/tr[9]/td[3]/div/div/span/span[1]/bdi"}
RESULT: {"using":"xpath","value":"//table[contains(@id, \"listView-innerSelectionPanelTable-listUl\")]/tbody/tr[9]/td[3]/div/div/span/span[1]/bdi"}
COMMAND: POST /session/7f1686e11a340d92304ee7762c65784d/execute/sync - {"script":"<script> [56 bytes]","args":[{"element-6066-11e4-a52e-4f735466cecf":"f.45271FC9FC22FBF7EF0A590A71DD44AE.d.ACF486AB6D462CEB331164EDC7D84F0E.e.6814","ELEMENT":"f.45271FC9FC22FBF7EF0A590A71DD44AE.d.ACF486AB6D462CEB331164EDC7D84F0E.e.6814"}]}
RESULT: {"script":"<script> [56 bytes]","args":[{"element-6066-11e4-a52e-4f735466cecf":"f.45271FC9FC22FBF7EF0A590A71DD44AE.d.ACF486AB6D462CEB331164EDC7D84F0E.e.6814","ELEMENT":"f.45271FC9FC22FBF7EF0A590A71DD44AE.d.ACF486AB6D462CEB331164EDC7D84F0E.e.6814"}]}
COMMAND: GET /session/7f1686e11a340d92304ee7762c65784d/element/f.45271FC9FC22FBF7EF0A590A71DD44AE.d.ACF486AB6D462CEB331164EDC7D84F0E.e.6813/attribute/aria-checked - {}
COMMAND: GET /session/7f1686e11a340d92304ee7762c65784d/screenshot - {}
RESULT: {}
COMMAND: POST /session/7f1686e11a340d92304ee7762c65784d/element - {"using":"xpath","value":"//table[contains(@id, \"listView-innerSelectionPanelTable-listUl\")]/tbody/tr[10]/td[2]/div/div"}
RESULT: {}
RESULT: {"using":"xpath","value":"//table[contains(@id, \"listView-innerSelectionPanelTable-listUl\")]/tbody/tr[10]/td[2]/div/div"}
COMMAND: POST /session/7f1686e11a340d92304ee7762c65784d/element - {"using":"xpath","value":"//table[contains(@id, \"listView-innerSelectionPanelTable-listUl\")]/tbody/tr[10]/td[2]/div"}
RESULT: {"using":"xpath","value":"//table[contains(@id, \"listView-innerSelectionPanelTable-listUl\")]/tbody/tr[10]/td[2]/div"}
COMMAND: POST /session/7f1686e11a340d92304ee7762c65784d/element - {"using":"xpath","value":"//table[contains(@id, \"listView-innerSelectionPanelTable-listUl\")]/tbody/tr[10]/td[3]/div/div/span/span[1]/bdi"}
RESULT: {"using":"xpath","value":"//table[contains(@id, \"listView-innerSelectionPanelTable-listUl\")]/tbody/tr[10]/td[3]/div/div/span/span[1]/bdi"}
COMMAND: POST /session/7f1686e11a340d92304ee7762c65784d/execute/sync - {"script":"<script> [56 bytes]","args":[{"element-6066-11e4-a52e-4f735466cecf":"f.45271FC9FC22FBF7EF0A590A71DD44AE.d.ACF486AB6D462CEB331164EDC7D84F0E.e.6817","ELEMENT":"f.45271FC9FC22FBF7EF0A590A71DD44AE.d.ACF486AB6D462CEB331164EDC7D84F0E.e.6817"}]}
RESULT: {"script":"<script> [56 bytes]","args":[{"element-6066-11e4-a52e-4f735466cecf":"f.45271FC9FC22FBF7EF0A590A71DD44AE.d.ACF486AB6D462CEB331164EDC7D84F0E.e.6817","ELEMENT":"f.45271FC9FC22FBF7EF0A590A71DD44AE.d.ACF486AB6D462CEB331164EDC7D84F0E.e.6817"}]}
COMMAND: GET /session/7f1686e11a340d92304ee7762c65784d/element/f.45271FC9FC22FBF7EF0A590A71DD44AE.d.ACF486AB6D462CEB331164EDC7D84F0E.e.6816/attribute/aria-checked - {}
COMMAND: GET /session/7f1686e11a340d92304ee7762c65784d/screenshot - {}
RESULT: {}
COMMAND: POST /session/7f1686e11a340d92304ee7762c65784d/element - {"using":"xpath","value":"//table[contains(@id, \"listView-innerSelectionPanelTable-listUl\")]/tbody/tr[11]/td[2]/div/div"}
RESULT: {}
RESULT: {"using":"xpath","value":"//table[contains(@id, \"listView-innerSelectionPanelTable-listUl\")]/tbody/tr[11]/td[2]/div/div"}
COMMAND: POST /session/7f1686e11a340d92304ee7762c65784d/element - {"using":"xpath","value":"//table[contains(@id, \"listView-innerSelectionPanelTable-listUl\")]/tbody/tr[11]/td[2]/div"}
RESULT: {"using":"xpath","value":"//table[contains(@id, \"listView-innerSelectionPanelTable-listUl\")]/tbody/tr[11]/td[2]/div"}
COMMAND: POST /session/7f1686e11a340d92304ee7762c65784d/element - {"using":"xpath","value":"//table[contains(@id, \"listView-innerSelectionPanelTable-listUl\")]/tbody/tr[11]/td[3]/div/div/span/span[1]/bdi"}
RESULT: {"using":"xpath","value":"//table[contains(@id, \"listView-innerSelectionPanelTable-listUl\")]/tbody/tr[11]/td[3]/div/div/span/span[1]/bdi"}
COMMAND: POST /session/7f1686e11a340d92304ee7762c65784d/execute/sync - {"script":"<script> [56 bytes]","args":[{"element-6066-11e4-a52e-4f735466cecf":"f.45271FC9FC22FBF7EF0A590A71DD44AE.d.ACF486AB6D462CEB331164EDC7D84F0E.e.6820","ELEMENT":"f.45271FC9FC22FBF7EF0A590A71DD44AE.d.ACF486AB6D462CEB331164EDC7D84F0E.e.6820"}]}
RESULT: {"script":"<script> [56 bytes]","args":[{"element-6066-11e4-a52e-4f735466cecf":"f.45271FC9FC22FBF7EF0A590A71DD44AE.d.ACF486AB6D462CEB331164EDC7D84F0E.e.6820","ELEMENT":"f.45271FC9FC22FBF7EF0A590A71DD44AE.d.ACF486AB6D462CEB331164EDC7D84F0E.e.6820"}]}
COMMAND: GET /session/7f1686e11a340d92304ee7762c65784d/element/f.45271FC9FC22FBF7EF0A590A71DD44AE.d.ACF486AB6D462CEB331164EDC7D84F0E.e.6819/attribute/aria-checked - {}
COMMAND: GET /session/7f1686e11a340d92304ee7762c65784d/screenshot - {}
RESULT: {}
COMMAND: POST /session/7f1686e11a340d92304ee7762c65784d/element - {"using":"xpath","value":"//table[contains(@id, \"listView-innerSelectionPanelTable-listUl\")]/tbody/tr[12]/td[2]/div/div"}
RESULT: {}
RESULT: {"using":"xpath","value":"//table[contains(@id, \"listView-innerSelectionPanelTable-listUl\")]/tbody/tr[12]/td[2]/div/div"}
COMMAND: POST /session/7f1686e11a340d92304ee7762c65784d/element - {"using":"xpath","value":"//table[contains(@id, \"listView-innerSelectionPanelTable-listUl\")]/tbody/tr[12]/td[2]/div"}
RESULT: {"using":"xpath","value":"//table[contains(@id, \"listView-innerSelectionPanelTable-listUl\")]/tbody/tr[12]/td[2]/div"}
COMMAND: POST /session/7f1686e11a340d92304ee7762c65784d/element - {"using":"xpath","value":"//table[contains(@id, \"listView-innerSelectionPanelTable-listUl\")]/tbody/tr[12]/td[3]/div/div/span/span[1]/bdi"}
RESULT: {"using":"xpath","value":"//table[contains(@id, \"listView-innerSelectionPanelTable-listUl\")]/tbody/tr[12]/td[3]/div/div/span/span[1]/bdi"}
COMMAND: POST /session/7f1686e11a340d92304ee7762c65784d/execute/sync - {"script":"<script> [56 bytes]","args":[{"element-6066-11e4-a52e-4f735466cecf":"f.45271FC9FC22FBF7EF0A590A71DD44AE.d.ACF486AB6D462CEB331164EDC7D84F0E.e.6823","ELEMENT":"f.45271FC9FC22FBF7EF0A590A71DD44AE.d.ACF486AB6D462CEB331164EDC7D84F0E.e.6823"}]}
RESULT: {"script":"<script> [56 bytes]","args":[{"element-6066-11e4-a52e-4f735466cecf":"f.45271FC9FC22FBF7EF0A590A71DD44AE.d.ACF486AB6D462CEB331164EDC7D84F0E.e.6823","ELEMENT":"f.45271FC9FC22FBF7EF0A590A71DD44AE.d.ACF486AB6D462CEB331164EDC7D84F0E.e.6823"}]}
COMMAND: GET /session/7f1686e11a340d92304ee7762c65784d/element/f.45271FC9FC22FBF7EF0A590A71DD44AE.d.ACF486AB6D462CEB331164EDC7D84F0E.e.6822/attribute/aria-checked - {}
COMMAND: GET /session/7f1686e11a340d92304ee7762c65784d/screenshot - {}
RESULT: {}
COMMAND: POST /session/7f1686e11a340d92304ee7762c65784d/element - {"using":"xpath","value":"//table[contains(@id, \"listView-innerSelectionPanelTable-listUl\")]/tbody/tr[13]/td[2]/div/div"}
RESULT: {}
RESULT: {"using":"xpath","value":"//table[contains(@id, \"listView-innerSelectionPanelTable-listUl\")]/tbody/tr[13]/td[2]/div/div"}
COMMAND: POST /session/7f1686e11a340d92304ee7762c65784d/element - {"using":"xpath","value":"//table[contains(@id, \"listView-innerSelectionPanelTable-listUl\")]/tbody/tr[13]/td[2]/div"}
RESULT: {"using":"xpath","value":"//table[contains(@id, \"listView-innerSelectionPanelTable-listUl\")]/tbody/tr[13]/td[2]/div"}
COMMAND: POST /session/7f1686e11a340d92304ee7762c65784d/element - {"using":"xpath","value":"//table[contains(@id, \"listView-innerSelectionPanelTable-listUl\")]/tbody/tr[13]/td[3]/div/div/span/span[1]/bdi"}
RESULT: {"using":"xpath","value":"//table[contains(@id, \"listView-innerSelectionPanelTable-listUl\")]/tbody/tr[13]/td[3]/div/div/span/span[1]/bdi"}
COMMAND: POST /session/7f1686e11a340d92304ee7762c65784d/execute/sync - {"script":"<script> [56 bytes]","args":[{"element-6066-11e4-a52e-4f735466cecf":"f.45271FC9FC22FBF7EF0A590A71DD44AE.d.ACF486AB6D462CEB331164EDC7D84F0E.e.6826","ELEMENT":"f.45271FC9FC22FBF7EF0A590A71DD44AE.d.ACF486AB6D462CEB331164EDC7D84F0E.e.6826"}]}
RESULT: {"script":"<script> [56 bytes]","args":[{"element-6066-11e4-a52e-4f735466cecf":"f.45271FC9FC22FBF7EF0A590A71DD44AE.d.ACF486AB6D462CEB331164EDC7D84F0E.e.6826","ELEMENT":"f.45271FC9FC22FBF7EF0A590A71DD44AE.d.ACF486AB6D462CEB331164EDC7D84F0E.e.6826"}]}
COMMAND: GET /session/7f1686e11a340d92304ee7762c65784d/element/f.45271FC9FC22FBF7EF0A590A71DD44AE.d.ACF486AB6D462CEB331164EDC7D84F0E.e.6825/attribute/aria-checked - {}
COMMAND: GET /session/7f1686e11a340d92304ee7762c65784d/screenshot - {}
RESULT: {}
COMMAND: POST /session/7f1686e11a340d92304ee7762c65784d/element - {"using":"xpath","value":"//table[contains(@id, \"listView-innerSelectionPanelTable-listUl\")]/tbody/tr[14]/td[2]/div/div"}
COMMAND: POST /session/7f1686e11a340d92304ee7762c65784d/element/f.45271FC9FC22FBF7EF0A590A71DD44AE.d.ACF486AB6D462CEB331164EDC7D84F0E.e.6824/click - {}
RESULT: {}
RESULT: {"using":"xpath","value":"//table[contains(@id, \"listView-innerSelectionPanelTable-listUl\")]/tbody/tr[14]/td[2]/div/div"}
COMMAND: POST /session/7f1686e11a340d92304ee7762c65784d/element - {"using":"xpath","value":"//table[contains(@id, \"listView-innerSelectionPanelTable-listUl\")]/tbody/tr[14]/td[2]/div"}
RESULT: {}
COMMAND: GET /session/7f1686e11a340d92304ee7762c65784d/screenshot - {}
RESULT: {"using":"xpath","value":"//table[contains(@id, \"listView-innerSelectionPanelTable-listUl\")]/tbody/tr[14]/td[2]/div"}
COMMAND: POST /session/7f1686e11a340d92304ee7762c65784d/element - {"using":"xpath","value":"//table[contains(@id, \"listView-innerSelectionPanelTable-listUl\")]/tbody/tr[14]/td[3]/div/div/span/span[1]/bdi"}
RESULT: {}
RESULT: {"using":"xpath","value":"//table[contains(@id, \"listView-innerSelectionPanelTable-listUl\")]/tbody/tr[14]/td[3]/div/div/span/span[1]/bdi"}
COMMAND: POST /session/7f1686e11a340d92304ee7762c65784d/execute/sync - {"script":"<script> [56 bytes]","args":[{"element-6066-11e4-a52e-4f735466cecf":"f.45271FC9FC22FBF7EF0A590A71DD44AE.d.ACF486AB6D462CEB331164EDC7D84F0E.e.6830","ELEMENT":"f.45271FC9FC22FBF7EF0A590A71DD44AE.d.ACF486AB6D462CEB331164EDC7D84F0E.e.6830"}]}
RESULT: {"script":"<script> [56 bytes]","args":[{"element-6066-11e4-a52e-4f735466cecf":"f.45271FC9FC22FBF7EF0A590A71DD44AE.d.ACF486AB6D462CEB331164EDC7D84F0E.e.6830","ELEMENT":"f.45271FC9FC22FBF7EF0A590A71DD44AE.d.ACF486AB6D462CEB331164EDC7D84F0E.e.6830"}]}
COMMAND: GET /session/7f1686e11a340d92304ee7762c65784d/element/f.45271FC9FC22FBF7EF0A590A71DD44AE.d.ACF486AB6D462CEB331164EDC7D84F0E.e.6829/attribute/aria-checked - {}
COMMAND: GET /session/7f1686e11a340d92304ee7762c65784d/screenshot - {}
RESULT: {}
COMMAND: POST /session/7f1686e11a340d92304ee7762c65784d/element - {"using":"xpath","value":"//table[contains(@id, \"listView-innerSelectionPanelTable-listUl\")]/tbody/tr[15]/td[2]/div/div"}
RESULT: {}
RESULT: {"using":"xpath","value":"//table[contains(@id, \"listView-innerSelectionPanelTable-listUl\")]/tbody/tr[15]/td[2]/div/div"}
COMMAND: POST /session/7f1686e11a340d92304ee7762c65784d/element - {"using":"xpath","value":"//table[contains(@id, \"listView-innerSelectionPanelTable-listUl\")]/tbody/tr[15]/td[2]/div"}
RESULT: {"using":"xpath","value":"//table[contains(@id, \"listView-innerSelectionPanelTable-listUl\")]/tbody/tr[15]/td[2]/div"}
COMMAND: POST /session/7f1686e11a340d92304ee7762c65784d/element - {"using":"xpath","value":"//table[contains(@id, \"listView-innerSelectionPanelTable-listUl\")]/tbody/tr[15]/td[3]/div/div/span/span[1]/bdi"}
RESULT: {"using":"xpath","value":"//table[contains(@id, \"listView-innerSelectionPanelTable-listUl\")]/tbody/tr[15]/td[3]/div/div/span/span[1]/bdi"}
COMMAND: POST /session/7f1686e11a340d92304ee7762c65784d/execute/sync - {"script":"<script> [56 bytes]","args":[{"element-6066-11e4-a52e-4f735466cecf":"f.45271FC9FC22FBF7EF0A590A71DD44AE.d.ACF486AB6D462CEB331164EDC7D84F0E.e.6833","ELEMENT":"f.45271FC9FC22FBF7EF0A590A71DD44AE.d.ACF486AB6D462CEB331164EDC7D84F0E.e.6833"}]}
RESULT: {"script":"<script> [56 bytes]","args":[{"element-6066-11e4-a52e-4f735466cecf":"f.45271FC9FC22FBF7EF0A590A71DD44AE.d.ACF486AB6D462CEB331164EDC7D84F0E.e.6833","ELEMENT":"f.45271FC9FC22FBF7EF0A590A71DD44AE.d.ACF486AB6D462CEB331164EDC7D84F0E.e.6833"}]}
COMMAND: GET /session/7f1686e11a340d92304ee7762c65784d/element/f.45271FC9FC22FBF7EF0A590A71DD44AE.d.ACF486AB6D462CEB331164EDC7D84F0E.e.6832/attribute/aria-checked - {}
COMMAND: GET /session/7f1686e11a340d92304ee7762c65784d/screenshot - {}
RESULT: {}
COMMAND: POST /session/7f1686e11a340d92304ee7762c65784d/element - {"using":"xpath","value":"//table[contains(@id, \"listView-innerSelectionPanelTable-listUl\")]/tbody/tr[16]/td[2]/div/div"}
RESULT: {}
RESULT: {"using":"xpath","value":"//table[contains(@id, \"listView-innerSelectionPanelTable-listUl\")]/tbody/tr[16]/td[2]/div/div"}
COMMAND: POST /session/7f1686e11a340d92304ee7762c65784d/element - {"using":"xpath","value":"//table[contains(@id, \"listView-innerSelectionPanelTable-listUl\")]/tbody/tr[16]/td[2]/div"}
RESULT: {"using":"xpath","value":"//table[contains(@id, \"listView-innerSelectionPanelTable-listUl\")]/tbody/tr[16]/td[2]/div"}
COMMAND: POST /session/7f1686e11a340d92304ee7762c65784d/element - {"using":"xpath","value":"//table[contains(@id, \"listView-innerSelectionPanelTable-listUl\")]/tbody/tr[16]/td[3]/div/div/span/span[1]/bdi"}
RESULT: {"using":"xpath","value":"//table[contains(@id, \"listView-innerSelectionPanelTable-listUl\")]/tbody/tr[16]/td[3]/div/div/span/span[1]/bdi"}
COMMAND: POST /session/7f1686e11a340d92304ee7762c65784d/execute/sync - {"script":"<script> [56 bytes]","args":[{"element-6066-11e4-a52e-4f735466cecf":"f.45271FC9FC22FBF7EF0A590A71DD44AE.d.ACF486AB6D462CEB331164EDC7D84F0E.e.6836","ELEMENT":"f.45271FC9FC22FBF7EF0A590A71DD44AE.d.ACF486AB6D462CEB331164EDC7D84F0E.e.6836"}]}
RESULT: {"script":"<script> [56 bytes]","args":[{"element-6066-11e4-a52e-4f735466cecf":"f.45271FC9FC22FBF7EF0A590A71DD44AE.d.ACF486AB6D462CEB331164EDC7D84F0E.e.6836","ELEMENT":"f.45271FC9FC22FBF7EF0A590A71DD44AE.d.ACF486AB6D462CEB331164EDC7D84F0E.e.6836"}]}
COMMAND: GET /session/7f1686e11a340d92304ee7762c65784d/element/f.45271FC9FC22FBF7EF0A590A71DD44AE.d.ACF486AB6D462CEB331164EDC7D84F0E.e.6835/attribute/aria-checked - {}
COMMAND: GET /session/7f1686e11a340d92304ee7762c65784d/screenshot - {}
RESULT: {}
COMMAND: POST /session/7f1686e11a340d92304ee7762c65784d/element - {"using":"xpath","value":"//table[contains(@id, \"listView-innerSelectionPanelTable-listUl\")]/tbody/tr[17]/td[2]/div/div"}
RESULT: {}
RESULT: {"using":"xpath","value":"//table[contains(@id, \"listView-innerSelectionPanelTable-listUl\")]/tbody/tr[17]/td[2]/div/div"}
COMMAND: POST /session/7f1686e11a340d92304ee7762c65784d/element - {"using":"xpath","value":"//table[contains(@id, \"listView-innerSelectionPanelTable-listUl\")]/tbody/tr[17]/td[2]/div"}
RESULT: {"using":"xpath","value":"//table[contains(@id, \"listView-innerSelectionPanelTable-listUl\")]/tbody/tr[17]/td[2]/div"}
COMMAND: POST /session/7f1686e11a340d92304ee7762c65784d/element - {"using":"xpath","value":"//table[contains(@id, \"listView-innerSelectionPanelTable-listUl\")]/tbody/tr[17]/td[3]/div/div/span/span[1]/bdi"}
RESULT: {"using":"xpath","value":"//table[contains(@id, \"listView-innerSelectionPanelTable-listUl\")]/tbody/tr[17]/td[3]/div/div/span/span[1]/bdi"}
COMMAND: POST /session/7f1686e11a340d92304ee7762c65784d/execute/sync - {"script":"<script> [56 bytes]","args":[{"element-6066-11e4-a52e-4f735466cecf":"f.45271FC9FC22FBF7EF0A590A71DD44AE.d.ACF486AB6D462CEB331164EDC7D84F0E.e.6839","ELEMENT":"f.45271FC9FC22FBF7EF0A590A71DD44AE.d.ACF486AB6D462CEB331164EDC7D84F0E.e.6839"}]}
RESULT: {"script":"<script> [56 bytes]","args":[{"element-6066-11e4-a52e-4f735466cecf":"f.45271FC9FC22FBF7EF0A590A71DD44AE.d.ACF486AB6D462CEB331164EDC7D84F0E.e.6839","ELEMENT":"f.45271FC9FC22FBF7EF0A590A71DD44AE.d.ACF486AB6D462CEB331164EDC7D84F0E.e.6839"}]}
COMMAND: GET /session/7f1686e11a340d92304ee7762c65784d/element/f.45271FC9FC22FBF7EF0A590A71DD44AE.d.ACF486AB6D462CEB331164EDC7D84F0E.e.6838/attribute/aria-checked - {}
COMMAND: GET /session/7f1686e11a340d92304ee7762c65784d/screenshot - {}
RESULT: {}
COMMAND: POST /session/7f1686e11a340d92304ee7762c65784d/element - {"using":"xpath","value":"//table[contains(@id, \"listView-innerSelectionPanelTable-listUl\")]/tbody/tr[18]/td[2]/div/div"}
RESULT: {}
RESULT: {"using":"xpath","value":"//table[contains(@id, \"listView-innerSelectionPanelTable-listUl\")]/tbody/tr[18]/td[2]/div/div"}
COMMAND: POST /session/7f1686e11a340d92304ee7762c65784d/element - {"using":"xpath","value":"//table[contains(@id, \"listView-innerSelectionPanelTable-listUl\")]/tbody/tr[18]/td[2]/div"}
RESULT: {"using":"xpath","value":"//table[contains(@id, \"listView-innerSelectionPanelTable-listUl\")]/tbody/tr[18]/td[2]/div"}
COMMAND: POST /session/7f1686e11a340d92304ee7762c65784d/element - {"using":"xpath","value":"//table[contains(@id, \"listView-innerSelectionPanelTable-listUl\")]/tbody/tr[18]/td[3]/div/div/span/span[1]/bdi"}
RESULT: {"using":"xpath","value":"//table[contains(@id, \"listView-innerSelectionPanelTable-listUl\")]/tbody/tr[18]/td[3]/div/div/span/span[1]/bdi"}
COMMAND: POST /session/7f1686e11a340d92304ee7762c65784d/execute/sync - {"script":"<script> [56 bytes]","args":[{"element-6066-11e4-a52e-4f735466cecf":"f.45271FC9FC22FBF7EF0A590A71DD44AE.d.ACF486AB6D462CEB331164EDC7D84F0E.e.6842","ELEMENT":"f.45271FC9FC22FBF7EF0A590A71DD44AE.d.ACF486AB6D462CEB331164EDC7D84F0E.e.6842"}]}
RESULT: {"script":"<script> [56 bytes]","args":[{"element-6066-11e4-a52e-4f735466cecf":"f.45271FC9FC22FBF7EF0A590A71DD44AE.d.ACF486AB6D462CEB331164EDC7D84F0E.e.6842","ELEMENT":"f.45271FC9FC22FBF7EF0A590A71DD44AE.d.ACF486AB6D462CEB331164EDC7D84F0E.e.6842"}]}
COMMAND: GET /session/7f1686e11a340d92304ee7762c65784d/element/f.45271FC9FC22FBF7EF0A590A71DD44AE.d.ACF486AB6D462CEB331164EDC7D84F0E.e.6841/attribute/aria-checked - {}
COMMAND: GET /session/7f1686e11a340d92304ee7762c65784d/screenshot - {}
RESULT: {}
COMMAND: POST /session/7f1686e11a340d92304ee7762c65784d/element - {"using":"xpath","value":"//table[contains(@id, \"listView-innerSelectionPanelTable-listUl\")]/tbody/tr[19]/td[2]/div/div"}
RESULT: {}
RESULT: {"using":"xpath","value":"//table[contains(@id, \"listView-innerSelectionPanelTable-listUl\")]/tbody/tr[19]/td[2]/div/div"}
COMMAND: POST /session/7f1686e11a340d92304ee7762c65784d/element - {"using":"xpath","value":"//table[contains(@id, \"listView-innerSelectionPanelTable-listUl\")]/tbody/tr[19]/td[2]/div"}
RESULT: {"using":"xpath","value":"//table[contains(@id, \"listView-innerSelectionPanelTable-listUl\")]/tbody/tr[19]/td[2]/div"}
COMMAND: POST /session/7f1686e11a340d92304ee7762c65784d/element - {"using":"xpath","value":"//table[contains(@id, \"listView-innerSelectionPanelTable-listUl\")]/tbody/tr[19]/td[3]/div/div/span/span[1]/bdi"}
RESULT: {"using":"xpath","value":"//table[contains(@id, \"listView-innerSelectionPanelTable-listUl\")]/tbody/tr[19]/td[3]/div/div/span/span[1]/bdi"}
COMMAND: POST /session/7f1686e11a340d92304ee7762c65784d/execute/sync - {"script":"<script> [56 bytes]","args":[{"element-6066-11e4-a52e-4f735466cecf":"f.45271FC9FC22FBF7EF0A590A71DD44AE.d.ACF486AB6D462CEB331164EDC7D84F0E.e.6845","ELEMENT":"f.45271FC9FC22FBF7EF0A590A71DD44AE.d.ACF486AB6D462CEB331164EDC7D84F0E.e.6845"}]}
RESULT: {"script":"<script> [56 bytes]","args":[{"element-6066-11e4-a52e-4f735466cecf":"f.45271FC9FC22FBF7EF0A590A71DD44AE.d.ACF486AB6D462CEB331164EDC7D84F0E.e.6845","ELEMENT":"f.45271FC9FC22FBF7EF0A590A71DD44AE.d.ACF486AB6D462CEB331164EDC7D84F0E.e.6845"}]}
COMMAND: GET /session/7f1686e11a340d92304ee7762c65784d/element/f.45271FC9FC22FBF7EF0A590A71DD44AE.d.ACF486AB6D462CEB331164EDC7D84F0E.e.6844/attribute/aria-checked - {}
COMMAND: GET /session/7f1686e11a340d92304ee7762c65784d/screenshot - {}
RESULT: {}
COMMAND: POST /session/7f1686e11a340d92304ee7762c65784d/element - {"using":"xpath","value":"//table[contains(@id, \"listView-innerSelectionPanelTable-listUl\")]/tbody/tr[20]/td[2]/div/div"}
RESULT: {}
RESULT: {"using":"xpath","value":"//table[contains(@id, \"listView-innerSelectionPanelTable-listUl\")]/tbody/tr[20]/td[2]/div/div"}
COMMAND: POST /session/7f1686e11a340d92304ee7762c65784d/element - {"using":"xpath","value":"//table[contains(@id, \"listView-innerSelectionPanelTable-listUl\")]/tbody/tr[20]/td[2]/div"}
RESULT: {"using":"xpath","value":"//table[contains(@id, \"listView-innerSelectionPanelTable-listUl\")]/tbody/tr[20]/td[2]/div"}
COMMAND: POST /session/7f1686e11a340d92304ee7762c65784d/element - {"using":"xpath","value":"//table[contains(@id, \"listView-innerSelectionPanelTable-listUl\")]/tbody/tr[20]/td[3]/div/div/span/span[1]/bdi"}
RESULT: {"using":"xpath","value":"//table[contains(@id, \"listView-innerSelectionPanelTable-listUl\")]/tbody/tr[20]/td[3]/div/div/span/span[1]/bdi"}
COMMAND: POST /session/7f1686e11a340d92304ee7762c65784d/execute/sync - {"script":"<script> [56 bytes]","args":[{"element-6066-11e4-a52e-4f735466cecf":"f.45271FC9FC22FBF7EF0A590A71DD44AE.d.ACF486AB6D462CEB331164EDC7D84F0E.e.6848","ELEMENT":"f.45271FC9FC22FBF7EF0A590A71DD44AE.d.ACF486AB6D462CEB331164EDC7D84F0E.e.6848"}]}
RESULT: {"script":"<script> [56 bytes]","args":[{"element-6066-11e4-a52e-4f735466cecf":"f.45271FC9FC22FBF7EF0A590A71DD44AE.d.ACF486AB6D462CEB331164EDC7D84F0E.e.6848","ELEMENT":"f.45271FC9FC22FBF7EF0A590A71DD44AE.d.ACF486AB6D462CEB331164EDC7D84F0E.e.6848"}]}
COMMAND: GET /session/7f1686e11a340d92304ee7762c65784d/element/f.45271FC9FC22FBF7EF0A590A71DD44AE.d.ACF486AB6D462CEB331164EDC7D84F0E.e.6847/attribute/aria-checked - {}
COMMAND: GET /session/7f1686e11a340d92304ee7762c65784d/screenshot - {}
RESULT: {}
COMMAND: POST /session/7f1686e11a340d92304ee7762c65784d/element - {"using":"xpath","value":"//table[contains(@id, \"listView-innerSelectionPanelTable-listUl\")]/tbody/tr[21]/td[2]/div/div"}
RESULT: {}
RESULT: {"using":"xpath","value":"//table[contains(@id, \"listView-innerSelectionPanelTable-listUl\")]/tbody/tr[21]/td[2]/div/div"}
COMMAND: POST /session/7f1686e11a340d92304ee7762c65784d/element - {"using":"xpath","value":"//table[contains(@id, \"listView-innerSelectionPanelTable-listUl\")]/tbody/tr[21]/td[2]/div"}
RESULT: {"using":"xpath","value":"//table[contains(@id, \"listView-innerSelectionPanelTable-listUl\")]/tbody/tr[21]/td[2]/div"}
COMMAND: POST /session/7f1686e11a340d92304ee7762c65784d/element - {"using":"xpath","value":"//table[contains(@id, \"listView-innerSelectionPanelTable-listUl\")]/tbody/tr[21]/td[3]/div/div/span/span[1]/bdi"}
RESULT: {"using":"xpath","value":"//table[contains(@id, \"listView-innerSelectionPanelTable-listUl\")]/tbody/tr[21]/td[3]/div/div/span/span[1]/bdi"}
COMMAND: POST /session/7f1686e11a340d92304ee7762c65784d/execute/sync - {"script":"<script> [56 bytes]","args":[{"element-6066-11e4-a52e-4f735466cecf":"f.45271FC9FC22FBF7EF0A590A71DD44AE.d.ACF486AB6D462CEB331164EDC7D84F0E.e.6851","ELEMENT":"f.45271FC9FC22FBF7EF0A590A71DD44AE.d.ACF486AB6D462CEB331164EDC7D84F0E.e.6851"}]}
RESULT: {"script":"<script> [56 bytes]","args":[{"element-6066-11e4-a52e-4f735466cecf":"f.45271FC9FC22FBF7EF0A590A71DD44AE.d.ACF486AB6D462CEB331164EDC7D84F0E.e.6851","ELEMENT":"f.45271FC9FC22FBF7EF0A590A71DD44AE.d.ACF486AB6D462CEB331164EDC7D84F0E.e.6851"}]}
COMMAND: GET /session/7f1686e11a340d92304ee7762c65784d/element/f.45271FC9FC22FBF7EF0A590A71DD44AE.d.ACF486AB6D462CEB331164EDC7D84F0E.e.6850/attribute/aria-checked - {}
COMMAND: GET /session/7f1686e11a340d92304ee7762c65784d/screenshot - {}
RESULT: {}
COMMAND: POST /session/7f1686e11a340d92304ee7762c65784d/element - {"using":"xpath","value":"//table[contains(@id, \"listView-innerSelectionPanelTable-listUl\")]/tbody/tr[22]/td[2]/div/div"}
RESULT: {}
RESULT: {"using":"xpath","value":"//table[contains(@id, \"listView-innerSelectionPanelTable-listUl\")]/tbody/tr[22]/td[2]/div/div"}
COMMAND: POST /session/7f1686e11a340d92304ee7762c65784d/element - {"using":"xpath","value":"//table[contains(@id, \"listView-innerSelectionPanelTable-listUl\")]/tbody/tr[22]/td[2]/div"}
RESULT: {"using":"xpath","value":"//table[contains(@id, \"listView-innerSelectionPanelTable-listUl\")]/tbody/tr[22]/td[2]/div"}
COMMAND: POST /session/7f1686e11a340d92304ee7762c65784d/element - {"using":"xpath","value":"//table[contains(@id, \"listView-innerSelectionPanelTable-listUl\")]/tbody/tr[22]/td[3]/div/div/span/span[1]/bdi"}
RESULT: {"using":"xpath","value":"//table[contains(@id, \"listView-innerSelectionPanelTable-listUl\")]/tbody/tr[22]/td[3]/div/div/span/span[1]/bdi"}
COMMAND: POST /session/7f1686e11a340d92304ee7762c65784d/execute/sync - {"script":"<script> [56 bytes]","args":[{"element-6066-11e4-a52e-4f735466cecf":"f.45271FC9FC22FBF7EF0A590A71DD44AE.d.ACF486AB6D462CEB331164EDC7D84F0E.e.6854","ELEMENT":"f.45271FC9FC22FBF7EF0A590A71DD44AE.d.ACF486AB6D462CEB331164EDC7D84F0E.e.6854"}]}
RESULT: {"script":"<script> [56 bytes]","args":[{"element-6066-11e4-a52e-4f735466cecf":"f.45271FC9FC22FBF7EF0A590A71DD44AE.d.ACF486AB6D462CEB331164EDC7D84F0E.e.6854","ELEMENT":"f.45271FC9FC22FBF7EF0A590A71DD44AE.d.ACF486AB6D462CEB331164EDC7D84F0E.e.6854"}]}
COMMAND: GET /session/7f1686e11a340d92304ee7762c65784d/element/f.45271FC9FC22FBF7EF0A590A71DD44AE.d.ACF486AB6D462CEB331164EDC7D84F0E.e.6853/attribute/aria-checked - {}
COMMAND: GET /session/7f1686e11a340d92304ee7762c65784d/screenshot - {}
RESULT: {}
COMMAND: POST /session/7f1686e11a340d92304ee7762c65784d/element - {"using":"xpath","value":"//table[contains(@id, \"listView-innerSelectionPanelTable-listUl\")]/tbody/tr[23]/td[2]/div/div"}
RESULT: {}
RESULT: {"using":"xpath","value":"//table[contains(@id, \"listView-innerSelectionPanelTable-listUl\")]/tbody/tr[23]/td[2]/div/div"}
COMMAND: POST /session/7f1686e11a340d92304ee7762c65784d/element - {"using":"xpath","value":"//table[contains(@id, \"listView-innerSelectionPanelTable-listUl\")]/tbody/tr[23]/td[2]/div"}
RESULT: {"using":"xpath","value":"//table[contains(@id, \"listView-innerSelectionPanelTable-listUl\")]/tbody/tr[23]/td[2]/div"}
COMMAND: POST /session/7f1686e11a340d92304ee7762c65784d/element - {"using":"xpath","value":"//table[contains(@id, \"listView-innerSelectionPanelTable-listUl\")]/tbody/tr[23]/td[3]/div/div/span/span[1]/bdi"}
RESULT: {"using":"xpath","value":"//table[contains(@id, \"listView-innerSelectionPanelTable-listUl\")]/tbody/tr[23]/td[3]/div/div/span/span[1]/bdi"}
COMMAND: POST /session/7f1686e11a340d92304ee7762c65784d/execute/sync - {"script":"<script> [56 bytes]","args":[{"element-6066-11e4-a52e-4f735466cecf":"f.45271FC9FC22FBF7EF0A590A71DD44AE.d.ACF486AB6D462CEB331164EDC7D84F0E.e.6857","ELEMENT":"f.45271FC9FC22FBF7EF0A590A71DD44AE.d.ACF486AB6D462CEB331164EDC7D84F0E.e.6857"}]}
RESULT: {"script":"<script> [56 bytes]","args":[{"element-6066-11e4-a52e-4f735466cecf":"f.45271FC9FC22FBF7EF0A590A71DD44AE.d.ACF486AB6D462CEB331164EDC7D84F0E.e.6857","ELEMENT":"f.45271FC9FC22FBF7EF0A590A71DD44AE.d.ACF486AB6D462CEB331164EDC7D84F0E.e.6857"}]}
COMMAND: GET /session/7f1686e11a340d92304ee7762c65784d/element/f.45271FC9FC22FBF7EF0A590A71DD44AE.d.ACF486AB6D462CEB331164EDC7D84F0E.e.6856/attribute/aria-checked - {}
COMMAND: GET /session/7f1686e11a340d92304ee7762c65784d/screenshot - {}
RESULT: {}
COMMAND: POST /session/7f1686e11a340d92304ee7762c65784d/element - {"using":"xpath","value":"//table[contains(@id, \"listView-innerSelectionPanelTable-listUl\")]/tbody/tr[24]/td[2]/div/div"}
RESULT: {}
RESULT: {"using":"xpath","value":"//table[contains(@id, \"listView-innerSelectionPanelTable-listUl\")]/tbody/tr[24]/td[2]/div/div"}
COMMAND: POST /session/7f1686e11a340d92304ee7762c65784d/element - {"using":"xpath","value":"//table[contains(@id, \"listView-innerSelectionPanelTable-listUl\")]/tbody/tr[24]/td[2]/div"}
RESULT: {"using":"xpath","value":"//table[contains(@id, \"listView-innerSelectionPanelTable-listUl\")]/tbody/tr[24]/td[2]/div"}
COMMAND: POST /session/7f1686e11a340d92304ee7762c65784d/element - {"using":"xpath","value":"//table[contains(@id, \"listView-innerSelectionPanelTable-listUl\")]/tbody/tr[24]/td[3]/div/div/span/span[1]/bdi"}
RESULT: {"using":"xpath","value":"//table[contains(@id, \"listView-innerSelectionPanelTable-listUl\")]/tbody/tr[24]/td[3]/div/div/span/span[1]/bdi"}
COMMAND: POST /session/7f1686e11a340d92304ee7762c65784d/execute/sync - {"script":"<script> [56 bytes]","args":[{"element-6066-11e4-a52e-4f735466cecf":"f.45271FC9FC22FBF7EF0A590A71DD44AE.d.ACF486AB6D462CEB331164EDC7D84F0E.e.6860","ELEMENT":"f.45271FC9FC22FBF7EF0A590A71DD44AE.d.ACF486AB6D462CEB331164EDC7D84F0E.e.6860"}]}
RESULT: {"script":"<script> [56 bytes]","args":[{"element-6066-11e4-a52e-4f735466cecf":"f.45271FC9FC22FBF7EF0A590A71DD44AE.d.ACF486AB6D462CEB331164EDC7D84F0E.e.6860","ELEMENT":"f.45271FC9FC22FBF7EF0A590A71DD44AE.d.ACF486AB6D462CEB331164EDC7D84F0E.e.6860"}]}
COMMAND: GET /session/7f1686e11a340d92304ee7762c65784d/element/f.45271FC9FC22FBF7EF0A590A71DD44AE.d.ACF486AB6D462CEB331164EDC7D84F0E.e.6859/attribute/aria-checked - {}
COMMAND: GET /session/7f1686e11a340d92304ee7762c65784d/screenshot - {}
RESULT: {}
COMMAND: POST /session/7f1686e11a340d92304ee7762c65784d/element - {"using":"xpath","value":"//table[contains(@id, \"listView-innerSelectionPanelTable-listUl\")]/tbody/tr[25]/td[2]/div/div"}
RESULT: {}
RESULT: {"using":"xpath","value":"//table[contains(@id, \"listView-innerSelectionPanelTable-listUl\")]/tbody/tr[25]/td[2]/div/div"}
COMMAND: POST /session/7f1686e11a340d92304ee7762c65784d/element - {"using":"xpath","value":"//table[contains(@id, \"listView-innerSelectionPanelTable-listUl\")]/tbody/tr[25]/td[2]/div"}
RESULT: {"using":"xpath","value":"//table[contains(@id, \"listView-innerSelectionPanelTable-listUl\")]/tbody/tr[25]/td[2]/div"}
COMMAND: POST /session/7f1686e11a340d92304ee7762c65784d/element - {"using":"xpath","value":"//table[contains(@id, \"listView-innerSelectionPanelTable-listUl\")]/tbody/tr[25]/td[3]/div/div/span/span[1]/bdi"}
RESULT: {"using":"xpath","value":"//table[contains(@id, \"listView-innerSelectionPanelTable-listUl\")]/tbody/tr[25]/td[3]/div/div/span/span[1]/bdi"}
COMMAND: POST /session/7f1686e11a340d92304ee7762c65784d/execute/sync - {"script":"<script> [56 bytes]","args":[{"element-6066-11e4-a52e-4f735466cecf":"f.45271FC9FC22FBF7EF0A590A71DD44AE.d.ACF486AB6D462CEB331164EDC7D84F0E.e.6863","ELEMENT":"f.45271FC9FC22FBF7EF0A590A71DD44AE.d.ACF486AB6D462CEB331164EDC7D84F0E.e.6863"}]}
RESULT: {"script":"<script> [56 bytes]","args":[{"element-6066-11e4-a52e-4f735466cecf":"f.45271FC9FC22FBF7EF0A590A71DD44AE.d.ACF486AB6D462CEB331164EDC7D84F0E.e.6863","ELEMENT":"f.45271FC9FC22FBF7EF0A590A71DD44AE.d.ACF486AB6D462CEB331164EDC7D84F0E.e.6863"}]}
COMMAND: GET /session/7f1686e11a340d92304ee7762c65784d/element/f.45271FC9FC22FBF7EF0A590A71DD44AE.d.ACF486AB6D462CEB331164EDC7D84F0E.e.6862/attribute/aria-checked - {}
COMMAND: GET /session/7f1686e11a340d92304ee7762c65784d/screenshot - {}
RESULT: {}
COMMAND: POST /session/7f1686e11a340d92304ee7762c65784d/element - {"using":"xpath","value":"//bdi[contains(text(), \"OK\")]"}
RESULT: {}
RESULT: {"using":"xpath","value":"//bdi[contains(text(), \"OK\")]"}
COMMAND: POST /session/7f1686e11a340d92304ee7762c65784d/element/f.45271FC9FC22FBF7EF0A590A71DD44AE.d.ACF486AB6D462CEB331164EDC7D84F0E.e.6864/click - {}
RESULT: {}
COMMAND: GET /session/7f1686e11a340d92304ee7762c65784d/screenshot - {}
RESULT: {}
COMMAND: POST /session/7f1686e11a340d92304ee7762c65784d/execute/async - {"script":"<script> [1562 bytes]","args":[{"selector":{"id":"application-managepartners-display-component---masterPtm--smartFilterBar-filterItemControlA_-LINK_TO_ADDRESSES_MAIN.CITY1-vhi"},"wdio_ui5_key":"applicationmanagepartners-display-component---masterPtm--smartFilterBar-filterItemControlA_-LINK_TO_ADDRESSES_MAIN.CITY1-vhi"}]}
RESULT: {"script":"<script> [1562 bytes]","args":[{"selector":{"id":"application-managepartners-display-component---masterPtm--smartFilterBar-filterItemControlA_-LINK_TO_ADDRESSES_MAIN.CITY1-vhi"},"wdio_ui5_key":"applicationmanagepartners-display-component---masterPtm--smartFilterBar-filterItemControlA_-LINK_TO_ADDRESSES_MAIN.CITY1-vhi"}]}
RESULT: undefined
COMMAND: POST /session/7f1686e11a340d92304ee7762c65784d/element - {"using":"xpath","value":"//*[@id=\"application-managepartners-display-component---masterPtm--smartFilterBar-filterItemControlA_-LINK_TO_ADDRESSES_MAIN.CITY1-vhi\"]"}
RESULT: {"using":"xpath","value":"//*[@id=\"application-managepartners-display-component---masterPtm--smartFilterBar-filterItemControlA_-LINK_TO_ADDRESSES_MAIN.CITY1-vhi\"]"}
COMMAND: POST /session/7f1686e11a340d92304ee7762c65784d/element/f.45271FC9FC22FBF7EF0A590A71DD44AE.d.ACF486AB6D462CEB331164EDC7D84F0E.e.6878/click - {}
RESULT: {}
COMMAND: GET /session/7f1686e11a340d92304ee7762c65784d/screenshot - {}
RESULT: {}
COMMAND: POST /session/7f1686e11a340d92304ee7762c65784d/execute/async - {"script":"<script> [1562 bytes]","args":[{"selector":{"controlType":"sap.m.Input","viewName":"etm.portal.ui.managepartners.view.Master","viewId":"application-managepartners-display-component---masterPtm","properties":{"valueState":"None"},"searchOpenDialogs":true,"interaction":{"idSuffix":"inner"}},"wdio_ui5_key":"etmportal.ui.managepartners.view.Mastersap.m.Input{\"valueState\":\"None\"}"}]}
RESULT: {"script":"<script> [1562 bytes]","args":[{"selector":{"controlType":"sap.m.Input","viewName":"etm.portal.ui.managepartners.view.Master","viewId":"application-managepartners-display-component---masterPtm","properties":{"valueState":"None"},"searchOpenDialogs":true,"interaction":{"idSuffix":"inner"}},"wdio_ui5_key":"etmportal.ui.managepartners.view.Mastersap.m.Input{\"valueState\":\"None\"}"}]}
RESULT: undefined
COMMAND: POST /session/7f1686e11a340d92304ee7762c65784d/execute/async - {"script":"<script> [776 bytes]","args":[{"enterText":"Bangalore","selector":{"controlType":"sap.m.Input","viewName":"etm.portal.ui.managepartners.view.Master","viewId":"application-managepartners-display-component---masterPtm","properties":{"valueState":"None"},"searchOpenDialogs":true,"interaction":{"idSuffix":"inner"}},"clearTextFirst":true,"interactionType":"ENTER_TEXT"}]}
RESULT: {"script":"<script> [776 bytes]","args":[{"enterText":"Bangalore","selector":{"controlType":"sap.m.Input","viewName":"etm.portal.ui.managepartners.view.Master","viewId":"application-managepartners-display-component---masterPtm","properties":{"valueState":"None"},"searchOpenDialogs":true,"interaction":{"idSuffix":"inner"}},"clearTextFirst":true,"interactionType":"ENTER_TEXT"}]}
COMMAND: POST /session/7f1686e11a340d92304ee7762c65784d/actions - {"actions":[{"id":"action21","type":"key","parameters":{},"actions":[{"type":"keyDown","value":""},{"type":"pause","duration":10},{"type":"keyUp","value":""}]}]}
RESULT: {"actions":[{"id":"action21","type":"key","parameters":{},"actions":[{"type":"keyDown","value":""},{"type":"pause","duration":10},{"type":"keyUp","value":""}]}]}
COMMAND: GET /session/7f1686e11a340d92304ee7762c65784d/screenshot - {}
RESULT: {}
COMMAND: POST /session/7f1686e11a340d92304ee7762c65784d/element - {"using":"xpath","value":"(//bdi[contains(text(), \"OK\")])[1]"}
RESULT: {"using":"xpath","value":"(//bdi[contains(text(), \"OK\")])[1]"}
COMMAND: POST /session/7f1686e11a340d92304ee7762c65784d/element/f.45271FC9FC22FBF7EF0A590A71DD44AE.d.ACF486AB6D462CEB331164EDC7D84F0E.e.6884/click - {}
RESULT: {}
COMMAND: GET /session/7f1686e11a340d92304ee7762c65784d/screenshot - {}
RESULT: {}
COMMAND: POST /session/7f1686e11a340d92304ee7762c65784d/element - {"using":"xpath","value":"//span[@id=\"application-managepartners-display-component---masterPtm--smartTable-header-inner\"]"}
RESULT: {"using":"xpath","value":"//span[@id=\"application-managepartners-display-component---masterPtm--smartTable-header-inner\"]"}
COMMAND: POST /session/7f1686e11a340d92304ee7762c65784d/elements - {"using":"xpath","value":"//span[@id=\"application-managepartners-display-component---masterPtm--smartTable-header-inner\"]"}
RESULT: {"using":"xpath","value":"//span[@id=\"application-managepartners-display-component---masterPtm--smartTable-header-inner\"]"}
COMMAND: POST /session/7f1686e11a340d92304ee7762c65784d/execute/sync - {"script":"<script> [56 bytes]","args":[{"element-6066-11e4-a52e-4f735466cecf":"f.45271FC9FC22FBF7EF0A590A71DD44AE.d.ACF486AB6D462CEB331164EDC7D84F0E.e.5999","ELEMENT":"f.45271FC9FC22FBF7EF0A590A71DD44AE.d.ACF486AB6D462CEB331164EDC7D84F0E.e.5999"}]}
RESULT: {"script":"<script> [56 bytes]","args":[{"element-6066-11e4-a52e-4f735466cecf":"f.45271FC9FC22FBF7EF0A590A71DD44AE.d.ACF486AB6D462CEB331164EDC7D84F0E.e.5999","ELEMENT":"f.45271FC9FC22FBF7EF0A590A71DD44AE.d.ACF486AB6D462CEB331164EDC7D84F0E.e.5999"}]}
COMMAND: POST /session/7f1686e11a340d92304ee7762c65784d/element - {"using":"xpath","value":"//span[contains(@title, \"Remove\")]"}
COMMAND: GET /session/7f1686e11a340d92304ee7762c65784d/screenshot - {}
RESULT: {"using":"xpath","value":"//span[contains(@title, \"Remove\")]"}
COMMAND: POST /session/7f1686e11a340d92304ee7762c65784d/element/f.45271FC9FC22FBF7EF0A590A71DD44AE.d.ACF486AB6D462CEB331164EDC7D84F0E.e.7049/click - {}
RESULT: {}
RESULT: {}
COMMAND: GET /session/7f1686e11a340d92304ee7762c65784d/screenshot - {}
RESULT: {}
COMMAND: POST /session/7f1686e11a340d92304ee7762c65784d/element - {"using":"xpath","value":"//span[@id=\"application-managepartners-display-component---masterPtm--smartTable-header-inner\"]"}
RESULT: {"using":"xpath","value":"//span[@id=\"application-managepartners-display-component---masterPtm--smartTable-header-inner\"]"}
COMMAND: POST /session/7f1686e11a340d92304ee7762c65784d/elements - {"using":"xpath","value":"//span[@id=\"application-managepartners-display-component---masterPtm--smartTable-header-inner\"]"}
RESULT: {"using":"xpath","value":"//span[@id=\"application-managepartners-display-component---masterPtm--smartTable-header-inner\"]"}
COMMAND: POST /session/7f1686e11a340d92304ee7762c65784d/execute/sync - {"script":"<script> [56 bytes]","args":[{"element-6066-11e4-a52e-4f735466cecf":"f.45271FC9FC22FBF7EF0A590A71DD44AE.d.ACF486AB6D462CEB331164EDC7D84F0E.e.5999","ELEMENT":"f.45271FC9FC22FBF7EF0A590A71DD44AE.d.ACF486AB6D462CEB331164EDC7D84F0E.e.5999"}]}
RESULT: {"script":"<script> [56 bytes]","args":[{"element-6066-11e4-a52e-4f735466cecf":"f.45271FC9FC22FBF7EF0A590A71DD44AE.d.ACF486AB6D462CEB331164EDC7D84F0E.e.5999","ELEMENT":"f.45271FC9FC22FBF7EF0A590A71DD44AE.d.ACF486AB6D462CEB331164EDC7D84F0E.e.5999"}]}
COMMAND: POST /session/7f1686e11a340d92304ee7762c65784d/element - {"using":"css selector","value":"#shell-header-logo"}
COMMAND: GET /session/7f1686e11a340d92304ee7762c65784d/screenshot - {}
RESULT: {"using":"css selector","value":"#shell-header-logo"}
COMMAND: POST /session/7f1686e11a340d92304ee7762c65784d/element/f.45271FC9FC22FBF7EF0A590A71DD44AE.d.ACF486AB6D462CEB331164EDC7D84F0E.e.5830/click - {}
RESULT: {}
RESULT: {}
COMMAND: GET /session/7f1686e11a340d92304ee7762c65784d/screenshot - {}
RESULT: {}
]]></system-out>
    </testcase>
    <testcase classname="chrome.135_0_7049_42.windows.Partner_specific_tests_US150819_US151080_US151654_US151176_US103444_US151078_US151079_US151109_US151174_US151175_US151189" name="Should try to save empty partner US151174" time="54.475">
      <system-out><![CDATA[
COMMAND: POST /session/7f1686e11a340d92304ee7762c65784d/element - {"using":"xpath","value":"//li[.//span[text()=\"Manage Partners\"]]"}
RESULT: {"using":"xpath","value":"//li[.//span[text()=\"Manage Partners\"]]"}
COMMAND: POST /session/7f1686e11a340d92304ee7762c65784d/element - {"using":"xpath","value":"//li[.//span[text()=\"Manage Partners\"]]"}
RESULT: {"using":"xpath","value":"//li[.//span[text()=\"Manage Partners\"]]"}
COMMAND: POST /session/7f1686e11a340d92304ee7762c65784d/element - {"using":"css selector","value":"#shell-header-logo"}
RESULT: {"using":"css selector","value":"#shell-header-logo"}
COMMAND: POST /session/7f1686e11a340d92304ee7762c65784d/element/f.45271FC9FC22FBF7EF0A590A71DD44AE.d.ACF486AB6D462CEB331164EDC7D84F0E.e.7138/click - {}
COMMAND: POST /session/7f1686e11a340d92304ee7762c65784d/execute/sync - {"script":"<script> [8489 bytes]","args":[{"element-6066-11e4-a52e-4f735466cecf":"f.45271FC9FC22FBF7EF0A590A71DD44AE.d.ACF486AB6D462CEB331164EDC7D84F0E.e.7138","ELEMENT":"f.45271FC9FC22FBF7EF0A590A71DD44AE.d.ACF486AB6D462CEB331164EDC7D84F0E.e.7138"}]}
RESULT: {}
COMMAND: GET /session/7f1686e11a340d92304ee7762c65784d/screenshot - {}
RESULT: {"script":"<script> [8489 bytes]","args":[{"element-6066-11e4-a52e-4f735466cecf":"f.45271FC9FC22FBF7EF0A590A71DD44AE.d.ACF486AB6D462CEB331164EDC7D84F0E.e.7138","ELEMENT":"f.45271FC9FC22FBF7EF0A590A71DD44AE.d.ACF486AB6D462CEB331164EDC7D84F0E.e.7138"}]}
COMMAND: POST /session/7f1686e11a340d92304ee7762c65784d/execute/sync - {"script":"<script> [5351 bytes]","args":[{"element-6066-11e4-a52e-4f735466cecf":"f.45271FC9FC22FBF7EF0A590A71DD44AE.d.ACF486AB6D462CEB331164EDC7D84F0E.e.7138","ELEMENT":"f.45271FC9FC22FBF7EF0A590A71DD44AE.d.ACF486AB6D462CEB331164EDC7D84F0E.e.7138"}]}
COMMAND: GET /session/7f1686e11a340d92304ee7762c65784d/screenshot - {}
RESULT: {}
RESULT: {"script":"<script> [5351 bytes]","args":[{"element-6066-11e4-a52e-4f735466cecf":"f.45271FC9FC22FBF7EF0A590A71DD44AE.d.ACF486AB6D462CEB331164EDC7D84F0E.e.7138","ELEMENT":"f.45271FC9FC22FBF7EF0A590A71DD44AE.d.ACF486AB6D462CEB331164EDC7D84F0E.e.7138"}]}
COMMAND: GET /session/7f1686e11a340d92304ee7762c65784d/screenshot - {}
RESULT: {}
RESULT: {}
RESULT: undefined
COMMAND: POST /session/7f1686e11a340d92304ee7762c65784d/element - {"using":"xpath","value":"//*[@id=\"__tile30\"]"}
RESULT: {"using":"xpath","value":"//*[@id=\"__tile30\"]"}
COMMAND: POST /session/7f1686e11a340d92304ee7762c65784d/element/f.45271FC9FC22FBF7EF0A590A71DD44AE.d.ACF486AB6D462CEB331164EDC7D84F0E.e.4489/click - {}
RESULT: {}
COMMAND: POST /session/7f1686e11a340d92304ee7762c65784d/element - {"using":"xpath","value":"//button[@data-kt=\"addButton\"]"}
COMMAND: GET /session/7f1686e11a340d92304ee7762c65784d/screenshot - {}
RESULT: {"using":"xpath","value":"//button[@data-kt=\"addButton\"]"}
COMMAND: POST /session/7f1686e11a340d92304ee7762c65784d/elements - {"using":"xpath","value":"//button[@data-kt=\"addButton\"]"}
RESULT: {}
RESULT: {"using":"xpath","value":"//button[@data-kt=\"addButton\"]"}
COMMAND: POST /session/7f1686e11a340d92304ee7762c65784d/elements - {"using":"xpath","value":"//button[@data-kt=\"addButton\"]"}
RESULT: {"using":"xpath","value":"//button[@data-kt=\"addButton\"]"}
COMMAND: POST /session/7f1686e11a340d92304ee7762c65784d/elements - {"using":"xpath","value":"//button[@data-kt=\"addButton\"]"}
RESULT: {"using":"xpath","value":"//button[@data-kt=\"addButton\"]"}
COMMAND: POST /session/7f1686e11a340d92304ee7762c65784d/elements - {"using":"xpath","value":"//button[@data-kt=\"addButton\"]"}
RESULT: {"using":"xpath","value":"//button[@data-kt=\"addButton\"]"}
COMMAND: POST /session/7f1686e11a340d92304ee7762c65784d/elements - {"using":"xpath","value":"//button[@data-kt=\"addButton\"]"}
RESULT: {"using":"xpath","value":"//button[@data-kt=\"addButton\"]"}
COMMAND: POST /session/7f1686e11a340d92304ee7762c65784d/elements - {"using":"xpath","value":"//button[@data-kt=\"addButton\"]"}
RESULT: {"using":"xpath","value":"//button[@data-kt=\"addButton\"]"}
COMMAND: POST /session/7f1686e11a340d92304ee7762c65784d/elements - {"using":"xpath","value":"//button[@data-kt=\"addButton\"]"}
RESULT: {"using":"xpath","value":"//button[@data-kt=\"addButton\"]"}
COMMAND: POST /session/7f1686e11a340d92304ee7762c65784d/elements - {"using":"xpath","value":"//button[@data-kt=\"addButton\"]"}
RESULT: {"using":"xpath","value":"//button[@data-kt=\"addButton\"]"}
COMMAND: POST /session/7f1686e11a340d92304ee7762c65784d/elements - {"using":"xpath","value":"//button[@data-kt=\"addButton\"]"}
RESULT: {"using":"xpath","value":"//button[@data-kt=\"addButton\"]"}
COMMAND: POST /session/7f1686e11a340d92304ee7762c65784d/elements - {"using":"xpath","value":"//button[@data-kt=\"addButton\"]"}
RESULT: {"using":"xpath","value":"//button[@data-kt=\"addButton\"]"}
COMMAND: POST /session/7f1686e11a340d92304ee7762c65784d/elements - {"using":"xpath","value":"//button[@data-kt=\"addButton\"]"}
RESULT: {"using":"xpath","value":"//button[@data-kt=\"addButton\"]"}
COMMAND: POST /session/7f1686e11a340d92304ee7762c65784d/elements - {"using":"xpath","value":"//button[@data-kt=\"addButton\"]"}
RESULT: {"using":"xpath","value":"//button[@data-kt=\"addButton\"]"}
COMMAND: POST /session/7f1686e11a340d92304ee7762c65784d/elements - {"using":"xpath","value":"//button[@data-kt=\"addButton\"]"}
RESULT: {"using":"xpath","value":"//button[@data-kt=\"addButton\"]"}
COMMAND: POST /session/7f1686e11a340d92304ee7762c65784d/elements - {"using":"xpath","value":"//button[@data-kt=\"addButton\"]"}
RESULT: {"using":"xpath","value":"//button[@data-kt=\"addButton\"]"}
COMMAND: POST /session/7f1686e11a340d92304ee7762c65784d/elements - {"using":"xpath","value":"//button[@data-kt=\"addButton\"]"}
RESULT: {"using":"xpath","value":"//button[@data-kt=\"addButton\"]"}
COMMAND: POST /session/7f1686e11a340d92304ee7762c65784d/elements - {"using":"xpath","value":"//button[@data-kt=\"addButton\"]"}
RESULT: {"using":"xpath","value":"//button[@data-kt=\"addButton\"]"}
COMMAND: POST /session/7f1686e11a340d92304ee7762c65784d/elements - {"using":"xpath","value":"//button[@data-kt=\"addButton\"]"}
RESULT: {"using":"xpath","value":"//button[@data-kt=\"addButton\"]"}
COMMAND: POST /session/7f1686e11a340d92304ee7762c65784d/elements - {"using":"xpath","value":"//button[@data-kt=\"addButton\"]"}
RESULT: {"using":"xpath","value":"//button[@data-kt=\"addButton\"]"}
COMMAND: POST /session/7f1686e11a340d92304ee7762c65784d/elements - {"using":"xpath","value":"//button[@data-kt=\"addButton\"]"}
RESULT: {"using":"xpath","value":"//button[@data-kt=\"addButton\"]"}
COMMAND: POST /session/7f1686e11a340d92304ee7762c65784d/elements - {"using":"xpath","value":"//button[@data-kt=\"addButton\"]"}
RESULT: {"using":"xpath","value":"//button[@data-kt=\"addButton\"]"}
COMMAND: POST /session/7f1686e11a340d92304ee7762c65784d/elements - {"using":"xpath","value":"//button[@data-kt=\"addButton\"]"}
RESULT: {"using":"xpath","value":"//button[@data-kt=\"addButton\"]"}
COMMAND: POST /session/7f1686e11a340d92304ee7762c65784d/elements - {"using":"xpath","value":"//button[@data-kt=\"addButton\"]"}
RESULT: {"using":"xpath","value":"//button[@data-kt=\"addButton\"]"}
COMMAND: POST /session/7f1686e11a340d92304ee7762c65784d/elements - {"using":"xpath","value":"//button[@data-kt=\"addButton\"]"}
RESULT: {"using":"xpath","value":"//button[@data-kt=\"addButton\"]"}
COMMAND: POST /session/7f1686e11a340d92304ee7762c65784d/elements - {"using":"xpath","value":"//button[@data-kt=\"addButton\"]"}
RESULT: {"using":"xpath","value":"//button[@data-kt=\"addButton\"]"}
COMMAND: POST /session/7f1686e11a340d92304ee7762c65784d/elements - {"using":"xpath","value":"//button[@data-kt=\"addButton\"]"}
RESULT: {"using":"xpath","value":"//button[@data-kt=\"addButton\"]"}
COMMAND: POST /session/7f1686e11a340d92304ee7762c65784d/elements - {"using":"xpath","value":"//button[@data-kt=\"addButton\"]"}
RESULT: {"using":"xpath","value":"//button[@data-kt=\"addButton\"]"}
COMMAND: POST /session/7f1686e11a340d92304ee7762c65784d/element - {"using":"xpath","value":"//button[@data-kt=\"addButton\"]"}
RESULT: {"using":"xpath","value":"//button[@data-kt=\"addButton\"]"}
COMMAND: POST /session/7f1686e11a340d92304ee7762c65784d/execute/sync - {"script":"<script> [8489 bytes]","args":[{"element-6066-11e4-a52e-4f735466cecf":"f.45271FC9FC22FBF7EF0A590A71DD44AE.d.ACF486AB6D462CEB331164EDC7D84F0E.e.7183","ELEMENT":"f.45271FC9FC22FBF7EF0A590A71DD44AE.d.ACF486AB6D462CEB331164EDC7D84F0E.e.7183"}]}
RESULT: {"script":"<script> [8489 bytes]","args":[{"element-6066-11e4-a52e-4f735466cecf":"f.45271FC9FC22FBF7EF0A590A71DD44AE.d.ACF486AB6D462CEB331164EDC7D84F0E.e.7183","ELEMENT":"f.45271FC9FC22FBF7EF0A590A71DD44AE.d.ACF486AB6D462CEB331164EDC7D84F0E.e.7183"}]}
COMMAND: GET /session/7f1686e11a340d92304ee7762c65784d/element/f.45271FC9FC22FBF7EF0A590A71DD44AE.d.ACF486AB6D462CEB331164EDC7D84F0E.e.7183/enabled - {}
COMMAND: GET /session/7f1686e11a340d92304ee7762c65784d/screenshot - {}
RESULT: {}
COMMAND: POST /session/7f1686e11a340d92304ee7762c65784d/execute/sync - {"script":"<script> [8489 bytes]","args":[{"element-6066-11e4-a52e-4f735466cecf":"f.45271FC9FC22FBF7EF0A590A71DD44AE.d.ACF486AB6D462CEB331164EDC7D84F0E.e.7183","ELEMENT":"f.45271FC9FC22FBF7EF0A590A71DD44AE.d.ACF486AB6D462CEB331164EDC7D84F0E.e.7183"}]}
COMMAND: GET /session/7f1686e11a340d92304ee7762c65784d/screenshot - {}
RESULT: {}
RESULT: {"script":"<script> [8489 bytes]","args":[{"element-6066-11e4-a52e-4f735466cecf":"f.45271FC9FC22FBF7EF0A590A71DD44AE.d.ACF486AB6D462CEB331164EDC7D84F0E.e.7183","ELEMENT":"f.45271FC9FC22FBF7EF0A590A71DD44AE.d.ACF486AB6D462CEB331164EDC7D84F0E.e.7183"}]}
COMMAND: POST /session/7f1686e11a340d92304ee7762c65784d/execute/sync - {"script":"<script> [5351 bytes]","args":[{"element-6066-11e4-a52e-4f735466cecf":"f.45271FC9FC22FBF7EF0A590A71DD44AE.d.ACF486AB6D462CEB331164EDC7D84F0E.e.7183","ELEMENT":"f.45271FC9FC22FBF7EF0A590A71DD44AE.d.ACF486AB6D462CEB331164EDC7D84F0E.e.7183"}]}
COMMAND: GET /session/7f1686e11a340d92304ee7762c65784d/screenshot - {}
RESULT: {}
RESULT: {"script":"<script> [5351 bytes]","args":[{"element-6066-11e4-a52e-4f735466cecf":"f.45271FC9FC22FBF7EF0A590A71DD44AE.d.ACF486AB6D462CEB331164EDC7D84F0E.e.7183","ELEMENT":"f.45271FC9FC22FBF7EF0A590A71DD44AE.d.ACF486AB6D462CEB331164EDC7D84F0E.e.7183"}]}
COMMAND: POST /session/7f1686e11a340d92304ee7762c65784d/element/f.45271FC9FC22FBF7EF0A590A71DD44AE.d.ACF486AB6D462CEB331164EDC7D84F0E.e.7183/click - {}
COMMAND: GET /session/7f1686e11a340d92304ee7762c65784d/screenshot - {}
RESULT: {}
RESULT: {}
COMMAND: GET /session/7f1686e11a340d92304ee7762c65784d/screenshot - {}
RESULT: {}
RESULT: {}
COMMAND: POST /session/7f1686e11a340d92304ee7762c65784d/element - {"using":"xpath","value":"//button[@data-kt=\"saveButton\"]"}
RESULT: {"using":"xpath","value":"//button[@data-kt=\"saveButton\"]"}
COMMAND: POST /session/7f1686e11a340d92304ee7762c65784d/element/f.45271FC9FC22FBF7EF0A590A71DD44AE.d.ACF486AB6D462CEB331164EDC7D84F0E.e.7620/click - {}
RESULT: {}
COMMAND: GET /session/7f1686e11a340d92304ee7762c65784d/screenshot - {}
RESULT: {}
COMMAND: POST /session/7f1686e11a340d92304ee7762c65784d/element - {"using":"xpath","value":"//span[contains(@class, \"sapMMsgBoxText\")]"}
RESULT: {"using":"xpath","value":"//span[contains(@class, \"sapMMsgBoxText\")]"}
COMMAND: POST /session/7f1686e11a340d92304ee7762c65784d/execute/sync - {"script":"<script> [56 bytes]","args":[{"element-6066-11e4-a52e-4f735466cecf":"f.45271FC9FC22FBF7EF0A590A71DD44AE.d.ACF486AB6D462CEB331164EDC7D84F0E.e.7622","ELEMENT":"f.45271FC9FC22FBF7EF0A590A71DD44AE.d.ACF486AB6D462CEB331164EDC7D84F0E.e.7622"}]}
RESULT: {"script":"<script> [56 bytes]","args":[{"element-6066-11e4-a52e-4f735466cecf":"f.45271FC9FC22FBF7EF0A590A71DD44AE.d.ACF486AB6D462CEB331164EDC7D84F0E.e.7622","ELEMENT":"f.45271FC9FC22FBF7EF0A590A71DD44AE.d.ACF486AB6D462CEB331164EDC7D84F0E.e.7622"}]}
COMMAND: POST /session/7f1686e11a340d92304ee7762c65784d/element - {"using":"xpath","value":"(//bdi[contains(text(), \"Close\")])[1]"}
COMMAND: POST /session/7f1686e11a340d92304ee7762c65784d/elements - {"using":"xpath","value":"//span[contains(@class, \"sapMMsgBoxText\")]"}
COMMAND: GET /session/7f1686e11a340d92304ee7762c65784d/screenshot - {}
RESULT: {"using":"xpath","value":"(//bdi[contains(text(), \"Close\")])[1]"}
COMMAND: POST /session/7f1686e11a340d92304ee7762c65784d/element/f.45271FC9FC22FBF7EF0A590A71DD44AE.d.ACF486AB6D462CEB331164EDC7D84F0E.e.7623/click - {}
RESULT: {"using":"xpath","value":"//span[contains(@class, \"sapMMsgBoxText\")]"}
RESULT: {}
RESULT: {}
COMMAND: GET /session/7f1686e11a340d92304ee7762c65784d/screenshot - {}
RESULT: {}
COMMAND: POST /session/7f1686e11a340d92304ee7762c65784d/element - {"using":"css selector","value":"#shell-header-logo"}
RESULT: {"using":"css selector","value":"#shell-header-logo"}
COMMAND: POST /session/7f1686e11a340d92304ee7762c65784d/element/f.45271FC9FC22FBF7EF0A590A71DD44AE.d.ACF486AB6D462CEB331164EDC7D84F0E.e.7138/click - {}
RESULT: {}
COMMAND: GET /session/7f1686e11a340d92304ee7762c65784d/screenshot - {}
RESULT: {}
]]></system-out>
    </testcase>
    <testcase classname="chrome.135_0_7049_42.windows.Partner_specific_tests_US150819_US151080_US151654_US151176_US103444_US151078_US151079_US151109_US151174_US151175_US151189" name="Should do various searches US151175" time="144.708">
      <system-out><![CDATA[
COMMAND: POST /session/7f1686e11a340d92304ee7762c65784d/element - {"using":"xpath","value":"//li[.//span[text()=\"Manage Partners\"]]"}
RESULT: {"using":"xpath","value":"//li[.//span[text()=\"Manage Partners\"]]"}
COMMAND: POST /session/7f1686e11a340d92304ee7762c65784d/element - {"using":"xpath","value":"//li[.//span[text()=\"Manage Partners\"]]"}
RESULT: {"using":"xpath","value":"//li[.//span[text()=\"Manage Partners\"]]"}
COMMAND: POST /session/7f1686e11a340d92304ee7762c65784d/element - {"using":"css selector","value":"#shell-header-logo"}
RESULT: {"using":"css selector","value":"#shell-header-logo"}
COMMAND: POST /session/7f1686e11a340d92304ee7762c65784d/element/f.45271FC9FC22FBF7EF0A590A71DD44AE.d.ACF486AB6D462CEB331164EDC7D84F0E.e.7625/click - {}
COMMAND: POST /session/7f1686e11a340d92304ee7762c65784d/execute/sync - {"script":"<script> [8489 bytes]","args":[{"element-6066-11e4-a52e-4f735466cecf":"f.45271FC9FC22FBF7EF0A590A71DD44AE.d.ACF486AB6D462CEB331164EDC7D84F0E.e.7625","ELEMENT":"f.45271FC9FC22FBF7EF0A590A71DD44AE.d.ACF486AB6D462CEB331164EDC7D84F0E.e.7625"}]}
RESULT: {}
COMMAND: GET /session/7f1686e11a340d92304ee7762c65784d/screenshot - {}
RESULT: {"script":"<script> [8489 bytes]","args":[{"element-6066-11e4-a52e-4f735466cecf":"f.45271FC9FC22FBF7EF0A590A71DD44AE.d.ACF486AB6D462CEB331164EDC7D84F0E.e.7625","ELEMENT":"f.45271FC9FC22FBF7EF0A590A71DD44AE.d.ACF486AB6D462CEB331164EDC7D84F0E.e.7625"}]}
COMMAND: POST /session/7f1686e11a340d92304ee7762c65784d/execute/sync - {"script":"<script> [5351 bytes]","args":[{"element-6066-11e4-a52e-4f735466cecf":"f.45271FC9FC22FBF7EF0A590A71DD44AE.d.ACF486AB6D462CEB331164EDC7D84F0E.e.7625","ELEMENT":"f.45271FC9FC22FBF7EF0A590A71DD44AE.d.ACF486AB6D462CEB331164EDC7D84F0E.e.7625"}]}
COMMAND: GET /session/7f1686e11a340d92304ee7762c65784d/screenshot - {}
RESULT: {}
RESULT: {"script":"<script> [5351 bytes]","args":[{"element-6066-11e4-a52e-4f735466cecf":"f.45271FC9FC22FBF7EF0A590A71DD44AE.d.ACF486AB6D462CEB331164EDC7D84F0E.e.7625","ELEMENT":"f.45271FC9FC22FBF7EF0A590A71DD44AE.d.ACF486AB6D462CEB331164EDC7D84F0E.e.7625"}]}
COMMAND: GET /session/7f1686e11a340d92304ee7762c65784d/screenshot - {}
RESULT: {}
RESULT: {}
RESULT: undefined
COMMAND: POST /session/7f1686e11a340d92304ee7762c65784d/element - {"using":"xpath","value":"//*[@id=\"__tile30\"]"}
RESULT: {"using":"xpath","value":"//*[@id=\"__tile30\"]"}
COMMAND: POST /session/7f1686e11a340d92304ee7762c65784d/element/f.45271FC9FC22FBF7EF0A590A71DD44AE.d.ACF486AB6D462CEB331164EDC7D84F0E.e.4489/click - {}
RESULT: {}
COMMAND: POST /session/7f1686e11a340d92304ee7762c65784d/element - {"using":"xpath","value":"//button[@data-kt=\"addButton\"]"}
COMMAND: GET /session/7f1686e11a340d92304ee7762c65784d/screenshot - {}
RESULT: {"using":"xpath","value":"//button[@data-kt=\"addButton\"]"}
COMMAND: POST /session/7f1686e11a340d92304ee7762c65784d/elements - {"using":"xpath","value":"//button[@data-kt=\"addButton\"]"}
RESULT: {}
RESULT: {"using":"xpath","value":"//button[@data-kt=\"addButton\"]"}
COMMAND: POST /session/7f1686e11a340d92304ee7762c65784d/element - {"using":"xpath","value":"//button[@data-kt=\"addButton\"]"}
RESULT: {"using":"xpath","value":"//button[@data-kt=\"addButton\"]"}
COMMAND: POST /session/7f1686e11a340d92304ee7762c65784d/execute/sync - {"script":"<script> [8489 bytes]","args":[{"element-6066-11e4-a52e-4f735466cecf":"f.45271FC9FC22FBF7EF0A590A71DD44AE.d.ACF486AB6D462CEB331164EDC7D84F0E.e.7760","ELEMENT":"f.45271FC9FC22FBF7EF0A590A71DD44AE.d.ACF486AB6D462CEB331164EDC7D84F0E.e.7760"}]}
RESULT: {"script":"<script> [8489 bytes]","args":[{"element-6066-11e4-a52e-4f735466cecf":"f.45271FC9FC22FBF7EF0A590A71DD44AE.d.ACF486AB6D462CEB331164EDC7D84F0E.e.7760","ELEMENT":"f.45271FC9FC22FBF7EF0A590A71DD44AE.d.ACF486AB6D462CEB331164EDC7D84F0E.e.7760"}]}
COMMAND: GET /session/7f1686e11a340d92304ee7762c65784d/element/f.45271FC9FC22FBF7EF0A590A71DD44AE.d.ACF486AB6D462CEB331164EDC7D84F0E.e.7760/enabled - {}
COMMAND: GET /session/7f1686e11a340d92304ee7762c65784d/screenshot - {}
RESULT: {}
COMMAND: POST /session/7f1686e11a340d92304ee7762c65784d/execute/sync - {"script":"<script> [8489 bytes]","args":[{"element-6066-11e4-a52e-4f735466cecf":"f.45271FC9FC22FBF7EF0A590A71DD44AE.d.ACF486AB6D462CEB331164EDC7D84F0E.e.7760","ELEMENT":"f.45271FC9FC22FBF7EF0A590A71DD44AE.d.ACF486AB6D462CEB331164EDC7D84F0E.e.7760"}]}
COMMAND: GET /session/7f1686e11a340d92304ee7762c65784d/screenshot - {}
RESULT: {}
RESULT: {"script":"<script> [8489 bytes]","args":[{"element-6066-11e4-a52e-4f735466cecf":"f.45271FC9FC22FBF7EF0A590A71DD44AE.d.ACF486AB6D462CEB331164EDC7D84F0E.e.7760","ELEMENT":"f.45271FC9FC22FBF7EF0A590A71DD44AE.d.ACF486AB6D462CEB331164EDC7D84F0E.e.7760"}]}
COMMAND: POST /session/7f1686e11a340d92304ee7762c65784d/execute/sync - {"script":"<script> [5351 bytes]","args":[{"element-6066-11e4-a52e-4f735466cecf":"f.45271FC9FC22FBF7EF0A590A71DD44AE.d.ACF486AB6D462CEB331164EDC7D84F0E.e.7760","ELEMENT":"f.45271FC9FC22FBF7EF0A590A71DD44AE.d.ACF486AB6D462CEB331164EDC7D84F0E.e.7760"}]}
COMMAND: GET /session/7f1686e11a340d92304ee7762c65784d/screenshot - {}
RESULT: {}
RESULT: {}
RESULT: {"script":"<script> [5351 bytes]","args":[{"element-6066-11e4-a52e-4f735466cecf":"f.45271FC9FC22FBF7EF0A590A71DD44AE.d.ACF486AB6D462CEB331164EDC7D84F0E.e.7760","ELEMENT":"f.45271FC9FC22FBF7EF0A590A71DD44AE.d.ACF486AB6D462CEB331164EDC7D84F0E.e.7760"}]}
COMMAND: GET /session/7f1686e11a340d92304ee7762c65784d/screenshot - {}
RESULT: {}
COMMAND: POST /session/7f1686e11a340d92304ee7762c65784d/element - {"using":"xpath","value":"//span[@id=\"application-managepartners-display-component---masterPtm--smartTable-header-inner\"]"}
RESULT: {"using":"xpath","value":"//span[@id=\"application-managepartners-display-component---masterPtm--smartTable-header-inner\"]"}
COMMAND: POST /session/7f1686e11a340d92304ee7762c65784d/elements - {"using":"xpath","value":"//span[@id=\"application-managepartners-display-component---masterPtm--smartTable-header-inner\"]"}
RESULT: {"using":"xpath","value":"//span[@id=\"application-managepartners-display-component---masterPtm--smartTable-header-inner\"]"}
COMMAND: POST /session/7f1686e11a340d92304ee7762c65784d/execute/sync - {"script":"<script> [56 bytes]","args":[{"element-6066-11e4-a52e-4f735466cecf":"f.45271FC9FC22FBF7EF0A590A71DD44AE.d.ACF486AB6D462CEB331164EDC7D84F0E.e.7785","ELEMENT":"f.45271FC9FC22FBF7EF0A590A71DD44AE.d.ACF486AB6D462CEB331164EDC7D84F0E.e.7785"}]}
RESULT: {"script":"<script> [56 bytes]","args":[{"element-6066-11e4-a52e-4f735466cecf":"f.45271FC9FC22FBF7EF0A590A71DD44AE.d.ACF486AB6D462CEB331164EDC7D84F0E.e.7785","ELEMENT":"f.45271FC9FC22FBF7EF0A590A71DD44AE.d.ACF486AB6D462CEB331164EDC7D84F0E.e.7785"}]}
RESULT: undefined
COMMAND: POST /session/7f1686e11a340d92304ee7762c65784d/element - {"using":"xpath","value":"//*[@id=\"application-managepartners-display-component---masterPtm--smartFilterBar-btnFilters\"]"}
COMMAND: GET /session/7f1686e11a340d92304ee7762c65784d/screenshot - {}
RESULT: {"using":"xpath","value":"//*[@id=\"application-managepartners-display-component---masterPtm--smartFilterBar-btnFilters\"]"}
COMMAND: POST /session/7f1686e11a340d92304ee7762c65784d/element/f.45271FC9FC22FBF7EF0A590A71DD44AE.d.ACF486AB6D462CEB331164EDC7D84F0E.e.7743/click - {}
RESULT: {}
RESULT: {}
COMMAND: GET /session/7f1686e11a340d92304ee7762c65784d/screenshot - {}
RESULT: {}
COMMAND: POST /session/7f1686e11a340d92304ee7762c65784d/elements - {"using":"xpath","value":"//table[contains(@id, \"listView-innerSelectionPanelTable-listUl\")]/tbody/tr"}
RESULT: {"using":"xpath","value":"//table[contains(@id, \"listView-innerSelectionPanelTable-listUl\")]/tbody/tr"}
COMMAND: POST /session/7f1686e11a340d92304ee7762c65784d/element - {"using":"xpath","value":"//table[contains(@id, \"listView-innerSelectionPanelTable-listUl\")]/tbody/tr[2]/td[2]/div/div"}
RESULT: {"using":"xpath","value":"//table[contains(@id, \"listView-innerSelectionPanelTable-listUl\")]/tbody/tr[2]/td[2]/div/div"}
COMMAND: POST /session/7f1686e11a340d92304ee7762c65784d/element - {"using":"xpath","value":"//table[contains(@id, \"listView-innerSelectionPanelTable-listUl\")]/tbody/tr[2]/td[2]/div"}
RESULT: {"using":"xpath","value":"//table[contains(@id, \"listView-innerSelectionPanelTable-listUl\")]/tbody/tr[2]/td[2]/div"}
COMMAND: POST /session/7f1686e11a340d92304ee7762c65784d/element - {"using":"xpath","value":"//table[contains(@id, \"listView-innerSelectionPanelTable-listUl\")]/tbody/tr[2]/td[3]/div/div/span/span[1]/bdi"}
RESULT: {"using":"xpath","value":"//table[contains(@id, \"listView-innerSelectionPanelTable-listUl\")]/tbody/tr[2]/td[3]/div/div/span/span[1]/bdi"}
COMMAND: POST /session/7f1686e11a340d92304ee7762c65784d/execute/sync - {"script":"<script> [56 bytes]","args":[{"element-6066-11e4-a52e-4f735466cecf":"f.45271FC9FC22FBF7EF0A590A71DD44AE.d.ACF486AB6D462CEB331164EDC7D84F0E.e.7853","ELEMENT":"f.45271FC9FC22FBF7EF0A590A71DD44AE.d.ACF486AB6D462CEB331164EDC7D84F0E.e.7853"}]}
RESULT: {"script":"<script> [56 bytes]","args":[{"element-6066-11e4-a52e-4f735466cecf":"f.45271FC9FC22FBF7EF0A590A71DD44AE.d.ACF486AB6D462CEB331164EDC7D84F0E.e.7853","ELEMENT":"f.45271FC9FC22FBF7EF0A590A71DD44AE.d.ACF486AB6D462CEB331164EDC7D84F0E.e.7853"}]}
COMMAND: GET /session/7f1686e11a340d92304ee7762c65784d/element/f.45271FC9FC22FBF7EF0A590A71DD44AE.d.ACF486AB6D462CEB331164EDC7D84F0E.e.7852/attribute/aria-checked - {}
COMMAND: GET /session/7f1686e11a340d92304ee7762c65784d/screenshot - {}
RESULT: {}
COMMAND: POST /session/7f1686e11a340d92304ee7762c65784d/element - {"using":"xpath","value":"//table[contains(@id, \"listView-innerSelectionPanelTable-listUl\")]/tbody/tr[3]/td[2]/div/div"}
RESULT: {}
RESULT: {"using":"xpath","value":"//table[contains(@id, \"listView-innerSelectionPanelTable-listUl\")]/tbody/tr[3]/td[2]/div/div"}
COMMAND: POST /session/7f1686e11a340d92304ee7762c65784d/element - {"using":"xpath","value":"//table[contains(@id, \"listView-innerSelectionPanelTable-listUl\")]/tbody/tr[3]/td[2]/div"}
RESULT: {"using":"xpath","value":"//table[contains(@id, \"listView-innerSelectionPanelTable-listUl\")]/tbody/tr[3]/td[2]/div"}
COMMAND: POST /session/7f1686e11a340d92304ee7762c65784d/element - {"using":"xpath","value":"//table[contains(@id, \"listView-innerSelectionPanelTable-listUl\")]/tbody/tr[3]/td[3]/div/div/span/span[1]/bdi"}
RESULT: {"using":"xpath","value":"//table[contains(@id, \"listView-innerSelectionPanelTable-listUl\")]/tbody/tr[3]/td[3]/div/div/span/span[1]/bdi"}
COMMAND: POST /session/7f1686e11a340d92304ee7762c65784d/execute/sync - {"script":"<script> [56 bytes]","args":[{"element-6066-11e4-a52e-4f735466cecf":"f.45271FC9FC22FBF7EF0A590A71DD44AE.d.ACF486AB6D462CEB331164EDC7D84F0E.e.7856","ELEMENT":"f.45271FC9FC22FBF7EF0A590A71DD44AE.d.ACF486AB6D462CEB331164EDC7D84F0E.e.7856"}]}
RESULT: {"script":"<script> [56 bytes]","args":[{"element-6066-11e4-a52e-4f735466cecf":"f.45271FC9FC22FBF7EF0A590A71DD44AE.d.ACF486AB6D462CEB331164EDC7D84F0E.e.7856","ELEMENT":"f.45271FC9FC22FBF7EF0A590A71DD44AE.d.ACF486AB6D462CEB331164EDC7D84F0E.e.7856"}]}
COMMAND: GET /session/7f1686e11a340d92304ee7762c65784d/element/f.45271FC9FC22FBF7EF0A590A71DD44AE.d.ACF486AB6D462CEB331164EDC7D84F0E.e.7855/attribute/aria-checked - {}
COMMAND: GET /session/7f1686e11a340d92304ee7762c65784d/screenshot - {}
RESULT: {}
COMMAND: POST /session/7f1686e11a340d92304ee7762c65784d/element - {"using":"xpath","value":"//table[contains(@id, \"listView-innerSelectionPanelTable-listUl\")]/tbody/tr[4]/td[2]/div/div"}
RESULT: {}
RESULT: {"using":"xpath","value":"//table[contains(@id, \"listView-innerSelectionPanelTable-listUl\")]/tbody/tr[4]/td[2]/div/div"}
COMMAND: POST /session/7f1686e11a340d92304ee7762c65784d/element - {"using":"xpath","value":"//table[contains(@id, \"listView-innerSelectionPanelTable-listUl\")]/tbody/tr[4]/td[2]/div"}
RESULT: {"using":"xpath","value":"//table[contains(@id, \"listView-innerSelectionPanelTable-listUl\")]/tbody/tr[4]/td[2]/div"}
COMMAND: POST /session/7f1686e11a340d92304ee7762c65784d/element - {"using":"xpath","value":"//table[contains(@id, \"listView-innerSelectionPanelTable-listUl\")]/tbody/tr[4]/td[3]/div/div/span/span[1]/bdi"}
RESULT: {"using":"xpath","value":"//table[contains(@id, \"listView-innerSelectionPanelTable-listUl\")]/tbody/tr[4]/td[3]/div/div/span/span[1]/bdi"}
COMMAND: POST /session/7f1686e11a340d92304ee7762c65784d/execute/sync - {"script":"<script> [56 bytes]","args":[{"element-6066-11e4-a52e-4f735466cecf":"f.45271FC9FC22FBF7EF0A590A71DD44AE.d.ACF486AB6D462CEB331164EDC7D84F0E.e.7859","ELEMENT":"f.45271FC9FC22FBF7EF0A590A71DD44AE.d.ACF486AB6D462CEB331164EDC7D84F0E.e.7859"}]}
RESULT: {"script":"<script> [56 bytes]","args":[{"element-6066-11e4-a52e-4f735466cecf":"f.45271FC9FC22FBF7EF0A590A71DD44AE.d.ACF486AB6D462CEB331164EDC7D84F0E.e.7859","ELEMENT":"f.45271FC9FC22FBF7EF0A590A71DD44AE.d.ACF486AB6D462CEB331164EDC7D84F0E.e.7859"}]}
COMMAND: GET /session/7f1686e11a340d92304ee7762c65784d/element/f.45271FC9FC22FBF7EF0A590A71DD44AE.d.ACF486AB6D462CEB331164EDC7D84F0E.e.7858/attribute/aria-checked - {}
COMMAND: GET /session/7f1686e11a340d92304ee7762c65784d/screenshot - {}
RESULT: {}
COMMAND: POST /session/7f1686e11a340d92304ee7762c65784d/element - {"using":"xpath","value":"//table[contains(@id, \"listView-innerSelectionPanelTable-listUl\")]/tbody/tr[5]/td[2]/div/div"}
RESULT: {}
RESULT: {"using":"xpath","value":"//table[contains(@id, \"listView-innerSelectionPanelTable-listUl\")]/tbody/tr[5]/td[2]/div/div"}
COMMAND: POST /session/7f1686e11a340d92304ee7762c65784d/element - {"using":"xpath","value":"//table[contains(@id, \"listView-innerSelectionPanelTable-listUl\")]/tbody/tr[5]/td[2]/div"}
RESULT: {"using":"xpath","value":"//table[contains(@id, \"listView-innerSelectionPanelTable-listUl\")]/tbody/tr[5]/td[2]/div"}
COMMAND: POST /session/7f1686e11a340d92304ee7762c65784d/element - {"using":"xpath","value":"//table[contains(@id, \"listView-innerSelectionPanelTable-listUl\")]/tbody/tr[5]/td[3]/div/div/span/span[1]/bdi"}
RESULT: {"using":"xpath","value":"//table[contains(@id, \"listView-innerSelectionPanelTable-listUl\")]/tbody/tr[5]/td[3]/div/div/span/span[1]/bdi"}
COMMAND: POST /session/7f1686e11a340d92304ee7762c65784d/execute/sync - {"script":"<script> [56 bytes]","args":[{"element-6066-11e4-a52e-4f735466cecf":"f.45271FC9FC22FBF7EF0A590A71DD44AE.d.ACF486AB6D462CEB331164EDC7D84F0E.e.7862","ELEMENT":"f.45271FC9FC22FBF7EF0A590A71DD44AE.d.ACF486AB6D462CEB331164EDC7D84F0E.e.7862"}]}
RESULT: {"script":"<script> [56 bytes]","args":[{"element-6066-11e4-a52e-4f735466cecf":"f.45271FC9FC22FBF7EF0A590A71DD44AE.d.ACF486AB6D462CEB331164EDC7D84F0E.e.7862","ELEMENT":"f.45271FC9FC22FBF7EF0A590A71DD44AE.d.ACF486AB6D462CEB331164EDC7D84F0E.e.7862"}]}
COMMAND: GET /session/7f1686e11a340d92304ee7762c65784d/element/f.45271FC9FC22FBF7EF0A590A71DD44AE.d.ACF486AB6D462CEB331164EDC7D84F0E.e.7861/attribute/aria-checked - {}
COMMAND: GET /session/7f1686e11a340d92304ee7762c65784d/screenshot - {}
RESULT: {}
COMMAND: POST /session/7f1686e11a340d92304ee7762c65784d/element - {"using":"xpath","value":"//table[contains(@id, \"listView-innerSelectionPanelTable-listUl\")]/tbody/tr[6]/td[2]/div/div"}
RESULT: {}
RESULT: {"using":"xpath","value":"//table[contains(@id, \"listView-innerSelectionPanelTable-listUl\")]/tbody/tr[6]/td[2]/div/div"}
COMMAND: POST /session/7f1686e11a340d92304ee7762c65784d/element - {"using":"xpath","value":"//table[contains(@id, \"listView-innerSelectionPanelTable-listUl\")]/tbody/tr[6]/td[2]/div"}
RESULT: {"using":"xpath","value":"//table[contains(@id, \"listView-innerSelectionPanelTable-listUl\")]/tbody/tr[6]/td[2]/div"}
COMMAND: POST /session/7f1686e11a340d92304ee7762c65784d/element - {"using":"xpath","value":"//table[contains(@id, \"listView-innerSelectionPanelTable-listUl\")]/tbody/tr[6]/td[3]/div/div/span/span[1]/bdi"}
RESULT: {"using":"xpath","value":"//table[contains(@id, \"listView-innerSelectionPanelTable-listUl\")]/tbody/tr[6]/td[3]/div/div/span/span[1]/bdi"}
COMMAND: POST /session/7f1686e11a340d92304ee7762c65784d/execute/sync - {"script":"<script> [56 bytes]","args":[{"element-6066-11e4-a52e-4f735466cecf":"f.45271FC9FC22FBF7EF0A590A71DD44AE.d.ACF486AB6D462CEB331164EDC7D84F0E.e.7865","ELEMENT":"f.45271FC9FC22FBF7EF0A590A71DD44AE.d.ACF486AB6D462CEB331164EDC7D84F0E.e.7865"}]}
RESULT: {"script":"<script> [56 bytes]","args":[{"element-6066-11e4-a52e-4f735466cecf":"f.45271FC9FC22FBF7EF0A590A71DD44AE.d.ACF486AB6D462CEB331164EDC7D84F0E.e.7865","ELEMENT":"f.45271FC9FC22FBF7EF0A590A71DD44AE.d.ACF486AB6D462CEB331164EDC7D84F0E.e.7865"}]}
COMMAND: GET /session/7f1686e11a340d92304ee7762c65784d/element/f.45271FC9FC22FBF7EF0A590A71DD44AE.d.ACF486AB6D462CEB331164EDC7D84F0E.e.7864/attribute/aria-checked - {}
COMMAND: GET /session/7f1686e11a340d92304ee7762c65784d/screenshot - {}
RESULT: {}
COMMAND: POST /session/7f1686e11a340d92304ee7762c65784d/element - {"using":"xpath","value":"//table[contains(@id, \"listView-innerSelectionPanelTable-listUl\")]/tbody/tr[7]/td[2]/div/div"}
RESULT: {}
RESULT: {"using":"xpath","value":"//table[contains(@id, \"listView-innerSelectionPanelTable-listUl\")]/tbody/tr[7]/td[2]/div/div"}
COMMAND: POST /session/7f1686e11a340d92304ee7762c65784d/element - {"using":"xpath","value":"//table[contains(@id, \"listView-innerSelectionPanelTable-listUl\")]/tbody/tr[7]/td[2]/div"}
RESULT: {"using":"xpath","value":"//table[contains(@id, \"listView-innerSelectionPanelTable-listUl\")]/tbody/tr[7]/td[2]/div"}
COMMAND: POST /session/7f1686e11a340d92304ee7762c65784d/element - {"using":"xpath","value":"//table[contains(@id, \"listView-innerSelectionPanelTable-listUl\")]/tbody/tr[7]/td[3]/div/div/span/span[1]/bdi"}
RESULT: {"using":"xpath","value":"//table[contains(@id, \"listView-innerSelectionPanelTable-listUl\")]/tbody/tr[7]/td[3]/div/div/span/span[1]/bdi"}
COMMAND: POST /session/7f1686e11a340d92304ee7762c65784d/execute/sync - {"script":"<script> [56 bytes]","args":[{"element-6066-11e4-a52e-4f735466cecf":"f.45271FC9FC22FBF7EF0A590A71DD44AE.d.ACF486AB6D462CEB331164EDC7D84F0E.e.7868","ELEMENT":"f.45271FC9FC22FBF7EF0A590A71DD44AE.d.ACF486AB6D462CEB331164EDC7D84F0E.e.7868"}]}
RESULT: {"script":"<script> [56 bytes]","args":[{"element-6066-11e4-a52e-4f735466cecf":"f.45271FC9FC22FBF7EF0A590A71DD44AE.d.ACF486AB6D462CEB331164EDC7D84F0E.e.7868","ELEMENT":"f.45271FC9FC22FBF7EF0A590A71DD44AE.d.ACF486AB6D462CEB331164EDC7D84F0E.e.7868"}]}
COMMAND: GET /session/7f1686e11a340d92304ee7762c65784d/element/f.45271FC9FC22FBF7EF0A590A71DD44AE.d.ACF486AB6D462CEB331164EDC7D84F0E.e.7867/attribute/aria-checked - {}
COMMAND: GET /session/7f1686e11a340d92304ee7762c65784d/screenshot - {}
RESULT: {}
COMMAND: POST /session/7f1686e11a340d92304ee7762c65784d/element - {"using":"xpath","value":"//table[contains(@id, \"listView-innerSelectionPanelTable-listUl\")]/tbody/tr[8]/td[2]/div/div"}
RESULT: {}
RESULT: {"using":"xpath","value":"//table[contains(@id, \"listView-innerSelectionPanelTable-listUl\")]/tbody/tr[8]/td[2]/div/div"}
COMMAND: POST /session/7f1686e11a340d92304ee7762c65784d/element - {"using":"xpath","value":"//table[contains(@id, \"listView-innerSelectionPanelTable-listUl\")]/tbody/tr[8]/td[2]/div"}
RESULT: {"using":"xpath","value":"//table[contains(@id, \"listView-innerSelectionPanelTable-listUl\")]/tbody/tr[8]/td[2]/div"}
COMMAND: POST /session/7f1686e11a340d92304ee7762c65784d/element - {"using":"xpath","value":"//table[contains(@id, \"listView-innerSelectionPanelTable-listUl\")]/tbody/tr[8]/td[3]/div/div/span/span[1]/bdi"}
RESULT: {"using":"xpath","value":"//table[contains(@id, \"listView-innerSelectionPanelTable-listUl\")]/tbody/tr[8]/td[3]/div/div/span/span[1]/bdi"}
COMMAND: POST /session/7f1686e11a340d92304ee7762c65784d/execute/sync - {"script":"<script> [56 bytes]","args":[{"element-6066-11e4-a52e-4f735466cecf":"f.45271FC9FC22FBF7EF0A590A71DD44AE.d.ACF486AB6D462CEB331164EDC7D84F0E.e.7871","ELEMENT":"f.45271FC9FC22FBF7EF0A590A71DD44AE.d.ACF486AB6D462CEB331164EDC7D84F0E.e.7871"}]}
RESULT: {"script":"<script> [56 bytes]","args":[{"element-6066-11e4-a52e-4f735466cecf":"f.45271FC9FC22FBF7EF0A590A71DD44AE.d.ACF486AB6D462CEB331164EDC7D84F0E.e.7871","ELEMENT":"f.45271FC9FC22FBF7EF0A590A71DD44AE.d.ACF486AB6D462CEB331164EDC7D84F0E.e.7871"}]}
COMMAND: GET /session/7f1686e11a340d92304ee7762c65784d/element/f.45271FC9FC22FBF7EF0A590A71DD44AE.d.ACF486AB6D462CEB331164EDC7D84F0E.e.7870/attribute/aria-checked - {}
COMMAND: GET /session/7f1686e11a340d92304ee7762c65784d/screenshot - {}
RESULT: {}
COMMAND: POST /session/7f1686e11a340d92304ee7762c65784d/element - {"using":"xpath","value":"//table[contains(@id, \"listView-innerSelectionPanelTable-listUl\")]/tbody/tr[9]/td[2]/div/div"}
RESULT: {}
RESULT: {"using":"xpath","value":"//table[contains(@id, \"listView-innerSelectionPanelTable-listUl\")]/tbody/tr[9]/td[2]/div/div"}
COMMAND: POST /session/7f1686e11a340d92304ee7762c65784d/element - {"using":"xpath","value":"//table[contains(@id, \"listView-innerSelectionPanelTable-listUl\")]/tbody/tr[9]/td[2]/div"}
RESULT: {"using":"xpath","value":"//table[contains(@id, \"listView-innerSelectionPanelTable-listUl\")]/tbody/tr[9]/td[2]/div"}
COMMAND: POST /session/7f1686e11a340d92304ee7762c65784d/element - {"using":"xpath","value":"//table[contains(@id, \"listView-innerSelectionPanelTable-listUl\")]/tbody/tr[9]/td[3]/div/div/span/span[1]/bdi"}
RESULT: {"using":"xpath","value":"//table[contains(@id, \"listView-innerSelectionPanelTable-listUl\")]/tbody/tr[9]/td[3]/div/div/span/span[1]/bdi"}
COMMAND: POST /session/7f1686e11a340d92304ee7762c65784d/execute/sync - {"script":"<script> [56 bytes]","args":[{"element-6066-11e4-a52e-4f735466cecf":"f.45271FC9FC22FBF7EF0A590A71DD44AE.d.ACF486AB6D462CEB331164EDC7D84F0E.e.7874","ELEMENT":"f.45271FC9FC22FBF7EF0A590A71DD44AE.d.ACF486AB6D462CEB331164EDC7D84F0E.e.7874"}]}
RESULT: {"script":"<script> [56 bytes]","args":[{"element-6066-11e4-a52e-4f735466cecf":"f.45271FC9FC22FBF7EF0A590A71DD44AE.d.ACF486AB6D462CEB331164EDC7D84F0E.e.7874","ELEMENT":"f.45271FC9FC22FBF7EF0A590A71DD44AE.d.ACF486AB6D462CEB331164EDC7D84F0E.e.7874"}]}
COMMAND: GET /session/7f1686e11a340d92304ee7762c65784d/element/f.45271FC9FC22FBF7EF0A590A71DD44AE.d.ACF486AB6D462CEB331164EDC7D84F0E.e.7873/attribute/aria-checked - {}
COMMAND: GET /session/7f1686e11a340d92304ee7762c65784d/screenshot - {}
RESULT: {}
COMMAND: POST /session/7f1686e11a340d92304ee7762c65784d/element - {"using":"xpath","value":"//table[contains(@id, \"listView-innerSelectionPanelTable-listUl\")]/tbody/tr[10]/td[2]/div/div"}
RESULT: {}
RESULT: {"using":"xpath","value":"//table[contains(@id, \"listView-innerSelectionPanelTable-listUl\")]/tbody/tr[10]/td[2]/div/div"}
COMMAND: POST /session/7f1686e11a340d92304ee7762c65784d/element - {"using":"xpath","value":"//table[contains(@id, \"listView-innerSelectionPanelTable-listUl\")]/tbody/tr[10]/td[2]/div"}
RESULT: {"using":"xpath","value":"//table[contains(@id, \"listView-innerSelectionPanelTable-listUl\")]/tbody/tr[10]/td[2]/div"}
COMMAND: POST /session/7f1686e11a340d92304ee7762c65784d/element - {"using":"xpath","value":"//table[contains(@id, \"listView-innerSelectionPanelTable-listUl\")]/tbody/tr[10]/td[3]/div/div/span/span[1]/bdi"}
RESULT: {"using":"xpath","value":"//table[contains(@id, \"listView-innerSelectionPanelTable-listUl\")]/tbody/tr[10]/td[3]/div/div/span/span[1]/bdi"}
COMMAND: POST /session/7f1686e11a340d92304ee7762c65784d/execute/sync - {"script":"<script> [56 bytes]","args":[{"element-6066-11e4-a52e-4f735466cecf":"f.45271FC9FC22FBF7EF0A590A71DD44AE.d.ACF486AB6D462CEB331164EDC7D84F0E.e.7877","ELEMENT":"f.45271FC9FC22FBF7EF0A590A71DD44AE.d.ACF486AB6D462CEB331164EDC7D84F0E.e.7877"}]}
RESULT: {"script":"<script> [56 bytes]","args":[{"element-6066-11e4-a52e-4f735466cecf":"f.45271FC9FC22FBF7EF0A590A71DD44AE.d.ACF486AB6D462CEB331164EDC7D84F0E.e.7877","ELEMENT":"f.45271FC9FC22FBF7EF0A590A71DD44AE.d.ACF486AB6D462CEB331164EDC7D84F0E.e.7877"}]}
COMMAND: GET /session/7f1686e11a340d92304ee7762c65784d/element/f.45271FC9FC22FBF7EF0A590A71DD44AE.d.ACF486AB6D462CEB331164EDC7D84F0E.e.7876/attribute/aria-checked - {}
COMMAND: GET /session/7f1686e11a340d92304ee7762c65784d/screenshot - {}
RESULT: {}
COMMAND: POST /session/7f1686e11a340d92304ee7762c65784d/element - {"using":"xpath","value":"//table[contains(@id, \"listView-innerSelectionPanelTable-listUl\")]/tbody/tr[11]/td[2]/div/div"}
RESULT: {}
RESULT: {"using":"xpath","value":"//table[contains(@id, \"listView-innerSelectionPanelTable-listUl\")]/tbody/tr[11]/td[2]/div/div"}
COMMAND: POST /session/7f1686e11a340d92304ee7762c65784d/element - {"using":"xpath","value":"//table[contains(@id, \"listView-innerSelectionPanelTable-listUl\")]/tbody/tr[11]/td[2]/div"}
RESULT: {"using":"xpath","value":"//table[contains(@id, \"listView-innerSelectionPanelTable-listUl\")]/tbody/tr[11]/td[2]/div"}
COMMAND: POST /session/7f1686e11a340d92304ee7762c65784d/element - {"using":"xpath","value":"//table[contains(@id, \"listView-innerSelectionPanelTable-listUl\")]/tbody/tr[11]/td[3]/div/div/span/span[1]/bdi"}
RESULT: {"using":"xpath","value":"//table[contains(@id, \"listView-innerSelectionPanelTable-listUl\")]/tbody/tr[11]/td[3]/div/div/span/span[1]/bdi"}
COMMAND: POST /session/7f1686e11a340d92304ee7762c65784d/execute/sync - {"script":"<script> [56 bytes]","args":[{"element-6066-11e4-a52e-4f735466cecf":"f.45271FC9FC22FBF7EF0A590A71DD44AE.d.ACF486AB6D462CEB331164EDC7D84F0E.e.7880","ELEMENT":"f.45271FC9FC22FBF7EF0A590A71DD44AE.d.ACF486AB6D462CEB331164EDC7D84F0E.e.7880"}]}
RESULT: {"script":"<script> [56 bytes]","args":[{"element-6066-11e4-a52e-4f735466cecf":"f.45271FC9FC22FBF7EF0A590A71DD44AE.d.ACF486AB6D462CEB331164EDC7D84F0E.e.7880","ELEMENT":"f.45271FC9FC22FBF7EF0A590A71DD44AE.d.ACF486AB6D462CEB331164EDC7D84F0E.e.7880"}]}
COMMAND: GET /session/7f1686e11a340d92304ee7762c65784d/element/f.45271FC9FC22FBF7EF0A590A71DD44AE.d.ACF486AB6D462CEB331164EDC7D84F0E.e.7879/attribute/aria-checked - {}
COMMAND: GET /session/7f1686e11a340d92304ee7762c65784d/screenshot - {}
RESULT: {}
COMMAND: POST /session/7f1686e11a340d92304ee7762c65784d/element - {"using":"xpath","value":"//table[contains(@id, \"listView-innerSelectionPanelTable-listUl\")]/tbody/tr[12]/td[2]/div/div"}
RESULT: {}
RESULT: {"using":"xpath","value":"//table[contains(@id, \"listView-innerSelectionPanelTable-listUl\")]/tbody/tr[12]/td[2]/div/div"}
COMMAND: POST /session/7f1686e11a340d92304ee7762c65784d/element - {"using":"xpath","value":"//table[contains(@id, \"listView-innerSelectionPanelTable-listUl\")]/tbody/tr[12]/td[2]/div"}
RESULT: {"using":"xpath","value":"//table[contains(@id, \"listView-innerSelectionPanelTable-listUl\")]/tbody/tr[12]/td[2]/div"}
COMMAND: POST /session/7f1686e11a340d92304ee7762c65784d/element - {"using":"xpath","value":"//table[contains(@id, \"listView-innerSelectionPanelTable-listUl\")]/tbody/tr[12]/td[3]/div/div/span/span[1]/bdi"}
RESULT: {"using":"xpath","value":"//table[contains(@id, \"listView-innerSelectionPanelTable-listUl\")]/tbody/tr[12]/td[3]/div/div/span/span[1]/bdi"}
COMMAND: POST /session/7f1686e11a340d92304ee7762c65784d/execute/sync - {"script":"<script> [56 bytes]","args":[{"element-6066-11e4-a52e-4f735466cecf":"f.45271FC9FC22FBF7EF0A590A71DD44AE.d.ACF486AB6D462CEB331164EDC7D84F0E.e.7883","ELEMENT":"f.45271FC9FC22FBF7EF0A590A71DD44AE.d.ACF486AB6D462CEB331164EDC7D84F0E.e.7883"}]}
RESULT: {"script":"<script> [56 bytes]","args":[{"element-6066-11e4-a52e-4f735466cecf":"f.45271FC9FC22FBF7EF0A590A71DD44AE.d.ACF486AB6D462CEB331164EDC7D84F0E.e.7883","ELEMENT":"f.45271FC9FC22FBF7EF0A590A71DD44AE.d.ACF486AB6D462CEB331164EDC7D84F0E.e.7883"}]}
COMMAND: GET /session/7f1686e11a340d92304ee7762c65784d/element/f.45271FC9FC22FBF7EF0A590A71DD44AE.d.ACF486AB6D462CEB331164EDC7D84F0E.e.7882/attribute/aria-checked - {}
COMMAND: GET /session/7f1686e11a340d92304ee7762c65784d/screenshot - {}
RESULT: {}
COMMAND: POST /session/7f1686e11a340d92304ee7762c65784d/element - {"using":"xpath","value":"//table[contains(@id, \"listView-innerSelectionPanelTable-listUl\")]/tbody/tr[13]/td[2]/div/div"}
RESULT: {}
RESULT: {"using":"xpath","value":"//table[contains(@id, \"listView-innerSelectionPanelTable-listUl\")]/tbody/tr[13]/td[2]/div/div"}
COMMAND: POST /session/7f1686e11a340d92304ee7762c65784d/element - {"using":"xpath","value":"//table[contains(@id, \"listView-innerSelectionPanelTable-listUl\")]/tbody/tr[13]/td[2]/div"}
RESULT: {"using":"xpath","value":"//table[contains(@id, \"listView-innerSelectionPanelTable-listUl\")]/tbody/tr[13]/td[2]/div"}
COMMAND: POST /session/7f1686e11a340d92304ee7762c65784d/element - {"using":"xpath","value":"//table[contains(@id, \"listView-innerSelectionPanelTable-listUl\")]/tbody/tr[13]/td[3]/div/div/span/span[1]/bdi"}
RESULT: {"using":"xpath","value":"//table[contains(@id, \"listView-innerSelectionPanelTable-listUl\")]/tbody/tr[13]/td[3]/div/div/span/span[1]/bdi"}
COMMAND: POST /session/7f1686e11a340d92304ee7762c65784d/execute/sync - {"script":"<script> [56 bytes]","args":[{"element-6066-11e4-a52e-4f735466cecf":"f.45271FC9FC22FBF7EF0A590A71DD44AE.d.ACF486AB6D462CEB331164EDC7D84F0E.e.7886","ELEMENT":"f.45271FC9FC22FBF7EF0A590A71DD44AE.d.ACF486AB6D462CEB331164EDC7D84F0E.e.7886"}]}
RESULT: {"script":"<script> [56 bytes]","args":[{"element-6066-11e4-a52e-4f735466cecf":"f.45271FC9FC22FBF7EF0A590A71DD44AE.d.ACF486AB6D462CEB331164EDC7D84F0E.e.7886","ELEMENT":"f.45271FC9FC22FBF7EF0A590A71DD44AE.d.ACF486AB6D462CEB331164EDC7D84F0E.e.7886"}]}
COMMAND: GET /session/7f1686e11a340d92304ee7762c65784d/element/f.45271FC9FC22FBF7EF0A590A71DD44AE.d.ACF486AB6D462CEB331164EDC7D84F0E.e.7885/attribute/aria-checked - {}
COMMAND: GET /session/7f1686e11a340d92304ee7762c65784d/screenshot - {}
RESULT: {}
COMMAND: POST /session/7f1686e11a340d92304ee7762c65784d/element - {"using":"xpath","value":"//table[contains(@id, \"listView-innerSelectionPanelTable-listUl\")]/tbody/tr[14]/td[2]/div/div"}
RESULT: {}
RESULT: {"using":"xpath","value":"//table[contains(@id, \"listView-innerSelectionPanelTable-listUl\")]/tbody/tr[14]/td[2]/div/div"}
COMMAND: POST /session/7f1686e11a340d92304ee7762c65784d/element - {"using":"xpath","value":"//table[contains(@id, \"listView-innerSelectionPanelTable-listUl\")]/tbody/tr[14]/td[2]/div"}
RESULT: {"using":"xpath","value":"//table[contains(@id, \"listView-innerSelectionPanelTable-listUl\")]/tbody/tr[14]/td[2]/div"}
COMMAND: POST /session/7f1686e11a340d92304ee7762c65784d/element - {"using":"xpath","value":"//table[contains(@id, \"listView-innerSelectionPanelTable-listUl\")]/tbody/tr[14]/td[3]/div/div/span/span[1]/bdi"}
RESULT: {"using":"xpath","value":"//table[contains(@id, \"listView-innerSelectionPanelTable-listUl\")]/tbody/tr[14]/td[3]/div/div/span/span[1]/bdi"}
COMMAND: POST /session/7f1686e11a340d92304ee7762c65784d/execute/sync - {"script":"<script> [56 bytes]","args":[{"element-6066-11e4-a52e-4f735466cecf":"f.45271FC9FC22FBF7EF0A590A71DD44AE.d.ACF486AB6D462CEB331164EDC7D84F0E.e.7889","ELEMENT":"f.45271FC9FC22FBF7EF0A590A71DD44AE.d.ACF486AB6D462CEB331164EDC7D84F0E.e.7889"}]}
RESULT: {"script":"<script> [56 bytes]","args":[{"element-6066-11e4-a52e-4f735466cecf":"f.45271FC9FC22FBF7EF0A590A71DD44AE.d.ACF486AB6D462CEB331164EDC7D84F0E.e.7889","ELEMENT":"f.45271FC9FC22FBF7EF0A590A71DD44AE.d.ACF486AB6D462CEB331164EDC7D84F0E.e.7889"}]}
COMMAND: GET /session/7f1686e11a340d92304ee7762c65784d/element/f.45271FC9FC22FBF7EF0A590A71DD44AE.d.ACF486AB6D462CEB331164EDC7D84F0E.e.7888/attribute/aria-checked - {}
COMMAND: GET /session/7f1686e11a340d92304ee7762c65784d/screenshot - {}
RESULT: {}
COMMAND: POST /session/7f1686e11a340d92304ee7762c65784d/element - {"using":"xpath","value":"//table[contains(@id, \"listView-innerSelectionPanelTable-listUl\")]/tbody/tr[15]/td[2]/div/div"}
RESULT: {}
RESULT: {"using":"xpath","value":"//table[contains(@id, \"listView-innerSelectionPanelTable-listUl\")]/tbody/tr[15]/td[2]/div/div"}
COMMAND: POST /session/7f1686e11a340d92304ee7762c65784d/element - {"using":"xpath","value":"//table[contains(@id, \"listView-innerSelectionPanelTable-listUl\")]/tbody/tr[15]/td[2]/div"}
RESULT: {"using":"xpath","value":"//table[contains(@id, \"listView-innerSelectionPanelTable-listUl\")]/tbody/tr[15]/td[2]/div"}
COMMAND: POST /session/7f1686e11a340d92304ee7762c65784d/element - {"using":"xpath","value":"//table[contains(@id, \"listView-innerSelectionPanelTable-listUl\")]/tbody/tr[15]/td[3]/div/div/span/span[1]/bdi"}
RESULT: {"using":"xpath","value":"//table[contains(@id, \"listView-innerSelectionPanelTable-listUl\")]/tbody/tr[15]/td[3]/div/div/span/span[1]/bdi"}
COMMAND: POST /session/7f1686e11a340d92304ee7762c65784d/execute/sync - {"script":"<script> [56 bytes]","args":[{"element-6066-11e4-a52e-4f735466cecf":"f.45271FC9FC22FBF7EF0A590A71DD44AE.d.ACF486AB6D462CEB331164EDC7D84F0E.e.7892","ELEMENT":"f.45271FC9FC22FBF7EF0A590A71DD44AE.d.ACF486AB6D462CEB331164EDC7D84F0E.e.7892"}]}
RESULT: {"script":"<script> [56 bytes]","args":[{"element-6066-11e4-a52e-4f735466cecf":"f.45271FC9FC22FBF7EF0A590A71DD44AE.d.ACF486AB6D462CEB331164EDC7D84F0E.e.7892","ELEMENT":"f.45271FC9FC22FBF7EF0A590A71DD44AE.d.ACF486AB6D462CEB331164EDC7D84F0E.e.7892"}]}
COMMAND: GET /session/7f1686e11a340d92304ee7762c65784d/element/f.45271FC9FC22FBF7EF0A590A71DD44AE.d.ACF486AB6D462CEB331164EDC7D84F0E.e.7891/attribute/aria-checked - {}
COMMAND: GET /session/7f1686e11a340d92304ee7762c65784d/screenshot - {}
RESULT: {}
COMMAND: POST /session/7f1686e11a340d92304ee7762c65784d/element - {"using":"xpath","value":"//table[contains(@id, \"listView-innerSelectionPanelTable-listUl\")]/tbody/tr[16]/td[2]/div/div"}
RESULT: {}
RESULT: {"using":"xpath","value":"//table[contains(@id, \"listView-innerSelectionPanelTable-listUl\")]/tbody/tr[16]/td[2]/div/div"}
COMMAND: POST /session/7f1686e11a340d92304ee7762c65784d/element - {"using":"xpath","value":"//table[contains(@id, \"listView-innerSelectionPanelTable-listUl\")]/tbody/tr[16]/td[2]/div"}
RESULT: {"using":"xpath","value":"//table[contains(@id, \"listView-innerSelectionPanelTable-listUl\")]/tbody/tr[16]/td[2]/div"}
COMMAND: POST /session/7f1686e11a340d92304ee7762c65784d/element - {"using":"xpath","value":"//table[contains(@id, \"listView-innerSelectionPanelTable-listUl\")]/tbody/tr[16]/td[3]/div/div/span/span[1]/bdi"}
RESULT: {"using":"xpath","value":"//table[contains(@id, \"listView-innerSelectionPanelTable-listUl\")]/tbody/tr[16]/td[3]/div/div/span/span[1]/bdi"}
COMMAND: POST /session/7f1686e11a340d92304ee7762c65784d/execute/sync - {"script":"<script> [56 bytes]","args":[{"element-6066-11e4-a52e-4f735466cecf":"f.45271FC9FC22FBF7EF0A590A71DD44AE.d.ACF486AB6D462CEB331164EDC7D84F0E.e.7895","ELEMENT":"f.45271FC9FC22FBF7EF0A590A71DD44AE.d.ACF486AB6D462CEB331164EDC7D84F0E.e.7895"}]}
RESULT: {"script":"<script> [56 bytes]","args":[{"element-6066-11e4-a52e-4f735466cecf":"f.45271FC9FC22FBF7EF0A590A71DD44AE.d.ACF486AB6D462CEB331164EDC7D84F0E.e.7895","ELEMENT":"f.45271FC9FC22FBF7EF0A590A71DD44AE.d.ACF486AB6D462CEB331164EDC7D84F0E.e.7895"}]}
COMMAND: GET /session/7f1686e11a340d92304ee7762c65784d/element/f.45271FC9FC22FBF7EF0A590A71DD44AE.d.ACF486AB6D462CEB331164EDC7D84F0E.e.7894/attribute/aria-checked - {}
COMMAND: GET /session/7f1686e11a340d92304ee7762c65784d/screenshot - {}
RESULT: {}
COMMAND: POST /session/7f1686e11a340d92304ee7762c65784d/element - {"using":"xpath","value":"//table[contains(@id, \"listView-innerSelectionPanelTable-listUl\")]/tbody/tr[17]/td[2]/div/div"}
RESULT: {}
RESULT: {"using":"xpath","value":"//table[contains(@id, \"listView-innerSelectionPanelTable-listUl\")]/tbody/tr[17]/td[2]/div/div"}
COMMAND: POST /session/7f1686e11a340d92304ee7762c65784d/element - {"using":"xpath","value":"//table[contains(@id, \"listView-innerSelectionPanelTable-listUl\")]/tbody/tr[17]/td[2]/div"}
RESULT: {"using":"xpath","value":"//table[contains(@id, \"listView-innerSelectionPanelTable-listUl\")]/tbody/tr[17]/td[2]/div"}
COMMAND: POST /session/7f1686e11a340d92304ee7762c65784d/element - {"using":"xpath","value":"//table[contains(@id, \"listView-innerSelectionPanelTable-listUl\")]/tbody/tr[17]/td[3]/div/div/span/span[1]/bdi"}
RESULT: {"using":"xpath","value":"//table[contains(@id, \"listView-innerSelectionPanelTable-listUl\")]/tbody/tr[17]/td[3]/div/div/span/span[1]/bdi"}
COMMAND: POST /session/7f1686e11a340d92304ee7762c65784d/execute/sync - {"script":"<script> [56 bytes]","args":[{"element-6066-11e4-a52e-4f735466cecf":"f.45271FC9FC22FBF7EF0A590A71DD44AE.d.ACF486AB6D462CEB331164EDC7D84F0E.e.7898","ELEMENT":"f.45271FC9FC22FBF7EF0A590A71DD44AE.d.ACF486AB6D462CEB331164EDC7D84F0E.e.7898"}]}
RESULT: {"script":"<script> [56 bytes]","args":[{"element-6066-11e4-a52e-4f735466cecf":"f.45271FC9FC22FBF7EF0A590A71DD44AE.d.ACF486AB6D462CEB331164EDC7D84F0E.e.7898","ELEMENT":"f.45271FC9FC22FBF7EF0A590A71DD44AE.d.ACF486AB6D462CEB331164EDC7D84F0E.e.7898"}]}
COMMAND: GET /session/7f1686e11a340d92304ee7762c65784d/element/f.45271FC9FC22FBF7EF0A590A71DD44AE.d.ACF486AB6D462CEB331164EDC7D84F0E.e.7897/attribute/aria-checked - {}
COMMAND: GET /session/7f1686e11a340d92304ee7762c65784d/screenshot - {}
RESULT: {}
COMMAND: POST /session/7f1686e11a340d92304ee7762c65784d/element - {"using":"xpath","value":"//table[contains(@id, \"listView-innerSelectionPanelTable-listUl\")]/tbody/tr[18]/td[2]/div/div"}
RESULT: {}
RESULT: {"using":"xpath","value":"//table[contains(@id, \"listView-innerSelectionPanelTable-listUl\")]/tbody/tr[18]/td[2]/div/div"}
COMMAND: POST /session/7f1686e11a340d92304ee7762c65784d/element - {"using":"xpath","value":"//table[contains(@id, \"listView-innerSelectionPanelTable-listUl\")]/tbody/tr[18]/td[2]/div"}
RESULT: {"using":"xpath","value":"//table[contains(@id, \"listView-innerSelectionPanelTable-listUl\")]/tbody/tr[18]/td[2]/div"}
COMMAND: POST /session/7f1686e11a340d92304ee7762c65784d/element - {"using":"xpath","value":"//table[contains(@id, \"listView-innerSelectionPanelTable-listUl\")]/tbody/tr[18]/td[3]/div/div/span/span[1]/bdi"}
RESULT: {"using":"xpath","value":"//table[contains(@id, \"listView-innerSelectionPanelTable-listUl\")]/tbody/tr[18]/td[3]/div/div/span/span[1]/bdi"}
COMMAND: POST /session/7f1686e11a340d92304ee7762c65784d/execute/sync - {"script":"<script> [56 bytes]","args":[{"element-6066-11e4-a52e-4f735466cecf":"f.45271FC9FC22FBF7EF0A590A71DD44AE.d.ACF486AB6D462CEB331164EDC7D84F0E.e.7901","ELEMENT":"f.45271FC9FC22FBF7EF0A590A71DD44AE.d.ACF486AB6D462CEB331164EDC7D84F0E.e.7901"}]}
RESULT: {"script":"<script> [56 bytes]","args":[{"element-6066-11e4-a52e-4f735466cecf":"f.45271FC9FC22FBF7EF0A590A71DD44AE.d.ACF486AB6D462CEB331164EDC7D84F0E.e.7901","ELEMENT":"f.45271FC9FC22FBF7EF0A590A71DD44AE.d.ACF486AB6D462CEB331164EDC7D84F0E.e.7901"}]}
COMMAND: GET /session/7f1686e11a340d92304ee7762c65784d/element/f.45271FC9FC22FBF7EF0A590A71DD44AE.d.ACF486AB6D462CEB331164EDC7D84F0E.e.7900/attribute/aria-checked - {}
COMMAND: GET /session/7f1686e11a340d92304ee7762c65784d/screenshot - {}
RESULT: {}
COMMAND: POST /session/7f1686e11a340d92304ee7762c65784d/element - {"using":"xpath","value":"//table[contains(@id, \"listView-innerSelectionPanelTable-listUl\")]/tbody/tr[19]/td[2]/div/div"}
RESULT: {}
RESULT: {"using":"xpath","value":"//table[contains(@id, \"listView-innerSelectionPanelTable-listUl\")]/tbody/tr[19]/td[2]/div/div"}
COMMAND: POST /session/7f1686e11a340d92304ee7762c65784d/element - {"using":"xpath","value":"//table[contains(@id, \"listView-innerSelectionPanelTable-listUl\")]/tbody/tr[19]/td[2]/div"}
RESULT: {"using":"xpath","value":"//table[contains(@id, \"listView-innerSelectionPanelTable-listUl\")]/tbody/tr[19]/td[2]/div"}
COMMAND: POST /session/7f1686e11a340d92304ee7762c65784d/element - {"using":"xpath","value":"//table[contains(@id, \"listView-innerSelectionPanelTable-listUl\")]/tbody/tr[19]/td[3]/div/div/span/span[1]/bdi"}
RESULT: {"using":"xpath","value":"//table[contains(@id, \"listView-innerSelectionPanelTable-listUl\")]/tbody/tr[19]/td[3]/div/div/span/span[1]/bdi"}
COMMAND: POST /session/7f1686e11a340d92304ee7762c65784d/execute/sync - {"script":"<script> [56 bytes]","args":[{"element-6066-11e4-a52e-4f735466cecf":"f.45271FC9FC22FBF7EF0A590A71DD44AE.d.ACF486AB6D462CEB331164EDC7D84F0E.e.7904","ELEMENT":"f.45271FC9FC22FBF7EF0A590A71DD44AE.d.ACF486AB6D462CEB331164EDC7D84F0E.e.7904"}]}
RESULT: {"script":"<script> [56 bytes]","args":[{"element-6066-11e4-a52e-4f735466cecf":"f.45271FC9FC22FBF7EF0A590A71DD44AE.d.ACF486AB6D462CEB331164EDC7D84F0E.e.7904","ELEMENT":"f.45271FC9FC22FBF7EF0A590A71DD44AE.d.ACF486AB6D462CEB331164EDC7D84F0E.e.7904"}]}
COMMAND: GET /session/7f1686e11a340d92304ee7762c65784d/element/f.45271FC9FC22FBF7EF0A590A71DD44AE.d.ACF486AB6D462CEB331164EDC7D84F0E.e.7903/attribute/aria-checked - {}
COMMAND: GET /session/7f1686e11a340d92304ee7762c65784d/screenshot - {}
RESULT: {}
COMMAND: POST /session/7f1686e11a340d92304ee7762c65784d/element - {"using":"xpath","value":"//table[contains(@id, \"listView-innerSelectionPanelTable-listUl\")]/tbody/tr[20]/td[2]/div/div"}
RESULT: {}
RESULT: {"using":"xpath","value":"//table[contains(@id, \"listView-innerSelectionPanelTable-listUl\")]/tbody/tr[20]/td[2]/div/div"}
COMMAND: POST /session/7f1686e11a340d92304ee7762c65784d/element - {"using":"xpath","value":"//table[contains(@id, \"listView-innerSelectionPanelTable-listUl\")]/tbody/tr[20]/td[2]/div"}
RESULT: {"using":"xpath","value":"//table[contains(@id, \"listView-innerSelectionPanelTable-listUl\")]/tbody/tr[20]/td[2]/div"}
COMMAND: POST /session/7f1686e11a340d92304ee7762c65784d/element - {"using":"xpath","value":"//table[contains(@id, \"listView-innerSelectionPanelTable-listUl\")]/tbody/tr[20]/td[3]/div/div/span/span[1]/bdi"}
RESULT: {"using":"xpath","value":"//table[contains(@id, \"listView-innerSelectionPanelTable-listUl\")]/tbody/tr[20]/td[3]/div/div/span/span[1]/bdi"}
COMMAND: POST /session/7f1686e11a340d92304ee7762c65784d/execute/sync - {"script":"<script> [56 bytes]","args":[{"element-6066-11e4-a52e-4f735466cecf":"f.45271FC9FC22FBF7EF0A590A71DD44AE.d.ACF486AB6D462CEB331164EDC7D84F0E.e.7907","ELEMENT":"f.45271FC9FC22FBF7EF0A590A71DD44AE.d.ACF486AB6D462CEB331164EDC7D84F0E.e.7907"}]}
RESULT: {"script":"<script> [56 bytes]","args":[{"element-6066-11e4-a52e-4f735466cecf":"f.45271FC9FC22FBF7EF0A590A71DD44AE.d.ACF486AB6D462CEB331164EDC7D84F0E.e.7907","ELEMENT":"f.45271FC9FC22FBF7EF0A590A71DD44AE.d.ACF486AB6D462CEB331164EDC7D84F0E.e.7907"}]}
COMMAND: GET /session/7f1686e11a340d92304ee7762c65784d/element/f.45271FC9FC22FBF7EF0A590A71DD44AE.d.ACF486AB6D462CEB331164EDC7D84F0E.e.7906/attribute/aria-checked - {}
COMMAND: GET /session/7f1686e11a340d92304ee7762c65784d/screenshot - {}
RESULT: {}
COMMAND: POST /session/7f1686e11a340d92304ee7762c65784d/element - {"using":"xpath","value":"//table[contains(@id, \"listView-innerSelectionPanelTable-listUl\")]/tbody/tr[21]/td[2]/div/div"}
COMMAND: POST /session/7f1686e11a340d92304ee7762c65784d/element/f.45271FC9FC22FBF7EF0A590A71DD44AE.d.ACF486AB6D462CEB331164EDC7D84F0E.e.7905/click - {}
RESULT: {}
RESULT: {}
COMMAND: GET /session/7f1686e11a340d92304ee7762c65784d/screenshot - {}
RESULT: {"using":"xpath","value":"//table[contains(@id, \"listView-innerSelectionPanelTable-listUl\")]/tbody/tr[21]/td[2]/div/div"}
COMMAND: POST /session/7f1686e11a340d92304ee7762c65784d/element - {"using":"xpath","value":"//table[contains(@id, \"listView-innerSelectionPanelTable-listUl\")]/tbody/tr[21]/td[2]/div"}
RESULT: {}
RESULT: {"using":"xpath","value":"//table[contains(@id, \"listView-innerSelectionPanelTable-listUl\")]/tbody/tr[21]/td[2]/div"}
COMMAND: POST /session/7f1686e11a340d92304ee7762c65784d/element - {"using":"xpath","value":"//table[contains(@id, \"listView-innerSelectionPanelTable-listUl\")]/tbody/tr[21]/td[3]/div/div/span/span[1]/bdi"}
RESULT: {"using":"xpath","value":"//table[contains(@id, \"listView-innerSelectionPanelTable-listUl\")]/tbody/tr[21]/td[3]/div/div/span/span[1]/bdi"}
COMMAND: POST /session/7f1686e11a340d92304ee7762c65784d/execute/sync - {"script":"<script> [56 bytes]","args":[{"element-6066-11e4-a52e-4f735466cecf":"f.45271FC9FC22FBF7EF0A590A71DD44AE.d.ACF486AB6D462CEB331164EDC7D84F0E.e.7917","ELEMENT":"f.45271FC9FC22FBF7EF0A590A71DD44AE.d.ACF486AB6D462CEB331164EDC7D84F0E.e.7917"}]}
RESULT: {"script":"<script> [56 bytes]","args":[{"element-6066-11e4-a52e-4f735466cecf":"f.45271FC9FC22FBF7EF0A590A71DD44AE.d.ACF486AB6D462CEB331164EDC7D84F0E.e.7917","ELEMENT":"f.45271FC9FC22FBF7EF0A590A71DD44AE.d.ACF486AB6D462CEB331164EDC7D84F0E.e.7917"}]}
COMMAND: GET /session/7f1686e11a340d92304ee7762c65784d/element/f.45271FC9FC22FBF7EF0A590A71DD44AE.d.ACF486AB6D462CEB331164EDC7D84F0E.e.7916/attribute/aria-checked - {}
COMMAND: GET /session/7f1686e11a340d92304ee7762c65784d/screenshot - {}
RESULT: {}
COMMAND: POST /session/7f1686e11a340d92304ee7762c65784d/element - {"using":"xpath","value":"//table[contains(@id, \"listView-innerSelectionPanelTable-listUl\")]/tbody/tr[22]/td[2]/div/div"}
COMMAND: POST /session/7f1686e11a340d92304ee7762c65784d/element/f.45271FC9FC22FBF7EF0A590A71DD44AE.d.ACF486AB6D462CEB331164EDC7D84F0E.e.7915/click - {}
RESULT: {}
RESULT: {"using":"xpath","value":"//table[contains(@id, \"listView-innerSelectionPanelTable-listUl\")]/tbody/tr[22]/td[2]/div/div"}
COMMAND: POST /session/7f1686e11a340d92304ee7762c65784d/element - {"using":"xpath","value":"//table[contains(@id, \"listView-innerSelectionPanelTable-listUl\")]/tbody/tr[22]/td[2]/div"}
RESULT: {}
COMMAND: GET /session/7f1686e11a340d92304ee7762c65784d/screenshot - {}
RESULT: {"using":"xpath","value":"//table[contains(@id, \"listView-innerSelectionPanelTable-listUl\")]/tbody/tr[22]/td[2]/div"}
COMMAND: POST /session/7f1686e11a340d92304ee7762c65784d/element - {"using":"xpath","value":"//table[contains(@id, \"listView-innerSelectionPanelTable-listUl\")]/tbody/tr[22]/td[3]/div/div/span/span[1]/bdi"}
RESULT: {}
RESULT: {"using":"xpath","value":"//table[contains(@id, \"listView-innerSelectionPanelTable-listUl\")]/tbody/tr[22]/td[3]/div/div/span/span[1]/bdi"}
COMMAND: POST /session/7f1686e11a340d92304ee7762c65784d/execute/sync - {"script":"<script> [56 bytes]","args":[{"element-6066-11e4-a52e-4f735466cecf":"f.45271FC9FC22FBF7EF0A590A71DD44AE.d.ACF486AB6D462CEB331164EDC7D84F0E.e.7921","ELEMENT":"f.45271FC9FC22FBF7EF0A590A71DD44AE.d.ACF486AB6D462CEB331164EDC7D84F0E.e.7921"}]}
RESULT: {"script":"<script> [56 bytes]","args":[{"element-6066-11e4-a52e-4f735466cecf":"f.45271FC9FC22FBF7EF0A590A71DD44AE.d.ACF486AB6D462CEB331164EDC7D84F0E.e.7921","ELEMENT":"f.45271FC9FC22FBF7EF0A590A71DD44AE.d.ACF486AB6D462CEB331164EDC7D84F0E.e.7921"}]}
COMMAND: GET /session/7f1686e11a340d92304ee7762c65784d/element/f.45271FC9FC22FBF7EF0A590A71DD44AE.d.ACF486AB6D462CEB331164EDC7D84F0E.e.7920/attribute/aria-checked - {}
COMMAND: GET /session/7f1686e11a340d92304ee7762c65784d/screenshot - {}
RESULT: {}
COMMAND: POST /session/7f1686e11a340d92304ee7762c65784d/element - {"using":"xpath","value":"//table[contains(@id, \"listView-innerSelectionPanelTable-listUl\")]/tbody/tr[23]/td[2]/div/div"}
RESULT: {}
RESULT: {"using":"xpath","value":"//table[contains(@id, \"listView-innerSelectionPanelTable-listUl\")]/tbody/tr[23]/td[2]/div/div"}
COMMAND: POST /session/7f1686e11a340d92304ee7762c65784d/element - {"using":"xpath","value":"//table[contains(@id, \"listView-innerSelectionPanelTable-listUl\")]/tbody/tr[23]/td[2]/div"}
RESULT: {"using":"xpath","value":"//table[contains(@id, \"listView-innerSelectionPanelTable-listUl\")]/tbody/tr[23]/td[2]/div"}
COMMAND: POST /session/7f1686e11a340d92304ee7762c65784d/element - {"using":"xpath","value":"//table[contains(@id, \"listView-innerSelectionPanelTable-listUl\")]/tbody/tr[23]/td[3]/div/div/span/span[1]/bdi"}
RESULT: {"using":"xpath","value":"//table[contains(@id, \"listView-innerSelectionPanelTable-listUl\")]/tbody/tr[23]/td[3]/div/div/span/span[1]/bdi"}
COMMAND: POST /session/7f1686e11a340d92304ee7762c65784d/execute/sync - {"script":"<script> [56 bytes]","args":[{"element-6066-11e4-a52e-4f735466cecf":"f.45271FC9FC22FBF7EF0A590A71DD44AE.d.ACF486AB6D462CEB331164EDC7D84F0E.e.7924","ELEMENT":"f.45271FC9FC22FBF7EF0A590A71DD44AE.d.ACF486AB6D462CEB331164EDC7D84F0E.e.7924"}]}
RESULT: {"script":"<script> [56 bytes]","args":[{"element-6066-11e4-a52e-4f735466cecf":"f.45271FC9FC22FBF7EF0A590A71DD44AE.d.ACF486AB6D462CEB331164EDC7D84F0E.e.7924","ELEMENT":"f.45271FC9FC22FBF7EF0A590A71DD44AE.d.ACF486AB6D462CEB331164EDC7D84F0E.e.7924"}]}
COMMAND: GET /session/7f1686e11a340d92304ee7762c65784d/element/f.45271FC9FC22FBF7EF0A590A71DD44AE.d.ACF486AB6D462CEB331164EDC7D84F0E.e.7923/attribute/aria-checked - {}
COMMAND: GET /session/7f1686e11a340d92304ee7762c65784d/screenshot - {}
RESULT: {}
COMMAND: POST /session/7f1686e11a340d92304ee7762c65784d/element - {"using":"xpath","value":"//table[contains(@id, \"listView-innerSelectionPanelTable-listUl\")]/tbody/tr[24]/td[2]/div/div"}
RESULT: {}
RESULT: {"using":"xpath","value":"//table[contains(@id, \"listView-innerSelectionPanelTable-listUl\")]/tbody/tr[24]/td[2]/div/div"}
COMMAND: POST /session/7f1686e11a340d92304ee7762c65784d/element - {"using":"xpath","value":"//table[contains(@id, \"listView-innerSelectionPanelTable-listUl\")]/tbody/tr[24]/td[2]/div"}
RESULT: {"using":"xpath","value":"//table[contains(@id, \"listView-innerSelectionPanelTable-listUl\")]/tbody/tr[24]/td[2]/div"}
COMMAND: POST /session/7f1686e11a340d92304ee7762c65784d/element - {"using":"xpath","value":"//table[contains(@id, \"listView-innerSelectionPanelTable-listUl\")]/tbody/tr[24]/td[3]/div/div/span/span[1]/bdi"}
RESULT: {"using":"xpath","value":"//table[contains(@id, \"listView-innerSelectionPanelTable-listUl\")]/tbody/tr[24]/td[3]/div/div/span/span[1]/bdi"}
COMMAND: POST /session/7f1686e11a340d92304ee7762c65784d/execute/sync - {"script":"<script> [56 bytes]","args":[{"element-6066-11e4-a52e-4f735466cecf":"f.45271FC9FC22FBF7EF0A590A71DD44AE.d.ACF486AB6D462CEB331164EDC7D84F0E.e.7927","ELEMENT":"f.45271FC9FC22FBF7EF0A590A71DD44AE.d.ACF486AB6D462CEB331164EDC7D84F0E.e.7927"}]}
RESULT: {"script":"<script> [56 bytes]","args":[{"element-6066-11e4-a52e-4f735466cecf":"f.45271FC9FC22FBF7EF0A590A71DD44AE.d.ACF486AB6D462CEB331164EDC7D84F0E.e.7927","ELEMENT":"f.45271FC9FC22FBF7EF0A590A71DD44AE.d.ACF486AB6D462CEB331164EDC7D84F0E.e.7927"}]}
COMMAND: GET /session/7f1686e11a340d92304ee7762c65784d/element/f.45271FC9FC22FBF7EF0A590A71DD44AE.d.ACF486AB6D462CEB331164EDC7D84F0E.e.7926/attribute/aria-checked - {}
COMMAND: GET /session/7f1686e11a340d92304ee7762c65784d/screenshot - {}
RESULT: {}
COMMAND: POST /session/7f1686e11a340d92304ee7762c65784d/element - {"using":"xpath","value":"//table[contains(@id, \"listView-innerSelectionPanelTable-listUl\")]/tbody/tr[25]/td[2]/div/div"}
RESULT: {}
RESULT: {"using":"xpath","value":"//table[contains(@id, \"listView-innerSelectionPanelTable-listUl\")]/tbody/tr[25]/td[2]/div/div"}
COMMAND: POST /session/7f1686e11a340d92304ee7762c65784d/element - {"using":"xpath","value":"//table[contains(@id, \"listView-innerSelectionPanelTable-listUl\")]/tbody/tr[25]/td[2]/div"}
RESULT: {"using":"xpath","value":"//table[contains(@id, \"listView-innerSelectionPanelTable-listUl\")]/tbody/tr[25]/td[2]/div"}
COMMAND: POST /session/7f1686e11a340d92304ee7762c65784d/element - {"using":"xpath","value":"//table[contains(@id, \"listView-innerSelectionPanelTable-listUl\")]/tbody/tr[25]/td[3]/div/div/span/span[1]/bdi"}
RESULT: {"using":"xpath","value":"//table[contains(@id, \"listView-innerSelectionPanelTable-listUl\")]/tbody/tr[25]/td[3]/div/div/span/span[1]/bdi"}
COMMAND: POST /session/7f1686e11a340d92304ee7762c65784d/execute/sync - {"script":"<script> [56 bytes]","args":[{"element-6066-11e4-a52e-4f735466cecf":"f.45271FC9FC22FBF7EF0A590A71DD44AE.d.ACF486AB6D462CEB331164EDC7D84F0E.e.7930","ELEMENT":"f.45271FC9FC22FBF7EF0A590A71DD44AE.d.ACF486AB6D462CEB331164EDC7D84F0E.e.7930"}]}
RESULT: {"script":"<script> [56 bytes]","args":[{"element-6066-11e4-a52e-4f735466cecf":"f.45271FC9FC22FBF7EF0A590A71DD44AE.d.ACF486AB6D462CEB331164EDC7D84F0E.e.7930","ELEMENT":"f.45271FC9FC22FBF7EF0A590A71DD44AE.d.ACF486AB6D462CEB331164EDC7D84F0E.e.7930"}]}
COMMAND: GET /session/7f1686e11a340d92304ee7762c65784d/element/f.45271FC9FC22FBF7EF0A590A71DD44AE.d.ACF486AB6D462CEB331164EDC7D84F0E.e.7929/attribute/aria-checked - {}
COMMAND: GET /session/7f1686e11a340d92304ee7762c65784d/screenshot - {}
RESULT: {}
COMMAND: POST /session/7f1686e11a340d92304ee7762c65784d/element - {"using":"xpath","value":"//bdi[contains(text(), \"OK\")]"}
RESULT: {}
RESULT: {"using":"xpath","value":"//bdi[contains(text(), \"OK\")]"}
COMMAND: POST /session/7f1686e11a340d92304ee7762c65784d/element/f.45271FC9FC22FBF7EF0A590A71DD44AE.d.ACF486AB6D462CEB331164EDC7D84F0E.e.7931/click - {}
RESULT: {}
COMMAND: GET /session/7f1686e11a340d92304ee7762c65784d/screenshot - {}
RESULT: {}
COMMAND: POST /session/7f1686e11a340d92304ee7762c65784d/execute/async - {"script":"<script> [1562 bytes]","args":[{"selector":{"id":"application-managepartners-display-component---masterPtm--smartFilterBar-filterItemControlA_-LINK_TO_ADDRESSES_MAIN.ID-vhi"},"wdio_ui5_key":"applicationmanagepartners-display-component---masterPtm--smartFilterBar-filterItemControlA_-LINK_TO_ADDRESSES_MAIN.ID-vhi"}]}
RESULT: {"script":"<script> [1562 bytes]","args":[{"selector":{"id":"application-managepartners-display-component---masterPtm--smartFilterBar-filterItemControlA_-LINK_TO_ADDRESSES_MAIN.ID-vhi"},"wdio_ui5_key":"applicationmanagepartners-display-component---masterPtm--smartFilterBar-filterItemControlA_-LINK_TO_ADDRESSES_MAIN.ID-vhi"}]}
RESULT: undefined
COMMAND: POST /session/7f1686e11a340d92304ee7762c65784d/element - {"using":"xpath","value":"//*[@id=\"application-managepartners-display-component---masterPtm--smartFilterBar-filterItemControlA_-LINK_TO_ADDRESSES_MAIN.ID-vhi\"]"}
RESULT: {"using":"xpath","value":"//*[@id=\"application-managepartners-display-component---masterPtm--smartFilterBar-filterItemControlA_-LINK_TO_ADDRESSES_MAIN.ID-vhi\"]"}
COMMAND: POST /session/7f1686e11a340d92304ee7762c65784d/element/f.45271FC9FC22FBF7EF0A590A71DD44AE.d.ACF486AB6D462CEB331164EDC7D84F0E.e.7944/click - {}
RESULT: {}
COMMAND: GET /session/7f1686e11a340d92304ee7762c65784d/screenshot - {}
RESULT: {}
COMMAND: POST /session/7f1686e11a340d92304ee7762c65784d/execute/async - {"script":"<script> [1562 bytes]","args":[{"selector":{"controlType":"sap.ui.core.Icon","viewName":"etm.portal.ui.managepartners.view.Master","viewId":"application-managepartners-display-component---masterPtm","properties":{"src":{"regex":{"source":"slim\\-arrow\\-down"}}},"searchOpenDialogs":true},"wdio_ui5_key":"etmportal.ui.managepartners.view.Mastersap.ui.core.Icon{\"src\":{\"regex\":{\"source\":\"slim\\\\-arrow\\\\-down\"}}}"}]}
RESULT: {"script":"<script> [1562 bytes]","args":[{"selector":{"controlType":"sap.ui.core.Icon","viewName":"etm.portal.ui.managepartners.view.Master","viewId":"application-managepartners-display-component---masterPtm","properties":{"src":{"regex":{"source":"slim\\-arrow\\-down"}}},"searchOpenDialogs":true},"wdio_ui5_key":"etmportal.ui.managepartners.view.Mastersap.ui.core.Icon{\"src\":{\"regex\":{\"source\":\"slim\\\\-arrow\\\\-down\"}}}"}]}
RESULT: undefined
COMMAND: POST /session/7f1686e11a340d92304ee7762c65784d/element - {"using":"xpath","value":"//*[@id=\"__box77-arrow\"]"}
RESULT: {"using":"xpath","value":"//*[@id=\"__box77-arrow\"]"}
COMMAND: POST /session/7f1686e11a340d92304ee7762c65784d/element/f.45271FC9FC22FBF7EF0A590A71DD44AE.d.ACF486AB6D462CEB331164EDC7D84F0E.e.7949/click - {}
RESULT: {}
COMMAND: GET /session/7f1686e11a340d92304ee7762c65784d/screenshot - {}
RESULT: {}
COMMAND: POST /session/7f1686e11a340d92304ee7762c65784d/element - {"using":"xpath","value":"//li[.//span[text()='equal to']]"}
RESULT: {"using":"xpath","value":"//li[.//span[text()='equal to']]"}
COMMAND: POST /session/7f1686e11a340d92304ee7762c65784d/element/f.45271FC9FC22FBF7EF0A590A71DD44AE.d.ACF486AB6D462CEB331164EDC7D84F0E.e.7950/click - {}
RESULT: {}
COMMAND: GET /session/7f1686e11a340d92304ee7762c65784d/screenshot - {}
RESULT: {}
RESULT: undefined
COMMAND: POST /session/7f1686e11a340d92304ee7762c65784d/execute/async - {"script":"<script> [776 bytes]","args":[{"enterText":"1006","selector":{"controlType":"sap.m.Input","viewName":"etm.portal.ui.managepartners.view.Master","viewId":"application-managepartners-display-component---masterPtm","properties":{"valueState":"None"},"searchOpenDialogs":true,"interaction":{"idSuffix":"inner"}},"clearTextFirst":true,"interactionType":"ENTER_TEXT"}]}
RESULT: {"script":"<script> [776 bytes]","args":[{"enterText":"1006","selector":{"controlType":"sap.m.Input","viewName":"etm.portal.ui.managepartners.view.Master","viewId":"application-managepartners-display-component---masterPtm","properties":{"valueState":"None"},"searchOpenDialogs":true,"interaction":{"idSuffix":"inner"}},"clearTextFirst":true,"interactionType":"ENTER_TEXT"}]}
COMMAND: POST /session/7f1686e11a340d92304ee7762c65784d/actions - {"actions":[{"id":"action22","type":"key","parameters":{},"actions":[{"type":"keyDown","value":""},{"type":"pause","duration":10},{"type":"keyUp","value":""}]}]}
RESULT: {"actions":[{"id":"action22","type":"key","parameters":{},"actions":[{"type":"keyDown","value":""},{"type":"pause","duration":10},{"type":"keyUp","value":""}]}]}
COMMAND: GET /session/7f1686e11a340d92304ee7762c65784d/screenshot - {}
RESULT: {}
COMMAND: POST /session/7f1686e11a340d92304ee7762c65784d/element - {"using":"xpath","value":"(//bdi[contains(text(), \"OK\")])[1]"}
RESULT: {"using":"xpath","value":"(//bdi[contains(text(), \"OK\")])[1]"}
COMMAND: POST /session/7f1686e11a340d92304ee7762c65784d/element/f.45271FC9FC22FBF7EF0A590A71DD44AE.d.ACF486AB6D462CEB331164EDC7D84F0E.e.7951/click - {}
RESULT: {}
COMMAND: GET /session/7f1686e11a340d92304ee7762c65784d/screenshot - {}
RESULT: {}
COMMAND: POST /session/7f1686e11a340d92304ee7762c65784d/element - {"using":"xpath","value":"//span[@id=\"application-managepartners-display-component---masterPtm--smartTable-header-inner\"]"}
RESULT: {"using":"xpath","value":"//span[@id=\"application-managepartners-display-component---masterPtm--smartTable-header-inner\"]"}
COMMAND: POST /session/7f1686e11a340d92304ee7762c65784d/elements - {"using":"xpath","value":"//span[@id=\"application-managepartners-display-component---masterPtm--smartTable-header-inner\"]"}
RESULT: {"using":"xpath","value":"//span[@id=\"application-managepartners-display-component---masterPtm--smartTable-header-inner\"]"}
COMMAND: POST /session/7f1686e11a340d92304ee7762c65784d/execute/sync - {"script":"<script> [56 bytes]","args":[{"element-6066-11e4-a52e-4f735466cecf":"f.45271FC9FC22FBF7EF0A590A71DD44AE.d.ACF486AB6D462CEB331164EDC7D84F0E.e.7785","ELEMENT":"f.45271FC9FC22FBF7EF0A590A71DD44AE.d.ACF486AB6D462CEB331164EDC7D84F0E.e.7785"}]}
RESULT: {"script":"<script> [56 bytes]","args":[{"element-6066-11e4-a52e-4f735466cecf":"f.45271FC9FC22FBF7EF0A590A71DD44AE.d.ACF486AB6D462CEB331164EDC7D84F0E.e.7785","ELEMENT":"f.45271FC9FC22FBF7EF0A590A71DD44AE.d.ACF486AB6D462CEB331164EDC7D84F0E.e.7785"}]}
COMMAND: POST /session/7f1686e11a340d92304ee7762c65784d/element - {"using":"xpath","value":"//span[contains(@title, \"Remove\")]"}
COMMAND: GET /session/7f1686e11a340d92304ee7762c65784d/screenshot - {}
RESULT: {"using":"xpath","value":"//span[contains(@title, \"Remove\")]"}
COMMAND: POST /session/7f1686e11a340d92304ee7762c65784d/element/f.45271FC9FC22FBF7EF0A590A71DD44AE.d.ACF486AB6D462CEB331164EDC7D84F0E.e.7962/click - {}
RESULT: {}
RESULT: {}
COMMAND: GET /session/7f1686e11a340d92304ee7762c65784d/screenshot - {}
RESULT: {}
RESULT: undefined
COMMAND: POST /session/7f1686e11a340d92304ee7762c65784d/element - {"using":"xpath","value":"//*[@id=\"application-managepartners-display-component---masterPtm--smartFilterBar-filterItemControl_BASIC-YARD-vhi\"]"}
RESULT: {"using":"xpath","value":"//*[@id=\"application-managepartners-display-component---masterPtm--smartFilterBar-filterItemControl_BASIC-YARD-vhi\"]"}
COMMAND: POST /session/7f1686e11a340d92304ee7762c65784d/element/f.45271FC9FC22FBF7EF0A590A71DD44AE.d.ACF486AB6D462CEB331164EDC7D84F0E.e.8065/click - {}
RESULT: {}
COMMAND: GET /session/7f1686e11a340d92304ee7762c65784d/screenshot - {}
RESULT: {}
RESULT: undefined
COMMAND: POST /session/7f1686e11a340d92304ee7762c65784d/execute/async - {"script":"<script> [776 bytes]","args":[{"enterText":"Test","selector":{"id":"application-managepartners-display-component---masterPtm--smartFilterBar-filterItemControl_BASIC-YARD-valueHelpDialog-smartFilterBar-btnBasicSearch","searchOpenDialogs":true,"interaction":{"idSuffix":"I"}},"clearTextFirst":true,"interactionType":"ENTER_TEXT"}]}
RESULT: {"script":"<script> [776 bytes]","args":[{"enterText":"Test","selector":{"id":"application-managepartners-display-component---masterPtm--smartFilterBar-filterItemControl_BASIC-YARD-valueHelpDialog-smartFilterBar-btnBasicSearch","searchOpenDialogs":true,"interaction":{"idSuffix":"I"}},"clearTextFirst":true,"interactionType":"ENTER_TEXT"}]}
COMMAND: POST /session/7f1686e11a340d92304ee7762c65784d/actions - {"actions":[{"id":"action23","type":"key","parameters":{},"actions":[{"type":"keyDown","value":""},{"type":"pause","duration":10},{"type":"keyUp","value":""}]}]}
RESULT: {"actions":[{"id":"action23","type":"key","parameters":{},"actions":[{"type":"keyDown","value":""},{"type":"pause","duration":10},{"type":"keyUp","value":""}]}]}
COMMAND: POST /session/7f1686e11a340d92304ee7762c65784d/elements - {"using":"xpath","value":"//table[contains(@id, \"smartFilterBar-filterItemControl_BASIC-YARD-valueHelpDialog-table-table\")]/tbody/tr"}
COMMAND: GET /session/7f1686e11a340d92304ee7762c65784d/screenshot - {}
RESULT: {"using":"xpath","value":"//table[contains(@id, \"smartFilterBar-filterItemControl_BASIC-YARD-valueHelpDialog-table-table\")]/tbody/tr"}
COMMAND: POST /session/7f1686e11a340d92304ee7762c65784d/element - {"using":"xpath","value":"//table[contains(@id, \"smartFilterBar-filterItemControl_BASIC-YARD-valueHelpDialog-table-table\")]/tbody/tr[1]/td[1]/div/span"}
RESULT: {}
RESULT: {"using":"xpath","value":"//table[contains(@id, \"smartFilterBar-filterItemControl_BASIC-YARD-valueHelpDialog-table-table\")]/tbody/tr[1]/td[1]/div/span"}
COMMAND: POST /session/7f1686e11a340d92304ee7762c65784d/elements - {"using":"xpath","value":"//table[contains(@id, \"smartFilterBar-filterItemControl_BASIC-YARD-valueHelpDialog-table-table\")]/tbody/tr[1]/td[1]/div/span"}
RESULT: {"using":"xpath","value":"//table[contains(@id, \"smartFilterBar-filterItemControl_BASIC-YARD-valueHelpDialog-table-table\")]/tbody/tr[1]/td[1]/div/span"}
COMMAND: POST /session/7f1686e11a340d92304ee7762c65784d/execute/sync - {"script":"<script> [56 bytes]","args":[{"element-6066-11e4-a52e-4f735466cecf":"f.45271FC9FC22FBF7EF0A590A71DD44AE.d.ACF486AB6D462CEB331164EDC7D84F0E.e.8086","ELEMENT":"f.45271FC9FC22FBF7EF0A590A71DD44AE.d.ACF486AB6D462CEB331164EDC7D84F0E.e.8086"}]}
RESULT: {"script":"<script> [56 bytes]","args":[{"element-6066-11e4-a52e-4f735466cecf":"f.45271FC9FC22FBF7EF0A590A71DD44AE.d.ACF486AB6D462CEB331164EDC7D84F0E.e.8086","ELEMENT":"f.45271FC9FC22FBF7EF0A590A71DD44AE.d.ACF486AB6D462CEB331164EDC7D84F0E.e.8086"}]}
COMMAND: POST /session/7f1686e11a340d92304ee7762c65784d/element - {"using":"xpath","value":"//table[contains(@id, \"smartFilterBar-filterItemControl_BASIC-YARD-valueHelpDialog-table-table\")]/tbody/tr[2]/td[1]/div/span"}
COMMAND: GET /session/7f1686e11a340d92304ee7762c65784d/screenshot - {}
RESULT: {"using":"xpath","value":"//table[contains(@id, \"smartFilterBar-filterItemControl_BASIC-YARD-valueHelpDialog-table-table\")]/tbody/tr[2]/td[1]/div/span"}
COMMAND: POST /session/7f1686e11a340d92304ee7762c65784d/elements - {"using":"xpath","value":"//table[contains(@id, \"smartFilterBar-filterItemControl_BASIC-YARD-valueHelpDialog-table-table\")]/tbody/tr[2]/td[1]/div/span"}
RESULT: {}
RESULT: {"using":"xpath","value":"//table[contains(@id, \"smartFilterBar-filterItemControl_BASIC-YARD-valueHelpDialog-table-table\")]/tbody/tr[2]/td[1]/div/span"}
COMMAND: POST /session/7f1686e11a340d92304ee7762c65784d/execute/sync - {"script":"<script> [56 bytes]","args":[{"element-6066-11e4-a52e-4f735466cecf":"f.45271FC9FC22FBF7EF0A590A71DD44AE.d.ACF486AB6D462CEB331164EDC7D84F0E.e.8087","ELEMENT":"f.45271FC9FC22FBF7EF0A590A71DD44AE.d.ACF486AB6D462CEB331164EDC7D84F0E.e.8087"}]}
RESULT: {"script":"<script> [56 bytes]","args":[{"element-6066-11e4-a52e-4f735466cecf":"f.45271FC9FC22FBF7EF0A590A71DD44AE.d.ACF486AB6D462CEB331164EDC7D84F0E.e.8087","ELEMENT":"f.45271FC9FC22FBF7EF0A590A71DD44AE.d.ACF486AB6D462CEB331164EDC7D84F0E.e.8087"}]}
COMMAND: POST /session/7f1686e11a340d92304ee7762c65784d/element - {"using":"xpath","value":"//table[contains(@id, \"smartFilterBar-filterItemControl_BASIC-YARD-valueHelpDialog-table-table\")]/tbody/tr[3]/td[1]/div/span"}
COMMAND: GET /session/7f1686e11a340d92304ee7762c65784d/screenshot - {}
RESULT: {"using":"xpath","value":"//table[contains(@id, \"smartFilterBar-filterItemControl_BASIC-YARD-valueHelpDialog-table-table\")]/tbody/tr[3]/td[1]/div/span"}
COMMAND: POST /session/7f1686e11a340d92304ee7762c65784d/elements - {"using":"xpath","value":"//table[contains(@id, \"smartFilterBar-filterItemControl_BASIC-YARD-valueHelpDialog-table-table\")]/tbody/tr[3]/td[1]/div/span"}
RESULT: {}
RESULT: {"using":"xpath","value":"//table[contains(@id, \"smartFilterBar-filterItemControl_BASIC-YARD-valueHelpDialog-table-table\")]/tbody/tr[3]/td[1]/div/span"}
COMMAND: POST /session/7f1686e11a340d92304ee7762c65784d/execute/sync - {"script":"<script> [56 bytes]","args":[{"element-6066-11e4-a52e-4f735466cecf":"f.45271FC9FC22FBF7EF0A590A71DD44AE.d.ACF486AB6D462CEB331164EDC7D84F0E.e.8088","ELEMENT":"f.45271FC9FC22FBF7EF0A590A71DD44AE.d.ACF486AB6D462CEB331164EDC7D84F0E.e.8088"}]}
RESULT: {"script":"<script> [56 bytes]","args":[{"element-6066-11e4-a52e-4f735466cecf":"f.45271FC9FC22FBF7EF0A590A71DD44AE.d.ACF486AB6D462CEB331164EDC7D84F0E.e.8088","ELEMENT":"f.45271FC9FC22FBF7EF0A590A71DD44AE.d.ACF486AB6D462CEB331164EDC7D84F0E.e.8088"}]}
COMMAND: POST /session/7f1686e11a340d92304ee7762c65784d/element - {"using":"xpath","value":"//div[contains(@id, \"filterItemControl_BASIC-YARD-valueHelpDialog-table-rowsel2\")]"}
COMMAND: GET /session/7f1686e11a340d92304ee7762c65784d/screenshot - {}
RESULT: {"using":"xpath","value":"//div[contains(@id, \"filterItemControl_BASIC-YARD-valueHelpDialog-table-rowsel2\")]"}
COMMAND: POST /session/7f1686e11a340d92304ee7762c65784d/element/f.45271FC9FC22FBF7EF0A590A71DD44AE.d.ACF486AB6D462CEB331164EDC7D84F0E.e.8089/click - {}
RESULT: {}
RESULT: {}
COMMAND: GET /session/7f1686e11a340d92304ee7762c65784d/screenshot - {}
RESULT: {}
COMMAND: POST /session/7f1686e11a340d92304ee7762c65784d/element - {"using":"xpath","value":"(//bdi[contains(text(), \"OK\")])[1]"}
RESULT: {"using":"xpath","value":"(//bdi[contains(text(), \"OK\")])[1]"}
COMMAND: POST /session/7f1686e11a340d92304ee7762c65784d/element/f.45271FC9FC22FBF7EF0A590A71DD44AE.d.ACF486AB6D462CEB331164EDC7D84F0E.e.8091/click - {}
RESULT: {}
COMMAND: GET /session/7f1686e11a340d92304ee7762c65784d/screenshot - {}
RESULT: {}
COMMAND: POST /session/7f1686e11a340d92304ee7762c65784d/element - {"using":"xpath","value":"//span[@id=\"application-managepartners-display-component---masterPtm--smartTable-header-inner\"]"}
RESULT: {"using":"xpath","value":"//span[@id=\"application-managepartners-display-component---masterPtm--smartTable-header-inner\"]"}
COMMAND: POST /session/7f1686e11a340d92304ee7762c65784d/elements - {"using":"xpath","value":"//span[@id=\"application-managepartners-display-component---masterPtm--smartTable-header-inner\"]"}
RESULT: {"using":"xpath","value":"//span[@id=\"application-managepartners-display-component---masterPtm--smartTable-header-inner\"]"}
COMMAND: POST /session/7f1686e11a340d92304ee7762c65784d/execute/sync - {"script":"<script> [56 bytes]","args":[{"element-6066-11e4-a52e-4f735466cecf":"f.45271FC9FC22FBF7EF0A590A71DD44AE.d.ACF486AB6D462CEB331164EDC7D84F0E.e.7785","ELEMENT":"f.45271FC9FC22FBF7EF0A590A71DD44AE.d.ACF486AB6D462CEB331164EDC7D84F0E.e.7785"}]}
RESULT: {"script":"<script> [56 bytes]","args":[{"element-6066-11e4-a52e-4f735466cecf":"f.45271FC9FC22FBF7EF0A590A71DD44AE.d.ACF486AB6D462CEB331164EDC7D84F0E.e.7785","ELEMENT":"f.45271FC9FC22FBF7EF0A590A71DD44AE.d.ACF486AB6D462CEB331164EDC7D84F0E.e.7785"}]}
COMMAND: POST /session/7f1686e11a340d92304ee7762c65784d/element - {"using":"xpath","value":"//span[contains(@title, \"Remove\")]"}
COMMAND: GET /session/7f1686e11a340d92304ee7762c65784d/screenshot - {}
RESULT: {"using":"xpath","value":"//span[contains(@title, \"Remove\")]"}
COMMAND: POST /session/7f1686e11a340d92304ee7762c65784d/element/f.45271FC9FC22FBF7EF0A590A71DD44AE.d.ACF486AB6D462CEB331164EDC7D84F0E.e.8104/click - {}
RESULT: {}
RESULT: {}
COMMAND: GET /session/7f1686e11a340d92304ee7762c65784d/screenshot - {}
RESULT: {}
RESULT: undefined
COMMAND: POST /session/7f1686e11a340d92304ee7762c65784d/element - {"using":"xpath","value":"//*[@id=\"application-managepartners-display-component---masterPtm--smartFilterBar-filterItemControl_BASIC-MAIN_ADDRESS-vhi\"]"}
RESULT: {"using":"xpath","value":"//*[@id=\"application-managepartners-display-component---masterPtm--smartFilterBar-filterItemControl_BASIC-MAIN_ADDRESS-vhi\"]"}
COMMAND: POST /session/7f1686e11a340d92304ee7762c65784d/element/f.45271FC9FC22FBF7EF0A590A71DD44AE.d.ACF486AB6D462CEB331164EDC7D84F0E.e.8208/click - {}
RESULT: {}
COMMAND: GET /session/7f1686e11a340d92304ee7762c65784d/screenshot - {}
RESULT: {}
RESULT: undefined
COMMAND: POST /session/7f1686e11a340d92304ee7762c65784d/execute/async - {"script":"<script> [776 bytes]","args":[{"enterText":"Romania","selector":{"id":"application-managepartners-display-component---masterPtm--smartFilterBar-filterItemControl_BASIC-MAIN_ADDRESS-valueHelpDialog-smartFilterBar-btnBasicSearch","searchOpenDialogs":true,"interaction":{"idSuffix":"I"}},"clearTextFirst":true,"interactionType":"ENTER_TEXT"}]}
RESULT: {"script":"<script> [776 bytes]","args":[{"enterText":"Romania","selector":{"id":"application-managepartners-display-component---masterPtm--smartFilterBar-filterItemControl_BASIC-MAIN_ADDRESS-valueHelpDialog-smartFilterBar-btnBasicSearch","searchOpenDialogs":true,"interaction":{"idSuffix":"I"}},"clearTextFirst":true,"interactionType":"ENTER_TEXT"}]}
COMMAND: POST /session/7f1686e11a340d92304ee7762c65784d/actions - {"actions":[{"id":"action24","type":"key","parameters":{},"actions":[{"type":"keyDown","value":""},{"type":"pause","duration":10},{"type":"keyUp","value":""}]}]}
RESULT: {"actions":[{"id":"action24","type":"key","parameters":{},"actions":[{"type":"keyDown","value":""},{"type":"pause","duration":10},{"type":"keyUp","value":""}]}]}
COMMAND: POST /session/7f1686e11a340d92304ee7762c65784d/elements - {"using":"xpath","value":"//table[contains(@id, \"smartFilterBar-filterItemControl_BASIC-MAIN_ADDRESS-valueHelpDialog-table-table\")]/tbody/tr"}
COMMAND: GET /session/7f1686e11a340d92304ee7762c65784d/screenshot - {}
RESULT: {"using":"xpath","value":"//table[contains(@id, \"smartFilterBar-filterItemControl_BASIC-MAIN_ADDRESS-valueHelpDialog-table-table\")]/tbody/tr"}
COMMAND: POST /session/7f1686e11a340d92304ee7762c65784d/element - {"using":"xpath","value":"//table[contains(@id, \"smartFilterBar-filterItemControl_BASIC-MAIN_ADDRESS-valueHelpDialog-table-table\")]/tbody/tr[1]/td[1]/div/span"}
RESULT: {}
RESULT: {"using":"xpath","value":"//table[contains(@id, \"smartFilterBar-filterItemControl_BASIC-MAIN_ADDRESS-valueHelpDialog-table-table\")]/tbody/tr[1]/td[1]/div/span"}
COMMAND: POST /session/7f1686e11a340d92304ee7762c65784d/elements - {"using":"xpath","value":"//table[contains(@id, \"smartFilterBar-filterItemControl_BASIC-MAIN_ADDRESS-valueHelpDialog-table-table\")]/tbody/tr[1]/td[1]/div/span"}
RESULT: {"using":"xpath","value":"//table[contains(@id, \"smartFilterBar-filterItemControl_BASIC-MAIN_ADDRESS-valueHelpDialog-table-table\")]/tbody/tr[1]/td[1]/div/span"}
COMMAND: POST /session/7f1686e11a340d92304ee7762c65784d/execute/sync - {"script":"<script> [56 bytes]","args":[{"element-6066-11e4-a52e-4f735466cecf":"f.45271FC9FC22FBF7EF0A590A71DD44AE.d.ACF486AB6D462CEB331164EDC7D84F0E.e.8229","ELEMENT":"f.45271FC9FC22FBF7EF0A590A71DD44AE.d.ACF486AB6D462CEB331164EDC7D84F0E.e.8229"}]}
RESULT: {"script":"<script> [56 bytes]","args":[{"element-6066-11e4-a52e-4f735466cecf":"f.45271FC9FC22FBF7EF0A590A71DD44AE.d.ACF486AB6D462CEB331164EDC7D84F0E.e.8229","ELEMENT":"f.45271FC9FC22FBF7EF0A590A71DD44AE.d.ACF486AB6D462CEB331164EDC7D84F0E.e.8229"}]}
COMMAND: POST /session/7f1686e11a340d92304ee7762c65784d/element - {"using":"xpath","value":"//div[contains(@id, \"filterItemControl_BASIC-MAIN_ADDRESS-valueHelpDialog-table-rowsel0\")]"}
COMMAND: GET /session/7f1686e11a340d92304ee7762c65784d/screenshot - {}
RESULT: {"using":"xpath","value":"//div[contains(@id, \"filterItemControl_BASIC-MAIN_ADDRESS-valueHelpDialog-table-rowsel0\")]"}
COMMAND: POST /session/7f1686e11a340d92304ee7762c65784d/element/f.45271FC9FC22FBF7EF0A590A71DD44AE.d.ACF486AB6D462CEB331164EDC7D84F0E.e.8230/click - {}
RESULT: {}
RESULT: {}
COMMAND: GET /session/7f1686e11a340d92304ee7762c65784d/screenshot - {}
RESULT: {}
COMMAND: POST /session/7f1686e11a340d92304ee7762c65784d/element - {"using":"xpath","value":"(//bdi[contains(text(), \"OK\")])[1]"}
RESULT: {"using":"xpath","value":"(//bdi[contains(text(), \"OK\")])[1]"}
COMMAND: POST /session/7f1686e11a340d92304ee7762c65784d/element/f.45271FC9FC22FBF7EF0A590A71DD44AE.d.ACF486AB6D462CEB331164EDC7D84F0E.e.8232/click - {}
RESULT: {}
COMMAND: GET /session/7f1686e11a340d92304ee7762c65784d/screenshot - {}
RESULT: {}
COMMAND: POST /session/7f1686e11a340d92304ee7762c65784d/element - {"using":"xpath","value":"//span[@id=\"application-managepartners-display-component---masterPtm--smartTable-header-inner\"]"}
RESULT: {"using":"xpath","value":"//span[@id=\"application-managepartners-display-component---masterPtm--smartTable-header-inner\"]"}
COMMAND: POST /session/7f1686e11a340d92304ee7762c65784d/elements - {"using":"xpath","value":"//span[@id=\"application-managepartners-display-component---masterPtm--smartTable-header-inner\"]"}
RESULT: {"using":"xpath","value":"//span[@id=\"application-managepartners-display-component---masterPtm--smartTable-header-inner\"]"}
COMMAND: POST /session/7f1686e11a340d92304ee7762c65784d/execute/sync - {"script":"<script> [56 bytes]","args":[{"element-6066-11e4-a52e-4f735466cecf":"f.45271FC9FC22FBF7EF0A590A71DD44AE.d.ACF486AB6D462CEB331164EDC7D84F0E.e.7785","ELEMENT":"f.45271FC9FC22FBF7EF0A590A71DD44AE.d.ACF486AB6D462CEB331164EDC7D84F0E.e.7785"}]}
RESULT: {"script":"<script> [56 bytes]","args":[{"element-6066-11e4-a52e-4f735466cecf":"f.45271FC9FC22FBF7EF0A590A71DD44AE.d.ACF486AB6D462CEB331164EDC7D84F0E.e.7785","ELEMENT":"f.45271FC9FC22FBF7EF0A590A71DD44AE.d.ACF486AB6D462CEB331164EDC7D84F0E.e.7785"}]}
COMMAND: POST /session/7f1686e11a340d92304ee7762c65784d/element - {"using":"xpath","value":"//span[contains(@title, \"Remove\")]"}
COMMAND: GET /session/7f1686e11a340d92304ee7762c65784d/screenshot - {}
RESULT: {"using":"xpath","value":"//span[contains(@title, \"Remove\")]"}
COMMAND: POST /session/7f1686e11a340d92304ee7762c65784d/element/f.45271FC9FC22FBF7EF0A590A71DD44AE.d.ACF486AB6D462CEB331164EDC7D84F0E.e.8244/click - {}
RESULT: {}
RESULT: {}
COMMAND: GET /session/7f1686e11a340d92304ee7762c65784d/screenshot - {}
RESULT: {}
COMMAND: POST /session/7f1686e11a340d92304ee7762c65784d/execute/async - {"script":"<script> [1562 bytes]","args":[{"selector":{"id":"application-managepartners-display-component---masterPtm--catalogs-arrow"},"wdio_ui5_key":"applicationmanagepartners-display-component---masterPtm--catalogs-arrow"}]}
RESULT: {"script":"<script> [1562 bytes]","args":[{"selector":{"id":"application-managepartners-display-component---masterPtm--catalogs-arrow"},"wdio_ui5_key":"applicationmanagepartners-display-component---masterPtm--catalogs-arrow"}]}
RESULT: undefined
COMMAND: POST /session/7f1686e11a340d92304ee7762c65784d/element - {"using":"xpath","value":"//*[@id=\"application-managepartners-display-component---masterPtm--catalogs-arrow\"]"}
RESULT: {"using":"xpath","value":"//*[@id=\"application-managepartners-display-component---masterPtm--catalogs-arrow\"]"}
COMMAND: POST /session/7f1686e11a340d92304ee7762c65784d/element/f.45271FC9FC22FBF7EF0A590A71DD44AE.d.ACF486AB6D462CEB331164EDC7D84F0E.e.8349/click - {}
RESULT: {}
COMMAND: GET /session/7f1686e11a340d92304ee7762c65784d/screenshot - {}
RESULT: {}
COMMAND: POST /session/7f1686e11a340d92304ee7762c65784d/element - {"using":"xpath","value":"//li[.//span[text()=\"Webshop Catalog\"]]//div[contains(@class,\"sapMCbBg\")]"}
RESULT: {"using":"xpath","value":"//li[.//span[text()=\"Webshop Catalog\"]]//div[contains(@class,\"sapMCbBg\")]"}
COMMAND: POST /session/7f1686e11a340d92304ee7762c65784d/element/f.45271FC9FC22FBF7EF0A590A71DD44AE.d.ACF486AB6D462CEB331164EDC7D84F0E.e.8363/click - {}
RESULT: {}
COMMAND: GET /session/7f1686e11a340d92304ee7762c65784d/screenshot - {}
RESULT: {}
RESULT: undefined
COMMAND: POST /session/7f1686e11a340d92304ee7762c65784d/element - {"using":"xpath","value":"//*[@id=\"application-managepartners-display-component---masterPtm--catalogs-arrow\"]"}
RESULT: {"using":"xpath","value":"//*[@id=\"application-managepartners-display-component---masterPtm--catalogs-arrow\"]"}
COMMAND: POST /session/7f1686e11a340d92304ee7762c65784d/element/f.45271FC9FC22FBF7EF0A590A71DD44AE.d.ACF486AB6D462CEB331164EDC7D84F0E.e.8349/click - {}
RESULT: {}
COMMAND: POST /session/7f1686e11a340d92304ee7762c65784d/element - {"using":"xpath","value":"//span[@id=\"application-managepartners-display-component---masterPtm--smartTable-header-inner\"]"}
COMMAND: GET /session/7f1686e11a340d92304ee7762c65784d/screenshot - {}
RESULT: {"using":"xpath","value":"//span[@id=\"application-managepartners-display-component---masterPtm--smartTable-header-inner\"]"}
COMMAND: POST /session/7f1686e11a340d92304ee7762c65784d/elements - {"using":"xpath","value":"//span[@id=\"application-managepartners-display-component---masterPtm--smartTable-header-inner\"]"}
RESULT: {}
RESULT: {"using":"xpath","value":"//span[@id=\"application-managepartners-display-component---masterPtm--smartTable-header-inner\"]"}
COMMAND: POST /session/7f1686e11a340d92304ee7762c65784d/execute/sync - {"script":"<script> [56 bytes]","args":[{"element-6066-11e4-a52e-4f735466cecf":"f.45271FC9FC22FBF7EF0A590A71DD44AE.d.ACF486AB6D462CEB331164EDC7D84F0E.e.7785","ELEMENT":"f.45271FC9FC22FBF7EF0A590A71DD44AE.d.ACF486AB6D462CEB331164EDC7D84F0E.e.7785"}]}
RESULT: {"script":"<script> [56 bytes]","args":[{"element-6066-11e4-a52e-4f735466cecf":"f.45271FC9FC22FBF7EF0A590A71DD44AE.d.ACF486AB6D462CEB331164EDC7D84F0E.e.7785","ELEMENT":"f.45271FC9FC22FBF7EF0A590A71DD44AE.d.ACF486AB6D462CEB331164EDC7D84F0E.e.7785"}]}
COMMAND: POST /session/7f1686e11a340d92304ee7762c65784d/element - {"using":"xpath","value":"//span[contains(@title, \"Remove\")]"}
COMMAND: GET /session/7f1686e11a340d92304ee7762c65784d/screenshot - {}
RESULT: {"using":"xpath","value":"//span[contains(@title, \"Remove\")]"}
COMMAND: POST /session/7f1686e11a340d92304ee7762c65784d/element/f.45271FC9FC22FBF7EF0A590A71DD44AE.d.ACF486AB6D462CEB331164EDC7D84F0E.e.8387/click - {}
RESULT: {}
RESULT: {}
COMMAND: GET /session/7f1686e11a340d92304ee7762c65784d/screenshot - {}
RESULT: {}
COMMAND: POST /session/7f1686e11a340d92304ee7762c65784d/execute/async - {"script":"<script> [1562 bytes]","args":[{"selector":{"id":"application-managepartners-display-component---masterPtm--currencies-arrow"},"wdio_ui5_key":"applicationmanagepartners-display-component---masterPtm--currencies-arrow"}]}
RESULT: {"script":"<script> [1562 bytes]","args":[{"selector":{"id":"application-managepartners-display-component---masterPtm--currencies-arrow"},"wdio_ui5_key":"applicationmanagepartners-display-component---masterPtm--currencies-arrow"}]}
RESULT: undefined
COMMAND: POST /session/7f1686e11a340d92304ee7762c65784d/element - {"using":"xpath","value":"//*[@id=\"application-managepartners-display-component---masterPtm--currencies-arrow\"]"}
RESULT: {"using":"xpath","value":"//*[@id=\"application-managepartners-display-component---masterPtm--currencies-arrow\"]"}
COMMAND: POST /session/7f1686e11a340d92304ee7762c65784d/element/f.45271FC9FC22FBF7EF0A590A71DD44AE.d.ACF486AB6D462CEB331164EDC7D84F0E.e.8501/click - {}
RESULT: {}
COMMAND: GET /session/7f1686e11a340d92304ee7762c65784d/screenshot - {}
RESULT: {}
COMMAND: POST /session/7f1686e11a340d92304ee7762c65784d/element - {"using":"xpath","value":"//li[.//span[text()=\"US Dollar\"]]//div[contains(@class,\"sapMCbBg\")]"}
RESULT: {"using":"xpath","value":"//li[.//span[text()=\"US Dollar\"]]//div[contains(@class,\"sapMCbBg\")]"}
COMMAND: POST /session/7f1686e11a340d92304ee7762c65784d/element/f.45271FC9FC22FBF7EF0A590A71DD44AE.d.ACF486AB6D462CEB331164EDC7D84F0E.e.8506/click - {}
RESULT: {}
COMMAND: GET /session/7f1686e11a340d92304ee7762c65784d/screenshot - {}
RESULT: {}
RESULT: undefined
COMMAND: POST /session/7f1686e11a340d92304ee7762c65784d/element - {"using":"xpath","value":"//*[@id=\"application-managepartners-display-component---masterPtm--currencies-arrow\"]"}
RESULT: {"using":"xpath","value":"//*[@id=\"application-managepartners-display-component---masterPtm--currencies-arrow\"]"}
COMMAND: POST /session/7f1686e11a340d92304ee7762c65784d/element/f.45271FC9FC22FBF7EF0A590A71DD44AE.d.ACF486AB6D462CEB331164EDC7D84F0E.e.8501/click - {}
RESULT: {}
COMMAND: POST /session/7f1686e11a340d92304ee7762c65784d/element - {"using":"xpath","value":"//span[@id=\"application-managepartners-display-component---masterPtm--smartTable-header-inner\"]"}
COMMAND: GET /session/7f1686e11a340d92304ee7762c65784d/screenshot - {}
RESULT: {"using":"xpath","value":"//span[@id=\"application-managepartners-display-component---masterPtm--smartTable-header-inner\"]"}
COMMAND: POST /session/7f1686e11a340d92304ee7762c65784d/elements - {"using":"xpath","value":"//span[@id=\"application-managepartners-display-component---masterPtm--smartTable-header-inner\"]"}
RESULT: {}
RESULT: {"using":"xpath","value":"//span[@id=\"application-managepartners-display-component---masterPtm--smartTable-header-inner\"]"}
COMMAND: POST /session/7f1686e11a340d92304ee7762c65784d/execute/sync - {"script":"<script> [56 bytes]","args":[{"element-6066-11e4-a52e-4f735466cecf":"f.45271FC9FC22FBF7EF0A590A71DD44AE.d.ACF486AB6D462CEB331164EDC7D84F0E.e.7785","ELEMENT":"f.45271FC9FC22FBF7EF0A590A71DD44AE.d.ACF486AB6D462CEB331164EDC7D84F0E.e.7785"}]}
RESULT: {"script":"<script> [56 bytes]","args":[{"element-6066-11e4-a52e-4f735466cecf":"f.45271FC9FC22FBF7EF0A590A71DD44AE.d.ACF486AB6D462CEB331164EDC7D84F0E.e.7785","ELEMENT":"f.45271FC9FC22FBF7EF0A590A71DD44AE.d.ACF486AB6D462CEB331164EDC7D84F0E.e.7785"}]}
COMMAND: POST /session/7f1686e11a340d92304ee7762c65784d/element - {"using":"xpath","value":"//span[contains(@title, \"Remove\")]"}
COMMAND: GET /session/7f1686e11a340d92304ee7762c65784d/screenshot - {}
RESULT: {"using":"xpath","value":"//span[contains(@title, \"Remove\")]"}
COMMAND: POST /session/7f1686e11a340d92304ee7762c65784d/element/f.45271FC9FC22FBF7EF0A590A71DD44AE.d.ACF486AB6D462CEB331164EDC7D84F0E.e.8513/click - {}
RESULT: {}
RESULT: {}
COMMAND: GET /session/7f1686e11a340d92304ee7762c65784d/screenshot - {}
RESULT: {}
COMMAND: POST /session/7f1686e11a340d92304ee7762c65784d/execute/async - {"script":"<script> [1562 bytes]","args":[{"selector":{"id":"application-managepartners-display-component---masterPtm--languages-arrow"},"wdio_ui5_key":"applicationmanagepartners-display-component---masterPtm--languages-arrow"}]}
RESULT: {"script":"<script> [1562 bytes]","args":[{"selector":{"id":"application-managepartners-display-component---masterPtm--languages-arrow"},"wdio_ui5_key":"applicationmanagepartners-display-component---masterPtm--languages-arrow"}]}
RESULT: undefined
COMMAND: POST /session/7f1686e11a340d92304ee7762c65784d/element - {"using":"xpath","value":"//*[@id=\"application-managepartners-display-component---masterPtm--languages-arrow\"]"}
RESULT: {"using":"xpath","value":"//*[@id=\"application-managepartners-display-component---masterPtm--languages-arrow\"]"}
COMMAND: POST /session/7f1686e11a340d92304ee7762c65784d/element/f.45271FC9FC22FBF7EF0A590A71DD44AE.d.ACF486AB6D462CEB331164EDC7D84F0E.e.8588/click - {}
RESULT: {}
COMMAND: GET /session/7f1686e11a340d92304ee7762c65784d/screenshot - {}
RESULT: {}
COMMAND: POST /session/7f1686e11a340d92304ee7762c65784d/element - {"using":"xpath","value":"//li[.//span[text()=\"German\"]]//div[contains(@class,\"sapMCbBg\")]"}
RESULT: {"using":"xpath","value":"//li[.//span[text()=\"German\"]]//div[contains(@class,\"sapMCbBg\")]"}
COMMAND: POST /session/7f1686e11a340d92304ee7762c65784d/element/f.45271FC9FC22FBF7EF0A590A71DD44AE.d.ACF486AB6D462CEB331164EDC7D84F0E.e.8632/click - {}
RESULT: {}
COMMAND: GET /session/7f1686e11a340d92304ee7762c65784d/screenshot - {}
RESULT: {}
RESULT: undefined
COMMAND: POST /session/7f1686e11a340d92304ee7762c65784d/element - {"using":"xpath","value":"//*[@id=\"application-managepartners-display-component---masterPtm--languages-arrow\"]"}
RESULT: {"using":"xpath","value":"//*[@id=\"application-managepartners-display-component---masterPtm--languages-arrow\"]"}
COMMAND: POST /session/7f1686e11a340d92304ee7762c65784d/element/f.45271FC9FC22FBF7EF0A590A71DD44AE.d.ACF486AB6D462CEB331164EDC7D84F0E.e.8588/click - {}
RESULT: {}
COMMAND: POST /session/7f1686e11a340d92304ee7762c65784d/element - {"using":"xpath","value":"//span[@id=\"application-managepartners-display-component---masterPtm--smartTable-header-inner\"]"}
COMMAND: GET /session/7f1686e11a340d92304ee7762c65784d/screenshot - {}
RESULT: {"using":"xpath","value":"//span[@id=\"application-managepartners-display-component---masterPtm--smartTable-header-inner\"]"}
COMMAND: POST /session/7f1686e11a340d92304ee7762c65784d/elements - {"using":"xpath","value":"//span[@id=\"application-managepartners-display-component---masterPtm--smartTable-header-inner\"]"}
RESULT: {}
RESULT: {"using":"xpath","value":"//span[@id=\"application-managepartners-display-component---masterPtm--smartTable-header-inner\"]"}
COMMAND: POST /session/7f1686e11a340d92304ee7762c65784d/execute/sync - {"script":"<script> [56 bytes]","args":[{"element-6066-11e4-a52e-4f735466cecf":"f.45271FC9FC22FBF7EF0A590A71DD44AE.d.ACF486AB6D462CEB331164EDC7D84F0E.e.7785","ELEMENT":"f.45271FC9FC22FBF7EF0A590A71DD44AE.d.ACF486AB6D462CEB331164EDC7D84F0E.e.7785"}]}
RESULT: {"script":"<script> [56 bytes]","args":[{"element-6066-11e4-a52e-4f735466cecf":"f.45271FC9FC22FBF7EF0A590A71DD44AE.d.ACF486AB6D462CEB331164EDC7D84F0E.e.7785","ELEMENT":"f.45271FC9FC22FBF7EF0A590A71DD44AE.d.ACF486AB6D462CEB331164EDC7D84F0E.e.7785"}]}
COMMAND: POST /session/7f1686e11a340d92304ee7762c65784d/element - {"using":"css selector","value":"#shell-header-logo"}
COMMAND: GET /session/7f1686e11a340d92304ee7762c65784d/screenshot - {}
RESULT: {"using":"css selector","value":"#shell-header-logo"}
COMMAND: POST /session/7f1686e11a340d92304ee7762c65784d/element/f.45271FC9FC22FBF7EF0A590A71DD44AE.d.ACF486AB6D462CEB331164EDC7D84F0E.e.7625/click - {}
RESULT: {}
RESULT: {}
COMMAND: GET /session/7f1686e11a340d92304ee7762c65784d/screenshot - {}
RESULT: {}
COMMAND: DELETE /session/7f1686e11a340d92304ee7762c65784d - {}
RESULT: {}
]]></system-out>
    </testcase>
  </testsuite>
</testsuites>