<?xml version="1.0" encoding="UTF-8"?>
<testsuites tests="48" failures="24" errors="24" skipped="0">
  <testsuite timestamp="2025-05-13T17:22:20" time="955.479" tests="12" failures="6" errors="6" skipped="0">
    <properties>
      <property name="specId" value="0" />
      <property name="suiteName" value="Billing Transfer - Master data &amp; Intercompany US127250" />
      <property name="capabilities" value="chrome.136_0_7103_49.windows" />
      <property name="file" value="file:///D:/a/1/s/test/specs/BTS/billing-transfer-intercompany.spec.js" />
    </properties>
    <testcase classname="chrome.136_0_7103_49.windows.Billing_Transfer_-_Master_data_&amp;_Intercompany_US127250" name="Should create a new yard" time="102.262">
      <system-out><![CDATA[
COMMAND: POST /session/00fbe995d254b544c9b458c3d09ef85d/window/fullscreen - {}
RESULT: {}
COMMAND: POST /session/00fbe995d254b544c9b458c3d09ef85d/execute/async - {"script":"<script> [1562 bytes]","args":[{"selector":{"controlType":"sap.m.GenericTile","properties":{"header":"Manage Yards"}},"wdio_ui5_key":"sapm.GenericTile{\"header\":\"Manage Yards\"}"}]}
RESULT: {"script":"<script> [1562 bytes]","args":[{"selector":{"controlType":"sap.m.GenericTile","properties":{"header":"Manage Yards"}},"wdio_ui5_key":"sapm.GenericTile{\"header\":\"Manage Yards\"}"}]}
RESULT: undefined
COMMAND: POST /session/00fbe995d254b544c9b458c3d09ef85d/element - {"using":"xpath","value":"//*[@id=\"__tile41\"]"}
RESULT: {"using":"xpath","value":"//*[@id=\"__tile41\"]"}
COMMAND: POST /session/00fbe995d254b544c9b458c3d09ef85d/element/f.5B10500533936BC34E48C94F23BC04CA.d.47BB794081BE1670AE3649BE9D044688.e.161/click - {}
RESULT: {}
COMMAND: POST /session/00fbe995d254b544c9b458c3d09ef85d/element - {"using":"xpath","value":"//button[@data-kt=\"addNewYardOverflowToolbarButton\"]"}
COMMAND: GET /session/00fbe995d254b544c9b458c3d09ef85d/screenshot - {}
RESULT: {"using":"xpath","value":"//button[@data-kt=\"addNewYardOverflowToolbarButton\"]"}
COMMAND: POST /session/00fbe995d254b544c9b458c3d09ef85d/elements - {"using":"xpath","value":"//button[@data-kt=\"addNewYardOverflowToolbarButton\"]"}
RESULT: {}
RESULT: {"using":"xpath","value":"//button[@data-kt=\"addNewYardOverflowToolbarButton\"]"}
COMMAND: POST /session/00fbe995d254b544c9b458c3d09ef85d/elements - {"using":"xpath","value":"//button[@data-kt=\"addNewYardOverflowToolbarButton\"]"}
RESULT: {"using":"xpath","value":"//button[@data-kt=\"addNewYardOverflowToolbarButton\"]"}
COMMAND: POST /session/00fbe995d254b544c9b458c3d09ef85d/elements - {"using":"xpath","value":"//button[@data-kt=\"addNewYardOverflowToolbarButton\"]"}
RESULT: {"using":"xpath","value":"//button[@data-kt=\"addNewYardOverflowToolbarButton\"]"}
COMMAND: POST /session/00fbe995d254b544c9b458c3d09ef85d/elements - {"using":"xpath","value":"//button[@data-kt=\"addNewYardOverflowToolbarButton\"]"}
RESULT: {"using":"xpath","value":"//button[@data-kt=\"addNewYardOverflowToolbarButton\"]"}
COMMAND: POST /session/00fbe995d254b544c9b458c3d09ef85d/elements - {"using":"xpath","value":"//button[@data-kt=\"addNewYardOverflowToolbarButton\"]"}
RESULT: {"using":"xpath","value":"//button[@data-kt=\"addNewYardOverflowToolbarButton\"]"}
COMMAND: POST /session/00fbe995d254b544c9b458c3d09ef85d/elements - {"using":"xpath","value":"//button[@data-kt=\"addNewYardOverflowToolbarButton\"]"}
RESULT: {"using":"xpath","value":"//button[@data-kt=\"addNewYardOverflowToolbarButton\"]"}
COMMAND: POST /session/00fbe995d254b544c9b458c3d09ef85d/elements - {"using":"xpath","value":"//button[@data-kt=\"addNewYardOverflowToolbarButton\"]"}
RESULT: {"using":"xpath","value":"//button[@data-kt=\"addNewYardOverflowToolbarButton\"]"}
COMMAND: POST /session/00fbe995d254b544c9b458c3d09ef85d/elements - {"using":"xpath","value":"//button[@data-kt=\"addNewYardOverflowToolbarButton\"]"}
RESULT: {"using":"xpath","value":"//button[@data-kt=\"addNewYardOverflowToolbarButton\"]"}
COMMAND: POST /session/00fbe995d254b544c9b458c3d09ef85d/elements - {"using":"xpath","value":"//button[@data-kt=\"addNewYardOverflowToolbarButton\"]"}
RESULT: {"using":"xpath","value":"//button[@data-kt=\"addNewYardOverflowToolbarButton\"]"}
COMMAND: POST /session/00fbe995d254b544c9b458c3d09ef85d/elements - {"using":"xpath","value":"//button[@data-kt=\"addNewYardOverflowToolbarButton\"]"}
RESULT: {"using":"xpath","value":"//button[@data-kt=\"addNewYardOverflowToolbarButton\"]"}
COMMAND: POST /session/00fbe995d254b544c9b458c3d09ef85d/elements - {"using":"xpath","value":"//button[@data-kt=\"addNewYardOverflowToolbarButton\"]"}
RESULT: {"using":"xpath","value":"//button[@data-kt=\"addNewYardOverflowToolbarButton\"]"}
COMMAND: POST /session/00fbe995d254b544c9b458c3d09ef85d/elements - {"using":"xpath","value":"//button[@data-kt=\"addNewYardOverflowToolbarButton\"]"}
RESULT: {"using":"xpath","value":"//button[@data-kt=\"addNewYardOverflowToolbarButton\"]"}
COMMAND: POST /session/00fbe995d254b544c9b458c3d09ef85d/elements - {"using":"xpath","value":"//button[@data-kt=\"addNewYardOverflowToolbarButton\"]"}
RESULT: {"using":"xpath","value":"//button[@data-kt=\"addNewYardOverflowToolbarButton\"]"}
COMMAND: POST /session/00fbe995d254b544c9b458c3d09ef85d/elements - {"using":"xpath","value":"//button[@data-kt=\"addNewYardOverflowToolbarButton\"]"}
RESULT: {"using":"xpath","value":"//button[@data-kt=\"addNewYardOverflowToolbarButton\"]"}
COMMAND: POST /session/00fbe995d254b544c9b458c3d09ef85d/elements - {"using":"xpath","value":"//button[@data-kt=\"addNewYardOverflowToolbarButton\"]"}
RESULT: {"using":"xpath","value":"//button[@data-kt=\"addNewYardOverflowToolbarButton\"]"}
COMMAND: POST /session/00fbe995d254b544c9b458c3d09ef85d/elements - {"using":"xpath","value":"//button[@data-kt=\"addNewYardOverflowToolbarButton\"]"}
RESULT: {"using":"xpath","value":"//button[@data-kt=\"addNewYardOverflowToolbarButton\"]"}
COMMAND: POST /session/00fbe995d254b544c9b458c3d09ef85d/elements - {"using":"xpath","value":"//button[@data-kt=\"addNewYardOverflowToolbarButton\"]"}
RESULT: {"using":"xpath","value":"//button[@data-kt=\"addNewYardOverflowToolbarButton\"]"}
COMMAND: POST /session/00fbe995d254b544c9b458c3d09ef85d/elements - {"using":"xpath","value":"//button[@data-kt=\"addNewYardOverflowToolbarButton\"]"}
RESULT: {"using":"xpath","value":"//button[@data-kt=\"addNewYardOverflowToolbarButton\"]"}
COMMAND: POST /session/00fbe995d254b544c9b458c3d09ef85d/elements - {"using":"xpath","value":"//button[@data-kt=\"addNewYardOverflowToolbarButton\"]"}
RESULT: {"using":"xpath","value":"//button[@data-kt=\"addNewYardOverflowToolbarButton\"]"}
COMMAND: POST /session/00fbe995d254b544c9b458c3d09ef85d/element - {"using":"xpath","value":"//button[@data-kt=\"addNewYardOverflowToolbarButton\"]"}
RESULT: {"using":"xpath","value":"//button[@data-kt=\"addNewYardOverflowToolbarButton\"]"}
COMMAND: POST /session/00fbe995d254b544c9b458c3d09ef85d/execute/sync - {"script":"<script> [8489 bytes]","args":[{"element-6066-11e4-a52e-4f735466cecf":"f.5B10500533936BC34E48C94F23BC04CA.d.47BB794081BE1670AE3649BE9D044688.e.299","ELEMENT":"f.5B10500533936BC34E48C94F23BC04CA.d.47BB794081BE1670AE3649BE9D044688.e.299"}]}
RESULT: {"script":"<script> [8489 bytes]","args":[{"element-6066-11e4-a52e-4f735466cecf":"f.5B10500533936BC34E48C94F23BC04CA.d.47BB794081BE1670AE3649BE9D044688.e.299","ELEMENT":"f.5B10500533936BC34E48C94F23BC04CA.d.47BB794081BE1670AE3649BE9D044688.e.299"}]}
COMMAND: GET /session/00fbe995d254b544c9b458c3d09ef85d/element/f.5B10500533936BC34E48C94F23BC04CA.d.47BB794081BE1670AE3649BE9D044688.e.299/enabled - {}
COMMAND: GET /session/00fbe995d254b544c9b458c3d09ef85d/screenshot - {}
RESULT: {}
COMMAND: POST /session/00fbe995d254b544c9b458c3d09ef85d/execute/sync - {"script":"<script> [8489 bytes]","args":[{"element-6066-11e4-a52e-4f735466cecf":"f.5B10500533936BC34E48C94F23BC04CA.d.47BB794081BE1670AE3649BE9D044688.e.299","ELEMENT":"f.5B10500533936BC34E48C94F23BC04CA.d.47BB794081BE1670AE3649BE9D044688.e.299"}]}
COMMAND: GET /session/00fbe995d254b544c9b458c3d09ef85d/screenshot - {}
RESULT: {}
RESULT: {"script":"<script> [8489 bytes]","args":[{"element-6066-11e4-a52e-4f735466cecf":"f.5B10500533936BC34E48C94F23BC04CA.d.47BB794081BE1670AE3649BE9D044688.e.299","ELEMENT":"f.5B10500533936BC34E48C94F23BC04CA.d.47BB794081BE1670AE3649BE9D044688.e.299"}]}
COMMAND: POST /session/00fbe995d254b544c9b458c3d09ef85d/execute/sync - {"script":"<script> [5351 bytes]","args":[{"element-6066-11e4-a52e-4f735466cecf":"f.5B10500533936BC34E48C94F23BC04CA.d.47BB794081BE1670AE3649BE9D044688.e.299","ELEMENT":"f.5B10500533936BC34E48C94F23BC04CA.d.47BB794081BE1670AE3649BE9D044688.e.299"}]}
COMMAND: GET /session/00fbe995d254b544c9b458c3d09ef85d/screenshot - {}
RESULT: {}
RESULT: {"script":"<script> [5351 bytes]","args":[{"element-6066-11e4-a52e-4f735466cecf":"f.5B10500533936BC34E48C94F23BC04CA.d.47BB794081BE1670AE3649BE9D044688.e.299","ELEMENT":"f.5B10500533936BC34E48C94F23BC04CA.d.47BB794081BE1670AE3649BE9D044688.e.299"}]}
COMMAND: POST /session/00fbe995d254b544c9b458c3d09ef85d/element/f.5B10500533936BC34E48C94F23BC04CA.d.47BB794081BE1670AE3649BE9D044688.e.299/click - {}
COMMAND: GET /session/00fbe995d254b544c9b458c3d09ef85d/screenshot - {}
RESULT: {}
RESULT: {}
COMMAND: GET /session/00fbe995d254b544c9b458c3d09ef85d/screenshot - {}
RESULT: {}
COMMAND: POST /session/00fbe995d254b544c9b458c3d09ef85d/element - {"using":"xpath","value":"//input[@id=\"application-manageyards-display-component---NewYard--yardId-inner\"]"}
RESULT: {}
RESULT: {"using":"xpath","value":"//input[@id=\"application-manageyards-display-component---NewYard--yardId-inner\"]"}
COMMAND: POST /session/00fbe995d254b544c9b458c3d09ef85d/element - {"using":"xpath","value":"//input[@id=\"application-manageyards-display-component---NewYard--yardId-inner\"]"}
RESULT: {"using":"xpath","value":"//input[@id=\"application-manageyards-display-component---NewYard--yardId-inner\"]"}
COMMAND: POST /session/00fbe995d254b544c9b458c3d09ef85d/execute/async - {"script":"<script> [1562 bytes]","args":[{"selector":{"id":"application-manageyards-display-component---NewYard--addressDetailDetailsName1","interaction":{"idSuffix":"inner"}},"wdio_ui5_key":"applicationmanageyards-display-component---NewYard--addressDetailDetailsName1"}]}
RESULT: {"script":"<script> [1562 bytes]","args":[{"selector":{"id":"application-manageyards-display-component---NewYard--addressDetailDetailsName1","interaction":{"idSuffix":"inner"}},"wdio_ui5_key":"applicationmanageyards-display-component---NewYard--addressDetailDetailsName1"}]}
RESULT: undefined
COMMAND: POST /session/00fbe995d254b544c9b458c3d09ef85d/execute/async - {"script":"<script> [776 bytes]","args":[{"enterText":"Intercompany Yard wdIO","selector":{"id":"application-manageyards-display-component---NewYard--addressDetailDetailsName1","interaction":{"idSuffix":"inner"}},"clearTextFirst":true,"interactionType":"ENTER_TEXT"}]}
RESULT: {"script":"<script> [776 bytes]","args":[{"enterText":"Intercompany Yard wdIO","selector":{"id":"application-manageyards-display-component---NewYard--addressDetailDetailsName1","interaction":{"idSuffix":"inner"}},"clearTextFirst":true,"interactionType":"ENTER_TEXT"}]}
COMMAND: POST /session/00fbe995d254b544c9b458c3d09ef85d/execute/async - {"script":"<script> [1562 bytes]","args":[{"selector":{"id":"application-manageyards-display-component---NewYard--addressDetailDetailsLanguage-arrow"},"wdio_ui5_key":"applicationmanageyards-display-component---NewYard--addressDetailDetailsLanguage-arrow"}]}
RESULT: {"script":"<script> [1562 bytes]","args":[{"selector":{"id":"application-manageyards-display-component---NewYard--addressDetailDetailsLanguage-arrow"},"wdio_ui5_key":"applicationmanageyards-display-component---NewYard--addressDetailDetailsLanguage-arrow"}]}
RESULT: undefined
COMMAND: POST /session/00fbe995d254b544c9b458c3d09ef85d/element - {"using":"xpath","value":"//*[@id=\"application-manageyards-display-component---NewYard--addressDetailDetailsLanguage-arrow\"]"}
RESULT: {"using":"xpath","value":"//*[@id=\"application-manageyards-display-component---NewYard--addressDetailDetailsLanguage-arrow\"]"}
COMMAND: POST /session/00fbe995d254b544c9b458c3d09ef85d/element/f.5B10500533936BC34E48C94F23BC04CA.d.47BB794081BE1670AE3649BE9D044688.e.740/click - {}
RESULT: {}
COMMAND: POST /session/00fbe995d254b544c9b458c3d09ef85d/element - {"using":"xpath","value":"//span[contains(text(), \"English\")]"}
COMMAND: GET /session/00fbe995d254b544c9b458c3d09ef85d/screenshot - {}
RESULT: {"using":"xpath","value":"//span[contains(text(), \"English\")]"}
COMMAND: POST /session/00fbe995d254b544c9b458c3d09ef85d/element/f.5B10500533936BC34E48C94F23BC04CA.d.47BB794081BE1670AE3649BE9D044688.e.741/click - {}
RESULT: {}
RESULT: {}
COMMAND: POST /session/00fbe995d254b544c9b458c3d09ef85d/execute/async - {"script":"<script> [1562 bytes]","args":[{"selector":{"id":"application-manageyards-display-component---NewYard--addressDetailDetailsCity1","interaction":{"idSuffix":"inner"}},"wdio_ui5_key":"applicationmanageyards-display-component---NewYard--addressDetailDetailsCity1"}]}
COMMAND: GET /session/00fbe995d254b544c9b458c3d09ef85d/screenshot - {}
RESULT: {"script":"<script> [1562 bytes]","args":[{"selector":{"id":"application-manageyards-display-component---NewYard--addressDetailDetailsCity1","interaction":{"idSuffix":"inner"}},"wdio_ui5_key":"applicationmanageyards-display-component---NewYard--addressDetailDetailsCity1"}]}
RESULT: undefined
COMMAND: POST /session/00fbe995d254b544c9b458c3d09ef85d/execute/async - {"script":"<script> [776 bytes]","args":[{"enterText":"Rosario","selector":{"id":"application-manageyards-display-component---NewYard--addressDetailDetailsCity1","interaction":{"idSuffix":"inner"}},"clearTextFirst":true,"interactionType":"ENTER_TEXT"}]}
RESULT: {}
RESULT: {"script":"<script> [776 bytes]","args":[{"enterText":"Rosario","selector":{"id":"application-manageyards-display-component---NewYard--addressDetailDetailsCity1","interaction":{"idSuffix":"inner"}},"clearTextFirst":true,"interactionType":"ENTER_TEXT"}]}
COMMAND: POST /session/00fbe995d254b544c9b458c3d09ef85d/execute/async - {"script":"<script> [1562 bytes]","args":[{"selector":{"id":"application-manageyards-display-component---NewYard--addressDetailDetailsCountry-arrow"},"wdio_ui5_key":"applicationmanageyards-display-component---NewYard--addressDetailDetailsCountry-arrow"}]}
RESULT: {"script":"<script> [1562 bytes]","args":[{"selector":{"id":"application-manageyards-display-component---NewYard--addressDetailDetailsCountry-arrow"},"wdio_ui5_key":"applicationmanageyards-display-component---NewYard--addressDetailDetailsCountry-arrow"}]}
RESULT: undefined
COMMAND: POST /session/00fbe995d254b544c9b458c3d09ef85d/element - {"using":"xpath","value":"//*[@id=\"application-manageyards-display-component---NewYard--addressDetailDetailsCountry-arrow\"]"}
RESULT: {"using":"xpath","value":"//*[@id=\"application-manageyards-display-component---NewYard--addressDetailDetailsCountry-arrow\"]"}
COMMAND: POST /session/00fbe995d254b544c9b458c3d09ef85d/element/f.5B10500533936BC34E48C94F23BC04CA.d.47BB794081BE1670AE3649BE9D044688.e.743/click - {}
RESULT: {}
COMMAND: POST /session/00fbe995d254b544c9b458c3d09ef85d/element - {"using":"xpath","value":"//span[contains(text(), \"Argentina\")]"}
COMMAND: GET /session/00fbe995d254b544c9b458c3d09ef85d/screenshot - {}
RESULT: {"using":"xpath","value":"//span[contains(text(), \"Argentina\")]"}
COMMAND: POST /session/00fbe995d254b544c9b458c3d09ef85d/element/f.5B10500533936BC34E48C94F23BC04CA.d.47BB794081BE1670AE3649BE9D044688.e.744/click - {}
RESULT: {}
RESULT: {}
COMMAND: POST /session/00fbe995d254b544c9b458c3d09ef85d/execute/async - {"script":"<script> [1562 bytes]","args":[{"selector":{"id":"application-manageyards-display-component---NewYard--addressEditDetailsCostObjectCstType-arrow"},"wdio_ui5_key":"applicationmanageyards-display-component---NewYard--addressEditDetailsCostObjectCstType-arrow"}]}
COMMAND: GET /session/00fbe995d254b544c9b458c3d09ef85d/screenshot - {}
RESULT: {"script":"<script> [1562 bytes]","args":[{"selector":{"id":"application-manageyards-display-component---NewYard--addressEditDetailsCostObjectCstType-arrow"},"wdio_ui5_key":"applicationmanageyards-display-component---NewYard--addressEditDetailsCostObjectCstType-arrow"}]}
RESULT: undefined
COMMAND: POST /session/00fbe995d254b544c9b458c3d09ef85d/element - {"using":"xpath","value":"//*[@id=\"application-manageyards-display-component---NewYard--addressEditDetailsCostObjectCstType-arrow\"]"}
RESULT: {}
RESULT: {"using":"xpath","value":"//*[@id=\"application-manageyards-display-component---NewYard--addressEditDetailsCostObjectCstType-arrow\"]"}
COMMAND: POST /session/00fbe995d254b544c9b458c3d09ef85d/element/f.5B10500533936BC34E48C94F23BC04CA.d.47BB794081BE1670AE3649BE9D044688.e.746/click - {}
RESULT: {}
COMMAND: POST /session/00fbe995d254b544c9b458c3d09ef85d/element - {"using":"xpath","value":"//span[contains(text(), \"Cost Center\")]"}
COMMAND: GET /session/00fbe995d254b544c9b458c3d09ef85d/screenshot - {}
RESULT: {"using":"xpath","value":"//span[contains(text(), \"Cost Center\")]"}
COMMAND: POST /session/00fbe995d254b544c9b458c3d09ef85d/element/f.5B10500533936BC34E48C94F23BC04CA.d.47BB794081BE1670AE3649BE9D044688.e.747/click - {}
RESULT: {}
RESULT: {}
COMMAND: GET /session/00fbe995d254b544c9b458c3d09ef85d/screenshot - {}
RESULT: {}
COMMAND: POST /session/00fbe995d254b544c9b458c3d09ef85d/element - {"using":"xpath","value":"//span[@id=\"application-manageyards-display-component---NewYard--addressNewCostObjectCstID-vhi\"]"}
RESULT: {"using":"xpath","value":"//span[@id=\"application-manageyards-display-component---NewYard--addressNewCostObjectCstID-vhi\"]"}
COMMAND: POST /session/00fbe995d254b544c9b458c3d09ef85d/execute/sync - {"script":"<script> [8489 bytes]","args":[{"element-6066-11e4-a52e-4f735466cecf":"f.5B10500533936BC34E48C94F23BC04CA.d.47BB794081BE1670AE3649BE9D044688.e.751","ELEMENT":"f.5B10500533936BC34E48C94F23BC04CA.d.47BB794081BE1670AE3649BE9D044688.e.751"}]}
RESULT: {"script":"<script> [8489 bytes]","args":[{"element-6066-11e4-a52e-4f735466cecf":"f.5B10500533936BC34E48C94F23BC04CA.d.47BB794081BE1670AE3649BE9D044688.e.751","ELEMENT":"f.5B10500533936BC34E48C94F23BC04CA.d.47BB794081BE1670AE3649BE9D044688.e.751"}]}
COMMAND: POST /session/00fbe995d254b544c9b458c3d09ef85d/execute/async - {"script":"<script> [1562 bytes]","args":[{"selector":{"id":"application-manageyards-display-component---NewYard--addressNewCostObjectCstID-vhi"},"wdio_ui5_key":"applicationmanageyards-display-component---NewYard--addressNewCostObjectCstID-vhi"}]}
COMMAND: GET /session/00fbe995d254b544c9b458c3d09ef85d/screenshot - {}
RESULT: {"script":"<script> [1562 bytes]","args":[{"selector":{"id":"application-manageyards-display-component---NewYard--addressNewCostObjectCstID-vhi"},"wdio_ui5_key":"applicationmanageyards-display-component---NewYard--addressNewCostObjectCstID-vhi"}]}
RESULT: undefined
COMMAND: POST /session/00fbe995d254b544c9b458c3d09ef85d/element - {"using":"xpath","value":"//*[@id=\"application-manageyards-display-component---NewYard--addressNewCostObjectCstID-vhi\"]"}
RESULT: {}
RESULT: {"using":"xpath","value":"//*[@id=\"application-manageyards-display-component---NewYard--addressNewCostObjectCstID-vhi\"]"}
COMMAND: POST /session/00fbe995d254b544c9b458c3d09ef85d/element/f.5B10500533936BC34E48C94F23BC04CA.d.47BB794081BE1670AE3649BE9D044688.e.751/click - {}
RESULT: {}
COMMAND: GET /session/00fbe995d254b544c9b458c3d09ef85d/screenshot - {}
RESULT: {}
COMMAND: POST /session/00fbe995d254b544c9b458c3d09ef85d/execute/async - {"script":"<script> [1562 bytes]","args":[{"selector":{"controlType":"sap.m.SearchField","properties":{"placeholder":"Search"},"searchOpenDialogs":true,"interaction":{"idSuffix":"I"}},"wdio_ui5_key":"sapm.SearchField{\"placeholder\":\"Search\"}"}]}
RESULT: {"script":"<script> [1562 bytes]","args":[{"selector":{"controlType":"sap.m.SearchField","properties":{"placeholder":"Search"},"searchOpenDialogs":true,"interaction":{"idSuffix":"I"}},"wdio_ui5_key":"sapm.SearchField{\"placeholder\":\"Search\"}"}]}
RESULT: undefined
COMMAND: POST /session/00fbe995d254b544c9b458c3d09ef85d/execute/async - {"script":"<script> [776 bytes]","args":[{"enterText":"10001013","selector":{"controlType":"sap.m.SearchField","properties":{"placeholder":"Search"},"searchOpenDialogs":true,"interaction":{"idSuffix":"I"}},"clearTextFirst":true,"interactionType":"ENTER_TEXT"}]}
RESULT: {"script":"<script> [776 bytes]","args":[{"enterText":"10001013","selector":{"controlType":"sap.m.SearchField","properties":{"placeholder":"Search"},"searchOpenDialogs":true,"interaction":{"idSuffix":"I"}},"clearTextFirst":true,"interactionType":"ENTER_TEXT"}]}
COMMAND: POST /session/00fbe995d254b544c9b458c3d09ef85d/actions - {"actions":[{"id":"action1","type":"key","parameters":{},"actions":[{"type":"keyDown","value":"î€‡"},{"type":"pause","duration":10},{"type":"keyUp","value":"î€‡"}]}]}
RESULT: {"actions":[{"id":"action1","type":"key","parameters":{},"actions":[{"type":"keyDown","value":"î€‡"},{"type":"pause","duration":10},{"type":"keyUp","value":"î€‡"}]}]}
COMMAND: GET /session/00fbe995d254b544c9b458c3d09ef85d/screenshot - {}
RESULT: {}
COMMAND: POST /session/00fbe995d254b544c9b458c3d09ef85d/element - {"using":"xpath","value":"//span[contains(text(), \"General Management\")]"}
RESULT: {"using":"xpath","value":"//span[contains(text(), \"General Management\")]"}
COMMAND: POST /session/00fbe995d254b544c9b458c3d09ef85d/element/f.5B10500533936BC34E48C94F23BC04CA.d.47BB794081BE1670AE3649BE9D044688.e.791/click - {}
RESULT: {}
COMMAND: GET /session/00fbe995d254b544c9b458c3d09ef85d/screenshot - {}
RESULT: {}
COMMAND: POST /session/00fbe995d254b544c9b458c3d09ef85d/element - {"using":"xpath","value":"//bdi[contains(text(), \"OK\")]"}
RESULT: {"using":"xpath","value":"//bdi[contains(text(), \"OK\")]"}
COMMAND: POST /session/00fbe995d254b544c9b458c3d09ef85d/element/f.5B10500533936BC34E48C94F23BC04CA.d.47BB794081BE1670AE3649BE9D044688.e.792/click - {}
RESULT: {}
COMMAND: GET /session/00fbe995d254b544c9b458c3d09ef85d/screenshot - {}
RESULT: {}
COMMAND: POST /session/00fbe995d254b544c9b458c3d09ef85d/execute/async - {"script":"<script> [1562 bytes]","args":[{"selector":{"id":"application-manageyards-display-component---NewYard--addressEditDetailsCurrency-arrow"},"wdio_ui5_key":"applicationmanageyards-display-component---NewYard--addressEditDetailsCurrency-arrow"}]}
RESULT: {"script":"<script> [1562 bytes]","args":[{"selector":{"id":"application-manageyards-display-component---NewYard--addressEditDetailsCurrency-arrow"},"wdio_ui5_key":"applicationmanageyards-display-component---NewYard--addressEditDetailsCurrency-arrow"}]}
RESULT: undefined
COMMAND: POST /session/00fbe995d254b544c9b458c3d09ef85d/element - {"using":"xpath","value":"//*[@id=\"application-manageyards-display-component---NewYard--addressEditDetailsCurrency-arrow\"]"}
RESULT: {"using":"xpath","value":"//*[@id=\"application-manageyards-display-component---NewYard--addressEditDetailsCurrency-arrow\"]"}
COMMAND: POST /session/00fbe995d254b544c9b458c3d09ef85d/element/f.5B10500533936BC34E48C94F23BC04CA.d.47BB794081BE1670AE3649BE9D044688.e.795/click - {}
RESULT: {}
COMMAND: POST /session/00fbe995d254b544c9b458c3d09ef85d/element - {"using":"xpath","value":"//span[contains(text(), \"Euro\")]"}
COMMAND: GET /session/00fbe995d254b544c9b458c3d09ef85d/screenshot - {}
RESULT: {"using":"xpath","value":"//span[contains(text(), \"Euro\")]"}
COMMAND: POST /session/00fbe995d254b544c9b458c3d09ef85d/element/f.5B10500533936BC34E48C94F23BC04CA.d.47BB794081BE1670AE3649BE9D044688.e.796/click - {}
RESULT: {}
RESULT: {}
COMMAND: POST /session/00fbe995d254b544c9b458c3d09ef85d/execute/async - {"script":"<script> [1562 bytes]","args":[{"selector":{"controlType":"sap.m.Input","viewName":"etm.portal.ui.manageyards.view.New","viewId":"application-manageyards-display-component---NewYard","bindingPath":{"path":"","propertyPath":"/CONTROLLING_AREA","modelName":"NewYardModel"},"interaction":{"idSuffix":"inner"}},"wdio_ui5_key":"etmportal.ui.manageyards.view.Newsap.m.Input{\"path\":\"\",\"propertyPath\":\"/CONTROLLING_AREA\",\"modelName\":\"NewYardModel\"}"}]}
COMMAND: GET /session/00fbe995d254b544c9b458c3d09ef85d/screenshot - {}
RESULT: {"script":"<script> [1562 bytes]","args":[{"selector":{"controlType":"sap.m.Input","viewName":"etm.portal.ui.manageyards.view.New","viewId":"application-manageyards-display-component---NewYard","bindingPath":{"path":"","propertyPath":"/CONTROLLING_AREA","modelName":"NewYardModel"},"interaction":{"idSuffix":"inner"}},"wdio_ui5_key":"etmportal.ui.manageyards.view.Newsap.m.Input{\"path\":\"\",\"propertyPath\":\"/CONTROLLING_AREA\",\"modelName\":\"NewYardModel\"}"}]}
RESULT: undefined
COMMAND: POST /session/00fbe995d254b544c9b458c3d09ef85d/execute/async - {"script":"<script> [776 bytes]","args":[{"enterText":"Z001","selector":{"controlType":"sap.m.Input","viewName":"etm.portal.ui.manageyards.view.New","viewId":"application-manageyards-display-component---NewYard","bindingPath":{"path":"","propertyPath":"/CONTROLLING_AREA","modelName":"NewYardModel"},"interaction":{"idSuffix":"inner"}},"clearTextFirst":true,"interactionType":"ENTER_TEXT"}]}
RESULT: {}
RESULT: {"script":"<script> [776 bytes]","args":[{"enterText":"Z001","selector":{"controlType":"sap.m.Input","viewName":"etm.portal.ui.manageyards.view.New","viewId":"application-manageyards-display-component---NewYard","bindingPath":{"path":"","propertyPath":"/CONTROLLING_AREA","modelName":"NewYardModel"},"interaction":{"idSuffix":"inner"}},"clearTextFirst":true,"interactionType":"ENTER_TEXT"}]}
COMMAND: POST /session/00fbe995d254b544c9b458c3d09ef85d/execute/async - {"script":"<script> [1562 bytes]","args":[{"selector":{"id":"application-manageyards-display-component---NewYard--companyCodeComboBox","interaction":{"idSuffix":"inner"}},"wdio_ui5_key":"applicationmanageyards-display-component---NewYard--companyCodeComboBox"}]}
RESULT: {"script":"<script> [1562 bytes]","args":[{"selector":{"id":"application-manageyards-display-component---NewYard--companyCodeComboBox","interaction":{"idSuffix":"inner"}},"wdio_ui5_key":"applicationmanageyards-display-component---NewYard--companyCodeComboBox"}]}
RESULT: undefined
COMMAND: POST /session/00fbe995d254b544c9b458c3d09ef85d/execute/async - {"script":"<script> [776 bytes]","args":[{"enterText":"1000","selector":{"id":"application-manageyards-display-component---NewYard--companyCodeComboBox","interaction":{"idSuffix":"inner"}},"clearTextFirst":true,"interactionType":"ENTER_TEXT"}]}
RESULT: {"script":"<script> [776 bytes]","args":[{"enterText":"1000","selector":{"id":"application-manageyards-display-component---NewYard--companyCodeComboBox","interaction":{"idSuffix":"inner"}},"clearTextFirst":true,"interactionType":"ENTER_TEXT"}]}
COMMAND: POST /session/00fbe995d254b544c9b458c3d09ef85d/execute/async - {"script":"<script> [1562 bytes]","args":[{"selector":{"controlType":"sap.m.Input","viewName":"etm.portal.ui.manageyards.view.New","viewId":"application-manageyards-display-component---NewYard","bindingPath":{"path":"","propertyPath":"/PLANT","modelName":"NewYardModel"},"interaction":{"idSuffix":"inner"}},"wdio_ui5_key":"etmportal.ui.manageyards.view.Newsap.m.Input{\"path\":\"\",\"propertyPath\":\"/PLANT\",\"modelName\":\"NewYardModel\"}"}]}
RESULT: {"script":"<script> [1562 bytes]","args":[{"selector":{"controlType":"sap.m.Input","viewName":"etm.portal.ui.manageyards.view.New","viewId":"application-manageyards-display-component---NewYard","bindingPath":{"path":"","propertyPath":"/PLANT","modelName":"NewYardModel"},"interaction":{"idSuffix":"inner"}},"wdio_ui5_key":"etmportal.ui.manageyards.view.Newsap.m.Input{\"path\":\"\",\"propertyPath\":\"/PLANT\",\"modelName\":\"NewYardModel\"}"}]}
RESULT: undefined
COMMAND: POST /session/00fbe995d254b544c9b458c3d09ef85d/execute/async - {"script":"<script> [776 bytes]","args":[{"enterText":"1001","selector":{"controlType":"sap.m.Input","viewName":"etm.portal.ui.manageyards.view.New","viewId":"application-manageyards-display-component---NewYard","bindingPath":{"path":"","propertyPath":"/PLANT","modelName":"NewYardModel"},"interaction":{"idSuffix":"inner"}},"clearTextFirst":true,"interactionType":"ENTER_TEXT"}]}
RESULT: {"script":"<script> [776 bytes]","args":[{"enterText":"1001","selector":{"controlType":"sap.m.Input","viewName":"etm.portal.ui.manageyards.view.New","viewId":"application-manageyards-display-component---NewYard","bindingPath":{"path":"","propertyPath":"/PLANT","modelName":"NewYardModel"},"interaction":{"idSuffix":"inner"}},"clearTextFirst":true,"interactionType":"ENTER_TEXT"}]}
COMMAND: POST /session/00fbe995d254b544c9b458c3d09ef85d/execute/async - {"script":"<script> [1562 bytes]","args":[{"selector":{"controlType":"sap.m.Input","viewName":"etm.portal.ui.manageyards.view.New","viewId":"application-manageyards-display-component---NewYard","bindingPath":{"path":"","propertyPath":"/SALES_AREA_VKORG","modelName":"NewYardModel"},"interaction":{"idSuffix":"inner"}},"wdio_ui5_key":"etmportal.ui.manageyards.view.Newsap.m.Input{\"path\":\"\",\"propertyPath\":\"/SALES_AREA_VKORG\",\"modelName\":\"NewYardModel\"}"}]}
RESULT: {"script":"<script> [1562 bytes]","args":[{"selector":{"controlType":"sap.m.Input","viewName":"etm.portal.ui.manageyards.view.New","viewId":"application-manageyards-display-component---NewYard","bindingPath":{"path":"","propertyPath":"/SALES_AREA_VKORG","modelName":"NewYardModel"},"interaction":{"idSuffix":"inner"}},"wdio_ui5_key":"etmportal.ui.manageyards.view.Newsap.m.Input{\"path\":\"\",\"propertyPath\":\"/SALES_AREA_VKORG\",\"modelName\":\"NewYardModel\"}"}]}
RESULT: undefined
COMMAND: POST /session/00fbe995d254b544c9b458c3d09ef85d/execute/async - {"script":"<script> [776 bytes]","args":[{"enterText":"C002","selector":{"controlType":"sap.m.Input","viewName":"etm.portal.ui.manageyards.view.New","viewId":"application-manageyards-display-component---NewYard","bindingPath":{"path":"","propertyPath":"/SALES_AREA_VKORG","modelName":"NewYardModel"},"interaction":{"idSuffix":"inner"}},"clearTextFirst":true,"interactionType":"ENTER_TEXT"}]}
RESULT: {"script":"<script> [776 bytes]","args":[{"enterText":"C002","selector":{"controlType":"sap.m.Input","viewName":"etm.portal.ui.manageyards.view.New","viewId":"application-manageyards-display-component---NewYard","bindingPath":{"path":"","propertyPath":"/SALES_AREA_VKORG","modelName":"NewYardModel"},"interaction":{"idSuffix":"inner"}},"clearTextFirst":true,"interactionType":"ENTER_TEXT"}]}
COMMAND: POST /session/00fbe995d254b544c9b458c3d09ef85d/execute/async - {"script":"<script> [1562 bytes]","args":[{"selector":{"controlType":"sap.m.Input","viewName":"etm.portal.ui.manageyards.view.New","viewId":"application-manageyards-display-component---NewYard","bindingPath":{"path":"","propertyPath":"/SALES_AREA_VTWEG","modelName":"NewYardModel"},"interaction":{"idSuffix":"inner"}},"wdio_ui5_key":"etmportal.ui.manageyards.view.Newsap.m.Input{\"path\":\"\",\"propertyPath\":\"/SALES_AREA_VTWEG\",\"modelName\":\"NewYardModel\"}"}]}
RESULT: {"script":"<script> [1562 bytes]","args":[{"selector":{"controlType":"sap.m.Input","viewName":"etm.portal.ui.manageyards.view.New","viewId":"application-manageyards-display-component---NewYard","bindingPath":{"path":"","propertyPath":"/SALES_AREA_VTWEG","modelName":"NewYardModel"},"interaction":{"idSuffix":"inner"}},"wdio_ui5_key":"etmportal.ui.manageyards.view.Newsap.m.Input{\"path\":\"\",\"propertyPath\":\"/SALES_AREA_VTWEG\",\"modelName\":\"NewYardModel\"}"}]}
RESULT: undefined
COMMAND: POST /session/00fbe995d254b544c9b458c3d09ef85d/execute/async - {"script":"<script> [776 bytes]","args":[{"enterText":"C2","selector":{"controlType":"sap.m.Input","viewName":"etm.portal.ui.manageyards.view.New","viewId":"application-manageyards-display-component---NewYard","bindingPath":{"path":"","propertyPath":"/SALES_AREA_VTWEG","modelName":"NewYardModel"},"interaction":{"idSuffix":"inner"}},"clearTextFirst":true,"interactionType":"ENTER_TEXT"}]}
RESULT: {"script":"<script> [776 bytes]","args":[{"enterText":"C2","selector":{"controlType":"sap.m.Input","viewName":"etm.portal.ui.manageyards.view.New","viewId":"application-manageyards-display-component---NewYard","bindingPath":{"path":"","propertyPath":"/SALES_AREA_VTWEG","modelName":"NewYardModel"},"interaction":{"idSuffix":"inner"}},"clearTextFirst":true,"interactionType":"ENTER_TEXT"}]}
COMMAND: POST /session/00fbe995d254b544c9b458c3d09ef85d/execute/async - {"script":"<script> [1562 bytes]","args":[{"selector":{"controlType":"sap.m.Input","viewName":"etm.portal.ui.manageyards.view.New","viewId":"application-manageyards-display-component---NewYard","bindingPath":{"path":"","propertyPath":"/SALES_AREA_SPART","modelName":"NewYardModel"},"interaction":{"idSuffix":"inner"}},"wdio_ui5_key":"etmportal.ui.manageyards.view.Newsap.m.Input{\"path\":\"\",\"propertyPath\":\"/SALES_AREA_SPART\",\"modelName\":\"NewYardModel\"}"}]}
RESULT: {"script":"<script> [1562 bytes]","args":[{"selector":{"controlType":"sap.m.Input","viewName":"etm.portal.ui.manageyards.view.New","viewId":"application-manageyards-display-component---NewYard","bindingPath":{"path":"","propertyPath":"/SALES_AREA_SPART","modelName":"NewYardModel"},"interaction":{"idSuffix":"inner"}},"wdio_ui5_key":"etmportal.ui.manageyards.view.Newsap.m.Input{\"path\":\"\",\"propertyPath\":\"/SALES_AREA_SPART\",\"modelName\":\"NewYardModel\"}"}]}
RESULT: undefined
COMMAND: POST /session/00fbe995d254b544c9b458c3d09ef85d/execute/async - {"script":"<script> [776 bytes]","args":[{"enterText":"C2","selector":{"controlType":"sap.m.Input","viewName":"etm.portal.ui.manageyards.view.New","viewId":"application-manageyards-display-component---NewYard","bindingPath":{"path":"","propertyPath":"/SALES_AREA_SPART","modelName":"NewYardModel"},"interaction":{"idSuffix":"inner"}},"clearTextFirst":true,"interactionType":"ENTER_TEXT"}]}
RESULT: {"script":"<script> [776 bytes]","args":[{"enterText":"C2","selector":{"controlType":"sap.m.Input","viewName":"etm.portal.ui.manageyards.view.New","viewId":"application-manageyards-display-component---NewYard","bindingPath":{"path":"","propertyPath":"/SALES_AREA_SPART","modelName":"NewYardModel"},"interaction":{"idSuffix":"inner"}},"clearTextFirst":true,"interactionType":"ENTER_TEXT"}]}
COMMAND: POST /session/00fbe995d254b544c9b458c3d09ef85d/execute/async - {"script":"<script> [1562 bytes]","args":[{"selector":{"controlType":"sap.m.Input","viewName":"etm.portal.ui.manageyards.view.New","viewId":"application-manageyards-display-component---NewYard","bindingPath":{"path":"","propertyPath":"/SHIP_POINT","modelName":"NewYardModel"},"interaction":{"idSuffix":"inner"}},"wdio_ui5_key":"etmportal.ui.manageyards.view.Newsap.m.Input{\"path\":\"\",\"propertyPath\":\"/SHIP_POINT\",\"modelName\":\"NewYardModel\"}"}]}
RESULT: {"script":"<script> [1562 bytes]","args":[{"selector":{"controlType":"sap.m.Input","viewName":"etm.portal.ui.manageyards.view.New","viewId":"application-manageyards-display-component---NewYard","bindingPath":{"path":"","propertyPath":"/SHIP_POINT","modelName":"NewYardModel"},"interaction":{"idSuffix":"inner"}},"wdio_ui5_key":"etmportal.ui.manageyards.view.Newsap.m.Input{\"path\":\"\",\"propertyPath\":\"/SHIP_POINT\",\"modelName\":\"NewYardModel\"}"}]}
RESULT: undefined
COMMAND: POST /session/00fbe995d254b544c9b458c3d09ef85d/execute/async - {"script":"<script> [776 bytes]","args":[{"enterText":"1710","selector":{"controlType":"sap.m.Input","viewName":"etm.portal.ui.manageyards.view.New","viewId":"application-manageyards-display-component---NewYard","bindingPath":{"path":"","propertyPath":"/SHIP_POINT","modelName":"NewYardModel"},"interaction":{"idSuffix":"inner"}},"clearTextFirst":true,"interactionType":"ENTER_TEXT"}]}
RESULT: {"script":"<script> [776 bytes]","args":[{"enterText":"1710","selector":{"controlType":"sap.m.Input","viewName":"etm.portal.ui.manageyards.view.New","viewId":"application-manageyards-display-component---NewYard","bindingPath":{"path":"","propertyPath":"/SHIP_POINT","modelName":"NewYardModel"},"interaction":{"idSuffix":"inner"}},"clearTextFirst":true,"interactionType":"ENTER_TEXT"}]}
COMMAND: POST /session/00fbe995d254b544c9b458c3d09ef85d/execute/async - {"script":"<script> [1562 bytes]","args":[{"selector":{"controlType":"sap.m.Input","viewName":"etm.portal.ui.manageyards.view.New","viewId":"application-manageyards-display-component---NewYard","bindingPath":{"path":"","propertyPath":"/DELIVERY_TYPE","modelName":"NewYardModel"},"interaction":{"idSuffix":"inner"}},"wdio_ui5_key":"etmportal.ui.manageyards.view.Newsap.m.Input{\"path\":\"\",\"propertyPath\":\"/DELIVERY_TYPE\",\"modelName\":\"NewYardModel\"}"}]}
RESULT: {"script":"<script> [1562 bytes]","args":[{"selector":{"controlType":"sap.m.Input","viewName":"etm.portal.ui.manageyards.view.New","viewId":"application-manageyards-display-component---NewYard","bindingPath":{"path":"","propertyPath":"/DELIVERY_TYPE","modelName":"NewYardModel"},"interaction":{"idSuffix":"inner"}},"wdio_ui5_key":"etmportal.ui.manageyards.view.Newsap.m.Input{\"path\":\"\",\"propertyPath\":\"/DELIVERY_TYPE\",\"modelName\":\"NewYardModel\"}"}]}
RESULT: undefined
COMMAND: POST /session/00fbe995d254b544c9b458c3d09ef85d/execute/async - {"script":"<script> [776 bytes]","args":[{"enterText":"ZL01","selector":{"controlType":"sap.m.Input","viewName":"etm.portal.ui.manageyards.view.New","viewId":"application-manageyards-display-component---NewYard","bindingPath":{"path":"","propertyPath":"/DELIVERY_TYPE","modelName":"NewYardModel"},"interaction":{"idSuffix":"inner"}},"clearTextFirst":true,"interactionType":"ENTER_TEXT"}]}
RESULT: {"script":"<script> [776 bytes]","args":[{"enterText":"ZL01","selector":{"controlType":"sap.m.Input","viewName":"etm.portal.ui.manageyards.view.New","viewId":"application-manageyards-display-component---NewYard","bindingPath":{"path":"","propertyPath":"/DELIVERY_TYPE","modelName":"NewYardModel"},"interaction":{"idSuffix":"inner"}},"clearTextFirst":true,"interactionType":"ENTER_TEXT"}]}
COMMAND: POST /session/00fbe995d254b544c9b458c3d09ef85d/execute/async - {"script":"<script> [1562 bytes]","args":[{"selector":{"controlType":"sap.m.Input","viewName":"etm.portal.ui.manageyards.view.New","viewId":"application-manageyards-display-component---NewYard","bindingPath":{"path":"","propertyPath":"/AUART","modelName":"NewYardModel"},"interaction":{"idSuffix":"inner"}},"wdio_ui5_key":"etmportal.ui.manageyards.view.Newsap.m.Input{\"path\":\"\",\"propertyPath\":\"/AUART\",\"modelName\":\"NewYardModel\"}"}]}
RESULT: {"script":"<script> [1562 bytes]","args":[{"selector":{"controlType":"sap.m.Input","viewName":"etm.portal.ui.manageyards.view.New","viewId":"application-manageyards-display-component---NewYard","bindingPath":{"path":"","propertyPath":"/AUART","modelName":"NewYardModel"},"interaction":{"idSuffix":"inner"}},"wdio_ui5_key":"etmportal.ui.manageyards.view.Newsap.m.Input{\"path\":\"\",\"propertyPath\":\"/AUART\",\"modelName\":\"NewYardModel\"}"}]}
RESULT: undefined
COMMAND: POST /session/00fbe995d254b544c9b458c3d09ef85d/execute/async - {"script":"<script> [776 bytes]","args":[{"enterText":"TA","selector":{"controlType":"sap.m.Input","viewName":"etm.portal.ui.manageyards.view.New","viewId":"application-manageyards-display-component---NewYard","bindingPath":{"path":"","propertyPath":"/AUART","modelName":"NewYardModel"},"interaction":{"idSuffix":"inner"}},"clearTextFirst":true,"interactionType":"ENTER_TEXT"}]}
RESULT: {"script":"<script> [776 bytes]","args":[{"enterText":"TA","selector":{"controlType":"sap.m.Input","viewName":"etm.portal.ui.manageyards.view.New","viewId":"application-manageyards-display-component---NewYard","bindingPath":{"path":"","propertyPath":"/AUART","modelName":"NewYardModel"},"interaction":{"idSuffix":"inner"}},"clearTextFirst":true,"interactionType":"ENTER_TEXT"}]}
COMMAND: POST /session/00fbe995d254b544c9b458c3d09ef85d/element - {"using":"xpath","value":"//button[@data-kt=\"newYardSaveButton\"]"}
RESULT: {"using":"xpath","value":"//button[@data-kt=\"newYardSaveButton\"]"}
COMMAND: POST /session/00fbe995d254b544c9b458c3d09ef85d/element/f.5B10500533936BC34E48C94F23BC04CA.d.47BB794081BE1670AE3649BE9D044688.e.699/click - {}
RESULT: {}
COMMAND: GET /session/00fbe995d254b544c9b458c3d09ef85d/screenshot - {}
RESULT: {}
COMMAND: POST /session/00fbe995d254b544c9b458c3d09ef85d/element - {"using":"xpath","value":"//header[contains(@id, 'ObjectPageLayout-headerTitle')]/div[1]/div[2]/div[1]/span[1]"}
RESULT: {"using":"xpath","value":"//header[contains(@id, 'ObjectPageLayout-headerTitle')]/div[1]/div[2]/div[1]/span[1]"}
COMMAND: POST /session/00fbe995d254b544c9b458c3d09ef85d/elements - {"using":"xpath","value":"//header[contains(@id, 'ObjectPageLayout-headerTitle')]/div[1]/div[2]/div[1]/span[1]"}
RESULT: {"using":"xpath","value":"//header[contains(@id, 'ObjectPageLayout-headerTitle')]/div[1]/div[2]/div[1]/span[1]"}
COMMAND: POST /session/00fbe995d254b544c9b458c3d09ef85d/execute/sync - {"script":"<script> [56 bytes]","args":[{"element-6066-11e4-a52e-4f735466cecf":"f.5B10500533936BC34E48C94F23BC04CA.d.47BB794081BE1670AE3649BE9D044688.e.1022","ELEMENT":"f.5B10500533936BC34E48C94F23BC04CA.d.47BB794081BE1670AE3649BE9D044688.e.1022"}]}
RESULT: {"script":"<script> [56 bytes]","args":[{"element-6066-11e4-a52e-4f735466cecf":"f.5B10500533936BC34E48C94F23BC04CA.d.47BB794081BE1670AE3649BE9D044688.e.1022","ELEMENT":"f.5B10500533936BC34E48C94F23BC04CA.d.47BB794081BE1670AE3649BE9D044688.e.1022"}]}
COMMAND: GET /session/00fbe995d254b544c9b458c3d09ef85d/screenshot - {}
RESULT: {}
COMMAND: POST /session/00fbe995d254b544c9b458c3d09ef85d/element - {"using":"css selector","value":"#shell-header-logo"}
RESULT: {"using":"css selector","value":"#shell-header-logo"}
COMMAND: POST /session/00fbe995d254b544c9b458c3d09ef85d/element/f.5B10500533936BC34E48C94F23BC04CA.d.47BB794081BE1670AE3649BE9D044688.e.269/click - {}
RESULT: {}
COMMAND: GET /session/00fbe995d254b544c9b458c3d09ef85d/screenshot - {}
RESULT: {}
COMMAND: POST /session/00fbe995d254b544c9b458c3d09ef85d/execute/sync - {"script":"<script> [299 bytes]","args":[["getModel","getResource"]]}
RESULT: {"script":"<script> [299 bytes]","args":[["getModel","getResource"]]}
COMMAND: GET /session/00fbe995d254b544c9b458c3d09ef85d/screenshot - {}
]]></system-out>
    </testcase>
    <testcase classname="chrome.136_0_7103_49.windows.Billing_Transfer_-_Master_data_&amp;_Intercompany_US127250" name="Should create a new partner" time="119.178">
      <system-out><![CDATA[
COMMAND: POST /session/00fbe995d254b544c9b458c3d09ef85d/window/fullscreen - {}
RESULT: {}
COMMAND: POST /session/00fbe995d254b544c9b458c3d09ef85d/execute/async - {"script":"<script> [1562 bytes]","args":[{"selector":{"controlType":"sap.m.GenericTile","properties":{"header":"Manage Partners"}},"wdio_ui5_key":"sapm.GenericTile{\"header\":\"Manage Partners\"}"}]}
RESULT: {}
RESULT: {"script":"<script> [1562 bytes]","args":[{"selector":{"controlType":"sap.m.GenericTile","properties":{"header":"Manage Partners"}},"wdio_ui5_key":"sapm.GenericTile{\"header\":\"Manage Partners\"}"}]}
RESULT: undefined
COMMAND: POST /session/00fbe995d254b544c9b458c3d09ef85d/element - {"using":"xpath","value":"//*[@id=\"__tile38\"]"}
RESULT: {"using":"xpath","value":"//*[@id=\"__tile38\"]"}
COMMAND: POST /session/00fbe995d254b544c9b458c3d09ef85d/element/f.5B10500533936BC34E48C94F23BC04CA.d.47BB794081BE1670AE3649BE9D044688.e.152/click - {}
RESULT: {}
COMMAND: POST /session/00fbe995d254b544c9b458c3d09ef85d/element - {"using":"xpath","value":"//button[@data-kt=\"addButton\"]"}
COMMAND: GET /session/00fbe995d254b544c9b458c3d09ef85d/screenshot - {}
RESULT: {"using":"xpath","value":"//button[@data-kt=\"addButton\"]"}
COMMAND: POST /session/00fbe995d254b544c9b458c3d09ef85d/elements - {"using":"xpath","value":"//button[@data-kt=\"addButton\"]"}
RESULT: {}
RESULT: {"using":"xpath","value":"//button[@data-kt=\"addButton\"]"}
COMMAND: POST /session/00fbe995d254b544c9b458c3d09ef85d/elements - {"using":"xpath","value":"//button[@data-kt=\"addButton\"]"}
RESULT: {"using":"xpath","value":"//button[@data-kt=\"addButton\"]"}
COMMAND: POST /session/00fbe995d254b544c9b458c3d09ef85d/elements - {"using":"xpath","value":"//button[@data-kt=\"addButton\"]"}
RESULT: {"using":"xpath","value":"//button[@data-kt=\"addButton\"]"}
COMMAND: POST /session/00fbe995d254b544c9b458c3d09ef85d/elements - {"using":"xpath","value":"//button[@data-kt=\"addButton\"]"}
RESULT: {"using":"xpath","value":"//button[@data-kt=\"addButton\"]"}
COMMAND: POST /session/00fbe995d254b544c9b458c3d09ef85d/elements - {"using":"xpath","value":"//button[@data-kt=\"addButton\"]"}
RESULT: {"using":"xpath","value":"//button[@data-kt=\"addButton\"]"}
COMMAND: POST /session/00fbe995d254b544c9b458c3d09ef85d/elements - {"using":"xpath","value":"//button[@data-kt=\"addButton\"]"}
RESULT: {"using":"xpath","value":"//button[@data-kt=\"addButton\"]"}
COMMAND: POST /session/00fbe995d254b544c9b458c3d09ef85d/elements - {"using":"xpath","value":"//button[@data-kt=\"addButton\"]"}
RESULT: {"using":"xpath","value":"//button[@data-kt=\"addButton\"]"}
COMMAND: POST /session/00fbe995d254b544c9b458c3d09ef85d/elements - {"using":"xpath","value":"//button[@data-kt=\"addButton\"]"}
RESULT: {"using":"xpath","value":"//button[@data-kt=\"addButton\"]"}
COMMAND: POST /session/00fbe995d254b544c9b458c3d09ef85d/elements - {"using":"xpath","value":"//button[@data-kt=\"addButton\"]"}
RESULT: {"using":"xpath","value":"//button[@data-kt=\"addButton\"]"}
COMMAND: POST /session/00fbe995d254b544c9b458c3d09ef85d/elements - {"using":"xpath","value":"//button[@data-kt=\"addButton\"]"}
RESULT: {"using":"xpath","value":"//button[@data-kt=\"addButton\"]"}
COMMAND: POST /session/00fbe995d254b544c9b458c3d09ef85d/elements - {"using":"xpath","value":"//button[@data-kt=\"addButton\"]"}
RESULT: {"using":"xpath","value":"//button[@data-kt=\"addButton\"]"}
COMMAND: POST /session/00fbe995d254b544c9b458c3d09ef85d/elements - {"using":"xpath","value":"//button[@data-kt=\"addButton\"]"}
RESULT: {"using":"xpath","value":"//button[@data-kt=\"addButton\"]"}
COMMAND: POST /session/00fbe995d254b544c9b458c3d09ef85d/elements - {"using":"xpath","value":"//button[@data-kt=\"addButton\"]"}
RESULT: {"using":"xpath","value":"//button[@data-kt=\"addButton\"]"}
COMMAND: POST /session/00fbe995d254b544c9b458c3d09ef85d/elements - {"using":"xpath","value":"//button[@data-kt=\"addButton\"]"}
RESULT: {"using":"xpath","value":"//button[@data-kt=\"addButton\"]"}
COMMAND: POST /session/00fbe995d254b544c9b458c3d09ef85d/elements - {"using":"xpath","value":"//button[@data-kt=\"addButton\"]"}
RESULT: {"using":"xpath","value":"//button[@data-kt=\"addButton\"]"}
COMMAND: POST /session/00fbe995d254b544c9b458c3d09ef85d/elements - {"using":"xpath","value":"//button[@data-kt=\"addButton\"]"}
RESULT: {"using":"xpath","value":"//button[@data-kt=\"addButton\"]"}
COMMAND: POST /session/00fbe995d254b544c9b458c3d09ef85d/elements - {"using":"xpath","value":"//button[@data-kt=\"addButton\"]"}
RESULT: {"using":"xpath","value":"//button[@data-kt=\"addButton\"]"}
COMMAND: POST /session/00fbe995d254b544c9b458c3d09ef85d/elements - {"using":"xpath","value":"//button[@data-kt=\"addButton\"]"}
RESULT: {"using":"xpath","value":"//button[@data-kt=\"addButton\"]"}
COMMAND: POST /session/00fbe995d254b544c9b458c3d09ef85d/elements - {"using":"xpath","value":"//button[@data-kt=\"addButton\"]"}
RESULT: {"using":"xpath","value":"//button[@data-kt=\"addButton\"]"}
COMMAND: POST /session/00fbe995d254b544c9b458c3d09ef85d/element - {"using":"xpath","value":"//button[@data-kt=\"addButton\"]"}
RESULT: {"using":"xpath","value":"//button[@data-kt=\"addButton\"]"}
COMMAND: POST /session/00fbe995d254b544c9b458c3d09ef85d/execute/sync - {"script":"<script> [8489 bytes]","args":[{"element-6066-11e4-a52e-4f735466cecf":"f.5B10500533936BC34E48C94F23BC04CA.d.47BB794081BE1670AE3649BE9D044688.e.1061","ELEMENT":"f.5B10500533936BC34E48C94F23BC04CA.d.47BB794081BE1670AE3649BE9D044688.e.1061"}]}
RESULT: {"script":"<script> [8489 bytes]","args":[{"element-6066-11e4-a52e-4f735466cecf":"f.5B10500533936BC34E48C94F23BC04CA.d.47BB794081BE1670AE3649BE9D044688.e.1061","ELEMENT":"f.5B10500533936BC34E48C94F23BC04CA.d.47BB794081BE1670AE3649BE9D044688.e.1061"}]}
COMMAND: GET /session/00fbe995d254b544c9b458c3d09ef85d/element/f.5B10500533936BC34E48C94F23BC04CA.d.47BB794081BE1670AE3649BE9D044688.e.1061/enabled - {}
COMMAND: GET /session/00fbe995d254b544c9b458c3d09ef85d/screenshot - {}
RESULT: {}
COMMAND: POST /session/00fbe995d254b544c9b458c3d09ef85d/execute/sync - {"script":"<script> [8489 bytes]","args":[{"element-6066-11e4-a52e-4f735466cecf":"f.5B10500533936BC34E48C94F23BC04CA.d.47BB794081BE1670AE3649BE9D044688.e.1061","ELEMENT":"f.5B10500533936BC34E48C94F23BC04CA.d.47BB794081BE1670AE3649BE9D044688.e.1061"}]}
COMMAND: GET /session/00fbe995d254b544c9b458c3d09ef85d/screenshot - {}
RESULT: {}
RESULT: {"script":"<script> [8489 bytes]","args":[{"element-6066-11e4-a52e-4f735466cecf":"f.5B10500533936BC34E48C94F23BC04CA.d.47BB794081BE1670AE3649BE9D044688.e.1061","ELEMENT":"f.5B10500533936BC34E48C94F23BC04CA.d.47BB794081BE1670AE3649BE9D044688.e.1061"}]}
COMMAND: POST /session/00fbe995d254b544c9b458c3d09ef85d/execute/sync - {"script":"<script> [5351 bytes]","args":[{"element-6066-11e4-a52e-4f735466cecf":"f.5B10500533936BC34E48C94F23BC04CA.d.47BB794081BE1670AE3649BE9D044688.e.1061","ELEMENT":"f.5B10500533936BC34E48C94F23BC04CA.d.47BB794081BE1670AE3649BE9D044688.e.1061"}]}
COMMAND: GET /session/00fbe995d254b544c9b458c3d09ef85d/screenshot - {}
RESULT: {}
RESULT: {"script":"<script> [5351 bytes]","args":[{"element-6066-11e4-a52e-4f735466cecf":"f.5B10500533936BC34E48C94F23BC04CA.d.47BB794081BE1670AE3649BE9D044688.e.1061","ELEMENT":"f.5B10500533936BC34E48C94F23BC04CA.d.47BB794081BE1670AE3649BE9D044688.e.1061"}]}
COMMAND: POST /session/00fbe995d254b544c9b458c3d09ef85d/element/f.5B10500533936BC34E48C94F23BC04CA.d.47BB794081BE1670AE3649BE9D044688.e.1061/click - {}
COMMAND: GET /session/00fbe995d254b544c9b458c3d09ef85d/screenshot - {}
RESULT: {}
RESULT: {}
COMMAND: GET /session/00fbe995d254b544c9b458c3d09ef85d/screenshot - {}
COMMAND: POST /session/00fbe995d254b544c9b458c3d09ef85d/execute/async - {"script":"<script> [1562 bytes]","args":[{"selector":{"id":"application-managepartners-display-component---NewPartner--addressDetailDetailsName1","interaction":{"idSuffix":"inner"}},"wdio_ui5_key":"applicationmanagepartners-display-component---NewPartner--addressDetailDetailsName1"}]}
RESULT: {}
RESULT: {}
RESULT: {"script":"<script> [1562 bytes]","args":[{"selector":{"id":"application-managepartners-display-component---NewPartner--addressDetailDetailsName1","interaction":{"idSuffix":"inner"}},"wdio_ui5_key":"applicationmanagepartners-display-component---NewPartner--addressDetailDetailsName1"}]}
RESULT: undefined
COMMAND: POST /session/00fbe995d254b544c9b458c3d09ef85d/execute/async - {"script":"<script> [776 bytes]","args":[{"enterText":"Intercompany Partner WDIO","selector":{"id":"application-managepartners-display-component---NewPartner--addressDetailDetailsName1","interaction":{"idSuffix":"inner"}},"clearTextFirst":true,"interactionType":"ENTER_TEXT"}]}
RESULT: {"script":"<script> [776 bytes]","args":[{"enterText":"Intercompany Partner WDIO","selector":{"id":"application-managepartners-display-component---NewPartner--addressDetailDetailsName1","interaction":{"idSuffix":"inner"}},"clearTextFirst":true,"interactionType":"ENTER_TEXT"}]}
COMMAND: POST /session/00fbe995d254b544c9b458c3d09ef85d/execute/async - {"script":"<script> [1562 bytes]","args":[{"selector":{"id":"application-managepartners-display-component---NewPartner--addressDetailDetailsLanguage-arrow"},"wdio_ui5_key":"applicationmanagepartners-display-component---NewPartner--addressDetailDetailsLanguage-arrow"}]}
RESULT: {"script":"<script> [1562 bytes]","args":[{"selector":{"id":"application-managepartners-display-component---NewPartner--addressDetailDetailsLanguage-arrow"},"wdio_ui5_key":"applicationmanagepartners-display-component---NewPartner--addressDetailDetailsLanguage-arrow"}]}
RESULT: undefined
COMMAND: POST /session/00fbe995d254b544c9b458c3d09ef85d/element - {"using":"xpath","value":"//*[@id=\"application-managepartners-display-component---NewPartner--addressDetailDetailsLanguage-arrow\"]"}
RESULT: {"using":"xpath","value":"//*[@id=\"application-managepartners-display-component---NewPartner--addressDetailDetailsLanguage-arrow\"]"}
COMMAND: POST /session/00fbe995d254b544c9b458c3d09ef85d/element/f.5B10500533936BC34E48C94F23BC04CA.d.47BB794081BE1670AE3649BE9D044688.e.1504/click - {}
RESULT: {}
COMMAND: POST /session/00fbe995d254b544c9b458c3d09ef85d/element - {"using":"xpath","value":"//span[contains(text(), \"English\")]"}
COMMAND: GET /session/00fbe995d254b544c9b458c3d09ef85d/screenshot - {}
RESULT: {"using":"xpath","value":"//span[contains(text(), \"English\")]"}
COMMAND: POST /session/00fbe995d254b544c9b458c3d09ef85d/element/f.5B10500533936BC34E48C94F23BC04CA.d.47BB794081BE1670AE3649BE9D044688.e.1505/click - {}
RESULT: {}
RESULT: {}
COMMAND: GET /session/00fbe995d254b544c9b458c3d09ef85d/screenshot - {}
RESULT: {}
COMMAND: POST /session/00fbe995d254b544c9b458c3d09ef85d/execute/async - {"script":"<script> [1562 bytes]","args":[{"selector":{"id":"application-managepartners-display-component---NewPartner--addressDetailDetailsCity1","interaction":{"idSuffix":"inner"}},"wdio_ui5_key":"applicationmanagepartners-display-component---NewPartner--addressDetailDetailsCity1"}]}
RESULT: {"script":"<script> [1562 bytes]","args":[{"selector":{"id":"application-managepartners-display-component---NewPartner--addressDetailDetailsCity1","interaction":{"idSuffix":"inner"}},"wdio_ui5_key":"applicationmanagepartners-display-component---NewPartner--addressDetailDetailsCity1"}]}
RESULT: undefined
COMMAND: POST /session/00fbe995d254b544c9b458c3d09ef85d/execute/async - {"script":"<script> [776 bytes]","args":[{"enterText":"Rosario","selector":{"id":"application-managepartners-display-component---NewPartner--addressDetailDetailsCity1","interaction":{"idSuffix":"inner"}},"clearTextFirst":true,"interactionType":"ENTER_TEXT"}]}
RESULT: {"script":"<script> [776 bytes]","args":[{"enterText":"Rosario","selector":{"id":"application-managepartners-display-component---NewPartner--addressDetailDetailsCity1","interaction":{"idSuffix":"inner"}},"clearTextFirst":true,"interactionType":"ENTER_TEXT"}]}
COMMAND: POST /session/00fbe995d254b544c9b458c3d09ef85d/execute/async - {"script":"<script> [1562 bytes]","args":[{"selector":{"id":"application-managepartners-display-component---NewPartner--addressDetailDetailsCountry-arrow"},"wdio_ui5_key":"applicationmanagepartners-display-component---NewPartner--addressDetailDetailsCountry-arrow"}]}
RESULT: {"script":"<script> [1562 bytes]","args":[{"selector":{"id":"application-managepartners-display-component---NewPartner--addressDetailDetailsCountry-arrow"},"wdio_ui5_key":"applicationmanagepartners-display-component---NewPartner--addressDetailDetailsCountry-arrow"}]}
RESULT: undefined
COMMAND: POST /session/00fbe995d254b544c9b458c3d09ef85d/element - {"using":"xpath","value":"//*[@id=\"application-managepartners-display-component---NewPartner--addressDetailDetailsCountry-arrow\"]"}
RESULT: {"using":"xpath","value":"//*[@id=\"application-managepartners-display-component---NewPartner--addressDetailDetailsCountry-arrow\"]"}
COMMAND: POST /session/00fbe995d254b544c9b458c3d09ef85d/element/f.5B10500533936BC34E48C94F23BC04CA.d.47BB794081BE1670AE3649BE9D044688.e.1491/click - {}
RESULT: {}
COMMAND: POST /session/00fbe995d254b544c9b458c3d09ef85d/element - {"using":"xpath","value":"//span[contains(text(), \"Argentina\")]"}
COMMAND: GET /session/00fbe995d254b544c9b458c3d09ef85d/screenshot - {}
RESULT: {"using":"xpath","value":"//span[contains(text(), \"Argentina\")]"}
COMMAND: POST /session/00fbe995d254b544c9b458c3d09ef85d/element/f.5B10500533936BC34E48C94F23BC04CA.d.47BB794081BE1670AE3649BE9D044688.e.1507/click - {}
RESULT: {}
RESULT: {}
COMMAND: GET /session/00fbe995d254b544c9b458c3d09ef85d/screenshot - {}
RESULT: {}
COMMAND: POST /session/00fbe995d254b544c9b458c3d09ef85d/element - {"using":"xpath","value":"//bdi[contains(text(), \"Commercial\")]"}
RESULT: {"using":"xpath","value":"//bdi[contains(text(), \"Commercial\")]"}
COMMAND: POST /session/00fbe995d254b544c9b458c3d09ef85d/element/f.5B10500533936BC34E48C94F23BC04CA.d.47BB794081BE1670AE3649BE9D044688.e.1508/click - {}
RESULT: {}
COMMAND: GET /session/00fbe995d254b544c9b458c3d09ef85d/screenshot - {}
RESULT: {}
COMMAND: POST /session/00fbe995d254b544c9b458c3d09ef85d/execute/async - {"script":"<script> [1562 bytes]","args":[{"selector":{"id":"application-managepartners-display-component---NewPartner--partnerDetailInternal-arrow"},"wdio_ui5_key":"applicationmanagepartners-display-component---NewPartner--partnerDetailInternal-arrow"}]}
RESULT: {"script":"<script> [1562 bytes]","args":[{"selector":{"id":"application-managepartners-display-component---NewPartner--partnerDetailInternal-arrow"},"wdio_ui5_key":"applicationmanagepartners-display-component---NewPartner--partnerDetailInternal-arrow"}]}
RESULT: undefined
COMMAND: POST /session/00fbe995d254b544c9b458c3d09ef85d/element - {"using":"xpath","value":"//*[@id=\"application-managepartners-display-component---NewPartner--partnerDetailInternal-arrow\"]"}
RESULT: {"using":"xpath","value":"//*[@id=\"application-managepartners-display-component---NewPartner--partnerDetailInternal-arrow\"]"}
COMMAND: POST /session/00fbe995d254b544c9b458c3d09ef85d/element/f.5B10500533936BC34E48C94F23BC04CA.d.47BB794081BE1670AE3649BE9D044688.e.1514/click - {}
RESULT: {}
COMMAND: POST /session/00fbe995d254b544c9b458c3d09ef85d/element - {"using":"xpath","value":"//span[contains(text(), \"Affiliated company\")]"}
COMMAND: GET /session/00fbe995d254b544c9b458c3d09ef85d/screenshot - {}
RESULT: {"using":"xpath","value":"//span[contains(text(), \"Affiliated company\")]"}
COMMAND: POST /session/00fbe995d254b544c9b458c3d09ef85d/element/f.5B10500533936BC34E48C94F23BC04CA.d.47BB794081BE1670AE3649BE9D044688.e.1515/click - {}
RESULT: {}
RESULT: {}
COMMAND: POST /session/00fbe995d254b544c9b458c3d09ef85d/execute/async - {"script":"<script> [1562 bytes]","args":[{"selector":{"id":"application-managepartners-display-component---NewPartner--partnerDetailsCurrency-arrow"},"wdio_ui5_key":"applicationmanagepartners-display-component---NewPartner--partnerDetailsCurrency-arrow"}]}
COMMAND: GET /session/00fbe995d254b544c9b458c3d09ef85d/screenshot - {}
RESULT: {"script":"<script> [1562 bytes]","args":[{"selector":{"id":"application-managepartners-display-component---NewPartner--partnerDetailsCurrency-arrow"},"wdio_ui5_key":"applicationmanagepartners-display-component---NewPartner--partnerDetailsCurrency-arrow"}]}
RESULT: undefined
COMMAND: POST /session/00fbe995d254b544c9b458c3d09ef85d/element - {"using":"xpath","value":"//*[@id=\"application-managepartners-display-component---NewPartner--partnerDetailsCurrency-arrow\"]"}
RESULT: {}
RESULT: {"using":"xpath","value":"//*[@id=\"application-managepartners-display-component---NewPartner--partnerDetailsCurrency-arrow\"]"}
COMMAND: POST /session/00fbe995d254b544c9b458c3d09ef85d/element/f.5B10500533936BC34E48C94F23BC04CA.d.47BB794081BE1670AE3649BE9D044688.e.1522/click - {}
RESULT: {}
COMMAND: POST /session/00fbe995d254b544c9b458c3d09ef85d/element - {"using":"xpath","value":"//span[contains(text(), \"Euro\")]"}
COMMAND: GET /session/00fbe995d254b544c9b458c3d09ef85d/screenshot - {}
RESULT: {"using":"xpath","value":"//span[contains(text(), \"Euro\")]"}
COMMAND: POST /session/00fbe995d254b544c9b458c3d09ef85d/element/f.5B10500533936BC34E48C94F23BC04CA.d.47BB794081BE1670AE3649BE9D044688.e.1523/click - {}
RESULT: {}
RESULT: {}
COMMAND: POST /session/00fbe995d254b544c9b458c3d09ef85d/execute/async - {"script":"<script> [1562 bytes]","args":[{"selector":{"id":"application-managepartners-display-component---NewPartner--addressEditDetailsCostObjectCstType-arrow"},"wdio_ui5_key":"applicationmanagepartners-display-component---NewPartner--addressEditDetailsCostObjectCstType-arrow"}]}
COMMAND: GET /session/00fbe995d254b544c9b458c3d09ef85d/screenshot - {}
RESULT: {"script":"<script> [1562 bytes]","args":[{"selector":{"id":"application-managepartners-display-component---NewPartner--addressEditDetailsCostObjectCstType-arrow"},"wdio_ui5_key":"applicationmanagepartners-display-component---NewPartner--addressEditDetailsCostObjectCstType-arrow"}]}
RESULT: undefined
COMMAND: POST /session/00fbe995d254b544c9b458c3d09ef85d/element - {"using":"xpath","value":"//*[@id=\"application-managepartners-display-component---NewPartner--addressEditDetailsCostObjectCstType-arrow\"]"}
RESULT: {}
RESULT: {"using":"xpath","value":"//*[@id=\"application-managepartners-display-component---NewPartner--addressEditDetailsCostObjectCstType-arrow\"]"}
COMMAND: POST /session/00fbe995d254b544c9b458c3d09ef85d/element/f.5B10500533936BC34E48C94F23BC04CA.d.47BB794081BE1670AE3649BE9D044688.e.1524/click - {}
RESULT: {}
COMMAND: POST /session/00fbe995d254b544c9b458c3d09ef85d/element - {"using":"xpath","value":"//span[contains(text(), \"Cost Center\")]"}
COMMAND: GET /session/00fbe995d254b544c9b458c3d09ef85d/screenshot - {}
RESULT: {"using":"xpath","value":"//span[contains(text(), \"Cost Center\")]"}
COMMAND: POST /session/00fbe995d254b544c9b458c3d09ef85d/element/f.5B10500533936BC34E48C94F23BC04CA.d.47BB794081BE1670AE3649BE9D044688.e.1525/click - {}
RESULT: {}
RESULT: {}
COMMAND: GET /session/00fbe995d254b544c9b458c3d09ef85d/screenshot - {}
RESULT: {}
COMMAND: POST /session/00fbe995d254b544c9b458c3d09ef85d/element - {"using":"xpath","value":"//span[@id=\"application-managepartners-display-component---NewPartner--addressNewCostObjectCstID-vhi\"]"}
RESULT: {"using":"xpath","value":"//span[@id=\"application-managepartners-display-component---NewPartner--addressNewCostObjectCstID-vhi\"]"}
COMMAND: POST /session/00fbe995d254b544c9b458c3d09ef85d/execute/sync - {"script":"<script> [8489 bytes]","args":[{"element-6066-11e4-a52e-4f735466cecf":"f.5B10500533936BC34E48C94F23BC04CA.d.47BB794081BE1670AE3649BE9D044688.e.1529","ELEMENT":"f.5B10500533936BC34E48C94F23BC04CA.d.47BB794081BE1670AE3649BE9D044688.e.1529"}]}
RESULT: {"script":"<script> [8489 bytes]","args":[{"element-6066-11e4-a52e-4f735466cecf":"f.5B10500533936BC34E48C94F23BC04CA.d.47BB794081BE1670AE3649BE9D044688.e.1529","ELEMENT":"f.5B10500533936BC34E48C94F23BC04CA.d.47BB794081BE1670AE3649BE9D044688.e.1529"}]}
COMMAND: POST /session/00fbe995d254b544c9b458c3d09ef85d/execute/async - {"script":"<script> [1562 bytes]","args":[{"selector":{"id":"application-managepartners-display-component---NewPartner--addressNewCostObjectCstID-vhi"},"wdio_ui5_key":"applicationmanagepartners-display-component---NewPartner--addressNewCostObjectCstID-vhi"}]}
COMMAND: GET /session/00fbe995d254b544c9b458c3d09ef85d/screenshot - {}
RESULT: {"script":"<script> [1562 bytes]","args":[{"selector":{"id":"application-managepartners-display-component---NewPartner--addressNewCostObjectCstID-vhi"},"wdio_ui5_key":"applicationmanagepartners-display-component---NewPartner--addressNewCostObjectCstID-vhi"}]}
RESULT: undefined
COMMAND: POST /session/00fbe995d254b544c9b458c3d09ef85d/element - {"using":"xpath","value":"//*[@id=\"application-managepartners-display-component---NewPartner--addressNewCostObjectCstID-vhi\"]"}
RESULT: {}
RESULT: {"using":"xpath","value":"//*[@id=\"application-managepartners-display-component---NewPartner--addressNewCostObjectCstID-vhi\"]"}
COMMAND: POST /session/00fbe995d254b544c9b458c3d09ef85d/element/f.5B10500533936BC34E48C94F23BC04CA.d.47BB794081BE1670AE3649BE9D044688.e.1529/click - {}
RESULT: {}
COMMAND: GET /session/00fbe995d254b544c9b458c3d09ef85d/screenshot - {}
RESULT: {}
RESULT: undefined
COMMAND: POST /session/00fbe995d254b544c9b458c3d09ef85d/execute/async - {"script":"<script> [776 bytes]","args":[{"enterText":"10001013","selector":{"controlType":"sap.m.SearchField","properties":{"placeholder":"Search"},"searchOpenDialogs":true,"interaction":{"idSuffix":"I"}},"clearTextFirst":true,"interactionType":"ENTER_TEXT"}]}
RESULT: {"script":"<script> [776 bytes]","args":[{"enterText":"10001013","selector":{"controlType":"sap.m.SearchField","properties":{"placeholder":"Search"},"searchOpenDialogs":true,"interaction":{"idSuffix":"I"}},"clearTextFirst":true,"interactionType":"ENTER_TEXT"}]}
COMMAND: POST /session/00fbe995d254b544c9b458c3d09ef85d/actions - {"actions":[{"id":"action2","type":"key","parameters":{},"actions":[{"type":"keyDown","value":"î€‡"},{"type":"pause","duration":10},{"type":"keyUp","value":"î€‡"}]}]}
RESULT: {"actions":[{"id":"action2","type":"key","parameters":{},"actions":[{"type":"keyDown","value":"î€‡"},{"type":"pause","duration":10},{"type":"keyUp","value":"î€‡"}]}]}
COMMAND: GET /session/00fbe995d254b544c9b458c3d09ef85d/screenshot - {}
RESULT: {}
COMMAND: POST /session/00fbe995d254b544c9b458c3d09ef85d/element - {"using":"xpath","value":"//span[contains(text(), \"General Management\")]"}
RESULT: {"using":"xpath","value":"//span[contains(text(), \"General Management\")]"}
COMMAND: POST /session/00fbe995d254b544c9b458c3d09ef85d/element/f.5B10500533936BC34E48C94F23BC04CA.d.47BB794081BE1670AE3649BE9D044688.e.1567/click - {}
RESULT: {}
COMMAND: GET /session/00fbe995d254b544c9b458c3d09ef85d/screenshot - {}
RESULT: {}
COMMAND: POST /session/00fbe995d254b544c9b458c3d09ef85d/element - {"using":"xpath","value":"//bdi[contains(text(), \"OK\")]"}
RESULT: {"using":"xpath","value":"//bdi[contains(text(), \"OK\")]"}
COMMAND: POST /session/00fbe995d254b544c9b458c3d09ef85d/element/f.5B10500533936BC34E48C94F23BC04CA.d.47BB794081BE1670AE3649BE9D044688.e.1568/click - {}
RESULT: {}
COMMAND: GET /session/00fbe995d254b544c9b458c3d09ef85d/screenshot - {}
RESULT: {}
COMMAND: POST /session/00fbe995d254b544c9b458c3d09ef85d/element - {"using":"xpath","value":"//input[@id=\"application-managepartners-display-component---NewPartner--companyCodeComboBox-inner\"]"}
RESULT: {"using":"xpath","value":"//input[@id=\"application-managepartners-display-component---NewPartner--companyCodeComboBox-inner\"]"}
COMMAND: POST /session/00fbe995d254b544c9b458c3d09ef85d/element/f.5B10500533936BC34E48C94F23BC04CA.d.47BB794081BE1670AE3649BE9D044688.e.1369/clear - {}
RESULT: {}
COMMAND: POST /session/00fbe995d254b544c9b458c3d09ef85d/element/f.5B10500533936BC34E48C94F23BC04CA.d.47BB794081BE1670AE3649BE9D044688.e.1369/value - {"text":"C002"}
COMMAND: GET /session/00fbe995d254b544c9b458c3d09ef85d/screenshot - {}
RESULT: {"text":"C002"}
COMMAND: GET /session/00fbe995d254b544c9b458c3d09ef85d/screenshot - {}
RESULT: {}
RESULT: {}
COMMAND: POST /session/00fbe995d254b544c9b458c3d09ef85d/element - {"using":"xpath","value":"//li[.//span[text()= \"C002\"]]"}
RESULT: {"using":"xpath","value":"//li[.//span[text()= \"C002\"]]"}
COMMAND: POST /session/00fbe995d254b544c9b458c3d09ef85d/element/f.5B10500533936BC34E48C94F23BC04CA.d.47BB794081BE1670AE3649BE9D044688.e.1574/click - {}
RESULT: {}
COMMAND: GET /session/00fbe995d254b544c9b458c3d09ef85d/screenshot - {}
RESULT: {}
COMMAND: POST /session/00fbe995d254b544c9b458c3d09ef85d/execute/async - {"script":"<script> [1562 bytes]","args":[{"selector":{"id":"application-managepartners-display-component---NewPartner--btnAddTableRow-img"},"wdio_ui5_key":"applicationmanagepartners-display-component---NewPartner--btnAddTableRow-img"}]}
RESULT: {"script":"<script> [1562 bytes]","args":[{"selector":{"id":"application-managepartners-display-component---NewPartner--btnAddTableRow-img"},"wdio_ui5_key":"applicationmanagepartners-display-component---NewPartner--btnAddTableRow-img"}]}
RESULT: undefined
COMMAND: POST /session/00fbe995d254b544c9b458c3d09ef85d/element - {"using":"xpath","value":"//*[@id=\"application-managepartners-display-component---NewPartner--btnAddTableRow-img\"]"}
RESULT: {"using":"xpath","value":"//*[@id=\"application-managepartners-display-component---NewPartner--btnAddTableRow-img\"]"}
COMMAND: POST /session/00fbe995d254b544c9b458c3d09ef85d/element/f.5B10500533936BC34E48C94F23BC04CA.d.47BB794081BE1670AE3649BE9D044688.e.1575/click - {}
RESULT: {}
COMMAND: GET /session/00fbe995d254b544c9b458c3d09ef85d/screenshot - {}
RESULT: {}
COMMAND: POST /session/00fbe995d254b544c9b458c3d09ef85d/element - {"using":"xpath","value":"//input[@id=\"application-managepartners-display-component---NewPartner--assignmentYard-application-managepartners-display-component---NewPartner--assignmentsTable-0-inner\"]"}
RESULT: {"using":"xpath","value":"//input[@id=\"application-managepartners-display-component---NewPartner--assignmentYard-application-managepartners-display-component---NewPartner--assignmentsTable-0-inner\"]"}
COMMAND: POST /session/00fbe995d254b544c9b458c3d09ef85d/element/f.5B10500533936BC34E48C94F23BC04CA.d.47BB794081BE1670AE3649BE9D044688.e.1578/clear - {}
RESULT: {}
COMMAND: POST /session/00fbe995d254b544c9b458c3d09ef85d/element/f.5B10500533936BC34E48C94F23BC04CA.d.47BB794081BE1670AE3649BE9D044688.e.1578/value - {"text":"273"}
COMMAND: GET /session/00fbe995d254b544c9b458c3d09ef85d/screenshot - {}
RESULT: {"text":"273"}
COMMAND: GET /session/00fbe995d254b544c9b458c3d09ef85d/screenshot - {}
RESULT: {}
RESULT: {}
COMMAND: POST /session/00fbe995d254b544c9b458c3d09ef85d/element - {"using":"xpath","value":"//li[.//span[text()='273']]"}
RESULT: {"using":"xpath","value":"//li[.//span[text()='273']]"}
COMMAND: POST /session/00fbe995d254b544c9b458c3d09ef85d/element/f.5B10500533936BC34E48C94F23BC04CA.d.47BB794081BE1670AE3649BE9D044688.e.1587/click - {}
RESULT: {}
COMMAND: GET /session/00fbe995d254b544c9b458c3d09ef85d/screenshot - {}
RESULT: {}
COMMAND: POST /session/00fbe995d254b544c9b458c3d09ef85d/actions - {"actions":[{"id":"action3","type":"key","parameters":{},"actions":[{"type":"keyDown","value":"î€‡"},{"type":"pause","duration":10},{"type":"keyUp","value":"î€‡"}]}]}
RESULT: {"actions":[{"id":"action3","type":"key","parameters":{},"actions":[{"type":"keyDown","value":"î€‡"},{"type":"pause","duration":10},{"type":"keyUp","value":"î€‡"}]}]}
COMMAND: POST /session/00fbe995d254b544c9b458c3d09ef85d/execute/async - {"script":"<script> [1562 bytes]","args":[{"selector":{"id":"application-managepartners-display-component---NewPartner--externalCustomerComboBox-application-managepartners-display-component---NewPartner--assignmentsTable-0-vhi"},"wdio_ui5_key":"applicationmanagepartners-display-component---NewPartner--externalCustomerComboBox-application-managepartners-display-component---NewPartner--assignmentsTable-0-vhi"}]}
COMMAND: GET /session/00fbe995d254b544c9b458c3d09ef85d/screenshot - {}
RESULT: {"script":"<script> [1562 bytes]","args":[{"selector":{"id":"application-managepartners-display-component---NewPartner--externalCustomerComboBox-application-managepartners-display-component---NewPartner--assignmentsTable-0-vhi"},"wdio_ui5_key":"applicationmanagepartners-display-component---NewPartner--externalCustomerComboBox-application-managepartners-display-component---NewPartner--assignmentsTable-0-vhi"}]}
RESULT: undefined
COMMAND: POST /session/00fbe995d254b544c9b458c3d09ef85d/element - {"using":"xpath","value":"//*[@id=\"application-managepartners-display-component---NewPartner--externalCustomerComboBox-application-managepartners-display-component---NewPartner--assignmentsTable-0-vhi\"]"}
RESULT: {}
RESULT: {"using":"xpath","value":"//*[@id=\"application-managepartners-display-component---NewPartner--externalCustomerComboBox-application-managepartners-display-component---NewPartner--assignmentsTable-0-vhi\"]"}
COMMAND: POST /session/00fbe995d254b544c9b458c3d09ef85d/element/f.5B10500533936BC34E48C94F23BC04CA.d.47BB794081BE1670AE3649BE9D044688.e.1591/click - {}
RESULT: {}
RESULT: undefined
COMMAND: POST /session/00fbe995d254b544c9b458c3d09ef85d/execute/async - {"script":"<script> [776 bytes]","args":[{"enterText":"300003","selector":{"controlType":"sap.m.SearchField","properties":{"placeholder":"Search"},"searchOpenDialogs":true,"interaction":{"idSuffix":"I"}},"clearTextFirst":true,"interactionType":"ENTER_TEXT"}]}
COMMAND: GET /session/00fbe995d254b544c9b458c3d09ef85d/screenshot - {}
RESULT: {"script":"<script> [776 bytes]","args":[{"enterText":"300003","selector":{"controlType":"sap.m.SearchField","properties":{"placeholder":"Search"},"searchOpenDialogs":true,"interaction":{"idSuffix":"I"}},"clearTextFirst":true,"interactionType":"ENTER_TEXT"}]}
COMMAND: POST /session/00fbe995d254b544c9b458c3d09ef85d/actions - {"actions":[{"id":"action4","type":"key","parameters":{},"actions":[{"type":"keyDown","value":"î€‡"},{"type":"pause","duration":10},{"type":"keyUp","value":"î€‡"}]}]}
RESULT: {}
RESULT: {"actions":[{"id":"action4","type":"key","parameters":{},"actions":[{"type":"keyDown","value":"î€‡"},{"type":"pause","duration":10},{"type":"keyUp","value":"î€‡"}]}]}
COMMAND: GET /session/00fbe995d254b544c9b458c3d09ef85d/screenshot - {}
RESULT: {}
COMMAND: POST /session/00fbe995d254b544c9b458c3d09ef85d/element - {"using":"xpath","value":"//span[contains(text(), \"300003\")]"}
RESULT: {"using":"xpath","value":"//span[contains(text(), \"300003\")]"}
COMMAND: POST /session/00fbe995d254b544c9b458c3d09ef85d/element/f.5B10500533936BC34E48C94F23BC04CA.d.47BB794081BE1670AE3649BE9D044688.e.1608/click - {}
RESULT: {}
COMMAND: GET /session/00fbe995d254b544c9b458c3d09ef85d/screenshot - {}
RESULT: {}
COMMAND: POST /session/00fbe995d254b544c9b458c3d09ef85d/element - {"using":"xpath","value":"//bdi[contains(text(), \"OK\")]"}
RESULT: {"using":"xpath","value":"//bdi[contains(text(), \"OK\")]"}
COMMAND: POST /session/00fbe995d254b544c9b458c3d09ef85d/element/f.5B10500533936BC34E48C94F23BC04CA.d.47BB794081BE1670AE3649BE9D044688.e.1610/click - {}
RESULT: {}
COMMAND: GET /session/00fbe995d254b544c9b458c3d09ef85d/screenshot - {}
RESULT: {}
COMMAND: POST /session/00fbe995d254b544c9b458c3d09ef85d/execute/async - {"script":"<script> [1562 bytes]","args":[{"selector":{"id":"application-managepartners-display-component---NewPartner--intercompVendorComboBox-application-managepartners-display-component---NewPartner--assignmentsTable-0-vhi"},"wdio_ui5_key":"applicationmanagepartners-display-component---NewPartner--intercompVendorComboBox-application-managepartners-display-component---NewPartner--assignmentsTable-0-vhi"}]}
RESULT: {"script":"<script> [1562 bytes]","args":[{"selector":{"id":"application-managepartners-display-component---NewPartner--intercompVendorComboBox-application-managepartners-display-component---NewPartner--assignmentsTable-0-vhi"},"wdio_ui5_key":"applicationmanagepartners-display-component---NewPartner--intercompVendorComboBox-application-managepartners-display-component---NewPartner--assignmentsTable-0-vhi"}]}
RESULT: undefined
COMMAND: POST /session/00fbe995d254b544c9b458c3d09ef85d/element - {"using":"xpath","value":"//*[@id=\"application-managepartners-display-component---NewPartner--intercompVendorComboBox-application-managepartners-display-component---NewPartner--assignmentsTable-0-vhi\"]"}
RESULT: {"using":"xpath","value":"//*[@id=\"application-managepartners-display-component---NewPartner--intercompVendorComboBox-application-managepartners-display-component---NewPartner--assignmentsTable-0-vhi\"]"}
COMMAND: POST /session/00fbe995d254b544c9b458c3d09ef85d/element/f.5B10500533936BC34E48C94F23BC04CA.d.47BB794081BE1670AE3649BE9D044688.e.1614/click - {}
RESULT: {}
RESULT: undefined
COMMAND: POST /session/00fbe995d254b544c9b458c3d09ef85d/execute/async - {"script":"<script> [776 bytes]","args":[{"enterText":"100005","selector":{"controlType":"sap.m.SearchField","properties":{"placeholder":"Search"},"searchOpenDialogs":true,"interaction":{"idSuffix":"I"}},"clearTextFirst":true,"interactionType":"ENTER_TEXT"}]}
COMMAND: GET /session/00fbe995d254b544c9b458c3d09ef85d/screenshot - {}
RESULT: {"script":"<script> [776 bytes]","args":[{"enterText":"100005","selector":{"controlType":"sap.m.SearchField","properties":{"placeholder":"Search"},"searchOpenDialogs":true,"interaction":{"idSuffix":"I"}},"clearTextFirst":true,"interactionType":"ENTER_TEXT"}]}
COMMAND: POST /session/00fbe995d254b544c9b458c3d09ef85d/actions - {"actions":[{"id":"action5","type":"key","parameters":{},"actions":[{"type":"keyDown","value":"î€‡"},{"type":"pause","duration":10},{"type":"keyUp","value":"î€‡"}]}]}
RESULT: {}
RESULT: {"actions":[{"id":"action5","type":"key","parameters":{},"actions":[{"type":"keyDown","value":"î€‡"},{"type":"pause","duration":10},{"type":"keyUp","value":"î€‡"}]}]}
COMMAND: GET /session/00fbe995d254b544c9b458c3d09ef85d/screenshot - {}
RESULT: {}
COMMAND: POST /session/00fbe995d254b544c9b458c3d09ef85d/element - {"using":"xpath","value":"//span[contains(text(), \"Penguins - Field/12345 Berlin\")]"}
RESULT: {"using":"xpath","value":"//span[contains(text(), \"Penguins - Field/12345 Berlin\")]"}
COMMAND: POST /session/00fbe995d254b544c9b458c3d09ef85d/element/f.5B10500533936BC34E48C94F23BC04CA.d.47BB794081BE1670AE3649BE9D044688.e.1632/click - {}
RESULT: {}
COMMAND: GET /session/00fbe995d254b544c9b458c3d09ef85d/screenshot - {}
RESULT: {}
COMMAND: POST /session/00fbe995d254b544c9b458c3d09ef85d/element - {"using":"xpath","value":"//bdi[contains(text(), \"OK\")]"}
RESULT: {"using":"xpath","value":"//bdi[contains(text(), \"OK\")]"}
COMMAND: POST /session/00fbe995d254b544c9b458c3d09ef85d/element/f.5B10500533936BC34E48C94F23BC04CA.d.47BB794081BE1670AE3649BE9D044688.e.1633/click - {}
RESULT: {}
COMMAND: GET /session/00fbe995d254b544c9b458c3d09ef85d/screenshot - {}
RESULT: {}
COMMAND: POST /session/00fbe995d254b544c9b458c3d09ef85d/element - {"using":"xpath","value":"//button[@data-kt=\"saveButton\"]"}
RESULT: {"using":"xpath","value":"//button[@data-kt=\"saveButton\"]"}
COMMAND: POST /session/00fbe995d254b544c9b458c3d09ef85d/element/f.5B10500533936BC34E48C94F23BC04CA.d.47BB794081BE1670AE3649BE9D044688.e.1400/click - {}
RESULT: {}
COMMAND: GET /session/00fbe995d254b544c9b458c3d09ef85d/screenshot - {}
RESULT: {}
COMMAND: POST /session/00fbe995d254b544c9b458c3d09ef85d/element - {"using":"xpath","value":"//header[contains(@id, 'ObjectPageLayout-headerTitle')]/div[1]/div[2]/div[2]/span[1]"}
RESULT: {"using":"xpath","value":"//header[contains(@id, 'ObjectPageLayout-headerTitle')]/div[1]/div[2]/div[2]/span[1]"}
COMMAND: POST /session/00fbe995d254b544c9b458c3d09ef85d/elements - {"using":"xpath","value":"//header[contains(@id, 'ObjectPageLayout-headerTitle')]/div[1]/div[2]/div[2]/span[1]"}
RESULT: {"using":"xpath","value":"//header[contains(@id, 'ObjectPageLayout-headerTitle')]/div[1]/div[2]/div[2]/span[1]"}
COMMAND: POST /session/00fbe995d254b544c9b458c3d09ef85d/execute/sync - {"script":"<script> [56 bytes]","args":[{"element-6066-11e4-a52e-4f735466cecf":"f.5B10500533936BC34E48C94F23BC04CA.d.47BB794081BE1670AE3649BE9D044688.e.1792","ELEMENT":"f.5B10500533936BC34E48C94F23BC04CA.d.47BB794081BE1670AE3649BE9D044688.e.1792"}]}
RESULT: {"script":"<script> [56 bytes]","args":[{"element-6066-11e4-a52e-4f735466cecf":"f.5B10500533936BC34E48C94F23BC04CA.d.47BB794081BE1670AE3649BE9D044688.e.1792","ELEMENT":"f.5B10500533936BC34E48C94F23BC04CA.d.47BB794081BE1670AE3649BE9D044688.e.1792"}]}
COMMAND: POST /session/00fbe995d254b544c9b458c3d09ef85d/element - {"using":"css selector","value":"#shell-header-logo"}
COMMAND: GET /session/00fbe995d254b544c9b458c3d09ef85d/screenshot - {}
RESULT: {"using":"css selector","value":"#shell-header-logo"}
COMMAND: POST /session/00fbe995d254b544c9b458c3d09ef85d/element/f.5B10500533936BC34E48C94F23BC04CA.d.47BB794081BE1670AE3649BE9D044688.e.1027/click - {}
RESULT: {}
RESULT: {}
COMMAND: GET /session/00fbe995d254b544c9b458c3d09ef85d/screenshot - {}
RESULT: {}
COMMAND: POST /session/00fbe995d254b544c9b458c3d09ef85d/execute/sync - {"script":"<script> [299 bytes]","args":[["getModel","getResource"]]}
RESULT: {"script":"<script> [299 bytes]","args":[["getModel","getResource"]]}
]]></system-out>
    </testcase>
    <testcase classname="chrome.136_0_7103_49.windows.Billing_Transfer_-_Master_data_&amp;_Intercompany_US127250" name="Should create a new site" time="88.081">
      <system-out><![CDATA[
COMMAND: GET /session/00fbe995d254b544c9b458c3d09ef85d/screenshot - {}
COMMAND: POST /session/00fbe995d254b544c9b458c3d09ef85d/execute/async - {"script":"<script> [1562 bytes]","args":[{"selector":{"controlType":"sap.m.TileContent","bindingPath":{"path":"","propertyPath":"/properties/info"},"ancestor":{"controlType":"sap.m.GenericTile","properties":{"header":"Manage Sites"}}},"wdio_ui5_key":"sapm.TileContent{\"path\":\"\",\"propertyPath\":\"/properties/info\"}{\"controlType\":\"sap.m.GenericTile\",\"properties\":{\"header\":\"Manage Sites\"}}"}]}
RESULT: {}
RESULT: {"script":"<script> [1562 bytes]","args":[{"selector":{"controlType":"sap.m.TileContent","bindingPath":{"path":"","propertyPath":"/properties/info"},"ancestor":{"controlType":"sap.m.GenericTile","properties":{"header":"Manage Sites"}}},"wdio_ui5_key":"sapm.TileContent{\"path\":\"\",\"propertyPath\":\"/properties/info\"}{\"controlType\":\"sap.m.GenericTile\",\"properties\":{\"header\":\"Manage Sites\"}}"}]}
RESULT: undefined
COMMAND: POST /session/00fbe995d254b544c9b458c3d09ef85d/element - {"using":"xpath","value":"//*[@id=\"__xmlview7--numericTileContent\"]"}
RESULT: {"using":"xpath","value":"//*[@id=\"__xmlview7--numericTileContent\"]"}
COMMAND: POST /session/00fbe995d254b544c9b458c3d09ef85d/element/f.5B10500533936BC34E48C94F23BC04CA.d.47BB794081BE1670AE3649BE9D044688.e.1794/click - {}
RESULT: {}
COMMAND: POST /session/00fbe995d254b544c9b458c3d09ef85d/element - {"using":"xpath","value":"//button[@data-kt=\"addOverflowToolbarButton\"]"}
COMMAND: GET /session/00fbe995d254b544c9b458c3d09ef85d/screenshot - {}
RESULT: {"using":"xpath","value":"//button[@data-kt=\"addOverflowToolbarButton\"]"}
COMMAND: POST /session/00fbe995d254b544c9b458c3d09ef85d/elements - {"using":"xpath","value":"//button[@data-kt=\"addOverflowToolbarButton\"]"}
RESULT: {}
RESULT: {"using":"xpath","value":"//button[@data-kt=\"addOverflowToolbarButton\"]"}
COMMAND: POST /session/00fbe995d254b544c9b458c3d09ef85d/elements - {"using":"xpath","value":"//button[@data-kt=\"addOverflowToolbarButton\"]"}
RESULT: {"using":"xpath","value":"//button[@data-kt=\"addOverflowToolbarButton\"]"}
COMMAND: POST /session/00fbe995d254b544c9b458c3d09ef85d/elements - {"using":"xpath","value":"//button[@data-kt=\"addOverflowToolbarButton\"]"}
RESULT: {"using":"xpath","value":"//button[@data-kt=\"addOverflowToolbarButton\"]"}
COMMAND: POST /session/00fbe995d254b544c9b458c3d09ef85d/elements - {"using":"xpath","value":"//button[@data-kt=\"addOverflowToolbarButton\"]"}
RESULT: {"using":"xpath","value":"//button[@data-kt=\"addOverflowToolbarButton\"]"}
COMMAND: POST /session/00fbe995d254b544c9b458c3d09ef85d/element - {"using":"xpath","value":"//button[@data-kt=\"addOverflowToolbarButton\"]"}
RESULT: {"using":"xpath","value":"//button[@data-kt=\"addOverflowToolbarButton\"]"}
COMMAND: POST /session/00fbe995d254b544c9b458c3d09ef85d/execute/sync - {"script":"<script> [8489 bytes]","args":[{"element-6066-11e4-a52e-4f735466cecf":"f.5B10500533936BC34E48C94F23BC04CA.d.47BB794081BE1670AE3649BE9D044688.e.1840","ELEMENT":"f.5B10500533936BC34E48C94F23BC04CA.d.47BB794081BE1670AE3649BE9D044688.e.1840"}]}
RESULT: {"script":"<script> [8489 bytes]","args":[{"element-6066-11e4-a52e-4f735466cecf":"f.5B10500533936BC34E48C94F23BC04CA.d.47BB794081BE1670AE3649BE9D044688.e.1840","ELEMENT":"f.5B10500533936BC34E48C94F23BC04CA.d.47BB794081BE1670AE3649BE9D044688.e.1840"}]}
COMMAND: GET /session/00fbe995d254b544c9b458c3d09ef85d/element/f.5B10500533936BC34E48C94F23BC04CA.d.47BB794081BE1670AE3649BE9D044688.e.1840/enabled - {}
COMMAND: GET /session/00fbe995d254b544c9b458c3d09ef85d/screenshot - {}
RESULT: {}
COMMAND: POST /session/00fbe995d254b544c9b458c3d09ef85d/execute/sync - {"script":"<script> [8489 bytes]","args":[{"element-6066-11e4-a52e-4f735466cecf":"f.5B10500533936BC34E48C94F23BC04CA.d.47BB794081BE1670AE3649BE9D044688.e.1840","ELEMENT":"f.5B10500533936BC34E48C94F23BC04CA.d.47BB794081BE1670AE3649BE9D044688.e.1840"}]}
COMMAND: GET /session/00fbe995d254b544c9b458c3d09ef85d/screenshot - {}
RESULT: {}
RESULT: {"script":"<script> [8489 bytes]","args":[{"element-6066-11e4-a52e-4f735466cecf":"f.5B10500533936BC34E48C94F23BC04CA.d.47BB794081BE1670AE3649BE9D044688.e.1840","ELEMENT":"f.5B10500533936BC34E48C94F23BC04CA.d.47BB794081BE1670AE3649BE9D044688.e.1840"}]}
COMMAND: POST /session/00fbe995d254b544c9b458c3d09ef85d/execute/sync - {"script":"<script> [5351 bytes]","args":[{"element-6066-11e4-a52e-4f735466cecf":"f.5B10500533936BC34E48C94F23BC04CA.d.47BB794081BE1670AE3649BE9D044688.e.1840","ELEMENT":"f.5B10500533936BC34E48C94F23BC04CA.d.47BB794081BE1670AE3649BE9D044688.e.1840"}]}
COMMAND: GET /session/00fbe995d254b544c9b458c3d09ef85d/screenshot - {}
RESULT: {}
RESULT: {"script":"<script> [5351 bytes]","args":[{"element-6066-11e4-a52e-4f735466cecf":"f.5B10500533936BC34E48C94F23BC04CA.d.47BB794081BE1670AE3649BE9D044688.e.1840","ELEMENT":"f.5B10500533936BC34E48C94F23BC04CA.d.47BB794081BE1670AE3649BE9D044688.e.1840"}]}
COMMAND: POST /session/00fbe995d254b544c9b458c3d09ef85d/element/f.5B10500533936BC34E48C94F23BC04CA.d.47BB794081BE1670AE3649BE9D044688.e.1840/click - {}
COMMAND: GET /session/00fbe995d254b544c9b458c3d09ef85d/screenshot - {}
RESULT: {}
RESULT: {}
COMMAND: GET /session/00fbe995d254b544c9b458c3d09ef85d/screenshot - {}
RESULT: {}
RESULT: {}
COMMAND: POST /session/00fbe995d254b544c9b458c3d09ef85d/element - {"using":"xpath","value":"//input[@id=\"application-managesites-display-component---NewSite--siteId-inner\"]"}
RESULT: {"using":"xpath","value":"//input[@id=\"application-managesites-display-component---NewSite--siteId-inner\"]"}
COMMAND: POST /session/00fbe995d254b544c9b458c3d09ef85d/element - {"using":"xpath","value":"//input[@id=\"application-managesites-display-component---NewSite--siteId-inner\"]"}
RESULT: {"using":"xpath","value":"//input[@id=\"application-managesites-display-component---NewSite--siteId-inner\"]"}
COMMAND: POST /session/00fbe995d254b544c9b458c3d09ef85d/execute/async - {"script":"<script> [1562 bytes]","args":[{"selector":{"id":"application-managesites-display-component---NewSite--addressDetailDetailsName1","interaction":{"idSuffix":"inner"}},"wdio_ui5_key":"applicationmanagesites-display-component---NewSite--addressDetailDetailsName1"}]}
RESULT: {"script":"<script> [1562 bytes]","args":[{"selector":{"id":"application-managesites-display-component---NewSite--addressDetailDetailsName1","interaction":{"idSuffix":"inner"}},"wdio_ui5_key":"applicationmanagesites-display-component---NewSite--addressDetailDetailsName1"}]}
RESULT: undefined
COMMAND: POST /session/00fbe995d254b544c9b458c3d09ef85d/execute/async - {"script":"<script> [776 bytes]","args":[{"enterText":"Intercompany Site wdIO","selector":{"id":"application-managesites-display-component---NewSite--addressDetailDetailsName1","interaction":{"idSuffix":"inner"}},"clearTextFirst":true,"interactionType":"ENTER_TEXT"}]}
RESULT: {"script":"<script> [776 bytes]","args":[{"enterText":"Intercompany Site wdIO","selector":{"id":"application-managesites-display-component---NewSite--addressDetailDetailsName1","interaction":{"idSuffix":"inner"}},"clearTextFirst":true,"interactionType":"ENTER_TEXT"}]}
COMMAND: POST /session/00fbe995d254b544c9b458c3d09ef85d/execute/async - {"script":"<script> [1562 bytes]","args":[{"selector":{"id":"application-managesites-display-component---NewSite--addressDetailDetailsLanguage-arrow"},"wdio_ui5_key":"applicationmanagesites-display-component---NewSite--addressDetailDetailsLanguage-arrow"}]}
RESULT: {"script":"<script> [1562 bytes]","args":[{"selector":{"id":"application-managesites-display-component---NewSite--addressDetailDetailsLanguage-arrow"},"wdio_ui5_key":"applicationmanagesites-display-component---NewSite--addressDetailDetailsLanguage-arrow"}]}
RESULT: undefined
COMMAND: POST /session/00fbe995d254b544c9b458c3d09ef85d/element - {"using":"xpath","value":"//*[@id=\"application-managesites-display-component---NewSite--addressDetailDetailsLanguage-arrow\"]"}
RESULT: {"using":"xpath","value":"//*[@id=\"application-managesites-display-component---NewSite--addressDetailDetailsLanguage-arrow\"]"}
COMMAND: POST /session/00fbe995d254b544c9b458c3d09ef85d/element/f.5B10500533936BC34E48C94F23BC04CA.d.47BB794081BE1670AE3649BE9D044688.e.2212/click - {}
RESULT: {}
COMMAND: POST /session/00fbe995d254b544c9b458c3d09ef85d/element - {"using":"xpath","value":"//span[contains(text(), \"English\")]"}
COMMAND: GET /session/00fbe995d254b544c9b458c3d09ef85d/screenshot - {}
RESULT: {"using":"xpath","value":"//span[contains(text(), \"English\")]"}
COMMAND: POST /session/00fbe995d254b544c9b458c3d09ef85d/element/f.5B10500533936BC34E48C94F23BC04CA.d.47BB794081BE1670AE3649BE9D044688.e.2213/click - {}
RESULT: {}
RESULT: {}
COMMAND: POST /session/00fbe995d254b544c9b458c3d09ef85d/execute/async - {"script":"<script> [1562 bytes]","args":[{"selector":{"id":"application-managesites-display-component---NewSite--addressDetailDetailsCity1","interaction":{"idSuffix":"inner"}},"wdio_ui5_key":"applicationmanagesites-display-component---NewSite--addressDetailDetailsCity1"}]}
COMMAND: GET /session/00fbe995d254b544c9b458c3d09ef85d/screenshot - {}
RESULT: {"script":"<script> [1562 bytes]","args":[{"selector":{"id":"application-managesites-display-component---NewSite--addressDetailDetailsCity1","interaction":{"idSuffix":"inner"}},"wdio_ui5_key":"applicationmanagesites-display-component---NewSite--addressDetailDetailsCity1"}]}
RESULT: undefined
COMMAND: POST /session/00fbe995d254b544c9b458c3d09ef85d/execute/async - {"script":"<script> [776 bytes]","args":[{"enterText":"Rosario","selector":{"id":"application-managesites-display-component---NewSite--addressDetailDetailsCity1","interaction":{"idSuffix":"inner"}},"clearTextFirst":true,"interactionType":"ENTER_TEXT"}]}
RESULT: {}
RESULT: {"script":"<script> [776 bytes]","args":[{"enterText":"Rosario","selector":{"id":"application-managesites-display-component---NewSite--addressDetailDetailsCity1","interaction":{"idSuffix":"inner"}},"clearTextFirst":true,"interactionType":"ENTER_TEXT"}]}
COMMAND: POST /session/00fbe995d254b544c9b458c3d09ef85d/execute/async - {"script":"<script> [1562 bytes]","args":[{"selector":{"id":"application-managesites-display-component---NewSite--addressDetailDetailsCountry-arrow"},"wdio_ui5_key":"applicationmanagesites-display-component---NewSite--addressDetailDetailsCountry-arrow"}]}
RESULT: {"script":"<script> [1562 bytes]","args":[{"selector":{"id":"application-managesites-display-component---NewSite--addressDetailDetailsCountry-arrow"},"wdio_ui5_key":"applicationmanagesites-display-component---NewSite--addressDetailDetailsCountry-arrow"}]}
RESULT: undefined
COMMAND: POST /session/00fbe995d254b544c9b458c3d09ef85d/element - {"using":"xpath","value":"//*[@id=\"application-managesites-display-component---NewSite--addressDetailDetailsCountry-arrow\"]"}
RESULT: {"using":"xpath","value":"//*[@id=\"application-managesites-display-component---NewSite--addressDetailDetailsCountry-arrow\"]"}
COMMAND: POST /session/00fbe995d254b544c9b458c3d09ef85d/element/f.5B10500533936BC34E48C94F23BC04CA.d.47BB794081BE1670AE3649BE9D044688.e.2215/click - {}
RESULT: {}
COMMAND: POST /session/00fbe995d254b544c9b458c3d09ef85d/element - {"using":"xpath","value":"//span[contains(text(), \"Argentina\")]"}
COMMAND: GET /session/00fbe995d254b544c9b458c3d09ef85d/screenshot - {}
RESULT: {"using":"xpath","value":"//span[contains(text(), \"Argentina\")]"}
COMMAND: POST /session/00fbe995d254b544c9b458c3d09ef85d/element/f.5B10500533936BC34E48C94F23BC04CA.d.47BB794081BE1670AE3649BE9D044688.e.2216/click - {}
RESULT: {}
RESULT: {}
COMMAND: GET /session/00fbe995d254b544c9b458c3d09ef85d/screenshot - {}
RESULT: {}
COMMAND: POST /session/00fbe995d254b544c9b458c3d09ef85d/execute/async - {"script":"<script> [1562 bytes]","args":[{"selector":{"id":"application-managesites-display-component---NewSite--addressEditDetailsCostObjectCstType-arrow"},"wdio_ui5_key":"applicationmanagesites-display-component---NewSite--addressEditDetailsCostObjectCstType-arrow"}]}
RESULT: {"script":"<script> [1562 bytes]","args":[{"selector":{"id":"application-managesites-display-component---NewSite--addressEditDetailsCostObjectCstType-arrow"},"wdio_ui5_key":"applicationmanagesites-display-component---NewSite--addressEditDetailsCostObjectCstType-arrow"}]}
RESULT: undefined
COMMAND: POST /session/00fbe995d254b544c9b458c3d09ef85d/element - {"using":"xpath","value":"//*[@id=\"application-managesites-display-component---NewSite--addressEditDetailsCostObjectCstType-arrow\"]"}
RESULT: {"using":"xpath","value":"//*[@id=\"application-managesites-display-component---NewSite--addressEditDetailsCostObjectCstType-arrow\"]"}
COMMAND: POST /session/00fbe995d254b544c9b458c3d09ef85d/element/f.5B10500533936BC34E48C94F23BC04CA.d.47BB794081BE1670AE3649BE9D044688.e.2218/click - {}
RESULT: {}
COMMAND: POST /session/00fbe995d254b544c9b458c3d09ef85d/element - {"using":"xpath","value":"//span[contains(text(), \"Cost Center\")]"}
COMMAND: GET /session/00fbe995d254b544c9b458c3d09ef85d/screenshot - {}
RESULT: {"using":"xpath","value":"//span[contains(text(), \"Cost Center\")]"}
COMMAND: POST /session/00fbe995d254b544c9b458c3d09ef85d/element/f.5B10500533936BC34E48C94F23BC04CA.d.47BB794081BE1670AE3649BE9D044688.e.2219/click - {}
RESULT: {}
RESULT: {}
COMMAND: GET /session/00fbe995d254b544c9b458c3d09ef85d/screenshot - {}
RESULT: {}
COMMAND: POST /session/00fbe995d254b544c9b458c3d09ef85d/element - {"using":"xpath","value":"//span[@id=\"application-managesites-display-component---NewSite--addressNewCostObjectCstID-vhi\"]"}
RESULT: {"using":"xpath","value":"//span[@id=\"application-managesites-display-component---NewSite--addressNewCostObjectCstID-vhi\"]"}
COMMAND: POST /session/00fbe995d254b544c9b458c3d09ef85d/execute/sync - {"script":"<script> [8489 bytes]","args":[{"element-6066-11e4-a52e-4f735466cecf":"f.5B10500533936BC34E48C94F23BC04CA.d.47BB794081BE1670AE3649BE9D044688.e.2224","ELEMENT":"f.5B10500533936BC34E48C94F23BC04CA.d.47BB794081BE1670AE3649BE9D044688.e.2224"}]}
RESULT: {"script":"<script> [8489 bytes]","args":[{"element-6066-11e4-a52e-4f735466cecf":"f.5B10500533936BC34E48C94F23BC04CA.d.47BB794081BE1670AE3649BE9D044688.e.2224","ELEMENT":"f.5B10500533936BC34E48C94F23BC04CA.d.47BB794081BE1670AE3649BE9D044688.e.2224"}]}
COMMAND: POST /session/00fbe995d254b544c9b458c3d09ef85d/execute/async - {"script":"<script> [1562 bytes]","args":[{"selector":{"id":"application-managesites-display-component---NewSite--addressNewCostObjectCstID-vhi"},"wdio_ui5_key":"applicationmanagesites-display-component---NewSite--addressNewCostObjectCstID-vhi"}]}
COMMAND: GET /session/00fbe995d254b544c9b458c3d09ef85d/screenshot - {}
RESULT: {"script":"<script> [1562 bytes]","args":[{"selector":{"id":"application-managesites-display-component---NewSite--addressNewCostObjectCstID-vhi"},"wdio_ui5_key":"applicationmanagesites-display-component---NewSite--addressNewCostObjectCstID-vhi"}]}
RESULT: undefined
COMMAND: POST /session/00fbe995d254b544c9b458c3d09ef85d/element - {"using":"xpath","value":"//*[@id=\"application-managesites-display-component---NewSite--addressNewCostObjectCstID-vhi\"]"}
RESULT: {}
RESULT: {"using":"xpath","value":"//*[@id=\"application-managesites-display-component---NewSite--addressNewCostObjectCstID-vhi\"]"}
COMMAND: POST /session/00fbe995d254b544c9b458c3d09ef85d/element/f.5B10500533936BC34E48C94F23BC04CA.d.47BB794081BE1670AE3649BE9D044688.e.2224/click - {}
RESULT: {}
COMMAND: GET /session/00fbe995d254b544c9b458c3d09ef85d/screenshot - {}
RESULT: {}
RESULT: undefined
COMMAND: POST /session/00fbe995d254b544c9b458c3d09ef85d/execute/async - {"script":"<script> [776 bytes]","args":[{"enterText":"10001013","selector":{"controlType":"sap.m.SearchField","properties":{"placeholder":"Search"},"searchOpenDialogs":true,"interaction":{"idSuffix":"I"}},"clearTextFirst":true,"interactionType":"ENTER_TEXT"}]}
RESULT: {"script":"<script> [776 bytes]","args":[{"enterText":"10001013","selector":{"controlType":"sap.m.SearchField","properties":{"placeholder":"Search"},"searchOpenDialogs":true,"interaction":{"idSuffix":"I"}},"clearTextFirst":true,"interactionType":"ENTER_TEXT"}]}
COMMAND: POST /session/00fbe995d254b544c9b458c3d09ef85d/actions - {"actions":[{"id":"action6","type":"key","parameters":{},"actions":[{"type":"keyDown","value":"î€‡"},{"type":"pause","duration":10},{"type":"keyUp","value":"î€‡"}]}]}
RESULT: {"actions":[{"id":"action6","type":"key","parameters":{},"actions":[{"type":"keyDown","value":"î€‡"},{"type":"pause","duration":10},{"type":"keyUp","value":"î€‡"}]}]}
COMMAND: GET /session/00fbe995d254b544c9b458c3d09ef85d/screenshot - {}
RESULT: {}
COMMAND: POST /session/00fbe995d254b544c9b458c3d09ef85d/element - {"using":"xpath","value":"//span[contains(text(), \"General Management\")]"}
RESULT: {"using":"xpath","value":"//span[contains(text(), \"General Management\")]"}
COMMAND: POST /session/00fbe995d254b544c9b458c3d09ef85d/element/f.5B10500533936BC34E48C94F23BC04CA.d.47BB794081BE1670AE3649BE9D044688.e.2264/click - {}
RESULT: {}
COMMAND: GET /session/00fbe995d254b544c9b458c3d09ef85d/screenshot - {}
RESULT: {}
COMMAND: POST /session/00fbe995d254b544c9b458c3d09ef85d/element - {"using":"xpath","value":"//bdi[contains(text(), \"OK\")]"}
RESULT: {"using":"xpath","value":"//bdi[contains(text(), \"OK\")]"}
COMMAND: POST /session/00fbe995d254b544c9b458c3d09ef85d/element/f.5B10500533936BC34E48C94F23BC04CA.d.47BB794081BE1670AE3649BE9D044688.e.2265/click - {}
RESULT: {}
COMMAND: GET /session/00fbe995d254b544c9b458c3d09ef85d/screenshot - {}
RESULT: {}
COMMAND: POST /session/00fbe995d254b544c9b458c3d09ef85d/element - {"using":"xpath","value":"//input[@id=\"application-managesites-display-component---NewSite--addressDetailDetailsCalendar-inner\"]"}
RESULT: {"using":"xpath","value":"//input[@id=\"application-managesites-display-component---NewSite--addressDetailDetailsCalendar-inner\"]"}
COMMAND: POST /session/00fbe995d254b544c9b458c3d09ef85d/element/f.5B10500533936BC34E48C94F23BC04CA.d.47BB794081BE1670AE3649BE9D044688.e.2031/clear - {}
RESULT: {}
COMMAND: POST /session/00fbe995d254b544c9b458c3d09ef85d/element/f.5B10500533936BC34E48C94F23BC04CA.d.47BB794081BE1670AE3649BE9D044688.e.2031/value - {"text":"Unit"}
COMMAND: GET /session/00fbe995d254b544c9b458c3d09ef85d/screenshot - {}
RESULT: {"text":"Unit"}
COMMAND: GET /session/00fbe995d254b544c9b458c3d09ef85d/screenshot - {}
RESULT: {}
RESULT: {}
COMMAND: POST /session/00fbe995d254b544c9b458c3d09ef85d/actions - {"actions":[{"id":"action7","type":"key","parameters":{},"actions":[{"type":"keyDown","value":"î€‡"},{"type":"pause","duration":10},{"type":"keyUp","value":"î€‡"}]}]}
RESULT: {"actions":[{"id":"action7","type":"key","parameters":{},"actions":[{"type":"keyDown","value":"î€‡"},{"type":"pause","duration":10},{"type":"keyUp","value":"î€‡"}]}]}
COMMAND: POST /session/00fbe995d254b544c9b458c3d09ef85d/element - {"using":"xpath","value":"//input[@id=\"application-managesites-display-component---NewSite--addressDetailDetailsYard-inner\"]"}
COMMAND: GET /session/00fbe995d254b544c9b458c3d09ef85d/screenshot - {}
RESULT: {"using":"xpath","value":"//input[@id=\"application-managesites-display-component---NewSite--addressDetailDetailsYard-inner\"]"}
COMMAND: POST /session/00fbe995d254b544c9b458c3d09ef85d/element/f.5B10500533936BC34E48C94F23BC04CA.d.47BB794081BE1670AE3649BE9D044688.e.2032/clear - {}
RESULT: {}
RESULT: {}
COMMAND: POST /session/00fbe995d254b544c9b458c3d09ef85d/element/f.5B10500533936BC34E48C94F23BC04CA.d.47BB794081BE1670AE3649BE9D044688.e.2032/value - {"text":"273"}
COMMAND: GET /session/00fbe995d254b544c9b458c3d09ef85d/screenshot - {}
RESULT: {"text":"273"}
COMMAND: GET /session/00fbe995d254b544c9b458c3d09ef85d/screenshot - {}
RESULT: {}
RESULT: {}
COMMAND: POST /session/00fbe995d254b544c9b458c3d09ef85d/element - {"using":"xpath","value":"//li[.//span[text()='273']]"}
RESULT: {"using":"xpath","value":"//li[.//span[text()='273']]"}
COMMAND: POST /session/00fbe995d254b544c9b458c3d09ef85d/element/f.5B10500533936BC34E48C94F23BC04CA.d.47BB794081BE1670AE3649BE9D044688.e.2273/click - {}
RESULT: {}
COMMAND: GET /session/00fbe995d254b544c9b458c3d09ef85d/screenshot - {}
RESULT: {}
COMMAND: POST /session/00fbe995d254b544c9b458c3d09ef85d/element - {"using":"xpath","value":"//input[@id=\"application-managesites-display-component---NewSite--addressDetailDetailsPartner-inner\"]"}
RESULT: {"using":"xpath","value":"//input[@id=\"application-managesites-display-component---NewSite--addressDetailDetailsPartner-inner\"]"}
COMMAND: POST /session/00fbe995d254b544c9b458c3d09ef85d/element - {"using":"xpath","value":"//input[@id=\"application-managesites-display-component---NewSite--addressDetailDetailsPartner-inner\"]"}
RESULT: {"using":"xpath","value":"//input[@id=\"application-managesites-display-component---NewSite--addressDetailDetailsPartner-inner\"]"}
COMMAND: POST /session/00fbe995d254b544c9b458c3d09ef85d/element - {"using":"xpath","value":"//button[@data-kt=\"saveButton\"]"}
RESULT: {"using":"xpath","value":"//button[@data-kt=\"saveButton\"]"}
COMMAND: POST /session/00fbe995d254b544c9b458c3d09ef85d/element/f.5B10500533936BC34E48C94F23BC04CA.d.47BB794081BE1670AE3649BE9D044688.e.2151/click - {}
RESULT: {}
COMMAND: GET /session/00fbe995d254b544c9b458c3d09ef85d/screenshot - {}
RESULT: {}
COMMAND: POST /session/00fbe995d254b544c9b458c3d09ef85d/element - {"using":"xpath","value":"//header[contains(@id, 'ObjectPageLayout-headerTitle')]/div[1]/div[2]/div[2]/span[1]"}
RESULT: {"using":"xpath","value":"//header[contains(@id, 'ObjectPageLayout-headerTitle')]/div[1]/div[2]/div[2]/span[1]"}
COMMAND: POST /session/00fbe995d254b544c9b458c3d09ef85d/elements - {"using":"xpath","value":"//header[contains(@id, 'ObjectPageLayout-headerTitle')]/div[1]/div[2]/div[2]/span[1]"}
RESULT: {"using":"xpath","value":"//header[contains(@id, 'ObjectPageLayout-headerTitle')]/div[1]/div[2]/div[2]/span[1]"}
COMMAND: POST /session/00fbe995d254b544c9b458c3d09ef85d/execute/sync - {"script":"<script> [56 bytes]","args":[{"element-6066-11e4-a52e-4f735466cecf":"f.5B10500533936BC34E48C94F23BC04CA.d.47BB794081BE1670AE3649BE9D044688.e.2458","ELEMENT":"f.5B10500533936BC34E48C94F23BC04CA.d.47BB794081BE1670AE3649BE9D044688.e.2458"}]}
RESULT: {"script":"<script> [56 bytes]","args":[{"element-6066-11e4-a52e-4f735466cecf":"f.5B10500533936BC34E48C94F23BC04CA.d.47BB794081BE1670AE3649BE9D044688.e.2458","ELEMENT":"f.5B10500533936BC34E48C94F23BC04CA.d.47BB794081BE1670AE3649BE9D044688.e.2458"}]}
COMMAND: POST /session/00fbe995d254b544c9b458c3d09ef85d/element - {"using":"css selector","value":"#shell-header-logo"}
COMMAND: GET /session/00fbe995d254b544c9b458c3d09ef85d/screenshot - {}
RESULT: {"using":"css selector","value":"#shell-header-logo"}
COMMAND: POST /session/00fbe995d254b544c9b458c3d09ef85d/element/f.5B10500533936BC34E48C94F23BC04CA.d.47BB794081BE1670AE3649BE9D044688.e.1798/click - {}
RESULT: {}
RESULT: {}
COMMAND: GET /session/00fbe995d254b544c9b458c3d09ef85d/screenshot - {}
RESULT: {}
COMMAND: POST /session/00fbe995d254b544c9b458c3d09ef85d/execute/sync - {"script":"<script> [299 bytes]","args":[["getModel","getResource"]]}
RESULT: {"script":"<script> [299 bytes]","args":[["getModel","getResource"]]}
]]></system-out>
    </testcase>
    <testcase classname="chrome.136_0_7103_49.windows.Billing_Transfer_-_Master_data_&amp;_Intercompany_US127250" name="Should create a new equipment" time="116.798">
      <system-out><![CDATA[
COMMAND: GET /session/00fbe995d254b544c9b458c3d09ef85d/screenshot - {}
COMMAND: POST /session/00fbe995d254b544c9b458c3d09ef85d/execute/async - {"script":"<script> [1562 bytes]","args":[{"selector":{"controlType":"sap.m.GenericTile","properties":{"header":"Manage Resources"}},"wdio_ui5_key":"sapm.GenericTile{\"header\":\"Manage Resources\"}"}]}
RESULT: {}
RESULT: {"script":"<script> [1562 bytes]","args":[{"selector":{"controlType":"sap.m.GenericTile","properties":{"header":"Manage Resources"}},"wdio_ui5_key":"sapm.GenericTile{\"header\":\"Manage Resources\"}"}]}
RESULT: undefined
COMMAND: POST /session/00fbe995d254b544c9b458c3d09ef85d/element - {"using":"xpath","value":"//*[@id=\"__tile39\"]"}
RESULT: {"using":"xpath","value":"//*[@id=\"__tile39\"]"}
COMMAND: POST /session/00fbe995d254b544c9b458c3d09ef85d/element/f.5B10500533936BC34E48C94F23BC04CA.d.47BB794081BE1670AE3649BE9D044688.e.155/click - {}
RESULT: {}
COMMAND: POST /session/00fbe995d254b544c9b458c3d09ef85d/element - {"using":"xpath","value":"//button[@data-kt=\"addNewRUOverflowToolbarButton\"]"}
COMMAND: GET /session/00fbe995d254b544c9b458c3d09ef85d/screenshot - {}
RESULT: {"using":"xpath","value":"//button[@data-kt=\"addNewRUOverflowToolbarButton\"]"}
COMMAND: POST /session/00fbe995d254b544c9b458c3d09ef85d/elements - {"using":"xpath","value":"//button[@data-kt=\"addNewRUOverflowToolbarButton\"]"}
RESULT: {}
RESULT: {"using":"xpath","value":"//button[@data-kt=\"addNewRUOverflowToolbarButton\"]"}
COMMAND: POST /session/00fbe995d254b544c9b458c3d09ef85d/elements - {"using":"xpath","value":"//button[@data-kt=\"addNewRUOverflowToolbarButton\"]"}
RESULT: {"using":"xpath","value":"//button[@data-kt=\"addNewRUOverflowToolbarButton\"]"}
COMMAND: POST /session/00fbe995d254b544c9b458c3d09ef85d/elements - {"using":"xpath","value":"//button[@data-kt=\"addNewRUOverflowToolbarButton\"]"}
RESULT: {"using":"xpath","value":"//button[@data-kt=\"addNewRUOverflowToolbarButton\"]"}
COMMAND: POST /session/00fbe995d254b544c9b458c3d09ef85d/elements - {"using":"xpath","value":"//button[@data-kt=\"addNewRUOverflowToolbarButton\"]"}
RESULT: {"using":"xpath","value":"//button[@data-kt=\"addNewRUOverflowToolbarButton\"]"}
COMMAND: POST /session/00fbe995d254b544c9b458c3d09ef85d/elements - {"using":"xpath","value":"//button[@data-kt=\"addNewRUOverflowToolbarButton\"]"}
RESULT: {"using":"xpath","value":"//button[@data-kt=\"addNewRUOverflowToolbarButton\"]"}
COMMAND: POST /session/00fbe995d254b544c9b458c3d09ef85d/elements - {"using":"xpath","value":"//button[@data-kt=\"addNewRUOverflowToolbarButton\"]"}
RESULT: {"using":"xpath","value":"//button[@data-kt=\"addNewRUOverflowToolbarButton\"]"}
COMMAND: POST /session/00fbe995d254b544c9b458c3d09ef85d/elements - {"using":"xpath","value":"//button[@data-kt=\"addNewRUOverflowToolbarButton\"]"}
RESULT: {"using":"xpath","value":"//button[@data-kt=\"addNewRUOverflowToolbarButton\"]"}
COMMAND: POST /session/00fbe995d254b544c9b458c3d09ef85d/elements - {"using":"xpath","value":"//button[@data-kt=\"addNewRUOverflowToolbarButton\"]"}
RESULT: {"using":"xpath","value":"//button[@data-kt=\"addNewRUOverflowToolbarButton\"]"}
COMMAND: POST /session/00fbe995d254b544c9b458c3d09ef85d/elements - {"using":"xpath","value":"//button[@data-kt=\"addNewRUOverflowToolbarButton\"]"}
RESULT: {"using":"xpath","value":"//button[@data-kt=\"addNewRUOverflowToolbarButton\"]"}
COMMAND: POST /session/00fbe995d254b544c9b458c3d09ef85d/elements - {"using":"xpath","value":"//button[@data-kt=\"addNewRUOverflowToolbarButton\"]"}
RESULT: {"using":"xpath","value":"//button[@data-kt=\"addNewRUOverflowToolbarButton\"]"}
COMMAND: POST /session/00fbe995d254b544c9b458c3d09ef85d/elements - {"using":"xpath","value":"//button[@data-kt=\"addNewRUOverflowToolbarButton\"]"}
RESULT: {"using":"xpath","value":"//button[@data-kt=\"addNewRUOverflowToolbarButton\"]"}
COMMAND: POST /session/00fbe995d254b544c9b458c3d09ef85d/elements - {"using":"xpath","value":"//button[@data-kt=\"addNewRUOverflowToolbarButton\"]"}
RESULT: {"using":"xpath","value":"//button[@data-kt=\"addNewRUOverflowToolbarButton\"]"}
COMMAND: POST /session/00fbe995d254b544c9b458c3d09ef85d/elements - {"using":"xpath","value":"//button[@data-kt=\"addNewRUOverflowToolbarButton\"]"}
RESULT: {"using":"xpath","value":"//button[@data-kt=\"addNewRUOverflowToolbarButton\"]"}
COMMAND: POST /session/00fbe995d254b544c9b458c3d09ef85d/elements - {"using":"xpath","value":"//button[@data-kt=\"addNewRUOverflowToolbarButton\"]"}
RESULT: {"using":"xpath","value":"//button[@data-kt=\"addNewRUOverflowToolbarButton\"]"}
COMMAND: POST /session/00fbe995d254b544c9b458c3d09ef85d/elements - {"using":"xpath","value":"//button[@data-kt=\"addNewRUOverflowToolbarButton\"]"}
RESULT: {"using":"xpath","value":"//button[@data-kt=\"addNewRUOverflowToolbarButton\"]"}
COMMAND: POST /session/00fbe995d254b544c9b458c3d09ef85d/elements - {"using":"xpath","value":"//button[@data-kt=\"addNewRUOverflowToolbarButton\"]"}
RESULT: {"using":"xpath","value":"//button[@data-kt=\"addNewRUOverflowToolbarButton\"]"}
COMMAND: POST /session/00fbe995d254b544c9b458c3d09ef85d/elements - {"using":"xpath","value":"//button[@data-kt=\"addNewRUOverflowToolbarButton\"]"}
RESULT: {"using":"xpath","value":"//button[@data-kt=\"addNewRUOverflowToolbarButton\"]"}
COMMAND: POST /session/00fbe995d254b544c9b458c3d09ef85d/elements - {"using":"xpath","value":"//button[@data-kt=\"addNewRUOverflowToolbarButton\"]"}
RESULT: {"using":"xpath","value":"//button[@data-kt=\"addNewRUOverflowToolbarButton\"]"}
COMMAND: POST /session/00fbe995d254b544c9b458c3d09ef85d/elements - {"using":"xpath","value":"//button[@data-kt=\"addNewRUOverflowToolbarButton\"]"}
RESULT: {"using":"xpath","value":"//button[@data-kt=\"addNewRUOverflowToolbarButton\"]"}
COMMAND: POST /session/00fbe995d254b544c9b458c3d09ef85d/element - {"using":"xpath","value":"//button[@data-kt=\"addNewRUOverflowToolbarButton\"]"}
RESULT: {"using":"xpath","value":"//button[@data-kt=\"addNewRUOverflowToolbarButton\"]"}
COMMAND: POST /session/00fbe995d254b544c9b458c3d09ef85d/execute/sync - {"script":"<script> [8489 bytes]","args":[{"element-6066-11e4-a52e-4f735466cecf":"f.5B10500533936BC34E48C94F23BC04CA.d.47BB794081BE1670AE3649BE9D044688.e.2504","ELEMENT":"f.5B10500533936BC34E48C94F23BC04CA.d.47BB794081BE1670AE3649BE9D044688.e.2504"}]}
RESULT: {"script":"<script> [8489 bytes]","args":[{"element-6066-11e4-a52e-4f735466cecf":"f.5B10500533936BC34E48C94F23BC04CA.d.47BB794081BE1670AE3649BE9D044688.e.2504","ELEMENT":"f.5B10500533936BC34E48C94F23BC04CA.d.47BB794081BE1670AE3649BE9D044688.e.2504"}]}
COMMAND: GET /session/00fbe995d254b544c9b458c3d09ef85d/element/f.5B10500533936BC34E48C94F23BC04CA.d.47BB794081BE1670AE3649BE9D044688.e.2504/enabled - {}
COMMAND: GET /session/00fbe995d254b544c9b458c3d09ef85d/screenshot - {}
RESULT: {}
COMMAND: POST /session/00fbe995d254b544c9b458c3d09ef85d/execute/sync - {"script":"<script> [8489 bytes]","args":[{"element-6066-11e4-a52e-4f735466cecf":"f.5B10500533936BC34E48C94F23BC04CA.d.47BB794081BE1670AE3649BE9D044688.e.2504","ELEMENT":"f.5B10500533936BC34E48C94F23BC04CA.d.47BB794081BE1670AE3649BE9D044688.e.2504"}]}
COMMAND: GET /session/00fbe995d254b544c9b458c3d09ef85d/screenshot - {}
RESULT: {}
RESULT: {"script":"<script> [8489 bytes]","args":[{"element-6066-11e4-a52e-4f735466cecf":"f.5B10500533936BC34E48C94F23BC04CA.d.47BB794081BE1670AE3649BE9D044688.e.2504","ELEMENT":"f.5B10500533936BC34E48C94F23BC04CA.d.47BB794081BE1670AE3649BE9D044688.e.2504"}]}
COMMAND: POST /session/00fbe995d254b544c9b458c3d09ef85d/execute/sync - {"script":"<script> [5351 bytes]","args":[{"element-6066-11e4-a52e-4f735466cecf":"f.5B10500533936BC34E48C94F23BC04CA.d.47BB794081BE1670AE3649BE9D044688.e.2504","ELEMENT":"f.5B10500533936BC34E48C94F23BC04CA.d.47BB794081BE1670AE3649BE9D044688.e.2504"}]}
COMMAND: GET /session/00fbe995d254b544c9b458c3d09ef85d/screenshot - {}
RESULT: {}
RESULT: {"script":"<script> [5351 bytes]","args":[{"element-6066-11e4-a52e-4f735466cecf":"f.5B10500533936BC34E48C94F23BC04CA.d.47BB794081BE1670AE3649BE9D044688.e.2504","ELEMENT":"f.5B10500533936BC34E48C94F23BC04CA.d.47BB794081BE1670AE3649BE9D044688.e.2504"}]}
COMMAND: POST /session/00fbe995d254b544c9b458c3d09ef85d/element/f.5B10500533936BC34E48C94F23BC04CA.d.47BB794081BE1670AE3649BE9D044688.e.2504/click - {}
COMMAND: GET /session/00fbe995d254b544c9b458c3d09ef85d/screenshot - {}
RESULT: {}
RESULT: {}
COMMAND: GET /session/00fbe995d254b544c9b458c3d09ef85d/screenshot - {}
RESULT: {}
RESULT: {}
COMMAND: POST /session/00fbe995d254b544c9b458c3d09ef85d/execute/async - {"script":"<script> [1562 bytes]","args":[{"selector":{"id":"application-manageresources-display-component---newResourceUnit--TYPE-arrow"},"wdio_ui5_key":"applicationmanageresources-display-component---newResourceUnit--TYPE-arrow"}]}
RESULT: {"script":"<script> [1562 bytes]","args":[{"selector":{"id":"application-manageresources-display-component---newResourceUnit--TYPE-arrow"},"wdio_ui5_key":"applicationmanageresources-display-component---newResourceUnit--TYPE-arrow"}]}
RESULT: undefined
COMMAND: POST /session/00fbe995d254b544c9b458c3d09ef85d/element - {"using":"xpath","value":"//*[@id=\"application-manageresources-display-component---newResourceUnit--TYPE-arrow\"]"}
RESULT: {"using":"xpath","value":"//*[@id=\"application-manageresources-display-component---newResourceUnit--TYPE-arrow\"]"}
COMMAND: POST /session/00fbe995d254b544c9b458c3d09ef85d/element/f.5B10500533936BC34E48C94F23BC04CA.d.47BB794081BE1670AE3649BE9D044688.e.2860/click - {}
RESULT: {}
COMMAND: POST /session/00fbe995d254b544c9b458c3d09ef85d/element - {"using":"xpath","value":"//input[@id=\"application-manageresources-display-component---newResourceUnit--TYPE-inner\"]"}
COMMAND: GET /session/00fbe995d254b544c9b458c3d09ef85d/screenshot - {}
RESULT: {"using":"xpath","value":"//input[@id=\"application-manageresources-display-component---newResourceUnit--TYPE-inner\"]"}
COMMAND: POST /session/00fbe995d254b544c9b458c3d09ef85d/element/f.5B10500533936BC34E48C94F23BC04CA.d.47BB794081BE1670AE3649BE9D044688.e.2841/clear - {}
RESULT: {}
RESULT: {}
COMMAND: POST /session/00fbe995d254b544c9b458c3d09ef85d/element/f.5B10500533936BC34E48C94F23BC04CA.d.47BB794081BE1670AE3649BE9D044688.e.2841/value - {"text":"Equipment"}
COMMAND: GET /session/00fbe995d254b544c9b458c3d09ef85d/screenshot - {}
RESULT: {"text":"Equipment"}
COMMAND: GET /session/00fbe995d254b544c9b458c3d09ef85d/screenshot - {}
RESULT: {}
RESULT: {}
COMMAND: POST /session/00fbe995d254b544c9b458c3d09ef85d/actions - {"actions":[{"id":"action8","type":"key","parameters":{},"actions":[{"type":"keyDown","value":"î€‡"},{"type":"pause","duration":10},{"type":"keyUp","value":"î€‡"}]}]}
RESULT: {"actions":[{"id":"action8","type":"key","parameters":{},"actions":[{"type":"keyDown","value":"î€‡"},{"type":"pause","duration":10},{"type":"keyUp","value":"î€‡"}]}]}
COMMAND: POST /session/00fbe995d254b544c9b458c3d09ef85d/execute/async - {"script":"<script> [1562 bytes]","args":[{"selector":{"id":"application-manageresources-display-component---newResourceUnit--resourceId","interaction":{"idSuffix":"inner"}},"wdio_ui5_key":"applicationmanageresources-display-component---newResourceUnit--resourceId"}]}
COMMAND: GET /session/00fbe995d254b544c9b458c3d09ef85d/screenshot - {}
RESULT: {"script":"<script> [1562 bytes]","args":[{"selector":{"id":"application-manageresources-display-component---newResourceUnit--resourceId","interaction":{"idSuffix":"inner"}},"wdio_ui5_key":"applicationmanageresources-display-component---newResourceUnit--resourceId"}]}
RESULT: undefined
COMMAND: POST /session/00fbe995d254b544c9b458c3d09ef85d/execute/async - {"script":"<script> [776 bytes]","args":[{"enterText":"28eCOEdD6G","selector":{"id":"application-manageresources-display-component---newResourceUnit--resourceId","interaction":{"idSuffix":"inner"}},"clearTextFirst":true,"interactionType":"ENTER_TEXT"}]}
RESULT: {}
RESULT: {"script":"<script> [776 bytes]","args":[{"enterText":"28eCOEdD6G","selector":{"id":"application-manageresources-display-component---newResourceUnit--resourceId","interaction":{"idSuffix":"inner"}},"clearTextFirst":true,"interactionType":"ENTER_TEXT"}]}
COMMAND: POST /session/00fbe995d254b544c9b458c3d09ef85d/execute/async - {"script":"<script> [1562 bytes]","args":[{"selector":{"id":"application-manageresources-display-component---newResourceUnit--SHORT_TEXT","interaction":{"idSuffix":"inner"}},"wdio_ui5_key":"applicationmanageresources-display-component---newResourceUnit--SHORT_TEXT"}]}
RESULT: {"script":"<script> [1562 bytes]","args":[{"selector":{"id":"application-manageresources-display-component---newResourceUnit--SHORT_TEXT","interaction":{"idSuffix":"inner"}},"wdio_ui5_key":"applicationmanageresources-display-component---newResourceUnit--SHORT_TEXT"}]}
RESULT: undefined
COMMAND: POST /session/00fbe995d254b544c9b458c3d09ef85d/execute/async - {"script":"<script> [776 bytes]","args":[{"enterText":"Intercompany Equipment WDIO","selector":{"id":"application-manageresources-display-component---newResourceUnit--SHORT_TEXT","interaction":{"idSuffix":"inner"}},"clearTextFirst":true,"interactionType":"ENTER_TEXT"}]}
RESULT: {"script":"<script> [776 bytes]","args":[{"enterText":"Intercompany Equipment WDIO","selector":{"id":"application-manageresources-display-component---newResourceUnit--SHORT_TEXT","interaction":{"idSuffix":"inner"}},"clearTextFirst":true,"interactionType":"ENTER_TEXT"}]}
COMMAND: POST /session/00fbe995d254b544c9b458c3d09ef85d/execute/async - {"script":"<script> [1562 bytes]","args":[{"selector":{"id":"application-manageresources-display-component---newResourceUnit--BASE_UNIT_OF_MEASURE","interaction":{"idSuffix":"inner"}},"wdio_ui5_key":"applicationmanageresources-display-component---newResourceUnit--BASE_UNIT_OF_MEASURE"}]}
RESULT: {"script":"<script> [1562 bytes]","args":[{"selector":{"id":"application-manageresources-display-component---newResourceUnit--BASE_UNIT_OF_MEASURE","interaction":{"idSuffix":"inner"}},"wdio_ui5_key":"applicationmanageresources-display-component---newResourceUnit--BASE_UNIT_OF_MEASURE"}]}
RESULT: undefined
COMMAND: POST /session/00fbe995d254b544c9b458c3d09ef85d/execute/async - {"script":"<script> [776 bytes]","args":[{"enterText":"Piece","selector":{"id":"application-manageresources-display-component---newResourceUnit--BASE_UNIT_OF_MEASURE","interaction":{"idSuffix":"inner"}},"clearTextFirst":true,"interactionType":"ENTER_TEXT"}]}
RESULT: {"script":"<script> [776 bytes]","args":[{"enterText":"Piece","selector":{"id":"application-manageresources-display-component---newResourceUnit--BASE_UNIT_OF_MEASURE","interaction":{"idSuffix":"inner"}},"clearTextFirst":true,"interactionType":"ENTER_TEXT"}]}
COMMAND: POST /session/00fbe995d254b544c9b458c3d09ef85d/execute/async - {"script":"<script> [1562 bytes]","args":[{"selector":{"id":"application-manageresources-display-component---newResourceUnit--WEIGHT_UNIT","interaction":{"idSuffix":"inner"}},"wdio_ui5_key":"applicationmanageresources-display-component---newResourceUnit--WEIGHT_UNIT"}]}
RESULT: {"script":"<script> [1562 bytes]","args":[{"selector":{"id":"application-manageresources-display-component---newResourceUnit--WEIGHT_UNIT","interaction":{"idSuffix":"inner"}},"wdio_ui5_key":"applicationmanageresources-display-component---newResourceUnit--WEIGHT_UNIT"}]}
RESULT: undefined
COMMAND: POST /session/00fbe995d254b544c9b458c3d09ef85d/execute/async - {"script":"<script> [776 bytes]","args":[{"enterText":"Gram","selector":{"id":"application-manageresources-display-component---newResourceUnit--WEIGHT_UNIT","interaction":{"idSuffix":"inner"}},"clearTextFirst":true,"interactionType":"ENTER_TEXT"}]}
RESULT: {"script":"<script> [776 bytes]","args":[{"enterText":"Gram","selector":{"id":"application-manageresources-display-component---newResourceUnit--WEIGHT_UNIT","interaction":{"idSuffix":"inner"}},"clearTextFirst":true,"interactionType":"ENTER_TEXT"}]}
COMMAND: POST /session/00fbe995d254b544c9b458c3d09ef85d/execute/async - {"script":"<script> [1562 bytes]","args":[{"selector":{"id":"application-manageresources-display-component---newResourceUnit--DIMENSION_UNIT","interaction":{"idSuffix":"inner"}},"wdio_ui5_key":"applicationmanageresources-display-component---newResourceUnit--DIMENSION_UNIT"}]}
RESULT: {"script":"<script> [1562 bytes]","args":[{"selector":{"id":"application-manageresources-display-component---newResourceUnit--DIMENSION_UNIT","interaction":{"idSuffix":"inner"}},"wdio_ui5_key":"applicationmanageresources-display-component---newResourceUnit--DIMENSION_UNIT"}]}
RESULT: undefined
COMMAND: POST /session/00fbe995d254b544c9b458c3d09ef85d/execute/async - {"script":"<script> [776 bytes]","args":[{"enterText":"Meter","selector":{"id":"application-manageresources-display-component---newResourceUnit--DIMENSION_UNIT","interaction":{"idSuffix":"inner"}},"clearTextFirst":true,"interactionType":"ENTER_TEXT"}]}
RESULT: {"script":"<script> [776 bytes]","args":[{"enterText":"Meter","selector":{"id":"application-manageresources-display-component---newResourceUnit--DIMENSION_UNIT","interaction":{"idSuffix":"inner"}},"clearTextFirst":true,"interactionType":"ENTER_TEXT"}]}
COMMAND: POST /session/00fbe995d254b544c9b458c3d09ef85d/execute/async - {"script":"<script> [1562 bytes]","args":[{"selector":{"id":"application-manageresources-display-component---newResourceUnit--newRRUPage-anchBar-application-manageresources-display-component---newResourceUnit--control-anchor","interaction":{"idSuffix":"BDI-content"}},"wdio_ui5_key":"applicationmanageresources-display-component---newResourceUnit--newRRUPage-anchBar-application-manageresources-display-component---newResourceUnit--control-anchor"}]}
RESULT: {"script":"<script> [1562 bytes]","args":[{"selector":{"id":"application-manageresources-display-component---newResourceUnit--newRRUPage-anchBar-application-manageresources-display-component---newResourceUnit--control-anchor","interaction":{"idSuffix":"BDI-content"}},"wdio_ui5_key":"applicationmanageresources-display-component---newResourceUnit--newRRUPage-anchBar-application-manageresources-display-component---newResourceUnit--control-anchor"}]}
RESULT: undefined
COMMAND: POST /session/00fbe995d254b544c9b458c3d09ef85d/element - {"using":"xpath","value":"//*[@id=\"application-manageresources-display-component---newResourceUnit--newRRUPage-anchBar-application-manageresources-display-component---newResourceUnit--control-anchor\"]"}
RESULT: {"using":"xpath","value":"//*[@id=\"application-manageresources-display-component---newResourceUnit--newRRUPage-anchBar-application-manageresources-display-component---newResourceUnit--control-anchor\"]"}
COMMAND: POST /session/00fbe995d254b544c9b458c3d09ef85d/element/f.5B10500533936BC34E48C94F23BC04CA.d.47BB794081BE1670AE3649BE9D044688.e.2991/click - {}
RESULT: {}
COMMAND: POST /session/00fbe995d254b544c9b458c3d09ef85d/execute/async - {"script":"<script> [1562 bytes]","args":[{"selector":{"id":"application-manageresources-display-component---newResourceUnit--PLANNING_GROUP","interaction":{"idSuffix":"inner"}},"wdio_ui5_key":"applicationmanageresources-display-component---newResourceUnit--PLANNING_GROUP"}]}
COMMAND: GET /session/00fbe995d254b544c9b458c3d09ef85d/screenshot - {}
RESULT: {"script":"<script> [1562 bytes]","args":[{"selector":{"id":"application-manageresources-display-component---newResourceUnit--PLANNING_GROUP","interaction":{"idSuffix":"inner"}},"wdio_ui5_key":"applicationmanageresources-display-component---newResourceUnit--PLANNING_GROUP"}]}
RESULT: undefined
COMMAND: POST /session/00fbe995d254b544c9b458c3d09ef85d/execute/async - {"script":"<script> [776 bytes]","args":[{"enterText":"Heavy Equi","selector":{"id":"application-manageresources-display-component---newResourceUnit--PLANNING_GROUP","interaction":{"idSuffix":"inner"}},"clearTextFirst":true,"interactionType":"ENTER_TEXT"}]}
RESULT: {}
RESULT: {"script":"<script> [776 bytes]","args":[{"enterText":"Heavy Equi","selector":{"id":"application-manageresources-display-component---newResourceUnit--PLANNING_GROUP","interaction":{"idSuffix":"inner"}},"clearTextFirst":true,"interactionType":"ENTER_TEXT"}]}
COMMAND: POST /session/00fbe995d254b544c9b458c3d09ef85d/execute/async - {"script":"<script> [1562 bytes]","args":[{"selector":{"id":"application-manageresources-display-component---newResourceUnit--ITEM_TYPE-arrow"},"wdio_ui5_key":"applicationmanageresources-display-component---newResourceUnit--ITEM_TYPE-arrow"}]}
RESULT: {"script":"<script> [1562 bytes]","args":[{"selector":{"id":"application-manageresources-display-component---newResourceUnit--ITEM_TYPE-arrow"},"wdio_ui5_key":"applicationmanageresources-display-component---newResourceUnit--ITEM_TYPE-arrow"}]}
RESULT: undefined
COMMAND: POST /session/00fbe995d254b544c9b458c3d09ef85d/element - {"using":"xpath","value":"//*[@id=\"application-manageresources-display-component---newResourceUnit--ITEM_TYPE-arrow\"]"}
RESULT: {"using":"xpath","value":"//*[@id=\"application-manageresources-display-component---newResourceUnit--ITEM_TYPE-arrow\"]"}
COMMAND: POST /session/00fbe995d254b544c9b458c3d09ef85d/element/f.5B10500533936BC34E48C94F23BC04CA.d.47BB794081BE1670AE3649BE9D044688.e.2999/click - {}
RESULT: {}
COMMAND: POST /session/00fbe995d254b544c9b458c3d09ef85d/element - {"using":"xpath","value":"(//span[contains(text(), \"Resource Unit\")])[2]"}
COMMAND: GET /session/00fbe995d254b544c9b458c3d09ef85d/screenshot - {}
RESULT: {"using":"xpath","value":"(//span[contains(text(), \"Resource Unit\")])[2]"}
COMMAND: POST /session/00fbe995d254b544c9b458c3d09ef85d/element/f.5B10500533936BC34E48C94F23BC04CA.d.47BB794081BE1670AE3649BE9D044688.e.3000/click - {}
RESULT: {}
RESULT: {}
COMMAND: GET /session/00fbe995d254b544c9b458c3d09ef85d/screenshot - {}
RESULT: {}
COMMAND: POST /session/00fbe995d254b544c9b458c3d09ef85d/element - {"using":"css selector","value":"#application-manageresources-display-component---newResourceUnit--btnAddTimeSegment"}
RESULT: {"using":"css selector","value":"#application-manageresources-display-component---newResourceUnit--btnAddTimeSegment"}
COMMAND: GET /session/00fbe995d254b544c9b458c3d09ef85d/element/f.5B10500533936BC34E48C94F23BC04CA.d.47BB794081BE1670AE3649BE9D044688.e.3001/rect - {}
RESULT: {}
COMMAND: GET /session/00fbe995d254b544c9b458c3d09ef85d/window/rect - {}
RESULT: {}
COMMAND: POST /session/00fbe995d254b544c9b458c3d09ef85d/execute/sync - {"script":"<script> [92 bytes]","args":[]}
RESULT: {"script":"<script> [92 bytes]","args":[]}
COMMAND: POST /session/00fbe995d254b544c9b458c3d09ef85d/actions - {"actions":[{"id":"action9","type":"wheel","parameters":{},"actions":[{"type":"scroll","x":-1888,"y":-32,"deltaX":0,"deltaY":0,"duration":0,"origin":{"element-6066-11e4-a52e-4f735466cecf":"f.5B10500533936BC34E48C94F23BC04CA.d.47BB794081BE1670AE3649BE9D044688.e.3001"}}]}]}
COMMAND: GET /session/00fbe995d254b544c9b458c3d09ef85d/screenshot - {}
RESULT: {}
COMMAND: POST /session/00fbe995d254b544c9b458c3d09ef85d/execute/sync - {"script":"<script> [79 bytes]","args":[{"element-6066-11e4-a52e-4f735466cecf":"f.5B10500533936BC34E48C94F23BC04CA.d.47BB794081BE1670AE3649BE9D044688.e.3001","ELEMENT":"f.5B10500533936BC34E48C94F23BC04CA.d.47BB794081BE1670AE3649BE9D044688.e.3001"},{"block":"start","inline":"nearest"}]}
RESULT: {"script":"<script> [79 bytes]","args":[{"element-6066-11e4-a52e-4f735466cecf":"f.5B10500533936BC34E48C94F23BC04CA.d.47BB794081BE1670AE3649BE9D044688.e.3001","ELEMENT":"f.5B10500533936BC34E48C94F23BC04CA.d.47BB794081BE1670AE3649BE9D044688.e.3001"},{"block":"start","inline":"nearest"}]}
COMMAND: POST /session/00fbe995d254b544c9b458c3d09ef85d/execute/async - {"script":"<script> [1562 bytes]","args":[{"selector":{"id":"application-manageresources-display-component---newResourceUnit--btnAddTimeSegment","interaction":{"idSuffix":"inner"}},"wdio_ui5_key":"applicationmanageresources-display-component---newResourceUnit--btnAddTimeSegment"}]}
COMMAND: GET /session/00fbe995d254b544c9b458c3d09ef85d/screenshot - {}
RESULT: {"script":"<script> [1562 bytes]","args":[{"selector":{"id":"application-manageresources-display-component---newResourceUnit--btnAddTimeSegment","interaction":{"idSuffix":"inner"}},"wdio_ui5_key":"applicationmanageresources-display-component---newResourceUnit--btnAddTimeSegment"}]}
RESULT: undefined
COMMAND: POST /session/00fbe995d254b544c9b458c3d09ef85d/element - {"using":"xpath","value":"//*[@id=\"application-manageresources-display-component---newResourceUnit--btnAddTimeSegment\"]"}
RESULT: {}
RESULT: {"using":"xpath","value":"//*[@id=\"application-manageresources-display-component---newResourceUnit--btnAddTimeSegment\"]"}
COMMAND: POST /session/00fbe995d254b544c9b458c3d09ef85d/element/f.5B10500533936BC34E48C94F23BC04CA.d.47BB794081BE1670AE3649BE9D044688.e.3001/click - {}
RESULT: {}
COMMAND: GET /session/00fbe995d254b544c9b458c3d09ef85d/screenshot - {}
RESULT: {}
COMMAND: POST /session/00fbe995d254b544c9b458c3d09ef85d/element - {"using":"xpath","value":"//input[@id=\"application-manageresources-display-component---newResourceUnit--idRuTSAdmin-application-manageresources-display-component---newResourceUnit--RUTimeSegment-0-inner\"]"}
RESULT: {"using":"xpath","value":"//input[@id=\"application-manageresources-display-component---newResourceUnit--idRuTSAdmin-application-manageresources-display-component---newResourceUnit--RUTimeSegment-0-inner\"]"}
COMMAND: POST /session/00fbe995d254b544c9b458c3d09ef85d/element/f.5B10500533936BC34E48C94F23BC04CA.d.47BB794081BE1670AE3649BE9D044688.e.3007/clear - {}
RESULT: {}
COMMAND: POST /session/00fbe995d254b544c9b458c3d09ef85d/element/f.5B10500533936BC34E48C94F23BC04CA.d.47BB794081BE1670AE3649BE9D044688.e.3007/value - {"text":"273"}
COMMAND: GET /session/00fbe995d254b544c9b458c3d09ef85d/screenshot - {}
RESULT: {"text":"273"}
COMMAND: GET /session/00fbe995d254b544c9b458c3d09ef85d/screenshot - {}
RESULT: {}
RESULT: {}
COMMAND: POST /session/00fbe995d254b544c9b458c3d09ef85d/element - {"using":"xpath","value":"//li[.//span[text()='273']]"}
RESULT: {"using":"xpath","value":"//li[.//span[text()='273']]"}
COMMAND: POST /session/00fbe995d254b544c9b458c3d09ef85d/element/f.5B10500533936BC34E48C94F23BC04CA.d.47BB794081BE1670AE3649BE9D044688.e.3018/click - {}
RESULT: {}
COMMAND: GET /session/00fbe995d254b544c9b458c3d09ef85d/screenshot - {}
RESULT: {}
COMMAND: POST /session/00fbe995d254b544c9b458c3d09ef85d/element - {"using":"xpath","value":"(//span[contains(@id, \"-application-manageresources-display-component---newResourceUnit--RUTimeSegment-0-arrow\")])[6]"}
RESULT: {"using":"xpath","value":"(//span[contains(@id, \"-application-manageresources-display-component---newResourceUnit--RUTimeSegment-0-arrow\")])[6]"}
COMMAND: POST /session/00fbe995d254b544c9b458c3d09ef85d/element/f.5B10500533936BC34E48C94F23BC04CA.d.47BB794081BE1670AE3649BE9D044688.e.3019/click - {}
RESULT: {}
COMMAND: GET /session/00fbe995d254b544c9b458c3d09ef85d/screenshot - {}
RESULT: {}
COMMAND: POST /session/00fbe995d254b544c9b458c3d09ef85d/element - {"using":"xpath","value":"//span[contains(text(), \"PM Order\")]"}
RESULT: {"using":"xpath","value":"//span[contains(text(), \"PM Order\")]"}
COMMAND: POST /session/00fbe995d254b544c9b458c3d09ef85d/element/f.5B10500533936BC34E48C94F23BC04CA.d.47BB794081BE1670AE3649BE9D044688.e.3022/click - {}
RESULT: {}
COMMAND: GET /session/00fbe995d254b544c9b458c3d09ef85d/screenshot - {}
RESULT: {}
COMMAND: POST /session/00fbe995d254b544c9b458c3d09ef85d/element - {"using":"xpath","value":"(//span[contains(@id ,\"manageresources-display-component---newResourceUnit--RUTimeSegment-0-vhi\")])[1]"}
RESULT: {"using":"xpath","value":"(//span[contains(@id ,\"manageresources-display-component---newResourceUnit--RUTimeSegment-0-vhi\")])[1]"}
COMMAND: GET /session/00fbe995d254b544c9b458c3d09ef85d/element/f.5B10500533936BC34E48C94F23BC04CA.d.47BB794081BE1670AE3649BE9D044688.e.3026/rect - {}
RESULT: {}
COMMAND: GET /session/00fbe995d254b544c9b458c3d09ef85d/window/rect - {}
RESULT: {}
COMMAND: POST /session/00fbe995d254b544c9b458c3d09ef85d/execute/sync - {"script":"<script> [92 bytes]","args":[]}
RESULT: {"script":"<script> [92 bytes]","args":[]}
COMMAND: POST /session/00fbe995d254b544c9b458c3d09ef85d/actions - {"actions":[{"id":"action10","type":"wheel","parameters":{},"actions":[{"type":"scroll","x":-869,"y":-24,"deltaX":0,"deltaY":0,"duration":0,"origin":{"element-6066-11e4-a52e-4f735466cecf":"f.5B10500533936BC34E48C94F23BC04CA.d.47BB794081BE1670AE3649BE9D044688.e.3026"}}]}]}
COMMAND: GET /session/00fbe995d254b544c9b458c3d09ef85d/screenshot - {}
RESULT: {"actions":[{"id":"action10","type":"wheel","parameters":{},"actions":[{"type":"scroll","x":-869,"y":-24,"deltaX":0,"deltaY":0,"duration":0,"origin":{"element-6066-11e4-a52e-4f735466cecf":"f.5B10500533936BC34E48C94F23BC04CA.d.47BB794081BE1670AE3649BE9D044688.e.3026"}}]}]}
COMMAND: DELETE /session/00fbe995d254b544c9b458c3d09ef85d/actions - {}
COMMAND: GET /session/00fbe995d254b544c9b458c3d09ef85d/screenshot - {}
RESULT: {}
RESULT: {}
COMMAND: GET /session/00fbe995d254b544c9b458c3d09ef85d/screenshot - {}
RESULT: {}
RESULT: {}
COMMAND: POST /session/00fbe995d254b544c9b458c3d09ef85d/element/f.5B10500533936BC34E48C94F23BC04CA.d.47BB794081BE1670AE3649BE9D044688.e.3026/click - {}
RESULT: {}
COMMAND: GET /session/00fbe995d254b544c9b458c3d09ef85d/screenshot - {}
RESULT: {}
RESULT: undefined
COMMAND: POST /session/00fbe995d254b544c9b458c3d09ef85d/execute/async - {"script":"<script> [776 bytes]","args":[{"enterText":"4000360","selector":{"controlType":"sap.m.SearchField","properties":{"placeholder":"Search"},"searchOpenDialogs":true,"interaction":{"idSuffix":"I"}},"clearTextFirst":true,"interactionType":"ENTER_TEXT"}]}
RESULT: {"script":"<script> [776 bytes]","args":[{"enterText":"4000360","selector":{"controlType":"sap.m.SearchField","properties":{"placeholder":"Search"},"searchOpenDialogs":true,"interaction":{"idSuffix":"I"}},"clearTextFirst":true,"interactionType":"ENTER_TEXT"}]}
COMMAND: POST /session/00fbe995d254b544c9b458c3d09ef85d/actions - {"actions":[{"id":"action11","type":"key","parameters":{},"actions":[{"type":"keyDown","value":"î€‡"},{"type":"pause","duration":10},{"type":"keyUp","value":"î€‡"}]}]}
RESULT: {"actions":[{"id":"action11","type":"key","parameters":{},"actions":[{"type":"keyDown","value":"î€‡"},{"type":"pause","duration":10},{"type":"keyUp","value":"î€‡"}]}]}
COMMAND: GET /session/00fbe995d254b544c9b458c3d09ef85d/screenshot - {}
RESULT: {}
COMMAND: POST /session/00fbe995d254b544c9b458c3d09ef85d/element - {"using":"xpath","value":"//td/div/span[contains(text(), \"BGL Vehicles\")]"}
RESULT: {"using":"xpath","value":"//td/div/span[contains(text(), \"BGL Vehicles\")]"}
COMMAND: POST /session/00fbe995d254b544c9b458c3d09ef85d/element/f.5B10500533936BC34E48C94F23BC04CA.d.47BB794081BE1670AE3649BE9D044688.e.3045/click - {}
RESULT: {}
COMMAND: GET /session/00fbe995d254b544c9b458c3d09ef85d/screenshot - {}
RESULT: {}
COMMAND: POST /session/00fbe995d254b544c9b458c3d09ef85d/element - {"using":"xpath","value":"//bdi[contains(text(), \"OK\")]"}
RESULT: {"using":"xpath","value":"//bdi[contains(text(), \"OK\")]"}
COMMAND: POST /session/00fbe995d254b544c9b458c3d09ef85d/element/f.5B10500533936BC34E48C94F23BC04CA.d.47BB794081BE1670AE3649BE9D044688.e.3046/click - {}
RESULT: {}
COMMAND: GET /session/00fbe995d254b544c9b458c3d09ef85d/screenshot - {}
RESULT: {}
COMMAND: POST /session/00fbe995d254b544c9b458c3d09ef85d/execute/async - {"script":"<script> [1562 bytes]","args":[{"selector":{"id":"application-manageresources-display-component---newResourceUnit--newRRUPage-anchBar-application-manageresources-display-component---newResourceUnit--resource-anchor","interaction":{"idSuffix":"BDI-content"}},"wdio_ui5_key":"applicationmanageresources-display-component---newResourceUnit--newRRUPage-anchBar-application-manageresources-display-component---newResourceUnit--resource-anchor"}]}
RESULT: {"script":"<script> [1562 bytes]","args":[{"selector":{"id":"application-manageresources-display-component---newResourceUnit--newRRUPage-anchBar-application-manageresources-display-component---newResourceUnit--resource-anchor","interaction":{"idSuffix":"BDI-content"}},"wdio_ui5_key":"applicationmanageresources-display-component---newResourceUnit--newRRUPage-anchBar-application-manageresources-display-component---newResourceUnit--resource-anchor"}]}
RESULT: undefined
COMMAND: POST /session/00fbe995d254b544c9b458c3d09ef85d/element - {"using":"xpath","value":"//*[@id=\"application-manageresources-display-component---newResourceUnit--newRRUPage-anchBar-application-manageresources-display-component---newResourceUnit--resource-anchor\"]"}
RESULT: {"using":"xpath","value":"//*[@id=\"application-manageresources-display-component---newResourceUnit--newRRUPage-anchBar-application-manageresources-display-component---newResourceUnit--resource-anchor\"]"}
COMMAND: POST /session/00fbe995d254b544c9b458c3d09ef85d/element/f.5B10500533936BC34E48C94F23BC04CA.d.47BB794081BE1670AE3649BE9D044688.e.3050/click - {}
RESULT: {}
COMMAND: POST /session/00fbe995d254b544c9b458c3d09ef85d/execute/async - {"script":"<script> [1562 bytes]","args":[{"selector":{"id":"application-manageresources-display-component---newResourceUnit--PLANNED_DELIVERY_DATE","interaction":{"idSuffix":"inner"}},"wdio_ui5_key":"applicationmanageresources-display-component---newResourceUnit--PLANNED_DELIVERY_DATE"}]}
COMMAND: GET /session/00fbe995d254b544c9b458c3d09ef85d/screenshot - {}
RESULT: {"script":"<script> [1562 bytes]","args":[{"selector":{"id":"application-manageresources-display-component---newResourceUnit--PLANNED_DELIVERY_DATE","interaction":{"idSuffix":"inner"}},"wdio_ui5_key":"applicationmanageresources-display-component---newResourceUnit--PLANNED_DELIVERY_DATE"}]}
RESULT: undefined
COMMAND: POST /session/00fbe995d254b544c9b458c3d09ef85d/execute/async - {"script":"<script> [6424 bytes]","args":[{"element-6066-11e4-a52e-4f735466cecf":"f.5B10500533936BC34E48C94F23BC04CA.d.47BB794081BE1670AE3649BE9D044688.e.2916"},"setValue",["5/13/25"]]}
RESULT: {}
RESULT: {"script":"<script> [6424 bytes]","args":[{"element-6066-11e4-a52e-4f735466cecf":"f.5B10500533936BC34E48C94F23BC04CA.d.47BB794081BE1670AE3649BE9D044688.e.2916"},"setValue",["5/13/25"]]}
COMMAND: POST /session/00fbe995d254b544c9b458c3d09ef85d/element - {"using":"xpath","value":"//label[contains(@class, 'sapMLabelRequired') and .//bdi[contains(text(), 'Planned Retirement')]]"}
RESULT: {"using":"xpath","value":"//label[contains(@class, 'sapMLabelRequired') and .//bdi[contains(text(), 'Planned Retirement')]]"}
COMMAND: POST /session/00fbe995d254b544c9b458c3d09ef85d/elements - {"using":"xpath","value":"//label[contains(@class, 'sapMLabelRequired') and .//bdi[contains(text(), 'Planned Retirement')]]"}
RESULT: {"using":"xpath","value":"//label[contains(@class, 'sapMLabelRequired') and .//bdi[contains(text(), 'Planned Retirement')]]"}
COMMAND: POST /session/00fbe995d254b544c9b458c3d09ef85d/element - {"using":"xpath","value":"//button[@data-kt=\"resourceUnitSaveButton\"]"}
RESULT: {"using":"xpath","value":"//button[@data-kt=\"resourceUnitSaveButton\"]"}
COMMAND: POST /session/00fbe995d254b544c9b458c3d09ef85d/element/f.5B10500533936BC34E48C94F23BC04CA.d.47BB794081BE1670AE3649BE9D044688.e.2877/click - {}
RESULT: {}
COMMAND: GET /session/00fbe995d254b544c9b458c3d09ef85d/screenshot - {}
RESULT: {}
COMMAND: POST /session/00fbe995d254b544c9b458c3d09ef85d/element - {"using":"xpath","value":"//bdi[contains(text(), \"Close\")]"}
RESULT: {"using":"xpath","value":"//bdi[contains(text(), \"Close\")]"}
COMMAND: POST /session/00fbe995d254b544c9b458c3d09ef85d/element/f.5B10500533936BC34E48C94F23BC04CA.d.47BB794081BE1670AE3649BE9D044688.e.3058/click - {}
RESULT: {}
COMMAND: GET /session/00fbe995d254b544c9b458c3d09ef85d/screenshot - {}
RESULT: {}
COMMAND: POST /session/00fbe995d254b544c9b458c3d09ef85d/element - {"using":"xpath","value":"(//button[contains(@id ,\"actionsToolbar-overflowButton\")])[1]"}
RESULT: {"using":"xpath","value":"(//button[contains(@id ,\"actionsToolbar-overflowButton\")])[1]"}
COMMAND: POST /session/00fbe995d254b544c9b458c3d09ef85d/element/f.5B10500533936BC34E48C94F23BC04CA.d.47BB794081BE1670AE3649BE9D044688.e.3092/click - {}
RESULT: {}
COMMAND: GET /session/00fbe995d254b544c9b458c3d09ef85d/screenshot - {}
RESULT: {}
COMMAND: POST /session/00fbe995d254b544c9b458c3d09ef85d/element - {"using":"xpath","value":"//button[@data-kt=\"priceInfoButton\"]"}
RESULT: {"using":"xpath","value":"//button[@data-kt=\"priceInfoButton\"]"}
COMMAND: POST /session/00fbe995d254b544c9b458c3d09ef85d/element/f.5B10500533936BC34E48C94F23BC04CA.d.47BB794081BE1670AE3649BE9D044688.e.3094/click - {}
RESULT: {}
COMMAND: GET /session/00fbe995d254b544c9b458c3d09ef85d/screenshot - {}
RESULT: {}
]]></system-out>
    </testcase>
    <testcase classname="chrome.136_0_7103_49.windows.Billing_Transfer_-_Master_data_&amp;_Intercompany_US127250" name="Should create new pricing rule TB on the equipment TB" time="51.827">
      <system-out><![CDATA[
COMMAND: POST /session/00fbe995d254b544c9b458c3d09ef85d/element - {"using":"xpath","value":"//button[@data-kt=\"addButton\"]"}
RESULT: {"using":"xpath","value":"//button[@data-kt=\"addButton\"]"}
COMMAND: POST /session/00fbe995d254b544c9b458c3d09ef85d/elements - {"using":"xpath","value":"//button[@data-kt=\"addButton\"]"}
RESULT: {"using":"xpath","value":"//button[@data-kt=\"addButton\"]"}
COMMAND: POST /session/00fbe995d254b544c9b458c3d09ef85d/elements - {"using":"xpath","value":"//button[@data-kt=\"addButton\"]"}
RESULT: {"using":"xpath","value":"//button[@data-kt=\"addButton\"]"}
COMMAND: POST /session/00fbe995d254b544c9b458c3d09ef85d/element - {"using":"xpath","value":"//button[@data-kt=\"addButton\"]"}
RESULT: {"using":"xpath","value":"//button[@data-kt=\"addButton\"]"}
COMMAND: POST /session/00fbe995d254b544c9b458c3d09ef85d/execute/sync - {"script":"<script> [8489 bytes]","args":[{"element-6066-11e4-a52e-4f735466cecf":"f.5B10500533936BC34E48C94F23BC04CA.d.47BB794081BE1670AE3649BE9D044688.e.3130","ELEMENT":"f.5B10500533936BC34E48C94F23BC04CA.d.47BB794081BE1670AE3649BE9D044688.e.3130"}]}
RESULT: {"script":"<script> [8489 bytes]","args":[{"element-6066-11e4-a52e-4f735466cecf":"f.5B10500533936BC34E48C94F23BC04CA.d.47BB794081BE1670AE3649BE9D044688.e.3130","ELEMENT":"f.5B10500533936BC34E48C94F23BC04CA.d.47BB794081BE1670AE3649BE9D044688.e.3130"}]}
COMMAND: GET /session/00fbe995d254b544c9b458c3d09ef85d/element/f.5B10500533936BC34E48C94F23BC04CA.d.47BB794081BE1670AE3649BE9D044688.e.3130/enabled - {}
COMMAND: GET /session/00fbe995d254b544c9b458c3d09ef85d/screenshot - {}
RESULT: {}
COMMAND: POST /session/00fbe995d254b544c9b458c3d09ef85d/execute/sync - {"script":"<script> [8489 bytes]","args":[{"element-6066-11e4-a52e-4f735466cecf":"f.5B10500533936BC34E48C94F23BC04CA.d.47BB794081BE1670AE3649BE9D044688.e.3130","ELEMENT":"f.5B10500533936BC34E48C94F23BC04CA.d.47BB794081BE1670AE3649BE9D044688.e.3130"}]}
COMMAND: GET /session/00fbe995d254b544c9b458c3d09ef85d/screenshot - {}
RESULT: {}
RESULT: {"script":"<script> [8489 bytes]","args":[{"element-6066-11e4-a52e-4f735466cecf":"f.5B10500533936BC34E48C94F23BC04CA.d.47BB794081BE1670AE3649BE9D044688.e.3130","ELEMENT":"f.5B10500533936BC34E48C94F23BC04CA.d.47BB794081BE1670AE3649BE9D044688.e.3130"}]}
COMMAND: POST /session/00fbe995d254b544c9b458c3d09ef85d/execute/sync - {"script":"<script> [5351 bytes]","args":[{"element-6066-11e4-a52e-4f735466cecf":"f.5B10500533936BC34E48C94F23BC04CA.d.47BB794081BE1670AE3649BE9D044688.e.3130","ELEMENT":"f.5B10500533936BC34E48C94F23BC04CA.d.47BB794081BE1670AE3649BE9D044688.e.3130"}]}
COMMAND: GET /session/00fbe995d254b544c9b458c3d09ef85d/screenshot - {}
RESULT: {}
RESULT: {"script":"<script> [5351 bytes]","args":[{"element-6066-11e4-a52e-4f735466cecf":"f.5B10500533936BC34E48C94F23BC04CA.d.47BB794081BE1670AE3649BE9D044688.e.3130","ELEMENT":"f.5B10500533936BC34E48C94F23BC04CA.d.47BB794081BE1670AE3649BE9D044688.e.3130"}]}
COMMAND: POST /session/00fbe995d254b544c9b458c3d09ef85d/element/f.5B10500533936BC34E48C94F23BC04CA.d.47BB794081BE1670AE3649BE9D044688.e.3130/click - {}
COMMAND: GET /session/00fbe995d254b544c9b458c3d09ef85d/screenshot - {}
RESULT: {}
RESULT: {}
COMMAND: GET /session/00fbe995d254b544c9b458c3d09ef85d/screenshot - {}
RESULT: {}
RESULT: {}
COMMAND: POST /session/00fbe995d254b544c9b458c3d09ef85d/execute/async - {"script":"<script> [1562 bytes]","args":[{"selector":{"controlType":"sap.m.Title","viewName":"etm.portal.ui.managepricingrules.view.NewItem","viewId":"application-managepricingrules-display-component---newInfoPriceItem","properties":{"text":"New Pricing Rules - Item Level"}},"wdio_ui5_key":"etmportal.ui.managepricingrules.view.NewItemsap.m.Title{\"text\":\"New Pricing Rules - Item Level\"}"}]}
RESULT: {"script":"<script> [1562 bytes]","args":[{"selector":{"controlType":"sap.m.Title","viewName":"etm.portal.ui.managepricingrules.view.NewItem","viewId":"application-managepricingrules-display-component---newInfoPriceItem","properties":{"text":"New Pricing Rules - Item Level"}},"wdio_ui5_key":"etmportal.ui.managepricingrules.view.NewItemsap.m.Title{\"text\":\"New Pricing Rules - Item Level\"}"}]}
RESULT: undefined
COMMAND: POST /session/00fbe995d254b544c9b458c3d09ef85d/execute/async - {"script":"<script> [6424 bytes]","args":[{"element-6066-11e4-a52e-4f735466cecf":"f.5B10500533936BC34E48C94F23BC04CA.d.47BB794081BE1670AE3649BE9D044688.e.3301"},"getText",[]]}
RESULT: {"script":"<script> [6424 bytes]","args":[{"element-6066-11e4-a52e-4f735466cecf":"f.5B10500533936BC34E48C94F23BC04CA.d.47BB794081BE1670AE3649BE9D044688.e.3301"},"getText",[]]}
COMMAND: POST /session/00fbe995d254b544c9b458c3d09ef85d/execute/async - {"script":"<script> [1562 bytes]","args":[{"selector":{"id":"application-managepricingrules-display-component---newInfoPriceItem--condValidTo","interaction":{"idSuffix":"inner"}},"wdio_ui5_key":"applicationmanagepricingrules-display-component---newInfoPriceItem--condValidTo"}]}
RESULT: {"script":"<script> [1562 bytes]","args":[{"selector":{"id":"application-managepricingrules-display-component---newInfoPriceItem--condValidTo","interaction":{"idSuffix":"inner"}},"wdio_ui5_key":"applicationmanagepricingrules-display-component---newInfoPriceItem--condValidTo"}]}
RESULT: undefined
COMMAND: POST /session/00fbe995d254b544c9b458c3d09ef85d/execute/async - {"script":"<script> [776 bytes]","args":[{"enterText":"01/13/26","selector":{"id":"application-managepricingrules-display-component---newInfoPriceItem--condValidTo","interaction":{"idSuffix":"inner"}},"clearTextFirst":true,"interactionType":"ENTER_TEXT"}]}
RESULT: {"script":"<script> [776 bytes]","args":[{"enterText":"01/13/26","selector":{"id":"application-managepricingrules-display-component---newInfoPriceItem--condValidTo","interaction":{"idSuffix":"inner"}},"clearTextFirst":true,"interactionType":"ENTER_TEXT"}]}
COMMAND: POST /session/00fbe995d254b544c9b458c3d09ef85d/execute/async - {"script":"<script> [1562 bytes]","args":[{"selector":{"id":"application-managepricingrules-display-component---newInfoPriceItem--billType-arrow"},"wdio_ui5_key":"applicationmanagepricingrules-display-component---newInfoPriceItem--billType-arrow"}]}
RESULT: {"script":"<script> [1562 bytes]","args":[{"selector":{"id":"application-managepricingrules-display-component---newInfoPriceItem--billType-arrow"},"wdio_ui5_key":"applicationmanagepricingrules-display-component---newInfoPriceItem--billType-arrow"}]}
RESULT: undefined
COMMAND: POST /session/00fbe995d254b544c9b458c3d09ef85d/element - {"using":"xpath","value":"//*[@id=\"application-managepricingrules-display-component---newInfoPriceItem--billType-arrow\"]"}
RESULT: {"using":"xpath","value":"//*[@id=\"application-managepricingrules-display-component---newInfoPriceItem--billType-arrow\"]"}
COMMAND: POST /session/00fbe995d254b544c9b458c3d09ef85d/element/f.5B10500533936BC34E48C94F23BC04CA.d.47BB794081BE1670AE3649BE9D044688.e.3261/click - {}
RESULT: {}
COMMAND: POST /session/00fbe995d254b544c9b458c3d09ef85d/element - {"using":"xpath","value":"//span[contains(text(), \"TB - Time based\")]"}
COMMAND: GET /session/00fbe995d254b544c9b458c3d09ef85d/screenshot - {}
RESULT: {"using":"xpath","value":"//span[contains(text(), \"TB - Time based\")]"}
COMMAND: POST /session/00fbe995d254b544c9b458c3d09ef85d/element/f.5B10500533936BC34E48C94F23BC04CA.d.47BB794081BE1670AE3649BE9D044688.e.3303/click - {}
RESULT: {}
RESULT: {}
COMMAND: POST /session/00fbe995d254b544c9b458c3d09ef85d/execute/async - {"script":"<script> [1562 bytes]","args":[{"selector":{"id":"application-managepricingrules-display-component---newInfoPriceItem--priceProc-arrow"},"wdio_ui5_key":"applicationmanagepricingrules-display-component---newInfoPriceItem--priceProc-arrow"}]}
COMMAND: GET /session/00fbe995d254b544c9b458c3d09ef85d/screenshot - {}
RESULT: {"script":"<script> [1562 bytes]","args":[{"selector":{"id":"application-managepricingrules-display-component---newInfoPriceItem--priceProc-arrow"},"wdio_ui5_key":"applicationmanagepricingrules-display-component---newInfoPriceItem--priceProc-arrow"}]}
RESULT: undefined
COMMAND: POST /session/00fbe995d254b544c9b458c3d09ef85d/element - {"using":"xpath","value":"//*[@id=\"application-managepricingrules-display-component---newInfoPriceItem--priceProc-arrow\"]"}
RESULT: {}
RESULT: {"using":"xpath","value":"//*[@id=\"application-managepricingrules-display-component---newInfoPriceItem--priceProc-arrow\"]"}
COMMAND: POST /session/00fbe995d254b544c9b458c3d09ef85d/element/f.5B10500533936BC34E48C94F23BC04CA.d.47BB794081BE1670AE3649BE9D044688.e.3268/click - {}
RESULT: {}
COMMAND: POST /session/00fbe995d254b544c9b458c3d09ef85d/element - {"using":"xpath","value":"//span[contains(text(), \"TBS - Time based standard\")]"}
COMMAND: GET /session/00fbe995d254b544c9b458c3d09ef85d/screenshot - {}
RESULT: {"using":"xpath","value":"//span[contains(text(), \"TBS - Time based standard\")]"}
COMMAND: POST /session/00fbe995d254b544c9b458c3d09ef85d/element/f.5B10500533936BC34E48C94F23BC04CA.d.47BB794081BE1670AE3649BE9D044688.e.3304/click - {}
RESULT: {}
RESULT: {}
COMMAND: POST /session/00fbe995d254b544c9b458c3d09ef85d/execute/async - {"script":"<script> [1562 bytes]","args":[{"selector":{"id":"application-managepricingrules-display-component---newInfoPriceItem--calcBase-arrow"},"wdio_ui5_key":"applicationmanagepricingrules-display-component---newInfoPriceItem--calcBase-arrow"}]}
COMMAND: GET /session/00fbe995d254b544c9b458c3d09ef85d/screenshot - {}
RESULT: {"script":"<script> [1562 bytes]","args":[{"selector":{"id":"application-managepricingrules-display-component---newInfoPriceItem--calcBase-arrow"},"wdio_ui5_key":"applicationmanagepricingrules-display-component---newInfoPriceItem--calcBase-arrow"}]}
RESULT: undefined
COMMAND: POST /session/00fbe995d254b544c9b458c3d09ef85d/element - {"using":"xpath","value":"//*[@id=\"application-managepricingrules-display-component---newInfoPriceItem--calcBase-arrow\"]"}
RESULT: {}
RESULT: {"using":"xpath","value":"//*[@id=\"application-managepricingrules-display-component---newInfoPriceItem--calcBase-arrow\"]"}
COMMAND: POST /session/00fbe995d254b544c9b458c3d09ef85d/element/f.5B10500533936BC34E48C94F23BC04CA.d.47BB794081BE1670AE3649BE9D044688.e.3275/click - {}
RESULT: {}
COMMAND: GET /session/00fbe995d254b544c9b458c3d09ef85d/screenshot - {}
RESULT: {}
COMMAND: POST /session/00fbe995d254b544c9b458c3d09ef85d/element - {"using":"xpath","value":"//span[contains(text(), \"0006 - TB(calendar days)\")]"}
RESULT: {"using":"xpath","value":"//span[contains(text(), \"0006 - TB(calendar days)\")]"}
COMMAND: POST /session/00fbe995d254b544c9b458c3d09ef85d/element/f.5B10500533936BC34E48C94F23BC04CA.d.47BB794081BE1670AE3649BE9D044688.e.3305/click - {}
RESULT: {}
COMMAND: GET /session/00fbe995d254b544c9b458c3d09ef85d/screenshot - {}
RESULT: {}
COMMAND: POST /session/00fbe995d254b544c9b458c3d09ef85d/execute/async - {"script":"<script> [1562 bytes]","args":[{"selector":{"id":"application-managepricingrules-display-component---newInfoPriceItem--daysMonth","interaction":{"idSuffix":"inner"}},"wdio_ui5_key":"applicationmanagepricingrules-display-component---newInfoPriceItem--daysMonth"}]}
RESULT: {"script":"<script> [1562 bytes]","args":[{"selector":{"id":"application-managepricingrules-display-component---newInfoPriceItem--daysMonth","interaction":{"idSuffix":"inner"}},"wdio_ui5_key":"applicationmanagepricingrules-display-component---newInfoPriceItem--daysMonth"}]}
RESULT: undefined
COMMAND: POST /session/00fbe995d254b544c9b458c3d09ef85d/execute/async - {"script":"<script> [776 bytes]","args":[{"enterText":"30","selector":{"id":"application-managepricingrules-display-component---newInfoPriceItem--daysMonth","interaction":{"idSuffix":"inner"}},"clearTextFirst":true,"interactionType":"ENTER_TEXT"}]}
RESULT: {"script":"<script> [776 bytes]","args":[{"enterText":"30","selector":{"id":"application-managepricingrules-display-component---newInfoPriceItem--daysMonth","interaction":{"idSuffix":"inner"}},"clearTextFirst":true,"interactionType":"ENTER_TEXT"}]}
COMMAND: POST /session/00fbe995d254b544c9b458c3d09ef85d/element - {"using":"xpath","value":"//button[@data-kt=\"saveNewRuleButton\"]"}
RESULT: {"using":"xpath","value":"//button[@data-kt=\"saveNewRuleButton\"]"}
COMMAND: POST /session/00fbe995d254b544c9b458c3d09ef85d/element/f.5B10500533936BC34E48C94F23BC04CA.d.47BB794081BE1670AE3649BE9D044688.e.3295/click - {}
RESULT: {}
COMMAND: GET /session/00fbe995d254b544c9b458c3d09ef85d/screenshot - {}
RESULT: {}
COMMAND: POST /session/00fbe995d254b544c9b458c3d09ef85d/execute/async - {"script":"<script> [1562 bytes]","args":[{"selector":{"id":"application-managepricingrules-display-component---priceInfoItem--smartFilterBar-btnBasicSearch","interaction":{"idSuffix":"I"}},"wdio_ui5_key":"applicationmanagepricingrules-display-component---priceInfoItem--smartFilterBar-btnBasicSearch"}]}
RESULT: {"script":"<script> [1562 bytes]","args":[{"selector":{"id":"application-managepricingrules-display-component---priceInfoItem--smartFilterBar-btnBasicSearch","interaction":{"idSuffix":"I"}},"wdio_ui5_key":"applicationmanagepricingrules-display-component---priceInfoItem--smartFilterBar-btnBasicSearch"}]}
RESULT: undefined
COMMAND: POST /session/00fbe995d254b544c9b458c3d09ef85d/execute/async - {"script":"<script> [776 bytes]","args":[{"enterText":"28eCOEdD6G","selector":{"id":"application-managepricingrules-display-component---priceInfoItem--smartFilterBar-btnBasicSearch","interaction":{"idSuffix":"I"}},"clearTextFirst":true,"interactionType":"ENTER_TEXT"}]}
RESULT: {"script":"<script> [776 bytes]","args":[{"enterText":"28eCOEdD6G","selector":{"id":"application-managepricingrules-display-component---priceInfoItem--smartFilterBar-btnBasicSearch","interaction":{"idSuffix":"I"}},"clearTextFirst":true,"interactionType":"ENTER_TEXT"}]}
COMMAND: POST /session/00fbe995d254b544c9b458c3d09ef85d/actions - {"actions":[{"id":"action12","type":"key","parameters":{},"actions":[{"type":"keyDown","value":"î€‡"},{"type":"pause","duration":10},{"type":"keyUp","value":"î€‡"}]}]}
RESULT: {"actions":[{"id":"action12","type":"key","parameters":{},"actions":[{"type":"keyDown","value":"î€‡"},{"type":"pause","duration":10},{"type":"keyUp","value":"î€‡"}]}]}
COMMAND: GET /session/00fbe995d254b544c9b458c3d09ef85d/screenshot - {}
RESULT: {}
COMMAND: POST /session/00fbe995d254b544c9b458c3d09ef85d/element - {"using":"xpath","value":"//span[@id=\"application-managepricingrules-display-component---priceInfoItem--smartTable-header-inner\"]"}
RESULT: {"using":"xpath","value":"//span[@id=\"application-managepricingrules-display-component---priceInfoItem--smartTable-header-inner\"]"}
COMMAND: POST /session/00fbe995d254b544c9b458c3d09ef85d/elements - {"using":"xpath","value":"//span[@id=\"application-managepricingrules-display-component---priceInfoItem--smartTable-header-inner\"]"}
RESULT: {"using":"xpath","value":"//span[@id=\"application-managepricingrules-display-component---priceInfoItem--smartTable-header-inner\"]"}
COMMAND: POST /session/00fbe995d254b544c9b458c3d09ef85d/execute/sync - {"script":"<script> [56 bytes]","args":[{"element-6066-11e4-a52e-4f735466cecf":"f.5B10500533936BC34E48C94F23BC04CA.d.47BB794081BE1670AE3649BE9D044688.e.3329","ELEMENT":"f.5B10500533936BC34E48C94F23BC04CA.d.47BB794081BE1670AE3649BE9D044688.e.3329"}]}
RESULT: {"script":"<script> [56 bytes]","args":[{"element-6066-11e4-a52e-4f735466cecf":"f.5B10500533936BC34E48C94F23BC04CA.d.47BB794081BE1670AE3649BE9D044688.e.3329","ELEMENT":"f.5B10500533936BC34E48C94F23BC04CA.d.47BB794081BE1670AE3649BE9D044688.e.3329"}]}
COMMAND: POST /session/00fbe995d254b544c9b458c3d09ef85d/element - {"using":"css selector","value":"#shell-header-logo"}
COMMAND: GET /session/00fbe995d254b544c9b458c3d09ef85d/screenshot - {}
RESULT: {"using":"css selector","value":"#shell-header-logo"}
COMMAND: POST /session/00fbe995d254b544c9b458c3d09ef85d/element/f.5B10500533936BC34E48C94F23BC04CA.d.47BB794081BE1670AE3649BE9D044688.e.2462/click - {}
RESULT: {}
RESULT: {}
COMMAND: GET /session/00fbe995d254b544c9b458c3d09ef85d/screenshot - {}
RESULT: {}
]]></system-out>
    </testcase>
    <testcase classname="chrome.136_0_7103_49.windows.Billing_Transfer_-_Master_data_&amp;_Intercompany_US127250" name="Should create new condition for equipment TB" time="74.343">
      <system-out><![CDATA[
COMMAND: POST /session/00fbe995d254b544c9b458c3d09ef85d/execute/async - {"script":"<script> [1562 bytes]","args":[{"selector":{"controlType":"sap.m.Text","properties":{"text":"Manage Conditions & Prices"},"interaction":{"idSuffix":"inner"}},"wdio_ui5_key":"sapm.Text{\"text\":\"Manage Conditions & Prices\"}"}]}
RESULT: {"script":"<script> [1562 bytes]","args":[{"selector":{"controlType":"sap.m.Text","properties":{"text":"Manage Conditions & Prices"},"interaction":{"idSuffix":"inner"}},"wdio_ui5_key":"sapm.Text{\"text\":\"Manage Conditions & Prices\"}"}]}
RESULT: undefined
COMMAND: POST /session/00fbe995d254b544c9b458c3d09ef85d/element - {"using":"xpath","value":"//*[@id=\"__tile53-title\"]"}
RESULT: {"using":"xpath","value":"//*[@id=\"__tile53-title\"]"}
COMMAND: POST /session/00fbe995d254b544c9b458c3d09ef85d/element/f.5B10500533936BC34E48C94F23BC04CA.d.47BB794081BE1670AE3649BE9D044688.e.3332/click - {}
RESULT: {}
COMMAND: POST /session/00fbe995d254b544c9b458c3d09ef85d/element - {"using":"xpath","value":"//button[@aria-label=\"Create\"]"}
COMMAND: GET /session/00fbe995d254b544c9b458c3d09ef85d/screenshot - {}
RESULT: {"using":"xpath","value":"//button[@aria-label=\"Create\"]"}
COMMAND: POST /session/00fbe995d254b544c9b458c3d09ef85d/elements - {"using":"xpath","value":"//button[@aria-label=\"Create\"]"}
RESULT: {}
RESULT: {"using":"xpath","value":"//button[@aria-label=\"Create\"]"}
COMMAND: POST /session/00fbe995d254b544c9b458c3d09ef85d/elements - {"using":"xpath","value":"//button[@aria-label=\"Create\"]"}
RESULT: {"using":"xpath","value":"//button[@aria-label=\"Create\"]"}
COMMAND: POST /session/00fbe995d254b544c9b458c3d09ef85d/elements - {"using":"xpath","value":"//button[@aria-label=\"Create\"]"}
RESULT: {"using":"xpath","value":"//button[@aria-label=\"Create\"]"}
COMMAND: POST /session/00fbe995d254b544c9b458c3d09ef85d/elements - {"using":"xpath","value":"//button[@aria-label=\"Create\"]"}
RESULT: {"using":"xpath","value":"//button[@aria-label=\"Create\"]"}
COMMAND: POST /session/00fbe995d254b544c9b458c3d09ef85d/elements - {"using":"xpath","value":"//button[@aria-label=\"Create\"]"}
RESULT: {"using":"xpath","value":"//button[@aria-label=\"Create\"]"}
COMMAND: POST /session/00fbe995d254b544c9b458c3d09ef85d/elements - {"using":"xpath","value":"//button[@aria-label=\"Create\"]"}
RESULT: {"using":"xpath","value":"//button[@aria-label=\"Create\"]"}
COMMAND: POST /session/00fbe995d254b544c9b458c3d09ef85d/elements - {"using":"xpath","value":"//button[@aria-label=\"Create\"]"}
RESULT: {"using":"xpath","value":"//button[@aria-label=\"Create\"]"}
COMMAND: POST /session/00fbe995d254b544c9b458c3d09ef85d/elements - {"using":"xpath","value":"//button[@aria-label=\"Create\"]"}
RESULT: {"using":"xpath","value":"//button[@aria-label=\"Create\"]"}
COMMAND: POST /session/00fbe995d254b544c9b458c3d09ef85d/elements - {"using":"xpath","value":"//button[@aria-label=\"Create\"]"}
RESULT: {"using":"xpath","value":"//button[@aria-label=\"Create\"]"}
COMMAND: POST /session/00fbe995d254b544c9b458c3d09ef85d/elements - {"using":"xpath","value":"//button[@aria-label=\"Create\"]"}
RESULT: {"using":"xpath","value":"//button[@aria-label=\"Create\"]"}
COMMAND: POST /session/00fbe995d254b544c9b458c3d09ef85d/elements - {"using":"xpath","value":"//button[@aria-label=\"Create\"]"}
RESULT: {"using":"xpath","value":"//button[@aria-label=\"Create\"]"}
COMMAND: POST /session/00fbe995d254b544c9b458c3d09ef85d/elements - {"using":"xpath","value":"//button[@aria-label=\"Create\"]"}
RESULT: {"using":"xpath","value":"//button[@aria-label=\"Create\"]"}
COMMAND: POST /session/00fbe995d254b544c9b458c3d09ef85d/elements - {"using":"xpath","value":"//button[@aria-label=\"Create\"]"}
RESULT: {"using":"xpath","value":"//button[@aria-label=\"Create\"]"}
COMMAND: POST /session/00fbe995d254b544c9b458c3d09ef85d/element - {"using":"xpath","value":"//button[@aria-label=\"Create\"]"}
RESULT: {"using":"xpath","value":"//button[@aria-label=\"Create\"]"}
COMMAND: POST /session/00fbe995d254b544c9b458c3d09ef85d/execute/sync - {"script":"<script> [8489 bytes]","args":[{"element-6066-11e4-a52e-4f735466cecf":"f.5B10500533936BC34E48C94F23BC04CA.d.47BB794081BE1670AE3649BE9D044688.e.3368","ELEMENT":"f.5B10500533936BC34E48C94F23BC04CA.d.47BB794081BE1670AE3649BE9D044688.e.3368"}]}
RESULT: {"script":"<script> [8489 bytes]","args":[{"element-6066-11e4-a52e-4f735466cecf":"f.5B10500533936BC34E48C94F23BC04CA.d.47BB794081BE1670AE3649BE9D044688.e.3368","ELEMENT":"f.5B10500533936BC34E48C94F23BC04CA.d.47BB794081BE1670AE3649BE9D044688.e.3368"}]}
COMMAND: GET /session/00fbe995d254b544c9b458c3d09ef85d/element/f.5B10500533936BC34E48C94F23BC04CA.d.47BB794081BE1670AE3649BE9D044688.e.3368/enabled - {}
COMMAND: GET /session/00fbe995d254b544c9b458c3d09ef85d/screenshot - {}
RESULT: {}
COMMAND: POST /session/00fbe995d254b544c9b458c3d09ef85d/execute/sync - {"script":"<script> [8489 bytes]","args":[{"element-6066-11e4-a52e-4f735466cecf":"f.5B10500533936BC34E48C94F23BC04CA.d.47BB794081BE1670AE3649BE9D044688.e.3368","ELEMENT":"f.5B10500533936BC34E48C94F23BC04CA.d.47BB794081BE1670AE3649BE9D044688.e.3368"}]}
COMMAND: GET /session/00fbe995d254b544c9b458c3d09ef85d/screenshot - {}
RESULT: {}
RESULT: {"script":"<script> [8489 bytes]","args":[{"element-6066-11e4-a52e-4f735466cecf":"f.5B10500533936BC34E48C94F23BC04CA.d.47BB794081BE1670AE3649BE9D044688.e.3368","ELEMENT":"f.5B10500533936BC34E48C94F23BC04CA.d.47BB794081BE1670AE3649BE9D044688.e.3368"}]}
COMMAND: POST /session/00fbe995d254b544c9b458c3d09ef85d/execute/sync - {"script":"<script> [5351 bytes]","args":[{"element-6066-11e4-a52e-4f735466cecf":"f.5B10500533936BC34E48C94F23BC04CA.d.47BB794081BE1670AE3649BE9D044688.e.3368","ELEMENT":"f.5B10500533936BC34E48C94F23BC04CA.d.47BB794081BE1670AE3649BE9D044688.e.3368"}]}
COMMAND: GET /session/00fbe995d254b544c9b458c3d09ef85d/screenshot - {}
RESULT: {}
RESULT: {"script":"<script> [5351 bytes]","args":[{"element-6066-11e4-a52e-4f735466cecf":"f.5B10500533936BC34E48C94F23BC04CA.d.47BB794081BE1670AE3649BE9D044688.e.3368","ELEMENT":"f.5B10500533936BC34E48C94F23BC04CA.d.47BB794081BE1670AE3649BE9D044688.e.3368"}]}
COMMAND: POST /session/00fbe995d254b544c9b458c3d09ef85d/element/f.5B10500533936BC34E48C94F23BC04CA.d.47BB794081BE1670AE3649BE9D044688.e.3368/click - {}
COMMAND: GET /session/00fbe995d254b544c9b458c3d09ef85d/screenshot - {}
RESULT: {}
RESULT: {}
COMMAND: GET /session/00fbe995d254b544c9b458c3d09ef85d/screenshot - {}
RESULT: {}
RESULT: {}
COMMAND: POST /session/00fbe995d254b544c9b458c3d09ef85d/actions - {"actions":[{"id":"action13","type":"key","parameters":{},"actions":[{"type":"keyDown","value":"î€‡"},{"type":"pause","duration":10},{"type":"keyUp","value":"î€‡"}]}]}
RESULT: {"actions":[{"id":"action13","type":"key","parameters":{},"actions":[{"type":"keyDown","value":"î€‡"},{"type":"pause","duration":10},{"type":"keyUp","value":"î€‡"}]}]}
COMMAND: GET /session/00fbe995d254b544c9b458c3d09ef85d/screenshot - {}
RESULT: {}
COMMAND: POST /session/00fbe995d254b544c9b458c3d09ef85d/execute/async - {"script":"<script> [1562 bytes]","args":[{"selector":{"id":"application-manageconditionprice-display-component---newCondition--condBillCond-arrow"},"wdio_ui5_key":"applicationmanageconditionprice-display-component---newCondition--condBillCond-arrow"}]}
RESULT: {"script":"<script> [1562 bytes]","args":[{"selector":{"id":"application-manageconditionprice-display-component---newCondition--condBillCond-arrow"},"wdio_ui5_key":"applicationmanageconditionprice-display-component---newCondition--condBillCond-arrow"}]}
RESULT: undefined
COMMAND: POST /session/00fbe995d254b544c9b458c3d09ef85d/element - {"using":"xpath","value":"//*[@id=\"application-manageconditionprice-display-component---newCondition--condBillCond-arrow\"]"}
RESULT: {"using":"xpath","value":"//*[@id=\"application-manageconditionprice-display-component---newCondition--condBillCond-arrow\"]"}
COMMAND: POST /session/00fbe995d254b544c9b458c3d09ef85d/element/f.5B10500533936BC34E48C94F23BC04CA.d.47BB794081BE1670AE3649BE9D044688.e.3580/click - {}
RESULT: {}
COMMAND: GET /session/00fbe995d254b544c9b458c3d09ef85d/screenshot - {}
RESULT: {}
COMMAND: POST /session/00fbe995d254b544c9b458c3d09ef85d/element - {"using":"xpath","value":"//li[.//span[contains(text(), \"DISP - D&I special price\")]]"}
RESULT: {"using":"xpath","value":"//li[.//span[contains(text(), \"DISP - D&I special price\")]]"}
COMMAND: POST /session/00fbe995d254b544c9b458c3d09ef85d/element/f.5B10500533936BC34E48C94F23BC04CA.d.47BB794081BE1670AE3649BE9D044688.e.3584/click - {}
RESULT: {}
COMMAND: GET /session/00fbe995d254b544c9b458c3d09ef85d/screenshot - {}
RESULT: {}
COMMAND: POST /session/00fbe995d254b544c9b458c3d09ef85d/execute/async - {"script":"<script> [1562 bytes]","args":[{"selector":{"id":"application-manageconditionprice-display-component---newCondition--condValidTo","interaction":{"idSuffix":"inner"}},"wdio_ui5_key":"applicationmanageconditionprice-display-component---newCondition--condValidTo"}]}
RESULT: {"script":"<script> [1562 bytes]","args":[{"selector":{"id":"application-manageconditionprice-display-component---newCondition--condValidTo","interaction":{"idSuffix":"inner"}},"wdio_ui5_key":"applicationmanageconditionprice-display-component---newCondition--condValidTo"}]}
RESULT: undefined
COMMAND: POST /session/00fbe995d254b544c9b458c3d09ef85d/execute/async - {"script":"<script> [776 bytes]","args":[{"enterText":"01/13/26","selector":{"id":"application-manageconditionprice-display-component---newCondition--condValidTo","interaction":{"idSuffix":"inner"}},"clearTextFirst":true,"interactionType":"ENTER_TEXT"}]}
RESULT: {"script":"<script> [776 bytes]","args":[{"enterText":"01/13/26","selector":{"id":"application-manageconditionprice-display-component---newCondition--condValidTo","interaction":{"idSuffix":"inner"}},"clearTextFirst":true,"interactionType":"ENTER_TEXT"}]}
COMMAND: POST /session/00fbe995d254b544c9b458c3d09ef85d/element - {"using":"xpath","value":"//input[@id=\"application-manageconditionprice-display-component---newCondition--condRU-inner\"]"}
RESULT: {"using":"xpath","value":"//input[@id=\"application-manageconditionprice-display-component---newCondition--condRU-inner\"]"}
COMMAND: POST /session/00fbe995d254b544c9b458c3d09ef85d/element/f.5B10500533936BC34E48C94F23BC04CA.d.47BB794081BE1670AE3649BE9D044688.e.3417/clear - {}
RESULT: {}
COMMAND: POST /session/00fbe995d254b544c9b458c3d09ef85d/element/f.5B10500533936BC34E48C94F23BC04CA.d.47BB794081BE1670AE3649BE9D044688.e.3417/value - {"text":"28eCOEdD6G"}
COMMAND: GET /session/00fbe995d254b544c9b458c3d09ef85d/screenshot - {}
RESULT: {"text":"28eCOEdD6G"}
COMMAND: GET /session/00fbe995d254b544c9b458c3d09ef85d/screenshot - {}
RESULT: {}
RESULT: {}
COMMAND: POST /session/00fbe995d254b544c9b458c3d09ef85d/actions - {"actions":[{"id":"action14","type":"key","parameters":{},"actions":[{"type":"keyDown","value":"î€‡"},{"type":"pause","duration":10},{"type":"keyUp","value":"î€‡"}]}]}
RESULT: {"actions":[{"id":"action14","type":"key","parameters":{},"actions":[{"type":"keyDown","value":"î€‡"},{"type":"pause","duration":10},{"type":"keyUp","value":"î€‡"}]}]}
COMMAND: POST /session/00fbe995d254b544c9b458c3d09ef85d/execute/async - {"script":"<script> [1562 bytes]","args":[{"selector":{"id":"application-manageconditionprice-display-component---newCondition--condBaseQty","interaction":{"idSuffix":"inner"}},"wdio_ui5_key":"applicationmanageconditionprice-display-component---newCondition--condBaseQty"}]}
COMMAND: GET /session/00fbe995d254b544c9b458c3d09ef85d/screenshot - {}
RESULT: {"script":"<script> [1562 bytes]","args":[{"selector":{"id":"application-manageconditionprice-display-component---newCondition--condBaseQty","interaction":{"idSuffix":"inner"}},"wdio_ui5_key":"applicationmanageconditionprice-display-component---newCondition--condBaseQty"}]}
RESULT: undefined
COMMAND: POST /session/00fbe995d254b544c9b458c3d09ef85d/execute/async - {"script":"<script> [776 bytes]","args":[{"enterText":"1","selector":{"id":"application-manageconditionprice-display-component---newCondition--condBaseQty","interaction":{"idSuffix":"inner"}},"clearTextFirst":true,"interactionType":"ENTER_TEXT"}]}
RESULT: {}
RESULT: {"script":"<script> [776 bytes]","args":[{"enterText":"1","selector":{"id":"application-manageconditionprice-display-component---newCondition--condBaseQty","interaction":{"idSuffix":"inner"}},"clearTextFirst":true,"interactionType":"ENTER_TEXT"}]}
COMMAND: POST /session/00fbe995d254b544c9b458c3d09ef85d/execute/async - {"script":"<script> [1562 bytes]","args":[{"selector":{"id":"application-manageconditionprice-display-component---newCondition--condValue","interaction":{"idSuffix":"inner"}},"wdio_ui5_key":"applicationmanageconditionprice-display-component---newCondition--condValue"}]}
RESULT: {"script":"<script> [1562 bytes]","args":[{"selector":{"id":"application-manageconditionprice-display-component---newCondition--condValue","interaction":{"idSuffix":"inner"}},"wdio_ui5_key":"applicationmanageconditionprice-display-component---newCondition--condValue"}]}
RESULT: undefined
COMMAND: POST /session/00fbe995d254b544c9b458c3d09ef85d/execute/async - {"script":"<script> [776 bytes]","args":[{"enterText":"100","selector":{"id":"application-manageconditionprice-display-component---newCondition--condValue","interaction":{"idSuffix":"inner"}},"clearTextFirst":true,"interactionType":"ENTER_TEXT"}]}
RESULT: {"script":"<script> [776 bytes]","args":[{"enterText":"100","selector":{"id":"application-manageconditionprice-display-component---newCondition--condValue","interaction":{"idSuffix":"inner"}},"clearTextFirst":true,"interactionType":"ENTER_TEXT"}]}
COMMAND: POST /session/00fbe995d254b544c9b458c3d09ef85d/execute/async - {"script":"<script> [1562 bytes]","args":[{"selector":{"id":"application-manageconditionprice-display-component---newCondition--condCurr-arrow"},"wdio_ui5_key":"applicationmanageconditionprice-display-component---newCondition--condCurr-arrow"}]}
RESULT: {"script":"<script> [1562 bytes]","args":[{"selector":{"id":"application-manageconditionprice-display-component---newCondition--condCurr-arrow"},"wdio_ui5_key":"applicationmanageconditionprice-display-component---newCondition--condCurr-arrow"}]}
RESULT: undefined
COMMAND: POST /session/00fbe995d254b544c9b458c3d09ef85d/element - {"using":"xpath","value":"//*[@id=\"application-manageconditionprice-display-component---newCondition--condCurr-arrow\"]"}
RESULT: {"using":"xpath","value":"//*[@id=\"application-manageconditionprice-display-component---newCondition--condCurr-arrow\"]"}
COMMAND: POST /session/00fbe995d254b544c9b458c3d09ef85d/element/f.5B10500533936BC34E48C94F23BC04CA.d.47BB794081BE1670AE3649BE9D044688.e.3550/click - {}
RESULT: {}
COMMAND: POST /session/00fbe995d254b544c9b458c3d09ef85d/element - {"using":"xpath","value":"//span[contains(text(), \"Euro\")]"}
COMMAND: GET /session/00fbe995d254b544c9b458c3d09ef85d/screenshot - {}
RESULT: {"using":"xpath","value":"//span[contains(text(), \"Euro\")]"}
COMMAND: POST /session/00fbe995d254b544c9b458c3d09ef85d/element/f.5B10500533936BC34E48C94F23BC04CA.d.47BB794081BE1670AE3649BE9D044688.e.3619/click - {}
RESULT: {}
RESULT: {}
COMMAND: POST /session/00fbe995d254b544c9b458c3d09ef85d/element - {"using":"xpath","value":"//button[@data-kt=\"saveButton\"]"}
COMMAND: GET /session/00fbe995d254b544c9b458c3d09ef85d/screenshot - {}
RESULT: {"using":"xpath","value":"//button[@data-kt=\"saveButton\"]"}
COMMAND: POST /session/00fbe995d254b544c9b458c3d09ef85d/element/f.5B10500533936BC34E48C94F23BC04CA.d.47BB794081BE1670AE3649BE9D044688.e.3551/click - {}
RESULT: {}
RESULT: {}
COMMAND: GET /session/00fbe995d254b544c9b458c3d09ef85d/screenshot - {}
RESULT: {}
COMMAND: POST /session/00fbe995d254b544c9b458c3d09ef85d/execute/async - {"script":"<script> [1562 bytes]","args":[{"selector":{"id":"application-manageconditionprice-display-component---conditions--smartFilterBar-btnBasicSearch","interaction":{"idSuffix":"I"}},"wdio_ui5_key":"applicationmanageconditionprice-display-component---conditions--smartFilterBar-btnBasicSearch"}]}
RESULT: {"script":"<script> [1562 bytes]","args":[{"selector":{"id":"application-manageconditionprice-display-component---conditions--smartFilterBar-btnBasicSearch","interaction":{"idSuffix":"I"}},"wdio_ui5_key":"applicationmanageconditionprice-display-component---conditions--smartFilterBar-btnBasicSearch"}]}
RESULT: undefined
COMMAND: POST /session/00fbe995d254b544c9b458c3d09ef85d/execute/async - {"script":"<script> [776 bytes]","args":[{"enterText":"28eCOEdD6G","selector":{"id":"application-manageconditionprice-display-component---conditions--smartFilterBar-btnBasicSearch","interaction":{"idSuffix":"I"}},"clearTextFirst":true,"interactionType":"ENTER_TEXT"}]}
RESULT: {"script":"<script> [776 bytes]","args":[{"enterText":"28eCOEdD6G","selector":{"id":"application-manageconditionprice-display-component---conditions--smartFilterBar-btnBasicSearch","interaction":{"idSuffix":"I"}},"clearTextFirst":true,"interactionType":"ENTER_TEXT"}]}
COMMAND: POST /session/00fbe995d254b544c9b458c3d09ef85d/actions - {"actions":[{"id":"action15","type":"key","parameters":{},"actions":[{"type":"keyDown","value":"î€‡"},{"type":"pause","duration":10},{"type":"keyUp","value":"î€‡"}]}]}
RESULT: {"actions":[{"id":"action15","type":"key","parameters":{},"actions":[{"type":"keyDown","value":"î€‡"},{"type":"pause","duration":10},{"type":"keyUp","value":"î€‡"}]}]}
COMMAND: GET /session/00fbe995d254b544c9b458c3d09ef85d/screenshot - {}
RESULT: {}
COMMAND: POST /session/00fbe995d254b544c9b458c3d09ef85d/execute/async - {"script":"<script> [1562 bytes]","args":[{"selector":{"id":"application-manageconditionprice-display-component---conditions--smartFilterBar-filterItemControl_BASIC-BILL_TYPES-vhi"},"wdio_ui5_key":"applicationmanageconditionprice-display-component---conditions--smartFilterBar-filterItemControl_BASIC-BILL_TYPES-vhi"}]}
RESULT: {"script":"<script> [1562 bytes]","args":[{"selector":{"id":"application-manageconditionprice-display-component---conditions--smartFilterBar-filterItemControl_BASIC-BILL_TYPES-vhi"},"wdio_ui5_key":"applicationmanageconditionprice-display-component---conditions--smartFilterBar-filterItemControl_BASIC-BILL_TYPES-vhi"}]}
RESULT: undefined
COMMAND: POST /session/00fbe995d254b544c9b458c3d09ef85d/element - {"using":"xpath","value":"//*[@id=\"application-manageconditionprice-display-component---conditions--smartFilterBar-filterItemControl_BASIC-BILL_TYPES-vhi\"]"}
RESULT: {"using":"xpath","value":"//*[@id=\"application-manageconditionprice-display-component---conditions--smartFilterBar-filterItemControl_BASIC-BILL_TYPES-vhi\"]"}
COMMAND: POST /session/00fbe995d254b544c9b458c3d09ef85d/element/f.5B10500533936BC34E48C94F23BC04CA.d.47BB794081BE1670AE3649BE9D044688.e.3719/click - {}
RESULT: {}
COMMAND: POST /session/00fbe995d254b544c9b458c3d09ef85d/execute/async - {"script":"<script> [1562 bytes]","args":[{"selector":{"id":"application-manageconditionprice-display-component---conditions--smartFilterBar-filterItemControl_BASIC-BILL_TYPES-valueHelpDialog-smartFilterBar-btnBasicSearch","searchOpenDialogs":true,"interaction":{"idSuffix":"I"}},"wdio_ui5_key":"applicationmanageconditionprice-display-component---conditions--smartFilterBar-filterItemControl_BASIC-BILL_TYPES-valueHelpDialog-smartFilterBar-btnBasicSearch"}]}
COMMAND: GET /session/00fbe995d254b544c9b458c3d09ef85d/screenshot - {}
RESULT: {"script":"<script> [1562 bytes]","args":[{"selector":{"id":"application-manageconditionprice-display-component---conditions--smartFilterBar-filterItemControl_BASIC-BILL_TYPES-valueHelpDialog-smartFilterBar-btnBasicSearch","searchOpenDialogs":true,"interaction":{"idSuffix":"I"}},"wdio_ui5_key":"applicationmanageconditionprice-display-component---conditions--smartFilterBar-filterItemControl_BASIC-BILL_TYPES-valueHelpDialog-smartFilterBar-btnBasicSearch"}]}
RESULT: undefined
COMMAND: POST /session/00fbe995d254b544c9b458c3d09ef85d/execute/async - {"script":"<script> [776 bytes]","args":[{"enterText":"TB","selector":{"id":"application-manageconditionprice-display-component---conditions--smartFilterBar-filterItemControl_BASIC-BILL_TYPES-valueHelpDialog-smartFilterBar-btnBasicSearch","searchOpenDialogs":true,"interaction":{"idSuffix":"I"}},"clearTextFirst":true,"interactionType":"ENTER_TEXT"}]}
RESULT: {}
RESULT: {"script":"<script> [776 bytes]","args":[{"enterText":"TB","selector":{"id":"application-manageconditionprice-display-component---conditions--smartFilterBar-filterItemControl_BASIC-BILL_TYPES-valueHelpDialog-smartFilterBar-btnBasicSearch","searchOpenDialogs":true,"interaction":{"idSuffix":"I"}},"clearTextFirst":true,"interactionType":"ENTER_TEXT"}]}
COMMAND: POST /session/00fbe995d254b544c9b458c3d09ef85d/actions - {"actions":[{"id":"action16","type":"key","parameters":{},"actions":[{"type":"keyDown","value":"î€‡"},{"type":"pause","duration":10},{"type":"keyUp","value":"î€‡"}]}]}
RESULT: {"actions":[{"id":"action16","type":"key","parameters":{},"actions":[{"type":"keyDown","value":"î€‡"},{"type":"pause","duration":10},{"type":"keyUp","value":"î€‡"}]}]}
COMMAND: GET /session/00fbe995d254b544c9b458c3d09ef85d/screenshot - {}
RESULT: {}
COMMAND: POST /session/00fbe995d254b544c9b458c3d09ef85d/element - {"using":"xpath","value":"//div[contains(@id, 'application-manageconditionprice-display-component---conditions--smartFilterBar-filterItemControl_BASIC-BILL_TYPES-valueHelpDialog-table-rowsel0')]"}
RESULT: {"using":"xpath","value":"//div[contains(@id, 'application-manageconditionprice-display-component---conditions--smartFilterBar-filterItemControl_BASIC-BILL_TYPES-valueHelpDialog-table-rowsel0')]"}
COMMAND: POST /session/00fbe995d254b544c9b458c3d09ef85d/element/f.5B10500533936BC34E48C94F23BC04CA.d.47BB794081BE1670AE3649BE9D044688.e.3727/click - {}
RESULT: {}
COMMAND: GET /session/00fbe995d254b544c9b458c3d09ef85d/screenshot - {}
RESULT: {}
COMMAND: POST /session/00fbe995d254b544c9b458c3d09ef85d/element - {"using":"xpath","value":"//bdi[contains(text(), \"OK\")]"}
RESULT: {"using":"xpath","value":"//bdi[contains(text(), \"OK\")]"}
COMMAND: POST /session/00fbe995d254b544c9b458c3d09ef85d/element/f.5B10500533936BC34E48C94F23BC04CA.d.47BB794081BE1670AE3649BE9D044688.e.3729/click - {}
RESULT: {}
COMMAND: GET /session/00fbe995d254b544c9b458c3d09ef85d/screenshot - {}
RESULT: {}
COMMAND: POST /session/00fbe995d254b544c9b458c3d09ef85d/element - {"using":"xpath","value":"//span[@id=\"application-manageconditionprice-display-component---conditions--smartTable-header-inner\"]"}
RESULT: {"using":"xpath","value":"//span[@id=\"application-manageconditionprice-display-component---conditions--smartTable-header-inner\"]"}
COMMAND: POST /session/00fbe995d254b544c9b458c3d09ef85d/elements - {"using":"xpath","value":"//span[@id=\"application-manageconditionprice-display-component---conditions--smartTable-header-inner\"]"}
RESULT: {"using":"xpath","value":"//span[@id=\"application-manageconditionprice-display-component---conditions--smartTable-header-inner\"]"}
COMMAND: POST /session/00fbe995d254b544c9b458c3d09ef85d/execute/sync - {"script":"<script> [56 bytes]","args":[{"element-6066-11e4-a52e-4f735466cecf":"f.5B10500533936BC34E48C94F23BC04CA.d.47BB794081BE1670AE3649BE9D044688.e.3732","ELEMENT":"f.5B10500533936BC34E48C94F23BC04CA.d.47BB794081BE1670AE3649BE9D044688.e.3732"}]}
RESULT: {"script":"<script> [56 bytes]","args":[{"element-6066-11e4-a52e-4f735466cecf":"f.5B10500533936BC34E48C94F23BC04CA.d.47BB794081BE1670AE3649BE9D044688.e.3732","ELEMENT":"f.5B10500533936BC34E48C94F23BC04CA.d.47BB794081BE1670AE3649BE9D044688.e.3732"}]}
COMMAND: POST /session/00fbe995d254b544c9b458c3d09ef85d/element - {"using":"css selector","value":"#shell-header-logo"}
COMMAND: GET /session/00fbe995d254b544c9b458c3d09ef85d/screenshot - {}
RESULT: {"using":"css selector","value":"#shell-header-logo"}
COMMAND: POST /session/00fbe995d254b544c9b458c3d09ef85d/element/f.5B10500533936BC34E48C94F23BC04CA.d.47BB794081BE1670AE3649BE9D044688.e.3335/click - {}
RESULT: {}
RESULT: {}
COMMAND: GET /session/00fbe995d254b544c9b458c3d09ef85d/screenshot - {}
RESULT: {}
]]></system-out>
    </testcase>
  </testsuite>
  <testsuite timestamp="2025-05-13T17:38:15" time="935.162" tests="12" failures="6" errors="6" skipped="0">
    <properties>
      <property name="specId" value="0" />
      <property name="suiteName" value="Billing Transfer - Intracompany US127249" />
      <property name="capabilities" value="chrome.136_0_7103_49.windows" />
      <property name="file" value="file:///D:/a/1/s/test/specs/BTS/billing-transfer-intracompany.spec.js" />
    </properties>
    <testcase classname="chrome.136_0_7103_49.windows.Billing_Transfer_-_Intracompany_US127249" name="Should create a new yard" time="100.393">
      <system-out><![CDATA[
COMMAND: POST /session/00fbe995d254b544c9b458c3d09ef85d/window/fullscreen - {}
RESULT: {}
COMMAND: POST /session/00fbe995d254b544c9b458c3d09ef85d/execute/async - {"script":"<script> [1562 bytes]","args":[{"selector":{"controlType":"sap.m.GenericTile","properties":{"header":"Manage Yards"}},"wdio_ui5_key":"sapm.GenericTile{\"header\":\"Manage Yards\"}"}]}
RESULT: {"script":"<script> [1562 bytes]","args":[{"selector":{"controlType":"sap.m.GenericTile","properties":{"header":"Manage Yards"}},"wdio_ui5_key":"sapm.GenericTile{\"header\":\"Manage Yards\"}"}]}
RESULT: undefined
COMMAND: POST /session/00fbe995d254b544c9b458c3d09ef85d/element - {"using":"xpath","value":"//*[@id=\"__tile41\"]"}
RESULT: {"using":"xpath","value":"//*[@id=\"__tile41\"]"}
COMMAND: POST /session/00fbe995d254b544c9b458c3d09ef85d/element/f.5B10500533936BC34E48C94F23BC04CA.d.D85AD925039320D1E92FE99C03400455.e.4462/click - {}
RESULT: {}
COMMAND: POST /session/00fbe995d254b544c9b458c3d09ef85d/element - {"using":"xpath","value":"//button[@data-kt=\"addNewYardOverflowToolbarButton\"]"}
COMMAND: GET /session/00fbe995d254b544c9b458c3d09ef85d/screenshot - {}
RESULT: {"using":"xpath","value":"//button[@data-kt=\"addNewYardOverflowToolbarButton\"]"}
COMMAND: POST /session/00fbe995d254b544c9b458c3d09ef85d/elements - {"using":"xpath","value":"//button[@data-kt=\"addNewYardOverflowToolbarButton\"]"}
RESULT: {}
RESULT: {"using":"xpath","value":"//button[@data-kt=\"addNewYardOverflowToolbarButton\"]"}
COMMAND: POST /session/00fbe995d254b544c9b458c3d09ef85d/elements - {"using":"xpath","value":"//button[@data-kt=\"addNewYardOverflowToolbarButton\"]"}
RESULT: {"using":"xpath","value":"//button[@data-kt=\"addNewYardOverflowToolbarButton\"]"}
COMMAND: POST /session/00fbe995d254b544c9b458c3d09ef85d/elements - {"using":"xpath","value":"//button[@data-kt=\"addNewYardOverflowToolbarButton\"]"}
RESULT: {"using":"xpath","value":"//button[@data-kt=\"addNewYardOverflowToolbarButton\"]"}
COMMAND: POST /session/00fbe995d254b544c9b458c3d09ef85d/elements - {"using":"xpath","value":"//button[@data-kt=\"addNewYardOverflowToolbarButton\"]"}
RESULT: {"using":"xpath","value":"//button[@data-kt=\"addNewYardOverflowToolbarButton\"]"}
COMMAND: POST /session/00fbe995d254b544c9b458c3d09ef85d/elements - {"using":"xpath","value":"//button[@data-kt=\"addNewYardOverflowToolbarButton\"]"}
RESULT: {"using":"xpath","value":"//button[@data-kt=\"addNewYardOverflowToolbarButton\"]"}
COMMAND: POST /session/00fbe995d254b544c9b458c3d09ef85d/elements - {"using":"xpath","value":"//button[@data-kt=\"addNewYardOverflowToolbarButton\"]"}
RESULT: {"using":"xpath","value":"//button[@data-kt=\"addNewYardOverflowToolbarButton\"]"}
COMMAND: POST /session/00fbe995d254b544c9b458c3d09ef85d/elements - {"using":"xpath","value":"//button[@data-kt=\"addNewYardOverflowToolbarButton\"]"}
RESULT: {"using":"xpath","value":"//button[@data-kt=\"addNewYardOverflowToolbarButton\"]"}
COMMAND: POST /session/00fbe995d254b544c9b458c3d09ef85d/elements - {"using":"xpath","value":"//button[@data-kt=\"addNewYardOverflowToolbarButton\"]"}
RESULT: {"using":"xpath","value":"//button[@data-kt=\"addNewYardOverflowToolbarButton\"]"}
COMMAND: POST /session/00fbe995d254b544c9b458c3d09ef85d/elements - {"using":"xpath","value":"//button[@data-kt=\"addNewYardOverflowToolbarButton\"]"}
RESULT: {"using":"xpath","value":"//button[@data-kt=\"addNewYardOverflowToolbarButton\"]"}
COMMAND: POST /session/00fbe995d254b544c9b458c3d09ef85d/elements - {"using":"xpath","value":"//button[@data-kt=\"addNewYardOverflowToolbarButton\"]"}
RESULT: {"using":"xpath","value":"//button[@data-kt=\"addNewYardOverflowToolbarButton\"]"}
COMMAND: POST /session/00fbe995d254b544c9b458c3d09ef85d/elements - {"using":"xpath","value":"//button[@data-kt=\"addNewYardOverflowToolbarButton\"]"}
RESULT: {"using":"xpath","value":"//button[@data-kt=\"addNewYardOverflowToolbarButton\"]"}
COMMAND: POST /session/00fbe995d254b544c9b458c3d09ef85d/element - {"using":"xpath","value":"//button[@data-kt=\"addNewYardOverflowToolbarButton\"]"}
RESULT: {"using":"xpath","value":"//button[@data-kt=\"addNewYardOverflowToolbarButton\"]"}
COMMAND: POST /session/00fbe995d254b544c9b458c3d09ef85d/execute/sync - {"script":"<script> [8489 bytes]","args":[{"element-6066-11e4-a52e-4f735466cecf":"f.5B10500533936BC34E48C94F23BC04CA.d.D85AD925039320D1E92FE99C03400455.e.4596","ELEMENT":"f.5B10500533936BC34E48C94F23BC04CA.d.D85AD925039320D1E92FE99C03400455.e.4596"}]}
RESULT: {"script":"<script> [8489 bytes]","args":[{"element-6066-11e4-a52e-4f735466cecf":"f.5B10500533936BC34E48C94F23BC04CA.d.D85AD925039320D1E92FE99C03400455.e.4596","ELEMENT":"f.5B10500533936BC34E48C94F23BC04CA.d.D85AD925039320D1E92FE99C03400455.e.4596"}]}
COMMAND: GET /session/00fbe995d254b544c9b458c3d09ef85d/element/f.5B10500533936BC34E48C94F23BC04CA.d.D85AD925039320D1E92FE99C03400455.e.4596/enabled - {}
COMMAND: GET /session/00fbe995d254b544c9b458c3d09ef85d/screenshot - {}
RESULT: {}
COMMAND: POST /session/00fbe995d254b544c9b458c3d09ef85d/execute/sync - {"script":"<script> [8489 bytes]","args":[{"element-6066-11e4-a52e-4f735466cecf":"f.5B10500533936BC34E48C94F23BC04CA.d.D85AD925039320D1E92FE99C03400455.e.4596","ELEMENT":"f.5B10500533936BC34E48C94F23BC04CA.d.D85AD925039320D1E92FE99C03400455.e.4596"}]}
COMMAND: GET /session/00fbe995d254b544c9b458c3d09ef85d/screenshot - {}
RESULT: {}
RESULT: {"script":"<script> [8489 bytes]","args":[{"element-6066-11e4-a52e-4f735466cecf":"f.5B10500533936BC34E48C94F23BC04CA.d.D85AD925039320D1E92FE99C03400455.e.4596","ELEMENT":"f.5B10500533936BC34E48C94F23BC04CA.d.D85AD925039320D1E92FE99C03400455.e.4596"}]}
COMMAND: POST /session/00fbe995d254b544c9b458c3d09ef85d/execute/sync - {"script":"<script> [5351 bytes]","args":[{"element-6066-11e4-a52e-4f735466cecf":"f.5B10500533936BC34E48C94F23BC04CA.d.D85AD925039320D1E92FE99C03400455.e.4596","ELEMENT":"f.5B10500533936BC34E48C94F23BC04CA.d.D85AD925039320D1E92FE99C03400455.e.4596"}]}
COMMAND: GET /session/00fbe995d254b544c9b458c3d09ef85d/screenshot - {}
RESULT: {}
RESULT: {}
RESULT: {"script":"<script> [5351 bytes]","args":[{"element-6066-11e4-a52e-4f735466cecf":"f.5B10500533936BC34E48C94F23BC04CA.d.D85AD925039320D1E92FE99C03400455.e.4596","ELEMENT":"f.5B10500533936BC34E48C94F23BC04CA.d.D85AD925039320D1E92FE99C03400455.e.4596"}]}
COMMAND: POST /session/00fbe995d254b544c9b458c3d09ef85d/element/f.5B10500533936BC34E48C94F23BC04CA.d.D85AD925039320D1E92FE99C03400455.e.4596/click - {}
COMMAND: GET /session/00fbe995d254b544c9b458c3d09ef85d/screenshot - {}
RESULT: {}
COMMAND: GET /session/00fbe995d254b544c9b458c3d09ef85d/screenshot - {}
RESULT: {}
COMMAND: POST /session/00fbe995d254b544c9b458c3d09ef85d/element - {"using":"xpath","value":"//input[@id=\"application-manageyards-display-component---NewYard--yardId-inner\"]"}
RESULT: {}
RESULT: {"using":"xpath","value":"//input[@id=\"application-manageyards-display-component---NewYard--yardId-inner\"]"}
COMMAND: POST /session/00fbe995d254b544c9b458c3d09ef85d/element - {"using":"xpath","value":"//input[@id=\"application-manageyards-display-component---NewYard--yardId-inner\"]"}
RESULT: {"using":"xpath","value":"//input[@id=\"application-manageyards-display-component---NewYard--yardId-inner\"]"}
COMMAND: POST /session/00fbe995d254b544c9b458c3d09ef85d/execute/async - {"script":"<script> [1562 bytes]","args":[{"selector":{"id":"application-manageyards-display-component---NewYard--addressDetailDetailsName1","interaction":{"idSuffix":"inner"}},"wdio_ui5_key":"applicationmanageyards-display-component---NewYard--addressDetailDetailsName1"}]}
RESULT: {"script":"<script> [1562 bytes]","args":[{"selector":{"id":"application-manageyards-display-component---NewYard--addressDetailDetailsName1","interaction":{"idSuffix":"inner"}},"wdio_ui5_key":"applicationmanageyards-display-component---NewYard--addressDetailDetailsName1"}]}
RESULT: undefined
COMMAND: POST /session/00fbe995d254b544c9b458c3d09ef85d/execute/async - {"script":"<script> [776 bytes]","args":[{"enterText":"Intracompany Yard wdIO","selector":{"id":"application-manageyards-display-component---NewYard--addressDetailDetailsName1","interaction":{"idSuffix":"inner"}},"clearTextFirst":true,"interactionType":"ENTER_TEXT"}]}
RESULT: {"script":"<script> [776 bytes]","args":[{"enterText":"Intracompany Yard wdIO","selector":{"id":"application-manageyards-display-component---NewYard--addressDetailDetailsName1","interaction":{"idSuffix":"inner"}},"clearTextFirst":true,"interactionType":"ENTER_TEXT"}]}
COMMAND: POST /session/00fbe995d254b544c9b458c3d09ef85d/execute/async - {"script":"<script> [1562 bytes]","args":[{"selector":{"id":"application-manageyards-display-component---NewYard--addressDetailDetailsLanguage-arrow"},"wdio_ui5_key":"applicationmanageyards-display-component---NewYard--addressDetailDetailsLanguage-arrow"}]}
RESULT: {"script":"<script> [1562 bytes]","args":[{"selector":{"id":"application-manageyards-display-component---NewYard--addressDetailDetailsLanguage-arrow"},"wdio_ui5_key":"applicationmanageyards-display-component---NewYard--addressDetailDetailsLanguage-arrow"}]}
RESULT: undefined
COMMAND: POST /session/00fbe995d254b544c9b458c3d09ef85d/element - {"using":"xpath","value":"//*[@id=\"application-manageyards-display-component---NewYard--addressDetailDetailsLanguage-arrow\"]"}
RESULT: {"using":"xpath","value":"//*[@id=\"application-manageyards-display-component---NewYard--addressDetailDetailsLanguage-arrow\"]"}
COMMAND: POST /session/00fbe995d254b544c9b458c3d09ef85d/element/f.5B10500533936BC34E48C94F23BC04CA.d.D85AD925039320D1E92FE99C03400455.e.5031/click - {}
RESULT: {}
COMMAND: POST /session/00fbe995d254b544c9b458c3d09ef85d/element - {"using":"xpath","value":"//span[contains(text(), \"English\")]"}
COMMAND: GET /session/00fbe995d254b544c9b458c3d09ef85d/screenshot - {}
RESULT: {"using":"xpath","value":"//span[contains(text(), \"English\")]"}
COMMAND: POST /session/00fbe995d254b544c9b458c3d09ef85d/element/f.5B10500533936BC34E48C94F23BC04CA.d.D85AD925039320D1E92FE99C03400455.e.5032/click - {}
RESULT: {}
RESULT: {}
COMMAND: POST /session/00fbe995d254b544c9b458c3d09ef85d/execute/async - {"script":"<script> [1562 bytes]","args":[{"selector":{"id":"application-manageyards-display-component---NewYard--addressDetailDetailsCity1","interaction":{"idSuffix":"inner"}},"wdio_ui5_key":"applicationmanageyards-display-component---NewYard--addressDetailDetailsCity1"}]}
COMMAND: GET /session/00fbe995d254b544c9b458c3d09ef85d/screenshot - {}
RESULT: {"script":"<script> [1562 bytes]","args":[{"selector":{"id":"application-manageyards-display-component---NewYard--addressDetailDetailsCity1","interaction":{"idSuffix":"inner"}},"wdio_ui5_key":"applicationmanageyards-display-component---NewYard--addressDetailDetailsCity1"}]}
RESULT: undefined
COMMAND: POST /session/00fbe995d254b544c9b458c3d09ef85d/execute/async - {"script":"<script> [776 bytes]","args":[{"enterText":"Rosario","selector":{"id":"application-manageyards-display-component---NewYard--addressDetailDetailsCity1","interaction":{"idSuffix":"inner"}},"clearTextFirst":true,"interactionType":"ENTER_TEXT"}]}
RESULT: {}
RESULT: {"script":"<script> [776 bytes]","args":[{"enterText":"Rosario","selector":{"id":"application-manageyards-display-component---NewYard--addressDetailDetailsCity1","interaction":{"idSuffix":"inner"}},"clearTextFirst":true,"interactionType":"ENTER_TEXT"}]}
COMMAND: POST /session/00fbe995d254b544c9b458c3d09ef85d/execute/async - {"script":"<script> [1562 bytes]","args":[{"selector":{"id":"application-manageyards-display-component---NewYard--addressDetailDetailsCountry-arrow"},"wdio_ui5_key":"applicationmanageyards-display-component---NewYard--addressDetailDetailsCountry-arrow"}]}
RESULT: {"script":"<script> [1562 bytes]","args":[{"selector":{"id":"application-manageyards-display-component---NewYard--addressDetailDetailsCountry-arrow"},"wdio_ui5_key":"applicationmanageyards-display-component---NewYard--addressDetailDetailsCountry-arrow"}]}
RESULT: undefined
COMMAND: POST /session/00fbe995d254b544c9b458c3d09ef85d/element - {"using":"xpath","value":"//*[@id=\"application-manageyards-display-component---NewYard--addressDetailDetailsCountry-arrow\"]"}
RESULT: {"using":"xpath","value":"//*[@id=\"application-manageyards-display-component---NewYard--addressDetailDetailsCountry-arrow\"]"}
COMMAND: POST /session/00fbe995d254b544c9b458c3d09ef85d/element/f.5B10500533936BC34E48C94F23BC04CA.d.D85AD925039320D1E92FE99C03400455.e.5034/click - {}
RESULT: {}
COMMAND: POST /session/00fbe995d254b544c9b458c3d09ef85d/element - {"using":"xpath","value":"//span[contains(text(), \"Argentina\")]"}
COMMAND: GET /session/00fbe995d254b544c9b458c3d09ef85d/screenshot - {}
RESULT: {"using":"xpath","value":"//span[contains(text(), \"Argentina\")]"}
COMMAND: POST /session/00fbe995d254b544c9b458c3d09ef85d/element/f.5B10500533936BC34E48C94F23BC04CA.d.D85AD925039320D1E92FE99C03400455.e.5035/click - {}
RESULT: {}
RESULT: {}
COMMAND: POST /session/00fbe995d254b544c9b458c3d09ef85d/execute/async - {"script":"<script> [1562 bytes]","args":[{"selector":{"id":"application-manageyards-display-component---NewYard--addressEditDetailsCostObjectCstType-arrow"},"wdio_ui5_key":"applicationmanageyards-display-component---NewYard--addressEditDetailsCostObjectCstType-arrow"}]}
COMMAND: GET /session/00fbe995d254b544c9b458c3d09ef85d/screenshot - {}
RESULT: {"script":"<script> [1562 bytes]","args":[{"selector":{"id":"application-manageyards-display-component---NewYard--addressEditDetailsCostObjectCstType-arrow"},"wdio_ui5_key":"applicationmanageyards-display-component---NewYard--addressEditDetailsCostObjectCstType-arrow"}]}
RESULT: undefined
COMMAND: POST /session/00fbe995d254b544c9b458c3d09ef85d/element - {"using":"xpath","value":"//*[@id=\"application-manageyards-display-component---NewYard--addressEditDetailsCostObjectCstType-arrow\"]"}
RESULT: {}
RESULT: {"using":"xpath","value":"//*[@id=\"application-manageyards-display-component---NewYard--addressEditDetailsCostObjectCstType-arrow\"]"}
COMMAND: POST /session/00fbe995d254b544c9b458c3d09ef85d/element/f.5B10500533936BC34E48C94F23BC04CA.d.D85AD925039320D1E92FE99C03400455.e.5036/click - {}
RESULT: {}
COMMAND: POST /session/00fbe995d254b544c9b458c3d09ef85d/element - {"using":"xpath","value":"//span[contains(text(), \"Cost Center\")]"}
COMMAND: GET /session/00fbe995d254b544c9b458c3d09ef85d/screenshot - {}
RESULT: {"using":"xpath","value":"//span[contains(text(), \"Cost Center\")]"}
COMMAND: POST /session/00fbe995d254b544c9b458c3d09ef85d/element/f.5B10500533936BC34E48C94F23BC04CA.d.D85AD925039320D1E92FE99C03400455.e.5037/click - {}
RESULT: {}
RESULT: {}
COMMAND: GET /session/00fbe995d254b544c9b458c3d09ef85d/screenshot - {}
RESULT: {}
COMMAND: POST /session/00fbe995d254b544c9b458c3d09ef85d/element - {"using":"xpath","value":"//span[@id=\"application-manageyards-display-component---NewYard--addressNewCostObjectCstID-vhi\"]"}
RESULT: {"using":"xpath","value":"//span[@id=\"application-manageyards-display-component---NewYard--addressNewCostObjectCstID-vhi\"]"}
COMMAND: POST /session/00fbe995d254b544c9b458c3d09ef85d/execute/sync - {"script":"<script> [8489 bytes]","args":[{"element-6066-11e4-a52e-4f735466cecf":"f.5B10500533936BC34E48C94F23BC04CA.d.D85AD925039320D1E92FE99C03400455.e.5041","ELEMENT":"f.5B10500533936BC34E48C94F23BC04CA.d.D85AD925039320D1E92FE99C03400455.e.5041"}]}
RESULT: {"script":"<script> [8489 bytes]","args":[{"element-6066-11e4-a52e-4f735466cecf":"f.5B10500533936BC34E48C94F23BC04CA.d.D85AD925039320D1E92FE99C03400455.e.5041","ELEMENT":"f.5B10500533936BC34E48C94F23BC04CA.d.D85AD925039320D1E92FE99C03400455.e.5041"}]}
COMMAND: POST /session/00fbe995d254b544c9b458c3d09ef85d/execute/async - {"script":"<script> [1562 bytes]","args":[{"selector":{"id":"application-manageyards-display-component---NewYard--addressNewCostObjectCstID-vhi"},"wdio_ui5_key":"applicationmanageyards-display-component---NewYard--addressNewCostObjectCstID-vhi"}]}
COMMAND: GET /session/00fbe995d254b544c9b458c3d09ef85d/screenshot - {}
RESULT: {"script":"<script> [1562 bytes]","args":[{"selector":{"id":"application-manageyards-display-component---NewYard--addressNewCostObjectCstID-vhi"},"wdio_ui5_key":"applicationmanageyards-display-component---NewYard--addressNewCostObjectCstID-vhi"}]}
RESULT: undefined
COMMAND: POST /session/00fbe995d254b544c9b458c3d09ef85d/element - {"using":"xpath","value":"//*[@id=\"application-manageyards-display-component---NewYard--addressNewCostObjectCstID-vhi\"]"}
RESULT: {}
RESULT: {"using":"xpath","value":"//*[@id=\"application-manageyards-display-component---NewYard--addressNewCostObjectCstID-vhi\"]"}
COMMAND: POST /session/00fbe995d254b544c9b458c3d09ef85d/element/f.5B10500533936BC34E48C94F23BC04CA.d.D85AD925039320D1E92FE99C03400455.e.5041/click - {}
RESULT: {}
COMMAND: GET /session/00fbe995d254b544c9b458c3d09ef85d/screenshot - {}
RESULT: {}
COMMAND: POST /session/00fbe995d254b544c9b458c3d09ef85d/execute/async - {"script":"<script> [1562 bytes]","args":[{"selector":{"controlType":"sap.m.SearchField","properties":{"placeholder":"Search"},"searchOpenDialogs":true,"interaction":{"idSuffix":"I"}},"wdio_ui5_key":"sapm.SearchField{\"placeholder\":\"Search\"}"}]}
RESULT: {"script":"<script> [1562 bytes]","args":[{"selector":{"controlType":"sap.m.SearchField","properties":{"placeholder":"Search"},"searchOpenDialogs":true,"interaction":{"idSuffix":"I"}},"wdio_ui5_key":"sapm.SearchField{\"placeholder\":\"Search\"}"}]}
RESULT: undefined
COMMAND: POST /session/00fbe995d254b544c9b458c3d09ef85d/execute/async - {"script":"<script> [776 bytes]","args":[{"enterText":"10001013","selector":{"controlType":"sap.m.SearchField","properties":{"placeholder":"Search"},"searchOpenDialogs":true,"interaction":{"idSuffix":"I"}},"clearTextFirst":true,"interactionType":"ENTER_TEXT"}]}
RESULT: {"script":"<script> [776 bytes]","args":[{"enterText":"10001013","selector":{"controlType":"sap.m.SearchField","properties":{"placeholder":"Search"},"searchOpenDialogs":true,"interaction":{"idSuffix":"I"}},"clearTextFirst":true,"interactionType":"ENTER_TEXT"}]}
COMMAND: POST /session/00fbe995d254b544c9b458c3d09ef85d/actions - {"actions":[{"id":"action19","type":"key","parameters":{},"actions":[{"type":"keyDown","value":"î€‡"},{"type":"pause","duration":10},{"type":"keyUp","value":"î€‡"}]}]}
RESULT: {"actions":[{"id":"action19","type":"key","parameters":{},"actions":[{"type":"keyDown","value":"î€‡"},{"type":"pause","duration":10},{"type":"keyUp","value":"î€‡"}]}]}
COMMAND: GET /session/00fbe995d254b544c9b458c3d09ef85d/screenshot - {}
RESULT: {}
COMMAND: POST /session/00fbe995d254b544c9b458c3d09ef85d/element - {"using":"xpath","value":"//span[contains(text(), \"General Management\")]"}
RESULT: {"using":"xpath","value":"//span[contains(text(), \"General Management\")]"}
COMMAND: POST /session/00fbe995d254b544c9b458c3d09ef85d/element/f.5B10500533936BC34E48C94F23BC04CA.d.D85AD925039320D1E92FE99C03400455.e.5082/click - {}
RESULT: {}
COMMAND: GET /session/00fbe995d254b544c9b458c3d09ef85d/screenshot - {}
RESULT: {}
COMMAND: POST /session/00fbe995d254b544c9b458c3d09ef85d/element - {"using":"xpath","value":"//bdi[contains(text(), \"OK\")]"}
RESULT: {"using":"xpath","value":"//bdi[contains(text(), \"OK\")]"}
COMMAND: POST /session/00fbe995d254b544c9b458c3d09ef85d/element/f.5B10500533936BC34E48C94F23BC04CA.d.D85AD925039320D1E92FE99C03400455.e.5083/click - {}
RESULT: {}
COMMAND: GET /session/00fbe995d254b544c9b458c3d09ef85d/screenshot - {}
RESULT: {}
COMMAND: POST /session/00fbe995d254b544c9b458c3d09ef85d/execute/async - {"script":"<script> [1562 bytes]","args":[{"selector":{"id":"application-manageyards-display-component---NewYard--addressEditDetailsCurrency-arrow"},"wdio_ui5_key":"applicationmanageyards-display-component---NewYard--addressEditDetailsCurrency-arrow"}]}
RESULT: {"script":"<script> [1562 bytes]","args":[{"selector":{"id":"application-manageyards-display-component---NewYard--addressEditDetailsCurrency-arrow"},"wdio_ui5_key":"applicationmanageyards-display-component---NewYard--addressEditDetailsCurrency-arrow"}]}
RESULT: undefined
COMMAND: POST /session/00fbe995d254b544c9b458c3d09ef85d/element - {"using":"xpath","value":"//*[@id=\"application-manageyards-display-component---NewYard--addressEditDetailsCurrency-arrow\"]"}
RESULT: {"using":"xpath","value":"//*[@id=\"application-manageyards-display-component---NewYard--addressEditDetailsCurrency-arrow\"]"}
COMMAND: POST /session/00fbe995d254b544c9b458c3d09ef85d/element/f.5B10500533936BC34E48C94F23BC04CA.d.D85AD925039320D1E92FE99C03400455.e.5086/click - {}
RESULT: {}
COMMAND: POST /session/00fbe995d254b544c9b458c3d09ef85d/element - {"using":"xpath","value":"//span[contains(text(), \"Euro\")]"}
COMMAND: GET /session/00fbe995d254b544c9b458c3d09ef85d/screenshot - {}
RESULT: {"using":"xpath","value":"//span[contains(text(), \"Euro\")]"}
COMMAND: POST /session/00fbe995d254b544c9b458c3d09ef85d/element/f.5B10500533936BC34E48C94F23BC04CA.d.D85AD925039320D1E92FE99C03400455.e.5087/click - {}
RESULT: {}
RESULT: {}
COMMAND: POST /session/00fbe995d254b544c9b458c3d09ef85d/execute/async - {"script":"<script> [1562 bytes]","args":[{"selector":{"controlType":"sap.m.Input","viewName":"etm.portal.ui.manageyards.view.New","viewId":"application-manageyards-display-component---NewYard","bindingPath":{"path":"","propertyPath":"/CONTROLLING_AREA","modelName":"NewYardModel"},"interaction":{"idSuffix":"inner"}},"wdio_ui5_key":"etmportal.ui.manageyards.view.Newsap.m.Input{\"path\":\"\",\"propertyPath\":\"/CONTROLLING_AREA\",\"modelName\":\"NewYardModel\"}"}]}
COMMAND: GET /session/00fbe995d254b544c9b458c3d09ef85d/screenshot - {}
RESULT: {"script":"<script> [1562 bytes]","args":[{"selector":{"controlType":"sap.m.Input","viewName":"etm.portal.ui.manageyards.view.New","viewId":"application-manageyards-display-component---NewYard","bindingPath":{"path":"","propertyPath":"/CONTROLLING_AREA","modelName":"NewYardModel"},"interaction":{"idSuffix":"inner"}},"wdio_ui5_key":"etmportal.ui.manageyards.view.Newsap.m.Input{\"path\":\"\",\"propertyPath\":\"/CONTROLLING_AREA\",\"modelName\":\"NewYardModel\"}"}]}
RESULT: undefined
COMMAND: POST /session/00fbe995d254b544c9b458c3d09ef85d/execute/async - {"script":"<script> [776 bytes]","args":[{"enterText":"Z001","selector":{"controlType":"sap.m.Input","viewName":"etm.portal.ui.manageyards.view.New","viewId":"application-manageyards-display-component---NewYard","bindingPath":{"path":"","propertyPath":"/CONTROLLING_AREA","modelName":"NewYardModel"},"interaction":{"idSuffix":"inner"}},"clearTextFirst":true,"interactionType":"ENTER_TEXT"}]}
RESULT: {}
RESULT: {"script":"<script> [776 bytes]","args":[{"enterText":"Z001","selector":{"controlType":"sap.m.Input","viewName":"etm.portal.ui.manageyards.view.New","viewId":"application-manageyards-display-component---NewYard","bindingPath":{"path":"","propertyPath":"/CONTROLLING_AREA","modelName":"NewYardModel"},"interaction":{"idSuffix":"inner"}},"clearTextFirst":true,"interactionType":"ENTER_TEXT"}]}
COMMAND: POST /session/00fbe995d254b544c9b458c3d09ef85d/execute/async - {"script":"<script> [1562 bytes]","args":[{"selector":{"id":"application-manageyards-display-component---NewYard--companyCodeComboBox","interaction":{"idSuffix":"inner"}},"wdio_ui5_key":"applicationmanageyards-display-component---NewYard--companyCodeComboBox"}]}
RESULT: {"script":"<script> [1562 bytes]","args":[{"selector":{"id":"application-manageyards-display-component---NewYard--companyCodeComboBox","interaction":{"idSuffix":"inner"}},"wdio_ui5_key":"applicationmanageyards-display-component---NewYard--companyCodeComboBox"}]}
RESULT: undefined
COMMAND: POST /session/00fbe995d254b544c9b458c3d09ef85d/execute/async - {"script":"<script> [776 bytes]","args":[{"enterText":"1000","selector":{"id":"application-manageyards-display-component---NewYard--companyCodeComboBox","interaction":{"idSuffix":"inner"}},"clearTextFirst":true,"interactionType":"ENTER_TEXT"}]}
RESULT: {"script":"<script> [776 bytes]","args":[{"enterText":"1000","selector":{"id":"application-manageyards-display-component---NewYard--companyCodeComboBox","interaction":{"idSuffix":"inner"}},"clearTextFirst":true,"interactionType":"ENTER_TEXT"}]}
COMMAND: POST /session/00fbe995d254b544c9b458c3d09ef85d/execute/async - {"script":"<script> [1562 bytes]","args":[{"selector":{"controlType":"sap.m.Input","viewName":"etm.portal.ui.manageyards.view.New","viewId":"application-manageyards-display-component---NewYard","bindingPath":{"path":"","propertyPath":"/PLANT","modelName":"NewYardModel"},"interaction":{"idSuffix":"inner"}},"wdio_ui5_key":"etmportal.ui.manageyards.view.Newsap.m.Input{\"path\":\"\",\"propertyPath\":\"/PLANT\",\"modelName\":\"NewYardModel\"}"}]}
RESULT: {"script":"<script> [1562 bytes]","args":[{"selector":{"controlType":"sap.m.Input","viewName":"etm.portal.ui.manageyards.view.New","viewId":"application-manageyards-display-component---NewYard","bindingPath":{"path":"","propertyPath":"/PLANT","modelName":"NewYardModel"},"interaction":{"idSuffix":"inner"}},"wdio_ui5_key":"etmportal.ui.manageyards.view.Newsap.m.Input{\"path\":\"\",\"propertyPath\":\"/PLANT\",\"modelName\":\"NewYardModel\"}"}]}
RESULT: undefined
COMMAND: POST /session/00fbe995d254b544c9b458c3d09ef85d/execute/async - {"script":"<script> [776 bytes]","args":[{"enterText":"1001","selector":{"controlType":"sap.m.Input","viewName":"etm.portal.ui.manageyards.view.New","viewId":"application-manageyards-display-component---NewYard","bindingPath":{"path":"","propertyPath":"/PLANT","modelName":"NewYardModel"},"interaction":{"idSuffix":"inner"}},"clearTextFirst":true,"interactionType":"ENTER_TEXT"}]}
RESULT: {"script":"<script> [776 bytes]","args":[{"enterText":"1001","selector":{"controlType":"sap.m.Input","viewName":"etm.portal.ui.manageyards.view.New","viewId":"application-manageyards-display-component---NewYard","bindingPath":{"path":"","propertyPath":"/PLANT","modelName":"NewYardModel"},"interaction":{"idSuffix":"inner"}},"clearTextFirst":true,"interactionType":"ENTER_TEXT"}]}
COMMAND: POST /session/00fbe995d254b544c9b458c3d09ef85d/execute/async - {"script":"<script> [1562 bytes]","args":[{"selector":{"controlType":"sap.m.Input","viewName":"etm.portal.ui.manageyards.view.New","viewId":"application-manageyards-display-component---NewYard","bindingPath":{"path":"","propertyPath":"/SALES_AREA_VKORG","modelName":"NewYardModel"},"interaction":{"idSuffix":"inner"}},"wdio_ui5_key":"etmportal.ui.manageyards.view.Newsap.m.Input{\"path\":\"\",\"propertyPath\":\"/SALES_AREA_VKORG\",\"modelName\":\"NewYardModel\"}"}]}
RESULT: {"script":"<script> [1562 bytes]","args":[{"selector":{"controlType":"sap.m.Input","viewName":"etm.portal.ui.manageyards.view.New","viewId":"application-manageyards-display-component---NewYard","bindingPath":{"path":"","propertyPath":"/SALES_AREA_VKORG","modelName":"NewYardModel"},"interaction":{"idSuffix":"inner"}},"wdio_ui5_key":"etmportal.ui.manageyards.view.Newsap.m.Input{\"path\":\"\",\"propertyPath\":\"/SALES_AREA_VKORG\",\"modelName\":\"NewYardModel\"}"}]}
RESULT: undefined
COMMAND: POST /session/00fbe995d254b544c9b458c3d09ef85d/execute/async - {"script":"<script> [776 bytes]","args":[{"enterText":"C002","selector":{"controlType":"sap.m.Input","viewName":"etm.portal.ui.manageyards.view.New","viewId":"application-manageyards-display-component---NewYard","bindingPath":{"path":"","propertyPath":"/SALES_AREA_VKORG","modelName":"NewYardModel"},"interaction":{"idSuffix":"inner"}},"clearTextFirst":true,"interactionType":"ENTER_TEXT"}]}
RESULT: {"script":"<script> [776 bytes]","args":[{"enterText":"C002","selector":{"controlType":"sap.m.Input","viewName":"etm.portal.ui.manageyards.view.New","viewId":"application-manageyards-display-component---NewYard","bindingPath":{"path":"","propertyPath":"/SALES_AREA_VKORG","modelName":"NewYardModel"},"interaction":{"idSuffix":"inner"}},"clearTextFirst":true,"interactionType":"ENTER_TEXT"}]}
COMMAND: POST /session/00fbe995d254b544c9b458c3d09ef85d/execute/async - {"script":"<script> [1562 bytes]","args":[{"selector":{"controlType":"sap.m.Input","viewName":"etm.portal.ui.manageyards.view.New","viewId":"application-manageyards-display-component---NewYard","bindingPath":{"path":"","propertyPath":"/SALES_AREA_VTWEG","modelName":"NewYardModel"},"interaction":{"idSuffix":"inner"}},"wdio_ui5_key":"etmportal.ui.manageyards.view.Newsap.m.Input{\"path\":\"\",\"propertyPath\":\"/SALES_AREA_VTWEG\",\"modelName\":\"NewYardModel\"}"}]}
RESULT: {"script":"<script> [1562 bytes]","args":[{"selector":{"controlType":"sap.m.Input","viewName":"etm.portal.ui.manageyards.view.New","viewId":"application-manageyards-display-component---NewYard","bindingPath":{"path":"","propertyPath":"/SALES_AREA_VTWEG","modelName":"NewYardModel"},"interaction":{"idSuffix":"inner"}},"wdio_ui5_key":"etmportal.ui.manageyards.view.Newsap.m.Input{\"path\":\"\",\"propertyPath\":\"/SALES_AREA_VTWEG\",\"modelName\":\"NewYardModel\"}"}]}
RESULT: undefined
COMMAND: POST /session/00fbe995d254b544c9b458c3d09ef85d/execute/async - {"script":"<script> [776 bytes]","args":[{"enterText":"C2","selector":{"controlType":"sap.m.Input","viewName":"etm.portal.ui.manageyards.view.New","viewId":"application-manageyards-display-component---NewYard","bindingPath":{"path":"","propertyPath":"/SALES_AREA_VTWEG","modelName":"NewYardModel"},"interaction":{"idSuffix":"inner"}},"clearTextFirst":true,"interactionType":"ENTER_TEXT"}]}
RESULT: {"script":"<script> [776 bytes]","args":[{"enterText":"C2","selector":{"controlType":"sap.m.Input","viewName":"etm.portal.ui.manageyards.view.New","viewId":"application-manageyards-display-component---NewYard","bindingPath":{"path":"","propertyPath":"/SALES_AREA_VTWEG","modelName":"NewYardModel"},"interaction":{"idSuffix":"inner"}},"clearTextFirst":true,"interactionType":"ENTER_TEXT"}]}
COMMAND: POST /session/00fbe995d254b544c9b458c3d09ef85d/execute/async - {"script":"<script> [1562 bytes]","args":[{"selector":{"controlType":"sap.m.Input","viewName":"etm.portal.ui.manageyards.view.New","viewId":"application-manageyards-display-component---NewYard","bindingPath":{"path":"","propertyPath":"/SALES_AREA_SPART","modelName":"NewYardModel"},"interaction":{"idSuffix":"inner"}},"wdio_ui5_key":"etmportal.ui.manageyards.view.Newsap.m.Input{\"path\":\"\",\"propertyPath\":\"/SALES_AREA_SPART\",\"modelName\":\"NewYardModel\"}"}]}
RESULT: {"script":"<script> [1562 bytes]","args":[{"selector":{"controlType":"sap.m.Input","viewName":"etm.portal.ui.manageyards.view.New","viewId":"application-manageyards-display-component---NewYard","bindingPath":{"path":"","propertyPath":"/SALES_AREA_SPART","modelName":"NewYardModel"},"interaction":{"idSuffix":"inner"}},"wdio_ui5_key":"etmportal.ui.manageyards.view.Newsap.m.Input{\"path\":\"\",\"propertyPath\":\"/SALES_AREA_SPART\",\"modelName\":\"NewYardModel\"}"}]}
RESULT: undefined
COMMAND: POST /session/00fbe995d254b544c9b458c3d09ef85d/execute/async - {"script":"<script> [776 bytes]","args":[{"enterText":"C2","selector":{"controlType":"sap.m.Input","viewName":"etm.portal.ui.manageyards.view.New","viewId":"application-manageyards-display-component---NewYard","bindingPath":{"path":"","propertyPath":"/SALES_AREA_SPART","modelName":"NewYardModel"},"interaction":{"idSuffix":"inner"}},"clearTextFirst":true,"interactionType":"ENTER_TEXT"}]}
RESULT: {"script":"<script> [776 bytes]","args":[{"enterText":"C2","selector":{"controlType":"sap.m.Input","viewName":"etm.portal.ui.manageyards.view.New","viewId":"application-manageyards-display-component---NewYard","bindingPath":{"path":"","propertyPath":"/SALES_AREA_SPART","modelName":"NewYardModel"},"interaction":{"idSuffix":"inner"}},"clearTextFirst":true,"interactionType":"ENTER_TEXT"}]}
COMMAND: POST /session/00fbe995d254b544c9b458c3d09ef85d/execute/async - {"script":"<script> [1562 bytes]","args":[{"selector":{"controlType":"sap.m.Input","viewName":"etm.portal.ui.manageyards.view.New","viewId":"application-manageyards-display-component---NewYard","bindingPath":{"path":"","propertyPath":"/SHIP_POINT","modelName":"NewYardModel"},"interaction":{"idSuffix":"inner"}},"wdio_ui5_key":"etmportal.ui.manageyards.view.Newsap.m.Input{\"path\":\"\",\"propertyPath\":\"/SHIP_POINT\",\"modelName\":\"NewYardModel\"}"}]}
RESULT: {"script":"<script> [1562 bytes]","args":[{"selector":{"controlType":"sap.m.Input","viewName":"etm.portal.ui.manageyards.view.New","viewId":"application-manageyards-display-component---NewYard","bindingPath":{"path":"","propertyPath":"/SHIP_POINT","modelName":"NewYardModel"},"interaction":{"idSuffix":"inner"}},"wdio_ui5_key":"etmportal.ui.manageyards.view.Newsap.m.Input{\"path\":\"\",\"propertyPath\":\"/SHIP_POINT\",\"modelName\":\"NewYardModel\"}"}]}
RESULT: undefined
COMMAND: POST /session/00fbe995d254b544c9b458c3d09ef85d/execute/async - {"script":"<script> [776 bytes]","args":[{"enterText":"1710","selector":{"controlType":"sap.m.Input","viewName":"etm.portal.ui.manageyards.view.New","viewId":"application-manageyards-display-component---NewYard","bindingPath":{"path":"","propertyPath":"/SHIP_POINT","modelName":"NewYardModel"},"interaction":{"idSuffix":"inner"}},"clearTextFirst":true,"interactionType":"ENTER_TEXT"}]}
RESULT: {"script":"<script> [776 bytes]","args":[{"enterText":"1710","selector":{"controlType":"sap.m.Input","viewName":"etm.portal.ui.manageyards.view.New","viewId":"application-manageyards-display-component---NewYard","bindingPath":{"path":"","propertyPath":"/SHIP_POINT","modelName":"NewYardModel"},"interaction":{"idSuffix":"inner"}},"clearTextFirst":true,"interactionType":"ENTER_TEXT"}]}
COMMAND: POST /session/00fbe995d254b544c9b458c3d09ef85d/execute/async - {"script":"<script> [1562 bytes]","args":[{"selector":{"controlType":"sap.m.Input","viewName":"etm.portal.ui.manageyards.view.New","viewId":"application-manageyards-display-component---NewYard","bindingPath":{"path":"","propertyPath":"/DELIVERY_TYPE","modelName":"NewYardModel"},"interaction":{"idSuffix":"inner"}},"wdio_ui5_key":"etmportal.ui.manageyards.view.Newsap.m.Input{\"path\":\"\",\"propertyPath\":\"/DELIVERY_TYPE\",\"modelName\":\"NewYardModel\"}"}]}
RESULT: {"script":"<script> [1562 bytes]","args":[{"selector":{"controlType":"sap.m.Input","viewName":"etm.portal.ui.manageyards.view.New","viewId":"application-manageyards-display-component---NewYard","bindingPath":{"path":"","propertyPath":"/DELIVERY_TYPE","modelName":"NewYardModel"},"interaction":{"idSuffix":"inner"}},"wdio_ui5_key":"etmportal.ui.manageyards.view.Newsap.m.Input{\"path\":\"\",\"propertyPath\":\"/DELIVERY_TYPE\",\"modelName\":\"NewYardModel\"}"}]}
RESULT: undefined
COMMAND: POST /session/00fbe995d254b544c9b458c3d09ef85d/execute/async - {"script":"<script> [776 bytes]","args":[{"enterText":"ZL01","selector":{"controlType":"sap.m.Input","viewName":"etm.portal.ui.manageyards.view.New","viewId":"application-manageyards-display-component---NewYard","bindingPath":{"path":"","propertyPath":"/DELIVERY_TYPE","modelName":"NewYardModel"},"interaction":{"idSuffix":"inner"}},"clearTextFirst":true,"interactionType":"ENTER_TEXT"}]}
RESULT: {"script":"<script> [776 bytes]","args":[{"enterText":"ZL01","selector":{"controlType":"sap.m.Input","viewName":"etm.portal.ui.manageyards.view.New","viewId":"application-manageyards-display-component---NewYard","bindingPath":{"path":"","propertyPath":"/DELIVERY_TYPE","modelName":"NewYardModel"},"interaction":{"idSuffix":"inner"}},"clearTextFirst":true,"interactionType":"ENTER_TEXT"}]}
COMMAND: POST /session/00fbe995d254b544c9b458c3d09ef85d/execute/async - {"script":"<script> [1562 bytes]","args":[{"selector":{"controlType":"sap.m.Input","viewName":"etm.portal.ui.manageyards.view.New","viewId":"application-manageyards-display-component---NewYard","bindingPath":{"path":"","propertyPath":"/AUART","modelName":"NewYardModel"},"interaction":{"idSuffix":"inner"}},"wdio_ui5_key":"etmportal.ui.manageyards.view.Newsap.m.Input{\"path\":\"\",\"propertyPath\":\"/AUART\",\"modelName\":\"NewYardModel\"}"}]}
RESULT: {"script":"<script> [1562 bytes]","args":[{"selector":{"controlType":"sap.m.Input","viewName":"etm.portal.ui.manageyards.view.New","viewId":"application-manageyards-display-component---NewYard","bindingPath":{"path":"","propertyPath":"/AUART","modelName":"NewYardModel"},"interaction":{"idSuffix":"inner"}},"wdio_ui5_key":"etmportal.ui.manageyards.view.Newsap.m.Input{\"path\":\"\",\"propertyPath\":\"/AUART\",\"modelName\":\"NewYardModel\"}"}]}
RESULT: undefined
COMMAND: POST /session/00fbe995d254b544c9b458c3d09ef85d/execute/async - {"script":"<script> [776 bytes]","args":[{"enterText":"TA","selector":{"controlType":"sap.m.Input","viewName":"etm.portal.ui.manageyards.view.New","viewId":"application-manageyards-display-component---NewYard","bindingPath":{"path":"","propertyPath":"/AUART","modelName":"NewYardModel"},"interaction":{"idSuffix":"inner"}},"clearTextFirst":true,"interactionType":"ENTER_TEXT"}]}
RESULT: {"script":"<script> [776 bytes]","args":[{"enterText":"TA","selector":{"controlType":"sap.m.Input","viewName":"etm.portal.ui.manageyards.view.New","viewId":"application-manageyards-display-component---NewYard","bindingPath":{"path":"","propertyPath":"/AUART","modelName":"NewYardModel"},"interaction":{"idSuffix":"inner"}},"clearTextFirst":true,"interactionType":"ENTER_TEXT"}]}
COMMAND: POST /session/00fbe995d254b544c9b458c3d09ef85d/element - {"using":"xpath","value":"//button[@data-kt=\"newYardSaveButton\"]"}
RESULT: {"using":"xpath","value":"//button[@data-kt=\"newYardSaveButton\"]"}
COMMAND: POST /session/00fbe995d254b544c9b458c3d09ef85d/element/f.5B10500533936BC34E48C94F23BC04CA.d.D85AD925039320D1E92FE99C03400455.e.4992/click - {}
RESULT: {}
COMMAND: GET /session/00fbe995d254b544c9b458c3d09ef85d/screenshot - {}
RESULT: {}
COMMAND: POST /session/00fbe995d254b544c9b458c3d09ef85d/element - {"using":"xpath","value":"//header[contains(@id, 'ObjectPageLayout-headerTitle')]/div[1]/div[2]/div[1]/span[1]"}
RESULT: {"using":"xpath","value":"//header[contains(@id, 'ObjectPageLayout-headerTitle')]/div[1]/div[2]/div[1]/span[1]"}
COMMAND: POST /session/00fbe995d254b544c9b458c3d09ef85d/elements - {"using":"xpath","value":"//header[contains(@id, 'ObjectPageLayout-headerTitle')]/div[1]/div[2]/div[1]/span[1]"}
RESULT: {"using":"xpath","value":"//header[contains(@id, 'ObjectPageLayout-headerTitle')]/div[1]/div[2]/div[1]/span[1]"}
COMMAND: POST /session/00fbe995d254b544c9b458c3d09ef85d/execute/sync - {"script":"<script> [56 bytes]","args":[{"element-6066-11e4-a52e-4f735466cecf":"f.5B10500533936BC34E48C94F23BC04CA.d.D85AD925039320D1E92FE99C03400455.e.5313","ELEMENT":"f.5B10500533936BC34E48C94F23BC04CA.d.D85AD925039320D1E92FE99C03400455.e.5313"}]}
RESULT: {"script":"<script> [56 bytes]","args":[{"element-6066-11e4-a52e-4f735466cecf":"f.5B10500533936BC34E48C94F23BC04CA.d.D85AD925039320D1E92FE99C03400455.e.5313","ELEMENT":"f.5B10500533936BC34E48C94F23BC04CA.d.D85AD925039320D1E92FE99C03400455.e.5313"}]}
COMMAND: GET /session/00fbe995d254b544c9b458c3d09ef85d/screenshot - {}
RESULT: {}
COMMAND: POST /session/00fbe995d254b544c9b458c3d09ef85d/element - {"using":"css selector","value":"#shell-header-logo"}
RESULT: {"using":"css selector","value":"#shell-header-logo"}
COMMAND: POST /session/00fbe995d254b544c9b458c3d09ef85d/element/f.5B10500533936BC34E48C94F23BC04CA.d.D85AD925039320D1E92FE99C03400455.e.4563/click - {}
RESULT: {}
COMMAND: GET /session/00fbe995d254b544c9b458c3d09ef85d/screenshot - {}
RESULT: {}
COMMAND: POST /session/00fbe995d254b544c9b458c3d09ef85d/execute/sync - {"script":"<script> [299 bytes]","args":[["getModel","getResource"]]}
RESULT: {"script":"<script> [299 bytes]","args":[["getModel","getResource"]]}
]]></system-out>
    </testcase>
    <testcase classname="chrome.136_0_7103_49.windows.Billing_Transfer_-_Intracompany_US127249" name="Should create a new partner" time="109.135">
      <system-out><![CDATA[
COMMAND: GET /session/00fbe995d254b544c9b458c3d09ef85d/screenshot - {}
COMMAND: POST /session/00fbe995d254b544c9b458c3d09ef85d/window/fullscreen - {}
RESULT: {}
COMMAND: POST /session/00fbe995d254b544c9b458c3d09ef85d/execute/async - {"script":"<script> [1562 bytes]","args":[{"selector":{"controlType":"sap.m.GenericTile","properties":{"header":"Manage Partners"}},"wdio_ui5_key":"sapm.GenericTile{\"header\":\"Manage Partners\"}"}]}
RESULT: {}
RESULT: {"script":"<script> [1562 bytes]","args":[{"selector":{"controlType":"sap.m.GenericTile","properties":{"header":"Manage Partners"}},"wdio_ui5_key":"sapm.GenericTile{\"header\":\"Manage Partners\"}"}]}
RESULT: undefined
COMMAND: POST /session/00fbe995d254b544c9b458c3d09ef85d/element - {"using":"xpath","value":"//*[@id=\"__tile38\"]"}
RESULT: {"using":"xpath","value":"//*[@id=\"__tile38\"]"}
COMMAND: POST /session/00fbe995d254b544c9b458c3d09ef85d/element/f.5B10500533936BC34E48C94F23BC04CA.d.D85AD925039320D1E92FE99C03400455.e.4453/click - {}
RESULT: {}
COMMAND: POST /session/00fbe995d254b544c9b458c3d09ef85d/element - {"using":"xpath","value":"//button[@data-kt=\"addButton\"]"}
COMMAND: GET /session/00fbe995d254b544c9b458c3d09ef85d/screenshot - {}
RESULT: {"using":"xpath","value":"//button[@data-kt=\"addButton\"]"}
COMMAND: POST /session/00fbe995d254b544c9b458c3d09ef85d/elements - {"using":"xpath","value":"//button[@data-kt=\"addButton\"]"}
RESULT: {}
RESULT: {"using":"xpath","value":"//button[@data-kt=\"addButton\"]"}
COMMAND: POST /session/00fbe995d254b544c9b458c3d09ef85d/elements - {"using":"xpath","value":"//button[@data-kt=\"addButton\"]"}
RESULT: {"using":"xpath","value":"//button[@data-kt=\"addButton\"]"}
COMMAND: POST /session/00fbe995d254b544c9b458c3d09ef85d/elements - {"using":"xpath","value":"//button[@data-kt=\"addButton\"]"}
RESULT: {"using":"xpath","value":"//button[@data-kt=\"addButton\"]"}
COMMAND: POST /session/00fbe995d254b544c9b458c3d09ef85d/elements - {"using":"xpath","value":"//button[@data-kt=\"addButton\"]"}
RESULT: {"using":"xpath","value":"//button[@data-kt=\"addButton\"]"}
COMMAND: POST /session/00fbe995d254b544c9b458c3d09ef85d/elements - {"using":"xpath","value":"//button[@data-kt=\"addButton\"]"}
RESULT: {"using":"xpath","value":"//button[@data-kt=\"addButton\"]"}
COMMAND: POST /session/00fbe995d254b544c9b458c3d09ef85d/elements - {"using":"xpath","value":"//button[@data-kt=\"addButton\"]"}
RESULT: {"using":"xpath","value":"//button[@data-kt=\"addButton\"]"}
COMMAND: POST /session/00fbe995d254b544c9b458c3d09ef85d/elements - {"using":"xpath","value":"//button[@data-kt=\"addButton\"]"}
RESULT: {"using":"xpath","value":"//button[@data-kt=\"addButton\"]"}
COMMAND: POST /session/00fbe995d254b544c9b458c3d09ef85d/elements - {"using":"xpath","value":"//button[@data-kt=\"addButton\"]"}
RESULT: {"using":"xpath","value":"//button[@data-kt=\"addButton\"]"}
COMMAND: POST /session/00fbe995d254b544c9b458c3d09ef85d/elements - {"using":"xpath","value":"//button[@data-kt=\"addButton\"]"}
RESULT: {"using":"xpath","value":"//button[@data-kt=\"addButton\"]"}
COMMAND: POST /session/00fbe995d254b544c9b458c3d09ef85d/elements - {"using":"xpath","value":"//button[@data-kt=\"addButton\"]"}
RESULT: {"using":"xpath","value":"//button[@data-kt=\"addButton\"]"}
COMMAND: POST /session/00fbe995d254b544c9b458c3d09ef85d/elements - {"using":"xpath","value":"//button[@data-kt=\"addButton\"]"}
RESULT: {"using":"xpath","value":"//button[@data-kt=\"addButton\"]"}
COMMAND: POST /session/00fbe995d254b544c9b458c3d09ef85d/elements - {"using":"xpath","value":"//button[@data-kt=\"addButton\"]"}
RESULT: {"using":"xpath","value":"//button[@data-kt=\"addButton\"]"}
COMMAND: POST /session/00fbe995d254b544c9b458c3d09ef85d/elements - {"using":"xpath","value":"//button[@data-kt=\"addButton\"]"}
RESULT: {"using":"xpath","value":"//button[@data-kt=\"addButton\"]"}
COMMAND: POST /session/00fbe995d254b544c9b458c3d09ef85d/elements - {"using":"xpath","value":"//button[@data-kt=\"addButton\"]"}
RESULT: {"using":"xpath","value":"//button[@data-kt=\"addButton\"]"}
COMMAND: POST /session/00fbe995d254b544c9b458c3d09ef85d/elements - {"using":"xpath","value":"//button[@data-kt=\"addButton\"]"}
RESULT: {"using":"xpath","value":"//button[@data-kt=\"addButton\"]"}
COMMAND: POST /session/00fbe995d254b544c9b458c3d09ef85d/element - {"using":"xpath","value":"//button[@data-kt=\"addButton\"]"}
RESULT: {"using":"xpath","value":"//button[@data-kt=\"addButton\"]"}
COMMAND: POST /session/00fbe995d254b544c9b458c3d09ef85d/execute/sync - {"script":"<script> [8489 bytes]","args":[{"element-6066-11e4-a52e-4f735466cecf":"f.5B10500533936BC34E48C94F23BC04CA.d.D85AD925039320D1E92FE99C03400455.e.5350","ELEMENT":"f.5B10500533936BC34E48C94F23BC04CA.d.D85AD925039320D1E92FE99C03400455.e.5350"}]}
RESULT: {"script":"<script> [8489 bytes]","args":[{"element-6066-11e4-a52e-4f735466cecf":"f.5B10500533936BC34E48C94F23BC04CA.d.D85AD925039320D1E92FE99C03400455.e.5350","ELEMENT":"f.5B10500533936BC34E48C94F23BC04CA.d.D85AD925039320D1E92FE99C03400455.e.5350"}]}
COMMAND: GET /session/00fbe995d254b544c9b458c3d09ef85d/element/f.5B10500533936BC34E48C94F23BC04CA.d.D85AD925039320D1E92FE99C03400455.e.5350/enabled - {}
COMMAND: GET /session/00fbe995d254b544c9b458c3d09ef85d/screenshot - {}
RESULT: {}
COMMAND: POST /session/00fbe995d254b544c9b458c3d09ef85d/execute/sync - {"script":"<script> [8489 bytes]","args":[{"element-6066-11e4-a52e-4f735466cecf":"f.5B10500533936BC34E48C94F23BC04CA.d.D85AD925039320D1E92FE99C03400455.e.5350","ELEMENT":"f.5B10500533936BC34E48C94F23BC04CA.d.D85AD925039320D1E92FE99C03400455.e.5350"}]}
COMMAND: GET /session/00fbe995d254b544c9b458c3d09ef85d/screenshot - {}
RESULT: {}
RESULT: {"script":"<script> [8489 bytes]","args":[{"element-6066-11e4-a52e-4f735466cecf":"f.5B10500533936BC34E48C94F23BC04CA.d.D85AD925039320D1E92FE99C03400455.e.5350","ELEMENT":"f.5B10500533936BC34E48C94F23BC04CA.d.D85AD925039320D1E92FE99C03400455.e.5350"}]}
COMMAND: POST /session/00fbe995d254b544c9b458c3d09ef85d/execute/sync - {"script":"<script> [5351 bytes]","args":[{"element-6066-11e4-a52e-4f735466cecf":"f.5B10500533936BC34E48C94F23BC04CA.d.D85AD925039320D1E92FE99C03400455.e.5350","ELEMENT":"f.5B10500533936BC34E48C94F23BC04CA.d.D85AD925039320D1E92FE99C03400455.e.5350"}]}
COMMAND: GET /session/00fbe995d254b544c9b458c3d09ef85d/screenshot - {}
RESULT: {}
RESULT: {"script":"<script> [5351 bytes]","args":[{"element-6066-11e4-a52e-4f735466cecf":"f.5B10500533936BC34E48C94F23BC04CA.d.D85AD925039320D1E92FE99C03400455.e.5350","ELEMENT":"f.5B10500533936BC34E48C94F23BC04CA.d.D85AD925039320D1E92FE99C03400455.e.5350"}]}
COMMAND: POST /session/00fbe995d254b544c9b458c3d09ef85d/element/f.5B10500533936BC34E48C94F23BC04CA.d.D85AD925039320D1E92FE99C03400455.e.5350/click - {}
COMMAND: GET /session/00fbe995d254b544c9b458c3d09ef85d/screenshot - {}
RESULT: {}
RESULT: {}
COMMAND: GET /session/00fbe995d254b544c9b458c3d09ef85d/screenshot - {}
COMMAND: POST /session/00fbe995d254b544c9b458c3d09ef85d/execute/async - {"script":"<script> [1562 bytes]","args":[{"selector":{"id":"application-managepartners-display-component---NewPartner--addressDetailDetailsName1","interaction":{"idSuffix":"inner"}},"wdio_ui5_key":"applicationmanagepartners-display-component---NewPartner--addressDetailDetailsName1"}]}
RESULT: {}
RESULT: {}
RESULT: {"script":"<script> [1562 bytes]","args":[{"selector":{"id":"application-managepartners-display-component---NewPartner--addressDetailDetailsName1","interaction":{"idSuffix":"inner"}},"wdio_ui5_key":"applicationmanagepartners-display-component---NewPartner--addressDetailDetailsName1"}]}
RESULT: undefined
COMMAND: POST /session/00fbe995d254b544c9b458c3d09ef85d/execute/async - {"script":"<script> [776 bytes]","args":[{"enterText":"Intracompany Partner WDIO","selector":{"id":"application-managepartners-display-component---NewPartner--addressDetailDetailsName1","interaction":{"idSuffix":"inner"}},"clearTextFirst":true,"interactionType":"ENTER_TEXT"}]}
RESULT: {"script":"<script> [776 bytes]","args":[{"enterText":"Intracompany Partner WDIO","selector":{"id":"application-managepartners-display-component---NewPartner--addressDetailDetailsName1","interaction":{"idSuffix":"inner"}},"clearTextFirst":true,"interactionType":"ENTER_TEXT"}]}
COMMAND: POST /session/00fbe995d254b544c9b458c3d09ef85d/execute/async - {"script":"<script> [1562 bytes]","args":[{"selector":{"id":"application-managepartners-display-component---NewPartner--addressDetailDetailsLanguage-arrow"},"wdio_ui5_key":"applicationmanagepartners-display-component---NewPartner--addressDetailDetailsLanguage-arrow"}]}
RESULT: {"script":"<script> [1562 bytes]","args":[{"selector":{"id":"application-managepartners-display-component---NewPartner--addressDetailDetailsLanguage-arrow"},"wdio_ui5_key":"applicationmanagepartners-display-component---NewPartner--addressDetailDetailsLanguage-arrow"}]}
RESULT: undefined
COMMAND: POST /session/00fbe995d254b544c9b458c3d09ef85d/element - {"using":"xpath","value":"//*[@id=\"application-managepartners-display-component---NewPartner--addressDetailDetailsLanguage-arrow\"]"}
RESULT: {"using":"xpath","value":"//*[@id=\"application-managepartners-display-component---NewPartner--addressDetailDetailsLanguage-arrow\"]"}
COMMAND: POST /session/00fbe995d254b544c9b458c3d09ef85d/element/f.5B10500533936BC34E48C94F23BC04CA.d.D85AD925039320D1E92FE99C03400455.e.5801/click - {}
RESULT: {}
COMMAND: POST /session/00fbe995d254b544c9b458c3d09ef85d/element - {"using":"xpath","value":"//span[contains(text(), \"English\")]"}
COMMAND: GET /session/00fbe995d254b544c9b458c3d09ef85d/screenshot - {}
RESULT: {"using":"xpath","value":"//span[contains(text(), \"English\")]"}
COMMAND: POST /session/00fbe995d254b544c9b458c3d09ef85d/element/f.5B10500533936BC34E48C94F23BC04CA.d.D85AD925039320D1E92FE99C03400455.e.5802/click - {}
RESULT: {}
RESULT: {}
COMMAND: GET /session/00fbe995d254b544c9b458c3d09ef85d/screenshot - {}
RESULT: {}
COMMAND: POST /session/00fbe995d254b544c9b458c3d09ef85d/execute/async - {"script":"<script> [1562 bytes]","args":[{"selector":{"id":"application-managepartners-display-component---NewPartner--addressDetailDetailsCity1","interaction":{"idSuffix":"inner"}},"wdio_ui5_key":"applicationmanagepartners-display-component---NewPartner--addressDetailDetailsCity1"}]}
RESULT: {"script":"<script> [1562 bytes]","args":[{"selector":{"id":"application-managepartners-display-component---NewPartner--addressDetailDetailsCity1","interaction":{"idSuffix":"inner"}},"wdio_ui5_key":"applicationmanagepartners-display-component---NewPartner--addressDetailDetailsCity1"}]}
RESULT: undefined
COMMAND: POST /session/00fbe995d254b544c9b458c3d09ef85d/execute/async - {"script":"<script> [776 bytes]","args":[{"enterText":"Rosario","selector":{"id":"application-managepartners-display-component---NewPartner--addressDetailDetailsCity1","interaction":{"idSuffix":"inner"}},"clearTextFirst":true,"interactionType":"ENTER_TEXT"}]}
RESULT: {"script":"<script> [776 bytes]","args":[{"enterText":"Rosario","selector":{"id":"application-managepartners-display-component---NewPartner--addressDetailDetailsCity1","interaction":{"idSuffix":"inner"}},"clearTextFirst":true,"interactionType":"ENTER_TEXT"}]}
COMMAND: POST /session/00fbe995d254b544c9b458c3d09ef85d/execute/async - {"script":"<script> [1562 bytes]","args":[{"selector":{"id":"application-managepartners-display-component---NewPartner--addressDetailDetailsCountry-arrow"},"wdio_ui5_key":"applicationmanagepartners-display-component---NewPartner--addressDetailDetailsCountry-arrow"}]}
RESULT: {"script":"<script> [1562 bytes]","args":[{"selector":{"id":"application-managepartners-display-component---NewPartner--addressDetailDetailsCountry-arrow"},"wdio_ui5_key":"applicationmanagepartners-display-component---NewPartner--addressDetailDetailsCountry-arrow"}]}
RESULT: undefined
COMMAND: POST /session/00fbe995d254b544c9b458c3d09ef85d/element - {"using":"xpath","value":"//*[@id=\"application-managepartners-display-component---NewPartner--addressDetailDetailsCountry-arrow\"]"}
RESULT: {"using":"xpath","value":"//*[@id=\"application-managepartners-display-component---NewPartner--addressDetailDetailsCountry-arrow\"]"}
COMMAND: POST /session/00fbe995d254b544c9b458c3d09ef85d/element/f.5B10500533936BC34E48C94F23BC04CA.d.D85AD925039320D1E92FE99C03400455.e.5788/click - {}
RESULT: {}
COMMAND: POST /session/00fbe995d254b544c9b458c3d09ef85d/element - {"using":"xpath","value":"//span[contains(text(), \"Argentina\")]"}
COMMAND: GET /session/00fbe995d254b544c9b458c3d09ef85d/screenshot - {}
RESULT: {"using":"xpath","value":"//span[contains(text(), \"Argentina\")]"}
COMMAND: POST /session/00fbe995d254b544c9b458c3d09ef85d/element/f.5B10500533936BC34E48C94F23BC04CA.d.D85AD925039320D1E92FE99C03400455.e.5804/click - {}
RESULT: {}
RESULT: {}
COMMAND: GET /session/00fbe995d254b544c9b458c3d09ef85d/screenshot - {}
RESULT: {}
COMMAND: POST /session/00fbe995d254b544c9b458c3d09ef85d/element - {"using":"xpath","value":"//bdi[contains(text(), \"Commercial\")]"}
RESULT: {"using":"xpath","value":"//bdi[contains(text(), \"Commercial\")]"}
COMMAND: POST /session/00fbe995d254b544c9b458c3d09ef85d/element/f.5B10500533936BC34E48C94F23BC04CA.d.D85AD925039320D1E92FE99C03400455.e.5805/click - {}
RESULT: {}
COMMAND: GET /session/00fbe995d254b544c9b458c3d09ef85d/screenshot - {}
RESULT: {}
COMMAND: POST /session/00fbe995d254b544c9b458c3d09ef85d/execute/async - {"script":"<script> [1562 bytes]","args":[{"selector":{"id":"application-managepartners-display-component---NewPartner--partnerDetailInternal-arrow"},"wdio_ui5_key":"applicationmanagepartners-display-component---NewPartner--partnerDetailInternal-arrow"}]}
RESULT: {"script":"<script> [1562 bytes]","args":[{"selector":{"id":"application-managepartners-display-component---NewPartner--partnerDetailInternal-arrow"},"wdio_ui5_key":"applicationmanagepartners-display-component---NewPartner--partnerDetailInternal-arrow"}]}
RESULT: undefined
COMMAND: POST /session/00fbe995d254b544c9b458c3d09ef85d/element - {"using":"xpath","value":"//*[@id=\"application-managepartners-display-component---NewPartner--partnerDetailInternal-arrow\"]"}
RESULT: {"using":"xpath","value":"//*[@id=\"application-managepartners-display-component---NewPartner--partnerDetailInternal-arrow\"]"}
COMMAND: POST /session/00fbe995d254b544c9b458c3d09ef85d/element/f.5B10500533936BC34E48C94F23BC04CA.d.D85AD925039320D1E92FE99C03400455.e.5813/click - {}
RESULT: {}
COMMAND: POST /session/00fbe995d254b544c9b458c3d09ef85d/element - {"using":"xpath","value":"//span[contains(text(), \"Affiliated company\")]"}
COMMAND: GET /session/00fbe995d254b544c9b458c3d09ef85d/screenshot - {}
RESULT: {"using":"xpath","value":"//span[contains(text(), \"Affiliated company\")]"}
COMMAND: POST /session/00fbe995d254b544c9b458c3d09ef85d/element/f.5B10500533936BC34E48C94F23BC04CA.d.D85AD925039320D1E92FE99C03400455.e.5814/click - {}
RESULT: {}
RESULT: {}
COMMAND: POST /session/00fbe995d254b544c9b458c3d09ef85d/execute/async - {"script":"<script> [1562 bytes]","args":[{"selector":{"id":"application-managepartners-display-component---NewPartner--partnerDetailsCurrency-arrow"},"wdio_ui5_key":"applicationmanagepartners-display-component---NewPartner--partnerDetailsCurrency-arrow"}]}
COMMAND: GET /session/00fbe995d254b544c9b458c3d09ef85d/screenshot - {}
RESULT: {"script":"<script> [1562 bytes]","args":[{"selector":{"id":"application-managepartners-display-component---NewPartner--partnerDetailsCurrency-arrow"},"wdio_ui5_key":"applicationmanagepartners-display-component---NewPartner--partnerDetailsCurrency-arrow"}]}
RESULT: undefined
COMMAND: POST /session/00fbe995d254b544c9b458c3d09ef85d/element - {"using":"xpath","value":"//*[@id=\"application-managepartners-display-component---NewPartner--partnerDetailsCurrency-arrow\"]"}
RESULT: {}
RESULT: {"using":"xpath","value":"//*[@id=\"application-managepartners-display-component---NewPartner--partnerDetailsCurrency-arrow\"]"}
COMMAND: POST /session/00fbe995d254b544c9b458c3d09ef85d/element/f.5B10500533936BC34E48C94F23BC04CA.d.D85AD925039320D1E92FE99C03400455.e.5821/click - {}
RESULT: {}
COMMAND: POST /session/00fbe995d254b544c9b458c3d09ef85d/element - {"using":"xpath","value":"//span[contains(text(), \"Euro\")]"}
COMMAND: GET /session/00fbe995d254b544c9b458c3d09ef85d/screenshot - {}
RESULT: {"using":"xpath","value":"//span[contains(text(), \"Euro\")]"}
COMMAND: POST /session/00fbe995d254b544c9b458c3d09ef85d/element/f.5B10500533936BC34E48C94F23BC04CA.d.D85AD925039320D1E92FE99C03400455.e.5822/click - {}
RESULT: {}
RESULT: {}
COMMAND: POST /session/00fbe995d254b544c9b458c3d09ef85d/execute/async - {"script":"<script> [1562 bytes]","args":[{"selector":{"id":"application-managepartners-display-component---NewPartner--addressEditDetailsCostObjectCstType-arrow"},"wdio_ui5_key":"applicationmanagepartners-display-component---NewPartner--addressEditDetailsCostObjectCstType-arrow"}]}
COMMAND: GET /session/00fbe995d254b544c9b458c3d09ef85d/screenshot - {}
RESULT: {"script":"<script> [1562 bytes]","args":[{"selector":{"id":"application-managepartners-display-component---NewPartner--addressEditDetailsCostObjectCstType-arrow"},"wdio_ui5_key":"applicationmanagepartners-display-component---NewPartner--addressEditDetailsCostObjectCstType-arrow"}]}
RESULT: undefined
COMMAND: POST /session/00fbe995d254b544c9b458c3d09ef85d/element - {"using":"xpath","value":"//*[@id=\"application-managepartners-display-component---NewPartner--addressEditDetailsCostObjectCstType-arrow\"]"}
RESULT: {}
RESULT: {"using":"xpath","value":"//*[@id=\"application-managepartners-display-component---NewPartner--addressEditDetailsCostObjectCstType-arrow\"]"}
COMMAND: POST /session/00fbe995d254b544c9b458c3d09ef85d/element/f.5B10500533936BC34E48C94F23BC04CA.d.D85AD925039320D1E92FE99C03400455.e.5823/click - {}
RESULT: {}
COMMAND: POST /session/00fbe995d254b544c9b458c3d09ef85d/element - {"using":"xpath","value":"//span[contains(text(), \"Cost Center\")]"}
COMMAND: GET /session/00fbe995d254b544c9b458c3d09ef85d/screenshot - {}
RESULT: {"using":"xpath","value":"//span[contains(text(), \"Cost Center\")]"}
COMMAND: POST /session/00fbe995d254b544c9b458c3d09ef85d/element/f.5B10500533936BC34E48C94F23BC04CA.d.D85AD925039320D1E92FE99C03400455.e.5824/click - {}
RESULT: {}
RESULT: {}
COMMAND: GET /session/00fbe995d254b544c9b458c3d09ef85d/screenshot - {}
RESULT: {}
COMMAND: POST /session/00fbe995d254b544c9b458c3d09ef85d/element - {"using":"xpath","value":"//span[@id=\"application-managepartners-display-component---NewPartner--addressNewCostObjectCstID-vhi\"]"}
RESULT: {"using":"xpath","value":"//span[@id=\"application-managepartners-display-component---NewPartner--addressNewCostObjectCstID-vhi\"]"}
COMMAND: POST /session/00fbe995d254b544c9b458c3d09ef85d/element - {"using":"xpath","value":"//span[@id=\"application-managepartners-display-component---NewPartner--addressNewCostObjectCstID-vhi\"]"}
RESULT: {"using":"xpath","value":"//span[@id=\"application-managepartners-display-component---NewPartner--addressNewCostObjectCstID-vhi\"]"}
COMMAND: POST /session/00fbe995d254b544c9b458c3d09ef85d/element - {"using":"xpath","value":"//input[@id=\"application-managepartners-display-component---NewPartner--addressNewCostObjectCstID-inner\"]"}
RESULT: {"using":"xpath","value":"//input[@id=\"application-managepartners-display-component---NewPartner--addressNewCostObjectCstID-inner\"]"}
COMMAND: POST /session/00fbe995d254b544c9b458c3d09ef85d/execute/sync - {"script":"<script> [8489 bytes]","args":[{"element-6066-11e4-a52e-4f735466cecf":"f.5B10500533936BC34E48C94F23BC04CA.d.D85AD925039320D1E92FE99C03400455.e.5826","ELEMENT":"f.5B10500533936BC34E48C94F23BC04CA.d.D85AD925039320D1E92FE99C03400455.e.5826"}]}
RESULT: {"script":"<script> [8489 bytes]","args":[{"element-6066-11e4-a52e-4f735466cecf":"f.5B10500533936BC34E48C94F23BC04CA.d.D85AD925039320D1E92FE99C03400455.e.5826","ELEMENT":"f.5B10500533936BC34E48C94F23BC04CA.d.D85AD925039320D1E92FE99C03400455.e.5826"}]}
COMMAND: POST /session/00fbe995d254b544c9b458c3d09ef85d/element/f.5B10500533936BC34E48C94F23BC04CA.d.D85AD925039320D1E92FE99C03400455.e.5826/clear - {}
COMMAND: GET /session/00fbe995d254b544c9b458c3d09ef85d/screenshot - {}
RESULT: {}
COMMAND: POST /session/00fbe995d254b544c9b458c3d09ef85d/element - {"using":"xpath","value":"//input[@id=\"application-managepartners-display-component---NewPartner--addressNewCostObjectCstID-inner\"]"}
RESULT: {"using":"xpath","value":"//input[@id=\"application-managepartners-display-component---NewPartner--addressNewCostObjectCstID-inner\"]"}
COMMAND: POST /session/00fbe995d254b544c9b458c3d09ef85d/element/f.5B10500533936BC34E48C94F23BC04CA.d.D85AD925039320D1E92FE99C03400455.e.5826/clear - {}
COMMAND: POST /session/00fbe995d254b544c9b458c3d09ef85d/element - {"using":"xpath","value":"//input[@id=\"application-managepartners-display-component---NewPartner--addressNewCostObjectCstID-inner\"]"}
RESULT: {"using":"xpath","value":"//input[@id=\"application-managepartners-display-component---NewPartner--addressNewCostObjectCstID-inner\"]"}
COMMAND: POST /session/00fbe995d254b544c9b458c3d09ef85d/element/f.5B10500533936BC34E48C94F23BC04CA.d.D85AD925039320D1E92FE99C03400455.e.5828/clear - {}
RESULT: {}
COMMAND: POST /session/00fbe995d254b544c9b458c3d09ef85d/element/f.5B10500533936BC34E48C94F23BC04CA.d.D85AD925039320D1E92FE99C03400455.e.5828/value - {"text":"10001013"}
COMMAND: GET /session/00fbe995d254b544c9b458c3d09ef85d/screenshot - {}
RESULT: {"text":"10001013"}
COMMAND: GET /session/00fbe995d254b544c9b458c3d09ef85d/screenshot - {}
RESULT: {}
RESULT: {}
COMMAND: POST /session/00fbe995d254b544c9b458c3d09ef85d/element - {"using":"xpath","value":"//input[@id=\"application-managepartners-display-component---NewPartner--companyCodeComboBox-inner\"]"}
RESULT: {"using":"xpath","value":"//input[@id=\"application-managepartners-display-component---NewPartner--companyCodeComboBox-inner\"]"}
COMMAND: POST /session/00fbe995d254b544c9b458c3d09ef85d/element/f.5B10500533936BC34E48C94F23BC04CA.d.D85AD925039320D1E92FE99C03400455.e.5667/clear - {}
RESULT: {}
COMMAND: POST /session/00fbe995d254b544c9b458c3d09ef85d/element/f.5B10500533936BC34E48C94F23BC04CA.d.D85AD925039320D1E92FE99C03400455.e.5667/value - {"text":"1000"}
COMMAND: GET /session/00fbe995d254b544c9b458c3d09ef85d/screenshot - {}
RESULT: {}
RESULT: {"text":"1000"}
COMMAND: GET /session/00fbe995d254b544c9b458c3d09ef85d/screenshot - {}
RESULT: {}
COMMAND: POST /session/00fbe995d254b544c9b458c3d09ef85d/element - {"using":"xpath","value":"//li[.//span[text()= \"1000\"]]"}
RESULT: {"using":"xpath","value":"//li[.//span[text()= \"1000\"]]"}
COMMAND: POST /session/00fbe995d254b544c9b458c3d09ef85d/element/f.5B10500533936BC34E48C94F23BC04CA.d.D85AD925039320D1E92FE99C03400455.e.5835/click - {}
RESULT: {}
COMMAND: GET /session/00fbe995d254b544c9b458c3d09ef85d/screenshot - {}
RESULT: {}
COMMAND: POST /session/00fbe995d254b544c9b458c3d09ef85d/execute/async - {"script":"<script> [1562 bytes]","args":[{"selector":{"id":"application-managepartners-display-component---NewPartner--btnAddTableRow-img"},"wdio_ui5_key":"applicationmanagepartners-display-component---NewPartner--btnAddTableRow-img"}]}
RESULT: {"script":"<script> [1562 bytes]","args":[{"selector":{"id":"application-managepartners-display-component---NewPartner--btnAddTableRow-img"},"wdio_ui5_key":"applicationmanagepartners-display-component---NewPartner--btnAddTableRow-img"}]}
RESULT: undefined
COMMAND: POST /session/00fbe995d254b544c9b458c3d09ef85d/element - {"using":"xpath","value":"//*[@id=\"application-managepartners-display-component---NewPartner--btnAddTableRow-img\"]"}
RESULT: {"using":"xpath","value":"//*[@id=\"application-managepartners-display-component---NewPartner--btnAddTableRow-img\"]"}
COMMAND: POST /session/00fbe995d254b544c9b458c3d09ef85d/element/f.5B10500533936BC34E48C94F23BC04CA.d.D85AD925039320D1E92FE99C03400455.e.5836/click - {}
RESULT: {}
COMMAND: GET /session/00fbe995d254b544c9b458c3d09ef85d/screenshot - {}
RESULT: {}
COMMAND: POST /session/00fbe995d254b544c9b458c3d09ef85d/element - {"using":"xpath","value":"//input[@id=\"application-managepartners-display-component---NewPartner--assignmentYard-application-managepartners-display-component---NewPartner--assignmentsTable-0-inner\"]"}
RESULT: {"using":"xpath","value":"//input[@id=\"application-managepartners-display-component---NewPartner--assignmentYard-application-managepartners-display-component---NewPartner--assignmentsTable-0-inner\"]"}
COMMAND: POST /session/00fbe995d254b544c9b458c3d09ef85d/element/f.5B10500533936BC34E48C94F23BC04CA.d.D85AD925039320D1E92FE99C03400455.e.5839/clear - {}
RESULT: {}
COMMAND: POST /session/00fbe995d254b544c9b458c3d09ef85d/element/f.5B10500533936BC34E48C94F23BC04CA.d.D85AD925039320D1E92FE99C03400455.e.5839/value - {"text":"276"}
COMMAND: GET /session/00fbe995d254b544c9b458c3d09ef85d/screenshot - {}
RESULT: {"text":"276"}
COMMAND: GET /session/00fbe995d254b544c9b458c3d09ef85d/screenshot - {}
RESULT: {}
RESULT: {}
COMMAND: POST /session/00fbe995d254b544c9b458c3d09ef85d/element - {"using":"xpath","value":"//li[.//span[text()='276']]"}
RESULT: {"using":"xpath","value":"//li[.//span[text()='276']]"}
COMMAND: POST /session/00fbe995d254b544c9b458c3d09ef85d/element/f.5B10500533936BC34E48C94F23BC04CA.d.D85AD925039320D1E92FE99C03400455.e.5848/click - {}
RESULT: {}
COMMAND: GET /session/00fbe995d254b544c9b458c3d09ef85d/screenshot - {}
RESULT: {}
COMMAND: POST /session/00fbe995d254b544c9b458c3d09ef85d/actions - {"actions":[{"id":"action20","type":"key","parameters":{},"actions":[{"type":"keyDown","value":"î€‡"},{"type":"pause","duration":10},{"type":"keyUp","value":"î€‡"}]}]}
RESULT: {"actions":[{"id":"action20","type":"key","parameters":{},"actions":[{"type":"keyDown","value":"î€‡"},{"type":"pause","duration":10},{"type":"keyUp","value":"î€‡"}]}]}
COMMAND: POST /session/00fbe995d254b544c9b458c3d09ef85d/execute/async - {"script":"<script> [1562 bytes]","args":[{"selector":{"id":"application-managepartners-display-component---NewPartner--externalCustomerComboBox-application-managepartners-display-component---NewPartner--assignmentsTable-0-vhi"},"wdio_ui5_key":"applicationmanagepartners-display-component---NewPartner--externalCustomerComboBox-application-managepartners-display-component---NewPartner--assignmentsTable-0-vhi"}]}
COMMAND: GET /session/00fbe995d254b544c9b458c3d09ef85d/screenshot - {}
RESULT: {"script":"<script> [1562 bytes]","args":[{"selector":{"id":"application-managepartners-display-component---NewPartner--externalCustomerComboBox-application-managepartners-display-component---NewPartner--assignmentsTable-0-vhi"},"wdio_ui5_key":"applicationmanagepartners-display-component---NewPartner--externalCustomerComboBox-application-managepartners-display-component---NewPartner--assignmentsTable-0-vhi"}]}
RESULT: undefined
COMMAND: POST /session/00fbe995d254b544c9b458c3d09ef85d/element - {"using":"xpath","value":"//*[@id=\"application-managepartners-display-component---NewPartner--externalCustomerComboBox-application-managepartners-display-component---NewPartner--assignmentsTable-0-vhi\"]"}
RESULT: {}
RESULT: {"using":"xpath","value":"//*[@id=\"application-managepartners-display-component---NewPartner--externalCustomerComboBox-application-managepartners-display-component---NewPartner--assignmentsTable-0-vhi\"]"}
COMMAND: POST /session/00fbe995d254b544c9b458c3d09ef85d/element/f.5B10500533936BC34E48C94F23BC04CA.d.D85AD925039320D1E92FE99C03400455.e.5852/click - {}
RESULT: {}
RESULT: undefined
COMMAND: POST /session/00fbe995d254b544c9b458c3d09ef85d/execute/async - {"script":"<script> [776 bytes]","args":[{"enterText":"300003","selector":{"controlType":"sap.m.SearchField","properties":{"placeholder":"Search"},"searchOpenDialogs":true,"interaction":{"idSuffix":"I"}},"clearTextFirst":true,"interactionType":"ENTER_TEXT"}]}
COMMAND: GET /session/00fbe995d254b544c9b458c3d09ef85d/screenshot - {}
RESULT: {"script":"<script> [776 bytes]","args":[{"enterText":"300003","selector":{"controlType":"sap.m.SearchField","properties":{"placeholder":"Search"},"searchOpenDialogs":true,"interaction":{"idSuffix":"I"}},"clearTextFirst":true,"interactionType":"ENTER_TEXT"}]}
COMMAND: POST /session/00fbe995d254b544c9b458c3d09ef85d/actions - {"actions":[{"id":"action21","type":"key","parameters":{},"actions":[{"type":"keyDown","value":"î€‡"},{"type":"pause","duration":10},{"type":"keyUp","value":"î€‡"}]}]}
RESULT: {}
RESULT: {"actions":[{"id":"action21","type":"key","parameters":{},"actions":[{"type":"keyDown","value":"î€‡"},{"type":"pause","duration":10},{"type":"keyUp","value":"î€‡"}]}]}
COMMAND: GET /session/00fbe995d254b544c9b458c3d09ef85d/screenshot - {}
RESULT: {}
COMMAND: POST /session/00fbe995d254b544c9b458c3d09ef85d/element - {"using":"xpath","value":"//span[contains(text(), \"300003\")]"}
RESULT: {"using":"xpath","value":"//span[contains(text(), \"300003\")]"}
COMMAND: POST /session/00fbe995d254b544c9b458c3d09ef85d/element/f.5B10500533936BC34E48C94F23BC04CA.d.D85AD925039320D1E92FE99C03400455.e.5870/click - {}
RESULT: {}
COMMAND: GET /session/00fbe995d254b544c9b458c3d09ef85d/screenshot - {}
RESULT: {}
COMMAND: POST /session/00fbe995d254b544c9b458c3d09ef85d/element - {"using":"xpath","value":"//bdi[contains(text(), \"OK\")]"}
RESULT: {"using":"xpath","value":"//bdi[contains(text(), \"OK\")]"}
COMMAND: POST /session/00fbe995d254b544c9b458c3d09ef85d/element/f.5B10500533936BC34E48C94F23BC04CA.d.D85AD925039320D1E92FE99C03400455.e.5872/click - {}
RESULT: {}
COMMAND: GET /session/00fbe995d254b544c9b458c3d09ef85d/screenshot - {}
RESULT: {}
COMMAND: POST /session/00fbe995d254b544c9b458c3d09ef85d/execute/async - {"script":"<script> [1562 bytes]","args":[{"selector":{"id":"application-managepartners-display-component---NewPartner--intercompVendorComboBox-application-managepartners-display-component---NewPartner--assignmentsTable-0-vhi"},"wdio_ui5_key":"applicationmanagepartners-display-component---NewPartner--intercompVendorComboBox-application-managepartners-display-component---NewPartner--assignmentsTable-0-vhi"}]}
RESULT: {"script":"<script> [1562 bytes]","args":[{"selector":{"id":"application-managepartners-display-component---NewPartner--intercompVendorComboBox-application-managepartners-display-component---NewPartner--assignmentsTable-0-vhi"},"wdio_ui5_key":"applicationmanagepartners-display-component---NewPartner--intercompVendorComboBox-application-managepartners-display-component---NewPartner--assignmentsTable-0-vhi"}]}
RESULT: undefined
COMMAND: POST /session/00fbe995d254b544c9b458c3d09ef85d/element - {"using":"xpath","value":"//*[@id=\"application-managepartners-display-component---NewPartner--intercompVendorComboBox-application-managepartners-display-component---NewPartner--assignmentsTable-0-vhi\"]"}
RESULT: {"using":"xpath","value":"//*[@id=\"application-managepartners-display-component---NewPartner--intercompVendorComboBox-application-managepartners-display-component---NewPartner--assignmentsTable-0-vhi\"]"}
COMMAND: POST /session/00fbe995d254b544c9b458c3d09ef85d/element/f.5B10500533936BC34E48C94F23BC04CA.d.D85AD925039320D1E92FE99C03400455.e.5875/click - {}
RESULT: {}
RESULT: undefined
COMMAND: POST /session/00fbe995d254b544c9b458c3d09ef85d/execute/async - {"script":"<script> [776 bytes]","args":[{"enterText":"100005","selector":{"controlType":"sap.m.SearchField","properties":{"placeholder":"Search"},"searchOpenDialogs":true,"interaction":{"idSuffix":"I"}},"clearTextFirst":true,"interactionType":"ENTER_TEXT"}]}
COMMAND: GET /session/00fbe995d254b544c9b458c3d09ef85d/screenshot - {}
RESULT: {"script":"<script> [776 bytes]","args":[{"enterText":"100005","selector":{"controlType":"sap.m.SearchField","properties":{"placeholder":"Search"},"searchOpenDialogs":true,"interaction":{"idSuffix":"I"}},"clearTextFirst":true,"interactionType":"ENTER_TEXT"}]}
COMMAND: POST /session/00fbe995d254b544c9b458c3d09ef85d/actions - {"actions":[{"id":"action22","type":"key","parameters":{},"actions":[{"type":"keyDown","value":"î€‡"},{"type":"pause","duration":10},{"type":"keyUp","value":"î€‡"}]}]}
RESULT: {}
RESULT: {"actions":[{"id":"action22","type":"key","parameters":{},"actions":[{"type":"keyDown","value":"î€‡"},{"type":"pause","duration":10},{"type":"keyUp","value":"î€‡"}]}]}
COMMAND: GET /session/00fbe995d254b544c9b458c3d09ef85d/screenshot - {}
RESULT: {}
COMMAND: POST /session/00fbe995d254b544c9b458c3d09ef85d/element - {"using":"xpath","value":"//span[contains(text(), \"Penguins - Field/12345 Berlin\")]"}
RESULT: {"using":"xpath","value":"//span[contains(text(), \"Penguins - Field/12345 Berlin\")]"}
COMMAND: POST /session/00fbe995d254b544c9b458c3d09ef85d/element/f.5B10500533936BC34E48C94F23BC04CA.d.D85AD925039320D1E92FE99C03400455.e.5893/click - {}
RESULT: {}
COMMAND: GET /session/00fbe995d254b544c9b458c3d09ef85d/screenshot - {}
RESULT: {}
COMMAND: POST /session/00fbe995d254b544c9b458c3d09ef85d/element - {"using":"xpath","value":"//bdi[contains(text(), \"OK\")]"}
RESULT: {"using":"xpath","value":"//bdi[contains(text(), \"OK\")]"}
COMMAND: POST /session/00fbe995d254b544c9b458c3d09ef85d/element/f.5B10500533936BC34E48C94F23BC04CA.d.D85AD925039320D1E92FE99C03400455.e.5894/click - {}
RESULT: {}
COMMAND: GET /session/00fbe995d254b544c9b458c3d09ef85d/screenshot - {}
RESULT: {}
COMMAND: POST /session/00fbe995d254b544c9b458c3d09ef85d/element - {"using":"xpath","value":"//button[@data-kt=\"saveButton\"]"}
RESULT: {"using":"xpath","value":"//button[@data-kt=\"saveButton\"]"}
COMMAND: POST /session/00fbe995d254b544c9b458c3d09ef85d/element/f.5B10500533936BC34E48C94F23BC04CA.d.D85AD925039320D1E92FE99C03400455.e.5706/click - {}
RESULT: {}
COMMAND: GET /session/00fbe995d254b544c9b458c3d09ef85d/screenshot - {}
RESULT: {}
COMMAND: POST /session/00fbe995d254b544c9b458c3d09ef85d/element - {"using":"xpath","value":"//header[contains(@id, 'ObjectPageLayout-headerTitle')]/div[1]/div[2]/div[2]/span[1]"}
RESULT: {"using":"xpath","value":"//header[contains(@id, 'ObjectPageLayout-headerTitle')]/div[1]/div[2]/div[2]/span[1]"}
COMMAND: POST /session/00fbe995d254b544c9b458c3d09ef85d/elements - {"using":"xpath","value":"//header[contains(@id, 'ObjectPageLayout-headerTitle')]/div[1]/div[2]/div[2]/span[1]"}
RESULT: {"using":"xpath","value":"//header[contains(@id, 'ObjectPageLayout-headerTitle')]/div[1]/div[2]/div[2]/span[1]"}
COMMAND: POST /session/00fbe995d254b544c9b458c3d09ef85d/execute/sync - {"script":"<script> [56 bytes]","args":[{"element-6066-11e4-a52e-4f735466cecf":"f.5B10500533936BC34E48C94F23BC04CA.d.D85AD925039320D1E92FE99C03400455.e.6055","ELEMENT":"f.5B10500533936BC34E48C94F23BC04CA.d.D85AD925039320D1E92FE99C03400455.e.6055"}]}
RESULT: {"script":"<script> [56 bytes]","args":[{"element-6066-11e4-a52e-4f735466cecf":"f.5B10500533936BC34E48C94F23BC04CA.d.D85AD925039320D1E92FE99C03400455.e.6055","ELEMENT":"f.5B10500533936BC34E48C94F23BC04CA.d.D85AD925039320D1E92FE99C03400455.e.6055"}]}
COMMAND: POST /session/00fbe995d254b544c9b458c3d09ef85d/element - {"using":"css selector","value":"#shell-header-logo"}
COMMAND: GET /session/00fbe995d254b544c9b458c3d09ef85d/screenshot - {}
RESULT: {"using":"css selector","value":"#shell-header-logo"}
COMMAND: POST /session/00fbe995d254b544c9b458c3d09ef85d/element/f.5B10500533936BC34E48C94F23BC04CA.d.D85AD925039320D1E92FE99C03400455.e.5317/click - {}
RESULT: {}
RESULT: {}
COMMAND: GET /session/00fbe995d254b544c9b458c3d09ef85d/screenshot - {}
RESULT: {}
COMMAND: POST /session/00fbe995d254b544c9b458c3d09ef85d/execute/sync - {"script":"<script> [299 bytes]","args":[["getModel","getResource"]]}
RESULT: {"script":"<script> [299 bytes]","args":[["getModel","getResource"]]}
COMMAND: GET /session/00fbe995d254b544c9b458c3d09ef85d/screenshot - {}
]]></system-out>
    </testcase>
    <testcase classname="chrome.136_0_7103_49.windows.Billing_Transfer_-_Intracompany_US127249" name="Should create a new site" time="89.023">
      <system-out><![CDATA[
COMMAND: POST /session/00fbe995d254b544c9b458c3d09ef85d/execute/async - {"script":"<script> [1562 bytes]","args":[{"selector":{"controlType":"sap.m.TileContent","bindingPath":{"path":"","propertyPath":"/properties/info"},"ancestor":{"controlType":"sap.m.GenericTile","properties":{"header":"Manage Sites"}}},"wdio_ui5_key":"sapm.TileContent{\"path\":\"\",\"propertyPath\":\"/properties/info\"}{\"controlType\":\"sap.m.GenericTile\",\"properties\":{\"header\":\"Manage Sites\"}}"}]}
RESULT: {}
RESULT: {"script":"<script> [1562 bytes]","args":[{"selector":{"controlType":"sap.m.TileContent","bindingPath":{"path":"","propertyPath":"/properties/info"},"ancestor":{"controlType":"sap.m.GenericTile","properties":{"header":"Manage Sites"}}},"wdio_ui5_key":"sapm.TileContent{\"path\":\"\",\"propertyPath\":\"/properties/info\"}{\"controlType\":\"sap.m.GenericTile\",\"properties\":{\"header\":\"Manage Sites\"}}"}]}
RESULT: undefined
COMMAND: POST /session/00fbe995d254b544c9b458c3d09ef85d/element - {"using":"xpath","value":"//*[@id=\"__xmlview7--numericTileContent\"]"}
RESULT: {"using":"xpath","value":"//*[@id=\"__xmlview7--numericTileContent\"]"}
COMMAND: POST /session/00fbe995d254b544c9b458c3d09ef85d/element/f.5B10500533936BC34E48C94F23BC04CA.d.D85AD925039320D1E92FE99C03400455.e.6057/click - {}
RESULT: {}
COMMAND: POST /session/00fbe995d254b544c9b458c3d09ef85d/element - {"using":"xpath","value":"//button[@data-kt=\"addOverflowToolbarButton\"]"}
COMMAND: GET /session/00fbe995d254b544c9b458c3d09ef85d/screenshot - {}
RESULT: {"using":"xpath","value":"//button[@data-kt=\"addOverflowToolbarButton\"]"}
COMMAND: POST /session/00fbe995d254b544c9b458c3d09ef85d/elements - {"using":"xpath","value":"//button[@data-kt=\"addOverflowToolbarButton\"]"}
RESULT: {}
RESULT: {"using":"xpath","value":"//button[@data-kt=\"addOverflowToolbarButton\"]"}
COMMAND: POST /session/00fbe995d254b544c9b458c3d09ef85d/elements - {"using":"xpath","value":"//button[@data-kt=\"addOverflowToolbarButton\"]"}
RESULT: {"using":"xpath","value":"//button[@data-kt=\"addOverflowToolbarButton\"]"}
COMMAND: POST /session/00fbe995d254b544c9b458c3d09ef85d/element - {"using":"xpath","value":"//button[@data-kt=\"addOverflowToolbarButton\"]"}
RESULT: {"using":"xpath","value":"//button[@data-kt=\"addOverflowToolbarButton\"]"}
COMMAND: POST /session/00fbe995d254b544c9b458c3d09ef85d/execute/sync - {"script":"<script> [8489 bytes]","args":[{"element-6066-11e4-a52e-4f735466cecf":"f.5B10500533936BC34E48C94F23BC04CA.d.D85AD925039320D1E92FE99C03400455.e.6103","ELEMENT":"f.5B10500533936BC34E48C94F23BC04CA.d.D85AD925039320D1E92FE99C03400455.e.6103"}]}
RESULT: {"script":"<script> [8489 bytes]","args":[{"element-6066-11e4-a52e-4f735466cecf":"f.5B10500533936BC34E48C94F23BC04CA.d.D85AD925039320D1E92FE99C03400455.e.6103","ELEMENT":"f.5B10500533936BC34E48C94F23BC04CA.d.D85AD925039320D1E92FE99C03400455.e.6103"}]}
COMMAND: GET /session/00fbe995d254b544c9b458c3d09ef85d/element/f.5B10500533936BC34E48C94F23BC04CA.d.D85AD925039320D1E92FE99C03400455.e.6103/enabled - {}
COMMAND: GET /session/00fbe995d254b544c9b458c3d09ef85d/screenshot - {}
RESULT: {}
COMMAND: POST /session/00fbe995d254b544c9b458c3d09ef85d/execute/sync - {"script":"<script> [8489 bytes]","args":[{"element-6066-11e4-a52e-4f735466cecf":"f.5B10500533936BC34E48C94F23BC04CA.d.D85AD925039320D1E92FE99C03400455.e.6103","ELEMENT":"f.5B10500533936BC34E48C94F23BC04CA.d.D85AD925039320D1E92FE99C03400455.e.6103"}]}
COMMAND: GET /session/00fbe995d254b544c9b458c3d09ef85d/screenshot - {}
RESULT: {}
RESULT: {"script":"<script> [8489 bytes]","args":[{"element-6066-11e4-a52e-4f735466cecf":"f.5B10500533936BC34E48C94F23BC04CA.d.D85AD925039320D1E92FE99C03400455.e.6103","ELEMENT":"f.5B10500533936BC34E48C94F23BC04CA.d.D85AD925039320D1E92FE99C03400455.e.6103"}]}
COMMAND: POST /session/00fbe995d254b544c9b458c3d09ef85d/execute/sync - {"script":"<script> [5351 bytes]","args":[{"element-6066-11e4-a52e-4f735466cecf":"f.5B10500533936BC34E48C94F23BC04CA.d.D85AD925039320D1E92FE99C03400455.e.6103","ELEMENT":"f.5B10500533936BC34E48C94F23BC04CA.d.D85AD925039320D1E92FE99C03400455.e.6103"}]}
COMMAND: GET /session/00fbe995d254b544c9b458c3d09ef85d/screenshot - {}
RESULT: {}
RESULT: {"script":"<script> [5351 bytes]","args":[{"element-6066-11e4-a52e-4f735466cecf":"f.5B10500533936BC34E48C94F23BC04CA.d.D85AD925039320D1E92FE99C03400455.e.6103","ELEMENT":"f.5B10500533936BC34E48C94F23BC04CA.d.D85AD925039320D1E92FE99C03400455.e.6103"}]}
COMMAND: POST /session/00fbe995d254b544c9b458c3d09ef85d/element/f.5B10500533936BC34E48C94F23BC04CA.d.D85AD925039320D1E92FE99C03400455.e.6103/click - {}
COMMAND: GET /session/00fbe995d254b544c9b458c3d09ef85d/screenshot - {}
RESULT: {}
RESULT: {}
COMMAND: GET /session/00fbe995d254b544c9b458c3d09ef85d/screenshot - {}
COMMAND: POST /session/00fbe995d254b544c9b458c3d09ef85d/element - {"using":"xpath","value":"//input[@id=\"application-managesites-display-component---NewSite--siteId-inner\"]"}
RESULT: {}
RESULT: {}
RESULT: {"using":"xpath","value":"//input[@id=\"application-managesites-display-component---NewSite--siteId-inner\"]"}
COMMAND: POST /session/00fbe995d254b544c9b458c3d09ef85d/element - {"using":"xpath","value":"//input[@id=\"application-managesites-display-component---NewSite--siteId-inner\"]"}
RESULT: {"using":"xpath","value":"//input[@id=\"application-managesites-display-component---NewSite--siteId-inner\"]"}
COMMAND: POST /session/00fbe995d254b544c9b458c3d09ef85d/execute/async - {"script":"<script> [1562 bytes]","args":[{"selector":{"id":"application-managesites-display-component---NewSite--addressDetailDetailsName1","interaction":{"idSuffix":"inner"}},"wdio_ui5_key":"applicationmanagesites-display-component---NewSite--addressDetailDetailsName1"}]}
RESULT: {"script":"<script> [1562 bytes]","args":[{"selector":{"id":"application-managesites-display-component---NewSite--addressDetailDetailsName1","interaction":{"idSuffix":"inner"}},"wdio_ui5_key":"applicationmanagesites-display-component---NewSite--addressDetailDetailsName1"}]}
RESULT: undefined
COMMAND: POST /session/00fbe995d254b544c9b458c3d09ef85d/execute/async - {"script":"<script> [776 bytes]","args":[{"enterText":"Intracompany Site wdIO","selector":{"id":"application-managesites-display-component---NewSite--addressDetailDetailsName1","interaction":{"idSuffix":"inner"}},"clearTextFirst":true,"interactionType":"ENTER_TEXT"}]}
RESULT: {"script":"<script> [776 bytes]","args":[{"enterText":"Intracompany Site wdIO","selector":{"id":"application-managesites-display-component---NewSite--addressDetailDetailsName1","interaction":{"idSuffix":"inner"}},"clearTextFirst":true,"interactionType":"ENTER_TEXT"}]}
COMMAND: POST /session/00fbe995d254b544c9b458c3d09ef85d/execute/async - {"script":"<script> [1562 bytes]","args":[{"selector":{"id":"application-managesites-display-component---NewSite--addressDetailDetailsLanguage-arrow"},"wdio_ui5_key":"applicationmanagesites-display-component---NewSite--addressDetailDetailsLanguage-arrow"}]}
RESULT: {"script":"<script> [1562 bytes]","args":[{"selector":{"id":"application-managesites-display-component---NewSite--addressDetailDetailsLanguage-arrow"},"wdio_ui5_key":"applicationmanagesites-display-component---NewSite--addressDetailDetailsLanguage-arrow"}]}
RESULT: undefined
COMMAND: POST /session/00fbe995d254b544c9b458c3d09ef85d/element - {"using":"xpath","value":"//*[@id=\"application-managesites-display-component---NewSite--addressDetailDetailsLanguage-arrow\"]"}
RESULT: {"using":"xpath","value":"//*[@id=\"application-managesites-display-component---NewSite--addressDetailDetailsLanguage-arrow\"]"}
COMMAND: POST /session/00fbe995d254b544c9b458c3d09ef85d/element/f.5B10500533936BC34E48C94F23BC04CA.d.D85AD925039320D1E92FE99C03400455.e.6711/click - {}
RESULT: {}
COMMAND: POST /session/00fbe995d254b544c9b458c3d09ef85d/element - {"using":"xpath","value":"//span[contains(text(), \"English\")]"}
COMMAND: GET /session/00fbe995d254b544c9b458c3d09ef85d/screenshot - {}
RESULT: {"using":"xpath","value":"//span[contains(text(), \"English\")]"}
COMMAND: POST /session/00fbe995d254b544c9b458c3d09ef85d/element/f.5B10500533936BC34E48C94F23BC04CA.d.D85AD925039320D1E92FE99C03400455.e.6712/click - {}
RESULT: {}
RESULT: {}
COMMAND: POST /session/00fbe995d254b544c9b458c3d09ef85d/execute/async - {"script":"<script> [1562 bytes]","args":[{"selector":{"id":"application-managesites-display-component---NewSite--addressDetailDetailsCity1","interaction":{"idSuffix":"inner"}},"wdio_ui5_key":"applicationmanagesites-display-component---NewSite--addressDetailDetailsCity1"}]}
COMMAND: GET /session/00fbe995d254b544c9b458c3d09ef85d/screenshot - {}
RESULT: {"script":"<script> [1562 bytes]","args":[{"selector":{"id":"application-managesites-display-component---NewSite--addressDetailDetailsCity1","interaction":{"idSuffix":"inner"}},"wdio_ui5_key":"applicationmanagesites-display-component---NewSite--addressDetailDetailsCity1"}]}
RESULT: undefined
COMMAND: POST /session/00fbe995d254b544c9b458c3d09ef85d/execute/async - {"script":"<script> [776 bytes]","args":[{"enterText":"Rosario","selector":{"id":"application-managesites-display-component---NewSite--addressDetailDetailsCity1","interaction":{"idSuffix":"inner"}},"clearTextFirst":true,"interactionType":"ENTER_TEXT"}]}
RESULT: {}
RESULT: {"script":"<script> [776 bytes]","args":[{"enterText":"Rosario","selector":{"id":"application-managesites-display-component---NewSite--addressDetailDetailsCity1","interaction":{"idSuffix":"inner"}},"clearTextFirst":true,"interactionType":"ENTER_TEXT"}]}
COMMAND: POST /session/00fbe995d254b544c9b458c3d09ef85d/execute/async - {"script":"<script> [1562 bytes]","args":[{"selector":{"id":"application-managesites-display-component---NewSite--addressDetailDetailsCountry-arrow"},"wdio_ui5_key":"applicationmanagesites-display-component---NewSite--addressDetailDetailsCountry-arrow"}]}
RESULT: {"script":"<script> [1562 bytes]","args":[{"selector":{"id":"application-managesites-display-component---NewSite--addressDetailDetailsCountry-arrow"},"wdio_ui5_key":"applicationmanagesites-display-component---NewSite--addressDetailDetailsCountry-arrow"}]}
RESULT: undefined
COMMAND: POST /session/00fbe995d254b544c9b458c3d09ef85d/element - {"using":"xpath","value":"//*[@id=\"application-managesites-display-component---NewSite--addressDetailDetailsCountry-arrow\"]"}
RESULT: {"using":"xpath","value":"//*[@id=\"application-managesites-display-component---NewSite--addressDetailDetailsCountry-arrow\"]"}
COMMAND: POST /session/00fbe995d254b544c9b458c3d09ef85d/element/f.5B10500533936BC34E48C94F23BC04CA.d.D85AD925039320D1E92FE99C03400455.e.6714/click - {}
RESULT: {}
COMMAND: POST /session/00fbe995d254b544c9b458c3d09ef85d/element - {"using":"xpath","value":"//span[contains(text(), \"Argentina\")]"}
COMMAND: GET /session/00fbe995d254b544c9b458c3d09ef85d/screenshot - {}
RESULT: {"using":"xpath","value":"//span[contains(text(), \"Argentina\")]"}
COMMAND: POST /session/00fbe995d254b544c9b458c3d09ef85d/element/f.5B10500533936BC34E48C94F23BC04CA.d.D85AD925039320D1E92FE99C03400455.e.6715/click - {}
RESULT: {}
RESULT: {}
COMMAND: GET /session/00fbe995d254b544c9b458c3d09ef85d/screenshot - {}
RESULT: {}
COMMAND: POST /session/00fbe995d254b544c9b458c3d09ef85d/execute/async - {"script":"<script> [1562 bytes]","args":[{"selector":{"id":"application-managesites-display-component---NewSite--addressEditDetailsCostObjectCstType-arrow"},"wdio_ui5_key":"applicationmanagesites-display-component---NewSite--addressEditDetailsCostObjectCstType-arrow"}]}
RESULT: {"script":"<script> [1562 bytes]","args":[{"selector":{"id":"application-managesites-display-component---NewSite--addressEditDetailsCostObjectCstType-arrow"},"wdio_ui5_key":"applicationmanagesites-display-component---NewSite--addressEditDetailsCostObjectCstType-arrow"}]}
RESULT: undefined
COMMAND: POST /session/00fbe995d254b544c9b458c3d09ef85d/element - {"using":"xpath","value":"//*[@id=\"application-managesites-display-component---NewSite--addressEditDetailsCostObjectCstType-arrow\"]"}
RESULT: {"using":"xpath","value":"//*[@id=\"application-managesites-display-component---NewSite--addressEditDetailsCostObjectCstType-arrow\"]"}
COMMAND: POST /session/00fbe995d254b544c9b458c3d09ef85d/element/f.5B10500533936BC34E48C94F23BC04CA.d.D85AD925039320D1E92FE99C03400455.e.6717/click - {}
RESULT: {}
COMMAND: POST /session/00fbe995d254b544c9b458c3d09ef85d/element - {"using":"xpath","value":"//span[contains(text(), \"Cost Center\")]"}
COMMAND: GET /session/00fbe995d254b544c9b458c3d09ef85d/screenshot - {}
RESULT: {"using":"xpath","value":"//span[contains(text(), \"Cost Center\")]"}
COMMAND: POST /session/00fbe995d254b544c9b458c3d09ef85d/element/f.5B10500533936BC34E48C94F23BC04CA.d.D85AD925039320D1E92FE99C03400455.e.6718/click - {}
RESULT: {}
RESULT: {}
COMMAND: GET /session/00fbe995d254b544c9b458c3d09ef85d/screenshot - {}
RESULT: {}
COMMAND: POST /session/00fbe995d254b544c9b458c3d09ef85d/element - {"using":"xpath","value":"//span[@id=\"application-managesites-display-component---NewSite--addressNewCostObjectCstID-vhi\"]"}
RESULT: {"using":"xpath","value":"//span[@id=\"application-managesites-display-component---NewSite--addressNewCostObjectCstID-vhi\"]"}
COMMAND: POST /session/00fbe995d254b544c9b458c3d09ef85d/execute/sync - {"script":"<script> [8489 bytes]","args":[{"element-6066-11e4-a52e-4f735466cecf":"f.5B10500533936BC34E48C94F23BC04CA.d.D85AD925039320D1E92FE99C03400455.e.6723","ELEMENT":"f.5B10500533936BC34E48C94F23BC04CA.d.D85AD925039320D1E92FE99C03400455.e.6723"}]}
RESULT: {"script":"<script> [8489 bytes]","args":[{"element-6066-11e4-a52e-4f735466cecf":"f.5B10500533936BC34E48C94F23BC04CA.d.D85AD925039320D1E92FE99C03400455.e.6723","ELEMENT":"f.5B10500533936BC34E48C94F23BC04CA.d.D85AD925039320D1E92FE99C03400455.e.6723"}]}
COMMAND: POST /session/00fbe995d254b544c9b458c3d09ef85d/execute/async - {"script":"<script> [1562 bytes]","args":[{"selector":{"id":"application-managesites-display-component---NewSite--addressNewCostObjectCstID-vhi"},"wdio_ui5_key":"applicationmanagesites-display-component---NewSite--addressNewCostObjectCstID-vhi"}]}
COMMAND: GET /session/00fbe995d254b544c9b458c3d09ef85d/screenshot - {}
RESULT: {"script":"<script> [1562 bytes]","args":[{"selector":{"id":"application-managesites-display-component---NewSite--addressNewCostObjectCstID-vhi"},"wdio_ui5_key":"applicationmanagesites-display-component---NewSite--addressNewCostObjectCstID-vhi"}]}
RESULT: undefined
COMMAND: POST /session/00fbe995d254b544c9b458c3d09ef85d/element - {"using":"xpath","value":"//*[@id=\"application-managesites-display-component---NewSite--addressNewCostObjectCstID-vhi\"]"}
RESULT: {}
RESULT: {"using":"xpath","value":"//*[@id=\"application-managesites-display-component---NewSite--addressNewCostObjectCstID-vhi\"]"}
COMMAND: POST /session/00fbe995d254b544c9b458c3d09ef85d/element/f.5B10500533936BC34E48C94F23BC04CA.d.D85AD925039320D1E92FE99C03400455.e.6723/click - {}
RESULT: {}
COMMAND: GET /session/00fbe995d254b544c9b458c3d09ef85d/screenshot - {}
RESULT: {}
RESULT: undefined
COMMAND: POST /session/00fbe995d254b544c9b458c3d09ef85d/execute/async - {"script":"<script> [776 bytes]","args":[{"enterText":"10001013","selector":{"controlType":"sap.m.SearchField","properties":{"placeholder":"Search"},"searchOpenDialogs":true,"interaction":{"idSuffix":"I"}},"clearTextFirst":true,"interactionType":"ENTER_TEXT"}]}
RESULT: {"script":"<script> [776 bytes]","args":[{"enterText":"10001013","selector":{"controlType":"sap.m.SearchField","properties":{"placeholder":"Search"},"searchOpenDialogs":true,"interaction":{"idSuffix":"I"}},"clearTextFirst":true,"interactionType":"ENTER_TEXT"}]}
COMMAND: POST /session/00fbe995d254b544c9b458c3d09ef85d/actions - {"actions":[{"id":"action23","type":"key","parameters":{},"actions":[{"type":"keyDown","value":"î€‡"},{"type":"pause","duration":10},{"type":"keyUp","value":"î€‡"}]}]}
RESULT: {"actions":[{"id":"action23","type":"key","parameters":{},"actions":[{"type":"keyDown","value":"î€‡"},{"type":"pause","duration":10},{"type":"keyUp","value":"î€‡"}]}]}
COMMAND: GET /session/00fbe995d254b544c9b458c3d09ef85d/screenshot - {}
RESULT: {}
COMMAND: POST /session/00fbe995d254b544c9b458c3d09ef85d/element - {"using":"xpath","value":"//span[contains(text(), \"General Management\")]"}
RESULT: {"using":"xpath","value":"//span[contains(text(), \"General Management\")]"}
COMMAND: POST /session/00fbe995d254b544c9b458c3d09ef85d/element/f.5B10500533936BC34E48C94F23BC04CA.d.D85AD925039320D1E92FE99C03400455.e.6761/click - {}
RESULT: {}
COMMAND: GET /session/00fbe995d254b544c9b458c3d09ef85d/screenshot - {}
RESULT: {}
COMMAND: POST /session/00fbe995d254b544c9b458c3d09ef85d/element - {"using":"xpath","value":"//bdi[contains(text(), \"OK\")]"}
RESULT: {"using":"xpath","value":"//bdi[contains(text(), \"OK\")]"}
COMMAND: POST /session/00fbe995d254b544c9b458c3d09ef85d/element/f.5B10500533936BC34E48C94F23BC04CA.d.D85AD925039320D1E92FE99C03400455.e.6762/click - {}
RESULT: {}
COMMAND: GET /session/00fbe995d254b544c9b458c3d09ef85d/screenshot - {}
RESULT: {}
COMMAND: POST /session/00fbe995d254b544c9b458c3d09ef85d/element - {"using":"xpath","value":"//input[@id=\"application-managesites-display-component---NewSite--addressDetailDetailsCalendar-inner\"]"}
RESULT: {"using":"xpath","value":"//input[@id=\"application-managesites-display-component---NewSite--addressDetailDetailsCalendar-inner\"]"}
COMMAND: POST /session/00fbe995d254b544c9b458c3d09ef85d/element/f.5B10500533936BC34E48C94F23BC04CA.d.D85AD925039320D1E92FE99C03400455.e.6488/clear - {}
RESULT: {}
COMMAND: POST /session/00fbe995d254b544c9b458c3d09ef85d/element/f.5B10500533936BC34E48C94F23BC04CA.d.D85AD925039320D1E92FE99C03400455.e.6488/value - {"text":"Unit"}
COMMAND: GET /session/00fbe995d254b544c9b458c3d09ef85d/screenshot - {}
RESULT: {"text":"Unit"}
COMMAND: GET /session/00fbe995d254b544c9b458c3d09ef85d/screenshot - {}
RESULT: {}
RESULT: {}
COMMAND: POST /session/00fbe995d254b544c9b458c3d09ef85d/actions - {"actions":[{"id":"action24","type":"key","parameters":{},"actions":[{"type":"keyDown","value":"î€‡"},{"type":"pause","duration":10},{"type":"keyUp","value":"î€‡"}]}]}
RESULT: {"actions":[{"id":"action24","type":"key","parameters":{},"actions":[{"type":"keyDown","value":"î€‡"},{"type":"pause","duration":10},{"type":"keyUp","value":"î€‡"}]}]}
COMMAND: POST /session/00fbe995d254b544c9b458c3d09ef85d/element - {"using":"xpath","value":"//input[@id=\"application-managesites-display-component---NewSite--addressDetailDetailsYard-inner\"]"}
COMMAND: GET /session/00fbe995d254b544c9b458c3d09ef85d/screenshot - {}
RESULT: {"using":"xpath","value":"//input[@id=\"application-managesites-display-component---NewSite--addressDetailDetailsYard-inner\"]"}
COMMAND: POST /session/00fbe995d254b544c9b458c3d09ef85d/element/f.5B10500533936BC34E48C94F23BC04CA.d.D85AD925039320D1E92FE99C03400455.e.6489/clear - {}
RESULT: {}
RESULT: {}
COMMAND: POST /session/00fbe995d254b544c9b458c3d09ef85d/element/f.5B10500533936BC34E48C94F23BC04CA.d.D85AD925039320D1E92FE99C03400455.e.6489/value - {"text":"276"}
COMMAND: GET /session/00fbe995d254b544c9b458c3d09ef85d/screenshot - {}
RESULT: {"text":"276"}
COMMAND: GET /session/00fbe995d254b544c9b458c3d09ef85d/screenshot - {}
RESULT: {}
RESULT: {}
COMMAND: POST /session/00fbe995d254b544c9b458c3d09ef85d/element - {"using":"xpath","value":"//li[.//span[text()='276']]"}
RESULT: {"using":"xpath","value":"//li[.//span[text()='276']]"}
COMMAND: POST /session/00fbe995d254b544c9b458c3d09ef85d/element/f.5B10500533936BC34E48C94F23BC04CA.d.D85AD925039320D1E92FE99C03400455.e.6770/click - {}
RESULT: {}
COMMAND: GET /session/00fbe995d254b544c9b458c3d09ef85d/screenshot - {}
RESULT: {}
COMMAND: POST /session/00fbe995d254b544c9b458c3d09ef85d/element - {"using":"xpath","value":"//input[@id=\"application-managesites-display-component---NewSite--addressDetailDetailsPartner-inner\"]"}
RESULT: {"using":"xpath","value":"//input[@id=\"application-managesites-display-component---NewSite--addressDetailDetailsPartner-inner\"]"}
COMMAND: POST /session/00fbe995d254b544c9b458c3d09ef85d/element - {"using":"xpath","value":"//input[@id=\"application-managesites-display-component---NewSite--addressDetailDetailsPartner-inner\"]"}
RESULT: {"using":"xpath","value":"//input[@id=\"application-managesites-display-component---NewSite--addressDetailDetailsPartner-inner\"]"}
COMMAND: POST /session/00fbe995d254b544c9b458c3d09ef85d/element - {"using":"xpath","value":"//button[@data-kt=\"saveButton\"]"}
RESULT: {"using":"xpath","value":"//button[@data-kt=\"saveButton\"]"}
COMMAND: POST /session/00fbe995d254b544c9b458c3d09ef85d/element/f.5B10500533936BC34E48C94F23BC04CA.d.D85AD925039320D1E92FE99C03400455.e.6647/click - {}
RESULT: {}
COMMAND: GET /session/00fbe995d254b544c9b458c3d09ef85d/screenshot - {}
RESULT: {}
COMMAND: POST /session/00fbe995d254b544c9b458c3d09ef85d/element - {"using":"xpath","value":"//header[contains(@id, 'ObjectPageLayout-headerTitle')]/div[1]/div[2]/div[2]/span[1]"}
RESULT: {"using":"xpath","value":"//header[contains(@id, 'ObjectPageLayout-headerTitle')]/div[1]/div[2]/div[2]/span[1]"}
COMMAND: POST /session/00fbe995d254b544c9b458c3d09ef85d/elements - {"using":"xpath","value":"//header[contains(@id, 'ObjectPageLayout-headerTitle')]/div[1]/div[2]/div[2]/span[1]"}
RESULT: {"using":"xpath","value":"//header[contains(@id, 'ObjectPageLayout-headerTitle')]/div[1]/div[2]/div[2]/span[1]"}
COMMAND: POST /session/00fbe995d254b544c9b458c3d09ef85d/execute/sync - {"script":"<script> [56 bytes]","args":[{"element-6066-11e4-a52e-4f735466cecf":"f.5B10500533936BC34E48C94F23BC04CA.d.D85AD925039320D1E92FE99C03400455.e.6957","ELEMENT":"f.5B10500533936BC34E48C94F23BC04CA.d.D85AD925039320D1E92FE99C03400455.e.6957"}]}
RESULT: {"script":"<script> [56 bytes]","args":[{"element-6066-11e4-a52e-4f735466cecf":"f.5B10500533936BC34E48C94F23BC04CA.d.D85AD925039320D1E92FE99C03400455.e.6957","ELEMENT":"f.5B10500533936BC34E48C94F23BC04CA.d.D85AD925039320D1E92FE99C03400455.e.6957"}]}
COMMAND: POST /session/00fbe995d254b544c9b458c3d09ef85d/element - {"using":"css selector","value":"#shell-header-logo"}
COMMAND: GET /session/00fbe995d254b544c9b458c3d09ef85d/screenshot - {}
RESULT: {"using":"css selector","value":"#shell-header-logo"}
COMMAND: POST /session/00fbe995d254b544c9b458c3d09ef85d/element/f.5B10500533936BC34E48C94F23BC04CA.d.D85AD925039320D1E92FE99C03400455.e.6061/click - {}
RESULT: {}
RESULT: {}
COMMAND: GET /session/00fbe995d254b544c9b458c3d09ef85d/screenshot - {}
RESULT: {}
COMMAND: POST /session/00fbe995d254b544c9b458c3d09ef85d/execute/sync - {"script":"<script> [299 bytes]","args":[["getModel","getResource"]]}
RESULT: {"script":"<script> [299 bytes]","args":[["getModel","getResource"]]}
]]></system-out>
    </testcase>
    <testcase classname="chrome.136_0_7103_49.windows.Billing_Transfer_-_Intracompany_US127249" name="Should create a new equipment" time="117.547">
      <system-out><![CDATA[
COMMAND: GET /session/00fbe995d254b544c9b458c3d09ef85d/screenshot - {}
COMMAND: POST /session/00fbe995d254b544c9b458c3d09ef85d/execute/async - {"script":"<script> [1562 bytes]","args":[{"selector":{"controlType":"sap.m.GenericTile","properties":{"header":"Manage Resources"}},"wdio_ui5_key":"sapm.GenericTile{\"header\":\"Manage Resources\"}"}]}
RESULT: {"script":"<script> [1562 bytes]","args":[{"selector":{"controlType":"sap.m.GenericTile","properties":{"header":"Manage Resources"}},"wdio_ui5_key":"sapm.GenericTile{\"header\":\"Manage Resources\"}"}]}
RESULT: undefined
COMMAND: POST /session/00fbe995d254b544c9b458c3d09ef85d/element - {"using":"xpath","value":"//*[@id=\"__tile39\"]"}
RESULT: {}
RESULT: {"using":"xpath","value":"//*[@id=\"__tile39\"]"}
COMMAND: POST /session/00fbe995d254b544c9b458c3d09ef85d/element/f.5B10500533936BC34E48C94F23BC04CA.d.D85AD925039320D1E92FE99C03400455.e.4456/click - {}
RESULT: {}
COMMAND: POST /session/00fbe995d254b544c9b458c3d09ef85d/element - {"using":"xpath","value":"//button[@data-kt=\"addNewRUOverflowToolbarButton\"]"}
COMMAND: GET /session/00fbe995d254b544c9b458c3d09ef85d/screenshot - {}
RESULT: {"using":"xpath","value":"//button[@data-kt=\"addNewRUOverflowToolbarButton\"]"}
COMMAND: POST /session/00fbe995d254b544c9b458c3d09ef85d/elements - {"using":"xpath","value":"//button[@data-kt=\"addNewRUOverflowToolbarButton\"]"}
RESULT: {}
RESULT: {"using":"xpath","value":"//button[@data-kt=\"addNewRUOverflowToolbarButton\"]"}
COMMAND: POST /session/00fbe995d254b544c9b458c3d09ef85d/elements - {"using":"xpath","value":"//button[@data-kt=\"addNewRUOverflowToolbarButton\"]"}
RESULT: {"using":"xpath","value":"//button[@data-kt=\"addNewRUOverflowToolbarButton\"]"}
COMMAND: POST /session/00fbe995d254b544c9b458c3d09ef85d/elements - {"using":"xpath","value":"//button[@data-kt=\"addNewRUOverflowToolbarButton\"]"}
RESULT: {"using":"xpath","value":"//button[@data-kt=\"addNewRUOverflowToolbarButton\"]"}
COMMAND: POST /session/00fbe995d254b544c9b458c3d09ef85d/elements - {"using":"xpath","value":"//button[@data-kt=\"addNewRUOverflowToolbarButton\"]"}
RESULT: {"using":"xpath","value":"//button[@data-kt=\"addNewRUOverflowToolbarButton\"]"}
COMMAND: POST /session/00fbe995d254b544c9b458c3d09ef85d/elements - {"using":"xpath","value":"//button[@data-kt=\"addNewRUOverflowToolbarButton\"]"}
RESULT: {"using":"xpath","value":"//button[@data-kt=\"addNewRUOverflowToolbarButton\"]"}
COMMAND: POST /session/00fbe995d254b544c9b458c3d09ef85d/elements - {"using":"xpath","value":"//button[@data-kt=\"addNewRUOverflowToolbarButton\"]"}
RESULT: {"using":"xpath","value":"//button[@data-kt=\"addNewRUOverflowToolbarButton\"]"}
COMMAND: POST /session/00fbe995d254b544c9b458c3d09ef85d/elements - {"using":"xpath","value":"//button[@data-kt=\"addNewRUOverflowToolbarButton\"]"}
RESULT: {"using":"xpath","value":"//button[@data-kt=\"addNewRUOverflowToolbarButton\"]"}
COMMAND: POST /session/00fbe995d254b544c9b458c3d09ef85d/elements - {"using":"xpath","value":"//button[@data-kt=\"addNewRUOverflowToolbarButton\"]"}
RESULT: {"using":"xpath","value":"//button[@data-kt=\"addNewRUOverflowToolbarButton\"]"}
COMMAND: POST /session/00fbe995d254b544c9b458c3d09ef85d/elements - {"using":"xpath","value":"//button[@data-kt=\"addNewRUOverflowToolbarButton\"]"}
RESULT: {"using":"xpath","value":"//button[@data-kt=\"addNewRUOverflowToolbarButton\"]"}
COMMAND: POST /session/00fbe995d254b544c9b458c3d09ef85d/elements - {"using":"xpath","value":"//button[@data-kt=\"addNewRUOverflowToolbarButton\"]"}
RESULT: {"using":"xpath","value":"//button[@data-kt=\"addNewRUOverflowToolbarButton\"]"}
COMMAND: POST /session/00fbe995d254b544c9b458c3d09ef85d/elements - {"using":"xpath","value":"//button[@data-kt=\"addNewRUOverflowToolbarButton\"]"}
RESULT: {"using":"xpath","value":"//button[@data-kt=\"addNewRUOverflowToolbarButton\"]"}
COMMAND: POST /session/00fbe995d254b544c9b458c3d09ef85d/elements - {"using":"xpath","value":"//button[@data-kt=\"addNewRUOverflowToolbarButton\"]"}
RESULT: {"using":"xpath","value":"//button[@data-kt=\"addNewRUOverflowToolbarButton\"]"}
COMMAND: POST /session/00fbe995d254b544c9b458c3d09ef85d/elements - {"using":"xpath","value":"//button[@data-kt=\"addNewRUOverflowToolbarButton\"]"}
RESULT: {"using":"xpath","value":"//button[@data-kt=\"addNewRUOverflowToolbarButton\"]"}
COMMAND: POST /session/00fbe995d254b544c9b458c3d09ef85d/elements - {"using":"xpath","value":"//button[@data-kt=\"addNewRUOverflowToolbarButton\"]"}
RESULT: {"using":"xpath","value":"//button[@data-kt=\"addNewRUOverflowToolbarButton\"]"}
COMMAND: POST /session/00fbe995d254b544c9b458c3d09ef85d/elements - {"using":"xpath","value":"//button[@data-kt=\"addNewRUOverflowToolbarButton\"]"}
RESULT: {"using":"xpath","value":"//button[@data-kt=\"addNewRUOverflowToolbarButton\"]"}
COMMAND: POST /session/00fbe995d254b544c9b458c3d09ef85d/elements - {"using":"xpath","value":"//button[@data-kt=\"addNewRUOverflowToolbarButton\"]"}
RESULT: {"using":"xpath","value":"//button[@data-kt=\"addNewRUOverflowToolbarButton\"]"}
COMMAND: POST /session/00fbe995d254b544c9b458c3d09ef85d/elements - {"using":"xpath","value":"//button[@data-kt=\"addNewRUOverflowToolbarButton\"]"}
RESULT: {"using":"xpath","value":"//button[@data-kt=\"addNewRUOverflowToolbarButton\"]"}
COMMAND: POST /session/00fbe995d254b544c9b458c3d09ef85d/elements - {"using":"xpath","value":"//button[@data-kt=\"addNewRUOverflowToolbarButton\"]"}
RESULT: {"using":"xpath","value":"//button[@data-kt=\"addNewRUOverflowToolbarButton\"]"}
COMMAND: POST /session/00fbe995d254b544c9b458c3d09ef85d/elements - {"using":"xpath","value":"//button[@data-kt=\"addNewRUOverflowToolbarButton\"]"}
RESULT: {"using":"xpath","value":"//button[@data-kt=\"addNewRUOverflowToolbarButton\"]"}
COMMAND: POST /session/00fbe995d254b544c9b458c3d09ef85d/elements - {"using":"xpath","value":"//button[@data-kt=\"addNewRUOverflowToolbarButton\"]"}
RESULT: {"using":"xpath","value":"//button[@data-kt=\"addNewRUOverflowToolbarButton\"]"}
COMMAND: POST /session/00fbe995d254b544c9b458c3d09ef85d/elements - {"using":"xpath","value":"//button[@data-kt=\"addNewRUOverflowToolbarButton\"]"}
RESULT: {"using":"xpath","value":"//button[@data-kt=\"addNewRUOverflowToolbarButton\"]"}
COMMAND: POST /session/00fbe995d254b544c9b458c3d09ef85d/elements - {"using":"xpath","value":"//button[@data-kt=\"addNewRUOverflowToolbarButton\"]"}
RESULT: {"using":"xpath","value":"//button[@data-kt=\"addNewRUOverflowToolbarButton\"]"}
COMMAND: POST /session/00fbe995d254b544c9b458c3d09ef85d/elements - {"using":"xpath","value":"//button[@data-kt=\"addNewRUOverflowToolbarButton\"]"}
RESULT: {"using":"xpath","value":"//button[@data-kt=\"addNewRUOverflowToolbarButton\"]"}
COMMAND: POST /session/00fbe995d254b544c9b458c3d09ef85d/elements - {"using":"xpath","value":"//button[@data-kt=\"addNewRUOverflowToolbarButton\"]"}
RESULT: {"using":"xpath","value":"//button[@data-kt=\"addNewRUOverflowToolbarButton\"]"}
COMMAND: POST /session/00fbe995d254b544c9b458c3d09ef85d/elements - {"using":"xpath","value":"//button[@data-kt=\"addNewRUOverflowToolbarButton\"]"}
RESULT: {"using":"xpath","value":"//button[@data-kt=\"addNewRUOverflowToolbarButton\"]"}
COMMAND: POST /session/00fbe995d254b544c9b458c3d09ef85d/elements - {"using":"xpath","value":"//button[@data-kt=\"addNewRUOverflowToolbarButton\"]"}
RESULT: {"using":"xpath","value":"//button[@data-kt=\"addNewRUOverflowToolbarButton\"]"}
COMMAND: POST /session/00fbe995d254b544c9b458c3d09ef85d/elements - {"using":"xpath","value":"//button[@data-kt=\"addNewRUOverflowToolbarButton\"]"}
RESULT: {"using":"xpath","value":"//button[@data-kt=\"addNewRUOverflowToolbarButton\"]"}
COMMAND: POST /session/00fbe995d254b544c9b458c3d09ef85d/element - {"using":"xpath","value":"//button[@data-kt=\"addNewRUOverflowToolbarButton\"]"}
RESULT: {"using":"xpath","value":"//button[@data-kt=\"addNewRUOverflowToolbarButton\"]"}
COMMAND: POST /session/00fbe995d254b544c9b458c3d09ef85d/execute/sync - {"script":"<script> [8489 bytes]","args":[{"element-6066-11e4-a52e-4f735466cecf":"f.5B10500533936BC34E48C94F23BC04CA.d.D85AD925039320D1E92FE99C03400455.e.6987","ELEMENT":"f.5B10500533936BC34E48C94F23BC04CA.d.D85AD925039320D1E92FE99C03400455.e.6987"}]}
RESULT: {"script":"<script> [8489 bytes]","args":[{"element-6066-11e4-a52e-4f735466cecf":"f.5B10500533936BC34E48C94F23BC04CA.d.D85AD925039320D1E92FE99C03400455.e.6987","ELEMENT":"f.5B10500533936BC34E48C94F23BC04CA.d.D85AD925039320D1E92FE99C03400455.e.6987"}]}
COMMAND: GET /session/00fbe995d254b544c9b458c3d09ef85d/element/f.5B10500533936BC34E48C94F23BC04CA.d.D85AD925039320D1E92FE99C03400455.e.6987/enabled - {}
COMMAND: GET /session/00fbe995d254b544c9b458c3d09ef85d/screenshot - {}
RESULT: {}
COMMAND: POST /session/00fbe995d254b544c9b458c3d09ef85d/execute/sync - {"script":"<script> [8489 bytes]","args":[{"element-6066-11e4-a52e-4f735466cecf":"f.5B10500533936BC34E48C94F23BC04CA.d.D85AD925039320D1E92FE99C03400455.e.6987","ELEMENT":"f.5B10500533936BC34E48C94F23BC04CA.d.D85AD925039320D1E92FE99C03400455.e.6987"}]}
COMMAND: GET /session/00fbe995d254b544c9b458c3d09ef85d/screenshot - {}
RESULT: {}
RESULT: {"script":"<script> [8489 bytes]","args":[{"element-6066-11e4-a52e-4f735466cecf":"f.5B10500533936BC34E48C94F23BC04CA.d.D85AD925039320D1E92FE99C03400455.e.6987","ELEMENT":"f.5B10500533936BC34E48C94F23BC04CA.d.D85AD925039320D1E92FE99C03400455.e.6987"}]}
COMMAND: POST /session/00fbe995d254b544c9b458c3d09ef85d/execute/sync - {"script":"<script> [5351 bytes]","args":[{"element-6066-11e4-a52e-4f735466cecf":"f.5B10500533936BC34E48C94F23BC04CA.d.D85AD925039320D1E92FE99C03400455.e.6987","ELEMENT":"f.5B10500533936BC34E48C94F23BC04CA.d.D85AD925039320D1E92FE99C03400455.e.6987"}]}
COMMAND: GET /session/00fbe995d254b544c9b458c3d09ef85d/screenshot - {}
RESULT: {}
RESULT: {"script":"<script> [5351 bytes]","args":[{"element-6066-11e4-a52e-4f735466cecf":"f.5B10500533936BC34E48C94F23BC04CA.d.D85AD925039320D1E92FE99C03400455.e.6987","ELEMENT":"f.5B10500533936BC34E48C94F23BC04CA.d.D85AD925039320D1E92FE99C03400455.e.6987"}]}
COMMAND: POST /session/00fbe995d254b544c9b458c3d09ef85d/element/f.5B10500533936BC34E48C94F23BC04CA.d.D85AD925039320D1E92FE99C03400455.e.6987/click - {}
COMMAND: GET /session/00fbe995d254b544c9b458c3d09ef85d/screenshot - {}
RESULT: {}
RESULT: {}
RESULT: {}
COMMAND: GET /session/00fbe995d254b544c9b458c3d09ef85d/screenshot - {}
RESULT: {}
COMMAND: POST /session/00fbe995d254b544c9b458c3d09ef85d/execute/async - {"script":"<script> [1562 bytes]","args":[{"selector":{"id":"application-manageresources-display-component---newResourceUnit--TYPE-arrow"},"wdio_ui5_key":"applicationmanageresources-display-component---newResourceUnit--TYPE-arrow"}]}
RESULT: {"script":"<script> [1562 bytes]","args":[{"selector":{"id":"application-manageresources-display-component---newResourceUnit--TYPE-arrow"},"wdio_ui5_key":"applicationmanageresources-display-component---newResourceUnit--TYPE-arrow"}]}
RESULT: undefined
COMMAND: POST /session/00fbe995d254b544c9b458c3d09ef85d/element - {"using":"xpath","value":"//*[@id=\"application-manageresources-display-component---newResourceUnit--TYPE-arrow\"]"}
RESULT: {"using":"xpath","value":"//*[@id=\"application-manageresources-display-component---newResourceUnit--TYPE-arrow\"]"}
COMMAND: POST /session/00fbe995d254b544c9b458c3d09ef85d/element/f.5B10500533936BC34E48C94F23BC04CA.d.D85AD925039320D1E92FE99C03400455.e.7354/click - {}
RESULT: {}
COMMAND: POST /session/00fbe995d254b544c9b458c3d09ef85d/element - {"using":"xpath","value":"//input[@id=\"application-manageresources-display-component---newResourceUnit--TYPE-inner\"]"}
COMMAND: GET /session/00fbe995d254b544c9b458c3d09ef85d/screenshot - {}
RESULT: {"using":"xpath","value":"//input[@id=\"application-manageresources-display-component---newResourceUnit--TYPE-inner\"]"}
COMMAND: POST /session/00fbe995d254b544c9b458c3d09ef85d/element/f.5B10500533936BC34E48C94F23BC04CA.d.D85AD925039320D1E92FE99C03400455.e.7336/clear - {}
RESULT: {}
RESULT: {}
COMMAND: POST /session/00fbe995d254b544c9b458c3d09ef85d/element/f.5B10500533936BC34E48C94F23BC04CA.d.D85AD925039320D1E92FE99C03400455.e.7336/value - {"text":"Equipment"}
COMMAND: GET /session/00fbe995d254b544c9b458c3d09ef85d/screenshot - {}
RESULT: {"text":"Equipment"}
COMMAND: GET /session/00fbe995d254b544c9b458c3d09ef85d/screenshot - {}
RESULT: {}
RESULT: {}
COMMAND: POST /session/00fbe995d254b544c9b458c3d09ef85d/actions - {"actions":[{"id":"action25","type":"key","parameters":{},"actions":[{"type":"keyDown","value":"î€‡"},{"type":"pause","duration":10},{"type":"keyUp","value":"î€‡"}]}]}
RESULT: {"actions":[{"id":"action25","type":"key","parameters":{},"actions":[{"type":"keyDown","value":"î€‡"},{"type":"pause","duration":10},{"type":"keyUp","value":"î€‡"}]}]}
COMMAND: POST /session/00fbe995d254b544c9b458c3d09ef85d/execute/async - {"script":"<script> [1562 bytes]","args":[{"selector":{"id":"application-manageresources-display-component---newResourceUnit--resourceId","interaction":{"idSuffix":"inner"}},"wdio_ui5_key":"applicationmanageresources-display-component---newResourceUnit--resourceId"}]}
COMMAND: GET /session/00fbe995d254b544c9b458c3d09ef85d/screenshot - {}
RESULT: {"script":"<script> [1562 bytes]","args":[{"selector":{"id":"application-manageresources-display-component---newResourceUnit--resourceId","interaction":{"idSuffix":"inner"}},"wdio_ui5_key":"applicationmanageresources-display-component---newResourceUnit--resourceId"}]}
RESULT: undefined
COMMAND: POST /session/00fbe995d254b544c9b458c3d09ef85d/execute/async - {"script":"<script> [776 bytes]","args":[{"enterText":"7NURsAajUR","selector":{"id":"application-manageresources-display-component---newResourceUnit--resourceId","interaction":{"idSuffix":"inner"}},"clearTextFirst":true,"interactionType":"ENTER_TEXT"}]}
RESULT: {}
RESULT: {"script":"<script> [776 bytes]","args":[{"enterText":"7NURsAajUR","selector":{"id":"application-manageresources-display-component---newResourceUnit--resourceId","interaction":{"idSuffix":"inner"}},"clearTextFirst":true,"interactionType":"ENTER_TEXT"}]}
COMMAND: POST /session/00fbe995d254b544c9b458c3d09ef85d/execute/async - {"script":"<script> [1562 bytes]","args":[{"selector":{"id":"application-manageresources-display-component---newResourceUnit--SHORT_TEXT","interaction":{"idSuffix":"inner"}},"wdio_ui5_key":"applicationmanageresources-display-component---newResourceUnit--SHORT_TEXT"}]}
RESULT: {"script":"<script> [1562 bytes]","args":[{"selector":{"id":"application-manageresources-display-component---newResourceUnit--SHORT_TEXT","interaction":{"idSuffix":"inner"}},"wdio_ui5_key":"applicationmanageresources-display-component---newResourceUnit--SHORT_TEXT"}]}
RESULT: undefined
COMMAND: POST /session/00fbe995d254b544c9b458c3d09ef85d/execute/async - {"script":"<script> [776 bytes]","args":[{"enterText":"Intercompany Equipment WDIO","selector":{"id":"application-manageresources-display-component---newResourceUnit--SHORT_TEXT","interaction":{"idSuffix":"inner"}},"clearTextFirst":true,"interactionType":"ENTER_TEXT"}]}
RESULT: {"script":"<script> [776 bytes]","args":[{"enterText":"Intercompany Equipment WDIO","selector":{"id":"application-manageresources-display-component---newResourceUnit--SHORT_TEXT","interaction":{"idSuffix":"inner"}},"clearTextFirst":true,"interactionType":"ENTER_TEXT"}]}
COMMAND: POST /session/00fbe995d254b544c9b458c3d09ef85d/execute/async - {"script":"<script> [1562 bytes]","args":[{"selector":{"id":"application-manageresources-display-component---newResourceUnit--BASE_UNIT_OF_MEASURE","interaction":{"idSuffix":"inner"}},"wdio_ui5_key":"applicationmanageresources-display-component---newResourceUnit--BASE_UNIT_OF_MEASURE"}]}
RESULT: {"script":"<script> [1562 bytes]","args":[{"selector":{"id":"application-manageresources-display-component---newResourceUnit--BASE_UNIT_OF_MEASURE","interaction":{"idSuffix":"inner"}},"wdio_ui5_key":"applicationmanageresources-display-component---newResourceUnit--BASE_UNIT_OF_MEASURE"}]}
RESULT: undefined
COMMAND: POST /session/00fbe995d254b544c9b458c3d09ef85d/execute/async - {"script":"<script> [776 bytes]","args":[{"enterText":"Piece","selector":{"id":"application-manageresources-display-component---newResourceUnit--BASE_UNIT_OF_MEASURE","interaction":{"idSuffix":"inner"}},"clearTextFirst":true,"interactionType":"ENTER_TEXT"}]}
RESULT: {"script":"<script> [776 bytes]","args":[{"enterText":"Piece","selector":{"id":"application-manageresources-display-component---newResourceUnit--BASE_UNIT_OF_MEASURE","interaction":{"idSuffix":"inner"}},"clearTextFirst":true,"interactionType":"ENTER_TEXT"}]}
COMMAND: POST /session/00fbe995d254b544c9b458c3d09ef85d/execute/async - {"script":"<script> [1562 bytes]","args":[{"selector":{"id":"application-manageresources-display-component---newResourceUnit--WEIGHT_UNIT","interaction":{"idSuffix":"inner"}},"wdio_ui5_key":"applicationmanageresources-display-component---newResourceUnit--WEIGHT_UNIT"}]}
RESULT: {"script":"<script> [1562 bytes]","args":[{"selector":{"id":"application-manageresources-display-component---newResourceUnit--WEIGHT_UNIT","interaction":{"idSuffix":"inner"}},"wdio_ui5_key":"applicationmanageresources-display-component---newResourceUnit--WEIGHT_UNIT"}]}
RESULT: undefined
COMMAND: POST /session/00fbe995d254b544c9b458c3d09ef85d/execute/async - {"script":"<script> [776 bytes]","args":[{"enterText":"Gram","selector":{"id":"application-manageresources-display-component---newResourceUnit--WEIGHT_UNIT","interaction":{"idSuffix":"inner"}},"clearTextFirst":true,"interactionType":"ENTER_TEXT"}]}
RESULT: {"script":"<script> [776 bytes]","args":[{"enterText":"Gram","selector":{"id":"application-manageresources-display-component---newResourceUnit--WEIGHT_UNIT","interaction":{"idSuffix":"inner"}},"clearTextFirst":true,"interactionType":"ENTER_TEXT"}]}
COMMAND: POST /session/00fbe995d254b544c9b458c3d09ef85d/execute/async - {"script":"<script> [1562 bytes]","args":[{"selector":{"id":"application-manageresources-display-component---newResourceUnit--DIMENSION_UNIT","interaction":{"idSuffix":"inner"}},"wdio_ui5_key":"applicationmanageresources-display-component---newResourceUnit--DIMENSION_UNIT"}]}
RESULT: {"script":"<script> [1562 bytes]","args":[{"selector":{"id":"application-manageresources-display-component---newResourceUnit--DIMENSION_UNIT","interaction":{"idSuffix":"inner"}},"wdio_ui5_key":"applicationmanageresources-display-component---newResourceUnit--DIMENSION_UNIT"}]}
RESULT: undefined
COMMAND: POST /session/00fbe995d254b544c9b458c3d09ef85d/execute/async - {"script":"<script> [776 bytes]","args":[{"enterText":"Meter","selector":{"id":"application-manageresources-display-component---newResourceUnit--DIMENSION_UNIT","interaction":{"idSuffix":"inner"}},"clearTextFirst":true,"interactionType":"ENTER_TEXT"}]}
RESULT: {"script":"<script> [776 bytes]","args":[{"enterText":"Meter","selector":{"id":"application-manageresources-display-component---newResourceUnit--DIMENSION_UNIT","interaction":{"idSuffix":"inner"}},"clearTextFirst":true,"interactionType":"ENTER_TEXT"}]}
COMMAND: POST /session/00fbe995d254b544c9b458c3d09ef85d/execute/async - {"script":"<script> [1562 bytes]","args":[{"selector":{"id":"application-manageresources-display-component---newResourceUnit--newRRUPage-anchBar-application-manageresources-display-component---newResourceUnit--control-anchor","interaction":{"idSuffix":"BDI-content"}},"wdio_ui5_key":"applicationmanageresources-display-component---newResourceUnit--newRRUPage-anchBar-application-manageresources-display-component---newResourceUnit--control-anchor"}]}
RESULT: {"script":"<script> [1562 bytes]","args":[{"selector":{"id":"application-manageresources-display-component---newResourceUnit--newRRUPage-anchBar-application-manageresources-display-component---newResourceUnit--control-anchor","interaction":{"idSuffix":"BDI-content"}},"wdio_ui5_key":"applicationmanageresources-display-component---newResourceUnit--newRRUPage-anchBar-application-manageresources-display-component---newResourceUnit--control-anchor"}]}
RESULT: undefined
COMMAND: POST /session/00fbe995d254b544c9b458c3d09ef85d/element - {"using":"xpath","value":"//*[@id=\"application-manageresources-display-component---newResourceUnit--newRRUPage-anchBar-application-manageresources-display-component---newResourceUnit--control-anchor\"]"}
RESULT: {"using":"xpath","value":"//*[@id=\"application-manageresources-display-component---newResourceUnit--newRRUPage-anchBar-application-manageresources-display-component---newResourceUnit--control-anchor\"]"}
COMMAND: POST /session/00fbe995d254b544c9b458c3d09ef85d/element/f.5B10500533936BC34E48C94F23BC04CA.d.D85AD925039320D1E92FE99C03400455.e.7483/click - {}
RESULT: {}
COMMAND: POST /session/00fbe995d254b544c9b458c3d09ef85d/execute/async - {"script":"<script> [1562 bytes]","args":[{"selector":{"id":"application-manageresources-display-component---newResourceUnit--PLANNING_GROUP","interaction":{"idSuffix":"inner"}},"wdio_ui5_key":"applicationmanageresources-display-component---newResourceUnit--PLANNING_GROUP"}]}
COMMAND: GET /session/00fbe995d254b544c9b458c3d09ef85d/screenshot - {}
RESULT: {"script":"<script> [1562 bytes]","args":[{"selector":{"id":"application-manageresources-display-component---newResourceUnit--PLANNING_GROUP","interaction":{"idSuffix":"inner"}},"wdio_ui5_key":"applicationmanageresources-display-component---newResourceUnit--PLANNING_GROUP"}]}
RESULT: undefined
COMMAND: POST /session/00fbe995d254b544c9b458c3d09ef85d/execute/async - {"script":"<script> [776 bytes]","args":[{"enterText":"Heavy Equi","selector":{"id":"application-manageresources-display-component---newResourceUnit--PLANNING_GROUP","interaction":{"idSuffix":"inner"}},"clearTextFirst":true,"interactionType":"ENTER_TEXT"}]}
RESULT: {}
RESULT: {"script":"<script> [776 bytes]","args":[{"enterText":"Heavy Equi","selector":{"id":"application-manageresources-display-component---newResourceUnit--PLANNING_GROUP","interaction":{"idSuffix":"inner"}},"clearTextFirst":true,"interactionType":"ENTER_TEXT"}]}
COMMAND: POST /session/00fbe995d254b544c9b458c3d09ef85d/execute/async - {"script":"<script> [1562 bytes]","args":[{"selector":{"id":"application-manageresources-display-component---newResourceUnit--ITEM_TYPE-arrow"},"wdio_ui5_key":"applicationmanageresources-display-component---newResourceUnit--ITEM_TYPE-arrow"}]}
RESULT: {"script":"<script> [1562 bytes]","args":[{"selector":{"id":"application-manageresources-display-component---newResourceUnit--ITEM_TYPE-arrow"},"wdio_ui5_key":"applicationmanageresources-display-component---newResourceUnit--ITEM_TYPE-arrow"}]}
RESULT: undefined
COMMAND: POST /session/00fbe995d254b544c9b458c3d09ef85d/element - {"using":"xpath","value":"//*[@id=\"application-manageresources-display-component---newResourceUnit--ITEM_TYPE-arrow\"]"}
RESULT: {"using":"xpath","value":"//*[@id=\"application-manageresources-display-component---newResourceUnit--ITEM_TYPE-arrow\"]"}
COMMAND: POST /session/00fbe995d254b544c9b458c3d09ef85d/element/f.5B10500533936BC34E48C94F23BC04CA.d.D85AD925039320D1E92FE99C03400455.e.7492/click - {}
RESULT: {}
COMMAND: POST /session/00fbe995d254b544c9b458c3d09ef85d/element - {"using":"xpath","value":"(//span[contains(text(), \"Resource Unit\")])[2]"}
COMMAND: GET /session/00fbe995d254b544c9b458c3d09ef85d/screenshot - {}
RESULT: {"using":"xpath","value":"(//span[contains(text(), \"Resource Unit\")])[2]"}
COMMAND: POST /session/00fbe995d254b544c9b458c3d09ef85d/element/f.5B10500533936BC34E48C94F23BC04CA.d.D85AD925039320D1E92FE99C03400455.e.7493/click - {}
RESULT: {}
RESULT: {}
COMMAND: GET /session/00fbe995d254b544c9b458c3d09ef85d/screenshot - {}
RESULT: {}
COMMAND: POST /session/00fbe995d254b544c9b458c3d09ef85d/element - {"using":"css selector","value":"#application-manageresources-display-component---newResourceUnit--btnAddTimeSegment"}
RESULT: {"using":"css selector","value":"#application-manageresources-display-component---newResourceUnit--btnAddTimeSegment"}
COMMAND: GET /session/00fbe995d254b544c9b458c3d09ef85d/element/f.5B10500533936BC34E48C94F23BC04CA.d.D85AD925039320D1E92FE99C03400455.e.7494/rect - {}
RESULT: {}
COMMAND: GET /session/00fbe995d254b544c9b458c3d09ef85d/window/rect - {}
RESULT: {}
COMMAND: POST /session/00fbe995d254b544c9b458c3d09ef85d/execute/sync - {"script":"<script> [92 bytes]","args":[]}
RESULT: {"script":"<script> [92 bytes]","args":[]}
COMMAND: POST /session/00fbe995d254b544c9b458c3d09ef85d/actions - {"actions":[{"id":"action26","type":"wheel","parameters":{},"actions":[{"type":"scroll","x":-1888,"y":-32,"deltaX":0,"deltaY":0,"duration":0,"origin":{"element-6066-11e4-a52e-4f735466cecf":"f.5B10500533936BC34E48C94F23BC04CA.d.D85AD925039320D1E92FE99C03400455.e.7494"}}]}]}
COMMAND: GET /session/00fbe995d254b544c9b458c3d09ef85d/screenshot - {}
RESULT: {}
COMMAND: POST /session/00fbe995d254b544c9b458c3d09ef85d/execute/sync - {"script":"<script> [79 bytes]","args":[{"element-6066-11e4-a52e-4f735466cecf":"f.5B10500533936BC34E48C94F23BC04CA.d.D85AD925039320D1E92FE99C03400455.e.7494","ELEMENT":"f.5B10500533936BC34E48C94F23BC04CA.d.D85AD925039320D1E92FE99C03400455.e.7494"},{"block":"start","inline":"nearest"}]}
RESULT: {"script":"<script> [79 bytes]","args":[{"element-6066-11e4-a52e-4f735466cecf":"f.5B10500533936BC34E48C94F23BC04CA.d.D85AD925039320D1E92FE99C03400455.e.7494","ELEMENT":"f.5B10500533936BC34E48C94F23BC04CA.d.D85AD925039320D1E92FE99C03400455.e.7494"},{"block":"start","inline":"nearest"}]}
COMMAND: POST /session/00fbe995d254b544c9b458c3d09ef85d/execute/async - {"script":"<script> [1562 bytes]","args":[{"selector":{"id":"application-manageresources-display-component---newResourceUnit--btnAddTimeSegment","interaction":{"idSuffix":"inner"}},"wdio_ui5_key":"applicationmanageresources-display-component---newResourceUnit--btnAddTimeSegment"}]}
COMMAND: GET /session/00fbe995d254b544c9b458c3d09ef85d/screenshot - {}
RESULT: {"script":"<script> [1562 bytes]","args":[{"selector":{"id":"application-manageresources-display-component---newResourceUnit--btnAddTimeSegment","interaction":{"idSuffix":"inner"}},"wdio_ui5_key":"applicationmanageresources-display-component---newResourceUnit--btnAddTimeSegment"}]}
RESULT: undefined
COMMAND: POST /session/00fbe995d254b544c9b458c3d09ef85d/element - {"using":"xpath","value":"//*[@id=\"application-manageresources-display-component---newResourceUnit--btnAddTimeSegment\"]"}
RESULT: {}
RESULT: {"using":"xpath","value":"//*[@id=\"application-manageresources-display-component---newResourceUnit--btnAddTimeSegment\"]"}
COMMAND: POST /session/00fbe995d254b544c9b458c3d09ef85d/element/f.5B10500533936BC34E48C94F23BC04CA.d.D85AD925039320D1E92FE99C03400455.e.7494/click - {}
RESULT: {}
COMMAND: GET /session/00fbe995d254b544c9b458c3d09ef85d/screenshot - {}
RESULT: {}
COMMAND: POST /session/00fbe995d254b544c9b458c3d09ef85d/element - {"using":"xpath","value":"//input[@id=\"application-manageresources-display-component---newResourceUnit--idRuTSAdmin-application-manageresources-display-component---newResourceUnit--RUTimeSegment-0-inner\"]"}
RESULT: {"using":"xpath","value":"//input[@id=\"application-manageresources-display-component---newResourceUnit--idRuTSAdmin-application-manageresources-display-component---newResourceUnit--RUTimeSegment-0-inner\"]"}
COMMAND: POST /session/00fbe995d254b544c9b458c3d09ef85d/element/f.5B10500533936BC34E48C94F23BC04CA.d.D85AD925039320D1E92FE99C03400455.e.7500/clear - {}
RESULT: {}
COMMAND: POST /session/00fbe995d254b544c9b458c3d09ef85d/element/f.5B10500533936BC34E48C94F23BC04CA.d.D85AD925039320D1E92FE99C03400455.e.7500/value - {"text":"276"}
COMMAND: GET /session/00fbe995d254b544c9b458c3d09ef85d/screenshot - {}
RESULT: {"text":"276"}
COMMAND: GET /session/00fbe995d254b544c9b458c3d09ef85d/screenshot - {}
RESULT: {}
RESULT: {}
COMMAND: POST /session/00fbe995d254b544c9b458c3d09ef85d/element - {"using":"xpath","value":"//li[.//span[text()='276']]"}
RESULT: {"using":"xpath","value":"//li[.//span[text()='276']]"}
COMMAND: POST /session/00fbe995d254b544c9b458c3d09ef85d/element/f.5B10500533936BC34E48C94F23BC04CA.d.D85AD925039320D1E92FE99C03400455.e.7510/click - {}
RESULT: {}
COMMAND: GET /session/00fbe995d254b544c9b458c3d09ef85d/screenshot - {}
RESULT: {}
COMMAND: POST /session/00fbe995d254b544c9b458c3d09ef85d/element - {"using":"xpath","value":"(//span[contains(@id, \"-application-manageresources-display-component---newResourceUnit--RUTimeSegment-0-arrow\")])[6]"}
RESULT: {"using":"xpath","value":"(//span[contains(@id, \"-application-manageresources-display-component---newResourceUnit--RUTimeSegment-0-arrow\")])[6]"}
COMMAND: POST /session/00fbe995d254b544c9b458c3d09ef85d/element/f.5B10500533936BC34E48C94F23BC04CA.d.D85AD925039320D1E92FE99C03400455.e.7511/click - {}
RESULT: {}
COMMAND: GET /session/00fbe995d254b544c9b458c3d09ef85d/screenshot - {}
RESULT: {}
COMMAND: POST /session/00fbe995d254b544c9b458c3d09ef85d/element - {"using":"xpath","value":"//span[contains(text(), \"PM Order\")]"}
RESULT: {"using":"xpath","value":"//span[contains(text(), \"PM Order\")]"}
COMMAND: POST /session/00fbe995d254b544c9b458c3d09ef85d/element/f.5B10500533936BC34E48C94F23BC04CA.d.D85AD925039320D1E92FE99C03400455.e.7514/click - {}
RESULT: {}
COMMAND: GET /session/00fbe995d254b544c9b458c3d09ef85d/screenshot - {}
RESULT: {}
COMMAND: POST /session/00fbe995d254b544c9b458c3d09ef85d/element - {"using":"xpath","value":"(//span[contains(@id ,\"manageresources-display-component---newResourceUnit--RUTimeSegment-0-vhi\")])[1]"}
RESULT: {"using":"xpath","value":"(//span[contains(@id ,\"manageresources-display-component---newResourceUnit--RUTimeSegment-0-vhi\")])[1]"}
COMMAND: GET /session/00fbe995d254b544c9b458c3d09ef85d/element/f.5B10500533936BC34E48C94F23BC04CA.d.D85AD925039320D1E92FE99C03400455.e.7518/rect - {}
RESULT: {}
COMMAND: GET /session/00fbe995d254b544c9b458c3d09ef85d/window/rect - {}
RESULT: {}
COMMAND: POST /session/00fbe995d254b544c9b458c3d09ef85d/execute/sync - {"script":"<script> [92 bytes]","args":[]}
RESULT: {"script":"<script> [92 bytes]","args":[]}
COMMAND: POST /session/00fbe995d254b544c9b458c3d09ef85d/actions - {"actions":[{"id":"action27","type":"wheel","parameters":{},"actions":[{"type":"scroll","x":-869,"y":-24,"deltaX":0,"deltaY":0,"duration":0,"origin":{"element-6066-11e4-a52e-4f735466cecf":"f.5B10500533936BC34E48C94F23BC04CA.d.D85AD925039320D1E92FE99C03400455.e.7518"}}]}]}
COMMAND: GET /session/00fbe995d254b544c9b458c3d09ef85d/screenshot - {}
RESULT: {"actions":[{"id":"action27","type":"wheel","parameters":{},"actions":[{"type":"scroll","x":-869,"y":-24,"deltaX":0,"deltaY":0,"duration":0,"origin":{"element-6066-11e4-a52e-4f735466cecf":"f.5B10500533936BC34E48C94F23BC04CA.d.D85AD925039320D1E92FE99C03400455.e.7518"}}]}]}
COMMAND: DELETE /session/00fbe995d254b544c9b458c3d09ef85d/actions - {}
COMMAND: GET /session/00fbe995d254b544c9b458c3d09ef85d/screenshot - {}
RESULT: {}
RESULT: {}
COMMAND: GET /session/00fbe995d254b544c9b458c3d09ef85d/screenshot - {}
RESULT: {}
RESULT: {}
COMMAND: POST /session/00fbe995d254b544c9b458c3d09ef85d/element/f.5B10500533936BC34E48C94F23BC04CA.d.D85AD925039320D1E92FE99C03400455.e.7518/click - {}
RESULT: {}
COMMAND: GET /session/00fbe995d254b544c9b458c3d09ef85d/screenshot - {}
RESULT: {}
RESULT: undefined
COMMAND: POST /session/00fbe995d254b544c9b458c3d09ef85d/execute/async - {"script":"<script> [776 bytes]","args":[{"enterText":"4000360","selector":{"controlType":"sap.m.SearchField","properties":{"placeholder":"Search"},"searchOpenDialogs":true,"interaction":{"idSuffix":"I"}},"clearTextFirst":true,"interactionType":"ENTER_TEXT"}]}
RESULT: {"script":"<script> [776 bytes]","args":[{"enterText":"4000360","selector":{"controlType":"sap.m.SearchField","properties":{"placeholder":"Search"},"searchOpenDialogs":true,"interaction":{"idSuffix":"I"}},"clearTextFirst":true,"interactionType":"ENTER_TEXT"}]}
COMMAND: POST /session/00fbe995d254b544c9b458c3d09ef85d/actions - {"actions":[{"id":"action28","type":"key","parameters":{},"actions":[{"type":"keyDown","value":"î€‡"},{"type":"pause","duration":10},{"type":"keyUp","value":"î€‡"}]}]}
RESULT: {"actions":[{"id":"action28","type":"key","parameters":{},"actions":[{"type":"keyDown","value":"î€‡"},{"type":"pause","duration":10},{"type":"keyUp","value":"î€‡"}]}]}
COMMAND: GET /session/00fbe995d254b544c9b458c3d09ef85d/screenshot - {}
RESULT: {}
COMMAND: POST /session/00fbe995d254b544c9b458c3d09ef85d/element - {"using":"xpath","value":"//td/div/span[contains(text(), \"BGL Vehicles\")]"}
RESULT: {"using":"xpath","value":"//td/div/span[contains(text(), \"BGL Vehicles\")]"}
COMMAND: POST /session/00fbe995d254b544c9b458c3d09ef85d/element/f.5B10500533936BC34E48C94F23BC04CA.d.D85AD925039320D1E92FE99C03400455.e.7538/click - {}
RESULT: {}
COMMAND: GET /session/00fbe995d254b544c9b458c3d09ef85d/screenshot - {}
RESULT: {}
COMMAND: POST /session/00fbe995d254b544c9b458c3d09ef85d/element - {"using":"xpath","value":"//bdi[contains(text(), \"OK\")]"}
RESULT: {"using":"xpath","value":"//bdi[contains(text(), \"OK\")]"}
COMMAND: POST /session/00fbe995d254b544c9b458c3d09ef85d/element/f.5B10500533936BC34E48C94F23BC04CA.d.D85AD925039320D1E92FE99C03400455.e.7539/click - {}
RESULT: {}
COMMAND: GET /session/00fbe995d254b544c9b458c3d09ef85d/screenshot - {}
RESULT: {}
COMMAND: POST /session/00fbe995d254b544c9b458c3d09ef85d/execute/async - {"script":"<script> [1562 bytes]","args":[{"selector":{"id":"application-manageresources-display-component---newResourceUnit--newRRUPage-anchBar-application-manageresources-display-component---newResourceUnit--resource-anchor","interaction":{"idSuffix":"BDI-content"}},"wdio_ui5_key":"applicationmanageresources-display-component---newResourceUnit--newRRUPage-anchBar-application-manageresources-display-component---newResourceUnit--resource-anchor"}]}
RESULT: {"script":"<script> [1562 bytes]","args":[{"selector":{"id":"application-manageresources-display-component---newResourceUnit--newRRUPage-anchBar-application-manageresources-display-component---newResourceUnit--resource-anchor","interaction":{"idSuffix":"BDI-content"}},"wdio_ui5_key":"applicationmanageresources-display-component---newResourceUnit--newRRUPage-anchBar-application-manageresources-display-component---newResourceUnit--resource-anchor"}]}
RESULT: undefined
COMMAND: POST /session/00fbe995d254b544c9b458c3d09ef85d/element - {"using":"xpath","value":"//*[@id=\"application-manageresources-display-component---newResourceUnit--newRRUPage-anchBar-application-manageresources-display-component---newResourceUnit--resource-anchor\"]"}
RESULT: {"using":"xpath","value":"//*[@id=\"application-manageresources-display-component---newResourceUnit--newRRUPage-anchBar-application-manageresources-display-component---newResourceUnit--resource-anchor\"]"}
COMMAND: POST /session/00fbe995d254b544c9b458c3d09ef85d/element/f.5B10500533936BC34E48C94F23BC04CA.d.D85AD925039320D1E92FE99C03400455.e.7543/click - {}
RESULT: {}
COMMAND: POST /session/00fbe995d254b544c9b458c3d09ef85d/execute/async - {"script":"<script> [1562 bytes]","args":[{"selector":{"id":"application-manageresources-display-component---newResourceUnit--PLANNED_DELIVERY_DATE","interaction":{"idSuffix":"inner"}},"wdio_ui5_key":"applicationmanageresources-display-component---newResourceUnit--PLANNED_DELIVERY_DATE"}]}
COMMAND: GET /session/00fbe995d254b544c9b458c3d09ef85d/screenshot - {}
RESULT: {"script":"<script> [1562 bytes]","args":[{"selector":{"id":"application-manageresources-display-component---newResourceUnit--PLANNED_DELIVERY_DATE","interaction":{"idSuffix":"inner"}},"wdio_ui5_key":"applicationmanageresources-display-component---newResourceUnit--PLANNED_DELIVERY_DATE"}]}
RESULT: undefined
COMMAND: POST /session/00fbe995d254b544c9b458c3d09ef85d/execute/async - {"script":"<script> [6424 bytes]","args":[{"element-6066-11e4-a52e-4f735466cecf":"f.5B10500533936BC34E48C94F23BC04CA.d.D85AD925039320D1E92FE99C03400455.e.7408"},"setValue",["5/13/25"]]}
RESULT: {}
RESULT: {"script":"<script> [6424 bytes]","args":[{"element-6066-11e4-a52e-4f735466cecf":"f.5B10500533936BC34E48C94F23BC04CA.d.D85AD925039320D1E92FE99C03400455.e.7408"},"setValue",["5/13/25"]]}
COMMAND: POST /session/00fbe995d254b544c9b458c3d09ef85d/element - {"using":"xpath","value":"//label[contains(@class, 'sapMLabelRequired') and .//bdi[contains(text(), 'Planned Retirement')]]"}
RESULT: {"using":"xpath","value":"//label[contains(@class, 'sapMLabelRequired') and .//bdi[contains(text(), 'Planned Retirement')]]"}
COMMAND: POST /session/00fbe995d254b544c9b458c3d09ef85d/elements - {"using":"xpath","value":"//label[contains(@class, 'sapMLabelRequired') and .//bdi[contains(text(), 'Planned Retirement')]]"}
RESULT: {"using":"xpath","value":"//label[contains(@class, 'sapMLabelRequired') and .//bdi[contains(text(), 'Planned Retirement')]]"}
COMMAND: POST /session/00fbe995d254b544c9b458c3d09ef85d/element - {"using":"xpath","value":"//button[@data-kt=\"resourceUnitSaveButton\"]"}
RESULT: {"using":"xpath","value":"//button[@data-kt=\"resourceUnitSaveButton\"]"}
COMMAND: POST /session/00fbe995d254b544c9b458c3d09ef85d/element/f.5B10500533936BC34E48C94F23BC04CA.d.D85AD925039320D1E92FE99C03400455.e.7369/click - {}
RESULT: {}
COMMAND: GET /session/00fbe995d254b544c9b458c3d09ef85d/screenshot - {}
RESULT: {}
COMMAND: POST /session/00fbe995d254b544c9b458c3d09ef85d/element - {"using":"xpath","value":"//bdi[contains(text(), \"Close\")]"}
RESULT: {"using":"xpath","value":"//bdi[contains(text(), \"Close\")]"}
COMMAND: POST /session/00fbe995d254b544c9b458c3d09ef85d/element/f.5B10500533936BC34E48C94F23BC04CA.d.D85AD925039320D1E92FE99C03400455.e.7551/click - {}
RESULT: {}
COMMAND: GET /session/00fbe995d254b544c9b458c3d09ef85d/screenshot - {}
RESULT: {}
COMMAND: POST /session/00fbe995d254b544c9b458c3d09ef85d/element - {"using":"xpath","value":"(//button[contains(@id ,\"actionsToolbar-overflowButton\")])[1]"}
RESULT: {"using":"xpath","value":"(//button[contains(@id ,\"actionsToolbar-overflowButton\")])[1]"}
COMMAND: POST /session/00fbe995d254b544c9b458c3d09ef85d/element/f.5B10500533936BC34E48C94F23BC04CA.d.D85AD925039320D1E92FE99C03400455.e.7584/click - {}
RESULT: {}
COMMAND: GET /session/00fbe995d254b544c9b458c3d09ef85d/screenshot - {}
RESULT: {}
COMMAND: POST /session/00fbe995d254b544c9b458c3d09ef85d/element - {"using":"xpath","value":"//button[@data-kt=\"priceInfoButton\"]"}
RESULT: {"using":"xpath","value":"//button[@data-kt=\"priceInfoButton\"]"}
COMMAND: POST /session/00fbe995d254b544c9b458c3d09ef85d/element/f.5B10500533936BC34E48C94F23BC04CA.d.D85AD925039320D1E92FE99C03400455.e.7586/click - {}
RESULT: {}
COMMAND: GET /session/00fbe995d254b544c9b458c3d09ef85d/screenshot - {}
RESULT: {}
]]></system-out>
    </testcase>
    <testcase classname="chrome.136_0_7103_49.windows.Billing_Transfer_-_Intracompany_US127249" name="Should create a pricing procedure" time="51.326">
      <system-out><![CDATA[
COMMAND: POST /session/00fbe995d254b544c9b458c3d09ef85d/element - {"using":"xpath","value":"//button[@data-kt=\"addButton\"]"}
RESULT: {"using":"xpath","value":"//button[@data-kt=\"addButton\"]"}
COMMAND: POST /session/00fbe995d254b544c9b458c3d09ef85d/elements - {"using":"xpath","value":"//button[@data-kt=\"addButton\"]"}
RESULT: {"using":"xpath","value":"//button[@data-kt=\"addButton\"]"}
COMMAND: POST /session/00fbe995d254b544c9b458c3d09ef85d/elements - {"using":"xpath","value":"//button[@data-kt=\"addButton\"]"}
RESULT: {"using":"xpath","value":"//button[@data-kt=\"addButton\"]"}
COMMAND: POST /session/00fbe995d254b544c9b458c3d09ef85d/element - {"using":"xpath","value":"//button[@data-kt=\"addButton\"]"}
RESULT: {"using":"xpath","value":"//button[@data-kt=\"addButton\"]"}
COMMAND: POST /session/00fbe995d254b544c9b458c3d09ef85d/execute/sync - {"script":"<script> [8489 bytes]","args":[{"element-6066-11e4-a52e-4f735466cecf":"f.5B10500533936BC34E48C94F23BC04CA.d.D85AD925039320D1E92FE99C03400455.e.7624","ELEMENT":"f.5B10500533936BC34E48C94F23BC04CA.d.D85AD925039320D1E92FE99C03400455.e.7624"}]}
RESULT: {"script":"<script> [8489 bytes]","args":[{"element-6066-11e4-a52e-4f735466cecf":"f.5B10500533936BC34E48C94F23BC04CA.d.D85AD925039320D1E92FE99C03400455.e.7624","ELEMENT":"f.5B10500533936BC34E48C94F23BC04CA.d.D85AD925039320D1E92FE99C03400455.e.7624"}]}
COMMAND: GET /session/00fbe995d254b544c9b458c3d09ef85d/element/f.5B10500533936BC34E48C94F23BC04CA.d.D85AD925039320D1E92FE99C03400455.e.7624/enabled - {}
COMMAND: GET /session/00fbe995d254b544c9b458c3d09ef85d/screenshot - {}
RESULT: {}
COMMAND: POST /session/00fbe995d254b544c9b458c3d09ef85d/execute/sync - {"script":"<script> [8489 bytes]","args":[{"element-6066-11e4-a52e-4f735466cecf":"f.5B10500533936BC34E48C94F23BC04CA.d.D85AD925039320D1E92FE99C03400455.e.7624","ELEMENT":"f.5B10500533936BC34E48C94F23BC04CA.d.D85AD925039320D1E92FE99C03400455.e.7624"}]}
COMMAND: GET /session/00fbe995d254b544c9b458c3d09ef85d/screenshot - {}
RESULT: {}
RESULT: {"script":"<script> [8489 bytes]","args":[{"element-6066-11e4-a52e-4f735466cecf":"f.5B10500533936BC34E48C94F23BC04CA.d.D85AD925039320D1E92FE99C03400455.e.7624","ELEMENT":"f.5B10500533936BC34E48C94F23BC04CA.d.D85AD925039320D1E92FE99C03400455.e.7624"}]}
COMMAND: POST /session/00fbe995d254b544c9b458c3d09ef85d/execute/sync - {"script":"<script> [5351 bytes]","args":[{"element-6066-11e4-a52e-4f735466cecf":"f.5B10500533936BC34E48C94F23BC04CA.d.D85AD925039320D1E92FE99C03400455.e.7624","ELEMENT":"f.5B10500533936BC34E48C94F23BC04CA.d.D85AD925039320D1E92FE99C03400455.e.7624"}]}
COMMAND: GET /session/00fbe995d254b544c9b458c3d09ef85d/screenshot - {}
RESULT: {}
RESULT: {"script":"<script> [5351 bytes]","args":[{"element-6066-11e4-a52e-4f735466cecf":"f.5B10500533936BC34E48C94F23BC04CA.d.D85AD925039320D1E92FE99C03400455.e.7624","ELEMENT":"f.5B10500533936BC34E48C94F23BC04CA.d.D85AD925039320D1E92FE99C03400455.e.7624"}]}
COMMAND: POST /session/00fbe995d254b544c9b458c3d09ef85d/element/f.5B10500533936BC34E48C94F23BC04CA.d.D85AD925039320D1E92FE99C03400455.e.7624/click - {}
COMMAND: GET /session/00fbe995d254b544c9b458c3d09ef85d/screenshot - {}
RESULT: {}
RESULT: {}
COMMAND: GET /session/00fbe995d254b544c9b458c3d09ef85d/screenshot - {}
RESULT: {}
RESULT: {}
COMMAND: POST /session/00fbe995d254b544c9b458c3d09ef85d/execute/async - {"script":"<script> [1562 bytes]","args":[{"selector":{"controlType":"sap.m.Title","viewName":"etm.portal.ui.managepricingrules.view.NewItem","viewId":"application-managepricingrules-display-component---newInfoPriceItem","properties":{"text":"New Pricing Rules - Item Level"}},"wdio_ui5_key":"etmportal.ui.managepricingrules.view.NewItemsap.m.Title{\"text\":\"New Pricing Rules - Item Level\"}"}]}
RESULT: {"script":"<script> [1562 bytes]","args":[{"selector":{"controlType":"sap.m.Title","viewName":"etm.portal.ui.managepricingrules.view.NewItem","viewId":"application-managepricingrules-display-component---newInfoPriceItem","properties":{"text":"New Pricing Rules - Item Level"}},"wdio_ui5_key":"etmportal.ui.managepricingrules.view.NewItemsap.m.Title{\"text\":\"New Pricing Rules - Item Level\"}"}]}
RESULT: undefined
COMMAND: POST /session/00fbe995d254b544c9b458c3d09ef85d/execute/async - {"script":"<script> [6424 bytes]","args":[{"element-6066-11e4-a52e-4f735466cecf":"f.5B10500533936BC34E48C94F23BC04CA.d.D85AD925039320D1E92FE99C03400455.e.7794"},"getText",[]]}
RESULT: {"script":"<script> [6424 bytes]","args":[{"element-6066-11e4-a52e-4f735466cecf":"f.5B10500533936BC34E48C94F23BC04CA.d.D85AD925039320D1E92FE99C03400455.e.7794"},"getText",[]]}
COMMAND: POST /session/00fbe995d254b544c9b458c3d09ef85d/execute/async - {"script":"<script> [1562 bytes]","args":[{"selector":{"id":"application-managepricingrules-display-component---newInfoPriceItem--condValidTo","interaction":{"idSuffix":"inner"}},"wdio_ui5_key":"applicationmanagepricingrules-display-component---newInfoPriceItem--condValidTo"}]}
RESULT: {"script":"<script> [1562 bytes]","args":[{"selector":{"id":"application-managepricingrules-display-component---newInfoPriceItem--condValidTo","interaction":{"idSuffix":"inner"}},"wdio_ui5_key":"applicationmanagepricingrules-display-component---newInfoPriceItem--condValidTo"}]}
RESULT: undefined
COMMAND: POST /session/00fbe995d254b544c9b458c3d09ef85d/execute/async - {"script":"<script> [776 bytes]","args":[{"enterText":"01/13/26","selector":{"id":"application-managepricingrules-display-component---newInfoPriceItem--condValidTo","interaction":{"idSuffix":"inner"}},"clearTextFirst":true,"interactionType":"ENTER_TEXT"}]}
RESULT: {"script":"<script> [776 bytes]","args":[{"enterText":"01/13/26","selector":{"id":"application-managepricingrules-display-component---newInfoPriceItem--condValidTo","interaction":{"idSuffix":"inner"}},"clearTextFirst":true,"interactionType":"ENTER_TEXT"}]}
COMMAND: POST /session/00fbe995d254b544c9b458c3d09ef85d/execute/async - {"script":"<script> [1562 bytes]","args":[{"selector":{"id":"application-managepricingrules-display-component---newInfoPriceItem--billType-arrow"},"wdio_ui5_key":"applicationmanagepricingrules-display-component---newInfoPriceItem--billType-arrow"}]}
RESULT: {"script":"<script> [1562 bytes]","args":[{"selector":{"id":"application-managepricingrules-display-component---newInfoPriceItem--billType-arrow"},"wdio_ui5_key":"applicationmanagepricingrules-display-component---newInfoPriceItem--billType-arrow"}]}
RESULT: undefined
COMMAND: POST /session/00fbe995d254b544c9b458c3d09ef85d/element - {"using":"xpath","value":"//*[@id=\"application-managepricingrules-display-component---newInfoPriceItem--billType-arrow\"]"}
RESULT: {"using":"xpath","value":"//*[@id=\"application-managepricingrules-display-component---newInfoPriceItem--billType-arrow\"]"}
COMMAND: POST /session/00fbe995d254b544c9b458c3d09ef85d/element/f.5B10500533936BC34E48C94F23BC04CA.d.D85AD925039320D1E92FE99C03400455.e.7754/click - {}
RESULT: {}
COMMAND: POST /session/00fbe995d254b544c9b458c3d09ef85d/element - {"using":"xpath","value":"//span[contains(text(), \"TB - Time based\")]"}
COMMAND: GET /session/00fbe995d254b544c9b458c3d09ef85d/screenshot - {}
RESULT: {"using":"xpath","value":"//span[contains(text(), \"TB - Time based\")]"}
COMMAND: POST /session/00fbe995d254b544c9b458c3d09ef85d/element/f.5B10500533936BC34E48C94F23BC04CA.d.D85AD925039320D1E92FE99C03400455.e.7796/click - {}
RESULT: {}
RESULT: {}
COMMAND: POST /session/00fbe995d254b544c9b458c3d09ef85d/execute/async - {"script":"<script> [1562 bytes]","args":[{"selector":{"id":"application-managepricingrules-display-component---newInfoPriceItem--priceProc-arrow"},"wdio_ui5_key":"applicationmanagepricingrules-display-component---newInfoPriceItem--priceProc-arrow"}]}
COMMAND: GET /session/00fbe995d254b544c9b458c3d09ef85d/screenshot - {}
RESULT: {"script":"<script> [1562 bytes]","args":[{"selector":{"id":"application-managepricingrules-display-component---newInfoPriceItem--priceProc-arrow"},"wdio_ui5_key":"applicationmanagepricingrules-display-component---newInfoPriceItem--priceProc-arrow"}]}
RESULT: undefined
COMMAND: POST /session/00fbe995d254b544c9b458c3d09ef85d/element - {"using":"xpath","value":"//*[@id=\"application-managepricingrules-display-component---newInfoPriceItem--priceProc-arrow\"]"}
RESULT: {}
RESULT: {"using":"xpath","value":"//*[@id=\"application-managepricingrules-display-component---newInfoPriceItem--priceProc-arrow\"]"}
COMMAND: POST /session/00fbe995d254b544c9b458c3d09ef85d/element/f.5B10500533936BC34E48C94F23BC04CA.d.D85AD925039320D1E92FE99C03400455.e.7761/click - {}
RESULT: {}
COMMAND: POST /session/00fbe995d254b544c9b458c3d09ef85d/element - {"using":"xpath","value":"//span[contains(text(), \"TBS - Time based standard\")]"}
COMMAND: GET /session/00fbe995d254b544c9b458c3d09ef85d/screenshot - {}
RESULT: {"using":"xpath","value":"//span[contains(text(), \"TBS - Time based standard\")]"}
COMMAND: POST /session/00fbe995d254b544c9b458c3d09ef85d/element/f.5B10500533936BC34E48C94F23BC04CA.d.D85AD925039320D1E92FE99C03400455.e.7797/click - {}
RESULT: {}
RESULT: {}
COMMAND: POST /session/00fbe995d254b544c9b458c3d09ef85d/execute/async - {"script":"<script> [1562 bytes]","args":[{"selector":{"id":"application-managepricingrules-display-component---newInfoPriceItem--calcBase-arrow"},"wdio_ui5_key":"applicationmanagepricingrules-display-component---newInfoPriceItem--calcBase-arrow"}]}
COMMAND: GET /session/00fbe995d254b544c9b458c3d09ef85d/screenshot - {}
RESULT: {"script":"<script> [1562 bytes]","args":[{"selector":{"id":"application-managepricingrules-display-component---newInfoPriceItem--calcBase-arrow"},"wdio_ui5_key":"applicationmanagepricingrules-display-component---newInfoPriceItem--calcBase-arrow"}]}
RESULT: undefined
COMMAND: POST /session/00fbe995d254b544c9b458c3d09ef85d/element - {"using":"xpath","value":"//*[@id=\"application-managepricingrules-display-component---newInfoPriceItem--calcBase-arrow\"]"}
RESULT: {}
RESULT: {"using":"xpath","value":"//*[@id=\"application-managepricingrules-display-component---newInfoPriceItem--calcBase-arrow\"]"}
COMMAND: POST /session/00fbe995d254b544c9b458c3d09ef85d/element/f.5B10500533936BC34E48C94F23BC04CA.d.D85AD925039320D1E92FE99C03400455.e.7768/click - {}
RESULT: {}
COMMAND: GET /session/00fbe995d254b544c9b458c3d09ef85d/screenshot - {}
RESULT: {}
COMMAND: POST /session/00fbe995d254b544c9b458c3d09ef85d/element - {"using":"xpath","value":"//span[contains(text(), \"0006 - TB(calendar days)\")]"}
RESULT: {"using":"xpath","value":"//span[contains(text(), \"0006 - TB(calendar days)\")]"}
COMMAND: POST /session/00fbe995d254b544c9b458c3d09ef85d/element/f.5B10500533936BC34E48C94F23BC04CA.d.D85AD925039320D1E92FE99C03400455.e.7798/click - {}
RESULT: {}
COMMAND: GET /session/00fbe995d254b544c9b458c3d09ef85d/screenshot - {}
RESULT: {}
COMMAND: POST /session/00fbe995d254b544c9b458c3d09ef85d/execute/async - {"script":"<script> [1562 bytes]","args":[{"selector":{"id":"application-managepricingrules-display-component---newInfoPriceItem--daysMonth","interaction":{"idSuffix":"inner"}},"wdio_ui5_key":"applicationmanagepricingrules-display-component---newInfoPriceItem--daysMonth"}]}
RESULT: {"script":"<script> [1562 bytes]","args":[{"selector":{"id":"application-managepricingrules-display-component---newInfoPriceItem--daysMonth","interaction":{"idSuffix":"inner"}},"wdio_ui5_key":"applicationmanagepricingrules-display-component---newInfoPriceItem--daysMonth"}]}
RESULT: undefined
COMMAND: POST /session/00fbe995d254b544c9b458c3d09ef85d/execute/async - {"script":"<script> [776 bytes]","args":[{"enterText":"30","selector":{"id":"application-managepricingrules-display-component---newInfoPriceItem--daysMonth","interaction":{"idSuffix":"inner"}},"clearTextFirst":true,"interactionType":"ENTER_TEXT"}]}
RESULT: {"script":"<script> [776 bytes]","args":[{"enterText":"30","selector":{"id":"application-managepricingrules-display-component---newInfoPriceItem--daysMonth","interaction":{"idSuffix":"inner"}},"clearTextFirst":true,"interactionType":"ENTER_TEXT"}]}
COMMAND: POST /session/00fbe995d254b544c9b458c3d09ef85d/element - {"using":"xpath","value":"//button[@data-kt=\"saveNewRuleButton\"]"}
RESULT: {"using":"xpath","value":"//button[@data-kt=\"saveNewRuleButton\"]"}
COMMAND: POST /session/00fbe995d254b544c9b458c3d09ef85d/element/f.5B10500533936BC34E48C94F23BC04CA.d.D85AD925039320D1E92FE99C03400455.e.7788/click - {}
RESULT: {}
COMMAND: GET /session/00fbe995d254b544c9b458c3d09ef85d/screenshot - {}
RESULT: {}
COMMAND: POST /session/00fbe995d254b544c9b458c3d09ef85d/execute/async - {"script":"<script> [1562 bytes]","args":[{"selector":{"id":"application-managepricingrules-display-component---priceInfoItem--smartFilterBar-btnBasicSearch","interaction":{"idSuffix":"I"}},"wdio_ui5_key":"applicationmanagepricingrules-display-component---priceInfoItem--smartFilterBar-btnBasicSearch"}]}
RESULT: {"script":"<script> [1562 bytes]","args":[{"selector":{"id":"application-managepricingrules-display-component---priceInfoItem--smartFilterBar-btnBasicSearch","interaction":{"idSuffix":"I"}},"wdio_ui5_key":"applicationmanagepricingrules-display-component---priceInfoItem--smartFilterBar-btnBasicSearch"}]}
RESULT: undefined
COMMAND: POST /session/00fbe995d254b544c9b458c3d09ef85d/execute/async - {"script":"<script> [776 bytes]","args":[{"enterText":"7NURsAajUR","selector":{"id":"application-managepricingrules-display-component---priceInfoItem--smartFilterBar-btnBasicSearch","interaction":{"idSuffix":"I"}},"clearTextFirst":true,"interactionType":"ENTER_TEXT"}]}
RESULT: {"script":"<script> [776 bytes]","args":[{"enterText":"7NURsAajUR","selector":{"id":"application-managepricingrules-display-component---priceInfoItem--smartFilterBar-btnBasicSearch","interaction":{"idSuffix":"I"}},"clearTextFirst":true,"interactionType":"ENTER_TEXT"}]}
COMMAND: POST /session/00fbe995d254b544c9b458c3d09ef85d/actions - {"actions":[{"id":"action29","type":"key","parameters":{},"actions":[{"type":"keyDown","value":"î€‡"},{"type":"pause","duration":10},{"type":"keyUp","value":"î€‡"}]}]}
RESULT: {"actions":[{"id":"action29","type":"key","parameters":{},"actions":[{"type":"keyDown","value":"î€‡"},{"type":"pause","duration":10},{"type":"keyUp","value":"î€‡"}]}]}
COMMAND: GET /session/00fbe995d254b544c9b458c3d09ef85d/screenshot - {}
RESULT: {}
COMMAND: POST /session/00fbe995d254b544c9b458c3d09ef85d/element - {"using":"xpath","value":"//span[@id=\"application-managepricingrules-display-component---priceInfoItem--smartTable-header-inner\"]"}
RESULT: {"using":"xpath","value":"//span[@id=\"application-managepricingrules-display-component---priceInfoItem--smartTable-header-inner\"]"}
COMMAND: POST /session/00fbe995d254b544c9b458c3d09ef85d/elements - {"using":"xpath","value":"//span[@id=\"application-managepricingrules-display-component---priceInfoItem--smartTable-header-inner\"]"}
RESULT: {"using":"xpath","value":"//span[@id=\"application-managepricingrules-display-component---priceInfoItem--smartTable-header-inner\"]"}
COMMAND: POST /session/00fbe995d254b544c9b458c3d09ef85d/execute/sync - {"script":"<script> [56 bytes]","args":[{"element-6066-11e4-a52e-4f735466cecf":"f.5B10500533936BC34E48C94F23BC04CA.d.D85AD925039320D1E92FE99C03400455.e.7812","ELEMENT":"f.5B10500533936BC34E48C94F23BC04CA.d.D85AD925039320D1E92FE99C03400455.e.7812"}]}
RESULT: {"script":"<script> [56 bytes]","args":[{"element-6066-11e4-a52e-4f735466cecf":"f.5B10500533936BC34E48C94F23BC04CA.d.D85AD925039320D1E92FE99C03400455.e.7812","ELEMENT":"f.5B10500533936BC34E48C94F23BC04CA.d.D85AD925039320D1E92FE99C03400455.e.7812"}]}
COMMAND: POST /session/00fbe995d254b544c9b458c3d09ef85d/element - {"using":"css selector","value":"#shell-header-logo"}
COMMAND: GET /session/00fbe995d254b544c9b458c3d09ef85d/screenshot - {}
RESULT: {"using":"css selector","value":"#shell-header-logo"}
COMMAND: POST /session/00fbe995d254b544c9b458c3d09ef85d/element/f.5B10500533936BC34E48C94F23BC04CA.d.D85AD925039320D1E92FE99C03400455.e.6960/click - {}
RESULT: {}
RESULT: {}
COMMAND: GET /session/00fbe995d254b544c9b458c3d09ef85d/screenshot - {}
RESULT: {}
]]></system-out>
    </testcase>
    <testcase classname="chrome.136_0_7103_49.windows.Billing_Transfer_-_Intracompany_US127249" name="Should manage conditions" time="63.212">
      <system-out><![CDATA[
COMMAND: POST /session/00fbe995d254b544c9b458c3d09ef85d/execute/async - {"script":"<script> [1562 bytes]","args":[{"selector":{"controlType":"sap.m.Text","properties":{"text":"Manage Conditions & Prices"},"interaction":{"idSuffix":"inner"}},"wdio_ui5_key":"sapm.Text{\"text\":\"Manage Conditions & Prices\"}"}]}
RESULT: {"script":"<script> [1562 bytes]","args":[{"selector":{"controlType":"sap.m.Text","properties":{"text":"Manage Conditions & Prices"},"interaction":{"idSuffix":"inner"}},"wdio_ui5_key":"sapm.Text{\"text\":\"Manage Conditions & Prices\"}"}]}
RESULT: undefined
COMMAND: POST /session/00fbe995d254b544c9b458c3d09ef85d/element - {"using":"xpath","value":"//*[@id=\"__tile53-title\"]"}
RESULT: {"using":"xpath","value":"//*[@id=\"__tile53-title\"]"}
COMMAND: POST /session/00fbe995d254b544c9b458c3d09ef85d/element/f.5B10500533936BC34E48C94F23BC04CA.d.D85AD925039320D1E92FE99C03400455.e.7815/click - {}
RESULT: {}
COMMAND: POST /session/00fbe995d254b544c9b458c3d09ef85d/element - {"using":"xpath","value":"//button[@aria-label=\"Create\"]"}
COMMAND: GET /session/00fbe995d254b544c9b458c3d09ef85d/screenshot - {}
RESULT: {"using":"xpath","value":"//button[@aria-label=\"Create\"]"}
COMMAND: POST /session/00fbe995d254b544c9b458c3d09ef85d/elements - {"using":"xpath","value":"//button[@aria-label=\"Create\"]"}
RESULT: {}
RESULT: {"using":"xpath","value":"//button[@aria-label=\"Create\"]"}
COMMAND: POST /session/00fbe995d254b544c9b458c3d09ef85d/elements - {"using":"xpath","value":"//button[@aria-label=\"Create\"]"}
RESULT: {"using":"xpath","value":"//button[@aria-label=\"Create\"]"}
COMMAND: POST /session/00fbe995d254b544c9b458c3d09ef85d/elements - {"using":"xpath","value":"//button[@aria-label=\"Create\"]"}
RESULT: {"using":"xpath","value":"//button[@aria-label=\"Create\"]"}
COMMAND: POST /session/00fbe995d254b544c9b458c3d09ef85d/elements - {"using":"xpath","value":"//button[@aria-label=\"Create\"]"}
RESULT: {"using":"xpath","value":"//button[@aria-label=\"Create\"]"}
COMMAND: POST /session/00fbe995d254b544c9b458c3d09ef85d/elements - {"using":"xpath","value":"//button[@aria-label=\"Create\"]"}
RESULT: {"using":"xpath","value":"//button[@aria-label=\"Create\"]"}
COMMAND: POST /session/00fbe995d254b544c9b458c3d09ef85d/elements - {"using":"xpath","value":"//button[@aria-label=\"Create\"]"}
RESULT: {"using":"xpath","value":"//button[@aria-label=\"Create\"]"}
COMMAND: POST /session/00fbe995d254b544c9b458c3d09ef85d/element - {"using":"xpath","value":"//button[@aria-label=\"Create\"]"}
RESULT: {"using":"xpath","value":"//button[@aria-label=\"Create\"]"}
COMMAND: POST /session/00fbe995d254b544c9b458c3d09ef85d/execute/sync - {"script":"<script> [8489 bytes]","args":[{"element-6066-11e4-a52e-4f735466cecf":"f.5B10500533936BC34E48C94F23BC04CA.d.D85AD925039320D1E92FE99C03400455.e.7850","ELEMENT":"f.5B10500533936BC34E48C94F23BC04CA.d.D85AD925039320D1E92FE99C03400455.e.7850"}]}
RESULT: {"script":"<script> [8489 bytes]","args":[{"element-6066-11e4-a52e-4f735466cecf":"f.5B10500533936BC34E48C94F23BC04CA.d.D85AD925039320D1E92FE99C03400455.e.7850","ELEMENT":"f.5B10500533936BC34E48C94F23BC04CA.d.D85AD925039320D1E92FE99C03400455.e.7850"}]}
COMMAND: GET /session/00fbe995d254b544c9b458c3d09ef85d/element/f.5B10500533936BC34E48C94F23BC04CA.d.D85AD925039320D1E92FE99C03400455.e.7850/enabled - {}
COMMAND: GET /session/00fbe995d254b544c9b458c3d09ef85d/screenshot - {}
RESULT: {}
COMMAND: POST /session/00fbe995d254b544c9b458c3d09ef85d/execute/sync - {"script":"<script> [8489 bytes]","args":[{"element-6066-11e4-a52e-4f735466cecf":"f.5B10500533936BC34E48C94F23BC04CA.d.D85AD925039320D1E92FE99C03400455.e.7850","ELEMENT":"f.5B10500533936BC34E48C94F23BC04CA.d.D85AD925039320D1E92FE99C03400455.e.7850"}]}
COMMAND: GET /session/00fbe995d254b544c9b458c3d09ef85d/screenshot - {}
RESULT: {}
RESULT: {"script":"<script> [8489 bytes]","args":[{"element-6066-11e4-a52e-4f735466cecf":"f.5B10500533936BC34E48C94F23BC04CA.d.D85AD925039320D1E92FE99C03400455.e.7850","ELEMENT":"f.5B10500533936BC34E48C94F23BC04CA.d.D85AD925039320D1E92FE99C03400455.e.7850"}]}
COMMAND: POST /session/00fbe995d254b544c9b458c3d09ef85d/execute/sync - {"script":"<script> [5351 bytes]","args":[{"element-6066-11e4-a52e-4f735466cecf":"f.5B10500533936BC34E48C94F23BC04CA.d.D85AD925039320D1E92FE99C03400455.e.7850","ELEMENT":"f.5B10500533936BC34E48C94F23BC04CA.d.D85AD925039320D1E92FE99C03400455.e.7850"}]}
COMMAND: GET /session/00fbe995d254b544c9b458c3d09ef85d/screenshot - {}
RESULT: {}
RESULT: {"script":"<script> [5351 bytes]","args":[{"element-6066-11e4-a52e-4f735466cecf":"f.5B10500533936BC34E48C94F23BC04CA.d.D85AD925039320D1E92FE99C03400455.e.7850","ELEMENT":"f.5B10500533936BC34E48C94F23BC04CA.d.D85AD925039320D1E92FE99C03400455.e.7850"}]}
COMMAND: POST /session/00fbe995d254b544c9b458c3d09ef85d/element/f.5B10500533936BC34E48C94F23BC04CA.d.D85AD925039320D1E92FE99C03400455.e.7850/click - {}
COMMAND: GET /session/00fbe995d254b544c9b458c3d09ef85d/screenshot - {}
RESULT: {}
RESULT: {}
COMMAND: GET /session/00fbe995d254b544c9b458c3d09ef85d/screenshot - {}
RESULT: {}
RESULT: {}
COMMAND: POST /session/00fbe995d254b544c9b458c3d09ef85d/actions - {"actions":[{"id":"action30","type":"key","parameters":{},"actions":[{"type":"keyDown","value":"î€‡"},{"type":"pause","duration":10},{"type":"keyUp","value":"î€‡"}]}]}
RESULT: {"actions":[{"id":"action30","type":"key","parameters":{},"actions":[{"type":"keyDown","value":"î€‡"},{"type":"pause","duration":10},{"type":"keyUp","value":"î€‡"}]}]}
COMMAND: GET /session/00fbe995d254b544c9b458c3d09ef85d/screenshot - {}
RESULT: {}
COMMAND: POST /session/00fbe995d254b544c9b458c3d09ef85d/execute/async - {"script":"<script> [1562 bytes]","args":[{"selector":{"id":"application-manageconditionprice-display-component---newCondition--condBillCond-arrow"},"wdio_ui5_key":"applicationmanageconditionprice-display-component---newCondition--condBillCond-arrow"}]}
RESULT: {"script":"<script> [1562 bytes]","args":[{"selector":{"id":"application-manageconditionprice-display-component---newCondition--condBillCond-arrow"},"wdio_ui5_key":"applicationmanageconditionprice-display-component---newCondition--condBillCond-arrow"}]}
RESULT: undefined
COMMAND: POST /session/00fbe995d254b544c9b458c3d09ef85d/element - {"using":"xpath","value":"//*[@id=\"application-manageconditionprice-display-component---newCondition--condBillCond-arrow\"]"}
RESULT: {"using":"xpath","value":"//*[@id=\"application-manageconditionprice-display-component---newCondition--condBillCond-arrow\"]"}
COMMAND: POST /session/00fbe995d254b544c9b458c3d09ef85d/element/f.5B10500533936BC34E48C94F23BC04CA.d.D85AD925039320D1E92FE99C03400455.e.8030/click - {}
RESULT: {}
COMMAND: GET /session/00fbe995d254b544c9b458c3d09ef85d/screenshot - {}
RESULT: {}
COMMAND: POST /session/00fbe995d254b544c9b458c3d09ef85d/element - {"using":"xpath","value":"//li[.//span[contains(text(), \"DISP - D&I special price\")]]"}
RESULT: {"using":"xpath","value":"//li[.//span[contains(text(), \"DISP - D&I special price\")]]"}
COMMAND: POST /session/00fbe995d254b544c9b458c3d09ef85d/element/f.5B10500533936BC34E48C94F23BC04CA.d.D85AD925039320D1E92FE99C03400455.e.8033/click - {}
RESULT: {}
COMMAND: GET /session/00fbe995d254b544c9b458c3d09ef85d/screenshot - {}
RESULT: {}
COMMAND: POST /session/00fbe995d254b544c9b458c3d09ef85d/execute/async - {"script":"<script> [1562 bytes]","args":[{"selector":{"id":"application-manageconditionprice-display-component---newCondition--condValidTo","interaction":{"idSuffix":"inner"}},"wdio_ui5_key":"applicationmanageconditionprice-display-component---newCondition--condValidTo"}]}
RESULT: {"script":"<script> [1562 bytes]","args":[{"selector":{"id":"application-manageconditionprice-display-component---newCondition--condValidTo","interaction":{"idSuffix":"inner"}},"wdio_ui5_key":"applicationmanageconditionprice-display-component---newCondition--condValidTo"}]}
RESULT: undefined
COMMAND: POST /session/00fbe995d254b544c9b458c3d09ef85d/execute/async - {"script":"<script> [776 bytes]","args":[{"enterText":"01/13/26","selector":{"id":"application-manageconditionprice-display-component---newCondition--condValidTo","interaction":{"idSuffix":"inner"}},"clearTextFirst":true,"interactionType":"ENTER_TEXT"}]}
RESULT: {"script":"<script> [776 bytes]","args":[{"enterText":"01/13/26","selector":{"id":"application-manageconditionprice-display-component---newCondition--condValidTo","interaction":{"idSuffix":"inner"}},"clearTextFirst":true,"interactionType":"ENTER_TEXT"}]}
COMMAND: POST /session/00fbe995d254b544c9b458c3d09ef85d/element - {"using":"xpath","value":"//input[@id=\"application-manageconditionprice-display-component---newCondition--condRU-inner\"]"}
RESULT: {"using":"xpath","value":"//input[@id=\"application-manageconditionprice-display-component---newCondition--condRU-inner\"]"}
COMMAND: POST /session/00fbe995d254b544c9b458c3d09ef85d/element/f.5B10500533936BC34E48C94F23BC04CA.d.D85AD925039320D1E92FE99C03400455.e.7895/clear - {}
RESULT: {}
COMMAND: POST /session/00fbe995d254b544c9b458c3d09ef85d/element/f.5B10500533936BC34E48C94F23BC04CA.d.D85AD925039320D1E92FE99C03400455.e.7895/value - {"text":"7NURsAajUR"}
COMMAND: GET /session/00fbe995d254b544c9b458c3d09ef85d/screenshot - {}
RESULT: {"text":"7NURsAajUR"}
COMMAND: GET /session/00fbe995d254b544c9b458c3d09ef85d/screenshot - {}
RESULT: {}
RESULT: {}
COMMAND: POST /session/00fbe995d254b544c9b458c3d09ef85d/actions - {"actions":[{"id":"action31","type":"key","parameters":{},"actions":[{"type":"keyDown","value":"î€‡"},{"type":"pause","duration":10},{"type":"keyUp","value":"î€‡"}]}]}
RESULT: {"actions":[{"id":"action31","type":"key","parameters":{},"actions":[{"type":"keyDown","value":"î€‡"},{"type":"pause","duration":10},{"type":"keyUp","value":"î€‡"}]}]}
COMMAND: POST /session/00fbe995d254b544c9b458c3d09ef85d/execute/async - {"script":"<script> [1562 bytes]","args":[{"selector":{"id":"application-manageconditionprice-display-component---newCondition--condBaseQty","interaction":{"idSuffix":"inner"}},"wdio_ui5_key":"applicationmanageconditionprice-display-component---newCondition--condBaseQty"}]}
COMMAND: GET /session/00fbe995d254b544c9b458c3d09ef85d/screenshot - {}
RESULT: {"script":"<script> [1562 bytes]","args":[{"selector":{"id":"application-manageconditionprice-display-component---newCondition--condBaseQty","interaction":{"idSuffix":"inner"}},"wdio_ui5_key":"applicationmanageconditionprice-display-component---newCondition--condBaseQty"}]}
RESULT: undefined
COMMAND: POST /session/00fbe995d254b544c9b458c3d09ef85d/execute/async - {"script":"<script> [776 bytes]","args":[{"enterText":"1","selector":{"id":"application-manageconditionprice-display-component---newCondition--condBaseQty","interaction":{"idSuffix":"inner"}},"clearTextFirst":true,"interactionType":"ENTER_TEXT"}]}
RESULT: {}
RESULT: {"script":"<script> [776 bytes]","args":[{"enterText":"1","selector":{"id":"application-manageconditionprice-display-component---newCondition--condBaseQty","interaction":{"idSuffix":"inner"}},"clearTextFirst":true,"interactionType":"ENTER_TEXT"}]}
COMMAND: POST /session/00fbe995d254b544c9b458c3d09ef85d/execute/async - {"script":"<script> [1562 bytes]","args":[{"selector":{"id":"application-manageconditionprice-display-component---newCondition--condValue","interaction":{"idSuffix":"inner"}},"wdio_ui5_key":"applicationmanageconditionprice-display-component---newCondition--condValue"}]}
RESULT: {"script":"<script> [1562 bytes]","args":[{"selector":{"id":"application-manageconditionprice-display-component---newCondition--condValue","interaction":{"idSuffix":"inner"}},"wdio_ui5_key":"applicationmanageconditionprice-display-component---newCondition--condValue"}]}
RESULT: undefined
COMMAND: POST /session/00fbe995d254b544c9b458c3d09ef85d/execute/async - {"script":"<script> [776 bytes]","args":[{"enterText":"200","selector":{"id":"application-manageconditionprice-display-component---newCondition--condValue","interaction":{"idSuffix":"inner"}},"clearTextFirst":true,"interactionType":"ENTER_TEXT"}]}
RESULT: {"script":"<script> [776 bytes]","args":[{"enterText":"200","selector":{"id":"application-manageconditionprice-display-component---newCondition--condValue","interaction":{"idSuffix":"inner"}},"clearTextFirst":true,"interactionType":"ENTER_TEXT"}]}
COMMAND: POST /session/00fbe995d254b544c9b458c3d09ef85d/execute/async - {"script":"<script> [1562 bytes]","args":[{"selector":{"id":"application-manageconditionprice-display-component---newCondition--condCurr-arrow"},"wdio_ui5_key":"applicationmanageconditionprice-display-component---newCondition--condCurr-arrow"}]}
RESULT: {"script":"<script> [1562 bytes]","args":[{"selector":{"id":"application-manageconditionprice-display-component---newCondition--condCurr-arrow"},"wdio_ui5_key":"applicationmanageconditionprice-display-component---newCondition--condCurr-arrow"}]}
RESULT: undefined
COMMAND: POST /session/00fbe995d254b544c9b458c3d09ef85d/element - {"using":"xpath","value":"//*[@id=\"application-manageconditionprice-display-component---newCondition--condCurr-arrow\"]"}
RESULT: {"using":"xpath","value":"//*[@id=\"application-manageconditionprice-display-component---newCondition--condCurr-arrow\"]"}
COMMAND: POST /session/00fbe995d254b544c9b458c3d09ef85d/element/f.5B10500533936BC34E48C94F23BC04CA.d.D85AD925039320D1E92FE99C03400455.e.8002/click - {}
RESULT: {}
COMMAND: POST /session/00fbe995d254b544c9b458c3d09ef85d/element - {"using":"xpath","value":"//span[contains(text(), \"Euro\")]"}
COMMAND: GET /session/00fbe995d254b544c9b458c3d09ef85d/screenshot - {}
RESULT: {"using":"xpath","value":"//span[contains(text(), \"Euro\")]"}
COMMAND: POST /session/00fbe995d254b544c9b458c3d09ef85d/element/f.5B10500533936BC34E48C94F23BC04CA.d.D85AD925039320D1E92FE99C03400455.e.8071/click - {}
RESULT: {}
RESULT: {}
COMMAND: POST /session/00fbe995d254b544c9b458c3d09ef85d/element - {"using":"xpath","value":"//button[@data-kt=\"saveButton\"]"}
COMMAND: GET /session/00fbe995d254b544c9b458c3d09ef85d/screenshot - {}
RESULT: {"using":"xpath","value":"//button[@data-kt=\"saveButton\"]"}
COMMAND: POST /session/00fbe995d254b544c9b458c3d09ef85d/element/f.5B10500533936BC34E48C94F23BC04CA.d.D85AD925039320D1E92FE99C03400455.e.8003/click - {}
RESULT: {}
RESULT: {}
COMMAND: GET /session/00fbe995d254b544c9b458c3d09ef85d/screenshot - {}
RESULT: {}
COMMAND: POST /session/00fbe995d254b544c9b458c3d09ef85d/execute/async - {"script":"<script> [1562 bytes]","args":[{"selector":{"id":"application-manageconditionprice-display-component---conditions--smartFilterBar-btnBasicSearch","interaction":{"idSuffix":"I"}},"wdio_ui5_key":"applicationmanageconditionprice-display-component---conditions--smartFilterBar-btnBasicSearch"}]}
RESULT: {"script":"<script> [1562 bytes]","args":[{"selector":{"id":"application-manageconditionprice-display-component---conditions--smartFilterBar-btnBasicSearch","interaction":{"idSuffix":"I"}},"wdio_ui5_key":"applicationmanageconditionprice-display-component---conditions--smartFilterBar-btnBasicSearch"}]}
RESULT: undefined
COMMAND: POST /session/00fbe995d254b544c9b458c3d09ef85d/execute/async - {"script":"<script> [776 bytes]","args":[{"enterText":"7NURsAajUR","selector":{"id":"application-manageconditionprice-display-component---conditions--smartFilterBar-btnBasicSearch","interaction":{"idSuffix":"I"}},"clearTextFirst":true,"interactionType":"ENTER_TEXT"}]}
RESULT: {"script":"<script> [776 bytes]","args":[{"enterText":"7NURsAajUR","selector":{"id":"application-manageconditionprice-display-component---conditions--smartFilterBar-btnBasicSearch","interaction":{"idSuffix":"I"}},"clearTextFirst":true,"interactionType":"ENTER_TEXT"}]}
COMMAND: POST /session/00fbe995d254b544c9b458c3d09ef85d/actions - {"actions":[{"id":"action32","type":"key","parameters":{},"actions":[{"type":"keyDown","value":"î€‡"},{"type":"pause","duration":10},{"type":"keyUp","value":"î€‡"}]}]}
RESULT: {"actions":[{"id":"action32","type":"key","parameters":{},"actions":[{"type":"keyDown","value":"î€‡"},{"type":"pause","duration":10},{"type":"keyUp","value":"î€‡"}]}]}
COMMAND: GET /session/00fbe995d254b544c9b458c3d09ef85d/screenshot - {}
RESULT: {}
COMMAND: POST /session/00fbe995d254b544c9b458c3d09ef85d/execute/async - {"script":"<script> [1562 bytes]","args":[{"selector":{"id":"application-manageconditionprice-display-component---conditions--smartFilterBar-filterItemControl_BASIC-BILL_TYPES-vhi"},"wdio_ui5_key":"applicationmanageconditionprice-display-component---conditions--smartFilterBar-filterItemControl_BASIC-BILL_TYPES-vhi"}]}
RESULT: {"script":"<script> [1562 bytes]","args":[{"selector":{"id":"application-manageconditionprice-display-component---conditions--smartFilterBar-filterItemControl_BASIC-BILL_TYPES-vhi"},"wdio_ui5_key":"applicationmanageconditionprice-display-component---conditions--smartFilterBar-filterItemControl_BASIC-BILL_TYPES-vhi"}]}
RESULT: undefined
COMMAND: POST /session/00fbe995d254b544c9b458c3d09ef85d/element - {"using":"xpath","value":"//*[@id=\"application-manageconditionprice-display-component---conditions--smartFilterBar-filterItemControl_BASIC-BILL_TYPES-vhi\"]"}
RESULT: {"using":"xpath","value":"//*[@id=\"application-manageconditionprice-display-component---conditions--smartFilterBar-filterItemControl_BASIC-BILL_TYPES-vhi\"]"}
COMMAND: POST /session/00fbe995d254b544c9b458c3d09ef85d/element/f.5B10500533936BC34E48C94F23BC04CA.d.D85AD925039320D1E92FE99C03400455.e.8178/click - {}
RESULT: {}
COMMAND: POST /session/00fbe995d254b544c9b458c3d09ef85d/execute/async - {"script":"<script> [1562 bytes]","args":[{"selector":{"id":"application-manageconditionprice-display-component---conditions--smartFilterBar-filterItemControl_BASIC-BILL_TYPES-valueHelpDialog-smartFilterBar-btnBasicSearch","searchOpenDialogs":true,"interaction":{"idSuffix":"I"}},"wdio_ui5_key":"applicationmanageconditionprice-display-component---conditions--smartFilterBar-filterItemControl_BASIC-BILL_TYPES-valueHelpDialog-smartFilterBar-btnBasicSearch"}]}
COMMAND: GET /session/00fbe995d254b544c9b458c3d09ef85d/screenshot - {}
RESULT: {"script":"<script> [1562 bytes]","args":[{"selector":{"id":"application-manageconditionprice-display-component---conditions--smartFilterBar-filterItemControl_BASIC-BILL_TYPES-valueHelpDialog-smartFilterBar-btnBasicSearch","searchOpenDialogs":true,"interaction":{"idSuffix":"I"}},"wdio_ui5_key":"applicationmanageconditionprice-display-component---conditions--smartFilterBar-filterItemControl_BASIC-BILL_TYPES-valueHelpDialog-smartFilterBar-btnBasicSearch"}]}
RESULT: undefined
COMMAND: POST /session/00fbe995d254b544c9b458c3d09ef85d/execute/async - {"script":"<script> [776 bytes]","args":[{"enterText":"TB","selector":{"id":"application-manageconditionprice-display-component---conditions--smartFilterBar-filterItemControl_BASIC-BILL_TYPES-valueHelpDialog-smartFilterBar-btnBasicSearch","searchOpenDialogs":true,"interaction":{"idSuffix":"I"}},"clearTextFirst":true,"interactionType":"ENTER_TEXT"}]}
RESULT: {}
RESULT: {"script":"<script> [776 bytes]","args":[{"enterText":"TB","selector":{"id":"application-manageconditionprice-display-component---conditions--smartFilterBar-filterItemControl_BASIC-BILL_TYPES-valueHelpDialog-smartFilterBar-btnBasicSearch","searchOpenDialogs":true,"interaction":{"idSuffix":"I"}},"clearTextFirst":true,"interactionType":"ENTER_TEXT"}]}
COMMAND: POST /session/00fbe995d254b544c9b458c3d09ef85d/actions - {"actions":[{"id":"action33","type":"key","parameters":{},"actions":[{"type":"keyDown","value":"î€‡"},{"type":"pause","duration":10},{"type":"keyUp","value":"î€‡"}]}]}
RESULT: {"actions":[{"id":"action33","type":"key","parameters":{},"actions":[{"type":"keyDown","value":"î€‡"},{"type":"pause","duration":10},{"type":"keyUp","value":"î€‡"}]}]}
COMMAND: GET /session/00fbe995d254b544c9b458c3d09ef85d/screenshot - {}
RESULT: {}
COMMAND: POST /session/00fbe995d254b544c9b458c3d09ef85d/element - {"using":"xpath","value":"//div[contains(@id, 'application-manageconditionprice-display-component---conditions--smartFilterBar-filterItemControl_BASIC-BILL_TYPES-valueHelpDialog-table-rowsel0')]"}
RESULT: {"using":"xpath","value":"//div[contains(@id, 'application-manageconditionprice-display-component---conditions--smartFilterBar-filterItemControl_BASIC-BILL_TYPES-valueHelpDialog-table-rowsel0')]"}
COMMAND: POST /session/00fbe995d254b544c9b458c3d09ef85d/element/f.5B10500533936BC34E48C94F23BC04CA.d.D85AD925039320D1E92FE99C03400455.e.8188/click - {}
RESULT: {}
COMMAND: GET /session/00fbe995d254b544c9b458c3d09ef85d/screenshot - {}
RESULT: {}
COMMAND: POST /session/00fbe995d254b544c9b458c3d09ef85d/element - {"using":"xpath","value":"//bdi[contains(text(), \"OK\")]"}
RESULT: {"using":"xpath","value":"//bdi[contains(text(), \"OK\")]"}
COMMAND: POST /session/00fbe995d254b544c9b458c3d09ef85d/element/f.5B10500533936BC34E48C94F23BC04CA.d.D85AD925039320D1E92FE99C03400455.e.8190/click - {}
RESULT: {}
COMMAND: GET /session/00fbe995d254b544c9b458c3d09ef85d/screenshot - {}
RESULT: {}
COMMAND: POST /session/00fbe995d254b544c9b458c3d09ef85d/element - {"using":"xpath","value":"//span[@id=\"application-manageconditionprice-display-component---conditions--smartTable-header-inner\"]"}
RESULT: {"using":"xpath","value":"//span[@id=\"application-manageconditionprice-display-component---conditions--smartTable-header-inner\"]"}
COMMAND: POST /session/00fbe995d254b544c9b458c3d09ef85d/elements - {"using":"xpath","value":"//span[@id=\"application-manageconditionprice-display-component---conditions--smartTable-header-inner\"]"}
RESULT: {"using":"xpath","value":"//span[@id=\"application-manageconditionprice-display-component---conditions--smartTable-header-inner\"]"}
COMMAND: POST /session/00fbe995d254b544c9b458c3d09ef85d/execute/sync - {"script":"<script> [56 bytes]","args":[{"element-6066-11e4-a52e-4f735466cecf":"f.5B10500533936BC34E48C94F23BC04CA.d.D85AD925039320D1E92FE99C03400455.e.8193","ELEMENT":"f.5B10500533936BC34E48C94F23BC04CA.d.D85AD925039320D1E92FE99C03400455.e.8193"}]}
RESULT: {"script":"<script> [56 bytes]","args":[{"element-6066-11e4-a52e-4f735466cecf":"f.5B10500533936BC34E48C94F23BC04CA.d.D85AD925039320D1E92FE99C03400455.e.8193","ELEMENT":"f.5B10500533936BC34E48C94F23BC04CA.d.D85AD925039320D1E92FE99C03400455.e.8193"}]}
COMMAND: POST /session/00fbe995d254b544c9b458c3d09ef85d/element - {"using":"css selector","value":"#shell-header-logo"}
COMMAND: GET /session/00fbe995d254b544c9b458c3d09ef85d/screenshot - {}
RESULT: {"using":"css selector","value":"#shell-header-logo"}
COMMAND: POST /session/00fbe995d254b544c9b458c3d09ef85d/element/f.5B10500533936BC34E48C94F23BC04CA.d.D85AD925039320D1E92FE99C03400455.e.7817/click - {}
RESULT: {}
RESULT: {}
COMMAND: GET /session/00fbe995d254b544c9b458c3d09ef85d/screenshot - {}
RESULT: {}
]]></system-out>
    </testcase>
  </testsuite>
  <testsuite timestamp="2025-05-13T17:53:50" time="631.216" tests="12" failures="6" errors="6" skipped="0">
    <properties>
      <property name="specId" value="0" />
      <property name="suiteName" value="Billing transfer US117289" />
      <property name="capabilities" value="chrome.136_0_7103_49.windows" />
      <property name="file" value="file:///D:/a/1/s/test/specs/BTS/billing-transfer.spec.js" />
    </properties>
    <testcase classname="chrome.136_0_7103_49.windows.Billing_transfer_US117289" name="Should create a new yard" time="0.021">
      <system-out><![CDATA[
COMMAND: POST /session/00fbe995d254b544c9b458c3d09ef85d/window/fullscreen - {}
RESULT: {}
]]></system-out>
    </testcase>
    <testcase classname="chrome.136_0_7103_49.windows.Billing_transfer_US117289" name="Should create a new partner" time="0.003" />
    <testcase classname="chrome.136_0_7103_49.windows.Billing_transfer_US117289" name="Should create a new site" time="0.003" />
    <testcase classname="chrome.136_0_7103_49.windows.Billing_transfer_US117289" name="Should create a new equipment" time="120.046">
      <system-out><![CDATA[
COMMAND: POST /session/00fbe995d254b544c9b458c3d09ef85d/execute/async - {"script":"<script> [1562 bytes]","args":[{"selector":{"controlType":"sap.m.GenericTile","properties":{"header":"Manage Resources"}},"wdio_ui5_key":"sapm.GenericTile{\"header\":\"Manage Resources\"}"}]}
RESULT: {"script":"<script> [1562 bytes]","args":[{"selector":{"controlType":"sap.m.GenericTile","properties":{"header":"Manage Resources"}},"wdio_ui5_key":"sapm.GenericTile{\"header\":\"Manage Resources\"}"}]}
RESULT: undefined
COMMAND: POST /session/00fbe995d254b544c9b458c3d09ef85d/element - {"using":"xpath","value":"//*[@id=\"__tile39\"]"}
RESULT: {"using":"xpath","value":"//*[@id=\"__tile39\"]"}
COMMAND: POST /session/00fbe995d254b544c9b458c3d09ef85d/element/f.5B10500533936BC34E48C94F23BC04CA.d.9A107422CED3208C15D2FC4CFC718B96.e.8949/click - {}
RESULT: {}
COMMAND: POST /session/00fbe995d254b544c9b458c3d09ef85d/element - {"using":"xpath","value":"//button[@data-kt=\"addNewRUOverflowToolbarButton\"]"}
COMMAND: GET /session/00fbe995d254b544c9b458c3d09ef85d/screenshot - {}
RESULT: {"using":"xpath","value":"//button[@data-kt=\"addNewRUOverflowToolbarButton\"]"}
COMMAND: POST /session/00fbe995d254b544c9b458c3d09ef85d/elements - {"using":"xpath","value":"//button[@data-kt=\"addNewRUOverflowToolbarButton\"]"}
RESULT: {}
RESULT: {"using":"xpath","value":"//button[@data-kt=\"addNewRUOverflowToolbarButton\"]"}
COMMAND: POST /session/00fbe995d254b544c9b458c3d09ef85d/elements - {"using":"xpath","value":"//button[@data-kt=\"addNewRUOverflowToolbarButton\"]"}
RESULT: {"using":"xpath","value":"//button[@data-kt=\"addNewRUOverflowToolbarButton\"]"}
COMMAND: POST /session/00fbe995d254b544c9b458c3d09ef85d/elements - {"using":"xpath","value":"//button[@data-kt=\"addNewRUOverflowToolbarButton\"]"}
RESULT: {"using":"xpath","value":"//button[@data-kt=\"addNewRUOverflowToolbarButton\"]"}
COMMAND: POST /session/00fbe995d254b544c9b458c3d09ef85d/elements - {"using":"xpath","value":"//button[@data-kt=\"addNewRUOverflowToolbarButton\"]"}
RESULT: {"using":"xpath","value":"//button[@data-kt=\"addNewRUOverflowToolbarButton\"]"}
COMMAND: POST /session/00fbe995d254b544c9b458c3d09ef85d/elements - {"using":"xpath","value":"//button[@data-kt=\"addNewRUOverflowToolbarButton\"]"}
RESULT: {"using":"xpath","value":"//button[@data-kt=\"addNewRUOverflowToolbarButton\"]"}
COMMAND: POST /session/00fbe995d254b544c9b458c3d09ef85d/elements - {"using":"xpath","value":"//button[@data-kt=\"addNewRUOverflowToolbarButton\"]"}
RESULT: {"using":"xpath","value":"//button[@data-kt=\"addNewRUOverflowToolbarButton\"]"}
COMMAND: POST /session/00fbe995d254b544c9b458c3d09ef85d/elements - {"using":"xpath","value":"//button[@data-kt=\"addNewRUOverflowToolbarButton\"]"}
RESULT: {"using":"xpath","value":"//button[@data-kt=\"addNewRUOverflowToolbarButton\"]"}
COMMAND: POST /session/00fbe995d254b544c9b458c3d09ef85d/elements - {"using":"xpath","value":"//button[@data-kt=\"addNewRUOverflowToolbarButton\"]"}
RESULT: {"using":"xpath","value":"//button[@data-kt=\"addNewRUOverflowToolbarButton\"]"}
COMMAND: POST /session/00fbe995d254b544c9b458c3d09ef85d/elements - {"using":"xpath","value":"//button[@data-kt=\"addNewRUOverflowToolbarButton\"]"}
RESULT: {"using":"xpath","value":"//button[@data-kt=\"addNewRUOverflowToolbarButton\"]"}
COMMAND: POST /session/00fbe995d254b544c9b458c3d09ef85d/elements - {"using":"xpath","value":"//button[@data-kt=\"addNewRUOverflowToolbarButton\"]"}
RESULT: {"using":"xpath","value":"//button[@data-kt=\"addNewRUOverflowToolbarButton\"]"}
COMMAND: POST /session/00fbe995d254b544c9b458c3d09ef85d/elements - {"using":"xpath","value":"//button[@data-kt=\"addNewRUOverflowToolbarButton\"]"}
RESULT: {"using":"xpath","value":"//button[@data-kt=\"addNewRUOverflowToolbarButton\"]"}
COMMAND: POST /session/00fbe995d254b544c9b458c3d09ef85d/elements - {"using":"xpath","value":"//button[@data-kt=\"addNewRUOverflowToolbarButton\"]"}
RESULT: {"using":"xpath","value":"//button[@data-kt=\"addNewRUOverflowToolbarButton\"]"}
COMMAND: POST /session/00fbe995d254b544c9b458c3d09ef85d/elements - {"using":"xpath","value":"//button[@data-kt=\"addNewRUOverflowToolbarButton\"]"}
RESULT: {"using":"xpath","value":"//button[@data-kt=\"addNewRUOverflowToolbarButton\"]"}
COMMAND: POST /session/00fbe995d254b544c9b458c3d09ef85d/elements - {"using":"xpath","value":"//button[@data-kt=\"addNewRUOverflowToolbarButton\"]"}
RESULT: {"using":"xpath","value":"//button[@data-kt=\"addNewRUOverflowToolbarButton\"]"}
COMMAND: POST /session/00fbe995d254b544c9b458c3d09ef85d/elements - {"using":"xpath","value":"//button[@data-kt=\"addNewRUOverflowToolbarButton\"]"}
RESULT: {"using":"xpath","value":"//button[@data-kt=\"addNewRUOverflowToolbarButton\"]"}
COMMAND: POST /session/00fbe995d254b544c9b458c3d09ef85d/elements - {"using":"xpath","value":"//button[@data-kt=\"addNewRUOverflowToolbarButton\"]"}
RESULT: {"using":"xpath","value":"//button[@data-kt=\"addNewRUOverflowToolbarButton\"]"}
COMMAND: POST /session/00fbe995d254b544c9b458c3d09ef85d/elements - {"using":"xpath","value":"//button[@data-kt=\"addNewRUOverflowToolbarButton\"]"}
RESULT: {"using":"xpath","value":"//button[@data-kt=\"addNewRUOverflowToolbarButton\"]"}
COMMAND: POST /session/00fbe995d254b544c9b458c3d09ef85d/elements - {"using":"xpath","value":"//button[@data-kt=\"addNewRUOverflowToolbarButton\"]"}
RESULT: {"using":"xpath","value":"//button[@data-kt=\"addNewRUOverflowToolbarButton\"]"}
COMMAND: POST /session/00fbe995d254b544c9b458c3d09ef85d/elements - {"using":"xpath","value":"//button[@data-kt=\"addNewRUOverflowToolbarButton\"]"}
RESULT: {"using":"xpath","value":"//button[@data-kt=\"addNewRUOverflowToolbarButton\"]"}
COMMAND: POST /session/00fbe995d254b544c9b458c3d09ef85d/elements - {"using":"xpath","value":"//button[@data-kt=\"addNewRUOverflowToolbarButton\"]"}
RESULT: {"using":"xpath","value":"//button[@data-kt=\"addNewRUOverflowToolbarButton\"]"}
COMMAND: POST /session/00fbe995d254b544c9b458c3d09ef85d/elements - {"using":"xpath","value":"//button[@data-kt=\"addNewRUOverflowToolbarButton\"]"}
RESULT: {"using":"xpath","value":"//button[@data-kt=\"addNewRUOverflowToolbarButton\"]"}
COMMAND: POST /session/00fbe995d254b544c9b458c3d09ef85d/elements - {"using":"xpath","value":"//button[@data-kt=\"addNewRUOverflowToolbarButton\"]"}
RESULT: {"using":"xpath","value":"//button[@data-kt=\"addNewRUOverflowToolbarButton\"]"}
COMMAND: POST /session/00fbe995d254b544c9b458c3d09ef85d/elements - {"using":"xpath","value":"//button[@data-kt=\"addNewRUOverflowToolbarButton\"]"}
RESULT: {"using":"xpath","value":"//button[@data-kt=\"addNewRUOverflowToolbarButton\"]"}
COMMAND: POST /session/00fbe995d254b544c9b458c3d09ef85d/elements - {"using":"xpath","value":"//button[@data-kt=\"addNewRUOverflowToolbarButton\"]"}
RESULT: {"using":"xpath","value":"//button[@data-kt=\"addNewRUOverflowToolbarButton\"]"}
COMMAND: POST /session/00fbe995d254b544c9b458c3d09ef85d/elements - {"using":"xpath","value":"//button[@data-kt=\"addNewRUOverflowToolbarButton\"]"}
RESULT: {"using":"xpath","value":"//button[@data-kt=\"addNewRUOverflowToolbarButton\"]"}
COMMAND: POST /session/00fbe995d254b544c9b458c3d09ef85d/elements - {"using":"xpath","value":"//button[@data-kt=\"addNewRUOverflowToolbarButton\"]"}
RESULT: {"using":"xpath","value":"//button[@data-kt=\"addNewRUOverflowToolbarButton\"]"}
COMMAND: POST /session/00fbe995d254b544c9b458c3d09ef85d/elements - {"using":"xpath","value":"//button[@data-kt=\"addNewRUOverflowToolbarButton\"]"}
RESULT: {"using":"xpath","value":"//button[@data-kt=\"addNewRUOverflowToolbarButton\"]"}
COMMAND: POST /session/00fbe995d254b544c9b458c3d09ef85d/elements - {"using":"xpath","value":"//button[@data-kt=\"addNewRUOverflowToolbarButton\"]"}
RESULT: {"using":"xpath","value":"//button[@data-kt=\"addNewRUOverflowToolbarButton\"]"}
COMMAND: POST /session/00fbe995d254b544c9b458c3d09ef85d/element - {"using":"xpath","value":"//button[@data-kt=\"addNewRUOverflowToolbarButton\"]"}
RESULT: {"using":"xpath","value":"//button[@data-kt=\"addNewRUOverflowToolbarButton\"]"}
COMMAND: POST /session/00fbe995d254b544c9b458c3d09ef85d/execute/sync - {"script":"<script> [8489 bytes]","args":[{"element-6066-11e4-a52e-4f735466cecf":"f.5B10500533936BC34E48C94F23BC04CA.d.9A107422CED3208C15D2FC4CFC718B96.e.9087","ELEMENT":"f.5B10500533936BC34E48C94F23BC04CA.d.9A107422CED3208C15D2FC4CFC718B96.e.9087"}]}
RESULT: {"script":"<script> [8489 bytes]","args":[{"element-6066-11e4-a52e-4f735466cecf":"f.5B10500533936BC34E48C94F23BC04CA.d.9A107422CED3208C15D2FC4CFC718B96.e.9087","ELEMENT":"f.5B10500533936BC34E48C94F23BC04CA.d.9A107422CED3208C15D2FC4CFC718B96.e.9087"}]}
COMMAND: GET /session/00fbe995d254b544c9b458c3d09ef85d/element/f.5B10500533936BC34E48C94F23BC04CA.d.9A107422CED3208C15D2FC4CFC718B96.e.9087/enabled - {}
COMMAND: GET /session/00fbe995d254b544c9b458c3d09ef85d/screenshot - {}
RESULT: {}
COMMAND: POST /session/00fbe995d254b544c9b458c3d09ef85d/execute/sync - {"script":"<script> [8489 bytes]","args":[{"element-6066-11e4-a52e-4f735466cecf":"f.5B10500533936BC34E48C94F23BC04CA.d.9A107422CED3208C15D2FC4CFC718B96.e.9087","ELEMENT":"f.5B10500533936BC34E48C94F23BC04CA.d.9A107422CED3208C15D2FC4CFC718B96.e.9087"}]}
COMMAND: GET /session/00fbe995d254b544c9b458c3d09ef85d/screenshot - {}
RESULT: {}
RESULT: {"script":"<script> [8489 bytes]","args":[{"element-6066-11e4-a52e-4f735466cecf":"f.5B10500533936BC34E48C94F23BC04CA.d.9A107422CED3208C15D2FC4CFC718B96.e.9087","ELEMENT":"f.5B10500533936BC34E48C94F23BC04CA.d.9A107422CED3208C15D2FC4CFC718B96.e.9087"}]}
COMMAND: POST /session/00fbe995d254b544c9b458c3d09ef85d/execute/sync - {"script":"<script> [5351 bytes]","args":[{"element-6066-11e4-a52e-4f735466cecf":"f.5B10500533936BC34E48C94F23BC04CA.d.9A107422CED3208C15D2FC4CFC718B96.e.9087","ELEMENT":"f.5B10500533936BC34E48C94F23BC04CA.d.9A107422CED3208C15D2FC4CFC718B96.e.9087"}]}
COMMAND: GET /session/00fbe995d254b544c9b458c3d09ef85d/screenshot - {}
RESULT: {}
RESULT: {"script":"<script> [5351 bytes]","args":[{"element-6066-11e4-a52e-4f735466cecf":"f.5B10500533936BC34E48C94F23BC04CA.d.9A107422CED3208C15D2FC4CFC718B96.e.9087","ELEMENT":"f.5B10500533936BC34E48C94F23BC04CA.d.9A107422CED3208C15D2FC4CFC718B96.e.9087"}]}
COMMAND: POST /session/00fbe995d254b544c9b458c3d09ef85d/element/f.5B10500533936BC34E48C94F23BC04CA.d.9A107422CED3208C15D2FC4CFC718B96.e.9087/click - {}
COMMAND: GET /session/00fbe995d254b544c9b458c3d09ef85d/screenshot - {}
RESULT: {}
RESULT: {}
COMMAND: GET /session/00fbe995d254b544c9b458c3d09ef85d/screenshot - {}
RESULT: {}
RESULT: {}
COMMAND: POST /session/00fbe995d254b544c9b458c3d09ef85d/execute/async - {"script":"<script> [1562 bytes]","args":[{"selector":{"id":"application-manageresources-display-component---newResourceUnit--TYPE-arrow"},"wdio_ui5_key":"applicationmanageresources-display-component---newResourceUnit--TYPE-arrow"}]}
RESULT: {"script":"<script> [1562 bytes]","args":[{"selector":{"id":"application-manageresources-display-component---newResourceUnit--TYPE-arrow"},"wdio_ui5_key":"applicationmanageresources-display-component---newResourceUnit--TYPE-arrow"}]}
RESULT: undefined
COMMAND: POST /session/00fbe995d254b544c9b458c3d09ef85d/element - {"using":"xpath","value":"//*[@id=\"application-manageresources-display-component---newResourceUnit--TYPE-arrow\"]"}
RESULT: {"using":"xpath","value":"//*[@id=\"application-manageresources-display-component---newResourceUnit--TYPE-arrow\"]"}
COMMAND: POST /session/00fbe995d254b544c9b458c3d09ef85d/element/f.5B10500533936BC34E48C94F23BC04CA.d.9A107422CED3208C15D2FC4CFC718B96.e.9451/click - {}
RESULT: {}
COMMAND: POST /session/00fbe995d254b544c9b458c3d09ef85d/element - {"using":"xpath","value":"//input[@id=\"application-manageresources-display-component---newResourceUnit--TYPE-inner\"]"}
COMMAND: GET /session/00fbe995d254b544c9b458c3d09ef85d/screenshot - {}
RESULT: {"using":"xpath","value":"//input[@id=\"application-manageresources-display-component---newResourceUnit--TYPE-inner\"]"}
COMMAND: POST /session/00fbe995d254b544c9b458c3d09ef85d/element/f.5B10500533936BC34E48C94F23BC04CA.d.9A107422CED3208C15D2FC4CFC718B96.e.9442/clear - {}
RESULT: {}
RESULT: {}
COMMAND: POST /session/00fbe995d254b544c9b458c3d09ef85d/element/f.5B10500533936BC34E48C94F23BC04CA.d.9A107422CED3208C15D2FC4CFC718B96.e.9442/value - {"text":"Equipment"}
COMMAND: GET /session/00fbe995d254b544c9b458c3d09ef85d/screenshot - {}
RESULT: {"text":"Equipment"}
COMMAND: GET /session/00fbe995d254b544c9b458c3d09ef85d/screenshot - {}
RESULT: {}
RESULT: {}
COMMAND: POST /session/00fbe995d254b544c9b458c3d09ef85d/actions - {"actions":[{"id":"action36","type":"key","parameters":{},"actions":[{"type":"keyDown","value":"î€‡"},{"type":"pause","duration":10},{"type":"keyUp","value":"î€‡"}]}]}
RESULT: {"actions":[{"id":"action36","type":"key","parameters":{},"actions":[{"type":"keyDown","value":"î€‡"},{"type":"pause","duration":10},{"type":"keyUp","value":"î€‡"}]}]}
COMMAND: POST /session/00fbe995d254b544c9b458c3d09ef85d/execute/async - {"script":"<script> [1562 bytes]","args":[{"selector":{"id":"application-manageresources-display-component---newResourceUnit--resourceId","interaction":{"idSuffix":"inner"}},"wdio_ui5_key":"applicationmanageresources-display-component---newResourceUnit--resourceId"}]}
COMMAND: GET /session/00fbe995d254b544c9b458c3d09ef85d/screenshot - {}
RESULT: {"script":"<script> [1562 bytes]","args":[{"selector":{"id":"application-manageresources-display-component---newResourceUnit--resourceId","interaction":{"idSuffix":"inner"}},"wdio_ui5_key":"applicationmanageresources-display-component---newResourceUnit--resourceId"}]}
RESULT: undefined
COMMAND: POST /session/00fbe995d254b544c9b458c3d09ef85d/execute/async - {"script":"<script> [776 bytes]","args":[{"enterText":"veVP2fMHvT","selector":{"id":"application-manageresources-display-component---newResourceUnit--resourceId","interaction":{"idSuffix":"inner"}},"clearTextFirst":true,"interactionType":"ENTER_TEXT"}]}
RESULT: {}
RESULT: {"script":"<script> [776 bytes]","args":[{"enterText":"veVP2fMHvT","selector":{"id":"application-manageresources-display-component---newResourceUnit--resourceId","interaction":{"idSuffix":"inner"}},"clearTextFirst":true,"interactionType":"ENTER_TEXT"}]}
COMMAND: POST /session/00fbe995d254b544c9b458c3d09ef85d/execute/async - {"script":"<script> [1562 bytes]","args":[{"selector":{"id":"application-manageresources-display-component---newResourceUnit--SHORT_TEXT","interaction":{"idSuffix":"inner"}},"wdio_ui5_key":"applicationmanageresources-display-component---newResourceUnit--SHORT_TEXT"}]}
RESULT: {"script":"<script> [1562 bytes]","args":[{"selector":{"id":"application-manageresources-display-component---newResourceUnit--SHORT_TEXT","interaction":{"idSuffix":"inner"}},"wdio_ui5_key":"applicationmanageresources-display-component---newResourceUnit--SHORT_TEXT"}]}
RESULT: undefined
COMMAND: POST /session/00fbe995d254b544c9b458c3d09ef85d/execute/async - {"script":"<script> [776 bytes]","args":[{"enterText":"Intercompany Equipment WDIO","selector":{"id":"application-manageresources-display-component---newResourceUnit--SHORT_TEXT","interaction":{"idSuffix":"inner"}},"clearTextFirst":true,"interactionType":"ENTER_TEXT"}]}
RESULT: {"script":"<script> [776 bytes]","args":[{"enterText":"Intercompany Equipment WDIO","selector":{"id":"application-manageresources-display-component---newResourceUnit--SHORT_TEXT","interaction":{"idSuffix":"inner"}},"clearTextFirst":true,"interactionType":"ENTER_TEXT"}]}
COMMAND: POST /session/00fbe995d254b544c9b458c3d09ef85d/execute/async - {"script":"<script> [1562 bytes]","args":[{"selector":{"id":"application-manageresources-display-component---newResourceUnit--BASE_UNIT_OF_MEASURE","interaction":{"idSuffix":"inner"}},"wdio_ui5_key":"applicationmanageresources-display-component---newResourceUnit--BASE_UNIT_OF_MEASURE"}]}
RESULT: {"script":"<script> [1562 bytes]","args":[{"selector":{"id":"application-manageresources-display-component---newResourceUnit--BASE_UNIT_OF_MEASURE","interaction":{"idSuffix":"inner"}},"wdio_ui5_key":"applicationmanageresources-display-component---newResourceUnit--BASE_UNIT_OF_MEASURE"}]}
RESULT: undefined
COMMAND: POST /session/00fbe995d254b544c9b458c3d09ef85d/execute/async - {"script":"<script> [776 bytes]","args":[{"enterText":"Piece","selector":{"id":"application-manageresources-display-component---newResourceUnit--BASE_UNIT_OF_MEASURE","interaction":{"idSuffix":"inner"}},"clearTextFirst":true,"interactionType":"ENTER_TEXT"}]}
RESULT: {"script":"<script> [776 bytes]","args":[{"enterText":"Piece","selector":{"id":"application-manageresources-display-component---newResourceUnit--BASE_UNIT_OF_MEASURE","interaction":{"idSuffix":"inner"}},"clearTextFirst":true,"interactionType":"ENTER_TEXT"}]}
COMMAND: POST /session/00fbe995d254b544c9b458c3d09ef85d/execute/async - {"script":"<script> [1562 bytes]","args":[{"selector":{"id":"application-manageresources-display-component---newResourceUnit--WEIGHT_UNIT","interaction":{"idSuffix":"inner"}},"wdio_ui5_key":"applicationmanageresources-display-component---newResourceUnit--WEIGHT_UNIT"}]}
RESULT: {"script":"<script> [1562 bytes]","args":[{"selector":{"id":"application-manageresources-display-component---newResourceUnit--WEIGHT_UNIT","interaction":{"idSuffix":"inner"}},"wdio_ui5_key":"applicationmanageresources-display-component---newResourceUnit--WEIGHT_UNIT"}]}
RESULT: undefined
COMMAND: POST /session/00fbe995d254b544c9b458c3d09ef85d/execute/async - {"script":"<script> [776 bytes]","args":[{"enterText":"Gram","selector":{"id":"application-manageresources-display-component---newResourceUnit--WEIGHT_UNIT","interaction":{"idSuffix":"inner"}},"clearTextFirst":true,"interactionType":"ENTER_TEXT"}]}
RESULT: {"script":"<script> [776 bytes]","args":[{"enterText":"Gram","selector":{"id":"application-manageresources-display-component---newResourceUnit--WEIGHT_UNIT","interaction":{"idSuffix":"inner"}},"clearTextFirst":true,"interactionType":"ENTER_TEXT"}]}
COMMAND: POST /session/00fbe995d254b544c9b458c3d09ef85d/execute/async - {"script":"<script> [1562 bytes]","args":[{"selector":{"id":"application-manageresources-display-component---newResourceUnit--DIMENSION_UNIT","interaction":{"idSuffix":"inner"}},"wdio_ui5_key":"applicationmanageresources-display-component---newResourceUnit--DIMENSION_UNIT"}]}
RESULT: {"script":"<script> [1562 bytes]","args":[{"selector":{"id":"application-manageresources-display-component---newResourceUnit--DIMENSION_UNIT","interaction":{"idSuffix":"inner"}},"wdio_ui5_key":"applicationmanageresources-display-component---newResourceUnit--DIMENSION_UNIT"}]}
RESULT: undefined
COMMAND: POST /session/00fbe995d254b544c9b458c3d09ef85d/execute/async - {"script":"<script> [776 bytes]","args":[{"enterText":"Meter","selector":{"id":"application-manageresources-display-component---newResourceUnit--DIMENSION_UNIT","interaction":{"idSuffix":"inner"}},"clearTextFirst":true,"interactionType":"ENTER_TEXT"}]}
RESULT: {"script":"<script> [776 bytes]","args":[{"enterText":"Meter","selector":{"id":"application-manageresources-display-component---newResourceUnit--DIMENSION_UNIT","interaction":{"idSuffix":"inner"}},"clearTextFirst":true,"interactionType":"ENTER_TEXT"}]}
COMMAND: POST /session/00fbe995d254b544c9b458c3d09ef85d/execute/async - {"script":"<script> [1562 bytes]","args":[{"selector":{"id":"application-manageresources-display-component---newResourceUnit--newRRUPage-anchBar-application-manageresources-display-component---newResourceUnit--control-anchor","interaction":{"idSuffix":"BDI-content"}},"wdio_ui5_key":"applicationmanageresources-display-component---newResourceUnit--newRRUPage-anchBar-application-manageresources-display-component---newResourceUnit--control-anchor"}]}
RESULT: {"script":"<script> [1562 bytes]","args":[{"selector":{"id":"application-manageresources-display-component---newResourceUnit--newRRUPage-anchBar-application-manageresources-display-component---newResourceUnit--control-anchor","interaction":{"idSuffix":"BDI-content"}},"wdio_ui5_key":"applicationmanageresources-display-component---newResourceUnit--newRRUPage-anchBar-application-manageresources-display-component---newResourceUnit--control-anchor"}]}
RESULT: undefined
COMMAND: POST /session/00fbe995d254b544c9b458c3d09ef85d/element - {"using":"xpath","value":"//*[@id=\"application-manageresources-display-component---newResourceUnit--newRRUPage-anchBar-application-manageresources-display-component---newResourceUnit--control-anchor\"]"}
RESULT: {"using":"xpath","value":"//*[@id=\"application-manageresources-display-component---newResourceUnit--newRRUPage-anchBar-application-manageresources-display-component---newResourceUnit--control-anchor\"]"}
COMMAND: POST /session/00fbe995d254b544c9b458c3d09ef85d/element/f.5B10500533936BC34E48C94F23BC04CA.d.9A107422CED3208C15D2FC4CFC718B96.e.9583/click - {}
RESULT: {}
COMMAND: POST /session/00fbe995d254b544c9b458c3d09ef85d/execute/async - {"script":"<script> [1562 bytes]","args":[{"selector":{"id":"application-manageresources-display-component---newResourceUnit--PLANNING_GROUP","interaction":{"idSuffix":"inner"}},"wdio_ui5_key":"applicationmanageresources-display-component---newResourceUnit--PLANNING_GROUP"}]}
COMMAND: GET /session/00fbe995d254b544c9b458c3d09ef85d/screenshot - {}
RESULT: {"script":"<script> [1562 bytes]","args":[{"selector":{"id":"application-manageresources-display-component---newResourceUnit--PLANNING_GROUP","interaction":{"idSuffix":"inner"}},"wdio_ui5_key":"applicationmanageresources-display-component---newResourceUnit--PLANNING_GROUP"}]}
RESULT: undefined
COMMAND: POST /session/00fbe995d254b544c9b458c3d09ef85d/execute/async - {"script":"<script> [776 bytes]","args":[{"enterText":"Heavy Equi","selector":{"id":"application-manageresources-display-component---newResourceUnit--PLANNING_GROUP","interaction":{"idSuffix":"inner"}},"clearTextFirst":true,"interactionType":"ENTER_TEXT"}]}
RESULT: {}
RESULT: {"script":"<script> [776 bytes]","args":[{"enterText":"Heavy Equi","selector":{"id":"application-manageresources-display-component---newResourceUnit--PLANNING_GROUP","interaction":{"idSuffix":"inner"}},"clearTextFirst":true,"interactionType":"ENTER_TEXT"}]}
COMMAND: POST /session/00fbe995d254b544c9b458c3d09ef85d/execute/async - {"script":"<script> [1562 bytes]","args":[{"selector":{"id":"application-manageresources-display-component---newResourceUnit--ITEM_TYPE-arrow"},"wdio_ui5_key":"applicationmanageresources-display-component---newResourceUnit--ITEM_TYPE-arrow"}]}
RESULT: {"script":"<script> [1562 bytes]","args":[{"selector":{"id":"application-manageresources-display-component---newResourceUnit--ITEM_TYPE-arrow"},"wdio_ui5_key":"applicationmanageresources-display-component---newResourceUnit--ITEM_TYPE-arrow"}]}
RESULT: undefined
COMMAND: POST /session/00fbe995d254b544c9b458c3d09ef85d/element - {"using":"xpath","value":"//*[@id=\"application-manageresources-display-component---newResourceUnit--ITEM_TYPE-arrow\"]"}
RESULT: {"using":"xpath","value":"//*[@id=\"application-manageresources-display-component---newResourceUnit--ITEM_TYPE-arrow\"]"}
COMMAND: POST /session/00fbe995d254b544c9b458c3d09ef85d/element/f.5B10500533936BC34E48C94F23BC04CA.d.9A107422CED3208C15D2FC4CFC718B96.e.9592/click - {}
RESULT: {}
COMMAND: POST /session/00fbe995d254b544c9b458c3d09ef85d/element - {"using":"xpath","value":"(//span[contains(text(), \"Resource Unit\")])[2]"}
COMMAND: GET /session/00fbe995d254b544c9b458c3d09ef85d/screenshot - {}
RESULT: {"using":"xpath","value":"(//span[contains(text(), \"Resource Unit\")])[2]"}
COMMAND: POST /session/00fbe995d254b544c9b458c3d09ef85d/element/f.5B10500533936BC34E48C94F23BC04CA.d.9A107422CED3208C15D2FC4CFC718B96.e.9593/click - {}
RESULT: {}
RESULT: {}
COMMAND: GET /session/00fbe995d254b544c9b458c3d09ef85d/screenshot - {}
RESULT: {}
COMMAND: POST /session/00fbe995d254b544c9b458c3d09ef85d/element - {"using":"css selector","value":"#application-manageresources-display-component---newResourceUnit--btnAddTimeSegment"}
RESULT: {"using":"css selector","value":"#application-manageresources-display-component---newResourceUnit--btnAddTimeSegment"}
COMMAND: GET /session/00fbe995d254b544c9b458c3d09ef85d/element/f.5B10500533936BC34E48C94F23BC04CA.d.9A107422CED3208C15D2FC4CFC718B96.e.9594/rect - {}
RESULT: {}
COMMAND: GET /session/00fbe995d254b544c9b458c3d09ef85d/window/rect - {}
RESULT: {}
COMMAND: POST /session/00fbe995d254b544c9b458c3d09ef85d/execute/sync - {"script":"<script> [92 bytes]","args":[]}
RESULT: {"script":"<script> [92 bytes]","args":[]}
COMMAND: POST /session/00fbe995d254b544c9b458c3d09ef85d/actions - {"actions":[{"id":"action37","type":"wheel","parameters":{},"actions":[{"type":"scroll","x":-1888,"y":-32,"deltaX":0,"deltaY":0,"duration":0,"origin":{"element-6066-11e4-a52e-4f735466cecf":"f.5B10500533936BC34E48C94F23BC04CA.d.9A107422CED3208C15D2FC4CFC718B96.e.9594"}}]}]}
COMMAND: GET /session/00fbe995d254b544c9b458c3d09ef85d/screenshot - {}
RESULT: {}
COMMAND: POST /session/00fbe995d254b544c9b458c3d09ef85d/execute/sync - {"script":"<script> [79 bytes]","args":[{"element-6066-11e4-a52e-4f735466cecf":"f.5B10500533936BC34E48C94F23BC04CA.d.9A107422CED3208C15D2FC4CFC718B96.e.9594","ELEMENT":"f.5B10500533936BC34E48C94F23BC04CA.d.9A107422CED3208C15D2FC4CFC718B96.e.9594"},{"block":"start","inline":"nearest"}]}
RESULT: {"script":"<script> [79 bytes]","args":[{"element-6066-11e4-a52e-4f735466cecf":"f.5B10500533936BC34E48C94F23BC04CA.d.9A107422CED3208C15D2FC4CFC718B96.e.9594","ELEMENT":"f.5B10500533936BC34E48C94F23BC04CA.d.9A107422CED3208C15D2FC4CFC718B96.e.9594"},{"block":"start","inline":"nearest"}]}
COMMAND: POST /session/00fbe995d254b544c9b458c3d09ef85d/execute/async - {"script":"<script> [1562 bytes]","args":[{"selector":{"id":"application-manageresources-display-component---newResourceUnit--btnAddTimeSegment","interaction":{"idSuffix":"inner"}},"wdio_ui5_key":"applicationmanageresources-display-component---newResourceUnit--btnAddTimeSegment"}]}
COMMAND: GET /session/00fbe995d254b544c9b458c3d09ef85d/screenshot - {}
RESULT: {"script":"<script> [1562 bytes]","args":[{"selector":{"id":"application-manageresources-display-component---newResourceUnit--btnAddTimeSegment","interaction":{"idSuffix":"inner"}},"wdio_ui5_key":"applicationmanageresources-display-component---newResourceUnit--btnAddTimeSegment"}]}
RESULT: undefined
COMMAND: POST /session/00fbe995d254b544c9b458c3d09ef85d/element - {"using":"xpath","value":"//*[@id=\"application-manageresources-display-component---newResourceUnit--btnAddTimeSegment\"]"}
RESULT: {}
RESULT: {"using":"xpath","value":"//*[@id=\"application-manageresources-display-component---newResourceUnit--btnAddTimeSegment\"]"}
COMMAND: POST /session/00fbe995d254b544c9b458c3d09ef85d/element/f.5B10500533936BC34E48C94F23BC04CA.d.9A107422CED3208C15D2FC4CFC718B96.e.9594/click - {}
RESULT: {}
COMMAND: GET /session/00fbe995d254b544c9b458c3d09ef85d/screenshot - {}
RESULT: {}
COMMAND: POST /session/00fbe995d254b544c9b458c3d09ef85d/element - {"using":"xpath","value":"//input[@id=\"application-manageresources-display-component---newResourceUnit--idRuTSAdmin-application-manageresources-display-component---newResourceUnit--RUTimeSegment-0-inner\"]"}
RESULT: {"using":"xpath","value":"//input[@id=\"application-manageresources-display-component---newResourceUnit--idRuTSAdmin-application-manageresources-display-component---newResourceUnit--RUTimeSegment-0-inner\"]"}
COMMAND: POST /session/00fbe995d254b544c9b458c3d09ef85d/element/f.5B10500533936BC34E48C94F23BC04CA.d.9A107422CED3208C15D2FC4CFC718B96.e.9600/clear - {}
RESULT: {}
COMMAND: POST /session/00fbe995d254b544c9b458c3d09ef85d/element/f.5B10500533936BC34E48C94F23BC04CA.d.9A107422CED3208C15D2FC4CFC718B96.e.9600/value - {"text":"276"}
COMMAND: GET /session/00fbe995d254b544c9b458c3d09ef85d/screenshot - {}
RESULT: {"text":"276"}
COMMAND: GET /session/00fbe995d254b544c9b458c3d09ef85d/screenshot - {}
RESULT: {}
RESULT: {}
COMMAND: POST /session/00fbe995d254b544c9b458c3d09ef85d/element - {"using":"xpath","value":"//li[.//span[text()='276']]"}
RESULT: {"using":"xpath","value":"//li[.//span[text()='276']]"}
COMMAND: POST /session/00fbe995d254b544c9b458c3d09ef85d/element/f.5B10500533936BC34E48C94F23BC04CA.d.9A107422CED3208C15D2FC4CFC718B96.e.9611/click - {}
RESULT: {}
COMMAND: GET /session/00fbe995d254b544c9b458c3d09ef85d/screenshot - {}
RESULT: {}
COMMAND: POST /session/00fbe995d254b544c9b458c3d09ef85d/element - {"using":"xpath","value":"(//span[contains(@id, \"-application-manageresources-display-component---newResourceUnit--RUTimeSegment-0-arrow\")])[6]"}
RESULT: {"using":"xpath","value":"(//span[contains(@id, \"-application-manageresources-display-component---newResourceUnit--RUTimeSegment-0-arrow\")])[6]"}
COMMAND: POST /session/00fbe995d254b544c9b458c3d09ef85d/element/f.5B10500533936BC34E48C94F23BC04CA.d.9A107422CED3208C15D2FC4CFC718B96.e.9612/click - {}
RESULT: {}
COMMAND: GET /session/00fbe995d254b544c9b458c3d09ef85d/screenshot - {}
RESULT: {}
COMMAND: POST /session/00fbe995d254b544c9b458c3d09ef85d/element - {"using":"xpath","value":"//span[contains(text(), \"PM Order\")]"}
RESULT: {"using":"xpath","value":"//span[contains(text(), \"PM Order\")]"}
COMMAND: POST /session/00fbe995d254b544c9b458c3d09ef85d/element/f.5B10500533936BC34E48C94F23BC04CA.d.9A107422CED3208C15D2FC4CFC718B96.e.9615/click - {}
RESULT: {}
COMMAND: GET /session/00fbe995d254b544c9b458c3d09ef85d/screenshot - {}
RESULT: {}
COMMAND: POST /session/00fbe995d254b544c9b458c3d09ef85d/element - {"using":"xpath","value":"(//span[contains(@id ,\"manageresources-display-component---newResourceUnit--RUTimeSegment-0-vhi\")])[1]"}
RESULT: {"using":"xpath","value":"(//span[contains(@id ,\"manageresources-display-component---newResourceUnit--RUTimeSegment-0-vhi\")])[1]"}
COMMAND: GET /session/00fbe995d254b544c9b458c3d09ef85d/element/f.5B10500533936BC34E48C94F23BC04CA.d.9A107422CED3208C15D2FC4CFC718B96.e.9619/rect - {}
RESULT: {}
COMMAND: GET /session/00fbe995d254b544c9b458c3d09ef85d/window/rect - {}
RESULT: {}
COMMAND: POST /session/00fbe995d254b544c9b458c3d09ef85d/execute/sync - {"script":"<script> [92 bytes]","args":[]}
RESULT: {"script":"<script> [92 bytes]","args":[]}
COMMAND: POST /session/00fbe995d254b544c9b458c3d09ef85d/actions - {"actions":[{"id":"action38","type":"wheel","parameters":{},"actions":[{"type":"scroll","x":-869,"y":-24,"deltaX":0,"deltaY":0,"duration":0,"origin":{"element-6066-11e4-a52e-4f735466cecf":"f.5B10500533936BC34E48C94F23BC04CA.d.9A107422CED3208C15D2FC4CFC718B96.e.9619"}}]}]}
COMMAND: GET /session/00fbe995d254b544c9b458c3d09ef85d/screenshot - {}
RESULT: {"actions":[{"id":"action38","type":"wheel","parameters":{},"actions":[{"type":"scroll","x":-869,"y":-24,"deltaX":0,"deltaY":0,"duration":0,"origin":{"element-6066-11e4-a52e-4f735466cecf":"f.5B10500533936BC34E48C94F23BC04CA.d.9A107422CED3208C15D2FC4CFC718B96.e.9619"}}]}]}
COMMAND: DELETE /session/00fbe995d254b544c9b458c3d09ef85d/actions - {}
COMMAND: GET /session/00fbe995d254b544c9b458c3d09ef85d/screenshot - {}
RESULT: {}
RESULT: {}
COMMAND: GET /session/00fbe995d254b544c9b458c3d09ef85d/screenshot - {}
RESULT: {}
RESULT: {}
COMMAND: POST /session/00fbe995d254b544c9b458c3d09ef85d/element/f.5B10500533936BC34E48C94F23BC04CA.d.9A107422CED3208C15D2FC4CFC718B96.e.9619/click - {}
RESULT: {}
COMMAND: GET /session/00fbe995d254b544c9b458c3d09ef85d/screenshot - {}
RESULT: {}
COMMAND: POST /session/00fbe995d254b544c9b458c3d09ef85d/execute/async - {"script":"<script> [1562 bytes]","args":[{"selector":{"controlType":"sap.m.SearchField","properties":{"placeholder":"Search"},"searchOpenDialogs":true,"interaction":{"idSuffix":"I"}},"wdio_ui5_key":"sapm.SearchField{\"placeholder\":\"Search\"}"}]}
RESULT: {"script":"<script> [1562 bytes]","args":[{"selector":{"controlType":"sap.m.SearchField","properties":{"placeholder":"Search"},"searchOpenDialogs":true,"interaction":{"idSuffix":"I"}},"wdio_ui5_key":"sapm.SearchField{\"placeholder\":\"Search\"}"}]}
RESULT: undefined
COMMAND: POST /session/00fbe995d254b544c9b458c3d09ef85d/execute/async - {"script":"<script> [776 bytes]","args":[{"enterText":"4000360","selector":{"controlType":"sap.m.SearchField","properties":{"placeholder":"Search"},"searchOpenDialogs":true,"interaction":{"idSuffix":"I"}},"clearTextFirst":true,"interactionType":"ENTER_TEXT"}]}
RESULT: {"script":"<script> [776 bytes]","args":[{"enterText":"4000360","selector":{"controlType":"sap.m.SearchField","properties":{"placeholder":"Search"},"searchOpenDialogs":true,"interaction":{"idSuffix":"I"}},"clearTextFirst":true,"interactionType":"ENTER_TEXT"}]}
COMMAND: POST /session/00fbe995d254b544c9b458c3d09ef85d/actions - {"actions":[{"id":"action39","type":"key","parameters":{},"actions":[{"type":"keyDown","value":"î€‡"},{"type":"pause","duration":10},{"type":"keyUp","value":"î€‡"}]}]}
RESULT: {"actions":[{"id":"action39","type":"key","parameters":{},"actions":[{"type":"keyDown","value":"î€‡"},{"type":"pause","duration":10},{"type":"keyUp","value":"î€‡"}]}]}
COMMAND: GET /session/00fbe995d254b544c9b458c3d09ef85d/screenshot - {}
RESULT: {}
COMMAND: POST /session/00fbe995d254b544c9b458c3d09ef85d/element - {"using":"xpath","value":"//td/div/span[contains(text(), \"BGL Vehicles\")]"}
RESULT: {"using":"xpath","value":"//td/div/span[contains(text(), \"BGL Vehicles\")]"}
COMMAND: POST /session/00fbe995d254b544c9b458c3d09ef85d/element/f.5B10500533936BC34E48C94F23BC04CA.d.9A107422CED3208C15D2FC4CFC718B96.e.9640/click - {}
RESULT: {}
COMMAND: GET /session/00fbe995d254b544c9b458c3d09ef85d/screenshot - {}
RESULT: {}
COMMAND: POST /session/00fbe995d254b544c9b458c3d09ef85d/element - {"using":"xpath","value":"//bdi[contains(text(), \"OK\")]"}
RESULT: {"using":"xpath","value":"//bdi[contains(text(), \"OK\")]"}
COMMAND: POST /session/00fbe995d254b544c9b458c3d09ef85d/element/f.5B10500533936BC34E48C94F23BC04CA.d.9A107422CED3208C15D2FC4CFC718B96.e.9641/click - {}
RESULT: {}
COMMAND: GET /session/00fbe995d254b544c9b458c3d09ef85d/screenshot - {}
RESULT: {}
COMMAND: POST /session/00fbe995d254b544c9b458c3d09ef85d/execute/async - {"script":"<script> [1562 bytes]","args":[{"selector":{"id":"application-manageresources-display-component---newResourceUnit--newRRUPage-anchBar-application-manageresources-display-component---newResourceUnit--resource-anchor","interaction":{"idSuffix":"BDI-content"}},"wdio_ui5_key":"applicationmanageresources-display-component---newResourceUnit--newRRUPage-anchBar-application-manageresources-display-component---newResourceUnit--resource-anchor"}]}
RESULT: {"script":"<script> [1562 bytes]","args":[{"selector":{"id":"application-manageresources-display-component---newResourceUnit--newRRUPage-anchBar-application-manageresources-display-component---newResourceUnit--resource-anchor","interaction":{"idSuffix":"BDI-content"}},"wdio_ui5_key":"applicationmanageresources-display-component---newResourceUnit--newRRUPage-anchBar-application-manageresources-display-component---newResourceUnit--resource-anchor"}]}
RESULT: undefined
COMMAND: POST /session/00fbe995d254b544c9b458c3d09ef85d/element - {"using":"xpath","value":"//*[@id=\"application-manageresources-display-component---newResourceUnit--newRRUPage-anchBar-application-manageresources-display-component---newResourceUnit--resource-anchor\"]"}
RESULT: {"using":"xpath","value":"//*[@id=\"application-manageresources-display-component---newResourceUnit--newRRUPage-anchBar-application-manageresources-display-component---newResourceUnit--resource-anchor\"]"}
COMMAND: POST /session/00fbe995d254b544c9b458c3d09ef85d/element/f.5B10500533936BC34E48C94F23BC04CA.d.9A107422CED3208C15D2FC4CFC718B96.e.9645/click - {}
RESULT: {}
COMMAND: POST /session/00fbe995d254b544c9b458c3d09ef85d/execute/async - {"script":"<script> [1562 bytes]","args":[{"selector":{"id":"application-manageresources-display-component---newResourceUnit--PLANNED_DELIVERY_DATE","interaction":{"idSuffix":"inner"}},"wdio_ui5_key":"applicationmanageresources-display-component---newResourceUnit--PLANNED_DELIVERY_DATE"}]}
COMMAND: GET /session/00fbe995d254b544c9b458c3d09ef85d/screenshot - {}
RESULT: {"script":"<script> [1562 bytes]","args":[{"selector":{"id":"application-manageresources-display-component---newResourceUnit--PLANNED_DELIVERY_DATE","interaction":{"idSuffix":"inner"}},"wdio_ui5_key":"applicationmanageresources-display-component---newResourceUnit--PLANNED_DELIVERY_DATE"}]}
RESULT: undefined
COMMAND: POST /session/00fbe995d254b544c9b458c3d09ef85d/execute/async - {"script":"<script> [6424 bytes]","args":[{"element-6066-11e4-a52e-4f735466cecf":"f.5B10500533936BC34E48C94F23BC04CA.d.9A107422CED3208C15D2FC4CFC718B96.e.9508"},"setValue",["5/13/25"]]}
RESULT: {}
RESULT: {"script":"<script> [6424 bytes]","args":[{"element-6066-11e4-a52e-4f735466cecf":"f.5B10500533936BC34E48C94F23BC04CA.d.9A107422CED3208C15D2FC4CFC718B96.e.9508"},"setValue",["5/13/25"]]}
COMMAND: POST /session/00fbe995d254b544c9b458c3d09ef85d/element - {"using":"xpath","value":"//label[contains(@class, 'sapMLabelRequired') and .//bdi[contains(text(), 'Planned Retirement')]]"}
RESULT: {"using":"xpath","value":"//label[contains(@class, 'sapMLabelRequired') and .//bdi[contains(text(), 'Planned Retirement')]]"}
COMMAND: POST /session/00fbe995d254b544c9b458c3d09ef85d/elements - {"using":"xpath","value":"//label[contains(@class, 'sapMLabelRequired') and .//bdi[contains(text(), 'Planned Retirement')]]"}
RESULT: {"using":"xpath","value":"//label[contains(@class, 'sapMLabelRequired') and .//bdi[contains(text(), 'Planned Retirement')]]"}
COMMAND: POST /session/00fbe995d254b544c9b458c3d09ef85d/element - {"using":"xpath","value":"//button[@data-kt=\"resourceUnitSaveButton\"]"}
RESULT: {"using":"xpath","value":"//button[@data-kt=\"resourceUnitSaveButton\"]"}
COMMAND: POST /session/00fbe995d254b544c9b458c3d09ef85d/element/f.5B10500533936BC34E48C94F23BC04CA.d.9A107422CED3208C15D2FC4CFC718B96.e.9469/click - {}
RESULT: {}
COMMAND: GET /session/00fbe995d254b544c9b458c3d09ef85d/screenshot - {}
RESULT: {}
COMMAND: POST /session/00fbe995d254b544c9b458c3d09ef85d/element - {"using":"xpath","value":"//bdi[contains(text(), \"Close\")]"}
RESULT: {"using":"xpath","value":"//bdi[contains(text(), \"Close\")]"}
COMMAND: POST /session/00fbe995d254b544c9b458c3d09ef85d/element/f.5B10500533936BC34E48C94F23BC04CA.d.9A107422CED3208C15D2FC4CFC718B96.e.9653/click - {}
RESULT: {}
COMMAND: GET /session/00fbe995d254b544c9b458c3d09ef85d/screenshot - {}
RESULT: {}
COMMAND: POST /session/00fbe995d254b544c9b458c3d09ef85d/element - {"using":"xpath","value":"(//button[contains(@id ,\"actionsToolbar-overflowButton\")])[1]"}
RESULT: {"using":"xpath","value":"(//button[contains(@id ,\"actionsToolbar-overflowButton\")])[1]"}
COMMAND: POST /session/00fbe995d254b544c9b458c3d09ef85d/element/f.5B10500533936BC34E48C94F23BC04CA.d.9A107422CED3208C15D2FC4CFC718B96.e.9684/click - {}
RESULT: {}
COMMAND: GET /session/00fbe995d254b544c9b458c3d09ef85d/screenshot - {}
RESULT: {}
COMMAND: POST /session/00fbe995d254b544c9b458c3d09ef85d/element - {"using":"xpath","value":"//button[@data-kt=\"priceInfoButton\"]"}
RESULT: {"using":"xpath","value":"//button[@data-kt=\"priceInfoButton\"]"}
COMMAND: POST /session/00fbe995d254b544c9b458c3d09ef85d/element/f.5B10500533936BC34E48C94F23BC04CA.d.9A107422CED3208C15D2FC4CFC718B96.e.9686/click - {}
RESULT: {}
COMMAND: GET /session/00fbe995d254b544c9b458c3d09ef85d/screenshot - {}
]]></system-out>
    </testcase>
    <testcase classname="chrome.136_0_7103_49.windows.Billing_transfer_US117289" name="Should create new pricing rule" time="49.677">
      <system-out><![CDATA[
COMMAND: POST /session/00fbe995d254b544c9b458c3d09ef85d/element - {"using":"xpath","value":"//button[@data-kt=\"addButton\"]"}
RESULT: {}
RESULT: {"using":"xpath","value":"//button[@data-kt=\"addButton\"]"}
COMMAND: POST /session/00fbe995d254b544c9b458c3d09ef85d/elements - {"using":"xpath","value":"//button[@data-kt=\"addButton\"]"}
RESULT: {"using":"xpath","value":"//button[@data-kt=\"addButton\"]"}
COMMAND: POST /session/00fbe995d254b544c9b458c3d09ef85d/execute/sync - {"script":"<script> [8489 bytes]","args":[{"element-6066-11e4-a52e-4f735466cecf":"f.5B10500533936BC34E48C94F23BC04CA.d.9A107422CED3208C15D2FC4CFC718B96.e.9726","ELEMENT":"f.5B10500533936BC34E48C94F23BC04CA.d.9A107422CED3208C15D2FC4CFC718B96.e.9726"}]}
RESULT: {"script":"<script> [8489 bytes]","args":[{"element-6066-11e4-a52e-4f735466cecf":"f.5B10500533936BC34E48C94F23BC04CA.d.9A107422CED3208C15D2FC4CFC718B96.e.9726","ELEMENT":"f.5B10500533936BC34E48C94F23BC04CA.d.9A107422CED3208C15D2FC4CFC718B96.e.9726"}]}
COMMAND: GET /session/00fbe995d254b544c9b458c3d09ef85d/element/f.5B10500533936BC34E48C94F23BC04CA.d.9A107422CED3208C15D2FC4CFC718B96.e.9726/enabled - {}
COMMAND: GET /session/00fbe995d254b544c9b458c3d09ef85d/screenshot - {}
RESULT: {}
COMMAND: POST /session/00fbe995d254b544c9b458c3d09ef85d/execute/sync - {"script":"<script> [8489 bytes]","args":[{"element-6066-11e4-a52e-4f735466cecf":"f.5B10500533936BC34E48C94F23BC04CA.d.9A107422CED3208C15D2FC4CFC718B96.e.9726","ELEMENT":"f.5B10500533936BC34E48C94F23BC04CA.d.9A107422CED3208C15D2FC4CFC718B96.e.9726"}]}
COMMAND: GET /session/00fbe995d254b544c9b458c3d09ef85d/screenshot - {}
RESULT: {}
RESULT: {"script":"<script> [8489 bytes]","args":[{"element-6066-11e4-a52e-4f735466cecf":"f.5B10500533936BC34E48C94F23BC04CA.d.9A107422CED3208C15D2FC4CFC718B96.e.9726","ELEMENT":"f.5B10500533936BC34E48C94F23BC04CA.d.9A107422CED3208C15D2FC4CFC718B96.e.9726"}]}
COMMAND: POST /session/00fbe995d254b544c9b458c3d09ef85d/execute/sync - {"script":"<script> [5351 bytes]","args":[{"element-6066-11e4-a52e-4f735466cecf":"f.5B10500533936BC34E48C94F23BC04CA.d.9A107422CED3208C15D2FC4CFC718B96.e.9726","ELEMENT":"f.5B10500533936BC34E48C94F23BC04CA.d.9A107422CED3208C15D2FC4CFC718B96.e.9726"}]}
COMMAND: GET /session/00fbe995d254b544c9b458c3d09ef85d/screenshot - {}
RESULT: {}
RESULT: {"script":"<script> [5351 bytes]","args":[{"element-6066-11e4-a52e-4f735466cecf":"f.5B10500533936BC34E48C94F23BC04CA.d.9A107422CED3208C15D2FC4CFC718B96.e.9726","ELEMENT":"f.5B10500533936BC34E48C94F23BC04CA.d.9A107422CED3208C15D2FC4CFC718B96.e.9726"}]}
COMMAND: POST /session/00fbe995d254b544c9b458c3d09ef85d/element/f.5B10500533936BC34E48C94F23BC04CA.d.9A107422CED3208C15D2FC4CFC718B96.e.9726/click - {}
COMMAND: GET /session/00fbe995d254b544c9b458c3d09ef85d/screenshot - {}
RESULT: {}
RESULT: {}
COMMAND: GET /session/00fbe995d254b544c9b458c3d09ef85d/screenshot - {}
RESULT: {}
RESULT: {}
COMMAND: POST /session/00fbe995d254b544c9b458c3d09ef85d/execute/async - {"script":"<script> [1562 bytes]","args":[{"selector":{"controlType":"sap.m.Title","viewName":"etm.portal.ui.managepricingrules.view.NewItem","viewId":"application-managepricingrules-display-component---newInfoPriceItem","properties":{"text":"New Pricing Rules - Item Level"}},"wdio_ui5_key":"etmportal.ui.managepricingrules.view.NewItemsap.m.Title{\"text\":\"New Pricing Rules - Item Level\"}"}]}
RESULT: {"script":"<script> [1562 bytes]","args":[{"selector":{"controlType":"sap.m.Title","viewName":"etm.portal.ui.managepricingrules.view.NewItem","viewId":"application-managepricingrules-display-component---newInfoPriceItem","properties":{"text":"New Pricing Rules - Item Level"}},"wdio_ui5_key":"etmportal.ui.managepricingrules.view.NewItemsap.m.Title{\"text\":\"New Pricing Rules - Item Level\"}"}]}
RESULT: undefined
COMMAND: POST /session/00fbe995d254b544c9b458c3d09ef85d/execute/async - {"script":"<script> [6424 bytes]","args":[{"element-6066-11e4-a52e-4f735466cecf":"f.5B10500533936BC34E48C94F23BC04CA.d.9A107422CED3208C15D2FC4CFC718B96.e.9902"},"getText",[]]}
RESULT: {"script":"<script> [6424 bytes]","args":[{"element-6066-11e4-a52e-4f735466cecf":"f.5B10500533936BC34E48C94F23BC04CA.d.9A107422CED3208C15D2FC4CFC718B96.e.9902"},"getText",[]]}
COMMAND: POST /session/00fbe995d254b544c9b458c3d09ef85d/execute/async - {"script":"<script> [1562 bytes]","args":[{"selector":{"id":"application-managepricingrules-display-component---newInfoPriceItem--condValidTo","interaction":{"idSuffix":"inner"}},"wdio_ui5_key":"applicationmanagepricingrules-display-component---newInfoPriceItem--condValidTo"}]}
RESULT: {"script":"<script> [1562 bytes]","args":[{"selector":{"id":"application-managepricingrules-display-component---newInfoPriceItem--condValidTo","interaction":{"idSuffix":"inner"}},"wdio_ui5_key":"applicationmanagepricingrules-display-component---newInfoPriceItem--condValidTo"}]}
RESULT: undefined
COMMAND: POST /session/00fbe995d254b544c9b458c3d09ef85d/execute/async - {"script":"<script> [776 bytes]","args":[{"enterText":"01/13/26","selector":{"id":"application-managepricingrules-display-component---newInfoPriceItem--condValidTo","interaction":{"idSuffix":"inner"}},"clearTextFirst":true,"interactionType":"ENTER_TEXT"}]}
RESULT: {"script":"<script> [776 bytes]","args":[{"enterText":"01/13/26","selector":{"id":"application-managepricingrules-display-component---newInfoPriceItem--condValidTo","interaction":{"idSuffix":"inner"}},"clearTextFirst":true,"interactionType":"ENTER_TEXT"}]}
COMMAND: POST /session/00fbe995d254b544c9b458c3d09ef85d/execute/async - {"script":"<script> [1562 bytes]","args":[{"selector":{"id":"application-managepricingrules-display-component---newInfoPriceItem--billType-arrow"},"wdio_ui5_key":"applicationmanagepricingrules-display-component---newInfoPriceItem--billType-arrow"}]}
RESULT: {"script":"<script> [1562 bytes]","args":[{"selector":{"id":"application-managepricingrules-display-component---newInfoPriceItem--billType-arrow"},"wdio_ui5_key":"applicationmanagepricingrules-display-component---newInfoPriceItem--billType-arrow"}]}
RESULT: undefined
COMMAND: POST /session/00fbe995d254b544c9b458c3d09ef85d/element - {"using":"xpath","value":"//*[@id=\"application-managepricingrules-display-component---newInfoPriceItem--billType-arrow\"]"}
RESULT: {"using":"xpath","value":"//*[@id=\"application-managepricingrules-display-component---newInfoPriceItem--billType-arrow\"]"}
COMMAND: POST /session/00fbe995d254b544c9b458c3d09ef85d/element/f.5B10500533936BC34E48C94F23BC04CA.d.9A107422CED3208C15D2FC4CFC718B96.e.9856/click - {}
RESULT: {}
COMMAND: POST /session/00fbe995d254b544c9b458c3d09ef85d/element - {"using":"xpath","value":"//span[contains(text(), \"TB - Time based\")]"}
COMMAND: GET /session/00fbe995d254b544c9b458c3d09ef85d/screenshot - {}
RESULT: {"using":"xpath","value":"//span[contains(text(), \"TB - Time based\")]"}
COMMAND: POST /session/00fbe995d254b544c9b458c3d09ef85d/element/f.5B10500533936BC34E48C94F23BC04CA.d.9A107422CED3208C15D2FC4CFC718B96.e.9904/click - {}
RESULT: {}
RESULT: {}
COMMAND: POST /session/00fbe995d254b544c9b458c3d09ef85d/execute/async - {"script":"<script> [1562 bytes]","args":[{"selector":{"id":"application-managepricingrules-display-component---newInfoPriceItem--priceProc-arrow"},"wdio_ui5_key":"applicationmanagepricingrules-display-component---newInfoPriceItem--priceProc-arrow"}]}
COMMAND: GET /session/00fbe995d254b544c9b458c3d09ef85d/screenshot - {}
RESULT: {"script":"<script> [1562 bytes]","args":[{"selector":{"id":"application-managepricingrules-display-component---newInfoPriceItem--priceProc-arrow"},"wdio_ui5_key":"applicationmanagepricingrules-display-component---newInfoPriceItem--priceProc-arrow"}]}
RESULT: undefined
COMMAND: POST /session/00fbe995d254b544c9b458c3d09ef85d/element - {"using":"xpath","value":"//*[@id=\"application-managepricingrules-display-component---newInfoPriceItem--priceProc-arrow\"]"}
RESULT: {}
RESULT: {"using":"xpath","value":"//*[@id=\"application-managepricingrules-display-component---newInfoPriceItem--priceProc-arrow\"]"}
COMMAND: POST /session/00fbe995d254b544c9b458c3d09ef85d/element/f.5B10500533936BC34E48C94F23BC04CA.d.9A107422CED3208C15D2FC4CFC718B96.e.9863/click - {}
RESULT: {}
COMMAND: POST /session/00fbe995d254b544c9b458c3d09ef85d/element - {"using":"xpath","value":"//span[contains(text(), \"TBS - Time based standard\")]"}
COMMAND: GET /session/00fbe995d254b544c9b458c3d09ef85d/screenshot - {}
RESULT: {"using":"xpath","value":"//span[contains(text(), \"TBS - Time based standard\")]"}
COMMAND: POST /session/00fbe995d254b544c9b458c3d09ef85d/element/f.5B10500533936BC34E48C94F23BC04CA.d.9A107422CED3208C15D2FC4CFC718B96.e.9905/click - {}
RESULT: {}
RESULT: {}
COMMAND: POST /session/00fbe995d254b544c9b458c3d09ef85d/execute/async - {"script":"<script> [1562 bytes]","args":[{"selector":{"id":"application-managepricingrules-display-component---newInfoPriceItem--calcBase-arrow"},"wdio_ui5_key":"applicationmanagepricingrules-display-component---newInfoPriceItem--calcBase-arrow"}]}
COMMAND: GET /session/00fbe995d254b544c9b458c3d09ef85d/screenshot - {}
RESULT: {"script":"<script> [1562 bytes]","args":[{"selector":{"id":"application-managepricingrules-display-component---newInfoPriceItem--calcBase-arrow"},"wdio_ui5_key":"applicationmanagepricingrules-display-component---newInfoPriceItem--calcBase-arrow"}]}
RESULT: undefined
COMMAND: POST /session/00fbe995d254b544c9b458c3d09ef85d/element - {"using":"xpath","value":"//*[@id=\"application-managepricingrules-display-component---newInfoPriceItem--calcBase-arrow\"]"}
RESULT: {}
RESULT: {"using":"xpath","value":"//*[@id=\"application-managepricingrules-display-component---newInfoPriceItem--calcBase-arrow\"]"}
COMMAND: POST /session/00fbe995d254b544c9b458c3d09ef85d/element/f.5B10500533936BC34E48C94F23BC04CA.d.9A107422CED3208C15D2FC4CFC718B96.e.9870/click - {}
RESULT: {}
COMMAND: GET /session/00fbe995d254b544c9b458c3d09ef85d/screenshot - {}
RESULT: {}
COMMAND: POST /session/00fbe995d254b544c9b458c3d09ef85d/element - {"using":"xpath","value":"//span[contains(text(), \"0006 - TB(calendar days)\")]"}
RESULT: {"using":"xpath","value":"//span[contains(text(), \"0006 - TB(calendar days)\")]"}
COMMAND: POST /session/00fbe995d254b544c9b458c3d09ef85d/element/f.5B10500533936BC34E48C94F23BC04CA.d.9A107422CED3208C15D2FC4CFC718B96.e.9906/click - {}
RESULT: {}
COMMAND: GET /session/00fbe995d254b544c9b458c3d09ef85d/screenshot - {}
RESULT: {}
COMMAND: POST /session/00fbe995d254b544c9b458c3d09ef85d/execute/async - {"script":"<script> [1562 bytes]","args":[{"selector":{"id":"application-managepricingrules-display-component---newInfoPriceItem--daysMonth","interaction":{"idSuffix":"inner"}},"wdio_ui5_key":"applicationmanagepricingrules-display-component---newInfoPriceItem--daysMonth"}]}
RESULT: {"script":"<script> [1562 bytes]","args":[{"selector":{"id":"application-managepricingrules-display-component---newInfoPriceItem--daysMonth","interaction":{"idSuffix":"inner"}},"wdio_ui5_key":"applicationmanagepricingrules-display-component---newInfoPriceItem--daysMonth"}]}
RESULT: undefined
COMMAND: POST /session/00fbe995d254b544c9b458c3d09ef85d/execute/async - {"script":"<script> [776 bytes]","args":[{"enterText":"30","selector":{"id":"application-managepricingrules-display-component---newInfoPriceItem--daysMonth","interaction":{"idSuffix":"inner"}},"clearTextFirst":true,"interactionType":"ENTER_TEXT"}]}
RESULT: {"script":"<script> [776 bytes]","args":[{"enterText":"30","selector":{"id":"application-managepricingrules-display-component---newInfoPriceItem--daysMonth","interaction":{"idSuffix":"inner"}},"clearTextFirst":true,"interactionType":"ENTER_TEXT"}]}
COMMAND: POST /session/00fbe995d254b544c9b458c3d09ef85d/element - {"using":"xpath","value":"//button[@data-kt=\"saveNewRuleButton\"]"}
RESULT: {"using":"xpath","value":"//button[@data-kt=\"saveNewRuleButton\"]"}
COMMAND: POST /session/00fbe995d254b544c9b458c3d09ef85d/element/f.5B10500533936BC34E48C94F23BC04CA.d.9A107422CED3208C15D2FC4CFC718B96.e.9890/click - {}
RESULT: {}
COMMAND: GET /session/00fbe995d254b544c9b458c3d09ef85d/screenshot - {}
RESULT: {}
COMMAND: POST /session/00fbe995d254b544c9b458c3d09ef85d/execute/async - {"script":"<script> [1562 bytes]","args":[{"selector":{"id":"application-managepricingrules-display-component---priceInfoItem--smartFilterBar-btnBasicSearch","interaction":{"idSuffix":"I"}},"wdio_ui5_key":"applicationmanagepricingrules-display-component---priceInfoItem--smartFilterBar-btnBasicSearch"}]}
RESULT: {"script":"<script> [1562 bytes]","args":[{"selector":{"id":"application-managepricingrules-display-component---priceInfoItem--smartFilterBar-btnBasicSearch","interaction":{"idSuffix":"I"}},"wdio_ui5_key":"applicationmanagepricingrules-display-component---priceInfoItem--smartFilterBar-btnBasicSearch"}]}
RESULT: undefined
COMMAND: POST /session/00fbe995d254b544c9b458c3d09ef85d/execute/async - {"script":"<script> [776 bytes]","args":[{"enterText":"veVP2fMHvT","selector":{"id":"application-managepricingrules-display-component---priceInfoItem--smartFilterBar-btnBasicSearch","interaction":{"idSuffix":"I"}},"clearTextFirst":true,"interactionType":"ENTER_TEXT"}]}
RESULT: {"script":"<script> [776 bytes]","args":[{"enterText":"veVP2fMHvT","selector":{"id":"application-managepricingrules-display-component---priceInfoItem--smartFilterBar-btnBasicSearch","interaction":{"idSuffix":"I"}},"clearTextFirst":true,"interactionType":"ENTER_TEXT"}]}
COMMAND: POST /session/00fbe995d254b544c9b458c3d09ef85d/actions - {"actions":[{"id":"action40","type":"key","parameters":{},"actions":[{"type":"keyDown","value":"î€‡"},{"type":"pause","duration":10},{"type":"keyUp","value":"î€‡"}]}]}
RESULT: {"actions":[{"id":"action40","type":"key","parameters":{},"actions":[{"type":"keyDown","value":"î€‡"},{"type":"pause","duration":10},{"type":"keyUp","value":"î€‡"}]}]}
COMMAND: GET /session/00fbe995d254b544c9b458c3d09ef85d/screenshot - {}
RESULT: {}
COMMAND: POST /session/00fbe995d254b544c9b458c3d09ef85d/element - {"using":"xpath","value":"//span[@id=\"application-managepricingrules-display-component---priceInfoItem--smartTable-header-inner\"]"}
RESULT: {"using":"xpath","value":"//span[@id=\"application-managepricingrules-display-component---priceInfoItem--smartTable-header-inner\"]"}
COMMAND: POST /session/00fbe995d254b544c9b458c3d09ef85d/elements - {"using":"xpath","value":"//span[@id=\"application-managepricingrules-display-component---priceInfoItem--smartTable-header-inner\"]"}
RESULT: {"using":"xpath","value":"//span[@id=\"application-managepricingrules-display-component---priceInfoItem--smartTable-header-inner\"]"}
COMMAND: POST /session/00fbe995d254b544c9b458c3d09ef85d/execute/sync - {"script":"<script> [56 bytes]","args":[{"element-6066-11e4-a52e-4f735466cecf":"f.5B10500533936BC34E48C94F23BC04CA.d.9A107422CED3208C15D2FC4CFC718B96.e.9930","ELEMENT":"f.5B10500533936BC34E48C94F23BC04CA.d.9A107422CED3208C15D2FC4CFC718B96.e.9930"}]}
RESULT: {"script":"<script> [56 bytes]","args":[{"element-6066-11e4-a52e-4f735466cecf":"f.5B10500533936BC34E48C94F23BC04CA.d.9A107422CED3208C15D2FC4CFC718B96.e.9930","ELEMENT":"f.5B10500533936BC34E48C94F23BC04CA.d.9A107422CED3208C15D2FC4CFC718B96.e.9930"}]}
COMMAND: POST /session/00fbe995d254b544c9b458c3d09ef85d/element - {"using":"css selector","value":"#shell-header-logo"}
COMMAND: GET /session/00fbe995d254b544c9b458c3d09ef85d/screenshot - {}
RESULT: {"using":"css selector","value":"#shell-header-logo"}
COMMAND: POST /session/00fbe995d254b544c9b458c3d09ef85d/element/f.5B10500533936BC34E48C94F23BC04CA.d.9A107422CED3208C15D2FC4CFC718B96.e.9057/click - {}
RESULT: {}
RESULT: {}
COMMAND: GET /session/00fbe995d254b544c9b458c3d09ef85d/screenshot - {}
RESULT: {}
]]></system-out>
    </testcase>
    <testcase classname="chrome.136_0_7103_49.windows.Billing_transfer_US117289" name="Should create new condition for equipment" time="64.067">
      <system-out><![CDATA[
COMMAND: POST /session/00fbe995d254b544c9b458c3d09ef85d/execute/async - {"script":"<script> [1562 bytes]","args":[{"selector":{"controlType":"sap.m.Text","properties":{"text":"Manage Conditions & Prices"},"interaction":{"idSuffix":"inner"}},"wdio_ui5_key":"sapm.Text{\"text\":\"Manage Conditions & Prices\"}"}]}
RESULT: {"script":"<script> [1562 bytes]","args":[{"selector":{"controlType":"sap.m.Text","properties":{"text":"Manage Conditions & Prices"},"interaction":{"idSuffix":"inner"}},"wdio_ui5_key":"sapm.Text{\"text\":\"Manage Conditions & Prices\"}"}]}
RESULT: undefined
COMMAND: POST /session/00fbe995d254b544c9b458c3d09ef85d/element - {"using":"xpath","value":"//*[@id=\"__tile53-title\"]"}
RESULT: {"using":"xpath","value":"//*[@id=\"__tile53-title\"]"}
COMMAND: POST /session/00fbe995d254b544c9b458c3d09ef85d/element/f.5B10500533936BC34E48C94F23BC04CA.d.9A107422CED3208C15D2FC4CFC718B96.e.9933/click - {}
RESULT: {}
COMMAND: POST /session/00fbe995d254b544c9b458c3d09ef85d/element - {"using":"xpath","value":"//button[@aria-label=\"Create\"]"}
COMMAND: GET /session/00fbe995d254b544c9b458c3d09ef85d/screenshot - {}
RESULT: {"using":"xpath","value":"//button[@aria-label=\"Create\"]"}
COMMAND: POST /session/00fbe995d254b544c9b458c3d09ef85d/elements - {"using":"xpath","value":"//button[@aria-label=\"Create\"]"}
RESULT: {}
RESULT: {"using":"xpath","value":"//button[@aria-label=\"Create\"]"}
COMMAND: POST /session/00fbe995d254b544c9b458c3d09ef85d/elements - {"using":"xpath","value":"//button[@aria-label=\"Create\"]"}
RESULT: {"using":"xpath","value":"//button[@aria-label=\"Create\"]"}
COMMAND: POST /session/00fbe995d254b544c9b458c3d09ef85d/elements - {"using":"xpath","value":"//button[@aria-label=\"Create\"]"}
RESULT: {"using":"xpath","value":"//button[@aria-label=\"Create\"]"}
COMMAND: POST /session/00fbe995d254b544c9b458c3d09ef85d/elements - {"using":"xpath","value":"//button[@aria-label=\"Create\"]"}
RESULT: {"using":"xpath","value":"//button[@aria-label=\"Create\"]"}
COMMAND: POST /session/00fbe995d254b544c9b458c3d09ef85d/elements - {"using":"xpath","value":"//button[@aria-label=\"Create\"]"}
RESULT: {"using":"xpath","value":"//button[@aria-label=\"Create\"]"}
COMMAND: POST /session/00fbe995d254b544c9b458c3d09ef85d/elements - {"using":"xpath","value":"//button[@aria-label=\"Create\"]"}
RESULT: {"using":"xpath","value":"//button[@aria-label=\"Create\"]"}
COMMAND: POST /session/00fbe995d254b544c9b458c3d09ef85d/elements - {"using":"xpath","value":"//button[@aria-label=\"Create\"]"}
RESULT: {"using":"xpath","value":"//button[@aria-label=\"Create\"]"}
COMMAND: POST /session/00fbe995d254b544c9b458c3d09ef85d/elements - {"using":"xpath","value":"//button[@aria-label=\"Create\"]"}
RESULT: {"using":"xpath","value":"//button[@aria-label=\"Create\"]"}
COMMAND: POST /session/00fbe995d254b544c9b458c3d09ef85d/elements - {"using":"xpath","value":"//button[@aria-label=\"Create\"]"}
RESULT: {"using":"xpath","value":"//button[@aria-label=\"Create\"]"}
COMMAND: POST /session/00fbe995d254b544c9b458c3d09ef85d/elements - {"using":"xpath","value":"//button[@aria-label=\"Create\"]"}
RESULT: {"using":"xpath","value":"//button[@aria-label=\"Create\"]"}
COMMAND: POST /session/00fbe995d254b544c9b458c3d09ef85d/elements - {"using":"xpath","value":"//button[@aria-label=\"Create\"]"}
RESULT: {"using":"xpath","value":"//button[@aria-label=\"Create\"]"}
COMMAND: POST /session/00fbe995d254b544c9b458c3d09ef85d/elements - {"using":"xpath","value":"//button[@aria-label=\"Create\"]"}
RESULT: {"using":"xpath","value":"//button[@aria-label=\"Create\"]"}
COMMAND: POST /session/00fbe995d254b544c9b458c3d09ef85d/elements - {"using":"xpath","value":"//button[@aria-label=\"Create\"]"}
RESULT: {"using":"xpath","value":"//button[@aria-label=\"Create\"]"}
COMMAND: POST /session/00fbe995d254b544c9b458c3d09ef85d/elements - {"using":"xpath","value":"//button[@aria-label=\"Create\"]"}
RESULT: {"using":"xpath","value":"//button[@aria-label=\"Create\"]"}
COMMAND: POST /session/00fbe995d254b544c9b458c3d09ef85d/elements - {"using":"xpath","value":"//button[@aria-label=\"Create\"]"}
RESULT: {"using":"xpath","value":"//button[@aria-label=\"Create\"]"}
COMMAND: POST /session/00fbe995d254b544c9b458c3d09ef85d/elements - {"using":"xpath","value":"//button[@aria-label=\"Create\"]"}
RESULT: {"using":"xpath","value":"//button[@aria-label=\"Create\"]"}
COMMAND: POST /session/00fbe995d254b544c9b458c3d09ef85d/elements - {"using":"xpath","value":"//button[@aria-label=\"Create\"]"}
RESULT: {"using":"xpath","value":"//button[@aria-label=\"Create\"]"}
COMMAND: POST /session/00fbe995d254b544c9b458c3d09ef85d/elements - {"using":"xpath","value":"//button[@aria-label=\"Create\"]"}
RESULT: {"using":"xpath","value":"//button[@aria-label=\"Create\"]"}
COMMAND: POST /session/00fbe995d254b544c9b458c3d09ef85d/elements - {"using":"xpath","value":"//button[@aria-label=\"Create\"]"}
RESULT: {"using":"xpath","value":"//button[@aria-label=\"Create\"]"}
COMMAND: POST /session/00fbe995d254b544c9b458c3d09ef85d/elements - {"using":"xpath","value":"//button[@aria-label=\"Create\"]"}
RESULT: {"using":"xpath","value":"//button[@aria-label=\"Create\"]"}
COMMAND: POST /session/00fbe995d254b544c9b458c3d09ef85d/element - {"using":"xpath","value":"//button[@aria-label=\"Create\"]"}
RESULT: {"using":"xpath","value":"//button[@aria-label=\"Create\"]"}
COMMAND: POST /session/00fbe995d254b544c9b458c3d09ef85d/execute/sync - {"script":"<script> [8489 bytes]","args":[{"element-6066-11e4-a52e-4f735466cecf":"f.5B10500533936BC34E48C94F23BC04CA.d.9A107422CED3208C15D2FC4CFC718B96.e.9968","ELEMENT":"f.5B10500533936BC34E48C94F23BC04CA.d.9A107422CED3208C15D2FC4CFC718B96.e.9968"}]}
RESULT: {"script":"<script> [8489 bytes]","args":[{"element-6066-11e4-a52e-4f735466cecf":"f.5B10500533936BC34E48C94F23BC04CA.d.9A107422CED3208C15D2FC4CFC718B96.e.9968","ELEMENT":"f.5B10500533936BC34E48C94F23BC04CA.d.9A107422CED3208C15D2FC4CFC718B96.e.9968"}]}
COMMAND: GET /session/00fbe995d254b544c9b458c3d09ef85d/element/f.5B10500533936BC34E48C94F23BC04CA.d.9A107422CED3208C15D2FC4CFC718B96.e.9968/enabled - {}
COMMAND: GET /session/00fbe995d254b544c9b458c3d09ef85d/screenshot - {}
RESULT: {}
COMMAND: POST /session/00fbe995d254b544c9b458c3d09ef85d/execute/sync - {"script":"<script> [8489 bytes]","args":[{"element-6066-11e4-a52e-4f735466cecf":"f.5B10500533936BC34E48C94F23BC04CA.d.9A107422CED3208C15D2FC4CFC718B96.e.9968","ELEMENT":"f.5B10500533936BC34E48C94F23BC04CA.d.9A107422CED3208C15D2FC4CFC718B96.e.9968"}]}
COMMAND: GET /session/00fbe995d254b544c9b458c3d09ef85d/screenshot - {}
RESULT: {}
RESULT: {"script":"<script> [8489 bytes]","args":[{"element-6066-11e4-a52e-4f735466cecf":"f.5B10500533936BC34E48C94F23BC04CA.d.9A107422CED3208C15D2FC4CFC718B96.e.9968","ELEMENT":"f.5B10500533936BC34E48C94F23BC04CA.d.9A107422CED3208C15D2FC4CFC718B96.e.9968"}]}
COMMAND: POST /session/00fbe995d254b544c9b458c3d09ef85d/execute/sync - {"script":"<script> [5351 bytes]","args":[{"element-6066-11e4-a52e-4f735466cecf":"f.5B10500533936BC34E48C94F23BC04CA.d.9A107422CED3208C15D2FC4CFC718B96.e.9968","ELEMENT":"f.5B10500533936BC34E48C94F23BC04CA.d.9A107422CED3208C15D2FC4CFC718B96.e.9968"}]}
COMMAND: GET /session/00fbe995d254b544c9b458c3d09ef85d/screenshot - {}
RESULT: {}
RESULT: {"script":"<script> [5351 bytes]","args":[{"element-6066-11e4-a52e-4f735466cecf":"f.5B10500533936BC34E48C94F23BC04CA.d.9A107422CED3208C15D2FC4CFC718B96.e.9968","ELEMENT":"f.5B10500533936BC34E48C94F23BC04CA.d.9A107422CED3208C15D2FC4CFC718B96.e.9968"}]}
COMMAND: POST /session/00fbe995d254b544c9b458c3d09ef85d/element/f.5B10500533936BC34E48C94F23BC04CA.d.9A107422CED3208C15D2FC4CFC718B96.e.9968/click - {}
COMMAND: GET /session/00fbe995d254b544c9b458c3d09ef85d/screenshot - {}
RESULT: {}
RESULT: {}
COMMAND: GET /session/00fbe995d254b544c9b458c3d09ef85d/screenshot - {}
RESULT: {}
RESULT: {}
COMMAND: POST /session/00fbe995d254b544c9b458c3d09ef85d/actions - {"actions":[{"id":"action41","type":"key","parameters":{},"actions":[{"type":"keyDown","value":"î€‡"},{"type":"pause","duration":10},{"type":"keyUp","value":"î€‡"}]}]}
RESULT: {"actions":[{"id":"action41","type":"key","parameters":{},"actions":[{"type":"keyDown","value":"î€‡"},{"type":"pause","duration":10},{"type":"keyUp","value":"î€‡"}]}]}
COMMAND: GET /session/00fbe995d254b544c9b458c3d09ef85d/screenshot - {}
RESULT: {}
COMMAND: POST /session/00fbe995d254b544c9b458c3d09ef85d/execute/async - {"script":"<script> [1562 bytes]","args":[{"selector":{"id":"application-manageconditionprice-display-component---newCondition--condBillCond-arrow"},"wdio_ui5_key":"applicationmanageconditionprice-display-component---newCondition--condBillCond-arrow"}]}
RESULT: {"script":"<script> [1562 bytes]","args":[{"selector":{"id":"application-manageconditionprice-display-component---newCondition--condBillCond-arrow"},"wdio_ui5_key":"applicationmanageconditionprice-display-component---newCondition--condBillCond-arrow"}]}
RESULT: undefined
COMMAND: POST /session/00fbe995d254b544c9b458c3d09ef85d/element - {"using":"xpath","value":"//*[@id=\"application-manageconditionprice-display-component---newCondition--condBillCond-arrow\"]"}
RESULT: {"using":"xpath","value":"//*[@id=\"application-manageconditionprice-display-component---newCondition--condBillCond-arrow\"]"}
COMMAND: POST /session/00fbe995d254b544c9b458c3d09ef85d/element/f.5B10500533936BC34E48C94F23BC04CA.d.9A107422CED3208C15D2FC4CFC718B96.e.10144/click - {}
RESULT: {}
COMMAND: GET /session/00fbe995d254b544c9b458c3d09ef85d/screenshot - {}
RESULT: {}
COMMAND: POST /session/00fbe995d254b544c9b458c3d09ef85d/element - {"using":"xpath","value":"//li[.//span[contains(text(), \"DISP - D&I special price\")]]"}
RESULT: {"using":"xpath","value":"//li[.//span[contains(text(), \"DISP - D&I special price\")]]"}
COMMAND: POST /session/00fbe995d254b544c9b458c3d09ef85d/element/f.5B10500533936BC34E48C94F23BC04CA.d.9A107422CED3208C15D2FC4CFC718B96.e.10147/click - {}
RESULT: {}
COMMAND: GET /session/00fbe995d254b544c9b458c3d09ef85d/screenshot - {}
RESULT: {}
COMMAND: POST /session/00fbe995d254b544c9b458c3d09ef85d/execute/async - {"script":"<script> [1562 bytes]","args":[{"selector":{"id":"application-manageconditionprice-display-component---newCondition--condValidTo","interaction":{"idSuffix":"inner"}},"wdio_ui5_key":"applicationmanageconditionprice-display-component---newCondition--condValidTo"}]}
RESULT: {"script":"<script> [1562 bytes]","args":[{"selector":{"id":"application-manageconditionprice-display-component---newCondition--condValidTo","interaction":{"idSuffix":"inner"}},"wdio_ui5_key":"applicationmanageconditionprice-display-component---newCondition--condValidTo"}]}
RESULT: undefined
COMMAND: POST /session/00fbe995d254b544c9b458c3d09ef85d/execute/async - {"script":"<script> [776 bytes]","args":[{"enterText":"01/13/26","selector":{"id":"application-manageconditionprice-display-component---newCondition--condValidTo","interaction":{"idSuffix":"inner"}},"clearTextFirst":true,"interactionType":"ENTER_TEXT"}]}
RESULT: {"script":"<script> [776 bytes]","args":[{"enterText":"01/13/26","selector":{"id":"application-manageconditionprice-display-component---newCondition--condValidTo","interaction":{"idSuffix":"inner"}},"clearTextFirst":true,"interactionType":"ENTER_TEXT"}]}
COMMAND: POST /session/00fbe995d254b544c9b458c3d09ef85d/element - {"using":"xpath","value":"//input[@id=\"application-manageconditionprice-display-component---newCondition--condRU-inner\"]"}
RESULT: {"using":"xpath","value":"//input[@id=\"application-manageconditionprice-display-component---newCondition--condRU-inner\"]"}
COMMAND: POST /session/00fbe995d254b544c9b458c3d09ef85d/element/f.5B10500533936BC34E48C94F23BC04CA.d.9A107422CED3208C15D2FC4CFC718B96.e.10010/clear - {}
RESULT: {}
COMMAND: POST /session/00fbe995d254b544c9b458c3d09ef85d/element/f.5B10500533936BC34E48C94F23BC04CA.d.9A107422CED3208C15D2FC4CFC718B96.e.10010/value - {"text":"veVP2fMHvT"}
COMMAND: GET /session/00fbe995d254b544c9b458c3d09ef85d/screenshot - {}
RESULT: {"text":"veVP2fMHvT"}
COMMAND: GET /session/00fbe995d254b544c9b458c3d09ef85d/screenshot - {}
RESULT: {}
RESULT: {}
COMMAND: POST /session/00fbe995d254b544c9b458c3d09ef85d/actions - {"actions":[{"id":"action42","type":"key","parameters":{},"actions":[{"type":"keyDown","value":"î€‡"},{"type":"pause","duration":10},{"type":"keyUp","value":"î€‡"}]}]}
RESULT: {"actions":[{"id":"action42","type":"key","parameters":{},"actions":[{"type":"keyDown","value":"î€‡"},{"type":"pause","duration":10},{"type":"keyUp","value":"î€‡"}]}]}
COMMAND: POST /session/00fbe995d254b544c9b458c3d09ef85d/execute/async - {"script":"<script> [1562 bytes]","args":[{"selector":{"id":"application-manageconditionprice-display-component---newCondition--condBaseQty","interaction":{"idSuffix":"inner"}},"wdio_ui5_key":"applicationmanageconditionprice-display-component---newCondition--condBaseQty"}]}
COMMAND: GET /session/00fbe995d254b544c9b458c3d09ef85d/screenshot - {}
RESULT: {"script":"<script> [1562 bytes]","args":[{"selector":{"id":"application-manageconditionprice-display-component---newCondition--condBaseQty","interaction":{"idSuffix":"inner"}},"wdio_ui5_key":"applicationmanageconditionprice-display-component---newCondition--condBaseQty"}]}
RESULT: undefined
COMMAND: POST /session/00fbe995d254b544c9b458c3d09ef85d/execute/async - {"script":"<script> [776 bytes]","args":[{"enterText":"1","selector":{"id":"application-manageconditionprice-display-component---newCondition--condBaseQty","interaction":{"idSuffix":"inner"}},"clearTextFirst":true,"interactionType":"ENTER_TEXT"}]}
RESULT: {}
RESULT: {"script":"<script> [776 bytes]","args":[{"enterText":"1","selector":{"id":"application-manageconditionprice-display-component---newCondition--condBaseQty","interaction":{"idSuffix":"inner"}},"clearTextFirst":true,"interactionType":"ENTER_TEXT"}]}
COMMAND: POST /session/00fbe995d254b544c9b458c3d09ef85d/execute/async - {"script":"<script> [1562 bytes]","args":[{"selector":{"id":"application-manageconditionprice-display-component---newCondition--condValue","interaction":{"idSuffix":"inner"}},"wdio_ui5_key":"applicationmanageconditionprice-display-component---newCondition--condValue"}]}
RESULT: {"script":"<script> [1562 bytes]","args":[{"selector":{"id":"application-manageconditionprice-display-component---newCondition--condValue","interaction":{"idSuffix":"inner"}},"wdio_ui5_key":"applicationmanageconditionprice-display-component---newCondition--condValue"}]}
RESULT: undefined
COMMAND: POST /session/00fbe995d254b544c9b458c3d09ef85d/execute/async - {"script":"<script> [776 bytes]","args":[{"enterText":"100","selector":{"id":"application-manageconditionprice-display-component---newCondition--condValue","interaction":{"idSuffix":"inner"}},"clearTextFirst":true,"interactionType":"ENTER_TEXT"}]}
RESULT: {"script":"<script> [776 bytes]","args":[{"enterText":"100","selector":{"id":"application-manageconditionprice-display-component---newCondition--condValue","interaction":{"idSuffix":"inner"}},"clearTextFirst":true,"interactionType":"ENTER_TEXT"}]}
COMMAND: POST /session/00fbe995d254b544c9b458c3d09ef85d/execute/async - {"script":"<script> [1562 bytes]","args":[{"selector":{"id":"application-manageconditionprice-display-component---newCondition--condCurr-arrow"},"wdio_ui5_key":"applicationmanageconditionprice-display-component---newCondition--condCurr-arrow"}]}
RESULT: {"script":"<script> [1562 bytes]","args":[{"selector":{"id":"application-manageconditionprice-display-component---newCondition--condCurr-arrow"},"wdio_ui5_key":"applicationmanageconditionprice-display-component---newCondition--condCurr-arrow"}]}
RESULT: undefined
COMMAND: POST /session/00fbe995d254b544c9b458c3d09ef85d/element - {"using":"xpath","value":"//*[@id=\"application-manageconditionprice-display-component---newCondition--condCurr-arrow\"]"}
RESULT: {"using":"xpath","value":"//*[@id=\"application-manageconditionprice-display-component---newCondition--condCurr-arrow\"]"}
COMMAND: POST /session/00fbe995d254b544c9b458c3d09ef85d/element/f.5B10500533936BC34E48C94F23BC04CA.d.9A107422CED3208C15D2FC4CFC718B96.e.10126/click - {}
RESULT: {}
COMMAND: POST /session/00fbe995d254b544c9b458c3d09ef85d/element - {"using":"xpath","value":"//span[contains(text(), \"Euro\")]"}
COMMAND: GET /session/00fbe995d254b544c9b458c3d09ef85d/screenshot - {}
RESULT: {"using":"xpath","value":"//span[contains(text(), \"Euro\")]"}
COMMAND: POST /session/00fbe995d254b544c9b458c3d09ef85d/element/f.5B10500533936BC34E48C94F23BC04CA.d.9A107422CED3208C15D2FC4CFC718B96.e.10182/click - {}
RESULT: {}
RESULT: {}
COMMAND: POST /session/00fbe995d254b544c9b458c3d09ef85d/element - {"using":"xpath","value":"//button[@data-kt=\"saveButton\"]"}
COMMAND: GET /session/00fbe995d254b544c9b458c3d09ef85d/screenshot - {}
RESULT: {"using":"xpath","value":"//button[@data-kt=\"saveButton\"]"}
COMMAND: POST /session/00fbe995d254b544c9b458c3d09ef85d/element/f.5B10500533936BC34E48C94F23BC04CA.d.9A107422CED3208C15D2FC4CFC718B96.e.10127/click - {}
RESULT: {}
RESULT: {}
COMMAND: GET /session/00fbe995d254b544c9b458c3d09ef85d/screenshot - {}
RESULT: {}
COMMAND: POST /session/00fbe995d254b544c9b458c3d09ef85d/execute/async - {"script":"<script> [1562 bytes]","args":[{"selector":{"id":"application-manageconditionprice-display-component---conditions--smartFilterBar-btnBasicSearch","interaction":{"idSuffix":"I"}},"wdio_ui5_key":"applicationmanageconditionprice-display-component---conditions--smartFilterBar-btnBasicSearch"}]}
RESULT: {"script":"<script> [1562 bytes]","args":[{"selector":{"id":"application-manageconditionprice-display-component---conditions--smartFilterBar-btnBasicSearch","interaction":{"idSuffix":"I"}},"wdio_ui5_key":"applicationmanageconditionprice-display-component---conditions--smartFilterBar-btnBasicSearch"}]}
RESULT: undefined
COMMAND: POST /session/00fbe995d254b544c9b458c3d09ef85d/execute/async - {"script":"<script> [776 bytes]","args":[{"enterText":"veVP2fMHvT","selector":{"id":"application-manageconditionprice-display-component---conditions--smartFilterBar-btnBasicSearch","interaction":{"idSuffix":"I"}},"clearTextFirst":true,"interactionType":"ENTER_TEXT"}]}
RESULT: {"script":"<script> [776 bytes]","args":[{"enterText":"veVP2fMHvT","selector":{"id":"application-manageconditionprice-display-component---conditions--smartFilterBar-btnBasicSearch","interaction":{"idSuffix":"I"}},"clearTextFirst":true,"interactionType":"ENTER_TEXT"}]}
COMMAND: POST /session/00fbe995d254b544c9b458c3d09ef85d/actions - {"actions":[{"id":"action43","type":"key","parameters":{},"actions":[{"type":"keyDown","value":"î€‡"},{"type":"pause","duration":10},{"type":"keyUp","value":"î€‡"}]}]}
RESULT: {"actions":[{"id":"action43","type":"key","parameters":{},"actions":[{"type":"keyDown","value":"î€‡"},{"type":"pause","duration":10},{"type":"keyUp","value":"î€‡"}]}]}
COMMAND: GET /session/00fbe995d254b544c9b458c3d09ef85d/screenshot - {}
RESULT: {}
COMMAND: POST /session/00fbe995d254b544c9b458c3d09ef85d/execute/async - {"script":"<script> [1562 bytes]","args":[{"selector":{"id":"application-manageconditionprice-display-component---conditions--smartFilterBar-filterItemControl_BASIC-BILL_TYPES-vhi"},"wdio_ui5_key":"applicationmanageconditionprice-display-component---conditions--smartFilterBar-filterItemControl_BASIC-BILL_TYPES-vhi"}]}
RESULT: {"script":"<script> [1562 bytes]","args":[{"selector":{"id":"application-manageconditionprice-display-component---conditions--smartFilterBar-filterItemControl_BASIC-BILL_TYPES-vhi"},"wdio_ui5_key":"applicationmanageconditionprice-display-component---conditions--smartFilterBar-filterItemControl_BASIC-BILL_TYPES-vhi"}]}
RESULT: undefined
COMMAND: POST /session/00fbe995d254b544c9b458c3d09ef85d/element - {"using":"xpath","value":"//*[@id=\"application-manageconditionprice-display-component---conditions--smartFilterBar-filterItemControl_BASIC-BILL_TYPES-vhi\"]"}
RESULT: {"using":"xpath","value":"//*[@id=\"application-manageconditionprice-display-component---conditions--smartFilterBar-filterItemControl_BASIC-BILL_TYPES-vhi\"]"}
COMMAND: POST /session/00fbe995d254b544c9b458c3d09ef85d/element/f.5B10500533936BC34E48C94F23BC04CA.d.9A107422CED3208C15D2FC4CFC718B96.e.10288/click - {}
RESULT: {}
COMMAND: POST /session/00fbe995d254b544c9b458c3d09ef85d/execute/async - {"script":"<script> [1562 bytes]","args":[{"selector":{"id":"application-manageconditionprice-display-component---conditions--smartFilterBar-filterItemControl_BASIC-BILL_TYPES-valueHelpDialog-smartFilterBar-btnBasicSearch","searchOpenDialogs":true,"interaction":{"idSuffix":"I"}},"wdio_ui5_key":"applicationmanageconditionprice-display-component---conditions--smartFilterBar-filterItemControl_BASIC-BILL_TYPES-valueHelpDialog-smartFilterBar-btnBasicSearch"}]}
COMMAND: GET /session/00fbe995d254b544c9b458c3d09ef85d/screenshot - {}
RESULT: {"script":"<script> [1562 bytes]","args":[{"selector":{"id":"application-manageconditionprice-display-component---conditions--smartFilterBar-filterItemControl_BASIC-BILL_TYPES-valueHelpDialog-smartFilterBar-btnBasicSearch","searchOpenDialogs":true,"interaction":{"idSuffix":"I"}},"wdio_ui5_key":"applicationmanageconditionprice-display-component---conditions--smartFilterBar-filterItemControl_BASIC-BILL_TYPES-valueHelpDialog-smartFilterBar-btnBasicSearch"}]}
RESULT: undefined
COMMAND: POST /session/00fbe995d254b544c9b458c3d09ef85d/execute/async - {"script":"<script> [776 bytes]","args":[{"enterText":"TB","selector":{"id":"application-manageconditionprice-display-component---conditions--smartFilterBar-filterItemControl_BASIC-BILL_TYPES-valueHelpDialog-smartFilterBar-btnBasicSearch","searchOpenDialogs":true,"interaction":{"idSuffix":"I"}},"clearTextFirst":true,"interactionType":"ENTER_TEXT"}]}
RESULT: {}
RESULT: {"script":"<script> [776 bytes]","args":[{"enterText":"TB","selector":{"id":"application-manageconditionprice-display-component---conditions--smartFilterBar-filterItemControl_BASIC-BILL_TYPES-valueHelpDialog-smartFilterBar-btnBasicSearch","searchOpenDialogs":true,"interaction":{"idSuffix":"I"}},"clearTextFirst":true,"interactionType":"ENTER_TEXT"}]}
COMMAND: POST /session/00fbe995d254b544c9b458c3d09ef85d/actions - {"actions":[{"id":"action44","type":"key","parameters":{},"actions":[{"type":"keyDown","value":"î€‡"},{"type":"pause","duration":10},{"type":"keyUp","value":"î€‡"}]}]}
RESULT: {"actions":[{"id":"action44","type":"key","parameters":{},"actions":[{"type":"keyDown","value":"î€‡"},{"type":"pause","duration":10},{"type":"keyUp","value":"î€‡"}]}]}
COMMAND: GET /session/00fbe995d254b544c9b458c3d09ef85d/screenshot - {}
RESULT: {}
COMMAND: POST /session/00fbe995d254b544c9b458c3d09ef85d/element - {"using":"xpath","value":"//div[contains(@id, 'application-manageconditionprice-display-component---conditions--smartFilterBar-filterItemControl_BASIC-BILL_TYPES-valueHelpDialog-table-rowsel0')]"}
RESULT: {"using":"xpath","value":"//div[contains(@id, 'application-manageconditionprice-display-component---conditions--smartFilterBar-filterItemControl_BASIC-BILL_TYPES-valueHelpDialog-table-rowsel0')]"}
COMMAND: POST /session/00fbe995d254b544c9b458c3d09ef85d/element/f.5B10500533936BC34E48C94F23BC04CA.d.9A107422CED3208C15D2FC4CFC718B96.e.10297/click - {}
RESULT: {}
COMMAND: GET /session/00fbe995d254b544c9b458c3d09ef85d/screenshot - {}
RESULT: {}
COMMAND: POST /session/00fbe995d254b544c9b458c3d09ef85d/element - {"using":"xpath","value":"//bdi[contains(text(), \"OK\")]"}
RESULT: {"using":"xpath","value":"//bdi[contains(text(), \"OK\")]"}
COMMAND: POST /session/00fbe995d254b544c9b458c3d09ef85d/element/f.5B10500533936BC34E48C94F23BC04CA.d.9A107422CED3208C15D2FC4CFC718B96.e.10299/click - {}
RESULT: {}
COMMAND: GET /session/00fbe995d254b544c9b458c3d09ef85d/screenshot - {}
RESULT: {}
COMMAND: POST /session/00fbe995d254b544c9b458c3d09ef85d/element - {"using":"xpath","value":"//span[@id=\"application-manageconditionprice-display-component---conditions--smartTable-header-inner\"]"}
RESULT: {"using":"xpath","value":"//span[@id=\"application-manageconditionprice-display-component---conditions--smartTable-header-inner\"]"}
COMMAND: POST /session/00fbe995d254b544c9b458c3d09ef85d/elements - {"using":"xpath","value":"//span[@id=\"application-manageconditionprice-display-component---conditions--smartTable-header-inner\"]"}
RESULT: {"using":"xpath","value":"//span[@id=\"application-manageconditionprice-display-component---conditions--smartTable-header-inner\"]"}
COMMAND: POST /session/00fbe995d254b544c9b458c3d09ef85d/execute/sync - {"script":"<script> [56 bytes]","args":[{"element-6066-11e4-a52e-4f735466cecf":"f.5B10500533936BC34E48C94F23BC04CA.d.9A107422CED3208C15D2FC4CFC718B96.e.10302","ELEMENT":"f.5B10500533936BC34E48C94F23BC04CA.d.9A107422CED3208C15D2FC4CFC718B96.e.10302"}]}
RESULT: {"script":"<script> [56 bytes]","args":[{"element-6066-11e4-a52e-4f735466cecf":"f.5B10500533936BC34E48C94F23BC04CA.d.9A107422CED3208C15D2FC4CFC718B96.e.10302","ELEMENT":"f.5B10500533936BC34E48C94F23BC04CA.d.9A107422CED3208C15D2FC4CFC718B96.e.10302"}]}
COMMAND: POST /session/00fbe995d254b544c9b458c3d09ef85d/element - {"using":"css selector","value":"#shell-header-logo"}
COMMAND: GET /session/00fbe995d254b544c9b458c3d09ef85d/screenshot - {}
RESULT: {"using":"css selector","value":"#shell-header-logo"}
COMMAND: POST /session/00fbe995d254b544c9b458c3d09ef85d/element/f.5B10500533936BC34E48C94F23BC04CA.d.9A107422CED3208C15D2FC4CFC718B96.e.9935/click - {}
RESULT: {}
RESULT: {}
COMMAND: GET /session/00fbe995d254b544c9b458c3d09ef85d/screenshot - {}
RESULT: {}
]]></system-out>
    </testcase>
  </testsuite>
  <testsuite timestamp="2025-05-13T18:04:21" time="634.178" tests="12" failures="6" errors="6" skipped="0">
    <properties>
      <property name="specId" value="0" />
      <property name="suiteName" value="Create Reverse Billing US127248" />
      <property name="capabilities" value="chrome.136_0_7103_49.windows" />
      <property name="file" value="file:///D:/a/1/s/test/specs/BTS/reverse-billing.spec.js" />
    </properties>
    <testcase classname="chrome.136_0_7103_49.windows.Create_Reverse_Billing_US127248" name="Should create a new yard" time="0.011">
      <system-out><![CDATA[
COMMAND: POST /session/00fbe995d254b544c9b458c3d09ef85d/window/fullscreen - {}
RESULT: {}
]]></system-out>
    </testcase>
    <testcase classname="chrome.136_0_7103_49.windows.Create_Reverse_Billing_US127248" name="Should create a new partner" time="0.004" />
    <testcase classname="chrome.136_0_7103_49.windows.Create_Reverse_Billing_US127248" name="Should create a new site" time="0.003" />
    <testcase classname="chrome.136_0_7103_49.windows.Create_Reverse_Billing_US127248" name="Should create a resource" time="119.481">
      <system-out><![CDATA[
COMMAND: POST /session/00fbe995d254b544c9b458c3d09ef85d/execute/async - {"script":"<script> [1562 bytes]","args":[{"selector":{"controlType":"sap.m.GenericTile","properties":{"header":"Manage Resources"}},"wdio_ui5_key":"sapm.GenericTile{\"header\":\"Manage Resources\"}"}]}
RESULT: {"script":"<script> [1562 bytes]","args":[{"selector":{"controlType":"sap.m.GenericTile","properties":{"header":"Manage Resources"}},"wdio_ui5_key":"sapm.GenericTile{\"header\":\"Manage Resources\"}"}]}
RESULT: undefined
COMMAND: POST /session/00fbe995d254b544c9b458c3d09ef85d/element - {"using":"xpath","value":"//*[@id=\"__tile39\"]"}
RESULT: {"using":"xpath","value":"//*[@id=\"__tile39\"]"}
COMMAND: POST /session/00fbe995d254b544c9b458c3d09ef85d/element/f.5B10500533936BC34E48C94F23BC04CA.d.3B21D98CAF6D068289376D792B4205A1.e.11057/click - {}
RESULT: {}
COMMAND: POST /session/00fbe995d254b544c9b458c3d09ef85d/element - {"using":"xpath","value":"//button[@data-kt=\"addNewRUOverflowToolbarButton\"]"}
COMMAND: GET /session/00fbe995d254b544c9b458c3d09ef85d/screenshot - {}
RESULT: {"using":"xpath","value":"//button[@data-kt=\"addNewRUOverflowToolbarButton\"]"}
COMMAND: POST /session/00fbe995d254b544c9b458c3d09ef85d/elements - {"using":"xpath","value":"//button[@data-kt=\"addNewRUOverflowToolbarButton\"]"}
RESULT: {}
RESULT: {"using":"xpath","value":"//button[@data-kt=\"addNewRUOverflowToolbarButton\"]"}
COMMAND: POST /session/00fbe995d254b544c9b458c3d09ef85d/elements - {"using":"xpath","value":"//button[@data-kt=\"addNewRUOverflowToolbarButton\"]"}
RESULT: {"using":"xpath","value":"//button[@data-kt=\"addNewRUOverflowToolbarButton\"]"}
COMMAND: POST /session/00fbe995d254b544c9b458c3d09ef85d/elements - {"using":"xpath","value":"//button[@data-kt=\"addNewRUOverflowToolbarButton\"]"}
RESULT: {"using":"xpath","value":"//button[@data-kt=\"addNewRUOverflowToolbarButton\"]"}
COMMAND: POST /session/00fbe995d254b544c9b458c3d09ef85d/elements - {"using":"xpath","value":"//button[@data-kt=\"addNewRUOverflowToolbarButton\"]"}
RESULT: {"using":"xpath","value":"//button[@data-kt=\"addNewRUOverflowToolbarButton\"]"}
COMMAND: POST /session/00fbe995d254b544c9b458c3d09ef85d/elements - {"using":"xpath","value":"//button[@data-kt=\"addNewRUOverflowToolbarButton\"]"}
RESULT: {"using":"xpath","value":"//button[@data-kt=\"addNewRUOverflowToolbarButton\"]"}
COMMAND: POST /session/00fbe995d254b544c9b458c3d09ef85d/elements - {"using":"xpath","value":"//button[@data-kt=\"addNewRUOverflowToolbarButton\"]"}
RESULT: {"using":"xpath","value":"//button[@data-kt=\"addNewRUOverflowToolbarButton\"]"}
COMMAND: POST /session/00fbe995d254b544c9b458c3d09ef85d/elements - {"using":"xpath","value":"//button[@data-kt=\"addNewRUOverflowToolbarButton\"]"}
RESULT: {"using":"xpath","value":"//button[@data-kt=\"addNewRUOverflowToolbarButton\"]"}
COMMAND: POST /session/00fbe995d254b544c9b458c3d09ef85d/elements - {"using":"xpath","value":"//button[@data-kt=\"addNewRUOverflowToolbarButton\"]"}
RESULT: {"using":"xpath","value":"//button[@data-kt=\"addNewRUOverflowToolbarButton\"]"}
COMMAND: POST /session/00fbe995d254b544c9b458c3d09ef85d/elements - {"using":"xpath","value":"//button[@data-kt=\"addNewRUOverflowToolbarButton\"]"}
RESULT: {"using":"xpath","value":"//button[@data-kt=\"addNewRUOverflowToolbarButton\"]"}
COMMAND: POST /session/00fbe995d254b544c9b458c3d09ef85d/elements - {"using":"xpath","value":"//button[@data-kt=\"addNewRUOverflowToolbarButton\"]"}
RESULT: {"using":"xpath","value":"//button[@data-kt=\"addNewRUOverflowToolbarButton\"]"}
COMMAND: POST /session/00fbe995d254b544c9b458c3d09ef85d/elements - {"using":"xpath","value":"//button[@data-kt=\"addNewRUOverflowToolbarButton\"]"}
RESULT: {"using":"xpath","value":"//button[@data-kt=\"addNewRUOverflowToolbarButton\"]"}
COMMAND: POST /session/00fbe995d254b544c9b458c3d09ef85d/elements - {"using":"xpath","value":"//button[@data-kt=\"addNewRUOverflowToolbarButton\"]"}
RESULT: {"using":"xpath","value":"//button[@data-kt=\"addNewRUOverflowToolbarButton\"]"}
COMMAND: POST /session/00fbe995d254b544c9b458c3d09ef85d/elements - {"using":"xpath","value":"//button[@data-kt=\"addNewRUOverflowToolbarButton\"]"}
RESULT: {"using":"xpath","value":"//button[@data-kt=\"addNewRUOverflowToolbarButton\"]"}
COMMAND: POST /session/00fbe995d254b544c9b458c3d09ef85d/elements - {"using":"xpath","value":"//button[@data-kt=\"addNewRUOverflowToolbarButton\"]"}
RESULT: {"using":"xpath","value":"//button[@data-kt=\"addNewRUOverflowToolbarButton\"]"}
COMMAND: POST /session/00fbe995d254b544c9b458c3d09ef85d/elements - {"using":"xpath","value":"//button[@data-kt=\"addNewRUOverflowToolbarButton\"]"}
RESULT: {"using":"xpath","value":"//button[@data-kt=\"addNewRUOverflowToolbarButton\"]"}
COMMAND: POST /session/00fbe995d254b544c9b458c3d09ef85d/elements - {"using":"xpath","value":"//button[@data-kt=\"addNewRUOverflowToolbarButton\"]"}
RESULT: {"using":"xpath","value":"//button[@data-kt=\"addNewRUOverflowToolbarButton\"]"}
COMMAND: POST /session/00fbe995d254b544c9b458c3d09ef85d/elements - {"using":"xpath","value":"//button[@data-kt=\"addNewRUOverflowToolbarButton\"]"}
RESULT: {"using":"xpath","value":"//button[@data-kt=\"addNewRUOverflowToolbarButton\"]"}
COMMAND: POST /session/00fbe995d254b544c9b458c3d09ef85d/elements - {"using":"xpath","value":"//button[@data-kt=\"addNewRUOverflowToolbarButton\"]"}
RESULT: {"using":"xpath","value":"//button[@data-kt=\"addNewRUOverflowToolbarButton\"]"}
COMMAND: POST /session/00fbe995d254b544c9b458c3d09ef85d/elements - {"using":"xpath","value":"//button[@data-kt=\"addNewRUOverflowToolbarButton\"]"}
RESULT: {"using":"xpath","value":"//button[@data-kt=\"addNewRUOverflowToolbarButton\"]"}
COMMAND: POST /session/00fbe995d254b544c9b458c3d09ef85d/elements - {"using":"xpath","value":"//button[@data-kt=\"addNewRUOverflowToolbarButton\"]"}
RESULT: {"using":"xpath","value":"//button[@data-kt=\"addNewRUOverflowToolbarButton\"]"}
COMMAND: POST /session/00fbe995d254b544c9b458c3d09ef85d/elements - {"using":"xpath","value":"//button[@data-kt=\"addNewRUOverflowToolbarButton\"]"}
RESULT: {"using":"xpath","value":"//button[@data-kt=\"addNewRUOverflowToolbarButton\"]"}
COMMAND: POST /session/00fbe995d254b544c9b458c3d09ef85d/element - {"using":"xpath","value":"//button[@data-kt=\"addNewRUOverflowToolbarButton\"]"}
RESULT: {"using":"xpath","value":"//button[@data-kt=\"addNewRUOverflowToolbarButton\"]"}
COMMAND: POST /session/00fbe995d254b544c9b458c3d09ef85d/execute/sync - {"script":"<script> [8489 bytes]","args":[{"element-6066-11e4-a52e-4f735466cecf":"f.5B10500533936BC34E48C94F23BC04CA.d.3B21D98CAF6D068289376D792B4205A1.e.11195","ELEMENT":"f.5B10500533936BC34E48C94F23BC04CA.d.3B21D98CAF6D068289376D792B4205A1.e.11195"}]}
RESULT: {"script":"<script> [8489 bytes]","args":[{"element-6066-11e4-a52e-4f735466cecf":"f.5B10500533936BC34E48C94F23BC04CA.d.3B21D98CAF6D068289376D792B4205A1.e.11195","ELEMENT":"f.5B10500533936BC34E48C94F23BC04CA.d.3B21D98CAF6D068289376D792B4205A1.e.11195"}]}
COMMAND: GET /session/00fbe995d254b544c9b458c3d09ef85d/element/f.5B10500533936BC34E48C94F23BC04CA.d.3B21D98CAF6D068289376D792B4205A1.e.11195/enabled - {}
COMMAND: GET /session/00fbe995d254b544c9b458c3d09ef85d/screenshot - {}
RESULT: {}
COMMAND: POST /session/00fbe995d254b544c9b458c3d09ef85d/execute/sync - {"script":"<script> [8489 bytes]","args":[{"element-6066-11e4-a52e-4f735466cecf":"f.5B10500533936BC34E48C94F23BC04CA.d.3B21D98CAF6D068289376D792B4205A1.e.11195","ELEMENT":"f.5B10500533936BC34E48C94F23BC04CA.d.3B21D98CAF6D068289376D792B4205A1.e.11195"}]}
COMMAND: GET /session/00fbe995d254b544c9b458c3d09ef85d/screenshot - {}
RESULT: {}
RESULT: {"script":"<script> [8489 bytes]","args":[{"element-6066-11e4-a52e-4f735466cecf":"f.5B10500533936BC34E48C94F23BC04CA.d.3B21D98CAF6D068289376D792B4205A1.e.11195","ELEMENT":"f.5B10500533936BC34E48C94F23BC04CA.d.3B21D98CAF6D068289376D792B4205A1.e.11195"}]}
COMMAND: POST /session/00fbe995d254b544c9b458c3d09ef85d/execute/sync - {"script":"<script> [5351 bytes]","args":[{"element-6066-11e4-a52e-4f735466cecf":"f.5B10500533936BC34E48C94F23BC04CA.d.3B21D98CAF6D068289376D792B4205A1.e.11195","ELEMENT":"f.5B10500533936BC34E48C94F23BC04CA.d.3B21D98CAF6D068289376D792B4205A1.e.11195"}]}
COMMAND: GET /session/00fbe995d254b544c9b458c3d09ef85d/screenshot - {}
RESULT: {}
RESULT: {"script":"<script> [5351 bytes]","args":[{"element-6066-11e4-a52e-4f735466cecf":"f.5B10500533936BC34E48C94F23BC04CA.d.3B21D98CAF6D068289376D792B4205A1.e.11195","ELEMENT":"f.5B10500533936BC34E48C94F23BC04CA.d.3B21D98CAF6D068289376D792B4205A1.e.11195"}]}
COMMAND: POST /session/00fbe995d254b544c9b458c3d09ef85d/element/f.5B10500533936BC34E48C94F23BC04CA.d.3B21D98CAF6D068289376D792B4205A1.e.11195/click - {}
COMMAND: GET /session/00fbe995d254b544c9b458c3d09ef85d/screenshot - {}
RESULT: {}
RESULT: {}
COMMAND: GET /session/00fbe995d254b544c9b458c3d09ef85d/screenshot - {}
RESULT: {}
RESULT: {}
COMMAND: POST /session/00fbe995d254b544c9b458c3d09ef85d/execute/async - {"script":"<script> [1562 bytes]","args":[{"selector":{"id":"application-manageresources-display-component---newResourceUnit--TYPE-arrow"},"wdio_ui5_key":"applicationmanageresources-display-component---newResourceUnit--TYPE-arrow"}]}
RESULT: {"script":"<script> [1562 bytes]","args":[{"selector":{"id":"application-manageresources-display-component---newResourceUnit--TYPE-arrow"},"wdio_ui5_key":"applicationmanageresources-display-component---newResourceUnit--TYPE-arrow"}]}
RESULT: undefined
COMMAND: POST /session/00fbe995d254b544c9b458c3d09ef85d/element - {"using":"xpath","value":"//*[@id=\"application-manageresources-display-component---newResourceUnit--TYPE-arrow\"]"}
RESULT: {"using":"xpath","value":"//*[@id=\"application-manageresources-display-component---newResourceUnit--TYPE-arrow\"]"}
COMMAND: POST /session/00fbe995d254b544c9b458c3d09ef85d/element/f.5B10500533936BC34E48C94F23BC04CA.d.3B21D98CAF6D068289376D792B4205A1.e.11556/click - {}
RESULT: {}
COMMAND: POST /session/00fbe995d254b544c9b458c3d09ef85d/element - {"using":"xpath","value":"//input[@id=\"application-manageresources-display-component---newResourceUnit--TYPE-inner\"]"}
COMMAND: GET /session/00fbe995d254b544c9b458c3d09ef85d/screenshot - {}
RESULT: {"using":"xpath","value":"//input[@id=\"application-manageresources-display-component---newResourceUnit--TYPE-inner\"]"}
COMMAND: POST /session/00fbe995d254b544c9b458c3d09ef85d/element/f.5B10500533936BC34E48C94F23BC04CA.d.3B21D98CAF6D068289376D792B4205A1.e.11547/clear - {}
RESULT: {}
RESULT: {}
COMMAND: POST /session/00fbe995d254b544c9b458c3d09ef85d/element/f.5B10500533936BC34E48C94F23BC04CA.d.3B21D98CAF6D068289376D792B4205A1.e.11547/value - {"text":"Equipment"}
COMMAND: GET /session/00fbe995d254b544c9b458c3d09ef85d/screenshot - {}
RESULT: {"text":"Equipment"}
COMMAND: GET /session/00fbe995d254b544c9b458c3d09ef85d/screenshot - {}
RESULT: {}
RESULT: {}
COMMAND: POST /session/00fbe995d254b544c9b458c3d09ef85d/actions - {"actions":[{"id":"action47","type":"key","parameters":{},"actions":[{"type":"keyDown","value":"î€‡"},{"type":"pause","duration":10},{"type":"keyUp","value":"î€‡"}]}]}
RESULT: {"actions":[{"id":"action47","type":"key","parameters":{},"actions":[{"type":"keyDown","value":"î€‡"},{"type":"pause","duration":10},{"type":"keyUp","value":"î€‡"}]}]}
COMMAND: POST /session/00fbe995d254b544c9b458c3d09ef85d/execute/async - {"script":"<script> [1562 bytes]","args":[{"selector":{"id":"application-manageresources-display-component---newResourceUnit--resourceId","interaction":{"idSuffix":"inner"}},"wdio_ui5_key":"applicationmanageresources-display-component---newResourceUnit--resourceId"}]}
COMMAND: GET /session/00fbe995d254b544c9b458c3d09ef85d/screenshot - {}
RESULT: {"script":"<script> [1562 bytes]","args":[{"selector":{"id":"application-manageresources-display-component---newResourceUnit--resourceId","interaction":{"idSuffix":"inner"}},"wdio_ui5_key":"applicationmanageresources-display-component---newResourceUnit--resourceId"}]}
RESULT: undefined
COMMAND: POST /session/00fbe995d254b544c9b458c3d09ef85d/execute/async - {"script":"<script> [776 bytes]","args":[{"enterText":"uLYfNB3PAz","selector":{"id":"application-manageresources-display-component---newResourceUnit--resourceId","interaction":{"idSuffix":"inner"}},"clearTextFirst":true,"interactionType":"ENTER_TEXT"}]}
RESULT: {}
RESULT: {"script":"<script> [776 bytes]","args":[{"enterText":"uLYfNB3PAz","selector":{"id":"application-manageresources-display-component---newResourceUnit--resourceId","interaction":{"idSuffix":"inner"}},"clearTextFirst":true,"interactionType":"ENTER_TEXT"}]}
COMMAND: POST /session/00fbe995d254b544c9b458c3d09ef85d/execute/async - {"script":"<script> [1562 bytes]","args":[{"selector":{"id":"application-manageresources-display-component---newResourceUnit--SHORT_TEXT","interaction":{"idSuffix":"inner"}},"wdio_ui5_key":"applicationmanageresources-display-component---newResourceUnit--SHORT_TEXT"}]}
RESULT: {"script":"<script> [1562 bytes]","args":[{"selector":{"id":"application-manageresources-display-component---newResourceUnit--SHORT_TEXT","interaction":{"idSuffix":"inner"}},"wdio_ui5_key":"applicationmanageresources-display-component---newResourceUnit--SHORT_TEXT"}]}
RESULT: undefined
COMMAND: POST /session/00fbe995d254b544c9b458c3d09ef85d/execute/async - {"script":"<script> [776 bytes]","args":[{"enterText":"Intercompany Equipment WDIO","selector":{"id":"application-manageresources-display-component---newResourceUnit--SHORT_TEXT","interaction":{"idSuffix":"inner"}},"clearTextFirst":true,"interactionType":"ENTER_TEXT"}]}
RESULT: {"script":"<script> [776 bytes]","args":[{"enterText":"Intercompany Equipment WDIO","selector":{"id":"application-manageresources-display-component---newResourceUnit--SHORT_TEXT","interaction":{"idSuffix":"inner"}},"clearTextFirst":true,"interactionType":"ENTER_TEXT"}]}
COMMAND: POST /session/00fbe995d254b544c9b458c3d09ef85d/execute/async - {"script":"<script> [1562 bytes]","args":[{"selector":{"id":"application-manageresources-display-component---newResourceUnit--BASE_UNIT_OF_MEASURE","interaction":{"idSuffix":"inner"}},"wdio_ui5_key":"applicationmanageresources-display-component---newResourceUnit--BASE_UNIT_OF_MEASURE"}]}
RESULT: {"script":"<script> [1562 bytes]","args":[{"selector":{"id":"application-manageresources-display-component---newResourceUnit--BASE_UNIT_OF_MEASURE","interaction":{"idSuffix":"inner"}},"wdio_ui5_key":"applicationmanageresources-display-component---newResourceUnit--BASE_UNIT_OF_MEASURE"}]}
RESULT: undefined
COMMAND: POST /session/00fbe995d254b544c9b458c3d09ef85d/execute/async - {"script":"<script> [776 bytes]","args":[{"enterText":"Piece","selector":{"id":"application-manageresources-display-component---newResourceUnit--BASE_UNIT_OF_MEASURE","interaction":{"idSuffix":"inner"}},"clearTextFirst":true,"interactionType":"ENTER_TEXT"}]}
RESULT: {"script":"<script> [776 bytes]","args":[{"enterText":"Piece","selector":{"id":"application-manageresources-display-component---newResourceUnit--BASE_UNIT_OF_MEASURE","interaction":{"idSuffix":"inner"}},"clearTextFirst":true,"interactionType":"ENTER_TEXT"}]}
COMMAND: POST /session/00fbe995d254b544c9b458c3d09ef85d/execute/async - {"script":"<script> [1562 bytes]","args":[{"selector":{"id":"application-manageresources-display-component---newResourceUnit--WEIGHT_UNIT","interaction":{"idSuffix":"inner"}},"wdio_ui5_key":"applicationmanageresources-display-component---newResourceUnit--WEIGHT_UNIT"}]}
RESULT: {"script":"<script> [1562 bytes]","args":[{"selector":{"id":"application-manageresources-display-component---newResourceUnit--WEIGHT_UNIT","interaction":{"idSuffix":"inner"}},"wdio_ui5_key":"applicationmanageresources-display-component---newResourceUnit--WEIGHT_UNIT"}]}
RESULT: undefined
COMMAND: POST /session/00fbe995d254b544c9b458c3d09ef85d/execute/async - {"script":"<script> [776 bytes]","args":[{"enterText":"Gram","selector":{"id":"application-manageresources-display-component---newResourceUnit--WEIGHT_UNIT","interaction":{"idSuffix":"inner"}},"clearTextFirst":true,"interactionType":"ENTER_TEXT"}]}
RESULT: {"script":"<script> [776 bytes]","args":[{"enterText":"Gram","selector":{"id":"application-manageresources-display-component---newResourceUnit--WEIGHT_UNIT","interaction":{"idSuffix":"inner"}},"clearTextFirst":true,"interactionType":"ENTER_TEXT"}]}
COMMAND: POST /session/00fbe995d254b544c9b458c3d09ef85d/execute/async - {"script":"<script> [1562 bytes]","args":[{"selector":{"id":"application-manageresources-display-component---newResourceUnit--DIMENSION_UNIT","interaction":{"idSuffix":"inner"}},"wdio_ui5_key":"applicationmanageresources-display-component---newResourceUnit--DIMENSION_UNIT"}]}
RESULT: {"script":"<script> [1562 bytes]","args":[{"selector":{"id":"application-manageresources-display-component---newResourceUnit--DIMENSION_UNIT","interaction":{"idSuffix":"inner"}},"wdio_ui5_key":"applicationmanageresources-display-component---newResourceUnit--DIMENSION_UNIT"}]}
RESULT: undefined
COMMAND: POST /session/00fbe995d254b544c9b458c3d09ef85d/execute/async - {"script":"<script> [776 bytes]","args":[{"enterText":"Meter","selector":{"id":"application-manageresources-display-component---newResourceUnit--DIMENSION_UNIT","interaction":{"idSuffix":"inner"}},"clearTextFirst":true,"interactionType":"ENTER_TEXT"}]}
RESULT: {"script":"<script> [776 bytes]","args":[{"enterText":"Meter","selector":{"id":"application-manageresources-display-component---newResourceUnit--DIMENSION_UNIT","interaction":{"idSuffix":"inner"}},"clearTextFirst":true,"interactionType":"ENTER_TEXT"}]}
COMMAND: POST /session/00fbe995d254b544c9b458c3d09ef85d/execute/async - {"script":"<script> [1562 bytes]","args":[{"selector":{"id":"application-manageresources-display-component---newResourceUnit--newRRUPage-anchBar-application-manageresources-display-component---newResourceUnit--control-anchor","interaction":{"idSuffix":"BDI-content"}},"wdio_ui5_key":"applicationmanageresources-display-component---newResourceUnit--newRRUPage-anchBar-application-manageresources-display-component---newResourceUnit--control-anchor"}]}
RESULT: {"script":"<script> [1562 bytes]","args":[{"selector":{"id":"application-manageresources-display-component---newResourceUnit--newRRUPage-anchBar-application-manageresources-display-component---newResourceUnit--control-anchor","interaction":{"idSuffix":"BDI-content"}},"wdio_ui5_key":"applicationmanageresources-display-component---newResourceUnit--newRRUPage-anchBar-application-manageresources-display-component---newResourceUnit--control-anchor"}]}
RESULT: undefined
COMMAND: POST /session/00fbe995d254b544c9b458c3d09ef85d/element - {"using":"xpath","value":"//*[@id=\"application-manageresources-display-component---newResourceUnit--newRRUPage-anchBar-application-manageresources-display-component---newResourceUnit--control-anchor\"]"}
RESULT: {"using":"xpath","value":"//*[@id=\"application-manageresources-display-component---newResourceUnit--newRRUPage-anchBar-application-manageresources-display-component---newResourceUnit--control-anchor\"]"}
COMMAND: POST /session/00fbe995d254b544c9b458c3d09ef85d/element/f.5B10500533936BC34E48C94F23BC04CA.d.3B21D98CAF6D068289376D792B4205A1.e.11689/click - {}
RESULT: {}
COMMAND: POST /session/00fbe995d254b544c9b458c3d09ef85d/execute/async - {"script":"<script> [1562 bytes]","args":[{"selector":{"id":"application-manageresources-display-component---newResourceUnit--PLANNING_GROUP","interaction":{"idSuffix":"inner"}},"wdio_ui5_key":"applicationmanageresources-display-component---newResourceUnit--PLANNING_GROUP"}]}
COMMAND: GET /session/00fbe995d254b544c9b458c3d09ef85d/screenshot - {}
RESULT: {"script":"<script> [1562 bytes]","args":[{"selector":{"id":"application-manageresources-display-component---newResourceUnit--PLANNING_GROUP","interaction":{"idSuffix":"inner"}},"wdio_ui5_key":"applicationmanageresources-display-component---newResourceUnit--PLANNING_GROUP"}]}
RESULT: undefined
COMMAND: POST /session/00fbe995d254b544c9b458c3d09ef85d/execute/async - {"script":"<script> [776 bytes]","args":[{"enterText":"Heavy Equi","selector":{"id":"application-manageresources-display-component---newResourceUnit--PLANNING_GROUP","interaction":{"idSuffix":"inner"}},"clearTextFirst":true,"interactionType":"ENTER_TEXT"}]}
RESULT: {}
RESULT: {"script":"<script> [776 bytes]","args":[{"enterText":"Heavy Equi","selector":{"id":"application-manageresources-display-component---newResourceUnit--PLANNING_GROUP","interaction":{"idSuffix":"inner"}},"clearTextFirst":true,"interactionType":"ENTER_TEXT"}]}
COMMAND: POST /session/00fbe995d254b544c9b458c3d09ef85d/execute/async - {"script":"<script> [1562 bytes]","args":[{"selector":{"id":"application-manageresources-display-component---newResourceUnit--ITEM_TYPE-arrow"},"wdio_ui5_key":"applicationmanageresources-display-component---newResourceUnit--ITEM_TYPE-arrow"}]}
RESULT: {"script":"<script> [1562 bytes]","args":[{"selector":{"id":"application-manageresources-display-component---newResourceUnit--ITEM_TYPE-arrow"},"wdio_ui5_key":"applicationmanageresources-display-component---newResourceUnit--ITEM_TYPE-arrow"}]}
RESULT: undefined
COMMAND: POST /session/00fbe995d254b544c9b458c3d09ef85d/element - {"using":"xpath","value":"//*[@id=\"application-manageresources-display-component---newResourceUnit--ITEM_TYPE-arrow\"]"}
RESULT: {"using":"xpath","value":"//*[@id=\"application-manageresources-display-component---newResourceUnit--ITEM_TYPE-arrow\"]"}
COMMAND: POST /session/00fbe995d254b544c9b458c3d09ef85d/element/f.5B10500533936BC34E48C94F23BC04CA.d.3B21D98CAF6D068289376D792B4205A1.e.11698/click - {}
RESULT: {}
COMMAND: POST /session/00fbe995d254b544c9b458c3d09ef85d/element - {"using":"xpath","value":"(//span[contains(text(), \"Resource Unit\")])[2]"}
COMMAND: GET /session/00fbe995d254b544c9b458c3d09ef85d/screenshot - {}
RESULT: {"using":"xpath","value":"(//span[contains(text(), \"Resource Unit\")])[2]"}
COMMAND: POST /session/00fbe995d254b544c9b458c3d09ef85d/element/f.5B10500533936BC34E48C94F23BC04CA.d.3B21D98CAF6D068289376D792B4205A1.e.11699/click - {}
RESULT: {}
RESULT: {}
COMMAND: GET /session/00fbe995d254b544c9b458c3d09ef85d/screenshot - {}
RESULT: {}
COMMAND: POST /session/00fbe995d254b544c9b458c3d09ef85d/element - {"using":"css selector","value":"#application-manageresources-display-component---newResourceUnit--btnAddTimeSegment"}
RESULT: {"using":"css selector","value":"#application-manageresources-display-component---newResourceUnit--btnAddTimeSegment"}
COMMAND: GET /session/00fbe995d254b544c9b458c3d09ef85d/element/f.5B10500533936BC34E48C94F23BC04CA.d.3B21D98CAF6D068289376D792B4205A1.e.11700/rect - {}
RESULT: {}
COMMAND: GET /session/00fbe995d254b544c9b458c3d09ef85d/window/rect - {}
RESULT: {}
COMMAND: POST /session/00fbe995d254b544c9b458c3d09ef85d/execute/sync - {"script":"<script> [92 bytes]","args":[]}
RESULT: {"script":"<script> [92 bytes]","args":[]}
COMMAND: POST /session/00fbe995d254b544c9b458c3d09ef85d/actions - {"actions":[{"id":"action48","type":"wheel","parameters":{},"actions":[{"type":"scroll","x":-1888,"y":-32,"deltaX":0,"deltaY":0,"duration":0,"origin":{"element-6066-11e4-a52e-4f735466cecf":"f.5B10500533936BC34E48C94F23BC04CA.d.3B21D98CAF6D068289376D792B4205A1.e.11700"}}]}]}
COMMAND: GET /session/00fbe995d254b544c9b458c3d09ef85d/screenshot - {}
RESULT: {}
COMMAND: POST /session/00fbe995d254b544c9b458c3d09ef85d/execute/sync - {"script":"<script> [79 bytes]","args":[{"element-6066-11e4-a52e-4f735466cecf":"f.5B10500533936BC34E48C94F23BC04CA.d.3B21D98CAF6D068289376D792B4205A1.e.11700","ELEMENT":"f.5B10500533936BC34E48C94F23BC04CA.d.3B21D98CAF6D068289376D792B4205A1.e.11700"},{"block":"start","inline":"nearest"}]}
RESULT: {"script":"<script> [79 bytes]","args":[{"element-6066-11e4-a52e-4f735466cecf":"f.5B10500533936BC34E48C94F23BC04CA.d.3B21D98CAF6D068289376D792B4205A1.e.11700","ELEMENT":"f.5B10500533936BC34E48C94F23BC04CA.d.3B21D98CAF6D068289376D792B4205A1.e.11700"},{"block":"start","inline":"nearest"}]}
COMMAND: POST /session/00fbe995d254b544c9b458c3d09ef85d/execute/async - {"script":"<script> [1562 bytes]","args":[{"selector":{"id":"application-manageresources-display-component---newResourceUnit--btnAddTimeSegment","interaction":{"idSuffix":"inner"}},"wdio_ui5_key":"applicationmanageresources-display-component---newResourceUnit--btnAddTimeSegment"}]}
COMMAND: GET /session/00fbe995d254b544c9b458c3d09ef85d/screenshot - {}
RESULT: {"script":"<script> [1562 bytes]","args":[{"selector":{"id":"application-manageresources-display-component---newResourceUnit--btnAddTimeSegment","interaction":{"idSuffix":"inner"}},"wdio_ui5_key":"applicationmanageresources-display-component---newResourceUnit--btnAddTimeSegment"}]}
RESULT: undefined
COMMAND: POST /session/00fbe995d254b544c9b458c3d09ef85d/element - {"using":"xpath","value":"//*[@id=\"application-manageresources-display-component---newResourceUnit--btnAddTimeSegment\"]"}
RESULT: {}
RESULT: {"using":"xpath","value":"//*[@id=\"application-manageresources-display-component---newResourceUnit--btnAddTimeSegment\"]"}
COMMAND: POST /session/00fbe995d254b544c9b458c3d09ef85d/element/f.5B10500533936BC34E48C94F23BC04CA.d.3B21D98CAF6D068289376D792B4205A1.e.11700/click - {}
RESULT: {}
COMMAND: GET /session/00fbe995d254b544c9b458c3d09ef85d/screenshot - {}
RESULT: {}
COMMAND: POST /session/00fbe995d254b544c9b458c3d09ef85d/element - {"using":"xpath","value":"//input[@id=\"application-manageresources-display-component---newResourceUnit--idRuTSAdmin-application-manageresources-display-component---newResourceUnit--RUTimeSegment-0-inner\"]"}
RESULT: {"using":"xpath","value":"//input[@id=\"application-manageresources-display-component---newResourceUnit--idRuTSAdmin-application-manageresources-display-component---newResourceUnit--RUTimeSegment-0-inner\"]"}
COMMAND: POST /session/00fbe995d254b544c9b458c3d09ef85d/element/f.5B10500533936BC34E48C94F23BC04CA.d.3B21D98CAF6D068289376D792B4205A1.e.11706/clear - {}
RESULT: {}
COMMAND: POST /session/00fbe995d254b544c9b458c3d09ef85d/element/f.5B10500533936BC34E48C94F23BC04CA.d.3B21D98CAF6D068289376D792B4205A1.e.11706/value - {"text":"276"}
COMMAND: GET /session/00fbe995d254b544c9b458c3d09ef85d/screenshot - {}
RESULT: {"text":"276"}
COMMAND: GET /session/00fbe995d254b544c9b458c3d09ef85d/screenshot - {}
RESULT: {}
RESULT: {}
COMMAND: POST /session/00fbe995d254b544c9b458c3d09ef85d/element - {"using":"xpath","value":"//li[.//span[text()='276']]"}
RESULT: {"using":"xpath","value":"//li[.//span[text()='276']]"}
COMMAND: POST /session/00fbe995d254b544c9b458c3d09ef85d/element/f.5B10500533936BC34E48C94F23BC04CA.d.3B21D98CAF6D068289376D792B4205A1.e.11718/click - {}
RESULT: {}
COMMAND: GET /session/00fbe995d254b544c9b458c3d09ef85d/screenshot - {}
RESULT: {}
COMMAND: POST /session/00fbe995d254b544c9b458c3d09ef85d/element - {"using":"xpath","value":"(//span[contains(@id, \"-application-manageresources-display-component---newResourceUnit--RUTimeSegment-0-arrow\")])[6]"}
RESULT: {"using":"xpath","value":"(//span[contains(@id, \"-application-manageresources-display-component---newResourceUnit--RUTimeSegment-0-arrow\")])[6]"}
COMMAND: POST /session/00fbe995d254b544c9b458c3d09ef85d/element/f.5B10500533936BC34E48C94F23BC04CA.d.3B21D98CAF6D068289376D792B4205A1.e.11719/click - {}
RESULT: {}
COMMAND: GET /session/00fbe995d254b544c9b458c3d09ef85d/screenshot - {}
RESULT: {}
COMMAND: POST /session/00fbe995d254b544c9b458c3d09ef85d/element - {"using":"xpath","value":"//span[contains(text(), \"PM Order\")]"}
RESULT: {"using":"xpath","value":"//span[contains(text(), \"PM Order\")]"}
COMMAND: POST /session/00fbe995d254b544c9b458c3d09ef85d/element/f.5B10500533936BC34E48C94F23BC04CA.d.3B21D98CAF6D068289376D792B4205A1.e.11722/click - {}
RESULT: {}
COMMAND: GET /session/00fbe995d254b544c9b458c3d09ef85d/screenshot - {}
RESULT: {}
COMMAND: POST /session/00fbe995d254b544c9b458c3d09ef85d/element - {"using":"xpath","value":"(//span[contains(@id ,\"manageresources-display-component---newResourceUnit--RUTimeSegment-0-vhi\")])[1]"}
RESULT: {"using":"xpath","value":"(//span[contains(@id ,\"manageresources-display-component---newResourceUnit--RUTimeSegment-0-vhi\")])[1]"}
COMMAND: GET /session/00fbe995d254b544c9b458c3d09ef85d/element/f.5B10500533936BC34E48C94F23BC04CA.d.3B21D98CAF6D068289376D792B4205A1.e.11726/rect - {}
RESULT: {}
COMMAND: GET /session/00fbe995d254b544c9b458c3d09ef85d/window/rect - {}
RESULT: {}
COMMAND: POST /session/00fbe995d254b544c9b458c3d09ef85d/execute/sync - {"script":"<script> [92 bytes]","args":[]}
RESULT: {"script":"<script> [92 bytes]","args":[]}
COMMAND: POST /session/00fbe995d254b544c9b458c3d09ef85d/actions - {"actions":[{"id":"action49","type":"wheel","parameters":{},"actions":[{"type":"scroll","x":-869,"y":-24,"deltaX":0,"deltaY":0,"duration":0,"origin":{"element-6066-11e4-a52e-4f735466cecf":"f.5B10500533936BC34E48C94F23BC04CA.d.3B21D98CAF6D068289376D792B4205A1.e.11726"}}]}]}
COMMAND: GET /session/00fbe995d254b544c9b458c3d09ef85d/screenshot - {}
RESULT: {"actions":[{"id":"action49","type":"wheel","parameters":{},"actions":[{"type":"scroll","x":-869,"y":-24,"deltaX":0,"deltaY":0,"duration":0,"origin":{"element-6066-11e4-a52e-4f735466cecf":"f.5B10500533936BC34E48C94F23BC04CA.d.3B21D98CAF6D068289376D792B4205A1.e.11726"}}]}]}
COMMAND: DELETE /session/00fbe995d254b544c9b458c3d09ef85d/actions - {}
COMMAND: GET /session/00fbe995d254b544c9b458c3d09ef85d/screenshot - {}
RESULT: {}
RESULT: {}
COMMAND: GET /session/00fbe995d254b544c9b458c3d09ef85d/screenshot - {}
RESULT: {}
RESULT: {}
COMMAND: POST /session/00fbe995d254b544c9b458c3d09ef85d/element/f.5B10500533936BC34E48C94F23BC04CA.d.3B21D98CAF6D068289376D792B4205A1.e.11726/click - {}
RESULT: {}
COMMAND: GET /session/00fbe995d254b544c9b458c3d09ef85d/screenshot - {}
RESULT: {}
COMMAND: POST /session/00fbe995d254b544c9b458c3d09ef85d/execute/async - {"script":"<script> [1562 bytes]","args":[{"selector":{"controlType":"sap.m.SearchField","properties":{"placeholder":"Search"},"searchOpenDialogs":true,"interaction":{"idSuffix":"I"}},"wdio_ui5_key":"sapm.SearchField{\"placeholder\":\"Search\"}"}]}
RESULT: {"script":"<script> [1562 bytes]","args":[{"selector":{"controlType":"sap.m.SearchField","properties":{"placeholder":"Search"},"searchOpenDialogs":true,"interaction":{"idSuffix":"I"}},"wdio_ui5_key":"sapm.SearchField{\"placeholder\":\"Search\"}"}]}
RESULT: undefined
COMMAND: POST /session/00fbe995d254b544c9b458c3d09ef85d/execute/async - {"script":"<script> [776 bytes]","args":[{"enterText":"4000360","selector":{"controlType":"sap.m.SearchField","properties":{"placeholder":"Search"},"searchOpenDialogs":true,"interaction":{"idSuffix":"I"}},"clearTextFirst":true,"interactionType":"ENTER_TEXT"}]}
RESULT: {"script":"<script> [776 bytes]","args":[{"enterText":"4000360","selector":{"controlType":"sap.m.SearchField","properties":{"placeholder":"Search"},"searchOpenDialogs":true,"interaction":{"idSuffix":"I"}},"clearTextFirst":true,"interactionType":"ENTER_TEXT"}]}
COMMAND: POST /session/00fbe995d254b544c9b458c3d09ef85d/actions - {"actions":[{"id":"action50","type":"key","parameters":{},"actions":[{"type":"keyDown","value":"î€‡"},{"type":"pause","duration":10},{"type":"keyUp","value":"î€‡"}]}]}
RESULT: {"actions":[{"id":"action50","type":"key","parameters":{},"actions":[{"type":"keyDown","value":"î€‡"},{"type":"pause","duration":10},{"type":"keyUp","value":"î€‡"}]}]}
COMMAND: GET /session/00fbe995d254b544c9b458c3d09ef85d/screenshot - {}
RESULT: {}
COMMAND: POST /session/00fbe995d254b544c9b458c3d09ef85d/element - {"using":"xpath","value":"//td/div/span[contains(text(), \"BGL Vehicles\")]"}
RESULT: {"using":"xpath","value":"//td/div/span[contains(text(), \"BGL Vehicles\")]"}
COMMAND: POST /session/00fbe995d254b544c9b458c3d09ef85d/element/f.5B10500533936BC34E48C94F23BC04CA.d.3B21D98CAF6D068289376D792B4205A1.e.11748/click - {}
RESULT: {}
COMMAND: GET /session/00fbe995d254b544c9b458c3d09ef85d/screenshot - {}
RESULT: {}
COMMAND: POST /session/00fbe995d254b544c9b458c3d09ef85d/element - {"using":"xpath","value":"//bdi[contains(text(), \"OK\")]"}
RESULT: {"using":"xpath","value":"//bdi[contains(text(), \"OK\")]"}
COMMAND: POST /session/00fbe995d254b544c9b458c3d09ef85d/element/f.5B10500533936BC34E48C94F23BC04CA.d.3B21D98CAF6D068289376D792B4205A1.e.11749/click - {}
RESULT: {}
COMMAND: GET /session/00fbe995d254b544c9b458c3d09ef85d/screenshot - {}
RESULT: {}
COMMAND: POST /session/00fbe995d254b544c9b458c3d09ef85d/execute/async - {"script":"<script> [1562 bytes]","args":[{"selector":{"id":"application-manageresources-display-component---newResourceUnit--newRRUPage-anchBar-application-manageresources-display-component---newResourceUnit--resource-anchor","interaction":{"idSuffix":"BDI-content"}},"wdio_ui5_key":"applicationmanageresources-display-component---newResourceUnit--newRRUPage-anchBar-application-manageresources-display-component---newResourceUnit--resource-anchor"}]}
RESULT: {"script":"<script> [1562 bytes]","args":[{"selector":{"id":"application-manageresources-display-component---newResourceUnit--newRRUPage-anchBar-application-manageresources-display-component---newResourceUnit--resource-anchor","interaction":{"idSuffix":"BDI-content"}},"wdio_ui5_key":"applicationmanageresources-display-component---newResourceUnit--newRRUPage-anchBar-application-manageresources-display-component---newResourceUnit--resource-anchor"}]}
RESULT: undefined
COMMAND: POST /session/00fbe995d254b544c9b458c3d09ef85d/element - {"using":"xpath","value":"//*[@id=\"application-manageresources-display-component---newResourceUnit--newRRUPage-anchBar-application-manageresources-display-component---newResourceUnit--resource-anchor\"]"}
RESULT: {"using":"xpath","value":"//*[@id=\"application-manageresources-display-component---newResourceUnit--newRRUPage-anchBar-application-manageresources-display-component---newResourceUnit--resource-anchor\"]"}
COMMAND: POST /session/00fbe995d254b544c9b458c3d09ef85d/element/f.5B10500533936BC34E48C94F23BC04CA.d.3B21D98CAF6D068289376D792B4205A1.e.11753/click - {}
RESULT: {}
COMMAND: POST /session/00fbe995d254b544c9b458c3d09ef85d/execute/async - {"script":"<script> [1562 bytes]","args":[{"selector":{"id":"application-manageresources-display-component---newResourceUnit--PLANNED_DELIVERY_DATE","interaction":{"idSuffix":"inner"}},"wdio_ui5_key":"applicationmanageresources-display-component---newResourceUnit--PLANNED_DELIVERY_DATE"}]}
COMMAND: GET /session/00fbe995d254b544c9b458c3d09ef85d/screenshot - {}
RESULT: {"script":"<script> [1562 bytes]","args":[{"selector":{"id":"application-manageresources-display-component---newResourceUnit--PLANNED_DELIVERY_DATE","interaction":{"idSuffix":"inner"}},"wdio_ui5_key":"applicationmanageresources-display-component---newResourceUnit--PLANNED_DELIVERY_DATE"}]}
RESULT: undefined
COMMAND: POST /session/00fbe995d254b544c9b458c3d09ef85d/execute/async - {"script":"<script> [6424 bytes]","args":[{"element-6066-11e4-a52e-4f735466cecf":"f.5B10500533936BC34E48C94F23BC04CA.d.3B21D98CAF6D068289376D792B4205A1.e.11613"},"setValue",["5/13/25"]]}
RESULT: {}
RESULT: {"script":"<script> [6424 bytes]","args":[{"element-6066-11e4-a52e-4f735466cecf":"f.5B10500533936BC34E48C94F23BC04CA.d.3B21D98CAF6D068289376D792B4205A1.e.11613"},"setValue",["5/13/25"]]}
COMMAND: POST /session/00fbe995d254b544c9b458c3d09ef85d/element - {"using":"xpath","value":"//label[contains(@class, 'sapMLabelRequired') and .//bdi[contains(text(), 'Planned Retirement')]]"}
RESULT: {"using":"xpath","value":"//label[contains(@class, 'sapMLabelRequired') and .//bdi[contains(text(), 'Planned Retirement')]]"}
COMMAND: POST /session/00fbe995d254b544c9b458c3d09ef85d/elements - {"using":"xpath","value":"//label[contains(@class, 'sapMLabelRequired') and .//bdi[contains(text(), 'Planned Retirement')]]"}
RESULT: {"using":"xpath","value":"//label[contains(@class, 'sapMLabelRequired') and .//bdi[contains(text(), 'Planned Retirement')]]"}
COMMAND: POST /session/00fbe995d254b544c9b458c3d09ef85d/element - {"using":"xpath","value":"//button[@data-kt=\"resourceUnitSaveButton\"]"}
RESULT: {"using":"xpath","value":"//button[@data-kt=\"resourceUnitSaveButton\"]"}
COMMAND: POST /session/00fbe995d254b544c9b458c3d09ef85d/element/f.5B10500533936BC34E48C94F23BC04CA.d.3B21D98CAF6D068289376D792B4205A1.e.11573/click - {}
RESULT: {}
COMMAND: GET /session/00fbe995d254b544c9b458c3d09ef85d/screenshot - {}
RESULT: {}
COMMAND: POST /session/00fbe995d254b544c9b458c3d09ef85d/element - {"using":"xpath","value":"//bdi[contains(text(), \"Close\")]"}
RESULT: {"using":"xpath","value":"//bdi[contains(text(), \"Close\")]"}
COMMAND: POST /session/00fbe995d254b544c9b458c3d09ef85d/element/f.5B10500533936BC34E48C94F23BC04CA.d.3B21D98CAF6D068289376D792B4205A1.e.11763/click - {}
RESULT: {}
COMMAND: GET /session/00fbe995d254b544c9b458c3d09ef85d/screenshot - {}
RESULT: {}
COMMAND: POST /session/00fbe995d254b544c9b458c3d09ef85d/element - {"using":"xpath","value":"(//button[contains(@id ,\"actionsToolbar-overflowButton\")])[1]"}
RESULT: {"using":"xpath","value":"(//button[contains(@id ,\"actionsToolbar-overflowButton\")])[1]"}
COMMAND: POST /session/00fbe995d254b544c9b458c3d09ef85d/element/f.5B10500533936BC34E48C94F23BC04CA.d.3B21D98CAF6D068289376D792B4205A1.e.11815/click - {}
RESULT: {}
COMMAND: GET /session/00fbe995d254b544c9b458c3d09ef85d/screenshot - {}
RESULT: {}
COMMAND: POST /session/00fbe995d254b544c9b458c3d09ef85d/element - {"using":"xpath","value":"//button[@data-kt=\"priceInfoButton\"]"}
RESULT: {"using":"xpath","value":"//button[@data-kt=\"priceInfoButton\"]"}
COMMAND: POST /session/00fbe995d254b544c9b458c3d09ef85d/element/f.5B10500533936BC34E48C94F23BC04CA.d.3B21D98CAF6D068289376D792B4205A1.e.11817/click - {}
RESULT: {}
COMMAND: GET /session/00fbe995d254b544c9b458c3d09ef85d/screenshot - {}
RESULT: {}
]]></system-out>
    </testcase>
    <testcase classname="chrome.136_0_7103_49.windows.Create_Reverse_Billing_US127248" name="Should create a pricing procedure" time="49.477">
      <system-out><![CDATA[
COMMAND: POST /session/00fbe995d254b544c9b458c3d09ef85d/element - {"using":"xpath","value":"//button[@data-kt=\"addButton\"]"}
RESULT: {"using":"xpath","value":"//button[@data-kt=\"addButton\"]"}
COMMAND: POST /session/00fbe995d254b544c9b458c3d09ef85d/elements - {"using":"xpath","value":"//button[@data-kt=\"addButton\"]"}
RESULT: {"using":"xpath","value":"//button[@data-kt=\"addButton\"]"}
COMMAND: POST /session/00fbe995d254b544c9b458c3d09ef85d/elements - {"using":"xpath","value":"//button[@data-kt=\"addButton\"]"}
RESULT: {"using":"xpath","value":"//button[@data-kt=\"addButton\"]"}
COMMAND: POST /session/00fbe995d254b544c9b458c3d09ef85d/element - {"using":"xpath","value":"//button[@data-kt=\"addButton\"]"}
RESULT: {"using":"xpath","value":"//button[@data-kt=\"addButton\"]"}
COMMAND: POST /session/00fbe995d254b544c9b458c3d09ef85d/execute/sync - {"script":"<script> [8489 bytes]","args":[{"element-6066-11e4-a52e-4f735466cecf":"f.5B10500533936BC34E48C94F23BC04CA.d.3B21D98CAF6D068289376D792B4205A1.e.11853","ELEMENT":"f.5B10500533936BC34E48C94F23BC04CA.d.3B21D98CAF6D068289376D792B4205A1.e.11853"}]}
RESULT: {"script":"<script> [8489 bytes]","args":[{"element-6066-11e4-a52e-4f735466cecf":"f.5B10500533936BC34E48C94F23BC04CA.d.3B21D98CAF6D068289376D792B4205A1.e.11853","ELEMENT":"f.5B10500533936BC34E48C94F23BC04CA.d.3B21D98CAF6D068289376D792B4205A1.e.11853"}]}
COMMAND: GET /session/00fbe995d254b544c9b458c3d09ef85d/element/f.5B10500533936BC34E48C94F23BC04CA.d.3B21D98CAF6D068289376D792B4205A1.e.11853/enabled - {}
COMMAND: GET /session/00fbe995d254b544c9b458c3d09ef85d/screenshot - {}
RESULT: {}
COMMAND: POST /session/00fbe995d254b544c9b458c3d09ef85d/execute/sync - {"script":"<script> [8489 bytes]","args":[{"element-6066-11e4-a52e-4f735466cecf":"f.5B10500533936BC34E48C94F23BC04CA.d.3B21D98CAF6D068289376D792B4205A1.e.11853","ELEMENT":"f.5B10500533936BC34E48C94F23BC04CA.d.3B21D98CAF6D068289376D792B4205A1.e.11853"}]}
COMMAND: GET /session/00fbe995d254b544c9b458c3d09ef85d/screenshot - {}
RESULT: {}
RESULT: {"script":"<script> [8489 bytes]","args":[{"element-6066-11e4-a52e-4f735466cecf":"f.5B10500533936BC34E48C94F23BC04CA.d.3B21D98CAF6D068289376D792B4205A1.e.11853","ELEMENT":"f.5B10500533936BC34E48C94F23BC04CA.d.3B21D98CAF6D068289376D792B4205A1.e.11853"}]}
COMMAND: POST /session/00fbe995d254b544c9b458c3d09ef85d/execute/sync - {"script":"<script> [5351 bytes]","args":[{"element-6066-11e4-a52e-4f735466cecf":"f.5B10500533936BC34E48C94F23BC04CA.d.3B21D98CAF6D068289376D792B4205A1.e.11853","ELEMENT":"f.5B10500533936BC34E48C94F23BC04CA.d.3B21D98CAF6D068289376D792B4205A1.e.11853"}]}
COMMAND: GET /session/00fbe995d254b544c9b458c3d09ef85d/screenshot - {}
RESULT: {}
RESULT: {"script":"<script> [5351 bytes]","args":[{"element-6066-11e4-a52e-4f735466cecf":"f.5B10500533936BC34E48C94F23BC04CA.d.3B21D98CAF6D068289376D792B4205A1.e.11853","ELEMENT":"f.5B10500533936BC34E48C94F23BC04CA.d.3B21D98CAF6D068289376D792B4205A1.e.11853"}]}
COMMAND: POST /session/00fbe995d254b544c9b458c3d09ef85d/element/f.5B10500533936BC34E48C94F23BC04CA.d.3B21D98CAF6D068289376D792B4205A1.e.11853/click - {}
COMMAND: GET /session/00fbe995d254b544c9b458c3d09ef85d/screenshot - {}
RESULT: {}
RESULT: {}
COMMAND: GET /session/00fbe995d254b544c9b458c3d09ef85d/screenshot - {}
RESULT: {}
RESULT: {}
COMMAND: POST /session/00fbe995d254b544c9b458c3d09ef85d/execute/async - {"script":"<script> [1562 bytes]","args":[{"selector":{"controlType":"sap.m.Title","viewName":"etm.portal.ui.managepricingrules.view.NewItem","viewId":"application-managepricingrules-display-component---newInfoPriceItem","properties":{"text":"New Pricing Rules - Item Level"}},"wdio_ui5_key":"etmportal.ui.managepricingrules.view.NewItemsap.m.Title{\"text\":\"New Pricing Rules - Item Level\"}"}]}
RESULT: {"script":"<script> [1562 bytes]","args":[{"selector":{"controlType":"sap.m.Title","viewName":"etm.portal.ui.managepricingrules.view.NewItem","viewId":"application-managepricingrules-display-component---newInfoPriceItem","properties":{"text":"New Pricing Rules - Item Level"}},"wdio_ui5_key":"etmportal.ui.managepricingrules.view.NewItemsap.m.Title{\"text\":\"New Pricing Rules - Item Level\"}"}]}
RESULT: undefined
COMMAND: POST /session/00fbe995d254b544c9b458c3d09ef85d/execute/async - {"script":"<script> [6424 bytes]","args":[{"element-6066-11e4-a52e-4f735466cecf":"f.5B10500533936BC34E48C94F23BC04CA.d.3B21D98CAF6D068289376D792B4205A1.e.12024"},"getText",[]]}
RESULT: {"script":"<script> [6424 bytes]","args":[{"element-6066-11e4-a52e-4f735466cecf":"f.5B10500533936BC34E48C94F23BC04CA.d.3B21D98CAF6D068289376D792B4205A1.e.12024"},"getText",[]]}
COMMAND: POST /session/00fbe995d254b544c9b458c3d09ef85d/execute/async - {"script":"<script> [1562 bytes]","args":[{"selector":{"id":"application-managepricingrules-display-component---newInfoPriceItem--condValidTo","interaction":{"idSuffix":"inner"}},"wdio_ui5_key":"applicationmanagepricingrules-display-component---newInfoPriceItem--condValidTo"}]}
RESULT: {"script":"<script> [1562 bytes]","args":[{"selector":{"id":"application-managepricingrules-display-component---newInfoPriceItem--condValidTo","interaction":{"idSuffix":"inner"}},"wdio_ui5_key":"applicationmanagepricingrules-display-component---newInfoPriceItem--condValidTo"}]}
RESULT: undefined
COMMAND: POST /session/00fbe995d254b544c9b458c3d09ef85d/execute/async - {"script":"<script> [776 bytes]","args":[{"enterText":"01/13/26","selector":{"id":"application-managepricingrules-display-component---newInfoPriceItem--condValidTo","interaction":{"idSuffix":"inner"}},"clearTextFirst":true,"interactionType":"ENTER_TEXT"}]}
RESULT: {"script":"<script> [776 bytes]","args":[{"enterText":"01/13/26","selector":{"id":"application-managepricingrules-display-component---newInfoPriceItem--condValidTo","interaction":{"idSuffix":"inner"}},"clearTextFirst":true,"interactionType":"ENTER_TEXT"}]}
COMMAND: POST /session/00fbe995d254b544c9b458c3d09ef85d/execute/async - {"script":"<script> [1562 bytes]","args":[{"selector":{"id":"application-managepricingrules-display-component---newInfoPriceItem--billType-arrow"},"wdio_ui5_key":"applicationmanagepricingrules-display-component---newInfoPriceItem--billType-arrow"}]}
RESULT: {"script":"<script> [1562 bytes]","args":[{"selector":{"id":"application-managepricingrules-display-component---newInfoPriceItem--billType-arrow"},"wdio_ui5_key":"applicationmanagepricingrules-display-component---newInfoPriceItem--billType-arrow"}]}
RESULT: undefined
COMMAND: POST /session/00fbe995d254b544c9b458c3d09ef85d/element - {"using":"xpath","value":"//*[@id=\"application-managepricingrules-display-component---newInfoPriceItem--billType-arrow\"]"}
RESULT: {"using":"xpath","value":"//*[@id=\"application-managepricingrules-display-component---newInfoPriceItem--billType-arrow\"]"}
COMMAND: POST /session/00fbe995d254b544c9b458c3d09ef85d/element/f.5B10500533936BC34E48C94F23BC04CA.d.3B21D98CAF6D068289376D792B4205A1.e.11982/click - {}
RESULT: {}
COMMAND: POST /session/00fbe995d254b544c9b458c3d09ef85d/element - {"using":"xpath","value":"//span[contains(text(), \"TB - Time based\")]"}
COMMAND: GET /session/00fbe995d254b544c9b458c3d09ef85d/screenshot - {}
RESULT: {"using":"xpath","value":"//span[contains(text(), \"TB - Time based\")]"}
COMMAND: POST /session/00fbe995d254b544c9b458c3d09ef85d/element/f.5B10500533936BC34E48C94F23BC04CA.d.3B21D98CAF6D068289376D792B4205A1.e.12026/click - {}
RESULT: {}
RESULT: {}
COMMAND: POST /session/00fbe995d254b544c9b458c3d09ef85d/execute/async - {"script":"<script> [1562 bytes]","args":[{"selector":{"id":"application-managepricingrules-display-component---newInfoPriceItem--priceProc-arrow"},"wdio_ui5_key":"applicationmanagepricingrules-display-component---newInfoPriceItem--priceProc-arrow"}]}
COMMAND: GET /session/00fbe995d254b544c9b458c3d09ef85d/screenshot - {}
RESULT: {"script":"<script> [1562 bytes]","args":[{"selector":{"id":"application-managepricingrules-display-component---newInfoPriceItem--priceProc-arrow"},"wdio_ui5_key":"applicationmanagepricingrules-display-component---newInfoPriceItem--priceProc-arrow"}]}
RESULT: undefined
COMMAND: POST /session/00fbe995d254b544c9b458c3d09ef85d/element - {"using":"xpath","value":"//*[@id=\"application-managepricingrules-display-component---newInfoPriceItem--priceProc-arrow\"]"}
RESULT: {}
RESULT: {"using":"xpath","value":"//*[@id=\"application-managepricingrules-display-component---newInfoPriceItem--priceProc-arrow\"]"}
COMMAND: POST /session/00fbe995d254b544c9b458c3d09ef85d/element/f.5B10500533936BC34E48C94F23BC04CA.d.3B21D98CAF6D068289376D792B4205A1.e.11989/click - {}
RESULT: {}
COMMAND: POST /session/00fbe995d254b544c9b458c3d09ef85d/element - {"using":"xpath","value":"//span[contains(text(), \"TBS - Time based standard\")]"}
COMMAND: GET /session/00fbe995d254b544c9b458c3d09ef85d/screenshot - {}
RESULT: {"using":"xpath","value":"//span[contains(text(), \"TBS - Time based standard\")]"}
COMMAND: POST /session/00fbe995d254b544c9b458c3d09ef85d/element/f.5B10500533936BC34E48C94F23BC04CA.d.3B21D98CAF6D068289376D792B4205A1.e.12027/click - {}
RESULT: {}
RESULT: {}
COMMAND: POST /session/00fbe995d254b544c9b458c3d09ef85d/execute/async - {"script":"<script> [1562 bytes]","args":[{"selector":{"id":"application-managepricingrules-display-component---newInfoPriceItem--calcBase-arrow"},"wdio_ui5_key":"applicationmanagepricingrules-display-component---newInfoPriceItem--calcBase-arrow"}]}
COMMAND: GET /session/00fbe995d254b544c9b458c3d09ef85d/screenshot - {}
RESULT: {"script":"<script> [1562 bytes]","args":[{"selector":{"id":"application-managepricingrules-display-component---newInfoPriceItem--calcBase-arrow"},"wdio_ui5_key":"applicationmanagepricingrules-display-component---newInfoPriceItem--calcBase-arrow"}]}
RESULT: undefined
COMMAND: POST /session/00fbe995d254b544c9b458c3d09ef85d/element - {"using":"xpath","value":"//*[@id=\"application-managepricingrules-display-component---newInfoPriceItem--calcBase-arrow\"]"}
RESULT: {}
RESULT: {"using":"xpath","value":"//*[@id=\"application-managepricingrules-display-component---newInfoPriceItem--calcBase-arrow\"]"}
COMMAND: POST /session/00fbe995d254b544c9b458c3d09ef85d/element/f.5B10500533936BC34E48C94F23BC04CA.d.3B21D98CAF6D068289376D792B4205A1.e.11996/click - {}
RESULT: {}
COMMAND: GET /session/00fbe995d254b544c9b458c3d09ef85d/screenshot - {}
RESULT: {}
COMMAND: POST /session/00fbe995d254b544c9b458c3d09ef85d/element - {"using":"xpath","value":"//span[contains(text(), \"0006 - TB(calendar days)\")]"}
RESULT: {"using":"xpath","value":"//span[contains(text(), \"0006 - TB(calendar days)\")]"}
COMMAND: POST /session/00fbe995d254b544c9b458c3d09ef85d/element/f.5B10500533936BC34E48C94F23BC04CA.d.3B21D98CAF6D068289376D792B4205A1.e.12028/click - {}
RESULT: {}
COMMAND: GET /session/00fbe995d254b544c9b458c3d09ef85d/screenshot - {}
RESULT: {}
COMMAND: POST /session/00fbe995d254b544c9b458c3d09ef85d/execute/async - {"script":"<script> [1562 bytes]","args":[{"selector":{"id":"application-managepricingrules-display-component---newInfoPriceItem--daysMonth","interaction":{"idSuffix":"inner"}},"wdio_ui5_key":"applicationmanagepricingrules-display-component---newInfoPriceItem--daysMonth"}]}
RESULT: {"script":"<script> [1562 bytes]","args":[{"selector":{"id":"application-managepricingrules-display-component---newInfoPriceItem--daysMonth","interaction":{"idSuffix":"inner"}},"wdio_ui5_key":"applicationmanagepricingrules-display-component---newInfoPriceItem--daysMonth"}]}
RESULT: undefined
COMMAND: POST /session/00fbe995d254b544c9b458c3d09ef85d/execute/async - {"script":"<script> [776 bytes]","args":[{"enterText":"30","selector":{"id":"application-managepricingrules-display-component---newInfoPriceItem--daysMonth","interaction":{"idSuffix":"inner"}},"clearTextFirst":true,"interactionType":"ENTER_TEXT"}]}
RESULT: {"script":"<script> [776 bytes]","args":[{"enterText":"30","selector":{"id":"application-managepricingrules-display-component---newInfoPriceItem--daysMonth","interaction":{"idSuffix":"inner"}},"clearTextFirst":true,"interactionType":"ENTER_TEXT"}]}
COMMAND: POST /session/00fbe995d254b544c9b458c3d09ef85d/element - {"using":"xpath","value":"//button[@data-kt=\"saveNewRuleButton\"]"}
RESULT: {"using":"xpath","value":"//button[@data-kt=\"saveNewRuleButton\"]"}
COMMAND: POST /session/00fbe995d254b544c9b458c3d09ef85d/element/f.5B10500533936BC34E48C94F23BC04CA.d.3B21D98CAF6D068289376D792B4205A1.e.12016/click - {}
RESULT: {}
COMMAND: GET /session/00fbe995d254b544c9b458c3d09ef85d/screenshot - {}
RESULT: {}
COMMAND: POST /session/00fbe995d254b544c9b458c3d09ef85d/execute/async - {"script":"<script> [1562 bytes]","args":[{"selector":{"id":"application-managepricingrules-display-component---priceInfoItem--smartFilterBar-btnBasicSearch","interaction":{"idSuffix":"I"}},"wdio_ui5_key":"applicationmanagepricingrules-display-component---priceInfoItem--smartFilterBar-btnBasicSearch"}]}
RESULT: {"script":"<script> [1562 bytes]","args":[{"selector":{"id":"application-managepricingrules-display-component---priceInfoItem--smartFilterBar-btnBasicSearch","interaction":{"idSuffix":"I"}},"wdio_ui5_key":"applicationmanagepricingrules-display-component---priceInfoItem--smartFilterBar-btnBasicSearch"}]}
RESULT: undefined
COMMAND: POST /session/00fbe995d254b544c9b458c3d09ef85d/execute/async - {"script":"<script> [776 bytes]","args":[{"enterText":"uLYfNB3PAz","selector":{"id":"application-managepricingrules-display-component---priceInfoItem--smartFilterBar-btnBasicSearch","interaction":{"idSuffix":"I"}},"clearTextFirst":true,"interactionType":"ENTER_TEXT"}]}
RESULT: {"script":"<script> [776 bytes]","args":[{"enterText":"uLYfNB3PAz","selector":{"id":"application-managepricingrules-display-component---priceInfoItem--smartFilterBar-btnBasicSearch","interaction":{"idSuffix":"I"}},"clearTextFirst":true,"interactionType":"ENTER_TEXT"}]}
COMMAND: POST /session/00fbe995d254b544c9b458c3d09ef85d/actions - {"actions":[{"id":"action51","type":"key","parameters":{},"actions":[{"type":"keyDown","value":"î€‡"},{"type":"pause","duration":10},{"type":"keyUp","value":"î€‡"}]}]}
RESULT: {"actions":[{"id":"action51","type":"key","parameters":{},"actions":[{"type":"keyDown","value":"î€‡"},{"type":"pause","duration":10},{"type":"keyUp","value":"î€‡"}]}]}
COMMAND: GET /session/00fbe995d254b544c9b458c3d09ef85d/screenshot - {}
RESULT: {}
COMMAND: POST /session/00fbe995d254b544c9b458c3d09ef85d/element - {"using":"xpath","value":"//span[@id=\"application-managepricingrules-display-component---priceInfoItem--smartTable-header-inner\"]"}
RESULT: {"using":"xpath","value":"//span[@id=\"application-managepricingrules-display-component---priceInfoItem--smartTable-header-inner\"]"}
COMMAND: POST /session/00fbe995d254b544c9b458c3d09ef85d/elements - {"using":"xpath","value":"//span[@id=\"application-managepricingrules-display-component---priceInfoItem--smartTable-header-inner\"]"}
RESULT: {"using":"xpath","value":"//span[@id=\"application-managepricingrules-display-component---priceInfoItem--smartTable-header-inner\"]"}
COMMAND: POST /session/00fbe995d254b544c9b458c3d09ef85d/execute/sync - {"script":"<script> [56 bytes]","args":[{"element-6066-11e4-a52e-4f735466cecf":"f.5B10500533936BC34E48C94F23BC04CA.d.3B21D98CAF6D068289376D792B4205A1.e.12041","ELEMENT":"f.5B10500533936BC34E48C94F23BC04CA.d.3B21D98CAF6D068289376D792B4205A1.e.12041"}]}
RESULT: {"script":"<script> [56 bytes]","args":[{"element-6066-11e4-a52e-4f735466cecf":"f.5B10500533936BC34E48C94F23BC04CA.d.3B21D98CAF6D068289376D792B4205A1.e.12041","ELEMENT":"f.5B10500533936BC34E48C94F23BC04CA.d.3B21D98CAF6D068289376D792B4205A1.e.12041"}]}
COMMAND: POST /session/00fbe995d254b544c9b458c3d09ef85d/element - {"using":"css selector","value":"#shell-header-logo"}
COMMAND: GET /session/00fbe995d254b544c9b458c3d09ef85d/screenshot - {}
RESULT: {"using":"css selector","value":"#shell-header-logo"}
COMMAND: POST /session/00fbe995d254b544c9b458c3d09ef85d/element/f.5B10500533936BC34E48C94F23BC04CA.d.3B21D98CAF6D068289376D792B4205A1.e.11163/click - {}
RESULT: {}
RESULT: {}
COMMAND: GET /session/00fbe995d254b544c9b458c3d09ef85d/screenshot - {}
RESULT: {}
]]></system-out>
    </testcase>
    <testcase classname="chrome.136_0_7103_49.windows.Create_Reverse_Billing_US127248" name="Should manage conditions" time="63.48">
      <system-out><![CDATA[
COMMAND: POST /session/00fbe995d254b544c9b458c3d09ef85d/execute/async - {"script":"<script> [1562 bytes]","args":[{"selector":{"controlType":"sap.m.Text","properties":{"text":"Manage Conditions & Prices"},"interaction":{"idSuffix":"inner"}},"wdio_ui5_key":"sapm.Text{\"text\":\"Manage Conditions & Prices\"}"}]}
RESULT: {"script":"<script> [1562 bytes]","args":[{"selector":{"controlType":"sap.m.Text","properties":{"text":"Manage Conditions & Prices"},"interaction":{"idSuffix":"inner"}},"wdio_ui5_key":"sapm.Text{\"text\":\"Manage Conditions & Prices\"}"}]}
RESULT: undefined
COMMAND: POST /session/00fbe995d254b544c9b458c3d09ef85d/element - {"using":"xpath","value":"//*[@id=\"__tile53-title\"]"}
RESULT: {"using":"xpath","value":"//*[@id=\"__tile53-title\"]"}
COMMAND: POST /session/00fbe995d254b544c9b458c3d09ef85d/element/f.5B10500533936BC34E48C94F23BC04CA.d.3B21D98CAF6D068289376D792B4205A1.e.12044/click - {}
RESULT: {}
COMMAND: POST /session/00fbe995d254b544c9b458c3d09ef85d/element - {"using":"xpath","value":"//button[@aria-label=\"Create\"]"}
COMMAND: GET /session/00fbe995d254b544c9b458c3d09ef85d/screenshot - {}
RESULT: {"using":"xpath","value":"//button[@aria-label=\"Create\"]"}
COMMAND: POST /session/00fbe995d254b544c9b458c3d09ef85d/elements - {"using":"xpath","value":"//button[@aria-label=\"Create\"]"}
RESULT: {}
RESULT: {"using":"xpath","value":"//button[@aria-label=\"Create\"]"}
COMMAND: POST /session/00fbe995d254b544c9b458c3d09ef85d/elements - {"using":"xpath","value":"//button[@aria-label=\"Create\"]"}
RESULT: {"using":"xpath","value":"//button[@aria-label=\"Create\"]"}
COMMAND: POST /session/00fbe995d254b544c9b458c3d09ef85d/elements - {"using":"xpath","value":"//button[@aria-label=\"Create\"]"}
RESULT: {"using":"xpath","value":"//button[@aria-label=\"Create\"]"}
COMMAND: POST /session/00fbe995d254b544c9b458c3d09ef85d/elements - {"using":"xpath","value":"//button[@aria-label=\"Create\"]"}
RESULT: {"using":"xpath","value":"//button[@aria-label=\"Create\"]"}
COMMAND: POST /session/00fbe995d254b544c9b458c3d09ef85d/elements - {"using":"xpath","value":"//button[@aria-label=\"Create\"]"}
RESULT: {"using":"xpath","value":"//button[@aria-label=\"Create\"]"}
COMMAND: POST /session/00fbe995d254b544c9b458c3d09ef85d/elements - {"using":"xpath","value":"//button[@aria-label=\"Create\"]"}
RESULT: {"using":"xpath","value":"//button[@aria-label=\"Create\"]"}
COMMAND: POST /session/00fbe995d254b544c9b458c3d09ef85d/elements - {"using":"xpath","value":"//button[@aria-label=\"Create\"]"}
RESULT: {"using":"xpath","value":"//button[@aria-label=\"Create\"]"}
COMMAND: POST /session/00fbe995d254b544c9b458c3d09ef85d/elements - {"using":"xpath","value":"//button[@aria-label=\"Create\"]"}
RESULT: {"using":"xpath","value":"//button[@aria-label=\"Create\"]"}
COMMAND: POST /session/00fbe995d254b544c9b458c3d09ef85d/elements - {"using":"xpath","value":"//button[@aria-label=\"Create\"]"}
RESULT: {"using":"xpath","value":"//button[@aria-label=\"Create\"]"}
COMMAND: POST /session/00fbe995d254b544c9b458c3d09ef85d/elements - {"using":"xpath","value":"//button[@aria-label=\"Create\"]"}
RESULT: {"using":"xpath","value":"//button[@aria-label=\"Create\"]"}
COMMAND: POST /session/00fbe995d254b544c9b458c3d09ef85d/elements - {"using":"xpath","value":"//button[@aria-label=\"Create\"]"}
RESULT: {"using":"xpath","value":"//button[@aria-label=\"Create\"]"}
COMMAND: POST /session/00fbe995d254b544c9b458c3d09ef85d/elements - {"using":"xpath","value":"//button[@aria-label=\"Create\"]"}
RESULT: {"using":"xpath","value":"//button[@aria-label=\"Create\"]"}
COMMAND: POST /session/00fbe995d254b544c9b458c3d09ef85d/elements - {"using":"xpath","value":"//button[@aria-label=\"Create\"]"}
RESULT: {"using":"xpath","value":"//button[@aria-label=\"Create\"]"}
COMMAND: POST /session/00fbe995d254b544c9b458c3d09ef85d/elements - {"using":"xpath","value":"//button[@aria-label=\"Create\"]"}
RESULT: {"using":"xpath","value":"//button[@aria-label=\"Create\"]"}
COMMAND: POST /session/00fbe995d254b544c9b458c3d09ef85d/element - {"using":"xpath","value":"//button[@aria-label=\"Create\"]"}
RESULT: {"using":"xpath","value":"//button[@aria-label=\"Create\"]"}
COMMAND: POST /session/00fbe995d254b544c9b458c3d09ef85d/execute/sync - {"script":"<script> [8489 bytes]","args":[{"element-6066-11e4-a52e-4f735466cecf":"f.5B10500533936BC34E48C94F23BC04CA.d.3B21D98CAF6D068289376D792B4205A1.e.12078","ELEMENT":"f.5B10500533936BC34E48C94F23BC04CA.d.3B21D98CAF6D068289376D792B4205A1.e.12078"}]}
RESULT: {"script":"<script> [8489 bytes]","args":[{"element-6066-11e4-a52e-4f735466cecf":"f.5B10500533936BC34E48C94F23BC04CA.d.3B21D98CAF6D068289376D792B4205A1.e.12078","ELEMENT":"f.5B10500533936BC34E48C94F23BC04CA.d.3B21D98CAF6D068289376D792B4205A1.e.12078"}]}
COMMAND: GET /session/00fbe995d254b544c9b458c3d09ef85d/element/f.5B10500533936BC34E48C94F23BC04CA.d.3B21D98CAF6D068289376D792B4205A1.e.12078/enabled - {}
COMMAND: GET /session/00fbe995d254b544c9b458c3d09ef85d/screenshot - {}
RESULT: {}
COMMAND: POST /session/00fbe995d254b544c9b458c3d09ef85d/execute/sync - {"script":"<script> [8489 bytes]","args":[{"element-6066-11e4-a52e-4f735466cecf":"f.5B10500533936BC34E48C94F23BC04CA.d.3B21D98CAF6D068289376D792B4205A1.e.12078","ELEMENT":"f.5B10500533936BC34E48C94F23BC04CA.d.3B21D98CAF6D068289376D792B4205A1.e.12078"}]}
COMMAND: GET /session/00fbe995d254b544c9b458c3d09ef85d/screenshot - {}
RESULT: {}
RESULT: {"script":"<script> [8489 bytes]","args":[{"element-6066-11e4-a52e-4f735466cecf":"f.5B10500533936BC34E48C94F23BC04CA.d.3B21D98CAF6D068289376D792B4205A1.e.12078","ELEMENT":"f.5B10500533936BC34E48C94F23BC04CA.d.3B21D98CAF6D068289376D792B4205A1.e.12078"}]}
COMMAND: POST /session/00fbe995d254b544c9b458c3d09ef85d/execute/sync - {"script":"<script> [5351 bytes]","args":[{"element-6066-11e4-a52e-4f735466cecf":"f.5B10500533936BC34E48C94F23BC04CA.d.3B21D98CAF6D068289376D792B4205A1.e.12078","ELEMENT":"f.5B10500533936BC34E48C94F23BC04CA.d.3B21D98CAF6D068289376D792B4205A1.e.12078"}]}
COMMAND: GET /session/00fbe995d254b544c9b458c3d09ef85d/screenshot - {}
RESULT: {}
RESULT: {"script":"<script> [5351 bytes]","args":[{"element-6066-11e4-a52e-4f735466cecf":"f.5B10500533936BC34E48C94F23BC04CA.d.3B21D98CAF6D068289376D792B4205A1.e.12078","ELEMENT":"f.5B10500533936BC34E48C94F23BC04CA.d.3B21D98CAF6D068289376D792B4205A1.e.12078"}]}
COMMAND: POST /session/00fbe995d254b544c9b458c3d09ef85d/element/f.5B10500533936BC34E48C94F23BC04CA.d.3B21D98CAF6D068289376D792B4205A1.e.12078/click - {}
COMMAND: GET /session/00fbe995d254b544c9b458c3d09ef85d/screenshot - {}
RESULT: {}
RESULT: {}
COMMAND: GET /session/00fbe995d254b544c9b458c3d09ef85d/screenshot - {}
RESULT: {}
RESULT: {}
COMMAND: POST /session/00fbe995d254b544c9b458c3d09ef85d/actions - {"actions":[{"id":"action52","type":"key","parameters":{},"actions":[{"type":"keyDown","value":"î€‡"},{"type":"pause","duration":10},{"type":"keyUp","value":"î€‡"}]}]}
RESULT: {"actions":[{"id":"action52","type":"key","parameters":{},"actions":[{"type":"keyDown","value":"î€‡"},{"type":"pause","duration":10},{"type":"keyUp","value":"î€‡"}]}]}
COMMAND: GET /session/00fbe995d254b544c9b458c3d09ef85d/screenshot - {}
RESULT: {}
COMMAND: POST /session/00fbe995d254b544c9b458c3d09ef85d/execute/async - {"script":"<script> [1562 bytes]","args":[{"selector":{"id":"application-manageconditionprice-display-component---newCondition--condBillCond-arrow"},"wdio_ui5_key":"applicationmanageconditionprice-display-component---newCondition--condBillCond-arrow"}]}
RESULT: {"script":"<script> [1562 bytes]","args":[{"selector":{"id":"application-manageconditionprice-display-component---newCondition--condBillCond-arrow"},"wdio_ui5_key":"applicationmanageconditionprice-display-component---newCondition--condBillCond-arrow"}]}
RESULT: undefined
COMMAND: POST /session/00fbe995d254b544c9b458c3d09ef85d/element - {"using":"xpath","value":"//*[@id=\"application-manageconditionprice-display-component---newCondition--condBillCond-arrow\"]"}
RESULT: {"using":"xpath","value":"//*[@id=\"application-manageconditionprice-display-component---newCondition--condBillCond-arrow\"]"}
COMMAND: POST /session/00fbe995d254b544c9b458c3d09ef85d/element/f.5B10500533936BC34E48C94F23BC04CA.d.3B21D98CAF6D068289376D792B4205A1.e.12258/click - {}
RESULT: {}
COMMAND: GET /session/00fbe995d254b544c9b458c3d09ef85d/screenshot - {}
RESULT: {}
COMMAND: POST /session/00fbe995d254b544c9b458c3d09ef85d/element - {"using":"xpath","value":"//li[.//span[contains(text(), \"DISP - D&I special price\")]]"}
RESULT: {"using":"xpath","value":"//li[.//span[contains(text(), \"DISP - D&I special price\")]]"}
COMMAND: POST /session/00fbe995d254b544c9b458c3d09ef85d/element/f.5B10500533936BC34E48C94F23BC04CA.d.3B21D98CAF6D068289376D792B4205A1.e.12261/click - {}
RESULT: {}
COMMAND: GET /session/00fbe995d254b544c9b458c3d09ef85d/screenshot - {}
RESULT: {}
COMMAND: POST /session/00fbe995d254b544c9b458c3d09ef85d/execute/async - {"script":"<script> [1562 bytes]","args":[{"selector":{"id":"application-manageconditionprice-display-component---newCondition--condValidTo","interaction":{"idSuffix":"inner"}},"wdio_ui5_key":"applicationmanageconditionprice-display-component---newCondition--condValidTo"}]}
RESULT: {"script":"<script> [1562 bytes]","args":[{"selector":{"id":"application-manageconditionprice-display-component---newCondition--condValidTo","interaction":{"idSuffix":"inner"}},"wdio_ui5_key":"applicationmanageconditionprice-display-component---newCondition--condValidTo"}]}
RESULT: undefined
COMMAND: POST /session/00fbe995d254b544c9b458c3d09ef85d/execute/async - {"script":"<script> [776 bytes]","args":[{"enterText":"01/13/26","selector":{"id":"application-manageconditionprice-display-component---newCondition--condValidTo","interaction":{"idSuffix":"inner"}},"clearTextFirst":true,"interactionType":"ENTER_TEXT"}]}
RESULT: {"script":"<script> [776 bytes]","args":[{"enterText":"01/13/26","selector":{"id":"application-manageconditionprice-display-component---newCondition--condValidTo","interaction":{"idSuffix":"inner"}},"clearTextFirst":true,"interactionType":"ENTER_TEXT"}]}
COMMAND: POST /session/00fbe995d254b544c9b458c3d09ef85d/element - {"using":"xpath","value":"//input[@id=\"application-manageconditionprice-display-component---newCondition--condRU-inner\"]"}
RESULT: {"using":"xpath","value":"//input[@id=\"application-manageconditionprice-display-component---newCondition--condRU-inner\"]"}
COMMAND: POST /session/00fbe995d254b544c9b458c3d09ef85d/element/f.5B10500533936BC34E48C94F23BC04CA.d.3B21D98CAF6D068289376D792B4205A1.e.12122/clear - {}
RESULT: {}
COMMAND: POST /session/00fbe995d254b544c9b458c3d09ef85d/element/f.5B10500533936BC34E48C94F23BC04CA.d.3B21D98CAF6D068289376D792B4205A1.e.12122/value - {"text":"uLYfNB3PAz"}
COMMAND: GET /session/00fbe995d254b544c9b458c3d09ef85d/screenshot - {}
RESULT: {"text":"uLYfNB3PAz"}
COMMAND: GET /session/00fbe995d254b544c9b458c3d09ef85d/screenshot - {}
RESULT: {}
RESULT: {}
COMMAND: POST /session/00fbe995d254b544c9b458c3d09ef85d/actions - {"actions":[{"id":"action53","type":"key","parameters":{},"actions":[{"type":"keyDown","value":"î€‡"},{"type":"pause","duration":10},{"type":"keyUp","value":"î€‡"}]}]}
RESULT: {"actions":[{"id":"action53","type":"key","parameters":{},"actions":[{"type":"keyDown","value":"î€‡"},{"type":"pause","duration":10},{"type":"keyUp","value":"î€‡"}]}]}
COMMAND: POST /session/00fbe995d254b544c9b458c3d09ef85d/execute/async - {"script":"<script> [1562 bytes]","args":[{"selector":{"id":"application-manageconditionprice-display-component---newCondition--condBaseQty","interaction":{"idSuffix":"inner"}},"wdio_ui5_key":"applicationmanageconditionprice-display-component---newCondition--condBaseQty"}]}
COMMAND: GET /session/00fbe995d254b544c9b458c3d09ef85d/screenshot - {}
RESULT: {"script":"<script> [1562 bytes]","args":[{"selector":{"id":"application-manageconditionprice-display-component---newCondition--condBaseQty","interaction":{"idSuffix":"inner"}},"wdio_ui5_key":"applicationmanageconditionprice-display-component---newCondition--condBaseQty"}]}
RESULT: undefined
COMMAND: POST /session/00fbe995d254b544c9b458c3d09ef85d/execute/async - {"script":"<script> [776 bytes]","args":[{"enterText":"1","selector":{"id":"application-manageconditionprice-display-component---newCondition--condBaseQty","interaction":{"idSuffix":"inner"}},"clearTextFirst":true,"interactionType":"ENTER_TEXT"}]}
RESULT: {}
RESULT: {"script":"<script> [776 bytes]","args":[{"enterText":"1","selector":{"id":"application-manageconditionprice-display-component---newCondition--condBaseQty","interaction":{"idSuffix":"inner"}},"clearTextFirst":true,"interactionType":"ENTER_TEXT"}]}
COMMAND: POST /session/00fbe995d254b544c9b458c3d09ef85d/execute/async - {"script":"<script> [1562 bytes]","args":[{"selector":{"id":"application-manageconditionprice-display-component---newCondition--condValue","interaction":{"idSuffix":"inner"}},"wdio_ui5_key":"applicationmanageconditionprice-display-component---newCondition--condValue"}]}
RESULT: {"script":"<script> [1562 bytes]","args":[{"selector":{"id":"application-manageconditionprice-display-component---newCondition--condValue","interaction":{"idSuffix":"inner"}},"wdio_ui5_key":"applicationmanageconditionprice-display-component---newCondition--condValue"}]}
RESULT: undefined
COMMAND: POST /session/00fbe995d254b544c9b458c3d09ef85d/execute/async - {"script":"<script> [776 bytes]","args":[{"enterText":"200","selector":{"id":"application-manageconditionprice-display-component---newCondition--condValue","interaction":{"idSuffix":"inner"}},"clearTextFirst":true,"interactionType":"ENTER_TEXT"}]}
RESULT: {"script":"<script> [776 bytes]","args":[{"enterText":"200","selector":{"id":"application-manageconditionprice-display-component---newCondition--condValue","interaction":{"idSuffix":"inner"}},"clearTextFirst":true,"interactionType":"ENTER_TEXT"}]}
COMMAND: POST /session/00fbe995d254b544c9b458c3d09ef85d/execute/async - {"script":"<script> [1562 bytes]","args":[{"selector":{"id":"application-manageconditionprice-display-component---newCondition--condCurr-arrow"},"wdio_ui5_key":"applicationmanageconditionprice-display-component---newCondition--condCurr-arrow"}]}
RESULT: {"script":"<script> [1562 bytes]","args":[{"selector":{"id":"application-manageconditionprice-display-component---newCondition--condCurr-arrow"},"wdio_ui5_key":"applicationmanageconditionprice-display-component---newCondition--condCurr-arrow"}]}
RESULT: undefined
COMMAND: POST /session/00fbe995d254b544c9b458c3d09ef85d/element - {"using":"xpath","value":"//*[@id=\"application-manageconditionprice-display-component---newCondition--condCurr-arrow\"]"}
RESULT: {"using":"xpath","value":"//*[@id=\"application-manageconditionprice-display-component---newCondition--condCurr-arrow\"]"}
COMMAND: POST /session/00fbe995d254b544c9b458c3d09ef85d/element/f.5B10500533936BC34E48C94F23BC04CA.d.3B21D98CAF6D068289376D792B4205A1.e.12241/click - {}
RESULT: {}
COMMAND: POST /session/00fbe995d254b544c9b458c3d09ef85d/element - {"using":"xpath","value":"//span[contains(text(), \"Euro\")]"}
COMMAND: GET /session/00fbe995d254b544c9b458c3d09ef85d/screenshot - {}
RESULT: {"using":"xpath","value":"//span[contains(text(), \"Euro\")]"}
COMMAND: POST /session/00fbe995d254b544c9b458c3d09ef85d/element/f.5B10500533936BC34E48C94F23BC04CA.d.3B21D98CAF6D068289376D792B4205A1.e.12298/click - {}
RESULT: {}
RESULT: {}
COMMAND: POST /session/00fbe995d254b544c9b458c3d09ef85d/element - {"using":"xpath","value":"//button[@data-kt=\"saveButton\"]"}
COMMAND: GET /session/00fbe995d254b544c9b458c3d09ef85d/screenshot - {}
RESULT: {"using":"xpath","value":"//button[@data-kt=\"saveButton\"]"}
COMMAND: POST /session/00fbe995d254b544c9b458c3d09ef85d/element/f.5B10500533936BC34E48C94F23BC04CA.d.3B21D98CAF6D068289376D792B4205A1.e.12242/click - {}
RESULT: {}
RESULT: {}
COMMAND: GET /session/00fbe995d254b544c9b458c3d09ef85d/screenshot - {}
RESULT: {}
COMMAND: POST /session/00fbe995d254b544c9b458c3d09ef85d/execute/async - {"script":"<script> [1562 bytes]","args":[{"selector":{"id":"application-manageconditionprice-display-component---conditions--smartFilterBar-btnBasicSearch","interaction":{"idSuffix":"I"}},"wdio_ui5_key":"applicationmanageconditionprice-display-component---conditions--smartFilterBar-btnBasicSearch"}]}
RESULT: {"script":"<script> [1562 bytes]","args":[{"selector":{"id":"application-manageconditionprice-display-component---conditions--smartFilterBar-btnBasicSearch","interaction":{"idSuffix":"I"}},"wdio_ui5_key":"applicationmanageconditionprice-display-component---conditions--smartFilterBar-btnBasicSearch"}]}
RESULT: undefined
COMMAND: POST /session/00fbe995d254b544c9b458c3d09ef85d/execute/async - {"script":"<script> [776 bytes]","args":[{"enterText":"uLYfNB3PAz","selector":{"id":"application-manageconditionprice-display-component---conditions--smartFilterBar-btnBasicSearch","interaction":{"idSuffix":"I"}},"clearTextFirst":true,"interactionType":"ENTER_TEXT"}]}
RESULT: {"script":"<script> [776 bytes]","args":[{"enterText":"uLYfNB3PAz","selector":{"id":"application-manageconditionprice-display-component---conditions--smartFilterBar-btnBasicSearch","interaction":{"idSuffix":"I"}},"clearTextFirst":true,"interactionType":"ENTER_TEXT"}]}
COMMAND: POST /session/00fbe995d254b544c9b458c3d09ef85d/actions - {"actions":[{"id":"action54","type":"key","parameters":{},"actions":[{"type":"keyDown","value":"î€‡"},{"type":"pause","duration":10},{"type":"keyUp","value":"î€‡"}]}]}
RESULT: {"actions":[{"id":"action54","type":"key","parameters":{},"actions":[{"type":"keyDown","value":"î€‡"},{"type":"pause","duration":10},{"type":"keyUp","value":"î€‡"}]}]}
COMMAND: GET /session/00fbe995d254b544c9b458c3d09ef85d/screenshot - {}
RESULT: {}
COMMAND: POST /session/00fbe995d254b544c9b458c3d09ef85d/execute/async - {"script":"<script> [1562 bytes]","args":[{"selector":{"id":"application-manageconditionprice-display-component---conditions--smartFilterBar-filterItemControl_BASIC-BILL_TYPES-vhi"},"wdio_ui5_key":"applicationmanageconditionprice-display-component---conditions--smartFilterBar-filterItemControl_BASIC-BILL_TYPES-vhi"}]}
RESULT: {"script":"<script> [1562 bytes]","args":[{"selector":{"id":"application-manageconditionprice-display-component---conditions--smartFilterBar-filterItemControl_BASIC-BILL_TYPES-vhi"},"wdio_ui5_key":"applicationmanageconditionprice-display-component---conditions--smartFilterBar-filterItemControl_BASIC-BILL_TYPES-vhi"}]}
RESULT: undefined
COMMAND: POST /session/00fbe995d254b544c9b458c3d09ef85d/element - {"using":"xpath","value":"//*[@id=\"application-manageconditionprice-display-component---conditions--smartFilterBar-filterItemControl_BASIC-BILL_TYPES-vhi\"]"}
RESULT: {"using":"xpath","value":"//*[@id=\"application-manageconditionprice-display-component---conditions--smartFilterBar-filterItemControl_BASIC-BILL_TYPES-vhi\"]"}
COMMAND: POST /session/00fbe995d254b544c9b458c3d09ef85d/element/f.5B10500533936BC34E48C94F23BC04CA.d.3B21D98CAF6D068289376D792B4205A1.e.12405/click - {}
RESULT: {}
COMMAND: POST /session/00fbe995d254b544c9b458c3d09ef85d/execute/async - {"script":"<script> [1562 bytes]","args":[{"selector":{"id":"application-manageconditionprice-display-component---conditions--smartFilterBar-filterItemControl_BASIC-BILL_TYPES-valueHelpDialog-smartFilterBar-btnBasicSearch","searchOpenDialogs":true,"interaction":{"idSuffix":"I"}},"wdio_ui5_key":"applicationmanageconditionprice-display-component---conditions--smartFilterBar-filterItemControl_BASIC-BILL_TYPES-valueHelpDialog-smartFilterBar-btnBasicSearch"}]}
COMMAND: GET /session/00fbe995d254b544c9b458c3d09ef85d/screenshot - {}
RESULT: {"script":"<script> [1562 bytes]","args":[{"selector":{"id":"application-manageconditionprice-display-component---conditions--smartFilterBar-filterItemControl_BASIC-BILL_TYPES-valueHelpDialog-smartFilterBar-btnBasicSearch","searchOpenDialogs":true,"interaction":{"idSuffix":"I"}},"wdio_ui5_key":"applicationmanageconditionprice-display-component---conditions--smartFilterBar-filterItemControl_BASIC-BILL_TYPES-valueHelpDialog-smartFilterBar-btnBasicSearch"}]}
RESULT: undefined
COMMAND: POST /session/00fbe995d254b544c9b458c3d09ef85d/execute/async - {"script":"<script> [776 bytes]","args":[{"enterText":"TB","selector":{"id":"application-manageconditionprice-display-component---conditions--smartFilterBar-filterItemControl_BASIC-BILL_TYPES-valueHelpDialog-smartFilterBar-btnBasicSearch","searchOpenDialogs":true,"interaction":{"idSuffix":"I"}},"clearTextFirst":true,"interactionType":"ENTER_TEXT"}]}
RESULT: {}
RESULT: {"script":"<script> [776 bytes]","args":[{"enterText":"TB","selector":{"id":"application-manageconditionprice-display-component---conditions--smartFilterBar-filterItemControl_BASIC-BILL_TYPES-valueHelpDialog-smartFilterBar-btnBasicSearch","searchOpenDialogs":true,"interaction":{"idSuffix":"I"}},"clearTextFirst":true,"interactionType":"ENTER_TEXT"}]}
COMMAND: POST /session/00fbe995d254b544c9b458c3d09ef85d/actions - {"actions":[{"id":"action55","type":"key","parameters":{},"actions":[{"type":"keyDown","value":"î€‡"},{"type":"pause","duration":10},{"type":"keyUp","value":"î€‡"}]}]}
RESULT: {"actions":[{"id":"action55","type":"key","parameters":{},"actions":[{"type":"keyDown","value":"î€‡"},{"type":"pause","duration":10},{"type":"keyUp","value":"î€‡"}]}]}
COMMAND: GET /session/00fbe995d254b544c9b458c3d09ef85d/screenshot - {}
RESULT: {}
COMMAND: POST /session/00fbe995d254b544c9b458c3d09ef85d/element - {"using":"xpath","value":"//div[contains(@id, 'application-manageconditionprice-display-component---conditions--smartFilterBar-filterItemControl_BASIC-BILL_TYPES-valueHelpDialog-table-rowsel0')]"}
RESULT: {"using":"xpath","value":"//div[contains(@id, 'application-manageconditionprice-display-component---conditions--smartFilterBar-filterItemControl_BASIC-BILL_TYPES-valueHelpDialog-table-rowsel0')]"}
COMMAND: POST /session/00fbe995d254b544c9b458c3d09ef85d/element/f.5B10500533936BC34E48C94F23BC04CA.d.3B21D98CAF6D068289376D792B4205A1.e.12414/click - {}
RESULT: {}
COMMAND: GET /session/00fbe995d254b544c9b458c3d09ef85d/screenshot - {}
RESULT: {}
COMMAND: POST /session/00fbe995d254b544c9b458c3d09ef85d/element - {"using":"xpath","value":"//bdi[contains(text(), \"OK\")]"}
RESULT: {"using":"xpath","value":"//bdi[contains(text(), \"OK\")]"}
COMMAND: POST /session/00fbe995d254b544c9b458c3d09ef85d/element/f.5B10500533936BC34E48C94F23BC04CA.d.3B21D98CAF6D068289376D792B4205A1.e.12416/click - {}
RESULT: {}
COMMAND: GET /session/00fbe995d254b544c9b458c3d09ef85d/screenshot - {}
RESULT: {}
COMMAND: POST /session/00fbe995d254b544c9b458c3d09ef85d/element - {"using":"xpath","value":"//span[@id=\"application-manageconditionprice-display-component---conditions--smartTable-header-inner\"]"}
RESULT: {"using":"xpath","value":"//span[@id=\"application-manageconditionprice-display-component---conditions--smartTable-header-inner\"]"}
COMMAND: POST /session/00fbe995d254b544c9b458c3d09ef85d/elements - {"using":"xpath","value":"//span[@id=\"application-manageconditionprice-display-component---conditions--smartTable-header-inner\"]"}
RESULT: {"using":"xpath","value":"//span[@id=\"application-manageconditionprice-display-component---conditions--smartTable-header-inner\"]"}
COMMAND: POST /session/00fbe995d254b544c9b458c3d09ef85d/execute/sync - {"script":"<script> [56 bytes]","args":[{"element-6066-11e4-a52e-4f735466cecf":"f.5B10500533936BC34E48C94F23BC04CA.d.3B21D98CAF6D068289376D792B4205A1.e.12419","ELEMENT":"f.5B10500533936BC34E48C94F23BC04CA.d.3B21D98CAF6D068289376D792B4205A1.e.12419"}]}
RESULT: {"script":"<script> [56 bytes]","args":[{"element-6066-11e4-a52e-4f735466cecf":"f.5B10500533936BC34E48C94F23BC04CA.d.3B21D98CAF6D068289376D792B4205A1.e.12419","ELEMENT":"f.5B10500533936BC34E48C94F23BC04CA.d.3B21D98CAF6D068289376D792B4205A1.e.12419"}]}
COMMAND: POST /session/00fbe995d254b544c9b458c3d09ef85d/element - {"using":"css selector","value":"#shell-header-logo"}
COMMAND: GET /session/00fbe995d254b544c9b458c3d09ef85d/screenshot - {}
RESULT: {"using":"css selector","value":"#shell-header-logo"}
COMMAND: POST /session/00fbe995d254b544c9b458c3d09ef85d/element/f.5B10500533936BC34E48C94F23BC04CA.d.3B21D98CAF6D068289376D792B4205A1.e.12046/click - {}
RESULT: {}
RESULT: {}
COMMAND: GET /session/00fbe995d254b544c9b458c3d09ef85d/screenshot - {}
RESULT: {}
]]></system-out>
    </testcase>
  </testsuite>
</testsuites>