<?xml version="1.0" encoding="UTF-8"?>
<testsuites tests="6" failures="3" errors="3" skipped="0">
  <testsuite timestamp="2025-04-24T15:53:58" time="109.93" tests="1" failures="0" errors="0" skipped="0">
    <properties>
      <property name="specId" value="0" />
      <property name="suiteName" value="Create a new catalogs section" />
      <property name="capabilities" value="chrome.135_0_7049_96.windows" />
      <property name="file" value="file:///D:/a/1/s/test/specs/R2C/create-new-webshop-catalog-section.spec.js" />
    </properties>
    <testcase classname="chrome.135_0_7049_96.windows.Create_a_new_catalogs_section" name="Should navigate to manage catalogs and add a new section on webshop catalog" time="82.207">
      <system-out><![CDATA[
COMMAND: POST /session/30ac03326a5f9a3de28018c8504600f8/element - {"using":"xpath","value":"//*[contains(@href, 'etm.portal.ui.managecatalogs')]"}
RESULT: {"using":"xpath","value":"//*[contains(@href, 'etm.portal.ui.managecatalogs')]"}
COMMAND: POST /session/30ac03326a5f9a3de28018c8504600f8/element/f.EF55CF26A093B7FF9D639938CF36CCE2.d.D7BABBF133A797316C38F7A0E51AEB93.e.119/click - {}
RESULT: {}
COMMAND: GET /session/30ac03326a5f9a3de28018c8504600f8/screenshot - {}
RESULT: {}
COMMAND: POST /session/30ac03326a5f9a3de28018c8504600f8/execute/async - {"script":"<script> [1562 bytes]","args":[{"selector":{"controlType":"sap.m.Text","viewName":"etm.portal.ui.managecatalogs.view.MasterCatalogs","viewId":"application-managecatalogs-display-component---masterCatalogs","bindingPath":{"path":"/Catalogs('0D7502D073D53A0F1700BE067B89AFF9')","propertyPath":"DESCRIPTION","modelName":"catalogModel"}},"wdio_ui5_key":"etmportal.ui.managecatalogs.view.MasterCatalogssap.m.Text{\"path\":\"/Catalogs('0D7502D073D53A0F1700BE067B89AFF9')\",\"propertyPath\":\"DESCRIPTION\",\"modelName\":\"catalogModel\"}"}]}
RESULT: {"script":"<script> [1562 bytes]","args":[{"selector":{"controlType":"sap.m.Text","viewName":"etm.portal.ui.managecatalogs.view.MasterCatalogs","viewId":"application-managecatalogs-display-component---masterCatalogs","bindingPath":{"path":"/Catalogs('0D7502D073D53A0F1700BE067B89AFF9')","propertyPath":"DESCRIPTION","modelName":"catalogModel"}},"wdio_ui5_key":"etmportal.ui.managecatalogs.view.MasterCatalogssap.m.Text{\"path\":\"/Catalogs('0D7502D073D53A0F1700BE067B89AFF9')\",\"propertyPath\":\"DESCRIPTION\",\"modelName\":\"catalogModel\"}"}]}
RESULT: undefined
COMMAND: POST /session/30ac03326a5f9a3de28018c8504600f8/element - {"using":"xpath","value":"//*[@id=\"__text39-application-managecatalogs-display-component---masterCatalogs--CatalogsTable-11\"]"}
RESULT: {"using":"xpath","value":"//*[@id=\"__text39-application-managecatalogs-display-component---masterCatalogs--CatalogsTable-11\"]"}
COMMAND: POST /session/30ac03326a5f9a3de28018c8504600f8/element/f.EF55CF26A093B7FF9D639938CF36CCE2.d.D7BABBF133A797316C38F7A0E51AEB93.e.149/click - {}
RESULT: {}
COMMAND: POST /session/30ac03326a5f9a3de28018c8504600f8/execute/async - {"script":"<script> [1562 bytes]","args":[{"selector":{"controlType":"sap.ui.layout.HorizontalLayout","viewName":"etm.portal.ui.managecatalogs.view.MasterItems","viewId":"application-managecatalogs-display-component---masterCatalogItems","ancestor":{"id":"application-managecatalogs-display-component---masterCatalogItems--idCatalogItemsTree-rows-row0"}},"wdio_ui5_key":"etmportal.ui.managecatalogs.view.MasterItemssap.ui.layout.HorizontalLayout{\"id\":\"application-managecatalogs-display-component---masterCatalogItems--idCatalogItemsTree-rows-row0\"}"}]}
COMMAND: GET /session/30ac03326a5f9a3de28018c8504600f8/screenshot - {}
RESULT: {"script":"<script> [1562 bytes]","args":[{"selector":{"controlType":"sap.ui.layout.HorizontalLayout","viewName":"etm.portal.ui.managecatalogs.view.MasterItems","viewId":"application-managecatalogs-display-component---masterCatalogItems","ancestor":{"id":"application-managecatalogs-display-component---masterCatalogItems--idCatalogItemsTree-rows-row0"}},"wdio_ui5_key":"etmportal.ui.managecatalogs.view.MasterItemssap.ui.layout.HorizontalLayout{\"id\":\"application-managecatalogs-display-component---masterCatalogItems--idCatalogItemsTree-rows-row0\"}"}]}
RESULT: undefined
COMMAND: POST /session/30ac03326a5f9a3de28018c8504600f8/element - {"using":"xpath","value":"//*[@id=\"__layout3-__clone11\"]"}
RESULT: {}
RESULT: {"using":"xpath","value":"//*[@id=\"__layout3-__clone11\"]"}
COMMAND: POST /session/30ac03326a5f9a3de28018c8504600f8/element/f.EF55CF26A093B7FF9D639938CF36CCE2.d.D7BABBF133A797316C38F7A0E51AEB93.e.183/click - {}
RESULT: {}
COMMAND: GET /session/30ac03326a5f9a3de28018c8504600f8/screenshot - {}
RESULT: {}
COMMAND: POST /session/30ac03326a5f9a3de28018c8504600f8/execute/async - {"script":"<script> [1562 bytes]","args":[{"selector":{"controlType":"sap.m.Button","viewName":"etm.portal.ui.managecatalogs.view.Detail","viewId":"application-managecatalogs-display-component---detailCatalog","i18NText":{"propertyName":"text","key":"edit"},"interaction":{"idSuffix":"BDI-content"}},"wdio_ui5_key":"etmportal.ui.managecatalogs.view.Detailsap.m.Button{\"propertyName\":\"text\",\"key\":\"edit\"}"}]}
RESULT: {"script":"<script> [1562 bytes]","args":[{"selector":{"controlType":"sap.m.Button","viewName":"etm.portal.ui.managecatalogs.view.Detail","viewId":"application-managecatalogs-display-component---detailCatalog","i18NText":{"propertyName":"text","key":"edit"},"interaction":{"idSuffix":"BDI-content"}},"wdio_ui5_key":"etmportal.ui.managecatalogs.view.Detailsap.m.Button{\"propertyName\":\"text\",\"key\":\"edit\"}"}]}
RESULT: undefined
COMMAND: POST /session/30ac03326a5f9a3de28018c8504600f8/element - {"using":"xpath","value":"//*[@id=\"__button35\"]"}
RESULT: {"using":"xpath","value":"//*[@id=\"__button35\"]"}
COMMAND: POST /session/30ac03326a5f9a3de28018c8504600f8/element/f.EF55CF26A093B7FF9D639938CF36CCE2.d.D7BABBF133A797316C38F7A0E51AEB93.e.305/click - {}
RESULT: {}
COMMAND: GET /session/30ac03326a5f9a3de28018c8504600f8/screenshot - {}
RESULT: {}
COMMAND: POST /session/30ac03326a5f9a3de28018c8504600f8/element - {"using":"xpath","value":"//bdi[contains(text(), \"Unlock\")]"}
RESULT: {"using":"xpath","value":"//bdi[contains(text(), \"Unlock\")]"}
COMMAND: POST /session/30ac03326a5f9a3de28018c8504600f8/elements - {"using":"xpath","value":"//bdi[contains(text(), \"Unlock\")]"}
RESULT: {"using":"xpath","value":"//bdi[contains(text(), \"Unlock\")]"}
COMMAND: POST /session/30ac03326a5f9a3de28018c8504600f8/execute/async - {"script":"<script> [1562 bytes]","args":[{"selector":{"controlType":"sap.ui.core.Icon","viewName":"etm.portal.ui.managecatalogs.view.Detail","viewId":"application-managecatalogs-display-component---detailCatalog","properties":{"src":{"regex":{"source":"add\\-folder"}}}},"wdio_ui5_key":"etmportal.ui.managecatalogs.view.Detailsap.ui.core.Icon{\"src\":{\"regex\":{\"source\":\"add\\\\-folder\"}}}"}]}
RESULT: {"script":"<script> [1562 bytes]","args":[{"selector":{"controlType":"sap.ui.core.Icon","viewName":"etm.portal.ui.managecatalogs.view.Detail","viewId":"application-managecatalogs-display-component---detailCatalog","properties":{"src":{"regex":{"source":"add\\-folder"}}}},"wdio_ui5_key":"etmportal.ui.managecatalogs.view.Detailsap.ui.core.Icon{\"src\":{\"regex\":{\"source\":\"add\\\\-folder\"}}}"}]}
RESULT: undefined
COMMAND: POST /session/30ac03326a5f9a3de28018c8504600f8/element - {"using":"xpath","value":"//*[@id=\"__button43-img\"]"}
RESULT: {"using":"xpath","value":"//*[@id=\"__button43-img\"]"}
COMMAND: POST /session/30ac03326a5f9a3de28018c8504600f8/element/f.EF55CF26A093B7FF9D639938CF36CCE2.d.D7BABBF133A797316C38F7A0E51AEB93.e.319/click - {}
RESULT: {}
COMMAND: GET /session/30ac03326a5f9a3de28018c8504600f8/screenshot - {}
RESULT: {}
COMMAND: POST /session/30ac03326a5f9a3de28018c8504600f8/execute/async - {"script":"<script> [1562 bytes]","args":[{"selector":{"id":"application-managecatalogs-display-component---detailCatalog--numberInput","searchOpenDialogs":true,"interaction":{"idSuffix":"inner"}},"wdio_ui5_key":"applicationmanagecatalogs-display-component---detailCatalog--numberInput"}]}
RESULT: {"script":"<script> [1562 bytes]","args":[{"selector":{"id":"application-managecatalogs-display-component---detailCatalog--numberInput","searchOpenDialogs":true,"interaction":{"idSuffix":"inner"}},"wdio_ui5_key":"applicationmanagecatalogs-display-component---detailCatalog--numberInput"}]}
RESULT: undefined
COMMAND: POST /session/30ac03326a5f9a3de28018c8504600f8/execute/async - {"script":"<script> [776 bytes]","args":[{"enterText":"Sectionktac5","selector":{"id":"application-managecatalogs-display-component---detailCatalog--numberInput","searchOpenDialogs":true,"interaction":{"idSuffix":"inner"}},"clearTextFirst":true,"interactionType":"ENTER_TEXT"}]}
RESULT: {"script":"<script> [776 bytes]","args":[{"enterText":"Sectionktac5","selector":{"id":"application-managecatalogs-display-component---detailCatalog--numberInput","searchOpenDialogs":true,"interaction":{"idSuffix":"inner"}},"clearTextFirst":true,"interactionType":"ENTER_TEXT"}]}
COMMAND: POST /session/30ac03326a5f9a3de28018c8504600f8/element - {"using":"css selector","value":"#application-managecatalogs-display-component---detailCatalog--nameInput-inner"}
RESULT: {"using":"css selector","value":"#application-managecatalogs-display-component---detailCatalog--nameInput-inner"}
COMMAND: POST /session/30ac03326a5f9a3de28018c8504600f8/elements - {"using":"css selector","value":"#application-managecatalogs-display-component---detailCatalog--nameInput-inner"}
RESULT: {"using":"css selector","value":"#application-managecatalogs-display-component---detailCatalog--nameInput-inner"}
COMMAND: POST /session/30ac03326a5f9a3de28018c8504600f8/element/f.EF55CF26A093B7FF9D639938CF36CCE2.d.D7BABBF133A797316C38F7A0E51AEB93.e.323/clear - {}
RESULT: {}
COMMAND: POST /session/30ac03326a5f9a3de28018c8504600f8/element/f.EF55CF26A093B7FF9D639938CF36CCE2.d.D7BABBF133A797316C38F7A0E51AEB93.e.323/value - {"text":"Webdriver65u1oh"}
COMMAND: GET /session/30ac03326a5f9a3de28018c8504600f8/screenshot - {}
RESULT: {"text":"Webdriver65u1oh"}
COMMAND: POST /session/30ac03326a5f9a3de28018c8504600f8/execute/async - {"script":"<script> [1562 bytes]","args":[{"selector":{"controlType":"sap.m.Button","viewName":"etm.portal.ui.managecatalogs.view.Detail","viewId":"application-managecatalogs-display-component---detailCatalog","i18NText":{"propertyName":"text","key":"create"},"searchOpenDialogs":true,"interaction":{"idSuffix":"BDI-content"}},"wdio_ui5_key":"etmportal.ui.managecatalogs.view.Detailsap.m.Button{\"propertyName\":\"text\",\"key\":\"create\"}"}]}
COMMAND: GET /session/30ac03326a5f9a3de28018c8504600f8/screenshot - {}
RESULT: {}
RESULT: {"script":"<script> [1562 bytes]","args":[{"selector":{"controlType":"sap.m.Button","viewName":"etm.portal.ui.managecatalogs.view.Detail","viewId":"application-managecatalogs-display-component---detailCatalog","i18NText":{"propertyName":"text","key":"create"},"searchOpenDialogs":true,"interaction":{"idSuffix":"BDI-content"}},"wdio_ui5_key":"etmportal.ui.managecatalogs.view.Detailsap.m.Button{\"propertyName\":\"text\",\"key\":\"create\"}"}]}
RESULT: undefined
COMMAND: POST /session/30ac03326a5f9a3de28018c8504600f8/element - {"using":"xpath","value":"//*[@id=\"__button13\"]"}
RESULT: {}
RESULT: {"using":"xpath","value":"//*[@id=\"__button13\"]"}
COMMAND: POST /session/30ac03326a5f9a3de28018c8504600f8/element/f.EF55CF26A093B7FF9D639938CF36CCE2.d.D7BABBF133A797316C38F7A0E51AEB93.e.329/click - {}
RESULT: {}
COMMAND: GET /session/30ac03326a5f9a3de28018c8504600f8/screenshot - {}
RESULT: {}
COMMAND: POST /session/30ac03326a5f9a3de28018c8504600f8/element - {"using":"xpath","value":"//button[@title=\"Save\"]"}
RESULT: {"using":"xpath","value":"//button[@title=\"Save\"]"}
COMMAND: POST /session/30ac03326a5f9a3de28018c8504600f8/element/f.EF55CF26A093B7FF9D639938CF36CCE2.d.D7BABBF133A797316C38F7A0E51AEB93.e.330/click - {}
RESULT: {}
COMMAND: POST /session/30ac03326a5f9a3de28018c8504600f8/execute/async - {"script":"<script> [1562 bytes]","args":[{"selector":{"controlType":"sap.ui.core.Icon","viewName":"etm.portal.ui.managecatalogs.view.Detail","viewId":"application-managecatalogs-display-component---detailCatalog","properties":{"src":{"regex":{"source":"decline"}}}},"wdio_ui5_key":"etmportal.ui.managecatalogs.view.Detailsap.ui.core.Icon{\"src\":{\"regex\":{\"source\":\"decline\"}}}"}]}
COMMAND: GET /session/30ac03326a5f9a3de28018c8504600f8/screenshot - {}
RESULT: {"script":"<script> [1562 bytes]","args":[{"selector":{"controlType":"sap.ui.core.Icon","viewName":"etm.portal.ui.managecatalogs.view.Detail","viewId":"application-managecatalogs-display-component---detailCatalog","properties":{"src":{"regex":{"source":"decline"}}}},"wdio_ui5_key":"etmportal.ui.managecatalogs.view.Detailsap.ui.core.Icon{\"src\":{\"regex\":{\"source\":\"decline\"}}}"}]}
RESULT: undefined
COMMAND: POST /session/30ac03326a5f9a3de28018c8504600f8/element - {"using":"xpath","value":"//*[@id=\"__button38-img\"]"}
RESULT: {}
RESULT: {"using":"xpath","value":"//*[@id=\"__button38-img\"]"}
COMMAND: POST /session/30ac03326a5f9a3de28018c8504600f8/element/f.EF55CF26A093B7FF9D639938CF36CCE2.d.D7BABBF133A797316C38F7A0E51AEB93.e.342/click - {}
RESULT: {}
COMMAND: GET /session/30ac03326a5f9a3de28018c8504600f8/screenshot - {}
RESULT: {}
COMMAND: POST /session/30ac03326a5f9a3de28018c8504600f8/execute/async - {"script":"<script> [1562 bytes]","args":[{"selector":{"controlType":"sap.ui.core.Icon","viewName":"etm.portal.ui.managecatalogs.view.MasterItems","viewId":"application-managecatalogs-display-component---masterCatalogItems","properties":{"src":{"regex":{"source":"refresh"}}}},"wdio_ui5_key":"etmportal.ui.managecatalogs.view.MasterItemssap.ui.core.Icon{\"src\":{\"regex\":{\"source\":\"refresh\"}}}"}]}
RESULT: {"script":"<script> [1562 bytes]","args":[{"selector":{"controlType":"sap.ui.core.Icon","viewName":"etm.portal.ui.managecatalogs.view.MasterItems","viewId":"application-managecatalogs-display-component---masterCatalogItems","properties":{"src":{"regex":{"source":"refresh"}}}},"wdio_ui5_key":"etmportal.ui.managecatalogs.view.MasterItemssap.ui.core.Icon{\"src\":{\"regex\":{\"source\":\"refresh\"}}}"}]}
RESULT: undefined
COMMAND: POST /session/30ac03326a5f9a3de28018c8504600f8/element - {"using":"xpath","value":"//*[@id=\"__button11-img\"]"}
RESULT: {"using":"xpath","value":"//*[@id=\"__button11-img\"]"}
COMMAND: POST /session/30ac03326a5f9a3de28018c8504600f8/element/f.EF55CF26A093B7FF9D639938CF36CCE2.d.D7BABBF133A797316C38F7A0E51AEB93.e.376/click - {}
RESULT: {}
COMMAND: POST /session/30ac03326a5f9a3de28018c8504600f8/execute/async - {"script":"<script> [1562 bytes]","args":[{"selector":{"id":"application-managecatalogs-display-component---masterCatalogItems--searchItemsField","interaction":{"idSuffix":"I"}},"wdio_ui5_key":"applicationmanagecatalogs-display-component---masterCatalogItems--searchItemsField"}]}
COMMAND: GET /session/30ac03326a5f9a3de28018c8504600f8/screenshot - {}
RESULT: {"script":"<script> [1562 bytes]","args":[{"selector":{"id":"application-managecatalogs-display-component---masterCatalogItems--searchItemsField","interaction":{"idSuffix":"I"}},"wdio_ui5_key":"applicationmanagecatalogs-display-component---masterCatalogItems--searchItemsField"}]}
RESULT: undefined
COMMAND: POST /session/30ac03326a5f9a3de28018c8504600f8/execute/async - {"script":"<script> [776 bytes]","args":[{"enterText":"Webdriver65u1oh","selector":{"id":"application-managecatalogs-display-component---masterCatalogItems--searchItemsField","interaction":{"idSuffix":"I"}},"clearTextFirst":true,"interactionType":"ENTER_TEXT"}]}
RESULT: {}
RESULT: {"script":"<script> [776 bytes]","args":[{"enterText":"Webdriver65u1oh","selector":{"id":"application-managecatalogs-display-component---masterCatalogItems--searchItemsField","interaction":{"idSuffix":"I"}},"clearTextFirst":true,"interactionType":"ENTER_TEXT"}]}
COMMAND: POST /session/30ac03326a5f9a3de28018c8504600f8/actions - {"actions":[{"id":"action1","type":"key","parameters":{},"actions":[{"type":"keyDown","value":"î€‡"},{"type":"pause","duration":10},{"type":"keyUp","value":"î€‡"}]}]}
RESULT: {"actions":[{"id":"action1","type":"key","parameters":{},"actions":[{"type":"keyDown","value":"î€‡"},{"type":"pause","duration":10},{"type":"keyUp","value":"î€‡"}]}]}
COMMAND: POST /session/30ac03326a5f9a3de28018c8504600f8/element - {"using":"xpath","value":"(//span[contains(text(), \"Webdriver65u1oh\")])[1]"}
COMMAND: GET /session/30ac03326a5f9a3de28018c8504600f8/screenshot - {}
RESULT: {"using":"xpath","value":"(//span[contains(text(), \"Webdriver65u1oh\")])[1]"}
COMMAND: POST /session/30ac03326a5f9a3de28018c8504600f8/element/f.EF55CF26A093B7FF9D639938CF36CCE2.d.D7BABBF133A797316C38F7A0E51AEB93.e.379/click - {}
RESULT: {}
RESULT: {}
COMMAND: GET /session/30ac03326a5f9a3de28018c8504600f8/screenshot - {}
RESULT: {}
RESULT: undefined
COMMAND: POST /session/30ac03326a5f9a3de28018c8504600f8/element - {"using":"xpath","value":"//*[@id=\"__button35\"]"}
RESULT: {"using":"xpath","value":"//*[@id=\"__button35\"]"}
COMMAND: POST /session/30ac03326a5f9a3de28018c8504600f8/element/f.EF55CF26A093B7FF9D639938CF36CCE2.d.D7BABBF133A797316C38F7A0E51AEB93.e.412/click - {}
RESULT: {}
COMMAND: GET /session/30ac03326a5f9a3de28018c8504600f8/screenshot - {}
RESULT: {}
RESULT: undefined
COMMAND: POST /session/30ac03326a5f9a3de28018c8504600f8/element - {"using":"xpath","value":"//*[@id=\"__button43-img\"]"}
RESULT: {"using":"xpath","value":"//*[@id=\"__button43-img\"]"}
COMMAND: POST /session/30ac03326a5f9a3de28018c8504600f8/element/f.EF55CF26A093B7FF9D639938CF36CCE2.d.D7BABBF133A797316C38F7A0E51AEB93.e.462/click - {}
RESULT: {}
COMMAND: GET /session/30ac03326a5f9a3de28018c8504600f8/screenshot - {}
RESULT: {}
RESULT: undefined
COMMAND: POST /session/30ac03326a5f9a3de28018c8504600f8/execute/async - {"script":"<script> [776 bytes]","args":[{"enterText":"SecondSectionhuxzw","selector":{"id":"application-managecatalogs-display-component---detailCatalog--numberInput","searchOpenDialogs":true,"interaction":{"idSuffix":"inner"}},"clearTextFirst":true,"interactionType":"ENTER_TEXT"}]}
RESULT: {"script":"<script> [776 bytes]","args":[{"enterText":"SecondSectionhuxzw","selector":{"id":"application-managecatalogs-display-component---detailCatalog--numberInput","searchOpenDialogs":true,"interaction":{"idSuffix":"inner"}},"clearTextFirst":true,"interactionType":"ENTER_TEXT"}]}
COMMAND: POST /session/30ac03326a5f9a3de28018c8504600f8/element - {"using":"xpath","value":"//input[contains(@id ,\"application-managecatalogs-display-component---detailCatalog--nameInput-inner\")]"}
RESULT: {"using":"xpath","value":"//input[contains(@id ,\"application-managecatalogs-display-component---detailCatalog--nameInput-inner\")]"}
COMMAND: POST /session/30ac03326a5f9a3de28018c8504600f8/elements - {"using":"xpath","value":"//input[contains(@id ,\"application-managecatalogs-display-component---detailCatalog--nameInput-inner\")]"}
RESULT: {"using":"xpath","value":"//input[contains(@id ,\"application-managecatalogs-display-component---detailCatalog--nameInput-inner\")]"}
COMMAND: POST /session/30ac03326a5f9a3de28018c8504600f8/element/f.EF55CF26A093B7FF9D639938CF36CCE2.d.D7BABBF133A797316C38F7A0E51AEB93.e.466/clear - {}
RESULT: {}
COMMAND: POST /session/30ac03326a5f9a3de28018c8504600f8/element/f.EF55CF26A093B7FF9D639938CF36CCE2.d.D7BABBF133A797316C38F7A0E51AEB93.e.466/value - {"text":"webdriversecondxf16x"}
COMMAND: GET /session/30ac03326a5f9a3de28018c8504600f8/screenshot - {}
RESULT: {"text":"webdriversecondxf16x"}
COMMAND: POST /session/30ac03326a5f9a3de28018c8504600f8/execute/async - {"script":"<script> [1562 bytes]","args":[{"selector":{"id":"application-managecatalogs-display-component---detailCatalog--nameInput","searchOpenDialogs":true,"interaction":{"idSuffix":"inner"}},"wdio_ui5_key":"applicationmanagecatalogs-display-component---detailCatalog--nameInput"}]}
COMMAND: GET /session/30ac03326a5f9a3de28018c8504600f8/screenshot - {}
RESULT: {}
RESULT: {"script":"<script> [1562 bytes]","args":[{"selector":{"id":"application-managecatalogs-display-component---detailCatalog--nameInput","searchOpenDialogs":true,"interaction":{"idSuffix":"inner"}},"wdio_ui5_key":"applicationmanagecatalogs-display-component---detailCatalog--nameInput"}]}
RESULT: undefined
COMMAND: POST /session/30ac03326a5f9a3de28018c8504600f8/execute/async - {"script":"<script> [776 bytes]","args":[{"enterText":"webdriversecondxf16x","selector":{"id":"application-managecatalogs-display-component---detailCatalog--nameInput","searchOpenDialogs":true,"interaction":{"idSuffix":"inner"}},"clearTextFirst":true,"interactionType":"ENTER_TEXT"}]}
RESULT: {}
RESULT: {"script":"<script> [776 bytes]","args":[{"enterText":"webdriversecondxf16x","selector":{"id":"application-managecatalogs-display-component---detailCatalog--nameInput","searchOpenDialogs":true,"interaction":{"idSuffix":"inner"}},"clearTextFirst":true,"interactionType":"ENTER_TEXT"}]}
RESULT: undefined
COMMAND: POST /session/30ac03326a5f9a3de28018c8504600f8/element - {"using":"xpath","value":"//*[@id=\"__button13\"]"}
RESULT: {"using":"xpath","value":"//*[@id=\"__button13\"]"}
COMMAND: POST /session/30ac03326a5f9a3de28018c8504600f8/element/f.EF55CF26A093B7FF9D639938CF36CCE2.d.D7BABBF133A797316C38F7A0E51AEB93.e.470/click - {}
RESULT: {}
COMMAND: GET /session/30ac03326a5f9a3de28018c8504600f8/screenshot - {}
RESULT: {}
COMMAND: POST /session/30ac03326a5f9a3de28018c8504600f8/element - {"using":"xpath","value":"//button[@title=\"Save\"]"}
RESULT: {"using":"xpath","value":"//button[@title=\"Save\"]"}
COMMAND: POST /session/30ac03326a5f9a3de28018c8504600f8/element/f.EF55CF26A093B7FF9D639938CF36CCE2.d.D7BABBF133A797316C38F7A0E51AEB93.e.446/click - {}
RESULT: {}
COMMAND: GET /session/30ac03326a5f9a3de28018c8504600f8/screenshot - {}
RESULT: {}
RESULT: undefined
COMMAND: POST /session/30ac03326a5f9a3de28018c8504600f8/element - {"using":"xpath","value":"//*[@id=\"__button38-img\"]"}
RESULT: {"using":"xpath","value":"//*[@id=\"__button38-img\"]"}
COMMAND: POST /session/30ac03326a5f9a3de28018c8504600f8/element/f.EF55CF26A093B7FF9D639938CF36CCE2.d.D7BABBF133A797316C38F7A0E51AEB93.e.419/click - {}
RESULT: {}
COMMAND: GET /session/30ac03326a5f9a3de28018c8504600f8/screenshot - {}
RESULT: {}
RESULT: undefined
COMMAND: POST /session/30ac03326a5f9a3de28018c8504600f8/element - {"using":"xpath","value":"//*[@id=\"__button11-img\"]"}
RESULT: {"using":"xpath","value":"//*[@id=\"__button11-img\"]"}
COMMAND: POST /session/30ac03326a5f9a3de28018c8504600f8/element/f.EF55CF26A093B7FF9D639938CF36CCE2.d.D7BABBF133A797316C38F7A0E51AEB93.e.508/click - {}
RESULT: {}
COMMAND: GET /session/30ac03326a5f9a3de28018c8504600f8/screenshot - {}
RESULT: {}
RESULT: undefined
COMMAND: POST /session/30ac03326a5f9a3de28018c8504600f8/execute/async - {"script":"<script> [776 bytes]","args":[{"enterText":"SecondSectionhuxzw","selector":{"id":"application-managecatalogs-display-component---masterCatalogItems--searchItemsField","interaction":{"idSuffix":"I"}},"clearTextFirst":true,"interactionType":"ENTER_TEXT"}]}
RESULT: {"script":"<script> [776 bytes]","args":[{"enterText":"SecondSectionhuxzw","selector":{"id":"application-managecatalogs-display-component---masterCatalogItems--searchItemsField","interaction":{"idSuffix":"I"}},"clearTextFirst":true,"interactionType":"ENTER_TEXT"}]}
COMMAND: POST /session/30ac03326a5f9a3de28018c8504600f8/actions - {"actions":[{"id":"action2","type":"key","parameters":{},"actions":[{"type":"keyDown","value":"î€‡"},{"type":"pause","duration":10},{"type":"keyUp","value":"î€‡"}]}]}
RESULT: {"actions":[{"id":"action2","type":"key","parameters":{},"actions":[{"type":"keyDown","value":"î€‡"},{"type":"pause","duration":10},{"type":"keyUp","value":"î€‡"}]}]}
COMMAND: POST /session/30ac03326a5f9a3de28018c8504600f8/element - {"using":"xpath","value":"(//span[contains(text(), \"SecondSectionhuxzw\")])[1]"}
COMMAND: GET /session/30ac03326a5f9a3de28018c8504600f8/screenshot - {}
RESULT: {"using":"xpath","value":"(//span[contains(text(), \"SecondSectionhuxzw\")])[1]"}
COMMAND: POST /session/30ac03326a5f9a3de28018c8504600f8/element/f.EF55CF26A093B7FF9D639938CF36CCE2.d.D7BABBF133A797316C38F7A0E51AEB93.e.511/click - {}
RESULT: {}
RESULT: {}
COMMAND: POST /session/30ac03326a5f9a3de28018c8504600f8/element - {"using":"xpath","value":"(//span[contains(text(), \"SecondSectionhuxzw\")])[1]"}
COMMAND: GET /session/30ac03326a5f9a3de28018c8504600f8/screenshot - {}
RESULT: {"using":"xpath","value":"(//span[contains(text(), \"SecondSectionhuxzw\")])[1]"}
COMMAND: GET /session/30ac03326a5f9a3de28018c8504600f8/element/f.EF55CF26A093B7FF9D639938CF36CCE2.d.D7BABBF133A797316C38F7A0E51AEB93.e.511/text - {}
RESULT: {}
COMMAND: POST /session/30ac03326a5f9a3de28018c8504600f8/element - {"using":"xpath","value":"(//span[contains(text(), \"SecondSectionhuxzw\")])[1]"}
RESULT: {"using":"xpath","value":"(//span[contains(text(), \"SecondSectionhuxzw\")])[1]"}
COMMAND: GET /session/30ac03326a5f9a3de28018c8504600f8/element/f.EF55CF26A093B7FF9D639938CF36CCE2.d.D7BABBF133A797316C38F7A0E51AEB93.e.511/text - {}
COMMAND: POST /session/30ac03326a5f9a3de28018c8504600f8/element - {"using":"xpath","value":"(//span[contains(text(), \"SecondSectionhuxzw\")])[1]"}
RESULT: {"using":"xpath","value":"(//span[contains(text(), \"SecondSectionhuxzw\")])[1]"}
COMMAND: GET /session/30ac03326a5f9a3de28018c8504600f8/element/f.EF55CF26A093B7FF9D639938CF36CCE2.d.D7BABBF133A797316C38F7A0E51AEB93.e.565/text - {}
RESULT: {}
COMMAND: POST /session/30ac03326a5f9a3de28018c8504600f8/element - {"using":"css selector","value":"#shell-header-logo"}
RESULT: {"using":"css selector","value":"#shell-header-logo"}
COMMAND: POST /session/30ac03326a5f9a3de28018c8504600f8/element/f.EF55CF26A093B7FF9D639938CF36CCE2.d.D7BABBF133A797316C38F7A0E51AEB93.e.122/click - {}
RESULT: {}
COMMAND: GET /session/30ac03326a5f9a3de28018c8504600f8/screenshot - {}
RESULT: {}
COMMAND: POST /session/30ac03326a5f9a3de28018c8504600f8/execute/async - {"script":"<script> [1562 bytes]","args":[{"selector":{"controlType":"sap.m.GenericTile","properties":{"header":"Manage Classifications"}},"wdio_ui5_key":"sapm.GenericTile{\"header\":\"Manage Classifications\"}"}]}
RESULT: {"script":"<script> [1562 bytes]","args":[{"selector":{"controlType":"sap.m.GenericTile","properties":{"header":"Manage Classifications"}},"wdio_ui5_key":"sapm.GenericTile{\"header\":\"Manage Classifications\"}"}]}
RESULT: undefined
COMMAND: POST /session/30ac03326a5f9a3de28018c8504600f8/element - {"using":"xpath","value":"//*[@id=\"__tile115\"]"}
RESULT: {"using":"xpath","value":"//*[@id=\"__tile115\"]"}
COMMAND: POST /session/30ac03326a5f9a3de28018c8504600f8/element/f.EF55CF26A093B7FF9D639938CF36CCE2.d.D7BABBF133A797316C38F7A0E51AEB93.e.569/click - {}
RESULT: {}
COMMAND: GET /session/30ac03326a5f9a3de28018c8504600f8/screenshot - {}
RESULT: {}
]]></system-out>
    </testcase>
  </testsuite>
  <testsuite timestamp="2025-04-24T15:55:48" time="239.835" tests="3" failures="1" errors="1" skipped="0">
    <properties>
      <property name="specId" value="0" />
      <property name="suiteName" value="Manage catalogs - yard assignment classification US138930" />
      <property name="capabilities" value="chrome.135_0_7049_96.windows" />
      <property name="file" value="file:///D:/a/1/s/test/specs/R2C/manage-catalogs-yard-assignment-classification.spec.js" />
    </properties>
    <testcase classname="chrome.135_0_7049_96.windows.Manage_catalogs_-_yard_assignment_classification_US138930" name="Should create a new classification of type yard assignment" time="37.477">
      <system-out><![CDATA[
COMMAND: POST /session/30ac03326a5f9a3de28018c8504600f8/execute/async - {"script":"<script> [1562 bytes]","args":[{"selector":{"controlType":"sap.ui.core.Icon","viewName":"etm.portal.ui.manageclassifications.view.Master","viewId":"application-manageclassifications-display-component---classificationMaster","properties":{"src":{"regex":{"source":"add"}}}},"wdio_ui5_key":"etmportal.ui.manageclassifications.view.Mastersap.ui.core.Icon{\"src\":{\"regex\":{\"source\":\"add\"}}}"}]}
RESULT: {"script":"<script> [1562 bytes]","args":[{"selector":{"controlType":"sap.ui.core.Icon","viewName":"etm.portal.ui.manageclassifications.view.Master","viewId":"application-manageclassifications-display-component---classificationMaster","properties":{"src":{"regex":{"source":"add"}}}},"wdio_ui5_key":"etmportal.ui.manageclassifications.view.Mastersap.ui.core.Icon{\"src\":{\"regex\":{\"source\":\"add\"}}}"}]}
RESULT: undefined
COMMAND: POST /session/30ac03326a5f9a3de28018c8504600f8/element - {"using":"xpath","value":"//*[@id=\"__button77-img\"]"}
RESULT: {"using":"xpath","value":"//*[@id=\"__button77-img\"]"}
COMMAND: POST /session/30ac03326a5f9a3de28018c8504600f8/element/f.EF55CF26A093B7FF9D639938CF36CCE2.d.D7BABBF133A797316C38F7A0E51AEB93.e.609/click - {}
RESULT: {}
COMMAND: POST /session/30ac03326a5f9a3de28018c8504600f8/execute/async - {"script":"<script> [1562 bytes]","args":[{"selector":{"id":"application-manageclassifications-display-component---classificationCreate--classHeaderName","interaction":{"idSuffix":"inner"}},"wdio_ui5_key":"applicationmanageclassifications-display-component---classificationCreate--classHeaderName"}]}
COMMAND: GET /session/30ac03326a5f9a3de28018c8504600f8/screenshot - {}
RESULT: {"script":"<script> [1562 bytes]","args":[{"selector":{"id":"application-manageclassifications-display-component---classificationCreate--classHeaderName","interaction":{"idSuffix":"inner"}},"wdio_ui5_key":"applicationmanageclassifications-display-component---classificationCreate--classHeaderName"}]}
RESULT: undefined
COMMAND: POST /session/30ac03326a5f9a3de28018c8504600f8/execute/async - {"script":"<script> [776 bytes]","args":[{"enterText":"WebdriverYardClass6toua","selector":{"id":"application-manageclassifications-display-component---classificationCreate--classHeaderName","interaction":{"idSuffix":"inner"}},"clearTextFirst":true,"interactionType":"ENTER_TEXT"}]}
RESULT: {}
RESULT: {"script":"<script> [776 bytes]","args":[{"enterText":"WebdriverYardClass6toua","selector":{"id":"application-manageclassifications-display-component---classificationCreate--classHeaderName","interaction":{"idSuffix":"inner"}},"clearTextFirst":true,"interactionType":"ENTER_TEXT"}]}
COMMAND: POST /session/30ac03326a5f9a3de28018c8504600f8/execute/async - {"script":"<script> [1562 bytes]","args":[{"selector":{"controlType":"sap.ui.core.Icon","viewName":"etm.portal.ui.manageclassifications.view.Create","viewId":"application-manageclassifications-display-component---classificationCreate","properties":{"src":{"regex":{"source":"slim\\-arrow\\-down"}}}},"wdio_ui5_key":"etmportal.ui.manageclassifications.view.Createsap.ui.core.Icon{\"src\":{\"regex\":{\"source\":\"slim\\\\-arrow\\\\-down\"}}}"}]}
RESULT: {"script":"<script> [1562 bytes]","args":[{"selector":{"controlType":"sap.ui.core.Icon","viewName":"etm.portal.ui.manageclassifications.view.Create","viewId":"application-manageclassifications-display-component---classificationCreate","properties":{"src":{"regex":{"source":"slim\\-arrow\\-down"}}}},"wdio_ui5_key":"etmportal.ui.manageclassifications.view.Createsap.ui.core.Icon{\"src\":{\"regex\":{\"source\":\"slim\\\\-arrow\\\\-down\"}}}"}]}
RESULT: undefined
COMMAND: POST /session/30ac03326a5f9a3de28018c8504600f8/element - {"using":"xpath","value":"//*[@id=\"__box48-arrow\"]"}
RESULT: {"using":"xpath","value":"//*[@id=\"__box48-arrow\"]"}
COMMAND: POST /session/30ac03326a5f9a3de28018c8504600f8/element/f.EF55CF26A093B7FF9D639938CF36CCE2.d.D7BABBF133A797316C38F7A0E51AEB93.e.989/click - {}
RESULT: {}
COMMAND: POST /session/30ac03326a5f9a3de28018c8504600f8/execute/async - {"script":"<script> [1562 bytes]","args":[{"selector":{"controlType":"sap.m.StandardListItem","viewName":"etm.portal.ui.manageclassifications.view.Create","viewId":"application-manageclassifications-display-component---classificationCreate","properties":{"title":"Yard assignment"},"searchOpenDialogs":true,"interaction":{"idSuffix":"titleText"}},"wdio_ui5_key":"etmportal.ui.manageclassifications.view.Createsap.m.StandardListItem{\"title\":\"Yard assignment\"}"}]}
COMMAND: GET /session/30ac03326a5f9a3de28018c8504600f8/screenshot - {}
RESULT: {"script":"<script> [1562 bytes]","args":[{"selector":{"controlType":"sap.m.StandardListItem","viewName":"etm.portal.ui.manageclassifications.view.Create","viewId":"application-manageclassifications-display-component---classificationCreate","properties":{"title":"Yard assignment"},"searchOpenDialogs":true,"interaction":{"idSuffix":"titleText"}},"wdio_ui5_key":"etmportal.ui.manageclassifications.view.Createsap.m.StandardListItem{\"title\":\"Yard assignment\"}"}]}
RESULT: undefined
COMMAND: POST /session/30ac03326a5f9a3de28018c8504600f8/element - {"using":"xpath","value":"//*[@id=\"__item297\"]"}
RESULT: {}
RESULT: {"using":"xpath","value":"//*[@id=\"__item297\"]"}
COMMAND: POST /session/30ac03326a5f9a3de28018c8504600f8/element/f.EF55CF26A093B7FF9D639938CF36CCE2.d.D7BABBF133A797316C38F7A0E51AEB93.e.1050/click - {}
RESULT: {}
COMMAND: POST /session/30ac03326a5f9a3de28018c8504600f8/execute/async - {"script":"<script> [1562 bytes]","args":[{"selector":{"controlType":"sap.ui.core.Icon","viewName":"etm.portal.ui.manageclassifications.view.Create","viewId":"application-manageclassifications-display-component---classificationCreate","properties":{"src":{"regex":{"source":"add"}}}},"wdio_ui5_key":"etmportal.ui.manageclassifications.view.Createsap.ui.core.Icon{\"src\":{\"regex\":{\"source\":\"add\"}}}"}]}
COMMAND: GET /session/30ac03326a5f9a3de28018c8504600f8/screenshot - {}
RESULT: {"script":"<script> [1562 bytes]","args":[{"selector":{"controlType":"sap.ui.core.Icon","viewName":"etm.portal.ui.manageclassifications.view.Create","viewId":"application-manageclassifications-display-component---classificationCreate","properties":{"src":{"regex":{"source":"add"}}}},"wdio_ui5_key":"etmportal.ui.manageclassifications.view.Createsap.ui.core.Icon{\"src\":{\"regex\":{\"source\":\"add\"}}}"}]}
RESULT: undefined
COMMAND: POST /session/30ac03326a5f9a3de28018c8504600f8/element - {"using":"xpath","value":"//*[@id=\"__button82-img\"]"}
RESULT: {}
RESULT: {"using":"xpath","value":"//*[@id=\"__button82-img\"]"}
COMMAND: POST /session/30ac03326a5f9a3de28018c8504600f8/element/f.EF55CF26A093B7FF9D639938CF36CCE2.d.D7BABBF133A797316C38F7A0E51AEB93.e.992/click - {}
RESULT: {}
COMMAND: POST /session/30ac03326a5f9a3de28018c8504600f8/execute/async - {"script":"<script> [1562 bytes]","args":[{"selector":{"controlType":"sap.m.Input","viewName":"etm.portal.ui.manageclassifications.view.Create","viewId":"application-manageclassifications-display-component---classificationCreate","bindingPath":{"path":"/0","propertyPath":"PROPERTY","modelName":"newConfigModel"},"interaction":{"idSuffix":"inner"}},"wdio_ui5_key":"etmportal.ui.manageclassifications.view.Createsap.m.Input{\"path\":\"/0\",\"propertyPath\":\"PROPERTY\",\"modelName\":\"newConfigModel\"}"}]}
COMMAND: GET /session/30ac03326a5f9a3de28018c8504600f8/screenshot - {}
RESULT: {"script":"<script> [1562 bytes]","args":[{"selector":{"controlType":"sap.m.Input","viewName":"etm.portal.ui.manageclassifications.view.Create","viewId":"application-manageclassifications-display-component---classificationCreate","bindingPath":{"path":"/0","propertyPath":"PROPERTY","modelName":"newConfigModel"},"interaction":{"idSuffix":"inner"}},"wdio_ui5_key":"etmportal.ui.manageclassifications.view.Createsap.m.Input{\"path\":\"/0\",\"propertyPath\":\"PROPERTY\",\"modelName\":\"newConfigModel\"}"}]}
RESULT: undefined
COMMAND: POST /session/30ac03326a5f9a3de28018c8504600f8/execute/async - {"script":"<script> [776 bytes]","args":[{"enterText":"101","selector":{"controlType":"sap.m.Input","viewName":"etm.portal.ui.manageclassifications.view.Create","viewId":"application-manageclassifications-display-component---classificationCreate","bindingPath":{"path":"/0","propertyPath":"PROPERTY","modelName":"newConfigModel"},"interaction":{"idSuffix":"inner"}},"clearTextFirst":true,"interactionType":"ENTER_TEXT"}]}
RESULT: {}
RESULT: {"script":"<script> [776 bytes]","args":[{"enterText":"101","selector":{"controlType":"sap.m.Input","viewName":"etm.portal.ui.manageclassifications.view.Create","viewId":"application-manageclassifications-display-component---classificationCreate","bindingPath":{"path":"/0","propertyPath":"PROPERTY","modelName":"newConfigModel"},"interaction":{"idSuffix":"inner"}},"clearTextFirst":true,"interactionType":"ENTER_TEXT"}]}
COMMAND: POST /session/30ac03326a5f9a3de28018c8504600f8/execute/async - {"script":"<script> [1562 bytes]","args":[{"selector":{"controlType":"sap.m.Input","viewName":"etm.portal.ui.manageclassifications.view.Create","viewId":"application-manageclassifications-display-component---classificationCreate","bindingPath":{"path":"/0","propertyPath":"DESCRIPTION","modelName":"newConfigModel"},"interaction":{"idSuffix":"inner"}},"wdio_ui5_key":"etmportal.ui.manageclassifications.view.Createsap.m.Input{\"path\":\"/0\",\"propertyPath\":\"DESCRIPTION\",\"modelName\":\"newConfigModel\"}"}]}
RESULT: {"script":"<script> [1562 bytes]","args":[{"selector":{"controlType":"sap.m.Input","viewName":"etm.portal.ui.manageclassifications.view.Create","viewId":"application-manageclassifications-display-component---classificationCreate","bindingPath":{"path":"/0","propertyPath":"DESCRIPTION","modelName":"newConfigModel"},"interaction":{"idSuffix":"inner"}},"wdio_ui5_key":"etmportal.ui.manageclassifications.view.Createsap.m.Input{\"path\":\"/0\",\"propertyPath\":\"DESCRIPTION\",\"modelName\":\"newConfigModel\"}"}]}
RESULT: undefined
COMMAND: POST /session/30ac03326a5f9a3de28018c8504600f8/execute/async - {"script":"<script> [776 bytes]","args":[{"enterText":"yard1","selector":{"controlType":"sap.m.Input","viewName":"etm.portal.ui.manageclassifications.view.Create","viewId":"application-manageclassifications-display-component---classificationCreate","bindingPath":{"path":"/0","propertyPath":"DESCRIPTION","modelName":"newConfigModel"},"interaction":{"idSuffix":"inner"}},"clearTextFirst":true,"interactionType":"ENTER_TEXT"}]}
RESULT: {"script":"<script> [776 bytes]","args":[{"enterText":"yard1","selector":{"controlType":"sap.m.Input","viewName":"etm.portal.ui.manageclassifications.view.Create","viewId":"application-manageclassifications-display-component---classificationCreate","bindingPath":{"path":"/0","propertyPath":"DESCRIPTION","modelName":"newConfigModel"},"interaction":{"idSuffix":"inner"}},"clearTextFirst":true,"interactionType":"ENTER_TEXT"}]}
COMMAND: POST /session/30ac03326a5f9a3de28018c8504600f8/execute/async - {"script":"<script> [1562 bytes]","args":[{"selector":{"controlType":"sap.ui.core.Icon","viewName":"etm.portal.ui.manageclassifications.view.Create","viewId":"application-manageclassifications-display-component---classificationCreate","properties":{"src":{"regex":{"source":"slim\\-arrow\\-down"}}},"ancestor":{"controlType":"sap.m.ComboBox","viewName":"etm.portal.ui.manageclassifications.view.Create","viewId":"application-manageclassifications-display-component---classificationCreate","bindingPath":{"path":"/0","propertyPath":"VALUE_TYPE","modelName":"newConfigModel"}}},"wdio_ui5_key":"etmportal.ui.manageclassifications.view.Createsap.ui.core.Icon{\"src\":{\"regex\":{\"source\":\"slim\\\\-arrow\\\\-down\"}}}{\"controlType\":\"sap.m.ComboBox\",\"viewName\":\"etm.portal.ui.manageclassifications.view.Create\",\"viewId\":\"application-manageclassifications-display-component---classificationCreate\",\"bindingPath\":{\"path\":\"/0\",\"propertyPath\":\"VALUE_TYPE\",\"modelName\":\"newConfigModel\"}}"}]}
RESULT: {"script":"<script> [1562 bytes]","args":[{"selector":{"controlType":"sap.ui.core.Icon","viewName":"etm.portal.ui.manageclassifications.view.Create","viewId":"application-manageclassifications-display-component---classificationCreate","properties":{"src":{"regex":{"source":"slim\\-arrow\\-down"}}},"ancestor":{"controlType":"sap.m.ComboBox","viewName":"etm.portal.ui.manageclassifications.view.Create","viewId":"application-manageclassifications-display-component---classificationCreate","bindingPath":{"path":"/0","propertyPath":"VALUE_TYPE","modelName":"newConfigModel"}}},"wdio_ui5_key":"etmportal.ui.manageclassifications.view.Createsap.ui.core.Icon{\"src\":{\"regex\":{\"source\":\"slim\\\\-arrow\\\\-down\"}}}{\"controlType\":\"sap.m.ComboBox\",\"viewName\":\"etm.portal.ui.manageclassifications.view.Create\",\"viewId\":\"application-manageclassifications-display-component---classificationCreate\",\"bindingPath\":{\"path\":\"/0\",\"propertyPath\":\"VALUE_TYPE\",\"modelName\":\"newConfigModel\"}}"}]}
RESULT: undefined
COMMAND: POST /session/30ac03326a5f9a3de28018c8504600f8/element - {"using":"xpath","value":"//*[@id=\"__box49-application-manageclassifications-display-component---classificationCreate--configurationList-0-arrow\"]"}
RESULT: {"using":"xpath","value":"//*[@id=\"__box49-application-manageclassifications-display-component---classificationCreate--configurationList-0-arrow\"]"}
COMMAND: POST /session/30ac03326a5f9a3de28018c8504600f8/element/f.EF55CF26A093B7FF9D639938CF36CCE2.d.D7BABBF133A797316C38F7A0E51AEB93.e.1059/click - {}
RESULT: {}
COMMAND: POST /session/30ac03326a5f9a3de28018c8504600f8/execute/async - {"script":"<script> [1562 bytes]","args":[{"selector":{"controlType":"sap.m.StandardListItem","viewName":"etm.portal.ui.manageclassifications.view.Create","viewId":"application-manageclassifications-display-component---classificationCreate","properties":{"title":"Boolean"},"searchOpenDialogs":true,"interaction":{"idSuffix":"content"}},"wdio_ui5_key":"etmportal.ui.manageclassifications.view.Createsap.m.StandardListItem{\"title\":\"Boolean\"}"}]}
COMMAND: GET /session/30ac03326a5f9a3de28018c8504600f8/screenshot - {}
RESULT: {"script":"<script> [1562 bytes]","args":[{"selector":{"controlType":"sap.m.StandardListItem","viewName":"etm.portal.ui.manageclassifications.view.Create","viewId":"application-manageclassifications-display-component---classificationCreate","properties":{"title":"Boolean"},"searchOpenDialogs":true,"interaction":{"idSuffix":"content"}},"wdio_ui5_key":"etmportal.ui.manageclassifications.view.Createsap.m.StandardListItem{\"title\":\"Boolean\"}"}]}
RESULT: undefined
COMMAND: POST /session/30ac03326a5f9a3de28018c8504600f8/element - {"using":"xpath","value":"//*[@id=\"__item300\"]"}
RESULT: {}
RESULT: {"using":"xpath","value":"//*[@id=\"__item300\"]"}
COMMAND: POST /session/30ac03326a5f9a3de28018c8504600f8/element/f.EF55CF26A093B7FF9D639938CF36CCE2.d.D7BABBF133A797316C38F7A0E51AEB93.e.1061/click - {}
RESULT: {}
COMMAND: POST /session/30ac03326a5f9a3de28018c8504600f8/element - {"using":"xpath","value":"//input[contains(@id ,\"application-manageclassifications-display-component---classificationCreate--classHeaderName-inner\")]"}
COMMAND: GET /session/30ac03326a5f9a3de28018c8504600f8/screenshot - {}
RESULT: {"using":"xpath","value":"//input[contains(@id ,\"application-manageclassifications-display-component---classificationCreate--classHeaderName-inner\")]"}
COMMAND: GET /session/30ac03326a5f9a3de28018c8504600f8/element/f.EF55CF26A093B7FF9D639938CF36CCE2.d.D7BABBF133A797316C38F7A0E51AEB93.e.964/property/value - {}
RESULT: {}
RESULT: {}
COMMAND: GET /session/30ac03326a5f9a3de28018c8504600f8/screenshot - {}
RESULT: {}
COMMAND: POST /session/30ac03326a5f9a3de28018c8504600f8/element - {"using":"xpath","value":"//button[@title=\"Save\"]"}
RESULT: {"using":"xpath","value":"//button[@title=\"Save\"]"}
COMMAND: POST /session/30ac03326a5f9a3de28018c8504600f8/element/f.EF55CF26A093B7FF9D639938CF36CCE2.d.D7BABBF133A797316C38F7A0E51AEB93.e.998/click - {}
RESULT: {}
COMMAND: GET /session/30ac03326a5f9a3de28018c8504600f8/screenshot - {}
RESULT: {}
COMMAND: POST /session/30ac03326a5f9a3de28018c8504600f8/execute/async - {"script":"<script> [1562 bytes]","args":[{"selector":{"id":"application-manageclassifications-display-component---classificationMaster--smartFilterBar-btnBasicSearch","interaction":{"idSuffix":"I"}},"wdio_ui5_key":"applicationmanageclassifications-display-component---classificationMaster--smartFilterBar-btnBasicSearch"}]}
RESULT: {"script":"<script> [1562 bytes]","args":[{"selector":{"id":"application-manageclassifications-display-component---classificationMaster--smartFilterBar-btnBasicSearch","interaction":{"idSuffix":"I"}},"wdio_ui5_key":"applicationmanageclassifications-display-component---classificationMaster--smartFilterBar-btnBasicSearch"}]}
RESULT: undefined
COMMAND: POST /session/30ac03326a5f9a3de28018c8504600f8/execute/async - {"script":"<script> [776 bytes]","args":[{"enterText":"WebdriverYardClass6toua","selector":{"id":"application-manageclassifications-display-component---classificationMaster--smartFilterBar-btnBasicSearch","interaction":{"idSuffix":"I"}},"clearTextFirst":true,"interactionType":"ENTER_TEXT"}]}
RESULT: {"script":"<script> [776 bytes]","args":[{"enterText":"WebdriverYardClass6toua","selector":{"id":"application-manageclassifications-display-component---classificationMaster--smartFilterBar-btnBasicSearch","interaction":{"idSuffix":"I"}},"clearTextFirst":true,"interactionType":"ENTER_TEXT"}]}
COMMAND: POST /session/30ac03326a5f9a3de28018c8504600f8/actions - {"actions":[{"id":"action3","type":"key","parameters":{},"actions":[{"type":"keyDown","value":"î€‡"},{"type":"pause","duration":10},{"type":"keyUp","value":"î€‡"}]}]}
RESULT: {"actions":[{"id":"action3","type":"key","parameters":{},"actions":[{"type":"keyDown","value":"î€‡"},{"type":"pause","duration":10},{"type":"keyUp","value":"î€‡"}]}]}
COMMAND: POST /session/30ac03326a5f9a3de28018c8504600f8/execute/async - {"script":"<script> [1562 bytes]","args":[{"selector":{"id":"application-manageclassifications-display-component---classificationMaster--smartTable-header"},"wdio_ui5_key":"applicationmanageclassifications-display-component---classificationMaster--smartTable-header"}]}
COMMAND: GET /session/30ac03326a5f9a3de28018c8504600f8/screenshot - {}
RESULT: {"script":"<script> [1562 bytes]","args":[{"selector":{"id":"application-manageclassifications-display-component---classificationMaster--smartTable-header"},"wdio_ui5_key":"applicationmanageclassifications-display-component---classificationMaster--smartTable-header"}]}
RESULT: undefined
COMMAND: POST /session/30ac03326a5f9a3de28018c8504600f8/execute/async - {"script":"<script> [6424 bytes]","args":[{"element-6066-11e4-a52e-4f735466cecf":"f.EF55CF26A093B7FF9D639938CF36CCE2.d.D7BABBF133A797316C38F7A0E51AEB93.e.1295"},"getText",[]]}
RESULT: {}
RESULT: {"script":"<script> [6424 bytes]","args":[{"element-6066-11e4-a52e-4f735466cecf":"f.EF55CF26A093B7FF9D639938CF36CCE2.d.D7BABBF133A797316C38F7A0E51AEB93.e.1295"},"getText",[]]}
COMMAND: POST /session/30ac03326a5f9a3de28018c8504600f8/element - {"using":"css selector","value":"#shell-header-logo"}
RESULT: {"using":"css selector","value":"#shell-header-logo"}
COMMAND: POST /session/30ac03326a5f9a3de28018c8504600f8/element/f.EF55CF26A093B7FF9D639938CF36CCE2.d.D7BABBF133A797316C38F7A0E51AEB93.e.575/click - {}
RESULT: {}
COMMAND: GET /session/30ac03326a5f9a3de28018c8504600f8/screenshot - {}
RESULT: {}
]]></system-out>
    </testcase>
    <testcase classname="chrome.135_0_7049_96.windows.Manage_catalogs_-_yard_assignment_classification_US138930" name="Should add the yard classification to a catalog item" time="127.23">
      <system-out><![CDATA[
COMMAND: POST /session/30ac03326a5f9a3de28018c8504600f8/execute/async - {"script":"<script> [1562 bytes]","args":[{"selector":{"controlType":"sap.m.GenericTile","properties":{"header":"Manage Catalogs"}},"wdio_ui5_key":"sapm.GenericTile{\"header\":\"Manage Catalogs\"}"}]}
RESULT: {"script":"<script> [1562 bytes]","args":[{"selector":{"controlType":"sap.m.GenericTile","properties":{"header":"Manage Catalogs"}},"wdio_ui5_key":"sapm.GenericTile{\"header\":\"Manage Catalogs\"}"}]}
RESULT: undefined
COMMAND: POST /session/30ac03326a5f9a3de28018c8504600f8/element - {"using":"xpath","value":"//*[@id=\"__tile37\"]"}
RESULT: {"using":"xpath","value":"//*[@id=\"__tile37\"]"}
COMMAND: POST /session/30ac03326a5f9a3de28018c8504600f8/element/f.EF55CF26A093B7FF9D639938CF36CCE2.d.D7BABBF133A797316C38F7A0E51AEB93.e.119/click - {}
RESULT: {}
COMMAND: GET /session/30ac03326a5f9a3de28018c8504600f8/screenshot - {}
RESULT: {}
COMMAND: POST /session/30ac03326a5f9a3de28018c8504600f8/refresh - {}
RESULT: {}
COMMAND: GET /session/30ac03326a5f9a3de28018c8504600f8/screenshot - {}
RESULT: {}
COMMAND: POST /session/30ac03326a5f9a3de28018c8504600f8/execute/async - {"script":"<script> [189 bytes]","args":[]}
RESULT: {"script":"<script> [189 bytes]","args":[]}
COMMAND: POST /session/30ac03326a5f9a3de28018c8504600f8/execute/async - {"script":"<script> [123 bytes]","args":[]}
RESULT: {"script":"<script> [123 bytes]","args":[]}
COMMAND: POST /session/30ac03326a5f9a3de28018c8504600f8/timeouts - {"script":"<number>"}
RESULT: {"script":"<number>"}
COMMAND: GET /session/30ac03326a5f9a3de28018c8504600f8/timeouts - {}
RESULT: {}
RESULT: undefined
COMMAND: POST /session/30ac03326a5f9a3de28018c8504600f8/execute/async - {"script":"<script> [2676 bytes]","args":[]}
RESULT: {"script":"<script> [2676 bytes]","args":[]}
COMMAND: POST /session/30ac03326a5f9a3de28018c8504600f8/execute/async - {"script":"<script> [2342 bytes]","args":[{"protocol":"http","hostname":"0.0.0.0","path":"/","capabilities":{"browserName":"chrome","goog:chromeOptions":{"binary":"C:\\Program Files\\Google\\Chrome\\Application\\chrome.exe","args":["--start-maximized"]}},"logLevel":"warn","connectionRetryTimeout":120000,"connectionRetryCount":3,"logLevels":{},"enableDirectConnect":true,"strictSSL":true,"_":"65 more keys: [\"cacheDir\",\"port\",\"requestedCapabilities\",\"automationProtocol\",\"baseUrl\",\"waitforInterval\",\"waitforTimeout\",\"onReload\",\"beforeCommand\",\"afterCommand\",\"rootDir\",\"specs\",\"suites\",\"exclude\",\"groupLogsByTestSpec\",\"excludeDriverLogs\",\"bail\",\"framework\",\"reporters\",\"services\",\"maxInstances\",\"maxInstancesPerCapability\",\"injectGlobals\",\"filesToWatch\",\"execArgv\",\"runnerEnv\",\"runner\",\"shard\",\"specFileRetries\",\"specFileRetriesDelay\",\"specFileRetriesDeferred\",\"reporterSyncInterval\",\"reporterSyncTimeout\",\"cucumberFeaturesWithLineNumbers\",\"autoCompileOpts\",\"mochaOpts\",\"jasmineOpts\",\"cucumberOpts\",\"onPrepare\",\"onWorkerStart\",\"onWorkerEnd\",\"before\",\"beforeSession\",\"beforeSuite\",\"beforeHook\",\"beforeTest\",\"afterTest\",\"afterHook\",\"afterSuite\",\"afterSession\",\"after\",\"onComplete\",\"beforeAssertion\",\"afterAssertion\",\"beforeFeature\",\"beforeScenario\",\"beforeStep\",\"afterStep\",\"afterScenario\",\"afterFeature\",\"_\",\"suite\",\"$0\",\"ignoredWorkerServices\",\"wdi5\"]"}]}
RESULT: {"script":"<script> [2342 bytes]","args":[{"protocol":"http","hostname":"0.0.0.0","path":"/","capabilities":{"browserName":"chrome","goog:chromeOptions":{"binary":"C:\\Program Files\\Google\\Chrome\\Application\\chrome.exe","args":["--start-maximized"]}},"logLevel":"warn","connectionRetryTimeout":120000,"connectionRetryCount":3,"logLevels":{},"enableDirectConnect":true,"strictSSL":true,"_":"65 more keys: [\"cacheDir\",\"port\",\"requestedCapabilities\",\"automationProtocol\",\"baseUrl\",\"waitforInterval\",\"waitforTimeout\",\"onReload\",\"beforeCommand\",\"afterCommand\",\"rootDir\",\"specs\",\"suites\",\"exclude\",\"groupLogsByTestSpec\",\"excludeDriverLogs\",\"bail\",\"framework\",\"reporters\",\"services\",\"maxInstances\",\"maxInstancesPerCapability\",\"injectGlobals\",\"filesToWatch\",\"execArgv\",\"runnerEnv\",\"runner\",\"shard\",\"specFileRetries\",\"specFileRetriesDelay\",\"specFileRetriesDeferred\",\"reporterSyncInterval\",\"reporterSyncTimeout\",\"cucumberFeaturesWithLineNumbers\",\"autoCompileOpts\",\"mochaOpts\",\"jasmineOpts\",\"cucumberOpts\",\"onPrepare\",\"onWorkerStart\",\"onWorkerEnd\",\"before\",\"beforeSession\",\"beforeSuite\",\"beforeHook\",\"beforeTest\",\"afterTest\",\"afterHook\",\"afterSuite\",\"afterSession\",\"after\",\"onComplete\",\"beforeAssertion\",\"afterAssertion\",\"beforeFeature\",\"beforeScenario\",\"beforeStep\",\"afterStep\",\"afterScenario\",\"afterFeature\",\"_\",\"suite\",\"$0\",\"ignoredWorkerServices\",\"wdi5\"]"}]}
COMMAND: POST /session/30ac03326a5f9a3de28018c8504600f8/execute/async - {"script":"<script> [21126 bytes]","args":[35000]}
RESULT: {"script":"<script> [21126 bytes]","args":[35000]}
COMMAND: POST /session/30ac03326a5f9a3de28018c8504600f8/element - {"using":"xpath","value":"//span[contains(text(), \"Webshop Catalog\")][contains(@id ,\"masterCatalogs\")]"}
RESULT: {"using":"xpath","value":"//span[contains(text(), \"Webshop Catalog\")][contains(@id ,\"masterCatalogs\")]"}
COMMAND: POST /session/30ac03326a5f9a3de28018c8504600f8/element/f.EF55CF26A093B7FF9D639938CF36CCE2.d.34455128055479A5C2F87A42ABB970D6.e.1398/click - {}
RESULT: {}
COMMAND: GET /session/30ac03326a5f9a3de28018c8504600f8/screenshot - {}
RESULT: {}
COMMAND: POST /session/30ac03326a5f9a3de28018c8504600f8/element - {"using":"xpath","value":"//input[contains(@id ,\"application-managecatalogs-display-component---masterCatalogItems--searchItemsField-I\")]"}
RESULT: {"using":"xpath","value":"//input[contains(@id ,\"application-managecatalogs-display-component---masterCatalogItems--searchItemsField-I\")]"}
COMMAND: POST /session/30ac03326a5f9a3de28018c8504600f8/element/f.EF55CF26A093B7FF9D639938CF36CCE2.d.34455128055479A5C2F87A42ABB970D6.e.1407/value - {"text":"SecondSectionhuxzw"}
RESULT: {"text":"SecondSectionhuxzw"}
COMMAND: POST /session/30ac03326a5f9a3de28018c8504600f8/actions - {"actions":[{"id":"action4","type":"key","parameters":{},"actions":[{"type":"keyDown","value":"î€‡"},{"type":"pause","duration":10},{"type":"keyUp","value":"î€‡"}]}]}
COMMAND: GET /session/30ac03326a5f9a3de28018c8504600f8/screenshot - {}
RESULT: {"actions":[{"id":"action4","type":"key","parameters":{},"actions":[{"type":"keyDown","value":"î€‡"},{"type":"pause","duration":10},{"type":"keyUp","value":"î€‡"}]}]}
COMMAND: GET /session/30ac03326a5f9a3de28018c8504600f8/screenshot - {}
RESULT: {}
RESULT: {}
COMMAND: POST /session/30ac03326a5f9a3de28018c8504600f8/element - {"using":"xpath","value":"(//span[contains(text(), \"SecondSectionhuxzw\")])[1]"}
RESULT: {"using":"xpath","value":"(//span[contains(text(), \"SecondSectionhuxzw\")])[1]"}
COMMAND: POST /session/30ac03326a5f9a3de28018c8504600f8/element/f.EF55CF26A093B7FF9D639938CF36CCE2.d.34455128055479A5C2F87A42ABB970D6.e.1435/click - {}
RESULT: {}
COMMAND: POST /session/30ac03326a5f9a3de28018c8504600f8/execute/async - {"script":"<script> [1562 bytes]","args":[{"selector":{"controlType":"sap.m.Button","viewName":"etm.portal.ui.managecatalogs.view.Detail","viewId":"application-managecatalogs-display-component---detailCatalog","i18NText":{"propertyName":"text","key":"edit"},"interaction":{"idSuffix":"BDI-content"}},"wdio_ui5_key":"etmportal.ui.managecatalogs.view.Detailsap.m.Button{\"propertyName\":\"text\",\"key\":\"edit\"}"}]}
COMMAND: GET /session/30ac03326a5f9a3de28018c8504600f8/screenshot - {}
RESULT: {"script":"<script> [1562 bytes]","args":[{"selector":{"controlType":"sap.m.Button","viewName":"etm.portal.ui.managecatalogs.view.Detail","viewId":"application-managecatalogs-display-component---detailCatalog","i18NText":{"propertyName":"text","key":"edit"},"interaction":{"idSuffix":"BDI-content"}},"wdio_ui5_key":"etmportal.ui.managecatalogs.view.Detailsap.m.Button{\"propertyName\":\"text\",\"key\":\"edit\"}"}]}
RESULT: undefined
COMMAND: POST /session/30ac03326a5f9a3de28018c8504600f8/element - {"using":"xpath","value":"//*[@id=\"__button33\"]"}
RESULT: {}
RESULT: {"using":"xpath","value":"//*[@id=\"__button33\"]"}
COMMAND: POST /session/30ac03326a5f9a3de28018c8504600f8/element/f.EF55CF26A093B7FF9D639938CF36CCE2.d.34455128055479A5C2F87A42ABB970D6.e.1502/click - {}
RESULT: {}
COMMAND: POST /session/30ac03326a5f9a3de28018c8504600f8/execute/async - {"script":"<script> [1562 bytes]","args":[{"selector":{"controlType":"sap.ui.core.Icon","viewName":"etm.portal.ui.managecatalogs.view.Detail","viewId":"application-managecatalogs-display-component---detailCatalog","properties":{"src":{"regex":{"source":"add\\-document"}}}},"wdio_ui5_key":"etmportal.ui.managecatalogs.view.Detailsap.ui.core.Icon{\"src\":{\"regex\":{\"source\":\"add\\\\-document\"}}}"}]}
COMMAND: GET /session/30ac03326a5f9a3de28018c8504600f8/screenshot - {}
RESULT: {"script":"<script> [1562 bytes]","args":[{"selector":{"controlType":"sap.ui.core.Icon","viewName":"etm.portal.ui.managecatalogs.view.Detail","viewId":"application-managecatalogs-display-component---detailCatalog","properties":{"src":{"regex":{"source":"add\\-document"}}}},"wdio_ui5_key":"etmportal.ui.managecatalogs.view.Detailsap.ui.core.Icon{\"src\":{\"regex\":{\"source\":\"add\\\\-document\"}}}"}]}
RESULT: undefined
COMMAND: POST /session/30ac03326a5f9a3de28018c8504600f8/element - {"using":"xpath","value":"//*[@id=\"__button42-img\"]"}
RESULT: {}
RESULT: {"using":"xpath","value":"//*[@id=\"__button42-img\"]"}
COMMAND: POST /session/30ac03326a5f9a3de28018c8504600f8/element/f.EF55CF26A093B7FF9D639938CF36CCE2.d.34455128055479A5C2F87A42ABB970D6.e.1509/click - {}
RESULT: {}
COMMAND: POST /session/30ac03326a5f9a3de28018c8504600f8/execute/async - {"script":"<script> [1562 bytes]","args":[{"selector":{"id":"application-managecatalogs-display-component---detailCatalog--newItemNumberInput","searchOpenDialogs":true,"interaction":{"idSuffix":"inner"}},"wdio_ui5_key":"applicationmanagecatalogs-display-component---detailCatalog--newItemNumberInput"}]}
COMMAND: GET /session/30ac03326a5f9a3de28018c8504600f8/screenshot - {}
RESULT: {"script":"<script> [1562 bytes]","args":[{"selector":{"id":"application-managecatalogs-display-component---detailCatalog--newItemNumberInput","searchOpenDialogs":true,"interaction":{"idSuffix":"inner"}},"wdio_ui5_key":"applicationmanagecatalogs-display-component---detailCatalog--newItemNumberInput"}]}
RESULT: undefined
COMMAND: POST /session/30ac03326a5f9a3de28018c8504600f8/execute/async - {"script":"<script> [776 bytes]","args":[{"enterText":"catalogItem0j8o1","selector":{"id":"application-managecatalogs-display-component---detailCatalog--newItemNumberInput","searchOpenDialogs":true,"interaction":{"idSuffix":"inner"}},"clearTextFirst":true,"interactionType":"ENTER_TEXT"}]}
RESULT: {}
RESULT: {"script":"<script> [776 bytes]","args":[{"enterText":"catalogItem0j8o1","selector":{"id":"application-managecatalogs-display-component---detailCatalog--newItemNumberInput","searchOpenDialogs":true,"interaction":{"idSuffix":"inner"}},"clearTextFirst":true,"interactionType":"ENTER_TEXT"}]}
COMMAND: POST /session/30ac03326a5f9a3de28018c8504600f8/execute/async - {"script":"<script> [1562 bytes]","args":[{"selector":{"controlType":"sap.m.Input","viewName":"etm.portal.ui.managecatalogs.view.Detail","viewId":"application-managecatalogs-display-component---detailCatalog","bindingPath":{"path":"","propertyPath":"/DESCRIPTION"},"searchOpenDialogs":true,"interaction":{"idSuffix":"inner"}},"wdio_ui5_key":"etmportal.ui.managecatalogs.view.Detailsap.m.Input{\"path\":\"\",\"propertyPath\":\"/DESCRIPTION\"}"}]}
RESULT: {"script":"<script> [1562 bytes]","args":[{"selector":{"controlType":"sap.m.Input","viewName":"etm.portal.ui.managecatalogs.view.Detail","viewId":"application-managecatalogs-display-component---detailCatalog","bindingPath":{"path":"","propertyPath":"/DESCRIPTION"},"searchOpenDialogs":true,"interaction":{"idSuffix":"inner"}},"wdio_ui5_key":"etmportal.ui.managecatalogs.view.Detailsap.m.Input{\"path\":\"\",\"propertyPath\":\"/DESCRIPTION\"}"}]}
RESULT: undefined
COMMAND: POST /session/30ac03326a5f9a3de28018c8504600f8/execute/async - {"script":"<script> [776 bytes]","args":[{"enterText":"catalogItemNamef419s","selector":{"controlType":"sap.m.Input","viewName":"etm.portal.ui.managecatalogs.view.Detail","viewId":"application-managecatalogs-display-component---detailCatalog","bindingPath":{"path":"","propertyPath":"/DESCRIPTION"},"searchOpenDialogs":true,"interaction":{"idSuffix":"inner"}},"clearTextFirst":true,"interactionType":"ENTER_TEXT"}]}
RESULT: {"script":"<script> [776 bytes]","args":[{"enterText":"catalogItemNamef419s","selector":{"controlType":"sap.m.Input","viewName":"etm.portal.ui.managecatalogs.view.Detail","viewId":"application-managecatalogs-display-component---detailCatalog","bindingPath":{"path":"","propertyPath":"/DESCRIPTION"},"searchOpenDialogs":true,"interaction":{"idSuffix":"inner"}},"clearTextFirst":true,"interactionType":"ENTER_TEXT"}]}
COMMAND: POST /session/30ac03326a5f9a3de28018c8504600f8/execute/async - {"script":"<script> [1562 bytes]","args":[{"selector":{"controlType":"sap.m.Button","viewName":"etm.portal.ui.managecatalogs.view.Detail","viewId":"application-managecatalogs-display-component---detailCatalog","i18NText":{"propertyName":"text","key":"create"},"searchOpenDialogs":true,"interaction":{"idSuffix":"BDI-content"}},"wdio_ui5_key":"etmportal.ui.managecatalogs.view.Detailsap.m.Button{\"propertyName\":\"text\",\"key\":\"create\"}"}]}
RESULT: {"script":"<script> [1562 bytes]","args":[{"selector":{"controlType":"sap.m.Button","viewName":"etm.portal.ui.managecatalogs.view.Detail","viewId":"application-managecatalogs-display-component---detailCatalog","i18NText":{"propertyName":"text","key":"create"},"searchOpenDialogs":true,"interaction":{"idSuffix":"BDI-content"}},"wdio_ui5_key":"etmportal.ui.managecatalogs.view.Detailsap.m.Button{\"propertyName\":\"text\",\"key\":\"create\"}"}]}
RESULT: undefined
COMMAND: POST /session/30ac03326a5f9a3de28018c8504600f8/element - {"using":"xpath","value":"//*[@id=\"__button17\"]"}
RESULT: {"using":"xpath","value":"//*[@id=\"__button17\"]"}
COMMAND: POST /session/30ac03326a5f9a3de28018c8504600f8/element/f.EF55CF26A093B7FF9D639938CF36CCE2.d.34455128055479A5C2F87A42ABB970D6.e.1519/click - {}
RESULT: {}
COMMAND: GET /session/30ac03326a5f9a3de28018c8504600f8/screenshot - {}
RESULT: {}
COMMAND: POST /session/30ac03326a5f9a3de28018c8504600f8/element - {"using":"xpath","value":"//button[@title=\"Save\"]"}
RESULT: {"using":"xpath","value":"//button[@title=\"Save\"]"}
COMMAND: POST /session/30ac03326a5f9a3de28018c8504600f8/element/f.EF55CF26A093B7FF9D639938CF36CCE2.d.34455128055479A5C2F87A42ABB970D6.e.1520/click - {}
RESULT: {}
COMMAND: GET /session/30ac03326a5f9a3de28018c8504600f8/screenshot - {}
RESULT: {}
COMMAND: POST /session/30ac03326a5f9a3de28018c8504600f8/execute/async - {"script":"<script> [1562 bytes]","args":[{"selector":{"controlType":"sap.ui.core.Icon","viewName":"etm.portal.ui.managecatalogs.view.Detail","viewId":"application-managecatalogs-display-component---detailCatalog","properties":{"src":{"regex":{"source":"decline"}}}},"wdio_ui5_key":"etmportal.ui.managecatalogs.view.Detailsap.ui.core.Icon{\"src\":{\"regex\":{\"source\":\"decline\"}}}"}]}
RESULT: {"script":"<script> [1562 bytes]","args":[{"selector":{"controlType":"sap.ui.core.Icon","viewName":"etm.portal.ui.managecatalogs.view.Detail","viewId":"application-managecatalogs-display-component---detailCatalog","properties":{"src":{"regex":{"source":"decline"}}}},"wdio_ui5_key":"etmportal.ui.managecatalogs.view.Detailsap.ui.core.Icon{\"src\":{\"regex\":{\"source\":\"decline\"}}}"}]}
RESULT: undefined
COMMAND: POST /session/30ac03326a5f9a3de28018c8504600f8/element - {"using":"xpath","value":"//*[@id=\"__button36-img\"]"}
RESULT: {"using":"xpath","value":"//*[@id=\"__button36-img\"]"}
COMMAND: POST /session/30ac03326a5f9a3de28018c8504600f8/element/f.EF55CF26A093B7FF9D639938CF36CCE2.d.34455128055479A5C2F87A42ABB970D6.e.1525/click - {}
RESULT: {}
COMMAND: GET /session/30ac03326a5f9a3de28018c8504600f8/screenshot - {}
RESULT: {}
COMMAND: POST /session/30ac03326a5f9a3de28018c8504600f8/execute/async - {"script":"<script> [1562 bytes]","args":[{"selector":{"controlType":"sap.ui.core.Icon","viewName":"etm.portal.ui.managecatalogs.view.MasterItems","viewId":"application-managecatalogs-display-component---masterCatalogItems","properties":{"src":{"regex":{"source":"refresh"}}}},"wdio_ui5_key":"etmportal.ui.managecatalogs.view.MasterItemssap.ui.core.Icon{\"src\":{\"regex\":{\"source\":\"refresh\"}}}"}]}
RESULT: {"script":"<script> [1562 bytes]","args":[{"selector":{"controlType":"sap.ui.core.Icon","viewName":"etm.portal.ui.managecatalogs.view.MasterItems","viewId":"application-managecatalogs-display-component---masterCatalogItems","properties":{"src":{"regex":{"source":"refresh"}}}},"wdio_ui5_key":"etmportal.ui.managecatalogs.view.MasterItemssap.ui.core.Icon{\"src\":{\"regex\":{\"source\":\"refresh\"}}}"}]}
RESULT: undefined
COMMAND: POST /session/30ac03326a5f9a3de28018c8504600f8/element - {"using":"xpath","value":"//*[@id=\"__button9-img\"]"}
RESULT: {"using":"xpath","value":"//*[@id=\"__button9-img\"]"}
COMMAND: POST /session/30ac03326a5f9a3de28018c8504600f8/element/f.EF55CF26A093B7FF9D639938CF36CCE2.d.34455128055479A5C2F87A42ABB970D6.e.1562/click - {}
RESULT: {}
COMMAND: GET /session/30ac03326a5f9a3de28018c8504600f8/screenshot - {}
RESULT: {}
COMMAND: POST /session/30ac03326a5f9a3de28018c8504600f8/execute/async - {"script":"<script> [1562 bytes]","args":[{"selector":{"id":"application-managecatalogs-display-component---masterCatalogItems--searchItemsField","interaction":{"idSuffix":"I"}},"wdio_ui5_key":"applicationmanagecatalogs-display-component---masterCatalogItems--searchItemsField"}]}
RESULT: {"script":"<script> [1562 bytes]","args":[{"selector":{"id":"application-managecatalogs-display-component---masterCatalogItems--searchItemsField","interaction":{"idSuffix":"I"}},"wdio_ui5_key":"applicationmanagecatalogs-display-component---masterCatalogItems--searchItemsField"}]}
RESULT: undefined
COMMAND: POST /session/30ac03326a5f9a3de28018c8504600f8/execute/async - {"script":"<script> [776 bytes]","args":[{"enterText":"catalogItemNamef419s","selector":{"id":"application-managecatalogs-display-component---masterCatalogItems--searchItemsField","interaction":{"idSuffix":"I"}},"clearTextFirst":true,"interactionType":"ENTER_TEXT"}]}
RESULT: {"script":"<script> [776 bytes]","args":[{"enterText":"catalogItemNamef419s","selector":{"id":"application-managecatalogs-display-component---masterCatalogItems--searchItemsField","interaction":{"idSuffix":"I"}},"clearTextFirst":true,"interactionType":"ENTER_TEXT"}]}
COMMAND: POST /session/30ac03326a5f9a3de28018c8504600f8/actions - {"actions":[{"id":"action5","type":"key","parameters":{},"actions":[{"type":"keyDown","value":"î€‡"},{"type":"pause","duration":10},{"type":"keyUp","value":"î€‡"}]}]}
RESULT: {"actions":[{"id":"action5","type":"key","parameters":{},"actions":[{"type":"keyDown","value":"î€‡"},{"type":"pause","duration":10},{"type":"keyUp","value":"î€‡"}]}]}
COMMAND: POST /session/30ac03326a5f9a3de28018c8504600f8/element - {"using":"xpath","value":"(//span[contains(text(), \"catalogItemNamef419s\")])[1]"}
COMMAND: GET /session/30ac03326a5f9a3de28018c8504600f8/screenshot - {}
RESULT: {"using":"xpath","value":"(//span[contains(text(), \"catalogItemNamef419s\")])[1]"}
COMMAND: POST /session/30ac03326a5f9a3de28018c8504600f8/element/f.EF55CF26A093B7FF9D639938CF36CCE2.d.34455128055479A5C2F87A42ABB970D6.e.1569/click - {}
RESULT: {}
RESULT: {}
COMMAND: GET /session/30ac03326a5f9a3de28018c8504600f8/screenshot - {}
RESULT: {}
COMMAND: POST /session/30ac03326a5f9a3de28018c8504600f8/element - {"using":"xpath","value":"//span[contains(text(), \"catalogItem0j8o1\")]"}
RESULT: {"using":"xpath","value":"//span[contains(text(), \"catalogItem0j8o1\")]"}
COMMAND: GET /session/30ac03326a5f9a3de28018c8504600f8/element/f.EF55CF26A093B7FF9D639938CF36CCE2.d.34455128055479A5C2F87A42ABB970D6.e.1622/text - {}
RESULT: {}
RESULT: undefined
COMMAND: POST /session/30ac03326a5f9a3de28018c8504600f8/element - {"using":"xpath","value":"//*[@id=\"__button33\"]"}
RESULT: {"using":"xpath","value":"//*[@id=\"__button33\"]"}
COMMAND: POST /session/30ac03326a5f9a3de28018c8504600f8/element/f.EF55CF26A093B7FF9D639938CF36CCE2.d.34455128055479A5C2F87A42ABB970D6.e.1610/click - {}
COMMAND: POST /session/30ac03326a5f9a3de28018c8504600f8/element - {"using":"xpath","value":"//*[@id=\"__button33\"]"}
RESULT: {"using":"xpath","value":"//*[@id=\"__button33\"]"}
COMMAND: POST /session/30ac03326a5f9a3de28018c8504600f8/element/f.EF55CF26A093B7FF9D639938CF36CCE2.d.34455128055479A5C2F87A42ABB970D6.e.1610/click - {}
COMMAND: POST /session/30ac03326a5f9a3de28018c8504600f8/element - {"using":"xpath","value":"//*[@id=\"__button33\"]"}
RESULT: {"using":"xpath","value":"//*[@id=\"__button33\"]"}
COMMAND: POST /session/30ac03326a5f9a3de28018c8504600f8/element/f.EF55CF26A093B7FF9D639938CF36CCE2.d.34455128055479A5C2F87A42ABB970D6.e.1633/click - {}
RESULT: {}
COMMAND: GET /session/30ac03326a5f9a3de28018c8504600f8/screenshot - {}
RESULT: {}
COMMAND: POST /session/30ac03326a5f9a3de28018c8504600f8/execute/async - {"script":"<script> [1562 bytes]","args":[{"selector":{"id":"application-managecatalogs-display-component---detailCatalog--BASE_UNIT_OF_MEASURE-arrow"},"wdio_ui5_key":"applicationmanagecatalogs-display-component---detailCatalog--BASE_UNIT_OF_MEASURE-arrow"}]}
RESULT: {"script":"<script> [1562 bytes]","args":[{"selector":{"id":"application-managecatalogs-display-component---detailCatalog--BASE_UNIT_OF_MEASURE-arrow"},"wdio_ui5_key":"applicationmanagecatalogs-display-component---detailCatalog--BASE_UNIT_OF_MEASURE-arrow"}]}
RESULT: undefined
COMMAND: POST /session/30ac03326a5f9a3de28018c8504600f8/element - {"using":"xpath","value":"//*[@id=\"application-managecatalogs-display-component---detailCatalog--BASE_UNIT_OF_MEASURE-arrow\"]"}
RESULT: {"using":"xpath","value":"//*[@id=\"application-managecatalogs-display-component---detailCatalog--BASE_UNIT_OF_MEASURE-arrow\"]"}
COMMAND: POST /session/30ac03326a5f9a3de28018c8504600f8/element/f.EF55CF26A093B7FF9D639938CF36CCE2.d.34455128055479A5C2F87A42ABB970D6.e.1654/click - {}
RESULT: {}
COMMAND: GET /session/30ac03326a5f9a3de28018c8504600f8/screenshot - {}
RESULT: {}
COMMAND: POST /session/30ac03326a5f9a3de28018c8504600f8/execute/async - {"script":"<script> [1562 bytes]","args":[{"selector":{"controlType":"sap.m.StandardListItem","viewName":"etm.portal.ui.managecatalogs.view.Detail","viewId":"application-managecatalogs-display-component---detailCatalog","properties":{"title":"Piece"},"searchOpenDialogs":true,"interaction":{"idSuffix":"titleText"}},"wdio_ui5_key":"etmportal.ui.managecatalogs.view.Detailsap.m.StandardListItem{\"title\":\"Piece\"}"}]}
RESULT: {"script":"<script> [1562 bytes]","args":[{"selector":{"controlType":"sap.m.StandardListItem","viewName":"etm.portal.ui.managecatalogs.view.Detail","viewId":"application-managecatalogs-display-component---detailCatalog","properties":{"title":"Piece"},"searchOpenDialogs":true,"interaction":{"idSuffix":"titleText"}},"wdio_ui5_key":"etmportal.ui.managecatalogs.view.Detailsap.m.StandardListItem{\"title\":\"Piece\"}"}]}
RESULT: undefined
COMMAND: POST /session/30ac03326a5f9a3de28018c8504600f8/element - {"using":"xpath","value":"//*[@id=\"__item262\"]"}
RESULT: {"using":"xpath","value":"//*[@id=\"__item262\"]"}
COMMAND: POST /session/30ac03326a5f9a3de28018c8504600f8/element/f.EF55CF26A093B7FF9D639938CF36CCE2.d.34455128055479A5C2F87A42ABB970D6.e.1656/click - {}
RESULT: {}
COMMAND: POST /session/30ac03326a5f9a3de28018c8504600f8/execute/async - {"script":"<script> [1562 bytes]","args":[{"selector":{"controlType":"sap.ui.core.Icon","viewName":"etm.portal.ui.managecatalogs.view.Detail","viewId":"application-managecatalogs-display-component---detailCatalog","properties":{"src":{"regex":{"source":"add"}}},"ancestor":{"controlType":"sap.m.Button","viewName":"etm.portal.ui.managecatalogs.view.Detail","viewId":"application-managecatalogs-display-component---detailCatalog","i18NText":{"propertyName":"tooltip","key":"addClass"}}},"wdio_ui5_key":"etmportal.ui.managecatalogs.view.Detailsap.ui.core.Icon{\"src\":{\"regex\":{\"source\":\"add\"}}}{\"controlType\":\"sap.m.Button\",\"viewName\":\"etm.portal.ui.managecatalogs.view.Detail\",\"viewId\":\"application-managecatalogs-display-component---detailCatalog\",\"i18NText\":{\"propertyName\":\"tooltip\",\"key\":\"addClass\"}}"}]}
COMMAND: GET /session/30ac03326a5f9a3de28018c8504600f8/screenshot - {}
RESULT: {"script":"<script> [1562 bytes]","args":[{"selector":{"controlType":"sap.ui.core.Icon","viewName":"etm.portal.ui.managecatalogs.view.Detail","viewId":"application-managecatalogs-display-component---detailCatalog","properties":{"src":{"regex":{"source":"add"}}},"ancestor":{"controlType":"sap.m.Button","viewName":"etm.portal.ui.managecatalogs.view.Detail","viewId":"application-managecatalogs-display-component---detailCatalog","i18NText":{"propertyName":"tooltip","key":"addClass"}}},"wdio_ui5_key":"etmportal.ui.managecatalogs.view.Detailsap.ui.core.Icon{\"src\":{\"regex\":{\"source\":\"add\"}}}{\"controlType\":\"sap.m.Button\",\"viewName\":\"etm.portal.ui.managecatalogs.view.Detail\",\"viewId\":\"application-managecatalogs-display-component---detailCatalog\",\"i18NText\":{\"propertyName\":\"tooltip\",\"key\":\"addClass\"}}"}]}
RESULT: undefined
COMMAND: POST /session/30ac03326a5f9a3de28018c8504600f8/element - {"using":"xpath","value":"//*[@id=\"__button39-img\"]"}
RESULT: {}
RESULT: {"using":"xpath","value":"//*[@id=\"__button39-img\"]"}
COMMAND: POST /session/30ac03326a5f9a3de28018c8504600f8/element/f.EF55CF26A093B7FF9D639938CF36CCE2.d.34455128055479A5C2F87A42ABB970D6.e.1657/click - {}
RESULT: {}
COMMAND: GET /session/30ac03326a5f9a3de28018c8504600f8/screenshot - {}
RESULT: {}
COMMAND: POST /session/30ac03326a5f9a3de28018c8504600f8/element - {"using":"xpath","value":"//input[contains(@id ,\"searchField-I\")]"}
RESULT: {"using":"xpath","value":"//input[contains(@id ,\"searchField-I\")]"}
COMMAND: POST /session/30ac03326a5f9a3de28018c8504600f8/element/f.EF55CF26A093B7FF9D639938CF36CCE2.d.34455128055479A5C2F87A42ABB970D6.e.1661/value - {"text":"WebdriverYardClass6toua"}
RESULT: {"text":"WebdriverYardClass6toua"}
COMMAND: POST /session/30ac03326a5f9a3de28018c8504600f8/actions - {"actions":[{"id":"action6","type":"key","parameters":{},"actions":[{"type":"keyDown","value":"î€‡"},{"type":"pause","duration":10},{"type":"keyUp","value":"î€‡"}]}]}
COMMAND: GET /session/30ac03326a5f9a3de28018c8504600f8/screenshot - {}
RESULT: {"actions":[{"id":"action6","type":"key","parameters":{},"actions":[{"type":"keyDown","value":"î€‡"},{"type":"pause","duration":10},{"type":"keyUp","value":"î€‡"}]}]}
COMMAND: GET /session/30ac03326a5f9a3de28018c8504600f8/screenshot - {}
RESULT: {}
RESULT: {}
COMMAND: POST /session/30ac03326a5f9a3de28018c8504600f8/element - {"using":"xpath","value":"//span[contains(text(), \"WebdriverYardClass6toua\")]"}
RESULT: {"using":"xpath","value":"//span[contains(text(), \"WebdriverYardClass6toua\")]"}
COMMAND: POST /session/30ac03326a5f9a3de28018c8504600f8/element/f.EF55CF26A093B7FF9D639938CF36CCE2.d.34455128055479A5C2F87A42ABB970D6.e.1696/click - {}
RESULT: {}
COMMAND: GET /session/30ac03326a5f9a3de28018c8504600f8/screenshot - {}
RESULT: {}
COMMAND: POST /session/30ac03326a5f9a3de28018c8504600f8/execute/async - {"script":"<script> [1562 bytes]","args":[{"selector":{"controlType":"sap.m.Button","viewName":"etm.portal.ui.managecatalogs.view.Detail","viewId":"application-managecatalogs-display-component---detailCatalog","properties":{"text":"Classification"},"interaction":{"idSuffix":"BDI-content"}},"wdio_ui5_key":"etmportal.ui.managecatalogs.view.Detailsap.m.Button{\"text\":\"Classification\"}"}]}
RESULT: {"script":"<script> [1562 bytes]","args":[{"selector":{"controlType":"sap.m.Button","viewName":"etm.portal.ui.managecatalogs.view.Detail","viewId":"application-managecatalogs-display-component---detailCatalog","properties":{"text":"Classification"},"interaction":{"idSuffix":"BDI-content"}},"wdio_ui5_key":"etmportal.ui.managecatalogs.view.Detailsap.m.Button{\"text\":\"Classification\"}"}]}
RESULT: undefined
COMMAND: POST /session/30ac03326a5f9a3de28018c8504600f8/element - {"using":"xpath","value":"//*[@id=\"application-managecatalogs-display-component---detailCatalog--ObjectPageLayout-anchBar-__section3-anchor\"]"}
RESULT: {"using":"xpath","value":"//*[@id=\"application-managecatalogs-display-component---detailCatalog--ObjectPageLayout-anchBar-__section3-anchor\"]"}
COMMAND: POST /session/30ac03326a5f9a3de28018c8504600f8/element/f.EF55CF26A093B7FF9D639938CF36CCE2.d.34455128055479A5C2F87A42ABB970D6.e.1703/click - {}
RESULT: {}
COMMAND: GET /session/30ac03326a5f9a3de28018c8504600f8/screenshot - {}
RESULT: {}
COMMAND: POST /session/30ac03326a5f9a3de28018c8504600f8/element - {"using":"xpath","value":"//span[contains(@id ,\"expandButton-img\")]"}
RESULT: {"using":"xpath","value":"//span[contains(@id ,\"expandButton-img\")]"}
COMMAND: POST /session/30ac03326a5f9a3de28018c8504600f8/element/f.EF55CF26A093B7FF9D639938CF36CCE2.d.34455128055479A5C2F87A42ABB970D6.e.1709/click - {}
RESULT: {}
COMMAND: POST /session/30ac03326a5f9a3de28018c8504600f8/execute/async - {"script":"<script> [1562 bytes]","args":[{"selector":{"controlType":"sap.m.CheckBox","viewName":"etm.portal.ui.managecatalogs.view.Detail","viewId":"application-managecatalogs-display-component---detailCatalog","bindingPath":{"path":"/data/0/PROPERTIES/0","propertyPath":"SELECTED","modelName":"classModel"},"interaction":{"idSuffix":"CbBg"}},"wdio_ui5_key":"etmportal.ui.managecatalogs.view.Detailsap.m.CheckBox{\"path\":\"/data/0/PROPERTIES/0\",\"propertyPath\":\"SELECTED\",\"modelName\":\"classModel\"}"}]}
COMMAND: GET /session/30ac03326a5f9a3de28018c8504600f8/screenshot - {}
RESULT: {"script":"<script> [1562 bytes]","args":[{"selector":{"controlType":"sap.m.CheckBox","viewName":"etm.portal.ui.managecatalogs.view.Detail","viewId":"application-managecatalogs-display-component---detailCatalog","bindingPath":{"path":"/data/0/PROPERTIES/0","propertyPath":"SELECTED","modelName":"classModel"},"interaction":{"idSuffix":"CbBg"}},"wdio_ui5_key":"etmportal.ui.managecatalogs.view.Detailsap.m.CheckBox{\"path\":\"/data/0/PROPERTIES/0\",\"propertyPath\":\"SELECTED\",\"modelName\":\"classModel\"}"}]}
RESULT: undefined
COMMAND: POST /session/30ac03326a5f9a3de28018c8504600f8/element - {"using":"xpath","value":"//*[@id=\"__box32\"]"}
RESULT: {}
RESULT: {"using":"xpath","value":"//*[@id=\"__box32\"]"}
COMMAND: POST /session/30ac03326a5f9a3de28018c8504600f8/element/f.EF55CF26A093B7FF9D639938CF36CCE2.d.34455128055479A5C2F87A42ABB970D6.e.1724/click - {}
RESULT: {}
RESULT: undefined
COMMAND: POST /session/30ac03326a5f9a3de28018c8504600f8/execute/async - {"script":"<script> [6424 bytes]","args":[{"element-6066-11e4-a52e-4f735466cecf":"f.EF55CF26A093B7FF9D639938CF36CCE2.d.34455128055479A5C2F87A42ABB970D6.e.1722"},"getSelected",[]]}
COMMAND: GET /session/30ac03326a5f9a3de28018c8504600f8/screenshot - {}
RESULT: {}
RESULT: {"script":"<script> [6424 bytes]","args":[{"element-6066-11e4-a52e-4f735466cecf":"f.EF55CF26A093B7FF9D639938CF36CCE2.d.34455128055479A5C2F87A42ABB970D6.e.1722"},"getSelected",[]]}
COMMAND: POST /session/30ac03326a5f9a3de28018c8504600f8/execute/async - {"script":"<script> [1562 bytes]","args":[{"selector":{"controlType":"sap.m.Button","viewName":"etm.portal.ui.managecatalogs.view.Detail","viewId":"application-managecatalogs-display-component---detailCatalog","i18NText":{"propertyName":"text","key":"save"},"interaction":{"idSuffix":"BDI-content"}},"wdio_ui5_key":"etmportal.ui.managecatalogs.view.Detailsap.m.Button{\"propertyName\":\"text\",\"key\":\"save\"}"}]}
RESULT: {"script":"<script> [1562 bytes]","args":[{"selector":{"controlType":"sap.m.Button","viewName":"etm.portal.ui.managecatalogs.view.Detail","viewId":"application-managecatalogs-display-component---detailCatalog","i18NText":{"propertyName":"text","key":"save"},"interaction":{"idSuffix":"BDI-content"}},"wdio_ui5_key":"etmportal.ui.managecatalogs.view.Detailsap.m.Button{\"propertyName\":\"text\",\"key\":\"save\"}"}]}
RESULT: undefined
COMMAND: POST /session/30ac03326a5f9a3de28018c8504600f8/element - {"using":"xpath","value":"//*[@id=\"__button51\"]"}
RESULT: {"using":"xpath","value":"//*[@id=\"__button51\"]"}
COMMAND: POST /session/30ac03326a5f9a3de28018c8504600f8/element/f.EF55CF26A093B7FF9D639938CF36CCE2.d.34455128055479A5C2F87A42ABB970D6.e.1636/click - {}
RESULT: {}
COMMAND: GET /session/30ac03326a5f9a3de28018c8504600f8/screenshot - {}
RESULT: {}
COMMAND: POST /session/30ac03326a5f9a3de28018c8504600f8/element - {"using":"css selector","value":"#shell-header-logo"}
RESULT: {"using":"css selector","value":"#shell-header-logo"}
COMMAND: POST /session/30ac03326a5f9a3de28018c8504600f8/element/f.EF55CF26A093B7FF9D639938CF36CCE2.d.34455128055479A5C2F87A42ABB970D6.e.1385/click - {}
RESULT: {}
COMMAND: GET /session/30ac03326a5f9a3de28018c8504600f8/screenshot - {}
RESULT: {}
]]></system-out>
    </testcase>
  </testsuite>
  <testsuite timestamp="2025-04-24T15:59:48" time="13.451" tests="1" failures="1" errors="1" skipped="0">
    <properties>
      <property name="specId" value="0" />
      <property name="suiteName" value="Catalogs section" />
      <property name="capabilities" value="chrome.135_0_7049_96.windows" />
      <property name="file" value="file:///D:/a/1/s/test/specs/R2C/manage-catalogs-values-section.spec.js" />
    </properties>
  </testsuite>
  <testsuite timestamp="2025-04-24T16:00:01" time="60.114" tests="1" failures="1" errors="1" skipped="0">
    <properties>
      <property name="specId" value="0" />
      <property name="suiteName" value="Verify RU inventory split cost information US139363" />
      <property name="capabilities" value="chrome.135_0_7049_96.windows" />
      <property name="file" value="file:///D:/a/1/s/test/specs/R2C/verify-ru-inventory-split-cost-information.spec.js" />
    </properties>
  </testsuite>
</testsuites>